<?xml version="1.0" encoding="UTF-8"?>
<testsuite xmlns:xsi="http://www.w3.org/2001/XMLSchema-instance" xsi:noNamespaceSchemaLocation="https://maven.apache.org/surefire/maven-surefire-plugin/xsd/surefire-test-report.xsd" name="org.apache.hadoop.ozone.client.rpc.TestMultiBlockWritesWithDnFailures" time="279.782" tests="2" errors="2" skipped="0" failures="0">
  <properties>
    <property name="awt.toolkit" value="sun.awt.X11.XToolkit"/>
    <property name="file.encoding.pkg" value="sun.io"/>
    <property name="java.specification.version" value="1.8"/>
    <property name="sun.cpu.isalist" value=""/>
    <property name="sun.jnu.encoding" value="UTF-8"/>
    <property name="java.class.path" value="/workdir/hadoop-ozone/integration-test/target/test-classes:/workdir/hadoop-ozone/integration-test/target/classes:/home/user/.m2/repository/org/apache/hadoop/hadoop-ozone-common/0.5.0-SNAPSHOT/hadoop-ozone-common-0.5.0-SNAPSHOT.jar:/home/user/.m2/repository/org/apache/commons/commons-compress/1.4.1/commons-compress-1.4.1.jar:/home/user/.m2/repository/org/tukaani/xz/1.0/xz-1.0.jar:/home/user/.m2/repository/org/apache/hadoop/hadoop-common/3.2.0/hadoop-common-3.2.0.jar:/home/user/.m2/repository/org/apache/hadoop/hadoop-hdfs/3.2.0/hadoop-hdfs-3.2.0.jar:/home/user/.m2/repository/org/apache/hadoop/hadoop-hdfs-client/3.2.0/hadoop-hdfs-client-3.2.0.jar:/home/user/.m2/repository/com/fasterxml/jackson/core/jackson-annotations/2.9.9/jackson-annotations-2.9.9.jar:/home/user/.m2/repository/org/apache/hadoop/hadoop-hdds-common/0.5.0-SNAPSHOT/hadoop-hdds-common-0.5.0-SNAPSHOT.jar:/home/user/.m2/repository/javax/annotation/javax.annotation-api/1.2/javax.annotation-api-1.2.jar:/home/user/.m2/repository/org/apache/ratis/ratis-server/0.4.0/ratis-server-0.4.0.jar:/home/user/.m2/repository/org/apache/ratis/ratis-thirdparty-misc/0.2.0/ratis-thirdparty-misc-0.2.0.jar:/home/user/.m2/repository/org/apache/ratis/ratis-proto/0.4.0/ratis-proto-0.4.0.jar:/home/user/.m2/repository/org/apache/ratis/ratis-common/0.4.0/ratis-common-0.4.0.jar:/home/user/.m2/repository/org/apache/ratis/ratis-client/0.4.0/ratis-client-0.4.0.jar:/home/user/.m2/repository/org/apache/ratis/ratis-metrics/0.4.0/ratis-metrics-0.4.0.jar:/home/user/.m2/repository/com/github/joshelser/dropwizard-metrics-hadoop-metrics2-reporter/0.1.2/dropwizard-metrics-hadoop-metrics2-reporter-0.1.2.jar:/home/user/.m2/repository/io/dropwizard/metrics/metrics-jvm/3.2.5/metrics-jvm-3.2.5.jar:/home/user/.m2/repository/io/dropwizard/metrics/metrics-ganglia/3.2.5/metrics-ganglia-3.2.5.jar:/home/user/.m2/repository/info/ganglia/gmetric4j/gmetric4j/1.0.7/gmetric4j-1.0.7.jar:/home/user/.m2/repository/org/apache/ratis/ratis-netty/0.4.0/ratis-netty-0.4.0.jar:/home/user/.m2/repository/org/apache/ratis/ratis-grpc/0.4.0/ratis-grpc-0.4.0.jar:/home/user/.m2/repository/org/rocksdb/rocksdbjni/6.0.1/rocksdbjni-6.0.1.jar:/home/user/.m2/repository/org/apache/logging/log4j/log4j-api/2.11.0/log4j-api-2.11.0.jar:/home/user/.m2/repository/org/apache/logging/log4j/log4j-core/2.11.0/log4j-core-2.11.0.jar:/home/user/.m2/repository/com/lmax/disruptor/3.4.2/disruptor-3.4.2.jar:/home/user/.m2/repository/org/apache/commons/commons-pool2/2.6.0/commons-pool2-2.6.0.jar:/home/user/.m2/repository/org/bouncycastle/bcpkix-jdk15on/1.60/bcpkix-jdk15on-1.60.jar:/home/user/.m2/repository/commons-validator/commons-validator/1.6/commons-validator-1.6.jar:/home/user/.m2/repository/commons-digester/commons-digester/1.8.1/commons-digester-1.8.1.jar:/home/user/.m2/repository/io/jaegertracing/jaeger-client/0.34.0/jaeger-client-0.34.0.jar:/home/user/.m2/repository/io/jaegertracing/jaeger-thrift/0.34.0/jaeger-thrift-0.34.0.jar:/home/user/.m2/repository/org/apache/thrift/libthrift/0.12.0/libthrift-0.12.0.jar:/home/user/.m2/repository/com/squareup/okhttp3/okhttp/3.9.0/okhttp-3.9.0.jar:/home/user/.m2/repository/com/squareup/okio/okio/1.13.0/okio-1.13.0.jar:/home/user/.m2/repository/io/jaegertracing/jaeger-core/0.34.0/jaeger-core-0.34.0.jar:/home/user/.m2/repository/io/jaegertracing/jaeger-tracerresolver/0.34.0/jaeger-tracerresolver-0.34.0.jar:/home/user/.m2/repository/io/opentracing/contrib/opentracing-tracerresolver/0.1.5/opentracing-tracerresolver-0.1.5.jar:/home/user/.m2/repository/io/opentracing/opentracing-util/0.31.0/opentracing-util-0.31.0.jar:/home/user/.m2/repository/io/opentracing/opentracing-api/0.31.0/opentracing-api-0.31.0.jar:/home/user/.m2/repository/io/opentracing/opentracing-noop/0.31.0/opentracing-noop-0.31.0.jar:/home/user/.m2/repository/org/apache/hadoop/hadoop-hdds-server-framework/0.5.0-SNAPSHOT/hadoop-hdds-server-framework-0.5.0-SNAPSHOT.jar:/home/user/.m2/repository/org/apache/hadoop/hadoop-hdds-container-service/0.5.0-SNAPSHOT/hadoop-hdds-container-service-0.5.0-SNAPSHOT.jar:/home/user/.m2/repository/org/apache/hadoop/hadoop-hdds-client/0.5.0-SNAPSHOT/hadoop-hdds-client-0.5.0-SNAPSHOT.jar:/home/user/.m2/repository/org/apache/hadoop/hadoop-hdds-tools/0.5.0-SNAPSHOT/hadoop-hdds-tools-0.5.0-SNAPSHOT.jar:/home/user/.m2/repository/org/apache/hadoop/hadoop-hdds-server-scm/0.5.0-SNAPSHOT/hadoop-hdds-server-scm-0.5.0-SNAPSHOT.jar:/home/user/.m2/repository/org/apache/hadoop/hadoop-hdds-docs/0.5.0-SNAPSHOT/hadoop-hdds-docs-0.5.0-SNAPSHOT.jar:/home/user/.m2/repository/io/dropwizard/metrics/metrics-core/3.2.4/metrics-core-3.2.4.jar:/home/user/.m2/repository/org/hamcrest/hamcrest-all/1.3/hamcrest-all-1.3.jar:/home/user/.m2/repository/org/bouncycastle/bcprov-jdk15on/1.60/bcprov-jdk15on-1.60.jar:/home/user/.m2/repository/info/picocli/picocli/3.9.6/picocli-3.9.6.jar:/home/user/.m2/repository/com/google/protobuf/protobuf-java/2.5.0/protobuf-java-2.5.0.jar:/home/user/.m2/repository/com/google/guava/guava/11.0.2/guava-11.0.2.jar:/home/user/.m2/repository/org/apache/hadoop/hadoop-ozone-ozone-manager/0.5.0-SNAPSHOT/hadoop-ozone-ozone-manager-0.5.0-SNAPSHOT.jar:/home/user/.m2/repository/org/apache/hadoop/hadoop-minikdc/3.2.0/hadoop-minikdc-3.2.0.jar:/home/user/.m2/repository/commons-io/commons-io/2.5/commons-io-2.5.jar:/home/user/.m2/repository/org/apache/kerby/kerb-simplekdc/1.0.1/kerb-simplekdc-1.0.1.jar:/home/user/.m2/repository/org/apache/kerby/kerb-client/1.0.1/kerb-client-1.0.1.jar:/home/user/.m2/repository/org/apache/kerby/kerby-config/1.0.1/kerby-config-1.0.1.jar:/home/user/.m2/repository/org/apache/kerby/kerb-core/1.0.1/kerb-core-1.0.1.jar:/home/user/.m2/repository/org/apache/kerby/kerby-pkix/1.0.1/kerby-pkix-1.0.1.jar:/home/user/.m2/repository/org/apache/kerby/kerby-asn1/1.0.1/kerby-asn1-1.0.1.jar:/home/user/.m2/repository/org/apache/kerby/kerby-util/1.0.1/kerby-util-1.0.1.jar:/home/user/.m2/repository/org/apache/kerby/kerb-common/1.0.1/kerb-common-1.0.1.jar:/home/user/.m2/repository/org/apache/kerby/kerb-crypto/1.0.1/kerb-crypto-1.0.1.jar:/home/user/.m2/repository/org/apache/kerby/kerb-util/1.0.1/kerb-util-1.0.1.jar:/home/user/.m2/repository/org/apache/kerby/token-provider/1.0.1/token-provider-1.0.1.jar:/home/user/.m2/repository/org/apache/kerby/kerb-admin/1.0.1/kerb-admin-1.0.1.jar:/home/user/.m2/repository/org/apache/kerby/kerb-server/1.0.1/kerb-server-1.0.1.jar:/home/user/.m2/repository/org/apache/kerby/kerb-identity/1.0.1/kerb-identity-1.0.1.jar:/home/user/.m2/repository/org/apache/kerby/kerby-xdr/1.0.1/kerby-xdr-1.0.1.jar:/home/user/.m2/repository/org/slf4j/slf4j-log4j12/1.7.25/slf4j-log4j12-1.7.25.jar:/home/user/.m2/repository/org/apache/hadoop/hadoop-ozone-s3gateway/0.5.0-SNAPSHOT/hadoop-ozone-s3gateway-0.5.0-SNAPSHOT.jar:/home/user/.m2/repository/org/jboss/weld/servlet/weld-servlet/2.4.7.Final/weld-servlet-2.4.7.Final.jar:/home/user/.m2/repository/org/glassfish/jersey/containers/jersey-container-servlet-core/2.27/jersey-container-servlet-core-2.27.jar:/home/user/.m2/repository/org/glassfish/hk2/external/javax.inject/2.5.0-b42/javax.inject-2.5.0-b42.jar:/home/user/.m2/repository/org/glassfish/jersey/core/jersey-common/2.27/jersey-common-2.27.jar:/home/user/.m2/repository/org/glassfish/hk2/osgi-resource-locator/1.0.1/osgi-resource-locator-1.0.1.jar:/home/user/.m2/repository/javax/ws/rs/javax.ws.rs-api/2.1/javax.ws.rs-api-2.1.jar:/home/user/.m2/repository/org/glassfish/jersey/ext/cdi/jersey-cdi1x/2.27/jersey-cdi1x-2.27.jar:/home/user/.m2/repository/org/glassfish/jersey/inject/jersey-hk2/2.27/jersey-hk2-2.27.jar:/home/user/.m2/repository/org/glassfish/hk2/hk2-locator/2.5.0-b42/hk2-locator-2.5.0-b42.jar:/home/user/.m2/repository/org/javassist/javassist/3.22.0-CR2/javassist-3.22.0-CR2.jar:/home/user/.m2/repository/org/glassfish/hk2/hk2-api/2.5.0/hk2-api-2.5.0.jar:/home/user/.m2/repository/org/glassfish/hk2/external/jakarta.inject/2.5.0/jakarta.inject-2.5.0.jar:/home/user/.m2/repository/org/glassfish/hk2/hk2-utils/2.5.0/hk2-utils-2.5.0.jar:/home/user/.m2/repository/jakarta/annotation/jakarta.annotation-api/1.3.4/jakarta.annotation-api-1.3.4.jar:/home/user/.m2/repository/org/glassfish/hk2/external/aopalliance-repackaged/2.5.0/aopalliance-repackaged-2.5.0.jar:/home/user/.m2/repository/com/fasterxml/jackson/dataformat/jackson-dataformat-xml/2.9.0/jackson-dataformat-xml-2.9.0.jar:/home/user/.m2/repository/com/fasterxml/jackson/core/jackson-core/2.9.9/jackson-core-2.9.9.jar:/home/user/.m2/repository/com/fasterxml/jackson/module/jackson-module-jaxb-annotations/2.9.9/jackson-module-jaxb-annotations-2.9.9.jar:/home/user/.m2/repository/javax/enterprise/cdi-api/1.2/cdi-api-1.2.jar:/home/user/.m2/repository/javax/el/javax.el-api/3.0.0/javax.el-api-3.0.0.jar:/home/user/.m2/repository/javax/interceptor/javax.interceptor-api/1.2/javax.interceptor-api-1.2.jar:/home/user/.m2/repository/javax/inject/javax.inject/1/javax.inject-1.jar:/home/user/.m2/repository/com/sun/xml/bind/jaxb-impl/2.3.0.1/jaxb-impl-2.3.0.1.jar:/home/user/.m2/repository/com/sun/xml/bind/jaxb-core/2.3.0.1/jaxb-core-2.3.0.1.jar:/home/user/.m2/repository/javax/xml/bind/jaxb-api/2.3.0/jaxb-api-2.3.0.jar:/home/user/.m2/repository/javax/activation/activation/1.1.1/activation-1.1.1.jar:/home/user/.m2/repository/org/apache/hadoop/hadoop-ozone-csi/0.5.0-SNAPSHOT/hadoop-ozone-csi-0.5.0-SNAPSHOT.jar:/home/user/.m2/repository/com/google/protobuf/protobuf-java-util/3.5.1/protobuf-java-util-3.5.1.jar:/home/user/.m2/repository/org/apache/hadoop/hadoop-hdds-config/0.5.0-SNAPSHOT/hadoop-hdds-config-0.5.0-SNAPSHOT.jar:/home/user/.m2/repository/io/grpc/grpc-netty/1.17.1/grpc-netty-1.17.1.jar:/home/user/.m2/repository/io/grpc/grpc-core/1.17.1/grpc-core-1.17.1.jar:/home/user/.m2/repository/io/grpc/grpc-context/1.17.1/grpc-context-1.17.1.jar:/home/user/.m2/repository/com/google/errorprone/error_prone_annotations/2.2.0/error_prone_annotations-2.2.0.jar:/home/user/.m2/repository/org/codehaus/mojo/animal-sniffer-annotations/1.17/animal-sniffer-annotations-1.17.jar:/home/user/.m2/repository/io/opencensus/opencensus-api/0.17.0/opencensus-api-0.17.0.jar:/home/user/.m2/repository/io/opencensus/opencensus-contrib-grpc-metrics/0.17.0/opencensus-contrib-grpc-metrics-0.17.0.jar:/home/user/.m2/repository/io/netty/netty-codec-http2/4.1.30.Final/netty-codec-http2-4.1.30.Final.jar:/home/user/.m2/repository/io/netty/netty-codec-http/4.1.30.Final/netty-codec-http-4.1.30.Final.jar:/home/user/.m2/repository/io/netty/netty-codec/4.1.30.Final/netty-codec-4.1.30.Final.jar:/home/user/.m2/repository/io/netty/netty-handler/4.1.30.Final/netty-handler-4.1.30.Final.jar:/home/user/.m2/repository/io/netty/netty-handler-proxy/4.1.30.Final/netty-handler-proxy-4.1.30.Final.jar:/home/user/.m2/repository/io/netty/netty-codec-socks/4.1.30.Final/netty-codec-socks-4.1.30.Final.jar:/home/user/.m2/repository/io/netty/netty-transport-native-epoll/4.1.30.Final/netty-transport-native-epoll-4.1.30.Final.jar:/home/user/.m2/repository/io/netty/netty-common/4.1.30.Final/netty-common-4.1.30.Final.jar:/home/user/.m2/repository/io/netty/netty-buffer/4.1.30.Final/netty-buffer-4.1.30.Final.jar:/home/user/.m2/repository/io/netty/netty-transport/4.1.30.Final/netty-transport-4.1.30.Final.jar:/home/user/.m2/repository/io/netty/netty-resolver/4.1.30.Final/netty-resolver-4.1.30.Final.jar:/home/user/.m2/repository/io/netty/netty-transport-native-unix-common/4.1.30.Final/netty-transport-native-unix-common-4.1.30.Final.jar:/home/user/.m2/repository/io/grpc/grpc-protobuf/1.17.1/grpc-protobuf-1.17.1.jar:/home/user/.m2/repository/com/google/api/grpc/proto-google-common-protos/1.0.0/proto-google-common-protos-1.0.0.jar:/home/user/.m2/repository/io/grpc/grpc-protobuf-lite/1.17.1/grpc-protobuf-lite-1.17.1.jar:/home/user/.m2/repository/io/grpc/grpc-stub/1.17.1/grpc-stub-1.17.1.jar:/home/user/.m2/repository/org/apache/hadoop/hadoop-ozone-recon/0.5.0-SNAPSHOT/hadoop-ozone-recon-0.5.0-SNAPSHOT.jar:/home/user/.m2/repository/org/apache/hadoop/hadoop-ozone-reconcodegen/0.5.0-SNAPSHOT/hadoop-ozone-reconcodegen-0.5.0-SNAPSHOT.jar:/home/user/.m2/repository/com/google/inject/extensions/guice-multibindings/4.0/guice-multibindings-4.0.jar:/home/user/.m2/repository/com/google/inject/guice/4.0/guice-4.0.jar:/home/user/.m2/repository/aopalliance/aopalliance/1.0/aopalliance-1.0.jar:/home/user/.m2/repository/com/google/inject/extensions/guice-servlet/4.0/guice-servlet-4.0.jar:/home/user/.m2/repository/org/glassfish/jersey/containers/jersey-container-servlet/2.27/jersey-container-servlet-2.27.jar:/home/user/.m2/repository/org/glassfish/hk2/guice-bridge/2.5.0/guice-bridge-2.5.0.jar:/home/user/.m2/repository/org/glassfish/jersey/core/jersey-server/2.27/jersey-server-2.27.jar:/home/user/.m2/repository/org/glassfish/jersey/core/jersey-client/2.27/jersey-client-2.27.jar:/home/user/.m2/repository/org/glassfish/jersey/media/jersey-media-jaxb/2.27/jersey-media-jaxb-2.27.jar:/home/user/.m2/repository/javax/validation/validation-api/1.1.0.Final/validation-api-1.1.0.Final.jar:/home/user/.m2/repository/org/glassfish/jersey/media/jersey-media-json-jackson/2.27/jersey-media-json-jackson-2.27.jar:/home/user/.m2/repository/org/glassfish/jersey/ext/jersey-entity-filtering/2.27/jersey-entity-filtering-2.27.jar:/home/user/.m2/repository/com/google/inject/extensions/guice-assistedinject/4.0/guice-assistedinject-4.0.jar:/home/user/.m2/repository/org/jooq/jooq/3.11.10/jooq-3.11.10.jar:/home/user/.m2/repository/org/jooq/jooq-meta/3.11.10/jooq-meta-3.11.10.jar:/home/user/.m2/repository/org/jooq/jooq-codegen/3.11.10/jooq-codegen-3.11.10.jar:/home/user/.m2/repository/com/jolbox/bonecp/0.8.0.RELEASE/bonecp-0.8.0.RELEASE.jar:/home/user/.m2/repository/org/xerial/sqlite-jdbc/3.25.2/sqlite-jdbc-3.25.2.jar:/home/user/.m2/repository/org/springframework/spring-jdbc/5.1.3.RELEASE/spring-jdbc-5.1.3.RELEASE.jar:/home/user/.m2/repository/org/springframework/spring-beans/5.1.3.RELEASE/spring-beans-5.1.3.RELEASE.jar:/home/user/.m2/repository/org/springframework/spring-core/5.1.3.RELEASE/spring-core-5.1.3.RELEASE.jar:/home/user/.m2/repository/org/springframework/spring-jcl/5.1.3.RELEASE/spring-jcl-5.1.3.RELEASE.jar:/home/user/.m2/repository/org/springframework/spring-tx/5.1.3.RELEASE/spring-tx-5.1.3.RELEASE.jar:/home/user/.m2/repository/org/apache/hadoop/hadoop-ozone-client/0.5.0-SNAPSHOT/hadoop-ozone-client-0.5.0-SNAPSHOT.jar:/home/user/.m2/repository/commons-lang/commons-lang/2.6/commons-lang-2.6.jar:/home/user/.m2/repository/org/apache/hadoop/hadoop-ozone-ozone-manager/0.5.0-SNAPSHOT/hadoop-ozone-ozone-manager-0.5.0-SNAPSHOT-tests.jar:/home/user/.m2/repository/junit/junit/4.11/junit-4.11.jar:/home/user/.m2/repository/org/hamcrest/hamcrest-core/1.3/hamcrest-core-1.3.jar:/home/user/.m2/repository/org/openjdk/jmh/jmh-core/1.19/jmh-core-1.19.jar:/home/user/.m2/repository/net/sf/jopt-simple/jopt-simple/4.6/jopt-simple-4.6.jar:/home/user/.m2/repository/org/apache/commons/commons-math3/3.1.1/commons-math3-3.1.1.jar:/home/user/.m2/repository/org/openjdk/jmh/jmh-generator-annprocess/1.19/jmh-generator-annprocess-1.19.jar:/home/user/.m2/repository/org/mockito/mockito-all/1.8.5/mockito-all-1.8.5.jar:/home/user/.m2/repository/org/apache/hadoop/hadoop-kms/3.2.0/hadoop-kms-3.2.0.jar:/home/user/.m2/repository/org/apache/hadoop/hadoop-auth/3.2.0/hadoop-auth-3.2.0.jar:/home/user/.m2/repository/com/nimbusds/nimbus-jose-jwt/4.41.1/nimbus-jose-jwt-4.41.1.jar:/home/user/.m2/repository/com/github/stephenc/jcip/jcip-annotations/1.0-1/jcip-annotations-1.0-1.jar:/home/user/.m2/repository/net/minidev/json-smart/2.3/json-smart-2.3.jar:/home/user/.m2/repository/net/minidev/accessors-smart/1.2/accessors-smart-1.2.jar:/home/user/.m2/repository/org/ow2/asm/asm/5.0.4/asm-5.0.4.jar:/home/user/.m2/repository/org/apache/curator/curator-framework/2.12.0/curator-framework-2.12.0.jar:/home/user/.m2/repository/com/sun/jersey/jersey-core/1.19/jersey-core-1.19.jar:/home/user/.m2/repository/javax/ws/rs/jsr311-api/1.1.1/jsr311-api-1.1.1.jar:/home/user/.m2/repository/com/sun/jersey/jersey-server/1.19/jersey-server-1.19.jar:/home/user/.m2/repository/javax/servlet/javax.servlet-api/3.1.0/javax.servlet-api-3.1.0.jar:/home/user/.m2/repository/org/eclipse/jetty/jetty-server/9.3.25.v20180904/jetty-server-9.3.25.v20180904.jar:/home/user/.m2/repository/org/eclipse/jetty/jetty-http/9.3.25.v20180904/jetty-http-9.3.25.v20180904.jar:/home/user/.m2/repository/org/eclipse/jetty/jetty-io/9.3.25.v20180904/jetty-io-9.3.25.v20180904.jar:/home/user/.m2/repository/org/eclipse/jetty/jetty-webapp/9.3.25.v20180904/jetty-webapp-9.3.25.v20180904.jar:/home/user/.m2/repository/org/eclipse/jetty/jetty-xml/9.3.25.v20180904/jetty-xml-9.3.25.v20180904.jar:/home/user/.m2/repository/log4j/log4j/1.2.17/log4j-1.2.17.jar:/home/user/.m2/repository/org/slf4j/slf4j-api/1.7.25/slf4j-api-1.7.25.jar:/home/user/.m2/repository/org/slf4j/jul-to-slf4j/1.7.25/jul-to-slf4j-1.7.25.jar:/home/user/.m2/repository/org/eclipse/jetty/jetty-util/9.3.25.v20180904/jetty-util-9.3.25.v20180904.jar:/home/user/.m2/repository/com/fasterxml/jackson/core/jackson-databind/2.9.9/jackson-databind-2.9.9.jar:/home/user/.m2/repository/org/apache/hadoop/hadoop-kms/3.2.0/hadoop-kms-3.2.0-tests.jar:/home/user/.m2/repository/org/apache/hadoop/hadoop-hdds-server-scm/0.5.0-SNAPSHOT/hadoop-hdds-server-scm-0.5.0-SNAPSHOT-tests.jar:/home/user/.m2/repository/org/apache/hadoop/hadoop-hdds-container-service/0.5.0-SNAPSHOT/hadoop-hdds-container-service-0.5.0-SNAPSHOT-tests.jar:/home/user/.m2/repository/org/yaml/snakeyaml/1.16/snakeyaml-1.16.jar:/home/user/.m2/repository/org/apache/hadoop/hadoop-common/3.2.0/hadoop-common-3.2.0-tests.jar:/home/user/.m2/repository/org/apache/hadoop/hadoop-annotations/3.2.0/hadoop-annotations-3.2.0.jar:/usr/lib/jvm/java-1.8-openjdk/jre/../lib/tools.jar:/home/user/.m2/repository/commons-cli/commons-cli/1.2/commons-cli-1.2.jar:/home/user/.m2/repository/org/apache/httpcomponents/httpclient/4.5.2/httpclient-4.5.2.jar:/home/user/.m2/repository/org/apache/httpcomponents/httpcore/4.4.4/httpcore-4.4.4.jar:/home/user/.m2/repository/commons-codec/commons-codec/1.11/commons-codec-1.11.jar:/home/user/.m2/repository/commons-net/commons-net/3.6/commons-net-3.6.jar:/home/user/.m2/repository/commons-collections/commons-collections/3.2.2/commons-collections-3.2.2.jar:/home/user/.m2/repository/org/eclipse/jetty/jetty-servlet/9.3.25.v20180904/jetty-servlet-9.3.25.v20180904.jar:/home/user/.m2/repository/org/eclipse/jetty/jetty-security/9.3.25.v20180904/jetty-security-9.3.25.v20180904.jar:/home/user/.m2/repository/javax/servlet/jsp/jsp-api/2.1/jsp-api-2.1.jar:/home/user/.m2/repository/com/sun/jersey/jersey-servlet/1.19/jersey-servlet-1.19.jar:/home/user/.m2/repository/com/sun/jersey/jersey-json/1.19/jersey-json-1.19.jar:/home/user/.m2/repository/org/codehaus/jettison/jettison/1.1/jettison-1.1.jar:/home/user/.m2/repository/org/codehaus/jackson/jackson-core-asl/1.9.13/jackson-core-asl-1.9.13.jar:/home/user/.m2/repository/org/codehaus/jackson/jackson-mapper-asl/1.9.13/jackson-mapper-asl-1.9.13.jar:/home/user/.m2/repository/org/codehaus/jackson/jackson-jaxrs/1.9.13/jackson-jaxrs-1.9.13.jar:/home/user/.m2/repository/org/codehaus/jackson/jackson-xc/1.9.13/jackson-xc-1.9.13.jar:/home/user/.m2/repository/commons-logging/commons-logging/1.1.3/commons-logging-1.1.3.jar:/home/user/.m2/repository/commons-beanutils/commons-beanutils/1.9.4/commons-beanutils-1.9.4.jar:/home/user/.m2/repository/org/apache/commons/commons-configuration2/2.1.1/commons-configuration2-2.1.1.jar:/home/user/.m2/repository/org/apache/commons/commons-lang3/3.7/commons-lang3-3.7.jar:/home/user/.m2/repository/org/apache/commons/commons-text/1.4/commons-text-1.4.jar:/home/user/.m2/repository/org/apache/avro/avro/1.7.7/avro-1.7.7.jar:/home/user/.m2/repository/com/thoughtworks/paranamer/paranamer/2.3/paranamer-2.3.jar:/home/user/.m2/repository/org/xerial/snappy/snappy-java/1.0.5/snappy-java-1.0.5.jar:/home/user/.m2/repository/com/google/re2j/re2j/1.1/re2j-1.1.jar:/home/user/.m2/repository/com/google/code/gson/gson/2.2.4/gson-2.2.4.jar:/home/user/.m2/repository/com/jcraft/jsch/0.1.54/jsch-0.1.54.jar:/home/user/.m2/repository/org/apache/curator/curator-client/2.12.0/curator-client-2.12.0.jar:/home/user/.m2/repository/org/apache/curator/curator-recipes/2.12.0/curator-recipes-2.12.0.jar:/home/user/.m2/repository/com/google/code/findbugs/jsr305/3.0.0/jsr305-3.0.0.jar:/home/user/.m2/repository/org/apache/htrace/htrace-core4/4.1.0-incubating/htrace-core4-4.1.0-incubating.jar:/home/user/.m2/repository/org/apache/zookeeper/zookeeper/3.4.13/zookeeper-3.4.13.jar:/home/user/.m2/repository/jline/jline/0.9.94/jline-0.9.94.jar:/home/user/.m2/repository/org/apache/yetus/audience-annotations/0.5.0/audience-annotations-0.5.0.jar:/home/user/.m2/repository/org/codehaus/woodstox/stax2-api/3.1.4/stax2-api-3.1.4.jar:/home/user/.m2/repository/com/fasterxml/woodstox/woodstox-core/5.0.3/woodstox-core-5.0.3.jar:/home/user/.m2/repository/dnsjava/dnsjava/2.1.7/dnsjava-2.1.7.jar:/home/user/.m2/repository/org/apache/hadoop/hadoop-hdfs/3.2.0/hadoop-hdfs-3.2.0-tests.jar:/home/user/.m2/repository/org/eclipse/jetty/jetty-util-ajax/9.3.25.v20180904/jetty-util-ajax-9.3.25.v20180904.jar:/home/user/.m2/repository/commons-daemon/commons-daemon/1.0.13/commons-daemon-1.0.13.jar:/home/user/.m2/repository/io/netty/netty/3.10.5.Final/netty-3.10.5.Final.jar:/home/user/.m2/repository/io/netty/netty-all/4.0.52.Final/netty-all-4.0.52.Final.jar:/home/user/.m2/repository/org/fusesource/leveldbjni/leveldbjni-all/1.8/leveldbjni-all-1.8.jar:"/>
    <property name="java.vm.vendor" value="IcedTea"/>
    <property name="sun.arch.data.model" value="64"/>
    <property name="test.build.dir" value="/workdir/hadoop-ozone/integration-test/target/test-dir"/>
    <property name="test.cache.data" value=""/>
    <property name="java.vendor.url" value="https://icedtea.classpath.org"/>
    <property name="user.timezone" value=""/>
    <property name="java.vm.specification.version" value="1.8"/>
    <property name="os.name" value="Linux"/>
    <property name="test.build.data" value="/workdir/hadoop-ozone/integration-test/target/test-dir"/>
    <property name="user.country" value="US"/>
    <property name="sun.java.launcher" value="SUN_STANDARD"/>
    <property name="sun.boot.library.path" value="/usr/lib/jvm/java-1.8-openjdk/jre/lib/amd64"/>
    <property name="sun.java.command" value="/workdir/hadoop-ozone/integration-test/target/surefire/surefirebooter6468623472108696288.jar /workdir/hadoop-ozone/integration-test/target/surefire 2019-09-26T18-35-23_830-jvmRun1 surefire6356180947531208058tmp surefire_732869172796026179381tmp"/>
    <property name="test" value="!TestMiniChaosOzoneCluster"/>
    <property name="surefire.test.class.path" value="/workdir/hadoop-ozone/integration-test/target/test-classes:/workdir/hadoop-ozone/integration-test/target/classes:/home/user/.m2/repository/org/apache/hadoop/hadoop-ozone-common/0.5.0-SNAPSHOT/hadoop-ozone-common-0.5.0-SNAPSHOT.jar:/home/user/.m2/repository/org/apache/commons/commons-compress/1.4.1/commons-compress-1.4.1.jar:/home/user/.m2/repository/org/tukaani/xz/1.0/xz-1.0.jar:/home/user/.m2/repository/org/apache/hadoop/hadoop-common/3.2.0/hadoop-common-3.2.0.jar:/home/user/.m2/repository/org/apache/hadoop/hadoop-hdfs/3.2.0/hadoop-hdfs-3.2.0.jar:/home/user/.m2/repository/org/apache/hadoop/hadoop-hdfs-client/3.2.0/hadoop-hdfs-client-3.2.0.jar:/home/user/.m2/repository/com/fasterxml/jackson/core/jackson-annotations/2.9.9/jackson-annotations-2.9.9.jar:/home/user/.m2/repository/org/apache/hadoop/hadoop-hdds-common/0.5.0-SNAPSHOT/hadoop-hdds-common-0.5.0-SNAPSHOT.jar:/home/user/.m2/repository/javax/annotation/javax.annotation-api/1.2/javax.annotation-api-1.2.jar:/home/user/.m2/repository/org/apache/ratis/ratis-server/0.4.0/ratis-server-0.4.0.jar:/home/user/.m2/repository/org/apache/ratis/ratis-thirdparty-misc/0.2.0/ratis-thirdparty-misc-0.2.0.jar:/home/user/.m2/repository/org/apache/ratis/ratis-proto/0.4.0/ratis-proto-0.4.0.jar:/home/user/.m2/repository/org/apache/ratis/ratis-common/0.4.0/ratis-common-0.4.0.jar:/home/user/.m2/repository/org/apache/ratis/ratis-client/0.4.0/ratis-client-0.4.0.jar:/home/user/.m2/repository/org/apache/ratis/ratis-metrics/0.4.0/ratis-metrics-0.4.0.jar:/home/user/.m2/repository/com/github/joshelser/dropwizard-metrics-hadoop-metrics2-reporter/0.1.2/dropwizard-metrics-hadoop-metrics2-reporter-0.1.2.jar:/home/user/.m2/repository/io/dropwizard/metrics/metrics-jvm/3.2.5/metrics-jvm-3.2.5.jar:/home/user/.m2/repository/io/dropwizard/metrics/metrics-ganglia/3.2.5/metrics-ganglia-3.2.5.jar:/home/user/.m2/repository/info/ganglia/gmetric4j/gmetric4j/1.0.7/gmetric4j-1.0.7.jar:/home/user/.m2/repository/org/apache/ratis/ratis-netty/0.4.0/ratis-netty-0.4.0.jar:/home/user/.m2/repository/org/apache/ratis/ratis-grpc/0.4.0/ratis-grpc-0.4.0.jar:/home/user/.m2/repository/org/rocksdb/rocksdbjni/6.0.1/rocksdbjni-6.0.1.jar:/home/user/.m2/repository/org/apache/logging/log4j/log4j-api/2.11.0/log4j-api-2.11.0.jar:/home/user/.m2/repository/org/apache/logging/log4j/log4j-core/2.11.0/log4j-core-2.11.0.jar:/home/user/.m2/repository/com/lmax/disruptor/3.4.2/disruptor-3.4.2.jar:/home/user/.m2/repository/org/apache/commons/commons-pool2/2.6.0/commons-pool2-2.6.0.jar:/home/user/.m2/repository/org/bouncycastle/bcpkix-jdk15on/1.60/bcpkix-jdk15on-1.60.jar:/home/user/.m2/repository/commons-validator/commons-validator/1.6/commons-validator-1.6.jar:/home/user/.m2/repository/commons-digester/commons-digester/1.8.1/commons-digester-1.8.1.jar:/home/user/.m2/repository/io/jaegertracing/jaeger-client/0.34.0/jaeger-client-0.34.0.jar:/home/user/.m2/repository/io/jaegertracing/jaeger-thrift/0.34.0/jaeger-thrift-0.34.0.jar:/home/user/.m2/repository/org/apache/thrift/libthrift/0.12.0/libthrift-0.12.0.jar:/home/user/.m2/repository/com/squareup/okhttp3/okhttp/3.9.0/okhttp-3.9.0.jar:/home/user/.m2/repository/com/squareup/okio/okio/1.13.0/okio-1.13.0.jar:/home/user/.m2/repository/io/jaegertracing/jaeger-core/0.34.0/jaeger-core-0.34.0.jar:/home/user/.m2/repository/io/jaegertracing/jaeger-tracerresolver/0.34.0/jaeger-tracerresolver-0.34.0.jar:/home/user/.m2/repository/io/opentracing/contrib/opentracing-tracerresolver/0.1.5/opentracing-tracerresolver-0.1.5.jar:/home/user/.m2/repository/io/opentracing/opentracing-util/0.31.0/opentracing-util-0.31.0.jar:/home/user/.m2/repository/io/opentracing/opentracing-api/0.31.0/opentracing-api-0.31.0.jar:/home/user/.m2/repository/io/opentracing/opentracing-noop/0.31.0/opentracing-noop-0.31.0.jar:/home/user/.m2/repository/org/apache/hadoop/hadoop-hdds-server-framework/0.5.0-SNAPSHOT/hadoop-hdds-server-framework-0.5.0-SNAPSHOT.jar:/home/user/.m2/repository/org/apache/hadoop/hadoop-hdds-container-service/0.5.0-SNAPSHOT/hadoop-hdds-container-service-0.5.0-SNAPSHOT.jar:/home/user/.m2/repository/org/apache/hadoop/hadoop-hdds-client/0.5.0-SNAPSHOT/hadoop-hdds-client-0.5.0-SNAPSHOT.jar:/home/user/.m2/repository/org/apache/hadoop/hadoop-hdds-tools/0.5.0-SNAPSHOT/hadoop-hdds-tools-0.5.0-SNAPSHOT.jar:/home/user/.m2/repository/org/apache/hadoop/hadoop-hdds-server-scm/0.5.0-SNAPSHOT/hadoop-hdds-server-scm-0.5.0-SNAPSHOT.jar:/home/user/.m2/repository/org/apache/hadoop/hadoop-hdds-docs/0.5.0-SNAPSHOT/hadoop-hdds-docs-0.5.0-SNAPSHOT.jar:/home/user/.m2/repository/io/dropwizard/metrics/metrics-core/3.2.4/metrics-core-3.2.4.jar:/home/user/.m2/repository/org/hamcrest/hamcrest-all/1.3/hamcrest-all-1.3.jar:/home/user/.m2/repository/org/bouncycastle/bcprov-jdk15on/1.60/bcprov-jdk15on-1.60.jar:/home/user/.m2/repository/info/picocli/picocli/3.9.6/picocli-3.9.6.jar:/home/user/.m2/repository/com/google/protobuf/protobuf-java/2.5.0/protobuf-java-2.5.0.jar:/home/user/.m2/repository/com/google/guava/guava/11.0.2/guava-11.0.2.jar:/home/user/.m2/repository/org/apache/hadoop/hadoop-ozone-ozone-manager/0.5.0-SNAPSHOT/hadoop-ozone-ozone-manager-0.5.0-SNAPSHOT.jar:/home/user/.m2/repository/org/apache/hadoop/hadoop-minikdc/3.2.0/hadoop-minikdc-3.2.0.jar:/home/user/.m2/repository/commons-io/commons-io/2.5/commons-io-2.5.jar:/home/user/.m2/repository/org/apache/kerby/kerb-simplekdc/1.0.1/kerb-simplekdc-1.0.1.jar:/home/user/.m2/repository/org/apache/kerby/kerb-client/1.0.1/kerb-client-1.0.1.jar:/home/user/.m2/repository/org/apache/kerby/kerby-config/1.0.1/kerby-config-1.0.1.jar:/home/user/.m2/repository/org/apache/kerby/kerb-core/1.0.1/kerb-core-1.0.1.jar:/home/user/.m2/repository/org/apache/kerby/kerby-pkix/1.0.1/kerby-pkix-1.0.1.jar:/home/user/.m2/repository/org/apache/kerby/kerby-asn1/1.0.1/kerby-asn1-1.0.1.jar:/home/user/.m2/repository/org/apache/kerby/kerby-util/1.0.1/kerby-util-1.0.1.jar:/home/user/.m2/repository/org/apache/kerby/kerb-common/1.0.1/kerb-common-1.0.1.jar:/home/user/.m2/repository/org/apache/kerby/kerb-crypto/1.0.1/kerb-crypto-1.0.1.jar:/home/user/.m2/repository/org/apache/kerby/kerb-util/1.0.1/kerb-util-1.0.1.jar:/home/user/.m2/repository/org/apache/kerby/token-provider/1.0.1/token-provider-1.0.1.jar:/home/user/.m2/repository/org/apache/kerby/kerb-admin/1.0.1/kerb-admin-1.0.1.jar:/home/user/.m2/repository/org/apache/kerby/kerb-server/1.0.1/kerb-server-1.0.1.jar:/home/user/.m2/repository/org/apache/kerby/kerb-identity/1.0.1/kerb-identity-1.0.1.jar:/home/user/.m2/repository/org/apache/kerby/kerby-xdr/1.0.1/kerby-xdr-1.0.1.jar:/home/user/.m2/repository/org/slf4j/slf4j-log4j12/1.7.25/slf4j-log4j12-1.7.25.jar:/home/user/.m2/repository/org/apache/hadoop/hadoop-ozone-s3gateway/0.5.0-SNAPSHOT/hadoop-ozone-s3gateway-0.5.0-SNAPSHOT.jar:/home/user/.m2/repository/org/jboss/weld/servlet/weld-servlet/2.4.7.Final/weld-servlet-2.4.7.Final.jar:/home/user/.m2/repository/org/glassfish/jersey/containers/jersey-container-servlet-core/2.27/jersey-container-servlet-core-2.27.jar:/home/user/.m2/repository/org/glassfish/hk2/external/javax.inject/2.5.0-b42/javax.inject-2.5.0-b42.jar:/home/user/.m2/repository/org/glassfish/jersey/core/jersey-common/2.27/jersey-common-2.27.jar:/home/user/.m2/repository/org/glassfish/hk2/osgi-resource-locator/1.0.1/osgi-resource-locator-1.0.1.jar:/home/user/.m2/repository/javax/ws/rs/javax.ws.rs-api/2.1/javax.ws.rs-api-2.1.jar:/home/user/.m2/repository/org/glassfish/jersey/ext/cdi/jersey-cdi1x/2.27/jersey-cdi1x-2.27.jar:/home/user/.m2/repository/org/glassfish/jersey/inject/jersey-hk2/2.27/jersey-hk2-2.27.jar:/home/user/.m2/repository/org/glassfish/hk2/hk2-locator/2.5.0-b42/hk2-locator-2.5.0-b42.jar:/home/user/.m2/repository/org/javassist/javassist/3.22.0-CR2/javassist-3.22.0-CR2.jar:/home/user/.m2/repository/org/glassfish/hk2/hk2-api/2.5.0/hk2-api-2.5.0.jar:/home/user/.m2/repository/org/glassfish/hk2/external/jakarta.inject/2.5.0/jakarta.inject-2.5.0.jar:/home/user/.m2/repository/org/glassfish/hk2/hk2-utils/2.5.0/hk2-utils-2.5.0.jar:/home/user/.m2/repository/jakarta/annotation/jakarta.annotation-api/1.3.4/jakarta.annotation-api-1.3.4.jar:/home/user/.m2/repository/org/glassfish/hk2/external/aopalliance-repackaged/2.5.0/aopalliance-repackaged-2.5.0.jar:/home/user/.m2/repository/com/fasterxml/jackson/dataformat/jackson-dataformat-xml/2.9.0/jackson-dataformat-xml-2.9.0.jar:/home/user/.m2/repository/com/fasterxml/jackson/core/jackson-core/2.9.9/jackson-core-2.9.9.jar:/home/user/.m2/repository/com/fasterxml/jackson/module/jackson-module-jaxb-annotations/2.9.9/jackson-module-jaxb-annotations-2.9.9.jar:/home/user/.m2/repository/javax/enterprise/cdi-api/1.2/cdi-api-1.2.jar:/home/user/.m2/repository/javax/el/javax.el-api/3.0.0/javax.el-api-3.0.0.jar:/home/user/.m2/repository/javax/interceptor/javax.interceptor-api/1.2/javax.interceptor-api-1.2.jar:/home/user/.m2/repository/javax/inject/javax.inject/1/javax.inject-1.jar:/home/user/.m2/repository/com/sun/xml/bind/jaxb-impl/2.3.0.1/jaxb-impl-2.3.0.1.jar:/home/user/.m2/repository/com/sun/xml/bind/jaxb-core/2.3.0.1/jaxb-core-2.3.0.1.jar:/home/user/.m2/repository/javax/xml/bind/jaxb-api/2.3.0/jaxb-api-2.3.0.jar:/home/user/.m2/repository/javax/activation/activation/1.1.1/activation-1.1.1.jar:/home/user/.m2/repository/org/apache/hadoop/hadoop-ozone-csi/0.5.0-SNAPSHOT/hadoop-ozone-csi-0.5.0-SNAPSHOT.jar:/home/user/.m2/repository/com/google/protobuf/protobuf-java-util/3.5.1/protobuf-java-util-3.5.1.jar:/home/user/.m2/repository/org/apache/hadoop/hadoop-hdds-config/0.5.0-SNAPSHOT/hadoop-hdds-config-0.5.0-SNAPSHOT.jar:/home/user/.m2/repository/io/grpc/grpc-netty/1.17.1/grpc-netty-1.17.1.jar:/home/user/.m2/repository/io/grpc/grpc-core/1.17.1/grpc-core-1.17.1.jar:/home/user/.m2/repository/io/grpc/grpc-context/1.17.1/grpc-context-1.17.1.jar:/home/user/.m2/repository/com/google/errorprone/error_prone_annotations/2.2.0/error_prone_annotations-2.2.0.jar:/home/user/.m2/repository/org/codehaus/mojo/animal-sniffer-annotations/1.17/animal-sniffer-annotations-1.17.jar:/home/user/.m2/repository/io/opencensus/opencensus-api/0.17.0/opencensus-api-0.17.0.jar:/home/user/.m2/repository/io/opencensus/opencensus-contrib-grpc-metrics/0.17.0/opencensus-contrib-grpc-metrics-0.17.0.jar:/home/user/.m2/repository/io/netty/netty-codec-http2/4.1.30.Final/netty-codec-http2-4.1.30.Final.jar:/home/user/.m2/repository/io/netty/netty-codec-http/4.1.30.Final/netty-codec-http-4.1.30.Final.jar:/home/user/.m2/repository/io/netty/netty-codec/4.1.30.Final/netty-codec-4.1.30.Final.jar:/home/user/.m2/repository/io/netty/netty-handler/4.1.30.Final/netty-handler-4.1.30.Final.jar:/home/user/.m2/repository/io/netty/netty-handler-proxy/4.1.30.Final/netty-handler-proxy-4.1.30.Final.jar:/home/user/.m2/repository/io/netty/netty-codec-socks/4.1.30.Final/netty-codec-socks-4.1.30.Final.jar:/home/user/.m2/repository/io/netty/netty-transport-native-epoll/4.1.30.Final/netty-transport-native-epoll-4.1.30.Final.jar:/home/user/.m2/repository/io/netty/netty-common/4.1.30.Final/netty-common-4.1.30.Final.jar:/home/user/.m2/repository/io/netty/netty-buffer/4.1.30.Final/netty-buffer-4.1.30.Final.jar:/home/user/.m2/repository/io/netty/netty-transport/4.1.30.Final/netty-transport-4.1.30.Final.jar:/home/user/.m2/repository/io/netty/netty-resolver/4.1.30.Final/netty-resolver-4.1.30.Final.jar:/home/user/.m2/repository/io/netty/netty-transport-native-unix-common/4.1.30.Final/netty-transport-native-unix-common-4.1.30.Final.jar:/home/user/.m2/repository/io/grpc/grpc-protobuf/1.17.1/grpc-protobuf-1.17.1.jar:/home/user/.m2/repository/com/google/api/grpc/proto-google-common-protos/1.0.0/proto-google-common-protos-1.0.0.jar:/home/user/.m2/repository/io/grpc/grpc-protobuf-lite/1.17.1/grpc-protobuf-lite-1.17.1.jar:/home/user/.m2/repository/io/grpc/grpc-stub/1.17.1/grpc-stub-1.17.1.jar:/home/user/.m2/repository/org/apache/hadoop/hadoop-ozone-recon/0.5.0-SNAPSHOT/hadoop-ozone-recon-0.5.0-SNAPSHOT.jar:/home/user/.m2/repository/org/apache/hadoop/hadoop-ozone-reconcodegen/0.5.0-SNAPSHOT/hadoop-ozone-reconcodegen-0.5.0-SNAPSHOT.jar:/home/user/.m2/repository/com/google/inject/extensions/guice-multibindings/4.0/guice-multibindings-4.0.jar:/home/user/.m2/repository/com/google/inject/guice/4.0/guice-4.0.jar:/home/user/.m2/repository/aopalliance/aopalliance/1.0/aopalliance-1.0.jar:/home/user/.m2/repository/com/google/inject/extensions/guice-servlet/4.0/guice-servlet-4.0.jar:/home/user/.m2/repository/org/glassfish/jersey/containers/jersey-container-servlet/2.27/jersey-container-servlet-2.27.jar:/home/user/.m2/repository/org/glassfish/hk2/guice-bridge/2.5.0/guice-bridge-2.5.0.jar:/home/user/.m2/repository/org/glassfish/jersey/core/jersey-server/2.27/jersey-server-2.27.jar:/home/user/.m2/repository/org/glassfish/jersey/core/jersey-client/2.27/jersey-client-2.27.jar:/home/user/.m2/repository/org/glassfish/jersey/media/jersey-media-jaxb/2.27/jersey-media-jaxb-2.27.jar:/home/user/.m2/repository/javax/validation/validation-api/1.1.0.Final/validation-api-1.1.0.Final.jar:/home/user/.m2/repository/org/glassfish/jersey/media/jersey-media-json-jackson/2.27/jersey-media-json-jackson-2.27.jar:/home/user/.m2/repository/org/glassfish/jersey/ext/jersey-entity-filtering/2.27/jersey-entity-filtering-2.27.jar:/home/user/.m2/repository/com/google/inject/extensions/guice-assistedinject/4.0/guice-assistedinject-4.0.jar:/home/user/.m2/repository/org/jooq/jooq/3.11.10/jooq-3.11.10.jar:/home/user/.m2/repository/org/jooq/jooq-meta/3.11.10/jooq-meta-3.11.10.jar:/home/user/.m2/repository/org/jooq/jooq-codegen/3.11.10/jooq-codegen-3.11.10.jar:/home/user/.m2/repository/com/jolbox/bonecp/0.8.0.RELEASE/bonecp-0.8.0.RELEASE.jar:/home/user/.m2/repository/org/xerial/sqlite-jdbc/3.25.2/sqlite-jdbc-3.25.2.jar:/home/user/.m2/repository/org/springframework/spring-jdbc/5.1.3.RELEASE/spring-jdbc-5.1.3.RELEASE.jar:/home/user/.m2/repository/org/springframework/spring-beans/5.1.3.RELEASE/spring-beans-5.1.3.RELEASE.jar:/home/user/.m2/repository/org/springframework/spring-core/5.1.3.RELEASE/spring-core-5.1.3.RELEASE.jar:/home/user/.m2/repository/org/springframework/spring-jcl/5.1.3.RELEASE/spring-jcl-5.1.3.RELEASE.jar:/home/user/.m2/repository/org/springframework/spring-tx/5.1.3.RELEASE/spring-tx-5.1.3.RELEASE.jar:/home/user/.m2/repository/org/apache/hadoop/hadoop-ozone-client/0.5.0-SNAPSHOT/hadoop-ozone-client-0.5.0-SNAPSHOT.jar:/home/user/.m2/repository/commons-lang/commons-lang/2.6/commons-lang-2.6.jar:/home/user/.m2/repository/org/apache/hadoop/hadoop-ozone-ozone-manager/0.5.0-SNAPSHOT/hadoop-ozone-ozone-manager-0.5.0-SNAPSHOT-tests.jar:/home/user/.m2/repository/junit/junit/4.11/junit-4.11.jar:/home/user/.m2/repository/org/hamcrest/hamcrest-core/1.3/hamcrest-core-1.3.jar:/home/user/.m2/repository/org/openjdk/jmh/jmh-core/1.19/jmh-core-1.19.jar:/home/user/.m2/repository/net/sf/jopt-simple/jopt-simple/4.6/jopt-simple-4.6.jar:/home/user/.m2/repository/org/apache/commons/commons-math3/3.1.1/commons-math3-3.1.1.jar:/home/user/.m2/repository/org/openjdk/jmh/jmh-generator-annprocess/1.19/jmh-generator-annprocess-1.19.jar:/home/user/.m2/repository/org/mockito/mockito-all/1.8.5/mockito-all-1.8.5.jar:/home/user/.m2/repository/org/apache/hadoop/hadoop-kms/3.2.0/hadoop-kms-3.2.0.jar:/home/user/.m2/repository/org/apache/hadoop/hadoop-auth/3.2.0/hadoop-auth-3.2.0.jar:/home/user/.m2/repository/com/nimbusds/nimbus-jose-jwt/4.41.1/nimbus-jose-jwt-4.41.1.jar:/home/user/.m2/repository/com/github/stephenc/jcip/jcip-annotations/1.0-1/jcip-annotations-1.0-1.jar:/home/user/.m2/repository/net/minidev/json-smart/2.3/json-smart-2.3.jar:/home/user/.m2/repository/net/minidev/accessors-smart/1.2/accessors-smart-1.2.jar:/home/user/.m2/repository/org/ow2/asm/asm/5.0.4/asm-5.0.4.jar:/home/user/.m2/repository/org/apache/curator/curator-framework/2.12.0/curator-framework-2.12.0.jar:/home/user/.m2/repository/com/sun/jersey/jersey-core/1.19/jersey-core-1.19.jar:/home/user/.m2/repository/javax/ws/rs/jsr311-api/1.1.1/jsr311-api-1.1.1.jar:/home/user/.m2/repository/com/sun/jersey/jersey-server/1.19/jersey-server-1.19.jar:/home/user/.m2/repository/javax/servlet/javax.servlet-api/3.1.0/javax.servlet-api-3.1.0.jar:/home/user/.m2/repository/org/eclipse/jetty/jetty-server/9.3.25.v20180904/jetty-server-9.3.25.v20180904.jar:/home/user/.m2/repository/org/eclipse/jetty/jetty-http/9.3.25.v20180904/jetty-http-9.3.25.v20180904.jar:/home/user/.m2/repository/org/eclipse/jetty/jetty-io/9.3.25.v20180904/jetty-io-9.3.25.v20180904.jar:/home/user/.m2/repository/org/eclipse/jetty/jetty-webapp/9.3.25.v20180904/jetty-webapp-9.3.25.v20180904.jar:/home/user/.m2/repository/org/eclipse/jetty/jetty-xml/9.3.25.v20180904/jetty-xml-9.3.25.v20180904.jar:/home/user/.m2/repository/log4j/log4j/1.2.17/log4j-1.2.17.jar:/home/user/.m2/repository/org/slf4j/slf4j-api/1.7.25/slf4j-api-1.7.25.jar:/home/user/.m2/repository/org/slf4j/jul-to-slf4j/1.7.25/jul-to-slf4j-1.7.25.jar:/home/user/.m2/repository/org/eclipse/jetty/jetty-util/9.3.25.v20180904/jetty-util-9.3.25.v20180904.jar:/home/user/.m2/repository/com/fasterxml/jackson/core/jackson-databind/2.9.9/jackson-databind-2.9.9.jar:/home/user/.m2/repository/org/apache/hadoop/hadoop-kms/3.2.0/hadoop-kms-3.2.0-tests.jar:/home/user/.m2/repository/org/apache/hadoop/hadoop-hdds-server-scm/0.5.0-SNAPSHOT/hadoop-hdds-server-scm-0.5.0-SNAPSHOT-tests.jar:/home/user/.m2/repository/org/apache/hadoop/hadoop-hdds-container-service/0.5.0-SNAPSHOT/hadoop-hdds-container-service-0.5.0-SNAPSHOT-tests.jar:/home/user/.m2/repository/org/yaml/snakeyaml/1.16/snakeyaml-1.16.jar:/home/user/.m2/repository/org/apache/hadoop/hadoop-common/3.2.0/hadoop-common-3.2.0-tests.jar:/home/user/.m2/repository/org/apache/hadoop/hadoop-annotations/3.2.0/hadoop-annotations-3.2.0.jar:/usr/lib/jvm/java-1.8-openjdk/jre/../lib/tools.jar:/home/user/.m2/repository/commons-cli/commons-cli/1.2/commons-cli-1.2.jar:/home/user/.m2/repository/org/apache/httpcomponents/httpclient/4.5.2/httpclient-4.5.2.jar:/home/user/.m2/repository/org/apache/httpcomponents/httpcore/4.4.4/httpcore-4.4.4.jar:/home/user/.m2/repository/commons-codec/commons-codec/1.11/commons-codec-1.11.jar:/home/user/.m2/repository/commons-net/commons-net/3.6/commons-net-3.6.jar:/home/user/.m2/repository/commons-collections/commons-collections/3.2.2/commons-collections-3.2.2.jar:/home/user/.m2/repository/org/eclipse/jetty/jetty-servlet/9.3.25.v20180904/jetty-servlet-9.3.25.v20180904.jar:/home/user/.m2/repository/org/eclipse/jetty/jetty-security/9.3.25.v20180904/jetty-security-9.3.25.v20180904.jar:/home/user/.m2/repository/javax/servlet/jsp/jsp-api/2.1/jsp-api-2.1.jar:/home/user/.m2/repository/com/sun/jersey/jersey-servlet/1.19/jersey-servlet-1.19.jar:/home/user/.m2/repository/com/sun/jersey/jersey-json/1.19/jersey-json-1.19.jar:/home/user/.m2/repository/org/codehaus/jettison/jettison/1.1/jettison-1.1.jar:/home/user/.m2/repository/org/codehaus/jackson/jackson-core-asl/1.9.13/jackson-core-asl-1.9.13.jar:/home/user/.m2/repository/org/codehaus/jackson/jackson-mapper-asl/1.9.13/jackson-mapper-asl-1.9.13.jar:/home/user/.m2/repository/org/codehaus/jackson/jackson-jaxrs/1.9.13/jackson-jaxrs-1.9.13.jar:/home/user/.m2/repository/org/codehaus/jackson/jackson-xc/1.9.13/jackson-xc-1.9.13.jar:/home/user/.m2/repository/commons-logging/commons-logging/1.1.3/commons-logging-1.1.3.jar:/home/user/.m2/repository/commons-beanutils/commons-beanutils/1.9.4/commons-beanutils-1.9.4.jar:/home/user/.m2/repository/org/apache/commons/commons-configuration2/2.1.1/commons-configuration2-2.1.1.jar:/home/user/.m2/repository/org/apache/commons/commons-lang3/3.7/commons-lang3-3.7.jar:/home/user/.m2/repository/org/apache/commons/commons-text/1.4/commons-text-1.4.jar:/home/user/.m2/repository/org/apache/avro/avro/1.7.7/avro-1.7.7.jar:/home/user/.m2/repository/com/thoughtworks/paranamer/paranamer/2.3/paranamer-2.3.jar:/home/user/.m2/repository/org/xerial/snappy/snappy-java/1.0.5/snappy-java-1.0.5.jar:/home/user/.m2/repository/com/google/re2j/re2j/1.1/re2j-1.1.jar:/home/user/.m2/repository/com/google/code/gson/gson/2.2.4/gson-2.2.4.jar:/home/user/.m2/repository/com/jcraft/jsch/0.1.54/jsch-0.1.54.jar:/home/user/.m2/repository/org/apache/curator/curator-client/2.12.0/curator-client-2.12.0.jar:/home/user/.m2/repository/org/apache/curator/curator-recipes/2.12.0/curator-recipes-2.12.0.jar:/home/user/.m2/repository/com/google/code/findbugs/jsr305/3.0.0/jsr305-3.0.0.jar:/home/user/.m2/repository/org/apache/htrace/htrace-core4/4.1.0-incubating/htrace-core4-4.1.0-incubating.jar:/home/user/.m2/repository/org/apache/zookeeper/zookeeper/3.4.13/zookeeper-3.4.13.jar:/home/user/.m2/repository/jline/jline/0.9.94/jline-0.9.94.jar:/home/user/.m2/repository/org/apache/yetus/audience-annotations/0.5.0/audience-annotations-0.5.0.jar:/home/user/.m2/repository/org/codehaus/woodstox/stax2-api/3.1.4/stax2-api-3.1.4.jar:/home/user/.m2/repository/com/fasterxml/woodstox/woodstox-core/5.0.3/woodstox-core-5.0.3.jar:/home/user/.m2/repository/dnsjava/dnsjava/2.1.7/dnsjava-2.1.7.jar:/home/user/.m2/repository/org/apache/hadoop/hadoop-hdfs/3.2.0/hadoop-hdfs-3.2.0-tests.jar:/home/user/.m2/repository/org/eclipse/jetty/jetty-util-ajax/9.3.25.v20180904/jetty-util-ajax-9.3.25.v20180904.jar:/home/user/.m2/repository/commons-daemon/commons-daemon/1.0.13/commons-daemon-1.0.13.jar:/home/user/.m2/repository/io/netty/netty/3.10.5.Final/netty-3.10.5.Final.jar:/home/user/.m2/repository/io/netty/netty-all/4.0.52.Final/netty-all-4.0.52.Final.jar:/home/user/.m2/repository/org/fusesource/leveldbjni/leveldbjni-all/1.8/leveldbjni-all-1.8.jar:"/>
    <property name="sun.cpu.endian" value="little"/>
    <property name="user.home" value="/home/user"/>
    <property name="user.language" value="en"/>
    <property name="java.specification.vendor" value="Oracle Corporation"/>
    <property name="java.home" value="/usr/lib/jvm/java-1.8-openjdk/jre"/>
    <property name="java.security.krb5.conf" value="/workdir/hadoop-ozone/integration-test/target/test-classes/krb5.conf"/>
    <property name="basedir" value="/workdir/hadoop-ozone/integration-test"/>
    <property name="file.separator" value="/"/>
    <property name="line.separator" value="&#10;"/>
    <property name="java.vm.specification.vendor" value="Oracle Corporation"/>
    <property name="java.specification.name" value="Java Platform API Specification"/>
    <property name="java.awt.graphicsenv" value="sun.awt.X11GraphicsEnvironment"/>
    <property name="surefire.real.class.path" value="/workdir/hadoop-ozone/integration-test/target/surefire/surefirebooter6468623472108696288.jar"/>
    <property name="hadoop.log.dir" value="/workdir/hadoop-ozone/integration-test/target/log"/>
    <property name="sun.boot.class.path" value="/usr/lib/jvm/java-1.8-openjdk/jre/lib/resources.jar:/usr/lib/jvm/java-1.8-openjdk/jre/lib/rt.jar:/usr/lib/jvm/java-1.8-openjdk/jre/lib/sunrsasign.jar:/usr/lib/jvm/java-1.8-openjdk/jre/lib/jsse.jar:/usr/lib/jvm/java-1.8-openjdk/jre/lib/jce.jar:/usr/lib/jvm/java-1.8-openjdk/jre/lib/charsets.jar:/usr/lib/jvm/java-1.8-openjdk/jre/lib/jfr.jar:/usr/lib/jvm/java-1.8-openjdk/jre/classes"/>
    <property name="sun.management.compiler" value="HotSpot 64-Bit Tiered Compilers"/>
    <property name="java.runtime.version" value="1.8.0_212-b04"/>
    <property name="java.net.preferIPv4Stack" value="true"/>
    <property name="user.name" value="jenkins1000"/>
    <property name="path.separator" value=":"/>
    <property name="java.security.egd" value="file:///dev/urandom"/>
    <property name="os.version" value="3.10.0-957.12.2.el7.x86_64"/>
    <property name="java.endorsed.dirs" value="/usr/lib/jvm/java-1.8-openjdk/jre/lib/endorsed"/>
    <property name="java.runtime.name" value="OpenJDK Runtime Environment"/>
    <property name="file.encoding" value="UTF-8"/>
    <property name="java.vm.name" value="OpenJDK 64-Bit Server VM"/>
    <property name="test.build.webapps" value=""/>
    <property name="localRepository" value="/home/user/.m2/repository"/>
    <property name="java.vendor.url.bug" value="https://icedtea.classpath.org/bugzilla"/>
    <property name="java.io.tmpdir" value="/tmp"/>
    <property name="require.test.libhadoop" value=""/>
    <property name="java.version" value="1.8.0_212"/>
    <property name="user.dir" value="/workdir/hadoop-ozone/integration-test"/>
    <property name="os.arch" value="amd64"/>
    <property name="java.vm.specification.name" value="Java Virtual Machine Specification"/>
    <property name="test.build.classes" value="/workdir/hadoop-ozone/integration-test/target/test-classes"/>
    <property name="java.awt.printerjob" value="sun.print.PSPrinterJob"/>
    <property name="sun.os.patch.level" value="unknown"/>
    <property name="hadoop.tmp.dir" value="/workdir/hadoop-ozone/integration-test/target/tmp"/>
    <property name="java.library.path" value="/usr/lib/jvm/java-1.8-openjdk/jre/lib/amd64/server:/usr/lib/jvm/java-1.8-openjdk/jre/lib/amd64:/usr/lib/jvm/java-1.8-openjdk/jre/../lib/amd64:/workdir/hadoop-ozone/integration-test/target/native/target/usr/local/lib:/workdir/hadoop-ozone/integration-test/../../hadoop-common-project/hadoop-common/target/native/target/usr/local/lib:/usr/java/packages/lib/amd64:/usr/lib64:/lib64:/lib:/usr/lib"/>
    <property name="java.vm.info" value="mixed mode"/>
    <property name="java.vendor" value="IcedTea"/>
    <property name="java.vm.version" value="25.212-b04"/>
    <property name="java.ext.dirs" value="/usr/lib/jvm/java-1.8-openjdk/jre/lib/ext:/usr/java/packages/lib/ext"/>
    <property name="sun.io.unicode.encoding" value="UnicodeLittle"/>
    <property name="java.class.version" value="52.0"/>
  </properties>
  <testcase name="testMultiBlockWritesWithIntermittentDnFailures" classname="org.apache.hadoop.ozone.client.rpc.TestMultiBlockWritesWithDnFailures" time="147.778">
    <error message="Connection refused" type="java.net.ConnectException"><![CDATA[java.net.ConnectException: Connection refused
	at sun.nio.ch.SocketChannelImpl.checkConnect(Native Method)
	at sun.nio.ch.SocketChannelImpl.finishConnect(SocketChannelImpl.java:717)
	at org.apache.hadoop.net.SocketIOWithTimeout.connect(SocketIOWithTimeout.java:206)
	at org.apache.hadoop.net.NetUtils.connect(NetUtils.java:531)
	at org.apache.hadoop.ipc.Client$Connection.setupConnection(Client.java:690)
	at org.apache.hadoop.ipc.Client$Connection.setupIOstreams(Client.java:794)
	at org.apache.hadoop.ipc.Client$Connection.access$3700(Client.java:411)
	at org.apache.hadoop.ipc.Client.getConnection(Client.java:1572)
	at org.apache.hadoop.ipc.Client.call(Client.java:1403)
	at org.apache.hadoop.ipc.Client.call(Client.java:1367)
	at org.apache.hadoop.ipc.ProtobufRpcEngine$Invoker.invoke(ProtobufRpcEngine.java:228)
	at org.apache.hadoop.ipc.ProtobufRpcEngine$Invoker.invoke(ProtobufRpcEngine.java:116)
	at com.sun.proxy.$Proxy35.submitRequest(Unknown Source)
	at sun.reflect.NativeMethodAccessorImpl.invoke0(Native Method)
	at sun.reflect.NativeMethodAccessorImpl.invoke(NativeMethodAccessorImpl.java:62)
	at sun.reflect.DelegatingMethodAccessorImpl.invoke(DelegatingMethodAccessorImpl.java:43)
	at java.lang.reflect.Method.invoke(Method.java:498)
	at org.apache.hadoop.io.retry.RetryInvocationHandler.invokeMethod(RetryInvocationHandler.java:422)
	at org.apache.hadoop.io.retry.RetryInvocationHandler$Call.invokeMethod(RetryInvocationHandler.java:165)
	at org.apache.hadoop.io.retry.RetryInvocationHandler$Call.invoke(RetryInvocationHandler.java:157)
	at org.apache.hadoop.io.retry.RetryInvocationHandler$Call.invokeOnce(RetryInvocationHandler.java:95)
	at org.apache.hadoop.io.retry.RetryInvocationHandler.invoke(RetryInvocationHandler.java:359)
	at com.sun.proxy.$Proxy35.submitRequest(Unknown Source)
	at org.apache.hadoop.ozone.om.protocolPB.OzoneManagerProtocolClientSideTranslatorPB.submitRequest(OzoneManagerProtocolClientSideTranslatorPB.java:338)
	at org.apache.hadoop.ozone.om.protocolPB.OzoneManagerProtocolClientSideTranslatorPB.getServiceInfo(OzoneManagerProtocolClientSideTranslatorPB.java:1223)
	at sun.reflect.NativeMethodAccessorImpl.invoke0(Native Method)
	at sun.reflect.NativeMethodAccessorImpl.invoke(NativeMethodAccessorImpl.java:62)
	at sun.reflect.DelegatingMethodAccessorImpl.invoke(DelegatingMethodAccessorImpl.java:43)
	at java.lang.reflect.Method.invoke(Method.java:498)
	at org.apache.hadoop.hdds.tracing.TraceAllMethod.invoke(TraceAllMethod.java:66)
	at com.sun.proxy.$Proxy36.getServiceInfo(Unknown Source)
	at org.apache.hadoop.ozone.client.rpc.RpcClient.<init>(RpcClient.java:154)
	at org.apache.hadoop.ozone.client.OzoneClientFactory.getClientProtocol(OzoneClientFactory.java:256)
	at org.apache.hadoop.ozone.client.OzoneClientFactory.getClientProtocol(OzoneClientFactory.java:239)
	at org.apache.hadoop.ozone.client.OzoneClientFactory.getClient(OzoneClientFactory.java:75)
	at org.apache.hadoop.ozone.client.rpc.TestMultiBlockWritesWithDnFailures.startCluster(TestMultiBlockWritesWithDnFailures.java:96)
	at org.apache.hadoop.ozone.client.rpc.TestMultiBlockWritesWithDnFailures.testMultiBlockWritesWithIntermittentDnFailures(TestMultiBlockWritesWithDnFailures.java:160)
	at sun.reflect.NativeMethodAccessorImpl.invoke0(Native Method)
	at sun.reflect.NativeMethodAccessorImpl.invoke(NativeMethodAccessorImpl.java:62)
	at sun.reflect.DelegatingMethodAccessorImpl.invoke(DelegatingMethodAccessorImpl.java:43)
	at java.lang.reflect.Method.invoke(Method.java:498)
	at org.junit.runners.model.FrameworkMethod$1.runReflectiveCall(FrameworkMethod.java:47)
	at org.junit.internal.runners.model.ReflectiveCallable.run(ReflectiveCallable.java:12)
	at org.junit.runners.model.FrameworkMethod.invokeExplosively(FrameworkMethod.java:44)
	at org.junit.internal.runners.statements.InvokeMethod.evaluate(InvokeMethod.java:17)
	at org.junit.internal.runners.statements.RunAfters.evaluate(RunAfters.java:27)
	at org.junit.runners.ParentRunner.runLeaf(ParentRunner.java:271)
	at org.junit.runners.BlockJUnit4ClassRunner.runChild(BlockJUnit4ClassRunner.java:70)
	at org.junit.runners.BlockJUnit4ClassRunner.runChild(BlockJUnit4ClassRunner.java:50)
	at org.junit.runners.ParentRunner$3.run(ParentRunner.java:238)
	at org.junit.runners.ParentRunner$1.schedule(ParentRunner.java:63)
	at org.junit.runners.ParentRunner.runChildren(ParentRunner.java:236)
	at org.junit.runners.ParentRunner.access$000(ParentRunner.java:53)
	at org.junit.runners.ParentRunner$2.evaluate(ParentRunner.java:229)
	at org.junit.runners.ParentRunner.run(ParentRunner.java:309)
	at org.apache.maven.surefire.junit4.JUnit4Provider.execute(JUnit4Provider.java:365)
	at org.apache.maven.surefire.junit4.JUnit4Provider.executeWithRerun(JUnit4Provider.java:273)
	at org.apache.maven.surefire.junit4.JUnit4Provider.executeTestSet(JUnit4Provider.java:238)
	at org.apache.maven.surefire.junit4.JUnit4Provider.invoke(JUnit4Provider.java:159)
	at org.apache.maven.surefire.booter.ForkedBooter.invokeProviderInSameClassLoader(ForkedBooter.java:384)
	at org.apache.maven.surefire.booter.ForkedBooter.runSuitesInProcess(ForkedBooter.java:345)
	at org.apache.maven.surefire.booter.ForkedBooter.execute(ForkedBooter.java:126)
	at org.apache.maven.surefire.booter.ForkedBooter.main(ForkedBooter.java:418)
]]></error>
    <system-out><![CDATA[2019-09-26 20:35:30,578 [main] WARN  server.ServerUtils (ServerUtils.java:getScmDbDir(145)) - ozone.scm.db.dirs is not configured. We recommend adding this setting. Falling back to ozone.metadata.dirs instead.
2019-09-26 20:35:30,684 [main] WARN  server.ServerUtils (ServerUtils.java:getScmDbDir(145)) - ozone.scm.db.dirs is not configured. We recommend adding this setting. Falling back to ozone.metadata.dirs instead.
2019-09-26 20:35:30,687 [main] WARN  server.ServerUtils (ServerUtils.java:getScmDbDir(145)) - ozone.scm.db.dirs is not configured. We recommend adding this setting. Falling back to ozone.metadata.dirs instead.
2019-09-26 20:35:30,706 [main] INFO  util.log (Log.java:initialized(192)) - Logging initialized @958ms
2019-09-26 20:35:30,816 [main] INFO  db.DBStoreBuilder (DBStoreBuilder.java:addTable(110)) - using custom profile for table: deletedBlocks
2019-09-26 20:35:30,817 [main] INFO  db.DBStoreBuilder (DBStoreBuilder.java:processTables(161)) - Using default column profile:DBProfile.DISK for Table:deletedBlocks
2019-09-26 20:35:30,817 [main] INFO  db.DBStoreBuilder (DBStoreBuilder.java:addTable(110)) - using custom profile for table: validCerts
2019-09-26 20:35:30,818 [main] INFO  db.DBStoreBuilder (DBStoreBuilder.java:processTables(161)) - Using default column profile:DBProfile.DISK for Table:validCerts
2019-09-26 20:35:30,819 [main] INFO  db.DBStoreBuilder (DBStoreBuilder.java:addTable(110)) - using custom profile for table: revokedCerts
2019-09-26 20:35:30,819 [main] INFO  db.DBStoreBuilder (DBStoreBuilder.java:processTables(161)) - Using default column profile:DBProfile.DISK for Table:revokedCerts
2019-09-26 20:35:30,840 [main] INFO  db.DBStoreBuilder (DBStoreBuilder.java:addTable(110)) - using custom profile for table: default
2019-09-26 20:35:30,840 [main] INFO  db.DBStoreBuilder (DBStoreBuilder.java:processTables(167)) - Using default column profile:DBProfile.DISK for Table:default
2019-09-26 20:35:30,842 [main] INFO  db.DBStoreBuilder (DBStoreBuilder.java:getDbProfile(198)) - Using default options. DBProfile.DISK
2019-09-26 20:35:31,108 [main] INFO  net.NodeSchemaLoader (NodeSchemaLoader.java:loadSchemaFromFile(125)) - Loading file from sun.misc.CompoundEnumeration@14cd1699
2019-09-26 20:35:31,110 [main] INFO  net.NodeSchemaLoader (NodeSchemaLoader.java:loadSchema(171)) - Loading network topology layer schema file
2019-09-26 20:35:31,208 [main] INFO  node.SCMNodeManager (SCMNodeManager.java:<init>(114)) - Entering startup safe mode.
2019-09-26 20:35:31,288 [main] INFO  algorithms.ContainerPlacementPolicyFactory (ContainerPlacementPolicyFactory.java:getPolicy(57)) - Create container placement policy of type org.apache.hadoop.hdds.scm.container.placement.algorithms.SCMContainerPlacementRandom
2019-09-26 20:35:31,304 [main] WARN  server.ServerUtils (ServerUtils.java:getScmDbDir(145)) - ozone.scm.db.dirs is not configured. We recommend adding this setting. Falling back to ozone.metadata.dirs instead.
2019-09-26 20:35:31,366 [main] INFO  pipeline.SCMPipelineManager (SCMPipelineManager.java:initializePipelineState(132)) - No pipeline exists in current db
2019-09-26 20:35:31,368 [main] WARN  server.ServerUtils (ServerUtils.java:getScmDbDir(145)) - ozone.scm.db.dirs is not configured. We recommend adding this setting. Falling back to ozone.metadata.dirs instead.
2019-09-26 20:35:31,471 [main] WARN  events.EventQueue (EventQueue.java:fireEvent(183)) - No event handler registered for event TypedEvent{payloadType=SafeModeStatus, name='SafeModeStatus'}
2019-09-26 20:35:31,854 [main] INFO  ipc.CallQueueManager (CallQueueManager.java:<init>(84)) - Using callQueue: class java.util.concurrent.LinkedBlockingQueue, queueCapacity: 2000, scheduler: class org.apache.hadoop.ipc.DefaultRpcScheduler, ipcBackoff: false.
2019-09-26 20:35:31,884 [Socket Reader #1 for port 35355] INFO  ipc.Server (Server.java:run(1074)) - Starting Socket Reader #1 for port 35355
2019-09-26 20:35:32,045 [main] INFO  ipc.CallQueueManager (CallQueueManager.java:<init>(84)) - Using callQueue: class java.util.concurrent.LinkedBlockingQueue, queueCapacity: 2000, scheduler: class org.apache.hadoop.ipc.DefaultRpcScheduler, ipcBackoff: false.
2019-09-26 20:35:32,047 [Socket Reader #1 for port 41707] INFO  ipc.Server (Server.java:run(1074)) - Starting Socket Reader #1 for port 41707
2019-09-26 20:35:32,059 [main] INFO  ipc.CallQueueManager (CallQueueManager.java:<init>(84)) - Using callQueue: class java.util.concurrent.LinkedBlockingQueue, queueCapacity: 2000, scheduler: class org.apache.hadoop.ipc.DefaultRpcScheduler, ipcBackoff: false.
2019-09-26 20:35:32,060 [Socket Reader #1 for port 34653] INFO  ipc.Server (Server.java:run(1074)) - Starting Socket Reader #1 for port 34653
2019-09-26 20:35:32,090 [main] INFO  hdfs.DFSUtil (DFSUtil.java:httpServerTemplateForNNAndJN(1641)) - Starting Web-server for scm at: http://0.0.0.0:0
2019-09-26 20:35:32,263 [main] INFO  server.AuthenticationFilter (AuthenticationFilter.java:constructSecretProvider(240)) - Unable to initialize FileSignerSecretProvider, falling back to use random secrets.
2019-09-26 20:35:32,273 [main] WARN  http.HttpRequestLog (HttpRequestLog.java:getRequestLog(97)) - Jetty request log can only be enabled using Log4j
2019-09-26 20:35:32,282 [main] INFO  http.HttpServer2 (HttpServer2.java:addGlobalFilter(975)) - Added global filter 'safety' (class=org.apache.hadoop.http.HttpServer2$QuotingInputFilter)
2019-09-26 20:35:32,285 [main] INFO  http.HttpServer2 (HttpServer2.java:addFilter(948)) - Added filter static_user_filter (class=org.apache.hadoop.http.lib.StaticUserWebFilter$StaticUserFilter) to context scm
2019-09-26 20:35:32,285 [main] INFO  http.HttpServer2 (HttpServer2.java:addFilter(958)) - Added filter static_user_filter (class=org.apache.hadoop.http.lib.StaticUserWebFilter$StaticUserFilter) to context static
2019-09-26 20:35:32,286 [main] INFO  http.HttpServer2 (HttpServer2.java:addFilter(958)) - Added filter static_user_filter (class=org.apache.hadoop.http.lib.StaticUserWebFilter$StaticUserFilter) to context logs
2019-09-26 20:35:32,328 [main] INFO  server.StorageContainerManager (StorageContainerManager.java:start(770)) - StorageContainerLocationProtocol RPC server is listening at /0.0.0.0:34653
2019-09-26 20:35:32,419 [main] WARN  impl.MetricsConfig (MetricsConfig.java:loadFirst(134)) - Cannot locate configuration: tried hadoop-metrics2-storagecontainermanager.properties,hadoop-metrics2.properties
2019-09-26 20:35:32,439 [main] INFO  impl.MetricsSystemImpl (MetricsSystemImpl.java:startTimer(374)) - Scheduled Metric snapshot period at 10 second(s).
2019-09-26 20:35:32,439 [main] INFO  impl.MetricsSystemImpl (MetricsSystemImpl.java:start(191)) - StorageContainerManager metrics system started
2019-09-26 20:35:32,698 [main] INFO  server.SCMClientProtocolServer (SCMClientProtocolServer.java:start(151)) - RPC server for Client  is listening at /0.0.0.0:34653
2019-09-26 20:35:32,699 [IPC Server Responder] INFO  ipc.Server (Server.java:run(1314)) - IPC Server Responder: starting
2019-09-26 20:35:32,699 [IPC Server listener on 34653] INFO  ipc.Server (Server.java:run(1153)) - IPC Server listener on 34653: starting
2019-09-26 20:35:32,702 [main] INFO  server.StorageContainerManager (StorageContainerManager.java:start(780)) - ScmBlockLocationProtocol RPC server is listening at /0.0.0.0:41707
2019-09-26 20:35:32,703 [main] INFO  server.SCMBlockProtocolServer (SCMBlockProtocolServer.java:start(146)) - RPC server for Block Protocol is listening at /0.0.0.0:41707
2019-09-26 20:35:32,703 [IPC Server Responder] INFO  ipc.Server (Server.java:run(1314)) - IPC Server Responder: starting
2019-09-26 20:35:32,704 [IPC Server listener on 41707] INFO  ipc.Server (Server.java:run(1153)) - IPC Server listener on 41707: starting
2019-09-26 20:35:32,706 [main] INFO  server.StorageContainerManager (StorageContainerManager.java:start(784)) - ScmDatanodeProtocl RPC server is listening at /0.0.0.0:35355
2019-09-26 20:35:32,706 [main] INFO  server.SCMDatanodeProtocolServer (SCMDatanodeProtocolServer.java:start(191)) - RPC server for DataNodes is listening at /0.0.0.0:35355
2019-09-26 20:35:32,706 [IPC Server Responder] INFO  ipc.Server (Server.java:run(1314)) - IPC Server Responder: starting
2019-09-26 20:35:32,706 [IPC Server listener on 35355] INFO  ipc.Server (Server.java:run(1153)) - IPC Server listener on 35355: starting
2019-09-26 20:35:32,710 [main] INFO  http.HttpServer2 (HttpServer2.java:bindListener(1191)) - Jetty bound to port 43128
2019-09-26 20:35:32,712 [main] INFO  server.Server (Server.java:doStart(351)) - jetty-9.3.25.v20180904, build timestamp: 2018-09-04T21:11:46Z, git hash: 3ce520221d0240229c862b122d2b06c12a625732
2019-09-26 20:35:32,749 [main] INFO  handler.ContextHandler (ContextHandler.java:doStart(781)) - Started o.e.j.s.ServletContextHandler@2f17e30d{/logs,file:///workdir/hadoop-ozone/integration-test/target/log,AVAILABLE}
2019-09-26 20:35:32,750 [main] INFO  handler.ContextHandler (ContextHandler.java:doStart(781)) - Started o.e.j.s.ServletContextHandler@1d131e1b{/static,file:///workdir/hadoop-ozone/integration-test/target/test-classes/webapps/static,AVAILABLE}
2019-09-26 20:35:32,782 [main] INFO  handler.ContextHandler (ContextHandler.java:doStart(781)) - Started o.e.j.w.WebAppContext@660e9100{/,file:///workdir/hadoop-ozone/integration-test/target/test-classes/webapps/scm/,AVAILABLE}{/scm}
2019-09-26 20:35:32,788 [main] INFO  server.AbstractConnector (AbstractConnector.java:doStart(278)) - Started ServerConnector@5aabbb29{HTTP/1.1,[http/1.1]}{0.0.0.0:43128}
2019-09-26 20:35:32,788 [main] INFO  server.Server (Server.java:doStart(419)) - Started @3041ms
2019-09-26 20:35:32,790 [main] INFO  impl.MetricsSinkAdapter (MetricsSinkAdapter.java:start(204)) - Sink prometheus started
2019-09-26 20:35:32,791 [main] INFO  impl.MetricsSystemImpl (MetricsSystemImpl.java:registerSink(301)) - Registered sink prometheus
2019-09-26 20:35:32,792 [main] INFO  server.BaseHttpServer (BaseHttpServer.java:updateConnectorAddress(215)) - HTTP server of SCM is listening at http://0.0.0.0:43128
2019-09-26 20:35:32,798 [org.apache.hadoop.util.JvmPauseMonitor$Monitor@7927bd9f] INFO  util.JvmPauseMonitor (JvmPauseMonitor.java:run(188)) - Starting JVM pause monitor
2019-09-26 20:35:32,801 [main] WARN  server.ServerUtils (ServerUtils.java:getDBPath(222)) - ozone.om.db.dirs is not configured. We recommend adding this setting. Falling back to ozone.metadata.dirs instead.
2019-09-26 20:35:32,907 [main] INFO  ha.OMHANodeDetails (OMHANodeDetails.java:loadOMHAConfig(194)) - Configuration either no ozone.om.address set. Falling back to the default OM address /127.0.0.1:0
2019-09-26 20:35:32,907 [main] INFO  ha.OMHANodeDetails (OMHANodeDetails.java:getOMNodeDetails(224)) - OM Service ID is not set. Setting it to the default ID: omServiceIdDefault
2019-09-26 20:35:32,909 [main] WARN  server.ServerUtils (ServerUtils.java:getDBPath(222)) - ozone.om.db.dirs is not configured. We recommend adding this setting. Falling back to ozone.metadata.dirs instead.
2019-09-26 20:35:32,909 [main] WARN  server.ServerUtils (ServerUtils.java:getDBPath(222)) - ozone.om.db.dirs is not configured. We recommend adding this setting. Falling back to ozone.metadata.dirs instead.
2019-09-26 20:35:33,604 [main] WARN  server.ServerUtils (ServerUtils.java:getDBPath(222)) - ozone.om.db.dirs is not configured. We recommend adding this setting. Falling back to ozone.metadata.dirs instead.
2019-09-26 20:35:33,611 [main] INFO  db.DBStoreBuilder (DBStoreBuilder.java:addTable(110)) - using custom profile for table: userTable
2019-09-26 20:35:33,612 [main] INFO  db.DBStoreBuilder (DBStoreBuilder.java:processTables(161)) - Using default column profile:DBProfile.DISK for Table:userTable
2019-09-26 20:35:33,612 [main] INFO  db.DBStoreBuilder (DBStoreBuilder.java:addTable(110)) - using custom profile for table: volumeTable
2019-09-26 20:35:33,612 [main] INFO  db.DBStoreBuilder (DBStoreBuilder.java:processTables(161)) - Using default column profile:DBProfile.DISK for Table:volumeTable
2019-09-26 20:35:33,613 [main] INFO  db.DBStoreBuilder (DBStoreBuilder.java:addTable(110)) - using custom profile for table: bucketTable
2019-09-26 20:35:33,613 [main] INFO  db.DBStoreBuilder (DBStoreBuilder.java:processTables(161)) - Using default column profile:DBProfile.DISK for Table:bucketTable
2019-09-26 20:35:33,613 [main] INFO  db.DBStoreBuilder (DBStoreBuilder.java:addTable(110)) - using custom profile for table: keyTable
2019-09-26 20:35:33,613 [main] INFO  db.DBStoreBuilder (DBStoreBuilder.java:processTables(161)) - Using default column profile:DBProfile.DISK for Table:keyTable
2019-09-26 20:35:33,614 [main] INFO  db.DBStoreBuilder (DBStoreBuilder.java:addTable(110)) - using custom profile for table: deletedTable
2019-09-26 20:35:33,614 [main] INFO  db.DBStoreBuilder (DBStoreBuilder.java:processTables(161)) - Using default column profile:DBProfile.DISK for Table:deletedTable
2019-09-26 20:35:33,614 [main] INFO  db.DBStoreBuilder (DBStoreBuilder.java:addTable(110)) - using custom profile for table: openKeyTable
2019-09-26 20:35:33,614 [main] INFO  db.DBStoreBuilder (DBStoreBuilder.java:processTables(161)) - Using default column profile:DBProfile.DISK for Table:openKeyTable
2019-09-26 20:35:33,614 [main] INFO  db.DBStoreBuilder (DBStoreBuilder.java:addTable(110)) - using custom profile for table: s3Table
2019-09-26 20:35:33,615 [main] INFO  db.DBStoreBuilder (DBStoreBuilder.java:processTables(161)) - Using default column profile:DBProfile.DISK for Table:s3Table
2019-09-26 20:35:33,615 [main] INFO  db.DBStoreBuilder (DBStoreBuilder.java:addTable(110)) - using custom profile for table: multipartInfoTable
2019-09-26 20:35:33,615 [main] INFO  db.DBStoreBuilder (DBStoreBuilder.java:processTables(161)) - Using default column profile:DBProfile.DISK for Table:multipartInfoTable
2019-09-26 20:35:33,615 [main] INFO  db.DBStoreBuilder (DBStoreBuilder.java:addTable(110)) - using custom profile for table: dTokenTable
2019-09-26 20:35:33,616 [main] INFO  db.DBStoreBuilder (DBStoreBuilder.java:processTables(161)) - Using default column profile:DBProfile.DISK for Table:dTokenTable
2019-09-26 20:35:33,616 [main] INFO  db.DBStoreBuilder (DBStoreBuilder.java:addTable(110)) - using custom profile for table: s3SecretTable
2019-09-26 20:35:33,616 [main] INFO  db.DBStoreBuilder (DBStoreBuilder.java:processTables(161)) - Using default column profile:DBProfile.DISK for Table:s3SecretTable
2019-09-26 20:35:33,617 [main] INFO  db.DBStoreBuilder (DBStoreBuilder.java:addTable(110)) - using custom profile for table: prefixTable
2019-09-26 20:35:33,617 [main] INFO  db.DBStoreBuilder (DBStoreBuilder.java:processTables(161)) - Using default column profile:DBProfile.DISK for Table:prefixTable
2019-09-26 20:35:33,617 [main] INFO  db.DBStoreBuilder (DBStoreBuilder.java:addTable(110)) - using custom profile for table: default
2019-09-26 20:35:33,617 [main] INFO  db.DBStoreBuilder (DBStoreBuilder.java:processTables(167)) - Using default column profile:DBProfile.DISK for Table:default
2019-09-26 20:35:33,617 [main] INFO  db.DBStoreBuilder (DBStoreBuilder.java:getDbProfile(198)) - Using default options. DBProfile.DISK
2019-09-26 20:35:34,144 [main] INFO  ipc.CallQueueManager (CallQueueManager.java:<init>(84)) - Using callQueue: class java.util.concurrent.LinkedBlockingQueue, queueCapacity: 2000, scheduler: class org.apache.hadoop.ipc.DefaultRpcScheduler, ipcBackoff: false.
2019-09-26 20:35:34,145 [Socket Reader #1 for port 43678] INFO  ipc.Server (Server.java:run(1074)) - Starting Socket Reader #1 for port 43678
2019-09-26 20:35:34,167 [main] INFO  om.OzoneManager (OzoneManager.java:start(1069)) - OzoneManager RPC server is listening at localhost/127.0.0.1:43678
2019-09-26 20:35:34,167 [main] INFO  impl.MetricsSystemImpl (MetricsSystemImpl.java:init(158)) - OzoneManager metrics system started (again)
2019-09-26 20:35:34,168 [IPC Server Responder] INFO  ipc.Server (Server.java:run(1314)) - IPC Server Responder: starting
2019-09-26 20:35:34,168 [IPC Server listener on 43678] INFO  ipc.Server (Server.java:run(1153)) - IPC Server listener on 43678: starting
2019-09-26 20:35:34,174 [main] INFO  hdfs.DFSUtil (DFSUtil.java:httpServerTemplateForNNAndJN(1641)) - Starting Web-server for ozoneManager at: http://0.0.0.0:0
2019-09-26 20:35:34,176 [main] INFO  server.AuthenticationFilter (AuthenticationFilter.java:constructSecretProvider(240)) - Unable to initialize FileSignerSecretProvider, falling back to use random secrets.
2019-09-26 20:35:34,176 [main] WARN  http.HttpRequestLog (HttpRequestLog.java:getRequestLog(97)) - Jetty request log can only be enabled using Log4j
2019-09-26 20:35:34,179 [main] INFO  http.HttpServer2 (HttpServer2.java:addGlobalFilter(975)) - Added global filter 'safety' (class=org.apache.hadoop.http.HttpServer2$QuotingInputFilter)
2019-09-26 20:35:34,179 [main] INFO  http.HttpServer2 (HttpServer2.java:addFilter(948)) - Added filter static_user_filter (class=org.apache.hadoop.http.lib.StaticUserWebFilter$StaticUserFilter) to context ozoneManager
2019-09-26 20:35:34,180 [main] INFO  http.HttpServer2 (HttpServer2.java:addFilter(958)) - Added filter static_user_filter (class=org.apache.hadoop.http.lib.StaticUserWebFilter$StaticUserFilter) to context logs
2019-09-26 20:35:34,180 [main] INFO  http.HttpServer2 (HttpServer2.java:addFilter(958)) - Added filter static_user_filter (class=org.apache.hadoop.http.lib.StaticUserWebFilter$StaticUserFilter) to context static
2019-09-26 20:35:34,182 [main] INFO  http.HttpServer2 (HttpServer2.java:bindListener(1191)) - Jetty bound to port 33244
2019-09-26 20:35:34,182 [main] INFO  server.Server (Server.java:doStart(351)) - jetty-9.3.25.v20180904, build timestamp: 2018-09-04T21:11:46Z, git hash: 3ce520221d0240229c862b122d2b06c12a625732
2019-09-26 20:35:34,185 [main] INFO  handler.ContextHandler (ContextHandler.java:doStart(781)) - Started o.e.j.s.ServletContextHandler@49aa766b{/logs,file:///workdir/hadoop-ozone/integration-test/target/log,AVAILABLE}
2019-09-26 20:35:34,186 [main] INFO  handler.ContextHandler (ContextHandler.java:doStart(781)) - Started o.e.j.s.ServletContextHandler@65004ff6{/static,file:///workdir/hadoop-ozone/integration-test/target/test-classes/webapps/static,AVAILABLE}
2019-09-26 20:35:34,194 [main] INFO  handler.ContextHandler (ContextHandler.java:doStart(781)) - Started o.e.j.w.WebAppContext@4158debd{/,file:///workdir/hadoop-ozone/integration-test/target/test-classes/webapps/ozoneManager/,AVAILABLE}{/ozoneManager}
2019-09-26 20:35:34,195 [main] INFO  server.AbstractConnector (AbstractConnector.java:doStart(278)) - Started ServerConnector@af78c87{HTTP/1.1,[http/1.1]}{0.0.0.0:33244}
2019-09-26 20:35:34,196 [main] INFO  server.Server (Server.java:doStart(419)) - Started @4449ms
2019-09-26 20:35:34,196 [main] WARN  impl.MetricsSystemImpl (MetricsSystemImpl.java:register(276)) - Sink prometheus already exists!
2019-09-26 20:35:34,197 [main] INFO  server.BaseHttpServer (BaseHttpServer.java:updateConnectorAddress(215)) - HTTP server of OZONEMANAGER is listening at http://0.0.0.0:33244
2019-09-26 20:35:34,576 [main] INFO  impl.MetricsSystemImpl (MetricsSystemImpl.java:init(158)) - HddsDatanode metrics system started (again)
2019-09-26 20:35:34,627 [main] INFO  ozone.HddsDatanodeService (HddsDatanodeService.java:start(184)) - HddsDatanodeService host:pr-hdds-2162-kpcbn-4093309294 ip:192.168.151.109
2019-09-26 20:35:34,661 [main] INFO  volume.HddsVolume (HddsVolume.java:<init>(176)) - Creating Volume: /workdir/hadoop-ozone/integration-test/target/test-dir/MiniOzoneClusterImpl-6b3e93c2-f638-46ca-bf75-ac80d5cb12e3/datanode-0/data/containers/hdds of  storage type : DISK and capacity : 1482555576320
2019-09-26 20:35:34,663 [main] INFO  volume.VolumeSet (VolumeSet.java:initializeVolumeSet(170)) - Added Volume : /workdir/hadoop-ozone/integration-test/target/test-dir/MiniOzoneClusterImpl-6b3e93c2-f638-46ca-bf75-ac80d5cb12e3/datanode-0/data/containers/hdds to VolumeSet
2019-09-26 20:35:34,666 [main] INFO  volume.ThrottledAsyncChecker (ThrottledAsyncChecker.java:schedule(139)) - Scheduling a check for org.apache.hadoop.ozone.container.common.volume.HddsVolume@bb9ab64
2019-09-26 20:35:34,684 [main] INFO  volume.HddsVolumeChecker (HddsVolumeChecker.java:checkAllVolumes(202)) - Scheduled health check for volume org.apache.hadoop.ozone.container.common.volume.HddsVolume@bb9ab64
2019-09-26 20:35:34,820 [main] INFO  impl.RaftServerProxy (ConfUtils.java:logGet(43)) - raft.rpc.type = GRPC (default)
2019-09-26 20:35:34,913 [main] INFO  grpc.GrpcFactory (GrpcFactory.java:checkPooledByteBufAllocatorUseCacheForAllThreads(45)) - PERFORMANCE WARNING: useCacheForAllThreads is true that may cause Netty to create a lot garbage objects and, as a result, trigger GC.
	It is recommended to disable useCacheForAllThreads by setting -Dorg.apache.ratis.thirdparty.io.netty.allocator.useCacheForAllThreads=false in command line.
2019-09-26 20:35:34,919 [main] INFO  grpc.GrpcConfigKeys$Server (ConfUtils.java:logGet(43)) - raft.grpc.server.port = 0 (default)
2019-09-26 20:35:34,920 [main] INFO  server.GrpcService (ConfUtils.java:logGet(43)) - raft.grpc.message.size.max = 33570816 (custom)
2019-09-26 20:35:34,922 [main] INFO  server.RaftServerConfigKeys (ConfUtils.java:logGet(43)) - raft.server.log.appender.buffer.byte-limit = 33554432 (custom)
2019-09-26 20:35:34,923 [main] INFO  server.GrpcService (ConfUtils.java:logGet(43)) - raft.grpc.flow.control.window = 1MB (=1048576) (default)
2019-09-26 20:35:34,924 [main] INFO  server.RaftServerConfigKeys (ConfUtils.java:logGet(43)) - raft.server.rpc.request.timeout = 3000ms (default)
2019-09-26 20:35:35,097 [main] INFO  server.RaftServerConfigKeys (ConfUtils.java:logGet(43)) - raft.server.storage.dir = [/workdir/hadoop-ozone/integration-test/target/test-dir/MiniOzoneClusterImpl-6b3e93c2-f638-46ca-bf75-ac80d5cb12e3/datanode-0/data/ratis] (custom)
2019-09-26 20:35:35,177 [main] INFO  hdfs.DFSUtil (DFSUtil.java:httpServerTemplateForNNAndJN(1641)) - Starting Web-server for hddsDatanode at: http://0.0.0.0:0
2019-09-26 20:35:35,179 [main] INFO  server.AuthenticationFilter (AuthenticationFilter.java:constructSecretProvider(240)) - Unable to initialize FileSignerSecretProvider, falling back to use random secrets.
2019-09-26 20:35:35,180 [main] WARN  http.HttpRequestLog (HttpRequestLog.java:getRequestLog(97)) - Jetty request log can only be enabled using Log4j
2019-09-26 20:35:35,183 [main] INFO  http.HttpServer2 (HttpServer2.java:addGlobalFilter(975)) - Added global filter 'safety' (class=org.apache.hadoop.http.HttpServer2$QuotingInputFilter)
2019-09-26 20:35:35,184 [main] INFO  http.HttpServer2 (HttpServer2.java:addFilter(948)) - Added filter static_user_filter (class=org.apache.hadoop.http.lib.StaticUserWebFilter$StaticUserFilter) to context hddsDatanode
2019-09-26 20:35:35,184 [main] INFO  http.HttpServer2 (HttpServer2.java:addFilter(958)) - Added filter static_user_filter (class=org.apache.hadoop.http.lib.StaticUserWebFilter$StaticUserFilter) to context static
2019-09-26 20:35:35,185 [main] INFO  http.HttpServer2 (HttpServer2.java:addFilter(958)) - Added filter static_user_filter (class=org.apache.hadoop.http.lib.StaticUserWebFilter$StaticUserFilter) to context logs
2019-09-26 20:35:35,187 [main] INFO  http.HttpServer2 (HttpServer2.java:bindListener(1191)) - Jetty bound to port 43812
2019-09-26 20:35:35,187 [main] INFO  server.Server (Server.java:doStart(351)) - jetty-9.3.25.v20180904, build timestamp: 2018-09-04T21:11:46Z, git hash: 3ce520221d0240229c862b122d2b06c12a625732
2019-09-26 20:35:35,190 [main] INFO  handler.ContextHandler (ContextHandler.java:doStart(781)) - Started o.e.j.s.ServletContextHandler@26f46fa6{/logs,file:///workdir/hadoop-ozone/integration-test/target/log,AVAILABLE}
2019-09-26 20:35:35,191 [main] INFO  handler.ContextHandler (ContextHandler.java:doStart(781)) - Started o.e.j.s.ServletContextHandler@9596ce8{/static,jar:file:/home/user/.m2/repository/org/apache/hadoop/hadoop-hdds-container-service/0.5.0-SNAPSHOT/hadoop-hdds-container-service-0.5.0-SNAPSHOT.jar!/webapps/static,AVAILABLE}
2019-09-26 20:35:35,241 [main] INFO  handler.ContextHandler (ContextHandler.java:doStart(781)) - Started o.e.j.w.WebAppContext@623dcf2a{/,file:///tmp/jetty-0.0.0.0-43812-hddsDatanode-_-any-5002442788583633107.dir/webapp/,AVAILABLE}{/hddsDatanode}
2019-09-26 20:35:35,242 [main] INFO  server.AbstractConnector (AbstractConnector.java:doStart(278)) - Started ServerConnector@2eae4349{HTTP/1.1,[http/1.1]}{0.0.0.0:43812}
2019-09-26 20:35:35,243 [main] INFO  server.Server (Server.java:doStart(419)) - Started @5496ms
2019-09-26 20:35:35,244 [main] WARN  impl.MetricsSystemImpl (MetricsSystemImpl.java:register(276)) - Sink prometheus already exists!
2019-09-26 20:35:35,245 [main] INFO  server.BaseHttpServer (BaseHttpServer.java:updateConnectorAddress(215)) - HTTP server of HDDSDATANODE is listening at http://0.0.0.0:43812
2019-09-26 20:35:35,246 [main] INFO  impl.MetricsSystemImpl (MetricsSystemImpl.java:init(158)) - HddsDatanode metrics system started (again)
2019-09-26 20:35:35,249 [main] INFO  ozone.HddsDatanodeService (HddsDatanodeService.java:start(184)) - HddsDatanodeService host:pr-hdds-2162-kpcbn-4093309294 ip:192.168.151.109
2019-09-26 20:35:35,252 [org.apache.hadoop.util.JvmPauseMonitor$Monitor@266d43cd] INFO  util.JvmPauseMonitor (JvmPauseMonitor.java:run(188)) - Starting JVM pause monitor
2019-09-26 20:35:35,259 [main] INFO  volume.HddsVolume (HddsVolume.java:<init>(176)) - Creating Volume: /workdir/hadoop-ozone/integration-test/target/test-dir/MiniOzoneClusterImpl-6b3e93c2-f638-46ca-bf75-ac80d5cb12e3/datanode-1/data/containers/hdds of  storage type : DISK and capacity : 1482555576320
2019-09-26 20:35:35,260 [main] INFO  volume.VolumeSet (VolumeSet.java:initializeVolumeSet(170)) - Added Volume : /workdir/hadoop-ozone/integration-test/target/test-dir/MiniOzoneClusterImpl-6b3e93c2-f638-46ca-bf75-ac80d5cb12e3/datanode-1/data/containers/hdds to VolumeSet
2019-09-26 20:35:35,260 [main] INFO  volume.ThrottledAsyncChecker (ThrottledAsyncChecker.java:schedule(139)) - Scheduling a check for org.apache.hadoop.ozone.container.common.volume.HddsVolume@654c7d2d
2019-09-26 20:35:35,262 [main] INFO  volume.HddsVolumeChecker (HddsVolumeChecker.java:checkAllVolumes(202)) - Scheduled health check for volume org.apache.hadoop.ozone.container.common.volume.HddsVolume@654c7d2d
2019-09-26 20:35:35,280 [main] INFO  impl.RaftServerProxy (ConfUtils.java:logGet(43)) - raft.rpc.type = GRPC (default)
2019-09-26 20:35:35,280 [main] INFO  grpc.GrpcFactory (GrpcFactory.java:checkPooledByteBufAllocatorUseCacheForAllThreads(45)) - PERFORMANCE WARNING: useCacheForAllThreads is true that may cause Netty to create a lot garbage objects and, as a result, trigger GC.
	It is recommended to disable useCacheForAllThreads by setting -Dorg.apache.ratis.thirdparty.io.netty.allocator.useCacheForAllThreads=false in command line.
2019-09-26 20:35:35,281 [main] INFO  grpc.GrpcConfigKeys$Server (ConfUtils.java:logGet(43)) - raft.grpc.server.port = 0 (default)
2019-09-26 20:35:35,281 [main] INFO  server.GrpcService (ConfUtils.java:logGet(43)) - raft.grpc.message.size.max = 33570816 (custom)
2019-09-26 20:35:35,281 [main] INFO  server.RaftServerConfigKeys (ConfUtils.java:logGet(43)) - raft.server.log.appender.buffer.byte-limit = 33554432 (custom)
2019-09-26 20:35:35,282 [main] INFO  server.GrpcService (ConfUtils.java:logGet(43)) - raft.grpc.flow.control.window = 1MB (=1048576) (default)
2019-09-26 20:35:35,282 [main] INFO  server.RaftServerConfigKeys (ConfUtils.java:logGet(43)) - raft.server.rpc.request.timeout = 3000ms (default)
2019-09-26 20:35:35,283 [main] INFO  server.RaftServerConfigKeys (ConfUtils.java:logGet(43)) - raft.server.storage.dir = [/workdir/hadoop-ozone/integration-test/target/test-dir/MiniOzoneClusterImpl-6b3e93c2-f638-46ca-bf75-ac80d5cb12e3/datanode-1/data/ratis] (custom)
2019-09-26 20:35:35,286 [main] INFO  hdfs.DFSUtil (DFSUtil.java:httpServerTemplateForNNAndJN(1641)) - Starting Web-server for hddsDatanode at: http://0.0.0.0:0
2019-09-26 20:35:35,287 [main] INFO  server.AuthenticationFilter (AuthenticationFilter.java:constructSecretProvider(240)) - Unable to initialize FileSignerSecretProvider, falling back to use random secrets.
2019-09-26 20:35:35,288 [main] WARN  http.HttpRequestLog (HttpRequestLog.java:getRequestLog(97)) - Jetty request log can only be enabled using Log4j
2019-09-26 20:35:35,290 [main] INFO  http.HttpServer2 (HttpServer2.java:addGlobalFilter(975)) - Added global filter 'safety' (class=org.apache.hadoop.http.HttpServer2$QuotingInputFilter)
2019-09-26 20:35:35,291 [main] INFO  http.HttpServer2 (HttpServer2.java:addFilter(948)) - Added filter static_user_filter (class=org.apache.hadoop.http.lib.StaticUserWebFilter$StaticUserFilter) to context hddsDatanode
2019-09-26 20:35:35,292 [main] INFO  http.HttpServer2 (HttpServer2.java:addFilter(958)) - Added filter static_user_filter (class=org.apache.hadoop.http.lib.StaticUserWebFilter$StaticUserFilter) to context logs
2019-09-26 20:35:35,292 [main] INFO  http.HttpServer2 (HttpServer2.java:addFilter(958)) - Added filter static_user_filter (class=org.apache.hadoop.http.lib.StaticUserWebFilter$StaticUserFilter) to context static
2019-09-26 20:35:35,293 [main] INFO  http.HttpServer2 (HttpServer2.java:bindListener(1191)) - Jetty bound to port 41062
2019-09-26 20:35:35,293 [main] INFO  server.Server (Server.java:doStart(351)) - jetty-9.3.25.v20180904, build timestamp: 2018-09-04T21:11:46Z, git hash: 3ce520221d0240229c862b122d2b06c12a625732
2019-09-26 20:35:35,299 [main] INFO  handler.ContextHandler (ContextHandler.java:doStart(781)) - Started o.e.j.s.ServletContextHandler@3bbf841e{/logs,file:///workdir/hadoop-ozone/integration-test/target/log,AVAILABLE}
2019-09-26 20:35:35,300 [main] INFO  handler.ContextHandler (ContextHandler.java:doStart(781)) - Started o.e.j.s.ServletContextHandler@56a4f272{/static,jar:file:/home/user/.m2/repository/org/apache/hadoop/hadoop-hdds-container-service/0.5.0-SNAPSHOT/hadoop-hdds-container-service-0.5.0-SNAPSHOT.jar!/webapps/static,AVAILABLE}
2019-09-26 20:35:35,341 [main] INFO  handler.ContextHandler (ContextHandler.java:doStart(781)) - Started o.e.j.w.WebAppContext@6cff61fc{/,file:///tmp/jetty-0.0.0.0-41062-hddsDatanode-_-any-3093581126244182143.dir/webapp/,AVAILABLE}{/hddsDatanode}
2019-09-26 20:35:35,343 [main] INFO  server.AbstractConnector (AbstractConnector.java:doStart(278)) - Started ServerConnector@6e0c6a7a{HTTP/1.1,[http/1.1]}{0.0.0.0:41062}
2019-09-26 20:35:35,344 [main] INFO  server.Server (Server.java:doStart(419)) - Started @5597ms
2019-09-26 20:35:35,344 [main] WARN  impl.MetricsSystemImpl (MetricsSystemImpl.java:register(276)) - Sink prometheus already exists!
2019-09-26 20:35:35,345 [main] INFO  server.BaseHttpServer (BaseHttpServer.java:updateConnectorAddress(215)) - HTTP server of HDDSDATANODE is listening at http://0.0.0.0:41062
2019-09-26 20:35:35,346 [main] INFO  impl.MetricsSystemImpl (MetricsSystemImpl.java:init(158)) - HddsDatanode metrics system started (again)
2019-09-26 20:35:35,348 [org.apache.hadoop.util.JvmPauseMonitor$Monitor@3d69bd19] INFO  util.JvmPauseMonitor (JvmPauseMonitor.java:run(188)) - Starting JVM pause monitor
2019-09-26 20:35:35,351 [main] INFO  ozone.HddsDatanodeService (HddsDatanodeService.java:start(184)) - HddsDatanodeService host:pr-hdds-2162-kpcbn-4093309294 ip:192.168.151.109
2019-09-26 20:35:35,359 [main] INFO  volume.HddsVolume (HddsVolume.java:<init>(176)) - Creating Volume: /workdir/hadoop-ozone/integration-test/target/test-dir/MiniOzoneClusterImpl-6b3e93c2-f638-46ca-bf75-ac80d5cb12e3/datanode-2/data/containers/hdds of  storage type : DISK and capacity : 1482555576320
2019-09-26 20:35:35,359 [main] INFO  volume.VolumeSet (VolumeSet.java:initializeVolumeSet(170)) - Added Volume : /workdir/hadoop-ozone/integration-test/target/test-dir/MiniOzoneClusterImpl-6b3e93c2-f638-46ca-bf75-ac80d5cb12e3/datanode-2/data/containers/hdds to VolumeSet
2019-09-26 20:35:35,360 [main] INFO  volume.ThrottledAsyncChecker (ThrottledAsyncChecker.java:schedule(139)) - Scheduling a check for org.apache.hadoop.ozone.container.common.volume.HddsVolume@799ed4e8
2019-09-26 20:35:35,361 [main] INFO  volume.HddsVolumeChecker (HddsVolumeChecker.java:checkAllVolumes(202)) - Scheduled health check for volume org.apache.hadoop.ozone.container.common.volume.HddsVolume@799ed4e8
2019-09-26 20:35:35,367 [Datanode State Machine Thread - 0] INFO  datanode.InitDatanodeState (InitDatanodeState.java:persistContainerDatanodeDetails(140)) - DatanodeDetails is persisted to /workdir/hadoop-ozone/integration-test/target/test-dir/MiniOzoneClusterImpl-6b3e93c2-f638-46ca-bf75-ac80d5cb12e3/datanode-0/meta/datanode.id
2019-09-26 20:35:35,370 [Datanode State Machine Thread - 0] INFO  datanode.InitDatanodeState (InitDatanodeState.java:persistContainerDatanodeDetails(140)) - DatanodeDetails is persisted to /workdir/hadoop-ozone/integration-test/target/test-dir/MiniOzoneClusterImpl-6b3e93c2-f638-46ca-bf75-ac80d5cb12e3/datanode-1/meta/datanode.id
2019-09-26 20:35:35,384 [main] INFO  impl.RaftServerProxy (ConfUtils.java:logGet(43)) - raft.rpc.type = GRPC (default)
2019-09-26 20:35:35,385 [main] INFO  grpc.GrpcFactory (GrpcFactory.java:checkPooledByteBufAllocatorUseCacheForAllThreads(45)) - PERFORMANCE WARNING: useCacheForAllThreads is true that may cause Netty to create a lot garbage objects and, as a result, trigger GC.
	It is recommended to disable useCacheForAllThreads by setting -Dorg.apache.ratis.thirdparty.io.netty.allocator.useCacheForAllThreads=false in command line.
2019-09-26 20:35:35,385 [main] INFO  grpc.GrpcConfigKeys$Server (ConfUtils.java:logGet(43)) - raft.grpc.server.port = 0 (default)
2019-09-26 20:35:35,385 [main] INFO  server.GrpcService (ConfUtils.java:logGet(43)) - raft.grpc.message.size.max = 33570816 (custom)
2019-09-26 20:35:35,386 [main] INFO  server.RaftServerConfigKeys (ConfUtils.java:logGet(43)) - raft.server.log.appender.buffer.byte-limit = 33554432 (custom)
2019-09-26 20:35:35,386 [main] INFO  server.GrpcService (ConfUtils.java:logGet(43)) - raft.grpc.flow.control.window = 1MB (=1048576) (default)
2019-09-26 20:35:35,387 [main] INFO  server.RaftServerConfigKeys (ConfUtils.java:logGet(43)) - raft.server.rpc.request.timeout = 3000ms (default)
2019-09-26 20:35:35,387 [main] INFO  server.RaftServerConfigKeys (ConfUtils.java:logGet(43)) - raft.server.storage.dir = [/workdir/hadoop-ozone/integration-test/target/test-dir/MiniOzoneClusterImpl-6b3e93c2-f638-46ca-bf75-ac80d5cb12e3/datanode-2/data/ratis] (custom)
2019-09-26 20:35:35,390 [main] INFO  hdfs.DFSUtil (DFSUtil.java:httpServerTemplateForNNAndJN(1641)) - Starting Web-server for hddsDatanode at: http://0.0.0.0:0
2019-09-26 20:35:35,392 [main] INFO  server.AuthenticationFilter (AuthenticationFilter.java:constructSecretProvider(240)) - Unable to initialize FileSignerSecretProvider, falling back to use random secrets.
2019-09-26 20:35:35,392 [main] WARN  http.HttpRequestLog (HttpRequestLog.java:getRequestLog(97)) - Jetty request log can only be enabled using Log4j
2019-09-26 20:35:35,394 [main] INFO  http.HttpServer2 (HttpServer2.java:addGlobalFilter(975)) - Added global filter 'safety' (class=org.apache.hadoop.http.HttpServer2$QuotingInputFilter)
2019-09-26 20:35:35,395 [main] INFO  http.HttpServer2 (HttpServer2.java:addFilter(948)) - Added filter static_user_filter (class=org.apache.hadoop.http.lib.StaticUserWebFilter$StaticUserFilter) to context hddsDatanode
2019-09-26 20:35:35,395 [main] INFO  http.HttpServer2 (HttpServer2.java:addFilter(958)) - Added filter static_user_filter (class=org.apache.hadoop.http.lib.StaticUserWebFilter$StaticUserFilter) to context logs
2019-09-26 20:35:35,395 [main] INFO  http.HttpServer2 (HttpServer2.java:addFilter(958)) - Added filter static_user_filter (class=org.apache.hadoop.http.lib.StaticUserWebFilter$StaticUserFilter) to context static
2019-09-26 20:35:35,396 [main] INFO  http.HttpServer2 (HttpServer2.java:bindListener(1191)) - Jetty bound to port 39892
2019-09-26 20:35:35,397 [main] INFO  server.Server (Server.java:doStart(351)) - jetty-9.3.25.v20180904, build timestamp: 2018-09-04T21:11:46Z, git hash: 3ce520221d0240229c862b122d2b06c12a625732
2019-09-26 20:35:35,399 [main] INFO  handler.ContextHandler (ContextHandler.java:doStart(781)) - Started o.e.j.s.ServletContextHandler@5a6d30e2{/logs,file:///workdir/hadoop-ozone/integration-test/target/log,AVAILABLE}
2019-09-26 20:35:35,400 [main] INFO  handler.ContextHandler (ContextHandler.java:doStart(781)) - Started o.e.j.s.ServletContextHandler@a098d76{/static,jar:file:/home/user/.m2/repository/org/apache/hadoop/hadoop-hdds-container-service/0.5.0-SNAPSHOT/hadoop-hdds-container-service-0.5.0-SNAPSHOT.jar!/webapps/static,AVAILABLE}
2019-09-26 20:35:35,438 [main] INFO  handler.ContextHandler (ContextHandler.java:doStart(781)) - Started o.e.j.w.WebAppContext@784abd3e{/,file:///tmp/jetty-0.0.0.0-39892-hddsDatanode-_-any-5020461524638197871.dir/webapp/,AVAILABLE}{/hddsDatanode}
2019-09-26 20:35:35,439 [main] INFO  server.AbstractConnector (AbstractConnector.java:doStart(278)) - Started ServerConnector@36c2b646{HTTP/1.1,[http/1.1]}{0.0.0.0:39892}
2019-09-26 20:35:35,441 [main] INFO  server.Server (Server.java:doStart(419)) - Started @5694ms
2019-09-26 20:35:35,441 [main] WARN  impl.MetricsSystemImpl (MetricsSystemImpl.java:register(276)) - Sink prometheus already exists!
2019-09-26 20:35:35,442 [main] INFO  server.BaseHttpServer (BaseHttpServer.java:updateConnectorAddress(215)) - HTTP server of HDDSDATANODE is listening at http://0.0.0.0:39892
2019-09-26 20:35:35,443 [main] INFO  impl.MetricsSystemImpl (MetricsSystemImpl.java:init(158)) - HddsDatanode metrics system started (again)
2019-09-26 20:35:35,446 [main] INFO  ozone.HddsDatanodeService (HddsDatanodeService.java:start(184)) - HddsDatanodeService host:pr-hdds-2162-kpcbn-4093309294 ip:192.168.151.109
2019-09-26 20:35:35,446 [org.apache.hadoop.util.JvmPauseMonitor$Monitor@548da8f3] INFO  util.JvmPauseMonitor (JvmPauseMonitor.java:run(188)) - Starting JVM pause monitor
2019-09-26 20:35:35,450 [Datanode State Machine Thread - 0] INFO  datanode.InitDatanodeState (InitDatanodeState.java:persistContainerDatanodeDetails(140)) - DatanodeDetails is persisted to /workdir/hadoop-ozone/integration-test/target/test-dir/MiniOzoneClusterImpl-6b3e93c2-f638-46ca-bf75-ac80d5cb12e3/datanode-2/meta/datanode.id
2019-09-26 20:35:35,456 [main] INFO  volume.HddsVolume (HddsVolume.java:<init>(176)) - Creating Volume: /workdir/hadoop-ozone/integration-test/target/test-dir/MiniOzoneClusterImpl-6b3e93c2-f638-46ca-bf75-ac80d5cb12e3/datanode-3/data/containers/hdds of  storage type : DISK and capacity : 1482555576320
2019-09-26 20:35:35,456 [main] INFO  volume.VolumeSet (VolumeSet.java:initializeVolumeSet(170)) - Added Volume : /workdir/hadoop-ozone/integration-test/target/test-dir/MiniOzoneClusterImpl-6b3e93c2-f638-46ca-bf75-ac80d5cb12e3/datanode-3/data/containers/hdds to VolumeSet
2019-09-26 20:35:35,456 [main] INFO  volume.ThrottledAsyncChecker (ThrottledAsyncChecker.java:schedule(139)) - Scheduling a check for org.apache.hadoop.ozone.container.common.volume.HddsVolume@74ecacc3
2019-09-26 20:35:35,457 [main] INFO  volume.HddsVolumeChecker (HddsVolumeChecker.java:checkAllVolumes(202)) - Scheduled health check for volume org.apache.hadoop.ozone.container.common.volume.HddsVolume@74ecacc3
2019-09-26 20:35:35,470 [main] INFO  impl.RaftServerProxy (ConfUtils.java:logGet(43)) - raft.rpc.type = GRPC (default)
2019-09-26 20:35:35,470 [main] INFO  grpc.GrpcFactory (GrpcFactory.java:checkPooledByteBufAllocatorUseCacheForAllThreads(45)) - PERFORMANCE WARNING: useCacheForAllThreads is true that may cause Netty to create a lot garbage objects and, as a result, trigger GC.
	It is recommended to disable useCacheForAllThreads by setting -Dorg.apache.ratis.thirdparty.io.netty.allocator.useCacheForAllThreads=false in command line.
2019-09-26 20:35:35,471 [main] INFO  grpc.GrpcConfigKeys$Server (ConfUtils.java:logGet(43)) - raft.grpc.server.port = 0 (default)
2019-09-26 20:35:35,471 [main] INFO  server.GrpcService (ConfUtils.java:logGet(43)) - raft.grpc.message.size.max = 33570816 (custom)
2019-09-26 20:35:35,471 [main] INFO  server.RaftServerConfigKeys (ConfUtils.java:logGet(43)) - raft.server.log.appender.buffer.byte-limit = 33554432 (custom)
2019-09-26 20:35:35,471 [main] INFO  server.GrpcService (ConfUtils.java:logGet(43)) - raft.grpc.flow.control.window = 1MB (=1048576) (default)
2019-09-26 20:35:35,472 [main] INFO  server.RaftServerConfigKeys (ConfUtils.java:logGet(43)) - raft.server.rpc.request.timeout = 3000ms (default)
2019-09-26 20:35:35,472 [main] INFO  server.RaftServerConfigKeys (ConfUtils.java:logGet(43)) - raft.server.storage.dir = [/workdir/hadoop-ozone/integration-test/target/test-dir/MiniOzoneClusterImpl-6b3e93c2-f638-46ca-bf75-ac80d5cb12e3/datanode-3/data/ratis] (custom)
2019-09-26 20:35:35,474 [main] INFO  hdfs.DFSUtil (DFSUtil.java:httpServerTemplateForNNAndJN(1641)) - Starting Web-server for hddsDatanode at: http://0.0.0.0:0
2019-09-26 20:35:35,476 [main] INFO  server.AuthenticationFilter (AuthenticationFilter.java:constructSecretProvider(240)) - Unable to initialize FileSignerSecretProvider, falling back to use random secrets.
2019-09-26 20:35:35,476 [main] WARN  http.HttpRequestLog (HttpRequestLog.java:getRequestLog(97)) - Jetty request log can only be enabled using Log4j
2019-09-26 20:35:35,478 [main] INFO  http.HttpServer2 (HttpServer2.java:addGlobalFilter(975)) - Added global filter 'safety' (class=org.apache.hadoop.http.HttpServer2$QuotingInputFilter)
2019-09-26 20:35:35,479 [main] INFO  http.HttpServer2 (HttpServer2.java:addFilter(948)) - Added filter static_user_filter (class=org.apache.hadoop.http.lib.StaticUserWebFilter$StaticUserFilter) to context hddsDatanode
2019-09-26 20:35:35,479 [main] INFO  http.HttpServer2 (HttpServer2.java:addFilter(958)) - Added filter static_user_filter (class=org.apache.hadoop.http.lib.StaticUserWebFilter$StaticUserFilter) to context logs
2019-09-26 20:35:35,480 [main] INFO  http.HttpServer2 (HttpServer2.java:addFilter(958)) - Added filter static_user_filter (class=org.apache.hadoop.http.lib.StaticUserWebFilter$StaticUserFilter) to context static
2019-09-26 20:35:35,480 [main] INFO  http.HttpServer2 (HttpServer2.java:bindListener(1191)) - Jetty bound to port 38221
2019-09-26 20:35:35,481 [main] INFO  server.Server (Server.java:doStart(351)) - jetty-9.3.25.v20180904, build timestamp: 2018-09-04T21:11:46Z, git hash: 3ce520221d0240229c862b122d2b06c12a625732
2019-09-26 20:35:35,488 [main] INFO  handler.ContextHandler (ContextHandler.java:doStart(781)) - Started o.e.j.s.ServletContextHandler@252a8aae{/logs,file:///workdir/hadoop-ozone/integration-test/target/log,AVAILABLE}
2019-09-26 20:35:35,488 [main] INFO  handler.ContextHandler (ContextHandler.java:doStart(781)) - Started o.e.j.s.ServletContextHandler@54e2fe{/static,jar:file:/home/user/.m2/repository/org/apache/hadoop/hadoop-hdds-container-service/0.5.0-SNAPSHOT/hadoop-hdds-container-service-0.5.0-SNAPSHOT.jar!/webapps/static,AVAILABLE}
2019-09-26 20:35:35,530 [main] INFO  handler.ContextHandler (ContextHandler.java:doStart(781)) - Started o.e.j.w.WebAppContext@46349b95{/,file:///tmp/jetty-0.0.0.0-38221-hddsDatanode-_-any-2944891547587589623.dir/webapp/,AVAILABLE}{/hddsDatanode}
2019-09-26 20:35:35,531 [main] INFO  server.AbstractConnector (AbstractConnector.java:doStart(278)) - Started ServerConnector@176996c3{HTTP/1.1,[http/1.1]}{0.0.0.0:38221}
2019-09-26 20:35:35,533 [main] INFO  server.Server (Server.java:doStart(419)) - Started @5786ms
2019-09-26 20:35:35,533 [main] WARN  impl.MetricsSystemImpl (MetricsSystemImpl.java:register(276)) - Sink prometheus already exists!
2019-09-26 20:35:35,534 [main] INFO  server.BaseHttpServer (BaseHttpServer.java:updateConnectorAddress(215)) - HTTP server of HDDSDATANODE is listening at http://0.0.0.0:38221
2019-09-26 20:35:35,534 [main] INFO  impl.MetricsSystemImpl (MetricsSystemImpl.java:init(158)) - HddsDatanode metrics system started (again)
2019-09-26 20:35:35,538 [org.apache.hadoop.util.JvmPauseMonitor$Monitor@29040281] INFO  util.JvmPauseMonitor (JvmPauseMonitor.java:run(188)) - Starting JVM pause monitor
2019-09-26 20:35:35,539 [main] INFO  ozone.HddsDatanodeService (HddsDatanodeService.java:start(184)) - HddsDatanodeService host:pr-hdds-2162-kpcbn-4093309294 ip:192.168.151.109
2019-09-26 20:35:35,540 [Datanode State Machine Thread - 0] INFO  datanode.InitDatanodeState (InitDatanodeState.java:persistContainerDatanodeDetails(140)) - DatanodeDetails is persisted to /workdir/hadoop-ozone/integration-test/target/test-dir/MiniOzoneClusterImpl-6b3e93c2-f638-46ca-bf75-ac80d5cb12e3/datanode-3/meta/datanode.id
2019-09-26 20:35:35,547 [main] INFO  volume.HddsVolume (HddsVolume.java:<init>(176)) - Creating Volume: /workdir/hadoop-ozone/integration-test/target/test-dir/MiniOzoneClusterImpl-6b3e93c2-f638-46ca-bf75-ac80d5cb12e3/datanode-4/data/containers/hdds of  storage type : DISK and capacity : 1482555576320
2019-09-26 20:35:35,548 [main] INFO  volume.VolumeSet (VolumeSet.java:initializeVolumeSet(170)) - Added Volume : /workdir/hadoop-ozone/integration-test/target/test-dir/MiniOzoneClusterImpl-6b3e93c2-f638-46ca-bf75-ac80d5cb12e3/datanode-4/data/containers/hdds to VolumeSet
2019-09-26 20:35:35,548 [main] INFO  volume.ThrottledAsyncChecker (ThrottledAsyncChecker.java:schedule(139)) - Scheduling a check for org.apache.hadoop.ozone.container.common.volume.HddsVolume@77a074b4
2019-09-26 20:35:35,549 [main] INFO  volume.HddsVolumeChecker (HddsVolumeChecker.java:checkAllVolumes(202)) - Scheduled health check for volume org.apache.hadoop.ozone.container.common.volume.HddsVolume@77a074b4
2019-09-26 20:35:35,562 [main] INFO  impl.RaftServerProxy (ConfUtils.java:logGet(43)) - raft.rpc.type = GRPC (default)
2019-09-26 20:35:35,563 [main] INFO  grpc.GrpcFactory (GrpcFactory.java:checkPooledByteBufAllocatorUseCacheForAllThreads(45)) - PERFORMANCE WARNING: useCacheForAllThreads is true that may cause Netty to create a lot garbage objects and, as a result, trigger GC.
	It is recommended to disable useCacheForAllThreads by setting -Dorg.apache.ratis.thirdparty.io.netty.allocator.useCacheForAllThreads=false in command line.
2019-09-26 20:35:35,563 [main] INFO  grpc.GrpcConfigKeys$Server (ConfUtils.java:logGet(43)) - raft.grpc.server.port = 0 (default)
2019-09-26 20:35:35,563 [main] INFO  server.GrpcService (ConfUtils.java:logGet(43)) - raft.grpc.message.size.max = 33570816 (custom)
2019-09-26 20:35:35,563 [main] INFO  server.RaftServerConfigKeys (ConfUtils.java:logGet(43)) - raft.server.log.appender.buffer.byte-limit = 33554432 (custom)
2019-09-26 20:35:35,564 [main] INFO  server.GrpcService (ConfUtils.java:logGet(43)) - raft.grpc.flow.control.window = 1MB (=1048576) (default)
2019-09-26 20:35:35,564 [main] INFO  server.RaftServerConfigKeys (ConfUtils.java:logGet(43)) - raft.server.rpc.request.timeout = 3000ms (default)
2019-09-26 20:35:35,564 [main] INFO  server.RaftServerConfigKeys (ConfUtils.java:logGet(43)) - raft.server.storage.dir = [/workdir/hadoop-ozone/integration-test/target/test-dir/MiniOzoneClusterImpl-6b3e93c2-f638-46ca-bf75-ac80d5cb12e3/datanode-4/data/ratis] (custom)
2019-09-26 20:35:35,566 [main] INFO  hdfs.DFSUtil (DFSUtil.java:httpServerTemplateForNNAndJN(1641)) - Starting Web-server for hddsDatanode at: http://0.0.0.0:0
2019-09-26 20:35:35,568 [main] INFO  server.AuthenticationFilter (AuthenticationFilter.java:constructSecretProvider(240)) - Unable to initialize FileSignerSecretProvider, falling back to use random secrets.
2019-09-26 20:35:35,569 [main] WARN  http.HttpRequestLog (HttpRequestLog.java:getRequestLog(97)) - Jetty request log can only be enabled using Log4j
2019-09-26 20:35:35,571 [main] INFO  http.HttpServer2 (HttpServer2.java:addGlobalFilter(975)) - Added global filter 'safety' (class=org.apache.hadoop.http.HttpServer2$QuotingInputFilter)
2019-09-26 20:35:35,571 [main] INFO  http.HttpServer2 (HttpServer2.java:addFilter(948)) - Added filter static_user_filter (class=org.apache.hadoop.http.lib.StaticUserWebFilter$StaticUserFilter) to context hddsDatanode
2019-09-26 20:35:35,572 [main] INFO  http.HttpServer2 (HttpServer2.java:addFilter(958)) - Added filter static_user_filter (class=org.apache.hadoop.http.lib.StaticUserWebFilter$StaticUserFilter) to context logs
2019-09-26 20:35:35,572 [main] INFO  http.HttpServer2 (HttpServer2.java:addFilter(958)) - Added filter static_user_filter (class=org.apache.hadoop.http.lib.StaticUserWebFilter$StaticUserFilter) to context static
2019-09-26 20:35:35,573 [main] INFO  http.HttpServer2 (HttpServer2.java:bindListener(1191)) - Jetty bound to port 42477
2019-09-26 20:35:35,573 [main] INFO  server.Server (Server.java:doStart(351)) - jetty-9.3.25.v20180904, build timestamp: 2018-09-04T21:11:46Z, git hash: 3ce520221d0240229c862b122d2b06c12a625732
2019-09-26 20:35:35,576 [main] INFO  handler.ContextHandler (ContextHandler.java:doStart(781)) - Started o.e.j.s.ServletContextHandler@2a369e14{/logs,file:///workdir/hadoop-ozone/integration-test/target/log,AVAILABLE}
2019-09-26 20:35:35,576 [main] INFO  handler.ContextHandler (ContextHandler.java:doStart(781)) - Started o.e.j.s.ServletContextHandler@c755b2{/static,jar:file:/home/user/.m2/repository/org/apache/hadoop/hadoop-hdds-container-service/0.5.0-SNAPSHOT/hadoop-hdds-container-service-0.5.0-SNAPSHOT.jar!/webapps/static,AVAILABLE}
2019-09-26 20:35:35,612 [main] INFO  handler.ContextHandler (ContextHandler.java:doStart(781)) - Started o.e.j.w.WebAppContext@423b2b62{/,file:///tmp/jetty-0.0.0.0-42477-hddsDatanode-_-any-991323082300250327.dir/webapp/,AVAILABLE}{/hddsDatanode}
2019-09-26 20:35:35,613 [main] INFO  server.AbstractConnector (AbstractConnector.java:doStart(278)) - Started ServerConnector@2b7962a2{HTTP/1.1,[http/1.1]}{0.0.0.0:42477}
2019-09-26 20:35:35,614 [main] INFO  server.Server (Server.java:doStart(419)) - Started @5867ms
2019-09-26 20:35:35,615 [main] WARN  impl.MetricsSystemImpl (MetricsSystemImpl.java:register(276)) - Sink prometheus already exists!
2019-09-26 20:35:35,620 [main] INFO  server.BaseHttpServer (BaseHttpServer.java:updateConnectorAddress(215)) - HTTP server of HDDSDATANODE is listening at http://0.0.0.0:42477
2019-09-26 20:35:35,620 [main] INFO  impl.MetricsSystemImpl (MetricsSystemImpl.java:init(158)) - HddsDatanode metrics system started (again)
2019-09-26 20:35:35,624 [org.apache.hadoop.util.JvmPauseMonitor$Monitor@22713924] INFO  util.JvmPauseMonitor (JvmPauseMonitor.java:run(188)) - Starting JVM pause monitor
2019-09-26 20:35:35,625 [main] INFO  ozone.HddsDatanodeService (HddsDatanodeService.java:start(184)) - HddsDatanodeService host:pr-hdds-2162-kpcbn-4093309294 ip:192.168.151.109
2019-09-26 20:35:35,627 [Datanode State Machine Thread - 0] INFO  datanode.InitDatanodeState (InitDatanodeState.java:persistContainerDatanodeDetails(140)) - DatanodeDetails is persisted to /workdir/hadoop-ozone/integration-test/target/test-dir/MiniOzoneClusterImpl-6b3e93c2-f638-46ca-bf75-ac80d5cb12e3/datanode-4/meta/datanode.id
2019-09-26 20:35:35,632 [main] INFO  volume.HddsVolume (HddsVolume.java:<init>(176)) - Creating Volume: /workdir/hadoop-ozone/integration-test/target/test-dir/MiniOzoneClusterImpl-6b3e93c2-f638-46ca-bf75-ac80d5cb12e3/datanode-5/data/containers/hdds of  storage type : DISK and capacity : 1482555576320
2019-09-26 20:35:35,633 [main] INFO  volume.VolumeSet (VolumeSet.java:initializeVolumeSet(170)) - Added Volume : /workdir/hadoop-ozone/integration-test/target/test-dir/MiniOzoneClusterImpl-6b3e93c2-f638-46ca-bf75-ac80d5cb12e3/datanode-5/data/containers/hdds to VolumeSet
2019-09-26 20:35:35,633 [main] INFO  volume.ThrottledAsyncChecker (ThrottledAsyncChecker.java:schedule(139)) - Scheduling a check for org.apache.hadoop.ozone.container.common.volume.HddsVolume@75d4a80f
2019-09-26 20:35:35,634 [main] INFO  volume.HddsVolumeChecker (HddsVolumeChecker.java:checkAllVolumes(202)) - Scheduled health check for volume org.apache.hadoop.ozone.container.common.volume.HddsVolume@75d4a80f
2019-09-26 20:35:35,654 [main] INFO  impl.RaftServerProxy (ConfUtils.java:logGet(43)) - raft.rpc.type = GRPC (default)
2019-09-26 20:35:35,654 [main] INFO  grpc.GrpcFactory (GrpcFactory.java:checkPooledByteBufAllocatorUseCacheForAllThreads(45)) - PERFORMANCE WARNING: useCacheForAllThreads is true that may cause Netty to create a lot garbage objects and, as a result, trigger GC.
	It is recommended to disable useCacheForAllThreads by setting -Dorg.apache.ratis.thirdparty.io.netty.allocator.useCacheForAllThreads=false in command line.
2019-09-26 20:35:35,655 [main] INFO  grpc.GrpcConfigKeys$Server (ConfUtils.java:logGet(43)) - raft.grpc.server.port = 0 (default)
2019-09-26 20:35:35,655 [main] INFO  server.GrpcService (ConfUtils.java:logGet(43)) - raft.grpc.message.size.max = 33570816 (custom)
2019-09-26 20:35:35,655 [main] INFO  server.RaftServerConfigKeys (ConfUtils.java:logGet(43)) - raft.server.log.appender.buffer.byte-limit = 33554432 (custom)
2019-09-26 20:35:35,656 [main] INFO  server.GrpcService (ConfUtils.java:logGet(43)) - raft.grpc.flow.control.window = 1MB (=1048576) (default)
2019-09-26 20:35:35,656 [main] INFO  server.RaftServerConfigKeys (ConfUtils.java:logGet(43)) - raft.server.rpc.request.timeout = 3000ms (default)
2019-09-26 20:35:35,657 [main] INFO  server.RaftServerConfigKeys (ConfUtils.java:logGet(43)) - raft.server.storage.dir = [/workdir/hadoop-ozone/integration-test/target/test-dir/MiniOzoneClusterImpl-6b3e93c2-f638-46ca-bf75-ac80d5cb12e3/datanode-5/data/ratis] (custom)
2019-09-26 20:35:35,658 [main] INFO  hdfs.DFSUtil (DFSUtil.java:httpServerTemplateForNNAndJN(1641)) - Starting Web-server for hddsDatanode at: http://0.0.0.0:0
2019-09-26 20:35:35,660 [main] INFO  server.AuthenticationFilter (AuthenticationFilter.java:constructSecretProvider(240)) - Unable to initialize FileSignerSecretProvider, falling back to use random secrets.
2019-09-26 20:35:35,660 [main] WARN  http.HttpRequestLog (HttpRequestLog.java:getRequestLog(97)) - Jetty request log can only be enabled using Log4j
2019-09-26 20:35:35,662 [main] INFO  http.HttpServer2 (HttpServer2.java:addGlobalFilter(975)) - Added global filter 'safety' (class=org.apache.hadoop.http.HttpServer2$QuotingInputFilter)
2019-09-26 20:35:35,663 [main] INFO  http.HttpServer2 (HttpServer2.java:addFilter(948)) - Added filter static_user_filter (class=org.apache.hadoop.http.lib.StaticUserWebFilter$StaticUserFilter) to context hddsDatanode
2019-09-26 20:35:35,663 [main] INFO  http.HttpServer2 (HttpServer2.java:addFilter(958)) - Added filter static_user_filter (class=org.apache.hadoop.http.lib.StaticUserWebFilter$StaticUserFilter) to context logs
2019-09-26 20:35:35,663 [main] INFO  http.HttpServer2 (HttpServer2.java:addFilter(958)) - Added filter static_user_filter (class=org.apache.hadoop.http.lib.StaticUserWebFilter$StaticUserFilter) to context static
2019-09-26 20:35:35,664 [main] INFO  http.HttpServer2 (HttpServer2.java:bindListener(1191)) - Jetty bound to port 34533
2019-09-26 20:35:35,664 [main] INFO  server.Server (Server.java:doStart(351)) - jetty-9.3.25.v20180904, build timestamp: 2018-09-04T21:11:46Z, git hash: 3ce520221d0240229c862b122d2b06c12a625732
2019-09-26 20:35:35,666 [main] INFO  handler.ContextHandler (ContextHandler.java:doStart(781)) - Started o.e.j.s.ServletContextHandler@3d96fa9e{/logs,file:///workdir/hadoop-ozone/integration-test/target/log,AVAILABLE}
2019-09-26 20:35:35,667 [main] INFO  handler.ContextHandler (ContextHandler.java:doStart(781)) - Started o.e.j.s.ServletContextHandler@77bb48d5{/static,jar:file:/home/user/.m2/repository/org/apache/hadoop/hadoop-hdds-container-service/0.5.0-SNAPSHOT/hadoop-hdds-container-service-0.5.0-SNAPSHOT.jar!/webapps/static,AVAILABLE}
2019-09-26 20:35:35,692 [main] INFO  handler.ContextHandler (ContextHandler.java:doStart(781)) - Started o.e.j.w.WebAppContext@2bfb6b49{/,file:///tmp/jetty-0.0.0.0-34533-hddsDatanode-_-any-7727948136519347355.dir/webapp/,AVAILABLE}{/hddsDatanode}
2019-09-26 20:35:35,694 [main] INFO  server.AbstractConnector (AbstractConnector.java:doStart(278)) - Started ServerConnector@1f346ad2{HTTP/1.1,[http/1.1]}{0.0.0.0:34533}
2019-09-26 20:35:35,694 [main] INFO  server.Server (Server.java:doStart(419)) - Started @5947ms
2019-09-26 20:35:35,694 [main] WARN  impl.MetricsSystemImpl (MetricsSystemImpl.java:register(276)) - Sink prometheus already exists!
2019-09-26 20:35:35,695 [main] INFO  server.BaseHttpServer (BaseHttpServer.java:updateConnectorAddress(215)) - HTTP server of HDDSDATANODE is listening at http://0.0.0.0:34533
2019-09-26 20:35:35,695 [main] INFO  impl.MetricsSystemImpl (MetricsSystemImpl.java:init(158)) - HddsDatanode metrics system started (again)
2019-09-26 20:35:35,699 [main] INFO  ozone.HddsDatanodeService (HddsDatanodeService.java:start(184)) - HddsDatanodeService host:pr-hdds-2162-kpcbn-4093309294 ip:192.168.151.109
2019-09-26 20:35:35,700 [org.apache.hadoop.util.JvmPauseMonitor$Monitor@4162301d] INFO  util.JvmPauseMonitor (JvmPauseMonitor.java:run(188)) - Starting JVM pause monitor
2019-09-26 20:35:35,703 [Datanode State Machine Thread - 0] INFO  datanode.InitDatanodeState (InitDatanodeState.java:persistContainerDatanodeDetails(140)) - DatanodeDetails is persisted to /workdir/hadoop-ozone/integration-test/target/test-dir/MiniOzoneClusterImpl-6b3e93c2-f638-46ca-bf75-ac80d5cb12e3/datanode-5/meta/datanode.id
2019-09-26 20:35:35,708 [main] INFO  volume.HddsVolume (HddsVolume.java:<init>(176)) - Creating Volume: /workdir/hadoop-ozone/integration-test/target/test-dir/MiniOzoneClusterImpl-6b3e93c2-f638-46ca-bf75-ac80d5cb12e3/datanode-6/data/containers/hdds of  storage type : DISK and capacity : 1482555576320
2019-09-26 20:35:35,709 [main] INFO  volume.VolumeSet (VolumeSet.java:initializeVolumeSet(170)) - Added Volume : /workdir/hadoop-ozone/integration-test/target/test-dir/MiniOzoneClusterImpl-6b3e93c2-f638-46ca-bf75-ac80d5cb12e3/datanode-6/data/containers/hdds to VolumeSet
2019-09-26 20:35:35,709 [main] INFO  volume.ThrottledAsyncChecker (ThrottledAsyncChecker.java:schedule(139)) - Scheduling a check for org.apache.hadoop.ozone.container.common.volume.HddsVolume@173a6728
2019-09-26 20:35:35,710 [main] INFO  volume.HddsVolumeChecker (HddsVolumeChecker.java:checkAllVolumes(202)) - Scheduled health check for volume org.apache.hadoop.ozone.container.common.volume.HddsVolume@173a6728
2019-09-26 20:35:35,725 [main] INFO  impl.RaftServerProxy (ConfUtils.java:logGet(43)) - raft.rpc.type = GRPC (default)
2019-09-26 20:35:35,726 [main] INFO  grpc.GrpcFactory (GrpcFactory.java:checkPooledByteBufAllocatorUseCacheForAllThreads(45)) - PERFORMANCE WARNING: useCacheForAllThreads is true that may cause Netty to create a lot garbage objects and, as a result, trigger GC.
	It is recommended to disable useCacheForAllThreads by setting -Dorg.apache.ratis.thirdparty.io.netty.allocator.useCacheForAllThreads=false in command line.
2019-09-26 20:35:35,726 [main] INFO  grpc.GrpcConfigKeys$Server (ConfUtils.java:logGet(43)) - raft.grpc.server.port = 0 (default)
2019-09-26 20:35:35,726 [main] INFO  server.GrpcService (ConfUtils.java:logGet(43)) - raft.grpc.message.size.max = 33570816 (custom)
2019-09-26 20:35:35,727 [main] INFO  server.RaftServerConfigKeys (ConfUtils.java:logGet(43)) - raft.server.log.appender.buffer.byte-limit = 33554432 (custom)
2019-09-26 20:35:35,727 [main] INFO  server.GrpcService (ConfUtils.java:logGet(43)) - raft.grpc.flow.control.window = 1MB (=1048576) (default)
2019-09-26 20:35:35,727 [main] INFO  server.RaftServerConfigKeys (ConfUtils.java:logGet(43)) - raft.server.rpc.request.timeout = 3000ms (default)
2019-09-26 20:35:35,728 [main] INFO  server.RaftServerConfigKeys (ConfUtils.java:logGet(43)) - raft.server.storage.dir = [/workdir/hadoop-ozone/integration-test/target/test-dir/MiniOzoneClusterImpl-6b3e93c2-f638-46ca-bf75-ac80d5cb12e3/datanode-6/data/ratis] (custom)
2019-09-26 20:35:35,729 [main] INFO  hdfs.DFSUtil (DFSUtil.java:httpServerTemplateForNNAndJN(1641)) - Starting Web-server for hddsDatanode at: http://0.0.0.0:0
2019-09-26 20:35:35,731 [main] INFO  server.AuthenticationFilter (AuthenticationFilter.java:constructSecretProvider(240)) - Unable to initialize FileSignerSecretProvider, falling back to use random secrets.
2019-09-26 20:35:35,731 [main] WARN  http.HttpRequestLog (HttpRequestLog.java:getRequestLog(97)) - Jetty request log can only be enabled using Log4j
2019-09-26 20:35:35,732 [main] INFO  http.HttpServer2 (HttpServer2.java:addGlobalFilter(975)) - Added global filter 'safety' (class=org.apache.hadoop.http.HttpServer2$QuotingInputFilter)
2019-09-26 20:35:35,733 [main] INFO  http.HttpServer2 (HttpServer2.java:addFilter(948)) - Added filter static_user_filter (class=org.apache.hadoop.http.lib.StaticUserWebFilter$StaticUserFilter) to context hddsDatanode
2019-09-26 20:35:35,733 [main] INFO  http.HttpServer2 (HttpServer2.java:addFilter(958)) - Added filter static_user_filter (class=org.apache.hadoop.http.lib.StaticUserWebFilter$StaticUserFilter) to context static
2019-09-26 20:35:35,733 [main] INFO  http.HttpServer2 (HttpServer2.java:addFilter(958)) - Added filter static_user_filter (class=org.apache.hadoop.http.lib.StaticUserWebFilter$StaticUserFilter) to context logs
2019-09-26 20:35:35,734 [main] INFO  http.HttpServer2 (HttpServer2.java:bindListener(1191)) - Jetty bound to port 35560
2019-09-26 20:35:35,734 [main] INFO  server.Server (Server.java:doStart(351)) - jetty-9.3.25.v20180904, build timestamp: 2018-09-04T21:11:46Z, git hash: 3ce520221d0240229c862b122d2b06c12a625732
2019-09-26 20:35:35,735 [main] INFO  handler.ContextHandler (ContextHandler.java:doStart(781)) - Started o.e.j.s.ServletContextHandler@1e1e9ef3{/logs,file:///workdir/hadoop-ozone/integration-test/target/log,AVAILABLE}
2019-09-26 20:35:35,736 [main] INFO  handler.ContextHandler (ContextHandler.java:doStart(781)) - Started o.e.j.s.ServletContextHandler@31c628e7{/static,jar:file:/home/user/.m2/repository/org/apache/hadoop/hadoop-hdds-container-service/0.5.0-SNAPSHOT/hadoop-hdds-container-service-0.5.0-SNAPSHOT.jar!/webapps/static,AVAILABLE}
2019-09-26 20:35:35,761 [main] INFO  handler.ContextHandler (ContextHandler.java:doStart(781)) - Started o.e.j.w.WebAppContext@5c5d6175{/,file:///tmp/jetty-0.0.0.0-35560-hddsDatanode-_-any-4060332046312378671.dir/webapp/,AVAILABLE}{/hddsDatanode}
2019-09-26 20:35:35,761 [main] INFO  server.AbstractConnector (AbstractConnector.java:doStart(278)) - Started ServerConnector@7544ac86{HTTP/1.1,[http/1.1]}{0.0.0.0:35560}
2019-09-26 20:35:35,762 [main] INFO  server.Server (Server.java:doStart(419)) - Started @6015ms
2019-09-26 20:35:35,762 [main] WARN  impl.MetricsSystemImpl (MetricsSystemImpl.java:register(276)) - Sink prometheus already exists!
2019-09-26 20:35:35,763 [main] INFO  server.BaseHttpServer (BaseHttpServer.java:updateConnectorAddress(215)) - HTTP server of HDDSDATANODE is listening at http://0.0.0.0:35560
2019-09-26 20:35:35,763 [main] INFO  impl.MetricsSystemImpl (MetricsSystemImpl.java:init(158)) - HddsDatanode metrics system started (again)
2019-09-26 20:35:35,767 [main] INFO  ozone.HddsDatanodeService (HddsDatanodeService.java:start(184)) - HddsDatanodeService host:pr-hdds-2162-kpcbn-4093309294 ip:192.168.151.109
2019-09-26 20:35:35,767 [org.apache.hadoop.util.JvmPauseMonitor$Monitor@7b2c57e0] INFO  util.JvmPauseMonitor (JvmPauseMonitor.java:run(188)) - Starting JVM pause monitor
2019-09-26 20:35:35,770 [Datanode State Machine Thread - 0] INFO  datanode.InitDatanodeState (InitDatanodeState.java:persistContainerDatanodeDetails(140)) - DatanodeDetails is persisted to /workdir/hadoop-ozone/integration-test/target/test-dir/MiniOzoneClusterImpl-6b3e93c2-f638-46ca-bf75-ac80d5cb12e3/datanode-6/meta/datanode.id
2019-09-26 20:35:35,775 [main] INFO  volume.HddsVolume (HddsVolume.java:<init>(176)) - Creating Volume: /workdir/hadoop-ozone/integration-test/target/test-dir/MiniOzoneClusterImpl-6b3e93c2-f638-46ca-bf75-ac80d5cb12e3/datanode-7/data/containers/hdds of  storage type : DISK and capacity : 1482555576320
2019-09-26 20:35:35,775 [main] INFO  volume.VolumeSet (VolumeSet.java:initializeVolumeSet(170)) - Added Volume : /workdir/hadoop-ozone/integration-test/target/test-dir/MiniOzoneClusterImpl-6b3e93c2-f638-46ca-bf75-ac80d5cb12e3/datanode-7/data/containers/hdds to VolumeSet
2019-09-26 20:35:35,775 [main] INFO  volume.ThrottledAsyncChecker (ThrottledAsyncChecker.java:schedule(139)) - Scheduling a check for org.apache.hadoop.ozone.container.common.volume.HddsVolume@445bb139
2019-09-26 20:35:35,776 [main] INFO  volume.HddsVolumeChecker (HddsVolumeChecker.java:checkAllVolumes(202)) - Scheduled health check for volume org.apache.hadoop.ozone.container.common.volume.HddsVolume@445bb139
2019-09-26 20:35:35,788 [main] INFO  impl.RaftServerProxy (ConfUtils.java:logGet(43)) - raft.rpc.type = GRPC (default)
2019-09-26 20:35:35,789 [main] INFO  grpc.GrpcFactory (GrpcFactory.java:checkPooledByteBufAllocatorUseCacheForAllThreads(45)) - PERFORMANCE WARNING: useCacheForAllThreads is true that may cause Netty to create a lot garbage objects and, as a result, trigger GC.
	It is recommended to disable useCacheForAllThreads by setting -Dorg.apache.ratis.thirdparty.io.netty.allocator.useCacheForAllThreads=false in command line.
2019-09-26 20:35:35,789 [main] INFO  grpc.GrpcConfigKeys$Server (ConfUtils.java:logGet(43)) - raft.grpc.server.port = 0 (default)
2019-09-26 20:35:35,789 [main] INFO  server.GrpcService (ConfUtils.java:logGet(43)) - raft.grpc.message.size.max = 33570816 (custom)
2019-09-26 20:35:35,789 [main] INFO  server.RaftServerConfigKeys (ConfUtils.java:logGet(43)) - raft.server.log.appender.buffer.byte-limit = 33554432 (custom)
2019-09-26 20:35:35,790 [main] INFO  server.GrpcService (ConfUtils.java:logGet(43)) - raft.grpc.flow.control.window = 1MB (=1048576) (default)
2019-09-26 20:35:35,790 [main] INFO  server.RaftServerConfigKeys (ConfUtils.java:logGet(43)) - raft.server.rpc.request.timeout = 3000ms (default)
2019-09-26 20:35:35,790 [main] INFO  server.RaftServerConfigKeys (ConfUtils.java:logGet(43)) - raft.server.storage.dir = [/workdir/hadoop-ozone/integration-test/target/test-dir/MiniOzoneClusterImpl-6b3e93c2-f638-46ca-bf75-ac80d5cb12e3/datanode-7/data/ratis] (custom)
2019-09-26 20:35:35,792 [main] INFO  hdfs.DFSUtil (DFSUtil.java:httpServerTemplateForNNAndJN(1641)) - Starting Web-server for hddsDatanode at: http://0.0.0.0:0
2019-09-26 20:35:35,793 [main] INFO  server.AuthenticationFilter (AuthenticationFilter.java:constructSecretProvider(240)) - Unable to initialize FileSignerSecretProvider, falling back to use random secrets.
2019-09-26 20:35:35,794 [main] WARN  http.HttpRequestLog (HttpRequestLog.java:getRequestLog(97)) - Jetty request log can only be enabled using Log4j
2019-09-26 20:35:35,795 [main] INFO  http.HttpServer2 (HttpServer2.java:addGlobalFilter(975)) - Added global filter 'safety' (class=org.apache.hadoop.http.HttpServer2$QuotingInputFilter)
2019-09-26 20:35:35,796 [main] INFO  http.HttpServer2 (HttpServer2.java:addFilter(948)) - Added filter static_user_filter (class=org.apache.hadoop.http.lib.StaticUserWebFilter$StaticUserFilter) to context hddsDatanode
2019-09-26 20:35:35,796 [main] INFO  http.HttpServer2 (HttpServer2.java:addFilter(958)) - Added filter static_user_filter (class=org.apache.hadoop.http.lib.StaticUserWebFilter$StaticUserFilter) to context logs
2019-09-26 20:35:35,796 [main] INFO  http.HttpServer2 (HttpServer2.java:addFilter(958)) - Added filter static_user_filter (class=org.apache.hadoop.http.lib.StaticUserWebFilter$StaticUserFilter) to context static
2019-09-26 20:35:35,797 [main] INFO  http.HttpServer2 (HttpServer2.java:bindListener(1191)) - Jetty bound to port 46784
2019-09-26 20:35:35,797 [main] INFO  server.Server (Server.java:doStart(351)) - jetty-9.3.25.v20180904, build timestamp: 2018-09-04T21:11:46Z, git hash: 3ce520221d0240229c862b122d2b06c12a625732
2019-09-26 20:35:35,798 [main] INFO  handler.ContextHandler (ContextHandler.java:doStart(781)) - Started o.e.j.s.ServletContextHandler@2a869a16{/logs,file:///workdir/hadoop-ozone/integration-test/target/log,AVAILABLE}
2019-09-26 20:35:35,799 [main] INFO  handler.ContextHandler (ContextHandler.java:doStart(781)) - Started o.e.j.s.ServletContextHandler@46aa712c{/static,jar:file:/home/user/.m2/repository/org/apache/hadoop/hadoop-hdds-container-service/0.5.0-SNAPSHOT/hadoop-hdds-container-service-0.5.0-SNAPSHOT.jar!/webapps/static,AVAILABLE}
2019-09-26 20:35:35,829 [main] INFO  handler.ContextHandler (ContextHandler.java:doStart(781)) - Started o.e.j.w.WebAppContext@3078cac{/,file:///tmp/jetty-0.0.0.0-46784-hddsDatanode-_-any-4919457972063000636.dir/webapp/,AVAILABLE}{/hddsDatanode}
2019-09-26 20:35:35,832 [main] INFO  server.AbstractConnector (AbstractConnector.java:doStart(278)) - Started ServerConnector@f6de586{HTTP/1.1,[http/1.1]}{0.0.0.0:46784}
2019-09-26 20:35:35,832 [main] INFO  server.Server (Server.java:doStart(419)) - Started @6085ms
2019-09-26 20:35:35,833 [main] WARN  impl.MetricsSystemImpl (MetricsSystemImpl.java:register(276)) - Sink prometheus already exists!
2019-09-26 20:35:35,834 [main] INFO  server.BaseHttpServer (BaseHttpServer.java:updateConnectorAddress(215)) - HTTP server of HDDSDATANODE is listening at http://0.0.0.0:46784
2019-09-26 20:35:35,835 [main] INFO  impl.MetricsSystemImpl (MetricsSystemImpl.java:init(158)) - HddsDatanode metrics system started (again)
2019-09-26 20:35:35,839 [org.apache.hadoop.util.JvmPauseMonitor$Monitor@11553c7d] INFO  util.JvmPauseMonitor (JvmPauseMonitor.java:run(188)) - Starting JVM pause monitor
2019-09-26 20:35:35,844 [Datanode State Machine Thread - 0] INFO  datanode.InitDatanodeState (InitDatanodeState.java:persistContainerDatanodeDetails(140)) - DatanodeDetails is persisted to /workdir/hadoop-ozone/integration-test/target/test-dir/MiniOzoneClusterImpl-6b3e93c2-f638-46ca-bf75-ac80d5cb12e3/datanode-7/meta/datanode.id
2019-09-26 20:35:35,848 [main] INFO  ozone.HddsDatanodeService (HddsDatanodeService.java:start(184)) - HddsDatanodeService host:pr-hdds-2162-kpcbn-4093309294 ip:192.168.151.109
2019-09-26 20:35:35,860 [main] INFO  volume.HddsVolume (HddsVolume.java:<init>(176)) - Creating Volume: /workdir/hadoop-ozone/integration-test/target/test-dir/MiniOzoneClusterImpl-6b3e93c2-f638-46ca-bf75-ac80d5cb12e3/datanode-8/data/containers/hdds of  storage type : DISK and capacity : 1482555576320
2019-09-26 20:35:35,861 [main] INFO  volume.VolumeSet (VolumeSet.java:initializeVolumeSet(170)) - Added Volume : /workdir/hadoop-ozone/integration-test/target/test-dir/MiniOzoneClusterImpl-6b3e93c2-f638-46ca-bf75-ac80d5cb12e3/datanode-8/data/containers/hdds to VolumeSet
2019-09-26 20:35:35,861 [main] INFO  volume.ThrottledAsyncChecker (ThrottledAsyncChecker.java:schedule(139)) - Scheduling a check for org.apache.hadoop.ozone.container.common.volume.HddsVolume@30ca0779
2019-09-26 20:35:35,863 [main] INFO  volume.HddsVolumeChecker (HddsVolumeChecker.java:checkAllVolumes(202)) - Scheduled health check for volume org.apache.hadoop.ozone.container.common.volume.HddsVolume@30ca0779
2019-09-26 20:35:35,895 [main] INFO  impl.RaftServerProxy (ConfUtils.java:logGet(43)) - raft.rpc.type = GRPC (default)
2019-09-26 20:35:35,895 [main] INFO  grpc.GrpcFactory (GrpcFactory.java:checkPooledByteBufAllocatorUseCacheForAllThreads(45)) - PERFORMANCE WARNING: useCacheForAllThreads is true that may cause Netty to create a lot garbage objects and, as a result, trigger GC.
	It is recommended to disable useCacheForAllThreads by setting -Dorg.apache.ratis.thirdparty.io.netty.allocator.useCacheForAllThreads=false in command line.
2019-09-26 20:35:35,896 [main] INFO  grpc.GrpcConfigKeys$Server (ConfUtils.java:logGet(43)) - raft.grpc.server.port = 0 (default)
2019-09-26 20:35:35,896 [main] INFO  server.GrpcService (ConfUtils.java:logGet(43)) - raft.grpc.message.size.max = 33570816 (custom)
2019-09-26 20:35:35,897 [main] INFO  server.RaftServerConfigKeys (ConfUtils.java:logGet(43)) - raft.server.log.appender.buffer.byte-limit = 33554432 (custom)
2019-09-26 20:35:35,897 [main] INFO  server.GrpcService (ConfUtils.java:logGet(43)) - raft.grpc.flow.control.window = 1MB (=1048576) (default)
2019-09-26 20:35:35,898 [main] INFO  server.RaftServerConfigKeys (ConfUtils.java:logGet(43)) - raft.server.rpc.request.timeout = 3000ms (default)
2019-09-26 20:35:35,899 [main] INFO  server.RaftServerConfigKeys (ConfUtils.java:logGet(43)) - raft.server.storage.dir = [/workdir/hadoop-ozone/integration-test/target/test-dir/MiniOzoneClusterImpl-6b3e93c2-f638-46ca-bf75-ac80d5cb12e3/datanode-8/data/ratis] (custom)
2019-09-26 20:35:35,901 [main] INFO  hdfs.DFSUtil (DFSUtil.java:httpServerTemplateForNNAndJN(1641)) - Starting Web-server for hddsDatanode at: http://0.0.0.0:0
2019-09-26 20:35:35,903 [main] INFO  server.AuthenticationFilter (AuthenticationFilter.java:constructSecretProvider(240)) - Unable to initialize FileSignerSecretProvider, falling back to use random secrets.
2019-09-26 20:35:35,904 [main] WARN  http.HttpRequestLog (HttpRequestLog.java:getRequestLog(97)) - Jetty request log can only be enabled using Log4j
2019-09-26 20:35:35,906 [main] INFO  http.HttpServer2 (HttpServer2.java:addGlobalFilter(975)) - Added global filter 'safety' (class=org.apache.hadoop.http.HttpServer2$QuotingInputFilter)
2019-09-26 20:35:35,907 [main] INFO  http.HttpServer2 (HttpServer2.java:addFilter(948)) - Added filter static_user_filter (class=org.apache.hadoop.http.lib.StaticUserWebFilter$StaticUserFilter) to context hddsDatanode
2019-09-26 20:35:35,907 [main] INFO  http.HttpServer2 (HttpServer2.java:addFilter(958)) - Added filter static_user_filter (class=org.apache.hadoop.http.lib.StaticUserWebFilter$StaticUserFilter) to context logs
2019-09-26 20:35:35,908 [main] INFO  http.HttpServer2 (HttpServer2.java:addFilter(958)) - Added filter static_user_filter (class=org.apache.hadoop.http.lib.StaticUserWebFilter$StaticUserFilter) to context static
2019-09-26 20:35:35,909 [main] INFO  http.HttpServer2 (HttpServer2.java:bindListener(1191)) - Jetty bound to port 37167
2019-09-26 20:35:35,909 [main] INFO  server.Server (Server.java:doStart(351)) - jetty-9.3.25.v20180904, build timestamp: 2018-09-04T21:11:46Z, git hash: 3ce520221d0240229c862b122d2b06c12a625732
2019-09-26 20:35:35,911 [main] INFO  handler.ContextHandler (ContextHandler.java:doStart(781)) - Started o.e.j.s.ServletContextHandler@6f70a21b{/logs,file:///workdir/hadoop-ozone/integration-test/target/log,AVAILABLE}
2019-09-26 20:35:35,912 [main] INFO  handler.ContextHandler (ContextHandler.java:doStart(781)) - Started o.e.j.s.ServletContextHandler@2e869098{/static,jar:file:/home/user/.m2/repository/org/apache/hadoop/hadoop-hdds-container-service/0.5.0-SNAPSHOT/hadoop-hdds-container-service-0.5.0-SNAPSHOT.jar!/webapps/static,AVAILABLE}
2019-09-26 20:35:35,951 [main] INFO  handler.ContextHandler (ContextHandler.java:doStart(781)) - Started o.e.j.w.WebAppContext@424de326{/,file:///tmp/jetty-0.0.0.0-37167-hddsDatanode-_-any-6861804406127538538.dir/webapp/,AVAILABLE}{/hddsDatanode}
2019-09-26 20:35:35,952 [main] INFO  server.AbstractConnector (AbstractConnector.java:doStart(278)) - Started ServerConnector@4bc33720{HTTP/1.1,[http/1.1]}{0.0.0.0:37167}
2019-09-26 20:35:35,953 [main] INFO  server.Server (Server.java:doStart(419)) - Started @6206ms
2019-09-26 20:35:35,953 [main] WARN  impl.MetricsSystemImpl (MetricsSystemImpl.java:register(276)) - Sink prometheus already exists!
2019-09-26 20:35:35,954 [main] INFO  server.BaseHttpServer (BaseHttpServer.java:updateConnectorAddress(215)) - HTTP server of HDDSDATANODE is listening at http://0.0.0.0:37167
2019-09-26 20:35:35,955 [main] INFO  impl.MetricsSystemImpl (MetricsSystemImpl.java:init(158)) - HddsDatanode metrics system started (again)
2019-09-26 20:35:35,959 [org.apache.hadoop.util.JvmPauseMonitor$Monitor@676ceac7] INFO  util.JvmPauseMonitor (JvmPauseMonitor.java:run(188)) - Starting JVM pause monitor
2019-09-26 20:35:35,961 [main] INFO  ozone.HddsDatanodeService (HddsDatanodeService.java:start(184)) - HddsDatanodeService host:pr-hdds-2162-kpcbn-4093309294 ip:192.168.151.109
2019-09-26 20:35:35,962 [Datanode State Machine Thread - 0] INFO  datanode.InitDatanodeState (InitDatanodeState.java:persistContainerDatanodeDetails(140)) - DatanodeDetails is persisted to /workdir/hadoop-ozone/integration-test/target/test-dir/MiniOzoneClusterImpl-6b3e93c2-f638-46ca-bf75-ac80d5cb12e3/datanode-8/meta/datanode.id
2019-09-26 20:35:35,971 [main] INFO  volume.HddsVolume (HddsVolume.java:<init>(176)) - Creating Volume: /workdir/hadoop-ozone/integration-test/target/test-dir/MiniOzoneClusterImpl-6b3e93c2-f638-46ca-bf75-ac80d5cb12e3/datanode-9/data/containers/hdds of  storage type : DISK and capacity : 1482555576320
2019-09-26 20:35:35,971 [main] INFO  volume.VolumeSet (VolumeSet.java:initializeVolumeSet(170)) - Added Volume : /workdir/hadoop-ozone/integration-test/target/test-dir/MiniOzoneClusterImpl-6b3e93c2-f638-46ca-bf75-ac80d5cb12e3/datanode-9/data/containers/hdds to VolumeSet
2019-09-26 20:35:35,971 [main] INFO  volume.ThrottledAsyncChecker (ThrottledAsyncChecker.java:schedule(139)) - Scheduling a check for org.apache.hadoop.ozone.container.common.volume.HddsVolume@5578be42
2019-09-26 20:35:35,972 [main] INFO  volume.HddsVolumeChecker (HddsVolumeChecker.java:checkAllVolumes(202)) - Scheduled health check for volume org.apache.hadoop.ozone.container.common.volume.HddsVolume@5578be42
2019-09-26 20:35:35,987 [main] INFO  impl.RaftServerProxy (ConfUtils.java:logGet(43)) - raft.rpc.type = GRPC (default)
2019-09-26 20:35:35,987 [main] INFO  grpc.GrpcFactory (GrpcFactory.java:checkPooledByteBufAllocatorUseCacheForAllThreads(45)) - PERFORMANCE WARNING: useCacheForAllThreads is true that may cause Netty to create a lot garbage objects and, as a result, trigger GC.
	It is recommended to disable useCacheForAllThreads by setting -Dorg.apache.ratis.thirdparty.io.netty.allocator.useCacheForAllThreads=false in command line.
2019-09-26 20:35:35,987 [main] INFO  grpc.GrpcConfigKeys$Server (ConfUtils.java:logGet(43)) - raft.grpc.server.port = 0 (default)
2019-09-26 20:35:35,987 [main] INFO  server.GrpcService (ConfUtils.java:logGet(43)) - raft.grpc.message.size.max = 33570816 (custom)
2019-09-26 20:35:35,988 [main] INFO  server.RaftServerConfigKeys (ConfUtils.java:logGet(43)) - raft.server.log.appender.buffer.byte-limit = 33554432 (custom)
2019-09-26 20:35:35,988 [main] INFO  server.GrpcService (ConfUtils.java:logGet(43)) - raft.grpc.flow.control.window = 1MB (=1048576) (default)
2019-09-26 20:35:35,988 [main] INFO  server.RaftServerConfigKeys (ConfUtils.java:logGet(43)) - raft.server.rpc.request.timeout = 3000ms (default)
2019-09-26 20:35:35,989 [main] INFO  server.RaftServerConfigKeys (ConfUtils.java:logGet(43)) - raft.server.storage.dir = [/workdir/hadoop-ozone/integration-test/target/test-dir/MiniOzoneClusterImpl-6b3e93c2-f638-46ca-bf75-ac80d5cb12e3/datanode-9/data/ratis] (custom)
2019-09-26 20:35:35,990 [main] INFO  hdfs.DFSUtil (DFSUtil.java:httpServerTemplateForNNAndJN(1641)) - Starting Web-server for hddsDatanode at: http://0.0.0.0:0
2019-09-26 20:35:35,991 [main] INFO  server.AuthenticationFilter (AuthenticationFilter.java:constructSecretProvider(240)) - Unable to initialize FileSignerSecretProvider, falling back to use random secrets.
2019-09-26 20:35:35,992 [main] WARN  http.HttpRequestLog (HttpRequestLog.java:getRequestLog(97)) - Jetty request log can only be enabled using Log4j
2019-09-26 20:35:35,993 [main] INFO  http.HttpServer2 (HttpServer2.java:addGlobalFilter(975)) - Added global filter 'safety' (class=org.apache.hadoop.http.HttpServer2$QuotingInputFilter)
2019-09-26 20:35:35,994 [main] INFO  http.HttpServer2 (HttpServer2.java:addFilter(948)) - Added filter static_user_filter (class=org.apache.hadoop.http.lib.StaticUserWebFilter$StaticUserFilter) to context hddsDatanode
2019-09-26 20:35:35,994 [main] INFO  http.HttpServer2 (HttpServer2.java:addFilter(958)) - Added filter static_user_filter (class=org.apache.hadoop.http.lib.StaticUserWebFilter$StaticUserFilter) to context logs
2019-09-26 20:35:35,994 [main] INFO  http.HttpServer2 (HttpServer2.java:addFilter(958)) - Added filter static_user_filter (class=org.apache.hadoop.http.lib.StaticUserWebFilter$StaticUserFilter) to context static
2019-09-26 20:35:35,995 [main] INFO  http.HttpServer2 (HttpServer2.java:bindListener(1191)) - Jetty bound to port 33339
2019-09-26 20:35:35,995 [main] INFO  server.Server (Server.java:doStart(351)) - jetty-9.3.25.v20180904, build timestamp: 2018-09-04T21:11:46Z, git hash: 3ce520221d0240229c862b122d2b06c12a625732
2019-09-26 20:35:35,997 [main] INFO  handler.ContextHandler (ContextHandler.java:doStart(781)) - Started o.e.j.s.ServletContextHandler@ed91d8d{/logs,file:///workdir/hadoop-ozone/integration-test/target/log,AVAILABLE}
2019-09-26 20:35:35,998 [main] INFO  handler.ContextHandler (ContextHandler.java:doStart(781)) - Started o.e.j.s.ServletContextHandler@429f7919{/static,jar:file:/home/user/.m2/repository/org/apache/hadoop/hadoop-hdds-container-service/0.5.0-SNAPSHOT/hadoop-hdds-container-service-0.5.0-SNAPSHOT.jar!/webapps/static,AVAILABLE}
2019-09-26 20:35:36,025 [main] INFO  handler.ContextHandler (ContextHandler.java:doStart(781)) - Started o.e.j.w.WebAppContext@fd53053{/,file:///tmp/jetty-0.0.0.0-33339-hddsDatanode-_-any-2305606080736265492.dir/webapp/,AVAILABLE}{/hddsDatanode}
2019-09-26 20:35:36,026 [main] INFO  server.AbstractConnector (AbstractConnector.java:doStart(278)) - Started ServerConnector@4527f70a{HTTP/1.1,[http/1.1]}{0.0.0.0:33339}
2019-09-26 20:35:36,026 [main] INFO  server.Server (Server.java:doStart(419)) - Started @6280ms
2019-09-26 20:35:36,027 [main] WARN  impl.MetricsSystemImpl (MetricsSystemImpl.java:register(276)) - Sink prometheus already exists!
2019-09-26 20:35:36,027 [main] INFO  server.BaseHttpServer (BaseHttpServer.java:updateConnectorAddress(215)) - HTTP server of HDDSDATANODE is listening at http://0.0.0.0:33339
2019-09-26 20:35:36,033 [main] INFO  ozone.MiniOzoneClusterImpl (MiniOzoneClusterImpl.java:lambda$waitForClusterToBeReady$0(147)) - Waiting for cluster to be ready. Got 0 of 10 DN Heartbeats.
2019-09-26 20:35:36,033 [org.apache.hadoop.util.JvmPauseMonitor$Monitor@4bb217c7] INFO  util.JvmPauseMonitor (JvmPauseMonitor.java:run(188)) - Starting JVM pause monitor
2019-09-26 20:35:36,036 [Datanode State Machine Thread - 0] INFO  datanode.InitDatanodeState (InitDatanodeState.java:persistContainerDatanodeDetails(140)) - DatanodeDetails is persisted to /workdir/hadoop-ozone/integration-test/target/test-dir/MiniOzoneClusterImpl-6b3e93c2-f638-46ca-bf75-ac80d5cb12e3/datanode-9/meta/datanode.id
2019-09-26 20:35:37,034 [main] INFO  ozone.MiniOzoneClusterImpl (MiniOzoneClusterImpl.java:lambda$waitForClusterToBeReady$0(147)) - Waiting for cluster to be ready. Got 0 of 10 DN Heartbeats.
2019-09-26 20:35:37,311 [Datanode State Machine Thread - 0] INFO  ozoneimpl.OzoneContainer (OzoneContainer.java:start(217)) - Attempting to start container services.
2019-09-26 20:35:37,312 [Datanode State Machine Thread - 0] INFO  ozoneimpl.OzoneContainer (OzoneContainer.java:startContainerScrub(179)) - Background container scanner has been disabled.
2019-09-26 20:35:37,313 [Datanode State Machine Thread - 0] INFO  ratis.XceiverServerRatis (XceiverServerRatis.java:start(411)) - Starting XceiverServerRatis 490b5e00-bd97-4c2f-9bd2-555d2dbb1b28 at port 0
2019-09-26 20:35:37,339 [Datanode State Machine Thread - 0] INFO  impl.RaftServerProxy (RaftServerProxy.java:lambda$start$3(299)) - 490b5e00-bd97-4c2f-9bd2-555d2dbb1b28: start RPC server
2019-09-26 20:35:37,367 [Datanode State Machine Thread - 0] INFO  ozoneimpl.OzoneContainer (OzoneContainer.java:start(217)) - Attempting to start container services.
2019-09-26 20:35:37,373 [Datanode State Machine Thread - 0] INFO  ozoneimpl.OzoneContainer (OzoneContainer.java:startContainerScrub(179)) - Background container scanner has been disabled.
2019-09-26 20:35:37,373 [Datanode State Machine Thread - 0] INFO  ratis.XceiverServerRatis (XceiverServerRatis.java:start(411)) - Starting XceiverServerRatis eae3403e-0c87-43fb-a8fd-0fe2a75a4733 at port 0
2019-09-26 20:35:37,381 [Datanode State Machine Thread - 0] INFO  impl.RaftServerProxy (RaftServerProxy.java:lambda$start$3(299)) - eae3403e-0c87-43fb-a8fd-0fe2a75a4733: start RPC server
2019-09-26 20:35:37,466 [Datanode State Machine Thread - 0] INFO  ozoneimpl.OzoneContainer (OzoneContainer.java:start(217)) - Attempting to start container services.
2019-09-26 20:35:37,466 [Datanode State Machine Thread - 0] INFO  ozoneimpl.OzoneContainer (OzoneContainer.java:startContainerScrub(179)) - Background container scanner has been disabled.
2019-09-26 20:35:37,466 [Datanode State Machine Thread - 0] INFO  ratis.XceiverServerRatis (XceiverServerRatis.java:start(411)) - Starting XceiverServerRatis 6ca955d0-fbd7-4658-a5a5-f0aaa33d5ec1 at port 0
2019-09-26 20:35:37,483 [Datanode State Machine Thread - 0] INFO  impl.RaftServerProxy (RaftServerProxy.java:lambda$start$3(299)) - 6ca955d0-fbd7-4658-a5a5-f0aaa33d5ec1: start RPC server
2019-09-26 20:35:37,486 [Datanode State Machine Thread - 0] INFO  server.GrpcService (GrpcService.java:startImpl(158)) - 490b5e00-bd97-4c2f-9bd2-555d2dbb1b28: GrpcService started, listening on 0.0.0.0/0.0.0.0:33451
2019-09-26 20:35:37,486 [Datanode State Machine Thread - 0] INFO  server.GrpcService (GrpcService.java:startImpl(158)) - eae3403e-0c87-43fb-a8fd-0fe2a75a4733: GrpcService started, listening on 0.0.0.0/0.0.0.0:37973
2019-09-26 20:35:37,487 [Datanode State Machine Thread - 0] INFO  ratis.XceiverServerRatis (XceiverServerRatis.java:start(421)) - XceiverServerRatis 490b5e00-bd97-4c2f-9bd2-555d2dbb1b28 is started using port 33451
2019-09-26 20:35:37,487 [Datanode State Machine Thread - 0] INFO  server.GrpcService (GrpcService.java:startImpl(158)) - 6ca955d0-fbd7-4658-a5a5-f0aaa33d5ec1: GrpcService started, listening on 0.0.0.0/0.0.0.0:36062
2019-09-26 20:35:37,487 [Datanode State Machine Thread - 0] INFO  ratis.XceiverServerRatis (XceiverServerRatis.java:start(421)) - XceiverServerRatis eae3403e-0c87-43fb-a8fd-0fe2a75a4733 is started using port 37973
2019-09-26 20:35:37,487 [Datanode State Machine Thread - 0] INFO  ratis.XceiverServerRatis (XceiverServerRatis.java:start(421)) - XceiverServerRatis 6ca955d0-fbd7-4658-a5a5-f0aaa33d5ec1 is started using port 36062
2019-09-26 20:35:37,494 [Datanode State Machine Thread - 0] INFO  server.XceiverServerGrpc (XceiverServerGrpc.java:start(149)) - XceiverServerGrpc 490b5e00-bd97-4c2f-9bd2-555d2dbb1b28 is started using port 44182
2019-09-26 20:35:37,494 [Datanode State Machine Thread - 0] INFO  server.XceiverServerGrpc (XceiverServerGrpc.java:start(149)) - XceiverServerGrpc eae3403e-0c87-43fb-a8fd-0fe2a75a4733 is started using port 42625
2019-09-26 20:35:37,494 [Datanode State Machine Thread - 0] INFO  server.XceiverServerGrpc (XceiverServerGrpc.java:start(149)) - XceiverServerGrpc 6ca955d0-fbd7-4658-a5a5-f0aaa33d5ec1 is started using port 43681
2019-09-26 20:35:37,554 [Datanode State Machine Thread - 0] INFO  ozoneimpl.OzoneContainer (OzoneContainer.java:start(217)) - Attempting to start container services.
2019-09-26 20:35:37,555 [Datanode State Machine Thread - 0] INFO  ozoneimpl.OzoneContainer (OzoneContainer.java:startContainerScrub(179)) - Background container scanner has been disabled.
2019-09-26 20:35:37,555 [Datanode State Machine Thread - 0] INFO  ratis.XceiverServerRatis (XceiverServerRatis.java:start(411)) - Starting XceiverServerRatis 7be77de1-68b9-4fa7-bda6-3bc381ab23ad at port 0
2019-09-26 20:35:37,560 [Datanode State Machine Thread - 0] INFO  impl.RaftServerProxy (RaftServerProxy.java:lambda$start$3(299)) - 7be77de1-68b9-4fa7-bda6-3bc381ab23ad: start RPC server
2019-09-26 20:35:37,564 [Datanode State Machine Thread - 0] INFO  server.GrpcService (GrpcService.java:startImpl(158)) - 7be77de1-68b9-4fa7-bda6-3bc381ab23ad: GrpcService started, listening on 0.0.0.0/0.0.0.0:37592
2019-09-26 20:35:37,564 [Datanode State Machine Thread - 0] INFO  ratis.XceiverServerRatis (XceiverServerRatis.java:start(421)) - XceiverServerRatis 7be77de1-68b9-4fa7-bda6-3bc381ab23ad is started using port 37592
2019-09-26 20:35:37,566 [Datanode State Machine Thread - 0] INFO  server.XceiverServerGrpc (XceiverServerGrpc.java:start(149)) - XceiverServerGrpc 7be77de1-68b9-4fa7-bda6-3bc381ab23ad is started using port 45207
2019-09-26 20:35:37,642 [Datanode State Machine Thread - 0] INFO  ozoneimpl.OzoneContainer (OzoneContainer.java:start(217)) - Attempting to start container services.
2019-09-26 20:35:37,642 [Datanode State Machine Thread - 0] INFO  ozoneimpl.OzoneContainer (OzoneContainer.java:startContainerScrub(179)) - Background container scanner has been disabled.
2019-09-26 20:35:37,642 [Datanode State Machine Thread - 0] INFO  ratis.XceiverServerRatis (XceiverServerRatis.java:start(411)) - Starting XceiverServerRatis 4ffb8afb-4e86-451a-87a3-e5da03a730ae at port 0
2019-09-26 20:35:37,647 [Datanode State Machine Thread - 0] INFO  impl.RaftServerProxy (RaftServerProxy.java:lambda$start$3(299)) - 4ffb8afb-4e86-451a-87a3-e5da03a730ae: start RPC server
2019-09-26 20:35:37,650 [Datanode State Machine Thread - 0] INFO  server.GrpcService (GrpcService.java:startImpl(158)) - 4ffb8afb-4e86-451a-87a3-e5da03a730ae: GrpcService started, listening on 0.0.0.0/0.0.0.0:34155
2019-09-26 20:35:37,650 [Datanode State Machine Thread - 0] INFO  ratis.XceiverServerRatis (XceiverServerRatis.java:start(421)) - XceiverServerRatis 4ffb8afb-4e86-451a-87a3-e5da03a730ae is started using port 34155
2019-09-26 20:35:37,652 [Datanode State Machine Thread - 0] INFO  server.XceiverServerGrpc (XceiverServerGrpc.java:start(149)) - XceiverServerGrpc 4ffb8afb-4e86-451a-87a3-e5da03a730ae is started using port 39653
2019-09-26 20:35:37,716 [Datanode State Machine Thread - 0] INFO  ozoneimpl.OzoneContainer (OzoneContainer.java:start(217)) - Attempting to start container services.
2019-09-26 20:35:37,716 [Datanode State Machine Thread - 0] INFO  ozoneimpl.OzoneContainer (OzoneContainer.java:startContainerScrub(179)) - Background container scanner has been disabled.
2019-09-26 20:35:37,717 [Datanode State Machine Thread - 0] INFO  ratis.XceiverServerRatis (XceiverServerRatis.java:start(411)) - Starting XceiverServerRatis e6ea3787-7b5b-467a-894e-3363ddf5ac49 at port 0
2019-09-26 20:35:37,721 [Datanode State Machine Thread - 0] INFO  impl.RaftServerProxy (RaftServerProxy.java:lambda$start$3(299)) - e6ea3787-7b5b-467a-894e-3363ddf5ac49: start RPC server
2019-09-26 20:35:37,727 [Datanode State Machine Thread - 0] INFO  server.GrpcService (GrpcService.java:startImpl(158)) - e6ea3787-7b5b-467a-894e-3363ddf5ac49: GrpcService started, listening on 0.0.0.0/0.0.0.0:35936
2019-09-26 20:35:37,727 [Datanode State Machine Thread - 0] INFO  ratis.XceiverServerRatis (XceiverServerRatis.java:start(421)) - XceiverServerRatis e6ea3787-7b5b-467a-894e-3363ddf5ac49 is started using port 35936
2019-09-26 20:35:37,732 [Datanode State Machine Thread - 0] INFO  server.XceiverServerGrpc (XceiverServerGrpc.java:start(149)) - XceiverServerGrpc e6ea3787-7b5b-467a-894e-3363ddf5ac49 is started using port 44735
2019-09-26 20:35:37,785 [Datanode State Machine Thread - 0] INFO  ozoneimpl.OzoneContainer (OzoneContainer.java:start(217)) - Attempting to start container services.
2019-09-26 20:35:37,785 [Datanode State Machine Thread - 0] INFO  ozoneimpl.OzoneContainer (OzoneContainer.java:startContainerScrub(179)) - Background container scanner has been disabled.
2019-09-26 20:35:37,785 [Datanode State Machine Thread - 0] INFO  ratis.XceiverServerRatis (XceiverServerRatis.java:start(411)) - Starting XceiverServerRatis 84a4ae1f-463c-4c61-bca5-7a956502a9f9 at port 0
2019-09-26 20:35:37,792 [Datanode State Machine Thread - 0] INFO  impl.RaftServerProxy (RaftServerProxy.java:lambda$start$3(299)) - 84a4ae1f-463c-4c61-bca5-7a956502a9f9: start RPC server
2019-09-26 20:35:37,797 [Datanode State Machine Thread - 0] INFO  server.GrpcService (GrpcService.java:startImpl(158)) - 84a4ae1f-463c-4c61-bca5-7a956502a9f9: GrpcService started, listening on 0.0.0.0/0.0.0.0:41745
2019-09-26 20:35:37,798 [Datanode State Machine Thread - 0] INFO  ratis.XceiverServerRatis (XceiverServerRatis.java:start(421)) - XceiverServerRatis 84a4ae1f-463c-4c61-bca5-7a956502a9f9 is started using port 41745
2019-09-26 20:35:37,802 [Datanode State Machine Thread - 0] INFO  server.XceiverServerGrpc (XceiverServerGrpc.java:start(149)) - XceiverServerGrpc 84a4ae1f-463c-4c61-bca5-7a956502a9f9 is started using port 36067
2019-09-26 20:35:37,856 [Datanode State Machine Thread - 0] INFO  ozoneimpl.OzoneContainer (OzoneContainer.java:start(217)) - Attempting to start container services.
2019-09-26 20:35:37,856 [Datanode State Machine Thread - 0] INFO  ozoneimpl.OzoneContainer (OzoneContainer.java:startContainerScrub(179)) - Background container scanner has been disabled.
2019-09-26 20:35:37,856 [Datanode State Machine Thread - 0] INFO  ratis.XceiverServerRatis (XceiverServerRatis.java:start(411)) - Starting XceiverServerRatis 48f2d8fd-8c43-434b-a938-4578675caf55 at port 0
2019-09-26 20:35:37,863 [Datanode State Machine Thread - 0] INFO  impl.RaftServerProxy (RaftServerProxy.java:lambda$start$3(299)) - 48f2d8fd-8c43-434b-a938-4578675caf55: start RPC server
2019-09-26 20:35:37,867 [Datanode State Machine Thread - 0] INFO  server.GrpcService (GrpcService.java:startImpl(158)) - 48f2d8fd-8c43-434b-a938-4578675caf55: GrpcService started, listening on 0.0.0.0/0.0.0.0:42280
2019-09-26 20:35:37,867 [Datanode State Machine Thread - 0] INFO  ratis.XceiverServerRatis (XceiverServerRatis.java:start(421)) - XceiverServerRatis 48f2d8fd-8c43-434b-a938-4578675caf55 is started using port 42280
2019-09-26 20:35:37,870 [Datanode State Machine Thread - 0] INFO  server.XceiverServerGrpc (XceiverServerGrpc.java:start(149)) - XceiverServerGrpc 48f2d8fd-8c43-434b-a938-4578675caf55 is started using port 36224
2019-09-26 20:35:37,991 [Datanode State Machine Thread - 0] INFO  ozoneimpl.OzoneContainer (OzoneContainer.java:start(217)) - Attempting to start container services.
2019-09-26 20:35:37,991 [Datanode State Machine Thread - 0] INFO  ozoneimpl.OzoneContainer (OzoneContainer.java:startContainerScrub(179)) - Background container scanner has been disabled.
2019-09-26 20:35:37,991 [Datanode State Machine Thread - 0] INFO  ratis.XceiverServerRatis (XceiverServerRatis.java:start(411)) - Starting XceiverServerRatis 84f5564a-e18f-45f7-9b57-d0986cf90ae8 at port 0
2019-09-26 20:35:37,999 [Datanode State Machine Thread - 0] INFO  impl.RaftServerProxy (RaftServerProxy.java:lambda$start$3(299)) - 84f5564a-e18f-45f7-9b57-d0986cf90ae8: start RPC server
2019-09-26 20:35:38,004 [Datanode State Machine Thread - 0] INFO  server.GrpcService (GrpcService.java:startImpl(158)) - 84f5564a-e18f-45f7-9b57-d0986cf90ae8: GrpcService started, listening on 0.0.0.0/0.0.0.0:38925
2019-09-26 20:35:38,005 [Datanode State Machine Thread - 0] INFO  ratis.XceiverServerRatis (XceiverServerRatis.java:start(421)) - XceiverServerRatis 84f5564a-e18f-45f7-9b57-d0986cf90ae8 is started using port 38925
2019-09-26 20:35:38,009 [Datanode State Machine Thread - 0] INFO  server.XceiverServerGrpc (XceiverServerGrpc.java:start(149)) - XceiverServerGrpc 84f5564a-e18f-45f7-9b57-d0986cf90ae8 is started using port 40849
2019-09-26 20:35:38,034 [main] INFO  ozone.MiniOzoneClusterImpl (MiniOzoneClusterImpl.java:lambda$waitForClusterToBeReady$0(147)) - Waiting for cluster to be ready. Got 0 of 10 DN Heartbeats.
2019-09-26 20:35:38,049 [Datanode State Machine Thread - 0] INFO  ozoneimpl.OzoneContainer (OzoneContainer.java:start(217)) - Attempting to start container services.
2019-09-26 20:35:38,049 [Datanode State Machine Thread - 0] INFO  ozoneimpl.OzoneContainer (OzoneContainer.java:startContainerScrub(179)) - Background container scanner has been disabled.
2019-09-26 20:35:38,049 [Datanode State Machine Thread - 0] INFO  ratis.XceiverServerRatis (XceiverServerRatis.java:start(411)) - Starting XceiverServerRatis df489160-9035-493c-b28c-85e4df434e3a at port 0
2019-09-26 20:35:38,056 [Datanode State Machine Thread - 0] INFO  impl.RaftServerProxy (RaftServerProxy.java:lambda$start$3(299)) - df489160-9035-493c-b28c-85e4df434e3a: start RPC server
2019-09-26 20:35:38,067 [Datanode State Machine Thread - 0] INFO  server.GrpcService (GrpcService.java:startImpl(158)) - df489160-9035-493c-b28c-85e4df434e3a: GrpcService started, listening on 0.0.0.0/0.0.0.0:37092
2019-09-26 20:35:38,067 [Datanode State Machine Thread - 0] INFO  ratis.XceiverServerRatis (XceiverServerRatis.java:start(421)) - XceiverServerRatis df489160-9035-493c-b28c-85e4df434e3a is started using port 37092
2019-09-26 20:35:38,087 [Datanode State Machine Thread - 0] INFO  server.XceiverServerGrpc (XceiverServerGrpc.java:start(149)) - XceiverServerGrpc df489160-9035-493c-b28c-85e4df434e3a is started using port 35537
2019-09-26 20:35:39,035 [main] INFO  ozone.MiniOzoneClusterImpl (MiniOzoneClusterImpl.java:lambda$waitForClusterToBeReady$0(147)) - Waiting for cluster to be ready. Got 0 of 10 DN Heartbeats.
2019-09-26 20:35:39,299 [IPC Server handler 6 on 35355] INFO  net.NetworkTopology (NetworkTopologyImpl.java:add(111)) - Added a new node: /default-rack/490b5e00-bd97-4c2f-9bd2-555d2dbb1b28
2019-09-26 20:35:39,300 [IPC Server handler 6 on 35355] INFO  node.SCMNodeManager (SCMNodeManager.java:register(266)) - Registered Data node : 490b5e00-bd97-4c2f-9bd2-555d2dbb1b28{ip: 192.168.151.109, host: pr-hdds-2162-kpcbn-4093309294, networkLocation: /default-rack, certSerialId: null}
2019-09-26 20:35:39,306 [EventQueue-NodeRegistrationContainerReportForDataNodeSafeModeRule] INFO  safemode.SCMSafeModeManager (DataNodeSafeModeRule.java:process(71)) - SCM in safe mode. 1 DataNodes registered, 1 required.
2019-09-26 20:35:39,306 [EventQueue-NodeRegistrationContainerReportForDataNodeSafeModeRule] INFO  safemode.SCMSafeModeManager (SCMSafeModeManager.java:validateSafeModeExitRules(177)) - ScmSafeModeManager, all rules are successfully validated
2019-09-26 20:35:39,306 [EventQueue-NodeRegistrationContainerReportForDataNodeSafeModeRule] INFO  safemode.SCMSafeModeManager (SCMSafeModeManager.java:exitSafeMode(193)) - SCM exiting safe mode.
2019-09-26 20:35:39,359 [IPC Server handler 7 on 35355] INFO  net.NetworkTopology (NetworkTopologyImpl.java:add(111)) - Added a new node: /default-rack/eae3403e-0c87-43fb-a8fd-0fe2a75a4733
2019-09-26 20:35:39,360 [IPC Server handler 7 on 35355] INFO  node.SCMNodeManager (SCMNodeManager.java:register(266)) - Registered Data node : eae3403e-0c87-43fb-a8fd-0fe2a75a4733{ip: 192.168.151.109, host: pr-hdds-2162-kpcbn-4093309294, networkLocation: /default-rack, certSerialId: null}
2019-09-26 20:35:39,450 [IPC Server handler 5 on 35355] INFO  net.NetworkTopology (NetworkTopologyImpl.java:add(111)) - Added a new node: /default-rack/6ca955d0-fbd7-4658-a5a5-f0aaa33d5ec1
2019-09-26 20:35:39,451 [IPC Server handler 5 on 35355] INFO  node.SCMNodeManager (SCMNodeManager.java:register(266)) - Registered Data node : 6ca955d0-fbd7-4658-a5a5-f0aaa33d5ec1{ip: 192.168.151.109, host: pr-hdds-2162-kpcbn-4093309294, networkLocation: /default-rack, certSerialId: null}
2019-09-26 20:35:39,542 [IPC Server handler 3 on 35355] INFO  net.NetworkTopology (NetworkTopologyImpl.java:add(111)) - Added a new node: /default-rack/7be77de1-68b9-4fa7-bda6-3bc381ab23ad
2019-09-26 20:35:39,542 [IPC Server handler 3 on 35355] INFO  node.SCMNodeManager (SCMNodeManager.java:register(266)) - Registered Data node : 7be77de1-68b9-4fa7-bda6-3bc381ab23ad{ip: 192.168.151.109, host: pr-hdds-2162-kpcbn-4093309294, networkLocation: /default-rack, certSerialId: null}
2019-09-26 20:35:39,631 [IPC Server handler 10 on 35355] INFO  net.NetworkTopology (NetworkTopologyImpl.java:add(111)) - Added a new node: /default-rack/4ffb8afb-4e86-451a-87a3-e5da03a730ae
2019-09-26 20:35:39,631 [IPC Server handler 10 on 35355] INFO  node.SCMNodeManager (SCMNodeManager.java:register(266)) - Registered Data node : 4ffb8afb-4e86-451a-87a3-e5da03a730ae{ip: 192.168.151.109, host: pr-hdds-2162-kpcbn-4093309294, networkLocation: /default-rack, certSerialId: null}
2019-09-26 20:35:39,731 [IPC Server handler 2 on 35355] INFO  net.NetworkTopology (NetworkTopologyImpl.java:add(111)) - Added a new node: /default-rack/e6ea3787-7b5b-467a-894e-3363ddf5ac49
2019-09-26 20:35:39,731 [IPC Server handler 2 on 35355] INFO  node.SCMNodeManager (SCMNodeManager.java:register(266)) - Registered Data node : e6ea3787-7b5b-467a-894e-3363ddf5ac49{ip: 192.168.151.109, host: pr-hdds-2162-kpcbn-4093309294, networkLocation: /default-rack, certSerialId: null}
2019-09-26 20:35:39,773 [IPC Server handler 0 on 35355] INFO  net.NetworkTopology (NetworkTopologyImpl.java:add(111)) - Added a new node: /default-rack/84a4ae1f-463c-4c61-bca5-7a956502a9f9
2019-09-26 20:35:39,773 [IPC Server handler 0 on 35355] INFO  node.SCMNodeManager (SCMNodeManager.java:register(266)) - Registered Data node : 84a4ae1f-463c-4c61-bca5-7a956502a9f9{ip: 192.168.151.109, host: pr-hdds-2162-kpcbn-4093309294, networkLocation: /default-rack, certSerialId: null}
2019-09-26 20:35:39,843 [IPC Server handler 8 on 35355] INFO  net.NetworkTopology (NetworkTopologyImpl.java:add(111)) - Added a new node: /default-rack/48f2d8fd-8c43-434b-a938-4578675caf55
2019-09-26 20:35:39,843 [IPC Server handler 8 on 35355] INFO  node.SCMNodeManager (SCMNodeManager.java:register(266)) - Registered Data node : 48f2d8fd-8c43-434b-a938-4578675caf55{ip: 192.168.151.109, host: pr-hdds-2162-kpcbn-4093309294, networkLocation: /default-rack, certSerialId: null}
2019-09-26 20:35:39,903 [grpc-default-executor-0] INFO  impl.RaftServerProxy (RaftServerProxy.java:addNew(89)) - 490b5e00-bd97-4c2f-9bd2-555d2dbb1b28: addNew group-491A1F0188A9:[490b5e00-bd97-4c2f-9bd2-555d2dbb1b28:192.168.151.109:33451] returns group-491A1F0188A9:java.util.concurrent.CompletableFuture@20b934cb[Not completed]
2019-09-26 20:35:39,928 [pool-27-thread-1] INFO  impl.RaftServerImpl (RaftServerImpl.java:<init>(95)) - 490b5e00-bd97-4c2f-9bd2-555d2dbb1b28: new RaftServerImpl for group-491A1F0188A9:[490b5e00-bd97-4c2f-9bd2-555d2dbb1b28:192.168.151.109:33451] with ContainerStateMachine:uninitialized
2019-09-26 20:35:39,929 [pool-27-thread-1] INFO  server.RaftServerConfigKeys (ConfUtils.java:logGet(43)) - raft.server.rpc.timeout.min = 1s (custom)
2019-09-26 20:35:39,931 [pool-27-thread-1] INFO  server.RaftServerConfigKeys (ConfUtils.java:logGet(43)) - raft.server.rpc.timeout.max = 1200ms (custom)
2019-09-26 20:35:39,931 [pool-27-thread-1] INFO  server.RaftServerConfigKeys (ConfUtils.java:logGet(43)) - raft.server.rpcslowness.timeout = 120s (custom)
2019-09-26 20:35:39,932 [pool-27-thread-1] INFO  server.RaftServerConfigKeys (ConfUtils.java:logGet(43)) - raft.server.sleep.deviation.threshold = 300 (default)
2019-09-26 20:35:39,933 [pool-27-thread-1] INFO  server.RaftServerConfigKeys (ConfUtils.java:logGet(43)) - raft.server.log.appender.install.snapshot.enabled = false (custom)
2019-09-26 20:35:39,939 [pool-27-thread-1] INFO  impl.RaftServerImpl (ServerState.java:<init>(103)) - 490b5e00-bd97-4c2f-9bd2-555d2dbb1b28@group-491A1F0188A9: ConfigurationManager, init=-1: [490b5e00-bd97-4c2f-9bd2-555d2dbb1b28:192.168.151.109:33451], old=null, confs=<EMPTY_MAP>
2019-09-26 20:35:39,940 [pool-27-thread-1] INFO  server.RaftServerConfigKeys (ConfUtils.java:logGet(43)) - raft.server.storage.dir = [/workdir/hadoop-ozone/integration-test/target/test-dir/MiniOzoneClusterImpl-6b3e93c2-f638-46ca-bf75-ac80d5cb12e3/datanode-0/data/ratis] (custom)
2019-09-26 20:35:39,946 [pool-27-thread-1] INFO  storage.RaftStorageDirectory (RaftStorageDirectory.java:analyzeStorage(246)) - The storage directory /workdir/hadoop-ozone/integration-test/target/test-dir/MiniOzoneClusterImpl-6b3e93c2-f638-46ca-bf75-ac80d5cb12e3/datanode-0/data/ratis/53a597ab-04d3-4590-9479-491a1f0188a9 does not exist. Creating ...
2019-09-26 20:35:39,965 [pool-27-thread-1] INFO  storage.RaftStorageDirectory (RaftStorageDirectory.java:tryLock(328)) - Lock on /workdir/hadoop-ozone/integration-test/target/test-dir/MiniOzoneClusterImpl-6b3e93c2-f638-46ca-bf75-ac80d5cb12e3/datanode-0/data/ratis/53a597ab-04d3-4590-9479-491a1f0188a9/in_use.lock acquired by nodename 4010@pr-hdds-2162-kpcbn-4093309294
2019-09-26 20:35:39,966 [IPC Server handler 9 on 35355] INFO  net.NetworkTopology (NetworkTopologyImpl.java:add(111)) - Added a new node: /default-rack/84f5564a-e18f-45f7-9b57-d0986cf90ae8
2019-09-26 20:35:39,966 [IPC Server handler 9 on 35355] INFO  node.SCMNodeManager (SCMNodeManager.java:register(266)) - Registered Data node : 84f5564a-e18f-45f7-9b57-d0986cf90ae8{ip: 192.168.151.109, host: pr-hdds-2162-kpcbn-4093309294, networkLocation: /default-rack, certSerialId: null}
2019-09-26 20:35:39,981 [pool-27-thread-1] INFO  storage.RaftStorage (RaftStorage.java:format(72)) - Storage directory /workdir/hadoop-ozone/integration-test/target/test-dir/MiniOzoneClusterImpl-6b3e93c2-f638-46ca-bf75-ac80d5cb12e3/datanode-0/data/ratis/53a597ab-04d3-4590-9479-491a1f0188a9 has been successfully formatted.
2019-09-26 20:35:39,983 [pool-27-thread-1] INFO  ratis.ContainerStateMachine (ContainerStateMachine.java:loadSnapshot(230)) - group-491A1F0188A9: The snapshot info is null. Setting the last applied indexto:(t:0, i:~)
2019-09-26 20:35:39,983 [pool-27-thread-1] INFO  server.RaftServerConfigKeys (ConfUtils.java:logGet(43)) - raft.server.notification.no-leader.timeout = 120s (custom)
2019-09-26 20:35:39,985 [pool-27-thread-1] INFO  server.RaftServerConfigKeys (ConfUtils.java:logGet(43)) - raft.server.log.use.memory = false (default)
2019-09-26 20:35:39,990 [pool-27-thread-1] INFO  server.RaftServerConfigKeys (ConfUtils.java:logGet(43)) - raft.server.log.purge.gap = 1000000 (custom)
2019-09-26 20:35:39,990 [pool-27-thread-1] INFO  server.RaftServerConfigKeys (ConfUtils.java:logGet(43)) - raft.server.log.appender.buffer.byte-limit = 33554432 (custom)
2019-09-26 20:35:39,992 [pool-27-thread-1] INFO  server.RaftServerConfigKeys (ConfUtils.java:logGet(43)) - raft.server.log.segment.size.max = 1048576 (custom)
2019-09-26 20:35:39,996 [pool-27-thread-1] INFO  server.RaftServerConfigKeys (ConfUtils.java:logGet(43)) - raft.server.log.segment.cache.num.max = 2 (custom)
2019-09-26 20:35:40,001 [pool-27-thread-1] INFO  segmented.SegmentedRaftLogWorker (SegmentedRaftLogWorker.java:<init>(172)) - new 490b5e00-bd97-4c2f-9bd2-555d2dbb1b28@group-491A1F0188A9-SegmentedRaftLogWorker for RaftStorage:Storage Directory /workdir/hadoop-ozone/integration-test/target/test-dir/MiniOzoneClusterImpl-6b3e93c2-f638-46ca-bf75-ac80d5cb12e3/datanode-0/data/ratis/53a597ab-04d3-4590-9479-491a1f0188a9
2019-09-26 20:35:40,002 [pool-27-thread-1] INFO  impl.MetricsSystemImpl (MetricsSystemImpl.java:init(158)) - ratis metrics system started (again)
2019-09-26 20:35:40,008 [pool-27-thread-1] INFO  metrics.MetricRegistries (MetricRegistriesLoader.java:load(64)) - Loaded MetricRegistries class org.apache.ratis.metrics.impl.MetricRegistriesImpl
2019-09-26 20:35:40,042 [main] INFO  ozone.MiniOzoneClusterImpl (MiniOzoneClusterImpl.java:lambda$waitForClusterToBeReady$0(147)) - Waiting for cluster to be ready. Got 9 of 10 DN Heartbeats.
2019-09-26 20:35:40,050 [IPC Server handler 6 on 35355] INFO  net.NetworkTopology (NetworkTopologyImpl.java:add(111)) - Added a new node: /default-rack/df489160-9035-493c-b28c-85e4df434e3a
2019-09-26 20:35:40,050 [IPC Server handler 6 on 35355] INFO  node.SCMNodeManager (SCMNodeManager.java:register(266)) - Registered Data node : df489160-9035-493c-b28c-85e4df434e3a{ip: 192.168.151.109, host: pr-hdds-2162-kpcbn-4093309294, networkLocation: /default-rack, certSerialId: null}
2019-09-26 20:35:40,051 [pool-27-thread-1] INFO  server.RaftServerConfigKeys (ConfUtils.java:logGet(43)) - raft.server.log.queue.byte-limit = 2147483647 (custom)
2019-09-26 20:35:40,052 [pool-27-thread-1] INFO  server.RaftServerConfigKeys (ConfUtils.java:logGet(43)) - raft.server.log.queue.element-limit = 1024 (custom)
2019-09-26 20:35:40,055 [pool-27-thread-1] INFO  server.RaftServerConfigKeys (ConfUtils.java:logGet(43)) - raft.server.log.segment.size.max = 1048576 (custom)
2019-09-26 20:35:40,055 [pool-27-thread-1] INFO  server.RaftServerConfigKeys (ConfUtils.java:logGet(43)) - raft.server.log.preallocated.size = 16384 (custom)
2019-09-26 20:35:40,056 [pool-27-thread-1] INFO  server.RaftServerConfigKeys (ConfUtils.java:logGet(43)) - raft.server.log.write.buffer.size = 33554432 (custom)
2019-09-26 20:35:40,056 [pool-27-thread-1] INFO  server.RaftServerConfigKeys (ConfUtils.java:logGet(43)) - raft.server.log.force.sync.num = 128 (default)
2019-09-26 20:35:40,057 [pool-27-thread-1] INFO  server.RaftServerConfigKeys (ConfUtils.java:logGet(43)) - raft.server.log.statemachine.data.sync = true (default)
2019-09-26 20:35:40,057 [pool-27-thread-1] INFO  server.RaftServerConfigKeys (ConfUtils.java:logGet(43)) - raft.server.log.statemachine.data.sync.timeout = 10s (default)
2019-09-26 20:35:40,058 [pool-27-thread-1] INFO  server.RaftServerConfigKeys (ConfUtils.java:logGet(43)) - raft.server.log.statemachine.data.sync.timeout.retry = -1 (default)
2019-09-26 20:35:40,066 [pool-27-thread-1] INFO  server.RaftServerConfigKeys (ConfUtils.java:logGet(43)) - raft.server.log.statemachine.data.caching.enabled = true (custom)
2019-09-26 20:35:40,070 [pool-27-thread-1] INFO  segmented.SegmentedRaftLogWorker (SegmentedRaftLogWorker.java:lambda$new$0(132)) - 490b5e00-bd97-4c2f-9bd2-555d2dbb1b28@group-491A1F0188A9-SegmentedRaftLogWorker: flushIndex: setUnconditionally 0 -> -1
2019-09-26 20:35:40,074 [pool-27-thread-1] INFO  server.RaftServerConfigKeys (ConfUtils.java:logGet(43)) - raft.server.snapshot.auto.trigger.enabled = true (custom)
2019-09-26 20:35:40,075 [pool-27-thread-1] INFO  server.RaftServerConfigKeys (ConfUtils.java:logGet(43)) - raft.server.snapshot.auto.trigger.threshold = 10000 (custom)
2019-09-26 20:35:40,075 [pool-27-thread-1] INFO  server.RaftServerConfigKeys (ConfUtils.java:logGet(43)) - raft.server.snapshot.retention.num.files = 5 (custom)
2019-09-26 20:35:40,075 [pool-27-thread-1] INFO  server.RaftServerConfigKeys (ConfUtils.java:logGet(43)) - raft.server.retrycache.expirytime = 600000ms (custom)
2019-09-26 20:35:40,101 [pool-27-thread-1] INFO  impl.RaftServerImpl (RaftServerImpl.java:start(185)) - 490b5e00-bd97-4c2f-9bd2-555d2dbb1b28@group-491A1F0188A9: start as a follower, conf=-1: [490b5e00-bd97-4c2f-9bd2-555d2dbb1b28:192.168.151.109:33451], old=null
2019-09-26 20:35:40,102 [pool-27-thread-1] INFO  impl.RaftServerImpl (RaftServerImpl.java:setRole(174)) - 490b5e00-bd97-4c2f-9bd2-555d2dbb1b28@group-491A1F0188A9: changes role from      null to FOLLOWER at term 0 for startAsFollower
2019-09-26 20:35:40,103 [pool-27-thread-1] INFO  impl.RoleInfo (RoleInfo.java:updateAndGet(143)) - 490b5e00-bd97-4c2f-9bd2-555d2dbb1b28: start FollowerState
2019-09-26 20:35:40,105 [pool-27-thread-1] INFO  util.JmxRegister (JmxRegister.java:tryRegister(44)) - Successfully registered JMX Bean with object name Ratis:service=RaftServer,group=group-491A1F0188A9,id=490b5e00-bd97-4c2f-9bd2-555d2dbb1b28
2019-09-26 20:35:40,171 [RatisPipelineUtilsThread] INFO  pipeline.PipelineStateManager (PipelineStateManager.java:addPipeline(56)) - Created pipeline Pipeline[ Id: 53a597ab-04d3-4590-9479-491a1f0188a9, Nodes: 490b5e00-bd97-4c2f-9bd2-555d2dbb1b28{ip: 192.168.151.109, host: pr-hdds-2162-kpcbn-4093309294, networkLocation: /default-rack, certSerialId: null}, Type:RATIS, Factor:ONE, State:OPEN]
2019-09-26 20:35:40,201 [grpc-default-executor-0] INFO  impl.RaftServerProxy (RaftServerProxy.java:addNew(89)) - df489160-9035-493c-b28c-85e4df434e3a: addNew group-C5DB180DDBE7:[df489160-9035-493c-b28c-85e4df434e3a:192.168.151.109:37092] returns group-C5DB180DDBE7:java.util.concurrent.CompletableFuture@c1e43e5[Not completed]
2019-09-26 20:35:40,265 [pool-117-thread-1] INFO  impl.RaftServerImpl (RaftServerImpl.java:<init>(95)) - df489160-9035-493c-b28c-85e4df434e3a: new RaftServerImpl for group-C5DB180DDBE7:[df489160-9035-493c-b28c-85e4df434e3a:192.168.151.109:37092] with ContainerStateMachine:uninitialized
2019-09-26 20:35:40,267 [pool-117-thread-1] INFO  server.RaftServerConfigKeys (ConfUtils.java:logGet(43)) - raft.server.rpc.timeout.min = 1s (custom)
2019-09-26 20:35:40,267 [pool-117-thread-1] INFO  server.RaftServerConfigKeys (ConfUtils.java:logGet(43)) - raft.server.rpc.timeout.max = 1200ms (custom)
2019-09-26 20:35:40,267 [pool-117-thread-1] INFO  server.RaftServerConfigKeys (ConfUtils.java:logGet(43)) - raft.server.rpcslowness.timeout = 120s (custom)
2019-09-26 20:35:40,267 [pool-117-thread-1] INFO  server.RaftServerConfigKeys (ConfUtils.java:logGet(43)) - raft.server.sleep.deviation.threshold = 300 (default)
2019-09-26 20:35:40,267 [pool-117-thread-1] INFO  server.RaftServerConfigKeys (ConfUtils.java:logGet(43)) - raft.server.log.appender.install.snapshot.enabled = false (custom)
2019-09-26 20:35:40,268 [pool-117-thread-1] INFO  impl.RaftServerImpl (ServerState.java:<init>(103)) - df489160-9035-493c-b28c-85e4df434e3a@group-C5DB180DDBE7: ConfigurationManager, init=-1: [df489160-9035-493c-b28c-85e4df434e3a:192.168.151.109:37092], old=null, confs=<EMPTY_MAP>
2019-09-26 20:35:40,268 [pool-117-thread-1] INFO  server.RaftServerConfigKeys (ConfUtils.java:logGet(43)) - raft.server.storage.dir = [/workdir/hadoop-ozone/integration-test/target/test-dir/MiniOzoneClusterImpl-6b3e93c2-f638-46ca-bf75-ac80d5cb12e3/datanode-9/data/ratis] (custom)
2019-09-26 20:35:40,268 [pool-117-thread-1] INFO  storage.RaftStorageDirectory (RaftStorageDirectory.java:analyzeStorage(246)) - The storage directory /workdir/hadoop-ozone/integration-test/target/test-dir/MiniOzoneClusterImpl-6b3e93c2-f638-46ca-bf75-ac80d5cb12e3/datanode-9/data/ratis/68a443b8-1698-45bd-bab6-c5db180ddbe7 does not exist. Creating ...
2019-09-26 20:35:40,281 [pool-117-thread-1] INFO  storage.RaftStorageDirectory (RaftStorageDirectory.java:tryLock(328)) - Lock on /workdir/hadoop-ozone/integration-test/target/test-dir/MiniOzoneClusterImpl-6b3e93c2-f638-46ca-bf75-ac80d5cb12e3/datanode-9/data/ratis/68a443b8-1698-45bd-bab6-c5db180ddbe7/in_use.lock acquired by nodename 4010@pr-hdds-2162-kpcbn-4093309294
2019-09-26 20:35:40,294 [pool-117-thread-1] INFO  storage.RaftStorage (RaftStorage.java:format(72)) - Storage directory /workdir/hadoop-ozone/integration-test/target/test-dir/MiniOzoneClusterImpl-6b3e93c2-f638-46ca-bf75-ac80d5cb12e3/datanode-9/data/ratis/68a443b8-1698-45bd-bab6-c5db180ddbe7 has been successfully formatted.
2019-09-26 20:35:40,297 [pool-117-thread-1] INFO  ratis.ContainerStateMachine (ContainerStateMachine.java:loadSnapshot(230)) - group-C5DB180DDBE7: The snapshot info is null. Setting the last applied indexto:(t:0, i:~)
2019-09-26 20:35:40,299 [pool-117-thread-1] INFO  server.RaftServerConfigKeys (ConfUtils.java:logGet(43)) - raft.server.notification.no-leader.timeout = 120s (custom)
2019-09-26 20:35:40,299 [pool-117-thread-1] INFO  server.RaftServerConfigKeys (ConfUtils.java:logGet(43)) - raft.server.log.use.memory = false (default)
2019-09-26 20:35:40,299 [pool-117-thread-1] INFO  server.RaftServerConfigKeys (ConfUtils.java:logGet(43)) - raft.server.log.purge.gap = 1000000 (custom)
2019-09-26 20:35:40,299 [pool-117-thread-1] INFO  server.RaftServerConfigKeys (ConfUtils.java:logGet(43)) - raft.server.log.appender.buffer.byte-limit = 33554432 (custom)
2019-09-26 20:35:40,299 [pool-117-thread-1] INFO  server.RaftServerConfigKeys (ConfUtils.java:logGet(43)) - raft.server.log.segment.size.max = 1048576 (custom)
2019-09-26 20:35:40,300 [pool-117-thread-1] INFO  server.RaftServerConfigKeys (ConfUtils.java:logGet(43)) - raft.server.log.segment.cache.num.max = 2 (custom)
2019-09-26 20:35:40,300 [pool-117-thread-1] INFO  segmented.SegmentedRaftLogWorker (SegmentedRaftLogWorker.java:<init>(172)) - new df489160-9035-493c-b28c-85e4df434e3a@group-C5DB180DDBE7-SegmentedRaftLogWorker for RaftStorage:Storage Directory /workdir/hadoop-ozone/integration-test/target/test-dir/MiniOzoneClusterImpl-6b3e93c2-f638-46ca-bf75-ac80d5cb12e3/datanode-9/data/ratis/68a443b8-1698-45bd-bab6-c5db180ddbe7
2019-09-26 20:35:40,308 [pool-117-thread-1] INFO  server.RaftServerConfigKeys (ConfUtils.java:logGet(43)) - raft.server.log.queue.byte-limit = 2147483647 (custom)
2019-09-26 20:35:40,308 [pool-117-thread-1] INFO  server.RaftServerConfigKeys (ConfUtils.java:logGet(43)) - raft.server.log.queue.element-limit = 1024 (custom)
2019-09-26 20:35:40,308 [pool-117-thread-1] INFO  server.RaftServerConfigKeys (ConfUtils.java:logGet(43)) - raft.server.log.segment.size.max = 1048576 (custom)
2019-09-26 20:35:40,308 [pool-117-thread-1] INFO  server.RaftServerConfigKeys (ConfUtils.java:logGet(43)) - raft.server.log.preallocated.size = 16384 (custom)
2019-09-26 20:35:40,309 [pool-117-thread-1] INFO  server.RaftServerConfigKeys (ConfUtils.java:logGet(43)) - raft.server.log.write.buffer.size = 33554432 (custom)
2019-09-26 20:35:40,309 [pool-117-thread-1] INFO  server.RaftServerConfigKeys (ConfUtils.java:logGet(43)) - raft.server.log.force.sync.num = 128 (default)
2019-09-26 20:35:40,309 [pool-117-thread-1] INFO  server.RaftServerConfigKeys (ConfUtils.java:logGet(43)) - raft.server.log.statemachine.data.sync = true (default)
2019-09-26 20:35:40,309 [pool-117-thread-1] INFO  server.RaftServerConfigKeys (ConfUtils.java:logGet(43)) - raft.server.log.statemachine.data.sync.timeout = 10s (default)
2019-09-26 20:35:40,309 [pool-117-thread-1] INFO  server.RaftServerConfigKeys (ConfUtils.java:logGet(43)) - raft.server.log.statemachine.data.sync.timeout.retry = -1 (default)
2019-09-26 20:35:40,310 [pool-117-thread-1] INFO  server.RaftServerConfigKeys (ConfUtils.java:logGet(43)) - raft.server.log.statemachine.data.caching.enabled = true (custom)
2019-09-26 20:35:40,310 [pool-117-thread-1] INFO  segmented.SegmentedRaftLogWorker (SegmentedRaftLogWorker.java:lambda$new$0(132)) - df489160-9035-493c-b28c-85e4df434e3a@group-C5DB180DDBE7-SegmentedRaftLogWorker: flushIndex: setUnconditionally 0 -> -1
2019-09-26 20:35:40,311 [pool-117-thread-1] INFO  server.RaftServerConfigKeys (ConfUtils.java:logGet(43)) - raft.server.snapshot.auto.trigger.enabled = true (custom)
2019-09-26 20:35:40,311 [pool-117-thread-1] INFO  server.RaftServerConfigKeys (ConfUtils.java:logGet(43)) - raft.server.snapshot.auto.trigger.threshold = 10000 (custom)
2019-09-26 20:35:40,311 [pool-117-thread-1] INFO  server.RaftServerConfigKeys (ConfUtils.java:logGet(43)) - raft.server.snapshot.retention.num.files = 5 (custom)
2019-09-26 20:35:40,311 [pool-117-thread-1] INFO  server.RaftServerConfigKeys (ConfUtils.java:logGet(43)) - raft.server.retrycache.expirytime = 600000ms (custom)
2019-09-26 20:35:40,317 [pool-117-thread-1] INFO  impl.RaftServerImpl (RaftServerImpl.java:start(185)) - df489160-9035-493c-b28c-85e4df434e3a@group-C5DB180DDBE7: start as a follower, conf=-1: [df489160-9035-493c-b28c-85e4df434e3a:192.168.151.109:37092], old=null
2019-09-26 20:35:40,317 [pool-117-thread-1] INFO  impl.RaftServerImpl (RaftServerImpl.java:setRole(174)) - df489160-9035-493c-b28c-85e4df434e3a@group-C5DB180DDBE7: changes role from      null to FOLLOWER at term 0 for startAsFollower
2019-09-26 20:35:40,317 [pool-117-thread-1] INFO  impl.RoleInfo (RoleInfo.java:updateAndGet(143)) - df489160-9035-493c-b28c-85e4df434e3a: start FollowerState
2019-09-26 20:35:40,320 [pool-117-thread-1] INFO  util.JmxRegister (JmxRegister.java:tryRegister(44)) - Successfully registered JMX Bean with object name Ratis:service=RaftServer,group=group-C5DB180DDBE7,id=df489160-9035-493c-b28c-85e4df434e3a
2019-09-26 20:35:40,336 [RatisPipelineUtilsThread] INFO  pipeline.PipelineStateManager (PipelineStateManager.java:addPipeline(56)) - Created pipeline Pipeline[ Id: 68a443b8-1698-45bd-bab6-c5db180ddbe7, Nodes: df489160-9035-493c-b28c-85e4df434e3a{ip: 192.168.151.109, host: pr-hdds-2162-kpcbn-4093309294, networkLocation: /default-rack, certSerialId: null}, Type:RATIS, Factor:ONE, State:OPEN]
2019-09-26 20:35:40,360 [grpc-default-executor-0] INFO  impl.RaftServerProxy (RaftServerProxy.java:addNew(89)) - 6ca955d0-fbd7-4658-a5a5-f0aaa33d5ec1: addNew group-94C086103DCA:[6ca955d0-fbd7-4658-a5a5-f0aaa33d5ec1:192.168.151.109:36062] returns group-94C086103DCA:java.util.concurrent.CompletableFuture@43ac30c0[Not completed]
2019-09-26 20:35:40,393 [pool-47-thread-1] INFO  impl.RaftServerImpl (RaftServerImpl.java:<init>(95)) - 6ca955d0-fbd7-4658-a5a5-f0aaa33d5ec1: new RaftServerImpl for group-94C086103DCA:[6ca955d0-fbd7-4658-a5a5-f0aaa33d5ec1:192.168.151.109:36062] with ContainerStateMachine:uninitialized
2019-09-26 20:35:40,393 [pool-47-thread-1] INFO  server.RaftServerConfigKeys (ConfUtils.java:logGet(43)) - raft.server.rpc.timeout.min = 1s (custom)
2019-09-26 20:35:40,394 [pool-47-thread-1] INFO  server.RaftServerConfigKeys (ConfUtils.java:logGet(43)) - raft.server.rpc.timeout.max = 1200ms (custom)
2019-09-26 20:35:40,394 [pool-47-thread-1] INFO  server.RaftServerConfigKeys (ConfUtils.java:logGet(43)) - raft.server.rpcslowness.timeout = 120s (custom)
2019-09-26 20:35:40,394 [pool-47-thread-1] INFO  server.RaftServerConfigKeys (ConfUtils.java:logGet(43)) - raft.server.sleep.deviation.threshold = 300 (default)
2019-09-26 20:35:40,394 [pool-47-thread-1] INFO  server.RaftServerConfigKeys (ConfUtils.java:logGet(43)) - raft.server.log.appender.install.snapshot.enabled = false (custom)
2019-09-26 20:35:40,394 [pool-47-thread-1] INFO  impl.RaftServerImpl (ServerState.java:<init>(103)) - 6ca955d0-fbd7-4658-a5a5-f0aaa33d5ec1@group-94C086103DCA: ConfigurationManager, init=-1: [6ca955d0-fbd7-4658-a5a5-f0aaa33d5ec1:192.168.151.109:36062], old=null, confs=<EMPTY_MAP>
2019-09-26 20:35:40,395 [pool-47-thread-1] INFO  server.RaftServerConfigKeys (ConfUtils.java:logGet(43)) - raft.server.storage.dir = [/workdir/hadoop-ozone/integration-test/target/test-dir/MiniOzoneClusterImpl-6b3e93c2-f638-46ca-bf75-ac80d5cb12e3/datanode-2/data/ratis] (custom)
2019-09-26 20:35:40,395 [pool-47-thread-1] INFO  storage.RaftStorageDirectory (RaftStorageDirectory.java:analyzeStorage(246)) - The storage directory /workdir/hadoop-ozone/integration-test/target/test-dir/MiniOzoneClusterImpl-6b3e93c2-f638-46ca-bf75-ac80d5cb12e3/datanode-2/data/ratis/7b2d6dad-0a29-49b4-b530-94c086103dca does not exist. Creating ...
2019-09-26 20:35:40,409 [pool-47-thread-1] INFO  storage.RaftStorageDirectory (RaftStorageDirectory.java:tryLock(328)) - Lock on /workdir/hadoop-ozone/integration-test/target/test-dir/MiniOzoneClusterImpl-6b3e93c2-f638-46ca-bf75-ac80d5cb12e3/datanode-2/data/ratis/7b2d6dad-0a29-49b4-b530-94c086103dca/in_use.lock acquired by nodename 4010@pr-hdds-2162-kpcbn-4093309294
2019-09-26 20:35:40,422 [pool-47-thread-1] INFO  storage.RaftStorage (RaftStorage.java:format(72)) - Storage directory /workdir/hadoop-ozone/integration-test/target/test-dir/MiniOzoneClusterImpl-6b3e93c2-f638-46ca-bf75-ac80d5cb12e3/datanode-2/data/ratis/7b2d6dad-0a29-49b4-b530-94c086103dca has been successfully formatted.
2019-09-26 20:35:40,423 [pool-47-thread-1] INFO  ratis.ContainerStateMachine (ContainerStateMachine.java:loadSnapshot(230)) - group-94C086103DCA: The snapshot info is null. Setting the last applied indexto:(t:0, i:~)
2019-09-26 20:35:40,423 [pool-47-thread-1] INFO  server.RaftServerConfigKeys (ConfUtils.java:logGet(43)) - raft.server.notification.no-leader.timeout = 120s (custom)
2019-09-26 20:35:40,423 [pool-47-thread-1] INFO  server.RaftServerConfigKeys (ConfUtils.java:logGet(43)) - raft.server.log.use.memory = false (default)
2019-09-26 20:35:40,423 [pool-47-thread-1] INFO  server.RaftServerConfigKeys (ConfUtils.java:logGet(43)) - raft.server.log.purge.gap = 1000000 (custom)
2019-09-26 20:35:40,423 [pool-47-thread-1] INFO  server.RaftServerConfigKeys (ConfUtils.java:logGet(43)) - raft.server.log.appender.buffer.byte-limit = 33554432 (custom)
2019-09-26 20:35:40,424 [pool-47-thread-1] INFO  server.RaftServerConfigKeys (ConfUtils.java:logGet(43)) - raft.server.log.segment.size.max = 1048576 (custom)
2019-09-26 20:35:40,424 [pool-47-thread-1] INFO  server.RaftServerConfigKeys (ConfUtils.java:logGet(43)) - raft.server.log.segment.cache.num.max = 2 (custom)
2019-09-26 20:35:40,424 [pool-47-thread-1] INFO  segmented.SegmentedRaftLogWorker (SegmentedRaftLogWorker.java:<init>(172)) - new 6ca955d0-fbd7-4658-a5a5-f0aaa33d5ec1@group-94C086103DCA-SegmentedRaftLogWorker for RaftStorage:Storage Directory /workdir/hadoop-ozone/integration-test/target/test-dir/MiniOzoneClusterImpl-6b3e93c2-f638-46ca-bf75-ac80d5cb12e3/datanode-2/data/ratis/7b2d6dad-0a29-49b4-b530-94c086103dca
2019-09-26 20:35:40,465 [pool-47-thread-1] INFO  server.RaftServerConfigKeys (ConfUtils.java:logGet(43)) - raft.server.log.queue.byte-limit = 2147483647 (custom)
2019-09-26 20:35:40,465 [pool-47-thread-1] INFO  server.RaftServerConfigKeys (ConfUtils.java:logGet(43)) - raft.server.log.queue.element-limit = 1024 (custom)
2019-09-26 20:35:40,465 [pool-47-thread-1] INFO  server.RaftServerConfigKeys (ConfUtils.java:logGet(43)) - raft.server.log.segment.size.max = 1048576 (custom)
2019-09-26 20:35:40,465 [pool-47-thread-1] INFO  server.RaftServerConfigKeys (ConfUtils.java:logGet(43)) - raft.server.log.preallocated.size = 16384 (custom)
2019-09-26 20:35:40,466 [pool-47-thread-1] INFO  server.RaftServerConfigKeys (ConfUtils.java:logGet(43)) - raft.server.log.write.buffer.size = 33554432 (custom)
2019-09-26 20:35:40,466 [pool-47-thread-1] INFO  server.RaftServerConfigKeys (ConfUtils.java:logGet(43)) - raft.server.log.force.sync.num = 128 (default)
2019-09-26 20:35:40,466 [pool-47-thread-1] INFO  server.RaftServerConfigKeys (ConfUtils.java:logGet(43)) - raft.server.log.statemachine.data.sync = true (default)
2019-09-26 20:35:40,466 [pool-47-thread-1] INFO  server.RaftServerConfigKeys (ConfUtils.java:logGet(43)) - raft.server.log.statemachine.data.sync.timeout = 10s (default)
2019-09-26 20:35:40,466 [pool-47-thread-1] INFO  server.RaftServerConfigKeys (ConfUtils.java:logGet(43)) - raft.server.log.statemachine.data.sync.timeout.retry = -1 (default)
2019-09-26 20:35:40,467 [pool-47-thread-1] INFO  server.RaftServerConfigKeys (ConfUtils.java:logGet(43)) - raft.server.log.statemachine.data.caching.enabled = true (custom)
2019-09-26 20:35:40,467 [pool-47-thread-1] INFO  segmented.SegmentedRaftLogWorker (SegmentedRaftLogWorker.java:lambda$new$0(132)) - 6ca955d0-fbd7-4658-a5a5-f0aaa33d5ec1@group-94C086103DCA-SegmentedRaftLogWorker: flushIndex: setUnconditionally 0 -> -1
2019-09-26 20:35:40,467 [pool-47-thread-1] INFO  server.RaftServerConfigKeys (ConfUtils.java:logGet(43)) - raft.server.snapshot.auto.trigger.enabled = true (custom)
2019-09-26 20:35:40,468 [pool-47-thread-1] INFO  server.RaftServerConfigKeys (ConfUtils.java:logGet(43)) - raft.server.snapshot.auto.trigger.threshold = 10000 (custom)
2019-09-26 20:35:40,468 [pool-47-thread-1] INFO  server.RaftServerConfigKeys (ConfUtils.java:logGet(43)) - raft.server.snapshot.retention.num.files = 5 (custom)
2019-09-26 20:35:40,468 [pool-47-thread-1] INFO  server.RaftServerConfigKeys (ConfUtils.java:logGet(43)) - raft.server.retrycache.expirytime = 600000ms (custom)
2019-09-26 20:35:40,473 [pool-47-thread-1] INFO  impl.RaftServerImpl (RaftServerImpl.java:start(185)) - 6ca955d0-fbd7-4658-a5a5-f0aaa33d5ec1@group-94C086103DCA: start as a follower, conf=-1: [6ca955d0-fbd7-4658-a5a5-f0aaa33d5ec1:192.168.151.109:36062], old=null
2019-09-26 20:35:40,473 [pool-47-thread-1] INFO  impl.RaftServerImpl (RaftServerImpl.java:setRole(174)) - 6ca955d0-fbd7-4658-a5a5-f0aaa33d5ec1@group-94C086103DCA: changes role from      null to FOLLOWER at term 0 for startAsFollower
2019-09-26 20:35:40,473 [pool-47-thread-1] INFO  impl.RoleInfo (RoleInfo.java:updateAndGet(143)) - 6ca955d0-fbd7-4658-a5a5-f0aaa33d5ec1: start FollowerState
2019-09-26 20:35:40,474 [pool-47-thread-1] INFO  util.JmxRegister (JmxRegister.java:tryRegister(44)) - Successfully registered JMX Bean with object name Ratis:service=RaftServer,group=group-94C086103DCA,id=6ca955d0-fbd7-4658-a5a5-f0aaa33d5ec1
2019-09-26 20:35:40,488 [RatisPipelineUtilsThread] INFO  pipeline.PipelineStateManager (PipelineStateManager.java:addPipeline(56)) - Created pipeline Pipeline[ Id: 7b2d6dad-0a29-49b4-b530-94c086103dca, Nodes: 6ca955d0-fbd7-4658-a5a5-f0aaa33d5ec1{ip: 192.168.151.109, host: pr-hdds-2162-kpcbn-4093309294, networkLocation: /default-rack, certSerialId: null}, Type:RATIS, Factor:ONE, State:OPEN]
2019-09-26 20:35:40,510 [grpc-default-executor-0] INFO  impl.RaftServerProxy (RaftServerProxy.java:addNew(89)) - eae3403e-0c87-43fb-a8fd-0fe2a75a4733: addNew group-D9BCDF658D82:[eae3403e-0c87-43fb-a8fd-0fe2a75a4733:192.168.151.109:37973] returns group-D9BCDF658D82:java.util.concurrent.CompletableFuture@496be9a2[Not completed]
2019-09-26 20:35:40,515 [pool-37-thread-1] INFO  impl.RaftServerImpl (RaftServerImpl.java:<init>(95)) - eae3403e-0c87-43fb-a8fd-0fe2a75a4733: new RaftServerImpl for group-D9BCDF658D82:[eae3403e-0c87-43fb-a8fd-0fe2a75a4733:192.168.151.109:37973] with ContainerStateMachine:uninitialized
2019-09-26 20:35:40,515 [pool-37-thread-1] INFO  server.RaftServerConfigKeys (ConfUtils.java:logGet(43)) - raft.server.rpc.timeout.min = 1s (custom)
2019-09-26 20:35:40,516 [pool-37-thread-1] INFO  server.RaftServerConfigKeys (ConfUtils.java:logGet(43)) - raft.server.rpc.timeout.max = 1200ms (custom)
2019-09-26 20:35:40,516 [pool-37-thread-1] INFO  server.RaftServerConfigKeys (ConfUtils.java:logGet(43)) - raft.server.rpcslowness.timeout = 120s (custom)
2019-09-26 20:35:40,516 [pool-37-thread-1] INFO  server.RaftServerConfigKeys (ConfUtils.java:logGet(43)) - raft.server.sleep.deviation.threshold = 300 (default)
2019-09-26 20:35:40,516 [pool-37-thread-1] INFO  server.RaftServerConfigKeys (ConfUtils.java:logGet(43)) - raft.server.log.appender.install.snapshot.enabled = false (custom)
2019-09-26 20:35:40,516 [pool-37-thread-1] INFO  impl.RaftServerImpl (ServerState.java:<init>(103)) - eae3403e-0c87-43fb-a8fd-0fe2a75a4733@group-D9BCDF658D82: ConfigurationManager, init=-1: [eae3403e-0c87-43fb-a8fd-0fe2a75a4733:192.168.151.109:37973], old=null, confs=<EMPTY_MAP>
2019-09-26 20:35:40,517 [pool-37-thread-1] INFO  server.RaftServerConfigKeys (ConfUtils.java:logGet(43)) - raft.server.storage.dir = [/workdir/hadoop-ozone/integration-test/target/test-dir/MiniOzoneClusterImpl-6b3e93c2-f638-46ca-bf75-ac80d5cb12e3/datanode-1/data/ratis] (custom)
2019-09-26 20:35:40,517 [pool-37-thread-1] INFO  storage.RaftStorageDirectory (RaftStorageDirectory.java:analyzeStorage(246)) - The storage directory /workdir/hadoop-ozone/integration-test/target/test-dir/MiniOzoneClusterImpl-6b3e93c2-f638-46ca-bf75-ac80d5cb12e3/datanode-1/data/ratis/22be7d31-0e85-45e1-bf2d-d9bcdf658d82 does not exist. Creating ...
2019-09-26 20:35:40,531 [pool-37-thread-1] INFO  storage.RaftStorageDirectory (RaftStorageDirectory.java:tryLock(328)) - Lock on /workdir/hadoop-ozone/integration-test/target/test-dir/MiniOzoneClusterImpl-6b3e93c2-f638-46ca-bf75-ac80d5cb12e3/datanode-1/data/ratis/22be7d31-0e85-45e1-bf2d-d9bcdf658d82/in_use.lock acquired by nodename 4010@pr-hdds-2162-kpcbn-4093309294
2019-09-26 20:35:40,544 [pool-37-thread-1] INFO  storage.RaftStorage (RaftStorage.java:format(72)) - Storage directory /workdir/hadoop-ozone/integration-test/target/test-dir/MiniOzoneClusterImpl-6b3e93c2-f638-46ca-bf75-ac80d5cb12e3/datanode-1/data/ratis/22be7d31-0e85-45e1-bf2d-d9bcdf658d82 has been successfully formatted.
2019-09-26 20:35:40,545 [pool-37-thread-1] INFO  ratis.ContainerStateMachine (ContainerStateMachine.java:loadSnapshot(230)) - group-D9BCDF658D82: The snapshot info is null. Setting the last applied indexto:(t:0, i:~)
2019-09-26 20:35:40,545 [pool-37-thread-1] INFO  server.RaftServerConfigKeys (ConfUtils.java:logGet(43)) - raft.server.notification.no-leader.timeout = 120s (custom)
2019-09-26 20:35:40,545 [pool-37-thread-1] INFO  server.RaftServerConfigKeys (ConfUtils.java:logGet(43)) - raft.server.log.use.memory = false (default)
2019-09-26 20:35:40,545 [pool-37-thread-1] INFO  server.RaftServerConfigKeys (ConfUtils.java:logGet(43)) - raft.server.log.purge.gap = 1000000 (custom)
2019-09-26 20:35:40,545 [pool-37-thread-1] INFO  server.RaftServerConfigKeys (ConfUtils.java:logGet(43)) - raft.server.log.appender.buffer.byte-limit = 33554432 (custom)
2019-09-26 20:35:40,546 [pool-37-thread-1] INFO  server.RaftServerConfigKeys (ConfUtils.java:logGet(43)) - raft.server.log.segment.size.max = 1048576 (custom)
2019-09-26 20:35:40,546 [pool-37-thread-1] INFO  server.RaftServerConfigKeys (ConfUtils.java:logGet(43)) - raft.server.log.segment.cache.num.max = 2 (custom)
2019-09-26 20:35:40,546 [pool-37-thread-1] INFO  segmented.SegmentedRaftLogWorker (SegmentedRaftLogWorker.java:<init>(172)) - new eae3403e-0c87-43fb-a8fd-0fe2a75a4733@group-D9BCDF658D82-SegmentedRaftLogWorker for RaftStorage:Storage Directory /workdir/hadoop-ozone/integration-test/target/test-dir/MiniOzoneClusterImpl-6b3e93c2-f638-46ca-bf75-ac80d5cb12e3/datanode-1/data/ratis/22be7d31-0e85-45e1-bf2d-d9bcdf658d82
2019-09-26 20:35:40,551 [pool-37-thread-1] INFO  server.RaftServerConfigKeys (ConfUtils.java:logGet(43)) - raft.server.log.queue.byte-limit = 2147483647 (custom)
2019-09-26 20:35:40,552 [pool-37-thread-1] INFO  server.RaftServerConfigKeys (ConfUtils.java:logGet(43)) - raft.server.log.queue.element-limit = 1024 (custom)
2019-09-26 20:35:40,552 [pool-37-thread-1] INFO  server.RaftServerConfigKeys (ConfUtils.java:logGet(43)) - raft.server.log.segment.size.max = 1048576 (custom)
2019-09-26 20:35:40,552 [pool-37-thread-1] INFO  server.RaftServerConfigKeys (ConfUtils.java:logGet(43)) - raft.server.log.preallocated.size = 16384 (custom)
2019-09-26 20:35:40,552 [pool-37-thread-1] INFO  server.RaftServerConfigKeys (ConfUtils.java:logGet(43)) - raft.server.log.write.buffer.size = 33554432 (custom)
2019-09-26 20:35:40,552 [pool-37-thread-1] INFO  server.RaftServerConfigKeys (ConfUtils.java:logGet(43)) - raft.server.log.force.sync.num = 128 (default)
2019-09-26 20:35:40,553 [pool-37-thread-1] INFO  server.RaftServerConfigKeys (ConfUtils.java:logGet(43)) - raft.server.log.statemachine.data.sync = true (default)
2019-09-26 20:35:40,553 [pool-37-thread-1] INFO  server.RaftServerConfigKeys (ConfUtils.java:logGet(43)) - raft.server.log.statemachine.data.sync.timeout = 10s (default)
2019-09-26 20:35:40,553 [pool-37-thread-1] INFO  server.RaftServerConfigKeys (ConfUtils.java:logGet(43)) - raft.server.log.statemachine.data.sync.timeout.retry = -1 (default)
2019-09-26 20:35:40,553 [pool-37-thread-1] INFO  server.RaftServerConfigKeys (ConfUtils.java:logGet(43)) - raft.server.log.statemachine.data.caching.enabled = true (custom)
2019-09-26 20:35:40,554 [pool-37-thread-1] INFO  segmented.SegmentedRaftLogWorker (SegmentedRaftLogWorker.java:lambda$new$0(132)) - eae3403e-0c87-43fb-a8fd-0fe2a75a4733@group-D9BCDF658D82-SegmentedRaftLogWorker: flushIndex: setUnconditionally 0 -> -1
2019-09-26 20:35:40,554 [pool-37-thread-1] INFO  server.RaftServerConfigKeys (ConfUtils.java:logGet(43)) - raft.server.snapshot.auto.trigger.enabled = true (custom)
2019-09-26 20:35:40,554 [pool-37-thread-1] INFO  server.RaftServerConfigKeys (ConfUtils.java:logGet(43)) - raft.server.snapshot.auto.trigger.threshold = 10000 (custom)
2019-09-26 20:35:40,555 [pool-37-thread-1] INFO  server.RaftServerConfigKeys (ConfUtils.java:logGet(43)) - raft.server.snapshot.retention.num.files = 5 (custom)
2019-09-26 20:35:40,555 [pool-37-thread-1] INFO  server.RaftServerConfigKeys (ConfUtils.java:logGet(43)) - raft.server.retrycache.expirytime = 600000ms (custom)
2019-09-26 20:35:40,560 [pool-37-thread-1] INFO  impl.RaftServerImpl (RaftServerImpl.java:start(185)) - eae3403e-0c87-43fb-a8fd-0fe2a75a4733@group-D9BCDF658D82: start as a follower, conf=-1: [eae3403e-0c87-43fb-a8fd-0fe2a75a4733:192.168.151.109:37973], old=null
2019-09-26 20:35:40,560 [pool-37-thread-1] INFO  impl.RaftServerImpl (RaftServerImpl.java:setRole(174)) - eae3403e-0c87-43fb-a8fd-0fe2a75a4733@group-D9BCDF658D82: changes role from      null to FOLLOWER at term 0 for startAsFollower
2019-09-26 20:35:40,561 [pool-37-thread-1] INFO  impl.RoleInfo (RoleInfo.java:updateAndGet(143)) - eae3403e-0c87-43fb-a8fd-0fe2a75a4733: start FollowerState
2019-09-26 20:35:40,561 [pool-37-thread-1] INFO  util.JmxRegister (JmxRegister.java:tryRegister(44)) - Successfully registered JMX Bean with object name Ratis:service=RaftServer,group=group-D9BCDF658D82,id=eae3403e-0c87-43fb-a8fd-0fe2a75a4733
2019-09-26 20:35:40,585 [RatisPipelineUtilsThread] INFO  pipeline.PipelineStateManager (PipelineStateManager.java:addPipeline(56)) - Created pipeline Pipeline[ Id: 22be7d31-0e85-45e1-bf2d-d9bcdf658d82, Nodes: eae3403e-0c87-43fb-a8fd-0fe2a75a4733{ip: 192.168.151.109, host: pr-hdds-2162-kpcbn-4093309294, networkLocation: /default-rack, certSerialId: null}, Type:RATIS, Factor:ONE, State:OPEN]
2019-09-26 20:35:40,606 [grpc-default-executor-0] INFO  impl.RaftServerProxy (RaftServerProxy.java:addNew(89)) - 84f5564a-e18f-45f7-9b57-d0986cf90ae8: addNew group-5D0387DC8D56:[84f5564a-e18f-45f7-9b57-d0986cf90ae8:192.168.151.109:38925] returns group-5D0387DC8D56:java.util.concurrent.CompletableFuture@68151e4d[Not completed]
2019-09-26 20:35:40,612 [pool-107-thread-1] INFO  impl.RaftServerImpl (RaftServerImpl.java:<init>(95)) - 84f5564a-e18f-45f7-9b57-d0986cf90ae8: new RaftServerImpl for group-5D0387DC8D56:[84f5564a-e18f-45f7-9b57-d0986cf90ae8:192.168.151.109:38925] with ContainerStateMachine:uninitialized
2019-09-26 20:35:40,612 [pool-107-thread-1] INFO  server.RaftServerConfigKeys (ConfUtils.java:logGet(43)) - raft.server.rpc.timeout.min = 1s (custom)
2019-09-26 20:35:40,612 [pool-107-thread-1] INFO  server.RaftServerConfigKeys (ConfUtils.java:logGet(43)) - raft.server.rpc.timeout.max = 1200ms (custom)
2019-09-26 20:35:40,613 [pool-107-thread-1] INFO  server.RaftServerConfigKeys (ConfUtils.java:logGet(43)) - raft.server.rpcslowness.timeout = 120s (custom)
2019-09-26 20:35:40,613 [pool-107-thread-1] INFO  server.RaftServerConfigKeys (ConfUtils.java:logGet(43)) - raft.server.sleep.deviation.threshold = 300 (default)
2019-09-26 20:35:40,613 [pool-107-thread-1] INFO  server.RaftServerConfigKeys (ConfUtils.java:logGet(43)) - raft.server.log.appender.install.snapshot.enabled = false (custom)
2019-09-26 20:35:40,613 [pool-107-thread-1] INFO  impl.RaftServerImpl (ServerState.java:<init>(103)) - 84f5564a-e18f-45f7-9b57-d0986cf90ae8@group-5D0387DC8D56: ConfigurationManager, init=-1: [84f5564a-e18f-45f7-9b57-d0986cf90ae8:192.168.151.109:38925], old=null, confs=<EMPTY_MAP>
2019-09-26 20:35:40,613 [pool-107-thread-1] INFO  server.RaftServerConfigKeys (ConfUtils.java:logGet(43)) - raft.server.storage.dir = [/workdir/hadoop-ozone/integration-test/target/test-dir/MiniOzoneClusterImpl-6b3e93c2-f638-46ca-bf75-ac80d5cb12e3/datanode-8/data/ratis] (custom)
2019-09-26 20:35:40,614 [pool-107-thread-1] INFO  storage.RaftStorageDirectory (RaftStorageDirectory.java:analyzeStorage(246)) - The storage directory /workdir/hadoop-ozone/integration-test/target/test-dir/MiniOzoneClusterImpl-6b3e93c2-f638-46ca-bf75-ac80d5cb12e3/datanode-8/data/ratis/62b6daa1-96c5-49b8-8236-5d0387dc8d56 does not exist. Creating ...
2019-09-26 20:35:40,627 [pool-107-thread-1] INFO  storage.RaftStorageDirectory (RaftStorageDirectory.java:tryLock(328)) - Lock on /workdir/hadoop-ozone/integration-test/target/test-dir/MiniOzoneClusterImpl-6b3e93c2-f638-46ca-bf75-ac80d5cb12e3/datanode-8/data/ratis/62b6daa1-96c5-49b8-8236-5d0387dc8d56/in_use.lock acquired by nodename 4010@pr-hdds-2162-kpcbn-4093309294
2019-09-26 20:35:40,641 [pool-107-thread-1] INFO  storage.RaftStorage (RaftStorage.java:format(72)) - Storage directory /workdir/hadoop-ozone/integration-test/target/test-dir/MiniOzoneClusterImpl-6b3e93c2-f638-46ca-bf75-ac80d5cb12e3/datanode-8/data/ratis/62b6daa1-96c5-49b8-8236-5d0387dc8d56 has been successfully formatted.
2019-09-26 20:35:40,642 [pool-107-thread-1] INFO  ratis.ContainerStateMachine (ContainerStateMachine.java:loadSnapshot(230)) - group-5D0387DC8D56: The snapshot info is null. Setting the last applied indexto:(t:0, i:~)
2019-09-26 20:35:40,642 [pool-107-thread-1] INFO  server.RaftServerConfigKeys (ConfUtils.java:logGet(43)) - raft.server.notification.no-leader.timeout = 120s (custom)
2019-09-26 20:35:40,642 [pool-107-thread-1] INFO  server.RaftServerConfigKeys (ConfUtils.java:logGet(43)) - raft.server.log.use.memory = false (default)
2019-09-26 20:35:40,642 [pool-107-thread-1] INFO  server.RaftServerConfigKeys (ConfUtils.java:logGet(43)) - raft.server.log.purge.gap = 1000000 (custom)
2019-09-26 20:35:40,642 [pool-107-thread-1] INFO  server.RaftServerConfigKeys (ConfUtils.java:logGet(43)) - raft.server.log.appender.buffer.byte-limit = 33554432 (custom)
2019-09-26 20:35:40,643 [pool-107-thread-1] INFO  server.RaftServerConfigKeys (ConfUtils.java:logGet(43)) - raft.server.log.segment.size.max = 1048576 (custom)
2019-09-26 20:35:40,643 [pool-107-thread-1] INFO  server.RaftServerConfigKeys (ConfUtils.java:logGet(43)) - raft.server.log.segment.cache.num.max = 2 (custom)
2019-09-26 20:35:40,643 [pool-107-thread-1] INFO  segmented.SegmentedRaftLogWorker (SegmentedRaftLogWorker.java:<init>(172)) - new 84f5564a-e18f-45f7-9b57-d0986cf90ae8@group-5D0387DC8D56-SegmentedRaftLogWorker for RaftStorage:Storage Directory /workdir/hadoop-ozone/integration-test/target/test-dir/MiniOzoneClusterImpl-6b3e93c2-f638-46ca-bf75-ac80d5cb12e3/datanode-8/data/ratis/62b6daa1-96c5-49b8-8236-5d0387dc8d56
2019-09-26 20:35:40,648 [pool-107-thread-1] INFO  server.RaftServerConfigKeys (ConfUtils.java:logGet(43)) - raft.server.log.queue.byte-limit = 2147483647 (custom)
2019-09-26 20:35:40,648 [pool-107-thread-1] INFO  server.RaftServerConfigKeys (ConfUtils.java:logGet(43)) - raft.server.log.queue.element-limit = 1024 (custom)
2019-09-26 20:35:40,649 [pool-107-thread-1] INFO  server.RaftServerConfigKeys (ConfUtils.java:logGet(43)) - raft.server.log.segment.size.max = 1048576 (custom)
2019-09-26 20:35:40,649 [pool-107-thread-1] INFO  server.RaftServerConfigKeys (ConfUtils.java:logGet(43)) - raft.server.log.preallocated.size = 16384 (custom)
2019-09-26 20:35:40,649 [pool-107-thread-1] INFO  server.RaftServerConfigKeys (ConfUtils.java:logGet(43)) - raft.server.log.write.buffer.size = 33554432 (custom)
2019-09-26 20:35:40,649 [pool-107-thread-1] INFO  server.RaftServerConfigKeys (ConfUtils.java:logGet(43)) - raft.server.log.force.sync.num = 128 (default)
2019-09-26 20:35:40,649 [pool-107-thread-1] INFO  server.RaftServerConfigKeys (ConfUtils.java:logGet(43)) - raft.server.log.statemachine.data.sync = true (default)
2019-09-26 20:35:40,650 [pool-107-thread-1] INFO  server.RaftServerConfigKeys (ConfUtils.java:logGet(43)) - raft.server.log.statemachine.data.sync.timeout = 10s (default)
2019-09-26 20:35:40,650 [pool-107-thread-1] INFO  server.RaftServerConfigKeys (ConfUtils.java:logGet(43)) - raft.server.log.statemachine.data.sync.timeout.retry = -1 (default)
2019-09-26 20:35:40,650 [pool-107-thread-1] INFO  server.RaftServerConfigKeys (ConfUtils.java:logGet(43)) - raft.server.log.statemachine.data.caching.enabled = true (custom)
2019-09-26 20:35:40,651 [pool-107-thread-1] INFO  segmented.SegmentedRaftLogWorker (SegmentedRaftLogWorker.java:lambda$new$0(132)) - 84f5564a-e18f-45f7-9b57-d0986cf90ae8@group-5D0387DC8D56-SegmentedRaftLogWorker: flushIndex: setUnconditionally 0 -> -1
2019-09-26 20:35:40,651 [pool-107-thread-1] INFO  server.RaftServerConfigKeys (ConfUtils.java:logGet(43)) - raft.server.snapshot.auto.trigger.enabled = true (custom)
2019-09-26 20:35:40,651 [pool-107-thread-1] INFO  server.RaftServerConfigKeys (ConfUtils.java:logGet(43)) - raft.server.snapshot.auto.trigger.threshold = 10000 (custom)
2019-09-26 20:35:40,652 [pool-107-thread-1] INFO  server.RaftServerConfigKeys (ConfUtils.java:logGet(43)) - raft.server.snapshot.retention.num.files = 5 (custom)
2019-09-26 20:35:40,652 [pool-107-thread-1] INFO  server.RaftServerConfigKeys (ConfUtils.java:logGet(43)) - raft.server.retrycache.expirytime = 600000ms (custom)
2019-09-26 20:35:40,657 [pool-107-thread-1] INFO  impl.RaftServerImpl (RaftServerImpl.java:start(185)) - 84f5564a-e18f-45f7-9b57-d0986cf90ae8@group-5D0387DC8D56: start as a follower, conf=-1: [84f5564a-e18f-45f7-9b57-d0986cf90ae8:192.168.151.109:38925], old=null
2019-09-26 20:35:40,657 [pool-107-thread-1] INFO  impl.RaftServerImpl (RaftServerImpl.java:setRole(174)) - 84f5564a-e18f-45f7-9b57-d0986cf90ae8@group-5D0387DC8D56: changes role from      null to FOLLOWER at term 0 for startAsFollower
2019-09-26 20:35:40,657 [pool-107-thread-1] INFO  impl.RoleInfo (RoleInfo.java:updateAndGet(143)) - 84f5564a-e18f-45f7-9b57-d0986cf90ae8: start FollowerState
2019-09-26 20:35:40,658 [pool-107-thread-1] INFO  util.JmxRegister (JmxRegister.java:tryRegister(44)) - Successfully registered JMX Bean with object name Ratis:service=RaftServer,group=group-5D0387DC8D56,id=84f5564a-e18f-45f7-9b57-d0986cf90ae8
2019-09-26 20:35:40,672 [RatisPipelineUtilsThread] INFO  pipeline.PipelineStateManager (PipelineStateManager.java:addPipeline(56)) - Created pipeline Pipeline[ Id: 62b6daa1-96c5-49b8-8236-5d0387dc8d56, Nodes: 84f5564a-e18f-45f7-9b57-d0986cf90ae8{ip: 192.168.151.109, host: pr-hdds-2162-kpcbn-4093309294, networkLocation: /default-rack, certSerialId: null}, Type:RATIS, Factor:ONE, State:OPEN]
2019-09-26 20:35:40,692 [grpc-default-executor-0] INFO  impl.RaftServerProxy (RaftServerProxy.java:addNew(89)) - 7be77de1-68b9-4fa7-bda6-3bc381ab23ad: addNew group-56577A030567:[7be77de1-68b9-4fa7-bda6-3bc381ab23ad:192.168.151.109:37592] returns group-56577A030567:java.util.concurrent.CompletableFuture@73e3a4fc[Not completed]
2019-09-26 20:35:40,698 [pool-57-thread-1] INFO  impl.RaftServerImpl (RaftServerImpl.java:<init>(95)) - 7be77de1-68b9-4fa7-bda6-3bc381ab23ad: new RaftServerImpl for group-56577A030567:[7be77de1-68b9-4fa7-bda6-3bc381ab23ad:192.168.151.109:37592] with ContainerStateMachine:uninitialized
2019-09-26 20:35:40,698 [pool-57-thread-1] INFO  server.RaftServerConfigKeys (ConfUtils.java:logGet(43)) - raft.server.rpc.timeout.min = 1s (custom)
2019-09-26 20:35:40,698 [pool-57-thread-1] INFO  server.RaftServerConfigKeys (ConfUtils.java:logGet(43)) - raft.server.rpc.timeout.max = 1200ms (custom)
2019-09-26 20:35:40,698 [pool-57-thread-1] INFO  server.RaftServerConfigKeys (ConfUtils.java:logGet(43)) - raft.server.rpcslowness.timeout = 120s (custom)
2019-09-26 20:35:40,699 [pool-57-thread-1] INFO  server.RaftServerConfigKeys (ConfUtils.java:logGet(43)) - raft.server.sleep.deviation.threshold = 300 (default)
2019-09-26 20:35:40,699 [pool-57-thread-1] INFO  server.RaftServerConfigKeys (ConfUtils.java:logGet(43)) - raft.server.log.appender.install.snapshot.enabled = false (custom)
2019-09-26 20:35:40,699 [pool-57-thread-1] INFO  impl.RaftServerImpl (ServerState.java:<init>(103)) - 7be77de1-68b9-4fa7-bda6-3bc381ab23ad@group-56577A030567: ConfigurationManager, init=-1: [7be77de1-68b9-4fa7-bda6-3bc381ab23ad:192.168.151.109:37592], old=null, confs=<EMPTY_MAP>
2019-09-26 20:35:40,699 [pool-57-thread-1] INFO  server.RaftServerConfigKeys (ConfUtils.java:logGet(43)) - raft.server.storage.dir = [/workdir/hadoop-ozone/integration-test/target/test-dir/MiniOzoneClusterImpl-6b3e93c2-f638-46ca-bf75-ac80d5cb12e3/datanode-3/data/ratis] (custom)
2019-09-26 20:35:40,699 [pool-57-thread-1] INFO  storage.RaftStorageDirectory (RaftStorageDirectory.java:analyzeStorage(246)) - The storage directory /workdir/hadoop-ozone/integration-test/target/test-dir/MiniOzoneClusterImpl-6b3e93c2-f638-46ca-bf75-ac80d5cb12e3/datanode-3/data/ratis/aa277605-93d9-4d98-bab7-56577a030567 does not exist. Creating ...
2019-09-26 20:35:40,713 [pool-57-thread-1] INFO  storage.RaftStorageDirectory (RaftStorageDirectory.java:tryLock(328)) - Lock on /workdir/hadoop-ozone/integration-test/target/test-dir/MiniOzoneClusterImpl-6b3e93c2-f638-46ca-bf75-ac80d5cb12e3/datanode-3/data/ratis/aa277605-93d9-4d98-bab7-56577a030567/in_use.lock acquired by nodename 4010@pr-hdds-2162-kpcbn-4093309294
2019-09-26 20:35:40,729 [pool-57-thread-1] INFO  storage.RaftStorage (RaftStorage.java:format(72)) - Storage directory /workdir/hadoop-ozone/integration-test/target/test-dir/MiniOzoneClusterImpl-6b3e93c2-f638-46ca-bf75-ac80d5cb12e3/datanode-3/data/ratis/aa277605-93d9-4d98-bab7-56577a030567 has been successfully formatted.
2019-09-26 20:35:40,729 [pool-57-thread-1] INFO  ratis.ContainerStateMachine (ContainerStateMachine.java:loadSnapshot(230)) - group-56577A030567: The snapshot info is null. Setting the last applied indexto:(t:0, i:~)
2019-09-26 20:35:40,729 [pool-57-thread-1] INFO  server.RaftServerConfigKeys (ConfUtils.java:logGet(43)) - raft.server.notification.no-leader.timeout = 120s (custom)
2019-09-26 20:35:40,730 [pool-57-thread-1] INFO  server.RaftServerConfigKeys (ConfUtils.java:logGet(43)) - raft.server.log.use.memory = false (default)
2019-09-26 20:35:40,730 [pool-57-thread-1] INFO  server.RaftServerConfigKeys (ConfUtils.java:logGet(43)) - raft.server.log.purge.gap = 1000000 (custom)
2019-09-26 20:35:40,730 [pool-57-thread-1] INFO  server.RaftServerConfigKeys (ConfUtils.java:logGet(43)) - raft.server.log.appender.buffer.byte-limit = 33554432 (custom)
2019-09-26 20:35:40,730 [pool-57-thread-1] INFO  server.RaftServerConfigKeys (ConfUtils.java:logGet(43)) - raft.server.log.segment.size.max = 1048576 (custom)
2019-09-26 20:35:40,730 [pool-57-thread-1] INFO  server.RaftServerConfigKeys (ConfUtils.java:logGet(43)) - raft.server.log.segment.cache.num.max = 2 (custom)
2019-09-26 20:35:40,730 [pool-57-thread-1] INFO  segmented.SegmentedRaftLogWorker (SegmentedRaftLogWorker.java:<init>(172)) - new 7be77de1-68b9-4fa7-bda6-3bc381ab23ad@group-56577A030567-SegmentedRaftLogWorker for RaftStorage:Storage Directory /workdir/hadoop-ozone/integration-test/target/test-dir/MiniOzoneClusterImpl-6b3e93c2-f638-46ca-bf75-ac80d5cb12e3/datanode-3/data/ratis/aa277605-93d9-4d98-bab7-56577a030567
2019-09-26 20:35:40,733 [pool-57-thread-1] INFO  server.RaftServerConfigKeys (ConfUtils.java:logGet(43)) - raft.server.log.queue.byte-limit = 2147483647 (custom)
2019-09-26 20:35:40,733 [pool-57-thread-1] INFO  server.RaftServerConfigKeys (ConfUtils.java:logGet(43)) - raft.server.log.queue.element-limit = 1024 (custom)
2019-09-26 20:35:40,734 [pool-57-thread-1] INFO  server.RaftServerConfigKeys (ConfUtils.java:logGet(43)) - raft.server.log.segment.size.max = 1048576 (custom)
2019-09-26 20:35:40,734 [pool-57-thread-1] INFO  server.RaftServerConfigKeys (ConfUtils.java:logGet(43)) - raft.server.log.preallocated.size = 16384 (custom)
2019-09-26 20:35:40,734 [pool-57-thread-1] INFO  server.RaftServerConfigKeys (ConfUtils.java:logGet(43)) - raft.server.log.write.buffer.size = 33554432 (custom)
2019-09-26 20:35:40,734 [pool-57-thread-1] INFO  server.RaftServerConfigKeys (ConfUtils.java:logGet(43)) - raft.server.log.force.sync.num = 128 (default)
2019-09-26 20:35:40,734 [pool-57-thread-1] INFO  server.RaftServerConfigKeys (ConfUtils.java:logGet(43)) - raft.server.log.statemachine.data.sync = true (default)
2019-09-26 20:35:40,734 [pool-57-thread-1] INFO  server.RaftServerConfigKeys (ConfUtils.java:logGet(43)) - raft.server.log.statemachine.data.sync.timeout = 10s (default)
2019-09-26 20:35:40,735 [pool-57-thread-1] INFO  server.RaftServerConfigKeys (ConfUtils.java:logGet(43)) - raft.server.log.statemachine.data.sync.timeout.retry = -1 (default)
2019-09-26 20:35:40,735 [pool-57-thread-1] INFO  server.RaftServerConfigKeys (ConfUtils.java:logGet(43)) - raft.server.log.statemachine.data.caching.enabled = true (custom)
2019-09-26 20:35:40,735 [pool-57-thread-1] INFO  segmented.SegmentedRaftLogWorker (SegmentedRaftLogWorker.java:lambda$new$0(132)) - 7be77de1-68b9-4fa7-bda6-3bc381ab23ad@group-56577A030567-SegmentedRaftLogWorker: flushIndex: setUnconditionally 0 -> -1
2019-09-26 20:35:40,735 [pool-57-thread-1] INFO  server.RaftServerConfigKeys (ConfUtils.java:logGet(43)) - raft.server.snapshot.auto.trigger.enabled = true (custom)
2019-09-26 20:35:40,736 [pool-57-thread-1] INFO  server.RaftServerConfigKeys (ConfUtils.java:logGet(43)) - raft.server.snapshot.auto.trigger.threshold = 10000 (custom)
2019-09-26 20:35:40,736 [pool-57-thread-1] INFO  server.RaftServerConfigKeys (ConfUtils.java:logGet(43)) - raft.server.snapshot.retention.num.files = 5 (custom)
2019-09-26 20:35:40,736 [pool-57-thread-1] INFO  server.RaftServerConfigKeys (ConfUtils.java:logGet(43)) - raft.server.retrycache.expirytime = 600000ms (custom)
2019-09-26 20:35:40,739 [pool-57-thread-1] INFO  impl.RaftServerImpl (RaftServerImpl.java:start(185)) - 7be77de1-68b9-4fa7-bda6-3bc381ab23ad@group-56577A030567: start as a follower, conf=-1: [7be77de1-68b9-4fa7-bda6-3bc381ab23ad:192.168.151.109:37592], old=null
2019-09-26 20:35:40,739 [pool-57-thread-1] INFO  impl.RaftServerImpl (RaftServerImpl.java:setRole(174)) - 7be77de1-68b9-4fa7-bda6-3bc381ab23ad@group-56577A030567: changes role from      null to FOLLOWER at term 0 for startAsFollower
2019-09-26 20:35:40,740 [pool-57-thread-1] INFO  impl.RoleInfo (RoleInfo.java:updateAndGet(143)) - 7be77de1-68b9-4fa7-bda6-3bc381ab23ad: start FollowerState
2019-09-26 20:35:40,740 [pool-57-thread-1] INFO  util.JmxRegister (JmxRegister.java:tryRegister(44)) - Successfully registered JMX Bean with object name Ratis:service=RaftServer,group=group-56577A030567,id=7be77de1-68b9-4fa7-bda6-3bc381ab23ad
2019-09-26 20:35:40,755 [RatisPipelineUtilsThread] INFO  pipeline.PipelineStateManager (PipelineStateManager.java:addPipeline(56)) - Created pipeline Pipeline[ Id: aa277605-93d9-4d98-bab7-56577a030567, Nodes: 7be77de1-68b9-4fa7-bda6-3bc381ab23ad{ip: 192.168.151.109, host: pr-hdds-2162-kpcbn-4093309294, networkLocation: /default-rack, certSerialId: null}, Type:RATIS, Factor:ONE, State:OPEN]
2019-09-26 20:35:40,775 [grpc-default-executor-0] INFO  impl.RaftServerProxy (RaftServerProxy.java:addNew(89)) - 4ffb8afb-4e86-451a-87a3-e5da03a730ae: addNew group-1092F2E66437:[4ffb8afb-4e86-451a-87a3-e5da03a730ae:192.168.151.109:34155] returns group-1092F2E66437:java.util.concurrent.CompletableFuture@62bc6d75[Not completed]
2019-09-26 20:35:40,780 [pool-67-thread-1] INFO  impl.RaftServerImpl (RaftServerImpl.java:<init>(95)) - 4ffb8afb-4e86-451a-87a3-e5da03a730ae: new RaftServerImpl for group-1092F2E66437:[4ffb8afb-4e86-451a-87a3-e5da03a730ae:192.168.151.109:34155] with ContainerStateMachine:uninitialized
2019-09-26 20:35:40,781 [pool-67-thread-1] INFO  server.RaftServerConfigKeys (ConfUtils.java:logGet(43)) - raft.server.rpc.timeout.min = 1s (custom)
2019-09-26 20:35:40,781 [pool-67-thread-1] INFO  server.RaftServerConfigKeys (ConfUtils.java:logGet(43)) - raft.server.rpc.timeout.max = 1200ms (custom)
2019-09-26 20:35:40,781 [pool-67-thread-1] INFO  server.RaftServerConfigKeys (ConfUtils.java:logGet(43)) - raft.server.rpcslowness.timeout = 120s (custom)
2019-09-26 20:35:40,781 [pool-67-thread-1] INFO  server.RaftServerConfigKeys (ConfUtils.java:logGet(43)) - raft.server.sleep.deviation.threshold = 300 (default)
2019-09-26 20:35:40,781 [pool-67-thread-1] INFO  server.RaftServerConfigKeys (ConfUtils.java:logGet(43)) - raft.server.log.appender.install.snapshot.enabled = false (custom)
2019-09-26 20:35:40,781 [pool-67-thread-1] INFO  impl.RaftServerImpl (ServerState.java:<init>(103)) - 4ffb8afb-4e86-451a-87a3-e5da03a730ae@group-1092F2E66437: ConfigurationManager, init=-1: [4ffb8afb-4e86-451a-87a3-e5da03a730ae:192.168.151.109:34155], old=null, confs=<EMPTY_MAP>
2019-09-26 20:35:40,782 [pool-67-thread-1] INFO  server.RaftServerConfigKeys (ConfUtils.java:logGet(43)) - raft.server.storage.dir = [/workdir/hadoop-ozone/integration-test/target/test-dir/MiniOzoneClusterImpl-6b3e93c2-f638-46ca-bf75-ac80d5cb12e3/datanode-4/data/ratis] (custom)
2019-09-26 20:35:40,782 [pool-67-thread-1] INFO  storage.RaftStorageDirectory (RaftStorageDirectory.java:analyzeStorage(246)) - The storage directory /workdir/hadoop-ozone/integration-test/target/test-dir/MiniOzoneClusterImpl-6b3e93c2-f638-46ca-bf75-ac80d5cb12e3/datanode-4/data/ratis/39669108-5cab-41ac-a4b2-1092f2e66437 does not exist. Creating ...
2019-09-26 20:35:40,795 [pool-67-thread-1] INFO  storage.RaftStorageDirectory (RaftStorageDirectory.java:tryLock(328)) - Lock on /workdir/hadoop-ozone/integration-test/target/test-dir/MiniOzoneClusterImpl-6b3e93c2-f638-46ca-bf75-ac80d5cb12e3/datanode-4/data/ratis/39669108-5cab-41ac-a4b2-1092f2e66437/in_use.lock acquired by nodename 4010@pr-hdds-2162-kpcbn-4093309294
2019-09-26 20:35:40,809 [pool-67-thread-1] INFO  storage.RaftStorage (RaftStorage.java:format(72)) - Storage directory /workdir/hadoop-ozone/integration-test/target/test-dir/MiniOzoneClusterImpl-6b3e93c2-f638-46ca-bf75-ac80d5cb12e3/datanode-4/data/ratis/39669108-5cab-41ac-a4b2-1092f2e66437 has been successfully formatted.
2019-09-26 20:35:40,809 [pool-67-thread-1] INFO  ratis.ContainerStateMachine (ContainerStateMachine.java:loadSnapshot(230)) - group-1092F2E66437: The snapshot info is null. Setting the last applied indexto:(t:0, i:~)
2019-09-26 20:35:40,809 [pool-67-thread-1] INFO  server.RaftServerConfigKeys (ConfUtils.java:logGet(43)) - raft.server.notification.no-leader.timeout = 120s (custom)
2019-09-26 20:35:40,809 [pool-67-thread-1] INFO  server.RaftServerConfigKeys (ConfUtils.java:logGet(43)) - raft.server.log.use.memory = false (default)
2019-09-26 20:35:40,809 [pool-67-thread-1] INFO  server.RaftServerConfigKeys (ConfUtils.java:logGet(43)) - raft.server.log.purge.gap = 1000000 (custom)
2019-09-26 20:35:40,809 [pool-67-thread-1] INFO  server.RaftServerConfigKeys (ConfUtils.java:logGet(43)) - raft.server.log.appender.buffer.byte-limit = 33554432 (custom)
2019-09-26 20:35:40,810 [pool-67-thread-1] INFO  server.RaftServerConfigKeys (ConfUtils.java:logGet(43)) - raft.server.log.segment.size.max = 1048576 (custom)
2019-09-26 20:35:40,810 [pool-67-thread-1] INFO  server.RaftServerConfigKeys (ConfUtils.java:logGet(43)) - raft.server.log.segment.cache.num.max = 2 (custom)
2019-09-26 20:35:40,810 [pool-67-thread-1] INFO  segmented.SegmentedRaftLogWorker (SegmentedRaftLogWorker.java:<init>(172)) - new 4ffb8afb-4e86-451a-87a3-e5da03a730ae@group-1092F2E66437-SegmentedRaftLogWorker for RaftStorage:Storage Directory /workdir/hadoop-ozone/integration-test/target/test-dir/MiniOzoneClusterImpl-6b3e93c2-f638-46ca-bf75-ac80d5cb12e3/datanode-4/data/ratis/39669108-5cab-41ac-a4b2-1092f2e66437
2019-09-26 20:35:40,815 [pool-67-thread-1] INFO  server.RaftServerConfigKeys (ConfUtils.java:logGet(43)) - raft.server.log.queue.byte-limit = 2147483647 (custom)
2019-09-26 20:35:40,815 [pool-67-thread-1] INFO  server.RaftServerConfigKeys (ConfUtils.java:logGet(43)) - raft.server.log.queue.element-limit = 1024 (custom)
2019-09-26 20:35:40,815 [pool-67-thread-1] INFO  server.RaftServerConfigKeys (ConfUtils.java:logGet(43)) - raft.server.log.segment.size.max = 1048576 (custom)
2019-09-26 20:35:40,816 [pool-67-thread-1] INFO  server.RaftServerConfigKeys (ConfUtils.java:logGet(43)) - raft.server.log.preallocated.size = 16384 (custom)
2019-09-26 20:35:40,816 [pool-67-thread-1] INFO  server.RaftServerConfigKeys (ConfUtils.java:logGet(43)) - raft.server.log.write.buffer.size = 33554432 (custom)
2019-09-26 20:35:40,816 [pool-67-thread-1] INFO  server.RaftServerConfigKeys (ConfUtils.java:logGet(43)) - raft.server.log.force.sync.num = 128 (default)
2019-09-26 20:35:40,816 [pool-67-thread-1] INFO  server.RaftServerConfigKeys (ConfUtils.java:logGet(43)) - raft.server.log.statemachine.data.sync = true (default)
2019-09-26 20:35:40,816 [pool-67-thread-1] INFO  server.RaftServerConfigKeys (ConfUtils.java:logGet(43)) - raft.server.log.statemachine.data.sync.timeout = 10s (default)
2019-09-26 20:35:40,816 [pool-67-thread-1] INFO  server.RaftServerConfigKeys (ConfUtils.java:logGet(43)) - raft.server.log.statemachine.data.sync.timeout.retry = -1 (default)
2019-09-26 20:35:40,817 [pool-67-thread-1] INFO  server.RaftServerConfigKeys (ConfUtils.java:logGet(43)) - raft.server.log.statemachine.data.caching.enabled = true (custom)
2019-09-26 20:35:40,817 [pool-67-thread-1] INFO  segmented.SegmentedRaftLogWorker (SegmentedRaftLogWorker.java:lambda$new$0(132)) - 4ffb8afb-4e86-451a-87a3-e5da03a730ae@group-1092F2E66437-SegmentedRaftLogWorker: flushIndex: setUnconditionally 0 -> -1
2019-09-26 20:35:40,817 [pool-67-thread-1] INFO  server.RaftServerConfigKeys (ConfUtils.java:logGet(43)) - raft.server.snapshot.auto.trigger.enabled = true (custom)
2019-09-26 20:35:40,817 [pool-67-thread-1] INFO  server.RaftServerConfigKeys (ConfUtils.java:logGet(43)) - raft.server.snapshot.auto.trigger.threshold = 10000 (custom)
2019-09-26 20:35:40,817 [pool-67-thread-1] INFO  server.RaftServerConfigKeys (ConfUtils.java:logGet(43)) - raft.server.snapshot.retention.num.files = 5 (custom)
2019-09-26 20:35:40,818 [pool-67-thread-1] INFO  server.RaftServerConfigKeys (ConfUtils.java:logGet(43)) - raft.server.retrycache.expirytime = 600000ms (custom)
2019-09-26 20:35:40,820 [pool-67-thread-1] INFO  impl.RaftServerImpl (RaftServerImpl.java:start(185)) - 4ffb8afb-4e86-451a-87a3-e5da03a730ae@group-1092F2E66437: start as a follower, conf=-1: [4ffb8afb-4e86-451a-87a3-e5da03a730ae:192.168.151.109:34155], old=null
2019-09-26 20:35:40,820 [pool-67-thread-1] INFO  impl.RaftServerImpl (RaftServerImpl.java:setRole(174)) - 4ffb8afb-4e86-451a-87a3-e5da03a730ae@group-1092F2E66437: changes role from      null to FOLLOWER at term 0 for startAsFollower
2019-09-26 20:35:40,820 [pool-67-thread-1] INFO  impl.RoleInfo (RoleInfo.java:updateAndGet(143)) - 4ffb8afb-4e86-451a-87a3-e5da03a730ae: start FollowerState
2019-09-26 20:35:40,821 [pool-67-thread-1] INFO  util.JmxRegister (JmxRegister.java:tryRegister(44)) - Successfully registered JMX Bean with object name Ratis:service=RaftServer,group=group-1092F2E66437,id=4ffb8afb-4e86-451a-87a3-e5da03a730ae
2019-09-26 20:35:40,845 [RatisPipelineUtilsThread] INFO  pipeline.PipelineStateManager (PipelineStateManager.java:addPipeline(56)) - Created pipeline Pipeline[ Id: 39669108-5cab-41ac-a4b2-1092f2e66437, Nodes: 4ffb8afb-4e86-451a-87a3-e5da03a730ae{ip: 192.168.151.109, host: pr-hdds-2162-kpcbn-4093309294, networkLocation: /default-rack, certSerialId: null}, Type:RATIS, Factor:ONE, State:OPEN]
2019-09-26 20:35:40,865 [grpc-default-executor-0] INFO  impl.RaftServerProxy (RaftServerProxy.java:addNew(89)) - e6ea3787-7b5b-467a-894e-3363ddf5ac49: addNew group-2CCCD796DEF5:[e6ea3787-7b5b-467a-894e-3363ddf5ac49:192.168.151.109:35936] returns group-2CCCD796DEF5:java.util.concurrent.CompletableFuture@750231f4[Not completed]
2019-09-26 20:35:40,870 [pool-77-thread-1] INFO  impl.RaftServerImpl (RaftServerImpl.java:<init>(95)) - e6ea3787-7b5b-467a-894e-3363ddf5ac49: new RaftServerImpl for group-2CCCD796DEF5:[e6ea3787-7b5b-467a-894e-3363ddf5ac49:192.168.151.109:35936] with ContainerStateMachine:uninitialized
2019-09-26 20:35:40,871 [pool-77-thread-1] INFO  server.RaftServerConfigKeys (ConfUtils.java:logGet(43)) - raft.server.rpc.timeout.min = 1s (custom)
2019-09-26 20:35:40,871 [pool-77-thread-1] INFO  server.RaftServerConfigKeys (ConfUtils.java:logGet(43)) - raft.server.rpc.timeout.max = 1200ms (custom)
2019-09-26 20:35:40,871 [pool-77-thread-1] INFO  server.RaftServerConfigKeys (ConfUtils.java:logGet(43)) - raft.server.rpcslowness.timeout = 120s (custom)
2019-09-26 20:35:40,871 [pool-77-thread-1] INFO  server.RaftServerConfigKeys (ConfUtils.java:logGet(43)) - raft.server.sleep.deviation.threshold = 300 (default)
2019-09-26 20:35:40,871 [pool-77-thread-1] INFO  server.RaftServerConfigKeys (ConfUtils.java:logGet(43)) - raft.server.log.appender.install.snapshot.enabled = false (custom)
2019-09-26 20:35:40,871 [pool-77-thread-1] INFO  impl.RaftServerImpl (ServerState.java:<init>(103)) - e6ea3787-7b5b-467a-894e-3363ddf5ac49@group-2CCCD796DEF5: ConfigurationManager, init=-1: [e6ea3787-7b5b-467a-894e-3363ddf5ac49:192.168.151.109:35936], old=null, confs=<EMPTY_MAP>
2019-09-26 20:35:40,871 [pool-77-thread-1] INFO  server.RaftServerConfigKeys (ConfUtils.java:logGet(43)) - raft.server.storage.dir = [/workdir/hadoop-ozone/integration-test/target/test-dir/MiniOzoneClusterImpl-6b3e93c2-f638-46ca-bf75-ac80d5cb12e3/datanode-5/data/ratis] (custom)
2019-09-26 20:35:40,872 [pool-77-thread-1] INFO  storage.RaftStorageDirectory (RaftStorageDirectory.java:analyzeStorage(246)) - The storage directory /workdir/hadoop-ozone/integration-test/target/test-dir/MiniOzoneClusterImpl-6b3e93c2-f638-46ca-bf75-ac80d5cb12e3/datanode-5/data/ratis/9fc5b84a-0721-4677-a568-2cccd796def5 does not exist. Creating ...
2019-09-26 20:35:40,884 [pool-77-thread-1] INFO  storage.RaftStorageDirectory (RaftStorageDirectory.java:tryLock(328)) - Lock on /workdir/hadoop-ozone/integration-test/target/test-dir/MiniOzoneClusterImpl-6b3e93c2-f638-46ca-bf75-ac80d5cb12e3/datanode-5/data/ratis/9fc5b84a-0721-4677-a568-2cccd796def5/in_use.lock acquired by nodename 4010@pr-hdds-2162-kpcbn-4093309294
2019-09-26 20:35:40,898 [pool-77-thread-1] INFO  storage.RaftStorage (RaftStorage.java:format(72)) - Storage directory /workdir/hadoop-ozone/integration-test/target/test-dir/MiniOzoneClusterImpl-6b3e93c2-f638-46ca-bf75-ac80d5cb12e3/datanode-5/data/ratis/9fc5b84a-0721-4677-a568-2cccd796def5 has been successfully formatted.
2019-09-26 20:35:40,898 [pool-77-thread-1] INFO  ratis.ContainerStateMachine (ContainerStateMachine.java:loadSnapshot(230)) - group-2CCCD796DEF5: The snapshot info is null. Setting the last applied indexto:(t:0, i:~)
2019-09-26 20:35:40,899 [pool-77-thread-1] INFO  server.RaftServerConfigKeys (ConfUtils.java:logGet(43)) - raft.server.notification.no-leader.timeout = 120s (custom)
2019-09-26 20:35:40,899 [pool-77-thread-1] INFO  server.RaftServerConfigKeys (ConfUtils.java:logGet(43)) - raft.server.log.use.memory = false (default)
2019-09-26 20:35:40,899 [pool-77-thread-1] INFO  server.RaftServerConfigKeys (ConfUtils.java:logGet(43)) - raft.server.log.purge.gap = 1000000 (custom)
2019-09-26 20:35:40,899 [pool-77-thread-1] INFO  server.RaftServerConfigKeys (ConfUtils.java:logGet(43)) - raft.server.log.appender.buffer.byte-limit = 33554432 (custom)
2019-09-26 20:35:40,899 [pool-77-thread-1] INFO  server.RaftServerConfigKeys (ConfUtils.java:logGet(43)) - raft.server.log.segment.size.max = 1048576 (custom)
2019-09-26 20:35:40,899 [pool-77-thread-1] INFO  server.RaftServerConfigKeys (ConfUtils.java:logGet(43)) - raft.server.log.segment.cache.num.max = 2 (custom)
2019-09-26 20:35:40,900 [pool-77-thread-1] INFO  segmented.SegmentedRaftLogWorker (SegmentedRaftLogWorker.java:<init>(172)) - new e6ea3787-7b5b-467a-894e-3363ddf5ac49@group-2CCCD796DEF5-SegmentedRaftLogWorker for RaftStorage:Storage Directory /workdir/hadoop-ozone/integration-test/target/test-dir/MiniOzoneClusterImpl-6b3e93c2-f638-46ca-bf75-ac80d5cb12e3/datanode-5/data/ratis/9fc5b84a-0721-4677-a568-2cccd796def5
2019-09-26 20:35:40,902 [pool-77-thread-1] INFO  server.RaftServerConfigKeys (ConfUtils.java:logGet(43)) - raft.server.log.queue.byte-limit = 2147483647 (custom)
2019-09-26 20:35:40,902 [pool-77-thread-1] INFO  server.RaftServerConfigKeys (ConfUtils.java:logGet(43)) - raft.server.log.queue.element-limit = 1024 (custom)
2019-09-26 20:35:40,903 [pool-77-thread-1] INFO  server.RaftServerConfigKeys (ConfUtils.java:logGet(43)) - raft.server.log.segment.size.max = 1048576 (custom)
2019-09-26 20:35:40,903 [pool-77-thread-1] INFO  server.RaftServerConfigKeys (ConfUtils.java:logGet(43)) - raft.server.log.preallocated.size = 16384 (custom)
2019-09-26 20:35:40,903 [pool-77-thread-1] INFO  server.RaftServerConfigKeys (ConfUtils.java:logGet(43)) - raft.server.log.write.buffer.size = 33554432 (custom)
2019-09-26 20:35:40,903 [pool-77-thread-1] INFO  server.RaftServerConfigKeys (ConfUtils.java:logGet(43)) - raft.server.log.force.sync.num = 128 (default)
2019-09-26 20:35:40,903 [pool-77-thread-1] INFO  server.RaftServerConfigKeys (ConfUtils.java:logGet(43)) - raft.server.log.statemachine.data.sync = true (default)
2019-09-26 20:35:40,903 [pool-77-thread-1] INFO  server.RaftServerConfigKeys (ConfUtils.java:logGet(43)) - raft.server.log.statemachine.data.sync.timeout = 10s (default)
2019-09-26 20:35:40,904 [pool-77-thread-1] INFO  server.RaftServerConfigKeys (ConfUtils.java:logGet(43)) - raft.server.log.statemachine.data.sync.timeout.retry = -1 (default)
2019-09-26 20:35:40,904 [pool-77-thread-1] INFO  server.RaftServerConfigKeys (ConfUtils.java:logGet(43)) - raft.server.log.statemachine.data.caching.enabled = true (custom)
2019-09-26 20:35:40,904 [pool-77-thread-1] INFO  segmented.SegmentedRaftLogWorker (SegmentedRaftLogWorker.java:lambda$new$0(132)) - e6ea3787-7b5b-467a-894e-3363ddf5ac49@group-2CCCD796DEF5-SegmentedRaftLogWorker: flushIndex: setUnconditionally 0 -> -1
2019-09-26 20:35:40,904 [pool-77-thread-1] INFO  server.RaftServerConfigKeys (ConfUtils.java:logGet(43)) - raft.server.snapshot.auto.trigger.enabled = true (custom)
2019-09-26 20:35:40,905 [pool-77-thread-1] INFO  server.RaftServerConfigKeys (ConfUtils.java:logGet(43)) - raft.server.snapshot.auto.trigger.threshold = 10000 (custom)
2019-09-26 20:35:40,905 [pool-77-thread-1] INFO  server.RaftServerConfigKeys (ConfUtils.java:logGet(43)) - raft.server.snapshot.retention.num.files = 5 (custom)
2019-09-26 20:35:40,905 [pool-77-thread-1] INFO  server.RaftServerConfigKeys (ConfUtils.java:logGet(43)) - raft.server.retrycache.expirytime = 600000ms (custom)
2019-09-26 20:35:40,907 [pool-77-thread-1] INFO  impl.RaftServerImpl (RaftServerImpl.java:start(185)) - e6ea3787-7b5b-467a-894e-3363ddf5ac49@group-2CCCD796DEF5: start as a follower, conf=-1: [e6ea3787-7b5b-467a-894e-3363ddf5ac49:192.168.151.109:35936], old=null
2019-09-26 20:35:40,908 [pool-77-thread-1] INFO  impl.RaftServerImpl (RaftServerImpl.java:setRole(174)) - e6ea3787-7b5b-467a-894e-3363ddf5ac49@group-2CCCD796DEF5: changes role from      null to FOLLOWER at term 0 for startAsFollower
2019-09-26 20:35:40,908 [pool-77-thread-1] INFO  impl.RoleInfo (RoleInfo.java:updateAndGet(143)) - e6ea3787-7b5b-467a-894e-3363ddf5ac49: start FollowerState
2019-09-26 20:35:40,908 [pool-77-thread-1] INFO  util.JmxRegister (JmxRegister.java:tryRegister(44)) - Successfully registered JMX Bean with object name Ratis:service=RaftServer,group=group-2CCCD796DEF5,id=e6ea3787-7b5b-467a-894e-3363ddf5ac49
2019-09-26 20:35:40,923 [RatisPipelineUtilsThread] INFO  pipeline.PipelineStateManager (PipelineStateManager.java:addPipeline(56)) - Created pipeline Pipeline[ Id: 9fc5b84a-0721-4677-a568-2cccd796def5, Nodes: e6ea3787-7b5b-467a-894e-3363ddf5ac49{ip: 192.168.151.109, host: pr-hdds-2162-kpcbn-4093309294, networkLocation: /default-rack, certSerialId: null}, Type:RATIS, Factor:ONE, State:OPEN]
2019-09-26 20:35:40,943 [grpc-default-executor-0] INFO  impl.RaftServerProxy (RaftServerProxy.java:addNew(89)) - 84a4ae1f-463c-4c61-bca5-7a956502a9f9: addNew group-981F75239113:[84a4ae1f-463c-4c61-bca5-7a956502a9f9:192.168.151.109:41745] returns group-981F75239113:java.util.concurrent.CompletableFuture@39ccc471[Not completed]
2019-09-26 20:35:40,949 [pool-87-thread-1] INFO  impl.RaftServerImpl (RaftServerImpl.java:<init>(95)) - 84a4ae1f-463c-4c61-bca5-7a956502a9f9: new RaftServerImpl for group-981F75239113:[84a4ae1f-463c-4c61-bca5-7a956502a9f9:192.168.151.109:41745] with ContainerStateMachine:uninitialized
2019-09-26 20:35:40,949 [pool-87-thread-1] INFO  server.RaftServerConfigKeys (ConfUtils.java:logGet(43)) - raft.server.rpc.timeout.min = 1s (custom)
2019-09-26 20:35:40,949 [pool-87-thread-1] INFO  server.RaftServerConfigKeys (ConfUtils.java:logGet(43)) - raft.server.rpc.timeout.max = 1200ms (custom)
2019-09-26 20:35:40,949 [pool-87-thread-1] INFO  server.RaftServerConfigKeys (ConfUtils.java:logGet(43)) - raft.server.rpcslowness.timeout = 120s (custom)
2019-09-26 20:35:40,950 [pool-87-thread-1] INFO  server.RaftServerConfigKeys (ConfUtils.java:logGet(43)) - raft.server.sleep.deviation.threshold = 300 (default)
2019-09-26 20:35:40,950 [pool-87-thread-1] INFO  server.RaftServerConfigKeys (ConfUtils.java:logGet(43)) - raft.server.log.appender.install.snapshot.enabled = false (custom)
2019-09-26 20:35:40,950 [pool-87-thread-1] INFO  impl.RaftServerImpl (ServerState.java:<init>(103)) - 84a4ae1f-463c-4c61-bca5-7a956502a9f9@group-981F75239113: ConfigurationManager, init=-1: [84a4ae1f-463c-4c61-bca5-7a956502a9f9:192.168.151.109:41745], old=null, confs=<EMPTY_MAP>
2019-09-26 20:35:40,950 [pool-87-thread-1] INFO  server.RaftServerConfigKeys (ConfUtils.java:logGet(43)) - raft.server.storage.dir = [/workdir/hadoop-ozone/integration-test/target/test-dir/MiniOzoneClusterImpl-6b3e93c2-f638-46ca-bf75-ac80d5cb12e3/datanode-6/data/ratis] (custom)
2019-09-26 20:35:40,951 [pool-87-thread-1] INFO  storage.RaftStorageDirectory (RaftStorageDirectory.java:analyzeStorage(246)) - The storage directory /workdir/hadoop-ozone/integration-test/target/test-dir/MiniOzoneClusterImpl-6b3e93c2-f638-46ca-bf75-ac80d5cb12e3/datanode-6/data/ratis/6fa3d656-8f54-47ca-8ada-981f75239113 does not exist. Creating ...
2019-09-26 20:35:40,964 [pool-87-thread-1] INFO  storage.RaftStorageDirectory (RaftStorageDirectory.java:tryLock(328)) - Lock on /workdir/hadoop-ozone/integration-test/target/test-dir/MiniOzoneClusterImpl-6b3e93c2-f638-46ca-bf75-ac80d5cb12e3/datanode-6/data/ratis/6fa3d656-8f54-47ca-8ada-981f75239113/in_use.lock acquired by nodename 4010@pr-hdds-2162-kpcbn-4093309294
2019-09-26 20:35:40,977 [pool-87-thread-1] INFO  storage.RaftStorage (RaftStorage.java:format(72)) - Storage directory /workdir/hadoop-ozone/integration-test/target/test-dir/MiniOzoneClusterImpl-6b3e93c2-f638-46ca-bf75-ac80d5cb12e3/datanode-6/data/ratis/6fa3d656-8f54-47ca-8ada-981f75239113 has been successfully formatted.
2019-09-26 20:35:40,978 [pool-87-thread-1] INFO  ratis.ContainerStateMachine (ContainerStateMachine.java:loadSnapshot(230)) - group-981F75239113: The snapshot info is null. Setting the last applied indexto:(t:0, i:~)
2019-09-26 20:35:40,978 [pool-87-thread-1] INFO  server.RaftServerConfigKeys (ConfUtils.java:logGet(43)) - raft.server.notification.no-leader.timeout = 120s (custom)
2019-09-26 20:35:40,978 [pool-87-thread-1] INFO  server.RaftServerConfigKeys (ConfUtils.java:logGet(43)) - raft.server.log.use.memory = false (default)
2019-09-26 20:35:40,978 [pool-87-thread-1] INFO  server.RaftServerConfigKeys (ConfUtils.java:logGet(43)) - raft.server.log.purge.gap = 1000000 (custom)
2019-09-26 20:35:40,978 [pool-87-thread-1] INFO  server.RaftServerConfigKeys (ConfUtils.java:logGet(43)) - raft.server.log.appender.buffer.byte-limit = 33554432 (custom)
2019-09-26 20:35:40,978 [pool-87-thread-1] INFO  server.RaftServerConfigKeys (ConfUtils.java:logGet(43)) - raft.server.log.segment.size.max = 1048576 (custom)
2019-09-26 20:35:40,978 [pool-87-thread-1] INFO  server.RaftServerConfigKeys (ConfUtils.java:logGet(43)) - raft.server.log.segment.cache.num.max = 2 (custom)
2019-09-26 20:35:40,979 [pool-87-thread-1] INFO  segmented.SegmentedRaftLogWorker (SegmentedRaftLogWorker.java:<init>(172)) - new 84a4ae1f-463c-4c61-bca5-7a956502a9f9@group-981F75239113-SegmentedRaftLogWorker for RaftStorage:Storage Directory /workdir/hadoop-ozone/integration-test/target/test-dir/MiniOzoneClusterImpl-6b3e93c2-f638-46ca-bf75-ac80d5cb12e3/datanode-6/data/ratis/6fa3d656-8f54-47ca-8ada-981f75239113
2019-09-26 20:35:40,981 [pool-87-thread-1] INFO  server.RaftServerConfigKeys (ConfUtils.java:logGet(43)) - raft.server.log.queue.byte-limit = 2147483647 (custom)
2019-09-26 20:35:40,981 [pool-87-thread-1] INFO  server.RaftServerConfigKeys (ConfUtils.java:logGet(43)) - raft.server.log.queue.element-limit = 1024 (custom)
2019-09-26 20:35:40,981 [pool-87-thread-1] INFO  server.RaftServerConfigKeys (ConfUtils.java:logGet(43)) - raft.server.log.segment.size.max = 1048576 (custom)
2019-09-26 20:35:40,981 [pool-87-thread-1] INFO  server.RaftServerConfigKeys (ConfUtils.java:logGet(43)) - raft.server.log.preallocated.size = 16384 (custom)
2019-09-26 20:35:40,981 [pool-87-thread-1] INFO  server.RaftServerConfigKeys (ConfUtils.java:logGet(43)) - raft.server.log.write.buffer.size = 33554432 (custom)
2019-09-26 20:35:40,982 [pool-87-thread-1] INFO  server.RaftServerConfigKeys (ConfUtils.java:logGet(43)) - raft.server.log.force.sync.num = 128 (default)
2019-09-26 20:35:40,982 [pool-87-thread-1] INFO  server.RaftServerConfigKeys (ConfUtils.java:logGet(43)) - raft.server.log.statemachine.data.sync = true (default)
2019-09-26 20:35:40,982 [pool-87-thread-1] INFO  server.RaftServerConfigKeys (ConfUtils.java:logGet(43)) - raft.server.log.statemachine.data.sync.timeout = 10s (default)
2019-09-26 20:35:40,982 [pool-87-thread-1] INFO  server.RaftServerConfigKeys (ConfUtils.java:logGet(43)) - raft.server.log.statemachine.data.sync.timeout.retry = -1 (default)
2019-09-26 20:35:40,982 [pool-87-thread-1] INFO  server.RaftServerConfigKeys (ConfUtils.java:logGet(43)) - raft.server.log.statemachine.data.caching.enabled = true (custom)
2019-09-26 20:35:40,983 [pool-87-thread-1] INFO  segmented.SegmentedRaftLogWorker (SegmentedRaftLogWorker.java:lambda$new$0(132)) - 84a4ae1f-463c-4c61-bca5-7a956502a9f9@group-981F75239113-SegmentedRaftLogWorker: flushIndex: setUnconditionally 0 -> -1
2019-09-26 20:35:40,983 [pool-87-thread-1] INFO  server.RaftServerConfigKeys (ConfUtils.java:logGet(43)) - raft.server.snapshot.auto.trigger.enabled = true (custom)
2019-09-26 20:35:40,983 [pool-87-thread-1] INFO  server.RaftServerConfigKeys (ConfUtils.java:logGet(43)) - raft.server.snapshot.auto.trigger.threshold = 10000 (custom)
2019-09-26 20:35:40,983 [pool-87-thread-1] INFO  server.RaftServerConfigKeys (ConfUtils.java:logGet(43)) - raft.server.snapshot.retention.num.files = 5 (custom)
2019-09-26 20:35:40,983 [pool-87-thread-1] INFO  server.RaftServerConfigKeys (ConfUtils.java:logGet(43)) - raft.server.retrycache.expirytime = 600000ms (custom)
2019-09-26 20:35:40,986 [pool-87-thread-1] INFO  impl.RaftServerImpl (RaftServerImpl.java:start(185)) - 84a4ae1f-463c-4c61-bca5-7a956502a9f9@group-981F75239113: start as a follower, conf=-1: [84a4ae1f-463c-4c61-bca5-7a956502a9f9:192.168.151.109:41745], old=null
2019-09-26 20:35:40,986 [pool-87-thread-1] INFO  impl.RaftServerImpl (RaftServerImpl.java:setRole(174)) - 84a4ae1f-463c-4c61-bca5-7a956502a9f9@group-981F75239113: changes role from      null to FOLLOWER at term 0 for startAsFollower
2019-09-26 20:35:40,986 [pool-87-thread-1] INFO  impl.RoleInfo (RoleInfo.java:updateAndGet(143)) - 84a4ae1f-463c-4c61-bca5-7a956502a9f9: start FollowerState
2019-09-26 20:35:40,986 [pool-87-thread-1] INFO  util.JmxRegister (JmxRegister.java:tryRegister(44)) - Successfully registered JMX Bean with object name Ratis:service=RaftServer,group=group-981F75239113,id=84a4ae1f-463c-4c61-bca5-7a956502a9f9
2019-09-26 20:35:41,000 [RatisPipelineUtilsThread] INFO  pipeline.PipelineStateManager (PipelineStateManager.java:addPipeline(56)) - Created pipeline Pipeline[ Id: 6fa3d656-8f54-47ca-8ada-981f75239113, Nodes: 84a4ae1f-463c-4c61-bca5-7a956502a9f9{ip: 192.168.151.109, host: pr-hdds-2162-kpcbn-4093309294, networkLocation: /default-rack, certSerialId: null}, Type:RATIS, Factor:ONE, State:OPEN]
2019-09-26 20:35:41,025 [grpc-default-executor-0] INFO  impl.RaftServerProxy (RaftServerProxy.java:addNew(89)) - 48f2d8fd-8c43-434b-a938-4578675caf55: addNew group-DBD180A91FF6:[48f2d8fd-8c43-434b-a938-4578675caf55:192.168.151.109:42280] returns group-DBD180A91FF6:java.util.concurrent.CompletableFuture@6b1b601c[Not completed]
2019-09-26 20:35:41,036 [pool-97-thread-1] INFO  impl.RaftServerImpl (RaftServerImpl.java:<init>(95)) - 48f2d8fd-8c43-434b-a938-4578675caf55: new RaftServerImpl for group-DBD180A91FF6:[48f2d8fd-8c43-434b-a938-4578675caf55:192.168.151.109:42280] with ContainerStateMachine:uninitialized
2019-09-26 20:35:41,037 [pool-97-thread-1] INFO  server.RaftServerConfigKeys (ConfUtils.java:logGet(43)) - raft.server.rpc.timeout.min = 1s (custom)
2019-09-26 20:35:41,037 [pool-97-thread-1] INFO  server.RaftServerConfigKeys (ConfUtils.java:logGet(43)) - raft.server.rpc.timeout.max = 1200ms (custom)
2019-09-26 20:35:41,037 [pool-97-thread-1] INFO  server.RaftServerConfigKeys (ConfUtils.java:logGet(43)) - raft.server.rpcslowness.timeout = 120s (custom)
2019-09-26 20:35:41,037 [pool-97-thread-1] INFO  server.RaftServerConfigKeys (ConfUtils.java:logGet(43)) - raft.server.sleep.deviation.threshold = 300 (default)
2019-09-26 20:35:41,037 [pool-97-thread-1] INFO  server.RaftServerConfigKeys (ConfUtils.java:logGet(43)) - raft.server.log.appender.install.snapshot.enabled = false (custom)
2019-09-26 20:35:41,038 [pool-97-thread-1] INFO  impl.RaftServerImpl (ServerState.java:<init>(103)) - 48f2d8fd-8c43-434b-a938-4578675caf55@group-DBD180A91FF6: ConfigurationManager, init=-1: [48f2d8fd-8c43-434b-a938-4578675caf55:192.168.151.109:42280], old=null, confs=<EMPTY_MAP>
2019-09-26 20:35:41,038 [pool-97-thread-1] INFO  server.RaftServerConfigKeys (ConfUtils.java:logGet(43)) - raft.server.storage.dir = [/workdir/hadoop-ozone/integration-test/target/test-dir/MiniOzoneClusterImpl-6b3e93c2-f638-46ca-bf75-ac80d5cb12e3/datanode-7/data/ratis] (custom)
2019-09-26 20:35:41,038 [pool-97-thread-1] INFO  storage.RaftStorageDirectory (RaftStorageDirectory.java:analyzeStorage(246)) - The storage directory /workdir/hadoop-ozone/integration-test/target/test-dir/MiniOzoneClusterImpl-6b3e93c2-f638-46ca-bf75-ac80d5cb12e3/datanode-7/data/ratis/1fadc81c-753f-420a-bc42-dbd180a91ff6 does not exist. Creating ...
2019-09-26 20:35:41,049 [main] INFO  ozone.MiniOzoneClusterImpl (MiniOzoneClusterImpl.java:lambda$waitForClusterToBeReady$0(147)) - Cluster is ready. Got 10 of 10 DN Heartbeats.
2019-09-26 20:35:41,052 [pool-97-thread-1] INFO  storage.RaftStorageDirectory (RaftStorageDirectory.java:tryLock(328)) - Lock on /workdir/hadoop-ozone/integration-test/target/test-dir/MiniOzoneClusterImpl-6b3e93c2-f638-46ca-bf75-ac80d5cb12e3/datanode-7/data/ratis/1fadc81c-753f-420a-bc42-dbd180a91ff6/in_use.lock acquired by nodename 4010@pr-hdds-2162-kpcbn-4093309294
2019-09-26 20:35:41,065 [pool-97-thread-1] INFO  storage.RaftStorage (RaftStorage.java:format(72)) - Storage directory /workdir/hadoop-ozone/integration-test/target/test-dir/MiniOzoneClusterImpl-6b3e93c2-f638-46ca-bf75-ac80d5cb12e3/datanode-7/data/ratis/1fadc81c-753f-420a-bc42-dbd180a91ff6 has been successfully formatted.
2019-09-26 20:35:41,066 [pool-97-thread-1] INFO  ratis.ContainerStateMachine (ContainerStateMachine.java:loadSnapshot(230)) - group-DBD180A91FF6: The snapshot info is null. Setting the last applied indexto:(t:0, i:~)
2019-09-26 20:35:41,066 [pool-97-thread-1] INFO  server.RaftServerConfigKeys (ConfUtils.java:logGet(43)) - raft.server.notification.no-leader.timeout = 120s (custom)
2019-09-26 20:35:41,066 [pool-97-thread-1] INFO  server.RaftServerConfigKeys (ConfUtils.java:logGet(43)) - raft.server.log.use.memory = false (default)
2019-09-26 20:35:41,066 [pool-97-thread-1] INFO  server.RaftServerConfigKeys (ConfUtils.java:logGet(43)) - raft.server.log.purge.gap = 1000000 (custom)
2019-09-26 20:35:41,066 [pool-97-thread-1] INFO  server.RaftServerConfigKeys (ConfUtils.java:logGet(43)) - raft.server.log.appender.buffer.byte-limit = 33554432 (custom)
2019-09-26 20:35:41,067 [pool-97-thread-1] INFO  server.RaftServerConfigKeys (ConfUtils.java:logGet(43)) - raft.server.log.segment.size.max = 1048576 (custom)
2019-09-26 20:35:41,067 [pool-97-thread-1] INFO  server.RaftServerConfigKeys (ConfUtils.java:logGet(43)) - raft.server.log.segment.cache.num.max = 2 (custom)
2019-09-26 20:35:41,067 [pool-97-thread-1] INFO  segmented.SegmentedRaftLogWorker (SegmentedRaftLogWorker.java:<init>(172)) - new 48f2d8fd-8c43-434b-a938-4578675caf55@group-DBD180A91FF6-SegmentedRaftLogWorker for RaftStorage:Storage Directory /workdir/hadoop-ozone/integration-test/target/test-dir/MiniOzoneClusterImpl-6b3e93c2-f638-46ca-bf75-ac80d5cb12e3/datanode-7/data/ratis/1fadc81c-753f-420a-bc42-dbd180a91ff6
2019-09-26 20:35:41,070 [pool-97-thread-1] INFO  server.RaftServerConfigKeys (ConfUtils.java:logGet(43)) - raft.server.log.queue.byte-limit = 2147483647 (custom)
2019-09-26 20:35:41,070 [pool-97-thread-1] INFO  server.RaftServerConfigKeys (ConfUtils.java:logGet(43)) - raft.server.log.queue.element-limit = 1024 (custom)
2019-09-26 20:35:41,070 [pool-97-thread-1] INFO  server.RaftServerConfigKeys (ConfUtils.java:logGet(43)) - raft.server.log.segment.size.max = 1048576 (custom)
2019-09-26 20:35:41,071 [pool-97-thread-1] INFO  server.RaftServerConfigKeys (ConfUtils.java:logGet(43)) - raft.server.log.preallocated.size = 16384 (custom)
2019-09-26 20:35:41,071 [pool-97-thread-1] INFO  server.RaftServerConfigKeys (ConfUtils.java:logGet(43)) - raft.server.log.write.buffer.size = 33554432 (custom)
2019-09-26 20:35:41,071 [pool-97-thread-1] INFO  server.RaftServerConfigKeys (ConfUtils.java:logGet(43)) - raft.server.log.force.sync.num = 128 (default)
2019-09-26 20:35:41,071 [pool-97-thread-1] INFO  server.RaftServerConfigKeys (ConfUtils.java:logGet(43)) - raft.server.log.statemachine.data.sync = true (default)
2019-09-26 20:35:41,071 [pool-97-thread-1] INFO  server.RaftServerConfigKeys (ConfUtils.java:logGet(43)) - raft.server.log.statemachine.data.sync.timeout = 10s (default)
2019-09-26 20:35:41,071 [pool-97-thread-1] INFO  server.RaftServerConfigKeys (ConfUtils.java:logGet(43)) - raft.server.log.statemachine.data.sync.timeout.retry = -1 (default)
2019-09-26 20:35:41,072 [pool-97-thread-1] INFO  server.RaftServerConfigKeys (ConfUtils.java:logGet(43)) - raft.server.log.statemachine.data.caching.enabled = true (custom)
2019-09-26 20:35:41,072 [pool-97-thread-1] INFO  segmented.SegmentedRaftLogWorker (SegmentedRaftLogWorker.java:lambda$new$0(132)) - 48f2d8fd-8c43-434b-a938-4578675caf55@group-DBD180A91FF6-SegmentedRaftLogWorker: flushIndex: setUnconditionally 0 -> -1
2019-09-26 20:35:41,072 [pool-97-thread-1] INFO  server.RaftServerConfigKeys (ConfUtils.java:logGet(43)) - raft.server.snapshot.auto.trigger.enabled = true (custom)
2019-09-26 20:35:41,073 [pool-97-thread-1] INFO  server.RaftServerConfigKeys (ConfUtils.java:logGet(43)) - raft.server.snapshot.auto.trigger.threshold = 10000 (custom)
2019-09-26 20:35:41,073 [pool-97-thread-1] INFO  server.RaftServerConfigKeys (ConfUtils.java:logGet(43)) - raft.server.snapshot.retention.num.files = 5 (custom)
2019-09-26 20:35:41,073 [pool-97-thread-1] INFO  server.RaftServerConfigKeys (ConfUtils.java:logGet(43)) - raft.server.retrycache.expirytime = 600000ms (custom)
2019-09-26 20:35:41,075 [pool-97-thread-1] INFO  impl.RaftServerImpl (RaftServerImpl.java:start(185)) - 48f2d8fd-8c43-434b-a938-4578675caf55@group-DBD180A91FF6: start as a follower, conf=-1: [48f2d8fd-8c43-434b-a938-4578675caf55:192.168.151.109:42280], old=null
2019-09-26 20:35:41,076 [pool-97-thread-1] INFO  impl.RaftServerImpl (RaftServerImpl.java:setRole(174)) - 48f2d8fd-8c43-434b-a938-4578675caf55@group-DBD180A91FF6: changes role from      null to FOLLOWER at term 0 for startAsFollower
2019-09-26 20:35:41,076 [pool-97-thread-1] INFO  impl.RoleInfo (RoleInfo.java:updateAndGet(143)) - 48f2d8fd-8c43-434b-a938-4578675caf55: start FollowerState
2019-09-26 20:35:41,076 [pool-97-thread-1] INFO  util.JmxRegister (JmxRegister.java:tryRegister(44)) - Successfully registered JMX Bean with object name Ratis:service=RaftServer,group=group-DBD180A91FF6,id=48f2d8fd-8c43-434b-a938-4578675caf55
2019-09-26 20:35:41,088 [RatisPipelineUtilsThread] INFO  pipeline.PipelineStateManager (PipelineStateManager.java:addPipeline(56)) - Created pipeline Pipeline[ Id: 1fadc81c-753f-420a-bc42-dbd180a91ff6, Nodes: 48f2d8fd-8c43-434b-a938-4578675caf55{ip: 192.168.151.109, host: pr-hdds-2162-kpcbn-4093309294, networkLocation: /default-rack, certSerialId: null}, Type:RATIS, Factor:ONE, State:OPEN]
2019-09-26 20:35:41,124 [grpc-default-executor-1] INFO  impl.RaftServerProxy (RaftServerProxy.java:addNew(89)) - df489160-9035-493c-b28c-85e4df434e3a: addNew group-B2E4CA7B7F81:[df489160-9035-493c-b28c-85e4df434e3a:192.168.151.109:37092, 6ca955d0-fbd7-4658-a5a5-f0aaa33d5ec1:192.168.151.109:36062, eae3403e-0c87-43fb-a8fd-0fe2a75a4733:192.168.151.109:37973] returns group-B2E4CA7B7F81:java.util.concurrent.CompletableFuture@4eb7f6cb[Not completed]
2019-09-26 20:35:41,124 [grpc-default-executor-2] INFO  impl.RaftServerProxy (RaftServerProxy.java:addNew(89)) - 6ca955d0-fbd7-4658-a5a5-f0aaa33d5ec1: addNew group-B2E4CA7B7F81:[df489160-9035-493c-b28c-85e4df434e3a:192.168.151.109:37092, 6ca955d0-fbd7-4658-a5a5-f0aaa33d5ec1:192.168.151.109:36062, eae3403e-0c87-43fb-a8fd-0fe2a75a4733:192.168.151.109:37973] returns group-B2E4CA7B7F81:java.util.concurrent.CompletableFuture@78c3a0[Not completed]
2019-09-26 20:35:41,126 [pool-117-thread-1] INFO  impl.RaftServerImpl (RaftServerImpl.java:<init>(95)) - df489160-9035-493c-b28c-85e4df434e3a: new RaftServerImpl for group-B2E4CA7B7F81:[df489160-9035-493c-b28c-85e4df434e3a:192.168.151.109:37092, 6ca955d0-fbd7-4658-a5a5-f0aaa33d5ec1:192.168.151.109:36062, eae3403e-0c87-43fb-a8fd-0fe2a75a4733:192.168.151.109:37973] with ContainerStateMachine:uninitialized
2019-09-26 20:35:41,126 [pool-117-thread-1] INFO  server.RaftServerConfigKeys (ConfUtils.java:logGet(43)) - raft.server.rpc.timeout.min = 1s (custom)
2019-09-26 20:35:41,126 [pool-117-thread-1] INFO  server.RaftServerConfigKeys (ConfUtils.java:logGet(43)) - raft.server.rpc.timeout.max = 1200ms (custom)
2019-09-26 20:35:41,126 [pool-117-thread-1] INFO  server.RaftServerConfigKeys (ConfUtils.java:logGet(43)) - raft.server.rpcslowness.timeout = 120s (custom)
2019-09-26 20:35:41,126 [pool-117-thread-1] INFO  server.RaftServerConfigKeys (ConfUtils.java:logGet(43)) - raft.server.sleep.deviation.threshold = 300 (default)
2019-09-26 20:35:41,129 [pool-117-thread-1] INFO  server.RaftServerConfigKeys (ConfUtils.java:logGet(43)) - raft.server.log.appender.install.snapshot.enabled = false (custom)
2019-09-26 20:35:41,129 [pool-117-thread-1] INFO  impl.RaftServerImpl (ServerState.java:<init>(103)) - df489160-9035-493c-b28c-85e4df434e3a@group-B2E4CA7B7F81: ConfigurationManager, init=-1: [df489160-9035-493c-b28c-85e4df434e3a:192.168.151.109:37092, 6ca955d0-fbd7-4658-a5a5-f0aaa33d5ec1:192.168.151.109:36062, eae3403e-0c87-43fb-a8fd-0fe2a75a4733:192.168.151.109:37973], old=null, confs=<EMPTY_MAP>
2019-09-26 20:35:41,129 [pool-117-thread-1] INFO  server.RaftServerConfigKeys (ConfUtils.java:logGet(43)) - raft.server.storage.dir = [/workdir/hadoop-ozone/integration-test/target/test-dir/MiniOzoneClusterImpl-6b3e93c2-f638-46ca-bf75-ac80d5cb12e3/datanode-9/data/ratis] (custom)
2019-09-26 20:35:41,129 [grpc-default-executor-2] INFO  impl.RaftServerProxy (RaftServerProxy.java:addNew(89)) - eae3403e-0c87-43fb-a8fd-0fe2a75a4733: addNew group-B2E4CA7B7F81:[df489160-9035-493c-b28c-85e4df434e3a:192.168.151.109:37092, 6ca955d0-fbd7-4658-a5a5-f0aaa33d5ec1:192.168.151.109:36062, eae3403e-0c87-43fb-a8fd-0fe2a75a4733:192.168.151.109:37973] returns group-B2E4CA7B7F81:java.util.concurrent.CompletableFuture@457a5dcb[Not completed]
2019-09-26 20:35:41,129 [pool-47-thread-1] INFO  impl.RaftServerImpl (RaftServerImpl.java:<init>(95)) - 6ca955d0-fbd7-4658-a5a5-f0aaa33d5ec1: new RaftServerImpl for group-B2E4CA7B7F81:[df489160-9035-493c-b28c-85e4df434e3a:192.168.151.109:37092, 6ca955d0-fbd7-4658-a5a5-f0aaa33d5ec1:192.168.151.109:36062, eae3403e-0c87-43fb-a8fd-0fe2a75a4733:192.168.151.109:37973] with ContainerStateMachine:uninitialized
2019-09-26 20:35:41,129 [pool-117-thread-1] INFO  storage.RaftStorageDirectory (RaftStorageDirectory.java:analyzeStorage(246)) - The storage directory /workdir/hadoop-ozone/integration-test/target/test-dir/MiniOzoneClusterImpl-6b3e93c2-f638-46ca-bf75-ac80d5cb12e3/datanode-9/data/ratis/f172516d-9018-4ba2-8967-b2e4ca7b7f81 does not exist. Creating ...
2019-09-26 20:35:41,130 [pool-47-thread-1] INFO  server.RaftServerConfigKeys (ConfUtils.java:logGet(43)) - raft.server.rpc.timeout.min = 1s (custom)
2019-09-26 20:35:41,130 [pool-47-thread-1] INFO  server.RaftServerConfigKeys (ConfUtils.java:logGet(43)) - raft.server.rpc.timeout.max = 1200ms (custom)
2019-09-26 20:35:41,130 [pool-47-thread-1] INFO  server.RaftServerConfigKeys (ConfUtils.java:logGet(43)) - raft.server.rpcslowness.timeout = 120s (custom)
2019-09-26 20:35:41,130 [pool-47-thread-1] INFO  server.RaftServerConfigKeys (ConfUtils.java:logGet(43)) - raft.server.sleep.deviation.threshold = 300 (default)
2019-09-26 20:35:41,130 [pool-37-thread-1] INFO  impl.RaftServerImpl (RaftServerImpl.java:<init>(95)) - eae3403e-0c87-43fb-a8fd-0fe2a75a4733: new RaftServerImpl for group-B2E4CA7B7F81:[df489160-9035-493c-b28c-85e4df434e3a:192.168.151.109:37092, 6ca955d0-fbd7-4658-a5a5-f0aaa33d5ec1:192.168.151.109:36062, eae3403e-0c87-43fb-a8fd-0fe2a75a4733:192.168.151.109:37973] with ContainerStateMachine:uninitialized
2019-09-26 20:35:41,130 [pool-47-thread-1] INFO  server.RaftServerConfigKeys (ConfUtils.java:logGet(43)) - raft.server.log.appender.install.snapshot.enabled = false (custom)
2019-09-26 20:35:41,131 [pool-37-thread-1] INFO  server.RaftServerConfigKeys (ConfUtils.java:logGet(43)) - raft.server.rpc.timeout.min = 1s (custom)
2019-09-26 20:35:41,131 [pool-47-thread-1] INFO  impl.RaftServerImpl (ServerState.java:<init>(103)) - 6ca955d0-fbd7-4658-a5a5-f0aaa33d5ec1@group-B2E4CA7B7F81: ConfigurationManager, init=-1: [df489160-9035-493c-b28c-85e4df434e3a:192.168.151.109:37092, 6ca955d0-fbd7-4658-a5a5-f0aaa33d5ec1:192.168.151.109:36062, eae3403e-0c87-43fb-a8fd-0fe2a75a4733:192.168.151.109:37973], old=null, confs=<EMPTY_MAP>
2019-09-26 20:35:41,131 [pool-37-thread-1] INFO  server.RaftServerConfigKeys (ConfUtils.java:logGet(43)) - raft.server.rpc.timeout.max = 1200ms (custom)
2019-09-26 20:35:41,131 [pool-37-thread-1] INFO  server.RaftServerConfigKeys (ConfUtils.java:logGet(43)) - raft.server.rpcslowness.timeout = 120s (custom)
2019-09-26 20:35:41,131 [pool-47-thread-1] INFO  server.RaftServerConfigKeys (ConfUtils.java:logGet(43)) - raft.server.storage.dir = [/workdir/hadoop-ozone/integration-test/target/test-dir/MiniOzoneClusterImpl-6b3e93c2-f638-46ca-bf75-ac80d5cb12e3/datanode-2/data/ratis] (custom)
2019-09-26 20:35:41,131 [pool-37-thread-1] INFO  server.RaftServerConfigKeys (ConfUtils.java:logGet(43)) - raft.server.sleep.deviation.threshold = 300 (default)
2019-09-26 20:35:41,131 [pool-37-thread-1] INFO  server.RaftServerConfigKeys (ConfUtils.java:logGet(43)) - raft.server.log.appender.install.snapshot.enabled = false (custom)
2019-09-26 20:35:41,132 [pool-37-thread-1] INFO  impl.RaftServerImpl (ServerState.java:<init>(103)) - eae3403e-0c87-43fb-a8fd-0fe2a75a4733@group-B2E4CA7B7F81: ConfigurationManager, init=-1: [df489160-9035-493c-b28c-85e4df434e3a:192.168.151.109:37092, 6ca955d0-fbd7-4658-a5a5-f0aaa33d5ec1:192.168.151.109:36062, eae3403e-0c87-43fb-a8fd-0fe2a75a4733:192.168.151.109:37973], old=null, confs=<EMPTY_MAP>
2019-09-26 20:35:41,132 [pool-47-thread-1] INFO  storage.RaftStorageDirectory (RaftStorageDirectory.java:analyzeStorage(246)) - The storage directory /workdir/hadoop-ozone/integration-test/target/test-dir/MiniOzoneClusterImpl-6b3e93c2-f638-46ca-bf75-ac80d5cb12e3/datanode-2/data/ratis/f172516d-9018-4ba2-8967-b2e4ca7b7f81 does not exist. Creating ...
2019-09-26 20:35:41,132 [pool-37-thread-1] INFO  server.RaftServerConfigKeys (ConfUtils.java:logGet(43)) - raft.server.storage.dir = [/workdir/hadoop-ozone/integration-test/target/test-dir/MiniOzoneClusterImpl-6b3e93c2-f638-46ca-bf75-ac80d5cb12e3/datanode-1/data/ratis] (custom)
2019-09-26 20:35:41,132 [pool-37-thread-1] INFO  storage.RaftStorageDirectory (RaftStorageDirectory.java:analyzeStorage(246)) - The storage directory /workdir/hadoop-ozone/integration-test/target/test-dir/MiniOzoneClusterImpl-6b3e93c2-f638-46ca-bf75-ac80d5cb12e3/datanode-1/data/ratis/f172516d-9018-4ba2-8967-b2e4ca7b7f81 does not exist. Creating ...
2019-09-26 20:35:41,144 [pool-37-thread-1] INFO  storage.RaftStorageDirectory (RaftStorageDirectory.java:tryLock(328)) - Lock on /workdir/hadoop-ozone/integration-test/target/test-dir/MiniOzoneClusterImpl-6b3e93c2-f638-46ca-bf75-ac80d5cb12e3/datanode-1/data/ratis/f172516d-9018-4ba2-8967-b2e4ca7b7f81/in_use.lock acquired by nodename 4010@pr-hdds-2162-kpcbn-4093309294
2019-09-26 20:35:41,144 [pool-117-thread-1] INFO  storage.RaftStorageDirectory (RaftStorageDirectory.java:tryLock(328)) - Lock on /workdir/hadoop-ozone/integration-test/target/test-dir/MiniOzoneClusterImpl-6b3e93c2-f638-46ca-bf75-ac80d5cb12e3/datanode-9/data/ratis/f172516d-9018-4ba2-8967-b2e4ca7b7f81/in_use.lock acquired by nodename 4010@pr-hdds-2162-kpcbn-4093309294
2019-09-26 20:35:41,144 [pool-47-thread-1] INFO  storage.RaftStorageDirectory (RaftStorageDirectory.java:tryLock(328)) - Lock on /workdir/hadoop-ozone/integration-test/target/test-dir/MiniOzoneClusterImpl-6b3e93c2-f638-46ca-bf75-ac80d5cb12e3/datanode-2/data/ratis/f172516d-9018-4ba2-8967-b2e4ca7b7f81/in_use.lock acquired by nodename 4010@pr-hdds-2162-kpcbn-4093309294
2019-09-26 20:35:41,162 [pool-37-thread-1] INFO  storage.RaftStorage (RaftStorage.java:format(72)) - Storage directory /workdir/hadoop-ozone/integration-test/target/test-dir/MiniOzoneClusterImpl-6b3e93c2-f638-46ca-bf75-ac80d5cb12e3/datanode-1/data/ratis/f172516d-9018-4ba2-8967-b2e4ca7b7f81 has been successfully formatted.
2019-09-26 20:35:41,162 [pool-47-thread-1] INFO  storage.RaftStorage (RaftStorage.java:format(72)) - Storage directory /workdir/hadoop-ozone/integration-test/target/test-dir/MiniOzoneClusterImpl-6b3e93c2-f638-46ca-bf75-ac80d5cb12e3/datanode-2/data/ratis/f172516d-9018-4ba2-8967-b2e4ca7b7f81 has been successfully formatted.
2019-09-26 20:35:41,162 [pool-37-thread-1] INFO  ratis.ContainerStateMachine (ContainerStateMachine.java:loadSnapshot(230)) - group-B2E4CA7B7F81: The snapshot info is null. Setting the last applied indexto:(t:0, i:~)
2019-09-26 20:35:41,162 [pool-117-thread-1] INFO  storage.RaftStorage (RaftStorage.java:format(72)) - Storage directory /workdir/hadoop-ozone/integration-test/target/test-dir/MiniOzoneClusterImpl-6b3e93c2-f638-46ca-bf75-ac80d5cb12e3/datanode-9/data/ratis/f172516d-9018-4ba2-8967-b2e4ca7b7f81 has been successfully formatted.
2019-09-26 20:35:41,162 [pool-47-thread-1] INFO  ratis.ContainerStateMachine (ContainerStateMachine.java:loadSnapshot(230)) - group-B2E4CA7B7F81: The snapshot info is null. Setting the last applied indexto:(t:0, i:~)
2019-09-26 20:35:41,162 [pool-37-thread-1] INFO  server.RaftServerConfigKeys (ConfUtils.java:logGet(43)) - raft.server.notification.no-leader.timeout = 120s (custom)
2019-09-26 20:35:41,162 [pool-47-thread-1] INFO  server.RaftServerConfigKeys (ConfUtils.java:logGet(43)) - raft.server.notification.no-leader.timeout = 120s (custom)
2019-09-26 20:35:41,162 [pool-117-thread-1] INFO  ratis.ContainerStateMachine (ContainerStateMachine.java:loadSnapshot(230)) - group-B2E4CA7B7F81: The snapshot info is null. Setting the last applied indexto:(t:0, i:~)
2019-09-26 20:35:41,163 [pool-47-thread-1] INFO  server.RaftServerConfigKeys (ConfUtils.java:logGet(43)) - raft.server.log.use.memory = false (default)
2019-09-26 20:35:41,162 [pool-37-thread-1] INFO  server.RaftServerConfigKeys (ConfUtils.java:logGet(43)) - raft.server.log.use.memory = false (default)
2019-09-26 20:35:41,163 [pool-47-thread-1] INFO  server.RaftServerConfigKeys (ConfUtils.java:logGet(43)) - raft.server.log.purge.gap = 1000000 (custom)
2019-09-26 20:35:41,163 [pool-117-thread-1] INFO  server.RaftServerConfigKeys (ConfUtils.java:logGet(43)) - raft.server.notification.no-leader.timeout = 120s (custom)
2019-09-26 20:35:41,163 [pool-47-thread-1] INFO  server.RaftServerConfigKeys (ConfUtils.java:logGet(43)) - raft.server.log.appender.buffer.byte-limit = 33554432 (custom)
2019-09-26 20:35:41,163 [pool-37-thread-1] INFO  server.RaftServerConfigKeys (ConfUtils.java:logGet(43)) - raft.server.log.purge.gap = 1000000 (custom)
2019-09-26 20:35:41,163 [pool-47-thread-1] INFO  server.RaftServerConfigKeys (ConfUtils.java:logGet(43)) - raft.server.log.segment.size.max = 1048576 (custom)
2019-09-26 20:35:41,163 [pool-117-thread-1] INFO  server.RaftServerConfigKeys (ConfUtils.java:logGet(43)) - raft.server.log.use.memory = false (default)
2019-09-26 20:35:41,164 [pool-47-thread-1] INFO  server.RaftServerConfigKeys (ConfUtils.java:logGet(43)) - raft.server.log.segment.cache.num.max = 2 (custom)
2019-09-26 20:35:41,163 [pool-37-thread-1] INFO  server.RaftServerConfigKeys (ConfUtils.java:logGet(43)) - raft.server.log.appender.buffer.byte-limit = 33554432 (custom)
2019-09-26 20:35:41,164 [pool-47-thread-1] INFO  segmented.SegmentedRaftLogWorker (SegmentedRaftLogWorker.java:<init>(172)) - new 6ca955d0-fbd7-4658-a5a5-f0aaa33d5ec1@group-B2E4CA7B7F81-SegmentedRaftLogWorker for RaftStorage:Storage Directory /workdir/hadoop-ozone/integration-test/target/test-dir/MiniOzoneClusterImpl-6b3e93c2-f638-46ca-bf75-ac80d5cb12e3/datanode-2/data/ratis/f172516d-9018-4ba2-8967-b2e4ca7b7f81
2019-09-26 20:35:41,164 [pool-117-thread-1] INFO  server.RaftServerConfigKeys (ConfUtils.java:logGet(43)) - raft.server.log.purge.gap = 1000000 (custom)
2019-09-26 20:35:41,164 [pool-47-thread-1] INFO  server.RaftServerConfigKeys (ConfUtils.java:logGet(43)) - raft.server.log.queue.byte-limit = 2147483647 (custom)
2019-09-26 20:35:41,164 [pool-37-thread-1] INFO  server.RaftServerConfigKeys (ConfUtils.java:logGet(43)) - raft.server.log.segment.size.max = 1048576 (custom)
2019-09-26 20:35:41,164 [pool-47-thread-1] INFO  server.RaftServerConfigKeys (ConfUtils.java:logGet(43)) - raft.server.log.queue.element-limit = 1024 (custom)
2019-09-26 20:35:41,164 [pool-117-thread-1] INFO  server.RaftServerConfigKeys (ConfUtils.java:logGet(43)) - raft.server.log.appender.buffer.byte-limit = 33554432 (custom)
2019-09-26 20:35:41,165 [pool-47-thread-1] INFO  server.RaftServerConfigKeys (ConfUtils.java:logGet(43)) - raft.server.log.segment.size.max = 1048576 (custom)
2019-09-26 20:35:41,165 [pool-37-thread-1] INFO  server.RaftServerConfigKeys (ConfUtils.java:logGet(43)) - raft.server.log.segment.cache.num.max = 2 (custom)
2019-09-26 20:35:41,165 [pool-47-thread-1] INFO  server.RaftServerConfigKeys (ConfUtils.java:logGet(43)) - raft.server.log.preallocated.size = 16384 (custom)
2019-09-26 20:35:41,165 [pool-117-thread-1] INFO  server.RaftServerConfigKeys (ConfUtils.java:logGet(43)) - raft.server.log.segment.size.max = 1048576 (custom)
2019-09-26 20:35:41,165 [pool-47-thread-1] INFO  server.RaftServerConfigKeys (ConfUtils.java:logGet(43)) - raft.server.log.write.buffer.size = 33554432 (custom)
2019-09-26 20:35:41,165 [pool-37-thread-1] INFO  segmented.SegmentedRaftLogWorker (SegmentedRaftLogWorker.java:<init>(172)) - new eae3403e-0c87-43fb-a8fd-0fe2a75a4733@group-B2E4CA7B7F81-SegmentedRaftLogWorker for RaftStorage:Storage Directory /workdir/hadoop-ozone/integration-test/target/test-dir/MiniOzoneClusterImpl-6b3e93c2-f638-46ca-bf75-ac80d5cb12e3/datanode-1/data/ratis/f172516d-9018-4ba2-8967-b2e4ca7b7f81
2019-09-26 20:35:41,165 [pool-47-thread-1] INFO  server.RaftServerConfigKeys (ConfUtils.java:logGet(43)) - raft.server.log.force.sync.num = 128 (default)
2019-09-26 20:35:41,165 [pool-117-thread-1] INFO  server.RaftServerConfigKeys (ConfUtils.java:logGet(43)) - raft.server.log.segment.cache.num.max = 2 (custom)
2019-09-26 20:35:41,166 [pool-47-thread-1] INFO  server.RaftServerConfigKeys (ConfUtils.java:logGet(43)) - raft.server.log.statemachine.data.sync = true (default)
2019-09-26 20:35:41,166 [pool-37-thread-1] INFO  server.RaftServerConfigKeys (ConfUtils.java:logGet(43)) - raft.server.log.queue.byte-limit = 2147483647 (custom)
2019-09-26 20:35:41,166 [pool-47-thread-1] INFO  server.RaftServerConfigKeys (ConfUtils.java:logGet(43)) - raft.server.log.statemachine.data.sync.timeout = 10s (default)
2019-09-26 20:35:41,166 [pool-117-thread-1] INFO  segmented.SegmentedRaftLogWorker (SegmentedRaftLogWorker.java:<init>(172)) - new df489160-9035-493c-b28c-85e4df434e3a@group-B2E4CA7B7F81-SegmentedRaftLogWorker for RaftStorage:Storage Directory /workdir/hadoop-ozone/integration-test/target/test-dir/MiniOzoneClusterImpl-6b3e93c2-f638-46ca-bf75-ac80d5cb12e3/datanode-9/data/ratis/f172516d-9018-4ba2-8967-b2e4ca7b7f81
2019-09-26 20:35:41,166 [pool-47-thread-1] INFO  server.RaftServerConfigKeys (ConfUtils.java:logGet(43)) - raft.server.log.statemachine.data.sync.timeout.retry = -1 (default)
2019-09-26 20:35:41,166 [pool-37-thread-1] INFO  server.RaftServerConfigKeys (ConfUtils.java:logGet(43)) - raft.server.log.queue.element-limit = 1024 (custom)
2019-09-26 20:35:41,166 [pool-117-thread-1] INFO  server.RaftServerConfigKeys (ConfUtils.java:logGet(43)) - raft.server.log.queue.byte-limit = 2147483647 (custom)
2019-09-26 20:35:41,167 [pool-37-thread-1] INFO  server.RaftServerConfigKeys (ConfUtils.java:logGet(43)) - raft.server.log.segment.size.max = 1048576 (custom)
2019-09-26 20:35:41,167 [pool-47-thread-1] INFO  server.RaftServerConfigKeys (ConfUtils.java:logGet(43)) - raft.server.log.statemachine.data.caching.enabled = true (custom)
2019-09-26 20:35:41,167 [pool-37-thread-1] INFO  server.RaftServerConfigKeys (ConfUtils.java:logGet(43)) - raft.server.log.preallocated.size = 16384 (custom)
2019-09-26 20:35:41,167 [pool-117-thread-1] INFO  server.RaftServerConfigKeys (ConfUtils.java:logGet(43)) - raft.server.log.queue.element-limit = 1024 (custom)
2019-09-26 20:35:41,167 [pool-37-thread-1] INFO  server.RaftServerConfigKeys (ConfUtils.java:logGet(43)) - raft.server.log.write.buffer.size = 33554432 (custom)
2019-09-26 20:35:41,167 [pool-117-thread-1] INFO  server.RaftServerConfigKeys (ConfUtils.java:logGet(43)) - raft.server.log.segment.size.max = 1048576 (custom)
2019-09-26 20:35:41,167 [pool-47-thread-1] INFO  segmented.SegmentedRaftLogWorker (SegmentedRaftLogWorker.java:lambda$new$0(132)) - 6ca955d0-fbd7-4658-a5a5-f0aaa33d5ec1@group-B2E4CA7B7F81-SegmentedRaftLogWorker: flushIndex: setUnconditionally 0 -> -1
2019-09-26 20:35:41,167 [pool-117-thread-1] INFO  server.RaftServerConfigKeys (ConfUtils.java:logGet(43)) - raft.server.log.preallocated.size = 16384 (custom)
2019-09-26 20:35:41,167 [pool-37-thread-1] INFO  server.RaftServerConfigKeys (ConfUtils.java:logGet(43)) - raft.server.log.force.sync.num = 128 (default)
2019-09-26 20:35:41,168 [pool-47-thread-1] INFO  server.RaftServerConfigKeys (ConfUtils.java:logGet(43)) - raft.server.snapshot.auto.trigger.enabled = true (custom)
2019-09-26 20:35:41,168 [pool-117-thread-1] INFO  server.RaftServerConfigKeys (ConfUtils.java:logGet(43)) - raft.server.log.write.buffer.size = 33554432 (custom)
2019-09-26 20:35:41,168 [pool-47-thread-1] INFO  server.RaftServerConfigKeys (ConfUtils.java:logGet(43)) - raft.server.snapshot.auto.trigger.threshold = 10000 (custom)
2019-09-26 20:35:41,168 [pool-37-thread-1] INFO  server.RaftServerConfigKeys (ConfUtils.java:logGet(43)) - raft.server.log.statemachine.data.sync = true (default)
2019-09-26 20:35:41,168 [pool-47-thread-1] INFO  server.RaftServerConfigKeys (ConfUtils.java:logGet(43)) - raft.server.snapshot.retention.num.files = 5 (custom)
2019-09-26 20:35:41,168 [pool-117-thread-1] INFO  server.RaftServerConfigKeys (ConfUtils.java:logGet(43)) - raft.server.log.force.sync.num = 128 (default)
2019-09-26 20:35:41,169 [pool-47-thread-1] INFO  server.RaftServerConfigKeys (ConfUtils.java:logGet(43)) - raft.server.retrycache.expirytime = 600000ms (custom)
2019-09-26 20:35:41,168 [pool-37-thread-1] INFO  server.RaftServerConfigKeys (ConfUtils.java:logGet(43)) - raft.server.log.statemachine.data.sync.timeout = 10s (default)
2019-09-26 20:35:41,169 [pool-117-thread-1] INFO  server.RaftServerConfigKeys (ConfUtils.java:logGet(43)) - raft.server.log.statemachine.data.sync = true (default)
2019-09-26 20:35:41,169 [pool-37-thread-1] INFO  server.RaftServerConfigKeys (ConfUtils.java:logGet(43)) - raft.server.log.statemachine.data.sync.timeout.retry = -1 (default)
2019-09-26 20:35:41,169 [pool-117-thread-1] INFO  server.RaftServerConfigKeys (ConfUtils.java:logGet(43)) - raft.server.log.statemachine.data.sync.timeout = 10s (default)
2019-09-26 20:35:41,169 [pool-37-thread-1] INFO  server.RaftServerConfigKeys (ConfUtils.java:logGet(43)) - raft.server.log.statemachine.data.caching.enabled = true (custom)
2019-09-26 20:35:41,169 [pool-117-thread-1] INFO  server.RaftServerConfigKeys (ConfUtils.java:logGet(43)) - raft.server.log.statemachine.data.sync.timeout.retry = -1 (default)
2019-09-26 20:35:41,169 [pool-37-thread-1] INFO  segmented.SegmentedRaftLogWorker (SegmentedRaftLogWorker.java:lambda$new$0(132)) - eae3403e-0c87-43fb-a8fd-0fe2a75a4733@group-B2E4CA7B7F81-SegmentedRaftLogWorker: flushIndex: setUnconditionally 0 -> -1
2019-09-26 20:35:41,169 [pool-117-thread-1] INFO  server.RaftServerConfigKeys (ConfUtils.java:logGet(43)) - raft.server.log.statemachine.data.caching.enabled = true (custom)
2019-09-26 20:35:41,170 [pool-37-thread-1] INFO  server.RaftServerConfigKeys (ConfUtils.java:logGet(43)) - raft.server.snapshot.auto.trigger.enabled = true (custom)
2019-09-26 20:35:41,170 [pool-117-thread-1] INFO  segmented.SegmentedRaftLogWorker (SegmentedRaftLogWorker.java:lambda$new$0(132)) - df489160-9035-493c-b28c-85e4df434e3a@group-B2E4CA7B7F81-SegmentedRaftLogWorker: flushIndex: setUnconditionally 0 -> -1
2019-09-26 20:35:41,170 [pool-37-thread-1] INFO  server.RaftServerConfigKeys (ConfUtils.java:logGet(43)) - raft.server.snapshot.auto.trigger.threshold = 10000 (custom)
2019-09-26 20:35:41,170 [pool-37-thread-1] INFO  server.RaftServerConfigKeys (ConfUtils.java:logGet(43)) - raft.server.snapshot.retention.num.files = 5 (custom)
2019-09-26 20:35:41,170 [pool-117-thread-1] INFO  server.RaftServerConfigKeys (ConfUtils.java:logGet(43)) - raft.server.snapshot.auto.trigger.enabled = true (custom)
2019-09-26 20:35:41,241 [pool-37-thread-1] INFO  server.RaftServerConfigKeys (ConfUtils.java:logGet(43)) - raft.server.retrycache.expirytime = 600000ms (custom)
2019-09-26 20:35:41,250 [pool-117-thread-1] INFO  server.RaftServerConfigKeys (ConfUtils.java:logGet(43)) - raft.server.snapshot.auto.trigger.threshold = 10000 (custom)
2019-09-26 20:35:41,250 [Thread-285] INFO  impl.FollowerState (FollowerState.java:run(106)) - 490b5e00-bd97-4c2f-9bd2-555d2dbb1b28:group-491A1F0188A9 changes to CANDIDATE, lastRpcTime:1147, electionTimeout:1143ms
2019-09-26 20:35:41,251 [pool-117-thread-1] INFO  server.RaftServerConfigKeys (ConfUtils.java:logGet(43)) - raft.server.snapshot.retention.num.files = 5 (custom)
2019-09-26 20:35:41,251 [pool-117-thread-1] INFO  server.RaftServerConfigKeys (ConfUtils.java:logGet(43)) - raft.server.retrycache.expirytime = 600000ms (custom)
2019-09-26 20:35:41,254 [pool-47-thread-1] INFO  impl.RaftServerImpl (RaftServerImpl.java:start(185)) - 6ca955d0-fbd7-4658-a5a5-f0aaa33d5ec1@group-B2E4CA7B7F81: start as a follower, conf=-1: [df489160-9035-493c-b28c-85e4df434e3a:192.168.151.109:37092, 6ca955d0-fbd7-4658-a5a5-f0aaa33d5ec1:192.168.151.109:36062, eae3403e-0c87-43fb-a8fd-0fe2a75a4733:192.168.151.109:37973], old=null
2019-09-26 20:35:41,254 [pool-47-thread-1] INFO  impl.RaftServerImpl (RaftServerImpl.java:setRole(174)) - 6ca955d0-fbd7-4658-a5a5-f0aaa33d5ec1@group-B2E4CA7B7F81: changes role from      null to FOLLOWER at term 0 for startAsFollower
2019-09-26 20:35:41,254 [pool-47-thread-1] INFO  impl.RoleInfo (RoleInfo.java:updateAndGet(143)) - 6ca955d0-fbd7-4658-a5a5-f0aaa33d5ec1: start FollowerState
2019-09-26 20:35:41,254 [pool-47-thread-1] INFO  util.JmxRegister (JmxRegister.java:tryRegister(44)) - Successfully registered JMX Bean with object name Ratis:service=RaftServer,group=group-B2E4CA7B7F81,id=6ca955d0-fbd7-4658-a5a5-f0aaa33d5ec1
2019-09-26 20:35:41,255 [Thread-285] INFO  impl.RoleInfo (RoleInfo.java:shutdownFollowerState(121)) - 490b5e00-bd97-4c2f-9bd2-555d2dbb1b28: shutdown FollowerState
2019-09-26 20:35:41,255 [Thread-285] INFO  impl.RaftServerImpl (RaftServerImpl.java:setRole(174)) - 490b5e00-bd97-4c2f-9bd2-555d2dbb1b28@group-491A1F0188A9: changes role from  FOLLOWER to CANDIDATE at term 0 for changeToCandidate
2019-09-26 20:35:41,257 [pool-37-thread-1] INFO  impl.RaftServerImpl (RaftServerImpl.java:start(185)) - eae3403e-0c87-43fb-a8fd-0fe2a75a4733@group-B2E4CA7B7F81: start as a follower, conf=-1: [df489160-9035-493c-b28c-85e4df434e3a:192.168.151.109:37092, 6ca955d0-fbd7-4658-a5a5-f0aaa33d5ec1:192.168.151.109:36062, eae3403e-0c87-43fb-a8fd-0fe2a75a4733:192.168.151.109:37973], old=null
2019-09-26 20:35:41,257 [pool-117-thread-1] INFO  impl.RaftServerImpl (RaftServerImpl.java:start(185)) - df489160-9035-493c-b28c-85e4df434e3a@group-B2E4CA7B7F81: start as a follower, conf=-1: [df489160-9035-493c-b28c-85e4df434e3a:192.168.151.109:37092, 6ca955d0-fbd7-4658-a5a5-f0aaa33d5ec1:192.168.151.109:36062, eae3403e-0c87-43fb-a8fd-0fe2a75a4733:192.168.151.109:37973], old=null
2019-09-26 20:35:41,257 [pool-37-thread-1] INFO  impl.RaftServerImpl (RaftServerImpl.java:setRole(174)) - eae3403e-0c87-43fb-a8fd-0fe2a75a4733@group-B2E4CA7B7F81: changes role from      null to FOLLOWER at term 0 for startAsFollower
2019-09-26 20:35:41,257 [pool-117-thread-1] INFO  impl.RaftServerImpl (RaftServerImpl.java:setRole(174)) - df489160-9035-493c-b28c-85e4df434e3a@group-B2E4CA7B7F81: changes role from      null to FOLLOWER at term 0 for startAsFollower
2019-09-26 20:35:41,257 [pool-37-thread-1] INFO  impl.RoleInfo (RoleInfo.java:updateAndGet(143)) - eae3403e-0c87-43fb-a8fd-0fe2a75a4733: start FollowerState
2019-09-26 20:35:41,260 [pool-37-thread-1] INFO  util.JmxRegister (JmxRegister.java:tryRegister(44)) - Successfully registered JMX Bean with object name Ratis:service=RaftServer,group=group-B2E4CA7B7F81,id=eae3403e-0c87-43fb-a8fd-0fe2a75a4733
2019-09-26 20:35:41,260 [pool-117-thread-1] INFO  impl.RoleInfo (RoleInfo.java:updateAndGet(143)) - df489160-9035-493c-b28c-85e4df434e3a: start FollowerState
2019-09-26 20:35:41,266 [pool-117-thread-1] INFO  util.JmxRegister (JmxRegister.java:tryRegister(44)) - Successfully registered JMX Bean with object name Ratis:service=RaftServer,group=group-B2E4CA7B7F81,id=df489160-9035-493c-b28c-85e4df434e3a
2019-09-26 20:35:41,268 [Thread-285] INFO  impl.RoleInfo (RoleInfo.java:updateAndGet(143)) - 490b5e00-bd97-4c2f-9bd2-555d2dbb1b28: start LeaderElection
2019-09-26 20:35:41,294 [490b5e00-bd97-4c2f-9bd2-555d2dbb1b28@group-491A1F0188A9:LeaderElection1] INFO  impl.LeaderElection (LeaderElection.java:askForVotes(182)) - 490b5e00-bd97-4c2f-9bd2-555d2dbb1b28@group-491A1F0188A9:LeaderElection1: begin an election at term 1 for -1: [490b5e00-bd97-4c2f-9bd2-555d2dbb1b28:192.168.151.109:33451], old=null
2019-09-26 20:35:41,315 [RatisPipelineUtilsThread] INFO  pipeline.PipelineStateManager (PipelineStateManager.java:addPipeline(56)) - Created pipeline Pipeline[ Id: f172516d-9018-4ba2-8967-b2e4ca7b7f81, Nodes: df489160-9035-493c-b28c-85e4df434e3a{ip: 192.168.151.109, host: pr-hdds-2162-kpcbn-4093309294, networkLocation: /default-rack, certSerialId: null}6ca955d0-fbd7-4658-a5a5-f0aaa33d5ec1{ip: 192.168.151.109, host: pr-hdds-2162-kpcbn-4093309294, networkLocation: /default-rack, certSerialId: null}eae3403e-0c87-43fb-a8fd-0fe2a75a4733{ip: 192.168.151.109, host: pr-hdds-2162-kpcbn-4093309294, networkLocation: /default-rack, certSerialId: null}, Type:RATIS, Factor:THREE, State:OPEN]
2019-09-26 20:35:41,338 [490b5e00-bd97-4c2f-9bd2-555d2dbb1b28@group-491A1F0188A9:LeaderElection1] INFO  impl.RoleInfo (RoleInfo.java:shutdownLeaderElection(134)) - 490b5e00-bd97-4c2f-9bd2-555d2dbb1b28: shutdown LeaderElection
2019-09-26 20:35:41,339 [490b5e00-bd97-4c2f-9bd2-555d2dbb1b28@group-491A1F0188A9:LeaderElection1] INFO  impl.RaftServerImpl (RaftServerImpl.java:setRole(174)) - 490b5e00-bd97-4c2f-9bd2-555d2dbb1b28@group-491A1F0188A9: changes role from CANDIDATE to LEADER at term 1 for changeToLeader
2019-09-26 20:35:41,339 [490b5e00-bd97-4c2f-9bd2-555d2dbb1b28@group-491A1F0188A9:LeaderElection1] INFO  impl.RaftServerImpl (ServerState.java:setLeader(253)) - 490b5e00-bd97-4c2f-9bd2-555d2dbb1b28@group-491A1F0188A9: change Leader from null to 490b5e00-bd97-4c2f-9bd2-555d2dbb1b28 at term 1 for becomeLeader, leader elected after 1356ms
2019-09-26 20:35:41,357 [490b5e00-bd97-4c2f-9bd2-555d2dbb1b28@group-491A1F0188A9:LeaderElection1] INFO  server.RaftServerConfigKeys (ConfUtils.java:logGet(43)) - raft.server.staging.catchup.gap = 1000 (default)
2019-09-26 20:35:41,357 [490b5e00-bd97-4c2f-9bd2-555d2dbb1b28@group-491A1F0188A9:LeaderElection1] INFO  server.RaftServerConfigKeys (ConfUtils.java:logGet(43)) - raft.server.rpc.sleep.time = 25ms (default)
2019-09-26 20:35:41,364 [490b5e00-bd97-4c2f-9bd2-555d2dbb1b28@group-491A1F0188A9:LeaderElection1] INFO  server.RaftServerConfigKeys (ConfUtils.java:logGet(43)) - raft.server.write.element-limit = 4096 (default)
2019-09-26 20:35:41,364 [grpc-default-executor-0] INFO  impl.RaftServerProxy (RaftServerProxy.java:addNew(89)) - 84f5564a-e18f-45f7-9b57-d0986cf90ae8: addNew group-2B008C0CF2EB:[4ffb8afb-4e86-451a-87a3-e5da03a730ae:192.168.151.109:34155, 7be77de1-68b9-4fa7-bda6-3bc381ab23ad:192.168.151.109:37592, 84f5564a-e18f-45f7-9b57-d0986cf90ae8:192.168.151.109:38925] returns group-2B008C0CF2EB:java.util.concurrent.CompletableFuture@4e178baa[Not completed]
2019-09-26 20:35:41,370 [grpc-default-executor-2] INFO  impl.RaftServerProxy (RaftServerProxy.java:addNew(89)) - 7be77de1-68b9-4fa7-bda6-3bc381ab23ad: addNew group-2B008C0CF2EB:[4ffb8afb-4e86-451a-87a3-e5da03a730ae:192.168.151.109:34155, 7be77de1-68b9-4fa7-bda6-3bc381ab23ad:192.168.151.109:37592, 84f5564a-e18f-45f7-9b57-d0986cf90ae8:192.168.151.109:38925] returns group-2B008C0CF2EB:java.util.concurrent.CompletableFuture@74f59ded[Not completed]
2019-09-26 20:35:41,373 [pool-107-thread-1] INFO  impl.RaftServerImpl (RaftServerImpl.java:<init>(95)) - 84f5564a-e18f-45f7-9b57-d0986cf90ae8: new RaftServerImpl for group-2B008C0CF2EB:[4ffb8afb-4e86-451a-87a3-e5da03a730ae:192.168.151.109:34155, 7be77de1-68b9-4fa7-bda6-3bc381ab23ad:192.168.151.109:37592, 84f5564a-e18f-45f7-9b57-d0986cf90ae8:192.168.151.109:38925] with ContainerStateMachine:uninitialized
2019-09-26 20:35:41,374 [grpc-default-executor-2] INFO  impl.RaftServerProxy (RaftServerProxy.java:addNew(89)) - 4ffb8afb-4e86-451a-87a3-e5da03a730ae: addNew group-2B008C0CF2EB:[4ffb8afb-4e86-451a-87a3-e5da03a730ae:192.168.151.109:34155, 7be77de1-68b9-4fa7-bda6-3bc381ab23ad:192.168.151.109:37592, 84f5564a-e18f-45f7-9b57-d0986cf90ae8:192.168.151.109:38925] returns group-2B008C0CF2EB:java.util.concurrent.CompletableFuture@32d63510[Not completed]
2019-09-26 20:35:41,374 [pool-107-thread-1] INFO  server.RaftServerConfigKeys (ConfUtils.java:logGet(43)) - raft.server.rpc.timeout.min = 1s (custom)
2019-09-26 20:35:41,374 [pool-107-thread-1] INFO  server.RaftServerConfigKeys (ConfUtils.java:logGet(43)) - raft.server.rpc.timeout.max = 1200ms (custom)
2019-09-26 20:35:41,374 [490b5e00-bd97-4c2f-9bd2-555d2dbb1b28@group-491A1F0188A9:LeaderElection1] INFO  server.RaftServerConfigKeys (ConfUtils.java:logGet(43)) - raft.server.watch.timeout = 10s (default)
2019-09-26 20:35:41,374 [pool-107-thread-1] INFO  server.RaftServerConfigKeys (ConfUtils.java:logGet(43)) - raft.server.rpcslowness.timeout = 120s (custom)
2019-09-26 20:35:41,374 [490b5e00-bd97-4c2f-9bd2-555d2dbb1b28@group-491A1F0188A9:LeaderElection1] INFO  server.RaftServerConfigKeys (ConfUtils.java:logGet(43)) - raft.server.watch.timeout.denomination = 1s (default)
2019-09-26 20:35:41,374 [pool-57-thread-1] INFO  impl.RaftServerImpl (RaftServerImpl.java:<init>(95)) - 7be77de1-68b9-4fa7-bda6-3bc381ab23ad: new RaftServerImpl for group-2B008C0CF2EB:[4ffb8afb-4e86-451a-87a3-e5da03a730ae:192.168.151.109:34155, 7be77de1-68b9-4fa7-bda6-3bc381ab23ad:192.168.151.109:37592, 84f5564a-e18f-45f7-9b57-d0986cf90ae8:192.168.151.109:38925] with ContainerStateMachine:uninitialized
2019-09-26 20:35:41,374 [pool-107-thread-1] INFO  server.RaftServerConfigKeys (ConfUtils.java:logGet(43)) - raft.server.sleep.deviation.threshold = 300 (default)
2019-09-26 20:35:41,375 [pool-57-thread-1] INFO  server.RaftServerConfigKeys (ConfUtils.java:logGet(43)) - raft.server.rpc.timeout.min = 1s (custom)
2019-09-26 20:35:41,375 [pool-107-thread-1] INFO  server.RaftServerConfigKeys (ConfUtils.java:logGet(43)) - raft.server.log.appender.install.snapshot.enabled = false (custom)
2019-09-26 20:35:41,375 [pool-57-thread-1] INFO  server.RaftServerConfigKeys (ConfUtils.java:logGet(43)) - raft.server.rpc.timeout.max = 1200ms (custom)
2019-09-26 20:35:41,375 [pool-107-thread-1] INFO  impl.RaftServerImpl (ServerState.java:<init>(103)) - 84f5564a-e18f-45f7-9b57-d0986cf90ae8@group-2B008C0CF2EB: ConfigurationManager, init=-1: [4ffb8afb-4e86-451a-87a3-e5da03a730ae:192.168.151.109:34155, 7be77de1-68b9-4fa7-bda6-3bc381ab23ad:192.168.151.109:37592, 84f5564a-e18f-45f7-9b57-d0986cf90ae8:192.168.151.109:38925], old=null, confs=<EMPTY_MAP>
2019-09-26 20:35:41,375 [pool-67-thread-1] INFO  impl.RaftServerImpl (RaftServerImpl.java:<init>(95)) - 4ffb8afb-4e86-451a-87a3-e5da03a730ae: new RaftServerImpl for group-2B008C0CF2EB:[4ffb8afb-4e86-451a-87a3-e5da03a730ae:192.168.151.109:34155, 7be77de1-68b9-4fa7-bda6-3bc381ab23ad:192.168.151.109:37592, 84f5564a-e18f-45f7-9b57-d0986cf90ae8:192.168.151.109:38925] with ContainerStateMachine:uninitialized
2019-09-26 20:35:41,375 [pool-57-thread-1] INFO  server.RaftServerConfigKeys (ConfUtils.java:logGet(43)) - raft.server.rpcslowness.timeout = 120s (custom)
2019-09-26 20:35:41,375 [pool-67-thread-1] INFO  server.RaftServerConfigKeys (ConfUtils.java:logGet(43)) - raft.server.rpc.timeout.min = 1s (custom)
2019-09-26 20:35:41,375 [pool-107-thread-1] INFO  server.RaftServerConfigKeys (ConfUtils.java:logGet(43)) - raft.server.storage.dir = [/workdir/hadoop-ozone/integration-test/target/test-dir/MiniOzoneClusterImpl-6b3e93c2-f638-46ca-bf75-ac80d5cb12e3/datanode-8/data/ratis] (custom)
2019-09-26 20:35:41,375 [490b5e00-bd97-4c2f-9bd2-555d2dbb1b28@group-491A1F0188A9:LeaderElection1] INFO  server.RaftServerConfigKeys (ConfUtils.java:logGet(43)) - raft.server.watch.element-limit = 65536 (default)
2019-09-26 20:35:41,375 [pool-67-thread-1] INFO  server.RaftServerConfigKeys (ConfUtils.java:logGet(43)) - raft.server.rpc.timeout.max = 1200ms (custom)
2019-09-26 20:35:41,375 [pool-57-thread-1] INFO  server.RaftServerConfigKeys (ConfUtils.java:logGet(43)) - raft.server.sleep.deviation.threshold = 300 (default)
2019-09-26 20:35:41,376 [pool-67-thread-1] INFO  server.RaftServerConfigKeys (ConfUtils.java:logGet(43)) - raft.server.rpcslowness.timeout = 120s (custom)
2019-09-26 20:35:41,376 [pool-57-thread-1] INFO  server.RaftServerConfigKeys (ConfUtils.java:logGet(43)) - raft.server.log.appender.install.snapshot.enabled = false (custom)
2019-09-26 20:35:41,376 [pool-107-thread-1] INFO  storage.RaftStorageDirectory (RaftStorageDirectory.java:analyzeStorage(246)) - The storage directory /workdir/hadoop-ozone/integration-test/target/test-dir/MiniOzoneClusterImpl-6b3e93c2-f638-46ca-bf75-ac80d5cb12e3/datanode-8/data/ratis/03a28e30-6e4a-4cb1-929a-2b008c0cf2eb does not exist. Creating ...
2019-09-26 20:35:41,376 [pool-57-thread-1] INFO  impl.RaftServerImpl (ServerState.java:<init>(103)) - 7be77de1-68b9-4fa7-bda6-3bc381ab23ad@group-2B008C0CF2EB: ConfigurationManager, init=-1: [4ffb8afb-4e86-451a-87a3-e5da03a730ae:192.168.151.109:34155, 7be77de1-68b9-4fa7-bda6-3bc381ab23ad:192.168.151.109:37592, 84f5564a-e18f-45f7-9b57-d0986cf90ae8:192.168.151.109:38925], old=null, confs=<EMPTY_MAP>
2019-09-26 20:35:41,376 [pool-67-thread-1] INFO  server.RaftServerConfigKeys (ConfUtils.java:logGet(43)) - raft.server.sleep.deviation.threshold = 300 (default)
2019-09-26 20:35:41,377 [pool-57-thread-1] INFO  server.RaftServerConfigKeys (ConfUtils.java:logGet(43)) - raft.server.storage.dir = [/workdir/hadoop-ozone/integration-test/target/test-dir/MiniOzoneClusterImpl-6b3e93c2-f638-46ca-bf75-ac80d5cb12e3/datanode-3/data/ratis] (custom)
2019-09-26 20:35:41,377 [pool-67-thread-1] INFO  server.RaftServerConfigKeys (ConfUtils.java:logGet(43)) - raft.server.log.appender.install.snapshot.enabled = false (custom)
2019-09-26 20:35:41,377 [pool-67-thread-1] INFO  impl.RaftServerImpl (ServerState.java:<init>(103)) - 4ffb8afb-4e86-451a-87a3-e5da03a730ae@group-2B008C0CF2EB: ConfigurationManager, init=-1: [4ffb8afb-4e86-451a-87a3-e5da03a730ae:192.168.151.109:34155, 7be77de1-68b9-4fa7-bda6-3bc381ab23ad:192.168.151.109:37592, 84f5564a-e18f-45f7-9b57-d0986cf90ae8:192.168.151.109:38925], old=null, confs=<EMPTY_MAP>
2019-09-26 20:35:41,377 [pool-57-thread-1] INFO  storage.RaftStorageDirectory (RaftStorageDirectory.java:analyzeStorage(246)) - The storage directory /workdir/hadoop-ozone/integration-test/target/test-dir/MiniOzoneClusterImpl-6b3e93c2-f638-46ca-bf75-ac80d5cb12e3/datanode-3/data/ratis/03a28e30-6e4a-4cb1-929a-2b008c0cf2eb does not exist. Creating ...
2019-09-26 20:35:41,377 [pool-67-thread-1] INFO  server.RaftServerConfigKeys (ConfUtils.java:logGet(43)) - raft.server.storage.dir = [/workdir/hadoop-ozone/integration-test/target/test-dir/MiniOzoneClusterImpl-6b3e93c2-f638-46ca-bf75-ac80d5cb12e3/datanode-4/data/ratis] (custom)
2019-09-26 20:35:41,377 [pool-67-thread-1] INFO  storage.RaftStorageDirectory (RaftStorageDirectory.java:analyzeStorage(246)) - The storage directory /workdir/hadoop-ozone/integration-test/target/test-dir/MiniOzoneClusterImpl-6b3e93c2-f638-46ca-bf75-ac80d5cb12e3/datanode-4/data/ratis/03a28e30-6e4a-4cb1-929a-2b008c0cf2eb does not exist. Creating ...
2019-09-26 20:35:41,378 [Thread-288] INFO  impl.FollowerState (FollowerState.java:run(106)) - df489160-9035-493c-b28c-85e4df434e3a:group-C5DB180DDBE7 changes to CANDIDATE, lastRpcTime:1060, electionTimeout:1058ms
2019-09-26 20:35:41,380 [Thread-288] INFO  impl.RoleInfo (RoleInfo.java:shutdownFollowerState(121)) - df489160-9035-493c-b28c-85e4df434e3a: shutdown FollowerState
2019-09-26 20:35:41,380 [Thread-288] INFO  impl.RaftServerImpl (RaftServerImpl.java:setRole(174)) - df489160-9035-493c-b28c-85e4df434e3a@group-C5DB180DDBE7: changes role from  FOLLOWER to CANDIDATE at term 0 for changeToCandidate
2019-09-26 20:35:41,381 [Thread-288] INFO  impl.RoleInfo (RoleInfo.java:updateAndGet(143)) - df489160-9035-493c-b28c-85e4df434e3a: start LeaderElection
2019-09-26 20:35:41,390 [pool-57-thread-1] INFO  storage.RaftStorageDirectory (RaftStorageDirectory.java:tryLock(328)) - Lock on /workdir/hadoop-ozone/integration-test/target/test-dir/MiniOzoneClusterImpl-6b3e93c2-f638-46ca-bf75-ac80d5cb12e3/datanode-3/data/ratis/03a28e30-6e4a-4cb1-929a-2b008c0cf2eb/in_use.lock acquired by nodename 4010@pr-hdds-2162-kpcbn-4093309294
2019-09-26 20:35:41,390 [pool-107-thread-1] INFO  storage.RaftStorageDirectory (RaftStorageDirectory.java:tryLock(328)) - Lock on /workdir/hadoop-ozone/integration-test/target/test-dir/MiniOzoneClusterImpl-6b3e93c2-f638-46ca-bf75-ac80d5cb12e3/datanode-8/data/ratis/03a28e30-6e4a-4cb1-929a-2b008c0cf2eb/in_use.lock acquired by nodename 4010@pr-hdds-2162-kpcbn-4093309294
2019-09-26 20:35:41,390 [df489160-9035-493c-b28c-85e4df434e3a@group-C5DB180DDBE7:LeaderElection2] INFO  impl.LeaderElection (LeaderElection.java:askForVotes(182)) - df489160-9035-493c-b28c-85e4df434e3a@group-C5DB180DDBE7:LeaderElection2: begin an election at term 1 for -1: [df489160-9035-493c-b28c-85e4df434e3a:192.168.151.109:37092], old=null
2019-09-26 20:35:41,390 [pool-67-thread-1] INFO  storage.RaftStorageDirectory (RaftStorageDirectory.java:tryLock(328)) - Lock on /workdir/hadoop-ozone/integration-test/target/test-dir/MiniOzoneClusterImpl-6b3e93c2-f638-46ca-bf75-ac80d5cb12e3/datanode-4/data/ratis/03a28e30-6e4a-4cb1-929a-2b008c0cf2eb/in_use.lock acquired by nodename 4010@pr-hdds-2162-kpcbn-4093309294
2019-09-26 20:35:41,393 [df489160-9035-493c-b28c-85e4df434e3a@group-C5DB180DDBE7:LeaderElection2] INFO  impl.RoleInfo (RoleInfo.java:shutdownLeaderElection(134)) - df489160-9035-493c-b28c-85e4df434e3a: shutdown LeaderElection
2019-09-26 20:35:41,393 [df489160-9035-493c-b28c-85e4df434e3a@group-C5DB180DDBE7:LeaderElection2] INFO  impl.RaftServerImpl (RaftServerImpl.java:setRole(174)) - df489160-9035-493c-b28c-85e4df434e3a@group-C5DB180DDBE7: changes role from CANDIDATE to LEADER at term 1 for changeToLeader
2019-09-26 20:35:41,393 [df489160-9035-493c-b28c-85e4df434e3a@group-C5DB180DDBE7:LeaderElection2] INFO  impl.RaftServerImpl (ServerState.java:setLeader(253)) - df489160-9035-493c-b28c-85e4df434e3a@group-C5DB180DDBE7: change Leader from null to df489160-9035-493c-b28c-85e4df434e3a at term 1 for becomeLeader, leader elected after 1094ms
2019-09-26 20:35:41,393 [df489160-9035-493c-b28c-85e4df434e3a@group-C5DB180DDBE7:LeaderElection2] INFO  server.RaftServerConfigKeys (ConfUtils.java:logGet(43)) - raft.server.staging.catchup.gap = 1000 (default)
2019-09-26 20:35:41,393 [df489160-9035-493c-b28c-85e4df434e3a@group-C5DB180DDBE7:LeaderElection2] INFO  server.RaftServerConfigKeys (ConfUtils.java:logGet(43)) - raft.server.rpc.sleep.time = 25ms (default)
2019-09-26 20:35:41,394 [490b5e00-bd97-4c2f-9bd2-555d2dbb1b28@group-491A1F0188A9:LeaderElection1] INFO  impl.RoleInfo (RoleInfo.java:updateAndGet(143)) - 490b5e00-bd97-4c2f-9bd2-555d2dbb1b28: start LeaderState
2019-09-26 20:35:41,394 [df489160-9035-493c-b28c-85e4df434e3a@group-C5DB180DDBE7:LeaderElection2] INFO  server.RaftServerConfigKeys (ConfUtils.java:logGet(43)) - raft.server.write.element-limit = 4096 (default)
2019-09-26 20:35:41,394 [df489160-9035-493c-b28c-85e4df434e3a@group-C5DB180DDBE7:LeaderElection2] INFO  server.RaftServerConfigKeys (ConfUtils.java:logGet(43)) - raft.server.watch.timeout = 10s (default)
2019-09-26 20:35:41,394 [df489160-9035-493c-b28c-85e4df434e3a@group-C5DB180DDBE7:LeaderElection2] INFO  server.RaftServerConfigKeys (ConfUtils.java:logGet(43)) - raft.server.watch.timeout.denomination = 1s (default)
2019-09-26 20:35:41,394 [df489160-9035-493c-b28c-85e4df434e3a@group-C5DB180DDBE7:LeaderElection2] INFO  server.RaftServerConfigKeys (ConfUtils.java:logGet(43)) - raft.server.watch.element-limit = 65536 (default)
2019-09-26 20:35:41,397 [df489160-9035-493c-b28c-85e4df434e3a@group-C5DB180DDBE7:LeaderElection2] INFO  impl.RoleInfo (RoleInfo.java:updateAndGet(143)) - df489160-9035-493c-b28c-85e4df434e3a: start LeaderState
2019-09-26 20:35:41,408 [pool-67-thread-1] INFO  storage.RaftStorage (RaftStorage.java:format(72)) - Storage directory /workdir/hadoop-ozone/integration-test/target/test-dir/MiniOzoneClusterImpl-6b3e93c2-f638-46ca-bf75-ac80d5cb12e3/datanode-4/data/ratis/03a28e30-6e4a-4cb1-929a-2b008c0cf2eb has been successfully formatted.
2019-09-26 20:35:41,408 [pool-107-thread-1] INFO  storage.RaftStorage (RaftStorage.java:format(72)) - Storage directory /workdir/hadoop-ozone/integration-test/target/test-dir/MiniOzoneClusterImpl-6b3e93c2-f638-46ca-bf75-ac80d5cb12e3/datanode-8/data/ratis/03a28e30-6e4a-4cb1-929a-2b008c0cf2eb has been successfully formatted.
2019-09-26 20:35:41,408 [pool-57-thread-1] INFO  storage.RaftStorage (RaftStorage.java:format(72)) - Storage directory /workdir/hadoop-ozone/integration-test/target/test-dir/MiniOzoneClusterImpl-6b3e93c2-f638-46ca-bf75-ac80d5cb12e3/datanode-3/data/ratis/03a28e30-6e4a-4cb1-929a-2b008c0cf2eb has been successfully formatted.
2019-09-26 20:35:41,408 [pool-67-thread-1] INFO  ratis.ContainerStateMachine (ContainerStateMachine.java:loadSnapshot(230)) - group-2B008C0CF2EB: The snapshot info is null. Setting the last applied indexto:(t:0, i:~)
2019-09-26 20:35:41,408 [pool-107-thread-1] INFO  ratis.ContainerStateMachine (ContainerStateMachine.java:loadSnapshot(230)) - group-2B008C0CF2EB: The snapshot info is null. Setting the last applied indexto:(t:0, i:~)
2019-09-26 20:35:41,408 [pool-67-thread-1] INFO  server.RaftServerConfigKeys (ConfUtils.java:logGet(43)) - raft.server.notification.no-leader.timeout = 120s (custom)
2019-09-26 20:35:41,408 [pool-57-thread-1] INFO  ratis.ContainerStateMachine (ContainerStateMachine.java:loadSnapshot(230)) - group-2B008C0CF2EB: The snapshot info is null. Setting the last applied indexto:(t:0, i:~)
2019-09-26 20:35:41,409 [pool-67-thread-1] INFO  server.RaftServerConfigKeys (ConfUtils.java:logGet(43)) - raft.server.log.use.memory = false (default)
2019-09-26 20:35:41,409 [pool-107-thread-1] INFO  server.RaftServerConfigKeys (ConfUtils.java:logGet(43)) - raft.server.notification.no-leader.timeout = 120s (custom)
2019-09-26 20:35:41,409 [pool-67-thread-1] INFO  server.RaftServerConfigKeys (ConfUtils.java:logGet(43)) - raft.server.log.purge.gap = 1000000 (custom)
2019-09-26 20:35:41,409 [pool-57-thread-1] INFO  server.RaftServerConfigKeys (ConfUtils.java:logGet(43)) - raft.server.notification.no-leader.timeout = 120s (custom)
2019-09-26 20:35:41,409 [pool-67-thread-1] INFO  server.RaftServerConfigKeys (ConfUtils.java:logGet(43)) - raft.server.log.appender.buffer.byte-limit = 33554432 (custom)
2019-09-26 20:35:41,409 [pool-107-thread-1] INFO  server.RaftServerConfigKeys (ConfUtils.java:logGet(43)) - raft.server.log.use.memory = false (default)
2019-09-26 20:35:41,410 [pool-67-thread-1] INFO  server.RaftServerConfigKeys (ConfUtils.java:logGet(43)) - raft.server.log.segment.size.max = 1048576 (custom)
2019-09-26 20:35:41,409 [pool-57-thread-1] INFO  server.RaftServerConfigKeys (ConfUtils.java:logGet(43)) - raft.server.log.use.memory = false (default)
2019-09-26 20:35:41,410 [pool-67-thread-1] INFO  server.RaftServerConfigKeys (ConfUtils.java:logGet(43)) - raft.server.log.segment.cache.num.max = 2 (custom)
2019-09-26 20:35:41,410 [pool-107-thread-1] INFO  server.RaftServerConfigKeys (ConfUtils.java:logGet(43)) - raft.server.log.purge.gap = 1000000 (custom)
2019-09-26 20:35:41,410 [pool-67-thread-1] INFO  segmented.SegmentedRaftLogWorker (SegmentedRaftLogWorker.java:<init>(172)) - new 4ffb8afb-4e86-451a-87a3-e5da03a730ae@group-2B008C0CF2EB-SegmentedRaftLogWorker for RaftStorage:Storage Directory /workdir/hadoop-ozone/integration-test/target/test-dir/MiniOzoneClusterImpl-6b3e93c2-f638-46ca-bf75-ac80d5cb12e3/datanode-4/data/ratis/03a28e30-6e4a-4cb1-929a-2b008c0cf2eb
2019-09-26 20:35:41,410 [pool-57-thread-1] INFO  server.RaftServerConfigKeys (ConfUtils.java:logGet(43)) - raft.server.log.purge.gap = 1000000 (custom)
2019-09-26 20:35:41,410 [pool-67-thread-1] INFO  server.RaftServerConfigKeys (ConfUtils.java:logGet(43)) - raft.server.log.queue.byte-limit = 2147483647 (custom)
2019-09-26 20:35:41,410 [pool-107-thread-1] INFO  server.RaftServerConfigKeys (ConfUtils.java:logGet(43)) - raft.server.log.appender.buffer.byte-limit = 33554432 (custom)
2019-09-26 20:35:41,411 [pool-67-thread-1] INFO  server.RaftServerConfigKeys (ConfUtils.java:logGet(43)) - raft.server.log.queue.element-limit = 1024 (custom)
2019-09-26 20:35:41,411 [pool-57-thread-1] INFO  server.RaftServerConfigKeys (ConfUtils.java:logGet(43)) - raft.server.log.appender.buffer.byte-limit = 33554432 (custom)
2019-09-26 20:35:41,411 [pool-67-thread-1] INFO  server.RaftServerConfigKeys (ConfUtils.java:logGet(43)) - raft.server.log.segment.size.max = 1048576 (custom)
2019-09-26 20:35:41,411 [pool-107-thread-1] INFO  server.RaftServerConfigKeys (ConfUtils.java:logGet(43)) - raft.server.log.segment.size.max = 1048576 (custom)
2019-09-26 20:35:41,411 [pool-67-thread-1] INFO  server.RaftServerConfigKeys (ConfUtils.java:logGet(43)) - raft.server.log.preallocated.size = 16384 (custom)
2019-09-26 20:35:41,411 [pool-57-thread-1] INFO  server.RaftServerConfigKeys (ConfUtils.java:logGet(43)) - raft.server.log.segment.size.max = 1048576 (custom)
2019-09-26 20:35:41,412 [pool-67-thread-1] INFO  server.RaftServerConfigKeys (ConfUtils.java:logGet(43)) - raft.server.log.write.buffer.size = 33554432 (custom)
2019-09-26 20:35:41,412 [pool-107-thread-1] INFO  server.RaftServerConfigKeys (ConfUtils.java:logGet(43)) - raft.server.log.segment.cache.num.max = 2 (custom)
2019-09-26 20:35:41,412 [pool-67-thread-1] INFO  server.RaftServerConfigKeys (ConfUtils.java:logGet(43)) - raft.server.log.force.sync.num = 128 (default)
2019-09-26 20:35:41,412 [pool-57-thread-1] INFO  server.RaftServerConfigKeys (ConfUtils.java:logGet(43)) - raft.server.log.segment.cache.num.max = 2 (custom)
2019-09-26 20:35:41,416 [pool-67-thread-1] INFO  server.RaftServerConfigKeys (ConfUtils.java:logGet(43)) - raft.server.log.statemachine.data.sync = true (default)
2019-09-26 20:35:41,416 [pool-107-thread-1] INFO  segmented.SegmentedRaftLogWorker (SegmentedRaftLogWorker.java:<init>(172)) - new 84f5564a-e18f-45f7-9b57-d0986cf90ae8@group-2B008C0CF2EB-SegmentedRaftLogWorker for RaftStorage:Storage Directory /workdir/hadoop-ozone/integration-test/target/test-dir/MiniOzoneClusterImpl-6b3e93c2-f638-46ca-bf75-ac80d5cb12e3/datanode-8/data/ratis/03a28e30-6e4a-4cb1-929a-2b008c0cf2eb
2019-09-26 20:35:41,417 [pool-67-thread-1] INFO  server.RaftServerConfigKeys (ConfUtils.java:logGet(43)) - raft.server.log.statemachine.data.sync.timeout = 10s (default)
2019-09-26 20:35:41,416 [pool-57-thread-1] INFO  segmented.SegmentedRaftLogWorker (SegmentedRaftLogWorker.java:<init>(172)) - new 7be77de1-68b9-4fa7-bda6-3bc381ab23ad@group-2B008C0CF2EB-SegmentedRaftLogWorker for RaftStorage:Storage Directory /workdir/hadoop-ozone/integration-test/target/test-dir/MiniOzoneClusterImpl-6b3e93c2-f638-46ca-bf75-ac80d5cb12e3/datanode-3/data/ratis/03a28e30-6e4a-4cb1-929a-2b008c0cf2eb
2019-09-26 20:35:41,417 [pool-67-thread-1] INFO  server.RaftServerConfigKeys (ConfUtils.java:logGet(43)) - raft.server.log.statemachine.data.sync.timeout.retry = -1 (default)
2019-09-26 20:35:41,417 [pool-107-thread-1] INFO  server.RaftServerConfigKeys (ConfUtils.java:logGet(43)) - raft.server.log.queue.byte-limit = 2147483647 (custom)
2019-09-26 20:35:41,417 [pool-67-thread-1] INFO  server.RaftServerConfigKeys (ConfUtils.java:logGet(43)) - raft.server.log.statemachine.data.caching.enabled = true (custom)
2019-09-26 20:35:41,417 [pool-57-thread-1] INFO  server.RaftServerConfigKeys (ConfUtils.java:logGet(43)) - raft.server.log.queue.byte-limit = 2147483647 (custom)
2019-09-26 20:35:41,417 [490b5e00-bd97-4c2f-9bd2-555d2dbb1b28@group-491A1F0188A9:LeaderElection1] INFO  segmented.SegmentedRaftLogWorker (SegmentedRaftLogWorker.java:startLogSegment(380)) - 490b5e00-bd97-4c2f-9bd2-555d2dbb1b28@group-491A1F0188A9-SegmentedRaftLogWorker: Starting segment from index:0
2019-09-26 20:35:41,417 [df489160-9035-493c-b28c-85e4df434e3a@group-C5DB180DDBE7:LeaderElection2] INFO  segmented.SegmentedRaftLogWorker (SegmentedRaftLogWorker.java:startLogSegment(380)) - df489160-9035-493c-b28c-85e4df434e3a@group-C5DB180DDBE7-SegmentedRaftLogWorker: Starting segment from index:0
2019-09-26 20:35:41,417 [pool-107-thread-1] INFO  server.RaftServerConfigKeys (ConfUtils.java:logGet(43)) - raft.server.log.queue.element-limit = 1024 (custom)
2019-09-26 20:35:41,418 [pool-67-thread-1] INFO  segmented.SegmentedRaftLogWorker (SegmentedRaftLogWorker.java:lambda$new$0(132)) - 4ffb8afb-4e86-451a-87a3-e5da03a730ae@group-2B008C0CF2EB-SegmentedRaftLogWorker: flushIndex: setUnconditionally 0 -> -1
2019-09-26 20:35:41,418 [pool-57-thread-1] INFO  server.RaftServerConfigKeys (ConfUtils.java:logGet(43)) - raft.server.log.queue.element-limit = 1024 (custom)
2019-09-26 20:35:41,418 [pool-107-thread-1] INFO  server.RaftServerConfigKeys (ConfUtils.java:logGet(43)) - raft.server.log.segment.size.max = 1048576 (custom)
2019-09-26 20:35:41,419 [pool-57-thread-1] INFO  server.RaftServerConfigKeys (ConfUtils.java:logGet(43)) - raft.server.log.segment.size.max = 1048576 (custom)
2019-09-26 20:35:41,419 [pool-67-thread-1] INFO  server.RaftServerConfigKeys (ConfUtils.java:logGet(43)) - raft.server.snapshot.auto.trigger.enabled = true (custom)
2019-09-26 20:35:41,419 [pool-57-thread-1] INFO  server.RaftServerConfigKeys (ConfUtils.java:logGet(43)) - raft.server.log.preallocated.size = 16384 (custom)
2019-09-26 20:35:41,419 [pool-107-thread-1] INFO  server.RaftServerConfigKeys (ConfUtils.java:logGet(43)) - raft.server.log.preallocated.size = 16384 (custom)
2019-09-26 20:35:41,419 [pool-57-thread-1] INFO  server.RaftServerConfigKeys (ConfUtils.java:logGet(43)) - raft.server.log.write.buffer.size = 33554432 (custom)
2019-09-26 20:35:41,419 [pool-67-thread-1] INFO  server.RaftServerConfigKeys (ConfUtils.java:logGet(43)) - raft.server.snapshot.auto.trigger.threshold = 10000 (custom)
2019-09-26 20:35:41,420 [pool-57-thread-1] INFO  server.RaftServerConfigKeys (ConfUtils.java:logGet(43)) - raft.server.log.force.sync.num = 128 (default)
2019-09-26 20:35:41,420 [pool-57-thread-1] INFO  server.RaftServerConfigKeys (ConfUtils.java:logGet(43)) - raft.server.log.statemachine.data.sync = true (default)
2019-09-26 20:35:41,419 [pool-107-thread-1] INFO  server.RaftServerConfigKeys (ConfUtils.java:logGet(43)) - raft.server.log.write.buffer.size = 33554432 (custom)
2019-09-26 20:35:41,420 [pool-57-thread-1] INFO  server.RaftServerConfigKeys (ConfUtils.java:logGet(43)) - raft.server.log.statemachine.data.sync.timeout = 10s (default)
2019-09-26 20:35:41,420 [pool-67-thread-1] INFO  server.RaftServerConfigKeys (ConfUtils.java:logGet(43)) - raft.server.snapshot.retention.num.files = 5 (custom)
2019-09-26 20:35:41,421 [pool-57-thread-1] INFO  server.RaftServerConfigKeys (ConfUtils.java:logGet(43)) - raft.server.log.statemachine.data.sync.timeout.retry = -1 (default)
2019-09-26 20:35:41,420 [pool-107-thread-1] INFO  server.RaftServerConfigKeys (ConfUtils.java:logGet(43)) - raft.server.log.force.sync.num = 128 (default)
2019-09-26 20:35:41,421 [pool-57-thread-1] INFO  server.RaftServerConfigKeys (ConfUtils.java:logGet(43)) - raft.server.log.statemachine.data.caching.enabled = true (custom)
2019-09-26 20:35:41,421 [pool-67-thread-1] INFO  server.RaftServerConfigKeys (ConfUtils.java:logGet(43)) - raft.server.retrycache.expirytime = 600000ms (custom)
2019-09-26 20:35:41,421 [pool-107-thread-1] INFO  server.RaftServerConfigKeys (ConfUtils.java:logGet(43)) - raft.server.log.statemachine.data.sync = true (default)
2019-09-26 20:35:41,421 [pool-57-thread-1] INFO  segmented.SegmentedRaftLogWorker (SegmentedRaftLogWorker.java:lambda$new$0(132)) - 7be77de1-68b9-4fa7-bda6-3bc381ab23ad@group-2B008C0CF2EB-SegmentedRaftLogWorker: flushIndex: setUnconditionally 0 -> -1
2019-09-26 20:35:41,421 [pool-107-thread-1] INFO  server.RaftServerConfigKeys (ConfUtils.java:logGet(43)) - raft.server.log.statemachine.data.sync.timeout = 10s (default)
2019-09-26 20:35:41,422 [pool-57-thread-1] INFO  server.RaftServerConfigKeys (ConfUtils.java:logGet(43)) - raft.server.snapshot.auto.trigger.enabled = true (custom)
2019-09-26 20:35:41,422 [pool-107-thread-1] INFO  server.RaftServerConfigKeys (ConfUtils.java:logGet(43)) - raft.server.log.statemachine.data.sync.timeout.retry = -1 (default)
2019-09-26 20:35:41,422 [pool-57-thread-1] INFO  server.RaftServerConfigKeys (ConfUtils.java:logGet(43)) - raft.server.snapshot.auto.trigger.threshold = 10000 (custom)
2019-09-26 20:35:41,422 [pool-57-thread-1] INFO  server.RaftServerConfigKeys (ConfUtils.java:logGet(43)) - raft.server.snapshot.retention.num.files = 5 (custom)
2019-09-26 20:35:41,422 [pool-107-thread-1] INFO  server.RaftServerConfigKeys (ConfUtils.java:logGet(43)) - raft.server.log.statemachine.data.caching.enabled = true (custom)
2019-09-26 20:35:41,422 [pool-57-thread-1] INFO  server.RaftServerConfigKeys (ConfUtils.java:logGet(43)) - raft.server.retrycache.expirytime = 600000ms (custom)
2019-09-26 20:35:41,423 [pool-107-thread-1] INFO  segmented.SegmentedRaftLogWorker (SegmentedRaftLogWorker.java:lambda$new$0(132)) - 84f5564a-e18f-45f7-9b57-d0986cf90ae8@group-2B008C0CF2EB-SegmentedRaftLogWorker: flushIndex: setUnconditionally 0 -> -1
2019-09-26 20:35:41,423 [pool-107-thread-1] INFO  server.RaftServerConfigKeys (ConfUtils.java:logGet(43)) - raft.server.snapshot.auto.trigger.enabled = true (custom)
2019-09-26 20:35:41,423 [pool-107-thread-1] INFO  server.RaftServerConfigKeys (ConfUtils.java:logGet(43)) - raft.server.snapshot.auto.trigger.threshold = 10000 (custom)
2019-09-26 20:35:41,423 [pool-107-thread-1] INFO  server.RaftServerConfigKeys (ConfUtils.java:logGet(43)) - raft.server.snapshot.retention.num.files = 5 (custom)
2019-09-26 20:35:41,424 [pool-107-thread-1] INFO  server.RaftServerConfigKeys (ConfUtils.java:logGet(43)) - raft.server.retrycache.expirytime = 600000ms (custom)
2019-09-26 20:35:41,424 [pool-67-thread-1] INFO  impl.RaftServerImpl (RaftServerImpl.java:start(185)) - 4ffb8afb-4e86-451a-87a3-e5da03a730ae@group-2B008C0CF2EB: start as a follower, conf=-1: [4ffb8afb-4e86-451a-87a3-e5da03a730ae:192.168.151.109:34155, 7be77de1-68b9-4fa7-bda6-3bc381ab23ad:192.168.151.109:37592, 84f5564a-e18f-45f7-9b57-d0986cf90ae8:192.168.151.109:38925], old=null
2019-09-26 20:35:41,424 [pool-67-thread-1] INFO  impl.RaftServerImpl (RaftServerImpl.java:setRole(174)) - 4ffb8afb-4e86-451a-87a3-e5da03a730ae@group-2B008C0CF2EB: changes role from      null to FOLLOWER at term 0 for startAsFollower
2019-09-26 20:35:41,425 [pool-67-thread-1] INFO  impl.RoleInfo (RoleInfo.java:updateAndGet(143)) - 4ffb8afb-4e86-451a-87a3-e5da03a730ae: start FollowerState
2019-09-26 20:35:41,425 [pool-67-thread-1] INFO  util.JmxRegister (JmxRegister.java:tryRegister(44)) - Successfully registered JMX Bean with object name Ratis:service=RaftServer,group=group-2B008C0CF2EB,id=4ffb8afb-4e86-451a-87a3-e5da03a730ae
2019-09-26 20:35:41,426 [490b5e00-bd97-4c2f-9bd2-555d2dbb1b28@group-491A1F0188A9:LeaderElection1] INFO  impl.RaftServerImpl (ServerState.java:setRaftConf(354)) - 490b5e00-bd97-4c2f-9bd2-555d2dbb1b28@group-491A1F0188A9: set configuration 0: [490b5e00-bd97-4c2f-9bd2-555d2dbb1b28:192.168.151.109:33451], old=null at 0
2019-09-26 20:35:41,426 [df489160-9035-493c-b28c-85e4df434e3a@group-C5DB180DDBE7:LeaderElection2] INFO  impl.RaftServerImpl (ServerState.java:setRaftConf(354)) - df489160-9035-493c-b28c-85e4df434e3a@group-C5DB180DDBE7: set configuration 0: [df489160-9035-493c-b28c-85e4df434e3a:192.168.151.109:37092], old=null at 0
2019-09-26 20:35:41,426 [pool-57-thread-1] INFO  impl.RaftServerImpl (RaftServerImpl.java:start(185)) - 7be77de1-68b9-4fa7-bda6-3bc381ab23ad@group-2B008C0CF2EB: start as a follower, conf=-1: [4ffb8afb-4e86-451a-87a3-e5da03a730ae:192.168.151.109:34155, 7be77de1-68b9-4fa7-bda6-3bc381ab23ad:192.168.151.109:37592, 84f5564a-e18f-45f7-9b57-d0986cf90ae8:192.168.151.109:38925], old=null
2019-09-26 20:35:41,430 [pool-57-thread-1] INFO  impl.RaftServerImpl (RaftServerImpl.java:setRole(174)) - 7be77de1-68b9-4fa7-bda6-3bc381ab23ad@group-2B008C0CF2EB: changes role from      null to FOLLOWER at term 0 for startAsFollower
2019-09-26 20:35:41,430 [pool-57-thread-1] INFO  impl.RoleInfo (RoleInfo.java:updateAndGet(143)) - 7be77de1-68b9-4fa7-bda6-3bc381ab23ad: start FollowerState
2019-09-26 20:35:41,430 [pool-57-thread-1] INFO  util.JmxRegister (JmxRegister.java:tryRegister(44)) - Successfully registered JMX Bean with object name Ratis:service=RaftServer,group=group-2B008C0CF2EB,id=7be77de1-68b9-4fa7-bda6-3bc381ab23ad
2019-09-26 20:35:41,433 [pool-107-thread-1] INFO  impl.RaftServerImpl (RaftServerImpl.java:start(185)) - 84f5564a-e18f-45f7-9b57-d0986cf90ae8@group-2B008C0CF2EB: start as a follower, conf=-1: [4ffb8afb-4e86-451a-87a3-e5da03a730ae:192.168.151.109:34155, 7be77de1-68b9-4fa7-bda6-3bc381ab23ad:192.168.151.109:37592, 84f5564a-e18f-45f7-9b57-d0986cf90ae8:192.168.151.109:38925], old=null
2019-09-26 20:35:41,442 [pool-107-thread-1] INFO  impl.RaftServerImpl (RaftServerImpl.java:setRole(174)) - 84f5564a-e18f-45f7-9b57-d0986cf90ae8@group-2B008C0CF2EB: changes role from      null to FOLLOWER at term 0 for startAsFollower
2019-09-26 20:35:41,442 [pool-107-thread-1] INFO  impl.RoleInfo (RoleInfo.java:updateAndGet(143)) - 84f5564a-e18f-45f7-9b57-d0986cf90ae8: start FollowerState
2019-09-26 20:35:41,442 [pool-107-thread-1] INFO  util.JmxRegister (JmxRegister.java:tryRegister(44)) - Successfully registered JMX Bean with object name Ratis:service=RaftServer,group=group-2B008C0CF2EB,id=84f5564a-e18f-45f7-9b57-d0986cf90ae8
2019-09-26 20:35:41,451 [RatisPipelineUtilsThread] INFO  pipeline.PipelineStateManager (PipelineStateManager.java:addPipeline(56)) - Created pipeline Pipeline[ Id: 03a28e30-6e4a-4cb1-929a-2b008c0cf2eb, Nodes: 84f5564a-e18f-45f7-9b57-d0986cf90ae8{ip: 192.168.151.109, host: pr-hdds-2162-kpcbn-4093309294, networkLocation: /default-rack, certSerialId: null}7be77de1-68b9-4fa7-bda6-3bc381ab23ad{ip: 192.168.151.109, host: pr-hdds-2162-kpcbn-4093309294, networkLocation: /default-rack, certSerialId: null}4ffb8afb-4e86-451a-87a3-e5da03a730ae{ip: 192.168.151.109, host: pr-hdds-2162-kpcbn-4093309294, networkLocation: /default-rack, certSerialId: null}, Type:RATIS, Factor:THREE, State:OPEN]
2019-09-26 20:35:41,475 [grpc-default-executor-0] INFO  impl.RaftServerProxy (RaftServerProxy.java:addNew(89)) - e6ea3787-7b5b-467a-894e-3363ddf5ac49: addNew group-6F2CE06E8226:[48f2d8fd-8c43-434b-a938-4578675caf55:192.168.151.109:42280, 84a4ae1f-463c-4c61-bca5-7a956502a9f9:192.168.151.109:41745, e6ea3787-7b5b-467a-894e-3363ddf5ac49:192.168.151.109:35936] returns group-6F2CE06E8226:java.util.concurrent.CompletableFuture@44013925[Not completed]
2019-09-26 20:35:41,475 [grpc-default-executor-2] INFO  impl.RaftServerProxy (RaftServerProxy.java:addNew(89)) - 84a4ae1f-463c-4c61-bca5-7a956502a9f9: addNew group-6F2CE06E8226:[48f2d8fd-8c43-434b-a938-4578675caf55:192.168.151.109:42280, 84a4ae1f-463c-4c61-bca5-7a956502a9f9:192.168.151.109:41745, e6ea3787-7b5b-467a-894e-3363ddf5ac49:192.168.151.109:35936] returns group-6F2CE06E8226:java.util.concurrent.CompletableFuture@72ed02f9[Not completed]
2019-09-26 20:35:41,477 [grpc-default-executor-1] INFO  impl.RaftServerProxy (RaftServerProxy.java:addNew(89)) - 48f2d8fd-8c43-434b-a938-4578675caf55: addNew group-6F2CE06E8226:[48f2d8fd-8c43-434b-a938-4578675caf55:192.168.151.109:42280, 84a4ae1f-463c-4c61-bca5-7a956502a9f9:192.168.151.109:41745, e6ea3787-7b5b-467a-894e-3363ddf5ac49:192.168.151.109:35936] returns group-6F2CE06E8226:java.util.concurrent.CompletableFuture@3a7428ad[Not completed]
2019-09-26 20:35:41,479 [pool-77-thread-1] INFO  impl.RaftServerImpl (RaftServerImpl.java:<init>(95)) - e6ea3787-7b5b-467a-894e-3363ddf5ac49: new RaftServerImpl for group-6F2CE06E8226:[48f2d8fd-8c43-434b-a938-4578675caf55:192.168.151.109:42280, 84a4ae1f-463c-4c61-bca5-7a956502a9f9:192.168.151.109:41745, e6ea3787-7b5b-467a-894e-3363ddf5ac49:192.168.151.109:35936] with ContainerStateMachine:uninitialized
2019-09-26 20:35:41,481 [pool-77-thread-1] INFO  server.RaftServerConfigKeys (ConfUtils.java:logGet(43)) - raft.server.rpc.timeout.min = 1s (custom)
2019-09-26 20:35:41,481 [pool-77-thread-1] INFO  server.RaftServerConfigKeys (ConfUtils.java:logGet(43)) - raft.server.rpc.timeout.max = 1200ms (custom)
2019-09-26 20:35:41,481 [pool-77-thread-1] INFO  server.RaftServerConfigKeys (ConfUtils.java:logGet(43)) - raft.server.rpcslowness.timeout = 120s (custom)
2019-09-26 20:35:41,481 [pool-77-thread-1] INFO  server.RaftServerConfigKeys (ConfUtils.java:logGet(43)) - raft.server.sleep.deviation.threshold = 300 (default)
2019-09-26 20:35:41,482 [pool-77-thread-1] INFO  server.RaftServerConfigKeys (ConfUtils.java:logGet(43)) - raft.server.log.appender.install.snapshot.enabled = false (custom)
2019-09-26 20:35:41,482 [pool-87-thread-1] INFO  impl.RaftServerImpl (RaftServerImpl.java:<init>(95)) - 84a4ae1f-463c-4c61-bca5-7a956502a9f9: new RaftServerImpl for group-6F2CE06E8226:[48f2d8fd-8c43-434b-a938-4578675caf55:192.168.151.109:42280, 84a4ae1f-463c-4c61-bca5-7a956502a9f9:192.168.151.109:41745, e6ea3787-7b5b-467a-894e-3363ddf5ac49:192.168.151.109:35936] with ContainerStateMachine:uninitialized
2019-09-26 20:35:41,482 [pool-77-thread-1] INFO  impl.RaftServerImpl (ServerState.java:<init>(103)) - e6ea3787-7b5b-467a-894e-3363ddf5ac49@group-6F2CE06E8226: ConfigurationManager, init=-1: [48f2d8fd-8c43-434b-a938-4578675caf55:192.168.151.109:42280, 84a4ae1f-463c-4c61-bca5-7a956502a9f9:192.168.151.109:41745, e6ea3787-7b5b-467a-894e-3363ddf5ac49:192.168.151.109:35936], old=null, confs=<EMPTY_MAP>
2019-09-26 20:35:41,482 [pool-87-thread-1] INFO  server.RaftServerConfigKeys (ConfUtils.java:logGet(43)) - raft.server.rpc.timeout.min = 1s (custom)
2019-09-26 20:35:41,482 [pool-77-thread-1] INFO  server.RaftServerConfigKeys (ConfUtils.java:logGet(43)) - raft.server.storage.dir = [/workdir/hadoop-ozone/integration-test/target/test-dir/MiniOzoneClusterImpl-6b3e93c2-f638-46ca-bf75-ac80d5cb12e3/datanode-5/data/ratis] (custom)
2019-09-26 20:35:41,482 [pool-87-thread-1] INFO  server.RaftServerConfigKeys (ConfUtils.java:logGet(43)) - raft.server.rpc.timeout.max = 1200ms (custom)
2019-09-26 20:35:41,483 [pool-87-thread-1] INFO  server.RaftServerConfigKeys (ConfUtils.java:logGet(43)) - raft.server.rpcslowness.timeout = 120s (custom)
2019-09-26 20:35:41,483 [pool-97-thread-1] INFO  impl.RaftServerImpl (RaftServerImpl.java:<init>(95)) - 48f2d8fd-8c43-434b-a938-4578675caf55: new RaftServerImpl for group-6F2CE06E8226:[48f2d8fd-8c43-434b-a938-4578675caf55:192.168.151.109:42280, 84a4ae1f-463c-4c61-bca5-7a956502a9f9:192.168.151.109:41745, e6ea3787-7b5b-467a-894e-3363ddf5ac49:192.168.151.109:35936] with ContainerStateMachine:uninitialized
2019-09-26 20:35:41,483 [pool-87-thread-1] INFO  server.RaftServerConfigKeys (ConfUtils.java:logGet(43)) - raft.server.sleep.deviation.threshold = 300 (default)
2019-09-26 20:35:41,483 [pool-97-thread-1] INFO  server.RaftServerConfigKeys (ConfUtils.java:logGet(43)) - raft.server.rpc.timeout.min = 1s (custom)
2019-09-26 20:35:41,483 [pool-77-thread-1] INFO  storage.RaftStorageDirectory (RaftStorageDirectory.java:analyzeStorage(246)) - The storage directory /workdir/hadoop-ozone/integration-test/target/test-dir/MiniOzoneClusterImpl-6b3e93c2-f638-46ca-bf75-ac80d5cb12e3/datanode-5/data/ratis/d0ba4a7e-7fdc-410f-9c18-6f2ce06e8226 does not exist. Creating ...
2019-09-26 20:35:41,483 [pool-97-thread-1] INFO  server.RaftServerConfigKeys (ConfUtils.java:logGet(43)) - raft.server.rpc.timeout.max = 1200ms (custom)
2019-09-26 20:35:41,483 [pool-87-thread-1] INFO  server.RaftServerConfigKeys (ConfUtils.java:logGet(43)) - raft.server.log.appender.install.snapshot.enabled = false (custom)
2019-09-26 20:35:41,483 [pool-97-thread-1] INFO  server.RaftServerConfigKeys (ConfUtils.java:logGet(43)) - raft.server.rpcslowness.timeout = 120s (custom)
2019-09-26 20:35:41,483 [pool-87-thread-1] INFO  impl.RaftServerImpl (ServerState.java:<init>(103)) - 84a4ae1f-463c-4c61-bca5-7a956502a9f9@group-6F2CE06E8226: ConfigurationManager, init=-1: [48f2d8fd-8c43-434b-a938-4578675caf55:192.168.151.109:42280, 84a4ae1f-463c-4c61-bca5-7a956502a9f9:192.168.151.109:41745, e6ea3787-7b5b-467a-894e-3363ddf5ac49:192.168.151.109:35936], old=null, confs=<EMPTY_MAP>
2019-09-26 20:35:41,483 [pool-97-thread-1] INFO  server.RaftServerConfigKeys (ConfUtils.java:logGet(43)) - raft.server.sleep.deviation.threshold = 300 (default)
2019-09-26 20:35:41,484 [pool-97-thread-1] INFO  server.RaftServerConfigKeys (ConfUtils.java:logGet(43)) - raft.server.log.appender.install.snapshot.enabled = false (custom)
2019-09-26 20:35:41,484 [pool-87-thread-1] INFO  server.RaftServerConfigKeys (ConfUtils.java:logGet(43)) - raft.server.storage.dir = [/workdir/hadoop-ozone/integration-test/target/test-dir/MiniOzoneClusterImpl-6b3e93c2-f638-46ca-bf75-ac80d5cb12e3/datanode-6/data/ratis] (custom)
2019-09-26 20:35:41,484 [pool-97-thread-1] INFO  impl.RaftServerImpl (ServerState.java:<init>(103)) - 48f2d8fd-8c43-434b-a938-4578675caf55@group-6F2CE06E8226: ConfigurationManager, init=-1: [48f2d8fd-8c43-434b-a938-4578675caf55:192.168.151.109:42280, 84a4ae1f-463c-4c61-bca5-7a956502a9f9:192.168.151.109:41745, e6ea3787-7b5b-467a-894e-3363ddf5ac49:192.168.151.109:35936], old=null, confs=<EMPTY_MAP>
2019-09-26 20:35:41,486 [pool-97-thread-1] INFO  server.RaftServerConfigKeys (ConfUtils.java:logGet(43)) - raft.server.storage.dir = [/workdir/hadoop-ozone/integration-test/target/test-dir/MiniOzoneClusterImpl-6b3e93c2-f638-46ca-bf75-ac80d5cb12e3/datanode-7/data/ratis] (custom)
2019-09-26 20:35:41,486 [pool-87-thread-1] INFO  storage.RaftStorageDirectory (RaftStorageDirectory.java:analyzeStorage(246)) - The storage directory /workdir/hadoop-ozone/integration-test/target/test-dir/MiniOzoneClusterImpl-6b3e93c2-f638-46ca-bf75-ac80d5cb12e3/datanode-6/data/ratis/d0ba4a7e-7fdc-410f-9c18-6f2ce06e8226 does not exist. Creating ...
2019-09-26 20:35:41,486 [pool-97-thread-1] INFO  storage.RaftStorageDirectory (RaftStorageDirectory.java:analyzeStorage(246)) - The storage directory /workdir/hadoop-ozone/integration-test/target/test-dir/MiniOzoneClusterImpl-6b3e93c2-f638-46ca-bf75-ac80d5cb12e3/datanode-7/data/ratis/d0ba4a7e-7fdc-410f-9c18-6f2ce06e8226 does not exist. Creating ...
2019-09-26 20:35:41,497 [pool-87-thread-1] INFO  storage.RaftStorageDirectory (RaftStorageDirectory.java:tryLock(328)) - Lock on /workdir/hadoop-ozone/integration-test/target/test-dir/MiniOzoneClusterImpl-6b3e93c2-f638-46ca-bf75-ac80d5cb12e3/datanode-6/data/ratis/d0ba4a7e-7fdc-410f-9c18-6f2ce06e8226/in_use.lock acquired by nodename 4010@pr-hdds-2162-kpcbn-4093309294
2019-09-26 20:35:41,497 [pool-97-thread-1] INFO  storage.RaftStorageDirectory (RaftStorageDirectory.java:tryLock(328)) - Lock on /workdir/hadoop-ozone/integration-test/target/test-dir/MiniOzoneClusterImpl-6b3e93c2-f638-46ca-bf75-ac80d5cb12e3/datanode-7/data/ratis/d0ba4a7e-7fdc-410f-9c18-6f2ce06e8226/in_use.lock acquired by nodename 4010@pr-hdds-2162-kpcbn-4093309294
2019-09-26 20:35:41,497 [pool-77-thread-1] INFO  storage.RaftStorageDirectory (RaftStorageDirectory.java:tryLock(328)) - Lock on /workdir/hadoop-ozone/integration-test/target/test-dir/MiniOzoneClusterImpl-6b3e93c2-f638-46ca-bf75-ac80d5cb12e3/datanode-5/data/ratis/d0ba4a7e-7fdc-410f-9c18-6f2ce06e8226/in_use.lock acquired by nodename 4010@pr-hdds-2162-kpcbn-4093309294
2019-09-26 20:35:41,515 [pool-77-thread-1] INFO  storage.RaftStorage (RaftStorage.java:format(72)) - Storage directory /workdir/hadoop-ozone/integration-test/target/test-dir/MiniOzoneClusterImpl-6b3e93c2-f638-46ca-bf75-ac80d5cb12e3/datanode-5/data/ratis/d0ba4a7e-7fdc-410f-9c18-6f2ce06e8226 has been successfully formatted.
2019-09-26 20:35:41,515 [pool-97-thread-1] INFO  storage.RaftStorage (RaftStorage.java:format(72)) - Storage directory /workdir/hadoop-ozone/integration-test/target/test-dir/MiniOzoneClusterImpl-6b3e93c2-f638-46ca-bf75-ac80d5cb12e3/datanode-7/data/ratis/d0ba4a7e-7fdc-410f-9c18-6f2ce06e8226 has been successfully formatted.
2019-09-26 20:35:41,515 [pool-87-thread-1] INFO  storage.RaftStorage (RaftStorage.java:format(72)) - Storage directory /workdir/hadoop-ozone/integration-test/target/test-dir/MiniOzoneClusterImpl-6b3e93c2-f638-46ca-bf75-ac80d5cb12e3/datanode-6/data/ratis/d0ba4a7e-7fdc-410f-9c18-6f2ce06e8226 has been successfully formatted.
2019-09-26 20:35:41,515 [pool-77-thread-1] INFO  ratis.ContainerStateMachine (ContainerStateMachine.java:loadSnapshot(230)) - group-6F2CE06E8226: The snapshot info is null. Setting the last applied indexto:(t:0, i:~)
2019-09-26 20:35:41,515 [pool-97-thread-1] INFO  ratis.ContainerStateMachine (ContainerStateMachine.java:loadSnapshot(230)) - group-6F2CE06E8226: The snapshot info is null. Setting the last applied indexto:(t:0, i:~)
2019-09-26 20:35:41,515 [pool-77-thread-1] INFO  server.RaftServerConfigKeys (ConfUtils.java:logGet(43)) - raft.server.notification.no-leader.timeout = 120s (custom)
2019-09-26 20:35:41,515 [pool-87-thread-1] INFO  ratis.ContainerStateMachine (ContainerStateMachine.java:loadSnapshot(230)) - group-6F2CE06E8226: The snapshot info is null. Setting the last applied indexto:(t:0, i:~)
2019-09-26 20:35:41,516 [pool-77-thread-1] INFO  server.RaftServerConfigKeys (ConfUtils.java:logGet(43)) - raft.server.log.use.memory = false (default)
2019-09-26 20:35:41,516 [pool-97-thread-1] INFO  server.RaftServerConfigKeys (ConfUtils.java:logGet(43)) - raft.server.notification.no-leader.timeout = 120s (custom)
2019-09-26 20:35:41,516 [pool-77-thread-1] INFO  server.RaftServerConfigKeys (ConfUtils.java:logGet(43)) - raft.server.log.purge.gap = 1000000 (custom)
2019-09-26 20:35:41,516 [pool-87-thread-1] INFO  server.RaftServerConfigKeys (ConfUtils.java:logGet(43)) - raft.server.notification.no-leader.timeout = 120s (custom)
2019-09-26 20:35:41,516 [pool-77-thread-1] INFO  server.RaftServerConfigKeys (ConfUtils.java:logGet(43)) - raft.server.log.appender.buffer.byte-limit = 33554432 (custom)
2019-09-26 20:35:41,516 [pool-97-thread-1] INFO  server.RaftServerConfigKeys (ConfUtils.java:logGet(43)) - raft.server.log.use.memory = false (default)
2019-09-26 20:35:41,516 [pool-77-thread-1] INFO  server.RaftServerConfigKeys (ConfUtils.java:logGet(43)) - raft.server.log.segment.size.max = 1048576 (custom)
2019-09-26 20:35:41,516 [pool-87-thread-1] INFO  server.RaftServerConfigKeys (ConfUtils.java:logGet(43)) - raft.server.log.use.memory = false (default)
2019-09-26 20:35:41,517 [pool-77-thread-1] INFO  server.RaftServerConfigKeys (ConfUtils.java:logGet(43)) - raft.server.log.segment.cache.num.max = 2 (custom)
2019-09-26 20:35:41,516 [pool-97-thread-1] INFO  server.RaftServerConfigKeys (ConfUtils.java:logGet(43)) - raft.server.log.purge.gap = 1000000 (custom)
2019-09-26 20:35:41,517 [pool-77-thread-1] INFO  segmented.SegmentedRaftLogWorker (SegmentedRaftLogWorker.java:<init>(172)) - new e6ea3787-7b5b-467a-894e-3363ddf5ac49@group-6F2CE06E8226-SegmentedRaftLogWorker for RaftStorage:Storage Directory /workdir/hadoop-ozone/integration-test/target/test-dir/MiniOzoneClusterImpl-6b3e93c2-f638-46ca-bf75-ac80d5cb12e3/datanode-5/data/ratis/d0ba4a7e-7fdc-410f-9c18-6f2ce06e8226
2019-09-26 20:35:41,517 [pool-87-thread-1] INFO  server.RaftServerConfigKeys (ConfUtils.java:logGet(43)) - raft.server.log.purge.gap = 1000000 (custom)
2019-09-26 20:35:41,517 [pool-77-thread-1] INFO  server.RaftServerConfigKeys (ConfUtils.java:logGet(43)) - raft.server.log.queue.byte-limit = 2147483647 (custom)
2019-09-26 20:35:41,517 [pool-97-thread-1] INFO  server.RaftServerConfigKeys (ConfUtils.java:logGet(43)) - raft.server.log.appender.buffer.byte-limit = 33554432 (custom)
2019-09-26 20:35:41,517 [pool-77-thread-1] INFO  server.RaftServerConfigKeys (ConfUtils.java:logGet(43)) - raft.server.log.queue.element-limit = 1024 (custom)
2019-09-26 20:35:41,517 [pool-87-thread-1] INFO  server.RaftServerConfigKeys (ConfUtils.java:logGet(43)) - raft.server.log.appender.buffer.byte-limit = 33554432 (custom)
2019-09-26 20:35:41,518 [pool-77-thread-1] INFO  server.RaftServerConfigKeys (ConfUtils.java:logGet(43)) - raft.server.log.segment.size.max = 1048576 (custom)
2019-09-26 20:35:41,517 [pool-97-thread-1] INFO  server.RaftServerConfigKeys (ConfUtils.java:logGet(43)) - raft.server.log.segment.size.max = 1048576 (custom)
2019-09-26 20:35:41,518 [pool-77-thread-1] INFO  server.RaftServerConfigKeys (ConfUtils.java:logGet(43)) - raft.server.log.preallocated.size = 16384 (custom)
2019-09-26 20:35:41,518 [pool-87-thread-1] INFO  server.RaftServerConfigKeys (ConfUtils.java:logGet(43)) - raft.server.log.segment.size.max = 1048576 (custom)
2019-09-26 20:35:41,518 [pool-77-thread-1] INFO  server.RaftServerConfigKeys (ConfUtils.java:logGet(43)) - raft.server.log.write.buffer.size = 33554432 (custom)
2019-09-26 20:35:41,518 [pool-97-thread-1] INFO  server.RaftServerConfigKeys (ConfUtils.java:logGet(43)) - raft.server.log.segment.cache.num.max = 2 (custom)
2019-09-26 20:35:41,518 [pool-77-thread-1] INFO  server.RaftServerConfigKeys (ConfUtils.java:logGet(43)) - raft.server.log.force.sync.num = 128 (default)
2019-09-26 20:35:41,518 [pool-77-thread-1] INFO  server.RaftServerConfigKeys (ConfUtils.java:logGet(43)) - raft.server.log.statemachine.data.sync = true (default)
2019-09-26 20:35:41,518 [pool-87-thread-1] INFO  server.RaftServerConfigKeys (ConfUtils.java:logGet(43)) - raft.server.log.segment.cache.num.max = 2 (custom)
2019-09-26 20:35:41,518 [pool-77-thread-1] INFO  server.RaftServerConfigKeys (ConfUtils.java:logGet(43)) - raft.server.log.statemachine.data.sync.timeout = 10s (default)
2019-09-26 20:35:41,518 [pool-97-thread-1] INFO  segmented.SegmentedRaftLogWorker (SegmentedRaftLogWorker.java:<init>(172)) - new 48f2d8fd-8c43-434b-a938-4578675caf55@group-6F2CE06E8226-SegmentedRaftLogWorker for RaftStorage:Storage Directory /workdir/hadoop-ozone/integration-test/target/test-dir/MiniOzoneClusterImpl-6b3e93c2-f638-46ca-bf75-ac80d5cb12e3/datanode-7/data/ratis/d0ba4a7e-7fdc-410f-9c18-6f2ce06e8226
2019-09-26 20:35:41,519 [pool-77-thread-1] INFO  server.RaftServerConfigKeys (ConfUtils.java:logGet(43)) - raft.server.log.statemachine.data.sync.timeout.retry = -1 (default)
2019-09-26 20:35:41,519 [pool-87-thread-1] INFO  segmented.SegmentedRaftLogWorker (SegmentedRaftLogWorker.java:<init>(172)) - new 84a4ae1f-463c-4c61-bca5-7a956502a9f9@group-6F2CE06E8226-SegmentedRaftLogWorker for RaftStorage:Storage Directory /workdir/hadoop-ozone/integration-test/target/test-dir/MiniOzoneClusterImpl-6b3e93c2-f638-46ca-bf75-ac80d5cb12e3/datanode-6/data/ratis/d0ba4a7e-7fdc-410f-9c18-6f2ce06e8226
2019-09-26 20:35:41,519 [pool-77-thread-1] INFO  server.RaftServerConfigKeys (ConfUtils.java:logGet(43)) - raft.server.log.statemachine.data.caching.enabled = true (custom)
2019-09-26 20:35:41,519 [pool-97-thread-1] INFO  server.RaftServerConfigKeys (ConfUtils.java:logGet(43)) - raft.server.log.queue.byte-limit = 2147483647 (custom)
2019-09-26 20:35:41,519 [pool-87-thread-1] INFO  server.RaftServerConfigKeys (ConfUtils.java:logGet(43)) - raft.server.log.queue.byte-limit = 2147483647 (custom)
2019-09-26 20:35:41,519 [pool-77-thread-1] INFO  segmented.SegmentedRaftLogWorker (SegmentedRaftLogWorker.java:lambda$new$0(132)) - e6ea3787-7b5b-467a-894e-3363ddf5ac49@group-6F2CE06E8226-SegmentedRaftLogWorker: flushIndex: setUnconditionally 0 -> -1
2019-09-26 20:35:41,519 [pool-97-thread-1] INFO  server.RaftServerConfigKeys (ConfUtils.java:logGet(43)) - raft.server.log.queue.element-limit = 1024 (custom)
2019-09-26 20:35:41,519 [pool-87-thread-1] INFO  server.RaftServerConfigKeys (ConfUtils.java:logGet(43)) - raft.server.log.queue.element-limit = 1024 (custom)
2019-09-26 20:35:41,520 [pool-97-thread-1] INFO  server.RaftServerConfigKeys (ConfUtils.java:logGet(43)) - raft.server.log.segment.size.max = 1048576 (custom)
2019-09-26 20:35:41,520 [pool-77-thread-1] INFO  server.RaftServerConfigKeys (ConfUtils.java:logGet(43)) - raft.server.snapshot.auto.trigger.enabled = true (custom)
2019-09-26 20:35:41,520 [pool-97-thread-1] INFO  server.RaftServerConfigKeys (ConfUtils.java:logGet(43)) - raft.server.log.preallocated.size = 16384 (custom)
2019-09-26 20:35:41,520 [pool-87-thread-1] INFO  server.RaftServerConfigKeys (ConfUtils.java:logGet(43)) - raft.server.log.segment.size.max = 1048576 (custom)
2019-09-26 20:35:41,520 [pool-97-thread-1] INFO  server.RaftServerConfigKeys (ConfUtils.java:logGet(43)) - raft.server.log.write.buffer.size = 33554432 (custom)
2019-09-26 20:35:41,520 [pool-77-thread-1] INFO  server.RaftServerConfigKeys (ConfUtils.java:logGet(43)) - raft.server.snapshot.auto.trigger.threshold = 10000 (custom)
2019-09-26 20:35:41,520 [pool-97-thread-1] INFO  server.RaftServerConfigKeys (ConfUtils.java:logGet(43)) - raft.server.log.force.sync.num = 128 (default)
2019-09-26 20:35:41,520 [pool-87-thread-1] INFO  server.RaftServerConfigKeys (ConfUtils.java:logGet(43)) - raft.server.log.preallocated.size = 16384 (custom)
2019-09-26 20:35:41,520 [pool-97-thread-1] INFO  server.RaftServerConfigKeys (ConfUtils.java:logGet(43)) - raft.server.log.statemachine.data.sync = true (default)
2019-09-26 20:35:41,520 [pool-77-thread-1] INFO  server.RaftServerConfigKeys (ConfUtils.java:logGet(43)) - raft.server.snapshot.retention.num.files = 5 (custom)
2019-09-26 20:35:41,521 [pool-97-thread-1] INFO  server.RaftServerConfigKeys (ConfUtils.java:logGet(43)) - raft.server.log.statemachine.data.sync.timeout = 10s (default)
2019-09-26 20:35:41,521 [pool-87-thread-1] INFO  server.RaftServerConfigKeys (ConfUtils.java:logGet(43)) - raft.server.log.write.buffer.size = 33554432 (custom)
2019-09-26 20:35:41,521 [pool-97-thread-1] INFO  server.RaftServerConfigKeys (ConfUtils.java:logGet(43)) - raft.server.log.statemachine.data.sync.timeout.retry = -1 (default)
2019-09-26 20:35:41,521 [pool-77-thread-1] INFO  server.RaftServerConfigKeys (ConfUtils.java:logGet(43)) - raft.server.retrycache.expirytime = 600000ms (custom)
2019-09-26 20:35:41,521 [pool-97-thread-1] INFO  server.RaftServerConfigKeys (ConfUtils.java:logGet(43)) - raft.server.log.statemachine.data.caching.enabled = true (custom)
2019-09-26 20:35:41,521 [pool-87-thread-1] INFO  server.RaftServerConfigKeys (ConfUtils.java:logGet(43)) - raft.server.log.force.sync.num = 128 (default)
2019-09-26 20:35:41,521 [pool-87-thread-1] INFO  server.RaftServerConfigKeys (ConfUtils.java:logGet(43)) - raft.server.log.statemachine.data.sync = true (default)
2019-09-26 20:35:41,522 [pool-97-thread-1] INFO  segmented.SegmentedRaftLogWorker (SegmentedRaftLogWorker.java:lambda$new$0(132)) - 48f2d8fd-8c43-434b-a938-4578675caf55@group-6F2CE06E8226-SegmentedRaftLogWorker: flushIndex: setUnconditionally 0 -> -1
2019-09-26 20:35:41,522 [pool-87-thread-1] INFO  server.RaftServerConfigKeys (ConfUtils.java:logGet(43)) - raft.server.log.statemachine.data.sync.timeout = 10s (default)
2019-09-26 20:35:41,522 [pool-87-thread-1] INFO  server.RaftServerConfigKeys (ConfUtils.java:logGet(43)) - raft.server.log.statemachine.data.sync.timeout.retry = -1 (default)
2019-09-26 20:35:41,522 [pool-97-thread-1] INFO  server.RaftServerConfigKeys (ConfUtils.java:logGet(43)) - raft.server.snapshot.auto.trigger.enabled = true (custom)
2019-09-26 20:35:41,522 [pool-87-thread-1] INFO  server.RaftServerConfigKeys (ConfUtils.java:logGet(43)) - raft.server.log.statemachine.data.caching.enabled = true (custom)
2019-09-26 20:35:41,522 [pool-97-thread-1] INFO  server.RaftServerConfigKeys (ConfUtils.java:logGet(43)) - raft.server.snapshot.auto.trigger.threshold = 10000 (custom)
2019-09-26 20:35:41,522 [pool-97-thread-1] INFO  server.RaftServerConfigKeys (ConfUtils.java:logGet(43)) - raft.server.snapshot.retention.num.files = 5 (custom)
2019-09-26 20:35:41,522 [pool-87-thread-1] INFO  segmented.SegmentedRaftLogWorker (SegmentedRaftLogWorker.java:lambda$new$0(132)) - 84a4ae1f-463c-4c61-bca5-7a956502a9f9@group-6F2CE06E8226-SegmentedRaftLogWorker: flushIndex: setUnconditionally 0 -> -1
2019-09-26 20:35:41,522 [pool-97-thread-1] INFO  server.RaftServerConfigKeys (ConfUtils.java:logGet(43)) - raft.server.retrycache.expirytime = 600000ms (custom)
2019-09-26 20:35:41,523 [pool-87-thread-1] INFO  server.RaftServerConfigKeys (ConfUtils.java:logGet(43)) - raft.server.snapshot.auto.trigger.enabled = true (custom)
2019-09-26 20:35:41,523 [pool-87-thread-1] INFO  server.RaftServerConfigKeys (ConfUtils.java:logGet(43)) - raft.server.snapshot.auto.trigger.threshold = 10000 (custom)
2019-09-26 20:35:41,523 [pool-87-thread-1] INFO  server.RaftServerConfigKeys (ConfUtils.java:logGet(43)) - raft.server.snapshot.retention.num.files = 5 (custom)
2019-09-26 20:35:41,523 [pool-87-thread-1] INFO  server.RaftServerConfigKeys (ConfUtils.java:logGet(43)) - raft.server.retrycache.expirytime = 600000ms (custom)
2019-09-26 20:35:41,523 [pool-77-thread-1] INFO  impl.RaftServerImpl (RaftServerImpl.java:start(185)) - e6ea3787-7b5b-467a-894e-3363ddf5ac49@group-6F2CE06E8226: start as a follower, conf=-1: [48f2d8fd-8c43-434b-a938-4578675caf55:192.168.151.109:42280, 84a4ae1f-463c-4c61-bca5-7a956502a9f9:192.168.151.109:41745, e6ea3787-7b5b-467a-894e-3363ddf5ac49:192.168.151.109:35936], old=null
2019-09-26 20:35:41,523 [pool-77-thread-1] INFO  impl.RaftServerImpl (RaftServerImpl.java:setRole(174)) - e6ea3787-7b5b-467a-894e-3363ddf5ac49@group-6F2CE06E8226: changes role from      null to FOLLOWER at term 0 for startAsFollower
2019-09-26 20:35:41,523 [pool-77-thread-1] INFO  impl.RoleInfo (RoleInfo.java:updateAndGet(143)) - e6ea3787-7b5b-467a-894e-3363ddf5ac49: start FollowerState
2019-09-26 20:35:41,524 [pool-77-thread-1] INFO  util.JmxRegister (JmxRegister.java:tryRegister(44)) - Successfully registered JMX Bean with object name Ratis:service=RaftServer,group=group-6F2CE06E8226,id=e6ea3787-7b5b-467a-894e-3363ddf5ac49
2019-09-26 20:35:41,525 [pool-97-thread-1] INFO  impl.RaftServerImpl (RaftServerImpl.java:start(185)) - 48f2d8fd-8c43-434b-a938-4578675caf55@group-6F2CE06E8226: start as a follower, conf=-1: [48f2d8fd-8c43-434b-a938-4578675caf55:192.168.151.109:42280, 84a4ae1f-463c-4c61-bca5-7a956502a9f9:192.168.151.109:41745, e6ea3787-7b5b-467a-894e-3363ddf5ac49:192.168.151.109:35936], old=null
2019-09-26 20:35:41,525 [pool-97-thread-1] INFO  impl.RaftServerImpl (RaftServerImpl.java:setRole(174)) - 48f2d8fd-8c43-434b-a938-4578675caf55@group-6F2CE06E8226: changes role from      null to FOLLOWER at term 0 for startAsFollower
2019-09-26 20:35:41,525 [pool-87-thread-1] INFO  impl.RaftServerImpl (RaftServerImpl.java:start(185)) - 84a4ae1f-463c-4c61-bca5-7a956502a9f9@group-6F2CE06E8226: start as a follower, conf=-1: [48f2d8fd-8c43-434b-a938-4578675caf55:192.168.151.109:42280, 84a4ae1f-463c-4c61-bca5-7a956502a9f9:192.168.151.109:41745, e6ea3787-7b5b-467a-894e-3363ddf5ac49:192.168.151.109:35936], old=null
2019-09-26 20:35:41,525 [pool-97-thread-1] INFO  impl.RoleInfo (RoleInfo.java:updateAndGet(143)) - 48f2d8fd-8c43-434b-a938-4578675caf55: start FollowerState
2019-09-26 20:35:41,525 [pool-87-thread-1] INFO  impl.RaftServerImpl (RaftServerImpl.java:setRole(174)) - 84a4ae1f-463c-4c61-bca5-7a956502a9f9@group-6F2CE06E8226: changes role from      null to FOLLOWER at term 0 for startAsFollower
2019-09-26 20:35:41,526 [pool-87-thread-1] INFO  impl.RoleInfo (RoleInfo.java:updateAndGet(143)) - 84a4ae1f-463c-4c61-bca5-7a956502a9f9: start FollowerState
2019-09-26 20:35:41,526 [pool-97-thread-1] INFO  util.JmxRegister (JmxRegister.java:tryRegister(44)) - Successfully registered JMX Bean with object name Ratis:service=RaftServer,group=group-6F2CE06E8226,id=48f2d8fd-8c43-434b-a938-4578675caf55
2019-09-26 20:35:41,526 [pool-87-thread-1] INFO  util.JmxRegister (JmxRegister.java:tryRegister(44)) - Successfully registered JMX Bean with object name Ratis:service=RaftServer,group=group-6F2CE06E8226,id=84a4ae1f-463c-4c61-bca5-7a956502a9f9
2019-09-26 20:35:41,534 [RatisPipelineUtilsThread] INFO  pipeline.PipelineStateManager (PipelineStateManager.java:addPipeline(56)) - Created pipeline Pipeline[ Id: d0ba4a7e-7fdc-410f-9c18-6f2ce06e8226, Nodes: e6ea3787-7b5b-467a-894e-3363ddf5ac49{ip: 192.168.151.109, host: pr-hdds-2162-kpcbn-4093309294, networkLocation: /default-rack, certSerialId: null}84a4ae1f-463c-4c61-bca5-7a956502a9f9{ip: 192.168.151.109, host: pr-hdds-2162-kpcbn-4093309294, networkLocation: /default-rack, certSerialId: null}48f2d8fd-8c43-434b-a938-4578675caf55{ip: 192.168.151.109, host: pr-hdds-2162-kpcbn-4093309294, networkLocation: /default-rack, certSerialId: null}, Type:RATIS, Factor:THREE, State:OPEN]
2019-09-26 20:35:41,545 [Thread-291] INFO  impl.FollowerState (FollowerState.java:run(106)) - 6ca955d0-fbd7-4658-a5a5-f0aaa33d5ec1:group-94C086103DCA changes to CANDIDATE, lastRpcTime:1071, electionTimeout:1071ms
2019-09-26 20:35:41,545 [Thread-291] INFO  impl.RoleInfo (RoleInfo.java:shutdownFollowerState(121)) - 6ca955d0-fbd7-4658-a5a5-f0aaa33d5ec1: shutdown FollowerState
2019-09-26 20:35:41,545 [Thread-291] INFO  impl.RaftServerImpl (RaftServerImpl.java:setRole(174)) - 6ca955d0-fbd7-4658-a5a5-f0aaa33d5ec1@group-94C086103DCA: changes role from  FOLLOWER to CANDIDATE at term 0 for changeToCandidate
2019-09-26 20:35:41,546 [Thread-291] INFO  impl.RoleInfo (RoleInfo.java:updateAndGet(143)) - 6ca955d0-fbd7-4658-a5a5-f0aaa33d5ec1: start LeaderElection
2019-09-26 20:35:41,564 [6ca955d0-fbd7-4658-a5a5-f0aaa33d5ec1@group-94C086103DCA:LeaderElection3] INFO  impl.LeaderElection (LeaderElection.java:askForVotes(182)) - 6ca955d0-fbd7-4658-a5a5-f0aaa33d5ec1@group-94C086103DCA:LeaderElection3: begin an election at term 1 for -1: [6ca955d0-fbd7-4658-a5a5-f0aaa33d5ec1:192.168.151.109:36062], old=null
2019-09-26 20:35:41,566 [6ca955d0-fbd7-4658-a5a5-f0aaa33d5ec1@group-94C086103DCA:LeaderElection3] INFO  impl.RoleInfo (RoleInfo.java:shutdownLeaderElection(134)) - 6ca955d0-fbd7-4658-a5a5-f0aaa33d5ec1: shutdown LeaderElection
2019-09-26 20:35:41,566 [6ca955d0-fbd7-4658-a5a5-f0aaa33d5ec1@group-94C086103DCA:LeaderElection3] INFO  impl.RaftServerImpl (RaftServerImpl.java:setRole(174)) - 6ca955d0-fbd7-4658-a5a5-f0aaa33d5ec1@group-94C086103DCA: changes role from CANDIDATE to LEADER at term 1 for changeToLeader
2019-09-26 20:35:41,566 [6ca955d0-fbd7-4658-a5a5-f0aaa33d5ec1@group-94C086103DCA:LeaderElection3] INFO  impl.RaftServerImpl (ServerState.java:setLeader(253)) - 6ca955d0-fbd7-4658-a5a5-f0aaa33d5ec1@group-94C086103DCA: change Leader from null to 6ca955d0-fbd7-4658-a5a5-f0aaa33d5ec1 at term 1 for becomeLeader, leader elected after 1143ms
2019-09-26 20:35:41,566 [6ca955d0-fbd7-4658-a5a5-f0aaa33d5ec1@group-94C086103DCA:LeaderElection3] INFO  server.RaftServerConfigKeys (ConfUtils.java:logGet(43)) - raft.server.staging.catchup.gap = 1000 (default)
2019-09-26 20:35:41,566 [6ca955d0-fbd7-4658-a5a5-f0aaa33d5ec1@group-94C086103DCA:LeaderElection3] INFO  server.RaftServerConfigKeys (ConfUtils.java:logGet(43)) - raft.server.rpc.sleep.time = 25ms (default)
2019-09-26 20:35:41,566 [6ca955d0-fbd7-4658-a5a5-f0aaa33d5ec1@group-94C086103DCA:LeaderElection3] INFO  server.RaftServerConfigKeys (ConfUtils.java:logGet(43)) - raft.server.write.element-limit = 4096 (default)
2019-09-26 20:35:41,567 [6ca955d0-fbd7-4658-a5a5-f0aaa33d5ec1@group-94C086103DCA:LeaderElection3] INFO  server.RaftServerConfigKeys (ConfUtils.java:logGet(43)) - raft.server.watch.timeout = 10s (default)
2019-09-26 20:35:41,567 [6ca955d0-fbd7-4658-a5a5-f0aaa33d5ec1@group-94C086103DCA:LeaderElection3] INFO  server.RaftServerConfigKeys (ConfUtils.java:logGet(43)) - raft.server.watch.timeout.denomination = 1s (default)
2019-09-26 20:35:41,567 [6ca955d0-fbd7-4658-a5a5-f0aaa33d5ec1@group-94C086103DCA:LeaderElection3] INFO  server.RaftServerConfigKeys (ConfUtils.java:logGet(43)) - raft.server.watch.element-limit = 65536 (default)
2019-09-26 20:35:41,571 [6ca955d0-fbd7-4658-a5a5-f0aaa33d5ec1@group-94C086103DCA:LeaderElection3] INFO  impl.RoleInfo (RoleInfo.java:updateAndGet(143)) - 6ca955d0-fbd7-4658-a5a5-f0aaa33d5ec1: start LeaderState
2019-09-26 20:35:41,571 [6ca955d0-fbd7-4658-a5a5-f0aaa33d5ec1@group-94C086103DCA:LeaderElection3] INFO  segmented.SegmentedRaftLogWorker (SegmentedRaftLogWorker.java:startLogSegment(380)) - 6ca955d0-fbd7-4658-a5a5-f0aaa33d5ec1@group-94C086103DCA-SegmentedRaftLogWorker: Starting segment from index:0
2019-09-26 20:35:41,571 [6ca955d0-fbd7-4658-a5a5-f0aaa33d5ec1@group-94C086103DCA:LeaderElection3] INFO  impl.RaftServerImpl (ServerState.java:setRaftConf(354)) - 6ca955d0-fbd7-4658-a5a5-f0aaa33d5ec1@group-94C086103DCA: set configuration 0: [6ca955d0-fbd7-4658-a5a5-f0aaa33d5ec1:192.168.151.109:36062], old=null at 0
2019-09-26 20:35:41,688 [Thread-294] INFO  impl.FollowerState (FollowerState.java:run(106)) - eae3403e-0c87-43fb-a8fd-0fe2a75a4733:group-D9BCDF658D82 changes to CANDIDATE, lastRpcTime:1127, electionTimeout:1127ms
2019-09-26 20:35:41,689 [Thread-294] INFO  impl.RoleInfo (RoleInfo.java:shutdownFollowerState(121)) - eae3403e-0c87-43fb-a8fd-0fe2a75a4733: shutdown FollowerState
2019-09-26 20:35:41,689 [Thread-294] INFO  impl.RaftServerImpl (RaftServerImpl.java:setRole(174)) - eae3403e-0c87-43fb-a8fd-0fe2a75a4733@group-D9BCDF658D82: changes role from  FOLLOWER to CANDIDATE at term 0 for changeToCandidate
2019-09-26 20:35:41,689 [Thread-294] INFO  impl.RoleInfo (RoleInfo.java:updateAndGet(143)) - eae3403e-0c87-43fb-a8fd-0fe2a75a4733: start LeaderElection
2019-09-26 20:35:41,689 [490b5e00-bd97-4c2f-9bd2-555d2dbb1b28@group-491A1F0188A9-SegmentedRaftLogWorker] INFO  segmented.SegmentedRaftLogWorker (SegmentedRaftLogWorker.java:execute(569)) - 490b5e00-bd97-4c2f-9bd2-555d2dbb1b28@group-491A1F0188A9-SegmentedRaftLogWorker: created new log segment /workdir/hadoop-ozone/integration-test/target/test-dir/MiniOzoneClusterImpl-6b3e93c2-f638-46ca-bf75-ac80d5cb12e3/datanode-0/data/ratis/53a597ab-04d3-4590-9479-491a1f0188a9/current/log_inprogress_0
2019-09-26 20:35:41,689 [df489160-9035-493c-b28c-85e4df434e3a@group-C5DB180DDBE7-SegmentedRaftLogWorker] INFO  segmented.SegmentedRaftLogWorker (SegmentedRaftLogWorker.java:execute(569)) - df489160-9035-493c-b28c-85e4df434e3a@group-C5DB180DDBE7-SegmentedRaftLogWorker: created new log segment /workdir/hadoop-ozone/integration-test/target/test-dir/MiniOzoneClusterImpl-6b3e93c2-f638-46ca-bf75-ac80d5cb12e3/datanode-9/data/ratis/68a443b8-1698-45bd-bab6-c5db180ddbe7/current/log_inprogress_0
2019-09-26 20:35:41,689 [6ca955d0-fbd7-4658-a5a5-f0aaa33d5ec1@group-94C086103DCA-SegmentedRaftLogWorker] INFO  segmented.SegmentedRaftLogWorker (SegmentedRaftLogWorker.java:execute(569)) - 6ca955d0-fbd7-4658-a5a5-f0aaa33d5ec1@group-94C086103DCA-SegmentedRaftLogWorker: created new log segment /workdir/hadoop-ozone/integration-test/target/test-dir/MiniOzoneClusterImpl-6b3e93c2-f638-46ca-bf75-ac80d5cb12e3/datanode-2/data/ratis/7b2d6dad-0a29-49b4-b530-94c086103dca/current/log_inprogress_0
2019-09-26 20:35:41,709 [eae3403e-0c87-43fb-a8fd-0fe2a75a4733@group-D9BCDF658D82:LeaderElection4] INFO  impl.LeaderElection (LeaderElection.java:askForVotes(182)) - eae3403e-0c87-43fb-a8fd-0fe2a75a4733@group-D9BCDF658D82:LeaderElection4: begin an election at term 1 for -1: [eae3403e-0c87-43fb-a8fd-0fe2a75a4733:192.168.151.109:37973], old=null
2019-09-26 20:35:41,709 [eae3403e-0c87-43fb-a8fd-0fe2a75a4733@group-D9BCDF658D82:LeaderElection4] INFO  impl.RoleInfo (RoleInfo.java:shutdownLeaderElection(134)) - eae3403e-0c87-43fb-a8fd-0fe2a75a4733: shutdown LeaderElection
2019-09-26 20:35:41,709 [eae3403e-0c87-43fb-a8fd-0fe2a75a4733@group-D9BCDF658D82:LeaderElection4] INFO  impl.RaftServerImpl (RaftServerImpl.java:setRole(174)) - eae3403e-0c87-43fb-a8fd-0fe2a75a4733@group-D9BCDF658D82: changes role from CANDIDATE to LEADER at term 1 for changeToLeader
2019-09-26 20:35:41,709 [eae3403e-0c87-43fb-a8fd-0fe2a75a4733@group-D9BCDF658D82:LeaderElection4] INFO  impl.RaftServerImpl (ServerState.java:setLeader(253)) - eae3403e-0c87-43fb-a8fd-0fe2a75a4733@group-D9BCDF658D82: change Leader from null to eae3403e-0c87-43fb-a8fd-0fe2a75a4733 at term 1 for becomeLeader, leader elected after 1164ms
2019-09-26 20:35:41,710 [eae3403e-0c87-43fb-a8fd-0fe2a75a4733@group-D9BCDF658D82:LeaderElection4] INFO  server.RaftServerConfigKeys (ConfUtils.java:logGet(43)) - raft.server.staging.catchup.gap = 1000 (default)
2019-09-26 20:35:41,710 [eae3403e-0c87-43fb-a8fd-0fe2a75a4733@group-D9BCDF658D82:LeaderElection4] INFO  server.RaftServerConfigKeys (ConfUtils.java:logGet(43)) - raft.server.rpc.sleep.time = 25ms (default)
2019-09-26 20:35:41,710 [eae3403e-0c87-43fb-a8fd-0fe2a75a4733@group-D9BCDF658D82:LeaderElection4] INFO  server.RaftServerConfigKeys (ConfUtils.java:logGet(43)) - raft.server.write.element-limit = 4096 (default)
2019-09-26 20:35:41,710 [eae3403e-0c87-43fb-a8fd-0fe2a75a4733@group-D9BCDF658D82:LeaderElection4] INFO  server.RaftServerConfigKeys (ConfUtils.java:logGet(43)) - raft.server.watch.timeout = 10s (default)
2019-09-26 20:35:41,710 [eae3403e-0c87-43fb-a8fd-0fe2a75a4733@group-D9BCDF658D82:LeaderElection4] INFO  server.RaftServerConfigKeys (ConfUtils.java:logGet(43)) - raft.server.watch.timeout.denomination = 1s (default)
2019-09-26 20:35:41,710 [eae3403e-0c87-43fb-a8fd-0fe2a75a4733@group-D9BCDF658D82:LeaderElection4] INFO  server.RaftServerConfigKeys (ConfUtils.java:logGet(43)) - raft.server.watch.element-limit = 65536 (default)
2019-09-26 20:35:41,715 [eae3403e-0c87-43fb-a8fd-0fe2a75a4733@group-D9BCDF658D82:LeaderElection4] INFO  impl.RoleInfo (RoleInfo.java:updateAndGet(143)) - eae3403e-0c87-43fb-a8fd-0fe2a75a4733: start LeaderState
2019-09-26 20:35:41,715 [eae3403e-0c87-43fb-a8fd-0fe2a75a4733@group-D9BCDF658D82:LeaderElection4] INFO  segmented.SegmentedRaftLogWorker (SegmentedRaftLogWorker.java:startLogSegment(380)) - eae3403e-0c87-43fb-a8fd-0fe2a75a4733@group-D9BCDF658D82-SegmentedRaftLogWorker: Starting segment from index:0
2019-09-26 20:35:41,716 [eae3403e-0c87-43fb-a8fd-0fe2a75a4733@group-D9BCDF658D82:LeaderElection4] INFO  impl.RaftServerImpl (ServerState.java:setRaftConf(354)) - eae3403e-0c87-43fb-a8fd-0fe2a75a4733@group-D9BCDF658D82: set configuration 0: [eae3403e-0c87-43fb-a8fd-0fe2a75a4733:192.168.151.109:37973], old=null at 0
2019-09-26 20:35:41,759 [eae3403e-0c87-43fb-a8fd-0fe2a75a4733@group-D9BCDF658D82-SegmentedRaftLogWorker] INFO  segmented.SegmentedRaftLogWorker (SegmentedRaftLogWorker.java:execute(569)) - eae3403e-0c87-43fb-a8fd-0fe2a75a4733@group-D9BCDF658D82-SegmentedRaftLogWorker: created new log segment /workdir/hadoop-ozone/integration-test/target/test-dir/MiniOzoneClusterImpl-6b3e93c2-f638-46ca-bf75-ac80d5cb12e3/datanode-1/data/ratis/22be7d31-0e85-45e1-bf2d-d9bcdf658d82/current/log_inprogress_0
2019-09-26 20:35:41,762 [Thread-300] INFO  impl.FollowerState (FollowerState.java:run(106)) - 7be77de1-68b9-4fa7-bda6-3bc381ab23ad:group-56577A030567 changes to CANDIDATE, lastRpcTime:1022, electionTimeout:1022ms
2019-09-26 20:35:41,762 [Thread-300] INFO  impl.RoleInfo (RoleInfo.java:shutdownFollowerState(121)) - 7be77de1-68b9-4fa7-bda6-3bc381ab23ad: shutdown FollowerState
2019-09-26 20:35:41,762 [Thread-300] INFO  impl.RaftServerImpl (RaftServerImpl.java:setRole(174)) - 7be77de1-68b9-4fa7-bda6-3bc381ab23ad@group-56577A030567: changes role from  FOLLOWER to CANDIDATE at term 0 for changeToCandidate
2019-09-26 20:35:41,763 [Thread-300] INFO  impl.RoleInfo (RoleInfo.java:updateAndGet(143)) - 7be77de1-68b9-4fa7-bda6-3bc381ab23ad: start LeaderElection
2019-09-26 20:35:41,780 [7be77de1-68b9-4fa7-bda6-3bc381ab23ad@group-56577A030567:LeaderElection5] INFO  impl.LeaderElection (LeaderElection.java:askForVotes(182)) - 7be77de1-68b9-4fa7-bda6-3bc381ab23ad@group-56577A030567:LeaderElection5: begin an election at term 1 for -1: [7be77de1-68b9-4fa7-bda6-3bc381ab23ad:192.168.151.109:37592], old=null
2019-09-26 20:35:41,781 [7be77de1-68b9-4fa7-bda6-3bc381ab23ad@group-56577A030567:LeaderElection5] INFO  impl.RoleInfo (RoleInfo.java:shutdownLeaderElection(134)) - 7be77de1-68b9-4fa7-bda6-3bc381ab23ad: shutdown LeaderElection
2019-09-26 20:35:41,781 [7be77de1-68b9-4fa7-bda6-3bc381ab23ad@group-56577A030567:LeaderElection5] INFO  impl.RaftServerImpl (RaftServerImpl.java:setRole(174)) - 7be77de1-68b9-4fa7-bda6-3bc381ab23ad@group-56577A030567: changes role from CANDIDATE to LEADER at term 1 for changeToLeader
2019-09-26 20:35:41,781 [7be77de1-68b9-4fa7-bda6-3bc381ab23ad@group-56577A030567:LeaderElection5] INFO  impl.RaftServerImpl (ServerState.java:setLeader(253)) - 7be77de1-68b9-4fa7-bda6-3bc381ab23ad@group-56577A030567: change Leader from null to 7be77de1-68b9-4fa7-bda6-3bc381ab23ad at term 1 for becomeLeader, leader elected after 1051ms
2019-09-26 20:35:41,781 [7be77de1-68b9-4fa7-bda6-3bc381ab23ad@group-56577A030567:LeaderElection5] INFO  server.RaftServerConfigKeys (ConfUtils.java:logGet(43)) - raft.server.staging.catchup.gap = 1000 (default)
2019-09-26 20:35:41,781 [7be77de1-68b9-4fa7-bda6-3bc381ab23ad@group-56577A030567:LeaderElection5] INFO  server.RaftServerConfigKeys (ConfUtils.java:logGet(43)) - raft.server.rpc.sleep.time = 25ms (default)
2019-09-26 20:35:41,781 [7be77de1-68b9-4fa7-bda6-3bc381ab23ad@group-56577A030567:LeaderElection5] INFO  server.RaftServerConfigKeys (ConfUtils.java:logGet(43)) - raft.server.write.element-limit = 4096 (default)
2019-09-26 20:35:41,782 [7be77de1-68b9-4fa7-bda6-3bc381ab23ad@group-56577A030567:LeaderElection5] INFO  server.RaftServerConfigKeys (ConfUtils.java:logGet(43)) - raft.server.watch.timeout = 10s (default)
2019-09-26 20:35:41,782 [7be77de1-68b9-4fa7-bda6-3bc381ab23ad@group-56577A030567:LeaderElection5] INFO  server.RaftServerConfigKeys (ConfUtils.java:logGet(43)) - raft.server.watch.timeout.denomination = 1s (default)
2019-09-26 20:35:41,782 [7be77de1-68b9-4fa7-bda6-3bc381ab23ad@group-56577A030567:LeaderElection5] INFO  server.RaftServerConfigKeys (ConfUtils.java:logGet(43)) - raft.server.watch.element-limit = 65536 (default)
2019-09-26 20:35:41,785 [7be77de1-68b9-4fa7-bda6-3bc381ab23ad@group-56577A030567:LeaderElection5] INFO  impl.RoleInfo (RoleInfo.java:updateAndGet(143)) - 7be77de1-68b9-4fa7-bda6-3bc381ab23ad: start LeaderState
2019-09-26 20:35:41,785 [7be77de1-68b9-4fa7-bda6-3bc381ab23ad@group-56577A030567:LeaderElection5] INFO  segmented.SegmentedRaftLogWorker (SegmentedRaftLogWorker.java:startLogSegment(380)) - 7be77de1-68b9-4fa7-bda6-3bc381ab23ad@group-56577A030567-SegmentedRaftLogWorker: Starting segment from index:0
2019-09-26 20:35:41,785 [7be77de1-68b9-4fa7-bda6-3bc381ab23ad@group-56577A030567:LeaderElection5] INFO  impl.RaftServerImpl (ServerState.java:setRaftConf(354)) - 7be77de1-68b9-4fa7-bda6-3bc381ab23ad@group-56577A030567: set configuration 0: [7be77de1-68b9-4fa7-bda6-3bc381ab23ad:192.168.151.109:37592], old=null at 0
2019-09-26 20:35:41,822 [Thread-297] INFO  impl.FollowerState (FollowerState.java:run(106)) - 84f5564a-e18f-45f7-9b57-d0986cf90ae8:group-5D0387DC8D56 changes to CANDIDATE, lastRpcTime:1164, electionTimeout:1164ms
2019-09-26 20:35:41,822 [Thread-297] INFO  impl.RoleInfo (RoleInfo.java:shutdownFollowerState(121)) - 84f5564a-e18f-45f7-9b57-d0986cf90ae8: shutdown FollowerState
2019-09-26 20:35:41,822 [Thread-297] INFO  impl.RaftServerImpl (RaftServerImpl.java:setRole(174)) - 84f5564a-e18f-45f7-9b57-d0986cf90ae8@group-5D0387DC8D56: changes role from  FOLLOWER to CANDIDATE at term 0 for changeToCandidate
2019-09-26 20:35:41,823 [Thread-297] INFO  impl.RoleInfo (RoleInfo.java:updateAndGet(143)) - 84f5564a-e18f-45f7-9b57-d0986cf90ae8: start LeaderElection
2019-09-26 20:35:41,832 [7be77de1-68b9-4fa7-bda6-3bc381ab23ad@group-56577A030567-SegmentedRaftLogWorker] INFO  segmented.SegmentedRaftLogWorker (SegmentedRaftLogWorker.java:execute(569)) - 7be77de1-68b9-4fa7-bda6-3bc381ab23ad@group-56577A030567-SegmentedRaftLogWorker: created new log segment /workdir/hadoop-ozone/integration-test/target/test-dir/MiniOzoneClusterImpl-6b3e93c2-f638-46ca-bf75-ac80d5cb12e3/datanode-3/data/ratis/aa277605-93d9-4d98-bab7-56577a030567/current/log_inprogress_0
2019-09-26 20:35:41,832 [84f5564a-e18f-45f7-9b57-d0986cf90ae8@group-5D0387DC8D56:LeaderElection6] INFO  impl.LeaderElection (LeaderElection.java:askForVotes(182)) - 84f5564a-e18f-45f7-9b57-d0986cf90ae8@group-5D0387DC8D56:LeaderElection6: begin an election at term 1 for -1: [84f5564a-e18f-45f7-9b57-d0986cf90ae8:192.168.151.109:38925], old=null
2019-09-26 20:35:41,832 [84f5564a-e18f-45f7-9b57-d0986cf90ae8@group-5D0387DC8D56:LeaderElection6] INFO  impl.RoleInfo (RoleInfo.java:shutdownLeaderElection(134)) - 84f5564a-e18f-45f7-9b57-d0986cf90ae8: shutdown LeaderElection
2019-09-26 20:35:41,832 [84f5564a-e18f-45f7-9b57-d0986cf90ae8@group-5D0387DC8D56:LeaderElection6] INFO  impl.RaftServerImpl (RaftServerImpl.java:setRole(174)) - 84f5564a-e18f-45f7-9b57-d0986cf90ae8@group-5D0387DC8D56: changes role from CANDIDATE to LEADER at term 1 for changeToLeader
2019-09-26 20:35:41,833 [84f5564a-e18f-45f7-9b57-d0986cf90ae8@group-5D0387DC8D56:LeaderElection6] INFO  impl.RaftServerImpl (ServerState.java:setLeader(253)) - 84f5564a-e18f-45f7-9b57-d0986cf90ae8@group-5D0387DC8D56: change Leader from null to 84f5564a-e18f-45f7-9b57-d0986cf90ae8 at term 1 for becomeLeader, leader elected after 1190ms
2019-09-26 20:35:41,833 [84f5564a-e18f-45f7-9b57-d0986cf90ae8@group-5D0387DC8D56:LeaderElection6] INFO  server.RaftServerConfigKeys (ConfUtils.java:logGet(43)) - raft.server.staging.catchup.gap = 1000 (default)
2019-09-26 20:35:41,833 [84f5564a-e18f-45f7-9b57-d0986cf90ae8@group-5D0387DC8D56:LeaderElection6] INFO  server.RaftServerConfigKeys (ConfUtils.java:logGet(43)) - raft.server.rpc.sleep.time = 25ms (default)
2019-09-26 20:35:41,833 [84f5564a-e18f-45f7-9b57-d0986cf90ae8@group-5D0387DC8D56:LeaderElection6] INFO  server.RaftServerConfigKeys (ConfUtils.java:logGet(43)) - raft.server.write.element-limit = 4096 (default)
2019-09-26 20:35:41,833 [84f5564a-e18f-45f7-9b57-d0986cf90ae8@group-5D0387DC8D56:LeaderElection6] INFO  server.RaftServerConfigKeys (ConfUtils.java:logGet(43)) - raft.server.watch.timeout = 10s (default)
2019-09-26 20:35:41,833 [84f5564a-e18f-45f7-9b57-d0986cf90ae8@group-5D0387DC8D56:LeaderElection6] INFO  server.RaftServerConfigKeys (ConfUtils.java:logGet(43)) - raft.server.watch.timeout.denomination = 1s (default)
2019-09-26 20:35:41,833 [84f5564a-e18f-45f7-9b57-d0986cf90ae8@group-5D0387DC8D56:LeaderElection6] INFO  server.RaftServerConfigKeys (ConfUtils.java:logGet(43)) - raft.server.watch.element-limit = 65536 (default)
2019-09-26 20:35:41,836 [84f5564a-e18f-45f7-9b57-d0986cf90ae8@group-5D0387DC8D56:LeaderElection6] INFO  impl.RoleInfo (RoleInfo.java:updateAndGet(143)) - 84f5564a-e18f-45f7-9b57-d0986cf90ae8: start LeaderState
2019-09-26 20:35:41,836 [84f5564a-e18f-45f7-9b57-d0986cf90ae8@group-5D0387DC8D56:LeaderElection6] INFO  segmented.SegmentedRaftLogWorker (SegmentedRaftLogWorker.java:startLogSegment(380)) - 84f5564a-e18f-45f7-9b57-d0986cf90ae8@group-5D0387DC8D56-SegmentedRaftLogWorker: Starting segment from index:0
2019-09-26 20:35:41,837 [84f5564a-e18f-45f7-9b57-d0986cf90ae8@group-5D0387DC8D56:LeaderElection6] INFO  impl.RaftServerImpl (ServerState.java:setRaftConf(354)) - 84f5564a-e18f-45f7-9b57-d0986cf90ae8@group-5D0387DC8D56: set configuration 0: [84f5564a-e18f-45f7-9b57-d0986cf90ae8:192.168.151.109:38925], old=null at 0
2019-09-26 20:35:41,887 [84f5564a-e18f-45f7-9b57-d0986cf90ae8@group-5D0387DC8D56-SegmentedRaftLogWorker] INFO  segmented.SegmentedRaftLogWorker (SegmentedRaftLogWorker.java:execute(569)) - 84f5564a-e18f-45f7-9b57-d0986cf90ae8@group-5D0387DC8D56-SegmentedRaftLogWorker: created new log segment /workdir/hadoop-ozone/integration-test/target/test-dir/MiniOzoneClusterImpl-6b3e93c2-f638-46ca-bf75-ac80d5cb12e3/datanode-8/data/ratis/62b6daa1-96c5-49b8-8236-5d0387dc8d56/current/log_inprogress_0
2019-09-26 20:35:41,890 [Thread-303] INFO  impl.FollowerState (FollowerState.java:run(106)) - 4ffb8afb-4e86-451a-87a3-e5da03a730ae:group-1092F2E66437 changes to CANDIDATE, lastRpcTime:1069, electionTimeout:1069ms
2019-09-26 20:35:41,890 [Thread-303] INFO  impl.RoleInfo (RoleInfo.java:shutdownFollowerState(121)) - 4ffb8afb-4e86-451a-87a3-e5da03a730ae: shutdown FollowerState
2019-09-26 20:35:41,890 [Thread-303] INFO  impl.RaftServerImpl (RaftServerImpl.java:setRole(174)) - 4ffb8afb-4e86-451a-87a3-e5da03a730ae@group-1092F2E66437: changes role from  FOLLOWER to CANDIDATE at term 0 for changeToCandidate
2019-09-26 20:35:41,891 [Thread-303] INFO  impl.RoleInfo (RoleInfo.java:updateAndGet(143)) - 4ffb8afb-4e86-451a-87a3-e5da03a730ae: start LeaderElection
2019-09-26 20:35:41,901 [4ffb8afb-4e86-451a-87a3-e5da03a730ae@group-1092F2E66437:LeaderElection7] INFO  impl.LeaderElection (LeaderElection.java:askForVotes(182)) - 4ffb8afb-4e86-451a-87a3-e5da03a730ae@group-1092F2E66437:LeaderElection7: begin an election at term 1 for -1: [4ffb8afb-4e86-451a-87a3-e5da03a730ae:192.168.151.109:34155], old=null
2019-09-26 20:35:41,901 [4ffb8afb-4e86-451a-87a3-e5da03a730ae@group-1092F2E66437:LeaderElection7] INFO  impl.RoleInfo (RoleInfo.java:shutdownLeaderElection(134)) - 4ffb8afb-4e86-451a-87a3-e5da03a730ae: shutdown LeaderElection
2019-09-26 20:35:41,901 [4ffb8afb-4e86-451a-87a3-e5da03a730ae@group-1092F2E66437:LeaderElection7] INFO  impl.RaftServerImpl (RaftServerImpl.java:setRole(174)) - 4ffb8afb-4e86-451a-87a3-e5da03a730ae@group-1092F2E66437: changes role from CANDIDATE to LEADER at term 1 for changeToLeader
2019-09-26 20:35:41,902 [4ffb8afb-4e86-451a-87a3-e5da03a730ae@group-1092F2E66437:LeaderElection7] INFO  impl.RaftServerImpl (ServerState.java:setLeader(253)) - 4ffb8afb-4e86-451a-87a3-e5da03a730ae@group-1092F2E66437: change Leader from null to 4ffb8afb-4e86-451a-87a3-e5da03a730ae at term 1 for becomeLeader, leader elected after 1092ms
2019-09-26 20:35:41,902 [4ffb8afb-4e86-451a-87a3-e5da03a730ae@group-1092F2E66437:LeaderElection7] INFO  server.RaftServerConfigKeys (ConfUtils.java:logGet(43)) - raft.server.staging.catchup.gap = 1000 (default)
2019-09-26 20:35:41,902 [4ffb8afb-4e86-451a-87a3-e5da03a730ae@group-1092F2E66437:LeaderElection7] INFO  server.RaftServerConfigKeys (ConfUtils.java:logGet(43)) - raft.server.rpc.sleep.time = 25ms (default)
2019-09-26 20:35:41,902 [4ffb8afb-4e86-451a-87a3-e5da03a730ae@group-1092F2E66437:LeaderElection7] INFO  server.RaftServerConfigKeys (ConfUtils.java:logGet(43)) - raft.server.write.element-limit = 4096 (default)
2019-09-26 20:35:41,902 [4ffb8afb-4e86-451a-87a3-e5da03a730ae@group-1092F2E66437:LeaderElection7] INFO  server.RaftServerConfigKeys (ConfUtils.java:logGet(43)) - raft.server.watch.timeout = 10s (default)
2019-09-26 20:35:41,903 [4ffb8afb-4e86-451a-87a3-e5da03a730ae@group-1092F2E66437:LeaderElection7] INFO  server.RaftServerConfigKeys (ConfUtils.java:logGet(43)) - raft.server.watch.timeout.denomination = 1s (default)
2019-09-26 20:35:41,903 [4ffb8afb-4e86-451a-87a3-e5da03a730ae@group-1092F2E66437:LeaderElection7] INFO  server.RaftServerConfigKeys (ConfUtils.java:logGet(43)) - raft.server.watch.element-limit = 65536 (default)
2019-09-26 20:35:41,906 [4ffb8afb-4e86-451a-87a3-e5da03a730ae@group-1092F2E66437:LeaderElection7] INFO  impl.RoleInfo (RoleInfo.java:updateAndGet(143)) - 4ffb8afb-4e86-451a-87a3-e5da03a730ae: start LeaderState
2019-09-26 20:35:41,906 [4ffb8afb-4e86-451a-87a3-e5da03a730ae@group-1092F2E66437:LeaderElection7] INFO  segmented.SegmentedRaftLogWorker (SegmentedRaftLogWorker.java:startLogSegment(380)) - 4ffb8afb-4e86-451a-87a3-e5da03a730ae@group-1092F2E66437-SegmentedRaftLogWorker: Starting segment from index:0
2019-09-26 20:35:41,906 [4ffb8afb-4e86-451a-87a3-e5da03a730ae@group-1092F2E66437:LeaderElection7] INFO  impl.RaftServerImpl (ServerState.java:setRaftConf(354)) - 4ffb8afb-4e86-451a-87a3-e5da03a730ae@group-1092F2E66437: set configuration 0: [4ffb8afb-4e86-451a-87a3-e5da03a730ae:192.168.151.109:34155], old=null at 0
2019-09-26 20:35:41,958 [4ffb8afb-4e86-451a-87a3-e5da03a730ae@group-1092F2E66437-SegmentedRaftLogWorker] INFO  segmented.SegmentedRaftLogWorker (SegmentedRaftLogWorker.java:execute(569)) - 4ffb8afb-4e86-451a-87a3-e5da03a730ae@group-1092F2E66437-SegmentedRaftLogWorker: created new log segment /workdir/hadoop-ozone/integration-test/target/test-dir/MiniOzoneClusterImpl-6b3e93c2-f638-46ca-bf75-ac80d5cb12e3/datanode-4/data/ratis/39669108-5cab-41ac-a4b2-1092f2e66437/current/log_inprogress_0
2019-09-26 20:35:42,067 [Thread-309] INFO  impl.FollowerState (FollowerState.java:run(106)) - 84a4ae1f-463c-4c61-bca5-7a956502a9f9:group-981F75239113 changes to CANDIDATE, lastRpcTime:1081, electionTimeout:1081ms
2019-09-26 20:35:42,068 [Thread-309] INFO  impl.RoleInfo (RoleInfo.java:shutdownFollowerState(121)) - 84a4ae1f-463c-4c61-bca5-7a956502a9f9: shutdown FollowerState
2019-09-26 20:35:42,068 [Thread-309] INFO  impl.RaftServerImpl (RaftServerImpl.java:setRole(174)) - 84a4ae1f-463c-4c61-bca5-7a956502a9f9@group-981F75239113: changes role from  FOLLOWER to CANDIDATE at term 0 for changeToCandidate
2019-09-26 20:35:42,068 [Thread-309] INFO  impl.RoleInfo (RoleInfo.java:updateAndGet(143)) - 84a4ae1f-463c-4c61-bca5-7a956502a9f9: start LeaderElection
2019-09-26 20:35:42,075 [Thread-306] INFO  impl.FollowerState (FollowerState.java:run(106)) - e6ea3787-7b5b-467a-894e-3363ddf5ac49:group-2CCCD796DEF5 changes to CANDIDATE, lastRpcTime:1167, electionTimeout:1167ms
2019-09-26 20:35:42,075 [Thread-306] INFO  impl.RoleInfo (RoleInfo.java:shutdownFollowerState(121)) - e6ea3787-7b5b-467a-894e-3363ddf5ac49: shutdown FollowerState
2019-09-26 20:35:42,076 [Thread-306] INFO  impl.RaftServerImpl (RaftServerImpl.java:setRole(174)) - e6ea3787-7b5b-467a-894e-3363ddf5ac49@group-2CCCD796DEF5: changes role from  FOLLOWER to CANDIDATE at term 0 for changeToCandidate
2019-09-26 20:35:42,076 [Thread-306] INFO  impl.RoleInfo (RoleInfo.java:updateAndGet(143)) - e6ea3787-7b5b-467a-894e-3363ddf5ac49: start LeaderElection
2019-09-26 20:35:42,087 [84a4ae1f-463c-4c61-bca5-7a956502a9f9@group-981F75239113:LeaderElection8] INFO  impl.LeaderElection (LeaderElection.java:askForVotes(182)) - 84a4ae1f-463c-4c61-bca5-7a956502a9f9@group-981F75239113:LeaderElection8: begin an election at term 1 for -1: [84a4ae1f-463c-4c61-bca5-7a956502a9f9:192.168.151.109:41745], old=null
2019-09-26 20:35:42,087 [e6ea3787-7b5b-467a-894e-3363ddf5ac49@group-2CCCD796DEF5:LeaderElection9] INFO  impl.LeaderElection (LeaderElection.java:askForVotes(182)) - e6ea3787-7b5b-467a-894e-3363ddf5ac49@group-2CCCD796DEF5:LeaderElection9: begin an election at term 1 for -1: [e6ea3787-7b5b-467a-894e-3363ddf5ac49:192.168.151.109:35936], old=null
2019-09-26 20:35:42,087 [84a4ae1f-463c-4c61-bca5-7a956502a9f9@group-981F75239113:LeaderElection8] INFO  impl.RoleInfo (RoleInfo.java:shutdownLeaderElection(134)) - 84a4ae1f-463c-4c61-bca5-7a956502a9f9: shutdown LeaderElection
2019-09-26 20:35:42,087 [e6ea3787-7b5b-467a-894e-3363ddf5ac49@group-2CCCD796DEF5:LeaderElection9] INFO  impl.RoleInfo (RoleInfo.java:shutdownLeaderElection(134)) - e6ea3787-7b5b-467a-894e-3363ddf5ac49: shutdown LeaderElection
2019-09-26 20:35:42,087 [84a4ae1f-463c-4c61-bca5-7a956502a9f9@group-981F75239113:LeaderElection8] INFO  impl.RaftServerImpl (RaftServerImpl.java:setRole(174)) - 84a4ae1f-463c-4c61-bca5-7a956502a9f9@group-981F75239113: changes role from CANDIDATE to LEADER at term 1 for changeToLeader
2019-09-26 20:35:42,087 [e6ea3787-7b5b-467a-894e-3363ddf5ac49@group-2CCCD796DEF5:LeaderElection9] INFO  impl.RaftServerImpl (RaftServerImpl.java:setRole(174)) - e6ea3787-7b5b-467a-894e-3363ddf5ac49@group-2CCCD796DEF5: changes role from CANDIDATE to LEADER at term 1 for changeToLeader
2019-09-26 20:35:42,088 [84a4ae1f-463c-4c61-bca5-7a956502a9f9@group-981F75239113:LeaderElection8] INFO  impl.RaftServerImpl (ServerState.java:setLeader(253)) - 84a4ae1f-463c-4c61-bca5-7a956502a9f9@group-981F75239113: change Leader from null to 84a4ae1f-463c-4c61-bca5-7a956502a9f9 at term 1 for becomeLeader, leader elected after 1109ms
2019-09-26 20:35:42,088 [e6ea3787-7b5b-467a-894e-3363ddf5ac49@group-2CCCD796DEF5:LeaderElection9] INFO  impl.RaftServerImpl (ServerState.java:setLeader(253)) - e6ea3787-7b5b-467a-894e-3363ddf5ac49@group-2CCCD796DEF5: change Leader from null to e6ea3787-7b5b-467a-894e-3363ddf5ac49 at term 1 for becomeLeader, leader elected after 1189ms
2019-09-26 20:35:42,088 [84a4ae1f-463c-4c61-bca5-7a956502a9f9@group-981F75239113:LeaderElection8] INFO  server.RaftServerConfigKeys (ConfUtils.java:logGet(43)) - raft.server.staging.catchup.gap = 1000 (default)
2019-09-26 20:35:42,088 [e6ea3787-7b5b-467a-894e-3363ddf5ac49@group-2CCCD796DEF5:LeaderElection9] INFO  server.RaftServerConfigKeys (ConfUtils.java:logGet(43)) - raft.server.staging.catchup.gap = 1000 (default)
2019-09-26 20:35:42,088 [84a4ae1f-463c-4c61-bca5-7a956502a9f9@group-981F75239113:LeaderElection8] INFO  server.RaftServerConfigKeys (ConfUtils.java:logGet(43)) - raft.server.rpc.sleep.time = 25ms (default)
2019-09-26 20:35:42,088 [e6ea3787-7b5b-467a-894e-3363ddf5ac49@group-2CCCD796DEF5:LeaderElection9] INFO  server.RaftServerConfigKeys (ConfUtils.java:logGet(43)) - raft.server.rpc.sleep.time = 25ms (default)
2019-09-26 20:35:42,088 [84a4ae1f-463c-4c61-bca5-7a956502a9f9@group-981F75239113:LeaderElection8] INFO  server.RaftServerConfigKeys (ConfUtils.java:logGet(43)) - raft.server.write.element-limit = 4096 (default)
2019-09-26 20:35:42,089 [e6ea3787-7b5b-467a-894e-3363ddf5ac49@group-2CCCD796DEF5:LeaderElection9] INFO  server.RaftServerConfigKeys (ConfUtils.java:logGet(43)) - raft.server.write.element-limit = 4096 (default)
2019-09-26 20:35:42,089 [84a4ae1f-463c-4c61-bca5-7a956502a9f9@group-981F75239113:LeaderElection8] INFO  server.RaftServerConfigKeys (ConfUtils.java:logGet(43)) - raft.server.watch.timeout = 10s (default)
2019-09-26 20:35:42,089 [e6ea3787-7b5b-467a-894e-3363ddf5ac49@group-2CCCD796DEF5:LeaderElection9] INFO  server.RaftServerConfigKeys (ConfUtils.java:logGet(43)) - raft.server.watch.timeout = 10s (default)
2019-09-26 20:35:42,089 [84a4ae1f-463c-4c61-bca5-7a956502a9f9@group-981F75239113:LeaderElection8] INFO  server.RaftServerConfigKeys (ConfUtils.java:logGet(43)) - raft.server.watch.timeout.denomination = 1s (default)
2019-09-26 20:35:42,089 [e6ea3787-7b5b-467a-894e-3363ddf5ac49@group-2CCCD796DEF5:LeaderElection9] INFO  server.RaftServerConfigKeys (ConfUtils.java:logGet(43)) - raft.server.watch.timeout.denomination = 1s (default)
2019-09-26 20:35:42,089 [84a4ae1f-463c-4c61-bca5-7a956502a9f9@group-981F75239113:LeaderElection8] INFO  server.RaftServerConfigKeys (ConfUtils.java:logGet(43)) - raft.server.watch.element-limit = 65536 (default)
2019-09-26 20:35:42,089 [e6ea3787-7b5b-467a-894e-3363ddf5ac49@group-2CCCD796DEF5:LeaderElection9] INFO  server.RaftServerConfigKeys (ConfUtils.java:logGet(43)) - raft.server.watch.element-limit = 65536 (default)
2019-09-26 20:35:42,093 [84a4ae1f-463c-4c61-bca5-7a956502a9f9@group-981F75239113:LeaderElection8] INFO  impl.RoleInfo (RoleInfo.java:updateAndGet(143)) - 84a4ae1f-463c-4c61-bca5-7a956502a9f9: start LeaderState
2019-09-26 20:35:42,093 [84a4ae1f-463c-4c61-bca5-7a956502a9f9@group-981F75239113:LeaderElection8] INFO  segmented.SegmentedRaftLogWorker (SegmentedRaftLogWorker.java:startLogSegment(380)) - 84a4ae1f-463c-4c61-bca5-7a956502a9f9@group-981F75239113-SegmentedRaftLogWorker: Starting segment from index:0
2019-09-26 20:35:42,093 [e6ea3787-7b5b-467a-894e-3363ddf5ac49@group-2CCCD796DEF5:LeaderElection9] INFO  impl.RoleInfo (RoleInfo.java:updateAndGet(143)) - e6ea3787-7b5b-467a-894e-3363ddf5ac49: start LeaderState
2019-09-26 20:35:42,093 [e6ea3787-7b5b-467a-894e-3363ddf5ac49@group-2CCCD796DEF5:LeaderElection9] INFO  segmented.SegmentedRaftLogWorker (SegmentedRaftLogWorker.java:startLogSegment(380)) - e6ea3787-7b5b-467a-894e-3363ddf5ac49@group-2CCCD796DEF5-SegmentedRaftLogWorker: Starting segment from index:0
2019-09-26 20:35:42,094 [84a4ae1f-463c-4c61-bca5-7a956502a9f9@group-981F75239113:LeaderElection8] INFO  impl.RaftServerImpl (ServerState.java:setRaftConf(354)) - 84a4ae1f-463c-4c61-bca5-7a956502a9f9@group-981F75239113: set configuration 0: [84a4ae1f-463c-4c61-bca5-7a956502a9f9:192.168.151.109:41745], old=null at 0
2019-09-26 20:35:42,128 [Thread-312] INFO  impl.FollowerState (FollowerState.java:run(106)) - 48f2d8fd-8c43-434b-a938-4578675caf55:group-DBD180A91FF6 changes to CANDIDATE, lastRpcTime:1052, electionTimeout:1047ms
2019-09-26 20:35:42,129 [e6ea3787-7b5b-467a-894e-3363ddf5ac49@group-2CCCD796DEF5:LeaderElection9] INFO  impl.RaftServerImpl (ServerState.java:setRaftConf(354)) - e6ea3787-7b5b-467a-894e-3363ddf5ac49@group-2CCCD796DEF5: set configuration 0: [e6ea3787-7b5b-467a-894e-3363ddf5ac49:192.168.151.109:35936], old=null at 0
2019-09-26 20:35:42,129 [Thread-312] INFO  impl.RoleInfo (RoleInfo.java:shutdownFollowerState(121)) - 48f2d8fd-8c43-434b-a938-4578675caf55: shutdown FollowerState
2019-09-26 20:35:42,129 [Thread-312] INFO  impl.RaftServerImpl (RaftServerImpl.java:setRole(174)) - 48f2d8fd-8c43-434b-a938-4578675caf55@group-DBD180A91FF6: changes role from  FOLLOWER to CANDIDATE at term 0 for changeToCandidate
2019-09-26 20:35:42,167 [84a4ae1f-463c-4c61-bca5-7a956502a9f9@group-981F75239113-SegmentedRaftLogWorker] INFO  segmented.SegmentedRaftLogWorker (SegmentedRaftLogWorker.java:execute(569)) - 84a4ae1f-463c-4c61-bca5-7a956502a9f9@group-981F75239113-SegmentedRaftLogWorker: created new log segment /workdir/hadoop-ozone/integration-test/target/test-dir/MiniOzoneClusterImpl-6b3e93c2-f638-46ca-bf75-ac80d5cb12e3/datanode-6/data/ratis/6fa3d656-8f54-47ca-8ada-981f75239113/current/log_inprogress_0
2019-09-26 20:35:42,168 [Thread-312] INFO  impl.RoleInfo (RoleInfo.java:updateAndGet(143)) - 48f2d8fd-8c43-434b-a938-4578675caf55: start LeaderElection
2019-09-26 20:35:42,180 [e6ea3787-7b5b-467a-894e-3363ddf5ac49@group-2CCCD796DEF5-SegmentedRaftLogWorker] INFO  segmented.SegmentedRaftLogWorker (SegmentedRaftLogWorker.java:execute(569)) - e6ea3787-7b5b-467a-894e-3363ddf5ac49@group-2CCCD796DEF5-SegmentedRaftLogWorker: created new log segment /workdir/hadoop-ozone/integration-test/target/test-dir/MiniOzoneClusterImpl-6b3e93c2-f638-46ca-bf75-ac80d5cb12e3/datanode-5/data/ratis/9fc5b84a-0721-4677-a568-2cccd796def5/current/log_inprogress_0
2019-09-26 20:35:42,180 [48f2d8fd-8c43-434b-a938-4578675caf55@group-DBD180A91FF6:LeaderElection10] INFO  impl.LeaderElection (LeaderElection.java:askForVotes(182)) - 48f2d8fd-8c43-434b-a938-4578675caf55@group-DBD180A91FF6:LeaderElection10: begin an election at term 1 for -1: [48f2d8fd-8c43-434b-a938-4578675caf55:192.168.151.109:42280], old=null
2019-09-26 20:35:42,180 [48f2d8fd-8c43-434b-a938-4578675caf55@group-DBD180A91FF6:LeaderElection10] INFO  impl.RoleInfo (RoleInfo.java:shutdownLeaderElection(134)) - 48f2d8fd-8c43-434b-a938-4578675caf55: shutdown LeaderElection
2019-09-26 20:35:42,181 [48f2d8fd-8c43-434b-a938-4578675caf55@group-DBD180A91FF6:LeaderElection10] INFO  impl.RaftServerImpl (RaftServerImpl.java:setRole(174)) - 48f2d8fd-8c43-434b-a938-4578675caf55@group-DBD180A91FF6: changes role from CANDIDATE to LEADER at term 1 for changeToLeader
2019-09-26 20:35:42,181 [48f2d8fd-8c43-434b-a938-4578675caf55@group-DBD180A91FF6:LeaderElection10] INFO  impl.RaftServerImpl (ServerState.java:setLeader(253)) - 48f2d8fd-8c43-434b-a938-4578675caf55@group-DBD180A91FF6: change Leader from null to 48f2d8fd-8c43-434b-a938-4578675caf55 at term 1 for becomeLeader, leader elected after 1114ms
2019-09-26 20:35:42,181 [48f2d8fd-8c43-434b-a938-4578675caf55@group-DBD180A91FF6:LeaderElection10] INFO  server.RaftServerConfigKeys (ConfUtils.java:logGet(43)) - raft.server.staging.catchup.gap = 1000 (default)
2019-09-26 20:35:42,181 [48f2d8fd-8c43-434b-a938-4578675caf55@group-DBD180A91FF6:LeaderElection10] INFO  server.RaftServerConfigKeys (ConfUtils.java:logGet(43)) - raft.server.rpc.sleep.time = 25ms (default)
2019-09-26 20:35:42,181 [48f2d8fd-8c43-434b-a938-4578675caf55@group-DBD180A91FF6:LeaderElection10] INFO  server.RaftServerConfigKeys (ConfUtils.java:logGet(43)) - raft.server.write.element-limit = 4096 (default)
2019-09-26 20:35:42,182 [48f2d8fd-8c43-434b-a938-4578675caf55@group-DBD180A91FF6:LeaderElection10] INFO  server.RaftServerConfigKeys (ConfUtils.java:logGet(43)) - raft.server.watch.timeout = 10s (default)
2019-09-26 20:35:42,182 [48f2d8fd-8c43-434b-a938-4578675caf55@group-DBD180A91FF6:LeaderElection10] INFO  server.RaftServerConfigKeys (ConfUtils.java:logGet(43)) - raft.server.watch.timeout.denomination = 1s (default)
2019-09-26 20:35:42,182 [48f2d8fd-8c43-434b-a938-4578675caf55@group-DBD180A91FF6:LeaderElection10] INFO  server.RaftServerConfigKeys (ConfUtils.java:logGet(43)) - raft.server.watch.element-limit = 65536 (default)
2019-09-26 20:35:42,185 [48f2d8fd-8c43-434b-a938-4578675caf55@group-DBD180A91FF6:LeaderElection10] INFO  impl.RoleInfo (RoleInfo.java:updateAndGet(143)) - 48f2d8fd-8c43-434b-a938-4578675caf55: start LeaderState
2019-09-26 20:35:42,185 [48f2d8fd-8c43-434b-a938-4578675caf55@group-DBD180A91FF6:LeaderElection10] INFO  segmented.SegmentedRaftLogWorker (SegmentedRaftLogWorker.java:startLogSegment(380)) - 48f2d8fd-8c43-434b-a938-4578675caf55@group-DBD180A91FF6-SegmentedRaftLogWorker: Starting segment from index:0
2019-09-26 20:35:42,186 [48f2d8fd-8c43-434b-a938-4578675caf55@group-DBD180A91FF6:LeaderElection10] INFO  impl.RaftServerImpl (ServerState.java:setRaftConf(354)) - 48f2d8fd-8c43-434b-a938-4578675caf55@group-DBD180A91FF6: set configuration 0: [48f2d8fd-8c43-434b-a938-4578675caf55:192.168.151.109:42280], old=null at 0
2019-09-26 20:35:42,237 [48f2d8fd-8c43-434b-a938-4578675caf55@group-DBD180A91FF6-SegmentedRaftLogWorker] INFO  segmented.SegmentedRaftLogWorker (SegmentedRaftLogWorker.java:execute(569)) - 48f2d8fd-8c43-434b-a938-4578675caf55@group-DBD180A91FF6-SegmentedRaftLogWorker: created new log segment /workdir/hadoop-ozone/integration-test/target/test-dir/MiniOzoneClusterImpl-6b3e93c2-f638-46ca-bf75-ac80d5cb12e3/datanode-7/data/ratis/1fadc81c-753f-420a-bc42-dbd180a91ff6/current/log_inprogress_0
2019-09-26 20:35:42,289 [Thread-317] INFO  impl.FollowerState (FollowerState.java:run(106)) - 6ca955d0-fbd7-4658-a5a5-f0aaa33d5ec1:group-B2E4CA7B7F81 changes to CANDIDATE, lastRpcTime:1034, electionTimeout:1034ms
2019-09-26 20:35:42,289 [Thread-317] INFO  impl.RoleInfo (RoleInfo.java:shutdownFollowerState(121)) - 6ca955d0-fbd7-4658-a5a5-f0aaa33d5ec1: shutdown FollowerState
2019-09-26 20:35:42,289 [Thread-317] INFO  impl.RaftServerImpl (RaftServerImpl.java:setRole(174)) - 6ca955d0-fbd7-4658-a5a5-f0aaa33d5ec1@group-B2E4CA7B7F81: changes role from  FOLLOWER to CANDIDATE at term 0 for changeToCandidate
2019-09-26 20:35:42,289 [Thread-317] INFO  impl.RoleInfo (RoleInfo.java:updateAndGet(143)) - 6ca955d0-fbd7-4658-a5a5-f0aaa33d5ec1: start LeaderElection
2019-09-26 20:35:42,306 [6ca955d0-fbd7-4658-a5a5-f0aaa33d5ec1@group-B2E4CA7B7F81:LeaderElection11] INFO  impl.LeaderElection (LeaderElection.java:askForVotes(182)) - 6ca955d0-fbd7-4658-a5a5-f0aaa33d5ec1@group-B2E4CA7B7F81:LeaderElection11: begin an election at term 1 for -1: [df489160-9035-493c-b28c-85e4df434e3a:192.168.151.109:37092, 6ca955d0-fbd7-4658-a5a5-f0aaa33d5ec1:192.168.151.109:36062, eae3403e-0c87-43fb-a8fd-0fe2a75a4733:192.168.151.109:37973], old=null
2019-09-26 20:35:42,314 [Thread-283] INFO  container.ReplicationManager (ReplicationManager.java:start(162)) - Starting Replication Monitor Thread.
2019-09-26 20:35:42,327 [ReplicationMonitor] INFO  container.ReplicationManager (ReplicationManager.java:run(225)) - Replication Monitor Thread took 1 milliseconds for processing 0 containers.
2019-09-26 20:35:42,342 [Thread-320] INFO  impl.FollowerState (FollowerState.java:run(106)) - df489160-9035-493c-b28c-85e4df434e3a:group-B2E4CA7B7F81 changes to CANDIDATE, lastRpcTime:1084, electionTimeout:1073ms
2019-09-26 20:35:42,345 [Thread-320] INFO  impl.RoleInfo (RoleInfo.java:shutdownFollowerState(121)) - df489160-9035-493c-b28c-85e4df434e3a: shutdown FollowerState
2019-09-26 20:35:42,345 [Thread-320] INFO  impl.RaftServerImpl (RaftServerImpl.java:setRole(174)) - df489160-9035-493c-b28c-85e4df434e3a@group-B2E4CA7B7F81: changes role from  FOLLOWER to CANDIDATE at term 0 for changeToCandidate
2019-09-26 20:35:42,345 [Thread-320] INFO  impl.RoleInfo (RoleInfo.java:updateAndGet(143)) - df489160-9035-493c-b28c-85e4df434e3a: start LeaderElection
2019-09-26 20:35:42,357 [grpc-default-executor-2] INFO  impl.RaftServerImpl (RaftServerImpl.java:setRole(174)) - eae3403e-0c87-43fb-a8fd-0fe2a75a4733@group-B2E4CA7B7F81: changes role from  FOLLOWER to FOLLOWER at term 1 for recognizeCandidate:6ca955d0-fbd7-4658-a5a5-f0aaa33d5ec1
2019-09-26 20:35:42,357 [grpc-default-executor-2] INFO  impl.RoleInfo (RoleInfo.java:shutdownFollowerState(121)) - eae3403e-0c87-43fb-a8fd-0fe2a75a4733: shutdown FollowerState
2019-09-26 20:35:42,357 [grpc-default-executor-2] INFO  impl.RoleInfo (RoleInfo.java:updateAndGet(143)) - eae3403e-0c87-43fb-a8fd-0fe2a75a4733: start FollowerState
2019-09-26 20:35:42,357 [Thread-319] INFO  impl.FollowerState (FollowerState.java:run(115)) - eae3403e-0c87-43fb-a8fd-0fe2a75a4733: FollowerState was interrupted: java.lang.InterruptedException: sleep interrupted
2019-09-26 20:35:42,367 [df489160-9035-493c-b28c-85e4df434e3a@group-B2E4CA7B7F81:LeaderElection12] INFO  impl.LeaderElection (LeaderElection.java:askForVotes(182)) - df489160-9035-493c-b28c-85e4df434e3a@group-B2E4CA7B7F81:LeaderElection12: begin an election at term 1 for -1: [df489160-9035-493c-b28c-85e4df434e3a:192.168.151.109:37092, 6ca955d0-fbd7-4658-a5a5-f0aaa33d5ec1:192.168.151.109:36062, eae3403e-0c87-43fb-a8fd-0fe2a75a4733:192.168.151.109:37973], old=null
2019-09-26 20:35:42,389 [6ca955d0-fbd7-4658-a5a5-f0aaa33d5ec1@group-B2E4CA7B7F81:LeaderElection11] INFO  impl.LeaderElection (LeaderElection.java:logAndReturn(56)) - 6ca955d0-fbd7-4658-a5a5-f0aaa33d5ec1@group-B2E4CA7B7F81:LeaderElection11: Election PASSED; received 2 response(s) [6ca955d0-fbd7-4658-a5a5-f0aaa33d5ec1<-df489160-9035-493c-b28c-85e4df434e3a#0:FAIL-t1, 6ca955d0-fbd7-4658-a5a5-f0aaa33d5ec1<-eae3403e-0c87-43fb-a8fd-0fe2a75a4733#0:OK-t1] and 0 exception(s); 6ca955d0-fbd7-4658-a5a5-f0aaa33d5ec1@group-B2E4CA7B7F81:t1, leader=null, voted=6ca955d0-fbd7-4658-a5a5-f0aaa33d5ec1, raftlog=6ca955d0-fbd7-4658-a5a5-f0aaa33d5ec1@group-B2E4CA7B7F81-SegmentedRaftLog:OPENED:c-1,f-1,i0, conf=-1: [df489160-9035-493c-b28c-85e4df434e3a:192.168.151.109:37092, 6ca955d0-fbd7-4658-a5a5-f0aaa33d5ec1:192.168.151.109:36062, eae3403e-0c87-43fb-a8fd-0fe2a75a4733:192.168.151.109:37973], old=null
2019-09-26 20:35:42,389 [6ca955d0-fbd7-4658-a5a5-f0aaa33d5ec1@group-B2E4CA7B7F81:LeaderElection11] INFO  impl.RoleInfo (RoleInfo.java:shutdownLeaderElection(134)) - 6ca955d0-fbd7-4658-a5a5-f0aaa33d5ec1: shutdown LeaderElection
2019-09-26 20:35:42,389 [6ca955d0-fbd7-4658-a5a5-f0aaa33d5ec1@group-B2E4CA7B7F81:LeaderElection11] INFO  impl.RaftServerImpl (RaftServerImpl.java:setRole(174)) - 6ca955d0-fbd7-4658-a5a5-f0aaa33d5ec1@group-B2E4CA7B7F81: changes role from CANDIDATE to LEADER at term 1 for changeToLeader
2019-09-26 20:35:42,389 [6ca955d0-fbd7-4658-a5a5-f0aaa33d5ec1@group-B2E4CA7B7F81:LeaderElection11] INFO  impl.RaftServerImpl (ServerState.java:setLeader(253)) - 6ca955d0-fbd7-4658-a5a5-f0aaa33d5ec1@group-B2E4CA7B7F81: change Leader from null to 6ca955d0-fbd7-4658-a5a5-f0aaa33d5ec1 at term 1 for becomeLeader, leader elected after 1227ms
2019-09-26 20:35:42,392 [6ca955d0-fbd7-4658-a5a5-f0aaa33d5ec1@group-B2E4CA7B7F81:LeaderElection11] INFO  server.RaftServerConfigKeys (ConfUtils.java:logGet(43)) - raft.server.staging.catchup.gap = 1000 (default)
2019-09-26 20:35:42,392 [6ca955d0-fbd7-4658-a5a5-f0aaa33d5ec1@group-B2E4CA7B7F81:LeaderElection11] INFO  server.RaftServerConfigKeys (ConfUtils.java:logGet(43)) - raft.server.rpc.sleep.time = 25ms (default)
2019-09-26 20:35:42,392 [6ca955d0-fbd7-4658-a5a5-f0aaa33d5ec1@group-B2E4CA7B7F81:LeaderElection11] INFO  server.RaftServerConfigKeys (ConfUtils.java:logGet(43)) - raft.server.write.element-limit = 4096 (default)
2019-09-26 20:35:42,393 [6ca955d0-fbd7-4658-a5a5-f0aaa33d5ec1@group-B2E4CA7B7F81:LeaderElection11] INFO  server.RaftServerConfigKeys (ConfUtils.java:logGet(43)) - raft.server.watch.timeout = 10s (default)
2019-09-26 20:35:42,393 [6ca955d0-fbd7-4658-a5a5-f0aaa33d5ec1@group-B2E4CA7B7F81:LeaderElection11] INFO  server.RaftServerConfigKeys (ConfUtils.java:logGet(43)) - raft.server.watch.timeout.denomination = 1s (default)
2019-09-26 20:35:42,393 [6ca955d0-fbd7-4658-a5a5-f0aaa33d5ec1@group-B2E4CA7B7F81:LeaderElection11] INFO  server.RaftServerConfigKeys (ConfUtils.java:logGet(43)) - raft.server.watch.element-limit = 65536 (default)
2019-09-26 20:35:42,409 [6ca955d0-fbd7-4658-a5a5-f0aaa33d5ec1@group-B2E4CA7B7F81:LeaderElection11] INFO  server.RaftServerConfigKeys (ConfUtils.java:logGet(43)) - raft.server.log.appender.snapshot.chunk.size.max = 16MB (=16777216) (default)
2019-09-26 20:35:42,409 [6ca955d0-fbd7-4658-a5a5-f0aaa33d5ec1@group-B2E4CA7B7F81:LeaderElection11] INFO  server.RaftServerConfigKeys (ConfUtils.java:logGet(43)) - raft.server.log.appender.buffer.byte-limit = 33554432 (custom)
2019-09-26 20:35:42,410 [6ca955d0-fbd7-4658-a5a5-f0aaa33d5ec1@group-B2E4CA7B7F81:LeaderElection11] INFO  server.RaftServerConfigKeys (ConfUtils.java:logGet(43)) - raft.server.log.appender.buffer.element-limit = 1 (custom)
2019-09-26 20:35:42,413 [6ca955d0-fbd7-4658-a5a5-f0aaa33d5ec1@group-B2E4CA7B7F81:LeaderElection11] INFO  grpc.GrpcConfigKeys$Server (ConfUtils.java:logGet(43)) - raft.grpc.server.leader.outstanding.appends.max = 128 (default)
2019-09-26 20:35:42,416 [6ca955d0-fbd7-4658-a5a5-f0aaa33d5ec1@group-B2E4CA7B7F81:LeaderElection11] INFO  server.RaftServerConfigKeys (ConfUtils.java:logGet(43)) - raft.server.rpc.request.timeout = 3000ms (default)
2019-09-26 20:35:42,416 [6ca955d0-fbd7-4658-a5a5-f0aaa33d5ec1@group-B2E4CA7B7F81:LeaderElection11] INFO  server.RaftServerConfigKeys (ConfUtils.java:logGet(43)) - raft.server.log.appender.install.snapshot.enabled = false (custom)
2019-09-26 20:35:42,417 [6ca955d0-fbd7-4658-a5a5-f0aaa33d5ec1@group-B2E4CA7B7F81:LeaderElection11] INFO  server.RaftServerConfigKeys (ConfUtils.java:logGet(43)) - raft.server.log.appender.snapshot.chunk.size.max = 16MB (=16777216) (default)
2019-09-26 20:35:42,417 [6ca955d0-fbd7-4658-a5a5-f0aaa33d5ec1@group-B2E4CA7B7F81:LeaderElection11] INFO  server.RaftServerConfigKeys (ConfUtils.java:logGet(43)) - raft.server.log.appender.buffer.byte-limit = 33554432 (custom)
2019-09-26 20:35:42,417 [6ca955d0-fbd7-4658-a5a5-f0aaa33d5ec1@group-B2E4CA7B7F81:LeaderElection11] INFO  server.RaftServerConfigKeys (ConfUtils.java:logGet(43)) - raft.server.log.appender.buffer.element-limit = 1 (custom)
2019-09-26 20:35:42,418 [6ca955d0-fbd7-4658-a5a5-f0aaa33d5ec1@group-B2E4CA7B7F81:LeaderElection11] INFO  grpc.GrpcConfigKeys$Server (ConfUtils.java:logGet(43)) - raft.grpc.server.leader.outstanding.appends.max = 128 (default)
2019-09-26 20:35:42,418 [6ca955d0-fbd7-4658-a5a5-f0aaa33d5ec1@group-B2E4CA7B7F81:LeaderElection11] INFO  server.RaftServerConfigKeys (ConfUtils.java:logGet(43)) - raft.server.rpc.request.timeout = 3000ms (default)
2019-09-26 20:35:42,418 [6ca955d0-fbd7-4658-a5a5-f0aaa33d5ec1@group-B2E4CA7B7F81:LeaderElection11] INFO  server.RaftServerConfigKeys (ConfUtils.java:logGet(43)) - raft.server.log.appender.install.snapshot.enabled = false (custom)
2019-09-26 20:35:42,421 [6ca955d0-fbd7-4658-a5a5-f0aaa33d5ec1@group-B2E4CA7B7F81:LeaderElection11] INFO  impl.RoleInfo (RoleInfo.java:updateAndGet(143)) - 6ca955d0-fbd7-4658-a5a5-f0aaa33d5ec1: start LeaderState
2019-09-26 20:35:42,421 [6ca955d0-fbd7-4658-a5a5-f0aaa33d5ec1@group-B2E4CA7B7F81:LeaderElection11] INFO  segmented.SegmentedRaftLogWorker (SegmentedRaftLogWorker.java:startLogSegment(380)) - 6ca955d0-fbd7-4658-a5a5-f0aaa33d5ec1@group-B2E4CA7B7F81-SegmentedRaftLogWorker: Starting segment from index:0
2019-09-26 20:35:42,422 [6ca955d0-fbd7-4658-a5a5-f0aaa33d5ec1@group-B2E4CA7B7F81:LeaderElection11] INFO  impl.RaftServerImpl (ServerState.java:setRaftConf(354)) - 6ca955d0-fbd7-4658-a5a5-f0aaa33d5ec1@group-B2E4CA7B7F81: set configuration 0: [df489160-9035-493c-b28c-85e4df434e3a:192.168.151.109:37092, 6ca955d0-fbd7-4658-a5a5-f0aaa33d5ec1:192.168.151.109:36062, eae3403e-0c87-43fb-a8fd-0fe2a75a4733:192.168.151.109:37973], old=null at 0
2019-09-26 20:35:42,456 [grpc-default-executor-1] INFO  impl.RaftServerImpl (RaftServerImpl.java:requestVote(758)) - 6ca955d0-fbd7-4658-a5a5-f0aaa33d5ec1@group-B2E4CA7B7F81-   LEADER: Withhold vote from candidate df489160-9035-493c-b28c-85e4df434e3a with term 1. State: leader=6ca955d0-fbd7-4658-a5a5-f0aaa33d5ec1, term=1, lastRpcElapsed=null
2019-09-26 20:35:42,464 [Thread-330] INFO  impl.FollowerState (FollowerState.java:run(106)) - 4ffb8afb-4e86-451a-87a3-e5da03a730ae:group-2B008C0CF2EB changes to CANDIDATE, lastRpcTime:1039, electionTimeout:1037ms
2019-09-26 20:35:42,464 [Thread-330] INFO  impl.RoleInfo (RoleInfo.java:shutdownFollowerState(121)) - 4ffb8afb-4e86-451a-87a3-e5da03a730ae: shutdown FollowerState
2019-09-26 20:35:42,464 [Thread-330] INFO  impl.RaftServerImpl (RaftServerImpl.java:setRole(174)) - 4ffb8afb-4e86-451a-87a3-e5da03a730ae@group-2B008C0CF2EB: changes role from  FOLLOWER to CANDIDATE at term 0 for changeToCandidate
2019-09-26 20:35:42,466 [Thread-330] INFO  impl.RoleInfo (RoleInfo.java:updateAndGet(143)) - 4ffb8afb-4e86-451a-87a3-e5da03a730ae: start LeaderElection
2019-09-26 20:35:42,469 [6ca955d0-fbd7-4658-a5a5-f0aaa33d5ec1@group-B2E4CA7B7F81-SegmentedRaftLogWorker] INFO  segmented.SegmentedRaftLogWorker (SegmentedRaftLogWorker.java:execute(569)) - 6ca955d0-fbd7-4658-a5a5-f0aaa33d5ec1@group-B2E4CA7B7F81-SegmentedRaftLogWorker: created new log segment /workdir/hadoop-ozone/integration-test/target/test-dir/MiniOzoneClusterImpl-6b3e93c2-f638-46ca-bf75-ac80d5cb12e3/datanode-2/data/ratis/f172516d-9018-4ba2-8967-b2e4ca7b7f81/current/log_inprogress_0
2019-09-26 20:35:42,475 [df489160-9035-493c-b28c-85e4df434e3a@group-B2E4CA7B7F81:LeaderElection12] INFO  impl.LeaderElection (LeaderElection.java:logAndReturn(56)) - df489160-9035-493c-b28c-85e4df434e3a@group-B2E4CA7B7F81:LeaderElection12: Election REJECTED; received 2 response(s) [df489160-9035-493c-b28c-85e4df434e3a<-eae3403e-0c87-43fb-a8fd-0fe2a75a4733#0:FAIL-t1, df489160-9035-493c-b28c-85e4df434e3a<-6ca955d0-fbd7-4658-a5a5-f0aaa33d5ec1#0:FAIL-t1] and 0 exception(s); df489160-9035-493c-b28c-85e4df434e3a@group-B2E4CA7B7F81:t1, leader=null, voted=df489160-9035-493c-b28c-85e4df434e3a, raftlog=df489160-9035-493c-b28c-85e4df434e3a@group-B2E4CA7B7F81-SegmentedRaftLog:OPENED:c-1,f-1,i0, conf=-1: [df489160-9035-493c-b28c-85e4df434e3a:192.168.151.109:37092, 6ca955d0-fbd7-4658-a5a5-f0aaa33d5ec1:192.168.151.109:36062, eae3403e-0c87-43fb-a8fd-0fe2a75a4733:192.168.151.109:37973], old=null
2019-09-26 20:35:42,476 [df489160-9035-493c-b28c-85e4df434e3a@group-B2E4CA7B7F81:LeaderElection12] INFO  impl.RaftServerImpl (RaftServerImpl.java:setRole(174)) - df489160-9035-493c-b28c-85e4df434e3a@group-B2E4CA7B7F81: changes role from CANDIDATE to FOLLOWER at term 1 for DISCOVERED_A_NEW_TERM
2019-09-26 20:35:42,478 [df489160-9035-493c-b28c-85e4df434e3a@group-B2E4CA7B7F81:LeaderElection12] INFO  impl.RoleInfo (RoleInfo.java:shutdownLeaderElection(134)) - df489160-9035-493c-b28c-85e4df434e3a: shutdown LeaderElection
2019-09-26 20:35:42,478 [df489160-9035-493c-b28c-85e4df434e3a@group-B2E4CA7B7F81:LeaderElection12] INFO  impl.RoleInfo (RoleInfo.java:updateAndGet(143)) - df489160-9035-493c-b28c-85e4df434e3a: start FollowerState
2019-09-26 20:35:42,504 [Thread-334] INFO  impl.FollowerState (FollowerState.java:run(106)) - 84f5564a-e18f-45f7-9b57-d0986cf90ae8:group-2B008C0CF2EB changes to CANDIDATE, lastRpcTime:1055, electionTimeout:1048ms
2019-09-26 20:35:42,506 [4ffb8afb-4e86-451a-87a3-e5da03a730ae@group-2B008C0CF2EB:LeaderElection13] INFO  impl.LeaderElection (LeaderElection.java:askForVotes(182)) - 4ffb8afb-4e86-451a-87a3-e5da03a730ae@group-2B008C0CF2EB:LeaderElection13: begin an election at term 1 for -1: [4ffb8afb-4e86-451a-87a3-e5da03a730ae:192.168.151.109:34155, 7be77de1-68b9-4fa7-bda6-3bc381ab23ad:192.168.151.109:37592, 84f5564a-e18f-45f7-9b57-d0986cf90ae8:192.168.151.109:38925], old=null
2019-09-26 20:35:42,528 [Thread-334] INFO  impl.RoleInfo (RoleInfo.java:shutdownFollowerState(121)) - 84f5564a-e18f-45f7-9b57-d0986cf90ae8: shutdown FollowerState
2019-09-26 20:35:42,529 [Thread-334] INFO  impl.RaftServerImpl (RaftServerImpl.java:setRole(174)) - 84f5564a-e18f-45f7-9b57-d0986cf90ae8@group-2B008C0CF2EB: changes role from  FOLLOWER to CANDIDATE at term 0 for changeToCandidate
2019-09-26 20:35:42,532 [grpc-default-executor-1] INFO  impl.RaftServerImpl (ServerState.java:setLeader(253)) - eae3403e-0c87-43fb-a8fd-0fe2a75a4733@group-B2E4CA7B7F81: change Leader from null to 6ca955d0-fbd7-4658-a5a5-f0aaa33d5ec1 at term 1 for appendEntries, leader elected after 1370ms
2019-09-26 20:35:42,534 [main] INFO  ipc.Client (Client.java:handleConnectionFailure(948)) - Retrying connect to server: localhost/127.0.0.1:0. Already tried 0 time(s); retry policy is RetryUpToMaximumCountWithFixedSleep(maxRetries=10, sleepTime=1000 MILLISECONDS)
2019-09-26 20:35:42,551 [grpc-default-executor-3] INFO  impl.RaftServerImpl (ServerState.java:setLeader(253)) - df489160-9035-493c-b28c-85e4df434e3a@group-B2E4CA7B7F81: change Leader from null to 6ca955d0-fbd7-4658-a5a5-f0aaa33d5ec1 at term 1 for appendEntries, leader elected after 1388ms
2019-09-26 20:35:42,551 [Thread-334] INFO  impl.RoleInfo (RoleInfo.java:updateAndGet(143)) - 84f5564a-e18f-45f7-9b57-d0986cf90ae8: start LeaderElection
2019-09-26 20:35:42,562 [Thread-342] INFO  impl.FollowerState (FollowerState.java:run(106)) - 84a4ae1f-463c-4c61-bca5-7a956502a9f9:group-6F2CE06E8226 changes to CANDIDATE, lastRpcTime:1036, electionTimeout:1034ms
2019-09-26 20:35:42,562 [Thread-342] INFO  impl.RoleInfo (RoleInfo.java:shutdownFollowerState(121)) - 84a4ae1f-463c-4c61-bca5-7a956502a9f9: shutdown FollowerState
2019-09-26 20:35:42,565 [Thread-342] INFO  impl.RaftServerImpl (RaftServerImpl.java:setRole(174)) - 84a4ae1f-463c-4c61-bca5-7a956502a9f9@group-6F2CE06E8226: changes role from  FOLLOWER to CANDIDATE at term 0 for changeToCandidate
2019-09-26 20:35:42,565 [Thread-342] INFO  impl.RoleInfo (RoleInfo.java:updateAndGet(143)) - 84a4ae1f-463c-4c61-bca5-7a956502a9f9: start LeaderElection
2019-09-26 20:35:42,574 [Thread-332] INFO  impl.FollowerState (FollowerState.java:run(106)) - 7be77de1-68b9-4fa7-bda6-3bc381ab23ad:group-2B008C0CF2EB changes to CANDIDATE, lastRpcTime:1144, electionTimeout:1142ms
2019-09-26 20:35:42,577 [Thread-332] INFO  impl.RoleInfo (RoleInfo.java:shutdownFollowerState(121)) - 7be77de1-68b9-4fa7-bda6-3bc381ab23ad: shutdown FollowerState
2019-09-26 20:35:42,586 [Thread-332] INFO  impl.RaftServerImpl (RaftServerImpl.java:setRole(174)) - 7be77de1-68b9-4fa7-bda6-3bc381ab23ad@group-2B008C0CF2EB: changes role from  FOLLOWER to CANDIDATE at term 0 for changeToCandidate
2019-09-26 20:35:42,587 [Thread-332] INFO  impl.RoleInfo (RoleInfo.java:updateAndGet(143)) - 7be77de1-68b9-4fa7-bda6-3bc381ab23ad: start LeaderElection
2019-09-26 20:35:42,587 [84f5564a-e18f-45f7-9b57-d0986cf90ae8@group-2B008C0CF2EB:LeaderElection14] INFO  impl.LeaderElection (LeaderElection.java:askForVotes(182)) - 84f5564a-e18f-45f7-9b57-d0986cf90ae8@group-2B008C0CF2EB:LeaderElection14: begin an election at term 1 for -1: [4ffb8afb-4e86-451a-87a3-e5da03a730ae:192.168.151.109:34155, 7be77de1-68b9-4fa7-bda6-3bc381ab23ad:192.168.151.109:37592, 84f5564a-e18f-45f7-9b57-d0986cf90ae8:192.168.151.109:38925], old=null
2019-09-26 20:35:42,609 [84a4ae1f-463c-4c61-bca5-7a956502a9f9@group-6F2CE06E8226:LeaderElection15] INFO  impl.LeaderElection (LeaderElection.java:askForVotes(182)) - 84a4ae1f-463c-4c61-bca5-7a956502a9f9@group-6F2CE06E8226:LeaderElection15: begin an election at term 1 for -1: [48f2d8fd-8c43-434b-a938-4578675caf55:192.168.151.109:42280, 84a4ae1f-463c-4c61-bca5-7a956502a9f9:192.168.151.109:41745, e6ea3787-7b5b-467a-894e-3363ddf5ac49:192.168.151.109:35936], old=null
2019-09-26 20:35:42,609 [7be77de1-68b9-4fa7-bda6-3bc381ab23ad@group-2B008C0CF2EB:LeaderElection16] INFO  impl.LeaderElection (LeaderElection.java:askForVotes(182)) - 7be77de1-68b9-4fa7-bda6-3bc381ab23ad@group-2B008C0CF2EB:LeaderElection16: begin an election at term 1 for -1: [4ffb8afb-4e86-451a-87a3-e5da03a730ae:192.168.151.109:34155, 7be77de1-68b9-4fa7-bda6-3bc381ab23ad:192.168.151.109:37592, 84f5564a-e18f-45f7-9b57-d0986cf90ae8:192.168.151.109:38925], old=null
2019-09-26 20:35:42,625 [Thread-341] INFO  impl.FollowerState (FollowerState.java:run(106)) - 48f2d8fd-8c43-434b-a938-4578675caf55:group-6F2CE06E8226 changes to CANDIDATE, lastRpcTime:1099, electionTimeout:1097ms
2019-09-26 20:35:42,627 [Thread-341] INFO  impl.RoleInfo (RoleInfo.java:shutdownFollowerState(121)) - 48f2d8fd-8c43-434b-a938-4578675caf55: shutdown FollowerState
2019-09-26 20:35:42,627 [Thread-341] INFO  impl.RaftServerImpl (RaftServerImpl.java:setRole(174)) - 48f2d8fd-8c43-434b-a938-4578675caf55@group-6F2CE06E8226: changes role from  FOLLOWER to CANDIDATE at term 0 for changeToCandidate
2019-09-26 20:35:42,629 [Thread-341] INFO  impl.RoleInfo (RoleInfo.java:updateAndGet(143)) - 48f2d8fd-8c43-434b-a938-4578675caf55: start LeaderElection
2019-09-26 20:35:42,671 [Thread-339] INFO  impl.FollowerState (FollowerState.java:run(106)) - e6ea3787-7b5b-467a-894e-3363ddf5ac49:group-6F2CE06E8226 changes to CANDIDATE, lastRpcTime:1147, electionTimeout:1134ms
2019-09-26 20:35:42,672 [Thread-339] INFO  impl.RoleInfo (RoleInfo.java:shutdownFollowerState(121)) - e6ea3787-7b5b-467a-894e-3363ddf5ac49: shutdown FollowerState
2019-09-26 20:35:42,672 [Thread-339] INFO  impl.RaftServerImpl (RaftServerImpl.java:setRole(174)) - e6ea3787-7b5b-467a-894e-3363ddf5ac49@group-6F2CE06E8226: changes role from  FOLLOWER to CANDIDATE at term 0 for changeToCandidate
2019-09-26 20:35:42,691 [48f2d8fd-8c43-434b-a938-4578675caf55@group-6F2CE06E8226:LeaderElection17] INFO  impl.LeaderElection (LeaderElection.java:askForVotes(182)) - 48f2d8fd-8c43-434b-a938-4578675caf55@group-6F2CE06E8226:LeaderElection17: begin an election at term 1 for -1: [48f2d8fd-8c43-434b-a938-4578675caf55:192.168.151.109:42280, 84a4ae1f-463c-4c61-bca5-7a956502a9f9:192.168.151.109:41745, e6ea3787-7b5b-467a-894e-3363ddf5ac49:192.168.151.109:35936], old=null
2019-09-26 20:35:42,693 [Thread-339] INFO  impl.RoleInfo (RoleInfo.java:updateAndGet(143)) - e6ea3787-7b5b-467a-894e-3363ddf5ac49: start LeaderElection
2019-09-26 20:35:42,713 [grpc-default-executor-1] INFO  impl.RaftServerImpl (ServerState.java:setRaftConf(354)) - df489160-9035-493c-b28c-85e4df434e3a@group-B2E4CA7B7F81: set configuration 0: [df489160-9035-493c-b28c-85e4df434e3a:192.168.151.109:37092, 6ca955d0-fbd7-4658-a5a5-f0aaa33d5ec1:192.168.151.109:36062, eae3403e-0c87-43fb-a8fd-0fe2a75a4733:192.168.151.109:37973], old=null at 0
2019-09-26 20:35:42,713 [grpc-default-executor-1] INFO  segmented.SegmentedRaftLogWorker (SegmentedRaftLogWorker.java:startLogSegment(380)) - df489160-9035-493c-b28c-85e4df434e3a@group-B2E4CA7B7F81-SegmentedRaftLogWorker: Starting segment from index:0
2019-09-26 20:35:42,714 [e6ea3787-7b5b-467a-894e-3363ddf5ac49@group-6F2CE06E8226:LeaderElection18] INFO  impl.LeaderElection (LeaderElection.java:askForVotes(182)) - e6ea3787-7b5b-467a-894e-3363ddf5ac49@group-6F2CE06E8226:LeaderElection18: begin an election at term 1 for -1: [48f2d8fd-8c43-434b-a938-4578675caf55:192.168.151.109:42280, 84a4ae1f-463c-4c61-bca5-7a956502a9f9:192.168.151.109:41745, e6ea3787-7b5b-467a-894e-3363ddf5ac49:192.168.151.109:35936], old=null
2019-09-26 20:35:42,780 [df489160-9035-493c-b28c-85e4df434e3a@group-B2E4CA7B7F81-SegmentedRaftLogWorker] INFO  segmented.SegmentedRaftLogWorker (SegmentedRaftLogWorker.java:execute(569)) - df489160-9035-493c-b28c-85e4df434e3a@group-B2E4CA7B7F81-SegmentedRaftLogWorker: created new log segment /workdir/hadoop-ozone/integration-test/target/test-dir/MiniOzoneClusterImpl-6b3e93c2-f638-46ca-bf75-ac80d5cb12e3/datanode-9/data/ratis/f172516d-9018-4ba2-8967-b2e4ca7b7f81/current/log_inprogress_0
2019-09-26 20:35:42,784 [grpc-default-executor-6] INFO  impl.RaftServerImpl (ServerState.java:setRaftConf(354)) - eae3403e-0c87-43fb-a8fd-0fe2a75a4733@group-B2E4CA7B7F81: set configuration 0: [df489160-9035-493c-b28c-85e4df434e3a:192.168.151.109:37092, 6ca955d0-fbd7-4658-a5a5-f0aaa33d5ec1:192.168.151.109:36062, eae3403e-0c87-43fb-a8fd-0fe2a75a4733:192.168.151.109:37973], old=null at 0
2019-09-26 20:35:42,784 [grpc-default-executor-6] INFO  segmented.SegmentedRaftLogWorker (SegmentedRaftLogWorker.java:startLogSegment(380)) - eae3403e-0c87-43fb-a8fd-0fe2a75a4733@group-B2E4CA7B7F81-SegmentedRaftLogWorker: Starting segment from index:0
2019-09-26 20:35:42,809 [7be77de1-68b9-4fa7-bda6-3bc381ab23ad@group-2B008C0CF2EB:LeaderElection16] INFO  impl.LeaderElection (LeaderElection.java:logAndReturn(56)) - 7be77de1-68b9-4fa7-bda6-3bc381ab23ad@group-2B008C0CF2EB:LeaderElection16: Election REJECTED; received 2 response(s) [7be77de1-68b9-4fa7-bda6-3bc381ab23ad<-4ffb8afb-4e86-451a-87a3-e5da03a730ae#0:FAIL-t1, 7be77de1-68b9-4fa7-bda6-3bc381ab23ad<-84f5564a-e18f-45f7-9b57-d0986cf90ae8#0:FAIL-t1] and 0 exception(s); 7be77de1-68b9-4fa7-bda6-3bc381ab23ad@group-2B008C0CF2EB:t1, leader=null, voted=7be77de1-68b9-4fa7-bda6-3bc381ab23ad, raftlog=7be77de1-68b9-4fa7-bda6-3bc381ab23ad@group-2B008C0CF2EB-SegmentedRaftLog:OPENED:c-1,f-1,i0, conf=-1: [4ffb8afb-4e86-451a-87a3-e5da03a730ae:192.168.151.109:34155, 7be77de1-68b9-4fa7-bda6-3bc381ab23ad:192.168.151.109:37592, 84f5564a-e18f-45f7-9b57-d0986cf90ae8:192.168.151.109:38925], old=null
2019-09-26 20:35:42,836 [7be77de1-68b9-4fa7-bda6-3bc381ab23ad@group-2B008C0CF2EB:LeaderElection16] INFO  impl.RaftServerImpl (RaftServerImpl.java:setRole(174)) - 7be77de1-68b9-4fa7-bda6-3bc381ab23ad@group-2B008C0CF2EB: changes role from CANDIDATE to FOLLOWER at term 1 for DISCOVERED_A_NEW_TERM
2019-09-26 20:35:42,839 [7be77de1-68b9-4fa7-bda6-3bc381ab23ad@group-2B008C0CF2EB:LeaderElection16] INFO  impl.RoleInfo (RoleInfo.java:shutdownLeaderElection(134)) - 7be77de1-68b9-4fa7-bda6-3bc381ab23ad: shutdown LeaderElection
2019-09-26 20:35:42,839 [7be77de1-68b9-4fa7-bda6-3bc381ab23ad@group-2B008C0CF2EB:LeaderElection16] INFO  impl.RoleInfo (RoleInfo.java:updateAndGet(143)) - 7be77de1-68b9-4fa7-bda6-3bc381ab23ad: start FollowerState
2019-09-26 20:35:42,840 [4ffb8afb-4e86-451a-87a3-e5da03a730ae@group-2B008C0CF2EB:LeaderElection13] INFO  impl.LeaderElection (LeaderElection.java:logAndReturn(56)) - 4ffb8afb-4e86-451a-87a3-e5da03a730ae@group-2B008C0CF2EB:LeaderElection13: Election REJECTED; received 2 response(s) [4ffb8afb-4e86-451a-87a3-e5da03a730ae<-7be77de1-68b9-4fa7-bda6-3bc381ab23ad#0:FAIL-t1, 4ffb8afb-4e86-451a-87a3-e5da03a730ae<-84f5564a-e18f-45f7-9b57-d0986cf90ae8#0:FAIL-t1] and 0 exception(s); 4ffb8afb-4e86-451a-87a3-e5da03a730ae@group-2B008C0CF2EB:t1, leader=null, voted=4ffb8afb-4e86-451a-87a3-e5da03a730ae, raftlog=4ffb8afb-4e86-451a-87a3-e5da03a730ae@group-2B008C0CF2EB-SegmentedRaftLog:OPENED:c-1,f-1,i0, conf=-1: [4ffb8afb-4e86-451a-87a3-e5da03a730ae:192.168.151.109:34155, 7be77de1-68b9-4fa7-bda6-3bc381ab23ad:192.168.151.109:37592, 84f5564a-e18f-45f7-9b57-d0986cf90ae8:192.168.151.109:38925], old=null
2019-09-26 20:35:42,842 [84a4ae1f-463c-4c61-bca5-7a956502a9f9@group-6F2CE06E8226:LeaderElection15] INFO  impl.LeaderElection (LeaderElection.java:logAndReturn(56)) - 84a4ae1f-463c-4c61-bca5-7a956502a9f9@group-6F2CE06E8226:LeaderElection15: Election REJECTED; received 2 response(s) [84a4ae1f-463c-4c61-bca5-7a956502a9f9<-48f2d8fd-8c43-434b-a938-4578675caf55#0:FAIL-t1, 84a4ae1f-463c-4c61-bca5-7a956502a9f9<-e6ea3787-7b5b-467a-894e-3363ddf5ac49#0:FAIL-t1] and 0 exception(s); 84a4ae1f-463c-4c61-bca5-7a956502a9f9@group-6F2CE06E8226:t1, leader=null, voted=84a4ae1f-463c-4c61-bca5-7a956502a9f9, raftlog=84a4ae1f-463c-4c61-bca5-7a956502a9f9@group-6F2CE06E8226-SegmentedRaftLog:OPENED:c-1,f-1,i0, conf=-1: [48f2d8fd-8c43-434b-a938-4578675caf55:192.168.151.109:42280, 84a4ae1f-463c-4c61-bca5-7a956502a9f9:192.168.151.109:41745, e6ea3787-7b5b-467a-894e-3363ddf5ac49:192.168.151.109:35936], old=null
2019-09-26 20:35:42,855 [4ffb8afb-4e86-451a-87a3-e5da03a730ae@group-2B008C0CF2EB:LeaderElection13] INFO  impl.RaftServerImpl (RaftServerImpl.java:setRole(174)) - 4ffb8afb-4e86-451a-87a3-e5da03a730ae@group-2B008C0CF2EB: changes role from CANDIDATE to FOLLOWER at term 1 for DISCOVERED_A_NEW_TERM
2019-09-26 20:35:42,856 [eae3403e-0c87-43fb-a8fd-0fe2a75a4733@group-B2E4CA7B7F81-SegmentedRaftLogWorker] INFO  segmented.SegmentedRaftLogWorker (SegmentedRaftLogWorker.java:execute(569)) - eae3403e-0c87-43fb-a8fd-0fe2a75a4733@group-B2E4CA7B7F81-SegmentedRaftLogWorker: created new log segment /workdir/hadoop-ozone/integration-test/target/test-dir/MiniOzoneClusterImpl-6b3e93c2-f638-46ca-bf75-ac80d5cb12e3/datanode-1/data/ratis/f172516d-9018-4ba2-8967-b2e4ca7b7f81/current/log_inprogress_0
2019-09-26 20:35:42,860 [84a4ae1f-463c-4c61-bca5-7a956502a9f9@group-6F2CE06E8226:LeaderElection15] INFO  impl.RaftServerImpl (RaftServerImpl.java:setRole(174)) - 84a4ae1f-463c-4c61-bca5-7a956502a9f9@group-6F2CE06E8226: changes role from CANDIDATE to FOLLOWER at term 1 for DISCOVERED_A_NEW_TERM
2019-09-26 20:35:42,863 [84a4ae1f-463c-4c61-bca5-7a956502a9f9@group-6F2CE06E8226:LeaderElection15] INFO  impl.RoleInfo (RoleInfo.java:shutdownLeaderElection(134)) - 84a4ae1f-463c-4c61-bca5-7a956502a9f9: shutdown LeaderElection
2019-09-26 20:35:42,858 [4ffb8afb-4e86-451a-87a3-e5da03a730ae@group-2B008C0CF2EB:LeaderElection13] INFO  impl.RoleInfo (RoleInfo.java:shutdownLeaderElection(134)) - 4ffb8afb-4e86-451a-87a3-e5da03a730ae: shutdown LeaderElection
2019-09-26 20:35:42,863 [84a4ae1f-463c-4c61-bca5-7a956502a9f9@group-6F2CE06E8226:LeaderElection15] INFO  impl.RoleInfo (RoleInfo.java:updateAndGet(143)) - 84a4ae1f-463c-4c61-bca5-7a956502a9f9: start FollowerState
2019-09-26 20:35:42,863 [4ffb8afb-4e86-451a-87a3-e5da03a730ae@group-2B008C0CF2EB:LeaderElection13] INFO  impl.RoleInfo (RoleInfo.java:updateAndGet(143)) - 4ffb8afb-4e86-451a-87a3-e5da03a730ae: start FollowerState
2019-09-26 20:35:42,903 [84f5564a-e18f-45f7-9b57-d0986cf90ae8@group-2B008C0CF2EB:LeaderElection14] INFO  impl.LeaderElection (LeaderElection.java:logAndReturn(56)) - 84f5564a-e18f-45f7-9b57-d0986cf90ae8@group-2B008C0CF2EB:LeaderElection14: Election REJECTED; received 2 response(s) [84f5564a-e18f-45f7-9b57-d0986cf90ae8<-4ffb8afb-4e86-451a-87a3-e5da03a730ae#0:FAIL-t1, 84f5564a-e18f-45f7-9b57-d0986cf90ae8<-7be77de1-68b9-4fa7-bda6-3bc381ab23ad#0:FAIL-t1] and 0 exception(s); 84f5564a-e18f-45f7-9b57-d0986cf90ae8@group-2B008C0CF2EB:t1, leader=null, voted=84f5564a-e18f-45f7-9b57-d0986cf90ae8, raftlog=84f5564a-e18f-45f7-9b57-d0986cf90ae8@group-2B008C0CF2EB-SegmentedRaftLog:OPENED:c-1,f-1,i0, conf=-1: [4ffb8afb-4e86-451a-87a3-e5da03a730ae:192.168.151.109:34155, 7be77de1-68b9-4fa7-bda6-3bc381ab23ad:192.168.151.109:37592, 84f5564a-e18f-45f7-9b57-d0986cf90ae8:192.168.151.109:38925], old=null
2019-09-26 20:35:42,903 [48f2d8fd-8c43-434b-a938-4578675caf55@group-6F2CE06E8226:LeaderElection17] INFO  impl.LeaderElection (LeaderElection.java:logAndReturn(56)) - 48f2d8fd-8c43-434b-a938-4578675caf55@group-6F2CE06E8226:LeaderElection17: Election REJECTED; received 2 response(s) [48f2d8fd-8c43-434b-a938-4578675caf55<-84a4ae1f-463c-4c61-bca5-7a956502a9f9#0:FAIL-t1, 48f2d8fd-8c43-434b-a938-4578675caf55<-e6ea3787-7b5b-467a-894e-3363ddf5ac49#0:FAIL-t1] and 0 exception(s); 48f2d8fd-8c43-434b-a938-4578675caf55@group-6F2CE06E8226:t1, leader=null, voted=48f2d8fd-8c43-434b-a938-4578675caf55, raftlog=48f2d8fd-8c43-434b-a938-4578675caf55@group-6F2CE06E8226-SegmentedRaftLog:OPENED:c-1,f-1,i0, conf=-1: [48f2d8fd-8c43-434b-a938-4578675caf55:192.168.151.109:42280, 84a4ae1f-463c-4c61-bca5-7a956502a9f9:192.168.151.109:41745, e6ea3787-7b5b-467a-894e-3363ddf5ac49:192.168.151.109:35936], old=null
2019-09-26 20:35:42,903 [84f5564a-e18f-45f7-9b57-d0986cf90ae8@group-2B008C0CF2EB:LeaderElection14] INFO  impl.RaftServerImpl (RaftServerImpl.java:setRole(174)) - 84f5564a-e18f-45f7-9b57-d0986cf90ae8@group-2B008C0CF2EB: changes role from CANDIDATE to FOLLOWER at term 1 for DISCOVERED_A_NEW_TERM
2019-09-26 20:35:42,906 [84f5564a-e18f-45f7-9b57-d0986cf90ae8@group-2B008C0CF2EB:LeaderElection14] INFO  impl.RoleInfo (RoleInfo.java:shutdownLeaderElection(134)) - 84f5564a-e18f-45f7-9b57-d0986cf90ae8: shutdown LeaderElection
2019-09-26 20:35:42,906 [84f5564a-e18f-45f7-9b57-d0986cf90ae8@group-2B008C0CF2EB:LeaderElection14] INFO  impl.RoleInfo (RoleInfo.java:updateAndGet(143)) - 84f5564a-e18f-45f7-9b57-d0986cf90ae8: start FollowerState
2019-09-26 20:35:42,906 [48f2d8fd-8c43-434b-a938-4578675caf55@group-6F2CE06E8226:LeaderElection17] INFO  impl.RaftServerImpl (RaftServerImpl.java:setRole(174)) - 48f2d8fd-8c43-434b-a938-4578675caf55@group-6F2CE06E8226: changes role from CANDIDATE to FOLLOWER at term 1 for DISCOVERED_A_NEW_TERM
2019-09-26 20:35:42,908 [48f2d8fd-8c43-434b-a938-4578675caf55@group-6F2CE06E8226:LeaderElection17] INFO  impl.RoleInfo (RoleInfo.java:shutdownLeaderElection(134)) - 48f2d8fd-8c43-434b-a938-4578675caf55: shutdown LeaderElection
2019-09-26 20:35:42,910 [48f2d8fd-8c43-434b-a938-4578675caf55@group-6F2CE06E8226:LeaderElection17] INFO  impl.RoleInfo (RoleInfo.java:updateAndGet(143)) - 48f2d8fd-8c43-434b-a938-4578675caf55: start FollowerState
2019-09-26 20:35:42,917 [e6ea3787-7b5b-467a-894e-3363ddf5ac49@group-6F2CE06E8226:LeaderElection18] INFO  impl.LeaderElection (LeaderElection.java:logAndReturn(56)) - e6ea3787-7b5b-467a-894e-3363ddf5ac49@group-6F2CE06E8226:LeaderElection18: Election REJECTED; received 2 response(s) [e6ea3787-7b5b-467a-894e-3363ddf5ac49<-48f2d8fd-8c43-434b-a938-4578675caf55#0:FAIL-t1, e6ea3787-7b5b-467a-894e-3363ddf5ac49<-84a4ae1f-463c-4c61-bca5-7a956502a9f9#0:FAIL-t1] and 0 exception(s); e6ea3787-7b5b-467a-894e-3363ddf5ac49@group-6F2CE06E8226:t1, leader=null, voted=e6ea3787-7b5b-467a-894e-3363ddf5ac49, raftlog=e6ea3787-7b5b-467a-894e-3363ddf5ac49@group-6F2CE06E8226-SegmentedRaftLog:OPENED:c-1,f-1,i0, conf=-1: [48f2d8fd-8c43-434b-a938-4578675caf55:192.168.151.109:42280, 84a4ae1f-463c-4c61-bca5-7a956502a9f9:192.168.151.109:41745, e6ea3787-7b5b-467a-894e-3363ddf5ac49:192.168.151.109:35936], old=null
2019-09-26 20:35:42,918 [e6ea3787-7b5b-467a-894e-3363ddf5ac49@group-6F2CE06E8226:LeaderElection18] INFO  impl.RaftServerImpl (RaftServerImpl.java:setRole(174)) - e6ea3787-7b5b-467a-894e-3363ddf5ac49@group-6F2CE06E8226: changes role from CANDIDATE to FOLLOWER at term 1 for DISCOVERED_A_NEW_TERM
2019-09-26 20:35:42,918 [e6ea3787-7b5b-467a-894e-3363ddf5ac49@group-6F2CE06E8226:LeaderElection18] INFO  impl.RoleInfo (RoleInfo.java:shutdownLeaderElection(134)) - e6ea3787-7b5b-467a-894e-3363ddf5ac49: shutdown LeaderElection
2019-09-26 20:35:42,941 [e6ea3787-7b5b-467a-894e-3363ddf5ac49@group-6F2CE06E8226:LeaderElection18] INFO  impl.RoleInfo (RoleInfo.java:updateAndGet(143)) - e6ea3787-7b5b-467a-894e-3363ddf5ac49: start FollowerState
2019-09-26 20:35:43,538 [main] INFO  ipc.Client (Client.java:handleConnectionFailure(948)) - Retrying connect to server: localhost/127.0.0.1:0. Already tried 1 time(s); retry policy is RetryUpToMaximumCountWithFixedSleep(maxRetries=10, sleepTime=1000 MILLISECONDS)
2019-09-26 20:35:43,895 [Thread-398] INFO  impl.FollowerState (FollowerState.java:run(106)) - 84a4ae1f-463c-4c61-bca5-7a956502a9f9:group-6F2CE06E8226 changes to CANDIDATE, lastRpcTime:1031, electionTimeout:1031ms
2019-09-26 20:35:43,895 [Thread-398] INFO  impl.RoleInfo (RoleInfo.java:shutdownFollowerState(121)) - 84a4ae1f-463c-4c61-bca5-7a956502a9f9: shutdown FollowerState
2019-09-26 20:35:43,895 [Thread-398] INFO  impl.RaftServerImpl (RaftServerImpl.java:setRole(174)) - 84a4ae1f-463c-4c61-bca5-7a956502a9f9@group-6F2CE06E8226: changes role from  FOLLOWER to CANDIDATE at term 1 for changeToCandidate
2019-09-26 20:35:43,895 [Thread-398] INFO  impl.RoleInfo (RoleInfo.java:updateAndGet(143)) - 84a4ae1f-463c-4c61-bca5-7a956502a9f9: start LeaderElection
2019-09-26 20:35:43,906 [Thread-397] INFO  impl.FollowerState (FollowerState.java:run(106)) - 7be77de1-68b9-4fa7-bda6-3bc381ab23ad:group-2B008C0CF2EB changes to CANDIDATE, lastRpcTime:1066, electionTimeout:1062ms
2019-09-26 20:35:43,906 [Thread-397] INFO  impl.RoleInfo (RoleInfo.java:shutdownFollowerState(121)) - 7be77de1-68b9-4fa7-bda6-3bc381ab23ad: shutdown FollowerState
2019-09-26 20:35:43,906 [Thread-397] INFO  impl.RaftServerImpl (RaftServerImpl.java:setRole(174)) - 7be77de1-68b9-4fa7-bda6-3bc381ab23ad@group-2B008C0CF2EB: changes role from  FOLLOWER to CANDIDATE at term 1 for changeToCandidate
2019-09-26 20:35:43,906 [Thread-397] INFO  impl.RoleInfo (RoleInfo.java:updateAndGet(143)) - 7be77de1-68b9-4fa7-bda6-3bc381ab23ad: start LeaderElection
2019-09-26 20:35:43,920 [84a4ae1f-463c-4c61-bca5-7a956502a9f9@group-6F2CE06E8226:LeaderElection19] INFO  impl.LeaderElection (LeaderElection.java:askForVotes(182)) - 84a4ae1f-463c-4c61-bca5-7a956502a9f9@group-6F2CE06E8226:LeaderElection19: begin an election at term 2 for -1: [48f2d8fd-8c43-434b-a938-4578675caf55:192.168.151.109:42280, 84a4ae1f-463c-4c61-bca5-7a956502a9f9:192.168.151.109:41745, e6ea3787-7b5b-467a-894e-3363ddf5ac49:192.168.151.109:35936], old=null
2019-09-26 20:35:43,920 [7be77de1-68b9-4fa7-bda6-3bc381ab23ad@group-2B008C0CF2EB:LeaderElection20] INFO  impl.LeaderElection (LeaderElection.java:askForVotes(182)) - 7be77de1-68b9-4fa7-bda6-3bc381ab23ad@group-2B008C0CF2EB:LeaderElection20: begin an election at term 2 for -1: [4ffb8afb-4e86-451a-87a3-e5da03a730ae:192.168.151.109:34155, 7be77de1-68b9-4fa7-bda6-3bc381ab23ad:192.168.151.109:37592, 84f5564a-e18f-45f7-9b57-d0986cf90ae8:192.168.151.109:38925], old=null
2019-09-26 20:35:43,931 [grpc-default-executor-6] INFO  impl.RaftServerImpl (RaftServerImpl.java:setRole(174)) - 4ffb8afb-4e86-451a-87a3-e5da03a730ae@group-2B008C0CF2EB: changes role from  FOLLOWER to FOLLOWER at term 2 for recognizeCandidate:7be77de1-68b9-4fa7-bda6-3bc381ab23ad
2019-09-26 20:35:43,931 [grpc-default-executor-6] INFO  impl.RoleInfo (RoleInfo.java:shutdownFollowerState(121)) - 4ffb8afb-4e86-451a-87a3-e5da03a730ae: shutdown FollowerState
2019-09-26 20:35:43,931 [grpc-default-executor-1] INFO  impl.RaftServerImpl (RaftServerImpl.java:setRole(174)) - 84f5564a-e18f-45f7-9b57-d0986cf90ae8@group-2B008C0CF2EB: changes role from  FOLLOWER to FOLLOWER at term 2 for recognizeCandidate:7be77de1-68b9-4fa7-bda6-3bc381ab23ad
2019-09-26 20:35:43,931 [grpc-default-executor-3] INFO  impl.RaftServerImpl (RaftServerImpl.java:setRole(174)) - 48f2d8fd-8c43-434b-a938-4578675caf55@group-6F2CE06E8226: changes role from  FOLLOWER to FOLLOWER at term 2 for recognizeCandidate:84a4ae1f-463c-4c61-bca5-7a956502a9f9
2019-09-26 20:35:43,931 [grpc-default-executor-6] INFO  impl.RoleInfo (RoleInfo.java:updateAndGet(143)) - 4ffb8afb-4e86-451a-87a3-e5da03a730ae: start FollowerState
2019-09-26 20:35:43,940 [grpc-default-executor-3] INFO  impl.RoleInfo (RoleInfo.java:shutdownFollowerState(121)) - 48f2d8fd-8c43-434b-a938-4578675caf55: shutdown FollowerState
2019-09-26 20:35:43,939 [grpc-default-executor-5] INFO  impl.RaftServerImpl (RaftServerImpl.java:setRole(174)) - e6ea3787-7b5b-467a-894e-3363ddf5ac49@group-6F2CE06E8226: changes role from  FOLLOWER to FOLLOWER at term 2 for recognizeCandidate:84a4ae1f-463c-4c61-bca5-7a956502a9f9
2019-09-26 20:35:43,940 [grpc-default-executor-5] INFO  impl.RoleInfo (RoleInfo.java:shutdownFollowerState(121)) - e6ea3787-7b5b-467a-894e-3363ddf5ac49: shutdown FollowerState
2019-09-26 20:35:43,939 [grpc-default-executor-1] INFO  impl.RoleInfo (RoleInfo.java:shutdownFollowerState(121)) - 84f5564a-e18f-45f7-9b57-d0986cf90ae8: shutdown FollowerState
2019-09-26 20:35:43,939 [Thread-399] INFO  impl.FollowerState (FollowerState.java:run(115)) - 4ffb8afb-4e86-451a-87a3-e5da03a730ae: FollowerState was interrupted: java.lang.InterruptedException: sleep interrupted
2019-09-26 20:35:43,941 [Thread-401] INFO  impl.FollowerState (FollowerState.java:run(115)) - 84f5564a-e18f-45f7-9b57-d0986cf90ae8: FollowerState was interrupted: java.lang.InterruptedException: sleep interrupted
2019-09-26 20:35:43,941 [grpc-default-executor-1] INFO  impl.RoleInfo (RoleInfo.java:updateAndGet(143)) - 84f5564a-e18f-45f7-9b57-d0986cf90ae8: start FollowerState
2019-09-26 20:35:43,940 [Thread-403] INFO  impl.FollowerState (FollowerState.java:run(115)) - e6ea3787-7b5b-467a-894e-3363ddf5ac49: FollowerState was interrupted: java.lang.InterruptedException: sleep interrupted
2019-09-26 20:35:43,940 [grpc-default-executor-5] INFO  impl.RoleInfo (RoleInfo.java:updateAndGet(143)) - e6ea3787-7b5b-467a-894e-3363ddf5ac49: start FollowerState
2019-09-26 20:35:43,940 [Thread-402] INFO  impl.FollowerState (FollowerState.java:run(115)) - 48f2d8fd-8c43-434b-a938-4578675caf55: FollowerState was interrupted: java.lang.InterruptedException: sleep interrupted
2019-09-26 20:35:43,940 [grpc-default-executor-3] INFO  impl.RoleInfo (RoleInfo.java:updateAndGet(143)) - 48f2d8fd-8c43-434b-a938-4578675caf55: start FollowerState
2019-09-26 20:35:43,955 [84a4ae1f-463c-4c61-bca5-7a956502a9f9@group-6F2CE06E8226:LeaderElection19] INFO  impl.LeaderElection (LeaderElection.java:logAndReturn(56)) - 84a4ae1f-463c-4c61-bca5-7a956502a9f9@group-6F2CE06E8226:LeaderElection19: Election PASSED; received 1 response(s) [84a4ae1f-463c-4c61-bca5-7a956502a9f9<-48f2d8fd-8c43-434b-a938-4578675caf55#0:OK-t2] and 0 exception(s); 84a4ae1f-463c-4c61-bca5-7a956502a9f9@group-6F2CE06E8226:t2, leader=null, voted=84a4ae1f-463c-4c61-bca5-7a956502a9f9, raftlog=84a4ae1f-463c-4c61-bca5-7a956502a9f9@group-6F2CE06E8226-SegmentedRaftLog:OPENED:c-1,f-1,i0, conf=-1: [48f2d8fd-8c43-434b-a938-4578675caf55:192.168.151.109:42280, 84a4ae1f-463c-4c61-bca5-7a956502a9f9:192.168.151.109:41745, e6ea3787-7b5b-467a-894e-3363ddf5ac49:192.168.151.109:35936], old=null
2019-09-26 20:35:43,955 [7be77de1-68b9-4fa7-bda6-3bc381ab23ad@group-2B008C0CF2EB:LeaderElection20] INFO  impl.LeaderElection (LeaderElection.java:logAndReturn(56)) - 7be77de1-68b9-4fa7-bda6-3bc381ab23ad@group-2B008C0CF2EB:LeaderElection20: Election PASSED; received 1 response(s) [7be77de1-68b9-4fa7-bda6-3bc381ab23ad<-84f5564a-e18f-45f7-9b57-d0986cf90ae8#0:OK-t2] and 0 exception(s); 7be77de1-68b9-4fa7-bda6-3bc381ab23ad@group-2B008C0CF2EB:t2, leader=null, voted=7be77de1-68b9-4fa7-bda6-3bc381ab23ad, raftlog=7be77de1-68b9-4fa7-bda6-3bc381ab23ad@group-2B008C0CF2EB-SegmentedRaftLog:OPENED:c-1,f-1,i0, conf=-1: [4ffb8afb-4e86-451a-87a3-e5da03a730ae:192.168.151.109:34155, 7be77de1-68b9-4fa7-bda6-3bc381ab23ad:192.168.151.109:37592, 84f5564a-e18f-45f7-9b57-d0986cf90ae8:192.168.151.109:38925], old=null
2019-09-26 20:35:43,955 [84a4ae1f-463c-4c61-bca5-7a956502a9f9@group-6F2CE06E8226:LeaderElection19] INFO  impl.RoleInfo (RoleInfo.java:shutdownLeaderElection(134)) - 84a4ae1f-463c-4c61-bca5-7a956502a9f9: shutdown LeaderElection
2019-09-26 20:35:43,961 [7be77de1-68b9-4fa7-bda6-3bc381ab23ad@group-2B008C0CF2EB:LeaderElection20] INFO  impl.RoleInfo (RoleInfo.java:shutdownLeaderElection(134)) - 7be77de1-68b9-4fa7-bda6-3bc381ab23ad: shutdown LeaderElection
2019-09-26 20:35:43,964 [84a4ae1f-463c-4c61-bca5-7a956502a9f9@group-6F2CE06E8226:LeaderElection19] INFO  impl.RaftServerImpl (RaftServerImpl.java:setRole(174)) - 84a4ae1f-463c-4c61-bca5-7a956502a9f9@group-6F2CE06E8226: changes role from CANDIDATE to LEADER at term 2 for changeToLeader
2019-09-26 20:35:43,966 [7be77de1-68b9-4fa7-bda6-3bc381ab23ad@group-2B008C0CF2EB:LeaderElection20] INFO  impl.RaftServerImpl (RaftServerImpl.java:setRole(174)) - 7be77de1-68b9-4fa7-bda6-3bc381ab23ad@group-2B008C0CF2EB: changes role from CANDIDATE to LEADER at term 2 for changeToLeader
2019-09-26 20:35:43,966 [84a4ae1f-463c-4c61-bca5-7a956502a9f9@group-6F2CE06E8226:LeaderElection19] INFO  impl.RaftServerImpl (ServerState.java:setLeader(253)) - 84a4ae1f-463c-4c61-bca5-7a956502a9f9@group-6F2CE06E8226: change Leader from null to 84a4ae1f-463c-4c61-bca5-7a956502a9f9 at term 2 for becomeLeader, leader elected after 2450ms
2019-09-26 20:35:43,966 [7be77de1-68b9-4fa7-bda6-3bc381ab23ad@group-2B008C0CF2EB:LeaderElection20] INFO  impl.RaftServerImpl (ServerState.java:setLeader(253)) - 7be77de1-68b9-4fa7-bda6-3bc381ab23ad@group-2B008C0CF2EB: change Leader from null to 7be77de1-68b9-4fa7-bda6-3bc381ab23ad at term 2 for becomeLeader, leader elected after 2557ms
2019-09-26 20:35:43,966 [84a4ae1f-463c-4c61-bca5-7a956502a9f9@group-6F2CE06E8226:LeaderElection19] INFO  server.RaftServerConfigKeys (ConfUtils.java:logGet(43)) - raft.server.staging.catchup.gap = 1000 (default)
2019-09-26 20:35:43,967 [7be77de1-68b9-4fa7-bda6-3bc381ab23ad@group-2B008C0CF2EB:LeaderElection20] INFO  server.RaftServerConfigKeys (ConfUtils.java:logGet(43)) - raft.server.staging.catchup.gap = 1000 (default)
2019-09-26 20:35:43,967 [84a4ae1f-463c-4c61-bca5-7a956502a9f9@group-6F2CE06E8226:LeaderElection19] INFO  server.RaftServerConfigKeys (ConfUtils.java:logGet(43)) - raft.server.rpc.sleep.time = 25ms (default)
2019-09-26 20:35:43,967 [7be77de1-68b9-4fa7-bda6-3bc381ab23ad@group-2B008C0CF2EB:LeaderElection20] INFO  server.RaftServerConfigKeys (ConfUtils.java:logGet(43)) - raft.server.rpc.sleep.time = 25ms (default)
2019-09-26 20:35:43,967 [84a4ae1f-463c-4c61-bca5-7a956502a9f9@group-6F2CE06E8226:LeaderElection19] INFO  server.RaftServerConfigKeys (ConfUtils.java:logGet(43)) - raft.server.write.element-limit = 4096 (default)
2019-09-26 20:35:43,967 [7be77de1-68b9-4fa7-bda6-3bc381ab23ad@group-2B008C0CF2EB:LeaderElection20] INFO  server.RaftServerConfigKeys (ConfUtils.java:logGet(43)) - raft.server.write.element-limit = 4096 (default)
2019-09-26 20:35:43,967 [84a4ae1f-463c-4c61-bca5-7a956502a9f9@group-6F2CE06E8226:LeaderElection19] INFO  server.RaftServerConfigKeys (ConfUtils.java:logGet(43)) - raft.server.watch.timeout = 10s (default)
2019-09-26 20:35:43,967 [7be77de1-68b9-4fa7-bda6-3bc381ab23ad@group-2B008C0CF2EB:LeaderElection20] INFO  server.RaftServerConfigKeys (ConfUtils.java:logGet(43)) - raft.server.watch.timeout = 10s (default)
2019-09-26 20:35:43,967 [84a4ae1f-463c-4c61-bca5-7a956502a9f9@group-6F2CE06E8226:LeaderElection19] INFO  server.RaftServerConfigKeys (ConfUtils.java:logGet(43)) - raft.server.watch.timeout.denomination = 1s (default)
2019-09-26 20:35:43,968 [7be77de1-68b9-4fa7-bda6-3bc381ab23ad@group-2B008C0CF2EB:LeaderElection20] INFO  server.RaftServerConfigKeys (ConfUtils.java:logGet(43)) - raft.server.watch.timeout.denomination = 1s (default)
2019-09-26 20:35:43,968 [84a4ae1f-463c-4c61-bca5-7a956502a9f9@group-6F2CE06E8226:LeaderElection19] INFO  server.RaftServerConfigKeys (ConfUtils.java:logGet(43)) - raft.server.watch.element-limit = 65536 (default)
2019-09-26 20:35:43,968 [7be77de1-68b9-4fa7-bda6-3bc381ab23ad@group-2B008C0CF2EB:LeaderElection20] INFO  server.RaftServerConfigKeys (ConfUtils.java:logGet(43)) - raft.server.watch.element-limit = 65536 (default)
2019-09-26 20:35:43,971 [84a4ae1f-463c-4c61-bca5-7a956502a9f9@group-6F2CE06E8226:LeaderElection19] INFO  server.RaftServerConfigKeys (ConfUtils.java:logGet(43)) - raft.server.log.appender.snapshot.chunk.size.max = 16MB (=16777216) (default)
2019-09-26 20:35:43,971 [84a4ae1f-463c-4c61-bca5-7a956502a9f9@group-6F2CE06E8226:LeaderElection19] INFO  server.RaftServerConfigKeys (ConfUtils.java:logGet(43)) - raft.server.log.appender.buffer.byte-limit = 33554432 (custom)
2019-09-26 20:35:43,971 [84a4ae1f-463c-4c61-bca5-7a956502a9f9@group-6F2CE06E8226:LeaderElection19] INFO  server.RaftServerConfigKeys (ConfUtils.java:logGet(43)) - raft.server.log.appender.buffer.element-limit = 1 (custom)
2019-09-26 20:35:43,971 [84a4ae1f-463c-4c61-bca5-7a956502a9f9@group-6F2CE06E8226:LeaderElection19] INFO  grpc.GrpcConfigKeys$Server (ConfUtils.java:logGet(43)) - raft.grpc.server.leader.outstanding.appends.max = 128 (default)
2019-09-26 20:35:43,971 [7be77de1-68b9-4fa7-bda6-3bc381ab23ad@group-2B008C0CF2EB:LeaderElection20] INFO  server.RaftServerConfigKeys (ConfUtils.java:logGet(43)) - raft.server.log.appender.snapshot.chunk.size.max = 16MB (=16777216) (default)
2019-09-26 20:35:43,971 [84a4ae1f-463c-4c61-bca5-7a956502a9f9@group-6F2CE06E8226:LeaderElection19] INFO  server.RaftServerConfigKeys (ConfUtils.java:logGet(43)) - raft.server.rpc.request.timeout = 3000ms (default)
2019-09-26 20:35:43,972 [7be77de1-68b9-4fa7-bda6-3bc381ab23ad@group-2B008C0CF2EB:LeaderElection20] INFO  server.RaftServerConfigKeys (ConfUtils.java:logGet(43)) - raft.server.log.appender.buffer.byte-limit = 33554432 (custom)
2019-09-26 20:35:43,972 [84a4ae1f-463c-4c61-bca5-7a956502a9f9@group-6F2CE06E8226:LeaderElection19] INFO  server.RaftServerConfigKeys (ConfUtils.java:logGet(43)) - raft.server.log.appender.install.snapshot.enabled = false (custom)
2019-09-26 20:35:43,972 [7be77de1-68b9-4fa7-bda6-3bc381ab23ad@group-2B008C0CF2EB:LeaderElection20] INFO  server.RaftServerConfigKeys (ConfUtils.java:logGet(43)) - raft.server.log.appender.buffer.element-limit = 1 (custom)
2019-09-26 20:35:43,972 [84a4ae1f-463c-4c61-bca5-7a956502a9f9@group-6F2CE06E8226:LeaderElection19] INFO  server.RaftServerConfigKeys (ConfUtils.java:logGet(43)) - raft.server.log.appender.snapshot.chunk.size.max = 16MB (=16777216) (default)
2019-09-26 20:35:43,972 [84a4ae1f-463c-4c61-bca5-7a956502a9f9@group-6F2CE06E8226:LeaderElection19] INFO  server.RaftServerConfigKeys (ConfUtils.java:logGet(43)) - raft.server.log.appender.buffer.byte-limit = 33554432 (custom)
2019-09-26 20:35:43,972 [7be77de1-68b9-4fa7-bda6-3bc381ab23ad@group-2B008C0CF2EB:LeaderElection20] INFO  grpc.GrpcConfigKeys$Server (ConfUtils.java:logGet(43)) - raft.grpc.server.leader.outstanding.appends.max = 128 (default)
2019-09-26 20:35:43,972 [84a4ae1f-463c-4c61-bca5-7a956502a9f9@group-6F2CE06E8226:LeaderElection19] INFO  server.RaftServerConfigKeys (ConfUtils.java:logGet(43)) - raft.server.log.appender.buffer.element-limit = 1 (custom)
2019-09-26 20:35:43,973 [7be77de1-68b9-4fa7-bda6-3bc381ab23ad@group-2B008C0CF2EB:LeaderElection20] INFO  server.RaftServerConfigKeys (ConfUtils.java:logGet(43)) - raft.server.rpc.request.timeout = 3000ms (default)
2019-09-26 20:35:43,973 [84a4ae1f-463c-4c61-bca5-7a956502a9f9@group-6F2CE06E8226:LeaderElection19] INFO  grpc.GrpcConfigKeys$Server (ConfUtils.java:logGet(43)) - raft.grpc.server.leader.outstanding.appends.max = 128 (default)
2019-09-26 20:35:43,973 [7be77de1-68b9-4fa7-bda6-3bc381ab23ad@group-2B008C0CF2EB:LeaderElection20] INFO  server.RaftServerConfigKeys (ConfUtils.java:logGet(43)) - raft.server.log.appender.install.snapshot.enabled = false (custom)
2019-09-26 20:35:43,973 [84a4ae1f-463c-4c61-bca5-7a956502a9f9@group-6F2CE06E8226:LeaderElection19] INFO  server.RaftServerConfigKeys (ConfUtils.java:logGet(43)) - raft.server.rpc.request.timeout = 3000ms (default)
2019-09-26 20:35:43,973 [7be77de1-68b9-4fa7-bda6-3bc381ab23ad@group-2B008C0CF2EB:LeaderElection20] INFO  server.RaftServerConfigKeys (ConfUtils.java:logGet(43)) - raft.server.log.appender.snapshot.chunk.size.max = 16MB (=16777216) (default)
2019-09-26 20:35:43,973 [84a4ae1f-463c-4c61-bca5-7a956502a9f9@group-6F2CE06E8226:LeaderElection19] INFO  server.RaftServerConfigKeys (ConfUtils.java:logGet(43)) - raft.server.log.appender.install.snapshot.enabled = false (custom)
2019-09-26 20:35:43,974 [7be77de1-68b9-4fa7-bda6-3bc381ab23ad@group-2B008C0CF2EB:LeaderElection20] INFO  server.RaftServerConfigKeys (ConfUtils.java:logGet(43)) - raft.server.log.appender.buffer.byte-limit = 33554432 (custom)
2019-09-26 20:35:43,974 [84a4ae1f-463c-4c61-bca5-7a956502a9f9@group-6F2CE06E8226:LeaderElection19] INFO  impl.RoleInfo (RoleInfo.java:updateAndGet(143)) - 84a4ae1f-463c-4c61-bca5-7a956502a9f9: start LeaderState
2019-09-26 20:35:43,974 [7be77de1-68b9-4fa7-bda6-3bc381ab23ad@group-2B008C0CF2EB:LeaderElection20] INFO  server.RaftServerConfigKeys (ConfUtils.java:logGet(43)) - raft.server.log.appender.buffer.element-limit = 1 (custom)
2019-09-26 20:35:43,974 [84a4ae1f-463c-4c61-bca5-7a956502a9f9@group-6F2CE06E8226:LeaderElection19] INFO  segmented.SegmentedRaftLogWorker (SegmentedRaftLogWorker.java:startLogSegment(380)) - 84a4ae1f-463c-4c61-bca5-7a956502a9f9@group-6F2CE06E8226-SegmentedRaftLogWorker: Starting segment from index:0
2019-09-26 20:35:43,974 [7be77de1-68b9-4fa7-bda6-3bc381ab23ad@group-2B008C0CF2EB:LeaderElection20] INFO  grpc.GrpcConfigKeys$Server (ConfUtils.java:logGet(43)) - raft.grpc.server.leader.outstanding.appends.max = 128 (default)
2019-09-26 20:35:43,974 [7be77de1-68b9-4fa7-bda6-3bc381ab23ad@group-2B008C0CF2EB:LeaderElection20] INFO  server.RaftServerConfigKeys (ConfUtils.java:logGet(43)) - raft.server.rpc.request.timeout = 3000ms (default)
2019-09-26 20:35:43,975 [7be77de1-68b9-4fa7-bda6-3bc381ab23ad@group-2B008C0CF2EB:LeaderElection20] INFO  server.RaftServerConfigKeys (ConfUtils.java:logGet(43)) - raft.server.log.appender.install.snapshot.enabled = false (custom)
2019-09-26 20:35:43,975 [84a4ae1f-463c-4c61-bca5-7a956502a9f9@group-6F2CE06E8226:LeaderElection19] INFO  impl.RaftServerImpl (ServerState.java:setRaftConf(354)) - 84a4ae1f-463c-4c61-bca5-7a956502a9f9@group-6F2CE06E8226: set configuration 0: [48f2d8fd-8c43-434b-a938-4578675caf55:192.168.151.109:42280, 84a4ae1f-463c-4c61-bca5-7a956502a9f9:192.168.151.109:41745, e6ea3787-7b5b-467a-894e-3363ddf5ac49:192.168.151.109:35936], old=null at 0
2019-09-26 20:35:44,003 [7be77de1-68b9-4fa7-bda6-3bc381ab23ad@group-2B008C0CF2EB:LeaderElection20] INFO  impl.RoleInfo (RoleInfo.java:updateAndGet(143)) - 7be77de1-68b9-4fa7-bda6-3bc381ab23ad: start LeaderState
2019-09-26 20:35:44,003 [7be77de1-68b9-4fa7-bda6-3bc381ab23ad@group-2B008C0CF2EB:LeaderElection20] INFO  segmented.SegmentedRaftLogWorker (SegmentedRaftLogWorker.java:startLogSegment(380)) - 7be77de1-68b9-4fa7-bda6-3bc381ab23ad@group-2B008C0CF2EB-SegmentedRaftLogWorker: Starting segment from index:0
2019-09-26 20:35:44,004 [7be77de1-68b9-4fa7-bda6-3bc381ab23ad@group-2B008C0CF2EB:LeaderElection20] INFO  impl.RaftServerImpl (ServerState.java:setRaftConf(354)) - 7be77de1-68b9-4fa7-bda6-3bc381ab23ad@group-2B008C0CF2EB: set configuration 0: [4ffb8afb-4e86-451a-87a3-e5da03a730ae:192.168.151.109:34155, 7be77de1-68b9-4fa7-bda6-3bc381ab23ad:192.168.151.109:37592, 84f5564a-e18f-45f7-9b57-d0986cf90ae8:192.168.151.109:38925], old=null at 0
2019-09-26 20:35:44,042 [84a4ae1f-463c-4c61-bca5-7a956502a9f9@group-6F2CE06E8226-SegmentedRaftLogWorker] INFO  segmented.SegmentedRaftLogWorker (SegmentedRaftLogWorker.java:execute(569)) - 84a4ae1f-463c-4c61-bca5-7a956502a9f9@group-6F2CE06E8226-SegmentedRaftLogWorker: created new log segment /workdir/hadoop-ozone/integration-test/target/test-dir/MiniOzoneClusterImpl-6b3e93c2-f638-46ca-bf75-ac80d5cb12e3/datanode-6/data/ratis/d0ba4a7e-7fdc-410f-9c18-6f2ce06e8226/current/log_inprogress_0
2019-09-26 20:35:44,043 [grpc-default-executor-6] INFO  impl.RaftServerImpl (ServerState.java:setLeader(253)) - e6ea3787-7b5b-467a-894e-3363ddf5ac49@group-6F2CE06E8226: change Leader from null to 84a4ae1f-463c-4c61-bca5-7a956502a9f9 at term 2 for appendEntries, leader elected after 2527ms
2019-09-26 20:35:44,043 [grpc-default-executor-3] INFO  impl.RaftServerImpl (ServerState.java:setLeader(253)) - 48f2d8fd-8c43-434b-a938-4578675caf55@group-6F2CE06E8226: change Leader from null to 84a4ae1f-463c-4c61-bca5-7a956502a9f9 at term 2 for appendEntries, leader elected after 2527ms
2019-09-26 20:35:44,044 [grpc-default-executor-3] INFO  impl.RaftServerImpl (ServerState.java:setLeader(253)) - 84f5564a-e18f-45f7-9b57-d0986cf90ae8@group-2B008C0CF2EB: change Leader from null to 7be77de1-68b9-4fa7-bda6-3bc381ab23ad at term 2 for appendEntries, leader elected after 2635ms
2019-09-26 20:35:44,045 [grpc-default-executor-6] INFO  impl.RaftServerImpl (ServerState.java:setLeader(253)) - 4ffb8afb-4e86-451a-87a3-e5da03a730ae@group-2B008C0CF2EB: change Leader from null to 7be77de1-68b9-4fa7-bda6-3bc381ab23ad at term 2 for appendEntries, leader elected after 2636ms
2019-09-26 20:35:44,048 [grpc-default-executor-6] INFO  impl.RaftServerImpl (ServerState.java:setRaftConf(354)) - 48f2d8fd-8c43-434b-a938-4578675caf55@group-6F2CE06E8226: set configuration 0: [48f2d8fd-8c43-434b-a938-4578675caf55:192.168.151.109:42280, 84a4ae1f-463c-4c61-bca5-7a956502a9f9:192.168.151.109:41745, e6ea3787-7b5b-467a-894e-3363ddf5ac49:192.168.151.109:35936], old=null at 0
2019-09-26 20:35:44,048 [grpc-default-executor-3] INFO  impl.RaftServerImpl (ServerState.java:setRaftConf(354)) - e6ea3787-7b5b-467a-894e-3363ddf5ac49@group-6F2CE06E8226: set configuration 0: [48f2d8fd-8c43-434b-a938-4578675caf55:192.168.151.109:42280, 84a4ae1f-463c-4c61-bca5-7a956502a9f9:192.168.151.109:41745, e6ea3787-7b5b-467a-894e-3363ddf5ac49:192.168.151.109:35936], old=null at 0
2019-09-26 20:35:44,048 [grpc-default-executor-6] INFO  segmented.SegmentedRaftLogWorker (SegmentedRaftLogWorker.java:startLogSegment(380)) - 48f2d8fd-8c43-434b-a938-4578675caf55@group-6F2CE06E8226-SegmentedRaftLogWorker: Starting segment from index:0
2019-09-26 20:35:44,048 [grpc-default-executor-5] INFO  impl.RaftServerImpl (ServerState.java:setRaftConf(354)) - 84f5564a-e18f-45f7-9b57-d0986cf90ae8@group-2B008C0CF2EB: set configuration 0: [4ffb8afb-4e86-451a-87a3-e5da03a730ae:192.168.151.109:34155, 7be77de1-68b9-4fa7-bda6-3bc381ab23ad:192.168.151.109:37592, 84f5564a-e18f-45f7-9b57-d0986cf90ae8:192.168.151.109:38925], old=null at 0
2019-09-26 20:35:44,048 [grpc-default-executor-3] INFO  segmented.SegmentedRaftLogWorker (SegmentedRaftLogWorker.java:startLogSegment(380)) - e6ea3787-7b5b-467a-894e-3363ddf5ac49@group-6F2CE06E8226-SegmentedRaftLogWorker: Starting segment from index:0
2019-09-26 20:35:44,049 [grpc-default-executor-5] INFO  segmented.SegmentedRaftLogWorker (SegmentedRaftLogWorker.java:startLogSegment(380)) - 84f5564a-e18f-45f7-9b57-d0986cf90ae8@group-2B008C0CF2EB-SegmentedRaftLogWorker: Starting segment from index:0
2019-09-26 20:35:44,048 [grpc-default-executor-1] INFO  impl.RaftServerImpl (ServerState.java:setRaftConf(354)) - 4ffb8afb-4e86-451a-87a3-e5da03a730ae@group-2B008C0CF2EB: set configuration 0: [4ffb8afb-4e86-451a-87a3-e5da03a730ae:192.168.151.109:34155, 7be77de1-68b9-4fa7-bda6-3bc381ab23ad:192.168.151.109:37592, 84f5564a-e18f-45f7-9b57-d0986cf90ae8:192.168.151.109:38925], old=null at 0
2019-09-26 20:35:44,049 [grpc-default-executor-1] INFO  segmented.SegmentedRaftLogWorker (SegmentedRaftLogWorker.java:startLogSegment(380)) - 4ffb8afb-4e86-451a-87a3-e5da03a730ae@group-2B008C0CF2EB-SegmentedRaftLogWorker: Starting segment from index:0
2019-09-26 20:35:44,055 [7be77de1-68b9-4fa7-bda6-3bc381ab23ad@group-2B008C0CF2EB-SegmentedRaftLogWorker] INFO  segmented.SegmentedRaftLogWorker (SegmentedRaftLogWorker.java:execute(569)) - 7be77de1-68b9-4fa7-bda6-3bc381ab23ad@group-2B008C0CF2EB-SegmentedRaftLogWorker: created new log segment /workdir/hadoop-ozone/integration-test/target/test-dir/MiniOzoneClusterImpl-6b3e93c2-f638-46ca-bf75-ac80d5cb12e3/datanode-3/data/ratis/03a28e30-6e4a-4cb1-929a-2b008c0cf2eb/current/log_inprogress_0
2019-09-26 20:35:44,095 [48f2d8fd-8c43-434b-a938-4578675caf55@group-6F2CE06E8226-SegmentedRaftLogWorker] INFO  segmented.SegmentedRaftLogWorker (SegmentedRaftLogWorker.java:execute(569)) - 48f2d8fd-8c43-434b-a938-4578675caf55@group-6F2CE06E8226-SegmentedRaftLogWorker: created new log segment /workdir/hadoop-ozone/integration-test/target/test-dir/MiniOzoneClusterImpl-6b3e93c2-f638-46ca-bf75-ac80d5cb12e3/datanode-7/data/ratis/d0ba4a7e-7fdc-410f-9c18-6f2ce06e8226/current/log_inprogress_0
2019-09-26 20:35:44,095 [84f5564a-e18f-45f7-9b57-d0986cf90ae8@group-2B008C0CF2EB-SegmentedRaftLogWorker] INFO  segmented.SegmentedRaftLogWorker (SegmentedRaftLogWorker.java:execute(569)) - 84f5564a-e18f-45f7-9b57-d0986cf90ae8@group-2B008C0CF2EB-SegmentedRaftLogWorker: created new log segment /workdir/hadoop-ozone/integration-test/target/test-dir/MiniOzoneClusterImpl-6b3e93c2-f638-46ca-bf75-ac80d5cb12e3/datanode-8/data/ratis/03a28e30-6e4a-4cb1-929a-2b008c0cf2eb/current/log_inprogress_0
2019-09-26 20:35:44,095 [e6ea3787-7b5b-467a-894e-3363ddf5ac49@group-6F2CE06E8226-SegmentedRaftLogWorker] INFO  segmented.SegmentedRaftLogWorker (SegmentedRaftLogWorker.java:execute(569)) - e6ea3787-7b5b-467a-894e-3363ddf5ac49@group-6F2CE06E8226-SegmentedRaftLogWorker: created new log segment /workdir/hadoop-ozone/integration-test/target/test-dir/MiniOzoneClusterImpl-6b3e93c2-f638-46ca-bf75-ac80d5cb12e3/datanode-5/data/ratis/d0ba4a7e-7fdc-410f-9c18-6f2ce06e8226/current/log_inprogress_0
2019-09-26 20:35:44,097 [4ffb8afb-4e86-451a-87a3-e5da03a730ae@group-2B008C0CF2EB-SegmentedRaftLogWorker] INFO  segmented.SegmentedRaftLogWorker (SegmentedRaftLogWorker.java:execute(569)) - 4ffb8afb-4e86-451a-87a3-e5da03a730ae@group-2B008C0CF2EB-SegmentedRaftLogWorker: created new log segment /workdir/hadoop-ozone/integration-test/target/test-dir/MiniOzoneClusterImpl-6b3e93c2-f638-46ca-bf75-ac80d5cb12e3/datanode-4/data/ratis/03a28e30-6e4a-4cb1-929a-2b008c0cf2eb/current/log_inprogress_0
2019-09-26 20:35:44,542 [main] INFO  ipc.Client (Client.java:handleConnectionFailure(948)) - Retrying connect to server: localhost/127.0.0.1:0. Already tried 2 time(s); retry policy is RetryUpToMaximumCountWithFixedSleep(maxRetries=10, sleepTime=1000 MILLISECONDS)
2019-09-26 20:35:45,543 [main] INFO  ipc.Client (Client.java:handleConnectionFailure(948)) - Retrying connect to server: localhost/127.0.0.1:0. Already tried 3 time(s); retry policy is RetryUpToMaximumCountWithFixedSleep(maxRetries=10, sleepTime=1000 MILLISECONDS)
2019-09-26 20:35:46,544 [main] INFO  ipc.Client (Client.java:handleConnectionFailure(948)) - Retrying connect to server: localhost/127.0.0.1:0. Already tried 4 time(s); retry policy is RetryUpToMaximumCountWithFixedSleep(maxRetries=10, sleepTime=1000 MILLISECONDS)
2019-09-26 20:35:47,546 [main] INFO  ipc.Client (Client.java:handleConnectionFailure(948)) - Retrying connect to server: localhost/127.0.0.1:0. Already tried 5 time(s); retry policy is RetryUpToMaximumCountWithFixedSleep(maxRetries=10, sleepTime=1000 MILLISECONDS)
2019-09-26 20:35:48,547 [main] INFO  ipc.Client (Client.java:handleConnectionFailure(948)) - Retrying connect to server: localhost/127.0.0.1:0. Already tried 6 time(s); retry policy is RetryUpToMaximumCountWithFixedSleep(maxRetries=10, sleepTime=1000 MILLISECONDS)
2019-09-26 20:35:49,548 [main] INFO  ipc.Client (Client.java:handleConnectionFailure(948)) - Retrying connect to server: localhost/127.0.0.1:0. Already tried 7 time(s); retry policy is RetryUpToMaximumCountWithFixedSleep(maxRetries=10, sleepTime=1000 MILLISECONDS)
2019-09-26 20:35:50,550 [main] INFO  ipc.Client (Client.java:handleConnectionFailure(948)) - Retrying connect to server: localhost/127.0.0.1:0. Already tried 8 time(s); retry policy is RetryUpToMaximumCountWithFixedSleep(maxRetries=10, sleepTime=1000 MILLISECONDS)
2019-09-26 20:35:51,551 [main] INFO  ipc.Client (Client.java:handleConnectionFailure(948)) - Retrying connect to server: localhost/127.0.0.1:0. Already tried 9 time(s); retry policy is RetryUpToMaximumCountWithFixedSleep(maxRetries=10, sleepTime=1000 MILLISECONDS)
2019-09-26 20:35:52,556 [main] INFO  ipc.Client (Client.java:handleConnectionFailure(948)) - Retrying connect to server: localhost/127.0.0.1:0. Already tried 0 time(s); retry policy is RetryUpToMaximumCountWithFixedSleep(maxRetries=10, sleepTime=1000 MILLISECONDS)
2019-09-26 20:35:53,557 [main] INFO  ipc.Client (Client.java:handleConnectionFailure(948)) - Retrying connect to server: localhost/127.0.0.1:0. Already tried 1 time(s); retry policy is RetryUpToMaximumCountWithFixedSleep(maxRetries=10, sleepTime=1000 MILLISECONDS)
2019-09-26 20:35:54,558 [main] INFO  ipc.Client (Client.java:handleConnectionFailure(948)) - Retrying connect to server: localhost/127.0.0.1:0. Already tried 2 time(s); retry policy is RetryUpToMaximumCountWithFixedSleep(maxRetries=10, sleepTime=1000 MILLISECONDS)
2019-09-26 20:35:55,560 [main] INFO  ipc.Client (Client.java:handleConnectionFailure(948)) - Retrying connect to server: localhost/127.0.0.1:0. Already tried 3 time(s); retry policy is RetryUpToMaximumCountWithFixedSleep(maxRetries=10, sleepTime=1000 MILLISECONDS)
2019-09-26 20:35:56,561 [main] INFO  ipc.Client (Client.java:handleConnectionFailure(948)) - Retrying connect to server: localhost/127.0.0.1:0. Already tried 4 time(s); retry policy is RetryUpToMaximumCountWithFixedSleep(maxRetries=10, sleepTime=1000 MILLISECONDS)
2019-09-26 20:35:57,562 [main] INFO  ipc.Client (Client.java:handleConnectionFailure(948)) - Retrying connect to server: localhost/127.0.0.1:0. Already tried 5 time(s); retry policy is RetryUpToMaximumCountWithFixedSleep(maxRetries=10, sleepTime=1000 MILLISECONDS)
2019-09-26 20:35:58,564 [main] INFO  ipc.Client (Client.java:handleConnectionFailure(948)) - Retrying connect to server: localhost/127.0.0.1:0. Already tried 6 time(s); retry policy is RetryUpToMaximumCountWithFixedSleep(maxRetries=10, sleepTime=1000 MILLISECONDS)
2019-09-26 20:35:59,565 [main] INFO  ipc.Client (Client.java:handleConnectionFailure(948)) - Retrying connect to server: localhost/127.0.0.1:0. Already tried 7 time(s); retry policy is RetryUpToMaximumCountWithFixedSleep(maxRetries=10, sleepTime=1000 MILLISECONDS)
2019-09-26 20:36:00,567 [main] INFO  ipc.Client (Client.java:handleConnectionFailure(948)) - Retrying connect to server: localhost/127.0.0.1:0. Already tried 8 time(s); retry policy is RetryUpToMaximumCountWithFixedSleep(maxRetries=10, sleepTime=1000 MILLISECONDS)
2019-09-26 20:36:01,568 [main] INFO  ipc.Client (Client.java:handleConnectionFailure(948)) - Retrying connect to server: localhost/127.0.0.1:0. Already tried 9 time(s); retry policy is RetryUpToMaximumCountWithFixedSleep(maxRetries=10, sleepTime=1000 MILLISECONDS)
2019-09-26 20:36:01,570 [main] INFO  retry.RetryInvocationHandler (RetryInvocationHandler.java:log(411)) - com.google.protobuf.ServiceException: java.net.ConnectException: Your endpoint configuration is wrong; For more details see:  http://wiki.apache.org/hadoop/UnsetHostnameOrPort, while invoking $Proxy35.submitRequest over nodeId=null,nodeAddress=127.0.0.1:0 after 1 failover attempts. Trying to failover immediately.
2019-09-26 20:36:02,571 [main] INFO  ipc.Client (Client.java:handleConnectionFailure(948)) - Retrying connect to server: localhost/127.0.0.1:0. Already tried 0 time(s); retry policy is RetryUpToMaximumCountWithFixedSleep(maxRetries=10, sleepTime=1000 MILLISECONDS)
2019-09-26 20:36:03,572 [main] INFO  ipc.Client (Client.java:handleConnectionFailure(948)) - Retrying connect to server: localhost/127.0.0.1:0. Already tried 1 time(s); retry policy is RetryUpToMaximumCountWithFixedSleep(maxRetries=10, sleepTime=1000 MILLISECONDS)
2019-09-26 20:36:04,573 [main] INFO  ipc.Client (Client.java:handleConnectionFailure(948)) - Retrying connect to server: localhost/127.0.0.1:0. Already tried 2 time(s); retry policy is RetryUpToMaximumCountWithFixedSleep(maxRetries=10, sleepTime=1000 MILLISECONDS)
2019-09-26 20:36:05,575 [main] INFO  ipc.Client (Client.java:handleConnectionFailure(948)) - Retrying connect to server: localhost/127.0.0.1:0. Already tried 3 time(s); retry policy is RetryUpToMaximumCountWithFixedSleep(maxRetries=10, sleepTime=1000 MILLISECONDS)
2019-09-26 20:36:06,576 [main] INFO  ipc.Client (Client.java:handleConnectionFailure(948)) - Retrying connect to server: localhost/127.0.0.1:0. Already tried 4 time(s); retry policy is RetryUpToMaximumCountWithFixedSleep(maxRetries=10, sleepTime=1000 MILLISECONDS)
2019-09-26 20:36:07,577 [main] INFO  ipc.Client (Client.java:handleConnectionFailure(948)) - Retrying connect to server: localhost/127.0.0.1:0. Already tried 5 time(s); retry policy is RetryUpToMaximumCountWithFixedSleep(maxRetries=10, sleepTime=1000 MILLISECONDS)
2019-09-26 20:36:08,578 [main] INFO  ipc.Client (Client.java:handleConnectionFailure(948)) - Retrying connect to server: localhost/127.0.0.1:0. Already tried 6 time(s); retry policy is RetryUpToMaximumCountWithFixedSleep(maxRetries=10, sleepTime=1000 MILLISECONDS)
2019-09-26 20:36:09,579 [main] INFO  ipc.Client (Client.java:handleConnectionFailure(948)) - Retrying connect to server: localhost/127.0.0.1:0. Already tried 7 time(s); retry policy is RetryUpToMaximumCountWithFixedSleep(maxRetries=10, sleepTime=1000 MILLISECONDS)
2019-09-26 20:36:10,580 [main] INFO  ipc.Client (Client.java:handleConnectionFailure(948)) - Retrying connect to server: localhost/127.0.0.1:0. Already tried 8 time(s); retry policy is RetryUpToMaximumCountWithFixedSleep(maxRetries=10, sleepTime=1000 MILLISECONDS)
2019-09-26 20:36:11,582 [main] INFO  ipc.Client (Client.java:handleConnectionFailure(948)) - Retrying connect to server: localhost/127.0.0.1:0. Already tried 9 time(s); retry policy is RetryUpToMaximumCountWithFixedSleep(maxRetries=10, sleepTime=1000 MILLISECONDS)
2019-09-26 20:36:11,583 [main] INFO  retry.RetryInvocationHandler (RetryInvocationHandler.java:log(411)) - com.google.protobuf.ServiceException: java.net.ConnectException: Your endpoint configuration is wrong; For more details see:  http://wiki.apache.org/hadoop/UnsetHostnameOrPort, while invoking $Proxy35.submitRequest over nodeId=null,nodeAddress=127.0.0.1:0 after 2 failover attempts. Trying to failover immediately.
2019-09-26 20:36:12,585 [main] INFO  ipc.Client (Client.java:handleConnectionFailure(948)) - Retrying connect to server: localhost/127.0.0.1:0. Already tried 0 time(s); retry policy is RetryUpToMaximumCountWithFixedSleep(maxRetries=10, sleepTime=1000 MILLISECONDS)
2019-09-26 20:36:13,586 [main] INFO  ipc.Client (Client.java:handleConnectionFailure(948)) - Retrying connect to server: localhost/127.0.0.1:0. Already tried 1 time(s); retry policy is RetryUpToMaximumCountWithFixedSleep(maxRetries=10, sleepTime=1000 MILLISECONDS)
2019-09-26 20:36:14,587 [main] INFO  ipc.Client (Client.java:handleConnectionFailure(948)) - Retrying connect to server: localhost/127.0.0.1:0. Already tried 2 time(s); retry policy is RetryUpToMaximumCountWithFixedSleep(maxRetries=10, sleepTime=1000 MILLISECONDS)
2019-09-26 20:36:15,588 [main] INFO  ipc.Client (Client.java:handleConnectionFailure(948)) - Retrying connect to server: localhost/127.0.0.1:0. Already tried 3 time(s); retry policy is RetryUpToMaximumCountWithFixedSleep(maxRetries=10, sleepTime=1000 MILLISECONDS)
2019-09-26 20:36:16,590 [main] INFO  ipc.Client (Client.java:handleConnectionFailure(948)) - Retrying connect to server: localhost/127.0.0.1:0. Already tried 4 time(s); retry policy is RetryUpToMaximumCountWithFixedSleep(maxRetries=10, sleepTime=1000 MILLISECONDS)
2019-09-26 20:36:17,591 [main] INFO  ipc.Client (Client.java:handleConnectionFailure(948)) - Retrying connect to server: localhost/127.0.0.1:0. Already tried 5 time(s); retry policy is RetryUpToMaximumCountWithFixedSleep(maxRetries=10, sleepTime=1000 MILLISECONDS)
2019-09-26 20:36:18,592 [main] INFO  ipc.Client (Client.java:handleConnectionFailure(948)) - Retrying connect to server: localhost/127.0.0.1:0. Already tried 6 time(s); retry policy is RetryUpToMaximumCountWithFixedSleep(maxRetries=10, sleepTime=1000 MILLISECONDS)
2019-09-26 20:36:19,593 [main] INFO  ipc.Client (Client.java:handleConnectionFailure(948)) - Retrying connect to server: localhost/127.0.0.1:0. Already tried 7 time(s); retry policy is RetryUpToMaximumCountWithFixedSleep(maxRetries=10, sleepTime=1000 MILLISECONDS)
2019-09-26 20:36:20,595 [main] INFO  ipc.Client (Client.java:handleConnectionFailure(948)) - Retrying connect to server: localhost/127.0.0.1:0. Already tried 8 time(s); retry policy is RetryUpToMaximumCountWithFixedSleep(maxRetries=10, sleepTime=1000 MILLISECONDS)
2019-09-26 20:36:21,596 [main] INFO  ipc.Client (Client.java:handleConnectionFailure(948)) - Retrying connect to server: localhost/127.0.0.1:0. Already tried 9 time(s); retry policy is RetryUpToMaximumCountWithFixedSleep(maxRetries=10, sleepTime=1000 MILLISECONDS)
2019-09-26 20:36:21,598 [main] INFO  retry.RetryInvocationHandler (RetryInvocationHandler.java:log(411)) - com.google.protobuf.ServiceException: java.net.ConnectException: Your endpoint configuration is wrong; For more details see:  http://wiki.apache.org/hadoop/UnsetHostnameOrPort, while invoking $Proxy35.submitRequest over nodeId=null,nodeAddress=127.0.0.1:0 after 3 failover attempts. Trying to failover immediately.
2019-09-26 20:36:22,599 [main] INFO  ipc.Client (Client.java:handleConnectionFailure(948)) - Retrying connect to server: localhost/127.0.0.1:0. Already tried 0 time(s); retry policy is RetryUpToMaximumCountWithFixedSleep(maxRetries=10, sleepTime=1000 MILLISECONDS)
2019-09-26 20:36:23,601 [main] INFO  ipc.Client (Client.java:handleConnectionFailure(948)) - Retrying connect to server: localhost/127.0.0.1:0. Already tried 1 time(s); retry policy is RetryUpToMaximumCountWithFixedSleep(maxRetries=10, sleepTime=1000 MILLISECONDS)
2019-09-26 20:36:24,602 [main] INFO  ipc.Client (Client.java:handleConnectionFailure(948)) - Retrying connect to server: localhost/127.0.0.1:0. Already tried 2 time(s); retry policy is RetryUpToMaximumCountWithFixedSleep(maxRetries=10, sleepTime=1000 MILLISECONDS)
2019-09-26 20:36:25,603 [main] INFO  ipc.Client (Client.java:handleConnectionFailure(948)) - Retrying connect to server: localhost/127.0.0.1:0. Already tried 3 time(s); retry policy is RetryUpToMaximumCountWithFixedSleep(maxRetries=10, sleepTime=1000 MILLISECONDS)
2019-09-26 20:36:26,604 [main] INFO  ipc.Client (Client.java:handleConnectionFailure(948)) - Retrying connect to server: localhost/127.0.0.1:0. Already tried 4 time(s); retry policy is RetryUpToMaximumCountWithFixedSleep(maxRetries=10, sleepTime=1000 MILLISECONDS)
2019-09-26 20:36:27,606 [main] INFO  ipc.Client (Client.java:handleConnectionFailure(948)) - Retrying connect to server: localhost/127.0.0.1:0. Already tried 5 time(s); retry policy is RetryUpToMaximumCountWithFixedSleep(maxRetries=10, sleepTime=1000 MILLISECONDS)
2019-09-26 20:36:28,607 [main] INFO  ipc.Client (Client.java:handleConnectionFailure(948)) - Retrying connect to server: localhost/127.0.0.1:0. Already tried 6 time(s); retry policy is RetryUpToMaximumCountWithFixedSleep(maxRetries=10, sleepTime=1000 MILLISECONDS)
2019-09-26 20:36:29,608 [main] INFO  ipc.Client (Client.java:handleConnectionFailure(948)) - Retrying connect to server: localhost/127.0.0.1:0. Already tried 7 time(s); retry policy is RetryUpToMaximumCountWithFixedSleep(maxRetries=10, sleepTime=1000 MILLISECONDS)
2019-09-26 20:36:30,610 [main] INFO  ipc.Client (Client.java:handleConnectionFailure(948)) - Retrying connect to server: localhost/127.0.0.1:0. Already tried 8 time(s); retry policy is RetryUpToMaximumCountWithFixedSleep(maxRetries=10, sleepTime=1000 MILLISECONDS)
2019-09-26 20:36:31,611 [main] INFO  ipc.Client (Client.java:handleConnectionFailure(948)) - Retrying connect to server: localhost/127.0.0.1:0. Already tried 9 time(s); retry policy is RetryUpToMaximumCountWithFixedSleep(maxRetries=10, sleepTime=1000 MILLISECONDS)
2019-09-26 20:36:31,613 [main] INFO  retry.RetryInvocationHandler (RetryInvocationHandler.java:log(411)) - com.google.protobuf.ServiceException: java.net.ConnectException: Your endpoint configuration is wrong; For more details see:  http://wiki.apache.org/hadoop/UnsetHostnameOrPort, while invoking $Proxy35.submitRequest over nodeId=null,nodeAddress=127.0.0.1:0 after 4 failover attempts. Trying to failover immediately.
2019-09-26 20:36:33,110 [Thread-415] INFO  impl.FollowerState (FollowerState.java:run(106)) - 48f2d8fd-8c43-434b-a938-4578675caf55:group-6F2CE06E8226 changes to CANDIDATE, lastRpcTime:1145, electionTimeout:1106ms
2019-09-26 20:36:33,110 [Thread-415] INFO  impl.RoleInfo (RoleInfo.java:shutdownFollowerState(121)) - 48f2d8fd-8c43-434b-a938-4578675caf55: shutdown FollowerState
2019-09-26 20:36:33,110 [Thread-415] INFO  impl.RaftServerImpl (RaftServerImpl.java:setRole(174)) - 48f2d8fd-8c43-434b-a938-4578675caf55@group-6F2CE06E8226: changes role from  FOLLOWER to CANDIDATE at term 2 for changeToCandidate
2019-09-26 20:36:33,111 [Thread-415] INFO  impl.RoleInfo (RoleInfo.java:updateAndGet(143)) - 48f2d8fd-8c43-434b-a938-4578675caf55: start LeaderElection
2019-09-26 20:36:33,111 [Thread-374] WARN  util.JavaUtils (JavaUtils.java:sleep(250)) - Unexpected long sleep: sleep(1114ms) actually took 1487ms which is over the threshold 300ms
2019-09-26 20:36:33,116 [48f2d8fd-8c43-434b-a938-4578675caf55@group-6F2CE06E8226:LeaderElection21] INFO  impl.RaftServerImpl (ServerState.java:setLeader(253)) - 48f2d8fd-8c43-434b-a938-4578675caf55@group-6F2CE06E8226: change Leader from 84a4ae1f-463c-4c61-bca5-7a956502a9f9 to null at term 2 for initElection
2019-09-26 20:36:33,114 [main] INFO  ipc.Client (Client.java:handleConnectionFailure(948)) - Retrying connect to server: localhost/127.0.0.1:0. Already tried 0 time(s); retry policy is RetryUpToMaximumCountWithFixedSleep(maxRetries=10, sleepTime=1000 MILLISECONDS)
2019-09-26 20:36:33,114 [Thread-417] WARN  util.JavaUtils (JavaUtils.java:sleep(250)) - Unexpected long sleep: sleep(1015ms) actually took 1408ms which is over the threshold 300ms
2019-09-26 20:36:33,111 [Thread-367] WARN  util.JavaUtils (JavaUtils.java:sleep(250)) - Unexpected long sleep: sleep(1046ms) actually took 1428ms which is over the threshold 300ms
2019-09-26 20:36:33,129 [48f2d8fd-8c43-434b-a938-4578675caf55@group-6F2CE06E8226:LeaderElection21] INFO  impl.LeaderElection (LeaderElection.java:askForVotes(182)) - 48f2d8fd-8c43-434b-a938-4578675caf55@group-6F2CE06E8226:LeaderElection21: begin an election at term 3 for 0: [48f2d8fd-8c43-434b-a938-4578675caf55:192.168.151.109:42280, 84a4ae1f-463c-4c61-bca5-7a956502a9f9:192.168.151.109:41745, e6ea3787-7b5b-467a-894e-3363ddf5ac49:192.168.151.109:35936], old=null
2019-09-26 20:36:33,132 [Thread-418] INFO  impl.RaftServerImpl (ServerState.java:setLeader(253)) - 84a4ae1f-463c-4c61-bca5-7a956502a9f9@group-6F2CE06E8226: change Leader from 84a4ae1f-463c-4c61-bca5-7a956502a9f9 to null at term 3 for updateCurrentTerm
2019-09-26 20:36:33,132 [Thread-418] INFO  impl.RaftServerImpl (RaftServerImpl.java:setRole(174)) - 84a4ae1f-463c-4c61-bca5-7a956502a9f9@group-6F2CE06E8226: changes role from    LEADER to FOLLOWER at term 3 for stepDown
2019-09-26 20:36:33,132 [Thread-418] INFO  impl.RoleInfo (RoleInfo.java:shutdownLeaderState(104)) - 84a4ae1f-463c-4c61-bca5-7a956502a9f9: shutdown LeaderState
2019-09-26 20:36:33,150 [org.apache.ratis.server.impl.LogAppender$AppenderDaemon$$Lambda$436/982945735@661a3ddc] WARN  server.GrpcLogAppender (GrpcLogAppender.java:mayWait(143)) - 84a4ae1f-463c-4c61-bca5-7a956502a9f9@group-6F2CE06E8226->48f2d8fd-8c43-434b-a938-4578675caf55-GrpcLogAppender: Wait interrupted by java.lang.InterruptedException
2019-09-26 20:36:33,152 [org.apache.ratis.server.impl.LogAppender$AppenderDaemon$$Lambda$436/982945735@49b0b030] WARN  server.GrpcLogAppender (GrpcLogAppender.java:mayWait(143)) - 84a4ae1f-463c-4c61-bca5-7a956502a9f9@group-6F2CE06E8226->e6ea3787-7b5b-467a-894e-3363ddf5ac49-GrpcLogAppender: Wait interrupted by java.lang.InterruptedException
2019-09-26 20:36:33,169 [Thread-418] INFO  impl.PendingRequests (PendingRequests.java:sendNotLeaderResponses(202)) - 84a4ae1f-463c-4c61-bca5-7a956502a9f9-PendingRequests: sendNotLeaderResponses
2019-09-26 20:36:33,170 [grpc-default-executor-3] INFO  server.GrpcServerProtocolService (GrpcServerProtocolService.java:onCompleted(113)) - 48f2d8fd-8c43-434b-a938-4578675caf55: Completed APPEND_ENTRIES, lastRequest: 84a4ae1f-463c-4c61-bca5-7a956502a9f9->48f2d8fd-8c43-434b-a938-4578675caf55#97-t2, previous=(t:2, i:0), leaderCommit=0, initializing? false, entries: <empty>
2019-09-26 20:36:33,194 [Thread-418] INFO  impl.RoleInfo (RoleInfo.java:updateAndGet(143)) - 84a4ae1f-463c-4c61-bca5-7a956502a9f9: start FollowerState
2019-09-26 20:36:33,172 [grpc-default-executor-1] INFO  impl.RaftServerImpl (ServerState.java:setLeader(253)) - e6ea3787-7b5b-467a-894e-3363ddf5ac49@group-6F2CE06E8226: change Leader from 84a4ae1f-463c-4c61-bca5-7a956502a9f9 to null at term 3 for updateCurrentTerm
2019-09-26 20:36:33,170 [grpc-default-executor-5] INFO  server.GrpcServerProtocolService (GrpcServerProtocolService.java:onCompleted(113)) - e6ea3787-7b5b-467a-894e-3363ddf5ac49: Completed APPEND_ENTRIES, lastRequest: 84a4ae1f-463c-4c61-bca5-7a956502a9f9->e6ea3787-7b5b-467a-894e-3363ddf5ac49#97-t2, previous=(t:2, i:0), leaderCommit=0, initializing? false, entries: <empty>
2019-09-26 20:36:33,195 [grpc-default-executor-1] INFO  impl.RaftServerImpl (RaftServerImpl.java:setRole(174)) - e6ea3787-7b5b-467a-894e-3363ddf5ac49@group-6F2CE06E8226: changes role from  FOLLOWER to FOLLOWER at term 3 for recognizeCandidate:48f2d8fd-8c43-434b-a938-4578675caf55
2019-09-26 20:36:33,195 [grpc-default-executor-1] INFO  impl.RoleInfo (RoleInfo.java:shutdownFollowerState(121)) - e6ea3787-7b5b-467a-894e-3363ddf5ac49: shutdown FollowerState
2019-09-26 20:36:33,195 [grpc-default-executor-1] INFO  impl.RoleInfo (RoleInfo.java:updateAndGet(143)) - e6ea3787-7b5b-467a-894e-3363ddf5ac49: start FollowerState
2019-09-26 20:36:33,195 [Thread-416] INFO  impl.FollowerState (FollowerState.java:run(115)) - e6ea3787-7b5b-467a-894e-3363ddf5ac49: FollowerState was interrupted: java.lang.InterruptedException: sleep interrupted
2019-09-26 20:36:33,198 [grpc-default-executor-3] INFO  server.GrpcLogAppender (GrpcLogAppender.java:onCompleted(293)) - 84a4ae1f-463c-4c61-bca5-7a956502a9f9@group-6F2CE06E8226->48f2d8fd-8c43-434b-a938-4578675caf55-AppendLogResponseHandler: follower responses appendEntries COMPLETED
2019-09-26 20:36:33,201 [grpc-default-executor-5] INFO  server.GrpcLogAppender (GrpcLogAppender.java:onCompleted(293)) - 84a4ae1f-463c-4c61-bca5-7a956502a9f9@group-6F2CE06E8226->e6ea3787-7b5b-467a-894e-3363ddf5ac49-AppendLogResponseHandler: follower responses appendEntries COMPLETED
2019-09-26 20:36:33,202 [grpc-default-executor-3] INFO  impl.FollowerInfo (FollowerInfo.java:lambda$new$0(51)) - 84a4ae1f-463c-4c61-bca5-7a956502a9f9@group-6F2CE06E8226->48f2d8fd-8c43-434b-a938-4578675caf55: nextIndex: updateUnconditionally 1 -> 0
2019-09-26 20:36:33,209 [grpc-default-executor-2] INFO  impl.RaftServerImpl (RaftServerImpl.java:setRole(174)) - 84a4ae1f-463c-4c61-bca5-7a956502a9f9@group-6F2CE06E8226: changes role from  FOLLOWER to FOLLOWER at term 3 for recognizeCandidate:48f2d8fd-8c43-434b-a938-4578675caf55
2019-09-26 20:36:33,209 [grpc-default-executor-2] INFO  impl.RoleInfo (RoleInfo.java:shutdownFollowerState(121)) - 84a4ae1f-463c-4c61-bca5-7a956502a9f9: shutdown FollowerState
2019-09-26 20:36:33,223 [Thread-1021] INFO  impl.FollowerState (FollowerState.java:run(115)) - 84a4ae1f-463c-4c61-bca5-7a956502a9f9: FollowerState was interrupted: java.lang.InterruptedException: sleep interrupted
2019-09-26 20:36:33,223 [grpc-default-executor-2] INFO  impl.RoleInfo (RoleInfo.java:updateAndGet(143)) - 84a4ae1f-463c-4c61-bca5-7a956502a9f9: start FollowerState
2019-09-26 20:36:33,225 [grpc-default-executor-5] INFO  impl.FollowerInfo (FollowerInfo.java:lambda$new$0(51)) - 84a4ae1f-463c-4c61-bca5-7a956502a9f9@group-6F2CE06E8226->e6ea3787-7b5b-467a-894e-3363ddf5ac49: nextIndex: updateUnconditionally 1 -> 0
2019-09-26 20:36:33,262 [48f2d8fd-8c43-434b-a938-4578675caf55@group-6F2CE06E8226:LeaderElection21] INFO  impl.LeaderElection (LeaderElection.java:logAndReturn(56)) - 48f2d8fd-8c43-434b-a938-4578675caf55@group-6F2CE06E8226:LeaderElection21: Election PASSED; received 1 response(s) [48f2d8fd-8c43-434b-a938-4578675caf55<-84a4ae1f-463c-4c61-bca5-7a956502a9f9#0:OK-t3] and 0 exception(s); 48f2d8fd-8c43-434b-a938-4578675caf55@group-6F2CE06E8226:t3, leader=null, voted=48f2d8fd-8c43-434b-a938-4578675caf55, raftlog=48f2d8fd-8c43-434b-a938-4578675caf55@group-6F2CE06E8226-SegmentedRaftLog:OPENED:c0,f0,i0, conf=0: [48f2d8fd-8c43-434b-a938-4578675caf55:192.168.151.109:42280, 84a4ae1f-463c-4c61-bca5-7a956502a9f9:192.168.151.109:41745, e6ea3787-7b5b-467a-894e-3363ddf5ac49:192.168.151.109:35936], old=null
2019-09-26 20:36:33,262 [48f2d8fd-8c43-434b-a938-4578675caf55@group-6F2CE06E8226:LeaderElection21] INFO  impl.RoleInfo (RoleInfo.java:shutdownLeaderElection(134)) - 48f2d8fd-8c43-434b-a938-4578675caf55: shutdown LeaderElection
2019-09-26 20:36:33,265 [48f2d8fd-8c43-434b-a938-4578675caf55@group-6F2CE06E8226:LeaderElection21] INFO  impl.RaftServerImpl (RaftServerImpl.java:setRole(174)) - 48f2d8fd-8c43-434b-a938-4578675caf55@group-6F2CE06E8226: changes role from CANDIDATE to LEADER at term 3 for changeToLeader
2019-09-26 20:36:33,265 [48f2d8fd-8c43-434b-a938-4578675caf55@group-6F2CE06E8226:LeaderElection21] INFO  impl.RaftServerImpl (ServerState.java:setLeader(253)) - 48f2d8fd-8c43-434b-a938-4578675caf55@group-6F2CE06E8226: change Leader from null to 48f2d8fd-8c43-434b-a938-4578675caf55 at term 3 for becomeLeader, leader elected after 149ms
2019-09-26 20:36:33,266 [48f2d8fd-8c43-434b-a938-4578675caf55@group-6F2CE06E8226:LeaderElection21] INFO  server.RaftServerConfigKeys (ConfUtils.java:logGet(43)) - raft.server.staging.catchup.gap = 1000 (default)
2019-09-26 20:36:33,266 [48f2d8fd-8c43-434b-a938-4578675caf55@group-6F2CE06E8226:LeaderElection21] INFO  server.RaftServerConfigKeys (ConfUtils.java:logGet(43)) - raft.server.rpc.sleep.time = 25ms (default)
2019-09-26 20:36:33,266 [48f2d8fd-8c43-434b-a938-4578675caf55@group-6F2CE06E8226:LeaderElection21] INFO  server.RaftServerConfigKeys (ConfUtils.java:logGet(43)) - raft.server.write.element-limit = 4096 (default)
2019-09-26 20:36:33,266 [48f2d8fd-8c43-434b-a938-4578675caf55@group-6F2CE06E8226:LeaderElection21] INFO  server.RaftServerConfigKeys (ConfUtils.java:logGet(43)) - raft.server.watch.timeout = 10s (default)
2019-09-26 20:36:33,266 [48f2d8fd-8c43-434b-a938-4578675caf55@group-6F2CE06E8226:LeaderElection21] INFO  server.RaftServerConfigKeys (ConfUtils.java:logGet(43)) - raft.server.watch.timeout.denomination = 1s (default)
2019-09-26 20:36:33,266 [48f2d8fd-8c43-434b-a938-4578675caf55@group-6F2CE06E8226:LeaderElection21] INFO  server.RaftServerConfigKeys (ConfUtils.java:logGet(43)) - raft.server.watch.element-limit = 65536 (default)
2019-09-26 20:36:33,449 [48f2d8fd-8c43-434b-a938-4578675caf55@group-6F2CE06E8226:LeaderElection21] INFO  server.RaftServerConfigKeys (ConfUtils.java:logGet(43)) - raft.server.log.appender.snapshot.chunk.size.max = 16MB (=16777216) (default)
2019-09-26 20:36:33,450 [48f2d8fd-8c43-434b-a938-4578675caf55@group-6F2CE06E8226:LeaderElection21] INFO  server.RaftServerConfigKeys (ConfUtils.java:logGet(43)) - raft.server.log.appender.buffer.byte-limit = 33554432 (custom)
2019-09-26 20:36:33,450 [48f2d8fd-8c43-434b-a938-4578675caf55@group-6F2CE06E8226:LeaderElection21] INFO  server.RaftServerConfigKeys (ConfUtils.java:logGet(43)) - raft.server.log.appender.buffer.element-limit = 1 (custom)
2019-09-26 20:36:33,450 [48f2d8fd-8c43-434b-a938-4578675caf55@group-6F2CE06E8226:LeaderElection21] INFO  grpc.GrpcConfigKeys$Server (ConfUtils.java:logGet(43)) - raft.grpc.server.leader.outstanding.appends.max = 128 (default)
2019-09-26 20:36:33,450 [48f2d8fd-8c43-434b-a938-4578675caf55@group-6F2CE06E8226:LeaderElection21] INFO  server.RaftServerConfigKeys (ConfUtils.java:logGet(43)) - raft.server.rpc.request.timeout = 3000ms (default)
2019-09-26 20:36:33,451 [48f2d8fd-8c43-434b-a938-4578675caf55@group-6F2CE06E8226:LeaderElection21] INFO  server.RaftServerConfigKeys (ConfUtils.java:logGet(43)) - raft.server.log.appender.install.snapshot.enabled = false (custom)
2019-09-26 20:36:33,451 [48f2d8fd-8c43-434b-a938-4578675caf55@group-6F2CE06E8226:LeaderElection21] INFO  server.RaftServerConfigKeys (ConfUtils.java:logGet(43)) - raft.server.log.appender.snapshot.chunk.size.max = 16MB (=16777216) (default)
2019-09-26 20:36:33,451 [48f2d8fd-8c43-434b-a938-4578675caf55@group-6F2CE06E8226:LeaderElection21] INFO  server.RaftServerConfigKeys (ConfUtils.java:logGet(43)) - raft.server.log.appender.buffer.byte-limit = 33554432 (custom)
2019-09-26 20:36:33,451 [48f2d8fd-8c43-434b-a938-4578675caf55@group-6F2CE06E8226:LeaderElection21] INFO  server.RaftServerConfigKeys (ConfUtils.java:logGet(43)) - raft.server.log.appender.buffer.element-limit = 1 (custom)
2019-09-26 20:36:33,452 [48f2d8fd-8c43-434b-a938-4578675caf55@group-6F2CE06E8226:LeaderElection21] INFO  grpc.GrpcConfigKeys$Server (ConfUtils.java:logGet(43)) - raft.grpc.server.leader.outstanding.appends.max = 128 (default)
2019-09-26 20:36:33,452 [48f2d8fd-8c43-434b-a938-4578675caf55@group-6F2CE06E8226:LeaderElection21] INFO  server.RaftServerConfigKeys (ConfUtils.java:logGet(43)) - raft.server.rpc.request.timeout = 3000ms (default)
2019-09-26 20:36:33,452 [48f2d8fd-8c43-434b-a938-4578675caf55@group-6F2CE06E8226:LeaderElection21] INFO  server.RaftServerConfigKeys (ConfUtils.java:logGet(43)) - raft.server.log.appender.install.snapshot.enabled = false (custom)
2019-09-26 20:36:33,452 [48f2d8fd-8c43-434b-a938-4578675caf55@group-6F2CE06E8226:LeaderElection21] INFO  impl.RoleInfo (RoleInfo.java:updateAndGet(143)) - 48f2d8fd-8c43-434b-a938-4578675caf55: start LeaderState
2019-09-26 20:36:33,454 [48f2d8fd-8c43-434b-a938-4578675caf55@group-6F2CE06E8226:LeaderElection21] INFO  segmented.SegmentedRaftLogWorker (SegmentedRaftLogWorker.java:rollLogSegment(385)) - 48f2d8fd-8c43-434b-a938-4578675caf55@group-6F2CE06E8226-SegmentedRaftLogWorker: Rolling segment log-0_0 to index:0
2019-09-26 20:36:33,458 [48f2d8fd-8c43-434b-a938-4578675caf55@group-6F2CE06E8226-SegmentedRaftLogWorker] INFO  segmented.SegmentedRaftLogWorker (SegmentedRaftLogWorker.java:execute(526)) - 48f2d8fd-8c43-434b-a938-4578675caf55@group-6F2CE06E8226-SegmentedRaftLogWorker: Rolled log segment from /workdir/hadoop-ozone/integration-test/target/test-dir/MiniOzoneClusterImpl-6b3e93c2-f638-46ca-bf75-ac80d5cb12e3/datanode-7/data/ratis/d0ba4a7e-7fdc-410f-9c18-6f2ce06e8226/current/log_inprogress_0 to /workdir/hadoop-ozone/integration-test/target/test-dir/MiniOzoneClusterImpl-6b3e93c2-f638-46ca-bf75-ac80d5cb12e3/datanode-7/data/ratis/d0ba4a7e-7fdc-410f-9c18-6f2ce06e8226/current/log_0-0
2019-09-26 20:36:33,465 [48f2d8fd-8c43-434b-a938-4578675caf55@group-6F2CE06E8226:LeaderElection21] INFO  impl.RaftServerImpl (ServerState.java:setRaftConf(354)) - 48f2d8fd-8c43-434b-a938-4578675caf55@group-6F2CE06E8226: set configuration 1: [48f2d8fd-8c43-434b-a938-4578675caf55:192.168.151.109:42280, 84a4ae1f-463c-4c61-bca5-7a956502a9f9:192.168.151.109:41745, e6ea3787-7b5b-467a-894e-3363ddf5ac49:192.168.151.109:35936], old=null at 1
2019-09-26 20:36:33,505 [grpc-default-executor-1] INFO  impl.RaftServerImpl (ServerState.java:setLeader(253)) - e6ea3787-7b5b-467a-894e-3363ddf5ac49@group-6F2CE06E8226: change Leader from null to 48f2d8fd-8c43-434b-a938-4578675caf55 at term 3 for appendEntries, leader elected after 332ms
2019-09-26 20:36:33,505 [grpc-default-executor-2] INFO  impl.RaftServerImpl (ServerState.java:setLeader(253)) - 84a4ae1f-463c-4c61-bca5-7a956502a9f9@group-6F2CE06E8226: change Leader from null to 48f2d8fd-8c43-434b-a938-4578675caf55 at term 3 for appendEntries, leader elected after 373ms
2019-09-26 20:36:33,516 [48f2d8fd-8c43-434b-a938-4578675caf55@group-6F2CE06E8226-SegmentedRaftLogWorker] INFO  segmented.SegmentedRaftLogWorker (SegmentedRaftLogWorker.java:execute(569)) - 48f2d8fd-8c43-434b-a938-4578675caf55@group-6F2CE06E8226-SegmentedRaftLogWorker: created new log segment /workdir/hadoop-ozone/integration-test/target/test-dir/MiniOzoneClusterImpl-6b3e93c2-f638-46ca-bf75-ac80d5cb12e3/datanode-7/data/ratis/d0ba4a7e-7fdc-410f-9c18-6f2ce06e8226/current/log_inprogress_1
2019-09-26 20:36:33,518 [grpc-default-executor-1] INFO  impl.RaftServerImpl (ServerState.java:setRaftConf(354)) - 84a4ae1f-463c-4c61-bca5-7a956502a9f9@group-6F2CE06E8226: set configuration 1: [48f2d8fd-8c43-434b-a938-4578675caf55:192.168.151.109:42280, 84a4ae1f-463c-4c61-bca5-7a956502a9f9:192.168.151.109:41745, e6ea3787-7b5b-467a-894e-3363ddf5ac49:192.168.151.109:35936], old=null at 1
2019-09-26 20:36:33,518 [grpc-default-executor-2] INFO  impl.RaftServerImpl (ServerState.java:setRaftConf(354)) - e6ea3787-7b5b-467a-894e-3363ddf5ac49@group-6F2CE06E8226: set configuration 1: [48f2d8fd-8c43-434b-a938-4578675caf55:192.168.151.109:42280, 84a4ae1f-463c-4c61-bca5-7a956502a9f9:192.168.151.109:41745, e6ea3787-7b5b-467a-894e-3363ddf5ac49:192.168.151.109:35936], old=null at 1
2019-09-26 20:36:33,518 [grpc-default-executor-1] INFO  segmented.SegmentedRaftLogWorker (SegmentedRaftLogWorker.java:rollLogSegment(385)) - 84a4ae1f-463c-4c61-bca5-7a956502a9f9@group-6F2CE06E8226-SegmentedRaftLogWorker: Rolling segment log-0_0 to index:0
2019-09-26 20:36:33,518 [grpc-default-executor-2] INFO  segmented.SegmentedRaftLogWorker (SegmentedRaftLogWorker.java:rollLogSegment(385)) - e6ea3787-7b5b-467a-894e-3363ddf5ac49@group-6F2CE06E8226-SegmentedRaftLogWorker: Rolling segment log-0_0 to index:0
2019-09-26 20:36:33,519 [84a4ae1f-463c-4c61-bca5-7a956502a9f9@group-6F2CE06E8226-SegmentedRaftLogWorker] INFO  segmented.SegmentedRaftLogWorker (SegmentedRaftLogWorker.java:execute(526)) - 84a4ae1f-463c-4c61-bca5-7a956502a9f9@group-6F2CE06E8226-SegmentedRaftLogWorker: Rolled log segment from /workdir/hadoop-ozone/integration-test/target/test-dir/MiniOzoneClusterImpl-6b3e93c2-f638-46ca-bf75-ac80d5cb12e3/datanode-6/data/ratis/d0ba4a7e-7fdc-410f-9c18-6f2ce06e8226/current/log_inprogress_0 to /workdir/hadoop-ozone/integration-test/target/test-dir/MiniOzoneClusterImpl-6b3e93c2-f638-46ca-bf75-ac80d5cb12e3/datanode-6/data/ratis/d0ba4a7e-7fdc-410f-9c18-6f2ce06e8226/current/log_0-0
2019-09-26 20:36:33,519 [e6ea3787-7b5b-467a-894e-3363ddf5ac49@group-6F2CE06E8226-SegmentedRaftLogWorker] INFO  segmented.SegmentedRaftLogWorker (SegmentedRaftLogWorker.java:execute(526)) - e6ea3787-7b5b-467a-894e-3363ddf5ac49@group-6F2CE06E8226-SegmentedRaftLogWorker: Rolled log segment from /workdir/hadoop-ozone/integration-test/target/test-dir/MiniOzoneClusterImpl-6b3e93c2-f638-46ca-bf75-ac80d5cb12e3/datanode-5/data/ratis/d0ba4a7e-7fdc-410f-9c18-6f2ce06e8226/current/log_inprogress_0 to /workdir/hadoop-ozone/integration-test/target/test-dir/MiniOzoneClusterImpl-6b3e93c2-f638-46ca-bf75-ac80d5cb12e3/datanode-5/data/ratis/d0ba4a7e-7fdc-410f-9c18-6f2ce06e8226/current/log_0-0
2019-09-26 20:36:33,565 [e6ea3787-7b5b-467a-894e-3363ddf5ac49@group-6F2CE06E8226-SegmentedRaftLogWorker] INFO  segmented.SegmentedRaftLogWorker (SegmentedRaftLogWorker.java:execute(569)) - e6ea3787-7b5b-467a-894e-3363ddf5ac49@group-6F2CE06E8226-SegmentedRaftLogWorker: created new log segment /workdir/hadoop-ozone/integration-test/target/test-dir/MiniOzoneClusterImpl-6b3e93c2-f638-46ca-bf75-ac80d5cb12e3/datanode-5/data/ratis/d0ba4a7e-7fdc-410f-9c18-6f2ce06e8226/current/log_inprogress_1
2019-09-26 20:36:33,565 [84a4ae1f-463c-4c61-bca5-7a956502a9f9@group-6F2CE06E8226-SegmentedRaftLogWorker] INFO  segmented.SegmentedRaftLogWorker (SegmentedRaftLogWorker.java:execute(569)) - 84a4ae1f-463c-4c61-bca5-7a956502a9f9@group-6F2CE06E8226-SegmentedRaftLogWorker: created new log segment /workdir/hadoop-ozone/integration-test/target/test-dir/MiniOzoneClusterImpl-6b3e93c2-f638-46ca-bf75-ac80d5cb12e3/datanode-6/data/ratis/d0ba4a7e-7fdc-410f-9c18-6f2ce06e8226/current/log_inprogress_1
2019-09-26 20:36:34,117 [main] INFO  ipc.Client (Client.java:handleConnectionFailure(948)) - Retrying connect to server: localhost/127.0.0.1:0. Already tried 1 time(s); retry policy is RetryUpToMaximumCountWithFixedSleep(maxRetries=10, sleepTime=1000 MILLISECONDS)
2019-09-26 20:36:35,118 [main] INFO  ipc.Client (Client.java:handleConnectionFailure(948)) - Retrying connect to server: localhost/127.0.0.1:0. Already tried 2 time(s); retry policy is RetryUpToMaximumCountWithFixedSleep(maxRetries=10, sleepTime=1000 MILLISECONDS)
2019-09-26 20:36:36,119 [main] INFO  ipc.Client (Client.java:handleConnectionFailure(948)) - Retrying connect to server: localhost/127.0.0.1:0. Already tried 3 time(s); retry policy is RetryUpToMaximumCountWithFixedSleep(maxRetries=10, sleepTime=1000 MILLISECONDS)
2019-09-26 20:36:37,121 [main] INFO  ipc.Client (Client.java:handleConnectionFailure(948)) - Retrying connect to server: localhost/127.0.0.1:0. Already tried 4 time(s); retry policy is RetryUpToMaximumCountWithFixedSleep(maxRetries=10, sleepTime=1000 MILLISECONDS)
2019-09-26 20:36:38,122 [main] INFO  ipc.Client (Client.java:handleConnectionFailure(948)) - Retrying connect to server: localhost/127.0.0.1:0. Already tried 5 time(s); retry policy is RetryUpToMaximumCountWithFixedSleep(maxRetries=10, sleepTime=1000 MILLISECONDS)
2019-09-26 20:36:39,123 [main] INFO  ipc.Client (Client.java:handleConnectionFailure(948)) - Retrying connect to server: localhost/127.0.0.1:0. Already tried 6 time(s); retry policy is RetryUpToMaximumCountWithFixedSleep(maxRetries=10, sleepTime=1000 MILLISECONDS)
2019-09-26 20:36:40,124 [main] INFO  ipc.Client (Client.java:handleConnectionFailure(948)) - Retrying connect to server: localhost/127.0.0.1:0. Already tried 7 time(s); retry policy is RetryUpToMaximumCountWithFixedSleep(maxRetries=10, sleepTime=1000 MILLISECONDS)
2019-09-26 20:36:41,125 [main] INFO  ipc.Client (Client.java:handleConnectionFailure(948)) - Retrying connect to server: localhost/127.0.0.1:0. Already tried 8 time(s); retry policy is RetryUpToMaximumCountWithFixedSleep(maxRetries=10, sleepTime=1000 MILLISECONDS)
2019-09-26 20:36:42,126 [main] INFO  ipc.Client (Client.java:handleConnectionFailure(948)) - Retrying connect to server: localhost/127.0.0.1:0. Already tried 9 time(s); retry policy is RetryUpToMaximumCountWithFixedSleep(maxRetries=10, sleepTime=1000 MILLISECONDS)
2019-09-26 20:36:42,128 [main] INFO  retry.RetryInvocationHandler (RetryInvocationHandler.java:log(411)) - com.google.protobuf.ServiceException: java.net.ConnectException: Your endpoint configuration is wrong; For more details see:  http://wiki.apache.org/hadoop/UnsetHostnameOrPort, while invoking $Proxy35.submitRequest over nodeId=null,nodeAddress=127.0.0.1:0 after 5 failover attempts. Trying to failover immediately.
2019-09-26 20:36:43,129 [main] INFO  ipc.Client (Client.java:handleConnectionFailure(948)) - Retrying connect to server: localhost/127.0.0.1:0. Already tried 0 time(s); retry policy is RetryUpToMaximumCountWithFixedSleep(maxRetries=10, sleepTime=1000 MILLISECONDS)
2019-09-26 20:36:44,130 [main] INFO  ipc.Client (Client.java:handleConnectionFailure(948)) - Retrying connect to server: localhost/127.0.0.1:0. Already tried 1 time(s); retry policy is RetryUpToMaximumCountWithFixedSleep(maxRetries=10, sleepTime=1000 MILLISECONDS)
2019-09-26 20:36:45,132 [main] INFO  ipc.Client (Client.java:handleConnectionFailure(948)) - Retrying connect to server: localhost/127.0.0.1:0. Already tried 2 time(s); retry policy is RetryUpToMaximumCountWithFixedSleep(maxRetries=10, sleepTime=1000 MILLISECONDS)
2019-09-26 20:36:46,133 [main] INFO  ipc.Client (Client.java:handleConnectionFailure(948)) - Retrying connect to server: localhost/127.0.0.1:0. Already tried 3 time(s); retry policy is RetryUpToMaximumCountWithFixedSleep(maxRetries=10, sleepTime=1000 MILLISECONDS)
2019-09-26 20:36:47,134 [main] INFO  ipc.Client (Client.java:handleConnectionFailure(948)) - Retrying connect to server: localhost/127.0.0.1:0. Already tried 4 time(s); retry policy is RetryUpToMaximumCountWithFixedSleep(maxRetries=10, sleepTime=1000 MILLISECONDS)
2019-09-26 20:36:48,136 [main] INFO  ipc.Client (Client.java:handleConnectionFailure(948)) - Retrying connect to server: localhost/127.0.0.1:0. Already tried 5 time(s); retry policy is RetryUpToMaximumCountWithFixedSleep(maxRetries=10, sleepTime=1000 MILLISECONDS)
2019-09-26 20:36:49,137 [main] INFO  ipc.Client (Client.java:handleConnectionFailure(948)) - Retrying connect to server: localhost/127.0.0.1:0. Already tried 6 time(s); retry policy is RetryUpToMaximumCountWithFixedSleep(maxRetries=10, sleepTime=1000 MILLISECONDS)
2019-09-26 20:36:50,139 [main] INFO  ipc.Client (Client.java:handleConnectionFailure(948)) - Retrying connect to server: localhost/127.0.0.1:0. Already tried 7 time(s); retry policy is RetryUpToMaximumCountWithFixedSleep(maxRetries=10, sleepTime=1000 MILLISECONDS)
2019-09-26 20:36:51,140 [main] INFO  ipc.Client (Client.java:handleConnectionFailure(948)) - Retrying connect to server: localhost/127.0.0.1:0. Already tried 8 time(s); retry policy is RetryUpToMaximumCountWithFixedSleep(maxRetries=10, sleepTime=1000 MILLISECONDS)
2019-09-26 20:36:52,141 [main] INFO  ipc.Client (Client.java:handleConnectionFailure(948)) - Retrying connect to server: localhost/127.0.0.1:0. Already tried 9 time(s); retry policy is RetryUpToMaximumCountWithFixedSleep(maxRetries=10, sleepTime=1000 MILLISECONDS)
2019-09-26 20:36:52,143 [main] INFO  retry.RetryInvocationHandler (RetryInvocationHandler.java:log(411)) - com.google.protobuf.ServiceException: java.net.ConnectException: Your endpoint configuration is wrong; For more details see:  http://wiki.apache.org/hadoop/UnsetHostnameOrPort, while invoking $Proxy35.submitRequest over nodeId=null,nodeAddress=127.0.0.1:0 after 6 failover attempts. Trying to failover immediately.
2019-09-26 20:36:53,144 [main] INFO  ipc.Client (Client.java:handleConnectionFailure(948)) - Retrying connect to server: localhost/127.0.0.1:0. Already tried 0 time(s); retry policy is RetryUpToMaximumCountWithFixedSleep(maxRetries=10, sleepTime=1000 MILLISECONDS)
2019-09-26 20:36:54,145 [main] INFO  ipc.Client (Client.java:handleConnectionFailure(948)) - Retrying connect to server: localhost/127.0.0.1:0. Already tried 1 time(s); retry policy is RetryUpToMaximumCountWithFixedSleep(maxRetries=10, sleepTime=1000 MILLISECONDS)
2019-09-26 20:36:55,147 [main] INFO  ipc.Client (Client.java:handleConnectionFailure(948)) - Retrying connect to server: localhost/127.0.0.1:0. Already tried 2 time(s); retry policy is RetryUpToMaximumCountWithFixedSleep(maxRetries=10, sleepTime=1000 MILLISECONDS)
2019-09-26 20:36:56,148 [main] INFO  ipc.Client (Client.java:handleConnectionFailure(948)) - Retrying connect to server: localhost/127.0.0.1:0. Already tried 3 time(s); retry policy is RetryUpToMaximumCountWithFixedSleep(maxRetries=10, sleepTime=1000 MILLISECONDS)
2019-09-26 20:36:57,149 [main] INFO  ipc.Client (Client.java:handleConnectionFailure(948)) - Retrying connect to server: localhost/127.0.0.1:0. Already tried 4 time(s); retry policy is RetryUpToMaximumCountWithFixedSleep(maxRetries=10, sleepTime=1000 MILLISECONDS)
2019-09-26 20:36:58,151 [main] INFO  ipc.Client (Client.java:handleConnectionFailure(948)) - Retrying connect to server: localhost/127.0.0.1:0. Already tried 5 time(s); retry policy is RetryUpToMaximumCountWithFixedSleep(maxRetries=10, sleepTime=1000 MILLISECONDS)
2019-09-26 20:36:59,152 [main] INFO  ipc.Client (Client.java:handleConnectionFailure(948)) - Retrying connect to server: localhost/127.0.0.1:0. Already tried 6 time(s); retry policy is RetryUpToMaximumCountWithFixedSleep(maxRetries=10, sleepTime=1000 MILLISECONDS)
2019-09-26 20:37:00,153 [main] INFO  ipc.Client (Client.java:handleConnectionFailure(948)) - Retrying connect to server: localhost/127.0.0.1:0. Already tried 7 time(s); retry policy is RetryUpToMaximumCountWithFixedSleep(maxRetries=10, sleepTime=1000 MILLISECONDS)
2019-09-26 20:37:01,155 [main] INFO  ipc.Client (Client.java:handleConnectionFailure(948)) - Retrying connect to server: localhost/127.0.0.1:0. Already tried 8 time(s); retry policy is RetryUpToMaximumCountWithFixedSleep(maxRetries=10, sleepTime=1000 MILLISECONDS)
2019-09-26 20:37:02,156 [main] INFO  ipc.Client (Client.java:handleConnectionFailure(948)) - Retrying connect to server: localhost/127.0.0.1:0. Already tried 9 time(s); retry policy is RetryUpToMaximumCountWithFixedSleep(maxRetries=10, sleepTime=1000 MILLISECONDS)
2019-09-26 20:37:02,157 [main] INFO  retry.RetryInvocationHandler (RetryInvocationHandler.java:log(411)) - com.google.protobuf.ServiceException: java.net.ConnectException: Your endpoint configuration is wrong; For more details see:  http://wiki.apache.org/hadoop/UnsetHostnameOrPort, while invoking $Proxy35.submitRequest over nodeId=null,nodeAddress=127.0.0.1:0 after 7 failover attempts. Trying to failover immediately.
2019-09-26 20:37:03,158 [main] INFO  ipc.Client (Client.java:handleConnectionFailure(948)) - Retrying connect to server: localhost/127.0.0.1:0. Already tried 0 time(s); retry policy is RetryUpToMaximumCountWithFixedSleep(maxRetries=10, sleepTime=1000 MILLISECONDS)
2019-09-26 20:37:04,160 [main] INFO  ipc.Client (Client.java:handleConnectionFailure(948)) - Retrying connect to server: localhost/127.0.0.1:0. Already tried 1 time(s); retry policy is RetryUpToMaximumCountWithFixedSleep(maxRetries=10, sleepTime=1000 MILLISECONDS)
2019-09-26 20:37:05,161 [main] INFO  ipc.Client (Client.java:handleConnectionFailure(948)) - Retrying connect to server: localhost/127.0.0.1:0. Already tried 2 time(s); retry policy is RetryUpToMaximumCountWithFixedSleep(maxRetries=10, sleepTime=1000 MILLISECONDS)
2019-09-26 20:37:06,162 [main] INFO  ipc.Client (Client.java:handleConnectionFailure(948)) - Retrying connect to server: localhost/127.0.0.1:0. Already tried 3 time(s); retry policy is RetryUpToMaximumCountWithFixedSleep(maxRetries=10, sleepTime=1000 MILLISECONDS)
2019-09-26 20:37:07,164 [main] INFO  ipc.Client (Client.java:handleConnectionFailure(948)) - Retrying connect to server: localhost/127.0.0.1:0. Already tried 4 time(s); retry policy is RetryUpToMaximumCountWithFixedSleep(maxRetries=10, sleepTime=1000 MILLISECONDS)
2019-09-26 20:37:08,166 [main] INFO  ipc.Client (Client.java:handleConnectionFailure(948)) - Retrying connect to server: localhost/127.0.0.1:0. Already tried 5 time(s); retry policy is RetryUpToMaximumCountWithFixedSleep(maxRetries=10, sleepTime=1000 MILLISECONDS)
2019-09-26 20:37:09,167 [main] INFO  ipc.Client (Client.java:handleConnectionFailure(948)) - Retrying connect to server: localhost/127.0.0.1:0. Already tried 6 time(s); retry policy is RetryUpToMaximumCountWithFixedSleep(maxRetries=10, sleepTime=1000 MILLISECONDS)
2019-09-26 20:37:10,168 [main] INFO  ipc.Client (Client.java:handleConnectionFailure(948)) - Retrying connect to server: localhost/127.0.0.1:0. Already tried 7 time(s); retry policy is RetryUpToMaximumCountWithFixedSleep(maxRetries=10, sleepTime=1000 MILLISECONDS)
2019-09-26 20:37:11,169 [main] INFO  ipc.Client (Client.java:handleConnectionFailure(948)) - Retrying connect to server: localhost/127.0.0.1:0. Already tried 8 time(s); retry policy is RetryUpToMaximumCountWithFixedSleep(maxRetries=10, sleepTime=1000 MILLISECONDS)
2019-09-26 20:37:12,170 [main] INFO  ipc.Client (Client.java:handleConnectionFailure(948)) - Retrying connect to server: localhost/127.0.0.1:0. Already tried 9 time(s); retry policy is RetryUpToMaximumCountWithFixedSleep(maxRetries=10, sleepTime=1000 MILLISECONDS)
2019-09-26 20:37:12,172 [main] INFO  retry.RetryInvocationHandler (RetryInvocationHandler.java:log(411)) - com.google.protobuf.ServiceException: java.net.ConnectException: Your endpoint configuration is wrong; For more details see:  http://wiki.apache.org/hadoop/UnsetHostnameOrPort, while invoking $Proxy35.submitRequest over nodeId=null,nodeAddress=127.0.0.1:0 after 8 failover attempts. Trying to failover immediately.
2019-09-26 20:37:13,173 [main] INFO  ipc.Client (Client.java:handleConnectionFailure(948)) - Retrying connect to server: localhost/127.0.0.1:0. Already tried 0 time(s); retry policy is RetryUpToMaximumCountWithFixedSleep(maxRetries=10, sleepTime=1000 MILLISECONDS)
2019-09-26 20:37:14,175 [main] INFO  ipc.Client (Client.java:handleConnectionFailure(948)) - Retrying connect to server: localhost/127.0.0.1:0. Already tried 1 time(s); retry policy is RetryUpToMaximumCountWithFixedSleep(maxRetries=10, sleepTime=1000 MILLISECONDS)
2019-09-26 20:37:15,176 [main] INFO  ipc.Client (Client.java:handleConnectionFailure(948)) - Retrying connect to server: localhost/127.0.0.1:0. Already tried 2 time(s); retry policy is RetryUpToMaximumCountWithFixedSleep(maxRetries=10, sleepTime=1000 MILLISECONDS)
2019-09-26 20:37:16,177 [main] INFO  ipc.Client (Client.java:handleConnectionFailure(948)) - Retrying connect to server: localhost/127.0.0.1:0. Already tried 3 time(s); retry policy is RetryUpToMaximumCountWithFixedSleep(maxRetries=10, sleepTime=1000 MILLISECONDS)
2019-09-26 20:37:17,178 [main] INFO  ipc.Client (Client.java:handleConnectionFailure(948)) - Retrying connect to server: localhost/127.0.0.1:0. Already tried 4 time(s); retry policy is RetryUpToMaximumCountWithFixedSleep(maxRetries=10, sleepTime=1000 MILLISECONDS)
2019-09-26 20:37:18,179 [main] INFO  ipc.Client (Client.java:handleConnectionFailure(948)) - Retrying connect to server: localhost/127.0.0.1:0. Already tried 5 time(s); retry policy is RetryUpToMaximumCountWithFixedSleep(maxRetries=10, sleepTime=1000 MILLISECONDS)
2019-09-26 20:37:19,180 [main] INFO  ipc.Client (Client.java:handleConnectionFailure(948)) - Retrying connect to server: localhost/127.0.0.1:0. Already tried 6 time(s); retry policy is RetryUpToMaximumCountWithFixedSleep(maxRetries=10, sleepTime=1000 MILLISECONDS)
2019-09-26 20:37:20,181 [main] INFO  ipc.Client (Client.java:handleConnectionFailure(948)) - Retrying connect to server: localhost/127.0.0.1:0. Already tried 7 time(s); retry policy is RetryUpToMaximumCountWithFixedSleep(maxRetries=10, sleepTime=1000 MILLISECONDS)
2019-09-26 20:37:21,182 [main] INFO  ipc.Client (Client.java:handleConnectionFailure(948)) - Retrying connect to server: localhost/127.0.0.1:0. Already tried 8 time(s); retry policy is RetryUpToMaximumCountWithFixedSleep(maxRetries=10, sleepTime=1000 MILLISECONDS)
2019-09-26 20:37:22,184 [main] INFO  ipc.Client (Client.java:handleConnectionFailure(948)) - Retrying connect to server: localhost/127.0.0.1:0. Already tried 9 time(s); retry policy is RetryUpToMaximumCountWithFixedSleep(maxRetries=10, sleepTime=1000 MILLISECONDS)
2019-09-26 20:37:22,186 [main] INFO  retry.RetryInvocationHandler (RetryInvocationHandler.java:log(411)) - com.google.protobuf.ServiceException: java.net.ConnectException: Your endpoint configuration is wrong; For more details see:  http://wiki.apache.org/hadoop/UnsetHostnameOrPort, while invoking $Proxy35.submitRequest over nodeId=null,nodeAddress=127.0.0.1:0 after 9 failover attempts. Trying to failover immediately.
2019-09-26 20:37:23,187 [main] INFO  ipc.Client (Client.java:handleConnectionFailure(948)) - Retrying connect to server: localhost/127.0.0.1:0. Already tried 0 time(s); retry policy is RetryUpToMaximumCountWithFixedSleep(maxRetries=10, sleepTime=1000 MILLISECONDS)
2019-09-26 20:37:24,188 [main] INFO  ipc.Client (Client.java:handleConnectionFailure(948)) - Retrying connect to server: localhost/127.0.0.1:0. Already tried 1 time(s); retry policy is RetryUpToMaximumCountWithFixedSleep(maxRetries=10, sleepTime=1000 MILLISECONDS)
2019-09-26 20:37:25,189 [main] INFO  ipc.Client (Client.java:handleConnectionFailure(948)) - Retrying connect to server: localhost/127.0.0.1:0. Already tried 2 time(s); retry policy is RetryUpToMaximumCountWithFixedSleep(maxRetries=10, sleepTime=1000 MILLISECONDS)
2019-09-26 20:37:26,190 [main] INFO  ipc.Client (Client.java:handleConnectionFailure(948)) - Retrying connect to server: localhost/127.0.0.1:0. Already tried 3 time(s); retry policy is RetryUpToMaximumCountWithFixedSleep(maxRetries=10, sleepTime=1000 MILLISECONDS)
2019-09-26 20:37:27,192 [main] INFO  ipc.Client (Client.java:handleConnectionFailure(948)) - Retrying connect to server: localhost/127.0.0.1:0. Already tried 4 time(s); retry policy is RetryUpToMaximumCountWithFixedSleep(maxRetries=10, sleepTime=1000 MILLISECONDS)
2019-09-26 20:37:28,193 [main] INFO  ipc.Client (Client.java:handleConnectionFailure(948)) - Retrying connect to server: localhost/127.0.0.1:0. Already tried 5 time(s); retry policy is RetryUpToMaximumCountWithFixedSleep(maxRetries=10, sleepTime=1000 MILLISECONDS)
2019-09-26 20:37:29,194 [main] INFO  ipc.Client (Client.java:handleConnectionFailure(948)) - Retrying connect to server: localhost/127.0.0.1:0. Already tried 6 time(s); retry policy is RetryUpToMaximumCountWithFixedSleep(maxRetries=10, sleepTime=1000 MILLISECONDS)
2019-09-26 20:37:30,195 [main] INFO  ipc.Client (Client.java:handleConnectionFailure(948)) - Retrying connect to server: localhost/127.0.0.1:0. Already tried 7 time(s); retry policy is RetryUpToMaximumCountWithFixedSleep(maxRetries=10, sleepTime=1000 MILLISECONDS)
2019-09-26 20:37:31,197 [main] INFO  ipc.Client (Client.java:handleConnectionFailure(948)) - Retrying connect to server: localhost/127.0.0.1:0. Already tried 8 time(s); retry policy is RetryUpToMaximumCountWithFixedSleep(maxRetries=10, sleepTime=1000 MILLISECONDS)
2019-09-26 20:37:32,198 [main] INFO  ipc.Client (Client.java:handleConnectionFailure(948)) - Retrying connect to server: localhost/127.0.0.1:0. Already tried 9 time(s); retry policy is RetryUpToMaximumCountWithFixedSleep(maxRetries=10, sleepTime=1000 MILLISECONDS)
2019-09-26 20:37:32,200 [main] ERROR ha.OMFailoverProxyProvider (OzoneManagerProtocolClientSideTranslatorPB.java:getRetryAction(268)) - Failed to connect to OM. Attempted 10 retries and 10 failovers
2019-09-26 20:37:32,204 [main] ERROR client.OzoneClientFactory (OzoneClientFactory.java:getClientProtocol(259)) - Couldn't create RpcClient protocol exception: 
java.net.ConnectException: Your endpoint configuration is wrong; For more details see:  http://wiki.apache.org/hadoop/UnsetHostnameOrPort
	at sun.reflect.NativeConstructorAccessorImpl.newInstance0(Native Method)
	at sun.reflect.NativeConstructorAccessorImpl.newInstance(NativeConstructorAccessorImpl.java:62)
	at sun.reflect.DelegatingConstructorAccessorImpl.newInstance(DelegatingConstructorAccessorImpl.java:45)
	at java.lang.reflect.Constructor.newInstance(Constructor.java:423)
	at org.apache.hadoop.net.NetUtils.wrapWithMessage(NetUtils.java:831)
	at org.apache.hadoop.net.NetUtils.wrapException(NetUtils.java:751)
	at org.apache.hadoop.ipc.Client.getRpcResponse(Client.java:1515)
	at org.apache.hadoop.ipc.Client.call(Client.java:1457)
	at org.apache.hadoop.ipc.Client.call(Client.java:1367)
	at org.apache.hadoop.ipc.ProtobufRpcEngine$Invoker.invoke(ProtobufRpcEngine.java:228)
	at org.apache.hadoop.ipc.ProtobufRpcEngine$Invoker.invoke(ProtobufRpcEngine.java:116)
	at com.sun.proxy.$Proxy35.submitRequest(Unknown Source)
	at sun.reflect.NativeMethodAccessorImpl.invoke0(Native Method)
	at sun.reflect.NativeMethodAccessorImpl.invoke(NativeMethodAccessorImpl.java:62)
	at sun.reflect.DelegatingMethodAccessorImpl.invoke(DelegatingMethodAccessorImpl.java:43)
	at java.lang.reflect.Method.invoke(Method.java:498)
	at org.apache.hadoop.io.retry.RetryInvocationHandler.invokeMethod(RetryInvocationHandler.java:422)
	at org.apache.hadoop.io.retry.RetryInvocationHandler$Call.invokeMethod(RetryInvocationHandler.java:165)
	at org.apache.hadoop.io.retry.RetryInvocationHandler$Call.invoke(RetryInvocationHandler.java:157)
	at org.apache.hadoop.io.retry.RetryInvocationHandler$Call.invokeOnce(RetryInvocationHandler.java:95)
	at org.apache.hadoop.io.retry.RetryInvocationHandler.invoke(RetryInvocationHandler.java:359)
	at com.sun.proxy.$Proxy35.submitRequest(Unknown Source)
	at org.apache.hadoop.ozone.om.protocolPB.OzoneManagerProtocolClientSideTranslatorPB.submitRequest(OzoneManagerProtocolClientSideTranslatorPB.java:338)
	at org.apache.hadoop.ozone.om.protocolPB.OzoneManagerProtocolClientSideTranslatorPB.getServiceInfo(OzoneManagerProtocolClientSideTranslatorPB.java:1223)
	at sun.reflect.NativeMethodAccessorImpl.invoke0(Native Method)
	at sun.reflect.NativeMethodAccessorImpl.invoke(NativeMethodAccessorImpl.java:62)
	at sun.reflect.DelegatingMethodAccessorImpl.invoke(DelegatingMethodAccessorImpl.java:43)
	at java.lang.reflect.Method.invoke(Method.java:498)
	at org.apache.hadoop.hdds.tracing.TraceAllMethod.invoke(TraceAllMethod.java:66)
	at com.sun.proxy.$Proxy36.getServiceInfo(Unknown Source)
	at org.apache.hadoop.ozone.client.rpc.RpcClient.<init>(RpcClient.java:154)
	at org.apache.hadoop.ozone.client.OzoneClientFactory.getClientProtocol(OzoneClientFactory.java:256)
	at org.apache.hadoop.ozone.client.OzoneClientFactory.getClientProtocol(OzoneClientFactory.java:239)
	at org.apache.hadoop.ozone.client.OzoneClientFactory.getClient(OzoneClientFactory.java:75)
	at org.apache.hadoop.ozone.client.rpc.TestMultiBlockWritesWithDnFailures.startCluster(TestMultiBlockWritesWithDnFailures.java:96)
	at org.apache.hadoop.ozone.client.rpc.TestMultiBlockWritesWithDnFailures.testMultiBlockWritesWithIntermittentDnFailures(TestMultiBlockWritesWithDnFailures.java:160)
	at sun.reflect.NativeMethodAccessorImpl.invoke0(Native Method)
	at sun.reflect.NativeMethodAccessorImpl.invoke(NativeMethodAccessorImpl.java:62)
	at sun.reflect.DelegatingMethodAccessorImpl.invoke(DelegatingMethodAccessorImpl.java:43)
	at java.lang.reflect.Method.invoke(Method.java:498)
	at org.junit.runners.model.FrameworkMethod$1.runReflectiveCall(FrameworkMethod.java:47)
	at org.junit.internal.runners.model.ReflectiveCallable.run(ReflectiveCallable.java:12)
	at org.junit.runners.model.FrameworkMethod.invokeExplosively(FrameworkMethod.java:44)
	at org.junit.internal.runners.statements.InvokeMethod.evaluate(InvokeMethod.java:17)
	at org.junit.internal.runners.statements.RunAfters.evaluate(RunAfters.java:27)
	at org.junit.runners.ParentRunner.runLeaf(ParentRunner.java:271)
	at org.junit.runners.BlockJUnit4ClassRunner.runChild(BlockJUnit4ClassRunner.java:70)
	at org.junit.runners.BlockJUnit4ClassRunner.runChild(BlockJUnit4ClassRunner.java:50)
	at org.junit.runners.ParentRunner$3.run(ParentRunner.java:238)
	at org.junit.runners.ParentRunner$1.schedule(ParentRunner.java:63)
	at org.junit.runners.ParentRunner.runChildren(ParentRunner.java:236)
	at org.junit.runners.ParentRunner.access$000(ParentRunner.java:53)
	at org.junit.runners.ParentRunner$2.evaluate(ParentRunner.java:229)
	at org.junit.runners.ParentRunner.run(ParentRunner.java:309)
	at org.apache.maven.surefire.junit4.JUnit4Provider.execute(JUnit4Provider.java:365)
	at org.apache.maven.surefire.junit4.JUnit4Provider.executeWithRerun(JUnit4Provider.java:273)
	at org.apache.maven.surefire.junit4.JUnit4Provider.executeTestSet(JUnit4Provider.java:238)
	at org.apache.maven.surefire.junit4.JUnit4Provider.invoke(JUnit4Provider.java:159)
	at org.apache.maven.surefire.booter.ForkedBooter.invokeProviderInSameClassLoader(ForkedBooter.java:384)
	at org.apache.maven.surefire.booter.ForkedBooter.runSuitesInProcess(ForkedBooter.java:345)
	at org.apache.maven.surefire.booter.ForkedBooter.execute(ForkedBooter.java:126)
	at org.apache.maven.surefire.booter.ForkedBooter.main(ForkedBooter.java:418)
Caused by: java.net.ConnectException: Connection refused
	at sun.nio.ch.SocketChannelImpl.checkConnect(Native Method)
	at sun.nio.ch.SocketChannelImpl.finishConnect(SocketChannelImpl.java:717)
	at org.apache.hadoop.net.SocketIOWithTimeout.connect(SocketIOWithTimeout.java:206)
	at org.apache.hadoop.net.NetUtils.connect(NetUtils.java:531)
	at org.apache.hadoop.ipc.Client$Connection.setupConnection(Client.java:690)
	at org.apache.hadoop.ipc.Client$Connection.setupIOstreams(Client.java:794)
	at org.apache.hadoop.ipc.Client$Connection.access$3700(Client.java:411)
	at org.apache.hadoop.ipc.Client.getConnection(Client.java:1572)
	at org.apache.hadoop.ipc.Client.call(Client.java:1403)
	... 54 more
2019-09-26 20:37:32,208 [main] INFO  ozone.MiniOzoneClusterImpl (MiniOzoneClusterImpl.java:shutdown(314)) - Shutting down the Mini Ozone Cluster
2019-09-26 20:37:32,209 [main] INFO  ozone.MiniOzoneClusterImpl (MiniOzoneClusterImpl.java:stop(330)) - Stopping the Mini Ozone Cluster
2019-09-26 20:37:32,209 [main] INFO  ozone.MiniOzoneClusterImpl (MiniOzoneClusterImpl.java:stopOM(400)) - Stopping the OzoneManager
2019-09-26 20:37:32,209 [main] INFO  ipc.Server (Server.java:stop(3082)) - Stopping server on 43678
2019-09-26 20:37:32,221 [IPC Server listener on 43678] INFO  ipc.Server (Server.java:run(1185)) - Stopping IPC Server listener on 43678
2019-09-26 20:37:32,224 [main] INFO  ratis.OzoneManagerDoubleBuffer (OzoneManagerDoubleBuffer.java:stop(248)) - Stopping OMDoubleBuffer flush thread
2019-09-26 20:37:32,238 [IPC Server Responder] INFO  ipc.Server (Server.java:run(1319)) - Stopping IPC Server Responder
2019-09-26 20:37:32,238 [OMDoubleBufferFlushThread] INFO  ratis.OzoneManagerDoubleBuffer (OzoneManagerDoubleBuffer.java:flushTransactions(191)) - OMDoubleBuffer flush thread OMDoubleBufferFlushThread is interrupted and will exit. OMDoubleBufferFlushThread
2019-09-26 20:37:32,281 [main] INFO  utils.BackgroundService (BackgroundService.java:shutdown(148)) - Shutting down service KeyDeletingService
2019-09-26 20:37:32,287 [main] INFO  handler.ContextHandler (ContextHandler.java:doStop(910)) - Stopped o.e.j.w.WebAppContext@4158debd{/,null,UNAVAILABLE}{/ozoneManager}
2019-09-26 20:37:32,295 [main] INFO  server.AbstractConnector (AbstractConnector.java:doStop(318)) - Stopped ServerConnector@af78c87{HTTP/1.1,[http/1.1]}{0.0.0.0:0}
2019-09-26 20:37:32,295 [main] INFO  handler.ContextHandler (ContextHandler.java:doStop(910)) - Stopped o.e.j.s.ServletContextHandler@65004ff6{/static,file:///workdir/hadoop-ozone/integration-test/target/test-classes/webapps/static,UNAVAILABLE}
2019-09-26 20:37:32,296 [main] INFO  handler.ContextHandler (ContextHandler.java:doStop(910)) - Stopped o.e.j.s.ServletContextHandler@49aa766b{/logs,file:///workdir/hadoop-ozone/integration-test/target/log,UNAVAILABLE}
2019-09-26 20:37:32,302 [main] INFO  ozone.MiniOzoneClusterImpl (MiniOzoneClusterImpl.java:stopDatanodes(377)) - Stopping the HddsDatanodes
2019-09-26 20:37:33,119 [Datanode State Machine Thread - 0] INFO  statemachine.DatanodeStateMachine (DatanodeStateMachine.java:lambda$startDaemon$0(350)) - Ozone container server started.
2019-09-26 20:37:33,123 [Datanode State Machine Thread - 0] INFO  statemachine.DatanodeStateMachine (DatanodeStateMachine.java:lambda$startDaemon$0(350)) - Ozone container server started.
2019-09-26 20:37:37,305 [main] INFO  ozoneimpl.OzoneContainer (OzoneContainer.java:stop(231)) - Attempting to stop container services.
2019-09-26 20:37:37,305 [ForkJoinPool.commonPool-worker-0] INFO  ozoneimpl.OzoneContainer (OzoneContainer.java:stop(231)) - Attempting to stop container services.
2019-09-26 20:37:37,306 [ForkJoinPool.commonPool-worker-0] INFO  impl.RaftServerProxy (RaftServerProxy.java:lambda$close$4(314)) - 6ca955d0-fbd7-4658-a5a5-f0aaa33d5ec1: close
2019-09-26 20:37:37,306 [main] INFO  impl.RaftServerProxy (RaftServerProxy.java:lambda$close$4(314)) - e6ea3787-7b5b-467a-894e-3363ddf5ac49: close
2019-09-26 20:37:37,309 [ForkJoinPool.commonPool-worker-0] INFO  impl.RaftServerImpl (RaftServerImpl.java:lambda$shutdown$3(251)) - 6ca955d0-fbd7-4658-a5a5-f0aaa33d5ec1@group-94C086103DCA: shutdown
2019-09-26 20:37:37,309 [main] INFO  impl.RaftServerImpl (RaftServerImpl.java:lambda$shutdown$3(251)) - e6ea3787-7b5b-467a-894e-3363ddf5ac49@group-6F2CE06E8226: shutdown
2019-09-26 20:37:37,309 [ForkJoinPool.commonPool-worker-0] INFO  util.JmxRegister (JmxRegister.java:unregister(73)) - Successfully un-registered JMX Bean with object name Ratis:service=RaftServer,group=group-94C086103DCA,id=6ca955d0-fbd7-4658-a5a5-f0aaa33d5ec1
2019-09-26 20:37:37,310 [main] INFO  util.JmxRegister (JmxRegister.java:unregister(73)) - Successfully un-registered JMX Bean with object name Ratis:service=RaftServer,group=group-6F2CE06E8226,id=e6ea3787-7b5b-467a-894e-3363ddf5ac49
2019-09-26 20:37:37,311 [main] INFO  impl.RoleInfo (RoleInfo.java:shutdownFollowerState(121)) - e6ea3787-7b5b-467a-894e-3363ddf5ac49: shutdown FollowerState
2019-09-26 20:37:37,310 [ForkJoinPool.commonPool-worker-0] INFO  impl.RoleInfo (RoleInfo.java:shutdownLeaderState(104)) - 6ca955d0-fbd7-4658-a5a5-f0aaa33d5ec1: shutdown LeaderState
2019-09-26 20:37:37,311 [Thread-1022] INFO  impl.FollowerState (FollowerState.java:run(115)) - e6ea3787-7b5b-467a-894e-3363ddf5ac49: FollowerState was interrupted: java.lang.InterruptedException: sleep interrupted
2019-09-26 20:37:37,311 [main] INFO  impl.StateMachineUpdater (StateMachineUpdater.java:stopAndJoin(125)) - e6ea3787-7b5b-467a-894e-3363ddf5ac49@group-6F2CE06E8226-StateMachineUpdater: set stopIndex = 2
2019-09-26 20:37:37,312 [ForkJoinPool.commonPool-worker-0] INFO  impl.PendingRequests (PendingRequests.java:sendNotLeaderResponses(202)) - 6ca955d0-fbd7-4658-a5a5-f0aaa33d5ec1-PendingRequests: sendNotLeaderResponses
2019-09-26 20:37:37,316 [main] INFO  impl.RaftServerImpl (ServerState.java:close(385)) - e6ea3787-7b5b-467a-894e-3363ddf5ac49@group-6F2CE06E8226: closes. applyIndex: 2
2019-09-26 20:37:37,317 [ForkJoinPool.commonPool-worker-0] INFO  impl.StateMachineUpdater (StateMachineUpdater.java:stopAndJoin(125)) - 6ca955d0-fbd7-4658-a5a5-f0aaa33d5ec1@group-94C086103DCA-StateMachineUpdater: set stopIndex = 0
2019-09-26 20:37:37,320 [ForkJoinPool.commonPool-worker-0] INFO  impl.RaftServerImpl (ServerState.java:close(385)) - 6ca955d0-fbd7-4658-a5a5-f0aaa33d5ec1@group-94C086103DCA: closes. applyIndex: 0
2019-09-26 20:37:37,321 [e6ea3787-7b5b-467a-894e-3363ddf5ac49@group-6F2CE06E8226-SegmentedRaftLogWorker] INFO  segmented.SegmentedRaftLogWorker (SegmentedRaftLogWorker.java:run(313)) - e6ea3787-7b5b-467a-894e-3363ddf5ac49@group-6F2CE06E8226-SegmentedRaftLogWorker was interrupted, exiting. There are 0 tasks remaining in the queue.
2019-09-26 20:37:37,321 [6ca955d0-fbd7-4658-a5a5-f0aaa33d5ec1@group-94C086103DCA-SegmentedRaftLogWorker] INFO  segmented.SegmentedRaftLogWorker (SegmentedRaftLogWorker.java:run(313)) - 6ca955d0-fbd7-4658-a5a5-f0aaa33d5ec1@group-94C086103DCA-SegmentedRaftLogWorker was interrupted, exiting. There are 0 tasks remaining in the queue.
2019-09-26 20:37:37,324 [main] INFO  segmented.SegmentedRaftLogWorker (SegmentedRaftLogWorker.java:close(228)) - e6ea3787-7b5b-467a-894e-3363ddf5ac49@group-6F2CE06E8226-SegmentedRaftLogWorker close()
2019-09-26 20:37:37,324 [ForkJoinPool.commonPool-worker-0] INFO  segmented.SegmentedRaftLogWorker (SegmentedRaftLogWorker.java:close(228)) - 6ca955d0-fbd7-4658-a5a5-f0aaa33d5ec1@group-94C086103DCA-SegmentedRaftLogWorker close()
2019-09-26 20:37:37,331 [main] INFO  impl.RaftServerImpl (RaftServerImpl.java:lambda$shutdown$3(251)) - e6ea3787-7b5b-467a-894e-3363ddf5ac49@group-2CCCD796DEF5: shutdown
2019-09-26 20:37:37,334 [ForkJoinPool.commonPool-worker-0] INFO  impl.RaftServerImpl (RaftServerImpl.java:lambda$shutdown$3(251)) - 6ca955d0-fbd7-4658-a5a5-f0aaa33d5ec1@group-B2E4CA7B7F81: shutdown
2019-09-26 20:37:37,334 [main] INFO  util.JmxRegister (JmxRegister.java:unregister(73)) - Successfully un-registered JMX Bean with object name Ratis:service=RaftServer,group=group-2CCCD796DEF5,id=e6ea3787-7b5b-467a-894e-3363ddf5ac49
2019-09-26 20:37:37,335 [main] INFO  impl.RoleInfo (RoleInfo.java:shutdownLeaderState(104)) - e6ea3787-7b5b-467a-894e-3363ddf5ac49: shutdown LeaderState
2019-09-26 20:37:37,334 [ForkJoinPool.commonPool-worker-0] INFO  util.JmxRegister (JmxRegister.java:unregister(73)) - Successfully un-registered JMX Bean with object name Ratis:service=RaftServer,group=group-B2E4CA7B7F81,id=6ca955d0-fbd7-4658-a5a5-f0aaa33d5ec1
2019-09-26 20:37:37,335 [main] INFO  impl.PendingRequests (PendingRequests.java:sendNotLeaderResponses(202)) - e6ea3787-7b5b-467a-894e-3363ddf5ac49-PendingRequests: sendNotLeaderResponses
2019-09-26 20:37:37,335 [ForkJoinPool.commonPool-worker-0] INFO  impl.RoleInfo (RoleInfo.java:shutdownLeaderState(104)) - 6ca955d0-fbd7-4658-a5a5-f0aaa33d5ec1: shutdown LeaderState
2019-09-26 20:37:37,336 [main] INFO  impl.StateMachineUpdater (StateMachineUpdater.java:stopAndJoin(125)) - e6ea3787-7b5b-467a-894e-3363ddf5ac49@group-2CCCD796DEF5-StateMachineUpdater: set stopIndex = 0
2019-09-26 20:37:37,341 [org.apache.ratis.server.impl.LogAppender$AppenderDaemon$$Lambda$436/982945735@70440dfc] WARN  server.GrpcLogAppender (GrpcLogAppender.java:mayWait(143)) - 6ca955d0-fbd7-4658-a5a5-f0aaa33d5ec1@group-B2E4CA7B7F81->eae3403e-0c87-43fb-a8fd-0fe2a75a4733-GrpcLogAppender: Wait interrupted by java.lang.InterruptedException
2019-09-26 20:37:37,341 [org.apache.ratis.server.impl.LogAppender$AppenderDaemon$$Lambda$436/982945735@48855960] WARN  server.GrpcLogAppender (GrpcLogAppender.java:mayWait(143)) - 6ca955d0-fbd7-4658-a5a5-f0aaa33d5ec1@group-B2E4CA7B7F81->df489160-9035-493c-b28c-85e4df434e3a-GrpcLogAppender: Wait interrupted by java.lang.InterruptedException
2019-09-26 20:37:37,340 [ForkJoinPool.commonPool-worker-0] INFO  impl.PendingRequests (PendingRequests.java:sendNotLeaderResponses(202)) - 6ca955d0-fbd7-4658-a5a5-f0aaa33d5ec1-PendingRequests: sendNotLeaderResponses
2019-09-26 20:37:37,341 [main] INFO  impl.RaftServerImpl (ServerState.java:close(385)) - e6ea3787-7b5b-467a-894e-3363ddf5ac49@group-2CCCD796DEF5: closes. applyIndex: 0
2019-09-26 20:37:37,342 [grpc-default-executor-7] INFO  server.GrpcServerProtocolService (GrpcServerProtocolService.java:onCompleted(113)) - df489160-9035-493c-b28c-85e4df434e3a: Completed APPEND_ENTRIES, lastRequest: 6ca955d0-fbd7-4658-a5a5-f0aaa33d5ec1->df489160-9035-493c-b28c-85e4df434e3a#227-t1, previous=(t:1, i:0), leaderCommit=0, initializing? false, entries: <empty>
2019-09-26 20:37:37,342 [grpc-default-executor-2] INFO  server.GrpcServerProtocolService (GrpcServerProtocolService.java:onCompleted(113)) - eae3403e-0c87-43fb-a8fd-0fe2a75a4733: Completed APPEND_ENTRIES, lastRequest: 6ca955d0-fbd7-4658-a5a5-f0aaa33d5ec1->eae3403e-0c87-43fb-a8fd-0fe2a75a4733#227-t1, previous=(t:1, i:0), leaderCommit=0, initializing? false, entries: <empty>
2019-09-26 20:37:37,342 [ForkJoinPool.commonPool-worker-0] INFO  impl.StateMachineUpdater (StateMachineUpdater.java:stopAndJoin(125)) - 6ca955d0-fbd7-4658-a5a5-f0aaa33d5ec1@group-B2E4CA7B7F81-StateMachineUpdater: set stopIndex = 0
2019-09-26 20:37:37,342 [e6ea3787-7b5b-467a-894e-3363ddf5ac49@group-2CCCD796DEF5-SegmentedRaftLogWorker] INFO  segmented.SegmentedRaftLogWorker (SegmentedRaftLogWorker.java:run(313)) - e6ea3787-7b5b-467a-894e-3363ddf5ac49@group-2CCCD796DEF5-SegmentedRaftLogWorker was interrupted, exiting. There are 0 tasks remaining in the queue.
2019-09-26 20:37:37,343 [ForkJoinPool.commonPool-worker-0] INFO  impl.RaftServerImpl (ServerState.java:close(385)) - 6ca955d0-fbd7-4658-a5a5-f0aaa33d5ec1@group-B2E4CA7B7F81: closes. applyIndex: 0
2019-09-26 20:37:37,345 [main] INFO  segmented.SegmentedRaftLogWorker (SegmentedRaftLogWorker.java:close(228)) - e6ea3787-7b5b-467a-894e-3363ddf5ac49@group-2CCCD796DEF5-SegmentedRaftLogWorker close()
2019-09-26 20:37:37,346 [grpc-default-executor-2] INFO  server.GrpcLogAppender (GrpcLogAppender.java:onCompleted(293)) - 6ca955d0-fbd7-4658-a5a5-f0aaa33d5ec1@group-B2E4CA7B7F81->df489160-9035-493c-b28c-85e4df434e3a-AppendLogResponseHandler: follower responses appendEntries COMPLETED
2019-09-26 20:37:37,346 [grpc-default-executor-7] INFO  server.GrpcLogAppender (GrpcLogAppender.java:onCompleted(293)) - 6ca955d0-fbd7-4658-a5a5-f0aaa33d5ec1@group-B2E4CA7B7F81->eae3403e-0c87-43fb-a8fd-0fe2a75a4733-AppendLogResponseHandler: follower responses appendEntries COMPLETED
2019-09-26 20:37:37,346 [6ca955d0-fbd7-4658-a5a5-f0aaa33d5ec1@group-B2E4CA7B7F81-SegmentedRaftLogWorker] INFO  segmented.SegmentedRaftLogWorker (SegmentedRaftLogWorker.java:run(313)) - 6ca955d0-fbd7-4658-a5a5-f0aaa33d5ec1@group-B2E4CA7B7F81-SegmentedRaftLogWorker was interrupted, exiting. There are 0 tasks remaining in the queue.
2019-09-26 20:37:37,355 [grpc-default-executor-2] INFO  impl.FollowerInfo (FollowerInfo.java:lambda$new$0(51)) - 6ca955d0-fbd7-4658-a5a5-f0aaa33d5ec1@group-B2E4CA7B7F81->df489160-9035-493c-b28c-85e4df434e3a: nextIndex: updateUnconditionally 1 -> 0
2019-09-26 20:37:37,359 [ForkJoinPool.commonPool-worker-0] INFO  segmented.SegmentedRaftLogWorker (SegmentedRaftLogWorker.java:close(228)) - 6ca955d0-fbd7-4658-a5a5-f0aaa33d5ec1@group-B2E4CA7B7F81-SegmentedRaftLogWorker close()
2019-09-26 20:37:37,357 [grpc-default-executor-7] INFO  impl.FollowerInfo (FollowerInfo.java:lambda$new$0(51)) - 6ca955d0-fbd7-4658-a5a5-f0aaa33d5ec1@group-B2E4CA7B7F81->eae3403e-0c87-43fb-a8fd-0fe2a75a4733: nextIndex: updateUnconditionally 1 -> 0
2019-09-26 20:37:37,364 [ForkJoinPool.commonPool-worker-0] INFO  server.GrpcService (GrpcService.java:closeImpl(164)) - 6ca955d0-fbd7-4658-a5a5-f0aaa33d5ec1: shutdown server with port 36062 now
2019-09-26 20:37:37,360 [main] INFO  server.GrpcService (GrpcService.java:closeImpl(164)) - e6ea3787-7b5b-467a-894e-3363ddf5ac49: shutdown server with port 35936 now
2019-09-26 20:37:37,371 [ForkJoinPool.commonPool-worker-0] INFO  server.GrpcService (GrpcService.java:closeImpl(172)) - 6ca955d0-fbd7-4658-a5a5-f0aaa33d5ec1: shutdown server with port 36062 successfully
2019-09-26 20:37:37,374 [grpc-default-executor-2] WARN  server.GrpcServerProtocolService (LogUtils.java:warn(134)) - e6ea3787-7b5b-467a-894e-3363ddf5ac49: installSnapshot onError, lastRequest: 48f2d8fd-8c43-434b-a938-4578675caf55->e6ea3787-7b5b-467a-894e-3363ddf5ac49#128-t3, previous=(t:3, i:2), leaderCommit=2, initializing? false, entries: <empty>: org.apache.ratis.thirdparty.io.grpc.StatusRuntimeException: CANCELLED: cancelled before receiving half close
2019-09-26 20:37:37,375 [main] INFO  server.GrpcService (GrpcService.java:closeImpl(172)) - e6ea3787-7b5b-467a-894e-3363ddf5ac49: shutdown server with port 35936 successfully
2019-09-26 20:37:37,379 [grpc-default-executor-1] WARN  server.GrpcLogAppender (LogUtils.java:warn(134)) - 48f2d8fd-8c43-434b-a938-4578675caf55@group-6F2CE06E8226->e6ea3787-7b5b-467a-894e-3363ddf5ac49-AppendLogResponseHandler: Failed appendEntries: org.apache.ratis.thirdparty.io.grpc.StatusRuntimeException: CANCELLED: HTTP/2 error code: CANCEL
Received Rst Stream
2019-09-26 20:37:37,383 [grpc-default-executor-1] INFO  impl.FollowerInfo (FollowerInfo.java:lambda$new$0(51)) - 48f2d8fd-8c43-434b-a938-4578675caf55@group-6F2CE06E8226->e6ea3787-7b5b-467a-894e-3363ddf5ac49: nextIndex: updateUnconditionally 3 -> 2
2019-09-26 20:37:37,384 [refreshUsed-/workdir/hadoop-ozone/integration-test/target/test-dir/MiniOzoneClusterImpl-6b3e93c2-f638-46ca-bf75-ac80d5cb12e3/datanode-5/data/containers] WARN  fs.CachingGetSpaceUsed (CachingGetSpaceUsed.java:run(183)) - Thread Interrupted waiting to refresh disk information: sleep interrupted
2019-09-26 20:37:37,385 [refreshUsed-/workdir/hadoop-ozone/integration-test/target/test-dir/MiniOzoneClusterImpl-6b3e93c2-f638-46ca-bf75-ac80d5cb12e3/datanode-2/data/containers] WARN  fs.CachingGetSpaceUsed (CachingGetSpaceUsed.java:run(183)) - Thread Interrupted waiting to refresh disk information: sleep interrupted
2019-09-26 20:37:37,410 [main] INFO  utils.BackgroundService (BackgroundService.java:shutdown(148)) - Shutting down service BlockDeletingService
2019-09-26 20:37:37,410 [ForkJoinPool.commonPool-worker-0] INFO  utils.BackgroundService (BackgroundService.java:shutdown(148)) - Shutting down service BlockDeletingService
2019-09-26 20:37:37,416 [ForkJoinPool.commonPool-worker-0] INFO  statemachine.DatanodeStateMachine (DatanodeStateMachine.java:stopDaemon(395)) - Ozone container server stopped.
2019-09-26 20:37:37,416 [main] INFO  statemachine.DatanodeStateMachine (DatanodeStateMachine.java:stopDaemon(395)) - Ozone container server stopped.
2019-09-26 20:37:37,421 [ForkJoinPool.commonPool-worker-0] INFO  handler.ContextHandler (ContextHandler.java:doStop(910)) - Stopped o.e.j.w.WebAppContext@784abd3e{/,null,UNAVAILABLE}{/hddsDatanode}
2019-09-26 20:37:37,422 [main] INFO  handler.ContextHandler (ContextHandler.java:doStop(910)) - Stopped o.e.j.w.WebAppContext@2bfb6b49{/,null,UNAVAILABLE}{/hddsDatanode}
2019-09-26 20:37:37,422 [ForkJoinPool.commonPool-worker-0] INFO  server.AbstractConnector (AbstractConnector.java:doStop(318)) - Stopped ServerConnector@36c2b646{HTTP/1.1,[http/1.1]}{0.0.0.0:0}
2019-09-26 20:37:37,424 [ForkJoinPool.commonPool-worker-0] INFO  handler.ContextHandler (ContextHandler.java:doStop(910)) - Stopped o.e.j.s.ServletContextHandler@a098d76{/static,jar:file:/home/user/.m2/repository/org/apache/hadoop/hadoop-hdds-container-service/0.5.0-SNAPSHOT/hadoop-hdds-container-service-0.5.0-SNAPSHOT.jar!/webapps/static,UNAVAILABLE}
2019-09-26 20:37:37,424 [main] INFO  server.AbstractConnector (AbstractConnector.java:doStop(318)) - Stopped ServerConnector@1f346ad2{HTTP/1.1,[http/1.1]}{0.0.0.0:0}
2019-09-26 20:37:37,426 [ForkJoinPool.commonPool-worker-0] INFO  handler.ContextHandler (ContextHandler.java:doStop(910)) - Stopped o.e.j.s.ServletContextHandler@5a6d30e2{/logs,file:///workdir/hadoop-ozone/integration-test/target/log,UNAVAILABLE}
2019-09-26 20:37:37,426 [main] INFO  handler.ContextHandler (ContextHandler.java:doStop(910)) - Stopped o.e.j.s.ServletContextHandler@77bb48d5{/static,jar:file:/home/user/.m2/repository/org/apache/hadoop/hadoop-hdds-container-service/0.5.0-SNAPSHOT/hadoop-hdds-container-service-0.5.0-SNAPSHOT.jar!/webapps/static,UNAVAILABLE}
2019-09-26 20:37:37,427 [main] INFO  handler.ContextHandler (ContextHandler.java:doStop(910)) - Stopped o.e.j.s.ServletContextHandler@3d96fa9e{/logs,file:///workdir/hadoop-ozone/integration-test/target/log,UNAVAILABLE}
2019-09-26 20:37:37,442 [grpc-default-executor-7] WARN  server.GrpcLogAppender (LogUtils.java:warn(134)) - 48f2d8fd-8c43-434b-a938-4578675caf55@group-6F2CE06E8226->e6ea3787-7b5b-467a-894e-3363ddf5ac49-AppendLogResponseHandler: Failed appendEntries: org.apache.ratis.thirdparty.io.grpc.StatusRuntimeException: UNAVAILABLE: io exception
2019-09-26 20:37:37,445 [grpc-default-executor-7] INFO  impl.FollowerInfo (FollowerInfo.java:lambda$new$0(51)) - 48f2d8fd-8c43-434b-a938-4578675caf55@group-6F2CE06E8226->e6ea3787-7b5b-467a-894e-3363ddf5ac49: nextIndex: updateUnconditionally 2 -> 1
2019-09-26 20:37:37,939 [grpc-default-executor-1] WARN  server.GrpcLogAppender (LogUtils.java:warn(134)) - 48f2d8fd-8c43-434b-a938-4578675caf55@group-6F2CE06E8226->e6ea3787-7b5b-467a-894e-3363ddf5ac49-AppendLogResponseHandler: Failed appendEntries: org.apache.ratis.thirdparty.io.grpc.StatusRuntimeException: UNAVAILABLE: io exception
2019-09-26 20:37:37,941 [grpc-default-executor-1] INFO  impl.FollowerInfo (FollowerInfo.java:lambda$new$0(51)) - 48f2d8fd-8c43-434b-a938-4578675caf55@group-6F2CE06E8226->e6ea3787-7b5b-467a-894e-3363ddf5ac49: nextIndex: updateUnconditionally 1 -> 0
2019-09-26 20:37:38,115 [Datanode State Machine Thread - 0] INFO  statemachine.DatanodeStateMachine (DatanodeStateMachine.java:lambda$startDaemon$0(350)) - Ozone container server started.
2019-09-26 20:37:38,126 [Datanode State Machine Thread - 0] INFO  statemachine.DatanodeStateMachine (DatanodeStateMachine.java:lambda$startDaemon$0(350)) - Ozone container server started.
2019-09-26 20:37:38,303 [Thread-374] INFO  impl.FollowerState (FollowerState.java:run(106)) - df489160-9035-493c-b28c-85e4df434e3a:group-B2E4CA7B7F81 changes to CANDIDATE, lastRpcTime:1375, electionTimeout:1143ms
2019-09-26 20:37:38,304 [Thread-374] INFO  impl.RoleInfo (RoleInfo.java:shutdownFollowerState(121)) - df489160-9035-493c-b28c-85e4df434e3a: shutdown FollowerState
2019-09-26 20:37:38,304 [Thread-374] INFO  impl.RaftServerImpl (RaftServerImpl.java:setRole(174)) - df489160-9035-493c-b28c-85e4df434e3a@group-B2E4CA7B7F81: changes role from  FOLLOWER to CANDIDATE at term 1 for changeToCandidate
2019-09-26 20:37:38,304 [Thread-374] INFO  impl.RoleInfo (RoleInfo.java:updateAndGet(143)) - df489160-9035-493c-b28c-85e4df434e3a: start LeaderElection
2019-09-26 20:37:38,305 [df489160-9035-493c-b28c-85e4df434e3a@group-B2E4CA7B7F81:LeaderElection22] INFO  impl.RaftServerImpl (ServerState.java:setLeader(253)) - df489160-9035-493c-b28c-85e4df434e3a@group-B2E4CA7B7F81: change Leader from 6ca955d0-fbd7-4658-a5a5-f0aaa33d5ec1 to null at term 1 for initElection
2019-09-26 20:37:38,320 [df489160-9035-493c-b28c-85e4df434e3a@group-B2E4CA7B7F81:LeaderElection22] INFO  impl.LeaderElection (LeaderElection.java:askForVotes(182)) - df489160-9035-493c-b28c-85e4df434e3a@group-B2E4CA7B7F81:LeaderElection22: begin an election at term 2 for 0: [df489160-9035-493c-b28c-85e4df434e3a:192.168.151.109:37092, 6ca955d0-fbd7-4658-a5a5-f0aaa33d5ec1:192.168.151.109:36062, eae3403e-0c87-43fb-a8fd-0fe2a75a4733:192.168.151.109:37973], old=null
2019-09-26 20:37:38,325 [grpc-default-executor-2] INFO  impl.RaftServerImpl (ServerState.java:setLeader(253)) - eae3403e-0c87-43fb-a8fd-0fe2a75a4733@group-B2E4CA7B7F81: change Leader from 6ca955d0-fbd7-4658-a5a5-f0aaa33d5ec1 to null at term 2 for updateCurrentTerm
2019-09-26 20:37:38,325 [grpc-default-executor-2] INFO  impl.RaftServerImpl (RaftServerImpl.java:setRole(174)) - eae3403e-0c87-43fb-a8fd-0fe2a75a4733@group-B2E4CA7B7F81: changes role from  FOLLOWER to FOLLOWER at term 2 for recognizeCandidate:df489160-9035-493c-b28c-85e4df434e3a
2019-09-26 20:37:38,325 [grpc-default-executor-2] INFO  impl.RoleInfo (RoleInfo.java:shutdownFollowerState(121)) - eae3403e-0c87-43fb-a8fd-0fe2a75a4733: shutdown FollowerState
2019-09-26 20:37:38,325 [grpc-default-executor-2] INFO  impl.RoleInfo (RoleInfo.java:updateAndGet(143)) - eae3403e-0c87-43fb-a8fd-0fe2a75a4733: start FollowerState
2019-09-26 20:37:38,325 [Thread-367] INFO  impl.FollowerState (FollowerState.java:run(115)) - eae3403e-0c87-43fb-a8fd-0fe2a75a4733: FollowerState was interrupted: java.lang.InterruptedException: sleep interrupted
2019-09-26 20:37:38,327 [df489160-9035-493c-b28c-85e4df434e3a@group-B2E4CA7B7F81:LeaderElection22] INFO  impl.LeaderElection (LogUtils.java:infoOrTrace(149)) - df489160-9035-493c-b28c-85e4df434e3a@group-B2E4CA7B7F81:LeaderElection22 got exception when requesting votes: {}
java.util.concurrent.ExecutionException: org.apache.ratis.thirdparty.io.grpc.StatusRuntimeException: UNAVAILABLE: io exception
	at java.util.concurrent.FutureTask.report(FutureTask.java:122)
	at java.util.concurrent.FutureTask.get(FutureTask.java:192)
	at org.apache.ratis.server.impl.LeaderElection.waitForResults(LeaderElection.java:263)
	at org.apache.ratis.server.impl.LeaderElection.askForVotes(LeaderElection.java:201)
	at org.apache.ratis.server.impl.LeaderElection.run(LeaderElection.java:133)
	at java.lang.Thread.run(Thread.java:748)
Caused by: org.apache.ratis.thirdparty.io.grpc.StatusRuntimeException: UNAVAILABLE: io exception
	at org.apache.ratis.thirdparty.io.grpc.stub.ClientCalls.toStatusRuntimeException(ClientCalls.java:233)
	at org.apache.ratis.thirdparty.io.grpc.stub.ClientCalls.getUnchecked(ClientCalls.java:214)
	at org.apache.ratis.thirdparty.io.grpc.stub.ClientCalls.blockingUnaryCall(ClientCalls.java:139)
	at org.apache.ratis.proto.grpc.RaftServerProtocolServiceGrpc$RaftServerProtocolServiceBlockingStub.requestVote(RaftServerProtocolServiceGrpc.java:265)
	at org.apache.ratis.grpc.server.GrpcServerProtocolClient.requestVote(GrpcServerProtocolClient.java:90)
	at org.apache.ratis.grpc.server.GrpcService.requestVote(GrpcService.java:204)
	at org.apache.ratis.server.impl.LeaderElection.lambda$submitRequests$1(LeaderElection.java:238)
	at java.util.concurrent.FutureTask.run(FutureTask.java:266)
	at java.util.concurrent.Executors$RunnableAdapter.call(Executors.java:511)
	at java.util.concurrent.FutureTask.run(FutureTask.java:266)
	at java.util.concurrent.ThreadPoolExecutor.runWorker(ThreadPoolExecutor.java:1149)
	at java.util.concurrent.ThreadPoolExecutor$Worker.run(ThreadPoolExecutor.java:624)
	... 1 more
Caused by: org.apache.ratis.thirdparty.io.netty.channel.AbstractChannel$AnnotatedConnectException: Connection refused: /192.168.151.109:36062
	at sun.nio.ch.SocketChannelImpl.checkConnect(Native Method)
	at sun.nio.ch.SocketChannelImpl.finishConnect(SocketChannelImpl.java:717)
	at org.apache.ratis.thirdparty.io.netty.channel.socket.nio.NioSocketChannel.doFinishConnect(NioSocketChannel.java:327)
	at org.apache.ratis.thirdparty.io.netty.channel.nio.AbstractNioChannel$AbstractNioUnsafe.finishConnect(AbstractNioChannel.java:340)
	at org.apache.ratis.thirdparty.io.netty.channel.nio.NioEventLoop.processSelectedKey(NioEventLoop.java:632)
	at org.apache.ratis.thirdparty.io.netty.channel.nio.NioEventLoop.processSelectedKeysOptimized(NioEventLoop.java:579)
	at org.apache.ratis.thirdparty.io.netty.channel.nio.NioEventLoop.processSelectedKeys(NioEventLoop.java:496)
	at org.apache.ratis.thirdparty.io.netty.channel.nio.NioEventLoop.run(NioEventLoop.java:458)
	at org.apache.ratis.thirdparty.io.netty.util.concurrent.SingleThreadEventExecutor$5.run(SingleThreadEventExecutor.java:897)
	at org.apache.ratis.thirdparty.io.netty.util.concurrent.FastThreadLocalRunnable.run(FastThreadLocalRunnable.java:30)
	... 1 more
Caused by: java.net.ConnectException: Connection refused
	... 11 more
2019-09-26 20:37:38,338 [df489160-9035-493c-b28c-85e4df434e3a@group-B2E4CA7B7F81:LeaderElection22] INFO  impl.LeaderElection (LeaderElection.java:logAndReturn(56)) - df489160-9035-493c-b28c-85e4df434e3a@group-B2E4CA7B7F81:LeaderElection22: Election PASSED; received 1 response(s) [df489160-9035-493c-b28c-85e4df434e3a<-eae3403e-0c87-43fb-a8fd-0fe2a75a4733#0:OK-t2] and 1 exception(s); df489160-9035-493c-b28c-85e4df434e3a@group-B2E4CA7B7F81:t2, leader=null, voted=df489160-9035-493c-b28c-85e4df434e3a, raftlog=df489160-9035-493c-b28c-85e4df434e3a@group-B2E4CA7B7F81-SegmentedRaftLog:OPENED:c0,f0,i0, conf=0: [df489160-9035-493c-b28c-85e4df434e3a:192.168.151.109:37092, 6ca955d0-fbd7-4658-a5a5-f0aaa33d5ec1:192.168.151.109:36062, eae3403e-0c87-43fb-a8fd-0fe2a75a4733:192.168.151.109:37973], old=null
2019-09-26 20:37:38,338 [df489160-9035-493c-b28c-85e4df434e3a@group-B2E4CA7B7F81:LeaderElection22] INFO  impl.LeaderElection (LogUtils.java:infoOrTrace(149)) -   Exception 0: {}
java.util.concurrent.ExecutionException: org.apache.ratis.thirdparty.io.grpc.StatusRuntimeException: UNAVAILABLE: io exception
	at java.util.concurrent.FutureTask.report(FutureTask.java:122)
	at java.util.concurrent.FutureTask.get(FutureTask.java:192)
	at org.apache.ratis.server.impl.LeaderElection.waitForResults(LeaderElection.java:263)
	at org.apache.ratis.server.impl.LeaderElection.askForVotes(LeaderElection.java:201)
	at org.apache.ratis.server.impl.LeaderElection.run(LeaderElection.java:133)
	at java.lang.Thread.run(Thread.java:748)
Caused by: org.apache.ratis.thirdparty.io.grpc.StatusRuntimeException: UNAVAILABLE: io exception
	at org.apache.ratis.thirdparty.io.grpc.stub.ClientCalls.toStatusRuntimeException(ClientCalls.java:233)
	at org.apache.ratis.thirdparty.io.grpc.stub.ClientCalls.getUnchecked(ClientCalls.java:214)
	at org.apache.ratis.thirdparty.io.grpc.stub.ClientCalls.blockingUnaryCall(ClientCalls.java:139)
	at org.apache.ratis.proto.grpc.RaftServerProtocolServiceGrpc$RaftServerProtocolServiceBlockingStub.requestVote(RaftServerProtocolServiceGrpc.java:265)
	at org.apache.ratis.grpc.server.GrpcServerProtocolClient.requestVote(GrpcServerProtocolClient.java:90)
	at org.apache.ratis.grpc.server.GrpcService.requestVote(GrpcService.java:204)
	at org.apache.ratis.server.impl.LeaderElection.lambda$submitRequests$1(LeaderElection.java:238)
	at java.util.concurrent.FutureTask.run(FutureTask.java:266)
	at java.util.concurrent.Executors$RunnableAdapter.call(Executors.java:511)
	at java.util.concurrent.FutureTask.run(FutureTask.java:266)
	at java.util.concurrent.ThreadPoolExecutor.runWorker(ThreadPoolExecutor.java:1149)
	at java.util.concurrent.ThreadPoolExecutor$Worker.run(ThreadPoolExecutor.java:624)
	... 1 more
Caused by: org.apache.ratis.thirdparty.io.netty.channel.AbstractChannel$AnnotatedConnectException: Connection refused: /192.168.151.109:36062
	at sun.nio.ch.SocketChannelImpl.checkConnect(Native Method)
	at sun.nio.ch.SocketChannelImpl.finishConnect(SocketChannelImpl.java:717)
	at org.apache.ratis.thirdparty.io.netty.channel.socket.nio.NioSocketChannel.doFinishConnect(NioSocketChannel.java:327)
	at org.apache.ratis.thirdparty.io.netty.channel.nio.AbstractNioChannel$AbstractNioUnsafe.finishConnect(AbstractNioChannel.java:340)
	at org.apache.ratis.thirdparty.io.netty.channel.nio.NioEventLoop.processSelectedKey(NioEventLoop.java:632)
	at org.apache.ratis.thirdparty.io.netty.channel.nio.NioEventLoop.processSelectedKeysOptimized(NioEventLoop.java:579)
	at org.apache.ratis.thirdparty.io.netty.channel.nio.NioEventLoop.processSelectedKeys(NioEventLoop.java:496)
	at org.apache.ratis.thirdparty.io.netty.channel.nio.NioEventLoop.run(NioEventLoop.java:458)
	at org.apache.ratis.thirdparty.io.netty.util.concurrent.SingleThreadEventExecutor$5.run(SingleThreadEventExecutor.java:897)
	at org.apache.ratis.thirdparty.io.netty.util.concurrent.FastThreadLocalRunnable.run(FastThreadLocalRunnable.java:30)
	... 1 more
Caused by: java.net.ConnectException: Connection refused
	... 11 more
2019-09-26 20:37:38,339 [df489160-9035-493c-b28c-85e4df434e3a@group-B2E4CA7B7F81:LeaderElection22] INFO  impl.RoleInfo (RoleInfo.java:shutdownLeaderElection(134)) - df489160-9035-493c-b28c-85e4df434e3a: shutdown LeaderElection
2019-09-26 20:37:38,342 [df489160-9035-493c-b28c-85e4df434e3a@group-B2E4CA7B7F81:LeaderElection22] INFO  impl.RaftServerImpl (RaftServerImpl.java:setRole(174)) - df489160-9035-493c-b28c-85e4df434e3a@group-B2E4CA7B7F81: changes role from CANDIDATE to LEADER at term 2 for changeToLeader
2019-09-26 20:37:38,342 [df489160-9035-493c-b28c-85e4df434e3a@group-B2E4CA7B7F81:LeaderElection22] INFO  impl.RaftServerImpl (ServerState.java:setLeader(253)) - df489160-9035-493c-b28c-85e4df434e3a@group-B2E4CA7B7F81: change Leader from null to df489160-9035-493c-b28c-85e4df434e3a at term 2 for becomeLeader, leader elected after 37ms
2019-09-26 20:37:38,342 [df489160-9035-493c-b28c-85e4df434e3a@group-B2E4CA7B7F81:LeaderElection22] INFO  server.RaftServerConfigKeys (ConfUtils.java:logGet(43)) - raft.server.staging.catchup.gap = 1000 (default)
2019-09-26 20:37:38,342 [df489160-9035-493c-b28c-85e4df434e3a@group-B2E4CA7B7F81:LeaderElection22] INFO  server.RaftServerConfigKeys (ConfUtils.java:logGet(43)) - raft.server.rpc.sleep.time = 25ms (default)
2019-09-26 20:37:38,343 [df489160-9035-493c-b28c-85e4df434e3a@group-B2E4CA7B7F81:LeaderElection22] INFO  server.RaftServerConfigKeys (ConfUtils.java:logGet(43)) - raft.server.write.element-limit = 4096 (default)
2019-09-26 20:37:38,343 [df489160-9035-493c-b28c-85e4df434e3a@group-B2E4CA7B7F81:LeaderElection22] INFO  server.RaftServerConfigKeys (ConfUtils.java:logGet(43)) - raft.server.watch.timeout = 10s (default)
2019-09-26 20:37:38,343 [df489160-9035-493c-b28c-85e4df434e3a@group-B2E4CA7B7F81:LeaderElection22] INFO  server.RaftServerConfigKeys (ConfUtils.java:logGet(43)) - raft.server.watch.timeout.denomination = 1s (default)
2019-09-26 20:37:38,343 [df489160-9035-493c-b28c-85e4df434e3a@group-B2E4CA7B7F81:LeaderElection22] INFO  server.RaftServerConfigKeys (ConfUtils.java:logGet(43)) - raft.server.watch.element-limit = 65536 (default)
2019-09-26 20:37:38,347 [df489160-9035-493c-b28c-85e4df434e3a@group-B2E4CA7B7F81:LeaderElection22] INFO  server.RaftServerConfigKeys (ConfUtils.java:logGet(43)) - raft.server.log.appender.snapshot.chunk.size.max = 16MB (=16777216) (default)
2019-09-26 20:37:38,347 [df489160-9035-493c-b28c-85e4df434e3a@group-B2E4CA7B7F81:LeaderElection22] INFO  server.RaftServerConfigKeys (ConfUtils.java:logGet(43)) - raft.server.log.appender.buffer.byte-limit = 33554432 (custom)
2019-09-26 20:37:38,348 [df489160-9035-493c-b28c-85e4df434e3a@group-B2E4CA7B7F81:LeaderElection22] INFO  server.RaftServerConfigKeys (ConfUtils.java:logGet(43)) - raft.server.log.appender.buffer.element-limit = 1 (custom)
2019-09-26 20:37:38,348 [df489160-9035-493c-b28c-85e4df434e3a@group-B2E4CA7B7F81:LeaderElection22] INFO  grpc.GrpcConfigKeys$Server (ConfUtils.java:logGet(43)) - raft.grpc.server.leader.outstanding.appends.max = 128 (default)
2019-09-26 20:37:38,348 [df489160-9035-493c-b28c-85e4df434e3a@group-B2E4CA7B7F81:LeaderElection22] INFO  server.RaftServerConfigKeys (ConfUtils.java:logGet(43)) - raft.server.rpc.request.timeout = 3000ms (default)
2019-09-26 20:37:38,348 [df489160-9035-493c-b28c-85e4df434e3a@group-B2E4CA7B7F81:LeaderElection22] INFO  server.RaftServerConfigKeys (ConfUtils.java:logGet(43)) - raft.server.log.appender.install.snapshot.enabled = false (custom)
2019-09-26 20:37:38,349 [df489160-9035-493c-b28c-85e4df434e3a@group-B2E4CA7B7F81:LeaderElection22] INFO  server.RaftServerConfigKeys (ConfUtils.java:logGet(43)) - raft.server.log.appender.snapshot.chunk.size.max = 16MB (=16777216) (default)
2019-09-26 20:37:38,349 [df489160-9035-493c-b28c-85e4df434e3a@group-B2E4CA7B7F81:LeaderElection22] INFO  server.RaftServerConfigKeys (ConfUtils.java:logGet(43)) - raft.server.log.appender.buffer.byte-limit = 33554432 (custom)
2019-09-26 20:37:38,349 [df489160-9035-493c-b28c-85e4df434e3a@group-B2E4CA7B7F81:LeaderElection22] INFO  server.RaftServerConfigKeys (ConfUtils.java:logGet(43)) - raft.server.log.appender.buffer.element-limit = 1 (custom)
2019-09-26 20:37:38,350 [df489160-9035-493c-b28c-85e4df434e3a@group-B2E4CA7B7F81:LeaderElection22] INFO  grpc.GrpcConfigKeys$Server (ConfUtils.java:logGet(43)) - raft.grpc.server.leader.outstanding.appends.max = 128 (default)
2019-09-26 20:37:38,350 [df489160-9035-493c-b28c-85e4df434e3a@group-B2E4CA7B7F81:LeaderElection22] INFO  server.RaftServerConfigKeys (ConfUtils.java:logGet(43)) - raft.server.rpc.request.timeout = 3000ms (default)
2019-09-26 20:37:38,350 [df489160-9035-493c-b28c-85e4df434e3a@group-B2E4CA7B7F81:LeaderElection22] INFO  server.RaftServerConfigKeys (ConfUtils.java:logGet(43)) - raft.server.log.appender.install.snapshot.enabled = false (custom)
2019-09-26 20:37:38,351 [df489160-9035-493c-b28c-85e4df434e3a@group-B2E4CA7B7F81:LeaderElection22] INFO  impl.RoleInfo (RoleInfo.java:updateAndGet(143)) - df489160-9035-493c-b28c-85e4df434e3a: start LeaderState
2019-09-26 20:37:38,352 [df489160-9035-493c-b28c-85e4df434e3a@group-B2E4CA7B7F81:LeaderElection22] INFO  segmented.SegmentedRaftLogWorker (SegmentedRaftLogWorker.java:rollLogSegment(385)) - df489160-9035-493c-b28c-85e4df434e3a@group-B2E4CA7B7F81-SegmentedRaftLogWorker: Rolling segment log-0_0 to index:0
2019-09-26 20:37:38,353 [df489160-9035-493c-b28c-85e4df434e3a@group-B2E4CA7B7F81-SegmentedRaftLogWorker] INFO  segmented.SegmentedRaftLogWorker (SegmentedRaftLogWorker.java:execute(526)) - df489160-9035-493c-b28c-85e4df434e3a@group-B2E4CA7B7F81-SegmentedRaftLogWorker: Rolled log segment from /workdir/hadoop-ozone/integration-test/target/test-dir/MiniOzoneClusterImpl-6b3e93c2-f638-46ca-bf75-ac80d5cb12e3/datanode-9/data/ratis/f172516d-9018-4ba2-8967-b2e4ca7b7f81/current/log_inprogress_0 to /workdir/hadoop-ozone/integration-test/target/test-dir/MiniOzoneClusterImpl-6b3e93c2-f638-46ca-bf75-ac80d5cb12e3/datanode-9/data/ratis/f172516d-9018-4ba2-8967-b2e4ca7b7f81/current/log_0-0
2019-09-26 20:37:38,356 [df489160-9035-493c-b28c-85e4df434e3a@group-B2E4CA7B7F81:LeaderElection22] INFO  impl.RaftServerImpl (ServerState.java:setRaftConf(354)) - df489160-9035-493c-b28c-85e4df434e3a@group-B2E4CA7B7F81: set configuration 1: [df489160-9035-493c-b28c-85e4df434e3a:192.168.151.109:37092, 6ca955d0-fbd7-4658-a5a5-f0aaa33d5ec1:192.168.151.109:36062, eae3403e-0c87-43fb-a8fd-0fe2a75a4733:192.168.151.109:37973], old=null at 1
2019-09-26 20:37:38,358 [grpc-default-executor-2] WARN  server.GrpcLogAppender (LogUtils.java:warn(134)) - df489160-9035-493c-b28c-85e4df434e3a@group-B2E4CA7B7F81->6ca955d0-fbd7-4658-a5a5-f0aaa33d5ec1-AppendLogResponseHandler: Failed appendEntries: org.apache.ratis.thirdparty.io.grpc.StatusRuntimeException: UNAVAILABLE: io exception
2019-09-26 20:37:38,398 [grpc-default-executor-2] INFO  impl.FollowerInfo (FollowerInfo.java:lambda$new$0(51)) - df489160-9035-493c-b28c-85e4df434e3a@group-B2E4CA7B7F81->6ca955d0-fbd7-4658-a5a5-f0aaa33d5ec1: nextIndex: updateUnconditionally 1 -> 0
2019-09-26 20:37:38,399 [grpc-default-executor-2] INFO  impl.RaftServerImpl (ServerState.java:setLeader(253)) - eae3403e-0c87-43fb-a8fd-0fe2a75a4733@group-B2E4CA7B7F81: change Leader from null to df489160-9035-493c-b28c-85e4df434e3a at term 2 for appendEntries, leader elected after 74ms
2019-09-26 20:37:38,402 [grpc-default-executor-2] INFO  impl.RaftServerImpl (ServerState.java:setRaftConf(354)) - eae3403e-0c87-43fb-a8fd-0fe2a75a4733@group-B2E4CA7B7F81: set configuration 1: [df489160-9035-493c-b28c-85e4df434e3a:192.168.151.109:37092, 6ca955d0-fbd7-4658-a5a5-f0aaa33d5ec1:192.168.151.109:36062, eae3403e-0c87-43fb-a8fd-0fe2a75a4733:192.168.151.109:37973], old=null at 1
2019-09-26 20:37:38,402 [grpc-default-executor-2] INFO  segmented.SegmentedRaftLogWorker (SegmentedRaftLogWorker.java:rollLogSegment(385)) - eae3403e-0c87-43fb-a8fd-0fe2a75a4733@group-B2E4CA7B7F81-SegmentedRaftLogWorker: Rolling segment log-0_0 to index:0
2019-09-26 20:37:38,403 [eae3403e-0c87-43fb-a8fd-0fe2a75a4733@group-B2E4CA7B7F81-SegmentedRaftLogWorker] INFO  segmented.SegmentedRaftLogWorker (SegmentedRaftLogWorker.java:execute(526)) - eae3403e-0c87-43fb-a8fd-0fe2a75a4733@group-B2E4CA7B7F81-SegmentedRaftLogWorker: Rolled log segment from /workdir/hadoop-ozone/integration-test/target/test-dir/MiniOzoneClusterImpl-6b3e93c2-f638-46ca-bf75-ac80d5cb12e3/datanode-1/data/ratis/f172516d-9018-4ba2-8967-b2e4ca7b7f81/current/log_inprogress_0 to /workdir/hadoop-ozone/integration-test/target/test-dir/MiniOzoneClusterImpl-6b3e93c2-f638-46ca-bf75-ac80d5cb12e3/datanode-1/data/ratis/f172516d-9018-4ba2-8967-b2e4ca7b7f81/current/log_0-0
2019-09-26 20:37:38,412 [df489160-9035-493c-b28c-85e4df434e3a@group-B2E4CA7B7F81-SegmentedRaftLogWorker] INFO  segmented.SegmentedRaftLogWorker (SegmentedRaftLogWorker.java:execute(569)) - df489160-9035-493c-b28c-85e4df434e3a@group-B2E4CA7B7F81-SegmentedRaftLogWorker: created new log segment /workdir/hadoop-ozone/integration-test/target/test-dir/MiniOzoneClusterImpl-6b3e93c2-f638-46ca-bf75-ac80d5cb12e3/datanode-9/data/ratis/f172516d-9018-4ba2-8967-b2e4ca7b7f81/current/log_inprogress_1
2019-09-26 20:37:38,444 [grpc-default-executor-5] WARN  server.GrpcLogAppender (LogUtils.java:warn(134)) - 48f2d8fd-8c43-434b-a938-4578675caf55@group-6F2CE06E8226->e6ea3787-7b5b-467a-894e-3363ddf5ac49-AppendLogResponseHandler: Failed appendEntries: org.apache.ratis.thirdparty.io.grpc.StatusRuntimeException: UNAVAILABLE: io exception
2019-09-26 20:37:38,449 [grpc-default-executor-5] INFO  impl.FollowerInfo (FollowerInfo.java:lambda$new$0(51)) - 48f2d8fd-8c43-434b-a938-4578675caf55@group-6F2CE06E8226->e6ea3787-7b5b-467a-894e-3363ddf5ac49: nextIndex: updateUnconditionally 0 -> 0
2019-09-26 20:37:38,454 [eae3403e-0c87-43fb-a8fd-0fe2a75a4733@group-B2E4CA7B7F81-SegmentedRaftLogWorker] INFO  segmented.SegmentedRaftLogWorker (SegmentedRaftLogWorker.java:execute(569)) - eae3403e-0c87-43fb-a8fd-0fe2a75a4733@group-B2E4CA7B7F81-SegmentedRaftLogWorker: created new log segment /workdir/hadoop-ozone/integration-test/target/test-dir/MiniOzoneClusterImpl-6b3e93c2-f638-46ca-bf75-ac80d5cb12e3/datanode-1/data/ratis/f172516d-9018-4ba2-8967-b2e4ca7b7f81/current/log_inprogress_1
2019-09-26 20:37:38,472 [grpc-default-executor-7] WARN  server.GrpcLogAppender (LogUtils.java:warn(134)) - df489160-9035-493c-b28c-85e4df434e3a@group-B2E4CA7B7F81->6ca955d0-fbd7-4658-a5a5-f0aaa33d5ec1-AppendLogResponseHandler: Failed appendEntries: org.apache.ratis.thirdparty.io.grpc.StatusRuntimeException: UNAVAILABLE: io exception
2019-09-26 20:37:38,474 [grpc-default-executor-7] INFO  impl.FollowerInfo (FollowerInfo.java:lambda$new$0(51)) - df489160-9035-493c-b28c-85e4df434e3a@group-B2E4CA7B7F81->6ca955d0-fbd7-4658-a5a5-f0aaa33d5ec1: nextIndex: updateUnconditionally 1 -> 0
2019-09-26 20:37:38,485 [grpc-default-executor-5] WARN  server.GrpcLogAppender (LogUtils.java:warn(134)) - df489160-9035-493c-b28c-85e4df434e3a@group-B2E4CA7B7F81->6ca955d0-fbd7-4658-a5a5-f0aaa33d5ec1-AppendLogResponseHandler: Failed appendEntries: org.apache.ratis.thirdparty.io.grpc.StatusRuntimeException: UNAVAILABLE: io exception
2019-09-26 20:37:38,488 [grpc-default-executor-5] INFO  impl.FollowerInfo (FollowerInfo.java:lambda$new$0(51)) - df489160-9035-493c-b28c-85e4df434e3a@group-B2E4CA7B7F81->6ca955d0-fbd7-4658-a5a5-f0aaa33d5ec1: nextIndex: updateUnconditionally 1 -> 0
2019-09-26 20:37:38,946 [grpc-default-executor-2] WARN  server.GrpcLogAppender (LogUtils.java:warn(134)) - 48f2d8fd-8c43-434b-a938-4578675caf55@group-6F2CE06E8226->e6ea3787-7b5b-467a-894e-3363ddf5ac49-AppendLogResponseHandler: Failed appendEntries: org.apache.ratis.thirdparty.io.grpc.StatusRuntimeException: UNAVAILABLE: io exception
2019-09-26 20:37:38,949 [grpc-default-executor-2] INFO  impl.FollowerInfo (FollowerInfo.java:lambda$new$0(51)) - 48f2d8fd-8c43-434b-a938-4578675caf55@group-6F2CE06E8226->e6ea3787-7b5b-467a-894e-3363ddf5ac49: nextIndex: updateUnconditionally 0 -> 0
2019-09-26 20:37:39,294 [grpc-default-executor-5] WARN  server.GrpcLogAppender (LogUtils.java:warn(134)) - df489160-9035-493c-b28c-85e4df434e3a@group-B2E4CA7B7F81->6ca955d0-fbd7-4658-a5a5-f0aaa33d5ec1-AppendLogResponseHandler: Failed appendEntries: org.apache.ratis.thirdparty.io.grpc.StatusRuntimeException: UNAVAILABLE: io exception
2019-09-26 20:37:39,300 [grpc-default-executor-5] INFO  impl.FollowerInfo (FollowerInfo.java:lambda$new$0(51)) - df489160-9035-493c-b28c-85e4df434e3a@group-B2E4CA7B7F81->6ca955d0-fbd7-4658-a5a5-f0aaa33d5ec1: nextIndex: updateUnconditionally 0 -> 0
2019-09-26 20:37:39,449 [grpc-default-executor-7] WARN  server.GrpcLogAppender (LogUtils.java:warn(134)) - 48f2d8fd-8c43-434b-a938-4578675caf55@group-6F2CE06E8226->e6ea3787-7b5b-467a-894e-3363ddf5ac49-AppendLogResponseHandler: Failed appendEntries: org.apache.ratis.thirdparty.io.grpc.StatusRuntimeException: UNAVAILABLE: io exception
2019-09-26 20:37:39,451 [grpc-default-executor-7] INFO  impl.FollowerInfo (FollowerInfo.java:lambda$new$0(51)) - 48f2d8fd-8c43-434b-a938-4578675caf55@group-6F2CE06E8226->e6ea3787-7b5b-467a-894e-3363ddf5ac49: nextIndex: updateUnconditionally 0 -> 0
2019-09-26 20:37:39,799 [grpc-default-executor-2] WARN  server.GrpcLogAppender (LogUtils.java:warn(134)) - df489160-9035-493c-b28c-85e4df434e3a@group-B2E4CA7B7F81->6ca955d0-fbd7-4658-a5a5-f0aaa33d5ec1-AppendLogResponseHandler: Failed appendEntries: org.apache.ratis.thirdparty.io.grpc.StatusRuntimeException: UNAVAILABLE: io exception
2019-09-26 20:37:39,802 [grpc-default-executor-2] INFO  impl.FollowerInfo (FollowerInfo.java:lambda$new$0(51)) - df489160-9035-493c-b28c-85e4df434e3a@group-B2E4CA7B7F81->6ca955d0-fbd7-4658-a5a5-f0aaa33d5ec1: nextIndex: updateUnconditionally 0 -> 0
2019-09-26 20:37:39,951 [grpc-default-executor-5] WARN  server.GrpcLogAppender (LogUtils.java:warn(134)) - 48f2d8fd-8c43-434b-a938-4578675caf55@group-6F2CE06E8226->e6ea3787-7b5b-467a-894e-3363ddf5ac49-AppendLogResponseHandler: Failed appendEntries: org.apache.ratis.thirdparty.io.grpc.StatusRuntimeException: UNAVAILABLE: io exception
2019-09-26 20:37:39,954 [grpc-default-executor-5] INFO  impl.FollowerInfo (FollowerInfo.java:lambda$new$0(51)) - 48f2d8fd-8c43-434b-a938-4578675caf55@group-6F2CE06E8226->e6ea3787-7b5b-467a-894e-3363ddf5ac49: nextIndex: updateUnconditionally 0 -> 0
2019-09-26 20:37:40,301 [grpc-default-executor-2] WARN  server.GrpcLogAppender (LogUtils.java:warn(134)) - df489160-9035-493c-b28c-85e4df434e3a@group-B2E4CA7B7F81->6ca955d0-fbd7-4658-a5a5-f0aaa33d5ec1-AppendLogResponseHandler: Failed appendEntries: org.apache.ratis.thirdparty.io.grpc.StatusRuntimeException: UNAVAILABLE: io exception
2019-09-26 20:37:40,304 [grpc-default-executor-2] INFO  impl.FollowerInfo (FollowerInfo.java:lambda$new$0(51)) - df489160-9035-493c-b28c-85e4df434e3a@group-B2E4CA7B7F81->6ca955d0-fbd7-4658-a5a5-f0aaa33d5ec1: nextIndex: updateUnconditionally 0 -> 0
2019-09-26 20:37:40,452 [grpc-default-executor-5] WARN  server.GrpcLogAppender (LogUtils.java:warn(134)) - 48f2d8fd-8c43-434b-a938-4578675caf55@group-6F2CE06E8226->e6ea3787-7b5b-467a-894e-3363ddf5ac49-AppendLogResponseHandler: Failed appendEntries: org.apache.ratis.thirdparty.io.grpc.StatusRuntimeException: UNAVAILABLE: io exception
2019-09-26 20:37:40,466 [grpc-default-executor-5] INFO  impl.FollowerInfo (FollowerInfo.java:lambda$new$0(51)) - 48f2d8fd-8c43-434b-a938-4578675caf55@group-6F2CE06E8226->e6ea3787-7b5b-467a-894e-3363ddf5ac49: nextIndex: updateUnconditionally 0 -> 0
2019-09-26 20:37:40,804 [grpc-default-executor-2] WARN  server.GrpcLogAppender (LogUtils.java:warn(134)) - df489160-9035-493c-b28c-85e4df434e3a@group-B2E4CA7B7F81->6ca955d0-fbd7-4658-a5a5-f0aaa33d5ec1-AppendLogResponseHandler: Failed appendEntries: org.apache.ratis.thirdparty.io.grpc.StatusRuntimeException: UNAVAILABLE: io exception
2019-09-26 20:37:40,807 [grpc-default-executor-2] INFO  impl.FollowerInfo (FollowerInfo.java:lambda$new$0(51)) - df489160-9035-493c-b28c-85e4df434e3a@group-B2E4CA7B7F81->6ca955d0-fbd7-4658-a5a5-f0aaa33d5ec1: nextIndex: updateUnconditionally 0 -> 0
2019-09-26 20:37:40,954 [grpc-default-executor-2] WARN  server.GrpcLogAppender (LogUtils.java:warn(134)) - 48f2d8fd-8c43-434b-a938-4578675caf55@group-6F2CE06E8226->e6ea3787-7b5b-467a-894e-3363ddf5ac49-AppendLogResponseHandler: Failed appendEntries: org.apache.ratis.thirdparty.io.grpc.StatusRuntimeException: UNAVAILABLE: io exception
2019-09-26 20:37:40,957 [grpc-default-executor-2] INFO  impl.FollowerInfo (FollowerInfo.java:lambda$new$0(51)) - 48f2d8fd-8c43-434b-a938-4578675caf55@group-6F2CE06E8226->e6ea3787-7b5b-467a-894e-3363ddf5ac49: nextIndex: updateUnconditionally 0 -> 0
2019-09-26 20:37:41,302 [grpc-default-executor-7] WARN  server.GrpcLogAppender (LogUtils.java:warn(134)) - df489160-9035-493c-b28c-85e4df434e3a@group-B2E4CA7B7F81->6ca955d0-fbd7-4658-a5a5-f0aaa33d5ec1-AppendLogResponseHandler: Failed appendEntries: org.apache.ratis.thirdparty.io.grpc.StatusRuntimeException: UNAVAILABLE: io exception
2019-09-26 20:37:41,305 [grpc-default-executor-7] INFO  impl.FollowerInfo (FollowerInfo.java:lambda$new$0(51)) - df489160-9035-493c-b28c-85e4df434e3a@group-B2E4CA7B7F81->6ca955d0-fbd7-4658-a5a5-f0aaa33d5ec1: nextIndex: updateUnconditionally 0 -> 0
2019-09-26 20:37:41,455 [grpc-default-executor-7] WARN  server.GrpcLogAppender (LogUtils.java:warn(134)) - 48f2d8fd-8c43-434b-a938-4578675caf55@group-6F2CE06E8226->e6ea3787-7b5b-467a-894e-3363ddf5ac49-AppendLogResponseHandler: Failed appendEntries: org.apache.ratis.thirdparty.io.grpc.StatusRuntimeException: UNAVAILABLE: io exception
2019-09-26 20:37:41,457 [grpc-default-executor-7] INFO  impl.FollowerInfo (FollowerInfo.java:lambda$new$0(51)) - 48f2d8fd-8c43-434b-a938-4578675caf55@group-6F2CE06E8226->e6ea3787-7b5b-467a-894e-3363ddf5ac49: nextIndex: updateUnconditionally 0 -> 0
2019-09-26 20:37:41,812 [grpc-default-executor-5] WARN  server.GrpcLogAppender (LogUtils.java:warn(134)) - df489160-9035-493c-b28c-85e4df434e3a@group-B2E4CA7B7F81->6ca955d0-fbd7-4658-a5a5-f0aaa33d5ec1-AppendLogResponseHandler: Failed appendEntries: org.apache.ratis.thirdparty.io.grpc.StatusRuntimeException: UNAVAILABLE: io exception
2019-09-26 20:37:41,816 [grpc-default-executor-5] INFO  impl.FollowerInfo (FollowerInfo.java:lambda$new$0(51)) - df489160-9035-493c-b28c-85e4df434e3a@group-B2E4CA7B7F81->6ca955d0-fbd7-4658-a5a5-f0aaa33d5ec1: nextIndex: updateUnconditionally 0 -> 0
2019-09-26 20:37:41,958 [grpc-default-executor-7] WARN  server.GrpcLogAppender (LogUtils.java:warn(134)) - 48f2d8fd-8c43-434b-a938-4578675caf55@group-6F2CE06E8226->e6ea3787-7b5b-467a-894e-3363ddf5ac49-AppendLogResponseHandler: Failed appendEntries: org.apache.ratis.thirdparty.io.grpc.StatusRuntimeException: UNAVAILABLE: io exception
2019-09-26 20:37:41,961 [grpc-default-executor-7] INFO  impl.FollowerInfo (FollowerInfo.java:lambda$new$0(51)) - 48f2d8fd-8c43-434b-a938-4578675caf55@group-6F2CE06E8226->e6ea3787-7b5b-467a-894e-3363ddf5ac49: nextIndex: updateUnconditionally 0 -> 0
2019-09-26 20:37:42,319 [grpc-default-executor-2] WARN  server.GrpcLogAppender (LogUtils.java:warn(134)) - df489160-9035-493c-b28c-85e4df434e3a@group-B2E4CA7B7F81->6ca955d0-fbd7-4658-a5a5-f0aaa33d5ec1-AppendLogResponseHandler: Failed appendEntries: org.apache.ratis.thirdparty.io.grpc.StatusRuntimeException: UNAVAILABLE: io exception
2019-09-26 20:37:42,322 [grpc-default-executor-2] INFO  impl.FollowerInfo (FollowerInfo.java:lambda$new$0(51)) - df489160-9035-493c-b28c-85e4df434e3a@group-B2E4CA7B7F81->6ca955d0-fbd7-4658-a5a5-f0aaa33d5ec1: nextIndex: updateUnconditionally 0 -> 0
2019-09-26 20:37:42,428 [ForkJoinPool.commonPool-worker-0] INFO  ozoneimpl.OzoneContainer (OzoneContainer.java:stop(231)) - Attempting to stop container services.
2019-09-26 20:37:42,428 [main] INFO  ozoneimpl.OzoneContainer (OzoneContainer.java:stop(231)) - Attempting to stop container services.
2019-09-26 20:37:42,428 [ForkJoinPool.commonPool-worker-0] INFO  impl.RaftServerProxy (RaftServerProxy.java:lambda$close$4(314)) - 7be77de1-68b9-4fa7-bda6-3bc381ab23ad: close
2019-09-26 20:37:42,429 [main] INFO  impl.RaftServerProxy (RaftServerProxy.java:lambda$close$4(314)) - 84a4ae1f-463c-4c61-bca5-7a956502a9f9: close
2019-09-26 20:37:42,429 [ForkJoinPool.commonPool-worker-0] INFO  impl.RaftServerImpl (RaftServerImpl.java:lambda$shutdown$3(251)) - 7be77de1-68b9-4fa7-bda6-3bc381ab23ad@group-2B008C0CF2EB: shutdown
2019-09-26 20:37:42,430 [main] INFO  impl.RaftServerImpl (RaftServerImpl.java:lambda$shutdown$3(251)) - 84a4ae1f-463c-4c61-bca5-7a956502a9f9@group-6F2CE06E8226: shutdown
2019-09-26 20:37:42,430 [ForkJoinPool.commonPool-worker-0] INFO  util.JmxRegister (JmxRegister.java:unregister(73)) - Successfully un-registered JMX Bean with object name Ratis:service=RaftServer,group=group-2B008C0CF2EB,id=7be77de1-68b9-4fa7-bda6-3bc381ab23ad
2019-09-26 20:37:42,430 [main] INFO  util.JmxRegister (JmxRegister.java:unregister(73)) - Successfully un-registered JMX Bean with object name Ratis:service=RaftServer,group=group-6F2CE06E8226,id=84a4ae1f-463c-4c61-bca5-7a956502a9f9
2019-09-26 20:37:42,431 [main] INFO  impl.RoleInfo (RoleInfo.java:shutdownFollowerState(121)) - 84a4ae1f-463c-4c61-bca5-7a956502a9f9: shutdown FollowerState
2019-09-26 20:37:42,431 [ForkJoinPool.commonPool-worker-0] INFO  impl.RoleInfo (RoleInfo.java:shutdownLeaderState(104)) - 7be77de1-68b9-4fa7-bda6-3bc381ab23ad: shutdown LeaderState
2019-09-26 20:37:42,432 [Thread-1023] INFO  impl.FollowerState (FollowerState.java:run(115)) - 84a4ae1f-463c-4c61-bca5-7a956502a9f9: FollowerState was interrupted: java.lang.InterruptedException: sleep interrupted
2019-09-26 20:37:42,438 [ForkJoinPool.commonPool-worker-0] INFO  impl.PendingRequests (PendingRequests.java:sendNotLeaderResponses(202)) - 7be77de1-68b9-4fa7-bda6-3bc381ab23ad-PendingRequests: sendNotLeaderResponses
2019-09-26 20:37:42,432 [main] INFO  impl.StateMachineUpdater (StateMachineUpdater.java:stopAndJoin(125)) - 84a4ae1f-463c-4c61-bca5-7a956502a9f9@group-6F2CE06E8226-StateMachineUpdater: set stopIndex = 2
2019-09-26 20:37:42,441 [ForkJoinPool.commonPool-worker-0] INFO  impl.StateMachineUpdater (StateMachineUpdater.java:stopAndJoin(125)) - 7be77de1-68b9-4fa7-bda6-3bc381ab23ad@group-2B008C0CF2EB-StateMachineUpdater: set stopIndex = 0
2019-09-26 20:37:42,442 [ForkJoinPool.commonPool-worker-0] INFO  impl.RaftServerImpl (ServerState.java:close(385)) - 7be77de1-68b9-4fa7-bda6-3bc381ab23ad@group-2B008C0CF2EB: closes. applyIndex: 0
2019-09-26 20:37:42,441 [org.apache.ratis.server.impl.LogAppender$AppenderDaemon$$Lambda$436/982945735@6de332d] WARN  server.GrpcLogAppender (GrpcLogAppender.java:mayWait(143)) - 7be77de1-68b9-4fa7-bda6-3bc381ab23ad@group-2B008C0CF2EB->4ffb8afb-4e86-451a-87a3-e5da03a730ae-GrpcLogAppender: Wait interrupted by java.lang.InterruptedException
2019-09-26 20:37:42,441 [org.apache.ratis.server.impl.LogAppender$AppenderDaemon$$Lambda$436/982945735@69e7ab6a] WARN  server.GrpcLogAppender (GrpcLogAppender.java:mayWait(143)) - 7be77de1-68b9-4fa7-bda6-3bc381ab23ad@group-2B008C0CF2EB->84f5564a-e18f-45f7-9b57-d0986cf90ae8-GrpcLogAppender: Wait interrupted by java.lang.InterruptedException
2019-09-26 20:37:42,442 [7be77de1-68b9-4fa7-bda6-3bc381ab23ad@group-2B008C0CF2EB-SegmentedRaftLogWorker] INFO  segmented.SegmentedRaftLogWorker (SegmentedRaftLogWorker.java:run(313)) - 7be77de1-68b9-4fa7-bda6-3bc381ab23ad@group-2B008C0CF2EB-SegmentedRaftLogWorker was interrupted, exiting. There are 0 tasks remaining in the queue.
2019-09-26 20:37:42,441 [main] INFO  impl.RaftServerImpl (ServerState.java:close(385)) - 84a4ae1f-463c-4c61-bca5-7a956502a9f9@group-6F2CE06E8226: closes. applyIndex: 2
2019-09-26 20:37:42,450 [grpc-default-executor-2] INFO  server.GrpcServerProtocolService (GrpcServerProtocolService.java:onCompleted(113)) - 84f5564a-e18f-45f7-9b57-d0986cf90ae8: Completed APPEND_ENTRIES, lastRequest: 7be77de1-68b9-4fa7-bda6-3bc381ab23ad->84f5564a-e18f-45f7-9b57-d0986cf90ae8#234-t2, previous=(t:2, i:0), leaderCommit=0, initializing? false, entries: <empty>
2019-09-26 20:37:42,450 [ForkJoinPool.commonPool-worker-0] INFO  segmented.SegmentedRaftLogWorker (SegmentedRaftLogWorker.java:close(228)) - 7be77de1-68b9-4fa7-bda6-3bc381ab23ad@group-2B008C0CF2EB-SegmentedRaftLogWorker close()
2019-09-26 20:37:42,450 [grpc-default-executor-5] INFO  server.GrpcServerProtocolService (GrpcServerProtocolService.java:onCompleted(113)) - 4ffb8afb-4e86-451a-87a3-e5da03a730ae: Completed APPEND_ENTRIES, lastRequest: 7be77de1-68b9-4fa7-bda6-3bc381ab23ad->4ffb8afb-4e86-451a-87a3-e5da03a730ae#234-t2, previous=(t:2, i:0), leaderCommit=0, initializing? false, entries: <empty>
2019-09-26 20:37:42,456 [ForkJoinPool.commonPool-worker-0] INFO  impl.RaftServerImpl (RaftServerImpl.java:lambda$shutdown$3(251)) - 7be77de1-68b9-4fa7-bda6-3bc381ab23ad@group-56577A030567: shutdown
2019-09-26 20:37:42,451 [84a4ae1f-463c-4c61-bca5-7a956502a9f9@group-6F2CE06E8226-SegmentedRaftLogWorker] INFO  segmented.SegmentedRaftLogWorker (SegmentedRaftLogWorker.java:run(313)) - 84a4ae1f-463c-4c61-bca5-7a956502a9f9@group-6F2CE06E8226-SegmentedRaftLogWorker was interrupted, exiting. There are 0 tasks remaining in the queue.
2019-09-26 20:37:42,475 [ForkJoinPool.commonPool-worker-0] INFO  util.JmxRegister (JmxRegister.java:unregister(73)) - Successfully un-registered JMX Bean with object name Ratis:service=RaftServer,group=group-56577A030567,id=7be77de1-68b9-4fa7-bda6-3bc381ab23ad
2019-09-26 20:37:42,478 [ForkJoinPool.commonPool-worker-0] INFO  impl.RoleInfo (RoleInfo.java:shutdownLeaderState(104)) - 7be77de1-68b9-4fa7-bda6-3bc381ab23ad: shutdown LeaderState
2019-09-26 20:37:42,475 [grpc-default-executor-5] INFO  server.GrpcLogAppender (GrpcLogAppender.java:onCompleted(293)) - 7be77de1-68b9-4fa7-bda6-3bc381ab23ad@group-2B008C0CF2EB->84f5564a-e18f-45f7-9b57-d0986cf90ae8-AppendLogResponseHandler: follower responses appendEntries COMPLETED
2019-09-26 20:37:42,480 [ForkJoinPool.commonPool-worker-0] INFO  impl.PendingRequests (PendingRequests.java:sendNotLeaderResponses(202)) - 7be77de1-68b9-4fa7-bda6-3bc381ab23ad-PendingRequests: sendNotLeaderResponses
2019-09-26 20:37:42,477 [main] INFO  segmented.SegmentedRaftLogWorker (SegmentedRaftLogWorker.java:close(228)) - 84a4ae1f-463c-4c61-bca5-7a956502a9f9@group-6F2CE06E8226-SegmentedRaftLogWorker close()
2019-09-26 20:37:42,475 [grpc-default-executor-2] INFO  server.GrpcLogAppender (GrpcLogAppender.java:onCompleted(293)) - 7be77de1-68b9-4fa7-bda6-3bc381ab23ad@group-2B008C0CF2EB->4ffb8afb-4e86-451a-87a3-e5da03a730ae-AppendLogResponseHandler: follower responses appendEntries COMPLETED
2019-09-26 20:37:42,481 [ForkJoinPool.commonPool-worker-0] INFO  impl.StateMachineUpdater (StateMachineUpdater.java:stopAndJoin(125)) - 7be77de1-68b9-4fa7-bda6-3bc381ab23ad@group-56577A030567-StateMachineUpdater: set stopIndex = 0
2019-09-26 20:37:42,480 [grpc-default-executor-5] INFO  impl.FollowerInfo (FollowerInfo.java:lambda$new$0(51)) - 7be77de1-68b9-4fa7-bda6-3bc381ab23ad@group-2B008C0CF2EB->84f5564a-e18f-45f7-9b57-d0986cf90ae8: nextIndex: updateUnconditionally 1 -> 0
2019-09-26 20:37:42,482 [ForkJoinPool.commonPool-worker-0] INFO  impl.RaftServerImpl (ServerState.java:close(385)) - 7be77de1-68b9-4fa7-bda6-3bc381ab23ad@group-56577A030567: closes. applyIndex: 0
2019-09-26 20:37:42,482 [grpc-default-executor-2] INFO  impl.FollowerInfo (FollowerInfo.java:lambda$new$0(51)) - 7be77de1-68b9-4fa7-bda6-3bc381ab23ad@group-2B008C0CF2EB->4ffb8afb-4e86-451a-87a3-e5da03a730ae: nextIndex: updateUnconditionally 1 -> 0
2019-09-26 20:37:42,482 [grpc-default-executor-6] WARN  server.GrpcLogAppender (LogUtils.java:warn(134)) - 48f2d8fd-8c43-434b-a938-4578675caf55@group-6F2CE06E8226->e6ea3787-7b5b-467a-894e-3363ddf5ac49-AppendLogResponseHandler: Failed appendEntries: org.apache.ratis.thirdparty.io.grpc.StatusRuntimeException: UNAVAILABLE: io exception
2019-09-26 20:37:42,498 [7be77de1-68b9-4fa7-bda6-3bc381ab23ad@group-56577A030567-SegmentedRaftLogWorker] INFO  segmented.SegmentedRaftLogWorker (SegmentedRaftLogWorker.java:run(313)) - 7be77de1-68b9-4fa7-bda6-3bc381ab23ad@group-56577A030567-SegmentedRaftLogWorker was interrupted, exiting. There are 0 tasks remaining in the queue.
2019-09-26 20:37:42,502 [main] INFO  impl.RaftServerImpl (RaftServerImpl.java:lambda$shutdown$3(251)) - 84a4ae1f-463c-4c61-bca5-7a956502a9f9@group-981F75239113: shutdown
2019-09-26 20:37:42,504 [ForkJoinPool.commonPool-worker-0] INFO  segmented.SegmentedRaftLogWorker (SegmentedRaftLogWorker.java:close(228)) - 7be77de1-68b9-4fa7-bda6-3bc381ab23ad@group-56577A030567-SegmentedRaftLogWorker close()
2019-09-26 20:37:42,504 [grpc-default-executor-6] INFO  impl.FollowerInfo (FollowerInfo.java:lambda$new$0(51)) - 48f2d8fd-8c43-434b-a938-4578675caf55@group-6F2CE06E8226->e6ea3787-7b5b-467a-894e-3363ddf5ac49: nextIndex: updateUnconditionally 0 -> 0
2019-09-26 20:37:42,508 [ForkJoinPool.commonPool-worker-0] INFO  server.GrpcService (GrpcService.java:closeImpl(164)) - 7be77de1-68b9-4fa7-bda6-3bc381ab23ad: shutdown server with port 37592 now
2019-09-26 20:37:42,504 [main] INFO  util.JmxRegister (JmxRegister.java:unregister(73)) - Successfully un-registered JMX Bean with object name Ratis:service=RaftServer,group=group-981F75239113,id=84a4ae1f-463c-4c61-bca5-7a956502a9f9
2019-09-26 20:37:42,509 [main] INFO  impl.RoleInfo (RoleInfo.java:shutdownLeaderState(104)) - 84a4ae1f-463c-4c61-bca5-7a956502a9f9: shutdown LeaderState
2019-09-26 20:37:42,509 [ForkJoinPool.commonPool-worker-0] INFO  server.GrpcService (GrpcService.java:closeImpl(172)) - 7be77de1-68b9-4fa7-bda6-3bc381ab23ad: shutdown server with port 37592 successfully
2019-09-26 20:37:42,509 [main] INFO  impl.PendingRequests (PendingRequests.java:sendNotLeaderResponses(202)) - 84a4ae1f-463c-4c61-bca5-7a956502a9f9-PendingRequests: sendNotLeaderResponses
2019-09-26 20:37:42,510 [main] INFO  impl.StateMachineUpdater (StateMachineUpdater.java:stopAndJoin(125)) - 84a4ae1f-463c-4c61-bca5-7a956502a9f9@group-981F75239113-StateMachineUpdater: set stopIndex = 0
2019-09-26 20:37:42,510 [main] INFO  impl.RaftServerImpl (ServerState.java:close(385)) - 84a4ae1f-463c-4c61-bca5-7a956502a9f9@group-981F75239113: closes. applyIndex: 0
2019-09-26 20:37:42,524 [84a4ae1f-463c-4c61-bca5-7a956502a9f9@group-981F75239113-SegmentedRaftLogWorker] INFO  segmented.SegmentedRaftLogWorker (SegmentedRaftLogWorker.java:run(313)) - 84a4ae1f-463c-4c61-bca5-7a956502a9f9@group-981F75239113-SegmentedRaftLogWorker was interrupted, exiting. There are 0 tasks remaining in the queue.
2019-09-26 20:37:42,526 [main] INFO  segmented.SegmentedRaftLogWorker (SegmentedRaftLogWorker.java:close(228)) - 84a4ae1f-463c-4c61-bca5-7a956502a9f9@group-981F75239113-SegmentedRaftLogWorker close()
2019-09-26 20:37:42,531 [main] INFO  server.GrpcService (GrpcService.java:closeImpl(164)) - 84a4ae1f-463c-4c61-bca5-7a956502a9f9: shutdown server with port 41745 now
2019-09-26 20:37:42,535 [grpc-default-executor-6] WARN  server.GrpcServerProtocolService (LogUtils.java:warn(134)) - 84a4ae1f-463c-4c61-bca5-7a956502a9f9: installSnapshot onError, lastRequest: 48f2d8fd-8c43-434b-a938-4578675caf55->84a4ae1f-463c-4c61-bca5-7a956502a9f9#138-t3, previous=(t:3, i:2), leaderCommit=2, initializing? false, entries: <empty>: org.apache.ratis.thirdparty.io.grpc.StatusRuntimeException: CANCELLED: cancelled before receiving half close
2019-09-26 20:37:42,535 [grpc-default-executor-5] WARN  server.GrpcLogAppender (LogUtils.java:warn(134)) - 48f2d8fd-8c43-434b-a938-4578675caf55@group-6F2CE06E8226->84a4ae1f-463c-4c61-bca5-7a956502a9f9-AppendLogResponseHandler: Failed appendEntries: org.apache.ratis.thirdparty.io.grpc.StatusRuntimeException: CANCELLED: HTTP/2 error code: CANCEL
Received Rst Stream
2019-09-26 20:37:42,535 [main] INFO  server.GrpcService (GrpcService.java:closeImpl(172)) - 84a4ae1f-463c-4c61-bca5-7a956502a9f9: shutdown server with port 41745 successfully
2019-09-26 20:37:42,539 [grpc-default-executor-5] INFO  impl.FollowerInfo (FollowerInfo.java:lambda$new$0(51)) - 48f2d8fd-8c43-434b-a938-4578675caf55@group-6F2CE06E8226->84a4ae1f-463c-4c61-bca5-7a956502a9f9: nextIndex: updateUnconditionally 3 -> 2
2019-09-26 20:37:42,561 [refreshUsed-/workdir/hadoop-ozone/integration-test/target/test-dir/MiniOzoneClusterImpl-6b3e93c2-f638-46ca-bf75-ac80d5cb12e3/datanode-6/data/containers] WARN  fs.CachingGetSpaceUsed (CachingGetSpaceUsed.java:run(183)) - Thread Interrupted waiting to refresh disk information: sleep interrupted
2019-09-26 20:37:42,581 [refreshUsed-/workdir/hadoop-ozone/integration-test/target/test-dir/MiniOzoneClusterImpl-6b3e93c2-f638-46ca-bf75-ac80d5cb12e3/datanode-3/data/containers] WARN  fs.CachingGetSpaceUsed (CachingGetSpaceUsed.java:run(183)) - Thread Interrupted waiting to refresh disk information: sleep interrupted
2019-09-26 20:37:42,583 [main] INFO  utils.BackgroundService (BackgroundService.java:shutdown(148)) - Shutting down service BlockDeletingService
2019-09-26 20:37:42,600 [ForkJoinPool.commonPool-worker-0] INFO  utils.BackgroundService (BackgroundService.java:shutdown(148)) - Shutting down service BlockDeletingService
2019-09-26 20:37:42,670 [ForkJoinPool.commonPool-worker-0] INFO  statemachine.DatanodeStateMachine (DatanodeStateMachine.java:stopDaemon(395)) - Ozone container server stopped.
2019-09-26 20:37:42,672 [main] INFO  statemachine.DatanodeStateMachine (DatanodeStateMachine.java:stopDaemon(395)) - Ozone container server stopped.
2019-09-26 20:37:42,679 [ForkJoinPool.commonPool-worker-0] INFO  handler.ContextHandler (ContextHandler.java:doStop(910)) - Stopped o.e.j.w.WebAppContext@46349b95{/,null,UNAVAILABLE}{/hddsDatanode}
2019-09-26 20:37:42,679 [main] INFO  handler.ContextHandler (ContextHandler.java:doStop(910)) - Stopped o.e.j.w.WebAppContext@5c5d6175{/,null,UNAVAILABLE}{/hddsDatanode}
2019-09-26 20:37:42,679 [ForkJoinPool.commonPool-worker-0] INFO  server.AbstractConnector (AbstractConnector.java:doStop(318)) - Stopped ServerConnector@176996c3{HTTP/1.1,[http/1.1]}{0.0.0.0:0}
2019-09-26 20:37:42,681 [ForkJoinPool.commonPool-worker-0] INFO  handler.ContextHandler (ContextHandler.java:doStop(910)) - Stopped o.e.j.s.ServletContextHandler@54e2fe{/static,jar:file:/home/user/.m2/repository/org/apache/hadoop/hadoop-hdds-container-service/0.5.0-SNAPSHOT/hadoop-hdds-container-service-0.5.0-SNAPSHOT.jar!/webapps/static,UNAVAILABLE}
2019-09-26 20:37:42,682 [main] INFO  server.AbstractConnector (AbstractConnector.java:doStop(318)) - Stopped ServerConnector@7544ac86{HTTP/1.1,[http/1.1]}{0.0.0.0:0}
2019-09-26 20:37:42,683 [ForkJoinPool.commonPool-worker-0] INFO  handler.ContextHandler (ContextHandler.java:doStop(910)) - Stopped o.e.j.s.ServletContextHandler@252a8aae{/logs,file:///workdir/hadoop-ozone/integration-test/target/log,UNAVAILABLE}
2019-09-26 20:37:42,684 [main] INFO  handler.ContextHandler (ContextHandler.java:doStop(910)) - Stopped o.e.j.s.ServletContextHandler@31c628e7{/static,jar:file:/home/user/.m2/repository/org/apache/hadoop/hadoop-hdds-container-service/0.5.0-SNAPSHOT/hadoop-hdds-container-service-0.5.0-SNAPSHOT.jar!/webapps/static,UNAVAILABLE}
2019-09-26 20:37:42,685 [main] INFO  handler.ContextHandler (ContextHandler.java:doStop(910)) - Stopped o.e.j.s.ServletContextHandler@1e1e9ef3{/logs,file:///workdir/hadoop-ozone/integration-test/target/log,UNAVAILABLE}
2019-09-26 20:37:42,815 [grpc-default-executor-2] WARN  server.GrpcLogAppender (LogUtils.java:warn(134)) - df489160-9035-493c-b28c-85e4df434e3a@group-B2E4CA7B7F81->6ca955d0-fbd7-4658-a5a5-f0aaa33d5ec1-AppendLogResponseHandler: Failed appendEntries: org.apache.ratis.thirdparty.io.grpc.StatusRuntimeException: UNAVAILABLE: io exception
2019-09-26 20:37:42,816 [grpc-default-executor-7] WARN  server.GrpcLogAppender (LogUtils.java:warn(134)) - 48f2d8fd-8c43-434b-a938-4578675caf55@group-6F2CE06E8226->84a4ae1f-463c-4c61-bca5-7a956502a9f9-AppendLogResponseHandler: Failed appendEntries: org.apache.ratis.thirdparty.io.grpc.StatusRuntimeException: UNAVAILABLE: io exception
2019-09-26 20:37:42,820 [grpc-default-executor-2] INFO  impl.FollowerInfo (FollowerInfo.java:lambda$new$0(51)) - df489160-9035-493c-b28c-85e4df434e3a@group-B2E4CA7B7F81->6ca955d0-fbd7-4658-a5a5-f0aaa33d5ec1: nextIndex: updateUnconditionally 0 -> 0
2019-09-26 20:37:42,820 [grpc-default-executor-7] INFO  impl.FollowerInfo (FollowerInfo.java:lambda$new$0(51)) - 48f2d8fd-8c43-434b-a938-4578675caf55@group-6F2CE06E8226->84a4ae1f-463c-4c61-bca5-7a956502a9f9: nextIndex: updateUnconditionally 2 -> 1
2019-09-26 20:37:42,985 [grpc-default-executor-5] WARN  server.GrpcLogAppender (LogUtils.java:warn(134)) - 48f2d8fd-8c43-434b-a938-4578675caf55@group-6F2CE06E8226->e6ea3787-7b5b-467a-894e-3363ddf5ac49-AppendLogResponseHandler: Failed appendEntries: org.apache.ratis.thirdparty.io.grpc.StatusRuntimeException: UNAVAILABLE: io exception
2019-09-26 20:37:42,988 [grpc-default-executor-5] INFO  impl.FollowerInfo (FollowerInfo.java:lambda$new$0(51)) - 48f2d8fd-8c43-434b-a938-4578675caf55@group-6F2CE06E8226->e6ea3787-7b5b-467a-894e-3363ddf5ac49: nextIndex: updateUnconditionally 0 -> 0
2019-09-26 20:37:43,282 [Datanode State Machine Thread - 0] INFO  statemachine.DatanodeStateMachine (DatanodeStateMachine.java:lambda$startDaemon$0(350)) - Ozone container server started.
2019-09-26 20:37:43,283 [Datanode State Machine Thread - 0] INFO  statemachine.DatanodeStateMachine (DatanodeStateMachine.java:lambda$startDaemon$0(350)) - Ozone container server started.
2019-09-26 20:37:43,318 [grpc-default-executor-1] WARN  server.GrpcLogAppender (LogUtils.java:warn(134)) - df489160-9035-493c-b28c-85e4df434e3a@group-B2E4CA7B7F81->6ca955d0-fbd7-4658-a5a5-f0aaa33d5ec1-AppendLogResponseHandler: Failed appendEntries: org.apache.ratis.thirdparty.io.grpc.StatusRuntimeException: UNAVAILABLE: io exception
2019-09-26 20:37:43,318 [grpc-default-executor-5] WARN  server.GrpcLogAppender (LogUtils.java:warn(134)) - 48f2d8fd-8c43-434b-a938-4578675caf55@group-6F2CE06E8226->84a4ae1f-463c-4c61-bca5-7a956502a9f9-AppendLogResponseHandler: Failed appendEntries: org.apache.ratis.thirdparty.io.grpc.StatusRuntimeException: UNAVAILABLE: io exception
2019-09-26 20:37:43,320 [grpc-default-executor-1] INFO  impl.FollowerInfo (FollowerInfo.java:lambda$new$0(51)) - df489160-9035-493c-b28c-85e4df434e3a@group-B2E4CA7B7F81->6ca955d0-fbd7-4658-a5a5-f0aaa33d5ec1: nextIndex: updateUnconditionally 0 -> 0
2019-09-26 20:37:43,323 [grpc-default-executor-5] INFO  impl.FollowerInfo (FollowerInfo.java:lambda$new$0(51)) - 48f2d8fd-8c43-434b-a938-4578675caf55@group-6F2CE06E8226->84a4ae1f-463c-4c61-bca5-7a956502a9f9: nextIndex: updateUnconditionally 1 -> 0
2019-09-26 20:37:43,487 [grpc-default-executor-2] WARN  server.GrpcLogAppender (LogUtils.java:warn(134)) - 48f2d8fd-8c43-434b-a938-4578675caf55@group-6F2CE06E8226->e6ea3787-7b5b-467a-894e-3363ddf5ac49-AppendLogResponseHandler: Failed appendEntries: org.apache.ratis.thirdparty.io.grpc.StatusRuntimeException: UNAVAILABLE: io exception
2019-09-26 20:37:43,490 [grpc-default-executor-2] INFO  impl.FollowerInfo (FollowerInfo.java:lambda$new$0(51)) - 48f2d8fd-8c43-434b-a938-4578675caf55@group-6F2CE06E8226->e6ea3787-7b5b-467a-894e-3363ddf5ac49: nextIndex: updateUnconditionally 0 -> 0
2019-09-26 20:37:43,578 [Thread-414] INFO  impl.FollowerState (FollowerState.java:run(106)) - 4ffb8afb-4e86-451a-87a3-e5da03a730ae:group-2B008C0CF2EB changes to CANDIDATE, lastRpcTime:1607, electionTimeout:1090ms
2019-09-26 20:37:43,579 [Thread-414] INFO  impl.RoleInfo (RoleInfo.java:shutdownFollowerState(121)) - 4ffb8afb-4e86-451a-87a3-e5da03a730ae: shutdown FollowerState
2019-09-26 20:37:43,579 [Thread-414] INFO  impl.RaftServerImpl (RaftServerImpl.java:setRole(174)) - 4ffb8afb-4e86-451a-87a3-e5da03a730ae@group-2B008C0CF2EB: changes role from  FOLLOWER to CANDIDATE at term 2 for changeToCandidate
2019-09-26 20:37:43,579 [Thread-414] INFO  impl.RoleInfo (RoleInfo.java:updateAndGet(143)) - 4ffb8afb-4e86-451a-87a3-e5da03a730ae: start LeaderElection
2019-09-26 20:37:43,583 [4ffb8afb-4e86-451a-87a3-e5da03a730ae@group-2B008C0CF2EB:LeaderElection23] INFO  impl.RaftServerImpl (ServerState.java:setLeader(253)) - 4ffb8afb-4e86-451a-87a3-e5da03a730ae@group-2B008C0CF2EB: change Leader from 7be77de1-68b9-4fa7-bda6-3bc381ab23ad to null at term 2 for initElection
2019-09-26 20:37:43,598 [4ffb8afb-4e86-451a-87a3-e5da03a730ae@group-2B008C0CF2EB:LeaderElection23] INFO  impl.LeaderElection (LeaderElection.java:askForVotes(182)) - 4ffb8afb-4e86-451a-87a3-e5da03a730ae@group-2B008C0CF2EB:LeaderElection23: begin an election at term 3 for 0: [4ffb8afb-4e86-451a-87a3-e5da03a730ae:192.168.151.109:34155, 7be77de1-68b9-4fa7-bda6-3bc381ab23ad:192.168.151.109:37592, 84f5564a-e18f-45f7-9b57-d0986cf90ae8:192.168.151.109:38925], old=null
2019-09-26 20:37:43,601 [4ffb8afb-4e86-451a-87a3-e5da03a730ae@group-2B008C0CF2EB:LeaderElection23] INFO  impl.LeaderElection (LogUtils.java:infoOrTrace(149)) - 4ffb8afb-4e86-451a-87a3-e5da03a730ae@group-2B008C0CF2EB:LeaderElection23 got exception when requesting votes: {}
java.util.concurrent.ExecutionException: org.apache.ratis.thirdparty.io.grpc.StatusRuntimeException: UNAVAILABLE: io exception
	at java.util.concurrent.FutureTask.report(FutureTask.java:122)
	at java.util.concurrent.FutureTask.get(FutureTask.java:192)
	at org.apache.ratis.server.impl.LeaderElection.waitForResults(LeaderElection.java:263)
	at org.apache.ratis.server.impl.LeaderElection.askForVotes(LeaderElection.java:201)
	at org.apache.ratis.server.impl.LeaderElection.run(LeaderElection.java:133)
	at java.lang.Thread.run(Thread.java:748)
Caused by: org.apache.ratis.thirdparty.io.grpc.StatusRuntimeException: UNAVAILABLE: io exception
	at org.apache.ratis.thirdparty.io.grpc.stub.ClientCalls.toStatusRuntimeException(ClientCalls.java:233)
	at org.apache.ratis.thirdparty.io.grpc.stub.ClientCalls.getUnchecked(ClientCalls.java:214)
	at org.apache.ratis.thirdparty.io.grpc.stub.ClientCalls.blockingUnaryCall(ClientCalls.java:139)
	at org.apache.ratis.proto.grpc.RaftServerProtocolServiceGrpc$RaftServerProtocolServiceBlockingStub.requestVote(RaftServerProtocolServiceGrpc.java:265)
	at org.apache.ratis.grpc.server.GrpcServerProtocolClient.requestVote(GrpcServerProtocolClient.java:90)
	at org.apache.ratis.grpc.server.GrpcService.requestVote(GrpcService.java:204)
	at org.apache.ratis.server.impl.LeaderElection.lambda$submitRequests$1(LeaderElection.java:238)
	at java.util.concurrent.FutureTask.run(FutureTask.java:266)
	at java.util.concurrent.Executors$RunnableAdapter.call(Executors.java:511)
	at java.util.concurrent.FutureTask.run(FutureTask.java:266)
	at java.util.concurrent.ThreadPoolExecutor.runWorker(ThreadPoolExecutor.java:1149)
	at java.util.concurrent.ThreadPoolExecutor$Worker.run(ThreadPoolExecutor.java:624)
	... 1 more
Caused by: org.apache.ratis.thirdparty.io.netty.channel.AbstractChannel$AnnotatedConnectException: Connection refused: /192.168.151.109:37592
	at sun.nio.ch.SocketChannelImpl.checkConnect(Native Method)
	at sun.nio.ch.SocketChannelImpl.finishConnect(SocketChannelImpl.java:717)
	at org.apache.ratis.thirdparty.io.netty.channel.socket.nio.NioSocketChannel.doFinishConnect(NioSocketChannel.java:327)
	at org.apache.ratis.thirdparty.io.netty.channel.nio.AbstractNioChannel$AbstractNioUnsafe.finishConnect(AbstractNioChannel.java:340)
	at org.apache.ratis.thirdparty.io.netty.channel.nio.NioEventLoop.processSelectedKey(NioEventLoop.java:632)
	at org.apache.ratis.thirdparty.io.netty.channel.nio.NioEventLoop.processSelectedKeysOptimized(NioEventLoop.java:579)
	at org.apache.ratis.thirdparty.io.netty.channel.nio.NioEventLoop.processSelectedKeys(NioEventLoop.java:496)
	at org.apache.ratis.thirdparty.io.netty.channel.nio.NioEventLoop.run(NioEventLoop.java:458)
	at org.apache.ratis.thirdparty.io.netty.util.concurrent.SingleThreadEventExecutor$5.run(SingleThreadEventExecutor.java:897)
	at org.apache.ratis.thirdparty.io.netty.util.concurrent.FastThreadLocalRunnable.run(FastThreadLocalRunnable.java:30)
	... 1 more
Caused by: java.net.ConnectException: Connection refused
	... 11 more
2019-09-26 20:37:43,601 [grpc-default-executor-5] INFO  impl.RaftServerImpl (ServerState.java:setLeader(253)) - 84f5564a-e18f-45f7-9b57-d0986cf90ae8@group-2B008C0CF2EB: change Leader from 7be77de1-68b9-4fa7-bda6-3bc381ab23ad to null at term 3 for updateCurrentTerm
2019-09-26 20:37:43,605 [grpc-default-executor-5] INFO  impl.RaftServerImpl (RaftServerImpl.java:setRole(174)) - 84f5564a-e18f-45f7-9b57-d0986cf90ae8@group-2B008C0CF2EB: changes role from  FOLLOWER to FOLLOWER at term 3 for recognizeCandidate:4ffb8afb-4e86-451a-87a3-e5da03a730ae
2019-09-26 20:37:43,605 [grpc-default-executor-5] INFO  impl.RoleInfo (RoleInfo.java:shutdownFollowerState(121)) - 84f5564a-e18f-45f7-9b57-d0986cf90ae8: shutdown FollowerState
2019-09-26 20:37:43,605 [grpc-default-executor-5] INFO  impl.RoleInfo (RoleInfo.java:updateAndGet(143)) - 84f5564a-e18f-45f7-9b57-d0986cf90ae8: start FollowerState
2019-09-26 20:37:43,605 [Thread-417] INFO  impl.FollowerState (FollowerState.java:run(115)) - 84f5564a-e18f-45f7-9b57-d0986cf90ae8: FollowerState was interrupted: java.lang.InterruptedException: sleep interrupted
2019-09-26 20:37:43,621 [4ffb8afb-4e86-451a-87a3-e5da03a730ae@group-2B008C0CF2EB:LeaderElection23] INFO  impl.LeaderElection (LeaderElection.java:logAndReturn(56)) - 4ffb8afb-4e86-451a-87a3-e5da03a730ae@group-2B008C0CF2EB:LeaderElection23: Election PASSED; received 1 response(s) [4ffb8afb-4e86-451a-87a3-e5da03a730ae<-84f5564a-e18f-45f7-9b57-d0986cf90ae8#0:OK-t3] and 1 exception(s); 4ffb8afb-4e86-451a-87a3-e5da03a730ae@group-2B008C0CF2EB:t3, leader=null, voted=4ffb8afb-4e86-451a-87a3-e5da03a730ae, raftlog=4ffb8afb-4e86-451a-87a3-e5da03a730ae@group-2B008C0CF2EB-SegmentedRaftLog:OPENED:c0,f0,i0, conf=0: [4ffb8afb-4e86-451a-87a3-e5da03a730ae:192.168.151.109:34155, 7be77de1-68b9-4fa7-bda6-3bc381ab23ad:192.168.151.109:37592, 84f5564a-e18f-45f7-9b57-d0986cf90ae8:192.168.151.109:38925], old=null
2019-09-26 20:37:43,622 [4ffb8afb-4e86-451a-87a3-e5da03a730ae@group-2B008C0CF2EB:LeaderElection23] INFO  impl.LeaderElection (LogUtils.java:infoOrTrace(149)) -   Exception 0: {}
java.util.concurrent.ExecutionException: org.apache.ratis.thirdparty.io.grpc.StatusRuntimeException: UNAVAILABLE: io exception
	at java.util.concurrent.FutureTask.report(FutureTask.java:122)
	at java.util.concurrent.FutureTask.get(FutureTask.java:192)
	at org.apache.ratis.server.impl.LeaderElection.waitForResults(LeaderElection.java:263)
	at org.apache.ratis.server.impl.LeaderElection.askForVotes(LeaderElection.java:201)
	at org.apache.ratis.server.impl.LeaderElection.run(LeaderElection.java:133)
	at java.lang.Thread.run(Thread.java:748)
Caused by: org.apache.ratis.thirdparty.io.grpc.StatusRuntimeException: UNAVAILABLE: io exception
	at org.apache.ratis.thirdparty.io.grpc.stub.ClientCalls.toStatusRuntimeException(ClientCalls.java:233)
	at org.apache.ratis.thirdparty.io.grpc.stub.ClientCalls.getUnchecked(ClientCalls.java:214)
	at org.apache.ratis.thirdparty.io.grpc.stub.ClientCalls.blockingUnaryCall(ClientCalls.java:139)
	at org.apache.ratis.proto.grpc.RaftServerProtocolServiceGrpc$RaftServerProtocolServiceBlockingStub.requestVote(RaftServerProtocolServiceGrpc.java:265)
	at org.apache.ratis.grpc.server.GrpcServerProtocolClient.requestVote(GrpcServerProtocolClient.java:90)
	at org.apache.ratis.grpc.server.GrpcService.requestVote(GrpcService.java:204)
	at org.apache.ratis.server.impl.LeaderElection.lambda$submitRequests$1(LeaderElection.java:238)
	at java.util.concurrent.FutureTask.run(FutureTask.java:266)
	at java.util.concurrent.Executors$RunnableAdapter.call(Executors.java:511)
	at java.util.concurrent.FutureTask.run(FutureTask.java:266)
	at java.util.concurrent.ThreadPoolExecutor.runWorker(ThreadPoolExecutor.java:1149)
	at java.util.concurrent.ThreadPoolExecutor$Worker.run(ThreadPoolExecutor.java:624)
	... 1 more
Caused by: org.apache.ratis.thirdparty.io.netty.channel.AbstractChannel$AnnotatedConnectException: Connection refused: /192.168.151.109:37592
	at sun.nio.ch.SocketChannelImpl.checkConnect(Native Method)
	at sun.nio.ch.SocketChannelImpl.finishConnect(SocketChannelImpl.java:717)
	at org.apache.ratis.thirdparty.io.netty.channel.socket.nio.NioSocketChannel.doFinishConnect(NioSocketChannel.java:327)
	at org.apache.ratis.thirdparty.io.netty.channel.nio.AbstractNioChannel$AbstractNioUnsafe.finishConnect(AbstractNioChannel.java:340)
	at org.apache.ratis.thirdparty.io.netty.channel.nio.NioEventLoop.processSelectedKey(NioEventLoop.java:632)
	at org.apache.ratis.thirdparty.io.netty.channel.nio.NioEventLoop.processSelectedKeysOptimized(NioEventLoop.java:579)
	at org.apache.ratis.thirdparty.io.netty.channel.nio.NioEventLoop.processSelectedKeys(NioEventLoop.java:496)
	at org.apache.ratis.thirdparty.io.netty.channel.nio.NioEventLoop.run(NioEventLoop.java:458)
	at org.apache.ratis.thirdparty.io.netty.util.concurrent.SingleThreadEventExecutor$5.run(SingleThreadEventExecutor.java:897)
	at org.apache.ratis.thirdparty.io.netty.util.concurrent.FastThreadLocalRunnable.run(FastThreadLocalRunnable.java:30)
	... 1 more
Caused by: java.net.ConnectException: Connection refused
	... 11 more
2019-09-26 20:37:43,622 [4ffb8afb-4e86-451a-87a3-e5da03a730ae@group-2B008C0CF2EB:LeaderElection23] INFO  impl.RoleInfo (RoleInfo.java:shutdownLeaderElection(134)) - 4ffb8afb-4e86-451a-87a3-e5da03a730ae: shutdown LeaderElection
2019-09-26 20:37:43,625 [4ffb8afb-4e86-451a-87a3-e5da03a730ae@group-2B008C0CF2EB:LeaderElection23] INFO  impl.RaftServerImpl (RaftServerImpl.java:setRole(174)) - 4ffb8afb-4e86-451a-87a3-e5da03a730ae@group-2B008C0CF2EB: changes role from CANDIDATE to LEADER at term 3 for changeToLeader
2019-09-26 20:37:43,625 [4ffb8afb-4e86-451a-87a3-e5da03a730ae@group-2B008C0CF2EB:LeaderElection23] INFO  impl.RaftServerImpl (ServerState.java:setLeader(253)) - 4ffb8afb-4e86-451a-87a3-e5da03a730ae@group-2B008C0CF2EB: change Leader from null to 4ffb8afb-4e86-451a-87a3-e5da03a730ae at term 3 for becomeLeader, leader elected after 42ms
2019-09-26 20:37:43,625 [4ffb8afb-4e86-451a-87a3-e5da03a730ae@group-2B008C0CF2EB:LeaderElection23] INFO  server.RaftServerConfigKeys (ConfUtils.java:logGet(43)) - raft.server.staging.catchup.gap = 1000 (default)
2019-09-26 20:37:43,625 [4ffb8afb-4e86-451a-87a3-e5da03a730ae@group-2B008C0CF2EB:LeaderElection23] INFO  server.RaftServerConfigKeys (ConfUtils.java:logGet(43)) - raft.server.rpc.sleep.time = 25ms (default)
2019-09-26 20:37:43,625 [4ffb8afb-4e86-451a-87a3-e5da03a730ae@group-2B008C0CF2EB:LeaderElection23] INFO  server.RaftServerConfigKeys (ConfUtils.java:logGet(43)) - raft.server.write.element-limit = 4096 (default)
2019-09-26 20:37:43,626 [4ffb8afb-4e86-451a-87a3-e5da03a730ae@group-2B008C0CF2EB:LeaderElection23] INFO  server.RaftServerConfigKeys (ConfUtils.java:logGet(43)) - raft.server.watch.timeout = 10s (default)
2019-09-26 20:37:43,626 [4ffb8afb-4e86-451a-87a3-e5da03a730ae@group-2B008C0CF2EB:LeaderElection23] INFO  server.RaftServerConfigKeys (ConfUtils.java:logGet(43)) - raft.server.watch.timeout.denomination = 1s (default)
2019-09-26 20:37:43,626 [4ffb8afb-4e86-451a-87a3-e5da03a730ae@group-2B008C0CF2EB:LeaderElection23] INFO  server.RaftServerConfigKeys (ConfUtils.java:logGet(43)) - raft.server.watch.element-limit = 65536 (default)
2019-09-26 20:37:43,629 [4ffb8afb-4e86-451a-87a3-e5da03a730ae@group-2B008C0CF2EB:LeaderElection23] INFO  server.RaftServerConfigKeys (ConfUtils.java:logGet(43)) - raft.server.log.appender.snapshot.chunk.size.max = 16MB (=16777216) (default)
2019-09-26 20:37:43,629 [4ffb8afb-4e86-451a-87a3-e5da03a730ae@group-2B008C0CF2EB:LeaderElection23] INFO  server.RaftServerConfigKeys (ConfUtils.java:logGet(43)) - raft.server.log.appender.buffer.byte-limit = 33554432 (custom)
2019-09-26 20:37:43,630 [4ffb8afb-4e86-451a-87a3-e5da03a730ae@group-2B008C0CF2EB:LeaderElection23] INFO  server.RaftServerConfigKeys (ConfUtils.java:logGet(43)) - raft.server.log.appender.buffer.element-limit = 1 (custom)
2019-09-26 20:37:43,630 [4ffb8afb-4e86-451a-87a3-e5da03a730ae@group-2B008C0CF2EB:LeaderElection23] INFO  grpc.GrpcConfigKeys$Server (ConfUtils.java:logGet(43)) - raft.grpc.server.leader.outstanding.appends.max = 128 (default)
2019-09-26 20:37:43,630 [4ffb8afb-4e86-451a-87a3-e5da03a730ae@group-2B008C0CF2EB:LeaderElection23] INFO  server.RaftServerConfigKeys (ConfUtils.java:logGet(43)) - raft.server.rpc.request.timeout = 3000ms (default)
2019-09-26 20:37:43,630 [4ffb8afb-4e86-451a-87a3-e5da03a730ae@group-2B008C0CF2EB:LeaderElection23] INFO  server.RaftServerConfigKeys (ConfUtils.java:logGet(43)) - raft.server.log.appender.install.snapshot.enabled = false (custom)
2019-09-26 20:37:43,631 [4ffb8afb-4e86-451a-87a3-e5da03a730ae@group-2B008C0CF2EB:LeaderElection23] INFO  server.RaftServerConfigKeys (ConfUtils.java:logGet(43)) - raft.server.log.appender.snapshot.chunk.size.max = 16MB (=16777216) (default)
2019-09-26 20:37:43,631 [4ffb8afb-4e86-451a-87a3-e5da03a730ae@group-2B008C0CF2EB:LeaderElection23] INFO  server.RaftServerConfigKeys (ConfUtils.java:logGet(43)) - raft.server.log.appender.buffer.byte-limit = 33554432 (custom)
2019-09-26 20:37:43,631 [4ffb8afb-4e86-451a-87a3-e5da03a730ae@group-2B008C0CF2EB:LeaderElection23] INFO  server.RaftServerConfigKeys (ConfUtils.java:logGet(43)) - raft.server.log.appender.buffer.element-limit = 1 (custom)
2019-09-26 20:37:43,631 [4ffb8afb-4e86-451a-87a3-e5da03a730ae@group-2B008C0CF2EB:LeaderElection23] INFO  grpc.GrpcConfigKeys$Server (ConfUtils.java:logGet(43)) - raft.grpc.server.leader.outstanding.appends.max = 128 (default)
2019-09-26 20:37:43,631 [4ffb8afb-4e86-451a-87a3-e5da03a730ae@group-2B008C0CF2EB:LeaderElection23] INFO  server.RaftServerConfigKeys (ConfUtils.java:logGet(43)) - raft.server.rpc.request.timeout = 3000ms (default)
2019-09-26 20:37:43,632 [4ffb8afb-4e86-451a-87a3-e5da03a730ae@group-2B008C0CF2EB:LeaderElection23] INFO  server.RaftServerConfigKeys (ConfUtils.java:logGet(43)) - raft.server.log.appender.install.snapshot.enabled = false (custom)
2019-09-26 20:37:43,632 [4ffb8afb-4e86-451a-87a3-e5da03a730ae@group-2B008C0CF2EB:LeaderElection23] INFO  impl.RoleInfo (RoleInfo.java:updateAndGet(143)) - 4ffb8afb-4e86-451a-87a3-e5da03a730ae: start LeaderState
2019-09-26 20:37:43,632 [4ffb8afb-4e86-451a-87a3-e5da03a730ae@group-2B008C0CF2EB:LeaderElection23] INFO  segmented.SegmentedRaftLogWorker (SegmentedRaftLogWorker.java:rollLogSegment(385)) - 4ffb8afb-4e86-451a-87a3-e5da03a730ae@group-2B008C0CF2EB-SegmentedRaftLogWorker: Rolling segment log-0_0 to index:0
2019-09-26 20:37:43,633 [4ffb8afb-4e86-451a-87a3-e5da03a730ae@group-2B008C0CF2EB-SegmentedRaftLogWorker] INFO  segmented.SegmentedRaftLogWorker (SegmentedRaftLogWorker.java:execute(526)) - 4ffb8afb-4e86-451a-87a3-e5da03a730ae@group-2B008C0CF2EB-SegmentedRaftLogWorker: Rolled log segment from /workdir/hadoop-ozone/integration-test/target/test-dir/MiniOzoneClusterImpl-6b3e93c2-f638-46ca-bf75-ac80d5cb12e3/datanode-4/data/ratis/03a28e30-6e4a-4cb1-929a-2b008c0cf2eb/current/log_inprogress_0 to /workdir/hadoop-ozone/integration-test/target/test-dir/MiniOzoneClusterImpl-6b3e93c2-f638-46ca-bf75-ac80d5cb12e3/datanode-4/data/ratis/03a28e30-6e4a-4cb1-929a-2b008c0cf2eb/current/log_0-0
2019-09-26 20:37:43,642 [4ffb8afb-4e86-451a-87a3-e5da03a730ae@group-2B008C0CF2EB:LeaderElection23] INFO  impl.RaftServerImpl (ServerState.java:setRaftConf(354)) - 4ffb8afb-4e86-451a-87a3-e5da03a730ae@group-2B008C0CF2EB: set configuration 1: [4ffb8afb-4e86-451a-87a3-e5da03a730ae:192.168.151.109:34155, 7be77de1-68b9-4fa7-bda6-3bc381ab23ad:192.168.151.109:37592, 84f5564a-e18f-45f7-9b57-d0986cf90ae8:192.168.151.109:38925], old=null at 1
2019-09-26 20:37:43,646 [grpc-default-executor-5] WARN  server.GrpcLogAppender (LogUtils.java:warn(134)) - 4ffb8afb-4e86-451a-87a3-e5da03a730ae@group-2B008C0CF2EB->7be77de1-68b9-4fa7-bda6-3bc381ab23ad-AppendLogResponseHandler: Failed appendEntries: org.apache.ratis.thirdparty.io.grpc.StatusRuntimeException: UNAVAILABLE: io exception
2019-09-26 20:37:43,683 [grpc-default-executor-5] INFO  impl.FollowerInfo (FollowerInfo.java:lambda$new$0(51)) - 4ffb8afb-4e86-451a-87a3-e5da03a730ae@group-2B008C0CF2EB->7be77de1-68b9-4fa7-bda6-3bc381ab23ad: nextIndex: updateUnconditionally 1 -> 0
2019-09-26 20:37:43,684 [grpc-default-executor-5] INFO  impl.RaftServerImpl (ServerState.java:setLeader(253)) - 84f5564a-e18f-45f7-9b57-d0986cf90ae8@group-2B008C0CF2EB: change Leader from null to 4ffb8afb-4e86-451a-87a3-e5da03a730ae at term 3 for appendEntries, leader elected after 82ms
2019-09-26 20:37:43,687 [grpc-default-executor-5] INFO  impl.RaftServerImpl (ServerState.java:setRaftConf(354)) - 84f5564a-e18f-45f7-9b57-d0986cf90ae8@group-2B008C0CF2EB: set configuration 1: [4ffb8afb-4e86-451a-87a3-e5da03a730ae:192.168.151.109:34155, 7be77de1-68b9-4fa7-bda6-3bc381ab23ad:192.168.151.109:37592, 84f5564a-e18f-45f7-9b57-d0986cf90ae8:192.168.151.109:38925], old=null at 1
2019-09-26 20:37:43,688 [grpc-default-executor-5] INFO  segmented.SegmentedRaftLogWorker (SegmentedRaftLogWorker.java:rollLogSegment(385)) - 84f5564a-e18f-45f7-9b57-d0986cf90ae8@group-2B008C0CF2EB-SegmentedRaftLogWorker: Rolling segment log-0_0 to index:0
2019-09-26 20:37:43,689 [84f5564a-e18f-45f7-9b57-d0986cf90ae8@group-2B008C0CF2EB-SegmentedRaftLogWorker] INFO  segmented.SegmentedRaftLogWorker (SegmentedRaftLogWorker.java:execute(526)) - 84f5564a-e18f-45f7-9b57-d0986cf90ae8@group-2B008C0CF2EB-SegmentedRaftLogWorker: Rolled log segment from /workdir/hadoop-ozone/integration-test/target/test-dir/MiniOzoneClusterImpl-6b3e93c2-f638-46ca-bf75-ac80d5cb12e3/datanode-8/data/ratis/03a28e30-6e4a-4cb1-929a-2b008c0cf2eb/current/log_inprogress_0 to /workdir/hadoop-ozone/integration-test/target/test-dir/MiniOzoneClusterImpl-6b3e93c2-f638-46ca-bf75-ac80d5cb12e3/datanode-8/data/ratis/03a28e30-6e4a-4cb1-929a-2b008c0cf2eb/current/log_0-0
2019-09-26 20:37:43,708 [4ffb8afb-4e86-451a-87a3-e5da03a730ae@group-2B008C0CF2EB-SegmentedRaftLogWorker] INFO  segmented.SegmentedRaftLogWorker (SegmentedRaftLogWorker.java:execute(569)) - 4ffb8afb-4e86-451a-87a3-e5da03a730ae@group-2B008C0CF2EB-SegmentedRaftLogWorker: created new log segment /workdir/hadoop-ozone/integration-test/target/test-dir/MiniOzoneClusterImpl-6b3e93c2-f638-46ca-bf75-ac80d5cb12e3/datanode-4/data/ratis/03a28e30-6e4a-4cb1-929a-2b008c0cf2eb/current/log_inprogress_1
2019-09-26 20:37:43,736 [84f5564a-e18f-45f7-9b57-d0986cf90ae8@group-2B008C0CF2EB-SegmentedRaftLogWorker] INFO  segmented.SegmentedRaftLogWorker (SegmentedRaftLogWorker.java:execute(569)) - 84f5564a-e18f-45f7-9b57-d0986cf90ae8@group-2B008C0CF2EB-SegmentedRaftLogWorker: created new log segment /workdir/hadoop-ozone/integration-test/target/test-dir/MiniOzoneClusterImpl-6b3e93c2-f638-46ca-bf75-ac80d5cb12e3/datanode-8/data/ratis/03a28e30-6e4a-4cb1-929a-2b008c0cf2eb/current/log_inprogress_1
2019-09-26 20:37:43,757 [grpc-default-executor-1] WARN  server.GrpcLogAppender (LogUtils.java:warn(134)) - 4ffb8afb-4e86-451a-87a3-e5da03a730ae@group-2B008C0CF2EB->7be77de1-68b9-4fa7-bda6-3bc381ab23ad-AppendLogResponseHandler: Failed appendEntries: org.apache.ratis.thirdparty.io.grpc.StatusRuntimeException: UNAVAILABLE: io exception
2019-09-26 20:37:43,759 [grpc-default-executor-1] INFO  impl.FollowerInfo (FollowerInfo.java:lambda$new$0(51)) - 4ffb8afb-4e86-451a-87a3-e5da03a730ae@group-2B008C0CF2EB->7be77de1-68b9-4fa7-bda6-3bc381ab23ad: nextIndex: updateUnconditionally 1 -> 0
2019-09-26 20:37:43,770 [grpc-default-executor-2] WARN  server.GrpcLogAppender (LogUtils.java:warn(134)) - 4ffb8afb-4e86-451a-87a3-e5da03a730ae@group-2B008C0CF2EB->7be77de1-68b9-4fa7-bda6-3bc381ab23ad-AppendLogResponseHandler: Failed appendEntries: org.apache.ratis.thirdparty.io.grpc.StatusRuntimeException: UNAVAILABLE: io exception
2019-09-26 20:37:43,772 [grpc-default-executor-2] INFO  impl.FollowerInfo (FollowerInfo.java:lambda$new$0(51)) - 4ffb8afb-4e86-451a-87a3-e5da03a730ae@group-2B008C0CF2EB->7be77de1-68b9-4fa7-bda6-3bc381ab23ad: nextIndex: updateUnconditionally 1 -> 0
2019-09-26 20:37:43,817 [grpc-default-executor-7] WARN  server.GrpcLogAppender (LogUtils.java:warn(134)) - df489160-9035-493c-b28c-85e4df434e3a@group-B2E4CA7B7F81->6ca955d0-fbd7-4658-a5a5-f0aaa33d5ec1-AppendLogResponseHandler: Failed appendEntries: org.apache.ratis.thirdparty.io.grpc.StatusRuntimeException: UNAVAILABLE: io exception
2019-09-26 20:37:43,819 [grpc-default-executor-7] INFO  impl.FollowerInfo (FollowerInfo.java:lambda$new$0(51)) - df489160-9035-493c-b28c-85e4df434e3a@group-B2E4CA7B7F81->6ca955d0-fbd7-4658-a5a5-f0aaa33d5ec1: nextIndex: updateUnconditionally 0 -> 0
2019-09-26 20:37:43,820 [grpc-default-executor-1] WARN  server.GrpcLogAppender (LogUtils.java:warn(134)) - 48f2d8fd-8c43-434b-a938-4578675caf55@group-6F2CE06E8226->84a4ae1f-463c-4c61-bca5-7a956502a9f9-AppendLogResponseHandler: Failed appendEntries: org.apache.ratis.thirdparty.io.grpc.StatusRuntimeException: UNAVAILABLE: io exception
2019-09-26 20:37:43,822 [grpc-default-executor-1] INFO  impl.FollowerInfo (FollowerInfo.java:lambda$new$0(51)) - 48f2d8fd-8c43-434b-a938-4578675caf55@group-6F2CE06E8226->84a4ae1f-463c-4c61-bca5-7a956502a9f9: nextIndex: updateUnconditionally 0 -> 0
2019-09-26 20:37:43,988 [grpc-default-executor-2] WARN  server.GrpcLogAppender (LogUtils.java:warn(134)) - 48f2d8fd-8c43-434b-a938-4578675caf55@group-6F2CE06E8226->e6ea3787-7b5b-467a-894e-3363ddf5ac49-AppendLogResponseHandler: Failed appendEntries: org.apache.ratis.thirdparty.io.grpc.StatusRuntimeException: UNAVAILABLE: io exception
2019-09-26 20:37:43,991 [grpc-default-executor-2] INFO  impl.FollowerInfo (FollowerInfo.java:lambda$new$0(51)) - 48f2d8fd-8c43-434b-a938-4578675caf55@group-6F2CE06E8226->e6ea3787-7b5b-467a-894e-3363ddf5ac49: nextIndex: updateUnconditionally 0 -> 0
2019-09-26 20:37:44,276 [grpc-default-executor-7] WARN  server.GrpcLogAppender (LogUtils.java:warn(134)) - 4ffb8afb-4e86-451a-87a3-e5da03a730ae@group-2B008C0CF2EB->7be77de1-68b9-4fa7-bda6-3bc381ab23ad-AppendLogResponseHandler: Failed appendEntries: org.apache.ratis.thirdparty.io.grpc.StatusRuntimeException: UNAVAILABLE: io exception
2019-09-26 20:37:44,284 [grpc-default-executor-7] INFO  impl.FollowerInfo (FollowerInfo.java:lambda$new$0(51)) - 4ffb8afb-4e86-451a-87a3-e5da03a730ae@group-2B008C0CF2EB->7be77de1-68b9-4fa7-bda6-3bc381ab23ad: nextIndex: updateUnconditionally 0 -> 0
2019-09-26 20:37:44,320 [grpc-default-executor-2] WARN  server.GrpcLogAppender (LogUtils.java:warn(134)) - df489160-9035-493c-b28c-85e4df434e3a@group-B2E4CA7B7F81->6ca955d0-fbd7-4658-a5a5-f0aaa33d5ec1-AppendLogResponseHandler: Failed appendEntries: org.apache.ratis.thirdparty.io.grpc.StatusRuntimeException: UNAVAILABLE: io exception
2019-09-26 20:37:44,321 [grpc-default-executor-2] INFO  impl.FollowerInfo (FollowerInfo.java:lambda$new$0(51)) - df489160-9035-493c-b28c-85e4df434e3a@group-B2E4CA7B7F81->6ca955d0-fbd7-4658-a5a5-f0aaa33d5ec1: nextIndex: updateUnconditionally 0 -> 0
2019-09-26 20:37:44,321 [grpc-default-executor-5] WARN  server.GrpcLogAppender (LogUtils.java:warn(134)) - 48f2d8fd-8c43-434b-a938-4578675caf55@group-6F2CE06E8226->84a4ae1f-463c-4c61-bca5-7a956502a9f9-AppendLogResponseHandler: Failed appendEntries: org.apache.ratis.thirdparty.io.grpc.StatusRuntimeException: UNAVAILABLE: io exception
2019-09-26 20:37:44,321 [grpc-default-executor-5] INFO  impl.FollowerInfo (FollowerInfo.java:lambda$new$0(51)) - 48f2d8fd-8c43-434b-a938-4578675caf55@group-6F2CE06E8226->84a4ae1f-463c-4c61-bca5-7a956502a9f9: nextIndex: updateUnconditionally 0 -> 0
2019-09-26 20:37:44,489 [grpc-default-executor-7] WARN  server.GrpcLogAppender (LogUtils.java:warn(134)) - 48f2d8fd-8c43-434b-a938-4578675caf55@group-6F2CE06E8226->e6ea3787-7b5b-467a-894e-3363ddf5ac49-AppendLogResponseHandler: Failed appendEntries: org.apache.ratis.thirdparty.io.grpc.StatusRuntimeException: UNAVAILABLE: io exception
2019-09-26 20:37:44,490 [grpc-default-executor-7] INFO  impl.FollowerInfo (FollowerInfo.java:lambda$new$0(51)) - 48f2d8fd-8c43-434b-a938-4578675caf55@group-6F2CE06E8226->e6ea3787-7b5b-467a-894e-3363ddf5ac49: nextIndex: updateUnconditionally 0 -> 0
2019-09-26 20:37:44,787 [grpc-default-executor-2] WARN  server.GrpcLogAppender (LogUtils.java:warn(134)) - 4ffb8afb-4e86-451a-87a3-e5da03a730ae@group-2B008C0CF2EB->7be77de1-68b9-4fa7-bda6-3bc381ab23ad-AppendLogResponseHandler: Failed appendEntries: org.apache.ratis.thirdparty.io.grpc.StatusRuntimeException: UNAVAILABLE: io exception
2019-09-26 20:37:44,788 [grpc-default-executor-2] INFO  impl.FollowerInfo (FollowerInfo.java:lambda$new$0(51)) - 4ffb8afb-4e86-451a-87a3-e5da03a730ae@group-2B008C0CF2EB->7be77de1-68b9-4fa7-bda6-3bc381ab23ad: nextIndex: updateUnconditionally 0 -> 0
2019-09-26 20:37:44,825 [grpc-default-executor-1] WARN  server.GrpcLogAppender (LogUtils.java:warn(134)) - df489160-9035-493c-b28c-85e4df434e3a@group-B2E4CA7B7F81->6ca955d0-fbd7-4658-a5a5-f0aaa33d5ec1-AppendLogResponseHandler: Failed appendEntries: org.apache.ratis.thirdparty.io.grpc.StatusRuntimeException: UNAVAILABLE: io exception
2019-09-26 20:37:44,825 [grpc-default-executor-1] INFO  impl.FollowerInfo (FollowerInfo.java:lambda$new$0(51)) - df489160-9035-493c-b28c-85e4df434e3a@group-B2E4CA7B7F81->6ca955d0-fbd7-4658-a5a5-f0aaa33d5ec1: nextIndex: updateUnconditionally 0 -> 0
2019-09-26 20:37:44,832 [grpc-default-executor-7] WARN  server.GrpcLogAppender (LogUtils.java:warn(134)) - 48f2d8fd-8c43-434b-a938-4578675caf55@group-6F2CE06E8226->84a4ae1f-463c-4c61-bca5-7a956502a9f9-AppendLogResponseHandler: Failed appendEntries: org.apache.ratis.thirdparty.io.grpc.StatusRuntimeException: UNAVAILABLE: io exception
2019-09-26 20:37:44,833 [grpc-default-executor-7] INFO  impl.FollowerInfo (FollowerInfo.java:lambda$new$0(51)) - 48f2d8fd-8c43-434b-a938-4578675caf55@group-6F2CE06E8226->84a4ae1f-463c-4c61-bca5-7a956502a9f9: nextIndex: updateUnconditionally 0 -> 0
2019-09-26 20:37:44,990 [grpc-default-executor-2] WARN  server.GrpcLogAppender (LogUtils.java:warn(134)) - 48f2d8fd-8c43-434b-a938-4578675caf55@group-6F2CE06E8226->e6ea3787-7b5b-467a-894e-3363ddf5ac49-AppendLogResponseHandler: Failed appendEntries: org.apache.ratis.thirdparty.io.grpc.StatusRuntimeException: UNAVAILABLE: io exception
2019-09-26 20:37:44,991 [grpc-default-executor-2] INFO  impl.FollowerInfo (FollowerInfo.java:lambda$new$0(51)) - 48f2d8fd-8c43-434b-a938-4578675caf55@group-6F2CE06E8226->e6ea3787-7b5b-467a-894e-3363ddf5ac49: nextIndex: updateUnconditionally 0 -> 0
2019-09-26 20:37:45,277 [grpc-default-executor-1] WARN  server.GrpcLogAppender (LogUtils.java:warn(134)) - 4ffb8afb-4e86-451a-87a3-e5da03a730ae@group-2B008C0CF2EB->7be77de1-68b9-4fa7-bda6-3bc381ab23ad-AppendLogResponseHandler: Failed appendEntries: org.apache.ratis.thirdparty.io.grpc.StatusRuntimeException: UNAVAILABLE: io exception
2019-09-26 20:37:45,278 [grpc-default-executor-1] INFO  impl.FollowerInfo (FollowerInfo.java:lambda$new$0(51)) - 4ffb8afb-4e86-451a-87a3-e5da03a730ae@group-2B008C0CF2EB->7be77de1-68b9-4fa7-bda6-3bc381ab23ad: nextIndex: updateUnconditionally 0 -> 0
2019-09-26 20:37:45,318 [grpc-default-executor-7] WARN  server.GrpcLogAppender (LogUtils.java:warn(134)) - df489160-9035-493c-b28c-85e4df434e3a@group-B2E4CA7B7F81->6ca955d0-fbd7-4658-a5a5-f0aaa33d5ec1-AppendLogResponseHandler: Failed appendEntries: org.apache.ratis.thirdparty.io.grpc.StatusRuntimeException: UNAVAILABLE: io exception
2019-09-26 20:37:45,318 [grpc-default-executor-7] INFO  impl.FollowerInfo (FollowerInfo.java:lambda$new$0(51)) - df489160-9035-493c-b28c-85e4df434e3a@group-B2E4CA7B7F81->6ca955d0-fbd7-4658-a5a5-f0aaa33d5ec1: nextIndex: updateUnconditionally 0 -> 0
2019-09-26 20:37:45,327 [grpc-default-executor-2] WARN  server.GrpcLogAppender (LogUtils.java:warn(134)) - 48f2d8fd-8c43-434b-a938-4578675caf55@group-6F2CE06E8226->84a4ae1f-463c-4c61-bca5-7a956502a9f9-AppendLogResponseHandler: Failed appendEntries: org.apache.ratis.thirdparty.io.grpc.StatusRuntimeException: UNAVAILABLE: io exception
2019-09-26 20:37:45,327 [grpc-default-executor-2] INFO  impl.FollowerInfo (FollowerInfo.java:lambda$new$0(51)) - 48f2d8fd-8c43-434b-a938-4578675caf55@group-6F2CE06E8226->84a4ae1f-463c-4c61-bca5-7a956502a9f9: nextIndex: updateUnconditionally 0 -> 0
2019-09-26 20:37:45,492 [grpc-default-executor-1] WARN  server.GrpcLogAppender (LogUtils.java:warn(134)) - 48f2d8fd-8c43-434b-a938-4578675caf55@group-6F2CE06E8226->e6ea3787-7b5b-467a-894e-3363ddf5ac49-AppendLogResponseHandler: Failed appendEntries: org.apache.ratis.thirdparty.io.grpc.StatusRuntimeException: UNAVAILABLE: io exception
2019-09-26 20:37:45,493 [grpc-default-executor-1] INFO  impl.FollowerInfo (FollowerInfo.java:lambda$new$0(51)) - 48f2d8fd-8c43-434b-a938-4578675caf55@group-6F2CE06E8226->e6ea3787-7b5b-467a-894e-3363ddf5ac49: nextIndex: updateUnconditionally 0 -> 0
2019-09-26 20:37:45,779 [grpc-default-executor-7] WARN  server.GrpcLogAppender (LogUtils.java:warn(134)) - 4ffb8afb-4e86-451a-87a3-e5da03a730ae@group-2B008C0CF2EB->7be77de1-68b9-4fa7-bda6-3bc381ab23ad-AppendLogResponseHandler: Failed appendEntries: org.apache.ratis.thirdparty.io.grpc.StatusRuntimeException: UNAVAILABLE: io exception
2019-09-26 20:37:45,779 [grpc-default-executor-7] INFO  impl.FollowerInfo (FollowerInfo.java:lambda$new$0(51)) - 4ffb8afb-4e86-451a-87a3-e5da03a730ae@group-2B008C0CF2EB->7be77de1-68b9-4fa7-bda6-3bc381ab23ad: nextIndex: updateUnconditionally 0 -> 0
2019-09-26 20:37:45,819 [grpc-default-executor-2] WARN  server.GrpcLogAppender (LogUtils.java:warn(134)) - df489160-9035-493c-b28c-85e4df434e3a@group-B2E4CA7B7F81->6ca955d0-fbd7-4658-a5a5-f0aaa33d5ec1-AppendLogResponseHandler: Failed appendEntries: org.apache.ratis.thirdparty.io.grpc.StatusRuntimeException: UNAVAILABLE: io exception
2019-09-26 20:37:45,819 [grpc-default-executor-2] INFO  impl.FollowerInfo (FollowerInfo.java:lambda$new$0(51)) - df489160-9035-493c-b28c-85e4df434e3a@group-B2E4CA7B7F81->6ca955d0-fbd7-4658-a5a5-f0aaa33d5ec1: nextIndex: updateUnconditionally 0 -> 0
2019-09-26 20:37:45,830 [grpc-default-executor-1] WARN  server.GrpcLogAppender (LogUtils.java:warn(134)) - 48f2d8fd-8c43-434b-a938-4578675caf55@group-6F2CE06E8226->84a4ae1f-463c-4c61-bca5-7a956502a9f9-AppendLogResponseHandler: Failed appendEntries: org.apache.ratis.thirdparty.io.grpc.StatusRuntimeException: UNAVAILABLE: io exception
2019-09-26 20:37:45,831 [grpc-default-executor-1] INFO  impl.FollowerInfo (FollowerInfo.java:lambda$new$0(51)) - 48f2d8fd-8c43-434b-a938-4578675caf55@group-6F2CE06E8226->84a4ae1f-463c-4c61-bca5-7a956502a9f9: nextIndex: updateUnconditionally 0 -> 0
2019-09-26 20:37:45,992 [grpc-default-executor-7] WARN  server.GrpcLogAppender (LogUtils.java:warn(134)) - 48f2d8fd-8c43-434b-a938-4578675caf55@group-6F2CE06E8226->e6ea3787-7b5b-467a-894e-3363ddf5ac49-AppendLogResponseHandler: Failed appendEntries: org.apache.ratis.thirdparty.io.grpc.StatusRuntimeException: UNAVAILABLE: io exception
2019-09-26 20:37:45,993 [grpc-default-executor-7] INFO  impl.FollowerInfo (FollowerInfo.java:lambda$new$0(51)) - 48f2d8fd-8c43-434b-a938-4578675caf55@group-6F2CE06E8226->e6ea3787-7b5b-467a-894e-3363ddf5ac49: nextIndex: updateUnconditionally 0 -> 0
2019-09-26 20:37:46,280 [grpc-default-executor-2] WARN  server.GrpcLogAppender (LogUtils.java:warn(134)) - 4ffb8afb-4e86-451a-87a3-e5da03a730ae@group-2B008C0CF2EB->7be77de1-68b9-4fa7-bda6-3bc381ab23ad-AppendLogResponseHandler: Failed appendEntries: org.apache.ratis.thirdparty.io.grpc.StatusRuntimeException: UNAVAILABLE: io exception
2019-09-26 20:37:46,280 [grpc-default-executor-2] INFO  impl.FollowerInfo (FollowerInfo.java:lambda$new$0(51)) - 4ffb8afb-4e86-451a-87a3-e5da03a730ae@group-2B008C0CF2EB->7be77de1-68b9-4fa7-bda6-3bc381ab23ad: nextIndex: updateUnconditionally 0 -> 0
2019-09-26 20:37:46,320 [grpc-default-executor-1] WARN  server.GrpcLogAppender (LogUtils.java:warn(134)) - df489160-9035-493c-b28c-85e4df434e3a@group-B2E4CA7B7F81->6ca955d0-fbd7-4658-a5a5-f0aaa33d5ec1-AppendLogResponseHandler: Failed appendEntries: org.apache.ratis.thirdparty.io.grpc.StatusRuntimeException: UNAVAILABLE: io exception
2019-09-26 20:37:46,321 [grpc-default-executor-1] INFO  impl.FollowerInfo (FollowerInfo.java:lambda$new$0(51)) - df489160-9035-493c-b28c-85e4df434e3a@group-B2E4CA7B7F81->6ca955d0-fbd7-4658-a5a5-f0aaa33d5ec1: nextIndex: updateUnconditionally 0 -> 0
2019-09-26 20:37:46,331 [grpc-default-executor-7] WARN  server.GrpcLogAppender (LogUtils.java:warn(134)) - 48f2d8fd-8c43-434b-a938-4578675caf55@group-6F2CE06E8226->84a4ae1f-463c-4c61-bca5-7a956502a9f9-AppendLogResponseHandler: Failed appendEntries: org.apache.ratis.thirdparty.io.grpc.StatusRuntimeException: UNAVAILABLE: io exception
2019-09-26 20:37:46,331 [grpc-default-executor-7] INFO  impl.FollowerInfo (FollowerInfo.java:lambda$new$0(51)) - 48f2d8fd-8c43-434b-a938-4578675caf55@group-6F2CE06E8226->84a4ae1f-463c-4c61-bca5-7a956502a9f9: nextIndex: updateUnconditionally 0 -> 0
2019-09-26 20:37:46,493 [grpc-default-executor-2] WARN  server.GrpcLogAppender (LogUtils.java:warn(134)) - 48f2d8fd-8c43-434b-a938-4578675caf55@group-6F2CE06E8226->e6ea3787-7b5b-467a-894e-3363ddf5ac49-AppendLogResponseHandler: Failed appendEntries: org.apache.ratis.thirdparty.io.grpc.StatusRuntimeException: UNAVAILABLE: io exception
2019-09-26 20:37:46,493 [grpc-default-executor-2] INFO  impl.FollowerInfo (FollowerInfo.java:lambda$new$0(51)) - 48f2d8fd-8c43-434b-a938-4578675caf55@group-6F2CE06E8226->e6ea3787-7b5b-467a-894e-3363ddf5ac49: nextIndex: updateUnconditionally 0 -> 0
2019-09-26 20:37:46,781 [grpc-default-executor-1] WARN  server.GrpcLogAppender (LogUtils.java:warn(134)) - 4ffb8afb-4e86-451a-87a3-e5da03a730ae@group-2B008C0CF2EB->7be77de1-68b9-4fa7-bda6-3bc381ab23ad-AppendLogResponseHandler: Failed appendEntries: org.apache.ratis.thirdparty.io.grpc.StatusRuntimeException: UNAVAILABLE: io exception
2019-09-26 20:37:46,781 [grpc-default-executor-1] INFO  impl.FollowerInfo (FollowerInfo.java:lambda$new$0(51)) - 4ffb8afb-4e86-451a-87a3-e5da03a730ae@group-2B008C0CF2EB->7be77de1-68b9-4fa7-bda6-3bc381ab23ad: nextIndex: updateUnconditionally 0 -> 0
2019-09-26 20:37:46,821 [grpc-default-executor-1] WARN  server.GrpcLogAppender (LogUtils.java:warn(134)) - df489160-9035-493c-b28c-85e4df434e3a@group-B2E4CA7B7F81->6ca955d0-fbd7-4658-a5a5-f0aaa33d5ec1-AppendLogResponseHandler: Failed appendEntries: org.apache.ratis.thirdparty.io.grpc.StatusRuntimeException: UNAVAILABLE: io exception
2019-09-26 20:37:46,821 [grpc-default-executor-1] INFO  impl.FollowerInfo (FollowerInfo.java:lambda$new$0(51)) - df489160-9035-493c-b28c-85e4df434e3a@group-B2E4CA7B7F81->6ca955d0-fbd7-4658-a5a5-f0aaa33d5ec1: nextIndex: updateUnconditionally 0 -> 0
2019-09-26 20:37:46,831 [grpc-default-executor-7] WARN  server.GrpcLogAppender (LogUtils.java:warn(134)) - 48f2d8fd-8c43-434b-a938-4578675caf55@group-6F2CE06E8226->84a4ae1f-463c-4c61-bca5-7a956502a9f9-AppendLogResponseHandler: Failed appendEntries: org.apache.ratis.thirdparty.io.grpc.StatusRuntimeException: UNAVAILABLE: io exception
2019-09-26 20:37:46,832 [grpc-default-executor-7] INFO  impl.FollowerInfo (FollowerInfo.java:lambda$new$0(51)) - 48f2d8fd-8c43-434b-a938-4578675caf55@group-6F2CE06E8226->84a4ae1f-463c-4c61-bca5-7a956502a9f9: nextIndex: updateUnconditionally 0 -> 0
2019-09-26 20:37:46,994 [grpc-default-executor-2] WARN  server.GrpcLogAppender (LogUtils.java:warn(134)) - 48f2d8fd-8c43-434b-a938-4578675caf55@group-6F2CE06E8226->e6ea3787-7b5b-467a-894e-3363ddf5ac49-AppendLogResponseHandler: Failed appendEntries: org.apache.ratis.thirdparty.io.grpc.StatusRuntimeException: UNAVAILABLE: io exception
2019-09-26 20:37:46,995 [grpc-default-executor-2] INFO  impl.FollowerInfo (FollowerInfo.java:lambda$new$0(51)) - 48f2d8fd-8c43-434b-a938-4578675caf55@group-6F2CE06E8226->e6ea3787-7b5b-467a-894e-3363ddf5ac49: nextIndex: updateUnconditionally 0 -> 0
2019-09-26 20:37:47,282 [grpc-default-executor-1] WARN  server.GrpcLogAppender (LogUtils.java:warn(134)) - 4ffb8afb-4e86-451a-87a3-e5da03a730ae@group-2B008C0CF2EB->7be77de1-68b9-4fa7-bda6-3bc381ab23ad-AppendLogResponseHandler: Failed appendEntries: org.apache.ratis.thirdparty.io.grpc.StatusRuntimeException: UNAVAILABLE: io exception
2019-09-26 20:37:47,282 [grpc-default-executor-1] INFO  impl.FollowerInfo (FollowerInfo.java:lambda$new$0(51)) - 4ffb8afb-4e86-451a-87a3-e5da03a730ae@group-2B008C0CF2EB->7be77de1-68b9-4fa7-bda6-3bc381ab23ad: nextIndex: updateUnconditionally 0 -> 0
2019-09-26 20:37:47,322 [grpc-default-executor-1] WARN  server.GrpcLogAppender (LogUtils.java:warn(134)) - df489160-9035-493c-b28c-85e4df434e3a@group-B2E4CA7B7F81->6ca955d0-fbd7-4658-a5a5-f0aaa33d5ec1-AppendLogResponseHandler: Failed appendEntries: org.apache.ratis.thirdparty.io.grpc.StatusRuntimeException: UNAVAILABLE: io exception
2019-09-26 20:37:47,322 [grpc-default-executor-1] INFO  impl.FollowerInfo (FollowerInfo.java:lambda$new$0(51)) - df489160-9035-493c-b28c-85e4df434e3a@group-B2E4CA7B7F81->6ca955d0-fbd7-4658-a5a5-f0aaa33d5ec1: nextIndex: updateUnconditionally 0 -> 0
2019-09-26 20:37:47,332 [grpc-default-executor-7] WARN  server.GrpcLogAppender (LogUtils.java:warn(134)) - 48f2d8fd-8c43-434b-a938-4578675caf55@group-6F2CE06E8226->84a4ae1f-463c-4c61-bca5-7a956502a9f9-AppendLogResponseHandler: Failed appendEntries: org.apache.ratis.thirdparty.io.grpc.StatusRuntimeException: UNAVAILABLE: io exception
2019-09-26 20:37:47,333 [grpc-default-executor-7] INFO  impl.FollowerInfo (FollowerInfo.java:lambda$new$0(51)) - 48f2d8fd-8c43-434b-a938-4578675caf55@group-6F2CE06E8226->84a4ae1f-463c-4c61-bca5-7a956502a9f9: nextIndex: updateUnconditionally 0 -> 0
2019-09-26 20:37:47,495 [grpc-default-executor-7] WARN  server.GrpcLogAppender (LogUtils.java:warn(134)) - 48f2d8fd-8c43-434b-a938-4578675caf55@group-6F2CE06E8226->e6ea3787-7b5b-467a-894e-3363ddf5ac49-AppendLogResponseHandler: Failed appendEntries: org.apache.ratis.thirdparty.io.grpc.StatusRuntimeException: UNAVAILABLE: io exception
2019-09-26 20:37:47,495 [grpc-default-executor-7] INFO  impl.FollowerInfo (FollowerInfo.java:lambda$new$0(51)) - 48f2d8fd-8c43-434b-a938-4578675caf55@group-6F2CE06E8226->e6ea3787-7b5b-467a-894e-3363ddf5ac49: nextIndex: updateUnconditionally 0 -> 0
2019-09-26 20:37:47,685 [ForkJoinPool.commonPool-worker-0] INFO  ozoneimpl.OzoneContainer (OzoneContainer.java:stop(231)) - Attempting to stop container services.
2019-09-26 20:37:47,686 [ForkJoinPool.commonPool-worker-0] INFO  impl.RaftServerProxy (RaftServerProxy.java:lambda$close$4(314)) - 4ffb8afb-4e86-451a-87a3-e5da03a730ae: close
2019-09-26 20:37:47,689 [main] INFO  ozoneimpl.OzoneContainer (OzoneContainer.java:stop(231)) - Attempting to stop container services.
2019-09-26 20:37:47,690 [ForkJoinPool.commonPool-worker-0] INFO  impl.RaftServerImpl (RaftServerImpl.java:lambda$shutdown$3(251)) - 4ffb8afb-4e86-451a-87a3-e5da03a730ae@group-2B008C0CF2EB: shutdown
2019-09-26 20:37:47,690 [main] INFO  impl.RaftServerProxy (RaftServerProxy.java:lambda$close$4(314)) - 84f5564a-e18f-45f7-9b57-d0986cf90ae8: close
2019-09-26 20:37:47,690 [ForkJoinPool.commonPool-worker-0] INFO  util.JmxRegister (JmxRegister.java:unregister(73)) - Successfully un-registered JMX Bean with object name Ratis:service=RaftServer,group=group-2B008C0CF2EB,id=4ffb8afb-4e86-451a-87a3-e5da03a730ae
2019-09-26 20:37:47,691 [main] INFO  impl.RaftServerImpl (RaftServerImpl.java:lambda$shutdown$3(251)) - 84f5564a-e18f-45f7-9b57-d0986cf90ae8@group-2B008C0CF2EB: shutdown
2019-09-26 20:37:47,691 [ForkJoinPool.commonPool-worker-0] INFO  impl.RoleInfo (RoleInfo.java:shutdownLeaderState(104)) - 4ffb8afb-4e86-451a-87a3-e5da03a730ae: shutdown LeaderState
2019-09-26 20:37:47,691 [main] INFO  util.JmxRegister (JmxRegister.java:unregister(73)) - Successfully un-registered JMX Bean with object name Ratis:service=RaftServer,group=group-2B008C0CF2EB,id=84f5564a-e18f-45f7-9b57-d0986cf90ae8
2019-09-26 20:37:47,695 [org.apache.ratis.server.impl.LogAppender$AppenderDaemon$$Lambda$436/982945735@14102250] WARN  server.GrpcLogAppender (GrpcLogAppender.java:mayWait(143)) - 4ffb8afb-4e86-451a-87a3-e5da03a730ae@group-2B008C0CF2EB->84f5564a-e18f-45f7-9b57-d0986cf90ae8-GrpcLogAppender: Wait interrupted by java.lang.InterruptedException
2019-09-26 20:37:47,695 [org.apache.ratis.server.impl.LogAppender$AppenderDaemon$$Lambda$436/982945735@53c676cf] WARN  server.GrpcLogAppender (GrpcLogAppender.java:mayWait(143)) - 4ffb8afb-4e86-451a-87a3-e5da03a730ae@group-2B008C0CF2EB->7be77de1-68b9-4fa7-bda6-3bc381ab23ad-GrpcLogAppender: Wait interrupted by java.lang.InterruptedException
2019-09-26 20:37:47,695 [ForkJoinPool.commonPool-worker-0] INFO  impl.PendingRequests (PendingRequests.java:sendNotLeaderResponses(202)) - 4ffb8afb-4e86-451a-87a3-e5da03a730ae-PendingRequests: sendNotLeaderResponses
2019-09-26 20:37:47,696 [main] INFO  impl.RoleInfo (RoleInfo.java:shutdownFollowerState(121)) - 84f5564a-e18f-45f7-9b57-d0986cf90ae8: shutdown FollowerState
2019-09-26 20:37:47,703 [grpc-default-executor-7] INFO  server.GrpcServerProtocolService (GrpcServerProtocolService.java:onCompleted(113)) - 84f5564a-e18f-45f7-9b57-d0986cf90ae8: Completed APPEND_ENTRIES, lastRequest: 4ffb8afb-4e86-451a-87a3-e5da03a730ae->84f5564a-e18f-45f7-9b57-d0986cf90ae8#9-t3, previous=(t:3, i:2), leaderCommit=2, initializing? false, entries: <empty>
2019-09-26 20:37:47,703 [ForkJoinPool.commonPool-worker-0] INFO  impl.StateMachineUpdater (StateMachineUpdater.java:stopAndJoin(125)) - 4ffb8afb-4e86-451a-87a3-e5da03a730ae@group-2B008C0CF2EB-StateMachineUpdater: set stopIndex = 2
2019-09-26 20:37:47,704 [ForkJoinPool.commonPool-worker-0] INFO  impl.RaftServerImpl (ServerState.java:close(385)) - 4ffb8afb-4e86-451a-87a3-e5da03a730ae@group-2B008C0CF2EB: closes. applyIndex: 2
2019-09-26 20:37:47,704 [Thread-1873] INFO  impl.FollowerState (FollowerState.java:run(115)) - 84f5564a-e18f-45f7-9b57-d0986cf90ae8: FollowerState was interrupted: java.lang.InterruptedException: sleep interrupted
2019-09-26 20:37:47,704 [main] INFO  impl.StateMachineUpdater (StateMachineUpdater.java:stopAndJoin(125)) - 84f5564a-e18f-45f7-9b57-d0986cf90ae8@group-2B008C0CF2EB-StateMachineUpdater: set stopIndex = 2
2019-09-26 20:37:47,707 [main] INFO  impl.RaftServerImpl (ServerState.java:close(385)) - 84f5564a-e18f-45f7-9b57-d0986cf90ae8@group-2B008C0CF2EB: closes. applyIndex: 2
2019-09-26 20:37:47,705 [grpc-default-executor-7] INFO  server.GrpcLogAppender (GrpcLogAppender.java:onCompleted(293)) - 4ffb8afb-4e86-451a-87a3-e5da03a730ae@group-2B008C0CF2EB->84f5564a-e18f-45f7-9b57-d0986cf90ae8-AppendLogResponseHandler: follower responses appendEntries COMPLETED
2019-09-26 20:37:47,705 [4ffb8afb-4e86-451a-87a3-e5da03a730ae@group-2B008C0CF2EB-SegmentedRaftLogWorker] INFO  segmented.SegmentedRaftLogWorker (SegmentedRaftLogWorker.java:run(313)) - 4ffb8afb-4e86-451a-87a3-e5da03a730ae@group-2B008C0CF2EB-SegmentedRaftLogWorker was interrupted, exiting. There are 0 tasks remaining in the queue.
2019-09-26 20:37:47,708 [84f5564a-e18f-45f7-9b57-d0986cf90ae8@group-2B008C0CF2EB-SegmentedRaftLogWorker] INFO  segmented.SegmentedRaftLogWorker (SegmentedRaftLogWorker.java:run(313)) - 84f5564a-e18f-45f7-9b57-d0986cf90ae8@group-2B008C0CF2EB-SegmentedRaftLogWorker was interrupted, exiting. There are 0 tasks remaining in the queue.
2019-09-26 20:37:47,710 [grpc-default-executor-7] INFO  impl.FollowerInfo (FollowerInfo.java:lambda$new$0(51)) - 4ffb8afb-4e86-451a-87a3-e5da03a730ae@group-2B008C0CF2EB->84f5564a-e18f-45f7-9b57-d0986cf90ae8: nextIndex: updateUnconditionally 3 -> 2
2019-09-26 20:37:47,713 [main] INFO  segmented.SegmentedRaftLogWorker (SegmentedRaftLogWorker.java:close(228)) - 84f5564a-e18f-45f7-9b57-d0986cf90ae8@group-2B008C0CF2EB-SegmentedRaftLogWorker close()
2019-09-26 20:37:47,710 [ForkJoinPool.commonPool-worker-0] INFO  segmented.SegmentedRaftLogWorker (SegmentedRaftLogWorker.java:close(228)) - 4ffb8afb-4e86-451a-87a3-e5da03a730ae@group-2B008C0CF2EB-SegmentedRaftLogWorker close()
2019-09-26 20:37:47,717 [main] INFO  impl.RaftServerImpl (RaftServerImpl.java:lambda$shutdown$3(251)) - 84f5564a-e18f-45f7-9b57-d0986cf90ae8@group-5D0387DC8D56: shutdown
2019-09-26 20:37:47,728 [ForkJoinPool.commonPool-worker-0] INFO  impl.RaftServerImpl (RaftServerImpl.java:lambda$shutdown$3(251)) - 4ffb8afb-4e86-451a-87a3-e5da03a730ae@group-1092F2E66437: shutdown
2019-09-26 20:37:47,728 [main] INFO  util.JmxRegister (JmxRegister.java:unregister(73)) - Successfully un-registered JMX Bean with object name Ratis:service=RaftServer,group=group-5D0387DC8D56,id=84f5564a-e18f-45f7-9b57-d0986cf90ae8
2019-09-26 20:37:47,729 [main] INFO  impl.RoleInfo (RoleInfo.java:shutdownLeaderState(104)) - 84f5564a-e18f-45f7-9b57-d0986cf90ae8: shutdown LeaderState
2019-09-26 20:37:47,728 [ForkJoinPool.commonPool-worker-0] INFO  util.JmxRegister (JmxRegister.java:unregister(73)) - Successfully un-registered JMX Bean with object name Ratis:service=RaftServer,group=group-1092F2E66437,id=4ffb8afb-4e86-451a-87a3-e5da03a730ae
2019-09-26 20:37:47,729 [main] INFO  impl.PendingRequests (PendingRequests.java:sendNotLeaderResponses(202)) - 84f5564a-e18f-45f7-9b57-d0986cf90ae8-PendingRequests: sendNotLeaderResponses
2019-09-26 20:37:47,729 [ForkJoinPool.commonPool-worker-0] INFO  impl.RoleInfo (RoleInfo.java:shutdownLeaderState(104)) - 4ffb8afb-4e86-451a-87a3-e5da03a730ae: shutdown LeaderState
2019-09-26 20:37:47,730 [main] INFO  impl.StateMachineUpdater (StateMachineUpdater.java:stopAndJoin(125)) - 84f5564a-e18f-45f7-9b57-d0986cf90ae8@group-5D0387DC8D56-StateMachineUpdater: set stopIndex = 0
2019-09-26 20:37:47,730 [ForkJoinPool.commonPool-worker-0] INFO  impl.PendingRequests (PendingRequests.java:sendNotLeaderResponses(202)) - 4ffb8afb-4e86-451a-87a3-e5da03a730ae-PendingRequests: sendNotLeaderResponses
2019-09-26 20:37:47,730 [main] INFO  impl.RaftServerImpl (ServerState.java:close(385)) - 84f5564a-e18f-45f7-9b57-d0986cf90ae8@group-5D0387DC8D56: closes. applyIndex: 0
2019-09-26 20:37:47,731 [ForkJoinPool.commonPool-worker-0] INFO  impl.StateMachineUpdater (StateMachineUpdater.java:stopAndJoin(125)) - 4ffb8afb-4e86-451a-87a3-e5da03a730ae@group-1092F2E66437-StateMachineUpdater: set stopIndex = 0
2019-09-26 20:37:47,731 [84f5564a-e18f-45f7-9b57-d0986cf90ae8@group-5D0387DC8D56-SegmentedRaftLogWorker] INFO  segmented.SegmentedRaftLogWorker (SegmentedRaftLogWorker.java:run(313)) - 84f5564a-e18f-45f7-9b57-d0986cf90ae8@group-5D0387DC8D56-SegmentedRaftLogWorker was interrupted, exiting. There are 0 tasks remaining in the queue.
2019-09-26 20:37:47,731 [ForkJoinPool.commonPool-worker-0] INFO  impl.RaftServerImpl (ServerState.java:close(385)) - 4ffb8afb-4e86-451a-87a3-e5da03a730ae@group-1092F2E66437: closes. applyIndex: 0
2019-09-26 20:37:47,732 [main] INFO  segmented.SegmentedRaftLogWorker (SegmentedRaftLogWorker.java:close(228)) - 84f5564a-e18f-45f7-9b57-d0986cf90ae8@group-5D0387DC8D56-SegmentedRaftLogWorker close()
2019-09-26 20:37:47,732 [4ffb8afb-4e86-451a-87a3-e5da03a730ae@group-1092F2E66437-SegmentedRaftLogWorker] INFO  segmented.SegmentedRaftLogWorker (SegmentedRaftLogWorker.java:run(313)) - 4ffb8afb-4e86-451a-87a3-e5da03a730ae@group-1092F2E66437-SegmentedRaftLogWorker was interrupted, exiting. There are 0 tasks remaining in the queue.
2019-09-26 20:37:47,734 [main] INFO  server.GrpcService (GrpcService.java:closeImpl(164)) - 84f5564a-e18f-45f7-9b57-d0986cf90ae8: shutdown server with port 38925 now
2019-09-26 20:37:47,734 [ForkJoinPool.commonPool-worker-0] INFO  segmented.SegmentedRaftLogWorker (SegmentedRaftLogWorker.java:close(228)) - 4ffb8afb-4e86-451a-87a3-e5da03a730ae@group-1092F2E66437-SegmentedRaftLogWorker close()
2019-09-26 20:37:47,734 [main] INFO  server.GrpcService (GrpcService.java:closeImpl(172)) - 84f5564a-e18f-45f7-9b57-d0986cf90ae8: shutdown server with port 38925 successfully
2019-09-26 20:37:47,736 [ForkJoinPool.commonPool-worker-0] INFO  server.GrpcService (GrpcService.java:closeImpl(164)) - 4ffb8afb-4e86-451a-87a3-e5da03a730ae: shutdown server with port 34155 now
2019-09-26 20:37:47,737 [ForkJoinPool.commonPool-worker-0] INFO  server.GrpcService (GrpcService.java:closeImpl(172)) - 4ffb8afb-4e86-451a-87a3-e5da03a730ae: shutdown server with port 34155 successfully
2019-09-26 20:37:47,739 [refreshUsed-/workdir/hadoop-ozone/integration-test/target/test-dir/MiniOzoneClusterImpl-6b3e93c2-f638-46ca-bf75-ac80d5cb12e3/datanode-4/data/containers] WARN  fs.CachingGetSpaceUsed (CachingGetSpaceUsed.java:run(183)) - Thread Interrupted waiting to refresh disk information: sleep interrupted
2019-09-26 20:37:47,743 [refreshUsed-/workdir/hadoop-ozone/integration-test/target/test-dir/MiniOzoneClusterImpl-6b3e93c2-f638-46ca-bf75-ac80d5cb12e3/datanode-8/data/containers] WARN  fs.CachingGetSpaceUsed (CachingGetSpaceUsed.java:run(183)) - Thread Interrupted waiting to refresh disk information: sleep interrupted
2019-09-26 20:37:47,761 [ForkJoinPool.commonPool-worker-0] INFO  utils.BackgroundService (BackgroundService.java:shutdown(148)) - Shutting down service BlockDeletingService
2019-09-26 20:37:47,762 [main] INFO  utils.BackgroundService (BackgroundService.java:shutdown(148)) - Shutting down service BlockDeletingService
2019-09-26 20:37:47,767 [ForkJoinPool.commonPool-worker-0] INFO  statemachine.DatanodeStateMachine (DatanodeStateMachine.java:stopDaemon(395)) - Ozone container server stopped.
2019-09-26 20:37:47,770 [main] INFO  statemachine.DatanodeStateMachine (DatanodeStateMachine.java:stopDaemon(395)) - Ozone container server stopped.
2019-09-26 20:37:47,772 [ForkJoinPool.commonPool-worker-0] INFO  handler.ContextHandler (ContextHandler.java:doStop(910)) - Stopped o.e.j.w.WebAppContext@423b2b62{/,null,UNAVAILABLE}{/hddsDatanode}
2019-09-26 20:37:47,773 [main] INFO  handler.ContextHandler (ContextHandler.java:doStop(910)) - Stopped o.e.j.w.WebAppContext@424de326{/,null,UNAVAILABLE}{/hddsDatanode}
2019-09-26 20:37:47,773 [ForkJoinPool.commonPool-worker-0] INFO  server.AbstractConnector (AbstractConnector.java:doStop(318)) - Stopped ServerConnector@2b7962a2{HTTP/1.1,[http/1.1]}{0.0.0.0:0}
2019-09-26 20:37:47,775 [ForkJoinPool.commonPool-worker-0] INFO  handler.ContextHandler (ContextHandler.java:doStop(910)) - Stopped o.e.j.s.ServletContextHandler@c755b2{/static,jar:file:/home/user/.m2/repository/org/apache/hadoop/hadoop-hdds-container-service/0.5.0-SNAPSHOT/hadoop-hdds-container-service-0.5.0-SNAPSHOT.jar!/webapps/static,UNAVAILABLE}
2019-09-26 20:37:47,775 [main] INFO  server.AbstractConnector (AbstractConnector.java:doStop(318)) - Stopped ServerConnector@4bc33720{HTTP/1.1,[http/1.1]}{0.0.0.0:0}
2019-09-26 20:37:47,776 [ForkJoinPool.commonPool-worker-0] INFO  handler.ContextHandler (ContextHandler.java:doStop(910)) - Stopped o.e.j.s.ServletContextHandler@2a369e14{/logs,file:///workdir/hadoop-ozone/integration-test/target/log,UNAVAILABLE}
2019-09-26 20:37:47,777 [main] INFO  handler.ContextHandler (ContextHandler.java:doStop(910)) - Stopped o.e.j.s.ServletContextHandler@2e869098{/static,jar:file:/home/user/.m2/repository/org/apache/hadoop/hadoop-hdds-container-service/0.5.0-SNAPSHOT/hadoop-hdds-container-service-0.5.0-SNAPSHOT.jar!/webapps/static,UNAVAILABLE}
2019-09-26 20:37:47,777 [main] INFO  handler.ContextHandler (ContextHandler.java:doStop(910)) - Stopped o.e.j.s.ServletContextHandler@6f70a21b{/logs,file:///workdir/hadoop-ozone/integration-test/target/log,UNAVAILABLE}
2019-09-26 20:37:47,824 [grpc-default-executor-2] WARN  server.GrpcLogAppender (LogUtils.java:warn(134)) - df489160-9035-493c-b28c-85e4df434e3a@group-B2E4CA7B7F81->6ca955d0-fbd7-4658-a5a5-f0aaa33d5ec1-AppendLogResponseHandler: Failed appendEntries: org.apache.ratis.thirdparty.io.grpc.StatusRuntimeException: UNAVAILABLE: io exception
2019-09-26 20:37:47,825 [grpc-default-executor-2] INFO  impl.FollowerInfo (FollowerInfo.java:lambda$new$0(51)) - df489160-9035-493c-b28c-85e4df434e3a@group-B2E4CA7B7F81->6ca955d0-fbd7-4658-a5a5-f0aaa33d5ec1: nextIndex: updateUnconditionally 0 -> 0
2019-09-26 20:37:47,833 [grpc-default-executor-1] WARN  server.GrpcLogAppender (LogUtils.java:warn(134)) - 48f2d8fd-8c43-434b-a938-4578675caf55@group-6F2CE06E8226->84a4ae1f-463c-4c61-bca5-7a956502a9f9-AppendLogResponseHandler: Failed appendEntries: org.apache.ratis.thirdparty.io.grpc.StatusRuntimeException: UNAVAILABLE: io exception
2019-09-26 20:37:47,834 [grpc-default-executor-1] INFO  impl.FollowerInfo (FollowerInfo.java:lambda$new$0(51)) - 48f2d8fd-8c43-434b-a938-4578675caf55@group-6F2CE06E8226->84a4ae1f-463c-4c61-bca5-7a956502a9f9: nextIndex: updateUnconditionally 0 -> 0
2019-09-26 20:37:47,996 [grpc-default-executor-7] WARN  server.GrpcLogAppender (LogUtils.java:warn(134)) - 48f2d8fd-8c43-434b-a938-4578675caf55@group-6F2CE06E8226->e6ea3787-7b5b-467a-894e-3363ddf5ac49-AppendLogResponseHandler: Failed appendEntries: org.apache.ratis.thirdparty.io.grpc.StatusRuntimeException: UNAVAILABLE: io exception
2019-09-26 20:37:47,996 [grpc-default-executor-7] INFO  impl.FollowerInfo (FollowerInfo.java:lambda$new$0(51)) - 48f2d8fd-8c43-434b-a938-4578675caf55@group-6F2CE06E8226->e6ea3787-7b5b-467a-894e-3363ddf5ac49: nextIndex: updateUnconditionally 0 -> 0
2019-09-26 20:37:48,284 [Datanode State Machine Thread - 0] INFO  statemachine.DatanodeStateMachine (DatanodeStateMachine.java:lambda$startDaemon$0(350)) - Ozone container server started.
2019-09-26 20:37:48,285 [Datanode State Machine Thread - 0] INFO  statemachine.DatanodeStateMachine (DatanodeStateMachine.java:lambda$startDaemon$0(350)) - Ozone container server started.
2019-09-26 20:37:48,324 [grpc-default-executor-2] WARN  server.GrpcLogAppender (LogUtils.java:warn(134)) - df489160-9035-493c-b28c-85e4df434e3a@group-B2E4CA7B7F81->6ca955d0-fbd7-4658-a5a5-f0aaa33d5ec1-AppendLogResponseHandler: Failed appendEntries: org.apache.ratis.thirdparty.io.grpc.StatusRuntimeException: UNAVAILABLE: io exception
2019-09-26 20:37:48,325 [grpc-default-executor-2] INFO  impl.FollowerInfo (FollowerInfo.java:lambda$new$0(51)) - df489160-9035-493c-b28c-85e4df434e3a@group-B2E4CA7B7F81->6ca955d0-fbd7-4658-a5a5-f0aaa33d5ec1: nextIndex: updateUnconditionally 0 -> 0
2019-09-26 20:37:48,334 [grpc-default-executor-1] WARN  server.GrpcLogAppender (LogUtils.java:warn(134)) - 48f2d8fd-8c43-434b-a938-4578675caf55@group-6F2CE06E8226->84a4ae1f-463c-4c61-bca5-7a956502a9f9-AppendLogResponseHandler: Failed appendEntries: org.apache.ratis.thirdparty.io.grpc.StatusRuntimeException: UNAVAILABLE: io exception
2019-09-26 20:37:48,334 [grpc-default-executor-1] INFO  impl.FollowerInfo (FollowerInfo.java:lambda$new$0(51)) - 48f2d8fd-8c43-434b-a938-4578675caf55@group-6F2CE06E8226->84a4ae1f-463c-4c61-bca5-7a956502a9f9: nextIndex: updateUnconditionally 0 -> 0
2019-09-26 20:37:48,497 [grpc-default-executor-7] WARN  server.GrpcLogAppender (LogUtils.java:warn(134)) - 48f2d8fd-8c43-434b-a938-4578675caf55@group-6F2CE06E8226->e6ea3787-7b5b-467a-894e-3363ddf5ac49-AppendLogResponseHandler: Failed appendEntries: org.apache.ratis.thirdparty.io.grpc.StatusRuntimeException: UNAVAILABLE: io exception
2019-09-26 20:37:48,498 [grpc-default-executor-7] INFO  impl.FollowerInfo (FollowerInfo.java:lambda$new$0(51)) - 48f2d8fd-8c43-434b-a938-4578675caf55@group-6F2CE06E8226->e6ea3787-7b5b-467a-894e-3363ddf5ac49: nextIndex: updateUnconditionally 0 -> 0
2019-09-26 20:37:48,825 [grpc-default-executor-2] WARN  server.GrpcLogAppender (LogUtils.java:warn(134)) - df489160-9035-493c-b28c-85e4df434e3a@group-B2E4CA7B7F81->6ca955d0-fbd7-4658-a5a5-f0aaa33d5ec1-AppendLogResponseHandler: Failed appendEntries: org.apache.ratis.thirdparty.io.grpc.StatusRuntimeException: UNAVAILABLE: io exception
2019-09-26 20:37:48,825 [grpc-default-executor-2] INFO  impl.FollowerInfo (FollowerInfo.java:lambda$new$0(51)) - df489160-9035-493c-b28c-85e4df434e3a@group-B2E4CA7B7F81->6ca955d0-fbd7-4658-a5a5-f0aaa33d5ec1: nextIndex: updateUnconditionally 0 -> 0
2019-09-26 20:37:48,835 [grpc-default-executor-1] WARN  server.GrpcLogAppender (LogUtils.java:warn(134)) - 48f2d8fd-8c43-434b-a938-4578675caf55@group-6F2CE06E8226->84a4ae1f-463c-4c61-bca5-7a956502a9f9-AppendLogResponseHandler: Failed appendEntries: org.apache.ratis.thirdparty.io.grpc.StatusRuntimeException: UNAVAILABLE: io exception
2019-09-26 20:37:48,835 [grpc-default-executor-1] INFO  impl.FollowerInfo (FollowerInfo.java:lambda$new$0(51)) - 48f2d8fd-8c43-434b-a938-4578675caf55@group-6F2CE06E8226->84a4ae1f-463c-4c61-bca5-7a956502a9f9: nextIndex: updateUnconditionally 0 -> 0
2019-09-26 20:37:48,998 [grpc-default-executor-7] WARN  server.GrpcLogAppender (LogUtils.java:warn(134)) - 48f2d8fd-8c43-434b-a938-4578675caf55@group-6F2CE06E8226->e6ea3787-7b5b-467a-894e-3363ddf5ac49-AppendLogResponseHandler: Failed appendEntries: org.apache.ratis.thirdparty.io.grpc.StatusRuntimeException: UNAVAILABLE: io exception
2019-09-26 20:37:48,998 [grpc-default-executor-7] INFO  impl.FollowerInfo (FollowerInfo.java:lambda$new$0(51)) - 48f2d8fd-8c43-434b-a938-4578675caf55@group-6F2CE06E8226->e6ea3787-7b5b-467a-894e-3363ddf5ac49: nextIndex: updateUnconditionally 0 -> 0
2019-09-26 20:37:49,326 [grpc-default-executor-7] WARN  server.GrpcLogAppender (LogUtils.java:warn(134)) - df489160-9035-493c-b28c-85e4df434e3a@group-B2E4CA7B7F81->6ca955d0-fbd7-4658-a5a5-f0aaa33d5ec1-AppendLogResponseHandler: Failed appendEntries: org.apache.ratis.thirdparty.io.grpc.StatusRuntimeException: UNAVAILABLE: io exception
2019-09-26 20:37:49,326 [grpc-default-executor-7] INFO  impl.FollowerInfo (FollowerInfo.java:lambda$new$0(51)) - df489160-9035-493c-b28c-85e4df434e3a@group-B2E4CA7B7F81->6ca955d0-fbd7-4658-a5a5-f0aaa33d5ec1: nextIndex: updateUnconditionally 0 -> 0
2019-09-26 20:37:49,335 [grpc-default-executor-2] WARN  server.GrpcLogAppender (LogUtils.java:warn(134)) - 48f2d8fd-8c43-434b-a938-4578675caf55@group-6F2CE06E8226->84a4ae1f-463c-4c61-bca5-7a956502a9f9-AppendLogResponseHandler: Failed appendEntries: org.apache.ratis.thirdparty.io.grpc.StatusRuntimeException: UNAVAILABLE: io exception
2019-09-26 20:37:49,336 [grpc-default-executor-2] INFO  impl.FollowerInfo (FollowerInfo.java:lambda$new$0(51)) - 48f2d8fd-8c43-434b-a938-4578675caf55@group-6F2CE06E8226->84a4ae1f-463c-4c61-bca5-7a956502a9f9: nextIndex: updateUnconditionally 0 -> 0
2019-09-26 20:37:49,499 [grpc-default-executor-1] WARN  server.GrpcLogAppender (LogUtils.java:warn(134)) - 48f2d8fd-8c43-434b-a938-4578675caf55@group-6F2CE06E8226->e6ea3787-7b5b-467a-894e-3363ddf5ac49-AppendLogResponseHandler: Failed appendEntries: org.apache.ratis.thirdparty.io.grpc.StatusRuntimeException: UNAVAILABLE: io exception
2019-09-26 20:37:49,499 [grpc-default-executor-1] INFO  impl.FollowerInfo (FollowerInfo.java:lambda$new$0(51)) - 48f2d8fd-8c43-434b-a938-4578675caf55@group-6F2CE06E8226->e6ea3787-7b5b-467a-894e-3363ddf5ac49: nextIndex: updateUnconditionally 0 -> 0
2019-09-26 20:37:49,827 [grpc-default-executor-1] WARN  server.GrpcLogAppender (LogUtils.java:warn(134)) - df489160-9035-493c-b28c-85e4df434e3a@group-B2E4CA7B7F81->6ca955d0-fbd7-4658-a5a5-f0aaa33d5ec1-AppendLogResponseHandler: Failed appendEntries: org.apache.ratis.thirdparty.io.grpc.StatusRuntimeException: UNAVAILABLE: io exception
2019-09-26 20:37:49,828 [grpc-default-executor-1] INFO  impl.FollowerInfo (FollowerInfo.java:lambda$new$0(51)) - df489160-9035-493c-b28c-85e4df434e3a@group-B2E4CA7B7F81->6ca955d0-fbd7-4658-a5a5-f0aaa33d5ec1: nextIndex: updateUnconditionally 0 -> 0
2019-09-26 20:37:49,835 [grpc-default-executor-2] WARN  server.GrpcLogAppender (LogUtils.java:warn(134)) - 48f2d8fd-8c43-434b-a938-4578675caf55@group-6F2CE06E8226->84a4ae1f-463c-4c61-bca5-7a956502a9f9-AppendLogResponseHandler: Failed appendEntries: org.apache.ratis.thirdparty.io.grpc.StatusRuntimeException: UNAVAILABLE: io exception
2019-09-26 20:37:49,836 [grpc-default-executor-2] INFO  impl.FollowerInfo (FollowerInfo.java:lambda$new$0(51)) - 48f2d8fd-8c43-434b-a938-4578675caf55@group-6F2CE06E8226->84a4ae1f-463c-4c61-bca5-7a956502a9f9: nextIndex: updateUnconditionally 0 -> 0
2019-09-26 20:37:50,000 [grpc-default-executor-7] WARN  server.GrpcLogAppender (LogUtils.java:warn(134)) - 48f2d8fd-8c43-434b-a938-4578675caf55@group-6F2CE06E8226->e6ea3787-7b5b-467a-894e-3363ddf5ac49-AppendLogResponseHandler: Failed appendEntries: org.apache.ratis.thirdparty.io.grpc.StatusRuntimeException: UNAVAILABLE: io exception
2019-09-26 20:37:50,001 [grpc-default-executor-7] INFO  impl.FollowerInfo (FollowerInfo.java:lambda$new$0(51)) - 48f2d8fd-8c43-434b-a938-4578675caf55@group-6F2CE06E8226->e6ea3787-7b5b-467a-894e-3363ddf5ac49: nextIndex: updateUnconditionally 0 -> 0
2019-09-26 20:37:50,328 [grpc-default-executor-2] WARN  server.GrpcLogAppender (LogUtils.java:warn(134)) - df489160-9035-493c-b28c-85e4df434e3a@group-B2E4CA7B7F81->6ca955d0-fbd7-4658-a5a5-f0aaa33d5ec1-AppendLogResponseHandler: Failed appendEntries: org.apache.ratis.thirdparty.io.grpc.StatusRuntimeException: UNAVAILABLE: io exception
2019-09-26 20:37:50,328 [grpc-default-executor-2] INFO  impl.FollowerInfo (FollowerInfo.java:lambda$new$0(51)) - df489160-9035-493c-b28c-85e4df434e3a@group-B2E4CA7B7F81->6ca955d0-fbd7-4658-a5a5-f0aaa33d5ec1: nextIndex: updateUnconditionally 0 -> 0
2019-09-26 20:37:50,336 [grpc-default-executor-1] WARN  server.GrpcLogAppender (LogUtils.java:warn(134)) - 48f2d8fd-8c43-434b-a938-4578675caf55@group-6F2CE06E8226->84a4ae1f-463c-4c61-bca5-7a956502a9f9-AppendLogResponseHandler: Failed appendEntries: org.apache.ratis.thirdparty.io.grpc.StatusRuntimeException: UNAVAILABLE: io exception
2019-09-26 20:37:50,336 [grpc-default-executor-1] INFO  impl.FollowerInfo (FollowerInfo.java:lambda$new$0(51)) - 48f2d8fd-8c43-434b-a938-4578675caf55@group-6F2CE06E8226->84a4ae1f-463c-4c61-bca5-7a956502a9f9: nextIndex: updateUnconditionally 0 -> 0
2019-09-26 20:37:50,501 [grpc-default-executor-7] WARN  server.GrpcLogAppender (LogUtils.java:warn(134)) - 48f2d8fd-8c43-434b-a938-4578675caf55@group-6F2CE06E8226->e6ea3787-7b5b-467a-894e-3363ddf5ac49-AppendLogResponseHandler: Failed appendEntries: org.apache.ratis.thirdparty.io.grpc.StatusRuntimeException: UNAVAILABLE: io exception
2019-09-26 20:37:50,502 [grpc-default-executor-7] INFO  impl.FollowerInfo (FollowerInfo.java:lambda$new$0(51)) - 48f2d8fd-8c43-434b-a938-4578675caf55@group-6F2CE06E8226->e6ea3787-7b5b-467a-894e-3363ddf5ac49: nextIndex: updateUnconditionally 0 -> 0
2019-09-26 20:37:50,829 [grpc-default-executor-2] WARN  server.GrpcLogAppender (LogUtils.java:warn(134)) - df489160-9035-493c-b28c-85e4df434e3a@group-B2E4CA7B7F81->6ca955d0-fbd7-4658-a5a5-f0aaa33d5ec1-AppendLogResponseHandler: Failed appendEntries: org.apache.ratis.thirdparty.io.grpc.StatusRuntimeException: UNAVAILABLE: io exception
2019-09-26 20:37:50,830 [grpc-default-executor-2] INFO  impl.FollowerInfo (FollowerInfo.java:lambda$new$0(51)) - df489160-9035-493c-b28c-85e4df434e3a@group-B2E4CA7B7F81->6ca955d0-fbd7-4658-a5a5-f0aaa33d5ec1: nextIndex: updateUnconditionally 0 -> 0
2019-09-26 20:37:50,837 [grpc-default-executor-1] WARN  server.GrpcLogAppender (LogUtils.java:warn(134)) - 48f2d8fd-8c43-434b-a938-4578675caf55@group-6F2CE06E8226->84a4ae1f-463c-4c61-bca5-7a956502a9f9-AppendLogResponseHandler: Failed appendEntries: org.apache.ratis.thirdparty.io.grpc.StatusRuntimeException: UNAVAILABLE: io exception
2019-09-26 20:37:50,838 [grpc-default-executor-1] INFO  impl.FollowerInfo (FollowerInfo.java:lambda$new$0(51)) - 48f2d8fd-8c43-434b-a938-4578675caf55@group-6F2CE06E8226->84a4ae1f-463c-4c61-bca5-7a956502a9f9: nextIndex: updateUnconditionally 0 -> 0
2019-09-26 20:37:51,002 [grpc-default-executor-7] WARN  server.GrpcLogAppender (LogUtils.java:warn(134)) - 48f2d8fd-8c43-434b-a938-4578675caf55@group-6F2CE06E8226->e6ea3787-7b5b-467a-894e-3363ddf5ac49-AppendLogResponseHandler: Failed appendEntries: org.apache.ratis.thirdparty.io.grpc.StatusRuntimeException: UNAVAILABLE: io exception
2019-09-26 20:37:51,003 [grpc-default-executor-7] INFO  impl.FollowerInfo (FollowerInfo.java:lambda$new$0(51)) - 48f2d8fd-8c43-434b-a938-4578675caf55@group-6F2CE06E8226->e6ea3787-7b5b-467a-894e-3363ddf5ac49: nextIndex: updateUnconditionally 0 -> 0
2019-09-26 20:37:51,330 [grpc-default-executor-2] WARN  server.GrpcLogAppender (LogUtils.java:warn(134)) - df489160-9035-493c-b28c-85e4df434e3a@group-B2E4CA7B7F81->6ca955d0-fbd7-4658-a5a5-f0aaa33d5ec1-AppendLogResponseHandler: Failed appendEntries: org.apache.ratis.thirdparty.io.grpc.StatusRuntimeException: UNAVAILABLE: io exception
2019-09-26 20:37:51,331 [grpc-default-executor-2] INFO  impl.FollowerInfo (FollowerInfo.java:lambda$new$0(51)) - df489160-9035-493c-b28c-85e4df434e3a@group-B2E4CA7B7F81->6ca955d0-fbd7-4658-a5a5-f0aaa33d5ec1: nextIndex: updateUnconditionally 0 -> 0
2019-09-26 20:37:51,338 [grpc-default-executor-1] WARN  server.GrpcLogAppender (LogUtils.java:warn(134)) - 48f2d8fd-8c43-434b-a938-4578675caf55@group-6F2CE06E8226->84a4ae1f-463c-4c61-bca5-7a956502a9f9-AppendLogResponseHandler: Failed appendEntries: org.apache.ratis.thirdparty.io.grpc.StatusRuntimeException: UNAVAILABLE: io exception
2019-09-26 20:37:51,338 [grpc-default-executor-1] INFO  impl.FollowerInfo (FollowerInfo.java:lambda$new$0(51)) - 48f2d8fd-8c43-434b-a938-4578675caf55@group-6F2CE06E8226->84a4ae1f-463c-4c61-bca5-7a956502a9f9: nextIndex: updateUnconditionally 0 -> 0
2019-09-26 20:37:51,503 [grpc-default-executor-7] WARN  server.GrpcLogAppender (LogUtils.java:warn(134)) - 48f2d8fd-8c43-434b-a938-4578675caf55@group-6F2CE06E8226->e6ea3787-7b5b-467a-894e-3363ddf5ac49-AppendLogResponseHandler: Failed appendEntries: org.apache.ratis.thirdparty.io.grpc.StatusRuntimeException: UNAVAILABLE: io exception
2019-09-26 20:37:51,503 [grpc-default-executor-7] INFO  impl.FollowerInfo (FollowerInfo.java:lambda$new$0(51)) - 48f2d8fd-8c43-434b-a938-4578675caf55@group-6F2CE06E8226->e6ea3787-7b5b-467a-894e-3363ddf5ac49: nextIndex: updateUnconditionally 0 -> 0
2019-09-26 20:37:51,831 [grpc-default-executor-2] WARN  server.GrpcLogAppender (LogUtils.java:warn(134)) - df489160-9035-493c-b28c-85e4df434e3a@group-B2E4CA7B7F81->6ca955d0-fbd7-4658-a5a5-f0aaa33d5ec1-AppendLogResponseHandler: Failed appendEntries: org.apache.ratis.thirdparty.io.grpc.StatusRuntimeException: UNAVAILABLE: io exception
2019-09-26 20:37:51,832 [grpc-default-executor-2] INFO  impl.FollowerInfo (FollowerInfo.java:lambda$new$0(51)) - df489160-9035-493c-b28c-85e4df434e3a@group-B2E4CA7B7F81->6ca955d0-fbd7-4658-a5a5-f0aaa33d5ec1: nextIndex: updateUnconditionally 0 -> 0
2019-09-26 20:37:51,841 [grpc-default-executor-1] WARN  server.GrpcLogAppender (LogUtils.java:warn(134)) - 48f2d8fd-8c43-434b-a938-4578675caf55@group-6F2CE06E8226->84a4ae1f-463c-4c61-bca5-7a956502a9f9-AppendLogResponseHandler: Failed appendEntries: org.apache.ratis.thirdparty.io.grpc.StatusRuntimeException: UNAVAILABLE: io exception
2019-09-26 20:37:51,842 [grpc-default-executor-1] INFO  impl.FollowerInfo (FollowerInfo.java:lambda$new$0(51)) - 48f2d8fd-8c43-434b-a938-4578675caf55@group-6F2CE06E8226->84a4ae1f-463c-4c61-bca5-7a956502a9f9: nextIndex: updateUnconditionally 0 -> 0
2019-09-26 20:37:52,004 [grpc-default-executor-7] WARN  server.GrpcLogAppender (LogUtils.java:warn(134)) - 48f2d8fd-8c43-434b-a938-4578675caf55@group-6F2CE06E8226->e6ea3787-7b5b-467a-894e-3363ddf5ac49-AppendLogResponseHandler: Failed appendEntries: org.apache.ratis.thirdparty.io.grpc.StatusRuntimeException: UNAVAILABLE: io exception
2019-09-26 20:37:52,004 [grpc-default-executor-7] INFO  impl.FollowerInfo (FollowerInfo.java:lambda$new$0(51)) - 48f2d8fd-8c43-434b-a938-4578675caf55@group-6F2CE06E8226->e6ea3787-7b5b-467a-894e-3363ddf5ac49: nextIndex: updateUnconditionally 0 -> 0
2019-09-26 20:37:52,332 [grpc-default-executor-2] WARN  server.GrpcLogAppender (LogUtils.java:warn(134)) - df489160-9035-493c-b28c-85e4df434e3a@group-B2E4CA7B7F81->6ca955d0-fbd7-4658-a5a5-f0aaa33d5ec1-AppendLogResponseHandler: Failed appendEntries: org.apache.ratis.thirdparty.io.grpc.StatusRuntimeException: UNAVAILABLE: io exception
2019-09-26 20:37:52,333 [grpc-default-executor-2] INFO  impl.FollowerInfo (FollowerInfo.java:lambda$new$0(51)) - df489160-9035-493c-b28c-85e4df434e3a@group-B2E4CA7B7F81->6ca955d0-fbd7-4658-a5a5-f0aaa33d5ec1: nextIndex: updateUnconditionally 0 -> 0
2019-09-26 20:37:52,341 [grpc-default-executor-1] WARN  server.GrpcLogAppender (LogUtils.java:warn(134)) - 48f2d8fd-8c43-434b-a938-4578675caf55@group-6F2CE06E8226->84a4ae1f-463c-4c61-bca5-7a956502a9f9-AppendLogResponseHandler: Failed appendEntries: org.apache.ratis.thirdparty.io.grpc.StatusRuntimeException: UNAVAILABLE: io exception
2019-09-26 20:37:52,341 [grpc-default-executor-1] INFO  impl.FollowerInfo (FollowerInfo.java:lambda$new$0(51)) - 48f2d8fd-8c43-434b-a938-4578675caf55@group-6F2CE06E8226->84a4ae1f-463c-4c61-bca5-7a956502a9f9: nextIndex: updateUnconditionally 0 -> 0
2019-09-26 20:37:52,504 [grpc-default-executor-7] WARN  server.GrpcLogAppender (LogUtils.java:warn(134)) - 48f2d8fd-8c43-434b-a938-4578675caf55@group-6F2CE06E8226->e6ea3787-7b5b-467a-894e-3363ddf5ac49-AppendLogResponseHandler: Failed appendEntries: org.apache.ratis.thirdparty.io.grpc.StatusRuntimeException: UNAVAILABLE: io exception
2019-09-26 20:37:52,504 [grpc-default-executor-7] INFO  impl.FollowerInfo (FollowerInfo.java:lambda$new$0(51)) - 48f2d8fd-8c43-434b-a938-4578675caf55@group-6F2CE06E8226->e6ea3787-7b5b-467a-894e-3363ddf5ac49: nextIndex: updateUnconditionally 0 -> 0
2019-09-26 20:37:52,778 [ForkJoinPool.commonPool-worker-0] INFO  ozoneimpl.OzoneContainer (OzoneContainer.java:stop(231)) - Attempting to stop container services.
2019-09-26 20:37:52,779 [main] INFO  ozoneimpl.OzoneContainer (OzoneContainer.java:stop(231)) - Attempting to stop container services.
2019-09-26 20:37:52,779 [ForkJoinPool.commonPool-worker-0] INFO  impl.RaftServerProxy (RaftServerProxy.java:lambda$close$4(314)) - 490b5e00-bd97-4c2f-9bd2-555d2dbb1b28: close
2019-09-26 20:37:52,780 [main] INFO  impl.RaftServerProxy (RaftServerProxy.java:lambda$close$4(314)) - df489160-9035-493c-b28c-85e4df434e3a: close
2019-09-26 20:37:52,780 [ForkJoinPool.commonPool-worker-0] INFO  impl.RaftServerImpl (RaftServerImpl.java:lambda$shutdown$3(251)) - 490b5e00-bd97-4c2f-9bd2-555d2dbb1b28@group-491A1F0188A9: shutdown
2019-09-26 20:37:52,781 [main] INFO  impl.RaftServerImpl (RaftServerImpl.java:lambda$shutdown$3(251)) - df489160-9035-493c-b28c-85e4df434e3a@group-B2E4CA7B7F81: shutdown
2019-09-26 20:37:52,781 [ForkJoinPool.commonPool-worker-0] INFO  util.JmxRegister (JmxRegister.java:unregister(73)) - Successfully un-registered JMX Bean with object name Ratis:service=RaftServer,group=group-491A1F0188A9,id=490b5e00-bd97-4c2f-9bd2-555d2dbb1b28
2019-09-26 20:37:52,781 [main] INFO  util.JmxRegister (JmxRegister.java:unregister(73)) - Successfully un-registered JMX Bean with object name Ratis:service=RaftServer,group=group-B2E4CA7B7F81,id=df489160-9035-493c-b28c-85e4df434e3a
2019-09-26 20:37:52,782 [ForkJoinPool.commonPool-worker-0] INFO  impl.RoleInfo (RoleInfo.java:shutdownLeaderState(104)) - 490b5e00-bd97-4c2f-9bd2-555d2dbb1b28: shutdown LeaderState
2019-09-26 20:37:52,782 [main] INFO  impl.RoleInfo (RoleInfo.java:shutdownLeaderState(104)) - df489160-9035-493c-b28c-85e4df434e3a: shutdown LeaderState
2019-09-26 20:37:52,783 [ForkJoinPool.commonPool-worker-0] INFO  impl.PendingRequests (PendingRequests.java:sendNotLeaderResponses(202)) - 490b5e00-bd97-4c2f-9bd2-555d2dbb1b28-PendingRequests: sendNotLeaderResponses
2019-09-26 20:37:52,787 [main] INFO  impl.PendingRequests (PendingRequests.java:sendNotLeaderResponses(202)) - df489160-9035-493c-b28c-85e4df434e3a-PendingRequests: sendNotLeaderResponses
2019-09-26 20:37:52,787 [org.apache.ratis.server.impl.LogAppender$AppenderDaemon$$Lambda$436/982945735@5c99f61c] WARN  server.GrpcLogAppender (GrpcLogAppender.java:mayWait(143)) - df489160-9035-493c-b28c-85e4df434e3a@group-B2E4CA7B7F81->eae3403e-0c87-43fb-a8fd-0fe2a75a4733-GrpcLogAppender: Wait interrupted by java.lang.InterruptedException
2019-09-26 20:37:52,787 [org.apache.ratis.server.impl.LogAppender$AppenderDaemon$$Lambda$436/982945735@7cf2f4ed] WARN  server.GrpcLogAppender (GrpcLogAppender.java:mayWait(143)) - df489160-9035-493c-b28c-85e4df434e3a@group-B2E4CA7B7F81->6ca955d0-fbd7-4658-a5a5-f0aaa33d5ec1-GrpcLogAppender: Wait interrupted by java.lang.InterruptedException
2019-09-26 20:37:52,790 [main] INFO  impl.StateMachineUpdater (StateMachineUpdater.java:stopAndJoin(125)) - df489160-9035-493c-b28c-85e4df434e3a@group-B2E4CA7B7F81-StateMachineUpdater: set stopIndex = 2
2019-09-26 20:37:52,799 [main] INFO  impl.RaftServerImpl (ServerState.java:close(385)) - df489160-9035-493c-b28c-85e4df434e3a@group-B2E4CA7B7F81: closes. applyIndex: 2
2019-09-26 20:37:52,788 [ForkJoinPool.commonPool-worker-0] INFO  impl.StateMachineUpdater (StateMachineUpdater.java:stopAndJoin(125)) - 490b5e00-bd97-4c2f-9bd2-555d2dbb1b28@group-491A1F0188A9-StateMachineUpdater: set stopIndex = 0
2019-09-26 20:37:52,800 [df489160-9035-493c-b28c-85e4df434e3a@group-B2E4CA7B7F81-SegmentedRaftLogWorker] INFO  segmented.SegmentedRaftLogWorker (SegmentedRaftLogWorker.java:run(313)) - df489160-9035-493c-b28c-85e4df434e3a@group-B2E4CA7B7F81-SegmentedRaftLogWorker was interrupted, exiting. There are 0 tasks remaining in the queue.
2019-09-26 20:37:52,799 [grpc-default-executor-7] INFO  server.GrpcServerProtocolService (GrpcServerProtocolService.java:onCompleted(113)) - eae3403e-0c87-43fb-a8fd-0fe2a75a4733: Completed APPEND_ENTRIES, lastRequest: df489160-9035-493c-b28c-85e4df434e3a->eae3403e-0c87-43fb-a8fd-0fe2a75a4733#29-t2, previous=(t:2, i:2), leaderCommit=2, initializing? false, entries: <empty>
2019-09-26 20:37:52,800 [ForkJoinPool.commonPool-worker-0] INFO  impl.RaftServerImpl (ServerState.java:close(385)) - 490b5e00-bd97-4c2f-9bd2-555d2dbb1b28@group-491A1F0188A9: closes. applyIndex: 0
2019-09-26 20:37:52,801 [main] INFO  segmented.SegmentedRaftLogWorker (SegmentedRaftLogWorker.java:close(228)) - df489160-9035-493c-b28c-85e4df434e3a@group-B2E4CA7B7F81-SegmentedRaftLogWorker close()
2019-09-26 20:37:52,801 [490b5e00-bd97-4c2f-9bd2-555d2dbb1b28@group-491A1F0188A9-SegmentedRaftLogWorker] INFO  segmented.SegmentedRaftLogWorker (SegmentedRaftLogWorker.java:run(313)) - 490b5e00-bd97-4c2f-9bd2-555d2dbb1b28@group-491A1F0188A9-SegmentedRaftLogWorker was interrupted, exiting. There are 0 tasks remaining in the queue.
2019-09-26 20:37:52,802 [grpc-default-executor-7] INFO  server.GrpcLogAppender (GrpcLogAppender.java:onCompleted(293)) - df489160-9035-493c-b28c-85e4df434e3a@group-B2E4CA7B7F81->eae3403e-0c87-43fb-a8fd-0fe2a75a4733-AppendLogResponseHandler: follower responses appendEntries COMPLETED
2019-09-26 20:37:52,804 [ForkJoinPool.commonPool-worker-0] INFO  segmented.SegmentedRaftLogWorker (SegmentedRaftLogWorker.java:close(228)) - 490b5e00-bd97-4c2f-9bd2-555d2dbb1b28@group-491A1F0188A9-SegmentedRaftLogWorker close()
2019-09-26 20:37:52,804 [main] INFO  impl.RaftServerImpl (RaftServerImpl.java:lambda$shutdown$3(251)) - df489160-9035-493c-b28c-85e4df434e3a@group-C5DB180DDBE7: shutdown
2019-09-26 20:37:52,806 [ForkJoinPool.commonPool-worker-0] INFO  server.GrpcService (GrpcService.java:closeImpl(164)) - 490b5e00-bd97-4c2f-9bd2-555d2dbb1b28: shutdown server with port 33451 now
2019-09-26 20:37:52,804 [grpc-default-executor-7] INFO  impl.FollowerInfo (FollowerInfo.java:lambda$new$0(51)) - df489160-9035-493c-b28c-85e4df434e3a@group-B2E4CA7B7F81->eae3403e-0c87-43fb-a8fd-0fe2a75a4733: nextIndex: updateUnconditionally 3 -> 2
2019-09-26 20:37:52,806 [main] INFO  util.JmxRegister (JmxRegister.java:unregister(73)) - Successfully un-registered JMX Bean with object name Ratis:service=RaftServer,group=group-C5DB180DDBE7,id=df489160-9035-493c-b28c-85e4df434e3a
2019-09-26 20:37:52,808 [main] INFO  impl.RoleInfo (RoleInfo.java:shutdownLeaderState(104)) - df489160-9035-493c-b28c-85e4df434e3a: shutdown LeaderState
2019-09-26 20:37:52,808 [ForkJoinPool.commonPool-worker-0] INFO  server.GrpcService (GrpcService.java:closeImpl(172)) - 490b5e00-bd97-4c2f-9bd2-555d2dbb1b28: shutdown server with port 33451 successfully
2019-09-26 20:37:52,809 [main] INFO  impl.PendingRequests (PendingRequests.java:sendNotLeaderResponses(202)) - df489160-9035-493c-b28c-85e4df434e3a-PendingRequests: sendNotLeaderResponses
2019-09-26 20:37:52,810 [main] INFO  impl.StateMachineUpdater (StateMachineUpdater.java:stopAndJoin(125)) - df489160-9035-493c-b28c-85e4df434e3a@group-C5DB180DDBE7-StateMachineUpdater: set stopIndex = 0
2019-09-26 20:37:52,810 [main] INFO  impl.RaftServerImpl (ServerState.java:close(385)) - df489160-9035-493c-b28c-85e4df434e3a@group-C5DB180DDBE7: closes. applyIndex: 0
2019-09-26 20:37:52,811 [refreshUsed-/workdir/hadoop-ozone/integration-test/target/test-dir/MiniOzoneClusterImpl-6b3e93c2-f638-46ca-bf75-ac80d5cb12e3/datanode-0/data/containers] WARN  fs.CachingGetSpaceUsed (CachingGetSpaceUsed.java:run(183)) - Thread Interrupted waiting to refresh disk information: sleep interrupted
2019-09-26 20:37:52,811 [df489160-9035-493c-b28c-85e4df434e3a@group-C5DB180DDBE7-SegmentedRaftLogWorker] INFO  segmented.SegmentedRaftLogWorker (SegmentedRaftLogWorker.java:run(313)) - df489160-9035-493c-b28c-85e4df434e3a@group-C5DB180DDBE7-SegmentedRaftLogWorker was interrupted, exiting. There are 0 tasks remaining in the queue.
2019-09-26 20:37:52,811 [main] INFO  segmented.SegmentedRaftLogWorker (SegmentedRaftLogWorker.java:close(228)) - df489160-9035-493c-b28c-85e4df434e3a@group-C5DB180DDBE7-SegmentedRaftLogWorker close()
2019-09-26 20:37:52,813 [main] INFO  server.GrpcService (GrpcService.java:closeImpl(164)) - df489160-9035-493c-b28c-85e4df434e3a: shutdown server with port 37092 now
2019-09-26 20:37:52,814 [main] INFO  server.GrpcService (GrpcService.java:closeImpl(172)) - df489160-9035-493c-b28c-85e4df434e3a: shutdown server with port 37092 successfully
2019-09-26 20:37:52,818 [refreshUsed-/workdir/hadoop-ozone/integration-test/target/test-dir/MiniOzoneClusterImpl-6b3e93c2-f638-46ca-bf75-ac80d5cb12e3/datanode-9/data/containers] WARN  fs.CachingGetSpaceUsed (CachingGetSpaceUsed.java:run(183)) - Thread Interrupted waiting to refresh disk information: sleep interrupted
2019-09-26 20:37:52,840 [main] INFO  utils.BackgroundService (BackgroundService.java:shutdown(148)) - Shutting down service BlockDeletingService
2019-09-26 20:37:52,844 [main] INFO  statemachine.DatanodeStateMachine (DatanodeStateMachine.java:stopDaemon(395)) - Ozone container server stopped.
2019-09-26 20:37:52,846 [ForkJoinPool.commonPool-worker-0] INFO  utils.BackgroundService (BackgroundService.java:shutdown(148)) - Shutting down service BlockDeletingService
2019-09-26 20:37:52,846 [main] INFO  handler.ContextHandler (ContextHandler.java:doStop(910)) - Stopped o.e.j.w.WebAppContext@fd53053{/,null,UNAVAILABLE}{/hddsDatanode}
2019-09-26 20:37:52,846 [grpc-default-executor-7] WARN  server.GrpcLogAppender (LogUtils.java:warn(134)) - 48f2d8fd-8c43-434b-a938-4578675caf55@group-6F2CE06E8226->84a4ae1f-463c-4c61-bca5-7a956502a9f9-AppendLogResponseHandler: Failed appendEntries: org.apache.ratis.thirdparty.io.grpc.StatusRuntimeException: UNAVAILABLE: io exception
2019-09-26 20:37:52,847 [grpc-default-executor-7] INFO  impl.FollowerInfo (FollowerInfo.java:lambda$new$0(51)) - 48f2d8fd-8c43-434b-a938-4578675caf55@group-6F2CE06E8226->84a4ae1f-463c-4c61-bca5-7a956502a9f9: nextIndex: updateUnconditionally 0 -> 0
2019-09-26 20:37:52,851 [ForkJoinPool.commonPool-worker-0] INFO  statemachine.DatanodeStateMachine (DatanodeStateMachine.java:stopDaemon(395)) - Ozone container server stopped.
2019-09-26 20:37:52,851 [main] INFO  server.AbstractConnector (AbstractConnector.java:doStop(318)) - Stopped ServerConnector@4527f70a{HTTP/1.1,[http/1.1]}{0.0.0.0:0}
2019-09-26 20:37:52,854 [main] INFO  handler.ContextHandler (ContextHandler.java:doStop(910)) - Stopped o.e.j.s.ServletContextHandler@429f7919{/static,jar:file:/home/user/.m2/repository/org/apache/hadoop/hadoop-hdds-container-service/0.5.0-SNAPSHOT/hadoop-hdds-container-service-0.5.0-SNAPSHOT.jar!/webapps/static,UNAVAILABLE}
2019-09-26 20:37:52,856 [ForkJoinPool.commonPool-worker-0] INFO  handler.ContextHandler (ContextHandler.java:doStop(910)) - Stopped o.e.j.w.WebAppContext@623dcf2a{/,null,UNAVAILABLE}{/hddsDatanode}
2019-09-26 20:37:52,856 [main] INFO  handler.ContextHandler (ContextHandler.java:doStop(910)) - Stopped o.e.j.s.ServletContextHandler@ed91d8d{/logs,file:///workdir/hadoop-ozone/integration-test/target/log,UNAVAILABLE}
2019-09-26 20:37:52,857 [ForkJoinPool.commonPool-worker-0] INFO  server.AbstractConnector (AbstractConnector.java:doStop(318)) - Stopped ServerConnector@2eae4349{HTTP/1.1,[http/1.1]}{0.0.0.0:0}
2019-09-26 20:37:52,858 [ForkJoinPool.commonPool-worker-0] INFO  handler.ContextHandler (ContextHandler.java:doStop(910)) - Stopped o.e.j.s.ServletContextHandler@9596ce8{/static,jar:file:/home/user/.m2/repository/org/apache/hadoop/hadoop-hdds-container-service/0.5.0-SNAPSHOT/hadoop-hdds-container-service-0.5.0-SNAPSHOT.jar!/webapps/static,UNAVAILABLE}
2019-09-26 20:37:52,860 [ForkJoinPool.commonPool-worker-0] INFO  handler.ContextHandler (ContextHandler.java:doStop(910)) - Stopped o.e.j.s.ServletContextHandler@26f46fa6{/logs,file:///workdir/hadoop-ozone/integration-test/target/log,UNAVAILABLE}
2019-09-26 20:37:53,006 [grpc-default-executor-2] WARN  server.GrpcLogAppender (LogUtils.java:warn(134)) - 48f2d8fd-8c43-434b-a938-4578675caf55@group-6F2CE06E8226->e6ea3787-7b5b-467a-894e-3363ddf5ac49-AppendLogResponseHandler: Failed appendEntries: org.apache.ratis.thirdparty.io.grpc.StatusRuntimeException: UNAVAILABLE: io exception
2019-09-26 20:37:53,006 [grpc-default-executor-2] INFO  impl.FollowerInfo (FollowerInfo.java:lambda$new$0(51)) - 48f2d8fd-8c43-434b-a938-4578675caf55@group-6F2CE06E8226->e6ea3787-7b5b-467a-894e-3363ddf5ac49: nextIndex: updateUnconditionally 0 -> 0
2019-09-26 20:37:53,285 [Datanode State Machine Thread - 0] INFO  statemachine.DatanodeStateMachine (DatanodeStateMachine.java:lambda$startDaemon$0(350)) - Ozone container server started.
2019-09-26 20:37:53,344 [grpc-default-executor-1] WARN  server.GrpcLogAppender (LogUtils.java:warn(134)) - 48f2d8fd-8c43-434b-a938-4578675caf55@group-6F2CE06E8226->84a4ae1f-463c-4c61-bca5-7a956502a9f9-AppendLogResponseHandler: Failed appendEntries: org.apache.ratis.thirdparty.io.grpc.StatusRuntimeException: UNAVAILABLE: io exception
2019-09-26 20:37:53,344 [grpc-default-executor-1] INFO  impl.FollowerInfo (FollowerInfo.java:lambda$new$0(51)) - 48f2d8fd-8c43-434b-a938-4578675caf55@group-6F2CE06E8226->84a4ae1f-463c-4c61-bca5-7a956502a9f9: nextIndex: updateUnconditionally 0 -> 0
2019-09-26 20:37:53,399 [Datanode State Machine Thread - 0] INFO  statemachine.DatanodeStateMachine (DatanodeStateMachine.java:lambda$startDaemon$0(350)) - Ozone container server started.
2019-09-26 20:37:53,471 [Thread-1828] INFO  impl.FollowerState (FollowerState.java:run(106)) - eae3403e-0c87-43fb-a8fd-0fe2a75a4733:group-B2E4CA7B7F81 changes to CANDIDATE, lastRpcTime:1107, electionTimeout:1045ms
2019-09-26 20:37:53,471 [Thread-1828] INFO  impl.RoleInfo (RoleInfo.java:shutdownFollowerState(121)) - eae3403e-0c87-43fb-a8fd-0fe2a75a4733: shutdown FollowerState
2019-09-26 20:37:53,472 [Thread-1828] INFO  impl.RaftServerImpl (RaftServerImpl.java:setRole(174)) - eae3403e-0c87-43fb-a8fd-0fe2a75a4733@group-B2E4CA7B7F81: changes role from  FOLLOWER to CANDIDATE at term 2 for changeToCandidate
2019-09-26 20:37:53,472 [Thread-1828] INFO  impl.RoleInfo (RoleInfo.java:updateAndGet(143)) - eae3403e-0c87-43fb-a8fd-0fe2a75a4733: start LeaderElection
2019-09-26 20:37:53,474 [eae3403e-0c87-43fb-a8fd-0fe2a75a4733@group-B2E4CA7B7F81:LeaderElection24] INFO  impl.RaftServerImpl (ServerState.java:setLeader(253)) - eae3403e-0c87-43fb-a8fd-0fe2a75a4733@group-B2E4CA7B7F81: change Leader from df489160-9035-493c-b28c-85e4df434e3a to null at term 2 for initElection
2019-09-26 20:37:53,501 [eae3403e-0c87-43fb-a8fd-0fe2a75a4733@group-B2E4CA7B7F81:LeaderElection24] INFO  impl.LeaderElection (LeaderElection.java:askForVotes(182)) - eae3403e-0c87-43fb-a8fd-0fe2a75a4733@group-B2E4CA7B7F81:LeaderElection24: begin an election at term 3 for 1: [df489160-9035-493c-b28c-85e4df434e3a:192.168.151.109:37092, 6ca955d0-fbd7-4658-a5a5-f0aaa33d5ec1:192.168.151.109:36062, eae3403e-0c87-43fb-a8fd-0fe2a75a4733:192.168.151.109:37973], old=null
2019-09-26 20:37:53,506 [eae3403e-0c87-43fb-a8fd-0fe2a75a4733@group-B2E4CA7B7F81:LeaderElection24] INFO  impl.LeaderElection (LogUtils.java:infoOrTrace(149)) - eae3403e-0c87-43fb-a8fd-0fe2a75a4733@group-B2E4CA7B7F81:LeaderElection24 got exception when requesting votes: {}
java.util.concurrent.ExecutionException: org.apache.ratis.thirdparty.io.grpc.StatusRuntimeException: UNAVAILABLE: io exception
	at java.util.concurrent.FutureTask.report(FutureTask.java:122)
	at java.util.concurrent.FutureTask.get(FutureTask.java:192)
	at org.apache.ratis.server.impl.LeaderElection.waitForResults(LeaderElection.java:263)
	at org.apache.ratis.server.impl.LeaderElection.askForVotes(LeaderElection.java:201)
	at org.apache.ratis.server.impl.LeaderElection.run(LeaderElection.java:133)
	at java.lang.Thread.run(Thread.java:748)
Caused by: org.apache.ratis.thirdparty.io.grpc.StatusRuntimeException: UNAVAILABLE: io exception
	at org.apache.ratis.thirdparty.io.grpc.stub.ClientCalls.toStatusRuntimeException(ClientCalls.java:233)
	at org.apache.ratis.thirdparty.io.grpc.stub.ClientCalls.getUnchecked(ClientCalls.java:214)
	at org.apache.ratis.thirdparty.io.grpc.stub.ClientCalls.blockingUnaryCall(ClientCalls.java:139)
	at org.apache.ratis.proto.grpc.RaftServerProtocolServiceGrpc$RaftServerProtocolServiceBlockingStub.requestVote(RaftServerProtocolServiceGrpc.java:265)
	at org.apache.ratis.grpc.server.GrpcServerProtocolClient.requestVote(GrpcServerProtocolClient.java:90)
	at org.apache.ratis.grpc.server.GrpcService.requestVote(GrpcService.java:204)
	at org.apache.ratis.server.impl.LeaderElection.lambda$submitRequests$1(LeaderElection.java:238)
	at java.util.concurrent.FutureTask.run(FutureTask.java:266)
	at java.util.concurrent.Executors$RunnableAdapter.call(Executors.java:511)
	at java.util.concurrent.FutureTask.run(FutureTask.java:266)
	at java.util.concurrent.ThreadPoolExecutor.runWorker(ThreadPoolExecutor.java:1149)
	at java.util.concurrent.ThreadPoolExecutor$Worker.run(ThreadPoolExecutor.java:624)
	... 1 more
Caused by: org.apache.ratis.thirdparty.io.netty.channel.AbstractChannel$AnnotatedConnectException: Connection refused: /192.168.151.109:37092
	at sun.nio.ch.SocketChannelImpl.checkConnect(Native Method)
	at sun.nio.ch.SocketChannelImpl.finishConnect(SocketChannelImpl.java:717)
	at org.apache.ratis.thirdparty.io.netty.channel.socket.nio.NioSocketChannel.doFinishConnect(NioSocketChannel.java:327)
	at org.apache.ratis.thirdparty.io.netty.channel.nio.AbstractNioChannel$AbstractNioUnsafe.finishConnect(AbstractNioChannel.java:340)
	at org.apache.ratis.thirdparty.io.netty.channel.nio.NioEventLoop.processSelectedKey(NioEventLoop.java:632)
	at org.apache.ratis.thirdparty.io.netty.channel.nio.NioEventLoop.processSelectedKeysOptimized(NioEventLoop.java:579)
	at org.apache.ratis.thirdparty.io.netty.channel.nio.NioEventLoop.processSelectedKeys(NioEventLoop.java:496)
	at org.apache.ratis.thirdparty.io.netty.channel.nio.NioEventLoop.run(NioEventLoop.java:458)
	at org.apache.ratis.thirdparty.io.netty.util.concurrent.SingleThreadEventExecutor$5.run(SingleThreadEventExecutor.java:897)
	at org.apache.ratis.thirdparty.io.netty.util.concurrent.FastThreadLocalRunnable.run(FastThreadLocalRunnable.java:30)
	... 1 more
Caused by: java.net.ConnectException: Connection refused
	... 11 more
2019-09-26 20:37:53,506 [grpc-default-executor-2] WARN  server.GrpcLogAppender (LogUtils.java:warn(134)) - 48f2d8fd-8c43-434b-a938-4578675caf55@group-6F2CE06E8226->e6ea3787-7b5b-467a-894e-3363ddf5ac49-AppendLogResponseHandler: Failed appendEntries: org.apache.ratis.thirdparty.io.grpc.StatusRuntimeException: UNAVAILABLE: io exception
2019-09-26 20:37:53,507 [eae3403e-0c87-43fb-a8fd-0fe2a75a4733@group-B2E4CA7B7F81:LeaderElection24] INFO  impl.LeaderElection (LogUtils.java:infoOrTrace(149)) - eae3403e-0c87-43fb-a8fd-0fe2a75a4733@group-B2E4CA7B7F81:LeaderElection24 got exception when requesting votes: {}
java.util.concurrent.ExecutionException: org.apache.ratis.thirdparty.io.grpc.StatusRuntimeException: UNAVAILABLE: io exception
	at java.util.concurrent.FutureTask.report(FutureTask.java:122)
	at java.util.concurrent.FutureTask.get(FutureTask.java:192)
	at org.apache.ratis.server.impl.LeaderElection.waitForResults(LeaderElection.java:263)
	at org.apache.ratis.server.impl.LeaderElection.askForVotes(LeaderElection.java:201)
	at org.apache.ratis.server.impl.LeaderElection.run(LeaderElection.java:133)
	at java.lang.Thread.run(Thread.java:748)
Caused by: org.apache.ratis.thirdparty.io.grpc.StatusRuntimeException: UNAVAILABLE: io exception
	at org.apache.ratis.thirdparty.io.grpc.stub.ClientCalls.toStatusRuntimeException(ClientCalls.java:233)
	at org.apache.ratis.thirdparty.io.grpc.stub.ClientCalls.getUnchecked(ClientCalls.java:214)
	at org.apache.ratis.thirdparty.io.grpc.stub.ClientCalls.blockingUnaryCall(ClientCalls.java:139)
	at org.apache.ratis.proto.grpc.RaftServerProtocolServiceGrpc$RaftServerProtocolServiceBlockingStub.requestVote(RaftServerProtocolServiceGrpc.java:265)
	at org.apache.ratis.grpc.server.GrpcServerProtocolClient.requestVote(GrpcServerProtocolClient.java:90)
	at org.apache.ratis.grpc.server.GrpcService.requestVote(GrpcService.java:204)
	at org.apache.ratis.server.impl.LeaderElection.lambda$submitRequests$1(LeaderElection.java:238)
	at java.util.concurrent.FutureTask.run(FutureTask.java:266)
	at java.util.concurrent.Executors$RunnableAdapter.call(Executors.java:511)
	at java.util.concurrent.FutureTask.run(FutureTask.java:266)
	at java.util.concurrent.ThreadPoolExecutor.runWorker(ThreadPoolExecutor.java:1149)
	at java.util.concurrent.ThreadPoolExecutor$Worker.run(ThreadPoolExecutor.java:624)
	... 1 more
Caused by: org.apache.ratis.thirdparty.io.netty.channel.AbstractChannel$AnnotatedConnectException: Connection refused: /192.168.151.109:36062
	at sun.nio.ch.SocketChannelImpl.checkConnect(Native Method)
	at sun.nio.ch.SocketChannelImpl.finishConnect(SocketChannelImpl.java:717)
	at org.apache.ratis.thirdparty.io.netty.channel.socket.nio.NioSocketChannel.doFinishConnect(NioSocketChannel.java:327)
	at org.apache.ratis.thirdparty.io.netty.channel.nio.AbstractNioChannel$AbstractNioUnsafe.finishConnect(AbstractNioChannel.java:340)
	at org.apache.ratis.thirdparty.io.netty.channel.nio.NioEventLoop.processSelectedKey(NioEventLoop.java:632)
	at org.apache.ratis.thirdparty.io.netty.channel.nio.NioEventLoop.processSelectedKeysOptimized(NioEventLoop.java:579)
	at org.apache.ratis.thirdparty.io.netty.channel.nio.NioEventLoop.processSelectedKeys(NioEventLoop.java:496)
	at org.apache.ratis.thirdparty.io.netty.channel.nio.NioEventLoop.run(NioEventLoop.java:458)
	at org.apache.ratis.thirdparty.io.netty.util.concurrent.SingleThreadEventExecutor$5.run(SingleThreadEventExecutor.java:897)
	at org.apache.ratis.thirdparty.io.netty.util.concurrent.FastThreadLocalRunnable.run(FastThreadLocalRunnable.java:30)
	... 1 more
Caused by: java.net.ConnectException: Connection refused
	... 11 more
2019-09-26 20:37:53,509 [grpc-default-executor-2] INFO  impl.FollowerInfo (FollowerInfo.java:lambda$new$0(51)) - 48f2d8fd-8c43-434b-a938-4578675caf55@group-6F2CE06E8226->e6ea3787-7b5b-467a-894e-3363ddf5ac49: nextIndex: updateUnconditionally 0 -> 0
2019-09-26 20:37:53,509 [eae3403e-0c87-43fb-a8fd-0fe2a75a4733@group-B2E4CA7B7F81:LeaderElection24] INFO  impl.LeaderElection (LeaderElection.java:logAndReturn(56)) - eae3403e-0c87-43fb-a8fd-0fe2a75a4733@group-B2E4CA7B7F81:LeaderElection24: Election REJECTED; received 0 response(s) [] and 2 exception(s); eae3403e-0c87-43fb-a8fd-0fe2a75a4733@group-B2E4CA7B7F81:t3, leader=null, voted=eae3403e-0c87-43fb-a8fd-0fe2a75a4733, raftlog=eae3403e-0c87-43fb-a8fd-0fe2a75a4733@group-B2E4CA7B7F81-SegmentedRaftLog:OPENED:c2,f2,i2, conf=1: [df489160-9035-493c-b28c-85e4df434e3a:192.168.151.109:37092, 6ca955d0-fbd7-4658-a5a5-f0aaa33d5ec1:192.168.151.109:36062, eae3403e-0c87-43fb-a8fd-0fe2a75a4733:192.168.151.109:37973], old=null
2019-09-26 20:37:53,510 [eae3403e-0c87-43fb-a8fd-0fe2a75a4733@group-B2E4CA7B7F81:LeaderElection24] INFO  impl.LeaderElection (LogUtils.java:infoOrTrace(149)) -   Exception 0: {}
java.util.concurrent.ExecutionException: org.apache.ratis.thirdparty.io.grpc.StatusRuntimeException: UNAVAILABLE: io exception
	at java.util.concurrent.FutureTask.report(FutureTask.java:122)
	at java.util.concurrent.FutureTask.get(FutureTask.java:192)
	at org.apache.ratis.server.impl.LeaderElection.waitForResults(LeaderElection.java:263)
	at org.apache.ratis.server.impl.LeaderElection.askForVotes(LeaderElection.java:201)
	at org.apache.ratis.server.impl.LeaderElection.run(LeaderElection.java:133)
	at java.lang.Thread.run(Thread.java:748)
Caused by: org.apache.ratis.thirdparty.io.grpc.StatusRuntimeException: UNAVAILABLE: io exception
	at org.apache.ratis.thirdparty.io.grpc.stub.ClientCalls.toStatusRuntimeException(ClientCalls.java:233)
	at org.apache.ratis.thirdparty.io.grpc.stub.ClientCalls.getUnchecked(ClientCalls.java:214)
	at org.apache.ratis.thirdparty.io.grpc.stub.ClientCalls.blockingUnaryCall(ClientCalls.java:139)
	at org.apache.ratis.proto.grpc.RaftServerProtocolServiceGrpc$RaftServerProtocolServiceBlockingStub.requestVote(RaftServerProtocolServiceGrpc.java:265)
	at org.apache.ratis.grpc.server.GrpcServerProtocolClient.requestVote(GrpcServerProtocolClient.java:90)
	at org.apache.ratis.grpc.server.GrpcService.requestVote(GrpcService.java:204)
	at org.apache.ratis.server.impl.LeaderElection.lambda$submitRequests$1(LeaderElection.java:238)
	at java.util.concurrent.FutureTask.run(FutureTask.java:266)
	at java.util.concurrent.Executors$RunnableAdapter.call(Executors.java:511)
	at java.util.concurrent.FutureTask.run(FutureTask.java:266)
	at java.util.concurrent.ThreadPoolExecutor.runWorker(ThreadPoolExecutor.java:1149)
	at java.util.concurrent.ThreadPoolExecutor$Worker.run(ThreadPoolExecutor.java:624)
	... 1 more
Caused by: org.apache.ratis.thirdparty.io.netty.channel.AbstractChannel$AnnotatedConnectException: Connection refused: /192.168.151.109:37092
	at sun.nio.ch.SocketChannelImpl.checkConnect(Native Method)
	at sun.nio.ch.SocketChannelImpl.finishConnect(SocketChannelImpl.java:717)
	at org.apache.ratis.thirdparty.io.netty.channel.socket.nio.NioSocketChannel.doFinishConnect(NioSocketChannel.java:327)
	at org.apache.ratis.thirdparty.io.netty.channel.nio.AbstractNioChannel$AbstractNioUnsafe.finishConnect(AbstractNioChannel.java:340)
	at org.apache.ratis.thirdparty.io.netty.channel.nio.NioEventLoop.processSelectedKey(NioEventLoop.java:632)
	at org.apache.ratis.thirdparty.io.netty.channel.nio.NioEventLoop.processSelectedKeysOptimized(NioEventLoop.java:579)
	at org.apache.ratis.thirdparty.io.netty.channel.nio.NioEventLoop.processSelectedKeys(NioEventLoop.java:496)
	at org.apache.ratis.thirdparty.io.netty.channel.nio.NioEventLoop.run(NioEventLoop.java:458)
	at org.apache.ratis.thirdparty.io.netty.util.concurrent.SingleThreadEventExecutor$5.run(SingleThreadEventExecutor.java:897)
	at org.apache.ratis.thirdparty.io.netty.util.concurrent.FastThreadLocalRunnable.run(FastThreadLocalRunnable.java:30)
	... 1 more
Caused by: java.net.ConnectException: Connection refused
	... 11 more
2019-09-26 20:37:53,510 [eae3403e-0c87-43fb-a8fd-0fe2a75a4733@group-B2E4CA7B7F81:LeaderElection24] INFO  impl.LeaderElection (LogUtils.java:infoOrTrace(149)) -   Exception 1: {}
java.util.concurrent.ExecutionException: org.apache.ratis.thirdparty.io.grpc.StatusRuntimeException: UNAVAILABLE: io exception
	at java.util.concurrent.FutureTask.report(FutureTask.java:122)
	at java.util.concurrent.FutureTask.get(FutureTask.java:192)
	at org.apache.ratis.server.impl.LeaderElection.waitForResults(LeaderElection.java:263)
	at org.apache.ratis.server.impl.LeaderElection.askForVotes(LeaderElection.java:201)
	at org.apache.ratis.server.impl.LeaderElection.run(LeaderElection.java:133)
	at java.lang.Thread.run(Thread.java:748)
Caused by: org.apache.ratis.thirdparty.io.grpc.StatusRuntimeException: UNAVAILABLE: io exception
	at org.apache.ratis.thirdparty.io.grpc.stub.ClientCalls.toStatusRuntimeException(ClientCalls.java:233)
	at org.apache.ratis.thirdparty.io.grpc.stub.ClientCalls.getUnchecked(ClientCalls.java:214)
	at org.apache.ratis.thirdparty.io.grpc.stub.ClientCalls.blockingUnaryCall(ClientCalls.java:139)
	at org.apache.ratis.proto.grpc.RaftServerProtocolServiceGrpc$RaftServerProtocolServiceBlockingStub.requestVote(RaftServerProtocolServiceGrpc.java:265)
	at org.apache.ratis.grpc.server.GrpcServerProtocolClient.requestVote(GrpcServerProtocolClient.java:90)
	at org.apache.ratis.grpc.server.GrpcService.requestVote(GrpcService.java:204)
	at org.apache.ratis.server.impl.LeaderElection.lambda$submitRequests$1(LeaderElection.java:238)
	at java.util.concurrent.FutureTask.run(FutureTask.java:266)
	at java.util.concurrent.Executors$RunnableAdapter.call(Executors.java:511)
	at java.util.concurrent.FutureTask.run(FutureTask.java:266)
	at java.util.concurrent.ThreadPoolExecutor.runWorker(ThreadPoolExecutor.java:1149)
	at java.util.concurrent.ThreadPoolExecutor$Worker.run(ThreadPoolExecutor.java:624)
	... 1 more
Caused by: org.apache.ratis.thirdparty.io.netty.channel.AbstractChannel$AnnotatedConnectException: Connection refused: /192.168.151.109:36062
	at sun.nio.ch.SocketChannelImpl.checkConnect(Native Method)
	at sun.nio.ch.SocketChannelImpl.finishConnect(SocketChannelImpl.java:717)
	at org.apache.ratis.thirdparty.io.netty.channel.socket.nio.NioSocketChannel.doFinishConnect(NioSocketChannel.java:327)
	at org.apache.ratis.thirdparty.io.netty.channel.nio.AbstractNioChannel$AbstractNioUnsafe.finishConnect(AbstractNioChannel.java:340)
	at org.apache.ratis.thirdparty.io.netty.channel.nio.NioEventLoop.processSelectedKey(NioEventLoop.java:632)
	at org.apache.ratis.thirdparty.io.netty.channel.nio.NioEventLoop.processSelectedKeysOptimized(NioEventLoop.java:579)
	at org.apache.ratis.thirdparty.io.netty.channel.nio.NioEventLoop.processSelectedKeys(NioEventLoop.java:496)
	at org.apache.ratis.thirdparty.io.netty.channel.nio.NioEventLoop.run(NioEventLoop.java:458)
	at org.apache.ratis.thirdparty.io.netty.util.concurrent.SingleThreadEventExecutor$5.run(SingleThreadEventExecutor.java:897)
	at org.apache.ratis.thirdparty.io.netty.util.concurrent.FastThreadLocalRunnable.run(FastThreadLocalRunnable.java:30)
	... 1 more
Caused by: java.net.ConnectException: Connection refused
	... 11 more
2019-09-26 20:37:53,512 [eae3403e-0c87-43fb-a8fd-0fe2a75a4733@group-B2E4CA7B7F81:LeaderElection24] INFO  impl.RaftServerImpl (RaftServerImpl.java:setRole(174)) - eae3403e-0c87-43fb-a8fd-0fe2a75a4733@group-B2E4CA7B7F81: changes role from CANDIDATE to FOLLOWER at term 3 for DISCOVERED_A_NEW_TERM
2019-09-26 20:37:53,513 [eae3403e-0c87-43fb-a8fd-0fe2a75a4733@group-B2E4CA7B7F81:LeaderElection24] INFO  impl.RoleInfo (RoleInfo.java:shutdownLeaderElection(134)) - eae3403e-0c87-43fb-a8fd-0fe2a75a4733: shutdown LeaderElection
2019-09-26 20:37:53,513 [eae3403e-0c87-43fb-a8fd-0fe2a75a4733@group-B2E4CA7B7F81:LeaderElection24] INFO  impl.RoleInfo (RoleInfo.java:updateAndGet(143)) - eae3403e-0c87-43fb-a8fd-0fe2a75a4733: start FollowerState
2019-09-26 20:37:53,845 [grpc-default-executor-7] WARN  server.GrpcLogAppender (LogUtils.java:warn(134)) - 48f2d8fd-8c43-434b-a938-4578675caf55@group-6F2CE06E8226->84a4ae1f-463c-4c61-bca5-7a956502a9f9-AppendLogResponseHandler: Failed appendEntries: org.apache.ratis.thirdparty.io.grpc.StatusRuntimeException: UNAVAILABLE: io exception
2019-09-26 20:37:53,847 [grpc-default-executor-7] INFO  impl.FollowerInfo (FollowerInfo.java:lambda$new$0(51)) - 48f2d8fd-8c43-434b-a938-4578675caf55@group-6F2CE06E8226->84a4ae1f-463c-4c61-bca5-7a956502a9f9: nextIndex: updateUnconditionally 0 -> 0
2019-09-26 20:37:54,008 [grpc-default-executor-2] WARN  server.GrpcLogAppender (LogUtils.java:warn(134)) - 48f2d8fd-8c43-434b-a938-4578675caf55@group-6F2CE06E8226->e6ea3787-7b5b-467a-894e-3363ddf5ac49-AppendLogResponseHandler: Failed appendEntries: org.apache.ratis.thirdparty.io.grpc.StatusRuntimeException: UNAVAILABLE: io exception
2019-09-26 20:37:54,008 [grpc-default-executor-2] INFO  impl.FollowerInfo (FollowerInfo.java:lambda$new$0(51)) - 48f2d8fd-8c43-434b-a938-4578675caf55@group-6F2CE06E8226->e6ea3787-7b5b-467a-894e-3363ddf5ac49: nextIndex: updateUnconditionally 0 -> 0
2019-09-26 20:37:54,346 [grpc-default-executor-2] WARN  server.GrpcLogAppender (LogUtils.java:warn(134)) - 48f2d8fd-8c43-434b-a938-4578675caf55@group-6F2CE06E8226->84a4ae1f-463c-4c61-bca5-7a956502a9f9-AppendLogResponseHandler: Failed appendEntries: org.apache.ratis.thirdparty.io.grpc.StatusRuntimeException: UNAVAILABLE: io exception
2019-09-26 20:37:54,346 [grpc-default-executor-2] INFO  impl.FollowerInfo (FollowerInfo.java:lambda$new$0(51)) - 48f2d8fd-8c43-434b-a938-4578675caf55@group-6F2CE06E8226->84a4ae1f-463c-4c61-bca5-7a956502a9f9: nextIndex: updateUnconditionally 0 -> 0
2019-09-26 20:37:54,508 [grpc-default-executor-2] WARN  server.GrpcLogAppender (LogUtils.java:warn(134)) - 48f2d8fd-8c43-434b-a938-4578675caf55@group-6F2CE06E8226->e6ea3787-7b5b-467a-894e-3363ddf5ac49-AppendLogResponseHandler: Failed appendEntries: org.apache.ratis.thirdparty.io.grpc.StatusRuntimeException: UNAVAILABLE: io exception
2019-09-26 20:37:54,509 [grpc-default-executor-2] INFO  impl.FollowerInfo (FollowerInfo.java:lambda$new$0(51)) - 48f2d8fd-8c43-434b-a938-4578675caf55@group-6F2CE06E8226->e6ea3787-7b5b-467a-894e-3363ddf5ac49: nextIndex: updateUnconditionally 0 -> 0
2019-09-26 20:37:54,678 [Thread-1910] INFO  impl.FollowerState (FollowerState.java:run(106)) - eae3403e-0c87-43fb-a8fd-0fe2a75a4733:group-B2E4CA7B7F81 changes to CANDIDATE, lastRpcTime:1165, electionTimeout:1164ms
2019-09-26 20:37:54,679 [Thread-1910] INFO  impl.RoleInfo (RoleInfo.java:shutdownFollowerState(121)) - eae3403e-0c87-43fb-a8fd-0fe2a75a4733: shutdown FollowerState
2019-09-26 20:37:54,679 [Thread-1910] INFO  impl.RaftServerImpl (RaftServerImpl.java:setRole(174)) - eae3403e-0c87-43fb-a8fd-0fe2a75a4733@group-B2E4CA7B7F81: changes role from  FOLLOWER to CANDIDATE at term 3 for changeToCandidate
2019-09-26 20:37:54,679 [Thread-1910] INFO  impl.RoleInfo (RoleInfo.java:updateAndGet(143)) - eae3403e-0c87-43fb-a8fd-0fe2a75a4733: start LeaderElection
2019-09-26 20:37:54,695 [eae3403e-0c87-43fb-a8fd-0fe2a75a4733@group-B2E4CA7B7F81:LeaderElection25] INFO  impl.LeaderElection (LeaderElection.java:askForVotes(182)) - eae3403e-0c87-43fb-a8fd-0fe2a75a4733@group-B2E4CA7B7F81:LeaderElection25: begin an election at term 4 for 1: [df489160-9035-493c-b28c-85e4df434e3a:192.168.151.109:37092, 6ca955d0-fbd7-4658-a5a5-f0aaa33d5ec1:192.168.151.109:36062, eae3403e-0c87-43fb-a8fd-0fe2a75a4733:192.168.151.109:37973], old=null
2019-09-26 20:37:54,696 [eae3403e-0c87-43fb-a8fd-0fe2a75a4733@group-B2E4CA7B7F81:LeaderElection25] INFO  impl.LeaderElection (LogUtils.java:infoOrTrace(149)) - eae3403e-0c87-43fb-a8fd-0fe2a75a4733@group-B2E4CA7B7F81:LeaderElection25 got exception when requesting votes: {}
java.util.concurrent.ExecutionException: org.apache.ratis.thirdparty.io.grpc.StatusRuntimeException: UNAVAILABLE: io exception
	at java.util.concurrent.FutureTask.report(FutureTask.java:122)
	at java.util.concurrent.FutureTask.get(FutureTask.java:192)
	at org.apache.ratis.server.impl.LeaderElection.waitForResults(LeaderElection.java:263)
	at org.apache.ratis.server.impl.LeaderElection.askForVotes(LeaderElection.java:201)
	at org.apache.ratis.server.impl.LeaderElection.run(LeaderElection.java:133)
	at java.lang.Thread.run(Thread.java:748)
Caused by: org.apache.ratis.thirdparty.io.grpc.StatusRuntimeException: UNAVAILABLE: io exception
	at org.apache.ratis.thirdparty.io.grpc.stub.ClientCalls.toStatusRuntimeException(ClientCalls.java:233)
	at org.apache.ratis.thirdparty.io.grpc.stub.ClientCalls.getUnchecked(ClientCalls.java:214)
	at org.apache.ratis.thirdparty.io.grpc.stub.ClientCalls.blockingUnaryCall(ClientCalls.java:139)
	at org.apache.ratis.proto.grpc.RaftServerProtocolServiceGrpc$RaftServerProtocolServiceBlockingStub.requestVote(RaftServerProtocolServiceGrpc.java:265)
	at org.apache.ratis.grpc.server.GrpcServerProtocolClient.requestVote(GrpcServerProtocolClient.java:90)
	at org.apache.ratis.grpc.server.GrpcService.requestVote(GrpcService.java:204)
	at org.apache.ratis.server.impl.LeaderElection.lambda$submitRequests$1(LeaderElection.java:238)
	at java.util.concurrent.FutureTask.run(FutureTask.java:266)
	at java.util.concurrent.Executors$RunnableAdapter.call(Executors.java:511)
	at java.util.concurrent.FutureTask.run(FutureTask.java:266)
	at java.util.concurrent.ThreadPoolExecutor.runWorker(ThreadPoolExecutor.java:1149)
	at java.util.concurrent.ThreadPoolExecutor$Worker.run(ThreadPoolExecutor.java:624)
	... 1 more
Caused by: org.apache.ratis.thirdparty.io.netty.channel.AbstractChannel$AnnotatedConnectException: Connection refused: /192.168.151.109:37092
	at sun.nio.ch.SocketChannelImpl.checkConnect(Native Method)
	at sun.nio.ch.SocketChannelImpl.finishConnect(SocketChannelImpl.java:717)
	at org.apache.ratis.thirdparty.io.netty.channel.socket.nio.NioSocketChannel.doFinishConnect(NioSocketChannel.java:327)
	at org.apache.ratis.thirdparty.io.netty.channel.nio.AbstractNioChannel$AbstractNioUnsafe.finishConnect(AbstractNioChannel.java:340)
	at org.apache.ratis.thirdparty.io.netty.channel.nio.NioEventLoop.processSelectedKey(NioEventLoop.java:632)
	at org.apache.ratis.thirdparty.io.netty.channel.nio.NioEventLoop.processSelectedKeysOptimized(NioEventLoop.java:579)
	at org.apache.ratis.thirdparty.io.netty.channel.nio.NioEventLoop.processSelectedKeys(NioEventLoop.java:496)
	at org.apache.ratis.thirdparty.io.netty.channel.nio.NioEventLoop.run(NioEventLoop.java:458)
	at org.apache.ratis.thirdparty.io.netty.util.concurrent.SingleThreadEventExecutor$5.run(SingleThreadEventExecutor.java:897)
	at org.apache.ratis.thirdparty.io.netty.util.concurrent.FastThreadLocalRunnable.run(FastThreadLocalRunnable.java:30)
	... 1 more
Caused by: java.net.ConnectException: Connection refused
	... 11 more
2019-09-26 20:37:54,698 [eae3403e-0c87-43fb-a8fd-0fe2a75a4733@group-B2E4CA7B7F81:LeaderElection25] INFO  impl.LeaderElection (LogUtils.java:infoOrTrace(149)) - eae3403e-0c87-43fb-a8fd-0fe2a75a4733@group-B2E4CA7B7F81:LeaderElection25 got exception when requesting votes: {}
java.util.concurrent.ExecutionException: org.apache.ratis.thirdparty.io.grpc.StatusRuntimeException: UNAVAILABLE: io exception
	at java.util.concurrent.FutureTask.report(FutureTask.java:122)
	at java.util.concurrent.FutureTask.get(FutureTask.java:192)
	at org.apache.ratis.server.impl.LeaderElection.waitForResults(LeaderElection.java:263)
	at org.apache.ratis.server.impl.LeaderElection.askForVotes(LeaderElection.java:201)
	at org.apache.ratis.server.impl.LeaderElection.run(LeaderElection.java:133)
	at java.lang.Thread.run(Thread.java:748)
Caused by: org.apache.ratis.thirdparty.io.grpc.StatusRuntimeException: UNAVAILABLE: io exception
	at org.apache.ratis.thirdparty.io.grpc.stub.ClientCalls.toStatusRuntimeException(ClientCalls.java:233)
	at org.apache.ratis.thirdparty.io.grpc.stub.ClientCalls.getUnchecked(ClientCalls.java:214)
	at org.apache.ratis.thirdparty.io.grpc.stub.ClientCalls.blockingUnaryCall(ClientCalls.java:139)
	at org.apache.ratis.proto.grpc.RaftServerProtocolServiceGrpc$RaftServerProtocolServiceBlockingStub.requestVote(RaftServerProtocolServiceGrpc.java:265)
	at org.apache.ratis.grpc.server.GrpcServerProtocolClient.requestVote(GrpcServerProtocolClient.java:90)
	at org.apache.ratis.grpc.server.GrpcService.requestVote(GrpcService.java:204)
	at org.apache.ratis.server.impl.LeaderElection.lambda$submitRequests$1(LeaderElection.java:238)
	at java.util.concurrent.FutureTask.run(FutureTask.java:266)
	at java.util.concurrent.Executors$RunnableAdapter.call(Executors.java:511)
	at java.util.concurrent.FutureTask.run(FutureTask.java:266)
	at java.util.concurrent.ThreadPoolExecutor.runWorker(ThreadPoolExecutor.java:1149)
	at java.util.concurrent.ThreadPoolExecutor$Worker.run(ThreadPoolExecutor.java:624)
	... 1 more
Caused by: org.apache.ratis.thirdparty.io.netty.channel.AbstractChannel$AnnotatedConnectException: Connection refused: /192.168.151.109:36062
	at sun.nio.ch.SocketChannelImpl.checkConnect(Native Method)
	at sun.nio.ch.SocketChannelImpl.finishConnect(SocketChannelImpl.java:717)
	at org.apache.ratis.thirdparty.io.netty.channel.socket.nio.NioSocketChannel.doFinishConnect(NioSocketChannel.java:327)
	at org.apache.ratis.thirdparty.io.netty.channel.nio.AbstractNioChannel$AbstractNioUnsafe.finishConnect(AbstractNioChannel.java:340)
	at org.apache.ratis.thirdparty.io.netty.channel.nio.NioEventLoop.processSelectedKey(NioEventLoop.java:632)
	at org.apache.ratis.thirdparty.io.netty.channel.nio.NioEventLoop.processSelectedKeysOptimized(NioEventLoop.java:579)
	at org.apache.ratis.thirdparty.io.netty.channel.nio.NioEventLoop.processSelectedKeys(NioEventLoop.java:496)
	at org.apache.ratis.thirdparty.io.netty.channel.nio.NioEventLoop.run(NioEventLoop.java:458)
	at org.apache.ratis.thirdparty.io.netty.util.concurrent.SingleThreadEventExecutor$5.run(SingleThreadEventExecutor.java:897)
	at org.apache.ratis.thirdparty.io.netty.util.concurrent.FastThreadLocalRunnable.run(FastThreadLocalRunnable.java:30)
	... 1 more
Caused by: java.net.ConnectException: Connection refused
	... 11 more
2019-09-26 20:37:54,700 [eae3403e-0c87-43fb-a8fd-0fe2a75a4733@group-B2E4CA7B7F81:LeaderElection25] INFO  impl.LeaderElection (LeaderElection.java:logAndReturn(56)) - eae3403e-0c87-43fb-a8fd-0fe2a75a4733@group-B2E4CA7B7F81:LeaderElection25: Election REJECTED; received 0 response(s) [] and 2 exception(s); eae3403e-0c87-43fb-a8fd-0fe2a75a4733@group-B2E4CA7B7F81:t4, leader=null, voted=eae3403e-0c87-43fb-a8fd-0fe2a75a4733, raftlog=eae3403e-0c87-43fb-a8fd-0fe2a75a4733@group-B2E4CA7B7F81-SegmentedRaftLog:OPENED:c2,f2,i2, conf=1: [df489160-9035-493c-b28c-85e4df434e3a:192.168.151.109:37092, 6ca955d0-fbd7-4658-a5a5-f0aaa33d5ec1:192.168.151.109:36062, eae3403e-0c87-43fb-a8fd-0fe2a75a4733:192.168.151.109:37973], old=null
2019-09-26 20:37:54,700 [eae3403e-0c87-43fb-a8fd-0fe2a75a4733@group-B2E4CA7B7F81:LeaderElection25] INFO  impl.LeaderElection (LogUtils.java:infoOrTrace(149)) -   Exception 0: {}
java.util.concurrent.ExecutionException: org.apache.ratis.thirdparty.io.grpc.StatusRuntimeException: UNAVAILABLE: io exception
	at java.util.concurrent.FutureTask.report(FutureTask.java:122)
	at java.util.concurrent.FutureTask.get(FutureTask.java:192)
	at org.apache.ratis.server.impl.LeaderElection.waitForResults(LeaderElection.java:263)
	at org.apache.ratis.server.impl.LeaderElection.askForVotes(LeaderElection.java:201)
	at org.apache.ratis.server.impl.LeaderElection.run(LeaderElection.java:133)
	at java.lang.Thread.run(Thread.java:748)
Caused by: org.apache.ratis.thirdparty.io.grpc.StatusRuntimeException: UNAVAILABLE: io exception
	at org.apache.ratis.thirdparty.io.grpc.stub.ClientCalls.toStatusRuntimeException(ClientCalls.java:233)
	at org.apache.ratis.thirdparty.io.grpc.stub.ClientCalls.getUnchecked(ClientCalls.java:214)
	at org.apache.ratis.thirdparty.io.grpc.stub.ClientCalls.blockingUnaryCall(ClientCalls.java:139)
	at org.apache.ratis.proto.grpc.RaftServerProtocolServiceGrpc$RaftServerProtocolServiceBlockingStub.requestVote(RaftServerProtocolServiceGrpc.java:265)
	at org.apache.ratis.grpc.server.GrpcServerProtocolClient.requestVote(GrpcServerProtocolClient.java:90)
	at org.apache.ratis.grpc.server.GrpcService.requestVote(GrpcService.java:204)
	at org.apache.ratis.server.impl.LeaderElection.lambda$submitRequests$1(LeaderElection.java:238)
	at java.util.concurrent.FutureTask.run(FutureTask.java:266)
	at java.util.concurrent.Executors$RunnableAdapter.call(Executors.java:511)
	at java.util.concurrent.FutureTask.run(FutureTask.java:266)
	at java.util.concurrent.ThreadPoolExecutor.runWorker(ThreadPoolExecutor.java:1149)
	at java.util.concurrent.ThreadPoolExecutor$Worker.run(ThreadPoolExecutor.java:624)
	... 1 more
Caused by: org.apache.ratis.thirdparty.io.netty.channel.AbstractChannel$AnnotatedConnectException: Connection refused: /192.168.151.109:37092
	at sun.nio.ch.SocketChannelImpl.checkConnect(Native Method)
	at sun.nio.ch.SocketChannelImpl.finishConnect(SocketChannelImpl.java:717)
	at org.apache.ratis.thirdparty.io.netty.channel.socket.nio.NioSocketChannel.doFinishConnect(NioSocketChannel.java:327)
	at org.apache.ratis.thirdparty.io.netty.channel.nio.AbstractNioChannel$AbstractNioUnsafe.finishConnect(AbstractNioChannel.java:340)
	at org.apache.ratis.thirdparty.io.netty.channel.nio.NioEventLoop.processSelectedKey(NioEventLoop.java:632)
	at org.apache.ratis.thirdparty.io.netty.channel.nio.NioEventLoop.processSelectedKeysOptimized(NioEventLoop.java:579)
	at org.apache.ratis.thirdparty.io.netty.channel.nio.NioEventLoop.processSelectedKeys(NioEventLoop.java:496)
	at org.apache.ratis.thirdparty.io.netty.channel.nio.NioEventLoop.run(NioEventLoop.java:458)
	at org.apache.ratis.thirdparty.io.netty.util.concurrent.SingleThreadEventExecutor$5.run(SingleThreadEventExecutor.java:897)
	at org.apache.ratis.thirdparty.io.netty.util.concurrent.FastThreadLocalRunnable.run(FastThreadLocalRunnable.java:30)
	... 1 more
Caused by: java.net.ConnectException: Connection refused
	... 11 more
2019-09-26 20:37:54,701 [eae3403e-0c87-43fb-a8fd-0fe2a75a4733@group-B2E4CA7B7F81:LeaderElection25] INFO  impl.LeaderElection (LogUtils.java:infoOrTrace(149)) -   Exception 1: {}
java.util.concurrent.ExecutionException: org.apache.ratis.thirdparty.io.grpc.StatusRuntimeException: UNAVAILABLE: io exception
	at java.util.concurrent.FutureTask.report(FutureTask.java:122)
	at java.util.concurrent.FutureTask.get(FutureTask.java:192)
	at org.apache.ratis.server.impl.LeaderElection.waitForResults(LeaderElection.java:263)
	at org.apache.ratis.server.impl.LeaderElection.askForVotes(LeaderElection.java:201)
	at org.apache.ratis.server.impl.LeaderElection.run(LeaderElection.java:133)
	at java.lang.Thread.run(Thread.java:748)
Caused by: org.apache.ratis.thirdparty.io.grpc.StatusRuntimeException: UNAVAILABLE: io exception
	at org.apache.ratis.thirdparty.io.grpc.stub.ClientCalls.toStatusRuntimeException(ClientCalls.java:233)
	at org.apache.ratis.thirdparty.io.grpc.stub.ClientCalls.getUnchecked(ClientCalls.java:214)
	at org.apache.ratis.thirdparty.io.grpc.stub.ClientCalls.blockingUnaryCall(ClientCalls.java:139)
	at org.apache.ratis.proto.grpc.RaftServerProtocolServiceGrpc$RaftServerProtocolServiceBlockingStub.requestVote(RaftServerProtocolServiceGrpc.java:265)
	at org.apache.ratis.grpc.server.GrpcServerProtocolClient.requestVote(GrpcServerProtocolClient.java:90)
	at org.apache.ratis.grpc.server.GrpcService.requestVote(GrpcService.java:204)
	at org.apache.ratis.server.impl.LeaderElection.lambda$submitRequests$1(LeaderElection.java:238)
	at java.util.concurrent.FutureTask.run(FutureTask.java:266)
	at java.util.concurrent.Executors$RunnableAdapter.call(Executors.java:511)
	at java.util.concurrent.FutureTask.run(FutureTask.java:266)
	at java.util.concurrent.ThreadPoolExecutor.runWorker(ThreadPoolExecutor.java:1149)
	at java.util.concurrent.ThreadPoolExecutor$Worker.run(ThreadPoolExecutor.java:624)
	... 1 more
Caused by: org.apache.ratis.thirdparty.io.netty.channel.AbstractChannel$AnnotatedConnectException: Connection refused: /192.168.151.109:36062
	at sun.nio.ch.SocketChannelImpl.checkConnect(Native Method)
	at sun.nio.ch.SocketChannelImpl.finishConnect(SocketChannelImpl.java:717)
	at org.apache.ratis.thirdparty.io.netty.channel.socket.nio.NioSocketChannel.doFinishConnect(NioSocketChannel.java:327)
	at org.apache.ratis.thirdparty.io.netty.channel.nio.AbstractNioChannel$AbstractNioUnsafe.finishConnect(AbstractNioChannel.java:340)
	at org.apache.ratis.thirdparty.io.netty.channel.nio.NioEventLoop.processSelectedKey(NioEventLoop.java:632)
	at org.apache.ratis.thirdparty.io.netty.channel.nio.NioEventLoop.processSelectedKeysOptimized(NioEventLoop.java:579)
	at org.apache.ratis.thirdparty.io.netty.channel.nio.NioEventLoop.processSelectedKeys(NioEventLoop.java:496)
	at org.apache.ratis.thirdparty.io.netty.channel.nio.NioEventLoop.run(NioEventLoop.java:458)
	at org.apache.ratis.thirdparty.io.netty.util.concurrent.SingleThreadEventExecutor$5.run(SingleThreadEventExecutor.java:897)
	at org.apache.ratis.thirdparty.io.netty.util.concurrent.FastThreadLocalRunnable.run(FastThreadLocalRunnable.java:30)
	... 1 more
Caused by: java.net.ConnectException: Connection refused
	... 11 more
2019-09-26 20:37:54,701 [eae3403e-0c87-43fb-a8fd-0fe2a75a4733@group-B2E4CA7B7F81:LeaderElection25] INFO  impl.RaftServerImpl (RaftServerImpl.java:setRole(174)) - eae3403e-0c87-43fb-a8fd-0fe2a75a4733@group-B2E4CA7B7F81: changes role from CANDIDATE to FOLLOWER at term 4 for DISCOVERED_A_NEW_TERM
2019-09-26 20:37:54,703 [eae3403e-0c87-43fb-a8fd-0fe2a75a4733@group-B2E4CA7B7F81:LeaderElection25] INFO  impl.RoleInfo (RoleInfo.java:shutdownLeaderElection(134)) - eae3403e-0c87-43fb-a8fd-0fe2a75a4733: shutdown LeaderElection
2019-09-26 20:37:54,703 [eae3403e-0c87-43fb-a8fd-0fe2a75a4733@group-B2E4CA7B7F81:LeaderElection25] INFO  impl.RoleInfo (RoleInfo.java:updateAndGet(143)) - eae3403e-0c87-43fb-a8fd-0fe2a75a4733: start FollowerState
2019-09-26 20:37:54,847 [grpc-default-executor-1] WARN  server.GrpcLogAppender (LogUtils.java:warn(134)) - 48f2d8fd-8c43-434b-a938-4578675caf55@group-6F2CE06E8226->84a4ae1f-463c-4c61-bca5-7a956502a9f9-AppendLogResponseHandler: Failed appendEntries: org.apache.ratis.thirdparty.io.grpc.StatusRuntimeException: UNAVAILABLE: io exception
2019-09-26 20:37:54,849 [grpc-default-executor-1] INFO  impl.FollowerInfo (FollowerInfo.java:lambda$new$0(51)) - 48f2d8fd-8c43-434b-a938-4578675caf55@group-6F2CE06E8226->84a4ae1f-463c-4c61-bca5-7a956502a9f9: nextIndex: updateUnconditionally 0 -> 0
2019-09-26 20:37:55,009 [grpc-default-executor-7] WARN  server.GrpcLogAppender (LogUtils.java:warn(134)) - 48f2d8fd-8c43-434b-a938-4578675caf55@group-6F2CE06E8226->e6ea3787-7b5b-467a-894e-3363ddf5ac49-AppendLogResponseHandler: Failed appendEntries: org.apache.ratis.thirdparty.io.grpc.StatusRuntimeException: UNAVAILABLE: io exception
2019-09-26 20:37:55,010 [grpc-default-executor-7] INFO  impl.FollowerInfo (FollowerInfo.java:lambda$new$0(51)) - 48f2d8fd-8c43-434b-a938-4578675caf55@group-6F2CE06E8226->e6ea3787-7b5b-467a-894e-3363ddf5ac49: nextIndex: updateUnconditionally 0 -> 0
2019-09-26 20:37:55,347 [grpc-default-executor-2] WARN  server.GrpcLogAppender (LogUtils.java:warn(134)) - 48f2d8fd-8c43-434b-a938-4578675caf55@group-6F2CE06E8226->84a4ae1f-463c-4c61-bca5-7a956502a9f9-AppendLogResponseHandler: Failed appendEntries: org.apache.ratis.thirdparty.io.grpc.StatusRuntimeException: UNAVAILABLE: io exception
2019-09-26 20:37:55,348 [grpc-default-executor-2] INFO  impl.FollowerInfo (FollowerInfo.java:lambda$new$0(51)) - 48f2d8fd-8c43-434b-a938-4578675caf55@group-6F2CE06E8226->84a4ae1f-463c-4c61-bca5-7a956502a9f9: nextIndex: updateUnconditionally 0 -> 0
2019-09-26 20:37:55,510 [grpc-default-executor-7] WARN  server.GrpcLogAppender (LogUtils.java:warn(134)) - 48f2d8fd-8c43-434b-a938-4578675caf55@group-6F2CE06E8226->e6ea3787-7b5b-467a-894e-3363ddf5ac49-AppendLogResponseHandler: Failed appendEntries: org.apache.ratis.thirdparty.io.grpc.StatusRuntimeException: UNAVAILABLE: io exception
2019-09-26 20:37:55,510 [grpc-default-executor-7] INFO  impl.FollowerInfo (FollowerInfo.java:lambda$new$0(51)) - 48f2d8fd-8c43-434b-a938-4578675caf55@group-6F2CE06E8226->e6ea3787-7b5b-467a-894e-3363ddf5ac49: nextIndex: updateUnconditionally 0 -> 0
2019-09-26 20:37:55,792 [Thread-1914] INFO  impl.FollowerState (FollowerState.java:run(106)) - eae3403e-0c87-43fb-a8fd-0fe2a75a4733:group-B2E4CA7B7F81 changes to CANDIDATE, lastRpcTime:1088, electionTimeout:1087ms
2019-09-26 20:37:55,792 [Thread-1914] INFO  impl.RoleInfo (RoleInfo.java:shutdownFollowerState(121)) - eae3403e-0c87-43fb-a8fd-0fe2a75a4733: shutdown FollowerState
2019-09-26 20:37:55,792 [Thread-1914] INFO  impl.RaftServerImpl (RaftServerImpl.java:setRole(174)) - eae3403e-0c87-43fb-a8fd-0fe2a75a4733@group-B2E4CA7B7F81: changes role from  FOLLOWER to CANDIDATE at term 4 for changeToCandidate
2019-09-26 20:37:55,792 [Thread-1914] INFO  impl.RoleInfo (RoleInfo.java:updateAndGet(143)) - eae3403e-0c87-43fb-a8fd-0fe2a75a4733: start LeaderElection
2019-09-26 20:37:55,809 [eae3403e-0c87-43fb-a8fd-0fe2a75a4733@group-B2E4CA7B7F81:LeaderElection26] INFO  impl.LeaderElection (LeaderElection.java:askForVotes(182)) - eae3403e-0c87-43fb-a8fd-0fe2a75a4733@group-B2E4CA7B7F81:LeaderElection26: begin an election at term 5 for 1: [df489160-9035-493c-b28c-85e4df434e3a:192.168.151.109:37092, 6ca955d0-fbd7-4658-a5a5-f0aaa33d5ec1:192.168.151.109:36062, eae3403e-0c87-43fb-a8fd-0fe2a75a4733:192.168.151.109:37973], old=null
2019-09-26 20:37:55,810 [eae3403e-0c87-43fb-a8fd-0fe2a75a4733@group-B2E4CA7B7F81:LeaderElection26] INFO  impl.LeaderElection (LogUtils.java:infoOrTrace(149)) - eae3403e-0c87-43fb-a8fd-0fe2a75a4733@group-B2E4CA7B7F81:LeaderElection26 got exception when requesting votes: {}
java.util.concurrent.ExecutionException: org.apache.ratis.thirdparty.io.grpc.StatusRuntimeException: UNAVAILABLE: io exception
	at java.util.concurrent.FutureTask.report(FutureTask.java:122)
	at java.util.concurrent.FutureTask.get(FutureTask.java:192)
	at org.apache.ratis.server.impl.LeaderElection.waitForResults(LeaderElection.java:263)
	at org.apache.ratis.server.impl.LeaderElection.askForVotes(LeaderElection.java:201)
	at org.apache.ratis.server.impl.LeaderElection.run(LeaderElection.java:133)
	at java.lang.Thread.run(Thread.java:748)
Caused by: org.apache.ratis.thirdparty.io.grpc.StatusRuntimeException: UNAVAILABLE: io exception
	at org.apache.ratis.thirdparty.io.grpc.stub.ClientCalls.toStatusRuntimeException(ClientCalls.java:233)
	at org.apache.ratis.thirdparty.io.grpc.stub.ClientCalls.getUnchecked(ClientCalls.java:214)
	at org.apache.ratis.thirdparty.io.grpc.stub.ClientCalls.blockingUnaryCall(ClientCalls.java:139)
	at org.apache.ratis.proto.grpc.RaftServerProtocolServiceGrpc$RaftServerProtocolServiceBlockingStub.requestVote(RaftServerProtocolServiceGrpc.java:265)
	at org.apache.ratis.grpc.server.GrpcServerProtocolClient.requestVote(GrpcServerProtocolClient.java:90)
	at org.apache.ratis.grpc.server.GrpcService.requestVote(GrpcService.java:204)
	at org.apache.ratis.server.impl.LeaderElection.lambda$submitRequests$1(LeaderElection.java:238)
	at java.util.concurrent.FutureTask.run(FutureTask.java:266)
	at java.util.concurrent.Executors$RunnableAdapter.call(Executors.java:511)
	at java.util.concurrent.FutureTask.run(FutureTask.java:266)
	at java.util.concurrent.ThreadPoolExecutor.runWorker(ThreadPoolExecutor.java:1149)
	at java.util.concurrent.ThreadPoolExecutor$Worker.run(ThreadPoolExecutor.java:624)
	... 1 more
Caused by: org.apache.ratis.thirdparty.io.netty.channel.AbstractChannel$AnnotatedConnectException: Connection refused: /192.168.151.109:37092
	at sun.nio.ch.SocketChannelImpl.checkConnect(Native Method)
	at sun.nio.ch.SocketChannelImpl.finishConnect(SocketChannelImpl.java:717)
	at org.apache.ratis.thirdparty.io.netty.channel.socket.nio.NioSocketChannel.doFinishConnect(NioSocketChannel.java:327)
	at org.apache.ratis.thirdparty.io.netty.channel.nio.AbstractNioChannel$AbstractNioUnsafe.finishConnect(AbstractNioChannel.java:340)
	at org.apache.ratis.thirdparty.io.netty.channel.nio.NioEventLoop.processSelectedKey(NioEventLoop.java:632)
	at org.apache.ratis.thirdparty.io.netty.channel.nio.NioEventLoop.processSelectedKeysOptimized(NioEventLoop.java:579)
	at org.apache.ratis.thirdparty.io.netty.channel.nio.NioEventLoop.processSelectedKeys(NioEventLoop.java:496)
	at org.apache.ratis.thirdparty.io.netty.channel.nio.NioEventLoop.run(NioEventLoop.java:458)
	at org.apache.ratis.thirdparty.io.netty.util.concurrent.SingleThreadEventExecutor$5.run(SingleThreadEventExecutor.java:897)
	at org.apache.ratis.thirdparty.io.netty.util.concurrent.FastThreadLocalRunnable.run(FastThreadLocalRunnable.java:30)
	... 1 more
Caused by: java.net.ConnectException: Connection refused
	... 11 more
2019-09-26 20:37:55,812 [eae3403e-0c87-43fb-a8fd-0fe2a75a4733@group-B2E4CA7B7F81:LeaderElection26] INFO  impl.LeaderElection (LogUtils.java:infoOrTrace(149)) - eae3403e-0c87-43fb-a8fd-0fe2a75a4733@group-B2E4CA7B7F81:LeaderElection26 got exception when requesting votes: {}
java.util.concurrent.ExecutionException: org.apache.ratis.thirdparty.io.grpc.StatusRuntimeException: UNAVAILABLE: io exception
	at java.util.concurrent.FutureTask.report(FutureTask.java:122)
	at java.util.concurrent.FutureTask.get(FutureTask.java:192)
	at org.apache.ratis.server.impl.LeaderElection.waitForResults(LeaderElection.java:263)
	at org.apache.ratis.server.impl.LeaderElection.askForVotes(LeaderElection.java:201)
	at org.apache.ratis.server.impl.LeaderElection.run(LeaderElection.java:133)
	at java.lang.Thread.run(Thread.java:748)
Caused by: org.apache.ratis.thirdparty.io.grpc.StatusRuntimeException: UNAVAILABLE: io exception
	at org.apache.ratis.thirdparty.io.grpc.stub.ClientCalls.toStatusRuntimeException(ClientCalls.java:233)
	at org.apache.ratis.thirdparty.io.grpc.stub.ClientCalls.getUnchecked(ClientCalls.java:214)
	at org.apache.ratis.thirdparty.io.grpc.stub.ClientCalls.blockingUnaryCall(ClientCalls.java:139)
	at org.apache.ratis.proto.grpc.RaftServerProtocolServiceGrpc$RaftServerProtocolServiceBlockingStub.requestVote(RaftServerProtocolServiceGrpc.java:265)
	at org.apache.ratis.grpc.server.GrpcServerProtocolClient.requestVote(GrpcServerProtocolClient.java:90)
	at org.apache.ratis.grpc.server.GrpcService.requestVote(GrpcService.java:204)
	at org.apache.ratis.server.impl.LeaderElection.lambda$submitRequests$1(LeaderElection.java:238)
	at java.util.concurrent.FutureTask.run(FutureTask.java:266)
	at java.util.concurrent.Executors$RunnableAdapter.call(Executors.java:511)
	at java.util.concurrent.FutureTask.run(FutureTask.java:266)
	at java.util.concurrent.ThreadPoolExecutor.runWorker(ThreadPoolExecutor.java:1149)
	at java.util.concurrent.ThreadPoolExecutor$Worker.run(ThreadPoolExecutor.java:624)
	... 1 more
Caused by: org.apache.ratis.thirdparty.io.netty.channel.AbstractChannel$AnnotatedConnectException: Connection refused: /192.168.151.109:36062
	at sun.nio.ch.SocketChannelImpl.checkConnect(Native Method)
	at sun.nio.ch.SocketChannelImpl.finishConnect(SocketChannelImpl.java:717)
	at org.apache.ratis.thirdparty.io.netty.channel.socket.nio.NioSocketChannel.doFinishConnect(NioSocketChannel.java:327)
	at org.apache.ratis.thirdparty.io.netty.channel.nio.AbstractNioChannel$AbstractNioUnsafe.finishConnect(AbstractNioChannel.java:340)
	at org.apache.ratis.thirdparty.io.netty.channel.nio.NioEventLoop.processSelectedKey(NioEventLoop.java:632)
	at org.apache.ratis.thirdparty.io.netty.channel.nio.NioEventLoop.processSelectedKeysOptimized(NioEventLoop.java:579)
	at org.apache.ratis.thirdparty.io.netty.channel.nio.NioEventLoop.processSelectedKeys(NioEventLoop.java:496)
	at org.apache.ratis.thirdparty.io.netty.channel.nio.NioEventLoop.run(NioEventLoop.java:458)
	at org.apache.ratis.thirdparty.io.netty.util.concurrent.SingleThreadEventExecutor$5.run(SingleThreadEventExecutor.java:897)
	at org.apache.ratis.thirdparty.io.netty.util.concurrent.FastThreadLocalRunnable.run(FastThreadLocalRunnable.java:30)
	... 1 more
Caused by: java.net.ConnectException: Connection refused
	... 11 more
2019-09-26 20:37:55,813 [eae3403e-0c87-43fb-a8fd-0fe2a75a4733@group-B2E4CA7B7F81:LeaderElection26] INFO  impl.LeaderElection (LeaderElection.java:logAndReturn(56)) - eae3403e-0c87-43fb-a8fd-0fe2a75a4733@group-B2E4CA7B7F81:LeaderElection26: Election REJECTED; received 0 response(s) [] and 2 exception(s); eae3403e-0c87-43fb-a8fd-0fe2a75a4733@group-B2E4CA7B7F81:t5, leader=null, voted=eae3403e-0c87-43fb-a8fd-0fe2a75a4733, raftlog=eae3403e-0c87-43fb-a8fd-0fe2a75a4733@group-B2E4CA7B7F81-SegmentedRaftLog:OPENED:c2,f2,i2, conf=1: [df489160-9035-493c-b28c-85e4df434e3a:192.168.151.109:37092, 6ca955d0-fbd7-4658-a5a5-f0aaa33d5ec1:192.168.151.109:36062, eae3403e-0c87-43fb-a8fd-0fe2a75a4733:192.168.151.109:37973], old=null
2019-09-26 20:37:55,813 [eae3403e-0c87-43fb-a8fd-0fe2a75a4733@group-B2E4CA7B7F81:LeaderElection26] INFO  impl.LeaderElection (LogUtils.java:infoOrTrace(149)) -   Exception 0: {}
java.util.concurrent.ExecutionException: org.apache.ratis.thirdparty.io.grpc.StatusRuntimeException: UNAVAILABLE: io exception
	at java.util.concurrent.FutureTask.report(FutureTask.java:122)
	at java.util.concurrent.FutureTask.get(FutureTask.java:192)
	at org.apache.ratis.server.impl.LeaderElection.waitForResults(LeaderElection.java:263)
	at org.apache.ratis.server.impl.LeaderElection.askForVotes(LeaderElection.java:201)
	at org.apache.ratis.server.impl.LeaderElection.run(LeaderElection.java:133)
	at java.lang.Thread.run(Thread.java:748)
Caused by: org.apache.ratis.thirdparty.io.grpc.StatusRuntimeException: UNAVAILABLE: io exception
	at org.apache.ratis.thirdparty.io.grpc.stub.ClientCalls.toStatusRuntimeException(ClientCalls.java:233)
	at org.apache.ratis.thirdparty.io.grpc.stub.ClientCalls.getUnchecked(ClientCalls.java:214)
	at org.apache.ratis.thirdparty.io.grpc.stub.ClientCalls.blockingUnaryCall(ClientCalls.java:139)
	at org.apache.ratis.proto.grpc.RaftServerProtocolServiceGrpc$RaftServerProtocolServiceBlockingStub.requestVote(RaftServerProtocolServiceGrpc.java:265)
	at org.apache.ratis.grpc.server.GrpcServerProtocolClient.requestVote(GrpcServerProtocolClient.java:90)
	at org.apache.ratis.grpc.server.GrpcService.requestVote(GrpcService.java:204)
	at org.apache.ratis.server.impl.LeaderElection.lambda$submitRequests$1(LeaderElection.java:238)
	at java.util.concurrent.FutureTask.run(FutureTask.java:266)
	at java.util.concurrent.Executors$RunnableAdapter.call(Executors.java:511)
	at java.util.concurrent.FutureTask.run(FutureTask.java:266)
	at java.util.concurrent.ThreadPoolExecutor.runWorker(ThreadPoolExecutor.java:1149)
	at java.util.concurrent.ThreadPoolExecutor$Worker.run(ThreadPoolExecutor.java:624)
	... 1 more
Caused by: org.apache.ratis.thirdparty.io.netty.channel.AbstractChannel$AnnotatedConnectException: Connection refused: /192.168.151.109:37092
	at sun.nio.ch.SocketChannelImpl.checkConnect(Native Method)
	at sun.nio.ch.SocketChannelImpl.finishConnect(SocketChannelImpl.java:717)
	at org.apache.ratis.thirdparty.io.netty.channel.socket.nio.NioSocketChannel.doFinishConnect(NioSocketChannel.java:327)
	at org.apache.ratis.thirdparty.io.netty.channel.nio.AbstractNioChannel$AbstractNioUnsafe.finishConnect(AbstractNioChannel.java:340)
	at org.apache.ratis.thirdparty.io.netty.channel.nio.NioEventLoop.processSelectedKey(NioEventLoop.java:632)
	at org.apache.ratis.thirdparty.io.netty.channel.nio.NioEventLoop.processSelectedKeysOptimized(NioEventLoop.java:579)
	at org.apache.ratis.thirdparty.io.netty.channel.nio.NioEventLoop.processSelectedKeys(NioEventLoop.java:496)
	at org.apache.ratis.thirdparty.io.netty.channel.nio.NioEventLoop.run(NioEventLoop.java:458)
	at org.apache.ratis.thirdparty.io.netty.util.concurrent.SingleThreadEventExecutor$5.run(SingleThreadEventExecutor.java:897)
	at org.apache.ratis.thirdparty.io.netty.util.concurrent.FastThreadLocalRunnable.run(FastThreadLocalRunnable.java:30)
	... 1 more
Caused by: java.net.ConnectException: Connection refused
	... 11 more
2019-09-26 20:37:55,814 [eae3403e-0c87-43fb-a8fd-0fe2a75a4733@group-B2E4CA7B7F81:LeaderElection26] INFO  impl.LeaderElection (LogUtils.java:infoOrTrace(149)) -   Exception 1: {}
java.util.concurrent.ExecutionException: org.apache.ratis.thirdparty.io.grpc.StatusRuntimeException: UNAVAILABLE: io exception
	at java.util.concurrent.FutureTask.report(FutureTask.java:122)
	at java.util.concurrent.FutureTask.get(FutureTask.java:192)
	at org.apache.ratis.server.impl.LeaderElection.waitForResults(LeaderElection.java:263)
	at org.apache.ratis.server.impl.LeaderElection.askForVotes(LeaderElection.java:201)
	at org.apache.ratis.server.impl.LeaderElection.run(LeaderElection.java:133)
	at java.lang.Thread.run(Thread.java:748)
Caused by: org.apache.ratis.thirdparty.io.grpc.StatusRuntimeException: UNAVAILABLE: io exception
	at org.apache.ratis.thirdparty.io.grpc.stub.ClientCalls.toStatusRuntimeException(ClientCalls.java:233)
	at org.apache.ratis.thirdparty.io.grpc.stub.ClientCalls.getUnchecked(ClientCalls.java:214)
	at org.apache.ratis.thirdparty.io.grpc.stub.ClientCalls.blockingUnaryCall(ClientCalls.java:139)
	at org.apache.ratis.proto.grpc.RaftServerProtocolServiceGrpc$RaftServerProtocolServiceBlockingStub.requestVote(RaftServerProtocolServiceGrpc.java:265)
	at org.apache.ratis.grpc.server.GrpcServerProtocolClient.requestVote(GrpcServerProtocolClient.java:90)
	at org.apache.ratis.grpc.server.GrpcService.requestVote(GrpcService.java:204)
	at org.apache.ratis.server.impl.LeaderElection.lambda$submitRequests$1(LeaderElection.java:238)
	at java.util.concurrent.FutureTask.run(FutureTask.java:266)
	at java.util.concurrent.Executors$RunnableAdapter.call(Executors.java:511)
	at java.util.concurrent.FutureTask.run(FutureTask.java:266)
	at java.util.concurrent.ThreadPoolExecutor.runWorker(ThreadPoolExecutor.java:1149)
	at java.util.concurrent.ThreadPoolExecutor$Worker.run(ThreadPoolExecutor.java:624)
	... 1 more
Caused by: org.apache.ratis.thirdparty.io.netty.channel.AbstractChannel$AnnotatedConnectException: Connection refused: /192.168.151.109:36062
	at sun.nio.ch.SocketChannelImpl.checkConnect(Native Method)
	at sun.nio.ch.SocketChannelImpl.finishConnect(SocketChannelImpl.java:717)
	at org.apache.ratis.thirdparty.io.netty.channel.socket.nio.NioSocketChannel.doFinishConnect(NioSocketChannel.java:327)
	at org.apache.ratis.thirdparty.io.netty.channel.nio.AbstractNioChannel$AbstractNioUnsafe.finishConnect(AbstractNioChannel.java:340)
	at org.apache.ratis.thirdparty.io.netty.channel.nio.NioEventLoop.processSelectedKey(NioEventLoop.java:632)
	at org.apache.ratis.thirdparty.io.netty.channel.nio.NioEventLoop.processSelectedKeysOptimized(NioEventLoop.java:579)
	at org.apache.ratis.thirdparty.io.netty.channel.nio.NioEventLoop.processSelectedKeys(NioEventLoop.java:496)
	at org.apache.ratis.thirdparty.io.netty.channel.nio.NioEventLoop.run(NioEventLoop.java:458)
	at org.apache.ratis.thirdparty.io.netty.util.concurrent.SingleThreadEventExecutor$5.run(SingleThreadEventExecutor.java:897)
	at org.apache.ratis.thirdparty.io.netty.util.concurrent.FastThreadLocalRunnable.run(FastThreadLocalRunnable.java:30)
	... 1 more
Caused by: java.net.ConnectException: Connection refused
	... 11 more
2019-09-26 20:37:55,814 [eae3403e-0c87-43fb-a8fd-0fe2a75a4733@group-B2E4CA7B7F81:LeaderElection26] INFO  impl.RaftServerImpl (RaftServerImpl.java:setRole(174)) - eae3403e-0c87-43fb-a8fd-0fe2a75a4733@group-B2E4CA7B7F81: changes role from CANDIDATE to FOLLOWER at term 5 for DISCOVERED_A_NEW_TERM
2019-09-26 20:37:55,815 [eae3403e-0c87-43fb-a8fd-0fe2a75a4733@group-B2E4CA7B7F81:LeaderElection26] INFO  impl.RoleInfo (RoleInfo.java:shutdownLeaderElection(134)) - eae3403e-0c87-43fb-a8fd-0fe2a75a4733: shutdown LeaderElection
2019-09-26 20:37:55,816 [eae3403e-0c87-43fb-a8fd-0fe2a75a4733@group-B2E4CA7B7F81:LeaderElection26] INFO  impl.RoleInfo (RoleInfo.java:updateAndGet(143)) - eae3403e-0c87-43fb-a8fd-0fe2a75a4733: start FollowerState
2019-09-26 20:37:55,849 [grpc-default-executor-1] WARN  server.GrpcLogAppender (LogUtils.java:warn(134)) - 48f2d8fd-8c43-434b-a938-4578675caf55@group-6F2CE06E8226->84a4ae1f-463c-4c61-bca5-7a956502a9f9-AppendLogResponseHandler: Failed appendEntries: org.apache.ratis.thirdparty.io.grpc.StatusRuntimeException: UNAVAILABLE: io exception
2019-09-26 20:37:55,851 [grpc-default-executor-1] INFO  impl.FollowerInfo (FollowerInfo.java:lambda$new$0(51)) - 48f2d8fd-8c43-434b-a938-4578675caf55@group-6F2CE06E8226->84a4ae1f-463c-4c61-bca5-7a956502a9f9: nextIndex: updateUnconditionally 0 -> 0
2019-09-26 20:37:56,011 [grpc-default-executor-1] WARN  server.GrpcLogAppender (LogUtils.java:warn(134)) - 48f2d8fd-8c43-434b-a938-4578675caf55@group-6F2CE06E8226->e6ea3787-7b5b-467a-894e-3363ddf5ac49-AppendLogResponseHandler: Failed appendEntries: org.apache.ratis.thirdparty.io.grpc.StatusRuntimeException: UNAVAILABLE: io exception
2019-09-26 20:37:56,012 [grpc-default-executor-1] INFO  impl.FollowerInfo (FollowerInfo.java:lambda$new$0(51)) - 48f2d8fd-8c43-434b-a938-4578675caf55@group-6F2CE06E8226->e6ea3787-7b5b-467a-894e-3363ddf5ac49: nextIndex: updateUnconditionally 0 -> 0
2019-09-26 20:37:56,349 [grpc-default-executor-2] WARN  server.GrpcLogAppender (LogUtils.java:warn(134)) - 48f2d8fd-8c43-434b-a938-4578675caf55@group-6F2CE06E8226->84a4ae1f-463c-4c61-bca5-7a956502a9f9-AppendLogResponseHandler: Failed appendEntries: org.apache.ratis.thirdparty.io.grpc.StatusRuntimeException: UNAVAILABLE: io exception
2019-09-26 20:37:56,350 [grpc-default-executor-2] INFO  impl.FollowerInfo (FollowerInfo.java:lambda$new$0(51)) - 48f2d8fd-8c43-434b-a938-4578675caf55@group-6F2CE06E8226->84a4ae1f-463c-4c61-bca5-7a956502a9f9: nextIndex: updateUnconditionally 0 -> 0
2019-09-26 20:37:56,512 [grpc-default-executor-2] WARN  server.GrpcLogAppender (LogUtils.java:warn(134)) - 48f2d8fd-8c43-434b-a938-4578675caf55@group-6F2CE06E8226->e6ea3787-7b5b-467a-894e-3363ddf5ac49-AppendLogResponseHandler: Failed appendEntries: org.apache.ratis.thirdparty.io.grpc.StatusRuntimeException: UNAVAILABLE: io exception
2019-09-26 20:37:56,513 [grpc-default-executor-2] INFO  impl.FollowerInfo (FollowerInfo.java:lambda$new$0(51)) - 48f2d8fd-8c43-434b-a938-4578675caf55@group-6F2CE06E8226->e6ea3787-7b5b-467a-894e-3363ddf5ac49: nextIndex: updateUnconditionally 0 -> 0
2019-09-26 20:37:56,849 [Thread-1918] INFO  impl.FollowerState (FollowerState.java:run(106)) - eae3403e-0c87-43fb-a8fd-0fe2a75a4733:group-B2E4CA7B7F81 changes to CANDIDATE, lastRpcTime:1033, electionTimeout:1032ms
2019-09-26 20:37:56,849 [Thread-1918] INFO  impl.RoleInfo (RoleInfo.java:shutdownFollowerState(121)) - eae3403e-0c87-43fb-a8fd-0fe2a75a4733: shutdown FollowerState
2019-09-26 20:37:56,849 [Thread-1918] INFO  impl.RaftServerImpl (RaftServerImpl.java:setRole(174)) - eae3403e-0c87-43fb-a8fd-0fe2a75a4733@group-B2E4CA7B7F81: changes role from  FOLLOWER to CANDIDATE at term 5 for changeToCandidate
2019-09-26 20:37:56,850 [Thread-1918] INFO  impl.RoleInfo (RoleInfo.java:updateAndGet(143)) - eae3403e-0c87-43fb-a8fd-0fe2a75a4733: start LeaderElection
2019-09-26 20:37:56,853 [grpc-default-executor-2] WARN  server.GrpcLogAppender (LogUtils.java:warn(134)) - 48f2d8fd-8c43-434b-a938-4578675caf55@group-6F2CE06E8226->84a4ae1f-463c-4c61-bca5-7a956502a9f9-AppendLogResponseHandler: Failed appendEntries: org.apache.ratis.thirdparty.io.grpc.StatusRuntimeException: UNAVAILABLE: io exception
2019-09-26 20:37:56,853 [grpc-default-executor-2] INFO  impl.FollowerInfo (FollowerInfo.java:lambda$new$0(51)) - 48f2d8fd-8c43-434b-a938-4578675caf55@group-6F2CE06E8226->84a4ae1f-463c-4c61-bca5-7a956502a9f9: nextIndex: updateUnconditionally 0 -> 0
2019-09-26 20:37:56,866 [eae3403e-0c87-43fb-a8fd-0fe2a75a4733@group-B2E4CA7B7F81:LeaderElection27] INFO  impl.LeaderElection (LeaderElection.java:askForVotes(182)) - eae3403e-0c87-43fb-a8fd-0fe2a75a4733@group-B2E4CA7B7F81:LeaderElection27: begin an election at term 6 for 1: [df489160-9035-493c-b28c-85e4df434e3a:192.168.151.109:37092, 6ca955d0-fbd7-4658-a5a5-f0aaa33d5ec1:192.168.151.109:36062, eae3403e-0c87-43fb-a8fd-0fe2a75a4733:192.168.151.109:37973], old=null
2019-09-26 20:37:56,867 [eae3403e-0c87-43fb-a8fd-0fe2a75a4733@group-B2E4CA7B7F81:LeaderElection27] INFO  impl.LeaderElection (LogUtils.java:infoOrTrace(149)) - eae3403e-0c87-43fb-a8fd-0fe2a75a4733@group-B2E4CA7B7F81:LeaderElection27 got exception when requesting votes: {}
java.util.concurrent.ExecutionException: org.apache.ratis.thirdparty.io.grpc.StatusRuntimeException: UNAVAILABLE: io exception
	at java.util.concurrent.FutureTask.report(FutureTask.java:122)
	at java.util.concurrent.FutureTask.get(FutureTask.java:192)
	at org.apache.ratis.server.impl.LeaderElection.waitForResults(LeaderElection.java:263)
	at org.apache.ratis.server.impl.LeaderElection.askForVotes(LeaderElection.java:201)
	at org.apache.ratis.server.impl.LeaderElection.run(LeaderElection.java:133)
	at java.lang.Thread.run(Thread.java:748)
Caused by: org.apache.ratis.thirdparty.io.grpc.StatusRuntimeException: UNAVAILABLE: io exception
	at org.apache.ratis.thirdparty.io.grpc.stub.ClientCalls.toStatusRuntimeException(ClientCalls.java:233)
	at org.apache.ratis.thirdparty.io.grpc.stub.ClientCalls.getUnchecked(ClientCalls.java:214)
	at org.apache.ratis.thirdparty.io.grpc.stub.ClientCalls.blockingUnaryCall(ClientCalls.java:139)
	at org.apache.ratis.proto.grpc.RaftServerProtocolServiceGrpc$RaftServerProtocolServiceBlockingStub.requestVote(RaftServerProtocolServiceGrpc.java:265)
	at org.apache.ratis.grpc.server.GrpcServerProtocolClient.requestVote(GrpcServerProtocolClient.java:90)
	at org.apache.ratis.grpc.server.GrpcService.requestVote(GrpcService.java:204)
	at org.apache.ratis.server.impl.LeaderElection.lambda$submitRequests$1(LeaderElection.java:238)
	at java.util.concurrent.FutureTask.run(FutureTask.java:266)
	at java.util.concurrent.Executors$RunnableAdapter.call(Executors.java:511)
	at java.util.concurrent.FutureTask.run(FutureTask.java:266)
	at java.util.concurrent.ThreadPoolExecutor.runWorker(ThreadPoolExecutor.java:1149)
	at java.util.concurrent.ThreadPoolExecutor$Worker.run(ThreadPoolExecutor.java:624)
	... 1 more
Caused by: org.apache.ratis.thirdparty.io.netty.channel.AbstractChannel$AnnotatedConnectException: Connection refused: /192.168.151.109:37092
	at sun.nio.ch.SocketChannelImpl.checkConnect(Native Method)
	at sun.nio.ch.SocketChannelImpl.finishConnect(SocketChannelImpl.java:717)
	at org.apache.ratis.thirdparty.io.netty.channel.socket.nio.NioSocketChannel.doFinishConnect(NioSocketChannel.java:327)
	at org.apache.ratis.thirdparty.io.netty.channel.nio.AbstractNioChannel$AbstractNioUnsafe.finishConnect(AbstractNioChannel.java:340)
	at org.apache.ratis.thirdparty.io.netty.channel.nio.NioEventLoop.processSelectedKey(NioEventLoop.java:632)
	at org.apache.ratis.thirdparty.io.netty.channel.nio.NioEventLoop.processSelectedKeysOptimized(NioEventLoop.java:579)
	at org.apache.ratis.thirdparty.io.netty.channel.nio.NioEventLoop.processSelectedKeys(NioEventLoop.java:496)
	at org.apache.ratis.thirdparty.io.netty.channel.nio.NioEventLoop.run(NioEventLoop.java:458)
	at org.apache.ratis.thirdparty.io.netty.util.concurrent.SingleThreadEventExecutor$5.run(SingleThreadEventExecutor.java:897)
	at org.apache.ratis.thirdparty.io.netty.util.concurrent.FastThreadLocalRunnable.run(FastThreadLocalRunnable.java:30)
	... 1 more
Caused by: java.net.ConnectException: Connection refused
	... 11 more
2019-09-26 20:37:56,869 [eae3403e-0c87-43fb-a8fd-0fe2a75a4733@group-B2E4CA7B7F81:LeaderElection27] INFO  impl.LeaderElection (LogUtils.java:infoOrTrace(149)) - eae3403e-0c87-43fb-a8fd-0fe2a75a4733@group-B2E4CA7B7F81:LeaderElection27 got exception when requesting votes: {}
java.util.concurrent.ExecutionException: org.apache.ratis.thirdparty.io.grpc.StatusRuntimeException: UNAVAILABLE: io exception
	at java.util.concurrent.FutureTask.report(FutureTask.java:122)
	at java.util.concurrent.FutureTask.get(FutureTask.java:192)
	at org.apache.ratis.server.impl.LeaderElection.waitForResults(LeaderElection.java:263)
	at org.apache.ratis.server.impl.LeaderElection.askForVotes(LeaderElection.java:201)
	at org.apache.ratis.server.impl.LeaderElection.run(LeaderElection.java:133)
	at java.lang.Thread.run(Thread.java:748)
Caused by: org.apache.ratis.thirdparty.io.grpc.StatusRuntimeException: UNAVAILABLE: io exception
	at org.apache.ratis.thirdparty.io.grpc.stub.ClientCalls.toStatusRuntimeException(ClientCalls.java:233)
	at org.apache.ratis.thirdparty.io.grpc.stub.ClientCalls.getUnchecked(ClientCalls.java:214)
	at org.apache.ratis.thirdparty.io.grpc.stub.ClientCalls.blockingUnaryCall(ClientCalls.java:139)
	at org.apache.ratis.proto.grpc.RaftServerProtocolServiceGrpc$RaftServerProtocolServiceBlockingStub.requestVote(RaftServerProtocolServiceGrpc.java:265)
	at org.apache.ratis.grpc.server.GrpcServerProtocolClient.requestVote(GrpcServerProtocolClient.java:90)
	at org.apache.ratis.grpc.server.GrpcService.requestVote(GrpcService.java:204)
	at org.apache.ratis.server.impl.LeaderElection.lambda$submitRequests$1(LeaderElection.java:238)
	at java.util.concurrent.FutureTask.run(FutureTask.java:266)
	at java.util.concurrent.Executors$RunnableAdapter.call(Executors.java:511)
	at java.util.concurrent.FutureTask.run(FutureTask.java:266)
	at java.util.concurrent.ThreadPoolExecutor.runWorker(ThreadPoolExecutor.java:1149)
	at java.util.concurrent.ThreadPoolExecutor$Worker.run(ThreadPoolExecutor.java:624)
	... 1 more
Caused by: org.apache.ratis.thirdparty.io.netty.channel.AbstractChannel$AnnotatedConnectException: Connection refused: /192.168.151.109:36062
	at sun.nio.ch.SocketChannelImpl.checkConnect(Native Method)
	at sun.nio.ch.SocketChannelImpl.finishConnect(SocketChannelImpl.java:717)
	at org.apache.ratis.thirdparty.io.netty.channel.socket.nio.NioSocketChannel.doFinishConnect(NioSocketChannel.java:327)
	at org.apache.ratis.thirdparty.io.netty.channel.nio.AbstractNioChannel$AbstractNioUnsafe.finishConnect(AbstractNioChannel.java:340)
	at org.apache.ratis.thirdparty.io.netty.channel.nio.NioEventLoop.processSelectedKey(NioEventLoop.java:632)
	at org.apache.ratis.thirdparty.io.netty.channel.nio.NioEventLoop.processSelectedKeysOptimized(NioEventLoop.java:579)
	at org.apache.ratis.thirdparty.io.netty.channel.nio.NioEventLoop.processSelectedKeys(NioEventLoop.java:496)
	at org.apache.ratis.thirdparty.io.netty.channel.nio.NioEventLoop.run(NioEventLoop.java:458)
	at org.apache.ratis.thirdparty.io.netty.util.concurrent.SingleThreadEventExecutor$5.run(SingleThreadEventExecutor.java:897)
	at org.apache.ratis.thirdparty.io.netty.util.concurrent.FastThreadLocalRunnable.run(FastThreadLocalRunnable.java:30)
	... 1 more
Caused by: java.net.ConnectException: Connection refused
	... 11 more
2019-09-26 20:37:56,871 [eae3403e-0c87-43fb-a8fd-0fe2a75a4733@group-B2E4CA7B7F81:LeaderElection27] INFO  impl.LeaderElection (LeaderElection.java:logAndReturn(56)) - eae3403e-0c87-43fb-a8fd-0fe2a75a4733@group-B2E4CA7B7F81:LeaderElection27: Election REJECTED; received 0 response(s) [] and 2 exception(s); eae3403e-0c87-43fb-a8fd-0fe2a75a4733@group-B2E4CA7B7F81:t6, leader=null, voted=eae3403e-0c87-43fb-a8fd-0fe2a75a4733, raftlog=eae3403e-0c87-43fb-a8fd-0fe2a75a4733@group-B2E4CA7B7F81-SegmentedRaftLog:OPENED:c2,f2,i2, conf=1: [df489160-9035-493c-b28c-85e4df434e3a:192.168.151.109:37092, 6ca955d0-fbd7-4658-a5a5-f0aaa33d5ec1:192.168.151.109:36062, eae3403e-0c87-43fb-a8fd-0fe2a75a4733:192.168.151.109:37973], old=null
2019-09-26 20:37:56,871 [eae3403e-0c87-43fb-a8fd-0fe2a75a4733@group-B2E4CA7B7F81:LeaderElection27] INFO  impl.LeaderElection (LogUtils.java:infoOrTrace(149)) -   Exception 0: {}
java.util.concurrent.ExecutionException: org.apache.ratis.thirdparty.io.grpc.StatusRuntimeException: UNAVAILABLE: io exception
	at java.util.concurrent.FutureTask.report(FutureTask.java:122)
	at java.util.concurrent.FutureTask.get(FutureTask.java:192)
	at org.apache.ratis.server.impl.LeaderElection.waitForResults(LeaderElection.java:263)
	at org.apache.ratis.server.impl.LeaderElection.askForVotes(LeaderElection.java:201)
	at org.apache.ratis.server.impl.LeaderElection.run(LeaderElection.java:133)
	at java.lang.Thread.run(Thread.java:748)
Caused by: org.apache.ratis.thirdparty.io.grpc.StatusRuntimeException: UNAVAILABLE: io exception
	at org.apache.ratis.thirdparty.io.grpc.stub.ClientCalls.toStatusRuntimeException(ClientCalls.java:233)
	at org.apache.ratis.thirdparty.io.grpc.stub.ClientCalls.getUnchecked(ClientCalls.java:214)
	at org.apache.ratis.thirdparty.io.grpc.stub.ClientCalls.blockingUnaryCall(ClientCalls.java:139)
	at org.apache.ratis.proto.grpc.RaftServerProtocolServiceGrpc$RaftServerProtocolServiceBlockingStub.requestVote(RaftServerProtocolServiceGrpc.java:265)
	at org.apache.ratis.grpc.server.GrpcServerProtocolClient.requestVote(GrpcServerProtocolClient.java:90)
	at org.apache.ratis.grpc.server.GrpcService.requestVote(GrpcService.java:204)
	at org.apache.ratis.server.impl.LeaderElection.lambda$submitRequests$1(LeaderElection.java:238)
	at java.util.concurrent.FutureTask.run(FutureTask.java:266)
	at java.util.concurrent.Executors$RunnableAdapter.call(Executors.java:511)
	at java.util.concurrent.FutureTask.run(FutureTask.java:266)
	at java.util.concurrent.ThreadPoolExecutor.runWorker(ThreadPoolExecutor.java:1149)
	at java.util.concurrent.ThreadPoolExecutor$Worker.run(ThreadPoolExecutor.java:624)
	... 1 more
Caused by: org.apache.ratis.thirdparty.io.netty.channel.AbstractChannel$AnnotatedConnectException: Connection refused: /192.168.151.109:37092
	at sun.nio.ch.SocketChannelImpl.checkConnect(Native Method)
	at sun.nio.ch.SocketChannelImpl.finishConnect(SocketChannelImpl.java:717)
	at org.apache.ratis.thirdparty.io.netty.channel.socket.nio.NioSocketChannel.doFinishConnect(NioSocketChannel.java:327)
	at org.apache.ratis.thirdparty.io.netty.channel.nio.AbstractNioChannel$AbstractNioUnsafe.finishConnect(AbstractNioChannel.java:340)
	at org.apache.ratis.thirdparty.io.netty.channel.nio.NioEventLoop.processSelectedKey(NioEventLoop.java:632)
	at org.apache.ratis.thirdparty.io.netty.channel.nio.NioEventLoop.processSelectedKeysOptimized(NioEventLoop.java:579)
	at org.apache.ratis.thirdparty.io.netty.channel.nio.NioEventLoop.processSelectedKeys(NioEventLoop.java:496)
	at org.apache.ratis.thirdparty.io.netty.channel.nio.NioEventLoop.run(NioEventLoop.java:458)
	at org.apache.ratis.thirdparty.io.netty.util.concurrent.SingleThreadEventExecutor$5.run(SingleThreadEventExecutor.java:897)
	at org.apache.ratis.thirdparty.io.netty.util.concurrent.FastThreadLocalRunnable.run(FastThreadLocalRunnable.java:30)
	... 1 more
Caused by: java.net.ConnectException: Connection refused
	... 11 more
2019-09-26 20:37:56,871 [eae3403e-0c87-43fb-a8fd-0fe2a75a4733@group-B2E4CA7B7F81:LeaderElection27] INFO  impl.LeaderElection (LogUtils.java:infoOrTrace(149)) -   Exception 1: {}
java.util.concurrent.ExecutionException: org.apache.ratis.thirdparty.io.grpc.StatusRuntimeException: UNAVAILABLE: io exception
	at java.util.concurrent.FutureTask.report(FutureTask.java:122)
	at java.util.concurrent.FutureTask.get(FutureTask.java:192)
	at org.apache.ratis.server.impl.LeaderElection.waitForResults(LeaderElection.java:263)
	at org.apache.ratis.server.impl.LeaderElection.askForVotes(LeaderElection.java:201)
	at org.apache.ratis.server.impl.LeaderElection.run(LeaderElection.java:133)
	at java.lang.Thread.run(Thread.java:748)
Caused by: org.apache.ratis.thirdparty.io.grpc.StatusRuntimeException: UNAVAILABLE: io exception
	at org.apache.ratis.thirdparty.io.grpc.stub.ClientCalls.toStatusRuntimeException(ClientCalls.java:233)
	at org.apache.ratis.thirdparty.io.grpc.stub.ClientCalls.getUnchecked(ClientCalls.java:214)
	at org.apache.ratis.thirdparty.io.grpc.stub.ClientCalls.blockingUnaryCall(ClientCalls.java:139)
	at org.apache.ratis.proto.grpc.RaftServerProtocolServiceGrpc$RaftServerProtocolServiceBlockingStub.requestVote(RaftServerProtocolServiceGrpc.java:265)
	at org.apache.ratis.grpc.server.GrpcServerProtocolClient.requestVote(GrpcServerProtocolClient.java:90)
	at org.apache.ratis.grpc.server.GrpcService.requestVote(GrpcService.java:204)
	at org.apache.ratis.server.impl.LeaderElection.lambda$submitRequests$1(LeaderElection.java:238)
	at java.util.concurrent.FutureTask.run(FutureTask.java:266)
	at java.util.concurrent.Executors$RunnableAdapter.call(Executors.java:511)
	at java.util.concurrent.FutureTask.run(FutureTask.java:266)
	at java.util.concurrent.ThreadPoolExecutor.runWorker(ThreadPoolExecutor.java:1149)
	at java.util.concurrent.ThreadPoolExecutor$Worker.run(ThreadPoolExecutor.java:624)
	... 1 more
Caused by: org.apache.ratis.thirdparty.io.netty.channel.AbstractChannel$AnnotatedConnectException: Connection refused: /192.168.151.109:36062
	at sun.nio.ch.SocketChannelImpl.checkConnect(Native Method)
	at sun.nio.ch.SocketChannelImpl.finishConnect(SocketChannelImpl.java:717)
	at org.apache.ratis.thirdparty.io.netty.channel.socket.nio.NioSocketChannel.doFinishConnect(NioSocketChannel.java:327)
	at org.apache.ratis.thirdparty.io.netty.channel.nio.AbstractNioChannel$AbstractNioUnsafe.finishConnect(AbstractNioChannel.java:340)
	at org.apache.ratis.thirdparty.io.netty.channel.nio.NioEventLoop.processSelectedKey(NioEventLoop.java:632)
	at org.apache.ratis.thirdparty.io.netty.channel.nio.NioEventLoop.processSelectedKeysOptimized(NioEventLoop.java:579)
	at org.apache.ratis.thirdparty.io.netty.channel.nio.NioEventLoop.processSelectedKeys(NioEventLoop.java:496)
	at org.apache.ratis.thirdparty.io.netty.channel.nio.NioEventLoop.run(NioEventLoop.java:458)
	at org.apache.ratis.thirdparty.io.netty.util.concurrent.SingleThreadEventExecutor$5.run(SingleThreadEventExecutor.java:897)
	at org.apache.ratis.thirdparty.io.netty.util.concurrent.FastThreadLocalRunnable.run(FastThreadLocalRunnable.java:30)
	... 1 more
Caused by: java.net.ConnectException: Connection refused
	... 11 more
2019-09-26 20:37:56,872 [eae3403e-0c87-43fb-a8fd-0fe2a75a4733@group-B2E4CA7B7F81:LeaderElection27] INFO  impl.RaftServerImpl (RaftServerImpl.java:setRole(174)) - eae3403e-0c87-43fb-a8fd-0fe2a75a4733@group-B2E4CA7B7F81: changes role from CANDIDATE to FOLLOWER at term 6 for DISCOVERED_A_NEW_TERM
2019-09-26 20:37:56,873 [eae3403e-0c87-43fb-a8fd-0fe2a75a4733@group-B2E4CA7B7F81:LeaderElection27] INFO  impl.RoleInfo (RoleInfo.java:shutdownLeaderElection(134)) - eae3403e-0c87-43fb-a8fd-0fe2a75a4733: shutdown LeaderElection
2019-09-26 20:37:56,873 [eae3403e-0c87-43fb-a8fd-0fe2a75a4733@group-B2E4CA7B7F81:LeaderElection27] INFO  impl.RoleInfo (RoleInfo.java:updateAndGet(143)) - eae3403e-0c87-43fb-a8fd-0fe2a75a4733: start FollowerState
2019-09-26 20:37:57,014 [grpc-default-executor-2] WARN  server.GrpcLogAppender (LogUtils.java:warn(134)) - 48f2d8fd-8c43-434b-a938-4578675caf55@group-6F2CE06E8226->e6ea3787-7b5b-467a-894e-3363ddf5ac49-AppendLogResponseHandler: Failed appendEntries: org.apache.ratis.thirdparty.io.grpc.StatusRuntimeException: UNAVAILABLE: io exception
2019-09-26 20:37:57,016 [grpc-default-executor-2] INFO  impl.FollowerInfo (FollowerInfo.java:lambda$new$0(51)) - 48f2d8fd-8c43-434b-a938-4578675caf55@group-6F2CE06E8226->e6ea3787-7b5b-467a-894e-3363ddf5ac49: nextIndex: updateUnconditionally 0 -> 0
2019-09-26 20:37:57,352 [grpc-default-executor-2] WARN  server.GrpcLogAppender (LogUtils.java:warn(134)) - 48f2d8fd-8c43-434b-a938-4578675caf55@group-6F2CE06E8226->84a4ae1f-463c-4c61-bca5-7a956502a9f9-AppendLogResponseHandler: Failed appendEntries: org.apache.ratis.thirdparty.io.grpc.StatusRuntimeException: UNAVAILABLE: io exception
2019-09-26 20:37:57,353 [grpc-default-executor-2] INFO  impl.FollowerInfo (FollowerInfo.java:lambda$new$0(51)) - 48f2d8fd-8c43-434b-a938-4578675caf55@group-6F2CE06E8226->84a4ae1f-463c-4c61-bca5-7a956502a9f9: nextIndex: updateUnconditionally 0 -> 0
2019-09-26 20:37:57,515 [grpc-default-executor-1] WARN  server.GrpcLogAppender (LogUtils.java:warn(134)) - 48f2d8fd-8c43-434b-a938-4578675caf55@group-6F2CE06E8226->e6ea3787-7b5b-467a-894e-3363ddf5ac49-AppendLogResponseHandler: Failed appendEntries: org.apache.ratis.thirdparty.io.grpc.StatusRuntimeException: UNAVAILABLE: io exception
2019-09-26 20:37:57,515 [grpc-default-executor-1] INFO  impl.FollowerInfo (FollowerInfo.java:lambda$new$0(51)) - 48f2d8fd-8c43-434b-a938-4578675caf55@group-6F2CE06E8226->e6ea3787-7b5b-467a-894e-3363ddf5ac49: nextIndex: updateUnconditionally 0 -> 0
2019-09-26 20:37:57,852 [grpc-default-executor-1] WARN  server.GrpcLogAppender (LogUtils.java:warn(134)) - 48f2d8fd-8c43-434b-a938-4578675caf55@group-6F2CE06E8226->84a4ae1f-463c-4c61-bca5-7a956502a9f9-AppendLogResponseHandler: Failed appendEntries: org.apache.ratis.thirdparty.io.grpc.StatusRuntimeException: UNAVAILABLE: io exception
2019-09-26 20:37:57,853 [grpc-default-executor-1] INFO  impl.FollowerInfo (FollowerInfo.java:lambda$new$0(51)) - 48f2d8fd-8c43-434b-a938-4578675caf55@group-6F2CE06E8226->84a4ae1f-463c-4c61-bca5-7a956502a9f9: nextIndex: updateUnconditionally 0 -> 0
2019-09-26 20:37:57,859 [main] INFO  ozoneimpl.OzoneContainer (OzoneContainer.java:stop(231)) - Attempting to stop container services.
2019-09-26 20:37:57,860 [main] INFO  impl.RaftServerProxy (RaftServerProxy.java:lambda$close$4(314)) - 48f2d8fd-8c43-434b-a938-4578675caf55: close
2019-09-26 20:37:57,860 [main] INFO  impl.RaftServerImpl (RaftServerImpl.java:lambda$shutdown$3(251)) - 48f2d8fd-8c43-434b-a938-4578675caf55@group-DBD180A91FF6: shutdown
2019-09-26 20:37:57,860 [main] INFO  util.JmxRegister (JmxRegister.java:unregister(73)) - Successfully un-registered JMX Bean with object name Ratis:service=RaftServer,group=group-DBD180A91FF6,id=48f2d8fd-8c43-434b-a938-4578675caf55
2019-09-26 20:37:57,860 [main] INFO  impl.RoleInfo (RoleInfo.java:shutdownLeaderState(104)) - 48f2d8fd-8c43-434b-a938-4578675caf55: shutdown LeaderState
2019-09-26 20:37:57,861 [main] INFO  impl.PendingRequests (PendingRequests.java:sendNotLeaderResponses(202)) - 48f2d8fd-8c43-434b-a938-4578675caf55-PendingRequests: sendNotLeaderResponses
2019-09-26 20:37:57,861 [main] INFO  impl.StateMachineUpdater (StateMachineUpdater.java:stopAndJoin(125)) - 48f2d8fd-8c43-434b-a938-4578675caf55@group-DBD180A91FF6-StateMachineUpdater: set stopIndex = 0
2019-09-26 20:37:57,861 [ForkJoinPool.commonPool-worker-0] INFO  ozoneimpl.OzoneContainer (OzoneContainer.java:stop(231)) - Attempting to stop container services.
2019-09-26 20:37:57,862 [main] INFO  impl.RaftServerImpl (ServerState.java:close(385)) - 48f2d8fd-8c43-434b-a938-4578675caf55@group-DBD180A91FF6: closes. applyIndex: 0
2019-09-26 20:37:57,862 [ForkJoinPool.commonPool-worker-0] INFO  impl.RaftServerProxy (RaftServerProxy.java:lambda$close$4(314)) - eae3403e-0c87-43fb-a8fd-0fe2a75a4733: close
2019-09-26 20:37:57,862 [48f2d8fd-8c43-434b-a938-4578675caf55@group-DBD180A91FF6-SegmentedRaftLogWorker] INFO  segmented.SegmentedRaftLogWorker (SegmentedRaftLogWorker.java:run(313)) - 48f2d8fd-8c43-434b-a938-4578675caf55@group-DBD180A91FF6-SegmentedRaftLogWorker was interrupted, exiting. There are 0 tasks remaining in the queue.
2019-09-26 20:37:57,862 [ForkJoinPool.commonPool-worker-0] INFO  impl.RaftServerImpl (RaftServerImpl.java:lambda$shutdown$3(251)) - eae3403e-0c87-43fb-a8fd-0fe2a75a4733@group-B2E4CA7B7F81: shutdown
2019-09-26 20:37:57,863 [main] INFO  segmented.SegmentedRaftLogWorker (SegmentedRaftLogWorker.java:close(228)) - 48f2d8fd-8c43-434b-a938-4578675caf55@group-DBD180A91FF6-SegmentedRaftLogWorker close()
2019-09-26 20:37:57,863 [ForkJoinPool.commonPool-worker-0] INFO  util.JmxRegister (JmxRegister.java:unregister(73)) - Successfully un-registered JMX Bean with object name Ratis:service=RaftServer,group=group-B2E4CA7B7F81,id=eae3403e-0c87-43fb-a8fd-0fe2a75a4733
2019-09-26 20:37:57,865 [main] INFO  impl.RaftServerImpl (RaftServerImpl.java:lambda$shutdown$3(251)) - 48f2d8fd-8c43-434b-a938-4578675caf55@group-6F2CE06E8226: shutdown
2019-09-26 20:37:57,865 [ForkJoinPool.commonPool-worker-0] INFO  impl.RoleInfo (RoleInfo.java:shutdownFollowerState(121)) - eae3403e-0c87-43fb-a8fd-0fe2a75a4733: shutdown FollowerState
2019-09-26 20:37:57,865 [main] INFO  util.JmxRegister (JmxRegister.java:unregister(73)) - Successfully un-registered JMX Bean with object name Ratis:service=RaftServer,group=group-6F2CE06E8226,id=48f2d8fd-8c43-434b-a938-4578675caf55
2019-09-26 20:37:57,866 [main] INFO  impl.RoleInfo (RoleInfo.java:shutdownLeaderState(104)) - 48f2d8fd-8c43-434b-a938-4578675caf55: shutdown LeaderState
2019-09-26 20:37:57,866 [Thread-1922] INFO  impl.FollowerState (FollowerState.java:run(115)) - eae3403e-0c87-43fb-a8fd-0fe2a75a4733: FollowerState was interrupted: java.lang.InterruptedException: sleep interrupted
2019-09-26 20:37:57,866 [ForkJoinPool.commonPool-worker-0] INFO  impl.StateMachineUpdater (StateMachineUpdater.java:stopAndJoin(125)) - eae3403e-0c87-43fb-a8fd-0fe2a75a4733@group-B2E4CA7B7F81-StateMachineUpdater: set stopIndex = 2
2019-09-26 20:37:57,869 [ForkJoinPool.commonPool-worker-0] INFO  impl.RaftServerImpl (ServerState.java:close(385)) - eae3403e-0c87-43fb-a8fd-0fe2a75a4733@group-B2E4CA7B7F81: closes. applyIndex: 2
2019-09-26 20:37:57,868 [org.apache.ratis.server.impl.LogAppender$AppenderDaemon$$Lambda$436/982945735@60078e6a] WARN  server.GrpcLogAppender (GrpcLogAppender.java:mayWait(143)) - 48f2d8fd-8c43-434b-a938-4578675caf55@group-6F2CE06E8226->e6ea3787-7b5b-467a-894e-3363ddf5ac49-GrpcLogAppender: Wait interrupted by java.lang.InterruptedException
2019-09-26 20:37:57,870 [eae3403e-0c87-43fb-a8fd-0fe2a75a4733@group-B2E4CA7B7F81-SegmentedRaftLogWorker] INFO  segmented.SegmentedRaftLogWorker (SegmentedRaftLogWorker.java:run(313)) - eae3403e-0c87-43fb-a8fd-0fe2a75a4733@group-B2E4CA7B7F81-SegmentedRaftLogWorker was interrupted, exiting. There are 0 tasks remaining in the queue.
2019-09-26 20:37:57,868 [main] INFO  impl.PendingRequests (PendingRequests.java:sendNotLeaderResponses(202)) - 48f2d8fd-8c43-434b-a938-4578675caf55-PendingRequests: sendNotLeaderResponses
2019-09-26 20:37:57,868 [org.apache.ratis.server.impl.LogAppender$AppenderDaemon$$Lambda$436/982945735@6b4f1e19] WARN  server.GrpcLogAppender (GrpcLogAppender.java:mayWait(143)) - 48f2d8fd-8c43-434b-a938-4578675caf55@group-6F2CE06E8226->84a4ae1f-463c-4c61-bca5-7a956502a9f9-GrpcLogAppender: Wait interrupted by java.lang.InterruptedException
2019-09-26 20:37:57,872 [main] INFO  impl.StateMachineUpdater (StateMachineUpdater.java:stopAndJoin(125)) - 48f2d8fd-8c43-434b-a938-4578675caf55@group-6F2CE06E8226-StateMachineUpdater: set stopIndex = 2
2019-09-26 20:37:57,870 [ForkJoinPool.commonPool-worker-0] INFO  segmented.SegmentedRaftLogWorker (SegmentedRaftLogWorker.java:close(228)) - eae3403e-0c87-43fb-a8fd-0fe2a75a4733@group-B2E4CA7B7F81-SegmentedRaftLogWorker close()
2019-09-26 20:37:57,872 [main] INFO  impl.RaftServerImpl (ServerState.java:close(385)) - 48f2d8fd-8c43-434b-a938-4578675caf55@group-6F2CE06E8226: closes. applyIndex: 2
2019-09-26 20:37:57,873 [ForkJoinPool.commonPool-worker-0] INFO  impl.RaftServerImpl (RaftServerImpl.java:lambda$shutdown$3(251)) - eae3403e-0c87-43fb-a8fd-0fe2a75a4733@group-D9BCDF658D82: shutdown
2019-09-26 20:37:57,873 [48f2d8fd-8c43-434b-a938-4578675caf55@group-6F2CE06E8226-SegmentedRaftLogWorker] INFO  segmented.SegmentedRaftLogWorker (SegmentedRaftLogWorker.java:run(313)) - 48f2d8fd-8c43-434b-a938-4578675caf55@group-6F2CE06E8226-SegmentedRaftLogWorker was interrupted, exiting. There are 0 tasks remaining in the queue.
2019-09-26 20:37:57,873 [ForkJoinPool.commonPool-worker-0] INFO  util.JmxRegister (JmxRegister.java:unregister(73)) - Successfully un-registered JMX Bean with object name Ratis:service=RaftServer,group=group-D9BCDF658D82,id=eae3403e-0c87-43fb-a8fd-0fe2a75a4733
2019-09-26 20:37:57,874 [main] INFO  segmented.SegmentedRaftLogWorker (SegmentedRaftLogWorker.java:close(228)) - 48f2d8fd-8c43-434b-a938-4578675caf55@group-6F2CE06E8226-SegmentedRaftLogWorker close()
2019-09-26 20:37:57,874 [ForkJoinPool.commonPool-worker-0] INFO  impl.RoleInfo (RoleInfo.java:shutdownLeaderState(104)) - eae3403e-0c87-43fb-a8fd-0fe2a75a4733: shutdown LeaderState
2019-09-26 20:37:57,875 [main] INFO  server.GrpcService (GrpcService.java:closeImpl(164)) - 48f2d8fd-8c43-434b-a938-4578675caf55: shutdown server with port 42280 now
2019-09-26 20:37:57,875 [ForkJoinPool.commonPool-worker-0] INFO  impl.PendingRequests (PendingRequests.java:sendNotLeaderResponses(202)) - eae3403e-0c87-43fb-a8fd-0fe2a75a4733-PendingRequests: sendNotLeaderResponses
2019-09-26 20:37:57,875 [main] INFO  server.GrpcService (GrpcService.java:closeImpl(172)) - 48f2d8fd-8c43-434b-a938-4578675caf55: shutdown server with port 42280 successfully
2019-09-26 20:37:57,875 [ForkJoinPool.commonPool-worker-0] INFO  impl.StateMachineUpdater (StateMachineUpdater.java:stopAndJoin(125)) - eae3403e-0c87-43fb-a8fd-0fe2a75a4733@group-D9BCDF658D82-StateMachineUpdater: set stopIndex = 0
2019-09-26 20:37:57,876 [ForkJoinPool.commonPool-worker-0] INFO  impl.RaftServerImpl (ServerState.java:close(385)) - eae3403e-0c87-43fb-a8fd-0fe2a75a4733@group-D9BCDF658D82: closes. applyIndex: 0
2019-09-26 20:37:57,876 [eae3403e-0c87-43fb-a8fd-0fe2a75a4733@group-D9BCDF658D82-SegmentedRaftLogWorker] INFO  segmented.SegmentedRaftLogWorker (SegmentedRaftLogWorker.java:run(313)) - eae3403e-0c87-43fb-a8fd-0fe2a75a4733@group-D9BCDF658D82-SegmentedRaftLogWorker was interrupted, exiting. There are 0 tasks remaining in the queue.
2019-09-26 20:37:57,877 [ForkJoinPool.commonPool-worker-0] INFO  segmented.SegmentedRaftLogWorker (SegmentedRaftLogWorker.java:close(228)) - eae3403e-0c87-43fb-a8fd-0fe2a75a4733@group-D9BCDF658D82-SegmentedRaftLogWorker close()
2019-09-26 20:37:57,877 [refreshUsed-/workdir/hadoop-ozone/integration-test/target/test-dir/MiniOzoneClusterImpl-6b3e93c2-f638-46ca-bf75-ac80d5cb12e3/datanode-7/data/containers] WARN  fs.CachingGetSpaceUsed (CachingGetSpaceUsed.java:run(183)) - Thread Interrupted waiting to refresh disk information: sleep interrupted
2019-09-26 20:37:57,878 [ForkJoinPool.commonPool-worker-0] INFO  server.GrpcService (GrpcService.java:closeImpl(164)) - eae3403e-0c87-43fb-a8fd-0fe2a75a4733: shutdown server with port 37973 now
2019-09-26 20:37:57,879 [ForkJoinPool.commonPool-worker-0] INFO  server.GrpcService (GrpcService.java:closeImpl(172)) - eae3403e-0c87-43fb-a8fd-0fe2a75a4733: shutdown server with port 37973 successfully
2019-09-26 20:37:57,884 [refreshUsed-/workdir/hadoop-ozone/integration-test/target/test-dir/MiniOzoneClusterImpl-6b3e93c2-f638-46ca-bf75-ac80d5cb12e3/datanode-1/data/containers] WARN  fs.CachingGetSpaceUsed (CachingGetSpaceUsed.java:run(183)) - Thread Interrupted waiting to refresh disk information: sleep interrupted
2019-09-26 20:37:57,895 [main] INFO  utils.BackgroundService (BackgroundService.java:shutdown(148)) - Shutting down service BlockDeletingService
2019-09-26 20:37:57,897 [main] INFO  statemachine.DatanodeStateMachine (DatanodeStateMachine.java:stopDaemon(395)) - Ozone container server stopped.
2019-09-26 20:37:57,898 [ForkJoinPool.commonPool-worker-0] INFO  utils.BackgroundService (BackgroundService.java:shutdown(148)) - Shutting down service BlockDeletingService
2019-09-26 20:37:57,900 [ForkJoinPool.commonPool-worker-0] INFO  statemachine.DatanodeStateMachine (DatanodeStateMachine.java:stopDaemon(395)) - Ozone container server stopped.
2019-09-26 20:37:57,902 [main] INFO  handler.ContextHandler (ContextHandler.java:doStop(910)) - Stopped o.e.j.w.WebAppContext@3078cac{/,null,UNAVAILABLE}{/hddsDatanode}
2019-09-26 20:37:57,903 [ForkJoinPool.commonPool-worker-0] INFO  handler.ContextHandler (ContextHandler.java:doStop(910)) - Stopped o.e.j.w.WebAppContext@6cff61fc{/,null,UNAVAILABLE}{/hddsDatanode}
2019-09-26 20:37:57,903 [main] INFO  server.AbstractConnector (AbstractConnector.java:doStop(318)) - Stopped ServerConnector@f6de586{HTTP/1.1,[http/1.1]}{0.0.0.0:0}
2019-09-26 20:37:57,903 [ForkJoinPool.commonPool-worker-0] INFO  server.AbstractConnector (AbstractConnector.java:doStop(318)) - Stopped ServerConnector@6e0c6a7a{HTTP/1.1,[http/1.1]}{0.0.0.0:0}
2019-09-26 20:37:57,904 [main] INFO  handler.ContextHandler (ContextHandler.java:doStop(910)) - Stopped o.e.j.s.ServletContextHandler@46aa712c{/static,jar:file:/home/user/.m2/repository/org/apache/hadoop/hadoop-hdds-container-service/0.5.0-SNAPSHOT/hadoop-hdds-container-service-0.5.0-SNAPSHOT.jar!/webapps/static,UNAVAILABLE}
2019-09-26 20:37:57,904 [ForkJoinPool.commonPool-worker-0] INFO  handler.ContextHandler (ContextHandler.java:doStop(910)) - Stopped o.e.j.s.ServletContextHandler@56a4f272{/static,jar:file:/home/user/.m2/repository/org/apache/hadoop/hadoop-hdds-container-service/0.5.0-SNAPSHOT/hadoop-hdds-container-service-0.5.0-SNAPSHOT.jar!/webapps/static,UNAVAILABLE}
2019-09-26 20:37:57,905 [main] INFO  handler.ContextHandler (ContextHandler.java:doStop(910)) - Stopped o.e.j.s.ServletContextHandler@2a869a16{/logs,file:///workdir/hadoop-ozone/integration-test/target/log,UNAVAILABLE}
2019-09-26 20:37:57,906 [ForkJoinPool.commonPool-worker-0] INFO  handler.ContextHandler (ContextHandler.java:doStop(910)) - Stopped o.e.j.s.ServletContextHandler@3bbf841e{/logs,file:///workdir/hadoop-ozone/integration-test/target/log,UNAVAILABLE}
2019-09-26 20:37:57,907 [main] INFO  ozone.MiniOzoneClusterImpl (MiniOzoneClusterImpl.java:stopSCM(392)) - Stopping the StorageContainerManager
2019-09-26 20:37:57,907 [main] INFO  server.StorageContainerManager (StorageContainerManager.java:stop(808)) - Stopping Replication Manager Service.
2019-09-26 20:37:57,907 [main] INFO  container.ReplicationManager (ReplicationManager.java:stop(203)) - Stopping Replication Monitor Thread.
2019-09-26 20:37:57,907 [main] INFO  server.StorageContainerManager (StorageContainerManager.java:stop(815)) - Stopping Lease Manager of the command watchers
2019-09-26 20:37:57,908 [main] INFO  server.StorageContainerManager (StorageContainerManager.java:stop(822)) - Stopping datanode service RPC server
2019-09-26 20:37:57,908 [main] INFO  server.SCMDatanodeProtocolServer (SCMDatanodeProtocolServer.java:stop(367)) - Stopping the RPC server for DataNodes
2019-09-26 20:37:57,908 [main] INFO  ipc.Server (Server.java:stop(3082)) - Stopping server on 35355
2019-09-26 20:37:57,910 [IPC Server listener on 35355] INFO  ipc.Server (Server.java:run(1185)) - Stopping IPC Server listener on 35355
2019-09-26 20:37:57,910 [IPC Server Responder] INFO  ipc.Server (Server.java:run(1319)) - Stopping IPC Server Responder
2019-09-26 20:37:57,914 [SCM Heartbeat Processing Thread - 0] WARN  node.NodeStateManager (NodeStateManager.java:scheduleNextHealthCheck(646)) - Current Thread is interrupted, shutting down HB processing thread for Node Manager.
2019-09-26 20:37:57,914 [main] INFO  server.StorageContainerManager (StorageContainerManager.java:stop(830)) - Stopping block service RPC server
2019-09-26 20:37:57,914 [main] INFO  server.SCMBlockProtocolServer (SCMBlockProtocolServer.java:stop(155)) - Stopping the RPC server for Block Protocol
2019-09-26 20:37:57,914 [main] INFO  ipc.Server (Server.java:stop(3082)) - Stopping server on 41707
2019-09-26 20:37:57,916 [IPC Server listener on 41707] INFO  ipc.Server (Server.java:run(1185)) - Stopping IPC Server listener on 41707
2019-09-26 20:37:57,916 [main] INFO  server.StorageContainerManager (StorageContainerManager.java:stop(837)) - Stopping the StorageContainerLocationProtocol RPC server
2019-09-26 20:37:57,916 [IPC Server Responder] INFO  ipc.Server (Server.java:run(1319)) - Stopping IPC Server Responder
2019-09-26 20:37:57,916 [main] INFO  server.SCMClientProtocolServer (SCMClientProtocolServer.java:stop(159)) - Stopping the RPC server for Client Protocol
2019-09-26 20:37:57,916 [main] INFO  ipc.Server (Server.java:stop(3082)) - Stopping server on 34653
2019-09-26 20:37:57,918 [IPC Server listener on 34653] INFO  ipc.Server (Server.java:run(1185)) - Stopping IPC Server listener on 34653
2019-09-26 20:37:57,918 [IPC Server Responder] INFO  ipc.Server (Server.java:run(1319)) - Stopping IPC Server Responder
2019-09-26 20:37:57,918 [main] INFO  server.StorageContainerManager (StorageContainerManager.java:stop(844)) - Stopping Storage Container Manager HTTP server.
2019-09-26 20:37:57,918 [main] INFO  handler.ContextHandler (ContextHandler.java:doStop(910)) - Stopped o.e.j.w.WebAppContext@660e9100{/,null,UNAVAILABLE}{/scm}
2019-09-26 20:37:57,919 [main] INFO  server.AbstractConnector (AbstractConnector.java:doStop(318)) - Stopped ServerConnector@5aabbb29{HTTP/1.1,[http/1.1]}{0.0.0.0:0}
2019-09-26 20:37:57,919 [main] INFO  handler.ContextHandler (ContextHandler.java:doStop(910)) - Stopped o.e.j.s.ServletContextHandler@1d131e1b{/static,file:///workdir/hadoop-ozone/integration-test/target/test-classes/webapps/static,UNAVAILABLE}
2019-09-26 20:37:57,919 [main] INFO  handler.ContextHandler (ContextHandler.java:doStop(910)) - Stopped o.e.j.s.ServletContextHandler@2f17e30d{/logs,file:///workdir/hadoop-ozone/integration-test/target/log,UNAVAILABLE}
2019-09-26 20:37:57,920 [main] INFO  server.StorageContainerManager (StorageContainerManager.java:stop(855)) - Stopping Block Manager Service.
2019-09-26 20:37:57,921 [main] INFO  utils.BackgroundService (BackgroundService.java:shutdown(148)) - Shutting down service SCMBlockDeletingService
2019-09-26 20:37:57,921 [main] INFO  utils.BackgroundService (BackgroundService.java:shutdown(148)) - Shutting down service SCMBlockDeletingService
2019-09-26 20:37:57,921 [main] INFO  server.StorageContainerManager (StorageContainerManager.java:stop(877)) - Stopping SCM Event Queue.
2019-09-26 20:37:57,927 [main] INFO  impl.MetricsSystemImpl (MetricsSystemImpl.java:stop(210)) - Stopping ratis metrics system...
2019-09-26 20:37:57,939 [prometheus] INFO  impl.MetricsSinkAdapter (MetricsSinkAdapter.java:publishMetricsFromQueue(141)) - prometheus thread interrupted.
2019-09-26 20:37:57,939 [main] INFO  impl.MetricsSystemImpl (MetricsSystemImpl.java:stop(216)) - ratis metrics system stopped.
]]></system-out>
    <system-err><![CDATA[ERROR StatusLogger No Log4j 2 configuration file found. Using default configuration (logging only errors to the console), or user programmatically provided configurations. Set system property 'log4j2.debug' to show Log4j 2 internal initialization logging. See https://logging.apache.org/log4j/2.x/manual/configuration.html for instructions on how to configure Log4j 2
Sep 26, 2019 8:37:37 PM org.apache.ratis.thirdparty.io.grpc.internal.SerializingExecutor run
SEVERE: Exception while executing runnable org.apache.ratis.thirdparty.io.grpc.internal.ServerImpl$JumpToApplicationThreadServerStreamListener$1Closed@4568abe7
org.apache.ratis.thirdparty.io.grpc.StatusRuntimeException: CANCELLED: call already cancelled
	at org.apache.ratis.thirdparty.io.grpc.Status.asRuntimeException(Status.java:517)
	at org.apache.ratis.thirdparty.io.grpc.stub.ServerCalls$ServerCallStreamObserverImpl.onCompleted(ServerCalls.java:356)
	at org.apache.ratis.grpc.server.GrpcServerProtocolService$ServerRequestStreamObserver.onError(GrpcServerProtocolService.java:121)
	at org.apache.ratis.thirdparty.io.grpc.stub.ServerCalls$StreamingServerCallHandler$StreamingServerCallListener.onCancel(ServerCalls.java:269)
	at org.apache.ratis.thirdparty.io.grpc.internal.ServerCallImpl$ServerStreamListenerImpl.closed(ServerCallImpl.java:293)
	at org.apache.ratis.thirdparty.io.grpc.internal.ServerImpl$JumpToApplicationThreadServerStreamListener$1Closed.runInContext(ServerImpl.java:741)
	at org.apache.ratis.thirdparty.io.grpc.internal.ContextRunnable.run(ContextRunnable.java:37)
	at org.apache.ratis.thirdparty.io.grpc.internal.SerializingExecutor.run(SerializingExecutor.java:123)
	at java.util.concurrent.ThreadPoolExecutor.runWorker(ThreadPoolExecutor.java:1149)
	at java.util.concurrent.ThreadPoolExecutor$Worker.run(ThreadPoolExecutor.java:624)
	at java.lang.Thread.run(Thread.java:748)

Sep 26, 2019 8:37:42 PM org.apache.ratis.thirdparty.io.grpc.internal.SerializingExecutor run
SEVERE: Exception while executing runnable org.apache.ratis.thirdparty.io.grpc.internal.ServerImpl$JumpToApplicationThreadServerStreamListener$1Closed@6bbb54f6
org.apache.ratis.thirdparty.io.grpc.StatusRuntimeException: CANCELLED: call already cancelled
	at org.apache.ratis.thirdparty.io.grpc.Status.asRuntimeException(Status.java:517)
	at org.apache.ratis.thirdparty.io.grpc.stub.ServerCalls$ServerCallStreamObserverImpl.onCompleted(ServerCalls.java:356)
	at org.apache.ratis.grpc.server.GrpcServerProtocolService$ServerRequestStreamObserver.onError(GrpcServerProtocolService.java:121)
	at org.apache.ratis.thirdparty.io.grpc.stub.ServerCalls$StreamingServerCallHandler$StreamingServerCallListener.onCancel(ServerCalls.java:269)
	at org.apache.ratis.thirdparty.io.grpc.internal.ServerCallImpl$ServerStreamListenerImpl.closed(ServerCallImpl.java:293)
	at org.apache.ratis.thirdparty.io.grpc.internal.ServerImpl$JumpToApplicationThreadServerStreamListener$1Closed.runInContext(ServerImpl.java:741)
	at org.apache.ratis.thirdparty.io.grpc.internal.ContextRunnable.run(ContextRunnable.java:37)
	at org.apache.ratis.thirdparty.io.grpc.internal.SerializingExecutor.run(SerializingExecutor.java:123)
	at java.util.concurrent.ThreadPoolExecutor.runWorker(ThreadPoolExecutor.java:1149)
	at java.util.concurrent.ThreadPoolExecutor$Worker.run(ThreadPoolExecutor.java:624)
	at java.lang.Thread.run(Thread.java:748)

]]></system-err>
  </testcase>
  <testcase name="testMultiBlockWritesWithDnFailures" classname="org.apache.hadoop.ozone.client.rpc.TestMultiBlockWritesWithDnFailures" time="131.94">
    <error message="Connection refused" type="java.net.ConnectException"><![CDATA[java.net.ConnectException: Connection refused
	at sun.nio.ch.SocketChannelImpl.checkConnect(Native Method)
	at sun.nio.ch.SocketChannelImpl.finishConnect(SocketChannelImpl.java:717)
	at org.apache.hadoop.net.SocketIOWithTimeout.connect(SocketIOWithTimeout.java:206)
	at org.apache.hadoop.net.NetUtils.connect(NetUtils.java:531)
	at org.apache.hadoop.ipc.Client$Connection.setupConnection(Client.java:690)
	at org.apache.hadoop.ipc.Client$Connection.setupIOstreams(Client.java:794)
	at org.apache.hadoop.ipc.Client$Connection.access$3700(Client.java:411)
	at org.apache.hadoop.ipc.Client.getConnection(Client.java:1572)
	at org.apache.hadoop.ipc.Client.call(Client.java:1403)
	at org.apache.hadoop.ipc.Client.call(Client.java:1367)
	at org.apache.hadoop.ipc.ProtobufRpcEngine$Invoker.invoke(ProtobufRpcEngine.java:228)
	at org.apache.hadoop.ipc.ProtobufRpcEngine$Invoker.invoke(ProtobufRpcEngine.java:116)
	at com.sun.proxy.$Proxy35.submitRequest(Unknown Source)
	at sun.reflect.GeneratedMethodAccessor37.invoke(Unknown Source)
	at sun.reflect.DelegatingMethodAccessorImpl.invoke(DelegatingMethodAccessorImpl.java:43)
	at java.lang.reflect.Method.invoke(Method.java:498)
	at org.apache.hadoop.io.retry.RetryInvocationHandler.invokeMethod(RetryInvocationHandler.java:422)
	at org.apache.hadoop.io.retry.RetryInvocationHandler$Call.invokeMethod(RetryInvocationHandler.java:165)
	at org.apache.hadoop.io.retry.RetryInvocationHandler$Call.invoke(RetryInvocationHandler.java:157)
	at org.apache.hadoop.io.retry.RetryInvocationHandler$Call.invokeOnce(RetryInvocationHandler.java:95)
	at org.apache.hadoop.io.retry.RetryInvocationHandler.invoke(RetryInvocationHandler.java:359)
	at com.sun.proxy.$Proxy35.submitRequest(Unknown Source)
	at org.apache.hadoop.ozone.om.protocolPB.OzoneManagerProtocolClientSideTranslatorPB.submitRequest(OzoneManagerProtocolClientSideTranslatorPB.java:338)
	at org.apache.hadoop.ozone.om.protocolPB.OzoneManagerProtocolClientSideTranslatorPB.getServiceInfo(OzoneManagerProtocolClientSideTranslatorPB.java:1223)
	at sun.reflect.NativeMethodAccessorImpl.invoke0(Native Method)
	at sun.reflect.NativeMethodAccessorImpl.invoke(NativeMethodAccessorImpl.java:62)
	at sun.reflect.DelegatingMethodAccessorImpl.invoke(DelegatingMethodAccessorImpl.java:43)
	at java.lang.reflect.Method.invoke(Method.java:498)
	at org.apache.hadoop.hdds.tracing.TraceAllMethod.invoke(TraceAllMethod.java:66)
	at com.sun.proxy.$Proxy36.getServiceInfo(Unknown Source)
	at org.apache.hadoop.ozone.client.rpc.RpcClient.<init>(RpcClient.java:154)
	at org.apache.hadoop.ozone.client.OzoneClientFactory.getClientProtocol(OzoneClientFactory.java:256)
	at org.apache.hadoop.ozone.client.OzoneClientFactory.getClientProtocol(OzoneClientFactory.java:239)
	at org.apache.hadoop.ozone.client.OzoneClientFactory.getClient(OzoneClientFactory.java:75)
	at org.apache.hadoop.ozone.client.rpc.TestMultiBlockWritesWithDnFailures.startCluster(TestMultiBlockWritesWithDnFailures.java:96)
	at org.apache.hadoop.ozone.client.rpc.TestMultiBlockWritesWithDnFailures.testMultiBlockWritesWithDnFailures(TestMultiBlockWritesWithDnFailures.java:117)
	at sun.reflect.NativeMethodAccessorImpl.invoke0(Native Method)
	at sun.reflect.NativeMethodAccessorImpl.invoke(NativeMethodAccessorImpl.java:62)
	at sun.reflect.DelegatingMethodAccessorImpl.invoke(DelegatingMethodAccessorImpl.java:43)
	at java.lang.reflect.Method.invoke(Method.java:498)
	at org.junit.runners.model.FrameworkMethod$1.runReflectiveCall(FrameworkMethod.java:47)
	at org.junit.internal.runners.model.ReflectiveCallable.run(ReflectiveCallable.java:12)
	at org.junit.runners.model.FrameworkMethod.invokeExplosively(FrameworkMethod.java:44)
	at org.junit.internal.runners.statements.InvokeMethod.evaluate(InvokeMethod.java:17)
	at org.junit.internal.runners.statements.RunAfters.evaluate(RunAfters.java:27)
	at org.junit.runners.ParentRunner.runLeaf(ParentRunner.java:271)
	at org.junit.runners.BlockJUnit4ClassRunner.runChild(BlockJUnit4ClassRunner.java:70)
	at org.junit.runners.BlockJUnit4ClassRunner.runChild(BlockJUnit4ClassRunner.java:50)
	at org.junit.runners.ParentRunner$3.run(ParentRunner.java:238)
	at org.junit.runners.ParentRunner$1.schedule(ParentRunner.java:63)
	at org.junit.runners.ParentRunner.runChildren(ParentRunner.java:236)
	at org.junit.runners.ParentRunner.access$000(ParentRunner.java:53)
	at org.junit.runners.ParentRunner$2.evaluate(ParentRunner.java:229)
	at org.junit.runners.ParentRunner.run(ParentRunner.java:309)
	at org.apache.maven.surefire.junit4.JUnit4Provider.execute(JUnit4Provider.java:365)
	at org.apache.maven.surefire.junit4.JUnit4Provider.executeWithRerun(JUnit4Provider.java:273)
	at org.apache.maven.surefire.junit4.JUnit4Provider.executeTestSet(JUnit4Provider.java:238)
	at org.apache.maven.surefire.junit4.JUnit4Provider.invoke(JUnit4Provider.java:159)
	at org.apache.maven.surefire.booter.ForkedBooter.invokeProviderInSameClassLoader(ForkedBooter.java:384)
	at org.apache.maven.surefire.booter.ForkedBooter.runSuitesInProcess(ForkedBooter.java:345)
	at org.apache.maven.surefire.booter.ForkedBooter.execute(ForkedBooter.java:126)
	at org.apache.maven.surefire.booter.ForkedBooter.main(ForkedBooter.java:418)
]]></error>
    <system-out><![CDATA[2019-09-26 20:37:57,996 [main] WARN  server.ServerUtils (ServerUtils.java:getScmDbDir(145)) - ozone.scm.db.dirs is not configured. We recommend adding this setting. Falling back to ozone.metadata.dirs instead.
2019-09-26 20:37:58,030 [main] WARN  server.ServerUtils (ServerUtils.java:getScmDbDir(145)) - ozone.scm.db.dirs is not configured. We recommend adding this setting. Falling back to ozone.metadata.dirs instead.
2019-09-26 20:37:58,031 [main] WARN  server.ServerUtils (ServerUtils.java:getScmDbDir(145)) - ozone.scm.db.dirs is not configured. We recommend adding this setting. Falling back to ozone.metadata.dirs instead.
2019-09-26 20:37:58,032 [main] INFO  db.DBStoreBuilder (DBStoreBuilder.java:addTable(110)) - using custom profile for table: deletedBlocks
2019-09-26 20:37:58,032 [main] INFO  db.DBStoreBuilder (DBStoreBuilder.java:processTables(161)) - Using default column profile:DBProfile.DISK for Table:deletedBlocks
2019-09-26 20:37:58,033 [main] INFO  db.DBStoreBuilder (DBStoreBuilder.java:addTable(110)) - using custom profile for table: validCerts
2019-09-26 20:37:58,033 [main] INFO  db.DBStoreBuilder (DBStoreBuilder.java:processTables(161)) - Using default column profile:DBProfile.DISK for Table:validCerts
2019-09-26 20:37:58,033 [main] INFO  db.DBStoreBuilder (DBStoreBuilder.java:addTable(110)) - using custom profile for table: revokedCerts
2019-09-26 20:37:58,033 [main] INFO  db.DBStoreBuilder (DBStoreBuilder.java:processTables(161)) - Using default column profile:DBProfile.DISK for Table:revokedCerts
2019-09-26 20:37:58,034 [main] INFO  db.DBStoreBuilder (DBStoreBuilder.java:addTable(110)) - using custom profile for table: default
2019-09-26 20:37:58,034 [main] INFO  db.DBStoreBuilder (DBStoreBuilder.java:processTables(167)) - Using default column profile:DBProfile.DISK for Table:default
2019-09-26 20:37:58,034 [main] INFO  db.DBStoreBuilder (DBStoreBuilder.java:getDbProfile(198)) - Using default options. DBProfile.DISK
2019-09-26 20:37:58,153 [main] INFO  net.NodeSchemaLoader (NodeSchemaLoader.java:loadSchemaFromFile(125)) - Loading file from sun.misc.CompoundEnumeration@2676dc05
2019-09-26 20:37:58,154 [main] INFO  net.NodeSchemaLoader (NodeSchemaLoader.java:loadSchema(171)) - Loading network topology layer schema file
2019-09-26 20:37:58,161 [main] INFO  node.SCMNodeManager (SCMNodeManager.java:<init>(114)) - Entering startup safe mode.
2019-09-26 20:37:58,162 [main] INFO  algorithms.ContainerPlacementPolicyFactory (ContainerPlacementPolicyFactory.java:getPolicy(57)) - Create container placement policy of type org.apache.hadoop.hdds.scm.container.placement.algorithms.SCMContainerPlacementRandom
2019-09-26 20:37:58,163 [main] WARN  server.ServerUtils (ServerUtils.java:getScmDbDir(145)) - ozone.scm.db.dirs is not configured. We recommend adding this setting. Falling back to ozone.metadata.dirs instead.
2019-09-26 20:37:58,203 [main] INFO  pipeline.SCMPipelineManager (SCMPipelineManager.java:initializePipelineState(132)) - No pipeline exists in current db
2019-09-26 20:37:58,203 [main] WARN  server.ServerUtils (ServerUtils.java:getScmDbDir(145)) - ozone.scm.db.dirs is not configured. We recommend adding this setting. Falling back to ozone.metadata.dirs instead.
2019-09-26 20:37:58,245 [main] WARN  events.EventQueue (EventQueue.java:fireEvent(183)) - No event handler registered for event TypedEvent{payloadType=SafeModeStatus, name='SafeModeStatus'}
2019-09-26 20:37:58,246 [main] INFO  ipc.CallQueueManager (CallQueueManager.java:<init>(84)) - Using callQueue: class java.util.concurrent.LinkedBlockingQueue, queueCapacity: 2000, scheduler: class org.apache.hadoop.ipc.DefaultRpcScheduler, ipcBackoff: false.
2019-09-26 20:37:58,247 [Socket Reader #1 for port 41931] INFO  ipc.Server (Server.java:run(1074)) - Starting Socket Reader #1 for port 41931
2019-09-26 20:37:58,250 [main] INFO  ipc.CallQueueManager (CallQueueManager.java:<init>(84)) - Using callQueue: class java.util.concurrent.LinkedBlockingQueue, queueCapacity: 2000, scheduler: class org.apache.hadoop.ipc.DefaultRpcScheduler, ipcBackoff: false.
2019-09-26 20:37:58,251 [Socket Reader #1 for port 35558] INFO  ipc.Server (Server.java:run(1074)) - Starting Socket Reader #1 for port 35558
2019-09-26 20:37:58,252 [main] INFO  ipc.CallQueueManager (CallQueueManager.java:<init>(84)) - Using callQueue: class java.util.concurrent.LinkedBlockingQueue, queueCapacity: 2000, scheduler: class org.apache.hadoop.ipc.DefaultRpcScheduler, ipcBackoff: false.
2019-09-26 20:37:58,253 [Socket Reader #1 for port 33464] INFO  ipc.Server (Server.java:run(1074)) - Starting Socket Reader #1 for port 33464
2019-09-26 20:37:58,255 [main] INFO  hdfs.DFSUtil (DFSUtil.java:httpServerTemplateForNNAndJN(1641)) - Starting Web-server for scm at: http://0.0.0.0:0
2019-09-26 20:37:58,258 [main] INFO  server.AuthenticationFilter (AuthenticationFilter.java:constructSecretProvider(240)) - Unable to initialize FileSignerSecretProvider, falling back to use random secrets.
2019-09-26 20:37:58,259 [main] WARN  http.HttpRequestLog (HttpRequestLog.java:getRequestLog(97)) - Jetty request log can only be enabled using Log4j
2019-09-26 20:37:58,262 [main] INFO  http.HttpServer2 (HttpServer2.java:addGlobalFilter(975)) - Added global filter 'safety' (class=org.apache.hadoop.http.HttpServer2$QuotingInputFilter)
2019-09-26 20:37:58,263 [main] INFO  http.HttpServer2 (HttpServer2.java:addFilter(948)) - Added filter static_user_filter (class=org.apache.hadoop.http.lib.StaticUserWebFilter$StaticUserFilter) to context scm
2019-09-26 20:37:58,263 [main] INFO  http.HttpServer2 (HttpServer2.java:addFilter(958)) - Added filter static_user_filter (class=org.apache.hadoop.http.lib.StaticUserWebFilter$StaticUserFilter) to context static
2019-09-26 20:37:58,263 [main] INFO  http.HttpServer2 (HttpServer2.java:addFilter(958)) - Added filter static_user_filter (class=org.apache.hadoop.http.lib.StaticUserWebFilter$StaticUserFilter) to context logs
2019-09-26 20:37:58,266 [main] INFO  server.StorageContainerManager (StorageContainerManager.java:start(770)) - StorageContainerLocationProtocol RPC server is listening at /0.0.0.0:33464
2019-09-26 20:37:58,269 [main] WARN  impl.MetricsConfig (MetricsConfig.java:loadFirst(134)) - Cannot locate configuration: tried hadoop-metrics2-storagecontainermanager.properties,hadoop-metrics2.properties
2019-09-26 20:37:58,271 [main] INFO  impl.MetricsSystemImpl (MetricsSystemImpl.java:startTimer(374)) - Scheduled Metric snapshot period at 10 second(s).
2019-09-26 20:37:58,271 [main] INFO  impl.MetricsSystemImpl (MetricsSystemImpl.java:start(191)) - StorageContainerManager metrics system started
2019-09-26 20:37:58,325 [main] WARN  impl.MetricsSystemImpl (MetricsSystemImpl.java:register(276)) - Sink prometheus already exists!
2019-09-26 20:37:58,331 [main] INFO  server.SCMClientProtocolServer (SCMClientProtocolServer.java:start(151)) - RPC server for Client  is listening at /0.0.0.0:33464
2019-09-26 20:37:58,332 [IPC Server Responder] INFO  ipc.Server (Server.java:run(1314)) - IPC Server Responder: starting
2019-09-26 20:37:58,332 [IPC Server listener on 33464] INFO  ipc.Server (Server.java:run(1153)) - IPC Server listener on 33464: starting
2019-09-26 20:37:58,336 [main] INFO  server.StorageContainerManager (StorageContainerManager.java:start(780)) - ScmBlockLocationProtocol RPC server is listening at /0.0.0.0:35558
2019-09-26 20:37:58,337 [main] INFO  server.SCMBlockProtocolServer (SCMBlockProtocolServer.java:start(146)) - RPC server for Block Protocol is listening at /0.0.0.0:35558
2019-09-26 20:37:58,337 [IPC Server Responder] INFO  ipc.Server (Server.java:run(1314)) - IPC Server Responder: starting
2019-09-26 20:37:58,337 [IPC Server listener on 35558] INFO  ipc.Server (Server.java:run(1153)) - IPC Server listener on 35558: starting
2019-09-26 20:37:58,341 [main] INFO  server.StorageContainerManager (StorageContainerManager.java:start(784)) - ScmDatanodeProtocl RPC server is listening at /0.0.0.0:41931
2019-09-26 20:37:58,341 [main] INFO  server.SCMDatanodeProtocolServer (SCMDatanodeProtocolServer.java:start(191)) - RPC server for DataNodes is listening at /0.0.0.0:41931
2019-09-26 20:37:58,342 [IPC Server Responder] INFO  ipc.Server (Server.java:run(1314)) - IPC Server Responder: starting
2019-09-26 20:37:58,342 [IPC Server listener on 41931] INFO  ipc.Server (Server.java:run(1153)) - IPC Server listener on 41931: starting
2019-09-26 20:37:58,346 [main] INFO  http.HttpServer2 (HttpServer2.java:bindListener(1191)) - Jetty bound to port 37496
2019-09-26 20:37:58,346 [main] INFO  server.Server (Server.java:doStart(351)) - jetty-9.3.25.v20180904, build timestamp: 2018-09-04T21:11:46Z, git hash: 3ce520221d0240229c862b122d2b06c12a625732
2019-09-26 20:37:58,348 [main] INFO  handler.ContextHandler (ContextHandler.java:doStart(781)) - Started o.e.j.s.ServletContextHandler@4f8d86e4{/logs,file:///workdir/hadoop-ozone/integration-test/target/log,AVAILABLE}
2019-09-26 20:37:58,349 [main] INFO  handler.ContextHandler (ContextHandler.java:doStart(781)) - Started o.e.j.s.ServletContextHandler@1697f2b3{/static,file:///workdir/hadoop-ozone/integration-test/target/test-classes/webapps/static,AVAILABLE}
2019-09-26 20:37:58,353 [main] INFO  handler.ContextHandler (ContextHandler.java:doStart(781)) - Started o.e.j.w.WebAppContext@7f2d31af{/,file:///workdir/hadoop-ozone/integration-test/target/test-classes/webapps/scm/,AVAILABLE}{/scm}
2019-09-26 20:37:58,354 [main] INFO  server.AbstractConnector (AbstractConnector.java:doStart(278)) - Started ServerConnector@2e7157c7{HTTP/1.1,[http/1.1]}{0.0.0.0:37496}
2019-09-26 20:37:58,355 [main] INFO  server.Server (Server.java:doStart(419)) - Started @148608ms
2019-09-26 20:37:58,355 [main] WARN  impl.MetricsSystemImpl (MetricsSystemImpl.java:register(276)) - Sink prometheus already exists!
2019-09-26 20:37:58,356 [main] INFO  server.BaseHttpServer (BaseHttpServer.java:updateConnectorAddress(215)) - HTTP server of SCM is listening at http://0.0.0.0:37496
2019-09-26 20:37:58,357 [main] WARN  server.ServerUtils (ServerUtils.java:getDBPath(222)) - ozone.om.db.dirs is not configured. We recommend adding this setting. Falling back to ozone.metadata.dirs instead.
2019-09-26 20:37:58,358 [org.apache.hadoop.util.JvmPauseMonitor$Monitor@22d9bc14] INFO  util.JvmPauseMonitor (JvmPauseMonitor.java:run(188)) - Starting JVM pause monitor
2019-09-26 20:37:58,373 [main] INFO  ha.OMHANodeDetails (OMHANodeDetails.java:loadOMHAConfig(194)) - Configuration either no ozone.om.address set. Falling back to the default OM address /127.0.0.1:0
2019-09-26 20:37:58,373 [main] INFO  ha.OMHANodeDetails (OMHANodeDetails.java:getOMNodeDetails(224)) - OM Service ID is not set. Setting it to the default ID: omServiceIdDefault
2019-09-26 20:37:58,374 [main] WARN  server.ServerUtils (ServerUtils.java:getDBPath(222)) - ozone.om.db.dirs is not configured. We recommend adding this setting. Falling back to ozone.metadata.dirs instead.
2019-09-26 20:37:58,374 [main] WARN  server.ServerUtils (ServerUtils.java:getDBPath(222)) - ozone.om.db.dirs is not configured. We recommend adding this setting. Falling back to ozone.metadata.dirs instead.
2019-09-26 20:37:58,388 [main] WARN  server.ServerUtils (ServerUtils.java:getDBPath(222)) - ozone.om.db.dirs is not configured. We recommend adding this setting. Falling back to ozone.metadata.dirs instead.
2019-09-26 20:37:58,389 [main] INFO  db.DBStoreBuilder (DBStoreBuilder.java:addTable(110)) - using custom profile for table: userTable
2019-09-26 20:37:58,389 [main] INFO  db.DBStoreBuilder (DBStoreBuilder.java:processTables(161)) - Using default column profile:DBProfile.DISK for Table:userTable
2019-09-26 20:37:58,390 [main] INFO  db.DBStoreBuilder (DBStoreBuilder.java:addTable(110)) - using custom profile for table: volumeTable
2019-09-26 20:37:58,390 [main] INFO  db.DBStoreBuilder (DBStoreBuilder.java:processTables(161)) - Using default column profile:DBProfile.DISK for Table:volumeTable
2019-09-26 20:37:58,390 [main] INFO  db.DBStoreBuilder (DBStoreBuilder.java:addTable(110)) - using custom profile for table: bucketTable
2019-09-26 20:37:58,391 [main] INFO  db.DBStoreBuilder (DBStoreBuilder.java:processTables(161)) - Using default column profile:DBProfile.DISK for Table:bucketTable
2019-09-26 20:37:58,391 [main] INFO  db.DBStoreBuilder (DBStoreBuilder.java:addTable(110)) - using custom profile for table: keyTable
2019-09-26 20:37:58,391 [main] INFO  db.DBStoreBuilder (DBStoreBuilder.java:processTables(161)) - Using default column profile:DBProfile.DISK for Table:keyTable
2019-09-26 20:37:58,392 [main] INFO  db.DBStoreBuilder (DBStoreBuilder.java:addTable(110)) - using custom profile for table: deletedTable
2019-09-26 20:37:58,392 [main] INFO  db.DBStoreBuilder (DBStoreBuilder.java:processTables(161)) - Using default column profile:DBProfile.DISK for Table:deletedTable
2019-09-26 20:37:58,392 [main] INFO  db.DBStoreBuilder (DBStoreBuilder.java:addTable(110)) - using custom profile for table: openKeyTable
2019-09-26 20:37:58,393 [main] INFO  db.DBStoreBuilder (DBStoreBuilder.java:processTables(161)) - Using default column profile:DBProfile.DISK for Table:openKeyTable
2019-09-26 20:37:58,393 [main] INFO  db.DBStoreBuilder (DBStoreBuilder.java:addTable(110)) - using custom profile for table: s3Table
2019-09-26 20:37:58,393 [main] INFO  db.DBStoreBuilder (DBStoreBuilder.java:processTables(161)) - Using default column profile:DBProfile.DISK for Table:s3Table
2019-09-26 20:37:58,393 [main] INFO  db.DBStoreBuilder (DBStoreBuilder.java:addTable(110)) - using custom profile for table: multipartInfoTable
2019-09-26 20:37:58,394 [main] INFO  db.DBStoreBuilder (DBStoreBuilder.java:processTables(161)) - Using default column profile:DBProfile.DISK for Table:multipartInfoTable
2019-09-26 20:37:58,394 [main] INFO  db.DBStoreBuilder (DBStoreBuilder.java:addTable(110)) - using custom profile for table: dTokenTable
2019-09-26 20:37:58,394 [main] INFO  db.DBStoreBuilder (DBStoreBuilder.java:processTables(161)) - Using default column profile:DBProfile.DISK for Table:dTokenTable
2019-09-26 20:37:58,394 [main] INFO  db.DBStoreBuilder (DBStoreBuilder.java:addTable(110)) - using custom profile for table: s3SecretTable
2019-09-26 20:37:58,395 [main] INFO  db.DBStoreBuilder (DBStoreBuilder.java:processTables(161)) - Using default column profile:DBProfile.DISK for Table:s3SecretTable
2019-09-26 20:37:58,395 [main] INFO  db.DBStoreBuilder (DBStoreBuilder.java:addTable(110)) - using custom profile for table: prefixTable
2019-09-26 20:37:58,395 [main] INFO  db.DBStoreBuilder (DBStoreBuilder.java:processTables(161)) - Using default column profile:DBProfile.DISK for Table:prefixTable
2019-09-26 20:37:58,395 [main] INFO  db.DBStoreBuilder (DBStoreBuilder.java:addTable(110)) - using custom profile for table: default
2019-09-26 20:37:58,395 [main] INFO  db.DBStoreBuilder (DBStoreBuilder.java:processTables(167)) - Using default column profile:DBProfile.DISK for Table:default
2019-09-26 20:37:58,396 [main] INFO  db.DBStoreBuilder (DBStoreBuilder.java:getDbProfile(198)) - Using default options. DBProfile.DISK
2019-09-26 20:37:58,834 [main] INFO  ipc.CallQueueManager (CallQueueManager.java:<init>(84)) - Using callQueue: class java.util.concurrent.LinkedBlockingQueue, queueCapacity: 2000, scheduler: class org.apache.hadoop.ipc.DefaultRpcScheduler, ipcBackoff: false.
2019-09-26 20:37:58,835 [Socket Reader #1 for port 33434] INFO  ipc.Server (Server.java:run(1074)) - Starting Socket Reader #1 for port 33434
2019-09-26 20:37:58,852 [main] INFO  om.OzoneManager (OzoneManager.java:start(1069)) - OzoneManager RPC server is listening at localhost/127.0.0.1:33434
2019-09-26 20:37:58,852 [main] INFO  impl.MetricsSystemImpl (MetricsSystemImpl.java:init(158)) - OzoneManager metrics system started (again)
2019-09-26 20:37:58,853 [IPC Server Responder] INFO  ipc.Server (Server.java:run(1314)) - IPC Server Responder: starting
2019-09-26 20:37:58,853 [IPC Server listener on 33434] INFO  ipc.Server (Server.java:run(1153)) - IPC Server listener on 33434: starting
2019-09-26 20:37:58,859 [main] INFO  hdfs.DFSUtil (DFSUtil.java:httpServerTemplateForNNAndJN(1641)) - Starting Web-server for ozoneManager at: http://0.0.0.0:0
2019-09-26 20:37:58,861 [main] INFO  server.AuthenticationFilter (AuthenticationFilter.java:constructSecretProvider(240)) - Unable to initialize FileSignerSecretProvider, falling back to use random secrets.
2019-09-26 20:37:58,862 [main] WARN  http.HttpRequestLog (HttpRequestLog.java:getRequestLog(97)) - Jetty request log can only be enabled using Log4j
2019-09-26 20:37:58,864 [main] INFO  http.HttpServer2 (HttpServer2.java:addGlobalFilter(975)) - Added global filter 'safety' (class=org.apache.hadoop.http.HttpServer2$QuotingInputFilter)
2019-09-26 20:37:58,865 [main] INFO  http.HttpServer2 (HttpServer2.java:addFilter(948)) - Added filter static_user_filter (class=org.apache.hadoop.http.lib.StaticUserWebFilter$StaticUserFilter) to context ozoneManager
2019-09-26 20:37:58,865 [main] INFO  http.HttpServer2 (HttpServer2.java:addFilter(958)) - Added filter static_user_filter (class=org.apache.hadoop.http.lib.StaticUserWebFilter$StaticUserFilter) to context logs
2019-09-26 20:37:58,866 [main] INFO  http.HttpServer2 (HttpServer2.java:addFilter(958)) - Added filter static_user_filter (class=org.apache.hadoop.http.lib.StaticUserWebFilter$StaticUserFilter) to context static
2019-09-26 20:37:58,867 [main] INFO  http.HttpServer2 (HttpServer2.java:bindListener(1191)) - Jetty bound to port 35068
2019-09-26 20:37:58,867 [main] INFO  server.Server (Server.java:doStart(351)) - jetty-9.3.25.v20180904, build timestamp: 2018-09-04T21:11:46Z, git hash: 3ce520221d0240229c862b122d2b06c12a625732
2019-09-26 20:37:58,869 [main] INFO  handler.ContextHandler (ContextHandler.java:doStart(781)) - Started o.e.j.s.ServletContextHandler@28369db0{/logs,file:///workdir/hadoop-ozone/integration-test/target/log,AVAILABLE}
2019-09-26 20:37:58,870 [main] INFO  handler.ContextHandler (ContextHandler.java:doStart(781)) - Started o.e.j.s.ServletContextHandler@2e86807a{/static,file:///workdir/hadoop-ozone/integration-test/target/test-classes/webapps/static,AVAILABLE}
2019-09-26 20:37:58,876 [main] INFO  handler.ContextHandler (ContextHandler.java:doStart(781)) - Started o.e.j.w.WebAppContext@303c55fa{/,file:///workdir/hadoop-ozone/integration-test/target/test-classes/webapps/ozoneManager/,AVAILABLE}{/ozoneManager}
2019-09-26 20:37:58,877 [main] INFO  server.AbstractConnector (AbstractConnector.java:doStart(278)) - Started ServerConnector@9efcd90{HTTP/1.1,[http/1.1]}{0.0.0.0:35068}
2019-09-26 20:37:58,878 [main] INFO  server.Server (Server.java:doStart(419)) - Started @149131ms
2019-09-26 20:37:58,878 [main] WARN  impl.MetricsSystemImpl (MetricsSystemImpl.java:register(276)) - Sink prometheus already exists!
2019-09-26 20:37:58,879 [main] INFO  server.BaseHttpServer (BaseHttpServer.java:updateConnectorAddress(215)) - HTTP server of OZONEMANAGER is listening at http://0.0.0.0:35068
2019-09-26 20:37:58,911 [main] INFO  impl.MetricsSystemImpl (MetricsSystemImpl.java:init(158)) - HddsDatanode metrics system started (again)
2019-09-26 20:37:58,914 [main] INFO  ozone.HddsDatanodeService (HddsDatanodeService.java:start(184)) - HddsDatanodeService host:pr-hdds-2162-kpcbn-4093309294 ip:192.168.151.109
2019-09-26 20:37:58,920 [main] INFO  volume.HddsVolume (HddsVolume.java:<init>(176)) - Creating Volume: /workdir/hadoop-ozone/integration-test/target/test-dir/MiniOzoneClusterImpl-6cd5981c-8f90-4fde-9f17-131d20e6bdb9/datanode-0/data/containers/hdds of  storage type : DISK and capacity : 1482555576320
2019-09-26 20:37:58,921 [main] INFO  volume.VolumeSet (VolumeSet.java:initializeVolumeSet(170)) - Added Volume : /workdir/hadoop-ozone/integration-test/target/test-dir/MiniOzoneClusterImpl-6cd5981c-8f90-4fde-9f17-131d20e6bdb9/datanode-0/data/containers/hdds to VolumeSet
2019-09-26 20:37:58,921 [main] INFO  volume.ThrottledAsyncChecker (ThrottledAsyncChecker.java:schedule(139)) - Scheduling a check for org.apache.hadoop.ozone.container.common.volume.HddsVolume@1756f7cc
2019-09-26 20:37:58,922 [main] INFO  volume.HddsVolumeChecker (HddsVolumeChecker.java:checkAllVolumes(202)) - Scheduled health check for volume org.apache.hadoop.ozone.container.common.volume.HddsVolume@1756f7cc
2019-09-26 20:37:58,940 [main] INFO  impl.RaftServerProxy (ConfUtils.java:logGet(43)) - raft.rpc.type = GRPC (default)
2019-09-26 20:37:58,940 [main] INFO  grpc.GrpcFactory (GrpcFactory.java:checkPooledByteBufAllocatorUseCacheForAllThreads(45)) - PERFORMANCE WARNING: useCacheForAllThreads is true that may cause Netty to create a lot garbage objects and, as a result, trigger GC.
	It is recommended to disable useCacheForAllThreads by setting -Dorg.apache.ratis.thirdparty.io.netty.allocator.useCacheForAllThreads=false in command line.
2019-09-26 20:37:58,941 [main] INFO  grpc.GrpcConfigKeys$Server (ConfUtils.java:logGet(43)) - raft.grpc.server.port = 0 (default)
2019-09-26 20:37:58,941 [main] INFO  server.GrpcService (ConfUtils.java:logGet(43)) - raft.grpc.message.size.max = 33570816 (custom)
2019-09-26 20:37:58,942 [main] INFO  server.RaftServerConfigKeys (ConfUtils.java:logGet(43)) - raft.server.log.appender.buffer.byte-limit = 33554432 (custom)
2019-09-26 20:37:58,942 [main] INFO  server.GrpcService (ConfUtils.java:logGet(43)) - raft.grpc.flow.control.window = 1MB (=1048576) (default)
2019-09-26 20:37:58,942 [main] INFO  server.RaftServerConfigKeys (ConfUtils.java:logGet(43)) - raft.server.rpc.request.timeout = 3000ms (default)
2019-09-26 20:37:58,943 [main] INFO  server.RaftServerConfigKeys (ConfUtils.java:logGet(43)) - raft.server.storage.dir = [/workdir/hadoop-ozone/integration-test/target/test-dir/MiniOzoneClusterImpl-6cd5981c-8f90-4fde-9f17-131d20e6bdb9/datanode-0/data/ratis] (custom)
2019-09-26 20:37:58,946 [main] INFO  hdfs.DFSUtil (DFSUtil.java:httpServerTemplateForNNAndJN(1641)) - Starting Web-server for hddsDatanode at: http://0.0.0.0:0
2019-09-26 20:37:58,948 [main] INFO  server.AuthenticationFilter (AuthenticationFilter.java:constructSecretProvider(240)) - Unable to initialize FileSignerSecretProvider, falling back to use random secrets.
2019-09-26 20:37:58,949 [main] WARN  http.HttpRequestLog (HttpRequestLog.java:getRequestLog(97)) - Jetty request log can only be enabled using Log4j
2019-09-26 20:37:58,951 [main] INFO  http.HttpServer2 (HttpServer2.java:addGlobalFilter(975)) - Added global filter 'safety' (class=org.apache.hadoop.http.HttpServer2$QuotingInputFilter)
2019-09-26 20:37:58,952 [main] INFO  http.HttpServer2 (HttpServer2.java:addFilter(948)) - Added filter static_user_filter (class=org.apache.hadoop.http.lib.StaticUserWebFilter$StaticUserFilter) to context hddsDatanode
2019-09-26 20:37:58,952 [main] INFO  http.HttpServer2 (HttpServer2.java:addFilter(958)) - Added filter static_user_filter (class=org.apache.hadoop.http.lib.StaticUserWebFilter$StaticUserFilter) to context static
2019-09-26 20:37:58,952 [main] INFO  http.HttpServer2 (HttpServer2.java:addFilter(958)) - Added filter static_user_filter (class=org.apache.hadoop.http.lib.StaticUserWebFilter$StaticUserFilter) to context logs
2019-09-26 20:37:58,953 [main] INFO  http.HttpServer2 (HttpServer2.java:bindListener(1191)) - Jetty bound to port 41509
2019-09-26 20:37:58,953 [main] INFO  server.Server (Server.java:doStart(351)) - jetty-9.3.25.v20180904, build timestamp: 2018-09-04T21:11:46Z, git hash: 3ce520221d0240229c862b122d2b06c12a625732
2019-09-26 20:37:58,955 [main] INFO  handler.ContextHandler (ContextHandler.java:doStart(781)) - Started o.e.j.s.ServletContextHandler@74f827ad{/logs,file:///workdir/hadoop-ozone/integration-test/target/log,AVAILABLE}
2019-09-26 20:37:58,956 [main] INFO  handler.ContextHandler (ContextHandler.java:doStart(781)) - Started o.e.j.s.ServletContextHandler@4a8a0099{/static,jar:file:/home/user/.m2/repository/org/apache/hadoop/hadoop-hdds-container-service/0.5.0-SNAPSHOT/hadoop-hdds-container-service-0.5.0-SNAPSHOT.jar!/webapps/static,AVAILABLE}
2019-09-26 20:37:58,998 [main] INFO  handler.ContextHandler (ContextHandler.java:doStart(781)) - Started o.e.j.w.WebAppContext@772caabe{/,file:///tmp/jetty-0.0.0.0-41509-hddsDatanode-_-any-7611194953453493440.dir/webapp/,AVAILABLE}{/hddsDatanode}
2019-09-26 20:37:59,000 [main] INFO  server.AbstractConnector (AbstractConnector.java:doStart(278)) - Started ServerConnector@2acdcce8{HTTP/1.1,[http/1.1]}{0.0.0.0:41509}
2019-09-26 20:37:59,000 [main] INFO  server.Server (Server.java:doStart(419)) - Started @149253ms
2019-09-26 20:37:59,000 [main] WARN  impl.MetricsSystemImpl (MetricsSystemImpl.java:register(276)) - Sink prometheus already exists!
2019-09-26 20:37:59,001 [main] INFO  server.BaseHttpServer (BaseHttpServer.java:updateConnectorAddress(215)) - HTTP server of HDDSDATANODE is listening at http://0.0.0.0:41509
2019-09-26 20:37:59,002 [main] INFO  impl.MetricsSystemImpl (MetricsSystemImpl.java:init(158)) - HddsDatanode metrics system started (again)
2019-09-26 20:37:59,004 [org.apache.hadoop.util.JvmPauseMonitor$Monitor@1fef21b7] INFO  util.JvmPauseMonitor (JvmPauseMonitor.java:run(188)) - Starting JVM pause monitor
2019-09-26 20:37:59,004 [main] INFO  ozone.HddsDatanodeService (HddsDatanodeService.java:start(184)) - HddsDatanodeService host:pr-hdds-2162-kpcbn-4093309294 ip:192.168.151.109
2019-09-26 20:37:59,007 [Datanode State Machine Thread - 0] INFO  datanode.InitDatanodeState (InitDatanodeState.java:persistContainerDatanodeDetails(140)) - DatanodeDetails is persisted to /workdir/hadoop-ozone/integration-test/target/test-dir/MiniOzoneClusterImpl-6cd5981c-8f90-4fde-9f17-131d20e6bdb9/datanode-0/meta/datanode.id
2019-09-26 20:37:59,010 [main] INFO  volume.HddsVolume (HddsVolume.java:<init>(176)) - Creating Volume: /workdir/hadoop-ozone/integration-test/target/test-dir/MiniOzoneClusterImpl-6cd5981c-8f90-4fde-9f17-131d20e6bdb9/datanode-1/data/containers/hdds of  storage type : DISK and capacity : 1482555576320
2019-09-26 20:37:59,011 [main] INFO  volume.VolumeSet (VolumeSet.java:initializeVolumeSet(170)) - Added Volume : /workdir/hadoop-ozone/integration-test/target/test-dir/MiniOzoneClusterImpl-6cd5981c-8f90-4fde-9f17-131d20e6bdb9/datanode-1/data/containers/hdds to VolumeSet
2019-09-26 20:37:59,011 [main] INFO  volume.ThrottledAsyncChecker (ThrottledAsyncChecker.java:schedule(139)) - Scheduling a check for org.apache.hadoop.ozone.container.common.volume.HddsVolume@6d08b4e6
2019-09-26 20:37:59,011 [main] INFO  volume.HddsVolumeChecker (HddsVolumeChecker.java:checkAllVolumes(202)) - Scheduled health check for volume org.apache.hadoop.ozone.container.common.volume.HddsVolume@6d08b4e6
2019-09-26 20:37:59,026 [main] INFO  impl.RaftServerProxy (ConfUtils.java:logGet(43)) - raft.rpc.type = GRPC (default)
2019-09-26 20:37:59,026 [main] INFO  grpc.GrpcFactory (GrpcFactory.java:checkPooledByteBufAllocatorUseCacheForAllThreads(45)) - PERFORMANCE WARNING: useCacheForAllThreads is true that may cause Netty to create a lot garbage objects and, as a result, trigger GC.
	It is recommended to disable useCacheForAllThreads by setting -Dorg.apache.ratis.thirdparty.io.netty.allocator.useCacheForAllThreads=false in command line.
2019-09-26 20:37:59,027 [main] INFO  grpc.GrpcConfigKeys$Server (ConfUtils.java:logGet(43)) - raft.grpc.server.port = 0 (default)
2019-09-26 20:37:59,027 [main] INFO  server.GrpcService (ConfUtils.java:logGet(43)) - raft.grpc.message.size.max = 33570816 (custom)
2019-09-26 20:37:59,027 [main] INFO  server.RaftServerConfigKeys (ConfUtils.java:logGet(43)) - raft.server.log.appender.buffer.byte-limit = 33554432 (custom)
2019-09-26 20:37:59,027 [main] INFO  server.GrpcService (ConfUtils.java:logGet(43)) - raft.grpc.flow.control.window = 1MB (=1048576) (default)
2019-09-26 20:37:59,028 [main] INFO  server.RaftServerConfigKeys (ConfUtils.java:logGet(43)) - raft.server.rpc.request.timeout = 3000ms (default)
2019-09-26 20:37:59,028 [main] INFO  server.RaftServerConfigKeys (ConfUtils.java:logGet(43)) - raft.server.storage.dir = [/workdir/hadoop-ozone/integration-test/target/test-dir/MiniOzoneClusterImpl-6cd5981c-8f90-4fde-9f17-131d20e6bdb9/datanode-1/data/ratis] (custom)
2019-09-26 20:37:59,030 [main] INFO  hdfs.DFSUtil (DFSUtil.java:httpServerTemplateForNNAndJN(1641)) - Starting Web-server for hddsDatanode at: http://0.0.0.0:0
2019-09-26 20:37:59,031 [main] INFO  server.AuthenticationFilter (AuthenticationFilter.java:constructSecretProvider(240)) - Unable to initialize FileSignerSecretProvider, falling back to use random secrets.
2019-09-26 20:37:59,032 [main] WARN  http.HttpRequestLog (HttpRequestLog.java:getRequestLog(97)) - Jetty request log can only be enabled using Log4j
2019-09-26 20:37:59,034 [main] INFO  http.HttpServer2 (HttpServer2.java:addGlobalFilter(975)) - Added global filter 'safety' (class=org.apache.hadoop.http.HttpServer2$QuotingInputFilter)
2019-09-26 20:37:59,034 [main] INFO  http.HttpServer2 (HttpServer2.java:addFilter(948)) - Added filter static_user_filter (class=org.apache.hadoop.http.lib.StaticUserWebFilter$StaticUserFilter) to context hddsDatanode
2019-09-26 20:37:59,034 [main] INFO  http.HttpServer2 (HttpServer2.java:addFilter(958)) - Added filter static_user_filter (class=org.apache.hadoop.http.lib.StaticUserWebFilter$StaticUserFilter) to context logs
2019-09-26 20:37:59,035 [main] INFO  http.HttpServer2 (HttpServer2.java:addFilter(958)) - Added filter static_user_filter (class=org.apache.hadoop.http.lib.StaticUserWebFilter$StaticUserFilter) to context static
2019-09-26 20:37:59,036 [main] INFO  http.HttpServer2 (HttpServer2.java:bindListener(1191)) - Jetty bound to port 45004
2019-09-26 20:37:59,036 [main] INFO  server.Server (Server.java:doStart(351)) - jetty-9.3.25.v20180904, build timestamp: 2018-09-04T21:11:46Z, git hash: 3ce520221d0240229c862b122d2b06c12a625732
2019-09-26 20:37:59,038 [main] INFO  handler.ContextHandler (ContextHandler.java:doStart(781)) - Started o.e.j.s.ServletContextHandler@3625a016{/logs,file:///workdir/hadoop-ozone/integration-test/target/log,AVAILABLE}
2019-09-26 20:37:59,039 [main] INFO  handler.ContextHandler (ContextHandler.java:doStart(781)) - Started o.e.j.s.ServletContextHandler@609e57da{/static,jar:file:/home/user/.m2/repository/org/apache/hadoop/hadoop-hdds-container-service/0.5.0-SNAPSHOT/hadoop-hdds-container-service-0.5.0-SNAPSHOT.jar!/webapps/static,AVAILABLE}
2019-09-26 20:37:59,070 [main] INFO  handler.ContextHandler (ContextHandler.java:doStart(781)) - Started o.e.j.w.WebAppContext@2f14b0f6{/,file:///tmp/jetty-0.0.0.0-45004-hddsDatanode-_-any-4407364385950711886.dir/webapp/,AVAILABLE}{/hddsDatanode}
2019-09-26 20:37:59,071 [main] INFO  server.AbstractConnector (AbstractConnector.java:doStart(278)) - Started ServerConnector@5b20706{HTTP/1.1,[http/1.1]}{0.0.0.0:45004}
2019-09-26 20:37:59,072 [main] INFO  server.Server (Server.java:doStart(419)) - Started @149325ms
2019-09-26 20:37:59,072 [main] WARN  impl.MetricsSystemImpl (MetricsSystemImpl.java:register(276)) - Sink prometheus already exists!
2019-09-26 20:37:59,073 [main] INFO  server.BaseHttpServer (BaseHttpServer.java:updateConnectorAddress(215)) - HTTP server of HDDSDATANODE is listening at http://0.0.0.0:45004
2019-09-26 20:37:59,073 [main] INFO  impl.MetricsSystemImpl (MetricsSystemImpl.java:init(158)) - HddsDatanode metrics system started (again)
2019-09-26 20:37:59,076 [main] INFO  ozone.HddsDatanodeService (HddsDatanodeService.java:start(184)) - HddsDatanodeService host:pr-hdds-2162-kpcbn-4093309294 ip:192.168.151.109
2019-09-26 20:37:59,076 [org.apache.hadoop.util.JvmPauseMonitor$Monitor@25add9d] INFO  util.JvmPauseMonitor (JvmPauseMonitor.java:run(188)) - Starting JVM pause monitor
2019-09-26 20:37:59,079 [Datanode State Machine Thread - 0] INFO  datanode.InitDatanodeState (InitDatanodeState.java:persistContainerDatanodeDetails(140)) - DatanodeDetails is persisted to /workdir/hadoop-ozone/integration-test/target/test-dir/MiniOzoneClusterImpl-6cd5981c-8f90-4fde-9f17-131d20e6bdb9/datanode-1/meta/datanode.id
2019-09-26 20:37:59,083 [main] INFO  volume.HddsVolume (HddsVolume.java:<init>(176)) - Creating Volume: /workdir/hadoop-ozone/integration-test/target/test-dir/MiniOzoneClusterImpl-6cd5981c-8f90-4fde-9f17-131d20e6bdb9/datanode-2/data/containers/hdds of  storage type : DISK and capacity : 1482555576320
2019-09-26 20:37:59,083 [main] INFO  volume.VolumeSet (VolumeSet.java:initializeVolumeSet(170)) - Added Volume : /workdir/hadoop-ozone/integration-test/target/test-dir/MiniOzoneClusterImpl-6cd5981c-8f90-4fde-9f17-131d20e6bdb9/datanode-2/data/containers/hdds to VolumeSet
2019-09-26 20:37:59,083 [main] INFO  volume.ThrottledAsyncChecker (ThrottledAsyncChecker.java:schedule(139)) - Scheduling a check for org.apache.hadoop.ozone.container.common.volume.HddsVolume@6690b9fa
2019-09-26 20:37:59,084 [main] INFO  volume.HddsVolumeChecker (HddsVolumeChecker.java:checkAllVolumes(202)) - Scheduled health check for volume org.apache.hadoop.ozone.container.common.volume.HddsVolume@6690b9fa
2019-09-26 20:37:59,097 [main] INFO  impl.RaftServerProxy (ConfUtils.java:logGet(43)) - raft.rpc.type = GRPC (default)
2019-09-26 20:37:59,098 [main] INFO  grpc.GrpcFactory (GrpcFactory.java:checkPooledByteBufAllocatorUseCacheForAllThreads(45)) - PERFORMANCE WARNING: useCacheForAllThreads is true that may cause Netty to create a lot garbage objects and, as a result, trigger GC.
	It is recommended to disable useCacheForAllThreads by setting -Dorg.apache.ratis.thirdparty.io.netty.allocator.useCacheForAllThreads=false in command line.
2019-09-26 20:37:59,098 [main] INFO  grpc.GrpcConfigKeys$Server (ConfUtils.java:logGet(43)) - raft.grpc.server.port = 0 (default)
2019-09-26 20:37:59,098 [main] INFO  server.GrpcService (ConfUtils.java:logGet(43)) - raft.grpc.message.size.max = 33570816 (custom)
2019-09-26 20:37:59,098 [main] INFO  server.RaftServerConfigKeys (ConfUtils.java:logGet(43)) - raft.server.log.appender.buffer.byte-limit = 33554432 (custom)
2019-09-26 20:37:59,099 [main] INFO  server.GrpcService (ConfUtils.java:logGet(43)) - raft.grpc.flow.control.window = 1MB (=1048576) (default)
2019-09-26 20:37:59,099 [main] INFO  server.RaftServerConfigKeys (ConfUtils.java:logGet(43)) - raft.server.rpc.request.timeout = 3000ms (default)
2019-09-26 20:37:59,099 [main] INFO  server.RaftServerConfigKeys (ConfUtils.java:logGet(43)) - raft.server.storage.dir = [/workdir/hadoop-ozone/integration-test/target/test-dir/MiniOzoneClusterImpl-6cd5981c-8f90-4fde-9f17-131d20e6bdb9/datanode-2/data/ratis] (custom)
2019-09-26 20:37:59,101 [main] INFO  hdfs.DFSUtil (DFSUtil.java:httpServerTemplateForNNAndJN(1641)) - Starting Web-server for hddsDatanode at: http://0.0.0.0:0
2019-09-26 20:37:59,102 [main] INFO  server.AuthenticationFilter (AuthenticationFilter.java:constructSecretProvider(240)) - Unable to initialize FileSignerSecretProvider, falling back to use random secrets.
2019-09-26 20:37:59,102 [main] WARN  http.HttpRequestLog (HttpRequestLog.java:getRequestLog(97)) - Jetty request log can only be enabled using Log4j
2019-09-26 20:37:59,103 [main] INFO  http.HttpServer2 (HttpServer2.java:addGlobalFilter(975)) - Added global filter 'safety' (class=org.apache.hadoop.http.HttpServer2$QuotingInputFilter)
2019-09-26 20:37:59,104 [main] INFO  http.HttpServer2 (HttpServer2.java:addFilter(948)) - Added filter static_user_filter (class=org.apache.hadoop.http.lib.StaticUserWebFilter$StaticUserFilter) to context hddsDatanode
2019-09-26 20:37:59,104 [main] INFO  http.HttpServer2 (HttpServer2.java:addFilter(958)) - Added filter static_user_filter (class=org.apache.hadoop.http.lib.StaticUserWebFilter$StaticUserFilter) to context logs
2019-09-26 20:37:59,104 [main] INFO  http.HttpServer2 (HttpServer2.java:addFilter(958)) - Added filter static_user_filter (class=org.apache.hadoop.http.lib.StaticUserWebFilter$StaticUserFilter) to context static
2019-09-26 20:37:59,105 [main] INFO  http.HttpServer2 (HttpServer2.java:bindListener(1191)) - Jetty bound to port 34963
2019-09-26 20:37:59,105 [main] INFO  server.Server (Server.java:doStart(351)) - jetty-9.3.25.v20180904, build timestamp: 2018-09-04T21:11:46Z, git hash: 3ce520221d0240229c862b122d2b06c12a625732
2019-09-26 20:37:59,107 [main] INFO  handler.ContextHandler (ContextHandler.java:doStart(781)) - Started o.e.j.s.ServletContextHandler@10c47c79{/logs,file:///workdir/hadoop-ozone/integration-test/target/log,AVAILABLE}
2019-09-26 20:37:59,107 [main] INFO  handler.ContextHandler (ContextHandler.java:doStart(781)) - Started o.e.j.s.ServletContextHandler@753fd7a1{/static,jar:file:/home/user/.m2/repository/org/apache/hadoop/hadoop-hdds-container-service/0.5.0-SNAPSHOT/hadoop-hdds-container-service-0.5.0-SNAPSHOT.jar!/webapps/static,AVAILABLE}
2019-09-26 20:37:59,135 [main] INFO  handler.ContextHandler (ContextHandler.java:doStart(781)) - Started o.e.j.w.WebAppContext@3234474{/,file:///tmp/jetty-0.0.0.0-34963-hddsDatanode-_-any-6475659520922331585.dir/webapp/,AVAILABLE}{/hddsDatanode}
2019-09-26 20:37:59,136 [main] INFO  server.AbstractConnector (AbstractConnector.java:doStart(278)) - Started ServerConnector@631cb129{HTTP/1.1,[http/1.1]}{0.0.0.0:34963}
2019-09-26 20:37:59,137 [main] INFO  server.Server (Server.java:doStart(419)) - Started @149391ms
2019-09-26 20:37:59,138 [main] WARN  impl.MetricsSystemImpl (MetricsSystemImpl.java:register(276)) - Sink prometheus already exists!
2019-09-26 20:37:59,138 [main] INFO  server.BaseHttpServer (BaseHttpServer.java:updateConnectorAddress(215)) - HTTP server of HDDSDATANODE is listening at http://0.0.0.0:34963
2019-09-26 20:37:59,139 [main] INFO  impl.MetricsSystemImpl (MetricsSystemImpl.java:init(158)) - HddsDatanode metrics system started (again)
2019-09-26 20:37:59,141 [org.apache.hadoop.util.JvmPauseMonitor$Monitor@67350f8e] INFO  util.JvmPauseMonitor (JvmPauseMonitor.java:run(188)) - Starting JVM pause monitor
2019-09-26 20:37:59,141 [main] INFO  ozone.HddsDatanodeService (HddsDatanodeService.java:start(184)) - HddsDatanodeService host:pr-hdds-2162-kpcbn-4093309294 ip:192.168.151.109
2019-09-26 20:37:59,143 [Datanode State Machine Thread - 0] INFO  datanode.InitDatanodeState (InitDatanodeState.java:persistContainerDatanodeDetails(140)) - DatanodeDetails is persisted to /workdir/hadoop-ozone/integration-test/target/test-dir/MiniOzoneClusterImpl-6cd5981c-8f90-4fde-9f17-131d20e6bdb9/datanode-2/meta/datanode.id
2019-09-26 20:37:59,147 [main] INFO  volume.HddsVolume (HddsVolume.java:<init>(176)) - Creating Volume: /workdir/hadoop-ozone/integration-test/target/test-dir/MiniOzoneClusterImpl-6cd5981c-8f90-4fde-9f17-131d20e6bdb9/datanode-3/data/containers/hdds of  storage type : DISK and capacity : 1482555576320
2019-09-26 20:37:59,147 [main] INFO  volume.VolumeSet (VolumeSet.java:initializeVolumeSet(170)) - Added Volume : /workdir/hadoop-ozone/integration-test/target/test-dir/MiniOzoneClusterImpl-6cd5981c-8f90-4fde-9f17-131d20e6bdb9/datanode-3/data/containers/hdds to VolumeSet
2019-09-26 20:37:59,147 [main] INFO  volume.ThrottledAsyncChecker (ThrottledAsyncChecker.java:schedule(139)) - Scheduling a check for org.apache.hadoop.ozone.container.common.volume.HddsVolume@22c53d82
2019-09-26 20:37:59,148 [main] INFO  volume.HddsVolumeChecker (HddsVolumeChecker.java:checkAllVolumes(202)) - Scheduled health check for volume org.apache.hadoop.ozone.container.common.volume.HddsVolume@22c53d82
2019-09-26 20:37:59,159 [main] INFO  impl.RaftServerProxy (ConfUtils.java:logGet(43)) - raft.rpc.type = GRPC (default)
2019-09-26 20:37:59,159 [main] INFO  grpc.GrpcFactory (GrpcFactory.java:checkPooledByteBufAllocatorUseCacheForAllThreads(45)) - PERFORMANCE WARNING: useCacheForAllThreads is true that may cause Netty to create a lot garbage objects and, as a result, trigger GC.
	It is recommended to disable useCacheForAllThreads by setting -Dorg.apache.ratis.thirdparty.io.netty.allocator.useCacheForAllThreads=false in command line.
2019-09-26 20:37:59,160 [main] INFO  grpc.GrpcConfigKeys$Server (ConfUtils.java:logGet(43)) - raft.grpc.server.port = 0 (default)
2019-09-26 20:37:59,160 [main] INFO  server.GrpcService (ConfUtils.java:logGet(43)) - raft.grpc.message.size.max = 33570816 (custom)
2019-09-26 20:37:59,160 [main] INFO  server.RaftServerConfigKeys (ConfUtils.java:logGet(43)) - raft.server.log.appender.buffer.byte-limit = 33554432 (custom)
2019-09-26 20:37:59,160 [main] INFO  server.GrpcService (ConfUtils.java:logGet(43)) - raft.grpc.flow.control.window = 1MB (=1048576) (default)
2019-09-26 20:37:59,160 [main] INFO  server.RaftServerConfigKeys (ConfUtils.java:logGet(43)) - raft.server.rpc.request.timeout = 3000ms (default)
2019-09-26 20:37:59,161 [main] INFO  server.RaftServerConfigKeys (ConfUtils.java:logGet(43)) - raft.server.storage.dir = [/workdir/hadoop-ozone/integration-test/target/test-dir/MiniOzoneClusterImpl-6cd5981c-8f90-4fde-9f17-131d20e6bdb9/datanode-3/data/ratis] (custom)
2019-09-26 20:37:59,162 [main] INFO  hdfs.DFSUtil (DFSUtil.java:httpServerTemplateForNNAndJN(1641)) - Starting Web-server for hddsDatanode at: http://0.0.0.0:0
2019-09-26 20:37:59,163 [main] INFO  server.AuthenticationFilter (AuthenticationFilter.java:constructSecretProvider(240)) - Unable to initialize FileSignerSecretProvider, falling back to use random secrets.
2019-09-26 20:37:59,163 [main] WARN  http.HttpRequestLog (HttpRequestLog.java:getRequestLog(97)) - Jetty request log can only be enabled using Log4j
2019-09-26 20:37:59,165 [main] INFO  http.HttpServer2 (HttpServer2.java:addGlobalFilter(975)) - Added global filter 'safety' (class=org.apache.hadoop.http.HttpServer2$QuotingInputFilter)
2019-09-26 20:37:59,165 [main] INFO  http.HttpServer2 (HttpServer2.java:addFilter(948)) - Added filter static_user_filter (class=org.apache.hadoop.http.lib.StaticUserWebFilter$StaticUserFilter) to context hddsDatanode
2019-09-26 20:37:59,165 [main] INFO  http.HttpServer2 (HttpServer2.java:addFilter(958)) - Added filter static_user_filter (class=org.apache.hadoop.http.lib.StaticUserWebFilter$StaticUserFilter) to context static
2019-09-26 20:37:59,165 [main] INFO  http.HttpServer2 (HttpServer2.java:addFilter(958)) - Added filter static_user_filter (class=org.apache.hadoop.http.lib.StaticUserWebFilter$StaticUserFilter) to context logs
2019-09-26 20:37:59,166 [main] INFO  http.HttpServer2 (HttpServer2.java:bindListener(1191)) - Jetty bound to port 33751
2019-09-26 20:37:59,166 [main] INFO  server.Server (Server.java:doStart(351)) - jetty-9.3.25.v20180904, build timestamp: 2018-09-04T21:11:46Z, git hash: 3ce520221d0240229c862b122d2b06c12a625732
2019-09-26 20:37:59,168 [main] INFO  handler.ContextHandler (ContextHandler.java:doStart(781)) - Started o.e.j.s.ServletContextHandler@1c3259fa{/logs,file:///workdir/hadoop-ozone/integration-test/target/log,AVAILABLE}
2019-09-26 20:37:59,168 [main] INFO  handler.ContextHandler (ContextHandler.java:doStart(781)) - Started o.e.j.s.ServletContextHandler@6807a356{/static,jar:file:/home/user/.m2/repository/org/apache/hadoop/hadoop-hdds-container-service/0.5.0-SNAPSHOT/hadoop-hdds-container-service-0.5.0-SNAPSHOT.jar!/webapps/static,AVAILABLE}
2019-09-26 20:37:59,195 [main] INFO  handler.ContextHandler (ContextHandler.java:doStart(781)) - Started o.e.j.w.WebAppContext@68f6e55d{/,file:///tmp/jetty-0.0.0.0-33751-hddsDatanode-_-any-1109708599132596248.dir/webapp/,AVAILABLE}{/hddsDatanode}
2019-09-26 20:37:59,196 [main] INFO  server.AbstractConnector (AbstractConnector.java:doStart(278)) - Started ServerConnector@6fff46bf{HTTP/1.1,[http/1.1]}{0.0.0.0:33751}
2019-09-26 20:37:59,197 [main] INFO  server.Server (Server.java:doStart(419)) - Started @149450ms
2019-09-26 20:37:59,197 [main] WARN  impl.MetricsSystemImpl (MetricsSystemImpl.java:register(276)) - Sink prometheus already exists!
2019-09-26 20:37:59,198 [main] INFO  server.BaseHttpServer (BaseHttpServer.java:updateConnectorAddress(215)) - HTTP server of HDDSDATANODE is listening at http://0.0.0.0:33751
2019-09-26 20:37:59,198 [main] INFO  impl.MetricsSystemImpl (MetricsSystemImpl.java:init(158)) - HddsDatanode metrics system started (again)
2019-09-26 20:37:59,201 [main] INFO  ozone.HddsDatanodeService (HddsDatanodeService.java:start(184)) - HddsDatanodeService host:pr-hdds-2162-kpcbn-4093309294 ip:192.168.151.109
2019-09-26 20:37:59,201 [org.apache.hadoop.util.JvmPauseMonitor$Monitor@28390312] INFO  util.JvmPauseMonitor (JvmPauseMonitor.java:run(188)) - Starting JVM pause monitor
2019-09-26 20:37:59,203 [Datanode State Machine Thread - 0] INFO  datanode.InitDatanodeState (InitDatanodeState.java:persistContainerDatanodeDetails(140)) - DatanodeDetails is persisted to /workdir/hadoop-ozone/integration-test/target/test-dir/MiniOzoneClusterImpl-6cd5981c-8f90-4fde-9f17-131d20e6bdb9/datanode-3/meta/datanode.id
2019-09-26 20:37:59,207 [main] INFO  volume.HddsVolume (HddsVolume.java:<init>(176)) - Creating Volume: /workdir/hadoop-ozone/integration-test/target/test-dir/MiniOzoneClusterImpl-6cd5981c-8f90-4fde-9f17-131d20e6bdb9/datanode-4/data/containers/hdds of  storage type : DISK and capacity : 1482555576320
2019-09-26 20:37:59,207 [main] INFO  volume.VolumeSet (VolumeSet.java:initializeVolumeSet(170)) - Added Volume : /workdir/hadoop-ozone/integration-test/target/test-dir/MiniOzoneClusterImpl-6cd5981c-8f90-4fde-9f17-131d20e6bdb9/datanode-4/data/containers/hdds to VolumeSet
2019-09-26 20:37:59,207 [main] INFO  volume.ThrottledAsyncChecker (ThrottledAsyncChecker.java:schedule(139)) - Scheduling a check for org.apache.hadoop.ozone.container.common.volume.HddsVolume@4d84049a
2019-09-26 20:37:59,208 [main] INFO  volume.HddsVolumeChecker (HddsVolumeChecker.java:checkAllVolumes(202)) - Scheduled health check for volume org.apache.hadoop.ozone.container.common.volume.HddsVolume@4d84049a
2019-09-26 20:37:59,220 [main] INFO  impl.RaftServerProxy (ConfUtils.java:logGet(43)) - raft.rpc.type = GRPC (default)
2019-09-26 20:37:59,221 [main] INFO  grpc.GrpcFactory (GrpcFactory.java:checkPooledByteBufAllocatorUseCacheForAllThreads(45)) - PERFORMANCE WARNING: useCacheForAllThreads is true that may cause Netty to create a lot garbage objects and, as a result, trigger GC.
	It is recommended to disable useCacheForAllThreads by setting -Dorg.apache.ratis.thirdparty.io.netty.allocator.useCacheForAllThreads=false in command line.
2019-09-26 20:37:59,221 [main] INFO  grpc.GrpcConfigKeys$Server (ConfUtils.java:logGet(43)) - raft.grpc.server.port = 0 (default)
2019-09-26 20:37:59,221 [main] INFO  server.GrpcService (ConfUtils.java:logGet(43)) - raft.grpc.message.size.max = 33570816 (custom)
2019-09-26 20:37:59,222 [main] INFO  server.RaftServerConfigKeys (ConfUtils.java:logGet(43)) - raft.server.log.appender.buffer.byte-limit = 33554432 (custom)
2019-09-26 20:37:59,222 [main] INFO  server.GrpcService (ConfUtils.java:logGet(43)) - raft.grpc.flow.control.window = 1MB (=1048576) (default)
2019-09-26 20:37:59,222 [main] INFO  server.RaftServerConfigKeys (ConfUtils.java:logGet(43)) - raft.server.rpc.request.timeout = 3000ms (default)
2019-09-26 20:37:59,223 [main] INFO  server.RaftServerConfigKeys (ConfUtils.java:logGet(43)) - raft.server.storage.dir = [/workdir/hadoop-ozone/integration-test/target/test-dir/MiniOzoneClusterImpl-6cd5981c-8f90-4fde-9f17-131d20e6bdb9/datanode-4/data/ratis] (custom)
2019-09-26 20:37:59,225 [main] INFO  hdfs.DFSUtil (DFSUtil.java:httpServerTemplateForNNAndJN(1641)) - Starting Web-server for hddsDatanode at: http://0.0.0.0:0
2019-09-26 20:37:59,227 [main] INFO  server.AuthenticationFilter (AuthenticationFilter.java:constructSecretProvider(240)) - Unable to initialize FileSignerSecretProvider, falling back to use random secrets.
2019-09-26 20:37:59,227 [main] WARN  http.HttpRequestLog (HttpRequestLog.java:getRequestLog(97)) - Jetty request log can only be enabled using Log4j
2019-09-26 20:37:59,229 [main] INFO  http.HttpServer2 (HttpServer2.java:addGlobalFilter(975)) - Added global filter 'safety' (class=org.apache.hadoop.http.HttpServer2$QuotingInputFilter)
2019-09-26 20:37:59,230 [main] INFO  http.HttpServer2 (HttpServer2.java:addFilter(948)) - Added filter static_user_filter (class=org.apache.hadoop.http.lib.StaticUserWebFilter$StaticUserFilter) to context hddsDatanode
2019-09-26 20:37:59,230 [main] INFO  http.HttpServer2 (HttpServer2.java:addFilter(958)) - Added filter static_user_filter (class=org.apache.hadoop.http.lib.StaticUserWebFilter$StaticUserFilter) to context logs
2019-09-26 20:37:59,230 [main] INFO  http.HttpServer2 (HttpServer2.java:addFilter(958)) - Added filter static_user_filter (class=org.apache.hadoop.http.lib.StaticUserWebFilter$StaticUserFilter) to context static
2019-09-26 20:37:59,231 [main] INFO  http.HttpServer2 (HttpServer2.java:bindListener(1191)) - Jetty bound to port 33268
2019-09-26 20:37:59,231 [main] INFO  server.Server (Server.java:doStart(351)) - jetty-9.3.25.v20180904, build timestamp: 2018-09-04T21:11:46Z, git hash: 3ce520221d0240229c862b122d2b06c12a625732
2019-09-26 20:37:59,233 [main] INFO  handler.ContextHandler (ContextHandler.java:doStart(781)) - Started o.e.j.s.ServletContextHandler@7b61bf11{/logs,file:///workdir/hadoop-ozone/integration-test/target/log,AVAILABLE}
2019-09-26 20:37:59,234 [main] INFO  handler.ContextHandler (ContextHandler.java:doStart(781)) - Started o.e.j.s.ServletContextHandler@3ff54f3d{/static,jar:file:/home/user/.m2/repository/org/apache/hadoop/hadoop-hdds-container-service/0.5.0-SNAPSHOT/hadoop-hdds-container-service-0.5.0-SNAPSHOT.jar!/webapps/static,AVAILABLE}
2019-09-26 20:37:59,273 [main] INFO  handler.ContextHandler (ContextHandler.java:doStart(781)) - Started o.e.j.w.WebAppContext@3b55dd15{/,file:///tmp/jetty-0.0.0.0-33268-hddsDatanode-_-any-6807116906781068197.dir/webapp/,AVAILABLE}{/hddsDatanode}
2019-09-26 20:37:59,274 [main] INFO  server.AbstractConnector (AbstractConnector.java:doStart(278)) - Started ServerConnector@f3560d4{HTTP/1.1,[http/1.1]}{0.0.0.0:33268}
2019-09-26 20:37:59,275 [main] INFO  server.Server (Server.java:doStart(419)) - Started @149528ms
2019-09-26 20:37:59,275 [main] WARN  impl.MetricsSystemImpl (MetricsSystemImpl.java:register(276)) - Sink prometheus already exists!
2019-09-26 20:37:59,276 [main] INFO  server.BaseHttpServer (BaseHttpServer.java:updateConnectorAddress(215)) - HTTP server of HDDSDATANODE is listening at http://0.0.0.0:33268
2019-09-26 20:37:59,277 [main] INFO  impl.MetricsSystemImpl (MetricsSystemImpl.java:init(158)) - HddsDatanode metrics system started (again)
2019-09-26 20:37:59,280 [org.apache.hadoop.util.JvmPauseMonitor$Monitor@736374b8] INFO  util.JvmPauseMonitor (JvmPauseMonitor.java:run(188)) - Starting JVM pause monitor
2019-09-26 20:37:59,280 [main] INFO  ozone.HddsDatanodeService (HddsDatanodeService.java:start(184)) - HddsDatanodeService host:pr-hdds-2162-kpcbn-4093309294 ip:192.168.151.109
2019-09-26 20:37:59,282 [Datanode State Machine Thread - 0] INFO  datanode.InitDatanodeState (InitDatanodeState.java:persistContainerDatanodeDetails(140)) - DatanodeDetails is persisted to /workdir/hadoop-ozone/integration-test/target/test-dir/MiniOzoneClusterImpl-6cd5981c-8f90-4fde-9f17-131d20e6bdb9/datanode-4/meta/datanode.id
2019-09-26 20:37:59,287 [main] INFO  volume.HddsVolume (HddsVolume.java:<init>(176)) - Creating Volume: /workdir/hadoop-ozone/integration-test/target/test-dir/MiniOzoneClusterImpl-6cd5981c-8f90-4fde-9f17-131d20e6bdb9/datanode-5/data/containers/hdds of  storage type : DISK and capacity : 1482555576320
2019-09-26 20:37:59,287 [main] INFO  volume.VolumeSet (VolumeSet.java:initializeVolumeSet(170)) - Added Volume : /workdir/hadoop-ozone/integration-test/target/test-dir/MiniOzoneClusterImpl-6cd5981c-8f90-4fde-9f17-131d20e6bdb9/datanode-5/data/containers/hdds to VolumeSet
2019-09-26 20:37:59,288 [main] INFO  volume.ThrottledAsyncChecker (ThrottledAsyncChecker.java:schedule(139)) - Scheduling a check for org.apache.hadoop.ozone.container.common.volume.HddsVolume@6a1ef65c
2019-09-26 20:37:59,288 [main] INFO  volume.HddsVolumeChecker (HddsVolumeChecker.java:checkAllVolumes(202)) - Scheduled health check for volume org.apache.hadoop.ozone.container.common.volume.HddsVolume@6a1ef65c
2019-09-26 20:37:59,301 [main] INFO  impl.RaftServerProxy (ConfUtils.java:logGet(43)) - raft.rpc.type = GRPC (default)
2019-09-26 20:37:59,302 [main] INFO  grpc.GrpcFactory (GrpcFactory.java:checkPooledByteBufAllocatorUseCacheForAllThreads(45)) - PERFORMANCE WARNING: useCacheForAllThreads is true that may cause Netty to create a lot garbage objects and, as a result, trigger GC.
	It is recommended to disable useCacheForAllThreads by setting -Dorg.apache.ratis.thirdparty.io.netty.allocator.useCacheForAllThreads=false in command line.
2019-09-26 20:37:59,302 [main] INFO  grpc.GrpcConfigKeys$Server (ConfUtils.java:logGet(43)) - raft.grpc.server.port = 0 (default)
2019-09-26 20:37:59,302 [main] INFO  server.GrpcService (ConfUtils.java:logGet(43)) - raft.grpc.message.size.max = 33570816 (custom)
2019-09-26 20:37:59,302 [main] INFO  server.RaftServerConfigKeys (ConfUtils.java:logGet(43)) - raft.server.log.appender.buffer.byte-limit = 33554432 (custom)
2019-09-26 20:37:59,303 [main] INFO  server.GrpcService (ConfUtils.java:logGet(43)) - raft.grpc.flow.control.window = 1MB (=1048576) (default)
2019-09-26 20:37:59,303 [main] INFO  server.RaftServerConfigKeys (ConfUtils.java:logGet(43)) - raft.server.rpc.request.timeout = 3000ms (default)
2019-09-26 20:37:59,303 [main] INFO  server.RaftServerConfigKeys (ConfUtils.java:logGet(43)) - raft.server.storage.dir = [/workdir/hadoop-ozone/integration-test/target/test-dir/MiniOzoneClusterImpl-6cd5981c-8f90-4fde-9f17-131d20e6bdb9/datanode-5/data/ratis] (custom)
2019-09-26 20:37:59,306 [main] INFO  hdfs.DFSUtil (DFSUtil.java:httpServerTemplateForNNAndJN(1641)) - Starting Web-server for hddsDatanode at: http://0.0.0.0:0
2019-09-26 20:37:59,307 [main] INFO  server.AuthenticationFilter (AuthenticationFilter.java:constructSecretProvider(240)) - Unable to initialize FileSignerSecretProvider, falling back to use random secrets.
2019-09-26 20:37:59,308 [main] WARN  http.HttpRequestLog (HttpRequestLog.java:getRequestLog(97)) - Jetty request log can only be enabled using Log4j
2019-09-26 20:37:59,309 [main] INFO  http.HttpServer2 (HttpServer2.java:addGlobalFilter(975)) - Added global filter 'safety' (class=org.apache.hadoop.http.HttpServer2$QuotingInputFilter)
2019-09-26 20:37:59,310 [main] INFO  http.HttpServer2 (HttpServer2.java:addFilter(948)) - Added filter static_user_filter (class=org.apache.hadoop.http.lib.StaticUserWebFilter$StaticUserFilter) to context hddsDatanode
2019-09-26 20:37:59,310 [main] INFO  http.HttpServer2 (HttpServer2.java:addFilter(958)) - Added filter static_user_filter (class=org.apache.hadoop.http.lib.StaticUserWebFilter$StaticUserFilter) to context logs
2019-09-26 20:37:59,310 [main] INFO  http.HttpServer2 (HttpServer2.java:addFilter(958)) - Added filter static_user_filter (class=org.apache.hadoop.http.lib.StaticUserWebFilter$StaticUserFilter) to context static
2019-09-26 20:37:59,311 [main] INFO  http.HttpServer2 (HttpServer2.java:bindListener(1191)) - Jetty bound to port 45304
2019-09-26 20:37:59,311 [main] INFO  server.Server (Server.java:doStart(351)) - jetty-9.3.25.v20180904, build timestamp: 2018-09-04T21:11:46Z, git hash: 3ce520221d0240229c862b122d2b06c12a625732
2019-09-26 20:37:59,313 [main] INFO  handler.ContextHandler (ContextHandler.java:doStart(781)) - Started o.e.j.s.ServletContextHandler@d48e998{/logs,file:///workdir/hadoop-ozone/integration-test/target/log,AVAILABLE}
2019-09-26 20:37:59,313 [main] INFO  handler.ContextHandler (ContextHandler.java:doStart(781)) - Started o.e.j.s.ServletContextHandler@158ae284{/static,jar:file:/home/user/.m2/repository/org/apache/hadoop/hadoop-hdds-container-service/0.5.0-SNAPSHOT/hadoop-hdds-container-service-0.5.0-SNAPSHOT.jar!/webapps/static,AVAILABLE}
2019-09-26 20:37:59,342 [main] INFO  handler.ContextHandler (ContextHandler.java:doStart(781)) - Started o.e.j.w.WebAppContext@60e3c26e{/,file:///tmp/jetty-0.0.0.0-45304-hddsDatanode-_-any-4873051429150497535.dir/webapp/,AVAILABLE}{/hddsDatanode}
2019-09-26 20:37:59,342 [main] INFO  server.AbstractConnector (AbstractConnector.java:doStart(278)) - Started ServerConnector@80b122b{HTTP/1.1,[http/1.1]}{0.0.0.0:45304}
2019-09-26 20:37:59,344 [main] INFO  server.Server (Server.java:doStart(419)) - Started @149597ms
2019-09-26 20:37:59,344 [main] WARN  impl.MetricsSystemImpl (MetricsSystemImpl.java:register(276)) - Sink prometheus already exists!
2019-09-26 20:37:59,345 [main] INFO  server.BaseHttpServer (BaseHttpServer.java:updateConnectorAddress(215)) - HTTP server of HDDSDATANODE is listening at http://0.0.0.0:45304
2019-09-26 20:37:59,345 [main] INFO  ozone.MiniOzoneClusterImpl (MiniOzoneClusterImpl.java:lambda$waitForClusterToBeReady$0(147)) - Waiting for cluster to be ready. Got 0 of 6 DN Heartbeats.
2019-09-26 20:37:59,346 [org.apache.hadoop.util.JvmPauseMonitor$Monitor@25141053] INFO  util.JvmPauseMonitor (JvmPauseMonitor.java:run(188)) - Starting JVM pause monitor
2019-09-26 20:37:59,350 [Datanode State Machine Thread - 0] INFO  datanode.InitDatanodeState (InitDatanodeState.java:persistContainerDatanodeDetails(140)) - DatanodeDetails is persisted to /workdir/hadoop-ozone/integration-test/target/test-dir/MiniOzoneClusterImpl-6cd5981c-8f90-4fde-9f17-131d20e6bdb9/datanode-5/meta/datanode.id
2019-09-26 20:38:00,345 [main] INFO  ozone.MiniOzoneClusterImpl (MiniOzoneClusterImpl.java:lambda$waitForClusterToBeReady$0(147)) - Waiting for cluster to be ready. Got 0 of 6 DN Heartbeats.
2019-09-26 20:38:01,026 [Datanode State Machine Thread - 0] INFO  ozoneimpl.OzoneContainer (OzoneContainer.java:start(217)) - Attempting to start container services.
2019-09-26 20:38:01,026 [Datanode State Machine Thread - 0] INFO  ozoneimpl.OzoneContainer (OzoneContainer.java:startContainerScrub(179)) - Background container scanner has been disabled.
2019-09-26 20:38:01,027 [Datanode State Machine Thread - 0] INFO  ratis.XceiverServerRatis (XceiverServerRatis.java:start(411)) - Starting XceiverServerRatis 789644c6-b1e7-452a-be32-1d295418bb68 at port 0
2019-09-26 20:38:01,033 [Datanode State Machine Thread - 0] INFO  impl.RaftServerProxy (RaftServerProxy.java:lambda$start$3(299)) - 789644c6-b1e7-452a-be32-1d295418bb68: start RPC server
2019-09-26 20:38:01,036 [Datanode State Machine Thread - 0] INFO  server.GrpcService (GrpcService.java:startImpl(158)) - 789644c6-b1e7-452a-be32-1d295418bb68: GrpcService started, listening on 0.0.0.0/0.0.0.0:42694
2019-09-26 20:38:01,036 [Datanode State Machine Thread - 0] INFO  ratis.XceiverServerRatis (XceiverServerRatis.java:start(421)) - XceiverServerRatis 789644c6-b1e7-452a-be32-1d295418bb68 is started using port 42694
2019-09-26 20:38:01,036 [Datanode State Machine Thread - 0] INFO  server.XceiverServerGrpc (XceiverServerGrpc.java:start(149)) - XceiverServerGrpc 789644c6-b1e7-452a-be32-1d295418bb68 is started using port 35428
2019-09-26 20:38:01,093 [Datanode State Machine Thread - 0] INFO  ozoneimpl.OzoneContainer (OzoneContainer.java:start(217)) - Attempting to start container services.
2019-09-26 20:38:01,093 [Datanode State Machine Thread - 0] INFO  ozoneimpl.OzoneContainer (OzoneContainer.java:startContainerScrub(179)) - Background container scanner has been disabled.
2019-09-26 20:38:01,093 [Datanode State Machine Thread - 0] INFO  ratis.XceiverServerRatis (XceiverServerRatis.java:start(411)) - Starting XceiverServerRatis 941e0be9-b5d2-45a7-942a-524150895db1 at port 0
2019-09-26 20:38:01,099 [Datanode State Machine Thread - 0] INFO  impl.RaftServerProxy (RaftServerProxy.java:lambda$start$3(299)) - 941e0be9-b5d2-45a7-942a-524150895db1: start RPC server
2019-09-26 20:38:01,100 [Datanode State Machine Thread - 0] INFO  server.GrpcService (GrpcService.java:startImpl(158)) - 941e0be9-b5d2-45a7-942a-524150895db1: GrpcService started, listening on 0.0.0.0/0.0.0.0:36037
2019-09-26 20:38:01,100 [Datanode State Machine Thread - 0] INFO  ratis.XceiverServerRatis (XceiverServerRatis.java:start(421)) - XceiverServerRatis 941e0be9-b5d2-45a7-942a-524150895db1 is started using port 36037
2019-09-26 20:38:01,101 [Datanode State Machine Thread - 0] INFO  server.XceiverServerGrpc (XceiverServerGrpc.java:start(149)) - XceiverServerGrpc 941e0be9-b5d2-45a7-942a-524150895db1 is started using port 42532
2019-09-26 20:38:01,155 [Datanode State Machine Thread - 0] INFO  ozoneimpl.OzoneContainer (OzoneContainer.java:start(217)) - Attempting to start container services.
2019-09-26 20:38:01,155 [Datanode State Machine Thread - 0] INFO  ozoneimpl.OzoneContainer (OzoneContainer.java:startContainerScrub(179)) - Background container scanner has been disabled.
2019-09-26 20:38:01,155 [Datanode State Machine Thread - 0] INFO  ratis.XceiverServerRatis (XceiverServerRatis.java:start(411)) - Starting XceiverServerRatis e791874c-b2f4-4f7f-9315-0432fb0d59cd at port 0
2019-09-26 20:38:01,161 [Datanode State Machine Thread - 0] INFO  impl.RaftServerProxy (RaftServerProxy.java:lambda$start$3(299)) - e791874c-b2f4-4f7f-9315-0432fb0d59cd: start RPC server
2019-09-26 20:38:01,164 [Datanode State Machine Thread - 0] INFO  server.GrpcService (GrpcService.java:startImpl(158)) - e791874c-b2f4-4f7f-9315-0432fb0d59cd: GrpcService started, listening on 0.0.0.0/0.0.0.0:35942
2019-09-26 20:38:01,164 [Datanode State Machine Thread - 0] INFO  ratis.XceiverServerRatis (XceiverServerRatis.java:start(421)) - XceiverServerRatis e791874c-b2f4-4f7f-9315-0432fb0d59cd is started using port 35942
2019-09-26 20:38:01,164 [Datanode State Machine Thread - 0] INFO  server.XceiverServerGrpc (XceiverServerGrpc.java:start(149)) - XceiverServerGrpc e791874c-b2f4-4f7f-9315-0432fb0d59cd is started using port 39787
2019-09-26 20:38:01,215 [Datanode State Machine Thread - 0] INFO  ozoneimpl.OzoneContainer (OzoneContainer.java:start(217)) - Attempting to start container services.
2019-09-26 20:38:01,215 [Datanode State Machine Thread - 0] INFO  ozoneimpl.OzoneContainer (OzoneContainer.java:startContainerScrub(179)) - Background container scanner has been disabled.
2019-09-26 20:38:01,215 [Datanode State Machine Thread - 0] INFO  ratis.XceiverServerRatis (XceiverServerRatis.java:start(411)) - Starting XceiverServerRatis 983810e7-c78f-49e0-935f-b72803bc8b97 at port 0
2019-09-26 20:38:01,221 [Datanode State Machine Thread - 0] INFO  impl.RaftServerProxy (RaftServerProxy.java:lambda$start$3(299)) - 983810e7-c78f-49e0-935f-b72803bc8b97: start RPC server
2019-09-26 20:38:01,223 [Datanode State Machine Thread - 0] INFO  server.GrpcService (GrpcService.java:startImpl(158)) - 983810e7-c78f-49e0-935f-b72803bc8b97: GrpcService started, listening on 0.0.0.0/0.0.0.0:43601
2019-09-26 20:38:01,223 [Datanode State Machine Thread - 0] INFO  ratis.XceiverServerRatis (XceiverServerRatis.java:start(421)) - XceiverServerRatis 983810e7-c78f-49e0-935f-b72803bc8b97 is started using port 43601
2019-09-26 20:38:01,224 [Datanode State Machine Thread - 0] INFO  server.XceiverServerGrpc (XceiverServerGrpc.java:start(149)) - XceiverServerGrpc 983810e7-c78f-49e0-935f-b72803bc8b97 is started using port 36046
2019-09-26 20:38:01,295 [Datanode State Machine Thread - 0] INFO  ozoneimpl.OzoneContainer (OzoneContainer.java:start(217)) - Attempting to start container services.
2019-09-26 20:38:01,296 [Datanode State Machine Thread - 0] INFO  ozoneimpl.OzoneContainer (OzoneContainer.java:startContainerScrub(179)) - Background container scanner has been disabled.
2019-09-26 20:38:01,296 [Datanode State Machine Thread - 0] INFO  ratis.XceiverServerRatis (XceiverServerRatis.java:start(411)) - Starting XceiverServerRatis 23e65fe1-92f4-4d18-88b6-12afdf835ab8 at port 0
2019-09-26 20:38:01,302 [Datanode State Machine Thread - 0] INFO  impl.RaftServerProxy (RaftServerProxy.java:lambda$start$3(299)) - 23e65fe1-92f4-4d18-88b6-12afdf835ab8: start RPC server
2019-09-26 20:38:01,303 [Datanode State Machine Thread - 0] INFO  server.GrpcService (GrpcService.java:startImpl(158)) - 23e65fe1-92f4-4d18-88b6-12afdf835ab8: GrpcService started, listening on 0.0.0.0/0.0.0.0:46202
2019-09-26 20:38:01,303 [Datanode State Machine Thread - 0] INFO  ratis.XceiverServerRatis (XceiverServerRatis.java:start(421)) - XceiverServerRatis 23e65fe1-92f4-4d18-88b6-12afdf835ab8 is started using port 46202
2019-09-26 20:38:01,306 [Datanode State Machine Thread - 0] INFO  server.XceiverServerGrpc (XceiverServerGrpc.java:start(149)) - XceiverServerGrpc 23e65fe1-92f4-4d18-88b6-12afdf835ab8 is started using port 36256
2019-09-26 20:38:01,346 [main] INFO  ozone.MiniOzoneClusterImpl (MiniOzoneClusterImpl.java:lambda$waitForClusterToBeReady$0(147)) - Waiting for cluster to be ready. Got 0 of 6 DN Heartbeats.
2019-09-26 20:38:01,361 [Datanode State Machine Thread - 0] INFO  ozoneimpl.OzoneContainer (OzoneContainer.java:start(217)) - Attempting to start container services.
2019-09-26 20:38:01,363 [Datanode State Machine Thread - 0] INFO  ozoneimpl.OzoneContainer (OzoneContainer.java:startContainerScrub(179)) - Background container scanner has been disabled.
2019-09-26 20:38:01,363 [Datanode State Machine Thread - 0] INFO  ratis.XceiverServerRatis (XceiverServerRatis.java:start(411)) - Starting XceiverServerRatis 305abc0e-94f4-41ec-8295-15d4a445dbbe at port 0
2019-09-26 20:38:01,369 [Datanode State Machine Thread - 0] INFO  impl.RaftServerProxy (RaftServerProxy.java:lambda$start$3(299)) - 305abc0e-94f4-41ec-8295-15d4a445dbbe: start RPC server
2019-09-26 20:38:01,370 [Datanode State Machine Thread - 0] INFO  server.GrpcService (GrpcService.java:startImpl(158)) - 305abc0e-94f4-41ec-8295-15d4a445dbbe: GrpcService started, listening on 0.0.0.0/0.0.0.0:45835
2019-09-26 20:38:01,370 [Datanode State Machine Thread - 0] INFO  ratis.XceiverServerRatis (XceiverServerRatis.java:start(421)) - XceiverServerRatis 305abc0e-94f4-41ec-8295-15d4a445dbbe is started using port 45835
2019-09-26 20:38:01,370 [Datanode State Machine Thread - 0] INFO  server.XceiverServerGrpc (XceiverServerGrpc.java:start(149)) - XceiverServerGrpc 305abc0e-94f4-41ec-8295-15d4a445dbbe is started using port 45194
2019-09-26 20:38:02,346 [main] INFO  ozone.MiniOzoneClusterImpl (MiniOzoneClusterImpl.java:lambda$waitForClusterToBeReady$0(147)) - Waiting for cluster to be ready. Got 0 of 6 DN Heartbeats.
2019-09-26 20:38:03,009 [IPC Server handler 2 on 41931] INFO  net.NetworkTopology (NetworkTopologyImpl.java:add(111)) - Added a new node: /default-rack/789644c6-b1e7-452a-be32-1d295418bb68
2019-09-26 20:38:03,011 [IPC Server handler 2 on 41931] INFO  node.SCMNodeManager (SCMNodeManager.java:register(266)) - Registered Data node : 789644c6-b1e7-452a-be32-1d295418bb68{ip: 192.168.151.109, host: pr-hdds-2162-kpcbn-4093309294, networkLocation: /default-rack, certSerialId: null}
2019-09-26 20:38:03,013 [EventQueue-NodeRegistrationContainerReportForDataNodeSafeModeRule] INFO  safemode.SCMSafeModeManager (DataNodeSafeModeRule.java:process(71)) - SCM in safe mode. 1 DataNodes registered, 1 required.
2019-09-26 20:38:03,015 [EventQueue-NodeRegistrationContainerReportForDataNodeSafeModeRule] INFO  safemode.SCMSafeModeManager (SCMSafeModeManager.java:validateSafeModeExitRules(177)) - ScmSafeModeManager, all rules are successfully validated
2019-09-26 20:38:03,015 [EventQueue-NodeRegistrationContainerReportForDataNodeSafeModeRule] INFO  safemode.SCMSafeModeManager (SCMSafeModeManager.java:exitSafeMode(193)) - SCM exiting safe mode.
2019-09-26 20:38:03,031 [grpc-default-executor-0] INFO  impl.RaftServerProxy (RaftServerProxy.java:addNew(89)) - 789644c6-b1e7-452a-be32-1d295418bb68: addNew group-A6687A45E08D:[789644c6-b1e7-452a-be32-1d295418bb68:192.168.151.109:42694] returns group-A6687A45E08D:java.util.concurrent.CompletableFuture@26935d26[Not completed]
2019-09-26 20:38:03,033 [pool-147-thread-1] INFO  impl.RaftServerImpl (RaftServerImpl.java:<init>(95)) - 789644c6-b1e7-452a-be32-1d295418bb68: new RaftServerImpl for group-A6687A45E08D:[789644c6-b1e7-452a-be32-1d295418bb68:192.168.151.109:42694] with ContainerStateMachine:uninitialized
2019-09-26 20:38:03,033 [pool-147-thread-1] INFO  server.RaftServerConfigKeys (ConfUtils.java:logGet(43)) - raft.server.rpc.timeout.min = 1s (custom)
2019-09-26 20:38:03,033 [pool-147-thread-1] INFO  server.RaftServerConfigKeys (ConfUtils.java:logGet(43)) - raft.server.rpc.timeout.max = 1200ms (custom)
2019-09-26 20:38:03,033 [pool-147-thread-1] INFO  server.RaftServerConfigKeys (ConfUtils.java:logGet(43)) - raft.server.rpcslowness.timeout = 120s (custom)
2019-09-26 20:38:03,034 [pool-147-thread-1] INFO  server.RaftServerConfigKeys (ConfUtils.java:logGet(43)) - raft.server.sleep.deviation.threshold = 300 (default)
2019-09-26 20:38:03,034 [pool-147-thread-1] INFO  server.RaftServerConfigKeys (ConfUtils.java:logGet(43)) - raft.server.log.appender.install.snapshot.enabled = false (custom)
2019-09-26 20:38:03,034 [pool-147-thread-1] INFO  impl.RaftServerImpl (ServerState.java:<init>(103)) - 789644c6-b1e7-452a-be32-1d295418bb68@group-A6687A45E08D: ConfigurationManager, init=-1: [789644c6-b1e7-452a-be32-1d295418bb68:192.168.151.109:42694], old=null, confs=<EMPTY_MAP>
2019-09-26 20:38:03,034 [pool-147-thread-1] INFO  server.RaftServerConfigKeys (ConfUtils.java:logGet(43)) - raft.server.storage.dir = [/workdir/hadoop-ozone/integration-test/target/test-dir/MiniOzoneClusterImpl-6cd5981c-8f90-4fde-9f17-131d20e6bdb9/datanode-0/data/ratis] (custom)
2019-09-26 20:38:03,035 [pool-147-thread-1] INFO  storage.RaftStorageDirectory (RaftStorageDirectory.java:analyzeStorage(246)) - The storage directory /workdir/hadoop-ozone/integration-test/target/test-dir/MiniOzoneClusterImpl-6cd5981c-8f90-4fde-9f17-131d20e6bdb9/datanode-0/data/ratis/fd656887-50a7-4cd2-a2cf-a6687a45e08d does not exist. Creating ...
2019-09-26 20:38:03,048 [pool-147-thread-1] INFO  storage.RaftStorageDirectory (RaftStorageDirectory.java:tryLock(328)) - Lock on /workdir/hadoop-ozone/integration-test/target/test-dir/MiniOzoneClusterImpl-6cd5981c-8f90-4fde-9f17-131d20e6bdb9/datanode-0/data/ratis/fd656887-50a7-4cd2-a2cf-a6687a45e08d/in_use.lock acquired by nodename 4010@pr-hdds-2162-kpcbn-4093309294
2019-09-26 20:38:03,061 [pool-147-thread-1] INFO  storage.RaftStorage (RaftStorage.java:format(72)) - Storage directory /workdir/hadoop-ozone/integration-test/target/test-dir/MiniOzoneClusterImpl-6cd5981c-8f90-4fde-9f17-131d20e6bdb9/datanode-0/data/ratis/fd656887-50a7-4cd2-a2cf-a6687a45e08d has been successfully formatted.
2019-09-26 20:38:03,061 [pool-147-thread-1] INFO  ratis.ContainerStateMachine (ContainerStateMachine.java:loadSnapshot(230)) - group-A6687A45E08D: The snapshot info is null. Setting the last applied indexto:(t:0, i:~)
2019-09-26 20:38:03,062 [pool-147-thread-1] INFO  server.RaftServerConfigKeys (ConfUtils.java:logGet(43)) - raft.server.notification.no-leader.timeout = 120s (custom)
2019-09-26 20:38:03,062 [pool-147-thread-1] INFO  server.RaftServerConfigKeys (ConfUtils.java:logGet(43)) - raft.server.log.use.memory = false (default)
2019-09-26 20:38:03,062 [pool-147-thread-1] INFO  server.RaftServerConfigKeys (ConfUtils.java:logGet(43)) - raft.server.log.purge.gap = 1000000 (custom)
2019-09-26 20:38:03,062 [pool-147-thread-1] INFO  server.RaftServerConfigKeys (ConfUtils.java:logGet(43)) - raft.server.log.appender.buffer.byte-limit = 33554432 (custom)
2019-09-26 20:38:03,062 [pool-147-thread-1] INFO  server.RaftServerConfigKeys (ConfUtils.java:logGet(43)) - raft.server.log.segment.size.max = 1048576 (custom)
2019-09-26 20:38:03,062 [pool-147-thread-1] INFO  server.RaftServerConfigKeys (ConfUtils.java:logGet(43)) - raft.server.log.segment.cache.num.max = 2 (custom)
2019-09-26 20:38:03,062 [pool-147-thread-1] INFO  segmented.SegmentedRaftLogWorker (SegmentedRaftLogWorker.java:<init>(172)) - new 789644c6-b1e7-452a-be32-1d295418bb68@group-A6687A45E08D-SegmentedRaftLogWorker for RaftStorage:Storage Directory /workdir/hadoop-ozone/integration-test/target/test-dir/MiniOzoneClusterImpl-6cd5981c-8f90-4fde-9f17-131d20e6bdb9/datanode-0/data/ratis/fd656887-50a7-4cd2-a2cf-a6687a45e08d
2019-09-26 20:38:03,065 [pool-147-thread-1] INFO  server.RaftServerConfigKeys (ConfUtils.java:logGet(43)) - raft.server.log.queue.byte-limit = 2147483647 (custom)
2019-09-26 20:38:03,065 [pool-147-thread-1] INFO  server.RaftServerConfigKeys (ConfUtils.java:logGet(43)) - raft.server.log.queue.element-limit = 1024 (custom)
2019-09-26 20:38:03,065 [pool-147-thread-1] INFO  server.RaftServerConfigKeys (ConfUtils.java:logGet(43)) - raft.server.log.segment.size.max = 1048576 (custom)
2019-09-26 20:38:03,065 [pool-147-thread-1] INFO  server.RaftServerConfigKeys (ConfUtils.java:logGet(43)) - raft.server.log.preallocated.size = 16384 (custom)
2019-09-26 20:38:03,065 [pool-147-thread-1] INFO  server.RaftServerConfigKeys (ConfUtils.java:logGet(43)) - raft.server.log.write.buffer.size = 33554432 (custom)
2019-09-26 20:38:03,066 [pool-147-thread-1] INFO  server.RaftServerConfigKeys (ConfUtils.java:logGet(43)) - raft.server.log.force.sync.num = 128 (default)
2019-09-26 20:38:03,066 [pool-147-thread-1] INFO  server.RaftServerConfigKeys (ConfUtils.java:logGet(43)) - raft.server.log.statemachine.data.sync = true (default)
2019-09-26 20:38:03,066 [pool-147-thread-1] INFO  server.RaftServerConfigKeys (ConfUtils.java:logGet(43)) - raft.server.log.statemachine.data.sync.timeout = 10s (default)
2019-09-26 20:38:03,066 [pool-147-thread-1] INFO  server.RaftServerConfigKeys (ConfUtils.java:logGet(43)) - raft.server.log.statemachine.data.sync.timeout.retry = -1 (default)
2019-09-26 20:38:03,066 [pool-147-thread-1] INFO  server.RaftServerConfigKeys (ConfUtils.java:logGet(43)) - raft.server.log.statemachine.data.caching.enabled = true (custom)
2019-09-26 20:38:03,067 [pool-147-thread-1] INFO  segmented.SegmentedRaftLogWorker (SegmentedRaftLogWorker.java:lambda$new$0(132)) - 789644c6-b1e7-452a-be32-1d295418bb68@group-A6687A45E08D-SegmentedRaftLogWorker: flushIndex: setUnconditionally 0 -> -1
2019-09-26 20:38:03,067 [pool-147-thread-1] INFO  server.RaftServerConfigKeys (ConfUtils.java:logGet(43)) - raft.server.snapshot.auto.trigger.enabled = true (custom)
2019-09-26 20:38:03,067 [pool-147-thread-1] INFO  server.RaftServerConfigKeys (ConfUtils.java:logGet(43)) - raft.server.snapshot.auto.trigger.threshold = 10000 (custom)
2019-09-26 20:38:03,067 [pool-147-thread-1] INFO  server.RaftServerConfigKeys (ConfUtils.java:logGet(43)) - raft.server.snapshot.retention.num.files = 5 (custom)
2019-09-26 20:38:03,068 [pool-147-thread-1] INFO  server.RaftServerConfigKeys (ConfUtils.java:logGet(43)) - raft.server.retrycache.expirytime = 600000ms (custom)
2019-09-26 20:38:03,070 [pool-147-thread-1] INFO  impl.RaftServerImpl (RaftServerImpl.java:start(185)) - 789644c6-b1e7-452a-be32-1d295418bb68@group-A6687A45E08D: start as a follower, conf=-1: [789644c6-b1e7-452a-be32-1d295418bb68:192.168.151.109:42694], old=null
2019-09-26 20:38:03,070 [pool-147-thread-1] INFO  impl.RaftServerImpl (RaftServerImpl.java:setRole(174)) - 789644c6-b1e7-452a-be32-1d295418bb68@group-A6687A45E08D: changes role from      null to FOLLOWER at term 0 for startAsFollower
2019-09-26 20:38:03,070 [pool-147-thread-1] INFO  impl.RoleInfo (RoleInfo.java:updateAndGet(143)) - 789644c6-b1e7-452a-be32-1d295418bb68: start FollowerState
2019-09-26 20:38:03,082 [pool-147-thread-1] INFO  util.JmxRegister (JmxRegister.java:tryRegister(44)) - Successfully registered JMX Bean with object name Ratis:service=RaftServer,group=group-A6687A45E08D,id=789644c6-b1e7-452a-be32-1d295418bb68
2019-09-26 20:38:03,092 [IPC Server handler 1 on 41931] INFO  net.NetworkTopology (NetworkTopologyImpl.java:add(111)) - Added a new node: /default-rack/941e0be9-b5d2-45a7-942a-524150895db1
2019-09-26 20:38:03,092 [IPC Server handler 1 on 41931] INFO  node.SCMNodeManager (SCMNodeManager.java:register(266)) - Registered Data node : 941e0be9-b5d2-45a7-942a-524150895db1{ip: 192.168.151.109, host: pr-hdds-2162-kpcbn-4093309294, networkLocation: /default-rack, certSerialId: null}
2019-09-26 20:38:03,098 [RatisPipelineUtilsThread] INFO  pipeline.PipelineStateManager (PipelineStateManager.java:addPipeline(56)) - Created pipeline Pipeline[ Id: fd656887-50a7-4cd2-a2cf-a6687a45e08d, Nodes: 789644c6-b1e7-452a-be32-1d295418bb68{ip: 192.168.151.109, host: pr-hdds-2162-kpcbn-4093309294, networkLocation: /default-rack, certSerialId: null}, Type:RATIS, Factor:ONE, State:OPEN]
2019-09-26 20:38:03,106 [grpc-default-executor-0] INFO  impl.RaftServerProxy (RaftServerProxy.java:addNew(89)) - 941e0be9-b5d2-45a7-942a-524150895db1: addNew group-E4C677F8CCB0:[941e0be9-b5d2-45a7-942a-524150895db1:192.168.151.109:36037] returns group-E4C677F8CCB0:java.util.concurrent.CompletableFuture@7a7aba6d[Not completed]
2019-09-26 20:38:03,108 [pool-157-thread-1] INFO  impl.RaftServerImpl (RaftServerImpl.java:<init>(95)) - 941e0be9-b5d2-45a7-942a-524150895db1: new RaftServerImpl for group-E4C677F8CCB0:[941e0be9-b5d2-45a7-942a-524150895db1:192.168.151.109:36037] with ContainerStateMachine:uninitialized
2019-09-26 20:38:03,108 [pool-157-thread-1] INFO  server.RaftServerConfigKeys (ConfUtils.java:logGet(43)) - raft.server.rpc.timeout.min = 1s (custom)
2019-09-26 20:38:03,108 [pool-157-thread-1] INFO  server.RaftServerConfigKeys (ConfUtils.java:logGet(43)) - raft.server.rpc.timeout.max = 1200ms (custom)
2019-09-26 20:38:03,108 [pool-157-thread-1] INFO  server.RaftServerConfigKeys (ConfUtils.java:logGet(43)) - raft.server.rpcslowness.timeout = 120s (custom)
2019-09-26 20:38:03,109 [pool-157-thread-1] INFO  server.RaftServerConfigKeys (ConfUtils.java:logGet(43)) - raft.server.sleep.deviation.threshold = 300 (default)
2019-09-26 20:38:03,109 [pool-157-thread-1] INFO  server.RaftServerConfigKeys (ConfUtils.java:logGet(43)) - raft.server.log.appender.install.snapshot.enabled = false (custom)
2019-09-26 20:38:03,109 [pool-157-thread-1] INFO  impl.RaftServerImpl (ServerState.java:<init>(103)) - 941e0be9-b5d2-45a7-942a-524150895db1@group-E4C677F8CCB0: ConfigurationManager, init=-1: [941e0be9-b5d2-45a7-942a-524150895db1:192.168.151.109:36037], old=null, confs=<EMPTY_MAP>
2019-09-26 20:38:03,109 [pool-157-thread-1] INFO  server.RaftServerConfigKeys (ConfUtils.java:logGet(43)) - raft.server.storage.dir = [/workdir/hadoop-ozone/integration-test/target/test-dir/MiniOzoneClusterImpl-6cd5981c-8f90-4fde-9f17-131d20e6bdb9/datanode-1/data/ratis] (custom)
2019-09-26 20:38:03,110 [pool-157-thread-1] INFO  storage.RaftStorageDirectory (RaftStorageDirectory.java:analyzeStorage(246)) - The storage directory /workdir/hadoop-ozone/integration-test/target/test-dir/MiniOzoneClusterImpl-6cd5981c-8f90-4fde-9f17-131d20e6bdb9/datanode-1/data/ratis/70a402dd-1389-4e24-9a16-e4c677f8ccb0 does not exist. Creating ...
2019-09-26 20:38:03,122 [pool-157-thread-1] INFO  storage.RaftStorageDirectory (RaftStorageDirectory.java:tryLock(328)) - Lock on /workdir/hadoop-ozone/integration-test/target/test-dir/MiniOzoneClusterImpl-6cd5981c-8f90-4fde-9f17-131d20e6bdb9/datanode-1/data/ratis/70a402dd-1389-4e24-9a16-e4c677f8ccb0/in_use.lock acquired by nodename 4010@pr-hdds-2162-kpcbn-4093309294
2019-09-26 20:38:03,136 [pool-157-thread-1] INFO  storage.RaftStorage (RaftStorage.java:format(72)) - Storage directory /workdir/hadoop-ozone/integration-test/target/test-dir/MiniOzoneClusterImpl-6cd5981c-8f90-4fde-9f17-131d20e6bdb9/datanode-1/data/ratis/70a402dd-1389-4e24-9a16-e4c677f8ccb0 has been successfully formatted.
2019-09-26 20:38:03,136 [pool-157-thread-1] INFO  ratis.ContainerStateMachine (ContainerStateMachine.java:loadSnapshot(230)) - group-E4C677F8CCB0: The snapshot info is null. Setting the last applied indexto:(t:0, i:~)
2019-09-26 20:38:03,136 [pool-157-thread-1] INFO  server.RaftServerConfigKeys (ConfUtils.java:logGet(43)) - raft.server.notification.no-leader.timeout = 120s (custom)
2019-09-26 20:38:03,137 [pool-157-thread-1] INFO  server.RaftServerConfigKeys (ConfUtils.java:logGet(43)) - raft.server.log.use.memory = false (default)
2019-09-26 20:38:03,137 [pool-157-thread-1] INFO  server.RaftServerConfigKeys (ConfUtils.java:logGet(43)) - raft.server.log.purge.gap = 1000000 (custom)
2019-09-26 20:38:03,137 [pool-157-thread-1] INFO  server.RaftServerConfigKeys (ConfUtils.java:logGet(43)) - raft.server.log.appender.buffer.byte-limit = 33554432 (custom)
2019-09-26 20:38:03,137 [pool-157-thread-1] INFO  server.RaftServerConfigKeys (ConfUtils.java:logGet(43)) - raft.server.log.segment.size.max = 1048576 (custom)
2019-09-26 20:38:03,137 [pool-157-thread-1] INFO  server.RaftServerConfigKeys (ConfUtils.java:logGet(43)) - raft.server.log.segment.cache.num.max = 2 (custom)
2019-09-26 20:38:03,138 [pool-157-thread-1] INFO  segmented.SegmentedRaftLogWorker (SegmentedRaftLogWorker.java:<init>(172)) - new 941e0be9-b5d2-45a7-942a-524150895db1@group-E4C677F8CCB0-SegmentedRaftLogWorker for RaftStorage:Storage Directory /workdir/hadoop-ozone/integration-test/target/test-dir/MiniOzoneClusterImpl-6cd5981c-8f90-4fde-9f17-131d20e6bdb9/datanode-1/data/ratis/70a402dd-1389-4e24-9a16-e4c677f8ccb0
2019-09-26 20:38:03,141 [pool-157-thread-1] INFO  server.RaftServerConfigKeys (ConfUtils.java:logGet(43)) - raft.server.log.queue.byte-limit = 2147483647 (custom)
2019-09-26 20:38:03,141 [pool-157-thread-1] INFO  server.RaftServerConfigKeys (ConfUtils.java:logGet(43)) - raft.server.log.queue.element-limit = 1024 (custom)
2019-09-26 20:38:03,141 [pool-157-thread-1] INFO  server.RaftServerConfigKeys (ConfUtils.java:logGet(43)) - raft.server.log.segment.size.max = 1048576 (custom)
2019-09-26 20:38:03,141 [pool-157-thread-1] INFO  server.RaftServerConfigKeys (ConfUtils.java:logGet(43)) - raft.server.log.preallocated.size = 16384 (custom)
2019-09-26 20:38:03,141 [pool-157-thread-1] INFO  server.RaftServerConfigKeys (ConfUtils.java:logGet(43)) - raft.server.log.write.buffer.size = 33554432 (custom)
2019-09-26 20:38:03,142 [pool-157-thread-1] INFO  server.RaftServerConfigKeys (ConfUtils.java:logGet(43)) - raft.server.log.force.sync.num = 128 (default)
2019-09-26 20:38:03,142 [pool-157-thread-1] INFO  server.RaftServerConfigKeys (ConfUtils.java:logGet(43)) - raft.server.log.statemachine.data.sync = true (default)
2019-09-26 20:38:03,142 [IPC Server handler 3 on 41931] INFO  net.NetworkTopology (NetworkTopologyImpl.java:add(111)) - Added a new node: /default-rack/e791874c-b2f4-4f7f-9315-0432fb0d59cd
2019-09-26 20:38:03,142 [pool-157-thread-1] INFO  server.RaftServerConfigKeys (ConfUtils.java:logGet(43)) - raft.server.log.statemachine.data.sync.timeout = 10s (default)
2019-09-26 20:38:03,142 [IPC Server handler 3 on 41931] INFO  node.SCMNodeManager (SCMNodeManager.java:register(266)) - Registered Data node : e791874c-b2f4-4f7f-9315-0432fb0d59cd{ip: 192.168.151.109, host: pr-hdds-2162-kpcbn-4093309294, networkLocation: /default-rack, certSerialId: null}
2019-09-26 20:38:03,142 [pool-157-thread-1] INFO  server.RaftServerConfigKeys (ConfUtils.java:logGet(43)) - raft.server.log.statemachine.data.sync.timeout.retry = -1 (default)
2019-09-26 20:38:03,143 [pool-157-thread-1] INFO  server.RaftServerConfigKeys (ConfUtils.java:logGet(43)) - raft.server.log.statemachine.data.caching.enabled = true (custom)
2019-09-26 20:38:03,143 [pool-157-thread-1] INFO  segmented.SegmentedRaftLogWorker (SegmentedRaftLogWorker.java:lambda$new$0(132)) - 941e0be9-b5d2-45a7-942a-524150895db1@group-E4C677F8CCB0-SegmentedRaftLogWorker: flushIndex: setUnconditionally 0 -> -1
2019-09-26 20:38:03,143 [pool-157-thread-1] INFO  server.RaftServerConfigKeys (ConfUtils.java:logGet(43)) - raft.server.snapshot.auto.trigger.enabled = true (custom)
2019-09-26 20:38:03,144 [pool-157-thread-1] INFO  server.RaftServerConfigKeys (ConfUtils.java:logGet(43)) - raft.server.snapshot.auto.trigger.threshold = 10000 (custom)
2019-09-26 20:38:03,144 [pool-157-thread-1] INFO  server.RaftServerConfigKeys (ConfUtils.java:logGet(43)) - raft.server.snapshot.retention.num.files = 5 (custom)
2019-09-26 20:38:03,144 [pool-157-thread-1] INFO  server.RaftServerConfigKeys (ConfUtils.java:logGet(43)) - raft.server.retrycache.expirytime = 600000ms (custom)
2019-09-26 20:38:03,147 [pool-157-thread-1] INFO  impl.RaftServerImpl (RaftServerImpl.java:start(185)) - 941e0be9-b5d2-45a7-942a-524150895db1@group-E4C677F8CCB0: start as a follower, conf=-1: [941e0be9-b5d2-45a7-942a-524150895db1:192.168.151.109:36037], old=null
2019-09-26 20:38:03,147 [pool-157-thread-1] INFO  impl.RaftServerImpl (RaftServerImpl.java:setRole(174)) - 941e0be9-b5d2-45a7-942a-524150895db1@group-E4C677F8CCB0: changes role from      null to FOLLOWER at term 0 for startAsFollower
2019-09-26 20:38:03,147 [pool-157-thread-1] INFO  impl.RoleInfo (RoleInfo.java:updateAndGet(143)) - 941e0be9-b5d2-45a7-942a-524150895db1: start FollowerState
2019-09-26 20:38:03,148 [pool-157-thread-1] INFO  util.JmxRegister (JmxRegister.java:tryRegister(44)) - Successfully registered JMX Bean with object name Ratis:service=RaftServer,group=group-E4C677F8CCB0,id=941e0be9-b5d2-45a7-942a-524150895db1
2019-09-26 20:38:03,153 [RatisPipelineUtilsThread] INFO  pipeline.PipelineStateManager (PipelineStateManager.java:addPipeline(56)) - Created pipeline Pipeline[ Id: 70a402dd-1389-4e24-9a16-e4c677f8ccb0, Nodes: 941e0be9-b5d2-45a7-942a-524150895db1{ip: 192.168.151.109, host: pr-hdds-2162-kpcbn-4093309294, networkLocation: /default-rack, certSerialId: null}, Type:RATIS, Factor:ONE, State:OPEN]
2019-09-26 20:38:03,165 [grpc-default-executor-0] INFO  impl.RaftServerProxy (RaftServerProxy.java:addNew(89)) - e791874c-b2f4-4f7f-9315-0432fb0d59cd: addNew group-B369B74B4EB4:[e791874c-b2f4-4f7f-9315-0432fb0d59cd:192.168.151.109:35942] returns group-B369B74B4EB4:java.util.concurrent.CompletableFuture@4e7833b0[Not completed]
2019-09-26 20:38:03,167 [pool-167-thread-1] INFO  impl.RaftServerImpl (RaftServerImpl.java:<init>(95)) - e791874c-b2f4-4f7f-9315-0432fb0d59cd: new RaftServerImpl for group-B369B74B4EB4:[e791874c-b2f4-4f7f-9315-0432fb0d59cd:192.168.151.109:35942] with ContainerStateMachine:uninitialized
2019-09-26 20:38:03,167 [pool-167-thread-1] INFO  server.RaftServerConfigKeys (ConfUtils.java:logGet(43)) - raft.server.rpc.timeout.min = 1s (custom)
2019-09-26 20:38:03,168 [pool-167-thread-1] INFO  server.RaftServerConfigKeys (ConfUtils.java:logGet(43)) - raft.server.rpc.timeout.max = 1200ms (custom)
2019-09-26 20:38:03,168 [pool-167-thread-1] INFO  server.RaftServerConfigKeys (ConfUtils.java:logGet(43)) - raft.server.rpcslowness.timeout = 120s (custom)
2019-09-26 20:38:03,168 [pool-167-thread-1] INFO  server.RaftServerConfigKeys (ConfUtils.java:logGet(43)) - raft.server.sleep.deviation.threshold = 300 (default)
2019-09-26 20:38:03,168 [pool-167-thread-1] INFO  server.RaftServerConfigKeys (ConfUtils.java:logGet(43)) - raft.server.log.appender.install.snapshot.enabled = false (custom)
2019-09-26 20:38:03,168 [pool-167-thread-1] INFO  impl.RaftServerImpl (ServerState.java:<init>(103)) - e791874c-b2f4-4f7f-9315-0432fb0d59cd@group-B369B74B4EB4: ConfigurationManager, init=-1: [e791874c-b2f4-4f7f-9315-0432fb0d59cd:192.168.151.109:35942], old=null, confs=<EMPTY_MAP>
2019-09-26 20:38:03,169 [pool-167-thread-1] INFO  server.RaftServerConfigKeys (ConfUtils.java:logGet(43)) - raft.server.storage.dir = [/workdir/hadoop-ozone/integration-test/target/test-dir/MiniOzoneClusterImpl-6cd5981c-8f90-4fde-9f17-131d20e6bdb9/datanode-2/data/ratis] (custom)
2019-09-26 20:38:03,169 [pool-167-thread-1] INFO  storage.RaftStorageDirectory (RaftStorageDirectory.java:analyzeStorage(246)) - The storage directory /workdir/hadoop-ozone/integration-test/target/test-dir/MiniOzoneClusterImpl-6cd5981c-8f90-4fde-9f17-131d20e6bdb9/datanode-2/data/ratis/2f276231-12f0-41b7-974d-b369b74b4eb4 does not exist. Creating ...
2019-09-26 20:38:03,182 [pool-167-thread-1] INFO  storage.RaftStorageDirectory (RaftStorageDirectory.java:tryLock(328)) - Lock on /workdir/hadoop-ozone/integration-test/target/test-dir/MiniOzoneClusterImpl-6cd5981c-8f90-4fde-9f17-131d20e6bdb9/datanode-2/data/ratis/2f276231-12f0-41b7-974d-b369b74b4eb4/in_use.lock acquired by nodename 4010@pr-hdds-2162-kpcbn-4093309294
2019-09-26 20:38:03,196 [pool-167-thread-1] INFO  storage.RaftStorage (RaftStorage.java:format(72)) - Storage directory /workdir/hadoop-ozone/integration-test/target/test-dir/MiniOzoneClusterImpl-6cd5981c-8f90-4fde-9f17-131d20e6bdb9/datanode-2/data/ratis/2f276231-12f0-41b7-974d-b369b74b4eb4 has been successfully formatted.
2019-09-26 20:38:03,197 [pool-167-thread-1] INFO  ratis.ContainerStateMachine (ContainerStateMachine.java:loadSnapshot(230)) - group-B369B74B4EB4: The snapshot info is null. Setting the last applied indexto:(t:0, i:~)
2019-09-26 20:38:03,197 [pool-167-thread-1] INFO  server.RaftServerConfigKeys (ConfUtils.java:logGet(43)) - raft.server.notification.no-leader.timeout = 120s (custom)
2019-09-26 20:38:03,197 [pool-167-thread-1] INFO  server.RaftServerConfigKeys (ConfUtils.java:logGet(43)) - raft.server.log.use.memory = false (default)
2019-09-26 20:38:03,197 [pool-167-thread-1] INFO  server.RaftServerConfigKeys (ConfUtils.java:logGet(43)) - raft.server.log.purge.gap = 1000000 (custom)
2019-09-26 20:38:03,197 [pool-167-thread-1] INFO  server.RaftServerConfigKeys (ConfUtils.java:logGet(43)) - raft.server.log.appender.buffer.byte-limit = 33554432 (custom)
2019-09-26 20:38:03,198 [pool-167-thread-1] INFO  server.RaftServerConfigKeys (ConfUtils.java:logGet(43)) - raft.server.log.segment.size.max = 1048576 (custom)
2019-09-26 20:38:03,198 [pool-167-thread-1] INFO  server.RaftServerConfigKeys (ConfUtils.java:logGet(43)) - raft.server.log.segment.cache.num.max = 2 (custom)
2019-09-26 20:38:03,198 [pool-167-thread-1] INFO  segmented.SegmentedRaftLogWorker (SegmentedRaftLogWorker.java:<init>(172)) - new e791874c-b2f4-4f7f-9315-0432fb0d59cd@group-B369B74B4EB4-SegmentedRaftLogWorker for RaftStorage:Storage Directory /workdir/hadoop-ozone/integration-test/target/test-dir/MiniOzoneClusterImpl-6cd5981c-8f90-4fde-9f17-131d20e6bdb9/datanode-2/data/ratis/2f276231-12f0-41b7-974d-b369b74b4eb4
2019-09-26 20:38:03,201 [pool-167-thread-1] INFO  server.RaftServerConfigKeys (ConfUtils.java:logGet(43)) - raft.server.log.queue.byte-limit = 2147483647 (custom)
2019-09-26 20:38:03,201 [pool-167-thread-1] INFO  server.RaftServerConfigKeys (ConfUtils.java:logGet(43)) - raft.server.log.queue.element-limit = 1024 (custom)
2019-09-26 20:38:03,202 [IPC Server handler 4 on 41931] INFO  net.NetworkTopology (NetworkTopologyImpl.java:add(111)) - Added a new node: /default-rack/983810e7-c78f-49e0-935f-b72803bc8b97
2019-09-26 20:38:03,202 [pool-167-thread-1] INFO  server.RaftServerConfigKeys (ConfUtils.java:logGet(43)) - raft.server.log.segment.size.max = 1048576 (custom)
2019-09-26 20:38:03,202 [IPC Server handler 4 on 41931] INFO  node.SCMNodeManager (SCMNodeManager.java:register(266)) - Registered Data node : 983810e7-c78f-49e0-935f-b72803bc8b97{ip: 192.168.151.109, host: pr-hdds-2162-kpcbn-4093309294, networkLocation: /default-rack, certSerialId: null}
2019-09-26 20:38:03,202 [pool-167-thread-1] INFO  server.RaftServerConfigKeys (ConfUtils.java:logGet(43)) - raft.server.log.preallocated.size = 16384 (custom)
2019-09-26 20:38:03,202 [pool-167-thread-1] INFO  server.RaftServerConfigKeys (ConfUtils.java:logGet(43)) - raft.server.log.write.buffer.size = 33554432 (custom)
2019-09-26 20:38:03,202 [pool-167-thread-1] INFO  server.RaftServerConfigKeys (ConfUtils.java:logGet(43)) - raft.server.log.force.sync.num = 128 (default)
2019-09-26 20:38:03,203 [pool-167-thread-1] INFO  server.RaftServerConfigKeys (ConfUtils.java:logGet(43)) - raft.server.log.statemachine.data.sync = true (default)
2019-09-26 20:38:03,203 [pool-167-thread-1] INFO  server.RaftServerConfigKeys (ConfUtils.java:logGet(43)) - raft.server.log.statemachine.data.sync.timeout = 10s (default)
2019-09-26 20:38:03,203 [pool-167-thread-1] INFO  server.RaftServerConfigKeys (ConfUtils.java:logGet(43)) - raft.server.log.statemachine.data.sync.timeout.retry = -1 (default)
2019-09-26 20:38:03,203 [pool-167-thread-1] INFO  server.RaftServerConfigKeys (ConfUtils.java:logGet(43)) - raft.server.log.statemachine.data.caching.enabled = true (custom)
2019-09-26 20:38:03,204 [pool-167-thread-1] INFO  segmented.SegmentedRaftLogWorker (SegmentedRaftLogWorker.java:lambda$new$0(132)) - e791874c-b2f4-4f7f-9315-0432fb0d59cd@group-B369B74B4EB4-SegmentedRaftLogWorker: flushIndex: setUnconditionally 0 -> -1
2019-09-26 20:38:03,204 [pool-167-thread-1] INFO  server.RaftServerConfigKeys (ConfUtils.java:logGet(43)) - raft.server.snapshot.auto.trigger.enabled = true (custom)
2019-09-26 20:38:03,204 [pool-167-thread-1] INFO  server.RaftServerConfigKeys (ConfUtils.java:logGet(43)) - raft.server.snapshot.auto.trigger.threshold = 10000 (custom)
2019-09-26 20:38:03,204 [pool-167-thread-1] INFO  server.RaftServerConfigKeys (ConfUtils.java:logGet(43)) - raft.server.snapshot.retention.num.files = 5 (custom)
2019-09-26 20:38:03,205 [pool-167-thread-1] INFO  server.RaftServerConfigKeys (ConfUtils.java:logGet(43)) - raft.server.retrycache.expirytime = 600000ms (custom)
2019-09-26 20:38:03,207 [pool-167-thread-1] INFO  impl.RaftServerImpl (RaftServerImpl.java:start(185)) - e791874c-b2f4-4f7f-9315-0432fb0d59cd@group-B369B74B4EB4: start as a follower, conf=-1: [e791874c-b2f4-4f7f-9315-0432fb0d59cd:192.168.151.109:35942], old=null
2019-09-26 20:38:03,208 [pool-167-thread-1] INFO  impl.RaftServerImpl (RaftServerImpl.java:setRole(174)) - e791874c-b2f4-4f7f-9315-0432fb0d59cd@group-B369B74B4EB4: changes role from      null to FOLLOWER at term 0 for startAsFollower
2019-09-26 20:38:03,208 [pool-167-thread-1] INFO  impl.RoleInfo (RoleInfo.java:updateAndGet(143)) - e791874c-b2f4-4f7f-9315-0432fb0d59cd: start FollowerState
2019-09-26 20:38:03,208 [pool-167-thread-1] INFO  util.JmxRegister (JmxRegister.java:tryRegister(44)) - Successfully registered JMX Bean with object name Ratis:service=RaftServer,group=group-B369B74B4EB4,id=e791874c-b2f4-4f7f-9315-0432fb0d59cd
2019-09-26 20:38:03,214 [RatisPipelineUtilsThread] INFO  pipeline.PipelineStateManager (PipelineStateManager.java:addPipeline(56)) - Created pipeline Pipeline[ Id: 2f276231-12f0-41b7-974d-b369b74b4eb4, Nodes: e791874c-b2f4-4f7f-9315-0432fb0d59cd{ip: 192.168.151.109, host: pr-hdds-2162-kpcbn-4093309294, networkLocation: /default-rack, certSerialId: null}, Type:RATIS, Factor:ONE, State:OPEN]
2019-09-26 20:38:03,229 [grpc-default-executor-0] INFO  impl.RaftServerProxy (RaftServerProxy.java:addNew(89)) - 983810e7-c78f-49e0-935f-b72803bc8b97: addNew group-2CB849279973:[983810e7-c78f-49e0-935f-b72803bc8b97:192.168.151.109:43601] returns group-2CB849279973:java.util.concurrent.CompletableFuture@7d5a173a[Not completed]
2019-09-26 20:38:03,230 [pool-177-thread-1] INFO  impl.RaftServerImpl (RaftServerImpl.java:<init>(95)) - 983810e7-c78f-49e0-935f-b72803bc8b97: new RaftServerImpl for group-2CB849279973:[983810e7-c78f-49e0-935f-b72803bc8b97:192.168.151.109:43601] with ContainerStateMachine:uninitialized
2019-09-26 20:38:03,230 [pool-177-thread-1] INFO  server.RaftServerConfigKeys (ConfUtils.java:logGet(43)) - raft.server.rpc.timeout.min = 1s (custom)
2019-09-26 20:38:03,231 [pool-177-thread-1] INFO  server.RaftServerConfigKeys (ConfUtils.java:logGet(43)) - raft.server.rpc.timeout.max = 1200ms (custom)
2019-09-26 20:38:03,231 [pool-177-thread-1] INFO  server.RaftServerConfigKeys (ConfUtils.java:logGet(43)) - raft.server.rpcslowness.timeout = 120s (custom)
2019-09-26 20:38:03,231 [pool-177-thread-1] INFO  server.RaftServerConfigKeys (ConfUtils.java:logGet(43)) - raft.server.sleep.deviation.threshold = 300 (default)
2019-09-26 20:38:03,231 [pool-177-thread-1] INFO  server.RaftServerConfigKeys (ConfUtils.java:logGet(43)) - raft.server.log.appender.install.snapshot.enabled = false (custom)
2019-09-26 20:38:03,231 [pool-177-thread-1] INFO  impl.RaftServerImpl (ServerState.java:<init>(103)) - 983810e7-c78f-49e0-935f-b72803bc8b97@group-2CB849279973: ConfigurationManager, init=-1: [983810e7-c78f-49e0-935f-b72803bc8b97:192.168.151.109:43601], old=null, confs=<EMPTY_MAP>
2019-09-26 20:38:03,232 [pool-177-thread-1] INFO  server.RaftServerConfigKeys (ConfUtils.java:logGet(43)) - raft.server.storage.dir = [/workdir/hadoop-ozone/integration-test/target/test-dir/MiniOzoneClusterImpl-6cd5981c-8f90-4fde-9f17-131d20e6bdb9/datanode-3/data/ratis] (custom)
2019-09-26 20:38:03,232 [pool-177-thread-1] INFO  storage.RaftStorageDirectory (RaftStorageDirectory.java:analyzeStorage(246)) - The storage directory /workdir/hadoop-ozone/integration-test/target/test-dir/MiniOzoneClusterImpl-6cd5981c-8f90-4fde-9f17-131d20e6bdb9/datanode-3/data/ratis/6244fff7-de5c-487a-94fb-2cb849279973 does not exist. Creating ...
2019-09-26 20:38:03,243 [pool-177-thread-1] INFO  storage.RaftStorageDirectory (RaftStorageDirectory.java:tryLock(328)) - Lock on /workdir/hadoop-ozone/integration-test/target/test-dir/MiniOzoneClusterImpl-6cd5981c-8f90-4fde-9f17-131d20e6bdb9/datanode-3/data/ratis/6244fff7-de5c-487a-94fb-2cb849279973/in_use.lock acquired by nodename 4010@pr-hdds-2162-kpcbn-4093309294
2019-09-26 20:38:03,256 [pool-177-thread-1] INFO  storage.RaftStorage (RaftStorage.java:format(72)) - Storage directory /workdir/hadoop-ozone/integration-test/target/test-dir/MiniOzoneClusterImpl-6cd5981c-8f90-4fde-9f17-131d20e6bdb9/datanode-3/data/ratis/6244fff7-de5c-487a-94fb-2cb849279973 has been successfully formatted.
2019-09-26 20:38:03,256 [pool-177-thread-1] INFO  ratis.ContainerStateMachine (ContainerStateMachine.java:loadSnapshot(230)) - group-2CB849279973: The snapshot info is null. Setting the last applied indexto:(t:0, i:~)
2019-09-26 20:38:03,256 [pool-177-thread-1] INFO  server.RaftServerConfigKeys (ConfUtils.java:logGet(43)) - raft.server.notification.no-leader.timeout = 120s (custom)
2019-09-26 20:38:03,257 [pool-177-thread-1] INFO  server.RaftServerConfigKeys (ConfUtils.java:logGet(43)) - raft.server.log.use.memory = false (default)
2019-09-26 20:38:03,257 [pool-177-thread-1] INFO  server.RaftServerConfigKeys (ConfUtils.java:logGet(43)) - raft.server.log.purge.gap = 1000000 (custom)
2019-09-26 20:38:03,257 [pool-177-thread-1] INFO  server.RaftServerConfigKeys (ConfUtils.java:logGet(43)) - raft.server.log.appender.buffer.byte-limit = 33554432 (custom)
2019-09-26 20:38:03,257 [pool-177-thread-1] INFO  server.RaftServerConfigKeys (ConfUtils.java:logGet(43)) - raft.server.log.segment.size.max = 1048576 (custom)
2019-09-26 20:38:03,258 [pool-177-thread-1] INFO  server.RaftServerConfigKeys (ConfUtils.java:logGet(43)) - raft.server.log.segment.cache.num.max = 2 (custom)
2019-09-26 20:38:03,258 [pool-177-thread-1] INFO  segmented.SegmentedRaftLogWorker (SegmentedRaftLogWorker.java:<init>(172)) - new 983810e7-c78f-49e0-935f-b72803bc8b97@group-2CB849279973-SegmentedRaftLogWorker for RaftStorage:Storage Directory /workdir/hadoop-ozone/integration-test/target/test-dir/MiniOzoneClusterImpl-6cd5981c-8f90-4fde-9f17-131d20e6bdb9/datanode-3/data/ratis/6244fff7-de5c-487a-94fb-2cb849279973
2019-09-26 20:38:03,260 [pool-177-thread-1] INFO  server.RaftServerConfigKeys (ConfUtils.java:logGet(43)) - raft.server.log.queue.byte-limit = 2147483647 (custom)
2019-09-26 20:38:03,261 [pool-177-thread-1] INFO  server.RaftServerConfigKeys (ConfUtils.java:logGet(43)) - raft.server.log.queue.element-limit = 1024 (custom)
2019-09-26 20:38:03,261 [pool-177-thread-1] INFO  server.RaftServerConfigKeys (ConfUtils.java:logGet(43)) - raft.server.log.segment.size.max = 1048576 (custom)
2019-09-26 20:38:03,261 [pool-177-thread-1] INFO  server.RaftServerConfigKeys (ConfUtils.java:logGet(43)) - raft.server.log.preallocated.size = 16384 (custom)
2019-09-26 20:38:03,261 [pool-177-thread-1] INFO  server.RaftServerConfigKeys (ConfUtils.java:logGet(43)) - raft.server.log.write.buffer.size = 33554432 (custom)
2019-09-26 20:38:03,261 [pool-177-thread-1] INFO  server.RaftServerConfigKeys (ConfUtils.java:logGet(43)) - raft.server.log.force.sync.num = 128 (default)
2019-09-26 20:38:03,261 [pool-177-thread-1] INFO  server.RaftServerConfigKeys (ConfUtils.java:logGet(43)) - raft.server.log.statemachine.data.sync = true (default)
2019-09-26 20:38:03,262 [pool-177-thread-1] INFO  server.RaftServerConfigKeys (ConfUtils.java:logGet(43)) - raft.server.log.statemachine.data.sync.timeout = 10s (default)
2019-09-26 20:38:03,262 [pool-177-thread-1] INFO  server.RaftServerConfigKeys (ConfUtils.java:logGet(43)) - raft.server.log.statemachine.data.sync.timeout.retry = -1 (default)
2019-09-26 20:38:03,262 [pool-177-thread-1] INFO  server.RaftServerConfigKeys (ConfUtils.java:logGet(43)) - raft.server.log.statemachine.data.caching.enabled = true (custom)
2019-09-26 20:38:03,263 [pool-177-thread-1] INFO  segmented.SegmentedRaftLogWorker (SegmentedRaftLogWorker.java:lambda$new$0(132)) - 983810e7-c78f-49e0-935f-b72803bc8b97@group-2CB849279973-SegmentedRaftLogWorker: flushIndex: setUnconditionally 0 -> -1
2019-09-26 20:38:03,263 [pool-177-thread-1] INFO  server.RaftServerConfigKeys (ConfUtils.java:logGet(43)) - raft.server.snapshot.auto.trigger.enabled = true (custom)
2019-09-26 20:38:03,263 [pool-177-thread-1] INFO  server.RaftServerConfigKeys (ConfUtils.java:logGet(43)) - raft.server.snapshot.auto.trigger.threshold = 10000 (custom)
2019-09-26 20:38:03,263 [pool-177-thread-1] INFO  server.RaftServerConfigKeys (ConfUtils.java:logGet(43)) - raft.server.snapshot.retention.num.files = 5 (custom)
2019-09-26 20:38:03,263 [pool-177-thread-1] INFO  server.RaftServerConfigKeys (ConfUtils.java:logGet(43)) - raft.server.retrycache.expirytime = 600000ms (custom)
2019-09-26 20:38:03,266 [pool-177-thread-1] INFO  impl.RaftServerImpl (RaftServerImpl.java:start(185)) - 983810e7-c78f-49e0-935f-b72803bc8b97@group-2CB849279973: start as a follower, conf=-1: [983810e7-c78f-49e0-935f-b72803bc8b97:192.168.151.109:43601], old=null
2019-09-26 20:38:03,266 [pool-177-thread-1] INFO  impl.RaftServerImpl (RaftServerImpl.java:setRole(174)) - 983810e7-c78f-49e0-935f-b72803bc8b97@group-2CB849279973: changes role from      null to FOLLOWER at term 0 for startAsFollower
2019-09-26 20:38:03,266 [pool-177-thread-1] INFO  impl.RoleInfo (RoleInfo.java:updateAndGet(143)) - 983810e7-c78f-49e0-935f-b72803bc8b97: start FollowerState
2019-09-26 20:38:03,267 [pool-177-thread-1] INFO  util.JmxRegister (JmxRegister.java:tryRegister(44)) - Successfully registered JMX Bean with object name Ratis:service=RaftServer,group=group-2CB849279973,id=983810e7-c78f-49e0-935f-b72803bc8b97
2019-09-26 20:38:03,272 [RatisPipelineUtilsThread] INFO  pipeline.PipelineStateManager (PipelineStateManager.java:addPipeline(56)) - Created pipeline Pipeline[ Id: 6244fff7-de5c-487a-94fb-2cb849279973, Nodes: 983810e7-c78f-49e0-935f-b72803bc8b97{ip: 192.168.151.109, host: pr-hdds-2162-kpcbn-4093309294, networkLocation: /default-rack, certSerialId: null}, Type:RATIS, Factor:ONE, State:OPEN]
2019-09-26 20:38:03,287 [IPC Server handler 5 on 41931] INFO  net.NetworkTopology (NetworkTopologyImpl.java:add(111)) - Added a new node: /default-rack/23e65fe1-92f4-4d18-88b6-12afdf835ab8
2019-09-26 20:38:03,287 [IPC Server handler 5 on 41931] INFO  node.SCMNodeManager (SCMNodeManager.java:register(266)) - Registered Data node : 23e65fe1-92f4-4d18-88b6-12afdf835ab8{ip: 192.168.151.109, host: pr-hdds-2162-kpcbn-4093309294, networkLocation: /default-rack, certSerialId: null}
2019-09-26 20:38:03,289 [grpc-default-executor-1] INFO  impl.RaftServerProxy (RaftServerProxy.java:addNew(89)) - 941e0be9-b5d2-45a7-942a-524150895db1: addNew group-E2B3CFB2BAD3:[e791874c-b2f4-4f7f-9315-0432fb0d59cd:192.168.151.109:35942, 789644c6-b1e7-452a-be32-1d295418bb68:192.168.151.109:42694, 941e0be9-b5d2-45a7-942a-524150895db1:192.168.151.109:36037] returns group-E2B3CFB2BAD3:java.util.concurrent.CompletableFuture@2bf5f0e7[Not completed]
2019-09-26 20:38:03,289 [grpc-default-executor-0] INFO  impl.RaftServerProxy (RaftServerProxy.java:addNew(89)) - e791874c-b2f4-4f7f-9315-0432fb0d59cd: addNew group-E2B3CFB2BAD3:[e791874c-b2f4-4f7f-9315-0432fb0d59cd:192.168.151.109:35942, 789644c6-b1e7-452a-be32-1d295418bb68:192.168.151.109:42694, 941e0be9-b5d2-45a7-942a-524150895db1:192.168.151.109:36037] returns group-E2B3CFB2BAD3:java.util.concurrent.CompletableFuture@61d3e155[Not completed]
2019-09-26 20:38:03,289 [grpc-default-executor-2] INFO  impl.RaftServerProxy (RaftServerProxy.java:addNew(89)) - 789644c6-b1e7-452a-be32-1d295418bb68: addNew group-E2B3CFB2BAD3:[e791874c-b2f4-4f7f-9315-0432fb0d59cd:192.168.151.109:35942, 789644c6-b1e7-452a-be32-1d295418bb68:192.168.151.109:42694, 941e0be9-b5d2-45a7-942a-524150895db1:192.168.151.109:36037] returns group-E2B3CFB2BAD3:java.util.concurrent.CompletableFuture@158bfc89[Not completed]
2019-09-26 20:38:03,291 [pool-157-thread-1] INFO  impl.RaftServerImpl (RaftServerImpl.java:<init>(95)) - 941e0be9-b5d2-45a7-942a-524150895db1: new RaftServerImpl for group-E2B3CFB2BAD3:[e791874c-b2f4-4f7f-9315-0432fb0d59cd:192.168.151.109:35942, 789644c6-b1e7-452a-be32-1d295418bb68:192.168.151.109:42694, 941e0be9-b5d2-45a7-942a-524150895db1:192.168.151.109:36037] with ContainerStateMachine:uninitialized
2019-09-26 20:38:03,291 [pool-157-thread-1] INFO  server.RaftServerConfigKeys (ConfUtils.java:logGet(43)) - raft.server.rpc.timeout.min = 1s (custom)
2019-09-26 20:38:03,291 [pool-157-thread-1] INFO  server.RaftServerConfigKeys (ConfUtils.java:logGet(43)) - raft.server.rpc.timeout.max = 1200ms (custom)
2019-09-26 20:38:03,291 [pool-157-thread-1] INFO  server.RaftServerConfigKeys (ConfUtils.java:logGet(43)) - raft.server.rpcslowness.timeout = 120s (custom)
2019-09-26 20:38:03,291 [pool-157-thread-1] INFO  server.RaftServerConfigKeys (ConfUtils.java:logGet(43)) - raft.server.sleep.deviation.threshold = 300 (default)
2019-09-26 20:38:03,291 [pool-157-thread-1] INFO  server.RaftServerConfigKeys (ConfUtils.java:logGet(43)) - raft.server.log.appender.install.snapshot.enabled = false (custom)
2019-09-26 20:38:03,292 [pool-157-thread-1] INFO  impl.RaftServerImpl (ServerState.java:<init>(103)) - 941e0be9-b5d2-45a7-942a-524150895db1@group-E2B3CFB2BAD3: ConfigurationManager, init=-1: [e791874c-b2f4-4f7f-9315-0432fb0d59cd:192.168.151.109:35942, 789644c6-b1e7-452a-be32-1d295418bb68:192.168.151.109:42694, 941e0be9-b5d2-45a7-942a-524150895db1:192.168.151.109:36037], old=null, confs=<EMPTY_MAP>
2019-09-26 20:38:03,292 [pool-157-thread-1] INFO  server.RaftServerConfigKeys (ConfUtils.java:logGet(43)) - raft.server.storage.dir = [/workdir/hadoop-ozone/integration-test/target/test-dir/MiniOzoneClusterImpl-6cd5981c-8f90-4fde-9f17-131d20e6bdb9/datanode-1/data/ratis] (custom)
2019-09-26 20:38:03,292 [pool-157-thread-1] INFO  storage.RaftStorageDirectory (RaftStorageDirectory.java:analyzeStorage(246)) - The storage directory /workdir/hadoop-ozone/integration-test/target/test-dir/MiniOzoneClusterImpl-6cd5981c-8f90-4fde-9f17-131d20e6bdb9/datanode-1/data/ratis/80a730c8-f6a9-40f1-bae8-e2b3cfb2bad3 does not exist. Creating ...
2019-09-26 20:38:03,293 [pool-167-thread-1] INFO  impl.RaftServerImpl (RaftServerImpl.java:<init>(95)) - e791874c-b2f4-4f7f-9315-0432fb0d59cd: new RaftServerImpl for group-E2B3CFB2BAD3:[e791874c-b2f4-4f7f-9315-0432fb0d59cd:192.168.151.109:35942, 789644c6-b1e7-452a-be32-1d295418bb68:192.168.151.109:42694, 941e0be9-b5d2-45a7-942a-524150895db1:192.168.151.109:36037] with ContainerStateMachine:uninitialized
2019-09-26 20:38:03,293 [pool-167-thread-1] INFO  server.RaftServerConfigKeys (ConfUtils.java:logGet(43)) - raft.server.rpc.timeout.min = 1s (custom)
2019-09-26 20:38:03,293 [pool-167-thread-1] INFO  server.RaftServerConfigKeys (ConfUtils.java:logGet(43)) - raft.server.rpc.timeout.max = 1200ms (custom)
2019-09-26 20:38:03,293 [pool-147-thread-1] INFO  impl.RaftServerImpl (RaftServerImpl.java:<init>(95)) - 789644c6-b1e7-452a-be32-1d295418bb68: new RaftServerImpl for group-E2B3CFB2BAD3:[e791874c-b2f4-4f7f-9315-0432fb0d59cd:192.168.151.109:35942, 789644c6-b1e7-452a-be32-1d295418bb68:192.168.151.109:42694, 941e0be9-b5d2-45a7-942a-524150895db1:192.168.151.109:36037] with ContainerStateMachine:uninitialized
2019-09-26 20:38:03,293 [pool-167-thread-1] INFO  server.RaftServerConfigKeys (ConfUtils.java:logGet(43)) - raft.server.rpcslowness.timeout = 120s (custom)
2019-09-26 20:38:03,294 [pool-147-thread-1] INFO  server.RaftServerConfigKeys (ConfUtils.java:logGet(43)) - raft.server.rpc.timeout.min = 1s (custom)
2019-09-26 20:38:03,294 [pool-167-thread-1] INFO  server.RaftServerConfigKeys (ConfUtils.java:logGet(43)) - raft.server.sleep.deviation.threshold = 300 (default)
2019-09-26 20:38:03,294 [pool-147-thread-1] INFO  server.RaftServerConfigKeys (ConfUtils.java:logGet(43)) - raft.server.rpc.timeout.max = 1200ms (custom)
2019-09-26 20:38:03,294 [pool-167-thread-1] INFO  server.RaftServerConfigKeys (ConfUtils.java:logGet(43)) - raft.server.log.appender.install.snapshot.enabled = false (custom)
2019-09-26 20:38:03,294 [pool-147-thread-1] INFO  server.RaftServerConfigKeys (ConfUtils.java:logGet(43)) - raft.server.rpcslowness.timeout = 120s (custom)
2019-09-26 20:38:03,294 [pool-167-thread-1] INFO  impl.RaftServerImpl (ServerState.java:<init>(103)) - e791874c-b2f4-4f7f-9315-0432fb0d59cd@group-E2B3CFB2BAD3: ConfigurationManager, init=-1: [e791874c-b2f4-4f7f-9315-0432fb0d59cd:192.168.151.109:35942, 789644c6-b1e7-452a-be32-1d295418bb68:192.168.151.109:42694, 941e0be9-b5d2-45a7-942a-524150895db1:192.168.151.109:36037], old=null, confs=<EMPTY_MAP>
2019-09-26 20:38:03,294 [pool-147-thread-1] INFO  server.RaftServerConfigKeys (ConfUtils.java:logGet(43)) - raft.server.sleep.deviation.threshold = 300 (default)
2019-09-26 20:38:03,295 [pool-167-thread-1] INFO  server.RaftServerConfigKeys (ConfUtils.java:logGet(43)) - raft.server.storage.dir = [/workdir/hadoop-ozone/integration-test/target/test-dir/MiniOzoneClusterImpl-6cd5981c-8f90-4fde-9f17-131d20e6bdb9/datanode-2/data/ratis] (custom)
2019-09-26 20:38:03,295 [pool-147-thread-1] INFO  server.RaftServerConfigKeys (ConfUtils.java:logGet(43)) - raft.server.log.appender.install.snapshot.enabled = false (custom)
2019-09-26 20:38:03,295 [pool-147-thread-1] INFO  impl.RaftServerImpl (ServerState.java:<init>(103)) - 789644c6-b1e7-452a-be32-1d295418bb68@group-E2B3CFB2BAD3: ConfigurationManager, init=-1: [e791874c-b2f4-4f7f-9315-0432fb0d59cd:192.168.151.109:35942, 789644c6-b1e7-452a-be32-1d295418bb68:192.168.151.109:42694, 941e0be9-b5d2-45a7-942a-524150895db1:192.168.151.109:36037], old=null, confs=<EMPTY_MAP>
2019-09-26 20:38:03,295 [pool-147-thread-1] INFO  server.RaftServerConfigKeys (ConfUtils.java:logGet(43)) - raft.server.storage.dir = [/workdir/hadoop-ozone/integration-test/target/test-dir/MiniOzoneClusterImpl-6cd5981c-8f90-4fde-9f17-131d20e6bdb9/datanode-0/data/ratis] (custom)
2019-09-26 20:38:03,295 [pool-167-thread-1] INFO  storage.RaftStorageDirectory (RaftStorageDirectory.java:analyzeStorage(246)) - The storage directory /workdir/hadoop-ozone/integration-test/target/test-dir/MiniOzoneClusterImpl-6cd5981c-8f90-4fde-9f17-131d20e6bdb9/datanode-2/data/ratis/80a730c8-f6a9-40f1-bae8-e2b3cfb2bad3 does not exist. Creating ...
2019-09-26 20:38:03,296 [pool-147-thread-1] INFO  storage.RaftStorageDirectory (RaftStorageDirectory.java:analyzeStorage(246)) - The storage directory /workdir/hadoop-ozone/integration-test/target/test-dir/MiniOzoneClusterImpl-6cd5981c-8f90-4fde-9f17-131d20e6bdb9/datanode-0/data/ratis/80a730c8-f6a9-40f1-bae8-e2b3cfb2bad3 does not exist. Creating ...
2019-09-26 20:38:03,305 [pool-157-thread-1] INFO  storage.RaftStorageDirectory (RaftStorageDirectory.java:tryLock(328)) - Lock on /workdir/hadoop-ozone/integration-test/target/test-dir/MiniOzoneClusterImpl-6cd5981c-8f90-4fde-9f17-131d20e6bdb9/datanode-1/data/ratis/80a730c8-f6a9-40f1-bae8-e2b3cfb2bad3/in_use.lock acquired by nodename 4010@pr-hdds-2162-kpcbn-4093309294
2019-09-26 20:38:03,305 [pool-167-thread-1] INFO  storage.RaftStorageDirectory (RaftStorageDirectory.java:tryLock(328)) - Lock on /workdir/hadoop-ozone/integration-test/target/test-dir/MiniOzoneClusterImpl-6cd5981c-8f90-4fde-9f17-131d20e6bdb9/datanode-2/data/ratis/80a730c8-f6a9-40f1-bae8-e2b3cfb2bad3/in_use.lock acquired by nodename 4010@pr-hdds-2162-kpcbn-4093309294
2019-09-26 20:38:03,305 [pool-147-thread-1] INFO  storage.RaftStorageDirectory (RaftStorageDirectory.java:tryLock(328)) - Lock on /workdir/hadoop-ozone/integration-test/target/test-dir/MiniOzoneClusterImpl-6cd5981c-8f90-4fde-9f17-131d20e6bdb9/datanode-0/data/ratis/80a730c8-f6a9-40f1-bae8-e2b3cfb2bad3/in_use.lock acquired by nodename 4010@pr-hdds-2162-kpcbn-4093309294
2019-09-26 20:38:03,327 [pool-157-thread-1] INFO  storage.RaftStorage (RaftStorage.java:format(72)) - Storage directory /workdir/hadoop-ozone/integration-test/target/test-dir/MiniOzoneClusterImpl-6cd5981c-8f90-4fde-9f17-131d20e6bdb9/datanode-1/data/ratis/80a730c8-f6a9-40f1-bae8-e2b3cfb2bad3 has been successfully formatted.
2019-09-26 20:38:03,327 [pool-167-thread-1] INFO  storage.RaftStorage (RaftStorage.java:format(72)) - Storage directory /workdir/hadoop-ozone/integration-test/target/test-dir/MiniOzoneClusterImpl-6cd5981c-8f90-4fde-9f17-131d20e6bdb9/datanode-2/data/ratis/80a730c8-f6a9-40f1-bae8-e2b3cfb2bad3 has been successfully formatted.
2019-09-26 20:38:03,327 [pool-147-thread-1] INFO  storage.RaftStorage (RaftStorage.java:format(72)) - Storage directory /workdir/hadoop-ozone/integration-test/target/test-dir/MiniOzoneClusterImpl-6cd5981c-8f90-4fde-9f17-131d20e6bdb9/datanode-0/data/ratis/80a730c8-f6a9-40f1-bae8-e2b3cfb2bad3 has been successfully formatted.
2019-09-26 20:38:03,327 [pool-157-thread-1] INFO  ratis.ContainerStateMachine (ContainerStateMachine.java:loadSnapshot(230)) - group-E2B3CFB2BAD3: The snapshot info is null. Setting the last applied indexto:(t:0, i:~)
2019-09-26 20:38:03,328 [pool-147-thread-1] INFO  ratis.ContainerStateMachine (ContainerStateMachine.java:loadSnapshot(230)) - group-E2B3CFB2BAD3: The snapshot info is null. Setting the last applied indexto:(t:0, i:~)
2019-09-26 20:38:03,328 [pool-157-thread-1] INFO  server.RaftServerConfigKeys (ConfUtils.java:logGet(43)) - raft.server.notification.no-leader.timeout = 120s (custom)
2019-09-26 20:38:03,328 [pool-167-thread-1] INFO  ratis.ContainerStateMachine (ContainerStateMachine.java:loadSnapshot(230)) - group-E2B3CFB2BAD3: The snapshot info is null. Setting the last applied indexto:(t:0, i:~)
2019-09-26 20:38:03,328 [pool-157-thread-1] INFO  server.RaftServerConfigKeys (ConfUtils.java:logGet(43)) - raft.server.log.use.memory = false (default)
2019-09-26 20:38:03,328 [pool-147-thread-1] INFO  server.RaftServerConfigKeys (ConfUtils.java:logGet(43)) - raft.server.notification.no-leader.timeout = 120s (custom)
2019-09-26 20:38:03,328 [pool-157-thread-1] INFO  server.RaftServerConfigKeys (ConfUtils.java:logGet(43)) - raft.server.log.purge.gap = 1000000 (custom)
2019-09-26 20:38:03,328 [pool-167-thread-1] INFO  server.RaftServerConfigKeys (ConfUtils.java:logGet(43)) - raft.server.notification.no-leader.timeout = 120s (custom)
2019-09-26 20:38:03,329 [pool-157-thread-1] INFO  server.RaftServerConfigKeys (ConfUtils.java:logGet(43)) - raft.server.log.appender.buffer.byte-limit = 33554432 (custom)
2019-09-26 20:38:03,328 [pool-147-thread-1] INFO  server.RaftServerConfigKeys (ConfUtils.java:logGet(43)) - raft.server.log.use.memory = false (default)
2019-09-26 20:38:03,329 [pool-157-thread-1] INFO  server.RaftServerConfigKeys (ConfUtils.java:logGet(43)) - raft.server.log.segment.size.max = 1048576 (custom)
2019-09-26 20:38:03,329 [pool-167-thread-1] INFO  server.RaftServerConfigKeys (ConfUtils.java:logGet(43)) - raft.server.log.use.memory = false (default)
2019-09-26 20:38:03,329 [pool-157-thread-1] INFO  server.RaftServerConfigKeys (ConfUtils.java:logGet(43)) - raft.server.log.segment.cache.num.max = 2 (custom)
2019-09-26 20:38:03,329 [pool-147-thread-1] INFO  server.RaftServerConfigKeys (ConfUtils.java:logGet(43)) - raft.server.log.purge.gap = 1000000 (custom)
2019-09-26 20:38:03,329 [pool-157-thread-1] INFO  segmented.SegmentedRaftLogWorker (SegmentedRaftLogWorker.java:<init>(172)) - new 941e0be9-b5d2-45a7-942a-524150895db1@group-E2B3CFB2BAD3-SegmentedRaftLogWorker for RaftStorage:Storage Directory /workdir/hadoop-ozone/integration-test/target/test-dir/MiniOzoneClusterImpl-6cd5981c-8f90-4fde-9f17-131d20e6bdb9/datanode-1/data/ratis/80a730c8-f6a9-40f1-bae8-e2b3cfb2bad3
2019-09-26 20:38:03,329 [pool-167-thread-1] INFO  server.RaftServerConfigKeys (ConfUtils.java:logGet(43)) - raft.server.log.purge.gap = 1000000 (custom)
2019-09-26 20:38:03,330 [pool-157-thread-1] INFO  server.RaftServerConfigKeys (ConfUtils.java:logGet(43)) - raft.server.log.queue.byte-limit = 2147483647 (custom)
2019-09-26 20:38:03,330 [pool-147-thread-1] INFO  server.RaftServerConfigKeys (ConfUtils.java:logGet(43)) - raft.server.log.appender.buffer.byte-limit = 33554432 (custom)
2019-09-26 20:38:03,330 [pool-157-thread-1] INFO  server.RaftServerConfigKeys (ConfUtils.java:logGet(43)) - raft.server.log.queue.element-limit = 1024 (custom)
2019-09-26 20:38:03,330 [pool-167-thread-1] INFO  server.RaftServerConfigKeys (ConfUtils.java:logGet(43)) - raft.server.log.appender.buffer.byte-limit = 33554432 (custom)
2019-09-26 20:38:03,330 [pool-157-thread-1] INFO  server.RaftServerConfigKeys (ConfUtils.java:logGet(43)) - raft.server.log.segment.size.max = 1048576 (custom)
2019-09-26 20:38:03,330 [pool-147-thread-1] INFO  server.RaftServerConfigKeys (ConfUtils.java:logGet(43)) - raft.server.log.segment.size.max = 1048576 (custom)
2019-09-26 20:38:03,331 [pool-157-thread-1] INFO  server.RaftServerConfigKeys (ConfUtils.java:logGet(43)) - raft.server.log.preallocated.size = 16384 (custom)
2019-09-26 20:38:03,331 [pool-157-thread-1] INFO  server.RaftServerConfigKeys (ConfUtils.java:logGet(43)) - raft.server.log.write.buffer.size = 33554432 (custom)
2019-09-26 20:38:03,331 [pool-167-thread-1] INFO  server.RaftServerConfigKeys (ConfUtils.java:logGet(43)) - raft.server.log.segment.size.max = 1048576 (custom)
2019-09-26 20:38:03,331 [pool-157-thread-1] INFO  server.RaftServerConfigKeys (ConfUtils.java:logGet(43)) - raft.server.log.force.sync.num = 128 (default)
2019-09-26 20:38:03,331 [pool-147-thread-1] INFO  server.RaftServerConfigKeys (ConfUtils.java:logGet(43)) - raft.server.log.segment.cache.num.max = 2 (custom)
2019-09-26 20:38:03,332 [pool-157-thread-1] INFO  server.RaftServerConfigKeys (ConfUtils.java:logGet(43)) - raft.server.log.statemachine.data.sync = true (default)
2019-09-26 20:38:03,331 [pool-167-thread-1] INFO  server.RaftServerConfigKeys (ConfUtils.java:logGet(43)) - raft.server.log.segment.cache.num.max = 2 (custom)
2019-09-26 20:38:03,332 [pool-157-thread-1] INFO  server.RaftServerConfigKeys (ConfUtils.java:logGet(43)) - raft.server.log.statemachine.data.sync.timeout = 10s (default)
2019-09-26 20:38:03,332 [pool-147-thread-1] INFO  segmented.SegmentedRaftLogWorker (SegmentedRaftLogWorker.java:<init>(172)) - new 789644c6-b1e7-452a-be32-1d295418bb68@group-E2B3CFB2BAD3-SegmentedRaftLogWorker for RaftStorage:Storage Directory /workdir/hadoop-ozone/integration-test/target/test-dir/MiniOzoneClusterImpl-6cd5981c-8f90-4fde-9f17-131d20e6bdb9/datanode-0/data/ratis/80a730c8-f6a9-40f1-bae8-e2b3cfb2bad3
2019-09-26 20:38:03,332 [pool-157-thread-1] INFO  server.RaftServerConfigKeys (ConfUtils.java:logGet(43)) - raft.server.log.statemachine.data.sync.timeout.retry = -1 (default)
2019-09-26 20:38:03,332 [pool-167-thread-1] INFO  segmented.SegmentedRaftLogWorker (SegmentedRaftLogWorker.java:<init>(172)) - new e791874c-b2f4-4f7f-9315-0432fb0d59cd@group-E2B3CFB2BAD3-SegmentedRaftLogWorker for RaftStorage:Storage Directory /workdir/hadoop-ozone/integration-test/target/test-dir/MiniOzoneClusterImpl-6cd5981c-8f90-4fde-9f17-131d20e6bdb9/datanode-2/data/ratis/80a730c8-f6a9-40f1-bae8-e2b3cfb2bad3
2019-09-26 20:38:03,332 [pool-157-thread-1] INFO  server.RaftServerConfigKeys (ConfUtils.java:logGet(43)) - raft.server.log.statemachine.data.caching.enabled = true (custom)
2019-09-26 20:38:03,332 [pool-147-thread-1] INFO  server.RaftServerConfigKeys (ConfUtils.java:logGet(43)) - raft.server.log.queue.byte-limit = 2147483647 (custom)
2019-09-26 20:38:03,333 [pool-157-thread-1] INFO  segmented.SegmentedRaftLogWorker (SegmentedRaftLogWorker.java:lambda$new$0(132)) - 941e0be9-b5d2-45a7-942a-524150895db1@group-E2B3CFB2BAD3-SegmentedRaftLogWorker: flushIndex: setUnconditionally 0 -> -1
2019-09-26 20:38:03,333 [pool-167-thread-1] INFO  server.RaftServerConfigKeys (ConfUtils.java:logGet(43)) - raft.server.log.queue.byte-limit = 2147483647 (custom)
2019-09-26 20:38:03,333 [pool-157-thread-1] INFO  server.RaftServerConfigKeys (ConfUtils.java:logGet(43)) - raft.server.snapshot.auto.trigger.enabled = true (custom)
2019-09-26 20:38:03,333 [pool-157-thread-1] INFO  server.RaftServerConfigKeys (ConfUtils.java:logGet(43)) - raft.server.snapshot.auto.trigger.threshold = 10000 (custom)
2019-09-26 20:38:03,334 [pool-147-thread-1] INFO  server.RaftServerConfigKeys (ConfUtils.java:logGet(43)) - raft.server.log.queue.element-limit = 1024 (custom)
2019-09-26 20:38:03,334 [pool-167-thread-1] INFO  server.RaftServerConfigKeys (ConfUtils.java:logGet(43)) - raft.server.log.queue.element-limit = 1024 (custom)
2019-09-26 20:38:03,334 [pool-157-thread-1] INFO  server.RaftServerConfigKeys (ConfUtils.java:logGet(43)) - raft.server.snapshot.retention.num.files = 5 (custom)
2019-09-26 20:38:03,334 [pool-167-thread-1] INFO  server.RaftServerConfigKeys (ConfUtils.java:logGet(43)) - raft.server.log.segment.size.max = 1048576 (custom)
2019-09-26 20:38:03,334 [pool-147-thread-1] INFO  server.RaftServerConfigKeys (ConfUtils.java:logGet(43)) - raft.server.log.segment.size.max = 1048576 (custom)
2019-09-26 20:38:03,334 [pool-167-thread-1] INFO  server.RaftServerConfigKeys (ConfUtils.java:logGet(43)) - raft.server.log.preallocated.size = 16384 (custom)
2019-09-26 20:38:03,334 [pool-157-thread-1] INFO  server.RaftServerConfigKeys (ConfUtils.java:logGet(43)) - raft.server.retrycache.expirytime = 600000ms (custom)
2019-09-26 20:38:03,335 [pool-167-thread-1] INFO  server.RaftServerConfigKeys (ConfUtils.java:logGet(43)) - raft.server.log.write.buffer.size = 33554432 (custom)
2019-09-26 20:38:03,334 [pool-147-thread-1] INFO  server.RaftServerConfigKeys (ConfUtils.java:logGet(43)) - raft.server.log.preallocated.size = 16384 (custom)
2019-09-26 20:38:03,335 [pool-167-thread-1] INFO  server.RaftServerConfigKeys (ConfUtils.java:logGet(43)) - raft.server.log.force.sync.num = 128 (default)
2019-09-26 20:38:03,335 [pool-147-thread-1] INFO  server.RaftServerConfigKeys (ConfUtils.java:logGet(43)) - raft.server.log.write.buffer.size = 33554432 (custom)
2019-09-26 20:38:03,335 [pool-167-thread-1] INFO  server.RaftServerConfigKeys (ConfUtils.java:logGet(43)) - raft.server.log.statemachine.data.sync = true (default)
2019-09-26 20:38:03,335 [pool-147-thread-1] INFO  server.RaftServerConfigKeys (ConfUtils.java:logGet(43)) - raft.server.log.force.sync.num = 128 (default)
2019-09-26 20:38:03,336 [pool-167-thread-1] INFO  server.RaftServerConfigKeys (ConfUtils.java:logGet(43)) - raft.server.log.statemachine.data.sync.timeout = 10s (default)
2019-09-26 20:38:03,336 [pool-147-thread-1] INFO  server.RaftServerConfigKeys (ConfUtils.java:logGet(43)) - raft.server.log.statemachine.data.sync = true (default)
2019-09-26 20:38:03,336 [pool-167-thread-1] INFO  server.RaftServerConfigKeys (ConfUtils.java:logGet(43)) - raft.server.log.statemachine.data.sync.timeout.retry = -1 (default)
2019-09-26 20:38:03,336 [pool-147-thread-1] INFO  server.RaftServerConfigKeys (ConfUtils.java:logGet(43)) - raft.server.log.statemachine.data.sync.timeout = 10s (default)
2019-09-26 20:38:03,336 [pool-167-thread-1] INFO  server.RaftServerConfigKeys (ConfUtils.java:logGet(43)) - raft.server.log.statemachine.data.caching.enabled = true (custom)
2019-09-26 20:38:03,336 [pool-147-thread-1] INFO  server.RaftServerConfigKeys (ConfUtils.java:logGet(43)) - raft.server.log.statemachine.data.sync.timeout.retry = -1 (default)
2019-09-26 20:38:03,337 [pool-147-thread-1] INFO  server.RaftServerConfigKeys (ConfUtils.java:logGet(43)) - raft.server.log.statemachine.data.caching.enabled = true (custom)
2019-09-26 20:38:03,337 [pool-167-thread-1] INFO  segmented.SegmentedRaftLogWorker (SegmentedRaftLogWorker.java:lambda$new$0(132)) - e791874c-b2f4-4f7f-9315-0432fb0d59cd@group-E2B3CFB2BAD3-SegmentedRaftLogWorker: flushIndex: setUnconditionally 0 -> -1
2019-09-26 20:38:03,337 [pool-147-thread-1] INFO  segmented.SegmentedRaftLogWorker (SegmentedRaftLogWorker.java:lambda$new$0(132)) - 789644c6-b1e7-452a-be32-1d295418bb68@group-E2B3CFB2BAD3-SegmentedRaftLogWorker: flushIndex: setUnconditionally 0 -> -1
2019-09-26 20:38:03,337 [pool-157-thread-1] INFO  impl.RaftServerImpl (RaftServerImpl.java:start(185)) - 941e0be9-b5d2-45a7-942a-524150895db1@group-E2B3CFB2BAD3: start as a follower, conf=-1: [e791874c-b2f4-4f7f-9315-0432fb0d59cd:192.168.151.109:35942, 789644c6-b1e7-452a-be32-1d295418bb68:192.168.151.109:42694, 941e0be9-b5d2-45a7-942a-524150895db1:192.168.151.109:36037], old=null
2019-09-26 20:38:03,337 [pool-167-thread-1] INFO  server.RaftServerConfigKeys (ConfUtils.java:logGet(43)) - raft.server.snapshot.auto.trigger.enabled = true (custom)
2019-09-26 20:38:03,337 [pool-147-thread-1] INFO  server.RaftServerConfigKeys (ConfUtils.java:logGet(43)) - raft.server.snapshot.auto.trigger.enabled = true (custom)
2019-09-26 20:38:03,337 [pool-157-thread-1] INFO  impl.RaftServerImpl (RaftServerImpl.java:setRole(174)) - 941e0be9-b5d2-45a7-942a-524150895db1@group-E2B3CFB2BAD3: changes role from      null to FOLLOWER at term 0 for startAsFollower
2019-09-26 20:38:03,337 [pool-147-thread-1] INFO  server.RaftServerConfigKeys (ConfUtils.java:logGet(43)) - raft.server.snapshot.auto.trigger.threshold = 10000 (custom)
2019-09-26 20:38:03,337 [pool-167-thread-1] INFO  server.RaftServerConfigKeys (ConfUtils.java:logGet(43)) - raft.server.snapshot.auto.trigger.threshold = 10000 (custom)
2019-09-26 20:38:03,338 [pool-147-thread-1] INFO  server.RaftServerConfigKeys (ConfUtils.java:logGet(43)) - raft.server.snapshot.retention.num.files = 5 (custom)
2019-09-26 20:38:03,338 [pool-157-thread-1] INFO  impl.RoleInfo (RoleInfo.java:updateAndGet(143)) - 941e0be9-b5d2-45a7-942a-524150895db1: start FollowerState
2019-09-26 20:38:03,338 [pool-147-thread-1] INFO  server.RaftServerConfigKeys (ConfUtils.java:logGet(43)) - raft.server.retrycache.expirytime = 600000ms (custom)
2019-09-26 20:38:03,338 [pool-167-thread-1] INFO  server.RaftServerConfigKeys (ConfUtils.java:logGet(43)) - raft.server.snapshot.retention.num.files = 5 (custom)
2019-09-26 20:38:03,338 [pool-157-thread-1] INFO  util.JmxRegister (JmxRegister.java:tryRegister(44)) - Successfully registered JMX Bean with object name Ratis:service=RaftServer,group=group-E2B3CFB2BAD3,id=941e0be9-b5d2-45a7-942a-524150895db1
2019-09-26 20:38:03,339 [pool-167-thread-1] INFO  server.RaftServerConfigKeys (ConfUtils.java:logGet(43)) - raft.server.retrycache.expirytime = 600000ms (custom)
2019-09-26 20:38:03,344 [pool-147-thread-1] INFO  impl.RaftServerImpl (RaftServerImpl.java:start(185)) - 789644c6-b1e7-452a-be32-1d295418bb68@group-E2B3CFB2BAD3: start as a follower, conf=-1: [e791874c-b2f4-4f7f-9315-0432fb0d59cd:192.168.151.109:35942, 789644c6-b1e7-452a-be32-1d295418bb68:192.168.151.109:42694, 941e0be9-b5d2-45a7-942a-524150895db1:192.168.151.109:36037], old=null
2019-09-26 20:38:03,344 [pool-147-thread-1] INFO  impl.RaftServerImpl (RaftServerImpl.java:setRole(174)) - 789644c6-b1e7-452a-be32-1d295418bb68@group-E2B3CFB2BAD3: changes role from      null to FOLLOWER at term 0 for startAsFollower
2019-09-26 20:38:03,344 [pool-147-thread-1] INFO  impl.RoleInfo (RoleInfo.java:updateAndGet(143)) - 789644c6-b1e7-452a-be32-1d295418bb68: start FollowerState
2019-09-26 20:38:03,345 [pool-147-thread-1] INFO  util.JmxRegister (JmxRegister.java:tryRegister(44)) - Successfully registered JMX Bean with object name Ratis:service=RaftServer,group=group-E2B3CFB2BAD3,id=789644c6-b1e7-452a-be32-1d295418bb68
2019-09-26 20:38:03,345 [pool-167-thread-1] INFO  impl.RaftServerImpl (RaftServerImpl.java:start(185)) - e791874c-b2f4-4f7f-9315-0432fb0d59cd@group-E2B3CFB2BAD3: start as a follower, conf=-1: [e791874c-b2f4-4f7f-9315-0432fb0d59cd:192.168.151.109:35942, 789644c6-b1e7-452a-be32-1d295418bb68:192.168.151.109:42694, 941e0be9-b5d2-45a7-942a-524150895db1:192.168.151.109:36037], old=null
2019-09-26 20:38:03,345 [pool-167-thread-1] INFO  impl.RaftServerImpl (RaftServerImpl.java:setRole(174)) - e791874c-b2f4-4f7f-9315-0432fb0d59cd@group-E2B3CFB2BAD3: changes role from      null to FOLLOWER at term 0 for startAsFollower
2019-09-26 20:38:03,346 [pool-167-thread-1] INFO  impl.RoleInfo (RoleInfo.java:updateAndGet(143)) - e791874c-b2f4-4f7f-9315-0432fb0d59cd: start FollowerState
2019-09-26 20:38:03,348 [main] INFO  ozone.MiniOzoneClusterImpl (MiniOzoneClusterImpl.java:lambda$waitForClusterToBeReady$0(147)) - Waiting for cluster to be ready. Got 5 of 6 DN Heartbeats.
2019-09-26 20:38:03,348 [pool-167-thread-1] INFO  util.JmxRegister (JmxRegister.java:tryRegister(44)) - Successfully registered JMX Bean with object name Ratis:service=RaftServer,group=group-E2B3CFB2BAD3,id=e791874c-b2f4-4f7f-9315-0432fb0d59cd
2019-09-26 20:38:03,349 [IPC Server handler 2 on 41931] INFO  net.NetworkTopology (NetworkTopologyImpl.java:add(111)) - Added a new node: /default-rack/305abc0e-94f4-41ec-8295-15d4a445dbbe
2019-09-26 20:38:03,349 [IPC Server handler 2 on 41931] INFO  node.SCMNodeManager (SCMNodeManager.java:register(266)) - Registered Data node : 305abc0e-94f4-41ec-8295-15d4a445dbbe{ip: 192.168.151.109, host: pr-hdds-2162-kpcbn-4093309294, networkLocation: /default-rack, certSerialId: null}
2019-09-26 20:38:03,352 [RatisPipelineUtilsThread] INFO  pipeline.PipelineStateManager (PipelineStateManager.java:addPipeline(56)) - Created pipeline Pipeline[ Id: 80a730c8-f6a9-40f1-bae8-e2b3cfb2bad3, Nodes: 941e0be9-b5d2-45a7-942a-524150895db1{ip: 192.168.151.109, host: pr-hdds-2162-kpcbn-4093309294, networkLocation: /default-rack, certSerialId: null}e791874c-b2f4-4f7f-9315-0432fb0d59cd{ip: 192.168.151.109, host: pr-hdds-2162-kpcbn-4093309294, networkLocation: /default-rack, certSerialId: null}789644c6-b1e7-452a-be32-1d295418bb68{ip: 192.168.151.109, host: pr-hdds-2162-kpcbn-4093309294, networkLocation: /default-rack, certSerialId: null}, Type:RATIS, Factor:THREE, State:OPEN]
2019-09-26 20:38:03,363 [grpc-default-executor-1] INFO  impl.RaftServerProxy (RaftServerProxy.java:addNew(89)) - 983810e7-c78f-49e0-935f-b72803bc8b97: addNew group-76B709B113E4:[23e65fe1-92f4-4d18-88b6-12afdf835ab8:192.168.151.109:46202, 305abc0e-94f4-41ec-8295-15d4a445dbbe:192.168.151.109:45835, 983810e7-c78f-49e0-935f-b72803bc8b97:192.168.151.109:43601] returns group-76B709B113E4:java.util.concurrent.CompletableFuture@236b8497[Not completed]
2019-09-26 20:38:03,363 [grpc-default-executor-0] INFO  impl.RaftServerProxy (RaftServerProxy.java:addNew(89)) - 305abc0e-94f4-41ec-8295-15d4a445dbbe: addNew group-76B709B113E4:[23e65fe1-92f4-4d18-88b6-12afdf835ab8:192.168.151.109:46202, 305abc0e-94f4-41ec-8295-15d4a445dbbe:192.168.151.109:45835, 983810e7-c78f-49e0-935f-b72803bc8b97:192.168.151.109:43601] returns group-76B709B113E4:java.util.concurrent.CompletableFuture@6e4a9f63[Not completed]
2019-09-26 20:38:03,365 [grpc-default-executor-2] INFO  impl.RaftServerProxy (RaftServerProxy.java:addNew(89)) - 23e65fe1-92f4-4d18-88b6-12afdf835ab8: addNew group-76B709B113E4:[23e65fe1-92f4-4d18-88b6-12afdf835ab8:192.168.151.109:46202, 305abc0e-94f4-41ec-8295-15d4a445dbbe:192.168.151.109:45835, 983810e7-c78f-49e0-935f-b72803bc8b97:192.168.151.109:43601] returns group-76B709B113E4:java.util.concurrent.CompletableFuture@2f8dad25[Not completed]
2019-09-26 20:38:03,366 [pool-177-thread-1] INFO  impl.RaftServerImpl (RaftServerImpl.java:<init>(95)) - 983810e7-c78f-49e0-935f-b72803bc8b97: new RaftServerImpl for group-76B709B113E4:[23e65fe1-92f4-4d18-88b6-12afdf835ab8:192.168.151.109:46202, 305abc0e-94f4-41ec-8295-15d4a445dbbe:192.168.151.109:45835, 983810e7-c78f-49e0-935f-b72803bc8b97:192.168.151.109:43601] with ContainerStateMachine:uninitialized
2019-09-26 20:38:03,366 [pool-177-thread-1] INFO  server.RaftServerConfigKeys (ConfUtils.java:logGet(43)) - raft.server.rpc.timeout.min = 1s (custom)
2019-09-26 20:38:03,366 [pool-177-thread-1] INFO  server.RaftServerConfigKeys (ConfUtils.java:logGet(43)) - raft.server.rpc.timeout.max = 1200ms (custom)
2019-09-26 20:38:03,366 [pool-187-thread-1] INFO  impl.RaftServerImpl (RaftServerImpl.java:<init>(95)) - 23e65fe1-92f4-4d18-88b6-12afdf835ab8: new RaftServerImpl for group-76B709B113E4:[23e65fe1-92f4-4d18-88b6-12afdf835ab8:192.168.151.109:46202, 305abc0e-94f4-41ec-8295-15d4a445dbbe:192.168.151.109:45835, 983810e7-c78f-49e0-935f-b72803bc8b97:192.168.151.109:43601] with ContainerStateMachine:uninitialized
2019-09-26 20:38:03,367 [pool-177-thread-1] INFO  server.RaftServerConfigKeys (ConfUtils.java:logGet(43)) - raft.server.rpcslowness.timeout = 120s (custom)
2019-09-26 20:38:03,367 [pool-187-thread-1] INFO  server.RaftServerConfigKeys (ConfUtils.java:logGet(43)) - raft.server.rpc.timeout.min = 1s (custom)
2019-09-26 20:38:03,367 [pool-177-thread-1] INFO  server.RaftServerConfigKeys (ConfUtils.java:logGet(43)) - raft.server.sleep.deviation.threshold = 300 (default)
2019-09-26 20:38:03,367 [pool-187-thread-1] INFO  server.RaftServerConfigKeys (ConfUtils.java:logGet(43)) - raft.server.rpc.timeout.max = 1200ms (custom)
2019-09-26 20:38:03,367 [pool-197-thread-1] INFO  impl.RaftServerImpl (RaftServerImpl.java:<init>(95)) - 305abc0e-94f4-41ec-8295-15d4a445dbbe: new RaftServerImpl for group-76B709B113E4:[23e65fe1-92f4-4d18-88b6-12afdf835ab8:192.168.151.109:46202, 305abc0e-94f4-41ec-8295-15d4a445dbbe:192.168.151.109:45835, 983810e7-c78f-49e0-935f-b72803bc8b97:192.168.151.109:43601] with ContainerStateMachine:uninitialized
2019-09-26 20:38:03,367 [pool-177-thread-1] INFO  server.RaftServerConfigKeys (ConfUtils.java:logGet(43)) - raft.server.log.appender.install.snapshot.enabled = false (custom)
2019-09-26 20:38:03,367 [pool-197-thread-1] INFO  server.RaftServerConfigKeys (ConfUtils.java:logGet(43)) - raft.server.rpc.timeout.min = 1s (custom)
2019-09-26 20:38:03,367 [pool-187-thread-1] INFO  server.RaftServerConfigKeys (ConfUtils.java:logGet(43)) - raft.server.rpcslowness.timeout = 120s (custom)
2019-09-26 20:38:03,368 [pool-197-thread-1] INFO  server.RaftServerConfigKeys (ConfUtils.java:logGet(43)) - raft.server.rpc.timeout.max = 1200ms (custom)
2019-09-26 20:38:03,367 [pool-177-thread-1] INFO  impl.RaftServerImpl (ServerState.java:<init>(103)) - 983810e7-c78f-49e0-935f-b72803bc8b97@group-76B709B113E4: ConfigurationManager, init=-1: [23e65fe1-92f4-4d18-88b6-12afdf835ab8:192.168.151.109:46202, 305abc0e-94f4-41ec-8295-15d4a445dbbe:192.168.151.109:45835, 983810e7-c78f-49e0-935f-b72803bc8b97:192.168.151.109:43601], old=null, confs=<EMPTY_MAP>
2019-09-26 20:38:03,368 [pool-197-thread-1] INFO  server.RaftServerConfigKeys (ConfUtils.java:logGet(43)) - raft.server.rpcslowness.timeout = 120s (custom)
2019-09-26 20:38:03,368 [pool-197-thread-1] INFO  server.RaftServerConfigKeys (ConfUtils.java:logGet(43)) - raft.server.sleep.deviation.threshold = 300 (default)
2019-09-26 20:38:03,368 [pool-187-thread-1] INFO  server.RaftServerConfigKeys (ConfUtils.java:logGet(43)) - raft.server.sleep.deviation.threshold = 300 (default)
2019-09-26 20:38:03,368 [pool-197-thread-1] INFO  server.RaftServerConfigKeys (ConfUtils.java:logGet(43)) - raft.server.log.appender.install.snapshot.enabled = false (custom)
2019-09-26 20:38:03,368 [pool-177-thread-1] INFO  server.RaftServerConfigKeys (ConfUtils.java:logGet(43)) - raft.server.storage.dir = [/workdir/hadoop-ozone/integration-test/target/test-dir/MiniOzoneClusterImpl-6cd5981c-8f90-4fde-9f17-131d20e6bdb9/datanode-3/data/ratis] (custom)
2019-09-26 20:38:03,368 [pool-197-thread-1] INFO  impl.RaftServerImpl (ServerState.java:<init>(103)) - 305abc0e-94f4-41ec-8295-15d4a445dbbe@group-76B709B113E4: ConfigurationManager, init=-1: [23e65fe1-92f4-4d18-88b6-12afdf835ab8:192.168.151.109:46202, 305abc0e-94f4-41ec-8295-15d4a445dbbe:192.168.151.109:45835, 983810e7-c78f-49e0-935f-b72803bc8b97:192.168.151.109:43601], old=null, confs=<EMPTY_MAP>
2019-09-26 20:38:03,368 [pool-187-thread-1] INFO  server.RaftServerConfigKeys (ConfUtils.java:logGet(43)) - raft.server.log.appender.install.snapshot.enabled = false (custom)
2019-09-26 20:38:03,369 [pool-197-thread-1] INFO  server.RaftServerConfigKeys (ConfUtils.java:logGet(43)) - raft.server.storage.dir = [/workdir/hadoop-ozone/integration-test/target/test-dir/MiniOzoneClusterImpl-6cd5981c-8f90-4fde-9f17-131d20e6bdb9/datanode-5/data/ratis] (custom)
2019-09-26 20:38:03,369 [pool-177-thread-1] INFO  storage.RaftStorageDirectory (RaftStorageDirectory.java:analyzeStorage(246)) - The storage directory /workdir/hadoop-ozone/integration-test/target/test-dir/MiniOzoneClusterImpl-6cd5981c-8f90-4fde-9f17-131d20e6bdb9/datanode-3/data/ratis/54ac51f9-3045-400d-b1ac-76b709b113e4 does not exist. Creating ...
2019-09-26 20:38:03,369 [pool-187-thread-1] INFO  impl.RaftServerImpl (ServerState.java:<init>(103)) - 23e65fe1-92f4-4d18-88b6-12afdf835ab8@group-76B709B113E4: ConfigurationManager, init=-1: [23e65fe1-92f4-4d18-88b6-12afdf835ab8:192.168.151.109:46202, 305abc0e-94f4-41ec-8295-15d4a445dbbe:192.168.151.109:45835, 983810e7-c78f-49e0-935f-b72803bc8b97:192.168.151.109:43601], old=null, confs=<EMPTY_MAP>
2019-09-26 20:38:03,369 [pool-197-thread-1] INFO  storage.RaftStorageDirectory (RaftStorageDirectory.java:analyzeStorage(246)) - The storage directory /workdir/hadoop-ozone/integration-test/target/test-dir/MiniOzoneClusterImpl-6cd5981c-8f90-4fde-9f17-131d20e6bdb9/datanode-5/data/ratis/54ac51f9-3045-400d-b1ac-76b709b113e4 does not exist. Creating ...
2019-09-26 20:38:03,369 [pool-187-thread-1] INFO  server.RaftServerConfigKeys (ConfUtils.java:logGet(43)) - raft.server.storage.dir = [/workdir/hadoop-ozone/integration-test/target/test-dir/MiniOzoneClusterImpl-6cd5981c-8f90-4fde-9f17-131d20e6bdb9/datanode-4/data/ratis] (custom)
2019-09-26 20:38:03,369 [pool-187-thread-1] INFO  storage.RaftStorageDirectory (RaftStorageDirectory.java:analyzeStorage(246)) - The storage directory /workdir/hadoop-ozone/integration-test/target/test-dir/MiniOzoneClusterImpl-6cd5981c-8f90-4fde-9f17-131d20e6bdb9/datanode-4/data/ratis/54ac51f9-3045-400d-b1ac-76b709b113e4 does not exist. Creating ...
2019-09-26 20:38:03,382 [pool-187-thread-1] INFO  storage.RaftStorageDirectory (RaftStorageDirectory.java:tryLock(328)) - Lock on /workdir/hadoop-ozone/integration-test/target/test-dir/MiniOzoneClusterImpl-6cd5981c-8f90-4fde-9f17-131d20e6bdb9/datanode-4/data/ratis/54ac51f9-3045-400d-b1ac-76b709b113e4/in_use.lock acquired by nodename 4010@pr-hdds-2162-kpcbn-4093309294
2019-09-26 20:38:03,382 [pool-197-thread-1] INFO  storage.RaftStorageDirectory (RaftStorageDirectory.java:tryLock(328)) - Lock on /workdir/hadoop-ozone/integration-test/target/test-dir/MiniOzoneClusterImpl-6cd5981c-8f90-4fde-9f17-131d20e6bdb9/datanode-5/data/ratis/54ac51f9-3045-400d-b1ac-76b709b113e4/in_use.lock acquired by nodename 4010@pr-hdds-2162-kpcbn-4093309294
2019-09-26 20:38:03,382 [pool-177-thread-1] INFO  storage.RaftStorageDirectory (RaftStorageDirectory.java:tryLock(328)) - Lock on /workdir/hadoop-ozone/integration-test/target/test-dir/MiniOzoneClusterImpl-6cd5981c-8f90-4fde-9f17-131d20e6bdb9/datanode-3/data/ratis/54ac51f9-3045-400d-b1ac-76b709b113e4/in_use.lock acquired by nodename 4010@pr-hdds-2162-kpcbn-4093309294
2019-09-26 20:38:03,396 [pool-177-thread-1] INFO  storage.RaftStorage (RaftStorage.java:format(72)) - Storage directory /workdir/hadoop-ozone/integration-test/target/test-dir/MiniOzoneClusterImpl-6cd5981c-8f90-4fde-9f17-131d20e6bdb9/datanode-3/data/ratis/54ac51f9-3045-400d-b1ac-76b709b113e4 has been successfully formatted.
2019-09-26 20:38:03,396 [pool-197-thread-1] INFO  storage.RaftStorage (RaftStorage.java:format(72)) - Storage directory /workdir/hadoop-ozone/integration-test/target/test-dir/MiniOzoneClusterImpl-6cd5981c-8f90-4fde-9f17-131d20e6bdb9/datanode-5/data/ratis/54ac51f9-3045-400d-b1ac-76b709b113e4 has been successfully formatted.
2019-09-26 20:38:03,396 [pool-187-thread-1] INFO  storage.RaftStorage (RaftStorage.java:format(72)) - Storage directory /workdir/hadoop-ozone/integration-test/target/test-dir/MiniOzoneClusterImpl-6cd5981c-8f90-4fde-9f17-131d20e6bdb9/datanode-4/data/ratis/54ac51f9-3045-400d-b1ac-76b709b113e4 has been successfully formatted.
2019-09-26 20:38:03,396 [pool-177-thread-1] INFO  ratis.ContainerStateMachine (ContainerStateMachine.java:loadSnapshot(230)) - group-76B709B113E4: The snapshot info is null. Setting the last applied indexto:(t:0, i:~)
2019-09-26 20:38:03,396 [pool-187-thread-1] INFO  ratis.ContainerStateMachine (ContainerStateMachine.java:loadSnapshot(230)) - group-76B709B113E4: The snapshot info is null. Setting the last applied indexto:(t:0, i:~)
2019-09-26 20:38:03,396 [pool-197-thread-1] INFO  ratis.ContainerStateMachine (ContainerStateMachine.java:loadSnapshot(230)) - group-76B709B113E4: The snapshot info is null. Setting the last applied indexto:(t:0, i:~)
2019-09-26 20:38:03,397 [pool-187-thread-1] INFO  server.RaftServerConfigKeys (ConfUtils.java:logGet(43)) - raft.server.notification.no-leader.timeout = 120s (custom)
2019-09-26 20:38:03,397 [pool-177-thread-1] INFO  server.RaftServerConfigKeys (ConfUtils.java:logGet(43)) - raft.server.notification.no-leader.timeout = 120s (custom)
2019-09-26 20:38:03,397 [pool-187-thread-1] INFO  server.RaftServerConfigKeys (ConfUtils.java:logGet(43)) - raft.server.log.use.memory = false (default)
2019-09-26 20:38:03,397 [pool-197-thread-1] INFO  server.RaftServerConfigKeys (ConfUtils.java:logGet(43)) - raft.server.notification.no-leader.timeout = 120s (custom)
2019-09-26 20:38:03,397 [pool-187-thread-1] INFO  server.RaftServerConfigKeys (ConfUtils.java:logGet(43)) - raft.server.log.purge.gap = 1000000 (custom)
2019-09-26 20:38:03,397 [pool-177-thread-1] INFO  server.RaftServerConfigKeys (ConfUtils.java:logGet(43)) - raft.server.log.use.memory = false (default)
2019-09-26 20:38:03,397 [pool-187-thread-1] INFO  server.RaftServerConfigKeys (ConfUtils.java:logGet(43)) - raft.server.log.appender.buffer.byte-limit = 33554432 (custom)
2019-09-26 20:38:03,397 [pool-197-thread-1] INFO  server.RaftServerConfigKeys (ConfUtils.java:logGet(43)) - raft.server.log.use.memory = false (default)
2019-09-26 20:38:03,398 [pool-187-thread-1] INFO  server.RaftServerConfigKeys (ConfUtils.java:logGet(43)) - raft.server.log.segment.size.max = 1048576 (custom)
2019-09-26 20:38:03,398 [pool-177-thread-1] INFO  server.RaftServerConfigKeys (ConfUtils.java:logGet(43)) - raft.server.log.purge.gap = 1000000 (custom)
2019-09-26 20:38:03,398 [pool-187-thread-1] INFO  server.RaftServerConfigKeys (ConfUtils.java:logGet(43)) - raft.server.log.segment.cache.num.max = 2 (custom)
2019-09-26 20:38:03,398 [pool-197-thread-1] INFO  server.RaftServerConfigKeys (ConfUtils.java:logGet(43)) - raft.server.log.purge.gap = 1000000 (custom)
2019-09-26 20:38:03,398 [pool-187-thread-1] INFO  segmented.SegmentedRaftLogWorker (SegmentedRaftLogWorker.java:<init>(172)) - new 23e65fe1-92f4-4d18-88b6-12afdf835ab8@group-76B709B113E4-SegmentedRaftLogWorker for RaftStorage:Storage Directory /workdir/hadoop-ozone/integration-test/target/test-dir/MiniOzoneClusterImpl-6cd5981c-8f90-4fde-9f17-131d20e6bdb9/datanode-4/data/ratis/54ac51f9-3045-400d-b1ac-76b709b113e4
2019-09-26 20:38:03,398 [pool-177-thread-1] INFO  server.RaftServerConfigKeys (ConfUtils.java:logGet(43)) - raft.server.log.appender.buffer.byte-limit = 33554432 (custom)
2019-09-26 20:38:03,398 [pool-197-thread-1] INFO  server.RaftServerConfigKeys (ConfUtils.java:logGet(43)) - raft.server.log.appender.buffer.byte-limit = 33554432 (custom)
2019-09-26 20:38:03,399 [pool-177-thread-1] INFO  server.RaftServerConfigKeys (ConfUtils.java:logGet(43)) - raft.server.log.segment.size.max = 1048576 (custom)
2019-09-26 20:38:03,399 [pool-197-thread-1] INFO  server.RaftServerConfigKeys (ConfUtils.java:logGet(43)) - raft.server.log.segment.size.max = 1048576 (custom)
2019-09-26 20:38:03,399 [pool-177-thread-1] INFO  server.RaftServerConfigKeys (ConfUtils.java:logGet(43)) - raft.server.log.segment.cache.num.max = 2 (custom)
2019-09-26 20:38:03,399 [pool-197-thread-1] INFO  server.RaftServerConfigKeys (ConfUtils.java:logGet(43)) - raft.server.log.segment.cache.num.max = 2 (custom)
2019-09-26 20:38:03,399 [pool-177-thread-1] INFO  segmented.SegmentedRaftLogWorker (SegmentedRaftLogWorker.java:<init>(172)) - new 983810e7-c78f-49e0-935f-b72803bc8b97@group-76B709B113E4-SegmentedRaftLogWorker for RaftStorage:Storage Directory /workdir/hadoop-ozone/integration-test/target/test-dir/MiniOzoneClusterImpl-6cd5981c-8f90-4fde-9f17-131d20e6bdb9/datanode-3/data/ratis/54ac51f9-3045-400d-b1ac-76b709b113e4
2019-09-26 20:38:03,399 [pool-197-thread-1] INFO  segmented.SegmentedRaftLogWorker (SegmentedRaftLogWorker.java:<init>(172)) - new 305abc0e-94f4-41ec-8295-15d4a445dbbe@group-76B709B113E4-SegmentedRaftLogWorker for RaftStorage:Storage Directory /workdir/hadoop-ozone/integration-test/target/test-dir/MiniOzoneClusterImpl-6cd5981c-8f90-4fde-9f17-131d20e6bdb9/datanode-5/data/ratis/54ac51f9-3045-400d-b1ac-76b709b113e4
2019-09-26 20:38:03,400 [pool-177-thread-1] INFO  server.RaftServerConfigKeys (ConfUtils.java:logGet(43)) - raft.server.log.queue.byte-limit = 2147483647 (custom)
2019-09-26 20:38:03,400 [pool-177-thread-1] INFO  server.RaftServerConfigKeys (ConfUtils.java:logGet(43)) - raft.server.log.queue.element-limit = 1024 (custom)
2019-09-26 20:38:03,400 [pool-177-thread-1] INFO  server.RaftServerConfigKeys (ConfUtils.java:logGet(43)) - raft.server.log.segment.size.max = 1048576 (custom)
2019-09-26 20:38:03,400 [pool-177-thread-1] INFO  server.RaftServerConfigKeys (ConfUtils.java:logGet(43)) - raft.server.log.preallocated.size = 16384 (custom)
2019-09-26 20:38:03,400 [pool-177-thread-1] INFO  server.RaftServerConfigKeys (ConfUtils.java:logGet(43)) - raft.server.log.write.buffer.size = 33554432 (custom)
2019-09-26 20:38:03,400 [pool-177-thread-1] INFO  server.RaftServerConfigKeys (ConfUtils.java:logGet(43)) - raft.server.log.force.sync.num = 128 (default)
2019-09-26 20:38:03,400 [pool-177-thread-1] INFO  server.RaftServerConfigKeys (ConfUtils.java:logGet(43)) - raft.server.log.statemachine.data.sync = true (default)
2019-09-26 20:38:03,401 [pool-187-thread-1] INFO  server.RaftServerConfigKeys (ConfUtils.java:logGet(43)) - raft.server.log.queue.byte-limit = 2147483647 (custom)
2019-09-26 20:38:03,401 [pool-177-thread-1] INFO  server.RaftServerConfigKeys (ConfUtils.java:logGet(43)) - raft.server.log.statemachine.data.sync.timeout = 10s (default)
2019-09-26 20:38:03,401 [pool-187-thread-1] INFO  server.RaftServerConfigKeys (ConfUtils.java:logGet(43)) - raft.server.log.queue.element-limit = 1024 (custom)
2019-09-26 20:38:03,401 [pool-177-thread-1] INFO  server.RaftServerConfigKeys (ConfUtils.java:logGet(43)) - raft.server.log.statemachine.data.sync.timeout.retry = -1 (default)
2019-09-26 20:38:03,401 [pool-187-thread-1] INFO  server.RaftServerConfigKeys (ConfUtils.java:logGet(43)) - raft.server.log.segment.size.max = 1048576 (custom)
2019-09-26 20:38:03,401 [pool-177-thread-1] INFO  server.RaftServerConfigKeys (ConfUtils.java:logGet(43)) - raft.server.log.statemachine.data.caching.enabled = true (custom)
2019-09-26 20:38:03,401 [pool-187-thread-1] INFO  server.RaftServerConfigKeys (ConfUtils.java:logGet(43)) - raft.server.log.preallocated.size = 16384 (custom)
2019-09-26 20:38:03,401 [pool-187-thread-1] INFO  server.RaftServerConfigKeys (ConfUtils.java:logGet(43)) - raft.server.log.write.buffer.size = 33554432 (custom)
2019-09-26 20:38:03,401 [pool-177-thread-1] INFO  segmented.SegmentedRaftLogWorker (SegmentedRaftLogWorker.java:lambda$new$0(132)) - 983810e7-c78f-49e0-935f-b72803bc8b97@group-76B709B113E4-SegmentedRaftLogWorker: flushIndex: setUnconditionally 0 -> -1
2019-09-26 20:38:03,402 [pool-187-thread-1] INFO  server.RaftServerConfigKeys (ConfUtils.java:logGet(43)) - raft.server.log.force.sync.num = 128 (default)
2019-09-26 20:38:03,402 [pool-187-thread-1] INFO  server.RaftServerConfigKeys (ConfUtils.java:logGet(43)) - raft.server.log.statemachine.data.sync = true (default)
2019-09-26 20:38:03,402 [pool-177-thread-1] INFO  server.RaftServerConfigKeys (ConfUtils.java:logGet(43)) - raft.server.snapshot.auto.trigger.enabled = true (custom)
2019-09-26 20:38:03,402 [pool-187-thread-1] INFO  server.RaftServerConfigKeys (ConfUtils.java:logGet(43)) - raft.server.log.statemachine.data.sync.timeout = 10s (default)
2019-09-26 20:38:03,402 [pool-177-thread-1] INFO  server.RaftServerConfigKeys (ConfUtils.java:logGet(43)) - raft.server.snapshot.auto.trigger.threshold = 10000 (custom)
2019-09-26 20:38:03,402 [pool-197-thread-1] INFO  server.RaftServerConfigKeys (ConfUtils.java:logGet(43)) - raft.server.log.queue.byte-limit = 2147483647 (custom)
2019-09-26 20:38:03,402 [pool-187-thread-1] INFO  server.RaftServerConfigKeys (ConfUtils.java:logGet(43)) - raft.server.log.statemachine.data.sync.timeout.retry = -1 (default)
2019-09-26 20:38:03,402 [pool-197-thread-1] INFO  server.RaftServerConfigKeys (ConfUtils.java:logGet(43)) - raft.server.log.queue.element-limit = 1024 (custom)
2019-09-26 20:38:03,402 [pool-177-thread-1] INFO  server.RaftServerConfigKeys (ConfUtils.java:logGet(43)) - raft.server.snapshot.retention.num.files = 5 (custom)
2019-09-26 20:38:03,403 [pool-197-thread-1] INFO  server.RaftServerConfigKeys (ConfUtils.java:logGet(43)) - raft.server.log.segment.size.max = 1048576 (custom)
2019-09-26 20:38:03,403 [pool-187-thread-1] INFO  server.RaftServerConfigKeys (ConfUtils.java:logGet(43)) - raft.server.log.statemachine.data.caching.enabled = true (custom)
2019-09-26 20:38:03,403 [pool-197-thread-1] INFO  server.RaftServerConfigKeys (ConfUtils.java:logGet(43)) - raft.server.log.preallocated.size = 16384 (custom)
2019-09-26 20:38:03,403 [pool-177-thread-1] INFO  server.RaftServerConfigKeys (ConfUtils.java:logGet(43)) - raft.server.retrycache.expirytime = 600000ms (custom)
2019-09-26 20:38:03,403 [pool-197-thread-1] INFO  server.RaftServerConfigKeys (ConfUtils.java:logGet(43)) - raft.server.log.write.buffer.size = 33554432 (custom)
2019-09-26 20:38:03,404 [pool-197-thread-1] INFO  server.RaftServerConfigKeys (ConfUtils.java:logGet(43)) - raft.server.log.force.sync.num = 128 (default)
2019-09-26 20:38:03,403 [pool-187-thread-1] INFO  segmented.SegmentedRaftLogWorker (SegmentedRaftLogWorker.java:lambda$new$0(132)) - 23e65fe1-92f4-4d18-88b6-12afdf835ab8@group-76B709B113E4-SegmentedRaftLogWorker: flushIndex: setUnconditionally 0 -> -1
2019-09-26 20:38:03,404 [pool-197-thread-1] INFO  server.RaftServerConfigKeys (ConfUtils.java:logGet(43)) - raft.server.log.statemachine.data.sync = true (default)
2019-09-26 20:38:03,404 [pool-187-thread-1] INFO  server.RaftServerConfigKeys (ConfUtils.java:logGet(43)) - raft.server.snapshot.auto.trigger.enabled = true (custom)
2019-09-26 20:38:03,404 [pool-197-thread-1] INFO  server.RaftServerConfigKeys (ConfUtils.java:logGet(43)) - raft.server.log.statemachine.data.sync.timeout = 10s (default)
2019-09-26 20:38:03,404 [pool-187-thread-1] INFO  server.RaftServerConfigKeys (ConfUtils.java:logGet(43)) - raft.server.snapshot.auto.trigger.threshold = 10000 (custom)
2019-09-26 20:38:03,404 [pool-197-thread-1] INFO  server.RaftServerConfigKeys (ConfUtils.java:logGet(43)) - raft.server.log.statemachine.data.sync.timeout.retry = -1 (default)
2019-09-26 20:38:03,404 [pool-187-thread-1] INFO  server.RaftServerConfigKeys (ConfUtils.java:logGet(43)) - raft.server.snapshot.retention.num.files = 5 (custom)
2019-09-26 20:38:03,405 [pool-187-thread-1] INFO  server.RaftServerConfigKeys (ConfUtils.java:logGet(43)) - raft.server.retrycache.expirytime = 600000ms (custom)
2019-09-26 20:38:03,405 [pool-197-thread-1] INFO  server.RaftServerConfigKeys (ConfUtils.java:logGet(43)) - raft.server.log.statemachine.data.caching.enabled = true (custom)
2019-09-26 20:38:03,405 [pool-197-thread-1] INFO  segmented.SegmentedRaftLogWorker (SegmentedRaftLogWorker.java:lambda$new$0(132)) - 305abc0e-94f4-41ec-8295-15d4a445dbbe@group-76B709B113E4-SegmentedRaftLogWorker: flushIndex: setUnconditionally 0 -> -1
2019-09-26 20:38:03,405 [pool-177-thread-1] INFO  impl.RaftServerImpl (RaftServerImpl.java:start(185)) - 983810e7-c78f-49e0-935f-b72803bc8b97@group-76B709B113E4: start as a follower, conf=-1: [23e65fe1-92f4-4d18-88b6-12afdf835ab8:192.168.151.109:46202, 305abc0e-94f4-41ec-8295-15d4a445dbbe:192.168.151.109:45835, 983810e7-c78f-49e0-935f-b72803bc8b97:192.168.151.109:43601], old=null
2019-09-26 20:38:03,406 [pool-177-thread-1] INFO  impl.RaftServerImpl (RaftServerImpl.java:setRole(174)) - 983810e7-c78f-49e0-935f-b72803bc8b97@group-76B709B113E4: changes role from      null to FOLLOWER at term 0 for startAsFollower
2019-09-26 20:38:03,406 [pool-197-thread-1] INFO  server.RaftServerConfigKeys (ConfUtils.java:logGet(43)) - raft.server.snapshot.auto.trigger.enabled = true (custom)
2019-09-26 20:38:03,406 [pool-177-thread-1] INFO  impl.RoleInfo (RoleInfo.java:updateAndGet(143)) - 983810e7-c78f-49e0-935f-b72803bc8b97: start FollowerState
2019-09-26 20:38:03,406 [pool-197-thread-1] INFO  server.RaftServerConfigKeys (ConfUtils.java:logGet(43)) - raft.server.snapshot.auto.trigger.threshold = 10000 (custom)
2019-09-26 20:38:03,406 [pool-197-thread-1] INFO  server.RaftServerConfigKeys (ConfUtils.java:logGet(43)) - raft.server.snapshot.retention.num.files = 5 (custom)
2019-09-26 20:38:03,406 [pool-177-thread-1] INFO  util.JmxRegister (JmxRegister.java:tryRegister(44)) - Successfully registered JMX Bean with object name Ratis:service=RaftServer,group=group-76B709B113E4,id=983810e7-c78f-49e0-935f-b72803bc8b97
2019-09-26 20:38:03,406 [pool-197-thread-1] INFO  server.RaftServerConfigKeys (ConfUtils.java:logGet(43)) - raft.server.retrycache.expirytime = 600000ms (custom)
2019-09-26 20:38:03,407 [pool-187-thread-1] INFO  impl.RaftServerImpl (RaftServerImpl.java:start(185)) - 23e65fe1-92f4-4d18-88b6-12afdf835ab8@group-76B709B113E4: start as a follower, conf=-1: [23e65fe1-92f4-4d18-88b6-12afdf835ab8:192.168.151.109:46202, 305abc0e-94f4-41ec-8295-15d4a445dbbe:192.168.151.109:45835, 983810e7-c78f-49e0-935f-b72803bc8b97:192.168.151.109:43601], old=null
2019-09-26 20:38:03,407 [pool-187-thread-1] INFO  impl.RaftServerImpl (RaftServerImpl.java:setRole(174)) - 23e65fe1-92f4-4d18-88b6-12afdf835ab8@group-76B709B113E4: changes role from      null to FOLLOWER at term 0 for startAsFollower
2019-09-26 20:38:03,407 [pool-187-thread-1] INFO  impl.RoleInfo (RoleInfo.java:updateAndGet(143)) - 23e65fe1-92f4-4d18-88b6-12afdf835ab8: start FollowerState
2019-09-26 20:38:03,407 [pool-187-thread-1] INFO  util.JmxRegister (JmxRegister.java:tryRegister(44)) - Successfully registered JMX Bean with object name Ratis:service=RaftServer,group=group-76B709B113E4,id=23e65fe1-92f4-4d18-88b6-12afdf835ab8
2019-09-26 20:38:03,413 [pool-197-thread-1] INFO  impl.RaftServerImpl (RaftServerImpl.java:start(185)) - 305abc0e-94f4-41ec-8295-15d4a445dbbe@group-76B709B113E4: start as a follower, conf=-1: [23e65fe1-92f4-4d18-88b6-12afdf835ab8:192.168.151.109:46202, 305abc0e-94f4-41ec-8295-15d4a445dbbe:192.168.151.109:45835, 983810e7-c78f-49e0-935f-b72803bc8b97:192.168.151.109:43601], old=null
2019-09-26 20:38:03,413 [pool-197-thread-1] INFO  impl.RaftServerImpl (RaftServerImpl.java:setRole(174)) - 305abc0e-94f4-41ec-8295-15d4a445dbbe@group-76B709B113E4: changes role from      null to FOLLOWER at term 0 for startAsFollower
2019-09-26 20:38:03,413 [pool-197-thread-1] INFO  impl.RoleInfo (RoleInfo.java:updateAndGet(143)) - 305abc0e-94f4-41ec-8295-15d4a445dbbe: start FollowerState
2019-09-26 20:38:03,414 [pool-197-thread-1] INFO  util.JmxRegister (JmxRegister.java:tryRegister(44)) - Successfully registered JMX Bean with object name Ratis:service=RaftServer,group=group-76B709B113E4,id=305abc0e-94f4-41ec-8295-15d4a445dbbe
2019-09-26 20:38:03,417 [RatisPipelineUtilsThread] INFO  pipeline.PipelineStateManager (PipelineStateManager.java:addPipeline(56)) - Created pipeline Pipeline[ Id: 54ac51f9-3045-400d-b1ac-76b709b113e4, Nodes: 305abc0e-94f4-41ec-8295-15d4a445dbbe{ip: 192.168.151.109, host: pr-hdds-2162-kpcbn-4093309294, networkLocation: /default-rack, certSerialId: null}23e65fe1-92f4-4d18-88b6-12afdf835ab8{ip: 192.168.151.109, host: pr-hdds-2162-kpcbn-4093309294, networkLocation: /default-rack, certSerialId: null}983810e7-c78f-49e0-935f-b72803bc8b97{ip: 192.168.151.109, host: pr-hdds-2162-kpcbn-4093309294, networkLocation: /default-rack, certSerialId: null}, Type:RATIS, Factor:THREE, State:OPEN]
2019-09-26 20:38:03,432 [grpc-default-executor-2] INFO  impl.RaftServerProxy (RaftServerProxy.java:addNew(89)) - 305abc0e-94f4-41ec-8295-15d4a445dbbe: addNew group-74E6AE6B3430:[305abc0e-94f4-41ec-8295-15d4a445dbbe:192.168.151.109:45835] returns group-74E6AE6B3430:java.util.concurrent.CompletableFuture@577966c6[Not completed]
2019-09-26 20:38:03,432 [pool-197-thread-1] INFO  impl.RaftServerImpl (RaftServerImpl.java:<init>(95)) - 305abc0e-94f4-41ec-8295-15d4a445dbbe: new RaftServerImpl for group-74E6AE6B3430:[305abc0e-94f4-41ec-8295-15d4a445dbbe:192.168.151.109:45835] with ContainerStateMachine:uninitialized
2019-09-26 20:38:03,434 [pool-197-thread-1] INFO  server.RaftServerConfigKeys (ConfUtils.java:logGet(43)) - raft.server.rpc.timeout.min = 1s (custom)
2019-09-26 20:38:03,434 [pool-197-thread-1] INFO  server.RaftServerConfigKeys (ConfUtils.java:logGet(43)) - raft.server.rpc.timeout.max = 1200ms (custom)
2019-09-26 20:38:03,434 [pool-197-thread-1] INFO  server.RaftServerConfigKeys (ConfUtils.java:logGet(43)) - raft.server.rpcslowness.timeout = 120s (custom)
2019-09-26 20:38:03,435 [pool-197-thread-1] INFO  server.RaftServerConfigKeys (ConfUtils.java:logGet(43)) - raft.server.sleep.deviation.threshold = 300 (default)
2019-09-26 20:38:03,435 [pool-197-thread-1] INFO  server.RaftServerConfigKeys (ConfUtils.java:logGet(43)) - raft.server.log.appender.install.snapshot.enabled = false (custom)
2019-09-26 20:38:03,435 [pool-197-thread-1] INFO  impl.RaftServerImpl (ServerState.java:<init>(103)) - 305abc0e-94f4-41ec-8295-15d4a445dbbe@group-74E6AE6B3430: ConfigurationManager, init=-1: [305abc0e-94f4-41ec-8295-15d4a445dbbe:192.168.151.109:45835], old=null, confs=<EMPTY_MAP>
2019-09-26 20:38:03,435 [pool-197-thread-1] INFO  server.RaftServerConfigKeys (ConfUtils.java:logGet(43)) - raft.server.storage.dir = [/workdir/hadoop-ozone/integration-test/target/test-dir/MiniOzoneClusterImpl-6cd5981c-8f90-4fde-9f17-131d20e6bdb9/datanode-5/data/ratis] (custom)
2019-09-26 20:38:03,435 [pool-197-thread-1] INFO  storage.RaftStorageDirectory (RaftStorageDirectory.java:analyzeStorage(246)) - The storage directory /workdir/hadoop-ozone/integration-test/target/test-dir/MiniOzoneClusterImpl-6cd5981c-8f90-4fde-9f17-131d20e6bdb9/datanode-5/data/ratis/fe9e8250-2c9c-43ef-8e19-74e6ae6b3430 does not exist. Creating ...
2019-09-26 20:38:03,448 [pool-197-thread-1] INFO  storage.RaftStorageDirectory (RaftStorageDirectory.java:tryLock(328)) - Lock on /workdir/hadoop-ozone/integration-test/target/test-dir/MiniOzoneClusterImpl-6cd5981c-8f90-4fde-9f17-131d20e6bdb9/datanode-5/data/ratis/fe9e8250-2c9c-43ef-8e19-74e6ae6b3430/in_use.lock acquired by nodename 4010@pr-hdds-2162-kpcbn-4093309294
2019-09-26 20:38:03,462 [pool-197-thread-1] INFO  storage.RaftStorage (RaftStorage.java:format(72)) - Storage directory /workdir/hadoop-ozone/integration-test/target/test-dir/MiniOzoneClusterImpl-6cd5981c-8f90-4fde-9f17-131d20e6bdb9/datanode-5/data/ratis/fe9e8250-2c9c-43ef-8e19-74e6ae6b3430 has been successfully formatted.
2019-09-26 20:38:03,462 [pool-197-thread-1] INFO  ratis.ContainerStateMachine (ContainerStateMachine.java:loadSnapshot(230)) - group-74E6AE6B3430: The snapshot info is null. Setting the last applied indexto:(t:0, i:~)
2019-09-26 20:38:03,462 [pool-197-thread-1] INFO  server.RaftServerConfigKeys (ConfUtils.java:logGet(43)) - raft.server.notification.no-leader.timeout = 120s (custom)
2019-09-26 20:38:03,462 [pool-197-thread-1] INFO  server.RaftServerConfigKeys (ConfUtils.java:logGet(43)) - raft.server.log.use.memory = false (default)
2019-09-26 20:38:03,462 [pool-197-thread-1] INFO  server.RaftServerConfigKeys (ConfUtils.java:logGet(43)) - raft.server.log.purge.gap = 1000000 (custom)
2019-09-26 20:38:03,462 [pool-197-thread-1] INFO  server.RaftServerConfigKeys (ConfUtils.java:logGet(43)) - raft.server.log.appender.buffer.byte-limit = 33554432 (custom)
2019-09-26 20:38:03,462 [pool-197-thread-1] INFO  server.RaftServerConfigKeys (ConfUtils.java:logGet(43)) - raft.server.log.segment.size.max = 1048576 (custom)
2019-09-26 20:38:03,463 [pool-197-thread-1] INFO  server.RaftServerConfigKeys (ConfUtils.java:logGet(43)) - raft.server.log.segment.cache.num.max = 2 (custom)
2019-09-26 20:38:03,463 [pool-197-thread-1] INFO  segmented.SegmentedRaftLogWorker (SegmentedRaftLogWorker.java:<init>(172)) - new 305abc0e-94f4-41ec-8295-15d4a445dbbe@group-74E6AE6B3430-SegmentedRaftLogWorker for RaftStorage:Storage Directory /workdir/hadoop-ozone/integration-test/target/test-dir/MiniOzoneClusterImpl-6cd5981c-8f90-4fde-9f17-131d20e6bdb9/datanode-5/data/ratis/fe9e8250-2c9c-43ef-8e19-74e6ae6b3430
2019-09-26 20:38:03,463 [pool-197-thread-1] INFO  server.RaftServerConfigKeys (ConfUtils.java:logGet(43)) - raft.server.log.queue.byte-limit = 2147483647 (custom)
2019-09-26 20:38:03,463 [pool-197-thread-1] INFO  server.RaftServerConfigKeys (ConfUtils.java:logGet(43)) - raft.server.log.queue.element-limit = 1024 (custom)
2019-09-26 20:38:03,463 [pool-197-thread-1] INFO  server.RaftServerConfigKeys (ConfUtils.java:logGet(43)) - raft.server.log.segment.size.max = 1048576 (custom)
2019-09-26 20:38:03,463 [pool-197-thread-1] INFO  server.RaftServerConfigKeys (ConfUtils.java:logGet(43)) - raft.server.log.preallocated.size = 16384 (custom)
2019-09-26 20:38:03,463 [pool-197-thread-1] INFO  server.RaftServerConfigKeys (ConfUtils.java:logGet(43)) - raft.server.log.write.buffer.size = 33554432 (custom)
2019-09-26 20:38:03,463 [pool-197-thread-1] INFO  server.RaftServerConfigKeys (ConfUtils.java:logGet(43)) - raft.server.log.force.sync.num = 128 (default)
2019-09-26 20:38:03,463 [pool-197-thread-1] INFO  server.RaftServerConfigKeys (ConfUtils.java:logGet(43)) - raft.server.log.statemachine.data.sync = true (default)
2019-09-26 20:38:03,464 [pool-197-thread-1] INFO  server.RaftServerConfigKeys (ConfUtils.java:logGet(43)) - raft.server.log.statemachine.data.sync.timeout = 10s (default)
2019-09-26 20:38:03,464 [pool-197-thread-1] INFO  server.RaftServerConfigKeys (ConfUtils.java:logGet(43)) - raft.server.log.statemachine.data.sync.timeout.retry = -1 (default)
2019-09-26 20:38:03,464 [pool-197-thread-1] INFO  server.RaftServerConfigKeys (ConfUtils.java:logGet(43)) - raft.server.log.statemachine.data.caching.enabled = true (custom)
2019-09-26 20:38:03,464 [pool-197-thread-1] INFO  segmented.SegmentedRaftLogWorker (SegmentedRaftLogWorker.java:lambda$new$0(132)) - 305abc0e-94f4-41ec-8295-15d4a445dbbe@group-74E6AE6B3430-SegmentedRaftLogWorker: flushIndex: setUnconditionally 0 -> -1
2019-09-26 20:38:03,464 [pool-197-thread-1] INFO  server.RaftServerConfigKeys (ConfUtils.java:logGet(43)) - raft.server.snapshot.auto.trigger.enabled = true (custom)
2019-09-26 20:38:03,464 [pool-197-thread-1] INFO  server.RaftServerConfigKeys (ConfUtils.java:logGet(43)) - raft.server.snapshot.auto.trigger.threshold = 10000 (custom)
2019-09-26 20:38:03,465 [pool-197-thread-1] INFO  server.RaftServerConfigKeys (ConfUtils.java:logGet(43)) - raft.server.snapshot.retention.num.files = 5 (custom)
2019-09-26 20:38:03,465 [pool-197-thread-1] INFO  server.RaftServerConfigKeys (ConfUtils.java:logGet(43)) - raft.server.retrycache.expirytime = 600000ms (custom)
2019-09-26 20:38:03,467 [pool-197-thread-1] INFO  impl.RaftServerImpl (RaftServerImpl.java:start(185)) - 305abc0e-94f4-41ec-8295-15d4a445dbbe@group-74E6AE6B3430: start as a follower, conf=-1: [305abc0e-94f4-41ec-8295-15d4a445dbbe:192.168.151.109:45835], old=null
2019-09-26 20:38:03,467 [pool-197-thread-1] INFO  impl.RaftServerImpl (RaftServerImpl.java:setRole(174)) - 305abc0e-94f4-41ec-8295-15d4a445dbbe@group-74E6AE6B3430: changes role from      null to FOLLOWER at term 0 for startAsFollower
2019-09-26 20:38:03,467 [pool-197-thread-1] INFO  impl.RoleInfo (RoleInfo.java:updateAndGet(143)) - 305abc0e-94f4-41ec-8295-15d4a445dbbe: start FollowerState
2019-09-26 20:38:03,468 [pool-197-thread-1] INFO  util.JmxRegister (JmxRegister.java:tryRegister(44)) - Successfully registered JMX Bean with object name Ratis:service=RaftServer,group=group-74E6AE6B3430,id=305abc0e-94f4-41ec-8295-15d4a445dbbe
2019-09-26 20:38:03,473 [RatisPipelineUtilsThread] INFO  pipeline.PipelineStateManager (PipelineStateManager.java:addPipeline(56)) - Created pipeline Pipeline[ Id: fe9e8250-2c9c-43ef-8e19-74e6ae6b3430, Nodes: 305abc0e-94f4-41ec-8295-15d4a445dbbe{ip: 192.168.151.109, host: pr-hdds-2162-kpcbn-4093309294, networkLocation: /default-rack, certSerialId: null}, Type:RATIS, Factor:ONE, State:OPEN]
2019-09-26 20:38:03,478 [grpc-default-executor-0] INFO  impl.RaftServerProxy (RaftServerProxy.java:addNew(89)) - 23e65fe1-92f4-4d18-88b6-12afdf835ab8: addNew group-51CC256165FC:[23e65fe1-92f4-4d18-88b6-12afdf835ab8:192.168.151.109:46202] returns group-51CC256165FC:java.util.concurrent.CompletableFuture@10ed02b6[Not completed]
2019-09-26 20:38:03,479 [pool-187-thread-1] INFO  impl.RaftServerImpl (RaftServerImpl.java:<init>(95)) - 23e65fe1-92f4-4d18-88b6-12afdf835ab8: new RaftServerImpl for group-51CC256165FC:[23e65fe1-92f4-4d18-88b6-12afdf835ab8:192.168.151.109:46202] with ContainerStateMachine:uninitialized
2019-09-26 20:38:03,479 [pool-187-thread-1] INFO  server.RaftServerConfigKeys (ConfUtils.java:logGet(43)) - raft.server.rpc.timeout.min = 1s (custom)
2019-09-26 20:38:03,479 [pool-187-thread-1] INFO  server.RaftServerConfigKeys (ConfUtils.java:logGet(43)) - raft.server.rpc.timeout.max = 1200ms (custom)
2019-09-26 20:38:03,479 [pool-187-thread-1] INFO  server.RaftServerConfigKeys (ConfUtils.java:logGet(43)) - raft.server.rpcslowness.timeout = 120s (custom)
2019-09-26 20:38:03,479 [pool-187-thread-1] INFO  server.RaftServerConfigKeys (ConfUtils.java:logGet(43)) - raft.server.sleep.deviation.threshold = 300 (default)
2019-09-26 20:38:03,479 [pool-187-thread-1] INFO  server.RaftServerConfigKeys (ConfUtils.java:logGet(43)) - raft.server.log.appender.install.snapshot.enabled = false (custom)
2019-09-26 20:38:03,479 [pool-187-thread-1] INFO  impl.RaftServerImpl (ServerState.java:<init>(103)) - 23e65fe1-92f4-4d18-88b6-12afdf835ab8@group-51CC256165FC: ConfigurationManager, init=-1: [23e65fe1-92f4-4d18-88b6-12afdf835ab8:192.168.151.109:46202], old=null, confs=<EMPTY_MAP>
2019-09-26 20:38:03,479 [pool-187-thread-1] INFO  server.RaftServerConfigKeys (ConfUtils.java:logGet(43)) - raft.server.storage.dir = [/workdir/hadoop-ozone/integration-test/target/test-dir/MiniOzoneClusterImpl-6cd5981c-8f90-4fde-9f17-131d20e6bdb9/datanode-4/data/ratis] (custom)
2019-09-26 20:38:03,480 [pool-187-thread-1] INFO  storage.RaftStorageDirectory (RaftStorageDirectory.java:analyzeStorage(246)) - The storage directory /workdir/hadoop-ozone/integration-test/target/test-dir/MiniOzoneClusterImpl-6cd5981c-8f90-4fde-9f17-131d20e6bdb9/datanode-4/data/ratis/544af1d3-12c8-4fe1-af72-51cc256165fc does not exist. Creating ...
2019-09-26 20:38:03,493 [pool-187-thread-1] INFO  storage.RaftStorageDirectory (RaftStorageDirectory.java:tryLock(328)) - Lock on /workdir/hadoop-ozone/integration-test/target/test-dir/MiniOzoneClusterImpl-6cd5981c-8f90-4fde-9f17-131d20e6bdb9/datanode-4/data/ratis/544af1d3-12c8-4fe1-af72-51cc256165fc/in_use.lock acquired by nodename 4010@pr-hdds-2162-kpcbn-4093309294
2019-09-26 20:38:03,506 [pool-187-thread-1] INFO  storage.RaftStorage (RaftStorage.java:format(72)) - Storage directory /workdir/hadoop-ozone/integration-test/target/test-dir/MiniOzoneClusterImpl-6cd5981c-8f90-4fde-9f17-131d20e6bdb9/datanode-4/data/ratis/544af1d3-12c8-4fe1-af72-51cc256165fc has been successfully formatted.
2019-09-26 20:38:03,506 [pool-187-thread-1] INFO  ratis.ContainerStateMachine (ContainerStateMachine.java:loadSnapshot(230)) - group-51CC256165FC: The snapshot info is null. Setting the last applied indexto:(t:0, i:~)
2019-09-26 20:38:03,507 [pool-187-thread-1] INFO  server.RaftServerConfigKeys (ConfUtils.java:logGet(43)) - raft.server.notification.no-leader.timeout = 120s (custom)
2019-09-26 20:38:03,507 [pool-187-thread-1] INFO  server.RaftServerConfigKeys (ConfUtils.java:logGet(43)) - raft.server.log.use.memory = false (default)
2019-09-26 20:38:03,507 [pool-187-thread-1] INFO  server.RaftServerConfigKeys (ConfUtils.java:logGet(43)) - raft.server.log.purge.gap = 1000000 (custom)
2019-09-26 20:38:03,507 [pool-187-thread-1] INFO  server.RaftServerConfigKeys (ConfUtils.java:logGet(43)) - raft.server.log.appender.buffer.byte-limit = 33554432 (custom)
2019-09-26 20:38:03,507 [pool-187-thread-1] INFO  server.RaftServerConfigKeys (ConfUtils.java:logGet(43)) - raft.server.log.segment.size.max = 1048576 (custom)
2019-09-26 20:38:03,507 [pool-187-thread-1] INFO  server.RaftServerConfigKeys (ConfUtils.java:logGet(43)) - raft.server.log.segment.cache.num.max = 2 (custom)
2019-09-26 20:38:03,507 [pool-187-thread-1] INFO  segmented.SegmentedRaftLogWorker (SegmentedRaftLogWorker.java:<init>(172)) - new 23e65fe1-92f4-4d18-88b6-12afdf835ab8@group-51CC256165FC-SegmentedRaftLogWorker for RaftStorage:Storage Directory /workdir/hadoop-ozone/integration-test/target/test-dir/MiniOzoneClusterImpl-6cd5981c-8f90-4fde-9f17-131d20e6bdb9/datanode-4/data/ratis/544af1d3-12c8-4fe1-af72-51cc256165fc
2019-09-26 20:38:03,508 [pool-187-thread-1] INFO  server.RaftServerConfigKeys (ConfUtils.java:logGet(43)) - raft.server.log.queue.byte-limit = 2147483647 (custom)
2019-09-26 20:38:03,508 [pool-187-thread-1] INFO  server.RaftServerConfigKeys (ConfUtils.java:logGet(43)) - raft.server.log.queue.element-limit = 1024 (custom)
2019-09-26 20:38:03,508 [pool-187-thread-1] INFO  server.RaftServerConfigKeys (ConfUtils.java:logGet(43)) - raft.server.log.segment.size.max = 1048576 (custom)
2019-09-26 20:38:03,508 [pool-187-thread-1] INFO  server.RaftServerConfigKeys (ConfUtils.java:logGet(43)) - raft.server.log.preallocated.size = 16384 (custom)
2019-09-26 20:38:03,508 [pool-187-thread-1] INFO  server.RaftServerConfigKeys (ConfUtils.java:logGet(43)) - raft.server.log.write.buffer.size = 33554432 (custom)
2019-09-26 20:38:03,508 [pool-187-thread-1] INFO  server.RaftServerConfigKeys (ConfUtils.java:logGet(43)) - raft.server.log.force.sync.num = 128 (default)
2019-09-26 20:38:03,508 [pool-187-thread-1] INFO  server.RaftServerConfigKeys (ConfUtils.java:logGet(43)) - raft.server.log.statemachine.data.sync = true (default)
2019-09-26 20:38:03,508 [pool-187-thread-1] INFO  server.RaftServerConfigKeys (ConfUtils.java:logGet(43)) - raft.server.log.statemachine.data.sync.timeout = 10s (default)
2019-09-26 20:38:03,509 [pool-187-thread-1] INFO  server.RaftServerConfigKeys (ConfUtils.java:logGet(43)) - raft.server.log.statemachine.data.sync.timeout.retry = -1 (default)
2019-09-26 20:38:03,509 [pool-187-thread-1] INFO  server.RaftServerConfigKeys (ConfUtils.java:logGet(43)) - raft.server.log.statemachine.data.caching.enabled = true (custom)
2019-09-26 20:38:03,509 [pool-187-thread-1] INFO  segmented.SegmentedRaftLogWorker (SegmentedRaftLogWorker.java:lambda$new$0(132)) - 23e65fe1-92f4-4d18-88b6-12afdf835ab8@group-51CC256165FC-SegmentedRaftLogWorker: flushIndex: setUnconditionally 0 -> -1
2019-09-26 20:38:03,509 [pool-187-thread-1] INFO  server.RaftServerConfigKeys (ConfUtils.java:logGet(43)) - raft.server.snapshot.auto.trigger.enabled = true (custom)
2019-09-26 20:38:03,509 [pool-187-thread-1] INFO  server.RaftServerConfigKeys (ConfUtils.java:logGet(43)) - raft.server.snapshot.auto.trigger.threshold = 10000 (custom)
2019-09-26 20:38:03,509 [pool-187-thread-1] INFO  server.RaftServerConfigKeys (ConfUtils.java:logGet(43)) - raft.server.snapshot.retention.num.files = 5 (custom)
2019-09-26 20:38:03,510 [pool-187-thread-1] INFO  server.RaftServerConfigKeys (ConfUtils.java:logGet(43)) - raft.server.retrycache.expirytime = 600000ms (custom)
2019-09-26 20:38:03,512 [pool-187-thread-1] INFO  impl.RaftServerImpl (RaftServerImpl.java:start(185)) - 23e65fe1-92f4-4d18-88b6-12afdf835ab8@group-51CC256165FC: start as a follower, conf=-1: [23e65fe1-92f4-4d18-88b6-12afdf835ab8:192.168.151.109:46202], old=null
2019-09-26 20:38:03,512 [pool-187-thread-1] INFO  impl.RaftServerImpl (RaftServerImpl.java:setRole(174)) - 23e65fe1-92f4-4d18-88b6-12afdf835ab8@group-51CC256165FC: changes role from      null to FOLLOWER at term 0 for startAsFollower
2019-09-26 20:38:03,512 [pool-187-thread-1] INFO  impl.RoleInfo (RoleInfo.java:updateAndGet(143)) - 23e65fe1-92f4-4d18-88b6-12afdf835ab8: start FollowerState
2019-09-26 20:38:03,512 [pool-187-thread-1] INFO  util.JmxRegister (JmxRegister.java:tryRegister(44)) - Successfully registered JMX Bean with object name Ratis:service=RaftServer,group=group-51CC256165FC,id=23e65fe1-92f4-4d18-88b6-12afdf835ab8
2019-09-26 20:38:03,518 [RatisPipelineUtilsThread] INFO  pipeline.PipelineStateManager (PipelineStateManager.java:addPipeline(56)) - Created pipeline Pipeline[ Id: 544af1d3-12c8-4fe1-af72-51cc256165fc, Nodes: 23e65fe1-92f4-4d18-88b6-12afdf835ab8{ip: 192.168.151.109, host: pr-hdds-2162-kpcbn-4093309294, networkLocation: /default-rack, certSerialId: null}, Type:RATIS, Factor:ONE, State:OPEN]
2019-09-26 20:38:04,088 [Thread-2141] INFO  impl.FollowerState (FollowerState.java:run(106)) - 789644c6-b1e7-452a-be32-1d295418bb68:group-A6687A45E08D changes to CANDIDATE, lastRpcTime:1017, electionTimeout:1017ms
2019-09-26 20:38:04,088 [Thread-2141] INFO  impl.RoleInfo (RoleInfo.java:shutdownFollowerState(121)) - 789644c6-b1e7-452a-be32-1d295418bb68: shutdown FollowerState
2019-09-26 20:38:04,089 [Thread-2141] INFO  impl.RaftServerImpl (RaftServerImpl.java:setRole(174)) - 789644c6-b1e7-452a-be32-1d295418bb68@group-A6687A45E08D: changes role from  FOLLOWER to CANDIDATE at term 0 for changeToCandidate
2019-09-26 20:38:04,089 [Thread-2141] INFO  impl.RoleInfo (RoleInfo.java:updateAndGet(143)) - 789644c6-b1e7-452a-be32-1d295418bb68: start LeaderElection
2019-09-26 20:38:04,122 [789644c6-b1e7-452a-be32-1d295418bb68@group-A6687A45E08D:LeaderElection28] INFO  impl.LeaderElection (LeaderElection.java:askForVotes(182)) - 789644c6-b1e7-452a-be32-1d295418bb68@group-A6687A45E08D:LeaderElection28: begin an election at term 1 for -1: [789644c6-b1e7-452a-be32-1d295418bb68:192.168.151.109:42694], old=null
2019-09-26 20:38:04,123 [789644c6-b1e7-452a-be32-1d295418bb68@group-A6687A45E08D:LeaderElection28] INFO  impl.RoleInfo (RoleInfo.java:shutdownLeaderElection(134)) - 789644c6-b1e7-452a-be32-1d295418bb68: shutdown LeaderElection
2019-09-26 20:38:04,123 [789644c6-b1e7-452a-be32-1d295418bb68@group-A6687A45E08D:LeaderElection28] INFO  impl.RaftServerImpl (RaftServerImpl.java:setRole(174)) - 789644c6-b1e7-452a-be32-1d295418bb68@group-A6687A45E08D: changes role from CANDIDATE to LEADER at term 1 for changeToLeader
2019-09-26 20:38:04,123 [789644c6-b1e7-452a-be32-1d295418bb68@group-A6687A45E08D:LeaderElection28] INFO  impl.RaftServerImpl (ServerState.java:setLeader(253)) - 789644c6-b1e7-452a-be32-1d295418bb68@group-A6687A45E08D: change Leader from null to 789644c6-b1e7-452a-be32-1d295418bb68 at term 1 for becomeLeader, leader elected after 1061ms
2019-09-26 20:38:04,124 [789644c6-b1e7-452a-be32-1d295418bb68@group-A6687A45E08D:LeaderElection28] INFO  server.RaftServerConfigKeys (ConfUtils.java:logGet(43)) - raft.server.staging.catchup.gap = 1000 (default)
2019-09-26 20:38:04,124 [789644c6-b1e7-452a-be32-1d295418bb68@group-A6687A45E08D:LeaderElection28] INFO  server.RaftServerConfigKeys (ConfUtils.java:logGet(43)) - raft.server.rpc.sleep.time = 25ms (default)
2019-09-26 20:38:04,124 [789644c6-b1e7-452a-be32-1d295418bb68@group-A6687A45E08D:LeaderElection28] INFO  server.RaftServerConfigKeys (ConfUtils.java:logGet(43)) - raft.server.write.element-limit = 4096 (default)
2019-09-26 20:38:04,124 [789644c6-b1e7-452a-be32-1d295418bb68@group-A6687A45E08D:LeaderElection28] INFO  server.RaftServerConfigKeys (ConfUtils.java:logGet(43)) - raft.server.watch.timeout = 10s (default)
2019-09-26 20:38:04,125 [789644c6-b1e7-452a-be32-1d295418bb68@group-A6687A45E08D:LeaderElection28] INFO  server.RaftServerConfigKeys (ConfUtils.java:logGet(43)) - raft.server.watch.timeout.denomination = 1s (default)
2019-09-26 20:38:04,125 [789644c6-b1e7-452a-be32-1d295418bb68@group-A6687A45E08D:LeaderElection28] INFO  server.RaftServerConfigKeys (ConfUtils.java:logGet(43)) - raft.server.watch.element-limit = 65536 (default)
2019-09-26 20:38:04,129 [789644c6-b1e7-452a-be32-1d295418bb68@group-A6687A45E08D:LeaderElection28] INFO  impl.RoleInfo (RoleInfo.java:updateAndGet(143)) - 789644c6-b1e7-452a-be32-1d295418bb68: start LeaderState
2019-09-26 20:38:04,129 [789644c6-b1e7-452a-be32-1d295418bb68@group-A6687A45E08D:LeaderElection28] INFO  segmented.SegmentedRaftLogWorker (SegmentedRaftLogWorker.java:startLogSegment(380)) - 789644c6-b1e7-452a-be32-1d295418bb68@group-A6687A45E08D-SegmentedRaftLogWorker: Starting segment from index:0
2019-09-26 20:38:04,133 [789644c6-b1e7-452a-be32-1d295418bb68@group-A6687A45E08D:LeaderElection28] INFO  impl.RaftServerImpl (ServerState.java:setRaftConf(354)) - 789644c6-b1e7-452a-be32-1d295418bb68@group-A6687A45E08D: set configuration 0: [789644c6-b1e7-452a-be32-1d295418bb68:192.168.151.109:42694], old=null at 0
2019-09-26 20:38:04,186 [789644c6-b1e7-452a-be32-1d295418bb68@group-A6687A45E08D-SegmentedRaftLogWorker] INFO  segmented.SegmentedRaftLogWorker (SegmentedRaftLogWorker.java:execute(569)) - 789644c6-b1e7-452a-be32-1d295418bb68@group-A6687A45E08D-SegmentedRaftLogWorker: created new log segment /workdir/hadoop-ozone/integration-test/target/test-dir/MiniOzoneClusterImpl-6cd5981c-8f90-4fde-9f17-131d20e6bdb9/datanode-0/data/ratis/fd656887-50a7-4cd2-a2cf-a6687a45e08d/current/log_inprogress_0
2019-09-26 20:38:04,199 [Thread-2144] INFO  impl.FollowerState (FollowerState.java:run(106)) - 941e0be9-b5d2-45a7-942a-524150895db1:group-E4C677F8CCB0 changes to CANDIDATE, lastRpcTime:1051, electionTimeout:1051ms
2019-09-26 20:38:04,199 [Thread-2144] INFO  impl.RoleInfo (RoleInfo.java:shutdownFollowerState(121)) - 941e0be9-b5d2-45a7-942a-524150895db1: shutdown FollowerState
2019-09-26 20:38:04,199 [Thread-2144] INFO  impl.RaftServerImpl (RaftServerImpl.java:setRole(174)) - 941e0be9-b5d2-45a7-942a-524150895db1@group-E4C677F8CCB0: changes role from  FOLLOWER to CANDIDATE at term 0 for changeToCandidate
2019-09-26 20:38:04,200 [Thread-2144] INFO  impl.RoleInfo (RoleInfo.java:updateAndGet(143)) - 941e0be9-b5d2-45a7-942a-524150895db1: start LeaderElection
2019-09-26 20:38:04,217 [941e0be9-b5d2-45a7-942a-524150895db1@group-E4C677F8CCB0:LeaderElection29] INFO  impl.LeaderElection (LeaderElection.java:askForVotes(182)) - 941e0be9-b5d2-45a7-942a-524150895db1@group-E4C677F8CCB0:LeaderElection29: begin an election at term 1 for -1: [941e0be9-b5d2-45a7-942a-524150895db1:192.168.151.109:36037], old=null
2019-09-26 20:38:04,217 [941e0be9-b5d2-45a7-942a-524150895db1@group-E4C677F8CCB0:LeaderElection29] INFO  impl.RoleInfo (RoleInfo.java:shutdownLeaderElection(134)) - 941e0be9-b5d2-45a7-942a-524150895db1: shutdown LeaderElection
2019-09-26 20:38:04,217 [941e0be9-b5d2-45a7-942a-524150895db1@group-E4C677F8CCB0:LeaderElection29] INFO  impl.RaftServerImpl (RaftServerImpl.java:setRole(174)) - 941e0be9-b5d2-45a7-942a-524150895db1@group-E4C677F8CCB0: changes role from CANDIDATE to LEADER at term 1 for changeToLeader
2019-09-26 20:38:04,217 [941e0be9-b5d2-45a7-942a-524150895db1@group-E4C677F8CCB0:LeaderElection29] INFO  impl.RaftServerImpl (ServerState.java:setLeader(253)) - 941e0be9-b5d2-45a7-942a-524150895db1@group-E4C677F8CCB0: change Leader from null to 941e0be9-b5d2-45a7-942a-524150895db1 at term 1 for becomeLeader, leader elected after 1080ms
2019-09-26 20:38:04,218 [941e0be9-b5d2-45a7-942a-524150895db1@group-E4C677F8CCB0:LeaderElection29] INFO  server.RaftServerConfigKeys (ConfUtils.java:logGet(43)) - raft.server.staging.catchup.gap = 1000 (default)
2019-09-26 20:38:04,218 [941e0be9-b5d2-45a7-942a-524150895db1@group-E4C677F8CCB0:LeaderElection29] INFO  server.RaftServerConfigKeys (ConfUtils.java:logGet(43)) - raft.server.rpc.sleep.time = 25ms (default)
2019-09-26 20:38:04,218 [941e0be9-b5d2-45a7-942a-524150895db1@group-E4C677F8CCB0:LeaderElection29] INFO  server.RaftServerConfigKeys (ConfUtils.java:logGet(43)) - raft.server.write.element-limit = 4096 (default)
2019-09-26 20:38:04,218 [941e0be9-b5d2-45a7-942a-524150895db1@group-E4C677F8CCB0:LeaderElection29] INFO  server.RaftServerConfigKeys (ConfUtils.java:logGet(43)) - raft.server.watch.timeout = 10s (default)
2019-09-26 20:38:04,218 [941e0be9-b5d2-45a7-942a-524150895db1@group-E4C677F8CCB0:LeaderElection29] INFO  server.RaftServerConfigKeys (ConfUtils.java:logGet(43)) - raft.server.watch.timeout.denomination = 1s (default)
2019-09-26 20:38:04,219 [941e0be9-b5d2-45a7-942a-524150895db1@group-E4C677F8CCB0:LeaderElection29] INFO  server.RaftServerConfigKeys (ConfUtils.java:logGet(43)) - raft.server.watch.element-limit = 65536 (default)
2019-09-26 20:38:04,222 [941e0be9-b5d2-45a7-942a-524150895db1@group-E4C677F8CCB0:LeaderElection29] INFO  impl.RoleInfo (RoleInfo.java:updateAndGet(143)) - 941e0be9-b5d2-45a7-942a-524150895db1: start LeaderState
2019-09-26 20:38:04,222 [941e0be9-b5d2-45a7-942a-524150895db1@group-E4C677F8CCB0:LeaderElection29] INFO  segmented.SegmentedRaftLogWorker (SegmentedRaftLogWorker.java:startLogSegment(380)) - 941e0be9-b5d2-45a7-942a-524150895db1@group-E4C677F8CCB0-SegmentedRaftLogWorker: Starting segment from index:0
2019-09-26 20:38:04,223 [941e0be9-b5d2-45a7-942a-524150895db1@group-E4C677F8CCB0:LeaderElection29] INFO  impl.RaftServerImpl (ServerState.java:setRaftConf(354)) - 941e0be9-b5d2-45a7-942a-524150895db1@group-E4C677F8CCB0: set configuration 0: [941e0be9-b5d2-45a7-942a-524150895db1:192.168.151.109:36037], old=null at 0
2019-09-26 20:38:04,275 [941e0be9-b5d2-45a7-942a-524150895db1@group-E4C677F8CCB0-SegmentedRaftLogWorker] INFO  segmented.SegmentedRaftLogWorker (SegmentedRaftLogWorker.java:execute(569)) - 941e0be9-b5d2-45a7-942a-524150895db1@group-E4C677F8CCB0-SegmentedRaftLogWorker: created new log segment /workdir/hadoop-ozone/integration-test/target/test-dir/MiniOzoneClusterImpl-6cd5981c-8f90-4fde-9f17-131d20e6bdb9/datanode-1/data/ratis/70a402dd-1389-4e24-9a16-e4c677f8ccb0/current/log_inprogress_0
2019-09-26 20:38:04,334 [Thread-2147] INFO  impl.FollowerState (FollowerState.java:run(106)) - e791874c-b2f4-4f7f-9315-0432fb0d59cd:group-B369B74B4EB4 changes to CANDIDATE, lastRpcTime:1126, electionTimeout:1126ms
2019-09-26 20:38:04,335 [Thread-2147] INFO  impl.RoleInfo (RoleInfo.java:shutdownFollowerState(121)) - e791874c-b2f4-4f7f-9315-0432fb0d59cd: shutdown FollowerState
2019-09-26 20:38:04,335 [Thread-2147] INFO  impl.RaftServerImpl (RaftServerImpl.java:setRole(174)) - e791874c-b2f4-4f7f-9315-0432fb0d59cd@group-B369B74B4EB4: changes role from  FOLLOWER to CANDIDATE at term 0 for changeToCandidate
2019-09-26 20:38:04,335 [Thread-2147] INFO  impl.RoleInfo (RoleInfo.java:updateAndGet(143)) - e791874c-b2f4-4f7f-9315-0432fb0d59cd: start LeaderElection
2019-09-26 20:38:04,349 [main] INFO  ozone.MiniOzoneClusterImpl (MiniOzoneClusterImpl.java:lambda$waitForClusterToBeReady$0(147)) - Cluster is ready. Got 6 of 6 DN Heartbeats.
2019-09-26 20:38:04,352 [e791874c-b2f4-4f7f-9315-0432fb0d59cd@group-B369B74B4EB4:LeaderElection30] INFO  impl.LeaderElection (LeaderElection.java:askForVotes(182)) - e791874c-b2f4-4f7f-9315-0432fb0d59cd@group-B369B74B4EB4:LeaderElection30: begin an election at term 1 for -1: [e791874c-b2f4-4f7f-9315-0432fb0d59cd:192.168.151.109:35942], old=null
2019-09-26 20:38:04,352 [e791874c-b2f4-4f7f-9315-0432fb0d59cd@group-B369B74B4EB4:LeaderElection30] INFO  impl.RoleInfo (RoleInfo.java:shutdownLeaderElection(134)) - e791874c-b2f4-4f7f-9315-0432fb0d59cd: shutdown LeaderElection
2019-09-26 20:38:04,352 [e791874c-b2f4-4f7f-9315-0432fb0d59cd@group-B369B74B4EB4:LeaderElection30] INFO  impl.RaftServerImpl (RaftServerImpl.java:setRole(174)) - e791874c-b2f4-4f7f-9315-0432fb0d59cd@group-B369B74B4EB4: changes role from CANDIDATE to LEADER at term 1 for changeToLeader
2019-09-26 20:38:04,352 [e791874c-b2f4-4f7f-9315-0432fb0d59cd@group-B369B74B4EB4:LeaderElection30] INFO  impl.RaftServerImpl (ServerState.java:setLeader(253)) - e791874c-b2f4-4f7f-9315-0432fb0d59cd@group-B369B74B4EB4: change Leader from null to e791874c-b2f4-4f7f-9315-0432fb0d59cd at term 1 for becomeLeader, leader elected after 1155ms
2019-09-26 20:38:04,352 [e791874c-b2f4-4f7f-9315-0432fb0d59cd@group-B369B74B4EB4:LeaderElection30] INFO  server.RaftServerConfigKeys (ConfUtils.java:logGet(43)) - raft.server.staging.catchup.gap = 1000 (default)
2019-09-26 20:38:04,353 [e791874c-b2f4-4f7f-9315-0432fb0d59cd@group-B369B74B4EB4:LeaderElection30] INFO  server.RaftServerConfigKeys (ConfUtils.java:logGet(43)) - raft.server.rpc.sleep.time = 25ms (default)
2019-09-26 20:38:04,353 [e791874c-b2f4-4f7f-9315-0432fb0d59cd@group-B369B74B4EB4:LeaderElection30] INFO  server.RaftServerConfigKeys (ConfUtils.java:logGet(43)) - raft.server.write.element-limit = 4096 (default)
2019-09-26 20:38:04,353 [e791874c-b2f4-4f7f-9315-0432fb0d59cd@group-B369B74B4EB4:LeaderElection30] INFO  server.RaftServerConfigKeys (ConfUtils.java:logGet(43)) - raft.server.watch.timeout = 10s (default)
2019-09-26 20:38:04,353 [e791874c-b2f4-4f7f-9315-0432fb0d59cd@group-B369B74B4EB4:LeaderElection30] INFO  server.RaftServerConfigKeys (ConfUtils.java:logGet(43)) - raft.server.watch.timeout.denomination = 1s (default)
2019-09-26 20:38:04,353 [e791874c-b2f4-4f7f-9315-0432fb0d59cd@group-B369B74B4EB4:LeaderElection30] INFO  server.RaftServerConfigKeys (ConfUtils.java:logGet(43)) - raft.server.watch.element-limit = 65536 (default)
2019-09-26 20:38:04,356 [e791874c-b2f4-4f7f-9315-0432fb0d59cd@group-B369B74B4EB4:LeaderElection30] INFO  impl.RoleInfo (RoleInfo.java:updateAndGet(143)) - e791874c-b2f4-4f7f-9315-0432fb0d59cd: start LeaderState
2019-09-26 20:38:04,356 [e791874c-b2f4-4f7f-9315-0432fb0d59cd@group-B369B74B4EB4:LeaderElection30] INFO  segmented.SegmentedRaftLogWorker (SegmentedRaftLogWorker.java:startLogSegment(380)) - e791874c-b2f4-4f7f-9315-0432fb0d59cd@group-B369B74B4EB4-SegmentedRaftLogWorker: Starting segment from index:0
2019-09-26 20:38:04,357 [e791874c-b2f4-4f7f-9315-0432fb0d59cd@group-B369B74B4EB4:LeaderElection30] INFO  impl.RaftServerImpl (ServerState.java:setRaftConf(354)) - e791874c-b2f4-4f7f-9315-0432fb0d59cd@group-B369B74B4EB4: set configuration 0: [e791874c-b2f4-4f7f-9315-0432fb0d59cd:192.168.151.109:35942], old=null at 0
2019-09-26 20:38:04,400 [e791874c-b2f4-4f7f-9315-0432fb0d59cd@group-B369B74B4EB4-SegmentedRaftLogWorker] INFO  segmented.SegmentedRaftLogWorker (SegmentedRaftLogWorker.java:execute(569)) - e791874c-b2f4-4f7f-9315-0432fb0d59cd@group-B369B74B4EB4-SegmentedRaftLogWorker: created new log segment /workdir/hadoop-ozone/integration-test/target/test-dir/MiniOzoneClusterImpl-6cd5981c-8f90-4fde-9f17-131d20e6bdb9/datanode-2/data/ratis/2f276231-12f0-41b7-974d-b369b74b4eb4/current/log_inprogress_0
2019-09-26 20:38:04,406 [Thread-2153] INFO  impl.FollowerState (FollowerState.java:run(106)) - 941e0be9-b5d2-45a7-942a-524150895db1:group-E2B3CFB2BAD3 changes to CANDIDATE, lastRpcTime:1067, electionTimeout:1067ms
2019-09-26 20:38:04,406 [Thread-2153] INFO  impl.RoleInfo (RoleInfo.java:shutdownFollowerState(121)) - 941e0be9-b5d2-45a7-942a-524150895db1: shutdown FollowerState
2019-09-26 20:38:04,406 [Thread-2153] INFO  impl.RaftServerImpl (RaftServerImpl.java:setRole(174)) - 941e0be9-b5d2-45a7-942a-524150895db1@group-E2B3CFB2BAD3: changes role from  FOLLOWER to CANDIDATE at term 0 for changeToCandidate
2019-09-26 20:38:04,406 [Thread-2153] INFO  impl.RoleInfo (RoleInfo.java:updateAndGet(143)) - 941e0be9-b5d2-45a7-942a-524150895db1: start LeaderElection
2019-09-26 20:38:04,425 [941e0be9-b5d2-45a7-942a-524150895db1@group-E2B3CFB2BAD3:LeaderElection31] INFO  impl.LeaderElection (LeaderElection.java:askForVotes(182)) - 941e0be9-b5d2-45a7-942a-524150895db1@group-E2B3CFB2BAD3:LeaderElection31: begin an election at term 1 for -1: [e791874c-b2f4-4f7f-9315-0432fb0d59cd:192.168.151.109:35942, 789644c6-b1e7-452a-be32-1d295418bb68:192.168.151.109:42694, 941e0be9-b5d2-45a7-942a-524150895db1:192.168.151.109:36037], old=null
2019-09-26 20:38:04,433 [grpc-default-executor-0] INFO  impl.RaftServerImpl (RaftServerImpl.java:setRole(174)) - e791874c-b2f4-4f7f-9315-0432fb0d59cd@group-E2B3CFB2BAD3: changes role from  FOLLOWER to FOLLOWER at term 1 for recognizeCandidate:941e0be9-b5d2-45a7-942a-524150895db1
2019-09-26 20:38:04,433 [grpc-default-executor-2] INFO  impl.RaftServerImpl (RaftServerImpl.java:setRole(174)) - 789644c6-b1e7-452a-be32-1d295418bb68@group-E2B3CFB2BAD3: changes role from  FOLLOWER to FOLLOWER at term 1 for recognizeCandidate:941e0be9-b5d2-45a7-942a-524150895db1
2019-09-26 20:38:04,433 [grpc-default-executor-0] INFO  impl.RoleInfo (RoleInfo.java:shutdownFollowerState(121)) - e791874c-b2f4-4f7f-9315-0432fb0d59cd: shutdown FollowerState
2019-09-26 20:38:04,434 [grpc-default-executor-2] INFO  impl.RoleInfo (RoleInfo.java:shutdownFollowerState(121)) - 789644c6-b1e7-452a-be32-1d295418bb68: shutdown FollowerState
2019-09-26 20:38:04,434 [Thread-2159] INFO  impl.FollowerState (FollowerState.java:run(115)) - e791874c-b2f4-4f7f-9315-0432fb0d59cd: FollowerState was interrupted: java.lang.InterruptedException: sleep interrupted
2019-09-26 20:38:04,434 [grpc-default-executor-0] INFO  impl.RoleInfo (RoleInfo.java:updateAndGet(143)) - e791874c-b2f4-4f7f-9315-0432fb0d59cd: start FollowerState
2019-09-26 20:38:04,434 [Thread-2157] INFO  impl.FollowerState (FollowerState.java:run(115)) - 789644c6-b1e7-452a-be32-1d295418bb68: FollowerState was interrupted: java.lang.InterruptedException: sleep interrupted
2019-09-26 20:38:04,434 [grpc-default-executor-2] INFO  impl.RoleInfo (RoleInfo.java:updateAndGet(143)) - 789644c6-b1e7-452a-be32-1d295418bb68: start FollowerState
2019-09-26 20:38:04,448 [941e0be9-b5d2-45a7-942a-524150895db1@group-E2B3CFB2BAD3:LeaderElection31] INFO  impl.LeaderElection (LeaderElection.java:logAndReturn(56)) - 941e0be9-b5d2-45a7-942a-524150895db1@group-E2B3CFB2BAD3:LeaderElection31: Election PASSED; received 1 response(s) [941e0be9-b5d2-45a7-942a-524150895db1<-789644c6-b1e7-452a-be32-1d295418bb68#0:OK-t1] and 0 exception(s); 941e0be9-b5d2-45a7-942a-524150895db1@group-E2B3CFB2BAD3:t1, leader=null, voted=941e0be9-b5d2-45a7-942a-524150895db1, raftlog=941e0be9-b5d2-45a7-942a-524150895db1@group-E2B3CFB2BAD3-SegmentedRaftLog:OPENED:c-1,f-1,i0, conf=-1: [e791874c-b2f4-4f7f-9315-0432fb0d59cd:192.168.151.109:35942, 789644c6-b1e7-452a-be32-1d295418bb68:192.168.151.109:42694, 941e0be9-b5d2-45a7-942a-524150895db1:192.168.151.109:36037], old=null
2019-09-26 20:38:04,449 [941e0be9-b5d2-45a7-942a-524150895db1@group-E2B3CFB2BAD3:LeaderElection31] INFO  impl.RoleInfo (RoleInfo.java:shutdownLeaderElection(134)) - 941e0be9-b5d2-45a7-942a-524150895db1: shutdown LeaderElection
2019-09-26 20:38:04,451 [941e0be9-b5d2-45a7-942a-524150895db1@group-E2B3CFB2BAD3:LeaderElection31] INFO  impl.RaftServerImpl (RaftServerImpl.java:setRole(174)) - 941e0be9-b5d2-45a7-942a-524150895db1@group-E2B3CFB2BAD3: changes role from CANDIDATE to LEADER at term 1 for changeToLeader
2019-09-26 20:38:04,451 [941e0be9-b5d2-45a7-942a-524150895db1@group-E2B3CFB2BAD3:LeaderElection31] INFO  impl.RaftServerImpl (ServerState.java:setLeader(253)) - 941e0be9-b5d2-45a7-942a-524150895db1@group-E2B3CFB2BAD3: change Leader from null to 941e0be9-b5d2-45a7-942a-524150895db1 at term 1 for becomeLeader, leader elected after 1123ms
2019-09-26 20:38:04,451 [941e0be9-b5d2-45a7-942a-524150895db1@group-E2B3CFB2BAD3:LeaderElection31] INFO  server.RaftServerConfigKeys (ConfUtils.java:logGet(43)) - raft.server.staging.catchup.gap = 1000 (default)
2019-09-26 20:38:04,451 [941e0be9-b5d2-45a7-942a-524150895db1@group-E2B3CFB2BAD3:LeaderElection31] INFO  server.RaftServerConfigKeys (ConfUtils.java:logGet(43)) - raft.server.rpc.sleep.time = 25ms (default)
2019-09-26 20:38:04,451 [941e0be9-b5d2-45a7-942a-524150895db1@group-E2B3CFB2BAD3:LeaderElection31] INFO  server.RaftServerConfigKeys (ConfUtils.java:logGet(43)) - raft.server.write.element-limit = 4096 (default)
2019-09-26 20:38:04,452 [941e0be9-b5d2-45a7-942a-524150895db1@group-E2B3CFB2BAD3:LeaderElection31] INFO  server.RaftServerConfigKeys (ConfUtils.java:logGet(43)) - raft.server.watch.timeout = 10s (default)
2019-09-26 20:38:04,452 [941e0be9-b5d2-45a7-942a-524150895db1@group-E2B3CFB2BAD3:LeaderElection31] INFO  server.RaftServerConfigKeys (ConfUtils.java:logGet(43)) - raft.server.watch.timeout.denomination = 1s (default)
2019-09-26 20:38:04,452 [941e0be9-b5d2-45a7-942a-524150895db1@group-E2B3CFB2BAD3:LeaderElection31] INFO  server.RaftServerConfigKeys (ConfUtils.java:logGet(43)) - raft.server.watch.element-limit = 65536 (default)
2019-09-26 20:38:04,454 [941e0be9-b5d2-45a7-942a-524150895db1@group-E2B3CFB2BAD3:LeaderElection31] INFO  server.RaftServerConfigKeys (ConfUtils.java:logGet(43)) - raft.server.log.appender.snapshot.chunk.size.max = 16MB (=16777216) (default)
2019-09-26 20:38:04,455 [941e0be9-b5d2-45a7-942a-524150895db1@group-E2B3CFB2BAD3:LeaderElection31] INFO  server.RaftServerConfigKeys (ConfUtils.java:logGet(43)) - raft.server.log.appender.buffer.byte-limit = 33554432 (custom)
2019-09-26 20:38:04,455 [941e0be9-b5d2-45a7-942a-524150895db1@group-E2B3CFB2BAD3:LeaderElection31] INFO  server.RaftServerConfigKeys (ConfUtils.java:logGet(43)) - raft.server.log.appender.buffer.element-limit = 1 (custom)
2019-09-26 20:38:04,455 [941e0be9-b5d2-45a7-942a-524150895db1@group-E2B3CFB2BAD3:LeaderElection31] INFO  grpc.GrpcConfigKeys$Server (ConfUtils.java:logGet(43)) - raft.grpc.server.leader.outstanding.appends.max = 128 (default)
2019-09-26 20:38:04,455 [941e0be9-b5d2-45a7-942a-524150895db1@group-E2B3CFB2BAD3:LeaderElection31] INFO  server.RaftServerConfigKeys (ConfUtils.java:logGet(43)) - raft.server.rpc.request.timeout = 3000ms (default)
2019-09-26 20:38:04,456 [941e0be9-b5d2-45a7-942a-524150895db1@group-E2B3CFB2BAD3:LeaderElection31] INFO  server.RaftServerConfigKeys (ConfUtils.java:logGet(43)) - raft.server.log.appender.install.snapshot.enabled = false (custom)
2019-09-26 20:38:04,456 [941e0be9-b5d2-45a7-942a-524150895db1@group-E2B3CFB2BAD3:LeaderElection31] INFO  server.RaftServerConfigKeys (ConfUtils.java:logGet(43)) - raft.server.log.appender.snapshot.chunk.size.max = 16MB (=16777216) (default)
2019-09-26 20:38:04,456 [941e0be9-b5d2-45a7-942a-524150895db1@group-E2B3CFB2BAD3:LeaderElection31] INFO  server.RaftServerConfigKeys (ConfUtils.java:logGet(43)) - raft.server.log.appender.buffer.byte-limit = 33554432 (custom)
2019-09-26 20:38:04,456 [941e0be9-b5d2-45a7-942a-524150895db1@group-E2B3CFB2BAD3:LeaderElection31] INFO  server.RaftServerConfigKeys (ConfUtils.java:logGet(43)) - raft.server.log.appender.buffer.element-limit = 1 (custom)
2019-09-26 20:38:04,456 [941e0be9-b5d2-45a7-942a-524150895db1@group-E2B3CFB2BAD3:LeaderElection31] INFO  grpc.GrpcConfigKeys$Server (ConfUtils.java:logGet(43)) - raft.grpc.server.leader.outstanding.appends.max = 128 (default)
2019-09-26 20:38:04,456 [941e0be9-b5d2-45a7-942a-524150895db1@group-E2B3CFB2BAD3:LeaderElection31] INFO  server.RaftServerConfigKeys (ConfUtils.java:logGet(43)) - raft.server.rpc.request.timeout = 3000ms (default)
2019-09-26 20:38:04,457 [941e0be9-b5d2-45a7-942a-524150895db1@group-E2B3CFB2BAD3:LeaderElection31] INFO  server.RaftServerConfigKeys (ConfUtils.java:logGet(43)) - raft.server.log.appender.install.snapshot.enabled = false (custom)
2019-09-26 20:38:04,457 [941e0be9-b5d2-45a7-942a-524150895db1@group-E2B3CFB2BAD3:LeaderElection31] INFO  impl.RoleInfo (RoleInfo.java:updateAndGet(143)) - 941e0be9-b5d2-45a7-942a-524150895db1: start LeaderState
2019-09-26 20:38:04,457 [941e0be9-b5d2-45a7-942a-524150895db1@group-E2B3CFB2BAD3:LeaderElection31] INFO  segmented.SegmentedRaftLogWorker (SegmentedRaftLogWorker.java:startLogSegment(380)) - 941e0be9-b5d2-45a7-942a-524150895db1@group-E2B3CFB2BAD3-SegmentedRaftLogWorker: Starting segment from index:0
2019-09-26 20:38:04,458 [941e0be9-b5d2-45a7-942a-524150895db1@group-E2B3CFB2BAD3:LeaderElection31] INFO  impl.RaftServerImpl (ServerState.java:setRaftConf(354)) - 941e0be9-b5d2-45a7-942a-524150895db1@group-E2B3CFB2BAD3: set configuration 0: [e791874c-b2f4-4f7f-9315-0432fb0d59cd:192.168.151.109:35942, 789644c6-b1e7-452a-be32-1d295418bb68:192.168.151.109:42694, 941e0be9-b5d2-45a7-942a-524150895db1:192.168.151.109:36037], old=null at 0
2019-09-26 20:38:04,497 [Thread-2163] INFO  impl.FollowerState (FollowerState.java:run(106)) - 983810e7-c78f-49e0-935f-b72803bc8b97:group-76B709B113E4 changes to CANDIDATE, lastRpcTime:1091, electionTimeout:1056ms
2019-09-26 20:38:04,497 [Thread-2150] INFO  impl.FollowerState (FollowerState.java:run(106)) - 983810e7-c78f-49e0-935f-b72803bc8b97:group-2CB849279973 changes to CANDIDATE, lastRpcTime:1230, electionTimeout:1192ms
2019-09-26 20:38:04,500 [Thread-2163] INFO  impl.RoleInfo (RoleInfo.java:shutdownFollowerState(121)) - 983810e7-c78f-49e0-935f-b72803bc8b97: shutdown FollowerState
2019-09-26 20:38:04,500 [Thread-2150] INFO  impl.RoleInfo (RoleInfo.java:shutdownFollowerState(121)) - 983810e7-c78f-49e0-935f-b72803bc8b97: shutdown FollowerState
2019-09-26 20:38:04,500 [Thread-2163] INFO  impl.RaftServerImpl (RaftServerImpl.java:setRole(174)) - 983810e7-c78f-49e0-935f-b72803bc8b97@group-76B709B113E4: changes role from  FOLLOWER to CANDIDATE at term 0 for changeToCandidate
2019-09-26 20:38:04,500 [Thread-2150] INFO  impl.RaftServerImpl (RaftServerImpl.java:setRole(174)) - 983810e7-c78f-49e0-935f-b72803bc8b97@group-2CB849279973: changes role from  FOLLOWER to CANDIDATE at term 0 for changeToCandidate
2019-09-26 20:38:04,501 [Thread-2163] INFO  impl.RoleInfo (RoleInfo.java:updateAndGet(143)) - 983810e7-c78f-49e0-935f-b72803bc8b97: start LeaderElection
2019-09-26 20:38:04,501 [Thread-2150] INFO  impl.RoleInfo (RoleInfo.java:updateAndGet(143)) - 983810e7-c78f-49e0-935f-b72803bc8b97: start LeaderElection
2019-09-26 20:38:04,511 [941e0be9-b5d2-45a7-942a-524150895db1@group-E2B3CFB2BAD3-SegmentedRaftLogWorker] INFO  segmented.SegmentedRaftLogWorker (SegmentedRaftLogWorker.java:execute(569)) - 941e0be9-b5d2-45a7-942a-524150895db1@group-E2B3CFB2BAD3-SegmentedRaftLogWorker: created new log segment /workdir/hadoop-ozone/integration-test/target/test-dir/MiniOzoneClusterImpl-6cd5981c-8f90-4fde-9f17-131d20e6bdb9/datanode-1/data/ratis/80a730c8-f6a9-40f1-bae8-e2b3cfb2bad3/current/log_inprogress_0
2019-09-26 20:38:04,511 [grpc-default-executor-0] INFO  impl.RaftServerImpl (ServerState.java:setLeader(253)) - e791874c-b2f4-4f7f-9315-0432fb0d59cd@group-E2B3CFB2BAD3: change Leader from null to 941e0be9-b5d2-45a7-942a-524150895db1 at term 1 for appendEntries, leader elected after 1183ms
2019-09-26 20:38:04,518 [grpc-default-executor-2] INFO  impl.RaftServerImpl (ServerState.java:setLeader(253)) - 789644c6-b1e7-452a-be32-1d295418bb68@group-E2B3CFB2BAD3: change Leader from null to 941e0be9-b5d2-45a7-942a-524150895db1 at term 1 for appendEntries, leader elected after 1190ms
2019-09-26 20:38:04,523 [Thread-2171] INFO  impl.FollowerState (FollowerState.java:run(106)) - 305abc0e-94f4-41ec-8295-15d4a445dbbe:group-74E6AE6B3430 changes to CANDIDATE, lastRpcTime:1055, electionTimeout:1055ms
2019-09-26 20:38:04,523 [Thread-2171] INFO  impl.RoleInfo (RoleInfo.java:shutdownFollowerState(121)) - 305abc0e-94f4-41ec-8295-15d4a445dbbe: shutdown FollowerState
2019-09-26 20:38:04,523 [Thread-2171] INFO  impl.RaftServerImpl (RaftServerImpl.java:setRole(174)) - 305abc0e-94f4-41ec-8295-15d4a445dbbe@group-74E6AE6B3430: changes role from  FOLLOWER to CANDIDATE at term 0 for changeToCandidate
2019-09-26 20:38:04,523 [Thread-2171] INFO  impl.RoleInfo (RoleInfo.java:updateAndGet(143)) - 305abc0e-94f4-41ec-8295-15d4a445dbbe: start LeaderElection
2019-09-26 20:38:04,529 [grpc-default-executor-0] INFO  impl.RaftServerImpl (ServerState.java:setRaftConf(354)) - 789644c6-b1e7-452a-be32-1d295418bb68@group-E2B3CFB2BAD3: set configuration 0: [e791874c-b2f4-4f7f-9315-0432fb0d59cd:192.168.151.109:35942, 789644c6-b1e7-452a-be32-1d295418bb68:192.168.151.109:42694, 941e0be9-b5d2-45a7-942a-524150895db1:192.168.151.109:36037], old=null at 0
2019-09-26 20:38:04,529 [grpc-default-executor-2] INFO  impl.RaftServerImpl (ServerState.java:setRaftConf(354)) - e791874c-b2f4-4f7f-9315-0432fb0d59cd@group-E2B3CFB2BAD3: set configuration 0: [e791874c-b2f4-4f7f-9315-0432fb0d59cd:192.168.151.109:35942, 789644c6-b1e7-452a-be32-1d295418bb68:192.168.151.109:42694, 941e0be9-b5d2-45a7-942a-524150895db1:192.168.151.109:36037], old=null at 0
2019-09-26 20:38:04,530 [grpc-default-executor-0] INFO  segmented.SegmentedRaftLogWorker (SegmentedRaftLogWorker.java:startLogSegment(380)) - 789644c6-b1e7-452a-be32-1d295418bb68@group-E2B3CFB2BAD3-SegmentedRaftLogWorker: Starting segment from index:0
2019-09-26 20:38:04,530 [grpc-default-executor-2] INFO  segmented.SegmentedRaftLogWorker (SegmentedRaftLogWorker.java:startLogSegment(380)) - e791874c-b2f4-4f7f-9315-0432fb0d59cd@group-E2B3CFB2BAD3-SegmentedRaftLogWorker: Starting segment from index:0
2019-09-26 20:38:04,531 [983810e7-c78f-49e0-935f-b72803bc8b97@group-76B709B113E4:LeaderElection32] INFO  impl.LeaderElection (LeaderElection.java:askForVotes(182)) - 983810e7-c78f-49e0-935f-b72803bc8b97@group-76B709B113E4:LeaderElection32: begin an election at term 1 for -1: [23e65fe1-92f4-4d18-88b6-12afdf835ab8:192.168.151.109:46202, 305abc0e-94f4-41ec-8295-15d4a445dbbe:192.168.151.109:45835, 983810e7-c78f-49e0-935f-b72803bc8b97:192.168.151.109:43601], old=null
2019-09-26 20:38:04,531 [983810e7-c78f-49e0-935f-b72803bc8b97@group-2CB849279973:LeaderElection33] INFO  impl.LeaderElection (LeaderElection.java:askForVotes(182)) - 983810e7-c78f-49e0-935f-b72803bc8b97@group-2CB849279973:LeaderElection33: begin an election at term 1 for -1: [983810e7-c78f-49e0-935f-b72803bc8b97:192.168.151.109:43601], old=null
2019-09-26 20:38:04,531 [983810e7-c78f-49e0-935f-b72803bc8b97@group-2CB849279973:LeaderElection33] INFO  impl.RoleInfo (RoleInfo.java:shutdownLeaderElection(134)) - 983810e7-c78f-49e0-935f-b72803bc8b97: shutdown LeaderElection
2019-09-26 20:38:04,532 [983810e7-c78f-49e0-935f-b72803bc8b97@group-2CB849279973:LeaderElection33] INFO  impl.RaftServerImpl (RaftServerImpl.java:setRole(174)) - 983810e7-c78f-49e0-935f-b72803bc8b97@group-2CB849279973: changes role from CANDIDATE to LEADER at term 1 for changeToLeader
2019-09-26 20:38:04,532 [983810e7-c78f-49e0-935f-b72803bc8b97@group-2CB849279973:LeaderElection33] INFO  impl.RaftServerImpl (ServerState.java:setLeader(253)) - 983810e7-c78f-49e0-935f-b72803bc8b97@group-2CB849279973: change Leader from null to 983810e7-c78f-49e0-935f-b72803bc8b97 at term 1 for becomeLeader, leader elected after 1275ms
2019-09-26 20:38:04,532 [983810e7-c78f-49e0-935f-b72803bc8b97@group-2CB849279973:LeaderElection33] INFO  server.RaftServerConfigKeys (ConfUtils.java:logGet(43)) - raft.server.staging.catchup.gap = 1000 (default)
2019-09-26 20:38:04,532 [983810e7-c78f-49e0-935f-b72803bc8b97@group-2CB849279973:LeaderElection33] INFO  server.RaftServerConfigKeys (ConfUtils.java:logGet(43)) - raft.server.rpc.sleep.time = 25ms (default)
2019-09-26 20:38:04,533 [983810e7-c78f-49e0-935f-b72803bc8b97@group-2CB849279973:LeaderElection33] INFO  server.RaftServerConfigKeys (ConfUtils.java:logGet(43)) - raft.server.write.element-limit = 4096 (default)
2019-09-26 20:38:04,533 [983810e7-c78f-49e0-935f-b72803bc8b97@group-2CB849279973:LeaderElection33] INFO  server.RaftServerConfigKeys (ConfUtils.java:logGet(43)) - raft.server.watch.timeout = 10s (default)
2019-09-26 20:38:04,533 [983810e7-c78f-49e0-935f-b72803bc8b97@group-2CB849279973:LeaderElection33] INFO  server.RaftServerConfigKeys (ConfUtils.java:logGet(43)) - raft.server.watch.timeout.denomination = 1s (default)
2019-09-26 20:38:04,533 [Thread-2166] INFO  impl.FollowerState (FollowerState.java:run(106)) - 23e65fe1-92f4-4d18-88b6-12afdf835ab8:group-76B709B113E4 changes to CANDIDATE, lastRpcTime:1126, electionTimeout:1126ms
2019-09-26 20:38:04,533 [305abc0e-94f4-41ec-8295-15d4a445dbbe@group-74E6AE6B3430:LeaderElection34] INFO  impl.LeaderElection (LeaderElection.java:askForVotes(182)) - 305abc0e-94f4-41ec-8295-15d4a445dbbe@group-74E6AE6B3430:LeaderElection34: begin an election at term 1 for -1: [305abc0e-94f4-41ec-8295-15d4a445dbbe:192.168.151.109:45835], old=null
2019-09-26 20:38:04,534 [Thread-2166] INFO  impl.RoleInfo (RoleInfo.java:shutdownFollowerState(121)) - 23e65fe1-92f4-4d18-88b6-12afdf835ab8: shutdown FollowerState
2019-09-26 20:38:04,533 [983810e7-c78f-49e0-935f-b72803bc8b97@group-2CB849279973:LeaderElection33] INFO  server.RaftServerConfigKeys (ConfUtils.java:logGet(43)) - raft.server.watch.element-limit = 65536 (default)
2019-09-26 20:38:04,568 [Thread-2166] INFO  impl.RaftServerImpl (RaftServerImpl.java:setRole(174)) - 23e65fe1-92f4-4d18-88b6-12afdf835ab8@group-76B709B113E4: changes role from  FOLLOWER to CANDIDATE at term 0 for changeToCandidate
2019-09-26 20:38:04,534 [305abc0e-94f4-41ec-8295-15d4a445dbbe@group-74E6AE6B3430:LeaderElection34] INFO  impl.RoleInfo (RoleInfo.java:shutdownLeaderElection(134)) - 305abc0e-94f4-41ec-8295-15d4a445dbbe: shutdown LeaderElection
2019-09-26 20:38:04,569 [Thread-2166] INFO  impl.RoleInfo (RoleInfo.java:updateAndGet(143)) - 23e65fe1-92f4-4d18-88b6-12afdf835ab8: start LeaderElection
2019-09-26 20:38:04,569 [305abc0e-94f4-41ec-8295-15d4a445dbbe@group-74E6AE6B3430:LeaderElection34] INFO  impl.RaftServerImpl (RaftServerImpl.java:setRole(174)) - 305abc0e-94f4-41ec-8295-15d4a445dbbe@group-74E6AE6B3430: changes role from CANDIDATE to LEADER at term 1 for changeToLeader
2019-09-26 20:38:04,569 [305abc0e-94f4-41ec-8295-15d4a445dbbe@group-74E6AE6B3430:LeaderElection34] INFO  impl.RaftServerImpl (ServerState.java:setLeader(253)) - 305abc0e-94f4-41ec-8295-15d4a445dbbe@group-74E6AE6B3430: change Leader from null to 305abc0e-94f4-41ec-8295-15d4a445dbbe at term 1 for becomeLeader, leader elected after 1107ms
2019-09-26 20:38:04,569 [305abc0e-94f4-41ec-8295-15d4a445dbbe@group-74E6AE6B3430:LeaderElection34] INFO  server.RaftServerConfigKeys (ConfUtils.java:logGet(43)) - raft.server.staging.catchup.gap = 1000 (default)
2019-09-26 20:38:04,569 [305abc0e-94f4-41ec-8295-15d4a445dbbe@group-74E6AE6B3430:LeaderElection34] INFO  server.RaftServerConfigKeys (ConfUtils.java:logGet(43)) - raft.server.rpc.sleep.time = 25ms (default)
2019-09-26 20:38:04,571 [305abc0e-94f4-41ec-8295-15d4a445dbbe@group-74E6AE6B3430:LeaderElection34] INFO  server.RaftServerConfigKeys (ConfUtils.java:logGet(43)) - raft.server.write.element-limit = 4096 (default)
2019-09-26 20:38:04,572 [305abc0e-94f4-41ec-8295-15d4a445dbbe@group-74E6AE6B3430:LeaderElection34] INFO  server.RaftServerConfigKeys (ConfUtils.java:logGet(43)) - raft.server.watch.timeout = 10s (default)
2019-09-26 20:38:04,572 [305abc0e-94f4-41ec-8295-15d4a445dbbe@group-74E6AE6B3430:LeaderElection34] INFO  server.RaftServerConfigKeys (ConfUtils.java:logGet(43)) - raft.server.watch.timeout.denomination = 1s (default)
2019-09-26 20:38:04,572 [305abc0e-94f4-41ec-8295-15d4a445dbbe@group-74E6AE6B3430:LeaderElection34] INFO  server.RaftServerConfigKeys (ConfUtils.java:logGet(43)) - raft.server.watch.element-limit = 65536 (default)
2019-09-26 20:38:04,573 [grpc-default-executor-2] INFO  impl.RaftServerImpl (RaftServerImpl.java:setRole(174)) - 305abc0e-94f4-41ec-8295-15d4a445dbbe@group-76B709B113E4: changes role from  FOLLOWER to FOLLOWER at term 1 for recognizeCandidate:983810e7-c78f-49e0-935f-b72803bc8b97
2019-09-26 20:38:04,573 [grpc-default-executor-2] INFO  impl.RoleInfo (RoleInfo.java:shutdownFollowerState(121)) - 305abc0e-94f4-41ec-8295-15d4a445dbbe: shutdown FollowerState
2019-09-26 20:38:04,574 [983810e7-c78f-49e0-935f-b72803bc8b97@group-2CB849279973:LeaderElection33] INFO  impl.RoleInfo (RoleInfo.java:updateAndGet(143)) - 983810e7-c78f-49e0-935f-b72803bc8b97: start LeaderState
2019-09-26 20:38:04,574 [Thread-2168] INFO  impl.FollowerState (FollowerState.java:run(115)) - 305abc0e-94f4-41ec-8295-15d4a445dbbe: FollowerState was interrupted: java.lang.InterruptedException: sleep interrupted
2019-09-26 20:38:04,574 [grpc-default-executor-2] INFO  impl.RoleInfo (RoleInfo.java:updateAndGet(143)) - 305abc0e-94f4-41ec-8295-15d4a445dbbe: start FollowerState
2019-09-26 20:38:04,574 [983810e7-c78f-49e0-935f-b72803bc8b97@group-2CB849279973:LeaderElection33] INFO  segmented.SegmentedRaftLogWorker (SegmentedRaftLogWorker.java:startLogSegment(380)) - 983810e7-c78f-49e0-935f-b72803bc8b97@group-2CB849279973-SegmentedRaftLogWorker: Starting segment from index:0
2019-09-26 20:38:04,574 [305abc0e-94f4-41ec-8295-15d4a445dbbe@group-74E6AE6B3430:LeaderElection34] INFO  impl.RoleInfo (RoleInfo.java:updateAndGet(143)) - 305abc0e-94f4-41ec-8295-15d4a445dbbe: start LeaderState
2019-09-26 20:38:04,574 [305abc0e-94f4-41ec-8295-15d4a445dbbe@group-74E6AE6B3430:LeaderElection34] INFO  segmented.SegmentedRaftLogWorker (SegmentedRaftLogWorker.java:startLogSegment(380)) - 305abc0e-94f4-41ec-8295-15d4a445dbbe@group-74E6AE6B3430-SegmentedRaftLogWorker: Starting segment from index:0
2019-09-26 20:38:04,574 [983810e7-c78f-49e0-935f-b72803bc8b97@group-2CB849279973:LeaderElection33] INFO  impl.RaftServerImpl (ServerState.java:setRaftConf(354)) - 983810e7-c78f-49e0-935f-b72803bc8b97@group-2CB849279973: set configuration 0: [983810e7-c78f-49e0-935f-b72803bc8b97:192.168.151.109:43601], old=null at 0
2019-09-26 20:38:04,606 [e791874c-b2f4-4f7f-9315-0432fb0d59cd@group-E2B3CFB2BAD3-SegmentedRaftLogWorker] INFO  segmented.SegmentedRaftLogWorker (SegmentedRaftLogWorker.java:execute(569)) - e791874c-b2f4-4f7f-9315-0432fb0d59cd@group-E2B3CFB2BAD3-SegmentedRaftLogWorker: created new log segment /workdir/hadoop-ozone/integration-test/target/test-dir/MiniOzoneClusterImpl-6cd5981c-8f90-4fde-9f17-131d20e6bdb9/datanode-2/data/ratis/80a730c8-f6a9-40f1-bae8-e2b3cfb2bad3/current/log_inprogress_0
2019-09-26 20:38:04,607 [23e65fe1-92f4-4d18-88b6-12afdf835ab8@group-76B709B113E4:LeaderElection35] INFO  impl.LeaderElection (LeaderElection.java:askForVotes(182)) - 23e65fe1-92f4-4d18-88b6-12afdf835ab8@group-76B709B113E4:LeaderElection35: begin an election at term 1 for -1: [23e65fe1-92f4-4d18-88b6-12afdf835ab8:192.168.151.109:46202, 305abc0e-94f4-41ec-8295-15d4a445dbbe:192.168.151.109:45835, 983810e7-c78f-49e0-935f-b72803bc8b97:192.168.151.109:43601], old=null
2019-09-26 20:38:04,609 [305abc0e-94f4-41ec-8295-15d4a445dbbe@group-74E6AE6B3430:LeaderElection34] INFO  impl.RaftServerImpl (ServerState.java:setRaftConf(354)) - 305abc0e-94f4-41ec-8295-15d4a445dbbe@group-74E6AE6B3430: set configuration 0: [305abc0e-94f4-41ec-8295-15d4a445dbbe:192.168.151.109:45835], old=null at 0
2019-09-26 20:38:04,607 [789644c6-b1e7-452a-be32-1d295418bb68@group-E2B3CFB2BAD3-SegmentedRaftLogWorker] INFO  segmented.SegmentedRaftLogWorker (SegmentedRaftLogWorker.java:execute(569)) - 789644c6-b1e7-452a-be32-1d295418bb68@group-E2B3CFB2BAD3-SegmentedRaftLogWorker: created new log segment /workdir/hadoop-ozone/integration-test/target/test-dir/MiniOzoneClusterImpl-6cd5981c-8f90-4fde-9f17-131d20e6bdb9/datanode-0/data/ratis/80a730c8-f6a9-40f1-bae8-e2b3cfb2bad3/current/log_inprogress_0
2019-09-26 20:38:04,642 [983810e7-c78f-49e0-935f-b72803bc8b97@group-2CB849279973-SegmentedRaftLogWorker] INFO  segmented.SegmentedRaftLogWorker (SegmentedRaftLogWorker.java:execute(569)) - 983810e7-c78f-49e0-935f-b72803bc8b97@group-2CB849279973-SegmentedRaftLogWorker: created new log segment /workdir/hadoop-ozone/integration-test/target/test-dir/MiniOzoneClusterImpl-6cd5981c-8f90-4fde-9f17-131d20e6bdb9/datanode-3/data/ratis/6244fff7-de5c-487a-94fb-2cb849279973/current/log_inprogress_0
2019-09-26 20:38:04,641 [Thread-2174] INFO  impl.FollowerState (FollowerState.java:run(106)) - 23e65fe1-92f4-4d18-88b6-12afdf835ab8:group-51CC256165FC changes to CANDIDATE, lastRpcTime:1129, electionTimeout:1119ms
2019-09-26 20:38:04,642 [Thread-2174] INFO  impl.RoleInfo (RoleInfo.java:shutdownFollowerState(121)) - 23e65fe1-92f4-4d18-88b6-12afdf835ab8: shutdown FollowerState
2019-09-26 20:38:04,643 [Thread-2174] INFO  impl.RaftServerImpl (RaftServerImpl.java:setRole(174)) - 23e65fe1-92f4-4d18-88b6-12afdf835ab8@group-51CC256165FC: changes role from  FOLLOWER to CANDIDATE at term 0 for changeToCandidate
2019-09-26 20:38:04,646 [Thread-2174] INFO  impl.RoleInfo (RoleInfo.java:updateAndGet(143)) - 23e65fe1-92f4-4d18-88b6-12afdf835ab8: start LeaderElection
2019-09-26 20:38:04,647 [983810e7-c78f-49e0-935f-b72803bc8b97@group-76B709B113E4:LeaderElection32] INFO  impl.LeaderElection (LeaderElection.java:logAndReturn(56)) - 983810e7-c78f-49e0-935f-b72803bc8b97@group-76B709B113E4:LeaderElection32: Election PASSED; received 2 response(s) [983810e7-c78f-49e0-935f-b72803bc8b97<-23e65fe1-92f4-4d18-88b6-12afdf835ab8#0:FAIL-t1, 983810e7-c78f-49e0-935f-b72803bc8b97<-305abc0e-94f4-41ec-8295-15d4a445dbbe#0:OK-t1] and 0 exception(s); 983810e7-c78f-49e0-935f-b72803bc8b97@group-76B709B113E4:t1, leader=null, voted=983810e7-c78f-49e0-935f-b72803bc8b97, raftlog=983810e7-c78f-49e0-935f-b72803bc8b97@group-76B709B113E4-SegmentedRaftLog:OPENED:c-1,f-1,i0, conf=-1: [23e65fe1-92f4-4d18-88b6-12afdf835ab8:192.168.151.109:46202, 305abc0e-94f4-41ec-8295-15d4a445dbbe:192.168.151.109:45835, 983810e7-c78f-49e0-935f-b72803bc8b97:192.168.151.109:43601], old=null
2019-09-26 20:38:04,647 [983810e7-c78f-49e0-935f-b72803bc8b97@group-76B709B113E4:LeaderElection32] INFO  impl.RoleInfo (RoleInfo.java:shutdownLeaderElection(134)) - 983810e7-c78f-49e0-935f-b72803bc8b97: shutdown LeaderElection
2019-09-26 20:38:04,649 [983810e7-c78f-49e0-935f-b72803bc8b97@group-76B709B113E4:LeaderElection32] INFO  impl.RaftServerImpl (RaftServerImpl.java:setRole(174)) - 983810e7-c78f-49e0-935f-b72803bc8b97@group-76B709B113E4: changes role from CANDIDATE to LEADER at term 1 for changeToLeader
2019-09-26 20:38:04,650 [983810e7-c78f-49e0-935f-b72803bc8b97@group-76B709B113E4:LeaderElection32] INFO  impl.RaftServerImpl (ServerState.java:setLeader(253)) - 983810e7-c78f-49e0-935f-b72803bc8b97@group-76B709B113E4: change Leader from null to 983810e7-c78f-49e0-935f-b72803bc8b97 at term 1 for becomeLeader, leader elected after 1253ms
2019-09-26 20:38:04,650 [983810e7-c78f-49e0-935f-b72803bc8b97@group-76B709B113E4:LeaderElection32] INFO  server.RaftServerConfigKeys (ConfUtils.java:logGet(43)) - raft.server.staging.catchup.gap = 1000 (default)
2019-09-26 20:38:04,650 [983810e7-c78f-49e0-935f-b72803bc8b97@group-76B709B113E4:LeaderElection32] INFO  server.RaftServerConfigKeys (ConfUtils.java:logGet(43)) - raft.server.rpc.sleep.time = 25ms (default)
2019-09-26 20:38:04,650 [983810e7-c78f-49e0-935f-b72803bc8b97@group-76B709B113E4:LeaderElection32] INFO  server.RaftServerConfigKeys (ConfUtils.java:logGet(43)) - raft.server.write.element-limit = 4096 (default)
2019-09-26 20:38:04,650 [983810e7-c78f-49e0-935f-b72803bc8b97@group-76B709B113E4:LeaderElection32] INFO  server.RaftServerConfigKeys (ConfUtils.java:logGet(43)) - raft.server.watch.timeout = 10s (default)
2019-09-26 20:38:04,650 [983810e7-c78f-49e0-935f-b72803bc8b97@group-76B709B113E4:LeaderElection32] INFO  server.RaftServerConfigKeys (ConfUtils.java:logGet(43)) - raft.server.watch.timeout.denomination = 1s (default)
2019-09-26 20:38:04,651 [983810e7-c78f-49e0-935f-b72803bc8b97@group-76B709B113E4:LeaderElection32] INFO  server.RaftServerConfigKeys (ConfUtils.java:logGet(43)) - raft.server.watch.element-limit = 65536 (default)
2019-09-26 20:38:04,657 [305abc0e-94f4-41ec-8295-15d4a445dbbe@group-74E6AE6B3430-SegmentedRaftLogWorker] INFO  segmented.SegmentedRaftLogWorker (SegmentedRaftLogWorker.java:execute(569)) - 305abc0e-94f4-41ec-8295-15d4a445dbbe@group-74E6AE6B3430-SegmentedRaftLogWorker: created new log segment /workdir/hadoop-ozone/integration-test/target/test-dir/MiniOzoneClusterImpl-6cd5981c-8f90-4fde-9f17-131d20e6bdb9/datanode-5/data/ratis/fe9e8250-2c9c-43ef-8e19-74e6ae6b3430/current/log_inprogress_0
2019-09-26 20:38:04,659 [23e65fe1-92f4-4d18-88b6-12afdf835ab8@group-51CC256165FC:LeaderElection36] INFO  impl.LeaderElection (LeaderElection.java:askForVotes(182)) - 23e65fe1-92f4-4d18-88b6-12afdf835ab8@group-51CC256165FC:LeaderElection36: begin an election at term 1 for -1: [23e65fe1-92f4-4d18-88b6-12afdf835ab8:192.168.151.109:46202], old=null
2019-09-26 20:38:04,659 [23e65fe1-92f4-4d18-88b6-12afdf835ab8@group-51CC256165FC:LeaderElection36] INFO  impl.RoleInfo (RoleInfo.java:shutdownLeaderElection(134)) - 23e65fe1-92f4-4d18-88b6-12afdf835ab8: shutdown LeaderElection
2019-09-26 20:38:04,659 [983810e7-c78f-49e0-935f-b72803bc8b97@group-76B709B113E4:LeaderElection32] INFO  server.RaftServerConfigKeys (ConfUtils.java:logGet(43)) - raft.server.log.appender.snapshot.chunk.size.max = 16MB (=16777216) (default)
2019-09-26 20:38:04,659 [23e65fe1-92f4-4d18-88b6-12afdf835ab8@group-51CC256165FC:LeaderElection36] INFO  impl.RaftServerImpl (RaftServerImpl.java:setRole(174)) - 23e65fe1-92f4-4d18-88b6-12afdf835ab8@group-51CC256165FC: changes role from CANDIDATE to LEADER at term 1 for changeToLeader
2019-09-26 20:38:04,662 [983810e7-c78f-49e0-935f-b72803bc8b97@group-76B709B113E4:LeaderElection32] INFO  server.RaftServerConfigKeys (ConfUtils.java:logGet(43)) - raft.server.log.appender.buffer.byte-limit = 33554432 (custom)
2019-09-26 20:38:04,662 [23e65fe1-92f4-4d18-88b6-12afdf835ab8@group-51CC256165FC:LeaderElection36] INFO  impl.RaftServerImpl (ServerState.java:setLeader(253)) - 23e65fe1-92f4-4d18-88b6-12afdf835ab8@group-51CC256165FC: change Leader from null to 23e65fe1-92f4-4d18-88b6-12afdf835ab8 at term 1 for becomeLeader, leader elected after 1155ms
2019-09-26 20:38:04,662 [983810e7-c78f-49e0-935f-b72803bc8b97@group-76B709B113E4:LeaderElection32] INFO  server.RaftServerConfigKeys (ConfUtils.java:logGet(43)) - raft.server.log.appender.buffer.element-limit = 1 (custom)
2019-09-26 20:38:04,662 [23e65fe1-92f4-4d18-88b6-12afdf835ab8@group-51CC256165FC:LeaderElection36] INFO  server.RaftServerConfigKeys (ConfUtils.java:logGet(43)) - raft.server.staging.catchup.gap = 1000 (default)
2019-09-26 20:38:04,662 [983810e7-c78f-49e0-935f-b72803bc8b97@group-76B709B113E4:LeaderElection32] INFO  grpc.GrpcConfigKeys$Server (ConfUtils.java:logGet(43)) - raft.grpc.server.leader.outstanding.appends.max = 128 (default)
2019-09-26 20:38:04,662 [23e65fe1-92f4-4d18-88b6-12afdf835ab8@group-51CC256165FC:LeaderElection36] INFO  server.RaftServerConfigKeys (ConfUtils.java:logGet(43)) - raft.server.rpc.sleep.time = 25ms (default)
2019-09-26 20:38:04,664 [983810e7-c78f-49e0-935f-b72803bc8b97@group-76B709B113E4:LeaderElection32] INFO  server.RaftServerConfigKeys (ConfUtils.java:logGet(43)) - raft.server.rpc.request.timeout = 3000ms (default)
2019-09-26 20:38:04,664 [23e65fe1-92f4-4d18-88b6-12afdf835ab8@group-51CC256165FC:LeaderElection36] INFO  server.RaftServerConfigKeys (ConfUtils.java:logGet(43)) - raft.server.write.element-limit = 4096 (default)
2019-09-26 20:38:04,664 [983810e7-c78f-49e0-935f-b72803bc8b97@group-76B709B113E4:LeaderElection32] INFO  server.RaftServerConfigKeys (ConfUtils.java:logGet(43)) - raft.server.log.appender.install.snapshot.enabled = false (custom)
2019-09-26 20:38:04,665 [23e65fe1-92f4-4d18-88b6-12afdf835ab8@group-51CC256165FC:LeaderElection36] INFO  server.RaftServerConfigKeys (ConfUtils.java:logGet(43)) - raft.server.watch.timeout = 10s (default)
2019-09-26 20:38:04,665 [23e65fe1-92f4-4d18-88b6-12afdf835ab8@group-51CC256165FC:LeaderElection36] INFO  server.RaftServerConfigKeys (ConfUtils.java:logGet(43)) - raft.server.watch.timeout.denomination = 1s (default)
2019-09-26 20:38:04,665 [983810e7-c78f-49e0-935f-b72803bc8b97@group-76B709B113E4:LeaderElection32] INFO  server.RaftServerConfigKeys (ConfUtils.java:logGet(43)) - raft.server.log.appender.snapshot.chunk.size.max = 16MB (=16777216) (default)
2019-09-26 20:38:04,665 [23e65fe1-92f4-4d18-88b6-12afdf835ab8@group-51CC256165FC:LeaderElection36] INFO  server.RaftServerConfigKeys (ConfUtils.java:logGet(43)) - raft.server.watch.element-limit = 65536 (default)
2019-09-26 20:38:04,665 [983810e7-c78f-49e0-935f-b72803bc8b97@group-76B709B113E4:LeaderElection32] INFO  server.RaftServerConfigKeys (ConfUtils.java:logGet(43)) - raft.server.log.appender.buffer.byte-limit = 33554432 (custom)
2019-09-26 20:38:04,665 [983810e7-c78f-49e0-935f-b72803bc8b97@group-76B709B113E4:LeaderElection32] INFO  server.RaftServerConfigKeys (ConfUtils.java:logGet(43)) - raft.server.log.appender.buffer.element-limit = 1 (custom)
2019-09-26 20:38:04,665 [983810e7-c78f-49e0-935f-b72803bc8b97@group-76B709B113E4:LeaderElection32] INFO  grpc.GrpcConfigKeys$Server (ConfUtils.java:logGet(43)) - raft.grpc.server.leader.outstanding.appends.max = 128 (default)
2019-09-26 20:38:04,666 [983810e7-c78f-49e0-935f-b72803bc8b97@group-76B709B113E4:LeaderElection32] INFO  server.RaftServerConfigKeys (ConfUtils.java:logGet(43)) - raft.server.rpc.request.timeout = 3000ms (default)
2019-09-26 20:38:04,666 [983810e7-c78f-49e0-935f-b72803bc8b97@group-76B709B113E4:LeaderElection32] INFO  server.RaftServerConfigKeys (ConfUtils.java:logGet(43)) - raft.server.log.appender.install.snapshot.enabled = false (custom)
2019-09-26 20:38:04,666 [983810e7-c78f-49e0-935f-b72803bc8b97@group-76B709B113E4:LeaderElection32] INFO  impl.RoleInfo (RoleInfo.java:updateAndGet(143)) - 983810e7-c78f-49e0-935f-b72803bc8b97: start LeaderState
2019-09-26 20:38:04,666 [983810e7-c78f-49e0-935f-b72803bc8b97@group-76B709B113E4:LeaderElection32] INFO  segmented.SegmentedRaftLogWorker (SegmentedRaftLogWorker.java:startLogSegment(380)) - 983810e7-c78f-49e0-935f-b72803bc8b97@group-76B709B113E4-SegmentedRaftLogWorker: Starting segment from index:0
2019-09-26 20:38:04,667 [23e65fe1-92f4-4d18-88b6-12afdf835ab8@group-51CC256165FC:LeaderElection36] INFO  impl.RoleInfo (RoleInfo.java:updateAndGet(143)) - 23e65fe1-92f4-4d18-88b6-12afdf835ab8: start LeaderState
2019-09-26 20:38:04,667 [983810e7-c78f-49e0-935f-b72803bc8b97@group-76B709B113E4:LeaderElection32] INFO  impl.RaftServerImpl (ServerState.java:setRaftConf(354)) - 983810e7-c78f-49e0-935f-b72803bc8b97@group-76B709B113E4: set configuration 0: [23e65fe1-92f4-4d18-88b6-12afdf835ab8:192.168.151.109:46202, 305abc0e-94f4-41ec-8295-15d4a445dbbe:192.168.151.109:45835, 983810e7-c78f-49e0-935f-b72803bc8b97:192.168.151.109:43601], old=null at 0
2019-09-26 20:38:04,667 [23e65fe1-92f4-4d18-88b6-12afdf835ab8@group-51CC256165FC:LeaderElection36] INFO  segmented.SegmentedRaftLogWorker (SegmentedRaftLogWorker.java:startLogSegment(380)) - 23e65fe1-92f4-4d18-88b6-12afdf835ab8@group-51CC256165FC-SegmentedRaftLogWorker: Starting segment from index:0
2019-09-26 20:38:04,703 [grpc-default-executor-0] INFO  impl.RaftServerImpl (RaftServerImpl.java:requestVote(758)) - 983810e7-c78f-49e0-935f-b72803bc8b97@group-76B709B113E4-   LEADER: Withhold vote from candidate 23e65fe1-92f4-4d18-88b6-12afdf835ab8 with term 1. State: leader=983810e7-c78f-49e0-935f-b72803bc8b97, term=1, lastRpcElapsed=null
2019-09-26 20:38:04,704 [23e65fe1-92f4-4d18-88b6-12afdf835ab8@group-51CC256165FC:LeaderElection36] INFO  impl.RaftServerImpl (ServerState.java:setRaftConf(354)) - 23e65fe1-92f4-4d18-88b6-12afdf835ab8@group-51CC256165FC: set configuration 0: [23e65fe1-92f4-4d18-88b6-12afdf835ab8:192.168.151.109:46202], old=null at 0
2019-09-26 20:38:04,736 [983810e7-c78f-49e0-935f-b72803bc8b97@group-76B709B113E4-SegmentedRaftLogWorker] INFO  segmented.SegmentedRaftLogWorker (SegmentedRaftLogWorker.java:execute(569)) - 983810e7-c78f-49e0-935f-b72803bc8b97@group-76B709B113E4-SegmentedRaftLogWorker: created new log segment /workdir/hadoop-ozone/integration-test/target/test-dir/MiniOzoneClusterImpl-6cd5981c-8f90-4fde-9f17-131d20e6bdb9/datanode-3/data/ratis/54ac51f9-3045-400d-b1ac-76b709b113e4/current/log_inprogress_0
2019-09-26 20:38:04,740 [23e65fe1-92f4-4d18-88b6-12afdf835ab8@group-76B709B113E4:LeaderElection35] INFO  impl.LeaderElection (LeaderElection.java:logAndReturn(56)) - 23e65fe1-92f4-4d18-88b6-12afdf835ab8@group-76B709B113E4:LeaderElection35: Election REJECTED; received 2 response(s) [23e65fe1-92f4-4d18-88b6-12afdf835ab8<-305abc0e-94f4-41ec-8295-15d4a445dbbe#0:FAIL-t1, 23e65fe1-92f4-4d18-88b6-12afdf835ab8<-983810e7-c78f-49e0-935f-b72803bc8b97#0:FAIL-t1] and 0 exception(s); 23e65fe1-92f4-4d18-88b6-12afdf835ab8@group-76B709B113E4:t1, leader=null, voted=23e65fe1-92f4-4d18-88b6-12afdf835ab8, raftlog=23e65fe1-92f4-4d18-88b6-12afdf835ab8@group-76B709B113E4-SegmentedRaftLog:OPENED:c-1,f-1,i0, conf=-1: [23e65fe1-92f4-4d18-88b6-12afdf835ab8:192.168.151.109:46202, 305abc0e-94f4-41ec-8295-15d4a445dbbe:192.168.151.109:45835, 983810e7-c78f-49e0-935f-b72803bc8b97:192.168.151.109:43601], old=null
2019-09-26 20:38:04,740 [grpc-default-executor-0] INFO  impl.RaftServerImpl (ServerState.java:setLeader(253)) - 305abc0e-94f4-41ec-8295-15d4a445dbbe@group-76B709B113E4: change Leader from null to 983810e7-c78f-49e0-935f-b72803bc8b97 at term 1 for appendEntries, leader elected after 1343ms
2019-09-26 20:38:04,740 [grpc-default-executor-2] INFO  impl.RaftServerImpl (RaftServerImpl.java:setRole(174)) - 23e65fe1-92f4-4d18-88b6-12afdf835ab8@group-76B709B113E4: changes role from CANDIDATE to FOLLOWER at term 1 for appendEntries
2019-09-26 20:38:04,743 [grpc-default-executor-2] INFO  impl.RoleInfo (RoleInfo.java:shutdownLeaderElection(134)) - 23e65fe1-92f4-4d18-88b6-12afdf835ab8: shutdown LeaderElection
2019-09-26 20:38:04,744 [grpc-default-executor-2] INFO  impl.RoleInfo (RoleInfo.java:updateAndGet(143)) - 23e65fe1-92f4-4d18-88b6-12afdf835ab8: start FollowerState
2019-09-26 20:38:04,744 [grpc-default-executor-2] INFO  impl.RaftServerImpl (ServerState.java:setLeader(253)) - 23e65fe1-92f4-4d18-88b6-12afdf835ab8@group-76B709B113E4: change Leader from null to 983810e7-c78f-49e0-935f-b72803bc8b97 at term 1 for appendEntries, leader elected after 1347ms
2019-09-26 20:38:04,745 [grpc-default-executor-2] INFO  impl.RaftServerImpl (ServerState.java:setRaftConf(354)) - 305abc0e-94f4-41ec-8295-15d4a445dbbe@group-76B709B113E4: set configuration 0: [23e65fe1-92f4-4d18-88b6-12afdf835ab8:192.168.151.109:46202, 305abc0e-94f4-41ec-8295-15d4a445dbbe:192.168.151.109:45835, 983810e7-c78f-49e0-935f-b72803bc8b97:192.168.151.109:43601], old=null at 0
2019-09-26 20:38:04,746 [grpc-default-executor-2] INFO  segmented.SegmentedRaftLogWorker (SegmentedRaftLogWorker.java:startLogSegment(380)) - 305abc0e-94f4-41ec-8295-15d4a445dbbe@group-76B709B113E4-SegmentedRaftLogWorker: Starting segment from index:0
2019-09-26 20:38:04,747 [grpc-default-executor-2] INFO  impl.RaftServerImpl (ServerState.java:setRaftConf(354)) - 23e65fe1-92f4-4d18-88b6-12afdf835ab8@group-76B709B113E4: set configuration 0: [23e65fe1-92f4-4d18-88b6-12afdf835ab8:192.168.151.109:46202, 305abc0e-94f4-41ec-8295-15d4a445dbbe:192.168.151.109:45835, 983810e7-c78f-49e0-935f-b72803bc8b97:192.168.151.109:43601], old=null at 0
2019-09-26 20:38:04,747 [grpc-default-executor-2] INFO  segmented.SegmentedRaftLogWorker (SegmentedRaftLogWorker.java:startLogSegment(380)) - 23e65fe1-92f4-4d18-88b6-12afdf835ab8@group-76B709B113E4-SegmentedRaftLogWorker: Starting segment from index:0
2019-09-26 20:38:04,749 [23e65fe1-92f4-4d18-88b6-12afdf835ab8@group-51CC256165FC-SegmentedRaftLogWorker] INFO  segmented.SegmentedRaftLogWorker (SegmentedRaftLogWorker.java:execute(569)) - 23e65fe1-92f4-4d18-88b6-12afdf835ab8@group-51CC256165FC-SegmentedRaftLogWorker: created new log segment /workdir/hadoop-ozone/integration-test/target/test-dir/MiniOzoneClusterImpl-6cd5981c-8f90-4fde-9f17-131d20e6bdb9/datanode-4/data/ratis/544af1d3-12c8-4fe1-af72-51cc256165fc/current/log_inprogress_0
2019-09-26 20:38:04,796 [305abc0e-94f4-41ec-8295-15d4a445dbbe@group-76B709B113E4-SegmentedRaftLogWorker] INFO  segmented.SegmentedRaftLogWorker (SegmentedRaftLogWorker.java:execute(569)) - 305abc0e-94f4-41ec-8295-15d4a445dbbe@group-76B709B113E4-SegmentedRaftLogWorker: created new log segment /workdir/hadoop-ozone/integration-test/target/test-dir/MiniOzoneClusterImpl-6cd5981c-8f90-4fde-9f17-131d20e6bdb9/datanode-5/data/ratis/54ac51f9-3045-400d-b1ac-76b709b113e4/current/log_inprogress_0
2019-09-26 20:38:04,796 [23e65fe1-92f4-4d18-88b6-12afdf835ab8@group-76B709B113E4-SegmentedRaftLogWorker] INFO  segmented.SegmentedRaftLogWorker (SegmentedRaftLogWorker.java:execute(569)) - 23e65fe1-92f4-4d18-88b6-12afdf835ab8@group-76B709B113E4-SegmentedRaftLogWorker: created new log segment /workdir/hadoop-ozone/integration-test/target/test-dir/MiniOzoneClusterImpl-6cd5981c-8f90-4fde-9f17-131d20e6bdb9/datanode-4/data/ratis/54ac51f9-3045-400d-b1ac-76b709b113e4/current/log_inprogress_0
2019-09-26 20:38:05,352 [main] INFO  ipc.Client (Client.java:handleConnectionFailure(948)) - Retrying connect to server: localhost/127.0.0.1:0. Already tried 0 time(s); retry policy is RetryUpToMaximumCountWithFixedSleep(maxRetries=10, sleepTime=1000 MILLISECONDS)
2019-09-26 20:38:06,017 [Thread-2139] INFO  container.ReplicationManager (ReplicationManager.java:start(162)) - Starting Replication Monitor Thread.
2019-09-26 20:38:06,021 [ReplicationMonitor] INFO  container.ReplicationManager (ReplicationManager.java:run(225)) - Replication Monitor Thread took 1 milliseconds for processing 0 containers.
2019-09-26 20:38:06,353 [main] INFO  ipc.Client (Client.java:handleConnectionFailure(948)) - Retrying connect to server: localhost/127.0.0.1:0. Already tried 1 time(s); retry policy is RetryUpToMaximumCountWithFixedSleep(maxRetries=10, sleepTime=1000 MILLISECONDS)
2019-09-26 20:38:07,355 [main] INFO  ipc.Client (Client.java:handleConnectionFailure(948)) - Retrying connect to server: localhost/127.0.0.1:0. Already tried 2 time(s); retry policy is RetryUpToMaximumCountWithFixedSleep(maxRetries=10, sleepTime=1000 MILLISECONDS)
2019-09-26 20:38:08,356 [main] INFO  ipc.Client (Client.java:handleConnectionFailure(948)) - Retrying connect to server: localhost/127.0.0.1:0. Already tried 3 time(s); retry policy is RetryUpToMaximumCountWithFixedSleep(maxRetries=10, sleepTime=1000 MILLISECONDS)
2019-09-26 20:38:09,358 [main] INFO  ipc.Client (Client.java:handleConnectionFailure(948)) - Retrying connect to server: localhost/127.0.0.1:0. Already tried 4 time(s); retry policy is RetryUpToMaximumCountWithFixedSleep(maxRetries=10, sleepTime=1000 MILLISECONDS)
2019-09-26 20:38:10,359 [main] INFO  ipc.Client (Client.java:handleConnectionFailure(948)) - Retrying connect to server: localhost/127.0.0.1:0. Already tried 5 time(s); retry policy is RetryUpToMaximumCountWithFixedSleep(maxRetries=10, sleepTime=1000 MILLISECONDS)
2019-09-26 20:38:11,360 [main] INFO  ipc.Client (Client.java:handleConnectionFailure(948)) - Retrying connect to server: localhost/127.0.0.1:0. Already tried 6 time(s); retry policy is RetryUpToMaximumCountWithFixedSleep(maxRetries=10, sleepTime=1000 MILLISECONDS)
2019-09-26 20:38:12,361 [main] INFO  ipc.Client (Client.java:handleConnectionFailure(948)) - Retrying connect to server: localhost/127.0.0.1:0. Already tried 7 time(s); retry policy is RetryUpToMaximumCountWithFixedSleep(maxRetries=10, sleepTime=1000 MILLISECONDS)
2019-09-26 20:38:13,362 [main] INFO  ipc.Client (Client.java:handleConnectionFailure(948)) - Retrying connect to server: localhost/127.0.0.1:0. Already tried 8 time(s); retry policy is RetryUpToMaximumCountWithFixedSleep(maxRetries=10, sleepTime=1000 MILLISECONDS)
2019-09-26 20:38:14,363 [main] INFO  ipc.Client (Client.java:handleConnectionFailure(948)) - Retrying connect to server: localhost/127.0.0.1:0. Already tried 9 time(s); retry policy is RetryUpToMaximumCountWithFixedSleep(maxRetries=10, sleepTime=1000 MILLISECONDS)
2019-09-26 20:38:15,366 [main] INFO  ipc.Client (Client.java:handleConnectionFailure(948)) - Retrying connect to server: localhost/127.0.0.1:0. Already tried 0 time(s); retry policy is RetryUpToMaximumCountWithFixedSleep(maxRetries=10, sleepTime=1000 MILLISECONDS)
2019-09-26 20:38:16,367 [main] INFO  ipc.Client (Client.java:handleConnectionFailure(948)) - Retrying connect to server: localhost/127.0.0.1:0. Already tried 1 time(s); retry policy is RetryUpToMaximumCountWithFixedSleep(maxRetries=10, sleepTime=1000 MILLISECONDS)
2019-09-26 20:38:17,368 [main] INFO  ipc.Client (Client.java:handleConnectionFailure(948)) - Retrying connect to server: localhost/127.0.0.1:0. Already tried 2 time(s); retry policy is RetryUpToMaximumCountWithFixedSleep(maxRetries=10, sleepTime=1000 MILLISECONDS)
2019-09-26 20:38:18,369 [main] INFO  ipc.Client (Client.java:handleConnectionFailure(948)) - Retrying connect to server: localhost/127.0.0.1:0. Already tried 3 time(s); retry policy is RetryUpToMaximumCountWithFixedSleep(maxRetries=10, sleepTime=1000 MILLISECONDS)
2019-09-26 20:38:19,370 [main] INFO  ipc.Client (Client.java:handleConnectionFailure(948)) - Retrying connect to server: localhost/127.0.0.1:0. Already tried 4 time(s); retry policy is RetryUpToMaximumCountWithFixedSleep(maxRetries=10, sleepTime=1000 MILLISECONDS)
2019-09-26 20:38:20,371 [main] INFO  ipc.Client (Client.java:handleConnectionFailure(948)) - Retrying connect to server: localhost/127.0.0.1:0. Already tried 5 time(s); retry policy is RetryUpToMaximumCountWithFixedSleep(maxRetries=10, sleepTime=1000 MILLISECONDS)
2019-09-26 20:38:21,373 [main] INFO  ipc.Client (Client.java:handleConnectionFailure(948)) - Retrying connect to server: localhost/127.0.0.1:0. Already tried 6 time(s); retry policy is RetryUpToMaximumCountWithFixedSleep(maxRetries=10, sleepTime=1000 MILLISECONDS)
2019-09-26 20:38:22,374 [main] INFO  ipc.Client (Client.java:handleConnectionFailure(948)) - Retrying connect to server: localhost/127.0.0.1:0. Already tried 7 time(s); retry policy is RetryUpToMaximumCountWithFixedSleep(maxRetries=10, sleepTime=1000 MILLISECONDS)
2019-09-26 20:38:23,375 [main] INFO  ipc.Client (Client.java:handleConnectionFailure(948)) - Retrying connect to server: localhost/127.0.0.1:0. Already tried 8 time(s); retry policy is RetryUpToMaximumCountWithFixedSleep(maxRetries=10, sleepTime=1000 MILLISECONDS)
2019-09-26 20:38:24,377 [main] INFO  ipc.Client (Client.java:handleConnectionFailure(948)) - Retrying connect to server: localhost/127.0.0.1:0. Already tried 9 time(s); retry policy is RetryUpToMaximumCountWithFixedSleep(maxRetries=10, sleepTime=1000 MILLISECONDS)
2019-09-26 20:38:24,378 [main] INFO  retry.RetryInvocationHandler (RetryInvocationHandler.java:log(411)) - com.google.protobuf.ServiceException: java.net.ConnectException: Your endpoint configuration is wrong; For more details see:  http://wiki.apache.org/hadoop/UnsetHostnameOrPort, while invoking $Proxy35.submitRequest over nodeId=null,nodeAddress=127.0.0.1:0 after 1 failover attempts. Trying to failover immediately.
2019-09-26 20:38:25,379 [main] INFO  ipc.Client (Client.java:handleConnectionFailure(948)) - Retrying connect to server: localhost/127.0.0.1:0. Already tried 0 time(s); retry policy is RetryUpToMaximumCountWithFixedSleep(maxRetries=10, sleepTime=1000 MILLISECONDS)
2019-09-26 20:38:26,381 [main] INFO  ipc.Client (Client.java:handleConnectionFailure(948)) - Retrying connect to server: localhost/127.0.0.1:0. Already tried 1 time(s); retry policy is RetryUpToMaximumCountWithFixedSleep(maxRetries=10, sleepTime=1000 MILLISECONDS)
2019-09-26 20:38:27,382 [main] INFO  ipc.Client (Client.java:handleConnectionFailure(948)) - Retrying connect to server: localhost/127.0.0.1:0. Already tried 2 time(s); retry policy is RetryUpToMaximumCountWithFixedSleep(maxRetries=10, sleepTime=1000 MILLISECONDS)
2019-09-26 20:38:28,383 [main] INFO  ipc.Client (Client.java:handleConnectionFailure(948)) - Retrying connect to server: localhost/127.0.0.1:0. Already tried 3 time(s); retry policy is RetryUpToMaximumCountWithFixedSleep(maxRetries=10, sleepTime=1000 MILLISECONDS)
2019-09-26 20:38:29,384 [main] INFO  ipc.Client (Client.java:handleConnectionFailure(948)) - Retrying connect to server: localhost/127.0.0.1:0. Already tried 4 time(s); retry policy is RetryUpToMaximumCountWithFixedSleep(maxRetries=10, sleepTime=1000 MILLISECONDS)
2019-09-26 20:38:30,385 [main] INFO  ipc.Client (Client.java:handleConnectionFailure(948)) - Retrying connect to server: localhost/127.0.0.1:0. Already tried 5 time(s); retry policy is RetryUpToMaximumCountWithFixedSleep(maxRetries=10, sleepTime=1000 MILLISECONDS)
2019-09-26 20:38:31,386 [main] INFO  ipc.Client (Client.java:handleConnectionFailure(948)) - Retrying connect to server: localhost/127.0.0.1:0. Already tried 6 time(s); retry policy is RetryUpToMaximumCountWithFixedSleep(maxRetries=10, sleepTime=1000 MILLISECONDS)
2019-09-26 20:38:32,388 [main] INFO  ipc.Client (Client.java:handleConnectionFailure(948)) - Retrying connect to server: localhost/127.0.0.1:0. Already tried 7 time(s); retry policy is RetryUpToMaximumCountWithFixedSleep(maxRetries=10, sleepTime=1000 MILLISECONDS)
2019-09-26 20:38:33,389 [main] INFO  ipc.Client (Client.java:handleConnectionFailure(948)) - Retrying connect to server: localhost/127.0.0.1:0. Already tried 8 time(s); retry policy is RetryUpToMaximumCountWithFixedSleep(maxRetries=10, sleepTime=1000 MILLISECONDS)
2019-09-26 20:38:34,390 [main] INFO  ipc.Client (Client.java:handleConnectionFailure(948)) - Retrying connect to server: localhost/127.0.0.1:0. Already tried 9 time(s); retry policy is RetryUpToMaximumCountWithFixedSleep(maxRetries=10, sleepTime=1000 MILLISECONDS)
2019-09-26 20:38:34,391 [main] INFO  retry.RetryInvocationHandler (RetryInvocationHandler.java:log(411)) - com.google.protobuf.ServiceException: java.net.ConnectException: Your endpoint configuration is wrong; For more details see:  http://wiki.apache.org/hadoop/UnsetHostnameOrPort, while invoking $Proxy35.submitRequest over nodeId=null,nodeAddress=127.0.0.1:0 after 2 failover attempts. Trying to failover immediately.
2019-09-26 20:38:35,392 [main] INFO  ipc.Client (Client.java:handleConnectionFailure(948)) - Retrying connect to server: localhost/127.0.0.1:0. Already tried 0 time(s); retry policy is RetryUpToMaximumCountWithFixedSleep(maxRetries=10, sleepTime=1000 MILLISECONDS)
2019-09-26 20:38:36,394 [main] INFO  ipc.Client (Client.java:handleConnectionFailure(948)) - Retrying connect to server: localhost/127.0.0.1:0. Already tried 1 time(s); retry policy is RetryUpToMaximumCountWithFixedSleep(maxRetries=10, sleepTime=1000 MILLISECONDS)
2019-09-26 20:38:37,395 [main] INFO  ipc.Client (Client.java:handleConnectionFailure(948)) - Retrying connect to server: localhost/127.0.0.1:0. Already tried 2 time(s); retry policy is RetryUpToMaximumCountWithFixedSleep(maxRetries=10, sleepTime=1000 MILLISECONDS)
2019-09-26 20:38:38,396 [main] INFO  ipc.Client (Client.java:handleConnectionFailure(948)) - Retrying connect to server: localhost/127.0.0.1:0. Already tried 3 time(s); retry policy is RetryUpToMaximumCountWithFixedSleep(maxRetries=10, sleepTime=1000 MILLISECONDS)
2019-09-26 20:38:39,397 [main] INFO  ipc.Client (Client.java:handleConnectionFailure(948)) - Retrying connect to server: localhost/127.0.0.1:0. Already tried 4 time(s); retry policy is RetryUpToMaximumCountWithFixedSleep(maxRetries=10, sleepTime=1000 MILLISECONDS)
2019-09-26 20:38:40,398 [main] INFO  ipc.Client (Client.java:handleConnectionFailure(948)) - Retrying connect to server: localhost/127.0.0.1:0. Already tried 5 time(s); retry policy is RetryUpToMaximumCountWithFixedSleep(maxRetries=10, sleepTime=1000 MILLISECONDS)
2019-09-26 20:38:41,399 [main] INFO  ipc.Client (Client.java:handleConnectionFailure(948)) - Retrying connect to server: localhost/127.0.0.1:0. Already tried 6 time(s); retry policy is RetryUpToMaximumCountWithFixedSleep(maxRetries=10, sleepTime=1000 MILLISECONDS)
2019-09-26 20:38:42,400 [main] INFO  ipc.Client (Client.java:handleConnectionFailure(948)) - Retrying connect to server: localhost/127.0.0.1:0. Already tried 7 time(s); retry policy is RetryUpToMaximumCountWithFixedSleep(maxRetries=10, sleepTime=1000 MILLISECONDS)
2019-09-26 20:38:43,401 [main] INFO  ipc.Client (Client.java:handleConnectionFailure(948)) - Retrying connect to server: localhost/127.0.0.1:0. Already tried 8 time(s); retry policy is RetryUpToMaximumCountWithFixedSleep(maxRetries=10, sleepTime=1000 MILLISECONDS)
2019-09-26 20:38:44,403 [main] INFO  ipc.Client (Client.java:handleConnectionFailure(948)) - Retrying connect to server: localhost/127.0.0.1:0. Already tried 9 time(s); retry policy is RetryUpToMaximumCountWithFixedSleep(maxRetries=10, sleepTime=1000 MILLISECONDS)
2019-09-26 20:38:44,404 [main] INFO  retry.RetryInvocationHandler (RetryInvocationHandler.java:log(411)) - com.google.protobuf.ServiceException: java.net.ConnectException: Your endpoint configuration is wrong; For more details see:  http://wiki.apache.org/hadoop/UnsetHostnameOrPort, while invoking $Proxy35.submitRequest over nodeId=null,nodeAddress=127.0.0.1:0 after 3 failover attempts. Trying to failover immediately.
2019-09-26 20:38:45,406 [main] INFO  ipc.Client (Client.java:handleConnectionFailure(948)) - Retrying connect to server: localhost/127.0.0.1:0. Already tried 0 time(s); retry policy is RetryUpToMaximumCountWithFixedSleep(maxRetries=10, sleepTime=1000 MILLISECONDS)
2019-09-26 20:38:46,407 [main] INFO  ipc.Client (Client.java:handleConnectionFailure(948)) - Retrying connect to server: localhost/127.0.0.1:0. Already tried 1 time(s); retry policy is RetryUpToMaximumCountWithFixedSleep(maxRetries=10, sleepTime=1000 MILLISECONDS)
2019-09-26 20:38:47,408 [main] INFO  ipc.Client (Client.java:handleConnectionFailure(948)) - Retrying connect to server: localhost/127.0.0.1:0. Already tried 2 time(s); retry policy is RetryUpToMaximumCountWithFixedSleep(maxRetries=10, sleepTime=1000 MILLISECONDS)
2019-09-26 20:38:48,410 [main] INFO  ipc.Client (Client.java:handleConnectionFailure(948)) - Retrying connect to server: localhost/127.0.0.1:0. Already tried 3 time(s); retry policy is RetryUpToMaximumCountWithFixedSleep(maxRetries=10, sleepTime=1000 MILLISECONDS)
2019-09-26 20:38:49,411 [main] INFO  ipc.Client (Client.java:handleConnectionFailure(948)) - Retrying connect to server: localhost/127.0.0.1:0. Already tried 4 time(s); retry policy is RetryUpToMaximumCountWithFixedSleep(maxRetries=10, sleepTime=1000 MILLISECONDS)
2019-09-26 20:38:50,412 [main] INFO  ipc.Client (Client.java:handleConnectionFailure(948)) - Retrying connect to server: localhost/127.0.0.1:0. Already tried 5 time(s); retry policy is RetryUpToMaximumCountWithFixedSleep(maxRetries=10, sleepTime=1000 MILLISECONDS)
2019-09-26 20:38:51,413 [main] INFO  ipc.Client (Client.java:handleConnectionFailure(948)) - Retrying connect to server: localhost/127.0.0.1:0. Already tried 6 time(s); retry policy is RetryUpToMaximumCountWithFixedSleep(maxRetries=10, sleepTime=1000 MILLISECONDS)
2019-09-26 20:38:52,415 [main] INFO  ipc.Client (Client.java:handleConnectionFailure(948)) - Retrying connect to server: localhost/127.0.0.1:0. Already tried 7 time(s); retry policy is RetryUpToMaximumCountWithFixedSleep(maxRetries=10, sleepTime=1000 MILLISECONDS)
2019-09-26 20:38:53,416 [main] INFO  ipc.Client (Client.java:handleConnectionFailure(948)) - Retrying connect to server: localhost/127.0.0.1:0. Already tried 8 time(s); retry policy is RetryUpToMaximumCountWithFixedSleep(maxRetries=10, sleepTime=1000 MILLISECONDS)
2019-09-26 20:38:54,417 [main] INFO  ipc.Client (Client.java:handleConnectionFailure(948)) - Retrying connect to server: localhost/127.0.0.1:0. Already tried 9 time(s); retry policy is RetryUpToMaximumCountWithFixedSleep(maxRetries=10, sleepTime=1000 MILLISECONDS)
2019-09-26 20:38:54,419 [main] INFO  retry.RetryInvocationHandler (RetryInvocationHandler.java:log(411)) - com.google.protobuf.ServiceException: java.net.ConnectException: Your endpoint configuration is wrong; For more details see:  http://wiki.apache.org/hadoop/UnsetHostnameOrPort, while invoking $Proxy35.submitRequest over nodeId=null,nodeAddress=127.0.0.1:0 after 4 failover attempts. Trying to failover immediately.
2019-09-26 20:38:55,429 [main] INFO  ipc.Client (Client.java:handleConnectionFailure(948)) - Retrying connect to server: localhost/127.0.0.1:0. Already tried 0 time(s); retry policy is RetryUpToMaximumCountWithFixedSleep(maxRetries=10, sleepTime=1000 MILLISECONDS)
2019-09-26 20:38:56,431 [main] INFO  ipc.Client (Client.java:handleConnectionFailure(948)) - Retrying connect to server: localhost/127.0.0.1:0. Already tried 1 time(s); retry policy is RetryUpToMaximumCountWithFixedSleep(maxRetries=10, sleepTime=1000 MILLISECONDS)
2019-09-26 20:38:57,432 [main] INFO  ipc.Client (Client.java:handleConnectionFailure(948)) - Retrying connect to server: localhost/127.0.0.1:0. Already tried 2 time(s); retry policy is RetryUpToMaximumCountWithFixedSleep(maxRetries=10, sleepTime=1000 MILLISECONDS)
2019-09-26 20:38:58,432 [main] INFO  ipc.Client (Client.java:handleConnectionFailure(948)) - Retrying connect to server: localhost/127.0.0.1:0. Already tried 3 time(s); retry policy is RetryUpToMaximumCountWithFixedSleep(maxRetries=10, sleepTime=1000 MILLISECONDS)
2019-09-26 20:38:59,434 [main] INFO  ipc.Client (Client.java:handleConnectionFailure(948)) - Retrying connect to server: localhost/127.0.0.1:0. Already tried 4 time(s); retry policy is RetryUpToMaximumCountWithFixedSleep(maxRetries=10, sleepTime=1000 MILLISECONDS)
2019-09-26 20:39:00,435 [main] INFO  ipc.Client (Client.java:handleConnectionFailure(948)) - Retrying connect to server: localhost/127.0.0.1:0. Already tried 5 time(s); retry policy is RetryUpToMaximumCountWithFixedSleep(maxRetries=10, sleepTime=1000 MILLISECONDS)
2019-09-26 20:39:01,436 [main] INFO  ipc.Client (Client.java:handleConnectionFailure(948)) - Retrying connect to server: localhost/127.0.0.1:0. Already tried 6 time(s); retry policy is RetryUpToMaximumCountWithFixedSleep(maxRetries=10, sleepTime=1000 MILLISECONDS)
2019-09-26 20:39:02,437 [main] INFO  ipc.Client (Client.java:handleConnectionFailure(948)) - Retrying connect to server: localhost/127.0.0.1:0. Already tried 7 time(s); retry policy is RetryUpToMaximumCountWithFixedSleep(maxRetries=10, sleepTime=1000 MILLISECONDS)
2019-09-26 20:39:03,438 [main] INFO  ipc.Client (Client.java:handleConnectionFailure(948)) - Retrying connect to server: localhost/127.0.0.1:0. Already tried 8 time(s); retry policy is RetryUpToMaximumCountWithFixedSleep(maxRetries=10, sleepTime=1000 MILLISECONDS)
2019-09-26 20:39:04,439 [main] INFO  ipc.Client (Client.java:handleConnectionFailure(948)) - Retrying connect to server: localhost/127.0.0.1:0. Already tried 9 time(s); retry policy is RetryUpToMaximumCountWithFixedSleep(maxRetries=10, sleepTime=1000 MILLISECONDS)
2019-09-26 20:39:04,440 [main] INFO  retry.RetryInvocationHandler (RetryInvocationHandler.java:log(411)) - com.google.protobuf.ServiceException: java.net.ConnectException: Your endpoint configuration is wrong; For more details see:  http://wiki.apache.org/hadoop/UnsetHostnameOrPort, while invoking $Proxy35.submitRequest over nodeId=null,nodeAddress=127.0.0.1:0 after 5 failover attempts. Trying to failover immediately.
2019-09-26 20:39:05,441 [main] INFO  ipc.Client (Client.java:handleConnectionFailure(948)) - Retrying connect to server: localhost/127.0.0.1:0. Already tried 0 time(s); retry policy is RetryUpToMaximumCountWithFixedSleep(maxRetries=10, sleepTime=1000 MILLISECONDS)
2019-09-26 20:39:06,442 [main] INFO  ipc.Client (Client.java:handleConnectionFailure(948)) - Retrying connect to server: localhost/127.0.0.1:0. Already tried 1 time(s); retry policy is RetryUpToMaximumCountWithFixedSleep(maxRetries=10, sleepTime=1000 MILLISECONDS)
2019-09-26 20:39:07,444 [main] INFO  ipc.Client (Client.java:handleConnectionFailure(948)) - Retrying connect to server: localhost/127.0.0.1:0. Already tried 2 time(s); retry policy is RetryUpToMaximumCountWithFixedSleep(maxRetries=10, sleepTime=1000 MILLISECONDS)
2019-09-26 20:39:08,445 [main] INFO  ipc.Client (Client.java:handleConnectionFailure(948)) - Retrying connect to server: localhost/127.0.0.1:0. Already tried 3 time(s); retry policy is RetryUpToMaximumCountWithFixedSleep(maxRetries=10, sleepTime=1000 MILLISECONDS)
2019-09-26 20:39:09,446 [main] INFO  ipc.Client (Client.java:handleConnectionFailure(948)) - Retrying connect to server: localhost/127.0.0.1:0. Already tried 4 time(s); retry policy is RetryUpToMaximumCountWithFixedSleep(maxRetries=10, sleepTime=1000 MILLISECONDS)
2019-09-26 20:39:10,447 [main] INFO  ipc.Client (Client.java:handleConnectionFailure(948)) - Retrying connect to server: localhost/127.0.0.1:0. Already tried 5 time(s); retry policy is RetryUpToMaximumCountWithFixedSleep(maxRetries=10, sleepTime=1000 MILLISECONDS)
2019-09-26 20:39:11,448 [main] INFO  ipc.Client (Client.java:handleConnectionFailure(948)) - Retrying connect to server: localhost/127.0.0.1:0. Already tried 6 time(s); retry policy is RetryUpToMaximumCountWithFixedSleep(maxRetries=10, sleepTime=1000 MILLISECONDS)
2019-09-26 20:39:12,449 [main] INFO  ipc.Client (Client.java:handleConnectionFailure(948)) - Retrying connect to server: localhost/127.0.0.1:0. Already tried 7 time(s); retry policy is RetryUpToMaximumCountWithFixedSleep(maxRetries=10, sleepTime=1000 MILLISECONDS)
2019-09-26 20:39:13,450 [main] INFO  ipc.Client (Client.java:handleConnectionFailure(948)) - Retrying connect to server: localhost/127.0.0.1:0. Already tried 8 time(s); retry policy is RetryUpToMaximumCountWithFixedSleep(maxRetries=10, sleepTime=1000 MILLISECONDS)
2019-09-26 20:39:14,451 [main] INFO  ipc.Client (Client.java:handleConnectionFailure(948)) - Retrying connect to server: localhost/127.0.0.1:0. Already tried 9 time(s); retry policy is RetryUpToMaximumCountWithFixedSleep(maxRetries=10, sleepTime=1000 MILLISECONDS)
2019-09-26 20:39:14,453 [main] INFO  retry.RetryInvocationHandler (RetryInvocationHandler.java:log(411)) - com.google.protobuf.ServiceException: java.net.ConnectException: Your endpoint configuration is wrong; For more details see:  http://wiki.apache.org/hadoop/UnsetHostnameOrPort, while invoking $Proxy35.submitRequest over nodeId=null,nodeAddress=127.0.0.1:0 after 6 failover attempts. Trying to failover immediately.
2019-09-26 20:39:15,454 [main] INFO  ipc.Client (Client.java:handleConnectionFailure(948)) - Retrying connect to server: localhost/127.0.0.1:0. Already tried 0 time(s); retry policy is RetryUpToMaximumCountWithFixedSleep(maxRetries=10, sleepTime=1000 MILLISECONDS)
2019-09-26 20:39:16,455 [main] INFO  ipc.Client (Client.java:handleConnectionFailure(948)) - Retrying connect to server: localhost/127.0.0.1:0. Already tried 1 time(s); retry policy is RetryUpToMaximumCountWithFixedSleep(maxRetries=10, sleepTime=1000 MILLISECONDS)
2019-09-26 20:39:17,456 [main] INFO  ipc.Client (Client.java:handleConnectionFailure(948)) - Retrying connect to server: localhost/127.0.0.1:0. Already tried 2 time(s); retry policy is RetryUpToMaximumCountWithFixedSleep(maxRetries=10, sleepTime=1000 MILLISECONDS)
2019-09-26 20:39:18,457 [main] INFO  ipc.Client (Client.java:handleConnectionFailure(948)) - Retrying connect to server: localhost/127.0.0.1:0. Already tried 3 time(s); retry policy is RetryUpToMaximumCountWithFixedSleep(maxRetries=10, sleepTime=1000 MILLISECONDS)
2019-09-26 20:39:19,458 [main] INFO  ipc.Client (Client.java:handleConnectionFailure(948)) - Retrying connect to server: localhost/127.0.0.1:0. Already tried 4 time(s); retry policy is RetryUpToMaximumCountWithFixedSleep(maxRetries=10, sleepTime=1000 MILLISECONDS)
2019-09-26 20:39:20,459 [main] INFO  ipc.Client (Client.java:handleConnectionFailure(948)) - Retrying connect to server: localhost/127.0.0.1:0. Already tried 5 time(s); retry policy is RetryUpToMaximumCountWithFixedSleep(maxRetries=10, sleepTime=1000 MILLISECONDS)
2019-09-26 20:39:21,460 [main] INFO  ipc.Client (Client.java:handleConnectionFailure(948)) - Retrying connect to server: localhost/127.0.0.1:0. Already tried 6 time(s); retry policy is RetryUpToMaximumCountWithFixedSleep(maxRetries=10, sleepTime=1000 MILLISECONDS)
2019-09-26 20:39:22,461 [main] INFO  ipc.Client (Client.java:handleConnectionFailure(948)) - Retrying connect to server: localhost/127.0.0.1:0. Already tried 7 time(s); retry policy is RetryUpToMaximumCountWithFixedSleep(maxRetries=10, sleepTime=1000 MILLISECONDS)
2019-09-26 20:39:23,462 [main] INFO  ipc.Client (Client.java:handleConnectionFailure(948)) - Retrying connect to server: localhost/127.0.0.1:0. Already tried 8 time(s); retry policy is RetryUpToMaximumCountWithFixedSleep(maxRetries=10, sleepTime=1000 MILLISECONDS)
2019-09-26 20:39:24,463 [main] INFO  ipc.Client (Client.java:handleConnectionFailure(948)) - Retrying connect to server: localhost/127.0.0.1:0. Already tried 9 time(s); retry policy is RetryUpToMaximumCountWithFixedSleep(maxRetries=10, sleepTime=1000 MILLISECONDS)
2019-09-26 20:39:24,465 [main] INFO  retry.RetryInvocationHandler (RetryInvocationHandler.java:log(411)) - com.google.protobuf.ServiceException: java.net.ConnectException: Your endpoint configuration is wrong; For more details see:  http://wiki.apache.org/hadoop/UnsetHostnameOrPort, while invoking $Proxy35.submitRequest over nodeId=null,nodeAddress=127.0.0.1:0 after 7 failover attempts. Trying to failover immediately.
2019-09-26 20:39:25,466 [main] INFO  ipc.Client (Client.java:handleConnectionFailure(948)) - Retrying connect to server: localhost/127.0.0.1:0. Already tried 0 time(s); retry policy is RetryUpToMaximumCountWithFixedSleep(maxRetries=10, sleepTime=1000 MILLISECONDS)
2019-09-26 20:39:26,468 [main] INFO  ipc.Client (Client.java:handleConnectionFailure(948)) - Retrying connect to server: localhost/127.0.0.1:0. Already tried 1 time(s); retry policy is RetryUpToMaximumCountWithFixedSleep(maxRetries=10, sleepTime=1000 MILLISECONDS)
2019-09-26 20:39:27,469 [main] INFO  ipc.Client (Client.java:handleConnectionFailure(948)) - Retrying connect to server: localhost/127.0.0.1:0. Already tried 2 time(s); retry policy is RetryUpToMaximumCountWithFixedSleep(maxRetries=10, sleepTime=1000 MILLISECONDS)
2019-09-26 20:39:28,470 [main] INFO  ipc.Client (Client.java:handleConnectionFailure(948)) - Retrying connect to server: localhost/127.0.0.1:0. Already tried 3 time(s); retry policy is RetryUpToMaximumCountWithFixedSleep(maxRetries=10, sleepTime=1000 MILLISECONDS)
2019-09-26 20:39:29,471 [main] INFO  ipc.Client (Client.java:handleConnectionFailure(948)) - Retrying connect to server: localhost/127.0.0.1:0. Already tried 4 time(s); retry policy is RetryUpToMaximumCountWithFixedSleep(maxRetries=10, sleepTime=1000 MILLISECONDS)
2019-09-26 20:39:30,472 [main] INFO  ipc.Client (Client.java:handleConnectionFailure(948)) - Retrying connect to server: localhost/127.0.0.1:0. Already tried 5 time(s); retry policy is RetryUpToMaximumCountWithFixedSleep(maxRetries=10, sleepTime=1000 MILLISECONDS)
2019-09-26 20:39:31,473 [main] INFO  ipc.Client (Client.java:handleConnectionFailure(948)) - Retrying connect to server: localhost/127.0.0.1:0. Already tried 6 time(s); retry policy is RetryUpToMaximumCountWithFixedSleep(maxRetries=10, sleepTime=1000 MILLISECONDS)
2019-09-26 20:39:32,475 [main] INFO  ipc.Client (Client.java:handleConnectionFailure(948)) - Retrying connect to server: localhost/127.0.0.1:0. Already tried 7 time(s); retry policy is RetryUpToMaximumCountWithFixedSleep(maxRetries=10, sleepTime=1000 MILLISECONDS)
2019-09-26 20:39:33,476 [main] INFO  ipc.Client (Client.java:handleConnectionFailure(948)) - Retrying connect to server: localhost/127.0.0.1:0. Already tried 8 time(s); retry policy is RetryUpToMaximumCountWithFixedSleep(maxRetries=10, sleepTime=1000 MILLISECONDS)
2019-09-26 20:39:34,477 [main] INFO  ipc.Client (Client.java:handleConnectionFailure(948)) - Retrying connect to server: localhost/127.0.0.1:0. Already tried 9 time(s); retry policy is RetryUpToMaximumCountWithFixedSleep(maxRetries=10, sleepTime=1000 MILLISECONDS)
2019-09-26 20:39:34,479 [main] INFO  retry.RetryInvocationHandler (RetryInvocationHandler.java:log(411)) - com.google.protobuf.ServiceException: java.net.ConnectException: Your endpoint configuration is wrong; For more details see:  http://wiki.apache.org/hadoop/UnsetHostnameOrPort, while invoking $Proxy35.submitRequest over nodeId=null,nodeAddress=127.0.0.1:0 after 8 failover attempts. Trying to failover immediately.
2019-09-26 20:39:35,480 [main] INFO  ipc.Client (Client.java:handleConnectionFailure(948)) - Retrying connect to server: localhost/127.0.0.1:0. Already tried 0 time(s); retry policy is RetryUpToMaximumCountWithFixedSleep(maxRetries=10, sleepTime=1000 MILLISECONDS)
2019-09-26 20:39:36,481 [main] INFO  ipc.Client (Client.java:handleConnectionFailure(948)) - Retrying connect to server: localhost/127.0.0.1:0. Already tried 1 time(s); retry policy is RetryUpToMaximumCountWithFixedSleep(maxRetries=10, sleepTime=1000 MILLISECONDS)
2019-09-26 20:39:37,483 [main] INFO  ipc.Client (Client.java:handleConnectionFailure(948)) - Retrying connect to server: localhost/127.0.0.1:0. Already tried 2 time(s); retry policy is RetryUpToMaximumCountWithFixedSleep(maxRetries=10, sleepTime=1000 MILLISECONDS)
2019-09-26 20:39:38,484 [main] INFO  ipc.Client (Client.java:handleConnectionFailure(948)) - Retrying connect to server: localhost/127.0.0.1:0. Already tried 3 time(s); retry policy is RetryUpToMaximumCountWithFixedSleep(maxRetries=10, sleepTime=1000 MILLISECONDS)
2019-09-26 20:39:39,485 [main] INFO  ipc.Client (Client.java:handleConnectionFailure(948)) - Retrying connect to server: localhost/127.0.0.1:0. Already tried 4 time(s); retry policy is RetryUpToMaximumCountWithFixedSleep(maxRetries=10, sleepTime=1000 MILLISECONDS)
2019-09-26 20:39:40,486 [main] INFO  ipc.Client (Client.java:handleConnectionFailure(948)) - Retrying connect to server: localhost/127.0.0.1:0. Already tried 5 time(s); retry policy is RetryUpToMaximumCountWithFixedSleep(maxRetries=10, sleepTime=1000 MILLISECONDS)
2019-09-26 20:39:41,487 [main] INFO  ipc.Client (Client.java:handleConnectionFailure(948)) - Retrying connect to server: localhost/127.0.0.1:0. Already tried 6 time(s); retry policy is RetryUpToMaximumCountWithFixedSleep(maxRetries=10, sleepTime=1000 MILLISECONDS)
2019-09-26 20:39:42,488 [main] INFO  ipc.Client (Client.java:handleConnectionFailure(948)) - Retrying connect to server: localhost/127.0.0.1:0. Already tried 7 time(s); retry policy is RetryUpToMaximumCountWithFixedSleep(maxRetries=10, sleepTime=1000 MILLISECONDS)
2019-09-26 20:39:43,490 [main] INFO  ipc.Client (Client.java:handleConnectionFailure(948)) - Retrying connect to server: localhost/127.0.0.1:0. Already tried 8 time(s); retry policy is RetryUpToMaximumCountWithFixedSleep(maxRetries=10, sleepTime=1000 MILLISECONDS)
2019-09-26 20:39:44,491 [main] INFO  ipc.Client (Client.java:handleConnectionFailure(948)) - Retrying connect to server: localhost/127.0.0.1:0. Already tried 9 time(s); retry policy is RetryUpToMaximumCountWithFixedSleep(maxRetries=10, sleepTime=1000 MILLISECONDS)
2019-09-26 20:39:44,493 [main] INFO  retry.RetryInvocationHandler (RetryInvocationHandler.java:log(411)) - com.google.protobuf.ServiceException: java.net.ConnectException: Your endpoint configuration is wrong; For more details see:  http://wiki.apache.org/hadoop/UnsetHostnameOrPort, while invoking $Proxy35.submitRequest over nodeId=null,nodeAddress=127.0.0.1:0 after 9 failover attempts. Trying to failover immediately.
2019-09-26 20:39:45,494 [main] INFO  ipc.Client (Client.java:handleConnectionFailure(948)) - Retrying connect to server: localhost/127.0.0.1:0. Already tried 0 time(s); retry policy is RetryUpToMaximumCountWithFixedSleep(maxRetries=10, sleepTime=1000 MILLISECONDS)
2019-09-26 20:39:46,495 [main] INFO  ipc.Client (Client.java:handleConnectionFailure(948)) - Retrying connect to server: localhost/127.0.0.1:0. Already tried 1 time(s); retry policy is RetryUpToMaximumCountWithFixedSleep(maxRetries=10, sleepTime=1000 MILLISECONDS)
2019-09-26 20:39:47,496 [main] INFO  ipc.Client (Client.java:handleConnectionFailure(948)) - Retrying connect to server: localhost/127.0.0.1:0. Already tried 2 time(s); retry policy is RetryUpToMaximumCountWithFixedSleep(maxRetries=10, sleepTime=1000 MILLISECONDS)
2019-09-26 20:39:48,497 [main] INFO  ipc.Client (Client.java:handleConnectionFailure(948)) - Retrying connect to server: localhost/127.0.0.1:0. Already tried 3 time(s); retry policy is RetryUpToMaximumCountWithFixedSleep(maxRetries=10, sleepTime=1000 MILLISECONDS)
2019-09-26 20:39:49,499 [main] INFO  ipc.Client (Client.java:handleConnectionFailure(948)) - Retrying connect to server: localhost/127.0.0.1:0. Already tried 4 time(s); retry policy is RetryUpToMaximumCountWithFixedSleep(maxRetries=10, sleepTime=1000 MILLISECONDS)
2019-09-26 20:39:50,500 [main] INFO  ipc.Client (Client.java:handleConnectionFailure(948)) - Retrying connect to server: localhost/127.0.0.1:0. Already tried 5 time(s); retry policy is RetryUpToMaximumCountWithFixedSleep(maxRetries=10, sleepTime=1000 MILLISECONDS)
2019-09-26 20:39:51,501 [main] INFO  ipc.Client (Client.java:handleConnectionFailure(948)) - Retrying connect to server: localhost/127.0.0.1:0. Already tried 6 time(s); retry policy is RetryUpToMaximumCountWithFixedSleep(maxRetries=10, sleepTime=1000 MILLISECONDS)
2019-09-26 20:39:52,503 [main] INFO  ipc.Client (Client.java:handleConnectionFailure(948)) - Retrying connect to server: localhost/127.0.0.1:0. Already tried 7 time(s); retry policy is RetryUpToMaximumCountWithFixedSleep(maxRetries=10, sleepTime=1000 MILLISECONDS)
2019-09-26 20:39:53,504 [main] INFO  ipc.Client (Client.java:handleConnectionFailure(948)) - Retrying connect to server: localhost/127.0.0.1:0. Already tried 8 time(s); retry policy is RetryUpToMaximumCountWithFixedSleep(maxRetries=10, sleepTime=1000 MILLISECONDS)
2019-09-26 20:39:54,505 [main] INFO  ipc.Client (Client.java:handleConnectionFailure(948)) - Retrying connect to server: localhost/127.0.0.1:0. Already tried 9 time(s); retry policy is RetryUpToMaximumCountWithFixedSleep(maxRetries=10, sleepTime=1000 MILLISECONDS)
2019-09-26 20:39:54,507 [main] ERROR ha.OMFailoverProxyProvider (OzoneManagerProtocolClientSideTranslatorPB.java:getRetryAction(268)) - Failed to connect to OM. Attempted 10 retries and 10 failovers
2019-09-26 20:39:54,507 [main] ERROR client.OzoneClientFactory (OzoneClientFactory.java:getClientProtocol(259)) - Couldn't create RpcClient protocol exception: 
java.net.ConnectException: Your endpoint configuration is wrong; For more details see:  http://wiki.apache.org/hadoop/UnsetHostnameOrPort
	at sun.reflect.GeneratedConstructorAccessor41.newInstance(Unknown Source)
	at sun.reflect.DelegatingConstructorAccessorImpl.newInstance(DelegatingConstructorAccessorImpl.java:45)
	at java.lang.reflect.Constructor.newInstance(Constructor.java:423)
	at org.apache.hadoop.net.NetUtils.wrapWithMessage(NetUtils.java:831)
	at org.apache.hadoop.net.NetUtils.wrapException(NetUtils.java:751)
	at org.apache.hadoop.ipc.Client.getRpcResponse(Client.java:1515)
	at org.apache.hadoop.ipc.Client.call(Client.java:1457)
	at org.apache.hadoop.ipc.Client.call(Client.java:1367)
	at org.apache.hadoop.ipc.ProtobufRpcEngine$Invoker.invoke(ProtobufRpcEngine.java:228)
	at org.apache.hadoop.ipc.ProtobufRpcEngine$Invoker.invoke(ProtobufRpcEngine.java:116)
	at com.sun.proxy.$Proxy35.submitRequest(Unknown Source)
	at sun.reflect.GeneratedMethodAccessor37.invoke(Unknown Source)
	at sun.reflect.DelegatingMethodAccessorImpl.invoke(DelegatingMethodAccessorImpl.java:43)
	at java.lang.reflect.Method.invoke(Method.java:498)
	at org.apache.hadoop.io.retry.RetryInvocationHandler.invokeMethod(RetryInvocationHandler.java:422)
	at org.apache.hadoop.io.retry.RetryInvocationHandler$Call.invokeMethod(RetryInvocationHandler.java:165)
	at org.apache.hadoop.io.retry.RetryInvocationHandler$Call.invoke(RetryInvocationHandler.java:157)
	at org.apache.hadoop.io.retry.RetryInvocationHandler$Call.invokeOnce(RetryInvocationHandler.java:95)
	at org.apache.hadoop.io.retry.RetryInvocationHandler.invoke(RetryInvocationHandler.java:359)
	at com.sun.proxy.$Proxy35.submitRequest(Unknown Source)
	at org.apache.hadoop.ozone.om.protocolPB.OzoneManagerProtocolClientSideTranslatorPB.submitRequest(OzoneManagerProtocolClientSideTranslatorPB.java:338)
	at org.apache.hadoop.ozone.om.protocolPB.OzoneManagerProtocolClientSideTranslatorPB.getServiceInfo(OzoneManagerProtocolClientSideTranslatorPB.java:1223)
	at sun.reflect.NativeMethodAccessorImpl.invoke0(Native Method)
	at sun.reflect.NativeMethodAccessorImpl.invoke(NativeMethodAccessorImpl.java:62)
	at sun.reflect.DelegatingMethodAccessorImpl.invoke(DelegatingMethodAccessorImpl.java:43)
	at java.lang.reflect.Method.invoke(Method.java:498)
	at org.apache.hadoop.hdds.tracing.TraceAllMethod.invoke(TraceAllMethod.java:66)
	at com.sun.proxy.$Proxy36.getServiceInfo(Unknown Source)
	at org.apache.hadoop.ozone.client.rpc.RpcClient.<init>(RpcClient.java:154)
	at org.apache.hadoop.ozone.client.OzoneClientFactory.getClientProtocol(OzoneClientFactory.java:256)
	at org.apache.hadoop.ozone.client.OzoneClientFactory.getClientProtocol(OzoneClientFactory.java:239)
	at org.apache.hadoop.ozone.client.OzoneClientFactory.getClient(OzoneClientFactory.java:75)
	at org.apache.hadoop.ozone.client.rpc.TestMultiBlockWritesWithDnFailures.startCluster(TestMultiBlockWritesWithDnFailures.java:96)
	at org.apache.hadoop.ozone.client.rpc.TestMultiBlockWritesWithDnFailures.testMultiBlockWritesWithDnFailures(TestMultiBlockWritesWithDnFailures.java:117)
	at sun.reflect.NativeMethodAccessorImpl.invoke0(Native Method)
	at sun.reflect.NativeMethodAccessorImpl.invoke(NativeMethodAccessorImpl.java:62)
	at sun.reflect.DelegatingMethodAccessorImpl.invoke(DelegatingMethodAccessorImpl.java:43)
	at java.lang.reflect.Method.invoke(Method.java:498)
	at org.junit.runners.model.FrameworkMethod$1.runReflectiveCall(FrameworkMethod.java:47)
	at org.junit.internal.runners.model.ReflectiveCallable.run(ReflectiveCallable.java:12)
	at org.junit.runners.model.FrameworkMethod.invokeExplosively(FrameworkMethod.java:44)
	at org.junit.internal.runners.statements.InvokeMethod.evaluate(InvokeMethod.java:17)
	at org.junit.internal.runners.statements.RunAfters.evaluate(RunAfters.java:27)
	at org.junit.runners.ParentRunner.runLeaf(ParentRunner.java:271)
	at org.junit.runners.BlockJUnit4ClassRunner.runChild(BlockJUnit4ClassRunner.java:70)
	at org.junit.runners.BlockJUnit4ClassRunner.runChild(BlockJUnit4ClassRunner.java:50)
	at org.junit.runners.ParentRunner$3.run(ParentRunner.java:238)
	at org.junit.runners.ParentRunner$1.schedule(ParentRunner.java:63)
	at org.junit.runners.ParentRunner.runChildren(ParentRunner.java:236)
	at org.junit.runners.ParentRunner.access$000(ParentRunner.java:53)
	at org.junit.runners.ParentRunner$2.evaluate(ParentRunner.java:229)
	at org.junit.runners.ParentRunner.run(ParentRunner.java:309)
	at org.apache.maven.surefire.junit4.JUnit4Provider.execute(JUnit4Provider.java:365)
	at org.apache.maven.surefire.junit4.JUnit4Provider.executeWithRerun(JUnit4Provider.java:273)
	at org.apache.maven.surefire.junit4.JUnit4Provider.executeTestSet(JUnit4Provider.java:238)
	at org.apache.maven.surefire.junit4.JUnit4Provider.invoke(JUnit4Provider.java:159)
	at org.apache.maven.surefire.booter.ForkedBooter.invokeProviderInSameClassLoader(ForkedBooter.java:384)
	at org.apache.maven.surefire.booter.ForkedBooter.runSuitesInProcess(ForkedBooter.java:345)
	at org.apache.maven.surefire.booter.ForkedBooter.execute(ForkedBooter.java:126)
	at org.apache.maven.surefire.booter.ForkedBooter.main(ForkedBooter.java:418)
Caused by: java.net.ConnectException: Connection refused
	at sun.nio.ch.SocketChannelImpl.checkConnect(Native Method)
	at sun.nio.ch.SocketChannelImpl.finishConnect(SocketChannelImpl.java:717)
	at org.apache.hadoop.net.SocketIOWithTimeout.connect(SocketIOWithTimeout.java:206)
	at org.apache.hadoop.net.NetUtils.connect(NetUtils.java:531)
	at org.apache.hadoop.ipc.Client$Connection.setupConnection(Client.java:690)
	at org.apache.hadoop.ipc.Client$Connection.setupIOstreams(Client.java:794)
	at org.apache.hadoop.ipc.Client$Connection.access$3700(Client.java:411)
	at org.apache.hadoop.ipc.Client.getConnection(Client.java:1572)
	at org.apache.hadoop.ipc.Client.call(Client.java:1403)
	... 53 more
2019-09-26 20:39:54,512 [main] INFO  ozone.MiniOzoneClusterImpl (MiniOzoneClusterImpl.java:shutdown(314)) - Shutting down the Mini Ozone Cluster
2019-09-26 20:39:54,513 [main] INFO  ozone.MiniOzoneClusterImpl (MiniOzoneClusterImpl.java:stop(330)) - Stopping the Mini Ozone Cluster
2019-09-26 20:39:54,513 [main] INFO  ozone.MiniOzoneClusterImpl (MiniOzoneClusterImpl.java:stopOM(400)) - Stopping the OzoneManager
2019-09-26 20:39:54,513 [main] INFO  ipc.Server (Server.java:stop(3082)) - Stopping server on 33434
2019-09-26 20:39:54,529 [main] INFO  ratis.OzoneManagerDoubleBuffer (OzoneManagerDoubleBuffer.java:stop(248)) - Stopping OMDoubleBuffer flush thread
2019-09-26 20:39:54,529 [IPC Server Responder] INFO  ipc.Server (Server.java:run(1319)) - Stopping IPC Server Responder
2019-09-26 20:39:54,529 [IPC Server listener on 33434] INFO  ipc.Server (Server.java:run(1185)) - Stopping IPC Server listener on 33434
2019-09-26 20:39:54,544 [OMDoubleBufferFlushThread] INFO  ratis.OzoneManagerDoubleBuffer (OzoneManagerDoubleBuffer.java:flushTransactions(191)) - OMDoubleBuffer flush thread OMDoubleBufferFlushThread is interrupted and will exit. OMDoubleBufferFlushThread
2019-09-26 20:39:54,559 [main] INFO  utils.BackgroundService (BackgroundService.java:shutdown(148)) - Shutting down service KeyDeletingService
2019-09-26 20:39:54,561 [main] INFO  handler.ContextHandler (ContextHandler.java:doStop(910)) - Stopped o.e.j.w.WebAppContext@303c55fa{/,null,UNAVAILABLE}{/ozoneManager}
2019-09-26 20:39:54,562 [main] INFO  server.AbstractConnector (AbstractConnector.java:doStop(318)) - Stopped ServerConnector@9efcd90{HTTP/1.1,[http/1.1]}{0.0.0.0:0}
2019-09-26 20:39:54,563 [main] INFO  handler.ContextHandler (ContextHandler.java:doStop(910)) - Stopped o.e.j.s.ServletContextHandler@2e86807a{/static,file:///workdir/hadoop-ozone/integration-test/target/test-classes/webapps/static,UNAVAILABLE}
2019-09-26 20:39:54,563 [main] INFO  handler.ContextHandler (ContextHandler.java:doStop(910)) - Stopped o.e.j.s.ServletContextHandler@28369db0{/logs,file:///workdir/hadoop-ozone/integration-test/target/log,UNAVAILABLE}
2019-09-26 20:39:54,567 [main] INFO  ozone.MiniOzoneClusterImpl (MiniOzoneClusterImpl.java:stopDatanodes(377)) - Stopping the HddsDatanodes
2019-09-26 20:39:55,097 [Datanode State Machine Thread - 0] INFO  statemachine.DatanodeStateMachine (DatanodeStateMachine.java:lambda$startDaemon$0(350)) - Ozone container server started.
2019-09-26 20:39:55,215 [Datanode State Machine Thread - 0] INFO  statemachine.DatanodeStateMachine (DatanodeStateMachine.java:lambda$startDaemon$0(350)) - Ozone container server started.
2019-09-26 20:39:59,574 [ForkJoinPool.commonPool-worker-0] INFO  ozoneimpl.OzoneContainer (OzoneContainer.java:stop(231)) - Attempting to stop container services.
2019-09-26 20:39:59,574 [main] INFO  ozoneimpl.OzoneContainer (OzoneContainer.java:stop(231)) - Attempting to stop container services.
2019-09-26 20:39:59,575 [ForkJoinPool.commonPool-worker-0] INFO  impl.RaftServerProxy (RaftServerProxy.java:lambda$close$4(314)) - 941e0be9-b5d2-45a7-942a-524150895db1: close
2019-09-26 20:39:59,575 [main] INFO  impl.RaftServerProxy (RaftServerProxy.java:lambda$close$4(314)) - 983810e7-c78f-49e0-935f-b72803bc8b97: close
2019-09-26 20:39:59,575 [ForkJoinPool.commonPool-worker-0] INFO  impl.RaftServerImpl (RaftServerImpl.java:lambda$shutdown$3(251)) - 941e0be9-b5d2-45a7-942a-524150895db1@group-E4C677F8CCB0: shutdown
2019-09-26 20:39:59,575 [main] INFO  impl.RaftServerImpl (RaftServerImpl.java:lambda$shutdown$3(251)) - 983810e7-c78f-49e0-935f-b72803bc8b97@group-2CB849279973: shutdown
2019-09-26 20:39:59,575 [ForkJoinPool.commonPool-worker-0] INFO  util.JmxRegister (JmxRegister.java:unregister(73)) - Successfully un-registered JMX Bean with object name Ratis:service=RaftServer,group=group-E4C677F8CCB0,id=941e0be9-b5d2-45a7-942a-524150895db1
2019-09-26 20:39:59,576 [main] INFO  util.JmxRegister (JmxRegister.java:unregister(73)) - Successfully un-registered JMX Bean with object name Ratis:service=RaftServer,group=group-2CB849279973,id=983810e7-c78f-49e0-935f-b72803bc8b97
2019-09-26 20:39:59,576 [ForkJoinPool.commonPool-worker-0] INFO  impl.RoleInfo (RoleInfo.java:shutdownLeaderState(104)) - 941e0be9-b5d2-45a7-942a-524150895db1: shutdown LeaderState
2019-09-26 20:39:59,576 [main] INFO  impl.RoleInfo (RoleInfo.java:shutdownLeaderState(104)) - 983810e7-c78f-49e0-935f-b72803bc8b97: shutdown LeaderState
2019-09-26 20:39:59,576 [ForkJoinPool.commonPool-worker-0] INFO  impl.PendingRequests (PendingRequests.java:sendNotLeaderResponses(202)) - 941e0be9-b5d2-45a7-942a-524150895db1-PendingRequests: sendNotLeaderResponses
2019-09-26 20:39:59,577 [main] INFO  impl.PendingRequests (PendingRequests.java:sendNotLeaderResponses(202)) - 983810e7-c78f-49e0-935f-b72803bc8b97-PendingRequests: sendNotLeaderResponses
2019-09-26 20:39:59,577 [ForkJoinPool.commonPool-worker-0] INFO  impl.StateMachineUpdater (StateMachineUpdater.java:stopAndJoin(125)) - 941e0be9-b5d2-45a7-942a-524150895db1@group-E4C677F8CCB0-StateMachineUpdater: set stopIndex = 0
2019-09-26 20:39:59,577 [main] INFO  impl.StateMachineUpdater (StateMachineUpdater.java:stopAndJoin(125)) - 983810e7-c78f-49e0-935f-b72803bc8b97@group-2CB849279973-StateMachineUpdater: set stopIndex = 0
2019-09-26 20:39:59,577 [main] INFO  impl.RaftServerImpl (ServerState.java:close(385)) - 983810e7-c78f-49e0-935f-b72803bc8b97@group-2CB849279973: closes. applyIndex: 0
2019-09-26 20:39:59,578 [ForkJoinPool.commonPool-worker-0] INFO  impl.RaftServerImpl (ServerState.java:close(385)) - 941e0be9-b5d2-45a7-942a-524150895db1@group-E4C677F8CCB0: closes. applyIndex: 0
2019-09-26 20:39:59,578 [983810e7-c78f-49e0-935f-b72803bc8b97@group-2CB849279973-SegmentedRaftLogWorker] INFO  segmented.SegmentedRaftLogWorker (SegmentedRaftLogWorker.java:run(313)) - 983810e7-c78f-49e0-935f-b72803bc8b97@group-2CB849279973-SegmentedRaftLogWorker was interrupted, exiting. There are 0 tasks remaining in the queue.
2019-09-26 20:39:59,580 [941e0be9-b5d2-45a7-942a-524150895db1@group-E4C677F8CCB0-SegmentedRaftLogWorker] INFO  segmented.SegmentedRaftLogWorker (SegmentedRaftLogWorker.java:run(313)) - 941e0be9-b5d2-45a7-942a-524150895db1@group-E4C677F8CCB0-SegmentedRaftLogWorker was interrupted, exiting. There are 0 tasks remaining in the queue.
2019-09-26 20:39:59,580 [main] INFO  segmented.SegmentedRaftLogWorker (SegmentedRaftLogWorker.java:close(228)) - 983810e7-c78f-49e0-935f-b72803bc8b97@group-2CB849279973-SegmentedRaftLogWorker close()
2019-09-26 20:39:59,582 [ForkJoinPool.commonPool-worker-0] INFO  segmented.SegmentedRaftLogWorker (SegmentedRaftLogWorker.java:close(228)) - 941e0be9-b5d2-45a7-942a-524150895db1@group-E4C677F8CCB0-SegmentedRaftLogWorker close()
2019-09-26 20:39:59,590 [main] INFO  impl.RaftServerImpl (RaftServerImpl.java:lambda$shutdown$3(251)) - 983810e7-c78f-49e0-935f-b72803bc8b97@group-76B709B113E4: shutdown
2019-09-26 20:39:59,592 [ForkJoinPool.commonPool-worker-0] INFO  impl.RaftServerImpl (RaftServerImpl.java:lambda$shutdown$3(251)) - 941e0be9-b5d2-45a7-942a-524150895db1@group-E2B3CFB2BAD3: shutdown
2019-09-26 20:39:59,592 [main] INFO  util.JmxRegister (JmxRegister.java:unregister(73)) - Successfully un-registered JMX Bean with object name Ratis:service=RaftServer,group=group-76B709B113E4,id=983810e7-c78f-49e0-935f-b72803bc8b97
2019-09-26 20:39:59,592 [ForkJoinPool.commonPool-worker-0] INFO  util.JmxRegister (JmxRegister.java:unregister(73)) - Successfully un-registered JMX Bean with object name Ratis:service=RaftServer,group=group-E2B3CFB2BAD3,id=941e0be9-b5d2-45a7-942a-524150895db1
2019-09-26 20:39:59,593 [main] INFO  impl.RoleInfo (RoleInfo.java:shutdownLeaderState(104)) - 983810e7-c78f-49e0-935f-b72803bc8b97: shutdown LeaderState
2019-09-26 20:39:59,593 [ForkJoinPool.commonPool-worker-0] INFO  impl.RoleInfo (RoleInfo.java:shutdownLeaderState(104)) - 941e0be9-b5d2-45a7-942a-524150895db1: shutdown LeaderState
2019-09-26 20:39:59,597 [org.apache.ratis.server.impl.LogAppender$AppenderDaemon$$Lambda$436/982945735@13201102] WARN  server.GrpcLogAppender (GrpcLogAppender.java:mayWait(143)) - 983810e7-c78f-49e0-935f-b72803bc8b97@group-76B709B113E4->23e65fe1-92f4-4d18-88b6-12afdf835ab8-GrpcLogAppender: Wait interrupted by java.lang.InterruptedException
2019-09-26 20:39:59,597 [main] INFO  impl.PendingRequests (PendingRequests.java:sendNotLeaderResponses(202)) - 983810e7-c78f-49e0-935f-b72803bc8b97-PendingRequests: sendNotLeaderResponses
2019-09-26 20:39:59,597 [org.apache.ratis.server.impl.LogAppender$AppenderDaemon$$Lambda$436/982945735@180751da] WARN  server.GrpcLogAppender (GrpcLogAppender.java:mayWait(143)) - 983810e7-c78f-49e0-935f-b72803bc8b97@group-76B709B113E4->305abc0e-94f4-41ec-8295-15d4a445dbbe-GrpcLogAppender: Wait interrupted by java.lang.InterruptedException
2019-09-26 20:39:59,600 [ForkJoinPool.commonPool-worker-0] INFO  impl.PendingRequests (PendingRequests.java:sendNotLeaderResponses(202)) - 941e0be9-b5d2-45a7-942a-524150895db1-PendingRequests: sendNotLeaderResponses
2019-09-26 20:39:59,600 [org.apache.ratis.server.impl.LogAppender$AppenderDaemon$$Lambda$436/982945735@16a5dbda] WARN  server.GrpcLogAppender (GrpcLogAppender.java:mayWait(143)) - 941e0be9-b5d2-45a7-942a-524150895db1@group-E2B3CFB2BAD3->789644c6-b1e7-452a-be32-1d295418bb68-GrpcLogAppender: Wait interrupted by java.lang.InterruptedException
2019-09-26 20:39:59,600 [org.apache.ratis.server.impl.LogAppender$AppenderDaemon$$Lambda$436/982945735@7c21c49b] WARN  server.GrpcLogAppender (GrpcLogAppender.java:mayWait(143)) - 941e0be9-b5d2-45a7-942a-524150895db1@group-E2B3CFB2BAD3->e791874c-b2f4-4f7f-9315-0432fb0d59cd-GrpcLogAppender: Wait interrupted by java.lang.InterruptedException
2019-09-26 20:39:59,601 [grpc-default-executor-0] INFO  server.GrpcServerProtocolService (GrpcServerProtocolService.java:onCompleted(113)) - 305abc0e-94f4-41ec-8295-15d4a445dbbe: Completed APPEND_ENTRIES, lastRequest: 983810e7-c78f-49e0-935f-b72803bc8b97->305abc0e-94f4-41ec-8295-15d4a445dbbe#228-t1, previous=(t:1, i:0), leaderCommit=0, initializing? false, entries: <empty>
2019-09-26 20:39:59,601 [grpc-default-executor-2] INFO  server.GrpcServerProtocolService (GrpcServerProtocolService.java:onCompleted(113)) - 789644c6-b1e7-452a-be32-1d295418bb68: Completed APPEND_ENTRIES, lastRequest: 941e0be9-b5d2-45a7-942a-524150895db1->789644c6-b1e7-452a-be32-1d295418bb68#228-t1, previous=(t:1, i:0), leaderCommit=0, initializing? false, entries: <empty>
2019-09-26 20:39:59,601 [ForkJoinPool.commonPool-worker-0] INFO  impl.StateMachineUpdater (StateMachineUpdater.java:stopAndJoin(125)) - 941e0be9-b5d2-45a7-942a-524150895db1@group-E2B3CFB2BAD3-StateMachineUpdater: set stopIndex = 0
2019-09-26 20:39:59,601 [grpc-default-executor-4] INFO  server.GrpcServerProtocolService (GrpcServerProtocolService.java:onCompleted(113)) - 23e65fe1-92f4-4d18-88b6-12afdf835ab8: Completed APPEND_ENTRIES, lastRequest: 983810e7-c78f-49e0-935f-b72803bc8b97->23e65fe1-92f4-4d18-88b6-12afdf835ab8#228-t1, previous=(t:1, i:0), leaderCommit=0, initializing? false, entries: <empty>
2019-09-26 20:39:59,600 [main] INFO  impl.StateMachineUpdater (StateMachineUpdater.java:stopAndJoin(125)) - 983810e7-c78f-49e0-935f-b72803bc8b97@group-76B709B113E4-StateMachineUpdater: set stopIndex = 0
2019-09-26 20:39:59,602 [ForkJoinPool.commonPool-worker-0] INFO  impl.RaftServerImpl (ServerState.java:close(385)) - 941e0be9-b5d2-45a7-942a-524150895db1@group-E2B3CFB2BAD3: closes. applyIndex: 0
2019-09-26 20:39:59,601 [grpc-default-executor-3] INFO  server.GrpcServerProtocolService (GrpcServerProtocolService.java:onCompleted(113)) - e791874c-b2f4-4f7f-9315-0432fb0d59cd: Completed APPEND_ENTRIES, lastRequest: 941e0be9-b5d2-45a7-942a-524150895db1->e791874c-b2f4-4f7f-9315-0432fb0d59cd#229-t1, previous=(t:1, i:0), leaderCommit=0, initializing? false, entries: <empty>
2019-09-26 20:39:59,602 [941e0be9-b5d2-45a7-942a-524150895db1@group-E2B3CFB2BAD3-SegmentedRaftLogWorker] INFO  segmented.SegmentedRaftLogWorker (SegmentedRaftLogWorker.java:run(313)) - 941e0be9-b5d2-45a7-942a-524150895db1@group-E2B3CFB2BAD3-SegmentedRaftLogWorker was interrupted, exiting. There are 0 tasks remaining in the queue.
2019-09-26 20:39:59,602 [grpc-default-executor-0] INFO  server.GrpcLogAppender (GrpcLogAppender.java:onCompleted(293)) - 941e0be9-b5d2-45a7-942a-524150895db1@group-E2B3CFB2BAD3->789644c6-b1e7-452a-be32-1d295418bb68-AppendLogResponseHandler: follower responses appendEntries COMPLETED
2019-09-26 20:39:59,602 [grpc-default-executor-4] INFO  server.GrpcLogAppender (GrpcLogAppender.java:onCompleted(293)) - 983810e7-c78f-49e0-935f-b72803bc8b97@group-76B709B113E4->23e65fe1-92f4-4d18-88b6-12afdf835ab8-AppendLogResponseHandler: follower responses appendEntries COMPLETED
2019-09-26 20:39:59,602 [grpc-default-executor-2] INFO  server.GrpcLogAppender (GrpcLogAppender.java:onCompleted(293)) - 983810e7-c78f-49e0-935f-b72803bc8b97@group-76B709B113E4->305abc0e-94f4-41ec-8295-15d4a445dbbe-AppendLogResponseHandler: follower responses appendEntries COMPLETED
2019-09-26 20:39:59,602 [main] INFO  impl.RaftServerImpl (ServerState.java:close(385)) - 983810e7-c78f-49e0-935f-b72803bc8b97@group-76B709B113E4: closes. applyIndex: 0
2019-09-26 20:39:59,605 [grpc-default-executor-2] INFO  impl.FollowerInfo (FollowerInfo.java:lambda$new$0(51)) - 983810e7-c78f-49e0-935f-b72803bc8b97@group-76B709B113E4->305abc0e-94f4-41ec-8295-15d4a445dbbe: nextIndex: updateUnconditionally 1 -> 0
2019-09-26 20:39:59,605 [grpc-default-executor-0] INFO  impl.FollowerInfo (FollowerInfo.java:lambda$new$0(51)) - 941e0be9-b5d2-45a7-942a-524150895db1@group-E2B3CFB2BAD3->789644c6-b1e7-452a-be32-1d295418bb68: nextIndex: updateUnconditionally 1 -> 0
2019-09-26 20:39:59,605 [grpc-default-executor-4] INFO  impl.FollowerInfo (FollowerInfo.java:lambda$new$0(51)) - 983810e7-c78f-49e0-935f-b72803bc8b97@group-76B709B113E4->23e65fe1-92f4-4d18-88b6-12afdf835ab8: nextIndex: updateUnconditionally 1 -> 0
2019-09-26 20:39:59,604 [grpc-default-executor-3] INFO  server.GrpcLogAppender (GrpcLogAppender.java:onCompleted(293)) - 941e0be9-b5d2-45a7-942a-524150895db1@group-E2B3CFB2BAD3->e791874c-b2f4-4f7f-9315-0432fb0d59cd-AppendLogResponseHandler: follower responses appendEntries COMPLETED
2019-09-26 20:39:59,604 [ForkJoinPool.commonPool-worker-0] INFO  segmented.SegmentedRaftLogWorker (SegmentedRaftLogWorker.java:close(228)) - 941e0be9-b5d2-45a7-942a-524150895db1@group-E2B3CFB2BAD3-SegmentedRaftLogWorker close()
2019-09-26 20:39:59,608 [grpc-default-executor-3] INFO  impl.FollowerInfo (FollowerInfo.java:lambda$new$0(51)) - 941e0be9-b5d2-45a7-942a-524150895db1@group-E2B3CFB2BAD3->e791874c-b2f4-4f7f-9315-0432fb0d59cd: nextIndex: updateUnconditionally 1 -> 0
2019-09-26 20:39:59,607 [983810e7-c78f-49e0-935f-b72803bc8b97@group-76B709B113E4-SegmentedRaftLogWorker] INFO  segmented.SegmentedRaftLogWorker (SegmentedRaftLogWorker.java:run(313)) - 983810e7-c78f-49e0-935f-b72803bc8b97@group-76B709B113E4-SegmentedRaftLogWorker was interrupted, exiting. There are 0 tasks remaining in the queue.
2019-09-26 20:39:59,609 [ForkJoinPool.commonPool-worker-0] INFO  server.GrpcService (GrpcService.java:closeImpl(164)) - 941e0be9-b5d2-45a7-942a-524150895db1: shutdown server with port 36037 now
2019-09-26 20:39:59,611 [main] INFO  segmented.SegmentedRaftLogWorker (SegmentedRaftLogWorker.java:close(228)) - 983810e7-c78f-49e0-935f-b72803bc8b97@group-76B709B113E4-SegmentedRaftLogWorker close()
2019-09-26 20:39:59,613 [ForkJoinPool.commonPool-worker-0] INFO  server.GrpcService (GrpcService.java:closeImpl(172)) - 941e0be9-b5d2-45a7-942a-524150895db1: shutdown server with port 36037 successfully
2019-09-26 20:39:59,613 [main] INFO  server.GrpcService (GrpcService.java:closeImpl(164)) - 983810e7-c78f-49e0-935f-b72803bc8b97: shutdown server with port 43601 now
2019-09-26 20:39:59,614 [main] INFO  server.GrpcService (GrpcService.java:closeImpl(172)) - 983810e7-c78f-49e0-935f-b72803bc8b97: shutdown server with port 43601 successfully
2019-09-26 20:39:59,615 [refreshUsed-/workdir/hadoop-ozone/integration-test/target/test-dir/MiniOzoneClusterImpl-6cd5981c-8f90-4fde-9f17-131d20e6bdb9/datanode-3/data/containers] WARN  fs.CachingGetSpaceUsed (CachingGetSpaceUsed.java:run(183)) - Thread Interrupted waiting to refresh disk information: sleep interrupted
2019-09-26 20:39:59,617 [refreshUsed-/workdir/hadoop-ozone/integration-test/target/test-dir/MiniOzoneClusterImpl-6cd5981c-8f90-4fde-9f17-131d20e6bdb9/datanode-1/data/containers] WARN  fs.CachingGetSpaceUsed (CachingGetSpaceUsed.java:run(183)) - Thread Interrupted waiting to refresh disk information: sleep interrupted
2019-09-26 20:39:59,632 [ForkJoinPool.commonPool-worker-0] INFO  utils.BackgroundService (BackgroundService.java:shutdown(148)) - Shutting down service BlockDeletingService
2019-09-26 20:39:59,637 [ForkJoinPool.commonPool-worker-0] INFO  statemachine.DatanodeStateMachine (DatanodeStateMachine.java:stopDaemon(395)) - Ozone container server stopped.
2019-09-26 20:39:59,638 [main] INFO  utils.BackgroundService (BackgroundService.java:shutdown(148)) - Shutting down service BlockDeletingService
2019-09-26 20:39:59,644 [main] INFO  statemachine.DatanodeStateMachine (DatanodeStateMachine.java:stopDaemon(395)) - Ozone container server stopped.
2019-09-26 20:39:59,644 [ForkJoinPool.commonPool-worker-0] INFO  handler.ContextHandler (ContextHandler.java:doStop(910)) - Stopped o.e.j.w.WebAppContext@2f14b0f6{/,null,UNAVAILABLE}{/hddsDatanode}
2019-09-26 20:39:59,645 [main] INFO  handler.ContextHandler (ContextHandler.java:doStop(910)) - Stopped o.e.j.w.WebAppContext@68f6e55d{/,null,UNAVAILABLE}{/hddsDatanode}
2019-09-26 20:39:59,645 [ForkJoinPool.commonPool-worker-0] INFO  server.AbstractConnector (AbstractConnector.java:doStop(318)) - Stopped ServerConnector@5b20706{HTTP/1.1,[http/1.1]}{0.0.0.0:0}
2019-09-26 20:39:59,646 [ForkJoinPool.commonPool-worker-0] INFO  handler.ContextHandler (ContextHandler.java:doStop(910)) - Stopped o.e.j.s.ServletContextHandler@609e57da{/static,jar:file:/home/user/.m2/repository/org/apache/hadoop/hadoop-hdds-container-service/0.5.0-SNAPSHOT/hadoop-hdds-container-service-0.5.0-SNAPSHOT.jar!/webapps/static,UNAVAILABLE}
2019-09-26 20:39:59,646 [main] INFO  server.AbstractConnector (AbstractConnector.java:doStop(318)) - Stopped ServerConnector@6fff46bf{HTTP/1.1,[http/1.1]}{0.0.0.0:0}
2019-09-26 20:39:59,647 [ForkJoinPool.commonPool-worker-0] INFO  handler.ContextHandler (ContextHandler.java:doStop(910)) - Stopped o.e.j.s.ServletContextHandler@3625a016{/logs,file:///workdir/hadoop-ozone/integration-test/target/log,UNAVAILABLE}
2019-09-26 20:39:59,648 [main] INFO  handler.ContextHandler (ContextHandler.java:doStop(910)) - Stopped o.e.j.s.ServletContextHandler@6807a356{/static,jar:file:/home/user/.m2/repository/org/apache/hadoop/hadoop-hdds-container-service/0.5.0-SNAPSHOT/hadoop-hdds-container-service-0.5.0-SNAPSHOT.jar!/webapps/static,UNAVAILABLE}
2019-09-26 20:39:59,648 [main] INFO  handler.ContextHandler (ContextHandler.java:doStop(910)) - Stopped o.e.j.s.ServletContextHandler@1c3259fa{/logs,file:///workdir/hadoop-ozone/integration-test/target/log,UNAVAILABLE}
2019-09-26 20:40:00,150 [Datanode State Machine Thread - 0] INFO  statemachine.DatanodeStateMachine (DatanodeStateMachine.java:lambda$startDaemon$0(350)) - Ozone container server started.
2019-09-26 20:40:00,272 [Thread-2187] INFO  impl.FollowerState (FollowerState.java:run(106)) - 789644c6-b1e7-452a-be32-1d295418bb68:group-E2B3CFB2BAD3 changes to CANDIDATE, lastRpcTime:1143, electionTimeout:1050ms
2019-09-26 20:40:00,272 [Thread-2187] INFO  impl.RoleInfo (RoleInfo.java:shutdownFollowerState(121)) - 789644c6-b1e7-452a-be32-1d295418bb68: shutdown FollowerState
2019-09-26 20:40:00,272 [Thread-2187] INFO  impl.RaftServerImpl (RaftServerImpl.java:setRole(174)) - 789644c6-b1e7-452a-be32-1d295418bb68@group-E2B3CFB2BAD3: changes role from  FOLLOWER to CANDIDATE at term 1 for changeToCandidate
2019-09-26 20:40:00,273 [Thread-2187] INFO  impl.RoleInfo (RoleInfo.java:updateAndGet(143)) - 789644c6-b1e7-452a-be32-1d295418bb68: start LeaderElection
2019-09-26 20:40:00,273 [789644c6-b1e7-452a-be32-1d295418bb68@group-E2B3CFB2BAD3:LeaderElection37] INFO  impl.RaftServerImpl (ServerState.java:setLeader(253)) - 789644c6-b1e7-452a-be32-1d295418bb68@group-E2B3CFB2BAD3: change Leader from 941e0be9-b5d2-45a7-942a-524150895db1 to null at term 1 for initElection
2019-09-26 20:40:00,287 [789644c6-b1e7-452a-be32-1d295418bb68@group-E2B3CFB2BAD3:LeaderElection37] INFO  impl.LeaderElection (LeaderElection.java:askForVotes(182)) - 789644c6-b1e7-452a-be32-1d295418bb68@group-E2B3CFB2BAD3:LeaderElection37: begin an election at term 2 for 0: [e791874c-b2f4-4f7f-9315-0432fb0d59cd:192.168.151.109:35942, 789644c6-b1e7-452a-be32-1d295418bb68:192.168.151.109:42694, 941e0be9-b5d2-45a7-942a-524150895db1:192.168.151.109:36037], old=null
2019-09-26 20:40:00,291 [789644c6-b1e7-452a-be32-1d295418bb68@group-E2B3CFB2BAD3:LeaderElection37] INFO  impl.LeaderElection (LogUtils.java:infoOrTrace(149)) - 789644c6-b1e7-452a-be32-1d295418bb68@group-E2B3CFB2BAD3:LeaderElection37 got exception when requesting votes: {}
java.util.concurrent.ExecutionException: org.apache.ratis.thirdparty.io.grpc.StatusRuntimeException: UNAVAILABLE: io exception
	at java.util.concurrent.FutureTask.report(FutureTask.java:122)
	at java.util.concurrent.FutureTask.get(FutureTask.java:192)
	at org.apache.ratis.server.impl.LeaderElection.waitForResults(LeaderElection.java:263)
	at org.apache.ratis.server.impl.LeaderElection.askForVotes(LeaderElection.java:201)
	at org.apache.ratis.server.impl.LeaderElection.run(LeaderElection.java:133)
	at java.lang.Thread.run(Thread.java:748)
Caused by: org.apache.ratis.thirdparty.io.grpc.StatusRuntimeException: UNAVAILABLE: io exception
	at org.apache.ratis.thirdparty.io.grpc.stub.ClientCalls.toStatusRuntimeException(ClientCalls.java:233)
	at org.apache.ratis.thirdparty.io.grpc.stub.ClientCalls.getUnchecked(ClientCalls.java:214)
	at org.apache.ratis.thirdparty.io.grpc.stub.ClientCalls.blockingUnaryCall(ClientCalls.java:139)
	at org.apache.ratis.proto.grpc.RaftServerProtocolServiceGrpc$RaftServerProtocolServiceBlockingStub.requestVote(RaftServerProtocolServiceGrpc.java:265)
	at org.apache.ratis.grpc.server.GrpcServerProtocolClient.requestVote(GrpcServerProtocolClient.java:90)
	at org.apache.ratis.grpc.server.GrpcService.requestVote(GrpcService.java:204)
	at org.apache.ratis.server.impl.LeaderElection.lambda$submitRequests$1(LeaderElection.java:238)
	at java.util.concurrent.FutureTask.run(FutureTask.java:266)
	at java.util.concurrent.Executors$RunnableAdapter.call(Executors.java:511)
	at java.util.concurrent.FutureTask.run(FutureTask.java:266)
	at java.util.concurrent.ThreadPoolExecutor.runWorker(ThreadPoolExecutor.java:1149)
	at java.util.concurrent.ThreadPoolExecutor$Worker.run(ThreadPoolExecutor.java:624)
	... 1 more
Caused by: org.apache.ratis.thirdparty.io.netty.channel.AbstractChannel$AnnotatedConnectException: Connection refused: /192.168.151.109:36037
	at sun.nio.ch.SocketChannelImpl.checkConnect(Native Method)
	at sun.nio.ch.SocketChannelImpl.finishConnect(SocketChannelImpl.java:717)
	at org.apache.ratis.thirdparty.io.netty.channel.socket.nio.NioSocketChannel.doFinishConnect(NioSocketChannel.java:327)
	at org.apache.ratis.thirdparty.io.netty.channel.nio.AbstractNioChannel$AbstractNioUnsafe.finishConnect(AbstractNioChannel.java:340)
	at org.apache.ratis.thirdparty.io.netty.channel.nio.NioEventLoop.processSelectedKey(NioEventLoop.java:632)
	at org.apache.ratis.thirdparty.io.netty.channel.nio.NioEventLoop.processSelectedKeysOptimized(NioEventLoop.java:579)
	at org.apache.ratis.thirdparty.io.netty.channel.nio.NioEventLoop.processSelectedKeys(NioEventLoop.java:496)
	at org.apache.ratis.thirdparty.io.netty.channel.nio.NioEventLoop.run(NioEventLoop.java:458)
	at org.apache.ratis.thirdparty.io.netty.util.concurrent.SingleThreadEventExecutor$5.run(SingleThreadEventExecutor.java:897)
	at org.apache.ratis.thirdparty.io.netty.util.concurrent.FastThreadLocalRunnable.run(FastThreadLocalRunnable.java:30)
	... 1 more
Caused by: java.net.ConnectException: Connection refused
	... 11 more
2019-09-26 20:40:00,296 [grpc-default-executor-3] INFO  impl.RaftServerImpl (ServerState.java:setLeader(253)) - e791874c-b2f4-4f7f-9315-0432fb0d59cd@group-E2B3CFB2BAD3: change Leader from 941e0be9-b5d2-45a7-942a-524150895db1 to null at term 2 for updateCurrentTerm
2019-09-26 20:40:00,296 [grpc-default-executor-3] INFO  impl.RaftServerImpl (RaftServerImpl.java:setRole(174)) - e791874c-b2f4-4f7f-9315-0432fb0d59cd@group-E2B3CFB2BAD3: changes role from  FOLLOWER to FOLLOWER at term 2 for recognizeCandidate:789644c6-b1e7-452a-be32-1d295418bb68
2019-09-26 20:40:00,296 [grpc-default-executor-3] INFO  impl.RoleInfo (RoleInfo.java:shutdownFollowerState(121)) - e791874c-b2f4-4f7f-9315-0432fb0d59cd: shutdown FollowerState
2019-09-26 20:40:00,297 [grpc-default-executor-3] INFO  impl.RoleInfo (RoleInfo.java:updateAndGet(143)) - e791874c-b2f4-4f7f-9315-0432fb0d59cd: start FollowerState
2019-09-26 20:40:00,297 [Thread-2186] INFO  impl.FollowerState (FollowerState.java:run(115)) - e791874c-b2f4-4f7f-9315-0432fb0d59cd: FollowerState was interrupted: java.lang.InterruptedException: sleep interrupted
2019-09-26 20:40:00,313 [789644c6-b1e7-452a-be32-1d295418bb68@group-E2B3CFB2BAD3:LeaderElection37] INFO  impl.LeaderElection (LeaderElection.java:logAndReturn(56)) - 789644c6-b1e7-452a-be32-1d295418bb68@group-E2B3CFB2BAD3:LeaderElection37: Election PASSED; received 1 response(s) [789644c6-b1e7-452a-be32-1d295418bb68<-e791874c-b2f4-4f7f-9315-0432fb0d59cd#0:OK-t2] and 1 exception(s); 789644c6-b1e7-452a-be32-1d295418bb68@group-E2B3CFB2BAD3:t2, leader=null, voted=789644c6-b1e7-452a-be32-1d295418bb68, raftlog=789644c6-b1e7-452a-be32-1d295418bb68@group-E2B3CFB2BAD3-SegmentedRaftLog:OPENED:c0,f0,i0, conf=0: [e791874c-b2f4-4f7f-9315-0432fb0d59cd:192.168.151.109:35942, 789644c6-b1e7-452a-be32-1d295418bb68:192.168.151.109:42694, 941e0be9-b5d2-45a7-942a-524150895db1:192.168.151.109:36037], old=null
2019-09-26 20:40:00,313 [789644c6-b1e7-452a-be32-1d295418bb68@group-E2B3CFB2BAD3:LeaderElection37] INFO  impl.LeaderElection (LogUtils.java:infoOrTrace(149)) -   Exception 0: {}
java.util.concurrent.ExecutionException: org.apache.ratis.thirdparty.io.grpc.StatusRuntimeException: UNAVAILABLE: io exception
	at java.util.concurrent.FutureTask.report(FutureTask.java:122)
	at java.util.concurrent.FutureTask.get(FutureTask.java:192)
	at org.apache.ratis.server.impl.LeaderElection.waitForResults(LeaderElection.java:263)
	at org.apache.ratis.server.impl.LeaderElection.askForVotes(LeaderElection.java:201)
	at org.apache.ratis.server.impl.LeaderElection.run(LeaderElection.java:133)
	at java.lang.Thread.run(Thread.java:748)
Caused by: org.apache.ratis.thirdparty.io.grpc.StatusRuntimeException: UNAVAILABLE: io exception
	at org.apache.ratis.thirdparty.io.grpc.stub.ClientCalls.toStatusRuntimeException(ClientCalls.java:233)
	at org.apache.ratis.thirdparty.io.grpc.stub.ClientCalls.getUnchecked(ClientCalls.java:214)
	at org.apache.ratis.thirdparty.io.grpc.stub.ClientCalls.blockingUnaryCall(ClientCalls.java:139)
	at org.apache.ratis.proto.grpc.RaftServerProtocolServiceGrpc$RaftServerProtocolServiceBlockingStub.requestVote(RaftServerProtocolServiceGrpc.java:265)
	at org.apache.ratis.grpc.server.GrpcServerProtocolClient.requestVote(GrpcServerProtocolClient.java:90)
	at org.apache.ratis.grpc.server.GrpcService.requestVote(GrpcService.java:204)
	at org.apache.ratis.server.impl.LeaderElection.lambda$submitRequests$1(LeaderElection.java:238)
	at java.util.concurrent.FutureTask.run(FutureTask.java:266)
	at java.util.concurrent.Executors$RunnableAdapter.call(Executors.java:511)
	at java.util.concurrent.FutureTask.run(FutureTask.java:266)
	at java.util.concurrent.ThreadPoolExecutor.runWorker(ThreadPoolExecutor.java:1149)
	at java.util.concurrent.ThreadPoolExecutor$Worker.run(ThreadPoolExecutor.java:624)
	... 1 more
Caused by: org.apache.ratis.thirdparty.io.netty.channel.AbstractChannel$AnnotatedConnectException: Connection refused: /192.168.151.109:36037
	at sun.nio.ch.SocketChannelImpl.checkConnect(Native Method)
	at sun.nio.ch.SocketChannelImpl.finishConnect(SocketChannelImpl.java:717)
	at org.apache.ratis.thirdparty.io.netty.channel.socket.nio.NioSocketChannel.doFinishConnect(NioSocketChannel.java:327)
	at org.apache.ratis.thirdparty.io.netty.channel.nio.AbstractNioChannel$AbstractNioUnsafe.finishConnect(AbstractNioChannel.java:340)
	at org.apache.ratis.thirdparty.io.netty.channel.nio.NioEventLoop.processSelectedKey(NioEventLoop.java:632)
	at org.apache.ratis.thirdparty.io.netty.channel.nio.NioEventLoop.processSelectedKeysOptimized(NioEventLoop.java:579)
	at org.apache.ratis.thirdparty.io.netty.channel.nio.NioEventLoop.processSelectedKeys(NioEventLoop.java:496)
	at org.apache.ratis.thirdparty.io.netty.channel.nio.NioEventLoop.run(NioEventLoop.java:458)
	at org.apache.ratis.thirdparty.io.netty.util.concurrent.SingleThreadEventExecutor$5.run(SingleThreadEventExecutor.java:897)
	at org.apache.ratis.thirdparty.io.netty.util.concurrent.FastThreadLocalRunnable.run(FastThreadLocalRunnable.java:30)
	... 1 more
Caused by: java.net.ConnectException: Connection refused
	... 11 more
2019-09-26 20:40:00,314 [789644c6-b1e7-452a-be32-1d295418bb68@group-E2B3CFB2BAD3:LeaderElection37] INFO  impl.RoleInfo (RoleInfo.java:shutdownLeaderElection(134)) - 789644c6-b1e7-452a-be32-1d295418bb68: shutdown LeaderElection
2019-09-26 20:40:00,314 [789644c6-b1e7-452a-be32-1d295418bb68@group-E2B3CFB2BAD3:LeaderElection37] INFO  impl.RaftServerImpl (RaftServerImpl.java:setRole(174)) - 789644c6-b1e7-452a-be32-1d295418bb68@group-E2B3CFB2BAD3: changes role from CANDIDATE to LEADER at term 2 for changeToLeader
2019-09-26 20:40:00,314 [789644c6-b1e7-452a-be32-1d295418bb68@group-E2B3CFB2BAD3:LeaderElection37] INFO  impl.RaftServerImpl (ServerState.java:setLeader(253)) - 789644c6-b1e7-452a-be32-1d295418bb68@group-E2B3CFB2BAD3: change Leader from null to 789644c6-b1e7-452a-be32-1d295418bb68 at term 2 for becomeLeader, leader elected after 40ms
2019-09-26 20:40:00,314 [789644c6-b1e7-452a-be32-1d295418bb68@group-E2B3CFB2BAD3:LeaderElection37] INFO  server.RaftServerConfigKeys (ConfUtils.java:logGet(43)) - raft.server.staging.catchup.gap = 1000 (default)
2019-09-26 20:40:00,314 [789644c6-b1e7-452a-be32-1d295418bb68@group-E2B3CFB2BAD3:LeaderElection37] INFO  server.RaftServerConfigKeys (ConfUtils.java:logGet(43)) - raft.server.rpc.sleep.time = 25ms (default)
2019-09-26 20:40:00,314 [789644c6-b1e7-452a-be32-1d295418bb68@group-E2B3CFB2BAD3:LeaderElection37] INFO  server.RaftServerConfigKeys (ConfUtils.java:logGet(43)) - raft.server.write.element-limit = 4096 (default)
2019-09-26 20:40:00,315 [789644c6-b1e7-452a-be32-1d295418bb68@group-E2B3CFB2BAD3:LeaderElection37] INFO  server.RaftServerConfigKeys (ConfUtils.java:logGet(43)) - raft.server.watch.timeout = 10s (default)
2019-09-26 20:40:00,315 [789644c6-b1e7-452a-be32-1d295418bb68@group-E2B3CFB2BAD3:LeaderElection37] INFO  server.RaftServerConfigKeys (ConfUtils.java:logGet(43)) - raft.server.watch.timeout.denomination = 1s (default)
2019-09-26 20:40:00,315 [789644c6-b1e7-452a-be32-1d295418bb68@group-E2B3CFB2BAD3:LeaderElection37] INFO  server.RaftServerConfigKeys (ConfUtils.java:logGet(43)) - raft.server.watch.element-limit = 65536 (default)
2019-09-26 20:40:00,317 [789644c6-b1e7-452a-be32-1d295418bb68@group-E2B3CFB2BAD3:LeaderElection37] INFO  server.RaftServerConfigKeys (ConfUtils.java:logGet(43)) - raft.server.log.appender.snapshot.chunk.size.max = 16MB (=16777216) (default)
2019-09-26 20:40:00,317 [789644c6-b1e7-452a-be32-1d295418bb68@group-E2B3CFB2BAD3:LeaderElection37] INFO  server.RaftServerConfigKeys (ConfUtils.java:logGet(43)) - raft.server.log.appender.buffer.byte-limit = 33554432 (custom)
2019-09-26 20:40:00,318 [789644c6-b1e7-452a-be32-1d295418bb68@group-E2B3CFB2BAD3:LeaderElection37] INFO  server.RaftServerConfigKeys (ConfUtils.java:logGet(43)) - raft.server.log.appender.buffer.element-limit = 1 (custom)
2019-09-26 20:40:00,318 [789644c6-b1e7-452a-be32-1d295418bb68@group-E2B3CFB2BAD3:LeaderElection37] INFO  grpc.GrpcConfigKeys$Server (ConfUtils.java:logGet(43)) - raft.grpc.server.leader.outstanding.appends.max = 128 (default)
2019-09-26 20:40:00,318 [789644c6-b1e7-452a-be32-1d295418bb68@group-E2B3CFB2BAD3:LeaderElection37] INFO  server.RaftServerConfigKeys (ConfUtils.java:logGet(43)) - raft.server.rpc.request.timeout = 3000ms (default)
2019-09-26 20:40:00,318 [789644c6-b1e7-452a-be32-1d295418bb68@group-E2B3CFB2BAD3:LeaderElection37] INFO  server.RaftServerConfigKeys (ConfUtils.java:logGet(43)) - raft.server.log.appender.install.snapshot.enabled = false (custom)
2019-09-26 20:40:00,318 [789644c6-b1e7-452a-be32-1d295418bb68@group-E2B3CFB2BAD3:LeaderElection37] INFO  server.RaftServerConfigKeys (ConfUtils.java:logGet(43)) - raft.server.log.appender.snapshot.chunk.size.max = 16MB (=16777216) (default)
2019-09-26 20:40:00,318 [789644c6-b1e7-452a-be32-1d295418bb68@group-E2B3CFB2BAD3:LeaderElection37] INFO  server.RaftServerConfigKeys (ConfUtils.java:logGet(43)) - raft.server.log.appender.buffer.byte-limit = 33554432 (custom)
2019-09-26 20:40:00,319 [789644c6-b1e7-452a-be32-1d295418bb68@group-E2B3CFB2BAD3:LeaderElection37] INFO  server.RaftServerConfigKeys (ConfUtils.java:logGet(43)) - raft.server.log.appender.buffer.element-limit = 1 (custom)
2019-09-26 20:40:00,319 [789644c6-b1e7-452a-be32-1d295418bb68@group-E2B3CFB2BAD3:LeaderElection37] INFO  grpc.GrpcConfigKeys$Server (ConfUtils.java:logGet(43)) - raft.grpc.server.leader.outstanding.appends.max = 128 (default)
2019-09-26 20:40:00,319 [789644c6-b1e7-452a-be32-1d295418bb68@group-E2B3CFB2BAD3:LeaderElection37] INFO  server.RaftServerConfigKeys (ConfUtils.java:logGet(43)) - raft.server.rpc.request.timeout = 3000ms (default)
2019-09-26 20:40:00,319 [789644c6-b1e7-452a-be32-1d295418bb68@group-E2B3CFB2BAD3:LeaderElection37] INFO  server.RaftServerConfigKeys (ConfUtils.java:logGet(43)) - raft.server.log.appender.install.snapshot.enabled = false (custom)
2019-09-26 20:40:00,319 [789644c6-b1e7-452a-be32-1d295418bb68@group-E2B3CFB2BAD3:LeaderElection37] INFO  impl.RoleInfo (RoleInfo.java:updateAndGet(143)) - 789644c6-b1e7-452a-be32-1d295418bb68: start LeaderState
2019-09-26 20:40:00,320 [789644c6-b1e7-452a-be32-1d295418bb68@group-E2B3CFB2BAD3:LeaderElection37] INFO  segmented.SegmentedRaftLogWorker (SegmentedRaftLogWorker.java:rollLogSegment(385)) - 789644c6-b1e7-452a-be32-1d295418bb68@group-E2B3CFB2BAD3-SegmentedRaftLogWorker: Rolling segment log-0_0 to index:0
2019-09-26 20:40:00,320 [789644c6-b1e7-452a-be32-1d295418bb68@group-E2B3CFB2BAD3:LeaderElection37] INFO  impl.RaftServerImpl (ServerState.java:setRaftConf(354)) - 789644c6-b1e7-452a-be32-1d295418bb68@group-E2B3CFB2BAD3: set configuration 1: [e791874c-b2f4-4f7f-9315-0432fb0d59cd:192.168.151.109:35942, 789644c6-b1e7-452a-be32-1d295418bb68:192.168.151.109:42694, 941e0be9-b5d2-45a7-942a-524150895db1:192.168.151.109:36037], old=null at 1
2019-09-26 20:40:00,320 [789644c6-b1e7-452a-be32-1d295418bb68@group-E2B3CFB2BAD3-SegmentedRaftLogWorker] INFO  segmented.SegmentedRaftLogWorker (SegmentedRaftLogWorker.java:execute(526)) - 789644c6-b1e7-452a-be32-1d295418bb68@group-E2B3CFB2BAD3-SegmentedRaftLogWorker: Rolled log segment from /workdir/hadoop-ozone/integration-test/target/test-dir/MiniOzoneClusterImpl-6cd5981c-8f90-4fde-9f17-131d20e6bdb9/datanode-0/data/ratis/80a730c8-f6a9-40f1-bae8-e2b3cfb2bad3/current/log_inprogress_0 to /workdir/hadoop-ozone/integration-test/target/test-dir/MiniOzoneClusterImpl-6cd5981c-8f90-4fde-9f17-131d20e6bdb9/datanode-0/data/ratis/80a730c8-f6a9-40f1-bae8-e2b3cfb2bad3/current/log_0-0
2019-09-26 20:40:00,322 [grpc-default-executor-3] WARN  server.GrpcLogAppender (LogUtils.java:warn(134)) - 789644c6-b1e7-452a-be32-1d295418bb68@group-E2B3CFB2BAD3->941e0be9-b5d2-45a7-942a-524150895db1-AppendLogResponseHandler: Failed appendEntries: org.apache.ratis.thirdparty.io.grpc.StatusRuntimeException: UNAVAILABLE: io exception
2019-09-26 20:40:00,323 [grpc-default-executor-3] INFO  impl.FollowerInfo (FollowerInfo.java:lambda$new$0(51)) - 789644c6-b1e7-452a-be32-1d295418bb68@group-E2B3CFB2BAD3->941e0be9-b5d2-45a7-942a-524150895db1: nextIndex: updateUnconditionally 1 -> 0
2019-09-26 20:40:00,323 [grpc-default-executor-3] INFO  impl.RaftServerImpl (ServerState.java:setLeader(253)) - e791874c-b2f4-4f7f-9315-0432fb0d59cd@group-E2B3CFB2BAD3: change Leader from null to 789644c6-b1e7-452a-be32-1d295418bb68 at term 2 for appendEntries, leader elected after 27ms
2019-09-26 20:40:00,326 [grpc-default-executor-3] INFO  impl.RaftServerImpl (ServerState.java:setRaftConf(354)) - e791874c-b2f4-4f7f-9315-0432fb0d59cd@group-E2B3CFB2BAD3: set configuration 1: [e791874c-b2f4-4f7f-9315-0432fb0d59cd:192.168.151.109:35942, 789644c6-b1e7-452a-be32-1d295418bb68:192.168.151.109:42694, 941e0be9-b5d2-45a7-942a-524150895db1:192.168.151.109:36037], old=null at 1
2019-09-26 20:40:00,326 [grpc-default-executor-3] INFO  segmented.SegmentedRaftLogWorker (SegmentedRaftLogWorker.java:rollLogSegment(385)) - e791874c-b2f4-4f7f-9315-0432fb0d59cd@group-E2B3CFB2BAD3-SegmentedRaftLogWorker: Rolling segment log-0_0 to index:0
2019-09-26 20:40:00,327 [e791874c-b2f4-4f7f-9315-0432fb0d59cd@group-E2B3CFB2BAD3-SegmentedRaftLogWorker] INFO  segmented.SegmentedRaftLogWorker (SegmentedRaftLogWorker.java:execute(526)) - e791874c-b2f4-4f7f-9315-0432fb0d59cd@group-E2B3CFB2BAD3-SegmentedRaftLogWorker: Rolled log segment from /workdir/hadoop-ozone/integration-test/target/test-dir/MiniOzoneClusterImpl-6cd5981c-8f90-4fde-9f17-131d20e6bdb9/datanode-2/data/ratis/80a730c8-f6a9-40f1-bae8-e2b3cfb2bad3/current/log_inprogress_0 to /workdir/hadoop-ozone/integration-test/target/test-dir/MiniOzoneClusterImpl-6cd5981c-8f90-4fde-9f17-131d20e6bdb9/datanode-2/data/ratis/80a730c8-f6a9-40f1-bae8-e2b3cfb2bad3/current/log_0-0
2019-09-26 20:40:00,360 [Datanode State Machine Thread - 0] INFO  statemachine.DatanodeStateMachine (DatanodeStateMachine.java:lambda$startDaemon$0(350)) - Ozone container server started.
2019-09-26 20:40:00,369 [789644c6-b1e7-452a-be32-1d295418bb68@group-E2B3CFB2BAD3-SegmentedRaftLogWorker] INFO  segmented.SegmentedRaftLogWorker (SegmentedRaftLogWorker.java:execute(569)) - 789644c6-b1e7-452a-be32-1d295418bb68@group-E2B3CFB2BAD3-SegmentedRaftLogWorker: created new log segment /workdir/hadoop-ozone/integration-test/target/test-dir/MiniOzoneClusterImpl-6cd5981c-8f90-4fde-9f17-131d20e6bdb9/datanode-0/data/ratis/80a730c8-f6a9-40f1-bae8-e2b3cfb2bad3/current/log_inprogress_1
2019-09-26 20:40:00,404 [e791874c-b2f4-4f7f-9315-0432fb0d59cd@group-E2B3CFB2BAD3-SegmentedRaftLogWorker] INFO  segmented.SegmentedRaftLogWorker (SegmentedRaftLogWorker.java:execute(569)) - e791874c-b2f4-4f7f-9315-0432fb0d59cd@group-E2B3CFB2BAD3-SegmentedRaftLogWorker: created new log segment /workdir/hadoop-ozone/integration-test/target/test-dir/MiniOzoneClusterImpl-6cd5981c-8f90-4fde-9f17-131d20e6bdb9/datanode-2/data/ratis/80a730c8-f6a9-40f1-bae8-e2b3cfb2bad3/current/log_inprogress_1
2019-09-26 20:40:00,409 [grpc-default-executor-0] WARN  server.GrpcLogAppender (LogUtils.java:warn(134)) - 789644c6-b1e7-452a-be32-1d295418bb68@group-E2B3CFB2BAD3->941e0be9-b5d2-45a7-942a-524150895db1-AppendLogResponseHandler: Failed appendEntries: org.apache.ratis.thirdparty.io.grpc.StatusRuntimeException: UNAVAILABLE: io exception
2019-09-26 20:40:00,410 [grpc-default-executor-0] INFO  impl.FollowerInfo (FollowerInfo.java:lambda$new$0(51)) - 789644c6-b1e7-452a-be32-1d295418bb68@group-E2B3CFB2BAD3->941e0be9-b5d2-45a7-942a-524150895db1: nextIndex: updateUnconditionally 1 -> 0
2019-09-26 20:40:00,428 [grpc-default-executor-0] WARN  server.GrpcLogAppender (LogUtils.java:warn(134)) - 789644c6-b1e7-452a-be32-1d295418bb68@group-E2B3CFB2BAD3->941e0be9-b5d2-45a7-942a-524150895db1-AppendLogResponseHandler: Failed appendEntries: org.apache.ratis.thirdparty.io.grpc.StatusRuntimeException: UNAVAILABLE: io exception
2019-09-26 20:40:00,428 [grpc-default-executor-0] INFO  impl.FollowerInfo (FollowerInfo.java:lambda$new$0(51)) - 789644c6-b1e7-452a-be32-1d295418bb68@group-E2B3CFB2BAD3->941e0be9-b5d2-45a7-942a-524150895db1: nextIndex: updateUnconditionally 1 -> 0
2019-09-26 20:40:00,540 [Thread-2216] INFO  impl.FollowerState (FollowerState.java:run(106)) - 23e65fe1-92f4-4d18-88b6-12afdf835ab8:group-76B709B113E4 changes to CANDIDATE, lastRpcTime:1411, electionTimeout:1060ms
2019-09-26 20:40:00,540 [Thread-2216] INFO  impl.RoleInfo (RoleInfo.java:shutdownFollowerState(121)) - 23e65fe1-92f4-4d18-88b6-12afdf835ab8: shutdown FollowerState
2019-09-26 20:40:00,541 [Thread-2216] INFO  impl.RaftServerImpl (RaftServerImpl.java:setRole(174)) - 23e65fe1-92f4-4d18-88b6-12afdf835ab8@group-76B709B113E4: changes role from  FOLLOWER to CANDIDATE at term 1 for changeToCandidate
2019-09-26 20:40:00,541 [Thread-2216] INFO  impl.RoleInfo (RoleInfo.java:updateAndGet(143)) - 23e65fe1-92f4-4d18-88b6-12afdf835ab8: start LeaderElection
2019-09-26 20:40:00,544 [23e65fe1-92f4-4d18-88b6-12afdf835ab8@group-76B709B113E4:LeaderElection38] INFO  impl.RaftServerImpl (ServerState.java:setLeader(253)) - 23e65fe1-92f4-4d18-88b6-12afdf835ab8@group-76B709B113E4: change Leader from 983810e7-c78f-49e0-935f-b72803bc8b97 to null at term 1 for initElection
2019-09-26 20:40:00,558 [23e65fe1-92f4-4d18-88b6-12afdf835ab8@group-76B709B113E4:LeaderElection38] INFO  impl.LeaderElection (LeaderElection.java:askForVotes(182)) - 23e65fe1-92f4-4d18-88b6-12afdf835ab8@group-76B709B113E4:LeaderElection38: begin an election at term 2 for 0: [23e65fe1-92f4-4d18-88b6-12afdf835ab8:192.168.151.109:46202, 305abc0e-94f4-41ec-8295-15d4a445dbbe:192.168.151.109:45835, 983810e7-c78f-49e0-935f-b72803bc8b97:192.168.151.109:43601], old=null
2019-09-26 20:40:00,560 [23e65fe1-92f4-4d18-88b6-12afdf835ab8@group-76B709B113E4:LeaderElection38] INFO  impl.LeaderElection (LogUtils.java:infoOrTrace(149)) - 23e65fe1-92f4-4d18-88b6-12afdf835ab8@group-76B709B113E4:LeaderElection38 got exception when requesting votes: {}
java.util.concurrent.ExecutionException: org.apache.ratis.thirdparty.io.grpc.StatusRuntimeException: UNAVAILABLE: io exception
	at java.util.concurrent.FutureTask.report(FutureTask.java:122)
	at java.util.concurrent.FutureTask.get(FutureTask.java:192)
	at org.apache.ratis.server.impl.LeaderElection.waitForResults(LeaderElection.java:263)
	at org.apache.ratis.server.impl.LeaderElection.askForVotes(LeaderElection.java:201)
	at org.apache.ratis.server.impl.LeaderElection.run(LeaderElection.java:133)
	at java.lang.Thread.run(Thread.java:748)
Caused by: org.apache.ratis.thirdparty.io.grpc.StatusRuntimeException: UNAVAILABLE: io exception
	at org.apache.ratis.thirdparty.io.grpc.stub.ClientCalls.toStatusRuntimeException(ClientCalls.java:233)
	at org.apache.ratis.thirdparty.io.grpc.stub.ClientCalls.getUnchecked(ClientCalls.java:214)
	at org.apache.ratis.thirdparty.io.grpc.stub.ClientCalls.blockingUnaryCall(ClientCalls.java:139)
	at org.apache.ratis.proto.grpc.RaftServerProtocolServiceGrpc$RaftServerProtocolServiceBlockingStub.requestVote(RaftServerProtocolServiceGrpc.java:265)
	at org.apache.ratis.grpc.server.GrpcServerProtocolClient.requestVote(GrpcServerProtocolClient.java:90)
	at org.apache.ratis.grpc.server.GrpcService.requestVote(GrpcService.java:204)
	at org.apache.ratis.server.impl.LeaderElection.lambda$submitRequests$1(LeaderElection.java:238)
	at java.util.concurrent.FutureTask.run(FutureTask.java:266)
	at java.util.concurrent.Executors$RunnableAdapter.call(Executors.java:511)
	at java.util.concurrent.FutureTask.run(FutureTask.java:266)
	at java.util.concurrent.ThreadPoolExecutor.runWorker(ThreadPoolExecutor.java:1149)
	at java.util.concurrent.ThreadPoolExecutor$Worker.run(ThreadPoolExecutor.java:624)
	... 1 more
Caused by: org.apache.ratis.thirdparty.io.netty.channel.AbstractChannel$AnnotatedConnectException: Connection refused: /192.168.151.109:43601
	at sun.nio.ch.SocketChannelImpl.checkConnect(Native Method)
	at sun.nio.ch.SocketChannelImpl.finishConnect(SocketChannelImpl.java:717)
	at org.apache.ratis.thirdparty.io.netty.channel.socket.nio.NioSocketChannel.doFinishConnect(NioSocketChannel.java:327)
	at org.apache.ratis.thirdparty.io.netty.channel.nio.AbstractNioChannel$AbstractNioUnsafe.finishConnect(AbstractNioChannel.java:340)
	at org.apache.ratis.thirdparty.io.netty.channel.nio.NioEventLoop.processSelectedKey(NioEventLoop.java:632)
	at org.apache.ratis.thirdparty.io.netty.channel.nio.NioEventLoop.processSelectedKeysOptimized(NioEventLoop.java:579)
	at org.apache.ratis.thirdparty.io.netty.channel.nio.NioEventLoop.processSelectedKeys(NioEventLoop.java:496)
	at org.apache.ratis.thirdparty.io.netty.channel.nio.NioEventLoop.run(NioEventLoop.java:458)
	at org.apache.ratis.thirdparty.io.netty.util.concurrent.SingleThreadEventExecutor$5.run(SingleThreadEventExecutor.java:897)
	at org.apache.ratis.thirdparty.io.netty.util.concurrent.FastThreadLocalRunnable.run(FastThreadLocalRunnable.java:30)
	... 1 more
Caused by: java.net.ConnectException: Connection refused
	... 11 more
2019-09-26 20:40:00,563 [grpc-default-executor-0] INFO  impl.RaftServerImpl (ServerState.java:setLeader(253)) - 305abc0e-94f4-41ec-8295-15d4a445dbbe@group-76B709B113E4: change Leader from 983810e7-c78f-49e0-935f-b72803bc8b97 to null at term 2 for updateCurrentTerm
2019-09-26 20:40:00,563 [grpc-default-executor-0] INFO  impl.RaftServerImpl (RaftServerImpl.java:setRole(174)) - 305abc0e-94f4-41ec-8295-15d4a445dbbe@group-76B709B113E4: changes role from  FOLLOWER to FOLLOWER at term 2 for recognizeCandidate:23e65fe1-92f4-4d18-88b6-12afdf835ab8
2019-09-26 20:40:00,563 [grpc-default-executor-0] INFO  impl.RoleInfo (RoleInfo.java:shutdownFollowerState(121)) - 305abc0e-94f4-41ec-8295-15d4a445dbbe: shutdown FollowerState
2019-09-26 20:40:00,564 [grpc-default-executor-0] INFO  impl.RoleInfo (RoleInfo.java:updateAndGet(143)) - 305abc0e-94f4-41ec-8295-15d4a445dbbe: start FollowerState
2019-09-26 20:40:00,564 [Thread-2203] INFO  impl.FollowerState (FollowerState.java:run(115)) - 305abc0e-94f4-41ec-8295-15d4a445dbbe: FollowerState was interrupted: java.lang.InterruptedException: sleep interrupted
2019-09-26 20:40:00,579 [23e65fe1-92f4-4d18-88b6-12afdf835ab8@group-76B709B113E4:LeaderElection38] INFO  impl.LeaderElection (LeaderElection.java:logAndReturn(56)) - 23e65fe1-92f4-4d18-88b6-12afdf835ab8@group-76B709B113E4:LeaderElection38: Election PASSED; received 1 response(s) [23e65fe1-92f4-4d18-88b6-12afdf835ab8<-305abc0e-94f4-41ec-8295-15d4a445dbbe#0:OK-t2] and 1 exception(s); 23e65fe1-92f4-4d18-88b6-12afdf835ab8@group-76B709B113E4:t2, leader=null, voted=23e65fe1-92f4-4d18-88b6-12afdf835ab8, raftlog=23e65fe1-92f4-4d18-88b6-12afdf835ab8@group-76B709B113E4-SegmentedRaftLog:OPENED:c0,f0,i0, conf=0: [23e65fe1-92f4-4d18-88b6-12afdf835ab8:192.168.151.109:46202, 305abc0e-94f4-41ec-8295-15d4a445dbbe:192.168.151.109:45835, 983810e7-c78f-49e0-935f-b72803bc8b97:192.168.151.109:43601], old=null
2019-09-26 20:40:00,580 [23e65fe1-92f4-4d18-88b6-12afdf835ab8@group-76B709B113E4:LeaderElection38] INFO  impl.LeaderElection (LogUtils.java:infoOrTrace(149)) -   Exception 0: {}
java.util.concurrent.ExecutionException: org.apache.ratis.thirdparty.io.grpc.StatusRuntimeException: UNAVAILABLE: io exception
	at java.util.concurrent.FutureTask.report(FutureTask.java:122)
	at java.util.concurrent.FutureTask.get(FutureTask.java:192)
	at org.apache.ratis.server.impl.LeaderElection.waitForResults(LeaderElection.java:263)
	at org.apache.ratis.server.impl.LeaderElection.askForVotes(LeaderElection.java:201)
	at org.apache.ratis.server.impl.LeaderElection.run(LeaderElection.java:133)
	at java.lang.Thread.run(Thread.java:748)
Caused by: org.apache.ratis.thirdparty.io.grpc.StatusRuntimeException: UNAVAILABLE: io exception
	at org.apache.ratis.thirdparty.io.grpc.stub.ClientCalls.toStatusRuntimeException(ClientCalls.java:233)
	at org.apache.ratis.thirdparty.io.grpc.stub.ClientCalls.getUnchecked(ClientCalls.java:214)
	at org.apache.ratis.thirdparty.io.grpc.stub.ClientCalls.blockingUnaryCall(ClientCalls.java:139)
	at org.apache.ratis.proto.grpc.RaftServerProtocolServiceGrpc$RaftServerProtocolServiceBlockingStub.requestVote(RaftServerProtocolServiceGrpc.java:265)
	at org.apache.ratis.grpc.server.GrpcServerProtocolClient.requestVote(GrpcServerProtocolClient.java:90)
	at org.apache.ratis.grpc.server.GrpcService.requestVote(GrpcService.java:204)
	at org.apache.ratis.server.impl.LeaderElection.lambda$submitRequests$1(LeaderElection.java:238)
	at java.util.concurrent.FutureTask.run(FutureTask.java:266)
	at java.util.concurrent.Executors$RunnableAdapter.call(Executors.java:511)
	at java.util.concurrent.FutureTask.run(FutureTask.java:266)
	at java.util.concurrent.ThreadPoolExecutor.runWorker(ThreadPoolExecutor.java:1149)
	at java.util.concurrent.ThreadPoolExecutor$Worker.run(ThreadPoolExecutor.java:624)
	... 1 more
Caused by: org.apache.ratis.thirdparty.io.netty.channel.AbstractChannel$AnnotatedConnectException: Connection refused: /192.168.151.109:43601
	at sun.nio.ch.SocketChannelImpl.checkConnect(Native Method)
	at sun.nio.ch.SocketChannelImpl.finishConnect(SocketChannelImpl.java:717)
	at org.apache.ratis.thirdparty.io.netty.channel.socket.nio.NioSocketChannel.doFinishConnect(NioSocketChannel.java:327)
	at org.apache.ratis.thirdparty.io.netty.channel.nio.AbstractNioChannel$AbstractNioUnsafe.finishConnect(AbstractNioChannel.java:340)
	at org.apache.ratis.thirdparty.io.netty.channel.nio.NioEventLoop.processSelectedKey(NioEventLoop.java:632)
	at org.apache.ratis.thirdparty.io.netty.channel.nio.NioEventLoop.processSelectedKeysOptimized(NioEventLoop.java:579)
	at org.apache.ratis.thirdparty.io.netty.channel.nio.NioEventLoop.processSelectedKeys(NioEventLoop.java:496)
	at org.apache.ratis.thirdparty.io.netty.channel.nio.NioEventLoop.run(NioEventLoop.java:458)
	at org.apache.ratis.thirdparty.io.netty.util.concurrent.SingleThreadEventExecutor$5.run(SingleThreadEventExecutor.java:897)
	at org.apache.ratis.thirdparty.io.netty.util.concurrent.FastThreadLocalRunnable.run(FastThreadLocalRunnable.java:30)
	... 1 more
Caused by: java.net.ConnectException: Connection refused
	... 11 more
2019-09-26 20:40:00,580 [23e65fe1-92f4-4d18-88b6-12afdf835ab8@group-76B709B113E4:LeaderElection38] INFO  impl.RoleInfo (RoleInfo.java:shutdownLeaderElection(134)) - 23e65fe1-92f4-4d18-88b6-12afdf835ab8: shutdown LeaderElection
2019-09-26 20:40:00,581 [23e65fe1-92f4-4d18-88b6-12afdf835ab8@group-76B709B113E4:LeaderElection38] INFO  impl.RaftServerImpl (RaftServerImpl.java:setRole(174)) - 23e65fe1-92f4-4d18-88b6-12afdf835ab8@group-76B709B113E4: changes role from CANDIDATE to LEADER at term 2 for changeToLeader
2019-09-26 20:40:00,581 [23e65fe1-92f4-4d18-88b6-12afdf835ab8@group-76B709B113E4:LeaderElection38] INFO  impl.RaftServerImpl (ServerState.java:setLeader(253)) - 23e65fe1-92f4-4d18-88b6-12afdf835ab8@group-76B709B113E4: change Leader from null to 23e65fe1-92f4-4d18-88b6-12afdf835ab8 at term 2 for becomeLeader, leader elected after 37ms
2019-09-26 20:40:00,581 [23e65fe1-92f4-4d18-88b6-12afdf835ab8@group-76B709B113E4:LeaderElection38] INFO  server.RaftServerConfigKeys (ConfUtils.java:logGet(43)) - raft.server.staging.catchup.gap = 1000 (default)
2019-09-26 20:40:00,581 [23e65fe1-92f4-4d18-88b6-12afdf835ab8@group-76B709B113E4:LeaderElection38] INFO  server.RaftServerConfigKeys (ConfUtils.java:logGet(43)) - raft.server.rpc.sleep.time = 25ms (default)
2019-09-26 20:40:00,581 [23e65fe1-92f4-4d18-88b6-12afdf835ab8@group-76B709B113E4:LeaderElection38] INFO  server.RaftServerConfigKeys (ConfUtils.java:logGet(43)) - raft.server.write.element-limit = 4096 (default)
2019-09-26 20:40:00,581 [23e65fe1-92f4-4d18-88b6-12afdf835ab8@group-76B709B113E4:LeaderElection38] INFO  server.RaftServerConfigKeys (ConfUtils.java:logGet(43)) - raft.server.watch.timeout = 10s (default)
2019-09-26 20:40:00,582 [23e65fe1-92f4-4d18-88b6-12afdf835ab8@group-76B709B113E4:LeaderElection38] INFO  server.RaftServerConfigKeys (ConfUtils.java:logGet(43)) - raft.server.watch.timeout.denomination = 1s (default)
2019-09-26 20:40:00,582 [23e65fe1-92f4-4d18-88b6-12afdf835ab8@group-76B709B113E4:LeaderElection38] INFO  server.RaftServerConfigKeys (ConfUtils.java:logGet(43)) - raft.server.watch.element-limit = 65536 (default)
2019-09-26 20:40:00,585 [23e65fe1-92f4-4d18-88b6-12afdf835ab8@group-76B709B113E4:LeaderElection38] INFO  server.RaftServerConfigKeys (ConfUtils.java:logGet(43)) - raft.server.log.appender.snapshot.chunk.size.max = 16MB (=16777216) (default)
2019-09-26 20:40:00,585 [23e65fe1-92f4-4d18-88b6-12afdf835ab8@group-76B709B113E4:LeaderElection38] INFO  server.RaftServerConfigKeys (ConfUtils.java:logGet(43)) - raft.server.log.appender.buffer.byte-limit = 33554432 (custom)
2019-09-26 20:40:00,586 [23e65fe1-92f4-4d18-88b6-12afdf835ab8@group-76B709B113E4:LeaderElection38] INFO  server.RaftServerConfigKeys (ConfUtils.java:logGet(43)) - raft.server.log.appender.buffer.element-limit = 1 (custom)
2019-09-26 20:40:00,586 [23e65fe1-92f4-4d18-88b6-12afdf835ab8@group-76B709B113E4:LeaderElection38] INFO  grpc.GrpcConfigKeys$Server (ConfUtils.java:logGet(43)) - raft.grpc.server.leader.outstanding.appends.max = 128 (default)
2019-09-26 20:40:00,586 [23e65fe1-92f4-4d18-88b6-12afdf835ab8@group-76B709B113E4:LeaderElection38] INFO  server.RaftServerConfigKeys (ConfUtils.java:logGet(43)) - raft.server.rpc.request.timeout = 3000ms (default)
2019-09-26 20:40:00,586 [23e65fe1-92f4-4d18-88b6-12afdf835ab8@group-76B709B113E4:LeaderElection38] INFO  server.RaftServerConfigKeys (ConfUtils.java:logGet(43)) - raft.server.log.appender.install.snapshot.enabled = false (custom)
2019-09-26 20:40:00,587 [23e65fe1-92f4-4d18-88b6-12afdf835ab8@group-76B709B113E4:LeaderElection38] INFO  server.RaftServerConfigKeys (ConfUtils.java:logGet(43)) - raft.server.log.appender.snapshot.chunk.size.max = 16MB (=16777216) (default)
2019-09-26 20:40:00,587 [23e65fe1-92f4-4d18-88b6-12afdf835ab8@group-76B709B113E4:LeaderElection38] INFO  server.RaftServerConfigKeys (ConfUtils.java:logGet(43)) - raft.server.log.appender.buffer.byte-limit = 33554432 (custom)
2019-09-26 20:40:00,587 [23e65fe1-92f4-4d18-88b6-12afdf835ab8@group-76B709B113E4:LeaderElection38] INFO  server.RaftServerConfigKeys (ConfUtils.java:logGet(43)) - raft.server.log.appender.buffer.element-limit = 1 (custom)
2019-09-26 20:40:00,587 [23e65fe1-92f4-4d18-88b6-12afdf835ab8@group-76B709B113E4:LeaderElection38] INFO  grpc.GrpcConfigKeys$Server (ConfUtils.java:logGet(43)) - raft.grpc.server.leader.outstanding.appends.max = 128 (default)
2019-09-26 20:40:00,587 [23e65fe1-92f4-4d18-88b6-12afdf835ab8@group-76B709B113E4:LeaderElection38] INFO  server.RaftServerConfigKeys (ConfUtils.java:logGet(43)) - raft.server.rpc.request.timeout = 3000ms (default)
2019-09-26 20:40:00,587 [23e65fe1-92f4-4d18-88b6-12afdf835ab8@group-76B709B113E4:LeaderElection38] INFO  server.RaftServerConfigKeys (ConfUtils.java:logGet(43)) - raft.server.log.appender.install.snapshot.enabled = false (custom)
2019-09-26 20:40:00,588 [23e65fe1-92f4-4d18-88b6-12afdf835ab8@group-76B709B113E4:LeaderElection38] INFO  impl.RoleInfo (RoleInfo.java:updateAndGet(143)) - 23e65fe1-92f4-4d18-88b6-12afdf835ab8: start LeaderState
2019-09-26 20:40:00,588 [23e65fe1-92f4-4d18-88b6-12afdf835ab8@group-76B709B113E4:LeaderElection38] INFO  segmented.SegmentedRaftLogWorker (SegmentedRaftLogWorker.java:rollLogSegment(385)) - 23e65fe1-92f4-4d18-88b6-12afdf835ab8@group-76B709B113E4-SegmentedRaftLogWorker: Rolling segment log-0_0 to index:0
2019-09-26 20:40:00,589 [23e65fe1-92f4-4d18-88b6-12afdf835ab8@group-76B709B113E4-SegmentedRaftLogWorker] INFO  segmented.SegmentedRaftLogWorker (SegmentedRaftLogWorker.java:execute(526)) - 23e65fe1-92f4-4d18-88b6-12afdf835ab8@group-76B709B113E4-SegmentedRaftLogWorker: Rolled log segment from /workdir/hadoop-ozone/integration-test/target/test-dir/MiniOzoneClusterImpl-6cd5981c-8f90-4fde-9f17-131d20e6bdb9/datanode-4/data/ratis/54ac51f9-3045-400d-b1ac-76b709b113e4/current/log_inprogress_0 to /workdir/hadoop-ozone/integration-test/target/test-dir/MiniOzoneClusterImpl-6cd5981c-8f90-4fde-9f17-131d20e6bdb9/datanode-4/data/ratis/54ac51f9-3045-400d-b1ac-76b709b113e4/current/log_0-0
2019-09-26 20:40:00,593 [grpc-default-executor-0] WARN  server.GrpcLogAppender (LogUtils.java:warn(134)) - 23e65fe1-92f4-4d18-88b6-12afdf835ab8@group-76B709B113E4->983810e7-c78f-49e0-935f-b72803bc8b97-AppendLogResponseHandler: Failed appendEntries: org.apache.ratis.thirdparty.io.grpc.StatusRuntimeException: UNAVAILABLE: io exception
2019-09-26 20:40:00,592 [23e65fe1-92f4-4d18-88b6-12afdf835ab8@group-76B709B113E4:LeaderElection38] INFO  impl.RaftServerImpl (ServerState.java:setRaftConf(354)) - 23e65fe1-92f4-4d18-88b6-12afdf835ab8@group-76B709B113E4: set configuration 1: [23e65fe1-92f4-4d18-88b6-12afdf835ab8:192.168.151.109:46202, 305abc0e-94f4-41ec-8295-15d4a445dbbe:192.168.151.109:45835, 983810e7-c78f-49e0-935f-b72803bc8b97:192.168.151.109:43601], old=null at 1
2019-09-26 20:40:00,597 [grpc-default-executor-0] INFO  impl.FollowerInfo (FollowerInfo.java:lambda$new$0(51)) - 23e65fe1-92f4-4d18-88b6-12afdf835ab8@group-76B709B113E4->983810e7-c78f-49e0-935f-b72803bc8b97: nextIndex: updateUnconditionally 1 -> 0
2019-09-26 20:40:00,634 [grpc-default-executor-0] INFO  impl.RaftServerImpl (ServerState.java:setLeader(253)) - 305abc0e-94f4-41ec-8295-15d4a445dbbe@group-76B709B113E4: change Leader from null to 23e65fe1-92f4-4d18-88b6-12afdf835ab8 at term 2 for appendEntries, leader elected after 71ms
2019-09-26 20:40:00,636 [grpc-default-executor-0] INFO  impl.RaftServerImpl (ServerState.java:setRaftConf(354)) - 305abc0e-94f4-41ec-8295-15d4a445dbbe@group-76B709B113E4: set configuration 1: [23e65fe1-92f4-4d18-88b6-12afdf835ab8:192.168.151.109:46202, 305abc0e-94f4-41ec-8295-15d4a445dbbe:192.168.151.109:45835, 983810e7-c78f-49e0-935f-b72803bc8b97:192.168.151.109:43601], old=null at 1
2019-09-26 20:40:00,636 [grpc-default-executor-0] INFO  segmented.SegmentedRaftLogWorker (SegmentedRaftLogWorker.java:rollLogSegment(385)) - 305abc0e-94f4-41ec-8295-15d4a445dbbe@group-76B709B113E4-SegmentedRaftLogWorker: Rolling segment log-0_0 to index:0
2019-09-26 20:40:00,637 [305abc0e-94f4-41ec-8295-15d4a445dbbe@group-76B709B113E4-SegmentedRaftLogWorker] INFO  segmented.SegmentedRaftLogWorker (SegmentedRaftLogWorker.java:execute(526)) - 305abc0e-94f4-41ec-8295-15d4a445dbbe@group-76B709B113E4-SegmentedRaftLogWorker: Rolled log segment from /workdir/hadoop-ozone/integration-test/target/test-dir/MiniOzoneClusterImpl-6cd5981c-8f90-4fde-9f17-131d20e6bdb9/datanode-5/data/ratis/54ac51f9-3045-400d-b1ac-76b709b113e4/current/log_inprogress_0 to /workdir/hadoop-ozone/integration-test/target/test-dir/MiniOzoneClusterImpl-6cd5981c-8f90-4fde-9f17-131d20e6bdb9/datanode-5/data/ratis/54ac51f9-3045-400d-b1ac-76b709b113e4/current/log_0-0
2019-09-26 20:40:00,647 [23e65fe1-92f4-4d18-88b6-12afdf835ab8@group-76B709B113E4-SegmentedRaftLogWorker] INFO  segmented.SegmentedRaftLogWorker (SegmentedRaftLogWorker.java:execute(569)) - 23e65fe1-92f4-4d18-88b6-12afdf835ab8@group-76B709B113E4-SegmentedRaftLogWorker: created new log segment /workdir/hadoop-ozone/integration-test/target/test-dir/MiniOzoneClusterImpl-6cd5981c-8f90-4fde-9f17-131d20e6bdb9/datanode-4/data/ratis/54ac51f9-3045-400d-b1ac-76b709b113e4/current/log_inprogress_1
2019-09-26 20:40:00,675 [305abc0e-94f4-41ec-8295-15d4a445dbbe@group-76B709B113E4-SegmentedRaftLogWorker] INFO  segmented.SegmentedRaftLogWorker (SegmentedRaftLogWorker.java:execute(569)) - 305abc0e-94f4-41ec-8295-15d4a445dbbe@group-76B709B113E4-SegmentedRaftLogWorker: created new log segment /workdir/hadoop-ozone/integration-test/target/test-dir/MiniOzoneClusterImpl-6cd5981c-8f90-4fde-9f17-131d20e6bdb9/datanode-5/data/ratis/54ac51f9-3045-400d-b1ac-76b709b113e4/current/log_inprogress_1
2019-09-26 20:40:00,695 [grpc-default-executor-3] WARN  server.GrpcLogAppender (LogUtils.java:warn(134)) - 23e65fe1-92f4-4d18-88b6-12afdf835ab8@group-76B709B113E4->983810e7-c78f-49e0-935f-b72803bc8b97-AppendLogResponseHandler: Failed appendEntries: org.apache.ratis.thirdparty.io.grpc.StatusRuntimeException: UNAVAILABLE: io exception
2019-09-26 20:40:00,696 [grpc-default-executor-3] INFO  impl.FollowerInfo (FollowerInfo.java:lambda$new$0(51)) - 23e65fe1-92f4-4d18-88b6-12afdf835ab8@group-76B709B113E4->983810e7-c78f-49e0-935f-b72803bc8b97: nextIndex: updateUnconditionally 1 -> 0
2019-09-26 20:40:00,704 [grpc-default-executor-0] WARN  server.GrpcLogAppender (LogUtils.java:warn(134)) - 23e65fe1-92f4-4d18-88b6-12afdf835ab8@group-76B709B113E4->983810e7-c78f-49e0-935f-b72803bc8b97-AppendLogResponseHandler: Failed appendEntries: org.apache.ratis.thirdparty.io.grpc.StatusRuntimeException: UNAVAILABLE: io exception
2019-09-26 20:40:00,705 [grpc-default-executor-0] INFO  impl.FollowerInfo (FollowerInfo.java:lambda$new$0(51)) - 23e65fe1-92f4-4d18-88b6-12afdf835ab8@group-76B709B113E4->983810e7-c78f-49e0-935f-b72803bc8b97: nextIndex: updateUnconditionally 1 -> 0
2019-09-26 20:40:00,929 [grpc-default-executor-4] WARN  server.GrpcLogAppender (LogUtils.java:warn(134)) - 789644c6-b1e7-452a-be32-1d295418bb68@group-E2B3CFB2BAD3->941e0be9-b5d2-45a7-942a-524150895db1-AppendLogResponseHandler: Failed appendEntries: org.apache.ratis.thirdparty.io.grpc.StatusRuntimeException: UNAVAILABLE: io exception
2019-09-26 20:40:00,930 [grpc-default-executor-4] INFO  impl.FollowerInfo (FollowerInfo.java:lambda$new$0(51)) - 789644c6-b1e7-452a-be32-1d295418bb68@group-E2B3CFB2BAD3->941e0be9-b5d2-45a7-942a-524150895db1: nextIndex: updateUnconditionally 0 -> 0
2019-09-26 20:40:01,208 [grpc-default-executor-0] WARN  server.GrpcLogAppender (LogUtils.java:warn(134)) - 23e65fe1-92f4-4d18-88b6-12afdf835ab8@group-76B709B113E4->983810e7-c78f-49e0-935f-b72803bc8b97-AppendLogResponseHandler: Failed appendEntries: org.apache.ratis.thirdparty.io.grpc.StatusRuntimeException: UNAVAILABLE: io exception
2019-09-26 20:40:01,208 [grpc-default-executor-0] INFO  impl.FollowerInfo (FollowerInfo.java:lambda$new$0(51)) - 23e65fe1-92f4-4d18-88b6-12afdf835ab8@group-76B709B113E4->983810e7-c78f-49e0-935f-b72803bc8b97: nextIndex: updateUnconditionally 0 -> 0
2019-09-26 20:40:01,430 [grpc-default-executor-3] WARN  server.GrpcLogAppender (LogUtils.java:warn(134)) - 789644c6-b1e7-452a-be32-1d295418bb68@group-E2B3CFB2BAD3->941e0be9-b5d2-45a7-942a-524150895db1-AppendLogResponseHandler: Failed appendEntries: org.apache.ratis.thirdparty.io.grpc.StatusRuntimeException: UNAVAILABLE: io exception
2019-09-26 20:40:01,430 [grpc-default-executor-3] INFO  impl.FollowerInfo (FollowerInfo.java:lambda$new$0(51)) - 789644c6-b1e7-452a-be32-1d295418bb68@group-E2B3CFB2BAD3->941e0be9-b5d2-45a7-942a-524150895db1: nextIndex: updateUnconditionally 0 -> 0
2019-09-26 20:40:01,708 [grpc-default-executor-3] WARN  server.GrpcLogAppender (LogUtils.java:warn(134)) - 23e65fe1-92f4-4d18-88b6-12afdf835ab8@group-76B709B113E4->983810e7-c78f-49e0-935f-b72803bc8b97-AppendLogResponseHandler: Failed appendEntries: org.apache.ratis.thirdparty.io.grpc.StatusRuntimeException: UNAVAILABLE: io exception
2019-09-26 20:40:01,708 [grpc-default-executor-3] INFO  impl.FollowerInfo (FollowerInfo.java:lambda$new$0(51)) - 23e65fe1-92f4-4d18-88b6-12afdf835ab8@group-76B709B113E4->983810e7-c78f-49e0-935f-b72803bc8b97: nextIndex: updateUnconditionally 0 -> 0
2019-09-26 20:40:01,930 [grpc-default-executor-3] WARN  server.GrpcLogAppender (LogUtils.java:warn(134)) - 789644c6-b1e7-452a-be32-1d295418bb68@group-E2B3CFB2BAD3->941e0be9-b5d2-45a7-942a-524150895db1-AppendLogResponseHandler: Failed appendEntries: org.apache.ratis.thirdparty.io.grpc.StatusRuntimeException: UNAVAILABLE: io exception
2019-09-26 20:40:01,930 [grpc-default-executor-3] INFO  impl.FollowerInfo (FollowerInfo.java:lambda$new$0(51)) - 789644c6-b1e7-452a-be32-1d295418bb68@group-E2B3CFB2BAD3->941e0be9-b5d2-45a7-942a-524150895db1: nextIndex: updateUnconditionally 0 -> 0
2019-09-26 20:40:02,209 [grpc-default-executor-4] WARN  server.GrpcLogAppender (LogUtils.java:warn(134)) - 23e65fe1-92f4-4d18-88b6-12afdf835ab8@group-76B709B113E4->983810e7-c78f-49e0-935f-b72803bc8b97-AppendLogResponseHandler: Failed appendEntries: org.apache.ratis.thirdparty.io.grpc.StatusRuntimeException: UNAVAILABLE: io exception
2019-09-26 20:40:02,209 [grpc-default-executor-4] INFO  impl.FollowerInfo (FollowerInfo.java:lambda$new$0(51)) - 23e65fe1-92f4-4d18-88b6-12afdf835ab8@group-76B709B113E4->983810e7-c78f-49e0-935f-b72803bc8b97: nextIndex: updateUnconditionally 0 -> 0
2019-09-26 20:40:02,432 [grpc-default-executor-4] WARN  server.GrpcLogAppender (LogUtils.java:warn(134)) - 789644c6-b1e7-452a-be32-1d295418bb68@group-E2B3CFB2BAD3->941e0be9-b5d2-45a7-942a-524150895db1-AppendLogResponseHandler: Failed appendEntries: org.apache.ratis.thirdparty.io.grpc.StatusRuntimeException: UNAVAILABLE: io exception
2019-09-26 20:40:02,432 [grpc-default-executor-4] INFO  impl.FollowerInfo (FollowerInfo.java:lambda$new$0(51)) - 789644c6-b1e7-452a-be32-1d295418bb68@group-E2B3CFB2BAD3->941e0be9-b5d2-45a7-942a-524150895db1: nextIndex: updateUnconditionally 0 -> 0
2019-09-26 20:40:02,710 [grpc-default-executor-3] WARN  server.GrpcLogAppender (LogUtils.java:warn(134)) - 23e65fe1-92f4-4d18-88b6-12afdf835ab8@group-76B709B113E4->983810e7-c78f-49e0-935f-b72803bc8b97-AppendLogResponseHandler: Failed appendEntries: org.apache.ratis.thirdparty.io.grpc.StatusRuntimeException: UNAVAILABLE: io exception
2019-09-26 20:40:02,710 [grpc-default-executor-3] INFO  impl.FollowerInfo (FollowerInfo.java:lambda$new$0(51)) - 23e65fe1-92f4-4d18-88b6-12afdf835ab8@group-76B709B113E4->983810e7-c78f-49e0-935f-b72803bc8b97: nextIndex: updateUnconditionally 0 -> 0
2019-09-26 20:40:02,933 [grpc-default-executor-4] WARN  server.GrpcLogAppender (LogUtils.java:warn(134)) - 789644c6-b1e7-452a-be32-1d295418bb68@group-E2B3CFB2BAD3->941e0be9-b5d2-45a7-942a-524150895db1-AppendLogResponseHandler: Failed appendEntries: org.apache.ratis.thirdparty.io.grpc.StatusRuntimeException: UNAVAILABLE: io exception
2019-09-26 20:40:02,933 [grpc-default-executor-4] INFO  impl.FollowerInfo (FollowerInfo.java:lambda$new$0(51)) - 789644c6-b1e7-452a-be32-1d295418bb68@group-E2B3CFB2BAD3->941e0be9-b5d2-45a7-942a-524150895db1: nextIndex: updateUnconditionally 0 -> 0
2019-09-26 20:40:03,211 [grpc-default-executor-0] WARN  server.GrpcLogAppender (LogUtils.java:warn(134)) - 23e65fe1-92f4-4d18-88b6-12afdf835ab8@group-76B709B113E4->983810e7-c78f-49e0-935f-b72803bc8b97-AppendLogResponseHandler: Failed appendEntries: org.apache.ratis.thirdparty.io.grpc.StatusRuntimeException: UNAVAILABLE: io exception
2019-09-26 20:40:03,211 [grpc-default-executor-0] INFO  impl.FollowerInfo (FollowerInfo.java:lambda$new$0(51)) - 23e65fe1-92f4-4d18-88b6-12afdf835ab8@group-76B709B113E4->983810e7-c78f-49e0-935f-b72803bc8b97: nextIndex: updateUnconditionally 0 -> 0
2019-09-26 20:40:03,434 [grpc-default-executor-4] WARN  server.GrpcLogAppender (LogUtils.java:warn(134)) - 789644c6-b1e7-452a-be32-1d295418bb68@group-E2B3CFB2BAD3->941e0be9-b5d2-45a7-942a-524150895db1-AppendLogResponseHandler: Failed appendEntries: org.apache.ratis.thirdparty.io.grpc.StatusRuntimeException: UNAVAILABLE: io exception
2019-09-26 20:40:03,434 [grpc-default-executor-4] INFO  impl.FollowerInfo (FollowerInfo.java:lambda$new$0(51)) - 789644c6-b1e7-452a-be32-1d295418bb68@group-E2B3CFB2BAD3->941e0be9-b5d2-45a7-942a-524150895db1: nextIndex: updateUnconditionally 0 -> 0
2019-09-26 20:40:03,714 [grpc-default-executor-3] WARN  server.GrpcLogAppender (LogUtils.java:warn(134)) - 23e65fe1-92f4-4d18-88b6-12afdf835ab8@group-76B709B113E4->983810e7-c78f-49e0-935f-b72803bc8b97-AppendLogResponseHandler: Failed appendEntries: org.apache.ratis.thirdparty.io.grpc.StatusRuntimeException: UNAVAILABLE: io exception
2019-09-26 20:40:03,714 [grpc-default-executor-3] INFO  impl.FollowerInfo (FollowerInfo.java:lambda$new$0(51)) - 23e65fe1-92f4-4d18-88b6-12afdf835ab8@group-76B709B113E4->983810e7-c78f-49e0-935f-b72803bc8b97: nextIndex: updateUnconditionally 0 -> 0
2019-09-26 20:40:03,935 [grpc-default-executor-0] WARN  server.GrpcLogAppender (LogUtils.java:warn(134)) - 789644c6-b1e7-452a-be32-1d295418bb68@group-E2B3CFB2BAD3->941e0be9-b5d2-45a7-942a-524150895db1-AppendLogResponseHandler: Failed appendEntries: org.apache.ratis.thirdparty.io.grpc.StatusRuntimeException: UNAVAILABLE: io exception
2019-09-26 20:40:03,935 [grpc-default-executor-0] INFO  impl.FollowerInfo (FollowerInfo.java:lambda$new$0(51)) - 789644c6-b1e7-452a-be32-1d295418bb68@group-E2B3CFB2BAD3->941e0be9-b5d2-45a7-942a-524150895db1: nextIndex: updateUnconditionally 0 -> 0
2019-09-26 20:40:04,212 [grpc-default-executor-4] WARN  server.GrpcLogAppender (LogUtils.java:warn(134)) - 23e65fe1-92f4-4d18-88b6-12afdf835ab8@group-76B709B113E4->983810e7-c78f-49e0-935f-b72803bc8b97-AppendLogResponseHandler: Failed appendEntries: org.apache.ratis.thirdparty.io.grpc.StatusRuntimeException: UNAVAILABLE: io exception
2019-09-26 20:40:04,213 [grpc-default-executor-4] INFO  impl.FollowerInfo (FollowerInfo.java:lambda$new$0(51)) - 23e65fe1-92f4-4d18-88b6-12afdf835ab8@group-76B709B113E4->983810e7-c78f-49e0-935f-b72803bc8b97: nextIndex: updateUnconditionally 0 -> 0
2019-09-26 20:40:04,435 [grpc-default-executor-4] WARN  server.GrpcLogAppender (LogUtils.java:warn(134)) - 789644c6-b1e7-452a-be32-1d295418bb68@group-E2B3CFB2BAD3->941e0be9-b5d2-45a7-942a-524150895db1-AppendLogResponseHandler: Failed appendEntries: org.apache.ratis.thirdparty.io.grpc.StatusRuntimeException: UNAVAILABLE: io exception
2019-09-26 20:40:04,436 [grpc-default-executor-4] INFO  impl.FollowerInfo (FollowerInfo.java:lambda$new$0(51)) - 789644c6-b1e7-452a-be32-1d295418bb68@group-E2B3CFB2BAD3->941e0be9-b5d2-45a7-942a-524150895db1: nextIndex: updateUnconditionally 0 -> 0
2019-09-26 20:40:04,649 [ForkJoinPool.commonPool-worker-0] INFO  ozoneimpl.OzoneContainer (OzoneContainer.java:stop(231)) - Attempting to stop container services.
2019-09-26 20:40:04,649 [main] INFO  ozoneimpl.OzoneContainer (OzoneContainer.java:stop(231)) - Attempting to stop container services.
2019-09-26 20:40:04,649 [ForkJoinPool.commonPool-worker-0] INFO  impl.RaftServerProxy (RaftServerProxy.java:lambda$close$4(314)) - e791874c-b2f4-4f7f-9315-0432fb0d59cd: close
2019-09-26 20:40:04,650 [main] INFO  impl.RaftServerProxy (RaftServerProxy.java:lambda$close$4(314)) - 305abc0e-94f4-41ec-8295-15d4a445dbbe: close
2019-09-26 20:40:04,650 [ForkJoinPool.commonPool-worker-0] INFO  impl.RaftServerImpl (RaftServerImpl.java:lambda$shutdown$3(251)) - e791874c-b2f4-4f7f-9315-0432fb0d59cd@group-B369B74B4EB4: shutdown
2019-09-26 20:40:04,650 [main] INFO  impl.RaftServerImpl (RaftServerImpl.java:lambda$shutdown$3(251)) - 305abc0e-94f4-41ec-8295-15d4a445dbbe@group-76B709B113E4: shutdown
2019-09-26 20:40:04,651 [ForkJoinPool.commonPool-worker-0] INFO  util.JmxRegister (JmxRegister.java:unregister(73)) - Successfully un-registered JMX Bean with object name Ratis:service=RaftServer,group=group-B369B74B4EB4,id=e791874c-b2f4-4f7f-9315-0432fb0d59cd
2019-09-26 20:40:04,651 [main] INFO  util.JmxRegister (JmxRegister.java:unregister(73)) - Successfully un-registered JMX Bean with object name Ratis:service=RaftServer,group=group-76B709B113E4,id=305abc0e-94f4-41ec-8295-15d4a445dbbe
2019-09-26 20:40:04,652 [main] INFO  impl.RoleInfo (RoleInfo.java:shutdownFollowerState(121)) - 305abc0e-94f4-41ec-8295-15d4a445dbbe: shutdown FollowerState
2019-09-26 20:40:04,652 [main] INFO  impl.StateMachineUpdater (StateMachineUpdater.java:stopAndJoin(125)) - 305abc0e-94f4-41ec-8295-15d4a445dbbe@group-76B709B113E4-StateMachineUpdater: set stopIndex = 2
2019-09-26 20:40:04,653 [main] INFO  impl.RaftServerImpl (ServerState.java:close(385)) - 305abc0e-94f4-41ec-8295-15d4a445dbbe@group-76B709B113E4: closes. applyIndex: 2
2019-09-26 20:40:04,651 [ForkJoinPool.commonPool-worker-0] INFO  impl.RoleInfo (RoleInfo.java:shutdownLeaderState(104)) - e791874c-b2f4-4f7f-9315-0432fb0d59cd: shutdown LeaderState
2019-09-26 20:40:04,653 [305abc0e-94f4-41ec-8295-15d4a445dbbe@group-76B709B113E4-SegmentedRaftLogWorker] INFO  segmented.SegmentedRaftLogWorker (SegmentedRaftLogWorker.java:run(313)) - 305abc0e-94f4-41ec-8295-15d4a445dbbe@group-76B709B113E4-SegmentedRaftLogWorker was interrupted, exiting. There are 0 tasks remaining in the queue.
2019-09-26 20:40:04,653 [Thread-3162] INFO  impl.FollowerState (FollowerState.java:run(115)) - 305abc0e-94f4-41ec-8295-15d4a445dbbe: FollowerState was interrupted: java.lang.InterruptedException: sleep interrupted
2019-09-26 20:40:04,656 [main] INFO  segmented.SegmentedRaftLogWorker (SegmentedRaftLogWorker.java:close(228)) - 305abc0e-94f4-41ec-8295-15d4a445dbbe@group-76B709B113E4-SegmentedRaftLogWorker close()
2019-09-26 20:40:04,654 [ForkJoinPool.commonPool-worker-0] INFO  impl.PendingRequests (PendingRequests.java:sendNotLeaderResponses(202)) - e791874c-b2f4-4f7f-9315-0432fb0d59cd-PendingRequests: sendNotLeaderResponses
2019-09-26 20:40:04,661 [main] INFO  impl.RaftServerImpl (RaftServerImpl.java:lambda$shutdown$3(251)) - 305abc0e-94f4-41ec-8295-15d4a445dbbe@group-74E6AE6B3430: shutdown
2019-09-26 20:40:04,661 [ForkJoinPool.commonPool-worker-0] INFO  impl.StateMachineUpdater (StateMachineUpdater.java:stopAndJoin(125)) - e791874c-b2f4-4f7f-9315-0432fb0d59cd@group-B369B74B4EB4-StateMachineUpdater: set stopIndex = 0
2019-09-26 20:40:04,661 [main] INFO  util.JmxRegister (JmxRegister.java:unregister(73)) - Successfully un-registered JMX Bean with object name Ratis:service=RaftServer,group=group-74E6AE6B3430,id=305abc0e-94f4-41ec-8295-15d4a445dbbe
2019-09-26 20:40:04,662 [ForkJoinPool.commonPool-worker-0] INFO  impl.RaftServerImpl (ServerState.java:close(385)) - e791874c-b2f4-4f7f-9315-0432fb0d59cd@group-B369B74B4EB4: closes. applyIndex: 0
2019-09-26 20:40:04,662 [main] INFO  impl.RoleInfo (RoleInfo.java:shutdownLeaderState(104)) - 305abc0e-94f4-41ec-8295-15d4a445dbbe: shutdown LeaderState
2019-09-26 20:40:04,663 [e791874c-b2f4-4f7f-9315-0432fb0d59cd@group-B369B74B4EB4-SegmentedRaftLogWorker] INFO  segmented.SegmentedRaftLogWorker (SegmentedRaftLogWorker.java:run(313)) - e791874c-b2f4-4f7f-9315-0432fb0d59cd@group-B369B74B4EB4-SegmentedRaftLogWorker was interrupted, exiting. There are 0 tasks remaining in the queue.
2019-09-26 20:40:04,663 [main] INFO  impl.PendingRequests (PendingRequests.java:sendNotLeaderResponses(202)) - 305abc0e-94f4-41ec-8295-15d4a445dbbe-PendingRequests: sendNotLeaderResponses
2019-09-26 20:40:04,665 [ForkJoinPool.commonPool-worker-0] INFO  segmented.SegmentedRaftLogWorker (SegmentedRaftLogWorker.java:close(228)) - e791874c-b2f4-4f7f-9315-0432fb0d59cd@group-B369B74B4EB4-SegmentedRaftLogWorker close()
2019-09-26 20:40:04,665 [main] INFO  impl.StateMachineUpdater (StateMachineUpdater.java:stopAndJoin(125)) - 305abc0e-94f4-41ec-8295-15d4a445dbbe@group-74E6AE6B3430-StateMachineUpdater: set stopIndex = 0
2019-09-26 20:40:04,667 [ForkJoinPool.commonPool-worker-0] INFO  impl.RaftServerImpl (RaftServerImpl.java:lambda$shutdown$3(251)) - e791874c-b2f4-4f7f-9315-0432fb0d59cd@group-E2B3CFB2BAD3: shutdown
2019-09-26 20:40:04,667 [main] INFO  impl.RaftServerImpl (ServerState.java:close(385)) - 305abc0e-94f4-41ec-8295-15d4a445dbbe@group-74E6AE6B3430: closes. applyIndex: 0
2019-09-26 20:40:04,668 [ForkJoinPool.commonPool-worker-0] INFO  util.JmxRegister (JmxRegister.java:unregister(73)) - Successfully un-registered JMX Bean with object name Ratis:service=RaftServer,group=group-E2B3CFB2BAD3,id=e791874c-b2f4-4f7f-9315-0432fb0d59cd
2019-09-26 20:40:04,669 [305abc0e-94f4-41ec-8295-15d4a445dbbe@group-74E6AE6B3430-SegmentedRaftLogWorker] INFO  segmented.SegmentedRaftLogWorker (SegmentedRaftLogWorker.java:run(313)) - 305abc0e-94f4-41ec-8295-15d4a445dbbe@group-74E6AE6B3430-SegmentedRaftLogWorker was interrupted, exiting. There are 0 tasks remaining in the queue.
2019-09-26 20:40:04,669 [ForkJoinPool.commonPool-worker-0] INFO  impl.RoleInfo (RoleInfo.java:shutdownFollowerState(121)) - e791874c-b2f4-4f7f-9315-0432fb0d59cd: shutdown FollowerState
2019-09-26 20:40:04,671 [main] INFO  segmented.SegmentedRaftLogWorker (SegmentedRaftLogWorker.java:close(228)) - 305abc0e-94f4-41ec-8295-15d4a445dbbe@group-74E6AE6B3430-SegmentedRaftLogWorker close()
2019-09-26 20:40:04,671 [Thread-3150] INFO  impl.FollowerState (FollowerState.java:run(115)) - e791874c-b2f4-4f7f-9315-0432fb0d59cd: FollowerState was interrupted: java.lang.InterruptedException: sleep interrupted
2019-09-26 20:40:04,671 [ForkJoinPool.commonPool-worker-0] INFO  impl.StateMachineUpdater (StateMachineUpdater.java:stopAndJoin(125)) - e791874c-b2f4-4f7f-9315-0432fb0d59cd@group-E2B3CFB2BAD3-StateMachineUpdater: set stopIndex = 2
2019-09-26 20:40:04,675 [ForkJoinPool.commonPool-worker-0] INFO  impl.RaftServerImpl (ServerState.java:close(385)) - e791874c-b2f4-4f7f-9315-0432fb0d59cd@group-E2B3CFB2BAD3: closes. applyIndex: 2
2019-09-26 20:40:04,673 [main] INFO  server.GrpcService (GrpcService.java:closeImpl(164)) - 305abc0e-94f4-41ec-8295-15d4a445dbbe: shutdown server with port 45835 now
2019-09-26 20:40:04,675 [e791874c-b2f4-4f7f-9315-0432fb0d59cd@group-E2B3CFB2BAD3-SegmentedRaftLogWorker] INFO  segmented.SegmentedRaftLogWorker (SegmentedRaftLogWorker.java:run(313)) - e791874c-b2f4-4f7f-9315-0432fb0d59cd@group-E2B3CFB2BAD3-SegmentedRaftLogWorker was interrupted, exiting. There are 0 tasks remaining in the queue.
2019-09-26 20:40:04,677 [ForkJoinPool.commonPool-worker-0] INFO  segmented.SegmentedRaftLogWorker (SegmentedRaftLogWorker.java:close(228)) - e791874c-b2f4-4f7f-9315-0432fb0d59cd@group-E2B3CFB2BAD3-SegmentedRaftLogWorker close()
2019-09-26 20:40:04,678 [grpc-default-executor-0] WARN  server.GrpcServerProtocolService (LogUtils.java:warn(134)) - 305abc0e-94f4-41ec-8295-15d4a445dbbe: installSnapshot onError, lastRequest: 23e65fe1-92f4-4d18-88b6-12afdf835ab8->305abc0e-94f4-41ec-8295-15d4a445dbbe#9-t2, previous=(t:2, i:2), leaderCommit=2, initializing? false, entries: <empty>: org.apache.ratis.thirdparty.io.grpc.StatusRuntimeException: CANCELLED: cancelled before receiving half close
2019-09-26 20:40:04,680 [main] INFO  server.GrpcService (GrpcService.java:closeImpl(172)) - 305abc0e-94f4-41ec-8295-15d4a445dbbe: shutdown server with port 45835 successfully
2019-09-26 20:40:04,680 [grpc-default-executor-4] WARN  server.GrpcLogAppender (LogUtils.java:warn(134)) - 23e65fe1-92f4-4d18-88b6-12afdf835ab8@group-76B709B113E4->305abc0e-94f4-41ec-8295-15d4a445dbbe-AppendLogResponseHandler: Failed appendEntries: org.apache.ratis.thirdparty.io.grpc.StatusRuntimeException: CANCELLED: HTTP/2 error code: CANCEL
Received Rst Stream
2019-09-26 20:40:04,680 [ForkJoinPool.commonPool-worker-0] INFO  server.GrpcService (GrpcService.java:closeImpl(164)) - e791874c-b2f4-4f7f-9315-0432fb0d59cd: shutdown server with port 35942 now
2019-09-26 20:40:04,681 [grpc-default-executor-4] INFO  impl.FollowerInfo (FollowerInfo.java:lambda$new$0(51)) - 23e65fe1-92f4-4d18-88b6-12afdf835ab8@group-76B709B113E4->305abc0e-94f4-41ec-8295-15d4a445dbbe: nextIndex: updateUnconditionally 3 -> 2
2019-09-26 20:40:04,682 [grpc-default-executor-4] WARN  server.GrpcServerProtocolService (LogUtils.java:warn(134)) - e791874c-b2f4-4f7f-9315-0432fb0d59cd: installSnapshot onError, lastRequest: 789644c6-b1e7-452a-be32-1d295418bb68->e791874c-b2f4-4f7f-9315-0432fb0d59cd#10-t2, previous=(t:2, i:2), leaderCommit=2, initializing? false, entries: <empty>: org.apache.ratis.thirdparty.io.grpc.StatusRuntimeException: CANCELLED: cancelled before receiving half close
2019-09-26 20:40:04,682 [grpc-default-executor-3] WARN  server.GrpcLogAppender (LogUtils.java:warn(134)) - 789644c6-b1e7-452a-be32-1d295418bb68@group-E2B3CFB2BAD3->e791874c-b2f4-4f7f-9315-0432fb0d59cd-AppendLogResponseHandler: Failed appendEntries: org.apache.ratis.thirdparty.io.grpc.StatusRuntimeException: CANCELLED: HTTP/2 error code: CANCEL
Received Rst Stream
2019-09-26 20:40:04,682 [ForkJoinPool.commonPool-worker-0] INFO  server.GrpcService (GrpcService.java:closeImpl(172)) - e791874c-b2f4-4f7f-9315-0432fb0d59cd: shutdown server with port 35942 successfully
2019-09-26 20:40:04,682 [grpc-default-executor-3] INFO  impl.FollowerInfo (FollowerInfo.java:lambda$new$0(51)) - 789644c6-b1e7-452a-be32-1d295418bb68@group-E2B3CFB2BAD3->e791874c-b2f4-4f7f-9315-0432fb0d59cd: nextIndex: updateUnconditionally 3 -> 2
2019-09-26 20:40:04,682 [refreshUsed-/workdir/hadoop-ozone/integration-test/target/test-dir/MiniOzoneClusterImpl-6cd5981c-8f90-4fde-9f17-131d20e6bdb9/datanode-5/data/containers] WARN  fs.CachingGetSpaceUsed (CachingGetSpaceUsed.java:run(183)) - Thread Interrupted waiting to refresh disk information: sleep interrupted
2019-09-26 20:40:04,685 [refreshUsed-/workdir/hadoop-ozone/integration-test/target/test-dir/MiniOzoneClusterImpl-6cd5981c-8f90-4fde-9f17-131d20e6bdb9/datanode-2/data/containers] WARN  fs.CachingGetSpaceUsed (CachingGetSpaceUsed.java:run(183)) - Thread Interrupted waiting to refresh disk information: sleep interrupted
2019-09-26 20:40:04,703 [main] INFO  utils.BackgroundService (BackgroundService.java:shutdown(148)) - Shutting down service BlockDeletingService
2019-09-26 20:40:04,703 [ForkJoinPool.commonPool-worker-0] INFO  utils.BackgroundService (BackgroundService.java:shutdown(148)) - Shutting down service BlockDeletingService
2019-09-26 20:40:04,708 [main] INFO  statemachine.DatanodeStateMachine (DatanodeStateMachine.java:stopDaemon(395)) - Ozone container server stopped.
2019-09-26 20:40:04,711 [ForkJoinPool.commonPool-worker-0] INFO  statemachine.DatanodeStateMachine (DatanodeStateMachine.java:stopDaemon(395)) - Ozone container server stopped.
2019-09-26 20:40:04,713 [main] INFO  handler.ContextHandler (ContextHandler.java:doStop(910)) - Stopped o.e.j.w.WebAppContext@60e3c26e{/,null,UNAVAILABLE}{/hddsDatanode}
2019-09-26 20:40:04,715 [ForkJoinPool.commonPool-worker-0] INFO  handler.ContextHandler (ContextHandler.java:doStop(910)) - Stopped o.e.j.w.WebAppContext@3234474{/,null,UNAVAILABLE}{/hddsDatanode}
2019-09-26 20:40:04,716 [main] INFO  server.AbstractConnector (AbstractConnector.java:doStop(318)) - Stopped ServerConnector@80b122b{HTTP/1.1,[http/1.1]}{0.0.0.0:0}
2019-09-26 20:40:04,716 [ForkJoinPool.commonPool-worker-0] INFO  server.AbstractConnector (AbstractConnector.java:doStop(318)) - Stopped ServerConnector@631cb129{HTTP/1.1,[http/1.1]}{0.0.0.0:0}
2019-09-26 20:40:04,716 [main] INFO  handler.ContextHandler (ContextHandler.java:doStop(910)) - Stopped o.e.j.s.ServletContextHandler@158ae284{/static,jar:file:/home/user/.m2/repository/org/apache/hadoop/hadoop-hdds-container-service/0.5.0-SNAPSHOT/hadoop-hdds-container-service-0.5.0-SNAPSHOT.jar!/webapps/static,UNAVAILABLE}
2019-09-26 20:40:04,721 [ForkJoinPool.commonPool-worker-0] INFO  handler.ContextHandler (ContextHandler.java:doStop(910)) - Stopped o.e.j.s.ServletContextHandler@753fd7a1{/static,jar:file:/home/user/.m2/repository/org/apache/hadoop/hadoop-hdds-container-service/0.5.0-SNAPSHOT/hadoop-hdds-container-service-0.5.0-SNAPSHOT.jar!/webapps/static,UNAVAILABLE}
2019-09-26 20:40:04,721 [main] INFO  handler.ContextHandler (ContextHandler.java:doStop(910)) - Stopped o.e.j.s.ServletContextHandler@d48e998{/logs,file:///workdir/hadoop-ozone/integration-test/target/log,UNAVAILABLE}
2019-09-26 20:40:04,721 [grpc-default-executor-0] WARN  server.GrpcLogAppender (LogUtils.java:warn(134)) - 23e65fe1-92f4-4d18-88b6-12afdf835ab8@group-76B709B113E4->983810e7-c78f-49e0-935f-b72803bc8b97-AppendLogResponseHandler: Failed appendEntries: org.apache.ratis.thirdparty.io.grpc.StatusRuntimeException: UNAVAILABLE: io exception
2019-09-26 20:40:04,721 [ForkJoinPool.commonPool-worker-0] INFO  handler.ContextHandler (ContextHandler.java:doStop(910)) - Stopped o.e.j.s.ServletContextHandler@10c47c79{/logs,file:///workdir/hadoop-ozone/integration-test/target/log,UNAVAILABLE}
2019-09-26 20:40:04,722 [grpc-default-executor-0] INFO  impl.FollowerInfo (FollowerInfo.java:lambda$new$0(51)) - 23e65fe1-92f4-4d18-88b6-12afdf835ab8@group-76B709B113E4->983810e7-c78f-49e0-935f-b72803bc8b97: nextIndex: updateUnconditionally 0 -> 0
2019-09-26 20:40:04,723 [grpc-default-executor-4] WARN  server.GrpcLogAppender (LogUtils.java:warn(134)) - 23e65fe1-92f4-4d18-88b6-12afdf835ab8@group-76B709B113E4->305abc0e-94f4-41ec-8295-15d4a445dbbe-AppendLogResponseHandler: Failed appendEntries: org.apache.ratis.thirdparty.io.grpc.StatusRuntimeException: UNAVAILABLE: io exception
2019-09-26 20:40:04,723 [grpc-default-executor-4] INFO  impl.FollowerInfo (FollowerInfo.java:lambda$new$0(51)) - 23e65fe1-92f4-4d18-88b6-12afdf835ab8@group-76B709B113E4->305abc0e-94f4-41ec-8295-15d4a445dbbe: nextIndex: updateUnconditionally 2 -> 1
2019-09-26 20:40:04,936 [grpc-default-executor-3] WARN  server.GrpcLogAppender (LogUtils.java:warn(134)) - 789644c6-b1e7-452a-be32-1d295418bb68@group-E2B3CFB2BAD3->941e0be9-b5d2-45a7-942a-524150895db1-AppendLogResponseHandler: Failed appendEntries: org.apache.ratis.thirdparty.io.grpc.StatusRuntimeException: UNAVAILABLE: io exception
2019-09-26 20:40:04,937 [grpc-default-executor-3] INFO  impl.FollowerInfo (FollowerInfo.java:lambda$new$0(51)) - 789644c6-b1e7-452a-be32-1d295418bb68@group-E2B3CFB2BAD3->941e0be9-b5d2-45a7-942a-524150895db1: nextIndex: updateUnconditionally 0 -> 0
2019-09-26 20:40:04,941 [grpc-default-executor-4] WARN  server.GrpcLogAppender (LogUtils.java:warn(134)) - 789644c6-b1e7-452a-be32-1d295418bb68@group-E2B3CFB2BAD3->e791874c-b2f4-4f7f-9315-0432fb0d59cd-AppendLogResponseHandler: Failed appendEntries: org.apache.ratis.thirdparty.io.grpc.StatusRuntimeException: UNAVAILABLE: io exception
2019-09-26 20:40:04,941 [grpc-default-executor-4] INFO  impl.FollowerInfo (FollowerInfo.java:lambda$new$0(51)) - 789644c6-b1e7-452a-be32-1d295418bb68@group-E2B3CFB2BAD3->e791874c-b2f4-4f7f-9315-0432fb0d59cd: nextIndex: updateUnconditionally 2 -> 1
2019-09-26 20:40:05,042 [Datanode State Machine Thread - 0] INFO  statemachine.DatanodeStateMachine (DatanodeStateMachine.java:lambda$startDaemon$0(350)) - Ozone container server started.
2019-09-26 20:40:05,216 [grpc-default-executor-4] WARN  server.GrpcLogAppender (LogUtils.java:warn(134)) - 23e65fe1-92f4-4d18-88b6-12afdf835ab8@group-76B709B113E4->983810e7-c78f-49e0-935f-b72803bc8b97-AppendLogResponseHandler: Failed appendEntries: org.apache.ratis.thirdparty.io.grpc.StatusRuntimeException: UNAVAILABLE: io exception
2019-09-26 20:40:05,217 [grpc-default-executor-4] INFO  impl.FollowerInfo (FollowerInfo.java:lambda$new$0(51)) - 23e65fe1-92f4-4d18-88b6-12afdf835ab8@group-76B709B113E4->983810e7-c78f-49e0-935f-b72803bc8b97: nextIndex: updateUnconditionally 0 -> 0
2019-09-26 20:40:05,223 [grpc-default-executor-0] WARN  server.GrpcLogAppender (LogUtils.java:warn(134)) - 23e65fe1-92f4-4d18-88b6-12afdf835ab8@group-76B709B113E4->305abc0e-94f4-41ec-8295-15d4a445dbbe-AppendLogResponseHandler: Failed appendEntries: org.apache.ratis.thirdparty.io.grpc.StatusRuntimeException: UNAVAILABLE: io exception
2019-09-26 20:40:05,223 [grpc-default-executor-0] INFO  impl.FollowerInfo (FollowerInfo.java:lambda$new$0(51)) - 23e65fe1-92f4-4d18-88b6-12afdf835ab8@group-76B709B113E4->305abc0e-94f4-41ec-8295-15d4a445dbbe: nextIndex: updateUnconditionally 1 -> 0
2019-09-26 20:40:05,289 [Datanode State Machine Thread - 0] INFO  statemachine.DatanodeStateMachine (DatanodeStateMachine.java:lambda$startDaemon$0(350)) - Ozone container server started.
2019-09-26 20:40:05,437 [grpc-default-executor-0] WARN  server.GrpcLogAppender (LogUtils.java:warn(134)) - 789644c6-b1e7-452a-be32-1d295418bb68@group-E2B3CFB2BAD3->941e0be9-b5d2-45a7-942a-524150895db1-AppendLogResponseHandler: Failed appendEntries: org.apache.ratis.thirdparty.io.grpc.StatusRuntimeException: UNAVAILABLE: io exception
2019-09-26 20:40:05,438 [grpc-default-executor-0] INFO  impl.FollowerInfo (FollowerInfo.java:lambda$new$0(51)) - 789644c6-b1e7-452a-be32-1d295418bb68@group-E2B3CFB2BAD3->941e0be9-b5d2-45a7-942a-524150895db1: nextIndex: updateUnconditionally 0 -> 0
2019-09-26 20:40:05,442 [grpc-default-executor-3] WARN  server.GrpcLogAppender (LogUtils.java:warn(134)) - 789644c6-b1e7-452a-be32-1d295418bb68@group-E2B3CFB2BAD3->e791874c-b2f4-4f7f-9315-0432fb0d59cd-AppendLogResponseHandler: Failed appendEntries: org.apache.ratis.thirdparty.io.grpc.StatusRuntimeException: UNAVAILABLE: io exception
2019-09-26 20:40:05,442 [grpc-default-executor-3] INFO  impl.FollowerInfo (FollowerInfo.java:lambda$new$0(51)) - 789644c6-b1e7-452a-be32-1d295418bb68@group-E2B3CFB2BAD3->e791874c-b2f4-4f7f-9315-0432fb0d59cd: nextIndex: updateUnconditionally 1 -> 0
2019-09-26 20:40:05,718 [grpc-default-executor-0] WARN  server.GrpcLogAppender (LogUtils.java:warn(134)) - 23e65fe1-92f4-4d18-88b6-12afdf835ab8@group-76B709B113E4->983810e7-c78f-49e0-935f-b72803bc8b97-AppendLogResponseHandler: Failed appendEntries: org.apache.ratis.thirdparty.io.grpc.StatusRuntimeException: UNAVAILABLE: io exception
2019-09-26 20:40:05,719 [grpc-default-executor-0] INFO  impl.FollowerInfo (FollowerInfo.java:lambda$new$0(51)) - 23e65fe1-92f4-4d18-88b6-12afdf835ab8@group-76B709B113E4->983810e7-c78f-49e0-935f-b72803bc8b97: nextIndex: updateUnconditionally 0 -> 0
2019-09-26 20:40:05,724 [grpc-default-executor-0] WARN  server.GrpcLogAppender (LogUtils.java:warn(134)) - 23e65fe1-92f4-4d18-88b6-12afdf835ab8@group-76B709B113E4->305abc0e-94f4-41ec-8295-15d4a445dbbe-AppendLogResponseHandler: Failed appendEntries: org.apache.ratis.thirdparty.io.grpc.StatusRuntimeException: UNAVAILABLE: io exception
2019-09-26 20:40:05,724 [grpc-default-executor-0] INFO  impl.FollowerInfo (FollowerInfo.java:lambda$new$0(51)) - 23e65fe1-92f4-4d18-88b6-12afdf835ab8@group-76B709B113E4->305abc0e-94f4-41ec-8295-15d4a445dbbe: nextIndex: updateUnconditionally 0 -> 0
2019-09-26 20:40:05,939 [grpc-default-executor-4] WARN  server.GrpcLogAppender (LogUtils.java:warn(134)) - 789644c6-b1e7-452a-be32-1d295418bb68@group-E2B3CFB2BAD3->941e0be9-b5d2-45a7-942a-524150895db1-AppendLogResponseHandler: Failed appendEntries: org.apache.ratis.thirdparty.io.grpc.StatusRuntimeException: UNAVAILABLE: io exception
2019-09-26 20:40:05,939 [grpc-default-executor-4] INFO  impl.FollowerInfo (FollowerInfo.java:lambda$new$0(51)) - 789644c6-b1e7-452a-be32-1d295418bb68@group-E2B3CFB2BAD3->941e0be9-b5d2-45a7-942a-524150895db1: nextIndex: updateUnconditionally 0 -> 0
2019-09-26 20:40:05,943 [grpc-default-executor-0] WARN  server.GrpcLogAppender (LogUtils.java:warn(134)) - 789644c6-b1e7-452a-be32-1d295418bb68@group-E2B3CFB2BAD3->e791874c-b2f4-4f7f-9315-0432fb0d59cd-AppendLogResponseHandler: Failed appendEntries: org.apache.ratis.thirdparty.io.grpc.StatusRuntimeException: UNAVAILABLE: io exception
2019-09-26 20:40:05,943 [grpc-default-executor-0] INFO  impl.FollowerInfo (FollowerInfo.java:lambda$new$0(51)) - 789644c6-b1e7-452a-be32-1d295418bb68@group-E2B3CFB2BAD3->e791874c-b2f4-4f7f-9315-0432fb0d59cd: nextIndex: updateUnconditionally 0 -> 0
2019-09-26 20:40:06,219 [grpc-default-executor-0] WARN  server.GrpcLogAppender (LogUtils.java:warn(134)) - 23e65fe1-92f4-4d18-88b6-12afdf835ab8@group-76B709B113E4->983810e7-c78f-49e0-935f-b72803bc8b97-AppendLogResponseHandler: Failed appendEntries: org.apache.ratis.thirdparty.io.grpc.StatusRuntimeException: UNAVAILABLE: io exception
2019-09-26 20:40:06,219 [grpc-default-executor-0] INFO  impl.FollowerInfo (FollowerInfo.java:lambda$new$0(51)) - 23e65fe1-92f4-4d18-88b6-12afdf835ab8@group-76B709B113E4->983810e7-c78f-49e0-935f-b72803bc8b97: nextIndex: updateUnconditionally 0 -> 0
2019-09-26 20:40:06,225 [grpc-default-executor-3] WARN  server.GrpcLogAppender (LogUtils.java:warn(134)) - 23e65fe1-92f4-4d18-88b6-12afdf835ab8@group-76B709B113E4->305abc0e-94f4-41ec-8295-15d4a445dbbe-AppendLogResponseHandler: Failed appendEntries: org.apache.ratis.thirdparty.io.grpc.StatusRuntimeException: UNAVAILABLE: io exception
2019-09-26 20:40:06,225 [grpc-default-executor-3] INFO  impl.FollowerInfo (FollowerInfo.java:lambda$new$0(51)) - 23e65fe1-92f4-4d18-88b6-12afdf835ab8@group-76B709B113E4->305abc0e-94f4-41ec-8295-15d4a445dbbe: nextIndex: updateUnconditionally 0 -> 0
2019-09-26 20:40:06,439 [grpc-default-executor-3] WARN  server.GrpcLogAppender (LogUtils.java:warn(134)) - 789644c6-b1e7-452a-be32-1d295418bb68@group-E2B3CFB2BAD3->941e0be9-b5d2-45a7-942a-524150895db1-AppendLogResponseHandler: Failed appendEntries: org.apache.ratis.thirdparty.io.grpc.StatusRuntimeException: UNAVAILABLE: io exception
2019-09-26 20:40:06,440 [grpc-default-executor-3] INFO  impl.FollowerInfo (FollowerInfo.java:lambda$new$0(51)) - 789644c6-b1e7-452a-be32-1d295418bb68@group-E2B3CFB2BAD3->941e0be9-b5d2-45a7-942a-524150895db1: nextIndex: updateUnconditionally 0 -> 0
2019-09-26 20:40:06,443 [grpc-default-executor-4] WARN  server.GrpcLogAppender (LogUtils.java:warn(134)) - 789644c6-b1e7-452a-be32-1d295418bb68@group-E2B3CFB2BAD3->e791874c-b2f4-4f7f-9315-0432fb0d59cd-AppendLogResponseHandler: Failed appendEntries: org.apache.ratis.thirdparty.io.grpc.StatusRuntimeException: UNAVAILABLE: io exception
2019-09-26 20:40:06,443 [grpc-default-executor-4] INFO  impl.FollowerInfo (FollowerInfo.java:lambda$new$0(51)) - 789644c6-b1e7-452a-be32-1d295418bb68@group-E2B3CFB2BAD3->e791874c-b2f4-4f7f-9315-0432fb0d59cd: nextIndex: updateUnconditionally 0 -> 0
2019-09-26 20:40:06,720 [grpc-default-executor-0] WARN  server.GrpcLogAppender (LogUtils.java:warn(134)) - 23e65fe1-92f4-4d18-88b6-12afdf835ab8@group-76B709B113E4->983810e7-c78f-49e0-935f-b72803bc8b97-AppendLogResponseHandler: Failed appendEntries: org.apache.ratis.thirdparty.io.grpc.StatusRuntimeException: UNAVAILABLE: io exception
2019-09-26 20:40:06,720 [grpc-default-executor-0] INFO  impl.FollowerInfo (FollowerInfo.java:lambda$new$0(51)) - 23e65fe1-92f4-4d18-88b6-12afdf835ab8@group-76B709B113E4->983810e7-c78f-49e0-935f-b72803bc8b97: nextIndex: updateUnconditionally 0 -> 0
2019-09-26 20:40:06,726 [grpc-default-executor-4] WARN  server.GrpcLogAppender (LogUtils.java:warn(134)) - 23e65fe1-92f4-4d18-88b6-12afdf835ab8@group-76B709B113E4->305abc0e-94f4-41ec-8295-15d4a445dbbe-AppendLogResponseHandler: Failed appendEntries: org.apache.ratis.thirdparty.io.grpc.StatusRuntimeException: UNAVAILABLE: io exception
2019-09-26 20:40:06,726 [grpc-default-executor-4] INFO  impl.FollowerInfo (FollowerInfo.java:lambda$new$0(51)) - 23e65fe1-92f4-4d18-88b6-12afdf835ab8@group-76B709B113E4->305abc0e-94f4-41ec-8295-15d4a445dbbe: nextIndex: updateUnconditionally 0 -> 0
2019-09-26 20:40:06,940 [grpc-default-executor-4] WARN  server.GrpcLogAppender (LogUtils.java:warn(134)) - 789644c6-b1e7-452a-be32-1d295418bb68@group-E2B3CFB2BAD3->941e0be9-b5d2-45a7-942a-524150895db1-AppendLogResponseHandler: Failed appendEntries: org.apache.ratis.thirdparty.io.grpc.StatusRuntimeException: UNAVAILABLE: io exception
2019-09-26 20:40:06,940 [grpc-default-executor-4] INFO  impl.FollowerInfo (FollowerInfo.java:lambda$new$0(51)) - 789644c6-b1e7-452a-be32-1d295418bb68@group-E2B3CFB2BAD3->941e0be9-b5d2-45a7-942a-524150895db1: nextIndex: updateUnconditionally 0 -> 0
2019-09-26 20:40:06,943 [grpc-default-executor-3] WARN  server.GrpcLogAppender (LogUtils.java:warn(134)) - 789644c6-b1e7-452a-be32-1d295418bb68@group-E2B3CFB2BAD3->e791874c-b2f4-4f7f-9315-0432fb0d59cd-AppendLogResponseHandler: Failed appendEntries: org.apache.ratis.thirdparty.io.grpc.StatusRuntimeException: UNAVAILABLE: io exception
2019-09-26 20:40:06,944 [grpc-default-executor-3] INFO  impl.FollowerInfo (FollowerInfo.java:lambda$new$0(51)) - 789644c6-b1e7-452a-be32-1d295418bb68@group-E2B3CFB2BAD3->e791874c-b2f4-4f7f-9315-0432fb0d59cd: nextIndex: updateUnconditionally 0 -> 0
2019-09-26 20:40:07,221 [grpc-default-executor-0] WARN  server.GrpcLogAppender (LogUtils.java:warn(134)) - 23e65fe1-92f4-4d18-88b6-12afdf835ab8@group-76B709B113E4->983810e7-c78f-49e0-935f-b72803bc8b97-AppendLogResponseHandler: Failed appendEntries: org.apache.ratis.thirdparty.io.grpc.StatusRuntimeException: UNAVAILABLE: io exception
2019-09-26 20:40:07,221 [grpc-default-executor-0] INFO  impl.FollowerInfo (FollowerInfo.java:lambda$new$0(51)) - 23e65fe1-92f4-4d18-88b6-12afdf835ab8@group-76B709B113E4->983810e7-c78f-49e0-935f-b72803bc8b97: nextIndex: updateUnconditionally 0 -> 0
2019-09-26 20:40:07,226 [grpc-default-executor-4] WARN  server.GrpcLogAppender (LogUtils.java:warn(134)) - 23e65fe1-92f4-4d18-88b6-12afdf835ab8@group-76B709B113E4->305abc0e-94f4-41ec-8295-15d4a445dbbe-AppendLogResponseHandler: Failed appendEntries: org.apache.ratis.thirdparty.io.grpc.StatusRuntimeException: UNAVAILABLE: io exception
2019-09-26 20:40:07,226 [grpc-default-executor-4] INFO  impl.FollowerInfo (FollowerInfo.java:lambda$new$0(51)) - 23e65fe1-92f4-4d18-88b6-12afdf835ab8@group-76B709B113E4->305abc0e-94f4-41ec-8295-15d4a445dbbe: nextIndex: updateUnconditionally 0 -> 0
2019-09-26 20:40:07,441 [grpc-default-executor-4] WARN  server.GrpcLogAppender (LogUtils.java:warn(134)) - 789644c6-b1e7-452a-be32-1d295418bb68@group-E2B3CFB2BAD3->941e0be9-b5d2-45a7-942a-524150895db1-AppendLogResponseHandler: Failed appendEntries: org.apache.ratis.thirdparty.io.grpc.StatusRuntimeException: UNAVAILABLE: io exception
2019-09-26 20:40:07,442 [grpc-default-executor-4] INFO  impl.FollowerInfo (FollowerInfo.java:lambda$new$0(51)) - 789644c6-b1e7-452a-be32-1d295418bb68@group-E2B3CFB2BAD3->941e0be9-b5d2-45a7-942a-524150895db1: nextIndex: updateUnconditionally 0 -> 0
2019-09-26 20:40:07,444 [grpc-default-executor-3] WARN  server.GrpcLogAppender (LogUtils.java:warn(134)) - 789644c6-b1e7-452a-be32-1d295418bb68@group-E2B3CFB2BAD3->e791874c-b2f4-4f7f-9315-0432fb0d59cd-AppendLogResponseHandler: Failed appendEntries: org.apache.ratis.thirdparty.io.grpc.StatusRuntimeException: UNAVAILABLE: io exception
2019-09-26 20:40:07,444 [grpc-default-executor-3] INFO  impl.FollowerInfo (FollowerInfo.java:lambda$new$0(51)) - 789644c6-b1e7-452a-be32-1d295418bb68@group-E2B3CFB2BAD3->e791874c-b2f4-4f7f-9315-0432fb0d59cd: nextIndex: updateUnconditionally 0 -> 0
2019-09-26 20:40:07,721 [grpc-default-executor-0] WARN  server.GrpcLogAppender (LogUtils.java:warn(134)) - 23e65fe1-92f4-4d18-88b6-12afdf835ab8@group-76B709B113E4->983810e7-c78f-49e0-935f-b72803bc8b97-AppendLogResponseHandler: Failed appendEntries: org.apache.ratis.thirdparty.io.grpc.StatusRuntimeException: UNAVAILABLE: io exception
2019-09-26 20:40:07,722 [grpc-default-executor-0] INFO  impl.FollowerInfo (FollowerInfo.java:lambda$new$0(51)) - 23e65fe1-92f4-4d18-88b6-12afdf835ab8@group-76B709B113E4->983810e7-c78f-49e0-935f-b72803bc8b97: nextIndex: updateUnconditionally 0 -> 0
2019-09-26 20:40:07,726 [grpc-default-executor-4] WARN  server.GrpcLogAppender (LogUtils.java:warn(134)) - 23e65fe1-92f4-4d18-88b6-12afdf835ab8@group-76B709B113E4->305abc0e-94f4-41ec-8295-15d4a445dbbe-AppendLogResponseHandler: Failed appendEntries: org.apache.ratis.thirdparty.io.grpc.StatusRuntimeException: UNAVAILABLE: io exception
2019-09-26 20:40:07,727 [grpc-default-executor-4] INFO  impl.FollowerInfo (FollowerInfo.java:lambda$new$0(51)) - 23e65fe1-92f4-4d18-88b6-12afdf835ab8@group-76B709B113E4->305abc0e-94f4-41ec-8295-15d4a445dbbe: nextIndex: updateUnconditionally 0 -> 0
2019-09-26 20:40:07,942 [grpc-default-executor-3] WARN  server.GrpcLogAppender (LogUtils.java:warn(134)) - 789644c6-b1e7-452a-be32-1d295418bb68@group-E2B3CFB2BAD3->941e0be9-b5d2-45a7-942a-524150895db1-AppendLogResponseHandler: Failed appendEntries: org.apache.ratis.thirdparty.io.grpc.StatusRuntimeException: UNAVAILABLE: io exception
2019-09-26 20:40:07,942 [grpc-default-executor-3] INFO  impl.FollowerInfo (FollowerInfo.java:lambda$new$0(51)) - 789644c6-b1e7-452a-be32-1d295418bb68@group-E2B3CFB2BAD3->941e0be9-b5d2-45a7-942a-524150895db1: nextIndex: updateUnconditionally 0 -> 0
2019-09-26 20:40:07,944 [grpc-default-executor-0] WARN  server.GrpcLogAppender (LogUtils.java:warn(134)) - 789644c6-b1e7-452a-be32-1d295418bb68@group-E2B3CFB2BAD3->e791874c-b2f4-4f7f-9315-0432fb0d59cd-AppendLogResponseHandler: Failed appendEntries: org.apache.ratis.thirdparty.io.grpc.StatusRuntimeException: UNAVAILABLE: io exception
2019-09-26 20:40:07,945 [grpc-default-executor-0] INFO  impl.FollowerInfo (FollowerInfo.java:lambda$new$0(51)) - 789644c6-b1e7-452a-be32-1d295418bb68@group-E2B3CFB2BAD3->e791874c-b2f4-4f7f-9315-0432fb0d59cd: nextIndex: updateUnconditionally 0 -> 0
2019-09-26 20:40:08,223 [grpc-default-executor-4] WARN  server.GrpcLogAppender (LogUtils.java:warn(134)) - 23e65fe1-92f4-4d18-88b6-12afdf835ab8@group-76B709B113E4->983810e7-c78f-49e0-935f-b72803bc8b97-AppendLogResponseHandler: Failed appendEntries: org.apache.ratis.thirdparty.io.grpc.StatusRuntimeException: UNAVAILABLE: io exception
2019-09-26 20:40:08,223 [grpc-default-executor-4] INFO  impl.FollowerInfo (FollowerInfo.java:lambda$new$0(51)) - 23e65fe1-92f4-4d18-88b6-12afdf835ab8@group-76B709B113E4->983810e7-c78f-49e0-935f-b72803bc8b97: nextIndex: updateUnconditionally 0 -> 0
2019-09-26 20:40:08,227 [grpc-default-executor-3] WARN  server.GrpcLogAppender (LogUtils.java:warn(134)) - 23e65fe1-92f4-4d18-88b6-12afdf835ab8@group-76B709B113E4->305abc0e-94f4-41ec-8295-15d4a445dbbe-AppendLogResponseHandler: Failed appendEntries: org.apache.ratis.thirdparty.io.grpc.StatusRuntimeException: UNAVAILABLE: io exception
2019-09-26 20:40:08,228 [grpc-default-executor-3] INFO  impl.FollowerInfo (FollowerInfo.java:lambda$new$0(51)) - 23e65fe1-92f4-4d18-88b6-12afdf835ab8@group-76B709B113E4->305abc0e-94f4-41ec-8295-15d4a445dbbe: nextIndex: updateUnconditionally 0 -> 0
2019-09-26 20:40:08,442 [grpc-default-executor-3] WARN  server.GrpcLogAppender (LogUtils.java:warn(134)) - 789644c6-b1e7-452a-be32-1d295418bb68@group-E2B3CFB2BAD3->941e0be9-b5d2-45a7-942a-524150895db1-AppendLogResponseHandler: Failed appendEntries: org.apache.ratis.thirdparty.io.grpc.StatusRuntimeException: UNAVAILABLE: io exception
2019-09-26 20:40:08,443 [grpc-default-executor-3] INFO  impl.FollowerInfo (FollowerInfo.java:lambda$new$0(51)) - 789644c6-b1e7-452a-be32-1d295418bb68@group-E2B3CFB2BAD3->941e0be9-b5d2-45a7-942a-524150895db1: nextIndex: updateUnconditionally 0 -> 0
2019-09-26 20:40:08,445 [grpc-default-executor-3] WARN  server.GrpcLogAppender (LogUtils.java:warn(134)) - 789644c6-b1e7-452a-be32-1d295418bb68@group-E2B3CFB2BAD3->e791874c-b2f4-4f7f-9315-0432fb0d59cd-AppendLogResponseHandler: Failed appendEntries: org.apache.ratis.thirdparty.io.grpc.StatusRuntimeException: UNAVAILABLE: io exception
2019-09-26 20:40:08,445 [grpc-default-executor-3] INFO  impl.FollowerInfo (FollowerInfo.java:lambda$new$0(51)) - 789644c6-b1e7-452a-be32-1d295418bb68@group-E2B3CFB2BAD3->e791874c-b2f4-4f7f-9315-0432fb0d59cd: nextIndex: updateUnconditionally 0 -> 0
2019-09-26 20:40:08,724 [grpc-default-executor-3] WARN  server.GrpcLogAppender (LogUtils.java:warn(134)) - 23e65fe1-92f4-4d18-88b6-12afdf835ab8@group-76B709B113E4->983810e7-c78f-49e0-935f-b72803bc8b97-AppendLogResponseHandler: Failed appendEntries: org.apache.ratis.thirdparty.io.grpc.StatusRuntimeException: UNAVAILABLE: io exception
2019-09-26 20:40:08,726 [grpc-default-executor-3] INFO  impl.FollowerInfo (FollowerInfo.java:lambda$new$0(51)) - 23e65fe1-92f4-4d18-88b6-12afdf835ab8@group-76B709B113E4->983810e7-c78f-49e0-935f-b72803bc8b97: nextIndex: updateUnconditionally 0 -> 0
2019-09-26 20:40:08,728 [grpc-default-executor-3] WARN  server.GrpcLogAppender (LogUtils.java:warn(134)) - 23e65fe1-92f4-4d18-88b6-12afdf835ab8@group-76B709B113E4->305abc0e-94f4-41ec-8295-15d4a445dbbe-AppendLogResponseHandler: Failed appendEntries: org.apache.ratis.thirdparty.io.grpc.StatusRuntimeException: UNAVAILABLE: io exception
2019-09-26 20:40:08,728 [grpc-default-executor-3] INFO  impl.FollowerInfo (FollowerInfo.java:lambda$new$0(51)) - 23e65fe1-92f4-4d18-88b6-12afdf835ab8@group-76B709B113E4->305abc0e-94f4-41ec-8295-15d4a445dbbe: nextIndex: updateUnconditionally 0 -> 0
2019-09-26 20:40:08,943 [grpc-default-executor-3] WARN  server.GrpcLogAppender (LogUtils.java:warn(134)) - 789644c6-b1e7-452a-be32-1d295418bb68@group-E2B3CFB2BAD3->941e0be9-b5d2-45a7-942a-524150895db1-AppendLogResponseHandler: Failed appendEntries: org.apache.ratis.thirdparty.io.grpc.StatusRuntimeException: UNAVAILABLE: io exception
2019-09-26 20:40:08,944 [grpc-default-executor-3] INFO  impl.FollowerInfo (FollowerInfo.java:lambda$new$0(51)) - 789644c6-b1e7-452a-be32-1d295418bb68@group-E2B3CFB2BAD3->941e0be9-b5d2-45a7-942a-524150895db1: nextIndex: updateUnconditionally 0 -> 0
2019-09-26 20:40:08,945 [grpc-default-executor-3] WARN  server.GrpcLogAppender (LogUtils.java:warn(134)) - 789644c6-b1e7-452a-be32-1d295418bb68@group-E2B3CFB2BAD3->e791874c-b2f4-4f7f-9315-0432fb0d59cd-AppendLogResponseHandler: Failed appendEntries: org.apache.ratis.thirdparty.io.grpc.StatusRuntimeException: UNAVAILABLE: io exception
2019-09-26 20:40:08,946 [grpc-default-executor-3] INFO  impl.FollowerInfo (FollowerInfo.java:lambda$new$0(51)) - 789644c6-b1e7-452a-be32-1d295418bb68@group-E2B3CFB2BAD3->e791874c-b2f4-4f7f-9315-0432fb0d59cd: nextIndex: updateUnconditionally 0 -> 0
2019-09-26 20:40:09,224 [grpc-default-executor-3] WARN  server.GrpcLogAppender (LogUtils.java:warn(134)) - 23e65fe1-92f4-4d18-88b6-12afdf835ab8@group-76B709B113E4->983810e7-c78f-49e0-935f-b72803bc8b97-AppendLogResponseHandler: Failed appendEntries: org.apache.ratis.thirdparty.io.grpc.StatusRuntimeException: UNAVAILABLE: io exception
2019-09-26 20:40:09,225 [grpc-default-executor-3] INFO  impl.FollowerInfo (FollowerInfo.java:lambda$new$0(51)) - 23e65fe1-92f4-4d18-88b6-12afdf835ab8@group-76B709B113E4->983810e7-c78f-49e0-935f-b72803bc8b97: nextIndex: updateUnconditionally 0 -> 0
2019-09-26 20:40:09,229 [grpc-default-executor-0] WARN  server.GrpcLogAppender (LogUtils.java:warn(134)) - 23e65fe1-92f4-4d18-88b6-12afdf835ab8@group-76B709B113E4->305abc0e-94f4-41ec-8295-15d4a445dbbe-AppendLogResponseHandler: Failed appendEntries: org.apache.ratis.thirdparty.io.grpc.StatusRuntimeException: UNAVAILABLE: io exception
2019-09-26 20:40:09,229 [grpc-default-executor-0] INFO  impl.FollowerInfo (FollowerInfo.java:lambda$new$0(51)) - 23e65fe1-92f4-4d18-88b6-12afdf835ab8@group-76B709B113E4->305abc0e-94f4-41ec-8295-15d4a445dbbe: nextIndex: updateUnconditionally 0 -> 0
2019-09-26 20:40:09,444 [grpc-default-executor-0] WARN  server.GrpcLogAppender (LogUtils.java:warn(134)) - 789644c6-b1e7-452a-be32-1d295418bb68@group-E2B3CFB2BAD3->941e0be9-b5d2-45a7-942a-524150895db1-AppendLogResponseHandler: Failed appendEntries: org.apache.ratis.thirdparty.io.grpc.StatusRuntimeException: UNAVAILABLE: io exception
2019-09-26 20:40:09,445 [grpc-default-executor-0] INFO  impl.FollowerInfo (FollowerInfo.java:lambda$new$0(51)) - 789644c6-b1e7-452a-be32-1d295418bb68@group-E2B3CFB2BAD3->941e0be9-b5d2-45a7-942a-524150895db1: nextIndex: updateUnconditionally 0 -> 0
2019-09-26 20:40:09,446 [grpc-default-executor-0] WARN  server.GrpcLogAppender (LogUtils.java:warn(134)) - 789644c6-b1e7-452a-be32-1d295418bb68@group-E2B3CFB2BAD3->e791874c-b2f4-4f7f-9315-0432fb0d59cd-AppendLogResponseHandler: Failed appendEntries: org.apache.ratis.thirdparty.io.grpc.StatusRuntimeException: UNAVAILABLE: io exception
2019-09-26 20:40:09,446 [grpc-default-executor-0] INFO  impl.FollowerInfo (FollowerInfo.java:lambda$new$0(51)) - 789644c6-b1e7-452a-be32-1d295418bb68@group-E2B3CFB2BAD3->e791874c-b2f4-4f7f-9315-0432fb0d59cd: nextIndex: updateUnconditionally 0 -> 0
2019-09-26 20:40:09,723 [main] INFO  ozoneimpl.OzoneContainer (OzoneContainer.java:stop(231)) - Attempting to stop container services.
2019-09-26 20:40:09,724 [ForkJoinPool.commonPool-worker-0] INFO  ozoneimpl.OzoneContainer (OzoneContainer.java:stop(231)) - Attempting to stop container services.
2019-09-26 20:40:09,724 [main] INFO  impl.RaftServerProxy (RaftServerProxy.java:lambda$close$4(314)) - 23e65fe1-92f4-4d18-88b6-12afdf835ab8: close
2019-09-26 20:40:09,724 [ForkJoinPool.commonPool-worker-0] INFO  impl.RaftServerProxy (RaftServerProxy.java:lambda$close$4(314)) - 789644c6-b1e7-452a-be32-1d295418bb68: close
2019-09-26 20:40:09,724 [main] INFO  impl.RaftServerImpl (RaftServerImpl.java:lambda$shutdown$3(251)) - 23e65fe1-92f4-4d18-88b6-12afdf835ab8@group-76B709B113E4: shutdown
2019-09-26 20:40:09,725 [ForkJoinPool.commonPool-worker-0] INFO  impl.RaftServerImpl (RaftServerImpl.java:lambda$shutdown$3(251)) - 789644c6-b1e7-452a-be32-1d295418bb68@group-A6687A45E08D: shutdown
2019-09-26 20:40:09,743 [grpc-default-executor-4] WARN  server.GrpcLogAppender (LogUtils.java:warn(134)) - 23e65fe1-92f4-4d18-88b6-12afdf835ab8@group-76B709B113E4->983810e7-c78f-49e0-935f-b72803bc8b97-AppendLogResponseHandler: Failed appendEntries: org.apache.ratis.thirdparty.io.grpc.StatusRuntimeException: UNAVAILABLE: io exception
2019-09-26 20:40:09,725 [main] INFO  util.JmxRegister (JmxRegister.java:unregister(73)) - Successfully un-registered JMX Bean with object name Ratis:service=RaftServer,group=group-76B709B113E4,id=23e65fe1-92f4-4d18-88b6-12afdf835ab8
2019-09-26 20:40:09,744 [grpc-default-executor-4] INFO  impl.FollowerInfo (FollowerInfo.java:lambda$new$0(51)) - 23e65fe1-92f4-4d18-88b6-12afdf835ab8@group-76B709B113E4->983810e7-c78f-49e0-935f-b72803bc8b97: nextIndex: updateUnconditionally 0 -> 0
2019-09-26 20:40:09,743 [ForkJoinPool.commonPool-worker-0] INFO  util.JmxRegister (JmxRegister.java:unregister(73)) - Successfully un-registered JMX Bean with object name Ratis:service=RaftServer,group=group-A6687A45E08D,id=789644c6-b1e7-452a-be32-1d295418bb68
2019-09-26 20:40:09,744 [main] INFO  impl.RoleInfo (RoleInfo.java:shutdownLeaderState(104)) - 23e65fe1-92f4-4d18-88b6-12afdf835ab8: shutdown LeaderState
2019-09-26 20:40:09,745 [ForkJoinPool.commonPool-worker-0] INFO  impl.RoleInfo (RoleInfo.java:shutdownLeaderState(104)) - 789644c6-b1e7-452a-be32-1d295418bb68: shutdown LeaderState
2019-09-26 20:40:09,748 [org.apache.ratis.server.impl.LogAppender$AppenderDaemon$$Lambda$436/982945735@490af4ff] WARN  server.GrpcLogAppender (GrpcLogAppender.java:mayWait(143)) - 23e65fe1-92f4-4d18-88b6-12afdf835ab8@group-76B709B113E4->983810e7-c78f-49e0-935f-b72803bc8b97-GrpcLogAppender: Wait interrupted by java.lang.InterruptedException
2019-09-26 20:40:09,748 [org.apache.ratis.server.impl.LogAppender$AppenderDaemon$$Lambda$436/982945735@727c6822] WARN  server.GrpcLogAppender (GrpcLogAppender.java:mayWait(143)) - 23e65fe1-92f4-4d18-88b6-12afdf835ab8@group-76B709B113E4->305abc0e-94f4-41ec-8295-15d4a445dbbe-GrpcLogAppender: Wait interrupted by java.lang.InterruptedException
2019-09-26 20:40:09,748 [main] INFO  impl.PendingRequests (PendingRequests.java:sendNotLeaderResponses(202)) - 23e65fe1-92f4-4d18-88b6-12afdf835ab8-PendingRequests: sendNotLeaderResponses
2019-09-26 20:40:09,748 [ForkJoinPool.commonPool-worker-0] INFO  impl.PendingRequests (PendingRequests.java:sendNotLeaderResponses(202)) - 789644c6-b1e7-452a-be32-1d295418bb68-PendingRequests: sendNotLeaderResponses
2019-09-26 20:40:09,750 [main] INFO  impl.StateMachineUpdater (StateMachineUpdater.java:stopAndJoin(125)) - 23e65fe1-92f4-4d18-88b6-12afdf835ab8@group-76B709B113E4-StateMachineUpdater: set stopIndex = 2
2019-09-26 20:40:09,750 [ForkJoinPool.commonPool-worker-0] INFO  impl.StateMachineUpdater (StateMachineUpdater.java:stopAndJoin(125)) - 789644c6-b1e7-452a-be32-1d295418bb68@group-A6687A45E08D-StateMachineUpdater: set stopIndex = 0
2019-09-26 20:40:09,751 [ForkJoinPool.commonPool-worker-0] INFO  impl.RaftServerImpl (ServerState.java:close(385)) - 789644c6-b1e7-452a-be32-1d295418bb68@group-A6687A45E08D: closes. applyIndex: 0
2019-09-26 20:40:09,751 [main] INFO  impl.RaftServerImpl (ServerState.java:close(385)) - 23e65fe1-92f4-4d18-88b6-12afdf835ab8@group-76B709B113E4: closes. applyIndex: 2
2019-09-26 20:40:09,752 [789644c6-b1e7-452a-be32-1d295418bb68@group-A6687A45E08D-SegmentedRaftLogWorker] INFO  segmented.SegmentedRaftLogWorker (SegmentedRaftLogWorker.java:run(313)) - 789644c6-b1e7-452a-be32-1d295418bb68@group-A6687A45E08D-SegmentedRaftLogWorker was interrupted, exiting. There are 0 tasks remaining in the queue.
2019-09-26 20:40:09,751 [grpc-default-executor-0] INFO  server.GrpcLogAppender (GrpcLogAppender.java:onError(282)) - 23e65fe1-92f4-4d18-88b6-12afdf835ab8@group-76B709B113E4->305abc0e-94f4-41ec-8295-15d4a445dbbe-GrpcLogAppender is stopped
2019-09-26 20:40:09,752 [23e65fe1-92f4-4d18-88b6-12afdf835ab8@group-76B709B113E4-SegmentedRaftLogWorker] INFO  segmented.SegmentedRaftLogWorker (SegmentedRaftLogWorker.java:run(313)) - 23e65fe1-92f4-4d18-88b6-12afdf835ab8@group-76B709B113E4-SegmentedRaftLogWorker was interrupted, exiting. There are 0 tasks remaining in the queue.
2019-09-26 20:40:09,753 [ForkJoinPool.commonPool-worker-0] INFO  segmented.SegmentedRaftLogWorker (SegmentedRaftLogWorker.java:close(228)) - 789644c6-b1e7-452a-be32-1d295418bb68@group-A6687A45E08D-SegmentedRaftLogWorker close()
2019-09-26 20:40:09,754 [main] INFO  segmented.SegmentedRaftLogWorker (SegmentedRaftLogWorker.java:close(228)) - 23e65fe1-92f4-4d18-88b6-12afdf835ab8@group-76B709B113E4-SegmentedRaftLogWorker close()
2019-09-26 20:40:09,756 [ForkJoinPool.commonPool-worker-0] INFO  impl.RaftServerImpl (RaftServerImpl.java:lambda$shutdown$3(251)) - 789644c6-b1e7-452a-be32-1d295418bb68@group-E2B3CFB2BAD3: shutdown
2019-09-26 20:40:09,763 [main] INFO  impl.RaftServerImpl (RaftServerImpl.java:lambda$shutdown$3(251)) - 23e65fe1-92f4-4d18-88b6-12afdf835ab8@group-51CC256165FC: shutdown
2019-09-26 20:40:09,763 [ForkJoinPool.commonPool-worker-0] INFO  util.JmxRegister (JmxRegister.java:unregister(73)) - Successfully un-registered JMX Bean with object name Ratis:service=RaftServer,group=group-E2B3CFB2BAD3,id=789644c6-b1e7-452a-be32-1d295418bb68
2019-09-26 20:40:09,763 [main] INFO  util.JmxRegister (JmxRegister.java:unregister(73)) - Successfully un-registered JMX Bean with object name Ratis:service=RaftServer,group=group-51CC256165FC,id=23e65fe1-92f4-4d18-88b6-12afdf835ab8
2019-09-26 20:40:09,764 [main] INFO  impl.RoleInfo (RoleInfo.java:shutdownLeaderState(104)) - 23e65fe1-92f4-4d18-88b6-12afdf835ab8: shutdown LeaderState
2019-09-26 20:40:09,764 [ForkJoinPool.commonPool-worker-0] INFO  impl.RoleInfo (RoleInfo.java:shutdownLeaderState(104)) - 789644c6-b1e7-452a-be32-1d295418bb68: shutdown LeaderState
2019-09-26 20:40:09,764 [main] INFO  impl.PendingRequests (PendingRequests.java:sendNotLeaderResponses(202)) - 23e65fe1-92f4-4d18-88b6-12afdf835ab8-PendingRequests: sendNotLeaderResponses
2019-09-26 20:40:09,769 [org.apache.ratis.server.impl.LogAppender$AppenderDaemon$$Lambda$436/982945735@407fd7cd] WARN  server.GrpcLogAppender (GrpcLogAppender.java:mayWait(143)) - 789644c6-b1e7-452a-be32-1d295418bb68@group-E2B3CFB2BAD3->e791874c-b2f4-4f7f-9315-0432fb0d59cd-GrpcLogAppender: Wait interrupted by java.lang.InterruptedException
2019-09-26 20:40:09,768 [org.apache.ratis.server.impl.LogAppender$AppenderDaemon$$Lambda$436/982945735@44d697c8] WARN  server.GrpcLogAppender (GrpcLogAppender.java:mayWait(143)) - 789644c6-b1e7-452a-be32-1d295418bb68@group-E2B3CFB2BAD3->941e0be9-b5d2-45a7-942a-524150895db1-GrpcLogAppender: Wait interrupted by java.lang.InterruptedException
2019-09-26 20:40:09,768 [ForkJoinPool.commonPool-worker-0] INFO  impl.PendingRequests (PendingRequests.java:sendNotLeaderResponses(202)) - 789644c6-b1e7-452a-be32-1d295418bb68-PendingRequests: sendNotLeaderResponses
2019-09-26 20:40:09,769 [main] INFO  impl.StateMachineUpdater (StateMachineUpdater.java:stopAndJoin(125)) - 23e65fe1-92f4-4d18-88b6-12afdf835ab8@group-51CC256165FC-StateMachineUpdater: set stopIndex = 0
2019-09-26 20:40:09,772 [main] INFO  impl.RaftServerImpl (ServerState.java:close(385)) - 23e65fe1-92f4-4d18-88b6-12afdf835ab8@group-51CC256165FC: closes. applyIndex: 0
2019-09-26 20:40:09,771 [ForkJoinPool.commonPool-worker-0] INFO  impl.StateMachineUpdater (StateMachineUpdater.java:stopAndJoin(125)) - 789644c6-b1e7-452a-be32-1d295418bb68@group-E2B3CFB2BAD3-StateMachineUpdater: set stopIndex = 2
2019-09-26 20:40:09,772 [ForkJoinPool.commonPool-worker-0] INFO  impl.RaftServerImpl (ServerState.java:close(385)) - 789644c6-b1e7-452a-be32-1d295418bb68@group-E2B3CFB2BAD3: closes. applyIndex: 2
2019-09-26 20:40:09,773 [23e65fe1-92f4-4d18-88b6-12afdf835ab8@group-51CC256165FC-SegmentedRaftLogWorker] INFO  segmented.SegmentedRaftLogWorker (SegmentedRaftLogWorker.java:run(313)) - 23e65fe1-92f4-4d18-88b6-12afdf835ab8@group-51CC256165FC-SegmentedRaftLogWorker was interrupted, exiting. There are 0 tasks remaining in the queue.
2019-09-26 20:40:09,773 [789644c6-b1e7-452a-be32-1d295418bb68@group-E2B3CFB2BAD3-SegmentedRaftLogWorker] INFO  segmented.SegmentedRaftLogWorker (SegmentedRaftLogWorker.java:run(313)) - 789644c6-b1e7-452a-be32-1d295418bb68@group-E2B3CFB2BAD3-SegmentedRaftLogWorker was interrupted, exiting. There are 0 tasks remaining in the queue.
2019-09-26 20:40:09,773 [main] INFO  segmented.SegmentedRaftLogWorker (SegmentedRaftLogWorker.java:close(228)) - 23e65fe1-92f4-4d18-88b6-12afdf835ab8@group-51CC256165FC-SegmentedRaftLogWorker close()
2019-09-26 20:40:09,773 [ForkJoinPool.commonPool-worker-0] INFO  segmented.SegmentedRaftLogWorker (SegmentedRaftLogWorker.java:close(228)) - 789644c6-b1e7-452a-be32-1d295418bb68@group-E2B3CFB2BAD3-SegmentedRaftLogWorker close()
2019-09-26 20:40:09,774 [main] INFO  server.GrpcService (GrpcService.java:closeImpl(164)) - 23e65fe1-92f4-4d18-88b6-12afdf835ab8: shutdown server with port 46202 now
2019-09-26 20:40:09,774 [ForkJoinPool.commonPool-worker-0] INFO  server.GrpcService (GrpcService.java:closeImpl(164)) - 789644c6-b1e7-452a-be32-1d295418bb68: shutdown server with port 42694 now
2019-09-26 20:40:09,774 [main] INFO  server.GrpcService (GrpcService.java:closeImpl(172)) - 23e65fe1-92f4-4d18-88b6-12afdf835ab8: shutdown server with port 46202 successfully
2019-09-26 20:40:09,775 [ForkJoinPool.commonPool-worker-0] INFO  server.GrpcService (GrpcService.java:closeImpl(172)) - 789644c6-b1e7-452a-be32-1d295418bb68: shutdown server with port 42694 successfully
2019-09-26 20:40:09,777 [refreshUsed-/workdir/hadoop-ozone/integration-test/target/test-dir/MiniOzoneClusterImpl-6cd5981c-8f90-4fde-9f17-131d20e6bdb9/datanode-4/data/containers] WARN  fs.CachingGetSpaceUsed (CachingGetSpaceUsed.java:run(183)) - Thread Interrupted waiting to refresh disk information: sleep interrupted
2019-09-26 20:40:09,787 [refreshUsed-/workdir/hadoop-ozone/integration-test/target/test-dir/MiniOzoneClusterImpl-6cd5981c-8f90-4fde-9f17-131d20e6bdb9/datanode-0/data/containers] WARN  fs.CachingGetSpaceUsed (CachingGetSpaceUsed.java:run(183)) - Thread Interrupted waiting to refresh disk information: sleep interrupted
2019-09-26 20:40:09,798 [main] INFO  utils.BackgroundService (BackgroundService.java:shutdown(148)) - Shutting down service BlockDeletingService
2019-09-26 20:40:09,798 [ForkJoinPool.commonPool-worker-0] INFO  utils.BackgroundService (BackgroundService.java:shutdown(148)) - Shutting down service BlockDeletingService
2019-09-26 20:40:09,802 [main] INFO  statemachine.DatanodeStateMachine (DatanodeStateMachine.java:stopDaemon(395)) - Ozone container server stopped.
2019-09-26 20:40:09,803 [ForkJoinPool.commonPool-worker-0] INFO  statemachine.DatanodeStateMachine (DatanodeStateMachine.java:stopDaemon(395)) - Ozone container server stopped.
2019-09-26 20:40:09,805 [main] INFO  handler.ContextHandler (ContextHandler.java:doStop(910)) - Stopped o.e.j.w.WebAppContext@3b55dd15{/,null,UNAVAILABLE}{/hddsDatanode}
2019-09-26 20:40:09,805 [ForkJoinPool.commonPool-worker-0] INFO  handler.ContextHandler (ContextHandler.java:doStop(910)) - Stopped o.e.j.w.WebAppContext@772caabe{/,null,UNAVAILABLE}{/hddsDatanode}
2019-09-26 20:40:09,806 [main] INFO  server.AbstractConnector (AbstractConnector.java:doStop(318)) - Stopped ServerConnector@f3560d4{HTTP/1.1,[http/1.1]}{0.0.0.0:0}
2019-09-26 20:40:09,806 [ForkJoinPool.commonPool-worker-0] INFO  server.AbstractConnector (AbstractConnector.java:doStop(318)) - Stopped ServerConnector@2acdcce8{HTTP/1.1,[http/1.1]}{0.0.0.0:0}
2019-09-26 20:40:09,807 [main] INFO  handler.ContextHandler (ContextHandler.java:doStop(910)) - Stopped o.e.j.s.ServletContextHandler@3ff54f3d{/static,jar:file:/home/user/.m2/repository/org/apache/hadoop/hadoop-hdds-container-service/0.5.0-SNAPSHOT/hadoop-hdds-container-service-0.5.0-SNAPSHOT.jar!/webapps/static,UNAVAILABLE}
2019-09-26 20:40:09,807 [ForkJoinPool.commonPool-worker-0] INFO  handler.ContextHandler (ContextHandler.java:doStop(910)) - Stopped o.e.j.s.ServletContextHandler@4a8a0099{/static,jar:file:/home/user/.m2/repository/org/apache/hadoop/hadoop-hdds-container-service/0.5.0-SNAPSHOT/hadoop-hdds-container-service-0.5.0-SNAPSHOT.jar!/webapps/static,UNAVAILABLE}
2019-09-26 20:40:09,807 [main] INFO  handler.ContextHandler (ContextHandler.java:doStop(910)) - Stopped o.e.j.s.ServletContextHandler@7b61bf11{/logs,file:///workdir/hadoop-ozone/integration-test/target/log,UNAVAILABLE}
2019-09-26 20:40:09,807 [ForkJoinPool.commonPool-worker-0] INFO  handler.ContextHandler (ContextHandler.java:doStop(910)) - Stopped o.e.j.s.ServletContextHandler@74f827ad{/logs,file:///workdir/hadoop-ozone/integration-test/target/log,UNAVAILABLE}
2019-09-26 20:40:09,808 [main] INFO  ozone.MiniOzoneClusterImpl (MiniOzoneClusterImpl.java:stopSCM(392)) - Stopping the StorageContainerManager
2019-09-26 20:40:09,809 [main] INFO  server.StorageContainerManager (StorageContainerManager.java:stop(808)) - Stopping Replication Manager Service.
2019-09-26 20:40:09,809 [main] INFO  container.ReplicationManager (ReplicationManager.java:stop(203)) - Stopping Replication Monitor Thread.
2019-09-26 20:40:09,809 [main] INFO  server.StorageContainerManager (StorageContainerManager.java:stop(815)) - Stopping Lease Manager of the command watchers
2019-09-26 20:40:09,809 [main] INFO  server.StorageContainerManager (StorageContainerManager.java:stop(822)) - Stopping datanode service RPC server
2019-09-26 20:40:09,809 [main] INFO  server.SCMDatanodeProtocolServer (SCMDatanodeProtocolServer.java:stop(367)) - Stopping the RPC server for DataNodes
2019-09-26 20:40:09,809 [main] INFO  ipc.Server (Server.java:stop(3082)) - Stopping server on 41931
2019-09-26 20:40:09,812 [IPC Server listener on 41931] INFO  ipc.Server (Server.java:run(1185)) - Stopping IPC Server listener on 41931
2019-09-26 20:40:09,812 [IPC Server Responder] INFO  ipc.Server (Server.java:run(1319)) - Stopping IPC Server Responder
2019-09-26 20:40:09,869 [SCM Heartbeat Processing Thread - 0] WARN  node.NodeStateManager (NodeStateManager.java:scheduleNextHealthCheck(646)) - Current Thread is interrupted, shutting down HB processing thread for Node Manager.
2019-09-26 20:40:09,869 [main] INFO  server.StorageContainerManager (StorageContainerManager.java:stop(830)) - Stopping block service RPC server
2019-09-26 20:40:09,869 [main] INFO  server.SCMBlockProtocolServer (SCMBlockProtocolServer.java:stop(155)) - Stopping the RPC server for Block Protocol
2019-09-26 20:40:09,869 [main] INFO  ipc.Server (Server.java:stop(3082)) - Stopping server on 35558
2019-09-26 20:40:09,872 [IPC Server listener on 35558] INFO  ipc.Server (Server.java:run(1185)) - Stopping IPC Server listener on 35558
2019-09-26 20:40:09,872 [main] INFO  server.StorageContainerManager (StorageContainerManager.java:stop(837)) - Stopping the StorageContainerLocationProtocol RPC server
2019-09-26 20:40:09,873 [IPC Server Responder] INFO  ipc.Server (Server.java:run(1319)) - Stopping IPC Server Responder
2019-09-26 20:40:09,873 [main] INFO  server.SCMClientProtocolServer (SCMClientProtocolServer.java:stop(159)) - Stopping the RPC server for Client Protocol
2019-09-26 20:40:09,874 [main] INFO  ipc.Server (Server.java:stop(3082)) - Stopping server on 33464
2019-09-26 20:40:09,876 [main] INFO  server.StorageContainerManager (StorageContainerManager.java:stop(844)) - Stopping Storage Container Manager HTTP server.
2019-09-26 20:40:09,876 [IPC Server listener on 33464] INFO  ipc.Server (Server.java:run(1185)) - Stopping IPC Server listener on 33464
2019-09-26 20:40:09,877 [IPC Server Responder] INFO  ipc.Server (Server.java:run(1319)) - Stopping IPC Server Responder
2019-09-26 20:40:09,879 [main] INFO  handler.ContextHandler (ContextHandler.java:doStop(910)) - Stopped o.e.j.w.WebAppContext@7f2d31af{/,null,UNAVAILABLE}{/scm}
2019-09-26 20:40:09,880 [main] INFO  server.AbstractConnector (AbstractConnector.java:doStop(318)) - Stopped ServerConnector@2e7157c7{HTTP/1.1,[http/1.1]}{0.0.0.0:0}
2019-09-26 20:40:09,880 [main] INFO  handler.ContextHandler (ContextHandler.java:doStop(910)) - Stopped o.e.j.s.ServletContextHandler@1697f2b3{/static,file:///workdir/hadoop-ozone/integration-test/target/test-classes/webapps/static,UNAVAILABLE}
2019-09-26 20:40:09,880 [main] INFO  handler.ContextHandler (ContextHandler.java:doStop(910)) - Stopped o.e.j.s.ServletContextHandler@4f8d86e4{/logs,file:///workdir/hadoop-ozone/integration-test/target/log,UNAVAILABLE}
2019-09-26 20:40:09,881 [main] INFO  server.StorageContainerManager (StorageContainerManager.java:stop(855)) - Stopping Block Manager Service.
2019-09-26 20:40:09,881 [main] INFO  utils.BackgroundService (BackgroundService.java:shutdown(148)) - Shutting down service SCMBlockDeletingService
2019-09-26 20:40:09,882 [main] INFO  utils.BackgroundService (BackgroundService.java:shutdown(148)) - Shutting down service SCMBlockDeletingService
2019-09-26 20:40:09,882 [main] INFO  server.StorageContainerManager (StorageContainerManager.java:stop(877)) - Stopping SCM Event Queue.
2019-09-26 20:40:09,887 [main] INFO  impl.MetricsSystemImpl (MetricsSystemImpl.java:stop(210)) - Stopping HddsDatanode metrics system...
2019-09-26 20:40:09,903 [main] INFO  impl.MetricsSystemImpl (MetricsSystemImpl.java:stop(216)) - HddsDatanode metrics system stopped.
]]></system-out>
    <system-err><![CDATA[Sep 26, 2019 8:40:04 PM org.apache.ratis.thirdparty.io.grpc.internal.SerializingExecutor run
SEVERE: Exception while executing runnable org.apache.ratis.thirdparty.io.grpc.internal.ServerImpl$JumpToApplicationThreadServerStreamListener$1Closed@42f80561
org.apache.ratis.thirdparty.io.grpc.StatusRuntimeException: CANCELLED: call already cancelled
	at org.apache.ratis.thirdparty.io.grpc.Status.asRuntimeException(Status.java:517)
	at org.apache.ratis.thirdparty.io.grpc.stub.ServerCalls$ServerCallStreamObserverImpl.onCompleted(ServerCalls.java:356)
	at org.apache.ratis.grpc.server.GrpcServerProtocolService$ServerRequestStreamObserver.onError(GrpcServerProtocolService.java:121)
	at org.apache.ratis.thirdparty.io.grpc.stub.ServerCalls$StreamingServerCallHandler$StreamingServerCallListener.onCancel(ServerCalls.java:269)
	at org.apache.ratis.thirdparty.io.grpc.internal.ServerCallImpl$ServerStreamListenerImpl.closed(ServerCallImpl.java:293)
	at org.apache.ratis.thirdparty.io.grpc.internal.ServerImpl$JumpToApplicationThreadServerStreamListener$1Closed.runInContext(ServerImpl.java:741)
	at org.apache.ratis.thirdparty.io.grpc.internal.ContextRunnable.run(ContextRunnable.java:37)
	at org.apache.ratis.thirdparty.io.grpc.internal.SerializingExecutor.run(SerializingExecutor.java:123)
	at java.util.concurrent.ThreadPoolExecutor.runWorker(ThreadPoolExecutor.java:1149)
	at java.util.concurrent.ThreadPoolExecutor$Worker.run(ThreadPoolExecutor.java:624)
	at java.lang.Thread.run(Thread.java:748)

Sep 26, 2019 8:40:04 PM org.apache.ratis.thirdparty.io.grpc.internal.SerializingExecutor run
SEVERE: Exception while executing runnable org.apache.ratis.thirdparty.io.grpc.internal.ServerImpl$JumpToApplicationThreadServerStreamListener$1Closed@7a774e30
org.apache.ratis.thirdparty.io.grpc.StatusRuntimeException: CANCELLED: call already cancelled
	at org.apache.ratis.thirdparty.io.grpc.Status.asRuntimeException(Status.java:517)
	at org.apache.ratis.thirdparty.io.grpc.stub.ServerCalls$ServerCallStreamObserverImpl.onCompleted(ServerCalls.java:356)
	at org.apache.ratis.grpc.server.GrpcServerProtocolService$ServerRequestStreamObserver.onError(GrpcServerProtocolService.java:121)
	at org.apache.ratis.thirdparty.io.grpc.stub.ServerCalls$StreamingServerCallHandler$StreamingServerCallListener.onCancel(ServerCalls.java:269)
	at org.apache.ratis.thirdparty.io.grpc.internal.ServerCallImpl$ServerStreamListenerImpl.closed(ServerCallImpl.java:293)
	at org.apache.ratis.thirdparty.io.grpc.internal.ServerImpl$JumpToApplicationThreadServerStreamListener$1Closed.runInContext(ServerImpl.java:741)
	at org.apache.ratis.thirdparty.io.grpc.internal.ContextRunnable.run(ContextRunnable.java:37)
	at org.apache.ratis.thirdparty.io.grpc.internal.SerializingExecutor.run(SerializingExecutor.java:123)
	at java.util.concurrent.ThreadPoolExecutor.runWorker(ThreadPoolExecutor.java:1149)
	at java.util.concurrent.ThreadPoolExecutor$Worker.run(ThreadPoolExecutor.java:624)
	at java.lang.Thread.run(Thread.java:748)

]]></system-err>
  </testcase>
</testsuite>