<?xml version="1.0" encoding="UTF-8"?>
<testsuite xmlns:xsi="http://www.w3.org/2001/XMLSchema-instance" xsi:noNamespaceSchemaLocation="https://maven.apache.org/surefire/maven-surefire-plugin/xsd/surefire-test-report.xsd" name="org.apache.hadoop.ozone.client.rpc.TestOzoneAtRestEncryption" time="149.637" tests="1" errors="1" skipped="0" failures="0">
  <properties>
    <property name="awt.toolkit" value="sun.awt.X11.XToolkit"/>
    <property name="file.encoding.pkg" value="sun.io"/>
    <property name="java.specification.version" value="1.8"/>
    <property name="sun.cpu.isalist" value=""/>
    <property name="sun.jnu.encoding" value="UTF-8"/>
    <property name="java.class.path" value="/workdir/hadoop-ozone/integration-test/target/test-classes:/workdir/hadoop-ozone/integration-test/target/classes:/home/user/.m2/repository/org/apache/hadoop/hadoop-ozone-common/0.5.0-SNAPSHOT/hadoop-ozone-common-0.5.0-SNAPSHOT.jar:/home/user/.m2/repository/org/apache/commons/commons-compress/1.4.1/commons-compress-1.4.1.jar:/home/user/.m2/repository/org/tukaani/xz/1.0/xz-1.0.jar:/home/user/.m2/repository/org/apache/hadoop/hadoop-common/3.2.0/hadoop-common-3.2.0.jar:/home/user/.m2/repository/org/apache/hadoop/hadoop-hdfs/3.2.0/hadoop-hdfs-3.2.0.jar:/home/user/.m2/repository/org/apache/hadoop/hadoop-hdfs-client/3.2.0/hadoop-hdfs-client-3.2.0.jar:/home/user/.m2/repository/com/fasterxml/jackson/core/jackson-annotations/2.9.9/jackson-annotations-2.9.9.jar:/home/user/.m2/repository/org/apache/hadoop/hadoop-hdds-common/0.5.0-SNAPSHOT/hadoop-hdds-common-0.5.0-SNAPSHOT.jar:/home/user/.m2/repository/javax/annotation/javax.annotation-api/1.2/javax.annotation-api-1.2.jar:/home/user/.m2/repository/org/apache/ratis/ratis-server/0.4.0/ratis-server-0.4.0.jar:/home/user/.m2/repository/org/apache/ratis/ratis-thirdparty-misc/0.2.0/ratis-thirdparty-misc-0.2.0.jar:/home/user/.m2/repository/org/apache/ratis/ratis-proto/0.4.0/ratis-proto-0.4.0.jar:/home/user/.m2/repository/org/apache/ratis/ratis-common/0.4.0/ratis-common-0.4.0.jar:/home/user/.m2/repository/org/apache/ratis/ratis-client/0.4.0/ratis-client-0.4.0.jar:/home/user/.m2/repository/org/apache/ratis/ratis-metrics/0.4.0/ratis-metrics-0.4.0.jar:/home/user/.m2/repository/com/github/joshelser/dropwizard-metrics-hadoop-metrics2-reporter/0.1.2/dropwizard-metrics-hadoop-metrics2-reporter-0.1.2.jar:/home/user/.m2/repository/io/dropwizard/metrics/metrics-jvm/3.2.5/metrics-jvm-3.2.5.jar:/home/user/.m2/repository/io/dropwizard/metrics/metrics-ganglia/3.2.5/metrics-ganglia-3.2.5.jar:/home/user/.m2/repository/info/ganglia/gmetric4j/gmetric4j/1.0.7/gmetric4j-1.0.7.jar:/home/user/.m2/repository/org/apache/ratis/ratis-netty/0.4.0/ratis-netty-0.4.0.jar:/home/user/.m2/repository/org/apache/ratis/ratis-grpc/0.4.0/ratis-grpc-0.4.0.jar:/home/user/.m2/repository/org/rocksdb/rocksdbjni/6.0.1/rocksdbjni-6.0.1.jar:/home/user/.m2/repository/org/apache/logging/log4j/log4j-api/2.11.0/log4j-api-2.11.0.jar:/home/user/.m2/repository/org/apache/logging/log4j/log4j-core/2.11.0/log4j-core-2.11.0.jar:/home/user/.m2/repository/com/lmax/disruptor/3.4.2/disruptor-3.4.2.jar:/home/user/.m2/repository/org/apache/commons/commons-pool2/2.6.0/commons-pool2-2.6.0.jar:/home/user/.m2/repository/org/bouncycastle/bcpkix-jdk15on/1.60/bcpkix-jdk15on-1.60.jar:/home/user/.m2/repository/commons-validator/commons-validator/1.6/commons-validator-1.6.jar:/home/user/.m2/repository/commons-digester/commons-digester/1.8.1/commons-digester-1.8.1.jar:/home/user/.m2/repository/io/jaegertracing/jaeger-client/0.34.0/jaeger-client-0.34.0.jar:/home/user/.m2/repository/io/jaegertracing/jaeger-thrift/0.34.0/jaeger-thrift-0.34.0.jar:/home/user/.m2/repository/org/apache/thrift/libthrift/0.12.0/libthrift-0.12.0.jar:/home/user/.m2/repository/com/squareup/okhttp3/okhttp/3.9.0/okhttp-3.9.0.jar:/home/user/.m2/repository/com/squareup/okio/okio/1.13.0/okio-1.13.0.jar:/home/user/.m2/repository/io/jaegertracing/jaeger-core/0.34.0/jaeger-core-0.34.0.jar:/home/user/.m2/repository/io/jaegertracing/jaeger-tracerresolver/0.34.0/jaeger-tracerresolver-0.34.0.jar:/home/user/.m2/repository/io/opentracing/contrib/opentracing-tracerresolver/0.1.5/opentracing-tracerresolver-0.1.5.jar:/home/user/.m2/repository/io/opentracing/opentracing-util/0.31.0/opentracing-util-0.31.0.jar:/home/user/.m2/repository/io/opentracing/opentracing-api/0.31.0/opentracing-api-0.31.0.jar:/home/user/.m2/repository/io/opentracing/opentracing-noop/0.31.0/opentracing-noop-0.31.0.jar:/home/user/.m2/repository/org/apache/hadoop/hadoop-hdds-server-framework/0.5.0-SNAPSHOT/hadoop-hdds-server-framework-0.5.0-SNAPSHOT.jar:/home/user/.m2/repository/org/apache/hadoop/hadoop-hdds-container-service/0.5.0-SNAPSHOT/hadoop-hdds-container-service-0.5.0-SNAPSHOT.jar:/home/user/.m2/repository/org/apache/hadoop/hadoop-hdds-client/0.5.0-SNAPSHOT/hadoop-hdds-client-0.5.0-SNAPSHOT.jar:/home/user/.m2/repository/org/apache/hadoop/hadoop-hdds-tools/0.5.0-SNAPSHOT/hadoop-hdds-tools-0.5.0-SNAPSHOT.jar:/home/user/.m2/repository/org/apache/hadoop/hadoop-hdds-server-scm/0.5.0-SNAPSHOT/hadoop-hdds-server-scm-0.5.0-SNAPSHOT.jar:/home/user/.m2/repository/org/apache/hadoop/hadoop-hdds-docs/0.5.0-SNAPSHOT/hadoop-hdds-docs-0.5.0-SNAPSHOT.jar:/home/user/.m2/repository/io/dropwizard/metrics/metrics-core/3.2.4/metrics-core-3.2.4.jar:/home/user/.m2/repository/org/hamcrest/hamcrest-all/1.3/hamcrest-all-1.3.jar:/home/user/.m2/repository/org/bouncycastle/bcprov-jdk15on/1.60/bcprov-jdk15on-1.60.jar:/home/user/.m2/repository/info/picocli/picocli/3.9.6/picocli-3.9.6.jar:/home/user/.m2/repository/com/google/protobuf/protobuf-java/2.5.0/protobuf-java-2.5.0.jar:/home/user/.m2/repository/com/google/guava/guava/11.0.2/guava-11.0.2.jar:/home/user/.m2/repository/org/apache/hadoop/hadoop-ozone-ozone-manager/0.5.0-SNAPSHOT/hadoop-ozone-ozone-manager-0.5.0-SNAPSHOT.jar:/home/user/.m2/repository/org/apache/hadoop/hadoop-minikdc/3.2.0/hadoop-minikdc-3.2.0.jar:/home/user/.m2/repository/commons-io/commons-io/2.5/commons-io-2.5.jar:/home/user/.m2/repository/org/apache/kerby/kerb-simplekdc/1.0.1/kerb-simplekdc-1.0.1.jar:/home/user/.m2/repository/org/apache/kerby/kerb-client/1.0.1/kerb-client-1.0.1.jar:/home/user/.m2/repository/org/apache/kerby/kerby-config/1.0.1/kerby-config-1.0.1.jar:/home/user/.m2/repository/org/apache/kerby/kerb-core/1.0.1/kerb-core-1.0.1.jar:/home/user/.m2/repository/org/apache/kerby/kerby-pkix/1.0.1/kerby-pkix-1.0.1.jar:/home/user/.m2/repository/org/apache/kerby/kerby-asn1/1.0.1/kerby-asn1-1.0.1.jar:/home/user/.m2/repository/org/apache/kerby/kerby-util/1.0.1/kerby-util-1.0.1.jar:/home/user/.m2/repository/org/apache/kerby/kerb-common/1.0.1/kerb-common-1.0.1.jar:/home/user/.m2/repository/org/apache/kerby/kerb-crypto/1.0.1/kerb-crypto-1.0.1.jar:/home/user/.m2/repository/org/apache/kerby/kerb-util/1.0.1/kerb-util-1.0.1.jar:/home/user/.m2/repository/org/apache/kerby/token-provider/1.0.1/token-provider-1.0.1.jar:/home/user/.m2/repository/org/apache/kerby/kerb-admin/1.0.1/kerb-admin-1.0.1.jar:/home/user/.m2/repository/org/apache/kerby/kerb-server/1.0.1/kerb-server-1.0.1.jar:/home/user/.m2/repository/org/apache/kerby/kerb-identity/1.0.1/kerb-identity-1.0.1.jar:/home/user/.m2/repository/org/apache/kerby/kerby-xdr/1.0.1/kerby-xdr-1.0.1.jar:/home/user/.m2/repository/org/slf4j/slf4j-log4j12/1.7.25/slf4j-log4j12-1.7.25.jar:/home/user/.m2/repository/org/apache/hadoop/hadoop-ozone-s3gateway/0.5.0-SNAPSHOT/hadoop-ozone-s3gateway-0.5.0-SNAPSHOT.jar:/home/user/.m2/repository/org/jboss/weld/servlet/weld-servlet/2.4.7.Final/weld-servlet-2.4.7.Final.jar:/home/user/.m2/repository/org/glassfish/jersey/containers/jersey-container-servlet-core/2.27/jersey-container-servlet-core-2.27.jar:/home/user/.m2/repository/org/glassfish/hk2/external/javax.inject/2.5.0-b42/javax.inject-2.5.0-b42.jar:/home/user/.m2/repository/org/glassfish/jersey/core/jersey-common/2.27/jersey-common-2.27.jar:/home/user/.m2/repository/org/glassfish/hk2/osgi-resource-locator/1.0.1/osgi-resource-locator-1.0.1.jar:/home/user/.m2/repository/javax/ws/rs/javax.ws.rs-api/2.1/javax.ws.rs-api-2.1.jar:/home/user/.m2/repository/org/glassfish/jersey/ext/cdi/jersey-cdi1x/2.27/jersey-cdi1x-2.27.jar:/home/user/.m2/repository/org/glassfish/jersey/inject/jersey-hk2/2.27/jersey-hk2-2.27.jar:/home/user/.m2/repository/org/glassfish/hk2/hk2-locator/2.5.0-b42/hk2-locator-2.5.0-b42.jar:/home/user/.m2/repository/org/javassist/javassist/3.22.0-CR2/javassist-3.22.0-CR2.jar:/home/user/.m2/repository/org/glassfish/hk2/hk2-api/2.5.0/hk2-api-2.5.0.jar:/home/user/.m2/repository/org/glassfish/hk2/external/jakarta.inject/2.5.0/jakarta.inject-2.5.0.jar:/home/user/.m2/repository/org/glassfish/hk2/hk2-utils/2.5.0/hk2-utils-2.5.0.jar:/home/user/.m2/repository/jakarta/annotation/jakarta.annotation-api/1.3.4/jakarta.annotation-api-1.3.4.jar:/home/user/.m2/repository/org/glassfish/hk2/external/aopalliance-repackaged/2.5.0/aopalliance-repackaged-2.5.0.jar:/home/user/.m2/repository/com/fasterxml/jackson/dataformat/jackson-dataformat-xml/2.9.0/jackson-dataformat-xml-2.9.0.jar:/home/user/.m2/repository/com/fasterxml/jackson/core/jackson-core/2.9.9/jackson-core-2.9.9.jar:/home/user/.m2/repository/com/fasterxml/jackson/module/jackson-module-jaxb-annotations/2.9.9/jackson-module-jaxb-annotations-2.9.9.jar:/home/user/.m2/repository/javax/enterprise/cdi-api/1.2/cdi-api-1.2.jar:/home/user/.m2/repository/javax/el/javax.el-api/3.0.0/javax.el-api-3.0.0.jar:/home/user/.m2/repository/javax/interceptor/javax.interceptor-api/1.2/javax.interceptor-api-1.2.jar:/home/user/.m2/repository/javax/inject/javax.inject/1/javax.inject-1.jar:/home/user/.m2/repository/com/sun/xml/bind/jaxb-impl/2.3.0.1/jaxb-impl-2.3.0.1.jar:/home/user/.m2/repository/com/sun/xml/bind/jaxb-core/2.3.0.1/jaxb-core-2.3.0.1.jar:/home/user/.m2/repository/javax/xml/bind/jaxb-api/2.3.0/jaxb-api-2.3.0.jar:/home/user/.m2/repository/javax/activation/activation/1.1.1/activation-1.1.1.jar:/home/user/.m2/repository/org/apache/hadoop/hadoop-ozone-csi/0.5.0-SNAPSHOT/hadoop-ozone-csi-0.5.0-SNAPSHOT.jar:/home/user/.m2/repository/com/google/protobuf/protobuf-java-util/3.5.1/protobuf-java-util-3.5.1.jar:/home/user/.m2/repository/org/apache/hadoop/hadoop-hdds-config/0.5.0-SNAPSHOT/hadoop-hdds-config-0.5.0-SNAPSHOT.jar:/home/user/.m2/repository/io/grpc/grpc-netty/1.17.1/grpc-netty-1.17.1.jar:/home/user/.m2/repository/io/grpc/grpc-core/1.17.1/grpc-core-1.17.1.jar:/home/user/.m2/repository/io/grpc/grpc-context/1.17.1/grpc-context-1.17.1.jar:/home/user/.m2/repository/com/google/errorprone/error_prone_annotations/2.2.0/error_prone_annotations-2.2.0.jar:/home/user/.m2/repository/org/codehaus/mojo/animal-sniffer-annotations/1.17/animal-sniffer-annotations-1.17.jar:/home/user/.m2/repository/io/opencensus/opencensus-api/0.17.0/opencensus-api-0.17.0.jar:/home/user/.m2/repository/io/opencensus/opencensus-contrib-grpc-metrics/0.17.0/opencensus-contrib-grpc-metrics-0.17.0.jar:/home/user/.m2/repository/io/netty/netty-codec-http2/4.1.30.Final/netty-codec-http2-4.1.30.Final.jar:/home/user/.m2/repository/io/netty/netty-codec-http/4.1.30.Final/netty-codec-http-4.1.30.Final.jar:/home/user/.m2/repository/io/netty/netty-codec/4.1.30.Final/netty-codec-4.1.30.Final.jar:/home/user/.m2/repository/io/netty/netty-handler/4.1.30.Final/netty-handler-4.1.30.Final.jar:/home/user/.m2/repository/io/netty/netty-handler-proxy/4.1.30.Final/netty-handler-proxy-4.1.30.Final.jar:/home/user/.m2/repository/io/netty/netty-codec-socks/4.1.30.Final/netty-codec-socks-4.1.30.Final.jar:/home/user/.m2/repository/io/netty/netty-transport-native-epoll/4.1.30.Final/netty-transport-native-epoll-4.1.30.Final.jar:/home/user/.m2/repository/io/netty/netty-common/4.1.30.Final/netty-common-4.1.30.Final.jar:/home/user/.m2/repository/io/netty/netty-buffer/4.1.30.Final/netty-buffer-4.1.30.Final.jar:/home/user/.m2/repository/io/netty/netty-transport/4.1.30.Final/netty-transport-4.1.30.Final.jar:/home/user/.m2/repository/io/netty/netty-resolver/4.1.30.Final/netty-resolver-4.1.30.Final.jar:/home/user/.m2/repository/io/netty/netty-transport-native-unix-common/4.1.30.Final/netty-transport-native-unix-common-4.1.30.Final.jar:/home/user/.m2/repository/io/grpc/grpc-protobuf/1.17.1/grpc-protobuf-1.17.1.jar:/home/user/.m2/repository/com/google/api/grpc/proto-google-common-protos/1.0.0/proto-google-common-protos-1.0.0.jar:/home/user/.m2/repository/io/grpc/grpc-protobuf-lite/1.17.1/grpc-protobuf-lite-1.17.1.jar:/home/user/.m2/repository/io/grpc/grpc-stub/1.17.1/grpc-stub-1.17.1.jar:/home/user/.m2/repository/org/apache/hadoop/hadoop-ozone-recon/0.5.0-SNAPSHOT/hadoop-ozone-recon-0.5.0-SNAPSHOT.jar:/home/user/.m2/repository/org/apache/hadoop/hadoop-ozone-reconcodegen/0.5.0-SNAPSHOT/hadoop-ozone-reconcodegen-0.5.0-SNAPSHOT.jar:/home/user/.m2/repository/com/google/inject/extensions/guice-multibindings/4.0/guice-multibindings-4.0.jar:/home/user/.m2/repository/com/google/inject/guice/4.0/guice-4.0.jar:/home/user/.m2/repository/aopalliance/aopalliance/1.0/aopalliance-1.0.jar:/home/user/.m2/repository/com/google/inject/extensions/guice-servlet/4.0/guice-servlet-4.0.jar:/home/user/.m2/repository/org/glassfish/jersey/containers/jersey-container-servlet/2.27/jersey-container-servlet-2.27.jar:/home/user/.m2/repository/org/glassfish/hk2/guice-bridge/2.5.0/guice-bridge-2.5.0.jar:/home/user/.m2/repository/org/glassfish/jersey/core/jersey-server/2.27/jersey-server-2.27.jar:/home/user/.m2/repository/org/glassfish/jersey/core/jersey-client/2.27/jersey-client-2.27.jar:/home/user/.m2/repository/org/glassfish/jersey/media/jersey-media-jaxb/2.27/jersey-media-jaxb-2.27.jar:/home/user/.m2/repository/javax/validation/validation-api/1.1.0.Final/validation-api-1.1.0.Final.jar:/home/user/.m2/repository/org/glassfish/jersey/media/jersey-media-json-jackson/2.27/jersey-media-json-jackson-2.27.jar:/home/user/.m2/repository/org/glassfish/jersey/ext/jersey-entity-filtering/2.27/jersey-entity-filtering-2.27.jar:/home/user/.m2/repository/com/google/inject/extensions/guice-assistedinject/4.0/guice-assistedinject-4.0.jar:/home/user/.m2/repository/org/jooq/jooq/3.11.10/jooq-3.11.10.jar:/home/user/.m2/repository/org/jooq/jooq-meta/3.11.10/jooq-meta-3.11.10.jar:/home/user/.m2/repository/org/jooq/jooq-codegen/3.11.10/jooq-codegen-3.11.10.jar:/home/user/.m2/repository/com/jolbox/bonecp/0.8.0.RELEASE/bonecp-0.8.0.RELEASE.jar:/home/user/.m2/repository/org/xerial/sqlite-jdbc/3.25.2/sqlite-jdbc-3.25.2.jar:/home/user/.m2/repository/org/springframework/spring-jdbc/5.1.3.RELEASE/spring-jdbc-5.1.3.RELEASE.jar:/home/user/.m2/repository/org/springframework/spring-beans/5.1.3.RELEASE/spring-beans-5.1.3.RELEASE.jar:/home/user/.m2/repository/org/springframework/spring-core/5.1.3.RELEASE/spring-core-5.1.3.RELEASE.jar:/home/user/.m2/repository/org/springframework/spring-jcl/5.1.3.RELEASE/spring-jcl-5.1.3.RELEASE.jar:/home/user/.m2/repository/org/springframework/spring-tx/5.1.3.RELEASE/spring-tx-5.1.3.RELEASE.jar:/home/user/.m2/repository/org/apache/hadoop/hadoop-ozone-client/0.5.0-SNAPSHOT/hadoop-ozone-client-0.5.0-SNAPSHOT.jar:/home/user/.m2/repository/commons-lang/commons-lang/2.6/commons-lang-2.6.jar:/home/user/.m2/repository/org/apache/hadoop/hadoop-ozone-ozone-manager/0.5.0-SNAPSHOT/hadoop-ozone-ozone-manager-0.5.0-SNAPSHOT-tests.jar:/home/user/.m2/repository/junit/junit/4.11/junit-4.11.jar:/home/user/.m2/repository/org/hamcrest/hamcrest-core/1.3/hamcrest-core-1.3.jar:/home/user/.m2/repository/org/openjdk/jmh/jmh-core/1.19/jmh-core-1.19.jar:/home/user/.m2/repository/net/sf/jopt-simple/jopt-simple/4.6/jopt-simple-4.6.jar:/home/user/.m2/repository/org/apache/commons/commons-math3/3.1.1/commons-math3-3.1.1.jar:/home/user/.m2/repository/org/openjdk/jmh/jmh-generator-annprocess/1.19/jmh-generator-annprocess-1.19.jar:/home/user/.m2/repository/org/mockito/mockito-all/1.8.5/mockito-all-1.8.5.jar:/home/user/.m2/repository/org/apache/hadoop/hadoop-kms/3.2.0/hadoop-kms-3.2.0.jar:/home/user/.m2/repository/org/apache/hadoop/hadoop-auth/3.2.0/hadoop-auth-3.2.0.jar:/home/user/.m2/repository/com/nimbusds/nimbus-jose-jwt/4.41.1/nimbus-jose-jwt-4.41.1.jar:/home/user/.m2/repository/com/github/stephenc/jcip/jcip-annotations/1.0-1/jcip-annotations-1.0-1.jar:/home/user/.m2/repository/net/minidev/json-smart/2.3/json-smart-2.3.jar:/home/user/.m2/repository/net/minidev/accessors-smart/1.2/accessors-smart-1.2.jar:/home/user/.m2/repository/org/ow2/asm/asm/5.0.4/asm-5.0.4.jar:/home/user/.m2/repository/org/apache/curator/curator-framework/2.12.0/curator-framework-2.12.0.jar:/home/user/.m2/repository/com/sun/jersey/jersey-core/1.19/jersey-core-1.19.jar:/home/user/.m2/repository/javax/ws/rs/jsr311-api/1.1.1/jsr311-api-1.1.1.jar:/home/user/.m2/repository/com/sun/jersey/jersey-server/1.19/jersey-server-1.19.jar:/home/user/.m2/repository/javax/servlet/javax.servlet-api/3.1.0/javax.servlet-api-3.1.0.jar:/home/user/.m2/repository/org/eclipse/jetty/jetty-server/9.3.25.v20180904/jetty-server-9.3.25.v20180904.jar:/home/user/.m2/repository/org/eclipse/jetty/jetty-http/9.3.25.v20180904/jetty-http-9.3.25.v20180904.jar:/home/user/.m2/repository/org/eclipse/jetty/jetty-io/9.3.25.v20180904/jetty-io-9.3.25.v20180904.jar:/home/user/.m2/repository/org/eclipse/jetty/jetty-webapp/9.3.25.v20180904/jetty-webapp-9.3.25.v20180904.jar:/home/user/.m2/repository/org/eclipse/jetty/jetty-xml/9.3.25.v20180904/jetty-xml-9.3.25.v20180904.jar:/home/user/.m2/repository/log4j/log4j/1.2.17/log4j-1.2.17.jar:/home/user/.m2/repository/org/slf4j/slf4j-api/1.7.25/slf4j-api-1.7.25.jar:/home/user/.m2/repository/org/slf4j/jul-to-slf4j/1.7.25/jul-to-slf4j-1.7.25.jar:/home/user/.m2/repository/org/eclipse/jetty/jetty-util/9.3.25.v20180904/jetty-util-9.3.25.v20180904.jar:/home/user/.m2/repository/com/fasterxml/jackson/core/jackson-databind/2.9.9/jackson-databind-2.9.9.jar:/home/user/.m2/repository/org/apache/hadoop/hadoop-kms/3.2.0/hadoop-kms-3.2.0-tests.jar:/home/user/.m2/repository/org/apache/hadoop/hadoop-hdds-server-scm/0.5.0-SNAPSHOT/hadoop-hdds-server-scm-0.5.0-SNAPSHOT-tests.jar:/home/user/.m2/repository/org/apache/hadoop/hadoop-hdds-container-service/0.5.0-SNAPSHOT/hadoop-hdds-container-service-0.5.0-SNAPSHOT-tests.jar:/home/user/.m2/repository/org/yaml/snakeyaml/1.16/snakeyaml-1.16.jar:/home/user/.m2/repository/org/apache/hadoop/hadoop-common/3.2.0/hadoop-common-3.2.0-tests.jar:/home/user/.m2/repository/org/apache/hadoop/hadoop-annotations/3.2.0/hadoop-annotations-3.2.0.jar:/usr/lib/jvm/java-1.8-openjdk/jre/../lib/tools.jar:/home/user/.m2/repository/commons-cli/commons-cli/1.2/commons-cli-1.2.jar:/home/user/.m2/repository/org/apache/httpcomponents/httpclient/4.5.2/httpclient-4.5.2.jar:/home/user/.m2/repository/org/apache/httpcomponents/httpcore/4.4.4/httpcore-4.4.4.jar:/home/user/.m2/repository/commons-codec/commons-codec/1.11/commons-codec-1.11.jar:/home/user/.m2/repository/commons-net/commons-net/3.6/commons-net-3.6.jar:/home/user/.m2/repository/commons-collections/commons-collections/3.2.2/commons-collections-3.2.2.jar:/home/user/.m2/repository/org/eclipse/jetty/jetty-servlet/9.3.25.v20180904/jetty-servlet-9.3.25.v20180904.jar:/home/user/.m2/repository/org/eclipse/jetty/jetty-security/9.3.25.v20180904/jetty-security-9.3.25.v20180904.jar:/home/user/.m2/repository/javax/servlet/jsp/jsp-api/2.1/jsp-api-2.1.jar:/home/user/.m2/repository/com/sun/jersey/jersey-servlet/1.19/jersey-servlet-1.19.jar:/home/user/.m2/repository/com/sun/jersey/jersey-json/1.19/jersey-json-1.19.jar:/home/user/.m2/repository/org/codehaus/jettison/jettison/1.1/jettison-1.1.jar:/home/user/.m2/repository/org/codehaus/jackson/jackson-core-asl/1.9.13/jackson-core-asl-1.9.13.jar:/home/user/.m2/repository/org/codehaus/jackson/jackson-mapper-asl/1.9.13/jackson-mapper-asl-1.9.13.jar:/home/user/.m2/repository/org/codehaus/jackson/jackson-jaxrs/1.9.13/jackson-jaxrs-1.9.13.jar:/home/user/.m2/repository/org/codehaus/jackson/jackson-xc/1.9.13/jackson-xc-1.9.13.jar:/home/user/.m2/repository/commons-logging/commons-logging/1.1.3/commons-logging-1.1.3.jar:/home/user/.m2/repository/commons-beanutils/commons-beanutils/1.9.4/commons-beanutils-1.9.4.jar:/home/user/.m2/repository/org/apache/commons/commons-configuration2/2.1.1/commons-configuration2-2.1.1.jar:/home/user/.m2/repository/org/apache/commons/commons-lang3/3.7/commons-lang3-3.7.jar:/home/user/.m2/repository/org/apache/commons/commons-text/1.4/commons-text-1.4.jar:/home/user/.m2/repository/org/apache/avro/avro/1.7.7/avro-1.7.7.jar:/home/user/.m2/repository/com/thoughtworks/paranamer/paranamer/2.3/paranamer-2.3.jar:/home/user/.m2/repository/org/xerial/snappy/snappy-java/1.0.5/snappy-java-1.0.5.jar:/home/user/.m2/repository/com/google/re2j/re2j/1.1/re2j-1.1.jar:/home/user/.m2/repository/com/google/code/gson/gson/2.2.4/gson-2.2.4.jar:/home/user/.m2/repository/com/jcraft/jsch/0.1.54/jsch-0.1.54.jar:/home/user/.m2/repository/org/apache/curator/curator-client/2.12.0/curator-client-2.12.0.jar:/home/user/.m2/repository/org/apache/curator/curator-recipes/2.12.0/curator-recipes-2.12.0.jar:/home/user/.m2/repository/com/google/code/findbugs/jsr305/3.0.0/jsr305-3.0.0.jar:/home/user/.m2/repository/org/apache/htrace/htrace-core4/4.1.0-incubating/htrace-core4-4.1.0-incubating.jar:/home/user/.m2/repository/org/apache/zookeeper/zookeeper/3.4.13/zookeeper-3.4.13.jar:/home/user/.m2/repository/jline/jline/0.9.94/jline-0.9.94.jar:/home/user/.m2/repository/org/apache/yetus/audience-annotations/0.5.0/audience-annotations-0.5.0.jar:/home/user/.m2/repository/org/codehaus/woodstox/stax2-api/3.1.4/stax2-api-3.1.4.jar:/home/user/.m2/repository/com/fasterxml/woodstox/woodstox-core/5.0.3/woodstox-core-5.0.3.jar:/home/user/.m2/repository/dnsjava/dnsjava/2.1.7/dnsjava-2.1.7.jar:/home/user/.m2/repository/org/apache/hadoop/hadoop-hdfs/3.2.0/hadoop-hdfs-3.2.0-tests.jar:/home/user/.m2/repository/org/eclipse/jetty/jetty-util-ajax/9.3.25.v20180904/jetty-util-ajax-9.3.25.v20180904.jar:/home/user/.m2/repository/commons-daemon/commons-daemon/1.0.13/commons-daemon-1.0.13.jar:/home/user/.m2/repository/io/netty/netty/3.10.5.Final/netty-3.10.5.Final.jar:/home/user/.m2/repository/io/netty/netty-all/4.0.52.Final/netty-all-4.0.52.Final.jar:/home/user/.m2/repository/org/fusesource/leveldbjni/leveldbjni-all/1.8/leveldbjni-all-1.8.jar:"/>
    <property name="java.vm.vendor" value="IcedTea"/>
    <property name="sun.arch.data.model" value="64"/>
    <property name="test.build.dir" value="/workdir/hadoop-ozone/integration-test/target/test-dir"/>
    <property name="test.cache.data" value=""/>
    <property name="java.vendor.url" value="https://icedtea.classpath.org"/>
    <property name="user.timezone" value=""/>
    <property name="java.vm.specification.version" value="1.8"/>
    <property name="os.name" value="Linux"/>
    <property name="test.build.data" value="/workdir/hadoop-ozone/integration-test/target/test-dir"/>
    <property name="user.country" value="US"/>
    <property name="sun.java.launcher" value="SUN_STANDARD"/>
    <property name="sun.boot.library.path" value="/usr/lib/jvm/java-1.8-openjdk/jre/lib/amd64"/>
    <property name="sun.java.command" value="/workdir/hadoop-ozone/integration-test/target/surefire/surefirebooter3968258521577521940.jar /workdir/hadoop-ozone/integration-test/target/surefire 2019-09-26T18-35-23_830-jvmRun1 surefire3216143813898640693tmp surefire_74185181689228357901tmp"/>
    <property name="test" value="!TestMiniChaosOzoneCluster"/>
    <property name="surefire.test.class.path" value="/workdir/hadoop-ozone/integration-test/target/test-classes:/workdir/hadoop-ozone/integration-test/target/classes:/home/user/.m2/repository/org/apache/hadoop/hadoop-ozone-common/0.5.0-SNAPSHOT/hadoop-ozone-common-0.5.0-SNAPSHOT.jar:/home/user/.m2/repository/org/apache/commons/commons-compress/1.4.1/commons-compress-1.4.1.jar:/home/user/.m2/repository/org/tukaani/xz/1.0/xz-1.0.jar:/home/user/.m2/repository/org/apache/hadoop/hadoop-common/3.2.0/hadoop-common-3.2.0.jar:/home/user/.m2/repository/org/apache/hadoop/hadoop-hdfs/3.2.0/hadoop-hdfs-3.2.0.jar:/home/user/.m2/repository/org/apache/hadoop/hadoop-hdfs-client/3.2.0/hadoop-hdfs-client-3.2.0.jar:/home/user/.m2/repository/com/fasterxml/jackson/core/jackson-annotations/2.9.9/jackson-annotations-2.9.9.jar:/home/user/.m2/repository/org/apache/hadoop/hadoop-hdds-common/0.5.0-SNAPSHOT/hadoop-hdds-common-0.5.0-SNAPSHOT.jar:/home/user/.m2/repository/javax/annotation/javax.annotation-api/1.2/javax.annotation-api-1.2.jar:/home/user/.m2/repository/org/apache/ratis/ratis-server/0.4.0/ratis-server-0.4.0.jar:/home/user/.m2/repository/org/apache/ratis/ratis-thirdparty-misc/0.2.0/ratis-thirdparty-misc-0.2.0.jar:/home/user/.m2/repository/org/apache/ratis/ratis-proto/0.4.0/ratis-proto-0.4.0.jar:/home/user/.m2/repository/org/apache/ratis/ratis-common/0.4.0/ratis-common-0.4.0.jar:/home/user/.m2/repository/org/apache/ratis/ratis-client/0.4.0/ratis-client-0.4.0.jar:/home/user/.m2/repository/org/apache/ratis/ratis-metrics/0.4.0/ratis-metrics-0.4.0.jar:/home/user/.m2/repository/com/github/joshelser/dropwizard-metrics-hadoop-metrics2-reporter/0.1.2/dropwizard-metrics-hadoop-metrics2-reporter-0.1.2.jar:/home/user/.m2/repository/io/dropwizard/metrics/metrics-jvm/3.2.5/metrics-jvm-3.2.5.jar:/home/user/.m2/repository/io/dropwizard/metrics/metrics-ganglia/3.2.5/metrics-ganglia-3.2.5.jar:/home/user/.m2/repository/info/ganglia/gmetric4j/gmetric4j/1.0.7/gmetric4j-1.0.7.jar:/home/user/.m2/repository/org/apache/ratis/ratis-netty/0.4.0/ratis-netty-0.4.0.jar:/home/user/.m2/repository/org/apache/ratis/ratis-grpc/0.4.0/ratis-grpc-0.4.0.jar:/home/user/.m2/repository/org/rocksdb/rocksdbjni/6.0.1/rocksdbjni-6.0.1.jar:/home/user/.m2/repository/org/apache/logging/log4j/log4j-api/2.11.0/log4j-api-2.11.0.jar:/home/user/.m2/repository/org/apache/logging/log4j/log4j-core/2.11.0/log4j-core-2.11.0.jar:/home/user/.m2/repository/com/lmax/disruptor/3.4.2/disruptor-3.4.2.jar:/home/user/.m2/repository/org/apache/commons/commons-pool2/2.6.0/commons-pool2-2.6.0.jar:/home/user/.m2/repository/org/bouncycastle/bcpkix-jdk15on/1.60/bcpkix-jdk15on-1.60.jar:/home/user/.m2/repository/commons-validator/commons-validator/1.6/commons-validator-1.6.jar:/home/user/.m2/repository/commons-digester/commons-digester/1.8.1/commons-digester-1.8.1.jar:/home/user/.m2/repository/io/jaegertracing/jaeger-client/0.34.0/jaeger-client-0.34.0.jar:/home/user/.m2/repository/io/jaegertracing/jaeger-thrift/0.34.0/jaeger-thrift-0.34.0.jar:/home/user/.m2/repository/org/apache/thrift/libthrift/0.12.0/libthrift-0.12.0.jar:/home/user/.m2/repository/com/squareup/okhttp3/okhttp/3.9.0/okhttp-3.9.0.jar:/home/user/.m2/repository/com/squareup/okio/okio/1.13.0/okio-1.13.0.jar:/home/user/.m2/repository/io/jaegertracing/jaeger-core/0.34.0/jaeger-core-0.34.0.jar:/home/user/.m2/repository/io/jaegertracing/jaeger-tracerresolver/0.34.0/jaeger-tracerresolver-0.34.0.jar:/home/user/.m2/repository/io/opentracing/contrib/opentracing-tracerresolver/0.1.5/opentracing-tracerresolver-0.1.5.jar:/home/user/.m2/repository/io/opentracing/opentracing-util/0.31.0/opentracing-util-0.31.0.jar:/home/user/.m2/repository/io/opentracing/opentracing-api/0.31.0/opentracing-api-0.31.0.jar:/home/user/.m2/repository/io/opentracing/opentracing-noop/0.31.0/opentracing-noop-0.31.0.jar:/home/user/.m2/repository/org/apache/hadoop/hadoop-hdds-server-framework/0.5.0-SNAPSHOT/hadoop-hdds-server-framework-0.5.0-SNAPSHOT.jar:/home/user/.m2/repository/org/apache/hadoop/hadoop-hdds-container-service/0.5.0-SNAPSHOT/hadoop-hdds-container-service-0.5.0-SNAPSHOT.jar:/home/user/.m2/repository/org/apache/hadoop/hadoop-hdds-client/0.5.0-SNAPSHOT/hadoop-hdds-client-0.5.0-SNAPSHOT.jar:/home/user/.m2/repository/org/apache/hadoop/hadoop-hdds-tools/0.5.0-SNAPSHOT/hadoop-hdds-tools-0.5.0-SNAPSHOT.jar:/home/user/.m2/repository/org/apache/hadoop/hadoop-hdds-server-scm/0.5.0-SNAPSHOT/hadoop-hdds-server-scm-0.5.0-SNAPSHOT.jar:/home/user/.m2/repository/org/apache/hadoop/hadoop-hdds-docs/0.5.0-SNAPSHOT/hadoop-hdds-docs-0.5.0-SNAPSHOT.jar:/home/user/.m2/repository/io/dropwizard/metrics/metrics-core/3.2.4/metrics-core-3.2.4.jar:/home/user/.m2/repository/org/hamcrest/hamcrest-all/1.3/hamcrest-all-1.3.jar:/home/user/.m2/repository/org/bouncycastle/bcprov-jdk15on/1.60/bcprov-jdk15on-1.60.jar:/home/user/.m2/repository/info/picocli/picocli/3.9.6/picocli-3.9.6.jar:/home/user/.m2/repository/com/google/protobuf/protobuf-java/2.5.0/protobuf-java-2.5.0.jar:/home/user/.m2/repository/com/google/guava/guava/11.0.2/guava-11.0.2.jar:/home/user/.m2/repository/org/apache/hadoop/hadoop-ozone-ozone-manager/0.5.0-SNAPSHOT/hadoop-ozone-ozone-manager-0.5.0-SNAPSHOT.jar:/home/user/.m2/repository/org/apache/hadoop/hadoop-minikdc/3.2.0/hadoop-minikdc-3.2.0.jar:/home/user/.m2/repository/commons-io/commons-io/2.5/commons-io-2.5.jar:/home/user/.m2/repository/org/apache/kerby/kerb-simplekdc/1.0.1/kerb-simplekdc-1.0.1.jar:/home/user/.m2/repository/org/apache/kerby/kerb-client/1.0.1/kerb-client-1.0.1.jar:/home/user/.m2/repository/org/apache/kerby/kerby-config/1.0.1/kerby-config-1.0.1.jar:/home/user/.m2/repository/org/apache/kerby/kerb-core/1.0.1/kerb-core-1.0.1.jar:/home/user/.m2/repository/org/apache/kerby/kerby-pkix/1.0.1/kerby-pkix-1.0.1.jar:/home/user/.m2/repository/org/apache/kerby/kerby-asn1/1.0.1/kerby-asn1-1.0.1.jar:/home/user/.m2/repository/org/apache/kerby/kerby-util/1.0.1/kerby-util-1.0.1.jar:/home/user/.m2/repository/org/apache/kerby/kerb-common/1.0.1/kerb-common-1.0.1.jar:/home/user/.m2/repository/org/apache/kerby/kerb-crypto/1.0.1/kerb-crypto-1.0.1.jar:/home/user/.m2/repository/org/apache/kerby/kerb-util/1.0.1/kerb-util-1.0.1.jar:/home/user/.m2/repository/org/apache/kerby/token-provider/1.0.1/token-provider-1.0.1.jar:/home/user/.m2/repository/org/apache/kerby/kerb-admin/1.0.1/kerb-admin-1.0.1.jar:/home/user/.m2/repository/org/apache/kerby/kerb-server/1.0.1/kerb-server-1.0.1.jar:/home/user/.m2/repository/org/apache/kerby/kerb-identity/1.0.1/kerb-identity-1.0.1.jar:/home/user/.m2/repository/org/apache/kerby/kerby-xdr/1.0.1/kerby-xdr-1.0.1.jar:/home/user/.m2/repository/org/slf4j/slf4j-log4j12/1.7.25/slf4j-log4j12-1.7.25.jar:/home/user/.m2/repository/org/apache/hadoop/hadoop-ozone-s3gateway/0.5.0-SNAPSHOT/hadoop-ozone-s3gateway-0.5.0-SNAPSHOT.jar:/home/user/.m2/repository/org/jboss/weld/servlet/weld-servlet/2.4.7.Final/weld-servlet-2.4.7.Final.jar:/home/user/.m2/repository/org/glassfish/jersey/containers/jersey-container-servlet-core/2.27/jersey-container-servlet-core-2.27.jar:/home/user/.m2/repository/org/glassfish/hk2/external/javax.inject/2.5.0-b42/javax.inject-2.5.0-b42.jar:/home/user/.m2/repository/org/glassfish/jersey/core/jersey-common/2.27/jersey-common-2.27.jar:/home/user/.m2/repository/org/glassfish/hk2/osgi-resource-locator/1.0.1/osgi-resource-locator-1.0.1.jar:/home/user/.m2/repository/javax/ws/rs/javax.ws.rs-api/2.1/javax.ws.rs-api-2.1.jar:/home/user/.m2/repository/org/glassfish/jersey/ext/cdi/jersey-cdi1x/2.27/jersey-cdi1x-2.27.jar:/home/user/.m2/repository/org/glassfish/jersey/inject/jersey-hk2/2.27/jersey-hk2-2.27.jar:/home/user/.m2/repository/org/glassfish/hk2/hk2-locator/2.5.0-b42/hk2-locator-2.5.0-b42.jar:/home/user/.m2/repository/org/javassist/javassist/3.22.0-CR2/javassist-3.22.0-CR2.jar:/home/user/.m2/repository/org/glassfish/hk2/hk2-api/2.5.0/hk2-api-2.5.0.jar:/home/user/.m2/repository/org/glassfish/hk2/external/jakarta.inject/2.5.0/jakarta.inject-2.5.0.jar:/home/user/.m2/repository/org/glassfish/hk2/hk2-utils/2.5.0/hk2-utils-2.5.0.jar:/home/user/.m2/repository/jakarta/annotation/jakarta.annotation-api/1.3.4/jakarta.annotation-api-1.3.4.jar:/home/user/.m2/repository/org/glassfish/hk2/external/aopalliance-repackaged/2.5.0/aopalliance-repackaged-2.5.0.jar:/home/user/.m2/repository/com/fasterxml/jackson/dataformat/jackson-dataformat-xml/2.9.0/jackson-dataformat-xml-2.9.0.jar:/home/user/.m2/repository/com/fasterxml/jackson/core/jackson-core/2.9.9/jackson-core-2.9.9.jar:/home/user/.m2/repository/com/fasterxml/jackson/module/jackson-module-jaxb-annotations/2.9.9/jackson-module-jaxb-annotations-2.9.9.jar:/home/user/.m2/repository/javax/enterprise/cdi-api/1.2/cdi-api-1.2.jar:/home/user/.m2/repository/javax/el/javax.el-api/3.0.0/javax.el-api-3.0.0.jar:/home/user/.m2/repository/javax/interceptor/javax.interceptor-api/1.2/javax.interceptor-api-1.2.jar:/home/user/.m2/repository/javax/inject/javax.inject/1/javax.inject-1.jar:/home/user/.m2/repository/com/sun/xml/bind/jaxb-impl/2.3.0.1/jaxb-impl-2.3.0.1.jar:/home/user/.m2/repository/com/sun/xml/bind/jaxb-core/2.3.0.1/jaxb-core-2.3.0.1.jar:/home/user/.m2/repository/javax/xml/bind/jaxb-api/2.3.0/jaxb-api-2.3.0.jar:/home/user/.m2/repository/javax/activation/activation/1.1.1/activation-1.1.1.jar:/home/user/.m2/repository/org/apache/hadoop/hadoop-ozone-csi/0.5.0-SNAPSHOT/hadoop-ozone-csi-0.5.0-SNAPSHOT.jar:/home/user/.m2/repository/com/google/protobuf/protobuf-java-util/3.5.1/protobuf-java-util-3.5.1.jar:/home/user/.m2/repository/org/apache/hadoop/hadoop-hdds-config/0.5.0-SNAPSHOT/hadoop-hdds-config-0.5.0-SNAPSHOT.jar:/home/user/.m2/repository/io/grpc/grpc-netty/1.17.1/grpc-netty-1.17.1.jar:/home/user/.m2/repository/io/grpc/grpc-core/1.17.1/grpc-core-1.17.1.jar:/home/user/.m2/repository/io/grpc/grpc-context/1.17.1/grpc-context-1.17.1.jar:/home/user/.m2/repository/com/google/errorprone/error_prone_annotations/2.2.0/error_prone_annotations-2.2.0.jar:/home/user/.m2/repository/org/codehaus/mojo/animal-sniffer-annotations/1.17/animal-sniffer-annotations-1.17.jar:/home/user/.m2/repository/io/opencensus/opencensus-api/0.17.0/opencensus-api-0.17.0.jar:/home/user/.m2/repository/io/opencensus/opencensus-contrib-grpc-metrics/0.17.0/opencensus-contrib-grpc-metrics-0.17.0.jar:/home/user/.m2/repository/io/netty/netty-codec-http2/4.1.30.Final/netty-codec-http2-4.1.30.Final.jar:/home/user/.m2/repository/io/netty/netty-codec-http/4.1.30.Final/netty-codec-http-4.1.30.Final.jar:/home/user/.m2/repository/io/netty/netty-codec/4.1.30.Final/netty-codec-4.1.30.Final.jar:/home/user/.m2/repository/io/netty/netty-handler/4.1.30.Final/netty-handler-4.1.30.Final.jar:/home/user/.m2/repository/io/netty/netty-handler-proxy/4.1.30.Final/netty-handler-proxy-4.1.30.Final.jar:/home/user/.m2/repository/io/netty/netty-codec-socks/4.1.30.Final/netty-codec-socks-4.1.30.Final.jar:/home/user/.m2/repository/io/netty/netty-transport-native-epoll/4.1.30.Final/netty-transport-native-epoll-4.1.30.Final.jar:/home/user/.m2/repository/io/netty/netty-common/4.1.30.Final/netty-common-4.1.30.Final.jar:/home/user/.m2/repository/io/netty/netty-buffer/4.1.30.Final/netty-buffer-4.1.30.Final.jar:/home/user/.m2/repository/io/netty/netty-transport/4.1.30.Final/netty-transport-4.1.30.Final.jar:/home/user/.m2/repository/io/netty/netty-resolver/4.1.30.Final/netty-resolver-4.1.30.Final.jar:/home/user/.m2/repository/io/netty/netty-transport-native-unix-common/4.1.30.Final/netty-transport-native-unix-common-4.1.30.Final.jar:/home/user/.m2/repository/io/grpc/grpc-protobuf/1.17.1/grpc-protobuf-1.17.1.jar:/home/user/.m2/repository/com/google/api/grpc/proto-google-common-protos/1.0.0/proto-google-common-protos-1.0.0.jar:/home/user/.m2/repository/io/grpc/grpc-protobuf-lite/1.17.1/grpc-protobuf-lite-1.17.1.jar:/home/user/.m2/repository/io/grpc/grpc-stub/1.17.1/grpc-stub-1.17.1.jar:/home/user/.m2/repository/org/apache/hadoop/hadoop-ozone-recon/0.5.0-SNAPSHOT/hadoop-ozone-recon-0.5.0-SNAPSHOT.jar:/home/user/.m2/repository/org/apache/hadoop/hadoop-ozone-reconcodegen/0.5.0-SNAPSHOT/hadoop-ozone-reconcodegen-0.5.0-SNAPSHOT.jar:/home/user/.m2/repository/com/google/inject/extensions/guice-multibindings/4.0/guice-multibindings-4.0.jar:/home/user/.m2/repository/com/google/inject/guice/4.0/guice-4.0.jar:/home/user/.m2/repository/aopalliance/aopalliance/1.0/aopalliance-1.0.jar:/home/user/.m2/repository/com/google/inject/extensions/guice-servlet/4.0/guice-servlet-4.0.jar:/home/user/.m2/repository/org/glassfish/jersey/containers/jersey-container-servlet/2.27/jersey-container-servlet-2.27.jar:/home/user/.m2/repository/org/glassfish/hk2/guice-bridge/2.5.0/guice-bridge-2.5.0.jar:/home/user/.m2/repository/org/glassfish/jersey/core/jersey-server/2.27/jersey-server-2.27.jar:/home/user/.m2/repository/org/glassfish/jersey/core/jersey-client/2.27/jersey-client-2.27.jar:/home/user/.m2/repository/org/glassfish/jersey/media/jersey-media-jaxb/2.27/jersey-media-jaxb-2.27.jar:/home/user/.m2/repository/javax/validation/validation-api/1.1.0.Final/validation-api-1.1.0.Final.jar:/home/user/.m2/repository/org/glassfish/jersey/media/jersey-media-json-jackson/2.27/jersey-media-json-jackson-2.27.jar:/home/user/.m2/repository/org/glassfish/jersey/ext/jersey-entity-filtering/2.27/jersey-entity-filtering-2.27.jar:/home/user/.m2/repository/com/google/inject/extensions/guice-assistedinject/4.0/guice-assistedinject-4.0.jar:/home/user/.m2/repository/org/jooq/jooq/3.11.10/jooq-3.11.10.jar:/home/user/.m2/repository/org/jooq/jooq-meta/3.11.10/jooq-meta-3.11.10.jar:/home/user/.m2/repository/org/jooq/jooq-codegen/3.11.10/jooq-codegen-3.11.10.jar:/home/user/.m2/repository/com/jolbox/bonecp/0.8.0.RELEASE/bonecp-0.8.0.RELEASE.jar:/home/user/.m2/repository/org/xerial/sqlite-jdbc/3.25.2/sqlite-jdbc-3.25.2.jar:/home/user/.m2/repository/org/springframework/spring-jdbc/5.1.3.RELEASE/spring-jdbc-5.1.3.RELEASE.jar:/home/user/.m2/repository/org/springframework/spring-beans/5.1.3.RELEASE/spring-beans-5.1.3.RELEASE.jar:/home/user/.m2/repository/org/springframework/spring-core/5.1.3.RELEASE/spring-core-5.1.3.RELEASE.jar:/home/user/.m2/repository/org/springframework/spring-jcl/5.1.3.RELEASE/spring-jcl-5.1.3.RELEASE.jar:/home/user/.m2/repository/org/springframework/spring-tx/5.1.3.RELEASE/spring-tx-5.1.3.RELEASE.jar:/home/user/.m2/repository/org/apache/hadoop/hadoop-ozone-client/0.5.0-SNAPSHOT/hadoop-ozone-client-0.5.0-SNAPSHOT.jar:/home/user/.m2/repository/commons-lang/commons-lang/2.6/commons-lang-2.6.jar:/home/user/.m2/repository/org/apache/hadoop/hadoop-ozone-ozone-manager/0.5.0-SNAPSHOT/hadoop-ozone-ozone-manager-0.5.0-SNAPSHOT-tests.jar:/home/user/.m2/repository/junit/junit/4.11/junit-4.11.jar:/home/user/.m2/repository/org/hamcrest/hamcrest-core/1.3/hamcrest-core-1.3.jar:/home/user/.m2/repository/org/openjdk/jmh/jmh-core/1.19/jmh-core-1.19.jar:/home/user/.m2/repository/net/sf/jopt-simple/jopt-simple/4.6/jopt-simple-4.6.jar:/home/user/.m2/repository/org/apache/commons/commons-math3/3.1.1/commons-math3-3.1.1.jar:/home/user/.m2/repository/org/openjdk/jmh/jmh-generator-annprocess/1.19/jmh-generator-annprocess-1.19.jar:/home/user/.m2/repository/org/mockito/mockito-all/1.8.5/mockito-all-1.8.5.jar:/home/user/.m2/repository/org/apache/hadoop/hadoop-kms/3.2.0/hadoop-kms-3.2.0.jar:/home/user/.m2/repository/org/apache/hadoop/hadoop-auth/3.2.0/hadoop-auth-3.2.0.jar:/home/user/.m2/repository/com/nimbusds/nimbus-jose-jwt/4.41.1/nimbus-jose-jwt-4.41.1.jar:/home/user/.m2/repository/com/github/stephenc/jcip/jcip-annotations/1.0-1/jcip-annotations-1.0-1.jar:/home/user/.m2/repository/net/minidev/json-smart/2.3/json-smart-2.3.jar:/home/user/.m2/repository/net/minidev/accessors-smart/1.2/accessors-smart-1.2.jar:/home/user/.m2/repository/org/ow2/asm/asm/5.0.4/asm-5.0.4.jar:/home/user/.m2/repository/org/apache/curator/curator-framework/2.12.0/curator-framework-2.12.0.jar:/home/user/.m2/repository/com/sun/jersey/jersey-core/1.19/jersey-core-1.19.jar:/home/user/.m2/repository/javax/ws/rs/jsr311-api/1.1.1/jsr311-api-1.1.1.jar:/home/user/.m2/repository/com/sun/jersey/jersey-server/1.19/jersey-server-1.19.jar:/home/user/.m2/repository/javax/servlet/javax.servlet-api/3.1.0/javax.servlet-api-3.1.0.jar:/home/user/.m2/repository/org/eclipse/jetty/jetty-server/9.3.25.v20180904/jetty-server-9.3.25.v20180904.jar:/home/user/.m2/repository/org/eclipse/jetty/jetty-http/9.3.25.v20180904/jetty-http-9.3.25.v20180904.jar:/home/user/.m2/repository/org/eclipse/jetty/jetty-io/9.3.25.v20180904/jetty-io-9.3.25.v20180904.jar:/home/user/.m2/repository/org/eclipse/jetty/jetty-webapp/9.3.25.v20180904/jetty-webapp-9.3.25.v20180904.jar:/home/user/.m2/repository/org/eclipse/jetty/jetty-xml/9.3.25.v20180904/jetty-xml-9.3.25.v20180904.jar:/home/user/.m2/repository/log4j/log4j/1.2.17/log4j-1.2.17.jar:/home/user/.m2/repository/org/slf4j/slf4j-api/1.7.25/slf4j-api-1.7.25.jar:/home/user/.m2/repository/org/slf4j/jul-to-slf4j/1.7.25/jul-to-slf4j-1.7.25.jar:/home/user/.m2/repository/org/eclipse/jetty/jetty-util/9.3.25.v20180904/jetty-util-9.3.25.v20180904.jar:/home/user/.m2/repository/com/fasterxml/jackson/core/jackson-databind/2.9.9/jackson-databind-2.9.9.jar:/home/user/.m2/repository/org/apache/hadoop/hadoop-kms/3.2.0/hadoop-kms-3.2.0-tests.jar:/home/user/.m2/repository/org/apache/hadoop/hadoop-hdds-server-scm/0.5.0-SNAPSHOT/hadoop-hdds-server-scm-0.5.0-SNAPSHOT-tests.jar:/home/user/.m2/repository/org/apache/hadoop/hadoop-hdds-container-service/0.5.0-SNAPSHOT/hadoop-hdds-container-service-0.5.0-SNAPSHOT-tests.jar:/home/user/.m2/repository/org/yaml/snakeyaml/1.16/snakeyaml-1.16.jar:/home/user/.m2/repository/org/apache/hadoop/hadoop-common/3.2.0/hadoop-common-3.2.0-tests.jar:/home/user/.m2/repository/org/apache/hadoop/hadoop-annotations/3.2.0/hadoop-annotations-3.2.0.jar:/usr/lib/jvm/java-1.8-openjdk/jre/../lib/tools.jar:/home/user/.m2/repository/commons-cli/commons-cli/1.2/commons-cli-1.2.jar:/home/user/.m2/repository/org/apache/httpcomponents/httpclient/4.5.2/httpclient-4.5.2.jar:/home/user/.m2/repository/org/apache/httpcomponents/httpcore/4.4.4/httpcore-4.4.4.jar:/home/user/.m2/repository/commons-codec/commons-codec/1.11/commons-codec-1.11.jar:/home/user/.m2/repository/commons-net/commons-net/3.6/commons-net-3.6.jar:/home/user/.m2/repository/commons-collections/commons-collections/3.2.2/commons-collections-3.2.2.jar:/home/user/.m2/repository/org/eclipse/jetty/jetty-servlet/9.3.25.v20180904/jetty-servlet-9.3.25.v20180904.jar:/home/user/.m2/repository/org/eclipse/jetty/jetty-security/9.3.25.v20180904/jetty-security-9.3.25.v20180904.jar:/home/user/.m2/repository/javax/servlet/jsp/jsp-api/2.1/jsp-api-2.1.jar:/home/user/.m2/repository/com/sun/jersey/jersey-servlet/1.19/jersey-servlet-1.19.jar:/home/user/.m2/repository/com/sun/jersey/jersey-json/1.19/jersey-json-1.19.jar:/home/user/.m2/repository/org/codehaus/jettison/jettison/1.1/jettison-1.1.jar:/home/user/.m2/repository/org/codehaus/jackson/jackson-core-asl/1.9.13/jackson-core-asl-1.9.13.jar:/home/user/.m2/repository/org/codehaus/jackson/jackson-mapper-asl/1.9.13/jackson-mapper-asl-1.9.13.jar:/home/user/.m2/repository/org/codehaus/jackson/jackson-jaxrs/1.9.13/jackson-jaxrs-1.9.13.jar:/home/user/.m2/repository/org/codehaus/jackson/jackson-xc/1.9.13/jackson-xc-1.9.13.jar:/home/user/.m2/repository/commons-logging/commons-logging/1.1.3/commons-logging-1.1.3.jar:/home/user/.m2/repository/commons-beanutils/commons-beanutils/1.9.4/commons-beanutils-1.9.4.jar:/home/user/.m2/repository/org/apache/commons/commons-configuration2/2.1.1/commons-configuration2-2.1.1.jar:/home/user/.m2/repository/org/apache/commons/commons-lang3/3.7/commons-lang3-3.7.jar:/home/user/.m2/repository/org/apache/commons/commons-text/1.4/commons-text-1.4.jar:/home/user/.m2/repository/org/apache/avro/avro/1.7.7/avro-1.7.7.jar:/home/user/.m2/repository/com/thoughtworks/paranamer/paranamer/2.3/paranamer-2.3.jar:/home/user/.m2/repository/org/xerial/snappy/snappy-java/1.0.5/snappy-java-1.0.5.jar:/home/user/.m2/repository/com/google/re2j/re2j/1.1/re2j-1.1.jar:/home/user/.m2/repository/com/google/code/gson/gson/2.2.4/gson-2.2.4.jar:/home/user/.m2/repository/com/jcraft/jsch/0.1.54/jsch-0.1.54.jar:/home/user/.m2/repository/org/apache/curator/curator-client/2.12.0/curator-client-2.12.0.jar:/home/user/.m2/repository/org/apache/curator/curator-recipes/2.12.0/curator-recipes-2.12.0.jar:/home/user/.m2/repository/com/google/code/findbugs/jsr305/3.0.0/jsr305-3.0.0.jar:/home/user/.m2/repository/org/apache/htrace/htrace-core4/4.1.0-incubating/htrace-core4-4.1.0-incubating.jar:/home/user/.m2/repository/org/apache/zookeeper/zookeeper/3.4.13/zookeeper-3.4.13.jar:/home/user/.m2/repository/jline/jline/0.9.94/jline-0.9.94.jar:/home/user/.m2/repository/org/apache/yetus/audience-annotations/0.5.0/audience-annotations-0.5.0.jar:/home/user/.m2/repository/org/codehaus/woodstox/stax2-api/3.1.4/stax2-api-3.1.4.jar:/home/user/.m2/repository/com/fasterxml/woodstox/woodstox-core/5.0.3/woodstox-core-5.0.3.jar:/home/user/.m2/repository/dnsjava/dnsjava/2.1.7/dnsjava-2.1.7.jar:/home/user/.m2/repository/org/apache/hadoop/hadoop-hdfs/3.2.0/hadoop-hdfs-3.2.0-tests.jar:/home/user/.m2/repository/org/eclipse/jetty/jetty-util-ajax/9.3.25.v20180904/jetty-util-ajax-9.3.25.v20180904.jar:/home/user/.m2/repository/commons-daemon/commons-daemon/1.0.13/commons-daemon-1.0.13.jar:/home/user/.m2/repository/io/netty/netty/3.10.5.Final/netty-3.10.5.Final.jar:/home/user/.m2/repository/io/netty/netty-all/4.0.52.Final/netty-all-4.0.52.Final.jar:/home/user/.m2/repository/org/fusesource/leveldbjni/leveldbjni-all/1.8/leveldbjni-all-1.8.jar:"/>
    <property name="sun.cpu.endian" value="little"/>
    <property name="user.home" value="/home/user"/>
    <property name="user.language" value="en"/>
    <property name="java.specification.vendor" value="Oracle Corporation"/>
    <property name="java.home" value="/usr/lib/jvm/java-1.8-openjdk/jre"/>
    <property name="java.security.krb5.conf" value="/workdir/hadoop-ozone/integration-test/target/test-classes/krb5.conf"/>
    <property name="basedir" value="/workdir/hadoop-ozone/integration-test"/>
    <property name="file.separator" value="/"/>
    <property name="line.separator" value="&#10;"/>
    <property name="java.vm.specification.vendor" value="Oracle Corporation"/>
    <property name="java.specification.name" value="Java Platform API Specification"/>
    <property name="java.awt.graphicsenv" value="sun.awt.X11GraphicsEnvironment"/>
    <property name="surefire.real.class.path" value="/workdir/hadoop-ozone/integration-test/target/surefire/surefirebooter3968258521577521940.jar"/>
    <property name="hadoop.log.dir" value="/workdir/hadoop-ozone/integration-test/target/log"/>
    <property name="sun.boot.class.path" value="/usr/lib/jvm/java-1.8-openjdk/jre/lib/resources.jar:/usr/lib/jvm/java-1.8-openjdk/jre/lib/rt.jar:/usr/lib/jvm/java-1.8-openjdk/jre/lib/sunrsasign.jar:/usr/lib/jvm/java-1.8-openjdk/jre/lib/jsse.jar:/usr/lib/jvm/java-1.8-openjdk/jre/lib/jce.jar:/usr/lib/jvm/java-1.8-openjdk/jre/lib/charsets.jar:/usr/lib/jvm/java-1.8-openjdk/jre/lib/jfr.jar:/usr/lib/jvm/java-1.8-openjdk/jre/classes"/>
    <property name="sun.management.compiler" value="HotSpot 64-Bit Tiered Compilers"/>
    <property name="java.runtime.version" value="1.8.0_212-b04"/>
    <property name="java.net.preferIPv4Stack" value="true"/>
    <property name="user.name" value="jenkins1000"/>
    <property name="path.separator" value=":"/>
    <property name="java.security.egd" value="file:///dev/urandom"/>
    <property name="os.version" value="3.10.0-957.12.2.el7.x86_64"/>
    <property name="java.endorsed.dirs" value="/usr/lib/jvm/java-1.8-openjdk/jre/lib/endorsed"/>
    <property name="java.runtime.name" value="OpenJDK Runtime Environment"/>
    <property name="file.encoding" value="UTF-8"/>
    <property name="java.vm.name" value="OpenJDK 64-Bit Server VM"/>
    <property name="test.build.webapps" value=""/>
    <property name="localRepository" value="/home/user/.m2/repository"/>
    <property name="java.vendor.url.bug" value="https://icedtea.classpath.org/bugzilla"/>
    <property name="java.io.tmpdir" value="/tmp"/>
    <property name="require.test.libhadoop" value=""/>
    <property name="java.version" value="1.8.0_212"/>
    <property name="user.dir" value="/workdir/hadoop-ozone/integration-test"/>
    <property name="os.arch" value="amd64"/>
    <property name="java.vm.specification.name" value="Java Virtual Machine Specification"/>
    <property name="test.build.classes" value="/workdir/hadoop-ozone/integration-test/target/test-classes"/>
    <property name="java.awt.printerjob" value="sun.print.PSPrinterJob"/>
    <property name="sun.os.patch.level" value="unknown"/>
    <property name="hadoop.tmp.dir" value="/workdir/hadoop-ozone/integration-test/target/tmp"/>
    <property name="java.library.path" value="/usr/lib/jvm/java-1.8-openjdk/jre/lib/amd64/server:/usr/lib/jvm/java-1.8-openjdk/jre/lib/amd64:/usr/lib/jvm/java-1.8-openjdk/jre/../lib/amd64:/workdir/hadoop-ozone/integration-test/target/native/target/usr/local/lib:/workdir/hadoop-ozone/integration-test/../../hadoop-common-project/hadoop-common/target/native/target/usr/local/lib:/usr/java/packages/lib/amd64:/usr/lib64:/lib64:/lib:/usr/lib"/>
    <property name="java.vm.info" value="mixed mode"/>
    <property name="java.vendor" value="IcedTea"/>
    <property name="java.vm.version" value="25.212-b04"/>
    <property name="java.ext.dirs" value="/usr/lib/jvm/java-1.8-openjdk/jre/lib/ext:/usr/java/packages/lib/ext"/>
    <property name="sun.io.unicode.encoding" value="UnicodeLittle"/>
    <property name="java.class.version" value="52.0"/>
  </properties>
  <testcase name="org.apache.hadoop.ozone.client.rpc.TestOzoneAtRestEncryption" classname="org.apache.hadoop.ozone.client.rpc.TestOzoneAtRestEncryption" time="149.637">
    <error message="Connection refused" type="java.net.ConnectException"><![CDATA[java.net.ConnectException: Connection refused
	at sun.nio.ch.SocketChannelImpl.checkConnect(Native Method)
	at sun.nio.ch.SocketChannelImpl.finishConnect(SocketChannelImpl.java:717)
	at org.apache.hadoop.net.SocketIOWithTimeout.connect(SocketIOWithTimeout.java:206)
	at org.apache.hadoop.net.NetUtils.connect(NetUtils.java:531)
	at org.apache.hadoop.ipc.Client$Connection.setupConnection(Client.java:690)
	at org.apache.hadoop.ipc.Client$Connection.setupIOstreams(Client.java:794)
	at org.apache.hadoop.ipc.Client$Connection.access$3700(Client.java:411)
	at org.apache.hadoop.ipc.Client.getConnection(Client.java:1572)
	at org.apache.hadoop.ipc.Client.call(Client.java:1403)
	at org.apache.hadoop.ipc.Client.call(Client.java:1367)
	at org.apache.hadoop.ipc.ProtobufRpcEngine$Invoker.invoke(ProtobufRpcEngine.java:228)
	at org.apache.hadoop.ipc.ProtobufRpcEngine$Invoker.invoke(ProtobufRpcEngine.java:116)
	at com.sun.proxy.$Proxy85.submitRequest(Unknown Source)
	at sun.reflect.NativeMethodAccessorImpl.invoke0(Native Method)
	at sun.reflect.NativeMethodAccessorImpl.invoke(NativeMethodAccessorImpl.java:62)
	at sun.reflect.DelegatingMethodAccessorImpl.invoke(DelegatingMethodAccessorImpl.java:43)
	at java.lang.reflect.Method.invoke(Method.java:498)
	at org.apache.hadoop.io.retry.RetryInvocationHandler.invokeMethod(RetryInvocationHandler.java:422)
	at org.apache.hadoop.io.retry.RetryInvocationHandler$Call.invokeMethod(RetryInvocationHandler.java:165)
	at org.apache.hadoop.io.retry.RetryInvocationHandler$Call.invoke(RetryInvocationHandler.java:157)
	at org.apache.hadoop.io.retry.RetryInvocationHandler$Call.invokeOnce(RetryInvocationHandler.java:95)
	at org.apache.hadoop.io.retry.RetryInvocationHandler.invoke(RetryInvocationHandler.java:359)
	at com.sun.proxy.$Proxy85.submitRequest(Unknown Source)
	at org.apache.hadoop.ozone.om.protocolPB.OzoneManagerProtocolClientSideTranslatorPB.submitRequest(OzoneManagerProtocolClientSideTranslatorPB.java:338)
	at org.apache.hadoop.ozone.om.protocolPB.OzoneManagerProtocolClientSideTranslatorPB.getServiceInfo(OzoneManagerProtocolClientSideTranslatorPB.java:1223)
	at sun.reflect.NativeMethodAccessorImpl.invoke0(Native Method)
	at sun.reflect.NativeMethodAccessorImpl.invoke(NativeMethodAccessorImpl.java:62)
	at sun.reflect.DelegatingMethodAccessorImpl.invoke(DelegatingMethodAccessorImpl.java:43)
	at java.lang.reflect.Method.invoke(Method.java:498)
	at org.apache.hadoop.hdds.tracing.TraceAllMethod.invoke(TraceAllMethod.java:66)
	at com.sun.proxy.$Proxy86.getServiceInfo(Unknown Source)
	at org.apache.hadoop.ozone.client.rpc.RpcClient.<init>(RpcClient.java:154)
	at org.apache.hadoop.ozone.client.OzoneClientFactory.getClientProtocol(OzoneClientFactory.java:256)
	at org.apache.hadoop.ozone.client.OzoneClientFactory.getClientProtocol(OzoneClientFactory.java:239)
	at org.apache.hadoop.ozone.client.OzoneClientFactory.getRpcClient(OzoneClientFactory.java:203)
	at org.apache.hadoop.ozone.client.rpc.TestOzoneAtRestEncryption.init(TestOzoneAtRestEncryption.java:115)
	at sun.reflect.NativeMethodAccessorImpl.invoke0(Native Method)
	at sun.reflect.NativeMethodAccessorImpl.invoke(NativeMethodAccessorImpl.java:62)
	at sun.reflect.DelegatingMethodAccessorImpl.invoke(DelegatingMethodAccessorImpl.java:43)
	at java.lang.reflect.Method.invoke(Method.java:498)
	at org.junit.runners.model.FrameworkMethod$1.runReflectiveCall(FrameworkMethod.java:47)
	at org.junit.internal.runners.model.ReflectiveCallable.run(ReflectiveCallable.java:12)
	at org.junit.runners.model.FrameworkMethod.invokeExplosively(FrameworkMethod.java:44)
	at org.junit.internal.runners.statements.RunBefores.evaluate(RunBefores.java:24)
	at org.junit.internal.runners.statements.RunAfters.evaluate(RunAfters.java:27)
	at org.junit.runners.ParentRunner.run(ParentRunner.java:309)
	at org.apache.maven.surefire.junit4.JUnit4Provider.execute(JUnit4Provider.java:365)
	at org.apache.maven.surefire.junit4.JUnit4Provider.executeWithRerun(JUnit4Provider.java:273)
	at org.apache.maven.surefire.junit4.JUnit4Provider.executeTestSet(JUnit4Provider.java:238)
	at org.apache.maven.surefire.junit4.JUnit4Provider.invoke(JUnit4Provider.java:159)
	at org.apache.maven.surefire.booter.ForkedBooter.invokeProviderInSameClassLoader(ForkedBooter.java:384)
	at org.apache.maven.surefire.booter.ForkedBooter.runSuitesInProcess(ForkedBooter.java:345)
	at org.apache.maven.surefire.booter.ForkedBooter.execute(ForkedBooter.java:126)
	at org.apache.maven.surefire.booter.ForkedBooter.main(ForkedBooter.java:418)
]]></error>
    <system-out><![CDATA[2019-09-26 20:40:11,682 [main] INFO  util.log (Log.java:initialized(192)) - Logging initialized @1008ms
2019-09-26 20:40:12,168 [main] WARN  http.HttpRequestLog (HttpRequestLog.java:getRequestLog(97)) - Jetty request log can only be enabled using Log4j
2019-09-26 20:40:12,178 [main] INFO  http.HttpServer2 (HttpServer2.java:addGlobalFilter(975)) - Added global filter 'safety' (class=org.apache.hadoop.http.HttpServer2$QuotingInputFilter)
2019-09-26 20:40:12,180 [main] INFO  http.HttpServer2 (HttpServer2.java:addFilter(948)) - Added filter static_user_filter (class=org.apache.hadoop.http.lib.StaticUserWebFilter$StaticUserFilter) to context kms
2019-09-26 20:40:12,180 [main] INFO  http.HttpServer2 (HttpServer2.java:addFilter(958)) - Added filter static_user_filter (class=org.apache.hadoop.http.lib.StaticUserWebFilter$StaticUserFilter) to context logs
2019-09-26 20:40:12,180 [main] INFO  http.HttpServer2 (HttpServer2.java:addFilter(958)) - Added filter static_user_filter (class=org.apache.hadoop.http.lib.StaticUserWebFilter$StaticUserFilter) to context static
2019-09-26 20:40:12,212 [main] INFO  http.HttpServer2 (HttpServer2.java:bindListener(1191)) - Jetty bound to port 36580
2019-09-26 20:40:12,214 [main] INFO  server.Server (Server.java:doStart(351)) - jetty-9.3.25.v20180904, build timestamp: 2018-09-04T21:11:46Z, git hash: 3ce520221d0240229c862b122d2b06c12a625732
2019-09-26 20:40:12,257 [main] INFO  handler.ContextHandler (ContextHandler.java:doStart(781)) - Started o.e.j.s.ServletContextHandler@49c90a9c{/logs,file:///workdir/hadoop-ozone/integration-test/target/log,AVAILABLE}
2019-09-26 20:40:12,258 [main] INFO  handler.ContextHandler (ContextHandler.java:doStart(781)) - Started o.e.j.s.ServletContextHandler@6f36c2f0{/static,jar:file:/home/user/.m2/repository/org/apache/hadoop/hadoop-kms/3.2.0/hadoop-kms-3.2.0.jar!/webapps/static,AVAILABLE}
2019-09-26 20:40:12,343 [main] INFO  server.KMSWebApp (KMSWebApp.java:contextInitialized(88)) - -------------------------------------------------------------
2019-09-26 20:40:12,343 [main] INFO  server.KMSWebApp (KMSWebApp.java:contextInitialized(89)) -   Java runtime version : 1.8.0_212-b04
2019-09-26 20:40:12,343 [main] INFO  server.KMSWebApp (KMSWebApp.java:contextInitialized(91)) -   User: jenkins1000
2019-09-26 20:40:12,346 [main] INFO  server.KMSWebApp (KMSWebApp.java:contextInitialized(92)) -   KMS Hadoop Version: 3.2.0
2019-09-26 20:40:12,346 [main] INFO  server.KMSWebApp (KMSWebApp.java:contextInitialized(93)) - -------------------------------------------------------------
2019-09-26 20:40:12,357 [main] INFO  server.KMSACLs (KMSACLs.java:setKMSACLs(107)) - 'CREATE' ACL '*'
2019-09-26 20:40:12,359 [main] INFO  server.KMSACLs (KMSACLs.java:setKMSACLs(107)) - 'DELETE' ACL '*'
2019-09-26 20:40:12,359 [main] INFO  server.KMSACLs (KMSACLs.java:setKMSACLs(107)) - 'ROLLOVER' ACL '*'
2019-09-26 20:40:12,359 [main] INFO  server.KMSACLs (KMSACLs.java:setKMSACLs(107)) - 'GET' ACL '*'
2019-09-26 20:40:12,359 [main] INFO  server.KMSACLs (KMSACLs.java:setKMSACLs(107)) - 'GET_KEYS' ACL '*'
2019-09-26 20:40:12,359 [main] INFO  server.KMSACLs (KMSACLs.java:setKMSACLs(107)) - 'GET_METADATA' ACL '*'
2019-09-26 20:40:12,360 [main] INFO  server.KMSACLs (KMSACLs.java:setKMSACLs(107)) - 'SET_KEY_MATERIAL' ACL '*'
2019-09-26 20:40:12,360 [main] INFO  server.KMSACLs (KMSACLs.java:setKMSACLs(107)) - 'GENERATE_EEK' ACL '*'
2019-09-26 20:40:12,360 [main] INFO  server.KMSACLs (KMSACLs.java:setKMSACLs(107)) - 'DECRYPT_EEK' ACL '*'
2019-09-26 20:40:12,361 [main] INFO  server.KMSACLs (KMSACLs.java:parseAclsWithPrefix(185)) - default.key.acl. for KEY_OP 'READ' is set to '*'
2019-09-26 20:40:12,361 [main] INFO  server.KMSACLs (KMSACLs.java:parseAclsWithPrefix(185)) - default.key.acl. for KEY_OP 'MANAGEMENT' is set to '*'
2019-09-26 20:40:12,362 [main] INFO  server.KMSACLs (KMSACLs.java:parseAclsWithPrefix(185)) - default.key.acl. for KEY_OP 'GENERATE_EEK' is set to '*'
2019-09-26 20:40:12,362 [main] INFO  server.KMSACLs (KMSACLs.java:parseAclsWithPrefix(185)) - default.key.acl. for KEY_OP 'DECRYPT_EEK' is set to '*'
2019-09-26 20:40:12,497 [main] INFO  server.KMSAudit (KMSAudit.java:initializeAuditLoggers(157)) - Initializing audit logger class org.apache.hadoop.crypto.key.kms.server.SimpleKMSAuditLogger
2019-09-26 20:40:12,703 [main] INFO  server.KMSWebApp (KMSWebApp.java:contextInitialized(143)) - Initialized KeyProvider CachingKeyProvider: jceks://file@/workdir/hadoop-ozone/integration-test/target/test-dir/TestSecureOzoneRpcClient/11de2e3c-d11d-4c13-b584-62d1be6f87eb/kms.keystore
2019-09-26 20:40:12,710 [main] INFO  server.KMSWebApp (KMSWebApp.java:contextInitialized(157)) - Initialized KeyProviderCryptoExtension EagerKeyGeneratorKeyProviderCryptoExtension: KeyProviderCryptoExtension: CachingKeyProvider: jceks://file@/workdir/hadoop-ozone/integration-test/target/test-dir/TestSecureOzoneRpcClient/11de2e3c-d11d-4c13-b584-62d1be6f87eb/kms.keystore
2019-09-26 20:40:12,710 [main] INFO  server.KMSWebApp (KMSWebApp.java:contextInitialized(162)) - Default key bitlength is 128
2019-09-26 20:40:12,711 [main] INFO  server.KMSWebApp (KMSWebApp.java:contextInitialized(163)) - KMS Started
2019-09-26 20:40:12,737 [main] INFO  delegation.AbstractDelegationTokenSecretManager (AbstractDelegationTokenSecretManager.java:updateCurrentKey(343)) - Updating the current master key for generating delegation tokens
2019-09-26 20:40:12,739 [Thread[Thread-12,5,main]] INFO  delegation.AbstractDelegationTokenSecretManager (AbstractDelegationTokenSecretManager.java:run(675)) - Starting expired delegation token remover thread, tokenRemoverScanInterval=60 min(s)
2019-09-26 20:40:12,739 [Thread[Thread-12,5,main]] INFO  delegation.AbstractDelegationTokenSecretManager (AbstractDelegationTokenSecretManager.java:updateCurrentKey(343)) - Updating the current master key for generating delegation tokens
2019-09-26 20:40:13,923 [main] INFO  handler.ContextHandler (ContextHandler.java:doStart(781)) - Started o.e.j.w.WebAppContext@245a060f{/,file:///workdir/hadoop-ozone/integration-test/target/tmp/kms/webapp/,AVAILABLE}{/kms}
2019-09-26 20:40:13,932 [main] INFO  server.AbstractConnector (AbstractConnector.java:doStart(278)) - Started ServerConnector@a50ae65{HTTP/1.1,[http/1.1]}{localhost:36580}
2019-09-26 20:40:13,933 [main] INFO  server.Server (Server.java:doStart(419)) - Started @3261ms
2019-09-26 20:40:14,004 [main] WARN  impl.MetricsConfig (MetricsConfig.java:loadFirst(134)) - Cannot locate configuration: tried hadoop-metrics2-kms.properties,hadoop-metrics2.properties
2019-09-26 20:40:14,025 [main] INFO  impl.MetricsSystemImpl (MetricsSystemImpl.java:startTimer(374)) - Scheduled Metric snapshot period at 10 second(s).
2019-09-26 20:40:14,025 [main] INFO  impl.MetricsSystemImpl (MetricsSystemImpl.java:start(191)) - KMS metrics system started
2019-09-26 20:40:14,035 [org.apache.hadoop.util.JvmPauseMonitor$Monitor@23e44287] INFO  util.JvmPauseMonitor (JvmPauseMonitor.java:run(188)) - Starting JVM pause monitor
2019-09-26 20:40:15,559 [main] WARN  server.ServerUtils (ServerUtils.java:getScmDbDir(145)) - ozone.scm.db.dirs is not configured. We recommend adding this setting. Falling back to ozone.metadata.dirs instead.
2019-09-26 20:40:15,597 [main] WARN  server.ServerUtils (ServerUtils.java:getScmDbDir(145)) - ozone.scm.db.dirs is not configured. We recommend adding this setting. Falling back to ozone.metadata.dirs instead.
2019-09-26 20:40:15,600 [main] WARN  server.ServerUtils (ServerUtils.java:getScmDbDir(145)) - ozone.scm.db.dirs is not configured. We recommend adding this setting. Falling back to ozone.metadata.dirs instead.
2019-09-26 20:40:15,708 [main] INFO  db.DBStoreBuilder (DBStoreBuilder.java:addTable(110)) - using custom profile for table: deletedBlocks
2019-09-26 20:40:15,708 [main] INFO  db.DBStoreBuilder (DBStoreBuilder.java:processTables(161)) - Using default column profile:DBProfile.DISK for Table:deletedBlocks
2019-09-26 20:40:15,708 [main] INFO  db.DBStoreBuilder (DBStoreBuilder.java:addTable(110)) - using custom profile for table: validCerts
2019-09-26 20:40:15,708 [main] INFO  db.DBStoreBuilder (DBStoreBuilder.java:processTables(161)) - Using default column profile:DBProfile.DISK for Table:validCerts
2019-09-26 20:40:15,709 [main] INFO  db.DBStoreBuilder (DBStoreBuilder.java:addTable(110)) - using custom profile for table: revokedCerts
2019-09-26 20:40:15,709 [main] INFO  db.DBStoreBuilder (DBStoreBuilder.java:processTables(161)) - Using default column profile:DBProfile.DISK for Table:revokedCerts
2019-09-26 20:40:15,720 [main] INFO  db.DBStoreBuilder (DBStoreBuilder.java:addTable(110)) - using custom profile for table: default
2019-09-26 20:40:15,720 [main] INFO  db.DBStoreBuilder (DBStoreBuilder.java:processTables(167)) - Using default column profile:DBProfile.DISK for Table:default
2019-09-26 20:40:15,721 [main] INFO  db.DBStoreBuilder (DBStoreBuilder.java:getDbProfile(198)) - Using default options. DBProfile.DISK
2019-09-26 20:40:15,935 [main] INFO  net.NodeSchemaLoader (NodeSchemaLoader.java:loadSchemaFromFile(125)) - Loading file from sun.misc.CompoundEnumeration@49206065
2019-09-26 20:40:15,937 [main] INFO  net.NodeSchemaLoader (NodeSchemaLoader.java:loadSchema(171)) - Loading network topology layer schema file
2019-09-26 20:40:15,980 [main] WARN  server.ServerUtils (ServerUtils.java:sanitizeUserArgs(70)) - ozone.scm.stale.node.interval value = 300000 is larger than max = 100000 based on the key value of ozone.scm.heartbeat.thread.interval, reset to the max value 100000.
2019-09-26 20:40:15,981 [main] WARN  server.ServerUtils (ServerUtils.java:sanitizeUserArgs(70)) - ozone.scm.stale.node.interval value = 300000 is larger than max = 100000 based on the key value of ozone.scm.heartbeat.thread.interval, reset to the max value 100000.
2019-09-26 20:40:15,983 [main] INFO  node.SCMNodeManager (SCMNodeManager.java:<init>(114)) - Entering startup safe mode.
2019-09-26 20:40:15,995 [main] INFO  algorithms.ContainerPlacementPolicyFactory (ContainerPlacementPolicyFactory.java:getPolicy(57)) - Create container placement policy of type org.apache.hadoop.hdds.scm.container.placement.algorithms.SCMContainerPlacementRandom
2019-09-26 20:40:16,012 [main] WARN  server.ServerUtils (ServerUtils.java:getScmDbDir(145)) - ozone.scm.db.dirs is not configured. We recommend adding this setting. Falling back to ozone.metadata.dirs instead.
2019-09-26 20:40:16,078 [main] INFO  pipeline.SCMPipelineManager (SCMPipelineManager.java:initializePipelineState(132)) - No pipeline exists in current db
2019-09-26 20:40:16,082 [main] WARN  server.ServerUtils (ServerUtils.java:getScmDbDir(145)) - ozone.scm.db.dirs is not configured. We recommend adding this setting. Falling back to ozone.metadata.dirs instead.
2019-09-26 20:40:16,192 [main] WARN  events.EventQueue (EventQueue.java:fireEvent(183)) - No event handler registered for event TypedEvent{payloadType=SafeModeStatus, name='SafeModeStatus'}
2019-09-26 20:40:16,232 [main] INFO  ipc.CallQueueManager (CallQueueManager.java:<init>(84)) - Using callQueue: class java.util.concurrent.LinkedBlockingQueue, queueCapacity: 2000, scheduler: class org.apache.hadoop.ipc.DefaultRpcScheduler, ipcBackoff: false.
2019-09-26 20:40:16,251 [Socket Reader #1 for port 43199] INFO  ipc.Server (Server.java:run(1074)) - Starting Socket Reader #1 for port 43199
2019-09-26 20:40:16,289 [main] INFO  ipc.CallQueueManager (CallQueueManager.java:<init>(84)) - Using callQueue: class java.util.concurrent.LinkedBlockingQueue, queueCapacity: 2000, scheduler: class org.apache.hadoop.ipc.DefaultRpcScheduler, ipcBackoff: false.
2019-09-26 20:40:16,290 [Socket Reader #1 for port 36241] INFO  ipc.Server (Server.java:run(1074)) - Starting Socket Reader #1 for port 36241
2019-09-26 20:40:16,299 [main] INFO  ipc.CallQueueManager (CallQueueManager.java:<init>(84)) - Using callQueue: class java.util.concurrent.LinkedBlockingQueue, queueCapacity: 2000, scheduler: class org.apache.hadoop.ipc.DefaultRpcScheduler, ipcBackoff: false.
2019-09-26 20:40:16,300 [Socket Reader #1 for port 40123] INFO  ipc.Server (Server.java:run(1074)) - Starting Socket Reader #1 for port 40123
2019-09-26 20:40:16,317 [main] INFO  hdfs.DFSUtil (DFSUtil.java:httpServerTemplateForNNAndJN(1641)) - Starting Web-server for scm at: http://0.0.0.0:0
2019-09-26 20:40:16,320 [main] INFO  server.AuthenticationFilter (AuthenticationFilter.java:constructSecretProvider(240)) - Unable to initialize FileSignerSecretProvider, falling back to use random secrets.
2019-09-26 20:40:16,321 [main] WARN  http.HttpRequestLog (HttpRequestLog.java:getRequestLog(97)) - Jetty request log can only be enabled using Log4j
2019-09-26 20:40:16,325 [main] INFO  http.HttpServer2 (HttpServer2.java:addGlobalFilter(975)) - Added global filter 'safety' (class=org.apache.hadoop.http.HttpServer2$QuotingInputFilter)
2019-09-26 20:40:16,326 [main] INFO  http.HttpServer2 (HttpServer2.java:addFilter(948)) - Added filter static_user_filter (class=org.apache.hadoop.http.lib.StaticUserWebFilter$StaticUserFilter) to context scm
2019-09-26 20:40:16,326 [main] INFO  http.HttpServer2 (HttpServer2.java:addFilter(958)) - Added filter static_user_filter (class=org.apache.hadoop.http.lib.StaticUserWebFilter$StaticUserFilter) to context static
2019-09-26 20:40:16,327 [main] INFO  http.HttpServer2 (HttpServer2.java:addFilter(958)) - Added filter static_user_filter (class=org.apache.hadoop.http.lib.StaticUserWebFilter$StaticUserFilter) to context logs
2019-09-26 20:40:16,345 [main] INFO  server.StorageContainerManager (StorageContainerManager.java:start(770)) - StorageContainerLocationProtocol RPC server is listening at /0.0.0.0:40123
2019-09-26 20:40:16,345 [main] INFO  impl.MetricsSystemImpl (MetricsSystemImpl.java:init(158)) - StorageContainerManager metrics system started (again)
2019-09-26 20:40:16,349 [main] INFO  server.SCMClientProtocolServer (SCMClientProtocolServer.java:start(151)) - RPC server for Client  is listening at /0.0.0.0:40123
2019-09-26 20:40:16,349 [IPC Server Responder] INFO  ipc.Server (Server.java:run(1314)) - IPC Server Responder: starting
2019-09-26 20:40:16,349 [IPC Server listener on 40123] INFO  ipc.Server (Server.java:run(1153)) - IPC Server listener on 40123: starting
2019-09-26 20:40:16,354 [main] INFO  server.StorageContainerManager (StorageContainerManager.java:start(780)) - ScmBlockLocationProtocol RPC server is listening at /0.0.0.0:36241
2019-09-26 20:40:16,356 [main] INFO  server.SCMBlockProtocolServer (SCMBlockProtocolServer.java:start(146)) - RPC server for Block Protocol is listening at /0.0.0.0:36241
2019-09-26 20:40:16,357 [IPC Server Responder] INFO  ipc.Server (Server.java:run(1314)) - IPC Server Responder: starting
2019-09-26 20:40:16,357 [IPC Server listener on 36241] INFO  ipc.Server (Server.java:run(1153)) - IPC Server listener on 36241: starting
2019-09-26 20:40:16,361 [main] INFO  server.StorageContainerManager (StorageContainerManager.java:start(784)) - ScmDatanodeProtocl RPC server is listening at /0.0.0.0:43199
2019-09-26 20:40:16,361 [main] INFO  server.SCMDatanodeProtocolServer (SCMDatanodeProtocolServer.java:start(191)) - RPC server for DataNodes is listening at /0.0.0.0:43199
2019-09-26 20:40:16,361 [IPC Server Responder] INFO  ipc.Server (Server.java:run(1314)) - IPC Server Responder: starting
2019-09-26 20:40:16,362 [IPC Server listener on 43199] INFO  ipc.Server (Server.java:run(1153)) - IPC Server listener on 43199: starting
2019-09-26 20:40:16,365 [main] INFO  http.HttpServer2 (HttpServer2.java:bindListener(1191)) - Jetty bound to port 46638
2019-09-26 20:40:16,365 [main] INFO  server.Server (Server.java:doStart(351)) - jetty-9.3.25.v20180904, build timestamp: 2018-09-04T21:11:46Z, git hash: 3ce520221d0240229c862b122d2b06c12a625732
2019-09-26 20:40:16,368 [main] INFO  handler.ContextHandler (ContextHandler.java:doStart(781)) - Started o.e.j.s.ServletContextHandler@a5272be{/logs,file:///workdir/hadoop-ozone/integration-test/target/log,AVAILABLE}
2019-09-26 20:40:16,369 [main] INFO  handler.ContextHandler (ContextHandler.java:doStart(781)) - Started o.e.j.s.ServletContextHandler@4dba773d{/static,file:///workdir/hadoop-ozone/integration-test/target/test-classes/webapps/static,AVAILABLE}
2019-09-26 20:40:16,375 [main] INFO  handler.ContextHandler (ContextHandler.java:doStart(781)) - Started o.e.j.w.WebAppContext@6812fa3a{/,file:///workdir/hadoop-ozone/integration-test/target/test-classes/webapps/scm/,AVAILABLE}{/scm}
2019-09-26 20:40:16,376 [main] INFO  server.AbstractConnector (AbstractConnector.java:doStart(278)) - Started ServerConnector@29149030{HTTP/1.1,[http/1.1]}{0.0.0.0:46638}
2019-09-26 20:40:16,377 [main] INFO  server.Server (Server.java:doStart(419)) - Started @5706ms
2019-09-26 20:40:16,380 [main] INFO  impl.MetricsSinkAdapter (MetricsSinkAdapter.java:start(204)) - Sink prometheus started
2019-09-26 20:40:16,381 [main] INFO  impl.MetricsSystemImpl (MetricsSystemImpl.java:registerSink(301)) - Registered sink prometheus
2019-09-26 20:40:16,382 [main] INFO  server.BaseHttpServer (BaseHttpServer.java:updateConnectorAddress(215)) - HTTP server of SCM is listening at http://0.0.0.0:46638
2019-09-26 20:40:16,383 [org.apache.hadoop.util.JvmPauseMonitor$Monitor@72fd8a3c] INFO  util.JvmPauseMonitor (JvmPauseMonitor.java:run(188)) - Starting JVM pause monitor
2019-09-26 20:40:16,390 [main] WARN  server.ServerUtils (ServerUtils.java:getDBPath(222)) - ozone.om.db.dirs is not configured. We recommend adding this setting. Falling back to ozone.metadata.dirs instead.
2019-09-26 20:40:16,417 [main] INFO  ha.OMHANodeDetails (OMHANodeDetails.java:loadOMHAConfig(194)) - Configuration either no ozone.om.address set. Falling back to the default OM address /127.0.0.1:0
2019-09-26 20:40:16,417 [main] INFO  ha.OMHANodeDetails (OMHANodeDetails.java:getOMNodeDetails(224)) - OM Service ID is not set. Setting it to the default ID: omServiceIdDefault
2019-09-26 20:40:16,419 [main] WARN  server.ServerUtils (ServerUtils.java:getDBPath(222)) - ozone.om.db.dirs is not configured. We recommend adding this setting. Falling back to ozone.metadata.dirs instead.
2019-09-26 20:40:16,420 [main] WARN  server.ServerUtils (ServerUtils.java:getDBPath(222)) - ozone.om.db.dirs is not configured. We recommend adding this setting. Falling back to ozone.metadata.dirs instead.
2019-09-26 20:40:16,525 [main] WARN  server.ServerUtils (ServerUtils.java:getDBPath(222)) - ozone.om.db.dirs is not configured. We recommend adding this setting. Falling back to ozone.metadata.dirs instead.
2019-09-26 20:40:16,532 [main] INFO  db.DBStoreBuilder (DBStoreBuilder.java:addTable(110)) - using custom profile for table: userTable
2019-09-26 20:40:16,532 [main] INFO  db.DBStoreBuilder (DBStoreBuilder.java:processTables(161)) - Using default column profile:DBProfile.DISK for Table:userTable
2019-09-26 20:40:16,532 [main] INFO  db.DBStoreBuilder (DBStoreBuilder.java:addTable(110)) - using custom profile for table: volumeTable
2019-09-26 20:40:16,532 [main] INFO  db.DBStoreBuilder (DBStoreBuilder.java:processTables(161)) - Using default column profile:DBProfile.DISK for Table:volumeTable
2019-09-26 20:40:16,532 [main] INFO  db.DBStoreBuilder (DBStoreBuilder.java:addTable(110)) - using custom profile for table: bucketTable
2019-09-26 20:40:16,533 [main] INFO  db.DBStoreBuilder (DBStoreBuilder.java:processTables(161)) - Using default column profile:DBProfile.DISK for Table:bucketTable
2019-09-26 20:40:16,533 [main] INFO  db.DBStoreBuilder (DBStoreBuilder.java:addTable(110)) - using custom profile for table: keyTable
2019-09-26 20:40:16,533 [main] INFO  db.DBStoreBuilder (DBStoreBuilder.java:processTables(161)) - Using default column profile:DBProfile.DISK for Table:keyTable
2019-09-26 20:40:16,533 [main] INFO  db.DBStoreBuilder (DBStoreBuilder.java:addTable(110)) - using custom profile for table: deletedTable
2019-09-26 20:40:16,533 [main] INFO  db.DBStoreBuilder (DBStoreBuilder.java:processTables(161)) - Using default column profile:DBProfile.DISK for Table:deletedTable
2019-09-26 20:40:16,534 [main] INFO  db.DBStoreBuilder (DBStoreBuilder.java:addTable(110)) - using custom profile for table: openKeyTable
2019-09-26 20:40:16,534 [main] INFO  db.DBStoreBuilder (DBStoreBuilder.java:processTables(161)) - Using default column profile:DBProfile.DISK for Table:openKeyTable
2019-09-26 20:40:16,534 [main] INFO  db.DBStoreBuilder (DBStoreBuilder.java:addTable(110)) - using custom profile for table: s3Table
2019-09-26 20:40:16,534 [main] INFO  db.DBStoreBuilder (DBStoreBuilder.java:processTables(161)) - Using default column profile:DBProfile.DISK for Table:s3Table
2019-09-26 20:40:16,534 [main] INFO  db.DBStoreBuilder (DBStoreBuilder.java:addTable(110)) - using custom profile for table: multipartInfoTable
2019-09-26 20:40:16,535 [main] INFO  db.DBStoreBuilder (DBStoreBuilder.java:processTables(161)) - Using default column profile:DBProfile.DISK for Table:multipartInfoTable
2019-09-26 20:40:16,535 [main] INFO  db.DBStoreBuilder (DBStoreBuilder.java:addTable(110)) - using custom profile for table: dTokenTable
2019-09-26 20:40:16,535 [main] INFO  db.DBStoreBuilder (DBStoreBuilder.java:processTables(161)) - Using default column profile:DBProfile.DISK for Table:dTokenTable
2019-09-26 20:40:16,535 [main] INFO  db.DBStoreBuilder (DBStoreBuilder.java:addTable(110)) - using custom profile for table: s3SecretTable
2019-09-26 20:40:16,535 [main] INFO  db.DBStoreBuilder (DBStoreBuilder.java:processTables(161)) - Using default column profile:DBProfile.DISK for Table:s3SecretTable
2019-09-26 20:40:16,536 [main] INFO  db.DBStoreBuilder (DBStoreBuilder.java:addTable(110)) - using custom profile for table: prefixTable
2019-09-26 20:40:16,536 [main] INFO  db.DBStoreBuilder (DBStoreBuilder.java:processTables(161)) - Using default column profile:DBProfile.DISK for Table:prefixTable
2019-09-26 20:40:16,536 [main] INFO  db.DBStoreBuilder (DBStoreBuilder.java:addTable(110)) - using custom profile for table: default
2019-09-26 20:40:16,536 [main] INFO  db.DBStoreBuilder (DBStoreBuilder.java:processTables(167)) - Using default column profile:DBProfile.DISK for Table:default
2019-09-26 20:40:16,536 [main] INFO  db.DBStoreBuilder (DBStoreBuilder.java:getDbProfile(198)) - Using default options. DBProfile.DISK
2019-09-26 20:40:17,052 [main] INFO  ipc.CallQueueManager (CallQueueManager.java:<init>(84)) - Using callQueue: class java.util.concurrent.LinkedBlockingQueue, queueCapacity: 2000, scheduler: class org.apache.hadoop.ipc.DefaultRpcScheduler, ipcBackoff: false.
2019-09-26 20:40:17,053 [Socket Reader #1 for port 36313] INFO  ipc.Server (Server.java:run(1074)) - Starting Socket Reader #1 for port 36313
2019-09-26 20:40:17,070 [main] INFO  om.OzoneManager (OzoneManager.java:start(1069)) - OzoneManager RPC server is listening at localhost/127.0.0.1:36313
2019-09-26 20:40:17,070 [main] INFO  impl.MetricsSystemImpl (MetricsSystemImpl.java:init(158)) - OzoneManager metrics system started (again)
2019-09-26 20:40:17,080 [IPC Server Responder] INFO  ipc.Server (Server.java:run(1314)) - IPC Server Responder: starting
2019-09-26 20:40:17,081 [IPC Server listener on 36313] INFO  ipc.Server (Server.java:run(1153)) - IPC Server listener on 36313: starting
2019-09-26 20:40:17,086 [main] INFO  hdfs.DFSUtil (DFSUtil.java:httpServerTemplateForNNAndJN(1641)) - Starting Web-server for ozoneManager at: http://0.0.0.0:0
2019-09-26 20:40:17,088 [main] INFO  server.AuthenticationFilter (AuthenticationFilter.java:constructSecretProvider(240)) - Unable to initialize FileSignerSecretProvider, falling back to use random secrets.
2019-09-26 20:40:17,088 [main] WARN  http.HttpRequestLog (HttpRequestLog.java:getRequestLog(97)) - Jetty request log can only be enabled using Log4j
2019-09-26 20:40:17,090 [main] INFO  http.HttpServer2 (HttpServer2.java:addGlobalFilter(975)) - Added global filter 'safety' (class=org.apache.hadoop.http.HttpServer2$QuotingInputFilter)
2019-09-26 20:40:17,091 [main] INFO  http.HttpServer2 (HttpServer2.java:addFilter(948)) - Added filter static_user_filter (class=org.apache.hadoop.http.lib.StaticUserWebFilter$StaticUserFilter) to context ozoneManager
2019-09-26 20:40:17,091 [main] INFO  http.HttpServer2 (HttpServer2.java:addFilter(958)) - Added filter static_user_filter (class=org.apache.hadoop.http.lib.StaticUserWebFilter$StaticUserFilter) to context logs
2019-09-26 20:40:17,091 [main] INFO  http.HttpServer2 (HttpServer2.java:addFilter(958)) - Added filter static_user_filter (class=org.apache.hadoop.http.lib.StaticUserWebFilter$StaticUserFilter) to context static
2019-09-26 20:40:17,093 [main] INFO  http.HttpServer2 (HttpServer2.java:bindListener(1191)) - Jetty bound to port 46708
2019-09-26 20:40:17,093 [main] INFO  server.Server (Server.java:doStart(351)) - jetty-9.3.25.v20180904, build timestamp: 2018-09-04T21:11:46Z, git hash: 3ce520221d0240229c862b122d2b06c12a625732
2019-09-26 20:40:17,095 [main] INFO  handler.ContextHandler (ContextHandler.java:doStart(781)) - Started o.e.j.s.ServletContextHandler@541179e7{/logs,file:///workdir/hadoop-ozone/integration-test/target/log,AVAILABLE}
2019-09-26 20:40:17,095 [main] INFO  handler.ContextHandler (ContextHandler.java:doStart(781)) - Started o.e.j.s.ServletContextHandler@7b32b129{/static,file:///workdir/hadoop-ozone/integration-test/target/test-classes/webapps/static,AVAILABLE}
2019-09-26 20:40:17,102 [main] INFO  handler.ContextHandler (ContextHandler.java:doStart(781)) - Started o.e.j.w.WebAppContext@4ba02375{/,file:///workdir/hadoop-ozone/integration-test/target/test-classes/webapps/ozoneManager/,AVAILABLE}{/ozoneManager}
2019-09-26 20:40:17,102 [main] INFO  server.AbstractConnector (AbstractConnector.java:doStart(278)) - Started ServerConnector@7593ea79{HTTP/1.1,[http/1.1]}{0.0.0.0:46708}
2019-09-26 20:40:17,103 [main] INFO  server.Server (Server.java:doStart(419)) - Started @6432ms
2019-09-26 20:40:17,103 [main] WARN  impl.MetricsSystemImpl (MetricsSystemImpl.java:register(276)) - Sink prometheus already exists!
2019-09-26 20:40:17,104 [main] INFO  server.BaseHttpServer (BaseHttpServer.java:updateConnectorAddress(215)) - HTTP server of OZONEMANAGER is listening at http://0.0.0.0:46708
2019-09-26 20:40:17,218 [main] INFO  impl.MetricsSystemImpl (MetricsSystemImpl.java:init(158)) - HddsDatanode metrics system started (again)
2019-09-26 20:40:17,266 [main] INFO  ozone.HddsDatanodeService (HddsDatanodeService.java:start(184)) - HddsDatanodeService host:pr-hdds-2162-kpcbn-4093309294 ip:192.168.151.109
2019-09-26 20:40:17,298 [main] INFO  volume.HddsVolume (HddsVolume.java:<init>(176)) - Creating Volume: /workdir/hadoop-ozone/integration-test/target/test-dir/MiniOzoneClusterImpl-5456f64d-b184-4e59-8568-45c19435e1d5/datanode-0/data/containers/hdds of  storage type : DISK and capacity : 1482555576320
2019-09-26 20:40:17,299 [main] INFO  volume.VolumeSet (VolumeSet.java:initializeVolumeSet(170)) - Added Volume : /workdir/hadoop-ozone/integration-test/target/test-dir/MiniOzoneClusterImpl-5456f64d-b184-4e59-8568-45c19435e1d5/datanode-0/data/containers/hdds to VolumeSet
2019-09-26 20:40:17,302 [main] INFO  volume.ThrottledAsyncChecker (ThrottledAsyncChecker.java:schedule(139)) - Scheduling a check for org.apache.hadoop.ozone.container.common.volume.HddsVolume@6198e9b5
2019-09-26 20:40:17,319 [main] INFO  volume.HddsVolumeChecker (HddsVolumeChecker.java:checkAllVolumes(202)) - Scheduled health check for volume org.apache.hadoop.ozone.container.common.volume.HddsVolume@6198e9b5
2019-09-26 20:40:17,454 [main] INFO  impl.RaftServerProxy (ConfUtils.java:logGet(43)) - raft.rpc.type = GRPC (default)
2019-09-26 20:40:17,522 [main] INFO  grpc.GrpcFactory (GrpcFactory.java:checkPooledByteBufAllocatorUseCacheForAllThreads(45)) - PERFORMANCE WARNING: useCacheForAllThreads is true that may cause Netty to create a lot garbage objects and, as a result, trigger GC.
	It is recommended to disable useCacheForAllThreads by setting -Dorg.apache.ratis.thirdparty.io.netty.allocator.useCacheForAllThreads=false in command line.
2019-09-26 20:40:17,527 [main] INFO  grpc.GrpcConfigKeys$Server (ConfUtils.java:logGet(43)) - raft.grpc.server.port = 0 (default)
2019-09-26 20:40:17,528 [main] INFO  server.GrpcService (ConfUtils.java:logGet(43)) - raft.grpc.message.size.max = 33570816 (custom)
2019-09-26 20:40:17,530 [main] INFO  server.RaftServerConfigKeys (ConfUtils.java:logGet(43)) - raft.server.log.appender.buffer.byte-limit = 33554432 (custom)
2019-09-26 20:40:17,530 [main] INFO  server.GrpcService (ConfUtils.java:logGet(43)) - raft.grpc.flow.control.window = 1MB (=1048576) (default)
2019-09-26 20:40:17,531 [main] INFO  server.RaftServerConfigKeys (ConfUtils.java:logGet(43)) - raft.server.rpc.request.timeout = 3000ms (default)
2019-09-26 20:40:17,700 [main] INFO  server.RaftServerConfigKeys (ConfUtils.java:logGet(43)) - raft.server.storage.dir = [/workdir/hadoop-ozone/integration-test/target/test-dir/MiniOzoneClusterImpl-5456f64d-b184-4e59-8568-45c19435e1d5/datanode-0/data/ratis] (custom)
2019-09-26 20:40:17,762 [main] INFO  hdfs.DFSUtil (DFSUtil.java:httpServerTemplateForNNAndJN(1641)) - Starting Web-server for hddsDatanode at: http://0.0.0.0:0
2019-09-26 20:40:17,766 [main] INFO  server.AuthenticationFilter (AuthenticationFilter.java:constructSecretProvider(240)) - Unable to initialize FileSignerSecretProvider, falling back to use random secrets.
2019-09-26 20:40:17,767 [main] WARN  http.HttpRequestLog (HttpRequestLog.java:getRequestLog(97)) - Jetty request log can only be enabled using Log4j
2019-09-26 20:40:17,769 [main] INFO  http.HttpServer2 (HttpServer2.java:addGlobalFilter(975)) - Added global filter 'safety' (class=org.apache.hadoop.http.HttpServer2$QuotingInputFilter)
2019-09-26 20:40:17,770 [main] INFO  http.HttpServer2 (HttpServer2.java:addFilter(948)) - Added filter static_user_filter (class=org.apache.hadoop.http.lib.StaticUserWebFilter$StaticUserFilter) to context hddsDatanode
2019-09-26 20:40:17,770 [main] INFO  http.HttpServer2 (HttpServer2.java:addFilter(958)) - Added filter static_user_filter (class=org.apache.hadoop.http.lib.StaticUserWebFilter$StaticUserFilter) to context logs
2019-09-26 20:40:17,771 [main] INFO  http.HttpServer2 (HttpServer2.java:addFilter(958)) - Added filter static_user_filter (class=org.apache.hadoop.http.lib.StaticUserWebFilter$StaticUserFilter) to context static
2019-09-26 20:40:17,772 [main] INFO  http.HttpServer2 (HttpServer2.java:bindListener(1191)) - Jetty bound to port 38039
2019-09-26 20:40:17,772 [main] INFO  server.Server (Server.java:doStart(351)) - jetty-9.3.25.v20180904, build timestamp: 2018-09-04T21:11:46Z, git hash: 3ce520221d0240229c862b122d2b06c12a625732
2019-09-26 20:40:17,777 [main] INFO  handler.ContextHandler (ContextHandler.java:doStart(781)) - Started o.e.j.s.ServletContextHandler@66e21568{/logs,file:///workdir/hadoop-ozone/integration-test/target/log,AVAILABLE}
2019-09-26 20:40:17,777 [main] INFO  handler.ContextHandler (ContextHandler.java:doStart(781)) - Started o.e.j.s.ServletContextHandler@611b35d6{/static,jar:file:/home/user/.m2/repository/org/apache/hadoop/hadoop-hdds-container-service/0.5.0-SNAPSHOT/hadoop-hdds-container-service-0.5.0-SNAPSHOT.jar!/webapps/static,AVAILABLE}
2019-09-26 20:40:17,826 [main] INFO  handler.ContextHandler (ContextHandler.java:doStart(781)) - Started o.e.j.w.WebAppContext@3292d91a{/,file:///workdir/hadoop-ozone/integration-test/target/tmp/kms/webapp/,AVAILABLE}{/hddsDatanode}
2019-09-26 20:40:17,828 [main] INFO  server.AbstractConnector (AbstractConnector.java:doStart(278)) - Started ServerConnector@5921b93c{HTTP/1.1,[http/1.1]}{0.0.0.0:38039}
2019-09-26 20:40:17,828 [main] INFO  server.Server (Server.java:doStart(419)) - Started @7157ms
2019-09-26 20:40:17,829 [main] WARN  impl.MetricsSystemImpl (MetricsSystemImpl.java:register(276)) - Sink prometheus already exists!
2019-09-26 20:40:17,830 [main] INFO  server.BaseHttpServer (BaseHttpServer.java:updateConnectorAddress(215)) - HTTP server of HDDSDATANODE is listening at http://0.0.0.0:38039
2019-09-26 20:40:17,831 [main] INFO  impl.MetricsSystemImpl (MetricsSystemImpl.java:init(158)) - HddsDatanode metrics system started (again)
2019-09-26 20:40:17,835 [main] INFO  ozone.HddsDatanodeService (HddsDatanodeService.java:start(184)) - HddsDatanodeService host:pr-hdds-2162-kpcbn-4093309294 ip:192.168.151.109
2019-09-26 20:40:17,837 [org.apache.hadoop.util.JvmPauseMonitor$Monitor@146fc593] INFO  util.JvmPauseMonitor (JvmPauseMonitor.java:run(188)) - Starting JVM pause monitor
2019-09-26 20:40:17,847 [main] INFO  volume.HddsVolume (HddsVolume.java:<init>(176)) - Creating Volume: /workdir/hadoop-ozone/integration-test/target/test-dir/MiniOzoneClusterImpl-5456f64d-b184-4e59-8568-45c19435e1d5/datanode-1/data/containers/hdds of  storage type : DISK and capacity : 1482555576320
2019-09-26 20:40:17,848 [main] INFO  volume.VolumeSet (VolumeSet.java:initializeVolumeSet(170)) - Added Volume : /workdir/hadoop-ozone/integration-test/target/test-dir/MiniOzoneClusterImpl-5456f64d-b184-4e59-8568-45c19435e1d5/datanode-1/data/containers/hdds to VolumeSet
2019-09-26 20:40:17,849 [main] INFO  volume.ThrottledAsyncChecker (ThrottledAsyncChecker.java:schedule(139)) - Scheduling a check for org.apache.hadoop.ozone.container.common.volume.HddsVolume@7f3ca64a
2019-09-26 20:40:17,849 [main] INFO  volume.HddsVolumeChecker (HddsVolumeChecker.java:checkAllVolumes(202)) - Scheduled health check for volume org.apache.hadoop.ozone.container.common.volume.HddsVolume@7f3ca64a
2019-09-26 20:40:17,870 [main] INFO  impl.RaftServerProxy (ConfUtils.java:logGet(43)) - raft.rpc.type = GRPC (default)
2019-09-26 20:40:17,870 [main] INFO  grpc.GrpcFactory (GrpcFactory.java:checkPooledByteBufAllocatorUseCacheForAllThreads(45)) - PERFORMANCE WARNING: useCacheForAllThreads is true that may cause Netty to create a lot garbage objects and, as a result, trigger GC.
	It is recommended to disable useCacheForAllThreads by setting -Dorg.apache.ratis.thirdparty.io.netty.allocator.useCacheForAllThreads=false in command line.
2019-09-26 20:40:17,870 [main] INFO  grpc.GrpcConfigKeys$Server (ConfUtils.java:logGet(43)) - raft.grpc.server.port = 0 (default)
2019-09-26 20:40:17,871 [main] INFO  server.GrpcService (ConfUtils.java:logGet(43)) - raft.grpc.message.size.max = 33570816 (custom)
2019-09-26 20:40:17,871 [main] INFO  server.RaftServerConfigKeys (ConfUtils.java:logGet(43)) - raft.server.log.appender.buffer.byte-limit = 33554432 (custom)
2019-09-26 20:40:17,871 [main] INFO  server.GrpcService (ConfUtils.java:logGet(43)) - raft.grpc.flow.control.window = 1MB (=1048576) (default)
2019-09-26 20:40:17,872 [main] INFO  server.RaftServerConfigKeys (ConfUtils.java:logGet(43)) - raft.server.rpc.request.timeout = 3000ms (default)
2019-09-26 20:40:17,872 [main] INFO  server.RaftServerConfigKeys (ConfUtils.java:logGet(43)) - raft.server.storage.dir = [/workdir/hadoop-ozone/integration-test/target/test-dir/MiniOzoneClusterImpl-5456f64d-b184-4e59-8568-45c19435e1d5/datanode-1/data/ratis] (custom)
2019-09-26 20:40:17,874 [main] INFO  hdfs.DFSUtil (DFSUtil.java:httpServerTemplateForNNAndJN(1641)) - Starting Web-server for hddsDatanode at: http://0.0.0.0:0
2019-09-26 20:40:17,876 [main] INFO  server.AuthenticationFilter (AuthenticationFilter.java:constructSecretProvider(240)) - Unable to initialize FileSignerSecretProvider, falling back to use random secrets.
2019-09-26 20:40:17,876 [main] WARN  http.HttpRequestLog (HttpRequestLog.java:getRequestLog(97)) - Jetty request log can only be enabled using Log4j
2019-09-26 20:40:17,878 [main] INFO  http.HttpServer2 (HttpServer2.java:addGlobalFilter(975)) - Added global filter 'safety' (class=org.apache.hadoop.http.HttpServer2$QuotingInputFilter)
2019-09-26 20:40:17,878 [main] INFO  http.HttpServer2 (HttpServer2.java:addFilter(948)) - Added filter static_user_filter (class=org.apache.hadoop.http.lib.StaticUserWebFilter$StaticUserFilter) to context hddsDatanode
2019-09-26 20:40:17,879 [main] INFO  http.HttpServer2 (HttpServer2.java:addFilter(958)) - Added filter static_user_filter (class=org.apache.hadoop.http.lib.StaticUserWebFilter$StaticUserFilter) to context logs
2019-09-26 20:40:17,879 [main] INFO  http.HttpServer2 (HttpServer2.java:addFilter(958)) - Added filter static_user_filter (class=org.apache.hadoop.http.lib.StaticUserWebFilter$StaticUserFilter) to context static
2019-09-26 20:40:17,879 [main] INFO  http.HttpServer2 (HttpServer2.java:bindListener(1191)) - Jetty bound to port 42953
2019-09-26 20:40:17,880 [main] INFO  server.Server (Server.java:doStart(351)) - jetty-9.3.25.v20180904, build timestamp: 2018-09-04T21:11:46Z, git hash: 3ce520221d0240229c862b122d2b06c12a625732
2019-09-26 20:40:17,882 [main] INFO  handler.ContextHandler (ContextHandler.java:doStart(781)) - Started o.e.j.s.ServletContextHandler@459003a0{/logs,file:///workdir/hadoop-ozone/integration-test/target/log,AVAILABLE}
2019-09-26 20:40:17,883 [main] INFO  handler.ContextHandler (ContextHandler.java:doStart(781)) - Started o.e.j.s.ServletContextHandler@3b481bf5{/static,jar:file:/home/user/.m2/repository/org/apache/hadoop/hadoop-hdds-container-service/0.5.0-SNAPSHOT/hadoop-hdds-container-service-0.5.0-SNAPSHOT.jar!/webapps/static,AVAILABLE}
2019-09-26 20:40:17,912 [main] INFO  handler.ContextHandler (ContextHandler.java:doStart(781)) - Started o.e.j.w.WebAppContext@a85644c{/,file:///workdir/hadoop-ozone/integration-test/target/tmp/kms/webapp/,AVAILABLE}{/hddsDatanode}
2019-09-26 20:40:17,912 [main] INFO  server.AbstractConnector (AbstractConnector.java:doStart(278)) - Started ServerConnector@8054fe2{HTTP/1.1,[http/1.1]}{0.0.0.0:42953}
2019-09-26 20:40:17,913 [main] INFO  server.Server (Server.java:doStart(419)) - Started @7242ms
2019-09-26 20:40:17,915 [main] WARN  impl.MetricsSystemImpl (MetricsSystemImpl.java:register(276)) - Sink prometheus already exists!
2019-09-26 20:40:17,915 [main] INFO  server.BaseHttpServer (BaseHttpServer.java:updateConnectorAddress(215)) - HTTP server of HDDSDATANODE is listening at http://0.0.0.0:42953
2019-09-26 20:40:17,916 [main] INFO  impl.MetricsSystemImpl (MetricsSystemImpl.java:init(158)) - HddsDatanode metrics system started (again)
2019-09-26 20:40:17,918 [main] INFO  ozone.HddsDatanodeService (HddsDatanodeService.java:start(184)) - HddsDatanodeService host:pr-hdds-2162-kpcbn-4093309294 ip:192.168.151.109
2019-09-26 20:40:17,919 [org.apache.hadoop.util.JvmPauseMonitor$Monitor@57166b3e] INFO  util.JvmPauseMonitor (JvmPauseMonitor.java:run(188)) - Starting JVM pause monitor
2019-09-26 20:40:17,926 [main] INFO  volume.HddsVolume (HddsVolume.java:<init>(176)) - Creating Volume: /workdir/hadoop-ozone/integration-test/target/test-dir/MiniOzoneClusterImpl-5456f64d-b184-4e59-8568-45c19435e1d5/datanode-2/data/containers/hdds of  storage type : DISK and capacity : 1482555576320
2019-09-26 20:40:17,927 [main] INFO  volume.VolumeSet (VolumeSet.java:initializeVolumeSet(170)) - Added Volume : /workdir/hadoop-ozone/integration-test/target/test-dir/MiniOzoneClusterImpl-5456f64d-b184-4e59-8568-45c19435e1d5/datanode-2/data/containers/hdds to VolumeSet
2019-09-26 20:40:17,927 [main] INFO  volume.ThrottledAsyncChecker (ThrottledAsyncChecker.java:schedule(139)) - Scheduling a check for org.apache.hadoop.ozone.container.common.volume.HddsVolume@5df7e31b
2019-09-26 20:40:17,927 [main] INFO  volume.HddsVolumeChecker (HddsVolumeChecker.java:checkAllVolumes(202)) - Scheduled health check for volume org.apache.hadoop.ozone.container.common.volume.HddsVolume@5df7e31b
2019-09-26 20:40:17,941 [main] INFO  impl.RaftServerProxy (ConfUtils.java:logGet(43)) - raft.rpc.type = GRPC (default)
2019-09-26 20:40:17,941 [main] INFO  grpc.GrpcFactory (GrpcFactory.java:checkPooledByteBufAllocatorUseCacheForAllThreads(45)) - PERFORMANCE WARNING: useCacheForAllThreads is true that may cause Netty to create a lot garbage objects and, as a result, trigger GC.
	It is recommended to disable useCacheForAllThreads by setting -Dorg.apache.ratis.thirdparty.io.netty.allocator.useCacheForAllThreads=false in command line.
2019-09-26 20:40:17,941 [main] INFO  grpc.GrpcConfigKeys$Server (ConfUtils.java:logGet(43)) - raft.grpc.server.port = 0 (default)
2019-09-26 20:40:17,942 [main] INFO  server.GrpcService (ConfUtils.java:logGet(43)) - raft.grpc.message.size.max = 33570816 (custom)
2019-09-26 20:40:17,942 [main] INFO  server.RaftServerConfigKeys (ConfUtils.java:logGet(43)) - raft.server.log.appender.buffer.byte-limit = 33554432 (custom)
2019-09-26 20:40:17,942 [main] INFO  server.GrpcService (ConfUtils.java:logGet(43)) - raft.grpc.flow.control.window = 1MB (=1048576) (default)
2019-09-26 20:40:17,942 [main] INFO  server.RaftServerConfigKeys (ConfUtils.java:logGet(43)) - raft.server.rpc.request.timeout = 3000ms (default)
2019-09-26 20:40:17,943 [main] INFO  server.RaftServerConfigKeys (ConfUtils.java:logGet(43)) - raft.server.storage.dir = [/workdir/hadoop-ozone/integration-test/target/test-dir/MiniOzoneClusterImpl-5456f64d-b184-4e59-8568-45c19435e1d5/datanode-2/data/ratis] (custom)
2019-09-26 20:40:17,945 [main] INFO  hdfs.DFSUtil (DFSUtil.java:httpServerTemplateForNNAndJN(1641)) - Starting Web-server for hddsDatanode at: http://0.0.0.0:0
2019-09-26 20:40:17,947 [main] INFO  server.AuthenticationFilter (AuthenticationFilter.java:constructSecretProvider(240)) - Unable to initialize FileSignerSecretProvider, falling back to use random secrets.
2019-09-26 20:40:17,948 [main] WARN  http.HttpRequestLog (HttpRequestLog.java:getRequestLog(97)) - Jetty request log can only be enabled using Log4j
2019-09-26 20:40:17,951 [main] INFO  http.HttpServer2 (HttpServer2.java:addGlobalFilter(975)) - Added global filter 'safety' (class=org.apache.hadoop.http.HttpServer2$QuotingInputFilter)
2019-09-26 20:40:17,952 [main] INFO  http.HttpServer2 (HttpServer2.java:addFilter(948)) - Added filter static_user_filter (class=org.apache.hadoop.http.lib.StaticUserWebFilter$StaticUserFilter) to context hddsDatanode
2019-09-26 20:40:17,953 [main] INFO  http.HttpServer2 (HttpServer2.java:addFilter(958)) - Added filter static_user_filter (class=org.apache.hadoop.http.lib.StaticUserWebFilter$StaticUserFilter) to context static
2019-09-26 20:40:17,953 [main] INFO  http.HttpServer2 (HttpServer2.java:addFilter(958)) - Added filter static_user_filter (class=org.apache.hadoop.http.lib.StaticUserWebFilter$StaticUserFilter) to context logs
2019-09-26 20:40:17,955 [main] INFO  http.HttpServer2 (HttpServer2.java:bindListener(1191)) - Jetty bound to port 40777
2019-09-26 20:40:17,955 [main] INFO  server.Server (Server.java:doStart(351)) - jetty-9.3.25.v20180904, build timestamp: 2018-09-04T21:11:46Z, git hash: 3ce520221d0240229c862b122d2b06c12a625732
2019-09-26 20:40:17,961 [main] INFO  handler.ContextHandler (ContextHandler.java:doStart(781)) - Started o.e.j.s.ServletContextHandler@7bee8621{/logs,file:///workdir/hadoop-ozone/integration-test/target/log,AVAILABLE}
2019-09-26 20:40:17,962 [main] INFO  handler.ContextHandler (ContextHandler.java:doStart(781)) - Started o.e.j.s.ServletContextHandler@1e12a5a6{/static,jar:file:/home/user/.m2/repository/org/apache/hadoop/hadoop-hdds-container-service/0.5.0-SNAPSHOT/hadoop-hdds-container-service-0.5.0-SNAPSHOT.jar!/webapps/static,AVAILABLE}
2019-09-26 20:40:17,974 [Datanode State Machine Thread - 0] INFO  datanode.InitDatanodeState (InitDatanodeState.java:persistContainerDatanodeDetails(140)) - DatanodeDetails is persisted to /workdir/hadoop-ozone/integration-test/target/test-dir/MiniOzoneClusterImpl-5456f64d-b184-4e59-8568-45c19435e1d5/datanode-0/meta/datanode.id
2019-09-26 20:40:17,978 [Datanode State Machine Thread - 0] INFO  datanode.InitDatanodeState (InitDatanodeState.java:persistContainerDatanodeDetails(140)) - DatanodeDetails is persisted to /workdir/hadoop-ozone/integration-test/target/test-dir/MiniOzoneClusterImpl-5456f64d-b184-4e59-8568-45c19435e1d5/datanode-1/meta/datanode.id
2019-09-26 20:40:18,013 [main] INFO  handler.ContextHandler (ContextHandler.java:doStart(781)) - Started o.e.j.w.WebAppContext@2c1f8dbd{/,file:///workdir/hadoop-ozone/integration-test/target/tmp/kms/webapp/,AVAILABLE}{/hddsDatanode}
2019-09-26 20:40:18,014 [main] INFO  server.AbstractConnector (AbstractConnector.java:doStart(278)) - Started ServerConnector@55c57422{HTTP/1.1,[http/1.1]}{0.0.0.0:40777}
2019-09-26 20:40:18,016 [main] INFO  server.Server (Server.java:doStart(419)) - Started @7345ms
2019-09-26 20:40:18,016 [main] WARN  impl.MetricsSystemImpl (MetricsSystemImpl.java:register(276)) - Sink prometheus already exists!
2019-09-26 20:40:18,017 [main] INFO  server.BaseHttpServer (BaseHttpServer.java:updateConnectorAddress(215)) - HTTP server of HDDSDATANODE is listening at http://0.0.0.0:40777
2019-09-26 20:40:18,018 [main] INFO  impl.MetricsSystemImpl (MetricsSystemImpl.java:init(158)) - HddsDatanode metrics system started (again)
2019-09-26 20:40:18,021 [org.apache.hadoop.util.JvmPauseMonitor$Monitor@5fed190c] INFO  util.JvmPauseMonitor (JvmPauseMonitor.java:run(188)) - Starting JVM pause monitor
2019-09-26 20:40:18,022 [main] INFO  ozone.HddsDatanodeService (HddsDatanodeService.java:start(184)) - HddsDatanodeService host:pr-hdds-2162-kpcbn-4093309294 ip:192.168.151.109
2019-09-26 20:40:18,042 [main] INFO  volume.HddsVolume (HddsVolume.java:<init>(176)) - Creating Volume: /workdir/hadoop-ozone/integration-test/target/test-dir/MiniOzoneClusterImpl-5456f64d-b184-4e59-8568-45c19435e1d5/datanode-3/data/containers/hdds of  storage type : DISK and capacity : 1482555576320
2019-09-26 20:40:18,042 [main] INFO  volume.VolumeSet (VolumeSet.java:initializeVolumeSet(170)) - Added Volume : /workdir/hadoop-ozone/integration-test/target/test-dir/MiniOzoneClusterImpl-5456f64d-b184-4e59-8568-45c19435e1d5/datanode-3/data/containers/hdds to VolumeSet
2019-09-26 20:40:18,043 [Datanode State Machine Thread - 0] INFO  datanode.InitDatanodeState (InitDatanodeState.java:persistContainerDatanodeDetails(140)) - DatanodeDetails is persisted to /workdir/hadoop-ozone/integration-test/target/test-dir/MiniOzoneClusterImpl-5456f64d-b184-4e59-8568-45c19435e1d5/datanode-2/meta/datanode.id
2019-09-26 20:40:18,043 [main] INFO  volume.ThrottledAsyncChecker (ThrottledAsyncChecker.java:schedule(139)) - Scheduling a check for org.apache.hadoop.ozone.container.common.volume.HddsVolume@4ea56bdb
2019-09-26 20:40:18,044 [main] INFO  volume.HddsVolumeChecker (HddsVolumeChecker.java:checkAllVolumes(202)) - Scheduled health check for volume org.apache.hadoop.ozone.container.common.volume.HddsVolume@4ea56bdb
2019-09-26 20:40:18,061 [main] INFO  impl.RaftServerProxy (ConfUtils.java:logGet(43)) - raft.rpc.type = GRPC (default)
2019-09-26 20:40:18,061 [main] INFO  grpc.GrpcFactory (GrpcFactory.java:checkPooledByteBufAllocatorUseCacheForAllThreads(45)) - PERFORMANCE WARNING: useCacheForAllThreads is true that may cause Netty to create a lot garbage objects and, as a result, trigger GC.
	It is recommended to disable useCacheForAllThreads by setting -Dorg.apache.ratis.thirdparty.io.netty.allocator.useCacheForAllThreads=false in command line.
2019-09-26 20:40:18,062 [main] INFO  grpc.GrpcConfigKeys$Server (ConfUtils.java:logGet(43)) - raft.grpc.server.port = 0 (default)
2019-09-26 20:40:18,062 [main] INFO  server.GrpcService (ConfUtils.java:logGet(43)) - raft.grpc.message.size.max = 33570816 (custom)
2019-09-26 20:40:18,062 [main] INFO  server.RaftServerConfigKeys (ConfUtils.java:logGet(43)) - raft.server.log.appender.buffer.byte-limit = 33554432 (custom)
2019-09-26 20:40:18,063 [main] INFO  server.GrpcService (ConfUtils.java:logGet(43)) - raft.grpc.flow.control.window = 1MB (=1048576) (default)
2019-09-26 20:40:18,063 [main] INFO  server.RaftServerConfigKeys (ConfUtils.java:logGet(43)) - raft.server.rpc.request.timeout = 3000ms (default)
2019-09-26 20:40:18,064 [main] INFO  server.RaftServerConfigKeys (ConfUtils.java:logGet(43)) - raft.server.storage.dir = [/workdir/hadoop-ozone/integration-test/target/test-dir/MiniOzoneClusterImpl-5456f64d-b184-4e59-8568-45c19435e1d5/datanode-3/data/ratis] (custom)
2019-09-26 20:40:18,066 [main] INFO  hdfs.DFSUtil (DFSUtil.java:httpServerTemplateForNNAndJN(1641)) - Starting Web-server for hddsDatanode at: http://0.0.0.0:0
2019-09-26 20:40:18,067 [main] INFO  server.AuthenticationFilter (AuthenticationFilter.java:constructSecretProvider(240)) - Unable to initialize FileSignerSecretProvider, falling back to use random secrets.
2019-09-26 20:40:18,067 [main] WARN  http.HttpRequestLog (HttpRequestLog.java:getRequestLog(97)) - Jetty request log can only be enabled using Log4j
2019-09-26 20:40:18,069 [main] INFO  http.HttpServer2 (HttpServer2.java:addGlobalFilter(975)) - Added global filter 'safety' (class=org.apache.hadoop.http.HttpServer2$QuotingInputFilter)
2019-09-26 20:40:18,071 [main] INFO  http.HttpServer2 (HttpServer2.java:addFilter(948)) - Added filter static_user_filter (class=org.apache.hadoop.http.lib.StaticUserWebFilter$StaticUserFilter) to context hddsDatanode
2019-09-26 20:40:18,071 [main] INFO  http.HttpServer2 (HttpServer2.java:addFilter(958)) - Added filter static_user_filter (class=org.apache.hadoop.http.lib.StaticUserWebFilter$StaticUserFilter) to context static
2019-09-26 20:40:18,071 [main] INFO  http.HttpServer2 (HttpServer2.java:addFilter(958)) - Added filter static_user_filter (class=org.apache.hadoop.http.lib.StaticUserWebFilter$StaticUserFilter) to context logs
2019-09-26 20:40:18,072 [main] INFO  http.HttpServer2 (HttpServer2.java:bindListener(1191)) - Jetty bound to port 43592
2019-09-26 20:40:18,072 [main] INFO  server.Server (Server.java:doStart(351)) - jetty-9.3.25.v20180904, build timestamp: 2018-09-04T21:11:46Z, git hash: 3ce520221d0240229c862b122d2b06c12a625732
2019-09-26 20:40:18,075 [main] INFO  handler.ContextHandler (ContextHandler.java:doStart(781)) - Started o.e.j.s.ServletContextHandler@d3e3085{/logs,file:///workdir/hadoop-ozone/integration-test/target/log,AVAILABLE}
2019-09-26 20:40:18,075 [main] INFO  handler.ContextHandler (ContextHandler.java:doStart(781)) - Started o.e.j.s.ServletContextHandler@285005b8{/static,jar:file:/home/user/.m2/repository/org/apache/hadoop/hadoop-hdds-container-service/0.5.0-SNAPSHOT/hadoop-hdds-container-service-0.5.0-SNAPSHOT.jar!/webapps/static,AVAILABLE}
2019-09-26 20:40:18,106 [main] INFO  handler.ContextHandler (ContextHandler.java:doStart(781)) - Started o.e.j.w.WebAppContext@681c0ae6{/,file:///workdir/hadoop-ozone/integration-test/target/tmp/kms/webapp/,AVAILABLE}{/hddsDatanode}
2019-09-26 20:40:18,107 [main] INFO  server.AbstractConnector (AbstractConnector.java:doStart(278)) - Started ServerConnector@73ca34e7{HTTP/1.1,[http/1.1]}{0.0.0.0:43592}
2019-09-26 20:40:18,108 [main] INFO  server.Server (Server.java:doStart(419)) - Started @7437ms
2019-09-26 20:40:18,108 [main] WARN  impl.MetricsSystemImpl (MetricsSystemImpl.java:register(276)) - Sink prometheus already exists!
2019-09-26 20:40:18,109 [main] INFO  server.BaseHttpServer (BaseHttpServer.java:updateConnectorAddress(215)) - HTTP server of HDDSDATANODE is listening at http://0.0.0.0:43592
2019-09-26 20:40:18,110 [main] INFO  impl.MetricsSystemImpl (MetricsSystemImpl.java:init(158)) - HddsDatanode metrics system started (again)
2019-09-26 20:40:18,113 [org.apache.hadoop.util.JvmPauseMonitor$Monitor@714a5e50] INFO  util.JvmPauseMonitor (JvmPauseMonitor.java:run(188)) - Starting JVM pause monitor
2019-09-26 20:40:18,114 [main] INFO  ozone.HddsDatanodeService (HddsDatanodeService.java:start(184)) - HddsDatanodeService host:pr-hdds-2162-kpcbn-4093309294 ip:192.168.151.109
2019-09-26 20:40:18,115 [Datanode State Machine Thread - 0] INFO  datanode.InitDatanodeState (InitDatanodeState.java:persistContainerDatanodeDetails(140)) - DatanodeDetails is persisted to /workdir/hadoop-ozone/integration-test/target/test-dir/MiniOzoneClusterImpl-5456f64d-b184-4e59-8568-45c19435e1d5/datanode-3/meta/datanode.id
2019-09-26 20:40:18,121 [main] INFO  volume.HddsVolume (HddsVolume.java:<init>(176)) - Creating Volume: /workdir/hadoop-ozone/integration-test/target/test-dir/MiniOzoneClusterImpl-5456f64d-b184-4e59-8568-45c19435e1d5/datanode-4/data/containers/hdds of  storage type : DISK and capacity : 1482555576320
2019-09-26 20:40:18,121 [main] INFO  volume.VolumeSet (VolumeSet.java:initializeVolumeSet(170)) - Added Volume : /workdir/hadoop-ozone/integration-test/target/test-dir/MiniOzoneClusterImpl-5456f64d-b184-4e59-8568-45c19435e1d5/datanode-4/data/containers/hdds to VolumeSet
2019-09-26 20:40:18,121 [main] INFO  volume.ThrottledAsyncChecker (ThrottledAsyncChecker.java:schedule(139)) - Scheduling a check for org.apache.hadoop.ozone.container.common.volume.HddsVolume@5f025000
2019-09-26 20:40:18,122 [main] INFO  volume.HddsVolumeChecker (HddsVolumeChecker.java:checkAllVolumes(202)) - Scheduled health check for volume org.apache.hadoop.ozone.container.common.volume.HddsVolume@5f025000
2019-09-26 20:40:18,144 [main] INFO  impl.RaftServerProxy (ConfUtils.java:logGet(43)) - raft.rpc.type = GRPC (default)
2019-09-26 20:40:18,144 [main] INFO  grpc.GrpcFactory (GrpcFactory.java:checkPooledByteBufAllocatorUseCacheForAllThreads(45)) - PERFORMANCE WARNING: useCacheForAllThreads is true that may cause Netty to create a lot garbage objects and, as a result, trigger GC.
	It is recommended to disable useCacheForAllThreads by setting -Dorg.apache.ratis.thirdparty.io.netty.allocator.useCacheForAllThreads=false in command line.
2019-09-26 20:40:18,145 [main] INFO  grpc.GrpcConfigKeys$Server (ConfUtils.java:logGet(43)) - raft.grpc.server.port = 0 (default)
2019-09-26 20:40:18,145 [main] INFO  server.GrpcService (ConfUtils.java:logGet(43)) - raft.grpc.message.size.max = 33570816 (custom)
2019-09-26 20:40:18,145 [main] INFO  server.RaftServerConfigKeys (ConfUtils.java:logGet(43)) - raft.server.log.appender.buffer.byte-limit = 33554432 (custom)
2019-09-26 20:40:18,146 [main] INFO  server.GrpcService (ConfUtils.java:logGet(43)) - raft.grpc.flow.control.window = 1MB (=1048576) (default)
2019-09-26 20:40:18,146 [main] INFO  server.RaftServerConfigKeys (ConfUtils.java:logGet(43)) - raft.server.rpc.request.timeout = 3000ms (default)
2019-09-26 20:40:18,147 [main] INFO  server.RaftServerConfigKeys (ConfUtils.java:logGet(43)) - raft.server.storage.dir = [/workdir/hadoop-ozone/integration-test/target/test-dir/MiniOzoneClusterImpl-5456f64d-b184-4e59-8568-45c19435e1d5/datanode-4/data/ratis] (custom)
2019-09-26 20:40:18,148 [main] INFO  hdfs.DFSUtil (DFSUtil.java:httpServerTemplateForNNAndJN(1641)) - Starting Web-server for hddsDatanode at: http://0.0.0.0:0
2019-09-26 20:40:18,150 [main] INFO  server.AuthenticationFilter (AuthenticationFilter.java:constructSecretProvider(240)) - Unable to initialize FileSignerSecretProvider, falling back to use random secrets.
2019-09-26 20:40:18,151 [main] WARN  http.HttpRequestLog (HttpRequestLog.java:getRequestLog(97)) - Jetty request log can only be enabled using Log4j
2019-09-26 20:40:18,153 [main] INFO  http.HttpServer2 (HttpServer2.java:addGlobalFilter(975)) - Added global filter 'safety' (class=org.apache.hadoop.http.HttpServer2$QuotingInputFilter)
2019-09-26 20:40:18,154 [main] INFO  http.HttpServer2 (HttpServer2.java:addFilter(948)) - Added filter static_user_filter (class=org.apache.hadoop.http.lib.StaticUserWebFilter$StaticUserFilter) to context hddsDatanode
2019-09-26 20:40:18,154 [main] INFO  http.HttpServer2 (HttpServer2.java:addFilter(958)) - Added filter static_user_filter (class=org.apache.hadoop.http.lib.StaticUserWebFilter$StaticUserFilter) to context logs
2019-09-26 20:40:18,154 [main] INFO  http.HttpServer2 (HttpServer2.java:addFilter(958)) - Added filter static_user_filter (class=org.apache.hadoop.http.lib.StaticUserWebFilter$StaticUserFilter) to context static
2019-09-26 20:40:18,155 [main] INFO  http.HttpServer2 (HttpServer2.java:bindListener(1191)) - Jetty bound to port 35163
2019-09-26 20:40:18,155 [main] INFO  server.Server (Server.java:doStart(351)) - jetty-9.3.25.v20180904, build timestamp: 2018-09-04T21:11:46Z, git hash: 3ce520221d0240229c862b122d2b06c12a625732
2019-09-26 20:40:18,158 [main] INFO  handler.ContextHandler (ContextHandler.java:doStart(781)) - Started o.e.j.s.ServletContextHandler@52831a73{/logs,file:///workdir/hadoop-ozone/integration-test/target/log,AVAILABLE}
2019-09-26 20:40:18,158 [main] INFO  handler.ContextHandler (ContextHandler.java:doStart(781)) - Started o.e.j.s.ServletContextHandler@66ec4409{/static,jar:file:/home/user/.m2/repository/org/apache/hadoop/hadoop-hdds-container-service/0.5.0-SNAPSHOT/hadoop-hdds-container-service-0.5.0-SNAPSHOT.jar!/webapps/static,AVAILABLE}
2019-09-26 20:40:18,207 [main] INFO  handler.ContextHandler (ContextHandler.java:doStart(781)) - Started o.e.j.w.WebAppContext@4dfdfe7d{/,file:///workdir/hadoop-ozone/integration-test/target/tmp/kms/webapp/,AVAILABLE}{/hddsDatanode}
2019-09-26 20:40:18,208 [main] INFO  server.AbstractConnector (AbstractConnector.java:doStart(278)) - Started ServerConnector@1578b8ec{HTTP/1.1,[http/1.1]}{0.0.0.0:35163}
2019-09-26 20:40:18,209 [main] INFO  server.Server (Server.java:doStart(419)) - Started @7538ms
2019-09-26 20:40:18,209 [main] WARN  impl.MetricsSystemImpl (MetricsSystemImpl.java:register(276)) - Sink prometheus already exists!
2019-09-26 20:40:18,210 [main] INFO  server.BaseHttpServer (BaseHttpServer.java:updateConnectorAddress(215)) - HTTP server of HDDSDATANODE is listening at http://0.0.0.0:35163
2019-09-26 20:40:18,210 [main] INFO  impl.MetricsSystemImpl (MetricsSystemImpl.java:init(158)) - HddsDatanode metrics system started (again)
2019-09-26 20:40:18,214 [org.apache.hadoop.util.JvmPauseMonitor$Monitor@32b7d2bf] INFO  util.JvmPauseMonitor (JvmPauseMonitor.java:run(188)) - Starting JVM pause monitor
2019-09-26 20:40:18,215 [main] INFO  ozone.HddsDatanodeService (HddsDatanodeService.java:start(184)) - HddsDatanodeService host:pr-hdds-2162-kpcbn-4093309294 ip:192.168.151.109
2019-09-26 20:40:18,216 [Datanode State Machine Thread - 0] INFO  datanode.InitDatanodeState (InitDatanodeState.java:persistContainerDatanodeDetails(140)) - DatanodeDetails is persisted to /workdir/hadoop-ozone/integration-test/target/test-dir/MiniOzoneClusterImpl-5456f64d-b184-4e59-8568-45c19435e1d5/datanode-4/meta/datanode.id
2019-09-26 20:40:18,222 [main] INFO  volume.HddsVolume (HddsVolume.java:<init>(176)) - Creating Volume: /workdir/hadoop-ozone/integration-test/target/test-dir/MiniOzoneClusterImpl-5456f64d-b184-4e59-8568-45c19435e1d5/datanode-5/data/containers/hdds of  storage type : DISK and capacity : 1482555576320
2019-09-26 20:40:18,223 [main] INFO  volume.VolumeSet (VolumeSet.java:initializeVolumeSet(170)) - Added Volume : /workdir/hadoop-ozone/integration-test/target/test-dir/MiniOzoneClusterImpl-5456f64d-b184-4e59-8568-45c19435e1d5/datanode-5/data/containers/hdds to VolumeSet
2019-09-26 20:40:18,223 [main] INFO  volume.ThrottledAsyncChecker (ThrottledAsyncChecker.java:schedule(139)) - Scheduling a check for org.apache.hadoop.ozone.container.common.volume.HddsVolume@3380ca3d
2019-09-26 20:40:18,223 [main] INFO  volume.HddsVolumeChecker (HddsVolumeChecker.java:checkAllVolumes(202)) - Scheduled health check for volume org.apache.hadoop.ozone.container.common.volume.HddsVolume@3380ca3d
2019-09-26 20:40:18,246 [main] INFO  impl.RaftServerProxy (ConfUtils.java:logGet(43)) - raft.rpc.type = GRPC (default)
2019-09-26 20:40:18,246 [main] INFO  grpc.GrpcFactory (GrpcFactory.java:checkPooledByteBufAllocatorUseCacheForAllThreads(45)) - PERFORMANCE WARNING: useCacheForAllThreads is true that may cause Netty to create a lot garbage objects and, as a result, trigger GC.
	It is recommended to disable useCacheForAllThreads by setting -Dorg.apache.ratis.thirdparty.io.netty.allocator.useCacheForAllThreads=false in command line.
2019-09-26 20:40:18,246 [main] INFO  grpc.GrpcConfigKeys$Server (ConfUtils.java:logGet(43)) - raft.grpc.server.port = 0 (default)
2019-09-26 20:40:18,246 [main] INFO  server.GrpcService (ConfUtils.java:logGet(43)) - raft.grpc.message.size.max = 33570816 (custom)
2019-09-26 20:40:18,247 [main] INFO  server.RaftServerConfigKeys (ConfUtils.java:logGet(43)) - raft.server.log.appender.buffer.byte-limit = 33554432 (custom)
2019-09-26 20:40:18,247 [main] INFO  server.GrpcService (ConfUtils.java:logGet(43)) - raft.grpc.flow.control.window = 1MB (=1048576) (default)
2019-09-26 20:40:18,247 [main] INFO  server.RaftServerConfigKeys (ConfUtils.java:logGet(43)) - raft.server.rpc.request.timeout = 3000ms (default)
2019-09-26 20:40:18,248 [main] INFO  server.RaftServerConfigKeys (ConfUtils.java:logGet(43)) - raft.server.storage.dir = [/workdir/hadoop-ozone/integration-test/target/test-dir/MiniOzoneClusterImpl-5456f64d-b184-4e59-8568-45c19435e1d5/datanode-5/data/ratis] (custom)
2019-09-26 20:40:18,250 [main] INFO  hdfs.DFSUtil (DFSUtil.java:httpServerTemplateForNNAndJN(1641)) - Starting Web-server for hddsDatanode at: http://0.0.0.0:0
2019-09-26 20:40:18,252 [main] INFO  server.AuthenticationFilter (AuthenticationFilter.java:constructSecretProvider(240)) - Unable to initialize FileSignerSecretProvider, falling back to use random secrets.
2019-09-26 20:40:18,252 [main] WARN  http.HttpRequestLog (HttpRequestLog.java:getRequestLog(97)) - Jetty request log can only be enabled using Log4j
2019-09-26 20:40:18,302 [main] INFO  http.HttpServer2 (HttpServer2.java:addGlobalFilter(975)) - Added global filter 'safety' (class=org.apache.hadoop.http.HttpServer2$QuotingInputFilter)
2019-09-26 20:40:18,303 [main] INFO  http.HttpServer2 (HttpServer2.java:addFilter(948)) - Added filter static_user_filter (class=org.apache.hadoop.http.lib.StaticUserWebFilter$StaticUserFilter) to context hddsDatanode
2019-09-26 20:40:18,303 [main] INFO  http.HttpServer2 (HttpServer2.java:addFilter(958)) - Added filter static_user_filter (class=org.apache.hadoop.http.lib.StaticUserWebFilter$StaticUserFilter) to context logs
2019-09-26 20:40:18,303 [main] INFO  http.HttpServer2 (HttpServer2.java:addFilter(958)) - Added filter static_user_filter (class=org.apache.hadoop.http.lib.StaticUserWebFilter$StaticUserFilter) to context static
2019-09-26 20:40:18,304 [main] INFO  http.HttpServer2 (HttpServer2.java:bindListener(1191)) - Jetty bound to port 36278
2019-09-26 20:40:18,304 [main] INFO  server.Server (Server.java:doStart(351)) - jetty-9.3.25.v20180904, build timestamp: 2018-09-04T21:11:46Z, git hash: 3ce520221d0240229c862b122d2b06c12a625732
2019-09-26 20:40:18,308 [main] INFO  handler.ContextHandler (ContextHandler.java:doStart(781)) - Started o.e.j.s.ServletContextHandler@69c532af{/logs,file:///workdir/hadoop-ozone/integration-test/target/log,AVAILABLE}
2019-09-26 20:40:18,309 [main] INFO  handler.ContextHandler (ContextHandler.java:doStart(781)) - Started o.e.j.s.ServletContextHandler@51a16adf{/static,jar:file:/home/user/.m2/repository/org/apache/hadoop/hadoop-hdds-container-service/0.5.0-SNAPSHOT/hadoop-hdds-container-service-0.5.0-SNAPSHOT.jar!/webapps/static,AVAILABLE}
2019-09-26 20:40:18,361 [main] INFO  handler.ContextHandler (ContextHandler.java:doStart(781)) - Started o.e.j.w.WebAppContext@22d8f4ed{/,file:///workdir/hadoop-ozone/integration-test/target/tmp/kms/webapp/,AVAILABLE}{/hddsDatanode}
2019-09-26 20:40:18,361 [main] INFO  server.AbstractConnector (AbstractConnector.java:doStart(278)) - Started ServerConnector@3434a4f0{HTTP/1.1,[http/1.1]}{0.0.0.0:36278}
2019-09-26 20:40:18,362 [main] INFO  server.Server (Server.java:doStart(419)) - Started @7691ms
2019-09-26 20:40:18,362 [main] WARN  impl.MetricsSystemImpl (MetricsSystemImpl.java:register(276)) - Sink prometheus already exists!
2019-09-26 20:40:18,363 [main] INFO  server.BaseHttpServer (BaseHttpServer.java:updateConnectorAddress(215)) - HTTP server of HDDSDATANODE is listening at http://0.0.0.0:36278
2019-09-26 20:40:18,363 [main] INFO  impl.MetricsSystemImpl (MetricsSystemImpl.java:init(158)) - HddsDatanode metrics system started (again)
2019-09-26 20:40:18,368 [org.apache.hadoop.util.JvmPauseMonitor$Monitor@63301373] INFO  util.JvmPauseMonitor (JvmPauseMonitor.java:run(188)) - Starting JVM pause monitor
2019-09-26 20:40:18,368 [main] INFO  ozone.HddsDatanodeService (HddsDatanodeService.java:start(184)) - HddsDatanodeService host:pr-hdds-2162-kpcbn-4093309294 ip:192.168.151.109
2019-09-26 20:40:18,370 [Datanode State Machine Thread - 0] INFO  datanode.InitDatanodeState (InitDatanodeState.java:persistContainerDatanodeDetails(140)) - DatanodeDetails is persisted to /workdir/hadoop-ozone/integration-test/target/test-dir/MiniOzoneClusterImpl-5456f64d-b184-4e59-8568-45c19435e1d5/datanode-5/meta/datanode.id
2019-09-26 20:40:18,377 [main] INFO  volume.HddsVolume (HddsVolume.java:<init>(176)) - Creating Volume: /workdir/hadoop-ozone/integration-test/target/test-dir/MiniOzoneClusterImpl-5456f64d-b184-4e59-8568-45c19435e1d5/datanode-6/data/containers/hdds of  storage type : DISK and capacity : 1482555576320
2019-09-26 20:40:18,377 [main] INFO  volume.VolumeSet (VolumeSet.java:initializeVolumeSet(170)) - Added Volume : /workdir/hadoop-ozone/integration-test/target/test-dir/MiniOzoneClusterImpl-5456f64d-b184-4e59-8568-45c19435e1d5/datanode-6/data/containers/hdds to VolumeSet
2019-09-26 20:40:18,378 [main] INFO  volume.ThrottledAsyncChecker (ThrottledAsyncChecker.java:schedule(139)) - Scheduling a check for org.apache.hadoop.ozone.container.common.volume.HddsVolume@32a72c4
2019-09-26 20:40:18,379 [main] INFO  volume.HddsVolumeChecker (HddsVolumeChecker.java:checkAllVolumes(202)) - Scheduled health check for volume org.apache.hadoop.ozone.container.common.volume.HddsVolume@32a72c4
2019-09-26 20:40:18,401 [main] INFO  impl.RaftServerProxy (ConfUtils.java:logGet(43)) - raft.rpc.type = GRPC (default)
2019-09-26 20:40:18,401 [main] INFO  grpc.GrpcFactory (GrpcFactory.java:checkPooledByteBufAllocatorUseCacheForAllThreads(45)) - PERFORMANCE WARNING: useCacheForAllThreads is true that may cause Netty to create a lot garbage objects and, as a result, trigger GC.
	It is recommended to disable useCacheForAllThreads by setting -Dorg.apache.ratis.thirdparty.io.netty.allocator.useCacheForAllThreads=false in command line.
2019-09-26 20:40:18,401 [main] INFO  grpc.GrpcConfigKeys$Server (ConfUtils.java:logGet(43)) - raft.grpc.server.port = 0 (default)
2019-09-26 20:40:18,402 [main] INFO  server.GrpcService (ConfUtils.java:logGet(43)) - raft.grpc.message.size.max = 33570816 (custom)
2019-09-26 20:40:18,402 [main] INFO  server.RaftServerConfigKeys (ConfUtils.java:logGet(43)) - raft.server.log.appender.buffer.byte-limit = 33554432 (custom)
2019-09-26 20:40:18,402 [main] INFO  server.GrpcService (ConfUtils.java:logGet(43)) - raft.grpc.flow.control.window = 1MB (=1048576) (default)
2019-09-26 20:40:18,403 [main] INFO  server.RaftServerConfigKeys (ConfUtils.java:logGet(43)) - raft.server.rpc.request.timeout = 3000ms (default)
2019-09-26 20:40:18,403 [main] INFO  server.RaftServerConfigKeys (ConfUtils.java:logGet(43)) - raft.server.storage.dir = [/workdir/hadoop-ozone/integration-test/target/test-dir/MiniOzoneClusterImpl-5456f64d-b184-4e59-8568-45c19435e1d5/datanode-6/data/ratis] (custom)
2019-09-26 20:40:18,405 [main] INFO  hdfs.DFSUtil (DFSUtil.java:httpServerTemplateForNNAndJN(1641)) - Starting Web-server for hddsDatanode at: http://0.0.0.0:0
2019-09-26 20:40:18,407 [main] INFO  server.AuthenticationFilter (AuthenticationFilter.java:constructSecretProvider(240)) - Unable to initialize FileSignerSecretProvider, falling back to use random secrets.
2019-09-26 20:40:18,407 [main] WARN  http.HttpRequestLog (HttpRequestLog.java:getRequestLog(97)) - Jetty request log can only be enabled using Log4j
2019-09-26 20:40:18,409 [main] INFO  http.HttpServer2 (HttpServer2.java:addGlobalFilter(975)) - Added global filter 'safety' (class=org.apache.hadoop.http.HttpServer2$QuotingInputFilter)
2019-09-26 20:40:18,409 [main] INFO  http.HttpServer2 (HttpServer2.java:addFilter(948)) - Added filter static_user_filter (class=org.apache.hadoop.http.lib.StaticUserWebFilter$StaticUserFilter) to context hddsDatanode
2019-09-26 20:40:18,410 [main] INFO  http.HttpServer2 (HttpServer2.java:addFilter(958)) - Added filter static_user_filter (class=org.apache.hadoop.http.lib.StaticUserWebFilter$StaticUserFilter) to context logs
2019-09-26 20:40:18,410 [main] INFO  http.HttpServer2 (HttpServer2.java:addFilter(958)) - Added filter static_user_filter (class=org.apache.hadoop.http.lib.StaticUserWebFilter$StaticUserFilter) to context static
2019-09-26 20:40:18,410 [main] INFO  http.HttpServer2 (HttpServer2.java:bindListener(1191)) - Jetty bound to port 41374
2019-09-26 20:40:18,411 [main] INFO  server.Server (Server.java:doStart(351)) - jetty-9.3.25.v20180904, build timestamp: 2018-09-04T21:11:46Z, git hash: 3ce520221d0240229c862b122d2b06c12a625732
2019-09-26 20:40:18,412 [main] INFO  handler.ContextHandler (ContextHandler.java:doStart(781)) - Started o.e.j.s.ServletContextHandler@5a566922{/logs,file:///workdir/hadoop-ozone/integration-test/target/log,AVAILABLE}
2019-09-26 20:40:18,413 [main] INFO  handler.ContextHandler (ContextHandler.java:doStart(781)) - Started o.e.j.s.ServletContextHandler@42ed89da{/static,jar:file:/home/user/.m2/repository/org/apache/hadoop/hadoop-hdds-container-service/0.5.0-SNAPSHOT/hadoop-hdds-container-service-0.5.0-SNAPSHOT.jar!/webapps/static,AVAILABLE}
2019-09-26 20:40:18,451 [main] INFO  handler.ContextHandler (ContextHandler.java:doStart(781)) - Started o.e.j.w.WebAppContext@184823ed{/,file:///workdir/hadoop-ozone/integration-test/target/tmp/kms/webapp/,AVAILABLE}{/hddsDatanode}
2019-09-26 20:40:18,452 [main] INFO  server.AbstractConnector (AbstractConnector.java:doStart(278)) - Started ServerConnector@30bbcf91{HTTP/1.1,[http/1.1]}{0.0.0.0:41374}
2019-09-26 20:40:18,453 [main] INFO  server.Server (Server.java:doStart(419)) - Started @7782ms
2019-09-26 20:40:18,453 [main] WARN  impl.MetricsSystemImpl (MetricsSystemImpl.java:register(276)) - Sink prometheus already exists!
2019-09-26 20:40:18,454 [main] INFO  server.BaseHttpServer (BaseHttpServer.java:updateConnectorAddress(215)) - HTTP server of HDDSDATANODE is listening at http://0.0.0.0:41374
2019-09-26 20:40:18,454 [main] INFO  impl.MetricsSystemImpl (MetricsSystemImpl.java:init(158)) - HddsDatanode metrics system started (again)
2019-09-26 20:40:18,458 [org.apache.hadoop.util.JvmPauseMonitor$Monitor@3d55b077] INFO  util.JvmPauseMonitor (JvmPauseMonitor.java:run(188)) - Starting JVM pause monitor
2019-09-26 20:40:18,459 [main] INFO  ozone.HddsDatanodeService (HddsDatanodeService.java:start(184)) - HddsDatanodeService host:pr-hdds-2162-kpcbn-4093309294 ip:192.168.151.109
2019-09-26 20:40:18,459 [Datanode State Machine Thread - 0] INFO  datanode.InitDatanodeState (InitDatanodeState.java:persistContainerDatanodeDetails(140)) - DatanodeDetails is persisted to /workdir/hadoop-ozone/integration-test/target/test-dir/MiniOzoneClusterImpl-5456f64d-b184-4e59-8568-45c19435e1d5/datanode-6/meta/datanode.id
2019-09-26 20:40:18,466 [main] INFO  volume.HddsVolume (HddsVolume.java:<init>(176)) - Creating Volume: /workdir/hadoop-ozone/integration-test/target/test-dir/MiniOzoneClusterImpl-5456f64d-b184-4e59-8568-45c19435e1d5/datanode-7/data/containers/hdds of  storage type : DISK and capacity : 1482555576320
2019-09-26 20:40:18,467 [main] INFO  volume.VolumeSet (VolumeSet.java:initializeVolumeSet(170)) - Added Volume : /workdir/hadoop-ozone/integration-test/target/test-dir/MiniOzoneClusterImpl-5456f64d-b184-4e59-8568-45c19435e1d5/datanode-7/data/containers/hdds to VolumeSet
2019-09-26 20:40:18,467 [main] INFO  volume.ThrottledAsyncChecker (ThrottledAsyncChecker.java:schedule(139)) - Scheduling a check for org.apache.hadoop.ozone.container.common.volume.HddsVolume@3b7c58e7
2019-09-26 20:40:18,467 [main] INFO  volume.HddsVolumeChecker (HddsVolumeChecker.java:checkAllVolumes(202)) - Scheduled health check for volume org.apache.hadoop.ozone.container.common.volume.HddsVolume@3b7c58e7
2019-09-26 20:40:18,482 [main] INFO  impl.RaftServerProxy (ConfUtils.java:logGet(43)) - raft.rpc.type = GRPC (default)
2019-09-26 20:40:18,483 [main] INFO  grpc.GrpcFactory (GrpcFactory.java:checkPooledByteBufAllocatorUseCacheForAllThreads(45)) - PERFORMANCE WARNING: useCacheForAllThreads is true that may cause Netty to create a lot garbage objects and, as a result, trigger GC.
	It is recommended to disable useCacheForAllThreads by setting -Dorg.apache.ratis.thirdparty.io.netty.allocator.useCacheForAllThreads=false in command line.
2019-09-26 20:40:18,483 [main] INFO  grpc.GrpcConfigKeys$Server (ConfUtils.java:logGet(43)) - raft.grpc.server.port = 0 (default)
2019-09-26 20:40:18,483 [main] INFO  server.GrpcService (ConfUtils.java:logGet(43)) - raft.grpc.message.size.max = 33570816 (custom)
2019-09-26 20:40:18,483 [main] INFO  server.RaftServerConfigKeys (ConfUtils.java:logGet(43)) - raft.server.log.appender.buffer.byte-limit = 33554432 (custom)
2019-09-26 20:40:18,483 [main] INFO  server.GrpcService (ConfUtils.java:logGet(43)) - raft.grpc.flow.control.window = 1MB (=1048576) (default)
2019-09-26 20:40:18,484 [main] INFO  server.RaftServerConfigKeys (ConfUtils.java:logGet(43)) - raft.server.rpc.request.timeout = 3000ms (default)
2019-09-26 20:40:18,484 [main] INFO  server.RaftServerConfigKeys (ConfUtils.java:logGet(43)) - raft.server.storage.dir = [/workdir/hadoop-ozone/integration-test/target/test-dir/MiniOzoneClusterImpl-5456f64d-b184-4e59-8568-45c19435e1d5/datanode-7/data/ratis] (custom)
2019-09-26 20:40:18,486 [main] INFO  hdfs.DFSUtil (DFSUtil.java:httpServerTemplateForNNAndJN(1641)) - Starting Web-server for hddsDatanode at: http://0.0.0.0:0
2019-09-26 20:40:18,488 [main] INFO  server.AuthenticationFilter (AuthenticationFilter.java:constructSecretProvider(240)) - Unable to initialize FileSignerSecretProvider, falling back to use random secrets.
2019-09-26 20:40:18,488 [main] WARN  http.HttpRequestLog (HttpRequestLog.java:getRequestLog(97)) - Jetty request log can only be enabled using Log4j
2019-09-26 20:40:18,490 [main] INFO  http.HttpServer2 (HttpServer2.java:addGlobalFilter(975)) - Added global filter 'safety' (class=org.apache.hadoop.http.HttpServer2$QuotingInputFilter)
2019-09-26 20:40:18,491 [main] INFO  http.HttpServer2 (HttpServer2.java:addFilter(948)) - Added filter static_user_filter (class=org.apache.hadoop.http.lib.StaticUserWebFilter$StaticUserFilter) to context hddsDatanode
2019-09-26 20:40:18,491 [main] INFO  http.HttpServer2 (HttpServer2.java:addFilter(958)) - Added filter static_user_filter (class=org.apache.hadoop.http.lib.StaticUserWebFilter$StaticUserFilter) to context logs
2019-09-26 20:40:18,491 [main] INFO  http.HttpServer2 (HttpServer2.java:addFilter(958)) - Added filter static_user_filter (class=org.apache.hadoop.http.lib.StaticUserWebFilter$StaticUserFilter) to context static
2019-09-26 20:40:18,492 [main] INFO  http.HttpServer2 (HttpServer2.java:bindListener(1191)) - Jetty bound to port 43741
2019-09-26 20:40:18,492 [main] INFO  server.Server (Server.java:doStart(351)) - jetty-9.3.25.v20180904, build timestamp: 2018-09-04T21:11:46Z, git hash: 3ce520221d0240229c862b122d2b06c12a625732
2019-09-26 20:40:18,494 [main] INFO  handler.ContextHandler (ContextHandler.java:doStart(781)) - Started o.e.j.s.ServletContextHandler@608cd501{/logs,file:///workdir/hadoop-ozone/integration-test/target/log,AVAILABLE}
2019-09-26 20:40:18,494 [main] INFO  handler.ContextHandler (ContextHandler.java:doStart(781)) - Started o.e.j.s.ServletContextHandler@59096b66{/static,jar:file:/home/user/.m2/repository/org/apache/hadoop/hadoop-hdds-container-service/0.5.0-SNAPSHOT/hadoop-hdds-container-service-0.5.0-SNAPSHOT.jar!/webapps/static,AVAILABLE}
2019-09-26 20:40:18,523 [main] INFO  handler.ContextHandler (ContextHandler.java:doStart(781)) - Started o.e.j.w.WebAppContext@7c46c9c3{/,file:///workdir/hadoop-ozone/integration-test/target/tmp/kms/webapp/,AVAILABLE}{/hddsDatanode}
2019-09-26 20:40:18,523 [main] INFO  server.AbstractConnector (AbstractConnector.java:doStart(278)) - Started ServerConnector@7197b07f{HTTP/1.1,[http/1.1]}{0.0.0.0:43741}
2019-09-26 20:40:18,524 [main] INFO  server.Server (Server.java:doStart(419)) - Started @7853ms
2019-09-26 20:40:18,524 [main] WARN  impl.MetricsSystemImpl (MetricsSystemImpl.java:register(276)) - Sink prometheus already exists!
2019-09-26 20:40:18,525 [main] INFO  server.BaseHttpServer (BaseHttpServer.java:updateConnectorAddress(215)) - HTTP server of HDDSDATANODE is listening at http://0.0.0.0:43741
2019-09-26 20:40:18,526 [main] INFO  impl.MetricsSystemImpl (MetricsSystemImpl.java:init(158)) - HddsDatanode metrics system started (again)
2019-09-26 20:40:18,529 [org.apache.hadoop.util.JvmPauseMonitor$Monitor@7dd6aabe] INFO  util.JvmPauseMonitor (JvmPauseMonitor.java:run(188)) - Starting JVM pause monitor
2019-09-26 20:40:18,531 [main] INFO  ozone.HddsDatanodeService (HddsDatanodeService.java:start(184)) - HddsDatanodeService host:pr-hdds-2162-kpcbn-4093309294 ip:192.168.151.109
2019-09-26 20:40:18,533 [Datanode State Machine Thread - 0] INFO  datanode.InitDatanodeState (InitDatanodeState.java:persistContainerDatanodeDetails(140)) - DatanodeDetails is persisted to /workdir/hadoop-ozone/integration-test/target/test-dir/MiniOzoneClusterImpl-5456f64d-b184-4e59-8568-45c19435e1d5/datanode-7/meta/datanode.id
2019-09-26 20:40:18,540 [main] INFO  volume.HddsVolume (HddsVolume.java:<init>(176)) - Creating Volume: /workdir/hadoop-ozone/integration-test/target/test-dir/MiniOzoneClusterImpl-5456f64d-b184-4e59-8568-45c19435e1d5/datanode-8/data/containers/hdds of  storage type : DISK and capacity : 1482555576320
2019-09-26 20:40:18,540 [main] INFO  volume.VolumeSet (VolumeSet.java:initializeVolumeSet(170)) - Added Volume : /workdir/hadoop-ozone/integration-test/target/test-dir/MiniOzoneClusterImpl-5456f64d-b184-4e59-8568-45c19435e1d5/datanode-8/data/containers/hdds to VolumeSet
2019-09-26 20:40:18,540 [main] INFO  volume.ThrottledAsyncChecker (ThrottledAsyncChecker.java:schedule(139)) - Scheduling a check for org.apache.hadoop.ozone.container.common.volume.HddsVolume@3fdcde7a
2019-09-26 20:40:18,541 [main] INFO  volume.HddsVolumeChecker (HddsVolumeChecker.java:checkAllVolumes(202)) - Scheduled health check for volume org.apache.hadoop.ozone.container.common.volume.HddsVolume@3fdcde7a
2019-09-26 20:40:18,561 [main] INFO  impl.RaftServerProxy (ConfUtils.java:logGet(43)) - raft.rpc.type = GRPC (default)
2019-09-26 20:40:18,561 [main] INFO  grpc.GrpcFactory (GrpcFactory.java:checkPooledByteBufAllocatorUseCacheForAllThreads(45)) - PERFORMANCE WARNING: useCacheForAllThreads is true that may cause Netty to create a lot garbage objects and, as a result, trigger GC.
	It is recommended to disable useCacheForAllThreads by setting -Dorg.apache.ratis.thirdparty.io.netty.allocator.useCacheForAllThreads=false in command line.
2019-09-26 20:40:18,561 [main] INFO  grpc.GrpcConfigKeys$Server (ConfUtils.java:logGet(43)) - raft.grpc.server.port = 0 (default)
2019-09-26 20:40:18,562 [main] INFO  server.GrpcService (ConfUtils.java:logGet(43)) - raft.grpc.message.size.max = 33570816 (custom)
2019-09-26 20:40:18,562 [main] INFO  server.RaftServerConfigKeys (ConfUtils.java:logGet(43)) - raft.server.log.appender.buffer.byte-limit = 33554432 (custom)
2019-09-26 20:40:18,562 [main] INFO  server.GrpcService (ConfUtils.java:logGet(43)) - raft.grpc.flow.control.window = 1MB (=1048576) (default)
2019-09-26 20:40:18,562 [main] INFO  server.RaftServerConfigKeys (ConfUtils.java:logGet(43)) - raft.server.rpc.request.timeout = 3000ms (default)
2019-09-26 20:40:18,563 [main] INFO  server.RaftServerConfigKeys (ConfUtils.java:logGet(43)) - raft.server.storage.dir = [/workdir/hadoop-ozone/integration-test/target/test-dir/MiniOzoneClusterImpl-5456f64d-b184-4e59-8568-45c19435e1d5/datanode-8/data/ratis] (custom)
2019-09-26 20:40:18,564 [main] INFO  hdfs.DFSUtil (DFSUtil.java:httpServerTemplateForNNAndJN(1641)) - Starting Web-server for hddsDatanode at: http://0.0.0.0:0
2019-09-26 20:40:18,566 [main] INFO  server.AuthenticationFilter (AuthenticationFilter.java:constructSecretProvider(240)) - Unable to initialize FileSignerSecretProvider, falling back to use random secrets.
2019-09-26 20:40:18,566 [main] WARN  http.HttpRequestLog (HttpRequestLog.java:getRequestLog(97)) - Jetty request log can only be enabled using Log4j
2019-09-26 20:40:18,569 [main] INFO  http.HttpServer2 (HttpServer2.java:addGlobalFilter(975)) - Added global filter 'safety' (class=org.apache.hadoop.http.HttpServer2$QuotingInputFilter)
2019-09-26 20:40:18,570 [main] INFO  http.HttpServer2 (HttpServer2.java:addFilter(948)) - Added filter static_user_filter (class=org.apache.hadoop.http.lib.StaticUserWebFilter$StaticUserFilter) to context hddsDatanode
2019-09-26 20:40:18,570 [main] INFO  http.HttpServer2 (HttpServer2.java:addFilter(958)) - Added filter static_user_filter (class=org.apache.hadoop.http.lib.StaticUserWebFilter$StaticUserFilter) to context static
2019-09-26 20:40:18,570 [main] INFO  http.HttpServer2 (HttpServer2.java:addFilter(958)) - Added filter static_user_filter (class=org.apache.hadoop.http.lib.StaticUserWebFilter$StaticUserFilter) to context logs
2019-09-26 20:40:18,571 [main] INFO  http.HttpServer2 (HttpServer2.java:bindListener(1191)) - Jetty bound to port 40939
2019-09-26 20:40:18,572 [main] INFO  server.Server (Server.java:doStart(351)) - jetty-9.3.25.v20180904, build timestamp: 2018-09-04T21:11:46Z, git hash: 3ce520221d0240229c862b122d2b06c12a625732
2019-09-26 20:40:18,574 [main] INFO  handler.ContextHandler (ContextHandler.java:doStart(781)) - Started o.e.j.s.ServletContextHandler@4665428b{/logs,file:///workdir/hadoop-ozone/integration-test/target/log,AVAILABLE}
2019-09-26 20:40:18,575 [main] INFO  handler.ContextHandler (ContextHandler.java:doStart(781)) - Started o.e.j.s.ServletContextHandler@7fd99443{/static,jar:file:/home/user/.m2/repository/org/apache/hadoop/hadoop-hdds-container-service/0.5.0-SNAPSHOT/hadoop-hdds-container-service-0.5.0-SNAPSHOT.jar!/webapps/static,AVAILABLE}
2019-09-26 20:40:18,619 [main] INFO  handler.ContextHandler (ContextHandler.java:doStart(781)) - Started o.e.j.w.WebAppContext@5460edd3{/,file:///workdir/hadoop-ozone/integration-test/target/tmp/kms/webapp/,AVAILABLE}{/hddsDatanode}
2019-09-26 20:40:18,620 [main] INFO  server.AbstractConnector (AbstractConnector.java:doStart(278)) - Started ServerConnector@5dbbb292{HTTP/1.1,[http/1.1]}{0.0.0.0:40939}
2019-09-26 20:40:18,621 [main] INFO  server.Server (Server.java:doStart(419)) - Started @7950ms
2019-09-26 20:40:18,621 [main] WARN  impl.MetricsSystemImpl (MetricsSystemImpl.java:register(276)) - Sink prometheus already exists!
2019-09-26 20:40:18,622 [main] INFO  server.BaseHttpServer (BaseHttpServer.java:updateConnectorAddress(215)) - HTTP server of HDDSDATANODE is listening at http://0.0.0.0:40939
2019-09-26 20:40:18,622 [main] INFO  impl.MetricsSystemImpl (MetricsSystemImpl.java:init(158)) - HddsDatanode metrics system started (again)
2019-09-26 20:40:18,624 [org.apache.hadoop.util.JvmPauseMonitor$Monitor@4d296594] INFO  util.JvmPauseMonitor (JvmPauseMonitor.java:run(188)) - Starting JVM pause monitor
2019-09-26 20:40:18,627 [main] INFO  ozone.HddsDatanodeService (HddsDatanodeService.java:start(184)) - HddsDatanodeService host:pr-hdds-2162-kpcbn-4093309294 ip:192.168.151.109
2019-09-26 20:40:18,629 [Datanode State Machine Thread - 0] INFO  datanode.InitDatanodeState (InitDatanodeState.java:persistContainerDatanodeDetails(140)) - DatanodeDetails is persisted to /workdir/hadoop-ozone/integration-test/target/test-dir/MiniOzoneClusterImpl-5456f64d-b184-4e59-8568-45c19435e1d5/datanode-8/meta/datanode.id
2019-09-26 20:40:18,634 [main] INFO  volume.HddsVolume (HddsVolume.java:<init>(176)) - Creating Volume: /workdir/hadoop-ozone/integration-test/target/test-dir/MiniOzoneClusterImpl-5456f64d-b184-4e59-8568-45c19435e1d5/datanode-9/data/containers/hdds of  storage type : DISK and capacity : 1482555576320
2019-09-26 20:40:18,634 [main] INFO  volume.VolumeSet (VolumeSet.java:initializeVolumeSet(170)) - Added Volume : /workdir/hadoop-ozone/integration-test/target/test-dir/MiniOzoneClusterImpl-5456f64d-b184-4e59-8568-45c19435e1d5/datanode-9/data/containers/hdds to VolumeSet
2019-09-26 20:40:18,634 [main] INFO  volume.ThrottledAsyncChecker (ThrottledAsyncChecker.java:schedule(139)) - Scheduling a check for org.apache.hadoop.ozone.container.common.volume.HddsVolume@39549f33
2019-09-26 20:40:18,635 [main] INFO  volume.HddsVolumeChecker (HddsVolumeChecker.java:checkAllVolumes(202)) - Scheduled health check for volume org.apache.hadoop.ozone.container.common.volume.HddsVolume@39549f33
2019-09-26 20:40:18,650 [main] INFO  impl.RaftServerProxy (ConfUtils.java:logGet(43)) - raft.rpc.type = GRPC (default)
2019-09-26 20:40:18,650 [main] INFO  grpc.GrpcFactory (GrpcFactory.java:checkPooledByteBufAllocatorUseCacheForAllThreads(45)) - PERFORMANCE WARNING: useCacheForAllThreads is true that may cause Netty to create a lot garbage objects and, as a result, trigger GC.
	It is recommended to disable useCacheForAllThreads by setting -Dorg.apache.ratis.thirdparty.io.netty.allocator.useCacheForAllThreads=false in command line.
2019-09-26 20:40:18,651 [main] INFO  grpc.GrpcConfigKeys$Server (ConfUtils.java:logGet(43)) - raft.grpc.server.port = 0 (default)
2019-09-26 20:40:18,651 [main] INFO  server.GrpcService (ConfUtils.java:logGet(43)) - raft.grpc.message.size.max = 33570816 (custom)
2019-09-26 20:40:18,651 [main] INFO  server.RaftServerConfigKeys (ConfUtils.java:logGet(43)) - raft.server.log.appender.buffer.byte-limit = 33554432 (custom)
2019-09-26 20:40:18,651 [main] INFO  server.GrpcService (ConfUtils.java:logGet(43)) - raft.grpc.flow.control.window = 1MB (=1048576) (default)
2019-09-26 20:40:18,651 [main] INFO  server.RaftServerConfigKeys (ConfUtils.java:logGet(43)) - raft.server.rpc.request.timeout = 3000ms (default)
2019-09-26 20:40:18,652 [main] INFO  server.RaftServerConfigKeys (ConfUtils.java:logGet(43)) - raft.server.storage.dir = [/workdir/hadoop-ozone/integration-test/target/test-dir/MiniOzoneClusterImpl-5456f64d-b184-4e59-8568-45c19435e1d5/datanode-9/data/ratis] (custom)
2019-09-26 20:40:18,654 [main] INFO  hdfs.DFSUtil (DFSUtil.java:httpServerTemplateForNNAndJN(1641)) - Starting Web-server for hddsDatanode at: http://0.0.0.0:0
2019-09-26 20:40:18,656 [main] INFO  server.AuthenticationFilter (AuthenticationFilter.java:constructSecretProvider(240)) - Unable to initialize FileSignerSecretProvider, falling back to use random secrets.
2019-09-26 20:40:18,656 [main] WARN  http.HttpRequestLog (HttpRequestLog.java:getRequestLog(97)) - Jetty request log can only be enabled using Log4j
2019-09-26 20:40:18,658 [main] INFO  http.HttpServer2 (HttpServer2.java:addGlobalFilter(975)) - Added global filter 'safety' (class=org.apache.hadoop.http.HttpServer2$QuotingInputFilter)
2019-09-26 20:40:18,659 [main] INFO  http.HttpServer2 (HttpServer2.java:addFilter(948)) - Added filter static_user_filter (class=org.apache.hadoop.http.lib.StaticUserWebFilter$StaticUserFilter) to context hddsDatanode
2019-09-26 20:40:18,659 [main] INFO  http.HttpServer2 (HttpServer2.java:addFilter(958)) - Added filter static_user_filter (class=org.apache.hadoop.http.lib.StaticUserWebFilter$StaticUserFilter) to context logs
2019-09-26 20:40:18,659 [main] INFO  http.HttpServer2 (HttpServer2.java:addFilter(958)) - Added filter static_user_filter (class=org.apache.hadoop.http.lib.StaticUserWebFilter$StaticUserFilter) to context static
2019-09-26 20:40:18,660 [main] INFO  http.HttpServer2 (HttpServer2.java:bindListener(1191)) - Jetty bound to port 46339
2019-09-26 20:40:18,660 [main] INFO  server.Server (Server.java:doStart(351)) - jetty-9.3.25.v20180904, build timestamp: 2018-09-04T21:11:46Z, git hash: 3ce520221d0240229c862b122d2b06c12a625732
2019-09-26 20:40:18,662 [main] INFO  handler.ContextHandler (ContextHandler.java:doStart(781)) - Started o.e.j.s.ServletContextHandler@51cab489{/logs,file:///workdir/hadoop-ozone/integration-test/target/log,AVAILABLE}
2019-09-26 20:40:18,663 [main] INFO  handler.ContextHandler (ContextHandler.java:doStart(781)) - Started o.e.j.s.ServletContextHandler@773c2214{/static,jar:file:/home/user/.m2/repository/org/apache/hadoop/hadoop-hdds-container-service/0.5.0-SNAPSHOT/hadoop-hdds-container-service-0.5.0-SNAPSHOT.jar!/webapps/static,AVAILABLE}
2019-09-26 20:40:18,699 [main] INFO  handler.ContextHandler (ContextHandler.java:doStart(781)) - Started o.e.j.w.WebAppContext@1c297897{/,file:///workdir/hadoop-ozone/integration-test/target/tmp/kms/webapp/,AVAILABLE}{/hddsDatanode}
2019-09-26 20:40:18,699 [main] INFO  server.AbstractConnector (AbstractConnector.java:doStart(278)) - Started ServerConnector@33e0c716{HTTP/1.1,[http/1.1]}{0.0.0.0:46339}
2019-09-26 20:40:18,701 [main] INFO  server.Server (Server.java:doStart(419)) - Started @8029ms
2019-09-26 20:40:18,701 [main] WARN  impl.MetricsSystemImpl (MetricsSystemImpl.java:register(276)) - Sink prometheus already exists!
2019-09-26 20:40:18,702 [main] INFO  server.BaseHttpServer (BaseHttpServer.java:updateConnectorAddress(215)) - HTTP server of HDDSDATANODE is listening at http://0.0.0.0:46339
2019-09-26 20:40:18,702 [main] INFO  om.OzoneManager (OzoneManager.java:readKeyPair(713)) - Reading keypair and certificate from file system.
2019-09-26 20:40:18,706 [main] INFO  om.OzoneManager (OzoneManager.java:startSecretManager(679)) - Starting OM block token secret manager
2019-09-26 20:40:18,706 [main] INFO  security.OzoneBlockTokenSecretManager (OzoneSecretManager.java:updateCurrentKey(167)) - Updating the current master key for generating tokens
2019-09-26 20:40:18,707 [org.apache.hadoop.util.JvmPauseMonitor$Monitor@7bfee8d5] INFO  util.JvmPauseMonitor (JvmPauseMonitor.java:run(188)) - Starting JVM pause monitor
2019-09-26 20:40:18,709 [main] INFO  ozone.MiniOzoneClusterImpl (MiniOzoneClusterImpl.java:lambda$waitForClusterToBeReady$0(147)) - Waiting for cluster to be ready. Got 0 of 10 DN Heartbeats.
2019-09-26 20:40:18,710 [Datanode State Machine Thread - 0] INFO  datanode.InitDatanodeState (InitDatanodeState.java:persistContainerDatanodeDetails(140)) - DatanodeDetails is persisted to /workdir/hadoop-ozone/integration-test/target/test-dir/MiniOzoneClusterImpl-5456f64d-b184-4e59-8568-45c19435e1d5/datanode-9/meta/datanode.id
2019-09-26 20:40:19,709 [main] INFO  ozone.MiniOzoneClusterImpl (MiniOzoneClusterImpl.java:lambda$waitForClusterToBeReady$0(147)) - Waiting for cluster to be ready. Got 0 of 10 DN Heartbeats.
2019-09-26 20:40:20,058 [Datanode State Machine Thread - 0] INFO  ozoneimpl.OzoneContainer (OzoneContainer.java:start(217)) - Attempting to start container services.
2019-09-26 20:40:20,058 [Datanode State Machine Thread - 0] INFO  ozoneimpl.OzoneContainer (OzoneContainer.java:start(217)) - Attempting to start container services.
2019-09-26 20:40:20,058 [Datanode State Machine Thread - 0] INFO  ozoneimpl.OzoneContainer (OzoneContainer.java:start(217)) - Attempting to start container services.
2019-09-26 20:40:20,062 [Datanode State Machine Thread - 0] INFO  ozoneimpl.OzoneContainer (OzoneContainer.java:startContainerScrub(179)) - Background container scanner has been disabled.
2019-09-26 20:40:20,062 [Datanode State Machine Thread - 0] INFO  ozoneimpl.OzoneContainer (OzoneContainer.java:startContainerScrub(179)) - Background container scanner has been disabled.
2019-09-26 20:40:20,062 [Datanode State Machine Thread - 0] INFO  ratis.XceiverServerRatis (XceiverServerRatis.java:start(411)) - Starting XceiverServerRatis fef668a8-0979-4ff0-832c-cf3fbad71c9a at port 0
2019-09-26 20:40:20,062 [Datanode State Machine Thread - 0] INFO  ratis.XceiverServerRatis (XceiverServerRatis.java:start(411)) - Starting XceiverServerRatis a49488b0-9b0a-4cd9-b60f-a6a2ca33f14a at port 0
2019-09-26 20:40:20,062 [Datanode State Machine Thread - 0] INFO  ozoneimpl.OzoneContainer (OzoneContainer.java:startContainerScrub(179)) - Background container scanner has been disabled.
2019-09-26 20:40:20,063 [Datanode State Machine Thread - 0] INFO  ratis.XceiverServerRatis (XceiverServerRatis.java:start(411)) - Starting XceiverServerRatis fb3b0dd3-710d-46f6-9c2e-2ee6c0a15375 at port 0
2019-09-26 20:40:20,103 [Datanode State Machine Thread - 0] INFO  impl.RaftServerProxy (RaftServerProxy.java:lambda$start$3(299)) - fef668a8-0979-4ff0-832c-cf3fbad71c9a: start RPC server
2019-09-26 20:40:20,103 [Datanode State Machine Thread - 0] INFO  impl.RaftServerProxy (RaftServerProxy.java:lambda$start$3(299)) - fb3b0dd3-710d-46f6-9c2e-2ee6c0a15375: start RPC server
2019-09-26 20:40:20,103 [Datanode State Machine Thread - 0] INFO  impl.RaftServerProxy (RaftServerProxy.java:lambda$start$3(299)) - a49488b0-9b0a-4cd9-b60f-a6a2ca33f14a: start RPC server
2019-09-26 20:40:20,129 [Datanode State Machine Thread - 0] INFO  ozoneimpl.OzoneContainer (OzoneContainer.java:start(217)) - Attempting to start container services.
2019-09-26 20:40:20,137 [Datanode State Machine Thread - 0] INFO  ozoneimpl.OzoneContainer (OzoneContainer.java:startContainerScrub(179)) - Background container scanner has been disabled.
2019-09-26 20:40:20,137 [Datanode State Machine Thread - 0] INFO  ratis.XceiverServerRatis (XceiverServerRatis.java:start(411)) - Starting XceiverServerRatis 7e90aeec-bac9-41fb-9856-2cf722469481 at port 0
2019-09-26 20:40:20,146 [Datanode State Machine Thread - 0] INFO  impl.RaftServerProxy (RaftServerProxy.java:lambda$start$3(299)) - 7e90aeec-bac9-41fb-9856-2cf722469481: start RPC server
2019-09-26 20:40:20,233 [Datanode State Machine Thread - 0] INFO  ozoneimpl.OzoneContainer (OzoneContainer.java:start(217)) - Attempting to start container services.
2019-09-26 20:40:20,233 [Datanode State Machine Thread - 0] INFO  ozoneimpl.OzoneContainer (OzoneContainer.java:startContainerScrub(179)) - Background container scanner has been disabled.
2019-09-26 20:40:20,233 [Datanode State Machine Thread - 0] INFO  ratis.XceiverServerRatis (XceiverServerRatis.java:start(411)) - Starting XceiverServerRatis 09a81ee9-6885-4381-b9d0-5021c7bf0916 at port 0
2019-09-26 20:40:20,242 [Datanode State Machine Thread - 0] INFO  impl.RaftServerProxy (RaftServerProxy.java:lambda$start$3(299)) - 09a81ee9-6885-4381-b9d0-5021c7bf0916: start RPC server
2019-09-26 20:40:20,284 [Datanode State Machine Thread - 0] INFO  server.GrpcService (GrpcService.java:startImpl(158)) - a49488b0-9b0a-4cd9-b60f-a6a2ca33f14a: GrpcService started, listening on 0.0.0.0/0.0.0.0:46864
2019-09-26 20:40:20,284 [Datanode State Machine Thread - 0] INFO  server.GrpcService (GrpcService.java:startImpl(158)) - fb3b0dd3-710d-46f6-9c2e-2ee6c0a15375: GrpcService started, listening on 0.0.0.0/0.0.0.0:39680
2019-09-26 20:40:20,285 [Datanode State Machine Thread - 0] INFO  ratis.XceiverServerRatis (XceiverServerRatis.java:start(421)) - XceiverServerRatis a49488b0-9b0a-4cd9-b60f-a6a2ca33f14a is started using port 46864
2019-09-26 20:40:20,284 [Datanode State Machine Thread - 0] INFO  server.GrpcService (GrpcService.java:startImpl(158)) - fef668a8-0979-4ff0-832c-cf3fbad71c9a: GrpcService started, listening on 0.0.0.0/0.0.0.0:43291
2019-09-26 20:40:20,284 [Datanode State Machine Thread - 0] INFO  server.GrpcService (GrpcService.java:startImpl(158)) - 7e90aeec-bac9-41fb-9856-2cf722469481: GrpcService started, listening on 0.0.0.0/0.0.0.0:39965
2019-09-26 20:40:20,284 [Datanode State Machine Thread - 0] INFO  server.GrpcService (GrpcService.java:startImpl(158)) - 09a81ee9-6885-4381-b9d0-5021c7bf0916: GrpcService started, listening on 0.0.0.0/0.0.0.0:37603
2019-09-26 20:40:20,286 [Datanode State Machine Thread - 0] INFO  ratis.XceiverServerRatis (XceiverServerRatis.java:start(421)) - XceiverServerRatis 7e90aeec-bac9-41fb-9856-2cf722469481 is started using port 39965
2019-09-26 20:40:20,286 [Datanode State Machine Thread - 0] INFO  ratis.XceiverServerRatis (XceiverServerRatis.java:start(421)) - XceiverServerRatis fef668a8-0979-4ff0-832c-cf3fbad71c9a is started using port 43291
2019-09-26 20:40:20,285 [Datanode State Machine Thread - 0] INFO  ratis.XceiverServerRatis (XceiverServerRatis.java:start(421)) - XceiverServerRatis fb3b0dd3-710d-46f6-9c2e-2ee6c0a15375 is started using port 39680
2019-09-26 20:40:20,286 [Datanode State Machine Thread - 0] INFO  ratis.XceiverServerRatis (XceiverServerRatis.java:start(421)) - XceiverServerRatis 09a81ee9-6885-4381-b9d0-5021c7bf0916 is started using port 37603
2019-09-26 20:40:20,293 [Datanode State Machine Thread - 0] INFO  server.XceiverServerGrpc (XceiverServerGrpc.java:start(149)) - XceiverServerGrpc a49488b0-9b0a-4cd9-b60f-a6a2ca33f14a is started using port 40191
2019-09-26 20:40:20,294 [Datanode State Machine Thread - 0] INFO  server.XceiverServerGrpc (XceiverServerGrpc.java:start(149)) - XceiverServerGrpc 7e90aeec-bac9-41fb-9856-2cf722469481 is started using port 45001
2019-09-26 20:40:20,297 [Datanode State Machine Thread - 0] INFO  server.XceiverServerGrpc (XceiverServerGrpc.java:start(149)) - XceiverServerGrpc fef668a8-0979-4ff0-832c-cf3fbad71c9a is started using port 43064
2019-09-26 20:40:20,301 [Datanode State Machine Thread - 0] INFO  server.XceiverServerGrpc (XceiverServerGrpc.java:start(149)) - XceiverServerGrpc fb3b0dd3-710d-46f6-9c2e-2ee6c0a15375 is started using port 37984
2019-09-26 20:40:20,301 [Datanode State Machine Thread - 0] INFO  server.XceiverServerGrpc (XceiverServerGrpc.java:start(149)) - XceiverServerGrpc 09a81ee9-6885-4381-b9d0-5021c7bf0916 is started using port 41981
2019-09-26 20:40:20,385 [Datanode State Machine Thread - 0] INFO  ozoneimpl.OzoneContainer (OzoneContainer.java:start(217)) - Attempting to start container services.
2019-09-26 20:40:20,385 [Datanode State Machine Thread - 0] INFO  ozoneimpl.OzoneContainer (OzoneContainer.java:startContainerScrub(179)) - Background container scanner has been disabled.
2019-09-26 20:40:20,386 [Datanode State Machine Thread - 0] INFO  ratis.XceiverServerRatis (XceiverServerRatis.java:start(411)) - Starting XceiverServerRatis f0429ba4-43cb-400b-9639-b72cd1260ed1 at port 0
2019-09-26 20:40:20,391 [Datanode State Machine Thread - 0] INFO  impl.RaftServerProxy (RaftServerProxy.java:lambda$start$3(299)) - f0429ba4-43cb-400b-9639-b72cd1260ed1: start RPC server
2019-09-26 20:40:20,397 [Datanode State Machine Thread - 0] INFO  server.GrpcService (GrpcService.java:startImpl(158)) - f0429ba4-43cb-400b-9639-b72cd1260ed1: GrpcService started, listening on 0.0.0.0/0.0.0.0:34664
2019-09-26 20:40:20,397 [Datanode State Machine Thread - 0] INFO  ratis.XceiverServerRatis (XceiverServerRatis.java:start(421)) - XceiverServerRatis f0429ba4-43cb-400b-9639-b72cd1260ed1 is started using port 34664
2019-09-26 20:40:20,401 [Datanode State Machine Thread - 0] INFO  server.XceiverServerGrpc (XceiverServerGrpc.java:start(149)) - XceiverServerGrpc f0429ba4-43cb-400b-9639-b72cd1260ed1 is started using port 46755
2019-09-26 20:40:20,478 [Datanode State Machine Thread - 0] INFO  ozoneimpl.OzoneContainer (OzoneContainer.java:start(217)) - Attempting to start container services.
2019-09-26 20:40:20,478 [Datanode State Machine Thread - 0] INFO  ozoneimpl.OzoneContainer (OzoneContainer.java:startContainerScrub(179)) - Background container scanner has been disabled.
2019-09-26 20:40:20,479 [Datanode State Machine Thread - 0] INFO  ratis.XceiverServerRatis (XceiverServerRatis.java:start(411)) - Starting XceiverServerRatis 9b15866d-6b15-4ac7-b53c-ef39fa8ef2d1 at port 0
2019-09-26 20:40:20,486 [Datanode State Machine Thread - 0] INFO  impl.RaftServerProxy (RaftServerProxy.java:lambda$start$3(299)) - 9b15866d-6b15-4ac7-b53c-ef39fa8ef2d1: start RPC server
2019-09-26 20:40:20,491 [Datanode State Machine Thread - 0] INFO  server.GrpcService (GrpcService.java:startImpl(158)) - 9b15866d-6b15-4ac7-b53c-ef39fa8ef2d1: GrpcService started, listening on 0.0.0.0/0.0.0.0:44954
2019-09-26 20:40:20,491 [Datanode State Machine Thread - 0] INFO  ratis.XceiverServerRatis (XceiverServerRatis.java:start(421)) - XceiverServerRatis 9b15866d-6b15-4ac7-b53c-ef39fa8ef2d1 is started using port 44954
2019-09-26 20:40:20,498 [Datanode State Machine Thread - 0] INFO  server.XceiverServerGrpc (XceiverServerGrpc.java:start(149)) - XceiverServerGrpc 9b15866d-6b15-4ac7-b53c-ef39fa8ef2d1 is started using port 45634
2019-09-26 20:40:20,548 [Datanode State Machine Thread - 0] INFO  ozoneimpl.OzoneContainer (OzoneContainer.java:start(217)) - Attempting to start container services.
2019-09-26 20:40:20,548 [Datanode State Machine Thread - 0] INFO  ozoneimpl.OzoneContainer (OzoneContainer.java:startContainerScrub(179)) - Background container scanner has been disabled.
2019-09-26 20:40:20,548 [Datanode State Machine Thread - 0] INFO  ratis.XceiverServerRatis (XceiverServerRatis.java:start(411)) - Starting XceiverServerRatis da21f5f5-e8ec-4b24-90d9-bf0dee0f359b at port 0
2019-09-26 20:40:20,557 [Datanode State Machine Thread - 0] INFO  impl.RaftServerProxy (RaftServerProxy.java:lambda$start$3(299)) - da21f5f5-e8ec-4b24-90d9-bf0dee0f359b: start RPC server
2019-09-26 20:40:20,562 [Datanode State Machine Thread - 0] INFO  server.GrpcService (GrpcService.java:startImpl(158)) - da21f5f5-e8ec-4b24-90d9-bf0dee0f359b: GrpcService started, listening on 0.0.0.0/0.0.0.0:38243
2019-09-26 20:40:20,563 [Datanode State Machine Thread - 0] INFO  ratis.XceiverServerRatis (XceiverServerRatis.java:start(421)) - XceiverServerRatis da21f5f5-e8ec-4b24-90d9-bf0dee0f359b is started using port 38243
2019-09-26 20:40:20,567 [Datanode State Machine Thread - 0] INFO  server.XceiverServerGrpc (XceiverServerGrpc.java:start(149)) - XceiverServerGrpc da21f5f5-e8ec-4b24-90d9-bf0dee0f359b is started using port 37848
2019-09-26 20:40:20,641 [Datanode State Machine Thread - 0] INFO  ozoneimpl.OzoneContainer (OzoneContainer.java:start(217)) - Attempting to start container services.
2019-09-26 20:40:20,641 [Datanode State Machine Thread - 0] INFO  ozoneimpl.OzoneContainer (OzoneContainer.java:startContainerScrub(179)) - Background container scanner has been disabled.
2019-09-26 20:40:20,641 [Datanode State Machine Thread - 0] INFO  ratis.XceiverServerRatis (XceiverServerRatis.java:start(411)) - Starting XceiverServerRatis db9f8549-f046-44a7-b879-d9a2b4ebcc23 at port 0
2019-09-26 20:40:20,651 [Datanode State Machine Thread - 0] INFO  impl.RaftServerProxy (RaftServerProxy.java:lambda$start$3(299)) - db9f8549-f046-44a7-b879-d9a2b4ebcc23: start RPC server
2019-09-26 20:40:20,656 [Datanode State Machine Thread - 0] INFO  server.GrpcService (GrpcService.java:startImpl(158)) - db9f8549-f046-44a7-b879-d9a2b4ebcc23: GrpcService started, listening on 0.0.0.0/0.0.0.0:33183
2019-09-26 20:40:20,657 [Datanode State Machine Thread - 0] INFO  ratis.XceiverServerRatis (XceiverServerRatis.java:start(421)) - XceiverServerRatis db9f8549-f046-44a7-b879-d9a2b4ebcc23 is started using port 33183
2019-09-26 20:40:20,661 [Datanode State Machine Thread - 0] INFO  server.XceiverServerGrpc (XceiverServerGrpc.java:start(149)) - XceiverServerGrpc db9f8549-f046-44a7-b879-d9a2b4ebcc23 is started using port 46742
2019-09-26 20:40:20,710 [main] INFO  ozone.MiniOzoneClusterImpl (MiniOzoneClusterImpl.java:lambda$waitForClusterToBeReady$0(147)) - Waiting for cluster to be ready. Got 0 of 10 DN Heartbeats.
2019-09-26 20:40:20,726 [Datanode State Machine Thread - 0] INFO  ozoneimpl.OzoneContainer (OzoneContainer.java:start(217)) - Attempting to start container services.
2019-09-26 20:40:20,726 [Datanode State Machine Thread - 0] INFO  ozoneimpl.OzoneContainer (OzoneContainer.java:startContainerScrub(179)) - Background container scanner has been disabled.
2019-09-26 20:40:20,726 [Datanode State Machine Thread - 0] INFO  ratis.XceiverServerRatis (XceiverServerRatis.java:start(411)) - Starting XceiverServerRatis fdc400fc-8611-4280-8e8a-1f06e9b47363 at port 0
2019-09-26 20:40:20,734 [Datanode State Machine Thread - 0] INFO  impl.RaftServerProxy (RaftServerProxy.java:lambda$start$3(299)) - fdc400fc-8611-4280-8e8a-1f06e9b47363: start RPC server
2019-09-26 20:40:20,749 [Datanode State Machine Thread - 0] INFO  server.GrpcService (GrpcService.java:startImpl(158)) - fdc400fc-8611-4280-8e8a-1f06e9b47363: GrpcService started, listening on 0.0.0.0/0.0.0.0:44130
2019-09-26 20:40:20,750 [Datanode State Machine Thread - 0] INFO  ratis.XceiverServerRatis (XceiverServerRatis.java:start(421)) - XceiverServerRatis fdc400fc-8611-4280-8e8a-1f06e9b47363 is started using port 44130
2019-09-26 20:40:20,770 [Datanode State Machine Thread - 0] INFO  server.XceiverServerGrpc (XceiverServerGrpc.java:start(149)) - XceiverServerGrpc fdc400fc-8611-4280-8e8a-1f06e9b47363 is started using port 36298
2019-09-26 20:40:21,711 [main] INFO  ozone.MiniOzoneClusterImpl (MiniOzoneClusterImpl.java:lambda$waitForClusterToBeReady$0(147)) - Waiting for cluster to be ready. Got 0 of 10 DN Heartbeats.
2019-09-26 20:40:21,885 [IPC Server handler 8 on 43199] INFO  net.NetworkTopology (NetworkTopologyImpl.java:add(111)) - Added a new node: /default-rack/fb3b0dd3-710d-46f6-9c2e-2ee6c0a15375
2019-09-26 20:40:21,886 [IPC Server handler 8 on 43199] INFO  node.SCMNodeManager (SCMNodeManager.java:register(266)) - Registered Data node : fb3b0dd3-710d-46f6-9c2e-2ee6c0a15375{ip: 192.168.151.109, host: pr-hdds-2162-kpcbn-4093309294, networkLocation: /default-rack, certSerialId: null}
2019-09-26 20:40:21,895 [EventQueue-NodeRegistrationContainerReportForDataNodeSafeModeRule] INFO  safemode.SCMSafeModeManager (DataNodeSafeModeRule.java:process(71)) - SCM in safe mode. 1 DataNodes registered, 1 required.
2019-09-26 20:40:21,898 [EventQueue-NodeRegistrationContainerReportForDataNodeSafeModeRule] INFO  safemode.SCMSafeModeManager (SCMSafeModeManager.java:validateSafeModeExitRules(177)) - ScmSafeModeManager, all rules are successfully validated
2019-09-26 20:40:21,899 [EventQueue-NodeRegistrationContainerReportForDataNodeSafeModeRule] INFO  safemode.SCMSafeModeManager (SCMSafeModeManager.java:exitSafeMode(193)) - SCM exiting safe mode.
2019-09-26 20:40:21,924 [IPC Server handler 10 on 43199] INFO  net.NetworkTopology (NetworkTopologyImpl.java:add(111)) - Added a new node: /default-rack/fef668a8-0979-4ff0-832c-cf3fbad71c9a
2019-09-26 20:40:21,926 [IPC Server handler 10 on 43199] INFO  node.SCMNodeManager (SCMNodeManager.java:register(266)) - Registered Data node : fef668a8-0979-4ff0-832c-cf3fbad71c9a{ip: 192.168.151.109, host: pr-hdds-2162-kpcbn-4093309294, networkLocation: /default-rack, certSerialId: null}
2019-09-26 20:40:22,031 [IPC Server handler 11 on 43199] INFO  net.NetworkTopology (NetworkTopologyImpl.java:add(111)) - Added a new node: /default-rack/a49488b0-9b0a-4cd9-b60f-a6a2ca33f14a
2019-09-26 20:40:22,031 [IPC Server handler 11 on 43199] INFO  node.SCMNodeManager (SCMNodeManager.java:register(266)) - Registered Data node : a49488b0-9b0a-4cd9-b60f-a6a2ca33f14a{ip: 192.168.151.109, host: pr-hdds-2162-kpcbn-4093309294, networkLocation: /default-rack, certSerialId: null}
2019-09-26 20:40:22,120 [IPC Server handler 7 on 43199] INFO  net.NetworkTopology (NetworkTopologyImpl.java:add(111)) - Added a new node: /default-rack/7e90aeec-bac9-41fb-9856-2cf722469481
2019-09-26 20:40:22,120 [IPC Server handler 7 on 43199] INFO  node.SCMNodeManager (SCMNodeManager.java:register(266)) - Registered Data node : 7e90aeec-bac9-41fb-9856-2cf722469481{ip: 192.168.151.109, host: pr-hdds-2162-kpcbn-4093309294, networkLocation: /default-rack, certSerialId: null}
2019-09-26 20:40:22,220 [IPC Server handler 14 on 43199] INFO  net.NetworkTopology (NetworkTopologyImpl.java:add(111)) - Added a new node: /default-rack/09a81ee9-6885-4381-b9d0-5021c7bf0916
2019-09-26 20:40:22,221 [IPC Server handler 14 on 43199] INFO  node.SCMNodeManager (SCMNodeManager.java:register(266)) - Registered Data node : 09a81ee9-6885-4381-b9d0-5021c7bf0916{ip: 192.168.151.109, host: pr-hdds-2162-kpcbn-4093309294, networkLocation: /default-rack, certSerialId: null}
2019-09-26 20:40:22,397 [IPC Server handler 2 on 43199] INFO  net.NetworkTopology (NetworkTopologyImpl.java:add(111)) - Added a new node: /default-rack/f0429ba4-43cb-400b-9639-b72cd1260ed1
2019-09-26 20:40:22,398 [IPC Server handler 2 on 43199] INFO  node.SCMNodeManager (SCMNodeManager.java:register(266)) - Registered Data node : f0429ba4-43cb-400b-9639-b72cd1260ed1{ip: 192.168.151.109, host: pr-hdds-2162-kpcbn-4093309294, networkLocation: /default-rack, certSerialId: null}
2019-09-26 20:40:22,463 [IPC Server handler 1 on 43199] INFO  net.NetworkTopology (NetworkTopologyImpl.java:add(111)) - Added a new node: /default-rack/9b15866d-6b15-4ac7-b53c-ef39fa8ef2d1
2019-09-26 20:40:22,463 [IPC Server handler 1 on 43199] INFO  node.SCMNodeManager (SCMNodeManager.java:register(266)) - Registered Data node : 9b15866d-6b15-4ac7-b53c-ef39fa8ef2d1{ip: 192.168.151.109, host: pr-hdds-2162-kpcbn-4093309294, networkLocation: /default-rack, certSerialId: null}
2019-09-26 20:40:22,533 [IPC Server handler 3 on 43199] INFO  net.NetworkTopology (NetworkTopologyImpl.java:add(111)) - Added a new node: /default-rack/da21f5f5-e8ec-4b24-90d9-bf0dee0f359b
2019-09-26 20:40:22,534 [IPC Server handler 3 on 43199] INFO  node.SCMNodeManager (SCMNodeManager.java:register(266)) - Registered Data node : da21f5f5-e8ec-4b24-90d9-bf0dee0f359b{ip: 192.168.151.109, host: pr-hdds-2162-kpcbn-4093309294, networkLocation: /default-rack, certSerialId: null}
2019-09-26 20:40:22,564 [grpc-default-executor-0] INFO  impl.RaftServerProxy (RaftServerProxy.java:addNew(89)) - fb3b0dd3-710d-46f6-9c2e-2ee6c0a15375: addNew group-B3D8448A44AF:[fb3b0dd3-710d-46f6-9c2e-2ee6c0a15375:192.168.151.109:39680] returns group-B3D8448A44AF:java.util.concurrent.CompletableFuture@162c438d[Not completed]
2019-09-26 20:40:22,589 [pool-32-thread-1] INFO  impl.RaftServerImpl (RaftServerImpl.java:<init>(95)) - fb3b0dd3-710d-46f6-9c2e-2ee6c0a15375: new RaftServerImpl for group-B3D8448A44AF:[fb3b0dd3-710d-46f6-9c2e-2ee6c0a15375:192.168.151.109:39680] with ContainerStateMachine:uninitialized
2019-09-26 20:40:22,591 [pool-32-thread-1] INFO  server.RaftServerConfigKeys (ConfUtils.java:logGet(43)) - raft.server.rpc.timeout.min = 5s (custom)
2019-09-26 20:40:22,594 [pool-32-thread-1] INFO  server.RaftServerConfigKeys (ConfUtils.java:logGet(43)) - raft.server.rpc.timeout.max = 5200ms (custom)
2019-09-26 20:40:22,594 [pool-32-thread-1] INFO  server.RaftServerConfigKeys (ConfUtils.java:logGet(43)) - raft.server.rpcslowness.timeout = 120s (custom)
2019-09-26 20:40:22,595 [pool-32-thread-1] INFO  server.RaftServerConfigKeys (ConfUtils.java:logGet(43)) - raft.server.sleep.deviation.threshold = 300 (default)
2019-09-26 20:40:22,596 [pool-32-thread-1] INFO  server.RaftServerConfigKeys (ConfUtils.java:logGet(43)) - raft.server.log.appender.install.snapshot.enabled = false (custom)
2019-09-26 20:40:22,608 [pool-32-thread-1] INFO  impl.RaftServerImpl (ServerState.java:<init>(103)) - fb3b0dd3-710d-46f6-9c2e-2ee6c0a15375@group-B3D8448A44AF: ConfigurationManager, init=-1: [fb3b0dd3-710d-46f6-9c2e-2ee6c0a15375:192.168.151.109:39680], old=null, confs=<EMPTY_MAP>
2019-09-26 20:40:22,609 [pool-32-thread-1] INFO  server.RaftServerConfigKeys (ConfUtils.java:logGet(43)) - raft.server.storage.dir = [/workdir/hadoop-ozone/integration-test/target/test-dir/MiniOzoneClusterImpl-5456f64d-b184-4e59-8568-45c19435e1d5/datanode-0/data/ratis] (custom)
2019-09-26 20:40:22,619 [pool-32-thread-1] INFO  storage.RaftStorageDirectory (RaftStorageDirectory.java:analyzeStorage(246)) - The storage directory /workdir/hadoop-ozone/integration-test/target/test-dir/MiniOzoneClusterImpl-5456f64d-b184-4e59-8568-45c19435e1d5/datanode-0/data/ratis/7e2d3745-e2db-41af-93e9-b3d8448a44af does not exist. Creating ...
2019-09-26 20:40:22,628 [IPC Server handler 6 on 43199] INFO  net.NetworkTopology (NetworkTopologyImpl.java:add(111)) - Added a new node: /default-rack/db9f8549-f046-44a7-b879-d9a2b4ebcc23
2019-09-26 20:40:22,628 [IPC Server handler 6 on 43199] INFO  node.SCMNodeManager (SCMNodeManager.java:register(266)) - Registered Data node : db9f8549-f046-44a7-b879-d9a2b4ebcc23{ip: 192.168.151.109, host: pr-hdds-2162-kpcbn-4093309294, networkLocation: /default-rack, certSerialId: null}
2019-09-26 20:40:22,641 [pool-32-thread-1] INFO  storage.RaftStorageDirectory (RaftStorageDirectory.java:tryLock(328)) - Lock on /workdir/hadoop-ozone/integration-test/target/test-dir/MiniOzoneClusterImpl-5456f64d-b184-4e59-8568-45c19435e1d5/datanode-0/data/ratis/7e2d3745-e2db-41af-93e9-b3d8448a44af/in_use.lock acquired by nodename 9021@pr-hdds-2162-kpcbn-4093309294
2019-09-26 20:40:22,657 [pool-32-thread-1] INFO  storage.RaftStorage (RaftStorage.java:format(72)) - Storage directory /workdir/hadoop-ozone/integration-test/target/test-dir/MiniOzoneClusterImpl-5456f64d-b184-4e59-8568-45c19435e1d5/datanode-0/data/ratis/7e2d3745-e2db-41af-93e9-b3d8448a44af has been successfully formatted.
2019-09-26 20:40:22,659 [pool-32-thread-1] INFO  ratis.ContainerStateMachine (ContainerStateMachine.java:loadSnapshot(230)) - group-B3D8448A44AF: The snapshot info is null. Setting the last applied indexto:(t:0, i:~)
2019-09-26 20:40:22,659 [pool-32-thread-1] INFO  server.RaftServerConfigKeys (ConfUtils.java:logGet(43)) - raft.server.notification.no-leader.timeout = 120s (custom)
2019-09-26 20:40:22,663 [pool-32-thread-1] INFO  server.RaftServerConfigKeys (ConfUtils.java:logGet(43)) - raft.server.log.use.memory = false (default)
2019-09-26 20:40:22,993 [main] INFO  ozone.MiniOzoneClusterImpl (MiniOzoneClusterImpl.java:lambda$waitForClusterToBeReady$0(147)) - Waiting for cluster to be ready. Got 9 of 10 DN Heartbeats.
2019-09-26 20:40:22,994 [pool-32-thread-1] INFO  server.RaftServerConfigKeys (ConfUtils.java:logGet(43)) - raft.server.log.purge.gap = 1000000 (custom)
2019-09-26 20:40:22,994 [pool-32-thread-1] INFO  server.RaftServerConfigKeys (ConfUtils.java:logGet(43)) - raft.server.log.appender.buffer.byte-limit = 33554432 (custom)
2019-09-26 20:40:23,065 [IPC Server handler 11 on 43199] INFO  net.NetworkTopology (NetworkTopologyImpl.java:add(111)) - Added a new node: /default-rack/fdc400fc-8611-4280-8e8a-1f06e9b47363
2019-09-26 20:40:23,065 [IPC Server handler 11 on 43199] INFO  node.SCMNodeManager (SCMNodeManager.java:register(266)) - Registered Data node : fdc400fc-8611-4280-8e8a-1f06e9b47363{ip: 192.168.151.109, host: pr-hdds-2162-kpcbn-4093309294, networkLocation: /default-rack, certSerialId: null}
2019-09-26 20:40:23,066 [pool-32-thread-1] INFO  server.RaftServerConfigKeys (ConfUtils.java:logGet(43)) - raft.server.log.segment.size.max = 1048576 (custom)
2019-09-26 20:40:23,071 [pool-32-thread-1] INFO  server.RaftServerConfigKeys (ConfUtils.java:logGet(43)) - raft.server.log.segment.cache.num.max = 2 (custom)
2019-09-26 20:40:23,076 [pool-32-thread-1] INFO  segmented.SegmentedRaftLogWorker (SegmentedRaftLogWorker.java:<init>(172)) - new fb3b0dd3-710d-46f6-9c2e-2ee6c0a15375@group-B3D8448A44AF-SegmentedRaftLogWorker for RaftStorage:Storage Directory /workdir/hadoop-ozone/integration-test/target/test-dir/MiniOzoneClusterImpl-5456f64d-b184-4e59-8568-45c19435e1d5/datanode-0/data/ratis/7e2d3745-e2db-41af-93e9-b3d8448a44af
2019-09-26 20:40:23,078 [pool-32-thread-1] INFO  impl.MetricsSystemImpl (MetricsSystemImpl.java:init(158)) - ratis metrics system started (again)
2019-09-26 20:40:23,082 [pool-32-thread-1] INFO  metrics.MetricRegistries (MetricRegistriesLoader.java:load(64)) - Loaded MetricRegistries class org.apache.ratis.metrics.impl.MetricRegistriesImpl
2019-09-26 20:40:23,109 [pool-32-thread-1] INFO  server.RaftServerConfigKeys (ConfUtils.java:logGet(43)) - raft.server.log.queue.byte-limit = 2147483647 (custom)
2019-09-26 20:40:23,110 [pool-32-thread-1] INFO  server.RaftServerConfigKeys (ConfUtils.java:logGet(43)) - raft.server.log.queue.element-limit = 1024 (custom)
2019-09-26 20:40:23,113 [pool-32-thread-1] INFO  server.RaftServerConfigKeys (ConfUtils.java:logGet(43)) - raft.server.log.segment.size.max = 1048576 (custom)
2019-09-26 20:40:23,113 [pool-32-thread-1] INFO  server.RaftServerConfigKeys (ConfUtils.java:logGet(43)) - raft.server.log.preallocated.size = 16384 (custom)
2019-09-26 20:40:23,114 [pool-32-thread-1] INFO  server.RaftServerConfigKeys (ConfUtils.java:logGet(43)) - raft.server.log.write.buffer.size = 33554432 (custom)
2019-09-26 20:40:23,114 [pool-32-thread-1] INFO  server.RaftServerConfigKeys (ConfUtils.java:logGet(43)) - raft.server.log.force.sync.num = 128 (default)
2019-09-26 20:40:23,115 [pool-32-thread-1] INFO  server.RaftServerConfigKeys (ConfUtils.java:logGet(43)) - raft.server.log.statemachine.data.sync = true (default)
2019-09-26 20:40:23,115 [pool-32-thread-1] INFO  server.RaftServerConfigKeys (ConfUtils.java:logGet(43)) - raft.server.log.statemachine.data.sync.timeout = 10s (default)
2019-09-26 20:40:23,115 [pool-32-thread-1] INFO  server.RaftServerConfigKeys (ConfUtils.java:logGet(43)) - raft.server.log.statemachine.data.sync.timeout.retry = -1 (default)
2019-09-26 20:40:23,121 [pool-32-thread-1] INFO  server.RaftServerConfigKeys (ConfUtils.java:logGet(43)) - raft.server.log.statemachine.data.caching.enabled = true (custom)
2019-09-26 20:40:23,126 [pool-32-thread-1] INFO  segmented.SegmentedRaftLogWorker (SegmentedRaftLogWorker.java:lambda$new$0(132)) - fb3b0dd3-710d-46f6-9c2e-2ee6c0a15375@group-B3D8448A44AF-SegmentedRaftLogWorker: flushIndex: setUnconditionally 0 -> -1
2019-09-26 20:40:23,132 [pool-32-thread-1] INFO  server.RaftServerConfigKeys (ConfUtils.java:logGet(43)) - raft.server.snapshot.auto.trigger.enabled = true (custom)
2019-09-26 20:40:23,132 [pool-32-thread-1] INFO  server.RaftServerConfigKeys (ConfUtils.java:logGet(43)) - raft.server.snapshot.auto.trigger.threshold = 10000 (custom)
2019-09-26 20:40:23,133 [pool-32-thread-1] INFO  server.RaftServerConfigKeys (ConfUtils.java:logGet(43)) - raft.server.snapshot.retention.num.files = 5 (custom)
2019-09-26 20:40:23,134 [pool-32-thread-1] INFO  server.RaftServerConfigKeys (ConfUtils.java:logGet(43)) - raft.server.retrycache.expirytime = 600000ms (custom)
2019-09-26 20:40:23,169 [pool-32-thread-1] INFO  impl.RaftServerImpl (RaftServerImpl.java:start(185)) - fb3b0dd3-710d-46f6-9c2e-2ee6c0a15375@group-B3D8448A44AF: start as a follower, conf=-1: [fb3b0dd3-710d-46f6-9c2e-2ee6c0a15375:192.168.151.109:39680], old=null
2019-09-26 20:40:23,171 [pool-32-thread-1] INFO  impl.RaftServerImpl (RaftServerImpl.java:setRole(174)) - fb3b0dd3-710d-46f6-9c2e-2ee6c0a15375@group-B3D8448A44AF: changes role from      null to FOLLOWER at term 0 for startAsFollower
2019-09-26 20:40:23,172 [pool-32-thread-1] INFO  impl.RoleInfo (RoleInfo.java:updateAndGet(143)) - fb3b0dd3-710d-46f6-9c2e-2ee6c0a15375: start FollowerState
2019-09-26 20:40:23,174 [pool-32-thread-1] INFO  util.JmxRegister (JmxRegister.java:tryRegister(44)) - Successfully registered JMX Bean with object name Ratis:service=RaftServer,group=group-B3D8448A44AF,id=fb3b0dd3-710d-46f6-9c2e-2ee6c0a15375
2019-09-26 20:40:23,252 [RatisPipelineUtilsThread] INFO  pipeline.PipelineStateManager (PipelineStateManager.java:addPipeline(56)) - Created pipeline Pipeline[ Id: 7e2d3745-e2db-41af-93e9-b3d8448a44af, Nodes: fb3b0dd3-710d-46f6-9c2e-2ee6c0a15375{ip: 192.168.151.109, host: pr-hdds-2162-kpcbn-4093309294, networkLocation: /default-rack, certSerialId: null}, Type:RATIS, Factor:ONE, State:OPEN]
2019-09-26 20:40:23,283 [grpc-default-executor-0] INFO  impl.RaftServerProxy (RaftServerProxy.java:addNew(89)) - 9b15866d-6b15-4ac7-b53c-ef39fa8ef2d1: addNew group-8699FE844514:[9b15866d-6b15-4ac7-b53c-ef39fa8ef2d1:192.168.151.109:44954] returns group-8699FE844514:java.util.concurrent.CompletableFuture@76386d46[Not completed]
2019-09-26 20:40:23,352 [pool-92-thread-1] INFO  impl.RaftServerImpl (RaftServerImpl.java:<init>(95)) - 9b15866d-6b15-4ac7-b53c-ef39fa8ef2d1: new RaftServerImpl for group-8699FE844514:[9b15866d-6b15-4ac7-b53c-ef39fa8ef2d1:192.168.151.109:44954] with ContainerStateMachine:uninitialized
2019-09-26 20:40:23,354 [pool-92-thread-1] INFO  server.RaftServerConfigKeys (ConfUtils.java:logGet(43)) - raft.server.rpc.timeout.min = 5s (custom)
2019-09-26 20:40:23,354 [pool-92-thread-1] INFO  server.RaftServerConfigKeys (ConfUtils.java:logGet(43)) - raft.server.rpc.timeout.max = 5200ms (custom)
2019-09-26 20:40:23,354 [pool-92-thread-1] INFO  server.RaftServerConfigKeys (ConfUtils.java:logGet(43)) - raft.server.rpcslowness.timeout = 120s (custom)
2019-09-26 20:40:23,355 [pool-92-thread-1] INFO  server.RaftServerConfigKeys (ConfUtils.java:logGet(43)) - raft.server.sleep.deviation.threshold = 300 (default)
2019-09-26 20:40:23,355 [pool-92-thread-1] INFO  server.RaftServerConfigKeys (ConfUtils.java:logGet(43)) - raft.server.log.appender.install.snapshot.enabled = false (custom)
2019-09-26 20:40:23,355 [pool-92-thread-1] INFO  impl.RaftServerImpl (ServerState.java:<init>(103)) - 9b15866d-6b15-4ac7-b53c-ef39fa8ef2d1@group-8699FE844514: ConfigurationManager, init=-1: [9b15866d-6b15-4ac7-b53c-ef39fa8ef2d1:192.168.151.109:44954], old=null, confs=<EMPTY_MAP>
2019-09-26 20:40:23,355 [pool-92-thread-1] INFO  server.RaftServerConfigKeys (ConfUtils.java:logGet(43)) - raft.server.storage.dir = [/workdir/hadoop-ozone/integration-test/target/test-dir/MiniOzoneClusterImpl-5456f64d-b184-4e59-8568-45c19435e1d5/datanode-6/data/ratis] (custom)
2019-09-26 20:40:23,356 [pool-92-thread-1] INFO  storage.RaftStorageDirectory (RaftStorageDirectory.java:analyzeStorage(246)) - The storage directory /workdir/hadoop-ozone/integration-test/target/test-dir/MiniOzoneClusterImpl-5456f64d-b184-4e59-8568-45c19435e1d5/datanode-6/data/ratis/22ce50eb-c7fd-423a-8eaa-8699fe844514 does not exist. Creating ...
2019-09-26 20:40:23,370 [pool-92-thread-1] INFO  storage.RaftStorageDirectory (RaftStorageDirectory.java:tryLock(328)) - Lock on /workdir/hadoop-ozone/integration-test/target/test-dir/MiniOzoneClusterImpl-5456f64d-b184-4e59-8568-45c19435e1d5/datanode-6/data/ratis/22ce50eb-c7fd-423a-8eaa-8699fe844514/in_use.lock acquired by nodename 9021@pr-hdds-2162-kpcbn-4093309294
2019-09-26 20:40:23,384 [pool-92-thread-1] INFO  storage.RaftStorage (RaftStorage.java:format(72)) - Storage directory /workdir/hadoop-ozone/integration-test/target/test-dir/MiniOzoneClusterImpl-5456f64d-b184-4e59-8568-45c19435e1d5/datanode-6/data/ratis/22ce50eb-c7fd-423a-8eaa-8699fe844514 has been successfully formatted.
2019-09-26 20:40:23,396 [pool-92-thread-1] INFO  ratis.ContainerStateMachine (ContainerStateMachine.java:loadSnapshot(230)) - group-8699FE844514: The snapshot info is null. Setting the last applied indexto:(t:0, i:~)
2019-09-26 20:40:23,396 [pool-92-thread-1] INFO  server.RaftServerConfigKeys (ConfUtils.java:logGet(43)) - raft.server.notification.no-leader.timeout = 120s (custom)
2019-09-26 20:40:23,396 [pool-92-thread-1] INFO  server.RaftServerConfigKeys (ConfUtils.java:logGet(43)) - raft.server.log.use.memory = false (default)
2019-09-26 20:40:23,397 [pool-92-thread-1] INFO  server.RaftServerConfigKeys (ConfUtils.java:logGet(43)) - raft.server.log.purge.gap = 1000000 (custom)
2019-09-26 20:40:23,397 [pool-92-thread-1] INFO  server.RaftServerConfigKeys (ConfUtils.java:logGet(43)) - raft.server.log.appender.buffer.byte-limit = 33554432 (custom)
2019-09-26 20:40:23,397 [pool-92-thread-1] INFO  server.RaftServerConfigKeys (ConfUtils.java:logGet(43)) - raft.server.log.segment.size.max = 1048576 (custom)
2019-09-26 20:40:23,397 [pool-92-thread-1] INFO  server.RaftServerConfigKeys (ConfUtils.java:logGet(43)) - raft.server.log.segment.cache.num.max = 2 (custom)
2019-09-26 20:40:23,397 [pool-92-thread-1] INFO  segmented.SegmentedRaftLogWorker (SegmentedRaftLogWorker.java:<init>(172)) - new 9b15866d-6b15-4ac7-b53c-ef39fa8ef2d1@group-8699FE844514-SegmentedRaftLogWorker for RaftStorage:Storage Directory /workdir/hadoop-ozone/integration-test/target/test-dir/MiniOzoneClusterImpl-5456f64d-b184-4e59-8568-45c19435e1d5/datanode-6/data/ratis/22ce50eb-c7fd-423a-8eaa-8699fe844514
2019-09-26 20:40:23,403 [pool-92-thread-1] INFO  server.RaftServerConfigKeys (ConfUtils.java:logGet(43)) - raft.server.log.queue.byte-limit = 2147483647 (custom)
2019-09-26 20:40:23,404 [pool-92-thread-1] INFO  server.RaftServerConfigKeys (ConfUtils.java:logGet(43)) - raft.server.log.queue.element-limit = 1024 (custom)
2019-09-26 20:40:23,404 [pool-92-thread-1] INFO  server.RaftServerConfigKeys (ConfUtils.java:logGet(43)) - raft.server.log.segment.size.max = 1048576 (custom)
2019-09-26 20:40:23,404 [pool-92-thread-1] INFO  server.RaftServerConfigKeys (ConfUtils.java:logGet(43)) - raft.server.log.preallocated.size = 16384 (custom)
2019-09-26 20:40:23,404 [pool-92-thread-1] INFO  server.RaftServerConfigKeys (ConfUtils.java:logGet(43)) - raft.server.log.write.buffer.size = 33554432 (custom)
2019-09-26 20:40:23,404 [pool-92-thread-1] INFO  server.RaftServerConfigKeys (ConfUtils.java:logGet(43)) - raft.server.log.force.sync.num = 128 (default)
2019-09-26 20:40:23,405 [pool-92-thread-1] INFO  server.RaftServerConfigKeys (ConfUtils.java:logGet(43)) - raft.server.log.statemachine.data.sync = true (default)
2019-09-26 20:40:23,405 [pool-92-thread-1] INFO  server.RaftServerConfigKeys (ConfUtils.java:logGet(43)) - raft.server.log.statemachine.data.sync.timeout = 10s (default)
2019-09-26 20:40:23,405 [pool-92-thread-1] INFO  server.RaftServerConfigKeys (ConfUtils.java:logGet(43)) - raft.server.log.statemachine.data.sync.timeout.retry = -1 (default)
2019-09-26 20:40:23,405 [pool-92-thread-1] INFO  server.RaftServerConfigKeys (ConfUtils.java:logGet(43)) - raft.server.log.statemachine.data.caching.enabled = true (custom)
2019-09-26 20:40:23,406 [pool-92-thread-1] INFO  segmented.SegmentedRaftLogWorker (SegmentedRaftLogWorker.java:lambda$new$0(132)) - 9b15866d-6b15-4ac7-b53c-ef39fa8ef2d1@group-8699FE844514-SegmentedRaftLogWorker: flushIndex: setUnconditionally 0 -> -1
2019-09-26 20:40:23,406 [pool-92-thread-1] INFO  server.RaftServerConfigKeys (ConfUtils.java:logGet(43)) - raft.server.snapshot.auto.trigger.enabled = true (custom)
2019-09-26 20:40:23,406 [pool-92-thread-1] INFO  server.RaftServerConfigKeys (ConfUtils.java:logGet(43)) - raft.server.snapshot.auto.trigger.threshold = 10000 (custom)
2019-09-26 20:40:23,407 [pool-92-thread-1] INFO  server.RaftServerConfigKeys (ConfUtils.java:logGet(43)) - raft.server.snapshot.retention.num.files = 5 (custom)
2019-09-26 20:40:23,407 [pool-92-thread-1] INFO  server.RaftServerConfigKeys (ConfUtils.java:logGet(43)) - raft.server.retrycache.expirytime = 600000ms (custom)
2019-09-26 20:40:23,412 [pool-92-thread-1] INFO  impl.RaftServerImpl (RaftServerImpl.java:start(185)) - 9b15866d-6b15-4ac7-b53c-ef39fa8ef2d1@group-8699FE844514: start as a follower, conf=-1: [9b15866d-6b15-4ac7-b53c-ef39fa8ef2d1:192.168.151.109:44954], old=null
2019-09-26 20:40:23,413 [pool-92-thread-1] INFO  impl.RaftServerImpl (RaftServerImpl.java:setRole(174)) - 9b15866d-6b15-4ac7-b53c-ef39fa8ef2d1@group-8699FE844514: changes role from      null to FOLLOWER at term 0 for startAsFollower
2019-09-26 20:40:23,413 [pool-92-thread-1] INFO  impl.RoleInfo (RoleInfo.java:updateAndGet(143)) - 9b15866d-6b15-4ac7-b53c-ef39fa8ef2d1: start FollowerState
2019-09-26 20:40:23,413 [pool-92-thread-1] INFO  util.JmxRegister (JmxRegister.java:tryRegister(44)) - Successfully registered JMX Bean with object name Ratis:service=RaftServer,group=group-8699FE844514,id=9b15866d-6b15-4ac7-b53c-ef39fa8ef2d1
2019-09-26 20:40:23,436 [RatisPipelineUtilsThread] INFO  pipeline.PipelineStateManager (PipelineStateManager.java:addPipeline(56)) - Created pipeline Pipeline[ Id: 22ce50eb-c7fd-423a-8eaa-8699fe844514, Nodes: 9b15866d-6b15-4ac7-b53c-ef39fa8ef2d1{ip: 192.168.151.109, host: pr-hdds-2162-kpcbn-4093309294, networkLocation: /default-rack, certSerialId: null}, Type:RATIS, Factor:ONE, State:OPEN]
2019-09-26 20:40:23,466 [grpc-default-executor-0] INFO  impl.RaftServerProxy (RaftServerProxy.java:addNew(89)) - fdc400fc-8611-4280-8e8a-1f06e9b47363: addNew group-36D71DCEEE6C:[fdc400fc-8611-4280-8e8a-1f06e9b47363:192.168.151.109:44130] returns group-36D71DCEEE6C:java.util.concurrent.CompletableFuture@cacecd5[Not completed]
2019-09-26 20:40:23,507 [pool-122-thread-1] INFO  impl.RaftServerImpl (RaftServerImpl.java:<init>(95)) - fdc400fc-8611-4280-8e8a-1f06e9b47363: new RaftServerImpl for group-36D71DCEEE6C:[fdc400fc-8611-4280-8e8a-1f06e9b47363:192.168.151.109:44130] with ContainerStateMachine:uninitialized
2019-09-26 20:40:23,507 [pool-122-thread-1] INFO  server.RaftServerConfigKeys (ConfUtils.java:logGet(43)) - raft.server.rpc.timeout.min = 5s (custom)
2019-09-26 20:40:23,507 [pool-122-thread-1] INFO  server.RaftServerConfigKeys (ConfUtils.java:logGet(43)) - raft.server.rpc.timeout.max = 5200ms (custom)
2019-09-26 20:40:23,507 [pool-122-thread-1] INFO  server.RaftServerConfigKeys (ConfUtils.java:logGet(43)) - raft.server.rpcslowness.timeout = 120s (custom)
2019-09-26 20:40:23,507 [pool-122-thread-1] INFO  server.RaftServerConfigKeys (ConfUtils.java:logGet(43)) - raft.server.sleep.deviation.threshold = 300 (default)
2019-09-26 20:40:23,508 [pool-122-thread-1] INFO  server.RaftServerConfigKeys (ConfUtils.java:logGet(43)) - raft.server.log.appender.install.snapshot.enabled = false (custom)
2019-09-26 20:40:23,508 [pool-122-thread-1] INFO  impl.RaftServerImpl (ServerState.java:<init>(103)) - fdc400fc-8611-4280-8e8a-1f06e9b47363@group-36D71DCEEE6C: ConfigurationManager, init=-1: [fdc400fc-8611-4280-8e8a-1f06e9b47363:192.168.151.109:44130], old=null, confs=<EMPTY_MAP>
2019-09-26 20:40:23,508 [pool-122-thread-1] INFO  server.RaftServerConfigKeys (ConfUtils.java:logGet(43)) - raft.server.storage.dir = [/workdir/hadoop-ozone/integration-test/target/test-dir/MiniOzoneClusterImpl-5456f64d-b184-4e59-8568-45c19435e1d5/datanode-9/data/ratis] (custom)
2019-09-26 20:40:23,509 [pool-122-thread-1] INFO  storage.RaftStorageDirectory (RaftStorageDirectory.java:analyzeStorage(246)) - The storage directory /workdir/hadoop-ozone/integration-test/target/test-dir/MiniOzoneClusterImpl-5456f64d-b184-4e59-8568-45c19435e1d5/datanode-9/data/ratis/1f848ad0-21ee-4048-9580-36d71dceee6c does not exist. Creating ...
2019-09-26 20:40:23,522 [pool-122-thread-1] INFO  storage.RaftStorageDirectory (RaftStorageDirectory.java:tryLock(328)) - Lock on /workdir/hadoop-ozone/integration-test/target/test-dir/MiniOzoneClusterImpl-5456f64d-b184-4e59-8568-45c19435e1d5/datanode-9/data/ratis/1f848ad0-21ee-4048-9580-36d71dceee6c/in_use.lock acquired by nodename 9021@pr-hdds-2162-kpcbn-4093309294
2019-09-26 20:40:23,535 [pool-122-thread-1] INFO  storage.RaftStorage (RaftStorage.java:format(72)) - Storage directory /workdir/hadoop-ozone/integration-test/target/test-dir/MiniOzoneClusterImpl-5456f64d-b184-4e59-8568-45c19435e1d5/datanode-9/data/ratis/1f848ad0-21ee-4048-9580-36d71dceee6c has been successfully formatted.
2019-09-26 20:40:23,537 [pool-122-thread-1] INFO  ratis.ContainerStateMachine (ContainerStateMachine.java:loadSnapshot(230)) - group-36D71DCEEE6C: The snapshot info is null. Setting the last applied indexto:(t:0, i:~)
2019-09-26 20:40:23,539 [pool-122-thread-1] INFO  server.RaftServerConfigKeys (ConfUtils.java:logGet(43)) - raft.server.notification.no-leader.timeout = 120s (custom)
2019-09-26 20:40:23,540 [pool-122-thread-1] INFO  server.RaftServerConfigKeys (ConfUtils.java:logGet(43)) - raft.server.log.use.memory = false (default)
2019-09-26 20:40:23,540 [pool-122-thread-1] INFO  server.RaftServerConfigKeys (ConfUtils.java:logGet(43)) - raft.server.log.purge.gap = 1000000 (custom)
2019-09-26 20:40:23,540 [pool-122-thread-1] INFO  server.RaftServerConfigKeys (ConfUtils.java:logGet(43)) - raft.server.log.appender.buffer.byte-limit = 33554432 (custom)
2019-09-26 20:40:23,540 [pool-122-thread-1] INFO  server.RaftServerConfigKeys (ConfUtils.java:logGet(43)) - raft.server.log.segment.size.max = 1048576 (custom)
2019-09-26 20:40:23,540 [pool-122-thread-1] INFO  server.RaftServerConfigKeys (ConfUtils.java:logGet(43)) - raft.server.log.segment.cache.num.max = 2 (custom)
2019-09-26 20:40:23,540 [pool-122-thread-1] INFO  segmented.SegmentedRaftLogWorker (SegmentedRaftLogWorker.java:<init>(172)) - new fdc400fc-8611-4280-8e8a-1f06e9b47363@group-36D71DCEEE6C-SegmentedRaftLogWorker for RaftStorage:Storage Directory /workdir/hadoop-ozone/integration-test/target/test-dir/MiniOzoneClusterImpl-5456f64d-b184-4e59-8568-45c19435e1d5/datanode-9/data/ratis/1f848ad0-21ee-4048-9580-36d71dceee6c
2019-09-26 20:40:23,590 [pool-122-thread-1] INFO  server.RaftServerConfigKeys (ConfUtils.java:logGet(43)) - raft.server.log.queue.byte-limit = 2147483647 (custom)
2019-09-26 20:40:23,591 [pool-122-thread-1] INFO  server.RaftServerConfigKeys (ConfUtils.java:logGet(43)) - raft.server.log.queue.element-limit = 1024 (custom)
2019-09-26 20:40:23,591 [pool-122-thread-1] INFO  server.RaftServerConfigKeys (ConfUtils.java:logGet(43)) - raft.server.log.segment.size.max = 1048576 (custom)
2019-09-26 20:40:23,591 [pool-122-thread-1] INFO  server.RaftServerConfigKeys (ConfUtils.java:logGet(43)) - raft.server.log.preallocated.size = 16384 (custom)
2019-09-26 20:40:23,591 [pool-122-thread-1] INFO  server.RaftServerConfigKeys (ConfUtils.java:logGet(43)) - raft.server.log.write.buffer.size = 33554432 (custom)
2019-09-26 20:40:23,591 [pool-122-thread-1] INFO  server.RaftServerConfigKeys (ConfUtils.java:logGet(43)) - raft.server.log.force.sync.num = 128 (default)
2019-09-26 20:40:23,591 [pool-122-thread-1] INFO  server.RaftServerConfigKeys (ConfUtils.java:logGet(43)) - raft.server.log.statemachine.data.sync = true (default)
2019-09-26 20:40:23,592 [pool-122-thread-1] INFO  server.RaftServerConfigKeys (ConfUtils.java:logGet(43)) - raft.server.log.statemachine.data.sync.timeout = 10s (default)
2019-09-26 20:40:23,592 [pool-122-thread-1] INFO  server.RaftServerConfigKeys (ConfUtils.java:logGet(43)) - raft.server.log.statemachine.data.sync.timeout.retry = -1 (default)
2019-09-26 20:40:23,592 [pool-122-thread-1] INFO  server.RaftServerConfigKeys (ConfUtils.java:logGet(43)) - raft.server.log.statemachine.data.caching.enabled = true (custom)
2019-09-26 20:40:23,592 [pool-122-thread-1] INFO  segmented.SegmentedRaftLogWorker (SegmentedRaftLogWorker.java:lambda$new$0(132)) - fdc400fc-8611-4280-8e8a-1f06e9b47363@group-36D71DCEEE6C-SegmentedRaftLogWorker: flushIndex: setUnconditionally 0 -> -1
2019-09-26 20:40:23,593 [pool-122-thread-1] INFO  server.RaftServerConfigKeys (ConfUtils.java:logGet(43)) - raft.server.snapshot.auto.trigger.enabled = true (custom)
2019-09-26 20:40:23,593 [pool-122-thread-1] INFO  server.RaftServerConfigKeys (ConfUtils.java:logGet(43)) - raft.server.snapshot.auto.trigger.threshold = 10000 (custom)
2019-09-26 20:40:23,593 [pool-122-thread-1] INFO  server.RaftServerConfigKeys (ConfUtils.java:logGet(43)) - raft.server.snapshot.retention.num.files = 5 (custom)
2019-09-26 20:40:23,593 [pool-122-thread-1] INFO  server.RaftServerConfigKeys (ConfUtils.java:logGet(43)) - raft.server.retrycache.expirytime = 600000ms (custom)
2019-09-26 20:40:23,600 [pool-122-thread-1] INFO  impl.RaftServerImpl (RaftServerImpl.java:start(185)) - fdc400fc-8611-4280-8e8a-1f06e9b47363@group-36D71DCEEE6C: start as a follower, conf=-1: [fdc400fc-8611-4280-8e8a-1f06e9b47363:192.168.151.109:44130], old=null
2019-09-26 20:40:23,600 [pool-122-thread-1] INFO  impl.RaftServerImpl (RaftServerImpl.java:setRole(174)) - fdc400fc-8611-4280-8e8a-1f06e9b47363@group-36D71DCEEE6C: changes role from      null to FOLLOWER at term 0 for startAsFollower
2019-09-26 20:40:23,600 [pool-122-thread-1] INFO  impl.RoleInfo (RoleInfo.java:updateAndGet(143)) - fdc400fc-8611-4280-8e8a-1f06e9b47363: start FollowerState
2019-09-26 20:40:23,603 [pool-122-thread-1] INFO  util.JmxRegister (JmxRegister.java:tryRegister(44)) - Successfully registered JMX Bean with object name Ratis:service=RaftServer,group=group-36D71DCEEE6C,id=fdc400fc-8611-4280-8e8a-1f06e9b47363
2019-09-26 20:40:23,617 [RatisPipelineUtilsThread] INFO  pipeline.PipelineStateManager (PipelineStateManager.java:addPipeline(56)) - Created pipeline Pipeline[ Id: 1f848ad0-21ee-4048-9580-36d71dceee6c, Nodes: fdc400fc-8611-4280-8e8a-1f06e9b47363{ip: 192.168.151.109, host: pr-hdds-2162-kpcbn-4093309294, networkLocation: /default-rack, certSerialId: null}, Type:RATIS, Factor:ONE, State:OPEN]
2019-09-26 20:40:23,639 [grpc-default-executor-0] INFO  impl.RaftServerProxy (RaftServerProxy.java:addNew(89)) - a49488b0-9b0a-4cd9-b60f-a6a2ca33f14a: addNew group-B3B9C385ACC1:[a49488b0-9b0a-4cd9-b60f-a6a2ca33f14a:192.168.151.109:46864] returns group-B3B9C385ACC1:java.util.concurrent.CompletableFuture@30a34fc7[Not completed]
2019-09-26 20:40:23,644 [pool-52-thread-1] INFO  impl.RaftServerImpl (RaftServerImpl.java:<init>(95)) - a49488b0-9b0a-4cd9-b60f-a6a2ca33f14a: new RaftServerImpl for group-B3B9C385ACC1:[a49488b0-9b0a-4cd9-b60f-a6a2ca33f14a:192.168.151.109:46864] with ContainerStateMachine:uninitialized
2019-09-26 20:40:23,644 [pool-52-thread-1] INFO  server.RaftServerConfigKeys (ConfUtils.java:logGet(43)) - raft.server.rpc.timeout.min = 5s (custom)
2019-09-26 20:40:23,645 [pool-52-thread-1] INFO  server.RaftServerConfigKeys (ConfUtils.java:logGet(43)) - raft.server.rpc.timeout.max = 5200ms (custom)
2019-09-26 20:40:23,645 [pool-52-thread-1] INFO  server.RaftServerConfigKeys (ConfUtils.java:logGet(43)) - raft.server.rpcslowness.timeout = 120s (custom)
2019-09-26 20:40:23,645 [pool-52-thread-1] INFO  server.RaftServerConfigKeys (ConfUtils.java:logGet(43)) - raft.server.sleep.deviation.threshold = 300 (default)
2019-09-26 20:40:23,645 [pool-52-thread-1] INFO  server.RaftServerConfigKeys (ConfUtils.java:logGet(43)) - raft.server.log.appender.install.snapshot.enabled = false (custom)
2019-09-26 20:40:23,645 [pool-52-thread-1] INFO  impl.RaftServerImpl (ServerState.java:<init>(103)) - a49488b0-9b0a-4cd9-b60f-a6a2ca33f14a@group-B3B9C385ACC1: ConfigurationManager, init=-1: [a49488b0-9b0a-4cd9-b60f-a6a2ca33f14a:192.168.151.109:46864], old=null, confs=<EMPTY_MAP>
2019-09-26 20:40:23,646 [pool-52-thread-1] INFO  server.RaftServerConfigKeys (ConfUtils.java:logGet(43)) - raft.server.storage.dir = [/workdir/hadoop-ozone/integration-test/target/test-dir/MiniOzoneClusterImpl-5456f64d-b184-4e59-8568-45c19435e1d5/datanode-2/data/ratis] (custom)
2019-09-26 20:40:23,646 [pool-52-thread-1] INFO  storage.RaftStorageDirectory (RaftStorageDirectory.java:analyzeStorage(246)) - The storage directory /workdir/hadoop-ozone/integration-test/target/test-dir/MiniOzoneClusterImpl-5456f64d-b184-4e59-8568-45c19435e1d5/datanode-2/data/ratis/df0cb035-c953-461e-a01a-b3b9c385acc1 does not exist. Creating ...
2019-09-26 20:40:23,660 [pool-52-thread-1] INFO  storage.RaftStorageDirectory (RaftStorageDirectory.java:tryLock(328)) - Lock on /workdir/hadoop-ozone/integration-test/target/test-dir/MiniOzoneClusterImpl-5456f64d-b184-4e59-8568-45c19435e1d5/datanode-2/data/ratis/df0cb035-c953-461e-a01a-b3b9c385acc1/in_use.lock acquired by nodename 9021@pr-hdds-2162-kpcbn-4093309294
2019-09-26 20:40:23,674 [pool-52-thread-1] INFO  storage.RaftStorage (RaftStorage.java:format(72)) - Storage directory /workdir/hadoop-ozone/integration-test/target/test-dir/MiniOzoneClusterImpl-5456f64d-b184-4e59-8568-45c19435e1d5/datanode-2/data/ratis/df0cb035-c953-461e-a01a-b3b9c385acc1 has been successfully formatted.
2019-09-26 20:40:23,675 [pool-52-thread-1] INFO  ratis.ContainerStateMachine (ContainerStateMachine.java:loadSnapshot(230)) - group-B3B9C385ACC1: The snapshot info is null. Setting the last applied indexto:(t:0, i:~)
2019-09-26 20:40:23,675 [pool-52-thread-1] INFO  server.RaftServerConfigKeys (ConfUtils.java:logGet(43)) - raft.server.notification.no-leader.timeout = 120s (custom)
2019-09-26 20:40:23,675 [pool-52-thread-1] INFO  server.RaftServerConfigKeys (ConfUtils.java:logGet(43)) - raft.server.log.use.memory = false (default)
2019-09-26 20:40:23,675 [pool-52-thread-1] INFO  server.RaftServerConfigKeys (ConfUtils.java:logGet(43)) - raft.server.log.purge.gap = 1000000 (custom)
2019-09-26 20:40:23,675 [pool-52-thread-1] INFO  server.RaftServerConfigKeys (ConfUtils.java:logGet(43)) - raft.server.log.appender.buffer.byte-limit = 33554432 (custom)
2019-09-26 20:40:23,676 [pool-52-thread-1] INFO  server.RaftServerConfigKeys (ConfUtils.java:logGet(43)) - raft.server.log.segment.size.max = 1048576 (custom)
2019-09-26 20:40:23,676 [pool-52-thread-1] INFO  server.RaftServerConfigKeys (ConfUtils.java:logGet(43)) - raft.server.log.segment.cache.num.max = 2 (custom)
2019-09-26 20:40:23,676 [pool-52-thread-1] INFO  segmented.SegmentedRaftLogWorker (SegmentedRaftLogWorker.java:<init>(172)) - new a49488b0-9b0a-4cd9-b60f-a6a2ca33f14a@group-B3B9C385ACC1-SegmentedRaftLogWorker for RaftStorage:Storage Directory /workdir/hadoop-ozone/integration-test/target/test-dir/MiniOzoneClusterImpl-5456f64d-b184-4e59-8568-45c19435e1d5/datanode-2/data/ratis/df0cb035-c953-461e-a01a-b3b9c385acc1
2019-09-26 20:40:23,682 [pool-52-thread-1] INFO  server.RaftServerConfigKeys (ConfUtils.java:logGet(43)) - raft.server.log.queue.byte-limit = 2147483647 (custom)
2019-09-26 20:40:23,682 [pool-52-thread-1] INFO  server.RaftServerConfigKeys (ConfUtils.java:logGet(43)) - raft.server.log.queue.element-limit = 1024 (custom)
2019-09-26 20:40:23,682 [pool-52-thread-1] INFO  server.RaftServerConfigKeys (ConfUtils.java:logGet(43)) - raft.server.log.segment.size.max = 1048576 (custom)
2019-09-26 20:40:23,683 [pool-52-thread-1] INFO  server.RaftServerConfigKeys (ConfUtils.java:logGet(43)) - raft.server.log.preallocated.size = 16384 (custom)
2019-09-26 20:40:23,683 [pool-52-thread-1] INFO  server.RaftServerConfigKeys (ConfUtils.java:logGet(43)) - raft.server.log.write.buffer.size = 33554432 (custom)
2019-09-26 20:40:23,683 [pool-52-thread-1] INFO  server.RaftServerConfigKeys (ConfUtils.java:logGet(43)) - raft.server.log.force.sync.num = 128 (default)
2019-09-26 20:40:23,683 [pool-52-thread-1] INFO  server.RaftServerConfigKeys (ConfUtils.java:logGet(43)) - raft.server.log.statemachine.data.sync = true (default)
2019-09-26 20:40:23,683 [pool-52-thread-1] INFO  server.RaftServerConfigKeys (ConfUtils.java:logGet(43)) - raft.server.log.statemachine.data.sync.timeout = 10s (default)
2019-09-26 20:40:23,683 [pool-52-thread-1] INFO  server.RaftServerConfigKeys (ConfUtils.java:logGet(43)) - raft.server.log.statemachine.data.sync.timeout.retry = -1 (default)
2019-09-26 20:40:23,684 [pool-52-thread-1] INFO  server.RaftServerConfigKeys (ConfUtils.java:logGet(43)) - raft.server.log.statemachine.data.caching.enabled = true (custom)
2019-09-26 20:40:23,684 [pool-52-thread-1] INFO  segmented.SegmentedRaftLogWorker (SegmentedRaftLogWorker.java:lambda$new$0(132)) - a49488b0-9b0a-4cd9-b60f-a6a2ca33f14a@group-B3B9C385ACC1-SegmentedRaftLogWorker: flushIndex: setUnconditionally 0 -> -1
2019-09-26 20:40:23,685 [pool-52-thread-1] INFO  server.RaftServerConfigKeys (ConfUtils.java:logGet(43)) - raft.server.snapshot.auto.trigger.enabled = true (custom)
2019-09-26 20:40:23,685 [pool-52-thread-1] INFO  server.RaftServerConfigKeys (ConfUtils.java:logGet(43)) - raft.server.snapshot.auto.trigger.threshold = 10000 (custom)
2019-09-26 20:40:23,685 [pool-52-thread-1] INFO  server.RaftServerConfigKeys (ConfUtils.java:logGet(43)) - raft.server.snapshot.retention.num.files = 5 (custom)
2019-09-26 20:40:23,685 [pool-52-thread-1] INFO  server.RaftServerConfigKeys (ConfUtils.java:logGet(43)) - raft.server.retrycache.expirytime = 600000ms (custom)
2019-09-26 20:40:23,691 [pool-52-thread-1] INFO  impl.RaftServerImpl (RaftServerImpl.java:start(185)) - a49488b0-9b0a-4cd9-b60f-a6a2ca33f14a@group-B3B9C385ACC1: start as a follower, conf=-1: [a49488b0-9b0a-4cd9-b60f-a6a2ca33f14a:192.168.151.109:46864], old=null
2019-09-26 20:40:23,691 [pool-52-thread-1] INFO  impl.RaftServerImpl (RaftServerImpl.java:setRole(174)) - a49488b0-9b0a-4cd9-b60f-a6a2ca33f14a@group-B3B9C385ACC1: changes role from      null to FOLLOWER at term 0 for startAsFollower
2019-09-26 20:40:23,692 [pool-52-thread-1] INFO  impl.RoleInfo (RoleInfo.java:updateAndGet(143)) - a49488b0-9b0a-4cd9-b60f-a6a2ca33f14a: start FollowerState
2019-09-26 20:40:23,692 [pool-52-thread-1] INFO  util.JmxRegister (JmxRegister.java:tryRegister(44)) - Successfully registered JMX Bean with object name Ratis:service=RaftServer,group=group-B3B9C385ACC1,id=a49488b0-9b0a-4cd9-b60f-a6a2ca33f14a
2019-09-26 20:40:23,719 [RatisPipelineUtilsThread] INFO  pipeline.PipelineStateManager (PipelineStateManager.java:addPipeline(56)) - Created pipeline Pipeline[ Id: df0cb035-c953-461e-a01a-b3b9c385acc1, Nodes: a49488b0-9b0a-4cd9-b60f-a6a2ca33f14a{ip: 192.168.151.109, host: pr-hdds-2162-kpcbn-4093309294, networkLocation: /default-rack, certSerialId: null}, Type:RATIS, Factor:ONE, State:OPEN]
2019-09-26 20:40:23,736 [grpc-default-executor-0] INFO  impl.RaftServerProxy (RaftServerProxy.java:addNew(89)) - f0429ba4-43cb-400b-9639-b72cd1260ed1: addNew group-CF7B09E751C4:[f0429ba4-43cb-400b-9639-b72cd1260ed1:192.168.151.109:34664] returns group-CF7B09E751C4:java.util.concurrent.CompletableFuture@33bc382[Not completed]
2019-09-26 20:40:23,741 [pool-82-thread-1] INFO  impl.RaftServerImpl (RaftServerImpl.java:<init>(95)) - f0429ba4-43cb-400b-9639-b72cd1260ed1: new RaftServerImpl for group-CF7B09E751C4:[f0429ba4-43cb-400b-9639-b72cd1260ed1:192.168.151.109:34664] with ContainerStateMachine:uninitialized
2019-09-26 20:40:23,741 [pool-82-thread-1] INFO  server.RaftServerConfigKeys (ConfUtils.java:logGet(43)) - raft.server.rpc.timeout.min = 5s (custom)
2019-09-26 20:40:23,741 [pool-82-thread-1] INFO  server.RaftServerConfigKeys (ConfUtils.java:logGet(43)) - raft.server.rpc.timeout.max = 5200ms (custom)
2019-09-26 20:40:23,741 [pool-82-thread-1] INFO  server.RaftServerConfigKeys (ConfUtils.java:logGet(43)) - raft.server.rpcslowness.timeout = 120s (custom)
2019-09-26 20:40:23,742 [pool-82-thread-1] INFO  server.RaftServerConfigKeys (ConfUtils.java:logGet(43)) - raft.server.sleep.deviation.threshold = 300 (default)
2019-09-26 20:40:23,742 [pool-82-thread-1] INFO  server.RaftServerConfigKeys (ConfUtils.java:logGet(43)) - raft.server.log.appender.install.snapshot.enabled = false (custom)
2019-09-26 20:40:23,742 [pool-82-thread-1] INFO  impl.RaftServerImpl (ServerState.java:<init>(103)) - f0429ba4-43cb-400b-9639-b72cd1260ed1@group-CF7B09E751C4: ConfigurationManager, init=-1: [f0429ba4-43cb-400b-9639-b72cd1260ed1:192.168.151.109:34664], old=null, confs=<EMPTY_MAP>
2019-09-26 20:40:23,742 [pool-82-thread-1] INFO  server.RaftServerConfigKeys (ConfUtils.java:logGet(43)) - raft.server.storage.dir = [/workdir/hadoop-ozone/integration-test/target/test-dir/MiniOzoneClusterImpl-5456f64d-b184-4e59-8568-45c19435e1d5/datanode-5/data/ratis] (custom)
2019-09-26 20:40:23,742 [pool-82-thread-1] INFO  storage.RaftStorageDirectory (RaftStorageDirectory.java:analyzeStorage(246)) - The storage directory /workdir/hadoop-ozone/integration-test/target/test-dir/MiniOzoneClusterImpl-5456f64d-b184-4e59-8568-45c19435e1d5/datanode-5/data/ratis/e9614cc4-493e-4331-8880-cf7b09e751c4 does not exist. Creating ...
2019-09-26 20:40:23,755 [pool-82-thread-1] INFO  storage.RaftStorageDirectory (RaftStorageDirectory.java:tryLock(328)) - Lock on /workdir/hadoop-ozone/integration-test/target/test-dir/MiniOzoneClusterImpl-5456f64d-b184-4e59-8568-45c19435e1d5/datanode-5/data/ratis/e9614cc4-493e-4331-8880-cf7b09e751c4/in_use.lock acquired by nodename 9021@pr-hdds-2162-kpcbn-4093309294
2019-09-26 20:40:23,778 [pool-82-thread-1] INFO  storage.RaftStorage (RaftStorage.java:format(72)) - Storage directory /workdir/hadoop-ozone/integration-test/target/test-dir/MiniOzoneClusterImpl-5456f64d-b184-4e59-8568-45c19435e1d5/datanode-5/data/ratis/e9614cc4-493e-4331-8880-cf7b09e751c4 has been successfully formatted.
2019-09-26 20:40:23,778 [pool-82-thread-1] INFO  ratis.ContainerStateMachine (ContainerStateMachine.java:loadSnapshot(230)) - group-CF7B09E751C4: The snapshot info is null. Setting the last applied indexto:(t:0, i:~)
2019-09-26 20:40:23,779 [pool-82-thread-1] INFO  server.RaftServerConfigKeys (ConfUtils.java:logGet(43)) - raft.server.notification.no-leader.timeout = 120s (custom)
2019-09-26 20:40:23,779 [pool-82-thread-1] INFO  server.RaftServerConfigKeys (ConfUtils.java:logGet(43)) - raft.server.log.use.memory = false (default)
2019-09-26 20:40:23,779 [pool-82-thread-1] INFO  server.RaftServerConfigKeys (ConfUtils.java:logGet(43)) - raft.server.log.purge.gap = 1000000 (custom)
2019-09-26 20:40:23,779 [pool-82-thread-1] INFO  server.RaftServerConfigKeys (ConfUtils.java:logGet(43)) - raft.server.log.appender.buffer.byte-limit = 33554432 (custom)
2019-09-26 20:40:23,779 [pool-82-thread-1] INFO  server.RaftServerConfigKeys (ConfUtils.java:logGet(43)) - raft.server.log.segment.size.max = 1048576 (custom)
2019-09-26 20:40:23,779 [pool-82-thread-1] INFO  server.RaftServerConfigKeys (ConfUtils.java:logGet(43)) - raft.server.log.segment.cache.num.max = 2 (custom)
2019-09-26 20:40:23,780 [pool-82-thread-1] INFO  segmented.SegmentedRaftLogWorker (SegmentedRaftLogWorker.java:<init>(172)) - new f0429ba4-43cb-400b-9639-b72cd1260ed1@group-CF7B09E751C4-SegmentedRaftLogWorker for RaftStorage:Storage Directory /workdir/hadoop-ozone/integration-test/target/test-dir/MiniOzoneClusterImpl-5456f64d-b184-4e59-8568-45c19435e1d5/datanode-5/data/ratis/e9614cc4-493e-4331-8880-cf7b09e751c4
2019-09-26 20:40:23,784 [pool-82-thread-1] INFO  server.RaftServerConfigKeys (ConfUtils.java:logGet(43)) - raft.server.log.queue.byte-limit = 2147483647 (custom)
2019-09-26 20:40:23,784 [pool-82-thread-1] INFO  server.RaftServerConfigKeys (ConfUtils.java:logGet(43)) - raft.server.log.queue.element-limit = 1024 (custom)
2019-09-26 20:40:23,784 [pool-82-thread-1] INFO  server.RaftServerConfigKeys (ConfUtils.java:logGet(43)) - raft.server.log.segment.size.max = 1048576 (custom)
2019-09-26 20:40:23,784 [pool-82-thread-1] INFO  server.RaftServerConfigKeys (ConfUtils.java:logGet(43)) - raft.server.log.preallocated.size = 16384 (custom)
2019-09-26 20:40:23,785 [pool-82-thread-1] INFO  server.RaftServerConfigKeys (ConfUtils.java:logGet(43)) - raft.server.log.write.buffer.size = 33554432 (custom)
2019-09-26 20:40:23,785 [pool-82-thread-1] INFO  server.RaftServerConfigKeys (ConfUtils.java:logGet(43)) - raft.server.log.force.sync.num = 128 (default)
2019-09-26 20:40:23,785 [pool-82-thread-1] INFO  server.RaftServerConfigKeys (ConfUtils.java:logGet(43)) - raft.server.log.statemachine.data.sync = true (default)
2019-09-26 20:40:23,785 [pool-82-thread-1] INFO  server.RaftServerConfigKeys (ConfUtils.java:logGet(43)) - raft.server.log.statemachine.data.sync.timeout = 10s (default)
2019-09-26 20:40:23,785 [pool-82-thread-1] INFO  server.RaftServerConfigKeys (ConfUtils.java:logGet(43)) - raft.server.log.statemachine.data.sync.timeout.retry = -1 (default)
2019-09-26 20:40:23,786 [pool-82-thread-1] INFO  server.RaftServerConfigKeys (ConfUtils.java:logGet(43)) - raft.server.log.statemachine.data.caching.enabled = true (custom)
2019-09-26 20:40:23,786 [pool-82-thread-1] INFO  segmented.SegmentedRaftLogWorker (SegmentedRaftLogWorker.java:lambda$new$0(132)) - f0429ba4-43cb-400b-9639-b72cd1260ed1@group-CF7B09E751C4-SegmentedRaftLogWorker: flushIndex: setUnconditionally 0 -> -1
2019-09-26 20:40:23,787 [pool-82-thread-1] INFO  server.RaftServerConfigKeys (ConfUtils.java:logGet(43)) - raft.server.snapshot.auto.trigger.enabled = true (custom)
2019-09-26 20:40:23,787 [pool-82-thread-1] INFO  server.RaftServerConfigKeys (ConfUtils.java:logGet(43)) - raft.server.snapshot.auto.trigger.threshold = 10000 (custom)
2019-09-26 20:40:23,787 [pool-82-thread-1] INFO  server.RaftServerConfigKeys (ConfUtils.java:logGet(43)) - raft.server.snapshot.retention.num.files = 5 (custom)
2019-09-26 20:40:23,787 [pool-82-thread-1] INFO  server.RaftServerConfigKeys (ConfUtils.java:logGet(43)) - raft.server.retrycache.expirytime = 600000ms (custom)
2019-09-26 20:40:23,791 [pool-82-thread-1] INFO  impl.RaftServerImpl (RaftServerImpl.java:start(185)) - f0429ba4-43cb-400b-9639-b72cd1260ed1@group-CF7B09E751C4: start as a follower, conf=-1: [f0429ba4-43cb-400b-9639-b72cd1260ed1:192.168.151.109:34664], old=null
2019-09-26 20:40:23,791 [pool-82-thread-1] INFO  impl.RaftServerImpl (RaftServerImpl.java:setRole(174)) - f0429ba4-43cb-400b-9639-b72cd1260ed1@group-CF7B09E751C4: changes role from      null to FOLLOWER at term 0 for startAsFollower
2019-09-26 20:40:23,791 [pool-82-thread-1] INFO  impl.RoleInfo (RoleInfo.java:updateAndGet(143)) - f0429ba4-43cb-400b-9639-b72cd1260ed1: start FollowerState
2019-09-26 20:40:23,792 [pool-82-thread-1] INFO  util.JmxRegister (JmxRegister.java:tryRegister(44)) - Successfully registered JMX Bean with object name Ratis:service=RaftServer,group=group-CF7B09E751C4,id=f0429ba4-43cb-400b-9639-b72cd1260ed1
2019-09-26 20:40:23,807 [RatisPipelineUtilsThread] INFO  pipeline.PipelineStateManager (PipelineStateManager.java:addPipeline(56)) - Created pipeline Pipeline[ Id: e9614cc4-493e-4331-8880-cf7b09e751c4, Nodes: f0429ba4-43cb-400b-9639-b72cd1260ed1{ip: 192.168.151.109, host: pr-hdds-2162-kpcbn-4093309294, networkLocation: /default-rack, certSerialId: null}, Type:RATIS, Factor:ONE, State:OPEN]
2019-09-26 20:40:23,827 [grpc-default-executor-0] INFO  impl.RaftServerProxy (RaftServerProxy.java:addNew(89)) - db9f8549-f046-44a7-b879-d9a2b4ebcc23: addNew group-87D778BEEA12:[db9f8549-f046-44a7-b879-d9a2b4ebcc23:192.168.151.109:33183] returns group-87D778BEEA12:java.util.concurrent.CompletableFuture@30aaef0a[Not completed]
2019-09-26 20:40:23,836 [pool-112-thread-1] INFO  impl.RaftServerImpl (RaftServerImpl.java:<init>(95)) - db9f8549-f046-44a7-b879-d9a2b4ebcc23: new RaftServerImpl for group-87D778BEEA12:[db9f8549-f046-44a7-b879-d9a2b4ebcc23:192.168.151.109:33183] with ContainerStateMachine:uninitialized
2019-09-26 20:40:23,837 [pool-112-thread-1] INFO  server.RaftServerConfigKeys (ConfUtils.java:logGet(43)) - raft.server.rpc.timeout.min = 5s (custom)
2019-09-26 20:40:23,837 [pool-112-thread-1] INFO  server.RaftServerConfigKeys (ConfUtils.java:logGet(43)) - raft.server.rpc.timeout.max = 5200ms (custom)
2019-09-26 20:40:23,837 [pool-112-thread-1] INFO  server.RaftServerConfigKeys (ConfUtils.java:logGet(43)) - raft.server.rpcslowness.timeout = 120s (custom)
2019-09-26 20:40:23,837 [pool-112-thread-1] INFO  server.RaftServerConfigKeys (ConfUtils.java:logGet(43)) - raft.server.sleep.deviation.threshold = 300 (default)
2019-09-26 20:40:23,837 [pool-112-thread-1] INFO  server.RaftServerConfigKeys (ConfUtils.java:logGet(43)) - raft.server.log.appender.install.snapshot.enabled = false (custom)
2019-09-26 20:40:23,838 [pool-112-thread-1] INFO  impl.RaftServerImpl (ServerState.java:<init>(103)) - db9f8549-f046-44a7-b879-d9a2b4ebcc23@group-87D778BEEA12: ConfigurationManager, init=-1: [db9f8549-f046-44a7-b879-d9a2b4ebcc23:192.168.151.109:33183], old=null, confs=<EMPTY_MAP>
2019-09-26 20:40:23,838 [pool-112-thread-1] INFO  server.RaftServerConfigKeys (ConfUtils.java:logGet(43)) - raft.server.storage.dir = [/workdir/hadoop-ozone/integration-test/target/test-dir/MiniOzoneClusterImpl-5456f64d-b184-4e59-8568-45c19435e1d5/datanode-8/data/ratis] (custom)
2019-09-26 20:40:23,838 [pool-112-thread-1] INFO  storage.RaftStorageDirectory (RaftStorageDirectory.java:analyzeStorage(246)) - The storage directory /workdir/hadoop-ozone/integration-test/target/test-dir/MiniOzoneClusterImpl-5456f64d-b184-4e59-8568-45c19435e1d5/datanode-8/data/ratis/902051d6-1e08-466d-a327-87d778beea12 does not exist. Creating ...
2019-09-26 20:40:23,852 [pool-112-thread-1] INFO  storage.RaftStorageDirectory (RaftStorageDirectory.java:tryLock(328)) - Lock on /workdir/hadoop-ozone/integration-test/target/test-dir/MiniOzoneClusterImpl-5456f64d-b184-4e59-8568-45c19435e1d5/datanode-8/data/ratis/902051d6-1e08-466d-a327-87d778beea12/in_use.lock acquired by nodename 9021@pr-hdds-2162-kpcbn-4093309294
2019-09-26 20:40:23,865 [pool-112-thread-1] INFO  storage.RaftStorage (RaftStorage.java:format(72)) - Storage directory /workdir/hadoop-ozone/integration-test/target/test-dir/MiniOzoneClusterImpl-5456f64d-b184-4e59-8568-45c19435e1d5/datanode-8/data/ratis/902051d6-1e08-466d-a327-87d778beea12 has been successfully formatted.
2019-09-26 20:40:23,865 [pool-112-thread-1] INFO  ratis.ContainerStateMachine (ContainerStateMachine.java:loadSnapshot(230)) - group-87D778BEEA12: The snapshot info is null. Setting the last applied indexto:(t:0, i:~)
2019-09-26 20:40:23,866 [pool-112-thread-1] INFO  server.RaftServerConfigKeys (ConfUtils.java:logGet(43)) - raft.server.notification.no-leader.timeout = 120s (custom)
2019-09-26 20:40:23,866 [pool-112-thread-1] INFO  server.RaftServerConfigKeys (ConfUtils.java:logGet(43)) - raft.server.log.use.memory = false (default)
2019-09-26 20:40:23,866 [pool-112-thread-1] INFO  server.RaftServerConfigKeys (ConfUtils.java:logGet(43)) - raft.server.log.purge.gap = 1000000 (custom)
2019-09-26 20:40:23,866 [pool-112-thread-1] INFO  server.RaftServerConfigKeys (ConfUtils.java:logGet(43)) - raft.server.log.appender.buffer.byte-limit = 33554432 (custom)
2019-09-26 20:40:23,866 [pool-112-thread-1] INFO  server.RaftServerConfigKeys (ConfUtils.java:logGet(43)) - raft.server.log.segment.size.max = 1048576 (custom)
2019-09-26 20:40:23,866 [pool-112-thread-1] INFO  server.RaftServerConfigKeys (ConfUtils.java:logGet(43)) - raft.server.log.segment.cache.num.max = 2 (custom)
2019-09-26 20:40:23,867 [pool-112-thread-1] INFO  segmented.SegmentedRaftLogWorker (SegmentedRaftLogWorker.java:<init>(172)) - new db9f8549-f046-44a7-b879-d9a2b4ebcc23@group-87D778BEEA12-SegmentedRaftLogWorker for RaftStorage:Storage Directory /workdir/hadoop-ozone/integration-test/target/test-dir/MiniOzoneClusterImpl-5456f64d-b184-4e59-8568-45c19435e1d5/datanode-8/data/ratis/902051d6-1e08-466d-a327-87d778beea12
2019-09-26 20:40:23,870 [pool-112-thread-1] INFO  server.RaftServerConfigKeys (ConfUtils.java:logGet(43)) - raft.server.log.queue.byte-limit = 2147483647 (custom)
2019-09-26 20:40:23,870 [pool-112-thread-1] INFO  server.RaftServerConfigKeys (ConfUtils.java:logGet(43)) - raft.server.log.queue.element-limit = 1024 (custom)
2019-09-26 20:40:23,871 [pool-112-thread-1] INFO  server.RaftServerConfigKeys (ConfUtils.java:logGet(43)) - raft.server.log.segment.size.max = 1048576 (custom)
2019-09-26 20:40:23,871 [pool-112-thread-1] INFO  server.RaftServerConfigKeys (ConfUtils.java:logGet(43)) - raft.server.log.preallocated.size = 16384 (custom)
2019-09-26 20:40:23,871 [pool-112-thread-1] INFO  server.RaftServerConfigKeys (ConfUtils.java:logGet(43)) - raft.server.log.write.buffer.size = 33554432 (custom)
2019-09-26 20:40:23,871 [pool-112-thread-1] INFO  server.RaftServerConfigKeys (ConfUtils.java:logGet(43)) - raft.server.log.force.sync.num = 128 (default)
2019-09-26 20:40:23,871 [pool-112-thread-1] INFO  server.RaftServerConfigKeys (ConfUtils.java:logGet(43)) - raft.server.log.statemachine.data.sync = true (default)
2019-09-26 20:40:23,872 [pool-112-thread-1] INFO  server.RaftServerConfigKeys (ConfUtils.java:logGet(43)) - raft.server.log.statemachine.data.sync.timeout = 10s (default)
2019-09-26 20:40:23,872 [pool-112-thread-1] INFO  server.RaftServerConfigKeys (ConfUtils.java:logGet(43)) - raft.server.log.statemachine.data.sync.timeout.retry = -1 (default)
2019-09-26 20:40:23,872 [pool-112-thread-1] INFO  server.RaftServerConfigKeys (ConfUtils.java:logGet(43)) - raft.server.log.statemachine.data.caching.enabled = true (custom)
2019-09-26 20:40:23,873 [pool-112-thread-1] INFO  segmented.SegmentedRaftLogWorker (SegmentedRaftLogWorker.java:lambda$new$0(132)) - db9f8549-f046-44a7-b879-d9a2b4ebcc23@group-87D778BEEA12-SegmentedRaftLogWorker: flushIndex: setUnconditionally 0 -> -1
2019-09-26 20:40:23,873 [pool-112-thread-1] INFO  server.RaftServerConfigKeys (ConfUtils.java:logGet(43)) - raft.server.snapshot.auto.trigger.enabled = true (custom)
2019-09-26 20:40:23,873 [pool-112-thread-1] INFO  server.RaftServerConfigKeys (ConfUtils.java:logGet(43)) - raft.server.snapshot.auto.trigger.threshold = 10000 (custom)
2019-09-26 20:40:23,874 [pool-112-thread-1] INFO  server.RaftServerConfigKeys (ConfUtils.java:logGet(43)) - raft.server.snapshot.retention.num.files = 5 (custom)
2019-09-26 20:40:23,874 [pool-112-thread-1] INFO  server.RaftServerConfigKeys (ConfUtils.java:logGet(43)) - raft.server.retrycache.expirytime = 600000ms (custom)
2019-09-26 20:40:23,877 [pool-112-thread-1] INFO  impl.RaftServerImpl (RaftServerImpl.java:start(185)) - db9f8549-f046-44a7-b879-d9a2b4ebcc23@group-87D778BEEA12: start as a follower, conf=-1: [db9f8549-f046-44a7-b879-d9a2b4ebcc23:192.168.151.109:33183], old=null
2019-09-26 20:40:23,878 [pool-112-thread-1] INFO  impl.RaftServerImpl (RaftServerImpl.java:setRole(174)) - db9f8549-f046-44a7-b879-d9a2b4ebcc23@group-87D778BEEA12: changes role from      null to FOLLOWER at term 0 for startAsFollower
2019-09-26 20:40:23,878 [pool-112-thread-1] INFO  impl.RoleInfo (RoleInfo.java:updateAndGet(143)) - db9f8549-f046-44a7-b879-d9a2b4ebcc23: start FollowerState
2019-09-26 20:40:23,878 [pool-112-thread-1] INFO  util.JmxRegister (JmxRegister.java:tryRegister(44)) - Successfully registered JMX Bean with object name Ratis:service=RaftServer,group=group-87D778BEEA12,id=db9f8549-f046-44a7-b879-d9a2b4ebcc23
2019-09-26 20:40:23,894 [RatisPipelineUtilsThread] INFO  pipeline.PipelineStateManager (PipelineStateManager.java:addPipeline(56)) - Created pipeline Pipeline[ Id: 902051d6-1e08-466d-a327-87d778beea12, Nodes: db9f8549-f046-44a7-b879-d9a2b4ebcc23{ip: 192.168.151.109, host: pr-hdds-2162-kpcbn-4093309294, networkLocation: /default-rack, certSerialId: null}, Type:RATIS, Factor:ONE, State:OPEN]
2019-09-26 20:40:23,919 [grpc-default-executor-0] INFO  impl.RaftServerProxy (RaftServerProxy.java:addNew(89)) - 7e90aeec-bac9-41fb-9856-2cf722469481: addNew group-01A130C0CB66:[7e90aeec-bac9-41fb-9856-2cf722469481:192.168.151.109:39965] returns group-01A130C0CB66:java.util.concurrent.CompletableFuture@b16bea1[Not completed]
2019-09-26 20:40:23,928 [pool-62-thread-1] INFO  impl.RaftServerImpl (RaftServerImpl.java:<init>(95)) - 7e90aeec-bac9-41fb-9856-2cf722469481: new RaftServerImpl for group-01A130C0CB66:[7e90aeec-bac9-41fb-9856-2cf722469481:192.168.151.109:39965] with ContainerStateMachine:uninitialized
2019-09-26 20:40:23,928 [pool-62-thread-1] INFO  server.RaftServerConfigKeys (ConfUtils.java:logGet(43)) - raft.server.rpc.timeout.min = 5s (custom)
2019-09-26 20:40:23,928 [pool-62-thread-1] INFO  server.RaftServerConfigKeys (ConfUtils.java:logGet(43)) - raft.server.rpc.timeout.max = 5200ms (custom)
2019-09-26 20:40:23,928 [pool-62-thread-1] INFO  server.RaftServerConfigKeys (ConfUtils.java:logGet(43)) - raft.server.rpcslowness.timeout = 120s (custom)
2019-09-26 20:40:23,928 [pool-62-thread-1] INFO  server.RaftServerConfigKeys (ConfUtils.java:logGet(43)) - raft.server.sleep.deviation.threshold = 300 (default)
2019-09-26 20:40:23,928 [pool-62-thread-1] INFO  server.RaftServerConfigKeys (ConfUtils.java:logGet(43)) - raft.server.log.appender.install.snapshot.enabled = false (custom)
2019-09-26 20:40:23,928 [pool-62-thread-1] INFO  impl.RaftServerImpl (ServerState.java:<init>(103)) - 7e90aeec-bac9-41fb-9856-2cf722469481@group-01A130C0CB66: ConfigurationManager, init=-1: [7e90aeec-bac9-41fb-9856-2cf722469481:192.168.151.109:39965], old=null, confs=<EMPTY_MAP>
2019-09-26 20:40:23,929 [pool-62-thread-1] INFO  server.RaftServerConfigKeys (ConfUtils.java:logGet(43)) - raft.server.storage.dir = [/workdir/hadoop-ozone/integration-test/target/test-dir/MiniOzoneClusterImpl-5456f64d-b184-4e59-8568-45c19435e1d5/datanode-3/data/ratis] (custom)
2019-09-26 20:40:23,929 [pool-62-thread-1] INFO  storage.RaftStorageDirectory (RaftStorageDirectory.java:analyzeStorage(246)) - The storage directory /workdir/hadoop-ozone/integration-test/target/test-dir/MiniOzoneClusterImpl-5456f64d-b184-4e59-8568-45c19435e1d5/datanode-3/data/ratis/e311713b-bf40-492d-93da-01a130c0cb66 does not exist. Creating ...
2019-09-26 20:40:23,943 [pool-62-thread-1] INFO  storage.RaftStorageDirectory (RaftStorageDirectory.java:tryLock(328)) - Lock on /workdir/hadoop-ozone/integration-test/target/test-dir/MiniOzoneClusterImpl-5456f64d-b184-4e59-8568-45c19435e1d5/datanode-3/data/ratis/e311713b-bf40-492d-93da-01a130c0cb66/in_use.lock acquired by nodename 9021@pr-hdds-2162-kpcbn-4093309294
2019-09-26 20:40:23,957 [pool-62-thread-1] INFO  storage.RaftStorage (RaftStorage.java:format(72)) - Storage directory /workdir/hadoop-ozone/integration-test/target/test-dir/MiniOzoneClusterImpl-5456f64d-b184-4e59-8568-45c19435e1d5/datanode-3/data/ratis/e311713b-bf40-492d-93da-01a130c0cb66 has been successfully formatted.
2019-09-26 20:40:23,957 [pool-62-thread-1] INFO  ratis.ContainerStateMachine (ContainerStateMachine.java:loadSnapshot(230)) - group-01A130C0CB66: The snapshot info is null. Setting the last applied indexto:(t:0, i:~)
2019-09-26 20:40:23,957 [pool-62-thread-1] INFO  server.RaftServerConfigKeys (ConfUtils.java:logGet(43)) - raft.server.notification.no-leader.timeout = 120s (custom)
2019-09-26 20:40:23,957 [pool-62-thread-1] INFO  server.RaftServerConfigKeys (ConfUtils.java:logGet(43)) - raft.server.log.use.memory = false (default)
2019-09-26 20:40:23,958 [pool-62-thread-1] INFO  server.RaftServerConfigKeys (ConfUtils.java:logGet(43)) - raft.server.log.purge.gap = 1000000 (custom)
2019-09-26 20:40:23,958 [pool-62-thread-1] INFO  server.RaftServerConfigKeys (ConfUtils.java:logGet(43)) - raft.server.log.appender.buffer.byte-limit = 33554432 (custom)
2019-09-26 20:40:23,958 [pool-62-thread-1] INFO  server.RaftServerConfigKeys (ConfUtils.java:logGet(43)) - raft.server.log.segment.size.max = 1048576 (custom)
2019-09-26 20:40:23,958 [pool-62-thread-1] INFO  server.RaftServerConfigKeys (ConfUtils.java:logGet(43)) - raft.server.log.segment.cache.num.max = 2 (custom)
2019-09-26 20:40:23,958 [pool-62-thread-1] INFO  segmented.SegmentedRaftLogWorker (SegmentedRaftLogWorker.java:<init>(172)) - new 7e90aeec-bac9-41fb-9856-2cf722469481@group-01A130C0CB66-SegmentedRaftLogWorker for RaftStorage:Storage Directory /workdir/hadoop-ozone/integration-test/target/test-dir/MiniOzoneClusterImpl-5456f64d-b184-4e59-8568-45c19435e1d5/datanode-3/data/ratis/e311713b-bf40-492d-93da-01a130c0cb66
2019-09-26 20:40:23,960 [pool-62-thread-1] INFO  server.RaftServerConfigKeys (ConfUtils.java:logGet(43)) - raft.server.log.queue.byte-limit = 2147483647 (custom)
2019-09-26 20:40:23,961 [pool-62-thread-1] INFO  server.RaftServerConfigKeys (ConfUtils.java:logGet(43)) - raft.server.log.queue.element-limit = 1024 (custom)
2019-09-26 20:40:23,961 [pool-62-thread-1] INFO  server.RaftServerConfigKeys (ConfUtils.java:logGet(43)) - raft.server.log.segment.size.max = 1048576 (custom)
2019-09-26 20:40:23,961 [pool-62-thread-1] INFO  server.RaftServerConfigKeys (ConfUtils.java:logGet(43)) - raft.server.log.preallocated.size = 16384 (custom)
2019-09-26 20:40:23,961 [pool-62-thread-1] INFO  server.RaftServerConfigKeys (ConfUtils.java:logGet(43)) - raft.server.log.write.buffer.size = 33554432 (custom)
2019-09-26 20:40:23,961 [pool-62-thread-1] INFO  server.RaftServerConfigKeys (ConfUtils.java:logGet(43)) - raft.server.log.force.sync.num = 128 (default)
2019-09-26 20:40:23,961 [pool-62-thread-1] INFO  server.RaftServerConfigKeys (ConfUtils.java:logGet(43)) - raft.server.log.statemachine.data.sync = true (default)
2019-09-26 20:40:23,961 [pool-62-thread-1] INFO  server.RaftServerConfigKeys (ConfUtils.java:logGet(43)) - raft.server.log.statemachine.data.sync.timeout = 10s (default)
2019-09-26 20:40:23,961 [pool-62-thread-1] INFO  server.RaftServerConfigKeys (ConfUtils.java:logGet(43)) - raft.server.log.statemachine.data.sync.timeout.retry = -1 (default)
2019-09-26 20:40:23,962 [pool-62-thread-1] INFO  server.RaftServerConfigKeys (ConfUtils.java:logGet(43)) - raft.server.log.statemachine.data.caching.enabled = true (custom)
2019-09-26 20:40:23,962 [pool-62-thread-1] INFO  segmented.SegmentedRaftLogWorker (SegmentedRaftLogWorker.java:lambda$new$0(132)) - 7e90aeec-bac9-41fb-9856-2cf722469481@group-01A130C0CB66-SegmentedRaftLogWorker: flushIndex: setUnconditionally 0 -> -1
2019-09-26 20:40:23,962 [pool-62-thread-1] INFO  server.RaftServerConfigKeys (ConfUtils.java:logGet(43)) - raft.server.snapshot.auto.trigger.enabled = true (custom)
2019-09-26 20:40:23,962 [pool-62-thread-1] INFO  server.RaftServerConfigKeys (ConfUtils.java:logGet(43)) - raft.server.snapshot.auto.trigger.threshold = 10000 (custom)
2019-09-26 20:40:23,962 [pool-62-thread-1] INFO  server.RaftServerConfigKeys (ConfUtils.java:logGet(43)) - raft.server.snapshot.retention.num.files = 5 (custom)
2019-09-26 20:40:23,963 [pool-62-thread-1] INFO  server.RaftServerConfigKeys (ConfUtils.java:logGet(43)) - raft.server.retrycache.expirytime = 600000ms (custom)
2019-09-26 20:40:23,965 [pool-62-thread-1] INFO  impl.RaftServerImpl (RaftServerImpl.java:start(185)) - 7e90aeec-bac9-41fb-9856-2cf722469481@group-01A130C0CB66: start as a follower, conf=-1: [7e90aeec-bac9-41fb-9856-2cf722469481:192.168.151.109:39965], old=null
2019-09-26 20:40:23,965 [pool-62-thread-1] INFO  impl.RaftServerImpl (RaftServerImpl.java:setRole(174)) - 7e90aeec-bac9-41fb-9856-2cf722469481@group-01A130C0CB66: changes role from      null to FOLLOWER at term 0 for startAsFollower
2019-09-26 20:40:23,965 [pool-62-thread-1] INFO  impl.RoleInfo (RoleInfo.java:updateAndGet(143)) - 7e90aeec-bac9-41fb-9856-2cf722469481: start FollowerState
2019-09-26 20:40:23,965 [pool-62-thread-1] INFO  util.JmxRegister (JmxRegister.java:tryRegister(44)) - Successfully registered JMX Bean with object name Ratis:service=RaftServer,group=group-01A130C0CB66,id=7e90aeec-bac9-41fb-9856-2cf722469481
2019-09-26 20:40:23,991 [RatisPipelineUtilsThread] INFO  pipeline.PipelineStateManager (PipelineStateManager.java:addPipeline(56)) - Created pipeline Pipeline[ Id: e311713b-bf40-492d-93da-01a130c0cb66, Nodes: 7e90aeec-bac9-41fb-9856-2cf722469481{ip: 192.168.151.109, host: pr-hdds-2162-kpcbn-4093309294, networkLocation: /default-rack, certSerialId: null}, Type:RATIS, Factor:ONE, State:OPEN]
2019-09-26 20:40:23,995 [main] INFO  ozone.MiniOzoneClusterImpl (MiniOzoneClusterImpl.java:lambda$waitForClusterToBeReady$0(147)) - Cluster is ready. Got 10 of 10 DN Heartbeats.
2019-09-26 20:40:24,017 [grpc-default-executor-0] INFO  impl.RaftServerProxy (RaftServerProxy.java:addNew(89)) - fef668a8-0979-4ff0-832c-cf3fbad71c9a: addNew group-DD2BABB85589:[fef668a8-0979-4ff0-832c-cf3fbad71c9a:192.168.151.109:43291] returns group-DD2BABB85589:java.util.concurrent.CompletableFuture@4496e848[Not completed]
2019-09-26 20:40:24,023 [pool-42-thread-1] INFO  impl.RaftServerImpl (RaftServerImpl.java:<init>(95)) - fef668a8-0979-4ff0-832c-cf3fbad71c9a: new RaftServerImpl for group-DD2BABB85589:[fef668a8-0979-4ff0-832c-cf3fbad71c9a:192.168.151.109:43291] with ContainerStateMachine:uninitialized
2019-09-26 20:40:24,023 [pool-42-thread-1] INFO  server.RaftServerConfigKeys (ConfUtils.java:logGet(43)) - raft.server.rpc.timeout.min = 5s (custom)
2019-09-26 20:40:24,023 [pool-42-thread-1] INFO  server.RaftServerConfigKeys (ConfUtils.java:logGet(43)) - raft.server.rpc.timeout.max = 5200ms (custom)
2019-09-26 20:40:24,024 [pool-42-thread-1] INFO  server.RaftServerConfigKeys (ConfUtils.java:logGet(43)) - raft.server.rpcslowness.timeout = 120s (custom)
2019-09-26 20:40:24,024 [pool-42-thread-1] INFO  server.RaftServerConfigKeys (ConfUtils.java:logGet(43)) - raft.server.sleep.deviation.threshold = 300 (default)
2019-09-26 20:40:24,024 [pool-42-thread-1] INFO  server.RaftServerConfigKeys (ConfUtils.java:logGet(43)) - raft.server.log.appender.install.snapshot.enabled = false (custom)
2019-09-26 20:40:24,024 [pool-42-thread-1] INFO  impl.RaftServerImpl (ServerState.java:<init>(103)) - fef668a8-0979-4ff0-832c-cf3fbad71c9a@group-DD2BABB85589: ConfigurationManager, init=-1: [fef668a8-0979-4ff0-832c-cf3fbad71c9a:192.168.151.109:43291], old=null, confs=<EMPTY_MAP>
2019-09-26 20:40:24,026 [pool-42-thread-1] INFO  server.RaftServerConfigKeys (ConfUtils.java:logGet(43)) - raft.server.storage.dir = [/workdir/hadoop-ozone/integration-test/target/test-dir/MiniOzoneClusterImpl-5456f64d-b184-4e59-8568-45c19435e1d5/datanode-1/data/ratis] (custom)
2019-09-26 20:40:24,027 [pool-42-thread-1] INFO  storage.RaftStorageDirectory (RaftStorageDirectory.java:analyzeStorage(246)) - The storage directory /workdir/hadoop-ozone/integration-test/target/test-dir/MiniOzoneClusterImpl-5456f64d-b184-4e59-8568-45c19435e1d5/datanode-1/data/ratis/1bc3dfe5-d5ab-4790-884d-dd2babb85589 does not exist. Creating ...
2019-09-26 20:40:24,060 [pool-42-thread-1] INFO  storage.RaftStorageDirectory (RaftStorageDirectory.java:tryLock(328)) - Lock on /workdir/hadoop-ozone/integration-test/target/test-dir/MiniOzoneClusterImpl-5456f64d-b184-4e59-8568-45c19435e1d5/datanode-1/data/ratis/1bc3dfe5-d5ab-4790-884d-dd2babb85589/in_use.lock acquired by nodename 9021@pr-hdds-2162-kpcbn-4093309294
2019-09-26 20:40:24,093 [pool-42-thread-1] INFO  storage.RaftStorage (RaftStorage.java:format(72)) - Storage directory /workdir/hadoop-ozone/integration-test/target/test-dir/MiniOzoneClusterImpl-5456f64d-b184-4e59-8568-45c19435e1d5/datanode-1/data/ratis/1bc3dfe5-d5ab-4790-884d-dd2babb85589 has been successfully formatted.
2019-09-26 20:40:24,109 [pool-42-thread-1] INFO  ratis.ContainerStateMachine (ContainerStateMachine.java:loadSnapshot(230)) - group-DD2BABB85589: The snapshot info is null. Setting the last applied indexto:(t:0, i:~)
2019-09-26 20:40:24,135 [pool-42-thread-1] INFO  server.RaftServerConfigKeys (ConfUtils.java:logGet(43)) - raft.server.notification.no-leader.timeout = 120s (custom)
2019-09-26 20:40:24,136 [pool-42-thread-1] INFO  server.RaftServerConfigKeys (ConfUtils.java:logGet(43)) - raft.server.log.use.memory = false (default)
2019-09-26 20:40:24,147 [pool-42-thread-1] INFO  server.RaftServerConfigKeys (ConfUtils.java:logGet(43)) - raft.server.log.purge.gap = 1000000 (custom)
2019-09-26 20:40:24,148 [pool-42-thread-1] INFO  server.RaftServerConfigKeys (ConfUtils.java:logGet(43)) - raft.server.log.appender.buffer.byte-limit = 33554432 (custom)
2019-09-26 20:40:24,171 [pool-42-thread-1] INFO  server.RaftServerConfigKeys (ConfUtils.java:logGet(43)) - raft.server.log.segment.size.max = 1048576 (custom)
2019-09-26 20:40:24,171 [pool-42-thread-1] INFO  server.RaftServerConfigKeys (ConfUtils.java:logGet(43)) - raft.server.log.segment.cache.num.max = 2 (custom)
2019-09-26 20:40:24,171 [pool-42-thread-1] INFO  segmented.SegmentedRaftLogWorker (SegmentedRaftLogWorker.java:<init>(172)) - new fef668a8-0979-4ff0-832c-cf3fbad71c9a@group-DD2BABB85589-SegmentedRaftLogWorker for RaftStorage:Storage Directory /workdir/hadoop-ozone/integration-test/target/test-dir/MiniOzoneClusterImpl-5456f64d-b184-4e59-8568-45c19435e1d5/datanode-1/data/ratis/1bc3dfe5-d5ab-4790-884d-dd2babb85589
2019-09-26 20:40:24,496 [pool-42-thread-1] INFO  server.RaftServerConfigKeys (ConfUtils.java:logGet(43)) - raft.server.log.queue.byte-limit = 2147483647 (custom)
2019-09-26 20:40:24,496 [pool-42-thread-1] INFO  server.RaftServerConfigKeys (ConfUtils.java:logGet(43)) - raft.server.log.queue.element-limit = 1024 (custom)
2019-09-26 20:40:24,497 [pool-42-thread-1] INFO  server.RaftServerConfigKeys (ConfUtils.java:logGet(43)) - raft.server.log.segment.size.max = 1048576 (custom)
2019-09-26 20:40:24,497 [pool-42-thread-1] INFO  server.RaftServerConfigKeys (ConfUtils.java:logGet(43)) - raft.server.log.preallocated.size = 16384 (custom)
2019-09-26 20:40:24,497 [pool-42-thread-1] INFO  server.RaftServerConfigKeys (ConfUtils.java:logGet(43)) - raft.server.log.write.buffer.size = 33554432 (custom)
2019-09-26 20:40:24,497 [pool-42-thread-1] INFO  server.RaftServerConfigKeys (ConfUtils.java:logGet(43)) - raft.server.log.force.sync.num = 128 (default)
2019-09-26 20:40:24,498 [pool-42-thread-1] INFO  server.RaftServerConfigKeys (ConfUtils.java:logGet(43)) - raft.server.log.statemachine.data.sync = true (default)
2019-09-26 20:40:24,498 [pool-42-thread-1] INFO  server.RaftServerConfigKeys (ConfUtils.java:logGet(43)) - raft.server.log.statemachine.data.sync.timeout = 10s (default)
2019-09-26 20:40:24,498 [pool-42-thread-1] INFO  server.RaftServerConfigKeys (ConfUtils.java:logGet(43)) - raft.server.log.statemachine.data.sync.timeout.retry = -1 (default)
2019-09-26 20:40:24,499 [pool-42-thread-1] INFO  server.RaftServerConfigKeys (ConfUtils.java:logGet(43)) - raft.server.log.statemachine.data.caching.enabled = true (custom)
2019-09-26 20:40:24,499 [pool-42-thread-1] INFO  segmented.SegmentedRaftLogWorker (SegmentedRaftLogWorker.java:lambda$new$0(132)) - fef668a8-0979-4ff0-832c-cf3fbad71c9a@group-DD2BABB85589-SegmentedRaftLogWorker: flushIndex: setUnconditionally 0 -> -1
2019-09-26 20:40:24,500 [pool-42-thread-1] INFO  server.RaftServerConfigKeys (ConfUtils.java:logGet(43)) - raft.server.snapshot.auto.trigger.enabled = true (custom)
2019-09-26 20:40:24,500 [pool-42-thread-1] INFO  server.RaftServerConfigKeys (ConfUtils.java:logGet(43)) - raft.server.snapshot.auto.trigger.threshold = 10000 (custom)
2019-09-26 20:40:24,500 [pool-42-thread-1] INFO  server.RaftServerConfigKeys (ConfUtils.java:logGet(43)) - raft.server.snapshot.retention.num.files = 5 (custom)
2019-09-26 20:40:24,501 [pool-42-thread-1] INFO  server.RaftServerConfigKeys (ConfUtils.java:logGet(43)) - raft.server.retrycache.expirytime = 600000ms (custom)
2019-09-26 20:40:24,506 [pool-42-thread-1] INFO  impl.RaftServerImpl (RaftServerImpl.java:start(185)) - fef668a8-0979-4ff0-832c-cf3fbad71c9a@group-DD2BABB85589: start as a follower, conf=-1: [fef668a8-0979-4ff0-832c-cf3fbad71c9a:192.168.151.109:43291], old=null
2019-09-26 20:40:24,506 [pool-42-thread-1] INFO  impl.RaftServerImpl (RaftServerImpl.java:setRole(174)) - fef668a8-0979-4ff0-832c-cf3fbad71c9a@group-DD2BABB85589: changes role from      null to FOLLOWER at term 0 for startAsFollower
2019-09-26 20:40:24,506 [pool-42-thread-1] INFO  impl.RoleInfo (RoleInfo.java:updateAndGet(143)) - fef668a8-0979-4ff0-832c-cf3fbad71c9a: start FollowerState
2019-09-26 20:40:24,507 [pool-42-thread-1] INFO  util.JmxRegister (JmxRegister.java:tryRegister(44)) - Successfully registered JMX Bean with object name Ratis:service=RaftServer,group=group-DD2BABB85589,id=fef668a8-0979-4ff0-832c-cf3fbad71c9a
2019-09-26 20:40:24,526 [RatisPipelineUtilsThread] INFO  pipeline.PipelineStateManager (PipelineStateManager.java:addPipeline(56)) - Created pipeline Pipeline[ Id: 1bc3dfe5-d5ab-4790-884d-dd2babb85589, Nodes: fef668a8-0979-4ff0-832c-cf3fbad71c9a{ip: 192.168.151.109, host: pr-hdds-2162-kpcbn-4093309294, networkLocation: /default-rack, certSerialId: null}, Type:RATIS, Factor:ONE, State:OPEN]
2019-09-26 20:40:24,554 [grpc-default-executor-0] INFO  impl.RaftServerProxy (RaftServerProxy.java:addNew(89)) - da21f5f5-e8ec-4b24-90d9-bf0dee0f359b: addNew group-E18A73516733:[da21f5f5-e8ec-4b24-90d9-bf0dee0f359b:192.168.151.109:38243] returns group-E18A73516733:java.util.concurrent.CompletableFuture@291a4b40[Not completed]
2019-09-26 20:40:24,569 [pool-102-thread-1] INFO  impl.RaftServerImpl (RaftServerImpl.java:<init>(95)) - da21f5f5-e8ec-4b24-90d9-bf0dee0f359b: new RaftServerImpl for group-E18A73516733:[da21f5f5-e8ec-4b24-90d9-bf0dee0f359b:192.168.151.109:38243] with ContainerStateMachine:uninitialized
2019-09-26 20:40:24,569 [pool-102-thread-1] INFO  server.RaftServerConfigKeys (ConfUtils.java:logGet(43)) - raft.server.rpc.timeout.min = 5s (custom)
2019-09-26 20:40:24,570 [pool-102-thread-1] INFO  server.RaftServerConfigKeys (ConfUtils.java:logGet(43)) - raft.server.rpc.timeout.max = 5200ms (custom)
2019-09-26 20:40:24,570 [pool-102-thread-1] INFO  server.RaftServerConfigKeys (ConfUtils.java:logGet(43)) - raft.server.rpcslowness.timeout = 120s (custom)
2019-09-26 20:40:24,570 [pool-102-thread-1] INFO  server.RaftServerConfigKeys (ConfUtils.java:logGet(43)) - raft.server.sleep.deviation.threshold = 300 (default)
2019-09-26 20:40:24,570 [pool-102-thread-1] INFO  server.RaftServerConfigKeys (ConfUtils.java:logGet(43)) - raft.server.log.appender.install.snapshot.enabled = false (custom)
2019-09-26 20:40:24,570 [pool-102-thread-1] INFO  impl.RaftServerImpl (ServerState.java:<init>(103)) - da21f5f5-e8ec-4b24-90d9-bf0dee0f359b@group-E18A73516733: ConfigurationManager, init=-1: [da21f5f5-e8ec-4b24-90d9-bf0dee0f359b:192.168.151.109:38243], old=null, confs=<EMPTY_MAP>
2019-09-26 20:40:24,571 [pool-102-thread-1] INFO  server.RaftServerConfigKeys (ConfUtils.java:logGet(43)) - raft.server.storage.dir = [/workdir/hadoop-ozone/integration-test/target/test-dir/MiniOzoneClusterImpl-5456f64d-b184-4e59-8568-45c19435e1d5/datanode-7/data/ratis] (custom)
2019-09-26 20:40:24,571 [pool-102-thread-1] INFO  storage.RaftStorageDirectory (RaftStorageDirectory.java:analyzeStorage(246)) - The storage directory /workdir/hadoop-ozone/integration-test/target/test-dir/MiniOzoneClusterImpl-5456f64d-b184-4e59-8568-45c19435e1d5/datanode-7/data/ratis/1bd7f123-ff0f-4e03-8599-e18a73516733 does not exist. Creating ...
2019-09-26 20:40:24,585 [pool-102-thread-1] INFO  storage.RaftStorageDirectory (RaftStorageDirectory.java:tryLock(328)) - Lock on /workdir/hadoop-ozone/integration-test/target/test-dir/MiniOzoneClusterImpl-5456f64d-b184-4e59-8568-45c19435e1d5/datanode-7/data/ratis/1bd7f123-ff0f-4e03-8599-e18a73516733/in_use.lock acquired by nodename 9021@pr-hdds-2162-kpcbn-4093309294
2019-09-26 20:40:24,596 [pool-102-thread-1] INFO  storage.RaftStorage (RaftStorage.java:format(72)) - Storage directory /workdir/hadoop-ozone/integration-test/target/test-dir/MiniOzoneClusterImpl-5456f64d-b184-4e59-8568-45c19435e1d5/datanode-7/data/ratis/1bd7f123-ff0f-4e03-8599-e18a73516733 has been successfully formatted.
2019-09-26 20:40:24,597 [pool-102-thread-1] INFO  ratis.ContainerStateMachine (ContainerStateMachine.java:loadSnapshot(230)) - group-E18A73516733: The snapshot info is null. Setting the last applied indexto:(t:0, i:~)
2019-09-26 20:40:24,597 [pool-102-thread-1] INFO  server.RaftServerConfigKeys (ConfUtils.java:logGet(43)) - raft.server.notification.no-leader.timeout = 120s (custom)
2019-09-26 20:40:24,597 [pool-102-thread-1] INFO  server.RaftServerConfigKeys (ConfUtils.java:logGet(43)) - raft.server.log.use.memory = false (default)
2019-09-26 20:40:24,597 [pool-102-thread-1] INFO  server.RaftServerConfigKeys (ConfUtils.java:logGet(43)) - raft.server.log.purge.gap = 1000000 (custom)
2019-09-26 20:40:24,598 [pool-102-thread-1] INFO  server.RaftServerConfigKeys (ConfUtils.java:logGet(43)) - raft.server.log.appender.buffer.byte-limit = 33554432 (custom)
2019-09-26 20:40:24,598 [pool-102-thread-1] INFO  server.RaftServerConfigKeys (ConfUtils.java:logGet(43)) - raft.server.log.segment.size.max = 1048576 (custom)
2019-09-26 20:40:24,598 [pool-102-thread-1] INFO  server.RaftServerConfigKeys (ConfUtils.java:logGet(43)) - raft.server.log.segment.cache.num.max = 2 (custom)
2019-09-26 20:40:24,598 [pool-102-thread-1] INFO  segmented.SegmentedRaftLogWorker (SegmentedRaftLogWorker.java:<init>(172)) - new da21f5f5-e8ec-4b24-90d9-bf0dee0f359b@group-E18A73516733-SegmentedRaftLogWorker for RaftStorage:Storage Directory /workdir/hadoop-ozone/integration-test/target/test-dir/MiniOzoneClusterImpl-5456f64d-b184-4e59-8568-45c19435e1d5/datanode-7/data/ratis/1bd7f123-ff0f-4e03-8599-e18a73516733
2019-09-26 20:40:24,603 [pool-102-thread-1] INFO  server.RaftServerConfigKeys (ConfUtils.java:logGet(43)) - raft.server.log.queue.byte-limit = 2147483647 (custom)
2019-09-26 20:40:24,603 [pool-102-thread-1] INFO  server.RaftServerConfigKeys (ConfUtils.java:logGet(43)) - raft.server.log.queue.element-limit = 1024 (custom)
2019-09-26 20:40:24,603 [pool-102-thread-1] INFO  server.RaftServerConfigKeys (ConfUtils.java:logGet(43)) - raft.server.log.segment.size.max = 1048576 (custom)
2019-09-26 20:40:24,603 [pool-102-thread-1] INFO  server.RaftServerConfigKeys (ConfUtils.java:logGet(43)) - raft.server.log.preallocated.size = 16384 (custom)
2019-09-26 20:40:24,604 [pool-102-thread-1] INFO  server.RaftServerConfigKeys (ConfUtils.java:logGet(43)) - raft.server.log.write.buffer.size = 33554432 (custom)
2019-09-26 20:40:24,604 [pool-102-thread-1] INFO  server.RaftServerConfigKeys (ConfUtils.java:logGet(43)) - raft.server.log.force.sync.num = 128 (default)
2019-09-26 20:40:24,604 [pool-102-thread-1] INFO  server.RaftServerConfigKeys (ConfUtils.java:logGet(43)) - raft.server.log.statemachine.data.sync = true (default)
2019-09-26 20:40:24,604 [pool-102-thread-1] INFO  server.RaftServerConfigKeys (ConfUtils.java:logGet(43)) - raft.server.log.statemachine.data.sync.timeout = 10s (default)
2019-09-26 20:40:24,605 [pool-102-thread-1] INFO  server.RaftServerConfigKeys (ConfUtils.java:logGet(43)) - raft.server.log.statemachine.data.sync.timeout.retry = -1 (default)
2019-09-26 20:40:24,605 [pool-102-thread-1] INFO  server.RaftServerConfigKeys (ConfUtils.java:logGet(43)) - raft.server.log.statemachine.data.caching.enabled = true (custom)
2019-09-26 20:40:24,605 [pool-102-thread-1] INFO  segmented.SegmentedRaftLogWorker (SegmentedRaftLogWorker.java:lambda$new$0(132)) - da21f5f5-e8ec-4b24-90d9-bf0dee0f359b@group-E18A73516733-SegmentedRaftLogWorker: flushIndex: setUnconditionally 0 -> -1
2019-09-26 20:40:24,606 [pool-102-thread-1] INFO  server.RaftServerConfigKeys (ConfUtils.java:logGet(43)) - raft.server.snapshot.auto.trigger.enabled = true (custom)
2019-09-26 20:40:24,606 [pool-102-thread-1] INFO  server.RaftServerConfigKeys (ConfUtils.java:logGet(43)) - raft.server.snapshot.auto.trigger.threshold = 10000 (custom)
2019-09-26 20:40:24,606 [pool-102-thread-1] INFO  server.RaftServerConfigKeys (ConfUtils.java:logGet(43)) - raft.server.snapshot.retention.num.files = 5 (custom)
2019-09-26 20:40:24,606 [pool-102-thread-1] INFO  server.RaftServerConfigKeys (ConfUtils.java:logGet(43)) - raft.server.retrycache.expirytime = 600000ms (custom)
2019-09-26 20:40:24,610 [pool-102-thread-1] INFO  impl.RaftServerImpl (RaftServerImpl.java:start(185)) - da21f5f5-e8ec-4b24-90d9-bf0dee0f359b@group-E18A73516733: start as a follower, conf=-1: [da21f5f5-e8ec-4b24-90d9-bf0dee0f359b:192.168.151.109:38243], old=null
2019-09-26 20:40:24,610 [pool-102-thread-1] INFO  impl.RaftServerImpl (RaftServerImpl.java:setRole(174)) - da21f5f5-e8ec-4b24-90d9-bf0dee0f359b@group-E18A73516733: changes role from      null to FOLLOWER at term 0 for startAsFollower
2019-09-26 20:40:24,610 [pool-102-thread-1] INFO  impl.RoleInfo (RoleInfo.java:updateAndGet(143)) - da21f5f5-e8ec-4b24-90d9-bf0dee0f359b: start FollowerState
2019-09-26 20:40:24,611 [pool-102-thread-1] INFO  util.JmxRegister (JmxRegister.java:tryRegister(44)) - Successfully registered JMX Bean with object name Ratis:service=RaftServer,group=group-E18A73516733,id=da21f5f5-e8ec-4b24-90d9-bf0dee0f359b
2019-09-26 20:40:24,626 [RatisPipelineUtilsThread] INFO  pipeline.PipelineStateManager (PipelineStateManager.java:addPipeline(56)) - Created pipeline Pipeline[ Id: 1bd7f123-ff0f-4e03-8599-e18a73516733, Nodes: da21f5f5-e8ec-4b24-90d9-bf0dee0f359b{ip: 192.168.151.109, host: pr-hdds-2162-kpcbn-4093309294, networkLocation: /default-rack, certSerialId: null}, Type:RATIS, Factor:ONE, State:OPEN]
2019-09-26 20:40:24,656 [grpc-default-executor-0] INFO  impl.RaftServerProxy (RaftServerProxy.java:addNew(89)) - 09a81ee9-6885-4381-b9d0-5021c7bf0916: addNew group-DC8C20A21CC5:[09a81ee9-6885-4381-b9d0-5021c7bf0916:192.168.151.109:37603] returns group-DC8C20A21CC5:java.util.concurrent.CompletableFuture@3a752b13[Not completed]
2019-09-26 20:40:24,658 [pool-72-thread-1] INFO  impl.RaftServerImpl (RaftServerImpl.java:<init>(95)) - 09a81ee9-6885-4381-b9d0-5021c7bf0916: new RaftServerImpl for group-DC8C20A21CC5:[09a81ee9-6885-4381-b9d0-5021c7bf0916:192.168.151.109:37603] with ContainerStateMachine:uninitialized
2019-09-26 20:40:24,658 [pool-72-thread-1] INFO  server.RaftServerConfigKeys (ConfUtils.java:logGet(43)) - raft.server.rpc.timeout.min = 5s (custom)
2019-09-26 20:40:24,658 [pool-72-thread-1] INFO  server.RaftServerConfigKeys (ConfUtils.java:logGet(43)) - raft.server.rpc.timeout.max = 5200ms (custom)
2019-09-26 20:40:24,659 [pool-72-thread-1] INFO  server.RaftServerConfigKeys (ConfUtils.java:logGet(43)) - raft.server.rpcslowness.timeout = 120s (custom)
2019-09-26 20:40:24,659 [pool-72-thread-1] INFO  server.RaftServerConfigKeys (ConfUtils.java:logGet(43)) - raft.server.sleep.deviation.threshold = 300 (default)
2019-09-26 20:40:24,659 [pool-72-thread-1] INFO  server.RaftServerConfigKeys (ConfUtils.java:logGet(43)) - raft.server.log.appender.install.snapshot.enabled = false (custom)
2019-09-26 20:40:24,659 [pool-72-thread-1] INFO  impl.RaftServerImpl (ServerState.java:<init>(103)) - 09a81ee9-6885-4381-b9d0-5021c7bf0916@group-DC8C20A21CC5: ConfigurationManager, init=-1: [09a81ee9-6885-4381-b9d0-5021c7bf0916:192.168.151.109:37603], old=null, confs=<EMPTY_MAP>
2019-09-26 20:40:24,659 [pool-72-thread-1] INFO  server.RaftServerConfigKeys (ConfUtils.java:logGet(43)) - raft.server.storage.dir = [/workdir/hadoop-ozone/integration-test/target/test-dir/MiniOzoneClusterImpl-5456f64d-b184-4e59-8568-45c19435e1d5/datanode-4/data/ratis] (custom)
2019-09-26 20:40:24,660 [pool-72-thread-1] INFO  storage.RaftStorageDirectory (RaftStorageDirectory.java:analyzeStorage(246)) - The storage directory /workdir/hadoop-ozone/integration-test/target/test-dir/MiniOzoneClusterImpl-5456f64d-b184-4e59-8568-45c19435e1d5/datanode-4/data/ratis/66ed4dd1-ffa3-4ed4-8029-dc8c20a21cc5 does not exist. Creating ...
2019-09-26 20:40:24,674 [pool-72-thread-1] INFO  storage.RaftStorageDirectory (RaftStorageDirectory.java:tryLock(328)) - Lock on /workdir/hadoop-ozone/integration-test/target/test-dir/MiniOzoneClusterImpl-5456f64d-b184-4e59-8568-45c19435e1d5/datanode-4/data/ratis/66ed4dd1-ffa3-4ed4-8029-dc8c20a21cc5/in_use.lock acquired by nodename 9021@pr-hdds-2162-kpcbn-4093309294
2019-09-26 20:40:24,688 [pool-72-thread-1] INFO  storage.RaftStorage (RaftStorage.java:format(72)) - Storage directory /workdir/hadoop-ozone/integration-test/target/test-dir/MiniOzoneClusterImpl-5456f64d-b184-4e59-8568-45c19435e1d5/datanode-4/data/ratis/66ed4dd1-ffa3-4ed4-8029-dc8c20a21cc5 has been successfully formatted.
2019-09-26 20:40:24,688 [pool-72-thread-1] INFO  ratis.ContainerStateMachine (ContainerStateMachine.java:loadSnapshot(230)) - group-DC8C20A21CC5: The snapshot info is null. Setting the last applied indexto:(t:0, i:~)
2019-09-26 20:40:24,688 [pool-72-thread-1] INFO  server.RaftServerConfigKeys (ConfUtils.java:logGet(43)) - raft.server.notification.no-leader.timeout = 120s (custom)
2019-09-26 20:40:24,688 [pool-72-thread-1] INFO  server.RaftServerConfigKeys (ConfUtils.java:logGet(43)) - raft.server.log.use.memory = false (default)
2019-09-26 20:40:24,688 [pool-72-thread-1] INFO  server.RaftServerConfigKeys (ConfUtils.java:logGet(43)) - raft.server.log.purge.gap = 1000000 (custom)
2019-09-26 20:40:24,689 [pool-72-thread-1] INFO  server.RaftServerConfigKeys (ConfUtils.java:logGet(43)) - raft.server.log.appender.buffer.byte-limit = 33554432 (custom)
2019-09-26 20:40:24,689 [pool-72-thread-1] INFO  server.RaftServerConfigKeys (ConfUtils.java:logGet(43)) - raft.server.log.segment.size.max = 1048576 (custom)
2019-09-26 20:40:24,689 [pool-72-thread-1] INFO  server.RaftServerConfigKeys (ConfUtils.java:logGet(43)) - raft.server.log.segment.cache.num.max = 2 (custom)
2019-09-26 20:40:24,689 [pool-72-thread-1] INFO  segmented.SegmentedRaftLogWorker (SegmentedRaftLogWorker.java:<init>(172)) - new 09a81ee9-6885-4381-b9d0-5021c7bf0916@group-DC8C20A21CC5-SegmentedRaftLogWorker for RaftStorage:Storage Directory /workdir/hadoop-ozone/integration-test/target/test-dir/MiniOzoneClusterImpl-5456f64d-b184-4e59-8568-45c19435e1d5/datanode-4/data/ratis/66ed4dd1-ffa3-4ed4-8029-dc8c20a21cc5
2019-09-26 20:40:24,692 [pool-72-thread-1] INFO  server.RaftServerConfigKeys (ConfUtils.java:logGet(43)) - raft.server.log.queue.byte-limit = 2147483647 (custom)
2019-09-26 20:40:24,693 [pool-72-thread-1] INFO  server.RaftServerConfigKeys (ConfUtils.java:logGet(43)) - raft.server.log.queue.element-limit = 1024 (custom)
2019-09-26 20:40:24,693 [pool-72-thread-1] INFO  server.RaftServerConfigKeys (ConfUtils.java:logGet(43)) - raft.server.log.segment.size.max = 1048576 (custom)
2019-09-26 20:40:24,693 [pool-72-thread-1] INFO  server.RaftServerConfigKeys (ConfUtils.java:logGet(43)) - raft.server.log.preallocated.size = 16384 (custom)
2019-09-26 20:40:24,693 [pool-72-thread-1] INFO  server.RaftServerConfigKeys (ConfUtils.java:logGet(43)) - raft.server.log.write.buffer.size = 33554432 (custom)
2019-09-26 20:40:24,693 [pool-72-thread-1] INFO  server.RaftServerConfigKeys (ConfUtils.java:logGet(43)) - raft.server.log.force.sync.num = 128 (default)
2019-09-26 20:40:24,694 [pool-72-thread-1] INFO  server.RaftServerConfigKeys (ConfUtils.java:logGet(43)) - raft.server.log.statemachine.data.sync = true (default)
2019-09-26 20:40:24,694 [pool-72-thread-1] INFO  server.RaftServerConfigKeys (ConfUtils.java:logGet(43)) - raft.server.log.statemachine.data.sync.timeout = 10s (default)
2019-09-26 20:40:24,694 [pool-72-thread-1] INFO  server.RaftServerConfigKeys (ConfUtils.java:logGet(43)) - raft.server.log.statemachine.data.sync.timeout.retry = -1 (default)
2019-09-26 20:40:24,694 [pool-72-thread-1] INFO  server.RaftServerConfigKeys (ConfUtils.java:logGet(43)) - raft.server.log.statemachine.data.caching.enabled = true (custom)
2019-09-26 20:40:24,695 [pool-72-thread-1] INFO  segmented.SegmentedRaftLogWorker (SegmentedRaftLogWorker.java:lambda$new$0(132)) - 09a81ee9-6885-4381-b9d0-5021c7bf0916@group-DC8C20A21CC5-SegmentedRaftLogWorker: flushIndex: setUnconditionally 0 -> -1
2019-09-26 20:40:24,695 [pool-72-thread-1] INFO  server.RaftServerConfigKeys (ConfUtils.java:logGet(43)) - raft.server.snapshot.auto.trigger.enabled = true (custom)
2019-09-26 20:40:24,695 [pool-72-thread-1] INFO  server.RaftServerConfigKeys (ConfUtils.java:logGet(43)) - raft.server.snapshot.auto.trigger.threshold = 10000 (custom)
2019-09-26 20:40:24,695 [pool-72-thread-1] INFO  server.RaftServerConfigKeys (ConfUtils.java:logGet(43)) - raft.server.snapshot.retention.num.files = 5 (custom)
2019-09-26 20:40:24,696 [pool-72-thread-1] INFO  server.RaftServerConfigKeys (ConfUtils.java:logGet(43)) - raft.server.retrycache.expirytime = 600000ms (custom)
2019-09-26 20:40:24,698 [pool-72-thread-1] INFO  impl.RaftServerImpl (RaftServerImpl.java:start(185)) - 09a81ee9-6885-4381-b9d0-5021c7bf0916@group-DC8C20A21CC5: start as a follower, conf=-1: [09a81ee9-6885-4381-b9d0-5021c7bf0916:192.168.151.109:37603], old=null
2019-09-26 20:40:24,698 [pool-72-thread-1] INFO  impl.RaftServerImpl (RaftServerImpl.java:setRole(174)) - 09a81ee9-6885-4381-b9d0-5021c7bf0916@group-DC8C20A21CC5: changes role from      null to FOLLOWER at term 0 for startAsFollower
2019-09-26 20:40:24,699 [pool-72-thread-1] INFO  impl.RoleInfo (RoleInfo.java:updateAndGet(143)) - 09a81ee9-6885-4381-b9d0-5021c7bf0916: start FollowerState
2019-09-26 20:40:24,699 [pool-72-thread-1] INFO  util.JmxRegister (JmxRegister.java:tryRegister(44)) - Successfully registered JMX Bean with object name Ratis:service=RaftServer,group=group-DC8C20A21CC5,id=09a81ee9-6885-4381-b9d0-5021c7bf0916
2019-09-26 20:40:24,713 [RatisPipelineUtilsThread] INFO  pipeline.PipelineStateManager (PipelineStateManager.java:addPipeline(56)) - Created pipeline Pipeline[ Id: 66ed4dd1-ffa3-4ed4-8029-dc8c20a21cc5, Nodes: 09a81ee9-6885-4381-b9d0-5021c7bf0916{ip: 192.168.151.109, host: pr-hdds-2162-kpcbn-4093309294, networkLocation: /default-rack, certSerialId: null}, Type:RATIS, Factor:ONE, State:OPEN]
2019-09-26 20:40:24,752 [grpc-default-executor-2] INFO  impl.RaftServerProxy (RaftServerProxy.java:addNew(89)) - 9b15866d-6b15-4ac7-b53c-ef39fa8ef2d1: addNew group-3615D881500F:[9b15866d-6b15-4ac7-b53c-ef39fa8ef2d1:192.168.151.109:44954, fdc400fc-8611-4280-8e8a-1f06e9b47363:192.168.151.109:44130, a49488b0-9b0a-4cd9-b60f-a6a2ca33f14a:192.168.151.109:46864] returns group-3615D881500F:java.util.concurrent.CompletableFuture@34041f78[Not completed]
2019-09-26 20:40:24,756 [grpc-default-executor-2] INFO  impl.RaftServerProxy (RaftServerProxy.java:addNew(89)) - fdc400fc-8611-4280-8e8a-1f06e9b47363: addNew group-3615D881500F:[9b15866d-6b15-4ac7-b53c-ef39fa8ef2d1:192.168.151.109:44954, fdc400fc-8611-4280-8e8a-1f06e9b47363:192.168.151.109:44130, a49488b0-9b0a-4cd9-b60f-a6a2ca33f14a:192.168.151.109:46864] returns group-3615D881500F:java.util.concurrent.CompletableFuture@75391543[Not completed]
2019-09-26 20:40:24,759 [grpc-default-executor-1] INFO  impl.RaftServerProxy (RaftServerProxy.java:addNew(89)) - a49488b0-9b0a-4cd9-b60f-a6a2ca33f14a: addNew group-3615D881500F:[9b15866d-6b15-4ac7-b53c-ef39fa8ef2d1:192.168.151.109:44954, fdc400fc-8611-4280-8e8a-1f06e9b47363:192.168.151.109:44130, a49488b0-9b0a-4cd9-b60f-a6a2ca33f14a:192.168.151.109:46864] returns group-3615D881500F:java.util.concurrent.CompletableFuture@12d97236[Not completed]
2019-09-26 20:40:24,760 [pool-92-thread-1] INFO  impl.RaftServerImpl (RaftServerImpl.java:<init>(95)) - 9b15866d-6b15-4ac7-b53c-ef39fa8ef2d1: new RaftServerImpl for group-3615D881500F:[9b15866d-6b15-4ac7-b53c-ef39fa8ef2d1:192.168.151.109:44954, fdc400fc-8611-4280-8e8a-1f06e9b47363:192.168.151.109:44130, a49488b0-9b0a-4cd9-b60f-a6a2ca33f14a:192.168.151.109:46864] with ContainerStateMachine:uninitialized
2019-09-26 20:40:24,760 [pool-92-thread-1] INFO  server.RaftServerConfigKeys (ConfUtils.java:logGet(43)) - raft.server.rpc.timeout.min = 5s (custom)
2019-09-26 20:40:24,761 [pool-92-thread-1] INFO  server.RaftServerConfigKeys (ConfUtils.java:logGet(43)) - raft.server.rpc.timeout.max = 5200ms (custom)
2019-09-26 20:40:24,761 [pool-92-thread-1] INFO  server.RaftServerConfigKeys (ConfUtils.java:logGet(43)) - raft.server.rpcslowness.timeout = 120s (custom)
2019-09-26 20:40:24,761 [pool-92-thread-1] INFO  server.RaftServerConfigKeys (ConfUtils.java:logGet(43)) - raft.server.sleep.deviation.threshold = 300 (default)
2019-09-26 20:40:24,761 [pool-92-thread-1] INFO  server.RaftServerConfigKeys (ConfUtils.java:logGet(43)) - raft.server.log.appender.install.snapshot.enabled = false (custom)
2019-09-26 20:40:24,762 [pool-92-thread-1] INFO  impl.RaftServerImpl (ServerState.java:<init>(103)) - 9b15866d-6b15-4ac7-b53c-ef39fa8ef2d1@group-3615D881500F: ConfigurationManager, init=-1: [9b15866d-6b15-4ac7-b53c-ef39fa8ef2d1:192.168.151.109:44954, fdc400fc-8611-4280-8e8a-1f06e9b47363:192.168.151.109:44130, a49488b0-9b0a-4cd9-b60f-a6a2ca33f14a:192.168.151.109:46864], old=null, confs=<EMPTY_MAP>
2019-09-26 20:40:24,762 [pool-92-thread-1] INFO  server.RaftServerConfigKeys (ConfUtils.java:logGet(43)) - raft.server.storage.dir = [/workdir/hadoop-ozone/integration-test/target/test-dir/MiniOzoneClusterImpl-5456f64d-b184-4e59-8568-45c19435e1d5/datanode-6/data/ratis] (custom)
2019-09-26 20:40:24,762 [pool-122-thread-1] INFO  impl.RaftServerImpl (RaftServerImpl.java:<init>(95)) - fdc400fc-8611-4280-8e8a-1f06e9b47363: new RaftServerImpl for group-3615D881500F:[9b15866d-6b15-4ac7-b53c-ef39fa8ef2d1:192.168.151.109:44954, fdc400fc-8611-4280-8e8a-1f06e9b47363:192.168.151.109:44130, a49488b0-9b0a-4cd9-b60f-a6a2ca33f14a:192.168.151.109:46864] with ContainerStateMachine:uninitialized
2019-09-26 20:40:24,762 [pool-122-thread-1] INFO  server.RaftServerConfigKeys (ConfUtils.java:logGet(43)) - raft.server.rpc.timeout.min = 5s (custom)
2019-09-26 20:40:24,763 [pool-122-thread-1] INFO  server.RaftServerConfigKeys (ConfUtils.java:logGet(43)) - raft.server.rpc.timeout.max = 5200ms (custom)
2019-09-26 20:40:24,763 [pool-122-thread-1] INFO  server.RaftServerConfigKeys (ConfUtils.java:logGet(43)) - raft.server.rpcslowness.timeout = 120s (custom)
2019-09-26 20:40:24,763 [pool-122-thread-1] INFO  server.RaftServerConfigKeys (ConfUtils.java:logGet(43)) - raft.server.sleep.deviation.threshold = 300 (default)
2019-09-26 20:40:24,763 [pool-122-thread-1] INFO  server.RaftServerConfigKeys (ConfUtils.java:logGet(43)) - raft.server.log.appender.install.snapshot.enabled = false (custom)
2019-09-26 20:40:24,763 [pool-52-thread-1] INFO  impl.RaftServerImpl (RaftServerImpl.java:<init>(95)) - a49488b0-9b0a-4cd9-b60f-a6a2ca33f14a: new RaftServerImpl for group-3615D881500F:[9b15866d-6b15-4ac7-b53c-ef39fa8ef2d1:192.168.151.109:44954, fdc400fc-8611-4280-8e8a-1f06e9b47363:192.168.151.109:44130, a49488b0-9b0a-4cd9-b60f-a6a2ca33f14a:192.168.151.109:46864] with ContainerStateMachine:uninitialized
2019-09-26 20:40:24,763 [pool-122-thread-1] INFO  impl.RaftServerImpl (ServerState.java:<init>(103)) - fdc400fc-8611-4280-8e8a-1f06e9b47363@group-3615D881500F: ConfigurationManager, init=-1: [9b15866d-6b15-4ac7-b53c-ef39fa8ef2d1:192.168.151.109:44954, fdc400fc-8611-4280-8e8a-1f06e9b47363:192.168.151.109:44130, a49488b0-9b0a-4cd9-b60f-a6a2ca33f14a:192.168.151.109:46864], old=null, confs=<EMPTY_MAP>
2019-09-26 20:40:24,763 [pool-52-thread-1] INFO  server.RaftServerConfigKeys (ConfUtils.java:logGet(43)) - raft.server.rpc.timeout.min = 5s (custom)
2019-09-26 20:40:24,764 [pool-122-thread-1] INFO  server.RaftServerConfigKeys (ConfUtils.java:logGet(43)) - raft.server.storage.dir = [/workdir/hadoop-ozone/integration-test/target/test-dir/MiniOzoneClusterImpl-5456f64d-b184-4e59-8568-45c19435e1d5/datanode-9/data/ratis] (custom)
2019-09-26 20:40:24,764 [pool-52-thread-1] INFO  server.RaftServerConfigKeys (ConfUtils.java:logGet(43)) - raft.server.rpc.timeout.max = 5200ms (custom)
2019-09-26 20:40:24,764 [pool-52-thread-1] INFO  server.RaftServerConfigKeys (ConfUtils.java:logGet(43)) - raft.server.rpcslowness.timeout = 120s (custom)
2019-09-26 20:40:24,764 [pool-52-thread-1] INFO  server.RaftServerConfigKeys (ConfUtils.java:logGet(43)) - raft.server.sleep.deviation.threshold = 300 (default)
2019-09-26 20:40:24,764 [pool-52-thread-1] INFO  server.RaftServerConfigKeys (ConfUtils.java:logGet(43)) - raft.server.log.appender.install.snapshot.enabled = false (custom)
2019-09-26 20:40:24,765 [pool-52-thread-1] INFO  impl.RaftServerImpl (ServerState.java:<init>(103)) - a49488b0-9b0a-4cd9-b60f-a6a2ca33f14a@group-3615D881500F: ConfigurationManager, init=-1: [9b15866d-6b15-4ac7-b53c-ef39fa8ef2d1:192.168.151.109:44954, fdc400fc-8611-4280-8e8a-1f06e9b47363:192.168.151.109:44130, a49488b0-9b0a-4cd9-b60f-a6a2ca33f14a:192.168.151.109:46864], old=null, confs=<EMPTY_MAP>
2019-09-26 20:40:24,765 [pool-52-thread-1] INFO  server.RaftServerConfigKeys (ConfUtils.java:logGet(43)) - raft.server.storage.dir = [/workdir/hadoop-ozone/integration-test/target/test-dir/MiniOzoneClusterImpl-5456f64d-b184-4e59-8568-45c19435e1d5/datanode-2/data/ratis] (custom)
2019-09-26 20:40:24,821 [pool-52-thread-1] INFO  storage.RaftStorageDirectory (RaftStorageDirectory.java:analyzeStorage(246)) - The storage directory /workdir/hadoop-ozone/integration-test/target/test-dir/MiniOzoneClusterImpl-5456f64d-b184-4e59-8568-45c19435e1d5/datanode-2/data/ratis/868f2c83-66eb-4852-bfa7-3615d881500f does not exist. Creating ...
2019-09-26 20:40:24,831 [pool-92-thread-1] INFO  storage.RaftStorageDirectory (RaftStorageDirectory.java:analyzeStorage(246)) - The storage directory /workdir/hadoop-ozone/integration-test/target/test-dir/MiniOzoneClusterImpl-5456f64d-b184-4e59-8568-45c19435e1d5/datanode-6/data/ratis/868f2c83-66eb-4852-bfa7-3615d881500f does not exist. Creating ...
2019-09-26 20:40:24,851 [pool-122-thread-1] INFO  storage.RaftStorageDirectory (RaftStorageDirectory.java:analyzeStorage(246)) - The storage directory /workdir/hadoop-ozone/integration-test/target/test-dir/MiniOzoneClusterImpl-5456f64d-b184-4e59-8568-45c19435e1d5/datanode-9/data/ratis/868f2c83-66eb-4852-bfa7-3615d881500f does not exist. Creating ...
2019-09-26 20:40:24,907 [Thread-294] INFO  container.ReplicationManager (ReplicationManager.java:start(162)) - Starting Replication Monitor Thread.
2019-09-26 20:40:24,912 [ReplicationMonitor] INFO  container.ReplicationManager (ReplicationManager.java:run(225)) - Replication Monitor Thread took 1 milliseconds for processing 0 containers.
2019-09-26 20:40:24,943 [pool-52-thread-1] INFO  storage.RaftStorageDirectory (RaftStorageDirectory.java:tryLock(328)) - Lock on /workdir/hadoop-ozone/integration-test/target/test-dir/MiniOzoneClusterImpl-5456f64d-b184-4e59-8568-45c19435e1d5/datanode-2/data/ratis/868f2c83-66eb-4852-bfa7-3615d881500f/in_use.lock acquired by nodename 9021@pr-hdds-2162-kpcbn-4093309294
2019-09-26 20:40:24,943 [pool-92-thread-1] INFO  storage.RaftStorageDirectory (RaftStorageDirectory.java:tryLock(328)) - Lock on /workdir/hadoop-ozone/integration-test/target/test-dir/MiniOzoneClusterImpl-5456f64d-b184-4e59-8568-45c19435e1d5/datanode-6/data/ratis/868f2c83-66eb-4852-bfa7-3615d881500f/in_use.lock acquired by nodename 9021@pr-hdds-2162-kpcbn-4093309294
2019-09-26 20:40:24,943 [pool-122-thread-1] INFO  storage.RaftStorageDirectory (RaftStorageDirectory.java:tryLock(328)) - Lock on /workdir/hadoop-ozone/integration-test/target/test-dir/MiniOzoneClusterImpl-5456f64d-b184-4e59-8568-45c19435e1d5/datanode-9/data/ratis/868f2c83-66eb-4852-bfa7-3615d881500f/in_use.lock acquired by nodename 9021@pr-hdds-2162-kpcbn-4093309294
2019-09-26 20:40:24,955 [pool-92-thread-1] INFO  storage.RaftStorage (RaftStorage.java:format(72)) - Storage directory /workdir/hadoop-ozone/integration-test/target/test-dir/MiniOzoneClusterImpl-5456f64d-b184-4e59-8568-45c19435e1d5/datanode-6/data/ratis/868f2c83-66eb-4852-bfa7-3615d881500f has been successfully formatted.
2019-09-26 20:40:24,955 [pool-52-thread-1] INFO  storage.RaftStorage (RaftStorage.java:format(72)) - Storage directory /workdir/hadoop-ozone/integration-test/target/test-dir/MiniOzoneClusterImpl-5456f64d-b184-4e59-8568-45c19435e1d5/datanode-2/data/ratis/868f2c83-66eb-4852-bfa7-3615d881500f has been successfully formatted.
2019-09-26 20:40:24,955 [pool-122-thread-1] INFO  storage.RaftStorage (RaftStorage.java:format(72)) - Storage directory /workdir/hadoop-ozone/integration-test/target/test-dir/MiniOzoneClusterImpl-5456f64d-b184-4e59-8568-45c19435e1d5/datanode-9/data/ratis/868f2c83-66eb-4852-bfa7-3615d881500f has been successfully formatted.
2019-09-26 20:40:24,955 [pool-92-thread-1] INFO  ratis.ContainerStateMachine (ContainerStateMachine.java:loadSnapshot(230)) - group-3615D881500F: The snapshot info is null. Setting the last applied indexto:(t:0, i:~)
2019-09-26 20:40:24,955 [pool-52-thread-1] INFO  ratis.ContainerStateMachine (ContainerStateMachine.java:loadSnapshot(230)) - group-3615D881500F: The snapshot info is null. Setting the last applied indexto:(t:0, i:~)
2019-09-26 20:40:24,955 [pool-92-thread-1] INFO  server.RaftServerConfigKeys (ConfUtils.java:logGet(43)) - raft.server.notification.no-leader.timeout = 120s (custom)
2019-09-26 20:40:24,955 [pool-122-thread-1] INFO  ratis.ContainerStateMachine (ContainerStateMachine.java:loadSnapshot(230)) - group-3615D881500F: The snapshot info is null. Setting the last applied indexto:(t:0, i:~)
2019-09-26 20:40:24,956 [pool-92-thread-1] INFO  server.RaftServerConfigKeys (ConfUtils.java:logGet(43)) - raft.server.log.use.memory = false (default)
2019-09-26 20:40:24,956 [pool-52-thread-1] INFO  server.RaftServerConfigKeys (ConfUtils.java:logGet(43)) - raft.server.notification.no-leader.timeout = 120s (custom)
2019-09-26 20:40:24,956 [pool-92-thread-1] INFO  server.RaftServerConfigKeys (ConfUtils.java:logGet(43)) - raft.server.log.purge.gap = 1000000 (custom)
2019-09-26 20:40:24,956 [pool-122-thread-1] INFO  server.RaftServerConfigKeys (ConfUtils.java:logGet(43)) - raft.server.notification.no-leader.timeout = 120s (custom)
2019-09-26 20:40:24,957 [pool-92-thread-1] INFO  server.RaftServerConfigKeys (ConfUtils.java:logGet(43)) - raft.server.log.appender.buffer.byte-limit = 33554432 (custom)
2019-09-26 20:40:24,956 [pool-52-thread-1] INFO  server.RaftServerConfigKeys (ConfUtils.java:logGet(43)) - raft.server.log.use.memory = false (default)
2019-09-26 20:40:24,957 [pool-92-thread-1] INFO  server.RaftServerConfigKeys (ConfUtils.java:logGet(43)) - raft.server.log.segment.size.max = 1048576 (custom)
2019-09-26 20:40:24,957 [pool-122-thread-1] INFO  server.RaftServerConfigKeys (ConfUtils.java:logGet(43)) - raft.server.log.use.memory = false (default)
2019-09-26 20:40:24,957 [pool-92-thread-1] INFO  server.RaftServerConfigKeys (ConfUtils.java:logGet(43)) - raft.server.log.segment.cache.num.max = 2 (custom)
2019-09-26 20:40:24,957 [pool-52-thread-1] INFO  server.RaftServerConfigKeys (ConfUtils.java:logGet(43)) - raft.server.log.purge.gap = 1000000 (custom)
2019-09-26 20:40:24,958 [pool-92-thread-1] INFO  segmented.SegmentedRaftLogWorker (SegmentedRaftLogWorker.java:<init>(172)) - new 9b15866d-6b15-4ac7-b53c-ef39fa8ef2d1@group-3615D881500F-SegmentedRaftLogWorker for RaftStorage:Storage Directory /workdir/hadoop-ozone/integration-test/target/test-dir/MiniOzoneClusterImpl-5456f64d-b184-4e59-8568-45c19435e1d5/datanode-6/data/ratis/868f2c83-66eb-4852-bfa7-3615d881500f
2019-09-26 20:40:24,957 [pool-122-thread-1] INFO  server.RaftServerConfigKeys (ConfUtils.java:logGet(43)) - raft.server.log.purge.gap = 1000000 (custom)
2019-09-26 20:40:24,958 [pool-92-thread-1] INFO  server.RaftServerConfigKeys (ConfUtils.java:logGet(43)) - raft.server.log.queue.byte-limit = 2147483647 (custom)
2019-09-26 20:40:24,958 [pool-52-thread-1] INFO  server.RaftServerConfigKeys (ConfUtils.java:logGet(43)) - raft.server.log.appender.buffer.byte-limit = 33554432 (custom)
2019-09-26 20:40:24,958 [pool-92-thread-1] INFO  server.RaftServerConfigKeys (ConfUtils.java:logGet(43)) - raft.server.log.queue.element-limit = 1024 (custom)
2019-09-26 20:40:24,958 [pool-122-thread-1] INFO  server.RaftServerConfigKeys (ConfUtils.java:logGet(43)) - raft.server.log.appender.buffer.byte-limit = 33554432 (custom)
2019-09-26 20:40:24,959 [pool-92-thread-1] INFO  server.RaftServerConfigKeys (ConfUtils.java:logGet(43)) - raft.server.log.segment.size.max = 1048576 (custom)
2019-09-26 20:40:24,958 [pool-52-thread-1] INFO  server.RaftServerConfigKeys (ConfUtils.java:logGet(43)) - raft.server.log.segment.size.max = 1048576 (custom)
2019-09-26 20:40:24,959 [pool-92-thread-1] INFO  server.RaftServerConfigKeys (ConfUtils.java:logGet(43)) - raft.server.log.preallocated.size = 16384 (custom)
2019-09-26 20:40:24,959 [pool-92-thread-1] INFO  server.RaftServerConfigKeys (ConfUtils.java:logGet(43)) - raft.server.log.write.buffer.size = 33554432 (custom)
2019-09-26 20:40:24,959 [pool-122-thread-1] INFO  server.RaftServerConfigKeys (ConfUtils.java:logGet(43)) - raft.server.log.segment.size.max = 1048576 (custom)
2019-09-26 20:40:24,959 [pool-92-thread-1] INFO  server.RaftServerConfigKeys (ConfUtils.java:logGet(43)) - raft.server.log.force.sync.num = 128 (default)
2019-09-26 20:40:24,959 [pool-52-thread-1] INFO  server.RaftServerConfigKeys (ConfUtils.java:logGet(43)) - raft.server.log.segment.cache.num.max = 2 (custom)
2019-09-26 20:40:24,960 [pool-92-thread-1] INFO  server.RaftServerConfigKeys (ConfUtils.java:logGet(43)) - raft.server.log.statemachine.data.sync = true (default)
2019-09-26 20:40:24,960 [pool-122-thread-1] INFO  server.RaftServerConfigKeys (ConfUtils.java:logGet(43)) - raft.server.log.segment.cache.num.max = 2 (custom)
2019-09-26 20:40:24,960 [pool-92-thread-1] INFO  server.RaftServerConfigKeys (ConfUtils.java:logGet(43)) - raft.server.log.statemachine.data.sync.timeout = 10s (default)
2019-09-26 20:40:24,960 [pool-52-thread-1] INFO  segmented.SegmentedRaftLogWorker (SegmentedRaftLogWorker.java:<init>(172)) - new a49488b0-9b0a-4cd9-b60f-a6a2ca33f14a@group-3615D881500F-SegmentedRaftLogWorker for RaftStorage:Storage Directory /workdir/hadoop-ozone/integration-test/target/test-dir/MiniOzoneClusterImpl-5456f64d-b184-4e59-8568-45c19435e1d5/datanode-2/data/ratis/868f2c83-66eb-4852-bfa7-3615d881500f
2019-09-26 20:40:24,961 [pool-92-thread-1] INFO  server.RaftServerConfigKeys (ConfUtils.java:logGet(43)) - raft.server.log.statemachine.data.sync.timeout.retry = -1 (default)
2019-09-26 20:40:24,960 [pool-122-thread-1] INFO  segmented.SegmentedRaftLogWorker (SegmentedRaftLogWorker.java:<init>(172)) - new fdc400fc-8611-4280-8e8a-1f06e9b47363@group-3615D881500F-SegmentedRaftLogWorker for RaftStorage:Storage Directory /workdir/hadoop-ozone/integration-test/target/test-dir/MiniOzoneClusterImpl-5456f64d-b184-4e59-8568-45c19435e1d5/datanode-9/data/ratis/868f2c83-66eb-4852-bfa7-3615d881500f
2019-09-26 20:40:24,961 [pool-92-thread-1] INFO  server.RaftServerConfigKeys (ConfUtils.java:logGet(43)) - raft.server.log.statemachine.data.caching.enabled = true (custom)
2019-09-26 20:40:24,961 [pool-52-thread-1] INFO  server.RaftServerConfigKeys (ConfUtils.java:logGet(43)) - raft.server.log.queue.byte-limit = 2147483647 (custom)
2019-09-26 20:40:24,961 [pool-122-thread-1] INFO  server.RaftServerConfigKeys (ConfUtils.java:logGet(43)) - raft.server.log.queue.byte-limit = 2147483647 (custom)
2019-09-26 20:40:24,961 [pool-52-thread-1] INFO  server.RaftServerConfigKeys (ConfUtils.java:logGet(43)) - raft.server.log.queue.element-limit = 1024 (custom)
2019-09-26 20:40:24,961 [pool-92-thread-1] INFO  segmented.SegmentedRaftLogWorker (SegmentedRaftLogWorker.java:lambda$new$0(132)) - 9b15866d-6b15-4ac7-b53c-ef39fa8ef2d1@group-3615D881500F-SegmentedRaftLogWorker: flushIndex: setUnconditionally 0 -> -1
2019-09-26 20:40:24,962 [pool-52-thread-1] INFO  server.RaftServerConfigKeys (ConfUtils.java:logGet(43)) - raft.server.log.segment.size.max = 1048576 (custom)
2019-09-26 20:40:24,962 [pool-122-thread-1] INFO  server.RaftServerConfigKeys (ConfUtils.java:logGet(43)) - raft.server.log.queue.element-limit = 1024 (custom)
2019-09-26 20:40:24,962 [pool-92-thread-1] INFO  server.RaftServerConfigKeys (ConfUtils.java:logGet(43)) - raft.server.snapshot.auto.trigger.enabled = true (custom)
2019-09-26 20:40:24,962 [pool-52-thread-1] INFO  server.RaftServerConfigKeys (ConfUtils.java:logGet(43)) - raft.server.log.preallocated.size = 16384 (custom)
2019-09-26 20:40:24,962 [pool-92-thread-1] INFO  server.RaftServerConfigKeys (ConfUtils.java:logGet(43)) - raft.server.snapshot.auto.trigger.threshold = 10000 (custom)
2019-09-26 20:40:24,962 [pool-122-thread-1] INFO  server.RaftServerConfigKeys (ConfUtils.java:logGet(43)) - raft.server.log.segment.size.max = 1048576 (custom)
2019-09-26 20:40:24,963 [pool-92-thread-1] INFO  server.RaftServerConfigKeys (ConfUtils.java:logGet(43)) - raft.server.snapshot.retention.num.files = 5 (custom)
2019-09-26 20:40:24,963 [pool-52-thread-1] INFO  server.RaftServerConfigKeys (ConfUtils.java:logGet(43)) - raft.server.log.write.buffer.size = 33554432 (custom)
2019-09-26 20:40:24,963 [pool-92-thread-1] INFO  server.RaftServerConfigKeys (ConfUtils.java:logGet(43)) - raft.server.retrycache.expirytime = 600000ms (custom)
2019-09-26 20:40:24,963 [pool-122-thread-1] INFO  server.RaftServerConfigKeys (ConfUtils.java:logGet(43)) - raft.server.log.preallocated.size = 16384 (custom)
2019-09-26 20:40:24,963 [pool-52-thread-1] INFO  server.RaftServerConfigKeys (ConfUtils.java:logGet(43)) - raft.server.log.force.sync.num = 128 (default)
2019-09-26 20:40:24,964 [pool-122-thread-1] INFO  server.RaftServerConfigKeys (ConfUtils.java:logGet(43)) - raft.server.log.write.buffer.size = 33554432 (custom)
2019-09-26 20:40:24,964 [pool-52-thread-1] INFO  server.RaftServerConfigKeys (ConfUtils.java:logGet(43)) - raft.server.log.statemachine.data.sync = true (default)
2019-09-26 20:40:24,964 [pool-122-thread-1] INFO  server.RaftServerConfigKeys (ConfUtils.java:logGet(43)) - raft.server.log.force.sync.num = 128 (default)
2019-09-26 20:40:24,964 [pool-52-thread-1] INFO  server.RaftServerConfigKeys (ConfUtils.java:logGet(43)) - raft.server.log.statemachine.data.sync.timeout = 10s (default)
2019-09-26 20:40:24,964 [pool-122-thread-1] INFO  server.RaftServerConfigKeys (ConfUtils.java:logGet(43)) - raft.server.log.statemachine.data.sync = true (default)
2019-09-26 20:40:24,965 [pool-52-thread-1] INFO  server.RaftServerConfigKeys (ConfUtils.java:logGet(43)) - raft.server.log.statemachine.data.sync.timeout.retry = -1 (default)
2019-09-26 20:40:24,965 [pool-122-thread-1] INFO  server.RaftServerConfigKeys (ConfUtils.java:logGet(43)) - raft.server.log.statemachine.data.sync.timeout = 10s (default)
2019-09-26 20:40:24,965 [pool-52-thread-1] INFO  server.RaftServerConfigKeys (ConfUtils.java:logGet(43)) - raft.server.log.statemachine.data.caching.enabled = true (custom)
2019-09-26 20:40:24,965 [pool-122-thread-1] INFO  server.RaftServerConfigKeys (ConfUtils.java:logGet(43)) - raft.server.log.statemachine.data.sync.timeout.retry = -1 (default)
2019-09-26 20:40:24,965 [pool-122-thread-1] INFO  server.RaftServerConfigKeys (ConfUtils.java:logGet(43)) - raft.server.log.statemachine.data.caching.enabled = true (custom)
2019-09-26 20:40:24,965 [pool-52-thread-1] INFO  segmented.SegmentedRaftLogWorker (SegmentedRaftLogWorker.java:lambda$new$0(132)) - a49488b0-9b0a-4cd9-b60f-a6a2ca33f14a@group-3615D881500F-SegmentedRaftLogWorker: flushIndex: setUnconditionally 0 -> -1
2019-09-26 20:40:24,966 [pool-122-thread-1] INFO  segmented.SegmentedRaftLogWorker (SegmentedRaftLogWorker.java:lambda$new$0(132)) - fdc400fc-8611-4280-8e8a-1f06e9b47363@group-3615D881500F-SegmentedRaftLogWorker: flushIndex: setUnconditionally 0 -> -1
2019-09-26 20:40:24,966 [pool-52-thread-1] INFO  server.RaftServerConfigKeys (ConfUtils.java:logGet(43)) - raft.server.snapshot.auto.trigger.enabled = true (custom)
2019-09-26 20:40:24,966 [pool-122-thread-1] INFO  server.RaftServerConfigKeys (ConfUtils.java:logGet(43)) - raft.server.snapshot.auto.trigger.enabled = true (custom)
2019-09-26 20:40:24,966 [pool-52-thread-1] INFO  server.RaftServerConfigKeys (ConfUtils.java:logGet(43)) - raft.server.snapshot.auto.trigger.threshold = 10000 (custom)
2019-09-26 20:40:24,966 [pool-122-thread-1] INFO  server.RaftServerConfigKeys (ConfUtils.java:logGet(43)) - raft.server.snapshot.auto.trigger.threshold = 10000 (custom)
2019-09-26 20:40:24,966 [pool-52-thread-1] INFO  server.RaftServerConfigKeys (ConfUtils.java:logGet(43)) - raft.server.snapshot.retention.num.files = 5 (custom)
2019-09-26 20:40:24,967 [pool-122-thread-1] INFO  server.RaftServerConfigKeys (ConfUtils.java:logGet(43)) - raft.server.snapshot.retention.num.files = 5 (custom)
2019-09-26 20:40:24,967 [pool-52-thread-1] INFO  server.RaftServerConfigKeys (ConfUtils.java:logGet(43)) - raft.server.retrycache.expirytime = 600000ms (custom)
2019-09-26 20:40:24,967 [pool-122-thread-1] INFO  server.RaftServerConfigKeys (ConfUtils.java:logGet(43)) - raft.server.retrycache.expirytime = 600000ms (custom)
2019-09-26 20:40:24,967 [pool-92-thread-1] INFO  impl.RaftServerImpl (RaftServerImpl.java:start(185)) - 9b15866d-6b15-4ac7-b53c-ef39fa8ef2d1@group-3615D881500F: start as a follower, conf=-1: [9b15866d-6b15-4ac7-b53c-ef39fa8ef2d1:192.168.151.109:44954, fdc400fc-8611-4280-8e8a-1f06e9b47363:192.168.151.109:44130, a49488b0-9b0a-4cd9-b60f-a6a2ca33f14a:192.168.151.109:46864], old=null
2019-09-26 20:40:24,967 [pool-92-thread-1] INFO  impl.RaftServerImpl (RaftServerImpl.java:setRole(174)) - 9b15866d-6b15-4ac7-b53c-ef39fa8ef2d1@group-3615D881500F: changes role from      null to FOLLOWER at term 0 for startAsFollower
2019-09-26 20:40:24,968 [pool-92-thread-1] INFO  impl.RoleInfo (RoleInfo.java:updateAndGet(143)) - 9b15866d-6b15-4ac7-b53c-ef39fa8ef2d1: start FollowerState
2019-09-26 20:40:24,968 [pool-92-thread-1] INFO  util.JmxRegister (JmxRegister.java:tryRegister(44)) - Successfully registered JMX Bean with object name Ratis:service=RaftServer,group=group-3615D881500F,id=9b15866d-6b15-4ac7-b53c-ef39fa8ef2d1
2019-09-26 20:40:24,971 [pool-52-thread-1] INFO  impl.RaftServerImpl (RaftServerImpl.java:start(185)) - a49488b0-9b0a-4cd9-b60f-a6a2ca33f14a@group-3615D881500F: start as a follower, conf=-1: [9b15866d-6b15-4ac7-b53c-ef39fa8ef2d1:192.168.151.109:44954, fdc400fc-8611-4280-8e8a-1f06e9b47363:192.168.151.109:44130, a49488b0-9b0a-4cd9-b60f-a6a2ca33f14a:192.168.151.109:46864], old=null
2019-09-26 20:40:24,971 [pool-52-thread-1] INFO  impl.RaftServerImpl (RaftServerImpl.java:setRole(174)) - a49488b0-9b0a-4cd9-b60f-a6a2ca33f14a@group-3615D881500F: changes role from      null to FOLLOWER at term 0 for startAsFollower
2019-09-26 20:40:24,971 [pool-122-thread-1] INFO  impl.RaftServerImpl (RaftServerImpl.java:start(185)) - fdc400fc-8611-4280-8e8a-1f06e9b47363@group-3615D881500F: start as a follower, conf=-1: [9b15866d-6b15-4ac7-b53c-ef39fa8ef2d1:192.168.151.109:44954, fdc400fc-8611-4280-8e8a-1f06e9b47363:192.168.151.109:44130, a49488b0-9b0a-4cd9-b60f-a6a2ca33f14a:192.168.151.109:46864], old=null
2019-09-26 20:40:24,971 [pool-52-thread-1] INFO  impl.RoleInfo (RoleInfo.java:updateAndGet(143)) - a49488b0-9b0a-4cd9-b60f-a6a2ca33f14a: start FollowerState
2019-09-26 20:40:24,971 [pool-122-thread-1] INFO  impl.RaftServerImpl (RaftServerImpl.java:setRole(174)) - fdc400fc-8611-4280-8e8a-1f06e9b47363@group-3615D881500F: changes role from      null to FOLLOWER at term 0 for startAsFollower
2019-09-26 20:40:24,971 [pool-122-thread-1] INFO  impl.RoleInfo (RoleInfo.java:updateAndGet(143)) - fdc400fc-8611-4280-8e8a-1f06e9b47363: start FollowerState
2019-09-26 20:40:24,972 [pool-52-thread-1] INFO  util.JmxRegister (JmxRegister.java:tryRegister(44)) - Successfully registered JMX Bean with object name Ratis:service=RaftServer,group=group-3615D881500F,id=a49488b0-9b0a-4cd9-b60f-a6a2ca33f14a
2019-09-26 20:40:24,972 [pool-122-thread-1] INFO  util.JmxRegister (JmxRegister.java:tryRegister(44)) - Successfully registered JMX Bean with object name Ratis:service=RaftServer,group=group-3615D881500F,id=fdc400fc-8611-4280-8e8a-1f06e9b47363
2019-09-26 20:40:25,015 [RatisPipelineUtilsThread] INFO  pipeline.PipelineStateManager (PipelineStateManager.java:addPipeline(56)) - Created pipeline Pipeline[ Id: 868f2c83-66eb-4852-bfa7-3615d881500f, Nodes: 9b15866d-6b15-4ac7-b53c-ef39fa8ef2d1{ip: 192.168.151.109, host: pr-hdds-2162-kpcbn-4093309294, networkLocation: /default-rack, certSerialId: null}fdc400fc-8611-4280-8e8a-1f06e9b47363{ip: 192.168.151.109, host: pr-hdds-2162-kpcbn-4093309294, networkLocation: /default-rack, certSerialId: null}a49488b0-9b0a-4cd9-b60f-a6a2ca33f14a{ip: 192.168.151.109, host: pr-hdds-2162-kpcbn-4093309294, networkLocation: /default-rack, certSerialId: null}, Type:RATIS, Factor:THREE, State:OPEN]
2019-09-26 20:40:25,039 [grpc-default-executor-0] INFO  impl.RaftServerProxy (RaftServerProxy.java:addNew(89)) - f0429ba4-43cb-400b-9639-b72cd1260ed1: addNew group-D265E6A32F90:[db9f8549-f046-44a7-b879-d9a2b4ebcc23:192.168.151.109:33183, 7e90aeec-bac9-41fb-9856-2cf722469481:192.168.151.109:39965, f0429ba4-43cb-400b-9639-b72cd1260ed1:192.168.151.109:34664] returns group-D265E6A32F90:java.util.concurrent.CompletableFuture@54da8def[Not completed]
2019-09-26 20:40:25,042 [grpc-default-executor-2] INFO  impl.RaftServerProxy (RaftServerProxy.java:addNew(89)) - db9f8549-f046-44a7-b879-d9a2b4ebcc23: addNew group-D265E6A32F90:[db9f8549-f046-44a7-b879-d9a2b4ebcc23:192.168.151.109:33183, 7e90aeec-bac9-41fb-9856-2cf722469481:192.168.151.109:39965, f0429ba4-43cb-400b-9639-b72cd1260ed1:192.168.151.109:34664] returns group-D265E6A32F90:java.util.concurrent.CompletableFuture@44062678[Not completed]
2019-09-26 20:40:25,044 [grpc-default-executor-0] INFO  impl.RaftServerProxy (RaftServerProxy.java:addNew(89)) - 7e90aeec-bac9-41fb-9856-2cf722469481: addNew group-D265E6A32F90:[db9f8549-f046-44a7-b879-d9a2b4ebcc23:192.168.151.109:33183, 7e90aeec-bac9-41fb-9856-2cf722469481:192.168.151.109:39965, f0429ba4-43cb-400b-9639-b72cd1260ed1:192.168.151.109:34664] returns group-D265E6A32F90:java.util.concurrent.CompletableFuture@7bba9be[Not completed]
2019-09-26 20:40:25,045 [pool-82-thread-1] INFO  impl.RaftServerImpl (RaftServerImpl.java:<init>(95)) - f0429ba4-43cb-400b-9639-b72cd1260ed1: new RaftServerImpl for group-D265E6A32F90:[db9f8549-f046-44a7-b879-d9a2b4ebcc23:192.168.151.109:33183, 7e90aeec-bac9-41fb-9856-2cf722469481:192.168.151.109:39965, f0429ba4-43cb-400b-9639-b72cd1260ed1:192.168.151.109:34664] with ContainerStateMachine:uninitialized
2019-09-26 20:40:25,046 [pool-82-thread-1] INFO  server.RaftServerConfigKeys (ConfUtils.java:logGet(43)) - raft.server.rpc.timeout.min = 5s (custom)
2019-09-26 20:40:25,046 [pool-82-thread-1] INFO  server.RaftServerConfigKeys (ConfUtils.java:logGet(43)) - raft.server.rpc.timeout.max = 5200ms (custom)
2019-09-26 20:40:25,046 [pool-82-thread-1] INFO  server.RaftServerConfigKeys (ConfUtils.java:logGet(43)) - raft.server.rpcslowness.timeout = 120s (custom)
2019-09-26 20:40:25,046 [pool-82-thread-1] INFO  server.RaftServerConfigKeys (ConfUtils.java:logGet(43)) - raft.server.sleep.deviation.threshold = 300 (default)
2019-09-26 20:40:25,046 [pool-82-thread-1] INFO  server.RaftServerConfigKeys (ConfUtils.java:logGet(43)) - raft.server.log.appender.install.snapshot.enabled = false (custom)
2019-09-26 20:40:25,046 [pool-62-thread-1] INFO  impl.RaftServerImpl (RaftServerImpl.java:<init>(95)) - 7e90aeec-bac9-41fb-9856-2cf722469481: new RaftServerImpl for group-D265E6A32F90:[db9f8549-f046-44a7-b879-d9a2b4ebcc23:192.168.151.109:33183, 7e90aeec-bac9-41fb-9856-2cf722469481:192.168.151.109:39965, f0429ba4-43cb-400b-9639-b72cd1260ed1:192.168.151.109:34664] with ContainerStateMachine:uninitialized
2019-09-26 20:40:25,046 [pool-82-thread-1] INFO  impl.RaftServerImpl (ServerState.java:<init>(103)) - f0429ba4-43cb-400b-9639-b72cd1260ed1@group-D265E6A32F90: ConfigurationManager, init=-1: [db9f8549-f046-44a7-b879-d9a2b4ebcc23:192.168.151.109:33183, 7e90aeec-bac9-41fb-9856-2cf722469481:192.168.151.109:39965, f0429ba4-43cb-400b-9639-b72cd1260ed1:192.168.151.109:34664], old=null, confs=<EMPTY_MAP>
2019-09-26 20:40:25,046 [pool-62-thread-1] INFO  server.RaftServerConfigKeys (ConfUtils.java:logGet(43)) - raft.server.rpc.timeout.min = 5s (custom)
2019-09-26 20:40:25,046 [pool-82-thread-1] INFO  server.RaftServerConfigKeys (ConfUtils.java:logGet(43)) - raft.server.storage.dir = [/workdir/hadoop-ozone/integration-test/target/test-dir/MiniOzoneClusterImpl-5456f64d-b184-4e59-8568-45c19435e1d5/datanode-5/data/ratis] (custom)
2019-09-26 20:40:25,047 [pool-62-thread-1] INFO  server.RaftServerConfigKeys (ConfUtils.java:logGet(43)) - raft.server.rpc.timeout.max = 5200ms (custom)
2019-09-26 20:40:25,047 [pool-62-thread-1] INFO  server.RaftServerConfigKeys (ConfUtils.java:logGet(43)) - raft.server.rpcslowness.timeout = 120s (custom)
2019-09-26 20:40:25,047 [pool-62-thread-1] INFO  server.RaftServerConfigKeys (ConfUtils.java:logGet(43)) - raft.server.sleep.deviation.threshold = 300 (default)
2019-09-26 20:40:25,047 [pool-82-thread-1] INFO  storage.RaftStorageDirectory (RaftStorageDirectory.java:analyzeStorage(246)) - The storage directory /workdir/hadoop-ozone/integration-test/target/test-dir/MiniOzoneClusterImpl-5456f64d-b184-4e59-8568-45c19435e1d5/datanode-5/data/ratis/537c930c-7f57-43c0-bae5-d265e6a32f90 does not exist. Creating ...
2019-09-26 20:40:25,047 [pool-112-thread-1] INFO  impl.RaftServerImpl (RaftServerImpl.java:<init>(95)) - db9f8549-f046-44a7-b879-d9a2b4ebcc23: new RaftServerImpl for group-D265E6A32F90:[db9f8549-f046-44a7-b879-d9a2b4ebcc23:192.168.151.109:33183, 7e90aeec-bac9-41fb-9856-2cf722469481:192.168.151.109:39965, f0429ba4-43cb-400b-9639-b72cd1260ed1:192.168.151.109:34664] with ContainerStateMachine:uninitialized
2019-09-26 20:40:25,047 [pool-62-thread-1] INFO  server.RaftServerConfigKeys (ConfUtils.java:logGet(43)) - raft.server.log.appender.install.snapshot.enabled = false (custom)
2019-09-26 20:40:25,047 [pool-112-thread-1] INFO  server.RaftServerConfigKeys (ConfUtils.java:logGet(43)) - raft.server.rpc.timeout.min = 5s (custom)
2019-09-26 20:40:25,047 [pool-62-thread-1] INFO  impl.RaftServerImpl (ServerState.java:<init>(103)) - 7e90aeec-bac9-41fb-9856-2cf722469481@group-D265E6A32F90: ConfigurationManager, init=-1: [db9f8549-f046-44a7-b879-d9a2b4ebcc23:192.168.151.109:33183, 7e90aeec-bac9-41fb-9856-2cf722469481:192.168.151.109:39965, f0429ba4-43cb-400b-9639-b72cd1260ed1:192.168.151.109:34664], old=null, confs=<EMPTY_MAP>
2019-09-26 20:40:25,048 [pool-112-thread-1] INFO  server.RaftServerConfigKeys (ConfUtils.java:logGet(43)) - raft.server.rpc.timeout.max = 5200ms (custom)
2019-09-26 20:40:25,048 [pool-62-thread-1] INFO  server.RaftServerConfigKeys (ConfUtils.java:logGet(43)) - raft.server.storage.dir = [/workdir/hadoop-ozone/integration-test/target/test-dir/MiniOzoneClusterImpl-5456f64d-b184-4e59-8568-45c19435e1d5/datanode-3/data/ratis] (custom)
2019-09-26 20:40:25,048 [pool-112-thread-1] INFO  server.RaftServerConfigKeys (ConfUtils.java:logGet(43)) - raft.server.rpcslowness.timeout = 120s (custom)
2019-09-26 20:40:25,048 [pool-112-thread-1] INFO  server.RaftServerConfigKeys (ConfUtils.java:logGet(43)) - raft.server.sleep.deviation.threshold = 300 (default)
2019-09-26 20:40:25,048 [pool-62-thread-1] INFO  storage.RaftStorageDirectory (RaftStorageDirectory.java:analyzeStorage(246)) - The storage directory /workdir/hadoop-ozone/integration-test/target/test-dir/MiniOzoneClusterImpl-5456f64d-b184-4e59-8568-45c19435e1d5/datanode-3/data/ratis/537c930c-7f57-43c0-bae5-d265e6a32f90 does not exist. Creating ...
2019-09-26 20:40:25,048 [pool-112-thread-1] INFO  server.RaftServerConfigKeys (ConfUtils.java:logGet(43)) - raft.server.log.appender.install.snapshot.enabled = false (custom)
2019-09-26 20:40:25,048 [pool-112-thread-1] INFO  impl.RaftServerImpl (ServerState.java:<init>(103)) - db9f8549-f046-44a7-b879-d9a2b4ebcc23@group-D265E6A32F90: ConfigurationManager, init=-1: [db9f8549-f046-44a7-b879-d9a2b4ebcc23:192.168.151.109:33183, 7e90aeec-bac9-41fb-9856-2cf722469481:192.168.151.109:39965, f0429ba4-43cb-400b-9639-b72cd1260ed1:192.168.151.109:34664], old=null, confs=<EMPTY_MAP>
2019-09-26 20:40:25,049 [pool-112-thread-1] INFO  server.RaftServerConfigKeys (ConfUtils.java:logGet(43)) - raft.server.storage.dir = [/workdir/hadoop-ozone/integration-test/target/test-dir/MiniOzoneClusterImpl-5456f64d-b184-4e59-8568-45c19435e1d5/datanode-8/data/ratis] (custom)
2019-09-26 20:40:25,049 [pool-112-thread-1] INFO  storage.RaftStorageDirectory (RaftStorageDirectory.java:analyzeStorage(246)) - The storage directory /workdir/hadoop-ozone/integration-test/target/test-dir/MiniOzoneClusterImpl-5456f64d-b184-4e59-8568-45c19435e1d5/datanode-8/data/ratis/537c930c-7f57-43c0-bae5-d265e6a32f90 does not exist. Creating ...
2019-09-26 20:40:25,062 [pool-112-thread-1] INFO  storage.RaftStorageDirectory (RaftStorageDirectory.java:tryLock(328)) - Lock on /workdir/hadoop-ozone/integration-test/target/test-dir/MiniOzoneClusterImpl-5456f64d-b184-4e59-8568-45c19435e1d5/datanode-8/data/ratis/537c930c-7f57-43c0-bae5-d265e6a32f90/in_use.lock acquired by nodename 9021@pr-hdds-2162-kpcbn-4093309294
2019-09-26 20:40:25,062 [pool-62-thread-1] INFO  storage.RaftStorageDirectory (RaftStorageDirectory.java:tryLock(328)) - Lock on /workdir/hadoop-ozone/integration-test/target/test-dir/MiniOzoneClusterImpl-5456f64d-b184-4e59-8568-45c19435e1d5/datanode-3/data/ratis/537c930c-7f57-43c0-bae5-d265e6a32f90/in_use.lock acquired by nodename 9021@pr-hdds-2162-kpcbn-4093309294
2019-09-26 20:40:25,062 [pool-82-thread-1] INFO  storage.RaftStorageDirectory (RaftStorageDirectory.java:tryLock(328)) - Lock on /workdir/hadoop-ozone/integration-test/target/test-dir/MiniOzoneClusterImpl-5456f64d-b184-4e59-8568-45c19435e1d5/datanode-5/data/ratis/537c930c-7f57-43c0-bae5-d265e6a32f90/in_use.lock acquired by nodename 9021@pr-hdds-2162-kpcbn-4093309294
2019-09-26 20:40:25,076 [pool-82-thread-1] INFO  storage.RaftStorage (RaftStorage.java:format(72)) - Storage directory /workdir/hadoop-ozone/integration-test/target/test-dir/MiniOzoneClusterImpl-5456f64d-b184-4e59-8568-45c19435e1d5/datanode-5/data/ratis/537c930c-7f57-43c0-bae5-d265e6a32f90 has been successfully formatted.
2019-09-26 20:40:25,076 [pool-62-thread-1] INFO  storage.RaftStorage (RaftStorage.java:format(72)) - Storage directory /workdir/hadoop-ozone/integration-test/target/test-dir/MiniOzoneClusterImpl-5456f64d-b184-4e59-8568-45c19435e1d5/datanode-3/data/ratis/537c930c-7f57-43c0-bae5-d265e6a32f90 has been successfully formatted.
2019-09-26 20:40:25,076 [pool-112-thread-1] INFO  storage.RaftStorage (RaftStorage.java:format(72)) - Storage directory /workdir/hadoop-ozone/integration-test/target/test-dir/MiniOzoneClusterImpl-5456f64d-b184-4e59-8568-45c19435e1d5/datanode-8/data/ratis/537c930c-7f57-43c0-bae5-d265e6a32f90 has been successfully formatted.
2019-09-26 20:40:25,076 [pool-62-thread-1] INFO  ratis.ContainerStateMachine (ContainerStateMachine.java:loadSnapshot(230)) - group-D265E6A32F90: The snapshot info is null. Setting the last applied indexto:(t:0, i:~)
2019-09-26 20:40:25,076 [pool-82-thread-1] INFO  ratis.ContainerStateMachine (ContainerStateMachine.java:loadSnapshot(230)) - group-D265E6A32F90: The snapshot info is null. Setting the last applied indexto:(t:0, i:~)
2019-09-26 20:40:25,076 [pool-62-thread-1] INFO  server.RaftServerConfigKeys (ConfUtils.java:logGet(43)) - raft.server.notification.no-leader.timeout = 120s (custom)
2019-09-26 20:40:25,076 [pool-112-thread-1] INFO  ratis.ContainerStateMachine (ContainerStateMachine.java:loadSnapshot(230)) - group-D265E6A32F90: The snapshot info is null. Setting the last applied indexto:(t:0, i:~)
2019-09-26 20:40:25,077 [pool-62-thread-1] INFO  server.RaftServerConfigKeys (ConfUtils.java:logGet(43)) - raft.server.log.use.memory = false (default)
2019-09-26 20:40:25,077 [pool-82-thread-1] INFO  server.RaftServerConfigKeys (ConfUtils.java:logGet(43)) - raft.server.notification.no-leader.timeout = 120s (custom)
2019-09-26 20:40:25,077 [pool-62-thread-1] INFO  server.RaftServerConfigKeys (ConfUtils.java:logGet(43)) - raft.server.log.purge.gap = 1000000 (custom)
2019-09-26 20:40:25,077 [pool-112-thread-1] INFO  server.RaftServerConfigKeys (ConfUtils.java:logGet(43)) - raft.server.notification.no-leader.timeout = 120s (custom)
2019-09-26 20:40:25,077 [pool-62-thread-1] INFO  server.RaftServerConfigKeys (ConfUtils.java:logGet(43)) - raft.server.log.appender.buffer.byte-limit = 33554432 (custom)
2019-09-26 20:40:25,077 [pool-82-thread-1] INFO  server.RaftServerConfigKeys (ConfUtils.java:logGet(43)) - raft.server.log.use.memory = false (default)
2019-09-26 20:40:25,078 [pool-62-thread-1] INFO  server.RaftServerConfigKeys (ConfUtils.java:logGet(43)) - raft.server.log.segment.size.max = 1048576 (custom)
2019-09-26 20:40:25,077 [pool-112-thread-1] INFO  server.RaftServerConfigKeys (ConfUtils.java:logGet(43)) - raft.server.log.use.memory = false (default)
2019-09-26 20:40:25,078 [pool-62-thread-1] INFO  server.RaftServerConfigKeys (ConfUtils.java:logGet(43)) - raft.server.log.segment.cache.num.max = 2 (custom)
2019-09-26 20:40:25,078 [pool-82-thread-1] INFO  server.RaftServerConfigKeys (ConfUtils.java:logGet(43)) - raft.server.log.purge.gap = 1000000 (custom)
2019-09-26 20:40:25,078 [pool-62-thread-1] INFO  segmented.SegmentedRaftLogWorker (SegmentedRaftLogWorker.java:<init>(172)) - new 7e90aeec-bac9-41fb-9856-2cf722469481@group-D265E6A32F90-SegmentedRaftLogWorker for RaftStorage:Storage Directory /workdir/hadoop-ozone/integration-test/target/test-dir/MiniOzoneClusterImpl-5456f64d-b184-4e59-8568-45c19435e1d5/datanode-3/data/ratis/537c930c-7f57-43c0-bae5-d265e6a32f90
2019-09-26 20:40:25,078 [pool-112-thread-1] INFO  server.RaftServerConfigKeys (ConfUtils.java:logGet(43)) - raft.server.log.purge.gap = 1000000 (custom)
2019-09-26 20:40:25,078 [pool-62-thread-1] INFO  server.RaftServerConfigKeys (ConfUtils.java:logGet(43)) - raft.server.log.queue.byte-limit = 2147483647 (custom)
2019-09-26 20:40:25,078 [pool-82-thread-1] INFO  server.RaftServerConfigKeys (ConfUtils.java:logGet(43)) - raft.server.log.appender.buffer.byte-limit = 33554432 (custom)
2019-09-26 20:40:25,079 [pool-62-thread-1] INFO  server.RaftServerConfigKeys (ConfUtils.java:logGet(43)) - raft.server.log.queue.element-limit = 1024 (custom)
2019-09-26 20:40:25,079 [pool-112-thread-1] INFO  server.RaftServerConfigKeys (ConfUtils.java:logGet(43)) - raft.server.log.appender.buffer.byte-limit = 33554432 (custom)
2019-09-26 20:40:25,079 [pool-62-thread-1] INFO  server.RaftServerConfigKeys (ConfUtils.java:logGet(43)) - raft.server.log.segment.size.max = 1048576 (custom)
2019-09-26 20:40:25,079 [pool-82-thread-1] INFO  server.RaftServerConfigKeys (ConfUtils.java:logGet(43)) - raft.server.log.segment.size.max = 1048576 (custom)
2019-09-26 20:40:25,079 [pool-62-thread-1] INFO  server.RaftServerConfigKeys (ConfUtils.java:logGet(43)) - raft.server.log.preallocated.size = 16384 (custom)
2019-09-26 20:40:25,079 [pool-112-thread-1] INFO  server.RaftServerConfigKeys (ConfUtils.java:logGet(43)) - raft.server.log.segment.size.max = 1048576 (custom)
2019-09-26 20:40:25,079 [pool-62-thread-1] INFO  server.RaftServerConfigKeys (ConfUtils.java:logGet(43)) - raft.server.log.write.buffer.size = 33554432 (custom)
2019-09-26 20:40:25,079 [pool-82-thread-1] INFO  server.RaftServerConfigKeys (ConfUtils.java:logGet(43)) - raft.server.log.segment.cache.num.max = 2 (custom)
2019-09-26 20:40:25,080 [pool-62-thread-1] INFO  server.RaftServerConfigKeys (ConfUtils.java:logGet(43)) - raft.server.log.force.sync.num = 128 (default)
2019-09-26 20:40:25,080 [pool-112-thread-1] INFO  server.RaftServerConfigKeys (ConfUtils.java:logGet(43)) - raft.server.log.segment.cache.num.max = 2 (custom)
2019-09-26 20:40:25,080 [pool-62-thread-1] INFO  server.RaftServerConfigKeys (ConfUtils.java:logGet(43)) - raft.server.log.statemachine.data.sync = true (default)
2019-09-26 20:40:25,080 [pool-82-thread-1] INFO  segmented.SegmentedRaftLogWorker (SegmentedRaftLogWorker.java:<init>(172)) - new f0429ba4-43cb-400b-9639-b72cd1260ed1@group-D265E6A32F90-SegmentedRaftLogWorker for RaftStorage:Storage Directory /workdir/hadoop-ozone/integration-test/target/test-dir/MiniOzoneClusterImpl-5456f64d-b184-4e59-8568-45c19435e1d5/datanode-5/data/ratis/537c930c-7f57-43c0-bae5-d265e6a32f90
2019-09-26 20:40:25,080 [pool-62-thread-1] INFO  server.RaftServerConfigKeys (ConfUtils.java:logGet(43)) - raft.server.log.statemachine.data.sync.timeout = 10s (default)
2019-09-26 20:40:25,080 [pool-112-thread-1] INFO  segmented.SegmentedRaftLogWorker (SegmentedRaftLogWorker.java:<init>(172)) - new db9f8549-f046-44a7-b879-d9a2b4ebcc23@group-D265E6A32F90-SegmentedRaftLogWorker for RaftStorage:Storage Directory /workdir/hadoop-ozone/integration-test/target/test-dir/MiniOzoneClusterImpl-5456f64d-b184-4e59-8568-45c19435e1d5/datanode-8/data/ratis/537c930c-7f57-43c0-bae5-d265e6a32f90
2019-09-26 20:40:25,080 [pool-62-thread-1] INFO  server.RaftServerConfigKeys (ConfUtils.java:logGet(43)) - raft.server.log.statemachine.data.sync.timeout.retry = -1 (default)
2019-09-26 20:40:25,080 [pool-82-thread-1] INFO  server.RaftServerConfigKeys (ConfUtils.java:logGet(43)) - raft.server.log.queue.byte-limit = 2147483647 (custom)
2019-09-26 20:40:25,081 [pool-62-thread-1] INFO  server.RaftServerConfigKeys (ConfUtils.java:logGet(43)) - raft.server.log.statemachine.data.caching.enabled = true (custom)
2019-09-26 20:40:25,081 [pool-112-thread-1] INFO  server.RaftServerConfigKeys (ConfUtils.java:logGet(43)) - raft.server.log.queue.byte-limit = 2147483647 (custom)
2019-09-26 20:40:25,081 [pool-82-thread-1] INFO  server.RaftServerConfigKeys (ConfUtils.java:logGet(43)) - raft.server.log.queue.element-limit = 1024 (custom)
2019-09-26 20:40:25,081 [pool-112-thread-1] INFO  server.RaftServerConfigKeys (ConfUtils.java:logGet(43)) - raft.server.log.queue.element-limit = 1024 (custom)
2019-09-26 20:40:25,081 [pool-62-thread-1] INFO  segmented.SegmentedRaftLogWorker (SegmentedRaftLogWorker.java:lambda$new$0(132)) - 7e90aeec-bac9-41fb-9856-2cf722469481@group-D265E6A32F90-SegmentedRaftLogWorker: flushIndex: setUnconditionally 0 -> -1
2019-09-26 20:40:25,081 [pool-112-thread-1] INFO  server.RaftServerConfigKeys (ConfUtils.java:logGet(43)) - raft.server.log.segment.size.max = 1048576 (custom)
2019-09-26 20:40:25,081 [pool-82-thread-1] INFO  server.RaftServerConfigKeys (ConfUtils.java:logGet(43)) - raft.server.log.segment.size.max = 1048576 (custom)
2019-09-26 20:40:25,082 [pool-112-thread-1] INFO  server.RaftServerConfigKeys (ConfUtils.java:logGet(43)) - raft.server.log.preallocated.size = 16384 (custom)
2019-09-26 20:40:25,082 [pool-62-thread-1] INFO  server.RaftServerConfigKeys (ConfUtils.java:logGet(43)) - raft.server.snapshot.auto.trigger.enabled = true (custom)
2019-09-26 20:40:25,082 [pool-112-thread-1] INFO  server.RaftServerConfigKeys (ConfUtils.java:logGet(43)) - raft.server.log.write.buffer.size = 33554432 (custom)
2019-09-26 20:40:25,082 [pool-82-thread-1] INFO  server.RaftServerConfigKeys (ConfUtils.java:logGet(43)) - raft.server.log.preallocated.size = 16384 (custom)
2019-09-26 20:40:25,082 [pool-112-thread-1] INFO  server.RaftServerConfigKeys (ConfUtils.java:logGet(43)) - raft.server.log.force.sync.num = 128 (default)
2019-09-26 20:40:25,082 [pool-62-thread-1] INFO  server.RaftServerConfigKeys (ConfUtils.java:logGet(43)) - raft.server.snapshot.auto.trigger.threshold = 10000 (custom)
2019-09-26 20:40:25,083 [pool-112-thread-1] INFO  server.RaftServerConfigKeys (ConfUtils.java:logGet(43)) - raft.server.log.statemachine.data.sync = true (default)
2019-09-26 20:40:25,082 [pool-82-thread-1] INFO  server.RaftServerConfigKeys (ConfUtils.java:logGet(43)) - raft.server.log.write.buffer.size = 33554432 (custom)
2019-09-26 20:40:25,083 [pool-112-thread-1] INFO  server.RaftServerConfigKeys (ConfUtils.java:logGet(43)) - raft.server.log.statemachine.data.sync.timeout = 10s (default)
2019-09-26 20:40:25,083 [pool-62-thread-1] INFO  server.RaftServerConfigKeys (ConfUtils.java:logGet(43)) - raft.server.snapshot.retention.num.files = 5 (custom)
2019-09-26 20:40:25,083 [pool-112-thread-1] INFO  server.RaftServerConfigKeys (ConfUtils.java:logGet(43)) - raft.server.log.statemachine.data.sync.timeout.retry = -1 (default)
2019-09-26 20:40:25,083 [pool-82-thread-1] INFO  server.RaftServerConfigKeys (ConfUtils.java:logGet(43)) - raft.server.log.force.sync.num = 128 (default)
2019-09-26 20:40:25,084 [pool-112-thread-1] INFO  server.RaftServerConfigKeys (ConfUtils.java:logGet(43)) - raft.server.log.statemachine.data.caching.enabled = true (custom)
2019-09-26 20:40:25,083 [pool-62-thread-1] INFO  server.RaftServerConfigKeys (ConfUtils.java:logGet(43)) - raft.server.retrycache.expirytime = 600000ms (custom)
2019-09-26 20:40:25,084 [pool-82-thread-1] INFO  server.RaftServerConfigKeys (ConfUtils.java:logGet(43)) - raft.server.log.statemachine.data.sync = true (default)
2019-09-26 20:40:25,084 [pool-112-thread-1] INFO  segmented.SegmentedRaftLogWorker (SegmentedRaftLogWorker.java:lambda$new$0(132)) - db9f8549-f046-44a7-b879-d9a2b4ebcc23@group-D265E6A32F90-SegmentedRaftLogWorker: flushIndex: setUnconditionally 0 -> -1
2019-09-26 20:40:25,084 [pool-82-thread-1] INFO  server.RaftServerConfigKeys (ConfUtils.java:logGet(43)) - raft.server.log.statemachine.data.sync.timeout = 10s (default)
2019-09-26 20:40:25,084 [pool-82-thread-1] INFO  server.RaftServerConfigKeys (ConfUtils.java:logGet(43)) - raft.server.log.statemachine.data.sync.timeout.retry = -1 (default)
2019-09-26 20:40:25,084 [pool-112-thread-1] INFO  server.RaftServerConfigKeys (ConfUtils.java:logGet(43)) - raft.server.snapshot.auto.trigger.enabled = true (custom)
2019-09-26 20:40:25,085 [pool-82-thread-1] INFO  server.RaftServerConfigKeys (ConfUtils.java:logGet(43)) - raft.server.log.statemachine.data.caching.enabled = true (custom)
2019-09-26 20:40:25,085 [pool-112-thread-1] INFO  server.RaftServerConfigKeys (ConfUtils.java:logGet(43)) - raft.server.snapshot.auto.trigger.threshold = 10000 (custom)
2019-09-26 20:40:25,085 [pool-112-thread-1] INFO  server.RaftServerConfigKeys (ConfUtils.java:logGet(43)) - raft.server.snapshot.retention.num.files = 5 (custom)
2019-09-26 20:40:25,085 [pool-82-thread-1] INFO  segmented.SegmentedRaftLogWorker (SegmentedRaftLogWorker.java:lambda$new$0(132)) - f0429ba4-43cb-400b-9639-b72cd1260ed1@group-D265E6A32F90-SegmentedRaftLogWorker: flushIndex: setUnconditionally 0 -> -1
2019-09-26 20:40:25,085 [pool-112-thread-1] INFO  server.RaftServerConfigKeys (ConfUtils.java:logGet(43)) - raft.server.retrycache.expirytime = 600000ms (custom)
2019-09-26 20:40:25,086 [pool-82-thread-1] INFO  server.RaftServerConfigKeys (ConfUtils.java:logGet(43)) - raft.server.snapshot.auto.trigger.enabled = true (custom)
2019-09-26 20:40:25,086 [pool-82-thread-1] INFO  server.RaftServerConfigKeys (ConfUtils.java:logGet(43)) - raft.server.snapshot.auto.trigger.threshold = 10000 (custom)
2019-09-26 20:40:25,086 [pool-62-thread-1] INFO  impl.RaftServerImpl (RaftServerImpl.java:start(185)) - 7e90aeec-bac9-41fb-9856-2cf722469481@group-D265E6A32F90: start as a follower, conf=-1: [db9f8549-f046-44a7-b879-d9a2b4ebcc23:192.168.151.109:33183, 7e90aeec-bac9-41fb-9856-2cf722469481:192.168.151.109:39965, f0429ba4-43cb-400b-9639-b72cd1260ed1:192.168.151.109:34664], old=null
2019-09-26 20:40:25,086 [pool-82-thread-1] INFO  server.RaftServerConfigKeys (ConfUtils.java:logGet(43)) - raft.server.snapshot.retention.num.files = 5 (custom)
2019-09-26 20:40:25,086 [pool-62-thread-1] INFO  impl.RaftServerImpl (RaftServerImpl.java:setRole(174)) - 7e90aeec-bac9-41fb-9856-2cf722469481@group-D265E6A32F90: changes role from      null to FOLLOWER at term 0 for startAsFollower
2019-09-26 20:40:25,086 [pool-82-thread-1] INFO  server.RaftServerConfigKeys (ConfUtils.java:logGet(43)) - raft.server.retrycache.expirytime = 600000ms (custom)
2019-09-26 20:40:25,086 [pool-62-thread-1] INFO  impl.RoleInfo (RoleInfo.java:updateAndGet(143)) - 7e90aeec-bac9-41fb-9856-2cf722469481: start FollowerState
2019-09-26 20:40:25,087 [pool-62-thread-1] INFO  util.JmxRegister (JmxRegister.java:tryRegister(44)) - Successfully registered JMX Bean with object name Ratis:service=RaftServer,group=group-D265E6A32F90,id=7e90aeec-bac9-41fb-9856-2cf722469481
2019-09-26 20:40:25,089 [pool-112-thread-1] INFO  impl.RaftServerImpl (RaftServerImpl.java:start(185)) - db9f8549-f046-44a7-b879-d9a2b4ebcc23@group-D265E6A32F90: start as a follower, conf=-1: [db9f8549-f046-44a7-b879-d9a2b4ebcc23:192.168.151.109:33183, 7e90aeec-bac9-41fb-9856-2cf722469481:192.168.151.109:39965, f0429ba4-43cb-400b-9639-b72cd1260ed1:192.168.151.109:34664], old=null
2019-09-26 20:40:25,093 [pool-112-thread-1] INFO  impl.RaftServerImpl (RaftServerImpl.java:setRole(174)) - db9f8549-f046-44a7-b879-d9a2b4ebcc23@group-D265E6A32F90: changes role from      null to FOLLOWER at term 0 for startAsFollower
2019-09-26 20:40:25,094 [pool-112-thread-1] INFO  impl.RoleInfo (RoleInfo.java:updateAndGet(143)) - db9f8549-f046-44a7-b879-d9a2b4ebcc23: start FollowerState
2019-09-26 20:40:25,094 [pool-82-thread-1] INFO  impl.RaftServerImpl (RaftServerImpl.java:start(185)) - f0429ba4-43cb-400b-9639-b72cd1260ed1@group-D265E6A32F90: start as a follower, conf=-1: [db9f8549-f046-44a7-b879-d9a2b4ebcc23:192.168.151.109:33183, 7e90aeec-bac9-41fb-9856-2cf722469481:192.168.151.109:39965, f0429ba4-43cb-400b-9639-b72cd1260ed1:192.168.151.109:34664], old=null
2019-09-26 20:40:25,109 [pool-82-thread-1] INFO  impl.RaftServerImpl (RaftServerImpl.java:setRole(174)) - f0429ba4-43cb-400b-9639-b72cd1260ed1@group-D265E6A32F90: changes role from      null to FOLLOWER at term 0 for startAsFollower
2019-09-26 20:40:25,112 [pool-112-thread-1] INFO  util.JmxRegister (JmxRegister.java:tryRegister(44)) - Successfully registered JMX Bean with object name Ratis:service=RaftServer,group=group-D265E6A32F90,id=db9f8549-f046-44a7-b879-d9a2b4ebcc23
2019-09-26 20:40:25,112 [pool-82-thread-1] INFO  impl.RoleInfo (RoleInfo.java:updateAndGet(143)) - f0429ba4-43cb-400b-9639-b72cd1260ed1: start FollowerState
2019-09-26 20:40:25,113 [pool-82-thread-1] INFO  util.JmxRegister (JmxRegister.java:tryRegister(44)) - Successfully registered JMX Bean with object name Ratis:service=RaftServer,group=group-D265E6A32F90,id=f0429ba4-43cb-400b-9639-b72cd1260ed1
2019-09-26 20:40:25,121 [RatisPipelineUtilsThread] INFO  pipeline.PipelineStateManager (PipelineStateManager.java:addPipeline(56)) - Created pipeline Pipeline[ Id: 537c930c-7f57-43c0-bae5-d265e6a32f90, Nodes: f0429ba4-43cb-400b-9639-b72cd1260ed1{ip: 192.168.151.109, host: pr-hdds-2162-kpcbn-4093309294, networkLocation: /default-rack, certSerialId: null}db9f8549-f046-44a7-b879-d9a2b4ebcc23{ip: 192.168.151.109, host: pr-hdds-2162-kpcbn-4093309294, networkLocation: /default-rack, certSerialId: null}7e90aeec-bac9-41fb-9856-2cf722469481{ip: 192.168.151.109, host: pr-hdds-2162-kpcbn-4093309294, networkLocation: /default-rack, certSerialId: null}, Type:RATIS, Factor:THREE, State:OPEN]
2019-09-26 20:40:25,143 [grpc-default-executor-1] INFO  impl.RaftServerProxy (RaftServerProxy.java:addNew(89)) - fef668a8-0979-4ff0-832c-cf3fbad71c9a: addNew group-BEF04E0E1E90:[fef668a8-0979-4ff0-832c-cf3fbad71c9a:192.168.151.109:43291, da21f5f5-e8ec-4b24-90d9-bf0dee0f359b:192.168.151.109:38243, 09a81ee9-6885-4381-b9d0-5021c7bf0916:192.168.151.109:37603] returns group-BEF04E0E1E90:java.util.concurrent.CompletableFuture@3b6c2503[Not completed]
2019-09-26 20:40:25,144 [grpc-default-executor-2] INFO  impl.RaftServerProxy (RaftServerProxy.java:addNew(89)) - 09a81ee9-6885-4381-b9d0-5021c7bf0916: addNew group-BEF04E0E1E90:[fef668a8-0979-4ff0-832c-cf3fbad71c9a:192.168.151.109:43291, da21f5f5-e8ec-4b24-90d9-bf0dee0f359b:192.168.151.109:38243, 09a81ee9-6885-4381-b9d0-5021c7bf0916:192.168.151.109:37603] returns group-BEF04E0E1E90:java.util.concurrent.CompletableFuture@1516ea0c[Not completed]
2019-09-26 20:40:25,144 [grpc-default-executor-0] INFO  impl.RaftServerProxy (RaftServerProxy.java:addNew(89)) - da21f5f5-e8ec-4b24-90d9-bf0dee0f359b: addNew group-BEF04E0E1E90:[fef668a8-0979-4ff0-832c-cf3fbad71c9a:192.168.151.109:43291, da21f5f5-e8ec-4b24-90d9-bf0dee0f359b:192.168.151.109:38243, 09a81ee9-6885-4381-b9d0-5021c7bf0916:192.168.151.109:37603] returns group-BEF04E0E1E90:java.util.concurrent.CompletableFuture@60e02b42[Not completed]
2019-09-26 20:40:25,147 [pool-72-thread-1] INFO  impl.RaftServerImpl (RaftServerImpl.java:<init>(95)) - 09a81ee9-6885-4381-b9d0-5021c7bf0916: new RaftServerImpl for group-BEF04E0E1E90:[fef668a8-0979-4ff0-832c-cf3fbad71c9a:192.168.151.109:43291, da21f5f5-e8ec-4b24-90d9-bf0dee0f359b:192.168.151.109:38243, 09a81ee9-6885-4381-b9d0-5021c7bf0916:192.168.151.109:37603] with ContainerStateMachine:uninitialized
2019-09-26 20:40:25,147 [pool-72-thread-1] INFO  server.RaftServerConfigKeys (ConfUtils.java:logGet(43)) - raft.server.rpc.timeout.min = 5s (custom)
2019-09-26 20:40:25,148 [pool-72-thread-1] INFO  server.RaftServerConfigKeys (ConfUtils.java:logGet(43)) - raft.server.rpc.timeout.max = 5200ms (custom)
2019-09-26 20:40:25,148 [pool-72-thread-1] INFO  server.RaftServerConfigKeys (ConfUtils.java:logGet(43)) - raft.server.rpcslowness.timeout = 120s (custom)
2019-09-26 20:40:25,148 [pool-72-thread-1] INFO  server.RaftServerConfigKeys (ConfUtils.java:logGet(43)) - raft.server.sleep.deviation.threshold = 300 (default)
2019-09-26 20:40:25,148 [pool-72-thread-1] INFO  server.RaftServerConfigKeys (ConfUtils.java:logGet(43)) - raft.server.log.appender.install.snapshot.enabled = false (custom)
2019-09-26 20:40:25,148 [pool-72-thread-1] INFO  impl.RaftServerImpl (ServerState.java:<init>(103)) - 09a81ee9-6885-4381-b9d0-5021c7bf0916@group-BEF04E0E1E90: ConfigurationManager, init=-1: [fef668a8-0979-4ff0-832c-cf3fbad71c9a:192.168.151.109:43291, da21f5f5-e8ec-4b24-90d9-bf0dee0f359b:192.168.151.109:38243, 09a81ee9-6885-4381-b9d0-5021c7bf0916:192.168.151.109:37603], old=null, confs=<EMPTY_MAP>
2019-09-26 20:40:25,148 [pool-102-thread-1] INFO  impl.RaftServerImpl (RaftServerImpl.java:<init>(95)) - da21f5f5-e8ec-4b24-90d9-bf0dee0f359b: new RaftServerImpl for group-BEF04E0E1E90:[fef668a8-0979-4ff0-832c-cf3fbad71c9a:192.168.151.109:43291, da21f5f5-e8ec-4b24-90d9-bf0dee0f359b:192.168.151.109:38243, 09a81ee9-6885-4381-b9d0-5021c7bf0916:192.168.151.109:37603] with ContainerStateMachine:uninitialized
2019-09-26 20:40:25,148 [pool-72-thread-1] INFO  server.RaftServerConfigKeys (ConfUtils.java:logGet(43)) - raft.server.storage.dir = [/workdir/hadoop-ozone/integration-test/target/test-dir/MiniOzoneClusterImpl-5456f64d-b184-4e59-8568-45c19435e1d5/datanode-4/data/ratis] (custom)
2019-09-26 20:40:25,148 [pool-102-thread-1] INFO  server.RaftServerConfigKeys (ConfUtils.java:logGet(43)) - raft.server.rpc.timeout.min = 5s (custom)
2019-09-26 20:40:25,149 [pool-102-thread-1] INFO  server.RaftServerConfigKeys (ConfUtils.java:logGet(43)) - raft.server.rpc.timeout.max = 5200ms (custom)
2019-09-26 20:40:25,149 [pool-42-thread-1] INFO  impl.RaftServerImpl (RaftServerImpl.java:<init>(95)) - fef668a8-0979-4ff0-832c-cf3fbad71c9a: new RaftServerImpl for group-BEF04E0E1E90:[fef668a8-0979-4ff0-832c-cf3fbad71c9a:192.168.151.109:43291, da21f5f5-e8ec-4b24-90d9-bf0dee0f359b:192.168.151.109:38243, 09a81ee9-6885-4381-b9d0-5021c7bf0916:192.168.151.109:37603] with ContainerStateMachine:uninitialized
2019-09-26 20:40:25,149 [pool-102-thread-1] INFO  server.RaftServerConfigKeys (ConfUtils.java:logGet(43)) - raft.server.rpcslowness.timeout = 120s (custom)
2019-09-26 20:40:25,149 [pool-72-thread-1] INFO  storage.RaftStorageDirectory (RaftStorageDirectory.java:analyzeStorage(246)) - The storage directory /workdir/hadoop-ozone/integration-test/target/test-dir/MiniOzoneClusterImpl-5456f64d-b184-4e59-8568-45c19435e1d5/datanode-4/data/ratis/43434bc7-451f-4ac0-8740-bef04e0e1e90 does not exist. Creating ...
2019-09-26 20:40:25,149 [pool-102-thread-1] INFO  server.RaftServerConfigKeys (ConfUtils.java:logGet(43)) - raft.server.sleep.deviation.threshold = 300 (default)
2019-09-26 20:40:25,149 [pool-42-thread-1] INFO  server.RaftServerConfigKeys (ConfUtils.java:logGet(43)) - raft.server.rpc.timeout.min = 5s (custom)
2019-09-26 20:40:25,149 [pool-102-thread-1] INFO  server.RaftServerConfigKeys (ConfUtils.java:logGet(43)) - raft.server.log.appender.install.snapshot.enabled = false (custom)
2019-09-26 20:40:25,149 [pool-42-thread-1] INFO  server.RaftServerConfigKeys (ConfUtils.java:logGet(43)) - raft.server.rpc.timeout.max = 5200ms (custom)
2019-09-26 20:40:25,150 [pool-102-thread-1] INFO  impl.RaftServerImpl (ServerState.java:<init>(103)) - da21f5f5-e8ec-4b24-90d9-bf0dee0f359b@group-BEF04E0E1E90: ConfigurationManager, init=-1: [fef668a8-0979-4ff0-832c-cf3fbad71c9a:192.168.151.109:43291, da21f5f5-e8ec-4b24-90d9-bf0dee0f359b:192.168.151.109:38243, 09a81ee9-6885-4381-b9d0-5021c7bf0916:192.168.151.109:37603], old=null, confs=<EMPTY_MAP>
2019-09-26 20:40:25,150 [pool-42-thread-1] INFO  server.RaftServerConfigKeys (ConfUtils.java:logGet(43)) - raft.server.rpcslowness.timeout = 120s (custom)
2019-09-26 20:40:25,150 [pool-42-thread-1] INFO  server.RaftServerConfigKeys (ConfUtils.java:logGet(43)) - raft.server.sleep.deviation.threshold = 300 (default)
2019-09-26 20:40:25,150 [pool-102-thread-1] INFO  server.RaftServerConfigKeys (ConfUtils.java:logGet(43)) - raft.server.storage.dir = [/workdir/hadoop-ozone/integration-test/target/test-dir/MiniOzoneClusterImpl-5456f64d-b184-4e59-8568-45c19435e1d5/datanode-7/data/ratis] (custom)
2019-09-26 20:40:25,150 [pool-42-thread-1] INFO  server.RaftServerConfigKeys (ConfUtils.java:logGet(43)) - raft.server.log.appender.install.snapshot.enabled = false (custom)
2019-09-26 20:40:25,150 [pool-42-thread-1] INFO  impl.RaftServerImpl (ServerState.java:<init>(103)) - fef668a8-0979-4ff0-832c-cf3fbad71c9a@group-BEF04E0E1E90: ConfigurationManager, init=-1: [fef668a8-0979-4ff0-832c-cf3fbad71c9a:192.168.151.109:43291, da21f5f5-e8ec-4b24-90d9-bf0dee0f359b:192.168.151.109:38243, 09a81ee9-6885-4381-b9d0-5021c7bf0916:192.168.151.109:37603], old=null, confs=<EMPTY_MAP>
2019-09-26 20:40:25,150 [pool-102-thread-1] INFO  storage.RaftStorageDirectory (RaftStorageDirectory.java:analyzeStorage(246)) - The storage directory /workdir/hadoop-ozone/integration-test/target/test-dir/MiniOzoneClusterImpl-5456f64d-b184-4e59-8568-45c19435e1d5/datanode-7/data/ratis/43434bc7-451f-4ac0-8740-bef04e0e1e90 does not exist. Creating ...
2019-09-26 20:40:25,150 [pool-42-thread-1] INFO  server.RaftServerConfigKeys (ConfUtils.java:logGet(43)) - raft.server.storage.dir = [/workdir/hadoop-ozone/integration-test/target/test-dir/MiniOzoneClusterImpl-5456f64d-b184-4e59-8568-45c19435e1d5/datanode-1/data/ratis] (custom)
2019-09-26 20:40:25,151 [pool-42-thread-1] INFO  storage.RaftStorageDirectory (RaftStorageDirectory.java:analyzeStorage(246)) - The storage directory /workdir/hadoop-ozone/integration-test/target/test-dir/MiniOzoneClusterImpl-5456f64d-b184-4e59-8568-45c19435e1d5/datanode-1/data/ratis/43434bc7-451f-4ac0-8740-bef04e0e1e90 does not exist. Creating ...
2019-09-26 20:40:25,172 [pool-42-thread-1] INFO  storage.RaftStorageDirectory (RaftStorageDirectory.java:tryLock(328)) - Lock on /workdir/hadoop-ozone/integration-test/target/test-dir/MiniOzoneClusterImpl-5456f64d-b184-4e59-8568-45c19435e1d5/datanode-1/data/ratis/43434bc7-451f-4ac0-8740-bef04e0e1e90/in_use.lock acquired by nodename 9021@pr-hdds-2162-kpcbn-4093309294
2019-09-26 20:40:25,173 [pool-72-thread-1] INFO  storage.RaftStorageDirectory (RaftStorageDirectory.java:tryLock(328)) - Lock on /workdir/hadoop-ozone/integration-test/target/test-dir/MiniOzoneClusterImpl-5456f64d-b184-4e59-8568-45c19435e1d5/datanode-4/data/ratis/43434bc7-451f-4ac0-8740-bef04e0e1e90/in_use.lock acquired by nodename 9021@pr-hdds-2162-kpcbn-4093309294
2019-09-26 20:40:25,172 [pool-102-thread-1] INFO  storage.RaftStorageDirectory (RaftStorageDirectory.java:tryLock(328)) - Lock on /workdir/hadoop-ozone/integration-test/target/test-dir/MiniOzoneClusterImpl-5456f64d-b184-4e59-8568-45c19435e1d5/datanode-7/data/ratis/43434bc7-451f-4ac0-8740-bef04e0e1e90/in_use.lock acquired by nodename 9021@pr-hdds-2162-kpcbn-4093309294
2019-09-26 20:40:25,194 [pool-72-thread-1] INFO  storage.RaftStorage (RaftStorage.java:format(72)) - Storage directory /workdir/hadoop-ozone/integration-test/target/test-dir/MiniOzoneClusterImpl-5456f64d-b184-4e59-8568-45c19435e1d5/datanode-4/data/ratis/43434bc7-451f-4ac0-8740-bef04e0e1e90 has been successfully formatted.
2019-09-26 20:40:25,194 [pool-102-thread-1] INFO  storage.RaftStorage (RaftStorage.java:format(72)) - Storage directory /workdir/hadoop-ozone/integration-test/target/test-dir/MiniOzoneClusterImpl-5456f64d-b184-4e59-8568-45c19435e1d5/datanode-7/data/ratis/43434bc7-451f-4ac0-8740-bef04e0e1e90 has been successfully formatted.
2019-09-26 20:40:25,194 [pool-42-thread-1] INFO  storage.RaftStorage (RaftStorage.java:format(72)) - Storage directory /workdir/hadoop-ozone/integration-test/target/test-dir/MiniOzoneClusterImpl-5456f64d-b184-4e59-8568-45c19435e1d5/datanode-1/data/ratis/43434bc7-451f-4ac0-8740-bef04e0e1e90 has been successfully formatted.
2019-09-26 20:40:25,194 [pool-72-thread-1] INFO  ratis.ContainerStateMachine (ContainerStateMachine.java:loadSnapshot(230)) - group-BEF04E0E1E90: The snapshot info is null. Setting the last applied indexto:(t:0, i:~)
2019-09-26 20:40:25,194 [pool-102-thread-1] INFO  ratis.ContainerStateMachine (ContainerStateMachine.java:loadSnapshot(230)) - group-BEF04E0E1E90: The snapshot info is null. Setting the last applied indexto:(t:0, i:~)
2019-09-26 20:40:25,194 [pool-42-thread-1] INFO  ratis.ContainerStateMachine (ContainerStateMachine.java:loadSnapshot(230)) - group-BEF04E0E1E90: The snapshot info is null. Setting the last applied indexto:(t:0, i:~)
2019-09-26 20:40:25,195 [pool-102-thread-1] INFO  server.RaftServerConfigKeys (ConfUtils.java:logGet(43)) - raft.server.notification.no-leader.timeout = 120s (custom)
2019-09-26 20:40:25,195 [pool-42-thread-1] INFO  server.RaftServerConfigKeys (ConfUtils.java:logGet(43)) - raft.server.notification.no-leader.timeout = 120s (custom)
2019-09-26 20:40:25,194 [pool-72-thread-1] INFO  server.RaftServerConfigKeys (ConfUtils.java:logGet(43)) - raft.server.notification.no-leader.timeout = 120s (custom)
2019-09-26 20:40:25,195 [pool-42-thread-1] INFO  server.RaftServerConfigKeys (ConfUtils.java:logGet(43)) - raft.server.log.use.memory = false (default)
2019-09-26 20:40:25,195 [pool-102-thread-1] INFO  server.RaftServerConfigKeys (ConfUtils.java:logGet(43)) - raft.server.log.use.memory = false (default)
2019-09-26 20:40:25,195 [pool-42-thread-1] INFO  server.RaftServerConfigKeys (ConfUtils.java:logGet(43)) - raft.server.log.purge.gap = 1000000 (custom)
2019-09-26 20:40:25,195 [pool-72-thread-1] INFO  server.RaftServerConfigKeys (ConfUtils.java:logGet(43)) - raft.server.log.use.memory = false (default)
2019-09-26 20:40:25,195 [pool-42-thread-1] INFO  server.RaftServerConfigKeys (ConfUtils.java:logGet(43)) - raft.server.log.appender.buffer.byte-limit = 33554432 (custom)
2019-09-26 20:40:25,195 [pool-102-thread-1] INFO  server.RaftServerConfigKeys (ConfUtils.java:logGet(43)) - raft.server.log.purge.gap = 1000000 (custom)
2019-09-26 20:40:25,196 [pool-42-thread-1] INFO  server.RaftServerConfigKeys (ConfUtils.java:logGet(43)) - raft.server.log.segment.size.max = 1048576 (custom)
2019-09-26 20:40:25,196 [pool-72-thread-1] INFO  server.RaftServerConfigKeys (ConfUtils.java:logGet(43)) - raft.server.log.purge.gap = 1000000 (custom)
2019-09-26 20:40:25,196 [pool-42-thread-1] INFO  server.RaftServerConfigKeys (ConfUtils.java:logGet(43)) - raft.server.log.segment.cache.num.max = 2 (custom)
2019-09-26 20:40:25,196 [pool-102-thread-1] INFO  server.RaftServerConfigKeys (ConfUtils.java:logGet(43)) - raft.server.log.appender.buffer.byte-limit = 33554432 (custom)
2019-09-26 20:40:25,196 [pool-42-thread-1] INFO  segmented.SegmentedRaftLogWorker (SegmentedRaftLogWorker.java:<init>(172)) - new fef668a8-0979-4ff0-832c-cf3fbad71c9a@group-BEF04E0E1E90-SegmentedRaftLogWorker for RaftStorage:Storage Directory /workdir/hadoop-ozone/integration-test/target/test-dir/MiniOzoneClusterImpl-5456f64d-b184-4e59-8568-45c19435e1d5/datanode-1/data/ratis/43434bc7-451f-4ac0-8740-bef04e0e1e90
2019-09-26 20:40:25,196 [pool-72-thread-1] INFO  server.RaftServerConfigKeys (ConfUtils.java:logGet(43)) - raft.server.log.appender.buffer.byte-limit = 33554432 (custom)
2019-09-26 20:40:25,196 [pool-42-thread-1] INFO  server.RaftServerConfigKeys (ConfUtils.java:logGet(43)) - raft.server.log.queue.byte-limit = 2147483647 (custom)
2019-09-26 20:40:25,196 [pool-102-thread-1] INFO  server.RaftServerConfigKeys (ConfUtils.java:logGet(43)) - raft.server.log.segment.size.max = 1048576 (custom)
2019-09-26 20:40:25,205 [pool-42-thread-1] INFO  server.RaftServerConfigKeys (ConfUtils.java:logGet(43)) - raft.server.log.queue.element-limit = 1024 (custom)
2019-09-26 20:40:25,204 [pool-72-thread-1] INFO  server.RaftServerConfigKeys (ConfUtils.java:logGet(43)) - raft.server.log.segment.size.max = 1048576 (custom)
2019-09-26 20:40:25,205 [pool-42-thread-1] INFO  server.RaftServerConfigKeys (ConfUtils.java:logGet(43)) - raft.server.log.segment.size.max = 1048576 (custom)
2019-09-26 20:40:25,205 [pool-102-thread-1] INFO  server.RaftServerConfigKeys (ConfUtils.java:logGet(43)) - raft.server.log.segment.cache.num.max = 2 (custom)
2019-09-26 20:40:25,205 [pool-42-thread-1] INFO  server.RaftServerConfigKeys (ConfUtils.java:logGet(43)) - raft.server.log.preallocated.size = 16384 (custom)
2019-09-26 20:40:25,205 [pool-72-thread-1] INFO  server.RaftServerConfigKeys (ConfUtils.java:logGet(43)) - raft.server.log.segment.cache.num.max = 2 (custom)
2019-09-26 20:40:25,205 [pool-42-thread-1] INFO  server.RaftServerConfigKeys (ConfUtils.java:logGet(43)) - raft.server.log.write.buffer.size = 33554432 (custom)
2019-09-26 20:40:25,206 [pool-42-thread-1] INFO  server.RaftServerConfigKeys (ConfUtils.java:logGet(43)) - raft.server.log.force.sync.num = 128 (default)
2019-09-26 20:40:25,205 [pool-102-thread-1] INFO  segmented.SegmentedRaftLogWorker (SegmentedRaftLogWorker.java:<init>(172)) - new da21f5f5-e8ec-4b24-90d9-bf0dee0f359b@group-BEF04E0E1E90-SegmentedRaftLogWorker for RaftStorage:Storage Directory /workdir/hadoop-ozone/integration-test/target/test-dir/MiniOzoneClusterImpl-5456f64d-b184-4e59-8568-45c19435e1d5/datanode-7/data/ratis/43434bc7-451f-4ac0-8740-bef04e0e1e90
2019-09-26 20:40:25,206 [pool-42-thread-1] INFO  server.RaftServerConfigKeys (ConfUtils.java:logGet(43)) - raft.server.log.statemachine.data.sync = true (default)
2019-09-26 20:40:25,205 [pool-72-thread-1] INFO  segmented.SegmentedRaftLogWorker (SegmentedRaftLogWorker.java:<init>(172)) - new 09a81ee9-6885-4381-b9d0-5021c7bf0916@group-BEF04E0E1E90-SegmentedRaftLogWorker for RaftStorage:Storage Directory /workdir/hadoop-ozone/integration-test/target/test-dir/MiniOzoneClusterImpl-5456f64d-b184-4e59-8568-45c19435e1d5/datanode-4/data/ratis/43434bc7-451f-4ac0-8740-bef04e0e1e90
2019-09-26 20:40:25,206 [pool-42-thread-1] INFO  server.RaftServerConfigKeys (ConfUtils.java:logGet(43)) - raft.server.log.statemachine.data.sync.timeout = 10s (default)
2019-09-26 20:40:25,206 [pool-102-thread-1] INFO  server.RaftServerConfigKeys (ConfUtils.java:logGet(43)) - raft.server.log.queue.byte-limit = 2147483647 (custom)
2019-09-26 20:40:25,206 [pool-42-thread-1] INFO  server.RaftServerConfigKeys (ConfUtils.java:logGet(43)) - raft.server.log.statemachine.data.sync.timeout.retry = -1 (default)
2019-09-26 20:40:25,206 [pool-72-thread-1] INFO  server.RaftServerConfigKeys (ConfUtils.java:logGet(43)) - raft.server.log.queue.byte-limit = 2147483647 (custom)
2019-09-26 20:40:25,206 [pool-42-thread-1] INFO  server.RaftServerConfigKeys (ConfUtils.java:logGet(43)) - raft.server.log.statemachine.data.caching.enabled = true (custom)
2019-09-26 20:40:25,206 [pool-102-thread-1] INFO  server.RaftServerConfigKeys (ConfUtils.java:logGet(43)) - raft.server.log.queue.element-limit = 1024 (custom)
2019-09-26 20:40:25,207 [pool-72-thread-1] INFO  server.RaftServerConfigKeys (ConfUtils.java:logGet(43)) - raft.server.log.queue.element-limit = 1024 (custom)
2019-09-26 20:40:25,207 [pool-42-thread-1] INFO  segmented.SegmentedRaftLogWorker (SegmentedRaftLogWorker.java:lambda$new$0(132)) - fef668a8-0979-4ff0-832c-cf3fbad71c9a@group-BEF04E0E1E90-SegmentedRaftLogWorker: flushIndex: setUnconditionally 0 -> -1
2019-09-26 20:40:25,207 [pool-102-thread-1] INFO  server.RaftServerConfigKeys (ConfUtils.java:logGet(43)) - raft.server.log.segment.size.max = 1048576 (custom)
2019-09-26 20:40:25,207 [pool-72-thread-1] INFO  server.RaftServerConfigKeys (ConfUtils.java:logGet(43)) - raft.server.log.segment.size.max = 1048576 (custom)
2019-09-26 20:40:25,207 [pool-42-thread-1] INFO  server.RaftServerConfigKeys (ConfUtils.java:logGet(43)) - raft.server.snapshot.auto.trigger.enabled = true (custom)
2019-09-26 20:40:25,207 [pool-102-thread-1] INFO  server.RaftServerConfigKeys (ConfUtils.java:logGet(43)) - raft.server.log.preallocated.size = 16384 (custom)
2019-09-26 20:40:25,207 [pool-42-thread-1] INFO  server.RaftServerConfigKeys (ConfUtils.java:logGet(43)) - raft.server.snapshot.auto.trigger.threshold = 10000 (custom)
2019-09-26 20:40:25,207 [pool-72-thread-1] INFO  server.RaftServerConfigKeys (ConfUtils.java:logGet(43)) - raft.server.log.preallocated.size = 16384 (custom)
2019-09-26 20:40:25,208 [pool-42-thread-1] INFO  server.RaftServerConfigKeys (ConfUtils.java:logGet(43)) - raft.server.snapshot.retention.num.files = 5 (custom)
2019-09-26 20:40:25,208 [pool-102-thread-1] INFO  server.RaftServerConfigKeys (ConfUtils.java:logGet(43)) - raft.server.log.write.buffer.size = 33554432 (custom)
2019-09-26 20:40:25,208 [pool-42-thread-1] INFO  server.RaftServerConfigKeys (ConfUtils.java:logGet(43)) - raft.server.retrycache.expirytime = 600000ms (custom)
2019-09-26 20:40:25,208 [pool-72-thread-1] INFO  server.RaftServerConfigKeys (ConfUtils.java:logGet(43)) - raft.server.log.write.buffer.size = 33554432 (custom)
2019-09-26 20:40:25,208 [pool-102-thread-1] INFO  server.RaftServerConfigKeys (ConfUtils.java:logGet(43)) - raft.server.log.force.sync.num = 128 (default)
2019-09-26 20:40:25,208 [pool-72-thread-1] INFO  server.RaftServerConfigKeys (ConfUtils.java:logGet(43)) - raft.server.log.force.sync.num = 128 (default)
2019-09-26 20:40:25,208 [pool-102-thread-1] INFO  server.RaftServerConfigKeys (ConfUtils.java:logGet(43)) - raft.server.log.statemachine.data.sync = true (default)
2019-09-26 20:40:25,209 [pool-72-thread-1] INFO  server.RaftServerConfigKeys (ConfUtils.java:logGet(43)) - raft.server.log.statemachine.data.sync = true (default)
2019-09-26 20:40:25,209 [pool-102-thread-1] INFO  server.RaftServerConfigKeys (ConfUtils.java:logGet(43)) - raft.server.log.statemachine.data.sync.timeout = 10s (default)
2019-09-26 20:40:25,209 [pool-72-thread-1] INFO  server.RaftServerConfigKeys (ConfUtils.java:logGet(43)) - raft.server.log.statemachine.data.sync.timeout = 10s (default)
2019-09-26 20:40:25,209 [pool-102-thread-1] INFO  server.RaftServerConfigKeys (ConfUtils.java:logGet(43)) - raft.server.log.statemachine.data.sync.timeout.retry = -1 (default)
2019-09-26 20:40:25,209 [pool-72-thread-1] INFO  server.RaftServerConfigKeys (ConfUtils.java:logGet(43)) - raft.server.log.statemachine.data.sync.timeout.retry = -1 (default)
2019-09-26 20:40:25,209 [pool-102-thread-1] INFO  server.RaftServerConfigKeys (ConfUtils.java:logGet(43)) - raft.server.log.statemachine.data.caching.enabled = true (custom)
2019-09-26 20:40:25,210 [pool-72-thread-1] INFO  server.RaftServerConfigKeys (ConfUtils.java:logGet(43)) - raft.server.log.statemachine.data.caching.enabled = true (custom)
2019-09-26 20:40:25,210 [pool-102-thread-1] INFO  segmented.SegmentedRaftLogWorker (SegmentedRaftLogWorker.java:lambda$new$0(132)) - da21f5f5-e8ec-4b24-90d9-bf0dee0f359b@group-BEF04E0E1E90-SegmentedRaftLogWorker: flushIndex: setUnconditionally 0 -> -1
2019-09-26 20:40:25,210 [pool-102-thread-1] INFO  server.RaftServerConfigKeys (ConfUtils.java:logGet(43)) - raft.server.snapshot.auto.trigger.enabled = true (custom)
2019-09-26 20:40:25,210 [pool-72-thread-1] INFO  segmented.SegmentedRaftLogWorker (SegmentedRaftLogWorker.java:lambda$new$0(132)) - 09a81ee9-6885-4381-b9d0-5021c7bf0916@group-BEF04E0E1E90-SegmentedRaftLogWorker: flushIndex: setUnconditionally 0 -> -1
2019-09-26 20:40:25,210 [pool-102-thread-1] INFO  server.RaftServerConfigKeys (ConfUtils.java:logGet(43)) - raft.server.snapshot.auto.trigger.threshold = 10000 (custom)
2019-09-26 20:40:25,210 [pool-102-thread-1] INFO  server.RaftServerConfigKeys (ConfUtils.java:logGet(43)) - raft.server.snapshot.retention.num.files = 5 (custom)
2019-09-26 20:40:25,210 [pool-72-thread-1] INFO  server.RaftServerConfigKeys (ConfUtils.java:logGet(43)) - raft.server.snapshot.auto.trigger.enabled = true (custom)
2019-09-26 20:40:25,210 [pool-102-thread-1] INFO  server.RaftServerConfigKeys (ConfUtils.java:logGet(43)) - raft.server.retrycache.expirytime = 600000ms (custom)
2019-09-26 20:40:25,210 [pool-42-thread-1] INFO  impl.RaftServerImpl (RaftServerImpl.java:start(185)) - fef668a8-0979-4ff0-832c-cf3fbad71c9a@group-BEF04E0E1E90: start as a follower, conf=-1: [fef668a8-0979-4ff0-832c-cf3fbad71c9a:192.168.151.109:43291, da21f5f5-e8ec-4b24-90d9-bf0dee0f359b:192.168.151.109:38243, 09a81ee9-6885-4381-b9d0-5021c7bf0916:192.168.151.109:37603], old=null
2019-09-26 20:40:25,211 [pool-72-thread-1] INFO  server.RaftServerConfigKeys (ConfUtils.java:logGet(43)) - raft.server.snapshot.auto.trigger.threshold = 10000 (custom)
2019-09-26 20:40:25,211 [pool-42-thread-1] INFO  impl.RaftServerImpl (RaftServerImpl.java:setRole(174)) - fef668a8-0979-4ff0-832c-cf3fbad71c9a@group-BEF04E0E1E90: changes role from      null to FOLLOWER at term 0 for startAsFollower
2019-09-26 20:40:25,211 [pool-72-thread-1] INFO  server.RaftServerConfigKeys (ConfUtils.java:logGet(43)) - raft.server.snapshot.retention.num.files = 5 (custom)
2019-09-26 20:40:25,211 [pool-42-thread-1] INFO  impl.RoleInfo (RoleInfo.java:updateAndGet(143)) - fef668a8-0979-4ff0-832c-cf3fbad71c9a: start FollowerState
2019-09-26 20:40:25,211 [pool-72-thread-1] INFO  server.RaftServerConfigKeys (ConfUtils.java:logGet(43)) - raft.server.retrycache.expirytime = 600000ms (custom)
2019-09-26 20:40:25,211 [pool-42-thread-1] INFO  util.JmxRegister (JmxRegister.java:tryRegister(44)) - Successfully registered JMX Bean with object name Ratis:service=RaftServer,group=group-BEF04E0E1E90,id=fef668a8-0979-4ff0-832c-cf3fbad71c9a
2019-09-26 20:40:25,213 [pool-102-thread-1] INFO  impl.RaftServerImpl (RaftServerImpl.java:start(185)) - da21f5f5-e8ec-4b24-90d9-bf0dee0f359b@group-BEF04E0E1E90: start as a follower, conf=-1: [fef668a8-0979-4ff0-832c-cf3fbad71c9a:192.168.151.109:43291, da21f5f5-e8ec-4b24-90d9-bf0dee0f359b:192.168.151.109:38243, 09a81ee9-6885-4381-b9d0-5021c7bf0916:192.168.151.109:37603], old=null
2019-09-26 20:40:25,214 [pool-102-thread-1] INFO  impl.RaftServerImpl (RaftServerImpl.java:setRole(174)) - da21f5f5-e8ec-4b24-90d9-bf0dee0f359b@group-BEF04E0E1E90: changes role from      null to FOLLOWER at term 0 for startAsFollower
2019-09-26 20:40:25,214 [pool-102-thread-1] INFO  impl.RoleInfo (RoleInfo.java:updateAndGet(143)) - da21f5f5-e8ec-4b24-90d9-bf0dee0f359b: start FollowerState
2019-09-26 20:40:25,223 [pool-102-thread-1] INFO  util.JmxRegister (JmxRegister.java:tryRegister(44)) - Successfully registered JMX Bean with object name Ratis:service=RaftServer,group=group-BEF04E0E1E90,id=da21f5f5-e8ec-4b24-90d9-bf0dee0f359b
2019-09-26 20:40:25,225 [pool-72-thread-1] INFO  impl.RaftServerImpl (RaftServerImpl.java:start(185)) - 09a81ee9-6885-4381-b9d0-5021c7bf0916@group-BEF04E0E1E90: start as a follower, conf=-1: [fef668a8-0979-4ff0-832c-cf3fbad71c9a:192.168.151.109:43291, da21f5f5-e8ec-4b24-90d9-bf0dee0f359b:192.168.151.109:38243, 09a81ee9-6885-4381-b9d0-5021c7bf0916:192.168.151.109:37603], old=null
2019-09-26 20:40:25,225 [pool-72-thread-1] INFO  impl.RaftServerImpl (RaftServerImpl.java:setRole(174)) - 09a81ee9-6885-4381-b9d0-5021c7bf0916@group-BEF04E0E1E90: changes role from      null to FOLLOWER at term 0 for startAsFollower
2019-09-26 20:40:25,226 [pool-72-thread-1] INFO  impl.RoleInfo (RoleInfo.java:updateAndGet(143)) - 09a81ee9-6885-4381-b9d0-5021c7bf0916: start FollowerState
2019-09-26 20:40:25,226 [pool-72-thread-1] INFO  util.JmxRegister (JmxRegister.java:tryRegister(44)) - Successfully registered JMX Bean with object name Ratis:service=RaftServer,group=group-BEF04E0E1E90,id=09a81ee9-6885-4381-b9d0-5021c7bf0916
2019-09-26 20:40:25,234 [RatisPipelineUtilsThread] INFO  pipeline.PipelineStateManager (PipelineStateManager.java:addPipeline(56)) - Created pipeline Pipeline[ Id: 43434bc7-451f-4ac0-8740-bef04e0e1e90, Nodes: fef668a8-0979-4ff0-832c-cf3fbad71c9a{ip: 192.168.151.109, host: pr-hdds-2162-kpcbn-4093309294, networkLocation: /default-rack, certSerialId: null}da21f5f5-e8ec-4b24-90d9-bf0dee0f359b{ip: 192.168.151.109, host: pr-hdds-2162-kpcbn-4093309294, networkLocation: /default-rack, certSerialId: null}09a81ee9-6885-4381-b9d0-5021c7bf0916{ip: 192.168.151.109, host: pr-hdds-2162-kpcbn-4093309294, networkLocation: /default-rack, certSerialId: null}, Type:RATIS, Factor:THREE, State:OPEN]
2019-09-26 20:40:25,426 [main] INFO  ipc.Client (Client.java:handleConnectionFailure(948)) - Retrying connect to server: localhost/127.0.0.1:0. Already tried 0 time(s); retry policy is RetryUpToMaximumCountWithFixedSleep(maxRetries=10, sleepTime=1000 MILLISECONDS)
2019-09-26 20:40:26,427 [main] INFO  ipc.Client (Client.java:handleConnectionFailure(948)) - Retrying connect to server: localhost/127.0.0.1:0. Already tried 1 time(s); retry policy is RetryUpToMaximumCountWithFixedSleep(maxRetries=10, sleepTime=1000 MILLISECONDS)
2019-09-26 20:40:27,429 [main] INFO  ipc.Client (Client.java:handleConnectionFailure(948)) - Retrying connect to server: localhost/127.0.0.1:0. Already tried 2 time(s); retry policy is RetryUpToMaximumCountWithFixedSleep(maxRetries=10, sleepTime=1000 MILLISECONDS)
2019-09-26 20:40:28,329 [Thread-296] INFO  impl.FollowerState (FollowerState.java:run(106)) - fb3b0dd3-710d-46f6-9c2e-2ee6c0a15375:group-B3D8448A44AF changes to CANDIDATE, lastRpcTime:5157, electionTimeout:5156ms
2019-09-26 20:40:28,335 [Thread-296] INFO  impl.RoleInfo (RoleInfo.java:shutdownFollowerState(121)) - fb3b0dd3-710d-46f6-9c2e-2ee6c0a15375: shutdown FollowerState
2019-09-26 20:40:28,336 [Thread-296] INFO  impl.RaftServerImpl (RaftServerImpl.java:setRole(174)) - fb3b0dd3-710d-46f6-9c2e-2ee6c0a15375@group-B3D8448A44AF: changes role from  FOLLOWER to CANDIDATE at term 0 for changeToCandidate
2019-09-26 20:40:28,347 [Thread-296] INFO  impl.RoleInfo (RoleInfo.java:updateAndGet(143)) - fb3b0dd3-710d-46f6-9c2e-2ee6c0a15375: start LeaderElection
2019-09-26 20:40:28,369 [fb3b0dd3-710d-46f6-9c2e-2ee6c0a15375@group-B3D8448A44AF:LeaderElection1] INFO  impl.LeaderElection (LeaderElection.java:askForVotes(182)) - fb3b0dd3-710d-46f6-9c2e-2ee6c0a15375@group-B3D8448A44AF:LeaderElection1: begin an election at term 1 for -1: [fb3b0dd3-710d-46f6-9c2e-2ee6c0a15375:192.168.151.109:39680], old=null
2019-09-26 20:40:28,372 [fb3b0dd3-710d-46f6-9c2e-2ee6c0a15375@group-B3D8448A44AF:LeaderElection1] INFO  impl.RoleInfo (RoleInfo.java:shutdownLeaderElection(134)) - fb3b0dd3-710d-46f6-9c2e-2ee6c0a15375: shutdown LeaderElection
2019-09-26 20:40:28,373 [fb3b0dd3-710d-46f6-9c2e-2ee6c0a15375@group-B3D8448A44AF:LeaderElection1] INFO  impl.RaftServerImpl (RaftServerImpl.java:setRole(174)) - fb3b0dd3-710d-46f6-9c2e-2ee6c0a15375@group-B3D8448A44AF: changes role from CANDIDATE to LEADER at term 1 for changeToLeader
2019-09-26 20:40:28,374 [fb3b0dd3-710d-46f6-9c2e-2ee6c0a15375@group-B3D8448A44AF:LeaderElection1] INFO  impl.RaftServerImpl (ServerState.java:setLeader(253)) - fb3b0dd3-710d-46f6-9c2e-2ee6c0a15375@group-B3D8448A44AF: change Leader from null to fb3b0dd3-710d-46f6-9c2e-2ee6c0a15375 at term 1 for becomeLeader, leader elected after 5714ms
2019-09-26 20:40:28,385 [fb3b0dd3-710d-46f6-9c2e-2ee6c0a15375@group-B3D8448A44AF:LeaderElection1] INFO  server.RaftServerConfigKeys (ConfUtils.java:logGet(43)) - raft.server.staging.catchup.gap = 1000 (default)
2019-09-26 20:40:28,385 [fb3b0dd3-710d-46f6-9c2e-2ee6c0a15375@group-B3D8448A44AF:LeaderElection1] INFO  server.RaftServerConfigKeys (ConfUtils.java:logGet(43)) - raft.server.rpc.sleep.time = 25ms (default)
2019-09-26 20:40:28,390 [fb3b0dd3-710d-46f6-9c2e-2ee6c0a15375@group-B3D8448A44AF:LeaderElection1] INFO  server.RaftServerConfigKeys (ConfUtils.java:logGet(43)) - raft.server.write.element-limit = 4096 (default)
2019-09-26 20:40:28,394 [fb3b0dd3-710d-46f6-9c2e-2ee6c0a15375@group-B3D8448A44AF:LeaderElection1] INFO  server.RaftServerConfigKeys (ConfUtils.java:logGet(43)) - raft.server.watch.timeout = 10s (default)
2019-09-26 20:40:28,394 [fb3b0dd3-710d-46f6-9c2e-2ee6c0a15375@group-B3D8448A44AF:LeaderElection1] INFO  server.RaftServerConfigKeys (ConfUtils.java:logGet(43)) - raft.server.watch.timeout.denomination = 1s (default)
2019-09-26 20:40:28,395 [fb3b0dd3-710d-46f6-9c2e-2ee6c0a15375@group-B3D8448A44AF:LeaderElection1] INFO  server.RaftServerConfigKeys (ConfUtils.java:logGet(43)) - raft.server.watch.element-limit = 65536 (default)
2019-09-26 20:40:28,409 [fb3b0dd3-710d-46f6-9c2e-2ee6c0a15375@group-B3D8448A44AF:LeaderElection1] INFO  impl.RoleInfo (RoleInfo.java:updateAndGet(143)) - fb3b0dd3-710d-46f6-9c2e-2ee6c0a15375: start LeaderState
2019-09-26 20:40:28,431 [main] INFO  ipc.Client (Client.java:handleConnectionFailure(948)) - Retrying connect to server: localhost/127.0.0.1:0. Already tried 3 time(s); retry policy is RetryUpToMaximumCountWithFixedSleep(maxRetries=10, sleepTime=1000 MILLISECONDS)
2019-09-26 20:40:28,432 [fb3b0dd3-710d-46f6-9c2e-2ee6c0a15375@group-B3D8448A44AF:LeaderElection1] INFO  segmented.SegmentedRaftLogWorker (SegmentedRaftLogWorker.java:startLogSegment(380)) - fb3b0dd3-710d-46f6-9c2e-2ee6c0a15375@group-B3D8448A44AF-SegmentedRaftLogWorker: Starting segment from index:0
2019-09-26 20:40:28,440 [fb3b0dd3-710d-46f6-9c2e-2ee6c0a15375@group-B3D8448A44AF:LeaderElection1] INFO  impl.RaftServerImpl (ServerState.java:setRaftConf(354)) - fb3b0dd3-710d-46f6-9c2e-2ee6c0a15375@group-B3D8448A44AF: set configuration 0: [fb3b0dd3-710d-46f6-9c2e-2ee6c0a15375:192.168.151.109:39680], old=null at 0
2019-09-26 20:40:28,566 [Thread-299] INFO  impl.FollowerState (FollowerState.java:run(106)) - 9b15866d-6b15-4ac7-b53c-ef39fa8ef2d1:group-8699FE844514 changes to CANDIDATE, lastRpcTime:5153, electionTimeout:5153ms
2019-09-26 20:40:28,571 [Thread-299] INFO  impl.RoleInfo (RoleInfo.java:shutdownFollowerState(121)) - 9b15866d-6b15-4ac7-b53c-ef39fa8ef2d1: shutdown FollowerState
2019-09-26 20:40:28,571 [Thread-299] INFO  impl.RaftServerImpl (RaftServerImpl.java:setRole(174)) - 9b15866d-6b15-4ac7-b53c-ef39fa8ef2d1@group-8699FE844514: changes role from  FOLLOWER to CANDIDATE at term 0 for changeToCandidate
2019-09-26 20:40:28,571 [Thread-299] INFO  impl.RoleInfo (RoleInfo.java:updateAndGet(143)) - 9b15866d-6b15-4ac7-b53c-ef39fa8ef2d1: start LeaderElection
2019-09-26 20:40:28,591 [9b15866d-6b15-4ac7-b53c-ef39fa8ef2d1@group-8699FE844514:LeaderElection2] INFO  impl.LeaderElection (LeaderElection.java:askForVotes(182)) - 9b15866d-6b15-4ac7-b53c-ef39fa8ef2d1@group-8699FE844514:LeaderElection2: begin an election at term 1 for -1: [9b15866d-6b15-4ac7-b53c-ef39fa8ef2d1:192.168.151.109:44954], old=null
2019-09-26 20:40:28,609 [9b15866d-6b15-4ac7-b53c-ef39fa8ef2d1@group-8699FE844514:LeaderElection2] INFO  impl.RoleInfo (RoleInfo.java:shutdownLeaderElection(134)) - 9b15866d-6b15-4ac7-b53c-ef39fa8ef2d1: shutdown LeaderElection
2019-09-26 20:40:28,610 [9b15866d-6b15-4ac7-b53c-ef39fa8ef2d1@group-8699FE844514:LeaderElection2] INFO  impl.RaftServerImpl (RaftServerImpl.java:setRole(174)) - 9b15866d-6b15-4ac7-b53c-ef39fa8ef2d1@group-8699FE844514: changes role from CANDIDATE to LEADER at term 1 for changeToLeader
2019-09-26 20:40:28,610 [9b15866d-6b15-4ac7-b53c-ef39fa8ef2d1@group-8699FE844514:LeaderElection2] INFO  impl.RaftServerImpl (ServerState.java:setLeader(253)) - 9b15866d-6b15-4ac7-b53c-ef39fa8ef2d1@group-8699FE844514: change Leader from null to 9b15866d-6b15-4ac7-b53c-ef39fa8ef2d1 at term 1 for becomeLeader, leader elected after 5213ms
2019-09-26 20:40:28,610 [9b15866d-6b15-4ac7-b53c-ef39fa8ef2d1@group-8699FE844514:LeaderElection2] INFO  server.RaftServerConfigKeys (ConfUtils.java:logGet(43)) - raft.server.staging.catchup.gap = 1000 (default)
2019-09-26 20:40:28,610 [9b15866d-6b15-4ac7-b53c-ef39fa8ef2d1@group-8699FE844514:LeaderElection2] INFO  server.RaftServerConfigKeys (ConfUtils.java:logGet(43)) - raft.server.rpc.sleep.time = 25ms (default)
2019-09-26 20:40:28,611 [9b15866d-6b15-4ac7-b53c-ef39fa8ef2d1@group-8699FE844514:LeaderElection2] INFO  server.RaftServerConfigKeys (ConfUtils.java:logGet(43)) - raft.server.write.element-limit = 4096 (default)
2019-09-26 20:40:28,611 [9b15866d-6b15-4ac7-b53c-ef39fa8ef2d1@group-8699FE844514:LeaderElection2] INFO  server.RaftServerConfigKeys (ConfUtils.java:logGet(43)) - raft.server.watch.timeout = 10s (default)
2019-09-26 20:40:28,611 [9b15866d-6b15-4ac7-b53c-ef39fa8ef2d1@group-8699FE844514:LeaderElection2] INFO  server.RaftServerConfigKeys (ConfUtils.java:logGet(43)) - raft.server.watch.timeout.denomination = 1s (default)
2019-09-26 20:40:28,611 [9b15866d-6b15-4ac7-b53c-ef39fa8ef2d1@group-8699FE844514:LeaderElection2] INFO  server.RaftServerConfigKeys (ConfUtils.java:logGet(43)) - raft.server.watch.element-limit = 65536 (default)
2019-09-26 20:40:28,615 [9b15866d-6b15-4ac7-b53c-ef39fa8ef2d1@group-8699FE844514:LeaderElection2] INFO  impl.RoleInfo (RoleInfo.java:updateAndGet(143)) - 9b15866d-6b15-4ac7-b53c-ef39fa8ef2d1: start LeaderState
2019-09-26 20:40:28,616 [9b15866d-6b15-4ac7-b53c-ef39fa8ef2d1@group-8699FE844514:LeaderElection2] INFO  segmented.SegmentedRaftLogWorker (SegmentedRaftLogWorker.java:startLogSegment(380)) - 9b15866d-6b15-4ac7-b53c-ef39fa8ef2d1@group-8699FE844514-SegmentedRaftLogWorker: Starting segment from index:0
2019-09-26 20:40:28,616 [9b15866d-6b15-4ac7-b53c-ef39fa8ef2d1@group-8699FE844514:LeaderElection2] INFO  impl.RaftServerImpl (ServerState.java:setRaftConf(354)) - 9b15866d-6b15-4ac7-b53c-ef39fa8ef2d1@group-8699FE844514: set configuration 0: [9b15866d-6b15-4ac7-b53c-ef39fa8ef2d1:192.168.151.109:44954], old=null at 0
2019-09-26 20:40:28,654 [Thread-302] INFO  impl.FollowerState (FollowerState.java:run(106)) - fdc400fc-8611-4280-8e8a-1f06e9b47363:group-36D71DCEEE6C changes to CANDIDATE, lastRpcTime:5053, electionTimeout:5045ms
2019-09-26 20:40:28,654 [fb3b0dd3-710d-46f6-9c2e-2ee6c0a15375@group-B3D8448A44AF-SegmentedRaftLogWorker] INFO  segmented.SegmentedRaftLogWorker (SegmentedRaftLogWorker.java:execute(569)) - fb3b0dd3-710d-46f6-9c2e-2ee6c0a15375@group-B3D8448A44AF-SegmentedRaftLogWorker: created new log segment /workdir/hadoop-ozone/integration-test/target/test-dir/MiniOzoneClusterImpl-5456f64d-b184-4e59-8568-45c19435e1d5/datanode-0/data/ratis/7e2d3745-e2db-41af-93e9-b3d8448a44af/current/log_inprogress_0
2019-09-26 20:40:28,654 [Thread-302] INFO  impl.RoleInfo (RoleInfo.java:shutdownFollowerState(121)) - fdc400fc-8611-4280-8e8a-1f06e9b47363: shutdown FollowerState
2019-09-26 20:40:28,654 [Thread-302] INFO  impl.RaftServerImpl (RaftServerImpl.java:setRole(174)) - fdc400fc-8611-4280-8e8a-1f06e9b47363@group-36D71DCEEE6C: changes role from  FOLLOWER to CANDIDATE at term 0 for changeToCandidate
2019-09-26 20:40:28,655 [Thread-302] INFO  impl.RoleInfo (RoleInfo.java:updateAndGet(143)) - fdc400fc-8611-4280-8e8a-1f06e9b47363: start LeaderElection
2019-09-26 20:40:28,667 [9b15866d-6b15-4ac7-b53c-ef39fa8ef2d1@group-8699FE844514-SegmentedRaftLogWorker] INFO  segmented.SegmentedRaftLogWorker (SegmentedRaftLogWorker.java:execute(569)) - 9b15866d-6b15-4ac7-b53c-ef39fa8ef2d1@group-8699FE844514-SegmentedRaftLogWorker: created new log segment /workdir/hadoop-ozone/integration-test/target/test-dir/MiniOzoneClusterImpl-5456f64d-b184-4e59-8568-45c19435e1d5/datanode-6/data/ratis/22ce50eb-c7fd-423a-8eaa-8699fe844514/current/log_inprogress_0
2019-09-26 20:40:28,667 [fdc400fc-8611-4280-8e8a-1f06e9b47363@group-36D71DCEEE6C:LeaderElection3] INFO  impl.LeaderElection (LeaderElection.java:askForVotes(182)) - fdc400fc-8611-4280-8e8a-1f06e9b47363@group-36D71DCEEE6C:LeaderElection3: begin an election at term 1 for -1: [fdc400fc-8611-4280-8e8a-1f06e9b47363:192.168.151.109:44130], old=null
2019-09-26 20:40:28,667 [fdc400fc-8611-4280-8e8a-1f06e9b47363@group-36D71DCEEE6C:LeaderElection3] INFO  impl.RoleInfo (RoleInfo.java:shutdownLeaderElection(134)) - fdc400fc-8611-4280-8e8a-1f06e9b47363: shutdown LeaderElection
2019-09-26 20:40:28,668 [fdc400fc-8611-4280-8e8a-1f06e9b47363@group-36D71DCEEE6C:LeaderElection3] INFO  impl.RaftServerImpl (RaftServerImpl.java:setRole(174)) - fdc400fc-8611-4280-8e8a-1f06e9b47363@group-36D71DCEEE6C: changes role from CANDIDATE to LEADER at term 1 for changeToLeader
2019-09-26 20:40:28,668 [fdc400fc-8611-4280-8e8a-1f06e9b47363@group-36D71DCEEE6C:LeaderElection3] INFO  impl.RaftServerImpl (ServerState.java:setLeader(253)) - fdc400fc-8611-4280-8e8a-1f06e9b47363@group-36D71DCEEE6C: change Leader from null to fdc400fc-8611-4280-8e8a-1f06e9b47363 at term 1 for becomeLeader, leader elected after 5128ms
2019-09-26 20:40:28,668 [fdc400fc-8611-4280-8e8a-1f06e9b47363@group-36D71DCEEE6C:LeaderElection3] INFO  server.RaftServerConfigKeys (ConfUtils.java:logGet(43)) - raft.server.staging.catchup.gap = 1000 (default)
2019-09-26 20:40:28,668 [fdc400fc-8611-4280-8e8a-1f06e9b47363@group-36D71DCEEE6C:LeaderElection3] INFO  server.RaftServerConfigKeys (ConfUtils.java:logGet(43)) - raft.server.rpc.sleep.time = 25ms (default)
2019-09-26 20:40:28,668 [fdc400fc-8611-4280-8e8a-1f06e9b47363@group-36D71DCEEE6C:LeaderElection3] INFO  server.RaftServerConfigKeys (ConfUtils.java:logGet(43)) - raft.server.write.element-limit = 4096 (default)
2019-09-26 20:40:28,668 [fdc400fc-8611-4280-8e8a-1f06e9b47363@group-36D71DCEEE6C:LeaderElection3] INFO  server.RaftServerConfigKeys (ConfUtils.java:logGet(43)) - raft.server.watch.timeout = 10s (default)
2019-09-26 20:40:28,669 [fdc400fc-8611-4280-8e8a-1f06e9b47363@group-36D71DCEEE6C:LeaderElection3] INFO  server.RaftServerConfigKeys (ConfUtils.java:logGet(43)) - raft.server.watch.timeout.denomination = 1s (default)
2019-09-26 20:40:28,669 [fdc400fc-8611-4280-8e8a-1f06e9b47363@group-36D71DCEEE6C:LeaderElection3] INFO  server.RaftServerConfigKeys (ConfUtils.java:logGet(43)) - raft.server.watch.element-limit = 65536 (default)
2019-09-26 20:40:28,674 [fdc400fc-8611-4280-8e8a-1f06e9b47363@group-36D71DCEEE6C:LeaderElection3] INFO  impl.RoleInfo (RoleInfo.java:updateAndGet(143)) - fdc400fc-8611-4280-8e8a-1f06e9b47363: start LeaderState
2019-09-26 20:40:28,674 [fdc400fc-8611-4280-8e8a-1f06e9b47363@group-36D71DCEEE6C:LeaderElection3] INFO  segmented.SegmentedRaftLogWorker (SegmentedRaftLogWorker.java:startLogSegment(380)) - fdc400fc-8611-4280-8e8a-1f06e9b47363@group-36D71DCEEE6C-SegmentedRaftLogWorker: Starting segment from index:0
2019-09-26 20:40:28,675 [fdc400fc-8611-4280-8e8a-1f06e9b47363@group-36D71DCEEE6C:LeaderElection3] INFO  impl.RaftServerImpl (ServerState.java:setRaftConf(354)) - fdc400fc-8611-4280-8e8a-1f06e9b47363@group-36D71DCEEE6C: set configuration 0: [fdc400fc-8611-4280-8e8a-1f06e9b47363:192.168.151.109:44130], old=null at 0
2019-09-26 20:40:28,726 [fdc400fc-8611-4280-8e8a-1f06e9b47363@group-36D71DCEEE6C-SegmentedRaftLogWorker] INFO  segmented.SegmentedRaftLogWorker (SegmentedRaftLogWorker.java:execute(569)) - fdc400fc-8611-4280-8e8a-1f06e9b47363@group-36D71DCEEE6C-SegmentedRaftLogWorker: created new log segment /workdir/hadoop-ozone/integration-test/target/test-dir/MiniOzoneClusterImpl-5456f64d-b184-4e59-8568-45c19435e1d5/datanode-9/data/ratis/1f848ad0-21ee-4048-9580-36d71dceee6c/current/log_inprogress_0
2019-09-26 20:40:28,845 [Thread-305] INFO  impl.FollowerState (FollowerState.java:run(106)) - a49488b0-9b0a-4cd9-b60f-a6a2ca33f14a:group-B3B9C385ACC1 changes to CANDIDATE, lastRpcTime:5153, electionTimeout:5153ms
2019-09-26 20:40:28,846 [Thread-305] INFO  impl.RoleInfo (RoleInfo.java:shutdownFollowerState(121)) - a49488b0-9b0a-4cd9-b60f-a6a2ca33f14a: shutdown FollowerState
2019-09-26 20:40:28,846 [Thread-305] INFO  impl.RaftServerImpl (RaftServerImpl.java:setRole(174)) - a49488b0-9b0a-4cd9-b60f-a6a2ca33f14a@group-B3B9C385ACC1: changes role from  FOLLOWER to CANDIDATE at term 0 for changeToCandidate
2019-09-26 20:40:28,846 [Thread-305] INFO  impl.RoleInfo (RoleInfo.java:updateAndGet(143)) - a49488b0-9b0a-4cd9-b60f-a6a2ca33f14a: start LeaderElection
2019-09-26 20:40:28,868 [a49488b0-9b0a-4cd9-b60f-a6a2ca33f14a@group-B3B9C385ACC1:LeaderElection4] INFO  impl.LeaderElection (LeaderElection.java:askForVotes(182)) - a49488b0-9b0a-4cd9-b60f-a6a2ca33f14a@group-B3B9C385ACC1:LeaderElection4: begin an election at term 1 for -1: [a49488b0-9b0a-4cd9-b60f-a6a2ca33f14a:192.168.151.109:46864], old=null
2019-09-26 20:40:28,868 [a49488b0-9b0a-4cd9-b60f-a6a2ca33f14a@group-B3B9C385ACC1:LeaderElection4] INFO  impl.RoleInfo (RoleInfo.java:shutdownLeaderElection(134)) - a49488b0-9b0a-4cd9-b60f-a6a2ca33f14a: shutdown LeaderElection
2019-09-26 20:40:28,868 [a49488b0-9b0a-4cd9-b60f-a6a2ca33f14a@group-B3B9C385ACC1:LeaderElection4] INFO  impl.RaftServerImpl (RaftServerImpl.java:setRole(174)) - a49488b0-9b0a-4cd9-b60f-a6a2ca33f14a@group-B3B9C385ACC1: changes role from CANDIDATE to LEADER at term 1 for changeToLeader
2019-09-26 20:40:28,868 [a49488b0-9b0a-4cd9-b60f-a6a2ca33f14a@group-B3B9C385ACC1:LeaderElection4] INFO  impl.RaftServerImpl (ServerState.java:setLeader(253)) - a49488b0-9b0a-4cd9-b60f-a6a2ca33f14a@group-B3B9C385ACC1: change Leader from null to a49488b0-9b0a-4cd9-b60f-a6a2ca33f14a at term 1 for becomeLeader, leader elected after 5193ms
2019-09-26 20:40:28,869 [a49488b0-9b0a-4cd9-b60f-a6a2ca33f14a@group-B3B9C385ACC1:LeaderElection4] INFO  server.RaftServerConfigKeys (ConfUtils.java:logGet(43)) - raft.server.staging.catchup.gap = 1000 (default)
2019-09-26 20:40:28,869 [a49488b0-9b0a-4cd9-b60f-a6a2ca33f14a@group-B3B9C385ACC1:LeaderElection4] INFO  server.RaftServerConfigKeys (ConfUtils.java:logGet(43)) - raft.server.rpc.sleep.time = 25ms (default)
2019-09-26 20:40:28,869 [a49488b0-9b0a-4cd9-b60f-a6a2ca33f14a@group-B3B9C385ACC1:LeaderElection4] INFO  server.RaftServerConfigKeys (ConfUtils.java:logGet(43)) - raft.server.write.element-limit = 4096 (default)
2019-09-26 20:40:28,869 [a49488b0-9b0a-4cd9-b60f-a6a2ca33f14a@group-B3B9C385ACC1:LeaderElection4] INFO  server.RaftServerConfigKeys (ConfUtils.java:logGet(43)) - raft.server.watch.timeout = 10s (default)
2019-09-26 20:40:28,869 [a49488b0-9b0a-4cd9-b60f-a6a2ca33f14a@group-B3B9C385ACC1:LeaderElection4] INFO  server.RaftServerConfigKeys (ConfUtils.java:logGet(43)) - raft.server.watch.timeout.denomination = 1s (default)
2019-09-26 20:40:28,869 [a49488b0-9b0a-4cd9-b60f-a6a2ca33f14a@group-B3B9C385ACC1:LeaderElection4] INFO  server.RaftServerConfigKeys (ConfUtils.java:logGet(43)) - raft.server.watch.element-limit = 65536 (default)
2019-09-26 20:40:28,873 [a49488b0-9b0a-4cd9-b60f-a6a2ca33f14a@group-B3B9C385ACC1:LeaderElection4] INFO  impl.RoleInfo (RoleInfo.java:updateAndGet(143)) - a49488b0-9b0a-4cd9-b60f-a6a2ca33f14a: start LeaderState
2019-09-26 20:40:28,873 [a49488b0-9b0a-4cd9-b60f-a6a2ca33f14a@group-B3B9C385ACC1:LeaderElection4] INFO  segmented.SegmentedRaftLogWorker (SegmentedRaftLogWorker.java:startLogSegment(380)) - a49488b0-9b0a-4cd9-b60f-a6a2ca33f14a@group-B3B9C385ACC1-SegmentedRaftLogWorker: Starting segment from index:0
2019-09-26 20:40:28,874 [a49488b0-9b0a-4cd9-b60f-a6a2ca33f14a@group-B3B9C385ACC1:LeaderElection4] INFO  impl.RaftServerImpl (ServerState.java:setRaftConf(354)) - a49488b0-9b0a-4cd9-b60f-a6a2ca33f14a@group-B3B9C385ACC1: set configuration 0: [a49488b0-9b0a-4cd9-b60f-a6a2ca33f14a:192.168.151.109:46864], old=null at 0
2019-09-26 20:40:28,916 [Thread-308] INFO  impl.FollowerState (FollowerState.java:run(106)) - f0429ba4-43cb-400b-9639-b72cd1260ed1:group-CF7B09E751C4 changes to CANDIDATE, lastRpcTime:5124, electionTimeout:5087ms
2019-09-26 20:40:28,916 [Thread-308] INFO  impl.RoleInfo (RoleInfo.java:shutdownFollowerState(121)) - f0429ba4-43cb-400b-9639-b72cd1260ed1: shutdown FollowerState
2019-09-26 20:40:28,916 [Thread-308] INFO  impl.RaftServerImpl (RaftServerImpl.java:setRole(174)) - f0429ba4-43cb-400b-9639-b72cd1260ed1@group-CF7B09E751C4: changes role from  FOLLOWER to CANDIDATE at term 0 for changeToCandidate
2019-09-26 20:40:28,917 [Thread-308] INFO  impl.RoleInfo (RoleInfo.java:updateAndGet(143)) - f0429ba4-43cb-400b-9639-b72cd1260ed1: start LeaderElection
2019-09-26 20:40:28,930 [a49488b0-9b0a-4cd9-b60f-a6a2ca33f14a@group-B3B9C385ACC1-SegmentedRaftLogWorker] INFO  segmented.SegmentedRaftLogWorker (SegmentedRaftLogWorker.java:execute(569)) - a49488b0-9b0a-4cd9-b60f-a6a2ca33f14a@group-B3B9C385ACC1-SegmentedRaftLogWorker: created new log segment /workdir/hadoop-ozone/integration-test/target/test-dir/MiniOzoneClusterImpl-5456f64d-b184-4e59-8568-45c19435e1d5/datanode-2/data/ratis/df0cb035-c953-461e-a01a-b3b9c385acc1/current/log_inprogress_0
2019-09-26 20:40:28,930 [f0429ba4-43cb-400b-9639-b72cd1260ed1@group-CF7B09E751C4:LeaderElection5] INFO  impl.LeaderElection (LeaderElection.java:askForVotes(182)) - f0429ba4-43cb-400b-9639-b72cd1260ed1@group-CF7B09E751C4:LeaderElection5: begin an election at term 1 for -1: [f0429ba4-43cb-400b-9639-b72cd1260ed1:192.168.151.109:34664], old=null
2019-09-26 20:40:28,930 [f0429ba4-43cb-400b-9639-b72cd1260ed1@group-CF7B09E751C4:LeaderElection5] INFO  impl.RoleInfo (RoleInfo.java:shutdownLeaderElection(134)) - f0429ba4-43cb-400b-9639-b72cd1260ed1: shutdown LeaderElection
2019-09-26 20:40:28,931 [f0429ba4-43cb-400b-9639-b72cd1260ed1@group-CF7B09E751C4:LeaderElection5] INFO  impl.RaftServerImpl (RaftServerImpl.java:setRole(174)) - f0429ba4-43cb-400b-9639-b72cd1260ed1@group-CF7B09E751C4: changes role from CANDIDATE to LEADER at term 1 for changeToLeader
2019-09-26 20:40:28,931 [f0429ba4-43cb-400b-9639-b72cd1260ed1@group-CF7B09E751C4:LeaderElection5] INFO  impl.RaftServerImpl (ServerState.java:setLeader(253)) - f0429ba4-43cb-400b-9639-b72cd1260ed1@group-CF7B09E751C4: change Leader from null to f0429ba4-43cb-400b-9639-b72cd1260ed1 at term 1 for becomeLeader, leader elected after 5152ms
2019-09-26 20:40:28,931 [f0429ba4-43cb-400b-9639-b72cd1260ed1@group-CF7B09E751C4:LeaderElection5] INFO  server.RaftServerConfigKeys (ConfUtils.java:logGet(43)) - raft.server.staging.catchup.gap = 1000 (default)
2019-09-26 20:40:28,931 [f0429ba4-43cb-400b-9639-b72cd1260ed1@group-CF7B09E751C4:LeaderElection5] INFO  server.RaftServerConfigKeys (ConfUtils.java:logGet(43)) - raft.server.rpc.sleep.time = 25ms (default)
2019-09-26 20:40:28,931 [f0429ba4-43cb-400b-9639-b72cd1260ed1@group-CF7B09E751C4:LeaderElection5] INFO  server.RaftServerConfigKeys (ConfUtils.java:logGet(43)) - raft.server.write.element-limit = 4096 (default)
2019-09-26 20:40:28,932 [f0429ba4-43cb-400b-9639-b72cd1260ed1@group-CF7B09E751C4:LeaderElection5] INFO  server.RaftServerConfigKeys (ConfUtils.java:logGet(43)) - raft.server.watch.timeout = 10s (default)
2019-09-26 20:40:28,932 [f0429ba4-43cb-400b-9639-b72cd1260ed1@group-CF7B09E751C4:LeaderElection5] INFO  server.RaftServerConfigKeys (ConfUtils.java:logGet(43)) - raft.server.watch.timeout.denomination = 1s (default)
2019-09-26 20:40:28,932 [f0429ba4-43cb-400b-9639-b72cd1260ed1@group-CF7B09E751C4:LeaderElection5] INFO  server.RaftServerConfigKeys (ConfUtils.java:logGet(43)) - raft.server.watch.element-limit = 65536 (default)
2019-09-26 20:40:28,936 [f0429ba4-43cb-400b-9639-b72cd1260ed1@group-CF7B09E751C4:LeaderElection5] INFO  impl.RoleInfo (RoleInfo.java:updateAndGet(143)) - f0429ba4-43cb-400b-9639-b72cd1260ed1: start LeaderState
2019-09-26 20:40:28,936 [f0429ba4-43cb-400b-9639-b72cd1260ed1@group-CF7B09E751C4:LeaderElection5] INFO  segmented.SegmentedRaftLogWorker (SegmentedRaftLogWorker.java:startLogSegment(380)) - f0429ba4-43cb-400b-9639-b72cd1260ed1@group-CF7B09E751C4-SegmentedRaftLogWorker: Starting segment from index:0
2019-09-26 20:40:28,937 [f0429ba4-43cb-400b-9639-b72cd1260ed1@group-CF7B09E751C4:LeaderElection5] INFO  impl.RaftServerImpl (ServerState.java:setRaftConf(354)) - f0429ba4-43cb-400b-9639-b72cd1260ed1@group-CF7B09E751C4: set configuration 0: [f0429ba4-43cb-400b-9639-b72cd1260ed1:192.168.151.109:34664], old=null at 0
2019-09-26 20:40:28,990 [f0429ba4-43cb-400b-9639-b72cd1260ed1@group-CF7B09E751C4-SegmentedRaftLogWorker] INFO  segmented.SegmentedRaftLogWorker (SegmentedRaftLogWorker.java:execute(569)) - f0429ba4-43cb-400b-9639-b72cd1260ed1@group-CF7B09E751C4-SegmentedRaftLogWorker: created new log segment /workdir/hadoop-ozone/integration-test/target/test-dir/MiniOzoneClusterImpl-5456f64d-b184-4e59-8568-45c19435e1d5/datanode-5/data/ratis/e9614cc4-493e-4331-8880-cf7b09e751c4/current/log_inprogress_0
2019-09-26 20:40:29,036 [Thread-311] INFO  impl.FollowerState (FollowerState.java:run(106)) - db9f8549-f046-44a7-b879-d9a2b4ebcc23:group-87D778BEEA12 changes to CANDIDATE, lastRpcTime:5158, electionTimeout:5158ms
2019-09-26 20:40:29,037 [Thread-311] INFO  impl.RoleInfo (RoleInfo.java:shutdownFollowerState(121)) - db9f8549-f046-44a7-b879-d9a2b4ebcc23: shutdown FollowerState
2019-09-26 20:40:29,037 [Thread-311] INFO  impl.RaftServerImpl (RaftServerImpl.java:setRole(174)) - db9f8549-f046-44a7-b879-d9a2b4ebcc23@group-87D778BEEA12: changes role from  FOLLOWER to CANDIDATE at term 0 for changeToCandidate
2019-09-26 20:40:29,038 [Thread-311] INFO  impl.RoleInfo (RoleInfo.java:updateAndGet(143)) - db9f8549-f046-44a7-b879-d9a2b4ebcc23: start LeaderElection
2019-09-26 20:40:29,059 [db9f8549-f046-44a7-b879-d9a2b4ebcc23@group-87D778BEEA12:LeaderElection6] INFO  impl.LeaderElection (LeaderElection.java:askForVotes(182)) - db9f8549-f046-44a7-b879-d9a2b4ebcc23@group-87D778BEEA12:LeaderElection6: begin an election at term 1 for -1: [db9f8549-f046-44a7-b879-d9a2b4ebcc23:192.168.151.109:33183], old=null
2019-09-26 20:40:29,059 [db9f8549-f046-44a7-b879-d9a2b4ebcc23@group-87D778BEEA12:LeaderElection6] INFO  impl.RoleInfo (RoleInfo.java:shutdownLeaderElection(134)) - db9f8549-f046-44a7-b879-d9a2b4ebcc23: shutdown LeaderElection
2019-09-26 20:40:29,059 [db9f8549-f046-44a7-b879-d9a2b4ebcc23@group-87D778BEEA12:LeaderElection6] INFO  impl.RaftServerImpl (RaftServerImpl.java:setRole(174)) - db9f8549-f046-44a7-b879-d9a2b4ebcc23@group-87D778BEEA12: changes role from CANDIDATE to LEADER at term 1 for changeToLeader
2019-09-26 20:40:29,059 [db9f8549-f046-44a7-b879-d9a2b4ebcc23@group-87D778BEEA12:LeaderElection6] INFO  impl.RaftServerImpl (ServerState.java:setLeader(253)) - db9f8549-f046-44a7-b879-d9a2b4ebcc23@group-87D778BEEA12: change Leader from null to db9f8549-f046-44a7-b879-d9a2b4ebcc23 at term 1 for becomeLeader, leader elected after 5193ms
2019-09-26 20:40:29,060 [db9f8549-f046-44a7-b879-d9a2b4ebcc23@group-87D778BEEA12:LeaderElection6] INFO  server.RaftServerConfigKeys (ConfUtils.java:logGet(43)) - raft.server.staging.catchup.gap = 1000 (default)
2019-09-26 20:40:29,060 [db9f8549-f046-44a7-b879-d9a2b4ebcc23@group-87D778BEEA12:LeaderElection6] INFO  server.RaftServerConfigKeys (ConfUtils.java:logGet(43)) - raft.server.rpc.sleep.time = 25ms (default)
2019-09-26 20:40:29,060 [db9f8549-f046-44a7-b879-d9a2b4ebcc23@group-87D778BEEA12:LeaderElection6] INFO  server.RaftServerConfigKeys (ConfUtils.java:logGet(43)) - raft.server.write.element-limit = 4096 (default)
2019-09-26 20:40:29,060 [db9f8549-f046-44a7-b879-d9a2b4ebcc23@group-87D778BEEA12:LeaderElection6] INFO  server.RaftServerConfigKeys (ConfUtils.java:logGet(43)) - raft.server.watch.timeout = 10s (default)
2019-09-26 20:40:29,061 [db9f8549-f046-44a7-b879-d9a2b4ebcc23@group-87D778BEEA12:LeaderElection6] INFO  server.RaftServerConfigKeys (ConfUtils.java:logGet(43)) - raft.server.watch.timeout.denomination = 1s (default)
2019-09-26 20:40:29,061 [db9f8549-f046-44a7-b879-d9a2b4ebcc23@group-87D778BEEA12:LeaderElection6] INFO  server.RaftServerConfigKeys (ConfUtils.java:logGet(43)) - raft.server.watch.element-limit = 65536 (default)
2019-09-26 20:40:29,066 [db9f8549-f046-44a7-b879-d9a2b4ebcc23@group-87D778BEEA12:LeaderElection6] INFO  impl.RoleInfo (RoleInfo.java:updateAndGet(143)) - db9f8549-f046-44a7-b879-d9a2b4ebcc23: start LeaderState
2019-09-26 20:40:29,066 [db9f8549-f046-44a7-b879-d9a2b4ebcc23@group-87D778BEEA12:LeaderElection6] INFO  segmented.SegmentedRaftLogWorker (SegmentedRaftLogWorker.java:startLogSegment(380)) - db9f8549-f046-44a7-b879-d9a2b4ebcc23@group-87D778BEEA12-SegmentedRaftLogWorker: Starting segment from index:0
2019-09-26 20:40:29,067 [db9f8549-f046-44a7-b879-d9a2b4ebcc23@group-87D778BEEA12:LeaderElection6] INFO  impl.RaftServerImpl (ServerState.java:setRaftConf(354)) - db9f8549-f046-44a7-b879-d9a2b4ebcc23@group-87D778BEEA12: set configuration 0: [db9f8549-f046-44a7-b879-d9a2b4ebcc23:192.168.151.109:33183], old=null at 0
2019-09-26 20:40:29,124 [db9f8549-f046-44a7-b879-d9a2b4ebcc23@group-87D778BEEA12-SegmentedRaftLogWorker] INFO  segmented.SegmentedRaftLogWorker (SegmentedRaftLogWorker.java:execute(569)) - db9f8549-f046-44a7-b879-d9a2b4ebcc23@group-87D778BEEA12-SegmentedRaftLogWorker: created new log segment /workdir/hadoop-ozone/integration-test/target/test-dir/MiniOzoneClusterImpl-5456f64d-b184-4e59-8568-45c19435e1d5/datanode-8/data/ratis/902051d6-1e08-466d-a327-87d778beea12/current/log_inprogress_0
2019-09-26 20:40:29,147 [Thread-314] INFO  impl.FollowerState (FollowerState.java:run(106)) - 7e90aeec-bac9-41fb-9856-2cf722469481:group-01A130C0CB66 changes to CANDIDATE, lastRpcTime:5181, electionTimeout:5181ms
2019-09-26 20:40:29,147 [Thread-314] INFO  impl.RoleInfo (RoleInfo.java:shutdownFollowerState(121)) - 7e90aeec-bac9-41fb-9856-2cf722469481: shutdown FollowerState
2019-09-26 20:40:29,147 [Thread-314] INFO  impl.RaftServerImpl (RaftServerImpl.java:setRole(174)) - 7e90aeec-bac9-41fb-9856-2cf722469481@group-01A130C0CB66: changes role from  FOLLOWER to CANDIDATE at term 0 for changeToCandidate
2019-09-26 20:40:29,148 [Thread-314] INFO  impl.RoleInfo (RoleInfo.java:updateAndGet(143)) - 7e90aeec-bac9-41fb-9856-2cf722469481: start LeaderElection
2019-09-26 20:40:29,164 [7e90aeec-bac9-41fb-9856-2cf722469481@group-01A130C0CB66:LeaderElection7] INFO  impl.LeaderElection (LeaderElection.java:askForVotes(182)) - 7e90aeec-bac9-41fb-9856-2cf722469481@group-01A130C0CB66:LeaderElection7: begin an election at term 1 for -1: [7e90aeec-bac9-41fb-9856-2cf722469481:192.168.151.109:39965], old=null
2019-09-26 20:40:29,164 [7e90aeec-bac9-41fb-9856-2cf722469481@group-01A130C0CB66:LeaderElection7] INFO  impl.RoleInfo (RoleInfo.java:shutdownLeaderElection(134)) - 7e90aeec-bac9-41fb-9856-2cf722469481: shutdown LeaderElection
2019-09-26 20:40:29,164 [7e90aeec-bac9-41fb-9856-2cf722469481@group-01A130C0CB66:LeaderElection7] INFO  impl.RaftServerImpl (RaftServerImpl.java:setRole(174)) - 7e90aeec-bac9-41fb-9856-2cf722469481@group-01A130C0CB66: changes role from CANDIDATE to LEADER at term 1 for changeToLeader
2019-09-26 20:40:29,164 [7e90aeec-bac9-41fb-9856-2cf722469481@group-01A130C0CB66:LeaderElection7] INFO  impl.RaftServerImpl (ServerState.java:setLeader(253)) - 7e90aeec-bac9-41fb-9856-2cf722469481@group-01A130C0CB66: change Leader from null to 7e90aeec-bac9-41fb-9856-2cf722469481 at term 1 for becomeLeader, leader elected after 5207ms
2019-09-26 20:40:29,165 [7e90aeec-bac9-41fb-9856-2cf722469481@group-01A130C0CB66:LeaderElection7] INFO  server.RaftServerConfigKeys (ConfUtils.java:logGet(43)) - raft.server.staging.catchup.gap = 1000 (default)
2019-09-26 20:40:29,165 [7e90aeec-bac9-41fb-9856-2cf722469481@group-01A130C0CB66:LeaderElection7] INFO  server.RaftServerConfigKeys (ConfUtils.java:logGet(43)) - raft.server.rpc.sleep.time = 25ms (default)
2019-09-26 20:40:29,165 [7e90aeec-bac9-41fb-9856-2cf722469481@group-01A130C0CB66:LeaderElection7] INFO  server.RaftServerConfigKeys (ConfUtils.java:logGet(43)) - raft.server.write.element-limit = 4096 (default)
2019-09-26 20:40:29,165 [7e90aeec-bac9-41fb-9856-2cf722469481@group-01A130C0CB66:LeaderElection7] INFO  server.RaftServerConfigKeys (ConfUtils.java:logGet(43)) - raft.server.watch.timeout = 10s (default)
2019-09-26 20:40:29,165 [7e90aeec-bac9-41fb-9856-2cf722469481@group-01A130C0CB66:LeaderElection7] INFO  server.RaftServerConfigKeys (ConfUtils.java:logGet(43)) - raft.server.watch.timeout.denomination = 1s (default)
2019-09-26 20:40:29,166 [7e90aeec-bac9-41fb-9856-2cf722469481@group-01A130C0CB66:LeaderElection7] INFO  server.RaftServerConfigKeys (ConfUtils.java:logGet(43)) - raft.server.watch.element-limit = 65536 (default)
2019-09-26 20:40:29,168 [7e90aeec-bac9-41fb-9856-2cf722469481@group-01A130C0CB66:LeaderElection7] INFO  impl.RoleInfo (RoleInfo.java:updateAndGet(143)) - 7e90aeec-bac9-41fb-9856-2cf722469481: start LeaderState
2019-09-26 20:40:29,169 [7e90aeec-bac9-41fb-9856-2cf722469481@group-01A130C0CB66:LeaderElection7] INFO  segmented.SegmentedRaftLogWorker (SegmentedRaftLogWorker.java:startLogSegment(380)) - 7e90aeec-bac9-41fb-9856-2cf722469481@group-01A130C0CB66-SegmentedRaftLogWorker: Starting segment from index:0
2019-09-26 20:40:29,169 [7e90aeec-bac9-41fb-9856-2cf722469481@group-01A130C0CB66:LeaderElection7] INFO  impl.RaftServerImpl (ServerState.java:setRaftConf(354)) - 7e90aeec-bac9-41fb-9856-2cf722469481@group-01A130C0CB66: set configuration 0: [7e90aeec-bac9-41fb-9856-2cf722469481:192.168.151.109:39965], old=null at 0
2019-09-26 20:40:29,228 [7e90aeec-bac9-41fb-9856-2cf722469481@group-01A130C0CB66-SegmentedRaftLogWorker] INFO  segmented.SegmentedRaftLogWorker (SegmentedRaftLogWorker.java:execute(569)) - 7e90aeec-bac9-41fb-9856-2cf722469481@group-01A130C0CB66-SegmentedRaftLogWorker: created new log segment /workdir/hadoop-ozone/integration-test/target/test-dir/MiniOzoneClusterImpl-5456f64d-b184-4e59-8568-45c19435e1d5/datanode-3/data/ratis/e311713b-bf40-492d-93da-01a130c0cb66/current/log_inprogress_0
2019-09-26 20:40:29,432 [main] INFO  ipc.Client (Client.java:handleConnectionFailure(948)) - Retrying connect to server: localhost/127.0.0.1:0. Already tried 4 time(s); retry policy is RetryUpToMaximumCountWithFixedSleep(maxRetries=10, sleepTime=1000 MILLISECONDS)
2019-09-26 20:40:29,562 [Thread-318] INFO  impl.FollowerState (FollowerState.java:run(106)) - fef668a8-0979-4ff0-832c-cf3fbad71c9a:group-DD2BABB85589 changes to CANDIDATE, lastRpcTime:5055, electionTimeout:5055ms
2019-09-26 20:40:29,567 [Thread-318] INFO  impl.RoleInfo (RoleInfo.java:shutdownFollowerState(121)) - fef668a8-0979-4ff0-832c-cf3fbad71c9a: shutdown FollowerState
2019-09-26 20:40:29,567 [Thread-318] INFO  impl.RaftServerImpl (RaftServerImpl.java:setRole(174)) - fef668a8-0979-4ff0-832c-cf3fbad71c9a@group-DD2BABB85589: changes role from  FOLLOWER to CANDIDATE at term 0 for changeToCandidate
2019-09-26 20:40:29,567 [Thread-318] INFO  impl.RoleInfo (RoleInfo.java:updateAndGet(143)) - fef668a8-0979-4ff0-832c-cf3fbad71c9a: start LeaderElection
2019-09-26 20:40:29,587 [fef668a8-0979-4ff0-832c-cf3fbad71c9a@group-DD2BABB85589:LeaderElection8] INFO  impl.LeaderElection (LeaderElection.java:askForVotes(182)) - fef668a8-0979-4ff0-832c-cf3fbad71c9a@group-DD2BABB85589:LeaderElection8: begin an election at term 1 for -1: [fef668a8-0979-4ff0-832c-cf3fbad71c9a:192.168.151.109:43291], old=null
2019-09-26 20:40:29,587 [fef668a8-0979-4ff0-832c-cf3fbad71c9a@group-DD2BABB85589:LeaderElection8] INFO  impl.RoleInfo (RoleInfo.java:shutdownLeaderElection(134)) - fef668a8-0979-4ff0-832c-cf3fbad71c9a: shutdown LeaderElection
2019-09-26 20:40:29,588 [fef668a8-0979-4ff0-832c-cf3fbad71c9a@group-DD2BABB85589:LeaderElection8] INFO  impl.RaftServerImpl (RaftServerImpl.java:setRole(174)) - fef668a8-0979-4ff0-832c-cf3fbad71c9a@group-DD2BABB85589: changes role from CANDIDATE to LEADER at term 1 for changeToLeader
2019-09-26 20:40:29,588 [fef668a8-0979-4ff0-832c-cf3fbad71c9a@group-DD2BABB85589:LeaderElection8] INFO  impl.RaftServerImpl (ServerState.java:setLeader(253)) - fef668a8-0979-4ff0-832c-cf3fbad71c9a@group-DD2BABB85589: change Leader from null to fef668a8-0979-4ff0-832c-cf3fbad71c9a at term 1 for becomeLeader, leader elected after 5452ms
2019-09-26 20:40:29,588 [fef668a8-0979-4ff0-832c-cf3fbad71c9a@group-DD2BABB85589:LeaderElection8] INFO  server.RaftServerConfigKeys (ConfUtils.java:logGet(43)) - raft.server.staging.catchup.gap = 1000 (default)
2019-09-26 20:40:29,588 [fef668a8-0979-4ff0-832c-cf3fbad71c9a@group-DD2BABB85589:LeaderElection8] INFO  server.RaftServerConfigKeys (ConfUtils.java:logGet(43)) - raft.server.rpc.sleep.time = 25ms (default)
2019-09-26 20:40:29,588 [fef668a8-0979-4ff0-832c-cf3fbad71c9a@group-DD2BABB85589:LeaderElection8] INFO  server.RaftServerConfigKeys (ConfUtils.java:logGet(43)) - raft.server.write.element-limit = 4096 (default)
2019-09-26 20:40:29,588 [fef668a8-0979-4ff0-832c-cf3fbad71c9a@group-DD2BABB85589:LeaderElection8] INFO  server.RaftServerConfigKeys (ConfUtils.java:logGet(43)) - raft.server.watch.timeout = 10s (default)
2019-09-26 20:40:29,589 [fef668a8-0979-4ff0-832c-cf3fbad71c9a@group-DD2BABB85589:LeaderElection8] INFO  server.RaftServerConfigKeys (ConfUtils.java:logGet(43)) - raft.server.watch.timeout.denomination = 1s (default)
2019-09-26 20:40:29,589 [fef668a8-0979-4ff0-832c-cf3fbad71c9a@group-DD2BABB85589:LeaderElection8] INFO  server.RaftServerConfigKeys (ConfUtils.java:logGet(43)) - raft.server.watch.element-limit = 65536 (default)
2019-09-26 20:40:29,592 [fef668a8-0979-4ff0-832c-cf3fbad71c9a@group-DD2BABB85589:LeaderElection8] INFO  impl.RoleInfo (RoleInfo.java:updateAndGet(143)) - fef668a8-0979-4ff0-832c-cf3fbad71c9a: start LeaderState
2019-09-26 20:40:29,592 [fef668a8-0979-4ff0-832c-cf3fbad71c9a@group-DD2BABB85589:LeaderElection8] INFO  segmented.SegmentedRaftLogWorker (SegmentedRaftLogWorker.java:startLogSegment(380)) - fef668a8-0979-4ff0-832c-cf3fbad71c9a@group-DD2BABB85589-SegmentedRaftLogWorker: Starting segment from index:0
2019-09-26 20:40:29,593 [fef668a8-0979-4ff0-832c-cf3fbad71c9a@group-DD2BABB85589:LeaderElection8] INFO  impl.RaftServerImpl (ServerState.java:setRaftConf(354)) - fef668a8-0979-4ff0-832c-cf3fbad71c9a@group-DD2BABB85589: set configuration 0: [fef668a8-0979-4ff0-832c-cf3fbad71c9a:192.168.151.109:43291], old=null at 0
2019-09-26 20:40:29,641 [fef668a8-0979-4ff0-832c-cf3fbad71c9a@group-DD2BABB85589-SegmentedRaftLogWorker] INFO  segmented.SegmentedRaftLogWorker (SegmentedRaftLogWorker.java:execute(569)) - fef668a8-0979-4ff0-832c-cf3fbad71c9a@group-DD2BABB85589-SegmentedRaftLogWorker: created new log segment /workdir/hadoop-ozone/integration-test/target/test-dir/MiniOzoneClusterImpl-5456f64d-b184-4e59-8568-45c19435e1d5/datanode-1/data/ratis/1bc3dfe5-d5ab-4790-884d-dd2babb85589/current/log_inprogress_0
2019-09-26 20:40:29,658 [Thread-321] INFO  impl.FollowerState (FollowerState.java:run(106)) - da21f5f5-e8ec-4b24-90d9-bf0dee0f359b:group-E18A73516733 changes to CANDIDATE, lastRpcTime:5047, electionTimeout:5047ms
2019-09-26 20:40:29,658 [Thread-321] INFO  impl.RoleInfo (RoleInfo.java:shutdownFollowerState(121)) - da21f5f5-e8ec-4b24-90d9-bf0dee0f359b: shutdown FollowerState
2019-09-26 20:40:29,658 [Thread-321] INFO  impl.RaftServerImpl (RaftServerImpl.java:setRole(174)) - da21f5f5-e8ec-4b24-90d9-bf0dee0f359b@group-E18A73516733: changes role from  FOLLOWER to CANDIDATE at term 0 for changeToCandidate
2019-09-26 20:40:29,658 [Thread-321] INFO  impl.RoleInfo (RoleInfo.java:updateAndGet(143)) - da21f5f5-e8ec-4b24-90d9-bf0dee0f359b: start LeaderElection
2019-09-26 20:40:29,680 [da21f5f5-e8ec-4b24-90d9-bf0dee0f359b@group-E18A73516733:LeaderElection9] INFO  impl.LeaderElection (LeaderElection.java:askForVotes(182)) - da21f5f5-e8ec-4b24-90d9-bf0dee0f359b@group-E18A73516733:LeaderElection9: begin an election at term 1 for -1: [da21f5f5-e8ec-4b24-90d9-bf0dee0f359b:192.168.151.109:38243], old=null
2019-09-26 20:40:29,680 [da21f5f5-e8ec-4b24-90d9-bf0dee0f359b@group-E18A73516733:LeaderElection9] INFO  impl.RoleInfo (RoleInfo.java:shutdownLeaderElection(134)) - da21f5f5-e8ec-4b24-90d9-bf0dee0f359b: shutdown LeaderElection
2019-09-26 20:40:29,680 [da21f5f5-e8ec-4b24-90d9-bf0dee0f359b@group-E18A73516733:LeaderElection9] INFO  impl.RaftServerImpl (RaftServerImpl.java:setRole(174)) - da21f5f5-e8ec-4b24-90d9-bf0dee0f359b@group-E18A73516733: changes role from CANDIDATE to LEADER at term 1 for changeToLeader
2019-09-26 20:40:29,680 [da21f5f5-e8ec-4b24-90d9-bf0dee0f359b@group-E18A73516733:LeaderElection9] INFO  impl.RaftServerImpl (ServerState.java:setLeader(253)) - da21f5f5-e8ec-4b24-90d9-bf0dee0f359b@group-E18A73516733: change Leader from null to da21f5f5-e8ec-4b24-90d9-bf0dee0f359b at term 1 for becomeLeader, leader elected after 5083ms
2019-09-26 20:40:29,680 [da21f5f5-e8ec-4b24-90d9-bf0dee0f359b@group-E18A73516733:LeaderElection9] INFO  server.RaftServerConfigKeys (ConfUtils.java:logGet(43)) - raft.server.staging.catchup.gap = 1000 (default)
2019-09-26 20:40:29,681 [da21f5f5-e8ec-4b24-90d9-bf0dee0f359b@group-E18A73516733:LeaderElection9] INFO  server.RaftServerConfigKeys (ConfUtils.java:logGet(43)) - raft.server.rpc.sleep.time = 25ms (default)
2019-09-26 20:40:29,681 [da21f5f5-e8ec-4b24-90d9-bf0dee0f359b@group-E18A73516733:LeaderElection9] INFO  server.RaftServerConfigKeys (ConfUtils.java:logGet(43)) - raft.server.write.element-limit = 4096 (default)
2019-09-26 20:40:29,681 [da21f5f5-e8ec-4b24-90d9-bf0dee0f359b@group-E18A73516733:LeaderElection9] INFO  server.RaftServerConfigKeys (ConfUtils.java:logGet(43)) - raft.server.watch.timeout = 10s (default)
2019-09-26 20:40:29,681 [da21f5f5-e8ec-4b24-90d9-bf0dee0f359b@group-E18A73516733:LeaderElection9] INFO  server.RaftServerConfigKeys (ConfUtils.java:logGet(43)) - raft.server.watch.timeout.denomination = 1s (default)
2019-09-26 20:40:29,681 [da21f5f5-e8ec-4b24-90d9-bf0dee0f359b@group-E18A73516733:LeaderElection9] INFO  server.RaftServerConfigKeys (ConfUtils.java:logGet(43)) - raft.server.watch.element-limit = 65536 (default)
2019-09-26 20:40:29,685 [da21f5f5-e8ec-4b24-90d9-bf0dee0f359b@group-E18A73516733:LeaderElection9] INFO  impl.RoleInfo (RoleInfo.java:updateAndGet(143)) - da21f5f5-e8ec-4b24-90d9-bf0dee0f359b: start LeaderState
2019-09-26 20:40:29,685 [da21f5f5-e8ec-4b24-90d9-bf0dee0f359b@group-E18A73516733:LeaderElection9] INFO  segmented.SegmentedRaftLogWorker (SegmentedRaftLogWorker.java:startLogSegment(380)) - da21f5f5-e8ec-4b24-90d9-bf0dee0f359b@group-E18A73516733-SegmentedRaftLogWorker: Starting segment from index:0
2019-09-26 20:40:29,685 [da21f5f5-e8ec-4b24-90d9-bf0dee0f359b@group-E18A73516733:LeaderElection9] INFO  impl.RaftServerImpl (ServerState.java:setRaftConf(354)) - da21f5f5-e8ec-4b24-90d9-bf0dee0f359b@group-E18A73516733: set configuration 0: [da21f5f5-e8ec-4b24-90d9-bf0dee0f359b:192.168.151.109:38243], old=null at 0
2019-09-26 20:40:29,733 [da21f5f5-e8ec-4b24-90d9-bf0dee0f359b@group-E18A73516733-SegmentedRaftLogWorker] INFO  segmented.SegmentedRaftLogWorker (SegmentedRaftLogWorker.java:execute(569)) - da21f5f5-e8ec-4b24-90d9-bf0dee0f359b@group-E18A73516733-SegmentedRaftLogWorker: created new log segment /workdir/hadoop-ozone/integration-test/target/test-dir/MiniOzoneClusterImpl-5456f64d-b184-4e59-8568-45c19435e1d5/datanode-7/data/ratis/1bd7f123-ff0f-4e03-8599-e18a73516733/current/log_inprogress_0
2019-09-26 20:40:29,770 [Thread-324] INFO  impl.FollowerState (FollowerState.java:run(106)) - 09a81ee9-6885-4381-b9d0-5021c7bf0916:group-DC8C20A21CC5 changes to CANDIDATE, lastRpcTime:5071, electionTimeout:5071ms
2019-09-26 20:40:29,771 [Thread-324] INFO  impl.RoleInfo (RoleInfo.java:shutdownFollowerState(121)) - 09a81ee9-6885-4381-b9d0-5021c7bf0916: shutdown FollowerState
2019-09-26 20:40:29,771 [Thread-324] INFO  impl.RaftServerImpl (RaftServerImpl.java:setRole(174)) - 09a81ee9-6885-4381-b9d0-5021c7bf0916@group-DC8C20A21CC5: changes role from  FOLLOWER to CANDIDATE at term 0 for changeToCandidate
2019-09-26 20:40:29,771 [Thread-324] INFO  impl.RoleInfo (RoleInfo.java:updateAndGet(143)) - 09a81ee9-6885-4381-b9d0-5021c7bf0916: start LeaderElection
2019-09-26 20:40:29,797 [09a81ee9-6885-4381-b9d0-5021c7bf0916@group-DC8C20A21CC5:LeaderElection10] INFO  impl.LeaderElection (LeaderElection.java:askForVotes(182)) - 09a81ee9-6885-4381-b9d0-5021c7bf0916@group-DC8C20A21CC5:LeaderElection10: begin an election at term 1 for -1: [09a81ee9-6885-4381-b9d0-5021c7bf0916:192.168.151.109:37603], old=null
2019-09-26 20:40:29,798 [09a81ee9-6885-4381-b9d0-5021c7bf0916@group-DC8C20A21CC5:LeaderElection10] INFO  impl.RoleInfo (RoleInfo.java:shutdownLeaderElection(134)) - 09a81ee9-6885-4381-b9d0-5021c7bf0916: shutdown LeaderElection
2019-09-26 20:40:29,798 [09a81ee9-6885-4381-b9d0-5021c7bf0916@group-DC8C20A21CC5:LeaderElection10] INFO  impl.RaftServerImpl (RaftServerImpl.java:setRole(174)) - 09a81ee9-6885-4381-b9d0-5021c7bf0916@group-DC8C20A21CC5: changes role from CANDIDATE to LEADER at term 1 for changeToLeader
2019-09-26 20:40:29,798 [09a81ee9-6885-4381-b9d0-5021c7bf0916@group-DC8C20A21CC5:LeaderElection10] INFO  impl.RaftServerImpl (ServerState.java:setLeader(253)) - 09a81ee9-6885-4381-b9d0-5021c7bf0916@group-DC8C20A21CC5: change Leader from null to 09a81ee9-6885-4381-b9d0-5021c7bf0916 at term 1 for becomeLeader, leader elected after 5109ms
2019-09-26 20:40:29,798 [09a81ee9-6885-4381-b9d0-5021c7bf0916@group-DC8C20A21CC5:LeaderElection10] INFO  server.RaftServerConfigKeys (ConfUtils.java:logGet(43)) - raft.server.staging.catchup.gap = 1000 (default)
2019-09-26 20:40:29,799 [09a81ee9-6885-4381-b9d0-5021c7bf0916@group-DC8C20A21CC5:LeaderElection10] INFO  server.RaftServerConfigKeys (ConfUtils.java:logGet(43)) - raft.server.rpc.sleep.time = 25ms (default)
2019-09-26 20:40:29,799 [09a81ee9-6885-4381-b9d0-5021c7bf0916@group-DC8C20A21CC5:LeaderElection10] INFO  server.RaftServerConfigKeys (ConfUtils.java:logGet(43)) - raft.server.write.element-limit = 4096 (default)
2019-09-26 20:40:29,799 [09a81ee9-6885-4381-b9d0-5021c7bf0916@group-DC8C20A21CC5:LeaderElection10] INFO  server.RaftServerConfigKeys (ConfUtils.java:logGet(43)) - raft.server.watch.timeout = 10s (default)
2019-09-26 20:40:29,799 [09a81ee9-6885-4381-b9d0-5021c7bf0916@group-DC8C20A21CC5:LeaderElection10] INFO  server.RaftServerConfigKeys (ConfUtils.java:logGet(43)) - raft.server.watch.timeout.denomination = 1s (default)
2019-09-26 20:40:29,799 [09a81ee9-6885-4381-b9d0-5021c7bf0916@group-DC8C20A21CC5:LeaderElection10] INFO  server.RaftServerConfigKeys (ConfUtils.java:logGet(43)) - raft.server.watch.element-limit = 65536 (default)
2019-09-26 20:40:29,803 [09a81ee9-6885-4381-b9d0-5021c7bf0916@group-DC8C20A21CC5:LeaderElection10] INFO  impl.RoleInfo (RoleInfo.java:updateAndGet(143)) - 09a81ee9-6885-4381-b9d0-5021c7bf0916: start LeaderState
2019-09-26 20:40:29,803 [09a81ee9-6885-4381-b9d0-5021c7bf0916@group-DC8C20A21CC5:LeaderElection10] INFO  segmented.SegmentedRaftLogWorker (SegmentedRaftLogWorker.java:startLogSegment(380)) - 09a81ee9-6885-4381-b9d0-5021c7bf0916@group-DC8C20A21CC5-SegmentedRaftLogWorker: Starting segment from index:0
2019-09-26 20:40:29,804 [09a81ee9-6885-4381-b9d0-5021c7bf0916@group-DC8C20A21CC5:LeaderElection10] INFO  impl.RaftServerImpl (ServerState.java:setRaftConf(354)) - 09a81ee9-6885-4381-b9d0-5021c7bf0916@group-DC8C20A21CC5: set configuration 0: [09a81ee9-6885-4381-b9d0-5021c7bf0916:192.168.151.109:37603], old=null at 0
2019-09-26 20:40:29,858 [09a81ee9-6885-4381-b9d0-5021c7bf0916@group-DC8C20A21CC5-SegmentedRaftLogWorker] INFO  segmented.SegmentedRaftLogWorker (SegmentedRaftLogWorker.java:execute(569)) - 09a81ee9-6885-4381-b9d0-5021c7bf0916@group-DC8C20A21CC5-SegmentedRaftLogWorker: created new log segment /workdir/hadoop-ozone/integration-test/target/test-dir/MiniOzoneClusterImpl-5456f64d-b184-4e59-8568-45c19435e1d5/datanode-4/data/ratis/66ed4dd1-ffa3-4ed4-8029-dc8c20a21cc5/current/log_inprogress_0
2019-09-26 20:40:30,085 [Thread-330] INFO  impl.FollowerState (FollowerState.java:run(106)) - 9b15866d-6b15-4ac7-b53c-ef39fa8ef2d1:group-3615D881500F changes to CANDIDATE, lastRpcTime:5116, electionTimeout:5116ms
2019-09-26 20:40:30,085 [Thread-330] INFO  impl.RoleInfo (RoleInfo.java:shutdownFollowerState(121)) - 9b15866d-6b15-4ac7-b53c-ef39fa8ef2d1: shutdown FollowerState
2019-09-26 20:40:30,085 [Thread-330] INFO  impl.RaftServerImpl (RaftServerImpl.java:setRole(174)) - 9b15866d-6b15-4ac7-b53c-ef39fa8ef2d1@group-3615D881500F: changes role from  FOLLOWER to CANDIDATE at term 0 for changeToCandidate
2019-09-26 20:40:30,086 [Thread-330] INFO  impl.RoleInfo (RoleInfo.java:updateAndGet(143)) - 9b15866d-6b15-4ac7-b53c-ef39fa8ef2d1: start LeaderElection
2019-09-26 20:40:30,102 [Thread-332] INFO  impl.FollowerState (FollowerState.java:run(106)) - a49488b0-9b0a-4cd9-b60f-a6a2ca33f14a:group-3615D881500F changes to CANDIDATE, lastRpcTime:5130, electionTimeout:5130ms
2019-09-26 20:40:30,102 [Thread-332] INFO  impl.RoleInfo (RoleInfo.java:shutdownFollowerState(121)) - a49488b0-9b0a-4cd9-b60f-a6a2ca33f14a: shutdown FollowerState
2019-09-26 20:40:30,102 [Thread-332] INFO  impl.RaftServerImpl (RaftServerImpl.java:setRole(174)) - a49488b0-9b0a-4cd9-b60f-a6a2ca33f14a@group-3615D881500F: changes role from  FOLLOWER to CANDIDATE at term 0 for changeToCandidate
2019-09-26 20:40:30,102 [Thread-332] INFO  impl.RoleInfo (RoleInfo.java:updateAndGet(143)) - a49488b0-9b0a-4cd9-b60f-a6a2ca33f14a: start LeaderElection
2019-09-26 20:40:30,111 [a49488b0-9b0a-4cd9-b60f-a6a2ca33f14a@group-3615D881500F:LeaderElection12] INFO  impl.LeaderElection (LeaderElection.java:askForVotes(182)) - a49488b0-9b0a-4cd9-b60f-a6a2ca33f14a@group-3615D881500F:LeaderElection12: begin an election at term 1 for -1: [9b15866d-6b15-4ac7-b53c-ef39fa8ef2d1:192.168.151.109:44954, fdc400fc-8611-4280-8e8a-1f06e9b47363:192.168.151.109:44130, a49488b0-9b0a-4cd9-b60f-a6a2ca33f14a:192.168.151.109:46864], old=null
2019-09-26 20:40:30,111 [9b15866d-6b15-4ac7-b53c-ef39fa8ef2d1@group-3615D881500F:LeaderElection11] INFO  impl.LeaderElection (LeaderElection.java:askForVotes(182)) - 9b15866d-6b15-4ac7-b53c-ef39fa8ef2d1@group-3615D881500F:LeaderElection11: begin an election at term 1 for -1: [9b15866d-6b15-4ac7-b53c-ef39fa8ef2d1:192.168.151.109:44954, fdc400fc-8611-4280-8e8a-1f06e9b47363:192.168.151.109:44130, a49488b0-9b0a-4cd9-b60f-a6a2ca33f14a:192.168.151.109:46864], old=null
2019-09-26 20:40:30,118 [Thread-333] INFO  impl.FollowerState (FollowerState.java:run(106)) - fdc400fc-8611-4280-8e8a-1f06e9b47363:group-3615D881500F changes to CANDIDATE, lastRpcTime:5146, electionTimeout:5146ms
2019-09-26 20:40:30,118 [Thread-333] INFO  impl.RoleInfo (RoleInfo.java:shutdownFollowerState(121)) - fdc400fc-8611-4280-8e8a-1f06e9b47363: shutdown FollowerState
2019-09-26 20:40:30,119 [Thread-333] INFO  impl.RaftServerImpl (RaftServerImpl.java:setRole(174)) - fdc400fc-8611-4280-8e8a-1f06e9b47363@group-3615D881500F: changes role from  FOLLOWER to CANDIDATE at term 0 for changeToCandidate
2019-09-26 20:40:30,119 [Thread-333] INFO  impl.RoleInfo (RoleInfo.java:updateAndGet(143)) - fdc400fc-8611-4280-8e8a-1f06e9b47363: start LeaderElection
2019-09-26 20:40:30,146 [fdc400fc-8611-4280-8e8a-1f06e9b47363@group-3615D881500F:LeaderElection13] INFO  impl.LeaderElection (LeaderElection.java:askForVotes(182)) - fdc400fc-8611-4280-8e8a-1f06e9b47363@group-3615D881500F:LeaderElection13: begin an election at term 1 for -1: [9b15866d-6b15-4ac7-b53c-ef39fa8ef2d1:192.168.151.109:44954, fdc400fc-8611-4280-8e8a-1f06e9b47363:192.168.151.109:44130, a49488b0-9b0a-4cd9-b60f-a6a2ca33f14a:192.168.151.109:46864], old=null
2019-09-26 20:40:30,206 [fdc400fc-8611-4280-8e8a-1f06e9b47363@group-3615D881500F:LeaderElection13] INFO  impl.LeaderElection (LeaderElection.java:logAndReturn(56)) - fdc400fc-8611-4280-8e8a-1f06e9b47363@group-3615D881500F:LeaderElection13: Election REJECTED; received 2 response(s) [fdc400fc-8611-4280-8e8a-1f06e9b47363<-9b15866d-6b15-4ac7-b53c-ef39fa8ef2d1#0:FAIL-t1, fdc400fc-8611-4280-8e8a-1f06e9b47363<-a49488b0-9b0a-4cd9-b60f-a6a2ca33f14a#0:FAIL-t1] and 0 exception(s); fdc400fc-8611-4280-8e8a-1f06e9b47363@group-3615D881500F:t1, leader=null, voted=fdc400fc-8611-4280-8e8a-1f06e9b47363, raftlog=fdc400fc-8611-4280-8e8a-1f06e9b47363@group-3615D881500F-SegmentedRaftLog:OPENED:c-1,f-1,i0, conf=-1: [9b15866d-6b15-4ac7-b53c-ef39fa8ef2d1:192.168.151.109:44954, fdc400fc-8611-4280-8e8a-1f06e9b47363:192.168.151.109:44130, a49488b0-9b0a-4cd9-b60f-a6a2ca33f14a:192.168.151.109:46864], old=null
2019-09-26 20:40:30,206 [9b15866d-6b15-4ac7-b53c-ef39fa8ef2d1@group-3615D881500F:LeaderElection11] INFO  impl.LeaderElection (LeaderElection.java:logAndReturn(56)) - 9b15866d-6b15-4ac7-b53c-ef39fa8ef2d1@group-3615D881500F:LeaderElection11: Election REJECTED; received 2 response(s) [9b15866d-6b15-4ac7-b53c-ef39fa8ef2d1<-fdc400fc-8611-4280-8e8a-1f06e9b47363#0:FAIL-t1, 9b15866d-6b15-4ac7-b53c-ef39fa8ef2d1<-a49488b0-9b0a-4cd9-b60f-a6a2ca33f14a#0:FAIL-t1] and 0 exception(s); 9b15866d-6b15-4ac7-b53c-ef39fa8ef2d1@group-3615D881500F:t1, leader=null, voted=9b15866d-6b15-4ac7-b53c-ef39fa8ef2d1, raftlog=9b15866d-6b15-4ac7-b53c-ef39fa8ef2d1@group-3615D881500F-SegmentedRaftLog:OPENED:c-1,f-1,i0, conf=-1: [9b15866d-6b15-4ac7-b53c-ef39fa8ef2d1:192.168.151.109:44954, fdc400fc-8611-4280-8e8a-1f06e9b47363:192.168.151.109:44130, a49488b0-9b0a-4cd9-b60f-a6a2ca33f14a:192.168.151.109:46864], old=null
2019-09-26 20:40:30,206 [a49488b0-9b0a-4cd9-b60f-a6a2ca33f14a@group-3615D881500F:LeaderElection12] INFO  impl.LeaderElection (LeaderElection.java:logAndReturn(56)) - a49488b0-9b0a-4cd9-b60f-a6a2ca33f14a@group-3615D881500F:LeaderElection12: Election REJECTED; received 2 response(s) [a49488b0-9b0a-4cd9-b60f-a6a2ca33f14a<-9b15866d-6b15-4ac7-b53c-ef39fa8ef2d1#0:FAIL-t1, a49488b0-9b0a-4cd9-b60f-a6a2ca33f14a<-fdc400fc-8611-4280-8e8a-1f06e9b47363#0:FAIL-t1] and 0 exception(s); a49488b0-9b0a-4cd9-b60f-a6a2ca33f14a@group-3615D881500F:t1, leader=null, voted=a49488b0-9b0a-4cd9-b60f-a6a2ca33f14a, raftlog=a49488b0-9b0a-4cd9-b60f-a6a2ca33f14a@group-3615D881500F-SegmentedRaftLog:OPENED:c-1,f-1,i0, conf=-1: [9b15866d-6b15-4ac7-b53c-ef39fa8ef2d1:192.168.151.109:44954, fdc400fc-8611-4280-8e8a-1f06e9b47363:192.168.151.109:44130, a49488b0-9b0a-4cd9-b60f-a6a2ca33f14a:192.168.151.109:46864], old=null
2019-09-26 20:40:30,214 [fdc400fc-8611-4280-8e8a-1f06e9b47363@group-3615D881500F:LeaderElection13] INFO  impl.RaftServerImpl (RaftServerImpl.java:setRole(174)) - fdc400fc-8611-4280-8e8a-1f06e9b47363@group-3615D881500F: changes role from CANDIDATE to FOLLOWER at term 1 for DISCOVERED_A_NEW_TERM
2019-09-26 20:40:30,217 [a49488b0-9b0a-4cd9-b60f-a6a2ca33f14a@group-3615D881500F:LeaderElection12] INFO  impl.RaftServerImpl (RaftServerImpl.java:setRole(174)) - a49488b0-9b0a-4cd9-b60f-a6a2ca33f14a@group-3615D881500F: changes role from CANDIDATE to FOLLOWER at term 1 for DISCOVERED_A_NEW_TERM
2019-09-26 20:40:30,219 [a49488b0-9b0a-4cd9-b60f-a6a2ca33f14a@group-3615D881500F:LeaderElection12] INFO  impl.RoleInfo (RoleInfo.java:shutdownLeaderElection(134)) - a49488b0-9b0a-4cd9-b60f-a6a2ca33f14a: shutdown LeaderElection
2019-09-26 20:40:30,217 [Thread-341] INFO  impl.FollowerState (FollowerState.java:run(106)) - db9f8549-f046-44a7-b879-d9a2b4ebcc23:group-D265E6A32F90 changes to CANDIDATE, lastRpcTime:5122, electionTimeout:5104ms
2019-09-26 20:40:30,214 [9b15866d-6b15-4ac7-b53c-ef39fa8ef2d1@group-3615D881500F:LeaderElection11] INFO  impl.RaftServerImpl (RaftServerImpl.java:setRole(174)) - 9b15866d-6b15-4ac7-b53c-ef39fa8ef2d1@group-3615D881500F: changes role from CANDIDATE to FOLLOWER at term 1 for DISCOVERED_A_NEW_TERM
2019-09-26 20:40:30,220 [Thread-341] INFO  impl.RoleInfo (RoleInfo.java:shutdownFollowerState(121)) - db9f8549-f046-44a7-b879-d9a2b4ebcc23: shutdown FollowerState
2019-09-26 20:40:30,219 [a49488b0-9b0a-4cd9-b60f-a6a2ca33f14a@group-3615D881500F:LeaderElection12] INFO  impl.RoleInfo (RoleInfo.java:updateAndGet(143)) - a49488b0-9b0a-4cd9-b60f-a6a2ca33f14a: start FollowerState
2019-09-26 20:40:30,217 [fdc400fc-8611-4280-8e8a-1f06e9b47363@group-3615D881500F:LeaderElection13] INFO  impl.RoleInfo (RoleInfo.java:shutdownLeaderElection(134)) - fdc400fc-8611-4280-8e8a-1f06e9b47363: shutdown LeaderElection
2019-09-26 20:40:30,220 [Thread-341] INFO  impl.RaftServerImpl (RaftServerImpl.java:setRole(174)) - db9f8549-f046-44a7-b879-d9a2b4ebcc23@group-D265E6A32F90: changes role from  FOLLOWER to CANDIDATE at term 0 for changeToCandidate
2019-09-26 20:40:30,220 [9b15866d-6b15-4ac7-b53c-ef39fa8ef2d1@group-3615D881500F:LeaderElection11] INFO  impl.RoleInfo (RoleInfo.java:shutdownLeaderElection(134)) - 9b15866d-6b15-4ac7-b53c-ef39fa8ef2d1: shutdown LeaderElection
2019-09-26 20:40:30,222 [Thread-341] INFO  impl.RoleInfo (RoleInfo.java:updateAndGet(143)) - db9f8549-f046-44a7-b879-d9a2b4ebcc23: start LeaderElection
2019-09-26 20:40:30,222 [fdc400fc-8611-4280-8e8a-1f06e9b47363@group-3615D881500F:LeaderElection13] INFO  impl.RoleInfo (RoleInfo.java:updateAndGet(143)) - fdc400fc-8611-4280-8e8a-1f06e9b47363: start FollowerState
2019-09-26 20:40:30,222 [Thread-339] INFO  impl.FollowerState (FollowerState.java:run(106)) - 7e90aeec-bac9-41fb-9856-2cf722469481:group-D265E6A32F90 changes to CANDIDATE, lastRpcTime:5135, electionTimeout:5135ms
2019-09-26 20:40:30,222 [9b15866d-6b15-4ac7-b53c-ef39fa8ef2d1@group-3615D881500F:LeaderElection11] INFO  impl.RoleInfo (RoleInfo.java:updateAndGet(143)) - 9b15866d-6b15-4ac7-b53c-ef39fa8ef2d1: start FollowerState
2019-09-26 20:40:30,223 [Thread-339] INFO  impl.RoleInfo (RoleInfo.java:shutdownFollowerState(121)) - 7e90aeec-bac9-41fb-9856-2cf722469481: shutdown FollowerState
2019-09-26 20:40:30,223 [Thread-339] INFO  impl.RaftServerImpl (RaftServerImpl.java:setRole(174)) - 7e90aeec-bac9-41fb-9856-2cf722469481@group-D265E6A32F90: changes role from  FOLLOWER to CANDIDATE at term 0 for changeToCandidate
2019-09-26 20:40:30,228 [Thread-339] INFO  impl.RoleInfo (RoleInfo.java:updateAndGet(143)) - 7e90aeec-bac9-41fb-9856-2cf722469481: start LeaderElection
2019-09-26 20:40:30,241 [Thread-347] INFO  impl.FollowerState (FollowerState.java:run(106)) - fef668a8-0979-4ff0-832c-cf3fbad71c9a:group-BEF04E0E1E90 changes to CANDIDATE, lastRpcTime:5029, electionTimeout:5029ms
2019-09-26 20:40:30,241 [Thread-347] INFO  impl.RoleInfo (RoleInfo.java:shutdownFollowerState(121)) - fef668a8-0979-4ff0-832c-cf3fbad71c9a: shutdown FollowerState
2019-09-26 20:40:30,241 [Thread-347] INFO  impl.RaftServerImpl (RaftServerImpl.java:setRole(174)) - fef668a8-0979-4ff0-832c-cf3fbad71c9a@group-BEF04E0E1E90: changes role from  FOLLOWER to CANDIDATE at term 0 for changeToCandidate
2019-09-26 20:40:30,241 [Thread-347] INFO  impl.RoleInfo (RoleInfo.java:updateAndGet(143)) - fef668a8-0979-4ff0-832c-cf3fbad71c9a: start LeaderElection
2019-09-26 20:40:30,250 [7e90aeec-bac9-41fb-9856-2cf722469481@group-D265E6A32F90:LeaderElection15] INFO  impl.LeaderElection (LeaderElection.java:askForVotes(182)) - 7e90aeec-bac9-41fb-9856-2cf722469481@group-D265E6A32F90:LeaderElection15: begin an election at term 1 for -1: [db9f8549-f046-44a7-b879-d9a2b4ebcc23:192.168.151.109:33183, 7e90aeec-bac9-41fb-9856-2cf722469481:192.168.151.109:39965, f0429ba4-43cb-400b-9639-b72cd1260ed1:192.168.151.109:34664], old=null
2019-09-26 20:40:30,250 [db9f8549-f046-44a7-b879-d9a2b4ebcc23@group-D265E6A32F90:LeaderElection14] INFO  impl.LeaderElection (LeaderElection.java:askForVotes(182)) - db9f8549-f046-44a7-b879-d9a2b4ebcc23@group-D265E6A32F90:LeaderElection14: begin an election at term 1 for -1: [db9f8549-f046-44a7-b879-d9a2b4ebcc23:192.168.151.109:33183, 7e90aeec-bac9-41fb-9856-2cf722469481:192.168.151.109:39965, f0429ba4-43cb-400b-9639-b72cd1260ed1:192.168.151.109:34664], old=null
2019-09-26 20:40:30,255 [fef668a8-0979-4ff0-832c-cf3fbad71c9a@group-BEF04E0E1E90:LeaderElection16] INFO  impl.LeaderElection (LeaderElection.java:askForVotes(182)) - fef668a8-0979-4ff0-832c-cf3fbad71c9a@group-BEF04E0E1E90:LeaderElection16: begin an election at term 1 for -1: [fef668a8-0979-4ff0-832c-cf3fbad71c9a:192.168.151.109:43291, da21f5f5-e8ec-4b24-90d9-bf0dee0f359b:192.168.151.109:38243, 09a81ee9-6885-4381-b9d0-5021c7bf0916:192.168.151.109:37603], old=null
2019-09-26 20:40:30,282 [grpc-default-executor-2] INFO  impl.RaftServerImpl (RaftServerImpl.java:setRole(174)) - f0429ba4-43cb-400b-9639-b72cd1260ed1@group-D265E6A32F90: changes role from  FOLLOWER to FOLLOWER at term 1 for recognizeCandidate:db9f8549-f046-44a7-b879-d9a2b4ebcc23
2019-09-26 20:40:30,283 [grpc-default-executor-2] INFO  impl.RoleInfo (RoleInfo.java:shutdownFollowerState(121)) - f0429ba4-43cb-400b-9639-b72cd1260ed1: shutdown FollowerState
2019-09-26 20:40:30,285 [grpc-default-executor-2] INFO  impl.RoleInfo (RoleInfo.java:updateAndGet(143)) - f0429ba4-43cb-400b-9639-b72cd1260ed1: start FollowerState
2019-09-26 20:40:30,286 [Thread-342] INFO  impl.FollowerState (FollowerState.java:run(115)) - f0429ba4-43cb-400b-9639-b72cd1260ed1: FollowerState was interrupted: java.lang.InterruptedException: sleep interrupted
2019-09-26 20:40:30,293 [grpc-default-executor-1] INFO  impl.RaftServerImpl (RaftServerImpl.java:setRole(174)) - da21f5f5-e8ec-4b24-90d9-bf0dee0f359b@group-BEF04E0E1E90: changes role from  FOLLOWER to FOLLOWER at term 1 for recognizeCandidate:fef668a8-0979-4ff0-832c-cf3fbad71c9a
2019-09-26 20:40:30,294 [grpc-default-executor-1] INFO  impl.RoleInfo (RoleInfo.java:shutdownFollowerState(121)) - da21f5f5-e8ec-4b24-90d9-bf0dee0f359b: shutdown FollowerState
2019-09-26 20:40:30,299 [grpc-default-executor-1] INFO  impl.RoleInfo (RoleInfo.java:updateAndGet(143)) - da21f5f5-e8ec-4b24-90d9-bf0dee0f359b: start FollowerState
2019-09-26 20:40:30,299 [Thread-350] INFO  impl.FollowerState (FollowerState.java:run(115)) - da21f5f5-e8ec-4b24-90d9-bf0dee0f359b: FollowerState was interrupted: java.lang.InterruptedException: sleep interrupted
2019-09-26 20:40:30,308 [grpc-default-executor-4] INFO  impl.RaftServerImpl (RaftServerImpl.java:setRole(174)) - 09a81ee9-6885-4381-b9d0-5021c7bf0916@group-BEF04E0E1E90: changes role from  FOLLOWER to FOLLOWER at term 1 for recognizeCandidate:fef668a8-0979-4ff0-832c-cf3fbad71c9a
2019-09-26 20:40:30,309 [grpc-default-executor-4] INFO  impl.RoleInfo (RoleInfo.java:shutdownFollowerState(121)) - 09a81ee9-6885-4381-b9d0-5021c7bf0916: shutdown FollowerState
2019-09-26 20:40:30,309 [grpc-default-executor-4] INFO  impl.RoleInfo (RoleInfo.java:updateAndGet(143)) - 09a81ee9-6885-4381-b9d0-5021c7bf0916: start FollowerState
2019-09-26 20:40:30,309 [Thread-352] INFO  impl.FollowerState (FollowerState.java:run(115)) - 09a81ee9-6885-4381-b9d0-5021c7bf0916: FollowerState was interrupted: java.lang.InterruptedException: sleep interrupted
2019-09-26 20:40:30,331 [fef668a8-0979-4ff0-832c-cf3fbad71c9a@group-BEF04E0E1E90:LeaderElection16] INFO  impl.LeaderElection (LeaderElection.java:logAndReturn(56)) - fef668a8-0979-4ff0-832c-cf3fbad71c9a@group-BEF04E0E1E90:LeaderElection16: Election PASSED; received 1 response(s) [fef668a8-0979-4ff0-832c-cf3fbad71c9a<-da21f5f5-e8ec-4b24-90d9-bf0dee0f359b#0:OK-t1] and 0 exception(s); fef668a8-0979-4ff0-832c-cf3fbad71c9a@group-BEF04E0E1E90:t1, leader=null, voted=fef668a8-0979-4ff0-832c-cf3fbad71c9a, raftlog=fef668a8-0979-4ff0-832c-cf3fbad71c9a@group-BEF04E0E1E90-SegmentedRaftLog:OPENED:c-1,f-1,i0, conf=-1: [fef668a8-0979-4ff0-832c-cf3fbad71c9a:192.168.151.109:43291, da21f5f5-e8ec-4b24-90d9-bf0dee0f359b:192.168.151.109:38243, 09a81ee9-6885-4381-b9d0-5021c7bf0916:192.168.151.109:37603], old=null
2019-09-26 20:40:30,331 [fef668a8-0979-4ff0-832c-cf3fbad71c9a@group-BEF04E0E1E90:LeaderElection16] INFO  impl.RoleInfo (RoleInfo.java:shutdownLeaderElection(134)) - fef668a8-0979-4ff0-832c-cf3fbad71c9a: shutdown LeaderElection
2019-09-26 20:40:30,339 [fef668a8-0979-4ff0-832c-cf3fbad71c9a@group-BEF04E0E1E90:LeaderElection16] INFO  impl.RaftServerImpl (RaftServerImpl.java:setRole(174)) - fef668a8-0979-4ff0-832c-cf3fbad71c9a@group-BEF04E0E1E90: changes role from CANDIDATE to LEADER at term 1 for changeToLeader
2019-09-26 20:40:30,339 [fef668a8-0979-4ff0-832c-cf3fbad71c9a@group-BEF04E0E1E90:LeaderElection16] INFO  impl.RaftServerImpl (ServerState.java:setLeader(253)) - fef668a8-0979-4ff0-832c-cf3fbad71c9a@group-BEF04E0E1E90: change Leader from null to fef668a8-0979-4ff0-832c-cf3fbad71c9a at term 1 for becomeLeader, leader elected after 5144ms
2019-09-26 20:40:30,339 [fef668a8-0979-4ff0-832c-cf3fbad71c9a@group-BEF04E0E1E90:LeaderElection16] INFO  server.RaftServerConfigKeys (ConfUtils.java:logGet(43)) - raft.server.staging.catchup.gap = 1000 (default)
2019-09-26 20:40:30,341 [fef668a8-0979-4ff0-832c-cf3fbad71c9a@group-BEF04E0E1E90:LeaderElection16] INFO  server.RaftServerConfigKeys (ConfUtils.java:logGet(43)) - raft.server.rpc.sleep.time = 25ms (default)
2019-09-26 20:40:30,343 [fef668a8-0979-4ff0-832c-cf3fbad71c9a@group-BEF04E0E1E90:LeaderElection16] INFO  server.RaftServerConfigKeys (ConfUtils.java:logGet(43)) - raft.server.write.element-limit = 4096 (default)
2019-09-26 20:40:30,343 [fef668a8-0979-4ff0-832c-cf3fbad71c9a@group-BEF04E0E1E90:LeaderElection16] INFO  server.RaftServerConfigKeys (ConfUtils.java:logGet(43)) - raft.server.watch.timeout = 10s (default)
2019-09-26 20:40:30,343 [fef668a8-0979-4ff0-832c-cf3fbad71c9a@group-BEF04E0E1E90:LeaderElection16] INFO  server.RaftServerConfigKeys (ConfUtils.java:logGet(43)) - raft.server.watch.timeout.denomination = 1s (default)
2019-09-26 20:40:30,343 [fef668a8-0979-4ff0-832c-cf3fbad71c9a@group-BEF04E0E1E90:LeaderElection16] INFO  server.RaftServerConfigKeys (ConfUtils.java:logGet(43)) - raft.server.watch.element-limit = 65536 (default)
2019-09-26 20:40:30,343 [db9f8549-f046-44a7-b879-d9a2b4ebcc23@group-D265E6A32F90:LeaderElection14] INFO  impl.LeaderElection (LeaderElection.java:logAndReturn(56)) - db9f8549-f046-44a7-b879-d9a2b4ebcc23@group-D265E6A32F90:LeaderElection14: Election PASSED; received 2 response(s) [db9f8549-f046-44a7-b879-d9a2b4ebcc23<-7e90aeec-bac9-41fb-9856-2cf722469481#0:FAIL-t1, db9f8549-f046-44a7-b879-d9a2b4ebcc23<-f0429ba4-43cb-400b-9639-b72cd1260ed1#0:OK-t1] and 0 exception(s); db9f8549-f046-44a7-b879-d9a2b4ebcc23@group-D265E6A32F90:t1, leader=null, voted=db9f8549-f046-44a7-b879-d9a2b4ebcc23, raftlog=db9f8549-f046-44a7-b879-d9a2b4ebcc23@group-D265E6A32F90-SegmentedRaftLog:OPENED:c-1,f-1,i0, conf=-1: [db9f8549-f046-44a7-b879-d9a2b4ebcc23:192.168.151.109:33183, 7e90aeec-bac9-41fb-9856-2cf722469481:192.168.151.109:39965, f0429ba4-43cb-400b-9639-b72cd1260ed1:192.168.151.109:34664], old=null
2019-09-26 20:40:30,345 [db9f8549-f046-44a7-b879-d9a2b4ebcc23@group-D265E6A32F90:LeaderElection14] INFO  impl.RoleInfo (RoleInfo.java:shutdownLeaderElection(134)) - db9f8549-f046-44a7-b879-d9a2b4ebcc23: shutdown LeaderElection
2019-09-26 20:40:30,345 [db9f8549-f046-44a7-b879-d9a2b4ebcc23@group-D265E6A32F90:LeaderElection14] INFO  impl.RaftServerImpl (RaftServerImpl.java:setRole(174)) - db9f8549-f046-44a7-b879-d9a2b4ebcc23@group-D265E6A32F90: changes role from CANDIDATE to LEADER at term 1 for changeToLeader
2019-09-26 20:40:30,345 [7e90aeec-bac9-41fb-9856-2cf722469481@group-D265E6A32F90:LeaderElection15] INFO  impl.LeaderElection (LeaderElection.java:logAndReturn(56)) - 7e90aeec-bac9-41fb-9856-2cf722469481@group-D265E6A32F90:LeaderElection15: Election REJECTED; received 2 response(s) [7e90aeec-bac9-41fb-9856-2cf722469481<-db9f8549-f046-44a7-b879-d9a2b4ebcc23#0:FAIL-t1, 7e90aeec-bac9-41fb-9856-2cf722469481<-f0429ba4-43cb-400b-9639-b72cd1260ed1#0:FAIL-t1] and 0 exception(s); 7e90aeec-bac9-41fb-9856-2cf722469481@group-D265E6A32F90:t1, leader=null, voted=7e90aeec-bac9-41fb-9856-2cf722469481, raftlog=7e90aeec-bac9-41fb-9856-2cf722469481@group-D265E6A32F90-SegmentedRaftLog:OPENED:c-1,f-1,i0, conf=-1: [db9f8549-f046-44a7-b879-d9a2b4ebcc23:192.168.151.109:33183, 7e90aeec-bac9-41fb-9856-2cf722469481:192.168.151.109:39965, f0429ba4-43cb-400b-9639-b72cd1260ed1:192.168.151.109:34664], old=null
2019-09-26 20:40:30,346 [db9f8549-f046-44a7-b879-d9a2b4ebcc23@group-D265E6A32F90:LeaderElection14] INFO  impl.RaftServerImpl (ServerState.java:setLeader(253)) - db9f8549-f046-44a7-b879-d9a2b4ebcc23@group-D265E6A32F90: change Leader from null to db9f8549-f046-44a7-b879-d9a2b4ebcc23 at term 1 for becomeLeader, leader elected after 5268ms
2019-09-26 20:40:30,347 [7e90aeec-bac9-41fb-9856-2cf722469481@group-D265E6A32F90:LeaderElection15] INFO  impl.RaftServerImpl (RaftServerImpl.java:setRole(174)) - 7e90aeec-bac9-41fb-9856-2cf722469481@group-D265E6A32F90: changes role from CANDIDATE to FOLLOWER at term 1 for DISCOVERED_A_NEW_TERM
2019-09-26 20:40:30,349 [db9f8549-f046-44a7-b879-d9a2b4ebcc23@group-D265E6A32F90:LeaderElection14] INFO  server.RaftServerConfigKeys (ConfUtils.java:logGet(43)) - raft.server.staging.catchup.gap = 1000 (default)
2019-09-26 20:40:30,349 [7e90aeec-bac9-41fb-9856-2cf722469481@group-D265E6A32F90:LeaderElection15] INFO  impl.RoleInfo (RoleInfo.java:shutdownLeaderElection(134)) - 7e90aeec-bac9-41fb-9856-2cf722469481: shutdown LeaderElection
2019-09-26 20:40:30,350 [db9f8549-f046-44a7-b879-d9a2b4ebcc23@group-D265E6A32F90:LeaderElection14] INFO  server.RaftServerConfigKeys (ConfUtils.java:logGet(43)) - raft.server.rpc.sleep.time = 25ms (default)
2019-09-26 20:40:30,350 [7e90aeec-bac9-41fb-9856-2cf722469481@group-D265E6A32F90:LeaderElection15] INFO  impl.RoleInfo (RoleInfo.java:updateAndGet(143)) - 7e90aeec-bac9-41fb-9856-2cf722469481: start FollowerState
2019-09-26 20:40:30,350 [db9f8549-f046-44a7-b879-d9a2b4ebcc23@group-D265E6A32F90:LeaderElection14] INFO  server.RaftServerConfigKeys (ConfUtils.java:logGet(43)) - raft.server.write.element-limit = 4096 (default)
2019-09-26 20:40:30,350 [db9f8549-f046-44a7-b879-d9a2b4ebcc23@group-D265E6A32F90:LeaderElection14] INFO  server.RaftServerConfigKeys (ConfUtils.java:logGet(43)) - raft.server.watch.timeout = 10s (default)
2019-09-26 20:40:30,350 [db9f8549-f046-44a7-b879-d9a2b4ebcc23@group-D265E6A32F90:LeaderElection14] INFO  server.RaftServerConfigKeys (ConfUtils.java:logGet(43)) - raft.server.watch.timeout.denomination = 1s (default)
2019-09-26 20:40:30,351 [db9f8549-f046-44a7-b879-d9a2b4ebcc23@group-D265E6A32F90:LeaderElection14] INFO  server.RaftServerConfigKeys (ConfUtils.java:logGet(43)) - raft.server.watch.element-limit = 65536 (default)
2019-09-26 20:40:30,353 [fef668a8-0979-4ff0-832c-cf3fbad71c9a@group-BEF04E0E1E90:LeaderElection16] INFO  server.RaftServerConfigKeys (ConfUtils.java:logGet(43)) - raft.server.log.appender.snapshot.chunk.size.max = 16MB (=16777216) (default)
2019-09-26 20:40:30,353 [fef668a8-0979-4ff0-832c-cf3fbad71c9a@group-BEF04E0E1E90:LeaderElection16] INFO  server.RaftServerConfigKeys (ConfUtils.java:logGet(43)) - raft.server.log.appender.buffer.byte-limit = 33554432 (custom)
2019-09-26 20:40:30,353 [fef668a8-0979-4ff0-832c-cf3fbad71c9a@group-BEF04E0E1E90:LeaderElection16] INFO  server.RaftServerConfigKeys (ConfUtils.java:logGet(43)) - raft.server.log.appender.buffer.element-limit = 1 (custom)
2019-09-26 20:40:30,355 [db9f8549-f046-44a7-b879-d9a2b4ebcc23@group-D265E6A32F90:LeaderElection14] INFO  server.RaftServerConfigKeys (ConfUtils.java:logGet(43)) - raft.server.log.appender.snapshot.chunk.size.max = 16MB (=16777216) (default)
2019-09-26 20:40:30,355 [db9f8549-f046-44a7-b879-d9a2b4ebcc23@group-D265E6A32F90:LeaderElection14] INFO  server.RaftServerConfigKeys (ConfUtils.java:logGet(43)) - raft.server.log.appender.buffer.byte-limit = 33554432 (custom)
2019-09-26 20:40:30,355 [db9f8549-f046-44a7-b879-d9a2b4ebcc23@group-D265E6A32F90:LeaderElection14] INFO  server.RaftServerConfigKeys (ConfUtils.java:logGet(43)) - raft.server.log.appender.buffer.element-limit = 1 (custom)
2019-09-26 20:40:30,356 [fef668a8-0979-4ff0-832c-cf3fbad71c9a@group-BEF04E0E1E90:LeaderElection16] INFO  grpc.GrpcConfigKeys$Server (ConfUtils.java:logGet(43)) - raft.grpc.server.leader.outstanding.appends.max = 128 (default)
2019-09-26 20:40:30,357 [fef668a8-0979-4ff0-832c-cf3fbad71c9a@group-BEF04E0E1E90:LeaderElection16] INFO  server.RaftServerConfigKeys (ConfUtils.java:logGet(43)) - raft.server.rpc.request.timeout = 3000ms (default)
2019-09-26 20:40:30,357 [fef668a8-0979-4ff0-832c-cf3fbad71c9a@group-BEF04E0E1E90:LeaderElection16] INFO  server.RaftServerConfigKeys (ConfUtils.java:logGet(43)) - raft.server.log.appender.install.snapshot.enabled = false (custom)
2019-09-26 20:40:30,357 [db9f8549-f046-44a7-b879-d9a2b4ebcc23@group-D265E6A32F90:LeaderElection14] INFO  grpc.GrpcConfigKeys$Server (ConfUtils.java:logGet(43)) - raft.grpc.server.leader.outstanding.appends.max = 128 (default)
2019-09-26 20:40:30,360 [db9f8549-f046-44a7-b879-d9a2b4ebcc23@group-D265E6A32F90:LeaderElection14] INFO  server.RaftServerConfigKeys (ConfUtils.java:logGet(43)) - raft.server.rpc.request.timeout = 3000ms (default)
2019-09-26 20:40:30,360 [db9f8549-f046-44a7-b879-d9a2b4ebcc23@group-D265E6A32F90:LeaderElection14] INFO  server.RaftServerConfigKeys (ConfUtils.java:logGet(43)) - raft.server.log.appender.install.snapshot.enabled = false (custom)
2019-09-26 20:40:30,360 [fef668a8-0979-4ff0-832c-cf3fbad71c9a@group-BEF04E0E1E90:LeaderElection16] INFO  server.RaftServerConfigKeys (ConfUtils.java:logGet(43)) - raft.server.log.appender.snapshot.chunk.size.max = 16MB (=16777216) (default)
2019-09-26 20:40:30,361 [db9f8549-f046-44a7-b879-d9a2b4ebcc23@group-D265E6A32F90:LeaderElection14] INFO  server.RaftServerConfigKeys (ConfUtils.java:logGet(43)) - raft.server.log.appender.snapshot.chunk.size.max = 16MB (=16777216) (default)
2019-09-26 20:40:30,361 [fef668a8-0979-4ff0-832c-cf3fbad71c9a@group-BEF04E0E1E90:LeaderElection16] INFO  server.RaftServerConfigKeys (ConfUtils.java:logGet(43)) - raft.server.log.appender.buffer.byte-limit = 33554432 (custom)
2019-09-26 20:40:30,361 [db9f8549-f046-44a7-b879-d9a2b4ebcc23@group-D265E6A32F90:LeaderElection14] INFO  server.RaftServerConfigKeys (ConfUtils.java:logGet(43)) - raft.server.log.appender.buffer.byte-limit = 33554432 (custom)
2019-09-26 20:40:30,361 [fef668a8-0979-4ff0-832c-cf3fbad71c9a@group-BEF04E0E1E90:LeaderElection16] INFO  server.RaftServerConfigKeys (ConfUtils.java:logGet(43)) - raft.server.log.appender.buffer.element-limit = 1 (custom)
2019-09-26 20:40:30,361 [db9f8549-f046-44a7-b879-d9a2b4ebcc23@group-D265E6A32F90:LeaderElection14] INFO  server.RaftServerConfigKeys (ConfUtils.java:logGet(43)) - raft.server.log.appender.buffer.element-limit = 1 (custom)
2019-09-26 20:40:30,361 [fef668a8-0979-4ff0-832c-cf3fbad71c9a@group-BEF04E0E1E90:LeaderElection16] INFO  grpc.GrpcConfigKeys$Server (ConfUtils.java:logGet(43)) - raft.grpc.server.leader.outstanding.appends.max = 128 (default)
2019-09-26 20:40:30,362 [db9f8549-f046-44a7-b879-d9a2b4ebcc23@group-D265E6A32F90:LeaderElection14] INFO  grpc.GrpcConfigKeys$Server (ConfUtils.java:logGet(43)) - raft.grpc.server.leader.outstanding.appends.max = 128 (default)
2019-09-26 20:40:30,362 [fef668a8-0979-4ff0-832c-cf3fbad71c9a@group-BEF04E0E1E90:LeaderElection16] INFO  server.RaftServerConfigKeys (ConfUtils.java:logGet(43)) - raft.server.rpc.request.timeout = 3000ms (default)
2019-09-26 20:40:30,362 [db9f8549-f046-44a7-b879-d9a2b4ebcc23@group-D265E6A32F90:LeaderElection14] INFO  server.RaftServerConfigKeys (ConfUtils.java:logGet(43)) - raft.server.rpc.request.timeout = 3000ms (default)
2019-09-26 20:40:30,362 [fef668a8-0979-4ff0-832c-cf3fbad71c9a@group-BEF04E0E1E90:LeaderElection16] INFO  server.RaftServerConfigKeys (ConfUtils.java:logGet(43)) - raft.server.log.appender.install.snapshot.enabled = false (custom)
2019-09-26 20:40:30,362 [db9f8549-f046-44a7-b879-d9a2b4ebcc23@group-D265E6A32F90:LeaderElection14] INFO  server.RaftServerConfigKeys (ConfUtils.java:logGet(43)) - raft.server.log.appender.install.snapshot.enabled = false (custom)
2019-09-26 20:40:30,365 [fef668a8-0979-4ff0-832c-cf3fbad71c9a@group-BEF04E0E1E90:LeaderElection16] INFO  impl.RoleInfo (RoleInfo.java:updateAndGet(143)) - fef668a8-0979-4ff0-832c-cf3fbad71c9a: start LeaderState
2019-09-26 20:40:30,365 [db9f8549-f046-44a7-b879-d9a2b4ebcc23@group-D265E6A32F90:LeaderElection14] INFO  impl.RoleInfo (RoleInfo.java:updateAndGet(143)) - db9f8549-f046-44a7-b879-d9a2b4ebcc23: start LeaderState
2019-09-26 20:40:30,365 [fef668a8-0979-4ff0-832c-cf3fbad71c9a@group-BEF04E0E1E90:LeaderElection16] INFO  segmented.SegmentedRaftLogWorker (SegmentedRaftLogWorker.java:startLogSegment(380)) - fef668a8-0979-4ff0-832c-cf3fbad71c9a@group-BEF04E0E1E90-SegmentedRaftLogWorker: Starting segment from index:0
2019-09-26 20:40:30,365 [db9f8549-f046-44a7-b879-d9a2b4ebcc23@group-D265E6A32F90:LeaderElection14] INFO  segmented.SegmentedRaftLogWorker (SegmentedRaftLogWorker.java:startLogSegment(380)) - db9f8549-f046-44a7-b879-d9a2b4ebcc23@group-D265E6A32F90-SegmentedRaftLogWorker: Starting segment from index:0
2019-09-26 20:40:30,366 [fef668a8-0979-4ff0-832c-cf3fbad71c9a@group-BEF04E0E1E90:LeaderElection16] INFO  impl.RaftServerImpl (ServerState.java:setRaftConf(354)) - fef668a8-0979-4ff0-832c-cf3fbad71c9a@group-BEF04E0E1E90: set configuration 0: [fef668a8-0979-4ff0-832c-cf3fbad71c9a:192.168.151.109:43291, da21f5f5-e8ec-4b24-90d9-bf0dee0f359b:192.168.151.109:38243, 09a81ee9-6885-4381-b9d0-5021c7bf0916:192.168.151.109:37603], old=null at 0
2019-09-26 20:40:30,367 [db9f8549-f046-44a7-b879-d9a2b4ebcc23@group-D265E6A32F90:LeaderElection14] INFO  impl.RaftServerImpl (ServerState.java:setRaftConf(354)) - db9f8549-f046-44a7-b879-d9a2b4ebcc23@group-D265E6A32F90: set configuration 0: [db9f8549-f046-44a7-b879-d9a2b4ebcc23:192.168.151.109:33183, 7e90aeec-bac9-41fb-9856-2cf722469481:192.168.151.109:39965, f0429ba4-43cb-400b-9639-b72cd1260ed1:192.168.151.109:34664], old=null at 0
2019-09-26 20:40:30,407 [grpc-default-executor-3] INFO  impl.RaftServerImpl (ServerState.java:setLeader(253)) - da21f5f5-e8ec-4b24-90d9-bf0dee0f359b@group-BEF04E0E1E90: change Leader from null to fef668a8-0979-4ff0-832c-cf3fbad71c9a at term 1 for appendEntries, leader elected after 5212ms
2019-09-26 20:40:30,408 [grpc-default-executor-2] INFO  impl.RaftServerImpl (ServerState.java:setLeader(253)) - 7e90aeec-bac9-41fb-9856-2cf722469481@group-D265E6A32F90: change Leader from null to db9f8549-f046-44a7-b879-d9a2b4ebcc23 at term 1 for appendEntries, leader elected after 5328ms
2019-09-26 20:40:30,408 [grpc-default-executor-1] INFO  impl.RaftServerImpl (ServerState.java:setLeader(253)) - f0429ba4-43cb-400b-9639-b72cd1260ed1@group-D265E6A32F90: change Leader from null to db9f8549-f046-44a7-b879-d9a2b4ebcc23 at term 1 for appendEntries, leader elected after 5328ms
2019-09-26 20:40:30,408 [grpc-default-executor-4] INFO  impl.RaftServerImpl (ServerState.java:setLeader(253)) - 09a81ee9-6885-4381-b9d0-5021c7bf0916@group-BEF04E0E1E90: change Leader from null to fef668a8-0979-4ff0-832c-cf3fbad71c9a at term 1 for appendEntries, leader elected after 5210ms
2019-09-26 20:40:30,413 [db9f8549-f046-44a7-b879-d9a2b4ebcc23@group-D265E6A32F90-SegmentedRaftLogWorker] INFO  segmented.SegmentedRaftLogWorker (SegmentedRaftLogWorker.java:execute(569)) - db9f8549-f046-44a7-b879-d9a2b4ebcc23@group-D265E6A32F90-SegmentedRaftLogWorker: created new log segment /workdir/hadoop-ozone/integration-test/target/test-dir/MiniOzoneClusterImpl-5456f64d-b184-4e59-8568-45c19435e1d5/datanode-8/data/ratis/537c930c-7f57-43c0-bae5-d265e6a32f90/current/log_inprogress_0
2019-09-26 20:40:30,413 [fef668a8-0979-4ff0-832c-cf3fbad71c9a@group-BEF04E0E1E90-SegmentedRaftLogWorker] INFO  segmented.SegmentedRaftLogWorker (SegmentedRaftLogWorker.java:execute(569)) - fef668a8-0979-4ff0-832c-cf3fbad71c9a@group-BEF04E0E1E90-SegmentedRaftLogWorker: created new log segment /workdir/hadoop-ozone/integration-test/target/test-dir/MiniOzoneClusterImpl-5456f64d-b184-4e59-8568-45c19435e1d5/datanode-1/data/ratis/43434bc7-451f-4ac0-8740-bef04e0e1e90/current/log_inprogress_0
2019-09-26 20:40:30,434 [main] INFO  ipc.Client (Client.java:handleConnectionFailure(948)) - Retrying connect to server: localhost/127.0.0.1:0. Already tried 5 time(s); retry policy is RetryUpToMaximumCountWithFixedSleep(maxRetries=10, sleepTime=1000 MILLISECONDS)
2019-09-26 20:40:30,450 [grpc-default-executor-3] INFO  impl.RaftServerImpl (ServerState.java:setRaftConf(354)) - da21f5f5-e8ec-4b24-90d9-bf0dee0f359b@group-BEF04E0E1E90: set configuration 0: [fef668a8-0979-4ff0-832c-cf3fbad71c9a:192.168.151.109:43291, da21f5f5-e8ec-4b24-90d9-bf0dee0f359b:192.168.151.109:38243, 09a81ee9-6885-4381-b9d0-5021c7bf0916:192.168.151.109:37603], old=null at 0
2019-09-26 20:40:30,450 [grpc-default-executor-2] INFO  impl.RaftServerImpl (ServerState.java:setRaftConf(354)) - 09a81ee9-6885-4381-b9d0-5021c7bf0916@group-BEF04E0E1E90: set configuration 0: [fef668a8-0979-4ff0-832c-cf3fbad71c9a:192.168.151.109:43291, da21f5f5-e8ec-4b24-90d9-bf0dee0f359b:192.168.151.109:38243, 09a81ee9-6885-4381-b9d0-5021c7bf0916:192.168.151.109:37603], old=null at 0
2019-09-26 20:40:30,450 [grpc-default-executor-4] INFO  impl.RaftServerImpl (ServerState.java:setRaftConf(354)) - f0429ba4-43cb-400b-9639-b72cd1260ed1@group-D265E6A32F90: set configuration 0: [db9f8549-f046-44a7-b879-d9a2b4ebcc23:192.168.151.109:33183, 7e90aeec-bac9-41fb-9856-2cf722469481:192.168.151.109:39965, f0429ba4-43cb-400b-9639-b72cd1260ed1:192.168.151.109:34664], old=null at 0
2019-09-26 20:40:30,450 [grpc-default-executor-1] INFO  impl.RaftServerImpl (ServerState.java:setRaftConf(354)) - 7e90aeec-bac9-41fb-9856-2cf722469481@group-D265E6A32F90: set configuration 0: [db9f8549-f046-44a7-b879-d9a2b4ebcc23:192.168.151.109:33183, 7e90aeec-bac9-41fb-9856-2cf722469481:192.168.151.109:39965, f0429ba4-43cb-400b-9639-b72cd1260ed1:192.168.151.109:34664], old=null at 0
2019-09-26 20:40:30,451 [grpc-default-executor-4] INFO  segmented.SegmentedRaftLogWorker (SegmentedRaftLogWorker.java:startLogSegment(380)) - f0429ba4-43cb-400b-9639-b72cd1260ed1@group-D265E6A32F90-SegmentedRaftLogWorker: Starting segment from index:0
2019-09-26 20:40:30,450 [grpc-default-executor-2] INFO  segmented.SegmentedRaftLogWorker (SegmentedRaftLogWorker.java:startLogSegment(380)) - 09a81ee9-6885-4381-b9d0-5021c7bf0916@group-BEF04E0E1E90-SegmentedRaftLogWorker: Starting segment from index:0
2019-09-26 20:40:30,450 [grpc-default-executor-3] INFO  segmented.SegmentedRaftLogWorker (SegmentedRaftLogWorker.java:startLogSegment(380)) - da21f5f5-e8ec-4b24-90d9-bf0dee0f359b@group-BEF04E0E1E90-SegmentedRaftLogWorker: Starting segment from index:0
2019-09-26 20:40:30,451 [grpc-default-executor-1] INFO  segmented.SegmentedRaftLogWorker (SegmentedRaftLogWorker.java:startLogSegment(380)) - 7e90aeec-bac9-41fb-9856-2cf722469481@group-D265E6A32F90-SegmentedRaftLogWorker: Starting segment from index:0
2019-09-26 20:40:30,491 [f0429ba4-43cb-400b-9639-b72cd1260ed1@group-D265E6A32F90-SegmentedRaftLogWorker] INFO  segmented.SegmentedRaftLogWorker (SegmentedRaftLogWorker.java:execute(569)) - f0429ba4-43cb-400b-9639-b72cd1260ed1@group-D265E6A32F90-SegmentedRaftLogWorker: created new log segment /workdir/hadoop-ozone/integration-test/target/test-dir/MiniOzoneClusterImpl-5456f64d-b184-4e59-8568-45c19435e1d5/datanode-5/data/ratis/537c930c-7f57-43c0-bae5-d265e6a32f90/current/log_inprogress_0
2019-09-26 20:40:30,491 [09a81ee9-6885-4381-b9d0-5021c7bf0916@group-BEF04E0E1E90-SegmentedRaftLogWorker] INFO  segmented.SegmentedRaftLogWorker (SegmentedRaftLogWorker.java:execute(569)) - 09a81ee9-6885-4381-b9d0-5021c7bf0916@group-BEF04E0E1E90-SegmentedRaftLogWorker: created new log segment /workdir/hadoop-ozone/integration-test/target/test-dir/MiniOzoneClusterImpl-5456f64d-b184-4e59-8568-45c19435e1d5/datanode-4/data/ratis/43434bc7-451f-4ac0-8740-bef04e0e1e90/current/log_inprogress_0
2019-09-26 20:40:30,491 [da21f5f5-e8ec-4b24-90d9-bf0dee0f359b@group-BEF04E0E1E90-SegmentedRaftLogWorker] INFO  segmented.SegmentedRaftLogWorker (SegmentedRaftLogWorker.java:execute(569)) - da21f5f5-e8ec-4b24-90d9-bf0dee0f359b@group-BEF04E0E1E90-SegmentedRaftLogWorker: created new log segment /workdir/hadoop-ozone/integration-test/target/test-dir/MiniOzoneClusterImpl-5456f64d-b184-4e59-8568-45c19435e1d5/datanode-7/data/ratis/43434bc7-451f-4ac0-8740-bef04e0e1e90/current/log_inprogress_0
2019-09-26 20:40:30,491 [7e90aeec-bac9-41fb-9856-2cf722469481@group-D265E6A32F90-SegmentedRaftLogWorker] INFO  segmented.SegmentedRaftLogWorker (SegmentedRaftLogWorker.java:execute(569)) - 7e90aeec-bac9-41fb-9856-2cf722469481@group-D265E6A32F90-SegmentedRaftLogWorker: created new log segment /workdir/hadoop-ozone/integration-test/target/test-dir/MiniOzoneClusterImpl-5456f64d-b184-4e59-8568-45c19435e1d5/datanode-3/data/ratis/537c930c-7f57-43c0-bae5-d265e6a32f90/current/log_inprogress_0
2019-09-26 20:40:31,438 [main] INFO  ipc.Client (Client.java:handleConnectionFailure(948)) - Retrying connect to server: localhost/127.0.0.1:0. Already tried 6 time(s); retry policy is RetryUpToMaximumCountWithFixedSleep(maxRetries=10, sleepTime=1000 MILLISECONDS)
2019-09-26 20:40:32,439 [main] INFO  ipc.Client (Client.java:handleConnectionFailure(948)) - Retrying connect to server: localhost/127.0.0.1:0. Already tried 7 time(s); retry policy is RetryUpToMaximumCountWithFixedSleep(maxRetries=10, sleepTime=1000 MILLISECONDS)
2019-09-26 20:40:33,441 [main] INFO  ipc.Client (Client.java:handleConnectionFailure(948)) - Retrying connect to server: localhost/127.0.0.1:0. Already tried 8 time(s); retry policy is RetryUpToMaximumCountWithFixedSleep(maxRetries=10, sleepTime=1000 MILLISECONDS)
2019-09-26 20:40:34,455 [main] INFO  ipc.Client (Client.java:handleConnectionFailure(948)) - Retrying connect to server: localhost/127.0.0.1:0. Already tried 9 time(s); retry policy is RetryUpToMaximumCountWithFixedSleep(maxRetries=10, sleepTime=1000 MILLISECONDS)
2019-09-26 20:40:35,357 [Thread-383] INFO  impl.FollowerState (FollowerState.java:run(106)) - a49488b0-9b0a-4cd9-b60f-a6a2ca33f14a:group-3615D881500F changes to CANDIDATE, lastRpcTime:5136, electionTimeout:5134ms
2019-09-26 20:40:35,358 [Thread-383] INFO  impl.RoleInfo (RoleInfo.java:shutdownFollowerState(121)) - a49488b0-9b0a-4cd9-b60f-a6a2ca33f14a: shutdown FollowerState
2019-09-26 20:40:35,358 [Thread-383] INFO  impl.RaftServerImpl (RaftServerImpl.java:setRole(174)) - a49488b0-9b0a-4cd9-b60f-a6a2ca33f14a@group-3615D881500F: changes role from  FOLLOWER to CANDIDATE at term 1 for changeToCandidate
2019-09-26 20:40:35,359 [Thread-383] INFO  impl.RoleInfo (RoleInfo.java:updateAndGet(143)) - a49488b0-9b0a-4cd9-b60f-a6a2ca33f14a: start LeaderElection
2019-09-26 20:40:35,384 [Thread-386] INFO  impl.FollowerState (FollowerState.java:run(106)) - 9b15866d-6b15-4ac7-b53c-ef39fa8ef2d1:group-3615D881500F changes to CANDIDATE, lastRpcTime:5161, electionTimeout:5156ms
2019-09-26 20:40:35,385 [Thread-386] INFO  impl.RoleInfo (RoleInfo.java:shutdownFollowerState(121)) - 9b15866d-6b15-4ac7-b53c-ef39fa8ef2d1: shutdown FollowerState
2019-09-26 20:40:35,385 [Thread-386] INFO  impl.RaftServerImpl (RaftServerImpl.java:setRole(174)) - 9b15866d-6b15-4ac7-b53c-ef39fa8ef2d1@group-3615D881500F: changes role from  FOLLOWER to CANDIDATE at term 1 for changeToCandidate
2019-09-26 20:40:35,385 [Thread-386] INFO  impl.RoleInfo (RoleInfo.java:updateAndGet(143)) - 9b15866d-6b15-4ac7-b53c-ef39fa8ef2d1: start LeaderElection
2019-09-26 20:40:35,391 [a49488b0-9b0a-4cd9-b60f-a6a2ca33f14a@group-3615D881500F:LeaderElection17] INFO  impl.LeaderElection (LeaderElection.java:askForVotes(182)) - a49488b0-9b0a-4cd9-b60f-a6a2ca33f14a@group-3615D881500F:LeaderElection17: begin an election at term 2 for -1: [9b15866d-6b15-4ac7-b53c-ef39fa8ef2d1:192.168.151.109:44954, fdc400fc-8611-4280-8e8a-1f06e9b47363:192.168.151.109:44130, a49488b0-9b0a-4cd9-b60f-a6a2ca33f14a:192.168.151.109:46864], old=null
2019-09-26 20:40:35,391 [9b15866d-6b15-4ac7-b53c-ef39fa8ef2d1@group-3615D881500F:LeaderElection18] INFO  impl.LeaderElection (LeaderElection.java:askForVotes(182)) - 9b15866d-6b15-4ac7-b53c-ef39fa8ef2d1@group-3615D881500F:LeaderElection18: begin an election at term 2 for -1: [9b15866d-6b15-4ac7-b53c-ef39fa8ef2d1:192.168.151.109:44954, fdc400fc-8611-4280-8e8a-1f06e9b47363:192.168.151.109:44130, a49488b0-9b0a-4cd9-b60f-a6a2ca33f14a:192.168.151.109:46864], old=null
2019-09-26 20:40:35,395 [Thread-384] INFO  impl.FollowerState (FollowerState.java:run(106)) - fdc400fc-8611-4280-8e8a-1f06e9b47363:group-3615D881500F changes to CANDIDATE, lastRpcTime:5173, electionTimeout:5170ms
2019-09-26 20:40:35,395 [Thread-384] INFO  impl.RoleInfo (RoleInfo.java:shutdownFollowerState(121)) - fdc400fc-8611-4280-8e8a-1f06e9b47363: shutdown FollowerState
2019-09-26 20:40:35,396 [Thread-384] INFO  impl.RaftServerImpl (RaftServerImpl.java:setRole(174)) - fdc400fc-8611-4280-8e8a-1f06e9b47363@group-3615D881500F: changes role from  FOLLOWER to CANDIDATE at term 1 for changeToCandidate
2019-09-26 20:40:35,396 [Thread-384] INFO  impl.RoleInfo (RoleInfo.java:updateAndGet(143)) - fdc400fc-8611-4280-8e8a-1f06e9b47363: start LeaderElection
2019-09-26 20:40:35,410 [fdc400fc-8611-4280-8e8a-1f06e9b47363@group-3615D881500F:LeaderElection19] INFO  impl.LeaderElection (LeaderElection.java:askForVotes(182)) - fdc400fc-8611-4280-8e8a-1f06e9b47363@group-3615D881500F:LeaderElection19: begin an election at term 2 for -1: [9b15866d-6b15-4ac7-b53c-ef39fa8ef2d1:192.168.151.109:44954, fdc400fc-8611-4280-8e8a-1f06e9b47363:192.168.151.109:44130, a49488b0-9b0a-4cd9-b60f-a6a2ca33f14a:192.168.151.109:46864], old=null
2019-09-26 20:40:35,412 [a49488b0-9b0a-4cd9-b60f-a6a2ca33f14a@group-3615D881500F:LeaderElection17] INFO  impl.LeaderElection (LeaderElection.java:logAndReturn(56)) - a49488b0-9b0a-4cd9-b60f-a6a2ca33f14a@group-3615D881500F:LeaderElection17: Election REJECTED; received 2 response(s) [a49488b0-9b0a-4cd9-b60f-a6a2ca33f14a<-9b15866d-6b15-4ac7-b53c-ef39fa8ef2d1#0:FAIL-t2, a49488b0-9b0a-4cd9-b60f-a6a2ca33f14a<-fdc400fc-8611-4280-8e8a-1f06e9b47363#0:FAIL-t2] and 0 exception(s); a49488b0-9b0a-4cd9-b60f-a6a2ca33f14a@group-3615D881500F:t2, leader=null, voted=a49488b0-9b0a-4cd9-b60f-a6a2ca33f14a, raftlog=a49488b0-9b0a-4cd9-b60f-a6a2ca33f14a@group-3615D881500F-SegmentedRaftLog:OPENED:c-1,f-1,i0, conf=-1: [9b15866d-6b15-4ac7-b53c-ef39fa8ef2d1:192.168.151.109:44954, fdc400fc-8611-4280-8e8a-1f06e9b47363:192.168.151.109:44130, a49488b0-9b0a-4cd9-b60f-a6a2ca33f14a:192.168.151.109:46864], old=null
2019-09-26 20:40:35,412 [9b15866d-6b15-4ac7-b53c-ef39fa8ef2d1@group-3615D881500F:LeaderElection18] INFO  impl.LeaderElection (LeaderElection.java:logAndReturn(56)) - 9b15866d-6b15-4ac7-b53c-ef39fa8ef2d1@group-3615D881500F:LeaderElection18: Election REJECTED; received 2 response(s) [9b15866d-6b15-4ac7-b53c-ef39fa8ef2d1<-fdc400fc-8611-4280-8e8a-1f06e9b47363#0:FAIL-t2, 9b15866d-6b15-4ac7-b53c-ef39fa8ef2d1<-a49488b0-9b0a-4cd9-b60f-a6a2ca33f14a#0:FAIL-t2] and 0 exception(s); 9b15866d-6b15-4ac7-b53c-ef39fa8ef2d1@group-3615D881500F:t2, leader=null, voted=9b15866d-6b15-4ac7-b53c-ef39fa8ef2d1, raftlog=9b15866d-6b15-4ac7-b53c-ef39fa8ef2d1@group-3615D881500F-SegmentedRaftLog:OPENED:c-1,f-1,i0, conf=-1: [9b15866d-6b15-4ac7-b53c-ef39fa8ef2d1:192.168.151.109:44954, fdc400fc-8611-4280-8e8a-1f06e9b47363:192.168.151.109:44130, a49488b0-9b0a-4cd9-b60f-a6a2ca33f14a:192.168.151.109:46864], old=null
2019-09-26 20:40:35,412 [a49488b0-9b0a-4cd9-b60f-a6a2ca33f14a@group-3615D881500F:LeaderElection17] INFO  impl.RaftServerImpl (RaftServerImpl.java:setRole(174)) - a49488b0-9b0a-4cd9-b60f-a6a2ca33f14a@group-3615D881500F: changes role from CANDIDATE to FOLLOWER at term 2 for DISCOVERED_A_NEW_TERM
2019-09-26 20:40:35,420 [9b15866d-6b15-4ac7-b53c-ef39fa8ef2d1@group-3615D881500F:LeaderElection18] INFO  impl.RaftServerImpl (RaftServerImpl.java:setRole(174)) - 9b15866d-6b15-4ac7-b53c-ef39fa8ef2d1@group-3615D881500F: changes role from CANDIDATE to FOLLOWER at term 2 for DISCOVERED_A_NEW_TERM
2019-09-26 20:40:35,424 [9b15866d-6b15-4ac7-b53c-ef39fa8ef2d1@group-3615D881500F:LeaderElection18] INFO  impl.RoleInfo (RoleInfo.java:shutdownLeaderElection(134)) - 9b15866d-6b15-4ac7-b53c-ef39fa8ef2d1: shutdown LeaderElection
2019-09-26 20:40:35,423 [a49488b0-9b0a-4cd9-b60f-a6a2ca33f14a@group-3615D881500F:LeaderElection17] INFO  impl.RoleInfo (RoleInfo.java:shutdownLeaderElection(134)) - a49488b0-9b0a-4cd9-b60f-a6a2ca33f14a: shutdown LeaderElection
2019-09-26 20:40:35,430 [9b15866d-6b15-4ac7-b53c-ef39fa8ef2d1@group-3615D881500F:LeaderElection18] INFO  impl.RoleInfo (RoleInfo.java:updateAndGet(143)) - 9b15866d-6b15-4ac7-b53c-ef39fa8ef2d1: start FollowerState
2019-09-26 20:40:35,430 [a49488b0-9b0a-4cd9-b60f-a6a2ca33f14a@group-3615D881500F:LeaderElection17] INFO  impl.RoleInfo (RoleInfo.java:updateAndGet(143)) - a49488b0-9b0a-4cd9-b60f-a6a2ca33f14a: start FollowerState
2019-09-26 20:40:35,439 [fdc400fc-8611-4280-8e8a-1f06e9b47363@group-3615D881500F:LeaderElection19] INFO  impl.LeaderElection (LeaderElection.java:logAndReturn(56)) - fdc400fc-8611-4280-8e8a-1f06e9b47363@group-3615D881500F:LeaderElection19: Election REJECTED; received 2 response(s) [fdc400fc-8611-4280-8e8a-1f06e9b47363<-9b15866d-6b15-4ac7-b53c-ef39fa8ef2d1#0:FAIL-t2, fdc400fc-8611-4280-8e8a-1f06e9b47363<-a49488b0-9b0a-4cd9-b60f-a6a2ca33f14a#0:FAIL-t2] and 0 exception(s); fdc400fc-8611-4280-8e8a-1f06e9b47363@group-3615D881500F:t2, leader=null, voted=fdc400fc-8611-4280-8e8a-1f06e9b47363, raftlog=fdc400fc-8611-4280-8e8a-1f06e9b47363@group-3615D881500F-SegmentedRaftLog:OPENED:c-1,f-1,i0, conf=-1: [9b15866d-6b15-4ac7-b53c-ef39fa8ef2d1:192.168.151.109:44954, fdc400fc-8611-4280-8e8a-1f06e9b47363:192.168.151.109:44130, a49488b0-9b0a-4cd9-b60f-a6a2ca33f14a:192.168.151.109:46864], old=null
2019-09-26 20:40:35,439 [fdc400fc-8611-4280-8e8a-1f06e9b47363@group-3615D881500F:LeaderElection19] INFO  impl.RaftServerImpl (RaftServerImpl.java:setRole(174)) - fdc400fc-8611-4280-8e8a-1f06e9b47363@group-3615D881500F: changes role from CANDIDATE to FOLLOWER at term 2 for DISCOVERED_A_NEW_TERM
2019-09-26 20:40:35,442 [fdc400fc-8611-4280-8e8a-1f06e9b47363@group-3615D881500F:LeaderElection19] INFO  impl.RoleInfo (RoleInfo.java:shutdownLeaderElection(134)) - fdc400fc-8611-4280-8e8a-1f06e9b47363: shutdown LeaderElection
2019-09-26 20:40:35,442 [fdc400fc-8611-4280-8e8a-1f06e9b47363@group-3615D881500F:LeaderElection19] INFO  impl.RoleInfo (RoleInfo.java:updateAndGet(143)) - fdc400fc-8611-4280-8e8a-1f06e9b47363: start FollowerState
2019-09-26 20:40:35,545 [main] INFO  ipc.Client (Client.java:handleConnectionFailure(948)) - Retrying connect to server: localhost/127.0.0.1:0. Already tried 0 time(s); retry policy is RetryUpToMaximumCountWithFixedSleep(maxRetries=10, sleepTime=1000 MILLISECONDS)
2019-09-26 20:40:36,551 [main] INFO  ipc.Client (Client.java:handleConnectionFailure(948)) - Retrying connect to server: localhost/127.0.0.1:0. Already tried 1 time(s); retry policy is RetryUpToMaximumCountWithFixedSleep(maxRetries=10, sleepTime=1000 MILLISECONDS)
2019-09-26 20:40:37,552 [main] INFO  ipc.Client (Client.java:handleConnectionFailure(948)) - Retrying connect to server: localhost/127.0.0.1:0. Already tried 2 time(s); retry policy is RetryUpToMaximumCountWithFixedSleep(maxRetries=10, sleepTime=1000 MILLISECONDS)
2019-09-26 20:40:38,553 [main] INFO  ipc.Client (Client.java:handleConnectionFailure(948)) - Retrying connect to server: localhost/127.0.0.1:0. Already tried 3 time(s); retry policy is RetryUpToMaximumCountWithFixedSleep(maxRetries=10, sleepTime=1000 MILLISECONDS)
2019-09-26 20:40:39,554 [main] INFO  ipc.Client (Client.java:handleConnectionFailure(948)) - Retrying connect to server: localhost/127.0.0.1:0. Already tried 4 time(s); retry policy is RetryUpToMaximumCountWithFixedSleep(maxRetries=10, sleepTime=1000 MILLISECONDS)
2019-09-26 20:40:40,508 [Thread-432] INFO  impl.FollowerState (FollowerState.java:run(106)) - a49488b0-9b0a-4cd9-b60f-a6a2ca33f14a:group-3615D881500F changes to CANDIDATE, lastRpcTime:5077, electionTimeout:5071ms
2019-09-26 20:40:40,508 [Thread-432] INFO  impl.RoleInfo (RoleInfo.java:shutdownFollowerState(121)) - a49488b0-9b0a-4cd9-b60f-a6a2ca33f14a: shutdown FollowerState
2019-09-26 20:40:40,508 [Thread-432] INFO  impl.RaftServerImpl (RaftServerImpl.java:setRole(174)) - a49488b0-9b0a-4cd9-b60f-a6a2ca33f14a@group-3615D881500F: changes role from  FOLLOWER to CANDIDATE at term 2 for changeToCandidate
2019-09-26 20:40:40,508 [Thread-432] INFO  impl.RoleInfo (RoleInfo.java:updateAndGet(143)) - a49488b0-9b0a-4cd9-b60f-a6a2ca33f14a: start LeaderElection
2019-09-26 20:40:40,530 [a49488b0-9b0a-4cd9-b60f-a6a2ca33f14a@group-3615D881500F:LeaderElection20] INFO  impl.LeaderElection (LeaderElection.java:askForVotes(182)) - a49488b0-9b0a-4cd9-b60f-a6a2ca33f14a@group-3615D881500F:LeaderElection20: begin an election at term 3 for -1: [9b15866d-6b15-4ac7-b53c-ef39fa8ef2d1:192.168.151.109:44954, fdc400fc-8611-4280-8e8a-1f06e9b47363:192.168.151.109:44130, a49488b0-9b0a-4cd9-b60f-a6a2ca33f14a:192.168.151.109:46864], old=null
2019-09-26 20:40:40,554 [Thread-433] INFO  impl.FollowerState (FollowerState.java:run(106)) - fdc400fc-8611-4280-8e8a-1f06e9b47363:group-3615D881500F changes to CANDIDATE, lastRpcTime:5112, electionTimeout:5109ms
2019-09-26 20:40:40,555 [Thread-433] INFO  impl.RoleInfo (RoleInfo.java:shutdownFollowerState(121)) - fdc400fc-8611-4280-8e8a-1f06e9b47363: shutdown FollowerState
2019-09-26 20:40:40,555 [Thread-433] INFO  impl.RaftServerImpl (RaftServerImpl.java:setRole(174)) - fdc400fc-8611-4280-8e8a-1f06e9b47363@group-3615D881500F: changes role from  FOLLOWER to CANDIDATE at term 2 for changeToCandidate
2019-09-26 20:40:40,555 [Thread-433] INFO  impl.RoleInfo (RoleInfo.java:updateAndGet(143)) - fdc400fc-8611-4280-8e8a-1f06e9b47363: start LeaderElection
2019-09-26 20:40:40,556 [grpc-default-executor-3] INFO  impl.RaftServerImpl (RaftServerImpl.java:setRole(174)) - 9b15866d-6b15-4ac7-b53c-ef39fa8ef2d1@group-3615D881500F: changes role from  FOLLOWER to FOLLOWER at term 3 for recognizeCandidate:a49488b0-9b0a-4cd9-b60f-a6a2ca33f14a
2019-09-26 20:40:40,560 [grpc-default-executor-4] INFO  impl.RaftServerImpl (RaftServerImpl.java:setRole(174)) - fdc400fc-8611-4280-8e8a-1f06e9b47363@group-3615D881500F: changes role from CANDIDATE to FOLLOWER at term 3 for recognizeCandidate:a49488b0-9b0a-4cd9-b60f-a6a2ca33f14a
2019-09-26 20:40:40,560 [grpc-default-executor-3] INFO  impl.RoleInfo (RoleInfo.java:shutdownFollowerState(121)) - 9b15866d-6b15-4ac7-b53c-ef39fa8ef2d1: shutdown FollowerState
2019-09-26 20:40:40,556 [main] INFO  ipc.Client (Client.java:handleConnectionFailure(948)) - Retrying connect to server: localhost/127.0.0.1:0. Already tried 5 time(s); retry policy is RetryUpToMaximumCountWithFixedSleep(maxRetries=10, sleepTime=1000 MILLISECONDS)
2019-09-26 20:40:40,561 [Thread-431] INFO  impl.FollowerState (FollowerState.java:run(115)) - 9b15866d-6b15-4ac7-b53c-ef39fa8ef2d1: FollowerState was interrupted: java.lang.InterruptedException: sleep interrupted
2019-09-26 20:40:40,561 [grpc-default-executor-3] INFO  impl.RoleInfo (RoleInfo.java:updateAndGet(143)) - 9b15866d-6b15-4ac7-b53c-ef39fa8ef2d1: start FollowerState
2019-09-26 20:40:40,560 [grpc-default-executor-4] INFO  impl.RoleInfo (RoleInfo.java:shutdownLeaderElection(134)) - fdc400fc-8611-4280-8e8a-1f06e9b47363: shutdown LeaderElection
2019-09-26 20:40:40,565 [grpc-default-executor-4] INFO  impl.RoleInfo (RoleInfo.java:updateAndGet(143)) - fdc400fc-8611-4280-8e8a-1f06e9b47363: start FollowerState
2019-09-26 20:40:40,580 [a49488b0-9b0a-4cd9-b60f-a6a2ca33f14a@group-3615D881500F:LeaderElection20] INFO  impl.LeaderElection (LeaderElection.java:logAndReturn(56)) - a49488b0-9b0a-4cd9-b60f-a6a2ca33f14a@group-3615D881500F:LeaderElection20: Election PASSED; received 1 response(s) [a49488b0-9b0a-4cd9-b60f-a6a2ca33f14a<-9b15866d-6b15-4ac7-b53c-ef39fa8ef2d1#0:OK-t3] and 0 exception(s); a49488b0-9b0a-4cd9-b60f-a6a2ca33f14a@group-3615D881500F:t3, leader=null, voted=a49488b0-9b0a-4cd9-b60f-a6a2ca33f14a, raftlog=a49488b0-9b0a-4cd9-b60f-a6a2ca33f14a@group-3615D881500F-SegmentedRaftLog:OPENED:c-1,f-1,i0, conf=-1: [9b15866d-6b15-4ac7-b53c-ef39fa8ef2d1:192.168.151.109:44954, fdc400fc-8611-4280-8e8a-1f06e9b47363:192.168.151.109:44130, a49488b0-9b0a-4cd9-b60f-a6a2ca33f14a:192.168.151.109:46864], old=null
2019-09-26 20:40:40,581 [a49488b0-9b0a-4cd9-b60f-a6a2ca33f14a@group-3615D881500F:LeaderElection20] INFO  impl.RoleInfo (RoleInfo.java:shutdownLeaderElection(134)) - a49488b0-9b0a-4cd9-b60f-a6a2ca33f14a: shutdown LeaderElection
2019-09-26 20:40:40,584 [a49488b0-9b0a-4cd9-b60f-a6a2ca33f14a@group-3615D881500F:LeaderElection20] INFO  impl.RaftServerImpl (RaftServerImpl.java:setRole(174)) - a49488b0-9b0a-4cd9-b60f-a6a2ca33f14a@group-3615D881500F: changes role from CANDIDATE to LEADER at term 3 for changeToLeader
2019-09-26 20:40:40,584 [a49488b0-9b0a-4cd9-b60f-a6a2ca33f14a@group-3615D881500F:LeaderElection20] INFO  impl.RaftServerImpl (ServerState.java:setLeader(253)) - a49488b0-9b0a-4cd9-b60f-a6a2ca33f14a@group-3615D881500F: change Leader from null to a49488b0-9b0a-4cd9-b60f-a6a2ca33f14a at term 3 for becomeLeader, leader elected after 15628ms
2019-09-26 20:40:40,585 [a49488b0-9b0a-4cd9-b60f-a6a2ca33f14a@group-3615D881500F:LeaderElection20] INFO  server.RaftServerConfigKeys (ConfUtils.java:logGet(43)) - raft.server.staging.catchup.gap = 1000 (default)
2019-09-26 20:40:40,585 [a49488b0-9b0a-4cd9-b60f-a6a2ca33f14a@group-3615D881500F:LeaderElection20] INFO  server.RaftServerConfigKeys (ConfUtils.java:logGet(43)) - raft.server.rpc.sleep.time = 25ms (default)
2019-09-26 20:40:40,585 [a49488b0-9b0a-4cd9-b60f-a6a2ca33f14a@group-3615D881500F:LeaderElection20] INFO  server.RaftServerConfigKeys (ConfUtils.java:logGet(43)) - raft.server.write.element-limit = 4096 (default)
2019-09-26 20:40:40,585 [a49488b0-9b0a-4cd9-b60f-a6a2ca33f14a@group-3615D881500F:LeaderElection20] INFO  server.RaftServerConfigKeys (ConfUtils.java:logGet(43)) - raft.server.watch.timeout = 10s (default)
2019-09-26 20:40:40,586 [a49488b0-9b0a-4cd9-b60f-a6a2ca33f14a@group-3615D881500F:LeaderElection20] INFO  server.RaftServerConfigKeys (ConfUtils.java:logGet(43)) - raft.server.watch.timeout.denomination = 1s (default)
2019-09-26 20:40:40,586 [a49488b0-9b0a-4cd9-b60f-a6a2ca33f14a@group-3615D881500F:LeaderElection20] INFO  server.RaftServerConfigKeys (ConfUtils.java:logGet(43)) - raft.server.watch.element-limit = 65536 (default)
2019-09-26 20:40:40,590 [a49488b0-9b0a-4cd9-b60f-a6a2ca33f14a@group-3615D881500F:LeaderElection20] INFO  server.RaftServerConfigKeys (ConfUtils.java:logGet(43)) - raft.server.log.appender.snapshot.chunk.size.max = 16MB (=16777216) (default)
2019-09-26 20:40:40,591 [a49488b0-9b0a-4cd9-b60f-a6a2ca33f14a@group-3615D881500F:LeaderElection20] INFO  server.RaftServerConfigKeys (ConfUtils.java:logGet(43)) - raft.server.log.appender.buffer.byte-limit = 33554432 (custom)
2019-09-26 20:40:40,591 [a49488b0-9b0a-4cd9-b60f-a6a2ca33f14a@group-3615D881500F:LeaderElection20] INFO  server.RaftServerConfigKeys (ConfUtils.java:logGet(43)) - raft.server.log.appender.buffer.element-limit = 1 (custom)
2019-09-26 20:40:40,591 [a49488b0-9b0a-4cd9-b60f-a6a2ca33f14a@group-3615D881500F:LeaderElection20] INFO  grpc.GrpcConfigKeys$Server (ConfUtils.java:logGet(43)) - raft.grpc.server.leader.outstanding.appends.max = 128 (default)
2019-09-26 20:40:40,592 [fdc400fc-8611-4280-8e8a-1f06e9b47363@group-3615D881500F:LeaderElection21] INFO  impl.LeaderElection (LeaderElection.java:askForVotes(182)) - fdc400fc-8611-4280-8e8a-1f06e9b47363@group-3615D881500F:LeaderElection21: begin an election at term 4 for -1: [9b15866d-6b15-4ac7-b53c-ef39fa8ef2d1:192.168.151.109:44954, fdc400fc-8611-4280-8e8a-1f06e9b47363:192.168.151.109:44130, a49488b0-9b0a-4cd9-b60f-a6a2ca33f14a:192.168.151.109:46864], old=null
2019-09-26 20:40:40,592 [a49488b0-9b0a-4cd9-b60f-a6a2ca33f14a@group-3615D881500F:LeaderElection20] INFO  server.RaftServerConfigKeys (ConfUtils.java:logGet(43)) - raft.server.rpc.request.timeout = 3000ms (default)
2019-09-26 20:40:40,594 [a49488b0-9b0a-4cd9-b60f-a6a2ca33f14a@group-3615D881500F:LeaderElection20] INFO  server.RaftServerConfigKeys (ConfUtils.java:logGet(43)) - raft.server.log.appender.install.snapshot.enabled = false (custom)
2019-09-26 20:40:40,595 [a49488b0-9b0a-4cd9-b60f-a6a2ca33f14a@group-3615D881500F:LeaderElection20] INFO  server.RaftServerConfigKeys (ConfUtils.java:logGet(43)) - raft.server.log.appender.snapshot.chunk.size.max = 16MB (=16777216) (default)
2019-09-26 20:40:40,595 [fdc400fc-8611-4280-8e8a-1f06e9b47363@group-3615D881500F:LeaderElection21] INFO  impl.LeaderElection (LeaderElection.java:logAndReturn(56)) - fdc400fc-8611-4280-8e8a-1f06e9b47363@group-3615D881500F:LeaderElection21: Election REJECTED; received 0 response(s) [] and 0 exception(s); fdc400fc-8611-4280-8e8a-1f06e9b47363@group-3615D881500F:t4, leader=null, voted=fdc400fc-8611-4280-8e8a-1f06e9b47363, raftlog=fdc400fc-8611-4280-8e8a-1f06e9b47363@group-3615D881500F-SegmentedRaftLog:OPENED:c-1,f-1,i0, conf=-1: [9b15866d-6b15-4ac7-b53c-ef39fa8ef2d1:192.168.151.109:44954, fdc400fc-8611-4280-8e8a-1f06e9b47363:192.168.151.109:44130, a49488b0-9b0a-4cd9-b60f-a6a2ca33f14a:192.168.151.109:46864], old=null
2019-09-26 20:40:40,595 [a49488b0-9b0a-4cd9-b60f-a6a2ca33f14a@group-3615D881500F:LeaderElection20] INFO  server.RaftServerConfigKeys (ConfUtils.java:logGet(43)) - raft.server.log.appender.buffer.byte-limit = 33554432 (custom)
2019-09-26 20:40:40,597 [a49488b0-9b0a-4cd9-b60f-a6a2ca33f14a@group-3615D881500F:LeaderElection20] INFO  server.RaftServerConfigKeys (ConfUtils.java:logGet(43)) - raft.server.log.appender.buffer.element-limit = 1 (custom)
2019-09-26 20:40:40,598 [a49488b0-9b0a-4cd9-b60f-a6a2ca33f14a@group-3615D881500F:LeaderElection20] INFO  grpc.GrpcConfigKeys$Server (ConfUtils.java:logGet(43)) - raft.grpc.server.leader.outstanding.appends.max = 128 (default)
2019-09-26 20:40:40,598 [a49488b0-9b0a-4cd9-b60f-a6a2ca33f14a@group-3615D881500F:LeaderElection20] INFO  server.RaftServerConfigKeys (ConfUtils.java:logGet(43)) - raft.server.rpc.request.timeout = 3000ms (default)
2019-09-26 20:40:40,598 [a49488b0-9b0a-4cd9-b60f-a6a2ca33f14a@group-3615D881500F:LeaderElection20] INFO  server.RaftServerConfigKeys (ConfUtils.java:logGet(43)) - raft.server.log.appender.install.snapshot.enabled = false (custom)
2019-09-26 20:40:40,599 [a49488b0-9b0a-4cd9-b60f-a6a2ca33f14a@group-3615D881500F:LeaderElection20] INFO  impl.RoleInfo (RoleInfo.java:updateAndGet(143)) - a49488b0-9b0a-4cd9-b60f-a6a2ca33f14a: start LeaderState
2019-09-26 20:40:40,599 [a49488b0-9b0a-4cd9-b60f-a6a2ca33f14a@group-3615D881500F:LeaderElection20] INFO  segmented.SegmentedRaftLogWorker (SegmentedRaftLogWorker.java:startLogSegment(380)) - a49488b0-9b0a-4cd9-b60f-a6a2ca33f14a@group-3615D881500F-SegmentedRaftLogWorker: Starting segment from index:0
2019-09-26 20:40:40,600 [grpc-default-executor-4] INFO  impl.RaftServerImpl (RaftServerImpl.java:setRole(174)) - 9b15866d-6b15-4ac7-b53c-ef39fa8ef2d1@group-3615D881500F: changes role from  FOLLOWER to FOLLOWER at term 4 for recognizeCandidate:fdc400fc-8611-4280-8e8a-1f06e9b47363
2019-09-26 20:40:40,629 [grpc-default-executor-4] INFO  impl.RoleInfo (RoleInfo.java:shutdownFollowerState(121)) - 9b15866d-6b15-4ac7-b53c-ef39fa8ef2d1: shutdown FollowerState
2019-09-26 20:40:40,600 [a49488b0-9b0a-4cd9-b60f-a6a2ca33f14a@group-3615D881500F:LeaderElection20] INFO  impl.RaftServerImpl (ServerState.java:setRaftConf(354)) - a49488b0-9b0a-4cd9-b60f-a6a2ca33f14a@group-3615D881500F: set configuration 0: [9b15866d-6b15-4ac7-b53c-ef39fa8ef2d1:192.168.151.109:44954, fdc400fc-8611-4280-8e8a-1f06e9b47363:192.168.151.109:44130, a49488b0-9b0a-4cd9-b60f-a6a2ca33f14a:192.168.151.109:46864], old=null at 0
2019-09-26 20:40:40,629 [grpc-default-executor-4] INFO  impl.RoleInfo (RoleInfo.java:updateAndGet(143)) - 9b15866d-6b15-4ac7-b53c-ef39fa8ef2d1: start FollowerState
2019-09-26 20:40:40,629 [Thread-450] INFO  impl.FollowerState (FollowerState.java:run(115)) - 9b15866d-6b15-4ac7-b53c-ef39fa8ef2d1: FollowerState was interrupted: java.lang.InterruptedException: sleep interrupted
2019-09-26 20:40:40,636 [grpc-default-executor-2] INFO  impl.RaftServerImpl (ServerState.java:setLeader(253)) - a49488b0-9b0a-4cd9-b60f-a6a2ca33f14a@group-3615D881500F: change Leader from a49488b0-9b0a-4cd9-b60f-a6a2ca33f14a to null at term 4 for updateCurrentTerm
2019-09-26 20:40:40,636 [grpc-default-executor-2] INFO  impl.RaftServerImpl (RaftServerImpl.java:setRole(174)) - a49488b0-9b0a-4cd9-b60f-a6a2ca33f14a@group-3615D881500F: changes role from    LEADER to FOLLOWER at term 4 for recognizeCandidate:fdc400fc-8611-4280-8e8a-1f06e9b47363
2019-09-26 20:40:40,637 [grpc-default-executor-2] INFO  impl.RoleInfo (RoleInfo.java:shutdownLeaderState(104)) - a49488b0-9b0a-4cd9-b60f-a6a2ca33f14a: shutdown LeaderState
2019-09-26 20:40:40,643 [org.apache.ratis.server.impl.LogAppender$AppenderDaemon$$Lambda$417/1256844756@16a01f9d] WARN  server.GrpcLogAppender (GrpcLogAppender.java:mayWait(143)) - a49488b0-9b0a-4cd9-b60f-a6a2ca33f14a@group-3615D881500F->fdc400fc-8611-4280-8e8a-1f06e9b47363-GrpcLogAppender: Wait interrupted by java.lang.InterruptedException
2019-09-26 20:40:40,643 [a49488b0-9b0a-4cd9-b60f-a6a2ca33f14a@group-3615D881500F-SegmentedRaftLogWorker] INFO  segmented.SegmentedRaftLogWorker (SegmentedRaftLogWorker.java:execute(569)) - a49488b0-9b0a-4cd9-b60f-a6a2ca33f14a@group-3615D881500F-SegmentedRaftLogWorker: created new log segment /workdir/hadoop-ozone/integration-test/target/test-dir/MiniOzoneClusterImpl-5456f64d-b184-4e59-8568-45c19435e1d5/datanode-2/data/ratis/868f2c83-66eb-4852-bfa7-3615d881500f/current/log_inprogress_0
2019-09-26 20:40:40,643 [org.apache.ratis.server.impl.LogAppender$AppenderDaemon$$Lambda$417/1256844756@5d1d42c] WARN  server.GrpcLogAppender (GrpcLogAppender.java:mayWait(143)) - a49488b0-9b0a-4cd9-b60f-a6a2ca33f14a@group-3615D881500F->9b15866d-6b15-4ac7-b53c-ef39fa8ef2d1-GrpcLogAppender: Wait interrupted by java.lang.InterruptedException
2019-09-26 20:40:40,651 [grpc-default-executor-2] INFO  impl.PendingRequests (PendingRequests.java:sendNotLeaderResponses(202)) - a49488b0-9b0a-4cd9-b60f-a6a2ca33f14a-PendingRequests: sendNotLeaderResponses
2019-09-26 20:40:40,655 [grpc-default-executor-4] INFO  server.GrpcServerProtocolService (GrpcServerProtocolService.java:onCompleted(113)) - fdc400fc-8611-4280-8e8a-1f06e9b47363: Completed APPEND_ENTRIES, lastRequest: a49488b0-9b0a-4cd9-b60f-a6a2ca33f14a->fdc400fc-8611-4280-8e8a-1f06e9b47363#0-t3, previous=(t:0, i:0), leaderCommit=-1, initializing? false, entries: <empty>
2019-09-26 20:40:40,655 [grpc-default-executor-4] INFO  server.GrpcServerProtocolService (GrpcServerProtocolService.java:onCompleted(113)) - 9b15866d-6b15-4ac7-b53c-ef39fa8ef2d1: Completed APPEND_ENTRIES, lastRequest: a49488b0-9b0a-4cd9-b60f-a6a2ca33f14a->9b15866d-6b15-4ac7-b53c-ef39fa8ef2d1#0-t3, previous=(t:0, i:0), leaderCommit=-1, initializing? false, entries: <empty>
2019-09-26 20:40:40,656 [grpc-default-executor-2] INFO  impl.RoleInfo (RoleInfo.java:updateAndGet(143)) - a49488b0-9b0a-4cd9-b60f-a6a2ca33f14a: start FollowerState
2019-09-26 20:40:40,659 [grpc-default-executor-1] INFO  server.GrpcLogAppender (GrpcLogAppender.java:onCompleted(293)) - a49488b0-9b0a-4cd9-b60f-a6a2ca33f14a@group-3615D881500F->fdc400fc-8611-4280-8e8a-1f06e9b47363-AppendLogResponseHandler: follower responses appendEntries COMPLETED
2019-09-26 20:40:40,659 [grpc-default-executor-3] INFO  server.GrpcLogAppender (GrpcLogAppender.java:onCompleted(293)) - a49488b0-9b0a-4cd9-b60f-a6a2ca33f14a@group-3615D881500F->9b15866d-6b15-4ac7-b53c-ef39fa8ef2d1-AppendLogResponseHandler: follower responses appendEntries COMPLETED
2019-09-26 20:40:40,673 [grpc-default-executor-1] INFO  impl.FollowerInfo (FollowerInfo.java:lambda$new$0(51)) - a49488b0-9b0a-4cd9-b60f-a6a2ca33f14a@group-3615D881500F->fdc400fc-8611-4280-8e8a-1f06e9b47363: nextIndex: updateUnconditionally 0 -> 0
2019-09-26 20:40:40,673 [grpc-default-executor-3] INFO  impl.FollowerInfo (FollowerInfo.java:lambda$new$0(51)) - a49488b0-9b0a-4cd9-b60f-a6a2ca33f14a@group-3615D881500F->9b15866d-6b15-4ac7-b53c-ef39fa8ef2d1: nextIndex: updateUnconditionally 0 -> 0
2019-09-26 20:40:41,565 [main] INFO  ipc.Client (Client.java:handleConnectionFailure(948)) - Retrying connect to server: localhost/127.0.0.1:0. Already tried 6 time(s); retry policy is RetryUpToMaximumCountWithFixedSleep(maxRetries=10, sleepTime=1000 MILLISECONDS)
2019-09-26 20:40:42,566 [main] INFO  ipc.Client (Client.java:handleConnectionFailure(948)) - Retrying connect to server: localhost/127.0.0.1:0. Already tried 7 time(s); retry policy is RetryUpToMaximumCountWithFixedSleep(maxRetries=10, sleepTime=1000 MILLISECONDS)
2019-09-26 20:40:43,568 [main] INFO  ipc.Client (Client.java:handleConnectionFailure(948)) - Retrying connect to server: localhost/127.0.0.1:0. Already tried 8 time(s); retry policy is RetryUpToMaximumCountWithFixedSleep(maxRetries=10, sleepTime=1000 MILLISECONDS)
2019-09-26 20:40:44,569 [main] INFO  ipc.Client (Client.java:handleConnectionFailure(948)) - Retrying connect to server: localhost/127.0.0.1:0. Already tried 9 time(s); retry policy is RetryUpToMaximumCountWithFixedSleep(maxRetries=10, sleepTime=1000 MILLISECONDS)
2019-09-26 20:40:44,570 [main] INFO  retry.RetryInvocationHandler (RetryInvocationHandler.java:log(411)) - com.google.protobuf.ServiceException: java.net.ConnectException: Your endpoint configuration is wrong; For more details see:  http://wiki.apache.org/hadoop/UnsetHostnameOrPort, while invoking $Proxy85.submitRequest over nodeId=null,nodeAddress=127.0.0.1:0 after 1 failover attempts. Trying to failover immediately.
2019-09-26 20:40:45,571 [main] INFO  ipc.Client (Client.java:handleConnectionFailure(948)) - Retrying connect to server: localhost/127.0.0.1:0. Already tried 0 time(s); retry policy is RetryUpToMaximumCountWithFixedSleep(maxRetries=10, sleepTime=1000 MILLISECONDS)
2019-09-26 20:40:45,649 [Thread-451] INFO  impl.FollowerState (FollowerState.java:run(106)) - fdc400fc-8611-4280-8e8a-1f06e9b47363:group-3615D881500F changes to CANDIDATE, lastRpcTime:5084, electionTimeout:5084ms
2019-09-26 20:40:45,650 [Thread-451] INFO  impl.RoleInfo (RoleInfo.java:shutdownFollowerState(121)) - fdc400fc-8611-4280-8e8a-1f06e9b47363: shutdown FollowerState
2019-09-26 20:40:45,650 [Thread-451] INFO  impl.RaftServerImpl (RaftServerImpl.java:setRole(174)) - fdc400fc-8611-4280-8e8a-1f06e9b47363@group-3615D881500F: changes role from  FOLLOWER to CANDIDATE at term 4 for changeToCandidate
2019-09-26 20:40:45,650 [Thread-451] INFO  impl.RoleInfo (RoleInfo.java:updateAndGet(143)) - fdc400fc-8611-4280-8e8a-1f06e9b47363: start LeaderElection
2019-09-26 20:40:45,662 [Thread-457] INFO  impl.FollowerState (FollowerState.java:run(106)) - 9b15866d-6b15-4ac7-b53c-ef39fa8ef2d1:group-3615D881500F changes to CANDIDATE, lastRpcTime:5032, electionTimeout:5026ms
2019-09-26 20:40:45,662 [Thread-457] INFO  impl.RoleInfo (RoleInfo.java:shutdownFollowerState(121)) - 9b15866d-6b15-4ac7-b53c-ef39fa8ef2d1: shutdown FollowerState
2019-09-26 20:40:45,662 [Thread-457] INFO  impl.RaftServerImpl (RaftServerImpl.java:setRole(174)) - 9b15866d-6b15-4ac7-b53c-ef39fa8ef2d1@group-3615D881500F: changes role from  FOLLOWER to CANDIDATE at term 4 for changeToCandidate
2019-09-26 20:40:45,662 [Thread-457] INFO  impl.RoleInfo (RoleInfo.java:updateAndGet(143)) - 9b15866d-6b15-4ac7-b53c-ef39fa8ef2d1: start LeaderElection
2019-09-26 20:40:45,670 [9b15866d-6b15-4ac7-b53c-ef39fa8ef2d1@group-3615D881500F:LeaderElection23] INFO  impl.LeaderElection (LeaderElection.java:askForVotes(182)) - 9b15866d-6b15-4ac7-b53c-ef39fa8ef2d1@group-3615D881500F:LeaderElection23: begin an election at term 5 for -1: [9b15866d-6b15-4ac7-b53c-ef39fa8ef2d1:192.168.151.109:44954, fdc400fc-8611-4280-8e8a-1f06e9b47363:192.168.151.109:44130, a49488b0-9b0a-4cd9-b60f-a6a2ca33f14a:192.168.151.109:46864], old=null
2019-09-26 20:40:45,670 [fdc400fc-8611-4280-8e8a-1f06e9b47363@group-3615D881500F:LeaderElection22] INFO  impl.LeaderElection (LeaderElection.java:askForVotes(182)) - fdc400fc-8611-4280-8e8a-1f06e9b47363@group-3615D881500F:LeaderElection22: begin an election at term 5 for -1: [9b15866d-6b15-4ac7-b53c-ef39fa8ef2d1:192.168.151.109:44954, fdc400fc-8611-4280-8e8a-1f06e9b47363:192.168.151.109:44130, a49488b0-9b0a-4cd9-b60f-a6a2ca33f14a:192.168.151.109:46864], old=null
2019-09-26 20:40:45,675 [grpc-default-executor-2] INFO  impl.RaftServerImpl (RaftServerImpl.java:setRole(174)) - a49488b0-9b0a-4cd9-b60f-a6a2ca33f14a@group-3615D881500F: changes role from  FOLLOWER to FOLLOWER at term 5 for recognizeCandidate:9b15866d-6b15-4ac7-b53c-ef39fa8ef2d1
2019-09-26 20:40:45,675 [grpc-default-executor-2] INFO  impl.RoleInfo (RoleInfo.java:shutdownFollowerState(121)) - a49488b0-9b0a-4cd9-b60f-a6a2ca33f14a: shutdown FollowerState
2019-09-26 20:40:45,675 [grpc-default-executor-2] INFO  impl.RoleInfo (RoleInfo.java:updateAndGet(143)) - a49488b0-9b0a-4cd9-b60f-a6a2ca33f14a: start FollowerState
2019-09-26 20:40:45,675 [Thread-460] INFO  impl.FollowerState (FollowerState.java:run(115)) - a49488b0-9b0a-4cd9-b60f-a6a2ca33f14a: FollowerState was interrupted: java.lang.InterruptedException: sleep interrupted
2019-09-26 20:40:45,687 [grpc-default-executor-3] INFO  impl.RaftServerImpl (RaftServerImpl.java:setRole(174)) - a49488b0-9b0a-4cd9-b60f-a6a2ca33f14a@group-3615D881500F: changes role from  FOLLOWER to FOLLOWER at term 5 for recognizeCandidate:fdc400fc-8611-4280-8e8a-1f06e9b47363
2019-09-26 20:40:45,687 [grpc-default-executor-3] INFO  impl.RoleInfo (RoleInfo.java:shutdownFollowerState(121)) - a49488b0-9b0a-4cd9-b60f-a6a2ca33f14a: shutdown FollowerState
2019-09-26 20:40:45,687 [grpc-default-executor-3] INFO  impl.RoleInfo (RoleInfo.java:updateAndGet(143)) - a49488b0-9b0a-4cd9-b60f-a6a2ca33f14a: start FollowerState
2019-09-26 20:40:45,687 [Thread-476] INFO  impl.FollowerState (FollowerState.java:run(115)) - a49488b0-9b0a-4cd9-b60f-a6a2ca33f14a: FollowerState was interrupted: java.lang.InterruptedException: sleep interrupted
2019-09-26 20:40:45,693 [9b15866d-6b15-4ac7-b53c-ef39fa8ef2d1@group-3615D881500F:LeaderElection23] INFO  impl.LeaderElection (LeaderElection.java:logAndReturn(56)) - 9b15866d-6b15-4ac7-b53c-ef39fa8ef2d1@group-3615D881500F:LeaderElection23: Election REJECTED; received 2 response(s) [9b15866d-6b15-4ac7-b53c-ef39fa8ef2d1<-fdc400fc-8611-4280-8e8a-1f06e9b47363#0:FAIL-t5, 9b15866d-6b15-4ac7-b53c-ef39fa8ef2d1<-a49488b0-9b0a-4cd9-b60f-a6a2ca33f14a#0:FAIL-t5] and 0 exception(s); 9b15866d-6b15-4ac7-b53c-ef39fa8ef2d1@group-3615D881500F:t5, leader=null, voted=9b15866d-6b15-4ac7-b53c-ef39fa8ef2d1, raftlog=9b15866d-6b15-4ac7-b53c-ef39fa8ef2d1@group-3615D881500F-SegmentedRaftLog:OPENED:c-1,f-1,i0, conf=-1: [9b15866d-6b15-4ac7-b53c-ef39fa8ef2d1:192.168.151.109:44954, fdc400fc-8611-4280-8e8a-1f06e9b47363:192.168.151.109:44130, a49488b0-9b0a-4cd9-b60f-a6a2ca33f14a:192.168.151.109:46864], old=null
2019-09-26 20:40:45,693 [9b15866d-6b15-4ac7-b53c-ef39fa8ef2d1@group-3615D881500F:LeaderElection23] INFO  impl.RaftServerImpl (RaftServerImpl.java:setRole(174)) - 9b15866d-6b15-4ac7-b53c-ef39fa8ef2d1@group-3615D881500F: changes role from CANDIDATE to FOLLOWER at term 5 for DISCOVERED_A_NEW_TERM
2019-09-26 20:40:45,698 [9b15866d-6b15-4ac7-b53c-ef39fa8ef2d1@group-3615D881500F:LeaderElection23] INFO  impl.RoleInfo (RoleInfo.java:shutdownLeaderElection(134)) - 9b15866d-6b15-4ac7-b53c-ef39fa8ef2d1: shutdown LeaderElection
2019-09-26 20:40:45,699 [fdc400fc-8611-4280-8e8a-1f06e9b47363@group-3615D881500F:LeaderElection22] INFO  impl.LeaderElection (LeaderElection.java:logAndReturn(56)) - fdc400fc-8611-4280-8e8a-1f06e9b47363@group-3615D881500F:LeaderElection22: Election REJECTED; received 2 response(s) [fdc400fc-8611-4280-8e8a-1f06e9b47363<-9b15866d-6b15-4ac7-b53c-ef39fa8ef2d1#0:FAIL-t5, fdc400fc-8611-4280-8e8a-1f06e9b47363<-a49488b0-9b0a-4cd9-b60f-a6a2ca33f14a#0:FAIL-t5] and 0 exception(s); fdc400fc-8611-4280-8e8a-1f06e9b47363@group-3615D881500F:t5, leader=null, voted=fdc400fc-8611-4280-8e8a-1f06e9b47363, raftlog=fdc400fc-8611-4280-8e8a-1f06e9b47363@group-3615D881500F-SegmentedRaftLog:OPENED:c-1,f-1,i0, conf=-1: [9b15866d-6b15-4ac7-b53c-ef39fa8ef2d1:192.168.151.109:44954, fdc400fc-8611-4280-8e8a-1f06e9b47363:192.168.151.109:44130, a49488b0-9b0a-4cd9-b60f-a6a2ca33f14a:192.168.151.109:46864], old=null
2019-09-26 20:40:45,699 [9b15866d-6b15-4ac7-b53c-ef39fa8ef2d1@group-3615D881500F:LeaderElection23] INFO  impl.RoleInfo (RoleInfo.java:updateAndGet(143)) - 9b15866d-6b15-4ac7-b53c-ef39fa8ef2d1: start FollowerState
2019-09-26 20:40:45,701 [fdc400fc-8611-4280-8e8a-1f06e9b47363@group-3615D881500F:LeaderElection22] INFO  impl.RaftServerImpl (RaftServerImpl.java:setRole(174)) - fdc400fc-8611-4280-8e8a-1f06e9b47363@group-3615D881500F: changes role from CANDIDATE to FOLLOWER at term 5 for DISCOVERED_A_NEW_TERM
2019-09-26 20:40:45,716 [fdc400fc-8611-4280-8e8a-1f06e9b47363@group-3615D881500F:LeaderElection22] INFO  impl.RoleInfo (RoleInfo.java:shutdownLeaderElection(134)) - fdc400fc-8611-4280-8e8a-1f06e9b47363: shutdown LeaderElection
2019-09-26 20:40:45,717 [fdc400fc-8611-4280-8e8a-1f06e9b47363@group-3615D881500F:LeaderElection22] INFO  impl.RoleInfo (RoleInfo.java:updateAndGet(143)) - fdc400fc-8611-4280-8e8a-1f06e9b47363: start FollowerState
2019-09-26 20:40:46,573 [main] INFO  ipc.Client (Client.java:handleConnectionFailure(948)) - Retrying connect to server: localhost/127.0.0.1:0. Already tried 1 time(s); retry policy is RetryUpToMaximumCountWithFixedSleep(maxRetries=10, sleepTime=1000 MILLISECONDS)
2019-09-26 20:40:47,574 [main] INFO  ipc.Client (Client.java:handleConnectionFailure(948)) - Retrying connect to server: localhost/127.0.0.1:0. Already tried 2 time(s); retry policy is RetryUpToMaximumCountWithFixedSleep(maxRetries=10, sleepTime=1000 MILLISECONDS)
2019-09-26 20:40:48,575 [main] INFO  ipc.Client (Client.java:handleConnectionFailure(948)) - Retrying connect to server: localhost/127.0.0.1:0. Already tried 3 time(s); retry policy is RetryUpToMaximumCountWithFixedSleep(maxRetries=10, sleepTime=1000 MILLISECONDS)
2019-09-26 20:40:49,576 [main] INFO  ipc.Client (Client.java:handleConnectionFailure(948)) - Retrying connect to server: localhost/127.0.0.1:0. Already tried 4 time(s); retry policy is RetryUpToMaximumCountWithFixedSleep(maxRetries=10, sleepTime=1000 MILLISECONDS)
2019-09-26 20:40:50,578 [main] INFO  ipc.Client (Client.java:handleConnectionFailure(948)) - Retrying connect to server: localhost/127.0.0.1:0. Already tried 5 time(s); retry policy is RetryUpToMaximumCountWithFixedSleep(maxRetries=10, sleepTime=1000 MILLISECONDS)
2019-09-26 20:40:50,732 [Thread-478] INFO  impl.FollowerState (FollowerState.java:run(106)) - 9b15866d-6b15-4ac7-b53c-ef39fa8ef2d1:group-3615D881500F changes to CANDIDATE, lastRpcTime:5032, electionTimeout:5015ms
2019-09-26 20:40:50,732 [Thread-478] INFO  impl.RoleInfo (RoleInfo.java:shutdownFollowerState(121)) - 9b15866d-6b15-4ac7-b53c-ef39fa8ef2d1: shutdown FollowerState
2019-09-26 20:40:50,732 [Thread-478] INFO  impl.RaftServerImpl (RaftServerImpl.java:setRole(174)) - 9b15866d-6b15-4ac7-b53c-ef39fa8ef2d1@group-3615D881500F: changes role from  FOLLOWER to CANDIDATE at term 5 for changeToCandidate
2019-09-26 20:40:50,732 [Thread-478] INFO  impl.RoleInfo (RoleInfo.java:updateAndGet(143)) - 9b15866d-6b15-4ac7-b53c-ef39fa8ef2d1: start LeaderElection
2019-09-26 20:40:50,751 [9b15866d-6b15-4ac7-b53c-ef39fa8ef2d1@group-3615D881500F:LeaderElection24] INFO  impl.LeaderElection (LeaderElection.java:askForVotes(182)) - 9b15866d-6b15-4ac7-b53c-ef39fa8ef2d1@group-3615D881500F:LeaderElection24: begin an election at term 6 for -1: [9b15866d-6b15-4ac7-b53c-ef39fa8ef2d1:192.168.151.109:44954, fdc400fc-8611-4280-8e8a-1f06e9b47363:192.168.151.109:44130, a49488b0-9b0a-4cd9-b60f-a6a2ca33f14a:192.168.151.109:46864], old=null
2019-09-26 20:40:50,755 [grpc-default-executor-1] INFO  impl.RaftServerImpl (RaftServerImpl.java:setRole(174)) - a49488b0-9b0a-4cd9-b60f-a6a2ca33f14a@group-3615D881500F: changes role from  FOLLOWER to FOLLOWER at term 6 for recognizeCandidate:9b15866d-6b15-4ac7-b53c-ef39fa8ef2d1
2019-09-26 20:40:50,755 [grpc-default-executor-3] INFO  impl.RaftServerImpl (RaftServerImpl.java:setRole(174)) - fdc400fc-8611-4280-8e8a-1f06e9b47363@group-3615D881500F: changes role from  FOLLOWER to FOLLOWER at term 6 for recognizeCandidate:9b15866d-6b15-4ac7-b53c-ef39fa8ef2d1
2019-09-26 20:40:50,755 [grpc-default-executor-1] INFO  impl.RoleInfo (RoleInfo.java:shutdownFollowerState(121)) - a49488b0-9b0a-4cd9-b60f-a6a2ca33f14a: shutdown FollowerState
2019-09-26 20:40:50,756 [grpc-default-executor-3] INFO  impl.RoleInfo (RoleInfo.java:shutdownFollowerState(121)) - fdc400fc-8611-4280-8e8a-1f06e9b47363: shutdown FollowerState
2019-09-26 20:40:50,756 [Thread-477] INFO  impl.FollowerState (FollowerState.java:run(115)) - a49488b0-9b0a-4cd9-b60f-a6a2ca33f14a: FollowerState was interrupted: java.lang.InterruptedException: sleep interrupted
2019-09-26 20:40:50,756 [grpc-default-executor-1] INFO  impl.RoleInfo (RoleInfo.java:updateAndGet(143)) - a49488b0-9b0a-4cd9-b60f-a6a2ca33f14a: start FollowerState
2019-09-26 20:40:50,756 [Thread-479] INFO  impl.FollowerState (FollowerState.java:run(115)) - fdc400fc-8611-4280-8e8a-1f06e9b47363: FollowerState was interrupted: java.lang.InterruptedException: sleep interrupted
2019-09-26 20:40:50,756 [grpc-default-executor-3] INFO  impl.RoleInfo (RoleInfo.java:updateAndGet(143)) - fdc400fc-8611-4280-8e8a-1f06e9b47363: start FollowerState
2019-09-26 20:40:50,782 [9b15866d-6b15-4ac7-b53c-ef39fa8ef2d1@group-3615D881500F:LeaderElection24] INFO  impl.LeaderElection (LeaderElection.java:logAndReturn(56)) - 9b15866d-6b15-4ac7-b53c-ef39fa8ef2d1@group-3615D881500F:LeaderElection24: Election PASSED; received 2 response(s) [9b15866d-6b15-4ac7-b53c-ef39fa8ef2d1<-fdc400fc-8611-4280-8e8a-1f06e9b47363#0:OK-t6, 9b15866d-6b15-4ac7-b53c-ef39fa8ef2d1<-a49488b0-9b0a-4cd9-b60f-a6a2ca33f14a#0:FAIL-t6] and 0 exception(s); 9b15866d-6b15-4ac7-b53c-ef39fa8ef2d1@group-3615D881500F:t6, leader=null, voted=9b15866d-6b15-4ac7-b53c-ef39fa8ef2d1, raftlog=9b15866d-6b15-4ac7-b53c-ef39fa8ef2d1@group-3615D881500F-SegmentedRaftLog:OPENED:c-1,f-1,i0, conf=-1: [9b15866d-6b15-4ac7-b53c-ef39fa8ef2d1:192.168.151.109:44954, fdc400fc-8611-4280-8e8a-1f06e9b47363:192.168.151.109:44130, a49488b0-9b0a-4cd9-b60f-a6a2ca33f14a:192.168.151.109:46864], old=null
2019-09-26 20:40:50,782 [9b15866d-6b15-4ac7-b53c-ef39fa8ef2d1@group-3615D881500F:LeaderElection24] INFO  impl.RoleInfo (RoleInfo.java:shutdownLeaderElection(134)) - 9b15866d-6b15-4ac7-b53c-ef39fa8ef2d1: shutdown LeaderElection
2019-09-26 20:40:50,782 [9b15866d-6b15-4ac7-b53c-ef39fa8ef2d1@group-3615D881500F:LeaderElection24] INFO  impl.RaftServerImpl (RaftServerImpl.java:setRole(174)) - 9b15866d-6b15-4ac7-b53c-ef39fa8ef2d1@group-3615D881500F: changes role from CANDIDATE to LEADER at term 6 for changeToLeader
2019-09-26 20:40:50,782 [9b15866d-6b15-4ac7-b53c-ef39fa8ef2d1@group-3615D881500F:LeaderElection24] INFO  impl.RaftServerImpl (ServerState.java:setLeader(253)) - 9b15866d-6b15-4ac7-b53c-ef39fa8ef2d1@group-3615D881500F: change Leader from null to 9b15866d-6b15-4ac7-b53c-ef39fa8ef2d1 at term 6 for becomeLeader, leader elected after 25826ms
2019-09-26 20:40:50,783 [9b15866d-6b15-4ac7-b53c-ef39fa8ef2d1@group-3615D881500F:LeaderElection24] INFO  server.RaftServerConfigKeys (ConfUtils.java:logGet(43)) - raft.server.staging.catchup.gap = 1000 (default)
2019-09-26 20:40:50,783 [9b15866d-6b15-4ac7-b53c-ef39fa8ef2d1@group-3615D881500F:LeaderElection24] INFO  server.RaftServerConfigKeys (ConfUtils.java:logGet(43)) - raft.server.rpc.sleep.time = 25ms (default)
2019-09-26 20:40:50,783 [9b15866d-6b15-4ac7-b53c-ef39fa8ef2d1@group-3615D881500F:LeaderElection24] INFO  server.RaftServerConfigKeys (ConfUtils.java:logGet(43)) - raft.server.write.element-limit = 4096 (default)
2019-09-26 20:40:50,783 [9b15866d-6b15-4ac7-b53c-ef39fa8ef2d1@group-3615D881500F:LeaderElection24] INFO  server.RaftServerConfigKeys (ConfUtils.java:logGet(43)) - raft.server.watch.timeout = 10s (default)
2019-09-26 20:40:50,784 [9b15866d-6b15-4ac7-b53c-ef39fa8ef2d1@group-3615D881500F:LeaderElection24] INFO  server.RaftServerConfigKeys (ConfUtils.java:logGet(43)) - raft.server.watch.timeout.denomination = 1s (default)
2019-09-26 20:40:50,784 [9b15866d-6b15-4ac7-b53c-ef39fa8ef2d1@group-3615D881500F:LeaderElection24] INFO  server.RaftServerConfigKeys (ConfUtils.java:logGet(43)) - raft.server.watch.element-limit = 65536 (default)
2019-09-26 20:40:50,789 [9b15866d-6b15-4ac7-b53c-ef39fa8ef2d1@group-3615D881500F:LeaderElection24] INFO  server.RaftServerConfigKeys (ConfUtils.java:logGet(43)) - raft.server.log.appender.snapshot.chunk.size.max = 16MB (=16777216) (default)
2019-09-26 20:40:50,789 [9b15866d-6b15-4ac7-b53c-ef39fa8ef2d1@group-3615D881500F:LeaderElection24] INFO  server.RaftServerConfigKeys (ConfUtils.java:logGet(43)) - raft.server.log.appender.buffer.byte-limit = 33554432 (custom)
2019-09-26 20:40:50,790 [9b15866d-6b15-4ac7-b53c-ef39fa8ef2d1@group-3615D881500F:LeaderElection24] INFO  server.RaftServerConfigKeys (ConfUtils.java:logGet(43)) - raft.server.log.appender.buffer.element-limit = 1 (custom)
2019-09-26 20:40:50,790 [9b15866d-6b15-4ac7-b53c-ef39fa8ef2d1@group-3615D881500F:LeaderElection24] INFO  grpc.GrpcConfigKeys$Server (ConfUtils.java:logGet(43)) - raft.grpc.server.leader.outstanding.appends.max = 128 (default)
2019-09-26 20:40:50,790 [9b15866d-6b15-4ac7-b53c-ef39fa8ef2d1@group-3615D881500F:LeaderElection24] INFO  server.RaftServerConfigKeys (ConfUtils.java:logGet(43)) - raft.server.rpc.request.timeout = 3000ms (default)
2019-09-26 20:40:50,790 [9b15866d-6b15-4ac7-b53c-ef39fa8ef2d1@group-3615D881500F:LeaderElection24] INFO  server.RaftServerConfigKeys (ConfUtils.java:logGet(43)) - raft.server.log.appender.install.snapshot.enabled = false (custom)
2019-09-26 20:40:50,791 [9b15866d-6b15-4ac7-b53c-ef39fa8ef2d1@group-3615D881500F:LeaderElection24] INFO  server.RaftServerConfigKeys (ConfUtils.java:logGet(43)) - raft.server.log.appender.snapshot.chunk.size.max = 16MB (=16777216) (default)
2019-09-26 20:40:50,791 [9b15866d-6b15-4ac7-b53c-ef39fa8ef2d1@group-3615D881500F:LeaderElection24] INFO  server.RaftServerConfigKeys (ConfUtils.java:logGet(43)) - raft.server.log.appender.buffer.byte-limit = 33554432 (custom)
2019-09-26 20:40:50,791 [9b15866d-6b15-4ac7-b53c-ef39fa8ef2d1@group-3615D881500F:LeaderElection24] INFO  server.RaftServerConfigKeys (ConfUtils.java:logGet(43)) - raft.server.log.appender.buffer.element-limit = 1 (custom)
2019-09-26 20:40:50,792 [9b15866d-6b15-4ac7-b53c-ef39fa8ef2d1@group-3615D881500F:LeaderElection24] INFO  grpc.GrpcConfigKeys$Server (ConfUtils.java:logGet(43)) - raft.grpc.server.leader.outstanding.appends.max = 128 (default)
2019-09-26 20:40:50,792 [9b15866d-6b15-4ac7-b53c-ef39fa8ef2d1@group-3615D881500F:LeaderElection24] INFO  server.RaftServerConfigKeys (ConfUtils.java:logGet(43)) - raft.server.rpc.request.timeout = 3000ms (default)
2019-09-26 20:40:50,792 [9b15866d-6b15-4ac7-b53c-ef39fa8ef2d1@group-3615D881500F:LeaderElection24] INFO  server.RaftServerConfigKeys (ConfUtils.java:logGet(43)) - raft.server.log.appender.install.snapshot.enabled = false (custom)
2019-09-26 20:40:50,792 [9b15866d-6b15-4ac7-b53c-ef39fa8ef2d1@group-3615D881500F:LeaderElection24] INFO  impl.RoleInfo (RoleInfo.java:updateAndGet(143)) - 9b15866d-6b15-4ac7-b53c-ef39fa8ef2d1: start LeaderState
2019-09-26 20:40:50,793 [9b15866d-6b15-4ac7-b53c-ef39fa8ef2d1@group-3615D881500F:LeaderElection24] INFO  segmented.SegmentedRaftLogWorker (SegmentedRaftLogWorker.java:startLogSegment(380)) - 9b15866d-6b15-4ac7-b53c-ef39fa8ef2d1@group-3615D881500F-SegmentedRaftLogWorker: Starting segment from index:0
2019-09-26 20:40:50,794 [9b15866d-6b15-4ac7-b53c-ef39fa8ef2d1@group-3615D881500F:LeaderElection24] INFO  impl.RaftServerImpl (ServerState.java:setRaftConf(354)) - 9b15866d-6b15-4ac7-b53c-ef39fa8ef2d1@group-3615D881500F: set configuration 0: [9b15866d-6b15-4ac7-b53c-ef39fa8ef2d1:192.168.151.109:44954, fdc400fc-8611-4280-8e8a-1f06e9b47363:192.168.151.109:44130, a49488b0-9b0a-4cd9-b60f-a6a2ca33f14a:192.168.151.109:46864], old=null at 0
2019-09-26 20:40:50,834 [grpc-default-executor-1] INFO  impl.RaftServerImpl (ServerState.java:setLeader(253)) - a49488b0-9b0a-4cd9-b60f-a6a2ca33f14a@group-3615D881500F: change Leader from null to 9b15866d-6b15-4ac7-b53c-ef39fa8ef2d1 at term 6 for appendEntries, leader elected after 10197ms
2019-09-26 20:40:50,837 [grpc-default-executor-3] INFO  impl.RaftServerImpl (ServerState.java:setLeader(253)) - fdc400fc-8611-4280-8e8a-1f06e9b47363@group-3615D881500F: change Leader from null to 9b15866d-6b15-4ac7-b53c-ef39fa8ef2d1 at term 6 for appendEntries, leader elected after 25880ms
2019-09-26 20:40:50,843 [9b15866d-6b15-4ac7-b53c-ef39fa8ef2d1@group-3615D881500F-SegmentedRaftLogWorker] INFO  segmented.SegmentedRaftLogWorker (SegmentedRaftLogWorker.java:execute(569)) - 9b15866d-6b15-4ac7-b53c-ef39fa8ef2d1@group-3615D881500F-SegmentedRaftLogWorker: created new log segment /workdir/hadoop-ozone/integration-test/target/test-dir/MiniOzoneClusterImpl-5456f64d-b184-4e59-8568-45c19435e1d5/datanode-6/data/ratis/868f2c83-66eb-4852-bfa7-3615d881500f/current/log_inprogress_0
2019-09-26 20:40:50,844 [grpc-default-executor-3] INFO  impl.RaftServerImpl (ServerState.java:setRaftConf(354)) - fdc400fc-8611-4280-8e8a-1f06e9b47363@group-3615D881500F: set configuration 0: [9b15866d-6b15-4ac7-b53c-ef39fa8ef2d1:192.168.151.109:44954, fdc400fc-8611-4280-8e8a-1f06e9b47363:192.168.151.109:44130, a49488b0-9b0a-4cd9-b60f-a6a2ca33f14a:192.168.151.109:46864], old=null at 0
2019-09-26 20:40:50,844 [grpc-default-executor-1] INFO  impl.RaftServerImpl (ServerState.java:setRaftConf(354)) - a49488b0-9b0a-4cd9-b60f-a6a2ca33f14a@group-3615D881500F: set configuration 0: [9b15866d-6b15-4ac7-b53c-ef39fa8ef2d1:192.168.151.109:44954, fdc400fc-8611-4280-8e8a-1f06e9b47363:192.168.151.109:44130, a49488b0-9b0a-4cd9-b60f-a6a2ca33f14a:192.168.151.109:46864], old=null at 0
2019-09-26 20:40:50,844 [grpc-default-executor-3] INFO  segmented.SegmentedRaftLogWorker (SegmentedRaftLogWorker.java:startLogSegment(380)) - fdc400fc-8611-4280-8e8a-1f06e9b47363@group-3615D881500F-SegmentedRaftLogWorker: Starting segment from index:0
2019-09-26 20:40:50,849 [grpc-default-executor-1] INFO  segmented.SegmentedRaftLogWorker (SegmentedRaftLogWorker.java:truncate(396)) - a49488b0-9b0a-4cd9-b60f-a6a2ca33f14a@group-3615D881500F-SegmentedRaftLogWorker: Truncating segments toTruncate: null
  toDelete: [(0, 0) isOpen? true, length=0, newEndIndex=-1], start index 0
2019-09-26 20:40:50,850 [grpc-default-executor-1] INFO  segmented.SegmentedRaftLogWorker (SegmentedRaftLogWorker.java:startLogSegment(380)) - a49488b0-9b0a-4cd9-b60f-a6a2ca33f14a@group-3615D881500F-SegmentedRaftLogWorker: Starting segment from index:0
2019-09-26 20:40:50,851 [a49488b0-9b0a-4cd9-b60f-a6a2ca33f14a@group-3615D881500F-SegmentedRaftLogWorker] INFO  segmented.SegmentedRaftLogWorker (SegmentedRaftLogWorker.java:execute(633)) - a49488b0-9b0a-4cd9-b60f-a6a2ca33f14a@group-3615D881500F-SegmentedRaftLogWorker: Deleted log file /workdir/hadoop-ozone/integration-test/target/test-dir/MiniOzoneClusterImpl-5456f64d-b184-4e59-8568-45c19435e1d5/datanode-2/data/ratis/868f2c83-66eb-4852-bfa7-3615d881500f/current/log_inprogress_0
2019-09-26 20:40:50,852 [a49488b0-9b0a-4cd9-b60f-a6a2ca33f14a@group-3615D881500F-SegmentedRaftLogWorker] INFO  segmented.SegmentedRaftLogWorker (SegmentedRaftLogWorker.java:lambda$new$0(132)) - a49488b0-9b0a-4cd9-b60f-a6a2ca33f14a@group-3615D881500F-SegmentedRaftLogWorker: flushIndex: setUnconditionally 0 -> -1
2019-09-26 20:40:50,889 [fdc400fc-8611-4280-8e8a-1f06e9b47363@group-3615D881500F-SegmentedRaftLogWorker] INFO  segmented.SegmentedRaftLogWorker (SegmentedRaftLogWorker.java:execute(569)) - fdc400fc-8611-4280-8e8a-1f06e9b47363@group-3615D881500F-SegmentedRaftLogWorker: created new log segment /workdir/hadoop-ozone/integration-test/target/test-dir/MiniOzoneClusterImpl-5456f64d-b184-4e59-8568-45c19435e1d5/datanode-9/data/ratis/868f2c83-66eb-4852-bfa7-3615d881500f/current/log_inprogress_0
2019-09-26 20:40:50,889 [a49488b0-9b0a-4cd9-b60f-a6a2ca33f14a@group-3615D881500F-SegmentedRaftLogWorker] INFO  segmented.SegmentedRaftLogWorker (SegmentedRaftLogWorker.java:execute(569)) - a49488b0-9b0a-4cd9-b60f-a6a2ca33f14a@group-3615D881500F-SegmentedRaftLogWorker: created new log segment /workdir/hadoop-ozone/integration-test/target/test-dir/MiniOzoneClusterImpl-5456f64d-b184-4e59-8568-45c19435e1d5/datanode-2/data/ratis/868f2c83-66eb-4852-bfa7-3615d881500f/current/log_inprogress_0
2019-09-26 20:40:51,579 [main] INFO  ipc.Client (Client.java:handleConnectionFailure(948)) - Retrying connect to server: localhost/127.0.0.1:0. Already tried 6 time(s); retry policy is RetryUpToMaximumCountWithFixedSleep(maxRetries=10, sleepTime=1000 MILLISECONDS)
2019-09-26 20:40:52,580 [main] INFO  ipc.Client (Client.java:handleConnectionFailure(948)) - Retrying connect to server: localhost/127.0.0.1:0. Already tried 7 time(s); retry policy is RetryUpToMaximumCountWithFixedSleep(maxRetries=10, sleepTime=1000 MILLISECONDS)
2019-09-26 20:40:53,581 [main] INFO  ipc.Client (Client.java:handleConnectionFailure(948)) - Retrying connect to server: localhost/127.0.0.1:0. Already tried 8 time(s); retry policy is RetryUpToMaximumCountWithFixedSleep(maxRetries=10, sleepTime=1000 MILLISECONDS)
2019-09-26 20:40:54,582 [main] INFO  ipc.Client (Client.java:handleConnectionFailure(948)) - Retrying connect to server: localhost/127.0.0.1:0. Already tried 9 time(s); retry policy is RetryUpToMaximumCountWithFixedSleep(maxRetries=10, sleepTime=1000 MILLISECONDS)
2019-09-26 20:40:54,584 [main] INFO  retry.RetryInvocationHandler (RetryInvocationHandler.java:log(411)) - com.google.protobuf.ServiceException: java.net.ConnectException: Your endpoint configuration is wrong; For more details see:  http://wiki.apache.org/hadoop/UnsetHostnameOrPort, while invoking $Proxy85.submitRequest over nodeId=null,nodeAddress=127.0.0.1:0 after 2 failover attempts. Trying to failover immediately.
2019-09-26 20:40:55,585 [main] INFO  ipc.Client (Client.java:handleConnectionFailure(948)) - Retrying connect to server: localhost/127.0.0.1:0. Already tried 0 time(s); retry policy is RetryUpToMaximumCountWithFixedSleep(maxRetries=10, sleepTime=1000 MILLISECONDS)
2019-09-26 20:40:56,586 [main] INFO  ipc.Client (Client.java:handleConnectionFailure(948)) - Retrying connect to server: localhost/127.0.0.1:0. Already tried 1 time(s); retry policy is RetryUpToMaximumCountWithFixedSleep(maxRetries=10, sleepTime=1000 MILLISECONDS)
2019-09-26 20:40:57,587 [main] INFO  ipc.Client (Client.java:handleConnectionFailure(948)) - Retrying connect to server: localhost/127.0.0.1:0. Already tried 2 time(s); retry policy is RetryUpToMaximumCountWithFixedSleep(maxRetries=10, sleepTime=1000 MILLISECONDS)
2019-09-26 20:40:58,589 [main] INFO  ipc.Client (Client.java:handleConnectionFailure(948)) - Retrying connect to server: localhost/127.0.0.1:0. Already tried 3 time(s); retry policy is RetryUpToMaximumCountWithFixedSleep(maxRetries=10, sleepTime=1000 MILLISECONDS)
2019-09-26 20:40:59,590 [main] INFO  ipc.Client (Client.java:handleConnectionFailure(948)) - Retrying connect to server: localhost/127.0.0.1:0. Already tried 4 time(s); retry policy is RetryUpToMaximumCountWithFixedSleep(maxRetries=10, sleepTime=1000 MILLISECONDS)
2019-09-26 20:41:00,591 [main] INFO  ipc.Client (Client.java:handleConnectionFailure(948)) - Retrying connect to server: localhost/127.0.0.1:0. Already tried 5 time(s); retry policy is RetryUpToMaximumCountWithFixedSleep(maxRetries=10, sleepTime=1000 MILLISECONDS)
2019-09-26 20:41:01,592 [main] INFO  ipc.Client (Client.java:handleConnectionFailure(948)) - Retrying connect to server: localhost/127.0.0.1:0. Already tried 6 time(s); retry policy is RetryUpToMaximumCountWithFixedSleep(maxRetries=10, sleepTime=1000 MILLISECONDS)
2019-09-26 20:41:02,594 [main] INFO  ipc.Client (Client.java:handleConnectionFailure(948)) - Retrying connect to server: localhost/127.0.0.1:0. Already tried 7 time(s); retry policy is RetryUpToMaximumCountWithFixedSleep(maxRetries=10, sleepTime=1000 MILLISECONDS)
2019-09-26 20:41:03,596 [main] INFO  ipc.Client (Client.java:handleConnectionFailure(948)) - Retrying connect to server: localhost/127.0.0.1:0. Already tried 8 time(s); retry policy is RetryUpToMaximumCountWithFixedSleep(maxRetries=10, sleepTime=1000 MILLISECONDS)
2019-09-26 20:41:04,597 [main] INFO  ipc.Client (Client.java:handleConnectionFailure(948)) - Retrying connect to server: localhost/127.0.0.1:0. Already tried 9 time(s); retry policy is RetryUpToMaximumCountWithFixedSleep(maxRetries=10, sleepTime=1000 MILLISECONDS)
2019-09-26 20:41:04,599 [main] INFO  retry.RetryInvocationHandler (RetryInvocationHandler.java:log(411)) - com.google.protobuf.ServiceException: java.net.ConnectException: Your endpoint configuration is wrong; For more details see:  http://wiki.apache.org/hadoop/UnsetHostnameOrPort, while invoking $Proxy85.submitRequest over nodeId=null,nodeAddress=127.0.0.1:0 after 3 failover attempts. Trying to failover immediately.
2019-09-26 20:41:05,600 [main] INFO  ipc.Client (Client.java:handleConnectionFailure(948)) - Retrying connect to server: localhost/127.0.0.1:0. Already tried 0 time(s); retry policy is RetryUpToMaximumCountWithFixedSleep(maxRetries=10, sleepTime=1000 MILLISECONDS)
2019-09-26 20:41:06,601 [main] INFO  ipc.Client (Client.java:handleConnectionFailure(948)) - Retrying connect to server: localhost/127.0.0.1:0. Already tried 1 time(s); retry policy is RetryUpToMaximumCountWithFixedSleep(maxRetries=10, sleepTime=1000 MILLISECONDS)
2019-09-26 20:41:07,603 [main] INFO  ipc.Client (Client.java:handleConnectionFailure(948)) - Retrying connect to server: localhost/127.0.0.1:0. Already tried 2 time(s); retry policy is RetryUpToMaximumCountWithFixedSleep(maxRetries=10, sleepTime=1000 MILLISECONDS)
2019-09-26 20:41:08,604 [main] INFO  ipc.Client (Client.java:handleConnectionFailure(948)) - Retrying connect to server: localhost/127.0.0.1:0. Already tried 3 time(s); retry policy is RetryUpToMaximumCountWithFixedSleep(maxRetries=10, sleepTime=1000 MILLISECONDS)
2019-09-26 20:41:09,605 [main] INFO  ipc.Client (Client.java:handleConnectionFailure(948)) - Retrying connect to server: localhost/127.0.0.1:0. Already tried 4 time(s); retry policy is RetryUpToMaximumCountWithFixedSleep(maxRetries=10, sleepTime=1000 MILLISECONDS)
2019-09-26 20:41:10,607 [main] INFO  ipc.Client (Client.java:handleConnectionFailure(948)) - Retrying connect to server: localhost/127.0.0.1:0. Already tried 5 time(s); retry policy is RetryUpToMaximumCountWithFixedSleep(maxRetries=10, sleepTime=1000 MILLISECONDS)
2019-09-26 20:41:11,608 [main] INFO  ipc.Client (Client.java:handleConnectionFailure(948)) - Retrying connect to server: localhost/127.0.0.1:0. Already tried 6 time(s); retry policy is RetryUpToMaximumCountWithFixedSleep(maxRetries=10, sleepTime=1000 MILLISECONDS)
2019-09-26 20:41:12,610 [main] INFO  ipc.Client (Client.java:handleConnectionFailure(948)) - Retrying connect to server: localhost/127.0.0.1:0. Already tried 7 time(s); retry policy is RetryUpToMaximumCountWithFixedSleep(maxRetries=10, sleepTime=1000 MILLISECONDS)
2019-09-26 20:41:13,611 [main] INFO  ipc.Client (Client.java:handleConnectionFailure(948)) - Retrying connect to server: localhost/127.0.0.1:0. Already tried 8 time(s); retry policy is RetryUpToMaximumCountWithFixedSleep(maxRetries=10, sleepTime=1000 MILLISECONDS)
2019-09-26 20:41:14,612 [main] INFO  ipc.Client (Client.java:handleConnectionFailure(948)) - Retrying connect to server: localhost/127.0.0.1:0. Already tried 9 time(s); retry policy is RetryUpToMaximumCountWithFixedSleep(maxRetries=10, sleepTime=1000 MILLISECONDS)
2019-09-26 20:41:14,615 [main] INFO  retry.RetryInvocationHandler (RetryInvocationHandler.java:log(411)) - com.google.protobuf.ServiceException: java.net.ConnectException: Your endpoint configuration is wrong; For more details see:  http://wiki.apache.org/hadoop/UnsetHostnameOrPort, while invoking $Proxy85.submitRequest over nodeId=null,nodeAddress=127.0.0.1:0 after 4 failover attempts. Trying to failover immediately.
2019-09-26 20:41:15,616 [main] INFO  ipc.Client (Client.java:handleConnectionFailure(948)) - Retrying connect to server: localhost/127.0.0.1:0. Already tried 0 time(s); retry policy is RetryUpToMaximumCountWithFixedSleep(maxRetries=10, sleepTime=1000 MILLISECONDS)
2019-09-26 20:41:16,618 [main] INFO  ipc.Client (Client.java:handleConnectionFailure(948)) - Retrying connect to server: localhost/127.0.0.1:0. Already tried 1 time(s); retry policy is RetryUpToMaximumCountWithFixedSleep(maxRetries=10, sleepTime=1000 MILLISECONDS)
2019-09-26 20:41:17,619 [main] INFO  ipc.Client (Client.java:handleConnectionFailure(948)) - Retrying connect to server: localhost/127.0.0.1:0. Already tried 2 time(s); retry policy is RetryUpToMaximumCountWithFixedSleep(maxRetries=10, sleepTime=1000 MILLISECONDS)
2019-09-26 20:41:18,620 [main] INFO  ipc.Client (Client.java:handleConnectionFailure(948)) - Retrying connect to server: localhost/127.0.0.1:0. Already tried 3 time(s); retry policy is RetryUpToMaximumCountWithFixedSleep(maxRetries=10, sleepTime=1000 MILLISECONDS)
2019-09-26 20:41:19,621 [main] INFO  ipc.Client (Client.java:handleConnectionFailure(948)) - Retrying connect to server: localhost/127.0.0.1:0. Already tried 4 time(s); retry policy is RetryUpToMaximumCountWithFixedSleep(maxRetries=10, sleepTime=1000 MILLISECONDS)
2019-09-26 20:41:20,623 [main] INFO  ipc.Client (Client.java:handleConnectionFailure(948)) - Retrying connect to server: localhost/127.0.0.1:0. Already tried 5 time(s); retry policy is RetryUpToMaximumCountWithFixedSleep(maxRetries=10, sleepTime=1000 MILLISECONDS)
2019-09-26 20:41:21,624 [main] INFO  ipc.Client (Client.java:handleConnectionFailure(948)) - Retrying connect to server: localhost/127.0.0.1:0. Already tried 6 time(s); retry policy is RetryUpToMaximumCountWithFixedSleep(maxRetries=10, sleepTime=1000 MILLISECONDS)
2019-09-26 20:41:22,625 [main] INFO  ipc.Client (Client.java:handleConnectionFailure(948)) - Retrying connect to server: localhost/127.0.0.1:0. Already tried 7 time(s); retry policy is RetryUpToMaximumCountWithFixedSleep(maxRetries=10, sleepTime=1000 MILLISECONDS)
2019-09-26 20:41:23,626 [main] INFO  ipc.Client (Client.java:handleConnectionFailure(948)) - Retrying connect to server: localhost/127.0.0.1:0. Already tried 8 time(s); retry policy is RetryUpToMaximumCountWithFixedSleep(maxRetries=10, sleepTime=1000 MILLISECONDS)
2019-09-26 20:41:24,628 [main] INFO  ipc.Client (Client.java:handleConnectionFailure(948)) - Retrying connect to server: localhost/127.0.0.1:0. Already tried 9 time(s); retry policy is RetryUpToMaximumCountWithFixedSleep(maxRetries=10, sleepTime=1000 MILLISECONDS)
2019-09-26 20:41:24,629 [main] INFO  retry.RetryInvocationHandler (RetryInvocationHandler.java:log(411)) - com.google.protobuf.ServiceException: java.net.ConnectException: Your endpoint configuration is wrong; For more details see:  http://wiki.apache.org/hadoop/UnsetHostnameOrPort, while invoking $Proxy85.submitRequest over nodeId=null,nodeAddress=127.0.0.1:0 after 5 failover attempts. Trying to failover immediately.
2019-09-26 20:41:25,630 [main] INFO  ipc.Client (Client.java:handleConnectionFailure(948)) - Retrying connect to server: localhost/127.0.0.1:0. Already tried 0 time(s); retry policy is RetryUpToMaximumCountWithFixedSleep(maxRetries=10, sleepTime=1000 MILLISECONDS)
2019-09-26 20:41:26,631 [main] INFO  ipc.Client (Client.java:handleConnectionFailure(948)) - Retrying connect to server: localhost/127.0.0.1:0. Already tried 1 time(s); retry policy is RetryUpToMaximumCountWithFixedSleep(maxRetries=10, sleepTime=1000 MILLISECONDS)
2019-09-26 20:41:27,632 [main] INFO  ipc.Client (Client.java:handleConnectionFailure(948)) - Retrying connect to server: localhost/127.0.0.1:0. Already tried 2 time(s); retry policy is RetryUpToMaximumCountWithFixedSleep(maxRetries=10, sleepTime=1000 MILLISECONDS)
2019-09-26 20:41:28,634 [main] INFO  ipc.Client (Client.java:handleConnectionFailure(948)) - Retrying connect to server: localhost/127.0.0.1:0. Already tried 3 time(s); retry policy is RetryUpToMaximumCountWithFixedSleep(maxRetries=10, sleepTime=1000 MILLISECONDS)
2019-09-26 20:41:29,635 [main] INFO  ipc.Client (Client.java:handleConnectionFailure(948)) - Retrying connect to server: localhost/127.0.0.1:0. Already tried 4 time(s); retry policy is RetryUpToMaximumCountWithFixedSleep(maxRetries=10, sleepTime=1000 MILLISECONDS)
2019-09-26 20:41:30,636 [main] INFO  ipc.Client (Client.java:handleConnectionFailure(948)) - Retrying connect to server: localhost/127.0.0.1:0. Already tried 5 time(s); retry policy is RetryUpToMaximumCountWithFixedSleep(maxRetries=10, sleepTime=1000 MILLISECONDS)
2019-09-26 20:41:31,637 [main] INFO  ipc.Client (Client.java:handleConnectionFailure(948)) - Retrying connect to server: localhost/127.0.0.1:0. Already tried 6 time(s); retry policy is RetryUpToMaximumCountWithFixedSleep(maxRetries=10, sleepTime=1000 MILLISECONDS)
2019-09-26 20:41:32,638 [main] INFO  ipc.Client (Client.java:handleConnectionFailure(948)) - Retrying connect to server: localhost/127.0.0.1:0. Already tried 7 time(s); retry policy is RetryUpToMaximumCountWithFixedSleep(maxRetries=10, sleepTime=1000 MILLISECONDS)
2019-09-26 20:41:33,639 [main] INFO  ipc.Client (Client.java:handleConnectionFailure(948)) - Retrying connect to server: localhost/127.0.0.1:0. Already tried 8 time(s); retry policy is RetryUpToMaximumCountWithFixedSleep(maxRetries=10, sleepTime=1000 MILLISECONDS)
2019-09-26 20:41:34,641 [main] INFO  ipc.Client (Client.java:handleConnectionFailure(948)) - Retrying connect to server: localhost/127.0.0.1:0. Already tried 9 time(s); retry policy is RetryUpToMaximumCountWithFixedSleep(maxRetries=10, sleepTime=1000 MILLISECONDS)
2019-09-26 20:41:34,642 [main] INFO  retry.RetryInvocationHandler (RetryInvocationHandler.java:log(411)) - com.google.protobuf.ServiceException: java.net.ConnectException: Your endpoint configuration is wrong; For more details see:  http://wiki.apache.org/hadoop/UnsetHostnameOrPort, while invoking $Proxy85.submitRequest over nodeId=null,nodeAddress=127.0.0.1:0 after 6 failover attempts. Trying to failover immediately.
2019-09-26 20:41:35,644 [main] INFO  ipc.Client (Client.java:handleConnectionFailure(948)) - Retrying connect to server: localhost/127.0.0.1:0. Already tried 0 time(s); retry policy is RetryUpToMaximumCountWithFixedSleep(maxRetries=10, sleepTime=1000 MILLISECONDS)
2019-09-26 20:41:36,645 [main] INFO  ipc.Client (Client.java:handleConnectionFailure(948)) - Retrying connect to server: localhost/127.0.0.1:0. Already tried 1 time(s); retry policy is RetryUpToMaximumCountWithFixedSleep(maxRetries=10, sleepTime=1000 MILLISECONDS)
2019-09-26 20:41:37,646 [main] INFO  ipc.Client (Client.java:handleConnectionFailure(948)) - Retrying connect to server: localhost/127.0.0.1:0. Already tried 2 time(s); retry policy is RetryUpToMaximumCountWithFixedSleep(maxRetries=10, sleepTime=1000 MILLISECONDS)
2019-09-26 20:41:38,647 [main] INFO  ipc.Client (Client.java:handleConnectionFailure(948)) - Retrying connect to server: localhost/127.0.0.1:0. Already tried 3 time(s); retry policy is RetryUpToMaximumCountWithFixedSleep(maxRetries=10, sleepTime=1000 MILLISECONDS)
2019-09-26 20:41:39,648 [main] INFO  ipc.Client (Client.java:handleConnectionFailure(948)) - Retrying connect to server: localhost/127.0.0.1:0. Already tried 4 time(s); retry policy is RetryUpToMaximumCountWithFixedSleep(maxRetries=10, sleepTime=1000 MILLISECONDS)
2019-09-26 20:41:40,649 [main] INFO  ipc.Client (Client.java:handleConnectionFailure(948)) - Retrying connect to server: localhost/127.0.0.1:0. Already tried 5 time(s); retry policy is RetryUpToMaximumCountWithFixedSleep(maxRetries=10, sleepTime=1000 MILLISECONDS)
2019-09-26 20:41:41,650 [main] INFO  ipc.Client (Client.java:handleConnectionFailure(948)) - Retrying connect to server: localhost/127.0.0.1:0. Already tried 6 time(s); retry policy is RetryUpToMaximumCountWithFixedSleep(maxRetries=10, sleepTime=1000 MILLISECONDS)
2019-09-26 20:41:42,651 [main] INFO  ipc.Client (Client.java:handleConnectionFailure(948)) - Retrying connect to server: localhost/127.0.0.1:0. Already tried 7 time(s); retry policy is RetryUpToMaximumCountWithFixedSleep(maxRetries=10, sleepTime=1000 MILLISECONDS)
2019-09-26 20:41:43,652 [main] INFO  ipc.Client (Client.java:handleConnectionFailure(948)) - Retrying connect to server: localhost/127.0.0.1:0. Already tried 8 time(s); retry policy is RetryUpToMaximumCountWithFixedSleep(maxRetries=10, sleepTime=1000 MILLISECONDS)
2019-09-26 20:41:44,653 [main] INFO  ipc.Client (Client.java:handleConnectionFailure(948)) - Retrying connect to server: localhost/127.0.0.1:0. Already tried 9 time(s); retry policy is RetryUpToMaximumCountWithFixedSleep(maxRetries=10, sleepTime=1000 MILLISECONDS)
2019-09-26 20:41:44,655 [main] INFO  retry.RetryInvocationHandler (RetryInvocationHandler.java:log(411)) - com.google.protobuf.ServiceException: java.net.ConnectException: Your endpoint configuration is wrong; For more details see:  http://wiki.apache.org/hadoop/UnsetHostnameOrPort, while invoking $Proxy85.submitRequest over nodeId=null,nodeAddress=127.0.0.1:0 after 7 failover attempts. Trying to failover immediately.
2019-09-26 20:41:45,656 [main] INFO  ipc.Client (Client.java:handleConnectionFailure(948)) - Retrying connect to server: localhost/127.0.0.1:0. Already tried 0 time(s); retry policy is RetryUpToMaximumCountWithFixedSleep(maxRetries=10, sleepTime=1000 MILLISECONDS)
2019-09-26 20:41:46,657 [main] INFO  ipc.Client (Client.java:handleConnectionFailure(948)) - Retrying connect to server: localhost/127.0.0.1:0. Already tried 1 time(s); retry policy is RetryUpToMaximumCountWithFixedSleep(maxRetries=10, sleepTime=1000 MILLISECONDS)
2019-09-26 20:41:47,658 [main] INFO  ipc.Client (Client.java:handleConnectionFailure(948)) - Retrying connect to server: localhost/127.0.0.1:0. Already tried 2 time(s); retry policy is RetryUpToMaximumCountWithFixedSleep(maxRetries=10, sleepTime=1000 MILLISECONDS)
2019-09-26 20:41:48,659 [main] INFO  ipc.Client (Client.java:handleConnectionFailure(948)) - Retrying connect to server: localhost/127.0.0.1:0. Already tried 3 time(s); retry policy is RetryUpToMaximumCountWithFixedSleep(maxRetries=10, sleepTime=1000 MILLISECONDS)
2019-09-26 20:41:49,660 [main] INFO  ipc.Client (Client.java:handleConnectionFailure(948)) - Retrying connect to server: localhost/127.0.0.1:0. Already tried 4 time(s); retry policy is RetryUpToMaximumCountWithFixedSleep(maxRetries=10, sleepTime=1000 MILLISECONDS)
2019-09-26 20:41:50,661 [main] INFO  ipc.Client (Client.java:handleConnectionFailure(948)) - Retrying connect to server: localhost/127.0.0.1:0. Already tried 5 time(s); retry policy is RetryUpToMaximumCountWithFixedSleep(maxRetries=10, sleepTime=1000 MILLISECONDS)
2019-09-26 20:41:51,663 [main] INFO  ipc.Client (Client.java:handleConnectionFailure(948)) - Retrying connect to server: localhost/127.0.0.1:0. Already tried 6 time(s); retry policy is RetryUpToMaximumCountWithFixedSleep(maxRetries=10, sleepTime=1000 MILLISECONDS)
2019-09-26 20:41:52,664 [main] INFO  ipc.Client (Client.java:handleConnectionFailure(948)) - Retrying connect to server: localhost/127.0.0.1:0. Already tried 7 time(s); retry policy is RetryUpToMaximumCountWithFixedSleep(maxRetries=10, sleepTime=1000 MILLISECONDS)
2019-09-26 20:41:53,665 [main] INFO  ipc.Client (Client.java:handleConnectionFailure(948)) - Retrying connect to server: localhost/127.0.0.1:0. Already tried 8 time(s); retry policy is RetryUpToMaximumCountWithFixedSleep(maxRetries=10, sleepTime=1000 MILLISECONDS)
2019-09-26 20:41:54,666 [main] INFO  ipc.Client (Client.java:handleConnectionFailure(948)) - Retrying connect to server: localhost/127.0.0.1:0. Already tried 9 time(s); retry policy is RetryUpToMaximumCountWithFixedSleep(maxRetries=10, sleepTime=1000 MILLISECONDS)
2019-09-26 20:41:54,667 [main] INFO  retry.RetryInvocationHandler (RetryInvocationHandler.java:log(411)) - com.google.protobuf.ServiceException: java.net.ConnectException: Your endpoint configuration is wrong; For more details see:  http://wiki.apache.org/hadoop/UnsetHostnameOrPort, while invoking $Proxy85.submitRequest over nodeId=null,nodeAddress=127.0.0.1:0 after 8 failover attempts. Trying to failover immediately.
2019-09-26 20:41:55,669 [main] INFO  ipc.Client (Client.java:handleConnectionFailure(948)) - Retrying connect to server: localhost/127.0.0.1:0. Already tried 0 time(s); retry policy is RetryUpToMaximumCountWithFixedSleep(maxRetries=10, sleepTime=1000 MILLISECONDS)
2019-09-26 20:41:56,670 [main] INFO  ipc.Client (Client.java:handleConnectionFailure(948)) - Retrying connect to server: localhost/127.0.0.1:0. Already tried 1 time(s); retry policy is RetryUpToMaximumCountWithFixedSleep(maxRetries=10, sleepTime=1000 MILLISECONDS)
2019-09-26 20:41:57,671 [main] INFO  ipc.Client (Client.java:handleConnectionFailure(948)) - Retrying connect to server: localhost/127.0.0.1:0. Already tried 2 time(s); retry policy is RetryUpToMaximumCountWithFixedSleep(maxRetries=10, sleepTime=1000 MILLISECONDS)
2019-09-26 20:41:58,672 [main] INFO  ipc.Client (Client.java:handleConnectionFailure(948)) - Retrying connect to server: localhost/127.0.0.1:0. Already tried 3 time(s); retry policy is RetryUpToMaximumCountWithFixedSleep(maxRetries=10, sleepTime=1000 MILLISECONDS)
2019-09-26 20:41:59,675 [main] INFO  ipc.Client (Client.java:handleConnectionFailure(948)) - Retrying connect to server: localhost/127.0.0.1:0. Already tried 4 time(s); retry policy is RetryUpToMaximumCountWithFixedSleep(maxRetries=10, sleepTime=1000 MILLISECONDS)
2019-09-26 20:42:00,676 [main] INFO  ipc.Client (Client.java:handleConnectionFailure(948)) - Retrying connect to server: localhost/127.0.0.1:0. Already tried 5 time(s); retry policy is RetryUpToMaximumCountWithFixedSleep(maxRetries=10, sleepTime=1000 MILLISECONDS)
2019-09-26 20:42:01,679 [main] INFO  ipc.Client (Client.java:handleConnectionFailure(948)) - Retrying connect to server: localhost/127.0.0.1:0. Already tried 6 time(s); retry policy is RetryUpToMaximumCountWithFixedSleep(maxRetries=10, sleepTime=1000 MILLISECONDS)
2019-09-26 20:42:02,683 [main] INFO  ipc.Client (Client.java:handleConnectionFailure(948)) - Retrying connect to server: localhost/127.0.0.1:0. Already tried 7 time(s); retry policy is RetryUpToMaximumCountWithFixedSleep(maxRetries=10, sleepTime=1000 MILLISECONDS)
2019-09-26 20:42:03,685 [main] INFO  ipc.Client (Client.java:handleConnectionFailure(948)) - Retrying connect to server: localhost/127.0.0.1:0. Already tried 8 time(s); retry policy is RetryUpToMaximumCountWithFixedSleep(maxRetries=10, sleepTime=1000 MILLISECONDS)
2019-09-26 20:42:04,687 [main] INFO  ipc.Client (Client.java:handleConnectionFailure(948)) - Retrying connect to server: localhost/127.0.0.1:0. Already tried 9 time(s); retry policy is RetryUpToMaximumCountWithFixedSleep(maxRetries=10, sleepTime=1000 MILLISECONDS)
2019-09-26 20:42:04,689 [main] INFO  retry.RetryInvocationHandler (RetryInvocationHandler.java:log(411)) - com.google.protobuf.ServiceException: java.net.ConnectException: Your endpoint configuration is wrong; For more details see:  http://wiki.apache.org/hadoop/UnsetHostnameOrPort, while invoking $Proxy85.submitRequest over nodeId=null,nodeAddress=127.0.0.1:0 after 9 failover attempts. Trying to failover immediately.
2019-09-26 20:42:05,690 [main] INFO  ipc.Client (Client.java:handleConnectionFailure(948)) - Retrying connect to server: localhost/127.0.0.1:0. Already tried 0 time(s); retry policy is RetryUpToMaximumCountWithFixedSleep(maxRetries=10, sleepTime=1000 MILLISECONDS)
2019-09-26 20:42:06,691 [main] INFO  ipc.Client (Client.java:handleConnectionFailure(948)) - Retrying connect to server: localhost/127.0.0.1:0. Already tried 1 time(s); retry policy is RetryUpToMaximumCountWithFixedSleep(maxRetries=10, sleepTime=1000 MILLISECONDS)
2019-09-26 20:42:07,692 [main] INFO  ipc.Client (Client.java:handleConnectionFailure(948)) - Retrying connect to server: localhost/127.0.0.1:0. Already tried 2 time(s); retry policy is RetryUpToMaximumCountWithFixedSleep(maxRetries=10, sleepTime=1000 MILLISECONDS)
2019-09-26 20:42:08,693 [main] INFO  ipc.Client (Client.java:handleConnectionFailure(948)) - Retrying connect to server: localhost/127.0.0.1:0. Already tried 3 time(s); retry policy is RetryUpToMaximumCountWithFixedSleep(maxRetries=10, sleepTime=1000 MILLISECONDS)
2019-09-26 20:42:09,695 [main] INFO  ipc.Client (Client.java:handleConnectionFailure(948)) - Retrying connect to server: localhost/127.0.0.1:0. Already tried 4 time(s); retry policy is RetryUpToMaximumCountWithFixedSleep(maxRetries=10, sleepTime=1000 MILLISECONDS)
2019-09-26 20:42:10,696 [main] INFO  ipc.Client (Client.java:handleConnectionFailure(948)) - Retrying connect to server: localhost/127.0.0.1:0. Already tried 5 time(s); retry policy is RetryUpToMaximumCountWithFixedSleep(maxRetries=10, sleepTime=1000 MILLISECONDS)
2019-09-26 20:42:11,697 [main] INFO  ipc.Client (Client.java:handleConnectionFailure(948)) - Retrying connect to server: localhost/127.0.0.1:0. Already tried 6 time(s); retry policy is RetryUpToMaximumCountWithFixedSleep(maxRetries=10, sleepTime=1000 MILLISECONDS)
2019-09-26 20:42:12,698 [main] INFO  ipc.Client (Client.java:handleConnectionFailure(948)) - Retrying connect to server: localhost/127.0.0.1:0. Already tried 7 time(s); retry policy is RetryUpToMaximumCountWithFixedSleep(maxRetries=10, sleepTime=1000 MILLISECONDS)
2019-09-26 20:42:13,700 [main] INFO  ipc.Client (Client.java:handleConnectionFailure(948)) - Retrying connect to server: localhost/127.0.0.1:0. Already tried 8 time(s); retry policy is RetryUpToMaximumCountWithFixedSleep(maxRetries=10, sleepTime=1000 MILLISECONDS)
2019-09-26 20:42:14,701 [main] INFO  ipc.Client (Client.java:handleConnectionFailure(948)) - Retrying connect to server: localhost/127.0.0.1:0. Already tried 9 time(s); retry policy is RetryUpToMaximumCountWithFixedSleep(maxRetries=10, sleepTime=1000 MILLISECONDS)
2019-09-26 20:42:14,703 [main] ERROR ha.OMFailoverProxyProvider (OzoneManagerProtocolClientSideTranslatorPB.java:getRetryAction(268)) - Failed to connect to OM. Attempted 10 retries and 10 failovers
2019-09-26 20:42:14,708 [main] ERROR client.OzoneClientFactory (OzoneClientFactory.java:getClientProtocol(259)) - Couldn't create RpcClient protocol exception: 
java.net.ConnectException: Your endpoint configuration is wrong; For more details see:  http://wiki.apache.org/hadoop/UnsetHostnameOrPort
	at sun.reflect.NativeConstructorAccessorImpl.newInstance0(Native Method)
	at sun.reflect.NativeConstructorAccessorImpl.newInstance(NativeConstructorAccessorImpl.java:62)
	at sun.reflect.DelegatingConstructorAccessorImpl.newInstance(DelegatingConstructorAccessorImpl.java:45)
	at java.lang.reflect.Constructor.newInstance(Constructor.java:423)
	at org.apache.hadoop.net.NetUtils.wrapWithMessage(NetUtils.java:831)
	at org.apache.hadoop.net.NetUtils.wrapException(NetUtils.java:751)
	at org.apache.hadoop.ipc.Client.getRpcResponse(Client.java:1515)
	at org.apache.hadoop.ipc.Client.call(Client.java:1457)
	at org.apache.hadoop.ipc.Client.call(Client.java:1367)
	at org.apache.hadoop.ipc.ProtobufRpcEngine$Invoker.invoke(ProtobufRpcEngine.java:228)
	at org.apache.hadoop.ipc.ProtobufRpcEngine$Invoker.invoke(ProtobufRpcEngine.java:116)
	at com.sun.proxy.$Proxy85.submitRequest(Unknown Source)
	at sun.reflect.NativeMethodAccessorImpl.invoke0(Native Method)
	at sun.reflect.NativeMethodAccessorImpl.invoke(NativeMethodAccessorImpl.java:62)
	at sun.reflect.DelegatingMethodAccessorImpl.invoke(DelegatingMethodAccessorImpl.java:43)
	at java.lang.reflect.Method.invoke(Method.java:498)
	at org.apache.hadoop.io.retry.RetryInvocationHandler.invokeMethod(RetryInvocationHandler.java:422)
	at org.apache.hadoop.io.retry.RetryInvocationHandler$Call.invokeMethod(RetryInvocationHandler.java:165)
	at org.apache.hadoop.io.retry.RetryInvocationHandler$Call.invoke(RetryInvocationHandler.java:157)
	at org.apache.hadoop.io.retry.RetryInvocationHandler$Call.invokeOnce(RetryInvocationHandler.java:95)
	at org.apache.hadoop.io.retry.RetryInvocationHandler.invoke(RetryInvocationHandler.java:359)
	at com.sun.proxy.$Proxy85.submitRequest(Unknown Source)
	at org.apache.hadoop.ozone.om.protocolPB.OzoneManagerProtocolClientSideTranslatorPB.submitRequest(OzoneManagerProtocolClientSideTranslatorPB.java:338)
	at org.apache.hadoop.ozone.om.protocolPB.OzoneManagerProtocolClientSideTranslatorPB.getServiceInfo(OzoneManagerProtocolClientSideTranslatorPB.java:1223)
	at sun.reflect.NativeMethodAccessorImpl.invoke0(Native Method)
	at sun.reflect.NativeMethodAccessorImpl.invoke(NativeMethodAccessorImpl.java:62)
	at sun.reflect.DelegatingMethodAccessorImpl.invoke(DelegatingMethodAccessorImpl.java:43)
	at java.lang.reflect.Method.invoke(Method.java:498)
	at org.apache.hadoop.hdds.tracing.TraceAllMethod.invoke(TraceAllMethod.java:66)
	at com.sun.proxy.$Proxy86.getServiceInfo(Unknown Source)
	at org.apache.hadoop.ozone.client.rpc.RpcClient.<init>(RpcClient.java:154)
	at org.apache.hadoop.ozone.client.OzoneClientFactory.getClientProtocol(OzoneClientFactory.java:256)
	at org.apache.hadoop.ozone.client.OzoneClientFactory.getClientProtocol(OzoneClientFactory.java:239)
	at org.apache.hadoop.ozone.client.OzoneClientFactory.getRpcClient(OzoneClientFactory.java:203)
	at org.apache.hadoop.ozone.client.rpc.TestOzoneAtRestEncryption.init(TestOzoneAtRestEncryption.java:115)
	at sun.reflect.NativeMethodAccessorImpl.invoke0(Native Method)
	at sun.reflect.NativeMethodAccessorImpl.invoke(NativeMethodAccessorImpl.java:62)
	at sun.reflect.DelegatingMethodAccessorImpl.invoke(DelegatingMethodAccessorImpl.java:43)
	at java.lang.reflect.Method.invoke(Method.java:498)
	at org.junit.runners.model.FrameworkMethod$1.runReflectiveCall(FrameworkMethod.java:47)
	at org.junit.internal.runners.model.ReflectiveCallable.run(ReflectiveCallable.java:12)
	at org.junit.runners.model.FrameworkMethod.invokeExplosively(FrameworkMethod.java:44)
	at org.junit.internal.runners.statements.RunBefores.evaluate(RunBefores.java:24)
	at org.junit.internal.runners.statements.RunAfters.evaluate(RunAfters.java:27)
	at org.junit.runners.ParentRunner.run(ParentRunner.java:309)
	at org.apache.maven.surefire.junit4.JUnit4Provider.execute(JUnit4Provider.java:365)
	at org.apache.maven.surefire.junit4.JUnit4Provider.executeWithRerun(JUnit4Provider.java:273)
	at org.apache.maven.surefire.junit4.JUnit4Provider.executeTestSet(JUnit4Provider.java:238)
	at org.apache.maven.surefire.junit4.JUnit4Provider.invoke(JUnit4Provider.java:159)
	at org.apache.maven.surefire.booter.ForkedBooter.invokeProviderInSameClassLoader(ForkedBooter.java:384)
	at org.apache.maven.surefire.booter.ForkedBooter.runSuitesInProcess(ForkedBooter.java:345)
	at org.apache.maven.surefire.booter.ForkedBooter.execute(ForkedBooter.java:126)
	at org.apache.maven.surefire.booter.ForkedBooter.main(ForkedBooter.java:418)
Caused by: java.net.ConnectException: Connection refused
	at sun.nio.ch.SocketChannelImpl.checkConnect(Native Method)
	at sun.nio.ch.SocketChannelImpl.finishConnect(SocketChannelImpl.java:717)
	at org.apache.hadoop.net.SocketIOWithTimeout.connect(SocketIOWithTimeout.java:206)
	at org.apache.hadoop.net.NetUtils.connect(NetUtils.java:531)
	at org.apache.hadoop.ipc.Client$Connection.setupConnection(Client.java:690)
	at org.apache.hadoop.ipc.Client$Connection.setupIOstreams(Client.java:794)
	at org.apache.hadoop.ipc.Client$Connection.access$3700(Client.java:411)
	at org.apache.hadoop.ipc.Client.getConnection(Client.java:1572)
	at org.apache.hadoop.ipc.Client.call(Client.java:1403)
	... 45 more
2019-09-26 20:42:14,713 [main] INFO  ozone.MiniOzoneClusterImpl (MiniOzoneClusterImpl.java:shutdown(314)) - Shutting down the Mini Ozone Cluster
2019-09-26 20:42:14,714 [main] INFO  ozone.MiniOzoneClusterImpl (MiniOzoneClusterImpl.java:stop(330)) - Stopping the Mini Ozone Cluster
2019-09-26 20:42:14,714 [main] INFO  ozone.MiniOzoneClusterImpl (MiniOzoneClusterImpl.java:stopOM(400)) - Stopping the OzoneManager
2019-09-26 20:42:14,715 [main] INFO  ipc.Server (Server.java:stop(3082)) - Stopping server on 36313
2019-09-26 20:42:14,731 [IPC Server listener on 36313] INFO  ipc.Server (Server.java:run(1185)) - Stopping IPC Server listener on 36313
2019-09-26 20:42:14,737 [main] INFO  ratis.OzoneManagerDoubleBuffer (OzoneManagerDoubleBuffer.java:stop(248)) - Stopping OMDoubleBuffer flush thread
2019-09-26 20:42:14,739 [IPC Server Responder] INFO  ipc.Server (Server.java:run(1319)) - Stopping IPC Server Responder
2019-09-26 20:42:14,747 [OMDoubleBufferFlushThread] INFO  ratis.OzoneManagerDoubleBuffer (OzoneManagerDoubleBuffer.java:flushTransactions(191)) - OMDoubleBuffer flush thread OMDoubleBufferFlushThread is interrupted and will exit. OMDoubleBufferFlushThread
2019-09-26 20:42:14,763 [main] INFO  utils.BackgroundService (BackgroundService.java:shutdown(148)) - Shutting down service KeyDeletingService
2019-09-26 20:42:14,782 [main] INFO  om.OzoneManager (OzoneManager.java:stopSecretManager(651)) - Stopping OM block token manager.
2019-09-26 20:42:14,788 [main] INFO  handler.ContextHandler (ContextHandler.java:doStop(910)) - Stopped o.e.j.w.WebAppContext@4ba02375{/,null,UNAVAILABLE}{/ozoneManager}
2019-09-26 20:42:14,796 [main] INFO  server.AbstractConnector (AbstractConnector.java:doStop(318)) - Stopped ServerConnector@7593ea79{HTTP/1.1,[http/1.1]}{0.0.0.0:0}
2019-09-26 20:42:14,796 [main] INFO  handler.ContextHandler (ContextHandler.java:doStop(910)) - Stopped o.e.j.s.ServletContextHandler@7b32b129{/static,file:///workdir/hadoop-ozone/integration-test/target/test-classes/webapps/static,UNAVAILABLE}
2019-09-26 20:42:14,797 [main] INFO  handler.ContextHandler (ContextHandler.java:doStop(910)) - Stopped o.e.j.s.ServletContextHandler@541179e7{/logs,file:///workdir/hadoop-ozone/integration-test/target/log,UNAVAILABLE}
2019-09-26 20:42:14,803 [main] INFO  ozone.MiniOzoneClusterImpl (MiniOzoneClusterImpl.java:stopDatanodes(377)) - Stopping the HddsDatanodes
2019-09-26 20:42:15,034 [Datanode State Machine Thread - 0] INFO  statemachine.DatanodeStateMachine (DatanodeStateMachine.java:lambda$startDaemon$0(350)) - Ozone container server started.
2019-09-26 20:42:15,413 [Datanode State Machine Thread - 0] INFO  statemachine.DatanodeStateMachine (DatanodeStateMachine.java:lambda$startDaemon$0(350)) - Ozone container server started.
2019-09-26 20:42:19,807 [main] INFO  ozoneimpl.OzoneContainer (OzoneContainer.java:stop(231)) - Attempting to stop container services.
2019-09-26 20:42:19,807 [ForkJoinPool.commonPool-worker-0] INFO  ozoneimpl.OzoneContainer (OzoneContainer.java:stop(231)) - Attempting to stop container services.
2019-09-26 20:42:19,808 [main] INFO  impl.RaftServerProxy (RaftServerProxy.java:lambda$close$4(314)) - f0429ba4-43cb-400b-9639-b72cd1260ed1: close
2019-09-26 20:42:19,808 [ForkJoinPool.commonPool-worker-0] INFO  impl.RaftServerProxy (RaftServerProxy.java:lambda$close$4(314)) - a49488b0-9b0a-4cd9-b60f-a6a2ca33f14a: close
2019-09-26 20:42:19,811 [main] INFO  impl.RaftServerImpl (RaftServerImpl.java:lambda$shutdown$3(251)) - f0429ba4-43cb-400b-9639-b72cd1260ed1@group-CF7B09E751C4: shutdown
2019-09-26 20:42:19,811 [ForkJoinPool.commonPool-worker-0] INFO  impl.RaftServerImpl (RaftServerImpl.java:lambda$shutdown$3(251)) - a49488b0-9b0a-4cd9-b60f-a6a2ca33f14a@group-B3B9C385ACC1: shutdown
2019-09-26 20:42:19,811 [main] INFO  util.JmxRegister (JmxRegister.java:unregister(73)) - Successfully un-registered JMX Bean with object name Ratis:service=RaftServer,group=group-CF7B09E751C4,id=f0429ba4-43cb-400b-9639-b72cd1260ed1
2019-09-26 20:42:19,812 [ForkJoinPool.commonPool-worker-0] INFO  util.JmxRegister (JmxRegister.java:unregister(73)) - Successfully un-registered JMX Bean with object name Ratis:service=RaftServer,group=group-B3B9C385ACC1,id=a49488b0-9b0a-4cd9-b60f-a6a2ca33f14a
2019-09-26 20:42:19,812 [main] INFO  impl.RoleInfo (RoleInfo.java:shutdownLeaderState(104)) - f0429ba4-43cb-400b-9639-b72cd1260ed1: shutdown LeaderState
2019-09-26 20:42:19,812 [ForkJoinPool.commonPool-worker-0] INFO  impl.RoleInfo (RoleInfo.java:shutdownLeaderState(104)) - a49488b0-9b0a-4cd9-b60f-a6a2ca33f14a: shutdown LeaderState
2019-09-26 20:42:19,813 [main] INFO  impl.PendingRequests (PendingRequests.java:sendNotLeaderResponses(202)) - f0429ba4-43cb-400b-9639-b72cd1260ed1-PendingRequests: sendNotLeaderResponses
2019-09-26 20:42:19,818 [ForkJoinPool.commonPool-worker-0] INFO  impl.PendingRequests (PendingRequests.java:sendNotLeaderResponses(202)) - a49488b0-9b0a-4cd9-b60f-a6a2ca33f14a-PendingRequests: sendNotLeaderResponses
2019-09-26 20:42:19,818 [main] INFO  impl.StateMachineUpdater (StateMachineUpdater.java:stopAndJoin(125)) - f0429ba4-43cb-400b-9639-b72cd1260ed1@group-CF7B09E751C4-StateMachineUpdater: set stopIndex = 0
2019-09-26 20:42:19,819 [ForkJoinPool.commonPool-worker-0] INFO  impl.StateMachineUpdater (StateMachineUpdater.java:stopAndJoin(125)) - a49488b0-9b0a-4cd9-b60f-a6a2ca33f14a@group-B3B9C385ACC1-StateMachineUpdater: set stopIndex = 0
2019-09-26 20:42:19,823 [main] INFO  impl.RaftServerImpl (ServerState.java:close(385)) - f0429ba4-43cb-400b-9639-b72cd1260ed1@group-CF7B09E751C4: closes. applyIndex: 0
2019-09-26 20:42:19,824 [ForkJoinPool.commonPool-worker-0] INFO  impl.RaftServerImpl (ServerState.java:close(385)) - a49488b0-9b0a-4cd9-b60f-a6a2ca33f14a@group-B3B9C385ACC1: closes. applyIndex: 0
2019-09-26 20:42:19,826 [f0429ba4-43cb-400b-9639-b72cd1260ed1@group-CF7B09E751C4-SegmentedRaftLogWorker] INFO  segmented.SegmentedRaftLogWorker (SegmentedRaftLogWorker.java:run(313)) - f0429ba4-43cb-400b-9639-b72cd1260ed1@group-CF7B09E751C4-SegmentedRaftLogWorker was interrupted, exiting. There are 0 tasks remaining in the queue.
2019-09-26 20:42:19,826 [a49488b0-9b0a-4cd9-b60f-a6a2ca33f14a@group-B3B9C385ACC1-SegmentedRaftLogWorker] INFO  segmented.SegmentedRaftLogWorker (SegmentedRaftLogWorker.java:run(313)) - a49488b0-9b0a-4cd9-b60f-a6a2ca33f14a@group-B3B9C385ACC1-SegmentedRaftLogWorker was interrupted, exiting. There are 0 tasks remaining in the queue.
2019-09-26 20:42:19,834 [main] INFO  segmented.SegmentedRaftLogWorker (SegmentedRaftLogWorker.java:close(228)) - f0429ba4-43cb-400b-9639-b72cd1260ed1@group-CF7B09E751C4-SegmentedRaftLogWorker close()
2019-09-26 20:42:19,834 [ForkJoinPool.commonPool-worker-0] INFO  segmented.SegmentedRaftLogWorker (SegmentedRaftLogWorker.java:close(228)) - a49488b0-9b0a-4cd9-b60f-a6a2ca33f14a@group-B3B9C385ACC1-SegmentedRaftLogWorker close()
2019-09-26 20:42:19,845 [main] INFO  impl.RaftServerImpl (RaftServerImpl.java:lambda$shutdown$3(251)) - f0429ba4-43cb-400b-9639-b72cd1260ed1@group-D265E6A32F90: shutdown
2019-09-26 20:42:19,845 [ForkJoinPool.commonPool-worker-0] INFO  impl.RaftServerImpl (RaftServerImpl.java:lambda$shutdown$3(251)) - a49488b0-9b0a-4cd9-b60f-a6a2ca33f14a@group-3615D881500F: shutdown
2019-09-26 20:42:19,846 [main] INFO  util.JmxRegister (JmxRegister.java:unregister(73)) - Successfully un-registered JMX Bean with object name Ratis:service=RaftServer,group=group-D265E6A32F90,id=f0429ba4-43cb-400b-9639-b72cd1260ed1
2019-09-26 20:42:19,846 [ForkJoinPool.commonPool-worker-0] INFO  util.JmxRegister (JmxRegister.java:unregister(73)) - Successfully un-registered JMX Bean with object name Ratis:service=RaftServer,group=group-3615D881500F,id=a49488b0-9b0a-4cd9-b60f-a6a2ca33f14a
2019-09-26 20:42:19,846 [ForkJoinPool.commonPool-worker-0] INFO  impl.RoleInfo (RoleInfo.java:shutdownFollowerState(121)) - a49488b0-9b0a-4cd9-b60f-a6a2ca33f14a: shutdown FollowerState
2019-09-26 20:42:19,846 [main] INFO  impl.RoleInfo (RoleInfo.java:shutdownFollowerState(121)) - f0429ba4-43cb-400b-9639-b72cd1260ed1: shutdown FollowerState
2019-09-26 20:42:19,847 [Thread-491] INFO  impl.FollowerState (FollowerState.java:run(115)) - a49488b0-9b0a-4cd9-b60f-a6a2ca33f14a: FollowerState was interrupted: java.lang.InterruptedException: sleep interrupted
2019-09-26 20:42:19,847 [ForkJoinPool.commonPool-worker-0] INFO  impl.StateMachineUpdater (StateMachineUpdater.java:stopAndJoin(125)) - a49488b0-9b0a-4cd9-b60f-a6a2ca33f14a@group-3615D881500F-StateMachineUpdater: set stopIndex = 0
2019-09-26 20:42:19,847 [Thread-395] INFO  impl.FollowerState (FollowerState.java:run(115)) - f0429ba4-43cb-400b-9639-b72cd1260ed1: FollowerState was interrupted: java.lang.InterruptedException: sleep interrupted
2019-09-26 20:42:19,847 [main] INFO  impl.StateMachineUpdater (StateMachineUpdater.java:stopAndJoin(125)) - f0429ba4-43cb-400b-9639-b72cd1260ed1@group-D265E6A32F90-StateMachineUpdater: set stopIndex = 0
2019-09-26 20:42:19,851 [ForkJoinPool.commonPool-worker-0] INFO  impl.RaftServerImpl (ServerState.java:close(385)) - a49488b0-9b0a-4cd9-b60f-a6a2ca33f14a@group-3615D881500F: closes. applyIndex: 0
2019-09-26 20:42:19,851 [main] INFO  impl.RaftServerImpl (ServerState.java:close(385)) - f0429ba4-43cb-400b-9639-b72cd1260ed1@group-D265E6A32F90: closes. applyIndex: 0
2019-09-26 20:42:19,852 [a49488b0-9b0a-4cd9-b60f-a6a2ca33f14a@group-3615D881500F-SegmentedRaftLogWorker] INFO  segmented.SegmentedRaftLogWorker (SegmentedRaftLogWorker.java:run(313)) - a49488b0-9b0a-4cd9-b60f-a6a2ca33f14a@group-3615D881500F-SegmentedRaftLogWorker was interrupted, exiting. There are 0 tasks remaining in the queue.
2019-09-26 20:42:19,852 [f0429ba4-43cb-400b-9639-b72cd1260ed1@group-D265E6A32F90-SegmentedRaftLogWorker] INFO  segmented.SegmentedRaftLogWorker (SegmentedRaftLogWorker.java:run(313)) - f0429ba4-43cb-400b-9639-b72cd1260ed1@group-D265E6A32F90-SegmentedRaftLogWorker was interrupted, exiting. There are 0 tasks remaining in the queue.
2019-09-26 20:42:19,855 [ForkJoinPool.commonPool-worker-0] INFO  segmented.SegmentedRaftLogWorker (SegmentedRaftLogWorker.java:close(228)) - a49488b0-9b0a-4cd9-b60f-a6a2ca33f14a@group-3615D881500F-SegmentedRaftLogWorker close()
2019-09-26 20:42:19,856 [main] INFO  segmented.SegmentedRaftLogWorker (SegmentedRaftLogWorker.java:close(228)) - f0429ba4-43cb-400b-9639-b72cd1260ed1@group-D265E6A32F90-SegmentedRaftLogWorker close()
2019-09-26 20:42:19,863 [ForkJoinPool.commonPool-worker-0] INFO  server.GrpcService (GrpcService.java:closeImpl(164)) - a49488b0-9b0a-4cd9-b60f-a6a2ca33f14a: shutdown server with port 46864 now
2019-09-26 20:42:19,863 [main] INFO  server.GrpcService (GrpcService.java:closeImpl(164)) - f0429ba4-43cb-400b-9639-b72cd1260ed1: shutdown server with port 34664 now
2019-09-26 20:42:19,873 [grpc-default-executor-2] WARN  server.GrpcServerProtocolService (LogUtils.java:warn(134)) - a49488b0-9b0a-4cd9-b60f-a6a2ca33f14a: installSnapshot onError, lastRequest: 9b15866d-6b15-4ac7-b53c-ef39fa8ef2d1->a49488b0-9b0a-4cd9-b60f-a6a2ca33f14a#36-t6, previous=(t:6, i:0), leaderCommit=0, initializing? false, entries: <empty>: org.apache.ratis.thirdparty.io.grpc.StatusRuntimeException: CANCELLED: cancelled before receiving half close
2019-09-26 20:42:19,873 [grpc-default-executor-5] WARN  server.GrpcServerProtocolService (LogUtils.java:warn(134)) - f0429ba4-43cb-400b-9639-b72cd1260ed1: installSnapshot onError, lastRequest: db9f8549-f046-44a7-b879-d9a2b4ebcc23->f0429ba4-43cb-400b-9639-b72cd1260ed1#44-t1, previous=(t:1, i:0), leaderCommit=0, initializing? false, entries: <empty>: org.apache.ratis.thirdparty.io.grpc.StatusRuntimeException: CANCELLED: cancelled before receiving half close
2019-09-26 20:42:19,877 [main] INFO  server.GrpcService (GrpcService.java:closeImpl(172)) - f0429ba4-43cb-400b-9639-b72cd1260ed1: shutdown server with port 34664 successfully
2019-09-26 20:42:19,877 [ForkJoinPool.commonPool-worker-0] INFO  server.GrpcService (GrpcService.java:closeImpl(172)) - a49488b0-9b0a-4cd9-b60f-a6a2ca33f14a: shutdown server with port 46864 successfully
2019-09-26 20:42:19,883 [grpc-default-executor-1] WARN  server.GrpcLogAppender (LogUtils.java:warn(134)) - 9b15866d-6b15-4ac7-b53c-ef39fa8ef2d1@group-3615D881500F->a49488b0-9b0a-4cd9-b60f-a6a2ca33f14a-AppendLogResponseHandler: Failed appendEntries: org.apache.ratis.thirdparty.io.grpc.StatusRuntimeException: CANCELLED: HTTP/2 error code: CANCEL
Received Rst Stream
2019-09-26 20:42:19,883 [grpc-default-executor-3] WARN  server.GrpcLogAppender (LogUtils.java:warn(134)) - db9f8549-f046-44a7-b879-d9a2b4ebcc23@group-D265E6A32F90->f0429ba4-43cb-400b-9639-b72cd1260ed1-AppendLogResponseHandler: Failed appendEntries: org.apache.ratis.thirdparty.io.grpc.StatusRuntimeException: CANCELLED: HTTP/2 error code: CANCEL
Received Rst Stream
2019-09-26 20:42:19,890 [grpc-default-executor-3] INFO  impl.FollowerInfo (FollowerInfo.java:lambda$new$0(51)) - db9f8549-f046-44a7-b879-d9a2b4ebcc23@group-D265E6A32F90->f0429ba4-43cb-400b-9639-b72cd1260ed1: nextIndex: updateUnconditionally 1 -> 0
2019-09-26 20:42:19,890 [grpc-default-executor-1] INFO  impl.FollowerInfo (FollowerInfo.java:lambda$new$0(51)) - 9b15866d-6b15-4ac7-b53c-ef39fa8ef2d1@group-3615D881500F->a49488b0-9b0a-4cd9-b60f-a6a2ca33f14a: nextIndex: updateUnconditionally 1 -> 0
2019-09-26 20:42:19,891 [refreshUsed-/workdir/hadoop-ozone/integration-test/target/test-dir/MiniOzoneClusterImpl-5456f64d-b184-4e59-8568-45c19435e1d5/datanode-5/data/containers] WARN  fs.CachingGetSpaceUsed (CachingGetSpaceUsed.java:run(183)) - Thread Interrupted waiting to refresh disk information: sleep interrupted
2019-09-26 20:42:19,898 [refreshUsed-/workdir/hadoop-ozone/integration-test/target/test-dir/MiniOzoneClusterImpl-5456f64d-b184-4e59-8568-45c19435e1d5/datanode-2/data/containers] WARN  fs.CachingGetSpaceUsed (CachingGetSpaceUsed.java:run(183)) - Thread Interrupted waiting to refresh disk information: sleep interrupted
2019-09-26 20:42:19,915 [main] INFO  utils.BackgroundService (BackgroundService.java:shutdown(148)) - Shutting down service BlockDeletingService
2019-09-26 20:42:19,922 [main] INFO  statemachine.DatanodeStateMachine (DatanodeStateMachine.java:stopDaemon(395)) - Ozone container server stopped.
2019-09-26 20:42:19,923 [main] INFO  handler.ContextHandler (ContextHandler.java:doStop(910)) - Stopped o.e.j.w.WebAppContext@22d8f4ed{/,null,UNAVAILABLE}{/hddsDatanode}
2019-09-26 20:42:19,924 [main] INFO  server.AbstractConnector (AbstractConnector.java:doStop(318)) - Stopped ServerConnector@3434a4f0{HTTP/1.1,[http/1.1]}{0.0.0.0:0}
2019-09-26 20:42:19,925 [main] INFO  handler.ContextHandler (ContextHandler.java:doStop(910)) - Stopped o.e.j.s.ServletContextHandler@51a16adf{/static,jar:file:/home/user/.m2/repository/org/apache/hadoop/hadoop-hdds-container-service/0.5.0-SNAPSHOT/hadoop-hdds-container-service-0.5.0-SNAPSHOT.jar!/webapps/static,UNAVAILABLE}
2019-09-26 20:42:19,925 [ForkJoinPool.commonPool-worker-0] INFO  utils.BackgroundService (BackgroundService.java:shutdown(148)) - Shutting down service BlockDeletingService
2019-09-26 20:42:19,926 [main] INFO  handler.ContextHandler (ContextHandler.java:doStop(910)) - Stopped o.e.j.s.ServletContextHandler@69c532af{/logs,file:///workdir/hadoop-ozone/integration-test/target/log,UNAVAILABLE}
2019-09-26 20:42:19,931 [ForkJoinPool.commonPool-worker-0] INFO  statemachine.DatanodeStateMachine (DatanodeStateMachine.java:stopDaemon(395)) - Ozone container server stopped.
2019-09-26 20:42:19,936 [ForkJoinPool.commonPool-worker-0] INFO  handler.ContextHandler (ContextHandler.java:doStop(910)) - Stopped o.e.j.w.WebAppContext@2c1f8dbd{/,null,UNAVAILABLE}{/hddsDatanode}
2019-09-26 20:42:19,937 [ForkJoinPool.commonPool-worker-0] INFO  server.AbstractConnector (AbstractConnector.java:doStop(318)) - Stopped ServerConnector@55c57422{HTTP/1.1,[http/1.1]}{0.0.0.0:0}
2019-09-26 20:42:19,938 [ForkJoinPool.commonPool-worker-0] INFO  handler.ContextHandler (ContextHandler.java:doStop(910)) - Stopped o.e.j.s.ServletContextHandler@1e12a5a6{/static,jar:file:/home/user/.m2/repository/org/apache/hadoop/hadoop-hdds-container-service/0.5.0-SNAPSHOT/hadoop-hdds-container-service-0.5.0-SNAPSHOT.jar!/webapps/static,UNAVAILABLE}
2019-09-26 20:42:19,940 [ForkJoinPool.commonPool-worker-0] INFO  handler.ContextHandler (ContextHandler.java:doStop(910)) - Stopped o.e.j.s.ServletContextHandler@7bee8621{/logs,file:///workdir/hadoop-ozone/integration-test/target/log,UNAVAILABLE}
2019-09-26 20:42:20,126 [Datanode State Machine Thread - 0] INFO  statemachine.DatanodeStateMachine (DatanodeStateMachine.java:lambda$startDaemon$0(350)) - Ozone container server started.
2019-09-26 20:42:20,498 [Datanode State Machine Thread - 0] INFO  statemachine.DatanodeStateMachine (DatanodeStateMachine.java:lambda$startDaemon$0(350)) - Ozone container server started.
2019-09-26 20:42:20,762 [grpc-default-executor-3] WARN  server.GrpcLogAppender (LogUtils.java:warn(134)) - db9f8549-f046-44a7-b879-d9a2b4ebcc23@group-D265E6A32F90->f0429ba4-43cb-400b-9639-b72cd1260ed1-AppendLogResponseHandler: Failed appendEntries: org.apache.ratis.thirdparty.io.grpc.StatusRuntimeException: UNAVAILABLE: io exception
2019-09-26 20:42:20,765 [grpc-default-executor-3] INFO  impl.FollowerInfo (FollowerInfo.java:lambda$new$0(51)) - db9f8549-f046-44a7-b879-d9a2b4ebcc23@group-D265E6A32F90->f0429ba4-43cb-400b-9639-b72cd1260ed1: nextIndex: updateUnconditionally 0 -> 0
2019-09-26 20:42:21,050 [grpc-default-executor-2] WARN  server.GrpcLogAppender (LogUtils.java:warn(134)) - 9b15866d-6b15-4ac7-b53c-ef39fa8ef2d1@group-3615D881500F->a49488b0-9b0a-4cd9-b60f-a6a2ca33f14a-AppendLogResponseHandler: Failed appendEntries: org.apache.ratis.thirdparty.io.grpc.StatusRuntimeException: UNAVAILABLE: io exception
2019-09-26 20:42:21,053 [grpc-default-executor-2] INFO  impl.FollowerInfo (FollowerInfo.java:lambda$new$0(51)) - 9b15866d-6b15-4ac7-b53c-ef39fa8ef2d1@group-3615D881500F->a49488b0-9b0a-4cd9-b60f-a6a2ca33f14a: nextIndex: updateUnconditionally 0 -> 0
2019-09-26 20:42:23,258 [grpc-default-executor-3] WARN  server.GrpcLogAppender (LogUtils.java:warn(134)) - db9f8549-f046-44a7-b879-d9a2b4ebcc23@group-D265E6A32F90->f0429ba4-43cb-400b-9639-b72cd1260ed1-AppendLogResponseHandler: Failed appendEntries: org.apache.ratis.thirdparty.io.grpc.StatusRuntimeException: UNAVAILABLE: io exception
2019-09-26 20:42:23,261 [grpc-default-executor-3] INFO  impl.FollowerInfo (FollowerInfo.java:lambda$new$0(51)) - db9f8549-f046-44a7-b879-d9a2b4ebcc23@group-D265E6A32F90->f0429ba4-43cb-400b-9639-b72cd1260ed1: nextIndex: updateUnconditionally 0 -> 0
2019-09-26 20:42:23,555 [grpc-default-executor-1] WARN  server.GrpcLogAppender (LogUtils.java:warn(134)) - 9b15866d-6b15-4ac7-b53c-ef39fa8ef2d1@group-3615D881500F->a49488b0-9b0a-4cd9-b60f-a6a2ca33f14a-AppendLogResponseHandler: Failed appendEntries: org.apache.ratis.thirdparty.io.grpc.StatusRuntimeException: UNAVAILABLE: io exception
2019-09-26 20:42:23,558 [grpc-default-executor-1] INFO  impl.FollowerInfo (FollowerInfo.java:lambda$new$0(51)) - 9b15866d-6b15-4ac7-b53c-ef39fa8ef2d1@group-3615D881500F->a49488b0-9b0a-4cd9-b60f-a6a2ca33f14a: nextIndex: updateUnconditionally 0 -> 0
2019-09-26 20:42:24,936 [main] INFO  ozoneimpl.OzoneContainer (OzoneContainer.java:stop(231)) - Attempting to stop container services.
2019-09-26 20:42:24,936 [main] INFO  impl.RaftServerProxy (RaftServerProxy.java:lambda$close$4(314)) - 9b15866d-6b15-4ac7-b53c-ef39fa8ef2d1: close
2019-09-26 20:42:24,937 [main] INFO  impl.RaftServerImpl (RaftServerImpl.java:lambda$shutdown$3(251)) - 9b15866d-6b15-4ac7-b53c-ef39fa8ef2d1@group-8699FE844514: shutdown
2019-09-26 20:42:24,937 [main] INFO  util.JmxRegister (JmxRegister.java:unregister(73)) - Successfully un-registered JMX Bean with object name Ratis:service=RaftServer,group=group-8699FE844514,id=9b15866d-6b15-4ac7-b53c-ef39fa8ef2d1
2019-09-26 20:42:24,937 [main] INFO  impl.RoleInfo (RoleInfo.java:shutdownLeaderState(104)) - 9b15866d-6b15-4ac7-b53c-ef39fa8ef2d1: shutdown LeaderState
2019-09-26 20:42:24,938 [main] INFO  impl.PendingRequests (PendingRequests.java:sendNotLeaderResponses(202)) - 9b15866d-6b15-4ac7-b53c-ef39fa8ef2d1-PendingRequests: sendNotLeaderResponses
2019-09-26 20:42:24,939 [main] INFO  impl.StateMachineUpdater (StateMachineUpdater.java:stopAndJoin(125)) - 9b15866d-6b15-4ac7-b53c-ef39fa8ef2d1@group-8699FE844514-StateMachineUpdater: set stopIndex = 0
2019-09-26 20:42:24,939 [main] INFO  impl.RaftServerImpl (ServerState.java:close(385)) - 9b15866d-6b15-4ac7-b53c-ef39fa8ef2d1@group-8699FE844514: closes. applyIndex: 0
2019-09-26 20:42:24,940 [9b15866d-6b15-4ac7-b53c-ef39fa8ef2d1@group-8699FE844514-SegmentedRaftLogWorker] INFO  segmented.SegmentedRaftLogWorker (SegmentedRaftLogWorker.java:run(313)) - 9b15866d-6b15-4ac7-b53c-ef39fa8ef2d1@group-8699FE844514-SegmentedRaftLogWorker was interrupted, exiting. There are 0 tasks remaining in the queue.
2019-09-26 20:42:24,944 [main] INFO  segmented.SegmentedRaftLogWorker (SegmentedRaftLogWorker.java:close(228)) - 9b15866d-6b15-4ac7-b53c-ef39fa8ef2d1@group-8699FE844514-SegmentedRaftLogWorker close()
2019-09-26 20:42:24,944 [ForkJoinPool.commonPool-worker-0] INFO  ozoneimpl.OzoneContainer (OzoneContainer.java:stop(231)) - Attempting to stop container services.
2019-09-26 20:42:24,949 [main] INFO  impl.RaftServerImpl (RaftServerImpl.java:lambda$shutdown$3(251)) - 9b15866d-6b15-4ac7-b53c-ef39fa8ef2d1@group-3615D881500F: shutdown
2019-09-26 20:42:24,949 [ForkJoinPool.commonPool-worker-0] INFO  impl.RaftServerProxy (RaftServerProxy.java:lambda$close$4(314)) - 7e90aeec-bac9-41fb-9856-2cf722469481: close
2019-09-26 20:42:24,949 [main] INFO  util.JmxRegister (JmxRegister.java:unregister(73)) - Successfully un-registered JMX Bean with object name Ratis:service=RaftServer,group=group-3615D881500F,id=9b15866d-6b15-4ac7-b53c-ef39fa8ef2d1
2019-09-26 20:42:24,950 [ForkJoinPool.commonPool-worker-0] INFO  impl.RaftServerImpl (RaftServerImpl.java:lambda$shutdown$3(251)) - 7e90aeec-bac9-41fb-9856-2cf722469481@group-D265E6A32F90: shutdown
2019-09-26 20:42:24,950 [main] INFO  impl.RoleInfo (RoleInfo.java:shutdownLeaderState(104)) - 9b15866d-6b15-4ac7-b53c-ef39fa8ef2d1: shutdown LeaderState
2019-09-26 20:42:24,951 [ForkJoinPool.commonPool-worker-0] INFO  util.JmxRegister (JmxRegister.java:unregister(73)) - Successfully un-registered JMX Bean with object name Ratis:service=RaftServer,group=group-D265E6A32F90,id=7e90aeec-bac9-41fb-9856-2cf722469481
2019-09-26 20:42:24,958 [main] INFO  impl.PendingRequests (PendingRequests.java:sendNotLeaderResponses(202)) - 9b15866d-6b15-4ac7-b53c-ef39fa8ef2d1-PendingRequests: sendNotLeaderResponses
2019-09-26 20:42:24,958 [org.apache.ratis.server.impl.LogAppender$AppenderDaemon$$Lambda$417/1256844756@36b6c7f4] WARN  server.GrpcLogAppender (GrpcLogAppender.java:mayWait(143)) - 9b15866d-6b15-4ac7-b53c-ef39fa8ef2d1@group-3615D881500F->fdc400fc-8611-4280-8e8a-1f06e9b47363-GrpcLogAppender: Wait interrupted by java.lang.InterruptedException
2019-09-26 20:42:24,958 [org.apache.ratis.server.impl.LogAppender$AppenderDaemon$$Lambda$417/1256844756@2e06f538] WARN  server.GrpcLogAppender (GrpcLogAppender.java:mayWait(143)) - 9b15866d-6b15-4ac7-b53c-ef39fa8ef2d1@group-3615D881500F->a49488b0-9b0a-4cd9-b60f-a6a2ca33f14a-GrpcLogAppender: Wait interrupted by java.lang.InterruptedException
2019-09-26 20:42:24,958 [ForkJoinPool.commonPool-worker-0] INFO  impl.RoleInfo (RoleInfo.java:shutdownFollowerState(121)) - 7e90aeec-bac9-41fb-9856-2cf722469481: shutdown FollowerState
2019-09-26 20:42:24,958 [main] INFO  impl.StateMachineUpdater (StateMachineUpdater.java:stopAndJoin(125)) - 9b15866d-6b15-4ac7-b53c-ef39fa8ef2d1@group-3615D881500F-StateMachineUpdater: set stopIndex = 0
2019-09-26 20:42:24,959 [Thread-399] INFO  impl.FollowerState (FollowerState.java:run(115)) - 7e90aeec-bac9-41fb-9856-2cf722469481: FollowerState was interrupted: java.lang.InterruptedException: sleep interrupted
2019-09-26 20:42:24,959 [ForkJoinPool.commonPool-worker-0] INFO  impl.StateMachineUpdater (StateMachineUpdater.java:stopAndJoin(125)) - 7e90aeec-bac9-41fb-9856-2cf722469481@group-D265E6A32F90-StateMachineUpdater: set stopIndex = 0
2019-09-26 20:42:24,959 [grpc-default-executor-1] INFO  server.GrpcServerProtocolService (GrpcServerProtocolService.java:onCompleted(113)) - fdc400fc-8611-4280-8e8a-1f06e9b47363: Completed APPEND_ENTRIES, lastRequest: 9b15866d-6b15-4ac7-b53c-ef39fa8ef2d1->fdc400fc-8611-4280-8e8a-1f06e9b47363#38-t6, previous=(t:6, i:0), leaderCommit=0, initializing? false, entries: <empty>
2019-09-26 20:42:24,959 [main] INFO  impl.RaftServerImpl (ServerState.java:close(385)) - 9b15866d-6b15-4ac7-b53c-ef39fa8ef2d1@group-3615D881500F: closes. applyIndex: 0
2019-09-26 20:42:24,960 [ForkJoinPool.commonPool-worker-0] INFO  impl.RaftServerImpl (ServerState.java:close(385)) - 7e90aeec-bac9-41fb-9856-2cf722469481@group-D265E6A32F90: closes. applyIndex: 0
2019-09-26 20:42:24,960 [9b15866d-6b15-4ac7-b53c-ef39fa8ef2d1@group-3615D881500F-SegmentedRaftLogWorker] INFO  segmented.SegmentedRaftLogWorker (SegmentedRaftLogWorker.java:run(313)) - 9b15866d-6b15-4ac7-b53c-ef39fa8ef2d1@group-3615D881500F-SegmentedRaftLogWorker was interrupted, exiting. There are 0 tasks remaining in the queue.
2019-09-26 20:42:24,961 [7e90aeec-bac9-41fb-9856-2cf722469481@group-D265E6A32F90-SegmentedRaftLogWorker] INFO  segmented.SegmentedRaftLogWorker (SegmentedRaftLogWorker.java:run(313)) - 7e90aeec-bac9-41fb-9856-2cf722469481@group-D265E6A32F90-SegmentedRaftLogWorker was interrupted, exiting. There are 0 tasks remaining in the queue.
2019-09-26 20:42:24,965 [ForkJoinPool.commonPool-worker-0] INFO  segmented.SegmentedRaftLogWorker (SegmentedRaftLogWorker.java:close(228)) - 7e90aeec-bac9-41fb-9856-2cf722469481@group-D265E6A32F90-SegmentedRaftLogWorker close()
2019-09-26 20:42:24,965 [main] INFO  segmented.SegmentedRaftLogWorker (SegmentedRaftLogWorker.java:close(228)) - 9b15866d-6b15-4ac7-b53c-ef39fa8ef2d1@group-3615D881500F-SegmentedRaftLogWorker close()
2019-09-26 20:42:24,970 [ForkJoinPool.commonPool-worker-0] INFO  impl.RaftServerImpl (RaftServerImpl.java:lambda$shutdown$3(251)) - 7e90aeec-bac9-41fb-9856-2cf722469481@group-01A130C0CB66: shutdown
2019-09-26 20:42:24,966 [grpc-default-executor-1] INFO  server.GrpcLogAppender (GrpcLogAppender.java:onCompleted(293)) - 9b15866d-6b15-4ac7-b53c-ef39fa8ef2d1@group-3615D881500F->fdc400fc-8611-4280-8e8a-1f06e9b47363-AppendLogResponseHandler: follower responses appendEntries COMPLETED
2019-09-26 20:42:24,975 [ForkJoinPool.commonPool-worker-0] INFO  util.JmxRegister (JmxRegister.java:unregister(73)) - Successfully un-registered JMX Bean with object name Ratis:service=RaftServer,group=group-01A130C0CB66,id=7e90aeec-bac9-41fb-9856-2cf722469481
2019-09-26 20:42:24,978 [ForkJoinPool.commonPool-worker-0] INFO  impl.RoleInfo (RoleInfo.java:shutdownLeaderState(104)) - 7e90aeec-bac9-41fb-9856-2cf722469481: shutdown LeaderState
2019-09-26 20:42:24,975 [main] INFO  server.GrpcService (GrpcService.java:closeImpl(164)) - 9b15866d-6b15-4ac7-b53c-ef39fa8ef2d1: shutdown server with port 44954 now
2019-09-26 20:42:24,978 [ForkJoinPool.commonPool-worker-0] INFO  impl.PendingRequests (PendingRequests.java:sendNotLeaderResponses(202)) - 7e90aeec-bac9-41fb-9856-2cf722469481-PendingRequests: sendNotLeaderResponses
2019-09-26 20:42:24,978 [grpc-default-executor-1] INFO  impl.FollowerInfo (FollowerInfo.java:lambda$new$0(51)) - 9b15866d-6b15-4ac7-b53c-ef39fa8ef2d1@group-3615D881500F->fdc400fc-8611-4280-8e8a-1f06e9b47363: nextIndex: updateUnconditionally 1 -> 0
2019-09-26 20:42:24,979 [ForkJoinPool.commonPool-worker-0] INFO  impl.StateMachineUpdater (StateMachineUpdater.java:stopAndJoin(125)) - 7e90aeec-bac9-41fb-9856-2cf722469481@group-01A130C0CB66-StateMachineUpdater: set stopIndex = 0
2019-09-26 20:42:24,979 [ForkJoinPool.commonPool-worker-0] INFO  impl.RaftServerImpl (ServerState.java:close(385)) - 7e90aeec-bac9-41fb-9856-2cf722469481@group-01A130C0CB66: closes. applyIndex: 0
2019-09-26 20:42:24,979 [main] INFO  server.GrpcService (GrpcService.java:closeImpl(172)) - 9b15866d-6b15-4ac7-b53c-ef39fa8ef2d1: shutdown server with port 44954 successfully
2019-09-26 20:42:24,980 [7e90aeec-bac9-41fb-9856-2cf722469481@group-01A130C0CB66-SegmentedRaftLogWorker] INFO  segmented.SegmentedRaftLogWorker (SegmentedRaftLogWorker.java:run(313)) - 7e90aeec-bac9-41fb-9856-2cf722469481@group-01A130C0CB66-SegmentedRaftLogWorker was interrupted, exiting. There are 0 tasks remaining in the queue.
2019-09-26 20:42:24,982 [ForkJoinPool.commonPool-worker-0] INFO  segmented.SegmentedRaftLogWorker (SegmentedRaftLogWorker.java:close(228)) - 7e90aeec-bac9-41fb-9856-2cf722469481@group-01A130C0CB66-SegmentedRaftLogWorker close()
2019-09-26 20:42:24,988 [ForkJoinPool.commonPool-worker-0] INFO  server.GrpcService (GrpcService.java:closeImpl(164)) - 7e90aeec-bac9-41fb-9856-2cf722469481: shutdown server with port 39965 now
2019-09-26 20:42:24,993 [grpc-default-executor-3] WARN  server.GrpcServerProtocolService (LogUtils.java:warn(134)) - 7e90aeec-bac9-41fb-9856-2cf722469481: installSnapshot onError, lastRequest: db9f8549-f046-44a7-b879-d9a2b4ebcc23->7e90aeec-bac9-41fb-9856-2cf722469481#46-t1, previous=(t:1, i:0), leaderCommit=0, initializing? false, entries: <empty>: org.apache.ratis.thirdparty.io.grpc.StatusRuntimeException: CANCELLED: cancelled before receiving half close
2019-09-26 20:42:24,993 [ForkJoinPool.commonPool-worker-0] INFO  server.GrpcService (GrpcService.java:closeImpl(172)) - 7e90aeec-bac9-41fb-9856-2cf722469481: shutdown server with port 39965 successfully
2019-09-26 20:42:24,993 [grpc-default-executor-2] WARN  server.GrpcLogAppender (LogUtils.java:warn(134)) - db9f8549-f046-44a7-b879-d9a2b4ebcc23@group-D265E6A32F90->7e90aeec-bac9-41fb-9856-2cf722469481-AppendLogResponseHandler: Failed appendEntries: org.apache.ratis.thirdparty.io.grpc.StatusRuntimeException: CANCELLED: HTTP/2 error code: CANCEL
Received Rst Stream
2019-09-26 20:42:24,996 [grpc-default-executor-2] INFO  impl.FollowerInfo (FollowerInfo.java:lambda$new$0(51)) - db9f8549-f046-44a7-b879-d9a2b4ebcc23@group-D265E6A32F90->7e90aeec-bac9-41fb-9856-2cf722469481: nextIndex: updateUnconditionally 1 -> 0
2019-09-26 20:42:25,006 [refreshUsed-/workdir/hadoop-ozone/integration-test/target/test-dir/MiniOzoneClusterImpl-5456f64d-b184-4e59-8568-45c19435e1d5/datanode-6/data/containers] WARN  fs.CachingGetSpaceUsed (CachingGetSpaceUsed.java:run(183)) - Thread Interrupted waiting to refresh disk information: sleep interrupted
2019-09-26 20:42:25,014 [refreshUsed-/workdir/hadoop-ozone/integration-test/target/test-dir/MiniOzoneClusterImpl-5456f64d-b184-4e59-8568-45c19435e1d5/datanode-3/data/containers] WARN  fs.CachingGetSpaceUsed (CachingGetSpaceUsed.java:run(183)) - Thread Interrupted waiting to refresh disk information: sleep interrupted
2019-09-26 20:42:25,028 [main] INFO  utils.BackgroundService (BackgroundService.java:shutdown(148)) - Shutting down service BlockDeletingService
2019-09-26 20:42:25,034 [main] INFO  statemachine.DatanodeStateMachine (DatanodeStateMachine.java:stopDaemon(395)) - Ozone container server stopped.
2019-09-26 20:42:25,035 [main] INFO  handler.ContextHandler (ContextHandler.java:doStop(910)) - Stopped o.e.j.w.WebAppContext@184823ed{/,null,UNAVAILABLE}{/hddsDatanode}
2019-09-26 20:42:25,036 [ForkJoinPool.commonPool-worker-0] INFO  utils.BackgroundService (BackgroundService.java:shutdown(148)) - Shutting down service BlockDeletingService
2019-09-26 20:42:25,036 [main] INFO  server.AbstractConnector (AbstractConnector.java:doStop(318)) - Stopped ServerConnector@30bbcf91{HTTP/1.1,[http/1.1]}{0.0.0.0:0}
2019-09-26 20:42:25,037 [main] INFO  handler.ContextHandler (ContextHandler.java:doStop(910)) - Stopped o.e.j.s.ServletContextHandler@42ed89da{/static,jar:file:/home/user/.m2/repository/org/apache/hadoop/hadoop-hdds-container-service/0.5.0-SNAPSHOT/hadoop-hdds-container-service-0.5.0-SNAPSHOT.jar!/webapps/static,UNAVAILABLE}
2019-09-26 20:42:25,040 [main] INFO  handler.ContextHandler (ContextHandler.java:doStop(910)) - Stopped o.e.j.s.ServletContextHandler@5a566922{/logs,file:///workdir/hadoop-ozone/integration-test/target/log,UNAVAILABLE}
2019-09-26 20:42:25,042 [ForkJoinPool.commonPool-worker-0] INFO  statemachine.DatanodeStateMachine (DatanodeStateMachine.java:stopDaemon(395)) - Ozone container server stopped.
2019-09-26 20:42:25,047 [ForkJoinPool.commonPool-worker-0] INFO  handler.ContextHandler (ContextHandler.java:doStop(910)) - Stopped o.e.j.w.WebAppContext@681c0ae6{/,null,UNAVAILABLE}{/hddsDatanode}
2019-09-26 20:42:25,048 [ForkJoinPool.commonPool-worker-0] INFO  server.AbstractConnector (AbstractConnector.java:doStop(318)) - Stopped ServerConnector@73ca34e7{HTTP/1.1,[http/1.1]}{0.0.0.0:0}
2019-09-26 20:42:25,050 [ForkJoinPool.commonPool-worker-0] INFO  handler.ContextHandler (ContextHandler.java:doStop(910)) - Stopped o.e.j.s.ServletContextHandler@285005b8{/static,jar:file:/home/user/.m2/repository/org/apache/hadoop/hadoop-hdds-container-service/0.5.0-SNAPSHOT/hadoop-hdds-container-service-0.5.0-SNAPSHOT.jar!/webapps/static,UNAVAILABLE}
2019-09-26 20:42:25,051 [ForkJoinPool.commonPool-worker-0] INFO  handler.ContextHandler (ContextHandler.java:doStop(910)) - Stopped o.e.j.s.ServletContextHandler@d3e3085{/logs,file:///workdir/hadoop-ozone/integration-test/target/log,UNAVAILABLE}
2019-09-26 20:42:25,239 [Datanode State Machine Thread - 0] INFO  statemachine.DatanodeStateMachine (DatanodeStateMachine.java:lambda$startDaemon$0(350)) - Ozone container server started.
2019-09-26 20:42:25,668 [Datanode State Machine Thread - 0] INFO  statemachine.DatanodeStateMachine (DatanodeStateMachine.java:lambda$startDaemon$0(350)) - Ozone container server started.
2019-09-26 20:42:25,758 [grpc-default-executor-1] WARN  server.GrpcLogAppender (LogUtils.java:warn(134)) - db9f8549-f046-44a7-b879-d9a2b4ebcc23@group-D265E6A32F90->f0429ba4-43cb-400b-9639-b72cd1260ed1-AppendLogResponseHandler: Failed appendEntries: org.apache.ratis.thirdparty.io.grpc.StatusRuntimeException: UNAVAILABLE: io exception
2019-09-26 20:42:25,760 [grpc-default-executor-1] INFO  impl.FollowerInfo (FollowerInfo.java:lambda$new$0(51)) - db9f8549-f046-44a7-b879-d9a2b4ebcc23@group-D265E6A32F90->f0429ba4-43cb-400b-9639-b72cd1260ed1: nextIndex: updateUnconditionally 0 -> 0
2019-09-26 20:42:25,765 [grpc-default-executor-3] WARN  server.GrpcLogAppender (LogUtils.java:warn(134)) - db9f8549-f046-44a7-b879-d9a2b4ebcc23@group-D265E6A32F90->7e90aeec-bac9-41fb-9856-2cf722469481-AppendLogResponseHandler: Failed appendEntries: org.apache.ratis.thirdparty.io.grpc.StatusRuntimeException: UNAVAILABLE: io exception
2019-09-26 20:42:25,767 [grpc-default-executor-3] INFO  impl.FollowerInfo (FollowerInfo.java:lambda$new$0(51)) - db9f8549-f046-44a7-b879-d9a2b4ebcc23@group-D265E6A32F90->7e90aeec-bac9-41fb-9856-2cf722469481: nextIndex: updateUnconditionally 0 -> 0
2019-09-26 20:42:28,264 [grpc-default-executor-5] WARN  server.GrpcLogAppender (LogUtils.java:warn(134)) - db9f8549-f046-44a7-b879-d9a2b4ebcc23@group-D265E6A32F90->f0429ba4-43cb-400b-9639-b72cd1260ed1-AppendLogResponseHandler: Failed appendEntries: org.apache.ratis.thirdparty.io.grpc.StatusRuntimeException: UNAVAILABLE: io exception
2019-09-26 20:42:28,267 [grpc-default-executor-5] INFO  impl.FollowerInfo (FollowerInfo.java:lambda$new$0(51)) - db9f8549-f046-44a7-b879-d9a2b4ebcc23@group-D265E6A32F90->f0429ba4-43cb-400b-9639-b72cd1260ed1: nextIndex: updateUnconditionally 0 -> 0
2019-09-26 20:42:28,268 [grpc-default-executor-5] WARN  server.GrpcLogAppender (LogUtils.java:warn(134)) - db9f8549-f046-44a7-b879-d9a2b4ebcc23@group-D265E6A32F90->7e90aeec-bac9-41fb-9856-2cf722469481-AppendLogResponseHandler: Failed appendEntries: org.apache.ratis.thirdparty.io.grpc.StatusRuntimeException: UNAVAILABLE: io exception
2019-09-26 20:42:28,271 [grpc-default-executor-5] INFO  impl.FollowerInfo (FollowerInfo.java:lambda$new$0(51)) - db9f8549-f046-44a7-b879-d9a2b4ebcc23@group-D265E6A32F90->7e90aeec-bac9-41fb-9856-2cf722469481: nextIndex: updateUnconditionally 0 -> 0
2019-09-26 20:42:30,046 [main] INFO  ozoneimpl.OzoneContainer (OzoneContainer.java:stop(231)) - Attempting to stop container services.
2019-09-26 20:42:30,047 [main] INFO  impl.RaftServerProxy (RaftServerProxy.java:lambda$close$4(314)) - db9f8549-f046-44a7-b879-d9a2b4ebcc23: close
2019-09-26 20:42:30,048 [main] INFO  impl.RaftServerImpl (RaftServerImpl.java:lambda$shutdown$3(251)) - db9f8549-f046-44a7-b879-d9a2b4ebcc23@group-D265E6A32F90: shutdown
2019-09-26 20:42:30,048 [main] INFO  util.JmxRegister (JmxRegister.java:unregister(73)) - Successfully un-registered JMX Bean with object name Ratis:service=RaftServer,group=group-D265E6A32F90,id=db9f8549-f046-44a7-b879-d9a2b4ebcc23
2019-09-26 20:42:30,049 [main] INFO  impl.RoleInfo (RoleInfo.java:shutdownLeaderState(104)) - db9f8549-f046-44a7-b879-d9a2b4ebcc23: shutdown LeaderState
2019-09-26 20:42:30,054 [main] INFO  impl.PendingRequests (PendingRequests.java:sendNotLeaderResponses(202)) - db9f8549-f046-44a7-b879-d9a2b4ebcc23-PendingRequests: sendNotLeaderResponses
2019-09-26 20:42:30,054 [ForkJoinPool.commonPool-worker-0] INFO  ozoneimpl.OzoneContainer (OzoneContainer.java:stop(231)) - Attempting to stop container services.
2019-09-26 20:42:30,054 [main] INFO  impl.StateMachineUpdater (StateMachineUpdater.java:stopAndJoin(125)) - db9f8549-f046-44a7-b879-d9a2b4ebcc23@group-D265E6A32F90-StateMachineUpdater: set stopIndex = 0
2019-09-26 20:42:30,054 [org.apache.ratis.server.impl.LogAppender$AppenderDaemon$$Lambda$417/1256844756@3b6cacf2] WARN  server.GrpcLogAppender (GrpcLogAppender.java:mayWait(143)) - db9f8549-f046-44a7-b879-d9a2b4ebcc23@group-D265E6A32F90->f0429ba4-43cb-400b-9639-b72cd1260ed1-GrpcLogAppender: Wait interrupted by java.lang.InterruptedException
2019-09-26 20:42:30,054 [org.apache.ratis.server.impl.LogAppender$AppenderDaemon$$Lambda$417/1256844756@4313691a] WARN  server.GrpcLogAppender (GrpcLogAppender.java:mayWait(143)) - db9f8549-f046-44a7-b879-d9a2b4ebcc23@group-D265E6A32F90->7e90aeec-bac9-41fb-9856-2cf722469481-GrpcLogAppender: Wait interrupted by java.lang.InterruptedException
2019-09-26 20:42:30,055 [main] INFO  impl.RaftServerImpl (ServerState.java:close(385)) - db9f8549-f046-44a7-b879-d9a2b4ebcc23@group-D265E6A32F90: closes. applyIndex: 0
2019-09-26 20:42:30,055 [ForkJoinPool.commonPool-worker-0] INFO  impl.RaftServerProxy (RaftServerProxy.java:lambda$close$4(314)) - 09a81ee9-6885-4381-b9d0-5021c7bf0916: close
2019-09-26 20:42:30,056 [db9f8549-f046-44a7-b879-d9a2b4ebcc23@group-D265E6A32F90-SegmentedRaftLogWorker] INFO  segmented.SegmentedRaftLogWorker (SegmentedRaftLogWorker.java:run(313)) - db9f8549-f046-44a7-b879-d9a2b4ebcc23@group-D265E6A32F90-SegmentedRaftLogWorker was interrupted, exiting. There are 0 tasks remaining in the queue.
2019-09-26 20:42:30,056 [ForkJoinPool.commonPool-worker-0] INFO  impl.RaftServerImpl (RaftServerImpl.java:lambda$shutdown$3(251)) - 09a81ee9-6885-4381-b9d0-5021c7bf0916@group-BEF04E0E1E90: shutdown
2019-09-26 20:42:30,058 [main] INFO  segmented.SegmentedRaftLogWorker (SegmentedRaftLogWorker.java:close(228)) - db9f8549-f046-44a7-b879-d9a2b4ebcc23@group-D265E6A32F90-SegmentedRaftLogWorker close()
2019-09-26 20:42:30,058 [ForkJoinPool.commonPool-worker-0] INFO  util.JmxRegister (JmxRegister.java:unregister(73)) - Successfully un-registered JMX Bean with object name Ratis:service=RaftServer,group=group-BEF04E0E1E90,id=09a81ee9-6885-4381-b9d0-5021c7bf0916
2019-09-26 20:42:30,063 [main] INFO  impl.RaftServerImpl (RaftServerImpl.java:lambda$shutdown$3(251)) - db9f8549-f046-44a7-b879-d9a2b4ebcc23@group-87D778BEEA12: shutdown
2019-09-26 20:42:30,063 [ForkJoinPool.commonPool-worker-0] INFO  impl.RoleInfo (RoleInfo.java:shutdownFollowerState(121)) - 09a81ee9-6885-4381-b9d0-5021c7bf0916: shutdown FollowerState
2019-09-26 20:42:30,063 [main] INFO  util.JmxRegister (JmxRegister.java:unregister(73)) - Successfully un-registered JMX Bean with object name Ratis:service=RaftServer,group=group-87D778BEEA12,id=db9f8549-f046-44a7-b879-d9a2b4ebcc23
2019-09-26 20:42:30,064 [Thread-397] INFO  impl.FollowerState (FollowerState.java:run(115)) - 09a81ee9-6885-4381-b9d0-5021c7bf0916: FollowerState was interrupted: java.lang.InterruptedException: sleep interrupted
2019-09-26 20:42:30,064 [ForkJoinPool.commonPool-worker-0] INFO  impl.StateMachineUpdater (StateMachineUpdater.java:stopAndJoin(125)) - 09a81ee9-6885-4381-b9d0-5021c7bf0916@group-BEF04E0E1E90-StateMachineUpdater: set stopIndex = 0
2019-09-26 20:42:30,064 [main] INFO  impl.RoleInfo (RoleInfo.java:shutdownLeaderState(104)) - db9f8549-f046-44a7-b879-d9a2b4ebcc23: shutdown LeaderState
2019-09-26 20:42:30,064 [ForkJoinPool.commonPool-worker-0] INFO  impl.RaftServerImpl (ServerState.java:close(385)) - 09a81ee9-6885-4381-b9d0-5021c7bf0916@group-BEF04E0E1E90: closes. applyIndex: 0
2019-09-26 20:42:30,065 [main] INFO  impl.PendingRequests (PendingRequests.java:sendNotLeaderResponses(202)) - db9f8549-f046-44a7-b879-d9a2b4ebcc23-PendingRequests: sendNotLeaderResponses
2019-09-26 20:42:30,065 [09a81ee9-6885-4381-b9d0-5021c7bf0916@group-BEF04E0E1E90-SegmentedRaftLogWorker] INFO  segmented.SegmentedRaftLogWorker (SegmentedRaftLogWorker.java:run(313)) - 09a81ee9-6885-4381-b9d0-5021c7bf0916@group-BEF04E0E1E90-SegmentedRaftLogWorker was interrupted, exiting. There are 0 tasks remaining in the queue.
2019-09-26 20:42:30,066 [main] INFO  impl.StateMachineUpdater (StateMachineUpdater.java:stopAndJoin(125)) - db9f8549-f046-44a7-b879-d9a2b4ebcc23@group-87D778BEEA12-StateMachineUpdater: set stopIndex = 0
2019-09-26 20:42:30,068 [ForkJoinPool.commonPool-worker-0] INFO  segmented.SegmentedRaftLogWorker (SegmentedRaftLogWorker.java:close(228)) - 09a81ee9-6885-4381-b9d0-5021c7bf0916@group-BEF04E0E1E90-SegmentedRaftLogWorker close()
2019-09-26 20:42:30,068 [main] INFO  impl.RaftServerImpl (ServerState.java:close(385)) - db9f8549-f046-44a7-b879-d9a2b4ebcc23@group-87D778BEEA12: closes. applyIndex: 0
2019-09-26 20:42:30,082 [ForkJoinPool.commonPool-worker-0] INFO  impl.RaftServerImpl (RaftServerImpl.java:lambda$shutdown$3(251)) - 09a81ee9-6885-4381-b9d0-5021c7bf0916@group-DC8C20A21CC5: shutdown
2019-09-26 20:42:30,082 [ForkJoinPool.commonPool-worker-0] INFO  util.JmxRegister (JmxRegister.java:unregister(73)) - Successfully un-registered JMX Bean with object name Ratis:service=RaftServer,group=group-DC8C20A21CC5,id=09a81ee9-6885-4381-b9d0-5021c7bf0916
2019-09-26 20:42:30,082 [db9f8549-f046-44a7-b879-d9a2b4ebcc23@group-87D778BEEA12-SegmentedRaftLogWorker] INFO  segmented.SegmentedRaftLogWorker (SegmentedRaftLogWorker.java:run(313)) - db9f8549-f046-44a7-b879-d9a2b4ebcc23@group-87D778BEEA12-SegmentedRaftLogWorker was interrupted, exiting. There are 0 tasks remaining in the queue.
2019-09-26 20:42:30,083 [ForkJoinPool.commonPool-worker-0] INFO  impl.RoleInfo (RoleInfo.java:shutdownLeaderState(104)) - 09a81ee9-6885-4381-b9d0-5021c7bf0916: shutdown LeaderState
2019-09-26 20:42:30,083 [main] INFO  segmented.SegmentedRaftLogWorker (SegmentedRaftLogWorker.java:close(228)) - db9f8549-f046-44a7-b879-d9a2b4ebcc23@group-87D778BEEA12-SegmentedRaftLogWorker close()
2019-09-26 20:42:30,083 [ForkJoinPool.commonPool-worker-0] INFO  impl.PendingRequests (PendingRequests.java:sendNotLeaderResponses(202)) - 09a81ee9-6885-4381-b9d0-5021c7bf0916-PendingRequests: sendNotLeaderResponses
2019-09-26 20:42:30,085 [main] INFO  server.GrpcService (GrpcService.java:closeImpl(164)) - db9f8549-f046-44a7-b879-d9a2b4ebcc23: shutdown server with port 33183 now
2019-09-26 20:42:30,085 [ForkJoinPool.commonPool-worker-0] INFO  impl.StateMachineUpdater (StateMachineUpdater.java:stopAndJoin(125)) - 09a81ee9-6885-4381-b9d0-5021c7bf0916@group-DC8C20A21CC5-StateMachineUpdater: set stopIndex = 0
2019-09-26 20:42:30,086 [ForkJoinPool.commonPool-worker-0] INFO  impl.RaftServerImpl (ServerState.java:close(385)) - 09a81ee9-6885-4381-b9d0-5021c7bf0916@group-DC8C20A21CC5: closes. applyIndex: 0
2019-09-26 20:42:30,086 [main] INFO  server.GrpcService (GrpcService.java:closeImpl(172)) - db9f8549-f046-44a7-b879-d9a2b4ebcc23: shutdown server with port 33183 successfully
2019-09-26 20:42:30,087 [09a81ee9-6885-4381-b9d0-5021c7bf0916@group-DC8C20A21CC5-SegmentedRaftLogWorker] INFO  segmented.SegmentedRaftLogWorker (SegmentedRaftLogWorker.java:run(313)) - 09a81ee9-6885-4381-b9d0-5021c7bf0916@group-DC8C20A21CC5-SegmentedRaftLogWorker was interrupted, exiting. There are 0 tasks remaining in the queue.
2019-09-26 20:42:30,089 [ForkJoinPool.commonPool-worker-0] INFO  segmented.SegmentedRaftLogWorker (SegmentedRaftLogWorker.java:close(228)) - 09a81ee9-6885-4381-b9d0-5021c7bf0916@group-DC8C20A21CC5-SegmentedRaftLogWorker close()
2019-09-26 20:42:30,092 [ForkJoinPool.commonPool-worker-0] INFO  server.GrpcService (GrpcService.java:closeImpl(164)) - 09a81ee9-6885-4381-b9d0-5021c7bf0916: shutdown server with port 37603 now
2019-09-26 20:42:30,094 [grpc-default-executor-3] WARN  server.GrpcServerProtocolService (LogUtils.java:warn(134)) - 09a81ee9-6885-4381-b9d0-5021c7bf0916: installSnapshot onError, lastRequest: fef668a8-0979-4ff0-832c-cf3fbad71c9a->09a81ee9-6885-4381-b9d0-5021c7bf0916#48-t1, previous=(t:1, i:0), leaderCommit=0, initializing? false, entries: <empty>: org.apache.ratis.thirdparty.io.grpc.StatusRuntimeException: CANCELLED: cancelled before receiving half close
2019-09-26 20:42:30,094 [refreshUsed-/workdir/hadoop-ozone/integration-test/target/test-dir/MiniOzoneClusterImpl-5456f64d-b184-4e59-8568-45c19435e1d5/datanode-8/data/containers] WARN  fs.CachingGetSpaceUsed (CachingGetSpaceUsed.java:run(183)) - Thread Interrupted waiting to refresh disk information: sleep interrupted
2019-09-26 20:42:30,094 [ForkJoinPool.commonPool-worker-0] INFO  server.GrpcService (GrpcService.java:closeImpl(172)) - 09a81ee9-6885-4381-b9d0-5021c7bf0916: shutdown server with port 37603 successfully
2019-09-26 20:42:30,094 [grpc-default-executor-6] WARN  server.GrpcLogAppender (LogUtils.java:warn(134)) - fef668a8-0979-4ff0-832c-cf3fbad71c9a@group-BEF04E0E1E90->09a81ee9-6885-4381-b9d0-5021c7bf0916-AppendLogResponseHandler: Failed appendEntries: org.apache.ratis.thirdparty.io.grpc.StatusRuntimeException: CANCELLED: HTTP/2 error code: CANCEL
Received Rst Stream
2019-09-26 20:42:30,097 [grpc-default-executor-6] INFO  impl.FollowerInfo (FollowerInfo.java:lambda$new$0(51)) - fef668a8-0979-4ff0-832c-cf3fbad71c9a@group-BEF04E0E1E90->09a81ee9-6885-4381-b9d0-5021c7bf0916: nextIndex: updateUnconditionally 1 -> 0
2019-09-26 20:42:30,098 [refreshUsed-/workdir/hadoop-ozone/integration-test/target/test-dir/MiniOzoneClusterImpl-5456f64d-b184-4e59-8568-45c19435e1d5/datanode-4/data/containers] WARN  fs.CachingGetSpaceUsed (CachingGetSpaceUsed.java:run(183)) - Thread Interrupted waiting to refresh disk information: sleep interrupted
2019-09-26 20:42:30,121 [main] INFO  utils.BackgroundService (BackgroundService.java:shutdown(148)) - Shutting down service BlockDeletingService
2019-09-26 20:42:30,121 [ForkJoinPool.commonPool-worker-0] INFO  utils.BackgroundService (BackgroundService.java:shutdown(148)) - Shutting down service BlockDeletingService
2019-09-26 20:42:30,127 [main] INFO  statemachine.DatanodeStateMachine (DatanodeStateMachine.java:stopDaemon(395)) - Ozone container server stopped.
2019-09-26 20:42:30,128 [ForkJoinPool.commonPool-worker-0] INFO  statemachine.DatanodeStateMachine (DatanodeStateMachine.java:stopDaemon(395)) - Ozone container server stopped.
2019-09-26 20:42:30,132 [main] INFO  handler.ContextHandler (ContextHandler.java:doStop(910)) - Stopped o.e.j.w.WebAppContext@5460edd3{/,null,UNAVAILABLE}{/hddsDatanode}
2019-09-26 20:42:30,134 [ForkJoinPool.commonPool-worker-0] INFO  handler.ContextHandler (ContextHandler.java:doStop(910)) - Stopped o.e.j.w.WebAppContext@4dfdfe7d{/,null,UNAVAILABLE}{/hddsDatanode}
2019-09-26 20:42:30,134 [ForkJoinPool.commonPool-worker-0] INFO  server.AbstractConnector (AbstractConnector.java:doStop(318)) - Stopped ServerConnector@1578b8ec{HTTP/1.1,[http/1.1]}{0.0.0.0:0}
2019-09-26 20:42:30,134 [main] INFO  server.AbstractConnector (AbstractConnector.java:doStop(318)) - Stopped ServerConnector@5dbbb292{HTTP/1.1,[http/1.1]}{0.0.0.0:0}
2019-09-26 20:42:30,136 [ForkJoinPool.commonPool-worker-0] INFO  handler.ContextHandler (ContextHandler.java:doStop(910)) - Stopped o.e.j.s.ServletContextHandler@66ec4409{/static,jar:file:/home/user/.m2/repository/org/apache/hadoop/hadoop-hdds-container-service/0.5.0-SNAPSHOT/hadoop-hdds-container-service-0.5.0-SNAPSHOT.jar!/webapps/static,UNAVAILABLE}
2019-09-26 20:42:30,136 [main] INFO  handler.ContextHandler (ContextHandler.java:doStop(910)) - Stopped o.e.j.s.ServletContextHandler@7fd99443{/static,jar:file:/home/user/.m2/repository/org/apache/hadoop/hadoop-hdds-container-service/0.5.0-SNAPSHOT/hadoop-hdds-container-service-0.5.0-SNAPSHOT.jar!/webapps/static,UNAVAILABLE}
2019-09-26 20:42:30,138 [ForkJoinPool.commonPool-worker-0] INFO  handler.ContextHandler (ContextHandler.java:doStop(910)) - Stopped o.e.j.s.ServletContextHandler@52831a73{/logs,file:///workdir/hadoop-ozone/integration-test/target/log,UNAVAILABLE}
2019-09-26 20:42:30,138 [main] INFO  handler.ContextHandler (ContextHandler.java:doStop(910)) - Stopped o.e.j.s.ServletContextHandler@4665428b{/logs,file:///workdir/hadoop-ozone/integration-test/target/log,UNAVAILABLE}
2019-09-26 20:42:30,778 [grpc-default-executor-5] WARN  server.GrpcLogAppender (LogUtils.java:warn(134)) - fef668a8-0979-4ff0-832c-cf3fbad71c9a@group-BEF04E0E1E90->09a81ee9-6885-4381-b9d0-5021c7bf0916-AppendLogResponseHandler: Failed appendEntries: org.apache.ratis.thirdparty.io.grpc.StatusRuntimeException: UNAVAILABLE: io exception
2019-09-26 20:42:30,780 [grpc-default-executor-5] INFO  impl.FollowerInfo (FollowerInfo.java:lambda$new$0(51)) - fef668a8-0979-4ff0-832c-cf3fbad71c9a@group-BEF04E0E1E90->09a81ee9-6885-4381-b9d0-5021c7bf0916: nextIndex: updateUnconditionally 0 -> 0
2019-09-26 20:42:30,865 [Datanode State Machine Thread - 0] INFO  statemachine.DatanodeStateMachine (DatanodeStateMachine.java:lambda$startDaemon$0(350)) - Ozone container server started.
2019-09-26 20:42:31,011 [Datanode State Machine Thread - 0] INFO  statemachine.DatanodeStateMachine (DatanodeStateMachine.java:lambda$startDaemon$0(350)) - Ozone container server started.
2019-09-26 20:42:32,984 [Thread-492] INFO  impl.FollowerState (FollowerState.java:run(106)) - fdc400fc-8611-4280-8e8a-1f06e9b47363:group-3615D881500F changes to CANDIDATE, lastRpcTime:9384, electionTimeout:5178ms
2019-09-26 20:42:32,985 [Thread-492] INFO  impl.RoleInfo (RoleInfo.java:shutdownFollowerState(121)) - fdc400fc-8611-4280-8e8a-1f06e9b47363: shutdown FollowerState
2019-09-26 20:42:32,985 [Thread-492] INFO  impl.RaftServerImpl (RaftServerImpl.java:setRole(174)) - fdc400fc-8611-4280-8e8a-1f06e9b47363@group-3615D881500F: changes role from  FOLLOWER to CANDIDATE at term 6 for changeToCandidate
2019-09-26 20:42:32,985 [Thread-492] INFO  impl.RoleInfo (RoleInfo.java:updateAndGet(143)) - fdc400fc-8611-4280-8e8a-1f06e9b47363: start LeaderElection
2019-09-26 20:42:32,988 [fdc400fc-8611-4280-8e8a-1f06e9b47363@group-3615D881500F:LeaderElection25] INFO  impl.RaftServerImpl (ServerState.java:setLeader(253)) - fdc400fc-8611-4280-8e8a-1f06e9b47363@group-3615D881500F: change Leader from 9b15866d-6b15-4ac7-b53c-ef39fa8ef2d1 to null at term 6 for initElection
2019-09-26 20:42:33,004 [fdc400fc-8611-4280-8e8a-1f06e9b47363@group-3615D881500F:LeaderElection25] INFO  impl.LeaderElection (LeaderElection.java:askForVotes(182)) - fdc400fc-8611-4280-8e8a-1f06e9b47363@group-3615D881500F:LeaderElection25: begin an election at term 7 for 0: [9b15866d-6b15-4ac7-b53c-ef39fa8ef2d1:192.168.151.109:44954, fdc400fc-8611-4280-8e8a-1f06e9b47363:192.168.151.109:44130, a49488b0-9b0a-4cd9-b60f-a6a2ca33f14a:192.168.151.109:46864], old=null
2019-09-26 20:42:33,011 [fdc400fc-8611-4280-8e8a-1f06e9b47363@group-3615D881500F:LeaderElection25] INFO  impl.LeaderElection (LogUtils.java:infoOrTrace(149)) - fdc400fc-8611-4280-8e8a-1f06e9b47363@group-3615D881500F:LeaderElection25 got exception when requesting votes: {}
java.util.concurrent.ExecutionException: org.apache.ratis.thirdparty.io.grpc.StatusRuntimeException: UNAVAILABLE: io exception
	at java.util.concurrent.FutureTask.report(FutureTask.java:122)
	at java.util.concurrent.FutureTask.get(FutureTask.java:192)
	at org.apache.ratis.server.impl.LeaderElection.waitForResults(LeaderElection.java:263)
	at org.apache.ratis.server.impl.LeaderElection.askForVotes(LeaderElection.java:201)
	at org.apache.ratis.server.impl.LeaderElection.run(LeaderElection.java:133)
	at java.lang.Thread.run(Thread.java:748)
Caused by: org.apache.ratis.thirdparty.io.grpc.StatusRuntimeException: UNAVAILABLE: io exception
	at org.apache.ratis.thirdparty.io.grpc.stub.ClientCalls.toStatusRuntimeException(ClientCalls.java:233)
	at org.apache.ratis.thirdparty.io.grpc.stub.ClientCalls.getUnchecked(ClientCalls.java:214)
	at org.apache.ratis.thirdparty.io.grpc.stub.ClientCalls.blockingUnaryCall(ClientCalls.java:139)
	at org.apache.ratis.proto.grpc.RaftServerProtocolServiceGrpc$RaftServerProtocolServiceBlockingStub.requestVote(RaftServerProtocolServiceGrpc.java:265)
	at org.apache.ratis.grpc.server.GrpcServerProtocolClient.requestVote(GrpcServerProtocolClient.java:90)
	at org.apache.ratis.grpc.server.GrpcService.requestVote(GrpcService.java:204)
	at org.apache.ratis.server.impl.LeaderElection.lambda$submitRequests$1(LeaderElection.java:238)
	at java.util.concurrent.FutureTask.run(FutureTask.java:266)
	at java.util.concurrent.Executors$RunnableAdapter.call(Executors.java:511)
	at java.util.concurrent.FutureTask.run(FutureTask.java:266)
	at java.util.concurrent.ThreadPoolExecutor.runWorker(ThreadPoolExecutor.java:1149)
	at java.util.concurrent.ThreadPoolExecutor$Worker.run(ThreadPoolExecutor.java:624)
	... 1 more
Caused by: org.apache.ratis.thirdparty.io.netty.channel.AbstractChannel$AnnotatedConnectException: Connection refused: /192.168.151.109:46864
	at sun.nio.ch.SocketChannelImpl.checkConnect(Native Method)
	at sun.nio.ch.SocketChannelImpl.finishConnect(SocketChannelImpl.java:717)
	at org.apache.ratis.thirdparty.io.netty.channel.socket.nio.NioSocketChannel.doFinishConnect(NioSocketChannel.java:327)
	at org.apache.ratis.thirdparty.io.netty.channel.nio.AbstractNioChannel$AbstractNioUnsafe.finishConnect(AbstractNioChannel.java:340)
	at org.apache.ratis.thirdparty.io.netty.channel.nio.NioEventLoop.processSelectedKey(NioEventLoop.java:632)
	at org.apache.ratis.thirdparty.io.netty.channel.nio.NioEventLoop.processSelectedKeysOptimized(NioEventLoop.java:579)
	at org.apache.ratis.thirdparty.io.netty.channel.nio.NioEventLoop.processSelectedKeys(NioEventLoop.java:496)
	at org.apache.ratis.thirdparty.io.netty.channel.nio.NioEventLoop.run(NioEventLoop.java:458)
	at org.apache.ratis.thirdparty.io.netty.util.concurrent.SingleThreadEventExecutor$5.run(SingleThreadEventExecutor.java:897)
	at org.apache.ratis.thirdparty.io.netty.util.concurrent.FastThreadLocalRunnable.run(FastThreadLocalRunnable.java:30)
	... 1 more
Caused by: java.net.ConnectException: Connection refused
	... 11 more
2019-09-26 20:42:33,015 [fdc400fc-8611-4280-8e8a-1f06e9b47363@group-3615D881500F:LeaderElection25] INFO  impl.LeaderElection (LogUtils.java:infoOrTrace(149)) - fdc400fc-8611-4280-8e8a-1f06e9b47363@group-3615D881500F:LeaderElection25 got exception when requesting votes: {}
java.util.concurrent.ExecutionException: org.apache.ratis.thirdparty.io.grpc.StatusRuntimeException: UNAVAILABLE: io exception
	at java.util.concurrent.FutureTask.report(FutureTask.java:122)
	at java.util.concurrent.FutureTask.get(FutureTask.java:192)
	at org.apache.ratis.server.impl.LeaderElection.waitForResults(LeaderElection.java:263)
	at org.apache.ratis.server.impl.LeaderElection.askForVotes(LeaderElection.java:201)
	at org.apache.ratis.server.impl.LeaderElection.run(LeaderElection.java:133)
	at java.lang.Thread.run(Thread.java:748)
Caused by: org.apache.ratis.thirdparty.io.grpc.StatusRuntimeException: UNAVAILABLE: io exception
	at org.apache.ratis.thirdparty.io.grpc.stub.ClientCalls.toStatusRuntimeException(ClientCalls.java:233)
	at org.apache.ratis.thirdparty.io.grpc.stub.ClientCalls.getUnchecked(ClientCalls.java:214)
	at org.apache.ratis.thirdparty.io.grpc.stub.ClientCalls.blockingUnaryCall(ClientCalls.java:139)
	at org.apache.ratis.proto.grpc.RaftServerProtocolServiceGrpc$RaftServerProtocolServiceBlockingStub.requestVote(RaftServerProtocolServiceGrpc.java:265)
	at org.apache.ratis.grpc.server.GrpcServerProtocolClient.requestVote(GrpcServerProtocolClient.java:90)
	at org.apache.ratis.grpc.server.GrpcService.requestVote(GrpcService.java:204)
	at org.apache.ratis.server.impl.LeaderElection.lambda$submitRequests$1(LeaderElection.java:238)
	at java.util.concurrent.FutureTask.run(FutureTask.java:266)
	at java.util.concurrent.Executors$RunnableAdapter.call(Executors.java:511)
	at java.util.concurrent.FutureTask.run(FutureTask.java:266)
	at java.util.concurrent.ThreadPoolExecutor.runWorker(ThreadPoolExecutor.java:1149)
	at java.util.concurrent.ThreadPoolExecutor$Worker.run(ThreadPoolExecutor.java:624)
	... 1 more
Caused by: org.apache.ratis.thirdparty.io.netty.channel.AbstractChannel$AnnotatedConnectException: Connection refused: /192.168.151.109:44954
	at sun.nio.ch.SocketChannelImpl.checkConnect(Native Method)
	at sun.nio.ch.SocketChannelImpl.finishConnect(SocketChannelImpl.java:717)
	at org.apache.ratis.thirdparty.io.netty.channel.socket.nio.NioSocketChannel.doFinishConnect(NioSocketChannel.java:327)
	at org.apache.ratis.thirdparty.io.netty.channel.nio.AbstractNioChannel$AbstractNioUnsafe.finishConnect(AbstractNioChannel.java:340)
	at org.apache.ratis.thirdparty.io.netty.channel.nio.NioEventLoop.processSelectedKey(NioEventLoop.java:632)
	at org.apache.ratis.thirdparty.io.netty.channel.nio.NioEventLoop.processSelectedKeysOptimized(NioEventLoop.java:579)
	at org.apache.ratis.thirdparty.io.netty.channel.nio.NioEventLoop.processSelectedKeys(NioEventLoop.java:496)
	at org.apache.ratis.thirdparty.io.netty.channel.nio.NioEventLoop.run(NioEventLoop.java:458)
	at org.apache.ratis.thirdparty.io.netty.util.concurrent.SingleThreadEventExecutor$5.run(SingleThreadEventExecutor.java:897)
	at org.apache.ratis.thirdparty.io.netty.util.concurrent.FastThreadLocalRunnable.run(FastThreadLocalRunnable.java:30)
	... 1 more
Caused by: java.net.ConnectException: Connection refused
	... 11 more
2019-09-26 20:42:33,017 [fdc400fc-8611-4280-8e8a-1f06e9b47363@group-3615D881500F:LeaderElection25] INFO  impl.LeaderElection (LeaderElection.java:logAndReturn(56)) - fdc400fc-8611-4280-8e8a-1f06e9b47363@group-3615D881500F:LeaderElection25: Election REJECTED; received 0 response(s) [] and 2 exception(s); fdc400fc-8611-4280-8e8a-1f06e9b47363@group-3615D881500F:t7, leader=null, voted=fdc400fc-8611-4280-8e8a-1f06e9b47363, raftlog=fdc400fc-8611-4280-8e8a-1f06e9b47363@group-3615D881500F-SegmentedRaftLog:OPENED:c0,f0,i0, conf=0: [9b15866d-6b15-4ac7-b53c-ef39fa8ef2d1:192.168.151.109:44954, fdc400fc-8611-4280-8e8a-1f06e9b47363:192.168.151.109:44130, a49488b0-9b0a-4cd9-b60f-a6a2ca33f14a:192.168.151.109:46864], old=null
2019-09-26 20:42:33,018 [fdc400fc-8611-4280-8e8a-1f06e9b47363@group-3615D881500F:LeaderElection25] INFO  impl.LeaderElection (LogUtils.java:infoOrTrace(149)) -   Exception 0: {}
java.util.concurrent.ExecutionException: org.apache.ratis.thirdparty.io.grpc.StatusRuntimeException: UNAVAILABLE: io exception
	at java.util.concurrent.FutureTask.report(FutureTask.java:122)
	at java.util.concurrent.FutureTask.get(FutureTask.java:192)
	at org.apache.ratis.server.impl.LeaderElection.waitForResults(LeaderElection.java:263)
	at org.apache.ratis.server.impl.LeaderElection.askForVotes(LeaderElection.java:201)
	at org.apache.ratis.server.impl.LeaderElection.run(LeaderElection.java:133)
	at java.lang.Thread.run(Thread.java:748)
Caused by: org.apache.ratis.thirdparty.io.grpc.StatusRuntimeException: UNAVAILABLE: io exception
	at org.apache.ratis.thirdparty.io.grpc.stub.ClientCalls.toStatusRuntimeException(ClientCalls.java:233)
	at org.apache.ratis.thirdparty.io.grpc.stub.ClientCalls.getUnchecked(ClientCalls.java:214)
	at org.apache.ratis.thirdparty.io.grpc.stub.ClientCalls.blockingUnaryCall(ClientCalls.java:139)
	at org.apache.ratis.proto.grpc.RaftServerProtocolServiceGrpc$RaftServerProtocolServiceBlockingStub.requestVote(RaftServerProtocolServiceGrpc.java:265)
	at org.apache.ratis.grpc.server.GrpcServerProtocolClient.requestVote(GrpcServerProtocolClient.java:90)
	at org.apache.ratis.grpc.server.GrpcService.requestVote(GrpcService.java:204)
	at org.apache.ratis.server.impl.LeaderElection.lambda$submitRequests$1(LeaderElection.java:238)
	at java.util.concurrent.FutureTask.run(FutureTask.java:266)
	at java.util.concurrent.Executors$RunnableAdapter.call(Executors.java:511)
	at java.util.concurrent.FutureTask.run(FutureTask.java:266)
	at java.util.concurrent.ThreadPoolExecutor.runWorker(ThreadPoolExecutor.java:1149)
	at java.util.concurrent.ThreadPoolExecutor$Worker.run(ThreadPoolExecutor.java:624)
	... 1 more
Caused by: org.apache.ratis.thirdparty.io.netty.channel.AbstractChannel$AnnotatedConnectException: Connection refused: /192.168.151.109:46864
	at sun.nio.ch.SocketChannelImpl.checkConnect(Native Method)
	at sun.nio.ch.SocketChannelImpl.finishConnect(SocketChannelImpl.java:717)
	at org.apache.ratis.thirdparty.io.netty.channel.socket.nio.NioSocketChannel.doFinishConnect(NioSocketChannel.java:327)
	at org.apache.ratis.thirdparty.io.netty.channel.nio.AbstractNioChannel$AbstractNioUnsafe.finishConnect(AbstractNioChannel.java:340)
	at org.apache.ratis.thirdparty.io.netty.channel.nio.NioEventLoop.processSelectedKey(NioEventLoop.java:632)
	at org.apache.ratis.thirdparty.io.netty.channel.nio.NioEventLoop.processSelectedKeysOptimized(NioEventLoop.java:579)
	at org.apache.ratis.thirdparty.io.netty.channel.nio.NioEventLoop.processSelectedKeys(NioEventLoop.java:496)
	at org.apache.ratis.thirdparty.io.netty.channel.nio.NioEventLoop.run(NioEventLoop.java:458)
	at org.apache.ratis.thirdparty.io.netty.util.concurrent.SingleThreadEventExecutor$5.run(SingleThreadEventExecutor.java:897)
	at org.apache.ratis.thirdparty.io.netty.util.concurrent.FastThreadLocalRunnable.run(FastThreadLocalRunnable.java:30)
	... 1 more
Caused by: java.net.ConnectException: Connection refused
	... 11 more
2019-09-26 20:42:33,019 [fdc400fc-8611-4280-8e8a-1f06e9b47363@group-3615D881500F:LeaderElection25] INFO  impl.LeaderElection (LogUtils.java:infoOrTrace(149)) -   Exception 1: {}
java.util.concurrent.ExecutionException: org.apache.ratis.thirdparty.io.grpc.StatusRuntimeException: UNAVAILABLE: io exception
	at java.util.concurrent.FutureTask.report(FutureTask.java:122)
	at java.util.concurrent.FutureTask.get(FutureTask.java:192)
	at org.apache.ratis.server.impl.LeaderElection.waitForResults(LeaderElection.java:263)
	at org.apache.ratis.server.impl.LeaderElection.askForVotes(LeaderElection.java:201)
	at org.apache.ratis.server.impl.LeaderElection.run(LeaderElection.java:133)
	at java.lang.Thread.run(Thread.java:748)
Caused by: org.apache.ratis.thirdparty.io.grpc.StatusRuntimeException: UNAVAILABLE: io exception
	at org.apache.ratis.thirdparty.io.grpc.stub.ClientCalls.toStatusRuntimeException(ClientCalls.java:233)
	at org.apache.ratis.thirdparty.io.grpc.stub.ClientCalls.getUnchecked(ClientCalls.java:214)
	at org.apache.ratis.thirdparty.io.grpc.stub.ClientCalls.blockingUnaryCall(ClientCalls.java:139)
	at org.apache.ratis.proto.grpc.RaftServerProtocolServiceGrpc$RaftServerProtocolServiceBlockingStub.requestVote(RaftServerProtocolServiceGrpc.java:265)
	at org.apache.ratis.grpc.server.GrpcServerProtocolClient.requestVote(GrpcServerProtocolClient.java:90)
	at org.apache.ratis.grpc.server.GrpcService.requestVote(GrpcService.java:204)
	at org.apache.ratis.server.impl.LeaderElection.lambda$submitRequests$1(LeaderElection.java:238)
	at java.util.concurrent.FutureTask.run(FutureTask.java:266)
	at java.util.concurrent.Executors$RunnableAdapter.call(Executors.java:511)
	at java.util.concurrent.FutureTask.run(FutureTask.java:266)
	at java.util.concurrent.ThreadPoolExecutor.runWorker(ThreadPoolExecutor.java:1149)
	at java.util.concurrent.ThreadPoolExecutor$Worker.run(ThreadPoolExecutor.java:624)
	... 1 more
Caused by: org.apache.ratis.thirdparty.io.netty.channel.AbstractChannel$AnnotatedConnectException: Connection refused: /192.168.151.109:44954
	at sun.nio.ch.SocketChannelImpl.checkConnect(Native Method)
	at sun.nio.ch.SocketChannelImpl.finishConnect(SocketChannelImpl.java:717)
	at org.apache.ratis.thirdparty.io.netty.channel.socket.nio.NioSocketChannel.doFinishConnect(NioSocketChannel.java:327)
	at org.apache.ratis.thirdparty.io.netty.channel.nio.AbstractNioChannel$AbstractNioUnsafe.finishConnect(AbstractNioChannel.java:340)
	at org.apache.ratis.thirdparty.io.netty.channel.nio.NioEventLoop.processSelectedKey(NioEventLoop.java:632)
	at org.apache.ratis.thirdparty.io.netty.channel.nio.NioEventLoop.processSelectedKeysOptimized(NioEventLoop.java:579)
	at org.apache.ratis.thirdparty.io.netty.channel.nio.NioEventLoop.processSelectedKeys(NioEventLoop.java:496)
	at org.apache.ratis.thirdparty.io.netty.channel.nio.NioEventLoop.run(NioEventLoop.java:458)
	at org.apache.ratis.thirdparty.io.netty.util.concurrent.SingleThreadEventExecutor$5.run(SingleThreadEventExecutor.java:897)
	at org.apache.ratis.thirdparty.io.netty.util.concurrent.FastThreadLocalRunnable.run(FastThreadLocalRunnable.java:30)
	... 1 more
Caused by: java.net.ConnectException: Connection refused
	... 11 more
2019-09-26 20:42:33,020 [fdc400fc-8611-4280-8e8a-1f06e9b47363@group-3615D881500F:LeaderElection25] INFO  impl.RaftServerImpl (RaftServerImpl.java:setRole(174)) - fdc400fc-8611-4280-8e8a-1f06e9b47363@group-3615D881500F: changes role from CANDIDATE to FOLLOWER at term 7 for DISCOVERED_A_NEW_TERM
2019-09-26 20:42:33,020 [fdc400fc-8611-4280-8e8a-1f06e9b47363@group-3615D881500F:LeaderElection25] INFO  impl.RoleInfo (RoleInfo.java:shutdownLeaderElection(134)) - fdc400fc-8611-4280-8e8a-1f06e9b47363: shutdown LeaderElection
2019-09-26 20:42:33,020 [fdc400fc-8611-4280-8e8a-1f06e9b47363@group-3615D881500F:LeaderElection25] INFO  impl.RoleInfo (RoleInfo.java:updateAndGet(143)) - fdc400fc-8611-4280-8e8a-1f06e9b47363: start FollowerState
2019-09-26 20:42:33,284 [grpc-default-executor-6] WARN  server.GrpcLogAppender (LogUtils.java:warn(134)) - fef668a8-0979-4ff0-832c-cf3fbad71c9a@group-BEF04E0E1E90->09a81ee9-6885-4381-b9d0-5021c7bf0916-AppendLogResponseHandler: Failed appendEntries: org.apache.ratis.thirdparty.io.grpc.StatusRuntimeException: UNAVAILABLE: io exception
2019-09-26 20:42:33,288 [grpc-default-executor-6] INFO  impl.FollowerInfo (FollowerInfo.java:lambda$new$0(51)) - fef668a8-0979-4ff0-832c-cf3fbad71c9a@group-BEF04E0E1E90->09a81ee9-6885-4381-b9d0-5021c7bf0916: nextIndex: updateUnconditionally 0 -> 0
2019-09-26 20:42:35,141 [main] INFO  ozoneimpl.OzoneContainer (OzoneContainer.java:stop(231)) - Attempting to stop container services.
2019-09-26 20:42:35,141 [ForkJoinPool.commonPool-worker-0] INFO  ozoneimpl.OzoneContainer (OzoneContainer.java:stop(231)) - Attempting to stop container services.
2019-09-26 20:42:35,143 [main] INFO  impl.RaftServerProxy (RaftServerProxy.java:lambda$close$4(314)) - fdc400fc-8611-4280-8e8a-1f06e9b47363: close
2019-09-26 20:42:35,143 [ForkJoinPool.commonPool-worker-0] INFO  impl.RaftServerProxy (RaftServerProxy.java:lambda$close$4(314)) - fb3b0dd3-710d-46f6-9c2e-2ee6c0a15375: close
2019-09-26 20:42:35,143 [main] INFO  impl.RaftServerImpl (RaftServerImpl.java:lambda$shutdown$3(251)) - fdc400fc-8611-4280-8e8a-1f06e9b47363@group-36D71DCEEE6C: shutdown
2019-09-26 20:42:35,143 [ForkJoinPool.commonPool-worker-0] INFO  impl.RaftServerImpl (RaftServerImpl.java:lambda$shutdown$3(251)) - fb3b0dd3-710d-46f6-9c2e-2ee6c0a15375@group-B3D8448A44AF: shutdown
2019-09-26 20:42:35,144 [main] INFO  util.JmxRegister (JmxRegister.java:unregister(73)) - Successfully un-registered JMX Bean with object name Ratis:service=RaftServer,group=group-36D71DCEEE6C,id=fdc400fc-8611-4280-8e8a-1f06e9b47363
2019-09-26 20:42:35,144 [ForkJoinPool.commonPool-worker-0] INFO  util.JmxRegister (JmxRegister.java:unregister(73)) - Successfully un-registered JMX Bean with object name Ratis:service=RaftServer,group=group-B3D8448A44AF,id=fb3b0dd3-710d-46f6-9c2e-2ee6c0a15375
2019-09-26 20:42:35,144 [main] INFO  impl.RoleInfo (RoleInfo.java:shutdownLeaderState(104)) - fdc400fc-8611-4280-8e8a-1f06e9b47363: shutdown LeaderState
2019-09-26 20:42:35,145 [ForkJoinPool.commonPool-worker-0] INFO  impl.RoleInfo (RoleInfo.java:shutdownLeaderState(104)) - fb3b0dd3-710d-46f6-9c2e-2ee6c0a15375: shutdown LeaderState
2019-09-26 20:42:35,145 [main] INFO  impl.PendingRequests (PendingRequests.java:sendNotLeaderResponses(202)) - fdc400fc-8611-4280-8e8a-1f06e9b47363-PendingRequests: sendNotLeaderResponses
2019-09-26 20:42:35,145 [ForkJoinPool.commonPool-worker-0] INFO  impl.PendingRequests (PendingRequests.java:sendNotLeaderResponses(202)) - fb3b0dd3-710d-46f6-9c2e-2ee6c0a15375-PendingRequests: sendNotLeaderResponses
2019-09-26 20:42:35,146 [main] INFO  impl.StateMachineUpdater (StateMachineUpdater.java:stopAndJoin(125)) - fdc400fc-8611-4280-8e8a-1f06e9b47363@group-36D71DCEEE6C-StateMachineUpdater: set stopIndex = 0
2019-09-26 20:42:35,147 [ForkJoinPool.commonPool-worker-0] INFO  impl.StateMachineUpdater (StateMachineUpdater.java:stopAndJoin(125)) - fb3b0dd3-710d-46f6-9c2e-2ee6c0a15375@group-B3D8448A44AF-StateMachineUpdater: set stopIndex = 0
2019-09-26 20:42:35,147 [main] INFO  impl.RaftServerImpl (ServerState.java:close(385)) - fdc400fc-8611-4280-8e8a-1f06e9b47363@group-36D71DCEEE6C: closes. applyIndex: 0
2019-09-26 20:42:35,147 [ForkJoinPool.commonPool-worker-0] INFO  impl.RaftServerImpl (ServerState.java:close(385)) - fb3b0dd3-710d-46f6-9c2e-2ee6c0a15375@group-B3D8448A44AF: closes. applyIndex: 0
2019-09-26 20:42:35,148 [fdc400fc-8611-4280-8e8a-1f06e9b47363@group-36D71DCEEE6C-SegmentedRaftLogWorker] INFO  segmented.SegmentedRaftLogWorker (SegmentedRaftLogWorker.java:run(313)) - fdc400fc-8611-4280-8e8a-1f06e9b47363@group-36D71DCEEE6C-SegmentedRaftLogWorker was interrupted, exiting. There are 0 tasks remaining in the queue.
2019-09-26 20:42:35,148 [fb3b0dd3-710d-46f6-9c2e-2ee6c0a15375@group-B3D8448A44AF-SegmentedRaftLogWorker] INFO  segmented.SegmentedRaftLogWorker (SegmentedRaftLogWorker.java:run(313)) - fb3b0dd3-710d-46f6-9c2e-2ee6c0a15375@group-B3D8448A44AF-SegmentedRaftLogWorker was interrupted, exiting. There are 0 tasks remaining in the queue.
2019-09-26 20:42:35,148 [main] INFO  segmented.SegmentedRaftLogWorker (SegmentedRaftLogWorker.java:close(228)) - fdc400fc-8611-4280-8e8a-1f06e9b47363@group-36D71DCEEE6C-SegmentedRaftLogWorker close()
2019-09-26 20:42:35,149 [ForkJoinPool.commonPool-worker-0] INFO  segmented.SegmentedRaftLogWorker (SegmentedRaftLogWorker.java:close(228)) - fb3b0dd3-710d-46f6-9c2e-2ee6c0a15375@group-B3D8448A44AF-SegmentedRaftLogWorker close()
2019-09-26 20:42:35,151 [main] INFO  impl.RaftServerImpl (RaftServerImpl.java:lambda$shutdown$3(251)) - fdc400fc-8611-4280-8e8a-1f06e9b47363@group-3615D881500F: shutdown
2019-09-26 20:42:35,153 [ForkJoinPool.commonPool-worker-0] INFO  server.GrpcService (GrpcService.java:closeImpl(164)) - fb3b0dd3-710d-46f6-9c2e-2ee6c0a15375: shutdown server with port 39680 now
2019-09-26 20:42:35,154 [main] INFO  util.JmxRegister (JmxRegister.java:unregister(73)) - Successfully un-registered JMX Bean with object name Ratis:service=RaftServer,group=group-3615D881500F,id=fdc400fc-8611-4280-8e8a-1f06e9b47363
2019-09-26 20:42:35,156 [main] INFO  impl.RoleInfo (RoleInfo.java:shutdownFollowerState(121)) - fdc400fc-8611-4280-8e8a-1f06e9b47363: shutdown FollowerState
2019-09-26 20:42:35,156 [ForkJoinPool.commonPool-worker-0] INFO  server.GrpcService (GrpcService.java:closeImpl(172)) - fb3b0dd3-710d-46f6-9c2e-2ee6c0a15375: shutdown server with port 39680 successfully
2019-09-26 20:42:35,156 [main] INFO  impl.StateMachineUpdater (StateMachineUpdater.java:stopAndJoin(125)) - fdc400fc-8611-4280-8e8a-1f06e9b47363@group-3615D881500F-StateMachineUpdater: set stopIndex = 0
2019-09-26 20:42:35,156 [Thread-755] INFO  impl.FollowerState (FollowerState.java:run(115)) - fdc400fc-8611-4280-8e8a-1f06e9b47363: FollowerState was interrupted: java.lang.InterruptedException: sleep interrupted
2019-09-26 20:42:35,157 [main] INFO  impl.RaftServerImpl (ServerState.java:close(385)) - fdc400fc-8611-4280-8e8a-1f06e9b47363@group-3615D881500F: closes. applyIndex: 0
2019-09-26 20:42:35,160 [fdc400fc-8611-4280-8e8a-1f06e9b47363@group-3615D881500F-SegmentedRaftLogWorker] INFO  segmented.SegmentedRaftLogWorker (SegmentedRaftLogWorker.java:run(313)) - fdc400fc-8611-4280-8e8a-1f06e9b47363@group-3615D881500F-SegmentedRaftLogWorker was interrupted, exiting. There are 0 tasks remaining in the queue.
2019-09-26 20:42:35,161 [main] INFO  segmented.SegmentedRaftLogWorker (SegmentedRaftLogWorker.java:close(228)) - fdc400fc-8611-4280-8e8a-1f06e9b47363@group-3615D881500F-SegmentedRaftLogWorker close()
2019-09-26 20:42:35,163 [main] INFO  server.GrpcService (GrpcService.java:closeImpl(164)) - fdc400fc-8611-4280-8e8a-1f06e9b47363: shutdown server with port 44130 now
2019-09-26 20:42:35,170 [refreshUsed-/workdir/hadoop-ozone/integration-test/target/test-dir/MiniOzoneClusterImpl-5456f64d-b184-4e59-8568-45c19435e1d5/datanode-0/data/containers] WARN  fs.CachingGetSpaceUsed (CachingGetSpaceUsed.java:run(183)) - Thread Interrupted waiting to refresh disk information: sleep interrupted
2019-09-26 20:42:35,170 [main] INFO  server.GrpcService (GrpcService.java:closeImpl(172)) - fdc400fc-8611-4280-8e8a-1f06e9b47363: shutdown server with port 44130 successfully
2019-09-26 20:42:35,173 [refreshUsed-/workdir/hadoop-ozone/integration-test/target/test-dir/MiniOzoneClusterImpl-5456f64d-b184-4e59-8568-45c19435e1d5/datanode-9/data/containers] WARN  fs.CachingGetSpaceUsed (CachingGetSpaceUsed.java:run(183)) - Thread Interrupted waiting to refresh disk information: sleep interrupted
2019-09-26 20:42:35,198 [main] INFO  utils.BackgroundService (BackgroundService.java:shutdown(148)) - Shutting down service BlockDeletingService
2019-09-26 20:42:35,198 [ForkJoinPool.commonPool-worker-0] INFO  utils.BackgroundService (BackgroundService.java:shutdown(148)) - Shutting down service BlockDeletingService
2019-09-26 20:42:35,205 [main] INFO  statemachine.DatanodeStateMachine (DatanodeStateMachine.java:stopDaemon(395)) - Ozone container server stopped.
2019-09-26 20:42:35,206 [ForkJoinPool.commonPool-worker-0] INFO  statemachine.DatanodeStateMachine (DatanodeStateMachine.java:stopDaemon(395)) - Ozone container server stopped.
2019-09-26 20:42:35,211 [main] INFO  handler.ContextHandler (ContextHandler.java:doStop(910)) - Stopped o.e.j.w.WebAppContext@1c297897{/,null,UNAVAILABLE}{/hddsDatanode}
2019-09-26 20:42:35,211 [ForkJoinPool.commonPool-worker-0] INFO  handler.ContextHandler (ContextHandler.java:doStop(910)) - Stopped o.e.j.w.WebAppContext@3292d91a{/,null,UNAVAILABLE}{/hddsDatanode}
2019-09-26 20:42:35,212 [ForkJoinPool.commonPool-worker-0] INFO  server.AbstractConnector (AbstractConnector.java:doStop(318)) - Stopped ServerConnector@5921b93c{HTTP/1.1,[http/1.1]}{0.0.0.0:0}
2019-09-26 20:42:35,212 [main] INFO  server.AbstractConnector (AbstractConnector.java:doStop(318)) - Stopped ServerConnector@33e0c716{HTTP/1.1,[http/1.1]}{0.0.0.0:0}
2019-09-26 20:42:35,214 [ForkJoinPool.commonPool-worker-0] INFO  handler.ContextHandler (ContextHandler.java:doStop(910)) - Stopped o.e.j.s.ServletContextHandler@611b35d6{/static,jar:file:/home/user/.m2/repository/org/apache/hadoop/hadoop-hdds-container-service/0.5.0-SNAPSHOT/hadoop-hdds-container-service-0.5.0-SNAPSHOT.jar!/webapps/static,UNAVAILABLE}
2019-09-26 20:42:35,214 [main] INFO  handler.ContextHandler (ContextHandler.java:doStop(910)) - Stopped o.e.j.s.ServletContextHandler@773c2214{/static,jar:file:/home/user/.m2/repository/org/apache/hadoop/hadoop-hdds-container-service/0.5.0-SNAPSHOT/hadoop-hdds-container-service-0.5.0-SNAPSHOT.jar!/webapps/static,UNAVAILABLE}
2019-09-26 20:42:35,215 [ForkJoinPool.commonPool-worker-0] INFO  handler.ContextHandler (ContextHandler.java:doStop(910)) - Stopped o.e.j.s.ServletContextHandler@66e21568{/logs,file:///workdir/hadoop-ozone/integration-test/target/log,UNAVAILABLE}
2019-09-26 20:42:35,215 [main] INFO  handler.ContextHandler (ContextHandler.java:doStop(910)) - Stopped o.e.j.s.ServletContextHandler@51cab489{/logs,file:///workdir/hadoop-ozone/integration-test/target/log,UNAVAILABLE}
2019-09-26 20:42:35,600 [Datanode State Machine Thread - 0] INFO  statemachine.DatanodeStateMachine (DatanodeStateMachine.java:lambda$startDaemon$0(350)) - Ozone container server started.
2019-09-26 20:42:35,783 [grpc-default-executor-3] WARN  server.GrpcLogAppender (LogUtils.java:warn(134)) - fef668a8-0979-4ff0-832c-cf3fbad71c9a@group-BEF04E0E1E90->09a81ee9-6885-4381-b9d0-5021c7bf0916-AppendLogResponseHandler: Failed appendEntries: org.apache.ratis.thirdparty.io.grpc.StatusRuntimeException: UNAVAILABLE: io exception
2019-09-26 20:42:35,785 [grpc-default-executor-3] INFO  impl.FollowerInfo (FollowerInfo.java:lambda$new$0(51)) - fef668a8-0979-4ff0-832c-cf3fbad71c9a@group-BEF04E0E1E90->09a81ee9-6885-4381-b9d0-5021c7bf0916: nextIndex: updateUnconditionally 0 -> 0
2019-09-26 20:42:36,003 [Datanode State Machine Thread - 0] INFO  statemachine.DatanodeStateMachine (DatanodeStateMachine.java:lambda$startDaemon$0(350)) - Ozone container server started.
2019-09-26 20:42:38,286 [grpc-default-executor-5] WARN  server.GrpcLogAppender (LogUtils.java:warn(134)) - fef668a8-0979-4ff0-832c-cf3fbad71c9a@group-BEF04E0E1E90->09a81ee9-6885-4381-b9d0-5021c7bf0916-AppendLogResponseHandler: Failed appendEntries: org.apache.ratis.thirdparty.io.grpc.StatusRuntimeException: UNAVAILABLE: io exception
2019-09-26 20:42:38,288 [grpc-default-executor-5] INFO  impl.FollowerInfo (FollowerInfo.java:lambda$new$0(51)) - fef668a8-0979-4ff0-832c-cf3fbad71c9a@group-BEF04E0E1E90->09a81ee9-6885-4381-b9d0-5021c7bf0916: nextIndex: updateUnconditionally 0 -> 0
2019-09-26 20:42:40,218 [ForkJoinPool.commonPool-worker-0] INFO  ozoneimpl.OzoneContainer (OzoneContainer.java:stop(231)) - Attempting to stop container services.
2019-09-26 20:42:40,218 [main] INFO  ozoneimpl.OzoneContainer (OzoneContainer.java:stop(231)) - Attempting to stop container services.
2019-09-26 20:42:40,218 [ForkJoinPool.commonPool-worker-0] INFO  impl.RaftServerProxy (RaftServerProxy.java:lambda$close$4(314)) - fef668a8-0979-4ff0-832c-cf3fbad71c9a: close
2019-09-26 20:42:40,219 [main] INFO  impl.RaftServerProxy (RaftServerProxy.java:lambda$close$4(314)) - da21f5f5-e8ec-4b24-90d9-bf0dee0f359b: close
2019-09-26 20:42:40,219 [ForkJoinPool.commonPool-worker-0] INFO  impl.RaftServerImpl (RaftServerImpl.java:lambda$shutdown$3(251)) - fef668a8-0979-4ff0-832c-cf3fbad71c9a@group-BEF04E0E1E90: shutdown
2019-09-26 20:42:40,219 [main] INFO  impl.RaftServerImpl (RaftServerImpl.java:lambda$shutdown$3(251)) - da21f5f5-e8ec-4b24-90d9-bf0dee0f359b@group-BEF04E0E1E90: shutdown
2019-09-26 20:42:40,219 [ForkJoinPool.commonPool-worker-0] INFO  util.JmxRegister (JmxRegister.java:unregister(73)) - Successfully un-registered JMX Bean with object name Ratis:service=RaftServer,group=group-BEF04E0E1E90,id=fef668a8-0979-4ff0-832c-cf3fbad71c9a
2019-09-26 20:42:40,220 [main] INFO  util.JmxRegister (JmxRegister.java:unregister(73)) - Successfully un-registered JMX Bean with object name Ratis:service=RaftServer,group=group-BEF04E0E1E90,id=da21f5f5-e8ec-4b24-90d9-bf0dee0f359b
2019-09-26 20:42:40,220 [main] INFO  impl.RoleInfo (RoleInfo.java:shutdownFollowerState(121)) - da21f5f5-e8ec-4b24-90d9-bf0dee0f359b: shutdown FollowerState
2019-09-26 20:42:40,220 [ForkJoinPool.commonPool-worker-0] INFO  impl.RoleInfo (RoleInfo.java:shutdownLeaderState(104)) - fef668a8-0979-4ff0-832c-cf3fbad71c9a: shutdown LeaderState
2019-09-26 20:42:40,221 [Thread-396] INFO  impl.FollowerState (FollowerState.java:run(115)) - da21f5f5-e8ec-4b24-90d9-bf0dee0f359b: FollowerState was interrupted: java.lang.InterruptedException: sleep interrupted
2019-09-26 20:42:40,224 [org.apache.ratis.server.impl.LogAppender$AppenderDaemon$$Lambda$417/1256844756@5f5b06bb] WARN  server.GrpcLogAppender (GrpcLogAppender.java:mayWait(143)) - fef668a8-0979-4ff0-832c-cf3fbad71c9a@group-BEF04E0E1E90->da21f5f5-e8ec-4b24-90d9-bf0dee0f359b-GrpcLogAppender: Wait interrupted by java.lang.InterruptedException
2019-09-26 20:42:40,221 [main] INFO  impl.StateMachineUpdater (StateMachineUpdater.java:stopAndJoin(125)) - da21f5f5-e8ec-4b24-90d9-bf0dee0f359b@group-BEF04E0E1E90-StateMachineUpdater: set stopIndex = 0
2019-09-26 20:42:40,225 [main] INFO  impl.RaftServerImpl (ServerState.java:close(385)) - da21f5f5-e8ec-4b24-90d9-bf0dee0f359b@group-BEF04E0E1E90: closes. applyIndex: 0
2019-09-26 20:42:40,224 [org.apache.ratis.server.impl.LogAppender$AppenderDaemon$$Lambda$417/1256844756@52f1a881] WARN  server.GrpcLogAppender (GrpcLogAppender.java:mayWait(143)) - fef668a8-0979-4ff0-832c-cf3fbad71c9a@group-BEF04E0E1E90->09a81ee9-6885-4381-b9d0-5021c7bf0916-GrpcLogAppender: Wait interrupted by java.lang.InterruptedException
2019-09-26 20:42:40,226 [da21f5f5-e8ec-4b24-90d9-bf0dee0f359b@group-BEF04E0E1E90-SegmentedRaftLogWorker] INFO  segmented.SegmentedRaftLogWorker (SegmentedRaftLogWorker.java:run(313)) - da21f5f5-e8ec-4b24-90d9-bf0dee0f359b@group-BEF04E0E1E90-SegmentedRaftLogWorker was interrupted, exiting. There are 0 tasks remaining in the queue.
2019-09-26 20:42:40,224 [ForkJoinPool.commonPool-worker-0] INFO  impl.PendingRequests (PendingRequests.java:sendNotLeaderResponses(202)) - fef668a8-0979-4ff0-832c-cf3fbad71c9a-PendingRequests: sendNotLeaderResponses
2019-09-26 20:42:40,226 [main] INFO  segmented.SegmentedRaftLogWorker (SegmentedRaftLogWorker.java:close(228)) - da21f5f5-e8ec-4b24-90d9-bf0dee0f359b@group-BEF04E0E1E90-SegmentedRaftLogWorker close()
2019-09-26 20:42:40,226 [grpc-default-executor-5] INFO  server.GrpcServerProtocolService (GrpcServerProtocolService.java:onCompleted(113)) - da21f5f5-e8ec-4b24-90d9-bf0dee0f359b: Completed APPEND_ENTRIES, lastRequest: fef668a8-0979-4ff0-832c-cf3fbad71c9a->da21f5f5-e8ec-4b24-90d9-bf0dee0f359b#52-t1, previous=(t:1, i:0), leaderCommit=0, initializing? false, entries: <empty>
2019-09-26 20:42:40,228 [main] INFO  impl.RaftServerImpl (RaftServerImpl.java:lambda$shutdown$3(251)) - da21f5f5-e8ec-4b24-90d9-bf0dee0f359b@group-E18A73516733: shutdown
2019-09-26 20:42:40,226 [ForkJoinPool.commonPool-worker-0] INFO  impl.StateMachineUpdater (StateMachineUpdater.java:stopAndJoin(125)) - fef668a8-0979-4ff0-832c-cf3fbad71c9a@group-BEF04E0E1E90-StateMachineUpdater: set stopIndex = 0
2019-09-26 20:42:40,229 [grpc-default-executor-5] INFO  server.GrpcLogAppender (GrpcLogAppender.java:onCompleted(293)) - fef668a8-0979-4ff0-832c-cf3fbad71c9a@group-BEF04E0E1E90->da21f5f5-e8ec-4b24-90d9-bf0dee0f359b-AppendLogResponseHandler: follower responses appendEntries COMPLETED
2019-09-26 20:42:40,229 [main] INFO  util.JmxRegister (JmxRegister.java:unregister(73)) - Successfully un-registered JMX Bean with object name Ratis:service=RaftServer,group=group-E18A73516733,id=da21f5f5-e8ec-4b24-90d9-bf0dee0f359b
2019-09-26 20:42:40,230 [grpc-default-executor-5] INFO  impl.FollowerInfo (FollowerInfo.java:lambda$new$0(51)) - fef668a8-0979-4ff0-832c-cf3fbad71c9a@group-BEF04E0E1E90->da21f5f5-e8ec-4b24-90d9-bf0dee0f359b: nextIndex: updateUnconditionally 1 -> 0
2019-09-26 20:42:40,229 [ForkJoinPool.commonPool-worker-0] INFO  impl.RaftServerImpl (ServerState.java:close(385)) - fef668a8-0979-4ff0-832c-cf3fbad71c9a@group-BEF04E0E1E90: closes. applyIndex: 0
2019-09-26 20:42:40,230 [main] INFO  impl.RoleInfo (RoleInfo.java:shutdownLeaderState(104)) - da21f5f5-e8ec-4b24-90d9-bf0dee0f359b: shutdown LeaderState
2019-09-26 20:42:40,231 [fef668a8-0979-4ff0-832c-cf3fbad71c9a@group-BEF04E0E1E90-SegmentedRaftLogWorker] INFO  segmented.SegmentedRaftLogWorker (SegmentedRaftLogWorker.java:run(313)) - fef668a8-0979-4ff0-832c-cf3fbad71c9a@group-BEF04E0E1E90-SegmentedRaftLogWorker was interrupted, exiting. There are 0 tasks remaining in the queue.
2019-09-26 20:42:40,231 [main] INFO  impl.PendingRequests (PendingRequests.java:sendNotLeaderResponses(202)) - da21f5f5-e8ec-4b24-90d9-bf0dee0f359b-PendingRequests: sendNotLeaderResponses
2019-09-26 20:42:40,231 [ForkJoinPool.commonPool-worker-0] INFO  segmented.SegmentedRaftLogWorker (SegmentedRaftLogWorker.java:close(228)) - fef668a8-0979-4ff0-832c-cf3fbad71c9a@group-BEF04E0E1E90-SegmentedRaftLogWorker close()
2019-09-26 20:42:40,232 [main] INFO  impl.StateMachineUpdater (StateMachineUpdater.java:stopAndJoin(125)) - da21f5f5-e8ec-4b24-90d9-bf0dee0f359b@group-E18A73516733-StateMachineUpdater: set stopIndex = 0
2019-09-26 20:42:40,233 [ForkJoinPool.commonPool-worker-0] INFO  impl.RaftServerImpl (RaftServerImpl.java:lambda$shutdown$3(251)) - fef668a8-0979-4ff0-832c-cf3fbad71c9a@group-DD2BABB85589: shutdown
2019-09-26 20:42:40,234 [main] INFO  impl.RaftServerImpl (ServerState.java:close(385)) - da21f5f5-e8ec-4b24-90d9-bf0dee0f359b@group-E18A73516733: closes. applyIndex: 0
2019-09-26 20:42:40,234 [ForkJoinPool.commonPool-worker-0] INFO  util.JmxRegister (JmxRegister.java:unregister(73)) - Successfully un-registered JMX Bean with object name Ratis:service=RaftServer,group=group-DD2BABB85589,id=fef668a8-0979-4ff0-832c-cf3fbad71c9a
2019-09-26 20:42:40,235 [da21f5f5-e8ec-4b24-90d9-bf0dee0f359b@group-E18A73516733-SegmentedRaftLogWorker] INFO  segmented.SegmentedRaftLogWorker (SegmentedRaftLogWorker.java:run(313)) - da21f5f5-e8ec-4b24-90d9-bf0dee0f359b@group-E18A73516733-SegmentedRaftLogWorker was interrupted, exiting. There are 0 tasks remaining in the queue.
2019-09-26 20:42:40,235 [ForkJoinPool.commonPool-worker-0] INFO  impl.RoleInfo (RoleInfo.java:shutdownLeaderState(104)) - fef668a8-0979-4ff0-832c-cf3fbad71c9a: shutdown LeaderState
2019-09-26 20:42:40,235 [main] INFO  segmented.SegmentedRaftLogWorker (SegmentedRaftLogWorker.java:close(228)) - da21f5f5-e8ec-4b24-90d9-bf0dee0f359b@group-E18A73516733-SegmentedRaftLogWorker close()
2019-09-26 20:42:40,235 [ForkJoinPool.commonPool-worker-0] INFO  impl.PendingRequests (PendingRequests.java:sendNotLeaderResponses(202)) - fef668a8-0979-4ff0-832c-cf3fbad71c9a-PendingRequests: sendNotLeaderResponses
2019-09-26 20:42:40,237 [main] INFO  server.GrpcService (GrpcService.java:closeImpl(164)) - da21f5f5-e8ec-4b24-90d9-bf0dee0f359b: shutdown server with port 38243 now
2019-09-26 20:42:40,237 [ForkJoinPool.commonPool-worker-0] INFO  impl.StateMachineUpdater (StateMachineUpdater.java:stopAndJoin(125)) - fef668a8-0979-4ff0-832c-cf3fbad71c9a@group-DD2BABB85589-StateMachineUpdater: set stopIndex = 0
2019-09-26 20:42:40,239 [main] INFO  server.GrpcService (GrpcService.java:closeImpl(172)) - da21f5f5-e8ec-4b24-90d9-bf0dee0f359b: shutdown server with port 38243 successfully
2019-09-26 20:42:40,239 [ForkJoinPool.commonPool-worker-0] INFO  impl.RaftServerImpl (ServerState.java:close(385)) - fef668a8-0979-4ff0-832c-cf3fbad71c9a@group-DD2BABB85589: closes. applyIndex: 0
2019-09-26 20:42:40,239 [fef668a8-0979-4ff0-832c-cf3fbad71c9a@group-DD2BABB85589-SegmentedRaftLogWorker] INFO  segmented.SegmentedRaftLogWorker (SegmentedRaftLogWorker.java:run(313)) - fef668a8-0979-4ff0-832c-cf3fbad71c9a@group-DD2BABB85589-SegmentedRaftLogWorker was interrupted, exiting. There are 0 tasks remaining in the queue.
2019-09-26 20:42:40,240 [ForkJoinPool.commonPool-worker-0] INFO  segmented.SegmentedRaftLogWorker (SegmentedRaftLogWorker.java:close(228)) - fef668a8-0979-4ff0-832c-cf3fbad71c9a@group-DD2BABB85589-SegmentedRaftLogWorker close()
2019-09-26 20:42:40,241 [ForkJoinPool.commonPool-worker-0] INFO  server.GrpcService (GrpcService.java:closeImpl(164)) - fef668a8-0979-4ff0-832c-cf3fbad71c9a: shutdown server with port 43291 now
2019-09-26 20:42:40,242 [refreshUsed-/workdir/hadoop-ozone/integration-test/target/test-dir/MiniOzoneClusterImpl-5456f64d-b184-4e59-8568-45c19435e1d5/datanode-7/data/containers] WARN  fs.CachingGetSpaceUsed (CachingGetSpaceUsed.java:run(183)) - Thread Interrupted waiting to refresh disk information: sleep interrupted
2019-09-26 20:42:40,242 [ForkJoinPool.commonPool-worker-0] INFO  server.GrpcService (GrpcService.java:closeImpl(172)) - fef668a8-0979-4ff0-832c-cf3fbad71c9a: shutdown server with port 43291 successfully
2019-09-26 20:42:40,473 [refreshUsed-/workdir/hadoop-ozone/integration-test/target/test-dir/MiniOzoneClusterImpl-5456f64d-b184-4e59-8568-45c19435e1d5/datanode-1/data/containers] WARN  fs.CachingGetSpaceUsed (CachingGetSpaceUsed.java:run(183)) - Thread Interrupted waiting to refresh disk information: sleep interrupted
2019-09-26 20:42:40,480 [main] INFO  utils.BackgroundService (BackgroundService.java:shutdown(148)) - Shutting down service BlockDeletingService
2019-09-26 20:42:40,484 [main] INFO  statemachine.DatanodeStateMachine (DatanodeStateMachine.java:stopDaemon(395)) - Ozone container server stopped.
2019-09-26 20:42:40,485 [main] INFO  handler.ContextHandler (ContextHandler.java:doStop(910)) - Stopped o.e.j.w.WebAppContext@7c46c9c3{/,null,UNAVAILABLE}{/hddsDatanode}
2019-09-26 20:42:40,485 [main] INFO  server.AbstractConnector (AbstractConnector.java:doStop(318)) - Stopped ServerConnector@7197b07f{HTTP/1.1,[http/1.1]}{0.0.0.0:0}
2019-09-26 20:42:40,485 [main] INFO  handler.ContextHandler (ContextHandler.java:doStop(910)) - Stopped o.e.j.s.ServletContextHandler@59096b66{/static,jar:file:/home/user/.m2/repository/org/apache/hadoop/hadoop-hdds-container-service/0.5.0-SNAPSHOT/hadoop-hdds-container-service-0.5.0-SNAPSHOT.jar!/webapps/static,UNAVAILABLE}
2019-09-26 20:42:40,486 [main] INFO  handler.ContextHandler (ContextHandler.java:doStop(910)) - Stopped o.e.j.s.ServletContextHandler@608cd501{/logs,file:///workdir/hadoop-ozone/integration-test/target/log,UNAVAILABLE}
2019-09-26 20:42:40,493 [ForkJoinPool.commonPool-worker-0] INFO  utils.BackgroundService (BackgroundService.java:shutdown(148)) - Shutting down service BlockDeletingService
2019-09-26 20:42:40,496 [ForkJoinPool.commonPool-worker-0] INFO  statemachine.DatanodeStateMachine (DatanodeStateMachine.java:stopDaemon(395)) - Ozone container server stopped.
2019-09-26 20:42:40,499 [ForkJoinPool.commonPool-worker-0] INFO  handler.ContextHandler (ContextHandler.java:doStop(910)) - Stopped o.e.j.w.WebAppContext@a85644c{/,null,UNAVAILABLE}{/hddsDatanode}
2019-09-26 20:42:40,500 [ForkJoinPool.commonPool-worker-0] INFO  server.AbstractConnector (AbstractConnector.java:doStop(318)) - Stopped ServerConnector@8054fe2{HTTP/1.1,[http/1.1]}{0.0.0.0:0}
2019-09-26 20:42:40,501 [ForkJoinPool.commonPool-worker-0] INFO  handler.ContextHandler (ContextHandler.java:doStop(910)) - Stopped o.e.j.s.ServletContextHandler@3b481bf5{/static,jar:file:/home/user/.m2/repository/org/apache/hadoop/hadoop-hdds-container-service/0.5.0-SNAPSHOT/hadoop-hdds-container-service-0.5.0-SNAPSHOT.jar!/webapps/static,UNAVAILABLE}
2019-09-26 20:42:40,502 [ForkJoinPool.commonPool-worker-0] INFO  handler.ContextHandler (ContextHandler.java:doStop(910)) - Stopped o.e.j.s.ServletContextHandler@459003a0{/logs,file:///workdir/hadoop-ozone/integration-test/target/log,UNAVAILABLE}
2019-09-26 20:42:40,502 [main] INFO  ozone.MiniOzoneClusterImpl (MiniOzoneClusterImpl.java:stopSCM(392)) - Stopping the StorageContainerManager
2019-09-26 20:42:40,503 [main] INFO  server.StorageContainerManager (StorageContainerManager.java:stop(808)) - Stopping Replication Manager Service.
2019-09-26 20:42:40,503 [main] INFO  container.ReplicationManager (ReplicationManager.java:stop(203)) - Stopping Replication Monitor Thread.
2019-09-26 20:42:40,503 [main] INFO  server.StorageContainerManager (StorageContainerManager.java:stop(815)) - Stopping Lease Manager of the command watchers
2019-09-26 20:42:40,503 [main] INFO  server.StorageContainerManager (StorageContainerManager.java:stop(822)) - Stopping datanode service RPC server
2019-09-26 20:42:40,503 [main] INFO  server.SCMDatanodeProtocolServer (SCMDatanodeProtocolServer.java:stop(367)) - Stopping the RPC server for DataNodes
2019-09-26 20:42:40,503 [main] INFO  ipc.Server (Server.java:stop(3082)) - Stopping server on 43199
2019-09-26 20:42:40,505 [IPC Server listener on 43199] INFO  ipc.Server (Server.java:run(1185)) - Stopping IPC Server listener on 43199
2019-09-26 20:42:40,506 [IPC Server Responder] INFO  ipc.Server (Server.java:run(1319)) - Stopping IPC Server Responder
2019-09-26 20:42:40,563 [SCM Heartbeat Processing Thread - 0] WARN  node.NodeStateManager (NodeStateManager.java:scheduleNextHealthCheck(646)) - Current Thread is interrupted, shutting down HB processing thread for Node Manager.
2019-09-26 20:42:40,564 [main] INFO  server.StorageContainerManager (StorageContainerManager.java:stop(830)) - Stopping block service RPC server
2019-09-26 20:42:40,564 [main] INFO  server.SCMBlockProtocolServer (SCMBlockProtocolServer.java:stop(155)) - Stopping the RPC server for Block Protocol
2019-09-26 20:42:40,564 [main] INFO  ipc.Server (Server.java:stop(3082)) - Stopping server on 36241
2019-09-26 20:42:40,567 [IPC Server listener on 36241] INFO  ipc.Server (Server.java:run(1185)) - Stopping IPC Server listener on 36241
2019-09-26 20:42:40,567 [main] INFO  server.StorageContainerManager (StorageContainerManager.java:stop(837)) - Stopping the StorageContainerLocationProtocol RPC server
2019-09-26 20:42:40,567 [IPC Server Responder] INFO  ipc.Server (Server.java:run(1319)) - Stopping IPC Server Responder
2019-09-26 20:42:40,568 [main] INFO  server.SCMClientProtocolServer (SCMClientProtocolServer.java:stop(159)) - Stopping the RPC server for Client Protocol
2019-09-26 20:42:40,568 [main] INFO  ipc.Server (Server.java:stop(3082)) - Stopping server on 40123
2019-09-26 20:42:40,570 [IPC Server listener on 40123] INFO  ipc.Server (Server.java:run(1185)) - Stopping IPC Server listener on 40123
2019-09-26 20:42:40,570 [main] INFO  server.StorageContainerManager (StorageContainerManager.java:stop(844)) - Stopping Storage Container Manager HTTP server.
2019-09-26 20:42:40,570 [IPC Server Responder] INFO  ipc.Server (Server.java:run(1319)) - Stopping IPC Server Responder
2019-09-26 20:42:40,571 [main] INFO  handler.ContextHandler (ContextHandler.java:doStop(910)) - Stopped o.e.j.w.WebAppContext@6812fa3a{/,null,UNAVAILABLE}{/scm}
2019-09-26 20:42:40,572 [main] INFO  server.AbstractConnector (AbstractConnector.java:doStop(318)) - Stopped ServerConnector@29149030{HTTP/1.1,[http/1.1]}{0.0.0.0:0}
2019-09-26 20:42:40,572 [main] INFO  handler.ContextHandler (ContextHandler.java:doStop(910)) - Stopped o.e.j.s.ServletContextHandler@4dba773d{/static,file:///workdir/hadoop-ozone/integration-test/target/test-classes/webapps/static,UNAVAILABLE}
2019-09-26 20:42:40,572 [main] INFO  handler.ContextHandler (ContextHandler.java:doStop(910)) - Stopped o.e.j.s.ServletContextHandler@a5272be{/logs,file:///workdir/hadoop-ozone/integration-test/target/log,UNAVAILABLE}
2019-09-26 20:42:40,573 [main] INFO  server.StorageContainerManager (StorageContainerManager.java:stop(855)) - Stopping Block Manager Service.
2019-09-26 20:42:40,573 [main] INFO  utils.BackgroundService (BackgroundService.java:shutdown(148)) - Shutting down service SCMBlockDeletingService
2019-09-26 20:42:40,574 [main] INFO  utils.BackgroundService (BackgroundService.java:shutdown(148)) - Shutting down service SCMBlockDeletingService
2019-09-26 20:42:40,574 [main] INFO  server.StorageContainerManager (StorageContainerManager.java:stop(877)) - Stopping SCM Event Queue.
2019-09-26 20:42:40,584 [main] INFO  impl.MetricsSystemImpl (MetricsSystemImpl.java:stop(210)) - Stopping ratis metrics system...
2019-09-26 20:42:40,597 [prometheus] INFO  impl.MetricsSinkAdapter (MetricsSinkAdapter.java:publishMetricsFromQueue(141)) - prometheus thread interrupted.
2019-09-26 20:42:40,598 [main] INFO  impl.MetricsSystemImpl (MetricsSystemImpl.java:stop(216)) - ratis metrics system stopped.
2019-09-26 20:42:40,642 [Thread[Thread-12,5,main]] ERROR delegation.AbstractDelegationTokenSecretManager (AbstractDelegationTokenSecretManager.java:run(696)) - ExpiredTokenRemover received java.lang.InterruptedException: sleep interrupted
2019-09-26 20:42:40,643 [main] INFO  server.KMSWebApp (KMSWebApp.java:contextDestroyed(191)) - KMS Stopped
2019-09-26 20:42:40,644 [main] INFO  handler.ContextHandler (ContextHandler.java:doStop(910)) - Stopped o.e.j.w.WebAppContext@245a060f{/,null,UNAVAILABLE}{/kms}
2019-09-26 20:42:40,644 [main] INFO  server.AbstractConnector (AbstractConnector.java:doStop(318)) - Stopped ServerConnector@a50ae65{HTTP/1.1,[http/1.1]}{localhost:0}
2019-09-26 20:42:40,644 [main] INFO  handler.ContextHandler (ContextHandler.java:doStop(910)) - Stopped o.e.j.s.ServletContextHandler@6f36c2f0{/static,jar:file:/home/user/.m2/repository/org/apache/hadoop/hadoop-kms/3.2.0/hadoop-kms-3.2.0.jar!/webapps/static,UNAVAILABLE}
2019-09-26 20:42:40,645 [main] INFO  handler.ContextHandler (ContextHandler.java:doStop(910)) - Stopped o.e.j.s.ServletContextHandler@49c90a9c{/logs,file:///workdir/hadoop-ozone/integration-test/target/log,UNAVAILABLE}
]]></system-out>
    <system-err><![CDATA[ERROR StatusLogger No Log4j 2 configuration file found. Using default configuration (logging only errors to the console), or user programmatically provided configurations. Set system property 'log4j2.debug' to show Log4j 2 internal initialization logging. See https://logging.apache.org/log4j/2.x/manual/configuration.html for instructions on how to configure Log4j 2
Sep 26, 2019 8:40:12 PM com.sun.jersey.api.core.PackagesResourceConfig init
INFO: Scanning for root resource and provider classes in the packages:
  org.apache.hadoop.crypto.key.kms.server
Sep 26, 2019 8:40:12 PM com.sun.jersey.api.core.ScanningResourceConfig logClasses
INFO: Root resource classes found:
  class org.apache.hadoop.crypto.key.kms.server.KMS
Sep 26, 2019 8:40:12 PM com.sun.jersey.api.core.ScanningResourceConfig logClasses
INFO: Provider classes found:
  class org.apache.hadoop.crypto.key.kms.server.KMSJSONReader
  class org.apache.hadoop.crypto.key.kms.server.KMSJSONWriter
  class org.apache.hadoop.crypto.key.kms.server.KMSExceptionsProvider
Sep 26, 2019 8:40:12 PM com.sun.jersey.server.impl.application.WebApplicationImpl _initiate
INFO: Initiating Jersey application, version 'Jersey: 1.19 02/11/2015 03:25 AM'
Sep 26, 2019 8:42:19 PM org.apache.ratis.thirdparty.io.grpc.internal.SerializingExecutor run
SEVERE: Exception while executing runnable org.apache.ratis.thirdparty.io.grpc.internal.ServerImpl$JumpToApplicationThreadServerStreamListener$1Closed@33579467
org.apache.ratis.thirdparty.io.grpc.StatusRuntimeException: CANCELLED: call already cancelled
	at org.apache.ratis.thirdparty.io.grpc.Status.asRuntimeException(Status.java:517)
	at org.apache.ratis.thirdparty.io.grpc.stub.ServerCalls$ServerCallStreamObserverImpl.onCompleted(ServerCalls.java:356)
	at org.apache.ratis.grpc.server.GrpcServerProtocolService$ServerRequestStreamObserver.onError(GrpcServerProtocolService.java:121)
	at org.apache.ratis.thirdparty.io.grpc.stub.ServerCalls$StreamingServerCallHandler$StreamingServerCallListener.onCancel(ServerCalls.java:269)
	at org.apache.ratis.thirdparty.io.grpc.internal.ServerCallImpl$ServerStreamListenerImpl.closed(ServerCallImpl.java:293)
	at org.apache.ratis.thirdparty.io.grpc.internal.ServerImpl$JumpToApplicationThreadServerStreamListener$1Closed.runInContext(ServerImpl.java:741)
	at org.apache.ratis.thirdparty.io.grpc.internal.ContextRunnable.run(ContextRunnable.java:37)
	at org.apache.ratis.thirdparty.io.grpc.internal.SerializingExecutor.run(SerializingExecutor.java:123)
	at java.util.concurrent.ThreadPoolExecutor.runWorker(ThreadPoolExecutor.java:1149)
	at java.util.concurrent.ThreadPoolExecutor$Worker.run(ThreadPoolExecutor.java:624)
	at java.lang.Thread.run(Thread.java:748)

Sep 26, 2019 8:42:19 PM org.apache.ratis.thirdparty.io.grpc.internal.SerializingExecutor run
SEVERE: Exception while executing runnable org.apache.ratis.thirdparty.io.grpc.internal.ServerImpl$JumpToApplicationThreadServerStreamListener$1Closed@6df94281
org.apache.ratis.thirdparty.io.grpc.StatusRuntimeException: CANCELLED: call already cancelled
	at org.apache.ratis.thirdparty.io.grpc.Status.asRuntimeException(Status.java:517)
	at org.apache.ratis.thirdparty.io.grpc.stub.ServerCalls$ServerCallStreamObserverImpl.onCompleted(ServerCalls.java:356)
	at org.apache.ratis.grpc.server.GrpcServerProtocolService$ServerRequestStreamObserver.onError(GrpcServerProtocolService.java:121)
	at org.apache.ratis.thirdparty.io.grpc.stub.ServerCalls$StreamingServerCallHandler$StreamingServerCallListener.onCancel(ServerCalls.java:269)
	at org.apache.ratis.thirdparty.io.grpc.internal.ServerCallImpl$ServerStreamListenerImpl.closed(ServerCallImpl.java:293)
	at org.apache.ratis.thirdparty.io.grpc.internal.ServerImpl$JumpToApplicationThreadServerStreamListener$1Closed.runInContext(ServerImpl.java:741)
	at org.apache.ratis.thirdparty.io.grpc.internal.ContextRunnable.run(ContextRunnable.java:37)
	at org.apache.ratis.thirdparty.io.grpc.internal.SerializingExecutor.run(SerializingExecutor.java:123)
	at java.util.concurrent.ThreadPoolExecutor.runWorker(ThreadPoolExecutor.java:1149)
	at java.util.concurrent.ThreadPoolExecutor$Worker.run(ThreadPoolExecutor.java:624)
	at java.lang.Thread.run(Thread.java:748)

Sep 26, 2019 8:42:24 PM org.apache.ratis.thirdparty.io.grpc.internal.SerializingExecutor run
SEVERE: Exception while executing runnable org.apache.ratis.thirdparty.io.grpc.internal.ServerImpl$JumpToApplicationThreadServerStreamListener$1Closed@7480204e
org.apache.ratis.thirdparty.io.grpc.StatusRuntimeException: CANCELLED: call already cancelled
	at org.apache.ratis.thirdparty.io.grpc.Status.asRuntimeException(Status.java:517)
	at org.apache.ratis.thirdparty.io.grpc.stub.ServerCalls$ServerCallStreamObserverImpl.onCompleted(ServerCalls.java:356)
	at org.apache.ratis.grpc.server.GrpcServerProtocolService$ServerRequestStreamObserver.onError(GrpcServerProtocolService.java:121)
	at org.apache.ratis.thirdparty.io.grpc.stub.ServerCalls$StreamingServerCallHandler$StreamingServerCallListener.onCancel(ServerCalls.java:269)
	at org.apache.ratis.thirdparty.io.grpc.internal.ServerCallImpl$ServerStreamListenerImpl.closed(ServerCallImpl.java:293)
	at org.apache.ratis.thirdparty.io.grpc.internal.ServerImpl$JumpToApplicationThreadServerStreamListener$1Closed.runInContext(ServerImpl.java:741)
	at org.apache.ratis.thirdparty.io.grpc.internal.ContextRunnable.run(ContextRunnable.java:37)
	at org.apache.ratis.thirdparty.io.grpc.internal.SerializingExecutor.run(SerializingExecutor.java:123)
	at java.util.concurrent.ThreadPoolExecutor.runWorker(ThreadPoolExecutor.java:1149)
	at java.util.concurrent.ThreadPoolExecutor$Worker.run(ThreadPoolExecutor.java:624)
	at java.lang.Thread.run(Thread.java:748)

Sep 26, 2019 8:42:30 PM org.apache.ratis.thirdparty.io.grpc.internal.SerializingExecutor run
SEVERE: Exception while executing runnable org.apache.ratis.thirdparty.io.grpc.internal.ServerImpl$JumpToApplicationThreadServerStreamListener$1Closed@3b0c65c7
org.apache.ratis.thirdparty.io.grpc.StatusRuntimeException: CANCELLED: call already cancelled
	at org.apache.ratis.thirdparty.io.grpc.Status.asRuntimeException(Status.java:517)
	at org.apache.ratis.thirdparty.io.grpc.stub.ServerCalls$ServerCallStreamObserverImpl.onCompleted(ServerCalls.java:356)
	at org.apache.ratis.grpc.server.GrpcServerProtocolService$ServerRequestStreamObserver.onError(GrpcServerProtocolService.java:121)
	at org.apache.ratis.thirdparty.io.grpc.stub.ServerCalls$StreamingServerCallHandler$StreamingServerCallListener.onCancel(ServerCalls.java:269)
	at org.apache.ratis.thirdparty.io.grpc.internal.ServerCallImpl$ServerStreamListenerImpl.closed(ServerCallImpl.java:293)
	at org.apache.ratis.thirdparty.io.grpc.internal.ServerImpl$JumpToApplicationThreadServerStreamListener$1Closed.runInContext(ServerImpl.java:741)
	at org.apache.ratis.thirdparty.io.grpc.internal.ContextRunnable.run(ContextRunnable.java:37)
	at org.apache.ratis.thirdparty.io.grpc.internal.SerializingExecutor.run(SerializingExecutor.java:123)
	at java.util.concurrent.ThreadPoolExecutor.runWorker(ThreadPoolExecutor.java:1149)
	at java.util.concurrent.ThreadPoolExecutor$Worker.run(ThreadPoolExecutor.java:624)
	at java.lang.Thread.run(Thread.java:748)

]]></system-err>
  </testcase>
</testsuite>