<?xml version="1.0" encoding="UTF-8"?>
<testsuite xmlns:xsi="http://www.w3.org/2001/XMLSchema-instance" xsi:noNamespaceSchemaLocation="https://maven.apache.org/surefire/maven-surefire-plugin/xsd/surefire-test-report.xsd" name="org.apache.hadoop.ozone.ozShell.TestS3Shell" time="125.431" tests="1" errors="1" skipped="0" failures="0">
  <properties>
    <property name="awt.toolkit" value="sun.awt.X11.XToolkit"/>
    <property name="file.encoding.pkg" value="sun.io"/>
    <property name="java.specification.version" value="1.8"/>
    <property name="sun.cpu.isalist" value=""/>
    <property name="sun.jnu.encoding" value="UTF-8"/>
    <property name="java.class.path" value="/workdir/hadoop-ozone/integration-test/target/test-classes:/workdir/hadoop-ozone/integration-test/target/classes:/home/user/.m2/repository/org/apache/hadoop/hadoop-ozone-common/0.5.0-SNAPSHOT/hadoop-ozone-common-0.5.0-SNAPSHOT.jar:/home/user/.m2/repository/org/apache/commons/commons-compress/1.4.1/commons-compress-1.4.1.jar:/home/user/.m2/repository/org/tukaani/xz/1.0/xz-1.0.jar:/home/user/.m2/repository/org/apache/hadoop/hadoop-common/3.2.0/hadoop-common-3.2.0.jar:/home/user/.m2/repository/org/apache/hadoop/hadoop-hdfs/3.2.0/hadoop-hdfs-3.2.0.jar:/home/user/.m2/repository/org/apache/hadoop/hadoop-hdfs-client/3.2.0/hadoop-hdfs-client-3.2.0.jar:/home/user/.m2/repository/com/fasterxml/jackson/core/jackson-annotations/2.9.9/jackson-annotations-2.9.9.jar:/home/user/.m2/repository/org/apache/hadoop/hadoop-hdds-common/0.5.0-SNAPSHOT/hadoop-hdds-common-0.5.0-SNAPSHOT.jar:/home/user/.m2/repository/javax/annotation/javax.annotation-api/1.2/javax.annotation-api-1.2.jar:/home/user/.m2/repository/org/apache/ratis/ratis-server/0.4.0/ratis-server-0.4.0.jar:/home/user/.m2/repository/org/apache/ratis/ratis-thirdparty-misc/0.2.0/ratis-thirdparty-misc-0.2.0.jar:/home/user/.m2/repository/org/apache/ratis/ratis-proto/0.4.0/ratis-proto-0.4.0.jar:/home/user/.m2/repository/org/apache/ratis/ratis-common/0.4.0/ratis-common-0.4.0.jar:/home/user/.m2/repository/org/apache/ratis/ratis-client/0.4.0/ratis-client-0.4.0.jar:/home/user/.m2/repository/org/apache/ratis/ratis-metrics/0.4.0/ratis-metrics-0.4.0.jar:/home/user/.m2/repository/com/github/joshelser/dropwizard-metrics-hadoop-metrics2-reporter/0.1.2/dropwizard-metrics-hadoop-metrics2-reporter-0.1.2.jar:/home/user/.m2/repository/io/dropwizard/metrics/metrics-jvm/3.2.5/metrics-jvm-3.2.5.jar:/home/user/.m2/repository/io/dropwizard/metrics/metrics-ganglia/3.2.5/metrics-ganglia-3.2.5.jar:/home/user/.m2/repository/info/ganglia/gmetric4j/gmetric4j/1.0.7/gmetric4j-1.0.7.jar:/home/user/.m2/repository/org/apache/ratis/ratis-netty/0.4.0/ratis-netty-0.4.0.jar:/home/user/.m2/repository/org/apache/ratis/ratis-grpc/0.4.0/ratis-grpc-0.4.0.jar:/home/user/.m2/repository/org/rocksdb/rocksdbjni/6.0.1/rocksdbjni-6.0.1.jar:/home/user/.m2/repository/org/apache/logging/log4j/log4j-api/2.11.0/log4j-api-2.11.0.jar:/home/user/.m2/repository/org/apache/logging/log4j/log4j-core/2.11.0/log4j-core-2.11.0.jar:/home/user/.m2/repository/com/lmax/disruptor/3.4.2/disruptor-3.4.2.jar:/home/user/.m2/repository/org/apache/commons/commons-pool2/2.6.0/commons-pool2-2.6.0.jar:/home/user/.m2/repository/org/bouncycastle/bcpkix-jdk15on/1.60/bcpkix-jdk15on-1.60.jar:/home/user/.m2/repository/commons-validator/commons-validator/1.6/commons-validator-1.6.jar:/home/user/.m2/repository/commons-digester/commons-digester/1.8.1/commons-digester-1.8.1.jar:/home/user/.m2/repository/io/jaegertracing/jaeger-client/0.34.0/jaeger-client-0.34.0.jar:/home/user/.m2/repository/io/jaegertracing/jaeger-thrift/0.34.0/jaeger-thrift-0.34.0.jar:/home/user/.m2/repository/org/apache/thrift/libthrift/0.12.0/libthrift-0.12.0.jar:/home/user/.m2/repository/com/squareup/okhttp3/okhttp/3.9.0/okhttp-3.9.0.jar:/home/user/.m2/repository/com/squareup/okio/okio/1.13.0/okio-1.13.0.jar:/home/user/.m2/repository/io/jaegertracing/jaeger-core/0.34.0/jaeger-core-0.34.0.jar:/home/user/.m2/repository/io/jaegertracing/jaeger-tracerresolver/0.34.0/jaeger-tracerresolver-0.34.0.jar:/home/user/.m2/repository/io/opentracing/contrib/opentracing-tracerresolver/0.1.5/opentracing-tracerresolver-0.1.5.jar:/home/user/.m2/repository/io/opentracing/opentracing-util/0.31.0/opentracing-util-0.31.0.jar:/home/user/.m2/repository/io/opentracing/opentracing-api/0.31.0/opentracing-api-0.31.0.jar:/home/user/.m2/repository/io/opentracing/opentracing-noop/0.31.0/opentracing-noop-0.31.0.jar:/home/user/.m2/repository/org/apache/hadoop/hadoop-hdds-server-framework/0.5.0-SNAPSHOT/hadoop-hdds-server-framework-0.5.0-SNAPSHOT.jar:/home/user/.m2/repository/org/apache/hadoop/hadoop-hdds-container-service/0.5.0-SNAPSHOT/hadoop-hdds-container-service-0.5.0-SNAPSHOT.jar:/home/user/.m2/repository/org/apache/hadoop/hadoop-hdds-client/0.5.0-SNAPSHOT/hadoop-hdds-client-0.5.0-SNAPSHOT.jar:/home/user/.m2/repository/org/apache/hadoop/hadoop-hdds-tools/0.5.0-SNAPSHOT/hadoop-hdds-tools-0.5.0-SNAPSHOT.jar:/home/user/.m2/repository/org/apache/hadoop/hadoop-hdds-server-scm/0.5.0-SNAPSHOT/hadoop-hdds-server-scm-0.5.0-SNAPSHOT.jar:/home/user/.m2/repository/org/apache/hadoop/hadoop-hdds-docs/0.5.0-SNAPSHOT/hadoop-hdds-docs-0.5.0-SNAPSHOT.jar:/home/user/.m2/repository/io/dropwizard/metrics/metrics-core/3.2.4/metrics-core-3.2.4.jar:/home/user/.m2/repository/org/hamcrest/hamcrest-all/1.3/hamcrest-all-1.3.jar:/home/user/.m2/repository/org/bouncycastle/bcprov-jdk15on/1.60/bcprov-jdk15on-1.60.jar:/home/user/.m2/repository/info/picocli/picocli/3.9.6/picocli-3.9.6.jar:/home/user/.m2/repository/com/google/protobuf/protobuf-java/2.5.0/protobuf-java-2.5.0.jar:/home/user/.m2/repository/com/google/guava/guava/11.0.2/guava-11.0.2.jar:/home/user/.m2/repository/org/apache/hadoop/hadoop-ozone-ozone-manager/0.5.0-SNAPSHOT/hadoop-ozone-ozone-manager-0.5.0-SNAPSHOT.jar:/home/user/.m2/repository/org/apache/hadoop/hadoop-minikdc/3.2.0/hadoop-minikdc-3.2.0.jar:/home/user/.m2/repository/commons-io/commons-io/2.5/commons-io-2.5.jar:/home/user/.m2/repository/org/apache/kerby/kerb-simplekdc/1.0.1/kerb-simplekdc-1.0.1.jar:/home/user/.m2/repository/org/apache/kerby/kerb-client/1.0.1/kerb-client-1.0.1.jar:/home/user/.m2/repository/org/apache/kerby/kerby-config/1.0.1/kerby-config-1.0.1.jar:/home/user/.m2/repository/org/apache/kerby/kerb-core/1.0.1/kerb-core-1.0.1.jar:/home/user/.m2/repository/org/apache/kerby/kerby-pkix/1.0.1/kerby-pkix-1.0.1.jar:/home/user/.m2/repository/org/apache/kerby/kerby-asn1/1.0.1/kerby-asn1-1.0.1.jar:/home/user/.m2/repository/org/apache/kerby/kerby-util/1.0.1/kerby-util-1.0.1.jar:/home/user/.m2/repository/org/apache/kerby/kerb-common/1.0.1/kerb-common-1.0.1.jar:/home/user/.m2/repository/org/apache/kerby/kerb-crypto/1.0.1/kerb-crypto-1.0.1.jar:/home/user/.m2/repository/org/apache/kerby/kerb-util/1.0.1/kerb-util-1.0.1.jar:/home/user/.m2/repository/org/apache/kerby/token-provider/1.0.1/token-provider-1.0.1.jar:/home/user/.m2/repository/org/apache/kerby/kerb-admin/1.0.1/kerb-admin-1.0.1.jar:/home/user/.m2/repository/org/apache/kerby/kerb-server/1.0.1/kerb-server-1.0.1.jar:/home/user/.m2/repository/org/apache/kerby/kerb-identity/1.0.1/kerb-identity-1.0.1.jar:/home/user/.m2/repository/org/apache/kerby/kerby-xdr/1.0.1/kerby-xdr-1.0.1.jar:/home/user/.m2/repository/org/slf4j/slf4j-log4j12/1.7.25/slf4j-log4j12-1.7.25.jar:/home/user/.m2/repository/org/apache/hadoop/hadoop-ozone-s3gateway/0.5.0-SNAPSHOT/hadoop-ozone-s3gateway-0.5.0-SNAPSHOT.jar:/home/user/.m2/repository/org/jboss/weld/servlet/weld-servlet/2.4.7.Final/weld-servlet-2.4.7.Final.jar:/home/user/.m2/repository/org/glassfish/jersey/containers/jersey-container-servlet-core/2.27/jersey-container-servlet-core-2.27.jar:/home/user/.m2/repository/org/glassfish/hk2/external/javax.inject/2.5.0-b42/javax.inject-2.5.0-b42.jar:/home/user/.m2/repository/org/glassfish/jersey/core/jersey-common/2.27/jersey-common-2.27.jar:/home/user/.m2/repository/org/glassfish/hk2/osgi-resource-locator/1.0.1/osgi-resource-locator-1.0.1.jar:/home/user/.m2/repository/javax/ws/rs/javax.ws.rs-api/2.1/javax.ws.rs-api-2.1.jar:/home/user/.m2/repository/org/glassfish/jersey/ext/cdi/jersey-cdi1x/2.27/jersey-cdi1x-2.27.jar:/home/user/.m2/repository/org/glassfish/jersey/inject/jersey-hk2/2.27/jersey-hk2-2.27.jar:/home/user/.m2/repository/org/glassfish/hk2/hk2-locator/2.5.0-b42/hk2-locator-2.5.0-b42.jar:/home/user/.m2/repository/org/javassist/javassist/3.22.0-CR2/javassist-3.22.0-CR2.jar:/home/user/.m2/repository/org/glassfish/hk2/hk2-api/2.5.0/hk2-api-2.5.0.jar:/home/user/.m2/repository/org/glassfish/hk2/external/jakarta.inject/2.5.0/jakarta.inject-2.5.0.jar:/home/user/.m2/repository/org/glassfish/hk2/hk2-utils/2.5.0/hk2-utils-2.5.0.jar:/home/user/.m2/repository/jakarta/annotation/jakarta.annotation-api/1.3.4/jakarta.annotation-api-1.3.4.jar:/home/user/.m2/repository/org/glassfish/hk2/external/aopalliance-repackaged/2.5.0/aopalliance-repackaged-2.5.0.jar:/home/user/.m2/repository/com/fasterxml/jackson/dataformat/jackson-dataformat-xml/2.9.0/jackson-dataformat-xml-2.9.0.jar:/home/user/.m2/repository/com/fasterxml/jackson/core/jackson-core/2.9.9/jackson-core-2.9.9.jar:/home/user/.m2/repository/com/fasterxml/jackson/module/jackson-module-jaxb-annotations/2.9.9/jackson-module-jaxb-annotations-2.9.9.jar:/home/user/.m2/repository/javax/enterprise/cdi-api/1.2/cdi-api-1.2.jar:/home/user/.m2/repository/javax/el/javax.el-api/3.0.0/javax.el-api-3.0.0.jar:/home/user/.m2/repository/javax/interceptor/javax.interceptor-api/1.2/javax.interceptor-api-1.2.jar:/home/user/.m2/repository/javax/inject/javax.inject/1/javax.inject-1.jar:/home/user/.m2/repository/com/sun/xml/bind/jaxb-impl/2.3.0.1/jaxb-impl-2.3.0.1.jar:/home/user/.m2/repository/com/sun/xml/bind/jaxb-core/2.3.0.1/jaxb-core-2.3.0.1.jar:/home/user/.m2/repository/javax/xml/bind/jaxb-api/2.3.0/jaxb-api-2.3.0.jar:/home/user/.m2/repository/javax/activation/activation/1.1.1/activation-1.1.1.jar:/home/user/.m2/repository/org/apache/hadoop/hadoop-ozone-csi/0.5.0-SNAPSHOT/hadoop-ozone-csi-0.5.0-SNAPSHOT.jar:/home/user/.m2/repository/com/google/protobuf/protobuf-java-util/3.5.1/protobuf-java-util-3.5.1.jar:/home/user/.m2/repository/org/apache/hadoop/hadoop-hdds-config/0.5.0-SNAPSHOT/hadoop-hdds-config-0.5.0-SNAPSHOT.jar:/home/user/.m2/repository/io/grpc/grpc-netty/1.17.1/grpc-netty-1.17.1.jar:/home/user/.m2/repository/io/grpc/grpc-core/1.17.1/grpc-core-1.17.1.jar:/home/user/.m2/repository/io/grpc/grpc-context/1.17.1/grpc-context-1.17.1.jar:/home/user/.m2/repository/com/google/errorprone/error_prone_annotations/2.2.0/error_prone_annotations-2.2.0.jar:/home/user/.m2/repository/org/codehaus/mojo/animal-sniffer-annotations/1.17/animal-sniffer-annotations-1.17.jar:/home/user/.m2/repository/io/opencensus/opencensus-api/0.17.0/opencensus-api-0.17.0.jar:/home/user/.m2/repository/io/opencensus/opencensus-contrib-grpc-metrics/0.17.0/opencensus-contrib-grpc-metrics-0.17.0.jar:/home/user/.m2/repository/io/netty/netty-codec-http2/4.1.30.Final/netty-codec-http2-4.1.30.Final.jar:/home/user/.m2/repository/io/netty/netty-codec-http/4.1.30.Final/netty-codec-http-4.1.30.Final.jar:/home/user/.m2/repository/io/netty/netty-codec/4.1.30.Final/netty-codec-4.1.30.Final.jar:/home/user/.m2/repository/io/netty/netty-handler/4.1.30.Final/netty-handler-4.1.30.Final.jar:/home/user/.m2/repository/io/netty/netty-handler-proxy/4.1.30.Final/netty-handler-proxy-4.1.30.Final.jar:/home/user/.m2/repository/io/netty/netty-codec-socks/4.1.30.Final/netty-codec-socks-4.1.30.Final.jar:/home/user/.m2/repository/io/netty/netty-transport-native-epoll/4.1.30.Final/netty-transport-native-epoll-4.1.30.Final.jar:/home/user/.m2/repository/io/netty/netty-common/4.1.30.Final/netty-common-4.1.30.Final.jar:/home/user/.m2/repository/io/netty/netty-buffer/4.1.30.Final/netty-buffer-4.1.30.Final.jar:/home/user/.m2/repository/io/netty/netty-transport/4.1.30.Final/netty-transport-4.1.30.Final.jar:/home/user/.m2/repository/io/netty/netty-resolver/4.1.30.Final/netty-resolver-4.1.30.Final.jar:/home/user/.m2/repository/io/netty/netty-transport-native-unix-common/4.1.30.Final/netty-transport-native-unix-common-4.1.30.Final.jar:/home/user/.m2/repository/io/grpc/grpc-protobuf/1.17.1/grpc-protobuf-1.17.1.jar:/home/user/.m2/repository/com/google/api/grpc/proto-google-common-protos/1.0.0/proto-google-common-protos-1.0.0.jar:/home/user/.m2/repository/io/grpc/grpc-protobuf-lite/1.17.1/grpc-protobuf-lite-1.17.1.jar:/home/user/.m2/repository/io/grpc/grpc-stub/1.17.1/grpc-stub-1.17.1.jar:/home/user/.m2/repository/org/apache/hadoop/hadoop-ozone-recon/0.5.0-SNAPSHOT/hadoop-ozone-recon-0.5.0-SNAPSHOT.jar:/home/user/.m2/repository/org/apache/hadoop/hadoop-ozone-reconcodegen/0.5.0-SNAPSHOT/hadoop-ozone-reconcodegen-0.5.0-SNAPSHOT.jar:/home/user/.m2/repository/com/google/inject/extensions/guice-multibindings/4.0/guice-multibindings-4.0.jar:/home/user/.m2/repository/com/google/inject/guice/4.0/guice-4.0.jar:/home/user/.m2/repository/aopalliance/aopalliance/1.0/aopalliance-1.0.jar:/home/user/.m2/repository/com/google/inject/extensions/guice-servlet/4.0/guice-servlet-4.0.jar:/home/user/.m2/repository/org/glassfish/jersey/containers/jersey-container-servlet/2.27/jersey-container-servlet-2.27.jar:/home/user/.m2/repository/org/glassfish/hk2/guice-bridge/2.5.0/guice-bridge-2.5.0.jar:/home/user/.m2/repository/org/glassfish/jersey/core/jersey-server/2.27/jersey-server-2.27.jar:/home/user/.m2/repository/org/glassfish/jersey/core/jersey-client/2.27/jersey-client-2.27.jar:/home/user/.m2/repository/org/glassfish/jersey/media/jersey-media-jaxb/2.27/jersey-media-jaxb-2.27.jar:/home/user/.m2/repository/javax/validation/validation-api/1.1.0.Final/validation-api-1.1.0.Final.jar:/home/user/.m2/repository/org/glassfish/jersey/media/jersey-media-json-jackson/2.27/jersey-media-json-jackson-2.27.jar:/home/user/.m2/repository/org/glassfish/jersey/ext/jersey-entity-filtering/2.27/jersey-entity-filtering-2.27.jar:/home/user/.m2/repository/com/google/inject/extensions/guice-assistedinject/4.0/guice-assistedinject-4.0.jar:/home/user/.m2/repository/org/jooq/jooq/3.11.10/jooq-3.11.10.jar:/home/user/.m2/repository/org/jooq/jooq-meta/3.11.10/jooq-meta-3.11.10.jar:/home/user/.m2/repository/org/jooq/jooq-codegen/3.11.10/jooq-codegen-3.11.10.jar:/home/user/.m2/repository/com/jolbox/bonecp/0.8.0.RELEASE/bonecp-0.8.0.RELEASE.jar:/home/user/.m2/repository/org/xerial/sqlite-jdbc/3.25.2/sqlite-jdbc-3.25.2.jar:/home/user/.m2/repository/org/springframework/spring-jdbc/5.1.3.RELEASE/spring-jdbc-5.1.3.RELEASE.jar:/home/user/.m2/repository/org/springframework/spring-beans/5.1.3.RELEASE/spring-beans-5.1.3.RELEASE.jar:/home/user/.m2/repository/org/springframework/spring-core/5.1.3.RELEASE/spring-core-5.1.3.RELEASE.jar:/home/user/.m2/repository/org/springframework/spring-jcl/5.1.3.RELEASE/spring-jcl-5.1.3.RELEASE.jar:/home/user/.m2/repository/org/springframework/spring-tx/5.1.3.RELEASE/spring-tx-5.1.3.RELEASE.jar:/home/user/.m2/repository/org/apache/hadoop/hadoop-ozone-client/0.5.0-SNAPSHOT/hadoop-ozone-client-0.5.0-SNAPSHOT.jar:/home/user/.m2/repository/commons-lang/commons-lang/2.6/commons-lang-2.6.jar:/home/user/.m2/repository/org/apache/hadoop/hadoop-ozone-ozone-manager/0.5.0-SNAPSHOT/hadoop-ozone-ozone-manager-0.5.0-SNAPSHOT-tests.jar:/home/user/.m2/repository/junit/junit/4.11/junit-4.11.jar:/home/user/.m2/repository/org/hamcrest/hamcrest-core/1.3/hamcrest-core-1.3.jar:/home/user/.m2/repository/org/openjdk/jmh/jmh-core/1.19/jmh-core-1.19.jar:/home/user/.m2/repository/net/sf/jopt-simple/jopt-simple/4.6/jopt-simple-4.6.jar:/home/user/.m2/repository/org/apache/commons/commons-math3/3.1.1/commons-math3-3.1.1.jar:/home/user/.m2/repository/org/openjdk/jmh/jmh-generator-annprocess/1.19/jmh-generator-annprocess-1.19.jar:/home/user/.m2/repository/org/mockito/mockito-all/1.8.5/mockito-all-1.8.5.jar:/home/user/.m2/repository/org/apache/hadoop/hadoop-kms/3.2.0/hadoop-kms-3.2.0.jar:/home/user/.m2/repository/org/apache/hadoop/hadoop-auth/3.2.0/hadoop-auth-3.2.0.jar:/home/user/.m2/repository/com/nimbusds/nimbus-jose-jwt/4.41.1/nimbus-jose-jwt-4.41.1.jar:/home/user/.m2/repository/com/github/stephenc/jcip/jcip-annotations/1.0-1/jcip-annotations-1.0-1.jar:/home/user/.m2/repository/net/minidev/json-smart/2.3/json-smart-2.3.jar:/home/user/.m2/repository/net/minidev/accessors-smart/1.2/accessors-smart-1.2.jar:/home/user/.m2/repository/org/ow2/asm/asm/5.0.4/asm-5.0.4.jar:/home/user/.m2/repository/org/apache/curator/curator-framework/2.12.0/curator-framework-2.12.0.jar:/home/user/.m2/repository/com/sun/jersey/jersey-core/1.19/jersey-core-1.19.jar:/home/user/.m2/repository/javax/ws/rs/jsr311-api/1.1.1/jsr311-api-1.1.1.jar:/home/user/.m2/repository/com/sun/jersey/jersey-server/1.19/jersey-server-1.19.jar:/home/user/.m2/repository/javax/servlet/javax.servlet-api/3.1.0/javax.servlet-api-3.1.0.jar:/home/user/.m2/repository/org/eclipse/jetty/jetty-server/9.3.25.v20180904/jetty-server-9.3.25.v20180904.jar:/home/user/.m2/repository/org/eclipse/jetty/jetty-http/9.3.25.v20180904/jetty-http-9.3.25.v20180904.jar:/home/user/.m2/repository/org/eclipse/jetty/jetty-io/9.3.25.v20180904/jetty-io-9.3.25.v20180904.jar:/home/user/.m2/repository/org/eclipse/jetty/jetty-webapp/9.3.25.v20180904/jetty-webapp-9.3.25.v20180904.jar:/home/user/.m2/repository/org/eclipse/jetty/jetty-xml/9.3.25.v20180904/jetty-xml-9.3.25.v20180904.jar:/home/user/.m2/repository/log4j/log4j/1.2.17/log4j-1.2.17.jar:/home/user/.m2/repository/org/slf4j/slf4j-api/1.7.25/slf4j-api-1.7.25.jar:/home/user/.m2/repository/org/slf4j/jul-to-slf4j/1.7.25/jul-to-slf4j-1.7.25.jar:/home/user/.m2/repository/org/eclipse/jetty/jetty-util/9.3.25.v20180904/jetty-util-9.3.25.v20180904.jar:/home/user/.m2/repository/com/fasterxml/jackson/core/jackson-databind/2.9.9/jackson-databind-2.9.9.jar:/home/user/.m2/repository/org/apache/hadoop/hadoop-kms/3.2.0/hadoop-kms-3.2.0-tests.jar:/home/user/.m2/repository/org/apache/hadoop/hadoop-hdds-server-scm/0.5.0-SNAPSHOT/hadoop-hdds-server-scm-0.5.0-SNAPSHOT-tests.jar:/home/user/.m2/repository/org/apache/hadoop/hadoop-hdds-container-service/0.5.0-SNAPSHOT/hadoop-hdds-container-service-0.5.0-SNAPSHOT-tests.jar:/home/user/.m2/repository/org/yaml/snakeyaml/1.16/snakeyaml-1.16.jar:/home/user/.m2/repository/org/apache/hadoop/hadoop-common/3.2.0/hadoop-common-3.2.0-tests.jar:/home/user/.m2/repository/org/apache/hadoop/hadoop-annotations/3.2.0/hadoop-annotations-3.2.0.jar:/usr/lib/jvm/java-1.8-openjdk/jre/../lib/tools.jar:/home/user/.m2/repository/commons-cli/commons-cli/1.2/commons-cli-1.2.jar:/home/user/.m2/repository/org/apache/httpcomponents/httpclient/4.5.2/httpclient-4.5.2.jar:/home/user/.m2/repository/org/apache/httpcomponents/httpcore/4.4.4/httpcore-4.4.4.jar:/home/user/.m2/repository/commons-codec/commons-codec/1.11/commons-codec-1.11.jar:/home/user/.m2/repository/commons-net/commons-net/3.6/commons-net-3.6.jar:/home/user/.m2/repository/commons-collections/commons-collections/3.2.2/commons-collections-3.2.2.jar:/home/user/.m2/repository/org/eclipse/jetty/jetty-servlet/9.3.25.v20180904/jetty-servlet-9.3.25.v20180904.jar:/home/user/.m2/repository/org/eclipse/jetty/jetty-security/9.3.25.v20180904/jetty-security-9.3.25.v20180904.jar:/home/user/.m2/repository/javax/servlet/jsp/jsp-api/2.1/jsp-api-2.1.jar:/home/user/.m2/repository/com/sun/jersey/jersey-servlet/1.19/jersey-servlet-1.19.jar:/home/user/.m2/repository/com/sun/jersey/jersey-json/1.19/jersey-json-1.19.jar:/home/user/.m2/repository/org/codehaus/jettison/jettison/1.1/jettison-1.1.jar:/home/user/.m2/repository/org/codehaus/jackson/jackson-core-asl/1.9.13/jackson-core-asl-1.9.13.jar:/home/user/.m2/repository/org/codehaus/jackson/jackson-mapper-asl/1.9.13/jackson-mapper-asl-1.9.13.jar:/home/user/.m2/repository/org/codehaus/jackson/jackson-jaxrs/1.9.13/jackson-jaxrs-1.9.13.jar:/home/user/.m2/repository/org/codehaus/jackson/jackson-xc/1.9.13/jackson-xc-1.9.13.jar:/home/user/.m2/repository/commons-logging/commons-logging/1.1.3/commons-logging-1.1.3.jar:/home/user/.m2/repository/commons-beanutils/commons-beanutils/1.9.4/commons-beanutils-1.9.4.jar:/home/user/.m2/repository/org/apache/commons/commons-configuration2/2.1.1/commons-configuration2-2.1.1.jar:/home/user/.m2/repository/org/apache/commons/commons-lang3/3.7/commons-lang3-3.7.jar:/home/user/.m2/repository/org/apache/commons/commons-text/1.4/commons-text-1.4.jar:/home/user/.m2/repository/org/apache/avro/avro/1.7.7/avro-1.7.7.jar:/home/user/.m2/repository/com/thoughtworks/paranamer/paranamer/2.3/paranamer-2.3.jar:/home/user/.m2/repository/org/xerial/snappy/snappy-java/1.0.5/snappy-java-1.0.5.jar:/home/user/.m2/repository/com/google/re2j/re2j/1.1/re2j-1.1.jar:/home/user/.m2/repository/com/google/code/gson/gson/2.2.4/gson-2.2.4.jar:/home/user/.m2/repository/com/jcraft/jsch/0.1.54/jsch-0.1.54.jar:/home/user/.m2/repository/org/apache/curator/curator-client/2.12.0/curator-client-2.12.0.jar:/home/user/.m2/repository/org/apache/curator/curator-recipes/2.12.0/curator-recipes-2.12.0.jar:/home/user/.m2/repository/com/google/code/findbugs/jsr305/3.0.0/jsr305-3.0.0.jar:/home/user/.m2/repository/org/apache/htrace/htrace-core4/4.1.0-incubating/htrace-core4-4.1.0-incubating.jar:/home/user/.m2/repository/org/apache/zookeeper/zookeeper/3.4.13/zookeeper-3.4.13.jar:/home/user/.m2/repository/jline/jline/0.9.94/jline-0.9.94.jar:/home/user/.m2/repository/org/apache/yetus/audience-annotations/0.5.0/audience-annotations-0.5.0.jar:/home/user/.m2/repository/org/codehaus/woodstox/stax2-api/3.1.4/stax2-api-3.1.4.jar:/home/user/.m2/repository/com/fasterxml/woodstox/woodstox-core/5.0.3/woodstox-core-5.0.3.jar:/home/user/.m2/repository/dnsjava/dnsjava/2.1.7/dnsjava-2.1.7.jar:/home/user/.m2/repository/org/apache/hadoop/hadoop-hdfs/3.2.0/hadoop-hdfs-3.2.0-tests.jar:/home/user/.m2/repository/org/eclipse/jetty/jetty-util-ajax/9.3.25.v20180904/jetty-util-ajax-9.3.25.v20180904.jar:/home/user/.m2/repository/commons-daemon/commons-daemon/1.0.13/commons-daemon-1.0.13.jar:/home/user/.m2/repository/io/netty/netty/3.10.5.Final/netty-3.10.5.Final.jar:/home/user/.m2/repository/io/netty/netty-all/4.0.52.Final/netty-all-4.0.52.Final.jar:/home/user/.m2/repository/org/fusesource/leveldbjni/leveldbjni-all/1.8/leveldbjni-all-1.8.jar:"/>
    <property name="java.vm.vendor" value="IcedTea"/>
    <property name="sun.arch.data.model" value="64"/>
    <property name="test.build.dir" value="/workdir/hadoop-ozone/integration-test/target/test-dir"/>
    <property name="test.cache.data" value=""/>
    <property name="java.vendor.url" value="https://icedtea.classpath.org"/>
    <property name="user.timezone" value=""/>
    <property name="java.vm.specification.version" value="1.8"/>
    <property name="os.name" value="Linux"/>
    <property name="test.build.data" value="/workdir/hadoop-ozone/integration-test/target/test-dir"/>
    <property name="user.country" value="US"/>
    <property name="sun.java.launcher" value="SUN_STANDARD"/>
    <property name="sun.boot.library.path" value="/usr/lib/jvm/java-1.8-openjdk/jre/lib/amd64"/>
    <property name="sun.java.command" value="/workdir/hadoop-ozone/integration-test/target/surefire/surefirebooter5899480583611127752.jar /workdir/hadoop-ozone/integration-test/target/surefire 2019-09-26T18-35-23_830-jvmRun1 surefire155491246664531427tmp surefire_564124116568200542690tmp"/>
    <property name="test" value="!TestMiniChaosOzoneCluster"/>
    <property name="surefire.test.class.path" value="/workdir/hadoop-ozone/integration-test/target/test-classes:/workdir/hadoop-ozone/integration-test/target/classes:/home/user/.m2/repository/org/apache/hadoop/hadoop-ozone-common/0.5.0-SNAPSHOT/hadoop-ozone-common-0.5.0-SNAPSHOT.jar:/home/user/.m2/repository/org/apache/commons/commons-compress/1.4.1/commons-compress-1.4.1.jar:/home/user/.m2/repository/org/tukaani/xz/1.0/xz-1.0.jar:/home/user/.m2/repository/org/apache/hadoop/hadoop-common/3.2.0/hadoop-common-3.2.0.jar:/home/user/.m2/repository/org/apache/hadoop/hadoop-hdfs/3.2.0/hadoop-hdfs-3.2.0.jar:/home/user/.m2/repository/org/apache/hadoop/hadoop-hdfs-client/3.2.0/hadoop-hdfs-client-3.2.0.jar:/home/user/.m2/repository/com/fasterxml/jackson/core/jackson-annotations/2.9.9/jackson-annotations-2.9.9.jar:/home/user/.m2/repository/org/apache/hadoop/hadoop-hdds-common/0.5.0-SNAPSHOT/hadoop-hdds-common-0.5.0-SNAPSHOT.jar:/home/user/.m2/repository/javax/annotation/javax.annotation-api/1.2/javax.annotation-api-1.2.jar:/home/user/.m2/repository/org/apache/ratis/ratis-server/0.4.0/ratis-server-0.4.0.jar:/home/user/.m2/repository/org/apache/ratis/ratis-thirdparty-misc/0.2.0/ratis-thirdparty-misc-0.2.0.jar:/home/user/.m2/repository/org/apache/ratis/ratis-proto/0.4.0/ratis-proto-0.4.0.jar:/home/user/.m2/repository/org/apache/ratis/ratis-common/0.4.0/ratis-common-0.4.0.jar:/home/user/.m2/repository/org/apache/ratis/ratis-client/0.4.0/ratis-client-0.4.0.jar:/home/user/.m2/repository/org/apache/ratis/ratis-metrics/0.4.0/ratis-metrics-0.4.0.jar:/home/user/.m2/repository/com/github/joshelser/dropwizard-metrics-hadoop-metrics2-reporter/0.1.2/dropwizard-metrics-hadoop-metrics2-reporter-0.1.2.jar:/home/user/.m2/repository/io/dropwizard/metrics/metrics-jvm/3.2.5/metrics-jvm-3.2.5.jar:/home/user/.m2/repository/io/dropwizard/metrics/metrics-ganglia/3.2.5/metrics-ganglia-3.2.5.jar:/home/user/.m2/repository/info/ganglia/gmetric4j/gmetric4j/1.0.7/gmetric4j-1.0.7.jar:/home/user/.m2/repository/org/apache/ratis/ratis-netty/0.4.0/ratis-netty-0.4.0.jar:/home/user/.m2/repository/org/apache/ratis/ratis-grpc/0.4.0/ratis-grpc-0.4.0.jar:/home/user/.m2/repository/org/rocksdb/rocksdbjni/6.0.1/rocksdbjni-6.0.1.jar:/home/user/.m2/repository/org/apache/logging/log4j/log4j-api/2.11.0/log4j-api-2.11.0.jar:/home/user/.m2/repository/org/apache/logging/log4j/log4j-core/2.11.0/log4j-core-2.11.0.jar:/home/user/.m2/repository/com/lmax/disruptor/3.4.2/disruptor-3.4.2.jar:/home/user/.m2/repository/org/apache/commons/commons-pool2/2.6.0/commons-pool2-2.6.0.jar:/home/user/.m2/repository/org/bouncycastle/bcpkix-jdk15on/1.60/bcpkix-jdk15on-1.60.jar:/home/user/.m2/repository/commons-validator/commons-validator/1.6/commons-validator-1.6.jar:/home/user/.m2/repository/commons-digester/commons-digester/1.8.1/commons-digester-1.8.1.jar:/home/user/.m2/repository/io/jaegertracing/jaeger-client/0.34.0/jaeger-client-0.34.0.jar:/home/user/.m2/repository/io/jaegertracing/jaeger-thrift/0.34.0/jaeger-thrift-0.34.0.jar:/home/user/.m2/repository/org/apache/thrift/libthrift/0.12.0/libthrift-0.12.0.jar:/home/user/.m2/repository/com/squareup/okhttp3/okhttp/3.9.0/okhttp-3.9.0.jar:/home/user/.m2/repository/com/squareup/okio/okio/1.13.0/okio-1.13.0.jar:/home/user/.m2/repository/io/jaegertracing/jaeger-core/0.34.0/jaeger-core-0.34.0.jar:/home/user/.m2/repository/io/jaegertracing/jaeger-tracerresolver/0.34.0/jaeger-tracerresolver-0.34.0.jar:/home/user/.m2/repository/io/opentracing/contrib/opentracing-tracerresolver/0.1.5/opentracing-tracerresolver-0.1.5.jar:/home/user/.m2/repository/io/opentracing/opentracing-util/0.31.0/opentracing-util-0.31.0.jar:/home/user/.m2/repository/io/opentracing/opentracing-api/0.31.0/opentracing-api-0.31.0.jar:/home/user/.m2/repository/io/opentracing/opentracing-noop/0.31.0/opentracing-noop-0.31.0.jar:/home/user/.m2/repository/org/apache/hadoop/hadoop-hdds-server-framework/0.5.0-SNAPSHOT/hadoop-hdds-server-framework-0.5.0-SNAPSHOT.jar:/home/user/.m2/repository/org/apache/hadoop/hadoop-hdds-container-service/0.5.0-SNAPSHOT/hadoop-hdds-container-service-0.5.0-SNAPSHOT.jar:/home/user/.m2/repository/org/apache/hadoop/hadoop-hdds-client/0.5.0-SNAPSHOT/hadoop-hdds-client-0.5.0-SNAPSHOT.jar:/home/user/.m2/repository/org/apache/hadoop/hadoop-hdds-tools/0.5.0-SNAPSHOT/hadoop-hdds-tools-0.5.0-SNAPSHOT.jar:/home/user/.m2/repository/org/apache/hadoop/hadoop-hdds-server-scm/0.5.0-SNAPSHOT/hadoop-hdds-server-scm-0.5.0-SNAPSHOT.jar:/home/user/.m2/repository/org/apache/hadoop/hadoop-hdds-docs/0.5.0-SNAPSHOT/hadoop-hdds-docs-0.5.0-SNAPSHOT.jar:/home/user/.m2/repository/io/dropwizard/metrics/metrics-core/3.2.4/metrics-core-3.2.4.jar:/home/user/.m2/repository/org/hamcrest/hamcrest-all/1.3/hamcrest-all-1.3.jar:/home/user/.m2/repository/org/bouncycastle/bcprov-jdk15on/1.60/bcprov-jdk15on-1.60.jar:/home/user/.m2/repository/info/picocli/picocli/3.9.6/picocli-3.9.6.jar:/home/user/.m2/repository/com/google/protobuf/protobuf-java/2.5.0/protobuf-java-2.5.0.jar:/home/user/.m2/repository/com/google/guava/guava/11.0.2/guava-11.0.2.jar:/home/user/.m2/repository/org/apache/hadoop/hadoop-ozone-ozone-manager/0.5.0-SNAPSHOT/hadoop-ozone-ozone-manager-0.5.0-SNAPSHOT.jar:/home/user/.m2/repository/org/apache/hadoop/hadoop-minikdc/3.2.0/hadoop-minikdc-3.2.0.jar:/home/user/.m2/repository/commons-io/commons-io/2.5/commons-io-2.5.jar:/home/user/.m2/repository/org/apache/kerby/kerb-simplekdc/1.0.1/kerb-simplekdc-1.0.1.jar:/home/user/.m2/repository/org/apache/kerby/kerb-client/1.0.1/kerb-client-1.0.1.jar:/home/user/.m2/repository/org/apache/kerby/kerby-config/1.0.1/kerby-config-1.0.1.jar:/home/user/.m2/repository/org/apache/kerby/kerb-core/1.0.1/kerb-core-1.0.1.jar:/home/user/.m2/repository/org/apache/kerby/kerby-pkix/1.0.1/kerby-pkix-1.0.1.jar:/home/user/.m2/repository/org/apache/kerby/kerby-asn1/1.0.1/kerby-asn1-1.0.1.jar:/home/user/.m2/repository/org/apache/kerby/kerby-util/1.0.1/kerby-util-1.0.1.jar:/home/user/.m2/repository/org/apache/kerby/kerb-common/1.0.1/kerb-common-1.0.1.jar:/home/user/.m2/repository/org/apache/kerby/kerb-crypto/1.0.1/kerb-crypto-1.0.1.jar:/home/user/.m2/repository/org/apache/kerby/kerb-util/1.0.1/kerb-util-1.0.1.jar:/home/user/.m2/repository/org/apache/kerby/token-provider/1.0.1/token-provider-1.0.1.jar:/home/user/.m2/repository/org/apache/kerby/kerb-admin/1.0.1/kerb-admin-1.0.1.jar:/home/user/.m2/repository/org/apache/kerby/kerb-server/1.0.1/kerb-server-1.0.1.jar:/home/user/.m2/repository/org/apache/kerby/kerb-identity/1.0.1/kerb-identity-1.0.1.jar:/home/user/.m2/repository/org/apache/kerby/kerby-xdr/1.0.1/kerby-xdr-1.0.1.jar:/home/user/.m2/repository/org/slf4j/slf4j-log4j12/1.7.25/slf4j-log4j12-1.7.25.jar:/home/user/.m2/repository/org/apache/hadoop/hadoop-ozone-s3gateway/0.5.0-SNAPSHOT/hadoop-ozone-s3gateway-0.5.0-SNAPSHOT.jar:/home/user/.m2/repository/org/jboss/weld/servlet/weld-servlet/2.4.7.Final/weld-servlet-2.4.7.Final.jar:/home/user/.m2/repository/org/glassfish/jersey/containers/jersey-container-servlet-core/2.27/jersey-container-servlet-core-2.27.jar:/home/user/.m2/repository/org/glassfish/hk2/external/javax.inject/2.5.0-b42/javax.inject-2.5.0-b42.jar:/home/user/.m2/repository/org/glassfish/jersey/core/jersey-common/2.27/jersey-common-2.27.jar:/home/user/.m2/repository/org/glassfish/hk2/osgi-resource-locator/1.0.1/osgi-resource-locator-1.0.1.jar:/home/user/.m2/repository/javax/ws/rs/javax.ws.rs-api/2.1/javax.ws.rs-api-2.1.jar:/home/user/.m2/repository/org/glassfish/jersey/ext/cdi/jersey-cdi1x/2.27/jersey-cdi1x-2.27.jar:/home/user/.m2/repository/org/glassfish/jersey/inject/jersey-hk2/2.27/jersey-hk2-2.27.jar:/home/user/.m2/repository/org/glassfish/hk2/hk2-locator/2.5.0-b42/hk2-locator-2.5.0-b42.jar:/home/user/.m2/repository/org/javassist/javassist/3.22.0-CR2/javassist-3.22.0-CR2.jar:/home/user/.m2/repository/org/glassfish/hk2/hk2-api/2.5.0/hk2-api-2.5.0.jar:/home/user/.m2/repository/org/glassfish/hk2/external/jakarta.inject/2.5.0/jakarta.inject-2.5.0.jar:/home/user/.m2/repository/org/glassfish/hk2/hk2-utils/2.5.0/hk2-utils-2.5.0.jar:/home/user/.m2/repository/jakarta/annotation/jakarta.annotation-api/1.3.4/jakarta.annotation-api-1.3.4.jar:/home/user/.m2/repository/org/glassfish/hk2/external/aopalliance-repackaged/2.5.0/aopalliance-repackaged-2.5.0.jar:/home/user/.m2/repository/com/fasterxml/jackson/dataformat/jackson-dataformat-xml/2.9.0/jackson-dataformat-xml-2.9.0.jar:/home/user/.m2/repository/com/fasterxml/jackson/core/jackson-core/2.9.9/jackson-core-2.9.9.jar:/home/user/.m2/repository/com/fasterxml/jackson/module/jackson-module-jaxb-annotations/2.9.9/jackson-module-jaxb-annotations-2.9.9.jar:/home/user/.m2/repository/javax/enterprise/cdi-api/1.2/cdi-api-1.2.jar:/home/user/.m2/repository/javax/el/javax.el-api/3.0.0/javax.el-api-3.0.0.jar:/home/user/.m2/repository/javax/interceptor/javax.interceptor-api/1.2/javax.interceptor-api-1.2.jar:/home/user/.m2/repository/javax/inject/javax.inject/1/javax.inject-1.jar:/home/user/.m2/repository/com/sun/xml/bind/jaxb-impl/2.3.0.1/jaxb-impl-2.3.0.1.jar:/home/user/.m2/repository/com/sun/xml/bind/jaxb-core/2.3.0.1/jaxb-core-2.3.0.1.jar:/home/user/.m2/repository/javax/xml/bind/jaxb-api/2.3.0/jaxb-api-2.3.0.jar:/home/user/.m2/repository/javax/activation/activation/1.1.1/activation-1.1.1.jar:/home/user/.m2/repository/org/apache/hadoop/hadoop-ozone-csi/0.5.0-SNAPSHOT/hadoop-ozone-csi-0.5.0-SNAPSHOT.jar:/home/user/.m2/repository/com/google/protobuf/protobuf-java-util/3.5.1/protobuf-java-util-3.5.1.jar:/home/user/.m2/repository/org/apache/hadoop/hadoop-hdds-config/0.5.0-SNAPSHOT/hadoop-hdds-config-0.5.0-SNAPSHOT.jar:/home/user/.m2/repository/io/grpc/grpc-netty/1.17.1/grpc-netty-1.17.1.jar:/home/user/.m2/repository/io/grpc/grpc-core/1.17.1/grpc-core-1.17.1.jar:/home/user/.m2/repository/io/grpc/grpc-context/1.17.1/grpc-context-1.17.1.jar:/home/user/.m2/repository/com/google/errorprone/error_prone_annotations/2.2.0/error_prone_annotations-2.2.0.jar:/home/user/.m2/repository/org/codehaus/mojo/animal-sniffer-annotations/1.17/animal-sniffer-annotations-1.17.jar:/home/user/.m2/repository/io/opencensus/opencensus-api/0.17.0/opencensus-api-0.17.0.jar:/home/user/.m2/repository/io/opencensus/opencensus-contrib-grpc-metrics/0.17.0/opencensus-contrib-grpc-metrics-0.17.0.jar:/home/user/.m2/repository/io/netty/netty-codec-http2/4.1.30.Final/netty-codec-http2-4.1.30.Final.jar:/home/user/.m2/repository/io/netty/netty-codec-http/4.1.30.Final/netty-codec-http-4.1.30.Final.jar:/home/user/.m2/repository/io/netty/netty-codec/4.1.30.Final/netty-codec-4.1.30.Final.jar:/home/user/.m2/repository/io/netty/netty-handler/4.1.30.Final/netty-handler-4.1.30.Final.jar:/home/user/.m2/repository/io/netty/netty-handler-proxy/4.1.30.Final/netty-handler-proxy-4.1.30.Final.jar:/home/user/.m2/repository/io/netty/netty-codec-socks/4.1.30.Final/netty-codec-socks-4.1.30.Final.jar:/home/user/.m2/repository/io/netty/netty-transport-native-epoll/4.1.30.Final/netty-transport-native-epoll-4.1.30.Final.jar:/home/user/.m2/repository/io/netty/netty-common/4.1.30.Final/netty-common-4.1.30.Final.jar:/home/user/.m2/repository/io/netty/netty-buffer/4.1.30.Final/netty-buffer-4.1.30.Final.jar:/home/user/.m2/repository/io/netty/netty-transport/4.1.30.Final/netty-transport-4.1.30.Final.jar:/home/user/.m2/repository/io/netty/netty-resolver/4.1.30.Final/netty-resolver-4.1.30.Final.jar:/home/user/.m2/repository/io/netty/netty-transport-native-unix-common/4.1.30.Final/netty-transport-native-unix-common-4.1.30.Final.jar:/home/user/.m2/repository/io/grpc/grpc-protobuf/1.17.1/grpc-protobuf-1.17.1.jar:/home/user/.m2/repository/com/google/api/grpc/proto-google-common-protos/1.0.0/proto-google-common-protos-1.0.0.jar:/home/user/.m2/repository/io/grpc/grpc-protobuf-lite/1.17.1/grpc-protobuf-lite-1.17.1.jar:/home/user/.m2/repository/io/grpc/grpc-stub/1.17.1/grpc-stub-1.17.1.jar:/home/user/.m2/repository/org/apache/hadoop/hadoop-ozone-recon/0.5.0-SNAPSHOT/hadoop-ozone-recon-0.5.0-SNAPSHOT.jar:/home/user/.m2/repository/org/apache/hadoop/hadoop-ozone-reconcodegen/0.5.0-SNAPSHOT/hadoop-ozone-reconcodegen-0.5.0-SNAPSHOT.jar:/home/user/.m2/repository/com/google/inject/extensions/guice-multibindings/4.0/guice-multibindings-4.0.jar:/home/user/.m2/repository/com/google/inject/guice/4.0/guice-4.0.jar:/home/user/.m2/repository/aopalliance/aopalliance/1.0/aopalliance-1.0.jar:/home/user/.m2/repository/com/google/inject/extensions/guice-servlet/4.0/guice-servlet-4.0.jar:/home/user/.m2/repository/org/glassfish/jersey/containers/jersey-container-servlet/2.27/jersey-container-servlet-2.27.jar:/home/user/.m2/repository/org/glassfish/hk2/guice-bridge/2.5.0/guice-bridge-2.5.0.jar:/home/user/.m2/repository/org/glassfish/jersey/core/jersey-server/2.27/jersey-server-2.27.jar:/home/user/.m2/repository/org/glassfish/jersey/core/jersey-client/2.27/jersey-client-2.27.jar:/home/user/.m2/repository/org/glassfish/jersey/media/jersey-media-jaxb/2.27/jersey-media-jaxb-2.27.jar:/home/user/.m2/repository/javax/validation/validation-api/1.1.0.Final/validation-api-1.1.0.Final.jar:/home/user/.m2/repository/org/glassfish/jersey/media/jersey-media-json-jackson/2.27/jersey-media-json-jackson-2.27.jar:/home/user/.m2/repository/org/glassfish/jersey/ext/jersey-entity-filtering/2.27/jersey-entity-filtering-2.27.jar:/home/user/.m2/repository/com/google/inject/extensions/guice-assistedinject/4.0/guice-assistedinject-4.0.jar:/home/user/.m2/repository/org/jooq/jooq/3.11.10/jooq-3.11.10.jar:/home/user/.m2/repository/org/jooq/jooq-meta/3.11.10/jooq-meta-3.11.10.jar:/home/user/.m2/repository/org/jooq/jooq-codegen/3.11.10/jooq-codegen-3.11.10.jar:/home/user/.m2/repository/com/jolbox/bonecp/0.8.0.RELEASE/bonecp-0.8.0.RELEASE.jar:/home/user/.m2/repository/org/xerial/sqlite-jdbc/3.25.2/sqlite-jdbc-3.25.2.jar:/home/user/.m2/repository/org/springframework/spring-jdbc/5.1.3.RELEASE/spring-jdbc-5.1.3.RELEASE.jar:/home/user/.m2/repository/org/springframework/spring-beans/5.1.3.RELEASE/spring-beans-5.1.3.RELEASE.jar:/home/user/.m2/repository/org/springframework/spring-core/5.1.3.RELEASE/spring-core-5.1.3.RELEASE.jar:/home/user/.m2/repository/org/springframework/spring-jcl/5.1.3.RELEASE/spring-jcl-5.1.3.RELEASE.jar:/home/user/.m2/repository/org/springframework/spring-tx/5.1.3.RELEASE/spring-tx-5.1.3.RELEASE.jar:/home/user/.m2/repository/org/apache/hadoop/hadoop-ozone-client/0.5.0-SNAPSHOT/hadoop-ozone-client-0.5.0-SNAPSHOT.jar:/home/user/.m2/repository/commons-lang/commons-lang/2.6/commons-lang-2.6.jar:/home/user/.m2/repository/org/apache/hadoop/hadoop-ozone-ozone-manager/0.5.0-SNAPSHOT/hadoop-ozone-ozone-manager-0.5.0-SNAPSHOT-tests.jar:/home/user/.m2/repository/junit/junit/4.11/junit-4.11.jar:/home/user/.m2/repository/org/hamcrest/hamcrest-core/1.3/hamcrest-core-1.3.jar:/home/user/.m2/repository/org/openjdk/jmh/jmh-core/1.19/jmh-core-1.19.jar:/home/user/.m2/repository/net/sf/jopt-simple/jopt-simple/4.6/jopt-simple-4.6.jar:/home/user/.m2/repository/org/apache/commons/commons-math3/3.1.1/commons-math3-3.1.1.jar:/home/user/.m2/repository/org/openjdk/jmh/jmh-generator-annprocess/1.19/jmh-generator-annprocess-1.19.jar:/home/user/.m2/repository/org/mockito/mockito-all/1.8.5/mockito-all-1.8.5.jar:/home/user/.m2/repository/org/apache/hadoop/hadoop-kms/3.2.0/hadoop-kms-3.2.0.jar:/home/user/.m2/repository/org/apache/hadoop/hadoop-auth/3.2.0/hadoop-auth-3.2.0.jar:/home/user/.m2/repository/com/nimbusds/nimbus-jose-jwt/4.41.1/nimbus-jose-jwt-4.41.1.jar:/home/user/.m2/repository/com/github/stephenc/jcip/jcip-annotations/1.0-1/jcip-annotations-1.0-1.jar:/home/user/.m2/repository/net/minidev/json-smart/2.3/json-smart-2.3.jar:/home/user/.m2/repository/net/minidev/accessors-smart/1.2/accessors-smart-1.2.jar:/home/user/.m2/repository/org/ow2/asm/asm/5.0.4/asm-5.0.4.jar:/home/user/.m2/repository/org/apache/curator/curator-framework/2.12.0/curator-framework-2.12.0.jar:/home/user/.m2/repository/com/sun/jersey/jersey-core/1.19/jersey-core-1.19.jar:/home/user/.m2/repository/javax/ws/rs/jsr311-api/1.1.1/jsr311-api-1.1.1.jar:/home/user/.m2/repository/com/sun/jersey/jersey-server/1.19/jersey-server-1.19.jar:/home/user/.m2/repository/javax/servlet/javax.servlet-api/3.1.0/javax.servlet-api-3.1.0.jar:/home/user/.m2/repository/org/eclipse/jetty/jetty-server/9.3.25.v20180904/jetty-server-9.3.25.v20180904.jar:/home/user/.m2/repository/org/eclipse/jetty/jetty-http/9.3.25.v20180904/jetty-http-9.3.25.v20180904.jar:/home/user/.m2/repository/org/eclipse/jetty/jetty-io/9.3.25.v20180904/jetty-io-9.3.25.v20180904.jar:/home/user/.m2/repository/org/eclipse/jetty/jetty-webapp/9.3.25.v20180904/jetty-webapp-9.3.25.v20180904.jar:/home/user/.m2/repository/org/eclipse/jetty/jetty-xml/9.3.25.v20180904/jetty-xml-9.3.25.v20180904.jar:/home/user/.m2/repository/log4j/log4j/1.2.17/log4j-1.2.17.jar:/home/user/.m2/repository/org/slf4j/slf4j-api/1.7.25/slf4j-api-1.7.25.jar:/home/user/.m2/repository/org/slf4j/jul-to-slf4j/1.7.25/jul-to-slf4j-1.7.25.jar:/home/user/.m2/repository/org/eclipse/jetty/jetty-util/9.3.25.v20180904/jetty-util-9.3.25.v20180904.jar:/home/user/.m2/repository/com/fasterxml/jackson/core/jackson-databind/2.9.9/jackson-databind-2.9.9.jar:/home/user/.m2/repository/org/apache/hadoop/hadoop-kms/3.2.0/hadoop-kms-3.2.0-tests.jar:/home/user/.m2/repository/org/apache/hadoop/hadoop-hdds-server-scm/0.5.0-SNAPSHOT/hadoop-hdds-server-scm-0.5.0-SNAPSHOT-tests.jar:/home/user/.m2/repository/org/apache/hadoop/hadoop-hdds-container-service/0.5.0-SNAPSHOT/hadoop-hdds-container-service-0.5.0-SNAPSHOT-tests.jar:/home/user/.m2/repository/org/yaml/snakeyaml/1.16/snakeyaml-1.16.jar:/home/user/.m2/repository/org/apache/hadoop/hadoop-common/3.2.0/hadoop-common-3.2.0-tests.jar:/home/user/.m2/repository/org/apache/hadoop/hadoop-annotations/3.2.0/hadoop-annotations-3.2.0.jar:/usr/lib/jvm/java-1.8-openjdk/jre/../lib/tools.jar:/home/user/.m2/repository/commons-cli/commons-cli/1.2/commons-cli-1.2.jar:/home/user/.m2/repository/org/apache/httpcomponents/httpclient/4.5.2/httpclient-4.5.2.jar:/home/user/.m2/repository/org/apache/httpcomponents/httpcore/4.4.4/httpcore-4.4.4.jar:/home/user/.m2/repository/commons-codec/commons-codec/1.11/commons-codec-1.11.jar:/home/user/.m2/repository/commons-net/commons-net/3.6/commons-net-3.6.jar:/home/user/.m2/repository/commons-collections/commons-collections/3.2.2/commons-collections-3.2.2.jar:/home/user/.m2/repository/org/eclipse/jetty/jetty-servlet/9.3.25.v20180904/jetty-servlet-9.3.25.v20180904.jar:/home/user/.m2/repository/org/eclipse/jetty/jetty-security/9.3.25.v20180904/jetty-security-9.3.25.v20180904.jar:/home/user/.m2/repository/javax/servlet/jsp/jsp-api/2.1/jsp-api-2.1.jar:/home/user/.m2/repository/com/sun/jersey/jersey-servlet/1.19/jersey-servlet-1.19.jar:/home/user/.m2/repository/com/sun/jersey/jersey-json/1.19/jersey-json-1.19.jar:/home/user/.m2/repository/org/codehaus/jettison/jettison/1.1/jettison-1.1.jar:/home/user/.m2/repository/org/codehaus/jackson/jackson-core-asl/1.9.13/jackson-core-asl-1.9.13.jar:/home/user/.m2/repository/org/codehaus/jackson/jackson-mapper-asl/1.9.13/jackson-mapper-asl-1.9.13.jar:/home/user/.m2/repository/org/codehaus/jackson/jackson-jaxrs/1.9.13/jackson-jaxrs-1.9.13.jar:/home/user/.m2/repository/org/codehaus/jackson/jackson-xc/1.9.13/jackson-xc-1.9.13.jar:/home/user/.m2/repository/commons-logging/commons-logging/1.1.3/commons-logging-1.1.3.jar:/home/user/.m2/repository/commons-beanutils/commons-beanutils/1.9.4/commons-beanutils-1.9.4.jar:/home/user/.m2/repository/org/apache/commons/commons-configuration2/2.1.1/commons-configuration2-2.1.1.jar:/home/user/.m2/repository/org/apache/commons/commons-lang3/3.7/commons-lang3-3.7.jar:/home/user/.m2/repository/org/apache/commons/commons-text/1.4/commons-text-1.4.jar:/home/user/.m2/repository/org/apache/avro/avro/1.7.7/avro-1.7.7.jar:/home/user/.m2/repository/com/thoughtworks/paranamer/paranamer/2.3/paranamer-2.3.jar:/home/user/.m2/repository/org/xerial/snappy/snappy-java/1.0.5/snappy-java-1.0.5.jar:/home/user/.m2/repository/com/google/re2j/re2j/1.1/re2j-1.1.jar:/home/user/.m2/repository/com/google/code/gson/gson/2.2.4/gson-2.2.4.jar:/home/user/.m2/repository/com/jcraft/jsch/0.1.54/jsch-0.1.54.jar:/home/user/.m2/repository/org/apache/curator/curator-client/2.12.0/curator-client-2.12.0.jar:/home/user/.m2/repository/org/apache/curator/curator-recipes/2.12.0/curator-recipes-2.12.0.jar:/home/user/.m2/repository/com/google/code/findbugs/jsr305/3.0.0/jsr305-3.0.0.jar:/home/user/.m2/repository/org/apache/htrace/htrace-core4/4.1.0-incubating/htrace-core4-4.1.0-incubating.jar:/home/user/.m2/repository/org/apache/zookeeper/zookeeper/3.4.13/zookeeper-3.4.13.jar:/home/user/.m2/repository/jline/jline/0.9.94/jline-0.9.94.jar:/home/user/.m2/repository/org/apache/yetus/audience-annotations/0.5.0/audience-annotations-0.5.0.jar:/home/user/.m2/repository/org/codehaus/woodstox/stax2-api/3.1.4/stax2-api-3.1.4.jar:/home/user/.m2/repository/com/fasterxml/woodstox/woodstox-core/5.0.3/woodstox-core-5.0.3.jar:/home/user/.m2/repository/dnsjava/dnsjava/2.1.7/dnsjava-2.1.7.jar:/home/user/.m2/repository/org/apache/hadoop/hadoop-hdfs/3.2.0/hadoop-hdfs-3.2.0-tests.jar:/home/user/.m2/repository/org/eclipse/jetty/jetty-util-ajax/9.3.25.v20180904/jetty-util-ajax-9.3.25.v20180904.jar:/home/user/.m2/repository/commons-daemon/commons-daemon/1.0.13/commons-daemon-1.0.13.jar:/home/user/.m2/repository/io/netty/netty/3.10.5.Final/netty-3.10.5.Final.jar:/home/user/.m2/repository/io/netty/netty-all/4.0.52.Final/netty-all-4.0.52.Final.jar:/home/user/.m2/repository/org/fusesource/leveldbjni/leveldbjni-all/1.8/leveldbjni-all-1.8.jar:"/>
    <property name="sun.cpu.endian" value="little"/>
    <property name="user.home" value="/home/user"/>
    <property name="user.language" value="en"/>
    <property name="java.specification.vendor" value="Oracle Corporation"/>
    <property name="java.home" value="/usr/lib/jvm/java-1.8-openjdk/jre"/>
    <property name="java.security.krb5.conf" value="/workdir/hadoop-ozone/integration-test/target/test-classes/krb5.conf"/>
    <property name="basedir" value="/workdir/hadoop-ozone/integration-test"/>
    <property name="file.separator" value="/"/>
    <property name="line.separator" value="&#10;"/>
    <property name="java.vm.specification.vendor" value="Oracle Corporation"/>
    <property name="java.specification.name" value="Java Platform API Specification"/>
    <property name="java.awt.graphicsenv" value="sun.awt.X11GraphicsEnvironment"/>
    <property name="surefire.real.class.path" value="/workdir/hadoop-ozone/integration-test/target/surefire/surefirebooter5899480583611127752.jar"/>
    <property name="hadoop.log.dir" value="/workdir/hadoop-ozone/integration-test/target/log"/>
    <property name="sun.boot.class.path" value="/usr/lib/jvm/java-1.8-openjdk/jre/lib/resources.jar:/usr/lib/jvm/java-1.8-openjdk/jre/lib/rt.jar:/usr/lib/jvm/java-1.8-openjdk/jre/lib/sunrsasign.jar:/usr/lib/jvm/java-1.8-openjdk/jre/lib/jsse.jar:/usr/lib/jvm/java-1.8-openjdk/jre/lib/jce.jar:/usr/lib/jvm/java-1.8-openjdk/jre/lib/charsets.jar:/usr/lib/jvm/java-1.8-openjdk/jre/lib/jfr.jar:/usr/lib/jvm/java-1.8-openjdk/jre/classes"/>
    <property name="sun.management.compiler" value="HotSpot 64-Bit Tiered Compilers"/>
    <property name="java.runtime.version" value="1.8.0_212-b04"/>
    <property name="java.net.preferIPv4Stack" value="true"/>
    <property name="user.name" value="jenkins1000"/>
    <property name="path.separator" value=":"/>
    <property name="java.security.egd" value="file:///dev/urandom"/>
    <property name="os.version" value="3.10.0-957.12.2.el7.x86_64"/>
    <property name="java.endorsed.dirs" value="/usr/lib/jvm/java-1.8-openjdk/jre/lib/endorsed"/>
    <property name="java.runtime.name" value="OpenJDK Runtime Environment"/>
    <property name="file.encoding" value="UTF-8"/>
    <property name="java.vm.name" value="OpenJDK 64-Bit Server VM"/>
    <property name="test.build.webapps" value=""/>
    <property name="localRepository" value="/home/user/.m2/repository"/>
    <property name="java.vendor.url.bug" value="https://icedtea.classpath.org/bugzilla"/>
    <property name="java.io.tmpdir" value="/tmp"/>
    <property name="require.test.libhadoop" value=""/>
    <property name="java.version" value="1.8.0_212"/>
    <property name="user.dir" value="/workdir/hadoop-ozone/integration-test"/>
    <property name="os.arch" value="amd64"/>
    <property name="java.vm.specification.name" value="Java Virtual Machine Specification"/>
    <property name="test.build.classes" value="/workdir/hadoop-ozone/integration-test/target/test-classes"/>
    <property name="java.awt.printerjob" value="sun.print.PSPrinterJob"/>
    <property name="sun.os.patch.level" value="unknown"/>
    <property name="hadoop.tmp.dir" value="/workdir/hadoop-ozone/integration-test/target/tmp"/>
    <property name="java.library.path" value="/usr/lib/jvm/java-1.8-openjdk/jre/lib/amd64/server:/usr/lib/jvm/java-1.8-openjdk/jre/lib/amd64:/usr/lib/jvm/java-1.8-openjdk/jre/../lib/amd64:/workdir/hadoop-ozone/integration-test/target/native/target/usr/local/lib:/workdir/hadoop-ozone/integration-test/../../hadoop-common-project/hadoop-common/target/native/target/usr/local/lib:/usr/java/packages/lib/amd64:/usr/lib64:/lib64:/lib:/usr/lib"/>
    <property name="java.vm.info" value="mixed mode"/>
    <property name="java.vendor" value="IcedTea"/>
    <property name="java.vm.version" value="25.212-b04"/>
    <property name="java.ext.dirs" value="/usr/lib/jvm/java-1.8-openjdk/jre/lib/ext:/usr/java/packages/lib/ext"/>
    <property name="sun.io.unicode.encoding" value="UnicodeLittle"/>
    <property name="java.class.version" value="52.0"/>
  </properties>
  <testcase name="org.apache.hadoop.ozone.ozShell.TestS3Shell" classname="org.apache.hadoop.ozone.ozShell.TestS3Shell" time="125.431">
    <error message="Your endpoint configuration is wrong; For more details see:  http://wiki.apache.org/hadoop/UnsetHostnameOrPort" type="java.net.ConnectException"><![CDATA[java.net.ConnectException: Your endpoint configuration is wrong; For more details see:  http://wiki.apache.org/hadoop/UnsetHostnameOrPort
	at sun.reflect.NativeConstructorAccessorImpl.newInstance0(Native Method)
	at sun.reflect.NativeConstructorAccessorImpl.newInstance(NativeConstructorAccessorImpl.java:62)
	at sun.reflect.DelegatingConstructorAccessorImpl.newInstance(DelegatingConstructorAccessorImpl.java:45)
	at java.lang.reflect.Constructor.newInstance(Constructor.java:423)
	at org.apache.hadoop.net.NetUtils.wrapWithMessage(NetUtils.java:831)
	at org.apache.hadoop.net.NetUtils.wrapException(NetUtils.java:751)
	at org.apache.hadoop.ipc.Client.getRpcResponse(Client.java:1515)
	at org.apache.hadoop.ipc.Client.call(Client.java:1457)
	at org.apache.hadoop.ipc.Client.call(Client.java:1367)
	at org.apache.hadoop.ipc.ProtobufRpcEngine$Invoker.invoke(ProtobufRpcEngine.java:228)
	at org.apache.hadoop.ipc.ProtobufRpcEngine$Invoker.invoke(ProtobufRpcEngine.java:116)
	at com.sun.proxy.$Proxy39.submitRequest(Unknown Source)
	at sun.reflect.NativeMethodAccessorImpl.invoke0(Native Method)
	at sun.reflect.NativeMethodAccessorImpl.invoke(NativeMethodAccessorImpl.java:62)
	at sun.reflect.DelegatingMethodAccessorImpl.invoke(DelegatingMethodAccessorImpl.java:43)
	at java.lang.reflect.Method.invoke(Method.java:498)
	at org.apache.hadoop.io.retry.RetryInvocationHandler.invokeMethod(RetryInvocationHandler.java:422)
	at org.apache.hadoop.io.retry.RetryInvocationHandler$Call.invokeMethod(RetryInvocationHandler.java:165)
	at org.apache.hadoop.io.retry.RetryInvocationHandler$Call.invoke(RetryInvocationHandler.java:157)
	at org.apache.hadoop.io.retry.RetryInvocationHandler$Call.invokeOnce(RetryInvocationHandler.java:95)
	at org.apache.hadoop.io.retry.RetryInvocationHandler.invoke(RetryInvocationHandler.java:359)
	at com.sun.proxy.$Proxy39.submitRequest(Unknown Source)
	at org.apache.hadoop.ozone.om.protocolPB.OzoneManagerProtocolClientSideTranslatorPB.submitRequest(OzoneManagerProtocolClientSideTranslatorPB.java:338)
	at org.apache.hadoop.ozone.om.protocolPB.OzoneManagerProtocolClientSideTranslatorPB.getServiceInfo(OzoneManagerProtocolClientSideTranslatorPB.java:1223)
	at sun.reflect.NativeMethodAccessorImpl.invoke0(Native Method)
	at sun.reflect.NativeMethodAccessorImpl.invoke(NativeMethodAccessorImpl.java:62)
	at sun.reflect.DelegatingMethodAccessorImpl.invoke(DelegatingMethodAccessorImpl.java:43)
	at java.lang.reflect.Method.invoke(Method.java:498)
	at org.apache.hadoop.hdds.tracing.TraceAllMethod.invoke(TraceAllMethod.java:66)
	at com.sun.proxy.$Proxy40.getServiceInfo(Unknown Source)
	at org.apache.hadoop.ozone.client.rpc.RpcClient.<init>(RpcClient.java:154)
	at org.apache.hadoop.ozone.ozShell.TestS3Shell.init(TestS3Shell.java:114)
	at sun.reflect.NativeMethodAccessorImpl.invoke0(Native Method)
	at sun.reflect.NativeMethodAccessorImpl.invoke(NativeMethodAccessorImpl.java:62)
	at sun.reflect.DelegatingMethodAccessorImpl.invoke(DelegatingMethodAccessorImpl.java:43)
	at java.lang.reflect.Method.invoke(Method.java:498)
	at org.junit.runners.model.FrameworkMethod$1.runReflectiveCall(FrameworkMethod.java:47)
	at org.junit.internal.runners.model.ReflectiveCallable.run(ReflectiveCallable.java:12)
	at org.junit.runners.model.FrameworkMethod.invokeExplosively(FrameworkMethod.java:44)
	at org.junit.internal.runners.statements.RunBefores.evaluate(RunBefores.java:24)
	at org.junit.internal.runners.statements.RunAfters.evaluate(RunAfters.java:27)
	at org.junit.runners.ParentRunner.run(ParentRunner.java:309)
	at org.apache.maven.surefire.junit4.JUnit4Provider.execute(JUnit4Provider.java:365)
	at org.apache.maven.surefire.junit4.JUnit4Provider.executeWithRerun(JUnit4Provider.java:273)
	at org.apache.maven.surefire.junit4.JUnit4Provider.executeTestSet(JUnit4Provider.java:238)
	at org.apache.maven.surefire.junit4.JUnit4Provider.invoke(JUnit4Provider.java:159)
	at org.apache.maven.surefire.booter.ForkedBooter.invokeProviderInSameClassLoader(ForkedBooter.java:384)
	at org.apache.maven.surefire.booter.ForkedBooter.runSuitesInProcess(ForkedBooter.java:345)
	at org.apache.maven.surefire.booter.ForkedBooter.execute(ForkedBooter.java:126)
	at org.apache.maven.surefire.booter.ForkedBooter.main(ForkedBooter.java:418)
Caused by: java.net.ConnectException: Connection refused
	at sun.nio.ch.SocketChannelImpl.checkConnect(Native Method)
	at sun.nio.ch.SocketChannelImpl.finishConnect(SocketChannelImpl.java:717)
	at org.apache.hadoop.net.SocketIOWithTimeout.connect(SocketIOWithTimeout.java:206)
	at org.apache.hadoop.net.NetUtils.connect(NetUtils.java:531)
	at org.apache.hadoop.ipc.Client$Connection.setupConnection(Client.java:690)
	at org.apache.hadoop.ipc.Client$Connection.setupIOstreams(Client.java:794)
	at org.apache.hadoop.ipc.Client$Connection.access$3700(Client.java:411)
	at org.apache.hadoop.ipc.Client.getConnection(Client.java:1572)
	at org.apache.hadoop.ipc.Client.call(Client.java:1403)
	... 42 more
]]></error>
    <system-out><![CDATA[2019-09-26 19:32:37,898 [main] WARN  server.ServerUtils (ServerUtils.java:getScmDbDir(145)) - ozone.scm.db.dirs is not configured. We recommend adding this setting. Falling back to ozone.metadata.dirs instead.
2019-09-26 19:32:38,039 [main] WARN  server.ServerUtils (ServerUtils.java:getScmDbDir(145)) - ozone.scm.db.dirs is not configured. We recommend adding this setting. Falling back to ozone.metadata.dirs instead.
2019-09-26 19:32:38,043 [main] WARN  server.ServerUtils (ServerUtils.java:getScmDbDir(145)) - ozone.scm.db.dirs is not configured. We recommend adding this setting. Falling back to ozone.metadata.dirs instead.
2019-09-26 19:32:38,060 [main] INFO  util.log (Log.java:initialized(192)) - Logging initialized @949ms
2019-09-26 19:32:38,148 [main] INFO  db.DBStoreBuilder (DBStoreBuilder.java:addTable(110)) - using custom profile for table: deletedBlocks
2019-09-26 19:32:38,148 [main] INFO  db.DBStoreBuilder (DBStoreBuilder.java:processTables(161)) - Using default column profile:DBProfile.DISK for Table:deletedBlocks
2019-09-26 19:32:38,149 [main] INFO  db.DBStoreBuilder (DBStoreBuilder.java:addTable(110)) - using custom profile for table: validCerts
2019-09-26 19:32:38,149 [main] INFO  db.DBStoreBuilder (DBStoreBuilder.java:processTables(161)) - Using default column profile:DBProfile.DISK for Table:validCerts
2019-09-26 19:32:38,149 [main] INFO  db.DBStoreBuilder (DBStoreBuilder.java:addTable(110)) - using custom profile for table: revokedCerts
2019-09-26 19:32:38,150 [main] INFO  db.DBStoreBuilder (DBStoreBuilder.java:processTables(161)) - Using default column profile:DBProfile.DISK for Table:revokedCerts
2019-09-26 19:32:38,162 [main] INFO  db.DBStoreBuilder (DBStoreBuilder.java:addTable(110)) - using custom profile for table: default
2019-09-26 19:32:38,162 [main] INFO  db.DBStoreBuilder (DBStoreBuilder.java:processTables(167)) - Using default column profile:DBProfile.DISK for Table:default
2019-09-26 19:32:38,163 [main] INFO  db.DBStoreBuilder (DBStoreBuilder.java:getDbProfile(198)) - Using default options. DBProfile.DISK
2019-09-26 19:32:38,368 [main] INFO  net.NodeSchemaLoader (NodeSchemaLoader.java:loadSchemaFromFile(125)) - Loading file from sun.misc.CompoundEnumeration@36b4fe2a
2019-09-26 19:32:38,369 [main] INFO  net.NodeSchemaLoader (NodeSchemaLoader.java:loadSchema(171)) - Loading network topology layer schema file
2019-09-26 19:32:38,439 [main] WARN  server.ServerUtils (ServerUtils.java:sanitizeUserArgs(70)) - ozone.scm.stale.node.interval value = 300000 is larger than max = 100000 based on the key value of ozone.scm.heartbeat.thread.interval, reset to the max value 100000.
2019-09-26 19:32:38,441 [main] WARN  server.ServerUtils (ServerUtils.java:sanitizeUserArgs(70)) - ozone.scm.stale.node.interval value = 300000 is larger than max = 100000 based on the key value of ozone.scm.heartbeat.thread.interval, reset to the max value 100000.
2019-09-26 19:32:38,443 [main] INFO  node.SCMNodeManager (SCMNodeManager.java:<init>(114)) - Entering startup safe mode.
2019-09-26 19:32:38,519 [main] INFO  algorithms.ContainerPlacementPolicyFactory (ContainerPlacementPolicyFactory.java:getPolicy(57)) - Create container placement policy of type org.apache.hadoop.hdds.scm.container.placement.algorithms.SCMContainerPlacementRandom
2019-09-26 19:32:38,534 [main] WARN  server.ServerUtils (ServerUtils.java:getScmDbDir(145)) - ozone.scm.db.dirs is not configured. We recommend adding this setting. Falling back to ozone.metadata.dirs instead.
2019-09-26 19:32:38,617 [main] INFO  pipeline.SCMPipelineManager (SCMPipelineManager.java:initializePipelineState(132)) - No pipeline exists in current db
2019-09-26 19:32:38,620 [main] WARN  server.ServerUtils (ServerUtils.java:getScmDbDir(145)) - ozone.scm.db.dirs is not configured. We recommend adding this setting. Falling back to ozone.metadata.dirs instead.
2019-09-26 19:32:38,729 [main] WARN  events.EventQueue (EventQueue.java:fireEvent(183)) - No event handler registered for event TypedEvent{payloadType=SafeModeStatus, name='SafeModeStatus'}
2019-09-26 19:32:39,202 [main] INFO  ipc.CallQueueManager (CallQueueManager.java:<init>(84)) - Using callQueue: class java.util.concurrent.LinkedBlockingQueue, queueCapacity: 2000, scheduler: class org.apache.hadoop.ipc.DefaultRpcScheduler, ipcBackoff: false.
2019-09-26 19:32:39,228 [Socket Reader #1 for port 39364] INFO  ipc.Server (Server.java:run(1074)) - Starting Socket Reader #1 for port 39364
2019-09-26 19:32:39,252 [main] INFO  ipc.CallQueueManager (CallQueueManager.java:<init>(84)) - Using callQueue: class java.util.concurrent.LinkedBlockingQueue, queueCapacity: 2000, scheduler: class org.apache.hadoop.ipc.DefaultRpcScheduler, ipcBackoff: false.
2019-09-26 19:32:39,253 [Socket Reader #1 for port 36817] INFO  ipc.Server (Server.java:run(1074)) - Starting Socket Reader #1 for port 36817
2019-09-26 19:32:39,261 [main] INFO  ipc.CallQueueManager (CallQueueManager.java:<init>(84)) - Using callQueue: class java.util.concurrent.LinkedBlockingQueue, queueCapacity: 2000, scheduler: class org.apache.hadoop.ipc.DefaultRpcScheduler, ipcBackoff: false.
2019-09-26 19:32:39,261 [Socket Reader #1 for port 33821] INFO  ipc.Server (Server.java:run(1074)) - Starting Socket Reader #1 for port 33821
2019-09-26 19:32:39,281 [main] INFO  hdfs.DFSUtil (DFSUtil.java:httpServerTemplateForNNAndJN(1641)) - Starting Web-server for scm at: http://0.0.0.0:0
2019-09-26 19:32:39,458 [main] INFO  server.AuthenticationFilter (AuthenticationFilter.java:constructSecretProvider(240)) - Unable to initialize FileSignerSecretProvider, falling back to use random secrets.
2019-09-26 19:32:39,466 [main] WARN  http.HttpRequestLog (HttpRequestLog.java:getRequestLog(97)) - Jetty request log can only be enabled using Log4j
2019-09-26 19:32:39,475 [main] INFO  http.HttpServer2 (HttpServer2.java:addGlobalFilter(975)) - Added global filter 'safety' (class=org.apache.hadoop.http.HttpServer2$QuotingInputFilter)
2019-09-26 19:32:39,478 [main] INFO  http.HttpServer2 (HttpServer2.java:addFilter(948)) - Added filter static_user_filter (class=org.apache.hadoop.http.lib.StaticUserWebFilter$StaticUserFilter) to context scm
2019-09-26 19:32:39,478 [main] INFO  http.HttpServer2 (HttpServer2.java:addFilter(958)) - Added filter static_user_filter (class=org.apache.hadoop.http.lib.StaticUserWebFilter$StaticUserFilter) to context logs
2019-09-26 19:32:39,478 [main] INFO  http.HttpServer2 (HttpServer2.java:addFilter(958)) - Added filter static_user_filter (class=org.apache.hadoop.http.lib.StaticUserWebFilter$StaticUserFilter) to context static
2019-09-26 19:32:39,508 [main] INFO  server.StorageContainerManager (StorageContainerManager.java:start(770)) - StorageContainerLocationProtocol RPC server is listening at /0.0.0.0:33821
2019-09-26 19:32:39,578 [main] WARN  impl.MetricsConfig (MetricsConfig.java:loadFirst(134)) - Cannot locate configuration: tried hadoop-metrics2-storagecontainermanager.properties,hadoop-metrics2.properties
2019-09-26 19:32:39,591 [main] INFO  impl.MetricsSystemImpl (MetricsSystemImpl.java:startTimer(374)) - Scheduled Metric snapshot period at 10 second(s).
2019-09-26 19:32:39,591 [main] INFO  impl.MetricsSystemImpl (MetricsSystemImpl.java:start(191)) - StorageContainerManager metrics system started
2019-09-26 19:32:39,821 [main] INFO  server.SCMClientProtocolServer (SCMClientProtocolServer.java:start(151)) - RPC server for Client  is listening at /0.0.0.0:33821
2019-09-26 19:32:39,822 [IPC Server Responder] INFO  ipc.Server (Server.java:run(1314)) - IPC Server Responder: starting
2019-09-26 19:32:39,822 [IPC Server listener on 33821] INFO  ipc.Server (Server.java:run(1153)) - IPC Server listener on 33821: starting
2019-09-26 19:32:39,825 [main] INFO  server.StorageContainerManager (StorageContainerManager.java:start(780)) - ScmBlockLocationProtocol RPC server is listening at /0.0.0.0:36817
2019-09-26 19:32:39,826 [main] INFO  server.SCMBlockProtocolServer (SCMBlockProtocolServer.java:start(146)) - RPC server for Block Protocol is listening at /0.0.0.0:36817
2019-09-26 19:32:39,827 [IPC Server Responder] INFO  ipc.Server (Server.java:run(1314)) - IPC Server Responder: starting
2019-09-26 19:32:39,827 [IPC Server listener on 36817] INFO  ipc.Server (Server.java:run(1153)) - IPC Server listener on 36817: starting
2019-09-26 19:32:39,828 [main] INFO  server.StorageContainerManager (StorageContainerManager.java:start(784)) - ScmDatanodeProtocl RPC server is listening at /0.0.0.0:39364
2019-09-26 19:32:39,829 [main] INFO  server.SCMDatanodeProtocolServer (SCMDatanodeProtocolServer.java:start(191)) - RPC server for DataNodes is listening at /0.0.0.0:39364
2019-09-26 19:32:39,829 [IPC Server Responder] INFO  ipc.Server (Server.java:run(1314)) - IPC Server Responder: starting
2019-09-26 19:32:39,829 [IPC Server listener on 39364] INFO  ipc.Server (Server.java:run(1153)) - IPC Server listener on 39364: starting
2019-09-26 19:32:39,833 [main] INFO  http.HttpServer2 (HttpServer2.java:bindListener(1191)) - Jetty bound to port 39632
2019-09-26 19:32:39,835 [main] INFO  server.Server (Server.java:doStart(351)) - jetty-9.3.25.v20180904, build timestamp: 2018-09-04T21:11:46Z, git hash: 3ce520221d0240229c862b122d2b06c12a625732
2019-09-26 19:32:39,872 [main] INFO  handler.ContextHandler (ContextHandler.java:doStart(781)) - Started o.e.j.s.ServletContextHandler@5d2a4eed{/logs,file:///workdir/hadoop-ozone/integration-test/target/log,AVAILABLE}
2019-09-26 19:32:39,873 [main] INFO  handler.ContextHandler (ContextHandler.java:doStart(781)) - Started o.e.j.s.ServletContextHandler@3f0846c6{/static,file:///workdir/hadoop-ozone/integration-test/target/test-classes/webapps/static,AVAILABLE}
2019-09-26 19:32:39,905 [main] INFO  handler.ContextHandler (ContextHandler.java:doStart(781)) - Started o.e.j.w.WebAppContext@7db0565c{/,file:///workdir/hadoop-ozone/integration-test/target/test-classes/webapps/scm/,AVAILABLE}{/scm}
2019-09-26 19:32:39,910 [main] INFO  server.AbstractConnector (AbstractConnector.java:doStart(278)) - Started ServerConnector@51a06cbe{HTTP/1.1,[http/1.1]}{0.0.0.0:39632}
2019-09-26 19:32:39,910 [main] INFO  server.Server (Server.java:doStart(419)) - Started @2799ms
2019-09-26 19:32:39,912 [main] INFO  impl.MetricsSinkAdapter (MetricsSinkAdapter.java:start(204)) - Sink prometheus started
2019-09-26 19:32:39,912 [main] INFO  impl.MetricsSystemImpl (MetricsSystemImpl.java:registerSink(301)) - Registered sink prometheus
2019-09-26 19:32:39,914 [main] INFO  server.BaseHttpServer (BaseHttpServer.java:updateConnectorAddress(215)) - HTTP server of SCM is listening at http://0.0.0.0:39632
2019-09-26 19:32:39,919 [org.apache.hadoop.util.JvmPauseMonitor$Monitor@27f9e982] INFO  util.JvmPauseMonitor (JvmPauseMonitor.java:run(188)) - Starting JVM pause monitor
2019-09-26 19:32:39,921 [main] WARN  server.ServerUtils (ServerUtils.java:getDBPath(222)) - ozone.om.db.dirs is not configured. We recommend adding this setting. Falling back to ozone.metadata.dirs instead.
2019-09-26 19:32:40,016 [main] INFO  ha.OMHANodeDetails (OMHANodeDetails.java:loadOMHAConfig(194)) - Configuration either no ozone.om.address set. Falling back to the default OM address /127.0.0.1:0
2019-09-26 19:32:40,017 [main] INFO  ha.OMHANodeDetails (OMHANodeDetails.java:getOMNodeDetails(224)) - OM Service ID is not set. Setting it to the default ID: omServiceIdDefault
2019-09-26 19:32:40,018 [main] WARN  server.ServerUtils (ServerUtils.java:getDBPath(222)) - ozone.om.db.dirs is not configured. We recommend adding this setting. Falling back to ozone.metadata.dirs instead.
2019-09-26 19:32:40,019 [main] WARN  server.ServerUtils (ServerUtils.java:getDBPath(222)) - ozone.om.db.dirs is not configured. We recommend adding this setting. Falling back to ozone.metadata.dirs instead.
2019-09-26 19:32:40,821 [main] WARN  server.ServerUtils (ServerUtils.java:getDBPath(222)) - ozone.om.db.dirs is not configured. We recommend adding this setting. Falling back to ozone.metadata.dirs instead.
2019-09-26 19:32:40,828 [main] INFO  db.DBStoreBuilder (DBStoreBuilder.java:addTable(110)) - using custom profile for table: userTable
2019-09-26 19:32:40,828 [main] INFO  db.DBStoreBuilder (DBStoreBuilder.java:processTables(161)) - Using default column profile:DBProfile.DISK for Table:userTable
2019-09-26 19:32:40,828 [main] INFO  db.DBStoreBuilder (DBStoreBuilder.java:addTable(110)) - using custom profile for table: volumeTable
2019-09-26 19:32:40,828 [main] INFO  db.DBStoreBuilder (DBStoreBuilder.java:processTables(161)) - Using default column profile:DBProfile.DISK for Table:volumeTable
2019-09-26 19:32:40,829 [main] INFO  db.DBStoreBuilder (DBStoreBuilder.java:addTable(110)) - using custom profile for table: bucketTable
2019-09-26 19:32:40,829 [main] INFO  db.DBStoreBuilder (DBStoreBuilder.java:processTables(161)) - Using default column profile:DBProfile.DISK for Table:bucketTable
2019-09-26 19:32:40,829 [main] INFO  db.DBStoreBuilder (DBStoreBuilder.java:addTable(110)) - using custom profile for table: keyTable
2019-09-26 19:32:40,829 [main] INFO  db.DBStoreBuilder (DBStoreBuilder.java:processTables(161)) - Using default column profile:DBProfile.DISK for Table:keyTable
2019-09-26 19:32:40,829 [main] INFO  db.DBStoreBuilder (DBStoreBuilder.java:addTable(110)) - using custom profile for table: deletedTable
2019-09-26 19:32:40,830 [main] INFO  db.DBStoreBuilder (DBStoreBuilder.java:processTables(161)) - Using default column profile:DBProfile.DISK for Table:deletedTable
2019-09-26 19:32:40,830 [main] INFO  db.DBStoreBuilder (DBStoreBuilder.java:addTable(110)) - using custom profile for table: openKeyTable
2019-09-26 19:32:40,830 [main] INFO  db.DBStoreBuilder (DBStoreBuilder.java:processTables(161)) - Using default column profile:DBProfile.DISK for Table:openKeyTable
2019-09-26 19:32:40,830 [main] INFO  db.DBStoreBuilder (DBStoreBuilder.java:addTable(110)) - using custom profile for table: s3Table
2019-09-26 19:32:40,831 [main] INFO  db.DBStoreBuilder (DBStoreBuilder.java:processTables(161)) - Using default column profile:DBProfile.DISK for Table:s3Table
2019-09-26 19:32:40,831 [main] INFO  db.DBStoreBuilder (DBStoreBuilder.java:addTable(110)) - using custom profile for table: multipartInfoTable
2019-09-26 19:32:40,831 [main] INFO  db.DBStoreBuilder (DBStoreBuilder.java:processTables(161)) - Using default column profile:DBProfile.DISK for Table:multipartInfoTable
2019-09-26 19:32:40,831 [main] INFO  db.DBStoreBuilder (DBStoreBuilder.java:addTable(110)) - using custom profile for table: dTokenTable
2019-09-26 19:32:40,831 [main] INFO  db.DBStoreBuilder (DBStoreBuilder.java:processTables(161)) - Using default column profile:DBProfile.DISK for Table:dTokenTable
2019-09-26 19:32:40,832 [main] INFO  db.DBStoreBuilder (DBStoreBuilder.java:addTable(110)) - using custom profile for table: s3SecretTable
2019-09-26 19:32:40,832 [main] INFO  db.DBStoreBuilder (DBStoreBuilder.java:processTables(161)) - Using default column profile:DBProfile.DISK for Table:s3SecretTable
2019-09-26 19:32:40,832 [main] INFO  db.DBStoreBuilder (DBStoreBuilder.java:addTable(110)) - using custom profile for table: prefixTable
2019-09-26 19:32:40,832 [main] INFO  db.DBStoreBuilder (DBStoreBuilder.java:processTables(161)) - Using default column profile:DBProfile.DISK for Table:prefixTable
2019-09-26 19:32:40,833 [main] INFO  db.DBStoreBuilder (DBStoreBuilder.java:addTable(110)) - using custom profile for table: default
2019-09-26 19:32:40,833 [main] INFO  db.DBStoreBuilder (DBStoreBuilder.java:processTables(167)) - Using default column profile:DBProfile.DISK for Table:default
2019-09-26 19:32:40,833 [main] INFO  db.DBStoreBuilder (DBStoreBuilder.java:getDbProfile(198)) - Using default options. DBProfile.DISK
2019-09-26 19:32:41,268 [main] INFO  ipc.CallQueueManager (CallQueueManager.java:<init>(84)) - Using callQueue: class java.util.concurrent.LinkedBlockingQueue, queueCapacity: 2000, scheduler: class org.apache.hadoop.ipc.DefaultRpcScheduler, ipcBackoff: false.
2019-09-26 19:32:41,270 [Socket Reader #1 for port 34248] INFO  ipc.Server (Server.java:run(1074)) - Starting Socket Reader #1 for port 34248
2019-09-26 19:32:41,299 [main] INFO  om.OzoneManager (OzoneManager.java:start(1069)) - OzoneManager RPC server is listening at localhost/127.0.0.1:34248
2019-09-26 19:32:41,299 [main] INFO  impl.MetricsSystemImpl (MetricsSystemImpl.java:init(158)) - OzoneManager metrics system started (again)
2019-09-26 19:32:41,300 [IPC Server Responder] INFO  ipc.Server (Server.java:run(1314)) - IPC Server Responder: starting
2019-09-26 19:32:41,301 [IPC Server listener on 34248] INFO  ipc.Server (Server.java:run(1153)) - IPC Server listener on 34248: starting
2019-09-26 19:32:41,306 [main] INFO  hdfs.DFSUtil (DFSUtil.java:httpServerTemplateForNNAndJN(1641)) - Starting Web-server for ozoneManager at: http://0.0.0.0:0
2019-09-26 19:32:41,309 [main] INFO  server.AuthenticationFilter (AuthenticationFilter.java:constructSecretProvider(240)) - Unable to initialize FileSignerSecretProvider, falling back to use random secrets.
2019-09-26 19:32:41,310 [main] WARN  http.HttpRequestLog (HttpRequestLog.java:getRequestLog(97)) - Jetty request log can only be enabled using Log4j
2019-09-26 19:32:41,313 [main] INFO  http.HttpServer2 (HttpServer2.java:addGlobalFilter(975)) - Added global filter 'safety' (class=org.apache.hadoop.http.HttpServer2$QuotingInputFilter)
2019-09-26 19:32:41,314 [main] INFO  http.HttpServer2 (HttpServer2.java:addFilter(948)) - Added filter static_user_filter (class=org.apache.hadoop.http.lib.StaticUserWebFilter$StaticUserFilter) to context ozoneManager
2019-09-26 19:32:41,315 [main] INFO  http.HttpServer2 (HttpServer2.java:addFilter(958)) - Added filter static_user_filter (class=org.apache.hadoop.http.lib.StaticUserWebFilter$StaticUserFilter) to context static
2019-09-26 19:32:41,315 [main] INFO  http.HttpServer2 (HttpServer2.java:addFilter(958)) - Added filter static_user_filter (class=org.apache.hadoop.http.lib.StaticUserWebFilter$StaticUserFilter) to context logs
2019-09-26 19:32:41,318 [main] INFO  http.HttpServer2 (HttpServer2.java:bindListener(1191)) - Jetty bound to port 39156
2019-09-26 19:32:41,318 [main] INFO  server.Server (Server.java:doStart(351)) - jetty-9.3.25.v20180904, build timestamp: 2018-09-04T21:11:46Z, git hash: 3ce520221d0240229c862b122d2b06c12a625732
2019-09-26 19:32:41,321 [main] INFO  handler.ContextHandler (ContextHandler.java:doStart(781)) - Started o.e.j.s.ServletContextHandler@2bf94401{/logs,file:///workdir/hadoop-ozone/integration-test/target/log,AVAILABLE}
2019-09-26 19:32:41,322 [main] INFO  handler.ContextHandler (ContextHandler.java:doStart(781)) - Started o.e.j.s.ServletContextHandler@4349754{/static,file:///workdir/hadoop-ozone/integration-test/target/test-classes/webapps/static,AVAILABLE}
2019-09-26 19:32:41,329 [main] INFO  handler.ContextHandler (ContextHandler.java:doStart(781)) - Started o.e.j.w.WebAppContext@2f7dcef2{/,file:///workdir/hadoop-ozone/integration-test/target/test-classes/webapps/ozoneManager/,AVAILABLE}{/ozoneManager}
2019-09-26 19:32:41,330 [main] INFO  server.AbstractConnector (AbstractConnector.java:doStart(278)) - Started ServerConnector@4a3be6a5{HTTP/1.1,[http/1.1]}{0.0.0.0:39156}
2019-09-26 19:32:41,331 [main] INFO  server.Server (Server.java:doStart(419)) - Started @4220ms
2019-09-26 19:32:41,332 [main] WARN  impl.MetricsSystemImpl (MetricsSystemImpl.java:register(276)) - Sink prometheus already exists!
2019-09-26 19:32:41,333 [main] INFO  server.BaseHttpServer (BaseHttpServer.java:updateConnectorAddress(215)) - HTTP server of OZONEMANAGER is listening at http://0.0.0.0:39156
2019-09-26 19:32:41,395 [main] INFO  impl.MetricsSystemImpl (MetricsSystemImpl.java:init(158)) - HddsDatanode metrics system started (again)
2019-09-26 19:32:41,443 [main] INFO  ozone.HddsDatanodeService (HddsDatanodeService.java:start(184)) - HddsDatanodeService host:pr-hdds-2162-kpcbn-4093309294 ip:192.168.151.109
2019-09-26 19:32:41,474 [main] INFO  volume.HddsVolume (HddsVolume.java:<init>(176)) - Creating Volume: /workdir/hadoop-ozone/integration-test/target/test-dir/MiniOzoneClusterImpl-b2b3c804-bc5d-4147-bfec-946ab6ed1093/datanode-0/data/containers/hdds of  storage type : DISK and capacity : 1482555576320
2019-09-26 19:32:41,476 [main] INFO  volume.VolumeSet (VolumeSet.java:initializeVolumeSet(170)) - Added Volume : /workdir/hadoop-ozone/integration-test/target/test-dir/MiniOzoneClusterImpl-b2b3c804-bc5d-4147-bfec-946ab6ed1093/datanode-0/data/containers/hdds to VolumeSet
2019-09-26 19:32:41,479 [main] INFO  volume.ThrottledAsyncChecker (ThrottledAsyncChecker.java:schedule(139)) - Scheduling a check for org.apache.hadoop.ozone.container.common.volume.HddsVolume@9fec931
2019-09-26 19:32:41,495 [main] INFO  volume.HddsVolumeChecker (HddsVolumeChecker.java:checkAllVolumes(202)) - Scheduled health check for volume org.apache.hadoop.ozone.container.common.volume.HddsVolume@9fec931
2019-09-26 19:32:41,600 [main] INFO  impl.RaftServerProxy (ConfUtils.java:logGet(43)) - raft.rpc.type = GRPC (default)
2019-09-26 19:32:41,663 [main] INFO  grpc.GrpcFactory (GrpcFactory.java:checkPooledByteBufAllocatorUseCacheForAllThreads(45)) - PERFORMANCE WARNING: useCacheForAllThreads is true that may cause Netty to create a lot garbage objects and, as a result, trigger GC.
	It is recommended to disable useCacheForAllThreads by setting -Dorg.apache.ratis.thirdparty.io.netty.allocator.useCacheForAllThreads=false in command line.
2019-09-26 19:32:41,668 [main] INFO  grpc.GrpcConfigKeys$Server (ConfUtils.java:logGet(43)) - raft.grpc.server.port = 0 (default)
2019-09-26 19:32:41,669 [main] INFO  server.GrpcService (ConfUtils.java:logGet(43)) - raft.grpc.message.size.max = 33570816 (custom)
2019-09-26 19:32:41,671 [main] INFO  server.RaftServerConfigKeys (ConfUtils.java:logGet(43)) - raft.server.log.appender.buffer.byte-limit = 33554432 (custom)
2019-09-26 19:32:41,671 [main] INFO  server.GrpcService (ConfUtils.java:logGet(43)) - raft.grpc.flow.control.window = 1MB (=1048576) (default)
2019-09-26 19:32:41,672 [main] INFO  server.RaftServerConfigKeys (ConfUtils.java:logGet(43)) - raft.server.rpc.request.timeout = 3000ms (default)
2019-09-26 19:32:41,872 [main] INFO  server.RaftServerConfigKeys (ConfUtils.java:logGet(43)) - raft.server.storage.dir = [/workdir/hadoop-ozone/integration-test/target/test-dir/MiniOzoneClusterImpl-b2b3c804-bc5d-4147-bfec-946ab6ed1093/datanode-0/data/ratis] (custom)
2019-09-26 19:32:41,947 [main] INFO  hdfs.DFSUtil (DFSUtil.java:httpServerTemplateForNNAndJN(1641)) - Starting Web-server for hddsDatanode at: http://0.0.0.0:0
2019-09-26 19:32:41,950 [main] INFO  server.AuthenticationFilter (AuthenticationFilter.java:constructSecretProvider(240)) - Unable to initialize FileSignerSecretProvider, falling back to use random secrets.
2019-09-26 19:32:41,952 [main] WARN  http.HttpRequestLog (HttpRequestLog.java:getRequestLog(97)) - Jetty request log can only be enabled using Log4j
2019-09-26 19:32:41,955 [main] INFO  http.HttpServer2 (HttpServer2.java:addGlobalFilter(975)) - Added global filter 'safety' (class=org.apache.hadoop.http.HttpServer2$QuotingInputFilter)
2019-09-26 19:32:41,956 [main] INFO  http.HttpServer2 (HttpServer2.java:addFilter(948)) - Added filter static_user_filter (class=org.apache.hadoop.http.lib.StaticUserWebFilter$StaticUserFilter) to context hddsDatanode
2019-09-26 19:32:41,956 [main] INFO  http.HttpServer2 (HttpServer2.java:addFilter(958)) - Added filter static_user_filter (class=org.apache.hadoop.http.lib.StaticUserWebFilter$StaticUserFilter) to context static
2019-09-26 19:32:41,956 [main] INFO  http.HttpServer2 (HttpServer2.java:addFilter(958)) - Added filter static_user_filter (class=org.apache.hadoop.http.lib.StaticUserWebFilter$StaticUserFilter) to context logs
2019-09-26 19:32:41,959 [main] INFO  http.HttpServer2 (HttpServer2.java:bindListener(1191)) - Jetty bound to port 33423
2019-09-26 19:32:41,959 [main] INFO  server.Server (Server.java:doStart(351)) - jetty-9.3.25.v20180904, build timestamp: 2018-09-04T21:11:46Z, git hash: 3ce520221d0240229c862b122d2b06c12a625732
2019-09-26 19:32:41,962 [main] INFO  handler.ContextHandler (ContextHandler.java:doStart(781)) - Started o.e.j.s.ServletContextHandler@255eaa6b{/logs,file:///workdir/hadoop-ozone/integration-test/target/log,AVAILABLE}
2019-09-26 19:32:41,963 [main] INFO  handler.ContextHandler (ContextHandler.java:doStart(781)) - Started o.e.j.s.ServletContextHandler@7a0e7ecd{/static,jar:file:/home/user/.m2/repository/org/apache/hadoop/hadoop-hdds-container-service/0.5.0-SNAPSHOT/hadoop-hdds-container-service-0.5.0-SNAPSHOT.jar!/webapps/static,AVAILABLE}
2019-09-26 19:32:42,002 [main] INFO  handler.ContextHandler (ContextHandler.java:doStart(781)) - Started o.e.j.w.WebAppContext@22a6e998{/,file:///tmp/jetty-0.0.0.0-33423-hddsDatanode-_-any-7299382352440887564.dir/webapp/,AVAILABLE}{/hddsDatanode}
2019-09-26 19:32:42,003 [main] INFO  server.AbstractConnector (AbstractConnector.java:doStart(278)) - Started ServerConnector@55e42449{HTTP/1.1,[http/1.1]}{0.0.0.0:33423}
2019-09-26 19:32:42,004 [main] INFO  server.Server (Server.java:doStart(419)) - Started @4893ms
2019-09-26 19:32:42,004 [main] WARN  impl.MetricsSystemImpl (MetricsSystemImpl.java:register(276)) - Sink prometheus already exists!
2019-09-26 19:32:42,005 [main] INFO  server.BaseHttpServer (BaseHttpServer.java:updateConnectorAddress(215)) - HTTP server of HDDSDATANODE is listening at http://0.0.0.0:33423
2019-09-26 19:32:42,007 [main] INFO  impl.MetricsSystemImpl (MetricsSystemImpl.java:init(158)) - HddsDatanode metrics system started (again)
2019-09-26 19:32:42,011 [main] INFO  ozone.HddsDatanodeService (HddsDatanodeService.java:start(184)) - HddsDatanodeService host:pr-hdds-2162-kpcbn-4093309294 ip:192.168.151.109
2019-09-26 19:32:42,014 [org.apache.hadoop.util.JvmPauseMonitor$Monitor@490a0a50] INFO  util.JvmPauseMonitor (JvmPauseMonitor.java:run(188)) - Starting JVM pause monitor
2019-09-26 19:32:42,022 [main] INFO  volume.HddsVolume (HddsVolume.java:<init>(176)) - Creating Volume: /workdir/hadoop-ozone/integration-test/target/test-dir/MiniOzoneClusterImpl-b2b3c804-bc5d-4147-bfec-946ab6ed1093/datanode-1/data/containers/hdds of  storage type : DISK and capacity : 1482555576320
2019-09-26 19:32:42,023 [main] INFO  volume.VolumeSet (VolumeSet.java:initializeVolumeSet(170)) - Added Volume : /workdir/hadoop-ozone/integration-test/target/test-dir/MiniOzoneClusterImpl-b2b3c804-bc5d-4147-bfec-946ab6ed1093/datanode-1/data/containers/hdds to VolumeSet
2019-09-26 19:32:42,023 [main] INFO  volume.ThrottledAsyncChecker (ThrottledAsyncChecker.java:schedule(139)) - Scheduling a check for org.apache.hadoop.ozone.container.common.volume.HddsVolume@a9f023e
2019-09-26 19:32:42,024 [main] INFO  volume.HddsVolumeChecker (HddsVolumeChecker.java:checkAllVolumes(202)) - Scheduled health check for volume org.apache.hadoop.ozone.container.common.volume.HddsVolume@a9f023e
2019-09-26 19:32:42,041 [main] INFO  impl.RaftServerProxy (ConfUtils.java:logGet(43)) - raft.rpc.type = GRPC (default)
2019-09-26 19:32:42,041 [main] INFO  grpc.GrpcFactory (GrpcFactory.java:checkPooledByteBufAllocatorUseCacheForAllThreads(45)) - PERFORMANCE WARNING: useCacheForAllThreads is true that may cause Netty to create a lot garbage objects and, as a result, trigger GC.
	It is recommended to disable useCacheForAllThreads by setting -Dorg.apache.ratis.thirdparty.io.netty.allocator.useCacheForAllThreads=false in command line.
2019-09-26 19:32:42,042 [main] INFO  grpc.GrpcConfigKeys$Server (ConfUtils.java:logGet(43)) - raft.grpc.server.port = 0 (default)
2019-09-26 19:32:42,042 [main] INFO  server.GrpcService (ConfUtils.java:logGet(43)) - raft.grpc.message.size.max = 33570816 (custom)
2019-09-26 19:32:42,042 [main] INFO  server.RaftServerConfigKeys (ConfUtils.java:logGet(43)) - raft.server.log.appender.buffer.byte-limit = 33554432 (custom)
2019-09-26 19:32:42,043 [main] INFO  server.GrpcService (ConfUtils.java:logGet(43)) - raft.grpc.flow.control.window = 1MB (=1048576) (default)
2019-09-26 19:32:42,043 [main] INFO  server.RaftServerConfigKeys (ConfUtils.java:logGet(43)) - raft.server.rpc.request.timeout = 3000ms (default)
2019-09-26 19:32:42,044 [main] INFO  server.RaftServerConfigKeys (ConfUtils.java:logGet(43)) - raft.server.storage.dir = [/workdir/hadoop-ozone/integration-test/target/test-dir/MiniOzoneClusterImpl-b2b3c804-bc5d-4147-bfec-946ab6ed1093/datanode-1/data/ratis] (custom)
2019-09-26 19:32:42,045 [main] INFO  hdfs.DFSUtil (DFSUtil.java:httpServerTemplateForNNAndJN(1641)) - Starting Web-server for hddsDatanode at: http://0.0.0.0:0
2019-09-26 19:32:42,047 [main] INFO  server.AuthenticationFilter (AuthenticationFilter.java:constructSecretProvider(240)) - Unable to initialize FileSignerSecretProvider, falling back to use random secrets.
2019-09-26 19:32:42,048 [main] WARN  http.HttpRequestLog (HttpRequestLog.java:getRequestLog(97)) - Jetty request log can only be enabled using Log4j
2019-09-26 19:32:42,052 [main] INFO  http.HttpServer2 (HttpServer2.java:addGlobalFilter(975)) - Added global filter 'safety' (class=org.apache.hadoop.http.HttpServer2$QuotingInputFilter)
2019-09-26 19:32:42,053 [main] INFO  http.HttpServer2 (HttpServer2.java:addFilter(948)) - Added filter static_user_filter (class=org.apache.hadoop.http.lib.StaticUserWebFilter$StaticUserFilter) to context hddsDatanode
2019-09-26 19:32:42,053 [main] INFO  http.HttpServer2 (HttpServer2.java:addFilter(958)) - Added filter static_user_filter (class=org.apache.hadoop.http.lib.StaticUserWebFilter$StaticUserFilter) to context static
2019-09-26 19:32:42,053 [main] INFO  http.HttpServer2 (HttpServer2.java:addFilter(958)) - Added filter static_user_filter (class=org.apache.hadoop.http.lib.StaticUserWebFilter$StaticUserFilter) to context logs
2019-09-26 19:32:42,054 [main] INFO  http.HttpServer2 (HttpServer2.java:bindListener(1191)) - Jetty bound to port 41289
2019-09-26 19:32:42,055 [main] INFO  server.Server (Server.java:doStart(351)) - jetty-9.3.25.v20180904, build timestamp: 2018-09-04T21:11:46Z, git hash: 3ce520221d0240229c862b122d2b06c12a625732
2019-09-26 19:32:42,059 [main] INFO  handler.ContextHandler (ContextHandler.java:doStart(781)) - Started o.e.j.s.ServletContextHandler@49faf066{/logs,file:///workdir/hadoop-ozone/integration-test/target/log,AVAILABLE}
2019-09-26 19:32:42,060 [main] INFO  handler.ContextHandler (ContextHandler.java:doStart(781)) - Started o.e.j.s.ServletContextHandler@455c1d8c{/static,jar:file:/home/user/.m2/repository/org/apache/hadoop/hadoop-hdds-container-service/0.5.0-SNAPSHOT/hadoop-hdds-container-service-0.5.0-SNAPSHOT.jar!/webapps/static,AVAILABLE}
2019-09-26 19:32:42,103 [main] INFO  handler.ContextHandler (ContextHandler.java:doStart(781)) - Started o.e.j.w.WebAppContext@2aff9dff{/,file:///tmp/jetty-0.0.0.0-41289-hddsDatanode-_-any-1870145925892238431.dir/webapp/,AVAILABLE}{/hddsDatanode}
2019-09-26 19:32:42,105 [main] INFO  server.AbstractConnector (AbstractConnector.java:doStart(278)) - Started ServerConnector@5f0f9947{HTTP/1.1,[http/1.1]}{0.0.0.0:41289}
2019-09-26 19:32:42,108 [main] INFO  server.Server (Server.java:doStart(419)) - Started @4997ms
2019-09-26 19:32:42,108 [main] WARN  impl.MetricsSystemImpl (MetricsSystemImpl.java:register(276)) - Sink prometheus already exists!
2019-09-26 19:32:42,109 [main] INFO  server.BaseHttpServer (BaseHttpServer.java:updateConnectorAddress(215)) - HTTP server of HDDSDATANODE is listening at http://0.0.0.0:41289
2019-09-26 19:32:42,110 [main] INFO  impl.MetricsSystemImpl (MetricsSystemImpl.java:init(158)) - HddsDatanode metrics system started (again)
2019-09-26 19:32:42,112 [org.apache.hadoop.util.JvmPauseMonitor$Monitor@32362376] INFO  util.JvmPauseMonitor (JvmPauseMonitor.java:run(188)) - Starting JVM pause monitor
2019-09-26 19:32:42,115 [main] INFO  ozone.HddsDatanodeService (HddsDatanodeService.java:start(184)) - HddsDatanodeService host:pr-hdds-2162-kpcbn-4093309294 ip:192.168.151.109
2019-09-26 19:32:42,124 [main] INFO  volume.HddsVolume (HddsVolume.java:<init>(176)) - Creating Volume: /workdir/hadoop-ozone/integration-test/target/test-dir/MiniOzoneClusterImpl-b2b3c804-bc5d-4147-bfec-946ab6ed1093/datanode-2/data/containers/hdds of  storage type : DISK and capacity : 1482555576320
2019-09-26 19:32:42,125 [main] INFO  volume.VolumeSet (VolumeSet.java:initializeVolumeSet(170)) - Added Volume : /workdir/hadoop-ozone/integration-test/target/test-dir/MiniOzoneClusterImpl-b2b3c804-bc5d-4147-bfec-946ab6ed1093/datanode-2/data/containers/hdds to VolumeSet
2019-09-26 19:32:42,125 [main] INFO  volume.ThrottledAsyncChecker (ThrottledAsyncChecker.java:schedule(139)) - Scheduling a check for org.apache.hadoop.ozone.container.common.volume.HddsVolume@7100dea
2019-09-26 19:32:42,125 [main] INFO  volume.HddsVolumeChecker (HddsVolumeChecker.java:checkAllVolumes(202)) - Scheduled health check for volume org.apache.hadoop.ozone.container.common.volume.HddsVolume@7100dea
2019-09-26 19:32:42,139 [main] INFO  impl.RaftServerProxy (ConfUtils.java:logGet(43)) - raft.rpc.type = GRPC (default)
2019-09-26 19:32:42,140 [main] INFO  grpc.GrpcFactory (GrpcFactory.java:checkPooledByteBufAllocatorUseCacheForAllThreads(45)) - PERFORMANCE WARNING: useCacheForAllThreads is true that may cause Netty to create a lot garbage objects and, as a result, trigger GC.
	It is recommended to disable useCacheForAllThreads by setting -Dorg.apache.ratis.thirdparty.io.netty.allocator.useCacheForAllThreads=false in command line.
2019-09-26 19:32:42,140 [main] INFO  grpc.GrpcConfigKeys$Server (ConfUtils.java:logGet(43)) - raft.grpc.server.port = 0 (default)
2019-09-26 19:32:42,140 [main] INFO  server.GrpcService (ConfUtils.java:logGet(43)) - raft.grpc.message.size.max = 33570816 (custom)
2019-09-26 19:32:42,140 [main] INFO  server.RaftServerConfigKeys (ConfUtils.java:logGet(43)) - raft.server.log.appender.buffer.byte-limit = 33554432 (custom)
2019-09-26 19:32:42,140 [main] INFO  server.GrpcService (ConfUtils.java:logGet(43)) - raft.grpc.flow.control.window = 1MB (=1048576) (default)
2019-09-26 19:32:42,141 [main] INFO  server.RaftServerConfigKeys (ConfUtils.java:logGet(43)) - raft.server.rpc.request.timeout = 3000ms (default)
2019-09-26 19:32:42,141 [main] INFO  server.RaftServerConfigKeys (ConfUtils.java:logGet(43)) - raft.server.storage.dir = [/workdir/hadoop-ozone/integration-test/target/test-dir/MiniOzoneClusterImpl-b2b3c804-bc5d-4147-bfec-946ab6ed1093/datanode-2/data/ratis] (custom)
2019-09-26 19:32:42,142 [Datanode State Machine Thread - 0] INFO  datanode.InitDatanodeState (InitDatanodeState.java:persistContainerDatanodeDetails(140)) - DatanodeDetails is persisted to /workdir/hadoop-ozone/integration-test/target/test-dir/MiniOzoneClusterImpl-b2b3c804-bc5d-4147-bfec-946ab6ed1093/datanode-0/meta/datanode.id
2019-09-26 19:32:42,144 [main] INFO  hdfs.DFSUtil (DFSUtil.java:httpServerTemplateForNNAndJN(1641)) - Starting Web-server for hddsDatanode at: http://0.0.0.0:0
2019-09-26 19:32:42,145 [Datanode State Machine Thread - 0] INFO  datanode.InitDatanodeState (InitDatanodeState.java:persistContainerDatanodeDetails(140)) - DatanodeDetails is persisted to /workdir/hadoop-ozone/integration-test/target/test-dir/MiniOzoneClusterImpl-b2b3c804-bc5d-4147-bfec-946ab6ed1093/datanode-1/meta/datanode.id
2019-09-26 19:32:42,146 [main] INFO  server.AuthenticationFilter (AuthenticationFilter.java:constructSecretProvider(240)) - Unable to initialize FileSignerSecretProvider, falling back to use random secrets.
2019-09-26 19:32:42,147 [main] WARN  http.HttpRequestLog (HttpRequestLog.java:getRequestLog(97)) - Jetty request log can only be enabled using Log4j
2019-09-26 19:32:42,148 [main] INFO  http.HttpServer2 (HttpServer2.java:addGlobalFilter(975)) - Added global filter 'safety' (class=org.apache.hadoop.http.HttpServer2$QuotingInputFilter)
2019-09-26 19:32:42,149 [main] INFO  http.HttpServer2 (HttpServer2.java:addFilter(948)) - Added filter static_user_filter (class=org.apache.hadoop.http.lib.StaticUserWebFilter$StaticUserFilter) to context hddsDatanode
2019-09-26 19:32:42,149 [main] INFO  http.HttpServer2 (HttpServer2.java:addFilter(958)) - Added filter static_user_filter (class=org.apache.hadoop.http.lib.StaticUserWebFilter$StaticUserFilter) to context static
2019-09-26 19:32:42,149 [main] INFO  http.HttpServer2 (HttpServer2.java:addFilter(958)) - Added filter static_user_filter (class=org.apache.hadoop.http.lib.StaticUserWebFilter$StaticUserFilter) to context logs
2019-09-26 19:32:42,150 [main] INFO  http.HttpServer2 (HttpServer2.java:bindListener(1191)) - Jetty bound to port 40118
2019-09-26 19:32:42,150 [main] INFO  server.Server (Server.java:doStart(351)) - jetty-9.3.25.v20180904, build timestamp: 2018-09-04T21:11:46Z, git hash: 3ce520221d0240229c862b122d2b06c12a625732
2019-09-26 19:32:42,152 [main] INFO  handler.ContextHandler (ContextHandler.java:doStart(781)) - Started o.e.j.s.ServletContextHandler@2f2bff16{/logs,file:///workdir/hadoop-ozone/integration-test/target/log,AVAILABLE}
2019-09-26 19:32:42,152 [main] INFO  handler.ContextHandler (ContextHandler.java:doStart(781)) - Started o.e.j.s.ServletContextHandler@fc807c1{/static,jar:file:/home/user/.m2/repository/org/apache/hadoop/hadoop-hdds-container-service/0.5.0-SNAPSHOT/hadoop-hdds-container-service-0.5.0-SNAPSHOT.jar!/webapps/static,AVAILABLE}
2019-09-26 19:32:42,181 [main] INFO  handler.ContextHandler (ContextHandler.java:doStart(781)) - Started o.e.j.w.WebAppContext@4ce94d2f{/,file:///tmp/jetty-0.0.0.0-40118-hddsDatanode-_-any-3410694046765939258.dir/webapp/,AVAILABLE}{/hddsDatanode}
2019-09-26 19:32:42,182 [main] INFO  server.AbstractConnector (AbstractConnector.java:doStart(278)) - Started ServerConnector@68ab0936{HTTP/1.1,[http/1.1]}{0.0.0.0:40118}
2019-09-26 19:32:42,183 [main] INFO  server.Server (Server.java:doStart(419)) - Started @5072ms
2019-09-26 19:32:42,183 [main] WARN  impl.MetricsSystemImpl (MetricsSystemImpl.java:register(276)) - Sink prometheus already exists!
2019-09-26 19:32:42,184 [main] INFO  server.BaseHttpServer (BaseHttpServer.java:updateConnectorAddress(215)) - HTTP server of HDDSDATANODE is listening at http://0.0.0.0:40118
2019-09-26 19:32:42,186 [org.apache.hadoop.util.JvmPauseMonitor$Monitor@5e93f51f] INFO  util.JvmPauseMonitor (JvmPauseMonitor.java:run(188)) - Starting JVM pause monitor
2019-09-26 19:32:42,190 [Datanode State Machine Thread - 0] INFO  datanode.InitDatanodeState (InitDatanodeState.java:persistContainerDatanodeDetails(140)) - DatanodeDetails is persisted to /workdir/hadoop-ozone/integration-test/target/test-dir/MiniOzoneClusterImpl-b2b3c804-bc5d-4147-bfec-946ab6ed1093/datanode-2/meta/datanode.id
2019-09-26 19:32:43,380 [main] INFO  ipc.Client (Client.java:handleConnectionFailure(948)) - Retrying connect to server: localhost/127.0.0.1:0. Already tried 0 time(s); retry policy is RetryUpToMaximumCountWithFixedSleep(maxRetries=10, sleepTime=1000 MILLISECONDS)
2019-09-26 19:32:44,070 [Datanode State Machine Thread - 0] INFO  ozoneimpl.OzoneContainer (OzoneContainer.java:start(217)) - Attempting to start container services.
2019-09-26 19:32:44,073 [Datanode State Machine Thread - 0] INFO  ozoneimpl.OzoneContainer (OzoneContainer.java:startContainerScrub(179)) - Background container scanner has been disabled.
2019-09-26 19:32:44,073 [Datanode State Machine Thread - 0] INFO  ratis.XceiverServerRatis (XceiverServerRatis.java:start(411)) - Starting XceiverServerRatis 2f744b65-9d98-4ead-8f74-686d00960d2f at port 0
2019-09-26 19:32:44,094 [Datanode State Machine Thread - 0] INFO  impl.RaftServerProxy (RaftServerProxy.java:lambda$start$3(299)) - 2f744b65-9d98-4ead-8f74-686d00960d2f: start RPC server
2019-09-26 19:32:44,131 [Datanode State Machine Thread - 0] INFO  ozoneimpl.OzoneContainer (OzoneContainer.java:start(217)) - Attempting to start container services.
2019-09-26 19:32:44,138 [Datanode State Machine Thread - 0] INFO  ozoneimpl.OzoneContainer (OzoneContainer.java:startContainerScrub(179)) - Background container scanner has been disabled.
2019-09-26 19:32:44,138 [Datanode State Machine Thread - 0] INFO  ratis.XceiverServerRatis (XceiverServerRatis.java:start(411)) - Starting XceiverServerRatis 930c43c6-fb1b-4a0f-8aa9-356d61d94860 at port 0
2019-09-26 19:32:44,145 [Datanode State Machine Thread - 0] INFO  impl.RaftServerProxy (RaftServerProxy.java:lambda$start$3(299)) - 930c43c6-fb1b-4a0f-8aa9-356d61d94860: start RPC server
2019-09-26 19:32:44,204 [Datanode State Machine Thread - 0] INFO  ozoneimpl.OzoneContainer (OzoneContainer.java:start(217)) - Attempting to start container services.
2019-09-26 19:32:44,206 [Datanode State Machine Thread - 0] INFO  ozoneimpl.OzoneContainer (OzoneContainer.java:startContainerScrub(179)) - Background container scanner has been disabled.
2019-09-26 19:32:44,206 [Datanode State Machine Thread - 0] INFO  ratis.XceiverServerRatis (XceiverServerRatis.java:start(411)) - Starting XceiverServerRatis 12a2bab0-3a62-48c3-8021-7a628a090ed8 at port 0
2019-09-26 19:32:44,216 [Datanode State Machine Thread - 0] INFO  impl.RaftServerProxy (RaftServerProxy.java:lambda$start$3(299)) - 12a2bab0-3a62-48c3-8021-7a628a090ed8: start RPC server
2019-09-26 19:32:44,255 [Datanode State Machine Thread - 0] INFO  server.GrpcService (GrpcService.java:startImpl(158)) - 2f744b65-9d98-4ead-8f74-686d00960d2f: GrpcService started, listening on 0.0.0.0/0.0.0.0:44532
2019-09-26 19:32:44,255 [Datanode State Machine Thread - 0] INFO  server.GrpcService (GrpcService.java:startImpl(158)) - 12a2bab0-3a62-48c3-8021-7a628a090ed8: GrpcService started, listening on 0.0.0.0/0.0.0.0:35034
2019-09-26 19:32:44,255 [Datanode State Machine Thread - 0] INFO  server.GrpcService (GrpcService.java:startImpl(158)) - 930c43c6-fb1b-4a0f-8aa9-356d61d94860: GrpcService started, listening on 0.0.0.0/0.0.0.0:37348
2019-09-26 19:32:44,256 [Datanode State Machine Thread - 0] INFO  ratis.XceiverServerRatis (XceiverServerRatis.java:start(421)) - XceiverServerRatis 12a2bab0-3a62-48c3-8021-7a628a090ed8 is started using port 35034
2019-09-26 19:32:44,256 [Datanode State Machine Thread - 0] INFO  ratis.XceiverServerRatis (XceiverServerRatis.java:start(421)) - XceiverServerRatis 2f744b65-9d98-4ead-8f74-686d00960d2f is started using port 44532
2019-09-26 19:32:44,256 [Datanode State Machine Thread - 0] INFO  ratis.XceiverServerRatis (XceiverServerRatis.java:start(421)) - XceiverServerRatis 930c43c6-fb1b-4a0f-8aa9-356d61d94860 is started using port 37348
2019-09-26 19:32:44,262 [Datanode State Machine Thread - 0] INFO  server.XceiverServerGrpc (XceiverServerGrpc.java:start(149)) - XceiverServerGrpc 2f744b65-9d98-4ead-8f74-686d00960d2f is started using port 44764
2019-09-26 19:32:44,263 [Datanode State Machine Thread - 0] INFO  server.XceiverServerGrpc (XceiverServerGrpc.java:start(149)) - XceiverServerGrpc 930c43c6-fb1b-4a0f-8aa9-356d61d94860 is started using port 44678
2019-09-26 19:32:44,262 [Datanode State Machine Thread - 0] INFO  server.XceiverServerGrpc (XceiverServerGrpc.java:start(149)) - XceiverServerGrpc 12a2bab0-3a62-48c3-8021-7a628a090ed8 is started using port 41974
2019-09-26 19:32:44,381 [main] INFO  ipc.Client (Client.java:handleConnectionFailure(948)) - Retrying connect to server: localhost/127.0.0.1:0. Already tried 1 time(s); retry policy is RetryUpToMaximumCountWithFixedSleep(maxRetries=10, sleepTime=1000 MILLISECONDS)
2019-09-26 19:32:45,383 [main] INFO  ipc.Client (Client.java:handleConnectionFailure(948)) - Retrying connect to server: localhost/127.0.0.1:0. Already tried 2 time(s); retry policy is RetryUpToMaximumCountWithFixedSleep(maxRetries=10, sleepTime=1000 MILLISECONDS)
2019-09-26 19:32:46,043 [IPC Server handler 1 on 39364] INFO  net.NetworkTopology (NetworkTopologyImpl.java:add(111)) - Added a new node: /default-rack/2f744b65-9d98-4ead-8f74-686d00960d2f
2019-09-26 19:32:46,044 [IPC Server handler 1 on 39364] INFO  node.SCMNodeManager (SCMNodeManager.java:register(266)) - Registered Data node : 2f744b65-9d98-4ead-8f74-686d00960d2f{ip: 192.168.151.109, host: pr-hdds-2162-kpcbn-4093309294, networkLocation: /default-rack, certSerialId: null}
2019-09-26 19:32:46,049 [EventQueue-NodeRegistrationContainerReportForDataNodeSafeModeRule] INFO  safemode.SCMSafeModeManager (DataNodeSafeModeRule.java:process(71)) - SCM in safe mode. 1 DataNodes registered, 1 required.
2019-09-26 19:32:46,049 [EventQueue-NodeRegistrationContainerReportForDataNodeSafeModeRule] INFO  safemode.SCMSafeModeManager (SCMSafeModeManager.java:validateSafeModeExitRules(177)) - ScmSafeModeManager, all rules are successfully validated
2019-09-26 19:32:46,049 [EventQueue-NodeRegistrationContainerReportForDataNodeSafeModeRule] INFO  safemode.SCMSafeModeManager (SCMSafeModeManager.java:exitSafeMode(193)) - SCM exiting safe mode.
2019-09-26 19:32:46,114 [IPC Server handler 3 on 39364] INFO  net.NetworkTopology (NetworkTopologyImpl.java:add(111)) - Added a new node: /default-rack/930c43c6-fb1b-4a0f-8aa9-356d61d94860
2019-09-26 19:32:46,114 [IPC Server handler 3 on 39364] INFO  node.SCMNodeManager (SCMNodeManager.java:register(266)) - Registered Data node : 930c43c6-fb1b-4a0f-8aa9-356d61d94860{ip: 192.168.151.109, host: pr-hdds-2162-kpcbn-4093309294, networkLocation: /default-rack, certSerialId: null}
2019-09-26 19:32:46,191 [IPC Server handler 0 on 39364] INFO  net.NetworkTopology (NetworkTopologyImpl.java:add(111)) - Added a new node: /default-rack/12a2bab0-3a62-48c3-8021-7a628a090ed8
2019-09-26 19:32:46,192 [IPC Server handler 0 on 39364] INFO  node.SCMNodeManager (SCMNodeManager.java:register(266)) - Registered Data node : 12a2bab0-3a62-48c3-8021-7a628a090ed8{ip: 192.168.151.109, host: pr-hdds-2162-kpcbn-4093309294, networkLocation: /default-rack, certSerialId: null}
2019-09-26 19:32:46,384 [main] INFO  ipc.Client (Client.java:handleConnectionFailure(948)) - Retrying connect to server: localhost/127.0.0.1:0. Already tried 3 time(s); retry policy is RetryUpToMaximumCountWithFixedSleep(maxRetries=10, sleepTime=1000 MILLISECONDS)
2019-09-26 19:32:46,513 [grpc-default-executor-0] INFO  impl.RaftServerProxy (RaftServerProxy.java:addNew(89)) - 2f744b65-9d98-4ead-8f74-686d00960d2f: addNew group-AB1EF04243EA:[2f744b65-9d98-4ead-8f74-686d00960d2f:192.168.151.109:44532] returns group-AB1EF04243EA:java.util.concurrent.CompletableFuture@24e4d996[Not completed]
2019-09-26 19:32:46,524 [pool-27-thread-1] INFO  impl.RaftServerImpl (RaftServerImpl.java:<init>(95)) - 2f744b65-9d98-4ead-8f74-686d00960d2f: new RaftServerImpl for group-AB1EF04243EA:[2f744b65-9d98-4ead-8f74-686d00960d2f:192.168.151.109:44532] with ContainerStateMachine:uninitialized
2019-09-26 19:32:46,527 [pool-27-thread-1] INFO  server.RaftServerConfigKeys (ConfUtils.java:logGet(43)) - raft.server.rpc.timeout.min = 5s (custom)
2019-09-26 19:32:46,528 [pool-27-thread-1] INFO  server.RaftServerConfigKeys (ConfUtils.java:logGet(43)) - raft.server.rpc.timeout.max = 5200ms (custom)
2019-09-26 19:32:46,528 [pool-27-thread-1] INFO  server.RaftServerConfigKeys (ConfUtils.java:logGet(43)) - raft.server.rpcslowness.timeout = 120s (custom)
2019-09-26 19:32:46,529 [pool-27-thread-1] INFO  server.RaftServerConfigKeys (ConfUtils.java:logGet(43)) - raft.server.sleep.deviation.threshold = 300 (default)
2019-09-26 19:32:46,530 [pool-27-thread-1] INFO  server.RaftServerConfigKeys (ConfUtils.java:logGet(43)) - raft.server.log.appender.install.snapshot.enabled = false (custom)
2019-09-26 19:32:46,536 [pool-27-thread-1] INFO  impl.RaftServerImpl (ServerState.java:<init>(103)) - 2f744b65-9d98-4ead-8f74-686d00960d2f@group-AB1EF04243EA: ConfigurationManager, init=-1: [2f744b65-9d98-4ead-8f74-686d00960d2f:192.168.151.109:44532], old=null, confs=<EMPTY_MAP>
2019-09-26 19:32:46,537 [pool-27-thread-1] INFO  server.RaftServerConfigKeys (ConfUtils.java:logGet(43)) - raft.server.storage.dir = [/workdir/hadoop-ozone/integration-test/target/test-dir/MiniOzoneClusterImpl-b2b3c804-bc5d-4147-bfec-946ab6ed1093/datanode-0/data/ratis] (custom)
2019-09-26 19:32:46,543 [pool-27-thread-1] INFO  storage.RaftStorageDirectory (RaftStorageDirectory.java:analyzeStorage(246)) - The storage directory /workdir/hadoop-ozone/integration-test/target/test-dir/MiniOzoneClusterImpl-b2b3c804-bc5d-4147-bfec-946ab6ed1093/datanode-0/data/ratis/93af38f0-f76c-40d6-a8c0-ab1ef04243ea does not exist. Creating ...
2019-09-26 19:32:46,562 [pool-27-thread-1] INFO  storage.RaftStorageDirectory (RaftStorageDirectory.java:tryLock(328)) - Lock on /workdir/hadoop-ozone/integration-test/target/test-dir/MiniOzoneClusterImpl-b2b3c804-bc5d-4147-bfec-946ab6ed1093/datanode-0/data/ratis/93af38f0-f76c-40d6-a8c0-ab1ef04243ea/in_use.lock acquired by nodename 27145@pr-hdds-2162-kpcbn-4093309294
2019-09-26 19:32:46,590 [pool-27-thread-1] INFO  storage.RaftStorage (RaftStorage.java:format(72)) - Storage directory /workdir/hadoop-ozone/integration-test/target/test-dir/MiniOzoneClusterImpl-b2b3c804-bc5d-4147-bfec-946ab6ed1093/datanode-0/data/ratis/93af38f0-f76c-40d6-a8c0-ab1ef04243ea has been successfully formatted.
2019-09-26 19:32:46,593 [pool-27-thread-1] INFO  ratis.ContainerStateMachine (ContainerStateMachine.java:loadSnapshot(230)) - group-AB1EF04243EA: The snapshot info is null. Setting the last applied indexto:(t:0, i:~)
2019-09-26 19:32:46,594 [pool-27-thread-1] INFO  server.RaftServerConfigKeys (ConfUtils.java:logGet(43)) - raft.server.notification.no-leader.timeout = 120s (custom)
2019-09-26 19:32:46,596 [pool-27-thread-1] INFO  server.RaftServerConfigKeys (ConfUtils.java:logGet(43)) - raft.server.log.use.memory = false (default)
2019-09-26 19:32:46,602 [pool-27-thread-1] INFO  server.RaftServerConfigKeys (ConfUtils.java:logGet(43)) - raft.server.log.purge.gap = 1000000 (custom)
2019-09-26 19:32:46,602 [pool-27-thread-1] INFO  server.RaftServerConfigKeys (ConfUtils.java:logGet(43)) - raft.server.log.appender.buffer.byte-limit = 33554432 (custom)
2019-09-26 19:32:46,604 [pool-27-thread-1] INFO  server.RaftServerConfigKeys (ConfUtils.java:logGet(43)) - raft.server.log.segment.size.max = 1048576 (custom)
2019-09-26 19:32:46,609 [pool-27-thread-1] INFO  server.RaftServerConfigKeys (ConfUtils.java:logGet(43)) - raft.server.log.segment.cache.num.max = 2 (custom)
2019-09-26 19:32:46,614 [pool-27-thread-1] INFO  segmented.SegmentedRaftLogWorker (SegmentedRaftLogWorker.java:<init>(172)) - new 2f744b65-9d98-4ead-8f74-686d00960d2f@group-AB1EF04243EA-SegmentedRaftLogWorker for RaftStorage:Storage Directory /workdir/hadoop-ozone/integration-test/target/test-dir/MiniOzoneClusterImpl-b2b3c804-bc5d-4147-bfec-946ab6ed1093/datanode-0/data/ratis/93af38f0-f76c-40d6-a8c0-ab1ef04243ea
2019-09-26 19:32:46,616 [pool-27-thread-1] INFO  impl.MetricsSystemImpl (MetricsSystemImpl.java:init(158)) - ratis metrics system started (again)
2019-09-26 19:32:46,622 [pool-27-thread-1] INFO  metrics.MetricRegistries (MetricRegistriesLoader.java:load(64)) - Loaded MetricRegistries class org.apache.ratis.metrics.impl.MetricRegistriesImpl
2019-09-26 19:32:46,649 [pool-27-thread-1] INFO  server.RaftServerConfigKeys (ConfUtils.java:logGet(43)) - raft.server.log.queue.byte-limit = 2147483647 (custom)
2019-09-26 19:32:46,649 [pool-27-thread-1] INFO  server.RaftServerConfigKeys (ConfUtils.java:logGet(43)) - raft.server.log.queue.element-limit = 1024 (custom)
2019-09-26 19:32:46,653 [pool-27-thread-1] INFO  server.RaftServerConfigKeys (ConfUtils.java:logGet(43)) - raft.server.log.segment.size.max = 1048576 (custom)
2019-09-26 19:32:46,653 [pool-27-thread-1] INFO  server.RaftServerConfigKeys (ConfUtils.java:logGet(43)) - raft.server.log.preallocated.size = 16384 (custom)
2019-09-26 19:32:46,654 [pool-27-thread-1] INFO  server.RaftServerConfigKeys (ConfUtils.java:logGet(43)) - raft.server.log.write.buffer.size = 33554432 (custom)
2019-09-26 19:32:46,654 [pool-27-thread-1] INFO  server.RaftServerConfigKeys (ConfUtils.java:logGet(43)) - raft.server.log.force.sync.num = 128 (default)
2019-09-26 19:32:46,655 [pool-27-thread-1] INFO  server.RaftServerConfigKeys (ConfUtils.java:logGet(43)) - raft.server.log.statemachine.data.sync = true (default)
2019-09-26 19:32:46,655 [pool-27-thread-1] INFO  server.RaftServerConfigKeys (ConfUtils.java:logGet(43)) - raft.server.log.statemachine.data.sync.timeout = 10s (default)
2019-09-26 19:32:46,656 [pool-27-thread-1] INFO  server.RaftServerConfigKeys (ConfUtils.java:logGet(43)) - raft.server.log.statemachine.data.sync.timeout.retry = -1 (default)
2019-09-26 19:32:46,664 [pool-27-thread-1] INFO  server.RaftServerConfigKeys (ConfUtils.java:logGet(43)) - raft.server.log.statemachine.data.caching.enabled = true (custom)
2019-09-26 19:32:46,669 [pool-27-thread-1] INFO  segmented.SegmentedRaftLogWorker (SegmentedRaftLogWorker.java:lambda$new$0(132)) - 2f744b65-9d98-4ead-8f74-686d00960d2f@group-AB1EF04243EA-SegmentedRaftLogWorker: flushIndex: setUnconditionally 0 -> -1
2019-09-26 19:32:46,673 [pool-27-thread-1] INFO  server.RaftServerConfigKeys (ConfUtils.java:logGet(43)) - raft.server.snapshot.auto.trigger.enabled = true (custom)
2019-09-26 19:32:46,674 [pool-27-thread-1] INFO  server.RaftServerConfigKeys (ConfUtils.java:logGet(43)) - raft.server.snapshot.auto.trigger.threshold = 10000 (custom)
2019-09-26 19:32:46,675 [pool-27-thread-1] INFO  server.RaftServerConfigKeys (ConfUtils.java:logGet(43)) - raft.server.snapshot.retention.num.files = 5 (custom)
2019-09-26 19:32:46,675 [pool-27-thread-1] INFO  server.RaftServerConfigKeys (ConfUtils.java:logGet(43)) - raft.server.retrycache.expirytime = 600000ms (custom)
2019-09-26 19:32:46,702 [pool-27-thread-1] INFO  impl.RaftServerImpl (RaftServerImpl.java:start(185)) - 2f744b65-9d98-4ead-8f74-686d00960d2f@group-AB1EF04243EA: start as a follower, conf=-1: [2f744b65-9d98-4ead-8f74-686d00960d2f:192.168.151.109:44532], old=null
2019-09-26 19:32:46,703 [pool-27-thread-1] INFO  impl.RaftServerImpl (RaftServerImpl.java:setRole(174)) - 2f744b65-9d98-4ead-8f74-686d00960d2f@group-AB1EF04243EA: changes role from      null to FOLLOWER at term 0 for startAsFollower
2019-09-26 19:32:46,705 [pool-27-thread-1] INFO  impl.RoleInfo (RoleInfo.java:updateAndGet(143)) - 2f744b65-9d98-4ead-8f74-686d00960d2f: start FollowerState
2019-09-26 19:32:46,706 [pool-27-thread-1] INFO  util.JmxRegister (JmxRegister.java:tryRegister(44)) - Successfully registered JMX Bean with object name Ratis:service=RaftServer,group=group-AB1EF04243EA,id=2f744b65-9d98-4ead-8f74-686d00960d2f
2019-09-26 19:32:46,767 [RatisPipelineUtilsThread] INFO  pipeline.PipelineStateManager (PipelineStateManager.java:addPipeline(56)) - Created pipeline Pipeline[ Id: 93af38f0-f76c-40d6-a8c0-ab1ef04243ea, Nodes: 2f744b65-9d98-4ead-8f74-686d00960d2f{ip: 192.168.151.109, host: pr-hdds-2162-kpcbn-4093309294, networkLocation: /default-rack, certSerialId: null}, Type:RATIS, Factor:ONE, State:OPEN]
2019-09-26 19:32:46,785 [grpc-default-executor-0] INFO  impl.RaftServerProxy (RaftServerProxy.java:addNew(89)) - 12a2bab0-3a62-48c3-8021-7a628a090ed8: addNew group-0391DB439212:[12a2bab0-3a62-48c3-8021-7a628a090ed8:192.168.151.109:35034] returns group-0391DB439212:java.util.concurrent.CompletableFuture@54f15f9[Not completed]
2019-09-26 19:32:46,820 [pool-47-thread-1] INFO  impl.RaftServerImpl (RaftServerImpl.java:<init>(95)) - 12a2bab0-3a62-48c3-8021-7a628a090ed8: new RaftServerImpl for group-0391DB439212:[12a2bab0-3a62-48c3-8021-7a628a090ed8:192.168.151.109:35034] with ContainerStateMachine:uninitialized
2019-09-26 19:32:46,822 [pool-47-thread-1] INFO  server.RaftServerConfigKeys (ConfUtils.java:logGet(43)) - raft.server.rpc.timeout.min = 5s (custom)
2019-09-26 19:32:46,822 [pool-47-thread-1] INFO  server.RaftServerConfigKeys (ConfUtils.java:logGet(43)) - raft.server.rpc.timeout.max = 5200ms (custom)
2019-09-26 19:32:46,822 [pool-47-thread-1] INFO  server.RaftServerConfigKeys (ConfUtils.java:logGet(43)) - raft.server.rpcslowness.timeout = 120s (custom)
2019-09-26 19:32:46,822 [pool-47-thread-1] INFO  server.RaftServerConfigKeys (ConfUtils.java:logGet(43)) - raft.server.sleep.deviation.threshold = 300 (default)
2019-09-26 19:32:46,822 [pool-47-thread-1] INFO  server.RaftServerConfigKeys (ConfUtils.java:logGet(43)) - raft.server.log.appender.install.snapshot.enabled = false (custom)
2019-09-26 19:32:46,822 [pool-47-thread-1] INFO  impl.RaftServerImpl (ServerState.java:<init>(103)) - 12a2bab0-3a62-48c3-8021-7a628a090ed8@group-0391DB439212: ConfigurationManager, init=-1: [12a2bab0-3a62-48c3-8021-7a628a090ed8:192.168.151.109:35034], old=null, confs=<EMPTY_MAP>
2019-09-26 19:32:46,822 [pool-47-thread-1] INFO  server.RaftServerConfigKeys (ConfUtils.java:logGet(43)) - raft.server.storage.dir = [/workdir/hadoop-ozone/integration-test/target/test-dir/MiniOzoneClusterImpl-b2b3c804-bc5d-4147-bfec-946ab6ed1093/datanode-2/data/ratis] (custom)
2019-09-26 19:32:46,823 [pool-47-thread-1] INFO  storage.RaftStorageDirectory (RaftStorageDirectory.java:analyzeStorage(246)) - The storage directory /workdir/hadoop-ozone/integration-test/target/test-dir/MiniOzoneClusterImpl-b2b3c804-bc5d-4147-bfec-946ab6ed1093/datanode-2/data/ratis/4548b8c6-2c2a-4bf0-a38c-0391db439212 does not exist. Creating ...
2019-09-26 19:32:46,844 [pool-47-thread-1] INFO  storage.RaftStorageDirectory (RaftStorageDirectory.java:tryLock(328)) - Lock on /workdir/hadoop-ozone/integration-test/target/test-dir/MiniOzoneClusterImpl-b2b3c804-bc5d-4147-bfec-946ab6ed1093/datanode-2/data/ratis/4548b8c6-2c2a-4bf0-a38c-0391db439212/in_use.lock acquired by nodename 27145@pr-hdds-2162-kpcbn-4093309294
2019-09-26 19:32:46,857 [pool-47-thread-1] INFO  storage.RaftStorage (RaftStorage.java:format(72)) - Storage directory /workdir/hadoop-ozone/integration-test/target/test-dir/MiniOzoneClusterImpl-b2b3c804-bc5d-4147-bfec-946ab6ed1093/datanode-2/data/ratis/4548b8c6-2c2a-4bf0-a38c-0391db439212 has been successfully formatted.
2019-09-26 19:32:46,858 [pool-47-thread-1] INFO  ratis.ContainerStateMachine (ContainerStateMachine.java:loadSnapshot(230)) - group-0391DB439212: The snapshot info is null. Setting the last applied indexto:(t:0, i:~)
2019-09-26 19:32:46,859 [pool-47-thread-1] INFO  server.RaftServerConfigKeys (ConfUtils.java:logGet(43)) - raft.server.notification.no-leader.timeout = 120s (custom)
2019-09-26 19:32:46,860 [pool-47-thread-1] INFO  server.RaftServerConfigKeys (ConfUtils.java:logGet(43)) - raft.server.log.use.memory = false (default)
2019-09-26 19:32:46,860 [pool-47-thread-1] INFO  server.RaftServerConfigKeys (ConfUtils.java:logGet(43)) - raft.server.log.purge.gap = 1000000 (custom)
2019-09-26 19:32:46,860 [pool-47-thread-1] INFO  server.RaftServerConfigKeys (ConfUtils.java:logGet(43)) - raft.server.log.appender.buffer.byte-limit = 33554432 (custom)
2019-09-26 19:32:46,860 [pool-47-thread-1] INFO  server.RaftServerConfigKeys (ConfUtils.java:logGet(43)) - raft.server.log.segment.size.max = 1048576 (custom)
2019-09-26 19:32:46,860 [pool-47-thread-1] INFO  server.RaftServerConfigKeys (ConfUtils.java:logGet(43)) - raft.server.log.segment.cache.num.max = 2 (custom)
2019-09-26 19:32:46,860 [pool-47-thread-1] INFO  segmented.SegmentedRaftLogWorker (SegmentedRaftLogWorker.java:<init>(172)) - new 12a2bab0-3a62-48c3-8021-7a628a090ed8@group-0391DB439212-SegmentedRaftLogWorker for RaftStorage:Storage Directory /workdir/hadoop-ozone/integration-test/target/test-dir/MiniOzoneClusterImpl-b2b3c804-bc5d-4147-bfec-946ab6ed1093/datanode-2/data/ratis/4548b8c6-2c2a-4bf0-a38c-0391db439212
2019-09-26 19:32:46,865 [pool-47-thread-1] INFO  server.RaftServerConfigKeys (ConfUtils.java:logGet(43)) - raft.server.log.queue.byte-limit = 2147483647 (custom)
2019-09-26 19:32:46,865 [pool-47-thread-1] INFO  server.RaftServerConfigKeys (ConfUtils.java:logGet(43)) - raft.server.log.queue.element-limit = 1024 (custom)
2019-09-26 19:32:46,866 [pool-47-thread-1] INFO  server.RaftServerConfigKeys (ConfUtils.java:logGet(43)) - raft.server.log.segment.size.max = 1048576 (custom)
2019-09-26 19:32:46,866 [pool-47-thread-1] INFO  server.RaftServerConfigKeys (ConfUtils.java:logGet(43)) - raft.server.log.preallocated.size = 16384 (custom)
2019-09-26 19:32:46,866 [pool-47-thread-1] INFO  server.RaftServerConfigKeys (ConfUtils.java:logGet(43)) - raft.server.log.write.buffer.size = 33554432 (custom)
2019-09-26 19:32:46,866 [pool-47-thread-1] INFO  server.RaftServerConfigKeys (ConfUtils.java:logGet(43)) - raft.server.log.force.sync.num = 128 (default)
2019-09-26 19:32:46,866 [pool-47-thread-1] INFO  server.RaftServerConfigKeys (ConfUtils.java:logGet(43)) - raft.server.log.statemachine.data.sync = true (default)
2019-09-26 19:32:46,866 [pool-47-thread-1] INFO  server.RaftServerConfigKeys (ConfUtils.java:logGet(43)) - raft.server.log.statemachine.data.sync.timeout = 10s (default)
2019-09-26 19:32:46,866 [pool-47-thread-1] INFO  server.RaftServerConfigKeys (ConfUtils.java:logGet(43)) - raft.server.log.statemachine.data.sync.timeout.retry = -1 (default)
2019-09-26 19:32:46,867 [pool-47-thread-1] INFO  server.RaftServerConfigKeys (ConfUtils.java:logGet(43)) - raft.server.log.statemachine.data.caching.enabled = true (custom)
2019-09-26 19:32:46,867 [pool-47-thread-1] INFO  segmented.SegmentedRaftLogWorker (SegmentedRaftLogWorker.java:lambda$new$0(132)) - 12a2bab0-3a62-48c3-8021-7a628a090ed8@group-0391DB439212-SegmentedRaftLogWorker: flushIndex: setUnconditionally 0 -> -1
2019-09-26 19:32:46,867 [pool-47-thread-1] INFO  server.RaftServerConfigKeys (ConfUtils.java:logGet(43)) - raft.server.snapshot.auto.trigger.enabled = true (custom)
2019-09-26 19:32:46,867 [pool-47-thread-1] INFO  server.RaftServerConfigKeys (ConfUtils.java:logGet(43)) - raft.server.snapshot.auto.trigger.threshold = 10000 (custom)
2019-09-26 19:32:46,867 [pool-47-thread-1] INFO  server.RaftServerConfigKeys (ConfUtils.java:logGet(43)) - raft.server.snapshot.retention.num.files = 5 (custom)
2019-09-26 19:32:46,868 [pool-47-thread-1] INFO  server.RaftServerConfigKeys (ConfUtils.java:logGet(43)) - raft.server.retrycache.expirytime = 600000ms (custom)
2019-09-26 19:32:46,872 [pool-47-thread-1] INFO  impl.RaftServerImpl (RaftServerImpl.java:start(185)) - 12a2bab0-3a62-48c3-8021-7a628a090ed8@group-0391DB439212: start as a follower, conf=-1: [12a2bab0-3a62-48c3-8021-7a628a090ed8:192.168.151.109:35034], old=null
2019-09-26 19:32:46,872 [pool-47-thread-1] INFO  impl.RaftServerImpl (RaftServerImpl.java:setRole(174)) - 12a2bab0-3a62-48c3-8021-7a628a090ed8@group-0391DB439212: changes role from      null to FOLLOWER at term 0 for startAsFollower
2019-09-26 19:32:46,872 [pool-47-thread-1] INFO  impl.RoleInfo (RoleInfo.java:updateAndGet(143)) - 12a2bab0-3a62-48c3-8021-7a628a090ed8: start FollowerState
2019-09-26 19:32:46,873 [pool-47-thread-1] INFO  util.JmxRegister (JmxRegister.java:tryRegister(44)) - Successfully registered JMX Bean with object name Ratis:service=RaftServer,group=group-0391DB439212,id=12a2bab0-3a62-48c3-8021-7a628a090ed8
2019-09-26 19:32:46,887 [RatisPipelineUtilsThread] INFO  pipeline.PipelineStateManager (PipelineStateManager.java:addPipeline(56)) - Created pipeline Pipeline[ Id: 4548b8c6-2c2a-4bf0-a38c-0391db439212, Nodes: 12a2bab0-3a62-48c3-8021-7a628a090ed8{ip: 192.168.151.109, host: pr-hdds-2162-kpcbn-4093309294, networkLocation: /default-rack, certSerialId: null}, Type:RATIS, Factor:ONE, State:OPEN]
2019-09-26 19:32:46,906 [grpc-default-executor-0] INFO  impl.RaftServerProxy (RaftServerProxy.java:addNew(89)) - 930c43c6-fb1b-4a0f-8aa9-356d61d94860: addNew group-CEB27D615DA2:[930c43c6-fb1b-4a0f-8aa9-356d61d94860:192.168.151.109:37348] returns group-CEB27D615DA2:java.util.concurrent.CompletableFuture@392e1d97[Not completed]
2019-09-26 19:32:46,923 [pool-37-thread-1] INFO  impl.RaftServerImpl (RaftServerImpl.java:<init>(95)) - 930c43c6-fb1b-4a0f-8aa9-356d61d94860: new RaftServerImpl for group-CEB27D615DA2:[930c43c6-fb1b-4a0f-8aa9-356d61d94860:192.168.151.109:37348] with ContainerStateMachine:uninitialized
2019-09-26 19:32:46,924 [pool-37-thread-1] INFO  server.RaftServerConfigKeys (ConfUtils.java:logGet(43)) - raft.server.rpc.timeout.min = 5s (custom)
2019-09-26 19:32:46,924 [pool-37-thread-1] INFO  server.RaftServerConfigKeys (ConfUtils.java:logGet(43)) - raft.server.rpc.timeout.max = 5200ms (custom)
2019-09-26 19:32:46,924 [pool-37-thread-1] INFO  server.RaftServerConfigKeys (ConfUtils.java:logGet(43)) - raft.server.rpcslowness.timeout = 120s (custom)
2019-09-26 19:32:46,925 [pool-37-thread-1] INFO  server.RaftServerConfigKeys (ConfUtils.java:logGet(43)) - raft.server.sleep.deviation.threshold = 300 (default)
2019-09-26 19:32:46,925 [pool-37-thread-1] INFO  server.RaftServerConfigKeys (ConfUtils.java:logGet(43)) - raft.server.log.appender.install.snapshot.enabled = false (custom)
2019-09-26 19:32:46,925 [pool-37-thread-1] INFO  impl.RaftServerImpl (ServerState.java:<init>(103)) - 930c43c6-fb1b-4a0f-8aa9-356d61d94860@group-CEB27D615DA2: ConfigurationManager, init=-1: [930c43c6-fb1b-4a0f-8aa9-356d61d94860:192.168.151.109:37348], old=null, confs=<EMPTY_MAP>
2019-09-26 19:32:46,925 [pool-37-thread-1] INFO  server.RaftServerConfigKeys (ConfUtils.java:logGet(43)) - raft.server.storage.dir = [/workdir/hadoop-ozone/integration-test/target/test-dir/MiniOzoneClusterImpl-b2b3c804-bc5d-4147-bfec-946ab6ed1093/datanode-1/data/ratis] (custom)
2019-09-26 19:32:46,926 [pool-37-thread-1] INFO  storage.RaftStorageDirectory (RaftStorageDirectory.java:analyzeStorage(246)) - The storage directory /workdir/hadoop-ozone/integration-test/target/test-dir/MiniOzoneClusterImpl-b2b3c804-bc5d-4147-bfec-946ab6ed1093/datanode-1/data/ratis/309603d9-d03b-4f22-97c0-ceb27d615da2 does not exist. Creating ...
2019-09-26 19:32:46,939 [pool-37-thread-1] INFO  storage.RaftStorageDirectory (RaftStorageDirectory.java:tryLock(328)) - Lock on /workdir/hadoop-ozone/integration-test/target/test-dir/MiniOzoneClusterImpl-b2b3c804-bc5d-4147-bfec-946ab6ed1093/datanode-1/data/ratis/309603d9-d03b-4f22-97c0-ceb27d615da2/in_use.lock acquired by nodename 27145@pr-hdds-2162-kpcbn-4093309294
2019-09-26 19:32:46,953 [pool-37-thread-1] INFO  storage.RaftStorage (RaftStorage.java:format(72)) - Storage directory /workdir/hadoop-ozone/integration-test/target/test-dir/MiniOzoneClusterImpl-b2b3c804-bc5d-4147-bfec-946ab6ed1093/datanode-1/data/ratis/309603d9-d03b-4f22-97c0-ceb27d615da2 has been successfully formatted.
2019-09-26 19:32:46,953 [pool-37-thread-1] INFO  ratis.ContainerStateMachine (ContainerStateMachine.java:loadSnapshot(230)) - group-CEB27D615DA2: The snapshot info is null. Setting the last applied indexto:(t:0, i:~)
2019-09-26 19:32:46,954 [pool-37-thread-1] INFO  server.RaftServerConfigKeys (ConfUtils.java:logGet(43)) - raft.server.notification.no-leader.timeout = 120s (custom)
2019-09-26 19:32:46,954 [pool-37-thread-1] INFO  server.RaftServerConfigKeys (ConfUtils.java:logGet(43)) - raft.server.log.use.memory = false (default)
2019-09-26 19:32:46,954 [pool-37-thread-1] INFO  server.RaftServerConfigKeys (ConfUtils.java:logGet(43)) - raft.server.log.purge.gap = 1000000 (custom)
2019-09-26 19:32:46,954 [pool-37-thread-1] INFO  server.RaftServerConfigKeys (ConfUtils.java:logGet(43)) - raft.server.log.appender.buffer.byte-limit = 33554432 (custom)
2019-09-26 19:32:46,954 [pool-37-thread-1] INFO  server.RaftServerConfigKeys (ConfUtils.java:logGet(43)) - raft.server.log.segment.size.max = 1048576 (custom)
2019-09-26 19:32:46,955 [pool-37-thread-1] INFO  server.RaftServerConfigKeys (ConfUtils.java:logGet(43)) - raft.server.log.segment.cache.num.max = 2 (custom)
2019-09-26 19:32:46,955 [pool-37-thread-1] INFO  segmented.SegmentedRaftLogWorker (SegmentedRaftLogWorker.java:<init>(172)) - new 930c43c6-fb1b-4a0f-8aa9-356d61d94860@group-CEB27D615DA2-SegmentedRaftLogWorker for RaftStorage:Storage Directory /workdir/hadoop-ozone/integration-test/target/test-dir/MiniOzoneClusterImpl-b2b3c804-bc5d-4147-bfec-946ab6ed1093/datanode-1/data/ratis/309603d9-d03b-4f22-97c0-ceb27d615da2
2019-09-26 19:32:46,981 [pool-37-thread-1] INFO  server.RaftServerConfigKeys (ConfUtils.java:logGet(43)) - raft.server.log.queue.byte-limit = 2147483647 (custom)
2019-09-26 19:32:46,981 [pool-37-thread-1] INFO  server.RaftServerConfigKeys (ConfUtils.java:logGet(43)) - raft.server.log.queue.element-limit = 1024 (custom)
2019-09-26 19:32:46,981 [pool-37-thread-1] INFO  server.RaftServerConfigKeys (ConfUtils.java:logGet(43)) - raft.server.log.segment.size.max = 1048576 (custom)
2019-09-26 19:32:46,982 [pool-37-thread-1] INFO  server.RaftServerConfigKeys (ConfUtils.java:logGet(43)) - raft.server.log.preallocated.size = 16384 (custom)
2019-09-26 19:32:46,982 [pool-37-thread-1] INFO  server.RaftServerConfigKeys (ConfUtils.java:logGet(43)) - raft.server.log.write.buffer.size = 33554432 (custom)
2019-09-26 19:32:46,982 [pool-37-thread-1] INFO  server.RaftServerConfigKeys (ConfUtils.java:logGet(43)) - raft.server.log.force.sync.num = 128 (default)
2019-09-26 19:32:46,982 [pool-37-thread-1] INFO  server.RaftServerConfigKeys (ConfUtils.java:logGet(43)) - raft.server.log.statemachine.data.sync = true (default)
2019-09-26 19:32:46,982 [pool-37-thread-1] INFO  server.RaftServerConfigKeys (ConfUtils.java:logGet(43)) - raft.server.log.statemachine.data.sync.timeout = 10s (default)
2019-09-26 19:32:46,983 [pool-37-thread-1] INFO  server.RaftServerConfigKeys (ConfUtils.java:logGet(43)) - raft.server.log.statemachine.data.sync.timeout.retry = -1 (default)
2019-09-26 19:32:46,983 [pool-37-thread-1] INFO  server.RaftServerConfigKeys (ConfUtils.java:logGet(43)) - raft.server.log.statemachine.data.caching.enabled = true (custom)
2019-09-26 19:32:46,983 [pool-37-thread-1] INFO  segmented.SegmentedRaftLogWorker (SegmentedRaftLogWorker.java:lambda$new$0(132)) - 930c43c6-fb1b-4a0f-8aa9-356d61d94860@group-CEB27D615DA2-SegmentedRaftLogWorker: flushIndex: setUnconditionally 0 -> -1
2019-09-26 19:32:46,984 [pool-37-thread-1] INFO  server.RaftServerConfigKeys (ConfUtils.java:logGet(43)) - raft.server.snapshot.auto.trigger.enabled = true (custom)
2019-09-26 19:32:46,984 [pool-37-thread-1] INFO  server.RaftServerConfigKeys (ConfUtils.java:logGet(43)) - raft.server.snapshot.auto.trigger.threshold = 10000 (custom)
2019-09-26 19:32:46,984 [pool-37-thread-1] INFO  server.RaftServerConfigKeys (ConfUtils.java:logGet(43)) - raft.server.snapshot.retention.num.files = 5 (custom)
2019-09-26 19:32:46,984 [pool-37-thread-1] INFO  server.RaftServerConfigKeys (ConfUtils.java:logGet(43)) - raft.server.retrycache.expirytime = 600000ms (custom)
2019-09-26 19:32:46,990 [pool-37-thread-1] INFO  impl.RaftServerImpl (RaftServerImpl.java:start(185)) - 930c43c6-fb1b-4a0f-8aa9-356d61d94860@group-CEB27D615DA2: start as a follower, conf=-1: [930c43c6-fb1b-4a0f-8aa9-356d61d94860:192.168.151.109:37348], old=null
2019-09-26 19:32:46,990 [pool-37-thread-1] INFO  impl.RaftServerImpl (RaftServerImpl.java:setRole(174)) - 930c43c6-fb1b-4a0f-8aa9-356d61d94860@group-CEB27D615DA2: changes role from      null to FOLLOWER at term 0 for startAsFollower
2019-09-26 19:32:46,990 [pool-37-thread-1] INFO  impl.RoleInfo (RoleInfo.java:updateAndGet(143)) - 930c43c6-fb1b-4a0f-8aa9-356d61d94860: start FollowerState
2019-09-26 19:32:46,991 [pool-37-thread-1] INFO  util.JmxRegister (JmxRegister.java:tryRegister(44)) - Successfully registered JMX Bean with object name Ratis:service=RaftServer,group=group-CEB27D615DA2,id=930c43c6-fb1b-4a0f-8aa9-356d61d94860
2019-09-26 19:32:47,002 [RatisPipelineUtilsThread] INFO  pipeline.PipelineStateManager (PipelineStateManager.java:addPipeline(56)) - Created pipeline Pipeline[ Id: 309603d9-d03b-4f22-97c0-ceb27d615da2, Nodes: 930c43c6-fb1b-4a0f-8aa9-356d61d94860{ip: 192.168.151.109, host: pr-hdds-2162-kpcbn-4093309294, networkLocation: /default-rack, certSerialId: null}, Type:RATIS, Factor:ONE, State:OPEN]
2019-09-26 19:32:47,033 [grpc-default-executor-1] INFO  impl.RaftServerProxy (RaftServerProxy.java:addNew(89)) - 2f744b65-9d98-4ead-8f74-686d00960d2f: addNew group-012E4F7491C1:[12a2bab0-3a62-48c3-8021-7a628a090ed8:192.168.151.109:35034, 2f744b65-9d98-4ead-8f74-686d00960d2f:192.168.151.109:44532, 930c43c6-fb1b-4a0f-8aa9-356d61d94860:192.168.151.109:37348] returns group-012E4F7491C1:java.util.concurrent.CompletableFuture@7186e191[Not completed]
2019-09-26 19:32:47,033 [grpc-default-executor-2] INFO  impl.RaftServerProxy (RaftServerProxy.java:addNew(89)) - 930c43c6-fb1b-4a0f-8aa9-356d61d94860: addNew group-012E4F7491C1:[12a2bab0-3a62-48c3-8021-7a628a090ed8:192.168.151.109:35034, 2f744b65-9d98-4ead-8f74-686d00960d2f:192.168.151.109:44532, 930c43c6-fb1b-4a0f-8aa9-356d61d94860:192.168.151.109:37348] returns group-012E4F7491C1:java.util.concurrent.CompletableFuture@4c284b0[Not completed]
2019-09-26 19:32:47,035 [grpc-default-executor-2] INFO  impl.RaftServerProxy (RaftServerProxy.java:addNew(89)) - 12a2bab0-3a62-48c3-8021-7a628a090ed8: addNew group-012E4F7491C1:[12a2bab0-3a62-48c3-8021-7a628a090ed8:192.168.151.109:35034, 2f744b65-9d98-4ead-8f74-686d00960d2f:192.168.151.109:44532, 930c43c6-fb1b-4a0f-8aa9-356d61d94860:192.168.151.109:37348] returns group-012E4F7491C1:java.util.concurrent.CompletableFuture@fd00f0[Not completed]
2019-09-26 19:32:47,035 [pool-37-thread-1] INFO  impl.RaftServerImpl (RaftServerImpl.java:<init>(95)) - 930c43c6-fb1b-4a0f-8aa9-356d61d94860: new RaftServerImpl for group-012E4F7491C1:[12a2bab0-3a62-48c3-8021-7a628a090ed8:192.168.151.109:35034, 2f744b65-9d98-4ead-8f74-686d00960d2f:192.168.151.109:44532, 930c43c6-fb1b-4a0f-8aa9-356d61d94860:192.168.151.109:37348] with ContainerStateMachine:uninitialized
2019-09-26 19:32:47,036 [pool-37-thread-1] INFO  server.RaftServerConfigKeys (ConfUtils.java:logGet(43)) - raft.server.rpc.timeout.min = 5s (custom)
2019-09-26 19:32:47,036 [pool-37-thread-1] INFO  server.RaftServerConfigKeys (ConfUtils.java:logGet(43)) - raft.server.rpc.timeout.max = 5200ms (custom)
2019-09-26 19:32:47,036 [pool-37-thread-1] INFO  server.RaftServerConfigKeys (ConfUtils.java:logGet(43)) - raft.server.rpcslowness.timeout = 120s (custom)
2019-09-26 19:32:47,036 [pool-37-thread-1] INFO  server.RaftServerConfigKeys (ConfUtils.java:logGet(43)) - raft.server.sleep.deviation.threshold = 300 (default)
2019-09-26 19:32:47,036 [pool-37-thread-1] INFO  server.RaftServerConfigKeys (ConfUtils.java:logGet(43)) - raft.server.log.appender.install.snapshot.enabled = false (custom)
2019-09-26 19:32:47,036 [pool-47-thread-1] INFO  impl.RaftServerImpl (RaftServerImpl.java:<init>(95)) - 12a2bab0-3a62-48c3-8021-7a628a090ed8: new RaftServerImpl for group-012E4F7491C1:[12a2bab0-3a62-48c3-8021-7a628a090ed8:192.168.151.109:35034, 2f744b65-9d98-4ead-8f74-686d00960d2f:192.168.151.109:44532, 930c43c6-fb1b-4a0f-8aa9-356d61d94860:192.168.151.109:37348] with ContainerStateMachine:uninitialized
2019-09-26 19:32:47,037 [pool-37-thread-1] INFO  impl.RaftServerImpl (ServerState.java:<init>(103)) - 930c43c6-fb1b-4a0f-8aa9-356d61d94860@group-012E4F7491C1: ConfigurationManager, init=-1: [12a2bab0-3a62-48c3-8021-7a628a090ed8:192.168.151.109:35034, 2f744b65-9d98-4ead-8f74-686d00960d2f:192.168.151.109:44532, 930c43c6-fb1b-4a0f-8aa9-356d61d94860:192.168.151.109:37348], old=null, confs=<EMPTY_MAP>
2019-09-26 19:32:47,037 [pool-47-thread-1] INFO  server.RaftServerConfigKeys (ConfUtils.java:logGet(43)) - raft.server.rpc.timeout.min = 5s (custom)
2019-09-26 19:32:47,037 [pool-37-thread-1] INFO  server.RaftServerConfigKeys (ConfUtils.java:logGet(43)) - raft.server.storage.dir = [/workdir/hadoop-ozone/integration-test/target/test-dir/MiniOzoneClusterImpl-b2b3c804-bc5d-4147-bfec-946ab6ed1093/datanode-1/data/ratis] (custom)
2019-09-26 19:32:47,037 [pool-47-thread-1] INFO  server.RaftServerConfigKeys (ConfUtils.java:logGet(43)) - raft.server.rpc.timeout.max = 5200ms (custom)
2019-09-26 19:32:47,037 [pool-47-thread-1] INFO  server.RaftServerConfigKeys (ConfUtils.java:logGet(43)) - raft.server.rpcslowness.timeout = 120s (custom)
2019-09-26 19:32:47,037 [pool-47-thread-1] INFO  server.RaftServerConfigKeys (ConfUtils.java:logGet(43)) - raft.server.sleep.deviation.threshold = 300 (default)
2019-09-26 19:32:47,037 [pool-37-thread-1] INFO  storage.RaftStorageDirectory (RaftStorageDirectory.java:analyzeStorage(246)) - The storage directory /workdir/hadoop-ozone/integration-test/target/test-dir/MiniOzoneClusterImpl-b2b3c804-bc5d-4147-bfec-946ab6ed1093/datanode-1/data/ratis/8c8c760f-ecbd-4373-9f3f-012e4f7491c1 does not exist. Creating ...
2019-09-26 19:32:47,037 [pool-47-thread-1] INFO  server.RaftServerConfigKeys (ConfUtils.java:logGet(43)) - raft.server.log.appender.install.snapshot.enabled = false (custom)
2019-09-26 19:32:47,038 [pool-27-thread-1] INFO  impl.RaftServerImpl (RaftServerImpl.java:<init>(95)) - 2f744b65-9d98-4ead-8f74-686d00960d2f: new RaftServerImpl for group-012E4F7491C1:[12a2bab0-3a62-48c3-8021-7a628a090ed8:192.168.151.109:35034, 2f744b65-9d98-4ead-8f74-686d00960d2f:192.168.151.109:44532, 930c43c6-fb1b-4a0f-8aa9-356d61d94860:192.168.151.109:37348] with ContainerStateMachine:uninitialized
2019-09-26 19:32:47,038 [pool-47-thread-1] INFO  impl.RaftServerImpl (ServerState.java:<init>(103)) - 12a2bab0-3a62-48c3-8021-7a628a090ed8@group-012E4F7491C1: ConfigurationManager, init=-1: [12a2bab0-3a62-48c3-8021-7a628a090ed8:192.168.151.109:35034, 2f744b65-9d98-4ead-8f74-686d00960d2f:192.168.151.109:44532, 930c43c6-fb1b-4a0f-8aa9-356d61d94860:192.168.151.109:37348], old=null, confs=<EMPTY_MAP>
2019-09-26 19:32:47,038 [pool-27-thread-1] INFO  server.RaftServerConfigKeys (ConfUtils.java:logGet(43)) - raft.server.rpc.timeout.min = 5s (custom)
2019-09-26 19:32:47,038 [pool-47-thread-1] INFO  server.RaftServerConfigKeys (ConfUtils.java:logGet(43)) - raft.server.storage.dir = [/workdir/hadoop-ozone/integration-test/target/test-dir/MiniOzoneClusterImpl-b2b3c804-bc5d-4147-bfec-946ab6ed1093/datanode-2/data/ratis] (custom)
2019-09-26 19:32:47,038 [pool-27-thread-1] INFO  server.RaftServerConfigKeys (ConfUtils.java:logGet(43)) - raft.server.rpc.timeout.max = 5200ms (custom)
2019-09-26 19:32:47,038 [pool-27-thread-1] INFO  server.RaftServerConfigKeys (ConfUtils.java:logGet(43)) - raft.server.rpcslowness.timeout = 120s (custom)
2019-09-26 19:32:47,039 [pool-47-thread-1] INFO  storage.RaftStorageDirectory (RaftStorageDirectory.java:analyzeStorage(246)) - The storage directory /workdir/hadoop-ozone/integration-test/target/test-dir/MiniOzoneClusterImpl-b2b3c804-bc5d-4147-bfec-946ab6ed1093/datanode-2/data/ratis/8c8c760f-ecbd-4373-9f3f-012e4f7491c1 does not exist. Creating ...
2019-09-26 19:32:47,039 [pool-27-thread-1] INFO  server.RaftServerConfigKeys (ConfUtils.java:logGet(43)) - raft.server.sleep.deviation.threshold = 300 (default)
2019-09-26 19:32:47,039 [pool-27-thread-1] INFO  server.RaftServerConfigKeys (ConfUtils.java:logGet(43)) - raft.server.log.appender.install.snapshot.enabled = false (custom)
2019-09-26 19:32:47,039 [pool-27-thread-1] INFO  impl.RaftServerImpl (ServerState.java:<init>(103)) - 2f744b65-9d98-4ead-8f74-686d00960d2f@group-012E4F7491C1: ConfigurationManager, init=-1: [12a2bab0-3a62-48c3-8021-7a628a090ed8:192.168.151.109:35034, 2f744b65-9d98-4ead-8f74-686d00960d2f:192.168.151.109:44532, 930c43c6-fb1b-4a0f-8aa9-356d61d94860:192.168.151.109:37348], old=null, confs=<EMPTY_MAP>
2019-09-26 19:32:47,039 [pool-27-thread-1] INFO  server.RaftServerConfigKeys (ConfUtils.java:logGet(43)) - raft.server.storage.dir = [/workdir/hadoop-ozone/integration-test/target/test-dir/MiniOzoneClusterImpl-b2b3c804-bc5d-4147-bfec-946ab6ed1093/datanode-0/data/ratis] (custom)
2019-09-26 19:32:47,040 [pool-27-thread-1] INFO  storage.RaftStorageDirectory (RaftStorageDirectory.java:analyzeStorage(246)) - The storage directory /workdir/hadoop-ozone/integration-test/target/test-dir/MiniOzoneClusterImpl-b2b3c804-bc5d-4147-bfec-946ab6ed1093/datanode-0/data/ratis/8c8c760f-ecbd-4373-9f3f-012e4f7491c1 does not exist. Creating ...
2019-09-26 19:32:47,051 [pool-37-thread-1] INFO  storage.RaftStorageDirectory (RaftStorageDirectory.java:tryLock(328)) - Lock on /workdir/hadoop-ozone/integration-test/target/test-dir/MiniOzoneClusterImpl-b2b3c804-bc5d-4147-bfec-946ab6ed1093/datanode-1/data/ratis/8c8c760f-ecbd-4373-9f3f-012e4f7491c1/in_use.lock acquired by nodename 27145@pr-hdds-2162-kpcbn-4093309294
2019-09-26 19:32:47,051 [pool-27-thread-1] INFO  storage.RaftStorageDirectory (RaftStorageDirectory.java:tryLock(328)) - Lock on /workdir/hadoop-ozone/integration-test/target/test-dir/MiniOzoneClusterImpl-b2b3c804-bc5d-4147-bfec-946ab6ed1093/datanode-0/data/ratis/8c8c760f-ecbd-4373-9f3f-012e4f7491c1/in_use.lock acquired by nodename 27145@pr-hdds-2162-kpcbn-4093309294
2019-09-26 19:32:47,051 [pool-47-thread-1] INFO  storage.RaftStorageDirectory (RaftStorageDirectory.java:tryLock(328)) - Lock on /workdir/hadoop-ozone/integration-test/target/test-dir/MiniOzoneClusterImpl-b2b3c804-bc5d-4147-bfec-946ab6ed1093/datanode-2/data/ratis/8c8c760f-ecbd-4373-9f3f-012e4f7491c1/in_use.lock acquired by nodename 27145@pr-hdds-2162-kpcbn-4093309294
2019-09-26 19:32:47,065 [pool-37-thread-1] INFO  storage.RaftStorage (RaftStorage.java:format(72)) - Storage directory /workdir/hadoop-ozone/integration-test/target/test-dir/MiniOzoneClusterImpl-b2b3c804-bc5d-4147-bfec-946ab6ed1093/datanode-1/data/ratis/8c8c760f-ecbd-4373-9f3f-012e4f7491c1 has been successfully formatted.
2019-09-26 19:32:47,065 [pool-47-thread-1] INFO  storage.RaftStorage (RaftStorage.java:format(72)) - Storage directory /workdir/hadoop-ozone/integration-test/target/test-dir/MiniOzoneClusterImpl-b2b3c804-bc5d-4147-bfec-946ab6ed1093/datanode-2/data/ratis/8c8c760f-ecbd-4373-9f3f-012e4f7491c1 has been successfully formatted.
2019-09-26 19:32:47,065 [pool-27-thread-1] INFO  storage.RaftStorage (RaftStorage.java:format(72)) - Storage directory /workdir/hadoop-ozone/integration-test/target/test-dir/MiniOzoneClusterImpl-b2b3c804-bc5d-4147-bfec-946ab6ed1093/datanode-0/data/ratis/8c8c760f-ecbd-4373-9f3f-012e4f7491c1 has been successfully formatted.
2019-09-26 19:32:47,065 [pool-37-thread-1] INFO  ratis.ContainerStateMachine (ContainerStateMachine.java:loadSnapshot(230)) - group-012E4F7491C1: The snapshot info is null. Setting the last applied indexto:(t:0, i:~)
2019-09-26 19:32:47,065 [pool-47-thread-1] INFO  ratis.ContainerStateMachine (ContainerStateMachine.java:loadSnapshot(230)) - group-012E4F7491C1: The snapshot info is null. Setting the last applied indexto:(t:0, i:~)
2019-09-26 19:32:47,066 [pool-37-thread-1] INFO  server.RaftServerConfigKeys (ConfUtils.java:logGet(43)) - raft.server.notification.no-leader.timeout = 120s (custom)
2019-09-26 19:32:47,066 [pool-27-thread-1] INFO  ratis.ContainerStateMachine (ContainerStateMachine.java:loadSnapshot(230)) - group-012E4F7491C1: The snapshot info is null. Setting the last applied indexto:(t:0, i:~)
2019-09-26 19:32:47,066 [pool-37-thread-1] INFO  server.RaftServerConfigKeys (ConfUtils.java:logGet(43)) - raft.server.log.use.memory = false (default)
2019-09-26 19:32:47,066 [pool-47-thread-1] INFO  server.RaftServerConfigKeys (ConfUtils.java:logGet(43)) - raft.server.notification.no-leader.timeout = 120s (custom)
2019-09-26 19:32:47,066 [pool-37-thread-1] INFO  server.RaftServerConfigKeys (ConfUtils.java:logGet(43)) - raft.server.log.purge.gap = 1000000 (custom)
2019-09-26 19:32:47,066 [pool-27-thread-1] INFO  server.RaftServerConfigKeys (ConfUtils.java:logGet(43)) - raft.server.notification.no-leader.timeout = 120s (custom)
2019-09-26 19:32:47,066 [pool-37-thread-1] INFO  server.RaftServerConfigKeys (ConfUtils.java:logGet(43)) - raft.server.log.appender.buffer.byte-limit = 33554432 (custom)
2019-09-26 19:32:47,066 [pool-47-thread-1] INFO  server.RaftServerConfigKeys (ConfUtils.java:logGet(43)) - raft.server.log.use.memory = false (default)
2019-09-26 19:32:47,067 [pool-37-thread-1] INFO  server.RaftServerConfigKeys (ConfUtils.java:logGet(43)) - raft.server.log.segment.size.max = 1048576 (custom)
2019-09-26 19:32:47,067 [pool-27-thread-1] INFO  server.RaftServerConfigKeys (ConfUtils.java:logGet(43)) - raft.server.log.use.memory = false (default)
2019-09-26 19:32:47,067 [pool-37-thread-1] INFO  server.RaftServerConfigKeys (ConfUtils.java:logGet(43)) - raft.server.log.segment.cache.num.max = 2 (custom)
2019-09-26 19:32:47,067 [pool-47-thread-1] INFO  server.RaftServerConfigKeys (ConfUtils.java:logGet(43)) - raft.server.log.purge.gap = 1000000 (custom)
2019-09-26 19:32:47,067 [pool-37-thread-1] INFO  segmented.SegmentedRaftLogWorker (SegmentedRaftLogWorker.java:<init>(172)) - new 930c43c6-fb1b-4a0f-8aa9-356d61d94860@group-012E4F7491C1-SegmentedRaftLogWorker for RaftStorage:Storage Directory /workdir/hadoop-ozone/integration-test/target/test-dir/MiniOzoneClusterImpl-b2b3c804-bc5d-4147-bfec-946ab6ed1093/datanode-1/data/ratis/8c8c760f-ecbd-4373-9f3f-012e4f7491c1
2019-09-26 19:32:47,067 [pool-27-thread-1] INFO  server.RaftServerConfigKeys (ConfUtils.java:logGet(43)) - raft.server.log.purge.gap = 1000000 (custom)
2019-09-26 19:32:47,068 [pool-37-thread-1] INFO  server.RaftServerConfigKeys (ConfUtils.java:logGet(43)) - raft.server.log.queue.byte-limit = 2147483647 (custom)
2019-09-26 19:32:47,067 [pool-47-thread-1] INFO  server.RaftServerConfigKeys (ConfUtils.java:logGet(43)) - raft.server.log.appender.buffer.byte-limit = 33554432 (custom)
2019-09-26 19:32:47,068 [pool-37-thread-1] INFO  server.RaftServerConfigKeys (ConfUtils.java:logGet(43)) - raft.server.log.queue.element-limit = 1024 (custom)
2019-09-26 19:32:47,068 [pool-27-thread-1] INFO  server.RaftServerConfigKeys (ConfUtils.java:logGet(43)) - raft.server.log.appender.buffer.byte-limit = 33554432 (custom)
2019-09-26 19:32:47,068 [pool-37-thread-1] INFO  server.RaftServerConfigKeys (ConfUtils.java:logGet(43)) - raft.server.log.segment.size.max = 1048576 (custom)
2019-09-26 19:32:47,068 [pool-47-thread-1] INFO  server.RaftServerConfigKeys (ConfUtils.java:logGet(43)) - raft.server.log.segment.size.max = 1048576 (custom)
2019-09-26 19:32:47,068 [pool-37-thread-1] INFO  server.RaftServerConfigKeys (ConfUtils.java:logGet(43)) - raft.server.log.preallocated.size = 16384 (custom)
2019-09-26 19:32:47,068 [pool-27-thread-1] INFO  server.RaftServerConfigKeys (ConfUtils.java:logGet(43)) - raft.server.log.segment.size.max = 1048576 (custom)
2019-09-26 19:32:47,069 [pool-37-thread-1] INFO  server.RaftServerConfigKeys (ConfUtils.java:logGet(43)) - raft.server.log.write.buffer.size = 33554432 (custom)
2019-09-26 19:32:47,069 [pool-47-thread-1] INFO  server.RaftServerConfigKeys (ConfUtils.java:logGet(43)) - raft.server.log.segment.cache.num.max = 2 (custom)
2019-09-26 19:32:47,069 [pool-37-thread-1] INFO  server.RaftServerConfigKeys (ConfUtils.java:logGet(43)) - raft.server.log.force.sync.num = 128 (default)
2019-09-26 19:32:47,069 [pool-27-thread-1] INFO  server.RaftServerConfigKeys (ConfUtils.java:logGet(43)) - raft.server.log.segment.cache.num.max = 2 (custom)
2019-09-26 19:32:47,069 [pool-37-thread-1] INFO  server.RaftServerConfigKeys (ConfUtils.java:logGet(43)) - raft.server.log.statemachine.data.sync = true (default)
2019-09-26 19:32:47,069 [pool-47-thread-1] INFO  segmented.SegmentedRaftLogWorker (SegmentedRaftLogWorker.java:<init>(172)) - new 12a2bab0-3a62-48c3-8021-7a628a090ed8@group-012E4F7491C1-SegmentedRaftLogWorker for RaftStorage:Storage Directory /workdir/hadoop-ozone/integration-test/target/test-dir/MiniOzoneClusterImpl-b2b3c804-bc5d-4147-bfec-946ab6ed1093/datanode-2/data/ratis/8c8c760f-ecbd-4373-9f3f-012e4f7491c1
2019-09-26 19:32:47,070 [pool-37-thread-1] INFO  server.RaftServerConfigKeys (ConfUtils.java:logGet(43)) - raft.server.log.statemachine.data.sync.timeout = 10s (default)
2019-09-26 19:32:47,070 [pool-47-thread-1] INFO  server.RaftServerConfigKeys (ConfUtils.java:logGet(43)) - raft.server.log.queue.byte-limit = 2147483647 (custom)
2019-09-26 19:32:47,070 [pool-27-thread-1] INFO  segmented.SegmentedRaftLogWorker (SegmentedRaftLogWorker.java:<init>(172)) - new 2f744b65-9d98-4ead-8f74-686d00960d2f@group-012E4F7491C1-SegmentedRaftLogWorker for RaftStorage:Storage Directory /workdir/hadoop-ozone/integration-test/target/test-dir/MiniOzoneClusterImpl-b2b3c804-bc5d-4147-bfec-946ab6ed1093/datanode-0/data/ratis/8c8c760f-ecbd-4373-9f3f-012e4f7491c1
2019-09-26 19:32:47,070 [pool-47-thread-1] INFO  server.RaftServerConfigKeys (ConfUtils.java:logGet(43)) - raft.server.log.queue.element-limit = 1024 (custom)
2019-09-26 19:32:47,070 [pool-37-thread-1] INFO  server.RaftServerConfigKeys (ConfUtils.java:logGet(43)) - raft.server.log.statemachine.data.sync.timeout.retry = -1 (default)
2019-09-26 19:32:47,071 [pool-47-thread-1] INFO  server.RaftServerConfigKeys (ConfUtils.java:logGet(43)) - raft.server.log.segment.size.max = 1048576 (custom)
2019-09-26 19:32:47,071 [pool-37-thread-1] INFO  server.RaftServerConfigKeys (ConfUtils.java:logGet(43)) - raft.server.log.statemachine.data.caching.enabled = true (custom)
2019-09-26 19:32:47,070 [pool-27-thread-1] INFO  server.RaftServerConfigKeys (ConfUtils.java:logGet(43)) - raft.server.log.queue.byte-limit = 2147483647 (custom)
2019-09-26 19:32:47,071 [pool-47-thread-1] INFO  server.RaftServerConfigKeys (ConfUtils.java:logGet(43)) - raft.server.log.preallocated.size = 16384 (custom)
2019-09-26 19:32:47,071 [pool-37-thread-1] INFO  segmented.SegmentedRaftLogWorker (SegmentedRaftLogWorker.java:lambda$new$0(132)) - 930c43c6-fb1b-4a0f-8aa9-356d61d94860@group-012E4F7491C1-SegmentedRaftLogWorker: flushIndex: setUnconditionally 0 -> -1
2019-09-26 19:32:47,071 [pool-27-thread-1] INFO  server.RaftServerConfigKeys (ConfUtils.java:logGet(43)) - raft.server.log.queue.element-limit = 1024 (custom)
2019-09-26 19:32:47,071 [pool-47-thread-1] INFO  server.RaftServerConfigKeys (ConfUtils.java:logGet(43)) - raft.server.log.write.buffer.size = 33554432 (custom)
2019-09-26 19:32:47,072 [pool-37-thread-1] INFO  server.RaftServerConfigKeys (ConfUtils.java:logGet(43)) - raft.server.snapshot.auto.trigger.enabled = true (custom)
2019-09-26 19:32:47,072 [pool-27-thread-1] INFO  server.RaftServerConfigKeys (ConfUtils.java:logGet(43)) - raft.server.log.segment.size.max = 1048576 (custom)
2019-09-26 19:32:47,072 [pool-37-thread-1] INFO  server.RaftServerConfigKeys (ConfUtils.java:logGet(43)) - raft.server.snapshot.auto.trigger.threshold = 10000 (custom)
2019-09-26 19:32:47,072 [pool-47-thread-1] INFO  server.RaftServerConfigKeys (ConfUtils.java:logGet(43)) - raft.server.log.force.sync.num = 128 (default)
2019-09-26 19:32:47,072 [pool-37-thread-1] INFO  server.RaftServerConfigKeys (ConfUtils.java:logGet(43)) - raft.server.snapshot.retention.num.files = 5 (custom)
2019-09-26 19:32:47,072 [pool-27-thread-1] INFO  server.RaftServerConfigKeys (ConfUtils.java:logGet(43)) - raft.server.log.preallocated.size = 16384 (custom)
2019-09-26 19:32:47,072 [pool-37-thread-1] INFO  server.RaftServerConfigKeys (ConfUtils.java:logGet(43)) - raft.server.retrycache.expirytime = 600000ms (custom)
2019-09-26 19:32:47,072 [pool-47-thread-1] INFO  server.RaftServerConfigKeys (ConfUtils.java:logGet(43)) - raft.server.log.statemachine.data.sync = true (default)
2019-09-26 19:32:47,072 [pool-27-thread-1] INFO  server.RaftServerConfigKeys (ConfUtils.java:logGet(43)) - raft.server.log.write.buffer.size = 33554432 (custom)
2019-09-26 19:32:47,073 [pool-47-thread-1] INFO  server.RaftServerConfigKeys (ConfUtils.java:logGet(43)) - raft.server.log.statemachine.data.sync.timeout = 10s (default)
2019-09-26 19:32:47,073 [pool-27-thread-1] INFO  server.RaftServerConfigKeys (ConfUtils.java:logGet(43)) - raft.server.log.force.sync.num = 128 (default)
2019-09-26 19:32:47,073 [pool-47-thread-1] INFO  server.RaftServerConfigKeys (ConfUtils.java:logGet(43)) - raft.server.log.statemachine.data.sync.timeout.retry = -1 (default)
2019-09-26 19:32:47,073 [pool-27-thread-1] INFO  server.RaftServerConfigKeys (ConfUtils.java:logGet(43)) - raft.server.log.statemachine.data.sync = true (default)
2019-09-26 19:32:47,073 [pool-47-thread-1] INFO  server.RaftServerConfigKeys (ConfUtils.java:logGet(43)) - raft.server.log.statemachine.data.caching.enabled = true (custom)
2019-09-26 19:32:47,073 [pool-27-thread-1] INFO  server.RaftServerConfigKeys (ConfUtils.java:logGet(43)) - raft.server.log.statemachine.data.sync.timeout = 10s (default)
2019-09-26 19:32:47,074 [pool-27-thread-1] INFO  server.RaftServerConfigKeys (ConfUtils.java:logGet(43)) - raft.server.log.statemachine.data.sync.timeout.retry = -1 (default)
2019-09-26 19:32:47,074 [pool-47-thread-1] INFO  segmented.SegmentedRaftLogWorker (SegmentedRaftLogWorker.java:lambda$new$0(132)) - 12a2bab0-3a62-48c3-8021-7a628a090ed8@group-012E4F7491C1-SegmentedRaftLogWorker: flushIndex: setUnconditionally 0 -> -1
2019-09-26 19:32:47,074 [pool-27-thread-1] INFO  server.RaftServerConfigKeys (ConfUtils.java:logGet(43)) - raft.server.log.statemachine.data.caching.enabled = true (custom)
2019-09-26 19:32:47,074 [pool-47-thread-1] INFO  server.RaftServerConfigKeys (ConfUtils.java:logGet(43)) - raft.server.snapshot.auto.trigger.enabled = true (custom)
2019-09-26 19:32:47,074 [pool-27-thread-1] INFO  segmented.SegmentedRaftLogWorker (SegmentedRaftLogWorker.java:lambda$new$0(132)) - 2f744b65-9d98-4ead-8f74-686d00960d2f@group-012E4F7491C1-SegmentedRaftLogWorker: flushIndex: setUnconditionally 0 -> -1
2019-09-26 19:32:47,074 [pool-47-thread-1] INFO  server.RaftServerConfigKeys (ConfUtils.java:logGet(43)) - raft.server.snapshot.auto.trigger.threshold = 10000 (custom)
2019-09-26 19:32:47,074 [pool-47-thread-1] INFO  server.RaftServerConfigKeys (ConfUtils.java:logGet(43)) - raft.server.snapshot.retention.num.files = 5 (custom)
2019-09-26 19:32:47,075 [pool-27-thread-1] INFO  server.RaftServerConfigKeys (ConfUtils.java:logGet(43)) - raft.server.snapshot.auto.trigger.enabled = true (custom)
2019-09-26 19:32:47,075 [pool-47-thread-1] INFO  server.RaftServerConfigKeys (ConfUtils.java:logGet(43)) - raft.server.retrycache.expirytime = 600000ms (custom)
2019-09-26 19:32:47,075 [pool-27-thread-1] INFO  server.RaftServerConfigKeys (ConfUtils.java:logGet(43)) - raft.server.snapshot.auto.trigger.threshold = 10000 (custom)
2019-09-26 19:32:47,075 [pool-27-thread-1] INFO  server.RaftServerConfigKeys (ConfUtils.java:logGet(43)) - raft.server.snapshot.retention.num.files = 5 (custom)
2019-09-26 19:32:47,075 [pool-27-thread-1] INFO  server.RaftServerConfigKeys (ConfUtils.java:logGet(43)) - raft.server.retrycache.expirytime = 600000ms (custom)
2019-09-26 19:32:47,079 [pool-37-thread-1] INFO  impl.RaftServerImpl (RaftServerImpl.java:start(185)) - 930c43c6-fb1b-4a0f-8aa9-356d61d94860@group-012E4F7491C1: start as a follower, conf=-1: [12a2bab0-3a62-48c3-8021-7a628a090ed8:192.168.151.109:35034, 2f744b65-9d98-4ead-8f74-686d00960d2f:192.168.151.109:44532, 930c43c6-fb1b-4a0f-8aa9-356d61d94860:192.168.151.109:37348], old=null
2019-09-26 19:32:47,079 [pool-37-thread-1] INFO  impl.RaftServerImpl (RaftServerImpl.java:setRole(174)) - 930c43c6-fb1b-4a0f-8aa9-356d61d94860@group-012E4F7491C1: changes role from      null to FOLLOWER at term 0 for startAsFollower
2019-09-26 19:32:47,079 [pool-37-thread-1] INFO  impl.RoleInfo (RoleInfo.java:updateAndGet(143)) - 930c43c6-fb1b-4a0f-8aa9-356d61d94860: start FollowerState
2019-09-26 19:32:47,079 [pool-37-thread-1] INFO  util.JmxRegister (JmxRegister.java:tryRegister(44)) - Successfully registered JMX Bean with object name Ratis:service=RaftServer,group=group-012E4F7491C1,id=930c43c6-fb1b-4a0f-8aa9-356d61d94860
2019-09-26 19:32:47,080 [pool-47-thread-1] INFO  impl.RaftServerImpl (RaftServerImpl.java:start(185)) - 12a2bab0-3a62-48c3-8021-7a628a090ed8@group-012E4F7491C1: start as a follower, conf=-1: [12a2bab0-3a62-48c3-8021-7a628a090ed8:192.168.151.109:35034, 2f744b65-9d98-4ead-8f74-686d00960d2f:192.168.151.109:44532, 930c43c6-fb1b-4a0f-8aa9-356d61d94860:192.168.151.109:37348], old=null
2019-09-26 19:32:47,080 [pool-47-thread-1] INFO  impl.RaftServerImpl (RaftServerImpl.java:setRole(174)) - 12a2bab0-3a62-48c3-8021-7a628a090ed8@group-012E4F7491C1: changes role from      null to FOLLOWER at term 0 for startAsFollower
2019-09-26 19:32:47,081 [pool-47-thread-1] INFO  impl.RoleInfo (RoleInfo.java:updateAndGet(143)) - 12a2bab0-3a62-48c3-8021-7a628a090ed8: start FollowerState
2019-09-26 19:32:47,081 [pool-27-thread-1] INFO  impl.RaftServerImpl (RaftServerImpl.java:start(185)) - 2f744b65-9d98-4ead-8f74-686d00960d2f@group-012E4F7491C1: start as a follower, conf=-1: [12a2bab0-3a62-48c3-8021-7a628a090ed8:192.168.151.109:35034, 2f744b65-9d98-4ead-8f74-686d00960d2f:192.168.151.109:44532, 930c43c6-fb1b-4a0f-8aa9-356d61d94860:192.168.151.109:37348], old=null
2019-09-26 19:32:47,081 [pool-27-thread-1] INFO  impl.RaftServerImpl (RaftServerImpl.java:setRole(174)) - 2f744b65-9d98-4ead-8f74-686d00960d2f@group-012E4F7491C1: changes role from      null to FOLLOWER at term 0 for startAsFollower
2019-09-26 19:32:47,082 [pool-47-thread-1] INFO  util.JmxRegister (JmxRegister.java:tryRegister(44)) - Successfully registered JMX Bean with object name Ratis:service=RaftServer,group=group-012E4F7491C1,id=12a2bab0-3a62-48c3-8021-7a628a090ed8
2019-09-26 19:32:47,082 [pool-27-thread-1] INFO  impl.RoleInfo (RoleInfo.java:updateAndGet(143)) - 2f744b65-9d98-4ead-8f74-686d00960d2f: start FollowerState
2019-09-26 19:32:47,084 [pool-27-thread-1] INFO  util.JmxRegister (JmxRegister.java:tryRegister(44)) - Successfully registered JMX Bean with object name Ratis:service=RaftServer,group=group-012E4F7491C1,id=2f744b65-9d98-4ead-8f74-686d00960d2f
2019-09-26 19:32:47,102 [RatisPipelineUtilsThread] INFO  pipeline.PipelineStateManager (PipelineStateManager.java:addPipeline(56)) - Created pipeline Pipeline[ Id: 8c8c760f-ecbd-4373-9f3f-012e4f7491c1, Nodes: 12a2bab0-3a62-48c3-8021-7a628a090ed8{ip: 192.168.151.109, host: pr-hdds-2162-kpcbn-4093309294, networkLocation: /default-rack, certSerialId: null}930c43c6-fb1b-4a0f-8aa9-356d61d94860{ip: 192.168.151.109, host: pr-hdds-2162-kpcbn-4093309294, networkLocation: /default-rack, certSerialId: null}2f744b65-9d98-4ead-8f74-686d00960d2f{ip: 192.168.151.109, host: pr-hdds-2162-kpcbn-4093309294, networkLocation: /default-rack, certSerialId: null}, Type:RATIS, Factor:THREE, State:OPEN]
2019-09-26 19:32:47,385 [main] INFO  ipc.Client (Client.java:handleConnectionFailure(948)) - Retrying connect to server: localhost/127.0.0.1:0. Already tried 4 time(s); retry policy is RetryUpToMaximumCountWithFixedSleep(maxRetries=10, sleepTime=1000 MILLISECONDS)
2019-09-26 19:32:48,387 [main] INFO  ipc.Client (Client.java:handleConnectionFailure(948)) - Retrying connect to server: localhost/127.0.0.1:0. Already tried 5 time(s); retry policy is RetryUpToMaximumCountWithFixedSleep(maxRetries=10, sleepTime=1000 MILLISECONDS)
2019-09-26 19:32:49,055 [Thread-179] INFO  container.ReplicationManager (ReplicationManager.java:start(162)) - Starting Replication Monitor Thread.
2019-09-26 19:32:49,059 [ReplicationMonitor] INFO  container.ReplicationManager (ReplicationManager.java:run(225)) - Replication Monitor Thread took 0 milliseconds for processing 0 containers.
2019-09-26 19:32:49,388 [main] INFO  ipc.Client (Client.java:handleConnectionFailure(948)) - Retrying connect to server: localhost/127.0.0.1:0. Already tried 6 time(s); retry policy is RetryUpToMaximumCountWithFixedSleep(maxRetries=10, sleepTime=1000 MILLISECONDS)
2019-09-26 19:32:50,389 [main] INFO  ipc.Client (Client.java:handleConnectionFailure(948)) - Retrying connect to server: localhost/127.0.0.1:0. Already tried 7 time(s); retry policy is RetryUpToMaximumCountWithFixedSleep(maxRetries=10, sleepTime=1000 MILLISECONDS)
2019-09-26 19:32:51,390 [main] INFO  ipc.Client (Client.java:handleConnectionFailure(948)) - Retrying connect to server: localhost/127.0.0.1:0. Already tried 8 time(s); retry policy is RetryUpToMaximumCountWithFixedSleep(maxRetries=10, sleepTime=1000 MILLISECONDS)
2019-09-26 19:32:51,765 [Thread-181] INFO  impl.FollowerState (FollowerState.java:run(106)) - 2f744b65-9d98-4ead-8f74-686d00960d2f:group-AB1EF04243EA changes to CANDIDATE, lastRpcTime:5060, electionTimeout:5060ms
2019-09-26 19:32:51,768 [Thread-181] INFO  impl.RoleInfo (RoleInfo.java:shutdownFollowerState(121)) - 2f744b65-9d98-4ead-8f74-686d00960d2f: shutdown FollowerState
2019-09-26 19:32:51,768 [Thread-181] INFO  impl.RaftServerImpl (RaftServerImpl.java:setRole(174)) - 2f744b65-9d98-4ead-8f74-686d00960d2f@group-AB1EF04243EA: changes role from  FOLLOWER to CANDIDATE at term 0 for changeToCandidate
2019-09-26 19:32:51,775 [Thread-181] INFO  impl.RoleInfo (RoleInfo.java:updateAndGet(143)) - 2f744b65-9d98-4ead-8f74-686d00960d2f: start LeaderElection
2019-09-26 19:32:51,791 [2f744b65-9d98-4ead-8f74-686d00960d2f@group-AB1EF04243EA:LeaderElection1] INFO  impl.LeaderElection (LeaderElection.java:askForVotes(182)) - 2f744b65-9d98-4ead-8f74-686d00960d2f@group-AB1EF04243EA:LeaderElection1: begin an election at term 1 for -1: [2f744b65-9d98-4ead-8f74-686d00960d2f:192.168.151.109:44532], old=null
2019-09-26 19:32:51,793 [2f744b65-9d98-4ead-8f74-686d00960d2f@group-AB1EF04243EA:LeaderElection1] INFO  impl.RoleInfo (RoleInfo.java:shutdownLeaderElection(134)) - 2f744b65-9d98-4ead-8f74-686d00960d2f: shutdown LeaderElection
2019-09-26 19:32:51,794 [2f744b65-9d98-4ead-8f74-686d00960d2f@group-AB1EF04243EA:LeaderElection1] INFO  impl.RaftServerImpl (RaftServerImpl.java:setRole(174)) - 2f744b65-9d98-4ead-8f74-686d00960d2f@group-AB1EF04243EA: changes role from CANDIDATE to LEADER at term 1 for changeToLeader
2019-09-26 19:32:51,794 [2f744b65-9d98-4ead-8f74-686d00960d2f@group-AB1EF04243EA:LeaderElection1] INFO  impl.RaftServerImpl (ServerState.java:setLeader(253)) - 2f744b65-9d98-4ead-8f74-686d00960d2f@group-AB1EF04243EA: change Leader from null to 2f744b65-9d98-4ead-8f74-686d00960d2f at term 1 for becomeLeader, leader elected after 5200ms
2019-09-26 19:32:51,801 [2f744b65-9d98-4ead-8f74-686d00960d2f@group-AB1EF04243EA:LeaderElection1] INFO  server.RaftServerConfigKeys (ConfUtils.java:logGet(43)) - raft.server.staging.catchup.gap = 1000 (default)
2019-09-26 19:32:51,802 [2f744b65-9d98-4ead-8f74-686d00960d2f@group-AB1EF04243EA:LeaderElection1] INFO  server.RaftServerConfigKeys (ConfUtils.java:logGet(43)) - raft.server.rpc.sleep.time = 25ms (default)
2019-09-26 19:32:51,805 [2f744b65-9d98-4ead-8f74-686d00960d2f@group-AB1EF04243EA:LeaderElection1] INFO  server.RaftServerConfigKeys (ConfUtils.java:logGet(43)) - raft.server.write.element-limit = 4096 (default)
2019-09-26 19:32:51,808 [2f744b65-9d98-4ead-8f74-686d00960d2f@group-AB1EF04243EA:LeaderElection1] INFO  server.RaftServerConfigKeys (ConfUtils.java:logGet(43)) - raft.server.watch.timeout = 10s (default)
2019-09-26 19:32:51,808 [2f744b65-9d98-4ead-8f74-686d00960d2f@group-AB1EF04243EA:LeaderElection1] INFO  server.RaftServerConfigKeys (ConfUtils.java:logGet(43)) - raft.server.watch.timeout.denomination = 1s (default)
2019-09-26 19:32:51,809 [2f744b65-9d98-4ead-8f74-686d00960d2f@group-AB1EF04243EA:LeaderElection1] INFO  server.RaftServerConfigKeys (ConfUtils.java:logGet(43)) - raft.server.watch.element-limit = 65536 (default)
2019-09-26 19:32:51,824 [2f744b65-9d98-4ead-8f74-686d00960d2f@group-AB1EF04243EA:LeaderElection1] INFO  impl.RoleInfo (RoleInfo.java:updateAndGet(143)) - 2f744b65-9d98-4ead-8f74-686d00960d2f: start LeaderState
2019-09-26 19:32:51,846 [2f744b65-9d98-4ead-8f74-686d00960d2f@group-AB1EF04243EA:LeaderElection1] INFO  segmented.SegmentedRaftLogWorker (SegmentedRaftLogWorker.java:startLogSegment(380)) - 2f744b65-9d98-4ead-8f74-686d00960d2f@group-AB1EF04243EA-SegmentedRaftLogWorker: Starting segment from index:0
2019-09-26 19:32:51,855 [2f744b65-9d98-4ead-8f74-686d00960d2f@group-AB1EF04243EA:LeaderElection1] INFO  impl.RaftServerImpl (ServerState.java:setRaftConf(354)) - 2f744b65-9d98-4ead-8f74-686d00960d2f@group-AB1EF04243EA: set configuration 0: [2f744b65-9d98-4ead-8f74-686d00960d2f:192.168.151.109:44532], old=null at 0
2019-09-26 19:32:51,963 [Thread-184] INFO  impl.FollowerState (FollowerState.java:run(106)) - 12a2bab0-3a62-48c3-8021-7a628a090ed8:group-0391DB439212 changes to CANDIDATE, lastRpcTime:5091, electionTimeout:5090ms
2019-09-26 19:32:51,965 [Thread-184] INFO  impl.RoleInfo (RoleInfo.java:shutdownFollowerState(121)) - 12a2bab0-3a62-48c3-8021-7a628a090ed8: shutdown FollowerState
2019-09-26 19:32:51,965 [Thread-184] INFO  impl.RaftServerImpl (RaftServerImpl.java:setRole(174)) - 12a2bab0-3a62-48c3-8021-7a628a090ed8@group-0391DB439212: changes role from  FOLLOWER to CANDIDATE at term 0 for changeToCandidate
2019-09-26 19:32:51,966 [Thread-184] INFO  impl.RoleInfo (RoleInfo.java:updateAndGet(143)) - 12a2bab0-3a62-48c3-8021-7a628a090ed8: start LeaderElection
2019-09-26 19:32:51,982 [12a2bab0-3a62-48c3-8021-7a628a090ed8@group-0391DB439212:LeaderElection2] INFO  impl.LeaderElection (LeaderElection.java:askForVotes(182)) - 12a2bab0-3a62-48c3-8021-7a628a090ed8@group-0391DB439212:LeaderElection2: begin an election at term 1 for -1: [12a2bab0-3a62-48c3-8021-7a628a090ed8:192.168.151.109:35034], old=null
2019-09-26 19:32:51,983 [12a2bab0-3a62-48c3-8021-7a628a090ed8@group-0391DB439212:LeaderElection2] INFO  impl.RoleInfo (RoleInfo.java:shutdownLeaderElection(134)) - 12a2bab0-3a62-48c3-8021-7a628a090ed8: shutdown LeaderElection
2019-09-26 19:32:51,983 [12a2bab0-3a62-48c3-8021-7a628a090ed8@group-0391DB439212:LeaderElection2] INFO  impl.RaftServerImpl (RaftServerImpl.java:setRole(174)) - 12a2bab0-3a62-48c3-8021-7a628a090ed8@group-0391DB439212: changes role from CANDIDATE to LEADER at term 1 for changeToLeader
2019-09-26 19:32:51,983 [12a2bab0-3a62-48c3-8021-7a628a090ed8@group-0391DB439212:LeaderElection2] INFO  impl.RaftServerImpl (ServerState.java:setLeader(253)) - 12a2bab0-3a62-48c3-8021-7a628a090ed8@group-0391DB439212: change Leader from null to 12a2bab0-3a62-48c3-8021-7a628a090ed8 at term 1 for becomeLeader, leader elected after 5123ms
2019-09-26 19:32:51,984 [12a2bab0-3a62-48c3-8021-7a628a090ed8@group-0391DB439212:LeaderElection2] INFO  server.RaftServerConfigKeys (ConfUtils.java:logGet(43)) - raft.server.staging.catchup.gap = 1000 (default)
2019-09-26 19:32:51,984 [12a2bab0-3a62-48c3-8021-7a628a090ed8@group-0391DB439212:LeaderElection2] INFO  server.RaftServerConfigKeys (ConfUtils.java:logGet(43)) - raft.server.rpc.sleep.time = 25ms (default)
2019-09-26 19:32:51,984 [12a2bab0-3a62-48c3-8021-7a628a090ed8@group-0391DB439212:LeaderElection2] INFO  server.RaftServerConfigKeys (ConfUtils.java:logGet(43)) - raft.server.write.element-limit = 4096 (default)
2019-09-26 19:32:51,984 [12a2bab0-3a62-48c3-8021-7a628a090ed8@group-0391DB439212:LeaderElection2] INFO  server.RaftServerConfigKeys (ConfUtils.java:logGet(43)) - raft.server.watch.timeout = 10s (default)
2019-09-26 19:32:51,984 [12a2bab0-3a62-48c3-8021-7a628a090ed8@group-0391DB439212:LeaderElection2] INFO  server.RaftServerConfigKeys (ConfUtils.java:logGet(43)) - raft.server.watch.timeout.denomination = 1s (default)
2019-09-26 19:32:51,985 [12a2bab0-3a62-48c3-8021-7a628a090ed8@group-0391DB439212:LeaderElection2] INFO  server.RaftServerConfigKeys (ConfUtils.java:logGet(43)) - raft.server.watch.element-limit = 65536 (default)
2019-09-26 19:32:51,989 [12a2bab0-3a62-48c3-8021-7a628a090ed8@group-0391DB439212:LeaderElection2] INFO  impl.RoleInfo (RoleInfo.java:updateAndGet(143)) - 12a2bab0-3a62-48c3-8021-7a628a090ed8: start LeaderState
2019-09-26 19:32:51,989 [12a2bab0-3a62-48c3-8021-7a628a090ed8@group-0391DB439212:LeaderElection2] INFO  segmented.SegmentedRaftLogWorker (SegmentedRaftLogWorker.java:startLogSegment(380)) - 12a2bab0-3a62-48c3-8021-7a628a090ed8@group-0391DB439212-SegmentedRaftLogWorker: Starting segment from index:0
2019-09-26 19:32:51,990 [12a2bab0-3a62-48c3-8021-7a628a090ed8@group-0391DB439212:LeaderElection2] INFO  impl.RaftServerImpl (ServerState.java:setRaftConf(354)) - 12a2bab0-3a62-48c3-8021-7a628a090ed8@group-0391DB439212: set configuration 0: [12a2bab0-3a62-48c3-8021-7a628a090ed8:192.168.151.109:35034], old=null at 0
2019-09-26 19:32:52,049 [2f744b65-9d98-4ead-8f74-686d00960d2f@group-AB1EF04243EA-SegmentedRaftLogWorker] INFO  segmented.SegmentedRaftLogWorker (SegmentedRaftLogWorker.java:execute(569)) - 2f744b65-9d98-4ead-8f74-686d00960d2f@group-AB1EF04243EA-SegmentedRaftLogWorker: created new log segment /workdir/hadoop-ozone/integration-test/target/test-dir/MiniOzoneClusterImpl-b2b3c804-bc5d-4147-bfec-946ab6ed1093/datanode-0/data/ratis/93af38f0-f76c-40d6-a8c0-ab1ef04243ea/current/log_inprogress_0
2019-09-26 19:32:52,063 [12a2bab0-3a62-48c3-8021-7a628a090ed8@group-0391DB439212-SegmentedRaftLogWorker] INFO  segmented.SegmentedRaftLogWorker (SegmentedRaftLogWorker.java:execute(569)) - 12a2bab0-3a62-48c3-8021-7a628a090ed8@group-0391DB439212-SegmentedRaftLogWorker: created new log segment /workdir/hadoop-ozone/integration-test/target/test-dir/MiniOzoneClusterImpl-b2b3c804-bc5d-4147-bfec-946ab6ed1093/datanode-2/data/ratis/4548b8c6-2c2a-4bf0-a38c-0391db439212/current/log_inprogress_0
2019-09-26 19:32:52,090 [Thread-187] INFO  impl.FollowerState (FollowerState.java:run(106)) - 930c43c6-fb1b-4a0f-8aa9-356d61d94860:group-CEB27D615DA2 changes to CANDIDATE, lastRpcTime:5099, electionTimeout:5099ms
2019-09-26 19:32:52,090 [Thread-187] INFO  impl.RoleInfo (RoleInfo.java:shutdownFollowerState(121)) - 930c43c6-fb1b-4a0f-8aa9-356d61d94860: shutdown FollowerState
2019-09-26 19:32:52,090 [Thread-187] INFO  impl.RaftServerImpl (RaftServerImpl.java:setRole(174)) - 930c43c6-fb1b-4a0f-8aa9-356d61d94860@group-CEB27D615DA2: changes role from  FOLLOWER to CANDIDATE at term 0 for changeToCandidate
2019-09-26 19:32:52,091 [Thread-187] INFO  impl.RoleInfo (RoleInfo.java:updateAndGet(143)) - 930c43c6-fb1b-4a0f-8aa9-356d61d94860: start LeaderElection
2019-09-26 19:32:52,107 [930c43c6-fb1b-4a0f-8aa9-356d61d94860@group-CEB27D615DA2:LeaderElection3] INFO  impl.LeaderElection (LeaderElection.java:askForVotes(182)) - 930c43c6-fb1b-4a0f-8aa9-356d61d94860@group-CEB27D615DA2:LeaderElection3: begin an election at term 1 for -1: [930c43c6-fb1b-4a0f-8aa9-356d61d94860:192.168.151.109:37348], old=null
2019-09-26 19:32:52,108 [930c43c6-fb1b-4a0f-8aa9-356d61d94860@group-CEB27D615DA2:LeaderElection3] INFO  impl.RoleInfo (RoleInfo.java:shutdownLeaderElection(134)) - 930c43c6-fb1b-4a0f-8aa9-356d61d94860: shutdown LeaderElection
2019-09-26 19:32:52,108 [930c43c6-fb1b-4a0f-8aa9-356d61d94860@group-CEB27D615DA2:LeaderElection3] INFO  impl.RaftServerImpl (RaftServerImpl.java:setRole(174)) - 930c43c6-fb1b-4a0f-8aa9-356d61d94860@group-CEB27D615DA2: changes role from CANDIDATE to LEADER at term 1 for changeToLeader
2019-09-26 19:32:52,108 [930c43c6-fb1b-4a0f-8aa9-356d61d94860@group-CEB27D615DA2:LeaderElection3] INFO  impl.RaftServerImpl (ServerState.java:setLeader(253)) - 930c43c6-fb1b-4a0f-8aa9-356d61d94860@group-CEB27D615DA2: change Leader from null to 930c43c6-fb1b-4a0f-8aa9-356d61d94860 at term 1 for becomeLeader, leader elected after 5154ms
2019-09-26 19:32:52,108 [930c43c6-fb1b-4a0f-8aa9-356d61d94860@group-CEB27D615DA2:LeaderElection3] INFO  server.RaftServerConfigKeys (ConfUtils.java:logGet(43)) - raft.server.staging.catchup.gap = 1000 (default)
2019-09-26 19:32:52,108 [930c43c6-fb1b-4a0f-8aa9-356d61d94860@group-CEB27D615DA2:LeaderElection3] INFO  server.RaftServerConfigKeys (ConfUtils.java:logGet(43)) - raft.server.rpc.sleep.time = 25ms (default)
2019-09-26 19:32:52,109 [930c43c6-fb1b-4a0f-8aa9-356d61d94860@group-CEB27D615DA2:LeaderElection3] INFO  server.RaftServerConfigKeys (ConfUtils.java:logGet(43)) - raft.server.write.element-limit = 4096 (default)
2019-09-26 19:32:52,109 [930c43c6-fb1b-4a0f-8aa9-356d61d94860@group-CEB27D615DA2:LeaderElection3] INFO  server.RaftServerConfigKeys (ConfUtils.java:logGet(43)) - raft.server.watch.timeout = 10s (default)
2019-09-26 19:32:52,109 [930c43c6-fb1b-4a0f-8aa9-356d61d94860@group-CEB27D615DA2:LeaderElection3] INFO  server.RaftServerConfigKeys (ConfUtils.java:logGet(43)) - raft.server.watch.timeout.denomination = 1s (default)
2019-09-26 19:32:52,109 [930c43c6-fb1b-4a0f-8aa9-356d61d94860@group-CEB27D615DA2:LeaderElection3] INFO  server.RaftServerConfigKeys (ConfUtils.java:logGet(43)) - raft.server.watch.element-limit = 65536 (default)
2019-09-26 19:32:52,122 [930c43c6-fb1b-4a0f-8aa9-356d61d94860@group-CEB27D615DA2:LeaderElection3] INFO  impl.RoleInfo (RoleInfo.java:updateAndGet(143)) - 930c43c6-fb1b-4a0f-8aa9-356d61d94860: start LeaderState
2019-09-26 19:32:52,122 [930c43c6-fb1b-4a0f-8aa9-356d61d94860@group-CEB27D615DA2:LeaderElection3] INFO  segmented.SegmentedRaftLogWorker (SegmentedRaftLogWorker.java:startLogSegment(380)) - 930c43c6-fb1b-4a0f-8aa9-356d61d94860@group-CEB27D615DA2-SegmentedRaftLogWorker: Starting segment from index:0
2019-09-26 19:32:52,123 [930c43c6-fb1b-4a0f-8aa9-356d61d94860@group-CEB27D615DA2:LeaderElection3] INFO  impl.RaftServerImpl (ServerState.java:setRaftConf(354)) - 930c43c6-fb1b-4a0f-8aa9-356d61d94860@group-CEB27D615DA2: set configuration 0: [930c43c6-fb1b-4a0f-8aa9-356d61d94860:192.168.151.109:37348], old=null at 0
2019-09-26 19:32:52,158 [Thread-195] INFO  impl.FollowerState (FollowerState.java:run(106)) - 2f744b65-9d98-4ead-8f74-686d00960d2f:group-012E4F7491C1 changes to CANDIDATE, lastRpcTime:5075, electionTimeout:5074ms
2019-09-26 19:32:52,158 [930c43c6-fb1b-4a0f-8aa9-356d61d94860@group-CEB27D615DA2-SegmentedRaftLogWorker] INFO  segmented.SegmentedRaftLogWorker (SegmentedRaftLogWorker.java:execute(569)) - 930c43c6-fb1b-4a0f-8aa9-356d61d94860@group-CEB27D615DA2-SegmentedRaftLogWorker: created new log segment /workdir/hadoop-ozone/integration-test/target/test-dir/MiniOzoneClusterImpl-b2b3c804-bc5d-4147-bfec-946ab6ed1093/datanode-1/data/ratis/309603d9-d03b-4f22-97c0-ceb27d615da2/current/log_inprogress_0
2019-09-26 19:32:52,158 [Thread-195] INFO  impl.RoleInfo (RoleInfo.java:shutdownFollowerState(121)) - 2f744b65-9d98-4ead-8f74-686d00960d2f: shutdown FollowerState
2019-09-26 19:32:52,159 [Thread-195] INFO  impl.RaftServerImpl (RaftServerImpl.java:setRole(174)) - 2f744b65-9d98-4ead-8f74-686d00960d2f@group-012E4F7491C1: changes role from  FOLLOWER to CANDIDATE at term 0 for changeToCandidate
2019-09-26 19:32:52,159 [Thread-195] INFO  impl.RoleInfo (RoleInfo.java:updateAndGet(143)) - 2f744b65-9d98-4ead-8f74-686d00960d2f: start LeaderElection
2019-09-26 19:32:52,172 [2f744b65-9d98-4ead-8f74-686d00960d2f@group-012E4F7491C1:LeaderElection4] INFO  impl.LeaderElection (LeaderElection.java:askForVotes(182)) - 2f744b65-9d98-4ead-8f74-686d00960d2f@group-012E4F7491C1:LeaderElection4: begin an election at term 1 for -1: [12a2bab0-3a62-48c3-8021-7a628a090ed8:192.168.151.109:35034, 2f744b65-9d98-4ead-8f74-686d00960d2f:192.168.151.109:44532, 930c43c6-fb1b-4a0f-8aa9-356d61d94860:192.168.151.109:37348], old=null
2019-09-26 19:32:52,213 [grpc-default-executor-1] INFO  impl.RaftServerImpl (RaftServerImpl.java:setRole(174)) - 930c43c6-fb1b-4a0f-8aa9-356d61d94860@group-012E4F7491C1: changes role from  FOLLOWER to FOLLOWER at term 1 for recognizeCandidate:2f744b65-9d98-4ead-8f74-686d00960d2f
2019-09-26 19:32:52,213 [grpc-default-executor-2] INFO  impl.RaftServerImpl (RaftServerImpl.java:setRole(174)) - 12a2bab0-3a62-48c3-8021-7a628a090ed8@group-012E4F7491C1: changes role from  FOLLOWER to FOLLOWER at term 1 for recognizeCandidate:2f744b65-9d98-4ead-8f74-686d00960d2f
2019-09-26 19:32:52,213 [grpc-default-executor-1] INFO  impl.RoleInfo (RoleInfo.java:shutdownFollowerState(121)) - 930c43c6-fb1b-4a0f-8aa9-356d61d94860: shutdown FollowerState
2019-09-26 19:32:52,213 [grpc-default-executor-2] INFO  impl.RoleInfo (RoleInfo.java:shutdownFollowerState(121)) - 12a2bab0-3a62-48c3-8021-7a628a090ed8: shutdown FollowerState
2019-09-26 19:32:52,214 [grpc-default-executor-1] INFO  impl.RoleInfo (RoleInfo.java:updateAndGet(143)) - 930c43c6-fb1b-4a0f-8aa9-356d61d94860: start FollowerState
2019-09-26 19:32:52,214 [grpc-default-executor-2] INFO  impl.RoleInfo (RoleInfo.java:updateAndGet(143)) - 12a2bab0-3a62-48c3-8021-7a628a090ed8: start FollowerState
2019-09-26 19:32:52,214 [Thread-194] INFO  impl.FollowerState (FollowerState.java:run(115)) - 12a2bab0-3a62-48c3-8021-7a628a090ed8: FollowerState was interrupted: java.lang.InterruptedException: sleep interrupted
2019-09-26 19:32:52,214 [Thread-192] INFO  impl.FollowerState (FollowerState.java:run(115)) - 930c43c6-fb1b-4a0f-8aa9-356d61d94860: FollowerState was interrupted: java.lang.InterruptedException: sleep interrupted
2019-09-26 19:32:52,250 [2f744b65-9d98-4ead-8f74-686d00960d2f@group-012E4F7491C1:LeaderElection4] INFO  impl.LeaderElection (LeaderElection.java:logAndReturn(56)) - 2f744b65-9d98-4ead-8f74-686d00960d2f@group-012E4F7491C1:LeaderElection4: Election PASSED; received 1 response(s) [2f744b65-9d98-4ead-8f74-686d00960d2f<-12a2bab0-3a62-48c3-8021-7a628a090ed8#0:OK-t1] and 0 exception(s); 2f744b65-9d98-4ead-8f74-686d00960d2f@group-012E4F7491C1:t1, leader=null, voted=2f744b65-9d98-4ead-8f74-686d00960d2f, raftlog=2f744b65-9d98-4ead-8f74-686d00960d2f@group-012E4F7491C1-SegmentedRaftLog:OPENED:c-1,f-1,i0, conf=-1: [12a2bab0-3a62-48c3-8021-7a628a090ed8:192.168.151.109:35034, 2f744b65-9d98-4ead-8f74-686d00960d2f:192.168.151.109:44532, 930c43c6-fb1b-4a0f-8aa9-356d61d94860:192.168.151.109:37348], old=null
2019-09-26 19:32:52,250 [2f744b65-9d98-4ead-8f74-686d00960d2f@group-012E4F7491C1:LeaderElection4] INFO  impl.RoleInfo (RoleInfo.java:shutdownLeaderElection(134)) - 2f744b65-9d98-4ead-8f74-686d00960d2f: shutdown LeaderElection
2019-09-26 19:32:52,251 [2f744b65-9d98-4ead-8f74-686d00960d2f@group-012E4F7491C1:LeaderElection4] INFO  impl.RaftServerImpl (RaftServerImpl.java:setRole(174)) - 2f744b65-9d98-4ead-8f74-686d00960d2f@group-012E4F7491C1: changes role from CANDIDATE to LEADER at term 1 for changeToLeader
2019-09-26 19:32:52,251 [2f744b65-9d98-4ead-8f74-686d00960d2f@group-012E4F7491C1:LeaderElection4] INFO  impl.RaftServerImpl (ServerState.java:setLeader(253)) - 2f744b65-9d98-4ead-8f74-686d00960d2f@group-012E4F7491C1: change Leader from null to 2f744b65-9d98-4ead-8f74-686d00960d2f at term 1 for becomeLeader, leader elected after 5185ms
2019-09-26 19:32:52,252 [2f744b65-9d98-4ead-8f74-686d00960d2f@group-012E4F7491C1:LeaderElection4] INFO  server.RaftServerConfigKeys (ConfUtils.java:logGet(43)) - raft.server.staging.catchup.gap = 1000 (default)
2019-09-26 19:32:52,252 [2f744b65-9d98-4ead-8f74-686d00960d2f@group-012E4F7491C1:LeaderElection4] INFO  server.RaftServerConfigKeys (ConfUtils.java:logGet(43)) - raft.server.rpc.sleep.time = 25ms (default)
2019-09-26 19:32:52,252 [2f744b65-9d98-4ead-8f74-686d00960d2f@group-012E4F7491C1:LeaderElection4] INFO  server.RaftServerConfigKeys (ConfUtils.java:logGet(43)) - raft.server.write.element-limit = 4096 (default)
2019-09-26 19:32:52,253 [2f744b65-9d98-4ead-8f74-686d00960d2f@group-012E4F7491C1:LeaderElection4] INFO  server.RaftServerConfigKeys (ConfUtils.java:logGet(43)) - raft.server.watch.timeout = 10s (default)
2019-09-26 19:32:52,253 [2f744b65-9d98-4ead-8f74-686d00960d2f@group-012E4F7491C1:LeaderElection4] INFO  server.RaftServerConfigKeys (ConfUtils.java:logGet(43)) - raft.server.watch.timeout.denomination = 1s (default)
2019-09-26 19:32:52,253 [2f744b65-9d98-4ead-8f74-686d00960d2f@group-012E4F7491C1:LeaderElection4] INFO  server.RaftServerConfigKeys (ConfUtils.java:logGet(43)) - raft.server.watch.element-limit = 65536 (default)
2019-09-26 19:32:52,259 [2f744b65-9d98-4ead-8f74-686d00960d2f@group-012E4F7491C1:LeaderElection4] INFO  server.RaftServerConfigKeys (ConfUtils.java:logGet(43)) - raft.server.log.appender.snapshot.chunk.size.max = 16MB (=16777216) (default)
2019-09-26 19:32:52,260 [2f744b65-9d98-4ead-8f74-686d00960d2f@group-012E4F7491C1:LeaderElection4] INFO  server.RaftServerConfigKeys (ConfUtils.java:logGet(43)) - raft.server.log.appender.buffer.byte-limit = 33554432 (custom)
2019-09-26 19:32:52,260 [2f744b65-9d98-4ead-8f74-686d00960d2f@group-012E4F7491C1:LeaderElection4] INFO  server.RaftServerConfigKeys (ConfUtils.java:logGet(43)) - raft.server.log.appender.buffer.element-limit = 1 (custom)
2019-09-26 19:32:52,264 [2f744b65-9d98-4ead-8f74-686d00960d2f@group-012E4F7491C1:LeaderElection4] INFO  grpc.GrpcConfigKeys$Server (ConfUtils.java:logGet(43)) - raft.grpc.server.leader.outstanding.appends.max = 128 (default)
2019-09-26 19:32:52,265 [2f744b65-9d98-4ead-8f74-686d00960d2f@group-012E4F7491C1:LeaderElection4] INFO  server.RaftServerConfigKeys (ConfUtils.java:logGet(43)) - raft.server.rpc.request.timeout = 3000ms (default)
2019-09-26 19:32:52,265 [2f744b65-9d98-4ead-8f74-686d00960d2f@group-012E4F7491C1:LeaderElection4] INFO  server.RaftServerConfigKeys (ConfUtils.java:logGet(43)) - raft.server.log.appender.install.snapshot.enabled = false (custom)
2019-09-26 19:32:52,266 [2f744b65-9d98-4ead-8f74-686d00960d2f@group-012E4F7491C1:LeaderElection4] INFO  server.RaftServerConfigKeys (ConfUtils.java:logGet(43)) - raft.server.log.appender.snapshot.chunk.size.max = 16MB (=16777216) (default)
2019-09-26 19:32:52,267 [2f744b65-9d98-4ead-8f74-686d00960d2f@group-012E4F7491C1:LeaderElection4] INFO  server.RaftServerConfigKeys (ConfUtils.java:logGet(43)) - raft.server.log.appender.buffer.byte-limit = 33554432 (custom)
2019-09-26 19:32:52,267 [2f744b65-9d98-4ead-8f74-686d00960d2f@group-012E4F7491C1:LeaderElection4] INFO  server.RaftServerConfigKeys (ConfUtils.java:logGet(43)) - raft.server.log.appender.buffer.element-limit = 1 (custom)
2019-09-26 19:32:52,267 [2f744b65-9d98-4ead-8f74-686d00960d2f@group-012E4F7491C1:LeaderElection4] INFO  grpc.GrpcConfigKeys$Server (ConfUtils.java:logGet(43)) - raft.grpc.server.leader.outstanding.appends.max = 128 (default)
2019-09-26 19:32:52,268 [2f744b65-9d98-4ead-8f74-686d00960d2f@group-012E4F7491C1:LeaderElection4] INFO  server.RaftServerConfigKeys (ConfUtils.java:logGet(43)) - raft.server.rpc.request.timeout = 3000ms (default)
2019-09-26 19:32:52,268 [2f744b65-9d98-4ead-8f74-686d00960d2f@group-012E4F7491C1:LeaderElection4] INFO  server.RaftServerConfigKeys (ConfUtils.java:logGet(43)) - raft.server.log.appender.install.snapshot.enabled = false (custom)
2019-09-26 19:32:52,271 [2f744b65-9d98-4ead-8f74-686d00960d2f@group-012E4F7491C1:LeaderElection4] INFO  impl.RoleInfo (RoleInfo.java:updateAndGet(143)) - 2f744b65-9d98-4ead-8f74-686d00960d2f: start LeaderState
2019-09-26 19:32:52,271 [2f744b65-9d98-4ead-8f74-686d00960d2f@group-012E4F7491C1:LeaderElection4] INFO  segmented.SegmentedRaftLogWorker (SegmentedRaftLogWorker.java:startLogSegment(380)) - 2f744b65-9d98-4ead-8f74-686d00960d2f@group-012E4F7491C1-SegmentedRaftLogWorker: Starting segment from index:0
2019-09-26 19:32:52,272 [2f744b65-9d98-4ead-8f74-686d00960d2f@group-012E4F7491C1:LeaderElection4] INFO  impl.RaftServerImpl (ServerState.java:setRaftConf(354)) - 2f744b65-9d98-4ead-8f74-686d00960d2f@group-012E4F7491C1: set configuration 0: [12a2bab0-3a62-48c3-8021-7a628a090ed8:192.168.151.109:35034, 2f744b65-9d98-4ead-8f74-686d00960d2f:192.168.151.109:44532, 930c43c6-fb1b-4a0f-8aa9-356d61d94860:192.168.151.109:37348], old=null at 0
2019-09-26 19:32:52,310 [2f744b65-9d98-4ead-8f74-686d00960d2f@group-012E4F7491C1-SegmentedRaftLogWorker] INFO  segmented.SegmentedRaftLogWorker (SegmentedRaftLogWorker.java:execute(569)) - 2f744b65-9d98-4ead-8f74-686d00960d2f@group-012E4F7491C1-SegmentedRaftLogWorker: created new log segment /workdir/hadoop-ozone/integration-test/target/test-dir/MiniOzoneClusterImpl-b2b3c804-bc5d-4147-bfec-946ab6ed1093/datanode-0/data/ratis/8c8c760f-ecbd-4373-9f3f-012e4f7491c1/current/log_inprogress_0
2019-09-26 19:32:52,320 [grpc-default-executor-1] INFO  impl.RaftServerImpl (ServerState.java:setLeader(253)) - 930c43c6-fb1b-4a0f-8aa9-356d61d94860@group-012E4F7491C1: change Leader from null to 2f744b65-9d98-4ead-8f74-686d00960d2f at term 1 for appendEntries, leader elected after 5254ms
2019-09-26 19:32:52,320 [grpc-default-executor-2] INFO  impl.RaftServerImpl (ServerState.java:setLeader(253)) - 12a2bab0-3a62-48c3-8021-7a628a090ed8@group-012E4F7491C1: change Leader from null to 2f744b65-9d98-4ead-8f74-686d00960d2f at term 1 for appendEntries, leader elected after 5254ms
2019-09-26 19:32:52,344 [grpc-default-executor-1] INFO  impl.RaftServerImpl (ServerState.java:setRaftConf(354)) - 930c43c6-fb1b-4a0f-8aa9-356d61d94860@group-012E4F7491C1: set configuration 0: [12a2bab0-3a62-48c3-8021-7a628a090ed8:192.168.151.109:35034, 2f744b65-9d98-4ead-8f74-686d00960d2f:192.168.151.109:44532, 930c43c6-fb1b-4a0f-8aa9-356d61d94860:192.168.151.109:37348], old=null at 0
2019-09-26 19:32:52,344 [grpc-default-executor-2] INFO  impl.RaftServerImpl (ServerState.java:setRaftConf(354)) - 12a2bab0-3a62-48c3-8021-7a628a090ed8@group-012E4F7491C1: set configuration 0: [12a2bab0-3a62-48c3-8021-7a628a090ed8:192.168.151.109:35034, 2f744b65-9d98-4ead-8f74-686d00960d2f:192.168.151.109:44532, 930c43c6-fb1b-4a0f-8aa9-356d61d94860:192.168.151.109:37348], old=null at 0
2019-09-26 19:32:52,344 [grpc-default-executor-1] INFO  segmented.SegmentedRaftLogWorker (SegmentedRaftLogWorker.java:startLogSegment(380)) - 930c43c6-fb1b-4a0f-8aa9-356d61d94860@group-012E4F7491C1-SegmentedRaftLogWorker: Starting segment from index:0
2019-09-26 19:32:52,344 [grpc-default-executor-2] INFO  segmented.SegmentedRaftLogWorker (SegmentedRaftLogWorker.java:startLogSegment(380)) - 12a2bab0-3a62-48c3-8021-7a628a090ed8@group-012E4F7491C1-SegmentedRaftLogWorker: Starting segment from index:0
2019-09-26 19:32:52,383 [930c43c6-fb1b-4a0f-8aa9-356d61d94860@group-012E4F7491C1-SegmentedRaftLogWorker] INFO  segmented.SegmentedRaftLogWorker (SegmentedRaftLogWorker.java:execute(569)) - 930c43c6-fb1b-4a0f-8aa9-356d61d94860@group-012E4F7491C1-SegmentedRaftLogWorker: created new log segment /workdir/hadoop-ozone/integration-test/target/test-dir/MiniOzoneClusterImpl-b2b3c804-bc5d-4147-bfec-946ab6ed1093/datanode-1/data/ratis/8c8c760f-ecbd-4373-9f3f-012e4f7491c1/current/log_inprogress_0
2019-09-26 19:32:52,383 [12a2bab0-3a62-48c3-8021-7a628a090ed8@group-012E4F7491C1-SegmentedRaftLogWorker] INFO  segmented.SegmentedRaftLogWorker (SegmentedRaftLogWorker.java:execute(569)) - 12a2bab0-3a62-48c3-8021-7a628a090ed8@group-012E4F7491C1-SegmentedRaftLogWorker: created new log segment /workdir/hadoop-ozone/integration-test/target/test-dir/MiniOzoneClusterImpl-b2b3c804-bc5d-4147-bfec-946ab6ed1093/datanode-2/data/ratis/8c8c760f-ecbd-4373-9f3f-012e4f7491c1/current/log_inprogress_0
2019-09-26 19:32:52,391 [main] INFO  ipc.Client (Client.java:handleConnectionFailure(948)) - Retrying connect to server: localhost/127.0.0.1:0. Already tried 9 time(s); retry policy is RetryUpToMaximumCountWithFixedSleep(maxRetries=10, sleepTime=1000 MILLISECONDS)
2019-09-26 19:32:53,394 [main] INFO  ipc.Client (Client.java:handleConnectionFailure(948)) - Retrying connect to server: localhost/127.0.0.1:0. Already tried 0 time(s); retry policy is RetryUpToMaximumCountWithFixedSleep(maxRetries=10, sleepTime=1000 MILLISECONDS)
2019-09-26 19:32:54,396 [main] INFO  ipc.Client (Client.java:handleConnectionFailure(948)) - Retrying connect to server: localhost/127.0.0.1:0. Already tried 1 time(s); retry policy is RetryUpToMaximumCountWithFixedSleep(maxRetries=10, sleepTime=1000 MILLISECONDS)
2019-09-26 19:32:55,397 [main] INFO  ipc.Client (Client.java:handleConnectionFailure(948)) - Retrying connect to server: localhost/127.0.0.1:0. Already tried 2 time(s); retry policy is RetryUpToMaximumCountWithFixedSleep(maxRetries=10, sleepTime=1000 MILLISECONDS)
2019-09-26 19:32:56,398 [main] INFO  ipc.Client (Client.java:handleConnectionFailure(948)) - Retrying connect to server: localhost/127.0.0.1:0. Already tried 3 time(s); retry policy is RetryUpToMaximumCountWithFixedSleep(maxRetries=10, sleepTime=1000 MILLISECONDS)
2019-09-26 19:32:57,399 [main] INFO  ipc.Client (Client.java:handleConnectionFailure(948)) - Retrying connect to server: localhost/127.0.0.1:0. Already tried 4 time(s); retry policy is RetryUpToMaximumCountWithFixedSleep(maxRetries=10, sleepTime=1000 MILLISECONDS)
2019-09-26 19:32:58,400 [main] INFO  ipc.Client (Client.java:handleConnectionFailure(948)) - Retrying connect to server: localhost/127.0.0.1:0. Already tried 5 time(s); retry policy is RetryUpToMaximumCountWithFixedSleep(maxRetries=10, sleepTime=1000 MILLISECONDS)
2019-09-26 19:32:59,402 [main] INFO  ipc.Client (Client.java:handleConnectionFailure(948)) - Retrying connect to server: localhost/127.0.0.1:0. Already tried 6 time(s); retry policy is RetryUpToMaximumCountWithFixedSleep(maxRetries=10, sleepTime=1000 MILLISECONDS)
2019-09-26 19:33:00,403 [main] INFO  ipc.Client (Client.java:handleConnectionFailure(948)) - Retrying connect to server: localhost/127.0.0.1:0. Already tried 7 time(s); retry policy is RetryUpToMaximumCountWithFixedSleep(maxRetries=10, sleepTime=1000 MILLISECONDS)
2019-09-26 19:33:01,404 [main] INFO  ipc.Client (Client.java:handleConnectionFailure(948)) - Retrying connect to server: localhost/127.0.0.1:0. Already tried 8 time(s); retry policy is RetryUpToMaximumCountWithFixedSleep(maxRetries=10, sleepTime=1000 MILLISECONDS)
2019-09-26 19:33:02,405 [main] INFO  ipc.Client (Client.java:handleConnectionFailure(948)) - Retrying connect to server: localhost/127.0.0.1:0. Already tried 9 time(s); retry policy is RetryUpToMaximumCountWithFixedSleep(maxRetries=10, sleepTime=1000 MILLISECONDS)
2019-09-26 19:33:02,406 [main] INFO  retry.RetryInvocationHandler (RetryInvocationHandler.java:log(411)) - com.google.protobuf.ServiceException: java.net.ConnectException: Your endpoint configuration is wrong; For more details see:  http://wiki.apache.org/hadoop/UnsetHostnameOrPort, while invoking $Proxy39.submitRequest over nodeId=null,nodeAddress=127.0.0.1:0 after 1 failover attempts. Trying to failover immediately.
2019-09-26 19:33:03,407 [main] INFO  ipc.Client (Client.java:handleConnectionFailure(948)) - Retrying connect to server: localhost/127.0.0.1:0. Already tried 0 time(s); retry policy is RetryUpToMaximumCountWithFixedSleep(maxRetries=10, sleepTime=1000 MILLISECONDS)
2019-09-26 19:33:04,409 [main] INFO  ipc.Client (Client.java:handleConnectionFailure(948)) - Retrying connect to server: localhost/127.0.0.1:0. Already tried 1 time(s); retry policy is RetryUpToMaximumCountWithFixedSleep(maxRetries=10, sleepTime=1000 MILLISECONDS)
2019-09-26 19:33:05,410 [main] INFO  ipc.Client (Client.java:handleConnectionFailure(948)) - Retrying connect to server: localhost/127.0.0.1:0. Already tried 2 time(s); retry policy is RetryUpToMaximumCountWithFixedSleep(maxRetries=10, sleepTime=1000 MILLISECONDS)
2019-09-26 19:33:06,411 [main] INFO  ipc.Client (Client.java:handleConnectionFailure(948)) - Retrying connect to server: localhost/127.0.0.1:0. Already tried 3 time(s); retry policy is RetryUpToMaximumCountWithFixedSleep(maxRetries=10, sleepTime=1000 MILLISECONDS)
2019-09-26 19:33:07,412 [main] INFO  ipc.Client (Client.java:handleConnectionFailure(948)) - Retrying connect to server: localhost/127.0.0.1:0. Already tried 4 time(s); retry policy is RetryUpToMaximumCountWithFixedSleep(maxRetries=10, sleepTime=1000 MILLISECONDS)
2019-09-26 19:33:08,413 [main] INFO  ipc.Client (Client.java:handleConnectionFailure(948)) - Retrying connect to server: localhost/127.0.0.1:0. Already tried 5 time(s); retry policy is RetryUpToMaximumCountWithFixedSleep(maxRetries=10, sleepTime=1000 MILLISECONDS)
2019-09-26 19:33:09,415 [main] INFO  ipc.Client (Client.java:handleConnectionFailure(948)) - Retrying connect to server: localhost/127.0.0.1:0. Already tried 6 time(s); retry policy is RetryUpToMaximumCountWithFixedSleep(maxRetries=10, sleepTime=1000 MILLISECONDS)
2019-09-26 19:33:10,416 [main] INFO  ipc.Client (Client.java:handleConnectionFailure(948)) - Retrying connect to server: localhost/127.0.0.1:0. Already tried 7 time(s); retry policy is RetryUpToMaximumCountWithFixedSleep(maxRetries=10, sleepTime=1000 MILLISECONDS)
2019-09-26 19:33:11,418 [main] INFO  ipc.Client (Client.java:handleConnectionFailure(948)) - Retrying connect to server: localhost/127.0.0.1:0. Already tried 8 time(s); retry policy is RetryUpToMaximumCountWithFixedSleep(maxRetries=10, sleepTime=1000 MILLISECONDS)
2019-09-26 19:33:12,419 [main] INFO  ipc.Client (Client.java:handleConnectionFailure(948)) - Retrying connect to server: localhost/127.0.0.1:0. Already tried 9 time(s); retry policy is RetryUpToMaximumCountWithFixedSleep(maxRetries=10, sleepTime=1000 MILLISECONDS)
2019-09-26 19:33:12,420 [main] INFO  retry.RetryInvocationHandler (RetryInvocationHandler.java:log(411)) - com.google.protobuf.ServiceException: java.net.ConnectException: Your endpoint configuration is wrong; For more details see:  http://wiki.apache.org/hadoop/UnsetHostnameOrPort, while invoking $Proxy39.submitRequest over nodeId=null,nodeAddress=127.0.0.1:0 after 2 failover attempts. Trying to failover immediately.
2019-09-26 19:33:13,421 [main] INFO  ipc.Client (Client.java:handleConnectionFailure(948)) - Retrying connect to server: localhost/127.0.0.1:0. Already tried 0 time(s); retry policy is RetryUpToMaximumCountWithFixedSleep(maxRetries=10, sleepTime=1000 MILLISECONDS)
2019-09-26 19:33:14,422 [main] INFO  ipc.Client (Client.java:handleConnectionFailure(948)) - Retrying connect to server: localhost/127.0.0.1:0. Already tried 1 time(s); retry policy is RetryUpToMaximumCountWithFixedSleep(maxRetries=10, sleepTime=1000 MILLISECONDS)
2019-09-26 19:33:15,423 [main] INFO  ipc.Client (Client.java:handleConnectionFailure(948)) - Retrying connect to server: localhost/127.0.0.1:0. Already tried 2 time(s); retry policy is RetryUpToMaximumCountWithFixedSleep(maxRetries=10, sleepTime=1000 MILLISECONDS)
2019-09-26 19:33:16,425 [main] INFO  ipc.Client (Client.java:handleConnectionFailure(948)) - Retrying connect to server: localhost/127.0.0.1:0. Already tried 3 time(s); retry policy is RetryUpToMaximumCountWithFixedSleep(maxRetries=10, sleepTime=1000 MILLISECONDS)
2019-09-26 19:33:17,426 [main] INFO  ipc.Client (Client.java:handleConnectionFailure(948)) - Retrying connect to server: localhost/127.0.0.1:0. Already tried 4 time(s); retry policy is RetryUpToMaximumCountWithFixedSleep(maxRetries=10, sleepTime=1000 MILLISECONDS)
2019-09-26 19:33:18,427 [main] INFO  ipc.Client (Client.java:handleConnectionFailure(948)) - Retrying connect to server: localhost/127.0.0.1:0. Already tried 5 time(s); retry policy is RetryUpToMaximumCountWithFixedSleep(maxRetries=10, sleepTime=1000 MILLISECONDS)
2019-09-26 19:33:19,428 [main] INFO  ipc.Client (Client.java:handleConnectionFailure(948)) - Retrying connect to server: localhost/127.0.0.1:0. Already tried 6 time(s); retry policy is RetryUpToMaximumCountWithFixedSleep(maxRetries=10, sleepTime=1000 MILLISECONDS)
2019-09-26 19:33:20,429 [main] INFO  ipc.Client (Client.java:handleConnectionFailure(948)) - Retrying connect to server: localhost/127.0.0.1:0. Already tried 7 time(s); retry policy is RetryUpToMaximumCountWithFixedSleep(maxRetries=10, sleepTime=1000 MILLISECONDS)
2019-09-26 19:33:21,430 [main] INFO  ipc.Client (Client.java:handleConnectionFailure(948)) - Retrying connect to server: localhost/127.0.0.1:0. Already tried 8 time(s); retry policy is RetryUpToMaximumCountWithFixedSleep(maxRetries=10, sleepTime=1000 MILLISECONDS)
2019-09-26 19:33:22,431 [main] INFO  ipc.Client (Client.java:handleConnectionFailure(948)) - Retrying connect to server: localhost/127.0.0.1:0. Already tried 9 time(s); retry policy is RetryUpToMaximumCountWithFixedSleep(maxRetries=10, sleepTime=1000 MILLISECONDS)
2019-09-26 19:33:22,433 [main] INFO  retry.RetryInvocationHandler (RetryInvocationHandler.java:log(411)) - com.google.protobuf.ServiceException: java.net.ConnectException: Your endpoint configuration is wrong; For more details see:  http://wiki.apache.org/hadoop/UnsetHostnameOrPort, while invoking $Proxy39.submitRequest over nodeId=null,nodeAddress=127.0.0.1:0 after 3 failover attempts. Trying to failover immediately.
2019-09-26 19:33:23,434 [main] INFO  ipc.Client (Client.java:handleConnectionFailure(948)) - Retrying connect to server: localhost/127.0.0.1:0. Already tried 0 time(s); retry policy is RetryUpToMaximumCountWithFixedSleep(maxRetries=10, sleepTime=1000 MILLISECONDS)
2019-09-26 19:33:24,435 [main] INFO  ipc.Client (Client.java:handleConnectionFailure(948)) - Retrying connect to server: localhost/127.0.0.1:0. Already tried 1 time(s); retry policy is RetryUpToMaximumCountWithFixedSleep(maxRetries=10, sleepTime=1000 MILLISECONDS)
2019-09-26 19:33:25,436 [main] INFO  ipc.Client (Client.java:handleConnectionFailure(948)) - Retrying connect to server: localhost/127.0.0.1:0. Already tried 2 time(s); retry policy is RetryUpToMaximumCountWithFixedSleep(maxRetries=10, sleepTime=1000 MILLISECONDS)
2019-09-26 19:33:26,437 [main] INFO  ipc.Client (Client.java:handleConnectionFailure(948)) - Retrying connect to server: localhost/127.0.0.1:0. Already tried 3 time(s); retry policy is RetryUpToMaximumCountWithFixedSleep(maxRetries=10, sleepTime=1000 MILLISECONDS)
2019-09-26 19:33:27,438 [main] INFO  ipc.Client (Client.java:handleConnectionFailure(948)) - Retrying connect to server: localhost/127.0.0.1:0. Already tried 4 time(s); retry policy is RetryUpToMaximumCountWithFixedSleep(maxRetries=10, sleepTime=1000 MILLISECONDS)
2019-09-26 19:33:28,439 [main] INFO  ipc.Client (Client.java:handleConnectionFailure(948)) - Retrying connect to server: localhost/127.0.0.1:0. Already tried 5 time(s); retry policy is RetryUpToMaximumCountWithFixedSleep(maxRetries=10, sleepTime=1000 MILLISECONDS)
2019-09-26 19:33:29,440 [main] INFO  ipc.Client (Client.java:handleConnectionFailure(948)) - Retrying connect to server: localhost/127.0.0.1:0. Already tried 6 time(s); retry policy is RetryUpToMaximumCountWithFixedSleep(maxRetries=10, sleepTime=1000 MILLISECONDS)
2019-09-26 19:33:30,441 [main] INFO  ipc.Client (Client.java:handleConnectionFailure(948)) - Retrying connect to server: localhost/127.0.0.1:0. Already tried 7 time(s); retry policy is RetryUpToMaximumCountWithFixedSleep(maxRetries=10, sleepTime=1000 MILLISECONDS)
2019-09-26 19:33:31,442 [main] INFO  ipc.Client (Client.java:handleConnectionFailure(948)) - Retrying connect to server: localhost/127.0.0.1:0. Already tried 8 time(s); retry policy is RetryUpToMaximumCountWithFixedSleep(maxRetries=10, sleepTime=1000 MILLISECONDS)
2019-09-26 19:33:32,443 [main] INFO  ipc.Client (Client.java:handleConnectionFailure(948)) - Retrying connect to server: localhost/127.0.0.1:0. Already tried 9 time(s); retry policy is RetryUpToMaximumCountWithFixedSleep(maxRetries=10, sleepTime=1000 MILLISECONDS)
2019-09-26 19:33:32,445 [main] INFO  retry.RetryInvocationHandler (RetryInvocationHandler.java:log(411)) - com.google.protobuf.ServiceException: java.net.ConnectException: Your endpoint configuration is wrong; For more details see:  http://wiki.apache.org/hadoop/UnsetHostnameOrPort, while invoking $Proxy39.submitRequest over nodeId=null,nodeAddress=127.0.0.1:0 after 4 failover attempts. Trying to failover immediately.
2019-09-26 19:33:33,446 [main] INFO  ipc.Client (Client.java:handleConnectionFailure(948)) - Retrying connect to server: localhost/127.0.0.1:0. Already tried 0 time(s); retry policy is RetryUpToMaximumCountWithFixedSleep(maxRetries=10, sleepTime=1000 MILLISECONDS)
2019-09-26 19:33:34,447 [main] INFO  ipc.Client (Client.java:handleConnectionFailure(948)) - Retrying connect to server: localhost/127.0.0.1:0. Already tried 1 time(s); retry policy is RetryUpToMaximumCountWithFixedSleep(maxRetries=10, sleepTime=1000 MILLISECONDS)
2019-09-26 19:33:35,448 [main] INFO  ipc.Client (Client.java:handleConnectionFailure(948)) - Retrying connect to server: localhost/127.0.0.1:0. Already tried 2 time(s); retry policy is RetryUpToMaximumCountWithFixedSleep(maxRetries=10, sleepTime=1000 MILLISECONDS)
2019-09-26 19:33:36,449 [main] INFO  ipc.Client (Client.java:handleConnectionFailure(948)) - Retrying connect to server: localhost/127.0.0.1:0. Already tried 3 time(s); retry policy is RetryUpToMaximumCountWithFixedSleep(maxRetries=10, sleepTime=1000 MILLISECONDS)
2019-09-26 19:33:37,450 [main] INFO  ipc.Client (Client.java:handleConnectionFailure(948)) - Retrying connect to server: localhost/127.0.0.1:0. Already tried 4 time(s); retry policy is RetryUpToMaximumCountWithFixedSleep(maxRetries=10, sleepTime=1000 MILLISECONDS)
2019-09-26 19:33:38,452 [main] INFO  ipc.Client (Client.java:handleConnectionFailure(948)) - Retrying connect to server: localhost/127.0.0.1:0. Already tried 5 time(s); retry policy is RetryUpToMaximumCountWithFixedSleep(maxRetries=10, sleepTime=1000 MILLISECONDS)
2019-09-26 19:33:39,453 [main] INFO  ipc.Client (Client.java:handleConnectionFailure(948)) - Retrying connect to server: localhost/127.0.0.1:0. Already tried 6 time(s); retry policy is RetryUpToMaximumCountWithFixedSleep(maxRetries=10, sleepTime=1000 MILLISECONDS)
2019-09-26 19:33:40,454 [main] INFO  ipc.Client (Client.java:handleConnectionFailure(948)) - Retrying connect to server: localhost/127.0.0.1:0. Already tried 7 time(s); retry policy is RetryUpToMaximumCountWithFixedSleep(maxRetries=10, sleepTime=1000 MILLISECONDS)
2019-09-26 19:33:41,455 [main] INFO  ipc.Client (Client.java:handleConnectionFailure(948)) - Retrying connect to server: localhost/127.0.0.1:0. Already tried 8 time(s); retry policy is RetryUpToMaximumCountWithFixedSleep(maxRetries=10, sleepTime=1000 MILLISECONDS)
2019-09-26 19:33:42,457 [main] INFO  ipc.Client (Client.java:handleConnectionFailure(948)) - Retrying connect to server: localhost/127.0.0.1:0. Already tried 9 time(s); retry policy is RetryUpToMaximumCountWithFixedSleep(maxRetries=10, sleepTime=1000 MILLISECONDS)
2019-09-26 19:33:42,458 [main] INFO  retry.RetryInvocationHandler (RetryInvocationHandler.java:log(411)) - com.google.protobuf.ServiceException: java.net.ConnectException: Your endpoint configuration is wrong; For more details see:  http://wiki.apache.org/hadoop/UnsetHostnameOrPort, while invoking $Proxy39.submitRequest over nodeId=null,nodeAddress=127.0.0.1:0 after 5 failover attempts. Trying to failover immediately.
2019-09-26 19:33:43,459 [main] INFO  ipc.Client (Client.java:handleConnectionFailure(948)) - Retrying connect to server: localhost/127.0.0.1:0. Already tried 0 time(s); retry policy is RetryUpToMaximumCountWithFixedSleep(maxRetries=10, sleepTime=1000 MILLISECONDS)
2019-09-26 19:33:44,460 [main] INFO  ipc.Client (Client.java:handleConnectionFailure(948)) - Retrying connect to server: localhost/127.0.0.1:0. Already tried 1 time(s); retry policy is RetryUpToMaximumCountWithFixedSleep(maxRetries=10, sleepTime=1000 MILLISECONDS)
2019-09-26 19:33:45,461 [main] INFO  ipc.Client (Client.java:handleConnectionFailure(948)) - Retrying connect to server: localhost/127.0.0.1:0. Already tried 2 time(s); retry policy is RetryUpToMaximumCountWithFixedSleep(maxRetries=10, sleepTime=1000 MILLISECONDS)
2019-09-26 19:33:46,463 [main] INFO  ipc.Client (Client.java:handleConnectionFailure(948)) - Retrying connect to server: localhost/127.0.0.1:0. Already tried 3 time(s); retry policy is RetryUpToMaximumCountWithFixedSleep(maxRetries=10, sleepTime=1000 MILLISECONDS)
2019-09-26 19:33:47,464 [main] INFO  ipc.Client (Client.java:handleConnectionFailure(948)) - Retrying connect to server: localhost/127.0.0.1:0. Already tried 4 time(s); retry policy is RetryUpToMaximumCountWithFixedSleep(maxRetries=10, sleepTime=1000 MILLISECONDS)
2019-09-26 19:33:48,465 [main] INFO  ipc.Client (Client.java:handleConnectionFailure(948)) - Retrying connect to server: localhost/127.0.0.1:0. Already tried 5 time(s); retry policy is RetryUpToMaximumCountWithFixedSleep(maxRetries=10, sleepTime=1000 MILLISECONDS)
2019-09-26 19:33:49,466 [main] INFO  ipc.Client (Client.java:handleConnectionFailure(948)) - Retrying connect to server: localhost/127.0.0.1:0. Already tried 6 time(s); retry policy is RetryUpToMaximumCountWithFixedSleep(maxRetries=10, sleepTime=1000 MILLISECONDS)
2019-09-26 19:33:50,467 [main] INFO  ipc.Client (Client.java:handleConnectionFailure(948)) - Retrying connect to server: localhost/127.0.0.1:0. Already tried 7 time(s); retry policy is RetryUpToMaximumCountWithFixedSleep(maxRetries=10, sleepTime=1000 MILLISECONDS)
2019-09-26 19:33:51,469 [main] INFO  ipc.Client (Client.java:handleConnectionFailure(948)) - Retrying connect to server: localhost/127.0.0.1:0. Already tried 8 time(s); retry policy is RetryUpToMaximumCountWithFixedSleep(maxRetries=10, sleepTime=1000 MILLISECONDS)
2019-09-26 19:33:52,470 [main] INFO  ipc.Client (Client.java:handleConnectionFailure(948)) - Retrying connect to server: localhost/127.0.0.1:0. Already tried 9 time(s); retry policy is RetryUpToMaximumCountWithFixedSleep(maxRetries=10, sleepTime=1000 MILLISECONDS)
2019-09-26 19:33:52,471 [main] INFO  retry.RetryInvocationHandler (RetryInvocationHandler.java:log(411)) - com.google.protobuf.ServiceException: java.net.ConnectException: Your endpoint configuration is wrong; For more details see:  http://wiki.apache.org/hadoop/UnsetHostnameOrPort, while invoking $Proxy39.submitRequest over nodeId=null,nodeAddress=127.0.0.1:0 after 6 failover attempts. Trying to failover immediately.
2019-09-26 19:33:53,472 [main] INFO  ipc.Client (Client.java:handleConnectionFailure(948)) - Retrying connect to server: localhost/127.0.0.1:0. Already tried 0 time(s); retry policy is RetryUpToMaximumCountWithFixedSleep(maxRetries=10, sleepTime=1000 MILLISECONDS)
2019-09-26 19:33:54,473 [main] INFO  ipc.Client (Client.java:handleConnectionFailure(948)) - Retrying connect to server: localhost/127.0.0.1:0. Already tried 1 time(s); retry policy is RetryUpToMaximumCountWithFixedSleep(maxRetries=10, sleepTime=1000 MILLISECONDS)
2019-09-26 19:33:55,474 [main] INFO  ipc.Client (Client.java:handleConnectionFailure(948)) - Retrying connect to server: localhost/127.0.0.1:0. Already tried 2 time(s); retry policy is RetryUpToMaximumCountWithFixedSleep(maxRetries=10, sleepTime=1000 MILLISECONDS)
2019-09-26 19:33:56,476 [main] INFO  ipc.Client (Client.java:handleConnectionFailure(948)) - Retrying connect to server: localhost/127.0.0.1:0. Already tried 3 time(s); retry policy is RetryUpToMaximumCountWithFixedSleep(maxRetries=10, sleepTime=1000 MILLISECONDS)
2019-09-26 19:33:57,477 [main] INFO  ipc.Client (Client.java:handleConnectionFailure(948)) - Retrying connect to server: localhost/127.0.0.1:0. Already tried 4 time(s); retry policy is RetryUpToMaximumCountWithFixedSleep(maxRetries=10, sleepTime=1000 MILLISECONDS)
2019-09-26 19:33:58,478 [main] INFO  ipc.Client (Client.java:handleConnectionFailure(948)) - Retrying connect to server: localhost/127.0.0.1:0. Already tried 5 time(s); retry policy is RetryUpToMaximumCountWithFixedSleep(maxRetries=10, sleepTime=1000 MILLISECONDS)
2019-09-26 19:33:59,479 [main] INFO  ipc.Client (Client.java:handleConnectionFailure(948)) - Retrying connect to server: localhost/127.0.0.1:0. Already tried 6 time(s); retry policy is RetryUpToMaximumCountWithFixedSleep(maxRetries=10, sleepTime=1000 MILLISECONDS)
2019-09-26 19:34:00,480 [main] INFO  ipc.Client (Client.java:handleConnectionFailure(948)) - Retrying connect to server: localhost/127.0.0.1:0. Already tried 7 time(s); retry policy is RetryUpToMaximumCountWithFixedSleep(maxRetries=10, sleepTime=1000 MILLISECONDS)
2019-09-26 19:34:01,481 [main] INFO  ipc.Client (Client.java:handleConnectionFailure(948)) - Retrying connect to server: localhost/127.0.0.1:0. Already tried 8 time(s); retry policy is RetryUpToMaximumCountWithFixedSleep(maxRetries=10, sleepTime=1000 MILLISECONDS)
2019-09-26 19:34:02,482 [main] INFO  ipc.Client (Client.java:handleConnectionFailure(948)) - Retrying connect to server: localhost/127.0.0.1:0. Already tried 9 time(s); retry policy is RetryUpToMaximumCountWithFixedSleep(maxRetries=10, sleepTime=1000 MILLISECONDS)
2019-09-26 19:34:02,484 [main] INFO  retry.RetryInvocationHandler (RetryInvocationHandler.java:log(411)) - com.google.protobuf.ServiceException: java.net.ConnectException: Your endpoint configuration is wrong; For more details see:  http://wiki.apache.org/hadoop/UnsetHostnameOrPort, while invoking $Proxy39.submitRequest over nodeId=null,nodeAddress=127.0.0.1:0 after 7 failover attempts. Trying to failover immediately.
2019-09-26 19:34:03,485 [main] INFO  ipc.Client (Client.java:handleConnectionFailure(948)) - Retrying connect to server: localhost/127.0.0.1:0. Already tried 0 time(s); retry policy is RetryUpToMaximumCountWithFixedSleep(maxRetries=10, sleepTime=1000 MILLISECONDS)
2019-09-26 19:34:04,486 [main] INFO  ipc.Client (Client.java:handleConnectionFailure(948)) - Retrying connect to server: localhost/127.0.0.1:0. Already tried 1 time(s); retry policy is RetryUpToMaximumCountWithFixedSleep(maxRetries=10, sleepTime=1000 MILLISECONDS)
2019-09-26 19:34:05,487 [main] INFO  ipc.Client (Client.java:handleConnectionFailure(948)) - Retrying connect to server: localhost/127.0.0.1:0. Already tried 2 time(s); retry policy is RetryUpToMaximumCountWithFixedSleep(maxRetries=10, sleepTime=1000 MILLISECONDS)
2019-09-26 19:34:06,488 [main] INFO  ipc.Client (Client.java:handleConnectionFailure(948)) - Retrying connect to server: localhost/127.0.0.1:0. Already tried 3 time(s); retry policy is RetryUpToMaximumCountWithFixedSleep(maxRetries=10, sleepTime=1000 MILLISECONDS)
2019-09-26 19:34:07,489 [main] INFO  ipc.Client (Client.java:handleConnectionFailure(948)) - Retrying connect to server: localhost/127.0.0.1:0. Already tried 4 time(s); retry policy is RetryUpToMaximumCountWithFixedSleep(maxRetries=10, sleepTime=1000 MILLISECONDS)
2019-09-26 19:34:08,490 [main] INFO  ipc.Client (Client.java:handleConnectionFailure(948)) - Retrying connect to server: localhost/127.0.0.1:0. Already tried 5 time(s); retry policy is RetryUpToMaximumCountWithFixedSleep(maxRetries=10, sleepTime=1000 MILLISECONDS)
2019-09-26 19:34:09,491 [main] INFO  ipc.Client (Client.java:handleConnectionFailure(948)) - Retrying connect to server: localhost/127.0.0.1:0. Already tried 6 time(s); retry policy is RetryUpToMaximumCountWithFixedSleep(maxRetries=10, sleepTime=1000 MILLISECONDS)
2019-09-26 19:34:10,492 [main] INFO  ipc.Client (Client.java:handleConnectionFailure(948)) - Retrying connect to server: localhost/127.0.0.1:0. Already tried 7 time(s); retry policy is RetryUpToMaximumCountWithFixedSleep(maxRetries=10, sleepTime=1000 MILLISECONDS)
2019-09-26 19:34:11,493 [main] INFO  ipc.Client (Client.java:handleConnectionFailure(948)) - Retrying connect to server: localhost/127.0.0.1:0. Already tried 8 time(s); retry policy is RetryUpToMaximumCountWithFixedSleep(maxRetries=10, sleepTime=1000 MILLISECONDS)
2019-09-26 19:34:12,494 [main] INFO  ipc.Client (Client.java:handleConnectionFailure(948)) - Retrying connect to server: localhost/127.0.0.1:0. Already tried 9 time(s); retry policy is RetryUpToMaximumCountWithFixedSleep(maxRetries=10, sleepTime=1000 MILLISECONDS)
2019-09-26 19:34:12,496 [main] INFO  retry.RetryInvocationHandler (RetryInvocationHandler.java:log(411)) - com.google.protobuf.ServiceException: java.net.ConnectException: Your endpoint configuration is wrong; For more details see:  http://wiki.apache.org/hadoop/UnsetHostnameOrPort, while invoking $Proxy39.submitRequest over nodeId=null,nodeAddress=127.0.0.1:0 after 8 failover attempts. Trying to failover immediately.
2019-09-26 19:34:13,497 [main] INFO  ipc.Client (Client.java:handleConnectionFailure(948)) - Retrying connect to server: localhost/127.0.0.1:0. Already tried 0 time(s); retry policy is RetryUpToMaximumCountWithFixedSleep(maxRetries=10, sleepTime=1000 MILLISECONDS)
2019-09-26 19:34:14,498 [main] INFO  ipc.Client (Client.java:handleConnectionFailure(948)) - Retrying connect to server: localhost/127.0.0.1:0. Already tried 1 time(s); retry policy is RetryUpToMaximumCountWithFixedSleep(maxRetries=10, sleepTime=1000 MILLISECONDS)
2019-09-26 19:34:15,499 [main] INFO  ipc.Client (Client.java:handleConnectionFailure(948)) - Retrying connect to server: localhost/127.0.0.1:0. Already tried 2 time(s); retry policy is RetryUpToMaximumCountWithFixedSleep(maxRetries=10, sleepTime=1000 MILLISECONDS)
2019-09-26 19:34:16,500 [main] INFO  ipc.Client (Client.java:handleConnectionFailure(948)) - Retrying connect to server: localhost/127.0.0.1:0. Already tried 3 time(s); retry policy is RetryUpToMaximumCountWithFixedSleep(maxRetries=10, sleepTime=1000 MILLISECONDS)
2019-09-26 19:34:17,502 [main] INFO  ipc.Client (Client.java:handleConnectionFailure(948)) - Retrying connect to server: localhost/127.0.0.1:0. Already tried 4 time(s); retry policy is RetryUpToMaximumCountWithFixedSleep(maxRetries=10, sleepTime=1000 MILLISECONDS)
2019-09-26 19:34:18,503 [main] INFO  ipc.Client (Client.java:handleConnectionFailure(948)) - Retrying connect to server: localhost/127.0.0.1:0. Already tried 5 time(s); retry policy is RetryUpToMaximumCountWithFixedSleep(maxRetries=10, sleepTime=1000 MILLISECONDS)
2019-09-26 19:34:19,504 [main] INFO  ipc.Client (Client.java:handleConnectionFailure(948)) - Retrying connect to server: localhost/127.0.0.1:0. Already tried 6 time(s); retry policy is RetryUpToMaximumCountWithFixedSleep(maxRetries=10, sleepTime=1000 MILLISECONDS)
2019-09-26 19:34:20,505 [main] INFO  ipc.Client (Client.java:handleConnectionFailure(948)) - Retrying connect to server: localhost/127.0.0.1:0. Already tried 7 time(s); retry policy is RetryUpToMaximumCountWithFixedSleep(maxRetries=10, sleepTime=1000 MILLISECONDS)
2019-09-26 19:34:21,507 [main] INFO  ipc.Client (Client.java:handleConnectionFailure(948)) - Retrying connect to server: localhost/127.0.0.1:0. Already tried 8 time(s); retry policy is RetryUpToMaximumCountWithFixedSleep(maxRetries=10, sleepTime=1000 MILLISECONDS)
2019-09-26 19:34:22,508 [main] INFO  ipc.Client (Client.java:handleConnectionFailure(948)) - Retrying connect to server: localhost/127.0.0.1:0. Already tried 9 time(s); retry policy is RetryUpToMaximumCountWithFixedSleep(maxRetries=10, sleepTime=1000 MILLISECONDS)
2019-09-26 19:34:22,509 [main] INFO  retry.RetryInvocationHandler (RetryInvocationHandler.java:log(411)) - com.google.protobuf.ServiceException: java.net.ConnectException: Your endpoint configuration is wrong; For more details see:  http://wiki.apache.org/hadoop/UnsetHostnameOrPort, while invoking $Proxy39.submitRequest over nodeId=null,nodeAddress=127.0.0.1:0 after 9 failover attempts. Trying to failover immediately.
2019-09-26 19:34:23,511 [main] INFO  ipc.Client (Client.java:handleConnectionFailure(948)) - Retrying connect to server: localhost/127.0.0.1:0. Already tried 0 time(s); retry policy is RetryUpToMaximumCountWithFixedSleep(maxRetries=10, sleepTime=1000 MILLISECONDS)
2019-09-26 19:34:24,512 [main] INFO  ipc.Client (Client.java:handleConnectionFailure(948)) - Retrying connect to server: localhost/127.0.0.1:0. Already tried 1 time(s); retry policy is RetryUpToMaximumCountWithFixedSleep(maxRetries=10, sleepTime=1000 MILLISECONDS)
2019-09-26 19:34:25,513 [main] INFO  ipc.Client (Client.java:handleConnectionFailure(948)) - Retrying connect to server: localhost/127.0.0.1:0. Already tried 2 time(s); retry policy is RetryUpToMaximumCountWithFixedSleep(maxRetries=10, sleepTime=1000 MILLISECONDS)
2019-09-26 19:34:26,514 [main] INFO  ipc.Client (Client.java:handleConnectionFailure(948)) - Retrying connect to server: localhost/127.0.0.1:0. Already tried 3 time(s); retry policy is RetryUpToMaximumCountWithFixedSleep(maxRetries=10, sleepTime=1000 MILLISECONDS)
2019-09-26 19:34:27,515 [main] INFO  ipc.Client (Client.java:handleConnectionFailure(948)) - Retrying connect to server: localhost/127.0.0.1:0. Already tried 4 time(s); retry policy is RetryUpToMaximumCountWithFixedSleep(maxRetries=10, sleepTime=1000 MILLISECONDS)
2019-09-26 19:34:28,517 [main] INFO  ipc.Client (Client.java:handleConnectionFailure(948)) - Retrying connect to server: localhost/127.0.0.1:0. Already tried 5 time(s); retry policy is RetryUpToMaximumCountWithFixedSleep(maxRetries=10, sleepTime=1000 MILLISECONDS)
2019-09-26 19:34:29,518 [main] INFO  ipc.Client (Client.java:handleConnectionFailure(948)) - Retrying connect to server: localhost/127.0.0.1:0. Already tried 6 time(s); retry policy is RetryUpToMaximumCountWithFixedSleep(maxRetries=10, sleepTime=1000 MILLISECONDS)
2019-09-26 19:34:30,519 [main] INFO  ipc.Client (Client.java:handleConnectionFailure(948)) - Retrying connect to server: localhost/127.0.0.1:0. Already tried 7 time(s); retry policy is RetryUpToMaximumCountWithFixedSleep(maxRetries=10, sleepTime=1000 MILLISECONDS)
2019-09-26 19:34:31,520 [main] INFO  ipc.Client (Client.java:handleConnectionFailure(948)) - Retrying connect to server: localhost/127.0.0.1:0. Already tried 8 time(s); retry policy is RetryUpToMaximumCountWithFixedSleep(maxRetries=10, sleepTime=1000 MILLISECONDS)
2019-09-26 19:34:32,522 [main] INFO  ipc.Client (Client.java:handleConnectionFailure(948)) - Retrying connect to server: localhost/127.0.0.1:0. Already tried 9 time(s); retry policy is RetryUpToMaximumCountWithFixedSleep(maxRetries=10, sleepTime=1000 MILLISECONDS)
2019-09-26 19:34:32,524 [main] ERROR ha.OMFailoverProxyProvider (OzoneManagerProtocolClientSideTranslatorPB.java:getRetryAction(268)) - Failed to connect to OM. Attempted 10 retries and 10 failovers
2019-09-26 19:34:32,526 [main] INFO  ozone.MiniOzoneClusterImpl (MiniOzoneClusterImpl.java:shutdown(314)) - Shutting down the Mini Ozone Cluster
2019-09-26 19:34:32,526 [main] INFO  ozone.MiniOzoneClusterImpl (MiniOzoneClusterImpl.java:stop(330)) - Stopping the Mini Ozone Cluster
2019-09-26 19:34:32,527 [main] INFO  ozone.MiniOzoneClusterImpl (MiniOzoneClusterImpl.java:stopOM(400)) - Stopping the OzoneManager
2019-09-26 19:34:32,527 [main] INFO  ipc.Server (Server.java:stop(3082)) - Stopping server on 34248
2019-09-26 19:34:32,538 [IPC Server listener on 34248] INFO  ipc.Server (Server.java:run(1185)) - Stopping IPC Server listener on 34248
2019-09-26 19:34:32,540 [main] INFO  ratis.OzoneManagerDoubleBuffer (OzoneManagerDoubleBuffer.java:stop(248)) - Stopping OMDoubleBuffer flush thread
2019-09-26 19:34:32,543 [IPC Server Responder] INFO  ipc.Server (Server.java:run(1319)) - Stopping IPC Server Responder
2019-09-26 19:34:32,547 [OMDoubleBufferFlushThread] INFO  ratis.OzoneManagerDoubleBuffer (OzoneManagerDoubleBuffer.java:flushTransactions(191)) - OMDoubleBuffer flush thread OMDoubleBufferFlushThread is interrupted and will exit. OMDoubleBufferFlushThread
2019-09-26 19:34:32,555 [main] INFO  utils.BackgroundService (BackgroundService.java:shutdown(148)) - Shutting down service KeyDeletingService
2019-09-26 19:34:32,563 [main] INFO  handler.ContextHandler (ContextHandler.java:doStop(910)) - Stopped o.e.j.w.WebAppContext@2f7dcef2{/,null,UNAVAILABLE}{/ozoneManager}
2019-09-26 19:34:32,571 [main] INFO  server.AbstractConnector (AbstractConnector.java:doStop(318)) - Stopped ServerConnector@4a3be6a5{HTTP/1.1,[http/1.1]}{0.0.0.0:0}
2019-09-26 19:34:32,571 [main] INFO  handler.ContextHandler (ContextHandler.java:doStop(910)) - Stopped o.e.j.s.ServletContextHandler@4349754{/static,file:///workdir/hadoop-ozone/integration-test/target/test-classes/webapps/static,UNAVAILABLE}
2019-09-26 19:34:32,572 [main] INFO  handler.ContextHandler (ContextHandler.java:doStop(910)) - Stopped o.e.j.s.ServletContextHandler@2bf94401{/logs,file:///workdir/hadoop-ozone/integration-test/target/log,UNAVAILABLE}
2019-09-26 19:34:32,577 [main] INFO  ozone.MiniOzoneClusterImpl (MiniOzoneClusterImpl.java:stopDatanodes(377)) - Stopping the HddsDatanodes
2019-09-26 19:34:33,028 [Datanode State Machine Thread - 0] INFO  statemachine.DatanodeStateMachine (DatanodeStateMachine.java:lambda$startDaemon$0(350)) - Ozone container server started.
2019-09-26 19:34:33,122 [Datanode State Machine Thread - 0] INFO  statemachine.DatanodeStateMachine (DatanodeStateMachine.java:lambda$startDaemon$0(350)) - Ozone container server started.
2019-09-26 19:34:37,580 [main] INFO  ozoneimpl.OzoneContainer (OzoneContainer.java:stop(231)) - Attempting to stop container services.
2019-09-26 19:34:37,580 [ForkJoinPool.commonPool-worker-0] INFO  ozoneimpl.OzoneContainer (OzoneContainer.java:stop(231)) - Attempting to stop container services.
2019-09-26 19:34:37,581 [main] INFO  impl.RaftServerProxy (RaftServerProxy.java:lambda$close$4(314)) - 930c43c6-fb1b-4a0f-8aa9-356d61d94860: close
2019-09-26 19:34:37,582 [ForkJoinPool.commonPool-worker-0] INFO  impl.RaftServerProxy (RaftServerProxy.java:lambda$close$4(314)) - 2f744b65-9d98-4ead-8f74-686d00960d2f: close
2019-09-26 19:34:37,583 [main] INFO  impl.RaftServerImpl (RaftServerImpl.java:lambda$shutdown$3(251)) - 930c43c6-fb1b-4a0f-8aa9-356d61d94860@group-CEB27D615DA2: shutdown
2019-09-26 19:34:37,584 [main] INFO  util.JmxRegister (JmxRegister.java:unregister(73)) - Successfully un-registered JMX Bean with object name Ratis:service=RaftServer,group=group-CEB27D615DA2,id=930c43c6-fb1b-4a0f-8aa9-356d61d94860
2019-09-26 19:34:37,584 [ForkJoinPool.commonPool-worker-0] INFO  impl.RaftServerImpl (RaftServerImpl.java:lambda$shutdown$3(251)) - 2f744b65-9d98-4ead-8f74-686d00960d2f@group-AB1EF04243EA: shutdown
2019-09-26 19:34:37,584 [main] INFO  impl.RoleInfo (RoleInfo.java:shutdownLeaderState(104)) - 930c43c6-fb1b-4a0f-8aa9-356d61d94860: shutdown LeaderState
2019-09-26 19:34:37,584 [ForkJoinPool.commonPool-worker-0] INFO  util.JmxRegister (JmxRegister.java:unregister(73)) - Successfully un-registered JMX Bean with object name Ratis:service=RaftServer,group=group-AB1EF04243EA,id=2f744b65-9d98-4ead-8f74-686d00960d2f
2019-09-26 19:34:37,585 [ForkJoinPool.commonPool-worker-0] INFO  impl.RoleInfo (RoleInfo.java:shutdownLeaderState(104)) - 2f744b65-9d98-4ead-8f74-686d00960d2f: shutdown LeaderState
2019-09-26 19:34:37,585 [main] INFO  impl.PendingRequests (PendingRequests.java:sendNotLeaderResponses(202)) - 930c43c6-fb1b-4a0f-8aa9-356d61d94860-PendingRequests: sendNotLeaderResponses
2019-09-26 19:34:37,585 [ForkJoinPool.commonPool-worker-0] INFO  impl.PendingRequests (PendingRequests.java:sendNotLeaderResponses(202)) - 2f744b65-9d98-4ead-8f74-686d00960d2f-PendingRequests: sendNotLeaderResponses
2019-09-26 19:34:37,589 [main] INFO  impl.StateMachineUpdater (StateMachineUpdater.java:stopAndJoin(125)) - 930c43c6-fb1b-4a0f-8aa9-356d61d94860@group-CEB27D615DA2-StateMachineUpdater: set stopIndex = 0
2019-09-26 19:34:37,589 [ForkJoinPool.commonPool-worker-0] INFO  impl.StateMachineUpdater (StateMachineUpdater.java:stopAndJoin(125)) - 2f744b65-9d98-4ead-8f74-686d00960d2f@group-AB1EF04243EA-StateMachineUpdater: set stopIndex = 0
2019-09-26 19:34:37,593 [ForkJoinPool.commonPool-worker-0] INFO  impl.RaftServerImpl (ServerState.java:close(385)) - 2f744b65-9d98-4ead-8f74-686d00960d2f@group-AB1EF04243EA: closes. applyIndex: 0
2019-09-26 19:34:37,593 [main] INFO  impl.RaftServerImpl (ServerState.java:close(385)) - 930c43c6-fb1b-4a0f-8aa9-356d61d94860@group-CEB27D615DA2: closes. applyIndex: 0
2019-09-26 19:34:37,595 [2f744b65-9d98-4ead-8f74-686d00960d2f@group-AB1EF04243EA-SegmentedRaftLogWorker] INFO  segmented.SegmentedRaftLogWorker (SegmentedRaftLogWorker.java:run(313)) - 2f744b65-9d98-4ead-8f74-686d00960d2f@group-AB1EF04243EA-SegmentedRaftLogWorker was interrupted, exiting. There are 0 tasks remaining in the queue.
2019-09-26 19:34:37,595 [930c43c6-fb1b-4a0f-8aa9-356d61d94860@group-CEB27D615DA2-SegmentedRaftLogWorker] INFO  segmented.SegmentedRaftLogWorker (SegmentedRaftLogWorker.java:run(313)) - 930c43c6-fb1b-4a0f-8aa9-356d61d94860@group-CEB27D615DA2-SegmentedRaftLogWorker was interrupted, exiting. There are 0 tasks remaining in the queue.
2019-09-26 19:34:37,598 [main] INFO  segmented.SegmentedRaftLogWorker (SegmentedRaftLogWorker.java:close(228)) - 930c43c6-fb1b-4a0f-8aa9-356d61d94860@group-CEB27D615DA2-SegmentedRaftLogWorker close()
2019-09-26 19:34:37,598 [ForkJoinPool.commonPool-worker-0] INFO  segmented.SegmentedRaftLogWorker (SegmentedRaftLogWorker.java:close(228)) - 2f744b65-9d98-4ead-8f74-686d00960d2f@group-AB1EF04243EA-SegmentedRaftLogWorker close()
2019-09-26 19:34:37,601 [main] INFO  impl.RaftServerImpl (RaftServerImpl.java:lambda$shutdown$3(251)) - 930c43c6-fb1b-4a0f-8aa9-356d61d94860@group-012E4F7491C1: shutdown
2019-09-26 19:34:37,603 [ForkJoinPool.commonPool-worker-0] INFO  impl.RaftServerImpl (RaftServerImpl.java:lambda$shutdown$3(251)) - 2f744b65-9d98-4ead-8f74-686d00960d2f@group-012E4F7491C1: shutdown
2019-09-26 19:34:37,603 [main] INFO  util.JmxRegister (JmxRegister.java:unregister(73)) - Successfully un-registered JMX Bean with object name Ratis:service=RaftServer,group=group-012E4F7491C1,id=930c43c6-fb1b-4a0f-8aa9-356d61d94860
2019-09-26 19:34:37,603 [ForkJoinPool.commonPool-worker-0] INFO  util.JmxRegister (JmxRegister.java:unregister(73)) - Successfully un-registered JMX Bean with object name Ratis:service=RaftServer,group=group-012E4F7491C1,id=2f744b65-9d98-4ead-8f74-686d00960d2f
2019-09-26 19:34:37,604 [main] INFO  impl.RoleInfo (RoleInfo.java:shutdownFollowerState(121)) - 930c43c6-fb1b-4a0f-8aa9-356d61d94860: shutdown FollowerState
2019-09-26 19:34:37,604 [ForkJoinPool.commonPool-worker-0] INFO  impl.RoleInfo (RoleInfo.java:shutdownLeaderState(104)) - 2f744b65-9d98-4ead-8f74-686d00960d2f: shutdown LeaderState
2019-09-26 19:34:37,604 [Thread-208] INFO  impl.FollowerState (FollowerState.java:run(115)) - 930c43c6-fb1b-4a0f-8aa9-356d61d94860: FollowerState was interrupted: java.lang.InterruptedException: sleep interrupted
2019-09-26 19:34:37,604 [main] INFO  impl.StateMachineUpdater (StateMachineUpdater.java:stopAndJoin(125)) - 930c43c6-fb1b-4a0f-8aa9-356d61d94860@group-012E4F7491C1-StateMachineUpdater: set stopIndex = 0
2019-09-26 19:34:37,608 [org.apache.ratis.server.impl.LogAppender$AppenderDaemon$$Lambda$373/490690870@5a698f21] WARN  server.GrpcLogAppender (GrpcLogAppender.java:mayWait(143)) - 2f744b65-9d98-4ead-8f74-686d00960d2f@group-012E4F7491C1->930c43c6-fb1b-4a0f-8aa9-356d61d94860-GrpcLogAppender: Wait interrupted by java.lang.InterruptedException
2019-09-26 19:34:37,608 [org.apache.ratis.server.impl.LogAppender$AppenderDaemon$$Lambda$373/490690870@df30cc1] WARN  server.GrpcLogAppender (GrpcLogAppender.java:mayWait(143)) - 2f744b65-9d98-4ead-8f74-686d00960d2f@group-012E4F7491C1->12a2bab0-3a62-48c3-8021-7a628a090ed8-GrpcLogAppender: Wait interrupted by java.lang.InterruptedException
2019-09-26 19:34:37,607 [ForkJoinPool.commonPool-worker-0] INFO  impl.PendingRequests (PendingRequests.java:sendNotLeaderResponses(202)) - 2f744b65-9d98-4ead-8f74-686d00960d2f-PendingRequests: sendNotLeaderResponses
2019-09-26 19:34:37,609 [main] INFO  impl.RaftServerImpl (ServerState.java:close(385)) - 930c43c6-fb1b-4a0f-8aa9-356d61d94860@group-012E4F7491C1: closes. applyIndex: 0
2019-09-26 19:34:37,609 [ForkJoinPool.commonPool-worker-0] INFO  impl.StateMachineUpdater (StateMachineUpdater.java:stopAndJoin(125)) - 2f744b65-9d98-4ead-8f74-686d00960d2f@group-012E4F7491C1-StateMachineUpdater: set stopIndex = 0
2019-09-26 19:34:37,611 [930c43c6-fb1b-4a0f-8aa9-356d61d94860@group-012E4F7491C1-SegmentedRaftLogWorker] INFO  segmented.SegmentedRaftLogWorker (SegmentedRaftLogWorker.java:run(313)) - 930c43c6-fb1b-4a0f-8aa9-356d61d94860@group-012E4F7491C1-SegmentedRaftLogWorker was interrupted, exiting. There are 0 tasks remaining in the queue.
2019-09-26 19:34:37,612 [ForkJoinPool.commonPool-worker-0] INFO  impl.RaftServerImpl (ServerState.java:close(385)) - 2f744b65-9d98-4ead-8f74-686d00960d2f@group-012E4F7491C1: closes. applyIndex: 0
2019-09-26 19:34:37,613 [main] INFO  segmented.SegmentedRaftLogWorker (SegmentedRaftLogWorker.java:close(228)) - 930c43c6-fb1b-4a0f-8aa9-356d61d94860@group-012E4F7491C1-SegmentedRaftLogWorker close()
2019-09-26 19:34:37,613 [2f744b65-9d98-4ead-8f74-686d00960d2f@group-012E4F7491C1-SegmentedRaftLogWorker] INFO  segmented.SegmentedRaftLogWorker (SegmentedRaftLogWorker.java:run(313)) - 2f744b65-9d98-4ead-8f74-686d00960d2f@group-012E4F7491C1-SegmentedRaftLogWorker was interrupted, exiting. There are 0 tasks remaining in the queue.
2019-09-26 19:34:37,615 [ForkJoinPool.commonPool-worker-0] INFO  segmented.SegmentedRaftLogWorker (SegmentedRaftLogWorker.java:close(228)) - 2f744b65-9d98-4ead-8f74-686d00960d2f@group-012E4F7491C1-SegmentedRaftLogWorker close()
2019-09-26 19:34:37,617 [main] INFO  server.GrpcService (GrpcService.java:closeImpl(164)) - 930c43c6-fb1b-4a0f-8aa9-356d61d94860: shutdown server with port 37348 now
2019-09-26 19:34:37,617 [ForkJoinPool.commonPool-worker-0] INFO  server.GrpcService (GrpcService.java:closeImpl(164)) - 2f744b65-9d98-4ead-8f74-686d00960d2f: shutdown server with port 44532 now
2019-09-26 19:34:37,617 [grpc-default-executor-2] INFO  server.GrpcServerProtocolService (GrpcServerProtocolService.java:onCompleted(113)) - 12a2bab0-3a62-48c3-8021-7a628a090ed8: Completed APPEND_ENTRIES, lastRequest: 2f744b65-9d98-4ead-8f74-686d00960d2f->12a2bab0-3a62-48c3-8021-7a628a090ed8#43-t1, previous=(t:1, i:0), leaderCommit=0, initializing? false, entries: <empty>
2019-09-26 19:34:37,617 [grpc-default-executor-1] INFO  server.GrpcServerProtocolService (GrpcServerProtocolService.java:onCompleted(113)) - 930c43c6-fb1b-4a0f-8aa9-356d61d94860: Completed APPEND_ENTRIES, lastRequest: 2f744b65-9d98-4ead-8f74-686d00960d2f->930c43c6-fb1b-4a0f-8aa9-356d61d94860#43-t1, previous=(t:1, i:0), leaderCommit=0, initializing? false, entries: <empty>
2019-09-26 19:34:37,622 [grpc-default-executor-3] INFO  server.GrpcLogAppender (GrpcLogAppender.java:onCompleted(293)) - 2f744b65-9d98-4ead-8f74-686d00960d2f@group-012E4F7491C1->12a2bab0-3a62-48c3-8021-7a628a090ed8-AppendLogResponseHandler: follower responses appendEntries COMPLETED
2019-09-26 19:34:37,622 [ForkJoinPool.commonPool-worker-0] INFO  server.GrpcService (GrpcService.java:closeImpl(172)) - 2f744b65-9d98-4ead-8f74-686d00960d2f: shutdown server with port 44532 successfully
2019-09-26 19:34:37,622 [grpc-default-executor-4] INFO  server.GrpcLogAppender (GrpcLogAppender.java:onCompleted(293)) - 2f744b65-9d98-4ead-8f74-686d00960d2f@group-012E4F7491C1->930c43c6-fb1b-4a0f-8aa9-356d61d94860-AppendLogResponseHandler: follower responses appendEntries COMPLETED
2019-09-26 19:34:37,624 [main] INFO  server.GrpcService (GrpcService.java:closeImpl(172)) - 930c43c6-fb1b-4a0f-8aa9-356d61d94860: shutdown server with port 37348 successfully
2019-09-26 19:34:37,624 [grpc-default-executor-4] INFO  impl.FollowerInfo (FollowerInfo.java:lambda$new$0(51)) - 2f744b65-9d98-4ead-8f74-686d00960d2f@group-012E4F7491C1->930c43c6-fb1b-4a0f-8aa9-356d61d94860: nextIndex: updateUnconditionally 1 -> 0
2019-09-26 19:34:37,624 [grpc-default-executor-3] INFO  impl.FollowerInfo (FollowerInfo.java:lambda$new$0(51)) - 2f744b65-9d98-4ead-8f74-686d00960d2f@group-012E4F7491C1->12a2bab0-3a62-48c3-8021-7a628a090ed8: nextIndex: updateUnconditionally 1 -> 0
2019-09-26 19:34:37,626 [refreshUsed-/workdir/hadoop-ozone/integration-test/target/test-dir/MiniOzoneClusterImpl-b2b3c804-bc5d-4147-bfec-946ab6ed1093/datanode-0/data/containers] WARN  fs.CachingGetSpaceUsed (CachingGetSpaceUsed.java:run(183)) - Thread Interrupted waiting to refresh disk information: sleep interrupted
2019-09-26 19:34:37,636 [refreshUsed-/workdir/hadoop-ozone/integration-test/target/test-dir/MiniOzoneClusterImpl-b2b3c804-bc5d-4147-bfec-946ab6ed1093/datanode-1/data/containers] WARN  fs.CachingGetSpaceUsed (CachingGetSpaceUsed.java:run(183)) - Thread Interrupted waiting to refresh disk information: sleep interrupted
2019-09-26 19:34:37,649 [ForkJoinPool.commonPool-worker-0] INFO  utils.BackgroundService (BackgroundService.java:shutdown(148)) - Shutting down service BlockDeletingService
2019-09-26 19:34:37,652 [ForkJoinPool.commonPool-worker-0] INFO  statemachine.DatanodeStateMachine (DatanodeStateMachine.java:stopDaemon(395)) - Ozone container server stopped.
2019-09-26 19:34:37,653 [main] INFO  utils.BackgroundService (BackgroundService.java:shutdown(148)) - Shutting down service BlockDeletingService
2019-09-26 19:34:37,656 [main] INFO  statemachine.DatanodeStateMachine (DatanodeStateMachine.java:stopDaemon(395)) - Ozone container server stopped.
2019-09-26 19:34:37,656 [ForkJoinPool.commonPool-worker-0] INFO  handler.ContextHandler (ContextHandler.java:doStop(910)) - Stopped o.e.j.w.WebAppContext@22a6e998{/,null,UNAVAILABLE}{/hddsDatanode}
2019-09-26 19:34:37,657 [main] INFO  handler.ContextHandler (ContextHandler.java:doStop(910)) - Stopped o.e.j.w.WebAppContext@2aff9dff{/,null,UNAVAILABLE}{/hddsDatanode}
2019-09-26 19:34:37,657 [ForkJoinPool.commonPool-worker-0] INFO  server.AbstractConnector (AbstractConnector.java:doStop(318)) - Stopped ServerConnector@55e42449{HTTP/1.1,[http/1.1]}{0.0.0.0:0}
2019-09-26 19:34:37,658 [main] INFO  server.AbstractConnector (AbstractConnector.java:doStop(318)) - Stopped ServerConnector@5f0f9947{HTTP/1.1,[http/1.1]}{0.0.0.0:0}
2019-09-26 19:34:37,658 [ForkJoinPool.commonPool-worker-0] INFO  handler.ContextHandler (ContextHandler.java:doStop(910)) - Stopped o.e.j.s.ServletContextHandler@7a0e7ecd{/static,jar:file:/home/user/.m2/repository/org/apache/hadoop/hadoop-hdds-container-service/0.5.0-SNAPSHOT/hadoop-hdds-container-service-0.5.0-SNAPSHOT.jar!/webapps/static,UNAVAILABLE}
2019-09-26 19:34:37,659 [main] INFO  handler.ContextHandler (ContextHandler.java:doStop(910)) - Stopped o.e.j.s.ServletContextHandler@455c1d8c{/static,jar:file:/home/user/.m2/repository/org/apache/hadoop/hadoop-hdds-container-service/0.5.0-SNAPSHOT/hadoop-hdds-container-service-0.5.0-SNAPSHOT.jar!/webapps/static,UNAVAILABLE}
2019-09-26 19:34:37,659 [ForkJoinPool.commonPool-worker-0] INFO  handler.ContextHandler (ContextHandler.java:doStop(910)) - Stopped o.e.j.s.ServletContextHandler@255eaa6b{/logs,file:///workdir/hadoop-ozone/integration-test/target/log,UNAVAILABLE}
2019-09-26 19:34:37,660 [main] INFO  handler.ContextHandler (ContextHandler.java:doStop(910)) - Stopped o.e.j.s.ServletContextHandler@49faf066{/logs,file:///workdir/hadoop-ozone/integration-test/target/log,UNAVAILABLE}
2019-09-26 19:34:38,198 [Datanode State Machine Thread - 0] INFO  statemachine.DatanodeStateMachine (DatanodeStateMachine.java:lambda$startDaemon$0(350)) - Ozone container server started.
2019-09-26 19:34:42,661 [ForkJoinPool.commonPool-worker-0] INFO  ozoneimpl.OzoneContainer (OzoneContainer.java:stop(231)) - Attempting to stop container services.
2019-09-26 19:34:42,662 [ForkJoinPool.commonPool-worker-0] INFO  impl.RaftServerProxy (RaftServerProxy.java:lambda$close$4(314)) - 12a2bab0-3a62-48c3-8021-7a628a090ed8: close
2019-09-26 19:34:42,662 [ForkJoinPool.commonPool-worker-0] INFO  impl.RaftServerImpl (RaftServerImpl.java:lambda$shutdown$3(251)) - 12a2bab0-3a62-48c3-8021-7a628a090ed8@group-0391DB439212: shutdown
2019-09-26 19:34:42,662 [ForkJoinPool.commonPool-worker-0] INFO  util.JmxRegister (JmxRegister.java:unregister(73)) - Successfully un-registered JMX Bean with object name Ratis:service=RaftServer,group=group-0391DB439212,id=12a2bab0-3a62-48c3-8021-7a628a090ed8
2019-09-26 19:34:42,662 [ForkJoinPool.commonPool-worker-0] INFO  impl.RoleInfo (RoleInfo.java:shutdownLeaderState(104)) - 12a2bab0-3a62-48c3-8021-7a628a090ed8: shutdown LeaderState
2019-09-26 19:34:42,663 [ForkJoinPool.commonPool-worker-0] INFO  impl.PendingRequests (PendingRequests.java:sendNotLeaderResponses(202)) - 12a2bab0-3a62-48c3-8021-7a628a090ed8-PendingRequests: sendNotLeaderResponses
2019-09-26 19:34:42,663 [ForkJoinPool.commonPool-worker-0] INFO  impl.StateMachineUpdater (StateMachineUpdater.java:stopAndJoin(125)) - 12a2bab0-3a62-48c3-8021-7a628a090ed8@group-0391DB439212-StateMachineUpdater: set stopIndex = 0
2019-09-26 19:34:42,664 [ForkJoinPool.commonPool-worker-0] INFO  impl.RaftServerImpl (ServerState.java:close(385)) - 12a2bab0-3a62-48c3-8021-7a628a090ed8@group-0391DB439212: closes. applyIndex: 0
2019-09-26 19:34:42,664 [12a2bab0-3a62-48c3-8021-7a628a090ed8@group-0391DB439212-SegmentedRaftLogWorker] INFO  segmented.SegmentedRaftLogWorker (SegmentedRaftLogWorker.java:run(313)) - 12a2bab0-3a62-48c3-8021-7a628a090ed8@group-0391DB439212-SegmentedRaftLogWorker was interrupted, exiting. There are 0 tasks remaining in the queue.
2019-09-26 19:34:42,665 [ForkJoinPool.commonPool-worker-0] INFO  segmented.SegmentedRaftLogWorker (SegmentedRaftLogWorker.java:close(228)) - 12a2bab0-3a62-48c3-8021-7a628a090ed8@group-0391DB439212-SegmentedRaftLogWorker close()
2019-09-26 19:34:42,666 [ForkJoinPool.commonPool-worker-0] INFO  impl.RaftServerImpl (RaftServerImpl.java:lambda$shutdown$3(251)) - 12a2bab0-3a62-48c3-8021-7a628a090ed8@group-012E4F7491C1: shutdown
2019-09-26 19:34:42,667 [ForkJoinPool.commonPool-worker-0] INFO  util.JmxRegister (JmxRegister.java:unregister(73)) - Successfully un-registered JMX Bean with object name Ratis:service=RaftServer,group=group-012E4F7491C1,id=12a2bab0-3a62-48c3-8021-7a628a090ed8
2019-09-26 19:34:42,667 [ForkJoinPool.commonPool-worker-0] INFO  impl.RoleInfo (RoleInfo.java:shutdownFollowerState(121)) - 12a2bab0-3a62-48c3-8021-7a628a090ed8: shutdown FollowerState
2019-09-26 19:34:42,667 [ForkJoinPool.commonPool-worker-0] INFO  impl.StateMachineUpdater (StateMachineUpdater.java:stopAndJoin(125)) - 12a2bab0-3a62-48c3-8021-7a628a090ed8@group-012E4F7491C1-StateMachineUpdater: set stopIndex = 0
2019-09-26 19:34:42,667 [Thread-209] INFO  impl.FollowerState (FollowerState.java:run(115)) - 12a2bab0-3a62-48c3-8021-7a628a090ed8: FollowerState was interrupted: java.lang.InterruptedException: sleep interrupted
2019-09-26 19:34:42,668 [ForkJoinPool.commonPool-worker-0] INFO  impl.RaftServerImpl (ServerState.java:close(385)) - 12a2bab0-3a62-48c3-8021-7a628a090ed8@group-012E4F7491C1: closes. applyIndex: 0
2019-09-26 19:34:42,669 [12a2bab0-3a62-48c3-8021-7a628a090ed8@group-012E4F7491C1-SegmentedRaftLogWorker] INFO  segmented.SegmentedRaftLogWorker (SegmentedRaftLogWorker.java:run(313)) - 12a2bab0-3a62-48c3-8021-7a628a090ed8@group-012E4F7491C1-SegmentedRaftLogWorker was interrupted, exiting. There are 0 tasks remaining in the queue.
2019-09-26 19:34:42,670 [ForkJoinPool.commonPool-worker-0] INFO  segmented.SegmentedRaftLogWorker (SegmentedRaftLogWorker.java:close(228)) - 12a2bab0-3a62-48c3-8021-7a628a090ed8@group-012E4F7491C1-SegmentedRaftLogWorker close()
2019-09-26 19:34:42,671 [ForkJoinPool.commonPool-worker-0] INFO  server.GrpcService (GrpcService.java:closeImpl(164)) - 12a2bab0-3a62-48c3-8021-7a628a090ed8: shutdown server with port 35034 now
2019-09-26 19:34:42,671 [ForkJoinPool.commonPool-worker-0] INFO  server.GrpcService (GrpcService.java:closeImpl(172)) - 12a2bab0-3a62-48c3-8021-7a628a090ed8: shutdown server with port 35034 successfully
2019-09-26 19:34:42,685 [refreshUsed-/workdir/hadoop-ozone/integration-test/target/test-dir/MiniOzoneClusterImpl-b2b3c804-bc5d-4147-bfec-946ab6ed1093/datanode-2/data/containers] WARN  fs.CachingGetSpaceUsed (CachingGetSpaceUsed.java:run(183)) - Thread Interrupted waiting to refresh disk information: sleep interrupted
2019-09-26 19:34:42,701 [ForkJoinPool.commonPool-worker-0] INFO  utils.BackgroundService (BackgroundService.java:shutdown(148)) - Shutting down service BlockDeletingService
2019-09-26 19:34:42,703 [ForkJoinPool.commonPool-worker-0] INFO  statemachine.DatanodeStateMachine (DatanodeStateMachine.java:stopDaemon(395)) - Ozone container server stopped.
2019-09-26 19:34:42,706 [ForkJoinPool.commonPool-worker-0] INFO  handler.ContextHandler (ContextHandler.java:doStop(910)) - Stopped o.e.j.w.WebAppContext@4ce94d2f{/,null,UNAVAILABLE}{/hddsDatanode}
2019-09-26 19:34:42,707 [ForkJoinPool.commonPool-worker-0] INFO  server.AbstractConnector (AbstractConnector.java:doStop(318)) - Stopped ServerConnector@68ab0936{HTTP/1.1,[http/1.1]}{0.0.0.0:0}
2019-09-26 19:34:42,708 [ForkJoinPool.commonPool-worker-0] INFO  handler.ContextHandler (ContextHandler.java:doStop(910)) - Stopped o.e.j.s.ServletContextHandler@fc807c1{/static,jar:file:/home/user/.m2/repository/org/apache/hadoop/hadoop-hdds-container-service/0.5.0-SNAPSHOT/hadoop-hdds-container-service-0.5.0-SNAPSHOT.jar!/webapps/static,UNAVAILABLE}
2019-09-26 19:34:42,709 [ForkJoinPool.commonPool-worker-0] INFO  handler.ContextHandler (ContextHandler.java:doStop(910)) - Stopped o.e.j.s.ServletContextHandler@2f2bff16{/logs,file:///workdir/hadoop-ozone/integration-test/target/log,UNAVAILABLE}
2019-09-26 19:34:42,710 [main] INFO  ozone.MiniOzoneClusterImpl (MiniOzoneClusterImpl.java:stopSCM(392)) - Stopping the StorageContainerManager
2019-09-26 19:34:42,710 [main] INFO  server.StorageContainerManager (StorageContainerManager.java:stop(808)) - Stopping Replication Manager Service.
2019-09-26 19:34:42,711 [main] INFO  container.ReplicationManager (ReplicationManager.java:stop(203)) - Stopping Replication Monitor Thread.
2019-09-26 19:34:42,711 [main] INFO  server.StorageContainerManager (StorageContainerManager.java:stop(815)) - Stopping Lease Manager of the command watchers
2019-09-26 19:34:42,711 [main] INFO  server.StorageContainerManager (StorageContainerManager.java:stop(822)) - Stopping datanode service RPC server
2019-09-26 19:34:42,711 [main] INFO  server.SCMDatanodeProtocolServer (SCMDatanodeProtocolServer.java:stop(367)) - Stopping the RPC server for DataNodes
2019-09-26 19:34:42,711 [main] INFO  ipc.Server (Server.java:stop(3082)) - Stopping server on 39364
2019-09-26 19:34:42,713 [IPC Server Responder] INFO  ipc.Server (Server.java:run(1319)) - Stopping IPC Server Responder
2019-09-26 19:34:42,713 [IPC Server listener on 39364] INFO  ipc.Server (Server.java:run(1185)) - Stopping IPC Server listener on 39364
2019-09-26 19:34:42,789 [SCM Heartbeat Processing Thread - 0] WARN  node.NodeStateManager (NodeStateManager.java:scheduleNextHealthCheck(646)) - Current Thread is interrupted, shutting down HB processing thread for Node Manager.
2019-09-26 19:34:42,789 [main] INFO  server.StorageContainerManager (StorageContainerManager.java:stop(830)) - Stopping block service RPC server
2019-09-26 19:34:42,789 [main] INFO  server.SCMBlockProtocolServer (SCMBlockProtocolServer.java:stop(155)) - Stopping the RPC server for Block Protocol
2019-09-26 19:34:42,790 [main] INFO  ipc.Server (Server.java:stop(3082)) - Stopping server on 36817
2019-09-26 19:34:42,791 [IPC Server listener on 36817] INFO  ipc.Server (Server.java:run(1185)) - Stopping IPC Server listener on 36817
2019-09-26 19:34:42,791 [main] INFO  server.StorageContainerManager (StorageContainerManager.java:stop(837)) - Stopping the StorageContainerLocationProtocol RPC server
2019-09-26 19:34:42,791 [IPC Server Responder] INFO  ipc.Server (Server.java:run(1319)) - Stopping IPC Server Responder
2019-09-26 19:34:42,791 [main] INFO  server.SCMClientProtocolServer (SCMClientProtocolServer.java:stop(159)) - Stopping the RPC server for Client Protocol
2019-09-26 19:34:42,792 [main] INFO  ipc.Server (Server.java:stop(3082)) - Stopping server on 33821
2019-09-26 19:34:42,793 [IPC Server listener on 33821] INFO  ipc.Server (Server.java:run(1185)) - Stopping IPC Server listener on 33821
2019-09-26 19:34:42,793 [IPC Server Responder] INFO  ipc.Server (Server.java:run(1319)) - Stopping IPC Server Responder
2019-09-26 19:34:42,793 [main] INFO  server.StorageContainerManager (StorageContainerManager.java:stop(844)) - Stopping Storage Container Manager HTTP server.
2019-09-26 19:34:42,794 [main] INFO  handler.ContextHandler (ContextHandler.java:doStop(910)) - Stopped o.e.j.w.WebAppContext@7db0565c{/,null,UNAVAILABLE}{/scm}
2019-09-26 19:34:42,795 [main] INFO  server.AbstractConnector (AbstractConnector.java:doStop(318)) - Stopped ServerConnector@51a06cbe{HTTP/1.1,[http/1.1]}{0.0.0.0:0}
2019-09-26 19:34:42,795 [main] INFO  handler.ContextHandler (ContextHandler.java:doStop(910)) - Stopped o.e.j.s.ServletContextHandler@3f0846c6{/static,file:///workdir/hadoop-ozone/integration-test/target/test-classes/webapps/static,UNAVAILABLE}
2019-09-26 19:34:42,795 [main] INFO  handler.ContextHandler (ContextHandler.java:doStop(910)) - Stopped o.e.j.s.ServletContextHandler@5d2a4eed{/logs,file:///workdir/hadoop-ozone/integration-test/target/log,UNAVAILABLE}
2019-09-26 19:34:42,796 [main] INFO  server.StorageContainerManager (StorageContainerManager.java:stop(855)) - Stopping Block Manager Service.
2019-09-26 19:34:42,796 [main] INFO  utils.BackgroundService (BackgroundService.java:shutdown(148)) - Shutting down service SCMBlockDeletingService
2019-09-26 19:34:42,796 [main] INFO  utils.BackgroundService (BackgroundService.java:shutdown(148)) - Shutting down service SCMBlockDeletingService
2019-09-26 19:34:42,797 [main] INFO  server.StorageContainerManager (StorageContainerManager.java:stop(877)) - Stopping SCM Event Queue.
2019-09-26 19:34:42,802 [main] INFO  impl.MetricsSystemImpl (MetricsSystemImpl.java:stop(210)) - Stopping ratis metrics system...
2019-09-26 19:34:42,807 [prometheus] INFO  impl.MetricsSinkAdapter (MetricsSinkAdapter.java:publishMetricsFromQueue(141)) - prometheus thread interrupted.
2019-09-26 19:34:42,807 [main] INFO  impl.MetricsSystemImpl (MetricsSystemImpl.java:stop(216)) - ratis metrics system stopped.
]]></system-out>
    <system-err><![CDATA[ERROR StatusLogger No Log4j 2 configuration file found. Using default configuration (logging only errors to the console), or user programmatically provided configurations. Set system property 'log4j2.debug' to show Log4j 2 internal initialization logging. See https://logging.apache.org/log4j/2.x/manual/configuration.html for instructions on how to configure Log4j 2
]]></system-err>
  </testcase>
</testsuite>