<?xml version="1.0" encoding="UTF-8"?>
<testsuite xmlns:xsi="http://www.w3.org/2001/XMLSchema-instance" xsi:noNamespaceSchemaLocation="https://maven.apache.org/surefire/maven-surefire-plugin/xsd/surefire-test-report.xsd" name="org.apache.hadoop.ozone.client.rpc.TestSecureOzoneRpcClient" time="145.661" tests="1" errors="1" skipped="0" failures="0">
  <properties>
    <property name="awt.toolkit" value="sun.awt.X11.XToolkit"/>
    <property name="file.encoding.pkg" value="sun.io"/>
    <property name="java.specification.version" value="1.8"/>
    <property name="sun.cpu.isalist" value=""/>
    <property name="sun.jnu.encoding" value="UTF-8"/>
    <property name="java.class.path" value="/workdir/hadoop-ozone/integration-test/target/test-classes:/workdir/hadoop-ozone/integration-test/target/classes:/home/user/.m2/repository/org/apache/hadoop/hadoop-ozone-common/0.5.0-SNAPSHOT/hadoop-ozone-common-0.5.0-SNAPSHOT.jar:/home/user/.m2/repository/org/apache/commons/commons-compress/1.4.1/commons-compress-1.4.1.jar:/home/user/.m2/repository/org/tukaani/xz/1.0/xz-1.0.jar:/home/user/.m2/repository/org/apache/hadoop/hadoop-common/3.2.0/hadoop-common-3.2.0.jar:/home/user/.m2/repository/org/apache/hadoop/hadoop-hdfs/3.2.0/hadoop-hdfs-3.2.0.jar:/home/user/.m2/repository/org/apache/hadoop/hadoop-hdfs-client/3.2.0/hadoop-hdfs-client-3.2.0.jar:/home/user/.m2/repository/com/fasterxml/jackson/core/jackson-annotations/2.9.9/jackson-annotations-2.9.9.jar:/home/user/.m2/repository/org/apache/hadoop/hadoop-hdds-common/0.5.0-SNAPSHOT/hadoop-hdds-common-0.5.0-SNAPSHOT.jar:/home/user/.m2/repository/javax/annotation/javax.annotation-api/1.2/javax.annotation-api-1.2.jar:/home/user/.m2/repository/org/apache/ratis/ratis-server/0.4.0/ratis-server-0.4.0.jar:/home/user/.m2/repository/org/apache/ratis/ratis-thirdparty-misc/0.2.0/ratis-thirdparty-misc-0.2.0.jar:/home/user/.m2/repository/org/apache/ratis/ratis-proto/0.4.0/ratis-proto-0.4.0.jar:/home/user/.m2/repository/org/apache/ratis/ratis-common/0.4.0/ratis-common-0.4.0.jar:/home/user/.m2/repository/org/apache/ratis/ratis-client/0.4.0/ratis-client-0.4.0.jar:/home/user/.m2/repository/org/apache/ratis/ratis-metrics/0.4.0/ratis-metrics-0.4.0.jar:/home/user/.m2/repository/com/github/joshelser/dropwizard-metrics-hadoop-metrics2-reporter/0.1.2/dropwizard-metrics-hadoop-metrics2-reporter-0.1.2.jar:/home/user/.m2/repository/io/dropwizard/metrics/metrics-jvm/3.2.5/metrics-jvm-3.2.5.jar:/home/user/.m2/repository/io/dropwizard/metrics/metrics-ganglia/3.2.5/metrics-ganglia-3.2.5.jar:/home/user/.m2/repository/info/ganglia/gmetric4j/gmetric4j/1.0.7/gmetric4j-1.0.7.jar:/home/user/.m2/repository/org/apache/ratis/ratis-netty/0.4.0/ratis-netty-0.4.0.jar:/home/user/.m2/repository/org/apache/ratis/ratis-grpc/0.4.0/ratis-grpc-0.4.0.jar:/home/user/.m2/repository/org/rocksdb/rocksdbjni/6.0.1/rocksdbjni-6.0.1.jar:/home/user/.m2/repository/org/apache/logging/log4j/log4j-api/2.11.0/log4j-api-2.11.0.jar:/home/user/.m2/repository/org/apache/logging/log4j/log4j-core/2.11.0/log4j-core-2.11.0.jar:/home/user/.m2/repository/com/lmax/disruptor/3.4.2/disruptor-3.4.2.jar:/home/user/.m2/repository/org/apache/commons/commons-pool2/2.6.0/commons-pool2-2.6.0.jar:/home/user/.m2/repository/org/bouncycastle/bcpkix-jdk15on/1.60/bcpkix-jdk15on-1.60.jar:/home/user/.m2/repository/commons-validator/commons-validator/1.6/commons-validator-1.6.jar:/home/user/.m2/repository/commons-digester/commons-digester/1.8.1/commons-digester-1.8.1.jar:/home/user/.m2/repository/io/jaegertracing/jaeger-client/0.34.0/jaeger-client-0.34.0.jar:/home/user/.m2/repository/io/jaegertracing/jaeger-thrift/0.34.0/jaeger-thrift-0.34.0.jar:/home/user/.m2/repository/org/apache/thrift/libthrift/0.12.0/libthrift-0.12.0.jar:/home/user/.m2/repository/com/squareup/okhttp3/okhttp/3.9.0/okhttp-3.9.0.jar:/home/user/.m2/repository/com/squareup/okio/okio/1.13.0/okio-1.13.0.jar:/home/user/.m2/repository/io/jaegertracing/jaeger-core/0.34.0/jaeger-core-0.34.0.jar:/home/user/.m2/repository/io/jaegertracing/jaeger-tracerresolver/0.34.0/jaeger-tracerresolver-0.34.0.jar:/home/user/.m2/repository/io/opentracing/contrib/opentracing-tracerresolver/0.1.5/opentracing-tracerresolver-0.1.5.jar:/home/user/.m2/repository/io/opentracing/opentracing-util/0.31.0/opentracing-util-0.31.0.jar:/home/user/.m2/repository/io/opentracing/opentracing-api/0.31.0/opentracing-api-0.31.0.jar:/home/user/.m2/repository/io/opentracing/opentracing-noop/0.31.0/opentracing-noop-0.31.0.jar:/home/user/.m2/repository/org/apache/hadoop/hadoop-hdds-server-framework/0.5.0-SNAPSHOT/hadoop-hdds-server-framework-0.5.0-SNAPSHOT.jar:/home/user/.m2/repository/org/apache/hadoop/hadoop-hdds-container-service/0.5.0-SNAPSHOT/hadoop-hdds-container-service-0.5.0-SNAPSHOT.jar:/home/user/.m2/repository/org/apache/hadoop/hadoop-hdds-client/0.5.0-SNAPSHOT/hadoop-hdds-client-0.5.0-SNAPSHOT.jar:/home/user/.m2/repository/org/apache/hadoop/hadoop-hdds-tools/0.5.0-SNAPSHOT/hadoop-hdds-tools-0.5.0-SNAPSHOT.jar:/home/user/.m2/repository/org/apache/hadoop/hadoop-hdds-server-scm/0.5.0-SNAPSHOT/hadoop-hdds-server-scm-0.5.0-SNAPSHOT.jar:/home/user/.m2/repository/org/apache/hadoop/hadoop-hdds-docs/0.5.0-SNAPSHOT/hadoop-hdds-docs-0.5.0-SNAPSHOT.jar:/home/user/.m2/repository/io/dropwizard/metrics/metrics-core/3.2.4/metrics-core-3.2.4.jar:/home/user/.m2/repository/org/hamcrest/hamcrest-all/1.3/hamcrest-all-1.3.jar:/home/user/.m2/repository/org/bouncycastle/bcprov-jdk15on/1.60/bcprov-jdk15on-1.60.jar:/home/user/.m2/repository/info/picocli/picocli/3.9.6/picocli-3.9.6.jar:/home/user/.m2/repository/com/google/protobuf/protobuf-java/2.5.0/protobuf-java-2.5.0.jar:/home/user/.m2/repository/com/google/guava/guava/11.0.2/guava-11.0.2.jar:/home/user/.m2/repository/org/apache/hadoop/hadoop-ozone-ozone-manager/0.5.0-SNAPSHOT/hadoop-ozone-ozone-manager-0.5.0-SNAPSHOT.jar:/home/user/.m2/repository/org/apache/hadoop/hadoop-minikdc/3.2.0/hadoop-minikdc-3.2.0.jar:/home/user/.m2/repository/commons-io/commons-io/2.5/commons-io-2.5.jar:/home/user/.m2/repository/org/apache/kerby/kerb-simplekdc/1.0.1/kerb-simplekdc-1.0.1.jar:/home/user/.m2/repository/org/apache/kerby/kerb-client/1.0.1/kerb-client-1.0.1.jar:/home/user/.m2/repository/org/apache/kerby/kerby-config/1.0.1/kerby-config-1.0.1.jar:/home/user/.m2/repository/org/apache/kerby/kerb-core/1.0.1/kerb-core-1.0.1.jar:/home/user/.m2/repository/org/apache/kerby/kerby-pkix/1.0.1/kerby-pkix-1.0.1.jar:/home/user/.m2/repository/org/apache/kerby/kerby-asn1/1.0.1/kerby-asn1-1.0.1.jar:/home/user/.m2/repository/org/apache/kerby/kerby-util/1.0.1/kerby-util-1.0.1.jar:/home/user/.m2/repository/org/apache/kerby/kerb-common/1.0.1/kerb-common-1.0.1.jar:/home/user/.m2/repository/org/apache/kerby/kerb-crypto/1.0.1/kerb-crypto-1.0.1.jar:/home/user/.m2/repository/org/apache/kerby/kerb-util/1.0.1/kerb-util-1.0.1.jar:/home/user/.m2/repository/org/apache/kerby/token-provider/1.0.1/token-provider-1.0.1.jar:/home/user/.m2/repository/org/apache/kerby/kerb-admin/1.0.1/kerb-admin-1.0.1.jar:/home/user/.m2/repository/org/apache/kerby/kerb-server/1.0.1/kerb-server-1.0.1.jar:/home/user/.m2/repository/org/apache/kerby/kerb-identity/1.0.1/kerb-identity-1.0.1.jar:/home/user/.m2/repository/org/apache/kerby/kerby-xdr/1.0.1/kerby-xdr-1.0.1.jar:/home/user/.m2/repository/org/slf4j/slf4j-log4j12/1.7.25/slf4j-log4j12-1.7.25.jar:/home/user/.m2/repository/org/apache/hadoop/hadoop-ozone-s3gateway/0.5.0-SNAPSHOT/hadoop-ozone-s3gateway-0.5.0-SNAPSHOT.jar:/home/user/.m2/repository/org/jboss/weld/servlet/weld-servlet/2.4.7.Final/weld-servlet-2.4.7.Final.jar:/home/user/.m2/repository/org/glassfish/jersey/containers/jersey-container-servlet-core/2.27/jersey-container-servlet-core-2.27.jar:/home/user/.m2/repository/org/glassfish/hk2/external/javax.inject/2.5.0-b42/javax.inject-2.5.0-b42.jar:/home/user/.m2/repository/org/glassfish/jersey/core/jersey-common/2.27/jersey-common-2.27.jar:/home/user/.m2/repository/org/glassfish/hk2/osgi-resource-locator/1.0.1/osgi-resource-locator-1.0.1.jar:/home/user/.m2/repository/javax/ws/rs/javax.ws.rs-api/2.1/javax.ws.rs-api-2.1.jar:/home/user/.m2/repository/org/glassfish/jersey/ext/cdi/jersey-cdi1x/2.27/jersey-cdi1x-2.27.jar:/home/user/.m2/repository/org/glassfish/jersey/inject/jersey-hk2/2.27/jersey-hk2-2.27.jar:/home/user/.m2/repository/org/glassfish/hk2/hk2-locator/2.5.0-b42/hk2-locator-2.5.0-b42.jar:/home/user/.m2/repository/org/javassist/javassist/3.22.0-CR2/javassist-3.22.0-CR2.jar:/home/user/.m2/repository/org/glassfish/hk2/hk2-api/2.5.0/hk2-api-2.5.0.jar:/home/user/.m2/repository/org/glassfish/hk2/external/jakarta.inject/2.5.0/jakarta.inject-2.5.0.jar:/home/user/.m2/repository/org/glassfish/hk2/hk2-utils/2.5.0/hk2-utils-2.5.0.jar:/home/user/.m2/repository/jakarta/annotation/jakarta.annotation-api/1.3.4/jakarta.annotation-api-1.3.4.jar:/home/user/.m2/repository/org/glassfish/hk2/external/aopalliance-repackaged/2.5.0/aopalliance-repackaged-2.5.0.jar:/home/user/.m2/repository/com/fasterxml/jackson/dataformat/jackson-dataformat-xml/2.9.0/jackson-dataformat-xml-2.9.0.jar:/home/user/.m2/repository/com/fasterxml/jackson/core/jackson-core/2.9.9/jackson-core-2.9.9.jar:/home/user/.m2/repository/com/fasterxml/jackson/module/jackson-module-jaxb-annotations/2.9.9/jackson-module-jaxb-annotations-2.9.9.jar:/home/user/.m2/repository/javax/enterprise/cdi-api/1.2/cdi-api-1.2.jar:/home/user/.m2/repository/javax/el/javax.el-api/3.0.0/javax.el-api-3.0.0.jar:/home/user/.m2/repository/javax/interceptor/javax.interceptor-api/1.2/javax.interceptor-api-1.2.jar:/home/user/.m2/repository/javax/inject/javax.inject/1/javax.inject-1.jar:/home/user/.m2/repository/com/sun/xml/bind/jaxb-impl/2.3.0.1/jaxb-impl-2.3.0.1.jar:/home/user/.m2/repository/com/sun/xml/bind/jaxb-core/2.3.0.1/jaxb-core-2.3.0.1.jar:/home/user/.m2/repository/javax/xml/bind/jaxb-api/2.3.0/jaxb-api-2.3.0.jar:/home/user/.m2/repository/javax/activation/activation/1.1.1/activation-1.1.1.jar:/home/user/.m2/repository/org/apache/hadoop/hadoop-ozone-csi/0.5.0-SNAPSHOT/hadoop-ozone-csi-0.5.0-SNAPSHOT.jar:/home/user/.m2/repository/com/google/protobuf/protobuf-java-util/3.5.1/protobuf-java-util-3.5.1.jar:/home/user/.m2/repository/org/apache/hadoop/hadoop-hdds-config/0.5.0-SNAPSHOT/hadoop-hdds-config-0.5.0-SNAPSHOT.jar:/home/user/.m2/repository/io/grpc/grpc-netty/1.17.1/grpc-netty-1.17.1.jar:/home/user/.m2/repository/io/grpc/grpc-core/1.17.1/grpc-core-1.17.1.jar:/home/user/.m2/repository/io/grpc/grpc-context/1.17.1/grpc-context-1.17.1.jar:/home/user/.m2/repository/com/google/errorprone/error_prone_annotations/2.2.0/error_prone_annotations-2.2.0.jar:/home/user/.m2/repository/org/codehaus/mojo/animal-sniffer-annotations/1.17/animal-sniffer-annotations-1.17.jar:/home/user/.m2/repository/io/opencensus/opencensus-api/0.17.0/opencensus-api-0.17.0.jar:/home/user/.m2/repository/io/opencensus/opencensus-contrib-grpc-metrics/0.17.0/opencensus-contrib-grpc-metrics-0.17.0.jar:/home/user/.m2/repository/io/netty/netty-codec-http2/4.1.30.Final/netty-codec-http2-4.1.30.Final.jar:/home/user/.m2/repository/io/netty/netty-codec-http/4.1.30.Final/netty-codec-http-4.1.30.Final.jar:/home/user/.m2/repository/io/netty/netty-codec/4.1.30.Final/netty-codec-4.1.30.Final.jar:/home/user/.m2/repository/io/netty/netty-handler/4.1.30.Final/netty-handler-4.1.30.Final.jar:/home/user/.m2/repository/io/netty/netty-handler-proxy/4.1.30.Final/netty-handler-proxy-4.1.30.Final.jar:/home/user/.m2/repository/io/netty/netty-codec-socks/4.1.30.Final/netty-codec-socks-4.1.30.Final.jar:/home/user/.m2/repository/io/netty/netty-transport-native-epoll/4.1.30.Final/netty-transport-native-epoll-4.1.30.Final.jar:/home/user/.m2/repository/io/netty/netty-common/4.1.30.Final/netty-common-4.1.30.Final.jar:/home/user/.m2/repository/io/netty/netty-buffer/4.1.30.Final/netty-buffer-4.1.30.Final.jar:/home/user/.m2/repository/io/netty/netty-transport/4.1.30.Final/netty-transport-4.1.30.Final.jar:/home/user/.m2/repository/io/netty/netty-resolver/4.1.30.Final/netty-resolver-4.1.30.Final.jar:/home/user/.m2/repository/io/netty/netty-transport-native-unix-common/4.1.30.Final/netty-transport-native-unix-common-4.1.30.Final.jar:/home/user/.m2/repository/io/grpc/grpc-protobuf/1.17.1/grpc-protobuf-1.17.1.jar:/home/user/.m2/repository/com/google/api/grpc/proto-google-common-protos/1.0.0/proto-google-common-protos-1.0.0.jar:/home/user/.m2/repository/io/grpc/grpc-protobuf-lite/1.17.1/grpc-protobuf-lite-1.17.1.jar:/home/user/.m2/repository/io/grpc/grpc-stub/1.17.1/grpc-stub-1.17.1.jar:/home/user/.m2/repository/org/apache/hadoop/hadoop-ozone-recon/0.5.0-SNAPSHOT/hadoop-ozone-recon-0.5.0-SNAPSHOT.jar:/home/user/.m2/repository/org/apache/hadoop/hadoop-ozone-reconcodegen/0.5.0-SNAPSHOT/hadoop-ozone-reconcodegen-0.5.0-SNAPSHOT.jar:/home/user/.m2/repository/com/google/inject/extensions/guice-multibindings/4.0/guice-multibindings-4.0.jar:/home/user/.m2/repository/com/google/inject/guice/4.0/guice-4.0.jar:/home/user/.m2/repository/aopalliance/aopalliance/1.0/aopalliance-1.0.jar:/home/user/.m2/repository/com/google/inject/extensions/guice-servlet/4.0/guice-servlet-4.0.jar:/home/user/.m2/repository/org/glassfish/jersey/containers/jersey-container-servlet/2.27/jersey-container-servlet-2.27.jar:/home/user/.m2/repository/org/glassfish/hk2/guice-bridge/2.5.0/guice-bridge-2.5.0.jar:/home/user/.m2/repository/org/glassfish/jersey/core/jersey-server/2.27/jersey-server-2.27.jar:/home/user/.m2/repository/org/glassfish/jersey/core/jersey-client/2.27/jersey-client-2.27.jar:/home/user/.m2/repository/org/glassfish/jersey/media/jersey-media-jaxb/2.27/jersey-media-jaxb-2.27.jar:/home/user/.m2/repository/javax/validation/validation-api/1.1.0.Final/validation-api-1.1.0.Final.jar:/home/user/.m2/repository/org/glassfish/jersey/media/jersey-media-json-jackson/2.27/jersey-media-json-jackson-2.27.jar:/home/user/.m2/repository/org/glassfish/jersey/ext/jersey-entity-filtering/2.27/jersey-entity-filtering-2.27.jar:/home/user/.m2/repository/com/google/inject/extensions/guice-assistedinject/4.0/guice-assistedinject-4.0.jar:/home/user/.m2/repository/org/jooq/jooq/3.11.10/jooq-3.11.10.jar:/home/user/.m2/repository/org/jooq/jooq-meta/3.11.10/jooq-meta-3.11.10.jar:/home/user/.m2/repository/org/jooq/jooq-codegen/3.11.10/jooq-codegen-3.11.10.jar:/home/user/.m2/repository/com/jolbox/bonecp/0.8.0.RELEASE/bonecp-0.8.0.RELEASE.jar:/home/user/.m2/repository/org/xerial/sqlite-jdbc/3.25.2/sqlite-jdbc-3.25.2.jar:/home/user/.m2/repository/org/springframework/spring-jdbc/5.1.3.RELEASE/spring-jdbc-5.1.3.RELEASE.jar:/home/user/.m2/repository/org/springframework/spring-beans/5.1.3.RELEASE/spring-beans-5.1.3.RELEASE.jar:/home/user/.m2/repository/org/springframework/spring-core/5.1.3.RELEASE/spring-core-5.1.3.RELEASE.jar:/home/user/.m2/repository/org/springframework/spring-jcl/5.1.3.RELEASE/spring-jcl-5.1.3.RELEASE.jar:/home/user/.m2/repository/org/springframework/spring-tx/5.1.3.RELEASE/spring-tx-5.1.3.RELEASE.jar:/home/user/.m2/repository/org/apache/hadoop/hadoop-ozone-client/0.5.0-SNAPSHOT/hadoop-ozone-client-0.5.0-SNAPSHOT.jar:/home/user/.m2/repository/commons-lang/commons-lang/2.6/commons-lang-2.6.jar:/home/user/.m2/repository/org/apache/hadoop/hadoop-ozone-ozone-manager/0.5.0-SNAPSHOT/hadoop-ozone-ozone-manager-0.5.0-SNAPSHOT-tests.jar:/home/user/.m2/repository/junit/junit/4.11/junit-4.11.jar:/home/user/.m2/repository/org/hamcrest/hamcrest-core/1.3/hamcrest-core-1.3.jar:/home/user/.m2/repository/org/openjdk/jmh/jmh-core/1.19/jmh-core-1.19.jar:/home/user/.m2/repository/net/sf/jopt-simple/jopt-simple/4.6/jopt-simple-4.6.jar:/home/user/.m2/repository/org/apache/commons/commons-math3/3.1.1/commons-math3-3.1.1.jar:/home/user/.m2/repository/org/openjdk/jmh/jmh-generator-annprocess/1.19/jmh-generator-annprocess-1.19.jar:/home/user/.m2/repository/org/mockito/mockito-all/1.8.5/mockito-all-1.8.5.jar:/home/user/.m2/repository/org/apache/hadoop/hadoop-kms/3.2.0/hadoop-kms-3.2.0.jar:/home/user/.m2/repository/org/apache/hadoop/hadoop-auth/3.2.0/hadoop-auth-3.2.0.jar:/home/user/.m2/repository/com/nimbusds/nimbus-jose-jwt/4.41.1/nimbus-jose-jwt-4.41.1.jar:/home/user/.m2/repository/com/github/stephenc/jcip/jcip-annotations/1.0-1/jcip-annotations-1.0-1.jar:/home/user/.m2/repository/net/minidev/json-smart/2.3/json-smart-2.3.jar:/home/user/.m2/repository/net/minidev/accessors-smart/1.2/accessors-smart-1.2.jar:/home/user/.m2/repository/org/ow2/asm/asm/5.0.4/asm-5.0.4.jar:/home/user/.m2/repository/org/apache/curator/curator-framework/2.12.0/curator-framework-2.12.0.jar:/home/user/.m2/repository/com/sun/jersey/jersey-core/1.19/jersey-core-1.19.jar:/home/user/.m2/repository/javax/ws/rs/jsr311-api/1.1.1/jsr311-api-1.1.1.jar:/home/user/.m2/repository/com/sun/jersey/jersey-server/1.19/jersey-server-1.19.jar:/home/user/.m2/repository/javax/servlet/javax.servlet-api/3.1.0/javax.servlet-api-3.1.0.jar:/home/user/.m2/repository/org/eclipse/jetty/jetty-server/9.3.25.v20180904/jetty-server-9.3.25.v20180904.jar:/home/user/.m2/repository/org/eclipse/jetty/jetty-http/9.3.25.v20180904/jetty-http-9.3.25.v20180904.jar:/home/user/.m2/repository/org/eclipse/jetty/jetty-io/9.3.25.v20180904/jetty-io-9.3.25.v20180904.jar:/home/user/.m2/repository/org/eclipse/jetty/jetty-webapp/9.3.25.v20180904/jetty-webapp-9.3.25.v20180904.jar:/home/user/.m2/repository/org/eclipse/jetty/jetty-xml/9.3.25.v20180904/jetty-xml-9.3.25.v20180904.jar:/home/user/.m2/repository/log4j/log4j/1.2.17/log4j-1.2.17.jar:/home/user/.m2/repository/org/slf4j/slf4j-api/1.7.25/slf4j-api-1.7.25.jar:/home/user/.m2/repository/org/slf4j/jul-to-slf4j/1.7.25/jul-to-slf4j-1.7.25.jar:/home/user/.m2/repository/org/eclipse/jetty/jetty-util/9.3.25.v20180904/jetty-util-9.3.25.v20180904.jar:/home/user/.m2/repository/com/fasterxml/jackson/core/jackson-databind/2.9.9/jackson-databind-2.9.9.jar:/home/user/.m2/repository/org/apache/hadoop/hadoop-kms/3.2.0/hadoop-kms-3.2.0-tests.jar:/home/user/.m2/repository/org/apache/hadoop/hadoop-hdds-server-scm/0.5.0-SNAPSHOT/hadoop-hdds-server-scm-0.5.0-SNAPSHOT-tests.jar:/home/user/.m2/repository/org/apache/hadoop/hadoop-hdds-container-service/0.5.0-SNAPSHOT/hadoop-hdds-container-service-0.5.0-SNAPSHOT-tests.jar:/home/user/.m2/repository/org/yaml/snakeyaml/1.16/snakeyaml-1.16.jar:/home/user/.m2/repository/org/apache/hadoop/hadoop-common/3.2.0/hadoop-common-3.2.0-tests.jar:/home/user/.m2/repository/org/apache/hadoop/hadoop-annotations/3.2.0/hadoop-annotations-3.2.0.jar:/usr/lib/jvm/java-1.8-openjdk/jre/../lib/tools.jar:/home/user/.m2/repository/commons-cli/commons-cli/1.2/commons-cli-1.2.jar:/home/user/.m2/repository/org/apache/httpcomponents/httpclient/4.5.2/httpclient-4.5.2.jar:/home/user/.m2/repository/org/apache/httpcomponents/httpcore/4.4.4/httpcore-4.4.4.jar:/home/user/.m2/repository/commons-codec/commons-codec/1.11/commons-codec-1.11.jar:/home/user/.m2/repository/commons-net/commons-net/3.6/commons-net-3.6.jar:/home/user/.m2/repository/commons-collections/commons-collections/3.2.2/commons-collections-3.2.2.jar:/home/user/.m2/repository/org/eclipse/jetty/jetty-servlet/9.3.25.v20180904/jetty-servlet-9.3.25.v20180904.jar:/home/user/.m2/repository/org/eclipse/jetty/jetty-security/9.3.25.v20180904/jetty-security-9.3.25.v20180904.jar:/home/user/.m2/repository/javax/servlet/jsp/jsp-api/2.1/jsp-api-2.1.jar:/home/user/.m2/repository/com/sun/jersey/jersey-servlet/1.19/jersey-servlet-1.19.jar:/home/user/.m2/repository/com/sun/jersey/jersey-json/1.19/jersey-json-1.19.jar:/home/user/.m2/repository/org/codehaus/jettison/jettison/1.1/jettison-1.1.jar:/home/user/.m2/repository/org/codehaus/jackson/jackson-core-asl/1.9.13/jackson-core-asl-1.9.13.jar:/home/user/.m2/repository/org/codehaus/jackson/jackson-mapper-asl/1.9.13/jackson-mapper-asl-1.9.13.jar:/home/user/.m2/repository/org/codehaus/jackson/jackson-jaxrs/1.9.13/jackson-jaxrs-1.9.13.jar:/home/user/.m2/repository/org/codehaus/jackson/jackson-xc/1.9.13/jackson-xc-1.9.13.jar:/home/user/.m2/repository/commons-logging/commons-logging/1.1.3/commons-logging-1.1.3.jar:/home/user/.m2/repository/commons-beanutils/commons-beanutils/1.9.4/commons-beanutils-1.9.4.jar:/home/user/.m2/repository/org/apache/commons/commons-configuration2/2.1.1/commons-configuration2-2.1.1.jar:/home/user/.m2/repository/org/apache/commons/commons-lang3/3.7/commons-lang3-3.7.jar:/home/user/.m2/repository/org/apache/commons/commons-text/1.4/commons-text-1.4.jar:/home/user/.m2/repository/org/apache/avro/avro/1.7.7/avro-1.7.7.jar:/home/user/.m2/repository/com/thoughtworks/paranamer/paranamer/2.3/paranamer-2.3.jar:/home/user/.m2/repository/org/xerial/snappy/snappy-java/1.0.5/snappy-java-1.0.5.jar:/home/user/.m2/repository/com/google/re2j/re2j/1.1/re2j-1.1.jar:/home/user/.m2/repository/com/google/code/gson/gson/2.2.4/gson-2.2.4.jar:/home/user/.m2/repository/com/jcraft/jsch/0.1.54/jsch-0.1.54.jar:/home/user/.m2/repository/org/apache/curator/curator-client/2.12.0/curator-client-2.12.0.jar:/home/user/.m2/repository/org/apache/curator/curator-recipes/2.12.0/curator-recipes-2.12.0.jar:/home/user/.m2/repository/com/google/code/findbugs/jsr305/3.0.0/jsr305-3.0.0.jar:/home/user/.m2/repository/org/apache/htrace/htrace-core4/4.1.0-incubating/htrace-core4-4.1.0-incubating.jar:/home/user/.m2/repository/org/apache/zookeeper/zookeeper/3.4.13/zookeeper-3.4.13.jar:/home/user/.m2/repository/jline/jline/0.9.94/jline-0.9.94.jar:/home/user/.m2/repository/org/apache/yetus/audience-annotations/0.5.0/audience-annotations-0.5.0.jar:/home/user/.m2/repository/org/codehaus/woodstox/stax2-api/3.1.4/stax2-api-3.1.4.jar:/home/user/.m2/repository/com/fasterxml/woodstox/woodstox-core/5.0.3/woodstox-core-5.0.3.jar:/home/user/.m2/repository/dnsjava/dnsjava/2.1.7/dnsjava-2.1.7.jar:/home/user/.m2/repository/org/apache/hadoop/hadoop-hdfs/3.2.0/hadoop-hdfs-3.2.0-tests.jar:/home/user/.m2/repository/org/eclipse/jetty/jetty-util-ajax/9.3.25.v20180904/jetty-util-ajax-9.3.25.v20180904.jar:/home/user/.m2/repository/commons-daemon/commons-daemon/1.0.13/commons-daemon-1.0.13.jar:/home/user/.m2/repository/io/netty/netty/3.10.5.Final/netty-3.10.5.Final.jar:/home/user/.m2/repository/io/netty/netty-all/4.0.52.Final/netty-all-4.0.52.Final.jar:/home/user/.m2/repository/org/fusesource/leveldbjni/leveldbjni-all/1.8/leveldbjni-all-1.8.jar:"/>
    <property name="java.vm.vendor" value="IcedTea"/>
    <property name="sun.arch.data.model" value="64"/>
    <property name="test.build.dir" value="/workdir/hadoop-ozone/integration-test/target/test-dir"/>
    <property name="test.cache.data" value=""/>
    <property name="java.vendor.url" value="https://icedtea.classpath.org"/>
    <property name="user.timezone" value=""/>
    <property name="java.vm.specification.version" value="1.8"/>
    <property name="os.name" value="Linux"/>
    <property name="test.build.data" value="/workdir/hadoop-ozone/integration-test/target/test-dir"/>
    <property name="user.country" value="US"/>
    <property name="sun.java.launcher" value="SUN_STANDARD"/>
    <property name="sun.boot.library.path" value="/usr/lib/jvm/java-1.8-openjdk/jre/lib/amd64"/>
    <property name="sun.java.command" value="/workdir/hadoop-ozone/integration-test/target/surefire/surefirebooter6308569796670293730.jar /workdir/hadoop-ozone/integration-test/target/surefire 2019-09-26T18-35-23_830-jvmRun1 surefire3072122985323761629tmp surefire_675569923935366315460tmp"/>
    <property name="test" value="!TestMiniChaosOzoneCluster"/>
    <property name="surefire.test.class.path" value="/workdir/hadoop-ozone/integration-test/target/test-classes:/workdir/hadoop-ozone/integration-test/target/classes:/home/user/.m2/repository/org/apache/hadoop/hadoop-ozone-common/0.5.0-SNAPSHOT/hadoop-ozone-common-0.5.0-SNAPSHOT.jar:/home/user/.m2/repository/org/apache/commons/commons-compress/1.4.1/commons-compress-1.4.1.jar:/home/user/.m2/repository/org/tukaani/xz/1.0/xz-1.0.jar:/home/user/.m2/repository/org/apache/hadoop/hadoop-common/3.2.0/hadoop-common-3.2.0.jar:/home/user/.m2/repository/org/apache/hadoop/hadoop-hdfs/3.2.0/hadoop-hdfs-3.2.0.jar:/home/user/.m2/repository/org/apache/hadoop/hadoop-hdfs-client/3.2.0/hadoop-hdfs-client-3.2.0.jar:/home/user/.m2/repository/com/fasterxml/jackson/core/jackson-annotations/2.9.9/jackson-annotations-2.9.9.jar:/home/user/.m2/repository/org/apache/hadoop/hadoop-hdds-common/0.5.0-SNAPSHOT/hadoop-hdds-common-0.5.0-SNAPSHOT.jar:/home/user/.m2/repository/javax/annotation/javax.annotation-api/1.2/javax.annotation-api-1.2.jar:/home/user/.m2/repository/org/apache/ratis/ratis-server/0.4.0/ratis-server-0.4.0.jar:/home/user/.m2/repository/org/apache/ratis/ratis-thirdparty-misc/0.2.0/ratis-thirdparty-misc-0.2.0.jar:/home/user/.m2/repository/org/apache/ratis/ratis-proto/0.4.0/ratis-proto-0.4.0.jar:/home/user/.m2/repository/org/apache/ratis/ratis-common/0.4.0/ratis-common-0.4.0.jar:/home/user/.m2/repository/org/apache/ratis/ratis-client/0.4.0/ratis-client-0.4.0.jar:/home/user/.m2/repository/org/apache/ratis/ratis-metrics/0.4.0/ratis-metrics-0.4.0.jar:/home/user/.m2/repository/com/github/joshelser/dropwizard-metrics-hadoop-metrics2-reporter/0.1.2/dropwizard-metrics-hadoop-metrics2-reporter-0.1.2.jar:/home/user/.m2/repository/io/dropwizard/metrics/metrics-jvm/3.2.5/metrics-jvm-3.2.5.jar:/home/user/.m2/repository/io/dropwizard/metrics/metrics-ganglia/3.2.5/metrics-ganglia-3.2.5.jar:/home/user/.m2/repository/info/ganglia/gmetric4j/gmetric4j/1.0.7/gmetric4j-1.0.7.jar:/home/user/.m2/repository/org/apache/ratis/ratis-netty/0.4.0/ratis-netty-0.4.0.jar:/home/user/.m2/repository/org/apache/ratis/ratis-grpc/0.4.0/ratis-grpc-0.4.0.jar:/home/user/.m2/repository/org/rocksdb/rocksdbjni/6.0.1/rocksdbjni-6.0.1.jar:/home/user/.m2/repository/org/apache/logging/log4j/log4j-api/2.11.0/log4j-api-2.11.0.jar:/home/user/.m2/repository/org/apache/logging/log4j/log4j-core/2.11.0/log4j-core-2.11.0.jar:/home/user/.m2/repository/com/lmax/disruptor/3.4.2/disruptor-3.4.2.jar:/home/user/.m2/repository/org/apache/commons/commons-pool2/2.6.0/commons-pool2-2.6.0.jar:/home/user/.m2/repository/org/bouncycastle/bcpkix-jdk15on/1.60/bcpkix-jdk15on-1.60.jar:/home/user/.m2/repository/commons-validator/commons-validator/1.6/commons-validator-1.6.jar:/home/user/.m2/repository/commons-digester/commons-digester/1.8.1/commons-digester-1.8.1.jar:/home/user/.m2/repository/io/jaegertracing/jaeger-client/0.34.0/jaeger-client-0.34.0.jar:/home/user/.m2/repository/io/jaegertracing/jaeger-thrift/0.34.0/jaeger-thrift-0.34.0.jar:/home/user/.m2/repository/org/apache/thrift/libthrift/0.12.0/libthrift-0.12.0.jar:/home/user/.m2/repository/com/squareup/okhttp3/okhttp/3.9.0/okhttp-3.9.0.jar:/home/user/.m2/repository/com/squareup/okio/okio/1.13.0/okio-1.13.0.jar:/home/user/.m2/repository/io/jaegertracing/jaeger-core/0.34.0/jaeger-core-0.34.0.jar:/home/user/.m2/repository/io/jaegertracing/jaeger-tracerresolver/0.34.0/jaeger-tracerresolver-0.34.0.jar:/home/user/.m2/repository/io/opentracing/contrib/opentracing-tracerresolver/0.1.5/opentracing-tracerresolver-0.1.5.jar:/home/user/.m2/repository/io/opentracing/opentracing-util/0.31.0/opentracing-util-0.31.0.jar:/home/user/.m2/repository/io/opentracing/opentracing-api/0.31.0/opentracing-api-0.31.0.jar:/home/user/.m2/repository/io/opentracing/opentracing-noop/0.31.0/opentracing-noop-0.31.0.jar:/home/user/.m2/repository/org/apache/hadoop/hadoop-hdds-server-framework/0.5.0-SNAPSHOT/hadoop-hdds-server-framework-0.5.0-SNAPSHOT.jar:/home/user/.m2/repository/org/apache/hadoop/hadoop-hdds-container-service/0.5.0-SNAPSHOT/hadoop-hdds-container-service-0.5.0-SNAPSHOT.jar:/home/user/.m2/repository/org/apache/hadoop/hadoop-hdds-client/0.5.0-SNAPSHOT/hadoop-hdds-client-0.5.0-SNAPSHOT.jar:/home/user/.m2/repository/org/apache/hadoop/hadoop-hdds-tools/0.5.0-SNAPSHOT/hadoop-hdds-tools-0.5.0-SNAPSHOT.jar:/home/user/.m2/repository/org/apache/hadoop/hadoop-hdds-server-scm/0.5.0-SNAPSHOT/hadoop-hdds-server-scm-0.5.0-SNAPSHOT.jar:/home/user/.m2/repository/org/apache/hadoop/hadoop-hdds-docs/0.5.0-SNAPSHOT/hadoop-hdds-docs-0.5.0-SNAPSHOT.jar:/home/user/.m2/repository/io/dropwizard/metrics/metrics-core/3.2.4/metrics-core-3.2.4.jar:/home/user/.m2/repository/org/hamcrest/hamcrest-all/1.3/hamcrest-all-1.3.jar:/home/user/.m2/repository/org/bouncycastle/bcprov-jdk15on/1.60/bcprov-jdk15on-1.60.jar:/home/user/.m2/repository/info/picocli/picocli/3.9.6/picocli-3.9.6.jar:/home/user/.m2/repository/com/google/protobuf/protobuf-java/2.5.0/protobuf-java-2.5.0.jar:/home/user/.m2/repository/com/google/guava/guava/11.0.2/guava-11.0.2.jar:/home/user/.m2/repository/org/apache/hadoop/hadoop-ozone-ozone-manager/0.5.0-SNAPSHOT/hadoop-ozone-ozone-manager-0.5.0-SNAPSHOT.jar:/home/user/.m2/repository/org/apache/hadoop/hadoop-minikdc/3.2.0/hadoop-minikdc-3.2.0.jar:/home/user/.m2/repository/commons-io/commons-io/2.5/commons-io-2.5.jar:/home/user/.m2/repository/org/apache/kerby/kerb-simplekdc/1.0.1/kerb-simplekdc-1.0.1.jar:/home/user/.m2/repository/org/apache/kerby/kerb-client/1.0.1/kerb-client-1.0.1.jar:/home/user/.m2/repository/org/apache/kerby/kerby-config/1.0.1/kerby-config-1.0.1.jar:/home/user/.m2/repository/org/apache/kerby/kerb-core/1.0.1/kerb-core-1.0.1.jar:/home/user/.m2/repository/org/apache/kerby/kerby-pkix/1.0.1/kerby-pkix-1.0.1.jar:/home/user/.m2/repository/org/apache/kerby/kerby-asn1/1.0.1/kerby-asn1-1.0.1.jar:/home/user/.m2/repository/org/apache/kerby/kerby-util/1.0.1/kerby-util-1.0.1.jar:/home/user/.m2/repository/org/apache/kerby/kerb-common/1.0.1/kerb-common-1.0.1.jar:/home/user/.m2/repository/org/apache/kerby/kerb-crypto/1.0.1/kerb-crypto-1.0.1.jar:/home/user/.m2/repository/org/apache/kerby/kerb-util/1.0.1/kerb-util-1.0.1.jar:/home/user/.m2/repository/org/apache/kerby/token-provider/1.0.1/token-provider-1.0.1.jar:/home/user/.m2/repository/org/apache/kerby/kerb-admin/1.0.1/kerb-admin-1.0.1.jar:/home/user/.m2/repository/org/apache/kerby/kerb-server/1.0.1/kerb-server-1.0.1.jar:/home/user/.m2/repository/org/apache/kerby/kerb-identity/1.0.1/kerb-identity-1.0.1.jar:/home/user/.m2/repository/org/apache/kerby/kerby-xdr/1.0.1/kerby-xdr-1.0.1.jar:/home/user/.m2/repository/org/slf4j/slf4j-log4j12/1.7.25/slf4j-log4j12-1.7.25.jar:/home/user/.m2/repository/org/apache/hadoop/hadoop-ozone-s3gateway/0.5.0-SNAPSHOT/hadoop-ozone-s3gateway-0.5.0-SNAPSHOT.jar:/home/user/.m2/repository/org/jboss/weld/servlet/weld-servlet/2.4.7.Final/weld-servlet-2.4.7.Final.jar:/home/user/.m2/repository/org/glassfish/jersey/containers/jersey-container-servlet-core/2.27/jersey-container-servlet-core-2.27.jar:/home/user/.m2/repository/org/glassfish/hk2/external/javax.inject/2.5.0-b42/javax.inject-2.5.0-b42.jar:/home/user/.m2/repository/org/glassfish/jersey/core/jersey-common/2.27/jersey-common-2.27.jar:/home/user/.m2/repository/org/glassfish/hk2/osgi-resource-locator/1.0.1/osgi-resource-locator-1.0.1.jar:/home/user/.m2/repository/javax/ws/rs/javax.ws.rs-api/2.1/javax.ws.rs-api-2.1.jar:/home/user/.m2/repository/org/glassfish/jersey/ext/cdi/jersey-cdi1x/2.27/jersey-cdi1x-2.27.jar:/home/user/.m2/repository/org/glassfish/jersey/inject/jersey-hk2/2.27/jersey-hk2-2.27.jar:/home/user/.m2/repository/org/glassfish/hk2/hk2-locator/2.5.0-b42/hk2-locator-2.5.0-b42.jar:/home/user/.m2/repository/org/javassist/javassist/3.22.0-CR2/javassist-3.22.0-CR2.jar:/home/user/.m2/repository/org/glassfish/hk2/hk2-api/2.5.0/hk2-api-2.5.0.jar:/home/user/.m2/repository/org/glassfish/hk2/external/jakarta.inject/2.5.0/jakarta.inject-2.5.0.jar:/home/user/.m2/repository/org/glassfish/hk2/hk2-utils/2.5.0/hk2-utils-2.5.0.jar:/home/user/.m2/repository/jakarta/annotation/jakarta.annotation-api/1.3.4/jakarta.annotation-api-1.3.4.jar:/home/user/.m2/repository/org/glassfish/hk2/external/aopalliance-repackaged/2.5.0/aopalliance-repackaged-2.5.0.jar:/home/user/.m2/repository/com/fasterxml/jackson/dataformat/jackson-dataformat-xml/2.9.0/jackson-dataformat-xml-2.9.0.jar:/home/user/.m2/repository/com/fasterxml/jackson/core/jackson-core/2.9.9/jackson-core-2.9.9.jar:/home/user/.m2/repository/com/fasterxml/jackson/module/jackson-module-jaxb-annotations/2.9.9/jackson-module-jaxb-annotations-2.9.9.jar:/home/user/.m2/repository/javax/enterprise/cdi-api/1.2/cdi-api-1.2.jar:/home/user/.m2/repository/javax/el/javax.el-api/3.0.0/javax.el-api-3.0.0.jar:/home/user/.m2/repository/javax/interceptor/javax.interceptor-api/1.2/javax.interceptor-api-1.2.jar:/home/user/.m2/repository/javax/inject/javax.inject/1/javax.inject-1.jar:/home/user/.m2/repository/com/sun/xml/bind/jaxb-impl/2.3.0.1/jaxb-impl-2.3.0.1.jar:/home/user/.m2/repository/com/sun/xml/bind/jaxb-core/2.3.0.1/jaxb-core-2.3.0.1.jar:/home/user/.m2/repository/javax/xml/bind/jaxb-api/2.3.0/jaxb-api-2.3.0.jar:/home/user/.m2/repository/javax/activation/activation/1.1.1/activation-1.1.1.jar:/home/user/.m2/repository/org/apache/hadoop/hadoop-ozone-csi/0.5.0-SNAPSHOT/hadoop-ozone-csi-0.5.0-SNAPSHOT.jar:/home/user/.m2/repository/com/google/protobuf/protobuf-java-util/3.5.1/protobuf-java-util-3.5.1.jar:/home/user/.m2/repository/org/apache/hadoop/hadoop-hdds-config/0.5.0-SNAPSHOT/hadoop-hdds-config-0.5.0-SNAPSHOT.jar:/home/user/.m2/repository/io/grpc/grpc-netty/1.17.1/grpc-netty-1.17.1.jar:/home/user/.m2/repository/io/grpc/grpc-core/1.17.1/grpc-core-1.17.1.jar:/home/user/.m2/repository/io/grpc/grpc-context/1.17.1/grpc-context-1.17.1.jar:/home/user/.m2/repository/com/google/errorprone/error_prone_annotations/2.2.0/error_prone_annotations-2.2.0.jar:/home/user/.m2/repository/org/codehaus/mojo/animal-sniffer-annotations/1.17/animal-sniffer-annotations-1.17.jar:/home/user/.m2/repository/io/opencensus/opencensus-api/0.17.0/opencensus-api-0.17.0.jar:/home/user/.m2/repository/io/opencensus/opencensus-contrib-grpc-metrics/0.17.0/opencensus-contrib-grpc-metrics-0.17.0.jar:/home/user/.m2/repository/io/netty/netty-codec-http2/4.1.30.Final/netty-codec-http2-4.1.30.Final.jar:/home/user/.m2/repository/io/netty/netty-codec-http/4.1.30.Final/netty-codec-http-4.1.30.Final.jar:/home/user/.m2/repository/io/netty/netty-codec/4.1.30.Final/netty-codec-4.1.30.Final.jar:/home/user/.m2/repository/io/netty/netty-handler/4.1.30.Final/netty-handler-4.1.30.Final.jar:/home/user/.m2/repository/io/netty/netty-handler-proxy/4.1.30.Final/netty-handler-proxy-4.1.30.Final.jar:/home/user/.m2/repository/io/netty/netty-codec-socks/4.1.30.Final/netty-codec-socks-4.1.30.Final.jar:/home/user/.m2/repository/io/netty/netty-transport-native-epoll/4.1.30.Final/netty-transport-native-epoll-4.1.30.Final.jar:/home/user/.m2/repository/io/netty/netty-common/4.1.30.Final/netty-common-4.1.30.Final.jar:/home/user/.m2/repository/io/netty/netty-buffer/4.1.30.Final/netty-buffer-4.1.30.Final.jar:/home/user/.m2/repository/io/netty/netty-transport/4.1.30.Final/netty-transport-4.1.30.Final.jar:/home/user/.m2/repository/io/netty/netty-resolver/4.1.30.Final/netty-resolver-4.1.30.Final.jar:/home/user/.m2/repository/io/netty/netty-transport-native-unix-common/4.1.30.Final/netty-transport-native-unix-common-4.1.30.Final.jar:/home/user/.m2/repository/io/grpc/grpc-protobuf/1.17.1/grpc-protobuf-1.17.1.jar:/home/user/.m2/repository/com/google/api/grpc/proto-google-common-protos/1.0.0/proto-google-common-protos-1.0.0.jar:/home/user/.m2/repository/io/grpc/grpc-protobuf-lite/1.17.1/grpc-protobuf-lite-1.17.1.jar:/home/user/.m2/repository/io/grpc/grpc-stub/1.17.1/grpc-stub-1.17.1.jar:/home/user/.m2/repository/org/apache/hadoop/hadoop-ozone-recon/0.5.0-SNAPSHOT/hadoop-ozone-recon-0.5.0-SNAPSHOT.jar:/home/user/.m2/repository/org/apache/hadoop/hadoop-ozone-reconcodegen/0.5.0-SNAPSHOT/hadoop-ozone-reconcodegen-0.5.0-SNAPSHOT.jar:/home/user/.m2/repository/com/google/inject/extensions/guice-multibindings/4.0/guice-multibindings-4.0.jar:/home/user/.m2/repository/com/google/inject/guice/4.0/guice-4.0.jar:/home/user/.m2/repository/aopalliance/aopalliance/1.0/aopalliance-1.0.jar:/home/user/.m2/repository/com/google/inject/extensions/guice-servlet/4.0/guice-servlet-4.0.jar:/home/user/.m2/repository/org/glassfish/jersey/containers/jersey-container-servlet/2.27/jersey-container-servlet-2.27.jar:/home/user/.m2/repository/org/glassfish/hk2/guice-bridge/2.5.0/guice-bridge-2.5.0.jar:/home/user/.m2/repository/org/glassfish/jersey/core/jersey-server/2.27/jersey-server-2.27.jar:/home/user/.m2/repository/org/glassfish/jersey/core/jersey-client/2.27/jersey-client-2.27.jar:/home/user/.m2/repository/org/glassfish/jersey/media/jersey-media-jaxb/2.27/jersey-media-jaxb-2.27.jar:/home/user/.m2/repository/javax/validation/validation-api/1.1.0.Final/validation-api-1.1.0.Final.jar:/home/user/.m2/repository/org/glassfish/jersey/media/jersey-media-json-jackson/2.27/jersey-media-json-jackson-2.27.jar:/home/user/.m2/repository/org/glassfish/jersey/ext/jersey-entity-filtering/2.27/jersey-entity-filtering-2.27.jar:/home/user/.m2/repository/com/google/inject/extensions/guice-assistedinject/4.0/guice-assistedinject-4.0.jar:/home/user/.m2/repository/org/jooq/jooq/3.11.10/jooq-3.11.10.jar:/home/user/.m2/repository/org/jooq/jooq-meta/3.11.10/jooq-meta-3.11.10.jar:/home/user/.m2/repository/org/jooq/jooq-codegen/3.11.10/jooq-codegen-3.11.10.jar:/home/user/.m2/repository/com/jolbox/bonecp/0.8.0.RELEASE/bonecp-0.8.0.RELEASE.jar:/home/user/.m2/repository/org/xerial/sqlite-jdbc/3.25.2/sqlite-jdbc-3.25.2.jar:/home/user/.m2/repository/org/springframework/spring-jdbc/5.1.3.RELEASE/spring-jdbc-5.1.3.RELEASE.jar:/home/user/.m2/repository/org/springframework/spring-beans/5.1.3.RELEASE/spring-beans-5.1.3.RELEASE.jar:/home/user/.m2/repository/org/springframework/spring-core/5.1.3.RELEASE/spring-core-5.1.3.RELEASE.jar:/home/user/.m2/repository/org/springframework/spring-jcl/5.1.3.RELEASE/spring-jcl-5.1.3.RELEASE.jar:/home/user/.m2/repository/org/springframework/spring-tx/5.1.3.RELEASE/spring-tx-5.1.3.RELEASE.jar:/home/user/.m2/repository/org/apache/hadoop/hadoop-ozone-client/0.5.0-SNAPSHOT/hadoop-ozone-client-0.5.0-SNAPSHOT.jar:/home/user/.m2/repository/commons-lang/commons-lang/2.6/commons-lang-2.6.jar:/home/user/.m2/repository/org/apache/hadoop/hadoop-ozone-ozone-manager/0.5.0-SNAPSHOT/hadoop-ozone-ozone-manager-0.5.0-SNAPSHOT-tests.jar:/home/user/.m2/repository/junit/junit/4.11/junit-4.11.jar:/home/user/.m2/repository/org/hamcrest/hamcrest-core/1.3/hamcrest-core-1.3.jar:/home/user/.m2/repository/org/openjdk/jmh/jmh-core/1.19/jmh-core-1.19.jar:/home/user/.m2/repository/net/sf/jopt-simple/jopt-simple/4.6/jopt-simple-4.6.jar:/home/user/.m2/repository/org/apache/commons/commons-math3/3.1.1/commons-math3-3.1.1.jar:/home/user/.m2/repository/org/openjdk/jmh/jmh-generator-annprocess/1.19/jmh-generator-annprocess-1.19.jar:/home/user/.m2/repository/org/mockito/mockito-all/1.8.5/mockito-all-1.8.5.jar:/home/user/.m2/repository/org/apache/hadoop/hadoop-kms/3.2.0/hadoop-kms-3.2.0.jar:/home/user/.m2/repository/org/apache/hadoop/hadoop-auth/3.2.0/hadoop-auth-3.2.0.jar:/home/user/.m2/repository/com/nimbusds/nimbus-jose-jwt/4.41.1/nimbus-jose-jwt-4.41.1.jar:/home/user/.m2/repository/com/github/stephenc/jcip/jcip-annotations/1.0-1/jcip-annotations-1.0-1.jar:/home/user/.m2/repository/net/minidev/json-smart/2.3/json-smart-2.3.jar:/home/user/.m2/repository/net/minidev/accessors-smart/1.2/accessors-smart-1.2.jar:/home/user/.m2/repository/org/ow2/asm/asm/5.0.4/asm-5.0.4.jar:/home/user/.m2/repository/org/apache/curator/curator-framework/2.12.0/curator-framework-2.12.0.jar:/home/user/.m2/repository/com/sun/jersey/jersey-core/1.19/jersey-core-1.19.jar:/home/user/.m2/repository/javax/ws/rs/jsr311-api/1.1.1/jsr311-api-1.1.1.jar:/home/user/.m2/repository/com/sun/jersey/jersey-server/1.19/jersey-server-1.19.jar:/home/user/.m2/repository/javax/servlet/javax.servlet-api/3.1.0/javax.servlet-api-3.1.0.jar:/home/user/.m2/repository/org/eclipse/jetty/jetty-server/9.3.25.v20180904/jetty-server-9.3.25.v20180904.jar:/home/user/.m2/repository/org/eclipse/jetty/jetty-http/9.3.25.v20180904/jetty-http-9.3.25.v20180904.jar:/home/user/.m2/repository/org/eclipse/jetty/jetty-io/9.3.25.v20180904/jetty-io-9.3.25.v20180904.jar:/home/user/.m2/repository/org/eclipse/jetty/jetty-webapp/9.3.25.v20180904/jetty-webapp-9.3.25.v20180904.jar:/home/user/.m2/repository/org/eclipse/jetty/jetty-xml/9.3.25.v20180904/jetty-xml-9.3.25.v20180904.jar:/home/user/.m2/repository/log4j/log4j/1.2.17/log4j-1.2.17.jar:/home/user/.m2/repository/org/slf4j/slf4j-api/1.7.25/slf4j-api-1.7.25.jar:/home/user/.m2/repository/org/slf4j/jul-to-slf4j/1.7.25/jul-to-slf4j-1.7.25.jar:/home/user/.m2/repository/org/eclipse/jetty/jetty-util/9.3.25.v20180904/jetty-util-9.3.25.v20180904.jar:/home/user/.m2/repository/com/fasterxml/jackson/core/jackson-databind/2.9.9/jackson-databind-2.9.9.jar:/home/user/.m2/repository/org/apache/hadoop/hadoop-kms/3.2.0/hadoop-kms-3.2.0-tests.jar:/home/user/.m2/repository/org/apache/hadoop/hadoop-hdds-server-scm/0.5.0-SNAPSHOT/hadoop-hdds-server-scm-0.5.0-SNAPSHOT-tests.jar:/home/user/.m2/repository/org/apache/hadoop/hadoop-hdds-container-service/0.5.0-SNAPSHOT/hadoop-hdds-container-service-0.5.0-SNAPSHOT-tests.jar:/home/user/.m2/repository/org/yaml/snakeyaml/1.16/snakeyaml-1.16.jar:/home/user/.m2/repository/org/apache/hadoop/hadoop-common/3.2.0/hadoop-common-3.2.0-tests.jar:/home/user/.m2/repository/org/apache/hadoop/hadoop-annotations/3.2.0/hadoop-annotations-3.2.0.jar:/usr/lib/jvm/java-1.8-openjdk/jre/../lib/tools.jar:/home/user/.m2/repository/commons-cli/commons-cli/1.2/commons-cli-1.2.jar:/home/user/.m2/repository/org/apache/httpcomponents/httpclient/4.5.2/httpclient-4.5.2.jar:/home/user/.m2/repository/org/apache/httpcomponents/httpcore/4.4.4/httpcore-4.4.4.jar:/home/user/.m2/repository/commons-codec/commons-codec/1.11/commons-codec-1.11.jar:/home/user/.m2/repository/commons-net/commons-net/3.6/commons-net-3.6.jar:/home/user/.m2/repository/commons-collections/commons-collections/3.2.2/commons-collections-3.2.2.jar:/home/user/.m2/repository/org/eclipse/jetty/jetty-servlet/9.3.25.v20180904/jetty-servlet-9.3.25.v20180904.jar:/home/user/.m2/repository/org/eclipse/jetty/jetty-security/9.3.25.v20180904/jetty-security-9.3.25.v20180904.jar:/home/user/.m2/repository/javax/servlet/jsp/jsp-api/2.1/jsp-api-2.1.jar:/home/user/.m2/repository/com/sun/jersey/jersey-servlet/1.19/jersey-servlet-1.19.jar:/home/user/.m2/repository/com/sun/jersey/jersey-json/1.19/jersey-json-1.19.jar:/home/user/.m2/repository/org/codehaus/jettison/jettison/1.1/jettison-1.1.jar:/home/user/.m2/repository/org/codehaus/jackson/jackson-core-asl/1.9.13/jackson-core-asl-1.9.13.jar:/home/user/.m2/repository/org/codehaus/jackson/jackson-mapper-asl/1.9.13/jackson-mapper-asl-1.9.13.jar:/home/user/.m2/repository/org/codehaus/jackson/jackson-jaxrs/1.9.13/jackson-jaxrs-1.9.13.jar:/home/user/.m2/repository/org/codehaus/jackson/jackson-xc/1.9.13/jackson-xc-1.9.13.jar:/home/user/.m2/repository/commons-logging/commons-logging/1.1.3/commons-logging-1.1.3.jar:/home/user/.m2/repository/commons-beanutils/commons-beanutils/1.9.4/commons-beanutils-1.9.4.jar:/home/user/.m2/repository/org/apache/commons/commons-configuration2/2.1.1/commons-configuration2-2.1.1.jar:/home/user/.m2/repository/org/apache/commons/commons-lang3/3.7/commons-lang3-3.7.jar:/home/user/.m2/repository/org/apache/commons/commons-text/1.4/commons-text-1.4.jar:/home/user/.m2/repository/org/apache/avro/avro/1.7.7/avro-1.7.7.jar:/home/user/.m2/repository/com/thoughtworks/paranamer/paranamer/2.3/paranamer-2.3.jar:/home/user/.m2/repository/org/xerial/snappy/snappy-java/1.0.5/snappy-java-1.0.5.jar:/home/user/.m2/repository/com/google/re2j/re2j/1.1/re2j-1.1.jar:/home/user/.m2/repository/com/google/code/gson/gson/2.2.4/gson-2.2.4.jar:/home/user/.m2/repository/com/jcraft/jsch/0.1.54/jsch-0.1.54.jar:/home/user/.m2/repository/org/apache/curator/curator-client/2.12.0/curator-client-2.12.0.jar:/home/user/.m2/repository/org/apache/curator/curator-recipes/2.12.0/curator-recipes-2.12.0.jar:/home/user/.m2/repository/com/google/code/findbugs/jsr305/3.0.0/jsr305-3.0.0.jar:/home/user/.m2/repository/org/apache/htrace/htrace-core4/4.1.0-incubating/htrace-core4-4.1.0-incubating.jar:/home/user/.m2/repository/org/apache/zookeeper/zookeeper/3.4.13/zookeeper-3.4.13.jar:/home/user/.m2/repository/jline/jline/0.9.94/jline-0.9.94.jar:/home/user/.m2/repository/org/apache/yetus/audience-annotations/0.5.0/audience-annotations-0.5.0.jar:/home/user/.m2/repository/org/codehaus/woodstox/stax2-api/3.1.4/stax2-api-3.1.4.jar:/home/user/.m2/repository/com/fasterxml/woodstox/woodstox-core/5.0.3/woodstox-core-5.0.3.jar:/home/user/.m2/repository/dnsjava/dnsjava/2.1.7/dnsjava-2.1.7.jar:/home/user/.m2/repository/org/apache/hadoop/hadoop-hdfs/3.2.0/hadoop-hdfs-3.2.0-tests.jar:/home/user/.m2/repository/org/eclipse/jetty/jetty-util-ajax/9.3.25.v20180904/jetty-util-ajax-9.3.25.v20180904.jar:/home/user/.m2/repository/commons-daemon/commons-daemon/1.0.13/commons-daemon-1.0.13.jar:/home/user/.m2/repository/io/netty/netty/3.10.5.Final/netty-3.10.5.Final.jar:/home/user/.m2/repository/io/netty/netty-all/4.0.52.Final/netty-all-4.0.52.Final.jar:/home/user/.m2/repository/org/fusesource/leveldbjni/leveldbjni-all/1.8/leveldbjni-all-1.8.jar:"/>
    <property name="sun.cpu.endian" value="little"/>
    <property name="user.home" value="/home/user"/>
    <property name="user.language" value="en"/>
    <property name="java.specification.vendor" value="Oracle Corporation"/>
    <property name="java.home" value="/usr/lib/jvm/java-1.8-openjdk/jre"/>
    <property name="java.security.krb5.conf" value="/workdir/hadoop-ozone/integration-test/target/test-classes/krb5.conf"/>
    <property name="basedir" value="/workdir/hadoop-ozone/integration-test"/>
    <property name="file.separator" value="/"/>
    <property name="line.separator" value="&#10;"/>
    <property name="java.vm.specification.vendor" value="Oracle Corporation"/>
    <property name="java.specification.name" value="Java Platform API Specification"/>
    <property name="java.awt.graphicsenv" value="sun.awt.X11GraphicsEnvironment"/>
    <property name="surefire.real.class.path" value="/workdir/hadoop-ozone/integration-test/target/surefire/surefirebooter6308569796670293730.jar"/>
    <property name="hadoop.log.dir" value="/workdir/hadoop-ozone/integration-test/target/log"/>
    <property name="sun.boot.class.path" value="/usr/lib/jvm/java-1.8-openjdk/jre/lib/resources.jar:/usr/lib/jvm/java-1.8-openjdk/jre/lib/rt.jar:/usr/lib/jvm/java-1.8-openjdk/jre/lib/sunrsasign.jar:/usr/lib/jvm/java-1.8-openjdk/jre/lib/jsse.jar:/usr/lib/jvm/java-1.8-openjdk/jre/lib/jce.jar:/usr/lib/jvm/java-1.8-openjdk/jre/lib/charsets.jar:/usr/lib/jvm/java-1.8-openjdk/jre/lib/jfr.jar:/usr/lib/jvm/java-1.8-openjdk/jre/classes"/>
    <property name="sun.management.compiler" value="HotSpot 64-Bit Tiered Compilers"/>
    <property name="java.runtime.version" value="1.8.0_212-b04"/>
    <property name="java.net.preferIPv4Stack" value="true"/>
    <property name="user.name" value="jenkins1000"/>
    <property name="path.separator" value=":"/>
    <property name="java.security.egd" value="file:///dev/urandom"/>
    <property name="os.version" value="3.10.0-957.12.2.el7.x86_64"/>
    <property name="java.endorsed.dirs" value="/usr/lib/jvm/java-1.8-openjdk/jre/lib/endorsed"/>
    <property name="java.runtime.name" value="OpenJDK Runtime Environment"/>
    <property name="file.encoding" value="UTF-8"/>
    <property name="java.vm.name" value="OpenJDK 64-Bit Server VM"/>
    <property name="test.build.webapps" value=""/>
    <property name="localRepository" value="/home/user/.m2/repository"/>
    <property name="java.vendor.url.bug" value="https://icedtea.classpath.org/bugzilla"/>
    <property name="java.io.tmpdir" value="/tmp"/>
    <property name="require.test.libhadoop" value=""/>
    <property name="java.version" value="1.8.0_212"/>
    <property name="user.dir" value="/workdir/hadoop-ozone/integration-test"/>
    <property name="os.arch" value="amd64"/>
    <property name="java.vm.specification.name" value="Java Virtual Machine Specification"/>
    <property name="test.build.classes" value="/workdir/hadoop-ozone/integration-test/target/test-classes"/>
    <property name="java.awt.printerjob" value="sun.print.PSPrinterJob"/>
    <property name="sun.os.patch.level" value="unknown"/>
    <property name="hadoop.tmp.dir" value="/workdir/hadoop-ozone/integration-test/target/tmp"/>
    <property name="java.library.path" value="/usr/lib/jvm/java-1.8-openjdk/jre/lib/amd64/server:/usr/lib/jvm/java-1.8-openjdk/jre/lib/amd64:/usr/lib/jvm/java-1.8-openjdk/jre/../lib/amd64:/workdir/hadoop-ozone/integration-test/target/native/target/usr/local/lib:/workdir/hadoop-ozone/integration-test/../../hadoop-common-project/hadoop-common/target/native/target/usr/local/lib:/usr/java/packages/lib/amd64:/usr/lib64:/lib64:/lib:/usr/lib"/>
    <property name="java.vm.info" value="mixed mode"/>
    <property name="java.vendor" value="IcedTea"/>
    <property name="java.vm.version" value="25.212-b04"/>
    <property name="java.ext.dirs" value="/usr/lib/jvm/java-1.8-openjdk/jre/lib/ext:/usr/java/packages/lib/ext"/>
    <property name="sun.io.unicode.encoding" value="UnicodeLittle"/>
    <property name="java.class.version" value="52.0"/>
  </properties>
  <testcase name="org.apache.hadoop.ozone.client.rpc.TestSecureOzoneRpcClient" classname="org.apache.hadoop.ozone.client.rpc.TestSecureOzoneRpcClient" time="145.661">
    <error message="Connection refused" type="java.net.ConnectException"><![CDATA[java.net.ConnectException: Connection refused
	at sun.nio.ch.SocketChannelImpl.checkConnect(Native Method)
	at sun.nio.ch.SocketChannelImpl.finishConnect(SocketChannelImpl.java:717)
	at org.apache.hadoop.net.SocketIOWithTimeout.connect(SocketIOWithTimeout.java:206)
	at org.apache.hadoop.net.NetUtils.connect(NetUtils.java:531)
	at org.apache.hadoop.ipc.Client$Connection.setupConnection(Client.java:690)
	at org.apache.hadoop.ipc.Client$Connection.setupIOstreams(Client.java:794)
	at org.apache.hadoop.ipc.Client$Connection.access$3700(Client.java:411)
	at org.apache.hadoop.ipc.Client.getConnection(Client.java:1572)
	at org.apache.hadoop.ipc.Client.call(Client.java:1403)
	at org.apache.hadoop.ipc.Client.call(Client.java:1367)
	at org.apache.hadoop.ipc.ProtobufRpcEngine$Invoker.invoke(ProtobufRpcEngine.java:228)
	at org.apache.hadoop.ipc.ProtobufRpcEngine$Invoker.invoke(ProtobufRpcEngine.java:116)
	at com.sun.proxy.$Proxy37.submitRequest(Unknown Source)
	at sun.reflect.NativeMethodAccessorImpl.invoke0(Native Method)
	at sun.reflect.NativeMethodAccessorImpl.invoke(NativeMethodAccessorImpl.java:62)
	at sun.reflect.DelegatingMethodAccessorImpl.invoke(DelegatingMethodAccessorImpl.java:43)
	at java.lang.reflect.Method.invoke(Method.java:498)
	at org.apache.hadoop.io.retry.RetryInvocationHandler.invokeMethod(RetryInvocationHandler.java:422)
	at org.apache.hadoop.io.retry.RetryInvocationHandler$Call.invokeMethod(RetryInvocationHandler.java:165)
	at org.apache.hadoop.io.retry.RetryInvocationHandler$Call.invoke(RetryInvocationHandler.java:157)
	at org.apache.hadoop.io.retry.RetryInvocationHandler$Call.invokeOnce(RetryInvocationHandler.java:95)
	at org.apache.hadoop.io.retry.RetryInvocationHandler.invoke(RetryInvocationHandler.java:359)
	at com.sun.proxy.$Proxy37.submitRequest(Unknown Source)
	at org.apache.hadoop.ozone.om.protocolPB.OzoneManagerProtocolClientSideTranslatorPB.submitRequest(OzoneManagerProtocolClientSideTranslatorPB.java:338)
	at org.apache.hadoop.ozone.om.protocolPB.OzoneManagerProtocolClientSideTranslatorPB.getServiceInfo(OzoneManagerProtocolClientSideTranslatorPB.java:1223)
	at sun.reflect.NativeMethodAccessorImpl.invoke0(Native Method)
	at sun.reflect.NativeMethodAccessorImpl.invoke(NativeMethodAccessorImpl.java:62)
	at sun.reflect.DelegatingMethodAccessorImpl.invoke(DelegatingMethodAccessorImpl.java:43)
	at java.lang.reflect.Method.invoke(Method.java:498)
	at org.apache.hadoop.hdds.tracing.TraceAllMethod.invoke(TraceAllMethod.java:66)
	at com.sun.proxy.$Proxy38.getServiceInfo(Unknown Source)
	at org.apache.hadoop.ozone.client.rpc.RpcClient.<init>(RpcClient.java:154)
	at org.apache.hadoop.ozone.client.OzoneClientFactory.getClientProtocol(OzoneClientFactory.java:256)
	at org.apache.hadoop.ozone.client.OzoneClientFactory.getClientProtocol(OzoneClientFactory.java:239)
	at org.apache.hadoop.ozone.client.OzoneClientFactory.getRpcClient(OzoneClientFactory.java:203)
	at org.apache.hadoop.ozone.client.rpc.TestSecureOzoneRpcClient.init(TestSecureOzoneRpcClient.java:118)
	at sun.reflect.NativeMethodAccessorImpl.invoke0(Native Method)
	at sun.reflect.NativeMethodAccessorImpl.invoke(NativeMethodAccessorImpl.java:62)
	at sun.reflect.DelegatingMethodAccessorImpl.invoke(DelegatingMethodAccessorImpl.java:43)
	at java.lang.reflect.Method.invoke(Method.java:498)
	at org.junit.runners.model.FrameworkMethod$1.runReflectiveCall(FrameworkMethod.java:47)
	at org.junit.internal.runners.model.ReflectiveCallable.run(ReflectiveCallable.java:12)
	at org.junit.runners.model.FrameworkMethod.invokeExplosively(FrameworkMethod.java:44)
	at org.junit.internal.runners.statements.RunBefores.evaluate(RunBefores.java:24)
	at org.junit.internal.runners.statements.RunAfters.evaluate(RunAfters.java:27)
	at org.junit.runners.ParentRunner.run(ParentRunner.java:309)
	at org.apache.maven.surefire.junit4.JUnit4Provider.execute(JUnit4Provider.java:365)
	at org.apache.maven.surefire.junit4.JUnit4Provider.executeWithRerun(JUnit4Provider.java:273)
	at org.apache.maven.surefire.junit4.JUnit4Provider.executeTestSet(JUnit4Provider.java:238)
	at org.apache.maven.surefire.junit4.JUnit4Provider.invoke(JUnit4Provider.java:159)
	at org.apache.maven.surefire.booter.ForkedBooter.invokeProviderInSameClassLoader(ForkedBooter.java:384)
	at org.apache.maven.surefire.booter.ForkedBooter.runSuitesInProcess(ForkedBooter.java:345)
	at org.apache.maven.surefire.booter.ForkedBooter.execute(ForkedBooter.java:126)
	at org.apache.maven.surefire.booter.ForkedBooter.main(ForkedBooter.java:418)
]]></error>
    <system-out><![CDATA[2019-09-26 20:19:37,817 [main] WARN  server.ServerUtils (ServerUtils.java:getScmDbDir(145)) - ozone.scm.db.dirs is not configured. We recommend adding this setting. Falling back to ozone.metadata.dirs instead.
2019-09-26 20:19:37,888 [main] WARN  server.ServerUtils (ServerUtils.java:getScmDbDir(145)) - ozone.scm.db.dirs is not configured. We recommend adding this setting. Falling back to ozone.metadata.dirs instead.
2019-09-26 20:19:37,891 [main] WARN  server.ServerUtils (ServerUtils.java:getScmDbDir(145)) - ozone.scm.db.dirs is not configured. We recommend adding this setting. Falling back to ozone.metadata.dirs instead.
2019-09-26 20:19:37,907 [main] INFO  util.log (Log.java:initialized(192)) - Logging initialized @2541ms
2019-09-26 20:19:38,006 [main] INFO  db.DBStoreBuilder (DBStoreBuilder.java:addTable(110)) - using custom profile for table: deletedBlocks
2019-09-26 20:19:38,007 [main] INFO  db.DBStoreBuilder (DBStoreBuilder.java:processTables(161)) - Using default column profile:DBProfile.DISK for Table:deletedBlocks
2019-09-26 20:19:38,007 [main] INFO  db.DBStoreBuilder (DBStoreBuilder.java:addTable(110)) - using custom profile for table: validCerts
2019-09-26 20:19:38,007 [main] INFO  db.DBStoreBuilder (DBStoreBuilder.java:processTables(161)) - Using default column profile:DBProfile.DISK for Table:validCerts
2019-09-26 20:19:38,007 [main] INFO  db.DBStoreBuilder (DBStoreBuilder.java:addTable(110)) - using custom profile for table: revokedCerts
2019-09-26 20:19:38,008 [main] INFO  db.DBStoreBuilder (DBStoreBuilder.java:processTables(161)) - Using default column profile:DBProfile.DISK for Table:revokedCerts
2019-09-26 20:19:38,019 [main] INFO  db.DBStoreBuilder (DBStoreBuilder.java:addTable(110)) - using custom profile for table: default
2019-09-26 20:19:38,019 [main] INFO  db.DBStoreBuilder (DBStoreBuilder.java:processTables(167)) - Using default column profile:DBProfile.DISK for Table:default
2019-09-26 20:19:38,020 [main] INFO  db.DBStoreBuilder (DBStoreBuilder.java:getDbProfile(198)) - Using default options. DBProfile.DISK
2019-09-26 20:19:38,239 [main] INFO  net.NodeSchemaLoader (NodeSchemaLoader.java:loadSchemaFromFile(125)) - Loading file from sun.misc.CompoundEnumeration@3f053c80
2019-09-26 20:19:38,240 [main] INFO  net.NodeSchemaLoader (NodeSchemaLoader.java:loadSchema(171)) - Loading network topology layer schema file
2019-09-26 20:19:38,309 [main] WARN  server.ServerUtils (ServerUtils.java:sanitizeUserArgs(70)) - ozone.scm.stale.node.interval value = 300000 is larger than max = 100000 based on the key value of ozone.scm.heartbeat.thread.interval, reset to the max value 100000.
2019-09-26 20:19:38,310 [main] WARN  server.ServerUtils (ServerUtils.java:sanitizeUserArgs(70)) - ozone.scm.stale.node.interval value = 300000 is larger than max = 100000 based on the key value of ozone.scm.heartbeat.thread.interval, reset to the max value 100000.
2019-09-26 20:19:38,312 [main] INFO  node.SCMNodeManager (SCMNodeManager.java:<init>(114)) - Entering startup safe mode.
2019-09-26 20:19:38,332 [main] INFO  algorithms.ContainerPlacementPolicyFactory (ContainerPlacementPolicyFactory.java:getPolicy(57)) - Create container placement policy of type org.apache.hadoop.hdds.scm.container.placement.algorithms.SCMContainerPlacementRandom
2019-09-26 20:19:38,345 [main] WARN  server.ServerUtils (ServerUtils.java:getScmDbDir(145)) - ozone.scm.db.dirs is not configured. We recommend adding this setting. Falling back to ozone.metadata.dirs instead.
2019-09-26 20:19:38,414 [main] INFO  pipeline.SCMPipelineManager (SCMPipelineManager.java:initializePipelineState(132)) - No pipeline exists in current db
2019-09-26 20:19:38,417 [main] WARN  server.ServerUtils (ServerUtils.java:getScmDbDir(145)) - ozone.scm.db.dirs is not configured. We recommend adding this setting. Falling back to ozone.metadata.dirs instead.
2019-09-26 20:19:38,526 [main] WARN  events.EventQueue (EventQueue.java:fireEvent(183)) - No event handler registered for event TypedEvent{payloadType=SafeModeStatus, name='SafeModeStatus'}
2019-09-26 20:19:38,620 [main] INFO  ipc.CallQueueManager (CallQueueManager.java:<init>(84)) - Using callQueue: class java.util.concurrent.LinkedBlockingQueue, queueCapacity: 2000, scheduler: class org.apache.hadoop.ipc.DefaultRpcScheduler, ipcBackoff: false.
2019-09-26 20:19:38,646 [Socket Reader #1 for port 40446] INFO  ipc.Server (Server.java:run(1074)) - Starting Socket Reader #1 for port 40446
2019-09-26 20:19:38,670 [main] INFO  ipc.CallQueueManager (CallQueueManager.java:<init>(84)) - Using callQueue: class java.util.concurrent.LinkedBlockingQueue, queueCapacity: 2000, scheduler: class org.apache.hadoop.ipc.DefaultRpcScheduler, ipcBackoff: false.
2019-09-26 20:19:38,670 [Socket Reader #1 for port 38555] INFO  ipc.Server (Server.java:run(1074)) - Starting Socket Reader #1 for port 38555
2019-09-26 20:19:38,677 [main] INFO  ipc.CallQueueManager (CallQueueManager.java:<init>(84)) - Using callQueue: class java.util.concurrent.LinkedBlockingQueue, queueCapacity: 2000, scheduler: class org.apache.hadoop.ipc.DefaultRpcScheduler, ipcBackoff: false.
2019-09-26 20:19:38,678 [Socket Reader #1 for port 38758] INFO  ipc.Server (Server.java:run(1074)) - Starting Socket Reader #1 for port 38758
2019-09-26 20:19:38,698 [main] INFO  hdfs.DFSUtil (DFSUtil.java:httpServerTemplateForNNAndJN(1641)) - Starting Web-server for scm at: http://0.0.0.0:0
2019-09-26 20:19:38,848 [main] INFO  server.AuthenticationFilter (AuthenticationFilter.java:constructSecretProvider(240)) - Unable to initialize FileSignerSecretProvider, falling back to use random secrets.
2019-09-26 20:19:38,856 [main] WARN  http.HttpRequestLog (HttpRequestLog.java:getRequestLog(97)) - Jetty request log can only be enabled using Log4j
2019-09-26 20:19:38,863 [main] INFO  http.HttpServer2 (HttpServer2.java:addGlobalFilter(975)) - Added global filter 'safety' (class=org.apache.hadoop.http.HttpServer2$QuotingInputFilter)
2019-09-26 20:19:38,866 [main] INFO  http.HttpServer2 (HttpServer2.java:addFilter(948)) - Added filter static_user_filter (class=org.apache.hadoop.http.lib.StaticUserWebFilter$StaticUserFilter) to context scm
2019-09-26 20:19:38,866 [main] INFO  http.HttpServer2 (HttpServer2.java:addFilter(958)) - Added filter static_user_filter (class=org.apache.hadoop.http.lib.StaticUserWebFilter$StaticUserFilter) to context static
2019-09-26 20:19:38,866 [main] INFO  http.HttpServer2 (HttpServer2.java:addFilter(958)) - Added filter static_user_filter (class=org.apache.hadoop.http.lib.StaticUserWebFilter$StaticUserFilter) to context logs
2019-09-26 20:19:38,896 [main] INFO  server.StorageContainerManager (StorageContainerManager.java:start(770)) - StorageContainerLocationProtocol RPC server is listening at /0.0.0.0:38758
2019-09-26 20:19:38,961 [main] WARN  impl.MetricsConfig (MetricsConfig.java:loadFirst(134)) - Cannot locate configuration: tried hadoop-metrics2-storagecontainermanager.properties,hadoop-metrics2.properties
2019-09-26 20:19:38,973 [main] INFO  impl.MetricsSystemImpl (MetricsSystemImpl.java:startTimer(374)) - Scheduled Metric snapshot period at 10 second(s).
2019-09-26 20:19:38,973 [main] INFO  impl.MetricsSystemImpl (MetricsSystemImpl.java:start(191)) - StorageContainerManager metrics system started
2019-09-26 20:19:39,015 [main] INFO  server.SCMClientProtocolServer (SCMClientProtocolServer.java:start(151)) - RPC server for Client  is listening at /0.0.0.0:38758
2019-09-26 20:19:39,016 [IPC Server Responder] INFO  ipc.Server (Server.java:run(1314)) - IPC Server Responder: starting
2019-09-26 20:19:39,016 [IPC Server listener on 38758] INFO  ipc.Server (Server.java:run(1153)) - IPC Server listener on 38758: starting
2019-09-26 20:19:39,018 [main] INFO  server.StorageContainerManager (StorageContainerManager.java:start(780)) - ScmBlockLocationProtocol RPC server is listening at /0.0.0.0:38555
2019-09-26 20:19:39,021 [main] INFO  server.SCMBlockProtocolServer (SCMBlockProtocolServer.java:start(146)) - RPC server for Block Protocol is listening at /0.0.0.0:38555
2019-09-26 20:19:39,022 [IPC Server Responder] INFO  ipc.Server (Server.java:run(1314)) - IPC Server Responder: starting
2019-09-26 20:19:39,022 [IPC Server listener on 38555] INFO  ipc.Server (Server.java:run(1153)) - IPC Server listener on 38555: starting
2019-09-26 20:19:39,024 [main] INFO  server.StorageContainerManager (StorageContainerManager.java:start(784)) - ScmDatanodeProtocl RPC server is listening at /0.0.0.0:40446
2019-09-26 20:19:39,024 [main] INFO  server.SCMDatanodeProtocolServer (SCMDatanodeProtocolServer.java:start(191)) - RPC server for DataNodes is listening at /0.0.0.0:40446
2019-09-26 20:19:39,025 [IPC Server Responder] INFO  ipc.Server (Server.java:run(1314)) - IPC Server Responder: starting
2019-09-26 20:19:39,025 [IPC Server listener on 40446] INFO  ipc.Server (Server.java:run(1153)) - IPC Server listener on 40446: starting
2019-09-26 20:19:39,029 [main] INFO  http.HttpServer2 (HttpServer2.java:bindListener(1191)) - Jetty bound to port 34153
2019-09-26 20:19:39,032 [main] INFO  server.Server (Server.java:doStart(351)) - jetty-9.3.25.v20180904, build timestamp: 2018-09-04T21:11:46Z, git hash: 3ce520221d0240229c862b122d2b06c12a625732
2019-09-26 20:19:39,084 [main] INFO  handler.ContextHandler (ContextHandler.java:doStart(781)) - Started o.e.j.s.ServletContextHandler@5987e932{/logs,file:///workdir/hadoop-ozone/integration-test/target/log,AVAILABLE}
2019-09-26 20:19:39,085 [main] INFO  handler.ContextHandler (ContextHandler.java:doStart(781)) - Started o.e.j.s.ServletContextHandler@5bbbdd4b{/static,file:///workdir/hadoop-ozone/integration-test/target/test-classes/webapps/static,AVAILABLE}
2019-09-26 20:19:39,122 [main] INFO  handler.ContextHandler (ContextHandler.java:doStart(781)) - Started o.e.j.w.WebAppContext@41477a6d{/,file:///workdir/hadoop-ozone/integration-test/target/test-classes/webapps/scm/,AVAILABLE}{/scm}
2019-09-26 20:19:39,128 [main] INFO  server.AbstractConnector (AbstractConnector.java:doStart(278)) - Started ServerConnector@45394b31{HTTP/1.1,[http/1.1]}{0.0.0.0:34153}
2019-09-26 20:19:39,129 [main] INFO  server.Server (Server.java:doStart(419)) - Started @3763ms
2019-09-26 20:19:39,131 [main] INFO  impl.MetricsSinkAdapter (MetricsSinkAdapter.java:start(204)) - Sink prometheus started
2019-09-26 20:19:39,131 [main] INFO  impl.MetricsSystemImpl (MetricsSystemImpl.java:registerSink(301)) - Registered sink prometheus
2019-09-26 20:19:39,132 [main] INFO  server.BaseHttpServer (BaseHttpServer.java:updateConnectorAddress(215)) - HTTP server of SCM is listening at http://0.0.0.0:34153
2019-09-26 20:19:39,138 [org.apache.hadoop.util.JvmPauseMonitor$Monitor@56781d96] INFO  util.JvmPauseMonitor (JvmPauseMonitor.java:run(188)) - Starting JVM pause monitor
2019-09-26 20:19:39,140 [main] WARN  server.ServerUtils (ServerUtils.java:getDBPath(222)) - ozone.om.db.dirs is not configured. We recommend adding this setting. Falling back to ozone.metadata.dirs instead.
2019-09-26 20:19:39,156 [main] INFO  ha.OMHANodeDetails (OMHANodeDetails.java:loadOMHAConfig(194)) - Configuration either no ozone.om.address set. Falling back to the default OM address /127.0.0.1:0
2019-09-26 20:19:39,156 [main] INFO  ha.OMHANodeDetails (OMHANodeDetails.java:getOMNodeDetails(224)) - OM Service ID is not set. Setting it to the default ID: omServiceIdDefault
2019-09-26 20:19:39,158 [main] WARN  server.ServerUtils (ServerUtils.java:getDBPath(222)) - ozone.om.db.dirs is not configured. We recommend adding this setting. Falling back to ozone.metadata.dirs instead.
2019-09-26 20:19:39,158 [main] WARN  server.ServerUtils (ServerUtils.java:getDBPath(222)) - ozone.om.db.dirs is not configured. We recommend adding this setting. Falling back to ozone.metadata.dirs instead.
2019-09-26 20:19:39,263 [main] WARN  server.ServerUtils (ServerUtils.java:getDBPath(222)) - ozone.om.db.dirs is not configured. We recommend adding this setting. Falling back to ozone.metadata.dirs instead.
2019-09-26 20:19:39,270 [main] INFO  db.DBStoreBuilder (DBStoreBuilder.java:addTable(110)) - using custom profile for table: userTable
2019-09-26 20:19:39,270 [main] INFO  db.DBStoreBuilder (DBStoreBuilder.java:processTables(161)) - Using default column profile:DBProfile.DISK for Table:userTable
2019-09-26 20:19:39,271 [main] INFO  db.DBStoreBuilder (DBStoreBuilder.java:addTable(110)) - using custom profile for table: volumeTable
2019-09-26 20:19:39,271 [main] INFO  db.DBStoreBuilder (DBStoreBuilder.java:processTables(161)) - Using default column profile:DBProfile.DISK for Table:volumeTable
2019-09-26 20:19:39,271 [main] INFO  db.DBStoreBuilder (DBStoreBuilder.java:addTable(110)) - using custom profile for table: bucketTable
2019-09-26 20:19:39,271 [main] INFO  db.DBStoreBuilder (DBStoreBuilder.java:processTables(161)) - Using default column profile:DBProfile.DISK for Table:bucketTable
2019-09-26 20:19:39,272 [main] INFO  db.DBStoreBuilder (DBStoreBuilder.java:addTable(110)) - using custom profile for table: keyTable
2019-09-26 20:19:39,272 [main] INFO  db.DBStoreBuilder (DBStoreBuilder.java:processTables(161)) - Using default column profile:DBProfile.DISK for Table:keyTable
2019-09-26 20:19:39,272 [main] INFO  db.DBStoreBuilder (DBStoreBuilder.java:addTable(110)) - using custom profile for table: deletedTable
2019-09-26 20:19:39,272 [main] INFO  db.DBStoreBuilder (DBStoreBuilder.java:processTables(161)) - Using default column profile:DBProfile.DISK for Table:deletedTable
2019-09-26 20:19:39,272 [main] INFO  db.DBStoreBuilder (DBStoreBuilder.java:addTable(110)) - using custom profile for table: openKeyTable
2019-09-26 20:19:39,273 [main] INFO  db.DBStoreBuilder (DBStoreBuilder.java:processTables(161)) - Using default column profile:DBProfile.DISK for Table:openKeyTable
2019-09-26 20:19:39,273 [main] INFO  db.DBStoreBuilder (DBStoreBuilder.java:addTable(110)) - using custom profile for table: s3Table
2019-09-26 20:19:39,273 [main] INFO  db.DBStoreBuilder (DBStoreBuilder.java:processTables(161)) - Using default column profile:DBProfile.DISK for Table:s3Table
2019-09-26 20:19:39,273 [main] INFO  db.DBStoreBuilder (DBStoreBuilder.java:addTable(110)) - using custom profile for table: multipartInfoTable
2019-09-26 20:19:39,274 [main] INFO  db.DBStoreBuilder (DBStoreBuilder.java:processTables(161)) - Using default column profile:DBProfile.DISK for Table:multipartInfoTable
2019-09-26 20:19:39,274 [main] INFO  db.DBStoreBuilder (DBStoreBuilder.java:addTable(110)) - using custom profile for table: dTokenTable
2019-09-26 20:19:39,274 [main] INFO  db.DBStoreBuilder (DBStoreBuilder.java:processTables(161)) - Using default column profile:DBProfile.DISK for Table:dTokenTable
2019-09-26 20:19:39,274 [main] INFO  db.DBStoreBuilder (DBStoreBuilder.java:addTable(110)) - using custom profile for table: s3SecretTable
2019-09-26 20:19:39,275 [main] INFO  db.DBStoreBuilder (DBStoreBuilder.java:processTables(161)) - Using default column profile:DBProfile.DISK for Table:s3SecretTable
2019-09-26 20:19:39,275 [main] INFO  db.DBStoreBuilder (DBStoreBuilder.java:addTable(110)) - using custom profile for table: prefixTable
2019-09-26 20:19:39,275 [main] INFO  db.DBStoreBuilder (DBStoreBuilder.java:processTables(161)) - Using default column profile:DBProfile.DISK for Table:prefixTable
2019-09-26 20:19:39,275 [main] INFO  db.DBStoreBuilder (DBStoreBuilder.java:addTable(110)) - using custom profile for table: default
2019-09-26 20:19:39,275 [main] INFO  db.DBStoreBuilder (DBStoreBuilder.java:processTables(167)) - Using default column profile:DBProfile.DISK for Table:default
2019-09-26 20:19:39,276 [main] INFO  db.DBStoreBuilder (DBStoreBuilder.java:getDbProfile(198)) - Using default options. DBProfile.DISK
2019-09-26 20:19:39,789 [main] INFO  ipc.CallQueueManager (CallQueueManager.java:<init>(84)) - Using callQueue: class java.util.concurrent.LinkedBlockingQueue, queueCapacity: 2000, scheduler: class org.apache.hadoop.ipc.DefaultRpcScheduler, ipcBackoff: false.
2019-09-26 20:19:39,791 [Socket Reader #1 for port 41718] INFO  ipc.Server (Server.java:run(1074)) - Starting Socket Reader #1 for port 41718
2019-09-26 20:19:39,812 [main] INFO  om.OzoneManager (OzoneManager.java:start(1069)) - OzoneManager RPC server is listening at localhost/127.0.0.1:41718
2019-09-26 20:19:39,813 [main] INFO  impl.MetricsSystemImpl (MetricsSystemImpl.java:init(158)) - OzoneManager metrics system started (again)
2019-09-26 20:19:39,824 [IPC Server Responder] INFO  ipc.Server (Server.java:run(1314)) - IPC Server Responder: starting
2019-09-26 20:19:39,824 [IPC Server listener on 41718] INFO  ipc.Server (Server.java:run(1153)) - IPC Server listener on 41718: starting
2019-09-26 20:19:39,828 [main] INFO  hdfs.DFSUtil (DFSUtil.java:httpServerTemplateForNNAndJN(1641)) - Starting Web-server for ozoneManager at: http://0.0.0.0:0
2019-09-26 20:19:39,830 [main] INFO  server.AuthenticationFilter (AuthenticationFilter.java:constructSecretProvider(240)) - Unable to initialize FileSignerSecretProvider, falling back to use random secrets.
2019-09-26 20:19:39,831 [main] WARN  http.HttpRequestLog (HttpRequestLog.java:getRequestLog(97)) - Jetty request log can only be enabled using Log4j
2019-09-26 20:19:39,833 [main] INFO  http.HttpServer2 (HttpServer2.java:addGlobalFilter(975)) - Added global filter 'safety' (class=org.apache.hadoop.http.HttpServer2$QuotingInputFilter)
2019-09-26 20:19:39,834 [main] INFO  http.HttpServer2 (HttpServer2.java:addFilter(948)) - Added filter static_user_filter (class=org.apache.hadoop.http.lib.StaticUserWebFilter$StaticUserFilter) to context ozoneManager
2019-09-26 20:19:39,834 [main] INFO  http.HttpServer2 (HttpServer2.java:addFilter(958)) - Added filter static_user_filter (class=org.apache.hadoop.http.lib.StaticUserWebFilter$StaticUserFilter) to context static
2019-09-26 20:19:39,834 [main] INFO  http.HttpServer2 (HttpServer2.java:addFilter(958)) - Added filter static_user_filter (class=org.apache.hadoop.http.lib.StaticUserWebFilter$StaticUserFilter) to context logs
2019-09-26 20:19:39,836 [main] INFO  http.HttpServer2 (HttpServer2.java:bindListener(1191)) - Jetty bound to port 34100
2019-09-26 20:19:39,836 [main] INFO  server.Server (Server.java:doStart(351)) - jetty-9.3.25.v20180904, build timestamp: 2018-09-04T21:11:46Z, git hash: 3ce520221d0240229c862b122d2b06c12a625732
2019-09-26 20:19:39,838 [main] INFO  handler.ContextHandler (ContextHandler.java:doStart(781)) - Started o.e.j.s.ServletContextHandler@185f7840{/logs,file:///workdir/hadoop-ozone/integration-test/target/log,AVAILABLE}
2019-09-26 20:19:39,839 [main] INFO  handler.ContextHandler (ContextHandler.java:doStart(781)) - Started o.e.j.s.ServletContextHandler@7e7f0f0a{/static,file:///workdir/hadoop-ozone/integration-test/target/test-classes/webapps/static,AVAILABLE}
2019-09-26 20:19:39,843 [main] INFO  handler.ContextHandler (ContextHandler.java:doStart(781)) - Started o.e.j.w.WebAppContext@55f8669d{/,file:///workdir/hadoop-ozone/integration-test/target/test-classes/webapps/ozoneManager/,AVAILABLE}{/ozoneManager}
2019-09-26 20:19:39,844 [main] INFO  server.AbstractConnector (AbstractConnector.java:doStart(278)) - Started ServerConnector@6be25526{HTTP/1.1,[http/1.1]}{0.0.0.0:34100}
2019-09-26 20:19:39,844 [main] INFO  server.Server (Server.java:doStart(419)) - Started @4479ms
2019-09-26 20:19:39,845 [main] WARN  impl.MetricsSystemImpl (MetricsSystemImpl.java:register(276)) - Sink prometheus already exists!
2019-09-26 20:19:39,846 [main] INFO  server.BaseHttpServer (BaseHttpServer.java:updateConnectorAddress(215)) - HTTP server of OZONEMANAGER is listening at http://0.0.0.0:34100
2019-09-26 20:19:40,074 [main] INFO  impl.MetricsSystemImpl (MetricsSystemImpl.java:init(158)) - HddsDatanode metrics system started (again)
2019-09-26 20:19:40,117 [main] INFO  ozone.HddsDatanodeService (HddsDatanodeService.java:start(184)) - HddsDatanodeService host:pr-hdds-2162-kpcbn-4093309294 ip:192.168.151.109
2019-09-26 20:19:40,144 [main] INFO  volume.HddsVolume (HddsVolume.java:<init>(176)) - Creating Volume: /workdir/hadoop-ozone/integration-test/target/test-dir/MiniOzoneClusterImpl-81f3f93b-507a-4e54-bca6-ef1d0617e8f1/datanode-0/data/containers/hdds of  storage type : DISK and capacity : 1482555576320
2019-09-26 20:19:40,145 [main] INFO  volume.VolumeSet (VolumeSet.java:initializeVolumeSet(170)) - Added Volume : /workdir/hadoop-ozone/integration-test/target/test-dir/MiniOzoneClusterImpl-81f3f93b-507a-4e54-bca6-ef1d0617e8f1/datanode-0/data/containers/hdds to VolumeSet
2019-09-26 20:19:40,148 [main] INFO  volume.ThrottledAsyncChecker (ThrottledAsyncChecker.java:schedule(139)) - Scheduling a check for org.apache.hadoop.ozone.container.common.volume.HddsVolume@13f9ad9
2019-09-26 20:19:40,162 [main] INFO  volume.HddsVolumeChecker (HddsVolumeChecker.java:checkAllVolumes(202)) - Scheduled health check for volume org.apache.hadoop.ozone.container.common.volume.HddsVolume@13f9ad9
2019-09-26 20:19:40,250 [main] INFO  impl.RaftServerProxy (ConfUtils.java:logGet(43)) - raft.rpc.type = GRPC (default)
2019-09-26 20:19:40,306 [main] INFO  grpc.GrpcFactory (GrpcFactory.java:checkPooledByteBufAllocatorUseCacheForAllThreads(45)) - PERFORMANCE WARNING: useCacheForAllThreads is true that may cause Netty to create a lot garbage objects and, as a result, trigger GC.
	It is recommended to disable useCacheForAllThreads by setting -Dorg.apache.ratis.thirdparty.io.netty.allocator.useCacheForAllThreads=false in command line.
2019-09-26 20:19:40,310 [main] INFO  grpc.GrpcConfigKeys$Server (ConfUtils.java:logGet(43)) - raft.grpc.server.port = 0 (default)
2019-09-26 20:19:40,310 [main] INFO  server.GrpcService (ConfUtils.java:logGet(43)) - raft.grpc.message.size.max = 33570816 (custom)
2019-09-26 20:19:40,312 [main] INFO  server.RaftServerConfigKeys (ConfUtils.java:logGet(43)) - raft.server.log.appender.buffer.byte-limit = 33554432 (custom)
2019-09-26 20:19:40,312 [main] INFO  server.GrpcService (ConfUtils.java:logGet(43)) - raft.grpc.flow.control.window = 1MB (=1048576) (default)
2019-09-26 20:19:40,313 [main] INFO  server.RaftServerConfigKeys (ConfUtils.java:logGet(43)) - raft.server.rpc.request.timeout = 3000ms (default)
2019-09-26 20:19:40,447 [main] INFO  server.RaftServerConfigKeys (ConfUtils.java:logGet(43)) - raft.server.storage.dir = [/workdir/hadoop-ozone/integration-test/target/test-dir/MiniOzoneClusterImpl-81f3f93b-507a-4e54-bca6-ef1d0617e8f1/datanode-0/data/ratis] (custom)
2019-09-26 20:19:40,494 [main] INFO  hdfs.DFSUtil (DFSUtil.java:httpServerTemplateForNNAndJN(1641)) - Starting Web-server for hddsDatanode at: http://0.0.0.0:0
2019-09-26 20:19:40,495 [main] INFO  server.AuthenticationFilter (AuthenticationFilter.java:constructSecretProvider(240)) - Unable to initialize FileSignerSecretProvider, falling back to use random secrets.
2019-09-26 20:19:40,496 [main] WARN  http.HttpRequestLog (HttpRequestLog.java:getRequestLog(97)) - Jetty request log can only be enabled using Log4j
2019-09-26 20:19:40,497 [main] INFO  http.HttpServer2 (HttpServer2.java:addGlobalFilter(975)) - Added global filter 'safety' (class=org.apache.hadoop.http.HttpServer2$QuotingInputFilter)
2019-09-26 20:19:40,498 [main] INFO  http.HttpServer2 (HttpServer2.java:addFilter(948)) - Added filter static_user_filter (class=org.apache.hadoop.http.lib.StaticUserWebFilter$StaticUserFilter) to context hddsDatanode
2019-09-26 20:19:40,498 [main] INFO  http.HttpServer2 (HttpServer2.java:addFilter(958)) - Added filter static_user_filter (class=org.apache.hadoop.http.lib.StaticUserWebFilter$StaticUserFilter) to context logs
2019-09-26 20:19:40,498 [main] INFO  http.HttpServer2 (HttpServer2.java:addFilter(958)) - Added filter static_user_filter (class=org.apache.hadoop.http.lib.StaticUserWebFilter$StaticUserFilter) to context static
2019-09-26 20:19:40,499 [main] INFO  http.HttpServer2 (HttpServer2.java:bindListener(1191)) - Jetty bound to port 36549
2019-09-26 20:19:40,499 [main] INFO  server.Server (Server.java:doStart(351)) - jetty-9.3.25.v20180904, build timestamp: 2018-09-04T21:11:46Z, git hash: 3ce520221d0240229c862b122d2b06c12a625732
2019-09-26 20:19:40,501 [main] INFO  handler.ContextHandler (ContextHandler.java:doStart(781)) - Started o.e.j.s.ServletContextHandler@43af351a{/logs,file:///workdir/hadoop-ozone/integration-test/target/log,AVAILABLE}
2019-09-26 20:19:40,502 [main] INFO  handler.ContextHandler (ContextHandler.java:doStart(781)) - Started o.e.j.s.ServletContextHandler@72f9f27c{/static,jar:file:/home/user/.m2/repository/org/apache/hadoop/hadoop-hdds-container-service/0.5.0-SNAPSHOT/hadoop-hdds-container-service-0.5.0-SNAPSHOT.jar!/webapps/static,AVAILABLE}
2019-09-26 20:19:40,532 [main] INFO  handler.ContextHandler (ContextHandler.java:doStart(781)) - Started o.e.j.w.WebAppContext@56dfab87{/,file:///tmp/jetty-0.0.0.0-36549-hddsDatanode-_-any-923282075382444691.dir/webapp/,AVAILABLE}{/hddsDatanode}
2019-09-26 20:19:40,533 [main] INFO  server.AbstractConnector (AbstractConnector.java:doStart(278)) - Started ServerConnector@715b886f{HTTP/1.1,[http/1.1]}{0.0.0.0:36549}
2019-09-26 20:19:40,533 [main] INFO  server.Server (Server.java:doStart(419)) - Started @5168ms
2019-09-26 20:19:40,536 [main] WARN  impl.MetricsSystemImpl (MetricsSystemImpl.java:register(276)) - Sink prometheus already exists!
2019-09-26 20:19:40,537 [main] INFO  server.BaseHttpServer (BaseHttpServer.java:updateConnectorAddress(215)) - HTTP server of HDDSDATANODE is listening at http://0.0.0.0:36549
2019-09-26 20:19:40,538 [main] INFO  impl.MetricsSystemImpl (MetricsSystemImpl.java:init(158)) - HddsDatanode metrics system started (again)
2019-09-26 20:19:40,540 [main] INFO  ozone.HddsDatanodeService (HddsDatanodeService.java:start(184)) - HddsDatanodeService host:pr-hdds-2162-kpcbn-4093309294 ip:192.168.151.109
2019-09-26 20:19:40,544 [org.apache.hadoop.util.JvmPauseMonitor$Monitor@55a55d83] INFO  util.JvmPauseMonitor (JvmPauseMonitor.java:run(188)) - Starting JVM pause monitor
2019-09-26 20:19:40,546 [main] INFO  volume.HddsVolume (HddsVolume.java:<init>(176)) - Creating Volume: /workdir/hadoop-ozone/integration-test/target/test-dir/MiniOzoneClusterImpl-81f3f93b-507a-4e54-bca6-ef1d0617e8f1/datanode-1/data/containers/hdds of  storage type : DISK and capacity : 1482555576320
2019-09-26 20:19:40,547 [main] INFO  volume.VolumeSet (VolumeSet.java:initializeVolumeSet(170)) - Added Volume : /workdir/hadoop-ozone/integration-test/target/test-dir/MiniOzoneClusterImpl-81f3f93b-507a-4e54-bca6-ef1d0617e8f1/datanode-1/data/containers/hdds to VolumeSet
2019-09-26 20:19:40,547 [main] INFO  volume.ThrottledAsyncChecker (ThrottledAsyncChecker.java:schedule(139)) - Scheduling a check for org.apache.hadoop.ozone.container.common.volume.HddsVolume@45acdd11
2019-09-26 20:19:40,548 [main] INFO  volume.HddsVolumeChecker (HddsVolumeChecker.java:checkAllVolumes(202)) - Scheduled health check for volume org.apache.hadoop.ozone.container.common.volume.HddsVolume@45acdd11
2019-09-26 20:19:40,560 [main] INFO  impl.RaftServerProxy (ConfUtils.java:logGet(43)) - raft.rpc.type = GRPC (default)
2019-09-26 20:19:40,561 [main] INFO  grpc.GrpcFactory (GrpcFactory.java:checkPooledByteBufAllocatorUseCacheForAllThreads(45)) - PERFORMANCE WARNING: useCacheForAllThreads is true that may cause Netty to create a lot garbage objects and, as a result, trigger GC.
	It is recommended to disable useCacheForAllThreads by setting -Dorg.apache.ratis.thirdparty.io.netty.allocator.useCacheForAllThreads=false in command line.
2019-09-26 20:19:40,561 [main] INFO  grpc.GrpcConfigKeys$Server (ConfUtils.java:logGet(43)) - raft.grpc.server.port = 0 (default)
2019-09-26 20:19:40,561 [main] INFO  server.GrpcService (ConfUtils.java:logGet(43)) - raft.grpc.message.size.max = 33570816 (custom)
2019-09-26 20:19:40,561 [main] INFO  server.RaftServerConfigKeys (ConfUtils.java:logGet(43)) - raft.server.log.appender.buffer.byte-limit = 33554432 (custom)
2019-09-26 20:19:40,562 [main] INFO  server.GrpcService (ConfUtils.java:logGet(43)) - raft.grpc.flow.control.window = 1MB (=1048576) (default)
2019-09-26 20:19:40,562 [main] INFO  server.RaftServerConfigKeys (ConfUtils.java:logGet(43)) - raft.server.rpc.request.timeout = 3000ms (default)
2019-09-26 20:19:40,562 [main] INFO  server.RaftServerConfigKeys (ConfUtils.java:logGet(43)) - raft.server.storage.dir = [/workdir/hadoop-ozone/integration-test/target/test-dir/MiniOzoneClusterImpl-81f3f93b-507a-4e54-bca6-ef1d0617e8f1/datanode-1/data/ratis] (custom)
2019-09-26 20:19:40,564 [main] INFO  hdfs.DFSUtil (DFSUtil.java:httpServerTemplateForNNAndJN(1641)) - Starting Web-server for hddsDatanode at: http://0.0.0.0:0
2019-09-26 20:19:40,565 [main] INFO  server.AuthenticationFilter (AuthenticationFilter.java:constructSecretProvider(240)) - Unable to initialize FileSignerSecretProvider, falling back to use random secrets.
2019-09-26 20:19:40,565 [main] WARN  http.HttpRequestLog (HttpRequestLog.java:getRequestLog(97)) - Jetty request log can only be enabled using Log4j
2019-09-26 20:19:40,567 [main] INFO  http.HttpServer2 (HttpServer2.java:addGlobalFilter(975)) - Added global filter 'safety' (class=org.apache.hadoop.http.HttpServer2$QuotingInputFilter)
2019-09-26 20:19:40,567 [main] INFO  http.HttpServer2 (HttpServer2.java:addFilter(948)) - Added filter static_user_filter (class=org.apache.hadoop.http.lib.StaticUserWebFilter$StaticUserFilter) to context hddsDatanode
2019-09-26 20:19:40,567 [main] INFO  http.HttpServer2 (HttpServer2.java:addFilter(958)) - Added filter static_user_filter (class=org.apache.hadoop.http.lib.StaticUserWebFilter$StaticUserFilter) to context logs
2019-09-26 20:19:40,567 [main] INFO  http.HttpServer2 (HttpServer2.java:addFilter(958)) - Added filter static_user_filter (class=org.apache.hadoop.http.lib.StaticUserWebFilter$StaticUserFilter) to context static
2019-09-26 20:19:40,568 [main] INFO  http.HttpServer2 (HttpServer2.java:bindListener(1191)) - Jetty bound to port 35593
2019-09-26 20:19:40,568 [main] INFO  server.Server (Server.java:doStart(351)) - jetty-9.3.25.v20180904, build timestamp: 2018-09-04T21:11:46Z, git hash: 3ce520221d0240229c862b122d2b06c12a625732
2019-09-26 20:19:40,571 [main] INFO  handler.ContextHandler (ContextHandler.java:doStart(781)) - Started o.e.j.s.ServletContextHandler@4228bf58{/logs,file:///workdir/hadoop-ozone/integration-test/target/log,AVAILABLE}
2019-09-26 20:19:40,572 [main] INFO  handler.ContextHandler (ContextHandler.java:doStart(781)) - Started o.e.j.s.ServletContextHandler@20b9d5d5{/static,jar:file:/home/user/.m2/repository/org/apache/hadoop/hadoop-hdds-container-service/0.5.0-SNAPSHOT/hadoop-hdds-container-service-0.5.0-SNAPSHOT.jar!/webapps/static,AVAILABLE}
2019-09-26 20:19:40,599 [main] INFO  handler.ContextHandler (ContextHandler.java:doStart(781)) - Started o.e.j.w.WebAppContext@5ea4300e{/,file:///tmp/jetty-0.0.0.0-35593-hddsDatanode-_-any-5425383635107643239.dir/webapp/,AVAILABLE}{/hddsDatanode}
2019-09-26 20:19:40,600 [main] INFO  server.AbstractConnector (AbstractConnector.java:doStart(278)) - Started ServerConnector@5a1c3cb4{HTTP/1.1,[http/1.1]}{0.0.0.0:35593}
2019-09-26 20:19:40,600 [main] INFO  server.Server (Server.java:doStart(419)) - Started @5235ms
2019-09-26 20:19:40,601 [main] WARN  impl.MetricsSystemImpl (MetricsSystemImpl.java:register(276)) - Sink prometheus already exists!
2019-09-26 20:19:40,602 [main] INFO  server.BaseHttpServer (BaseHttpServer.java:updateConnectorAddress(215)) - HTTP server of HDDSDATANODE is listening at http://0.0.0.0:35593
2019-09-26 20:19:40,602 [main] INFO  impl.MetricsSystemImpl (MetricsSystemImpl.java:init(158)) - HddsDatanode metrics system started (again)
2019-09-26 20:19:40,605 [main] INFO  ozone.HddsDatanodeService (HddsDatanodeService.java:start(184)) - HddsDatanodeService host:pr-hdds-2162-kpcbn-4093309294 ip:192.168.151.109
2019-09-26 20:19:40,605 [org.apache.hadoop.util.JvmPauseMonitor$Monitor@58c4f839] INFO  util.JvmPauseMonitor (JvmPauseMonitor.java:run(188)) - Starting JVM pause monitor
2019-09-26 20:19:40,612 [main] INFO  volume.HddsVolume (HddsVolume.java:<init>(176)) - Creating Volume: /workdir/hadoop-ozone/integration-test/target/test-dir/MiniOzoneClusterImpl-81f3f93b-507a-4e54-bca6-ef1d0617e8f1/datanode-2/data/containers/hdds of  storage type : DISK and capacity : 1482555576320
2019-09-26 20:19:40,613 [main] INFO  volume.VolumeSet (VolumeSet.java:initializeVolumeSet(170)) - Added Volume : /workdir/hadoop-ozone/integration-test/target/test-dir/MiniOzoneClusterImpl-81f3f93b-507a-4e54-bca6-ef1d0617e8f1/datanode-2/data/containers/hdds to VolumeSet
2019-09-26 20:19:40,613 [main] INFO  volume.ThrottledAsyncChecker (ThrottledAsyncChecker.java:schedule(139)) - Scheduling a check for org.apache.hadoop.ozone.container.common.volume.HddsVolume@32130e61
2019-09-26 20:19:40,613 [main] INFO  volume.HddsVolumeChecker (HddsVolumeChecker.java:checkAllVolumes(202)) - Scheduled health check for volume org.apache.hadoop.ozone.container.common.volume.HddsVolume@32130e61
2019-09-26 20:19:40,624 [main] INFO  impl.RaftServerProxy (ConfUtils.java:logGet(43)) - raft.rpc.type = GRPC (default)
2019-09-26 20:19:40,625 [main] INFO  grpc.GrpcFactory (GrpcFactory.java:checkPooledByteBufAllocatorUseCacheForAllThreads(45)) - PERFORMANCE WARNING: useCacheForAllThreads is true that may cause Netty to create a lot garbage objects and, as a result, trigger GC.
	It is recommended to disable useCacheForAllThreads by setting -Dorg.apache.ratis.thirdparty.io.netty.allocator.useCacheForAllThreads=false in command line.
2019-09-26 20:19:40,625 [main] INFO  grpc.GrpcConfigKeys$Server (ConfUtils.java:logGet(43)) - raft.grpc.server.port = 0 (default)
2019-09-26 20:19:40,625 [main] INFO  server.GrpcService (ConfUtils.java:logGet(43)) - raft.grpc.message.size.max = 33570816 (custom)
2019-09-26 20:19:40,625 [main] INFO  server.RaftServerConfigKeys (ConfUtils.java:logGet(43)) - raft.server.log.appender.buffer.byte-limit = 33554432 (custom)
2019-09-26 20:19:40,626 [main] INFO  server.GrpcService (ConfUtils.java:logGet(43)) - raft.grpc.flow.control.window = 1MB (=1048576) (default)
2019-09-26 20:19:40,626 [main] INFO  server.RaftServerConfigKeys (ConfUtils.java:logGet(43)) - raft.server.rpc.request.timeout = 3000ms (default)
2019-09-26 20:19:40,626 [main] INFO  server.RaftServerConfigKeys (ConfUtils.java:logGet(43)) - raft.server.storage.dir = [/workdir/hadoop-ozone/integration-test/target/test-dir/MiniOzoneClusterImpl-81f3f93b-507a-4e54-bca6-ef1d0617e8f1/datanode-2/data/ratis] (custom)
2019-09-26 20:19:40,628 [main] INFO  hdfs.DFSUtil (DFSUtil.java:httpServerTemplateForNNAndJN(1641)) - Starting Web-server for hddsDatanode at: http://0.0.0.0:0
2019-09-26 20:19:40,629 [main] INFO  server.AuthenticationFilter (AuthenticationFilter.java:constructSecretProvider(240)) - Unable to initialize FileSignerSecretProvider, falling back to use random secrets.
2019-09-26 20:19:40,630 [main] WARN  http.HttpRequestLog (HttpRequestLog.java:getRequestLog(97)) - Jetty request log can only be enabled using Log4j
2019-09-26 20:19:40,631 [main] INFO  http.HttpServer2 (HttpServer2.java:addGlobalFilter(975)) - Added global filter 'safety' (class=org.apache.hadoop.http.HttpServer2$QuotingInputFilter)
2019-09-26 20:19:40,631 [main] INFO  http.HttpServer2 (HttpServer2.java:addFilter(948)) - Added filter static_user_filter (class=org.apache.hadoop.http.lib.StaticUserWebFilter$StaticUserFilter) to context hddsDatanode
2019-09-26 20:19:40,632 [main] INFO  http.HttpServer2 (HttpServer2.java:addFilter(958)) - Added filter static_user_filter (class=org.apache.hadoop.http.lib.StaticUserWebFilter$StaticUserFilter) to context logs
2019-09-26 20:19:40,632 [main] INFO  http.HttpServer2 (HttpServer2.java:addFilter(958)) - Added filter static_user_filter (class=org.apache.hadoop.http.lib.StaticUserWebFilter$StaticUserFilter) to context static
2019-09-26 20:19:40,632 [main] INFO  http.HttpServer2 (HttpServer2.java:bindListener(1191)) - Jetty bound to port 33917
2019-09-26 20:19:40,633 [main] INFO  server.Server (Server.java:doStart(351)) - jetty-9.3.25.v20180904, build timestamp: 2018-09-04T21:11:46Z, git hash: 3ce520221d0240229c862b122d2b06c12a625732
2019-09-26 20:19:40,634 [main] INFO  handler.ContextHandler (ContextHandler.java:doStart(781)) - Started o.e.j.s.ServletContextHandler@4f9a6c2d{/logs,file:///workdir/hadoop-ozone/integration-test/target/log,AVAILABLE}
2019-09-26 20:19:40,635 [main] INFO  handler.ContextHandler (ContextHandler.java:doStart(781)) - Started o.e.j.s.ServletContextHandler@75de6341{/static,jar:file:/home/user/.m2/repository/org/apache/hadoop/hadoop-hdds-container-service/0.5.0-SNAPSHOT/hadoop-hdds-container-service-0.5.0-SNAPSHOT.jar!/webapps/static,AVAILABLE}
2019-09-26 20:19:40,659 [Datanode State Machine Thread - 0] INFO  datanode.InitDatanodeState (InitDatanodeState.java:persistContainerDatanodeDetails(140)) - DatanodeDetails is persisted to /workdir/hadoop-ozone/integration-test/target/test-dir/MiniOzoneClusterImpl-81f3f93b-507a-4e54-bca6-ef1d0617e8f1/datanode-0/meta/datanode.id
2019-09-26 20:19:40,662 [Datanode State Machine Thread - 0] INFO  datanode.InitDatanodeState (InitDatanodeState.java:persistContainerDatanodeDetails(140)) - DatanodeDetails is persisted to /workdir/hadoop-ozone/integration-test/target/test-dir/MiniOzoneClusterImpl-81f3f93b-507a-4e54-bca6-ef1d0617e8f1/datanode-1/meta/datanode.id
2019-09-26 20:19:40,664 [main] INFO  handler.ContextHandler (ContextHandler.java:doStart(781)) - Started o.e.j.w.WebAppContext@3ba46e63{/,file:///tmp/jetty-0.0.0.0-33917-hddsDatanode-_-any-3659222188174757825.dir/webapp/,AVAILABLE}{/hddsDatanode}
2019-09-26 20:19:40,665 [main] INFO  server.AbstractConnector (AbstractConnector.java:doStart(278)) - Started ServerConnector@788ddc1f{HTTP/1.1,[http/1.1]}{0.0.0.0:33917}
2019-09-26 20:19:40,666 [main] INFO  server.Server (Server.java:doStart(419)) - Started @5300ms
2019-09-26 20:19:40,666 [main] WARN  impl.MetricsSystemImpl (MetricsSystemImpl.java:register(276)) - Sink prometheus already exists!
2019-09-26 20:19:40,667 [main] INFO  server.BaseHttpServer (BaseHttpServer.java:updateConnectorAddress(215)) - HTTP server of HDDSDATANODE is listening at http://0.0.0.0:33917
2019-09-26 20:19:40,667 [main] INFO  impl.MetricsSystemImpl (MetricsSystemImpl.java:init(158)) - HddsDatanode metrics system started (again)
2019-09-26 20:19:40,669 [org.apache.hadoop.util.JvmPauseMonitor$Monitor@23d076e1] INFO  util.JvmPauseMonitor (JvmPauseMonitor.java:run(188)) - Starting JVM pause monitor
2019-09-26 20:19:40,670 [main] INFO  ozone.HddsDatanodeService (HddsDatanodeService.java:start(184)) - HddsDatanodeService host:pr-hdds-2162-kpcbn-4093309294 ip:192.168.151.109
2019-09-26 20:19:40,672 [Datanode State Machine Thread - 0] INFO  datanode.InitDatanodeState (InitDatanodeState.java:persistContainerDatanodeDetails(140)) - DatanodeDetails is persisted to /workdir/hadoop-ozone/integration-test/target/test-dir/MiniOzoneClusterImpl-81f3f93b-507a-4e54-bca6-ef1d0617e8f1/datanode-2/meta/datanode.id
2019-09-26 20:19:40,676 [main] INFO  volume.HddsVolume (HddsVolume.java:<init>(176)) - Creating Volume: /workdir/hadoop-ozone/integration-test/target/test-dir/MiniOzoneClusterImpl-81f3f93b-507a-4e54-bca6-ef1d0617e8f1/datanode-3/data/containers/hdds of  storage type : DISK and capacity : 1482555576320
2019-09-26 20:19:40,676 [main] INFO  volume.VolumeSet (VolumeSet.java:initializeVolumeSet(170)) - Added Volume : /workdir/hadoop-ozone/integration-test/target/test-dir/MiniOzoneClusterImpl-81f3f93b-507a-4e54-bca6-ef1d0617e8f1/datanode-3/data/containers/hdds to VolumeSet
2019-09-26 20:19:40,676 [main] INFO  volume.ThrottledAsyncChecker (ThrottledAsyncChecker.java:schedule(139)) - Scheduling a check for org.apache.hadoop.ozone.container.common.volume.HddsVolume@29149030
2019-09-26 20:19:40,677 [main] INFO  volume.HddsVolumeChecker (HddsVolumeChecker.java:checkAllVolumes(202)) - Scheduled health check for volume org.apache.hadoop.ozone.container.common.volume.HddsVolume@29149030
2019-09-26 20:19:40,688 [main] INFO  impl.RaftServerProxy (ConfUtils.java:logGet(43)) - raft.rpc.type = GRPC (default)
2019-09-26 20:19:40,689 [main] INFO  grpc.GrpcFactory (GrpcFactory.java:checkPooledByteBufAllocatorUseCacheForAllThreads(45)) - PERFORMANCE WARNING: useCacheForAllThreads is true that may cause Netty to create a lot garbage objects and, as a result, trigger GC.
	It is recommended to disable useCacheForAllThreads by setting -Dorg.apache.ratis.thirdparty.io.netty.allocator.useCacheForAllThreads=false in command line.
2019-09-26 20:19:40,689 [main] INFO  grpc.GrpcConfigKeys$Server (ConfUtils.java:logGet(43)) - raft.grpc.server.port = 0 (default)
2019-09-26 20:19:40,689 [main] INFO  server.GrpcService (ConfUtils.java:logGet(43)) - raft.grpc.message.size.max = 33570816 (custom)
2019-09-26 20:19:40,689 [main] INFO  server.RaftServerConfigKeys (ConfUtils.java:logGet(43)) - raft.server.log.appender.buffer.byte-limit = 33554432 (custom)
2019-09-26 20:19:40,689 [main] INFO  server.GrpcService (ConfUtils.java:logGet(43)) - raft.grpc.flow.control.window = 1MB (=1048576) (default)
2019-09-26 20:19:40,690 [main] INFO  server.RaftServerConfigKeys (ConfUtils.java:logGet(43)) - raft.server.rpc.request.timeout = 3000ms (default)
2019-09-26 20:19:40,690 [main] INFO  server.RaftServerConfigKeys (ConfUtils.java:logGet(43)) - raft.server.storage.dir = [/workdir/hadoop-ozone/integration-test/target/test-dir/MiniOzoneClusterImpl-81f3f93b-507a-4e54-bca6-ef1d0617e8f1/datanode-3/data/ratis] (custom)
2019-09-26 20:19:40,692 [main] INFO  hdfs.DFSUtil (DFSUtil.java:httpServerTemplateForNNAndJN(1641)) - Starting Web-server for hddsDatanode at: http://0.0.0.0:0
2019-09-26 20:19:40,693 [main] INFO  server.AuthenticationFilter (AuthenticationFilter.java:constructSecretProvider(240)) - Unable to initialize FileSignerSecretProvider, falling back to use random secrets.
2019-09-26 20:19:40,693 [main] WARN  http.HttpRequestLog (HttpRequestLog.java:getRequestLog(97)) - Jetty request log can only be enabled using Log4j
2019-09-26 20:19:40,695 [main] INFO  http.HttpServer2 (HttpServer2.java:addGlobalFilter(975)) - Added global filter 'safety' (class=org.apache.hadoop.http.HttpServer2$QuotingInputFilter)
2019-09-26 20:19:40,695 [main] INFO  http.HttpServer2 (HttpServer2.java:addFilter(948)) - Added filter static_user_filter (class=org.apache.hadoop.http.lib.StaticUserWebFilter$StaticUserFilter) to context hddsDatanode
2019-09-26 20:19:40,695 [main] INFO  http.HttpServer2 (HttpServer2.java:addFilter(958)) - Added filter static_user_filter (class=org.apache.hadoop.http.lib.StaticUserWebFilter$StaticUserFilter) to context static
2019-09-26 20:19:40,695 [main] INFO  http.HttpServer2 (HttpServer2.java:addFilter(958)) - Added filter static_user_filter (class=org.apache.hadoop.http.lib.StaticUserWebFilter$StaticUserFilter) to context logs
2019-09-26 20:19:40,696 [main] INFO  http.HttpServer2 (HttpServer2.java:bindListener(1191)) - Jetty bound to port 43379
2019-09-26 20:19:40,696 [main] INFO  server.Server (Server.java:doStart(351)) - jetty-9.3.25.v20180904, build timestamp: 2018-09-04T21:11:46Z, git hash: 3ce520221d0240229c862b122d2b06c12a625732
2019-09-26 20:19:40,700 [main] INFO  handler.ContextHandler (ContextHandler.java:doStart(781)) - Started o.e.j.s.ServletContextHandler@753aca85{/logs,file:///workdir/hadoop-ozone/integration-test/target/log,AVAILABLE}
2019-09-26 20:19:40,701 [main] INFO  handler.ContextHandler (ContextHandler.java:doStart(781)) - Started o.e.j.s.ServletContextHandler@574a89e2{/static,jar:file:/home/user/.m2/repository/org/apache/hadoop/hadoop-hdds-container-service/0.5.0-SNAPSHOT/hadoop-hdds-container-service-0.5.0-SNAPSHOT.jar!/webapps/static,AVAILABLE}
2019-09-26 20:19:40,734 [main] INFO  handler.ContextHandler (ContextHandler.java:doStart(781)) - Started o.e.j.w.WebAppContext@984169e{/,file:///tmp/jetty-0.0.0.0-43379-hddsDatanode-_-any-4078435633280614317.dir/webapp/,AVAILABLE}{/hddsDatanode}
2019-09-26 20:19:40,735 [main] INFO  server.AbstractConnector (AbstractConnector.java:doStart(278)) - Started ServerConnector@43f1bb92{HTTP/1.1,[http/1.1]}{0.0.0.0:43379}
2019-09-26 20:19:40,736 [main] INFO  server.Server (Server.java:doStart(419)) - Started @5371ms
2019-09-26 20:19:40,736 [main] WARN  impl.MetricsSystemImpl (MetricsSystemImpl.java:register(276)) - Sink prometheus already exists!
2019-09-26 20:19:40,737 [main] INFO  server.BaseHttpServer (BaseHttpServer.java:updateConnectorAddress(215)) - HTTP server of HDDSDATANODE is listening at http://0.0.0.0:43379
2019-09-26 20:19:40,738 [main] INFO  impl.MetricsSystemImpl (MetricsSystemImpl.java:init(158)) - HddsDatanode metrics system started (again)
2019-09-26 20:19:40,740 [org.apache.hadoop.util.JvmPauseMonitor$Monitor@6336ecd1] INFO  util.JvmPauseMonitor (JvmPauseMonitor.java:run(188)) - Starting JVM pause monitor
2019-09-26 20:19:40,740 [main] INFO  ozone.HddsDatanodeService (HddsDatanodeService.java:start(184)) - HddsDatanodeService host:pr-hdds-2162-kpcbn-4093309294 ip:192.168.151.109
2019-09-26 20:19:40,742 [Datanode State Machine Thread - 0] INFO  datanode.InitDatanodeState (InitDatanodeState.java:persistContainerDatanodeDetails(140)) - DatanodeDetails is persisted to /workdir/hadoop-ozone/integration-test/target/test-dir/MiniOzoneClusterImpl-81f3f93b-507a-4e54-bca6-ef1d0617e8f1/datanode-3/meta/datanode.id
2019-09-26 20:19:40,748 [main] INFO  volume.HddsVolume (HddsVolume.java:<init>(176)) - Creating Volume: /workdir/hadoop-ozone/integration-test/target/test-dir/MiniOzoneClusterImpl-81f3f93b-507a-4e54-bca6-ef1d0617e8f1/datanode-4/data/containers/hdds of  storage type : DISK and capacity : 1482555576320
2019-09-26 20:19:40,749 [main] INFO  volume.VolumeSet (VolumeSet.java:initializeVolumeSet(170)) - Added Volume : /workdir/hadoop-ozone/integration-test/target/test-dir/MiniOzoneClusterImpl-81f3f93b-507a-4e54-bca6-ef1d0617e8f1/datanode-4/data/containers/hdds to VolumeSet
2019-09-26 20:19:40,749 [main] INFO  volume.ThrottledAsyncChecker (ThrottledAsyncChecker.java:schedule(139)) - Scheduling a check for org.apache.hadoop.ozone.container.common.volume.HddsVolume@378f002a
2019-09-26 20:19:40,752 [main] INFO  volume.HddsVolumeChecker (HddsVolumeChecker.java:checkAllVolumes(202)) - Scheduled health check for volume org.apache.hadoop.ozone.container.common.volume.HddsVolume@378f002a
2019-09-26 20:19:40,765 [main] INFO  impl.RaftServerProxy (ConfUtils.java:logGet(43)) - raft.rpc.type = GRPC (default)
2019-09-26 20:19:40,766 [main] INFO  grpc.GrpcFactory (GrpcFactory.java:checkPooledByteBufAllocatorUseCacheForAllThreads(45)) - PERFORMANCE WARNING: useCacheForAllThreads is true that may cause Netty to create a lot garbage objects and, as a result, trigger GC.
	It is recommended to disable useCacheForAllThreads by setting -Dorg.apache.ratis.thirdparty.io.netty.allocator.useCacheForAllThreads=false in command line.
2019-09-26 20:19:40,766 [main] INFO  grpc.GrpcConfigKeys$Server (ConfUtils.java:logGet(43)) - raft.grpc.server.port = 0 (default)
2019-09-26 20:19:40,766 [main] INFO  server.GrpcService (ConfUtils.java:logGet(43)) - raft.grpc.message.size.max = 33570816 (custom)
2019-09-26 20:19:40,766 [main] INFO  server.RaftServerConfigKeys (ConfUtils.java:logGet(43)) - raft.server.log.appender.buffer.byte-limit = 33554432 (custom)
2019-09-26 20:19:40,766 [main] INFO  server.GrpcService (ConfUtils.java:logGet(43)) - raft.grpc.flow.control.window = 1MB (=1048576) (default)
2019-09-26 20:19:40,767 [main] INFO  server.RaftServerConfigKeys (ConfUtils.java:logGet(43)) - raft.server.rpc.request.timeout = 3000ms (default)
2019-09-26 20:19:40,767 [main] INFO  server.RaftServerConfigKeys (ConfUtils.java:logGet(43)) - raft.server.storage.dir = [/workdir/hadoop-ozone/integration-test/target/test-dir/MiniOzoneClusterImpl-81f3f93b-507a-4e54-bca6-ef1d0617e8f1/datanode-4/data/ratis] (custom)
2019-09-26 20:19:40,768 [main] INFO  hdfs.DFSUtil (DFSUtil.java:httpServerTemplateForNNAndJN(1641)) - Starting Web-server for hddsDatanode at: http://0.0.0.0:0
2019-09-26 20:19:40,770 [main] INFO  server.AuthenticationFilter (AuthenticationFilter.java:constructSecretProvider(240)) - Unable to initialize FileSignerSecretProvider, falling back to use random secrets.
2019-09-26 20:19:40,770 [main] WARN  http.HttpRequestLog (HttpRequestLog.java:getRequestLog(97)) - Jetty request log can only be enabled using Log4j
2019-09-26 20:19:40,771 [main] INFO  http.HttpServer2 (HttpServer2.java:addGlobalFilter(975)) - Added global filter 'safety' (class=org.apache.hadoop.http.HttpServer2$QuotingInputFilter)
2019-09-26 20:19:40,772 [main] INFO  http.HttpServer2 (HttpServer2.java:addFilter(948)) - Added filter static_user_filter (class=org.apache.hadoop.http.lib.StaticUserWebFilter$StaticUserFilter) to context hddsDatanode
2019-09-26 20:19:40,772 [main] INFO  http.HttpServer2 (HttpServer2.java:addFilter(958)) - Added filter static_user_filter (class=org.apache.hadoop.http.lib.StaticUserWebFilter$StaticUserFilter) to context logs
2019-09-26 20:19:40,772 [main] INFO  http.HttpServer2 (HttpServer2.java:addFilter(958)) - Added filter static_user_filter (class=org.apache.hadoop.http.lib.StaticUserWebFilter$StaticUserFilter) to context static
2019-09-26 20:19:40,773 [main] INFO  http.HttpServer2 (HttpServer2.java:bindListener(1191)) - Jetty bound to port 39646
2019-09-26 20:19:40,773 [main] INFO  server.Server (Server.java:doStart(351)) - jetty-9.3.25.v20180904, build timestamp: 2018-09-04T21:11:46Z, git hash: 3ce520221d0240229c862b122d2b06c12a625732
2019-09-26 20:19:40,774 [main] INFO  handler.ContextHandler (ContextHandler.java:doStart(781)) - Started o.e.j.s.ServletContextHandler@544e8149{/logs,file:///workdir/hadoop-ozone/integration-test/target/log,AVAILABLE}
2019-09-26 20:19:40,775 [main] INFO  handler.ContextHandler (ContextHandler.java:doStart(781)) - Started o.e.j.s.ServletContextHandler@1a96d94c{/static,jar:file:/home/user/.m2/repository/org/apache/hadoop/hadoop-hdds-container-service/0.5.0-SNAPSHOT/hadoop-hdds-container-service-0.5.0-SNAPSHOT.jar!/webapps/static,AVAILABLE}
2019-09-26 20:19:40,801 [main] INFO  handler.ContextHandler (ContextHandler.java:doStart(781)) - Started o.e.j.w.WebAppContext@6d5c2745{/,file:///tmp/jetty-0.0.0.0-39646-hddsDatanode-_-any-2492257111546750002.dir/webapp/,AVAILABLE}{/hddsDatanode}
2019-09-26 20:19:40,802 [main] INFO  server.AbstractConnector (AbstractConnector.java:doStart(278)) - Started ServerConnector@44b29496{HTTP/1.1,[http/1.1]}{0.0.0.0:39646}
2019-09-26 20:19:40,802 [main] INFO  server.Server (Server.java:doStart(419)) - Started @5437ms
2019-09-26 20:19:40,803 [main] WARN  impl.MetricsSystemImpl (MetricsSystemImpl.java:register(276)) - Sink prometheus already exists!
2019-09-26 20:19:40,803 [main] INFO  server.BaseHttpServer (BaseHttpServer.java:updateConnectorAddress(215)) - HTTP server of HDDSDATANODE is listening at http://0.0.0.0:39646
2019-09-26 20:19:40,804 [main] INFO  impl.MetricsSystemImpl (MetricsSystemImpl.java:init(158)) - HddsDatanode metrics system started (again)
2019-09-26 20:19:40,807 [org.apache.hadoop.util.JvmPauseMonitor$Monitor@778e76c9] INFO  util.JvmPauseMonitor (JvmPauseMonitor.java:run(188)) - Starting JVM pause monitor
2019-09-26 20:19:40,807 [main] INFO  ozone.HddsDatanodeService (HddsDatanodeService.java:start(184)) - HddsDatanodeService host:pr-hdds-2162-kpcbn-4093309294 ip:192.168.151.109
2019-09-26 20:19:40,809 [Datanode State Machine Thread - 0] INFO  datanode.InitDatanodeState (InitDatanodeState.java:persistContainerDatanodeDetails(140)) - DatanodeDetails is persisted to /workdir/hadoop-ozone/integration-test/target/test-dir/MiniOzoneClusterImpl-81f3f93b-507a-4e54-bca6-ef1d0617e8f1/datanode-4/meta/datanode.id
2019-09-26 20:19:40,814 [main] INFO  volume.HddsVolume (HddsVolume.java:<init>(176)) - Creating Volume: /workdir/hadoop-ozone/integration-test/target/test-dir/MiniOzoneClusterImpl-81f3f93b-507a-4e54-bca6-ef1d0617e8f1/datanode-5/data/containers/hdds of  storage type : DISK and capacity : 1482555576320
2019-09-26 20:19:40,814 [main] INFO  volume.VolumeSet (VolumeSet.java:initializeVolumeSet(170)) - Added Volume : /workdir/hadoop-ozone/integration-test/target/test-dir/MiniOzoneClusterImpl-81f3f93b-507a-4e54-bca6-ef1d0617e8f1/datanode-5/data/containers/hdds to VolumeSet
2019-09-26 20:19:40,814 [main] INFO  volume.ThrottledAsyncChecker (ThrottledAsyncChecker.java:schedule(139)) - Scheduling a check for org.apache.hadoop.ozone.container.common.volume.HddsVolume@5a3a1bf9
2019-09-26 20:19:40,815 [main] INFO  volume.HddsVolumeChecker (HddsVolumeChecker.java:checkAllVolumes(202)) - Scheduled health check for volume org.apache.hadoop.ozone.container.common.volume.HddsVolume@5a3a1bf9
2019-09-26 20:19:40,831 [main] INFO  impl.RaftServerProxy (ConfUtils.java:logGet(43)) - raft.rpc.type = GRPC (default)
2019-09-26 20:19:40,831 [main] INFO  grpc.GrpcFactory (GrpcFactory.java:checkPooledByteBufAllocatorUseCacheForAllThreads(45)) - PERFORMANCE WARNING: useCacheForAllThreads is true that may cause Netty to create a lot garbage objects and, as a result, trigger GC.
	It is recommended to disable useCacheForAllThreads by setting -Dorg.apache.ratis.thirdparty.io.netty.allocator.useCacheForAllThreads=false in command line.
2019-09-26 20:19:40,831 [main] INFO  grpc.GrpcConfigKeys$Server (ConfUtils.java:logGet(43)) - raft.grpc.server.port = 0 (default)
2019-09-26 20:19:40,831 [main] INFO  server.GrpcService (ConfUtils.java:logGet(43)) - raft.grpc.message.size.max = 33570816 (custom)
2019-09-26 20:19:40,832 [main] INFO  server.RaftServerConfigKeys (ConfUtils.java:logGet(43)) - raft.server.log.appender.buffer.byte-limit = 33554432 (custom)
2019-09-26 20:19:40,832 [main] INFO  server.GrpcService (ConfUtils.java:logGet(43)) - raft.grpc.flow.control.window = 1MB (=1048576) (default)
2019-09-26 20:19:40,832 [main] INFO  server.RaftServerConfigKeys (ConfUtils.java:logGet(43)) - raft.server.rpc.request.timeout = 3000ms (default)
2019-09-26 20:19:40,833 [main] INFO  server.RaftServerConfigKeys (ConfUtils.java:logGet(43)) - raft.server.storage.dir = [/workdir/hadoop-ozone/integration-test/target/test-dir/MiniOzoneClusterImpl-81f3f93b-507a-4e54-bca6-ef1d0617e8f1/datanode-5/data/ratis] (custom)
2019-09-26 20:19:40,834 [main] INFO  hdfs.DFSUtil (DFSUtil.java:httpServerTemplateForNNAndJN(1641)) - Starting Web-server for hddsDatanode at: http://0.0.0.0:0
2019-09-26 20:19:40,835 [main] INFO  server.AuthenticationFilter (AuthenticationFilter.java:constructSecretProvider(240)) - Unable to initialize FileSignerSecretProvider, falling back to use random secrets.
2019-09-26 20:19:40,836 [main] WARN  http.HttpRequestLog (HttpRequestLog.java:getRequestLog(97)) - Jetty request log can only be enabled using Log4j
2019-09-26 20:19:40,837 [main] INFO  http.HttpServer2 (HttpServer2.java:addGlobalFilter(975)) - Added global filter 'safety' (class=org.apache.hadoop.http.HttpServer2$QuotingInputFilter)
2019-09-26 20:19:40,838 [main] INFO  http.HttpServer2 (HttpServer2.java:addFilter(948)) - Added filter static_user_filter (class=org.apache.hadoop.http.lib.StaticUserWebFilter$StaticUserFilter) to context hddsDatanode
2019-09-26 20:19:40,838 [main] INFO  http.HttpServer2 (HttpServer2.java:addFilter(958)) - Added filter static_user_filter (class=org.apache.hadoop.http.lib.StaticUserWebFilter$StaticUserFilter) to context static
2019-09-26 20:19:40,838 [main] INFO  http.HttpServer2 (HttpServer2.java:addFilter(958)) - Added filter static_user_filter (class=org.apache.hadoop.http.lib.StaticUserWebFilter$StaticUserFilter) to context logs
2019-09-26 20:19:40,839 [main] INFO  http.HttpServer2 (HttpServer2.java:bindListener(1191)) - Jetty bound to port 32877
2019-09-26 20:19:40,840 [main] INFO  server.Server (Server.java:doStart(351)) - jetty-9.3.25.v20180904, build timestamp: 2018-09-04T21:11:46Z, git hash: 3ce520221d0240229c862b122d2b06c12a625732
2019-09-26 20:19:40,841 [main] INFO  handler.ContextHandler (ContextHandler.java:doStart(781)) - Started o.e.j.s.ServletContextHandler@714f3da4{/logs,file:///workdir/hadoop-ozone/integration-test/target/log,AVAILABLE}
2019-09-26 20:19:40,842 [main] INFO  handler.ContextHandler (ContextHandler.java:doStart(781)) - Started o.e.j.s.ServletContextHandler@1f53481b{/static,jar:file:/home/user/.m2/repository/org/apache/hadoop/hadoop-hdds-container-service/0.5.0-SNAPSHOT/hadoop-hdds-container-service-0.5.0-SNAPSHOT.jar!/webapps/static,AVAILABLE}
2019-09-26 20:19:40,867 [main] INFO  handler.ContextHandler (ContextHandler.java:doStart(781)) - Started o.e.j.w.WebAppContext@2975a9e{/,file:///tmp/jetty-0.0.0.0-32877-hddsDatanode-_-any-4991570060683757361.dir/webapp/,AVAILABLE}{/hddsDatanode}
2019-09-26 20:19:40,869 [main] INFO  server.AbstractConnector (AbstractConnector.java:doStart(278)) - Started ServerConnector@765ffb14{HTTP/1.1,[http/1.1]}{0.0.0.0:32877}
2019-09-26 20:19:40,869 [main] INFO  server.Server (Server.java:doStart(419)) - Started @5503ms
2019-09-26 20:19:40,869 [main] WARN  impl.MetricsSystemImpl (MetricsSystemImpl.java:register(276)) - Sink prometheus already exists!
2019-09-26 20:19:40,870 [main] INFO  server.BaseHttpServer (BaseHttpServer.java:updateConnectorAddress(215)) - HTTP server of HDDSDATANODE is listening at http://0.0.0.0:32877
2019-09-26 20:19:40,870 [main] INFO  impl.MetricsSystemImpl (MetricsSystemImpl.java:init(158)) - HddsDatanode metrics system started (again)
2019-09-26 20:19:40,873 [main] INFO  ozone.HddsDatanodeService (HddsDatanodeService.java:start(184)) - HddsDatanodeService host:pr-hdds-2162-kpcbn-4093309294 ip:192.168.151.109
2019-09-26 20:19:40,874 [org.apache.hadoop.util.JvmPauseMonitor$Monitor@58b4c678] INFO  util.JvmPauseMonitor (JvmPauseMonitor.java:run(188)) - Starting JVM pause monitor
2019-09-26 20:19:40,876 [Datanode State Machine Thread - 0] INFO  datanode.InitDatanodeState (InitDatanodeState.java:persistContainerDatanodeDetails(140)) - DatanodeDetails is persisted to /workdir/hadoop-ozone/integration-test/target/test-dir/MiniOzoneClusterImpl-81f3f93b-507a-4e54-bca6-ef1d0617e8f1/datanode-5/meta/datanode.id
2019-09-26 20:19:40,881 [main] INFO  volume.HddsVolume (HddsVolume.java:<init>(176)) - Creating Volume: /workdir/hadoop-ozone/integration-test/target/test-dir/MiniOzoneClusterImpl-81f3f93b-507a-4e54-bca6-ef1d0617e8f1/datanode-6/data/containers/hdds of  storage type : DISK and capacity : 1482555576320
2019-09-26 20:19:40,882 [main] INFO  volume.VolumeSet (VolumeSet.java:initializeVolumeSet(170)) - Added Volume : /workdir/hadoop-ozone/integration-test/target/test-dir/MiniOzoneClusterImpl-81f3f93b-507a-4e54-bca6-ef1d0617e8f1/datanode-6/data/containers/hdds to VolumeSet
2019-09-26 20:19:40,882 [main] INFO  volume.ThrottledAsyncChecker (ThrottledAsyncChecker.java:schedule(139)) - Scheduling a check for org.apache.hadoop.ozone.container.common.volume.HddsVolume@177515d1
2019-09-26 20:19:40,882 [main] INFO  volume.HddsVolumeChecker (HddsVolumeChecker.java:checkAllVolumes(202)) - Scheduled health check for volume org.apache.hadoop.ozone.container.common.volume.HddsVolume@177515d1
2019-09-26 20:19:40,894 [main] INFO  impl.RaftServerProxy (ConfUtils.java:logGet(43)) - raft.rpc.type = GRPC (default)
2019-09-26 20:19:40,894 [main] INFO  grpc.GrpcFactory (GrpcFactory.java:checkPooledByteBufAllocatorUseCacheForAllThreads(45)) - PERFORMANCE WARNING: useCacheForAllThreads is true that may cause Netty to create a lot garbage objects and, as a result, trigger GC.
	It is recommended to disable useCacheForAllThreads by setting -Dorg.apache.ratis.thirdparty.io.netty.allocator.useCacheForAllThreads=false in command line.
2019-09-26 20:19:40,894 [main] INFO  grpc.GrpcConfigKeys$Server (ConfUtils.java:logGet(43)) - raft.grpc.server.port = 0 (default)
2019-09-26 20:19:40,894 [main] INFO  server.GrpcService (ConfUtils.java:logGet(43)) - raft.grpc.message.size.max = 33570816 (custom)
2019-09-26 20:19:40,894 [main] INFO  server.RaftServerConfigKeys (ConfUtils.java:logGet(43)) - raft.server.log.appender.buffer.byte-limit = 33554432 (custom)
2019-09-26 20:19:40,895 [main] INFO  server.GrpcService (ConfUtils.java:logGet(43)) - raft.grpc.flow.control.window = 1MB (=1048576) (default)
2019-09-26 20:19:40,895 [main] INFO  server.RaftServerConfigKeys (ConfUtils.java:logGet(43)) - raft.server.rpc.request.timeout = 3000ms (default)
2019-09-26 20:19:40,895 [main] INFO  server.RaftServerConfigKeys (ConfUtils.java:logGet(43)) - raft.server.storage.dir = [/workdir/hadoop-ozone/integration-test/target/test-dir/MiniOzoneClusterImpl-81f3f93b-507a-4e54-bca6-ef1d0617e8f1/datanode-6/data/ratis] (custom)
2019-09-26 20:19:40,897 [main] INFO  hdfs.DFSUtil (DFSUtil.java:httpServerTemplateForNNAndJN(1641)) - Starting Web-server for hddsDatanode at: http://0.0.0.0:0
2019-09-26 20:19:40,898 [main] INFO  server.AuthenticationFilter (AuthenticationFilter.java:constructSecretProvider(240)) - Unable to initialize FileSignerSecretProvider, falling back to use random secrets.
2019-09-26 20:19:40,898 [main] WARN  http.HttpRequestLog (HttpRequestLog.java:getRequestLog(97)) - Jetty request log can only be enabled using Log4j
2019-09-26 20:19:40,900 [main] INFO  http.HttpServer2 (HttpServer2.java:addGlobalFilter(975)) - Added global filter 'safety' (class=org.apache.hadoop.http.HttpServer2$QuotingInputFilter)
2019-09-26 20:19:40,900 [main] INFO  http.HttpServer2 (HttpServer2.java:addFilter(948)) - Added filter static_user_filter (class=org.apache.hadoop.http.lib.StaticUserWebFilter$StaticUserFilter) to context hddsDatanode
2019-09-26 20:19:40,900 [main] INFO  http.HttpServer2 (HttpServer2.java:addFilter(958)) - Added filter static_user_filter (class=org.apache.hadoop.http.lib.StaticUserWebFilter$StaticUserFilter) to context logs
2019-09-26 20:19:40,900 [main] INFO  http.HttpServer2 (HttpServer2.java:addFilter(958)) - Added filter static_user_filter (class=org.apache.hadoop.http.lib.StaticUserWebFilter$StaticUserFilter) to context static
2019-09-26 20:19:40,901 [main] INFO  http.HttpServer2 (HttpServer2.java:bindListener(1191)) - Jetty bound to port 36152
2019-09-26 20:19:40,901 [main] INFO  server.Server (Server.java:doStart(351)) - jetty-9.3.25.v20180904, build timestamp: 2018-09-04T21:11:46Z, git hash: 3ce520221d0240229c862b122d2b06c12a625732
2019-09-26 20:19:40,903 [main] INFO  handler.ContextHandler (ContextHandler.java:doStart(781)) - Started o.e.j.s.ServletContextHandler@3af7d855{/logs,file:///workdir/hadoop-ozone/integration-test/target/log,AVAILABLE}
2019-09-26 20:19:40,903 [main] INFO  handler.ContextHandler (ContextHandler.java:doStart(781)) - Started o.e.j.s.ServletContextHandler@f88bfbe{/static,jar:file:/home/user/.m2/repository/org/apache/hadoop/hadoop-hdds-container-service/0.5.0-SNAPSHOT/hadoop-hdds-container-service-0.5.0-SNAPSHOT.jar!/webapps/static,AVAILABLE}
2019-09-26 20:19:40,928 [main] INFO  handler.ContextHandler (ContextHandler.java:doStart(781)) - Started o.e.j.w.WebAppContext@71c17a57{/,file:///tmp/jetty-0.0.0.0-36152-hddsDatanode-_-any-1513900896871342731.dir/webapp/,AVAILABLE}{/hddsDatanode}
2019-09-26 20:19:40,930 [main] INFO  server.AbstractConnector (AbstractConnector.java:doStart(278)) - Started ServerConnector@640ab13c{HTTP/1.1,[http/1.1]}{0.0.0.0:36152}
2019-09-26 20:19:40,930 [main] INFO  server.Server (Server.java:doStart(419)) - Started @5564ms
2019-09-26 20:19:40,930 [main] WARN  impl.MetricsSystemImpl (MetricsSystemImpl.java:register(276)) - Sink prometheus already exists!
2019-09-26 20:19:40,931 [main] INFO  server.BaseHttpServer (BaseHttpServer.java:updateConnectorAddress(215)) - HTTP server of HDDSDATANODE is listening at http://0.0.0.0:36152
2019-09-26 20:19:40,931 [main] INFO  impl.MetricsSystemImpl (MetricsSystemImpl.java:init(158)) - HddsDatanode metrics system started (again)
2019-09-26 20:19:40,934 [main] INFO  ozone.HddsDatanodeService (HddsDatanodeService.java:start(184)) - HddsDatanodeService host:pr-hdds-2162-kpcbn-4093309294 ip:192.168.151.109
2019-09-26 20:19:40,934 [org.apache.hadoop.util.JvmPauseMonitor$Monitor@7d0b6396] INFO  util.JvmPauseMonitor (JvmPauseMonitor.java:run(188)) - Starting JVM pause monitor
2019-09-26 20:19:40,938 [Datanode State Machine Thread - 0] INFO  datanode.InitDatanodeState (InitDatanodeState.java:persistContainerDatanodeDetails(140)) - DatanodeDetails is persisted to /workdir/hadoop-ozone/integration-test/target/test-dir/MiniOzoneClusterImpl-81f3f93b-507a-4e54-bca6-ef1d0617e8f1/datanode-6/meta/datanode.id
2019-09-26 20:19:40,942 [main] INFO  volume.HddsVolume (HddsVolume.java:<init>(176)) - Creating Volume: /workdir/hadoop-ozone/integration-test/target/test-dir/MiniOzoneClusterImpl-81f3f93b-507a-4e54-bca6-ef1d0617e8f1/datanode-7/data/containers/hdds of  storage type : DISK and capacity : 1482555576320
2019-09-26 20:19:40,943 [main] INFO  volume.VolumeSet (VolumeSet.java:initializeVolumeSet(170)) - Added Volume : /workdir/hadoop-ozone/integration-test/target/test-dir/MiniOzoneClusterImpl-81f3f93b-507a-4e54-bca6-ef1d0617e8f1/datanode-7/data/containers/hdds to VolumeSet
2019-09-26 20:19:40,943 [main] INFO  volume.ThrottledAsyncChecker (ThrottledAsyncChecker.java:schedule(139)) - Scheduling a check for org.apache.hadoop.ozone.container.common.volume.HddsVolume@33ecbd6c
2019-09-26 20:19:40,944 [main] INFO  volume.HddsVolumeChecker (HddsVolumeChecker.java:checkAllVolumes(202)) - Scheduled health check for volume org.apache.hadoop.ozone.container.common.volume.HddsVolume@33ecbd6c
2019-09-26 20:19:40,960 [main] INFO  impl.RaftServerProxy (ConfUtils.java:logGet(43)) - raft.rpc.type = GRPC (default)
2019-09-26 20:19:40,960 [main] INFO  grpc.GrpcFactory (GrpcFactory.java:checkPooledByteBufAllocatorUseCacheForAllThreads(45)) - PERFORMANCE WARNING: useCacheForAllThreads is true that may cause Netty to create a lot garbage objects and, as a result, trigger GC.
	It is recommended to disable useCacheForAllThreads by setting -Dorg.apache.ratis.thirdparty.io.netty.allocator.useCacheForAllThreads=false in command line.
2019-09-26 20:19:40,960 [main] INFO  grpc.GrpcConfigKeys$Server (ConfUtils.java:logGet(43)) - raft.grpc.server.port = 0 (default)
2019-09-26 20:19:40,960 [main] INFO  server.GrpcService (ConfUtils.java:logGet(43)) - raft.grpc.message.size.max = 33570816 (custom)
2019-09-26 20:19:40,960 [main] INFO  server.RaftServerConfigKeys (ConfUtils.java:logGet(43)) - raft.server.log.appender.buffer.byte-limit = 33554432 (custom)
2019-09-26 20:19:40,961 [main] INFO  server.GrpcService (ConfUtils.java:logGet(43)) - raft.grpc.flow.control.window = 1MB (=1048576) (default)
2019-09-26 20:19:40,961 [main] INFO  server.RaftServerConfigKeys (ConfUtils.java:logGet(43)) - raft.server.rpc.request.timeout = 3000ms (default)
2019-09-26 20:19:40,961 [main] INFO  server.RaftServerConfigKeys (ConfUtils.java:logGet(43)) - raft.server.storage.dir = [/workdir/hadoop-ozone/integration-test/target/test-dir/MiniOzoneClusterImpl-81f3f93b-507a-4e54-bca6-ef1d0617e8f1/datanode-7/data/ratis] (custom)
2019-09-26 20:19:40,963 [main] INFO  hdfs.DFSUtil (DFSUtil.java:httpServerTemplateForNNAndJN(1641)) - Starting Web-server for hddsDatanode at: http://0.0.0.0:0
2019-09-26 20:19:40,964 [main] INFO  server.AuthenticationFilter (AuthenticationFilter.java:constructSecretProvider(240)) - Unable to initialize FileSignerSecretProvider, falling back to use random secrets.
2019-09-26 20:19:40,964 [main] WARN  http.HttpRequestLog (HttpRequestLog.java:getRequestLog(97)) - Jetty request log can only be enabled using Log4j
2019-09-26 20:19:40,966 [main] INFO  http.HttpServer2 (HttpServer2.java:addGlobalFilter(975)) - Added global filter 'safety' (class=org.apache.hadoop.http.HttpServer2$QuotingInputFilter)
2019-09-26 20:19:40,966 [main] INFO  http.HttpServer2 (HttpServer2.java:addFilter(948)) - Added filter static_user_filter (class=org.apache.hadoop.http.lib.StaticUserWebFilter$StaticUserFilter) to context hddsDatanode
2019-09-26 20:19:40,966 [main] INFO  http.HttpServer2 (HttpServer2.java:addFilter(958)) - Added filter static_user_filter (class=org.apache.hadoop.http.lib.StaticUserWebFilter$StaticUserFilter) to context logs
2019-09-26 20:19:40,966 [main] INFO  http.HttpServer2 (HttpServer2.java:addFilter(958)) - Added filter static_user_filter (class=org.apache.hadoop.http.lib.StaticUserWebFilter$StaticUserFilter) to context static
2019-09-26 20:19:40,967 [main] INFO  http.HttpServer2 (HttpServer2.java:bindListener(1191)) - Jetty bound to port 38505
2019-09-26 20:19:40,967 [main] INFO  server.Server (Server.java:doStart(351)) - jetty-9.3.25.v20180904, build timestamp: 2018-09-04T21:11:46Z, git hash: 3ce520221d0240229c862b122d2b06c12a625732
2019-09-26 20:19:40,969 [main] INFO  handler.ContextHandler (ContextHandler.java:doStart(781)) - Started o.e.j.s.ServletContextHandler@a50d709{/logs,file:///workdir/hadoop-ozone/integration-test/target/log,AVAILABLE}
2019-09-26 20:19:40,969 [main] INFO  handler.ContextHandler (ContextHandler.java:doStart(781)) - Started o.e.j.s.ServletContextHandler@6920b0bc{/static,jar:file:/home/user/.m2/repository/org/apache/hadoop/hadoop-hdds-container-service/0.5.0-SNAPSHOT/hadoop-hdds-container-service-0.5.0-SNAPSHOT.jar!/webapps/static,AVAILABLE}
2019-09-26 20:19:40,995 [main] INFO  handler.ContextHandler (ContextHandler.java:doStart(781)) - Started o.e.j.w.WebAppContext@1d12e953{/,file:///tmp/jetty-0.0.0.0-38505-hddsDatanode-_-any-1247411573198175446.dir/webapp/,AVAILABLE}{/hddsDatanode}
2019-09-26 20:19:40,997 [main] INFO  server.AbstractConnector (AbstractConnector.java:doStart(278)) - Started ServerConnector@57cb70be{HTTP/1.1,[http/1.1]}{0.0.0.0:38505}
2019-09-26 20:19:40,997 [main] INFO  server.Server (Server.java:doStart(419)) - Started @5631ms
2019-09-26 20:19:40,997 [main] WARN  impl.MetricsSystemImpl (MetricsSystemImpl.java:register(276)) - Sink prometheus already exists!
2019-09-26 20:19:40,998 [main] INFO  server.BaseHttpServer (BaseHttpServer.java:updateConnectorAddress(215)) - HTTP server of HDDSDATANODE is listening at http://0.0.0.0:38505
2019-09-26 20:19:40,998 [main] INFO  impl.MetricsSystemImpl (MetricsSystemImpl.java:init(158)) - HddsDatanode metrics system started (again)
2019-09-26 20:19:41,001 [org.apache.hadoop.util.JvmPauseMonitor$Monitor@3270c868] INFO  util.JvmPauseMonitor (JvmPauseMonitor.java:run(188)) - Starting JVM pause monitor
2019-09-26 20:19:41,002 [main] INFO  ozone.HddsDatanodeService (HddsDatanodeService.java:start(184)) - HddsDatanodeService host:pr-hdds-2162-kpcbn-4093309294 ip:192.168.151.109
2019-09-26 20:19:41,005 [Datanode State Machine Thread - 0] INFO  datanode.InitDatanodeState (InitDatanodeState.java:persistContainerDatanodeDetails(140)) - DatanodeDetails is persisted to /workdir/hadoop-ozone/integration-test/target/test-dir/MiniOzoneClusterImpl-81f3f93b-507a-4e54-bca6-ef1d0617e8f1/datanode-7/meta/datanode.id
2019-09-26 20:19:41,011 [main] INFO  volume.HddsVolume (HddsVolume.java:<init>(176)) - Creating Volume: /workdir/hadoop-ozone/integration-test/target/test-dir/MiniOzoneClusterImpl-81f3f93b-507a-4e54-bca6-ef1d0617e8f1/datanode-8/data/containers/hdds of  storage type : DISK and capacity : 1482555576320
2019-09-26 20:19:41,011 [main] INFO  volume.VolumeSet (VolumeSet.java:initializeVolumeSet(170)) - Added Volume : /workdir/hadoop-ozone/integration-test/target/test-dir/MiniOzoneClusterImpl-81f3f93b-507a-4e54-bca6-ef1d0617e8f1/datanode-8/data/containers/hdds to VolumeSet
2019-09-26 20:19:41,011 [main] INFO  volume.ThrottledAsyncChecker (ThrottledAsyncChecker.java:schedule(139)) - Scheduling a check for org.apache.hadoop.ozone.container.common.volume.HddsVolume@33956d1a
2019-09-26 20:19:41,012 [main] INFO  volume.HddsVolumeChecker (HddsVolumeChecker.java:checkAllVolumes(202)) - Scheduled health check for volume org.apache.hadoop.ozone.container.common.volume.HddsVolume@33956d1a
2019-09-26 20:19:41,023 [main] INFO  impl.RaftServerProxy (ConfUtils.java:logGet(43)) - raft.rpc.type = GRPC (default)
2019-09-26 20:19:41,024 [main] INFO  grpc.GrpcFactory (GrpcFactory.java:checkPooledByteBufAllocatorUseCacheForAllThreads(45)) - PERFORMANCE WARNING: useCacheForAllThreads is true that may cause Netty to create a lot garbage objects and, as a result, trigger GC.
	It is recommended to disable useCacheForAllThreads by setting -Dorg.apache.ratis.thirdparty.io.netty.allocator.useCacheForAllThreads=false in command line.
2019-09-26 20:19:41,024 [main] INFO  grpc.GrpcConfigKeys$Server (ConfUtils.java:logGet(43)) - raft.grpc.server.port = 0 (default)
2019-09-26 20:19:41,024 [main] INFO  server.GrpcService (ConfUtils.java:logGet(43)) - raft.grpc.message.size.max = 33570816 (custom)
2019-09-26 20:19:41,024 [main] INFO  server.RaftServerConfigKeys (ConfUtils.java:logGet(43)) - raft.server.log.appender.buffer.byte-limit = 33554432 (custom)
2019-09-26 20:19:41,025 [main] INFO  server.GrpcService (ConfUtils.java:logGet(43)) - raft.grpc.flow.control.window = 1MB (=1048576) (default)
2019-09-26 20:19:41,025 [main] INFO  server.RaftServerConfigKeys (ConfUtils.java:logGet(43)) - raft.server.rpc.request.timeout = 3000ms (default)
2019-09-26 20:19:41,025 [main] INFO  server.RaftServerConfigKeys (ConfUtils.java:logGet(43)) - raft.server.storage.dir = [/workdir/hadoop-ozone/integration-test/target/test-dir/MiniOzoneClusterImpl-81f3f93b-507a-4e54-bca6-ef1d0617e8f1/datanode-8/data/ratis] (custom)
2019-09-26 20:19:41,027 [main] INFO  hdfs.DFSUtil (DFSUtil.java:httpServerTemplateForNNAndJN(1641)) - Starting Web-server for hddsDatanode at: http://0.0.0.0:0
2019-09-26 20:19:41,028 [main] INFO  server.AuthenticationFilter (AuthenticationFilter.java:constructSecretProvider(240)) - Unable to initialize FileSignerSecretProvider, falling back to use random secrets.
2019-09-26 20:19:41,029 [main] WARN  http.HttpRequestLog (HttpRequestLog.java:getRequestLog(97)) - Jetty request log can only be enabled using Log4j
2019-09-26 20:19:41,030 [main] INFO  http.HttpServer2 (HttpServer2.java:addGlobalFilter(975)) - Added global filter 'safety' (class=org.apache.hadoop.http.HttpServer2$QuotingInputFilter)
2019-09-26 20:19:41,030 [main] INFO  http.HttpServer2 (HttpServer2.java:addFilter(948)) - Added filter static_user_filter (class=org.apache.hadoop.http.lib.StaticUserWebFilter$StaticUserFilter) to context hddsDatanode
2019-09-26 20:19:41,030 [main] INFO  http.HttpServer2 (HttpServer2.java:addFilter(958)) - Added filter static_user_filter (class=org.apache.hadoop.http.lib.StaticUserWebFilter$StaticUserFilter) to context static
2019-09-26 20:19:41,031 [main] INFO  http.HttpServer2 (HttpServer2.java:addFilter(958)) - Added filter static_user_filter (class=org.apache.hadoop.http.lib.StaticUserWebFilter$StaticUserFilter) to context logs
2019-09-26 20:19:41,031 [main] INFO  http.HttpServer2 (HttpServer2.java:bindListener(1191)) - Jetty bound to port 46339
2019-09-26 20:19:41,031 [main] INFO  server.Server (Server.java:doStart(351)) - jetty-9.3.25.v20180904, build timestamp: 2018-09-04T21:11:46Z, git hash: 3ce520221d0240229c862b122d2b06c12a625732
2019-09-26 20:19:41,033 [main] INFO  handler.ContextHandler (ContextHandler.java:doStart(781)) - Started o.e.j.s.ServletContextHandler@75120e58{/logs,file:///workdir/hadoop-ozone/integration-test/target/log,AVAILABLE}
2019-09-26 20:19:41,033 [main] INFO  handler.ContextHandler (ContextHandler.java:doStart(781)) - Started o.e.j.s.ServletContextHandler@2a367e93{/static,jar:file:/home/user/.m2/repository/org/apache/hadoop/hadoop-hdds-container-service/0.5.0-SNAPSHOT/hadoop-hdds-container-service-0.5.0-SNAPSHOT.jar!/webapps/static,AVAILABLE}
2019-09-26 20:19:41,059 [main] INFO  handler.ContextHandler (ContextHandler.java:doStart(781)) - Started o.e.j.w.WebAppContext@4e682398{/,file:///tmp/jetty-0.0.0.0-46339-hddsDatanode-_-any-4790971830276797857.dir/webapp/,AVAILABLE}{/hddsDatanode}
2019-09-26 20:19:41,060 [main] INFO  server.AbstractConnector (AbstractConnector.java:doStart(278)) - Started ServerConnector@670b3ca{HTTP/1.1,[http/1.1]}{0.0.0.0:46339}
2019-09-26 20:19:41,061 [main] INFO  server.Server (Server.java:doStart(419)) - Started @5696ms
2019-09-26 20:19:41,061 [main] WARN  impl.MetricsSystemImpl (MetricsSystemImpl.java:register(276)) - Sink prometheus already exists!
2019-09-26 20:19:41,062 [main] INFO  server.BaseHttpServer (BaseHttpServer.java:updateConnectorAddress(215)) - HTTP server of HDDSDATANODE is listening at http://0.0.0.0:46339
2019-09-26 20:19:41,062 [main] INFO  impl.MetricsSystemImpl (MetricsSystemImpl.java:init(158)) - HddsDatanode metrics system started (again)
2019-09-26 20:19:41,067 [org.apache.hadoop.util.JvmPauseMonitor$Monitor@12d377fb] INFO  util.JvmPauseMonitor (JvmPauseMonitor.java:run(188)) - Starting JVM pause monitor
2019-09-26 20:19:41,068 [main] INFO  ozone.HddsDatanodeService (HddsDatanodeService.java:start(184)) - HddsDatanodeService host:pr-hdds-2162-kpcbn-4093309294 ip:192.168.151.109
2019-09-26 20:19:41,070 [Datanode State Machine Thread - 0] INFO  datanode.InitDatanodeState (InitDatanodeState.java:persistContainerDatanodeDetails(140)) - DatanodeDetails is persisted to /workdir/hadoop-ozone/integration-test/target/test-dir/MiniOzoneClusterImpl-81f3f93b-507a-4e54-bca6-ef1d0617e8f1/datanode-8/meta/datanode.id
2019-09-26 20:19:41,076 [main] INFO  volume.HddsVolume (HddsVolume.java:<init>(176)) - Creating Volume: /workdir/hadoop-ozone/integration-test/target/test-dir/MiniOzoneClusterImpl-81f3f93b-507a-4e54-bca6-ef1d0617e8f1/datanode-9/data/containers/hdds of  storage type : DISK and capacity : 1482555576320
2019-09-26 20:19:41,076 [main] INFO  volume.VolumeSet (VolumeSet.java:initializeVolumeSet(170)) - Added Volume : /workdir/hadoop-ozone/integration-test/target/test-dir/MiniOzoneClusterImpl-81f3f93b-507a-4e54-bca6-ef1d0617e8f1/datanode-9/data/containers/hdds to VolumeSet
2019-09-26 20:19:41,076 [main] INFO  volume.ThrottledAsyncChecker (ThrottledAsyncChecker.java:schedule(139)) - Scheduling a check for org.apache.hadoop.ozone.container.common.volume.HddsVolume@474821de
2019-09-26 20:19:41,077 [main] INFO  volume.HddsVolumeChecker (HddsVolumeChecker.java:checkAllVolumes(202)) - Scheduled health check for volume org.apache.hadoop.ozone.container.common.volume.HddsVolume@474821de
2019-09-26 20:19:41,091 [main] INFO  impl.RaftServerProxy (ConfUtils.java:logGet(43)) - raft.rpc.type = GRPC (default)
2019-09-26 20:19:41,091 [main] INFO  grpc.GrpcFactory (GrpcFactory.java:checkPooledByteBufAllocatorUseCacheForAllThreads(45)) - PERFORMANCE WARNING: useCacheForAllThreads is true that may cause Netty to create a lot garbage objects and, as a result, trigger GC.
	It is recommended to disable useCacheForAllThreads by setting -Dorg.apache.ratis.thirdparty.io.netty.allocator.useCacheForAllThreads=false in command line.
2019-09-26 20:19:41,091 [main] INFO  grpc.GrpcConfigKeys$Server (ConfUtils.java:logGet(43)) - raft.grpc.server.port = 0 (default)
2019-09-26 20:19:41,091 [main] INFO  server.GrpcService (ConfUtils.java:logGet(43)) - raft.grpc.message.size.max = 33570816 (custom)
2019-09-26 20:19:41,092 [main] INFO  server.RaftServerConfigKeys (ConfUtils.java:logGet(43)) - raft.server.log.appender.buffer.byte-limit = 33554432 (custom)
2019-09-26 20:19:41,092 [main] INFO  server.GrpcService (ConfUtils.java:logGet(43)) - raft.grpc.flow.control.window = 1MB (=1048576) (default)
2019-09-26 20:19:41,092 [main] INFO  server.RaftServerConfigKeys (ConfUtils.java:logGet(43)) - raft.server.rpc.request.timeout = 3000ms (default)
2019-09-26 20:19:41,093 [main] INFO  server.RaftServerConfigKeys (ConfUtils.java:logGet(43)) - raft.server.storage.dir = [/workdir/hadoop-ozone/integration-test/target/test-dir/MiniOzoneClusterImpl-81f3f93b-507a-4e54-bca6-ef1d0617e8f1/datanode-9/data/ratis] (custom)
2019-09-26 20:19:41,094 [main] INFO  hdfs.DFSUtil (DFSUtil.java:httpServerTemplateForNNAndJN(1641)) - Starting Web-server for hddsDatanode at: http://0.0.0.0:0
2019-09-26 20:19:41,096 [main] INFO  server.AuthenticationFilter (AuthenticationFilter.java:constructSecretProvider(240)) - Unable to initialize FileSignerSecretProvider, falling back to use random secrets.
2019-09-26 20:19:41,096 [main] WARN  http.HttpRequestLog (HttpRequestLog.java:getRequestLog(97)) - Jetty request log can only be enabled using Log4j
2019-09-26 20:19:41,097 [main] INFO  http.HttpServer2 (HttpServer2.java:addGlobalFilter(975)) - Added global filter 'safety' (class=org.apache.hadoop.http.HttpServer2$QuotingInputFilter)
2019-09-26 20:19:41,098 [main] INFO  http.HttpServer2 (HttpServer2.java:addFilter(948)) - Added filter static_user_filter (class=org.apache.hadoop.http.lib.StaticUserWebFilter$StaticUserFilter) to context hddsDatanode
2019-09-26 20:19:41,098 [main] INFO  http.HttpServer2 (HttpServer2.java:addFilter(958)) - Added filter static_user_filter (class=org.apache.hadoop.http.lib.StaticUserWebFilter$StaticUserFilter) to context logs
2019-09-26 20:19:41,098 [main] INFO  http.HttpServer2 (HttpServer2.java:addFilter(958)) - Added filter static_user_filter (class=org.apache.hadoop.http.lib.StaticUserWebFilter$StaticUserFilter) to context static
2019-09-26 20:19:41,099 [main] INFO  http.HttpServer2 (HttpServer2.java:bindListener(1191)) - Jetty bound to port 41182
2019-09-26 20:19:41,099 [main] INFO  server.Server (Server.java:doStart(351)) - jetty-9.3.25.v20180904, build timestamp: 2018-09-04T21:11:46Z, git hash: 3ce520221d0240229c862b122d2b06c12a625732
2019-09-26 20:19:41,101 [main] INFO  handler.ContextHandler (ContextHandler.java:doStart(781)) - Started o.e.j.s.ServletContextHandler@5e1dde44{/logs,file:///workdir/hadoop-ozone/integration-test/target/log,AVAILABLE}
2019-09-26 20:19:41,102 [main] INFO  handler.ContextHandler (ContextHandler.java:doStart(781)) - Started o.e.j.s.ServletContextHandler@71e35c4{/static,jar:file:/home/user/.m2/repository/org/apache/hadoop/hadoop-hdds-container-service/0.5.0-SNAPSHOT/hadoop-hdds-container-service-0.5.0-SNAPSHOT.jar!/webapps/static,AVAILABLE}
2019-09-26 20:19:41,129 [main] INFO  handler.ContextHandler (ContextHandler.java:doStart(781)) - Started o.e.j.w.WebAppContext@6f76c2cc{/,file:///tmp/jetty-0.0.0.0-41182-hddsDatanode-_-any-799299790355203671.dir/webapp/,AVAILABLE}{/hddsDatanode}
2019-09-26 20:19:41,130 [main] INFO  server.AbstractConnector (AbstractConnector.java:doStart(278)) - Started ServerConnector@306f6f1d{HTTP/1.1,[http/1.1]}{0.0.0.0:41182}
2019-09-26 20:19:41,131 [main] INFO  server.Server (Server.java:doStart(419)) - Started @5765ms
2019-09-26 20:19:41,131 [main] WARN  impl.MetricsSystemImpl (MetricsSystemImpl.java:register(276)) - Sink prometheus already exists!
2019-09-26 20:19:41,132 [main] INFO  server.BaseHttpServer (BaseHttpServer.java:updateConnectorAddress(215)) - HTTP server of HDDSDATANODE is listening at http://0.0.0.0:41182
2019-09-26 20:19:41,141 [main] INFO  security.OzoneBlockTokenSecretManager (OzoneSecretManager.java:updateCurrentKey(167)) - Updating the current master key for generating tokens
2019-09-26 20:19:41,142 [org.apache.hadoop.util.JvmPauseMonitor$Monitor@fd25154] INFO  util.JvmPauseMonitor (JvmPauseMonitor.java:run(188)) - Starting JVM pause monitor
2019-09-26 20:19:41,145 [Datanode State Machine Thread - 0] INFO  datanode.InitDatanodeState (InitDatanodeState.java:persistContainerDatanodeDetails(140)) - DatanodeDetails is persisted to /workdir/hadoop-ozone/integration-test/target/test-dir/MiniOzoneClusterImpl-81f3f93b-507a-4e54-bca6-ef1d0617e8f1/datanode-9/meta/datanode.id
2019-09-26 20:19:41,160 [main] INFO  om.OzoneManager (OzoneManager.java:readKeyPair(713)) - Reading keypair and certificate from file system.
2019-09-26 20:19:41,160 [main] INFO  om.OzoneManager (OzoneManager.java:startSecretManager(679)) - Starting OM block token secret manager
2019-09-26 20:19:41,160 [main] INFO  security.OzoneBlockTokenSecretManager (OzoneSecretManager.java:updateCurrentKey(167)) - Updating the current master key for generating tokens
2019-09-26 20:19:41,161 [main] INFO  ozone.MiniOzoneClusterImpl (MiniOzoneClusterImpl.java:lambda$waitForClusterToBeReady$0(147)) - Waiting for cluster to be ready. Got 0 of 10 DN Heartbeats.
2019-09-26 20:19:42,161 [main] INFO  ozone.MiniOzoneClusterImpl (MiniOzoneClusterImpl.java:lambda$waitForClusterToBeReady$0(147)) - Waiting for cluster to be ready. Got 0 of 10 DN Heartbeats.
2019-09-26 20:19:42,781 [Datanode State Machine Thread - 0] INFO  ozoneimpl.OzoneContainer (OzoneContainer.java:start(217)) - Attempting to start container services.
2019-09-26 20:19:42,781 [Datanode State Machine Thread - 0] INFO  ozoneimpl.OzoneContainer (OzoneContainer.java:start(217)) - Attempting to start container services.
2019-09-26 20:19:42,781 [Datanode State Machine Thread - 0] INFO  ozoneimpl.OzoneContainer (OzoneContainer.java:start(217)) - Attempting to start container services.
2019-09-26 20:19:42,781 [Datanode State Machine Thread - 0] INFO  ozoneimpl.OzoneContainer (OzoneContainer.java:start(217)) - Attempting to start container services.
2019-09-26 20:19:42,788 [Datanode State Machine Thread - 0] INFO  ozoneimpl.OzoneContainer (OzoneContainer.java:startContainerScrub(179)) - Background container scanner has been disabled.
2019-09-26 20:19:42,788 [Datanode State Machine Thread - 0] INFO  ozoneimpl.OzoneContainer (OzoneContainer.java:startContainerScrub(179)) - Background container scanner has been disabled.
2019-09-26 20:19:42,789 [Datanode State Machine Thread - 0] INFO  ratis.XceiverServerRatis (XceiverServerRatis.java:start(411)) - Starting XceiverServerRatis 402982a9-fa7b-4360-bb6f-7bf73c96b049 at port 0
2019-09-26 20:19:42,789 [Datanode State Machine Thread - 0] INFO  ozoneimpl.OzoneContainer (OzoneContainer.java:startContainerScrub(179)) - Background container scanner has been disabled.
2019-09-26 20:19:42,788 [Datanode State Machine Thread - 0] INFO  ozoneimpl.OzoneContainer (OzoneContainer.java:startContainerScrub(179)) - Background container scanner has been disabled.
2019-09-26 20:19:42,790 [Datanode State Machine Thread - 0] INFO  ratis.XceiverServerRatis (XceiverServerRatis.java:start(411)) - Starting XceiverServerRatis 1335ae9d-cf28-460b-8cef-3605e68fd742 at port 0
2019-09-26 20:19:42,789 [Datanode State Machine Thread - 0] INFO  ratis.XceiverServerRatis (XceiverServerRatis.java:start(411)) - Starting XceiverServerRatis 3425e4bc-5d6a-41bf-abca-b714524a84c8 at port 0
2019-09-26 20:19:42,790 [Datanode State Machine Thread - 0] INFO  ratis.XceiverServerRatis (XceiverServerRatis.java:start(411)) - Starting XceiverServerRatis 8019986f-44ef-4884-8de6-df94512182c0 at port 0
2019-09-26 20:19:42,824 [Datanode State Machine Thread - 0] INFO  ozoneimpl.OzoneContainer (OzoneContainer.java:start(217)) - Attempting to start container services.
2019-09-26 20:19:42,830 [Datanode State Machine Thread - 0] INFO  ozoneimpl.OzoneContainer (OzoneContainer.java:startContainerScrub(179)) - Background container scanner has been disabled.
2019-09-26 20:19:42,830 [Datanode State Machine Thread - 0] INFO  ratis.XceiverServerRatis (XceiverServerRatis.java:start(411)) - Starting XceiverServerRatis dbc4c3a6-ca05-4f67-828a-4e6bc2bd7fa8 at port 0
2019-09-26 20:19:42,837 [Datanode State Machine Thread - 0] INFO  impl.RaftServerProxy (RaftServerProxy.java:lambda$start$3(299)) - 3425e4bc-5d6a-41bf-abca-b714524a84c8: start RPC server
2019-09-26 20:19:42,836 [Datanode State Machine Thread - 0] INFO  impl.RaftServerProxy (RaftServerProxy.java:lambda$start$3(299)) - 402982a9-fa7b-4360-bb6f-7bf73c96b049: start RPC server
2019-09-26 20:19:42,836 [Datanode State Machine Thread - 0] INFO  impl.RaftServerProxy (RaftServerProxy.java:lambda$start$3(299)) - 8019986f-44ef-4884-8de6-df94512182c0: start RPC server
2019-09-26 20:19:42,836 [Datanode State Machine Thread - 0] INFO  impl.RaftServerProxy (RaftServerProxy.java:lambda$start$3(299)) - 1335ae9d-cf28-460b-8cef-3605e68fd742: start RPC server
2019-09-26 20:19:42,842 [Datanode State Machine Thread - 0] INFO  impl.RaftServerProxy (RaftServerProxy.java:lambda$start$3(299)) - dbc4c3a6-ca05-4f67-828a-4e6bc2bd7fa8: start RPC server
2019-09-26 20:19:42,889 [Datanode State Machine Thread - 0] INFO  ozoneimpl.OzoneContainer (OzoneContainer.java:start(217)) - Attempting to start container services.
2019-09-26 20:19:42,889 [Datanode State Machine Thread - 0] INFO  ozoneimpl.OzoneContainer (OzoneContainer.java:startContainerScrub(179)) - Background container scanner has been disabled.
2019-09-26 20:19:42,889 [Datanode State Machine Thread - 0] INFO  ratis.XceiverServerRatis (XceiverServerRatis.java:start(411)) - Starting XceiverServerRatis 54d75f05-459a-41f1-a160-6bbdb25ca921 at port 0
2019-09-26 20:19:42,897 [Datanode State Machine Thread - 0] INFO  impl.RaftServerProxy (RaftServerProxy.java:lambda$start$3(299)) - 54d75f05-459a-41f1-a160-6bbdb25ca921: start RPC server
2019-09-26 20:19:42,952 [Datanode State Machine Thread - 0] INFO  ozoneimpl.OzoneContainer (OzoneContainer.java:start(217)) - Attempting to start container services.
2019-09-26 20:19:42,952 [Datanode State Machine Thread - 0] INFO  ozoneimpl.OzoneContainer (OzoneContainer.java:startContainerScrub(179)) - Background container scanner has been disabled.
2019-09-26 20:19:42,953 [Datanode State Machine Thread - 0] INFO  ratis.XceiverServerRatis (XceiverServerRatis.java:start(411)) - Starting XceiverServerRatis 56e6df74-335e-4e8f-9034-f9391d4bf622 at port 0
2019-09-26 20:19:42,969 [Datanode State Machine Thread - 0] INFO  impl.RaftServerProxy (RaftServerProxy.java:lambda$start$3(299)) - 56e6df74-335e-4e8f-9034-f9391d4bf622: start RPC server
2019-09-26 20:19:42,982 [Datanode State Machine Thread - 0] INFO  server.GrpcService (GrpcService.java:startImpl(158)) - 8019986f-44ef-4884-8de6-df94512182c0: GrpcService started, listening on 0.0.0.0/0.0.0.0:33000
2019-09-26 20:19:42,983 [Datanode State Machine Thread - 0] INFO  server.GrpcService (GrpcService.java:startImpl(158)) - 56e6df74-335e-4e8f-9034-f9391d4bf622: GrpcService started, listening on 0.0.0.0/0.0.0.0:35113
2019-09-26 20:19:42,982 [Datanode State Machine Thread - 0] INFO  server.GrpcService (GrpcService.java:startImpl(158)) - dbc4c3a6-ca05-4f67-828a-4e6bc2bd7fa8: GrpcService started, listening on 0.0.0.0/0.0.0.0:41384
2019-09-26 20:19:42,983 [Datanode State Machine Thread - 0] INFO  server.GrpcService (GrpcService.java:startImpl(158)) - 3425e4bc-5d6a-41bf-abca-b714524a84c8: GrpcService started, listening on 0.0.0.0/0.0.0.0:32871
2019-09-26 20:19:42,982 [Datanode State Machine Thread - 0] INFO  server.GrpcService (GrpcService.java:startImpl(158)) - 402982a9-fa7b-4360-bb6f-7bf73c96b049: GrpcService started, listening on 0.0.0.0/0.0.0.0:34773
2019-09-26 20:19:42,981 [Datanode State Machine Thread - 0] INFO  server.GrpcService (GrpcService.java:startImpl(158)) - 54d75f05-459a-41f1-a160-6bbdb25ca921: GrpcService started, listening on 0.0.0.0/0.0.0.0:45423
2019-09-26 20:19:42,982 [Datanode State Machine Thread - 0] INFO  server.GrpcService (GrpcService.java:startImpl(158)) - 1335ae9d-cf28-460b-8cef-3605e68fd742: GrpcService started, listening on 0.0.0.0/0.0.0.0:35473
2019-09-26 20:19:42,984 [Datanode State Machine Thread - 0] INFO  ratis.XceiverServerRatis (XceiverServerRatis.java:start(421)) - XceiverServerRatis 54d75f05-459a-41f1-a160-6bbdb25ca921 is started using port 45423
2019-09-26 20:19:42,984 [Datanode State Machine Thread - 0] INFO  ratis.XceiverServerRatis (XceiverServerRatis.java:start(421)) - XceiverServerRatis 402982a9-fa7b-4360-bb6f-7bf73c96b049 is started using port 34773
2019-09-26 20:19:42,984 [Datanode State Machine Thread - 0] INFO  ratis.XceiverServerRatis (XceiverServerRatis.java:start(421)) - XceiverServerRatis 3425e4bc-5d6a-41bf-abca-b714524a84c8 is started using port 32871
2019-09-26 20:19:42,983 [Datanode State Machine Thread - 0] INFO  ratis.XceiverServerRatis (XceiverServerRatis.java:start(421)) - XceiverServerRatis dbc4c3a6-ca05-4f67-828a-4e6bc2bd7fa8 is started using port 41384
2019-09-26 20:19:42,983 [Datanode State Machine Thread - 0] INFO  ratis.XceiverServerRatis (XceiverServerRatis.java:start(421)) - XceiverServerRatis 56e6df74-335e-4e8f-9034-f9391d4bf622 is started using port 35113
2019-09-26 20:19:42,983 [Datanode State Machine Thread - 0] INFO  ratis.XceiverServerRatis (XceiverServerRatis.java:start(421)) - XceiverServerRatis 8019986f-44ef-4884-8de6-df94512182c0 is started using port 33000
2019-09-26 20:19:42,984 [Datanode State Machine Thread - 0] INFO  ratis.XceiverServerRatis (XceiverServerRatis.java:start(421)) - XceiverServerRatis 1335ae9d-cf28-460b-8cef-3605e68fd742 is started using port 35473
2019-09-26 20:19:43,001 [Datanode State Machine Thread - 0] INFO  server.XceiverServerGrpc (XceiverServerGrpc.java:start(149)) - XceiverServerGrpc 3425e4bc-5d6a-41bf-abca-b714524a84c8 is started using port 41561
2019-09-26 20:19:43,002 [Datanode State Machine Thread - 0] INFO  server.XceiverServerGrpc (XceiverServerGrpc.java:start(149)) - XceiverServerGrpc dbc4c3a6-ca05-4f67-828a-4e6bc2bd7fa8 is started using port 35718
2019-09-26 20:19:43,002 [Datanode State Machine Thread - 0] INFO  server.XceiverServerGrpc (XceiverServerGrpc.java:start(149)) - XceiverServerGrpc 54d75f05-459a-41f1-a160-6bbdb25ca921 is started using port 35163
2019-09-26 20:19:43,002 [Datanode State Machine Thread - 0] INFO  server.XceiverServerGrpc (XceiverServerGrpc.java:start(149)) - XceiverServerGrpc 1335ae9d-cf28-460b-8cef-3605e68fd742 is started using port 40281
2019-09-26 20:19:43,002 [Datanode State Machine Thread - 0] INFO  server.XceiverServerGrpc (XceiverServerGrpc.java:start(149)) - XceiverServerGrpc 8019986f-44ef-4884-8de6-df94512182c0 is started using port 41586
2019-09-26 20:19:43,002 [Datanode State Machine Thread - 0] INFO  server.XceiverServerGrpc (XceiverServerGrpc.java:start(149)) - XceiverServerGrpc 56e6df74-335e-4e8f-9034-f9391d4bf622 is started using port 39462
2019-09-26 20:19:43,001 [Datanode State Machine Thread - 0] INFO  server.XceiverServerGrpc (XceiverServerGrpc.java:start(149)) - XceiverServerGrpc 402982a9-fa7b-4360-bb6f-7bf73c96b049 is started using port 34858
2019-09-26 20:19:43,017 [Datanode State Machine Thread - 0] INFO  ozoneimpl.OzoneContainer (OzoneContainer.java:start(217)) - Attempting to start container services.
2019-09-26 20:19:43,017 [Datanode State Machine Thread - 0] INFO  ozoneimpl.OzoneContainer (OzoneContainer.java:startContainerScrub(179)) - Background container scanner has been disabled.
2019-09-26 20:19:43,017 [Datanode State Machine Thread - 0] INFO  ratis.XceiverServerRatis (XceiverServerRatis.java:start(411)) - Starting XceiverServerRatis 9612ee1f-db1c-4468-80df-d82c84da7864 at port 0
2019-09-26 20:19:43,023 [Datanode State Machine Thread - 0] INFO  impl.RaftServerProxy (RaftServerProxy.java:lambda$start$3(299)) - 9612ee1f-db1c-4468-80df-d82c84da7864: start RPC server
2019-09-26 20:19:43,027 [Datanode State Machine Thread - 0] INFO  server.GrpcService (GrpcService.java:startImpl(158)) - 9612ee1f-db1c-4468-80df-d82c84da7864: GrpcService started, listening on 0.0.0.0/0.0.0.0:40705
2019-09-26 20:19:43,027 [Datanode State Machine Thread - 0] INFO  ratis.XceiverServerRatis (XceiverServerRatis.java:start(421)) - XceiverServerRatis 9612ee1f-db1c-4468-80df-d82c84da7864 is started using port 40705
2019-09-26 20:19:43,031 [Datanode State Machine Thread - 0] INFO  server.XceiverServerGrpc (XceiverServerGrpc.java:start(149)) - XceiverServerGrpc 9612ee1f-db1c-4468-80df-d82c84da7864 is started using port 44488
2019-09-26 20:19:43,084 [Datanode State Machine Thread - 0] INFO  ozoneimpl.OzoneContainer (OzoneContainer.java:start(217)) - Attempting to start container services.
2019-09-26 20:19:43,085 [Datanode State Machine Thread - 0] INFO  ozoneimpl.OzoneContainer (OzoneContainer.java:startContainerScrub(179)) - Background container scanner has been disabled.
2019-09-26 20:19:43,085 [Datanode State Machine Thread - 0] INFO  ratis.XceiverServerRatis (XceiverServerRatis.java:start(411)) - Starting XceiverServerRatis 91aa48ae-f401-469d-b9d7-6f66a673a229 at port 0
2019-09-26 20:19:43,091 [Datanode State Machine Thread - 0] INFO  impl.RaftServerProxy (RaftServerProxy.java:lambda$start$3(299)) - 91aa48ae-f401-469d-b9d7-6f66a673a229: start RPC server
2019-09-26 20:19:43,096 [Datanode State Machine Thread - 0] INFO  server.GrpcService (GrpcService.java:startImpl(158)) - 91aa48ae-f401-469d-b9d7-6f66a673a229: GrpcService started, listening on 0.0.0.0/0.0.0.0:34036
2019-09-26 20:19:43,096 [Datanode State Machine Thread - 0] INFO  ratis.XceiverServerRatis (XceiverServerRatis.java:start(421)) - XceiverServerRatis 91aa48ae-f401-469d-b9d7-6f66a673a229 is started using port 34036
2019-09-26 20:19:43,101 [Datanode State Machine Thread - 0] INFO  server.XceiverServerGrpc (XceiverServerGrpc.java:start(149)) - XceiverServerGrpc 91aa48ae-f401-469d-b9d7-6f66a673a229 is started using port 41719
2019-09-26 20:19:43,158 [Datanode State Machine Thread - 0] INFO  ozoneimpl.OzoneContainer (OzoneContainer.java:start(217)) - Attempting to start container services.
2019-09-26 20:19:43,158 [Datanode State Machine Thread - 0] INFO  ozoneimpl.OzoneContainer (OzoneContainer.java:startContainerScrub(179)) - Background container scanner has been disabled.
2019-09-26 20:19:43,158 [Datanode State Machine Thread - 0] INFO  ratis.XceiverServerRatis (XceiverServerRatis.java:start(411)) - Starting XceiverServerRatis 16e8d13d-af64-4d88-a085-bc010d485d30 at port 0
2019-09-26 20:19:43,162 [main] INFO  ozone.MiniOzoneClusterImpl (MiniOzoneClusterImpl.java:lambda$waitForClusterToBeReady$0(147)) - Waiting for cluster to be ready. Got 0 of 10 DN Heartbeats.
2019-09-26 20:19:43,165 [Datanode State Machine Thread - 0] INFO  impl.RaftServerProxy (RaftServerProxy.java:lambda$start$3(299)) - 16e8d13d-af64-4d88-a085-bc010d485d30: start RPC server
2019-09-26 20:19:43,170 [Datanode State Machine Thread - 0] INFO  server.GrpcService (GrpcService.java:startImpl(158)) - 16e8d13d-af64-4d88-a085-bc010d485d30: GrpcService started, listening on 0.0.0.0/0.0.0.0:46318
2019-09-26 20:19:43,171 [Datanode State Machine Thread - 0] INFO  ratis.XceiverServerRatis (XceiverServerRatis.java:start(421)) - XceiverServerRatis 16e8d13d-af64-4d88-a085-bc010d485d30 is started using port 46318
2019-09-26 20:19:43,199 [Datanode State Machine Thread - 0] INFO  server.XceiverServerGrpc (XceiverServerGrpc.java:start(149)) - XceiverServerGrpc 16e8d13d-af64-4d88-a085-bc010d485d30 is started using port 39818
2019-09-26 20:19:44,162 [main] INFO  ozone.MiniOzoneClusterImpl (MiniOzoneClusterImpl.java:lambda$waitForClusterToBeReady$0(147)) - Waiting for cluster to be ready. Got 0 of 10 DN Heartbeats.
2019-09-26 20:19:44,589 [IPC Server handler 0 on 40446] INFO  net.NetworkTopology (NetworkTopologyImpl.java:add(111)) - Added a new node: /default-rack/8019986f-44ef-4884-8de6-df94512182c0
2019-09-26 20:19:44,589 [IPC Server handler 0 on 40446] INFO  node.SCMNodeManager (SCMNodeManager.java:register(266)) - Registered Data node : 8019986f-44ef-4884-8de6-df94512182c0{ip: 192.168.151.109, host: pr-hdds-2162-kpcbn-4093309294, networkLocation: /default-rack, certSerialId: null}
2019-09-26 20:19:44,595 [EventQueue-NodeRegistrationContainerReportForDataNodeSafeModeRule] INFO  safemode.SCMSafeModeManager (DataNodeSafeModeRule.java:process(71)) - SCM in safe mode. 1 DataNodes registered, 1 required.
2019-09-26 20:19:44,595 [EventQueue-NodeRegistrationContainerReportForDataNodeSafeModeRule] INFO  safemode.SCMSafeModeManager (SCMSafeModeManager.java:validateSafeModeExitRules(177)) - ScmSafeModeManager, all rules are successfully validated
2019-09-26 20:19:44,596 [EventQueue-NodeRegistrationContainerReportForDataNodeSafeModeRule] INFO  safemode.SCMSafeModeManager (SCMSafeModeManager.java:exitSafeMode(193)) - SCM exiting safe mode.
2019-09-26 20:19:44,610 [IPC Server handler 2 on 40446] INFO  net.NetworkTopology (NetworkTopologyImpl.java:add(111)) - Added a new node: /default-rack/1335ae9d-cf28-460b-8cef-3605e68fd742
2019-09-26 20:19:44,610 [IPC Server handler 2 on 40446] INFO  node.SCMNodeManager (SCMNodeManager.java:register(266)) - Registered Data node : 1335ae9d-cf28-460b-8cef-3605e68fd742{ip: 192.168.151.109, host: pr-hdds-2162-kpcbn-4093309294, networkLocation: /default-rack, certSerialId: null}
2019-09-26 20:19:44,673 [IPC Server handler 5 on 40446] INFO  net.NetworkTopology (NetworkTopologyImpl.java:add(111)) - Added a new node: /default-rack/402982a9-fa7b-4360-bb6f-7bf73c96b049
2019-09-26 20:19:44,673 [IPC Server handler 5 on 40446] INFO  node.SCMNodeManager (SCMNodeManager.java:register(266)) - Registered Data node : 402982a9-fa7b-4360-bb6f-7bf73c96b049{ip: 192.168.151.109, host: pr-hdds-2162-kpcbn-4093309294, networkLocation: /default-rack, certSerialId: null}
2019-09-26 20:19:44,744 [IPC Server handler 4 on 40446] INFO  net.NetworkTopology (NetworkTopologyImpl.java:add(111)) - Added a new node: /default-rack/3425e4bc-5d6a-41bf-abca-b714524a84c8
2019-09-26 20:19:44,745 [IPC Server handler 4 on 40446] INFO  node.SCMNodeManager (SCMNodeManager.java:register(266)) - Registered Data node : 3425e4bc-5d6a-41bf-abca-b714524a84c8{ip: 192.168.151.109, host: pr-hdds-2162-kpcbn-4093309294, networkLocation: /default-rack, certSerialId: null}
2019-09-26 20:19:44,812 [IPC Server handler 7 on 40446] INFO  net.NetworkTopology (NetworkTopologyImpl.java:add(111)) - Added a new node: /default-rack/dbc4c3a6-ca05-4f67-828a-4e6bc2bd7fa8
2019-09-26 20:19:44,812 [IPC Server handler 7 on 40446] INFO  node.SCMNodeManager (SCMNodeManager.java:register(266)) - Registered Data node : dbc4c3a6-ca05-4f67-828a-4e6bc2bd7fa8{ip: 192.168.151.109, host: pr-hdds-2162-kpcbn-4093309294, networkLocation: /default-rack, certSerialId: null}
2019-09-26 20:19:44,914 [IPC Server handler 6 on 40446] INFO  net.NetworkTopology (NetworkTopologyImpl.java:add(111)) - Added a new node: /default-rack/54d75f05-459a-41f1-a160-6bbdb25ca921
2019-09-26 20:19:44,914 [IPC Server handler 6 on 40446] INFO  node.SCMNodeManager (SCMNodeManager.java:register(266)) - Registered Data node : 54d75f05-459a-41f1-a160-6bbdb25ca921{ip: 192.168.151.109, host: pr-hdds-2162-kpcbn-4093309294, networkLocation: /default-rack, certSerialId: null}
2019-09-26 20:19:44,959 [IPC Server handler 11 on 40446] INFO  net.NetworkTopology (NetworkTopologyImpl.java:add(111)) - Added a new node: /default-rack/56e6df74-335e-4e8f-9034-f9391d4bf622
2019-09-26 20:19:44,959 [IPC Server handler 11 on 40446] INFO  node.SCMNodeManager (SCMNodeManager.java:register(266)) - Registered Data node : 56e6df74-335e-4e8f-9034-f9391d4bf622{ip: 192.168.151.109, host: pr-hdds-2162-kpcbn-4093309294, networkLocation: /default-rack, certSerialId: null}
2019-09-26 20:19:45,006 [IPC Server handler 9 on 40446] INFO  net.NetworkTopology (NetworkTopologyImpl.java:add(111)) - Added a new node: /default-rack/9612ee1f-db1c-4468-80df-d82c84da7864
2019-09-26 20:19:45,007 [IPC Server handler 9 on 40446] INFO  node.SCMNodeManager (SCMNodeManager.java:register(266)) - Registered Data node : 9612ee1f-db1c-4468-80df-d82c84da7864{ip: 192.168.151.109, host: pr-hdds-2162-kpcbn-4093309294, networkLocation: /default-rack, certSerialId: null}
2019-09-26 20:19:45,074 [IPC Server handler 1 on 40446] INFO  net.NetworkTopology (NetworkTopologyImpl.java:add(111)) - Added a new node: /default-rack/91aa48ae-f401-469d-b9d7-6f66a673a229
2019-09-26 20:19:45,075 [IPC Server handler 1 on 40446] INFO  node.SCMNodeManager (SCMNodeManager.java:register(266)) - Registered Data node : 91aa48ae-f401-469d-b9d7-6f66a673a229{ip: 192.168.151.109, host: pr-hdds-2162-kpcbn-4093309294, networkLocation: /default-rack, certSerialId: null}
2019-09-26 20:19:45,160 [IPC Server handler 0 on 40446] INFO  net.NetworkTopology (NetworkTopologyImpl.java:add(111)) - Added a new node: /default-rack/16e8d13d-af64-4d88-a085-bc010d485d30
2019-09-26 20:19:45,160 [IPC Server handler 0 on 40446] INFO  node.SCMNodeManager (SCMNodeManager.java:register(266)) - Registered Data node : 16e8d13d-af64-4d88-a085-bc010d485d30{ip: 192.168.151.109, host: pr-hdds-2162-kpcbn-4093309294, networkLocation: /default-rack, certSerialId: null}
2019-09-26 20:19:45,163 [main] INFO  ozone.MiniOzoneClusterImpl (MiniOzoneClusterImpl.java:lambda$waitForClusterToBeReady$0(147)) - Cluster is ready. Got 10 of 10 DN Heartbeats.
2019-09-26 20:19:45,293 [grpc-default-executor-0] INFO  impl.RaftServerProxy (RaftServerProxy.java:addNew(89)) - 8019986f-44ef-4884-8de6-df94512182c0: addNew group-B1EBF62BF7FF:[8019986f-44ef-4884-8de6-df94512182c0:192.168.151.109:33000] returns group-B1EBF62BF7FF:java.util.concurrent.CompletableFuture@61d449ed[Not completed]
2019-09-26 20:19:45,318 [pool-27-thread-1] INFO  impl.RaftServerImpl (RaftServerImpl.java:<init>(95)) - 8019986f-44ef-4884-8de6-df94512182c0: new RaftServerImpl for group-B1EBF62BF7FF:[8019986f-44ef-4884-8de6-df94512182c0:192.168.151.109:33000] with ContainerStateMachine:uninitialized
2019-09-26 20:19:45,319 [pool-27-thread-1] INFO  server.RaftServerConfigKeys (ConfUtils.java:logGet(43)) - raft.server.rpc.timeout.min = 5s (custom)
2019-09-26 20:19:45,322 [pool-27-thread-1] INFO  server.RaftServerConfigKeys (ConfUtils.java:logGet(43)) - raft.server.rpc.timeout.max = 5200ms (custom)
2019-09-26 20:19:45,322 [pool-27-thread-1] INFO  server.RaftServerConfigKeys (ConfUtils.java:logGet(43)) - raft.server.rpcslowness.timeout = 120s (custom)
2019-09-26 20:19:45,322 [pool-27-thread-1] INFO  server.RaftServerConfigKeys (ConfUtils.java:logGet(43)) - raft.server.sleep.deviation.threshold = 300 (default)
2019-09-26 20:19:45,323 [pool-27-thread-1] INFO  server.RaftServerConfigKeys (ConfUtils.java:logGet(43)) - raft.server.log.appender.install.snapshot.enabled = false (custom)
2019-09-26 20:19:45,331 [pool-27-thread-1] INFO  impl.RaftServerImpl (ServerState.java:<init>(103)) - 8019986f-44ef-4884-8de6-df94512182c0@group-B1EBF62BF7FF: ConfigurationManager, init=-1: [8019986f-44ef-4884-8de6-df94512182c0:192.168.151.109:33000], old=null, confs=<EMPTY_MAP>
2019-09-26 20:19:45,331 [pool-27-thread-1] INFO  server.RaftServerConfigKeys (ConfUtils.java:logGet(43)) - raft.server.storage.dir = [/workdir/hadoop-ozone/integration-test/target/test-dir/MiniOzoneClusterImpl-81f3f93b-507a-4e54-bca6-ef1d0617e8f1/datanode-0/data/ratis] (custom)
2019-09-26 20:19:45,338 [pool-27-thread-1] INFO  storage.RaftStorageDirectory (RaftStorageDirectory.java:analyzeStorage(246)) - The storage directory /workdir/hadoop-ozone/integration-test/target/test-dir/MiniOzoneClusterImpl-81f3f93b-507a-4e54-bca6-ef1d0617e8f1/datanode-0/data/ratis/9173db79-f7c0-4175-8545-b1ebf62bf7ff does not exist. Creating ...
2019-09-26 20:19:45,354 [pool-27-thread-1] INFO  storage.RaftStorageDirectory (RaftStorageDirectory.java:tryLock(328)) - Lock on /workdir/hadoop-ozone/integration-test/target/test-dir/MiniOzoneClusterImpl-81f3f93b-507a-4e54-bca6-ef1d0617e8f1/datanode-0/data/ratis/9173db79-f7c0-4175-8545-b1ebf62bf7ff/in_use.lock acquired by nodename 28499@pr-hdds-2162-kpcbn-4093309294
2019-09-26 20:19:45,368 [pool-27-thread-1] INFO  storage.RaftStorage (RaftStorage.java:format(72)) - Storage directory /workdir/hadoop-ozone/integration-test/target/test-dir/MiniOzoneClusterImpl-81f3f93b-507a-4e54-bca6-ef1d0617e8f1/datanode-0/data/ratis/9173db79-f7c0-4175-8545-b1ebf62bf7ff has been successfully formatted.
2019-09-26 20:19:45,370 [pool-27-thread-1] INFO  ratis.ContainerStateMachine (ContainerStateMachine.java:loadSnapshot(230)) - group-B1EBF62BF7FF: The snapshot info is null. Setting the last applied indexto:(t:0, i:~)
2019-09-26 20:19:45,370 [pool-27-thread-1] INFO  server.RaftServerConfigKeys (ConfUtils.java:logGet(43)) - raft.server.notification.no-leader.timeout = 120s (custom)
2019-09-26 20:19:45,372 [pool-27-thread-1] INFO  server.RaftServerConfigKeys (ConfUtils.java:logGet(43)) - raft.server.log.use.memory = false (default)
2019-09-26 20:19:45,376 [pool-27-thread-1] INFO  server.RaftServerConfigKeys (ConfUtils.java:logGet(43)) - raft.server.log.purge.gap = 1000000 (custom)
2019-09-26 20:19:45,376 [pool-27-thread-1] INFO  server.RaftServerConfigKeys (ConfUtils.java:logGet(43)) - raft.server.log.appender.buffer.byte-limit = 33554432 (custom)
2019-09-26 20:19:45,378 [pool-27-thread-1] INFO  server.RaftServerConfigKeys (ConfUtils.java:logGet(43)) - raft.server.log.segment.size.max = 1048576 (custom)
2019-09-26 20:19:45,382 [pool-27-thread-1] INFO  server.RaftServerConfigKeys (ConfUtils.java:logGet(43)) - raft.server.log.segment.cache.num.max = 2 (custom)
2019-09-26 20:19:45,387 [pool-27-thread-1] INFO  segmented.SegmentedRaftLogWorker (SegmentedRaftLogWorker.java:<init>(172)) - new 8019986f-44ef-4884-8de6-df94512182c0@group-B1EBF62BF7FF-SegmentedRaftLogWorker for RaftStorage:Storage Directory /workdir/hadoop-ozone/integration-test/target/test-dir/MiniOzoneClusterImpl-81f3f93b-507a-4e54-bca6-ef1d0617e8f1/datanode-0/data/ratis/9173db79-f7c0-4175-8545-b1ebf62bf7ff
2019-09-26 20:19:45,388 [pool-27-thread-1] INFO  impl.MetricsSystemImpl (MetricsSystemImpl.java:init(158)) - ratis metrics system started (again)
2019-09-26 20:19:45,393 [pool-27-thread-1] INFO  metrics.MetricRegistries (MetricRegistriesLoader.java:load(64)) - Loaded MetricRegistries class org.apache.ratis.metrics.impl.MetricRegistriesImpl
2019-09-26 20:19:45,417 [pool-27-thread-1] INFO  server.RaftServerConfigKeys (ConfUtils.java:logGet(43)) - raft.server.log.queue.byte-limit = 2147483647 (custom)
2019-09-26 20:19:45,417 [pool-27-thread-1] INFO  server.RaftServerConfigKeys (ConfUtils.java:logGet(43)) - raft.server.log.queue.element-limit = 1024 (custom)
2019-09-26 20:19:45,420 [pool-27-thread-1] INFO  server.RaftServerConfigKeys (ConfUtils.java:logGet(43)) - raft.server.log.segment.size.max = 1048576 (custom)
2019-09-26 20:19:45,420 [pool-27-thread-1] INFO  server.RaftServerConfigKeys (ConfUtils.java:logGet(43)) - raft.server.log.preallocated.size = 16384 (custom)
2019-09-26 20:19:45,420 [pool-27-thread-1] INFO  server.RaftServerConfigKeys (ConfUtils.java:logGet(43)) - raft.server.log.write.buffer.size = 33554432 (custom)
2019-09-26 20:19:45,421 [pool-27-thread-1] INFO  server.RaftServerConfigKeys (ConfUtils.java:logGet(43)) - raft.server.log.force.sync.num = 128 (default)
2019-09-26 20:19:45,422 [pool-27-thread-1] INFO  server.RaftServerConfigKeys (ConfUtils.java:logGet(43)) - raft.server.log.statemachine.data.sync = true (default)
2019-09-26 20:19:45,422 [pool-27-thread-1] INFO  server.RaftServerConfigKeys (ConfUtils.java:logGet(43)) - raft.server.log.statemachine.data.sync.timeout = 10s (default)
2019-09-26 20:19:45,422 [pool-27-thread-1] INFO  server.RaftServerConfigKeys (ConfUtils.java:logGet(43)) - raft.server.log.statemachine.data.sync.timeout.retry = -1 (default)
2019-09-26 20:19:45,429 [pool-27-thread-1] INFO  server.RaftServerConfigKeys (ConfUtils.java:logGet(43)) - raft.server.log.statemachine.data.caching.enabled = true (custom)
2019-09-26 20:19:45,433 [pool-27-thread-1] INFO  segmented.SegmentedRaftLogWorker (SegmentedRaftLogWorker.java:lambda$new$0(132)) - 8019986f-44ef-4884-8de6-df94512182c0@group-B1EBF62BF7FF-SegmentedRaftLogWorker: flushIndex: setUnconditionally 0 -> -1
2019-09-26 20:19:45,437 [pool-27-thread-1] INFO  server.RaftServerConfigKeys (ConfUtils.java:logGet(43)) - raft.server.snapshot.auto.trigger.enabled = true (custom)
2019-09-26 20:19:45,437 [pool-27-thread-1] INFO  server.RaftServerConfigKeys (ConfUtils.java:logGet(43)) - raft.server.snapshot.auto.trigger.threshold = 10000 (custom)
2019-09-26 20:19:45,438 [pool-27-thread-1] INFO  server.RaftServerConfigKeys (ConfUtils.java:logGet(43)) - raft.server.snapshot.retention.num.files = 5 (custom)
2019-09-26 20:19:45,438 [pool-27-thread-1] INFO  server.RaftServerConfigKeys (ConfUtils.java:logGet(43)) - raft.server.retrycache.expirytime = 600000ms (custom)
2019-09-26 20:19:45,461 [pool-27-thread-1] INFO  impl.RaftServerImpl (RaftServerImpl.java:start(185)) - 8019986f-44ef-4884-8de6-df94512182c0@group-B1EBF62BF7FF: start as a follower, conf=-1: [8019986f-44ef-4884-8de6-df94512182c0:192.168.151.109:33000], old=null
2019-09-26 20:19:45,462 [pool-27-thread-1] INFO  impl.RaftServerImpl (RaftServerImpl.java:setRole(174)) - 8019986f-44ef-4884-8de6-df94512182c0@group-B1EBF62BF7FF: changes role from      null to FOLLOWER at term 0 for startAsFollower
2019-09-26 20:19:45,463 [pool-27-thread-1] INFO  impl.RoleInfo (RoleInfo.java:updateAndGet(143)) - 8019986f-44ef-4884-8de6-df94512182c0: start FollowerState
2019-09-26 20:19:45,465 [pool-27-thread-1] INFO  util.JmxRegister (JmxRegister.java:tryRegister(44)) - Successfully registered JMX Bean with object name Ratis:service=RaftServer,group=group-B1EBF62BF7FF,id=8019986f-44ef-4884-8de6-df94512182c0
2019-09-26 20:19:45,529 [RatisPipelineUtilsThread] INFO  pipeline.PipelineStateManager (PipelineStateManager.java:addPipeline(56)) - Created pipeline Pipeline[ Id: 9173db79-f7c0-4175-8545-b1ebf62bf7ff, Nodes: 8019986f-44ef-4884-8de6-df94512182c0{ip: 192.168.151.109, host: pr-hdds-2162-kpcbn-4093309294, networkLocation: /default-rack, certSerialId: null}, Type:RATIS, Factor:ONE, State:OPEN]
2019-09-26 20:19:45,554 [grpc-default-executor-0] INFO  impl.RaftServerProxy (RaftServerProxy.java:addNew(89)) - 3425e4bc-5d6a-41bf-abca-b714524a84c8: addNew group-BFE3DC93B48D:[3425e4bc-5d6a-41bf-abca-b714524a84c8:192.168.151.109:32871] returns group-BFE3DC93B48D:java.util.concurrent.CompletableFuture@356a5756[Not completed]
2019-09-26 20:19:45,605 [pool-57-thread-1] INFO  impl.RaftServerImpl (RaftServerImpl.java:<init>(95)) - 3425e4bc-5d6a-41bf-abca-b714524a84c8: new RaftServerImpl for group-BFE3DC93B48D:[3425e4bc-5d6a-41bf-abca-b714524a84c8:192.168.151.109:32871] with ContainerStateMachine:uninitialized
2019-09-26 20:19:45,606 [pool-57-thread-1] INFO  server.RaftServerConfigKeys (ConfUtils.java:logGet(43)) - raft.server.rpc.timeout.min = 5s (custom)
2019-09-26 20:19:45,606 [pool-57-thread-1] INFO  server.RaftServerConfigKeys (ConfUtils.java:logGet(43)) - raft.server.rpc.timeout.max = 5200ms (custom)
2019-09-26 20:19:45,606 [pool-57-thread-1] INFO  server.RaftServerConfigKeys (ConfUtils.java:logGet(43)) - raft.server.rpcslowness.timeout = 120s (custom)
2019-09-26 20:19:45,607 [pool-57-thread-1] INFO  server.RaftServerConfigKeys (ConfUtils.java:logGet(43)) - raft.server.sleep.deviation.threshold = 300 (default)
2019-09-26 20:19:45,607 [pool-57-thread-1] INFO  server.RaftServerConfigKeys (ConfUtils.java:logGet(43)) - raft.server.log.appender.install.snapshot.enabled = false (custom)
2019-09-26 20:19:45,607 [pool-57-thread-1] INFO  impl.RaftServerImpl (ServerState.java:<init>(103)) - 3425e4bc-5d6a-41bf-abca-b714524a84c8@group-BFE3DC93B48D: ConfigurationManager, init=-1: [3425e4bc-5d6a-41bf-abca-b714524a84c8:192.168.151.109:32871], old=null, confs=<EMPTY_MAP>
2019-09-26 20:19:45,607 [pool-57-thread-1] INFO  server.RaftServerConfigKeys (ConfUtils.java:logGet(43)) - raft.server.storage.dir = [/workdir/hadoop-ozone/integration-test/target/test-dir/MiniOzoneClusterImpl-81f3f93b-507a-4e54-bca6-ef1d0617e8f1/datanode-3/data/ratis] (custom)
2019-09-26 20:19:45,607 [pool-57-thread-1] INFO  storage.RaftStorageDirectory (RaftStorageDirectory.java:analyzeStorage(246)) - The storage directory /workdir/hadoop-ozone/integration-test/target/test-dir/MiniOzoneClusterImpl-81f3f93b-507a-4e54-bca6-ef1d0617e8f1/datanode-3/data/ratis/f87bc11b-7543-4eac-ac45-bfe3dc93b48d does not exist. Creating ...
2019-09-26 20:19:45,622 [pool-57-thread-1] INFO  storage.RaftStorageDirectory (RaftStorageDirectory.java:tryLock(328)) - Lock on /workdir/hadoop-ozone/integration-test/target/test-dir/MiniOzoneClusterImpl-81f3f93b-507a-4e54-bca6-ef1d0617e8f1/datanode-3/data/ratis/f87bc11b-7543-4eac-ac45-bfe3dc93b48d/in_use.lock acquired by nodename 28499@pr-hdds-2162-kpcbn-4093309294
2019-09-26 20:19:45,634 [pool-57-thread-1] INFO  storage.RaftStorage (RaftStorage.java:format(72)) - Storage directory /workdir/hadoop-ozone/integration-test/target/test-dir/MiniOzoneClusterImpl-81f3f93b-507a-4e54-bca6-ef1d0617e8f1/datanode-3/data/ratis/f87bc11b-7543-4eac-ac45-bfe3dc93b48d has been successfully formatted.
2019-09-26 20:19:45,636 [pool-57-thread-1] INFO  ratis.ContainerStateMachine (ContainerStateMachine.java:loadSnapshot(230)) - group-BFE3DC93B48D: The snapshot info is null. Setting the last applied indexto:(t:0, i:~)
2019-09-26 20:19:45,638 [pool-57-thread-1] INFO  server.RaftServerConfigKeys (ConfUtils.java:logGet(43)) - raft.server.notification.no-leader.timeout = 120s (custom)
2019-09-26 20:19:45,638 [pool-57-thread-1] INFO  server.RaftServerConfigKeys (ConfUtils.java:logGet(43)) - raft.server.log.use.memory = false (default)
2019-09-26 20:19:45,638 [pool-57-thread-1] INFO  server.RaftServerConfigKeys (ConfUtils.java:logGet(43)) - raft.server.log.purge.gap = 1000000 (custom)
2019-09-26 20:19:45,638 [pool-57-thread-1] INFO  server.RaftServerConfigKeys (ConfUtils.java:logGet(43)) - raft.server.log.appender.buffer.byte-limit = 33554432 (custom)
2019-09-26 20:19:45,638 [pool-57-thread-1] INFO  server.RaftServerConfigKeys (ConfUtils.java:logGet(43)) - raft.server.log.segment.size.max = 1048576 (custom)
2019-09-26 20:19:45,639 [pool-57-thread-1] INFO  server.RaftServerConfigKeys (ConfUtils.java:logGet(43)) - raft.server.log.segment.cache.num.max = 2 (custom)
2019-09-26 20:19:45,639 [pool-57-thread-1] INFO  segmented.SegmentedRaftLogWorker (SegmentedRaftLogWorker.java:<init>(172)) - new 3425e4bc-5d6a-41bf-abca-b714524a84c8@group-BFE3DC93B48D-SegmentedRaftLogWorker for RaftStorage:Storage Directory /workdir/hadoop-ozone/integration-test/target/test-dir/MiniOzoneClusterImpl-81f3f93b-507a-4e54-bca6-ef1d0617e8f1/datanode-3/data/ratis/f87bc11b-7543-4eac-ac45-bfe3dc93b48d
2019-09-26 20:19:45,650 [pool-57-thread-1] INFO  server.RaftServerConfigKeys (ConfUtils.java:logGet(43)) - raft.server.log.queue.byte-limit = 2147483647 (custom)
2019-09-26 20:19:45,651 [pool-57-thread-1] INFO  server.RaftServerConfigKeys (ConfUtils.java:logGet(43)) - raft.server.log.queue.element-limit = 1024 (custom)
2019-09-26 20:19:45,651 [pool-57-thread-1] INFO  server.RaftServerConfigKeys (ConfUtils.java:logGet(43)) - raft.server.log.segment.size.max = 1048576 (custom)
2019-09-26 20:19:45,651 [pool-57-thread-1] INFO  server.RaftServerConfigKeys (ConfUtils.java:logGet(43)) - raft.server.log.preallocated.size = 16384 (custom)
2019-09-26 20:19:45,651 [pool-57-thread-1] INFO  server.RaftServerConfigKeys (ConfUtils.java:logGet(43)) - raft.server.log.write.buffer.size = 33554432 (custom)
2019-09-26 20:19:45,651 [pool-57-thread-1] INFO  server.RaftServerConfigKeys (ConfUtils.java:logGet(43)) - raft.server.log.force.sync.num = 128 (default)
2019-09-26 20:19:45,651 [pool-57-thread-1] INFO  server.RaftServerConfigKeys (ConfUtils.java:logGet(43)) - raft.server.log.statemachine.data.sync = true (default)
2019-09-26 20:19:45,651 [pool-57-thread-1] INFO  server.RaftServerConfigKeys (ConfUtils.java:logGet(43)) - raft.server.log.statemachine.data.sync.timeout = 10s (default)
2019-09-26 20:19:45,652 [pool-57-thread-1] INFO  server.RaftServerConfigKeys (ConfUtils.java:logGet(43)) - raft.server.log.statemachine.data.sync.timeout.retry = -1 (default)
2019-09-26 20:19:45,652 [pool-57-thread-1] INFO  server.RaftServerConfigKeys (ConfUtils.java:logGet(43)) - raft.server.log.statemachine.data.caching.enabled = true (custom)
2019-09-26 20:19:45,652 [pool-57-thread-1] INFO  segmented.SegmentedRaftLogWorker (SegmentedRaftLogWorker.java:lambda$new$0(132)) - 3425e4bc-5d6a-41bf-abca-b714524a84c8@group-BFE3DC93B48D-SegmentedRaftLogWorker: flushIndex: setUnconditionally 0 -> -1
2019-09-26 20:19:45,653 [pool-57-thread-1] INFO  server.RaftServerConfigKeys (ConfUtils.java:logGet(43)) - raft.server.snapshot.auto.trigger.enabled = true (custom)
2019-09-26 20:19:45,653 [pool-57-thread-1] INFO  server.RaftServerConfigKeys (ConfUtils.java:logGet(43)) - raft.server.snapshot.auto.trigger.threshold = 10000 (custom)
2019-09-26 20:19:45,653 [pool-57-thread-1] INFO  server.RaftServerConfigKeys (ConfUtils.java:logGet(43)) - raft.server.snapshot.retention.num.files = 5 (custom)
2019-09-26 20:19:45,653 [pool-57-thread-1] INFO  server.RaftServerConfigKeys (ConfUtils.java:logGet(43)) - raft.server.retrycache.expirytime = 600000ms (custom)
2019-09-26 20:19:45,658 [pool-57-thread-1] INFO  impl.RaftServerImpl (RaftServerImpl.java:start(185)) - 3425e4bc-5d6a-41bf-abca-b714524a84c8@group-BFE3DC93B48D: start as a follower, conf=-1: [3425e4bc-5d6a-41bf-abca-b714524a84c8:192.168.151.109:32871], old=null
2019-09-26 20:19:45,658 [pool-57-thread-1] INFO  impl.RaftServerImpl (RaftServerImpl.java:setRole(174)) - 3425e4bc-5d6a-41bf-abca-b714524a84c8@group-BFE3DC93B48D: changes role from      null to FOLLOWER at term 0 for startAsFollower
2019-09-26 20:19:45,658 [pool-57-thread-1] INFO  impl.RoleInfo (RoleInfo.java:updateAndGet(143)) - 3425e4bc-5d6a-41bf-abca-b714524a84c8: start FollowerState
2019-09-26 20:19:45,659 [pool-57-thread-1] INFO  util.JmxRegister (JmxRegister.java:tryRegister(44)) - Successfully registered JMX Bean with object name Ratis:service=RaftServer,group=group-BFE3DC93B48D,id=3425e4bc-5d6a-41bf-abca-b714524a84c8
2019-09-26 20:19:45,672 [RatisPipelineUtilsThread] INFO  pipeline.PipelineStateManager (PipelineStateManager.java:addPipeline(56)) - Created pipeline Pipeline[ Id: f87bc11b-7543-4eac-ac45-bfe3dc93b48d, Nodes: 3425e4bc-5d6a-41bf-abca-b714524a84c8{ip: 192.168.151.109, host: pr-hdds-2162-kpcbn-4093309294, networkLocation: /default-rack, certSerialId: null}, Type:RATIS, Factor:ONE, State:OPEN]
2019-09-26 20:19:45,693 [grpc-default-executor-0] INFO  impl.RaftServerProxy (RaftServerProxy.java:addNew(89)) - 91aa48ae-f401-469d-b9d7-6f66a673a229: addNew group-A5C649BCAAC1:[91aa48ae-f401-469d-b9d7-6f66a673a229:192.168.151.109:34036] returns group-A5C649BCAAC1:java.util.concurrent.CompletableFuture@16c14866[Not completed]
2019-09-26 20:19:45,728 [pool-107-thread-1] INFO  impl.RaftServerImpl (RaftServerImpl.java:<init>(95)) - 91aa48ae-f401-469d-b9d7-6f66a673a229: new RaftServerImpl for group-A5C649BCAAC1:[91aa48ae-f401-469d-b9d7-6f66a673a229:192.168.151.109:34036] with ContainerStateMachine:uninitialized
2019-09-26 20:19:45,728 [pool-107-thread-1] INFO  server.RaftServerConfigKeys (ConfUtils.java:logGet(43)) - raft.server.rpc.timeout.min = 5s (custom)
2019-09-26 20:19:45,728 [pool-107-thread-1] INFO  server.RaftServerConfigKeys (ConfUtils.java:logGet(43)) - raft.server.rpc.timeout.max = 5200ms (custom)
2019-09-26 20:19:45,728 [pool-107-thread-1] INFO  server.RaftServerConfigKeys (ConfUtils.java:logGet(43)) - raft.server.rpcslowness.timeout = 120s (custom)
2019-09-26 20:19:45,728 [pool-107-thread-1] INFO  server.RaftServerConfigKeys (ConfUtils.java:logGet(43)) - raft.server.sleep.deviation.threshold = 300 (default)
2019-09-26 20:19:45,728 [pool-107-thread-1] INFO  server.RaftServerConfigKeys (ConfUtils.java:logGet(43)) - raft.server.log.appender.install.snapshot.enabled = false (custom)
2019-09-26 20:19:45,729 [pool-107-thread-1] INFO  impl.RaftServerImpl (ServerState.java:<init>(103)) - 91aa48ae-f401-469d-b9d7-6f66a673a229@group-A5C649BCAAC1: ConfigurationManager, init=-1: [91aa48ae-f401-469d-b9d7-6f66a673a229:192.168.151.109:34036], old=null, confs=<EMPTY_MAP>
2019-09-26 20:19:45,729 [pool-107-thread-1] INFO  server.RaftServerConfigKeys (ConfUtils.java:logGet(43)) - raft.server.storage.dir = [/workdir/hadoop-ozone/integration-test/target/test-dir/MiniOzoneClusterImpl-81f3f93b-507a-4e54-bca6-ef1d0617e8f1/datanode-8/data/ratis] (custom)
2019-09-26 20:19:45,729 [pool-107-thread-1] INFO  storage.RaftStorageDirectory (RaftStorageDirectory.java:analyzeStorage(246)) - The storage directory /workdir/hadoop-ozone/integration-test/target/test-dir/MiniOzoneClusterImpl-81f3f93b-507a-4e54-bca6-ef1d0617e8f1/datanode-8/data/ratis/4f234db1-46a2-47f5-91c5-a5c649bcaac1 does not exist. Creating ...
2019-09-26 20:19:45,750 [pool-107-thread-1] INFO  storage.RaftStorageDirectory (RaftStorageDirectory.java:tryLock(328)) - Lock on /workdir/hadoop-ozone/integration-test/target/test-dir/MiniOzoneClusterImpl-81f3f93b-507a-4e54-bca6-ef1d0617e8f1/datanode-8/data/ratis/4f234db1-46a2-47f5-91c5-a5c649bcaac1/in_use.lock acquired by nodename 28499@pr-hdds-2162-kpcbn-4093309294
2019-09-26 20:19:45,762 [pool-107-thread-1] INFO  storage.RaftStorage (RaftStorage.java:format(72)) - Storage directory /workdir/hadoop-ozone/integration-test/target/test-dir/MiniOzoneClusterImpl-81f3f93b-507a-4e54-bca6-ef1d0617e8f1/datanode-8/data/ratis/4f234db1-46a2-47f5-91c5-a5c649bcaac1 has been successfully formatted.
2019-09-26 20:19:45,762 [pool-107-thread-1] INFO  ratis.ContainerStateMachine (ContainerStateMachine.java:loadSnapshot(230)) - group-A5C649BCAAC1: The snapshot info is null. Setting the last applied indexto:(t:0, i:~)
2019-09-26 20:19:45,762 [pool-107-thread-1] INFO  server.RaftServerConfigKeys (ConfUtils.java:logGet(43)) - raft.server.notification.no-leader.timeout = 120s (custom)
2019-09-26 20:19:45,762 [pool-107-thread-1] INFO  server.RaftServerConfigKeys (ConfUtils.java:logGet(43)) - raft.server.log.use.memory = false (default)
2019-09-26 20:19:45,762 [pool-107-thread-1] INFO  server.RaftServerConfigKeys (ConfUtils.java:logGet(43)) - raft.server.log.purge.gap = 1000000 (custom)
2019-09-26 20:19:45,763 [pool-107-thread-1] INFO  server.RaftServerConfigKeys (ConfUtils.java:logGet(43)) - raft.server.log.appender.buffer.byte-limit = 33554432 (custom)
2019-09-26 20:19:45,763 [pool-107-thread-1] INFO  server.RaftServerConfigKeys (ConfUtils.java:logGet(43)) - raft.server.log.segment.size.max = 1048576 (custom)
2019-09-26 20:19:45,763 [pool-107-thread-1] INFO  server.RaftServerConfigKeys (ConfUtils.java:logGet(43)) - raft.server.log.segment.cache.num.max = 2 (custom)
2019-09-26 20:19:45,763 [pool-107-thread-1] INFO  segmented.SegmentedRaftLogWorker (SegmentedRaftLogWorker.java:<init>(172)) - new 91aa48ae-f401-469d-b9d7-6f66a673a229@group-A5C649BCAAC1-SegmentedRaftLogWorker for RaftStorage:Storage Directory /workdir/hadoop-ozone/integration-test/target/test-dir/MiniOzoneClusterImpl-81f3f93b-507a-4e54-bca6-ef1d0617e8f1/datanode-8/data/ratis/4f234db1-46a2-47f5-91c5-a5c649bcaac1
2019-09-26 20:19:45,808 [pool-107-thread-1] INFO  server.RaftServerConfigKeys (ConfUtils.java:logGet(43)) - raft.server.log.queue.byte-limit = 2147483647 (custom)
2019-09-26 20:19:45,808 [pool-107-thread-1] INFO  server.RaftServerConfigKeys (ConfUtils.java:logGet(43)) - raft.server.log.queue.element-limit = 1024 (custom)
2019-09-26 20:19:45,809 [pool-107-thread-1] INFO  server.RaftServerConfigKeys (ConfUtils.java:logGet(43)) - raft.server.log.segment.size.max = 1048576 (custom)
2019-09-26 20:19:45,809 [pool-107-thread-1] INFO  server.RaftServerConfigKeys (ConfUtils.java:logGet(43)) - raft.server.log.preallocated.size = 16384 (custom)
2019-09-26 20:19:45,809 [pool-107-thread-1] INFO  server.RaftServerConfigKeys (ConfUtils.java:logGet(43)) - raft.server.log.write.buffer.size = 33554432 (custom)
2019-09-26 20:19:45,809 [pool-107-thread-1] INFO  server.RaftServerConfigKeys (ConfUtils.java:logGet(43)) - raft.server.log.force.sync.num = 128 (default)
2019-09-26 20:19:45,809 [pool-107-thread-1] INFO  server.RaftServerConfigKeys (ConfUtils.java:logGet(43)) - raft.server.log.statemachine.data.sync = true (default)
2019-09-26 20:19:45,810 [pool-107-thread-1] INFO  server.RaftServerConfigKeys (ConfUtils.java:logGet(43)) - raft.server.log.statemachine.data.sync.timeout = 10s (default)
2019-09-26 20:19:45,810 [pool-107-thread-1] INFO  server.RaftServerConfigKeys (ConfUtils.java:logGet(43)) - raft.server.log.statemachine.data.sync.timeout.retry = -1 (default)
2019-09-26 20:19:45,810 [pool-107-thread-1] INFO  server.RaftServerConfigKeys (ConfUtils.java:logGet(43)) - raft.server.log.statemachine.data.caching.enabled = true (custom)
2019-09-26 20:19:45,811 [pool-107-thread-1] INFO  segmented.SegmentedRaftLogWorker (SegmentedRaftLogWorker.java:lambda$new$0(132)) - 91aa48ae-f401-469d-b9d7-6f66a673a229@group-A5C649BCAAC1-SegmentedRaftLogWorker: flushIndex: setUnconditionally 0 -> -1
2019-09-26 20:19:45,811 [pool-107-thread-1] INFO  server.RaftServerConfigKeys (ConfUtils.java:logGet(43)) - raft.server.snapshot.auto.trigger.enabled = true (custom)
2019-09-26 20:19:45,811 [pool-107-thread-1] INFO  server.RaftServerConfigKeys (ConfUtils.java:logGet(43)) - raft.server.snapshot.auto.trigger.threshold = 10000 (custom)
2019-09-26 20:19:45,812 [pool-107-thread-1] INFO  server.RaftServerConfigKeys (ConfUtils.java:logGet(43)) - raft.server.snapshot.retention.num.files = 5 (custom)
2019-09-26 20:19:45,812 [pool-107-thread-1] INFO  server.RaftServerConfigKeys (ConfUtils.java:logGet(43)) - raft.server.retrycache.expirytime = 600000ms (custom)
2019-09-26 20:19:45,823 [pool-107-thread-1] INFO  impl.RaftServerImpl (RaftServerImpl.java:start(185)) - 91aa48ae-f401-469d-b9d7-6f66a673a229@group-A5C649BCAAC1: start as a follower, conf=-1: [91aa48ae-f401-469d-b9d7-6f66a673a229:192.168.151.109:34036], old=null
2019-09-26 20:19:45,823 [pool-107-thread-1] INFO  impl.RaftServerImpl (RaftServerImpl.java:setRole(174)) - 91aa48ae-f401-469d-b9d7-6f66a673a229@group-A5C649BCAAC1: changes role from      null to FOLLOWER at term 0 for startAsFollower
2019-09-26 20:19:45,824 [pool-107-thread-1] INFO  impl.RoleInfo (RoleInfo.java:updateAndGet(143)) - 91aa48ae-f401-469d-b9d7-6f66a673a229: start FollowerState
2019-09-26 20:19:45,826 [pool-107-thread-1] INFO  util.JmxRegister (JmxRegister.java:tryRegister(44)) - Successfully registered JMX Bean with object name Ratis:service=RaftServer,group=group-A5C649BCAAC1,id=91aa48ae-f401-469d-b9d7-6f66a673a229
2019-09-26 20:19:45,842 [RatisPipelineUtilsThread] INFO  pipeline.PipelineStateManager (PipelineStateManager.java:addPipeline(56)) - Created pipeline Pipeline[ Id: 4f234db1-46a2-47f5-91c5-a5c649bcaac1, Nodes: 91aa48ae-f401-469d-b9d7-6f66a673a229{ip: 192.168.151.109, host: pr-hdds-2162-kpcbn-4093309294, networkLocation: /default-rack, certSerialId: null}, Type:RATIS, Factor:ONE, State:OPEN]
2019-09-26 20:19:45,864 [grpc-default-executor-0] INFO  impl.RaftServerProxy (RaftServerProxy.java:addNew(89)) - dbc4c3a6-ca05-4f67-828a-4e6bc2bd7fa8: addNew group-C4BABAA83289:[dbc4c3a6-ca05-4f67-828a-4e6bc2bd7fa8:192.168.151.109:41384] returns group-C4BABAA83289:java.util.concurrent.CompletableFuture@20397ad9[Not completed]
2019-09-26 20:19:45,869 [pool-67-thread-1] INFO  impl.RaftServerImpl (RaftServerImpl.java:<init>(95)) - dbc4c3a6-ca05-4f67-828a-4e6bc2bd7fa8: new RaftServerImpl for group-C4BABAA83289:[dbc4c3a6-ca05-4f67-828a-4e6bc2bd7fa8:192.168.151.109:41384] with ContainerStateMachine:uninitialized
2019-09-26 20:19:45,869 [pool-67-thread-1] INFO  server.RaftServerConfigKeys (ConfUtils.java:logGet(43)) - raft.server.rpc.timeout.min = 5s (custom)
2019-09-26 20:19:45,869 [pool-67-thread-1] INFO  server.RaftServerConfigKeys (ConfUtils.java:logGet(43)) - raft.server.rpc.timeout.max = 5200ms (custom)
2019-09-26 20:19:45,869 [pool-67-thread-1] INFO  server.RaftServerConfigKeys (ConfUtils.java:logGet(43)) - raft.server.rpcslowness.timeout = 120s (custom)
2019-09-26 20:19:45,870 [pool-67-thread-1] INFO  server.RaftServerConfigKeys (ConfUtils.java:logGet(43)) - raft.server.sleep.deviation.threshold = 300 (default)
2019-09-26 20:19:45,870 [pool-67-thread-1] INFO  server.RaftServerConfigKeys (ConfUtils.java:logGet(43)) - raft.server.log.appender.install.snapshot.enabled = false (custom)
2019-09-26 20:19:45,870 [pool-67-thread-1] INFO  impl.RaftServerImpl (ServerState.java:<init>(103)) - dbc4c3a6-ca05-4f67-828a-4e6bc2bd7fa8@group-C4BABAA83289: ConfigurationManager, init=-1: [dbc4c3a6-ca05-4f67-828a-4e6bc2bd7fa8:192.168.151.109:41384], old=null, confs=<EMPTY_MAP>
2019-09-26 20:19:45,870 [pool-67-thread-1] INFO  server.RaftServerConfigKeys (ConfUtils.java:logGet(43)) - raft.server.storage.dir = [/workdir/hadoop-ozone/integration-test/target/test-dir/MiniOzoneClusterImpl-81f3f93b-507a-4e54-bca6-ef1d0617e8f1/datanode-4/data/ratis] (custom)
2019-09-26 20:19:45,870 [pool-67-thread-1] INFO  storage.RaftStorageDirectory (RaftStorageDirectory.java:analyzeStorage(246)) - The storage directory /workdir/hadoop-ozone/integration-test/target/test-dir/MiniOzoneClusterImpl-81f3f93b-507a-4e54-bca6-ef1d0617e8f1/datanode-4/data/ratis/a1196182-0ead-4afb-ba61-c4babaa83289 does not exist. Creating ...
2019-09-26 20:19:45,881 [pool-67-thread-1] INFO  storage.RaftStorageDirectory (RaftStorageDirectory.java:tryLock(328)) - Lock on /workdir/hadoop-ozone/integration-test/target/test-dir/MiniOzoneClusterImpl-81f3f93b-507a-4e54-bca6-ef1d0617e8f1/datanode-4/data/ratis/a1196182-0ead-4afb-ba61-c4babaa83289/in_use.lock acquired by nodename 28499@pr-hdds-2162-kpcbn-4093309294
2019-09-26 20:19:45,901 [pool-67-thread-1] INFO  storage.RaftStorage (RaftStorage.java:format(72)) - Storage directory /workdir/hadoop-ozone/integration-test/target/test-dir/MiniOzoneClusterImpl-81f3f93b-507a-4e54-bca6-ef1d0617e8f1/datanode-4/data/ratis/a1196182-0ead-4afb-ba61-c4babaa83289 has been successfully formatted.
2019-09-26 20:19:45,902 [pool-67-thread-1] INFO  ratis.ContainerStateMachine (ContainerStateMachine.java:loadSnapshot(230)) - group-C4BABAA83289: The snapshot info is null. Setting the last applied indexto:(t:0, i:~)
2019-09-26 20:19:45,902 [pool-67-thread-1] INFO  server.RaftServerConfigKeys (ConfUtils.java:logGet(43)) - raft.server.notification.no-leader.timeout = 120s (custom)
2019-09-26 20:19:45,902 [pool-67-thread-1] INFO  server.RaftServerConfigKeys (ConfUtils.java:logGet(43)) - raft.server.log.use.memory = false (default)
2019-09-26 20:19:45,902 [pool-67-thread-1] INFO  server.RaftServerConfigKeys (ConfUtils.java:logGet(43)) - raft.server.log.purge.gap = 1000000 (custom)
2019-09-26 20:19:45,902 [pool-67-thread-1] INFO  server.RaftServerConfigKeys (ConfUtils.java:logGet(43)) - raft.server.log.appender.buffer.byte-limit = 33554432 (custom)
2019-09-26 20:19:45,902 [pool-67-thread-1] INFO  server.RaftServerConfigKeys (ConfUtils.java:logGet(43)) - raft.server.log.segment.size.max = 1048576 (custom)
2019-09-26 20:19:45,902 [pool-67-thread-1] INFO  server.RaftServerConfigKeys (ConfUtils.java:logGet(43)) - raft.server.log.segment.cache.num.max = 2 (custom)
2019-09-26 20:19:45,903 [pool-67-thread-1] INFO  segmented.SegmentedRaftLogWorker (SegmentedRaftLogWorker.java:<init>(172)) - new dbc4c3a6-ca05-4f67-828a-4e6bc2bd7fa8@group-C4BABAA83289-SegmentedRaftLogWorker for RaftStorage:Storage Directory /workdir/hadoop-ozone/integration-test/target/test-dir/MiniOzoneClusterImpl-81f3f93b-507a-4e54-bca6-ef1d0617e8f1/datanode-4/data/ratis/a1196182-0ead-4afb-ba61-c4babaa83289
2019-09-26 20:19:45,908 [pool-67-thread-1] INFO  server.RaftServerConfigKeys (ConfUtils.java:logGet(43)) - raft.server.log.queue.byte-limit = 2147483647 (custom)
2019-09-26 20:19:45,908 [pool-67-thread-1] INFO  server.RaftServerConfigKeys (ConfUtils.java:logGet(43)) - raft.server.log.queue.element-limit = 1024 (custom)
2019-09-26 20:19:45,908 [pool-67-thread-1] INFO  server.RaftServerConfigKeys (ConfUtils.java:logGet(43)) - raft.server.log.segment.size.max = 1048576 (custom)
2019-09-26 20:19:45,908 [pool-67-thread-1] INFO  server.RaftServerConfigKeys (ConfUtils.java:logGet(43)) - raft.server.log.preallocated.size = 16384 (custom)
2019-09-26 20:19:45,908 [pool-67-thread-1] INFO  server.RaftServerConfigKeys (ConfUtils.java:logGet(43)) - raft.server.log.write.buffer.size = 33554432 (custom)
2019-09-26 20:19:45,909 [pool-67-thread-1] INFO  server.RaftServerConfigKeys (ConfUtils.java:logGet(43)) - raft.server.log.force.sync.num = 128 (default)
2019-09-26 20:19:45,909 [pool-67-thread-1] INFO  server.RaftServerConfigKeys (ConfUtils.java:logGet(43)) - raft.server.log.statemachine.data.sync = true (default)
2019-09-26 20:19:45,909 [pool-67-thread-1] INFO  server.RaftServerConfigKeys (ConfUtils.java:logGet(43)) - raft.server.log.statemachine.data.sync.timeout = 10s (default)
2019-09-26 20:19:45,909 [pool-67-thread-1] INFO  server.RaftServerConfigKeys (ConfUtils.java:logGet(43)) - raft.server.log.statemachine.data.sync.timeout.retry = -1 (default)
2019-09-26 20:19:45,909 [pool-67-thread-1] INFO  server.RaftServerConfigKeys (ConfUtils.java:logGet(43)) - raft.server.log.statemachine.data.caching.enabled = true (custom)
2019-09-26 20:19:45,909 [pool-67-thread-1] INFO  segmented.SegmentedRaftLogWorker (SegmentedRaftLogWorker.java:lambda$new$0(132)) - dbc4c3a6-ca05-4f67-828a-4e6bc2bd7fa8@group-C4BABAA83289-SegmentedRaftLogWorker: flushIndex: setUnconditionally 0 -> -1
2019-09-26 20:19:45,910 [pool-67-thread-1] INFO  server.RaftServerConfigKeys (ConfUtils.java:logGet(43)) - raft.server.snapshot.auto.trigger.enabled = true (custom)
2019-09-26 20:19:45,910 [pool-67-thread-1] INFO  server.RaftServerConfigKeys (ConfUtils.java:logGet(43)) - raft.server.snapshot.auto.trigger.threshold = 10000 (custom)
2019-09-26 20:19:45,910 [pool-67-thread-1] INFO  server.RaftServerConfigKeys (ConfUtils.java:logGet(43)) - raft.server.snapshot.retention.num.files = 5 (custom)
2019-09-26 20:19:45,910 [pool-67-thread-1] INFO  server.RaftServerConfigKeys (ConfUtils.java:logGet(43)) - raft.server.retrycache.expirytime = 600000ms (custom)
2019-09-26 20:19:45,913 [pool-67-thread-1] INFO  impl.RaftServerImpl (RaftServerImpl.java:start(185)) - dbc4c3a6-ca05-4f67-828a-4e6bc2bd7fa8@group-C4BABAA83289: start as a follower, conf=-1: [dbc4c3a6-ca05-4f67-828a-4e6bc2bd7fa8:192.168.151.109:41384], old=null
2019-09-26 20:19:45,913 [pool-67-thread-1] INFO  impl.RaftServerImpl (RaftServerImpl.java:setRole(174)) - dbc4c3a6-ca05-4f67-828a-4e6bc2bd7fa8@group-C4BABAA83289: changes role from      null to FOLLOWER at term 0 for startAsFollower
2019-09-26 20:19:45,914 [pool-67-thread-1] INFO  impl.RoleInfo (RoleInfo.java:updateAndGet(143)) - dbc4c3a6-ca05-4f67-828a-4e6bc2bd7fa8: start FollowerState
2019-09-26 20:19:45,914 [pool-67-thread-1] INFO  util.JmxRegister (JmxRegister.java:tryRegister(44)) - Successfully registered JMX Bean with object name Ratis:service=RaftServer,group=group-C4BABAA83289,id=dbc4c3a6-ca05-4f67-828a-4e6bc2bd7fa8
2019-09-26 20:19:45,940 [RatisPipelineUtilsThread] INFO  pipeline.PipelineStateManager (PipelineStateManager.java:addPipeline(56)) - Created pipeline Pipeline[ Id: a1196182-0ead-4afb-ba61-c4babaa83289, Nodes: dbc4c3a6-ca05-4f67-828a-4e6bc2bd7fa8{ip: 192.168.151.109, host: pr-hdds-2162-kpcbn-4093309294, networkLocation: /default-rack, certSerialId: null}, Type:RATIS, Factor:ONE, State:OPEN]
2019-09-26 20:19:45,957 [grpc-default-executor-0] INFO  impl.RaftServerProxy (RaftServerProxy.java:addNew(89)) - 9612ee1f-db1c-4468-80df-d82c84da7864: addNew group-C01BD51FA781:[9612ee1f-db1c-4468-80df-d82c84da7864:192.168.151.109:40705] returns group-C01BD51FA781:java.util.concurrent.CompletableFuture@62a4f929[Not completed]
2019-09-26 20:19:45,962 [pool-97-thread-1] INFO  impl.RaftServerImpl (RaftServerImpl.java:<init>(95)) - 9612ee1f-db1c-4468-80df-d82c84da7864: new RaftServerImpl for group-C01BD51FA781:[9612ee1f-db1c-4468-80df-d82c84da7864:192.168.151.109:40705] with ContainerStateMachine:uninitialized
2019-09-26 20:19:45,962 [pool-97-thread-1] INFO  server.RaftServerConfigKeys (ConfUtils.java:logGet(43)) - raft.server.rpc.timeout.min = 5s (custom)
2019-09-26 20:19:45,962 [pool-97-thread-1] INFO  server.RaftServerConfigKeys (ConfUtils.java:logGet(43)) - raft.server.rpc.timeout.max = 5200ms (custom)
2019-09-26 20:19:45,962 [pool-97-thread-1] INFO  server.RaftServerConfigKeys (ConfUtils.java:logGet(43)) - raft.server.rpcslowness.timeout = 120s (custom)
2019-09-26 20:19:45,963 [pool-97-thread-1] INFO  server.RaftServerConfigKeys (ConfUtils.java:logGet(43)) - raft.server.sleep.deviation.threshold = 300 (default)
2019-09-26 20:19:45,963 [pool-97-thread-1] INFO  server.RaftServerConfigKeys (ConfUtils.java:logGet(43)) - raft.server.log.appender.install.snapshot.enabled = false (custom)
2019-09-26 20:19:45,963 [pool-97-thread-1] INFO  impl.RaftServerImpl (ServerState.java:<init>(103)) - 9612ee1f-db1c-4468-80df-d82c84da7864@group-C01BD51FA781: ConfigurationManager, init=-1: [9612ee1f-db1c-4468-80df-d82c84da7864:192.168.151.109:40705], old=null, confs=<EMPTY_MAP>
2019-09-26 20:19:45,963 [pool-97-thread-1] INFO  server.RaftServerConfigKeys (ConfUtils.java:logGet(43)) - raft.server.storage.dir = [/workdir/hadoop-ozone/integration-test/target/test-dir/MiniOzoneClusterImpl-81f3f93b-507a-4e54-bca6-ef1d0617e8f1/datanode-7/data/ratis] (custom)
2019-09-26 20:19:45,963 [pool-97-thread-1] INFO  storage.RaftStorageDirectory (RaftStorageDirectory.java:analyzeStorage(246)) - The storage directory /workdir/hadoop-ozone/integration-test/target/test-dir/MiniOzoneClusterImpl-81f3f93b-507a-4e54-bca6-ef1d0617e8f1/datanode-7/data/ratis/7fd6861d-15c0-4cc7-bb01-c01bd51fa781 does not exist. Creating ...
2019-09-26 20:19:45,976 [pool-97-thread-1] INFO  storage.RaftStorageDirectory (RaftStorageDirectory.java:tryLock(328)) - Lock on /workdir/hadoop-ozone/integration-test/target/test-dir/MiniOzoneClusterImpl-81f3f93b-507a-4e54-bca6-ef1d0617e8f1/datanode-7/data/ratis/7fd6861d-15c0-4cc7-bb01-c01bd51fa781/in_use.lock acquired by nodename 28499@pr-hdds-2162-kpcbn-4093309294
2019-09-26 20:19:45,990 [pool-97-thread-1] INFO  storage.RaftStorage (RaftStorage.java:format(72)) - Storage directory /workdir/hadoop-ozone/integration-test/target/test-dir/MiniOzoneClusterImpl-81f3f93b-507a-4e54-bca6-ef1d0617e8f1/datanode-7/data/ratis/7fd6861d-15c0-4cc7-bb01-c01bd51fa781 has been successfully formatted.
2019-09-26 20:19:45,990 [pool-97-thread-1] INFO  ratis.ContainerStateMachine (ContainerStateMachine.java:loadSnapshot(230)) - group-C01BD51FA781: The snapshot info is null. Setting the last applied indexto:(t:0, i:~)
2019-09-26 20:19:45,991 [pool-97-thread-1] INFO  server.RaftServerConfigKeys (ConfUtils.java:logGet(43)) - raft.server.notification.no-leader.timeout = 120s (custom)
2019-09-26 20:19:45,991 [pool-97-thread-1] INFO  server.RaftServerConfigKeys (ConfUtils.java:logGet(43)) - raft.server.log.use.memory = false (default)
2019-09-26 20:19:45,991 [pool-97-thread-1] INFO  server.RaftServerConfigKeys (ConfUtils.java:logGet(43)) - raft.server.log.purge.gap = 1000000 (custom)
2019-09-26 20:19:45,991 [pool-97-thread-1] INFO  server.RaftServerConfigKeys (ConfUtils.java:logGet(43)) - raft.server.log.appender.buffer.byte-limit = 33554432 (custom)
2019-09-26 20:19:45,991 [pool-97-thread-1] INFO  server.RaftServerConfigKeys (ConfUtils.java:logGet(43)) - raft.server.log.segment.size.max = 1048576 (custom)
2019-09-26 20:19:45,991 [pool-97-thread-1] INFO  server.RaftServerConfigKeys (ConfUtils.java:logGet(43)) - raft.server.log.segment.cache.num.max = 2 (custom)
2019-09-26 20:19:45,992 [pool-97-thread-1] INFO  segmented.SegmentedRaftLogWorker (SegmentedRaftLogWorker.java:<init>(172)) - new 9612ee1f-db1c-4468-80df-d82c84da7864@group-C01BD51FA781-SegmentedRaftLogWorker for RaftStorage:Storage Directory /workdir/hadoop-ozone/integration-test/target/test-dir/MiniOzoneClusterImpl-81f3f93b-507a-4e54-bca6-ef1d0617e8f1/datanode-7/data/ratis/7fd6861d-15c0-4cc7-bb01-c01bd51fa781
2019-09-26 20:19:45,995 [pool-97-thread-1] INFO  server.RaftServerConfigKeys (ConfUtils.java:logGet(43)) - raft.server.log.queue.byte-limit = 2147483647 (custom)
2019-09-26 20:19:45,996 [pool-97-thread-1] INFO  server.RaftServerConfigKeys (ConfUtils.java:logGet(43)) - raft.server.log.queue.element-limit = 1024 (custom)
2019-09-26 20:19:45,996 [pool-97-thread-1] INFO  server.RaftServerConfigKeys (ConfUtils.java:logGet(43)) - raft.server.log.segment.size.max = 1048576 (custom)
2019-09-26 20:19:45,996 [pool-97-thread-1] INFO  server.RaftServerConfigKeys (ConfUtils.java:logGet(43)) - raft.server.log.preallocated.size = 16384 (custom)
2019-09-26 20:19:45,996 [pool-97-thread-1] INFO  server.RaftServerConfigKeys (ConfUtils.java:logGet(43)) - raft.server.log.write.buffer.size = 33554432 (custom)
2019-09-26 20:19:45,996 [pool-97-thread-1] INFO  server.RaftServerConfigKeys (ConfUtils.java:logGet(43)) - raft.server.log.force.sync.num = 128 (default)
2019-09-26 20:19:45,996 [pool-97-thread-1] INFO  server.RaftServerConfigKeys (ConfUtils.java:logGet(43)) - raft.server.log.statemachine.data.sync = true (default)
2019-09-26 20:19:45,997 [pool-97-thread-1] INFO  server.RaftServerConfigKeys (ConfUtils.java:logGet(43)) - raft.server.log.statemachine.data.sync.timeout = 10s (default)
2019-09-26 20:19:45,997 [pool-97-thread-1] INFO  server.RaftServerConfigKeys (ConfUtils.java:logGet(43)) - raft.server.log.statemachine.data.sync.timeout.retry = -1 (default)
2019-09-26 20:19:45,997 [pool-97-thread-1] INFO  server.RaftServerConfigKeys (ConfUtils.java:logGet(43)) - raft.server.log.statemachine.data.caching.enabled = true (custom)
2019-09-26 20:19:45,997 [pool-97-thread-1] INFO  segmented.SegmentedRaftLogWorker (SegmentedRaftLogWorker.java:lambda$new$0(132)) - 9612ee1f-db1c-4468-80df-d82c84da7864@group-C01BD51FA781-SegmentedRaftLogWorker: flushIndex: setUnconditionally 0 -> -1
2019-09-26 20:19:45,998 [pool-97-thread-1] INFO  server.RaftServerConfigKeys (ConfUtils.java:logGet(43)) - raft.server.snapshot.auto.trigger.enabled = true (custom)
2019-09-26 20:19:45,998 [pool-97-thread-1] INFO  server.RaftServerConfigKeys (ConfUtils.java:logGet(43)) - raft.server.snapshot.auto.trigger.threshold = 10000 (custom)
2019-09-26 20:19:45,998 [pool-97-thread-1] INFO  server.RaftServerConfigKeys (ConfUtils.java:logGet(43)) - raft.server.snapshot.retention.num.files = 5 (custom)
2019-09-26 20:19:45,998 [pool-97-thread-1] INFO  server.RaftServerConfigKeys (ConfUtils.java:logGet(43)) - raft.server.retrycache.expirytime = 600000ms (custom)
2019-09-26 20:19:46,002 [pool-97-thread-1] INFO  impl.RaftServerImpl (RaftServerImpl.java:start(185)) - 9612ee1f-db1c-4468-80df-d82c84da7864@group-C01BD51FA781: start as a follower, conf=-1: [9612ee1f-db1c-4468-80df-d82c84da7864:192.168.151.109:40705], old=null
2019-09-26 20:19:46,002 [pool-97-thread-1] INFO  impl.RaftServerImpl (RaftServerImpl.java:setRole(174)) - 9612ee1f-db1c-4468-80df-d82c84da7864@group-C01BD51FA781: changes role from      null to FOLLOWER at term 0 for startAsFollower
2019-09-26 20:19:46,002 [pool-97-thread-1] INFO  impl.RoleInfo (RoleInfo.java:updateAndGet(143)) - 9612ee1f-db1c-4468-80df-d82c84da7864: start FollowerState
2019-09-26 20:19:46,002 [pool-97-thread-1] INFO  util.JmxRegister (JmxRegister.java:tryRegister(44)) - Successfully registered JMX Bean with object name Ratis:service=RaftServer,group=group-C01BD51FA781,id=9612ee1f-db1c-4468-80df-d82c84da7864
2019-09-26 20:19:46,013 [RatisPipelineUtilsThread] INFO  pipeline.PipelineStateManager (PipelineStateManager.java:addPipeline(56)) - Created pipeline Pipeline[ Id: 7fd6861d-15c0-4cc7-bb01-c01bd51fa781, Nodes: 9612ee1f-db1c-4468-80df-d82c84da7864{ip: 192.168.151.109, host: pr-hdds-2162-kpcbn-4093309294, networkLocation: /default-rack, certSerialId: null}, Type:RATIS, Factor:ONE, State:OPEN]
2019-09-26 20:19:46,028 [grpc-default-executor-0] INFO  impl.RaftServerProxy (RaftServerProxy.java:addNew(89)) - 16e8d13d-af64-4d88-a085-bc010d485d30: addNew group-10EA13910B6B:[16e8d13d-af64-4d88-a085-bc010d485d30:192.168.151.109:46318] returns group-10EA13910B6B:java.util.concurrent.CompletableFuture@2bba7c64[Not completed]
2019-09-26 20:19:46,033 [pool-117-thread-1] INFO  impl.RaftServerImpl (RaftServerImpl.java:<init>(95)) - 16e8d13d-af64-4d88-a085-bc010d485d30: new RaftServerImpl for group-10EA13910B6B:[16e8d13d-af64-4d88-a085-bc010d485d30:192.168.151.109:46318] with ContainerStateMachine:uninitialized
2019-09-26 20:19:46,033 [pool-117-thread-1] INFO  server.RaftServerConfigKeys (ConfUtils.java:logGet(43)) - raft.server.rpc.timeout.min = 5s (custom)
2019-09-26 20:19:46,033 [pool-117-thread-1] INFO  server.RaftServerConfigKeys (ConfUtils.java:logGet(43)) - raft.server.rpc.timeout.max = 5200ms (custom)
2019-09-26 20:19:46,033 [pool-117-thread-1] INFO  server.RaftServerConfigKeys (ConfUtils.java:logGet(43)) - raft.server.rpcslowness.timeout = 120s (custom)
2019-09-26 20:19:46,033 [pool-117-thread-1] INFO  server.RaftServerConfigKeys (ConfUtils.java:logGet(43)) - raft.server.sleep.deviation.threshold = 300 (default)
2019-09-26 20:19:46,033 [pool-117-thread-1] INFO  server.RaftServerConfigKeys (ConfUtils.java:logGet(43)) - raft.server.log.appender.install.snapshot.enabled = false (custom)
2019-09-26 20:19:46,033 [pool-117-thread-1] INFO  impl.RaftServerImpl (ServerState.java:<init>(103)) - 16e8d13d-af64-4d88-a085-bc010d485d30@group-10EA13910B6B: ConfigurationManager, init=-1: [16e8d13d-af64-4d88-a085-bc010d485d30:192.168.151.109:46318], old=null, confs=<EMPTY_MAP>
2019-09-26 20:19:46,034 [pool-117-thread-1] INFO  server.RaftServerConfigKeys (ConfUtils.java:logGet(43)) - raft.server.storage.dir = [/workdir/hadoop-ozone/integration-test/target/test-dir/MiniOzoneClusterImpl-81f3f93b-507a-4e54-bca6-ef1d0617e8f1/datanode-9/data/ratis] (custom)
2019-09-26 20:19:46,034 [pool-117-thread-1] INFO  storage.RaftStorageDirectory (RaftStorageDirectory.java:analyzeStorage(246)) - The storage directory /workdir/hadoop-ozone/integration-test/target/test-dir/MiniOzoneClusterImpl-81f3f93b-507a-4e54-bca6-ef1d0617e8f1/datanode-9/data/ratis/740520d7-be41-4607-bc55-10ea13910b6b does not exist. Creating ...
2019-09-26 20:19:46,047 [pool-117-thread-1] INFO  storage.RaftStorageDirectory (RaftStorageDirectory.java:tryLock(328)) - Lock on /workdir/hadoop-ozone/integration-test/target/test-dir/MiniOzoneClusterImpl-81f3f93b-507a-4e54-bca6-ef1d0617e8f1/datanode-9/data/ratis/740520d7-be41-4607-bc55-10ea13910b6b/in_use.lock acquired by nodename 28499@pr-hdds-2162-kpcbn-4093309294
2019-09-26 20:19:46,060 [pool-117-thread-1] INFO  storage.RaftStorage (RaftStorage.java:format(72)) - Storage directory /workdir/hadoop-ozone/integration-test/target/test-dir/MiniOzoneClusterImpl-81f3f93b-507a-4e54-bca6-ef1d0617e8f1/datanode-9/data/ratis/740520d7-be41-4607-bc55-10ea13910b6b has been successfully formatted.
2019-09-26 20:19:46,060 [pool-117-thread-1] INFO  ratis.ContainerStateMachine (ContainerStateMachine.java:loadSnapshot(230)) - group-10EA13910B6B: The snapshot info is null. Setting the last applied indexto:(t:0, i:~)
2019-09-26 20:19:46,060 [pool-117-thread-1] INFO  server.RaftServerConfigKeys (ConfUtils.java:logGet(43)) - raft.server.notification.no-leader.timeout = 120s (custom)
2019-09-26 20:19:46,061 [pool-117-thread-1] INFO  server.RaftServerConfigKeys (ConfUtils.java:logGet(43)) - raft.server.log.use.memory = false (default)
2019-09-26 20:19:46,061 [pool-117-thread-1] INFO  server.RaftServerConfigKeys (ConfUtils.java:logGet(43)) - raft.server.log.purge.gap = 1000000 (custom)
2019-09-26 20:19:46,061 [pool-117-thread-1] INFO  server.RaftServerConfigKeys (ConfUtils.java:logGet(43)) - raft.server.log.appender.buffer.byte-limit = 33554432 (custom)
2019-09-26 20:19:46,061 [pool-117-thread-1] INFO  server.RaftServerConfigKeys (ConfUtils.java:logGet(43)) - raft.server.log.segment.size.max = 1048576 (custom)
2019-09-26 20:19:46,061 [pool-117-thread-1] INFO  server.RaftServerConfigKeys (ConfUtils.java:logGet(43)) - raft.server.log.segment.cache.num.max = 2 (custom)
2019-09-26 20:19:46,061 [pool-117-thread-1] INFO  segmented.SegmentedRaftLogWorker (SegmentedRaftLogWorker.java:<init>(172)) - new 16e8d13d-af64-4d88-a085-bc010d485d30@group-10EA13910B6B-SegmentedRaftLogWorker for RaftStorage:Storage Directory /workdir/hadoop-ozone/integration-test/target/test-dir/MiniOzoneClusterImpl-81f3f93b-507a-4e54-bca6-ef1d0617e8f1/datanode-9/data/ratis/740520d7-be41-4607-bc55-10ea13910b6b
2019-09-26 20:19:46,065 [pool-117-thread-1] INFO  server.RaftServerConfigKeys (ConfUtils.java:logGet(43)) - raft.server.log.queue.byte-limit = 2147483647 (custom)
2019-09-26 20:19:46,065 [pool-117-thread-1] INFO  server.RaftServerConfigKeys (ConfUtils.java:logGet(43)) - raft.server.log.queue.element-limit = 1024 (custom)
2019-09-26 20:19:46,065 [pool-117-thread-1] INFO  server.RaftServerConfigKeys (ConfUtils.java:logGet(43)) - raft.server.log.segment.size.max = 1048576 (custom)
2019-09-26 20:19:46,065 [pool-117-thread-1] INFO  server.RaftServerConfigKeys (ConfUtils.java:logGet(43)) - raft.server.log.preallocated.size = 16384 (custom)
2019-09-26 20:19:46,065 [pool-117-thread-1] INFO  server.RaftServerConfigKeys (ConfUtils.java:logGet(43)) - raft.server.log.write.buffer.size = 33554432 (custom)
2019-09-26 20:19:46,065 [pool-117-thread-1] INFO  server.RaftServerConfigKeys (ConfUtils.java:logGet(43)) - raft.server.log.force.sync.num = 128 (default)
2019-09-26 20:19:46,065 [pool-117-thread-1] INFO  server.RaftServerConfigKeys (ConfUtils.java:logGet(43)) - raft.server.log.statemachine.data.sync = true (default)
2019-09-26 20:19:46,066 [pool-117-thread-1] INFO  server.RaftServerConfigKeys (ConfUtils.java:logGet(43)) - raft.server.log.statemachine.data.sync.timeout = 10s (default)
2019-09-26 20:19:46,066 [pool-117-thread-1] INFO  server.RaftServerConfigKeys (ConfUtils.java:logGet(43)) - raft.server.log.statemachine.data.sync.timeout.retry = -1 (default)
2019-09-26 20:19:46,066 [pool-117-thread-1] INFO  server.RaftServerConfigKeys (ConfUtils.java:logGet(43)) - raft.server.log.statemachine.data.caching.enabled = true (custom)
2019-09-26 20:19:46,066 [pool-117-thread-1] INFO  segmented.SegmentedRaftLogWorker (SegmentedRaftLogWorker.java:lambda$new$0(132)) - 16e8d13d-af64-4d88-a085-bc010d485d30@group-10EA13910B6B-SegmentedRaftLogWorker: flushIndex: setUnconditionally 0 -> -1
2019-09-26 20:19:46,067 [pool-117-thread-1] INFO  server.RaftServerConfigKeys (ConfUtils.java:logGet(43)) - raft.server.snapshot.auto.trigger.enabled = true (custom)
2019-09-26 20:19:46,067 [pool-117-thread-1] INFO  server.RaftServerConfigKeys (ConfUtils.java:logGet(43)) - raft.server.snapshot.auto.trigger.threshold = 10000 (custom)
2019-09-26 20:19:46,067 [pool-117-thread-1] INFO  server.RaftServerConfigKeys (ConfUtils.java:logGet(43)) - raft.server.snapshot.retention.num.files = 5 (custom)
2019-09-26 20:19:46,067 [pool-117-thread-1] INFO  server.RaftServerConfigKeys (ConfUtils.java:logGet(43)) - raft.server.retrycache.expirytime = 600000ms (custom)
2019-09-26 20:19:46,070 [pool-117-thread-1] INFO  impl.RaftServerImpl (RaftServerImpl.java:start(185)) - 16e8d13d-af64-4d88-a085-bc010d485d30@group-10EA13910B6B: start as a follower, conf=-1: [16e8d13d-af64-4d88-a085-bc010d485d30:192.168.151.109:46318], old=null
2019-09-26 20:19:46,070 [pool-117-thread-1] INFO  impl.RaftServerImpl (RaftServerImpl.java:setRole(174)) - 16e8d13d-af64-4d88-a085-bc010d485d30@group-10EA13910B6B: changes role from      null to FOLLOWER at term 0 for startAsFollower
2019-09-26 20:19:46,071 [pool-117-thread-1] INFO  impl.RoleInfo (RoleInfo.java:updateAndGet(143)) - 16e8d13d-af64-4d88-a085-bc010d485d30: start FollowerState
2019-09-26 20:19:46,071 [pool-117-thread-1] INFO  util.JmxRegister (JmxRegister.java:tryRegister(44)) - Successfully registered JMX Bean with object name Ratis:service=RaftServer,group=group-10EA13910B6B,id=16e8d13d-af64-4d88-a085-bc010d485d30
2019-09-26 20:19:46,084 [RatisPipelineUtilsThread] INFO  pipeline.PipelineStateManager (PipelineStateManager.java:addPipeline(56)) - Created pipeline Pipeline[ Id: 740520d7-be41-4607-bc55-10ea13910b6b, Nodes: 16e8d13d-af64-4d88-a085-bc010d485d30{ip: 192.168.151.109, host: pr-hdds-2162-kpcbn-4093309294, networkLocation: /default-rack, certSerialId: null}, Type:RATIS, Factor:ONE, State:OPEN]
2019-09-26 20:19:46,100 [grpc-default-executor-0] INFO  impl.RaftServerProxy (RaftServerProxy.java:addNew(89)) - 56e6df74-335e-4e8f-9034-f9391d4bf622: addNew group-A82F8639F2F4:[56e6df74-335e-4e8f-9034-f9391d4bf622:192.168.151.109:35113] returns group-A82F8639F2F4:java.util.concurrent.CompletableFuture@66b892f2[Not completed]
2019-09-26 20:19:46,106 [pool-87-thread-1] INFO  impl.RaftServerImpl (RaftServerImpl.java:<init>(95)) - 56e6df74-335e-4e8f-9034-f9391d4bf622: new RaftServerImpl for group-A82F8639F2F4:[56e6df74-335e-4e8f-9034-f9391d4bf622:192.168.151.109:35113] with ContainerStateMachine:uninitialized
2019-09-26 20:19:46,107 [pool-87-thread-1] INFO  server.RaftServerConfigKeys (ConfUtils.java:logGet(43)) - raft.server.rpc.timeout.min = 5s (custom)
2019-09-26 20:19:46,107 [pool-87-thread-1] INFO  server.RaftServerConfigKeys (ConfUtils.java:logGet(43)) - raft.server.rpc.timeout.max = 5200ms (custom)
2019-09-26 20:19:46,107 [pool-87-thread-1] INFO  server.RaftServerConfigKeys (ConfUtils.java:logGet(43)) - raft.server.rpcslowness.timeout = 120s (custom)
2019-09-26 20:19:46,107 [pool-87-thread-1] INFO  server.RaftServerConfigKeys (ConfUtils.java:logGet(43)) - raft.server.sleep.deviation.threshold = 300 (default)
2019-09-26 20:19:46,107 [pool-87-thread-1] INFO  server.RaftServerConfigKeys (ConfUtils.java:logGet(43)) - raft.server.log.appender.install.snapshot.enabled = false (custom)
2019-09-26 20:19:46,108 [pool-87-thread-1] INFO  impl.RaftServerImpl (ServerState.java:<init>(103)) - 56e6df74-335e-4e8f-9034-f9391d4bf622@group-A82F8639F2F4: ConfigurationManager, init=-1: [56e6df74-335e-4e8f-9034-f9391d4bf622:192.168.151.109:35113], old=null, confs=<EMPTY_MAP>
2019-09-26 20:19:46,108 [pool-87-thread-1] INFO  server.RaftServerConfigKeys (ConfUtils.java:logGet(43)) - raft.server.storage.dir = [/workdir/hadoop-ozone/integration-test/target/test-dir/MiniOzoneClusterImpl-81f3f93b-507a-4e54-bca6-ef1d0617e8f1/datanode-6/data/ratis] (custom)
2019-09-26 20:19:46,108 [pool-87-thread-1] INFO  storage.RaftStorageDirectory (RaftStorageDirectory.java:analyzeStorage(246)) - The storage directory /workdir/hadoop-ozone/integration-test/target/test-dir/MiniOzoneClusterImpl-81f3f93b-507a-4e54-bca6-ef1d0617e8f1/datanode-6/data/ratis/221ab569-00d4-4c18-8ed2-a82f8639f2f4 does not exist. Creating ...
2019-09-26 20:19:46,121 [pool-87-thread-1] INFO  storage.RaftStorageDirectory (RaftStorageDirectory.java:tryLock(328)) - Lock on /workdir/hadoop-ozone/integration-test/target/test-dir/MiniOzoneClusterImpl-81f3f93b-507a-4e54-bca6-ef1d0617e8f1/datanode-6/data/ratis/221ab569-00d4-4c18-8ed2-a82f8639f2f4/in_use.lock acquired by nodename 28499@pr-hdds-2162-kpcbn-4093309294
2019-09-26 20:19:46,134 [pool-87-thread-1] INFO  storage.RaftStorage (RaftStorage.java:format(72)) - Storage directory /workdir/hadoop-ozone/integration-test/target/test-dir/MiniOzoneClusterImpl-81f3f93b-507a-4e54-bca6-ef1d0617e8f1/datanode-6/data/ratis/221ab569-00d4-4c18-8ed2-a82f8639f2f4 has been successfully formatted.
2019-09-26 20:19:46,135 [pool-87-thread-1] INFO  ratis.ContainerStateMachine (ContainerStateMachine.java:loadSnapshot(230)) - group-A82F8639F2F4: The snapshot info is null. Setting the last applied indexto:(t:0, i:~)
2019-09-26 20:19:46,135 [pool-87-thread-1] INFO  server.RaftServerConfigKeys (ConfUtils.java:logGet(43)) - raft.server.notification.no-leader.timeout = 120s (custom)
2019-09-26 20:19:46,135 [pool-87-thread-1] INFO  server.RaftServerConfigKeys (ConfUtils.java:logGet(43)) - raft.server.log.use.memory = false (default)
2019-09-26 20:19:46,135 [pool-87-thread-1] INFO  server.RaftServerConfigKeys (ConfUtils.java:logGet(43)) - raft.server.log.purge.gap = 1000000 (custom)
2019-09-26 20:19:46,135 [pool-87-thread-1] INFO  server.RaftServerConfigKeys (ConfUtils.java:logGet(43)) - raft.server.log.appender.buffer.byte-limit = 33554432 (custom)
2019-09-26 20:19:46,135 [pool-87-thread-1] INFO  server.RaftServerConfigKeys (ConfUtils.java:logGet(43)) - raft.server.log.segment.size.max = 1048576 (custom)
2019-09-26 20:19:46,136 [pool-87-thread-1] INFO  server.RaftServerConfigKeys (ConfUtils.java:logGet(43)) - raft.server.log.segment.cache.num.max = 2 (custom)
2019-09-26 20:19:46,136 [pool-87-thread-1] INFO  segmented.SegmentedRaftLogWorker (SegmentedRaftLogWorker.java:<init>(172)) - new 56e6df74-335e-4e8f-9034-f9391d4bf622@group-A82F8639F2F4-SegmentedRaftLogWorker for RaftStorage:Storage Directory /workdir/hadoop-ozone/integration-test/target/test-dir/MiniOzoneClusterImpl-81f3f93b-507a-4e54-bca6-ef1d0617e8f1/datanode-6/data/ratis/221ab569-00d4-4c18-8ed2-a82f8639f2f4
2019-09-26 20:19:46,138 [pool-87-thread-1] INFO  server.RaftServerConfigKeys (ConfUtils.java:logGet(43)) - raft.server.log.queue.byte-limit = 2147483647 (custom)
2019-09-26 20:19:46,139 [pool-87-thread-1] INFO  server.RaftServerConfigKeys (ConfUtils.java:logGet(43)) - raft.server.log.queue.element-limit = 1024 (custom)
2019-09-26 20:19:46,139 [pool-87-thread-1] INFO  server.RaftServerConfigKeys (ConfUtils.java:logGet(43)) - raft.server.log.segment.size.max = 1048576 (custom)
2019-09-26 20:19:46,139 [pool-87-thread-1] INFO  server.RaftServerConfigKeys (ConfUtils.java:logGet(43)) - raft.server.log.preallocated.size = 16384 (custom)
2019-09-26 20:19:46,139 [pool-87-thread-1] INFO  server.RaftServerConfigKeys (ConfUtils.java:logGet(43)) - raft.server.log.write.buffer.size = 33554432 (custom)
2019-09-26 20:19:46,139 [pool-87-thread-1] INFO  server.RaftServerConfigKeys (ConfUtils.java:logGet(43)) - raft.server.log.force.sync.num = 128 (default)
2019-09-26 20:19:46,139 [pool-87-thread-1] INFO  server.RaftServerConfigKeys (ConfUtils.java:logGet(43)) - raft.server.log.statemachine.data.sync = true (default)
2019-09-26 20:19:46,140 [pool-87-thread-1] INFO  server.RaftServerConfigKeys (ConfUtils.java:logGet(43)) - raft.server.log.statemachine.data.sync.timeout = 10s (default)
2019-09-26 20:19:46,140 [pool-87-thread-1] INFO  server.RaftServerConfigKeys (ConfUtils.java:logGet(43)) - raft.server.log.statemachine.data.sync.timeout.retry = -1 (default)
2019-09-26 20:19:46,140 [pool-87-thread-1] INFO  server.RaftServerConfigKeys (ConfUtils.java:logGet(43)) - raft.server.log.statemachine.data.caching.enabled = true (custom)
2019-09-26 20:19:46,140 [pool-87-thread-1] INFO  segmented.SegmentedRaftLogWorker (SegmentedRaftLogWorker.java:lambda$new$0(132)) - 56e6df74-335e-4e8f-9034-f9391d4bf622@group-A82F8639F2F4-SegmentedRaftLogWorker: flushIndex: setUnconditionally 0 -> -1
2019-09-26 20:19:46,141 [pool-87-thread-1] INFO  server.RaftServerConfigKeys (ConfUtils.java:logGet(43)) - raft.server.snapshot.auto.trigger.enabled = true (custom)
2019-09-26 20:19:46,141 [pool-87-thread-1] INFO  server.RaftServerConfigKeys (ConfUtils.java:logGet(43)) - raft.server.snapshot.auto.trigger.threshold = 10000 (custom)
2019-09-26 20:19:46,141 [pool-87-thread-1] INFO  server.RaftServerConfigKeys (ConfUtils.java:logGet(43)) - raft.server.snapshot.retention.num.files = 5 (custom)
2019-09-26 20:19:46,141 [pool-87-thread-1] INFO  server.RaftServerConfigKeys (ConfUtils.java:logGet(43)) - raft.server.retrycache.expirytime = 600000ms (custom)
2019-09-26 20:19:46,144 [pool-87-thread-1] INFO  impl.RaftServerImpl (RaftServerImpl.java:start(185)) - 56e6df74-335e-4e8f-9034-f9391d4bf622@group-A82F8639F2F4: start as a follower, conf=-1: [56e6df74-335e-4e8f-9034-f9391d4bf622:192.168.151.109:35113], old=null
2019-09-26 20:19:46,144 [pool-87-thread-1] INFO  impl.RaftServerImpl (RaftServerImpl.java:setRole(174)) - 56e6df74-335e-4e8f-9034-f9391d4bf622@group-A82F8639F2F4: changes role from      null to FOLLOWER at term 0 for startAsFollower
2019-09-26 20:19:46,144 [pool-87-thread-1] INFO  impl.RoleInfo (RoleInfo.java:updateAndGet(143)) - 56e6df74-335e-4e8f-9034-f9391d4bf622: start FollowerState
2019-09-26 20:19:46,144 [pool-87-thread-1] INFO  util.JmxRegister (JmxRegister.java:tryRegister(44)) - Successfully registered JMX Bean with object name Ratis:service=RaftServer,group=group-A82F8639F2F4,id=56e6df74-335e-4e8f-9034-f9391d4bf622
2019-09-26 20:19:46,168 [RatisPipelineUtilsThread] INFO  pipeline.PipelineStateManager (PipelineStateManager.java:addPipeline(56)) - Created pipeline Pipeline[ Id: 221ab569-00d4-4c18-8ed2-a82f8639f2f4, Nodes: 56e6df74-335e-4e8f-9034-f9391d4bf622{ip: 192.168.151.109, host: pr-hdds-2162-kpcbn-4093309294, networkLocation: /default-rack, certSerialId: null}, Type:RATIS, Factor:ONE, State:OPEN]
2019-09-26 20:19:46,186 [grpc-default-executor-0] INFO  impl.RaftServerProxy (RaftServerProxy.java:addNew(89)) - 54d75f05-459a-41f1-a160-6bbdb25ca921: addNew group-2B58C598D7A4:[54d75f05-459a-41f1-a160-6bbdb25ca921:192.168.151.109:45423] returns group-2B58C598D7A4:java.util.concurrent.CompletableFuture@753053bc[Not completed]
2019-09-26 20:19:46,192 [pool-77-thread-1] INFO  impl.RaftServerImpl (RaftServerImpl.java:<init>(95)) - 54d75f05-459a-41f1-a160-6bbdb25ca921: new RaftServerImpl for group-2B58C598D7A4:[54d75f05-459a-41f1-a160-6bbdb25ca921:192.168.151.109:45423] with ContainerStateMachine:uninitialized
2019-09-26 20:19:46,192 [pool-77-thread-1] INFO  server.RaftServerConfigKeys (ConfUtils.java:logGet(43)) - raft.server.rpc.timeout.min = 5s (custom)
2019-09-26 20:19:46,192 [pool-77-thread-1] INFO  server.RaftServerConfigKeys (ConfUtils.java:logGet(43)) - raft.server.rpc.timeout.max = 5200ms (custom)
2019-09-26 20:19:46,192 [pool-77-thread-1] INFO  server.RaftServerConfigKeys (ConfUtils.java:logGet(43)) - raft.server.rpcslowness.timeout = 120s (custom)
2019-09-26 20:19:46,193 [pool-77-thread-1] INFO  server.RaftServerConfigKeys (ConfUtils.java:logGet(43)) - raft.server.sleep.deviation.threshold = 300 (default)
2019-09-26 20:19:46,193 [pool-77-thread-1] INFO  server.RaftServerConfigKeys (ConfUtils.java:logGet(43)) - raft.server.log.appender.install.snapshot.enabled = false (custom)
2019-09-26 20:19:46,193 [pool-77-thread-1] INFO  impl.RaftServerImpl (ServerState.java:<init>(103)) - 54d75f05-459a-41f1-a160-6bbdb25ca921@group-2B58C598D7A4: ConfigurationManager, init=-1: [54d75f05-459a-41f1-a160-6bbdb25ca921:192.168.151.109:45423], old=null, confs=<EMPTY_MAP>
2019-09-26 20:19:46,193 [pool-77-thread-1] INFO  server.RaftServerConfigKeys (ConfUtils.java:logGet(43)) - raft.server.storage.dir = [/workdir/hadoop-ozone/integration-test/target/test-dir/MiniOzoneClusterImpl-81f3f93b-507a-4e54-bca6-ef1d0617e8f1/datanode-5/data/ratis] (custom)
2019-09-26 20:19:46,194 [pool-77-thread-1] INFO  storage.RaftStorageDirectory (RaftStorageDirectory.java:analyzeStorage(246)) - The storage directory /workdir/hadoop-ozone/integration-test/target/test-dir/MiniOzoneClusterImpl-81f3f93b-507a-4e54-bca6-ef1d0617e8f1/datanode-5/data/ratis/80208b83-ed5a-4506-ad9d-2b58c598d7a4 does not exist. Creating ...
2019-09-26 20:19:46,207 [pool-77-thread-1] INFO  storage.RaftStorageDirectory (RaftStorageDirectory.java:tryLock(328)) - Lock on /workdir/hadoop-ozone/integration-test/target/test-dir/MiniOzoneClusterImpl-81f3f93b-507a-4e54-bca6-ef1d0617e8f1/datanode-5/data/ratis/80208b83-ed5a-4506-ad9d-2b58c598d7a4/in_use.lock acquired by nodename 28499@pr-hdds-2162-kpcbn-4093309294
2019-09-26 20:19:46,220 [pool-77-thread-1] INFO  storage.RaftStorage (RaftStorage.java:format(72)) - Storage directory /workdir/hadoop-ozone/integration-test/target/test-dir/MiniOzoneClusterImpl-81f3f93b-507a-4e54-bca6-ef1d0617e8f1/datanode-5/data/ratis/80208b83-ed5a-4506-ad9d-2b58c598d7a4 has been successfully formatted.
2019-09-26 20:19:46,220 [pool-77-thread-1] INFO  ratis.ContainerStateMachine (ContainerStateMachine.java:loadSnapshot(230)) - group-2B58C598D7A4: The snapshot info is null. Setting the last applied indexto:(t:0, i:~)
2019-09-26 20:19:46,220 [pool-77-thread-1] INFO  server.RaftServerConfigKeys (ConfUtils.java:logGet(43)) - raft.server.notification.no-leader.timeout = 120s (custom)
2019-09-26 20:19:46,220 [pool-77-thread-1] INFO  server.RaftServerConfigKeys (ConfUtils.java:logGet(43)) - raft.server.log.use.memory = false (default)
2019-09-26 20:19:46,221 [pool-77-thread-1] INFO  server.RaftServerConfigKeys (ConfUtils.java:logGet(43)) - raft.server.log.purge.gap = 1000000 (custom)
2019-09-26 20:19:46,221 [pool-77-thread-1] INFO  server.RaftServerConfigKeys (ConfUtils.java:logGet(43)) - raft.server.log.appender.buffer.byte-limit = 33554432 (custom)
2019-09-26 20:19:46,221 [pool-77-thread-1] INFO  server.RaftServerConfigKeys (ConfUtils.java:logGet(43)) - raft.server.log.segment.size.max = 1048576 (custom)
2019-09-26 20:19:46,221 [pool-77-thread-1] INFO  server.RaftServerConfigKeys (ConfUtils.java:logGet(43)) - raft.server.log.segment.cache.num.max = 2 (custom)
2019-09-26 20:19:46,221 [pool-77-thread-1] INFO  segmented.SegmentedRaftLogWorker (SegmentedRaftLogWorker.java:<init>(172)) - new 54d75f05-459a-41f1-a160-6bbdb25ca921@group-2B58C598D7A4-SegmentedRaftLogWorker for RaftStorage:Storage Directory /workdir/hadoop-ozone/integration-test/target/test-dir/MiniOzoneClusterImpl-81f3f93b-507a-4e54-bca6-ef1d0617e8f1/datanode-5/data/ratis/80208b83-ed5a-4506-ad9d-2b58c598d7a4
2019-09-26 20:19:46,224 [pool-77-thread-1] INFO  server.RaftServerConfigKeys (ConfUtils.java:logGet(43)) - raft.server.log.queue.byte-limit = 2147483647 (custom)
2019-09-26 20:19:46,224 [pool-77-thread-1] INFO  server.RaftServerConfigKeys (ConfUtils.java:logGet(43)) - raft.server.log.queue.element-limit = 1024 (custom)
2019-09-26 20:19:46,224 [pool-77-thread-1] INFO  server.RaftServerConfigKeys (ConfUtils.java:logGet(43)) - raft.server.log.segment.size.max = 1048576 (custom)
2019-09-26 20:19:46,224 [pool-77-thread-1] INFO  server.RaftServerConfigKeys (ConfUtils.java:logGet(43)) - raft.server.log.preallocated.size = 16384 (custom)
2019-09-26 20:19:46,224 [pool-77-thread-1] INFO  server.RaftServerConfigKeys (ConfUtils.java:logGet(43)) - raft.server.log.write.buffer.size = 33554432 (custom)
2019-09-26 20:19:46,224 [pool-77-thread-1] INFO  server.RaftServerConfigKeys (ConfUtils.java:logGet(43)) - raft.server.log.force.sync.num = 128 (default)
2019-09-26 20:19:46,225 [pool-77-thread-1] INFO  server.RaftServerConfigKeys (ConfUtils.java:logGet(43)) - raft.server.log.statemachine.data.sync = true (default)
2019-09-26 20:19:46,225 [pool-77-thread-1] INFO  server.RaftServerConfigKeys (ConfUtils.java:logGet(43)) - raft.server.log.statemachine.data.sync.timeout = 10s (default)
2019-09-26 20:19:46,225 [pool-77-thread-1] INFO  server.RaftServerConfigKeys (ConfUtils.java:logGet(43)) - raft.server.log.statemachine.data.sync.timeout.retry = -1 (default)
2019-09-26 20:19:46,225 [pool-77-thread-1] INFO  server.RaftServerConfigKeys (ConfUtils.java:logGet(43)) - raft.server.log.statemachine.data.caching.enabled = true (custom)
2019-09-26 20:19:46,226 [pool-77-thread-1] INFO  segmented.SegmentedRaftLogWorker (SegmentedRaftLogWorker.java:lambda$new$0(132)) - 54d75f05-459a-41f1-a160-6bbdb25ca921@group-2B58C598D7A4-SegmentedRaftLogWorker: flushIndex: setUnconditionally 0 -> -1
2019-09-26 20:19:46,226 [pool-77-thread-1] INFO  server.RaftServerConfigKeys (ConfUtils.java:logGet(43)) - raft.server.snapshot.auto.trigger.enabled = true (custom)
2019-09-26 20:19:46,226 [pool-77-thread-1] INFO  server.RaftServerConfigKeys (ConfUtils.java:logGet(43)) - raft.server.snapshot.auto.trigger.threshold = 10000 (custom)
2019-09-26 20:19:46,226 [pool-77-thread-1] INFO  server.RaftServerConfigKeys (ConfUtils.java:logGet(43)) - raft.server.snapshot.retention.num.files = 5 (custom)
2019-09-26 20:19:46,226 [pool-77-thread-1] INFO  server.RaftServerConfigKeys (ConfUtils.java:logGet(43)) - raft.server.retrycache.expirytime = 600000ms (custom)
2019-09-26 20:19:46,229 [pool-77-thread-1] INFO  impl.RaftServerImpl (RaftServerImpl.java:start(185)) - 54d75f05-459a-41f1-a160-6bbdb25ca921@group-2B58C598D7A4: start as a follower, conf=-1: [54d75f05-459a-41f1-a160-6bbdb25ca921:192.168.151.109:45423], old=null
2019-09-26 20:19:46,229 [pool-77-thread-1] INFO  impl.RaftServerImpl (RaftServerImpl.java:setRole(174)) - 54d75f05-459a-41f1-a160-6bbdb25ca921@group-2B58C598D7A4: changes role from      null to FOLLOWER at term 0 for startAsFollower
2019-09-26 20:19:46,229 [pool-77-thread-1] INFO  impl.RoleInfo (RoleInfo.java:updateAndGet(143)) - 54d75f05-459a-41f1-a160-6bbdb25ca921: start FollowerState
2019-09-26 20:19:46,229 [pool-77-thread-1] INFO  util.JmxRegister (JmxRegister.java:tryRegister(44)) - Successfully registered JMX Bean with object name Ratis:service=RaftServer,group=group-2B58C598D7A4,id=54d75f05-459a-41f1-a160-6bbdb25ca921
2019-09-26 20:19:46,244 [RatisPipelineUtilsThread] INFO  pipeline.PipelineStateManager (PipelineStateManager.java:addPipeline(56)) - Created pipeline Pipeline[ Id: 80208b83-ed5a-4506-ad9d-2b58c598d7a4, Nodes: 54d75f05-459a-41f1-a160-6bbdb25ca921{ip: 192.168.151.109, host: pr-hdds-2162-kpcbn-4093309294, networkLocation: /default-rack, certSerialId: null}, Type:RATIS, Factor:ONE, State:OPEN]
2019-09-26 20:19:46,261 [grpc-default-executor-0] INFO  impl.RaftServerProxy (RaftServerProxy.java:addNew(89)) - 1335ae9d-cf28-460b-8cef-3605e68fd742: addNew group-86138BDAE9BE:[1335ae9d-cf28-460b-8cef-3605e68fd742:192.168.151.109:35473] returns group-86138BDAE9BE:java.util.concurrent.CompletableFuture@2285265[Not completed]
2019-09-26 20:19:46,265 [pool-37-thread-1] INFO  impl.RaftServerImpl (RaftServerImpl.java:<init>(95)) - 1335ae9d-cf28-460b-8cef-3605e68fd742: new RaftServerImpl for group-86138BDAE9BE:[1335ae9d-cf28-460b-8cef-3605e68fd742:192.168.151.109:35473] with ContainerStateMachine:uninitialized
2019-09-26 20:19:46,265 [pool-37-thread-1] INFO  server.RaftServerConfigKeys (ConfUtils.java:logGet(43)) - raft.server.rpc.timeout.min = 5s (custom)
2019-09-26 20:19:46,266 [pool-37-thread-1] INFO  server.RaftServerConfigKeys (ConfUtils.java:logGet(43)) - raft.server.rpc.timeout.max = 5200ms (custom)
2019-09-26 20:19:46,266 [pool-37-thread-1] INFO  server.RaftServerConfigKeys (ConfUtils.java:logGet(43)) - raft.server.rpcslowness.timeout = 120s (custom)
2019-09-26 20:19:46,266 [pool-37-thread-1] INFO  server.RaftServerConfigKeys (ConfUtils.java:logGet(43)) - raft.server.sleep.deviation.threshold = 300 (default)
2019-09-26 20:19:46,266 [pool-37-thread-1] INFO  server.RaftServerConfigKeys (ConfUtils.java:logGet(43)) - raft.server.log.appender.install.snapshot.enabled = false (custom)
2019-09-26 20:19:46,266 [pool-37-thread-1] INFO  impl.RaftServerImpl (ServerState.java:<init>(103)) - 1335ae9d-cf28-460b-8cef-3605e68fd742@group-86138BDAE9BE: ConfigurationManager, init=-1: [1335ae9d-cf28-460b-8cef-3605e68fd742:192.168.151.109:35473], old=null, confs=<EMPTY_MAP>
2019-09-26 20:19:46,267 [pool-37-thread-1] INFO  server.RaftServerConfigKeys (ConfUtils.java:logGet(43)) - raft.server.storage.dir = [/workdir/hadoop-ozone/integration-test/target/test-dir/MiniOzoneClusterImpl-81f3f93b-507a-4e54-bca6-ef1d0617e8f1/datanode-1/data/ratis] (custom)
2019-09-26 20:19:46,267 [pool-37-thread-1] INFO  storage.RaftStorageDirectory (RaftStorageDirectory.java:analyzeStorage(246)) - The storage directory /workdir/hadoop-ozone/integration-test/target/test-dir/MiniOzoneClusterImpl-81f3f93b-507a-4e54-bca6-ef1d0617e8f1/datanode-1/data/ratis/2116121a-26b6-4de6-9613-86138bdae9be does not exist. Creating ...
2019-09-26 20:19:46,280 [pool-37-thread-1] INFO  storage.RaftStorageDirectory (RaftStorageDirectory.java:tryLock(328)) - Lock on /workdir/hadoop-ozone/integration-test/target/test-dir/MiniOzoneClusterImpl-81f3f93b-507a-4e54-bca6-ef1d0617e8f1/datanode-1/data/ratis/2116121a-26b6-4de6-9613-86138bdae9be/in_use.lock acquired by nodename 28499@pr-hdds-2162-kpcbn-4093309294
2019-09-26 20:19:46,293 [pool-37-thread-1] INFO  storage.RaftStorage (RaftStorage.java:format(72)) - Storage directory /workdir/hadoop-ozone/integration-test/target/test-dir/MiniOzoneClusterImpl-81f3f93b-507a-4e54-bca6-ef1d0617e8f1/datanode-1/data/ratis/2116121a-26b6-4de6-9613-86138bdae9be has been successfully formatted.
2019-09-26 20:19:46,293 [pool-37-thread-1] INFO  ratis.ContainerStateMachine (ContainerStateMachine.java:loadSnapshot(230)) - group-86138BDAE9BE: The snapshot info is null. Setting the last applied indexto:(t:0, i:~)
2019-09-26 20:19:46,293 [pool-37-thread-1] INFO  server.RaftServerConfigKeys (ConfUtils.java:logGet(43)) - raft.server.notification.no-leader.timeout = 120s (custom)
2019-09-26 20:19:46,294 [pool-37-thread-1] INFO  server.RaftServerConfigKeys (ConfUtils.java:logGet(43)) - raft.server.log.use.memory = false (default)
2019-09-26 20:19:46,294 [pool-37-thread-1] INFO  server.RaftServerConfigKeys (ConfUtils.java:logGet(43)) - raft.server.log.purge.gap = 1000000 (custom)
2019-09-26 20:19:46,294 [pool-37-thread-1] INFO  server.RaftServerConfigKeys (ConfUtils.java:logGet(43)) - raft.server.log.appender.buffer.byte-limit = 33554432 (custom)
2019-09-26 20:19:46,294 [pool-37-thread-1] INFO  server.RaftServerConfigKeys (ConfUtils.java:logGet(43)) - raft.server.log.segment.size.max = 1048576 (custom)
2019-09-26 20:19:46,294 [pool-37-thread-1] INFO  server.RaftServerConfigKeys (ConfUtils.java:logGet(43)) - raft.server.log.segment.cache.num.max = 2 (custom)
2019-09-26 20:19:46,294 [pool-37-thread-1] INFO  segmented.SegmentedRaftLogWorker (SegmentedRaftLogWorker.java:<init>(172)) - new 1335ae9d-cf28-460b-8cef-3605e68fd742@group-86138BDAE9BE-SegmentedRaftLogWorker for RaftStorage:Storage Directory /workdir/hadoop-ozone/integration-test/target/test-dir/MiniOzoneClusterImpl-81f3f93b-507a-4e54-bca6-ef1d0617e8f1/datanode-1/data/ratis/2116121a-26b6-4de6-9613-86138bdae9be
2019-09-26 20:19:46,297 [pool-37-thread-1] INFO  server.RaftServerConfigKeys (ConfUtils.java:logGet(43)) - raft.server.log.queue.byte-limit = 2147483647 (custom)
2019-09-26 20:19:46,297 [pool-37-thread-1] INFO  server.RaftServerConfigKeys (ConfUtils.java:logGet(43)) - raft.server.log.queue.element-limit = 1024 (custom)
2019-09-26 20:19:46,297 [pool-37-thread-1] INFO  server.RaftServerConfigKeys (ConfUtils.java:logGet(43)) - raft.server.log.segment.size.max = 1048576 (custom)
2019-09-26 20:19:46,298 [pool-37-thread-1] INFO  server.RaftServerConfigKeys (ConfUtils.java:logGet(43)) - raft.server.log.preallocated.size = 16384 (custom)
2019-09-26 20:19:46,298 [pool-37-thread-1] INFO  server.RaftServerConfigKeys (ConfUtils.java:logGet(43)) - raft.server.log.write.buffer.size = 33554432 (custom)
2019-09-26 20:19:46,298 [pool-37-thread-1] INFO  server.RaftServerConfigKeys (ConfUtils.java:logGet(43)) - raft.server.log.force.sync.num = 128 (default)
2019-09-26 20:19:46,298 [pool-37-thread-1] INFO  server.RaftServerConfigKeys (ConfUtils.java:logGet(43)) - raft.server.log.statemachine.data.sync = true (default)
2019-09-26 20:19:46,298 [pool-37-thread-1] INFO  server.RaftServerConfigKeys (ConfUtils.java:logGet(43)) - raft.server.log.statemachine.data.sync.timeout = 10s (default)
2019-09-26 20:19:46,299 [pool-37-thread-1] INFO  server.RaftServerConfigKeys (ConfUtils.java:logGet(43)) - raft.server.log.statemachine.data.sync.timeout.retry = -1 (default)
2019-09-26 20:19:46,299 [pool-37-thread-1] INFO  server.RaftServerConfigKeys (ConfUtils.java:logGet(43)) - raft.server.log.statemachine.data.caching.enabled = true (custom)
2019-09-26 20:19:46,299 [pool-37-thread-1] INFO  segmented.SegmentedRaftLogWorker (SegmentedRaftLogWorker.java:lambda$new$0(132)) - 1335ae9d-cf28-460b-8cef-3605e68fd742@group-86138BDAE9BE-SegmentedRaftLogWorker: flushIndex: setUnconditionally 0 -> -1
2019-09-26 20:19:46,299 [pool-37-thread-1] INFO  server.RaftServerConfigKeys (ConfUtils.java:logGet(43)) - raft.server.snapshot.auto.trigger.enabled = true (custom)
2019-09-26 20:19:46,300 [pool-37-thread-1] INFO  server.RaftServerConfigKeys (ConfUtils.java:logGet(43)) - raft.server.snapshot.auto.trigger.threshold = 10000 (custom)
2019-09-26 20:19:46,300 [pool-37-thread-1] INFO  server.RaftServerConfigKeys (ConfUtils.java:logGet(43)) - raft.server.snapshot.retention.num.files = 5 (custom)
2019-09-26 20:19:46,300 [pool-37-thread-1] INFO  server.RaftServerConfigKeys (ConfUtils.java:logGet(43)) - raft.server.retrycache.expirytime = 600000ms (custom)
2019-09-26 20:19:46,303 [pool-37-thread-1] INFO  impl.RaftServerImpl (RaftServerImpl.java:start(185)) - 1335ae9d-cf28-460b-8cef-3605e68fd742@group-86138BDAE9BE: start as a follower, conf=-1: [1335ae9d-cf28-460b-8cef-3605e68fd742:192.168.151.109:35473], old=null
2019-09-26 20:19:46,303 [pool-37-thread-1] INFO  impl.RaftServerImpl (RaftServerImpl.java:setRole(174)) - 1335ae9d-cf28-460b-8cef-3605e68fd742@group-86138BDAE9BE: changes role from      null to FOLLOWER at term 0 for startAsFollower
2019-09-26 20:19:46,305 [pool-37-thread-1] INFO  impl.RoleInfo (RoleInfo.java:updateAndGet(143)) - 1335ae9d-cf28-460b-8cef-3605e68fd742: start FollowerState
2019-09-26 20:19:46,306 [pool-37-thread-1] INFO  util.JmxRegister (JmxRegister.java:tryRegister(44)) - Successfully registered JMX Bean with object name Ratis:service=RaftServer,group=group-86138BDAE9BE,id=1335ae9d-cf28-460b-8cef-3605e68fd742
2019-09-26 20:19:46,323 [RatisPipelineUtilsThread] INFO  pipeline.PipelineStateManager (PipelineStateManager.java:addPipeline(56)) - Created pipeline Pipeline[ Id: 2116121a-26b6-4de6-9613-86138bdae9be, Nodes: 1335ae9d-cf28-460b-8cef-3605e68fd742{ip: 192.168.151.109, host: pr-hdds-2162-kpcbn-4093309294, networkLocation: /default-rack, certSerialId: null}, Type:RATIS, Factor:ONE, State:OPEN]
2019-09-26 20:19:46,347 [grpc-default-executor-0] INFO  impl.RaftServerProxy (RaftServerProxy.java:addNew(89)) - 402982a9-fa7b-4360-bb6f-7bf73c96b049: addNew group-8DB0ACFB79CD:[402982a9-fa7b-4360-bb6f-7bf73c96b049:192.168.151.109:34773] returns group-8DB0ACFB79CD:java.util.concurrent.CompletableFuture@3eeefcc6[Not completed]
2019-09-26 20:19:46,357 [pool-47-thread-1] INFO  impl.RaftServerImpl (RaftServerImpl.java:<init>(95)) - 402982a9-fa7b-4360-bb6f-7bf73c96b049: new RaftServerImpl for group-8DB0ACFB79CD:[402982a9-fa7b-4360-bb6f-7bf73c96b049:192.168.151.109:34773] with ContainerStateMachine:uninitialized
2019-09-26 20:19:46,358 [pool-47-thread-1] INFO  server.RaftServerConfigKeys (ConfUtils.java:logGet(43)) - raft.server.rpc.timeout.min = 5s (custom)
2019-09-26 20:19:46,358 [pool-47-thread-1] INFO  server.RaftServerConfigKeys (ConfUtils.java:logGet(43)) - raft.server.rpc.timeout.max = 5200ms (custom)
2019-09-26 20:19:46,358 [pool-47-thread-1] INFO  server.RaftServerConfigKeys (ConfUtils.java:logGet(43)) - raft.server.rpcslowness.timeout = 120s (custom)
2019-09-26 20:19:46,358 [pool-47-thread-1] INFO  server.RaftServerConfigKeys (ConfUtils.java:logGet(43)) - raft.server.sleep.deviation.threshold = 300 (default)
2019-09-26 20:19:46,358 [pool-47-thread-1] INFO  server.RaftServerConfigKeys (ConfUtils.java:logGet(43)) - raft.server.log.appender.install.snapshot.enabled = false (custom)
2019-09-26 20:19:46,358 [pool-47-thread-1] INFO  impl.RaftServerImpl (ServerState.java:<init>(103)) - 402982a9-fa7b-4360-bb6f-7bf73c96b049@group-8DB0ACFB79CD: ConfigurationManager, init=-1: [402982a9-fa7b-4360-bb6f-7bf73c96b049:192.168.151.109:34773], old=null, confs=<EMPTY_MAP>
2019-09-26 20:19:46,358 [pool-47-thread-1] INFO  server.RaftServerConfigKeys (ConfUtils.java:logGet(43)) - raft.server.storage.dir = [/workdir/hadoop-ozone/integration-test/target/test-dir/MiniOzoneClusterImpl-81f3f93b-507a-4e54-bca6-ef1d0617e8f1/datanode-2/data/ratis] (custom)
2019-09-26 20:19:46,359 [pool-47-thread-1] INFO  storage.RaftStorageDirectory (RaftStorageDirectory.java:analyzeStorage(246)) - The storage directory /workdir/hadoop-ozone/integration-test/target/test-dir/MiniOzoneClusterImpl-81f3f93b-507a-4e54-bca6-ef1d0617e8f1/datanode-2/data/ratis/fbc3a465-76d3-47f0-956f-8db0acfb79cd does not exist. Creating ...
2019-09-26 20:19:46,372 [pool-47-thread-1] INFO  storage.RaftStorageDirectory (RaftStorageDirectory.java:tryLock(328)) - Lock on /workdir/hadoop-ozone/integration-test/target/test-dir/MiniOzoneClusterImpl-81f3f93b-507a-4e54-bca6-ef1d0617e8f1/datanode-2/data/ratis/fbc3a465-76d3-47f0-956f-8db0acfb79cd/in_use.lock acquired by nodename 28499@pr-hdds-2162-kpcbn-4093309294
2019-09-26 20:19:46,378 [main] INFO  ipc.Client (Client.java:handleConnectionFailure(948)) - Retrying connect to server: localhost/127.0.0.1:0. Already tried 0 time(s); retry policy is RetryUpToMaximumCountWithFixedSleep(maxRetries=10, sleepTime=1000 MILLISECONDS)
2019-09-26 20:19:46,385 [pool-47-thread-1] INFO  storage.RaftStorage (RaftStorage.java:format(72)) - Storage directory /workdir/hadoop-ozone/integration-test/target/test-dir/MiniOzoneClusterImpl-81f3f93b-507a-4e54-bca6-ef1d0617e8f1/datanode-2/data/ratis/fbc3a465-76d3-47f0-956f-8db0acfb79cd has been successfully formatted.
2019-09-26 20:19:46,385 [pool-47-thread-1] INFO  ratis.ContainerStateMachine (ContainerStateMachine.java:loadSnapshot(230)) - group-8DB0ACFB79CD: The snapshot info is null. Setting the last applied indexto:(t:0, i:~)
2019-09-26 20:19:46,385 [pool-47-thread-1] INFO  server.RaftServerConfigKeys (ConfUtils.java:logGet(43)) - raft.server.notification.no-leader.timeout = 120s (custom)
2019-09-26 20:19:46,385 [pool-47-thread-1] INFO  server.RaftServerConfigKeys (ConfUtils.java:logGet(43)) - raft.server.log.use.memory = false (default)
2019-09-26 20:19:46,385 [pool-47-thread-1] INFO  server.RaftServerConfigKeys (ConfUtils.java:logGet(43)) - raft.server.log.purge.gap = 1000000 (custom)
2019-09-26 20:19:46,385 [pool-47-thread-1] INFO  server.RaftServerConfigKeys (ConfUtils.java:logGet(43)) - raft.server.log.appender.buffer.byte-limit = 33554432 (custom)
2019-09-26 20:19:46,386 [pool-47-thread-1] INFO  server.RaftServerConfigKeys (ConfUtils.java:logGet(43)) - raft.server.log.segment.size.max = 1048576 (custom)
2019-09-26 20:19:46,386 [pool-47-thread-1] INFO  server.RaftServerConfigKeys (ConfUtils.java:logGet(43)) - raft.server.log.segment.cache.num.max = 2 (custom)
2019-09-26 20:19:46,386 [pool-47-thread-1] INFO  segmented.SegmentedRaftLogWorker (SegmentedRaftLogWorker.java:<init>(172)) - new 402982a9-fa7b-4360-bb6f-7bf73c96b049@group-8DB0ACFB79CD-SegmentedRaftLogWorker for RaftStorage:Storage Directory /workdir/hadoop-ozone/integration-test/target/test-dir/MiniOzoneClusterImpl-81f3f93b-507a-4e54-bca6-ef1d0617e8f1/datanode-2/data/ratis/fbc3a465-76d3-47f0-956f-8db0acfb79cd
2019-09-26 20:19:46,388 [pool-47-thread-1] INFO  server.RaftServerConfigKeys (ConfUtils.java:logGet(43)) - raft.server.log.queue.byte-limit = 2147483647 (custom)
2019-09-26 20:19:46,388 [pool-47-thread-1] INFO  server.RaftServerConfigKeys (ConfUtils.java:logGet(43)) - raft.server.log.queue.element-limit = 1024 (custom)
2019-09-26 20:19:46,388 [pool-47-thread-1] INFO  server.RaftServerConfigKeys (ConfUtils.java:logGet(43)) - raft.server.log.segment.size.max = 1048576 (custom)
2019-09-26 20:19:46,388 [pool-47-thread-1] INFO  server.RaftServerConfigKeys (ConfUtils.java:logGet(43)) - raft.server.log.preallocated.size = 16384 (custom)
2019-09-26 20:19:46,388 [pool-47-thread-1] INFO  server.RaftServerConfigKeys (ConfUtils.java:logGet(43)) - raft.server.log.write.buffer.size = 33554432 (custom)
2019-09-26 20:19:46,389 [pool-47-thread-1] INFO  server.RaftServerConfigKeys (ConfUtils.java:logGet(43)) - raft.server.log.force.sync.num = 128 (default)
2019-09-26 20:19:46,389 [pool-47-thread-1] INFO  server.RaftServerConfigKeys (ConfUtils.java:logGet(43)) - raft.server.log.statemachine.data.sync = true (default)
2019-09-26 20:19:46,389 [pool-47-thread-1] INFO  server.RaftServerConfigKeys (ConfUtils.java:logGet(43)) - raft.server.log.statemachine.data.sync.timeout = 10s (default)
2019-09-26 20:19:46,389 [pool-47-thread-1] INFO  server.RaftServerConfigKeys (ConfUtils.java:logGet(43)) - raft.server.log.statemachine.data.sync.timeout.retry = -1 (default)
2019-09-26 20:19:46,389 [pool-47-thread-1] INFO  server.RaftServerConfigKeys (ConfUtils.java:logGet(43)) - raft.server.log.statemachine.data.caching.enabled = true (custom)
2019-09-26 20:19:46,390 [pool-47-thread-1] INFO  segmented.SegmentedRaftLogWorker (SegmentedRaftLogWorker.java:lambda$new$0(132)) - 402982a9-fa7b-4360-bb6f-7bf73c96b049@group-8DB0ACFB79CD-SegmentedRaftLogWorker: flushIndex: setUnconditionally 0 -> -1
2019-09-26 20:19:46,390 [pool-47-thread-1] INFO  server.RaftServerConfigKeys (ConfUtils.java:logGet(43)) - raft.server.snapshot.auto.trigger.enabled = true (custom)
2019-09-26 20:19:46,390 [pool-47-thread-1] INFO  server.RaftServerConfigKeys (ConfUtils.java:logGet(43)) - raft.server.snapshot.auto.trigger.threshold = 10000 (custom)
2019-09-26 20:19:46,391 [pool-47-thread-1] INFO  server.RaftServerConfigKeys (ConfUtils.java:logGet(43)) - raft.server.snapshot.retention.num.files = 5 (custom)
2019-09-26 20:19:46,391 [pool-47-thread-1] INFO  server.RaftServerConfigKeys (ConfUtils.java:logGet(43)) - raft.server.retrycache.expirytime = 600000ms (custom)
2019-09-26 20:19:46,393 [pool-47-thread-1] INFO  impl.RaftServerImpl (RaftServerImpl.java:start(185)) - 402982a9-fa7b-4360-bb6f-7bf73c96b049@group-8DB0ACFB79CD: start as a follower, conf=-1: [402982a9-fa7b-4360-bb6f-7bf73c96b049:192.168.151.109:34773], old=null
2019-09-26 20:19:46,393 [pool-47-thread-1] INFO  impl.RaftServerImpl (RaftServerImpl.java:setRole(174)) - 402982a9-fa7b-4360-bb6f-7bf73c96b049@group-8DB0ACFB79CD: changes role from      null to FOLLOWER at term 0 for startAsFollower
2019-09-26 20:19:46,393 [pool-47-thread-1] INFO  impl.RoleInfo (RoleInfo.java:updateAndGet(143)) - 402982a9-fa7b-4360-bb6f-7bf73c96b049: start FollowerState
2019-09-26 20:19:46,393 [pool-47-thread-1] INFO  util.JmxRegister (JmxRegister.java:tryRegister(44)) - Successfully registered JMX Bean with object name Ratis:service=RaftServer,group=group-8DB0ACFB79CD,id=402982a9-fa7b-4360-bb6f-7bf73c96b049
2019-09-26 20:19:46,408 [RatisPipelineUtilsThread] INFO  pipeline.PipelineStateManager (PipelineStateManager.java:addPipeline(56)) - Created pipeline Pipeline[ Id: fbc3a465-76d3-47f0-956f-8db0acfb79cd, Nodes: 402982a9-fa7b-4360-bb6f-7bf73c96b049{ip: 192.168.151.109, host: pr-hdds-2162-kpcbn-4093309294, networkLocation: /default-rack, certSerialId: null}, Type:RATIS, Factor:ONE, State:OPEN]
2019-09-26 20:19:46,437 [grpc-default-executor-2] INFO  impl.RaftServerProxy (RaftServerProxy.java:addNew(89)) - dbc4c3a6-ca05-4f67-828a-4e6bc2bd7fa8: addNew group-6844D0E0A9D2:[dbc4c3a6-ca05-4f67-828a-4e6bc2bd7fa8:192.168.151.109:41384, 3425e4bc-5d6a-41bf-abca-b714524a84c8:192.168.151.109:32871, 91aa48ae-f401-469d-b9d7-6f66a673a229:192.168.151.109:34036] returns group-6844D0E0A9D2:java.util.concurrent.CompletableFuture@1e33cc04[Not completed]
2019-09-26 20:19:46,440 [grpc-default-executor-1] INFO  impl.RaftServerProxy (RaftServerProxy.java:addNew(89)) - 3425e4bc-5d6a-41bf-abca-b714524a84c8: addNew group-6844D0E0A9D2:[dbc4c3a6-ca05-4f67-828a-4e6bc2bd7fa8:192.168.151.109:41384, 3425e4bc-5d6a-41bf-abca-b714524a84c8:192.168.151.109:32871, 91aa48ae-f401-469d-b9d7-6f66a673a229:192.168.151.109:34036] returns group-6844D0E0A9D2:java.util.concurrent.CompletableFuture@6b50443f[Not completed]
2019-09-26 20:19:46,443 [grpc-default-executor-1] INFO  impl.RaftServerProxy (RaftServerProxy.java:addNew(89)) - 91aa48ae-f401-469d-b9d7-6f66a673a229: addNew group-6844D0E0A9D2:[dbc4c3a6-ca05-4f67-828a-4e6bc2bd7fa8:192.168.151.109:41384, 3425e4bc-5d6a-41bf-abca-b714524a84c8:192.168.151.109:32871, 91aa48ae-f401-469d-b9d7-6f66a673a229:192.168.151.109:34036] returns group-6844D0E0A9D2:java.util.concurrent.CompletableFuture@6f6fdd8d[Not completed]
2019-09-26 20:19:46,443 [pool-67-thread-1] INFO  impl.RaftServerImpl (RaftServerImpl.java:<init>(95)) - dbc4c3a6-ca05-4f67-828a-4e6bc2bd7fa8: new RaftServerImpl for group-6844D0E0A9D2:[dbc4c3a6-ca05-4f67-828a-4e6bc2bd7fa8:192.168.151.109:41384, 3425e4bc-5d6a-41bf-abca-b714524a84c8:192.168.151.109:32871, 91aa48ae-f401-469d-b9d7-6f66a673a229:192.168.151.109:34036] with ContainerStateMachine:uninitialized
2019-09-26 20:19:46,443 [pool-67-thread-1] INFO  server.RaftServerConfigKeys (ConfUtils.java:logGet(43)) - raft.server.rpc.timeout.min = 5s (custom)
2019-09-26 20:19:46,444 [pool-67-thread-1] INFO  server.RaftServerConfigKeys (ConfUtils.java:logGet(43)) - raft.server.rpc.timeout.max = 5200ms (custom)
2019-09-26 20:19:46,444 [pool-67-thread-1] INFO  server.RaftServerConfigKeys (ConfUtils.java:logGet(43)) - raft.server.rpcslowness.timeout = 120s (custom)
2019-09-26 20:19:46,444 [pool-67-thread-1] INFO  server.RaftServerConfigKeys (ConfUtils.java:logGet(43)) - raft.server.sleep.deviation.threshold = 300 (default)
2019-09-26 20:19:46,444 [pool-57-thread-1] INFO  impl.RaftServerImpl (RaftServerImpl.java:<init>(95)) - 3425e4bc-5d6a-41bf-abca-b714524a84c8: new RaftServerImpl for group-6844D0E0A9D2:[dbc4c3a6-ca05-4f67-828a-4e6bc2bd7fa8:192.168.151.109:41384, 3425e4bc-5d6a-41bf-abca-b714524a84c8:192.168.151.109:32871, 91aa48ae-f401-469d-b9d7-6f66a673a229:192.168.151.109:34036] with ContainerStateMachine:uninitialized
2019-09-26 20:19:46,444 [pool-67-thread-1] INFO  server.RaftServerConfigKeys (ConfUtils.java:logGet(43)) - raft.server.log.appender.install.snapshot.enabled = false (custom)
2019-09-26 20:19:46,444 [pool-57-thread-1] INFO  server.RaftServerConfigKeys (ConfUtils.java:logGet(43)) - raft.server.rpc.timeout.min = 5s (custom)
2019-09-26 20:19:46,444 [pool-67-thread-1] INFO  impl.RaftServerImpl (ServerState.java:<init>(103)) - dbc4c3a6-ca05-4f67-828a-4e6bc2bd7fa8@group-6844D0E0A9D2: ConfigurationManager, init=-1: [dbc4c3a6-ca05-4f67-828a-4e6bc2bd7fa8:192.168.151.109:41384, 3425e4bc-5d6a-41bf-abca-b714524a84c8:192.168.151.109:32871, 91aa48ae-f401-469d-b9d7-6f66a673a229:192.168.151.109:34036], old=null, confs=<EMPTY_MAP>
2019-09-26 20:19:46,445 [pool-57-thread-1] INFO  server.RaftServerConfigKeys (ConfUtils.java:logGet(43)) - raft.server.rpc.timeout.max = 5200ms (custom)
2019-09-26 20:19:46,445 [pool-67-thread-1] INFO  server.RaftServerConfigKeys (ConfUtils.java:logGet(43)) - raft.server.storage.dir = [/workdir/hadoop-ozone/integration-test/target/test-dir/MiniOzoneClusterImpl-81f3f93b-507a-4e54-bca6-ef1d0617e8f1/datanode-4/data/ratis] (custom)
2019-09-26 20:19:46,445 [pool-57-thread-1] INFO  server.RaftServerConfigKeys (ConfUtils.java:logGet(43)) - raft.server.rpcslowness.timeout = 120s (custom)
2019-09-26 20:19:46,445 [pool-57-thread-1] INFO  server.RaftServerConfigKeys (ConfUtils.java:logGet(43)) - raft.server.sleep.deviation.threshold = 300 (default)
2019-09-26 20:19:46,445 [pool-107-thread-1] INFO  impl.RaftServerImpl (RaftServerImpl.java:<init>(95)) - 91aa48ae-f401-469d-b9d7-6f66a673a229: new RaftServerImpl for group-6844D0E0A9D2:[dbc4c3a6-ca05-4f67-828a-4e6bc2bd7fa8:192.168.151.109:41384, 3425e4bc-5d6a-41bf-abca-b714524a84c8:192.168.151.109:32871, 91aa48ae-f401-469d-b9d7-6f66a673a229:192.168.151.109:34036] with ContainerStateMachine:uninitialized
2019-09-26 20:19:46,445 [pool-57-thread-1] INFO  server.RaftServerConfigKeys (ConfUtils.java:logGet(43)) - raft.server.log.appender.install.snapshot.enabled = false (custom)
2019-09-26 20:19:46,445 [pool-67-thread-1] INFO  storage.RaftStorageDirectory (RaftStorageDirectory.java:analyzeStorage(246)) - The storage directory /workdir/hadoop-ozone/integration-test/target/test-dir/MiniOzoneClusterImpl-81f3f93b-507a-4e54-bca6-ef1d0617e8f1/datanode-4/data/ratis/55364168-6a72-428c-9a90-6844d0e0a9d2 does not exist. Creating ...
2019-09-26 20:19:46,445 [pool-57-thread-1] INFO  impl.RaftServerImpl (ServerState.java:<init>(103)) - 3425e4bc-5d6a-41bf-abca-b714524a84c8@group-6844D0E0A9D2: ConfigurationManager, init=-1: [dbc4c3a6-ca05-4f67-828a-4e6bc2bd7fa8:192.168.151.109:41384, 3425e4bc-5d6a-41bf-abca-b714524a84c8:192.168.151.109:32871, 91aa48ae-f401-469d-b9d7-6f66a673a229:192.168.151.109:34036], old=null, confs=<EMPTY_MAP>
2019-09-26 20:19:46,445 [pool-107-thread-1] INFO  server.RaftServerConfigKeys (ConfUtils.java:logGet(43)) - raft.server.rpc.timeout.min = 5s (custom)
2019-09-26 20:19:46,446 [pool-57-thread-1] INFO  server.RaftServerConfigKeys (ConfUtils.java:logGet(43)) - raft.server.storage.dir = [/workdir/hadoop-ozone/integration-test/target/test-dir/MiniOzoneClusterImpl-81f3f93b-507a-4e54-bca6-ef1d0617e8f1/datanode-3/data/ratis] (custom)
2019-09-26 20:19:46,446 [pool-107-thread-1] INFO  server.RaftServerConfigKeys (ConfUtils.java:logGet(43)) - raft.server.rpc.timeout.max = 5200ms (custom)
2019-09-26 20:19:46,446 [pool-107-thread-1] INFO  server.RaftServerConfigKeys (ConfUtils.java:logGet(43)) - raft.server.rpcslowness.timeout = 120s (custom)
2019-09-26 20:19:46,446 [pool-57-thread-1] INFO  storage.RaftStorageDirectory (RaftStorageDirectory.java:analyzeStorage(246)) - The storage directory /workdir/hadoop-ozone/integration-test/target/test-dir/MiniOzoneClusterImpl-81f3f93b-507a-4e54-bca6-ef1d0617e8f1/datanode-3/data/ratis/55364168-6a72-428c-9a90-6844d0e0a9d2 does not exist. Creating ...
2019-09-26 20:19:46,446 [pool-107-thread-1] INFO  server.RaftServerConfigKeys (ConfUtils.java:logGet(43)) - raft.server.sleep.deviation.threshold = 300 (default)
2019-09-26 20:19:46,446 [pool-107-thread-1] INFO  server.RaftServerConfigKeys (ConfUtils.java:logGet(43)) - raft.server.log.appender.install.snapshot.enabled = false (custom)
2019-09-26 20:19:46,447 [pool-107-thread-1] INFO  impl.RaftServerImpl (ServerState.java:<init>(103)) - 91aa48ae-f401-469d-b9d7-6f66a673a229@group-6844D0E0A9D2: ConfigurationManager, init=-1: [dbc4c3a6-ca05-4f67-828a-4e6bc2bd7fa8:192.168.151.109:41384, 3425e4bc-5d6a-41bf-abca-b714524a84c8:192.168.151.109:32871, 91aa48ae-f401-469d-b9d7-6f66a673a229:192.168.151.109:34036], old=null, confs=<EMPTY_MAP>
2019-09-26 20:19:46,447 [pool-107-thread-1] INFO  server.RaftServerConfigKeys (ConfUtils.java:logGet(43)) - raft.server.storage.dir = [/workdir/hadoop-ozone/integration-test/target/test-dir/MiniOzoneClusterImpl-81f3f93b-507a-4e54-bca6-ef1d0617e8f1/datanode-8/data/ratis] (custom)
2019-09-26 20:19:46,447 [pool-107-thread-1] INFO  storage.RaftStorageDirectory (RaftStorageDirectory.java:analyzeStorage(246)) - The storage directory /workdir/hadoop-ozone/integration-test/target/test-dir/MiniOzoneClusterImpl-81f3f93b-507a-4e54-bca6-ef1d0617e8f1/datanode-8/data/ratis/55364168-6a72-428c-9a90-6844d0e0a9d2 does not exist. Creating ...
2019-09-26 20:19:46,459 [pool-107-thread-1] INFO  storage.RaftStorageDirectory (RaftStorageDirectory.java:tryLock(328)) - Lock on /workdir/hadoop-ozone/integration-test/target/test-dir/MiniOzoneClusterImpl-81f3f93b-507a-4e54-bca6-ef1d0617e8f1/datanode-8/data/ratis/55364168-6a72-428c-9a90-6844d0e0a9d2/in_use.lock acquired by nodename 28499@pr-hdds-2162-kpcbn-4093309294
2019-09-26 20:19:46,459 [pool-67-thread-1] INFO  storage.RaftStorageDirectory (RaftStorageDirectory.java:tryLock(328)) - Lock on /workdir/hadoop-ozone/integration-test/target/test-dir/MiniOzoneClusterImpl-81f3f93b-507a-4e54-bca6-ef1d0617e8f1/datanode-4/data/ratis/55364168-6a72-428c-9a90-6844d0e0a9d2/in_use.lock acquired by nodename 28499@pr-hdds-2162-kpcbn-4093309294
2019-09-26 20:19:46,459 [pool-57-thread-1] INFO  storage.RaftStorageDirectory (RaftStorageDirectory.java:tryLock(328)) - Lock on /workdir/hadoop-ozone/integration-test/target/test-dir/MiniOzoneClusterImpl-81f3f93b-507a-4e54-bca6-ef1d0617e8f1/datanode-3/data/ratis/55364168-6a72-428c-9a90-6844d0e0a9d2/in_use.lock acquired by nodename 28499@pr-hdds-2162-kpcbn-4093309294
2019-09-26 20:19:46,472 [pool-67-thread-1] INFO  storage.RaftStorage (RaftStorage.java:format(72)) - Storage directory /workdir/hadoop-ozone/integration-test/target/test-dir/MiniOzoneClusterImpl-81f3f93b-507a-4e54-bca6-ef1d0617e8f1/datanode-4/data/ratis/55364168-6a72-428c-9a90-6844d0e0a9d2 has been successfully formatted.
2019-09-26 20:19:46,472 [pool-107-thread-1] INFO  storage.RaftStorage (RaftStorage.java:format(72)) - Storage directory /workdir/hadoop-ozone/integration-test/target/test-dir/MiniOzoneClusterImpl-81f3f93b-507a-4e54-bca6-ef1d0617e8f1/datanode-8/data/ratis/55364168-6a72-428c-9a90-6844d0e0a9d2 has been successfully formatted.
2019-09-26 20:19:46,472 [pool-67-thread-1] INFO  ratis.ContainerStateMachine (ContainerStateMachine.java:loadSnapshot(230)) - group-6844D0E0A9D2: The snapshot info is null. Setting the last applied indexto:(t:0, i:~)
2019-09-26 20:19:46,472 [pool-57-thread-1] INFO  storage.RaftStorage (RaftStorage.java:format(72)) - Storage directory /workdir/hadoop-ozone/integration-test/target/test-dir/MiniOzoneClusterImpl-81f3f93b-507a-4e54-bca6-ef1d0617e8f1/datanode-3/data/ratis/55364168-6a72-428c-9a90-6844d0e0a9d2 has been successfully formatted.
2019-09-26 20:19:46,472 [pool-107-thread-1] INFO  ratis.ContainerStateMachine (ContainerStateMachine.java:loadSnapshot(230)) - group-6844D0E0A9D2: The snapshot info is null. Setting the last applied indexto:(t:0, i:~)
2019-09-26 20:19:46,472 [pool-67-thread-1] INFO  server.RaftServerConfigKeys (ConfUtils.java:logGet(43)) - raft.server.notification.no-leader.timeout = 120s (custom)
2019-09-26 20:19:46,473 [pool-57-thread-1] INFO  ratis.ContainerStateMachine (ContainerStateMachine.java:loadSnapshot(230)) - group-6844D0E0A9D2: The snapshot info is null. Setting the last applied indexto:(t:0, i:~)
2019-09-26 20:19:46,473 [pool-107-thread-1] INFO  server.RaftServerConfigKeys (ConfUtils.java:logGet(43)) - raft.server.notification.no-leader.timeout = 120s (custom)
2019-09-26 20:19:46,473 [pool-57-thread-1] INFO  server.RaftServerConfigKeys (ConfUtils.java:logGet(43)) - raft.server.notification.no-leader.timeout = 120s (custom)
2019-09-26 20:19:46,473 [pool-67-thread-1] INFO  server.RaftServerConfigKeys (ConfUtils.java:logGet(43)) - raft.server.log.use.memory = false (default)
2019-09-26 20:19:46,473 [pool-57-thread-1] INFO  server.RaftServerConfigKeys (ConfUtils.java:logGet(43)) - raft.server.log.use.memory = false (default)
2019-09-26 20:19:46,473 [pool-107-thread-1] INFO  server.RaftServerConfigKeys (ConfUtils.java:logGet(43)) - raft.server.log.use.memory = false (default)
2019-09-26 20:19:46,473 [pool-57-thread-1] INFO  server.RaftServerConfigKeys (ConfUtils.java:logGet(43)) - raft.server.log.purge.gap = 1000000 (custom)
2019-09-26 20:19:46,473 [pool-67-thread-1] INFO  server.RaftServerConfigKeys (ConfUtils.java:logGet(43)) - raft.server.log.purge.gap = 1000000 (custom)
2019-09-26 20:19:46,473 [pool-57-thread-1] INFO  server.RaftServerConfigKeys (ConfUtils.java:logGet(43)) - raft.server.log.appender.buffer.byte-limit = 33554432 (custom)
2019-09-26 20:19:46,473 [pool-107-thread-1] INFO  server.RaftServerConfigKeys (ConfUtils.java:logGet(43)) - raft.server.log.purge.gap = 1000000 (custom)
2019-09-26 20:19:46,474 [pool-57-thread-1] INFO  server.RaftServerConfigKeys (ConfUtils.java:logGet(43)) - raft.server.log.segment.size.max = 1048576 (custom)
2019-09-26 20:19:46,473 [pool-67-thread-1] INFO  server.RaftServerConfigKeys (ConfUtils.java:logGet(43)) - raft.server.log.appender.buffer.byte-limit = 33554432 (custom)
2019-09-26 20:19:46,474 [pool-57-thread-1] INFO  server.RaftServerConfigKeys (ConfUtils.java:logGet(43)) - raft.server.log.segment.cache.num.max = 2 (custom)
2019-09-26 20:19:46,474 [pool-107-thread-1] INFO  server.RaftServerConfigKeys (ConfUtils.java:logGet(43)) - raft.server.log.appender.buffer.byte-limit = 33554432 (custom)
2019-09-26 20:19:46,474 [pool-57-thread-1] INFO  segmented.SegmentedRaftLogWorker (SegmentedRaftLogWorker.java:<init>(172)) - new 3425e4bc-5d6a-41bf-abca-b714524a84c8@group-6844D0E0A9D2-SegmentedRaftLogWorker for RaftStorage:Storage Directory /workdir/hadoop-ozone/integration-test/target/test-dir/MiniOzoneClusterImpl-81f3f93b-507a-4e54-bca6-ef1d0617e8f1/datanode-3/data/ratis/55364168-6a72-428c-9a90-6844d0e0a9d2
2019-09-26 20:19:46,474 [pool-67-thread-1] INFO  server.RaftServerConfigKeys (ConfUtils.java:logGet(43)) - raft.server.log.segment.size.max = 1048576 (custom)
2019-09-26 20:19:46,474 [pool-57-thread-1] INFO  server.RaftServerConfigKeys (ConfUtils.java:logGet(43)) - raft.server.log.queue.byte-limit = 2147483647 (custom)
2019-09-26 20:19:46,474 [pool-107-thread-1] INFO  server.RaftServerConfigKeys (ConfUtils.java:logGet(43)) - raft.server.log.segment.size.max = 1048576 (custom)
2019-09-26 20:19:46,474 [pool-57-thread-1] INFO  server.RaftServerConfigKeys (ConfUtils.java:logGet(43)) - raft.server.log.queue.element-limit = 1024 (custom)
2019-09-26 20:19:46,474 [pool-67-thread-1] INFO  server.RaftServerConfigKeys (ConfUtils.java:logGet(43)) - raft.server.log.segment.cache.num.max = 2 (custom)
2019-09-26 20:19:46,475 [pool-57-thread-1] INFO  server.RaftServerConfigKeys (ConfUtils.java:logGet(43)) - raft.server.log.segment.size.max = 1048576 (custom)
2019-09-26 20:19:46,474 [pool-107-thread-1] INFO  server.RaftServerConfigKeys (ConfUtils.java:logGet(43)) - raft.server.log.segment.cache.num.max = 2 (custom)
2019-09-26 20:19:46,475 [pool-57-thread-1] INFO  server.RaftServerConfigKeys (ConfUtils.java:logGet(43)) - raft.server.log.preallocated.size = 16384 (custom)
2019-09-26 20:19:46,475 [pool-67-thread-1] INFO  segmented.SegmentedRaftLogWorker (SegmentedRaftLogWorker.java:<init>(172)) - new dbc4c3a6-ca05-4f67-828a-4e6bc2bd7fa8@group-6844D0E0A9D2-SegmentedRaftLogWorker for RaftStorage:Storage Directory /workdir/hadoop-ozone/integration-test/target/test-dir/MiniOzoneClusterImpl-81f3f93b-507a-4e54-bca6-ef1d0617e8f1/datanode-4/data/ratis/55364168-6a72-428c-9a90-6844d0e0a9d2
2019-09-26 20:19:46,475 [pool-57-thread-1] INFO  server.RaftServerConfigKeys (ConfUtils.java:logGet(43)) - raft.server.log.write.buffer.size = 33554432 (custom)
2019-09-26 20:19:46,475 [pool-107-thread-1] INFO  segmented.SegmentedRaftLogWorker (SegmentedRaftLogWorker.java:<init>(172)) - new 91aa48ae-f401-469d-b9d7-6f66a673a229@group-6844D0E0A9D2-SegmentedRaftLogWorker for RaftStorage:Storage Directory /workdir/hadoop-ozone/integration-test/target/test-dir/MiniOzoneClusterImpl-81f3f93b-507a-4e54-bca6-ef1d0617e8f1/datanode-8/data/ratis/55364168-6a72-428c-9a90-6844d0e0a9d2
2019-09-26 20:19:46,475 [pool-57-thread-1] INFO  server.RaftServerConfigKeys (ConfUtils.java:logGet(43)) - raft.server.log.force.sync.num = 128 (default)
2019-09-26 20:19:46,475 [pool-67-thread-1] INFO  server.RaftServerConfigKeys (ConfUtils.java:logGet(43)) - raft.server.log.queue.byte-limit = 2147483647 (custom)
2019-09-26 20:19:46,475 [pool-57-thread-1] INFO  server.RaftServerConfigKeys (ConfUtils.java:logGet(43)) - raft.server.log.statemachine.data.sync = true (default)
2019-09-26 20:19:46,475 [pool-107-thread-1] INFO  server.RaftServerConfigKeys (ConfUtils.java:logGet(43)) - raft.server.log.queue.byte-limit = 2147483647 (custom)
2019-09-26 20:19:46,476 [pool-57-thread-1] INFO  server.RaftServerConfigKeys (ConfUtils.java:logGet(43)) - raft.server.log.statemachine.data.sync.timeout = 10s (default)
2019-09-26 20:19:46,476 [pool-67-thread-1] INFO  server.RaftServerConfigKeys (ConfUtils.java:logGet(43)) - raft.server.log.queue.element-limit = 1024 (custom)
2019-09-26 20:19:46,476 [pool-57-thread-1] INFO  server.RaftServerConfigKeys (ConfUtils.java:logGet(43)) - raft.server.log.statemachine.data.sync.timeout.retry = -1 (default)
2019-09-26 20:19:46,476 [pool-107-thread-1] INFO  server.RaftServerConfigKeys (ConfUtils.java:logGet(43)) - raft.server.log.queue.element-limit = 1024 (custom)
2019-09-26 20:19:46,476 [pool-57-thread-1] INFO  server.RaftServerConfigKeys (ConfUtils.java:logGet(43)) - raft.server.log.statemachine.data.caching.enabled = true (custom)
2019-09-26 20:19:46,476 [pool-67-thread-1] INFO  server.RaftServerConfigKeys (ConfUtils.java:logGet(43)) - raft.server.log.segment.size.max = 1048576 (custom)
2019-09-26 20:19:46,476 [pool-107-thread-1] INFO  server.RaftServerConfigKeys (ConfUtils.java:logGet(43)) - raft.server.log.segment.size.max = 1048576 (custom)
2019-09-26 20:19:46,476 [pool-67-thread-1] INFO  server.RaftServerConfigKeys (ConfUtils.java:logGet(43)) - raft.server.log.preallocated.size = 16384 (custom)
2019-09-26 20:19:46,476 [pool-57-thread-1] INFO  segmented.SegmentedRaftLogWorker (SegmentedRaftLogWorker.java:lambda$new$0(132)) - 3425e4bc-5d6a-41bf-abca-b714524a84c8@group-6844D0E0A9D2-SegmentedRaftLogWorker: flushIndex: setUnconditionally 0 -> -1
2019-09-26 20:19:46,477 [pool-67-thread-1] INFO  server.RaftServerConfigKeys (ConfUtils.java:logGet(43)) - raft.server.log.write.buffer.size = 33554432 (custom)
2019-09-26 20:19:46,477 [pool-67-thread-1] INFO  server.RaftServerConfigKeys (ConfUtils.java:logGet(43)) - raft.server.log.force.sync.num = 128 (default)
2019-09-26 20:19:46,477 [pool-107-thread-1] INFO  server.RaftServerConfigKeys (ConfUtils.java:logGet(43)) - raft.server.log.preallocated.size = 16384 (custom)
2019-09-26 20:19:46,477 [pool-67-thread-1] INFO  server.RaftServerConfigKeys (ConfUtils.java:logGet(43)) - raft.server.log.statemachine.data.sync = true (default)
2019-09-26 20:19:46,477 [pool-57-thread-1] INFO  server.RaftServerConfigKeys (ConfUtils.java:logGet(43)) - raft.server.snapshot.auto.trigger.enabled = true (custom)
2019-09-26 20:19:46,480 [pool-67-thread-1] INFO  server.RaftServerConfigKeys (ConfUtils.java:logGet(43)) - raft.server.log.statemachine.data.sync.timeout = 10s (default)
2019-09-26 20:19:46,480 [pool-107-thread-1] INFO  server.RaftServerConfigKeys (ConfUtils.java:logGet(43)) - raft.server.log.write.buffer.size = 33554432 (custom)
2019-09-26 20:19:46,480 [pool-67-thread-1] INFO  server.RaftServerConfigKeys (ConfUtils.java:logGet(43)) - raft.server.log.statemachine.data.sync.timeout.retry = -1 (default)
2019-09-26 20:19:46,480 [pool-57-thread-1] INFO  server.RaftServerConfigKeys (ConfUtils.java:logGet(43)) - raft.server.snapshot.auto.trigger.threshold = 10000 (custom)
2019-09-26 20:19:46,481 [pool-67-thread-1] INFO  server.RaftServerConfigKeys (ConfUtils.java:logGet(43)) - raft.server.log.statemachine.data.caching.enabled = true (custom)
2019-09-26 20:19:46,480 [pool-107-thread-1] INFO  server.RaftServerConfigKeys (ConfUtils.java:logGet(43)) - raft.server.log.force.sync.num = 128 (default)
2019-09-26 20:19:46,481 [pool-57-thread-1] INFO  server.RaftServerConfigKeys (ConfUtils.java:logGet(43)) - raft.server.snapshot.retention.num.files = 5 (custom)
2019-09-26 20:19:46,481 [pool-107-thread-1] INFO  server.RaftServerConfigKeys (ConfUtils.java:logGet(43)) - raft.server.log.statemachine.data.sync = true (default)
2019-09-26 20:19:46,481 [pool-67-thread-1] INFO  segmented.SegmentedRaftLogWorker (SegmentedRaftLogWorker.java:lambda$new$0(132)) - dbc4c3a6-ca05-4f67-828a-4e6bc2bd7fa8@group-6844D0E0A9D2-SegmentedRaftLogWorker: flushIndex: setUnconditionally 0 -> -1
2019-09-26 20:19:46,481 [pool-107-thread-1] INFO  server.RaftServerConfigKeys (ConfUtils.java:logGet(43)) - raft.server.log.statemachine.data.sync.timeout = 10s (default)
2019-09-26 20:19:46,481 [pool-57-thread-1] INFO  server.RaftServerConfigKeys (ConfUtils.java:logGet(43)) - raft.server.retrycache.expirytime = 600000ms (custom)
2019-09-26 20:19:46,481 [pool-67-thread-1] INFO  server.RaftServerConfigKeys (ConfUtils.java:logGet(43)) - raft.server.snapshot.auto.trigger.enabled = true (custom)
2019-09-26 20:19:46,481 [pool-107-thread-1] INFO  server.RaftServerConfigKeys (ConfUtils.java:logGet(43)) - raft.server.log.statemachine.data.sync.timeout.retry = -1 (default)
2019-09-26 20:19:46,482 [pool-67-thread-1] INFO  server.RaftServerConfigKeys (ConfUtils.java:logGet(43)) - raft.server.snapshot.auto.trigger.threshold = 10000 (custom)
2019-09-26 20:19:46,482 [pool-107-thread-1] INFO  server.RaftServerConfigKeys (ConfUtils.java:logGet(43)) - raft.server.log.statemachine.data.caching.enabled = true (custom)
2019-09-26 20:19:46,482 [pool-67-thread-1] INFO  server.RaftServerConfigKeys (ConfUtils.java:logGet(43)) - raft.server.snapshot.retention.num.files = 5 (custom)
2019-09-26 20:19:46,482 [pool-107-thread-1] INFO  segmented.SegmentedRaftLogWorker (SegmentedRaftLogWorker.java:lambda$new$0(132)) - 91aa48ae-f401-469d-b9d7-6f66a673a229@group-6844D0E0A9D2-SegmentedRaftLogWorker: flushIndex: setUnconditionally 0 -> -1
2019-09-26 20:19:46,482 [pool-67-thread-1] INFO  server.RaftServerConfigKeys (ConfUtils.java:logGet(43)) - raft.server.retrycache.expirytime = 600000ms (custom)
2019-09-26 20:19:46,482 [pool-107-thread-1] INFO  server.RaftServerConfigKeys (ConfUtils.java:logGet(43)) - raft.server.snapshot.auto.trigger.enabled = true (custom)
2019-09-26 20:19:46,483 [pool-107-thread-1] INFO  server.RaftServerConfigKeys (ConfUtils.java:logGet(43)) - raft.server.snapshot.auto.trigger.threshold = 10000 (custom)
2019-09-26 20:19:46,483 [pool-107-thread-1] INFO  server.RaftServerConfigKeys (ConfUtils.java:logGet(43)) - raft.server.snapshot.retention.num.files = 5 (custom)
2019-09-26 20:19:46,483 [pool-107-thread-1] INFO  server.RaftServerConfigKeys (ConfUtils.java:logGet(43)) - raft.server.retrycache.expirytime = 600000ms (custom)
2019-09-26 20:19:46,484 [pool-57-thread-1] INFO  impl.RaftServerImpl (RaftServerImpl.java:start(185)) - 3425e4bc-5d6a-41bf-abca-b714524a84c8@group-6844D0E0A9D2: start as a follower, conf=-1: [dbc4c3a6-ca05-4f67-828a-4e6bc2bd7fa8:192.168.151.109:41384, 3425e4bc-5d6a-41bf-abca-b714524a84c8:192.168.151.109:32871, 91aa48ae-f401-469d-b9d7-6f66a673a229:192.168.151.109:34036], old=null
2019-09-26 20:19:46,484 [pool-57-thread-1] INFO  impl.RaftServerImpl (RaftServerImpl.java:setRole(174)) - 3425e4bc-5d6a-41bf-abca-b714524a84c8@group-6844D0E0A9D2: changes role from      null to FOLLOWER at term 0 for startAsFollower
2019-09-26 20:19:46,484 [pool-57-thread-1] INFO  impl.RoleInfo (RoleInfo.java:updateAndGet(143)) - 3425e4bc-5d6a-41bf-abca-b714524a84c8: start FollowerState
2019-09-26 20:19:46,484 [pool-57-thread-1] INFO  util.JmxRegister (JmxRegister.java:tryRegister(44)) - Successfully registered JMX Bean with object name Ratis:service=RaftServer,group=group-6844D0E0A9D2,id=3425e4bc-5d6a-41bf-abca-b714524a84c8
2019-09-26 20:19:46,485 [pool-67-thread-1] INFO  impl.RaftServerImpl (RaftServerImpl.java:start(185)) - dbc4c3a6-ca05-4f67-828a-4e6bc2bd7fa8@group-6844D0E0A9D2: start as a follower, conf=-1: [dbc4c3a6-ca05-4f67-828a-4e6bc2bd7fa8:192.168.151.109:41384, 3425e4bc-5d6a-41bf-abca-b714524a84c8:192.168.151.109:32871, 91aa48ae-f401-469d-b9d7-6f66a673a229:192.168.151.109:34036], old=null
2019-09-26 20:19:46,485 [pool-67-thread-1] INFO  impl.RaftServerImpl (RaftServerImpl.java:setRole(174)) - dbc4c3a6-ca05-4f67-828a-4e6bc2bd7fa8@group-6844D0E0A9D2: changes role from      null to FOLLOWER at term 0 for startAsFollower
2019-09-26 20:19:46,485 [pool-67-thread-1] INFO  impl.RoleInfo (RoleInfo.java:updateAndGet(143)) - dbc4c3a6-ca05-4f67-828a-4e6bc2bd7fa8: start FollowerState
2019-09-26 20:19:46,486 [pool-107-thread-1] INFO  impl.RaftServerImpl (RaftServerImpl.java:start(185)) - 91aa48ae-f401-469d-b9d7-6f66a673a229@group-6844D0E0A9D2: start as a follower, conf=-1: [dbc4c3a6-ca05-4f67-828a-4e6bc2bd7fa8:192.168.151.109:41384, 3425e4bc-5d6a-41bf-abca-b714524a84c8:192.168.151.109:32871, 91aa48ae-f401-469d-b9d7-6f66a673a229:192.168.151.109:34036], old=null
2019-09-26 20:19:46,486 [pool-67-thread-1] INFO  util.JmxRegister (JmxRegister.java:tryRegister(44)) - Successfully registered JMX Bean with object name Ratis:service=RaftServer,group=group-6844D0E0A9D2,id=dbc4c3a6-ca05-4f67-828a-4e6bc2bd7fa8
2019-09-26 20:19:46,486 [pool-107-thread-1] INFO  impl.RaftServerImpl (RaftServerImpl.java:setRole(174)) - 91aa48ae-f401-469d-b9d7-6f66a673a229@group-6844D0E0A9D2: changes role from      null to FOLLOWER at term 0 for startAsFollower
2019-09-26 20:19:46,488 [pool-107-thread-1] INFO  impl.RoleInfo (RoleInfo.java:updateAndGet(143)) - 91aa48ae-f401-469d-b9d7-6f66a673a229: start FollowerState
2019-09-26 20:19:46,490 [pool-107-thread-1] INFO  util.JmxRegister (JmxRegister.java:tryRegister(44)) - Successfully registered JMX Bean with object name Ratis:service=RaftServer,group=group-6844D0E0A9D2,id=91aa48ae-f401-469d-b9d7-6f66a673a229
2019-09-26 20:19:46,515 [RatisPipelineUtilsThread] INFO  pipeline.PipelineStateManager (PipelineStateManager.java:addPipeline(56)) - Created pipeline Pipeline[ Id: 55364168-6a72-428c-9a90-6844d0e0a9d2, Nodes: 3425e4bc-5d6a-41bf-abca-b714524a84c8{ip: 192.168.151.109, host: pr-hdds-2162-kpcbn-4093309294, networkLocation: /default-rack, certSerialId: null}91aa48ae-f401-469d-b9d7-6f66a673a229{ip: 192.168.151.109, host: pr-hdds-2162-kpcbn-4093309294, networkLocation: /default-rack, certSerialId: null}dbc4c3a6-ca05-4f67-828a-4e6bc2bd7fa8{ip: 192.168.151.109, host: pr-hdds-2162-kpcbn-4093309294, networkLocation: /default-rack, certSerialId: null}, Type:RATIS, Factor:THREE, State:OPEN]
2019-09-26 20:19:46,534 [grpc-default-executor-0] INFO  impl.RaftServerProxy (RaftServerProxy.java:addNew(89)) - 56e6df74-335e-4e8f-9034-f9391d4bf622: addNew group-B9BD004D2960:[9612ee1f-db1c-4468-80df-d82c84da7864:192.168.151.109:40705, 16e8d13d-af64-4d88-a085-bc010d485d30:192.168.151.109:46318, 56e6df74-335e-4e8f-9034-f9391d4bf622:192.168.151.109:35113] returns group-B9BD004D2960:java.util.concurrent.CompletableFuture@6cefa586[Not completed]
2019-09-26 20:19:46,534 [grpc-default-executor-1] INFO  impl.RaftServerProxy (RaftServerProxy.java:addNew(89)) - 16e8d13d-af64-4d88-a085-bc010d485d30: addNew group-B9BD004D2960:[9612ee1f-db1c-4468-80df-d82c84da7864:192.168.151.109:40705, 16e8d13d-af64-4d88-a085-bc010d485d30:192.168.151.109:46318, 56e6df74-335e-4e8f-9034-f9391d4bf622:192.168.151.109:35113] returns group-B9BD004D2960:java.util.concurrent.CompletableFuture@729525ea[Not completed]
2019-09-26 20:19:46,536 [grpc-default-executor-2] INFO  impl.RaftServerProxy (RaftServerProxy.java:addNew(89)) - 9612ee1f-db1c-4468-80df-d82c84da7864: addNew group-B9BD004D2960:[9612ee1f-db1c-4468-80df-d82c84da7864:192.168.151.109:40705, 16e8d13d-af64-4d88-a085-bc010d485d30:192.168.151.109:46318, 56e6df74-335e-4e8f-9034-f9391d4bf622:192.168.151.109:35113] returns group-B9BD004D2960:java.util.concurrent.CompletableFuture@1288bdb3[Not completed]
2019-09-26 20:19:46,536 [pool-87-thread-1] INFO  impl.RaftServerImpl (RaftServerImpl.java:<init>(95)) - 56e6df74-335e-4e8f-9034-f9391d4bf622: new RaftServerImpl for group-B9BD004D2960:[9612ee1f-db1c-4468-80df-d82c84da7864:192.168.151.109:40705, 16e8d13d-af64-4d88-a085-bc010d485d30:192.168.151.109:46318, 56e6df74-335e-4e8f-9034-f9391d4bf622:192.168.151.109:35113] with ContainerStateMachine:uninitialized
2019-09-26 20:19:46,537 [pool-87-thread-1] INFO  server.RaftServerConfigKeys (ConfUtils.java:logGet(43)) - raft.server.rpc.timeout.min = 5s (custom)
2019-09-26 20:19:46,537 [pool-87-thread-1] INFO  server.RaftServerConfigKeys (ConfUtils.java:logGet(43)) - raft.server.rpc.timeout.max = 5200ms (custom)
2019-09-26 20:19:46,537 [pool-87-thread-1] INFO  server.RaftServerConfigKeys (ConfUtils.java:logGet(43)) - raft.server.rpcslowness.timeout = 120s (custom)
2019-09-26 20:19:46,537 [pool-87-thread-1] INFO  server.RaftServerConfigKeys (ConfUtils.java:logGet(43)) - raft.server.sleep.deviation.threshold = 300 (default)
2019-09-26 20:19:46,537 [pool-87-thread-1] INFO  server.RaftServerConfigKeys (ConfUtils.java:logGet(43)) - raft.server.log.appender.install.snapshot.enabled = false (custom)
2019-09-26 20:19:46,537 [pool-97-thread-1] INFO  impl.RaftServerImpl (RaftServerImpl.java:<init>(95)) - 9612ee1f-db1c-4468-80df-d82c84da7864: new RaftServerImpl for group-B9BD004D2960:[9612ee1f-db1c-4468-80df-d82c84da7864:192.168.151.109:40705, 16e8d13d-af64-4d88-a085-bc010d485d30:192.168.151.109:46318, 56e6df74-335e-4e8f-9034-f9391d4bf622:192.168.151.109:35113] with ContainerStateMachine:uninitialized
2019-09-26 20:19:46,537 [pool-87-thread-1] INFO  impl.RaftServerImpl (ServerState.java:<init>(103)) - 56e6df74-335e-4e8f-9034-f9391d4bf622@group-B9BD004D2960: ConfigurationManager, init=-1: [9612ee1f-db1c-4468-80df-d82c84da7864:192.168.151.109:40705, 16e8d13d-af64-4d88-a085-bc010d485d30:192.168.151.109:46318, 56e6df74-335e-4e8f-9034-f9391d4bf622:192.168.151.109:35113], old=null, confs=<EMPTY_MAP>
2019-09-26 20:19:46,537 [pool-97-thread-1] INFO  server.RaftServerConfigKeys (ConfUtils.java:logGet(43)) - raft.server.rpc.timeout.min = 5s (custom)
2019-09-26 20:19:46,537 [pool-87-thread-1] INFO  server.RaftServerConfigKeys (ConfUtils.java:logGet(43)) - raft.server.storage.dir = [/workdir/hadoop-ozone/integration-test/target/test-dir/MiniOzoneClusterImpl-81f3f93b-507a-4e54-bca6-ef1d0617e8f1/datanode-6/data/ratis] (custom)
2019-09-26 20:19:46,537 [pool-97-thread-1] INFO  server.RaftServerConfigKeys (ConfUtils.java:logGet(43)) - raft.server.rpc.timeout.max = 5200ms (custom)
2019-09-26 20:19:46,538 [pool-97-thread-1] INFO  server.RaftServerConfigKeys (ConfUtils.java:logGet(43)) - raft.server.rpcslowness.timeout = 120s (custom)
2019-09-26 20:19:46,538 [pool-97-thread-1] INFO  server.RaftServerConfigKeys (ConfUtils.java:logGet(43)) - raft.server.sleep.deviation.threshold = 300 (default)
2019-09-26 20:19:46,538 [pool-87-thread-1] INFO  storage.RaftStorageDirectory (RaftStorageDirectory.java:analyzeStorage(246)) - The storage directory /workdir/hadoop-ozone/integration-test/target/test-dir/MiniOzoneClusterImpl-81f3f93b-507a-4e54-bca6-ef1d0617e8f1/datanode-6/data/ratis/98e68af2-086b-46b3-bee8-b9bd004d2960 does not exist. Creating ...
2019-09-26 20:19:46,538 [pool-97-thread-1] INFO  server.RaftServerConfigKeys (ConfUtils.java:logGet(43)) - raft.server.log.appender.install.snapshot.enabled = false (custom)
2019-09-26 20:19:46,538 [pool-97-thread-1] INFO  impl.RaftServerImpl (ServerState.java:<init>(103)) - 9612ee1f-db1c-4468-80df-d82c84da7864@group-B9BD004D2960: ConfigurationManager, init=-1: [9612ee1f-db1c-4468-80df-d82c84da7864:192.168.151.109:40705, 16e8d13d-af64-4d88-a085-bc010d485d30:192.168.151.109:46318, 56e6df74-335e-4e8f-9034-f9391d4bf622:192.168.151.109:35113], old=null, confs=<EMPTY_MAP>
2019-09-26 20:19:46,538 [pool-117-thread-1] INFO  impl.RaftServerImpl (RaftServerImpl.java:<init>(95)) - 16e8d13d-af64-4d88-a085-bc010d485d30: new RaftServerImpl for group-B9BD004D2960:[9612ee1f-db1c-4468-80df-d82c84da7864:192.168.151.109:40705, 16e8d13d-af64-4d88-a085-bc010d485d30:192.168.151.109:46318, 56e6df74-335e-4e8f-9034-f9391d4bf622:192.168.151.109:35113] with ContainerStateMachine:uninitialized
2019-09-26 20:19:46,538 [pool-97-thread-1] INFO  server.RaftServerConfigKeys (ConfUtils.java:logGet(43)) - raft.server.storage.dir = [/workdir/hadoop-ozone/integration-test/target/test-dir/MiniOzoneClusterImpl-81f3f93b-507a-4e54-bca6-ef1d0617e8f1/datanode-7/data/ratis] (custom)
2019-09-26 20:19:46,538 [pool-117-thread-1] INFO  server.RaftServerConfigKeys (ConfUtils.java:logGet(43)) - raft.server.rpc.timeout.min = 5s (custom)
2019-09-26 20:19:46,538 [pool-117-thread-1] INFO  server.RaftServerConfigKeys (ConfUtils.java:logGet(43)) - raft.server.rpc.timeout.max = 5200ms (custom)
2019-09-26 20:19:46,538 [pool-97-thread-1] INFO  storage.RaftStorageDirectory (RaftStorageDirectory.java:analyzeStorage(246)) - The storage directory /workdir/hadoop-ozone/integration-test/target/test-dir/MiniOzoneClusterImpl-81f3f93b-507a-4e54-bca6-ef1d0617e8f1/datanode-7/data/ratis/98e68af2-086b-46b3-bee8-b9bd004d2960 does not exist. Creating ...
2019-09-26 20:19:46,539 [pool-117-thread-1] INFO  server.RaftServerConfigKeys (ConfUtils.java:logGet(43)) - raft.server.rpcslowness.timeout = 120s (custom)
2019-09-26 20:19:46,539 [pool-117-thread-1] INFO  server.RaftServerConfigKeys (ConfUtils.java:logGet(43)) - raft.server.sleep.deviation.threshold = 300 (default)
2019-09-26 20:19:46,539 [pool-117-thread-1] INFO  server.RaftServerConfigKeys (ConfUtils.java:logGet(43)) - raft.server.log.appender.install.snapshot.enabled = false (custom)
2019-09-26 20:19:46,539 [pool-117-thread-1] INFO  impl.RaftServerImpl (ServerState.java:<init>(103)) - 16e8d13d-af64-4d88-a085-bc010d485d30@group-B9BD004D2960: ConfigurationManager, init=-1: [9612ee1f-db1c-4468-80df-d82c84da7864:192.168.151.109:40705, 16e8d13d-af64-4d88-a085-bc010d485d30:192.168.151.109:46318, 56e6df74-335e-4e8f-9034-f9391d4bf622:192.168.151.109:35113], old=null, confs=<EMPTY_MAP>
2019-09-26 20:19:46,539 [pool-117-thread-1] INFO  server.RaftServerConfigKeys (ConfUtils.java:logGet(43)) - raft.server.storage.dir = [/workdir/hadoop-ozone/integration-test/target/test-dir/MiniOzoneClusterImpl-81f3f93b-507a-4e54-bca6-ef1d0617e8f1/datanode-9/data/ratis] (custom)
2019-09-26 20:19:46,540 [pool-117-thread-1] INFO  storage.RaftStorageDirectory (RaftStorageDirectory.java:analyzeStorage(246)) - The storage directory /workdir/hadoop-ozone/integration-test/target/test-dir/MiniOzoneClusterImpl-81f3f93b-507a-4e54-bca6-ef1d0617e8f1/datanode-9/data/ratis/98e68af2-086b-46b3-bee8-b9bd004d2960 does not exist. Creating ...
2019-09-26 20:19:46,551 [pool-117-thread-1] INFO  storage.RaftStorageDirectory (RaftStorageDirectory.java:tryLock(328)) - Lock on /workdir/hadoop-ozone/integration-test/target/test-dir/MiniOzoneClusterImpl-81f3f93b-507a-4e54-bca6-ef1d0617e8f1/datanode-9/data/ratis/98e68af2-086b-46b3-bee8-b9bd004d2960/in_use.lock acquired by nodename 28499@pr-hdds-2162-kpcbn-4093309294
2019-09-26 20:19:46,551 [pool-97-thread-1] INFO  storage.RaftStorageDirectory (RaftStorageDirectory.java:tryLock(328)) - Lock on /workdir/hadoop-ozone/integration-test/target/test-dir/MiniOzoneClusterImpl-81f3f93b-507a-4e54-bca6-ef1d0617e8f1/datanode-7/data/ratis/98e68af2-086b-46b3-bee8-b9bd004d2960/in_use.lock acquired by nodename 28499@pr-hdds-2162-kpcbn-4093309294
2019-09-26 20:19:46,551 [pool-87-thread-1] INFO  storage.RaftStorageDirectory (RaftStorageDirectory.java:tryLock(328)) - Lock on /workdir/hadoop-ozone/integration-test/target/test-dir/MiniOzoneClusterImpl-81f3f93b-507a-4e54-bca6-ef1d0617e8f1/datanode-6/data/ratis/98e68af2-086b-46b3-bee8-b9bd004d2960/in_use.lock acquired by nodename 28499@pr-hdds-2162-kpcbn-4093309294
2019-09-26 20:19:46,564 [pool-97-thread-1] INFO  storage.RaftStorage (RaftStorage.java:format(72)) - Storage directory /workdir/hadoop-ozone/integration-test/target/test-dir/MiniOzoneClusterImpl-81f3f93b-507a-4e54-bca6-ef1d0617e8f1/datanode-7/data/ratis/98e68af2-086b-46b3-bee8-b9bd004d2960 has been successfully formatted.
2019-09-26 20:19:46,564 [pool-87-thread-1] INFO  storage.RaftStorage (RaftStorage.java:format(72)) - Storage directory /workdir/hadoop-ozone/integration-test/target/test-dir/MiniOzoneClusterImpl-81f3f93b-507a-4e54-bca6-ef1d0617e8f1/datanode-6/data/ratis/98e68af2-086b-46b3-bee8-b9bd004d2960 has been successfully formatted.
2019-09-26 20:19:46,564 [pool-117-thread-1] INFO  storage.RaftStorage (RaftStorage.java:format(72)) - Storage directory /workdir/hadoop-ozone/integration-test/target/test-dir/MiniOzoneClusterImpl-81f3f93b-507a-4e54-bca6-ef1d0617e8f1/datanode-9/data/ratis/98e68af2-086b-46b3-bee8-b9bd004d2960 has been successfully formatted.
2019-09-26 20:19:46,565 [pool-97-thread-1] INFO  ratis.ContainerStateMachine (ContainerStateMachine.java:loadSnapshot(230)) - group-B9BD004D2960: The snapshot info is null. Setting the last applied indexto:(t:0, i:~)
2019-09-26 20:19:46,565 [pool-87-thread-1] INFO  ratis.ContainerStateMachine (ContainerStateMachine.java:loadSnapshot(230)) - group-B9BD004D2960: The snapshot info is null. Setting the last applied indexto:(t:0, i:~)
2019-09-26 20:19:46,565 [pool-97-thread-1] INFO  server.RaftServerConfigKeys (ConfUtils.java:logGet(43)) - raft.server.notification.no-leader.timeout = 120s (custom)
2019-09-26 20:19:46,565 [pool-117-thread-1] INFO  ratis.ContainerStateMachine (ContainerStateMachine.java:loadSnapshot(230)) - group-B9BD004D2960: The snapshot info is null. Setting the last applied indexto:(t:0, i:~)
2019-09-26 20:19:46,565 [pool-97-thread-1] INFO  server.RaftServerConfigKeys (ConfUtils.java:logGet(43)) - raft.server.log.use.memory = false (default)
2019-09-26 20:19:46,565 [pool-87-thread-1] INFO  server.RaftServerConfigKeys (ConfUtils.java:logGet(43)) - raft.server.notification.no-leader.timeout = 120s (custom)
2019-09-26 20:19:46,565 [pool-97-thread-1] INFO  server.RaftServerConfigKeys (ConfUtils.java:logGet(43)) - raft.server.log.purge.gap = 1000000 (custom)
2019-09-26 20:19:46,565 [pool-117-thread-1] INFO  server.RaftServerConfigKeys (ConfUtils.java:logGet(43)) - raft.server.notification.no-leader.timeout = 120s (custom)
2019-09-26 20:19:46,565 [pool-97-thread-1] INFO  server.RaftServerConfigKeys (ConfUtils.java:logGet(43)) - raft.server.log.appender.buffer.byte-limit = 33554432 (custom)
2019-09-26 20:19:46,565 [pool-87-thread-1] INFO  server.RaftServerConfigKeys (ConfUtils.java:logGet(43)) - raft.server.log.use.memory = false (default)
2019-09-26 20:19:46,565 [pool-97-thread-1] INFO  server.RaftServerConfigKeys (ConfUtils.java:logGet(43)) - raft.server.log.segment.size.max = 1048576 (custom)
2019-09-26 20:19:46,565 [pool-117-thread-1] INFO  server.RaftServerConfigKeys (ConfUtils.java:logGet(43)) - raft.server.log.use.memory = false (default)
2019-09-26 20:19:46,566 [pool-97-thread-1] INFO  server.RaftServerConfigKeys (ConfUtils.java:logGet(43)) - raft.server.log.segment.cache.num.max = 2 (custom)
2019-09-26 20:19:46,566 [pool-87-thread-1] INFO  server.RaftServerConfigKeys (ConfUtils.java:logGet(43)) - raft.server.log.purge.gap = 1000000 (custom)
2019-09-26 20:19:46,566 [pool-97-thread-1] INFO  segmented.SegmentedRaftLogWorker (SegmentedRaftLogWorker.java:<init>(172)) - new 9612ee1f-db1c-4468-80df-d82c84da7864@group-B9BD004D2960-SegmentedRaftLogWorker for RaftStorage:Storage Directory /workdir/hadoop-ozone/integration-test/target/test-dir/MiniOzoneClusterImpl-81f3f93b-507a-4e54-bca6-ef1d0617e8f1/datanode-7/data/ratis/98e68af2-086b-46b3-bee8-b9bd004d2960
2019-09-26 20:19:46,566 [pool-117-thread-1] INFO  server.RaftServerConfigKeys (ConfUtils.java:logGet(43)) - raft.server.log.purge.gap = 1000000 (custom)
2019-09-26 20:19:46,566 [pool-87-thread-1] INFO  server.RaftServerConfigKeys (ConfUtils.java:logGet(43)) - raft.server.log.appender.buffer.byte-limit = 33554432 (custom)
2019-09-26 20:19:46,566 [pool-117-thread-1] INFO  server.RaftServerConfigKeys (ConfUtils.java:logGet(43)) - raft.server.log.appender.buffer.byte-limit = 33554432 (custom)
2019-09-26 20:19:46,566 [pool-97-thread-1] INFO  server.RaftServerConfigKeys (ConfUtils.java:logGet(43)) - raft.server.log.queue.byte-limit = 2147483647 (custom)
2019-09-26 20:19:46,566 [pool-117-thread-1] INFO  server.RaftServerConfigKeys (ConfUtils.java:logGet(43)) - raft.server.log.segment.size.max = 1048576 (custom)
2019-09-26 20:19:46,566 [pool-87-thread-1] INFO  server.RaftServerConfigKeys (ConfUtils.java:logGet(43)) - raft.server.log.segment.size.max = 1048576 (custom)
2019-09-26 20:19:46,566 [pool-117-thread-1] INFO  server.RaftServerConfigKeys (ConfUtils.java:logGet(43)) - raft.server.log.segment.cache.num.max = 2 (custom)
2019-09-26 20:19:46,566 [pool-97-thread-1] INFO  server.RaftServerConfigKeys (ConfUtils.java:logGet(43)) - raft.server.log.queue.element-limit = 1024 (custom)
2019-09-26 20:19:46,567 [pool-117-thread-1] INFO  segmented.SegmentedRaftLogWorker (SegmentedRaftLogWorker.java:<init>(172)) - new 16e8d13d-af64-4d88-a085-bc010d485d30@group-B9BD004D2960-SegmentedRaftLogWorker for RaftStorage:Storage Directory /workdir/hadoop-ozone/integration-test/target/test-dir/MiniOzoneClusterImpl-81f3f93b-507a-4e54-bca6-ef1d0617e8f1/datanode-9/data/ratis/98e68af2-086b-46b3-bee8-b9bd004d2960
2019-09-26 20:19:46,567 [pool-87-thread-1] INFO  server.RaftServerConfigKeys (ConfUtils.java:logGet(43)) - raft.server.log.segment.cache.num.max = 2 (custom)
2019-09-26 20:19:46,567 [pool-117-thread-1] INFO  server.RaftServerConfigKeys (ConfUtils.java:logGet(43)) - raft.server.log.queue.byte-limit = 2147483647 (custom)
2019-09-26 20:19:46,567 [pool-97-thread-1] INFO  server.RaftServerConfigKeys (ConfUtils.java:logGet(43)) - raft.server.log.segment.size.max = 1048576 (custom)
2019-09-26 20:19:46,567 [pool-117-thread-1] INFO  server.RaftServerConfigKeys (ConfUtils.java:logGet(43)) - raft.server.log.queue.element-limit = 1024 (custom)
2019-09-26 20:19:46,567 [pool-87-thread-1] INFO  segmented.SegmentedRaftLogWorker (SegmentedRaftLogWorker.java:<init>(172)) - new 56e6df74-335e-4e8f-9034-f9391d4bf622@group-B9BD004D2960-SegmentedRaftLogWorker for RaftStorage:Storage Directory /workdir/hadoop-ozone/integration-test/target/test-dir/MiniOzoneClusterImpl-81f3f93b-507a-4e54-bca6-ef1d0617e8f1/datanode-6/data/ratis/98e68af2-086b-46b3-bee8-b9bd004d2960
2019-09-26 20:19:46,567 [pool-117-thread-1] INFO  server.RaftServerConfigKeys (ConfUtils.java:logGet(43)) - raft.server.log.segment.size.max = 1048576 (custom)
2019-09-26 20:19:46,567 [pool-97-thread-1] INFO  server.RaftServerConfigKeys (ConfUtils.java:logGet(43)) - raft.server.log.preallocated.size = 16384 (custom)
2019-09-26 20:19:46,568 [pool-117-thread-1] INFO  server.RaftServerConfigKeys (ConfUtils.java:logGet(43)) - raft.server.log.preallocated.size = 16384 (custom)
2019-09-26 20:19:46,567 [pool-87-thread-1] INFO  server.RaftServerConfigKeys (ConfUtils.java:logGet(43)) - raft.server.log.queue.byte-limit = 2147483647 (custom)
2019-09-26 20:19:46,568 [pool-117-thread-1] INFO  server.RaftServerConfigKeys (ConfUtils.java:logGet(43)) - raft.server.log.write.buffer.size = 33554432 (custom)
2019-09-26 20:19:46,568 [pool-97-thread-1] INFO  server.RaftServerConfigKeys (ConfUtils.java:logGet(43)) - raft.server.log.write.buffer.size = 33554432 (custom)
2019-09-26 20:19:46,568 [pool-117-thread-1] INFO  server.RaftServerConfigKeys (ConfUtils.java:logGet(43)) - raft.server.log.force.sync.num = 128 (default)
2019-09-26 20:19:46,568 [pool-87-thread-1] INFO  server.RaftServerConfigKeys (ConfUtils.java:logGet(43)) - raft.server.log.queue.element-limit = 1024 (custom)
2019-09-26 20:19:46,570 [pool-117-thread-1] INFO  server.RaftServerConfigKeys (ConfUtils.java:logGet(43)) - raft.server.log.statemachine.data.sync = true (default)
2019-09-26 20:19:46,569 [pool-97-thread-1] INFO  server.RaftServerConfigKeys (ConfUtils.java:logGet(43)) - raft.server.log.force.sync.num = 128 (default)
2019-09-26 20:19:46,570 [pool-117-thread-1] INFO  server.RaftServerConfigKeys (ConfUtils.java:logGet(43)) - raft.server.log.statemachine.data.sync.timeout = 10s (default)
2019-09-26 20:19:46,570 [pool-87-thread-1] INFO  server.RaftServerConfigKeys (ConfUtils.java:logGet(43)) - raft.server.log.segment.size.max = 1048576 (custom)
2019-09-26 20:19:46,570 [pool-117-thread-1] INFO  server.RaftServerConfigKeys (ConfUtils.java:logGet(43)) - raft.server.log.statemachine.data.sync.timeout.retry = -1 (default)
2019-09-26 20:19:46,570 [pool-97-thread-1] INFO  server.RaftServerConfigKeys (ConfUtils.java:logGet(43)) - raft.server.log.statemachine.data.sync = true (default)
2019-09-26 20:19:46,570 [pool-117-thread-1] INFO  server.RaftServerConfigKeys (ConfUtils.java:logGet(43)) - raft.server.log.statemachine.data.caching.enabled = true (custom)
2019-09-26 20:19:46,570 [pool-87-thread-1] INFO  server.RaftServerConfigKeys (ConfUtils.java:logGet(43)) - raft.server.log.preallocated.size = 16384 (custom)
2019-09-26 20:19:46,570 [pool-97-thread-1] INFO  server.RaftServerConfigKeys (ConfUtils.java:logGet(43)) - raft.server.log.statemachine.data.sync.timeout = 10s (default)
2019-09-26 20:19:46,570 [pool-117-thread-1] INFO  segmented.SegmentedRaftLogWorker (SegmentedRaftLogWorker.java:lambda$new$0(132)) - 16e8d13d-af64-4d88-a085-bc010d485d30@group-B9BD004D2960-SegmentedRaftLogWorker: flushIndex: setUnconditionally 0 -> -1
2019-09-26 20:19:46,570 [pool-87-thread-1] INFO  server.RaftServerConfigKeys (ConfUtils.java:logGet(43)) - raft.server.log.write.buffer.size = 33554432 (custom)
2019-09-26 20:19:46,571 [pool-117-thread-1] INFO  server.RaftServerConfigKeys (ConfUtils.java:logGet(43)) - raft.server.snapshot.auto.trigger.enabled = true (custom)
2019-09-26 20:19:46,571 [pool-97-thread-1] INFO  server.RaftServerConfigKeys (ConfUtils.java:logGet(43)) - raft.server.log.statemachine.data.sync.timeout.retry = -1 (default)
2019-09-26 20:19:46,571 [pool-117-thread-1] INFO  server.RaftServerConfigKeys (ConfUtils.java:logGet(43)) - raft.server.snapshot.auto.trigger.threshold = 10000 (custom)
2019-09-26 20:19:46,571 [pool-87-thread-1] INFO  server.RaftServerConfigKeys (ConfUtils.java:logGet(43)) - raft.server.log.force.sync.num = 128 (default)
2019-09-26 20:19:46,571 [pool-117-thread-1] INFO  server.RaftServerConfigKeys (ConfUtils.java:logGet(43)) - raft.server.snapshot.retention.num.files = 5 (custom)
2019-09-26 20:19:46,571 [pool-97-thread-1] INFO  server.RaftServerConfigKeys (ConfUtils.java:logGet(43)) - raft.server.log.statemachine.data.caching.enabled = true (custom)
2019-09-26 20:19:46,571 [pool-117-thread-1] INFO  server.RaftServerConfigKeys (ConfUtils.java:logGet(43)) - raft.server.retrycache.expirytime = 600000ms (custom)
2019-09-26 20:19:46,571 [pool-87-thread-1] INFO  server.RaftServerConfigKeys (ConfUtils.java:logGet(43)) - raft.server.log.statemachine.data.sync = true (default)
2019-09-26 20:19:46,572 [pool-97-thread-1] INFO  segmented.SegmentedRaftLogWorker (SegmentedRaftLogWorker.java:lambda$new$0(132)) - 9612ee1f-db1c-4468-80df-d82c84da7864@group-B9BD004D2960-SegmentedRaftLogWorker: flushIndex: setUnconditionally 0 -> -1
2019-09-26 20:19:46,572 [pool-87-thread-1] INFO  server.RaftServerConfigKeys (ConfUtils.java:logGet(43)) - raft.server.log.statemachine.data.sync.timeout = 10s (default)
2019-09-26 20:19:46,572 [pool-87-thread-1] INFO  server.RaftServerConfigKeys (ConfUtils.java:logGet(43)) - raft.server.log.statemachine.data.sync.timeout.retry = -1 (default)
2019-09-26 20:19:46,572 [pool-97-thread-1] INFO  server.RaftServerConfigKeys (ConfUtils.java:logGet(43)) - raft.server.snapshot.auto.trigger.enabled = true (custom)
2019-09-26 20:19:46,572 [pool-97-thread-1] INFO  server.RaftServerConfigKeys (ConfUtils.java:logGet(43)) - raft.server.snapshot.auto.trigger.threshold = 10000 (custom)
2019-09-26 20:19:46,572 [pool-87-thread-1] INFO  server.RaftServerConfigKeys (ConfUtils.java:logGet(43)) - raft.server.log.statemachine.data.caching.enabled = true (custom)
2019-09-26 20:19:46,572 [pool-97-thread-1] INFO  server.RaftServerConfigKeys (ConfUtils.java:logGet(43)) - raft.server.snapshot.retention.num.files = 5 (custom)
2019-09-26 20:19:46,572 [pool-97-thread-1] INFO  server.RaftServerConfigKeys (ConfUtils.java:logGet(43)) - raft.server.retrycache.expirytime = 600000ms (custom)
2019-09-26 20:19:46,572 [pool-87-thread-1] INFO  segmented.SegmentedRaftLogWorker (SegmentedRaftLogWorker.java:lambda$new$0(132)) - 56e6df74-335e-4e8f-9034-f9391d4bf622@group-B9BD004D2960-SegmentedRaftLogWorker: flushIndex: setUnconditionally 0 -> -1
2019-09-26 20:19:46,573 [pool-87-thread-1] INFO  server.RaftServerConfigKeys (ConfUtils.java:logGet(43)) - raft.server.snapshot.auto.trigger.enabled = true (custom)
2019-09-26 20:19:46,573 [pool-87-thread-1] INFO  server.RaftServerConfigKeys (ConfUtils.java:logGet(43)) - raft.server.snapshot.auto.trigger.threshold = 10000 (custom)
2019-09-26 20:19:46,573 [pool-87-thread-1] INFO  server.RaftServerConfigKeys (ConfUtils.java:logGet(43)) - raft.server.snapshot.retention.num.files = 5 (custom)
2019-09-26 20:19:46,573 [pool-87-thread-1] INFO  server.RaftServerConfigKeys (ConfUtils.java:logGet(43)) - raft.server.retrycache.expirytime = 600000ms (custom)
2019-09-26 20:19:46,573 [pool-117-thread-1] INFO  impl.RaftServerImpl (RaftServerImpl.java:start(185)) - 16e8d13d-af64-4d88-a085-bc010d485d30@group-B9BD004D2960: start as a follower, conf=-1: [9612ee1f-db1c-4468-80df-d82c84da7864:192.168.151.109:40705, 16e8d13d-af64-4d88-a085-bc010d485d30:192.168.151.109:46318, 56e6df74-335e-4e8f-9034-f9391d4bf622:192.168.151.109:35113], old=null
2019-09-26 20:19:46,574 [pool-117-thread-1] INFO  impl.RaftServerImpl (RaftServerImpl.java:setRole(174)) - 16e8d13d-af64-4d88-a085-bc010d485d30@group-B9BD004D2960: changes role from      null to FOLLOWER at term 0 for startAsFollower
2019-09-26 20:19:46,574 [pool-117-thread-1] INFO  impl.RoleInfo (RoleInfo.java:updateAndGet(143)) - 16e8d13d-af64-4d88-a085-bc010d485d30: start FollowerState
2019-09-26 20:19:46,574 [pool-117-thread-1] INFO  util.JmxRegister (JmxRegister.java:tryRegister(44)) - Successfully registered JMX Bean with object name Ratis:service=RaftServer,group=group-B9BD004D2960,id=16e8d13d-af64-4d88-a085-bc010d485d30
2019-09-26 20:19:46,574 [pool-97-thread-1] INFO  impl.RaftServerImpl (RaftServerImpl.java:start(185)) - 9612ee1f-db1c-4468-80df-d82c84da7864@group-B9BD004D2960: start as a follower, conf=-1: [9612ee1f-db1c-4468-80df-d82c84da7864:192.168.151.109:40705, 16e8d13d-af64-4d88-a085-bc010d485d30:192.168.151.109:46318, 56e6df74-335e-4e8f-9034-f9391d4bf622:192.168.151.109:35113], old=null
2019-09-26 20:19:46,574 [pool-97-thread-1] INFO  impl.RaftServerImpl (RaftServerImpl.java:setRole(174)) - 9612ee1f-db1c-4468-80df-d82c84da7864@group-B9BD004D2960: changes role from      null to FOLLOWER at term 0 for startAsFollower
2019-09-26 20:19:46,574 [pool-97-thread-1] INFO  impl.RoleInfo (RoleInfo.java:updateAndGet(143)) - 9612ee1f-db1c-4468-80df-d82c84da7864: start FollowerState
2019-09-26 20:19:46,575 [pool-97-thread-1] INFO  util.JmxRegister (JmxRegister.java:tryRegister(44)) - Successfully registered JMX Bean with object name Ratis:service=RaftServer,group=group-B9BD004D2960,id=9612ee1f-db1c-4468-80df-d82c84da7864
2019-09-26 20:19:46,576 [pool-87-thread-1] INFO  impl.RaftServerImpl (RaftServerImpl.java:start(185)) - 56e6df74-335e-4e8f-9034-f9391d4bf622@group-B9BD004D2960: start as a follower, conf=-1: [9612ee1f-db1c-4468-80df-d82c84da7864:192.168.151.109:40705, 16e8d13d-af64-4d88-a085-bc010d485d30:192.168.151.109:46318, 56e6df74-335e-4e8f-9034-f9391d4bf622:192.168.151.109:35113], old=null
2019-09-26 20:19:46,582 [pool-87-thread-1] INFO  impl.RaftServerImpl (RaftServerImpl.java:setRole(174)) - 56e6df74-335e-4e8f-9034-f9391d4bf622@group-B9BD004D2960: changes role from      null to FOLLOWER at term 0 for startAsFollower
2019-09-26 20:19:46,583 [pool-87-thread-1] INFO  impl.RoleInfo (RoleInfo.java:updateAndGet(143)) - 56e6df74-335e-4e8f-9034-f9391d4bf622: start FollowerState
2019-09-26 20:19:46,585 [pool-87-thread-1] INFO  util.JmxRegister (JmxRegister.java:tryRegister(44)) - Successfully registered JMX Bean with object name Ratis:service=RaftServer,group=group-B9BD004D2960,id=56e6df74-335e-4e8f-9034-f9391d4bf622
2019-09-26 20:19:46,591 [RatisPipelineUtilsThread] INFO  pipeline.PipelineStateManager (PipelineStateManager.java:addPipeline(56)) - Created pipeline Pipeline[ Id: 98e68af2-086b-46b3-bee8-b9bd004d2960, Nodes: 9612ee1f-db1c-4468-80df-d82c84da7864{ip: 192.168.151.109, host: pr-hdds-2162-kpcbn-4093309294, networkLocation: /default-rack, certSerialId: null}16e8d13d-af64-4d88-a085-bc010d485d30{ip: 192.168.151.109, host: pr-hdds-2162-kpcbn-4093309294, networkLocation: /default-rack, certSerialId: null}56e6df74-335e-4e8f-9034-f9391d4bf622{ip: 192.168.151.109, host: pr-hdds-2162-kpcbn-4093309294, networkLocation: /default-rack, certSerialId: null}, Type:RATIS, Factor:THREE, State:OPEN]
2019-09-26 20:19:46,611 [grpc-default-executor-0] INFO  impl.RaftServerProxy (RaftServerProxy.java:addNew(89)) - 402982a9-fa7b-4360-bb6f-7bf73c96b049: addNew group-5CFE9CCBA5A2:[1335ae9d-cf28-460b-8cef-3605e68fd742:192.168.151.109:35473, 54d75f05-459a-41f1-a160-6bbdb25ca921:192.168.151.109:45423, 402982a9-fa7b-4360-bb6f-7bf73c96b049:192.168.151.109:34773] returns group-5CFE9CCBA5A2:java.util.concurrent.CompletableFuture@6a9fcc50[Not completed]
2019-09-26 20:19:46,611 [grpc-default-executor-2] INFO  impl.RaftServerProxy (RaftServerProxy.java:addNew(89)) - 54d75f05-459a-41f1-a160-6bbdb25ca921: addNew group-5CFE9CCBA5A2:[1335ae9d-cf28-460b-8cef-3605e68fd742:192.168.151.109:35473, 54d75f05-459a-41f1-a160-6bbdb25ca921:192.168.151.109:45423, 402982a9-fa7b-4360-bb6f-7bf73c96b049:192.168.151.109:34773] returns group-5CFE9CCBA5A2:java.util.concurrent.CompletableFuture@6af37e70[Not completed]
2019-09-26 20:19:46,615 [grpc-default-executor-1] INFO  impl.RaftServerProxy (RaftServerProxy.java:addNew(89)) - 1335ae9d-cf28-460b-8cef-3605e68fd742: addNew group-5CFE9CCBA5A2:[1335ae9d-cf28-460b-8cef-3605e68fd742:192.168.151.109:35473, 54d75f05-459a-41f1-a160-6bbdb25ca921:192.168.151.109:45423, 402982a9-fa7b-4360-bb6f-7bf73c96b049:192.168.151.109:34773] returns group-5CFE9CCBA5A2:java.util.concurrent.CompletableFuture@a9fd372[Not completed]
2019-09-26 20:19:46,616 [pool-47-thread-1] INFO  impl.RaftServerImpl (RaftServerImpl.java:<init>(95)) - 402982a9-fa7b-4360-bb6f-7bf73c96b049: new RaftServerImpl for group-5CFE9CCBA5A2:[1335ae9d-cf28-460b-8cef-3605e68fd742:192.168.151.109:35473, 54d75f05-459a-41f1-a160-6bbdb25ca921:192.168.151.109:45423, 402982a9-fa7b-4360-bb6f-7bf73c96b049:192.168.151.109:34773] with ContainerStateMachine:uninitialized
2019-09-26 20:19:46,616 [pool-47-thread-1] INFO  server.RaftServerConfigKeys (ConfUtils.java:logGet(43)) - raft.server.rpc.timeout.min = 5s (custom)
2019-09-26 20:19:46,616 [pool-47-thread-1] INFO  server.RaftServerConfigKeys (ConfUtils.java:logGet(43)) - raft.server.rpc.timeout.max = 5200ms (custom)
2019-09-26 20:19:46,616 [pool-47-thread-1] INFO  server.RaftServerConfigKeys (ConfUtils.java:logGet(43)) - raft.server.rpcslowness.timeout = 120s (custom)
2019-09-26 20:19:46,616 [pool-47-thread-1] INFO  server.RaftServerConfigKeys (ConfUtils.java:logGet(43)) - raft.server.sleep.deviation.threshold = 300 (default)
2019-09-26 20:19:46,616 [pool-37-thread-1] INFO  impl.RaftServerImpl (RaftServerImpl.java:<init>(95)) - 1335ae9d-cf28-460b-8cef-3605e68fd742: new RaftServerImpl for group-5CFE9CCBA5A2:[1335ae9d-cf28-460b-8cef-3605e68fd742:192.168.151.109:35473, 54d75f05-459a-41f1-a160-6bbdb25ca921:192.168.151.109:45423, 402982a9-fa7b-4360-bb6f-7bf73c96b049:192.168.151.109:34773] with ContainerStateMachine:uninitialized
2019-09-26 20:19:46,616 [pool-47-thread-1] INFO  server.RaftServerConfigKeys (ConfUtils.java:logGet(43)) - raft.server.log.appender.install.snapshot.enabled = false (custom)
2019-09-26 20:19:46,617 [pool-37-thread-1] INFO  server.RaftServerConfigKeys (ConfUtils.java:logGet(43)) - raft.server.rpc.timeout.min = 5s (custom)
2019-09-26 20:19:46,617 [pool-47-thread-1] INFO  impl.RaftServerImpl (ServerState.java:<init>(103)) - 402982a9-fa7b-4360-bb6f-7bf73c96b049@group-5CFE9CCBA5A2: ConfigurationManager, init=-1: [1335ae9d-cf28-460b-8cef-3605e68fd742:192.168.151.109:35473, 54d75f05-459a-41f1-a160-6bbdb25ca921:192.168.151.109:45423, 402982a9-fa7b-4360-bb6f-7bf73c96b049:192.168.151.109:34773], old=null, confs=<EMPTY_MAP>
2019-09-26 20:19:46,617 [pool-37-thread-1] INFO  server.RaftServerConfigKeys (ConfUtils.java:logGet(43)) - raft.server.rpc.timeout.max = 5200ms (custom)
2019-09-26 20:19:46,617 [pool-37-thread-1] INFO  server.RaftServerConfigKeys (ConfUtils.java:logGet(43)) - raft.server.rpcslowness.timeout = 120s (custom)
2019-09-26 20:19:46,617 [pool-47-thread-1] INFO  server.RaftServerConfigKeys (ConfUtils.java:logGet(43)) - raft.server.storage.dir = [/workdir/hadoop-ozone/integration-test/target/test-dir/MiniOzoneClusterImpl-81f3f93b-507a-4e54-bca6-ef1d0617e8f1/datanode-2/data/ratis] (custom)
2019-09-26 20:19:46,617 [pool-37-thread-1] INFO  server.RaftServerConfigKeys (ConfUtils.java:logGet(43)) - raft.server.sleep.deviation.threshold = 300 (default)
2019-09-26 20:19:46,617 [pool-37-thread-1] INFO  server.RaftServerConfigKeys (ConfUtils.java:logGet(43)) - raft.server.log.appender.install.snapshot.enabled = false (custom)
2019-09-26 20:19:46,617 [pool-77-thread-1] INFO  impl.RaftServerImpl (RaftServerImpl.java:<init>(95)) - 54d75f05-459a-41f1-a160-6bbdb25ca921: new RaftServerImpl for group-5CFE9CCBA5A2:[1335ae9d-cf28-460b-8cef-3605e68fd742:192.168.151.109:35473, 54d75f05-459a-41f1-a160-6bbdb25ca921:192.168.151.109:45423, 402982a9-fa7b-4360-bb6f-7bf73c96b049:192.168.151.109:34773] with ContainerStateMachine:uninitialized
2019-09-26 20:19:46,617 [pool-37-thread-1] INFO  impl.RaftServerImpl (ServerState.java:<init>(103)) - 1335ae9d-cf28-460b-8cef-3605e68fd742@group-5CFE9CCBA5A2: ConfigurationManager, init=-1: [1335ae9d-cf28-460b-8cef-3605e68fd742:192.168.151.109:35473, 54d75f05-459a-41f1-a160-6bbdb25ca921:192.168.151.109:45423, 402982a9-fa7b-4360-bb6f-7bf73c96b049:192.168.151.109:34773], old=null, confs=<EMPTY_MAP>
2019-09-26 20:19:46,617 [pool-77-thread-1] INFO  server.RaftServerConfigKeys (ConfUtils.java:logGet(43)) - raft.server.rpc.timeout.min = 5s (custom)
2019-09-26 20:19:46,617 [pool-47-thread-1] INFO  storage.RaftStorageDirectory (RaftStorageDirectory.java:analyzeStorage(246)) - The storage directory /workdir/hadoop-ozone/integration-test/target/test-dir/MiniOzoneClusterImpl-81f3f93b-507a-4e54-bca6-ef1d0617e8f1/datanode-2/data/ratis/d0d80637-dc47-41c9-899a-5cfe9ccba5a2 does not exist. Creating ...
2019-09-26 20:19:46,618 [pool-77-thread-1] INFO  server.RaftServerConfigKeys (ConfUtils.java:logGet(43)) - raft.server.rpc.timeout.max = 5200ms (custom)
2019-09-26 20:19:46,618 [pool-37-thread-1] INFO  server.RaftServerConfigKeys (ConfUtils.java:logGet(43)) - raft.server.storage.dir = [/workdir/hadoop-ozone/integration-test/target/test-dir/MiniOzoneClusterImpl-81f3f93b-507a-4e54-bca6-ef1d0617e8f1/datanode-1/data/ratis] (custom)
2019-09-26 20:19:46,618 [pool-77-thread-1] INFO  server.RaftServerConfigKeys (ConfUtils.java:logGet(43)) - raft.server.rpcslowness.timeout = 120s (custom)
2019-09-26 20:19:46,618 [pool-77-thread-1] INFO  server.RaftServerConfigKeys (ConfUtils.java:logGet(43)) - raft.server.sleep.deviation.threshold = 300 (default)
2019-09-26 20:19:46,618 [pool-37-thread-1] INFO  storage.RaftStorageDirectory (RaftStorageDirectory.java:analyzeStorage(246)) - The storage directory /workdir/hadoop-ozone/integration-test/target/test-dir/MiniOzoneClusterImpl-81f3f93b-507a-4e54-bca6-ef1d0617e8f1/datanode-1/data/ratis/d0d80637-dc47-41c9-899a-5cfe9ccba5a2 does not exist. Creating ...
2019-09-26 20:19:46,618 [pool-77-thread-1] INFO  server.RaftServerConfigKeys (ConfUtils.java:logGet(43)) - raft.server.log.appender.install.snapshot.enabled = false (custom)
2019-09-26 20:19:46,618 [pool-77-thread-1] INFO  impl.RaftServerImpl (ServerState.java:<init>(103)) - 54d75f05-459a-41f1-a160-6bbdb25ca921@group-5CFE9CCBA5A2: ConfigurationManager, init=-1: [1335ae9d-cf28-460b-8cef-3605e68fd742:192.168.151.109:35473, 54d75f05-459a-41f1-a160-6bbdb25ca921:192.168.151.109:45423, 402982a9-fa7b-4360-bb6f-7bf73c96b049:192.168.151.109:34773], old=null, confs=<EMPTY_MAP>
2019-09-26 20:19:46,619 [pool-77-thread-1] INFO  server.RaftServerConfigKeys (ConfUtils.java:logGet(43)) - raft.server.storage.dir = [/workdir/hadoop-ozone/integration-test/target/test-dir/MiniOzoneClusterImpl-81f3f93b-507a-4e54-bca6-ef1d0617e8f1/datanode-5/data/ratis] (custom)
2019-09-26 20:19:46,619 [pool-77-thread-1] INFO  storage.RaftStorageDirectory (RaftStorageDirectory.java:analyzeStorage(246)) - The storage directory /workdir/hadoop-ozone/integration-test/target/test-dir/MiniOzoneClusterImpl-81f3f93b-507a-4e54-bca6-ef1d0617e8f1/datanode-5/data/ratis/d0d80637-dc47-41c9-899a-5cfe9ccba5a2 does not exist. Creating ...
2019-09-26 20:19:46,631 [pool-77-thread-1] INFO  storage.RaftStorageDirectory (RaftStorageDirectory.java:tryLock(328)) - Lock on /workdir/hadoop-ozone/integration-test/target/test-dir/MiniOzoneClusterImpl-81f3f93b-507a-4e54-bca6-ef1d0617e8f1/datanode-5/data/ratis/d0d80637-dc47-41c9-899a-5cfe9ccba5a2/in_use.lock acquired by nodename 28499@pr-hdds-2162-kpcbn-4093309294
2019-09-26 20:19:46,631 [pool-37-thread-1] INFO  storage.RaftStorageDirectory (RaftStorageDirectory.java:tryLock(328)) - Lock on /workdir/hadoop-ozone/integration-test/target/test-dir/MiniOzoneClusterImpl-81f3f93b-507a-4e54-bca6-ef1d0617e8f1/datanode-1/data/ratis/d0d80637-dc47-41c9-899a-5cfe9ccba5a2/in_use.lock acquired by nodename 28499@pr-hdds-2162-kpcbn-4093309294
2019-09-26 20:19:46,631 [pool-47-thread-1] INFO  storage.RaftStorageDirectory (RaftStorageDirectory.java:tryLock(328)) - Lock on /workdir/hadoop-ozone/integration-test/target/test-dir/MiniOzoneClusterImpl-81f3f93b-507a-4e54-bca6-ef1d0617e8f1/datanode-2/data/ratis/d0d80637-dc47-41c9-899a-5cfe9ccba5a2/in_use.lock acquired by nodename 28499@pr-hdds-2162-kpcbn-4093309294
2019-09-26 20:19:46,645 [pool-77-thread-1] INFO  storage.RaftStorage (RaftStorage.java:format(72)) - Storage directory /workdir/hadoop-ozone/integration-test/target/test-dir/MiniOzoneClusterImpl-81f3f93b-507a-4e54-bca6-ef1d0617e8f1/datanode-5/data/ratis/d0d80637-dc47-41c9-899a-5cfe9ccba5a2 has been successfully formatted.
2019-09-26 20:19:46,645 [pool-37-thread-1] INFO  storage.RaftStorage (RaftStorage.java:format(72)) - Storage directory /workdir/hadoop-ozone/integration-test/target/test-dir/MiniOzoneClusterImpl-81f3f93b-507a-4e54-bca6-ef1d0617e8f1/datanode-1/data/ratis/d0d80637-dc47-41c9-899a-5cfe9ccba5a2 has been successfully formatted.
2019-09-26 20:19:46,645 [pool-77-thread-1] INFO  ratis.ContainerStateMachine (ContainerStateMachine.java:loadSnapshot(230)) - group-5CFE9CCBA5A2: The snapshot info is null. Setting the last applied indexto:(t:0, i:~)
2019-09-26 20:19:46,645 [pool-47-thread-1] INFO  storage.RaftStorage (RaftStorage.java:format(72)) - Storage directory /workdir/hadoop-ozone/integration-test/target/test-dir/MiniOzoneClusterImpl-81f3f93b-507a-4e54-bca6-ef1d0617e8f1/datanode-2/data/ratis/d0d80637-dc47-41c9-899a-5cfe9ccba5a2 has been successfully formatted.
2019-09-26 20:19:46,645 [pool-37-thread-1] INFO  ratis.ContainerStateMachine (ContainerStateMachine.java:loadSnapshot(230)) - group-5CFE9CCBA5A2: The snapshot info is null. Setting the last applied indexto:(t:0, i:~)
2019-09-26 20:19:46,645 [pool-77-thread-1] INFO  server.RaftServerConfigKeys (ConfUtils.java:logGet(43)) - raft.server.notification.no-leader.timeout = 120s (custom)
2019-09-26 20:19:46,645 [pool-37-thread-1] INFO  server.RaftServerConfigKeys (ConfUtils.java:logGet(43)) - raft.server.notification.no-leader.timeout = 120s (custom)
2019-09-26 20:19:46,645 [pool-47-thread-1] INFO  ratis.ContainerStateMachine (ContainerStateMachine.java:loadSnapshot(230)) - group-5CFE9CCBA5A2: The snapshot info is null. Setting the last applied indexto:(t:0, i:~)
2019-09-26 20:19:46,646 [pool-37-thread-1] INFO  server.RaftServerConfigKeys (ConfUtils.java:logGet(43)) - raft.server.log.use.memory = false (default)
2019-09-26 20:19:46,645 [pool-77-thread-1] INFO  server.RaftServerConfigKeys (ConfUtils.java:logGet(43)) - raft.server.log.use.memory = false (default)
2019-09-26 20:19:46,646 [pool-37-thread-1] INFO  server.RaftServerConfigKeys (ConfUtils.java:logGet(43)) - raft.server.log.purge.gap = 1000000 (custom)
2019-09-26 20:19:46,646 [pool-47-thread-1] INFO  server.RaftServerConfigKeys (ConfUtils.java:logGet(43)) - raft.server.notification.no-leader.timeout = 120s (custom)
2019-09-26 20:19:46,646 [pool-37-thread-1] INFO  server.RaftServerConfigKeys (ConfUtils.java:logGet(43)) - raft.server.log.appender.buffer.byte-limit = 33554432 (custom)
2019-09-26 20:19:46,646 [pool-77-thread-1] INFO  server.RaftServerConfigKeys (ConfUtils.java:logGet(43)) - raft.server.log.purge.gap = 1000000 (custom)
2019-09-26 20:19:46,646 [pool-37-thread-1] INFO  server.RaftServerConfigKeys (ConfUtils.java:logGet(43)) - raft.server.log.segment.size.max = 1048576 (custom)
2019-09-26 20:19:46,646 [pool-47-thread-1] INFO  server.RaftServerConfigKeys (ConfUtils.java:logGet(43)) - raft.server.log.use.memory = false (default)
2019-09-26 20:19:46,647 [pool-37-thread-1] INFO  server.RaftServerConfigKeys (ConfUtils.java:logGet(43)) - raft.server.log.segment.cache.num.max = 2 (custom)
2019-09-26 20:19:46,646 [pool-77-thread-1] INFO  server.RaftServerConfigKeys (ConfUtils.java:logGet(43)) - raft.server.log.appender.buffer.byte-limit = 33554432 (custom)
2019-09-26 20:19:46,647 [pool-37-thread-1] INFO  segmented.SegmentedRaftLogWorker (SegmentedRaftLogWorker.java:<init>(172)) - new 1335ae9d-cf28-460b-8cef-3605e68fd742@group-5CFE9CCBA5A2-SegmentedRaftLogWorker for RaftStorage:Storage Directory /workdir/hadoop-ozone/integration-test/target/test-dir/MiniOzoneClusterImpl-81f3f93b-507a-4e54-bca6-ef1d0617e8f1/datanode-1/data/ratis/d0d80637-dc47-41c9-899a-5cfe9ccba5a2
2019-09-26 20:19:46,647 [pool-47-thread-1] INFO  server.RaftServerConfigKeys (ConfUtils.java:logGet(43)) - raft.server.log.purge.gap = 1000000 (custom)
2019-09-26 20:19:46,647 [pool-37-thread-1] INFO  server.RaftServerConfigKeys (ConfUtils.java:logGet(43)) - raft.server.log.queue.byte-limit = 2147483647 (custom)
2019-09-26 20:19:46,647 [pool-77-thread-1] INFO  server.RaftServerConfigKeys (ConfUtils.java:logGet(43)) - raft.server.log.segment.size.max = 1048576 (custom)
2019-09-26 20:19:46,648 [pool-37-thread-1] INFO  server.RaftServerConfigKeys (ConfUtils.java:logGet(43)) - raft.server.log.queue.element-limit = 1024 (custom)
2019-09-26 20:19:46,647 [pool-47-thread-1] INFO  server.RaftServerConfigKeys (ConfUtils.java:logGet(43)) - raft.server.log.appender.buffer.byte-limit = 33554432 (custom)
2019-09-26 20:19:46,648 [pool-37-thread-1] INFO  server.RaftServerConfigKeys (ConfUtils.java:logGet(43)) - raft.server.log.segment.size.max = 1048576 (custom)
2019-09-26 20:19:46,648 [pool-77-thread-1] INFO  server.RaftServerConfigKeys (ConfUtils.java:logGet(43)) - raft.server.log.segment.cache.num.max = 2 (custom)
2019-09-26 20:19:46,648 [pool-37-thread-1] INFO  server.RaftServerConfigKeys (ConfUtils.java:logGet(43)) - raft.server.log.preallocated.size = 16384 (custom)
2019-09-26 20:19:46,648 [pool-47-thread-1] INFO  server.RaftServerConfigKeys (ConfUtils.java:logGet(43)) - raft.server.log.segment.size.max = 1048576 (custom)
2019-09-26 20:19:46,648 [pool-37-thread-1] INFO  server.RaftServerConfigKeys (ConfUtils.java:logGet(43)) - raft.server.log.write.buffer.size = 33554432 (custom)
2019-09-26 20:19:46,648 [pool-77-thread-1] INFO  segmented.SegmentedRaftLogWorker (SegmentedRaftLogWorker.java:<init>(172)) - new 54d75f05-459a-41f1-a160-6bbdb25ca921@group-5CFE9CCBA5A2-SegmentedRaftLogWorker for RaftStorage:Storage Directory /workdir/hadoop-ozone/integration-test/target/test-dir/MiniOzoneClusterImpl-81f3f93b-507a-4e54-bca6-ef1d0617e8f1/datanode-5/data/ratis/d0d80637-dc47-41c9-899a-5cfe9ccba5a2
2019-09-26 20:19:46,649 [pool-37-thread-1] INFO  server.RaftServerConfigKeys (ConfUtils.java:logGet(43)) - raft.server.log.force.sync.num = 128 (default)
2019-09-26 20:19:46,648 [pool-47-thread-1] INFO  server.RaftServerConfigKeys (ConfUtils.java:logGet(43)) - raft.server.log.segment.cache.num.max = 2 (custom)
2019-09-26 20:19:46,649 [pool-37-thread-1] INFO  server.RaftServerConfigKeys (ConfUtils.java:logGet(43)) - raft.server.log.statemachine.data.sync = true (default)
2019-09-26 20:19:46,649 [pool-77-thread-1] INFO  server.RaftServerConfigKeys (ConfUtils.java:logGet(43)) - raft.server.log.queue.byte-limit = 2147483647 (custom)
2019-09-26 20:19:46,649 [pool-37-thread-1] INFO  server.RaftServerConfigKeys (ConfUtils.java:logGet(43)) - raft.server.log.statemachine.data.sync.timeout = 10s (default)
2019-09-26 20:19:46,649 [pool-47-thread-1] INFO  segmented.SegmentedRaftLogWorker (SegmentedRaftLogWorker.java:<init>(172)) - new 402982a9-fa7b-4360-bb6f-7bf73c96b049@group-5CFE9CCBA5A2-SegmentedRaftLogWorker for RaftStorage:Storage Directory /workdir/hadoop-ozone/integration-test/target/test-dir/MiniOzoneClusterImpl-81f3f93b-507a-4e54-bca6-ef1d0617e8f1/datanode-2/data/ratis/d0d80637-dc47-41c9-899a-5cfe9ccba5a2
2019-09-26 20:19:46,649 [pool-37-thread-1] INFO  server.RaftServerConfigKeys (ConfUtils.java:logGet(43)) - raft.server.log.statemachine.data.sync.timeout.retry = -1 (default)
2019-09-26 20:19:46,649 [pool-77-thread-1] INFO  server.RaftServerConfigKeys (ConfUtils.java:logGet(43)) - raft.server.log.queue.element-limit = 1024 (custom)
2019-09-26 20:19:46,650 [pool-47-thread-1] INFO  server.RaftServerConfigKeys (ConfUtils.java:logGet(43)) - raft.server.log.queue.byte-limit = 2147483647 (custom)
2019-09-26 20:19:46,650 [pool-37-thread-1] INFO  server.RaftServerConfigKeys (ConfUtils.java:logGet(43)) - raft.server.log.statemachine.data.caching.enabled = true (custom)
2019-09-26 20:19:46,650 [pool-77-thread-1] INFO  server.RaftServerConfigKeys (ConfUtils.java:logGet(43)) - raft.server.log.segment.size.max = 1048576 (custom)
2019-09-26 20:19:46,650 [pool-47-thread-1] INFO  server.RaftServerConfigKeys (ConfUtils.java:logGet(43)) - raft.server.log.queue.element-limit = 1024 (custom)
2019-09-26 20:19:46,650 [pool-37-thread-1] INFO  segmented.SegmentedRaftLogWorker (SegmentedRaftLogWorker.java:lambda$new$0(132)) - 1335ae9d-cf28-460b-8cef-3605e68fd742@group-5CFE9CCBA5A2-SegmentedRaftLogWorker: flushIndex: setUnconditionally 0 -> -1
2019-09-26 20:19:46,650 [pool-77-thread-1] INFO  server.RaftServerConfigKeys (ConfUtils.java:logGet(43)) - raft.server.log.preallocated.size = 16384 (custom)
2019-09-26 20:19:46,650 [pool-47-thread-1] INFO  server.RaftServerConfigKeys (ConfUtils.java:logGet(43)) - raft.server.log.segment.size.max = 1048576 (custom)
2019-09-26 20:19:46,651 [pool-37-thread-1] INFO  server.RaftServerConfigKeys (ConfUtils.java:logGet(43)) - raft.server.snapshot.auto.trigger.enabled = true (custom)
2019-09-26 20:19:46,651 [pool-77-thread-1] INFO  server.RaftServerConfigKeys (ConfUtils.java:logGet(43)) - raft.server.log.write.buffer.size = 33554432 (custom)
2019-09-26 20:19:46,651 [pool-37-thread-1] INFO  server.RaftServerConfigKeys (ConfUtils.java:logGet(43)) - raft.server.snapshot.auto.trigger.threshold = 10000 (custom)
2019-09-26 20:19:46,651 [pool-47-thread-1] INFO  server.RaftServerConfigKeys (ConfUtils.java:logGet(43)) - raft.server.log.preallocated.size = 16384 (custom)
2019-09-26 20:19:46,651 [pool-37-thread-1] INFO  server.RaftServerConfigKeys (ConfUtils.java:logGet(43)) - raft.server.snapshot.retention.num.files = 5 (custom)
2019-09-26 20:19:46,651 [pool-77-thread-1] INFO  server.RaftServerConfigKeys (ConfUtils.java:logGet(43)) - raft.server.log.force.sync.num = 128 (default)
2019-09-26 20:19:46,651 [pool-47-thread-1] INFO  server.RaftServerConfigKeys (ConfUtils.java:logGet(43)) - raft.server.log.write.buffer.size = 33554432 (custom)
2019-09-26 20:19:46,652 [pool-37-thread-1] INFO  server.RaftServerConfigKeys (ConfUtils.java:logGet(43)) - raft.server.retrycache.expirytime = 600000ms (custom)
2019-09-26 20:19:46,652 [pool-77-thread-1] INFO  server.RaftServerConfigKeys (ConfUtils.java:logGet(43)) - raft.server.log.statemachine.data.sync = true (default)
2019-09-26 20:19:46,652 [pool-47-thread-1] INFO  server.RaftServerConfigKeys (ConfUtils.java:logGet(43)) - raft.server.log.force.sync.num = 128 (default)
2019-09-26 20:19:46,652 [pool-77-thread-1] INFO  server.RaftServerConfigKeys (ConfUtils.java:logGet(43)) - raft.server.log.statemachine.data.sync.timeout = 10s (default)
2019-09-26 20:19:46,652 [pool-47-thread-1] INFO  server.RaftServerConfigKeys (ConfUtils.java:logGet(43)) - raft.server.log.statemachine.data.sync = true (default)
2019-09-26 20:19:46,652 [pool-77-thread-1] INFO  server.RaftServerConfigKeys (ConfUtils.java:logGet(43)) - raft.server.log.statemachine.data.sync.timeout.retry = -1 (default)
2019-09-26 20:19:46,652 [pool-47-thread-1] INFO  server.RaftServerConfigKeys (ConfUtils.java:logGet(43)) - raft.server.log.statemachine.data.sync.timeout = 10s (default)
2019-09-26 20:19:46,653 [pool-77-thread-1] INFO  server.RaftServerConfigKeys (ConfUtils.java:logGet(43)) - raft.server.log.statemachine.data.caching.enabled = true (custom)
2019-09-26 20:19:46,653 [pool-47-thread-1] INFO  server.RaftServerConfigKeys (ConfUtils.java:logGet(43)) - raft.server.log.statemachine.data.sync.timeout.retry = -1 (default)
2019-09-26 20:19:46,653 [pool-77-thread-1] INFO  segmented.SegmentedRaftLogWorker (SegmentedRaftLogWorker.java:lambda$new$0(132)) - 54d75f05-459a-41f1-a160-6bbdb25ca921@group-5CFE9CCBA5A2-SegmentedRaftLogWorker: flushIndex: setUnconditionally 0 -> -1
2019-09-26 20:19:46,653 [pool-47-thread-1] INFO  server.RaftServerConfigKeys (ConfUtils.java:logGet(43)) - raft.server.log.statemachine.data.caching.enabled = true (custom)
2019-09-26 20:19:46,653 [pool-77-thread-1] INFO  server.RaftServerConfigKeys (ConfUtils.java:logGet(43)) - raft.server.snapshot.auto.trigger.enabled = true (custom)
2019-09-26 20:19:46,653 [pool-77-thread-1] INFO  server.RaftServerConfigKeys (ConfUtils.java:logGet(43)) - raft.server.snapshot.auto.trigger.threshold = 10000 (custom)
2019-09-26 20:19:46,653 [pool-77-thread-1] INFO  server.RaftServerConfigKeys (ConfUtils.java:logGet(43)) - raft.server.snapshot.retention.num.files = 5 (custom)
2019-09-26 20:19:46,653 [pool-47-thread-1] INFO  segmented.SegmentedRaftLogWorker (SegmentedRaftLogWorker.java:lambda$new$0(132)) - 402982a9-fa7b-4360-bb6f-7bf73c96b049@group-5CFE9CCBA5A2-SegmentedRaftLogWorker: flushIndex: setUnconditionally 0 -> -1
2019-09-26 20:19:46,653 [pool-77-thread-1] INFO  server.RaftServerConfigKeys (ConfUtils.java:logGet(43)) - raft.server.retrycache.expirytime = 600000ms (custom)
2019-09-26 20:19:46,654 [pool-47-thread-1] INFO  server.RaftServerConfigKeys (ConfUtils.java:logGet(43)) - raft.server.snapshot.auto.trigger.enabled = true (custom)
2019-09-26 20:19:46,654 [pool-47-thread-1] INFO  server.RaftServerConfigKeys (ConfUtils.java:logGet(43)) - raft.server.snapshot.auto.trigger.threshold = 10000 (custom)
2019-09-26 20:19:46,654 [pool-47-thread-1] INFO  server.RaftServerConfigKeys (ConfUtils.java:logGet(43)) - raft.server.snapshot.retention.num.files = 5 (custom)
2019-09-26 20:19:46,654 [pool-47-thread-1] INFO  server.RaftServerConfigKeys (ConfUtils.java:logGet(43)) - raft.server.retrycache.expirytime = 600000ms (custom)
2019-09-26 20:19:46,655 [pool-37-thread-1] INFO  impl.RaftServerImpl (RaftServerImpl.java:start(185)) - 1335ae9d-cf28-460b-8cef-3605e68fd742@group-5CFE9CCBA5A2: start as a follower, conf=-1: [1335ae9d-cf28-460b-8cef-3605e68fd742:192.168.151.109:35473, 54d75f05-459a-41f1-a160-6bbdb25ca921:192.168.151.109:45423, 402982a9-fa7b-4360-bb6f-7bf73c96b049:192.168.151.109:34773], old=null
2019-09-26 20:19:46,655 [pool-37-thread-1] INFO  impl.RaftServerImpl (RaftServerImpl.java:setRole(174)) - 1335ae9d-cf28-460b-8cef-3605e68fd742@group-5CFE9CCBA5A2: changes role from      null to FOLLOWER at term 0 for startAsFollower
2019-09-26 20:19:46,655 [pool-37-thread-1] INFO  impl.RoleInfo (RoleInfo.java:updateAndGet(143)) - 1335ae9d-cf28-460b-8cef-3605e68fd742: start FollowerState
2019-09-26 20:19:46,656 [pool-77-thread-1] INFO  impl.RaftServerImpl (RaftServerImpl.java:start(185)) - 54d75f05-459a-41f1-a160-6bbdb25ca921@group-5CFE9CCBA5A2: start as a follower, conf=-1: [1335ae9d-cf28-460b-8cef-3605e68fd742:192.168.151.109:35473, 54d75f05-459a-41f1-a160-6bbdb25ca921:192.168.151.109:45423, 402982a9-fa7b-4360-bb6f-7bf73c96b049:192.168.151.109:34773], old=null
2019-09-26 20:19:46,656 [pool-37-thread-1] INFO  util.JmxRegister (JmxRegister.java:tryRegister(44)) - Successfully registered JMX Bean with object name Ratis:service=RaftServer,group=group-5CFE9CCBA5A2,id=1335ae9d-cf28-460b-8cef-3605e68fd742
2019-09-26 20:19:46,656 [pool-77-thread-1] INFO  impl.RaftServerImpl (RaftServerImpl.java:setRole(174)) - 54d75f05-459a-41f1-a160-6bbdb25ca921@group-5CFE9CCBA5A2: changes role from      null to FOLLOWER at term 0 for startAsFollower
2019-09-26 20:19:46,656 [pool-77-thread-1] INFO  impl.RoleInfo (RoleInfo.java:updateAndGet(143)) - 54d75f05-459a-41f1-a160-6bbdb25ca921: start FollowerState
2019-09-26 20:19:46,656 [pool-77-thread-1] INFO  util.JmxRegister (JmxRegister.java:tryRegister(44)) - Successfully registered JMX Bean with object name Ratis:service=RaftServer,group=group-5CFE9CCBA5A2,id=54d75f05-459a-41f1-a160-6bbdb25ca921
2019-09-26 20:19:46,657 [pool-47-thread-1] INFO  impl.RaftServerImpl (RaftServerImpl.java:start(185)) - 402982a9-fa7b-4360-bb6f-7bf73c96b049@group-5CFE9CCBA5A2: start as a follower, conf=-1: [1335ae9d-cf28-460b-8cef-3605e68fd742:192.168.151.109:35473, 54d75f05-459a-41f1-a160-6bbdb25ca921:192.168.151.109:45423, 402982a9-fa7b-4360-bb6f-7bf73c96b049:192.168.151.109:34773], old=null
2019-09-26 20:19:46,658 [pool-47-thread-1] INFO  impl.RaftServerImpl (RaftServerImpl.java:setRole(174)) - 402982a9-fa7b-4360-bb6f-7bf73c96b049@group-5CFE9CCBA5A2: changes role from      null to FOLLOWER at term 0 for startAsFollower
2019-09-26 20:19:46,658 [pool-47-thread-1] INFO  impl.RoleInfo (RoleInfo.java:updateAndGet(143)) - 402982a9-fa7b-4360-bb6f-7bf73c96b049: start FollowerState
2019-09-26 20:19:46,660 [pool-47-thread-1] INFO  util.JmxRegister (JmxRegister.java:tryRegister(44)) - Successfully registered JMX Bean with object name Ratis:service=RaftServer,group=group-5CFE9CCBA5A2,id=402982a9-fa7b-4360-bb6f-7bf73c96b049
2019-09-26 20:19:46,666 [RatisPipelineUtilsThread] INFO  pipeline.PipelineStateManager (PipelineStateManager.java:addPipeline(56)) - Created pipeline Pipeline[ Id: d0d80637-dc47-41c9-899a-5cfe9ccba5a2, Nodes: 54d75f05-459a-41f1-a160-6bbdb25ca921{ip: 192.168.151.109, host: pr-hdds-2162-kpcbn-4093309294, networkLocation: /default-rack, certSerialId: null}1335ae9d-cf28-460b-8cef-3605e68fd742{ip: 192.168.151.109, host: pr-hdds-2162-kpcbn-4093309294, networkLocation: /default-rack, certSerialId: null}402982a9-fa7b-4360-bb6f-7bf73c96b049{ip: 192.168.151.109, host: pr-hdds-2162-kpcbn-4093309294, networkLocation: /default-rack, certSerialId: null}, Type:RATIS, Factor:THREE, State:OPEN]
2019-09-26 20:19:47,379 [main] INFO  ipc.Client (Client.java:handleConnectionFailure(948)) - Retrying connect to server: localhost/127.0.0.1:0. Already tried 1 time(s); retry policy is RetryUpToMaximumCountWithFixedSleep(maxRetries=10, sleepTime=1000 MILLISECONDS)
2019-09-26 20:19:47,603 [Thread-283] INFO  container.ReplicationManager (ReplicationManager.java:start(162)) - Starting Replication Monitor Thread.
2019-09-26 20:19:47,611 [ReplicationMonitor] INFO  container.ReplicationManager (ReplicationManager.java:run(225)) - Replication Monitor Thread took 1 milliseconds for processing 0 containers.
2019-09-26 20:19:48,380 [main] INFO  ipc.Client (Client.java:handleConnectionFailure(948)) - Retrying connect to server: localhost/127.0.0.1:0. Already tried 2 time(s); retry policy is RetryUpToMaximumCountWithFixedSleep(maxRetries=10, sleepTime=1000 MILLISECONDS)
2019-09-26 20:19:49,381 [main] INFO  ipc.Client (Client.java:handleConnectionFailure(948)) - Retrying connect to server: localhost/127.0.0.1:0. Already tried 3 time(s); retry policy is RetryUpToMaximumCountWithFixedSleep(maxRetries=10, sleepTime=1000 MILLISECONDS)
2019-09-26 20:19:50,382 [main] INFO  ipc.Client (Client.java:handleConnectionFailure(948)) - Retrying connect to server: localhost/127.0.0.1:0. Already tried 4 time(s); retry policy is RetryUpToMaximumCountWithFixedSleep(maxRetries=10, sleepTime=1000 MILLISECONDS)
2019-09-26 20:19:50,523 [Thread-286] INFO  impl.FollowerState (FollowerState.java:run(106)) - 8019986f-44ef-4884-8de6-df94512182c0:group-B1EBF62BF7FF changes to CANDIDATE, lastRpcTime:5059, electionTimeout:5059ms
2019-09-26 20:19:50,525 [Thread-286] INFO  impl.RoleInfo (RoleInfo.java:shutdownFollowerState(121)) - 8019986f-44ef-4884-8de6-df94512182c0: shutdown FollowerState
2019-09-26 20:19:50,525 [Thread-286] INFO  impl.RaftServerImpl (RaftServerImpl.java:setRole(174)) - 8019986f-44ef-4884-8de6-df94512182c0@group-B1EBF62BF7FF: changes role from  FOLLOWER to CANDIDATE at term 0 for changeToCandidate
2019-09-26 20:19:50,534 [Thread-286] INFO  impl.RoleInfo (RoleInfo.java:updateAndGet(143)) - 8019986f-44ef-4884-8de6-df94512182c0: start LeaderElection
2019-09-26 20:19:50,555 [8019986f-44ef-4884-8de6-df94512182c0@group-B1EBF62BF7FF:LeaderElection1] INFO  impl.LeaderElection (LeaderElection.java:askForVotes(182)) - 8019986f-44ef-4884-8de6-df94512182c0@group-B1EBF62BF7FF:LeaderElection1: begin an election at term 1 for -1: [8019986f-44ef-4884-8de6-df94512182c0:192.168.151.109:33000], old=null
2019-09-26 20:19:50,557 [8019986f-44ef-4884-8de6-df94512182c0@group-B1EBF62BF7FF:LeaderElection1] INFO  impl.RoleInfo (RoleInfo.java:shutdownLeaderElection(134)) - 8019986f-44ef-4884-8de6-df94512182c0: shutdown LeaderElection
2019-09-26 20:19:50,558 [8019986f-44ef-4884-8de6-df94512182c0@group-B1EBF62BF7FF:LeaderElection1] INFO  impl.RaftServerImpl (RaftServerImpl.java:setRole(174)) - 8019986f-44ef-4884-8de6-df94512182c0@group-B1EBF62BF7FF: changes role from CANDIDATE to LEADER at term 1 for changeToLeader
2019-09-26 20:19:50,558 [8019986f-44ef-4884-8de6-df94512182c0@group-B1EBF62BF7FF:LeaderElection1] INFO  impl.RaftServerImpl (ServerState.java:setLeader(253)) - 8019986f-44ef-4884-8de6-df94512182c0@group-B1EBF62BF7FF: change Leader from null to 8019986f-44ef-4884-8de6-df94512182c0 at term 1 for becomeLeader, leader elected after 5188ms
2019-09-26 20:19:50,565 [8019986f-44ef-4884-8de6-df94512182c0@group-B1EBF62BF7FF:LeaderElection1] INFO  server.RaftServerConfigKeys (ConfUtils.java:logGet(43)) - raft.server.staging.catchup.gap = 1000 (default)
2019-09-26 20:19:50,566 [8019986f-44ef-4884-8de6-df94512182c0@group-B1EBF62BF7FF:LeaderElection1] INFO  server.RaftServerConfigKeys (ConfUtils.java:logGet(43)) - raft.server.rpc.sleep.time = 25ms (default)
2019-09-26 20:19:50,569 [8019986f-44ef-4884-8de6-df94512182c0@group-B1EBF62BF7FF:LeaderElection1] INFO  server.RaftServerConfigKeys (ConfUtils.java:logGet(43)) - raft.server.write.element-limit = 4096 (default)
2019-09-26 20:19:50,572 [8019986f-44ef-4884-8de6-df94512182c0@group-B1EBF62BF7FF:LeaderElection1] INFO  server.RaftServerConfigKeys (ConfUtils.java:logGet(43)) - raft.server.watch.timeout = 10s (default)
2019-09-26 20:19:50,572 [8019986f-44ef-4884-8de6-df94512182c0@group-B1EBF62BF7FF:LeaderElection1] INFO  server.RaftServerConfigKeys (ConfUtils.java:logGet(43)) - raft.server.watch.timeout.denomination = 1s (default)
2019-09-26 20:19:50,573 [8019986f-44ef-4884-8de6-df94512182c0@group-B1EBF62BF7FF:LeaderElection1] INFO  server.RaftServerConfigKeys (ConfUtils.java:logGet(43)) - raft.server.watch.element-limit = 65536 (default)
2019-09-26 20:19:50,587 [8019986f-44ef-4884-8de6-df94512182c0@group-B1EBF62BF7FF:LeaderElection1] INFO  impl.RoleInfo (RoleInfo.java:updateAndGet(143)) - 8019986f-44ef-4884-8de6-df94512182c0: start LeaderState
2019-09-26 20:19:50,614 [8019986f-44ef-4884-8de6-df94512182c0@group-B1EBF62BF7FF:LeaderElection1] INFO  segmented.SegmentedRaftLogWorker (SegmentedRaftLogWorker.java:startLogSegment(380)) - 8019986f-44ef-4884-8de6-df94512182c0@group-B1EBF62BF7FF-SegmentedRaftLogWorker: Starting segment from index:0
2019-09-26 20:19:50,621 [8019986f-44ef-4884-8de6-df94512182c0@group-B1EBF62BF7FF:LeaderElection1] INFO  impl.RaftServerImpl (ServerState.java:setRaftConf(354)) - 8019986f-44ef-4884-8de6-df94512182c0@group-B1EBF62BF7FF: set configuration 0: [8019986f-44ef-4884-8de6-df94512182c0:192.168.151.109:33000], old=null at 0
2019-09-26 20:19:50,695 [Thread-289] INFO  impl.FollowerState (FollowerState.java:run(106)) - 3425e4bc-5d6a-41bf-abca-b714524a84c8:group-BFE3DC93B48D changes to CANDIDATE, lastRpcTime:5036, electionTimeout:5036ms
2019-09-26 20:19:50,698 [Thread-289] INFO  impl.RoleInfo (RoleInfo.java:shutdownFollowerState(121)) - 3425e4bc-5d6a-41bf-abca-b714524a84c8: shutdown FollowerState
2019-09-26 20:19:50,698 [Thread-289] INFO  impl.RaftServerImpl (RaftServerImpl.java:setRole(174)) - 3425e4bc-5d6a-41bf-abca-b714524a84c8@group-BFE3DC93B48D: changes role from  FOLLOWER to CANDIDATE at term 0 for changeToCandidate
2019-09-26 20:19:50,698 [Thread-289] INFO  impl.RoleInfo (RoleInfo.java:updateAndGet(143)) - 3425e4bc-5d6a-41bf-abca-b714524a84c8: start LeaderElection
2019-09-26 20:19:50,716 [3425e4bc-5d6a-41bf-abca-b714524a84c8@group-BFE3DC93B48D:LeaderElection2] INFO  impl.LeaderElection (LeaderElection.java:askForVotes(182)) - 3425e4bc-5d6a-41bf-abca-b714524a84c8@group-BFE3DC93B48D:LeaderElection2: begin an election at term 1 for -1: [3425e4bc-5d6a-41bf-abca-b714524a84c8:192.168.151.109:32871], old=null
2019-09-26 20:19:50,719 [3425e4bc-5d6a-41bf-abca-b714524a84c8@group-BFE3DC93B48D:LeaderElection2] INFO  impl.RoleInfo (RoleInfo.java:shutdownLeaderElection(134)) - 3425e4bc-5d6a-41bf-abca-b714524a84c8: shutdown LeaderElection
2019-09-26 20:19:50,719 [3425e4bc-5d6a-41bf-abca-b714524a84c8@group-BFE3DC93B48D:LeaderElection2] INFO  impl.RaftServerImpl (RaftServerImpl.java:setRole(174)) - 3425e4bc-5d6a-41bf-abca-b714524a84c8@group-BFE3DC93B48D: changes role from CANDIDATE to LEADER at term 1 for changeToLeader
2019-09-26 20:19:50,719 [3425e4bc-5d6a-41bf-abca-b714524a84c8@group-BFE3DC93B48D:LeaderElection2] INFO  impl.RaftServerImpl (ServerState.java:setLeader(253)) - 3425e4bc-5d6a-41bf-abca-b714524a84c8@group-BFE3DC93B48D: change Leader from null to 3425e4bc-5d6a-41bf-abca-b714524a84c8 at term 1 for becomeLeader, leader elected after 5081ms
2019-09-26 20:19:50,719 [3425e4bc-5d6a-41bf-abca-b714524a84c8@group-BFE3DC93B48D:LeaderElection2] INFO  server.RaftServerConfigKeys (ConfUtils.java:logGet(43)) - raft.server.staging.catchup.gap = 1000 (default)
2019-09-26 20:19:50,719 [3425e4bc-5d6a-41bf-abca-b714524a84c8@group-BFE3DC93B48D:LeaderElection2] INFO  server.RaftServerConfigKeys (ConfUtils.java:logGet(43)) - raft.server.rpc.sleep.time = 25ms (default)
2019-09-26 20:19:50,720 [3425e4bc-5d6a-41bf-abca-b714524a84c8@group-BFE3DC93B48D:LeaderElection2] INFO  server.RaftServerConfigKeys (ConfUtils.java:logGet(43)) - raft.server.write.element-limit = 4096 (default)
2019-09-26 20:19:50,720 [3425e4bc-5d6a-41bf-abca-b714524a84c8@group-BFE3DC93B48D:LeaderElection2] INFO  server.RaftServerConfigKeys (ConfUtils.java:logGet(43)) - raft.server.watch.timeout = 10s (default)
2019-09-26 20:19:50,720 [3425e4bc-5d6a-41bf-abca-b714524a84c8@group-BFE3DC93B48D:LeaderElection2] INFO  server.RaftServerConfigKeys (ConfUtils.java:logGet(43)) - raft.server.watch.timeout.denomination = 1s (default)
2019-09-26 20:19:50,720 [3425e4bc-5d6a-41bf-abca-b714524a84c8@group-BFE3DC93B48D:LeaderElection2] INFO  server.RaftServerConfigKeys (ConfUtils.java:logGet(43)) - raft.server.watch.element-limit = 65536 (default)
2019-09-26 20:19:50,723 [3425e4bc-5d6a-41bf-abca-b714524a84c8@group-BFE3DC93B48D:LeaderElection2] INFO  impl.RoleInfo (RoleInfo.java:updateAndGet(143)) - 3425e4bc-5d6a-41bf-abca-b714524a84c8: start LeaderState
2019-09-26 20:19:50,723 [3425e4bc-5d6a-41bf-abca-b714524a84c8@group-BFE3DC93B48D:LeaderElection2] INFO  segmented.SegmentedRaftLogWorker (SegmentedRaftLogWorker.java:startLogSegment(380)) - 3425e4bc-5d6a-41bf-abca-b714524a84c8@group-BFE3DC93B48D-SegmentedRaftLogWorker: Starting segment from index:0
2019-09-26 20:19:50,724 [3425e4bc-5d6a-41bf-abca-b714524a84c8@group-BFE3DC93B48D:LeaderElection2] INFO  impl.RaftServerImpl (ServerState.java:setRaftConf(354)) - 3425e4bc-5d6a-41bf-abca-b714524a84c8@group-BFE3DC93B48D: set configuration 0: [3425e4bc-5d6a-41bf-abca-b714524a84c8:192.168.151.109:32871], old=null at 0
2019-09-26 20:19:50,813 [8019986f-44ef-4884-8de6-df94512182c0@group-B1EBF62BF7FF-SegmentedRaftLogWorker] INFO  segmented.SegmentedRaftLogWorker (SegmentedRaftLogWorker.java:execute(569)) - 8019986f-44ef-4884-8de6-df94512182c0@group-B1EBF62BF7FF-SegmentedRaftLogWorker: created new log segment /workdir/hadoop-ozone/integration-test/target/test-dir/MiniOzoneClusterImpl-81f3f93b-507a-4e54-bca6-ef1d0617e8f1/datanode-0/data/ratis/9173db79-f7c0-4175-8545-b1ebf62bf7ff/current/log_inprogress_0
2019-09-26 20:19:50,813 [3425e4bc-5d6a-41bf-abca-b714524a84c8@group-BFE3DC93B48D-SegmentedRaftLogWorker] INFO  segmented.SegmentedRaftLogWorker (SegmentedRaftLogWorker.java:execute(569)) - 3425e4bc-5d6a-41bf-abca-b714524a84c8@group-BFE3DC93B48D-SegmentedRaftLogWorker: created new log segment /workdir/hadoop-ozone/integration-test/target/test-dir/MiniOzoneClusterImpl-81f3f93b-507a-4e54-bca6-ef1d0617e8f1/datanode-3/data/ratis/f87bc11b-7543-4eac-ac45-bfe3dc93b48d/current/log_inprogress_0
2019-09-26 20:19:50,934 [Thread-295] INFO  impl.FollowerState (FollowerState.java:run(106)) - dbc4c3a6-ca05-4f67-828a-4e6bc2bd7fa8:group-C4BABAA83289 changes to CANDIDATE, lastRpcTime:5020, electionTimeout:5020ms
2019-09-26 20:19:50,934 [Thread-295] INFO  impl.RoleInfo (RoleInfo.java:shutdownFollowerState(121)) - dbc4c3a6-ca05-4f67-828a-4e6bc2bd7fa8: shutdown FollowerState
2019-09-26 20:19:50,935 [Thread-295] INFO  impl.RaftServerImpl (RaftServerImpl.java:setRole(174)) - dbc4c3a6-ca05-4f67-828a-4e6bc2bd7fa8@group-C4BABAA83289: changes role from  FOLLOWER to CANDIDATE at term 0 for changeToCandidate
2019-09-26 20:19:50,935 [Thread-295] INFO  impl.RoleInfo (RoleInfo.java:updateAndGet(143)) - dbc4c3a6-ca05-4f67-828a-4e6bc2bd7fa8: start LeaderElection
2019-09-26 20:19:50,954 [dbc4c3a6-ca05-4f67-828a-4e6bc2bd7fa8@group-C4BABAA83289:LeaderElection3] INFO  impl.LeaderElection (LeaderElection.java:askForVotes(182)) - dbc4c3a6-ca05-4f67-828a-4e6bc2bd7fa8@group-C4BABAA83289:LeaderElection3: begin an election at term 1 for -1: [dbc4c3a6-ca05-4f67-828a-4e6bc2bd7fa8:192.168.151.109:41384], old=null
2019-09-26 20:19:50,954 [dbc4c3a6-ca05-4f67-828a-4e6bc2bd7fa8@group-C4BABAA83289:LeaderElection3] INFO  impl.RoleInfo (RoleInfo.java:shutdownLeaderElection(134)) - dbc4c3a6-ca05-4f67-828a-4e6bc2bd7fa8: shutdown LeaderElection
2019-09-26 20:19:50,954 [dbc4c3a6-ca05-4f67-828a-4e6bc2bd7fa8@group-C4BABAA83289:LeaderElection3] INFO  impl.RaftServerImpl (RaftServerImpl.java:setRole(174)) - dbc4c3a6-ca05-4f67-828a-4e6bc2bd7fa8@group-C4BABAA83289: changes role from CANDIDATE to LEADER at term 1 for changeToLeader
2019-09-26 20:19:50,954 [dbc4c3a6-ca05-4f67-828a-4e6bc2bd7fa8@group-C4BABAA83289:LeaderElection3] INFO  impl.RaftServerImpl (ServerState.java:setLeader(253)) - dbc4c3a6-ca05-4f67-828a-4e6bc2bd7fa8@group-C4BABAA83289: change Leader from null to dbc4c3a6-ca05-4f67-828a-4e6bc2bd7fa8 at term 1 for becomeLeader, leader elected after 5052ms
2019-09-26 20:19:50,954 [dbc4c3a6-ca05-4f67-828a-4e6bc2bd7fa8@group-C4BABAA83289:LeaderElection3] INFO  server.RaftServerConfigKeys (ConfUtils.java:logGet(43)) - raft.server.staging.catchup.gap = 1000 (default)
2019-09-26 20:19:50,954 [dbc4c3a6-ca05-4f67-828a-4e6bc2bd7fa8@group-C4BABAA83289:LeaderElection3] INFO  server.RaftServerConfigKeys (ConfUtils.java:logGet(43)) - raft.server.rpc.sleep.time = 25ms (default)
2019-09-26 20:19:50,955 [dbc4c3a6-ca05-4f67-828a-4e6bc2bd7fa8@group-C4BABAA83289:LeaderElection3] INFO  server.RaftServerConfigKeys (ConfUtils.java:logGet(43)) - raft.server.write.element-limit = 4096 (default)
2019-09-26 20:19:50,955 [dbc4c3a6-ca05-4f67-828a-4e6bc2bd7fa8@group-C4BABAA83289:LeaderElection3] INFO  server.RaftServerConfigKeys (ConfUtils.java:logGet(43)) - raft.server.watch.timeout = 10s (default)
2019-09-26 20:19:50,955 [dbc4c3a6-ca05-4f67-828a-4e6bc2bd7fa8@group-C4BABAA83289:LeaderElection3] INFO  server.RaftServerConfigKeys (ConfUtils.java:logGet(43)) - raft.server.watch.timeout.denomination = 1s (default)
2019-09-26 20:19:50,955 [dbc4c3a6-ca05-4f67-828a-4e6bc2bd7fa8@group-C4BABAA83289:LeaderElection3] INFO  server.RaftServerConfigKeys (ConfUtils.java:logGet(43)) - raft.server.watch.element-limit = 65536 (default)
2019-09-26 20:19:50,958 [dbc4c3a6-ca05-4f67-828a-4e6bc2bd7fa8@group-C4BABAA83289:LeaderElection3] INFO  impl.RoleInfo (RoleInfo.java:updateAndGet(143)) - dbc4c3a6-ca05-4f67-828a-4e6bc2bd7fa8: start LeaderState
2019-09-26 20:19:50,958 [dbc4c3a6-ca05-4f67-828a-4e6bc2bd7fa8@group-C4BABAA83289:LeaderElection3] INFO  segmented.SegmentedRaftLogWorker (SegmentedRaftLogWorker.java:startLogSegment(380)) - dbc4c3a6-ca05-4f67-828a-4e6bc2bd7fa8@group-C4BABAA83289-SegmentedRaftLogWorker: Starting segment from index:0
2019-09-26 20:19:50,959 [dbc4c3a6-ca05-4f67-828a-4e6bc2bd7fa8@group-C4BABAA83289:LeaderElection3] INFO  impl.RaftServerImpl (ServerState.java:setRaftConf(354)) - dbc4c3a6-ca05-4f67-828a-4e6bc2bd7fa8@group-C4BABAA83289: set configuration 0: [dbc4c3a6-ca05-4f67-828a-4e6bc2bd7fa8:192.168.151.109:41384], old=null at 0
2019-09-26 20:19:51,006 [dbc4c3a6-ca05-4f67-828a-4e6bc2bd7fa8@group-C4BABAA83289-SegmentedRaftLogWorker] INFO  segmented.SegmentedRaftLogWorker (SegmentedRaftLogWorker.java:execute(569)) - dbc4c3a6-ca05-4f67-828a-4e6bc2bd7fa8@group-C4BABAA83289-SegmentedRaftLogWorker: created new log segment /workdir/hadoop-ozone/integration-test/target/test-dir/MiniOzoneClusterImpl-81f3f93b-507a-4e54-bca6-ef1d0617e8f1/datanode-4/data/ratis/a1196182-0ead-4afb-ba61-c4babaa83289/current/log_inprogress_0
2019-09-26 20:19:51,022 [Thread-292] INFO  impl.FollowerState (FollowerState.java:run(106)) - 91aa48ae-f401-469d-b9d7-6f66a673a229:group-A5C649BCAAC1 changes to CANDIDATE, lastRpcTime:5198, electionTimeout:5196ms
2019-09-26 20:19:51,022 [Thread-292] INFO  impl.RoleInfo (RoleInfo.java:shutdownFollowerState(121)) - 91aa48ae-f401-469d-b9d7-6f66a673a229: shutdown FollowerState
2019-09-26 20:19:51,022 [Thread-292] INFO  impl.RaftServerImpl (RaftServerImpl.java:setRole(174)) - 91aa48ae-f401-469d-b9d7-6f66a673a229@group-A5C649BCAAC1: changes role from  FOLLOWER to CANDIDATE at term 0 for changeToCandidate
2019-09-26 20:19:51,023 [Thread-292] INFO  impl.RoleInfo (RoleInfo.java:updateAndGet(143)) - 91aa48ae-f401-469d-b9d7-6f66a673a229: start LeaderElection
2019-09-26 20:19:51,042 [91aa48ae-f401-469d-b9d7-6f66a673a229@group-A5C649BCAAC1:LeaderElection4] INFO  impl.LeaderElection (LeaderElection.java:askForVotes(182)) - 91aa48ae-f401-469d-b9d7-6f66a673a229@group-A5C649BCAAC1:LeaderElection4: begin an election at term 1 for -1: [91aa48ae-f401-469d-b9d7-6f66a673a229:192.168.151.109:34036], old=null
2019-09-26 20:19:51,042 [91aa48ae-f401-469d-b9d7-6f66a673a229@group-A5C649BCAAC1:LeaderElection4] INFO  impl.RoleInfo (RoleInfo.java:shutdownLeaderElection(134)) - 91aa48ae-f401-469d-b9d7-6f66a673a229: shutdown LeaderElection
2019-09-26 20:19:51,042 [91aa48ae-f401-469d-b9d7-6f66a673a229@group-A5C649BCAAC1:LeaderElection4] INFO  impl.RaftServerImpl (RaftServerImpl.java:setRole(174)) - 91aa48ae-f401-469d-b9d7-6f66a673a229@group-A5C649BCAAC1: changes role from CANDIDATE to LEADER at term 1 for changeToLeader
2019-09-26 20:19:51,042 [91aa48ae-f401-469d-b9d7-6f66a673a229@group-A5C649BCAAC1:LeaderElection4] INFO  impl.RaftServerImpl (ServerState.java:setLeader(253)) - 91aa48ae-f401-469d-b9d7-6f66a673a229@group-A5C649BCAAC1: change Leader from null to 91aa48ae-f401-469d-b9d7-6f66a673a229 at term 1 for becomeLeader, leader elected after 5279ms
2019-09-26 20:19:51,042 [91aa48ae-f401-469d-b9d7-6f66a673a229@group-A5C649BCAAC1:LeaderElection4] INFO  server.RaftServerConfigKeys (ConfUtils.java:logGet(43)) - raft.server.staging.catchup.gap = 1000 (default)
2019-09-26 20:19:51,042 [91aa48ae-f401-469d-b9d7-6f66a673a229@group-A5C649BCAAC1:LeaderElection4] INFO  server.RaftServerConfigKeys (ConfUtils.java:logGet(43)) - raft.server.rpc.sleep.time = 25ms (default)
2019-09-26 20:19:51,043 [91aa48ae-f401-469d-b9d7-6f66a673a229@group-A5C649BCAAC1:LeaderElection4] INFO  server.RaftServerConfigKeys (ConfUtils.java:logGet(43)) - raft.server.write.element-limit = 4096 (default)
2019-09-26 20:19:51,043 [91aa48ae-f401-469d-b9d7-6f66a673a229@group-A5C649BCAAC1:LeaderElection4] INFO  server.RaftServerConfigKeys (ConfUtils.java:logGet(43)) - raft.server.watch.timeout = 10s (default)
2019-09-26 20:19:51,043 [91aa48ae-f401-469d-b9d7-6f66a673a229@group-A5C649BCAAC1:LeaderElection4] INFO  server.RaftServerConfigKeys (ConfUtils.java:logGet(43)) - raft.server.watch.timeout.denomination = 1s (default)
2019-09-26 20:19:51,043 [91aa48ae-f401-469d-b9d7-6f66a673a229@group-A5C649BCAAC1:LeaderElection4] INFO  server.RaftServerConfigKeys (ConfUtils.java:logGet(43)) - raft.server.watch.element-limit = 65536 (default)
2019-09-26 20:19:51,046 [91aa48ae-f401-469d-b9d7-6f66a673a229@group-A5C649BCAAC1:LeaderElection4] INFO  impl.RoleInfo (RoleInfo.java:updateAndGet(143)) - 91aa48ae-f401-469d-b9d7-6f66a673a229: start LeaderState
2019-09-26 20:19:51,046 [91aa48ae-f401-469d-b9d7-6f66a673a229@group-A5C649BCAAC1:LeaderElection4] INFO  segmented.SegmentedRaftLogWorker (SegmentedRaftLogWorker.java:startLogSegment(380)) - 91aa48ae-f401-469d-b9d7-6f66a673a229@group-A5C649BCAAC1-SegmentedRaftLogWorker: Starting segment from index:0
2019-09-26 20:19:51,046 [91aa48ae-f401-469d-b9d7-6f66a673a229@group-A5C649BCAAC1:LeaderElection4] INFO  impl.RaftServerImpl (ServerState.java:setRaftConf(354)) - 91aa48ae-f401-469d-b9d7-6f66a673a229@group-A5C649BCAAC1: set configuration 0: [91aa48ae-f401-469d-b9d7-6f66a673a229:192.168.151.109:34036], old=null at 0
2019-09-26 20:19:51,075 [Thread-298] INFO  impl.FollowerState (FollowerState.java:run(106)) - 9612ee1f-db1c-4468-80df-d82c84da7864:group-C01BD51FA781 changes to CANDIDATE, lastRpcTime:5073, electionTimeout:5045ms
2019-09-26 20:19:51,075 [Thread-298] INFO  impl.RoleInfo (RoleInfo.java:shutdownFollowerState(121)) - 9612ee1f-db1c-4468-80df-d82c84da7864: shutdown FollowerState
2019-09-26 20:19:51,076 [Thread-298] INFO  impl.RaftServerImpl (RaftServerImpl.java:setRole(174)) - 9612ee1f-db1c-4468-80df-d82c84da7864@group-C01BD51FA781: changes role from  FOLLOWER to CANDIDATE at term 0 for changeToCandidate
2019-09-26 20:19:51,076 [Thread-298] INFO  impl.RoleInfo (RoleInfo.java:updateAndGet(143)) - 9612ee1f-db1c-4468-80df-d82c84da7864: start LeaderElection
2019-09-26 20:19:51,088 [91aa48ae-f401-469d-b9d7-6f66a673a229@group-A5C649BCAAC1-SegmentedRaftLogWorker] INFO  segmented.SegmentedRaftLogWorker (SegmentedRaftLogWorker.java:execute(569)) - 91aa48ae-f401-469d-b9d7-6f66a673a229@group-A5C649BCAAC1-SegmentedRaftLogWorker: created new log segment /workdir/hadoop-ozone/integration-test/target/test-dir/MiniOzoneClusterImpl-81f3f93b-507a-4e54-bca6-ef1d0617e8f1/datanode-8/data/ratis/4f234db1-46a2-47f5-91c5-a5c649bcaac1/current/log_inprogress_0
2019-09-26 20:19:51,088 [9612ee1f-db1c-4468-80df-d82c84da7864@group-C01BD51FA781:LeaderElection5] INFO  impl.LeaderElection (LeaderElection.java:askForVotes(182)) - 9612ee1f-db1c-4468-80df-d82c84da7864@group-C01BD51FA781:LeaderElection5: begin an election at term 1 for -1: [9612ee1f-db1c-4468-80df-d82c84da7864:192.168.151.109:40705], old=null
2019-09-26 20:19:51,089 [9612ee1f-db1c-4468-80df-d82c84da7864@group-C01BD51FA781:LeaderElection5] INFO  impl.RoleInfo (RoleInfo.java:shutdownLeaderElection(134)) - 9612ee1f-db1c-4468-80df-d82c84da7864: shutdown LeaderElection
2019-09-26 20:19:51,089 [9612ee1f-db1c-4468-80df-d82c84da7864@group-C01BD51FA781:LeaderElection5] INFO  impl.RaftServerImpl (RaftServerImpl.java:setRole(174)) - 9612ee1f-db1c-4468-80df-d82c84da7864@group-C01BD51FA781: changes role from CANDIDATE to LEADER at term 1 for changeToLeader
2019-09-26 20:19:51,089 [9612ee1f-db1c-4468-80df-d82c84da7864@group-C01BD51FA781:LeaderElection5] INFO  impl.RaftServerImpl (ServerState.java:setLeader(253)) - 9612ee1f-db1c-4468-80df-d82c84da7864@group-C01BD51FA781: change Leader from null to 9612ee1f-db1c-4468-80df-d82c84da7864 at term 1 for becomeLeader, leader elected after 5098ms
2019-09-26 20:19:51,089 [9612ee1f-db1c-4468-80df-d82c84da7864@group-C01BD51FA781:LeaderElection5] INFO  server.RaftServerConfigKeys (ConfUtils.java:logGet(43)) - raft.server.staging.catchup.gap = 1000 (default)
2019-09-26 20:19:51,089 [9612ee1f-db1c-4468-80df-d82c84da7864@group-C01BD51FA781:LeaderElection5] INFO  server.RaftServerConfigKeys (ConfUtils.java:logGet(43)) - raft.server.rpc.sleep.time = 25ms (default)
2019-09-26 20:19:51,089 [9612ee1f-db1c-4468-80df-d82c84da7864@group-C01BD51FA781:LeaderElection5] INFO  server.RaftServerConfigKeys (ConfUtils.java:logGet(43)) - raft.server.write.element-limit = 4096 (default)
2019-09-26 20:19:51,090 [9612ee1f-db1c-4468-80df-d82c84da7864@group-C01BD51FA781:LeaderElection5] INFO  server.RaftServerConfigKeys (ConfUtils.java:logGet(43)) - raft.server.watch.timeout = 10s (default)
2019-09-26 20:19:51,090 [9612ee1f-db1c-4468-80df-d82c84da7864@group-C01BD51FA781:LeaderElection5] INFO  server.RaftServerConfigKeys (ConfUtils.java:logGet(43)) - raft.server.watch.timeout.denomination = 1s (default)
2019-09-26 20:19:51,090 [9612ee1f-db1c-4468-80df-d82c84da7864@group-C01BD51FA781:LeaderElection5] INFO  server.RaftServerConfigKeys (ConfUtils.java:logGet(43)) - raft.server.watch.element-limit = 65536 (default)
2019-09-26 20:19:51,093 [9612ee1f-db1c-4468-80df-d82c84da7864@group-C01BD51FA781:LeaderElection5] INFO  impl.RoleInfo (RoleInfo.java:updateAndGet(143)) - 9612ee1f-db1c-4468-80df-d82c84da7864: start LeaderState
2019-09-26 20:19:51,093 [9612ee1f-db1c-4468-80df-d82c84da7864@group-C01BD51FA781:LeaderElection5] INFO  segmented.SegmentedRaftLogWorker (SegmentedRaftLogWorker.java:startLogSegment(380)) - 9612ee1f-db1c-4468-80df-d82c84da7864@group-C01BD51FA781-SegmentedRaftLogWorker: Starting segment from index:0
2019-09-26 20:19:51,094 [9612ee1f-db1c-4468-80df-d82c84da7864@group-C01BD51FA781:LeaderElection5] INFO  impl.RaftServerImpl (ServerState.java:setRaftConf(354)) - 9612ee1f-db1c-4468-80df-d82c84da7864@group-C01BD51FA781: set configuration 0: [9612ee1f-db1c-4468-80df-d82c84da7864:192.168.151.109:40705], old=null at 0
2019-09-26 20:19:51,141 [9612ee1f-db1c-4468-80df-d82c84da7864@group-C01BD51FA781-SegmentedRaftLogWorker] INFO  segmented.SegmentedRaftLogWorker (SegmentedRaftLogWorker.java:execute(569)) - 9612ee1f-db1c-4468-80df-d82c84da7864@group-C01BD51FA781-SegmentedRaftLogWorker: created new log segment /workdir/hadoop-ozone/integration-test/target/test-dir/MiniOzoneClusterImpl-81f3f93b-507a-4e54-bca6-ef1d0617e8f1/datanode-7/data/ratis/7fd6861d-15c0-4cc7-bb01-c01bd51fa781/current/log_inprogress_0
2019-09-26 20:19:51,224 [Thread-301] INFO  impl.FollowerState (FollowerState.java:run(106)) - 16e8d13d-af64-4d88-a085-bc010d485d30:group-10EA13910B6B changes to CANDIDATE, lastRpcTime:5153, electionTimeout:5151ms
2019-09-26 20:19:51,225 [Thread-301] INFO  impl.RoleInfo (RoleInfo.java:shutdownFollowerState(121)) - 16e8d13d-af64-4d88-a085-bc010d485d30: shutdown FollowerState
2019-09-26 20:19:51,225 [Thread-301] INFO  impl.RaftServerImpl (RaftServerImpl.java:setRole(174)) - 16e8d13d-af64-4d88-a085-bc010d485d30@group-10EA13910B6B: changes role from  FOLLOWER to CANDIDATE at term 0 for changeToCandidate
2019-09-26 20:19:51,225 [Thread-301] INFO  impl.RoleInfo (RoleInfo.java:updateAndGet(143)) - 16e8d13d-af64-4d88-a085-bc010d485d30: start LeaderElection
2019-09-26 20:19:51,232 [Thread-304] INFO  impl.FollowerState (FollowerState.java:run(106)) - 56e6df74-335e-4e8f-9034-f9391d4bf622:group-A82F8639F2F4 changes to CANDIDATE, lastRpcTime:5088, electionTimeout:5088ms
2019-09-26 20:19:51,233 [Thread-304] INFO  impl.RoleInfo (RoleInfo.java:shutdownFollowerState(121)) - 56e6df74-335e-4e8f-9034-f9391d4bf622: shutdown FollowerState
2019-09-26 20:19:51,233 [Thread-304] INFO  impl.RaftServerImpl (RaftServerImpl.java:setRole(174)) - 56e6df74-335e-4e8f-9034-f9391d4bf622@group-A82F8639F2F4: changes role from  FOLLOWER to CANDIDATE at term 0 for changeToCandidate
2019-09-26 20:19:51,233 [Thread-304] INFO  impl.RoleInfo (RoleInfo.java:updateAndGet(143)) - 56e6df74-335e-4e8f-9034-f9391d4bf622: start LeaderElection
2019-09-26 20:19:51,244 [16e8d13d-af64-4d88-a085-bc010d485d30@group-10EA13910B6B:LeaderElection6] INFO  impl.LeaderElection (LeaderElection.java:askForVotes(182)) - 16e8d13d-af64-4d88-a085-bc010d485d30@group-10EA13910B6B:LeaderElection6: begin an election at term 1 for -1: [16e8d13d-af64-4d88-a085-bc010d485d30:192.168.151.109:46318], old=null
2019-09-26 20:19:51,244 [56e6df74-335e-4e8f-9034-f9391d4bf622@group-A82F8639F2F4:LeaderElection7] INFO  impl.LeaderElection (LeaderElection.java:askForVotes(182)) - 56e6df74-335e-4e8f-9034-f9391d4bf622@group-A82F8639F2F4:LeaderElection7: begin an election at term 1 for -1: [56e6df74-335e-4e8f-9034-f9391d4bf622:192.168.151.109:35113], old=null
2019-09-26 20:19:51,245 [16e8d13d-af64-4d88-a085-bc010d485d30@group-10EA13910B6B:LeaderElection6] INFO  impl.RoleInfo (RoleInfo.java:shutdownLeaderElection(134)) - 16e8d13d-af64-4d88-a085-bc010d485d30: shutdown LeaderElection
2019-09-26 20:19:51,245 [56e6df74-335e-4e8f-9034-f9391d4bf622@group-A82F8639F2F4:LeaderElection7] INFO  impl.RoleInfo (RoleInfo.java:shutdownLeaderElection(134)) - 56e6df74-335e-4e8f-9034-f9391d4bf622: shutdown LeaderElection
2019-09-26 20:19:51,245 [16e8d13d-af64-4d88-a085-bc010d485d30@group-10EA13910B6B:LeaderElection6] INFO  impl.RaftServerImpl (RaftServerImpl.java:setRole(174)) - 16e8d13d-af64-4d88-a085-bc010d485d30@group-10EA13910B6B: changes role from CANDIDATE to LEADER at term 1 for changeToLeader
2019-09-26 20:19:51,245 [56e6df74-335e-4e8f-9034-f9391d4bf622@group-A82F8639F2F4:LeaderElection7] INFO  impl.RaftServerImpl (RaftServerImpl.java:setRole(174)) - 56e6df74-335e-4e8f-9034-f9391d4bf622@group-A82F8639F2F4: changes role from CANDIDATE to LEADER at term 1 for changeToLeader
2019-09-26 20:19:51,245 [16e8d13d-af64-4d88-a085-bc010d485d30@group-10EA13910B6B:LeaderElection6] INFO  impl.RaftServerImpl (ServerState.java:setLeader(253)) - 16e8d13d-af64-4d88-a085-bc010d485d30@group-10EA13910B6B: change Leader from null to 16e8d13d-af64-4d88-a085-bc010d485d30 at term 1 for becomeLeader, leader elected after 5184ms
2019-09-26 20:19:51,245 [56e6df74-335e-4e8f-9034-f9391d4bf622@group-A82F8639F2F4:LeaderElection7] INFO  impl.RaftServerImpl (ServerState.java:setLeader(253)) - 56e6df74-335e-4e8f-9034-f9391d4bf622@group-A82F8639F2F4: change Leader from null to 56e6df74-335e-4e8f-9034-f9391d4bf622 at term 1 for becomeLeader, leader elected after 5110ms
2019-09-26 20:19:51,245 [16e8d13d-af64-4d88-a085-bc010d485d30@group-10EA13910B6B:LeaderElection6] INFO  server.RaftServerConfigKeys (ConfUtils.java:logGet(43)) - raft.server.staging.catchup.gap = 1000 (default)
2019-09-26 20:19:51,245 [56e6df74-335e-4e8f-9034-f9391d4bf622@group-A82F8639F2F4:LeaderElection7] INFO  server.RaftServerConfigKeys (ConfUtils.java:logGet(43)) - raft.server.staging.catchup.gap = 1000 (default)
2019-09-26 20:19:51,246 [16e8d13d-af64-4d88-a085-bc010d485d30@group-10EA13910B6B:LeaderElection6] INFO  server.RaftServerConfigKeys (ConfUtils.java:logGet(43)) - raft.server.rpc.sleep.time = 25ms (default)
2019-09-26 20:19:51,246 [56e6df74-335e-4e8f-9034-f9391d4bf622@group-A82F8639F2F4:LeaderElection7] INFO  server.RaftServerConfigKeys (ConfUtils.java:logGet(43)) - raft.server.rpc.sleep.time = 25ms (default)
2019-09-26 20:19:51,246 [16e8d13d-af64-4d88-a085-bc010d485d30@group-10EA13910B6B:LeaderElection6] INFO  server.RaftServerConfigKeys (ConfUtils.java:logGet(43)) - raft.server.write.element-limit = 4096 (default)
2019-09-26 20:19:51,246 [56e6df74-335e-4e8f-9034-f9391d4bf622@group-A82F8639F2F4:LeaderElection7] INFO  server.RaftServerConfigKeys (ConfUtils.java:logGet(43)) - raft.server.write.element-limit = 4096 (default)
2019-09-26 20:19:51,246 [16e8d13d-af64-4d88-a085-bc010d485d30@group-10EA13910B6B:LeaderElection6] INFO  server.RaftServerConfigKeys (ConfUtils.java:logGet(43)) - raft.server.watch.timeout = 10s (default)
2019-09-26 20:19:51,246 [56e6df74-335e-4e8f-9034-f9391d4bf622@group-A82F8639F2F4:LeaderElection7] INFO  server.RaftServerConfigKeys (ConfUtils.java:logGet(43)) - raft.server.watch.timeout = 10s (default)
2019-09-26 20:19:51,246 [16e8d13d-af64-4d88-a085-bc010d485d30@group-10EA13910B6B:LeaderElection6] INFO  server.RaftServerConfigKeys (ConfUtils.java:logGet(43)) - raft.server.watch.timeout.denomination = 1s (default)
2019-09-26 20:19:51,247 [56e6df74-335e-4e8f-9034-f9391d4bf622@group-A82F8639F2F4:LeaderElection7] INFO  server.RaftServerConfigKeys (ConfUtils.java:logGet(43)) - raft.server.watch.timeout.denomination = 1s (default)
2019-09-26 20:19:51,247 [16e8d13d-af64-4d88-a085-bc010d485d30@group-10EA13910B6B:LeaderElection6] INFO  server.RaftServerConfigKeys (ConfUtils.java:logGet(43)) - raft.server.watch.element-limit = 65536 (default)
2019-09-26 20:19:51,247 [56e6df74-335e-4e8f-9034-f9391d4bf622@group-A82F8639F2F4:LeaderElection7] INFO  server.RaftServerConfigKeys (ConfUtils.java:logGet(43)) - raft.server.watch.element-limit = 65536 (default)
2019-09-26 20:19:51,250 [16e8d13d-af64-4d88-a085-bc010d485d30@group-10EA13910B6B:LeaderElection6] INFO  impl.RoleInfo (RoleInfo.java:updateAndGet(143)) - 16e8d13d-af64-4d88-a085-bc010d485d30: start LeaderState
2019-09-26 20:19:51,250 [16e8d13d-af64-4d88-a085-bc010d485d30@group-10EA13910B6B:LeaderElection6] INFO  segmented.SegmentedRaftLogWorker (SegmentedRaftLogWorker.java:startLogSegment(380)) - 16e8d13d-af64-4d88-a085-bc010d485d30@group-10EA13910B6B-SegmentedRaftLogWorker: Starting segment from index:0
2019-09-26 20:19:51,251 [56e6df74-335e-4e8f-9034-f9391d4bf622@group-A82F8639F2F4:LeaderElection7] INFO  impl.RoleInfo (RoleInfo.java:updateAndGet(143)) - 56e6df74-335e-4e8f-9034-f9391d4bf622: start LeaderState
2019-09-26 20:19:51,251 [16e8d13d-af64-4d88-a085-bc010d485d30@group-10EA13910B6B:LeaderElection6] INFO  impl.RaftServerImpl (ServerState.java:setRaftConf(354)) - 16e8d13d-af64-4d88-a085-bc010d485d30@group-10EA13910B6B: set configuration 0: [16e8d13d-af64-4d88-a085-bc010d485d30:192.168.151.109:46318], old=null at 0
2019-09-26 20:19:51,251 [56e6df74-335e-4e8f-9034-f9391d4bf622@group-A82F8639F2F4:LeaderElection7] INFO  segmented.SegmentedRaftLogWorker (SegmentedRaftLogWorker.java:startLogSegment(380)) - 56e6df74-335e-4e8f-9034-f9391d4bf622@group-A82F8639F2F4-SegmentedRaftLogWorker: Starting segment from index:0
2019-09-26 20:19:51,286 [56e6df74-335e-4e8f-9034-f9391d4bf622@group-A82F8639F2F4:LeaderElection7] INFO  impl.RaftServerImpl (ServerState.java:setRaftConf(354)) - 56e6df74-335e-4e8f-9034-f9391d4bf622@group-A82F8639F2F4: set configuration 0: [56e6df74-335e-4e8f-9034-f9391d4bf622:192.168.151.109:35113], old=null at 0
2019-09-26 20:19:51,324 [16e8d13d-af64-4d88-a085-bc010d485d30@group-10EA13910B6B-SegmentedRaftLogWorker] INFO  segmented.SegmentedRaftLogWorker (SegmentedRaftLogWorker.java:execute(569)) - 16e8d13d-af64-4d88-a085-bc010d485d30@group-10EA13910B6B-SegmentedRaftLogWorker: created new log segment /workdir/hadoop-ozone/integration-test/target/test-dir/MiniOzoneClusterImpl-81f3f93b-507a-4e54-bca6-ef1d0617e8f1/datanode-9/data/ratis/740520d7-be41-4607-bc55-10ea13910b6b/current/log_inprogress_0
2019-09-26 20:19:51,336 [56e6df74-335e-4e8f-9034-f9391d4bf622@group-A82F8639F2F4-SegmentedRaftLogWorker] INFO  segmented.SegmentedRaftLogWorker (SegmentedRaftLogWorker.java:execute(569)) - 56e6df74-335e-4e8f-9034-f9391d4bf622@group-A82F8639F2F4-SegmentedRaftLogWorker: created new log segment /workdir/hadoop-ozone/integration-test/target/test-dir/MiniOzoneClusterImpl-81f3f93b-507a-4e54-bca6-ef1d0617e8f1/datanode-6/data/ratis/221ab569-00d4-4c18-8ed2-a82f8639f2f4/current/log_inprogress_0
2019-09-26 20:19:51,383 [main] INFO  ipc.Client (Client.java:handleConnectionFailure(948)) - Retrying connect to server: localhost/127.0.0.1:0. Already tried 5 time(s); retry policy is RetryUpToMaximumCountWithFixedSleep(maxRetries=10, sleepTime=1000 MILLISECONDS)
2019-09-26 20:19:51,405 [Thread-310] INFO  impl.FollowerState (FollowerState.java:run(106)) - 1335ae9d-cf28-460b-8cef-3605e68fd742:group-86138BDAE9BE changes to CANDIDATE, lastRpcTime:5099, electionTimeout:5099ms
2019-09-26 20:19:51,405 [Thread-310] INFO  impl.RoleInfo (RoleInfo.java:shutdownFollowerState(121)) - 1335ae9d-cf28-460b-8cef-3605e68fd742: shutdown FollowerState
2019-09-26 20:19:51,405 [Thread-310] INFO  impl.RaftServerImpl (RaftServerImpl.java:setRole(174)) - 1335ae9d-cf28-460b-8cef-3605e68fd742@group-86138BDAE9BE: changes role from  FOLLOWER to CANDIDATE at term 0 for changeToCandidate
2019-09-26 20:19:51,406 [Thread-310] INFO  impl.RoleInfo (RoleInfo.java:updateAndGet(143)) - 1335ae9d-cf28-460b-8cef-3605e68fd742: start LeaderElection
2019-09-26 20:19:51,424 [Thread-307] INFO  impl.FollowerState (FollowerState.java:run(106)) - 54d75f05-459a-41f1-a160-6bbdb25ca921:group-2B58C598D7A4 changes to CANDIDATE, lastRpcTime:5195, electionTimeout:5195ms
2019-09-26 20:19:51,425 [Thread-307] INFO  impl.RoleInfo (RoleInfo.java:shutdownFollowerState(121)) - 54d75f05-459a-41f1-a160-6bbdb25ca921: shutdown FollowerState
2019-09-26 20:19:51,425 [Thread-307] INFO  impl.RaftServerImpl (RaftServerImpl.java:setRole(174)) - 54d75f05-459a-41f1-a160-6bbdb25ca921@group-2B58C598D7A4: changes role from  FOLLOWER to CANDIDATE at term 0 for changeToCandidate
2019-09-26 20:19:51,425 [Thread-307] INFO  impl.RoleInfo (RoleInfo.java:updateAndGet(143)) - 54d75f05-459a-41f1-a160-6bbdb25ca921: start LeaderElection
2019-09-26 20:19:51,430 [1335ae9d-cf28-460b-8cef-3605e68fd742@group-86138BDAE9BE:LeaderElection8] INFO  impl.LeaderElection (LeaderElection.java:askForVotes(182)) - 1335ae9d-cf28-460b-8cef-3605e68fd742@group-86138BDAE9BE:LeaderElection8: begin an election at term 1 for -1: [1335ae9d-cf28-460b-8cef-3605e68fd742:192.168.151.109:35473], old=null
2019-09-26 20:19:51,430 [1335ae9d-cf28-460b-8cef-3605e68fd742@group-86138BDAE9BE:LeaderElection8] INFO  impl.RoleInfo (RoleInfo.java:shutdownLeaderElection(134)) - 1335ae9d-cf28-460b-8cef-3605e68fd742: shutdown LeaderElection
2019-09-26 20:19:51,430 [1335ae9d-cf28-460b-8cef-3605e68fd742@group-86138BDAE9BE:LeaderElection8] INFO  impl.RaftServerImpl (RaftServerImpl.java:setRole(174)) - 1335ae9d-cf28-460b-8cef-3605e68fd742@group-86138BDAE9BE: changes role from CANDIDATE to LEADER at term 1 for changeToLeader
2019-09-26 20:19:51,430 [1335ae9d-cf28-460b-8cef-3605e68fd742@group-86138BDAE9BE:LeaderElection8] INFO  impl.RaftServerImpl (ServerState.java:setLeader(253)) - 1335ae9d-cf28-460b-8cef-3605e68fd742@group-86138BDAE9BE: change Leader from null to 1335ae9d-cf28-460b-8cef-3605e68fd742 at term 1 for becomeLeader, leader elected after 5136ms
2019-09-26 20:19:51,430 [1335ae9d-cf28-460b-8cef-3605e68fd742@group-86138BDAE9BE:LeaderElection8] INFO  server.RaftServerConfigKeys (ConfUtils.java:logGet(43)) - raft.server.staging.catchup.gap = 1000 (default)
2019-09-26 20:19:51,431 [1335ae9d-cf28-460b-8cef-3605e68fd742@group-86138BDAE9BE:LeaderElection8] INFO  server.RaftServerConfigKeys (ConfUtils.java:logGet(43)) - raft.server.rpc.sleep.time = 25ms (default)
2019-09-26 20:19:51,431 [1335ae9d-cf28-460b-8cef-3605e68fd742@group-86138BDAE9BE:LeaderElection8] INFO  server.RaftServerConfigKeys (ConfUtils.java:logGet(43)) - raft.server.write.element-limit = 4096 (default)
2019-09-26 20:19:51,431 [1335ae9d-cf28-460b-8cef-3605e68fd742@group-86138BDAE9BE:LeaderElection8] INFO  server.RaftServerConfigKeys (ConfUtils.java:logGet(43)) - raft.server.watch.timeout = 10s (default)
2019-09-26 20:19:51,431 [1335ae9d-cf28-460b-8cef-3605e68fd742@group-86138BDAE9BE:LeaderElection8] INFO  server.RaftServerConfigKeys (ConfUtils.java:logGet(43)) - raft.server.watch.timeout.denomination = 1s (default)
2019-09-26 20:19:51,431 [1335ae9d-cf28-460b-8cef-3605e68fd742@group-86138BDAE9BE:LeaderElection8] INFO  server.RaftServerConfigKeys (ConfUtils.java:logGet(43)) - raft.server.watch.element-limit = 65536 (default)
2019-09-26 20:19:51,433 [Thread-313] INFO  impl.FollowerState (FollowerState.java:run(106)) - 402982a9-fa7b-4360-bb6f-7bf73c96b049:group-8DB0ACFB79CD changes to CANDIDATE, lastRpcTime:5040, electionTimeout:5040ms
2019-09-26 20:19:51,434 [1335ae9d-cf28-460b-8cef-3605e68fd742@group-86138BDAE9BE:LeaderElection8] INFO  impl.RoleInfo (RoleInfo.java:updateAndGet(143)) - 1335ae9d-cf28-460b-8cef-3605e68fd742: start LeaderState
2019-09-26 20:19:51,434 [Thread-313] INFO  impl.RoleInfo (RoleInfo.java:shutdownFollowerState(121)) - 402982a9-fa7b-4360-bb6f-7bf73c96b049: shutdown FollowerState
2019-09-26 20:19:51,434 [1335ae9d-cf28-460b-8cef-3605e68fd742@group-86138BDAE9BE:LeaderElection8] INFO  segmented.SegmentedRaftLogWorker (SegmentedRaftLogWorker.java:startLogSegment(380)) - 1335ae9d-cf28-460b-8cef-3605e68fd742@group-86138BDAE9BE-SegmentedRaftLogWorker: Starting segment from index:0
2019-09-26 20:19:51,434 [Thread-313] INFO  impl.RaftServerImpl (RaftServerImpl.java:setRole(174)) - 402982a9-fa7b-4360-bb6f-7bf73c96b049@group-8DB0ACFB79CD: changes role from  FOLLOWER to CANDIDATE at term 0 for changeToCandidate
2019-09-26 20:19:51,434 [Thread-313] INFO  impl.RoleInfo (RoleInfo.java:updateAndGet(143)) - 402982a9-fa7b-4360-bb6f-7bf73c96b049: start LeaderElection
2019-09-26 20:19:51,434 [1335ae9d-cf28-460b-8cef-3605e68fd742@group-86138BDAE9BE:LeaderElection8] INFO  impl.RaftServerImpl (ServerState.java:setRaftConf(354)) - 1335ae9d-cf28-460b-8cef-3605e68fd742@group-86138BDAE9BE: set configuration 0: [1335ae9d-cf28-460b-8cef-3605e68fd742:192.168.151.109:35473], old=null at 0
2019-09-26 20:19:51,471 [54d75f05-459a-41f1-a160-6bbdb25ca921@group-2B58C598D7A4:LeaderElection9] INFO  impl.LeaderElection (LeaderElection.java:askForVotes(182)) - 54d75f05-459a-41f1-a160-6bbdb25ca921@group-2B58C598D7A4:LeaderElection9: begin an election at term 1 for -1: [54d75f05-459a-41f1-a160-6bbdb25ca921:192.168.151.109:45423], old=null
2019-09-26 20:19:51,471 [54d75f05-459a-41f1-a160-6bbdb25ca921@group-2B58C598D7A4:LeaderElection9] INFO  impl.RoleInfo (RoleInfo.java:shutdownLeaderElection(134)) - 54d75f05-459a-41f1-a160-6bbdb25ca921: shutdown LeaderElection
2019-09-26 20:19:51,471 [54d75f05-459a-41f1-a160-6bbdb25ca921@group-2B58C598D7A4:LeaderElection9] INFO  impl.RaftServerImpl (RaftServerImpl.java:setRole(174)) - 54d75f05-459a-41f1-a160-6bbdb25ca921@group-2B58C598D7A4: changes role from CANDIDATE to LEADER at term 1 for changeToLeader
2019-09-26 20:19:51,471 [54d75f05-459a-41f1-a160-6bbdb25ca921@group-2B58C598D7A4:LeaderElection9] INFO  impl.RaftServerImpl (ServerState.java:setLeader(253)) - 54d75f05-459a-41f1-a160-6bbdb25ca921@group-2B58C598D7A4: change Leader from null to 54d75f05-459a-41f1-a160-6bbdb25ca921 at term 1 for becomeLeader, leader elected after 5250ms
2019-09-26 20:19:51,471 [54d75f05-459a-41f1-a160-6bbdb25ca921@group-2B58C598D7A4:LeaderElection9] INFO  server.RaftServerConfigKeys (ConfUtils.java:logGet(43)) - raft.server.staging.catchup.gap = 1000 (default)
2019-09-26 20:19:51,472 [54d75f05-459a-41f1-a160-6bbdb25ca921@group-2B58C598D7A4:LeaderElection9] INFO  server.RaftServerConfigKeys (ConfUtils.java:logGet(43)) - raft.server.rpc.sleep.time = 25ms (default)
2019-09-26 20:19:51,472 [54d75f05-459a-41f1-a160-6bbdb25ca921@group-2B58C598D7A4:LeaderElection9] INFO  server.RaftServerConfigKeys (ConfUtils.java:logGet(43)) - raft.server.write.element-limit = 4096 (default)
2019-09-26 20:19:51,472 [54d75f05-459a-41f1-a160-6bbdb25ca921@group-2B58C598D7A4:LeaderElection9] INFO  server.RaftServerConfigKeys (ConfUtils.java:logGet(43)) - raft.server.watch.timeout = 10s (default)
2019-09-26 20:19:51,472 [54d75f05-459a-41f1-a160-6bbdb25ca921@group-2B58C598D7A4:LeaderElection9] INFO  server.RaftServerConfigKeys (ConfUtils.java:logGet(43)) - raft.server.watch.timeout.denomination = 1s (default)
2019-09-26 20:19:51,472 [54d75f05-459a-41f1-a160-6bbdb25ca921@group-2B58C598D7A4:LeaderElection9] INFO  server.RaftServerConfigKeys (ConfUtils.java:logGet(43)) - raft.server.watch.element-limit = 65536 (default)
2019-09-26 20:19:51,475 [54d75f05-459a-41f1-a160-6bbdb25ca921@group-2B58C598D7A4:LeaderElection9] INFO  impl.RoleInfo (RoleInfo.java:updateAndGet(143)) - 54d75f05-459a-41f1-a160-6bbdb25ca921: start LeaderState
2019-09-26 20:19:51,475 [54d75f05-459a-41f1-a160-6bbdb25ca921@group-2B58C598D7A4:LeaderElection9] INFO  segmented.SegmentedRaftLogWorker (SegmentedRaftLogWorker.java:startLogSegment(380)) - 54d75f05-459a-41f1-a160-6bbdb25ca921@group-2B58C598D7A4-SegmentedRaftLogWorker: Starting segment from index:0
2019-09-26 20:19:51,475 [54d75f05-459a-41f1-a160-6bbdb25ca921@group-2B58C598D7A4:LeaderElection9] INFO  impl.RaftServerImpl (ServerState.java:setRaftConf(354)) - 54d75f05-459a-41f1-a160-6bbdb25ca921@group-2B58C598D7A4: set configuration 0: [54d75f05-459a-41f1-a160-6bbdb25ca921:192.168.151.109:45423], old=null at 0
2019-09-26 20:19:51,501 [Thread-318] INFO  impl.FollowerState (FollowerState.java:run(106)) - 3425e4bc-5d6a-41bf-abca-b714524a84c8:group-6844D0E0A9D2 changes to CANDIDATE, lastRpcTime:5017, electionTimeout:5013ms
2019-09-26 20:19:51,501 [Thread-320] INFO  impl.FollowerState (FollowerState.java:run(106)) - dbc4c3a6-ca05-4f67-828a-4e6bc2bd7fa8:group-6844D0E0A9D2 changes to CANDIDATE, lastRpcTime:5015, electionTimeout:5001ms
2019-09-26 20:19:51,501 [1335ae9d-cf28-460b-8cef-3605e68fd742@group-86138BDAE9BE-SegmentedRaftLogWorker] INFO  segmented.SegmentedRaftLogWorker (SegmentedRaftLogWorker.java:execute(569)) - 1335ae9d-cf28-460b-8cef-3605e68fd742@group-86138BDAE9BE-SegmentedRaftLogWorker: created new log segment /workdir/hadoop-ozone/integration-test/target/test-dir/MiniOzoneClusterImpl-81f3f93b-507a-4e54-bca6-ef1d0617e8f1/datanode-1/data/ratis/2116121a-26b6-4de6-9613-86138bdae9be/current/log_inprogress_0
2019-09-26 20:19:51,501 [Thread-318] INFO  impl.RoleInfo (RoleInfo.java:shutdownFollowerState(121)) - 3425e4bc-5d6a-41bf-abca-b714524a84c8: shutdown FollowerState
2019-09-26 20:19:51,502 [Thread-320] INFO  impl.RoleInfo (RoleInfo.java:shutdownFollowerState(121)) - dbc4c3a6-ca05-4f67-828a-4e6bc2bd7fa8: shutdown FollowerState
2019-09-26 20:19:51,502 [402982a9-fa7b-4360-bb6f-7bf73c96b049@group-8DB0ACFB79CD:LeaderElection10] INFO  impl.LeaderElection (LeaderElection.java:askForVotes(182)) - 402982a9-fa7b-4360-bb6f-7bf73c96b049@group-8DB0ACFB79CD:LeaderElection10: begin an election at term 1 for -1: [402982a9-fa7b-4360-bb6f-7bf73c96b049:192.168.151.109:34773], old=null
2019-09-26 20:19:51,502 [Thread-320] INFO  impl.RaftServerImpl (RaftServerImpl.java:setRole(174)) - dbc4c3a6-ca05-4f67-828a-4e6bc2bd7fa8@group-6844D0E0A9D2: changes role from  FOLLOWER to CANDIDATE at term 0 for changeToCandidate
2019-09-26 20:19:51,502 [Thread-318] INFO  impl.RaftServerImpl (RaftServerImpl.java:setRole(174)) - 3425e4bc-5d6a-41bf-abca-b714524a84c8@group-6844D0E0A9D2: changes role from  FOLLOWER to CANDIDATE at term 0 for changeToCandidate
2019-09-26 20:19:51,502 [402982a9-fa7b-4360-bb6f-7bf73c96b049@group-8DB0ACFB79CD:LeaderElection10] INFO  impl.RoleInfo (RoleInfo.java:shutdownLeaderElection(134)) - 402982a9-fa7b-4360-bb6f-7bf73c96b049: shutdown LeaderElection
2019-09-26 20:19:51,502 [Thread-318] INFO  impl.RoleInfo (RoleInfo.java:updateAndGet(143)) - 3425e4bc-5d6a-41bf-abca-b714524a84c8: start LeaderElection
2019-09-26 20:19:51,502 [Thread-320] INFO  impl.RoleInfo (RoleInfo.java:updateAndGet(143)) - dbc4c3a6-ca05-4f67-828a-4e6bc2bd7fa8: start LeaderElection
2019-09-26 20:19:51,502 [402982a9-fa7b-4360-bb6f-7bf73c96b049@group-8DB0ACFB79CD:LeaderElection10] INFO  impl.RaftServerImpl (RaftServerImpl.java:setRole(174)) - 402982a9-fa7b-4360-bb6f-7bf73c96b049@group-8DB0ACFB79CD: changes role from CANDIDATE to LEADER at term 1 for changeToLeader
2019-09-26 20:19:51,503 [402982a9-fa7b-4360-bb6f-7bf73c96b049@group-8DB0ACFB79CD:LeaderElection10] INFO  impl.RaftServerImpl (ServerState.java:setLeader(253)) - 402982a9-fa7b-4360-bb6f-7bf73c96b049@group-8DB0ACFB79CD: change Leader from null to 402982a9-fa7b-4360-bb6f-7bf73c96b049 at term 1 for becomeLeader, leader elected after 5117ms
2019-09-26 20:19:51,508 [402982a9-fa7b-4360-bb6f-7bf73c96b049@group-8DB0ACFB79CD:LeaderElection10] INFO  server.RaftServerConfigKeys (ConfUtils.java:logGet(43)) - raft.server.staging.catchup.gap = 1000 (default)
2019-09-26 20:19:51,510 [402982a9-fa7b-4360-bb6f-7bf73c96b049@group-8DB0ACFB79CD:LeaderElection10] INFO  server.RaftServerConfigKeys (ConfUtils.java:logGet(43)) - raft.server.rpc.sleep.time = 25ms (default)
2019-09-26 20:19:51,511 [402982a9-fa7b-4360-bb6f-7bf73c96b049@group-8DB0ACFB79CD:LeaderElection10] INFO  server.RaftServerConfigKeys (ConfUtils.java:logGet(43)) - raft.server.write.element-limit = 4096 (default)
2019-09-26 20:19:51,511 [402982a9-fa7b-4360-bb6f-7bf73c96b049@group-8DB0ACFB79CD:LeaderElection10] INFO  server.RaftServerConfigKeys (ConfUtils.java:logGet(43)) - raft.server.watch.timeout = 10s (default)
2019-09-26 20:19:51,511 [402982a9-fa7b-4360-bb6f-7bf73c96b049@group-8DB0ACFB79CD:LeaderElection10] INFO  server.RaftServerConfigKeys (ConfUtils.java:logGet(43)) - raft.server.watch.timeout.denomination = 1s (default)
2019-09-26 20:19:51,511 [402982a9-fa7b-4360-bb6f-7bf73c96b049@group-8DB0ACFB79CD:LeaderElection10] INFO  server.RaftServerConfigKeys (ConfUtils.java:logGet(43)) - raft.server.watch.element-limit = 65536 (default)
2019-09-26 20:19:51,514 [402982a9-fa7b-4360-bb6f-7bf73c96b049@group-8DB0ACFB79CD:LeaderElection10] INFO  impl.RoleInfo (RoleInfo.java:updateAndGet(143)) - 402982a9-fa7b-4360-bb6f-7bf73c96b049: start LeaderState
2019-09-26 20:19:51,514 [54d75f05-459a-41f1-a160-6bbdb25ca921@group-2B58C598D7A4-SegmentedRaftLogWorker] INFO  segmented.SegmentedRaftLogWorker (SegmentedRaftLogWorker.java:execute(569)) - 54d75f05-459a-41f1-a160-6bbdb25ca921@group-2B58C598D7A4-SegmentedRaftLogWorker: created new log segment /workdir/hadoop-ozone/integration-test/target/test-dir/MiniOzoneClusterImpl-81f3f93b-507a-4e54-bca6-ef1d0617e8f1/datanode-5/data/ratis/80208b83-ed5a-4506-ad9d-2b58c598d7a4/current/log_inprogress_0
2019-09-26 20:19:51,514 [3425e4bc-5d6a-41bf-abca-b714524a84c8@group-6844D0E0A9D2:LeaderElection12] INFO  impl.LeaderElection (LeaderElection.java:askForVotes(182)) - 3425e4bc-5d6a-41bf-abca-b714524a84c8@group-6844D0E0A9D2:LeaderElection12: begin an election at term 1 for -1: [dbc4c3a6-ca05-4f67-828a-4e6bc2bd7fa8:192.168.151.109:41384, 3425e4bc-5d6a-41bf-abca-b714524a84c8:192.168.151.109:32871, 91aa48ae-f401-469d-b9d7-6f66a673a229:192.168.151.109:34036], old=null
2019-09-26 20:19:51,514 [402982a9-fa7b-4360-bb6f-7bf73c96b049@group-8DB0ACFB79CD:LeaderElection10] INFO  segmented.SegmentedRaftLogWorker (SegmentedRaftLogWorker.java:startLogSegment(380)) - 402982a9-fa7b-4360-bb6f-7bf73c96b049@group-8DB0ACFB79CD-SegmentedRaftLogWorker: Starting segment from index:0
2019-09-26 20:19:51,514 [dbc4c3a6-ca05-4f67-828a-4e6bc2bd7fa8@group-6844D0E0A9D2:LeaderElection11] INFO  impl.LeaderElection (LeaderElection.java:askForVotes(182)) - dbc4c3a6-ca05-4f67-828a-4e6bc2bd7fa8@group-6844D0E0A9D2:LeaderElection11: begin an election at term 1 for -1: [dbc4c3a6-ca05-4f67-828a-4e6bc2bd7fa8:192.168.151.109:41384, 3425e4bc-5d6a-41bf-abca-b714524a84c8:192.168.151.109:32871, 91aa48ae-f401-469d-b9d7-6f66a673a229:192.168.151.109:34036], old=null
2019-09-26 20:19:51,515 [402982a9-fa7b-4360-bb6f-7bf73c96b049@group-8DB0ACFB79CD:LeaderElection10] INFO  impl.RaftServerImpl (ServerState.java:setRaftConf(354)) - 402982a9-fa7b-4360-bb6f-7bf73c96b049@group-8DB0ACFB79CD: set configuration 0: [402982a9-fa7b-4360-bb6f-7bf73c96b049:192.168.151.109:34773], old=null at 0
2019-09-26 20:19:51,573 [402982a9-fa7b-4360-bb6f-7bf73c96b049@group-8DB0ACFB79CD-SegmentedRaftLogWorker] INFO  segmented.SegmentedRaftLogWorker (SegmentedRaftLogWorker.java:execute(569)) - 402982a9-fa7b-4360-bb6f-7bf73c96b049@group-8DB0ACFB79CD-SegmentedRaftLogWorker: created new log segment /workdir/hadoop-ozone/integration-test/target/test-dir/MiniOzoneClusterImpl-81f3f93b-507a-4e54-bca6-ef1d0617e8f1/datanode-2/data/ratis/fbc3a465-76d3-47f0-956f-8db0acfb79cd/current/log_inprogress_0
2019-09-26 20:19:51,598 [Thread-329] INFO  impl.FollowerState (FollowerState.java:run(106)) - 9612ee1f-db1c-4468-80df-d82c84da7864:group-B9BD004D2960 changes to CANDIDATE, lastRpcTime:5023, electionTimeout:5023ms
2019-09-26 20:19:51,600 [Thread-329] INFO  impl.RoleInfo (RoleInfo.java:shutdownFollowerState(121)) - 9612ee1f-db1c-4468-80df-d82c84da7864: shutdown FollowerState
2019-09-26 20:19:51,600 [Thread-329] INFO  impl.RaftServerImpl (RaftServerImpl.java:setRole(174)) - 9612ee1f-db1c-4468-80df-d82c84da7864@group-B9BD004D2960: changes role from  FOLLOWER to CANDIDATE at term 0 for changeToCandidate
2019-09-26 20:19:51,600 [Thread-329] INFO  impl.RoleInfo (RoleInfo.java:updateAndGet(143)) - 9612ee1f-db1c-4468-80df-d82c84da7864: start LeaderElection
2019-09-26 20:19:51,608 [grpc-default-executor-0] INFO  impl.RaftServerImpl (RaftServerImpl.java:setRole(174)) - 91aa48ae-f401-469d-b9d7-6f66a673a229@group-6844D0E0A9D2: changes role from  FOLLOWER to FOLLOWER at term 1 for recognizeCandidate:3425e4bc-5d6a-41bf-abca-b714524a84c8
2019-09-26 20:19:51,609 [grpc-default-executor-0] INFO  impl.RoleInfo (RoleInfo.java:shutdownFollowerState(121)) - 91aa48ae-f401-469d-b9d7-6f66a673a229: shutdown FollowerState
2019-09-26 20:19:51,609 [grpc-default-executor-0] INFO  impl.RoleInfo (RoleInfo.java:updateAndGet(143)) - 91aa48ae-f401-469d-b9d7-6f66a673a229: start FollowerState
2019-09-26 20:19:51,609 [Thread-321] INFO  impl.FollowerState (FollowerState.java:run(115)) - 91aa48ae-f401-469d-b9d7-6f66a673a229: FollowerState was interrupted: java.lang.InterruptedException: sleep interrupted
2019-09-26 20:19:51,626 [9612ee1f-db1c-4468-80df-d82c84da7864@group-B9BD004D2960:LeaderElection13] INFO  impl.LeaderElection (LeaderElection.java:askForVotes(182)) - 9612ee1f-db1c-4468-80df-d82c84da7864@group-B9BD004D2960:LeaderElection13: begin an election at term 1 for -1: [9612ee1f-db1c-4468-80df-d82c84da7864:192.168.151.109:40705, 16e8d13d-af64-4d88-a085-bc010d485d30:192.168.151.109:46318, 56e6df74-335e-4e8f-9034-f9391d4bf622:192.168.151.109:35113], old=null
2019-09-26 20:19:51,634 [3425e4bc-5d6a-41bf-abca-b714524a84c8@group-6844D0E0A9D2:LeaderElection12] INFO  impl.LeaderElection (LeaderElection.java:logAndReturn(56)) - 3425e4bc-5d6a-41bf-abca-b714524a84c8@group-6844D0E0A9D2:LeaderElection12: Election PASSED; received 2 response(s) [3425e4bc-5d6a-41bf-abca-b714524a84c8<-dbc4c3a6-ca05-4f67-828a-4e6bc2bd7fa8#0:FAIL-t1, 3425e4bc-5d6a-41bf-abca-b714524a84c8<-91aa48ae-f401-469d-b9d7-6f66a673a229#0:OK-t1] and 0 exception(s); 3425e4bc-5d6a-41bf-abca-b714524a84c8@group-6844D0E0A9D2:t1, leader=null, voted=3425e4bc-5d6a-41bf-abca-b714524a84c8, raftlog=3425e4bc-5d6a-41bf-abca-b714524a84c8@group-6844D0E0A9D2-SegmentedRaftLog:OPENED:c-1,f-1,i0, conf=-1: [dbc4c3a6-ca05-4f67-828a-4e6bc2bd7fa8:192.168.151.109:41384, 3425e4bc-5d6a-41bf-abca-b714524a84c8:192.168.151.109:32871, 91aa48ae-f401-469d-b9d7-6f66a673a229:192.168.151.109:34036], old=null
2019-09-26 20:19:51,634 [dbc4c3a6-ca05-4f67-828a-4e6bc2bd7fa8@group-6844D0E0A9D2:LeaderElection11] INFO  impl.LeaderElection (LeaderElection.java:logAndReturn(56)) - dbc4c3a6-ca05-4f67-828a-4e6bc2bd7fa8@group-6844D0E0A9D2:LeaderElection11: Election REJECTED; received 2 response(s) [dbc4c3a6-ca05-4f67-828a-4e6bc2bd7fa8<-3425e4bc-5d6a-41bf-abca-b714524a84c8#0:FAIL-t1, dbc4c3a6-ca05-4f67-828a-4e6bc2bd7fa8<-91aa48ae-f401-469d-b9d7-6f66a673a229#0:FAIL-t1] and 0 exception(s); dbc4c3a6-ca05-4f67-828a-4e6bc2bd7fa8@group-6844D0E0A9D2:t1, leader=null, voted=dbc4c3a6-ca05-4f67-828a-4e6bc2bd7fa8, raftlog=dbc4c3a6-ca05-4f67-828a-4e6bc2bd7fa8@group-6844D0E0A9D2-SegmentedRaftLog:OPENED:c-1,f-1,i0, conf=-1: [dbc4c3a6-ca05-4f67-828a-4e6bc2bd7fa8:192.168.151.109:41384, 3425e4bc-5d6a-41bf-abca-b714524a84c8:192.168.151.109:32871, 91aa48ae-f401-469d-b9d7-6f66a673a229:192.168.151.109:34036], old=null
2019-09-26 20:19:51,635 [3425e4bc-5d6a-41bf-abca-b714524a84c8@group-6844D0E0A9D2:LeaderElection12] INFO  impl.RoleInfo (RoleInfo.java:shutdownLeaderElection(134)) - 3425e4bc-5d6a-41bf-abca-b714524a84c8: shutdown LeaderElection
2019-09-26 20:19:51,636 [3425e4bc-5d6a-41bf-abca-b714524a84c8@group-6844D0E0A9D2:LeaderElection12] INFO  impl.RaftServerImpl (RaftServerImpl.java:setRole(174)) - 3425e4bc-5d6a-41bf-abca-b714524a84c8@group-6844D0E0A9D2: changes role from CANDIDATE to LEADER at term 1 for changeToLeader
2019-09-26 20:19:51,642 [3425e4bc-5d6a-41bf-abca-b714524a84c8@group-6844D0E0A9D2:LeaderElection12] INFO  impl.RaftServerImpl (ServerState.java:setLeader(253)) - 3425e4bc-5d6a-41bf-abca-b714524a84c8@group-6844D0E0A9D2: change Leader from null to 3425e4bc-5d6a-41bf-abca-b714524a84c8 at term 1 for becomeLeader, leader elected after 5169ms
2019-09-26 20:19:51,636 [dbc4c3a6-ca05-4f67-828a-4e6bc2bd7fa8@group-6844D0E0A9D2:LeaderElection11] INFO  impl.RaftServerImpl (RaftServerImpl.java:setRole(174)) - dbc4c3a6-ca05-4f67-828a-4e6bc2bd7fa8@group-6844D0E0A9D2: changes role from CANDIDATE to FOLLOWER at term 1 for DISCOVERED_A_NEW_TERM
2019-09-26 20:19:51,647 [3425e4bc-5d6a-41bf-abca-b714524a84c8@group-6844D0E0A9D2:LeaderElection12] INFO  server.RaftServerConfigKeys (ConfUtils.java:logGet(43)) - raft.server.staging.catchup.gap = 1000 (default)
2019-09-26 20:19:51,650 [dbc4c3a6-ca05-4f67-828a-4e6bc2bd7fa8@group-6844D0E0A9D2:LeaderElection11] INFO  impl.RoleInfo (RoleInfo.java:shutdownLeaderElection(134)) - dbc4c3a6-ca05-4f67-828a-4e6bc2bd7fa8: shutdown LeaderElection
2019-09-26 20:19:51,650 [3425e4bc-5d6a-41bf-abca-b714524a84c8@group-6844D0E0A9D2:LeaderElection12] INFO  server.RaftServerConfigKeys (ConfUtils.java:logGet(43)) - raft.server.rpc.sleep.time = 25ms (default)
2019-09-26 20:19:51,650 [dbc4c3a6-ca05-4f67-828a-4e6bc2bd7fa8@group-6844D0E0A9D2:LeaderElection11] INFO  impl.RoleInfo (RoleInfo.java:updateAndGet(143)) - dbc4c3a6-ca05-4f67-828a-4e6bc2bd7fa8: start FollowerState
2019-09-26 20:19:51,650 [3425e4bc-5d6a-41bf-abca-b714524a84c8@group-6844D0E0A9D2:LeaderElection12] INFO  server.RaftServerConfigKeys (ConfUtils.java:logGet(43)) - raft.server.write.element-limit = 4096 (default)
2019-09-26 20:19:51,650 [3425e4bc-5d6a-41bf-abca-b714524a84c8@group-6844D0E0A9D2:LeaderElection12] INFO  server.RaftServerConfigKeys (ConfUtils.java:logGet(43)) - raft.server.watch.timeout = 10s (default)
2019-09-26 20:19:51,652 [3425e4bc-5d6a-41bf-abca-b714524a84c8@group-6844D0E0A9D2:LeaderElection12] INFO  server.RaftServerConfigKeys (ConfUtils.java:logGet(43)) - raft.server.watch.timeout.denomination = 1s (default)
2019-09-26 20:19:51,652 [3425e4bc-5d6a-41bf-abca-b714524a84c8@group-6844D0E0A9D2:LeaderElection12] INFO  server.RaftServerConfigKeys (ConfUtils.java:logGet(43)) - raft.server.watch.element-limit = 65536 (default)
2019-09-26 20:19:51,658 [grpc-default-executor-2] INFO  impl.RaftServerImpl (RaftServerImpl.java:setRole(174)) - 56e6df74-335e-4e8f-9034-f9391d4bf622@group-B9BD004D2960: changes role from  FOLLOWER to FOLLOWER at term 1 for recognizeCandidate:9612ee1f-db1c-4468-80df-d82c84da7864
2019-09-26 20:19:51,660 [grpc-default-executor-2] INFO  impl.RoleInfo (RoleInfo.java:shutdownFollowerState(121)) - 56e6df74-335e-4e8f-9034-f9391d4bf622: shutdown FollowerState
2019-09-26 20:19:51,660 [grpc-default-executor-2] INFO  impl.RoleInfo (RoleInfo.java:updateAndGet(143)) - 56e6df74-335e-4e8f-9034-f9391d4bf622: start FollowerState
2019-09-26 20:19:51,661 [Thread-331] INFO  impl.FollowerState (FollowerState.java:run(115)) - 56e6df74-335e-4e8f-9034-f9391d4bf622: FollowerState was interrupted: java.lang.InterruptedException: sleep interrupted
2019-09-26 20:19:51,665 [grpc-default-executor-0] INFO  impl.RaftServerImpl (RaftServerImpl.java:setRole(174)) - 16e8d13d-af64-4d88-a085-bc010d485d30@group-B9BD004D2960: changes role from  FOLLOWER to FOLLOWER at term 1 for recognizeCandidate:9612ee1f-db1c-4468-80df-d82c84da7864
2019-09-26 20:19:51,665 [grpc-default-executor-0] INFO  impl.RoleInfo (RoleInfo.java:shutdownFollowerState(121)) - 16e8d13d-af64-4d88-a085-bc010d485d30: shutdown FollowerState
2019-09-26 20:19:51,665 [grpc-default-executor-0] INFO  impl.RoleInfo (RoleInfo.java:updateAndGet(143)) - 16e8d13d-af64-4d88-a085-bc010d485d30: start FollowerState
2019-09-26 20:19:51,665 [Thread-327] INFO  impl.FollowerState (FollowerState.java:run(115)) - 16e8d13d-af64-4d88-a085-bc010d485d30: FollowerState was interrupted: java.lang.InterruptedException: sleep interrupted
2019-09-26 20:19:51,668 [3425e4bc-5d6a-41bf-abca-b714524a84c8@group-6844D0E0A9D2:LeaderElection12] INFO  server.RaftServerConfigKeys (ConfUtils.java:logGet(43)) - raft.server.log.appender.snapshot.chunk.size.max = 16MB (=16777216) (default)
2019-09-26 20:19:51,669 [3425e4bc-5d6a-41bf-abca-b714524a84c8@group-6844D0E0A9D2:LeaderElection12] INFO  server.RaftServerConfigKeys (ConfUtils.java:logGet(43)) - raft.server.log.appender.buffer.byte-limit = 33554432 (custom)
2019-09-26 20:19:51,669 [3425e4bc-5d6a-41bf-abca-b714524a84c8@group-6844D0E0A9D2:LeaderElection12] INFO  server.RaftServerConfigKeys (ConfUtils.java:logGet(43)) - raft.server.log.appender.buffer.element-limit = 1 (custom)
2019-09-26 20:19:51,672 [3425e4bc-5d6a-41bf-abca-b714524a84c8@group-6844D0E0A9D2:LeaderElection12] INFO  grpc.GrpcConfigKeys$Server (ConfUtils.java:logGet(43)) - raft.grpc.server.leader.outstanding.appends.max = 128 (default)
2019-09-26 20:19:51,672 [3425e4bc-5d6a-41bf-abca-b714524a84c8@group-6844D0E0A9D2:LeaderElection12] INFO  server.RaftServerConfigKeys (ConfUtils.java:logGet(43)) - raft.server.rpc.request.timeout = 3000ms (default)
2019-09-26 20:19:51,672 [3425e4bc-5d6a-41bf-abca-b714524a84c8@group-6844D0E0A9D2:LeaderElection12] INFO  server.RaftServerConfigKeys (ConfUtils.java:logGet(43)) - raft.server.log.appender.install.snapshot.enabled = false (custom)
2019-09-26 20:19:51,673 [3425e4bc-5d6a-41bf-abca-b714524a84c8@group-6844D0E0A9D2:LeaderElection12] INFO  server.RaftServerConfigKeys (ConfUtils.java:logGet(43)) - raft.server.log.appender.snapshot.chunk.size.max = 16MB (=16777216) (default)
2019-09-26 20:19:51,673 [3425e4bc-5d6a-41bf-abca-b714524a84c8@group-6844D0E0A9D2:LeaderElection12] INFO  server.RaftServerConfigKeys (ConfUtils.java:logGet(43)) - raft.server.log.appender.buffer.byte-limit = 33554432 (custom)
2019-09-26 20:19:51,673 [3425e4bc-5d6a-41bf-abca-b714524a84c8@group-6844D0E0A9D2:LeaderElection12] INFO  server.RaftServerConfigKeys (ConfUtils.java:logGet(43)) - raft.server.log.appender.buffer.element-limit = 1 (custom)
2019-09-26 20:19:51,673 [3425e4bc-5d6a-41bf-abca-b714524a84c8@group-6844D0E0A9D2:LeaderElection12] INFO  grpc.GrpcConfigKeys$Server (ConfUtils.java:logGet(43)) - raft.grpc.server.leader.outstanding.appends.max = 128 (default)
2019-09-26 20:19:51,673 [3425e4bc-5d6a-41bf-abca-b714524a84c8@group-6844D0E0A9D2:LeaderElection12] INFO  server.RaftServerConfigKeys (ConfUtils.java:logGet(43)) - raft.server.rpc.request.timeout = 3000ms (default)
2019-09-26 20:19:51,673 [3425e4bc-5d6a-41bf-abca-b714524a84c8@group-6844D0E0A9D2:LeaderElection12] INFO  server.RaftServerConfigKeys (ConfUtils.java:logGet(43)) - raft.server.log.appender.install.snapshot.enabled = false (custom)
2019-09-26 20:19:51,676 [3425e4bc-5d6a-41bf-abca-b714524a84c8@group-6844D0E0A9D2:LeaderElection12] INFO  impl.RoleInfo (RoleInfo.java:updateAndGet(143)) - 3425e4bc-5d6a-41bf-abca-b714524a84c8: start LeaderState
2019-09-26 20:19:51,676 [3425e4bc-5d6a-41bf-abca-b714524a84c8@group-6844D0E0A9D2:LeaderElection12] INFO  segmented.SegmentedRaftLogWorker (SegmentedRaftLogWorker.java:startLogSegment(380)) - 3425e4bc-5d6a-41bf-abca-b714524a84c8@group-6844D0E0A9D2-SegmentedRaftLogWorker: Starting segment from index:0
2019-09-26 20:19:51,676 [3425e4bc-5d6a-41bf-abca-b714524a84c8@group-6844D0E0A9D2:LeaderElection12] INFO  impl.RaftServerImpl (ServerState.java:setRaftConf(354)) - 3425e4bc-5d6a-41bf-abca-b714524a84c8@group-6844D0E0A9D2: set configuration 0: [dbc4c3a6-ca05-4f67-828a-4e6bc2bd7fa8:192.168.151.109:41384, 3425e4bc-5d6a-41bf-abca-b714524a84c8:192.168.151.109:32871, 91aa48ae-f401-469d-b9d7-6f66a673a229:192.168.151.109:34036], old=null at 0
2019-09-26 20:19:51,708 [Thread-340] INFO  impl.FollowerState (FollowerState.java:run(106)) - 402982a9-fa7b-4360-bb6f-7bf73c96b049:group-5CFE9CCBA5A2 changes to CANDIDATE, lastRpcTime:5050, electionTimeout:5037ms
2019-09-26 20:19:51,709 [9612ee1f-db1c-4468-80df-d82c84da7864@group-B9BD004D2960:LeaderElection13] INFO  impl.LeaderElection (LeaderElection.java:logAndReturn(56)) - 9612ee1f-db1c-4468-80df-d82c84da7864@group-B9BD004D2960:LeaderElection13: Election PASSED; received 1 response(s) [9612ee1f-db1c-4468-80df-d82c84da7864<-16e8d13d-af64-4d88-a085-bc010d485d30#0:OK-t1] and 0 exception(s); 9612ee1f-db1c-4468-80df-d82c84da7864@group-B9BD004D2960:t1, leader=null, voted=9612ee1f-db1c-4468-80df-d82c84da7864, raftlog=9612ee1f-db1c-4468-80df-d82c84da7864@group-B9BD004D2960-SegmentedRaftLog:OPENED:c-1,f-1,i0, conf=-1: [9612ee1f-db1c-4468-80df-d82c84da7864:192.168.151.109:40705, 16e8d13d-af64-4d88-a085-bc010d485d30:192.168.151.109:46318, 56e6df74-335e-4e8f-9034-f9391d4bf622:192.168.151.109:35113], old=null
2019-09-26 20:19:51,709 [Thread-340] INFO  impl.RoleInfo (RoleInfo.java:shutdownFollowerState(121)) - 402982a9-fa7b-4360-bb6f-7bf73c96b049: shutdown FollowerState
2019-09-26 20:19:51,712 [9612ee1f-db1c-4468-80df-d82c84da7864@group-B9BD004D2960:LeaderElection13] INFO  impl.RoleInfo (RoleInfo.java:shutdownLeaderElection(134)) - 9612ee1f-db1c-4468-80df-d82c84da7864: shutdown LeaderElection
2019-09-26 20:19:51,716 [Thread-340] INFO  impl.RaftServerImpl (RaftServerImpl.java:setRole(174)) - 402982a9-fa7b-4360-bb6f-7bf73c96b049@group-5CFE9CCBA5A2: changes role from  FOLLOWER to CANDIDATE at term 0 for changeToCandidate
2019-09-26 20:19:51,716 [9612ee1f-db1c-4468-80df-d82c84da7864@group-B9BD004D2960:LeaderElection13] INFO  impl.RaftServerImpl (RaftServerImpl.java:setRole(174)) - 9612ee1f-db1c-4468-80df-d82c84da7864@group-B9BD004D2960: changes role from CANDIDATE to LEADER at term 1 for changeToLeader
2019-09-26 20:19:51,716 [9612ee1f-db1c-4468-80df-d82c84da7864@group-B9BD004D2960:LeaderElection13] INFO  impl.RaftServerImpl (ServerState.java:setLeader(253)) - 9612ee1f-db1c-4468-80df-d82c84da7864@group-B9BD004D2960: change Leader from null to 9612ee1f-db1c-4468-80df-d82c84da7864 at term 1 for becomeLeader, leader elected after 5151ms
2019-09-26 20:19:51,716 [Thread-340] INFO  impl.RoleInfo (RoleInfo.java:updateAndGet(143)) - 402982a9-fa7b-4360-bb6f-7bf73c96b049: start LeaderElection
2019-09-26 20:19:51,716 [9612ee1f-db1c-4468-80df-d82c84da7864@group-B9BD004D2960:LeaderElection13] INFO  server.RaftServerConfigKeys (ConfUtils.java:logGet(43)) - raft.server.staging.catchup.gap = 1000 (default)
2019-09-26 20:19:51,719 [9612ee1f-db1c-4468-80df-d82c84da7864@group-B9BD004D2960:LeaderElection13] INFO  server.RaftServerConfigKeys (ConfUtils.java:logGet(43)) - raft.server.rpc.sleep.time = 25ms (default)
2019-09-26 20:19:51,721 [3425e4bc-5d6a-41bf-abca-b714524a84c8@group-6844D0E0A9D2-SegmentedRaftLogWorker] INFO  segmented.SegmentedRaftLogWorker (SegmentedRaftLogWorker.java:execute(569)) - 3425e4bc-5d6a-41bf-abca-b714524a84c8@group-6844D0E0A9D2-SegmentedRaftLogWorker: created new log segment /workdir/hadoop-ozone/integration-test/target/test-dir/MiniOzoneClusterImpl-81f3f93b-507a-4e54-bca6-ef1d0617e8f1/datanode-3/data/ratis/55364168-6a72-428c-9a90-6844d0e0a9d2/current/log_inprogress_0
2019-09-26 20:19:51,724 [9612ee1f-db1c-4468-80df-d82c84da7864@group-B9BD004D2960:LeaderElection13] INFO  server.RaftServerConfigKeys (ConfUtils.java:logGet(43)) - raft.server.write.element-limit = 4096 (default)
2019-09-26 20:19:51,725 [9612ee1f-db1c-4468-80df-d82c84da7864@group-B9BD004D2960:LeaderElection13] INFO  server.RaftServerConfigKeys (ConfUtils.java:logGet(43)) - raft.server.watch.timeout = 10s (default)
2019-09-26 20:19:51,725 [9612ee1f-db1c-4468-80df-d82c84da7864@group-B9BD004D2960:LeaderElection13] INFO  server.RaftServerConfigKeys (ConfUtils.java:logGet(43)) - raft.server.watch.timeout.denomination = 1s (default)
2019-09-26 20:19:51,725 [9612ee1f-db1c-4468-80df-d82c84da7864@group-B9BD004D2960:LeaderElection13] INFO  server.RaftServerConfigKeys (ConfUtils.java:logGet(43)) - raft.server.watch.element-limit = 65536 (default)
2019-09-26 20:19:51,727 [9612ee1f-db1c-4468-80df-d82c84da7864@group-B9BD004D2960:LeaderElection13] INFO  server.RaftServerConfigKeys (ConfUtils.java:logGet(43)) - raft.server.log.appender.snapshot.chunk.size.max = 16MB (=16777216) (default)
2019-09-26 20:19:51,727 [9612ee1f-db1c-4468-80df-d82c84da7864@group-B9BD004D2960:LeaderElection13] INFO  server.RaftServerConfigKeys (ConfUtils.java:logGet(43)) - raft.server.log.appender.buffer.byte-limit = 33554432 (custom)
2019-09-26 20:19:51,727 [9612ee1f-db1c-4468-80df-d82c84da7864@group-B9BD004D2960:LeaderElection13] INFO  server.RaftServerConfigKeys (ConfUtils.java:logGet(43)) - raft.server.log.appender.buffer.element-limit = 1 (custom)
2019-09-26 20:19:51,727 [9612ee1f-db1c-4468-80df-d82c84da7864@group-B9BD004D2960:LeaderElection13] INFO  grpc.GrpcConfigKeys$Server (ConfUtils.java:logGet(43)) - raft.grpc.server.leader.outstanding.appends.max = 128 (default)
2019-09-26 20:19:51,729 [9612ee1f-db1c-4468-80df-d82c84da7864@group-B9BD004D2960:LeaderElection13] INFO  server.RaftServerConfigKeys (ConfUtils.java:logGet(43)) - raft.server.rpc.request.timeout = 3000ms (default)
2019-09-26 20:19:51,729 [9612ee1f-db1c-4468-80df-d82c84da7864@group-B9BD004D2960:LeaderElection13] INFO  server.RaftServerConfigKeys (ConfUtils.java:logGet(43)) - raft.server.log.appender.install.snapshot.enabled = false (custom)
2019-09-26 20:19:51,729 [9612ee1f-db1c-4468-80df-d82c84da7864@group-B9BD004D2960:LeaderElection13] INFO  server.RaftServerConfigKeys (ConfUtils.java:logGet(43)) - raft.server.log.appender.snapshot.chunk.size.max = 16MB (=16777216) (default)
2019-09-26 20:19:51,729 [9612ee1f-db1c-4468-80df-d82c84da7864@group-B9BD004D2960:LeaderElection13] INFO  server.RaftServerConfigKeys (ConfUtils.java:logGet(43)) - raft.server.log.appender.buffer.byte-limit = 33554432 (custom)
2019-09-26 20:19:51,729 [9612ee1f-db1c-4468-80df-d82c84da7864@group-B9BD004D2960:LeaderElection13] INFO  server.RaftServerConfigKeys (ConfUtils.java:logGet(43)) - raft.server.log.appender.buffer.element-limit = 1 (custom)
2019-09-26 20:19:51,730 [9612ee1f-db1c-4468-80df-d82c84da7864@group-B9BD004D2960:LeaderElection13] INFO  grpc.GrpcConfigKeys$Server (ConfUtils.java:logGet(43)) - raft.grpc.server.leader.outstanding.appends.max = 128 (default)
2019-09-26 20:19:51,730 [9612ee1f-db1c-4468-80df-d82c84da7864@group-B9BD004D2960:LeaderElection13] INFO  server.RaftServerConfigKeys (ConfUtils.java:logGet(43)) - raft.server.rpc.request.timeout = 3000ms (default)
2019-09-26 20:19:51,730 [9612ee1f-db1c-4468-80df-d82c84da7864@group-B9BD004D2960:LeaderElection13] INFO  server.RaftServerConfigKeys (ConfUtils.java:logGet(43)) - raft.server.log.appender.install.snapshot.enabled = false (custom)
2019-09-26 20:19:51,730 [9612ee1f-db1c-4468-80df-d82c84da7864@group-B9BD004D2960:LeaderElection13] INFO  impl.RoleInfo (RoleInfo.java:updateAndGet(143)) - 9612ee1f-db1c-4468-80df-d82c84da7864: start LeaderState
2019-09-26 20:19:51,730 [9612ee1f-db1c-4468-80df-d82c84da7864@group-B9BD004D2960:LeaderElection13] INFO  segmented.SegmentedRaftLogWorker (SegmentedRaftLogWorker.java:startLogSegment(380)) - 9612ee1f-db1c-4468-80df-d82c84da7864@group-B9BD004D2960-SegmentedRaftLogWorker: Starting segment from index:0
2019-09-26 20:19:51,731 [9612ee1f-db1c-4468-80df-d82c84da7864@group-B9BD004D2960:LeaderElection13] INFO  impl.RaftServerImpl (ServerState.java:setRaftConf(354)) - 9612ee1f-db1c-4468-80df-d82c84da7864@group-B9BD004D2960: set configuration 0: [9612ee1f-db1c-4468-80df-d82c84da7864:192.168.151.109:40705, 16e8d13d-af64-4d88-a085-bc010d485d30:192.168.151.109:46318, 56e6df74-335e-4e8f-9034-f9391d4bf622:192.168.151.109:35113], old=null at 0
2019-09-26 20:19:51,773 [402982a9-fa7b-4360-bb6f-7bf73c96b049@group-5CFE9CCBA5A2:LeaderElection14] INFO  impl.LeaderElection (LeaderElection.java:askForVotes(182)) - 402982a9-fa7b-4360-bb6f-7bf73c96b049@group-5CFE9CCBA5A2:LeaderElection14: begin an election at term 1 for -1: [1335ae9d-cf28-460b-8cef-3605e68fd742:192.168.151.109:35473, 54d75f05-459a-41f1-a160-6bbdb25ca921:192.168.151.109:45423, 402982a9-fa7b-4360-bb6f-7bf73c96b049:192.168.151.109:34773], old=null
2019-09-26 20:19:51,786 [9612ee1f-db1c-4468-80df-d82c84da7864@group-B9BD004D2960-SegmentedRaftLogWorker] INFO  segmented.SegmentedRaftLogWorker (SegmentedRaftLogWorker.java:execute(569)) - 9612ee1f-db1c-4468-80df-d82c84da7864@group-B9BD004D2960-SegmentedRaftLogWorker: created new log segment /workdir/hadoop-ozone/integration-test/target/test-dir/MiniOzoneClusterImpl-81f3f93b-507a-4e54-bca6-ef1d0617e8f1/datanode-7/data/ratis/98e68af2-086b-46b3-bee8-b9bd004d2960/current/log_inprogress_0
2019-09-26 20:19:51,793 [grpc-default-executor-3] INFO  impl.RaftServerImpl (RaftServerImpl.java:setRole(174)) - 1335ae9d-cf28-460b-8cef-3605e68fd742@group-5CFE9CCBA5A2: changes role from  FOLLOWER to FOLLOWER at term 1 for recognizeCandidate:402982a9-fa7b-4360-bb6f-7bf73c96b049
2019-09-26 20:19:51,793 [grpc-default-executor-3] INFO  impl.RoleInfo (RoleInfo.java:shutdownFollowerState(121)) - 1335ae9d-cf28-460b-8cef-3605e68fd742: shutdown FollowerState
2019-09-26 20:19:51,793 [grpc-default-executor-3] INFO  impl.RoleInfo (RoleInfo.java:updateAndGet(143)) - 1335ae9d-cf28-460b-8cef-3605e68fd742: start FollowerState
2019-09-26 20:19:51,793 [Thread-336] INFO  impl.FollowerState (FollowerState.java:run(115)) - 1335ae9d-cf28-460b-8cef-3605e68fd742: FollowerState was interrupted: java.lang.InterruptedException: sleep interrupted
2019-09-26 20:19:51,796 [Thread-337] INFO  impl.FollowerState (FollowerState.java:run(106)) - 54d75f05-459a-41f1-a160-6bbdb25ca921:group-5CFE9CCBA5A2 changes to CANDIDATE, lastRpcTime:5139, electionTimeout:5139ms
2019-09-26 20:19:51,802 [Thread-337] INFO  impl.RoleInfo (RoleInfo.java:shutdownFollowerState(121)) - 54d75f05-459a-41f1-a160-6bbdb25ca921: shutdown FollowerState
2019-09-26 20:19:51,802 [Thread-337] INFO  impl.RaftServerImpl (RaftServerImpl.java:setRole(174)) - 54d75f05-459a-41f1-a160-6bbdb25ca921@group-5CFE9CCBA5A2: changes role from  FOLLOWER to CANDIDATE at term 0 for changeToCandidate
2019-09-26 20:19:51,802 [Thread-337] INFO  impl.RoleInfo (RoleInfo.java:updateAndGet(143)) - 54d75f05-459a-41f1-a160-6bbdb25ca921: start LeaderElection
2019-09-26 20:19:51,804 [grpc-default-executor-5] INFO  impl.RaftServerImpl (RaftServerImpl.java:setRole(174)) - 54d75f05-459a-41f1-a160-6bbdb25ca921@group-5CFE9CCBA5A2: changes role from CANDIDATE to FOLLOWER at term 1 for recognizeCandidate:402982a9-fa7b-4360-bb6f-7bf73c96b049
2019-09-26 20:19:51,804 [grpc-default-executor-5] INFO  impl.RoleInfo (RoleInfo.java:shutdownLeaderElection(134)) - 54d75f05-459a-41f1-a160-6bbdb25ca921: shutdown LeaderElection
2019-09-26 20:19:51,808 [grpc-default-executor-5] INFO  impl.RoleInfo (RoleInfo.java:updateAndGet(143)) - 54d75f05-459a-41f1-a160-6bbdb25ca921: start FollowerState
2019-09-26 20:19:51,810 [grpc-default-executor-2] INFO  impl.RaftServerImpl (ServerState.java:setLeader(253)) - 91aa48ae-f401-469d-b9d7-6f66a673a229@group-6844D0E0A9D2: change Leader from null to 3425e4bc-5d6a-41bf-abca-b714524a84c8 at term 1 for appendEntries, leader elected after 5337ms
2019-09-26 20:19:51,810 [grpc-default-executor-0] INFO  impl.RaftServerImpl (ServerState.java:setLeader(253)) - dbc4c3a6-ca05-4f67-828a-4e6bc2bd7fa8@group-6844D0E0A9D2: change Leader from null to 3425e4bc-5d6a-41bf-abca-b714524a84c8 at term 1 for appendEntries, leader elected after 5338ms
2019-09-26 20:19:51,810 [grpc-default-executor-4] INFO  impl.RaftServerImpl (ServerState.java:setLeader(253)) - 56e6df74-335e-4e8f-9034-f9391d4bf622@group-B9BD004D2960: change Leader from null to 9612ee1f-db1c-4468-80df-d82c84da7864 at term 1 for appendEntries, leader elected after 5245ms
2019-09-26 20:19:51,810 [grpc-default-executor-1] INFO  impl.RaftServerImpl (ServerState.java:setLeader(253)) - 16e8d13d-af64-4d88-a085-bc010d485d30@group-B9BD004D2960: change Leader from null to 9612ee1f-db1c-4468-80df-d82c84da7864 at term 1 for appendEntries, leader elected after 5245ms
2019-09-26 20:19:51,826 [402982a9-fa7b-4360-bb6f-7bf73c96b049@group-5CFE9CCBA5A2:LeaderElection14] INFO  impl.LeaderElection (LeaderElection.java:logAndReturn(56)) - 402982a9-fa7b-4360-bb6f-7bf73c96b049@group-5CFE9CCBA5A2:LeaderElection14: Election PASSED; received 1 response(s) [402982a9-fa7b-4360-bb6f-7bf73c96b049<-1335ae9d-cf28-460b-8cef-3605e68fd742#0:OK-t1] and 0 exception(s); 402982a9-fa7b-4360-bb6f-7bf73c96b049@group-5CFE9CCBA5A2:t1, leader=null, voted=402982a9-fa7b-4360-bb6f-7bf73c96b049, raftlog=402982a9-fa7b-4360-bb6f-7bf73c96b049@group-5CFE9CCBA5A2-SegmentedRaftLog:OPENED:c-1,f-1,i0, conf=-1: [1335ae9d-cf28-460b-8cef-3605e68fd742:192.168.151.109:35473, 54d75f05-459a-41f1-a160-6bbdb25ca921:192.168.151.109:45423, 402982a9-fa7b-4360-bb6f-7bf73c96b049:192.168.151.109:34773], old=null
2019-09-26 20:19:51,826 [402982a9-fa7b-4360-bb6f-7bf73c96b049@group-5CFE9CCBA5A2:LeaderElection14] INFO  impl.RoleInfo (RoleInfo.java:shutdownLeaderElection(134)) - 402982a9-fa7b-4360-bb6f-7bf73c96b049: shutdown LeaderElection
2019-09-26 20:19:51,834 [54d75f05-459a-41f1-a160-6bbdb25ca921@group-5CFE9CCBA5A2:LeaderElection15] INFO  impl.LeaderElection (LeaderElection.java:askForVotes(182)) - 54d75f05-459a-41f1-a160-6bbdb25ca921@group-5CFE9CCBA5A2:LeaderElection15: begin an election at term 2 for -1: [1335ae9d-cf28-460b-8cef-3605e68fd742:192.168.151.109:35473, 54d75f05-459a-41f1-a160-6bbdb25ca921:192.168.151.109:45423, 402982a9-fa7b-4360-bb6f-7bf73c96b049:192.168.151.109:34773], old=null
2019-09-26 20:19:51,837 [402982a9-fa7b-4360-bb6f-7bf73c96b049@group-5CFE9CCBA5A2:LeaderElection14] INFO  impl.RaftServerImpl (RaftServerImpl.java:setRole(174)) - 402982a9-fa7b-4360-bb6f-7bf73c96b049@group-5CFE9CCBA5A2: changes role from CANDIDATE to LEADER at term 1 for changeToLeader
2019-09-26 20:19:51,837 [402982a9-fa7b-4360-bb6f-7bf73c96b049@group-5CFE9CCBA5A2:LeaderElection14] INFO  impl.RaftServerImpl (ServerState.java:setLeader(253)) - 402982a9-fa7b-4360-bb6f-7bf73c96b049@group-5CFE9CCBA5A2: change Leader from null to 402982a9-fa7b-4360-bb6f-7bf73c96b049 at term 1 for becomeLeader, leader elected after 5191ms
2019-09-26 20:19:51,837 [402982a9-fa7b-4360-bb6f-7bf73c96b049@group-5CFE9CCBA5A2:LeaderElection14] INFO  server.RaftServerConfigKeys (ConfUtils.java:logGet(43)) - raft.server.staging.catchup.gap = 1000 (default)
2019-09-26 20:19:51,837 [402982a9-fa7b-4360-bb6f-7bf73c96b049@group-5CFE9CCBA5A2:LeaderElection14] INFO  server.RaftServerConfigKeys (ConfUtils.java:logGet(43)) - raft.server.rpc.sleep.time = 25ms (default)
2019-09-26 20:19:51,837 [54d75f05-459a-41f1-a160-6bbdb25ca921@group-5CFE9CCBA5A2:LeaderElection15] INFO  impl.LeaderElection (LeaderElection.java:logAndReturn(56)) - 54d75f05-459a-41f1-a160-6bbdb25ca921@group-5CFE9CCBA5A2:LeaderElection15: Election REJECTED; received 0 response(s) [] and 0 exception(s); 54d75f05-459a-41f1-a160-6bbdb25ca921@group-5CFE9CCBA5A2:t2, leader=null, voted=54d75f05-459a-41f1-a160-6bbdb25ca921, raftlog=54d75f05-459a-41f1-a160-6bbdb25ca921@group-5CFE9CCBA5A2-SegmentedRaftLog:OPENED:c-1,f-1,i0, conf=-1: [1335ae9d-cf28-460b-8cef-3605e68fd742:192.168.151.109:35473, 54d75f05-459a-41f1-a160-6bbdb25ca921:192.168.151.109:45423, 402982a9-fa7b-4360-bb6f-7bf73c96b049:192.168.151.109:34773], old=null
2019-09-26 20:19:51,837 [402982a9-fa7b-4360-bb6f-7bf73c96b049@group-5CFE9CCBA5A2:LeaderElection14] INFO  server.RaftServerConfigKeys (ConfUtils.java:logGet(43)) - raft.server.write.element-limit = 4096 (default)
2019-09-26 20:19:51,838 [402982a9-fa7b-4360-bb6f-7bf73c96b049@group-5CFE9CCBA5A2:LeaderElection14] INFO  server.RaftServerConfigKeys (ConfUtils.java:logGet(43)) - raft.server.watch.timeout = 10s (default)
2019-09-26 20:19:51,838 [402982a9-fa7b-4360-bb6f-7bf73c96b049@group-5CFE9CCBA5A2:LeaderElection14] INFO  server.RaftServerConfigKeys (ConfUtils.java:logGet(43)) - raft.server.watch.timeout.denomination = 1s (default)
2019-09-26 20:19:51,838 [402982a9-fa7b-4360-bb6f-7bf73c96b049@group-5CFE9CCBA5A2:LeaderElection14] INFO  server.RaftServerConfigKeys (ConfUtils.java:logGet(43)) - raft.server.watch.element-limit = 65536 (default)
2019-09-26 20:19:51,842 [402982a9-fa7b-4360-bb6f-7bf73c96b049@group-5CFE9CCBA5A2:LeaderElection14] INFO  server.RaftServerConfigKeys (ConfUtils.java:logGet(43)) - raft.server.log.appender.snapshot.chunk.size.max = 16MB (=16777216) (default)
2019-09-26 20:19:51,842 [402982a9-fa7b-4360-bb6f-7bf73c96b049@group-5CFE9CCBA5A2:LeaderElection14] INFO  server.RaftServerConfigKeys (ConfUtils.java:logGet(43)) - raft.server.log.appender.buffer.byte-limit = 33554432 (custom)
2019-09-26 20:19:51,842 [402982a9-fa7b-4360-bb6f-7bf73c96b049@group-5CFE9CCBA5A2:LeaderElection14] INFO  server.RaftServerConfigKeys (ConfUtils.java:logGet(43)) - raft.server.log.appender.buffer.element-limit = 1 (custom)
2019-09-26 20:19:51,843 [402982a9-fa7b-4360-bb6f-7bf73c96b049@group-5CFE9CCBA5A2:LeaderElection14] INFO  grpc.GrpcConfigKeys$Server (ConfUtils.java:logGet(43)) - raft.grpc.server.leader.outstanding.appends.max = 128 (default)
2019-09-26 20:19:51,843 [402982a9-fa7b-4360-bb6f-7bf73c96b049@group-5CFE9CCBA5A2:LeaderElection14] INFO  server.RaftServerConfigKeys (ConfUtils.java:logGet(43)) - raft.server.rpc.request.timeout = 3000ms (default)
2019-09-26 20:19:51,845 [402982a9-fa7b-4360-bb6f-7bf73c96b049@group-5CFE9CCBA5A2:LeaderElection14] INFO  server.RaftServerConfigKeys (ConfUtils.java:logGet(43)) - raft.server.log.appender.install.snapshot.enabled = false (custom)
2019-09-26 20:19:51,845 [402982a9-fa7b-4360-bb6f-7bf73c96b049@group-5CFE9CCBA5A2:LeaderElection14] INFO  server.RaftServerConfigKeys (ConfUtils.java:logGet(43)) - raft.server.log.appender.snapshot.chunk.size.max = 16MB (=16777216) (default)
2019-09-26 20:19:51,847 [402982a9-fa7b-4360-bb6f-7bf73c96b049@group-5CFE9CCBA5A2:LeaderElection14] INFO  server.RaftServerConfigKeys (ConfUtils.java:logGet(43)) - raft.server.log.appender.buffer.byte-limit = 33554432 (custom)
2019-09-26 20:19:51,847 [402982a9-fa7b-4360-bb6f-7bf73c96b049@group-5CFE9CCBA5A2:LeaderElection14] INFO  server.RaftServerConfigKeys (ConfUtils.java:logGet(43)) - raft.server.log.appender.buffer.element-limit = 1 (custom)
2019-09-26 20:19:51,849 [grpc-default-executor-2] INFO  impl.RaftServerImpl (RaftServerImpl.java:setRole(174)) - 1335ae9d-cf28-460b-8cef-3605e68fd742@group-5CFE9CCBA5A2: changes role from  FOLLOWER to FOLLOWER at term 2 for recognizeCandidate:54d75f05-459a-41f1-a160-6bbdb25ca921
2019-09-26 20:19:51,851 [grpc-default-executor-2] INFO  impl.RoleInfo (RoleInfo.java:shutdownFollowerState(121)) - 1335ae9d-cf28-460b-8cef-3605e68fd742: shutdown FollowerState
2019-09-26 20:19:51,851 [402982a9-fa7b-4360-bb6f-7bf73c96b049@group-5CFE9CCBA5A2:LeaderElection14] INFO  grpc.GrpcConfigKeys$Server (ConfUtils.java:logGet(43)) - raft.grpc.server.leader.outstanding.appends.max = 128 (default)
2019-09-26 20:19:51,851 [grpc-default-executor-2] INFO  impl.RoleInfo (RoleInfo.java:updateAndGet(143)) - 1335ae9d-cf28-460b-8cef-3605e68fd742: start FollowerState
2019-09-26 20:19:51,851 [Thread-389] INFO  impl.FollowerState (FollowerState.java:run(115)) - 1335ae9d-cf28-460b-8cef-3605e68fd742: FollowerState was interrupted: java.lang.InterruptedException: sleep interrupted
2019-09-26 20:19:51,851 [402982a9-fa7b-4360-bb6f-7bf73c96b049@group-5CFE9CCBA5A2:LeaderElection14] INFO  server.RaftServerConfigKeys (ConfUtils.java:logGet(43)) - raft.server.rpc.request.timeout = 3000ms (default)
2019-09-26 20:19:51,863 [402982a9-fa7b-4360-bb6f-7bf73c96b049@group-5CFE9CCBA5A2:LeaderElection14] INFO  server.RaftServerConfigKeys (ConfUtils.java:logGet(43)) - raft.server.log.appender.install.snapshot.enabled = false (custom)
2019-09-26 20:19:51,863 [402982a9-fa7b-4360-bb6f-7bf73c96b049@group-5CFE9CCBA5A2:LeaderElection14] INFO  impl.RoleInfo (RoleInfo.java:updateAndGet(143)) - 402982a9-fa7b-4360-bb6f-7bf73c96b049: start LeaderState
2019-09-26 20:19:51,864 [402982a9-fa7b-4360-bb6f-7bf73c96b049@group-5CFE9CCBA5A2:LeaderElection14] INFO  segmented.SegmentedRaftLogWorker (SegmentedRaftLogWorker.java:startLogSegment(380)) - 402982a9-fa7b-4360-bb6f-7bf73c96b049@group-5CFE9CCBA5A2-SegmentedRaftLogWorker: Starting segment from index:0
2019-09-26 20:19:51,864 [402982a9-fa7b-4360-bb6f-7bf73c96b049@group-5CFE9CCBA5A2:LeaderElection14] INFO  impl.RaftServerImpl (ServerState.java:setRaftConf(354)) - 402982a9-fa7b-4360-bb6f-7bf73c96b049@group-5CFE9CCBA5A2: set configuration 0: [1335ae9d-cf28-460b-8cef-3605e68fd742:192.168.151.109:35473, 54d75f05-459a-41f1-a160-6bbdb25ca921:192.168.151.109:45423, 402982a9-fa7b-4360-bb6f-7bf73c96b049:192.168.151.109:34773], old=null at 0
2019-09-26 20:19:51,865 [grpc-default-executor-0] INFO  impl.RaftServerImpl (ServerState.java:setLeader(253)) - 402982a9-fa7b-4360-bb6f-7bf73c96b049@group-5CFE9CCBA5A2: change Leader from 402982a9-fa7b-4360-bb6f-7bf73c96b049 to null at term 2 for updateCurrentTerm
2019-09-26 20:19:51,865 [grpc-default-executor-0] INFO  impl.RaftServerImpl (RaftServerImpl.java:setRole(174)) - 402982a9-fa7b-4360-bb6f-7bf73c96b049@group-5CFE9CCBA5A2: changes role from    LEADER to FOLLOWER at term 2 for recognizeCandidate:54d75f05-459a-41f1-a160-6bbdb25ca921
2019-09-26 20:19:51,865 [grpc-default-executor-0] INFO  impl.RoleInfo (RoleInfo.java:shutdownLeaderState(104)) - 402982a9-fa7b-4360-bb6f-7bf73c96b049: shutdown LeaderState
2019-09-26 20:19:51,891 [org.apache.ratis.server.impl.LogAppender$AppenderDaemon$$Lambda$439/1679310385@4f3e9ca] WARN  server.GrpcLogAppender (GrpcLogAppender.java:mayWait(143)) - 402982a9-fa7b-4360-bb6f-7bf73c96b049@group-5CFE9CCBA5A2->54d75f05-459a-41f1-a160-6bbdb25ca921-GrpcLogAppender: Wait interrupted by java.lang.InterruptedException
2019-09-26 20:19:51,891 [org.apache.ratis.server.impl.LogAppender$AppenderDaemon$$Lambda$439/1679310385@38d39c0d] WARN  server.GrpcLogAppender (GrpcLogAppender.java:mayWait(143)) - 402982a9-fa7b-4360-bb6f-7bf73c96b049@group-5CFE9CCBA5A2->1335ae9d-cf28-460b-8cef-3605e68fd742-GrpcLogAppender: Wait interrupted by java.lang.InterruptedException
2019-09-26 20:19:51,899 [grpc-default-executor-0] INFO  impl.PendingRequests (PendingRequests.java:sendNotLeaderResponses(202)) - 402982a9-fa7b-4360-bb6f-7bf73c96b049-PendingRequests: sendNotLeaderResponses
2019-09-26 20:19:51,915 [402982a9-fa7b-4360-bb6f-7bf73c96b049@group-5CFE9CCBA5A2-SegmentedRaftLogWorker] INFO  segmented.SegmentedRaftLogWorker (SegmentedRaftLogWorker.java:execute(569)) - 402982a9-fa7b-4360-bb6f-7bf73c96b049@group-5CFE9CCBA5A2-SegmentedRaftLogWorker: created new log segment /workdir/hadoop-ozone/integration-test/target/test-dir/MiniOzoneClusterImpl-81f3f93b-507a-4e54-bca6-ef1d0617e8f1/datanode-2/data/ratis/d0d80637-dc47-41c9-899a-5cfe9ccba5a2/current/log_inprogress_0
2019-09-26 20:19:51,918 [grpc-default-executor-0] INFO  impl.RoleInfo (RoleInfo.java:updateAndGet(143)) - 402982a9-fa7b-4360-bb6f-7bf73c96b049: start FollowerState
2019-09-26 20:19:51,921 [grpc-default-executor-2] INFO  server.GrpcServerProtocolService (GrpcServerProtocolService.java:onCompleted(113)) - 54d75f05-459a-41f1-a160-6bbdb25ca921: Completed APPEND_ENTRIES, lastRequest: 402982a9-fa7b-4360-bb6f-7bf73c96b049->54d75f05-459a-41f1-a160-6bbdb25ca921#0-t1, previous=(t:0, i:0), leaderCommit=-1, initializing? false, entries: <empty>
2019-09-26 20:19:51,921 [grpc-default-executor-5] INFO  server.GrpcServerProtocolService (GrpcServerProtocolService.java:onCompleted(113)) - 1335ae9d-cf28-460b-8cef-3605e68fd742: Completed APPEND_ENTRIES, lastRequest: 402982a9-fa7b-4360-bb6f-7bf73c96b049->1335ae9d-cf28-460b-8cef-3605e68fd742#0-t1, previous=(t:0, i:0), leaderCommit=-1, initializing? false, entries: <empty>
2019-09-26 20:19:51,931 [grpc-default-executor-7] INFO  server.GrpcLogAppender (GrpcLogAppender.java:onCompleted(293)) - 402982a9-fa7b-4360-bb6f-7bf73c96b049@group-5CFE9CCBA5A2->1335ae9d-cf28-460b-8cef-3605e68fd742-AppendLogResponseHandler: follower responses appendEntries COMPLETED
2019-09-26 20:19:51,931 [grpc-default-executor-6] INFO  impl.RaftServerImpl (ServerState.java:setRaftConf(354)) - 16e8d13d-af64-4d88-a085-bc010d485d30@group-B9BD004D2960: set configuration 0: [9612ee1f-db1c-4468-80df-d82c84da7864:192.168.151.109:40705, 16e8d13d-af64-4d88-a085-bc010d485d30:192.168.151.109:46318, 56e6df74-335e-4e8f-9034-f9391d4bf622:192.168.151.109:35113], old=null at 0
2019-09-26 20:19:51,932 [grpc-default-executor-3] INFO  impl.RaftServerImpl (ServerState.java:setRaftConf(354)) - 56e6df74-335e-4e8f-9034-f9391d4bf622@group-B9BD004D2960: set configuration 0: [9612ee1f-db1c-4468-80df-d82c84da7864:192.168.151.109:40705, 16e8d13d-af64-4d88-a085-bc010d485d30:192.168.151.109:46318, 56e6df74-335e-4e8f-9034-f9391d4bf622:192.168.151.109:35113], old=null at 0
2019-09-26 20:19:51,931 [grpc-default-executor-5] INFO  impl.RaftServerImpl (ServerState.java:setRaftConf(354)) - dbc4c3a6-ca05-4f67-828a-4e6bc2bd7fa8@group-6844D0E0A9D2: set configuration 0: [dbc4c3a6-ca05-4f67-828a-4e6bc2bd7fa8:192.168.151.109:41384, 3425e4bc-5d6a-41bf-abca-b714524a84c8:192.168.151.109:32871, 91aa48ae-f401-469d-b9d7-6f66a673a229:192.168.151.109:34036], old=null at 0
2019-09-26 20:19:51,931 [grpc-default-executor-1] INFO  server.GrpcLogAppender (GrpcLogAppender.java:onCompleted(293)) - 402982a9-fa7b-4360-bb6f-7bf73c96b049@group-5CFE9CCBA5A2->54d75f05-459a-41f1-a160-6bbdb25ca921-AppendLogResponseHandler: follower responses appendEntries COMPLETED
2019-09-26 20:19:51,931 [grpc-default-executor-4] INFO  impl.RaftServerImpl (ServerState.java:setRaftConf(354)) - 91aa48ae-f401-469d-b9d7-6f66a673a229@group-6844D0E0A9D2: set configuration 0: [dbc4c3a6-ca05-4f67-828a-4e6bc2bd7fa8:192.168.151.109:41384, 3425e4bc-5d6a-41bf-abca-b714524a84c8:192.168.151.109:32871, 91aa48ae-f401-469d-b9d7-6f66a673a229:192.168.151.109:34036], old=null at 0
2019-09-26 20:19:51,936 [grpc-default-executor-7] INFO  impl.FollowerInfo (FollowerInfo.java:lambda$new$0(51)) - 402982a9-fa7b-4360-bb6f-7bf73c96b049@group-5CFE9CCBA5A2->1335ae9d-cf28-460b-8cef-3605e68fd742: nextIndex: updateUnconditionally 0 -> 0
2019-09-26 20:19:51,936 [grpc-default-executor-5] INFO  segmented.SegmentedRaftLogWorker (SegmentedRaftLogWorker.java:startLogSegment(380)) - dbc4c3a6-ca05-4f67-828a-4e6bc2bd7fa8@group-6844D0E0A9D2-SegmentedRaftLogWorker: Starting segment from index:0
2019-09-26 20:19:51,934 [grpc-default-executor-3] INFO  segmented.SegmentedRaftLogWorker (SegmentedRaftLogWorker.java:startLogSegment(380)) - 56e6df74-335e-4e8f-9034-f9391d4bf622@group-B9BD004D2960-SegmentedRaftLogWorker: Starting segment from index:0
2019-09-26 20:19:51,934 [grpc-default-executor-6] INFO  segmented.SegmentedRaftLogWorker (SegmentedRaftLogWorker.java:startLogSegment(380)) - 16e8d13d-af64-4d88-a085-bc010d485d30@group-B9BD004D2960-SegmentedRaftLogWorker: Starting segment from index:0
2019-09-26 20:19:51,940 [grpc-default-executor-1] INFO  impl.FollowerInfo (FollowerInfo.java:lambda$new$0(51)) - 402982a9-fa7b-4360-bb6f-7bf73c96b049@group-5CFE9CCBA5A2->54d75f05-459a-41f1-a160-6bbdb25ca921: nextIndex: updateUnconditionally 0 -> 0
2019-09-26 20:19:51,940 [grpc-default-executor-4] INFO  segmented.SegmentedRaftLogWorker (SegmentedRaftLogWorker.java:startLogSegment(380)) - 91aa48ae-f401-469d-b9d7-6f66a673a229@group-6844D0E0A9D2-SegmentedRaftLogWorker: Starting segment from index:0
2019-09-26 20:19:51,986 [dbc4c3a6-ca05-4f67-828a-4e6bc2bd7fa8@group-6844D0E0A9D2-SegmentedRaftLogWorker] INFO  segmented.SegmentedRaftLogWorker (SegmentedRaftLogWorker.java:execute(569)) - dbc4c3a6-ca05-4f67-828a-4e6bc2bd7fa8@group-6844D0E0A9D2-SegmentedRaftLogWorker: created new log segment /workdir/hadoop-ozone/integration-test/target/test-dir/MiniOzoneClusterImpl-81f3f93b-507a-4e54-bca6-ef1d0617e8f1/datanode-4/data/ratis/55364168-6a72-428c-9a90-6844d0e0a9d2/current/log_inprogress_0
2019-09-26 20:19:51,986 [91aa48ae-f401-469d-b9d7-6f66a673a229@group-6844D0E0A9D2-SegmentedRaftLogWorker] INFO  segmented.SegmentedRaftLogWorker (SegmentedRaftLogWorker.java:execute(569)) - 91aa48ae-f401-469d-b9d7-6f66a673a229@group-6844D0E0A9D2-SegmentedRaftLogWorker: created new log segment /workdir/hadoop-ozone/integration-test/target/test-dir/MiniOzoneClusterImpl-81f3f93b-507a-4e54-bca6-ef1d0617e8f1/datanode-8/data/ratis/55364168-6a72-428c-9a90-6844d0e0a9d2/current/log_inprogress_0
2019-09-26 20:19:51,998 [56e6df74-335e-4e8f-9034-f9391d4bf622@group-B9BD004D2960-SegmentedRaftLogWorker] INFO  segmented.SegmentedRaftLogWorker (SegmentedRaftLogWorker.java:execute(569)) - 56e6df74-335e-4e8f-9034-f9391d4bf622@group-B9BD004D2960-SegmentedRaftLogWorker: created new log segment /workdir/hadoop-ozone/integration-test/target/test-dir/MiniOzoneClusterImpl-81f3f93b-507a-4e54-bca6-ef1d0617e8f1/datanode-6/data/ratis/98e68af2-086b-46b3-bee8-b9bd004d2960/current/log_inprogress_0
2019-09-26 20:19:51,998 [16e8d13d-af64-4d88-a085-bc010d485d30@group-B9BD004D2960-SegmentedRaftLogWorker] INFO  segmented.SegmentedRaftLogWorker (SegmentedRaftLogWorker.java:execute(569)) - 16e8d13d-af64-4d88-a085-bc010d485d30@group-B9BD004D2960-SegmentedRaftLogWorker: created new log segment /workdir/hadoop-ozone/integration-test/target/test-dir/MiniOzoneClusterImpl-81f3f93b-507a-4e54-bca6-ef1d0617e8f1/datanode-9/data/ratis/98e68af2-086b-46b3-bee8-b9bd004d2960/current/log_inprogress_0
2019-09-26 20:19:52,384 [main] INFO  ipc.Client (Client.java:handleConnectionFailure(948)) - Retrying connect to server: localhost/127.0.0.1:0. Already tried 6 time(s); retry policy is RetryUpToMaximumCountWithFixedSleep(maxRetries=10, sleepTime=1000 MILLISECONDS)
2019-09-26 20:19:53,386 [main] INFO  ipc.Client (Client.java:handleConnectionFailure(948)) - Retrying connect to server: localhost/127.0.0.1:0. Already tried 7 time(s); retry policy is RetryUpToMaximumCountWithFixedSleep(maxRetries=10, sleepTime=1000 MILLISECONDS)
2019-09-26 20:19:54,387 [main] INFO  ipc.Client (Client.java:handleConnectionFailure(948)) - Retrying connect to server: localhost/127.0.0.1:0. Already tried 8 time(s); retry policy is RetryUpToMaximumCountWithFixedSleep(maxRetries=10, sleepTime=1000 MILLISECONDS)
2019-09-26 20:19:55,388 [main] INFO  ipc.Client (Client.java:handleConnectionFailure(948)) - Retrying connect to server: localhost/127.0.0.1:0. Already tried 9 time(s); retry policy is RetryUpToMaximumCountWithFixedSleep(maxRetries=10, sleepTime=1000 MILLISECONDS)
2019-09-26 20:19:56,394 [main] INFO  ipc.Client (Client.java:handleConnectionFailure(948)) - Retrying connect to server: localhost/127.0.0.1:0. Already tried 0 time(s); retry policy is RetryUpToMaximumCountWithFixedSleep(maxRetries=10, sleepTime=1000 MILLISECONDS)
2019-09-26 20:19:56,895 [Thread-401] INFO  impl.FollowerState (FollowerState.java:run(106)) - 1335ae9d-cf28-460b-8cef-3605e68fd742:group-5CFE9CCBA5A2 changes to CANDIDATE, lastRpcTime:5044, electionTimeout:5032ms
2019-09-26 20:19:56,896 [Thread-401] INFO  impl.RoleInfo (RoleInfo.java:shutdownFollowerState(121)) - 1335ae9d-cf28-460b-8cef-3605e68fd742: shutdown FollowerState
2019-09-26 20:19:56,896 [Thread-401] INFO  impl.RaftServerImpl (RaftServerImpl.java:setRole(174)) - 1335ae9d-cf28-460b-8cef-3605e68fd742@group-5CFE9CCBA5A2: changes role from  FOLLOWER to CANDIDATE at term 2 for changeToCandidate
2019-09-26 20:19:56,896 [Thread-401] INFO  impl.RoleInfo (RoleInfo.java:updateAndGet(143)) - 1335ae9d-cf28-460b-8cef-3605e68fd742: start LeaderElection
2019-09-26 20:19:56,911 [1335ae9d-cf28-460b-8cef-3605e68fd742@group-5CFE9CCBA5A2:LeaderElection16] INFO  impl.LeaderElection (LeaderElection.java:askForVotes(182)) - 1335ae9d-cf28-460b-8cef-3605e68fd742@group-5CFE9CCBA5A2:LeaderElection16: begin an election at term 3 for -1: [1335ae9d-cf28-460b-8cef-3605e68fd742:192.168.151.109:35473, 54d75f05-459a-41f1-a160-6bbdb25ca921:192.168.151.109:45423, 402982a9-fa7b-4360-bb6f-7bf73c96b049:192.168.151.109:34773], old=null
2019-09-26 20:19:56,912 [Thread-391] INFO  impl.FollowerState (FollowerState.java:run(106)) - 54d75f05-459a-41f1-a160-6bbdb25ca921:group-5CFE9CCBA5A2 changes to CANDIDATE, lastRpcTime:5103, electionTimeout:5101ms
2019-09-26 20:19:56,912 [Thread-391] INFO  impl.RoleInfo (RoleInfo.java:shutdownFollowerState(121)) - 54d75f05-459a-41f1-a160-6bbdb25ca921: shutdown FollowerState
2019-09-26 20:19:56,912 [Thread-391] INFO  impl.RaftServerImpl (RaftServerImpl.java:setRole(174)) - 54d75f05-459a-41f1-a160-6bbdb25ca921@group-5CFE9CCBA5A2: changes role from  FOLLOWER to CANDIDATE at term 2 for changeToCandidate
2019-09-26 20:19:56,912 [Thread-391] INFO  impl.RoleInfo (RoleInfo.java:updateAndGet(143)) - 54d75f05-459a-41f1-a160-6bbdb25ca921: start LeaderElection
2019-09-26 20:19:56,927 [grpc-default-executor-4] INFO  impl.RaftServerImpl (RaftServerImpl.java:setRole(174)) - 402982a9-fa7b-4360-bb6f-7bf73c96b049@group-5CFE9CCBA5A2: changes role from  FOLLOWER to FOLLOWER at term 3 for recognizeCandidate:1335ae9d-cf28-460b-8cef-3605e68fd742
2019-09-26 20:19:56,928 [grpc-default-executor-4] INFO  impl.RoleInfo (RoleInfo.java:shutdownFollowerState(121)) - 402982a9-fa7b-4360-bb6f-7bf73c96b049: shutdown FollowerState
2019-09-26 20:19:56,928 [grpc-default-executor-4] INFO  impl.RoleInfo (RoleInfo.java:updateAndGet(143)) - 402982a9-fa7b-4360-bb6f-7bf73c96b049: start FollowerState
2019-09-26 20:19:56,928 [Thread-404] INFO  impl.FollowerState (FollowerState.java:run(115)) - 402982a9-fa7b-4360-bb6f-7bf73c96b049: FollowerState was interrupted: java.lang.InterruptedException: sleep interrupted
2019-09-26 20:19:56,931 [54d75f05-459a-41f1-a160-6bbdb25ca921@group-5CFE9CCBA5A2:LeaderElection17] INFO  impl.LeaderElection (LeaderElection.java:askForVotes(182)) - 54d75f05-459a-41f1-a160-6bbdb25ca921@group-5CFE9CCBA5A2:LeaderElection17: begin an election at term 3 for -1: [1335ae9d-cf28-460b-8cef-3605e68fd742:192.168.151.109:35473, 54d75f05-459a-41f1-a160-6bbdb25ca921:192.168.151.109:45423, 402982a9-fa7b-4360-bb6f-7bf73c96b049:192.168.151.109:34773], old=null
2019-09-26 20:19:56,943 [grpc-default-executor-6] INFO  impl.RaftServerImpl (RaftServerImpl.java:setRole(174)) - 402982a9-fa7b-4360-bb6f-7bf73c96b049@group-5CFE9CCBA5A2: changes role from  FOLLOWER to FOLLOWER at term 3 for recognizeCandidate:54d75f05-459a-41f1-a160-6bbdb25ca921
2019-09-26 20:19:56,944 [grpc-default-executor-6] INFO  impl.RoleInfo (RoleInfo.java:shutdownFollowerState(121)) - 402982a9-fa7b-4360-bb6f-7bf73c96b049: shutdown FollowerState
2019-09-26 20:19:56,944 [grpc-default-executor-6] INFO  impl.RoleInfo (RoleInfo.java:updateAndGet(143)) - 402982a9-fa7b-4360-bb6f-7bf73c96b049: start FollowerState
2019-09-26 20:19:56,944 [Thread-418] INFO  impl.FollowerState (FollowerState.java:run(115)) - 402982a9-fa7b-4360-bb6f-7bf73c96b049: FollowerState was interrupted: java.lang.InterruptedException: sleep interrupted
2019-09-26 20:19:56,950 [1335ae9d-cf28-460b-8cef-3605e68fd742@group-5CFE9CCBA5A2:LeaderElection16] INFO  impl.LeaderElection (LeaderElection.java:logAndReturn(56)) - 1335ae9d-cf28-460b-8cef-3605e68fd742@group-5CFE9CCBA5A2:LeaderElection16: Election REJECTED; received 2 response(s) [1335ae9d-cf28-460b-8cef-3605e68fd742<-54d75f05-459a-41f1-a160-6bbdb25ca921#0:FAIL-t3, 1335ae9d-cf28-460b-8cef-3605e68fd742<-402982a9-fa7b-4360-bb6f-7bf73c96b049#0:FAIL-t3] and 0 exception(s); 1335ae9d-cf28-460b-8cef-3605e68fd742@group-5CFE9CCBA5A2:t3, leader=null, voted=1335ae9d-cf28-460b-8cef-3605e68fd742, raftlog=1335ae9d-cf28-460b-8cef-3605e68fd742@group-5CFE9CCBA5A2-SegmentedRaftLog:OPENED:c-1,f-1,i0, conf=-1: [1335ae9d-cf28-460b-8cef-3605e68fd742:192.168.151.109:35473, 54d75f05-459a-41f1-a160-6bbdb25ca921:192.168.151.109:45423, 402982a9-fa7b-4360-bb6f-7bf73c96b049:192.168.151.109:34773], old=null
2019-09-26 20:19:56,951 [1335ae9d-cf28-460b-8cef-3605e68fd742@group-5CFE9CCBA5A2:LeaderElection16] INFO  impl.RaftServerImpl (RaftServerImpl.java:setRole(174)) - 1335ae9d-cf28-460b-8cef-3605e68fd742@group-5CFE9CCBA5A2: changes role from CANDIDATE to FOLLOWER at term 3 for DISCOVERED_A_NEW_TERM
2019-09-26 20:19:56,955 [1335ae9d-cf28-460b-8cef-3605e68fd742@group-5CFE9CCBA5A2:LeaderElection16] INFO  impl.RoleInfo (RoleInfo.java:shutdownLeaderElection(134)) - 1335ae9d-cf28-460b-8cef-3605e68fd742: shutdown LeaderElection
2019-09-26 20:19:56,955 [1335ae9d-cf28-460b-8cef-3605e68fd742@group-5CFE9CCBA5A2:LeaderElection16] INFO  impl.RoleInfo (RoleInfo.java:updateAndGet(143)) - 1335ae9d-cf28-460b-8cef-3605e68fd742: start FollowerState
2019-09-26 20:19:56,956 [54d75f05-459a-41f1-a160-6bbdb25ca921@group-5CFE9CCBA5A2:LeaderElection17] INFO  impl.LeaderElection (LeaderElection.java:logAndReturn(56)) - 54d75f05-459a-41f1-a160-6bbdb25ca921@group-5CFE9CCBA5A2:LeaderElection17: Election REJECTED; received 2 response(s) [54d75f05-459a-41f1-a160-6bbdb25ca921<-1335ae9d-cf28-460b-8cef-3605e68fd742#0:FAIL-t3, 54d75f05-459a-41f1-a160-6bbdb25ca921<-402982a9-fa7b-4360-bb6f-7bf73c96b049#0:FAIL-t3] and 0 exception(s); 54d75f05-459a-41f1-a160-6bbdb25ca921@group-5CFE9CCBA5A2:t3, leader=null, voted=54d75f05-459a-41f1-a160-6bbdb25ca921, raftlog=54d75f05-459a-41f1-a160-6bbdb25ca921@group-5CFE9CCBA5A2-SegmentedRaftLog:OPENED:c-1,f-1,i0, conf=-1: [1335ae9d-cf28-460b-8cef-3605e68fd742:192.168.151.109:35473, 54d75f05-459a-41f1-a160-6bbdb25ca921:192.168.151.109:45423, 402982a9-fa7b-4360-bb6f-7bf73c96b049:192.168.151.109:34773], old=null
2019-09-26 20:19:56,960 [54d75f05-459a-41f1-a160-6bbdb25ca921@group-5CFE9CCBA5A2:LeaderElection17] INFO  impl.RaftServerImpl (RaftServerImpl.java:setRole(174)) - 54d75f05-459a-41f1-a160-6bbdb25ca921@group-5CFE9CCBA5A2: changes role from CANDIDATE to FOLLOWER at term 3 for DISCOVERED_A_NEW_TERM
2019-09-26 20:19:56,963 [54d75f05-459a-41f1-a160-6bbdb25ca921@group-5CFE9CCBA5A2:LeaderElection17] INFO  impl.RoleInfo (RoleInfo.java:shutdownLeaderElection(134)) - 54d75f05-459a-41f1-a160-6bbdb25ca921: shutdown LeaderElection
2019-09-26 20:19:56,963 [54d75f05-459a-41f1-a160-6bbdb25ca921@group-5CFE9CCBA5A2:LeaderElection17] INFO  impl.RoleInfo (RoleInfo.java:updateAndGet(143)) - 54d75f05-459a-41f1-a160-6bbdb25ca921: start FollowerState
2019-09-26 20:19:57,395 [main] INFO  ipc.Client (Client.java:handleConnectionFailure(948)) - Retrying connect to server: localhost/127.0.0.1:0. Already tried 1 time(s); retry policy is RetryUpToMaximumCountWithFixedSleep(maxRetries=10, sleepTime=1000 MILLISECONDS)
2019-09-26 20:19:58,399 [main] INFO  ipc.Client (Client.java:handleConnectionFailure(948)) - Retrying connect to server: localhost/127.0.0.1:0. Already tried 2 time(s); retry policy is RetryUpToMaximumCountWithFixedSleep(maxRetries=10, sleepTime=1000 MILLISECONDS)
2019-09-26 20:19:59,400 [main] INFO  ipc.Client (Client.java:handleConnectionFailure(948)) - Retrying connect to server: localhost/127.0.0.1:0. Already tried 3 time(s); retry policy is RetryUpToMaximumCountWithFixedSleep(maxRetries=10, sleepTime=1000 MILLISECONDS)
2019-09-26 20:20:00,402 [main] INFO  ipc.Client (Client.java:handleConnectionFailure(948)) - Retrying connect to server: localhost/127.0.0.1:0. Already tried 4 time(s); retry policy is RetryUpToMaximumCountWithFixedSleep(maxRetries=10, sleepTime=1000 MILLISECONDS)
2019-09-26 20:20:01,403 [main] INFO  ipc.Client (Client.java:handleConnectionFailure(948)) - Retrying connect to server: localhost/127.0.0.1:0. Already tried 5 time(s); retry policy is RetryUpToMaximumCountWithFixedSleep(maxRetries=10, sleepTime=1000 MILLISECONDS)
2019-09-26 20:20:02,057 [Thread-422] INFO  impl.FollowerState (FollowerState.java:run(106)) - 1335ae9d-cf28-460b-8cef-3605e68fd742:group-5CFE9CCBA5A2 changes to CANDIDATE, lastRpcTime:5101, electionTimeout:5097ms
2019-09-26 20:20:02,058 [Thread-422] INFO  impl.RoleInfo (RoleInfo.java:shutdownFollowerState(121)) - 1335ae9d-cf28-460b-8cef-3605e68fd742: shutdown FollowerState
2019-09-26 20:20:02,058 [Thread-422] INFO  impl.RaftServerImpl (RaftServerImpl.java:setRole(174)) - 1335ae9d-cf28-460b-8cef-3605e68fd742@group-5CFE9CCBA5A2: changes role from  FOLLOWER to CANDIDATE at term 3 for changeToCandidate
2019-09-26 20:20:02,058 [Thread-422] INFO  impl.RoleInfo (RoleInfo.java:updateAndGet(143)) - 1335ae9d-cf28-460b-8cef-3605e68fd742: start LeaderElection
2019-09-26 20:20:02,076 [1335ae9d-cf28-460b-8cef-3605e68fd742@group-5CFE9CCBA5A2:LeaderElection18] INFO  impl.LeaderElection (LeaderElection.java:askForVotes(182)) - 1335ae9d-cf28-460b-8cef-3605e68fd742@group-5CFE9CCBA5A2:LeaderElection18: begin an election at term 4 for -1: [1335ae9d-cf28-460b-8cef-3605e68fd742:192.168.151.109:35473, 54d75f05-459a-41f1-a160-6bbdb25ca921:192.168.151.109:45423, 402982a9-fa7b-4360-bb6f-7bf73c96b049:192.168.151.109:34773], old=null
2019-09-26 20:20:02,089 [grpc-default-executor-3] INFO  impl.RaftServerImpl (RaftServerImpl.java:setRole(174)) - 54d75f05-459a-41f1-a160-6bbdb25ca921@group-5CFE9CCBA5A2: changes role from  FOLLOWER to FOLLOWER at term 4 for recognizeCandidate:1335ae9d-cf28-460b-8cef-3605e68fd742
2019-09-26 20:20:02,089 [grpc-default-executor-4] INFO  impl.RaftServerImpl (RaftServerImpl.java:setRole(174)) - 402982a9-fa7b-4360-bb6f-7bf73c96b049@group-5CFE9CCBA5A2: changes role from  FOLLOWER to FOLLOWER at term 4 for recognizeCandidate:1335ae9d-cf28-460b-8cef-3605e68fd742
2019-09-26 20:20:02,089 [grpc-default-executor-3] INFO  impl.RoleInfo (RoleInfo.java:shutdownFollowerState(121)) - 54d75f05-459a-41f1-a160-6bbdb25ca921: shutdown FollowerState
2019-09-26 20:20:02,089 [grpc-default-executor-4] INFO  impl.RoleInfo (RoleInfo.java:shutdownFollowerState(121)) - 402982a9-fa7b-4360-bb6f-7bf73c96b049: shutdown FollowerState
2019-09-26 20:20:02,089 [Thread-423] INFO  impl.FollowerState (FollowerState.java:run(115)) - 54d75f05-459a-41f1-a160-6bbdb25ca921: FollowerState was interrupted: java.lang.InterruptedException: sleep interrupted
2019-09-26 20:20:02,089 [grpc-default-executor-3] INFO  impl.RoleInfo (RoleInfo.java:updateAndGet(143)) - 54d75f05-459a-41f1-a160-6bbdb25ca921: start FollowerState
2019-09-26 20:20:02,090 [Thread-421] INFO  impl.FollowerState (FollowerState.java:run(115)) - 402982a9-fa7b-4360-bb6f-7bf73c96b049: FollowerState was interrupted: java.lang.InterruptedException: sleep interrupted
2019-09-26 20:20:02,090 [grpc-default-executor-4] INFO  impl.RoleInfo (RoleInfo.java:updateAndGet(143)) - 402982a9-fa7b-4360-bb6f-7bf73c96b049: start FollowerState
2019-09-26 20:20:02,111 [1335ae9d-cf28-460b-8cef-3605e68fd742@group-5CFE9CCBA5A2:LeaderElection18] INFO  impl.LeaderElection (LeaderElection.java:logAndReturn(56)) - 1335ae9d-cf28-460b-8cef-3605e68fd742@group-5CFE9CCBA5A2:LeaderElection18: Election PASSED; received 1 response(s) [1335ae9d-cf28-460b-8cef-3605e68fd742<-54d75f05-459a-41f1-a160-6bbdb25ca921#0:OK-t4] and 0 exception(s); 1335ae9d-cf28-460b-8cef-3605e68fd742@group-5CFE9CCBA5A2:t4, leader=null, voted=1335ae9d-cf28-460b-8cef-3605e68fd742, raftlog=1335ae9d-cf28-460b-8cef-3605e68fd742@group-5CFE9CCBA5A2-SegmentedRaftLog:OPENED:c-1,f-1,i0, conf=-1: [1335ae9d-cf28-460b-8cef-3605e68fd742:192.168.151.109:35473, 54d75f05-459a-41f1-a160-6bbdb25ca921:192.168.151.109:45423, 402982a9-fa7b-4360-bb6f-7bf73c96b049:192.168.151.109:34773], old=null
2019-09-26 20:20:02,112 [1335ae9d-cf28-460b-8cef-3605e68fd742@group-5CFE9CCBA5A2:LeaderElection18] INFO  impl.RoleInfo (RoleInfo.java:shutdownLeaderElection(134)) - 1335ae9d-cf28-460b-8cef-3605e68fd742: shutdown LeaderElection
2019-09-26 20:20:02,115 [1335ae9d-cf28-460b-8cef-3605e68fd742@group-5CFE9CCBA5A2:LeaderElection18] INFO  impl.RaftServerImpl (RaftServerImpl.java:setRole(174)) - 1335ae9d-cf28-460b-8cef-3605e68fd742@group-5CFE9CCBA5A2: changes role from CANDIDATE to LEADER at term 4 for changeToLeader
2019-09-26 20:20:02,115 [1335ae9d-cf28-460b-8cef-3605e68fd742@group-5CFE9CCBA5A2:LeaderElection18] INFO  impl.RaftServerImpl (ServerState.java:setLeader(253)) - 1335ae9d-cf28-460b-8cef-3605e68fd742@group-5CFE9CCBA5A2: change Leader from null to 1335ae9d-cf28-460b-8cef-3605e68fd742 at term 4 for becomeLeader, leader elected after 15469ms
2019-09-26 20:20:02,116 [1335ae9d-cf28-460b-8cef-3605e68fd742@group-5CFE9CCBA5A2:LeaderElection18] INFO  server.RaftServerConfigKeys (ConfUtils.java:logGet(43)) - raft.server.staging.catchup.gap = 1000 (default)
2019-09-26 20:20:02,116 [1335ae9d-cf28-460b-8cef-3605e68fd742@group-5CFE9CCBA5A2:LeaderElection18] INFO  server.RaftServerConfigKeys (ConfUtils.java:logGet(43)) - raft.server.rpc.sleep.time = 25ms (default)
2019-09-26 20:20:02,116 [1335ae9d-cf28-460b-8cef-3605e68fd742@group-5CFE9CCBA5A2:LeaderElection18] INFO  server.RaftServerConfigKeys (ConfUtils.java:logGet(43)) - raft.server.write.element-limit = 4096 (default)
2019-09-26 20:20:02,116 [1335ae9d-cf28-460b-8cef-3605e68fd742@group-5CFE9CCBA5A2:LeaderElection18] INFO  server.RaftServerConfigKeys (ConfUtils.java:logGet(43)) - raft.server.watch.timeout = 10s (default)
2019-09-26 20:20:02,117 [1335ae9d-cf28-460b-8cef-3605e68fd742@group-5CFE9CCBA5A2:LeaderElection18] INFO  server.RaftServerConfigKeys (ConfUtils.java:logGet(43)) - raft.server.watch.timeout.denomination = 1s (default)
2019-09-26 20:20:02,117 [1335ae9d-cf28-460b-8cef-3605e68fd742@group-5CFE9CCBA5A2:LeaderElection18] INFO  server.RaftServerConfigKeys (ConfUtils.java:logGet(43)) - raft.server.watch.element-limit = 65536 (default)
2019-09-26 20:20:02,120 [1335ae9d-cf28-460b-8cef-3605e68fd742@group-5CFE9CCBA5A2:LeaderElection18] INFO  server.RaftServerConfigKeys (ConfUtils.java:logGet(43)) - raft.server.log.appender.snapshot.chunk.size.max = 16MB (=16777216) (default)
2019-09-26 20:20:02,121 [1335ae9d-cf28-460b-8cef-3605e68fd742@group-5CFE9CCBA5A2:LeaderElection18] INFO  server.RaftServerConfigKeys (ConfUtils.java:logGet(43)) - raft.server.log.appender.buffer.byte-limit = 33554432 (custom)
2019-09-26 20:20:02,121 [1335ae9d-cf28-460b-8cef-3605e68fd742@group-5CFE9CCBA5A2:LeaderElection18] INFO  server.RaftServerConfigKeys (ConfUtils.java:logGet(43)) - raft.server.log.appender.buffer.element-limit = 1 (custom)
2019-09-26 20:20:02,121 [1335ae9d-cf28-460b-8cef-3605e68fd742@group-5CFE9CCBA5A2:LeaderElection18] INFO  grpc.GrpcConfigKeys$Server (ConfUtils.java:logGet(43)) - raft.grpc.server.leader.outstanding.appends.max = 128 (default)
2019-09-26 20:20:02,121 [1335ae9d-cf28-460b-8cef-3605e68fd742@group-5CFE9CCBA5A2:LeaderElection18] INFO  server.RaftServerConfigKeys (ConfUtils.java:logGet(43)) - raft.server.rpc.request.timeout = 3000ms (default)
2019-09-26 20:20:02,121 [1335ae9d-cf28-460b-8cef-3605e68fd742@group-5CFE9CCBA5A2:LeaderElection18] INFO  server.RaftServerConfigKeys (ConfUtils.java:logGet(43)) - raft.server.log.appender.install.snapshot.enabled = false (custom)
2019-09-26 20:20:02,122 [1335ae9d-cf28-460b-8cef-3605e68fd742@group-5CFE9CCBA5A2:LeaderElection18] INFO  server.RaftServerConfigKeys (ConfUtils.java:logGet(43)) - raft.server.log.appender.snapshot.chunk.size.max = 16MB (=16777216) (default)
2019-09-26 20:20:02,122 [1335ae9d-cf28-460b-8cef-3605e68fd742@group-5CFE9CCBA5A2:LeaderElection18] INFO  server.RaftServerConfigKeys (ConfUtils.java:logGet(43)) - raft.server.log.appender.buffer.byte-limit = 33554432 (custom)
2019-09-26 20:20:02,122 [1335ae9d-cf28-460b-8cef-3605e68fd742@group-5CFE9CCBA5A2:LeaderElection18] INFO  server.RaftServerConfigKeys (ConfUtils.java:logGet(43)) - raft.server.log.appender.buffer.element-limit = 1 (custom)
2019-09-26 20:20:02,122 [1335ae9d-cf28-460b-8cef-3605e68fd742@group-5CFE9CCBA5A2:LeaderElection18] INFO  grpc.GrpcConfigKeys$Server (ConfUtils.java:logGet(43)) - raft.grpc.server.leader.outstanding.appends.max = 128 (default)
2019-09-26 20:20:02,122 [1335ae9d-cf28-460b-8cef-3605e68fd742@group-5CFE9CCBA5A2:LeaderElection18] INFO  server.RaftServerConfigKeys (ConfUtils.java:logGet(43)) - raft.server.rpc.request.timeout = 3000ms (default)
2019-09-26 20:20:02,123 [1335ae9d-cf28-460b-8cef-3605e68fd742@group-5CFE9CCBA5A2:LeaderElection18] INFO  server.RaftServerConfigKeys (ConfUtils.java:logGet(43)) - raft.server.log.appender.install.snapshot.enabled = false (custom)
2019-09-26 20:20:02,123 [1335ae9d-cf28-460b-8cef-3605e68fd742@group-5CFE9CCBA5A2:LeaderElection18] INFO  impl.RoleInfo (RoleInfo.java:updateAndGet(143)) - 1335ae9d-cf28-460b-8cef-3605e68fd742: start LeaderState
2019-09-26 20:20:02,123 [1335ae9d-cf28-460b-8cef-3605e68fd742@group-5CFE9CCBA5A2:LeaderElection18] INFO  segmented.SegmentedRaftLogWorker (SegmentedRaftLogWorker.java:startLogSegment(380)) - 1335ae9d-cf28-460b-8cef-3605e68fd742@group-5CFE9CCBA5A2-SegmentedRaftLogWorker: Starting segment from index:0
2019-09-26 20:20:02,124 [1335ae9d-cf28-460b-8cef-3605e68fd742@group-5CFE9CCBA5A2:LeaderElection18] INFO  impl.RaftServerImpl (ServerState.java:setRaftConf(354)) - 1335ae9d-cf28-460b-8cef-3605e68fd742@group-5CFE9CCBA5A2: set configuration 0: [1335ae9d-cf28-460b-8cef-3605e68fd742:192.168.151.109:35473, 54d75f05-459a-41f1-a160-6bbdb25ca921:192.168.151.109:45423, 402982a9-fa7b-4360-bb6f-7bf73c96b049:192.168.151.109:34773], old=null at 0
2019-09-26 20:20:02,160 [grpc-default-executor-4] INFO  impl.RaftServerImpl (ServerState.java:setLeader(253)) - 54d75f05-459a-41f1-a160-6bbdb25ca921@group-5CFE9CCBA5A2: change Leader from null to 1335ae9d-cf28-460b-8cef-3605e68fd742 at term 4 for appendEntries, leader elected after 15515ms
2019-09-26 20:20:02,163 [grpc-default-executor-3] INFO  impl.RaftServerImpl (ServerState.java:setLeader(253)) - 402982a9-fa7b-4360-bb6f-7bf73c96b049@group-5CFE9CCBA5A2: change Leader from null to 1335ae9d-cf28-460b-8cef-3605e68fd742 at term 4 for appendEntries, leader elected after 10298ms
2019-09-26 20:20:02,167 [grpc-default-executor-3] INFO  impl.RaftServerImpl (ServerState.java:setRaftConf(354)) - 54d75f05-459a-41f1-a160-6bbdb25ca921@group-5CFE9CCBA5A2: set configuration 0: [1335ae9d-cf28-460b-8cef-3605e68fd742:192.168.151.109:35473, 54d75f05-459a-41f1-a160-6bbdb25ca921:192.168.151.109:45423, 402982a9-fa7b-4360-bb6f-7bf73c96b049:192.168.151.109:34773], old=null at 0
2019-09-26 20:20:02,168 [grpc-default-executor-3] INFO  segmented.SegmentedRaftLogWorker (SegmentedRaftLogWorker.java:startLogSegment(380)) - 54d75f05-459a-41f1-a160-6bbdb25ca921@group-5CFE9CCBA5A2-SegmentedRaftLogWorker: Starting segment from index:0
2019-09-26 20:20:02,168 [grpc-default-executor-4] INFO  impl.RaftServerImpl (ServerState.java:setRaftConf(354)) - 402982a9-fa7b-4360-bb6f-7bf73c96b049@group-5CFE9CCBA5A2: set configuration 0: [1335ae9d-cf28-460b-8cef-3605e68fd742:192.168.151.109:35473, 54d75f05-459a-41f1-a160-6bbdb25ca921:192.168.151.109:45423, 402982a9-fa7b-4360-bb6f-7bf73c96b049:192.168.151.109:34773], old=null at 0
2019-09-26 20:20:02,170 [1335ae9d-cf28-460b-8cef-3605e68fd742@group-5CFE9CCBA5A2-SegmentedRaftLogWorker] INFO  segmented.SegmentedRaftLogWorker (SegmentedRaftLogWorker.java:execute(569)) - 1335ae9d-cf28-460b-8cef-3605e68fd742@group-5CFE9CCBA5A2-SegmentedRaftLogWorker: created new log segment /workdir/hadoop-ozone/integration-test/target/test-dir/MiniOzoneClusterImpl-81f3f93b-507a-4e54-bca6-ef1d0617e8f1/datanode-1/data/ratis/d0d80637-dc47-41c9-899a-5cfe9ccba5a2/current/log_inprogress_0
2019-09-26 20:20:02,172 [grpc-default-executor-4] INFO  segmented.SegmentedRaftLogWorker (SegmentedRaftLogWorker.java:truncate(396)) - 402982a9-fa7b-4360-bb6f-7bf73c96b049@group-5CFE9CCBA5A2-SegmentedRaftLogWorker: Truncating segments toTruncate: null
  toDelete: [(0, 0) isOpen? true, length=0, newEndIndex=-1], start index 0
2019-09-26 20:20:02,173 [grpc-default-executor-4] INFO  segmented.SegmentedRaftLogWorker (SegmentedRaftLogWorker.java:startLogSegment(380)) - 402982a9-fa7b-4360-bb6f-7bf73c96b049@group-5CFE9CCBA5A2-SegmentedRaftLogWorker: Starting segment from index:0
2019-09-26 20:20:02,175 [402982a9-fa7b-4360-bb6f-7bf73c96b049@group-5CFE9CCBA5A2-SegmentedRaftLogWorker] INFO  segmented.SegmentedRaftLogWorker (SegmentedRaftLogWorker.java:execute(633)) - 402982a9-fa7b-4360-bb6f-7bf73c96b049@group-5CFE9CCBA5A2-SegmentedRaftLogWorker: Deleted log file /workdir/hadoop-ozone/integration-test/target/test-dir/MiniOzoneClusterImpl-81f3f93b-507a-4e54-bca6-ef1d0617e8f1/datanode-2/data/ratis/d0d80637-dc47-41c9-899a-5cfe9ccba5a2/current/log_inprogress_0
2019-09-26 20:20:02,175 [402982a9-fa7b-4360-bb6f-7bf73c96b049@group-5CFE9CCBA5A2-SegmentedRaftLogWorker] INFO  segmented.SegmentedRaftLogWorker (SegmentedRaftLogWorker.java:lambda$new$0(132)) - 402982a9-fa7b-4360-bb6f-7bf73c96b049@group-5CFE9CCBA5A2-SegmentedRaftLogWorker: flushIndex: setUnconditionally 0 -> -1
2019-09-26 20:20:02,203 [54d75f05-459a-41f1-a160-6bbdb25ca921@group-5CFE9CCBA5A2-SegmentedRaftLogWorker] INFO  segmented.SegmentedRaftLogWorker (SegmentedRaftLogWorker.java:execute(569)) - 54d75f05-459a-41f1-a160-6bbdb25ca921@group-5CFE9CCBA5A2-SegmentedRaftLogWorker: created new log segment /workdir/hadoop-ozone/integration-test/target/test-dir/MiniOzoneClusterImpl-81f3f93b-507a-4e54-bca6-ef1d0617e8f1/datanode-5/data/ratis/d0d80637-dc47-41c9-899a-5cfe9ccba5a2/current/log_inprogress_0
2019-09-26 20:20:02,216 [402982a9-fa7b-4360-bb6f-7bf73c96b049@group-5CFE9CCBA5A2-SegmentedRaftLogWorker] INFO  segmented.SegmentedRaftLogWorker (SegmentedRaftLogWorker.java:execute(569)) - 402982a9-fa7b-4360-bb6f-7bf73c96b049@group-5CFE9CCBA5A2-SegmentedRaftLogWorker: created new log segment /workdir/hadoop-ozone/integration-test/target/test-dir/MiniOzoneClusterImpl-81f3f93b-507a-4e54-bca6-ef1d0617e8f1/datanode-2/data/ratis/d0d80637-dc47-41c9-899a-5cfe9ccba5a2/current/log_inprogress_0
2019-09-26 20:20:02,404 [main] INFO  ipc.Client (Client.java:handleConnectionFailure(948)) - Retrying connect to server: localhost/127.0.0.1:0. Already tried 6 time(s); retry policy is RetryUpToMaximumCountWithFixedSleep(maxRetries=10, sleepTime=1000 MILLISECONDS)
2019-09-26 20:20:03,405 [main] INFO  ipc.Client (Client.java:handleConnectionFailure(948)) - Retrying connect to server: localhost/127.0.0.1:0. Already tried 7 time(s); retry policy is RetryUpToMaximumCountWithFixedSleep(maxRetries=10, sleepTime=1000 MILLISECONDS)
2019-09-26 20:20:04,406 [main] INFO  ipc.Client (Client.java:handleConnectionFailure(948)) - Retrying connect to server: localhost/127.0.0.1:0. Already tried 8 time(s); retry policy is RetryUpToMaximumCountWithFixedSleep(maxRetries=10, sleepTime=1000 MILLISECONDS)
2019-09-26 20:20:05,407 [main] INFO  ipc.Client (Client.java:handleConnectionFailure(948)) - Retrying connect to server: localhost/127.0.0.1:0. Already tried 9 time(s); retry policy is RetryUpToMaximumCountWithFixedSleep(maxRetries=10, sleepTime=1000 MILLISECONDS)
2019-09-26 20:20:05,409 [main] INFO  retry.RetryInvocationHandler (RetryInvocationHandler.java:log(411)) - com.google.protobuf.ServiceException: java.net.ConnectException: Your endpoint configuration is wrong; For more details see:  http://wiki.apache.org/hadoop/UnsetHostnameOrPort, while invoking $Proxy37.submitRequest over nodeId=null,nodeAddress=127.0.0.1:0 after 1 failover attempts. Trying to failover immediately.
2019-09-26 20:20:06,410 [main] INFO  ipc.Client (Client.java:handleConnectionFailure(948)) - Retrying connect to server: localhost/127.0.0.1:0. Already tried 0 time(s); retry policy is RetryUpToMaximumCountWithFixedSleep(maxRetries=10, sleepTime=1000 MILLISECONDS)
2019-09-26 20:20:07,411 [main] INFO  ipc.Client (Client.java:handleConnectionFailure(948)) - Retrying connect to server: localhost/127.0.0.1:0. Already tried 1 time(s); retry policy is RetryUpToMaximumCountWithFixedSleep(maxRetries=10, sleepTime=1000 MILLISECONDS)
2019-09-26 20:20:08,412 [main] INFO  ipc.Client (Client.java:handleConnectionFailure(948)) - Retrying connect to server: localhost/127.0.0.1:0. Already tried 2 time(s); retry policy is RetryUpToMaximumCountWithFixedSleep(maxRetries=10, sleepTime=1000 MILLISECONDS)
2019-09-26 20:20:09,413 [main] INFO  ipc.Client (Client.java:handleConnectionFailure(948)) - Retrying connect to server: localhost/127.0.0.1:0. Already tried 3 time(s); retry policy is RetryUpToMaximumCountWithFixedSleep(maxRetries=10, sleepTime=1000 MILLISECONDS)
2019-09-26 20:20:10,414 [main] INFO  ipc.Client (Client.java:handleConnectionFailure(948)) - Retrying connect to server: localhost/127.0.0.1:0. Already tried 4 time(s); retry policy is RetryUpToMaximumCountWithFixedSleep(maxRetries=10, sleepTime=1000 MILLISECONDS)
2019-09-26 20:20:11,416 [main] INFO  ipc.Client (Client.java:handleConnectionFailure(948)) - Retrying connect to server: localhost/127.0.0.1:0. Already tried 5 time(s); retry policy is RetryUpToMaximumCountWithFixedSleep(maxRetries=10, sleepTime=1000 MILLISECONDS)
2019-09-26 20:20:12,417 [main] INFO  ipc.Client (Client.java:handleConnectionFailure(948)) - Retrying connect to server: localhost/127.0.0.1:0. Already tried 6 time(s); retry policy is RetryUpToMaximumCountWithFixedSleep(maxRetries=10, sleepTime=1000 MILLISECONDS)
2019-09-26 20:20:13,418 [main] INFO  ipc.Client (Client.java:handleConnectionFailure(948)) - Retrying connect to server: localhost/127.0.0.1:0. Already tried 7 time(s); retry policy is RetryUpToMaximumCountWithFixedSleep(maxRetries=10, sleepTime=1000 MILLISECONDS)
2019-09-26 20:20:14,419 [main] INFO  ipc.Client (Client.java:handleConnectionFailure(948)) - Retrying connect to server: localhost/127.0.0.1:0. Already tried 8 time(s); retry policy is RetryUpToMaximumCountWithFixedSleep(maxRetries=10, sleepTime=1000 MILLISECONDS)
2019-09-26 20:20:15,420 [main] INFO  ipc.Client (Client.java:handleConnectionFailure(948)) - Retrying connect to server: localhost/127.0.0.1:0. Already tried 9 time(s); retry policy is RetryUpToMaximumCountWithFixedSleep(maxRetries=10, sleepTime=1000 MILLISECONDS)
2019-09-26 20:20:15,421 [main] INFO  retry.RetryInvocationHandler (RetryInvocationHandler.java:log(411)) - com.google.protobuf.ServiceException: java.net.ConnectException: Your endpoint configuration is wrong; For more details see:  http://wiki.apache.org/hadoop/UnsetHostnameOrPort, while invoking $Proxy37.submitRequest over nodeId=null,nodeAddress=127.0.0.1:0 after 2 failover attempts. Trying to failover immediately.
2019-09-26 20:20:16,423 [main] INFO  ipc.Client (Client.java:handleConnectionFailure(948)) - Retrying connect to server: localhost/127.0.0.1:0. Already tried 0 time(s); retry policy is RetryUpToMaximumCountWithFixedSleep(maxRetries=10, sleepTime=1000 MILLISECONDS)
2019-09-26 20:20:17,424 [main] INFO  ipc.Client (Client.java:handleConnectionFailure(948)) - Retrying connect to server: localhost/127.0.0.1:0. Already tried 1 time(s); retry policy is RetryUpToMaximumCountWithFixedSleep(maxRetries=10, sleepTime=1000 MILLISECONDS)
2019-09-26 20:20:18,425 [main] INFO  ipc.Client (Client.java:handleConnectionFailure(948)) - Retrying connect to server: localhost/127.0.0.1:0. Already tried 2 time(s); retry policy is RetryUpToMaximumCountWithFixedSleep(maxRetries=10, sleepTime=1000 MILLISECONDS)
2019-09-26 20:20:19,429 [main] INFO  ipc.Client (Client.java:handleConnectionFailure(948)) - Retrying connect to server: localhost/127.0.0.1:0. Already tried 3 time(s); retry policy is RetryUpToMaximumCountWithFixedSleep(maxRetries=10, sleepTime=1000 MILLISECONDS)
2019-09-26 20:20:20,430 [main] INFO  ipc.Client (Client.java:handleConnectionFailure(948)) - Retrying connect to server: localhost/127.0.0.1:0. Already tried 4 time(s); retry policy is RetryUpToMaximumCountWithFixedSleep(maxRetries=10, sleepTime=1000 MILLISECONDS)
2019-09-26 20:20:21,431 [main] INFO  ipc.Client (Client.java:handleConnectionFailure(948)) - Retrying connect to server: localhost/127.0.0.1:0. Already tried 5 time(s); retry policy is RetryUpToMaximumCountWithFixedSleep(maxRetries=10, sleepTime=1000 MILLISECONDS)
2019-09-26 20:20:22,432 [main] INFO  ipc.Client (Client.java:handleConnectionFailure(948)) - Retrying connect to server: localhost/127.0.0.1:0. Already tried 6 time(s); retry policy is RetryUpToMaximumCountWithFixedSleep(maxRetries=10, sleepTime=1000 MILLISECONDS)
2019-09-26 20:20:23,433 [main] INFO  ipc.Client (Client.java:handleConnectionFailure(948)) - Retrying connect to server: localhost/127.0.0.1:0. Already tried 7 time(s); retry policy is RetryUpToMaximumCountWithFixedSleep(maxRetries=10, sleepTime=1000 MILLISECONDS)
2019-09-26 20:20:24,434 [main] INFO  ipc.Client (Client.java:handleConnectionFailure(948)) - Retrying connect to server: localhost/127.0.0.1:0. Already tried 8 time(s); retry policy is RetryUpToMaximumCountWithFixedSleep(maxRetries=10, sleepTime=1000 MILLISECONDS)
2019-09-26 20:20:25,435 [main] INFO  ipc.Client (Client.java:handleConnectionFailure(948)) - Retrying connect to server: localhost/127.0.0.1:0. Already tried 9 time(s); retry policy is RetryUpToMaximumCountWithFixedSleep(maxRetries=10, sleepTime=1000 MILLISECONDS)
2019-09-26 20:20:25,437 [main] INFO  retry.RetryInvocationHandler (RetryInvocationHandler.java:log(411)) - com.google.protobuf.ServiceException: java.net.ConnectException: Your endpoint configuration is wrong; For more details see:  http://wiki.apache.org/hadoop/UnsetHostnameOrPort, while invoking $Proxy37.submitRequest over nodeId=null,nodeAddress=127.0.0.1:0 after 3 failover attempts. Trying to failover immediately.
2019-09-26 20:20:26,438 [main] INFO  ipc.Client (Client.java:handleConnectionFailure(948)) - Retrying connect to server: localhost/127.0.0.1:0. Already tried 0 time(s); retry policy is RetryUpToMaximumCountWithFixedSleep(maxRetries=10, sleepTime=1000 MILLISECONDS)
2019-09-26 20:20:27,439 [main] INFO  ipc.Client (Client.java:handleConnectionFailure(948)) - Retrying connect to server: localhost/127.0.0.1:0. Already tried 1 time(s); retry policy is RetryUpToMaximumCountWithFixedSleep(maxRetries=10, sleepTime=1000 MILLISECONDS)
2019-09-26 20:20:28,440 [main] INFO  ipc.Client (Client.java:handleConnectionFailure(948)) - Retrying connect to server: localhost/127.0.0.1:0. Already tried 2 time(s); retry policy is RetryUpToMaximumCountWithFixedSleep(maxRetries=10, sleepTime=1000 MILLISECONDS)
2019-09-26 20:20:29,441 [main] INFO  ipc.Client (Client.java:handleConnectionFailure(948)) - Retrying connect to server: localhost/127.0.0.1:0. Already tried 3 time(s); retry policy is RetryUpToMaximumCountWithFixedSleep(maxRetries=10, sleepTime=1000 MILLISECONDS)
2019-09-26 20:20:30,442 [main] INFO  ipc.Client (Client.java:handleConnectionFailure(948)) - Retrying connect to server: localhost/127.0.0.1:0. Already tried 4 time(s); retry policy is RetryUpToMaximumCountWithFixedSleep(maxRetries=10, sleepTime=1000 MILLISECONDS)
2019-09-26 20:20:31,443 [main] INFO  ipc.Client (Client.java:handleConnectionFailure(948)) - Retrying connect to server: localhost/127.0.0.1:0. Already tried 5 time(s); retry policy is RetryUpToMaximumCountWithFixedSleep(maxRetries=10, sleepTime=1000 MILLISECONDS)
2019-09-26 20:20:32,444 [main] INFO  ipc.Client (Client.java:handleConnectionFailure(948)) - Retrying connect to server: localhost/127.0.0.1:0. Already tried 6 time(s); retry policy is RetryUpToMaximumCountWithFixedSleep(maxRetries=10, sleepTime=1000 MILLISECONDS)
2019-09-26 20:20:33,445 [main] INFO  ipc.Client (Client.java:handleConnectionFailure(948)) - Retrying connect to server: localhost/127.0.0.1:0. Already tried 7 time(s); retry policy is RetryUpToMaximumCountWithFixedSleep(maxRetries=10, sleepTime=1000 MILLISECONDS)
2019-09-26 20:20:34,446 [main] INFO  ipc.Client (Client.java:handleConnectionFailure(948)) - Retrying connect to server: localhost/127.0.0.1:0. Already tried 8 time(s); retry policy is RetryUpToMaximumCountWithFixedSleep(maxRetries=10, sleepTime=1000 MILLISECONDS)
2019-09-26 20:20:35,447 [main] INFO  ipc.Client (Client.java:handleConnectionFailure(948)) - Retrying connect to server: localhost/127.0.0.1:0. Already tried 9 time(s); retry policy is RetryUpToMaximumCountWithFixedSleep(maxRetries=10, sleepTime=1000 MILLISECONDS)
2019-09-26 20:20:35,449 [main] INFO  retry.RetryInvocationHandler (RetryInvocationHandler.java:log(411)) - com.google.protobuf.ServiceException: java.net.ConnectException: Your endpoint configuration is wrong; For more details see:  http://wiki.apache.org/hadoop/UnsetHostnameOrPort, while invoking $Proxy37.submitRequest over nodeId=null,nodeAddress=127.0.0.1:0 after 4 failover attempts. Trying to failover immediately.
2019-09-26 20:20:36,450 [main] INFO  ipc.Client (Client.java:handleConnectionFailure(948)) - Retrying connect to server: localhost/127.0.0.1:0. Already tried 0 time(s); retry policy is RetryUpToMaximumCountWithFixedSleep(maxRetries=10, sleepTime=1000 MILLISECONDS)
2019-09-26 20:20:37,451 [main] INFO  ipc.Client (Client.java:handleConnectionFailure(948)) - Retrying connect to server: localhost/127.0.0.1:0. Already tried 1 time(s); retry policy is RetryUpToMaximumCountWithFixedSleep(maxRetries=10, sleepTime=1000 MILLISECONDS)
2019-09-26 20:20:38,452 [main] INFO  ipc.Client (Client.java:handleConnectionFailure(948)) - Retrying connect to server: localhost/127.0.0.1:0. Already tried 2 time(s); retry policy is RetryUpToMaximumCountWithFixedSleep(maxRetries=10, sleepTime=1000 MILLISECONDS)
2019-09-26 20:20:39,453 [main] INFO  ipc.Client (Client.java:handleConnectionFailure(948)) - Retrying connect to server: localhost/127.0.0.1:0. Already tried 3 time(s); retry policy is RetryUpToMaximumCountWithFixedSleep(maxRetries=10, sleepTime=1000 MILLISECONDS)
2019-09-26 20:20:40,455 [main] INFO  ipc.Client (Client.java:handleConnectionFailure(948)) - Retrying connect to server: localhost/127.0.0.1:0. Already tried 4 time(s); retry policy is RetryUpToMaximumCountWithFixedSleep(maxRetries=10, sleepTime=1000 MILLISECONDS)
2019-09-26 20:20:41,456 [main] INFO  ipc.Client (Client.java:handleConnectionFailure(948)) - Retrying connect to server: localhost/127.0.0.1:0. Already tried 5 time(s); retry policy is RetryUpToMaximumCountWithFixedSleep(maxRetries=10, sleepTime=1000 MILLISECONDS)
2019-09-26 20:20:42,457 [main] INFO  ipc.Client (Client.java:handleConnectionFailure(948)) - Retrying connect to server: localhost/127.0.0.1:0. Already tried 6 time(s); retry policy is RetryUpToMaximumCountWithFixedSleep(maxRetries=10, sleepTime=1000 MILLISECONDS)
2019-09-26 20:20:43,458 [main] INFO  ipc.Client (Client.java:handleConnectionFailure(948)) - Retrying connect to server: localhost/127.0.0.1:0. Already tried 7 time(s); retry policy is RetryUpToMaximumCountWithFixedSleep(maxRetries=10, sleepTime=1000 MILLISECONDS)
2019-09-26 20:20:44,459 [main] INFO  ipc.Client (Client.java:handleConnectionFailure(948)) - Retrying connect to server: localhost/127.0.0.1:0. Already tried 8 time(s); retry policy is RetryUpToMaximumCountWithFixedSleep(maxRetries=10, sleepTime=1000 MILLISECONDS)
2019-09-26 20:20:45,460 [main] INFO  ipc.Client (Client.java:handleConnectionFailure(948)) - Retrying connect to server: localhost/127.0.0.1:0. Already tried 9 time(s); retry policy is RetryUpToMaximumCountWithFixedSleep(maxRetries=10, sleepTime=1000 MILLISECONDS)
2019-09-26 20:20:45,461 [main] INFO  retry.RetryInvocationHandler (RetryInvocationHandler.java:log(411)) - com.google.protobuf.ServiceException: java.net.ConnectException: Your endpoint configuration is wrong; For more details see:  http://wiki.apache.org/hadoop/UnsetHostnameOrPort, while invoking $Proxy37.submitRequest over nodeId=null,nodeAddress=127.0.0.1:0 after 5 failover attempts. Trying to failover immediately.
2019-09-26 20:20:46,462 [main] INFO  ipc.Client (Client.java:handleConnectionFailure(948)) - Retrying connect to server: localhost/127.0.0.1:0. Already tried 0 time(s); retry policy is RetryUpToMaximumCountWithFixedSleep(maxRetries=10, sleepTime=1000 MILLISECONDS)
2019-09-26 20:20:47,464 [main] INFO  ipc.Client (Client.java:handleConnectionFailure(948)) - Retrying connect to server: localhost/127.0.0.1:0. Already tried 1 time(s); retry policy is RetryUpToMaximumCountWithFixedSleep(maxRetries=10, sleepTime=1000 MILLISECONDS)
2019-09-26 20:20:48,465 [main] INFO  ipc.Client (Client.java:handleConnectionFailure(948)) - Retrying connect to server: localhost/127.0.0.1:0. Already tried 2 time(s); retry policy is RetryUpToMaximumCountWithFixedSleep(maxRetries=10, sleepTime=1000 MILLISECONDS)
2019-09-26 20:20:49,466 [main] INFO  ipc.Client (Client.java:handleConnectionFailure(948)) - Retrying connect to server: localhost/127.0.0.1:0. Already tried 3 time(s); retry policy is RetryUpToMaximumCountWithFixedSleep(maxRetries=10, sleepTime=1000 MILLISECONDS)
2019-09-26 20:20:50,467 [main] INFO  ipc.Client (Client.java:handleConnectionFailure(948)) - Retrying connect to server: localhost/127.0.0.1:0. Already tried 4 time(s); retry policy is RetryUpToMaximumCountWithFixedSleep(maxRetries=10, sleepTime=1000 MILLISECONDS)
2019-09-26 20:20:51,468 [main] INFO  ipc.Client (Client.java:handleConnectionFailure(948)) - Retrying connect to server: localhost/127.0.0.1:0. Already tried 5 time(s); retry policy is RetryUpToMaximumCountWithFixedSleep(maxRetries=10, sleepTime=1000 MILLISECONDS)
2019-09-26 20:20:52,469 [main] INFO  ipc.Client (Client.java:handleConnectionFailure(948)) - Retrying connect to server: localhost/127.0.0.1:0. Already tried 6 time(s); retry policy is RetryUpToMaximumCountWithFixedSleep(maxRetries=10, sleepTime=1000 MILLISECONDS)
2019-09-26 20:20:53,470 [main] INFO  ipc.Client (Client.java:handleConnectionFailure(948)) - Retrying connect to server: localhost/127.0.0.1:0. Already tried 7 time(s); retry policy is RetryUpToMaximumCountWithFixedSleep(maxRetries=10, sleepTime=1000 MILLISECONDS)
2019-09-26 20:20:54,472 [main] INFO  ipc.Client (Client.java:handleConnectionFailure(948)) - Retrying connect to server: localhost/127.0.0.1:0. Already tried 8 time(s); retry policy is RetryUpToMaximumCountWithFixedSleep(maxRetries=10, sleepTime=1000 MILLISECONDS)
2019-09-26 20:20:55,473 [main] INFO  ipc.Client (Client.java:handleConnectionFailure(948)) - Retrying connect to server: localhost/127.0.0.1:0. Already tried 9 time(s); retry policy is RetryUpToMaximumCountWithFixedSleep(maxRetries=10, sleepTime=1000 MILLISECONDS)
2019-09-26 20:20:55,474 [main] INFO  retry.RetryInvocationHandler (RetryInvocationHandler.java:log(411)) - com.google.protobuf.ServiceException: java.net.ConnectException: Your endpoint configuration is wrong; For more details see:  http://wiki.apache.org/hadoop/UnsetHostnameOrPort, while invoking $Proxy37.submitRequest over nodeId=null,nodeAddress=127.0.0.1:0 after 6 failover attempts. Trying to failover immediately.
2019-09-26 20:20:56,475 [main] INFO  ipc.Client (Client.java:handleConnectionFailure(948)) - Retrying connect to server: localhost/127.0.0.1:0. Already tried 0 time(s); retry policy is RetryUpToMaximumCountWithFixedSleep(maxRetries=10, sleepTime=1000 MILLISECONDS)
2019-09-26 20:20:57,476 [main] INFO  ipc.Client (Client.java:handleConnectionFailure(948)) - Retrying connect to server: localhost/127.0.0.1:0. Already tried 1 time(s); retry policy is RetryUpToMaximumCountWithFixedSleep(maxRetries=10, sleepTime=1000 MILLISECONDS)
2019-09-26 20:20:58,477 [main] INFO  ipc.Client (Client.java:handleConnectionFailure(948)) - Retrying connect to server: localhost/127.0.0.1:0. Already tried 2 time(s); retry policy is RetryUpToMaximumCountWithFixedSleep(maxRetries=10, sleepTime=1000 MILLISECONDS)
2019-09-26 20:20:59,478 [main] INFO  ipc.Client (Client.java:handleConnectionFailure(948)) - Retrying connect to server: localhost/127.0.0.1:0. Already tried 3 time(s); retry policy is RetryUpToMaximumCountWithFixedSleep(maxRetries=10, sleepTime=1000 MILLISECONDS)
2019-09-26 20:21:00,479 [main] INFO  ipc.Client (Client.java:handleConnectionFailure(948)) - Retrying connect to server: localhost/127.0.0.1:0. Already tried 4 time(s); retry policy is RetryUpToMaximumCountWithFixedSleep(maxRetries=10, sleepTime=1000 MILLISECONDS)
2019-09-26 20:21:01,480 [main] INFO  ipc.Client (Client.java:handleConnectionFailure(948)) - Retrying connect to server: localhost/127.0.0.1:0. Already tried 5 time(s); retry policy is RetryUpToMaximumCountWithFixedSleep(maxRetries=10, sleepTime=1000 MILLISECONDS)
2019-09-26 20:21:02,481 [main] INFO  ipc.Client (Client.java:handleConnectionFailure(948)) - Retrying connect to server: localhost/127.0.0.1:0. Already tried 6 time(s); retry policy is RetryUpToMaximumCountWithFixedSleep(maxRetries=10, sleepTime=1000 MILLISECONDS)
2019-09-26 20:21:03,483 [main] INFO  ipc.Client (Client.java:handleConnectionFailure(948)) - Retrying connect to server: localhost/127.0.0.1:0. Already tried 7 time(s); retry policy is RetryUpToMaximumCountWithFixedSleep(maxRetries=10, sleepTime=1000 MILLISECONDS)
2019-09-26 20:21:04,484 [main] INFO  ipc.Client (Client.java:handleConnectionFailure(948)) - Retrying connect to server: localhost/127.0.0.1:0. Already tried 8 time(s); retry policy is RetryUpToMaximumCountWithFixedSleep(maxRetries=10, sleepTime=1000 MILLISECONDS)
2019-09-26 20:21:05,485 [main] INFO  ipc.Client (Client.java:handleConnectionFailure(948)) - Retrying connect to server: localhost/127.0.0.1:0. Already tried 9 time(s); retry policy is RetryUpToMaximumCountWithFixedSleep(maxRetries=10, sleepTime=1000 MILLISECONDS)
2019-09-26 20:21:05,486 [main] INFO  retry.RetryInvocationHandler (RetryInvocationHandler.java:log(411)) - com.google.protobuf.ServiceException: java.net.ConnectException: Your endpoint configuration is wrong; For more details see:  http://wiki.apache.org/hadoop/UnsetHostnameOrPort, while invoking $Proxy37.submitRequest over nodeId=null,nodeAddress=127.0.0.1:0 after 7 failover attempts. Trying to failover immediately.
2019-09-26 20:21:06,487 [main] INFO  ipc.Client (Client.java:handleConnectionFailure(948)) - Retrying connect to server: localhost/127.0.0.1:0. Already tried 0 time(s); retry policy is RetryUpToMaximumCountWithFixedSleep(maxRetries=10, sleepTime=1000 MILLISECONDS)
2019-09-26 20:21:07,488 [main] INFO  ipc.Client (Client.java:handleConnectionFailure(948)) - Retrying connect to server: localhost/127.0.0.1:0. Already tried 1 time(s); retry policy is RetryUpToMaximumCountWithFixedSleep(maxRetries=10, sleepTime=1000 MILLISECONDS)
2019-09-26 20:21:08,489 [main] INFO  ipc.Client (Client.java:handleConnectionFailure(948)) - Retrying connect to server: localhost/127.0.0.1:0. Already tried 2 time(s); retry policy is RetryUpToMaximumCountWithFixedSleep(maxRetries=10, sleepTime=1000 MILLISECONDS)
2019-09-26 20:21:09,490 [main] INFO  ipc.Client (Client.java:handleConnectionFailure(948)) - Retrying connect to server: localhost/127.0.0.1:0. Already tried 3 time(s); retry policy is RetryUpToMaximumCountWithFixedSleep(maxRetries=10, sleepTime=1000 MILLISECONDS)
2019-09-26 20:21:10,491 [main] INFO  ipc.Client (Client.java:handleConnectionFailure(948)) - Retrying connect to server: localhost/127.0.0.1:0. Already tried 4 time(s); retry policy is RetryUpToMaximumCountWithFixedSleep(maxRetries=10, sleepTime=1000 MILLISECONDS)
2019-09-26 20:21:11,492 [main] INFO  ipc.Client (Client.java:handleConnectionFailure(948)) - Retrying connect to server: localhost/127.0.0.1:0. Already tried 5 time(s); retry policy is RetryUpToMaximumCountWithFixedSleep(maxRetries=10, sleepTime=1000 MILLISECONDS)
2019-09-26 20:21:12,494 [main] INFO  ipc.Client (Client.java:handleConnectionFailure(948)) - Retrying connect to server: localhost/127.0.0.1:0. Already tried 6 time(s); retry policy is RetryUpToMaximumCountWithFixedSleep(maxRetries=10, sleepTime=1000 MILLISECONDS)
2019-09-26 20:21:13,495 [main] INFO  ipc.Client (Client.java:handleConnectionFailure(948)) - Retrying connect to server: localhost/127.0.0.1:0. Already tried 7 time(s); retry policy is RetryUpToMaximumCountWithFixedSleep(maxRetries=10, sleepTime=1000 MILLISECONDS)
2019-09-26 20:21:14,496 [main] INFO  ipc.Client (Client.java:handleConnectionFailure(948)) - Retrying connect to server: localhost/127.0.0.1:0. Already tried 8 time(s); retry policy is RetryUpToMaximumCountWithFixedSleep(maxRetries=10, sleepTime=1000 MILLISECONDS)
2019-09-26 20:21:15,497 [main] INFO  ipc.Client (Client.java:handleConnectionFailure(948)) - Retrying connect to server: localhost/127.0.0.1:0. Already tried 9 time(s); retry policy is RetryUpToMaximumCountWithFixedSleep(maxRetries=10, sleepTime=1000 MILLISECONDS)
2019-09-26 20:21:15,499 [main] INFO  retry.RetryInvocationHandler (RetryInvocationHandler.java:log(411)) - com.google.protobuf.ServiceException: java.net.ConnectException: Your endpoint configuration is wrong; For more details see:  http://wiki.apache.org/hadoop/UnsetHostnameOrPort, while invoking $Proxy37.submitRequest over nodeId=null,nodeAddress=127.0.0.1:0 after 8 failover attempts. Trying to failover immediately.
2019-09-26 20:21:16,500 [main] INFO  ipc.Client (Client.java:handleConnectionFailure(948)) - Retrying connect to server: localhost/127.0.0.1:0. Already tried 0 time(s); retry policy is RetryUpToMaximumCountWithFixedSleep(maxRetries=10, sleepTime=1000 MILLISECONDS)
2019-09-26 20:21:17,501 [main] INFO  ipc.Client (Client.java:handleConnectionFailure(948)) - Retrying connect to server: localhost/127.0.0.1:0. Already tried 1 time(s); retry policy is RetryUpToMaximumCountWithFixedSleep(maxRetries=10, sleepTime=1000 MILLISECONDS)
2019-09-26 20:21:18,502 [main] INFO  ipc.Client (Client.java:handleConnectionFailure(948)) - Retrying connect to server: localhost/127.0.0.1:0. Already tried 2 time(s); retry policy is RetryUpToMaximumCountWithFixedSleep(maxRetries=10, sleepTime=1000 MILLISECONDS)
2019-09-26 20:21:19,504 [main] INFO  ipc.Client (Client.java:handleConnectionFailure(948)) - Retrying connect to server: localhost/127.0.0.1:0. Already tried 3 time(s); retry policy is RetryUpToMaximumCountWithFixedSleep(maxRetries=10, sleepTime=1000 MILLISECONDS)
2019-09-26 20:21:20,505 [main] INFO  ipc.Client (Client.java:handleConnectionFailure(948)) - Retrying connect to server: localhost/127.0.0.1:0. Already tried 4 time(s); retry policy is RetryUpToMaximumCountWithFixedSleep(maxRetries=10, sleepTime=1000 MILLISECONDS)
2019-09-26 20:21:21,506 [main] INFO  ipc.Client (Client.java:handleConnectionFailure(948)) - Retrying connect to server: localhost/127.0.0.1:0. Already tried 5 time(s); retry policy is RetryUpToMaximumCountWithFixedSleep(maxRetries=10, sleepTime=1000 MILLISECONDS)
2019-09-26 20:21:22,507 [main] INFO  ipc.Client (Client.java:handleConnectionFailure(948)) - Retrying connect to server: localhost/127.0.0.1:0. Already tried 6 time(s); retry policy is RetryUpToMaximumCountWithFixedSleep(maxRetries=10, sleepTime=1000 MILLISECONDS)
2019-09-26 20:21:23,508 [main] INFO  ipc.Client (Client.java:handleConnectionFailure(948)) - Retrying connect to server: localhost/127.0.0.1:0. Already tried 7 time(s); retry policy is RetryUpToMaximumCountWithFixedSleep(maxRetries=10, sleepTime=1000 MILLISECONDS)
2019-09-26 20:21:24,509 [main] INFO  ipc.Client (Client.java:handleConnectionFailure(948)) - Retrying connect to server: localhost/127.0.0.1:0. Already tried 8 time(s); retry policy is RetryUpToMaximumCountWithFixedSleep(maxRetries=10, sleepTime=1000 MILLISECONDS)
2019-09-26 20:21:25,510 [main] INFO  ipc.Client (Client.java:handleConnectionFailure(948)) - Retrying connect to server: localhost/127.0.0.1:0. Already tried 9 time(s); retry policy is RetryUpToMaximumCountWithFixedSleep(maxRetries=10, sleepTime=1000 MILLISECONDS)
2019-09-26 20:21:25,512 [main] INFO  retry.RetryInvocationHandler (RetryInvocationHandler.java:log(411)) - com.google.protobuf.ServiceException: java.net.ConnectException: Your endpoint configuration is wrong; For more details see:  http://wiki.apache.org/hadoop/UnsetHostnameOrPort, while invoking $Proxy37.submitRequest over nodeId=null,nodeAddress=127.0.0.1:0 after 9 failover attempts. Trying to failover immediately.
2019-09-26 20:21:26,513 [main] INFO  ipc.Client (Client.java:handleConnectionFailure(948)) - Retrying connect to server: localhost/127.0.0.1:0. Already tried 0 time(s); retry policy is RetryUpToMaximumCountWithFixedSleep(maxRetries=10, sleepTime=1000 MILLISECONDS)
2019-09-26 20:21:27,514 [main] INFO  ipc.Client (Client.java:handleConnectionFailure(948)) - Retrying connect to server: localhost/127.0.0.1:0. Already tried 1 time(s); retry policy is RetryUpToMaximumCountWithFixedSleep(maxRetries=10, sleepTime=1000 MILLISECONDS)
2019-09-26 20:21:28,516 [main] INFO  ipc.Client (Client.java:handleConnectionFailure(948)) - Retrying connect to server: localhost/127.0.0.1:0. Already tried 2 time(s); retry policy is RetryUpToMaximumCountWithFixedSleep(maxRetries=10, sleepTime=1000 MILLISECONDS)
2019-09-26 20:21:29,517 [main] INFO  ipc.Client (Client.java:handleConnectionFailure(948)) - Retrying connect to server: localhost/127.0.0.1:0. Already tried 3 time(s); retry policy is RetryUpToMaximumCountWithFixedSleep(maxRetries=10, sleepTime=1000 MILLISECONDS)
2019-09-26 20:21:30,519 [main] INFO  ipc.Client (Client.java:handleConnectionFailure(948)) - Retrying connect to server: localhost/127.0.0.1:0. Already tried 4 time(s); retry policy is RetryUpToMaximumCountWithFixedSleep(maxRetries=10, sleepTime=1000 MILLISECONDS)
2019-09-26 20:21:31,520 [main] INFO  ipc.Client (Client.java:handleConnectionFailure(948)) - Retrying connect to server: localhost/127.0.0.1:0. Already tried 5 time(s); retry policy is RetryUpToMaximumCountWithFixedSleep(maxRetries=10, sleepTime=1000 MILLISECONDS)
2019-09-26 20:21:32,521 [main] INFO  ipc.Client (Client.java:handleConnectionFailure(948)) - Retrying connect to server: localhost/127.0.0.1:0. Already tried 6 time(s); retry policy is RetryUpToMaximumCountWithFixedSleep(maxRetries=10, sleepTime=1000 MILLISECONDS)
2019-09-26 20:21:33,522 [main] INFO  ipc.Client (Client.java:handleConnectionFailure(948)) - Retrying connect to server: localhost/127.0.0.1:0. Already tried 7 time(s); retry policy is RetryUpToMaximumCountWithFixedSleep(maxRetries=10, sleepTime=1000 MILLISECONDS)
2019-09-26 20:21:34,524 [main] INFO  ipc.Client (Client.java:handleConnectionFailure(948)) - Retrying connect to server: localhost/127.0.0.1:0. Already tried 8 time(s); retry policy is RetryUpToMaximumCountWithFixedSleep(maxRetries=10, sleepTime=1000 MILLISECONDS)
2019-09-26 20:21:35,525 [main] INFO  ipc.Client (Client.java:handleConnectionFailure(948)) - Retrying connect to server: localhost/127.0.0.1:0. Already tried 9 time(s); retry policy is RetryUpToMaximumCountWithFixedSleep(maxRetries=10, sleepTime=1000 MILLISECONDS)
2019-09-26 20:21:35,527 [main] ERROR ha.OMFailoverProxyProvider (OzoneManagerProtocolClientSideTranslatorPB.java:getRetryAction(268)) - Failed to connect to OM. Attempted 10 retries and 10 failovers
2019-09-26 20:21:35,531 [main] ERROR client.OzoneClientFactory (OzoneClientFactory.java:getClientProtocol(259)) - Couldn't create RpcClient protocol exception: 
java.net.ConnectException: Your endpoint configuration is wrong; For more details see:  http://wiki.apache.org/hadoop/UnsetHostnameOrPort
	at sun.reflect.NativeConstructorAccessorImpl.newInstance0(Native Method)
	at sun.reflect.NativeConstructorAccessorImpl.newInstance(NativeConstructorAccessorImpl.java:62)
	at sun.reflect.DelegatingConstructorAccessorImpl.newInstance(DelegatingConstructorAccessorImpl.java:45)
	at java.lang.reflect.Constructor.newInstance(Constructor.java:423)
	at org.apache.hadoop.net.NetUtils.wrapWithMessage(NetUtils.java:831)
	at org.apache.hadoop.net.NetUtils.wrapException(NetUtils.java:751)
	at org.apache.hadoop.ipc.Client.getRpcResponse(Client.java:1515)
	at org.apache.hadoop.ipc.Client.call(Client.java:1457)
	at org.apache.hadoop.ipc.Client.call(Client.java:1367)
	at org.apache.hadoop.ipc.ProtobufRpcEngine$Invoker.invoke(ProtobufRpcEngine.java:228)
	at org.apache.hadoop.ipc.ProtobufRpcEngine$Invoker.invoke(ProtobufRpcEngine.java:116)
	at com.sun.proxy.$Proxy37.submitRequest(Unknown Source)
	at sun.reflect.NativeMethodAccessorImpl.invoke0(Native Method)
	at sun.reflect.NativeMethodAccessorImpl.invoke(NativeMethodAccessorImpl.java:62)
	at sun.reflect.DelegatingMethodAccessorImpl.invoke(DelegatingMethodAccessorImpl.java:43)
	at java.lang.reflect.Method.invoke(Method.java:498)
	at org.apache.hadoop.io.retry.RetryInvocationHandler.invokeMethod(RetryInvocationHandler.java:422)
	at org.apache.hadoop.io.retry.RetryInvocationHandler$Call.invokeMethod(RetryInvocationHandler.java:165)
	at org.apache.hadoop.io.retry.RetryInvocationHandler$Call.invoke(RetryInvocationHandler.java:157)
	at org.apache.hadoop.io.retry.RetryInvocationHandler$Call.invokeOnce(RetryInvocationHandler.java:95)
	at org.apache.hadoop.io.retry.RetryInvocationHandler.invoke(RetryInvocationHandler.java:359)
	at com.sun.proxy.$Proxy37.submitRequest(Unknown Source)
	at org.apache.hadoop.ozone.om.protocolPB.OzoneManagerProtocolClientSideTranslatorPB.submitRequest(OzoneManagerProtocolClientSideTranslatorPB.java:338)
	at org.apache.hadoop.ozone.om.protocolPB.OzoneManagerProtocolClientSideTranslatorPB.getServiceInfo(OzoneManagerProtocolClientSideTranslatorPB.java:1223)
	at sun.reflect.NativeMethodAccessorImpl.invoke0(Native Method)
	at sun.reflect.NativeMethodAccessorImpl.invoke(NativeMethodAccessorImpl.java:62)
	at sun.reflect.DelegatingMethodAccessorImpl.invoke(DelegatingMethodAccessorImpl.java:43)
	at java.lang.reflect.Method.invoke(Method.java:498)
	at org.apache.hadoop.hdds.tracing.TraceAllMethod.invoke(TraceAllMethod.java:66)
	at com.sun.proxy.$Proxy38.getServiceInfo(Unknown Source)
	at org.apache.hadoop.ozone.client.rpc.RpcClient.<init>(RpcClient.java:154)
	at org.apache.hadoop.ozone.client.OzoneClientFactory.getClientProtocol(OzoneClientFactory.java:256)
	at org.apache.hadoop.ozone.client.OzoneClientFactory.getClientProtocol(OzoneClientFactory.java:239)
	at org.apache.hadoop.ozone.client.OzoneClientFactory.getRpcClient(OzoneClientFactory.java:203)
	at org.apache.hadoop.ozone.client.rpc.TestSecureOzoneRpcClient.init(TestSecureOzoneRpcClient.java:118)
	at sun.reflect.NativeMethodAccessorImpl.invoke0(Native Method)
	at sun.reflect.NativeMethodAccessorImpl.invoke(NativeMethodAccessorImpl.java:62)
	at sun.reflect.DelegatingMethodAccessorImpl.invoke(DelegatingMethodAccessorImpl.java:43)
	at java.lang.reflect.Method.invoke(Method.java:498)
	at org.junit.runners.model.FrameworkMethod$1.runReflectiveCall(FrameworkMethod.java:47)
	at org.junit.internal.runners.model.ReflectiveCallable.run(ReflectiveCallable.java:12)
	at org.junit.runners.model.FrameworkMethod.invokeExplosively(FrameworkMethod.java:44)
	at org.junit.internal.runners.statements.RunBefores.evaluate(RunBefores.java:24)
	at org.junit.internal.runners.statements.RunAfters.evaluate(RunAfters.java:27)
	at org.junit.runners.ParentRunner.run(ParentRunner.java:309)
	at org.apache.maven.surefire.junit4.JUnit4Provider.execute(JUnit4Provider.java:365)
	at org.apache.maven.surefire.junit4.JUnit4Provider.executeWithRerun(JUnit4Provider.java:273)
	at org.apache.maven.surefire.junit4.JUnit4Provider.executeTestSet(JUnit4Provider.java:238)
	at org.apache.maven.surefire.junit4.JUnit4Provider.invoke(JUnit4Provider.java:159)
	at org.apache.maven.surefire.booter.ForkedBooter.invokeProviderInSameClassLoader(ForkedBooter.java:384)
	at org.apache.maven.surefire.booter.ForkedBooter.runSuitesInProcess(ForkedBooter.java:345)
	at org.apache.maven.surefire.booter.ForkedBooter.execute(ForkedBooter.java:126)
	at org.apache.maven.surefire.booter.ForkedBooter.main(ForkedBooter.java:418)
Caused by: java.net.ConnectException: Connection refused
	at sun.nio.ch.SocketChannelImpl.checkConnect(Native Method)
	at sun.nio.ch.SocketChannelImpl.finishConnect(SocketChannelImpl.java:717)
	at org.apache.hadoop.net.SocketIOWithTimeout.connect(SocketIOWithTimeout.java:206)
	at org.apache.hadoop.net.NetUtils.connect(NetUtils.java:531)
	at org.apache.hadoop.ipc.Client$Connection.setupConnection(Client.java:690)
	at org.apache.hadoop.ipc.Client$Connection.setupIOstreams(Client.java:794)
	at org.apache.hadoop.ipc.Client$Connection.access$3700(Client.java:411)
	at org.apache.hadoop.ipc.Client.getConnection(Client.java:1572)
	at org.apache.hadoop.ipc.Client.call(Client.java:1403)
	... 45 more
2019-09-26 20:21:35,535 [main] INFO  ozone.MiniOzoneClusterImpl (MiniOzoneClusterImpl.java:shutdown(314)) - Shutting down the Mini Ozone Cluster
2019-09-26 20:21:35,537 [main] INFO  ozone.MiniOzoneClusterImpl (MiniOzoneClusterImpl.java:stop(330)) - Stopping the Mini Ozone Cluster
2019-09-26 20:21:35,537 [main] INFO  ozone.MiniOzoneClusterImpl (MiniOzoneClusterImpl.java:stopOM(400)) - Stopping the OzoneManager
2019-09-26 20:21:35,537 [main] INFO  ipc.Server (Server.java:stop(3082)) - Stopping server on 41718
2019-09-26 20:21:35,547 [IPC Server listener on 41718] INFO  ipc.Server (Server.java:run(1185)) - Stopping IPC Server listener on 41718
2019-09-26 20:21:35,555 [main] INFO  ratis.OzoneManagerDoubleBuffer (OzoneManagerDoubleBuffer.java:stop(248)) - Stopping OMDoubleBuffer flush thread
2019-09-26 20:21:35,555 [IPC Server Responder] INFO  ipc.Server (Server.java:run(1319)) - Stopping IPC Server Responder
2019-09-26 20:21:35,571 [OMDoubleBufferFlushThread] INFO  ratis.OzoneManagerDoubleBuffer (OzoneManagerDoubleBuffer.java:flushTransactions(191)) - OMDoubleBuffer flush thread OMDoubleBufferFlushThread is interrupted and will exit. OMDoubleBufferFlushThread
2019-09-26 20:21:35,588 [main] INFO  utils.BackgroundService (BackgroundService.java:shutdown(148)) - Shutting down service KeyDeletingService
2019-09-26 20:21:35,604 [main] INFO  om.OzoneManager (OzoneManager.java:stopSecretManager(651)) - Stopping OM block token manager.
2019-09-26 20:21:35,609 [main] INFO  handler.ContextHandler (ContextHandler.java:doStop(910)) - Stopped o.e.j.w.WebAppContext@55f8669d{/,null,UNAVAILABLE}{/ozoneManager}
2019-09-26 20:21:35,615 [main] INFO  server.AbstractConnector (AbstractConnector.java:doStop(318)) - Stopped ServerConnector@6be25526{HTTP/1.1,[http/1.1]}{0.0.0.0:0}
2019-09-26 20:21:35,616 [main] INFO  handler.ContextHandler (ContextHandler.java:doStop(910)) - Stopped o.e.j.s.ServletContextHandler@7e7f0f0a{/static,file:///workdir/hadoop-ozone/integration-test/target/test-classes/webapps/static,UNAVAILABLE}
2019-09-26 20:21:35,616 [main] INFO  handler.ContextHandler (ContextHandler.java:doStop(910)) - Stopped o.e.j.s.ServletContextHandler@185f7840{/logs,file:///workdir/hadoop-ozone/integration-test/target/log,UNAVAILABLE}
2019-09-26 20:21:35,621 [main] INFO  ozone.MiniOzoneClusterImpl (MiniOzoneClusterImpl.java:stopDatanodes(377)) - Stopping the HddsDatanodes
2019-09-26 20:21:35,690 [Datanode State Machine Thread - 0] INFO  statemachine.DatanodeStateMachine (DatanodeStateMachine.java:lambda$startDaemon$0(350)) - Ozone container server started.
2019-09-26 20:21:36,249 [Datanode State Machine Thread - 0] INFO  statemachine.DatanodeStateMachine (DatanodeStateMachine.java:lambda$startDaemon$0(350)) - Ozone container server started.
2019-09-26 20:21:40,625 [main] INFO  ozoneimpl.OzoneContainer (OzoneContainer.java:stop(231)) - Attempting to stop container services.
2019-09-26 20:21:40,625 [ForkJoinPool.commonPool-worker-0] INFO  ozoneimpl.OzoneContainer (OzoneContainer.java:stop(231)) - Attempting to stop container services.
2019-09-26 20:21:40,626 [main] INFO  impl.RaftServerProxy (RaftServerProxy.java:lambda$close$4(314)) - 54d75f05-459a-41f1-a160-6bbdb25ca921: close
2019-09-26 20:21:40,626 [ForkJoinPool.commonPool-worker-0] INFO  impl.RaftServerProxy (RaftServerProxy.java:lambda$close$4(314)) - 402982a9-fa7b-4360-bb6f-7bf73c96b049: close
2019-09-26 20:21:40,629 [ForkJoinPool.commonPool-worker-0] INFO  impl.RaftServerImpl (RaftServerImpl.java:lambda$shutdown$3(251)) - 402982a9-fa7b-4360-bb6f-7bf73c96b049@group-8DB0ACFB79CD: shutdown
2019-09-26 20:21:40,629 [main] INFO  impl.RaftServerImpl (RaftServerImpl.java:lambda$shutdown$3(251)) - 54d75f05-459a-41f1-a160-6bbdb25ca921@group-2B58C598D7A4: shutdown
2019-09-26 20:21:40,630 [ForkJoinPool.commonPool-worker-0] INFO  util.JmxRegister (JmxRegister.java:unregister(73)) - Successfully un-registered JMX Bean with object name Ratis:service=RaftServer,group=group-8DB0ACFB79CD,id=402982a9-fa7b-4360-bb6f-7bf73c96b049
2019-09-26 20:21:40,631 [main] INFO  util.JmxRegister (JmxRegister.java:unregister(73)) - Successfully un-registered JMX Bean with object name Ratis:service=RaftServer,group=group-2B58C598D7A4,id=54d75f05-459a-41f1-a160-6bbdb25ca921
2019-09-26 20:21:40,631 [ForkJoinPool.commonPool-worker-0] INFO  impl.RoleInfo (RoleInfo.java:shutdownLeaderState(104)) - 402982a9-fa7b-4360-bb6f-7bf73c96b049: shutdown LeaderState
2019-09-26 20:21:40,631 [main] INFO  impl.RoleInfo (RoleInfo.java:shutdownLeaderState(104)) - 54d75f05-459a-41f1-a160-6bbdb25ca921: shutdown LeaderState
2019-09-26 20:21:40,632 [ForkJoinPool.commonPool-worker-0] INFO  impl.PendingRequests (PendingRequests.java:sendNotLeaderResponses(202)) - 402982a9-fa7b-4360-bb6f-7bf73c96b049-PendingRequests: sendNotLeaderResponses
2019-09-26 20:21:40,636 [main] INFO  impl.PendingRequests (PendingRequests.java:sendNotLeaderResponses(202)) - 54d75f05-459a-41f1-a160-6bbdb25ca921-PendingRequests: sendNotLeaderResponses
2019-09-26 20:21:40,637 [ForkJoinPool.commonPool-worker-0] INFO  impl.StateMachineUpdater (StateMachineUpdater.java:stopAndJoin(125)) - 402982a9-fa7b-4360-bb6f-7bf73c96b049@group-8DB0ACFB79CD-StateMachineUpdater: set stopIndex = 0
2019-09-26 20:21:40,637 [main] INFO  impl.StateMachineUpdater (StateMachineUpdater.java:stopAndJoin(125)) - 54d75f05-459a-41f1-a160-6bbdb25ca921@group-2B58C598D7A4-StateMachineUpdater: set stopIndex = 0
2019-09-26 20:21:40,640 [ForkJoinPool.commonPool-worker-0] INFO  impl.RaftServerImpl (ServerState.java:close(385)) - 402982a9-fa7b-4360-bb6f-7bf73c96b049@group-8DB0ACFB79CD: closes. applyIndex: 0
2019-09-26 20:21:40,641 [main] INFO  impl.RaftServerImpl (ServerState.java:close(385)) - 54d75f05-459a-41f1-a160-6bbdb25ca921@group-2B58C598D7A4: closes. applyIndex: 0
2019-09-26 20:21:40,643 [54d75f05-459a-41f1-a160-6bbdb25ca921@group-2B58C598D7A4-SegmentedRaftLogWorker] INFO  segmented.SegmentedRaftLogWorker (SegmentedRaftLogWorker.java:run(313)) - 54d75f05-459a-41f1-a160-6bbdb25ca921@group-2B58C598D7A4-SegmentedRaftLogWorker was interrupted, exiting. There are 0 tasks remaining in the queue.
2019-09-26 20:21:40,643 [402982a9-fa7b-4360-bb6f-7bf73c96b049@group-8DB0ACFB79CD-SegmentedRaftLogWorker] INFO  segmented.SegmentedRaftLogWorker (SegmentedRaftLogWorker.java:run(313)) - 402982a9-fa7b-4360-bb6f-7bf73c96b049@group-8DB0ACFB79CD-SegmentedRaftLogWorker was interrupted, exiting. There are 0 tasks remaining in the queue.
2019-09-26 20:21:40,676 [main] INFO  segmented.SegmentedRaftLogWorker (SegmentedRaftLogWorker.java:close(228)) - 54d75f05-459a-41f1-a160-6bbdb25ca921@group-2B58C598D7A4-SegmentedRaftLogWorker close()
2019-09-26 20:21:40,676 [ForkJoinPool.commonPool-worker-0] INFO  segmented.SegmentedRaftLogWorker (SegmentedRaftLogWorker.java:close(228)) - 402982a9-fa7b-4360-bb6f-7bf73c96b049@group-8DB0ACFB79CD-SegmentedRaftLogWorker close()
2019-09-26 20:21:40,685 [ForkJoinPool.commonPool-worker-0] INFO  impl.RaftServerImpl (RaftServerImpl.java:lambda$shutdown$3(251)) - 402982a9-fa7b-4360-bb6f-7bf73c96b049@group-5CFE9CCBA5A2: shutdown
2019-09-26 20:21:40,685 [main] INFO  impl.RaftServerImpl (RaftServerImpl.java:lambda$shutdown$3(251)) - 54d75f05-459a-41f1-a160-6bbdb25ca921@group-5CFE9CCBA5A2: shutdown
2019-09-26 20:21:40,685 [ForkJoinPool.commonPool-worker-0] INFO  util.JmxRegister (JmxRegister.java:unregister(73)) - Successfully un-registered JMX Bean with object name Ratis:service=RaftServer,group=group-5CFE9CCBA5A2,id=402982a9-fa7b-4360-bb6f-7bf73c96b049
2019-09-26 20:21:40,685 [main] INFO  util.JmxRegister (JmxRegister.java:unregister(73)) - Successfully un-registered JMX Bean with object name Ratis:service=RaftServer,group=group-5CFE9CCBA5A2,id=54d75f05-459a-41f1-a160-6bbdb25ca921
2019-09-26 20:21:40,686 [ForkJoinPool.commonPool-worker-0] INFO  impl.RoleInfo (RoleInfo.java:shutdownFollowerState(121)) - 402982a9-fa7b-4360-bb6f-7bf73c96b049: shutdown FollowerState
2019-09-26 20:21:40,686 [main] INFO  impl.RoleInfo (RoleInfo.java:shutdownFollowerState(121)) - 54d75f05-459a-41f1-a160-6bbdb25ca921: shutdown FollowerState
2019-09-26 20:21:40,686 [Thread-440] INFO  impl.FollowerState (FollowerState.java:run(115)) - 402982a9-fa7b-4360-bb6f-7bf73c96b049: FollowerState was interrupted: java.lang.InterruptedException: sleep interrupted
2019-09-26 20:21:40,686 [ForkJoinPool.commonPool-worker-0] INFO  impl.StateMachineUpdater (StateMachineUpdater.java:stopAndJoin(125)) - 402982a9-fa7b-4360-bb6f-7bf73c96b049@group-5CFE9CCBA5A2-StateMachineUpdater: set stopIndex = 0
2019-09-26 20:21:40,689 [ForkJoinPool.commonPool-worker-0] INFO  impl.RaftServerImpl (ServerState.java:close(385)) - 402982a9-fa7b-4360-bb6f-7bf73c96b049@group-5CFE9CCBA5A2: closes. applyIndex: 0
2019-09-26 20:21:40,687 [Thread-439] INFO  impl.FollowerState (FollowerState.java:run(115)) - 54d75f05-459a-41f1-a160-6bbdb25ca921: FollowerState was interrupted: java.lang.InterruptedException: sleep interrupted
2019-09-26 20:21:40,687 [main] INFO  impl.StateMachineUpdater (StateMachineUpdater.java:stopAndJoin(125)) - 54d75f05-459a-41f1-a160-6bbdb25ca921@group-5CFE9CCBA5A2-StateMachineUpdater: set stopIndex = 0
2019-09-26 20:21:40,692 [402982a9-fa7b-4360-bb6f-7bf73c96b049@group-5CFE9CCBA5A2-SegmentedRaftLogWorker] INFO  segmented.SegmentedRaftLogWorker (SegmentedRaftLogWorker.java:run(313)) - 402982a9-fa7b-4360-bb6f-7bf73c96b049@group-5CFE9CCBA5A2-SegmentedRaftLogWorker was interrupted, exiting. There are 0 tasks remaining in the queue.
2019-09-26 20:21:40,692 [main] INFO  impl.RaftServerImpl (ServerState.java:close(385)) - 54d75f05-459a-41f1-a160-6bbdb25ca921@group-5CFE9CCBA5A2: closes. applyIndex: 0
2019-09-26 20:21:40,694 [ForkJoinPool.commonPool-worker-0] INFO  segmented.SegmentedRaftLogWorker (SegmentedRaftLogWorker.java:close(228)) - 402982a9-fa7b-4360-bb6f-7bf73c96b049@group-5CFE9CCBA5A2-SegmentedRaftLogWorker close()
2019-09-26 20:21:40,695 [54d75f05-459a-41f1-a160-6bbdb25ca921@group-5CFE9CCBA5A2-SegmentedRaftLogWorker] INFO  segmented.SegmentedRaftLogWorker (SegmentedRaftLogWorker.java:run(313)) - 54d75f05-459a-41f1-a160-6bbdb25ca921@group-5CFE9CCBA5A2-SegmentedRaftLogWorker was interrupted, exiting. There are 0 tasks remaining in the queue.
2019-09-26 20:21:40,701 [main] INFO  segmented.SegmentedRaftLogWorker (SegmentedRaftLogWorker.java:close(228)) - 54d75f05-459a-41f1-a160-6bbdb25ca921@group-5CFE9CCBA5A2-SegmentedRaftLogWorker close()
2019-09-26 20:21:40,706 [main] INFO  server.GrpcService (GrpcService.java:closeImpl(164)) - 54d75f05-459a-41f1-a160-6bbdb25ca921: shutdown server with port 45423 now
2019-09-26 20:21:40,706 [ForkJoinPool.commonPool-worker-0] INFO  server.GrpcService (GrpcService.java:closeImpl(164)) - 402982a9-fa7b-4360-bb6f-7bf73c96b049: shutdown server with port 34773 now
2019-09-26 20:21:40,720 [grpc-default-executor-4] WARN  server.GrpcServerProtocolService (LogUtils.java:warn(134)) - 402982a9-fa7b-4360-bb6f-7bf73c96b049: installSnapshot onError, lastRequest: 1335ae9d-cf28-460b-8cef-3605e68fd742->402982a9-fa7b-4360-bb6f-7bf73c96b049#40-t4, previous=(t:4, i:0), leaderCommit=0, initializing? false, entries: <empty>: org.apache.ratis.thirdparty.io.grpc.StatusRuntimeException: CANCELLED: cancelled before receiving half close
2019-09-26 20:21:40,721 [grpc-default-executor-8] WARN  server.GrpcServerProtocolService (LogUtils.java:warn(134)) - 54d75f05-459a-41f1-a160-6bbdb25ca921: installSnapshot onError, lastRequest: 1335ae9d-cf28-460b-8cef-3605e68fd742->54d75f05-459a-41f1-a160-6bbdb25ca921#40-t4, previous=(t:4, i:0), leaderCommit=0, initializing? false, entries: <empty>: org.apache.ratis.thirdparty.io.grpc.StatusRuntimeException: CANCELLED: cancelled before receiving half close
2019-09-26 20:21:40,721 [main] INFO  server.GrpcService (GrpcService.java:closeImpl(172)) - 54d75f05-459a-41f1-a160-6bbdb25ca921: shutdown server with port 45423 successfully
2019-09-26 20:21:40,724 [ForkJoinPool.commonPool-worker-0] INFO  server.GrpcService (GrpcService.java:closeImpl(172)) - 402982a9-fa7b-4360-bb6f-7bf73c96b049: shutdown server with port 34773 successfully
2019-09-26 20:21:40,725 [grpc-default-executor-6] WARN  server.GrpcLogAppender (LogUtils.java:warn(134)) - 1335ae9d-cf28-460b-8cef-3605e68fd742@group-5CFE9CCBA5A2->402982a9-fa7b-4360-bb6f-7bf73c96b049-AppendLogResponseHandler: Failed appendEntries: org.apache.ratis.thirdparty.io.grpc.StatusRuntimeException: CANCELLED: HTTP/2 error code: CANCEL
Received Rst Stream
2019-09-26 20:21:40,725 [grpc-default-executor-3] WARN  server.GrpcLogAppender (LogUtils.java:warn(134)) - 1335ae9d-cf28-460b-8cef-3605e68fd742@group-5CFE9CCBA5A2->54d75f05-459a-41f1-a160-6bbdb25ca921-AppendLogResponseHandler: Failed appendEntries: org.apache.ratis.thirdparty.io.grpc.StatusRuntimeException: CANCELLED: HTTP/2 error code: CANCEL
Received Rst Stream
2019-09-26 20:21:40,728 [grpc-default-executor-6] INFO  impl.FollowerInfo (FollowerInfo.java:lambda$new$0(51)) - 1335ae9d-cf28-460b-8cef-3605e68fd742@group-5CFE9CCBA5A2->402982a9-fa7b-4360-bb6f-7bf73c96b049: nextIndex: updateUnconditionally 1 -> 0
2019-09-26 20:21:40,730 [grpc-default-executor-3] INFO  impl.FollowerInfo (FollowerInfo.java:lambda$new$0(51)) - 1335ae9d-cf28-460b-8cef-3605e68fd742@group-5CFE9CCBA5A2->54d75f05-459a-41f1-a160-6bbdb25ca921: nextIndex: updateUnconditionally 1 -> 0
2019-09-26 20:21:40,750 [refreshUsed-/workdir/hadoop-ozone/integration-test/target/test-dir/MiniOzoneClusterImpl-81f3f93b-507a-4e54-bca6-ef1d0617e8f1/datanode-2/data/containers] WARN  fs.CachingGetSpaceUsed (CachingGetSpaceUsed.java:run(183)) - Thread Interrupted waiting to refresh disk information: sleep interrupted
2019-09-26 20:21:40,750 [refreshUsed-/workdir/hadoop-ozone/integration-test/target/test-dir/MiniOzoneClusterImpl-81f3f93b-507a-4e54-bca6-ef1d0617e8f1/datanode-5/data/containers] WARN  fs.CachingGetSpaceUsed (CachingGetSpaceUsed.java:run(183)) - Thread Interrupted waiting to refresh disk information: sleep interrupted
2019-09-26 20:21:40,773 [ForkJoinPool.commonPool-worker-0] INFO  utils.BackgroundService (BackgroundService.java:shutdown(148)) - Shutting down service BlockDeletingService
2019-09-26 20:21:40,779 [ForkJoinPool.commonPool-worker-0] INFO  statemachine.DatanodeStateMachine (DatanodeStateMachine.java:stopDaemon(395)) - Ozone container server stopped.
2019-09-26 20:21:40,785 [ForkJoinPool.commonPool-worker-0] INFO  handler.ContextHandler (ContextHandler.java:doStop(910)) - Stopped o.e.j.w.WebAppContext@3ba46e63{/,null,UNAVAILABLE}{/hddsDatanode}
2019-09-26 20:21:40,785 [ForkJoinPool.commonPool-worker-0] INFO  server.AbstractConnector (AbstractConnector.java:doStop(318)) - Stopped ServerConnector@788ddc1f{HTTP/1.1,[http/1.1]}{0.0.0.0:0}
2019-09-26 20:21:40,787 [main] INFO  utils.BackgroundService (BackgroundService.java:shutdown(148)) - Shutting down service BlockDeletingService
2019-09-26 20:21:40,787 [ForkJoinPool.commonPool-worker-0] INFO  handler.ContextHandler (ContextHandler.java:doStop(910)) - Stopped o.e.j.s.ServletContextHandler@75de6341{/static,jar:file:/home/user/.m2/repository/org/apache/hadoop/hadoop-hdds-container-service/0.5.0-SNAPSHOT/hadoop-hdds-container-service-0.5.0-SNAPSHOT.jar!/webapps/static,UNAVAILABLE}
2019-09-26 20:21:40,789 [ForkJoinPool.commonPool-worker-0] INFO  handler.ContextHandler (ContextHandler.java:doStop(910)) - Stopped o.e.j.s.ServletContextHandler@4f9a6c2d{/logs,file:///workdir/hadoop-ozone/integration-test/target/log,UNAVAILABLE}
2019-09-26 20:21:40,794 [main] INFO  statemachine.DatanodeStateMachine (DatanodeStateMachine.java:stopDaemon(395)) - Ozone container server stopped.
2019-09-26 20:21:40,795 [main] INFO  handler.ContextHandler (ContextHandler.java:doStop(910)) - Stopped o.e.j.w.WebAppContext@2975a9e{/,null,UNAVAILABLE}{/hddsDatanode}
2019-09-26 20:21:40,795 [main] INFO  server.AbstractConnector (AbstractConnector.java:doStop(318)) - Stopped ServerConnector@765ffb14{HTTP/1.1,[http/1.1]}{0.0.0.0:0}
2019-09-26 20:21:40,796 [main] INFO  handler.ContextHandler (ContextHandler.java:doStop(910)) - Stopped o.e.j.s.ServletContextHandler@1f53481b{/static,jar:file:/home/user/.m2/repository/org/apache/hadoop/hadoop-hdds-container-service/0.5.0-SNAPSHOT/hadoop-hdds-container-service-0.5.0-SNAPSHOT.jar!/webapps/static,UNAVAILABLE}
2019-09-26 20:21:40,796 [main] INFO  handler.ContextHandler (ContextHandler.java:doStop(910)) - Stopped o.e.j.s.ServletContextHandler@714f3da4{/logs,file:///workdir/hadoop-ozone/integration-test/target/log,UNAVAILABLE}
2019-09-26 20:21:41,244 [Datanode State Machine Thread - 0] INFO  statemachine.DatanodeStateMachine (DatanodeStateMachine.java:lambda$startDaemon$0(350)) - Ozone container server started.
2019-09-26 20:21:41,781 [Datanode State Machine Thread - 0] INFO  statemachine.DatanodeStateMachine (DatanodeStateMachine.java:lambda$startDaemon$0(350)) - Ozone container server started.
2019-09-26 20:21:42,358 [grpc-default-executor-4] WARN  server.GrpcLogAppender (LogUtils.java:warn(134)) - 1335ae9d-cf28-460b-8cef-3605e68fd742@group-5CFE9CCBA5A2->54d75f05-459a-41f1-a160-6bbdb25ca921-AppendLogResponseHandler: Failed appendEntries: org.apache.ratis.thirdparty.io.grpc.StatusRuntimeException: UNAVAILABLE: io exception
2019-09-26 20:21:42,358 [grpc-default-executor-6] WARN  server.GrpcLogAppender (LogUtils.java:warn(134)) - 1335ae9d-cf28-460b-8cef-3605e68fd742@group-5CFE9CCBA5A2->402982a9-fa7b-4360-bb6f-7bf73c96b049-AppendLogResponseHandler: Failed appendEntries: org.apache.ratis.thirdparty.io.grpc.StatusRuntimeException: UNAVAILABLE: io exception
2019-09-26 20:21:42,362 [grpc-default-executor-4] INFO  impl.FollowerInfo (FollowerInfo.java:lambda$new$0(51)) - 1335ae9d-cf28-460b-8cef-3605e68fd742@group-5CFE9CCBA5A2->54d75f05-459a-41f1-a160-6bbdb25ca921: nextIndex: updateUnconditionally 0 -> 0
2019-09-26 20:21:42,364 [grpc-default-executor-6] INFO  impl.FollowerInfo (FollowerInfo.java:lambda$new$0(51)) - 1335ae9d-cf28-460b-8cef-3605e68fd742@group-5CFE9CCBA5A2->402982a9-fa7b-4360-bb6f-7bf73c96b049: nextIndex: updateUnconditionally 0 -> 0
2019-09-26 20:21:44,858 [grpc-default-executor-9] WARN  server.GrpcLogAppender (LogUtils.java:warn(134)) - 1335ae9d-cf28-460b-8cef-3605e68fd742@group-5CFE9CCBA5A2->402982a9-fa7b-4360-bb6f-7bf73c96b049-AppendLogResponseHandler: Failed appendEntries: org.apache.ratis.thirdparty.io.grpc.StatusRuntimeException: UNAVAILABLE: io exception
2019-09-26 20:21:44,858 [grpc-default-executor-10] WARN  server.GrpcLogAppender (LogUtils.java:warn(134)) - 1335ae9d-cf28-460b-8cef-3605e68fd742@group-5CFE9CCBA5A2->54d75f05-459a-41f1-a160-6bbdb25ca921-AppendLogResponseHandler: Failed appendEntries: org.apache.ratis.thirdparty.io.grpc.StatusRuntimeException: UNAVAILABLE: io exception
2019-09-26 20:21:44,861 [grpc-default-executor-9] INFO  impl.FollowerInfo (FollowerInfo.java:lambda$new$0(51)) - 1335ae9d-cf28-460b-8cef-3605e68fd742@group-5CFE9CCBA5A2->402982a9-fa7b-4360-bb6f-7bf73c96b049: nextIndex: updateUnconditionally 0 -> 0
2019-09-26 20:21:44,863 [grpc-default-executor-10] INFO  impl.FollowerInfo (FollowerInfo.java:lambda$new$0(51)) - 1335ae9d-cf28-460b-8cef-3605e68fd742@group-5CFE9CCBA5A2->54d75f05-459a-41f1-a160-6bbdb25ca921: nextIndex: updateUnconditionally 0 -> 0
2019-09-26 20:21:45,795 [ForkJoinPool.commonPool-worker-0] INFO  ozoneimpl.OzoneContainer (OzoneContainer.java:stop(231)) - Attempting to stop container services.
2019-09-26 20:21:45,796 [ForkJoinPool.commonPool-worker-0] INFO  impl.RaftServerProxy (RaftServerProxy.java:lambda$close$4(314)) - 3425e4bc-5d6a-41bf-abca-b714524a84c8: close
2019-09-26 20:21:45,796 [ForkJoinPool.commonPool-worker-0] INFO  impl.RaftServerImpl (RaftServerImpl.java:lambda$shutdown$3(251)) - 3425e4bc-5d6a-41bf-abca-b714524a84c8@group-6844D0E0A9D2: shutdown
2019-09-26 20:21:45,796 [ForkJoinPool.commonPool-worker-0] INFO  util.JmxRegister (JmxRegister.java:unregister(73)) - Successfully un-registered JMX Bean with object name Ratis:service=RaftServer,group=group-6844D0E0A9D2,id=3425e4bc-5d6a-41bf-abca-b714524a84c8
2019-09-26 20:21:45,797 [ForkJoinPool.commonPool-worker-0] INFO  impl.RoleInfo (RoleInfo.java:shutdownLeaderState(104)) - 3425e4bc-5d6a-41bf-abca-b714524a84c8: shutdown LeaderState
2019-09-26 20:21:45,802 [ForkJoinPool.commonPool-worker-0] INFO  impl.PendingRequests (PendingRequests.java:sendNotLeaderResponses(202)) - 3425e4bc-5d6a-41bf-abca-b714524a84c8-PendingRequests: sendNotLeaderResponses
2019-09-26 20:21:45,802 [main] INFO  ozoneimpl.OzoneContainer (OzoneContainer.java:stop(231)) - Attempting to stop container services.
2019-09-26 20:21:45,803 [ForkJoinPool.commonPool-worker-0] INFO  impl.StateMachineUpdater (StateMachineUpdater.java:stopAndJoin(125)) - 3425e4bc-5d6a-41bf-abca-b714524a84c8@group-6844D0E0A9D2-StateMachineUpdater: set stopIndex = 0
2019-09-26 20:21:45,802 [org.apache.ratis.server.impl.LogAppender$AppenderDaemon$$Lambda$439/1679310385@3c78d5a8] WARN  server.GrpcLogAppender (GrpcLogAppender.java:mayWait(143)) - 3425e4bc-5d6a-41bf-abca-b714524a84c8@group-6844D0E0A9D2->dbc4c3a6-ca05-4f67-828a-4e6bc2bd7fa8-GrpcLogAppender: Wait interrupted by java.lang.InterruptedException
2019-09-26 20:21:45,802 [org.apache.ratis.server.impl.LogAppender$AppenderDaemon$$Lambda$439/1679310385@d05ec78] WARN  server.GrpcLogAppender (GrpcLogAppender.java:mayWait(143)) - 3425e4bc-5d6a-41bf-abca-b714524a84c8@group-6844D0E0A9D2->91aa48ae-f401-469d-b9d7-6f66a673a229-GrpcLogAppender: Wait interrupted by java.lang.InterruptedException
2019-09-26 20:21:45,803 [ForkJoinPool.commonPool-worker-0] INFO  impl.RaftServerImpl (ServerState.java:close(385)) - 3425e4bc-5d6a-41bf-abca-b714524a84c8@group-6844D0E0A9D2: closes. applyIndex: 0
2019-09-26 20:21:45,803 [main] INFO  impl.RaftServerProxy (RaftServerProxy.java:lambda$close$4(314)) - 56e6df74-335e-4e8f-9034-f9391d4bf622: close
2019-09-26 20:21:45,804 [3425e4bc-5d6a-41bf-abca-b714524a84c8@group-6844D0E0A9D2-SegmentedRaftLogWorker] INFO  segmented.SegmentedRaftLogWorker (SegmentedRaftLogWorker.java:run(313)) - 3425e4bc-5d6a-41bf-abca-b714524a84c8@group-6844D0E0A9D2-SegmentedRaftLogWorker was interrupted, exiting. There are 0 tasks remaining in the queue.
2019-09-26 20:21:45,804 [grpc-default-executor-10] INFO  server.GrpcServerProtocolService (GrpcServerProtocolService.java:onCompleted(113)) - dbc4c3a6-ca05-4f67-828a-4e6bc2bd7fa8: Completed APPEND_ENTRIES, lastRequest: 3425e4bc-5d6a-41bf-abca-b714524a84c8->dbc4c3a6-ca05-4f67-828a-4e6bc2bd7fa8#46-t1, previous=(t:1, i:0), leaderCommit=0, initializing? false, entries: <empty>
2019-09-26 20:21:45,804 [main] INFO  impl.RaftServerImpl (RaftServerImpl.java:lambda$shutdown$3(251)) - 56e6df74-335e-4e8f-9034-f9391d4bf622@group-B9BD004D2960: shutdown
2019-09-26 20:21:45,804 [grpc-default-executor-9] INFO  server.GrpcServerProtocolService (GrpcServerProtocolService.java:onCompleted(113)) - 91aa48ae-f401-469d-b9d7-6f66a673a229: Completed APPEND_ENTRIES, lastRequest: 3425e4bc-5d6a-41bf-abca-b714524a84c8->91aa48ae-f401-469d-b9d7-6f66a673a229#46-t1, previous=(t:1, i:0), leaderCommit=0, initializing? false, entries: <empty>
2019-09-26 20:21:45,809 [main] INFO  util.JmxRegister (JmxRegister.java:unregister(73)) - Successfully un-registered JMX Bean with object name Ratis:service=RaftServer,group=group-B9BD004D2960,id=56e6df74-335e-4e8f-9034-f9391d4bf622
2019-09-26 20:21:45,807 [ForkJoinPool.commonPool-worker-0] INFO  segmented.SegmentedRaftLogWorker (SegmentedRaftLogWorker.java:close(228)) - 3425e4bc-5d6a-41bf-abca-b714524a84c8@group-6844D0E0A9D2-SegmentedRaftLogWorker close()
2019-09-26 20:21:45,814 [grpc-default-executor-10] INFO  server.GrpcLogAppender (GrpcLogAppender.java:onCompleted(293)) - 3425e4bc-5d6a-41bf-abca-b714524a84c8@group-6844D0E0A9D2->dbc4c3a6-ca05-4f67-828a-4e6bc2bd7fa8-AppendLogResponseHandler: follower responses appendEntries COMPLETED
2019-09-26 20:21:45,814 [main] INFO  impl.RoleInfo (RoleInfo.java:shutdownFollowerState(121)) - 56e6df74-335e-4e8f-9034-f9391d4bf622: shutdown FollowerState
2019-09-26 20:21:45,823 [grpc-default-executor-9] INFO  server.GrpcLogAppender (GrpcLogAppender.java:onCompleted(293)) - 3425e4bc-5d6a-41bf-abca-b714524a84c8@group-6844D0E0A9D2->91aa48ae-f401-469d-b9d7-6f66a673a229-AppendLogResponseHandler: follower responses appendEntries COMPLETED
2019-09-26 20:21:45,820 [ForkJoinPool.commonPool-worker-0] INFO  impl.RaftServerImpl (RaftServerImpl.java:lambda$shutdown$3(251)) - 3425e4bc-5d6a-41bf-abca-b714524a84c8@group-BFE3DC93B48D: shutdown
2019-09-26 20:21:45,824 [grpc-default-executor-10] INFO  impl.FollowerInfo (FollowerInfo.java:lambda$new$0(51)) - 3425e4bc-5d6a-41bf-abca-b714524a84c8@group-6844D0E0A9D2->dbc4c3a6-ca05-4f67-828a-4e6bc2bd7fa8: nextIndex: updateUnconditionally 1 -> 0
2019-09-26 20:21:45,824 [Thread-375] INFO  impl.FollowerState (FollowerState.java:run(115)) - 56e6df74-335e-4e8f-9034-f9391d4bf622: FollowerState was interrupted: java.lang.InterruptedException: sleep interrupted
2019-09-26 20:21:45,823 [main] INFO  impl.StateMachineUpdater (StateMachineUpdater.java:stopAndJoin(125)) - 56e6df74-335e-4e8f-9034-f9391d4bf622@group-B9BD004D2960-StateMachineUpdater: set stopIndex = 0
2019-09-26 20:21:45,827 [main] INFO  impl.RaftServerImpl (ServerState.java:close(385)) - 56e6df74-335e-4e8f-9034-f9391d4bf622@group-B9BD004D2960: closes. applyIndex: 0
2019-09-26 20:21:45,826 [grpc-default-executor-9] INFO  impl.FollowerInfo (FollowerInfo.java:lambda$new$0(51)) - 3425e4bc-5d6a-41bf-abca-b714524a84c8@group-6844D0E0A9D2->91aa48ae-f401-469d-b9d7-6f66a673a229: nextIndex: updateUnconditionally 1 -> 0
2019-09-26 20:21:45,826 [ForkJoinPool.commonPool-worker-0] INFO  util.JmxRegister (JmxRegister.java:unregister(73)) - Successfully un-registered JMX Bean with object name Ratis:service=RaftServer,group=group-BFE3DC93B48D,id=3425e4bc-5d6a-41bf-abca-b714524a84c8
2019-09-26 20:21:45,827 [56e6df74-335e-4e8f-9034-f9391d4bf622@group-B9BD004D2960-SegmentedRaftLogWorker] INFO  segmented.SegmentedRaftLogWorker (SegmentedRaftLogWorker.java:run(313)) - 56e6df74-335e-4e8f-9034-f9391d4bf622@group-B9BD004D2960-SegmentedRaftLogWorker was interrupted, exiting. There are 0 tasks remaining in the queue.
2019-09-26 20:21:45,828 [ForkJoinPool.commonPool-worker-0] INFO  impl.RoleInfo (RoleInfo.java:shutdownLeaderState(104)) - 3425e4bc-5d6a-41bf-abca-b714524a84c8: shutdown LeaderState
2019-09-26 20:21:45,830 [main] INFO  segmented.SegmentedRaftLogWorker (SegmentedRaftLogWorker.java:close(228)) - 56e6df74-335e-4e8f-9034-f9391d4bf622@group-B9BD004D2960-SegmentedRaftLogWorker close()
2019-09-26 20:21:45,830 [ForkJoinPool.commonPool-worker-0] INFO  impl.PendingRequests (PendingRequests.java:sendNotLeaderResponses(202)) - 3425e4bc-5d6a-41bf-abca-b714524a84c8-PendingRequests: sendNotLeaderResponses
2019-09-26 20:21:45,834 [main] INFO  impl.RaftServerImpl (RaftServerImpl.java:lambda$shutdown$3(251)) - 56e6df74-335e-4e8f-9034-f9391d4bf622@group-A82F8639F2F4: shutdown
2019-09-26 20:21:45,834 [ForkJoinPool.commonPool-worker-0] INFO  impl.StateMachineUpdater (StateMachineUpdater.java:stopAndJoin(125)) - 3425e4bc-5d6a-41bf-abca-b714524a84c8@group-BFE3DC93B48D-StateMachineUpdater: set stopIndex = 0
2019-09-26 20:21:45,835 [main] INFO  util.JmxRegister (JmxRegister.java:unregister(73)) - Successfully un-registered JMX Bean with object name Ratis:service=RaftServer,group=group-A82F8639F2F4,id=56e6df74-335e-4e8f-9034-f9391d4bf622
2019-09-26 20:21:45,835 [ForkJoinPool.commonPool-worker-0] INFO  impl.RaftServerImpl (ServerState.java:close(385)) - 3425e4bc-5d6a-41bf-abca-b714524a84c8@group-BFE3DC93B48D: closes. applyIndex: 0
2019-09-26 20:21:45,835 [main] INFO  impl.RoleInfo (RoleInfo.java:shutdownLeaderState(104)) - 56e6df74-335e-4e8f-9034-f9391d4bf622: shutdown LeaderState
2019-09-26 20:21:45,836 [3425e4bc-5d6a-41bf-abca-b714524a84c8@group-BFE3DC93B48D-SegmentedRaftLogWorker] INFO  segmented.SegmentedRaftLogWorker (SegmentedRaftLogWorker.java:run(313)) - 3425e4bc-5d6a-41bf-abca-b714524a84c8@group-BFE3DC93B48D-SegmentedRaftLogWorker was interrupted, exiting. There are 0 tasks remaining in the queue.
2019-09-26 20:21:45,836 [main] INFO  impl.PendingRequests (PendingRequests.java:sendNotLeaderResponses(202)) - 56e6df74-335e-4e8f-9034-f9391d4bf622-PendingRequests: sendNotLeaderResponses
2019-09-26 20:21:45,838 [ForkJoinPool.commonPool-worker-0] INFO  segmented.SegmentedRaftLogWorker (SegmentedRaftLogWorker.java:close(228)) - 3425e4bc-5d6a-41bf-abca-b714524a84c8@group-BFE3DC93B48D-SegmentedRaftLogWorker close()
2019-09-26 20:21:45,838 [main] INFO  impl.StateMachineUpdater (StateMachineUpdater.java:stopAndJoin(125)) - 56e6df74-335e-4e8f-9034-f9391d4bf622@group-A82F8639F2F4-StateMachineUpdater: set stopIndex = 0
2019-09-26 20:21:45,842 [ForkJoinPool.commonPool-worker-0] INFO  server.GrpcService (GrpcService.java:closeImpl(164)) - 3425e4bc-5d6a-41bf-abca-b714524a84c8: shutdown server with port 32871 now
2019-09-26 20:21:45,842 [main] INFO  impl.RaftServerImpl (ServerState.java:close(385)) - 56e6df74-335e-4e8f-9034-f9391d4bf622@group-A82F8639F2F4: closes. applyIndex: 0
2019-09-26 20:21:45,843 [56e6df74-335e-4e8f-9034-f9391d4bf622@group-A82F8639F2F4-SegmentedRaftLogWorker] INFO  segmented.SegmentedRaftLogWorker (SegmentedRaftLogWorker.java:run(313)) - 56e6df74-335e-4e8f-9034-f9391d4bf622@group-A82F8639F2F4-SegmentedRaftLogWorker was interrupted, exiting. There are 0 tasks remaining in the queue.
2019-09-26 20:21:45,845 [ForkJoinPool.commonPool-worker-0] INFO  server.GrpcService (GrpcService.java:closeImpl(172)) - 3425e4bc-5d6a-41bf-abca-b714524a84c8: shutdown server with port 32871 successfully
2019-09-26 20:21:45,845 [main] INFO  segmented.SegmentedRaftLogWorker (SegmentedRaftLogWorker.java:close(228)) - 56e6df74-335e-4e8f-9034-f9391d4bf622@group-A82F8639F2F4-SegmentedRaftLogWorker close()
2019-09-26 20:21:45,851 [main] INFO  server.GrpcService (GrpcService.java:closeImpl(164)) - 56e6df74-335e-4e8f-9034-f9391d4bf622: shutdown server with port 35113 now
2019-09-26 20:21:45,853 [refreshUsed-/workdir/hadoop-ozone/integration-test/target/test-dir/MiniOzoneClusterImpl-81f3f93b-507a-4e54-bca6-ef1d0617e8f1/datanode-3/data/containers] WARN  fs.CachingGetSpaceUsed (CachingGetSpaceUsed.java:run(183)) - Thread Interrupted waiting to refresh disk information: sleep interrupted
2019-09-26 20:21:45,854 [main] INFO  server.GrpcService (GrpcService.java:closeImpl(172)) - 56e6df74-335e-4e8f-9034-f9391d4bf622: shutdown server with port 35113 successfully
2019-09-26 20:21:45,854 [grpc-default-executor-3] WARN  server.GrpcLogAppender (LogUtils.java:warn(134)) - 9612ee1f-db1c-4468-80df-d82c84da7864@group-B9BD004D2960->56e6df74-335e-4e8f-9034-f9391d4bf622-AppendLogResponseHandler: Failed appendEntries: org.apache.ratis.thirdparty.io.grpc.StatusRuntimeException: CANCELLED: HTTP/2 error code: CANCEL
Received Rst Stream
2019-09-26 20:21:45,854 [grpc-default-executor-10] WARN  server.GrpcServerProtocolService (LogUtils.java:warn(134)) - 56e6df74-335e-4e8f-9034-f9391d4bf622: installSnapshot onError, lastRequest: 9612ee1f-db1c-4468-80df-d82c84da7864->56e6df74-335e-4e8f-9034-f9391d4bf622#46-t1, previous=(t:1, i:0), leaderCommit=0, initializing? false, entries: <empty>: org.apache.ratis.thirdparty.io.grpc.StatusRuntimeException: CANCELLED: cancelled before receiving half close
2019-09-26 20:21:45,856 [grpc-default-executor-3] INFO  impl.FollowerInfo (FollowerInfo.java:lambda$new$0(51)) - 9612ee1f-db1c-4468-80df-d82c84da7864@group-B9BD004D2960->56e6df74-335e-4e8f-9034-f9391d4bf622: nextIndex: updateUnconditionally 1 -> 0
2019-09-26 20:21:45,859 [refreshUsed-/workdir/hadoop-ozone/integration-test/target/test-dir/MiniOzoneClusterImpl-81f3f93b-507a-4e54-bca6-ef1d0617e8f1/datanode-6/data/containers] WARN  fs.CachingGetSpaceUsed (CachingGetSpaceUsed.java:run(183)) - Thread Interrupted waiting to refresh disk information: sleep interrupted
2019-09-26 20:21:45,872 [ForkJoinPool.commonPool-worker-0] INFO  utils.BackgroundService (BackgroundService.java:shutdown(148)) - Shutting down service BlockDeletingService
2019-09-26 20:21:45,878 [ForkJoinPool.commonPool-worker-0] INFO  statemachine.DatanodeStateMachine (DatanodeStateMachine.java:stopDaemon(395)) - Ozone container server stopped.
2019-09-26 20:21:45,883 [ForkJoinPool.commonPool-worker-0] INFO  handler.ContextHandler (ContextHandler.java:doStop(910)) - Stopped o.e.j.w.WebAppContext@984169e{/,null,UNAVAILABLE}{/hddsDatanode}
2019-09-26 20:21:45,883 [ForkJoinPool.commonPool-worker-0] INFO  server.AbstractConnector (AbstractConnector.java:doStop(318)) - Stopped ServerConnector@43f1bb92{HTTP/1.1,[http/1.1]}{0.0.0.0:0}
2019-09-26 20:21:45,885 [ForkJoinPool.commonPool-worker-0] INFO  handler.ContextHandler (ContextHandler.java:doStop(910)) - Stopped o.e.j.s.ServletContextHandler@574a89e2{/static,jar:file:/home/user/.m2/repository/org/apache/hadoop/hadoop-hdds-container-service/0.5.0-SNAPSHOT/hadoop-hdds-container-service-0.5.0-SNAPSHOT.jar!/webapps/static,UNAVAILABLE}
2019-09-26 20:21:45,887 [ForkJoinPool.commonPool-worker-0] INFO  handler.ContextHandler (ContextHandler.java:doStop(910)) - Stopped o.e.j.s.ServletContextHandler@753aca85{/logs,file:///workdir/hadoop-ozone/integration-test/target/log,UNAVAILABLE}
2019-09-26 20:21:45,890 [main] INFO  utils.BackgroundService (BackgroundService.java:shutdown(148)) - Shutting down service BlockDeletingService
2019-09-26 20:21:45,894 [main] INFO  statemachine.DatanodeStateMachine (DatanodeStateMachine.java:stopDaemon(395)) - Ozone container server stopped.
2019-09-26 20:21:45,895 [main] INFO  handler.ContextHandler (ContextHandler.java:doStop(910)) - Stopped o.e.j.w.WebAppContext@71c17a57{/,null,UNAVAILABLE}{/hddsDatanode}
2019-09-26 20:21:45,895 [main] INFO  server.AbstractConnector (AbstractConnector.java:doStop(318)) - Stopped ServerConnector@640ab13c{HTTP/1.1,[http/1.1]}{0.0.0.0:0}
2019-09-26 20:21:45,896 [main] INFO  handler.ContextHandler (ContextHandler.java:doStop(910)) - Stopped o.e.j.s.ServletContextHandler@f88bfbe{/static,jar:file:/home/user/.m2/repository/org/apache/hadoop/hadoop-hdds-container-service/0.5.0-SNAPSHOT/hadoop-hdds-container-service-0.5.0-SNAPSHOT.jar!/webapps/static,UNAVAILABLE}
2019-09-26 20:21:45,896 [main] INFO  handler.ContextHandler (ContextHandler.java:doStop(910)) - Stopped o.e.j.s.ServletContextHandler@3af7d855{/logs,file:///workdir/hadoop-ozone/integration-test/target/log,UNAVAILABLE}
2019-09-26 20:21:46,268 [Datanode State Machine Thread - 0] INFO  statemachine.DatanodeStateMachine (DatanodeStateMachine.java:lambda$startDaemon$0(350)) - Ozone container server started.
2019-09-26 20:21:46,831 [Datanode State Machine Thread - 0] INFO  statemachine.DatanodeStateMachine (DatanodeStateMachine.java:lambda$startDaemon$0(350)) - Ozone container server started.
2019-09-26 20:21:47,185 [grpc-default-executor-6] WARN  server.GrpcLogAppender (LogUtils.java:warn(134)) - 9612ee1f-db1c-4468-80df-d82c84da7864@group-B9BD004D2960->56e6df74-335e-4e8f-9034-f9391d4bf622-AppendLogResponseHandler: Failed appendEntries: org.apache.ratis.thirdparty.io.grpc.StatusRuntimeException: UNAVAILABLE: io exception
2019-09-26 20:21:47,188 [grpc-default-executor-6] INFO  impl.FollowerInfo (FollowerInfo.java:lambda$new$0(51)) - 9612ee1f-db1c-4468-80df-d82c84da7864@group-B9BD004D2960->56e6df74-335e-4e8f-9034-f9391d4bf622: nextIndex: updateUnconditionally 0 -> 0
2019-09-26 20:21:47,361 [grpc-default-executor-4] WARN  server.GrpcLogAppender (LogUtils.java:warn(134)) - 1335ae9d-cf28-460b-8cef-3605e68fd742@group-5CFE9CCBA5A2->54d75f05-459a-41f1-a160-6bbdb25ca921-AppendLogResponseHandler: Failed appendEntries: org.apache.ratis.thirdparty.io.grpc.StatusRuntimeException: UNAVAILABLE: io exception
2019-09-26 20:21:47,361 [grpc-default-executor-8] WARN  server.GrpcLogAppender (LogUtils.java:warn(134)) - 1335ae9d-cf28-460b-8cef-3605e68fd742@group-5CFE9CCBA5A2->402982a9-fa7b-4360-bb6f-7bf73c96b049-AppendLogResponseHandler: Failed appendEntries: org.apache.ratis.thirdparty.io.grpc.StatusRuntimeException: UNAVAILABLE: io exception
2019-09-26 20:21:47,365 [grpc-default-executor-4] INFO  impl.FollowerInfo (FollowerInfo.java:lambda$new$0(51)) - 1335ae9d-cf28-460b-8cef-3605e68fd742@group-5CFE9CCBA5A2->54d75f05-459a-41f1-a160-6bbdb25ca921: nextIndex: updateUnconditionally 0 -> 0
2019-09-26 20:21:47,365 [grpc-default-executor-8] INFO  impl.FollowerInfo (FollowerInfo.java:lambda$new$0(51)) - 1335ae9d-cf28-460b-8cef-3605e68fd742@group-5CFE9CCBA5A2->402982a9-fa7b-4360-bb6f-7bf73c96b049: nextIndex: updateUnconditionally 0 -> 0
2019-09-26 20:21:49,690 [grpc-default-executor-10] WARN  server.GrpcLogAppender (LogUtils.java:warn(134)) - 9612ee1f-db1c-4468-80df-d82c84da7864@group-B9BD004D2960->56e6df74-335e-4e8f-9034-f9391d4bf622-AppendLogResponseHandler: Failed appendEntries: org.apache.ratis.thirdparty.io.grpc.StatusRuntimeException: UNAVAILABLE: io exception
2019-09-26 20:21:49,693 [grpc-default-executor-10] INFO  impl.FollowerInfo (FollowerInfo.java:lambda$new$0(51)) - 9612ee1f-db1c-4468-80df-d82c84da7864@group-B9BD004D2960->56e6df74-335e-4e8f-9034-f9391d4bf622: nextIndex: updateUnconditionally 0 -> 0
2019-09-26 20:21:49,867 [grpc-default-executor-10] WARN  server.GrpcLogAppender (LogUtils.java:warn(134)) - 1335ae9d-cf28-460b-8cef-3605e68fd742@group-5CFE9CCBA5A2->54d75f05-459a-41f1-a160-6bbdb25ca921-AppendLogResponseHandler: Failed appendEntries: org.apache.ratis.thirdparty.io.grpc.StatusRuntimeException: UNAVAILABLE: io exception
2019-09-26 20:21:49,867 [grpc-default-executor-8] WARN  server.GrpcLogAppender (LogUtils.java:warn(134)) - 1335ae9d-cf28-460b-8cef-3605e68fd742@group-5CFE9CCBA5A2->402982a9-fa7b-4360-bb6f-7bf73c96b049-AppendLogResponseHandler: Failed appendEntries: org.apache.ratis.thirdparty.io.grpc.StatusRuntimeException: UNAVAILABLE: io exception
2019-09-26 20:21:49,871 [grpc-default-executor-10] INFO  impl.FollowerInfo (FollowerInfo.java:lambda$new$0(51)) - 1335ae9d-cf28-460b-8cef-3605e68fd742@group-5CFE9CCBA5A2->54d75f05-459a-41f1-a160-6bbdb25ca921: nextIndex: updateUnconditionally 0 -> 0
2019-09-26 20:21:49,874 [grpc-default-executor-8] INFO  impl.FollowerInfo (FollowerInfo.java:lambda$new$0(51)) - 1335ae9d-cf28-460b-8cef-3605e68fd742@group-5CFE9CCBA5A2->402982a9-fa7b-4360-bb6f-7bf73c96b049: nextIndex: updateUnconditionally 0 -> 0
2019-09-26 20:21:50,889 [ForkJoinPool.commonPool-worker-0] INFO  ozoneimpl.OzoneContainer (OzoneContainer.java:stop(231)) - Attempting to stop container services.
2019-09-26 20:21:50,889 [ForkJoinPool.commonPool-worker-0] INFO  impl.RaftServerProxy (RaftServerProxy.java:lambda$close$4(314)) - dbc4c3a6-ca05-4f67-828a-4e6bc2bd7fa8: close
2019-09-26 20:21:50,890 [ForkJoinPool.commonPool-worker-0] INFO  impl.RaftServerImpl (RaftServerImpl.java:lambda$shutdown$3(251)) - dbc4c3a6-ca05-4f67-828a-4e6bc2bd7fa8@group-6844D0E0A9D2: shutdown
2019-09-26 20:21:50,890 [ForkJoinPool.commonPool-worker-0] INFO  util.JmxRegister (JmxRegister.java:unregister(73)) - Successfully un-registered JMX Bean with object name Ratis:service=RaftServer,group=group-6844D0E0A9D2,id=dbc4c3a6-ca05-4f67-828a-4e6bc2bd7fa8
2019-09-26 20:21:50,890 [ForkJoinPool.commonPool-worker-0] INFO  impl.RoleInfo (RoleInfo.java:shutdownFollowerState(121)) - dbc4c3a6-ca05-4f67-828a-4e6bc2bd7fa8: shutdown FollowerState
2019-09-26 20:21:50,891 [ForkJoinPool.commonPool-worker-0] INFO  impl.StateMachineUpdater (StateMachineUpdater.java:stopAndJoin(125)) - dbc4c3a6-ca05-4f67-828a-4e6bc2bd7fa8@group-6844D0E0A9D2-StateMachineUpdater: set stopIndex = 0
2019-09-26 20:21:50,891 [Thread-373] INFO  impl.FollowerState (FollowerState.java:run(115)) - dbc4c3a6-ca05-4f67-828a-4e6bc2bd7fa8: FollowerState was interrupted: java.lang.InterruptedException: sleep interrupted
2019-09-26 20:21:50,891 [ForkJoinPool.commonPool-worker-0] INFO  impl.RaftServerImpl (ServerState.java:close(385)) - dbc4c3a6-ca05-4f67-828a-4e6bc2bd7fa8@group-6844D0E0A9D2: closes. applyIndex: 0
2019-09-26 20:21:50,892 [dbc4c3a6-ca05-4f67-828a-4e6bc2bd7fa8@group-6844D0E0A9D2-SegmentedRaftLogWorker] INFO  segmented.SegmentedRaftLogWorker (SegmentedRaftLogWorker.java:run(313)) - dbc4c3a6-ca05-4f67-828a-4e6bc2bd7fa8@group-6844D0E0A9D2-SegmentedRaftLogWorker was interrupted, exiting. There are 0 tasks remaining in the queue.
2019-09-26 20:21:50,895 [ForkJoinPool.commonPool-worker-0] INFO  segmented.SegmentedRaftLogWorker (SegmentedRaftLogWorker.java:close(228)) - dbc4c3a6-ca05-4f67-828a-4e6bc2bd7fa8@group-6844D0E0A9D2-SegmentedRaftLogWorker close()
2019-09-26 20:21:50,899 [ForkJoinPool.commonPool-worker-0] INFO  impl.RaftServerImpl (RaftServerImpl.java:lambda$shutdown$3(251)) - dbc4c3a6-ca05-4f67-828a-4e6bc2bd7fa8@group-C4BABAA83289: shutdown
2019-09-26 20:21:50,899 [main] INFO  ozoneimpl.OzoneContainer (OzoneContainer.java:stop(231)) - Attempting to stop container services.
2019-09-26 20:21:50,899 [ForkJoinPool.commonPool-worker-0] INFO  util.JmxRegister (JmxRegister.java:unregister(73)) - Successfully un-registered JMX Bean with object name Ratis:service=RaftServer,group=group-C4BABAA83289,id=dbc4c3a6-ca05-4f67-828a-4e6bc2bd7fa8
2019-09-26 20:21:50,900 [main] INFO  impl.RaftServerProxy (RaftServerProxy.java:lambda$close$4(314)) - 91aa48ae-f401-469d-b9d7-6f66a673a229: close
2019-09-26 20:21:50,900 [ForkJoinPool.commonPool-worker-0] INFO  impl.RoleInfo (RoleInfo.java:shutdownLeaderState(104)) - dbc4c3a6-ca05-4f67-828a-4e6bc2bd7fa8: shutdown LeaderState
2019-09-26 20:21:50,901 [main] INFO  impl.RaftServerImpl (RaftServerImpl.java:lambda$shutdown$3(251)) - 91aa48ae-f401-469d-b9d7-6f66a673a229@group-6844D0E0A9D2: shutdown
2019-09-26 20:21:50,901 [ForkJoinPool.commonPool-worker-0] INFO  impl.PendingRequests (PendingRequests.java:sendNotLeaderResponses(202)) - dbc4c3a6-ca05-4f67-828a-4e6bc2bd7fa8-PendingRequests: sendNotLeaderResponses
2019-09-26 20:21:50,901 [main] INFO  util.JmxRegister (JmxRegister.java:unregister(73)) - Successfully un-registered JMX Bean with object name Ratis:service=RaftServer,group=group-6844D0E0A9D2,id=91aa48ae-f401-469d-b9d7-6f66a673a229
2019-09-26 20:21:50,902 [ForkJoinPool.commonPool-worker-0] INFO  impl.StateMachineUpdater (StateMachineUpdater.java:stopAndJoin(125)) - dbc4c3a6-ca05-4f67-828a-4e6bc2bd7fa8@group-C4BABAA83289-StateMachineUpdater: set stopIndex = 0
2019-09-26 20:21:50,902 [main] INFO  impl.RoleInfo (RoleInfo.java:shutdownFollowerState(121)) - 91aa48ae-f401-469d-b9d7-6f66a673a229: shutdown FollowerState
2019-09-26 20:21:50,902 [ForkJoinPool.commonPool-worker-0] INFO  impl.RaftServerImpl (ServerState.java:close(385)) - dbc4c3a6-ca05-4f67-828a-4e6bc2bd7fa8@group-C4BABAA83289: closes. applyIndex: 0
2019-09-26 20:21:50,903 [Thread-370] INFO  impl.FollowerState (FollowerState.java:run(115)) - 91aa48ae-f401-469d-b9d7-6f66a673a229: FollowerState was interrupted: java.lang.InterruptedException: sleep interrupted
2019-09-26 20:21:50,902 [main] INFO  impl.StateMachineUpdater (StateMachineUpdater.java:stopAndJoin(125)) - 91aa48ae-f401-469d-b9d7-6f66a673a229@group-6844D0E0A9D2-StateMachineUpdater: set stopIndex = 0
2019-09-26 20:21:50,903 [dbc4c3a6-ca05-4f67-828a-4e6bc2bd7fa8@group-C4BABAA83289-SegmentedRaftLogWorker] INFO  segmented.SegmentedRaftLogWorker (SegmentedRaftLogWorker.java:run(313)) - dbc4c3a6-ca05-4f67-828a-4e6bc2bd7fa8@group-C4BABAA83289-SegmentedRaftLogWorker was interrupted, exiting. There are 0 tasks remaining in the queue.
2019-09-26 20:21:50,903 [main] INFO  impl.RaftServerImpl (ServerState.java:close(385)) - 91aa48ae-f401-469d-b9d7-6f66a673a229@group-6844D0E0A9D2: closes. applyIndex: 0
2019-09-26 20:21:50,905 [ForkJoinPool.commonPool-worker-0] INFO  segmented.SegmentedRaftLogWorker (SegmentedRaftLogWorker.java:close(228)) - dbc4c3a6-ca05-4f67-828a-4e6bc2bd7fa8@group-C4BABAA83289-SegmentedRaftLogWorker close()
2019-09-26 20:21:50,905 [91aa48ae-f401-469d-b9d7-6f66a673a229@group-6844D0E0A9D2-SegmentedRaftLogWorker] INFO  segmented.SegmentedRaftLogWorker (SegmentedRaftLogWorker.java:run(313)) - 91aa48ae-f401-469d-b9d7-6f66a673a229@group-6844D0E0A9D2-SegmentedRaftLogWorker was interrupted, exiting. There are 0 tasks remaining in the queue.
2019-09-26 20:21:50,918 [ForkJoinPool.commonPool-worker-0] INFO  server.GrpcService (GrpcService.java:closeImpl(164)) - dbc4c3a6-ca05-4f67-828a-4e6bc2bd7fa8: shutdown server with port 41384 now
2019-09-26 20:21:50,918 [main] INFO  segmented.SegmentedRaftLogWorker (SegmentedRaftLogWorker.java:close(228)) - 91aa48ae-f401-469d-b9d7-6f66a673a229@group-6844D0E0A9D2-SegmentedRaftLogWorker close()
2019-09-26 20:21:50,926 [ForkJoinPool.commonPool-worker-0] INFO  server.GrpcService (GrpcService.java:closeImpl(172)) - dbc4c3a6-ca05-4f67-828a-4e6bc2bd7fa8: shutdown server with port 41384 successfully
2019-09-26 20:21:50,928 [main] INFO  impl.RaftServerImpl (RaftServerImpl.java:lambda$shutdown$3(251)) - 91aa48ae-f401-469d-b9d7-6f66a673a229@group-A5C649BCAAC1: shutdown
2019-09-26 20:21:50,929 [main] INFO  util.JmxRegister (JmxRegister.java:unregister(73)) - Successfully un-registered JMX Bean with object name Ratis:service=RaftServer,group=group-A5C649BCAAC1,id=91aa48ae-f401-469d-b9d7-6f66a673a229
2019-09-26 20:21:50,929 [main] INFO  impl.RoleInfo (RoleInfo.java:shutdownLeaderState(104)) - 91aa48ae-f401-469d-b9d7-6f66a673a229: shutdown LeaderState
2019-09-26 20:21:50,930 [main] INFO  impl.PendingRequests (PendingRequests.java:sendNotLeaderResponses(202)) - 91aa48ae-f401-469d-b9d7-6f66a673a229-PendingRequests: sendNotLeaderResponses
2019-09-26 20:21:50,930 [main] INFO  impl.StateMachineUpdater (StateMachineUpdater.java:stopAndJoin(125)) - 91aa48ae-f401-469d-b9d7-6f66a673a229@group-A5C649BCAAC1-StateMachineUpdater: set stopIndex = 0
2019-09-26 20:21:50,931 [main] INFO  impl.RaftServerImpl (ServerState.java:close(385)) - 91aa48ae-f401-469d-b9d7-6f66a673a229@group-A5C649BCAAC1: closes. applyIndex: 0
2019-09-26 20:21:50,931 [91aa48ae-f401-469d-b9d7-6f66a673a229@group-A5C649BCAAC1-SegmentedRaftLogWorker] INFO  segmented.SegmentedRaftLogWorker (SegmentedRaftLogWorker.java:run(313)) - 91aa48ae-f401-469d-b9d7-6f66a673a229@group-A5C649BCAAC1-SegmentedRaftLogWorker was interrupted, exiting. There are 0 tasks remaining in the queue.
2019-09-26 20:21:50,932 [main] INFO  segmented.SegmentedRaftLogWorker (SegmentedRaftLogWorker.java:close(228)) - 91aa48ae-f401-469d-b9d7-6f66a673a229@group-A5C649BCAAC1-SegmentedRaftLogWorker close()
2019-09-26 20:21:50,934 [main] INFO  server.GrpcService (GrpcService.java:closeImpl(164)) - 91aa48ae-f401-469d-b9d7-6f66a673a229: shutdown server with port 34036 now
2019-09-26 20:21:50,934 [main] INFO  server.GrpcService (GrpcService.java:closeImpl(172)) - 91aa48ae-f401-469d-b9d7-6f66a673a229: shutdown server with port 34036 successfully
2019-09-26 20:21:50,937 [refreshUsed-/workdir/hadoop-ozone/integration-test/target/test-dir/MiniOzoneClusterImpl-81f3f93b-507a-4e54-bca6-ef1d0617e8f1/datanode-8/data/containers] WARN  fs.CachingGetSpaceUsed (CachingGetSpaceUsed.java:run(183)) - Thread Interrupted waiting to refresh disk information: sleep interrupted
2019-09-26 20:21:50,943 [refreshUsed-/workdir/hadoop-ozone/integration-test/target/test-dir/MiniOzoneClusterImpl-81f3f93b-507a-4e54-bca6-ef1d0617e8f1/datanode-4/data/containers] WARN  fs.CachingGetSpaceUsed (CachingGetSpaceUsed.java:run(183)) - Thread Interrupted waiting to refresh disk information: sleep interrupted
2019-09-26 20:21:50,961 [main] INFO  utils.BackgroundService (BackgroundService.java:shutdown(148)) - Shutting down service BlockDeletingService
2019-09-26 20:21:50,966 [main] INFO  statemachine.DatanodeStateMachine (DatanodeStateMachine.java:stopDaemon(395)) - Ozone container server stopped.
2019-09-26 20:21:50,967 [main] INFO  handler.ContextHandler (ContextHandler.java:doStop(910)) - Stopped o.e.j.w.WebAppContext@4e682398{/,null,UNAVAILABLE}{/hddsDatanode}
2019-09-26 20:21:50,968 [main] INFO  server.AbstractConnector (AbstractConnector.java:doStop(318)) - Stopped ServerConnector@670b3ca{HTTP/1.1,[http/1.1]}{0.0.0.0:0}
2019-09-26 20:21:50,968 [main] INFO  handler.ContextHandler (ContextHandler.java:doStop(910)) - Stopped o.e.j.s.ServletContextHandler@2a367e93{/static,jar:file:/home/user/.m2/repository/org/apache/hadoop/hadoop-hdds-container-service/0.5.0-SNAPSHOT/hadoop-hdds-container-service-0.5.0-SNAPSHOT.jar!/webapps/static,UNAVAILABLE}
2019-09-26 20:21:50,968 [main] INFO  handler.ContextHandler (ContextHandler.java:doStop(910)) - Stopped o.e.j.s.ServletContextHandler@75120e58{/logs,file:///workdir/hadoop-ozone/integration-test/target/log,UNAVAILABLE}
2019-09-26 20:21:50,969 [ForkJoinPool.commonPool-worker-0] INFO  utils.BackgroundService (BackgroundService.java:shutdown(148)) - Shutting down service BlockDeletingService
2019-09-26 20:21:50,973 [ForkJoinPool.commonPool-worker-0] INFO  statemachine.DatanodeStateMachine (DatanodeStateMachine.java:stopDaemon(395)) - Ozone container server stopped.
2019-09-26 20:21:50,977 [ForkJoinPool.commonPool-worker-0] INFO  handler.ContextHandler (ContextHandler.java:doStop(910)) - Stopped o.e.j.w.WebAppContext@6d5c2745{/,null,UNAVAILABLE}{/hddsDatanode}
2019-09-26 20:21:50,978 [ForkJoinPool.commonPool-worker-0] INFO  server.AbstractConnector (AbstractConnector.java:doStop(318)) - Stopped ServerConnector@44b29496{HTTP/1.1,[http/1.1]}{0.0.0.0:0}
2019-09-26 20:21:50,979 [ForkJoinPool.commonPool-worker-0] INFO  handler.ContextHandler (ContextHandler.java:doStop(910)) - Stopped o.e.j.s.ServletContextHandler@1a96d94c{/static,jar:file:/home/user/.m2/repository/org/apache/hadoop/hadoop-hdds-container-service/0.5.0-SNAPSHOT/hadoop-hdds-container-service-0.5.0-SNAPSHOT.jar!/webapps/static,UNAVAILABLE}
2019-09-26 20:21:50,980 [ForkJoinPool.commonPool-worker-0] INFO  handler.ContextHandler (ContextHandler.java:doStop(910)) - Stopped o.e.j.s.ServletContextHandler@544e8149{/logs,file:///workdir/hadoop-ozone/integration-test/target/log,UNAVAILABLE}
2019-09-26 20:21:51,265 [Datanode State Machine Thread - 0] INFO  statemachine.DatanodeStateMachine (DatanodeStateMachine.java:lambda$startDaemon$0(350)) - Ozone container server started.
2019-09-26 20:21:51,566 [Datanode State Machine Thread - 0] INFO  statemachine.DatanodeStateMachine (DatanodeStateMachine.java:lambda$startDaemon$0(350)) - Ozone container server started.
2019-09-26 20:21:52,193 [grpc-default-executor-4] WARN  server.GrpcLogAppender (LogUtils.java:warn(134)) - 9612ee1f-db1c-4468-80df-d82c84da7864@group-B9BD004D2960->56e6df74-335e-4e8f-9034-f9391d4bf622-AppendLogResponseHandler: Failed appendEntries: org.apache.ratis.thirdparty.io.grpc.StatusRuntimeException: UNAVAILABLE: io exception
2019-09-26 20:21:52,195 [grpc-default-executor-4] INFO  impl.FollowerInfo (FollowerInfo.java:lambda$new$0(51)) - 9612ee1f-db1c-4468-80df-d82c84da7864@group-B9BD004D2960->56e6df74-335e-4e8f-9034-f9391d4bf622: nextIndex: updateUnconditionally 0 -> 0
2019-09-26 20:21:52,373 [grpc-default-executor-6] WARN  server.GrpcLogAppender (LogUtils.java:warn(134)) - 1335ae9d-cf28-460b-8cef-3605e68fd742@group-5CFE9CCBA5A2->402982a9-fa7b-4360-bb6f-7bf73c96b049-AppendLogResponseHandler: Failed appendEntries: org.apache.ratis.thirdparty.io.grpc.StatusRuntimeException: UNAVAILABLE: io exception
2019-09-26 20:21:52,373 [grpc-default-executor-9] WARN  server.GrpcLogAppender (LogUtils.java:warn(134)) - 1335ae9d-cf28-460b-8cef-3605e68fd742@group-5CFE9CCBA5A2->54d75f05-459a-41f1-a160-6bbdb25ca921-AppendLogResponseHandler: Failed appendEntries: org.apache.ratis.thirdparty.io.grpc.StatusRuntimeException: UNAVAILABLE: io exception
2019-09-26 20:21:52,374 [grpc-default-executor-6] INFO  impl.FollowerInfo (FollowerInfo.java:lambda$new$0(51)) - 1335ae9d-cf28-460b-8cef-3605e68fd742@group-5CFE9CCBA5A2->402982a9-fa7b-4360-bb6f-7bf73c96b049: nextIndex: updateUnconditionally 0 -> 0
2019-09-26 20:21:52,376 [grpc-default-executor-9] INFO  impl.FollowerInfo (FollowerInfo.java:lambda$new$0(51)) - 1335ae9d-cf28-460b-8cef-3605e68fd742@group-5CFE9CCBA5A2->54d75f05-459a-41f1-a160-6bbdb25ca921: nextIndex: updateUnconditionally 0 -> 0
2019-09-26 20:21:54,696 [grpc-default-executor-10] WARN  server.GrpcLogAppender (LogUtils.java:warn(134)) - 9612ee1f-db1c-4468-80df-d82c84da7864@group-B9BD004D2960->56e6df74-335e-4e8f-9034-f9391d4bf622-AppendLogResponseHandler: Failed appendEntries: org.apache.ratis.thirdparty.io.grpc.StatusRuntimeException: UNAVAILABLE: io exception
2019-09-26 20:21:54,699 [grpc-default-executor-10] INFO  impl.FollowerInfo (FollowerInfo.java:lambda$new$0(51)) - 9612ee1f-db1c-4468-80df-d82c84da7864@group-B9BD004D2960->56e6df74-335e-4e8f-9034-f9391d4bf622: nextIndex: updateUnconditionally 0 -> 0
2019-09-26 20:21:54,876 [grpc-default-executor-9] WARN  server.GrpcLogAppender (LogUtils.java:warn(134)) - 1335ae9d-cf28-460b-8cef-3605e68fd742@group-5CFE9CCBA5A2->54d75f05-459a-41f1-a160-6bbdb25ca921-AppendLogResponseHandler: Failed appendEntries: org.apache.ratis.thirdparty.io.grpc.StatusRuntimeException: UNAVAILABLE: io exception
2019-09-26 20:21:54,877 [grpc-default-executor-4] WARN  server.GrpcLogAppender (LogUtils.java:warn(134)) - 1335ae9d-cf28-460b-8cef-3605e68fd742@group-5CFE9CCBA5A2->402982a9-fa7b-4360-bb6f-7bf73c96b049-AppendLogResponseHandler: Failed appendEntries: org.apache.ratis.thirdparty.io.grpc.StatusRuntimeException: UNAVAILABLE: io exception
2019-09-26 20:21:54,877 [grpc-default-executor-9] INFO  impl.FollowerInfo (FollowerInfo.java:lambda$new$0(51)) - 1335ae9d-cf28-460b-8cef-3605e68fd742@group-5CFE9CCBA5A2->54d75f05-459a-41f1-a160-6bbdb25ca921: nextIndex: updateUnconditionally 0 -> 0
2019-09-26 20:21:54,878 [grpc-default-executor-4] INFO  impl.FollowerInfo (FollowerInfo.java:lambda$new$0(51)) - 1335ae9d-cf28-460b-8cef-3605e68fd742@group-5CFE9CCBA5A2->402982a9-fa7b-4360-bb6f-7bf73c96b049: nextIndex: updateUnconditionally 0 -> 0
2019-09-26 20:21:55,970 [main] INFO  ozoneimpl.OzoneContainer (OzoneContainer.java:stop(231)) - Attempting to stop container services.
2019-09-26 20:21:55,971 [main] INFO  impl.RaftServerProxy (RaftServerProxy.java:lambda$close$4(314)) - 16e8d13d-af64-4d88-a085-bc010d485d30: close
2019-09-26 20:21:55,972 [main] INFO  impl.RaftServerImpl (RaftServerImpl.java:lambda$shutdown$3(251)) - 16e8d13d-af64-4d88-a085-bc010d485d30@group-10EA13910B6B: shutdown
2019-09-26 20:21:55,972 [main] INFO  util.JmxRegister (JmxRegister.java:unregister(73)) - Successfully un-registered JMX Bean with object name Ratis:service=RaftServer,group=group-10EA13910B6B,id=16e8d13d-af64-4d88-a085-bc010d485d30
2019-09-26 20:21:55,972 [main] INFO  impl.RoleInfo (RoleInfo.java:shutdownLeaderState(104)) - 16e8d13d-af64-4d88-a085-bc010d485d30: shutdown LeaderState
2019-09-26 20:21:55,973 [main] INFO  impl.PendingRequests (PendingRequests.java:sendNotLeaderResponses(202)) - 16e8d13d-af64-4d88-a085-bc010d485d30-PendingRequests: sendNotLeaderResponses
2019-09-26 20:21:55,973 [main] INFO  impl.StateMachineUpdater (StateMachineUpdater.java:stopAndJoin(125)) - 16e8d13d-af64-4d88-a085-bc010d485d30@group-10EA13910B6B-StateMachineUpdater: set stopIndex = 0
2019-09-26 20:21:55,974 [main] INFO  impl.RaftServerImpl (ServerState.java:close(385)) - 16e8d13d-af64-4d88-a085-bc010d485d30@group-10EA13910B6B: closes. applyIndex: 0
2019-09-26 20:21:55,975 [16e8d13d-af64-4d88-a085-bc010d485d30@group-10EA13910B6B-SegmentedRaftLogWorker] INFO  segmented.SegmentedRaftLogWorker (SegmentedRaftLogWorker.java:run(313)) - 16e8d13d-af64-4d88-a085-bc010d485d30@group-10EA13910B6B-SegmentedRaftLogWorker was interrupted, exiting. There are 0 tasks remaining in the queue.
2019-09-26 20:21:55,975 [main] INFO  segmented.SegmentedRaftLogWorker (SegmentedRaftLogWorker.java:close(228)) - 16e8d13d-af64-4d88-a085-bc010d485d30@group-10EA13910B6B-SegmentedRaftLogWorker close()
2019-09-26 20:21:55,978 [main] INFO  impl.RaftServerImpl (RaftServerImpl.java:lambda$shutdown$3(251)) - 16e8d13d-af64-4d88-a085-bc010d485d30@group-B9BD004D2960: shutdown
2019-09-26 20:21:55,978 [main] INFO  util.JmxRegister (JmxRegister.java:unregister(73)) - Successfully un-registered JMX Bean with object name Ratis:service=RaftServer,group=group-B9BD004D2960,id=16e8d13d-af64-4d88-a085-bc010d485d30
2019-09-26 20:21:55,979 [main] INFO  impl.RoleInfo (RoleInfo.java:shutdownFollowerState(121)) - 16e8d13d-af64-4d88-a085-bc010d485d30: shutdown FollowerState
2019-09-26 20:21:55,979 [main] INFO  impl.StateMachineUpdater (StateMachineUpdater.java:stopAndJoin(125)) - 16e8d13d-af64-4d88-a085-bc010d485d30@group-B9BD004D2960-StateMachineUpdater: set stopIndex = 0
2019-09-26 20:21:55,979 [Thread-376] INFO  impl.FollowerState (FollowerState.java:run(115)) - 16e8d13d-af64-4d88-a085-bc010d485d30: FollowerState was interrupted: java.lang.InterruptedException: sleep interrupted
2019-09-26 20:21:55,979 [main] INFO  impl.RaftServerImpl (ServerState.java:close(385)) - 16e8d13d-af64-4d88-a085-bc010d485d30@group-B9BD004D2960: closes. applyIndex: 0
2019-09-26 20:21:55,980 [16e8d13d-af64-4d88-a085-bc010d485d30@group-B9BD004D2960-SegmentedRaftLogWorker] INFO  segmented.SegmentedRaftLogWorker (SegmentedRaftLogWorker.java:run(313)) - 16e8d13d-af64-4d88-a085-bc010d485d30@group-B9BD004D2960-SegmentedRaftLogWorker was interrupted, exiting. There are 0 tasks remaining in the queue.
2019-09-26 20:21:55,981 [main] INFO  segmented.SegmentedRaftLogWorker (SegmentedRaftLogWorker.java:close(228)) - 16e8d13d-af64-4d88-a085-bc010d485d30@group-B9BD004D2960-SegmentedRaftLogWorker close()
2019-09-26 20:21:55,983 [main] INFO  server.GrpcService (GrpcService.java:closeImpl(164)) - 16e8d13d-af64-4d88-a085-bc010d485d30: shutdown server with port 46318 now
2019-09-26 20:21:55,983 [ForkJoinPool.commonPool-worker-0] INFO  ozoneimpl.OzoneContainer (OzoneContainer.java:stop(231)) - Attempting to stop container services.
2019-09-26 20:21:55,983 [ForkJoinPool.commonPool-worker-0] INFO  impl.RaftServerProxy (RaftServerProxy.java:lambda$close$4(314)) - 8019986f-44ef-4884-8de6-df94512182c0: close
2019-09-26 20:21:55,985 [ForkJoinPool.commonPool-worker-0] INFO  impl.RaftServerImpl (RaftServerImpl.java:lambda$shutdown$3(251)) - 8019986f-44ef-4884-8de6-df94512182c0@group-B1EBF62BF7FF: shutdown
2019-09-26 20:21:55,985 [grpc-default-executor-9] WARN  server.GrpcServerProtocolService (LogUtils.java:warn(134)) - 16e8d13d-af64-4d88-a085-bc010d485d30: installSnapshot onError, lastRequest: 9612ee1f-db1c-4468-80df-d82c84da7864->16e8d13d-af64-4d88-a085-bc010d485d30#50-t1, previous=(t:1, i:0), leaderCommit=0, initializing? false, entries: <empty>: org.apache.ratis.thirdparty.io.grpc.StatusRuntimeException: CANCELLED: cancelled before receiving half close
2019-09-26 20:21:55,985 [main] INFO  server.GrpcService (GrpcService.java:closeImpl(172)) - 16e8d13d-af64-4d88-a085-bc010d485d30: shutdown server with port 46318 successfully
2019-09-26 20:21:55,985 [ForkJoinPool.commonPool-worker-0] INFO  util.JmxRegister (JmxRegister.java:unregister(73)) - Successfully un-registered JMX Bean with object name Ratis:service=RaftServer,group=group-B1EBF62BF7FF,id=8019986f-44ef-4884-8de6-df94512182c0
2019-09-26 20:21:55,987 [grpc-default-executor-6] WARN  server.GrpcLogAppender (LogUtils.java:warn(134)) - 9612ee1f-db1c-4468-80df-d82c84da7864@group-B9BD004D2960->16e8d13d-af64-4d88-a085-bc010d485d30-AppendLogResponseHandler: Failed appendEntries: org.apache.ratis.thirdparty.io.grpc.StatusRuntimeException: CANCELLED: HTTP/2 error code: CANCEL
Received Rst Stream
2019-09-26 20:21:55,987 [ForkJoinPool.commonPool-worker-0] INFO  impl.RoleInfo (RoleInfo.java:shutdownLeaderState(104)) - 8019986f-44ef-4884-8de6-df94512182c0: shutdown LeaderState
2019-09-26 20:21:55,988 [grpc-default-executor-6] INFO  impl.FollowerInfo (FollowerInfo.java:lambda$new$0(51)) - 9612ee1f-db1c-4468-80df-d82c84da7864@group-B9BD004D2960->16e8d13d-af64-4d88-a085-bc010d485d30: nextIndex: updateUnconditionally 1 -> 0
2019-09-26 20:21:55,988 [ForkJoinPool.commonPool-worker-0] INFO  impl.PendingRequests (PendingRequests.java:sendNotLeaderResponses(202)) - 8019986f-44ef-4884-8de6-df94512182c0-PendingRequests: sendNotLeaderResponses
2019-09-26 20:21:55,988 [ForkJoinPool.commonPool-worker-0] INFO  impl.StateMachineUpdater (StateMachineUpdater.java:stopAndJoin(125)) - 8019986f-44ef-4884-8de6-df94512182c0@group-B1EBF62BF7FF-StateMachineUpdater: set stopIndex = 0
2019-09-26 20:21:55,988 [refreshUsed-/workdir/hadoop-ozone/integration-test/target/test-dir/MiniOzoneClusterImpl-81f3f93b-507a-4e54-bca6-ef1d0617e8f1/datanode-9/data/containers] WARN  fs.CachingGetSpaceUsed (CachingGetSpaceUsed.java:run(183)) - Thread Interrupted waiting to refresh disk information: sleep interrupted
2019-09-26 20:21:55,990 [ForkJoinPool.commonPool-worker-0] INFO  impl.RaftServerImpl (ServerState.java:close(385)) - 8019986f-44ef-4884-8de6-df94512182c0@group-B1EBF62BF7FF: closes. applyIndex: 0
2019-09-26 20:21:55,990 [8019986f-44ef-4884-8de6-df94512182c0@group-B1EBF62BF7FF-SegmentedRaftLogWorker] INFO  segmented.SegmentedRaftLogWorker (SegmentedRaftLogWorker.java:run(313)) - 8019986f-44ef-4884-8de6-df94512182c0@group-B1EBF62BF7FF-SegmentedRaftLogWorker was interrupted, exiting. There are 0 tasks remaining in the queue.
2019-09-26 20:21:55,990 [ForkJoinPool.commonPool-worker-0] INFO  segmented.SegmentedRaftLogWorker (SegmentedRaftLogWorker.java:close(228)) - 8019986f-44ef-4884-8de6-df94512182c0@group-B1EBF62BF7FF-SegmentedRaftLogWorker close()
2019-09-26 20:21:55,991 [ForkJoinPool.commonPool-worker-0] INFO  server.GrpcService (GrpcService.java:closeImpl(164)) - 8019986f-44ef-4884-8de6-df94512182c0: shutdown server with port 33000 now
2019-09-26 20:21:55,993 [ForkJoinPool.commonPool-worker-0] INFO  server.GrpcService (GrpcService.java:closeImpl(172)) - 8019986f-44ef-4884-8de6-df94512182c0: shutdown server with port 33000 successfully
2019-09-26 20:21:55,997 [refreshUsed-/workdir/hadoop-ozone/integration-test/target/test-dir/MiniOzoneClusterImpl-81f3f93b-507a-4e54-bca6-ef1d0617e8f1/datanode-0/data/containers] WARN  fs.CachingGetSpaceUsed (CachingGetSpaceUsed.java:run(183)) - Thread Interrupted waiting to refresh disk information: sleep interrupted
2019-09-26 20:21:56,022 [main] INFO  utils.BackgroundService (BackgroundService.java:shutdown(148)) - Shutting down service BlockDeletingService
2019-09-26 20:21:56,026 [main] INFO  statemachine.DatanodeStateMachine (DatanodeStateMachine.java:stopDaemon(395)) - Ozone container server stopped.
2019-09-26 20:21:56,027 [main] INFO  handler.ContextHandler (ContextHandler.java:doStop(910)) - Stopped o.e.j.w.WebAppContext@6f76c2cc{/,null,UNAVAILABLE}{/hddsDatanode}
2019-09-26 20:21:56,028 [ForkJoinPool.commonPool-worker-0] INFO  utils.BackgroundService (BackgroundService.java:shutdown(148)) - Shutting down service BlockDeletingService
2019-09-26 20:21:56,030 [main] INFO  server.AbstractConnector (AbstractConnector.java:doStop(318)) - Stopped ServerConnector@306f6f1d{HTTP/1.1,[http/1.1]}{0.0.0.0:0}
2019-09-26 20:21:56,032 [ForkJoinPool.commonPool-worker-0] INFO  statemachine.DatanodeStateMachine (DatanodeStateMachine.java:stopDaemon(395)) - Ozone container server stopped.
2019-09-26 20:21:56,032 [main] INFO  handler.ContextHandler (ContextHandler.java:doStop(910)) - Stopped o.e.j.s.ServletContextHandler@71e35c4{/static,jar:file:/home/user/.m2/repository/org/apache/hadoop/hadoop-hdds-container-service/0.5.0-SNAPSHOT/hadoop-hdds-container-service-0.5.0-SNAPSHOT.jar!/webapps/static,UNAVAILABLE}
2019-09-26 20:21:56,034 [main] INFO  handler.ContextHandler (ContextHandler.java:doStop(910)) - Stopped o.e.j.s.ServletContextHandler@5e1dde44{/logs,file:///workdir/hadoop-ozone/integration-test/target/log,UNAVAILABLE}
2019-09-26 20:21:56,035 [ForkJoinPool.commonPool-worker-0] INFO  handler.ContextHandler (ContextHandler.java:doStop(910)) - Stopped o.e.j.w.WebAppContext@56dfab87{/,null,UNAVAILABLE}{/hddsDatanode}
2019-09-26 20:21:56,036 [ForkJoinPool.commonPool-worker-0] INFO  server.AbstractConnector (AbstractConnector.java:doStop(318)) - Stopped ServerConnector@715b886f{HTTP/1.1,[http/1.1]}{0.0.0.0:0}
2019-09-26 20:21:56,036 [ForkJoinPool.commonPool-worker-0] INFO  handler.ContextHandler (ContextHandler.java:doStop(910)) - Stopped o.e.j.s.ServletContextHandler@72f9f27c{/static,jar:file:/home/user/.m2/repository/org/apache/hadoop/hadoop-hdds-container-service/0.5.0-SNAPSHOT/hadoop-hdds-container-service-0.5.0-SNAPSHOT.jar!/webapps/static,UNAVAILABLE}
2019-09-26 20:21:56,037 [ForkJoinPool.commonPool-worker-0] INFO  handler.ContextHandler (ContextHandler.java:doStop(910)) - Stopped o.e.j.s.ServletContextHandler@43af351a{/logs,file:///workdir/hadoop-ozone/integration-test/target/log,UNAVAILABLE}
2019-09-26 20:21:56,255 [Datanode State Machine Thread - 0] INFO  statemachine.DatanodeStateMachine (DatanodeStateMachine.java:lambda$startDaemon$0(350)) - Ozone container server started.
2019-09-26 20:21:56,621 [Datanode State Machine Thread - 0] INFO  statemachine.DatanodeStateMachine (DatanodeStateMachine.java:lambda$startDaemon$0(350)) - Ozone container server started.
2019-09-26 20:21:57,196 [grpc-default-executor-9] WARN  server.GrpcLogAppender (LogUtils.java:warn(134)) - 9612ee1f-db1c-4468-80df-d82c84da7864@group-B9BD004D2960->56e6df74-335e-4e8f-9034-f9391d4bf622-AppendLogResponseHandler: Failed appendEntries: org.apache.ratis.thirdparty.io.grpc.StatusRuntimeException: UNAVAILABLE: io exception
2019-09-26 20:21:57,198 [grpc-default-executor-9] INFO  impl.FollowerInfo (FollowerInfo.java:lambda$new$0(51)) - 9612ee1f-db1c-4468-80df-d82c84da7864@group-B9BD004D2960->56e6df74-335e-4e8f-9034-f9391d4bf622: nextIndex: updateUnconditionally 0 -> 0
2019-09-26 20:21:57,208 [grpc-default-executor-4] WARN  server.GrpcLogAppender (LogUtils.java:warn(134)) - 9612ee1f-db1c-4468-80df-d82c84da7864@group-B9BD004D2960->16e8d13d-af64-4d88-a085-bc010d485d30-AppendLogResponseHandler: Failed appendEntries: org.apache.ratis.thirdparty.io.grpc.StatusRuntimeException: UNAVAILABLE: io exception
2019-09-26 20:21:57,209 [grpc-default-executor-4] INFO  impl.FollowerInfo (FollowerInfo.java:lambda$new$0(51)) - 9612ee1f-db1c-4468-80df-d82c84da7864@group-B9BD004D2960->16e8d13d-af64-4d88-a085-bc010d485d30: nextIndex: updateUnconditionally 0 -> 0
2019-09-26 20:21:57,381 [grpc-default-executor-3] WARN  server.GrpcLogAppender (LogUtils.java:warn(134)) - 1335ae9d-cf28-460b-8cef-3605e68fd742@group-5CFE9CCBA5A2->402982a9-fa7b-4360-bb6f-7bf73c96b049-AppendLogResponseHandler: Failed appendEntries: org.apache.ratis.thirdparty.io.grpc.StatusRuntimeException: UNAVAILABLE: io exception
2019-09-26 20:21:57,381 [grpc-default-executor-8] WARN  server.GrpcLogAppender (LogUtils.java:warn(134)) - 1335ae9d-cf28-460b-8cef-3605e68fd742@group-5CFE9CCBA5A2->54d75f05-459a-41f1-a160-6bbdb25ca921-AppendLogResponseHandler: Failed appendEntries: org.apache.ratis.thirdparty.io.grpc.StatusRuntimeException: UNAVAILABLE: io exception
2019-09-26 20:21:57,384 [grpc-default-executor-3] INFO  impl.FollowerInfo (FollowerInfo.java:lambda$new$0(51)) - 1335ae9d-cf28-460b-8cef-3605e68fd742@group-5CFE9CCBA5A2->402982a9-fa7b-4360-bb6f-7bf73c96b049: nextIndex: updateUnconditionally 0 -> 0
2019-09-26 20:21:57,384 [grpc-default-executor-8] INFO  impl.FollowerInfo (FollowerInfo.java:lambda$new$0(51)) - 1335ae9d-cf28-460b-8cef-3605e68fd742@group-5CFE9CCBA5A2->54d75f05-459a-41f1-a160-6bbdb25ca921: nextIndex: updateUnconditionally 0 -> 0
2019-09-26 20:21:59,697 [grpc-default-executor-9] WARN  server.GrpcLogAppender (LogUtils.java:warn(134)) - 9612ee1f-db1c-4468-80df-d82c84da7864@group-B9BD004D2960->56e6df74-335e-4e8f-9034-f9391d4bf622-AppendLogResponseHandler: Failed appendEntries: org.apache.ratis.thirdparty.io.grpc.StatusRuntimeException: UNAVAILABLE: io exception
2019-09-26 20:21:59,698 [grpc-default-executor-9] INFO  impl.FollowerInfo (FollowerInfo.java:lambda$new$0(51)) - 9612ee1f-db1c-4468-80df-d82c84da7864@group-B9BD004D2960->56e6df74-335e-4e8f-9034-f9391d4bf622: nextIndex: updateUnconditionally 0 -> 0
2019-09-26 20:21:59,705 [grpc-default-executor-3] WARN  server.GrpcLogAppender (LogUtils.java:warn(134)) - 9612ee1f-db1c-4468-80df-d82c84da7864@group-B9BD004D2960->16e8d13d-af64-4d88-a085-bc010d485d30-AppendLogResponseHandler: Failed appendEntries: org.apache.ratis.thirdparty.io.grpc.StatusRuntimeException: UNAVAILABLE: io exception
2019-09-26 20:21:59,706 [grpc-default-executor-3] INFO  impl.FollowerInfo (FollowerInfo.java:lambda$new$0(51)) - 9612ee1f-db1c-4468-80df-d82c84da7864@group-B9BD004D2960->16e8d13d-af64-4d88-a085-bc010d485d30: nextIndex: updateUnconditionally 0 -> 0
2019-09-26 20:21:59,878 [grpc-default-executor-8] WARN  server.GrpcLogAppender (LogUtils.java:warn(134)) - 1335ae9d-cf28-460b-8cef-3605e68fd742@group-5CFE9CCBA5A2->402982a9-fa7b-4360-bb6f-7bf73c96b049-AppendLogResponseHandler: Failed appendEntries: org.apache.ratis.thirdparty.io.grpc.StatusRuntimeException: UNAVAILABLE: io exception
2019-09-26 20:21:59,880 [grpc-default-executor-8] INFO  impl.FollowerInfo (FollowerInfo.java:lambda$new$0(51)) - 1335ae9d-cf28-460b-8cef-3605e68fd742@group-5CFE9CCBA5A2->402982a9-fa7b-4360-bb6f-7bf73c96b049: nextIndex: updateUnconditionally 0 -> 0
2019-09-26 20:21:59,880 [grpc-default-executor-4] WARN  server.GrpcLogAppender (LogUtils.java:warn(134)) - 1335ae9d-cf28-460b-8cef-3605e68fd742@group-5CFE9CCBA5A2->54d75f05-459a-41f1-a160-6bbdb25ca921-AppendLogResponseHandler: Failed appendEntries: org.apache.ratis.thirdparty.io.grpc.StatusRuntimeException: UNAVAILABLE: io exception
2019-09-26 20:21:59,881 [grpc-default-executor-4] INFO  impl.FollowerInfo (FollowerInfo.java:lambda$new$0(51)) - 1335ae9d-cf28-460b-8cef-3605e68fd742@group-5CFE9CCBA5A2->54d75f05-459a-41f1-a160-6bbdb25ca921: nextIndex: updateUnconditionally 0 -> 0
2019-09-26 20:22:01,036 [main] INFO  ozoneimpl.OzoneContainer (OzoneContainer.java:stop(231)) - Attempting to stop container services.
2019-09-26 20:22:01,037 [main] INFO  impl.RaftServerProxy (RaftServerProxy.java:lambda$close$4(314)) - 9612ee1f-db1c-4468-80df-d82c84da7864: close
2019-09-26 20:22:01,037 [main] INFO  impl.RaftServerImpl (RaftServerImpl.java:lambda$shutdown$3(251)) - 9612ee1f-db1c-4468-80df-d82c84da7864@group-B9BD004D2960: shutdown
2019-09-26 20:22:01,038 [main] INFO  util.JmxRegister (JmxRegister.java:unregister(73)) - Successfully un-registered JMX Bean with object name Ratis:service=RaftServer,group=group-B9BD004D2960,id=9612ee1f-db1c-4468-80df-d82c84da7864
2019-09-26 20:22:01,038 [main] INFO  impl.RoleInfo (RoleInfo.java:shutdownLeaderState(104)) - 9612ee1f-db1c-4468-80df-d82c84da7864: shutdown LeaderState
2019-09-26 20:22:01,041 [org.apache.ratis.server.impl.LogAppender$AppenderDaemon$$Lambda$439/1679310385@7d9ccd58] WARN  server.GrpcLogAppender (GrpcLogAppender.java:mayWait(143)) - 9612ee1f-db1c-4468-80df-d82c84da7864@group-B9BD004D2960->16e8d13d-af64-4d88-a085-bc010d485d30-GrpcLogAppender: Wait interrupted by java.lang.InterruptedException
2019-09-26 20:22:01,042 [ForkJoinPool.commonPool-worker-0] INFO  ozoneimpl.OzoneContainer (OzoneContainer.java:stop(231)) - Attempting to stop container services.
2019-09-26 20:22:01,041 [org.apache.ratis.server.impl.LogAppender$AppenderDaemon$$Lambda$439/1679310385@7e030963] WARN  server.GrpcLogAppender (GrpcLogAppender.java:mayWait(143)) - 9612ee1f-db1c-4468-80df-d82c84da7864@group-B9BD004D2960->56e6df74-335e-4e8f-9034-f9391d4bf622-GrpcLogAppender: Wait interrupted by java.lang.InterruptedException
2019-09-26 20:22:01,041 [main] INFO  impl.PendingRequests (PendingRequests.java:sendNotLeaderResponses(202)) - 9612ee1f-db1c-4468-80df-d82c84da7864-PendingRequests: sendNotLeaderResponses
2019-09-26 20:22:01,042 [ForkJoinPool.commonPool-worker-0] INFO  impl.RaftServerProxy (RaftServerProxy.java:lambda$close$4(314)) - 1335ae9d-cf28-460b-8cef-3605e68fd742: close
2019-09-26 20:22:01,043 [main] INFO  impl.StateMachineUpdater (StateMachineUpdater.java:stopAndJoin(125)) - 9612ee1f-db1c-4468-80df-d82c84da7864@group-B9BD004D2960-StateMachineUpdater: set stopIndex = 0
2019-09-26 20:22:01,043 [ForkJoinPool.commonPool-worker-0] INFO  impl.RaftServerImpl (RaftServerImpl.java:lambda$shutdown$3(251)) - 1335ae9d-cf28-460b-8cef-3605e68fd742@group-86138BDAE9BE: shutdown
2019-09-26 20:22:01,043 [main] INFO  impl.RaftServerImpl (ServerState.java:close(385)) - 9612ee1f-db1c-4468-80df-d82c84da7864@group-B9BD004D2960: closes. applyIndex: 0
2019-09-26 20:22:01,043 [ForkJoinPool.commonPool-worker-0] INFO  util.JmxRegister (JmxRegister.java:unregister(73)) - Successfully un-registered JMX Bean with object name Ratis:service=RaftServer,group=group-86138BDAE9BE,id=1335ae9d-cf28-460b-8cef-3605e68fd742
2019-09-26 20:22:01,044 [9612ee1f-db1c-4468-80df-d82c84da7864@group-B9BD004D2960-SegmentedRaftLogWorker] INFO  segmented.SegmentedRaftLogWorker (SegmentedRaftLogWorker.java:run(313)) - 9612ee1f-db1c-4468-80df-d82c84da7864@group-B9BD004D2960-SegmentedRaftLogWorker was interrupted, exiting. There are 0 tasks remaining in the queue.
2019-09-26 20:22:01,044 [ForkJoinPool.commonPool-worker-0] INFO  impl.RoleInfo (RoleInfo.java:shutdownLeaderState(104)) - 1335ae9d-cf28-460b-8cef-3605e68fd742: shutdown LeaderState
2019-09-26 20:22:01,045 [main] INFO  segmented.SegmentedRaftLogWorker (SegmentedRaftLogWorker.java:close(228)) - 9612ee1f-db1c-4468-80df-d82c84da7864@group-B9BD004D2960-SegmentedRaftLogWorker close()
2019-09-26 20:22:01,045 [ForkJoinPool.commonPool-worker-0] INFO  impl.PendingRequests (PendingRequests.java:sendNotLeaderResponses(202)) - 1335ae9d-cf28-460b-8cef-3605e68fd742-PendingRequests: sendNotLeaderResponses
2019-09-26 20:22:01,046 [main] INFO  impl.RaftServerImpl (RaftServerImpl.java:lambda$shutdown$3(251)) - 9612ee1f-db1c-4468-80df-d82c84da7864@group-C01BD51FA781: shutdown
2019-09-26 20:22:01,046 [ForkJoinPool.commonPool-worker-0] INFO  impl.StateMachineUpdater (StateMachineUpdater.java:stopAndJoin(125)) - 1335ae9d-cf28-460b-8cef-3605e68fd742@group-86138BDAE9BE-StateMachineUpdater: set stopIndex = 0
2019-09-26 20:22:01,047 [main] INFO  util.JmxRegister (JmxRegister.java:unregister(73)) - Successfully un-registered JMX Bean with object name Ratis:service=RaftServer,group=group-C01BD51FA781,id=9612ee1f-db1c-4468-80df-d82c84da7864
2019-09-26 20:22:01,047 [ForkJoinPool.commonPool-worker-0] INFO  impl.RaftServerImpl (ServerState.java:close(385)) - 1335ae9d-cf28-460b-8cef-3605e68fd742@group-86138BDAE9BE: closes. applyIndex: 0
2019-09-26 20:22:01,047 [main] INFO  impl.RoleInfo (RoleInfo.java:shutdownLeaderState(104)) - 9612ee1f-db1c-4468-80df-d82c84da7864: shutdown LeaderState
2019-09-26 20:22:01,048 [1335ae9d-cf28-460b-8cef-3605e68fd742@group-86138BDAE9BE-SegmentedRaftLogWorker] INFO  segmented.SegmentedRaftLogWorker (SegmentedRaftLogWorker.java:run(313)) - 1335ae9d-cf28-460b-8cef-3605e68fd742@group-86138BDAE9BE-SegmentedRaftLogWorker was interrupted, exiting. There are 0 tasks remaining in the queue.
2019-09-26 20:22:01,048 [main] INFO  impl.PendingRequests (PendingRequests.java:sendNotLeaderResponses(202)) - 9612ee1f-db1c-4468-80df-d82c84da7864-PendingRequests: sendNotLeaderResponses
2019-09-26 20:22:01,048 [ForkJoinPool.commonPool-worker-0] INFO  segmented.SegmentedRaftLogWorker (SegmentedRaftLogWorker.java:close(228)) - 1335ae9d-cf28-460b-8cef-3605e68fd742@group-86138BDAE9BE-SegmentedRaftLogWorker close()
2019-09-26 20:22:01,049 [main] INFO  impl.StateMachineUpdater (StateMachineUpdater.java:stopAndJoin(125)) - 9612ee1f-db1c-4468-80df-d82c84da7864@group-C01BD51FA781-StateMachineUpdater: set stopIndex = 0
2019-09-26 20:22:01,051 [main] INFO  impl.RaftServerImpl (ServerState.java:close(385)) - 9612ee1f-db1c-4468-80df-d82c84da7864@group-C01BD51FA781: closes. applyIndex: 0
2019-09-26 20:22:01,050 [ForkJoinPool.commonPool-worker-0] INFO  impl.RaftServerImpl (RaftServerImpl.java:lambda$shutdown$3(251)) - 1335ae9d-cf28-460b-8cef-3605e68fd742@group-5CFE9CCBA5A2: shutdown
2019-09-26 20:22:01,051 [9612ee1f-db1c-4468-80df-d82c84da7864@group-C01BD51FA781-SegmentedRaftLogWorker] INFO  segmented.SegmentedRaftLogWorker (SegmentedRaftLogWorker.java:run(313)) - 9612ee1f-db1c-4468-80df-d82c84da7864@group-C01BD51FA781-SegmentedRaftLogWorker was interrupted, exiting. There are 0 tasks remaining in the queue.
2019-09-26 20:22:01,051 [ForkJoinPool.commonPool-worker-0] INFO  util.JmxRegister (JmxRegister.java:unregister(73)) - Successfully un-registered JMX Bean with object name Ratis:service=RaftServer,group=group-5CFE9CCBA5A2,id=1335ae9d-cf28-460b-8cef-3605e68fd742
2019-09-26 20:22:01,052 [main] INFO  segmented.SegmentedRaftLogWorker (SegmentedRaftLogWorker.java:close(228)) - 9612ee1f-db1c-4468-80df-d82c84da7864@group-C01BD51FA781-SegmentedRaftLogWorker close()
2019-09-26 20:22:01,052 [ForkJoinPool.commonPool-worker-0] INFO  impl.RoleInfo (RoleInfo.java:shutdownLeaderState(104)) - 1335ae9d-cf28-460b-8cef-3605e68fd742: shutdown LeaderState
2019-09-26 20:22:01,053 [main] INFO  server.GrpcService (GrpcService.java:closeImpl(164)) - 9612ee1f-db1c-4468-80df-d82c84da7864: shutdown server with port 40705 now
2019-09-26 20:22:01,056 [org.apache.ratis.server.impl.LogAppender$AppenderDaemon$$Lambda$439/1679310385@1a9ee2ea] WARN  server.GrpcLogAppender (GrpcLogAppender.java:mayWait(143)) - 1335ae9d-cf28-460b-8cef-3605e68fd742@group-5CFE9CCBA5A2->54d75f05-459a-41f1-a160-6bbdb25ca921-GrpcLogAppender: Wait interrupted by java.lang.InterruptedException
2019-09-26 20:22:01,056 [org.apache.ratis.server.impl.LogAppender$AppenderDaemon$$Lambda$439/1679310385@6f6f01c0] WARN  server.GrpcLogAppender (GrpcLogAppender.java:mayWait(143)) - 1335ae9d-cf28-460b-8cef-3605e68fd742@group-5CFE9CCBA5A2->402982a9-fa7b-4360-bb6f-7bf73c96b049-GrpcLogAppender: Wait interrupted by java.lang.InterruptedException
2019-09-26 20:22:01,055 [ForkJoinPool.commonPool-worker-0] INFO  impl.PendingRequests (PendingRequests.java:sendNotLeaderResponses(202)) - 1335ae9d-cf28-460b-8cef-3605e68fd742-PendingRequests: sendNotLeaderResponses
2019-09-26 20:22:01,058 [main] INFO  server.GrpcService (GrpcService.java:closeImpl(172)) - 9612ee1f-db1c-4468-80df-d82c84da7864: shutdown server with port 40705 successfully
2019-09-26 20:22:01,060 [ForkJoinPool.commonPool-worker-0] INFO  impl.StateMachineUpdater (StateMachineUpdater.java:stopAndJoin(125)) - 1335ae9d-cf28-460b-8cef-3605e68fd742@group-5CFE9CCBA5A2-StateMachineUpdater: set stopIndex = 0
2019-09-26 20:22:01,060 [ForkJoinPool.commonPool-worker-0] INFO  impl.RaftServerImpl (ServerState.java:close(385)) - 1335ae9d-cf28-460b-8cef-3605e68fd742@group-5CFE9CCBA5A2: closes. applyIndex: 0
2019-09-26 20:22:01,061 [1335ae9d-cf28-460b-8cef-3605e68fd742@group-5CFE9CCBA5A2-SegmentedRaftLogWorker] INFO  segmented.SegmentedRaftLogWorker (SegmentedRaftLogWorker.java:run(313)) - 1335ae9d-cf28-460b-8cef-3605e68fd742@group-5CFE9CCBA5A2-SegmentedRaftLogWorker was interrupted, exiting. There are 0 tasks remaining in the queue.
2019-09-26 20:22:01,061 [ForkJoinPool.commonPool-worker-0] INFO  segmented.SegmentedRaftLogWorker (SegmentedRaftLogWorker.java:close(228)) - 1335ae9d-cf28-460b-8cef-3605e68fd742@group-5CFE9CCBA5A2-SegmentedRaftLogWorker close()
2019-09-26 20:22:01,062 [ForkJoinPool.commonPool-worker-0] INFO  server.GrpcService (GrpcService.java:closeImpl(164)) - 1335ae9d-cf28-460b-8cef-3605e68fd742: shutdown server with port 35473 now
2019-09-26 20:22:01,063 [ForkJoinPool.commonPool-worker-0] INFO  server.GrpcService (GrpcService.java:closeImpl(172)) - 1335ae9d-cf28-460b-8cef-3605e68fd742: shutdown server with port 35473 successfully
2019-09-26 20:22:01,065 [refreshUsed-/workdir/hadoop-ozone/integration-test/target/test-dir/MiniOzoneClusterImpl-81f3f93b-507a-4e54-bca6-ef1d0617e8f1/datanode-1/data/containers] WARN  fs.CachingGetSpaceUsed (CachingGetSpaceUsed.java:run(183)) - Thread Interrupted waiting to refresh disk information: sleep interrupted
2019-09-26 20:22:01,071 [refreshUsed-/workdir/hadoop-ozone/integration-test/target/test-dir/MiniOzoneClusterImpl-81f3f93b-507a-4e54-bca6-ef1d0617e8f1/datanode-7/data/containers] WARN  fs.CachingGetSpaceUsed (CachingGetSpaceUsed.java:run(183)) - Thread Interrupted waiting to refresh disk information: sleep interrupted
2019-09-26 20:22:01,090 [ForkJoinPool.commonPool-worker-0] INFO  utils.BackgroundService (BackgroundService.java:shutdown(148)) - Shutting down service BlockDeletingService
2019-09-26 20:22:01,090 [main] INFO  utils.BackgroundService (BackgroundService.java:shutdown(148)) - Shutting down service BlockDeletingService
2019-09-26 20:22:01,093 [ForkJoinPool.commonPool-worker-0] INFO  statemachine.DatanodeStateMachine (DatanodeStateMachine.java:stopDaemon(395)) - Ozone container server stopped.
2019-09-26 20:22:01,096 [main] INFO  statemachine.DatanodeStateMachine (DatanodeStateMachine.java:stopDaemon(395)) - Ozone container server stopped.
2019-09-26 20:22:01,098 [ForkJoinPool.commonPool-worker-0] INFO  handler.ContextHandler (ContextHandler.java:doStop(910)) - Stopped o.e.j.w.WebAppContext@5ea4300e{/,null,UNAVAILABLE}{/hddsDatanode}
2019-09-26 20:22:01,098 [main] INFO  handler.ContextHandler (ContextHandler.java:doStop(910)) - Stopped o.e.j.w.WebAppContext@1d12e953{/,null,UNAVAILABLE}{/hddsDatanode}
2019-09-26 20:22:01,098 [ForkJoinPool.commonPool-worker-0] INFO  server.AbstractConnector (AbstractConnector.java:doStop(318)) - Stopped ServerConnector@5a1c3cb4{HTTP/1.1,[http/1.1]}{0.0.0.0:0}
2019-09-26 20:22:01,098 [main] INFO  server.AbstractConnector (AbstractConnector.java:doStop(318)) - Stopped ServerConnector@57cb70be{HTTP/1.1,[http/1.1]}{0.0.0.0:0}
2019-09-26 20:22:01,099 [ForkJoinPool.commonPool-worker-0] INFO  handler.ContextHandler (ContextHandler.java:doStop(910)) - Stopped o.e.j.s.ServletContextHandler@20b9d5d5{/static,jar:file:/home/user/.m2/repository/org/apache/hadoop/hadoop-hdds-container-service/0.5.0-SNAPSHOT/hadoop-hdds-container-service-0.5.0-SNAPSHOT.jar!/webapps/static,UNAVAILABLE}
2019-09-26 20:22:01,100 [main] INFO  handler.ContextHandler (ContextHandler.java:doStop(910)) - Stopped o.e.j.s.ServletContextHandler@6920b0bc{/static,jar:file:/home/user/.m2/repository/org/apache/hadoop/hadoop-hdds-container-service/0.5.0-SNAPSHOT/hadoop-hdds-container-service-0.5.0-SNAPSHOT.jar!/webapps/static,UNAVAILABLE}
2019-09-26 20:22:01,100 [ForkJoinPool.commonPool-worker-0] INFO  handler.ContextHandler (ContextHandler.java:doStop(910)) - Stopped o.e.j.s.ServletContextHandler@4228bf58{/logs,file:///workdir/hadoop-ozone/integration-test/target/log,UNAVAILABLE}
2019-09-26 20:22:01,101 [main] INFO  handler.ContextHandler (ContextHandler.java:doStop(910)) - Stopped o.e.j.s.ServletContextHandler@a50d709{/logs,file:///workdir/hadoop-ozone/integration-test/target/log,UNAVAILABLE}
2019-09-26 20:22:01,102 [main] INFO  ozone.MiniOzoneClusterImpl (MiniOzoneClusterImpl.java:stopSCM(392)) - Stopping the StorageContainerManager
2019-09-26 20:22:01,103 [main] INFO  server.StorageContainerManager (StorageContainerManager.java:stop(808)) - Stopping Replication Manager Service.
2019-09-26 20:22:01,103 [main] INFO  container.ReplicationManager (ReplicationManager.java:stop(203)) - Stopping Replication Monitor Thread.
2019-09-26 20:22:01,103 [main] INFO  server.StorageContainerManager (StorageContainerManager.java:stop(815)) - Stopping Lease Manager of the command watchers
2019-09-26 20:22:01,103 [main] INFO  server.StorageContainerManager (StorageContainerManager.java:stop(822)) - Stopping datanode service RPC server
2019-09-26 20:22:01,103 [main] INFO  server.SCMDatanodeProtocolServer (SCMDatanodeProtocolServer.java:stop(367)) - Stopping the RPC server for DataNodes
2019-09-26 20:22:01,104 [main] INFO  ipc.Server (Server.java:stop(3082)) - Stopping server on 40446
2019-09-26 20:22:01,105 [IPC Server listener on 40446] INFO  ipc.Server (Server.java:run(1185)) - Stopping IPC Server listener on 40446
2019-09-26 20:22:01,106 [IPC Server Responder] INFO  ipc.Server (Server.java:run(1319)) - Stopping IPC Server Responder
2019-09-26 20:22:01,203 [SCM Heartbeat Processing Thread - 0] WARN  node.NodeStateManager (NodeStateManager.java:scheduleNextHealthCheck(646)) - Current Thread is interrupted, shutting down HB processing thread for Node Manager.
2019-09-26 20:22:01,203 [main] INFO  server.StorageContainerManager (StorageContainerManager.java:stop(830)) - Stopping block service RPC server
2019-09-26 20:22:01,203 [main] INFO  server.SCMBlockProtocolServer (SCMBlockProtocolServer.java:stop(155)) - Stopping the RPC server for Block Protocol
2019-09-26 20:22:01,204 [main] INFO  ipc.Server (Server.java:stop(3082)) - Stopping server on 38555
2019-09-26 20:22:01,206 [IPC Server listener on 38555] INFO  ipc.Server (Server.java:run(1185)) - Stopping IPC Server listener on 38555
2019-09-26 20:22:01,206 [main] INFO  server.StorageContainerManager (StorageContainerManager.java:stop(837)) - Stopping the StorageContainerLocationProtocol RPC server
2019-09-26 20:22:01,206 [IPC Server Responder] INFO  ipc.Server (Server.java:run(1319)) - Stopping IPC Server Responder
2019-09-26 20:22:01,206 [main] INFO  server.SCMClientProtocolServer (SCMClientProtocolServer.java:stop(159)) - Stopping the RPC server for Client Protocol
2019-09-26 20:22:01,207 [main] INFO  ipc.Server (Server.java:stop(3082)) - Stopping server on 38758
2019-09-26 20:22:01,209 [IPC Server listener on 38758] INFO  ipc.Server (Server.java:run(1185)) - Stopping IPC Server listener on 38758
2019-09-26 20:22:01,209 [main] INFO  server.StorageContainerManager (StorageContainerManager.java:stop(844)) - Stopping Storage Container Manager HTTP server.
2019-09-26 20:22:01,209 [IPC Server Responder] INFO  ipc.Server (Server.java:run(1319)) - Stopping IPC Server Responder
2019-09-26 20:22:01,210 [main] INFO  handler.ContextHandler (ContextHandler.java:doStop(910)) - Stopped o.e.j.w.WebAppContext@41477a6d{/,null,UNAVAILABLE}{/scm}
2019-09-26 20:22:01,211 [main] INFO  server.AbstractConnector (AbstractConnector.java:doStop(318)) - Stopped ServerConnector@45394b31{HTTP/1.1,[http/1.1]}{0.0.0.0:0}
2019-09-26 20:22:01,211 [main] INFO  handler.ContextHandler (ContextHandler.java:doStop(910)) - Stopped o.e.j.s.ServletContextHandler@5bbbdd4b{/static,file:///workdir/hadoop-ozone/integration-test/target/test-classes/webapps/static,UNAVAILABLE}
2019-09-26 20:22:01,212 [main] INFO  handler.ContextHandler (ContextHandler.java:doStop(910)) - Stopped o.e.j.s.ServletContextHandler@5987e932{/logs,file:///workdir/hadoop-ozone/integration-test/target/log,UNAVAILABLE}
2019-09-26 20:22:01,213 [main] INFO  server.StorageContainerManager (StorageContainerManager.java:stop(855)) - Stopping Block Manager Service.
2019-09-26 20:22:01,214 [main] INFO  utils.BackgroundService (BackgroundService.java:shutdown(148)) - Shutting down service SCMBlockDeletingService
2019-09-26 20:22:01,214 [main] INFO  utils.BackgroundService (BackgroundService.java:shutdown(148)) - Shutting down service SCMBlockDeletingService
2019-09-26 20:22:01,215 [main] INFO  server.StorageContainerManager (StorageContainerManager.java:stop(877)) - Stopping SCM Event Queue.
2019-09-26 20:22:01,225 [main] INFO  impl.MetricsSystemImpl (MetricsSystemImpl.java:stop(210)) - Stopping ratis metrics system...
2019-09-26 20:22:01,239 [prometheus] INFO  impl.MetricsSinkAdapter (MetricsSinkAdapter.java:publishMetricsFromQueue(141)) - prometheus thread interrupted.
2019-09-26 20:22:01,239 [main] INFO  impl.MetricsSystemImpl (MetricsSystemImpl.java:stop(216)) - ratis metrics system stopped.
]]></system-out>
    <system-err><![CDATA[ERROR StatusLogger No Log4j 2 configuration file found. Using default configuration (logging only errors to the console), or user programmatically provided configurations. Set system property 'log4j2.debug' to show Log4j 2 internal initialization logging. See https://logging.apache.org/log4j/2.x/manual/configuration.html for instructions on how to configure Log4j 2
Sep 26, 2019 8:21:40 PM org.apache.ratis.thirdparty.io.grpc.internal.SerializingExecutor run
SEVERE: Exception while executing runnable org.apache.ratis.thirdparty.io.grpc.internal.ServerImpl$JumpToApplicationThreadServerStreamListener$1Closed@54d81999
org.apache.ratis.thirdparty.io.grpc.StatusRuntimeException: CANCELLED: call already cancelled
	at org.apache.ratis.thirdparty.io.grpc.Status.asRuntimeException(Status.java:517)
	at org.apache.ratis.thirdparty.io.grpc.stub.ServerCalls$ServerCallStreamObserverImpl.onCompleted(ServerCalls.java:356)
	at org.apache.ratis.grpc.server.GrpcServerProtocolService$ServerRequestStreamObserver.onError(GrpcServerProtocolService.java:121)
	at org.apache.ratis.thirdparty.io.grpc.stub.ServerCalls$StreamingServerCallHandler$StreamingServerCallListener.onCancel(ServerCalls.java:269)
	at org.apache.ratis.thirdparty.io.grpc.internal.ServerCallImpl$ServerStreamListenerImpl.closed(ServerCallImpl.java:293)
	at org.apache.ratis.thirdparty.io.grpc.internal.ServerImpl$JumpToApplicationThreadServerStreamListener$1Closed.runInContext(ServerImpl.java:741)
	at org.apache.ratis.thirdparty.io.grpc.internal.ContextRunnable.run(ContextRunnable.java:37)
	at org.apache.ratis.thirdparty.io.grpc.internal.SerializingExecutor.run(SerializingExecutor.java:123)
	at java.util.concurrent.ThreadPoolExecutor.runWorker(ThreadPoolExecutor.java:1149)
	at java.util.concurrent.ThreadPoolExecutor$Worker.run(ThreadPoolExecutor.java:624)
	at java.lang.Thread.run(Thread.java:748)

Sep 26, 2019 8:21:40 PM org.apache.ratis.thirdparty.io.grpc.internal.SerializingExecutor run
SEVERE: Exception while executing runnable org.apache.ratis.thirdparty.io.grpc.internal.ServerImpl$JumpToApplicationThreadServerStreamListener$1Closed@35483dbf
org.apache.ratis.thirdparty.io.grpc.StatusRuntimeException: CANCELLED: call already cancelled
	at org.apache.ratis.thirdparty.io.grpc.Status.asRuntimeException(Status.java:517)
	at org.apache.ratis.thirdparty.io.grpc.stub.ServerCalls$ServerCallStreamObserverImpl.onCompleted(ServerCalls.java:356)
	at org.apache.ratis.grpc.server.GrpcServerProtocolService$ServerRequestStreamObserver.onError(GrpcServerProtocolService.java:121)
	at org.apache.ratis.thirdparty.io.grpc.stub.ServerCalls$StreamingServerCallHandler$StreamingServerCallListener.onCancel(ServerCalls.java:269)
	at org.apache.ratis.thirdparty.io.grpc.internal.ServerCallImpl$ServerStreamListenerImpl.closed(ServerCallImpl.java:293)
	at org.apache.ratis.thirdparty.io.grpc.internal.ServerImpl$JumpToApplicationThreadServerStreamListener$1Closed.runInContext(ServerImpl.java:741)
	at org.apache.ratis.thirdparty.io.grpc.internal.ContextRunnable.run(ContextRunnable.java:37)
	at org.apache.ratis.thirdparty.io.grpc.internal.SerializingExecutor.run(SerializingExecutor.java:123)
	at java.util.concurrent.ThreadPoolExecutor.runWorker(ThreadPoolExecutor.java:1149)
	at java.util.concurrent.ThreadPoolExecutor$Worker.run(ThreadPoolExecutor.java:624)
	at java.lang.Thread.run(Thread.java:748)

Sep 26, 2019 8:21:45 PM org.apache.ratis.thirdparty.io.grpc.internal.SerializingExecutor run
SEVERE: Exception while executing runnable org.apache.ratis.thirdparty.io.grpc.internal.ServerImpl$JumpToApplicationThreadServerStreamListener$1Closed@72ae8ad5
org.apache.ratis.thirdparty.io.grpc.StatusRuntimeException: CANCELLED: call already cancelled
	at org.apache.ratis.thirdparty.io.grpc.Status.asRuntimeException(Status.java:517)
	at org.apache.ratis.thirdparty.io.grpc.stub.ServerCalls$ServerCallStreamObserverImpl.onCompleted(ServerCalls.java:356)
	at org.apache.ratis.grpc.server.GrpcServerProtocolService$ServerRequestStreamObserver.onError(GrpcServerProtocolService.java:121)
	at org.apache.ratis.thirdparty.io.grpc.stub.ServerCalls$StreamingServerCallHandler$StreamingServerCallListener.onCancel(ServerCalls.java:269)
	at org.apache.ratis.thirdparty.io.grpc.internal.ServerCallImpl$ServerStreamListenerImpl.closed(ServerCallImpl.java:293)
	at org.apache.ratis.thirdparty.io.grpc.internal.ServerImpl$JumpToApplicationThreadServerStreamListener$1Closed.runInContext(ServerImpl.java:741)
	at org.apache.ratis.thirdparty.io.grpc.internal.ContextRunnable.run(ContextRunnable.java:37)
	at org.apache.ratis.thirdparty.io.grpc.internal.SerializingExecutor.run(SerializingExecutor.java:123)
	at java.util.concurrent.ThreadPoolExecutor.runWorker(ThreadPoolExecutor.java:1149)
	at java.util.concurrent.ThreadPoolExecutor$Worker.run(ThreadPoolExecutor.java:624)
	at java.lang.Thread.run(Thread.java:748)

Sep 26, 2019 8:21:55 PM org.apache.ratis.thirdparty.io.grpc.internal.SerializingExecutor run
SEVERE: Exception while executing runnable org.apache.ratis.thirdparty.io.grpc.internal.ServerImpl$JumpToApplicationThreadServerStreamListener$1Closed@7e2082c2
org.apache.ratis.thirdparty.io.grpc.StatusRuntimeException: CANCELLED: call already cancelled
	at org.apache.ratis.thirdparty.io.grpc.Status.asRuntimeException(Status.java:517)
	at org.apache.ratis.thirdparty.io.grpc.stub.ServerCalls$ServerCallStreamObserverImpl.onCompleted(ServerCalls.java:356)
	at org.apache.ratis.grpc.server.GrpcServerProtocolService$ServerRequestStreamObserver.onError(GrpcServerProtocolService.java:121)
	at org.apache.ratis.thirdparty.io.grpc.stub.ServerCalls$StreamingServerCallHandler$StreamingServerCallListener.onCancel(ServerCalls.java:269)
	at org.apache.ratis.thirdparty.io.grpc.internal.ServerCallImpl$ServerStreamListenerImpl.closed(ServerCallImpl.java:293)
	at org.apache.ratis.thirdparty.io.grpc.internal.ServerImpl$JumpToApplicationThreadServerStreamListener$1Closed.runInContext(ServerImpl.java:741)
	at org.apache.ratis.thirdparty.io.grpc.internal.ContextRunnable.run(ContextRunnable.java:37)
	at org.apache.ratis.thirdparty.io.grpc.internal.SerializingExecutor.run(SerializingExecutor.java:123)
	at java.util.concurrent.ThreadPoolExecutor.runWorker(ThreadPoolExecutor.java:1149)
	at java.util.concurrent.ThreadPoolExecutor$Worker.run(ThreadPoolExecutor.java:624)
	at java.lang.Thread.run(Thread.java:748)

]]></system-err>
  </testcase>
</testsuite>