<?xml version="1.0" encoding="UTF-8"?>
<testsuite xmlns:xsi="http://www.w3.org/2001/XMLSchema-instance" xsi:noNamespaceSchemaLocation="https://maven.apache.org/surefire/maven-surefire-plugin/xsd/surefire-test-report.xsd" name="org.apache.hadoop.ozone.client.rpc.TestCloseContainerHandlingByClient" time="142.079" tests="1" errors="1" skipped="0" failures="0">
  <properties>
    <property name="awt.toolkit" value="sun.awt.X11.XToolkit"/>
    <property name="file.encoding.pkg" value="sun.io"/>
    <property name="java.specification.version" value="1.8"/>
    <property name="sun.cpu.isalist" value=""/>
    <property name="sun.jnu.encoding" value="UTF-8"/>
    <property name="java.class.path" value="/workdir/hadoop-ozone/integration-test/target/test-classes:/workdir/hadoop-ozone/integration-test/target/classes:/home/user/.m2/repository/org/apache/hadoop/hadoop-ozone-common/0.5.0-SNAPSHOT/hadoop-ozone-common-0.5.0-SNAPSHOT.jar:/home/user/.m2/repository/org/apache/commons/commons-compress/1.4.1/commons-compress-1.4.1.jar:/home/user/.m2/repository/org/tukaani/xz/1.0/xz-1.0.jar:/home/user/.m2/repository/org/apache/hadoop/hadoop-common/3.2.0/hadoop-common-3.2.0.jar:/home/user/.m2/repository/org/apache/hadoop/hadoop-hdfs/3.2.0/hadoop-hdfs-3.2.0.jar:/home/user/.m2/repository/org/apache/hadoop/hadoop-hdfs-client/3.2.0/hadoop-hdfs-client-3.2.0.jar:/home/user/.m2/repository/com/fasterxml/jackson/core/jackson-annotations/2.9.9/jackson-annotations-2.9.9.jar:/home/user/.m2/repository/org/apache/hadoop/hadoop-hdds-common/0.5.0-SNAPSHOT/hadoop-hdds-common-0.5.0-SNAPSHOT.jar:/home/user/.m2/repository/javax/annotation/javax.annotation-api/1.2/javax.annotation-api-1.2.jar:/home/user/.m2/repository/org/apache/ratis/ratis-server/0.4.0/ratis-server-0.4.0.jar:/home/user/.m2/repository/org/apache/ratis/ratis-thirdparty-misc/0.2.0/ratis-thirdparty-misc-0.2.0.jar:/home/user/.m2/repository/org/apache/ratis/ratis-proto/0.4.0/ratis-proto-0.4.0.jar:/home/user/.m2/repository/org/apache/ratis/ratis-common/0.4.0/ratis-common-0.4.0.jar:/home/user/.m2/repository/org/apache/ratis/ratis-client/0.4.0/ratis-client-0.4.0.jar:/home/user/.m2/repository/org/apache/ratis/ratis-metrics/0.4.0/ratis-metrics-0.4.0.jar:/home/user/.m2/repository/com/github/joshelser/dropwizard-metrics-hadoop-metrics2-reporter/0.1.2/dropwizard-metrics-hadoop-metrics2-reporter-0.1.2.jar:/home/user/.m2/repository/io/dropwizard/metrics/metrics-jvm/3.2.5/metrics-jvm-3.2.5.jar:/home/user/.m2/repository/io/dropwizard/metrics/metrics-ganglia/3.2.5/metrics-ganglia-3.2.5.jar:/home/user/.m2/repository/info/ganglia/gmetric4j/gmetric4j/1.0.7/gmetric4j-1.0.7.jar:/home/user/.m2/repository/org/apache/ratis/ratis-netty/0.4.0/ratis-netty-0.4.0.jar:/home/user/.m2/repository/org/apache/ratis/ratis-grpc/0.4.0/ratis-grpc-0.4.0.jar:/home/user/.m2/repository/org/rocksdb/rocksdbjni/6.0.1/rocksdbjni-6.0.1.jar:/home/user/.m2/repository/org/apache/logging/log4j/log4j-api/2.11.0/log4j-api-2.11.0.jar:/home/user/.m2/repository/org/apache/logging/log4j/log4j-core/2.11.0/log4j-core-2.11.0.jar:/home/user/.m2/repository/com/lmax/disruptor/3.4.2/disruptor-3.4.2.jar:/home/user/.m2/repository/org/apache/commons/commons-pool2/2.6.0/commons-pool2-2.6.0.jar:/home/user/.m2/repository/org/bouncycastle/bcpkix-jdk15on/1.60/bcpkix-jdk15on-1.60.jar:/home/user/.m2/repository/commons-validator/commons-validator/1.6/commons-validator-1.6.jar:/home/user/.m2/repository/commons-digester/commons-digester/1.8.1/commons-digester-1.8.1.jar:/home/user/.m2/repository/io/jaegertracing/jaeger-client/0.34.0/jaeger-client-0.34.0.jar:/home/user/.m2/repository/io/jaegertracing/jaeger-thrift/0.34.0/jaeger-thrift-0.34.0.jar:/home/user/.m2/repository/org/apache/thrift/libthrift/0.12.0/libthrift-0.12.0.jar:/home/user/.m2/repository/com/squareup/okhttp3/okhttp/3.9.0/okhttp-3.9.0.jar:/home/user/.m2/repository/com/squareup/okio/okio/1.13.0/okio-1.13.0.jar:/home/user/.m2/repository/io/jaegertracing/jaeger-core/0.34.0/jaeger-core-0.34.0.jar:/home/user/.m2/repository/io/jaegertracing/jaeger-tracerresolver/0.34.0/jaeger-tracerresolver-0.34.0.jar:/home/user/.m2/repository/io/opentracing/contrib/opentracing-tracerresolver/0.1.5/opentracing-tracerresolver-0.1.5.jar:/home/user/.m2/repository/io/opentracing/opentracing-util/0.31.0/opentracing-util-0.31.0.jar:/home/user/.m2/repository/io/opentracing/opentracing-api/0.31.0/opentracing-api-0.31.0.jar:/home/user/.m2/repository/io/opentracing/opentracing-noop/0.31.0/opentracing-noop-0.31.0.jar:/home/user/.m2/repository/org/apache/hadoop/hadoop-hdds-server-framework/0.5.0-SNAPSHOT/hadoop-hdds-server-framework-0.5.0-SNAPSHOT.jar:/home/user/.m2/repository/org/apache/hadoop/hadoop-hdds-container-service/0.5.0-SNAPSHOT/hadoop-hdds-container-service-0.5.0-SNAPSHOT.jar:/home/user/.m2/repository/org/apache/hadoop/hadoop-hdds-client/0.5.0-SNAPSHOT/hadoop-hdds-client-0.5.0-SNAPSHOT.jar:/home/user/.m2/repository/org/apache/hadoop/hadoop-hdds-tools/0.5.0-SNAPSHOT/hadoop-hdds-tools-0.5.0-SNAPSHOT.jar:/home/user/.m2/repository/org/apache/hadoop/hadoop-hdds-server-scm/0.5.0-SNAPSHOT/hadoop-hdds-server-scm-0.5.0-SNAPSHOT.jar:/home/user/.m2/repository/org/apache/hadoop/hadoop-hdds-docs/0.5.0-SNAPSHOT/hadoop-hdds-docs-0.5.0-SNAPSHOT.jar:/home/user/.m2/repository/io/dropwizard/metrics/metrics-core/3.2.4/metrics-core-3.2.4.jar:/home/user/.m2/repository/org/hamcrest/hamcrest-all/1.3/hamcrest-all-1.3.jar:/home/user/.m2/repository/org/bouncycastle/bcprov-jdk15on/1.60/bcprov-jdk15on-1.60.jar:/home/user/.m2/repository/info/picocli/picocli/3.9.6/picocli-3.9.6.jar:/home/user/.m2/repository/com/google/protobuf/protobuf-java/2.5.0/protobuf-java-2.5.0.jar:/home/user/.m2/repository/com/google/guava/guava/11.0.2/guava-11.0.2.jar:/home/user/.m2/repository/org/apache/hadoop/hadoop-ozone-ozone-manager/0.5.0-SNAPSHOT/hadoop-ozone-ozone-manager-0.5.0-SNAPSHOT.jar:/home/user/.m2/repository/org/apache/hadoop/hadoop-minikdc/3.2.0/hadoop-minikdc-3.2.0.jar:/home/user/.m2/repository/commons-io/commons-io/2.5/commons-io-2.5.jar:/home/user/.m2/repository/org/apache/kerby/kerb-simplekdc/1.0.1/kerb-simplekdc-1.0.1.jar:/home/user/.m2/repository/org/apache/kerby/kerb-client/1.0.1/kerb-client-1.0.1.jar:/home/user/.m2/repository/org/apache/kerby/kerby-config/1.0.1/kerby-config-1.0.1.jar:/home/user/.m2/repository/org/apache/kerby/kerb-core/1.0.1/kerb-core-1.0.1.jar:/home/user/.m2/repository/org/apache/kerby/kerby-pkix/1.0.1/kerby-pkix-1.0.1.jar:/home/user/.m2/repository/org/apache/kerby/kerby-asn1/1.0.1/kerby-asn1-1.0.1.jar:/home/user/.m2/repository/org/apache/kerby/kerby-util/1.0.1/kerby-util-1.0.1.jar:/home/user/.m2/repository/org/apache/kerby/kerb-common/1.0.1/kerb-common-1.0.1.jar:/home/user/.m2/repository/org/apache/kerby/kerb-crypto/1.0.1/kerb-crypto-1.0.1.jar:/home/user/.m2/repository/org/apache/kerby/kerb-util/1.0.1/kerb-util-1.0.1.jar:/home/user/.m2/repository/org/apache/kerby/token-provider/1.0.1/token-provider-1.0.1.jar:/home/user/.m2/repository/org/apache/kerby/kerb-admin/1.0.1/kerb-admin-1.0.1.jar:/home/user/.m2/repository/org/apache/kerby/kerb-server/1.0.1/kerb-server-1.0.1.jar:/home/user/.m2/repository/org/apache/kerby/kerb-identity/1.0.1/kerb-identity-1.0.1.jar:/home/user/.m2/repository/org/apache/kerby/kerby-xdr/1.0.1/kerby-xdr-1.0.1.jar:/home/user/.m2/repository/org/slf4j/slf4j-log4j12/1.7.25/slf4j-log4j12-1.7.25.jar:/home/user/.m2/repository/org/apache/hadoop/hadoop-ozone-s3gateway/0.5.0-SNAPSHOT/hadoop-ozone-s3gateway-0.5.0-SNAPSHOT.jar:/home/user/.m2/repository/org/jboss/weld/servlet/weld-servlet/2.4.7.Final/weld-servlet-2.4.7.Final.jar:/home/user/.m2/repository/org/glassfish/jersey/containers/jersey-container-servlet-core/2.27/jersey-container-servlet-core-2.27.jar:/home/user/.m2/repository/org/glassfish/hk2/external/javax.inject/2.5.0-b42/javax.inject-2.5.0-b42.jar:/home/user/.m2/repository/org/glassfish/jersey/core/jersey-common/2.27/jersey-common-2.27.jar:/home/user/.m2/repository/org/glassfish/hk2/osgi-resource-locator/1.0.1/osgi-resource-locator-1.0.1.jar:/home/user/.m2/repository/javax/ws/rs/javax.ws.rs-api/2.1/javax.ws.rs-api-2.1.jar:/home/user/.m2/repository/org/glassfish/jersey/ext/cdi/jersey-cdi1x/2.27/jersey-cdi1x-2.27.jar:/home/user/.m2/repository/org/glassfish/jersey/inject/jersey-hk2/2.27/jersey-hk2-2.27.jar:/home/user/.m2/repository/org/glassfish/hk2/hk2-locator/2.5.0-b42/hk2-locator-2.5.0-b42.jar:/home/user/.m2/repository/org/javassist/javassist/3.22.0-CR2/javassist-3.22.0-CR2.jar:/home/user/.m2/repository/org/glassfish/hk2/hk2-api/2.5.0/hk2-api-2.5.0.jar:/home/user/.m2/repository/org/glassfish/hk2/external/jakarta.inject/2.5.0/jakarta.inject-2.5.0.jar:/home/user/.m2/repository/org/glassfish/hk2/hk2-utils/2.5.0/hk2-utils-2.5.0.jar:/home/user/.m2/repository/jakarta/annotation/jakarta.annotation-api/1.3.4/jakarta.annotation-api-1.3.4.jar:/home/user/.m2/repository/org/glassfish/hk2/external/aopalliance-repackaged/2.5.0/aopalliance-repackaged-2.5.0.jar:/home/user/.m2/repository/com/fasterxml/jackson/dataformat/jackson-dataformat-xml/2.9.0/jackson-dataformat-xml-2.9.0.jar:/home/user/.m2/repository/com/fasterxml/jackson/core/jackson-core/2.9.9/jackson-core-2.9.9.jar:/home/user/.m2/repository/com/fasterxml/jackson/module/jackson-module-jaxb-annotations/2.9.9/jackson-module-jaxb-annotations-2.9.9.jar:/home/user/.m2/repository/javax/enterprise/cdi-api/1.2/cdi-api-1.2.jar:/home/user/.m2/repository/javax/el/javax.el-api/3.0.0/javax.el-api-3.0.0.jar:/home/user/.m2/repository/javax/interceptor/javax.interceptor-api/1.2/javax.interceptor-api-1.2.jar:/home/user/.m2/repository/javax/inject/javax.inject/1/javax.inject-1.jar:/home/user/.m2/repository/com/sun/xml/bind/jaxb-impl/2.3.0.1/jaxb-impl-2.3.0.1.jar:/home/user/.m2/repository/com/sun/xml/bind/jaxb-core/2.3.0.1/jaxb-core-2.3.0.1.jar:/home/user/.m2/repository/javax/xml/bind/jaxb-api/2.3.0/jaxb-api-2.3.0.jar:/home/user/.m2/repository/javax/activation/activation/1.1.1/activation-1.1.1.jar:/home/user/.m2/repository/org/apache/hadoop/hadoop-ozone-csi/0.5.0-SNAPSHOT/hadoop-ozone-csi-0.5.0-SNAPSHOT.jar:/home/user/.m2/repository/com/google/protobuf/protobuf-java-util/3.5.1/protobuf-java-util-3.5.1.jar:/home/user/.m2/repository/org/apache/hadoop/hadoop-hdds-config/0.5.0-SNAPSHOT/hadoop-hdds-config-0.5.0-SNAPSHOT.jar:/home/user/.m2/repository/io/grpc/grpc-netty/1.17.1/grpc-netty-1.17.1.jar:/home/user/.m2/repository/io/grpc/grpc-core/1.17.1/grpc-core-1.17.1.jar:/home/user/.m2/repository/io/grpc/grpc-context/1.17.1/grpc-context-1.17.1.jar:/home/user/.m2/repository/com/google/errorprone/error_prone_annotations/2.2.0/error_prone_annotations-2.2.0.jar:/home/user/.m2/repository/org/codehaus/mojo/animal-sniffer-annotations/1.17/animal-sniffer-annotations-1.17.jar:/home/user/.m2/repository/io/opencensus/opencensus-api/0.17.0/opencensus-api-0.17.0.jar:/home/user/.m2/repository/io/opencensus/opencensus-contrib-grpc-metrics/0.17.0/opencensus-contrib-grpc-metrics-0.17.0.jar:/home/user/.m2/repository/io/netty/netty-codec-http2/4.1.30.Final/netty-codec-http2-4.1.30.Final.jar:/home/user/.m2/repository/io/netty/netty-codec-http/4.1.30.Final/netty-codec-http-4.1.30.Final.jar:/home/user/.m2/repository/io/netty/netty-codec/4.1.30.Final/netty-codec-4.1.30.Final.jar:/home/user/.m2/repository/io/netty/netty-handler/4.1.30.Final/netty-handler-4.1.30.Final.jar:/home/user/.m2/repository/io/netty/netty-handler-proxy/4.1.30.Final/netty-handler-proxy-4.1.30.Final.jar:/home/user/.m2/repository/io/netty/netty-codec-socks/4.1.30.Final/netty-codec-socks-4.1.30.Final.jar:/home/user/.m2/repository/io/netty/netty-transport-native-epoll/4.1.30.Final/netty-transport-native-epoll-4.1.30.Final.jar:/home/user/.m2/repository/io/netty/netty-common/4.1.30.Final/netty-common-4.1.30.Final.jar:/home/user/.m2/repository/io/netty/netty-buffer/4.1.30.Final/netty-buffer-4.1.30.Final.jar:/home/user/.m2/repository/io/netty/netty-transport/4.1.30.Final/netty-transport-4.1.30.Final.jar:/home/user/.m2/repository/io/netty/netty-resolver/4.1.30.Final/netty-resolver-4.1.30.Final.jar:/home/user/.m2/repository/io/netty/netty-transport-native-unix-common/4.1.30.Final/netty-transport-native-unix-common-4.1.30.Final.jar:/home/user/.m2/repository/io/grpc/grpc-protobuf/1.17.1/grpc-protobuf-1.17.1.jar:/home/user/.m2/repository/com/google/api/grpc/proto-google-common-protos/1.0.0/proto-google-common-protos-1.0.0.jar:/home/user/.m2/repository/io/grpc/grpc-protobuf-lite/1.17.1/grpc-protobuf-lite-1.17.1.jar:/home/user/.m2/repository/io/grpc/grpc-stub/1.17.1/grpc-stub-1.17.1.jar:/home/user/.m2/repository/org/apache/hadoop/hadoop-ozone-recon/0.5.0-SNAPSHOT/hadoop-ozone-recon-0.5.0-SNAPSHOT.jar:/home/user/.m2/repository/org/apache/hadoop/hadoop-ozone-reconcodegen/0.5.0-SNAPSHOT/hadoop-ozone-reconcodegen-0.5.0-SNAPSHOT.jar:/home/user/.m2/repository/com/google/inject/extensions/guice-multibindings/4.0/guice-multibindings-4.0.jar:/home/user/.m2/repository/com/google/inject/guice/4.0/guice-4.0.jar:/home/user/.m2/repository/aopalliance/aopalliance/1.0/aopalliance-1.0.jar:/home/user/.m2/repository/com/google/inject/extensions/guice-servlet/4.0/guice-servlet-4.0.jar:/home/user/.m2/repository/org/glassfish/jersey/containers/jersey-container-servlet/2.27/jersey-container-servlet-2.27.jar:/home/user/.m2/repository/org/glassfish/hk2/guice-bridge/2.5.0/guice-bridge-2.5.0.jar:/home/user/.m2/repository/org/glassfish/jersey/core/jersey-server/2.27/jersey-server-2.27.jar:/home/user/.m2/repository/org/glassfish/jersey/core/jersey-client/2.27/jersey-client-2.27.jar:/home/user/.m2/repository/org/glassfish/jersey/media/jersey-media-jaxb/2.27/jersey-media-jaxb-2.27.jar:/home/user/.m2/repository/javax/validation/validation-api/1.1.0.Final/validation-api-1.1.0.Final.jar:/home/user/.m2/repository/org/glassfish/jersey/media/jersey-media-json-jackson/2.27/jersey-media-json-jackson-2.27.jar:/home/user/.m2/repository/org/glassfish/jersey/ext/jersey-entity-filtering/2.27/jersey-entity-filtering-2.27.jar:/home/user/.m2/repository/com/google/inject/extensions/guice-assistedinject/4.0/guice-assistedinject-4.0.jar:/home/user/.m2/repository/org/jooq/jooq/3.11.10/jooq-3.11.10.jar:/home/user/.m2/repository/org/jooq/jooq-meta/3.11.10/jooq-meta-3.11.10.jar:/home/user/.m2/repository/org/jooq/jooq-codegen/3.11.10/jooq-codegen-3.11.10.jar:/home/user/.m2/repository/com/jolbox/bonecp/0.8.0.RELEASE/bonecp-0.8.0.RELEASE.jar:/home/user/.m2/repository/org/xerial/sqlite-jdbc/3.25.2/sqlite-jdbc-3.25.2.jar:/home/user/.m2/repository/org/springframework/spring-jdbc/5.1.3.RELEASE/spring-jdbc-5.1.3.RELEASE.jar:/home/user/.m2/repository/org/springframework/spring-beans/5.1.3.RELEASE/spring-beans-5.1.3.RELEASE.jar:/home/user/.m2/repository/org/springframework/spring-core/5.1.3.RELEASE/spring-core-5.1.3.RELEASE.jar:/home/user/.m2/repository/org/springframework/spring-jcl/5.1.3.RELEASE/spring-jcl-5.1.3.RELEASE.jar:/home/user/.m2/repository/org/springframework/spring-tx/5.1.3.RELEASE/spring-tx-5.1.3.RELEASE.jar:/home/user/.m2/repository/org/apache/hadoop/hadoop-ozone-client/0.5.0-SNAPSHOT/hadoop-ozone-client-0.5.0-SNAPSHOT.jar:/home/user/.m2/repository/commons-lang/commons-lang/2.6/commons-lang-2.6.jar:/home/user/.m2/repository/org/apache/hadoop/hadoop-ozone-ozone-manager/0.5.0-SNAPSHOT/hadoop-ozone-ozone-manager-0.5.0-SNAPSHOT-tests.jar:/home/user/.m2/repository/junit/junit/4.11/junit-4.11.jar:/home/user/.m2/repository/org/hamcrest/hamcrest-core/1.3/hamcrest-core-1.3.jar:/home/user/.m2/repository/org/openjdk/jmh/jmh-core/1.19/jmh-core-1.19.jar:/home/user/.m2/repository/net/sf/jopt-simple/jopt-simple/4.6/jopt-simple-4.6.jar:/home/user/.m2/repository/org/apache/commons/commons-math3/3.1.1/commons-math3-3.1.1.jar:/home/user/.m2/repository/org/openjdk/jmh/jmh-generator-annprocess/1.19/jmh-generator-annprocess-1.19.jar:/home/user/.m2/repository/org/mockito/mockito-all/1.8.5/mockito-all-1.8.5.jar:/home/user/.m2/repository/org/apache/hadoop/hadoop-kms/3.2.0/hadoop-kms-3.2.0.jar:/home/user/.m2/repository/org/apache/hadoop/hadoop-auth/3.2.0/hadoop-auth-3.2.0.jar:/home/user/.m2/repository/com/nimbusds/nimbus-jose-jwt/4.41.1/nimbus-jose-jwt-4.41.1.jar:/home/user/.m2/repository/com/github/stephenc/jcip/jcip-annotations/1.0-1/jcip-annotations-1.0-1.jar:/home/user/.m2/repository/net/minidev/json-smart/2.3/json-smart-2.3.jar:/home/user/.m2/repository/net/minidev/accessors-smart/1.2/accessors-smart-1.2.jar:/home/user/.m2/repository/org/ow2/asm/asm/5.0.4/asm-5.0.4.jar:/home/user/.m2/repository/org/apache/curator/curator-framework/2.12.0/curator-framework-2.12.0.jar:/home/user/.m2/repository/com/sun/jersey/jersey-core/1.19/jersey-core-1.19.jar:/home/user/.m2/repository/javax/ws/rs/jsr311-api/1.1.1/jsr311-api-1.1.1.jar:/home/user/.m2/repository/com/sun/jersey/jersey-server/1.19/jersey-server-1.19.jar:/home/user/.m2/repository/javax/servlet/javax.servlet-api/3.1.0/javax.servlet-api-3.1.0.jar:/home/user/.m2/repository/org/eclipse/jetty/jetty-server/9.3.25.v20180904/jetty-server-9.3.25.v20180904.jar:/home/user/.m2/repository/org/eclipse/jetty/jetty-http/9.3.25.v20180904/jetty-http-9.3.25.v20180904.jar:/home/user/.m2/repository/org/eclipse/jetty/jetty-io/9.3.25.v20180904/jetty-io-9.3.25.v20180904.jar:/home/user/.m2/repository/org/eclipse/jetty/jetty-webapp/9.3.25.v20180904/jetty-webapp-9.3.25.v20180904.jar:/home/user/.m2/repository/org/eclipse/jetty/jetty-xml/9.3.25.v20180904/jetty-xml-9.3.25.v20180904.jar:/home/user/.m2/repository/log4j/log4j/1.2.17/log4j-1.2.17.jar:/home/user/.m2/repository/org/slf4j/slf4j-api/1.7.25/slf4j-api-1.7.25.jar:/home/user/.m2/repository/org/slf4j/jul-to-slf4j/1.7.25/jul-to-slf4j-1.7.25.jar:/home/user/.m2/repository/org/eclipse/jetty/jetty-util/9.3.25.v20180904/jetty-util-9.3.25.v20180904.jar:/home/user/.m2/repository/com/fasterxml/jackson/core/jackson-databind/2.9.9/jackson-databind-2.9.9.jar:/home/user/.m2/repository/org/apache/hadoop/hadoop-kms/3.2.0/hadoop-kms-3.2.0-tests.jar:/home/user/.m2/repository/org/apache/hadoop/hadoop-hdds-server-scm/0.5.0-SNAPSHOT/hadoop-hdds-server-scm-0.5.0-SNAPSHOT-tests.jar:/home/user/.m2/repository/org/apache/hadoop/hadoop-hdds-container-service/0.5.0-SNAPSHOT/hadoop-hdds-container-service-0.5.0-SNAPSHOT-tests.jar:/home/user/.m2/repository/org/yaml/snakeyaml/1.16/snakeyaml-1.16.jar:/home/user/.m2/repository/org/apache/hadoop/hadoop-common/3.2.0/hadoop-common-3.2.0-tests.jar:/home/user/.m2/repository/org/apache/hadoop/hadoop-annotations/3.2.0/hadoop-annotations-3.2.0.jar:/usr/lib/jvm/java-1.8-openjdk/jre/../lib/tools.jar:/home/user/.m2/repository/commons-cli/commons-cli/1.2/commons-cli-1.2.jar:/home/user/.m2/repository/org/apache/httpcomponents/httpclient/4.5.2/httpclient-4.5.2.jar:/home/user/.m2/repository/org/apache/httpcomponents/httpcore/4.4.4/httpcore-4.4.4.jar:/home/user/.m2/repository/commons-codec/commons-codec/1.11/commons-codec-1.11.jar:/home/user/.m2/repository/commons-net/commons-net/3.6/commons-net-3.6.jar:/home/user/.m2/repository/commons-collections/commons-collections/3.2.2/commons-collections-3.2.2.jar:/home/user/.m2/repository/org/eclipse/jetty/jetty-servlet/9.3.25.v20180904/jetty-servlet-9.3.25.v20180904.jar:/home/user/.m2/repository/org/eclipse/jetty/jetty-security/9.3.25.v20180904/jetty-security-9.3.25.v20180904.jar:/home/user/.m2/repository/javax/servlet/jsp/jsp-api/2.1/jsp-api-2.1.jar:/home/user/.m2/repository/com/sun/jersey/jersey-servlet/1.19/jersey-servlet-1.19.jar:/home/user/.m2/repository/com/sun/jersey/jersey-json/1.19/jersey-json-1.19.jar:/home/user/.m2/repository/org/codehaus/jettison/jettison/1.1/jettison-1.1.jar:/home/user/.m2/repository/org/codehaus/jackson/jackson-core-asl/1.9.13/jackson-core-asl-1.9.13.jar:/home/user/.m2/repository/org/codehaus/jackson/jackson-mapper-asl/1.9.13/jackson-mapper-asl-1.9.13.jar:/home/user/.m2/repository/org/codehaus/jackson/jackson-jaxrs/1.9.13/jackson-jaxrs-1.9.13.jar:/home/user/.m2/repository/org/codehaus/jackson/jackson-xc/1.9.13/jackson-xc-1.9.13.jar:/home/user/.m2/repository/commons-logging/commons-logging/1.1.3/commons-logging-1.1.3.jar:/home/user/.m2/repository/commons-beanutils/commons-beanutils/1.9.4/commons-beanutils-1.9.4.jar:/home/user/.m2/repository/org/apache/commons/commons-configuration2/2.1.1/commons-configuration2-2.1.1.jar:/home/user/.m2/repository/org/apache/commons/commons-lang3/3.7/commons-lang3-3.7.jar:/home/user/.m2/repository/org/apache/commons/commons-text/1.4/commons-text-1.4.jar:/home/user/.m2/repository/org/apache/avro/avro/1.7.7/avro-1.7.7.jar:/home/user/.m2/repository/com/thoughtworks/paranamer/paranamer/2.3/paranamer-2.3.jar:/home/user/.m2/repository/org/xerial/snappy/snappy-java/1.0.5/snappy-java-1.0.5.jar:/home/user/.m2/repository/com/google/re2j/re2j/1.1/re2j-1.1.jar:/home/user/.m2/repository/com/google/code/gson/gson/2.2.4/gson-2.2.4.jar:/home/user/.m2/repository/com/jcraft/jsch/0.1.54/jsch-0.1.54.jar:/home/user/.m2/repository/org/apache/curator/curator-client/2.12.0/curator-client-2.12.0.jar:/home/user/.m2/repository/org/apache/curator/curator-recipes/2.12.0/curator-recipes-2.12.0.jar:/home/user/.m2/repository/com/google/code/findbugs/jsr305/3.0.0/jsr305-3.0.0.jar:/home/user/.m2/repository/org/apache/htrace/htrace-core4/4.1.0-incubating/htrace-core4-4.1.0-incubating.jar:/home/user/.m2/repository/org/apache/zookeeper/zookeeper/3.4.13/zookeeper-3.4.13.jar:/home/user/.m2/repository/jline/jline/0.9.94/jline-0.9.94.jar:/home/user/.m2/repository/org/apache/yetus/audience-annotations/0.5.0/audience-annotations-0.5.0.jar:/home/user/.m2/repository/org/codehaus/woodstox/stax2-api/3.1.4/stax2-api-3.1.4.jar:/home/user/.m2/repository/com/fasterxml/woodstox/woodstox-core/5.0.3/woodstox-core-5.0.3.jar:/home/user/.m2/repository/dnsjava/dnsjava/2.1.7/dnsjava-2.1.7.jar:/home/user/.m2/repository/org/apache/hadoop/hadoop-hdfs/3.2.0/hadoop-hdfs-3.2.0-tests.jar:/home/user/.m2/repository/org/eclipse/jetty/jetty-util-ajax/9.3.25.v20180904/jetty-util-ajax-9.3.25.v20180904.jar:/home/user/.m2/repository/commons-daemon/commons-daemon/1.0.13/commons-daemon-1.0.13.jar:/home/user/.m2/repository/io/netty/netty/3.10.5.Final/netty-3.10.5.Final.jar:/home/user/.m2/repository/io/netty/netty-all/4.0.52.Final/netty-all-4.0.52.Final.jar:/home/user/.m2/repository/org/fusesource/leveldbjni/leveldbjni-all/1.8/leveldbjni-all-1.8.jar:"/>
    <property name="java.vm.vendor" value="IcedTea"/>
    <property name="sun.arch.data.model" value="64"/>
    <property name="test.build.dir" value="/workdir/hadoop-ozone/integration-test/target/test-dir"/>
    <property name="test.cache.data" value=""/>
    <property name="java.vendor.url" value="https://icedtea.classpath.org"/>
    <property name="user.timezone" value=""/>
    <property name="java.vm.specification.version" value="1.8"/>
    <property name="os.name" value="Linux"/>
    <property name="test.build.data" value="/workdir/hadoop-ozone/integration-test/target/test-dir"/>
    <property name="user.country" value="US"/>
    <property name="sun.java.launcher" value="SUN_STANDARD"/>
    <property name="sun.boot.library.path" value="/usr/lib/jvm/java-1.8-openjdk/jre/lib/amd64"/>
    <property name="sun.java.command" value="/workdir/hadoop-ozone/integration-test/target/surefire/surefirebooter552791198585324572.jar /workdir/hadoop-ozone/integration-test/target/surefire 2019-09-26T18-35-23_830-jvmRun1 surefire486311551875127134tmp surefire_598921984153914833516tmp"/>
    <property name="test" value="!TestMiniChaosOzoneCluster"/>
    <property name="surefire.test.class.path" value="/workdir/hadoop-ozone/integration-test/target/test-classes:/workdir/hadoop-ozone/integration-test/target/classes:/home/user/.m2/repository/org/apache/hadoop/hadoop-ozone-common/0.5.0-SNAPSHOT/hadoop-ozone-common-0.5.0-SNAPSHOT.jar:/home/user/.m2/repository/org/apache/commons/commons-compress/1.4.1/commons-compress-1.4.1.jar:/home/user/.m2/repository/org/tukaani/xz/1.0/xz-1.0.jar:/home/user/.m2/repository/org/apache/hadoop/hadoop-common/3.2.0/hadoop-common-3.2.0.jar:/home/user/.m2/repository/org/apache/hadoop/hadoop-hdfs/3.2.0/hadoop-hdfs-3.2.0.jar:/home/user/.m2/repository/org/apache/hadoop/hadoop-hdfs-client/3.2.0/hadoop-hdfs-client-3.2.0.jar:/home/user/.m2/repository/com/fasterxml/jackson/core/jackson-annotations/2.9.9/jackson-annotations-2.9.9.jar:/home/user/.m2/repository/org/apache/hadoop/hadoop-hdds-common/0.5.0-SNAPSHOT/hadoop-hdds-common-0.5.0-SNAPSHOT.jar:/home/user/.m2/repository/javax/annotation/javax.annotation-api/1.2/javax.annotation-api-1.2.jar:/home/user/.m2/repository/org/apache/ratis/ratis-server/0.4.0/ratis-server-0.4.0.jar:/home/user/.m2/repository/org/apache/ratis/ratis-thirdparty-misc/0.2.0/ratis-thirdparty-misc-0.2.0.jar:/home/user/.m2/repository/org/apache/ratis/ratis-proto/0.4.0/ratis-proto-0.4.0.jar:/home/user/.m2/repository/org/apache/ratis/ratis-common/0.4.0/ratis-common-0.4.0.jar:/home/user/.m2/repository/org/apache/ratis/ratis-client/0.4.0/ratis-client-0.4.0.jar:/home/user/.m2/repository/org/apache/ratis/ratis-metrics/0.4.0/ratis-metrics-0.4.0.jar:/home/user/.m2/repository/com/github/joshelser/dropwizard-metrics-hadoop-metrics2-reporter/0.1.2/dropwizard-metrics-hadoop-metrics2-reporter-0.1.2.jar:/home/user/.m2/repository/io/dropwizard/metrics/metrics-jvm/3.2.5/metrics-jvm-3.2.5.jar:/home/user/.m2/repository/io/dropwizard/metrics/metrics-ganglia/3.2.5/metrics-ganglia-3.2.5.jar:/home/user/.m2/repository/info/ganglia/gmetric4j/gmetric4j/1.0.7/gmetric4j-1.0.7.jar:/home/user/.m2/repository/org/apache/ratis/ratis-netty/0.4.0/ratis-netty-0.4.0.jar:/home/user/.m2/repository/org/apache/ratis/ratis-grpc/0.4.0/ratis-grpc-0.4.0.jar:/home/user/.m2/repository/org/rocksdb/rocksdbjni/6.0.1/rocksdbjni-6.0.1.jar:/home/user/.m2/repository/org/apache/logging/log4j/log4j-api/2.11.0/log4j-api-2.11.0.jar:/home/user/.m2/repository/org/apache/logging/log4j/log4j-core/2.11.0/log4j-core-2.11.0.jar:/home/user/.m2/repository/com/lmax/disruptor/3.4.2/disruptor-3.4.2.jar:/home/user/.m2/repository/org/apache/commons/commons-pool2/2.6.0/commons-pool2-2.6.0.jar:/home/user/.m2/repository/org/bouncycastle/bcpkix-jdk15on/1.60/bcpkix-jdk15on-1.60.jar:/home/user/.m2/repository/commons-validator/commons-validator/1.6/commons-validator-1.6.jar:/home/user/.m2/repository/commons-digester/commons-digester/1.8.1/commons-digester-1.8.1.jar:/home/user/.m2/repository/io/jaegertracing/jaeger-client/0.34.0/jaeger-client-0.34.0.jar:/home/user/.m2/repository/io/jaegertracing/jaeger-thrift/0.34.0/jaeger-thrift-0.34.0.jar:/home/user/.m2/repository/org/apache/thrift/libthrift/0.12.0/libthrift-0.12.0.jar:/home/user/.m2/repository/com/squareup/okhttp3/okhttp/3.9.0/okhttp-3.9.0.jar:/home/user/.m2/repository/com/squareup/okio/okio/1.13.0/okio-1.13.0.jar:/home/user/.m2/repository/io/jaegertracing/jaeger-core/0.34.0/jaeger-core-0.34.0.jar:/home/user/.m2/repository/io/jaegertracing/jaeger-tracerresolver/0.34.0/jaeger-tracerresolver-0.34.0.jar:/home/user/.m2/repository/io/opentracing/contrib/opentracing-tracerresolver/0.1.5/opentracing-tracerresolver-0.1.5.jar:/home/user/.m2/repository/io/opentracing/opentracing-util/0.31.0/opentracing-util-0.31.0.jar:/home/user/.m2/repository/io/opentracing/opentracing-api/0.31.0/opentracing-api-0.31.0.jar:/home/user/.m2/repository/io/opentracing/opentracing-noop/0.31.0/opentracing-noop-0.31.0.jar:/home/user/.m2/repository/org/apache/hadoop/hadoop-hdds-server-framework/0.5.0-SNAPSHOT/hadoop-hdds-server-framework-0.5.0-SNAPSHOT.jar:/home/user/.m2/repository/org/apache/hadoop/hadoop-hdds-container-service/0.5.0-SNAPSHOT/hadoop-hdds-container-service-0.5.0-SNAPSHOT.jar:/home/user/.m2/repository/org/apache/hadoop/hadoop-hdds-client/0.5.0-SNAPSHOT/hadoop-hdds-client-0.5.0-SNAPSHOT.jar:/home/user/.m2/repository/org/apache/hadoop/hadoop-hdds-tools/0.5.0-SNAPSHOT/hadoop-hdds-tools-0.5.0-SNAPSHOT.jar:/home/user/.m2/repository/org/apache/hadoop/hadoop-hdds-server-scm/0.5.0-SNAPSHOT/hadoop-hdds-server-scm-0.5.0-SNAPSHOT.jar:/home/user/.m2/repository/org/apache/hadoop/hadoop-hdds-docs/0.5.0-SNAPSHOT/hadoop-hdds-docs-0.5.0-SNAPSHOT.jar:/home/user/.m2/repository/io/dropwizard/metrics/metrics-core/3.2.4/metrics-core-3.2.4.jar:/home/user/.m2/repository/org/hamcrest/hamcrest-all/1.3/hamcrest-all-1.3.jar:/home/user/.m2/repository/org/bouncycastle/bcprov-jdk15on/1.60/bcprov-jdk15on-1.60.jar:/home/user/.m2/repository/info/picocli/picocli/3.9.6/picocli-3.9.6.jar:/home/user/.m2/repository/com/google/protobuf/protobuf-java/2.5.0/protobuf-java-2.5.0.jar:/home/user/.m2/repository/com/google/guava/guava/11.0.2/guava-11.0.2.jar:/home/user/.m2/repository/org/apache/hadoop/hadoop-ozone-ozone-manager/0.5.0-SNAPSHOT/hadoop-ozone-ozone-manager-0.5.0-SNAPSHOT.jar:/home/user/.m2/repository/org/apache/hadoop/hadoop-minikdc/3.2.0/hadoop-minikdc-3.2.0.jar:/home/user/.m2/repository/commons-io/commons-io/2.5/commons-io-2.5.jar:/home/user/.m2/repository/org/apache/kerby/kerb-simplekdc/1.0.1/kerb-simplekdc-1.0.1.jar:/home/user/.m2/repository/org/apache/kerby/kerb-client/1.0.1/kerb-client-1.0.1.jar:/home/user/.m2/repository/org/apache/kerby/kerby-config/1.0.1/kerby-config-1.0.1.jar:/home/user/.m2/repository/org/apache/kerby/kerb-core/1.0.1/kerb-core-1.0.1.jar:/home/user/.m2/repository/org/apache/kerby/kerby-pkix/1.0.1/kerby-pkix-1.0.1.jar:/home/user/.m2/repository/org/apache/kerby/kerby-asn1/1.0.1/kerby-asn1-1.0.1.jar:/home/user/.m2/repository/org/apache/kerby/kerby-util/1.0.1/kerby-util-1.0.1.jar:/home/user/.m2/repository/org/apache/kerby/kerb-common/1.0.1/kerb-common-1.0.1.jar:/home/user/.m2/repository/org/apache/kerby/kerb-crypto/1.0.1/kerb-crypto-1.0.1.jar:/home/user/.m2/repository/org/apache/kerby/kerb-util/1.0.1/kerb-util-1.0.1.jar:/home/user/.m2/repository/org/apache/kerby/token-provider/1.0.1/token-provider-1.0.1.jar:/home/user/.m2/repository/org/apache/kerby/kerb-admin/1.0.1/kerb-admin-1.0.1.jar:/home/user/.m2/repository/org/apache/kerby/kerb-server/1.0.1/kerb-server-1.0.1.jar:/home/user/.m2/repository/org/apache/kerby/kerb-identity/1.0.1/kerb-identity-1.0.1.jar:/home/user/.m2/repository/org/apache/kerby/kerby-xdr/1.0.1/kerby-xdr-1.0.1.jar:/home/user/.m2/repository/org/slf4j/slf4j-log4j12/1.7.25/slf4j-log4j12-1.7.25.jar:/home/user/.m2/repository/org/apache/hadoop/hadoop-ozone-s3gateway/0.5.0-SNAPSHOT/hadoop-ozone-s3gateway-0.5.0-SNAPSHOT.jar:/home/user/.m2/repository/org/jboss/weld/servlet/weld-servlet/2.4.7.Final/weld-servlet-2.4.7.Final.jar:/home/user/.m2/repository/org/glassfish/jersey/containers/jersey-container-servlet-core/2.27/jersey-container-servlet-core-2.27.jar:/home/user/.m2/repository/org/glassfish/hk2/external/javax.inject/2.5.0-b42/javax.inject-2.5.0-b42.jar:/home/user/.m2/repository/org/glassfish/jersey/core/jersey-common/2.27/jersey-common-2.27.jar:/home/user/.m2/repository/org/glassfish/hk2/osgi-resource-locator/1.0.1/osgi-resource-locator-1.0.1.jar:/home/user/.m2/repository/javax/ws/rs/javax.ws.rs-api/2.1/javax.ws.rs-api-2.1.jar:/home/user/.m2/repository/org/glassfish/jersey/ext/cdi/jersey-cdi1x/2.27/jersey-cdi1x-2.27.jar:/home/user/.m2/repository/org/glassfish/jersey/inject/jersey-hk2/2.27/jersey-hk2-2.27.jar:/home/user/.m2/repository/org/glassfish/hk2/hk2-locator/2.5.0-b42/hk2-locator-2.5.0-b42.jar:/home/user/.m2/repository/org/javassist/javassist/3.22.0-CR2/javassist-3.22.0-CR2.jar:/home/user/.m2/repository/org/glassfish/hk2/hk2-api/2.5.0/hk2-api-2.5.0.jar:/home/user/.m2/repository/org/glassfish/hk2/external/jakarta.inject/2.5.0/jakarta.inject-2.5.0.jar:/home/user/.m2/repository/org/glassfish/hk2/hk2-utils/2.5.0/hk2-utils-2.5.0.jar:/home/user/.m2/repository/jakarta/annotation/jakarta.annotation-api/1.3.4/jakarta.annotation-api-1.3.4.jar:/home/user/.m2/repository/org/glassfish/hk2/external/aopalliance-repackaged/2.5.0/aopalliance-repackaged-2.5.0.jar:/home/user/.m2/repository/com/fasterxml/jackson/dataformat/jackson-dataformat-xml/2.9.0/jackson-dataformat-xml-2.9.0.jar:/home/user/.m2/repository/com/fasterxml/jackson/core/jackson-core/2.9.9/jackson-core-2.9.9.jar:/home/user/.m2/repository/com/fasterxml/jackson/module/jackson-module-jaxb-annotations/2.9.9/jackson-module-jaxb-annotations-2.9.9.jar:/home/user/.m2/repository/javax/enterprise/cdi-api/1.2/cdi-api-1.2.jar:/home/user/.m2/repository/javax/el/javax.el-api/3.0.0/javax.el-api-3.0.0.jar:/home/user/.m2/repository/javax/interceptor/javax.interceptor-api/1.2/javax.interceptor-api-1.2.jar:/home/user/.m2/repository/javax/inject/javax.inject/1/javax.inject-1.jar:/home/user/.m2/repository/com/sun/xml/bind/jaxb-impl/2.3.0.1/jaxb-impl-2.3.0.1.jar:/home/user/.m2/repository/com/sun/xml/bind/jaxb-core/2.3.0.1/jaxb-core-2.3.0.1.jar:/home/user/.m2/repository/javax/xml/bind/jaxb-api/2.3.0/jaxb-api-2.3.0.jar:/home/user/.m2/repository/javax/activation/activation/1.1.1/activation-1.1.1.jar:/home/user/.m2/repository/org/apache/hadoop/hadoop-ozone-csi/0.5.0-SNAPSHOT/hadoop-ozone-csi-0.5.0-SNAPSHOT.jar:/home/user/.m2/repository/com/google/protobuf/protobuf-java-util/3.5.1/protobuf-java-util-3.5.1.jar:/home/user/.m2/repository/org/apache/hadoop/hadoop-hdds-config/0.5.0-SNAPSHOT/hadoop-hdds-config-0.5.0-SNAPSHOT.jar:/home/user/.m2/repository/io/grpc/grpc-netty/1.17.1/grpc-netty-1.17.1.jar:/home/user/.m2/repository/io/grpc/grpc-core/1.17.1/grpc-core-1.17.1.jar:/home/user/.m2/repository/io/grpc/grpc-context/1.17.1/grpc-context-1.17.1.jar:/home/user/.m2/repository/com/google/errorprone/error_prone_annotations/2.2.0/error_prone_annotations-2.2.0.jar:/home/user/.m2/repository/org/codehaus/mojo/animal-sniffer-annotations/1.17/animal-sniffer-annotations-1.17.jar:/home/user/.m2/repository/io/opencensus/opencensus-api/0.17.0/opencensus-api-0.17.0.jar:/home/user/.m2/repository/io/opencensus/opencensus-contrib-grpc-metrics/0.17.0/opencensus-contrib-grpc-metrics-0.17.0.jar:/home/user/.m2/repository/io/netty/netty-codec-http2/4.1.30.Final/netty-codec-http2-4.1.30.Final.jar:/home/user/.m2/repository/io/netty/netty-codec-http/4.1.30.Final/netty-codec-http-4.1.30.Final.jar:/home/user/.m2/repository/io/netty/netty-codec/4.1.30.Final/netty-codec-4.1.30.Final.jar:/home/user/.m2/repository/io/netty/netty-handler/4.1.30.Final/netty-handler-4.1.30.Final.jar:/home/user/.m2/repository/io/netty/netty-handler-proxy/4.1.30.Final/netty-handler-proxy-4.1.30.Final.jar:/home/user/.m2/repository/io/netty/netty-codec-socks/4.1.30.Final/netty-codec-socks-4.1.30.Final.jar:/home/user/.m2/repository/io/netty/netty-transport-native-epoll/4.1.30.Final/netty-transport-native-epoll-4.1.30.Final.jar:/home/user/.m2/repository/io/netty/netty-common/4.1.30.Final/netty-common-4.1.30.Final.jar:/home/user/.m2/repository/io/netty/netty-buffer/4.1.30.Final/netty-buffer-4.1.30.Final.jar:/home/user/.m2/repository/io/netty/netty-transport/4.1.30.Final/netty-transport-4.1.30.Final.jar:/home/user/.m2/repository/io/netty/netty-resolver/4.1.30.Final/netty-resolver-4.1.30.Final.jar:/home/user/.m2/repository/io/netty/netty-transport-native-unix-common/4.1.30.Final/netty-transport-native-unix-common-4.1.30.Final.jar:/home/user/.m2/repository/io/grpc/grpc-protobuf/1.17.1/grpc-protobuf-1.17.1.jar:/home/user/.m2/repository/com/google/api/grpc/proto-google-common-protos/1.0.0/proto-google-common-protos-1.0.0.jar:/home/user/.m2/repository/io/grpc/grpc-protobuf-lite/1.17.1/grpc-protobuf-lite-1.17.1.jar:/home/user/.m2/repository/io/grpc/grpc-stub/1.17.1/grpc-stub-1.17.1.jar:/home/user/.m2/repository/org/apache/hadoop/hadoop-ozone-recon/0.5.0-SNAPSHOT/hadoop-ozone-recon-0.5.0-SNAPSHOT.jar:/home/user/.m2/repository/org/apache/hadoop/hadoop-ozone-reconcodegen/0.5.0-SNAPSHOT/hadoop-ozone-reconcodegen-0.5.0-SNAPSHOT.jar:/home/user/.m2/repository/com/google/inject/extensions/guice-multibindings/4.0/guice-multibindings-4.0.jar:/home/user/.m2/repository/com/google/inject/guice/4.0/guice-4.0.jar:/home/user/.m2/repository/aopalliance/aopalliance/1.0/aopalliance-1.0.jar:/home/user/.m2/repository/com/google/inject/extensions/guice-servlet/4.0/guice-servlet-4.0.jar:/home/user/.m2/repository/org/glassfish/jersey/containers/jersey-container-servlet/2.27/jersey-container-servlet-2.27.jar:/home/user/.m2/repository/org/glassfish/hk2/guice-bridge/2.5.0/guice-bridge-2.5.0.jar:/home/user/.m2/repository/org/glassfish/jersey/core/jersey-server/2.27/jersey-server-2.27.jar:/home/user/.m2/repository/org/glassfish/jersey/core/jersey-client/2.27/jersey-client-2.27.jar:/home/user/.m2/repository/org/glassfish/jersey/media/jersey-media-jaxb/2.27/jersey-media-jaxb-2.27.jar:/home/user/.m2/repository/javax/validation/validation-api/1.1.0.Final/validation-api-1.1.0.Final.jar:/home/user/.m2/repository/org/glassfish/jersey/media/jersey-media-json-jackson/2.27/jersey-media-json-jackson-2.27.jar:/home/user/.m2/repository/org/glassfish/jersey/ext/jersey-entity-filtering/2.27/jersey-entity-filtering-2.27.jar:/home/user/.m2/repository/com/google/inject/extensions/guice-assistedinject/4.0/guice-assistedinject-4.0.jar:/home/user/.m2/repository/org/jooq/jooq/3.11.10/jooq-3.11.10.jar:/home/user/.m2/repository/org/jooq/jooq-meta/3.11.10/jooq-meta-3.11.10.jar:/home/user/.m2/repository/org/jooq/jooq-codegen/3.11.10/jooq-codegen-3.11.10.jar:/home/user/.m2/repository/com/jolbox/bonecp/0.8.0.RELEASE/bonecp-0.8.0.RELEASE.jar:/home/user/.m2/repository/org/xerial/sqlite-jdbc/3.25.2/sqlite-jdbc-3.25.2.jar:/home/user/.m2/repository/org/springframework/spring-jdbc/5.1.3.RELEASE/spring-jdbc-5.1.3.RELEASE.jar:/home/user/.m2/repository/org/springframework/spring-beans/5.1.3.RELEASE/spring-beans-5.1.3.RELEASE.jar:/home/user/.m2/repository/org/springframework/spring-core/5.1.3.RELEASE/spring-core-5.1.3.RELEASE.jar:/home/user/.m2/repository/org/springframework/spring-jcl/5.1.3.RELEASE/spring-jcl-5.1.3.RELEASE.jar:/home/user/.m2/repository/org/springframework/spring-tx/5.1.3.RELEASE/spring-tx-5.1.3.RELEASE.jar:/home/user/.m2/repository/org/apache/hadoop/hadoop-ozone-client/0.5.0-SNAPSHOT/hadoop-ozone-client-0.5.0-SNAPSHOT.jar:/home/user/.m2/repository/commons-lang/commons-lang/2.6/commons-lang-2.6.jar:/home/user/.m2/repository/org/apache/hadoop/hadoop-ozone-ozone-manager/0.5.0-SNAPSHOT/hadoop-ozone-ozone-manager-0.5.0-SNAPSHOT-tests.jar:/home/user/.m2/repository/junit/junit/4.11/junit-4.11.jar:/home/user/.m2/repository/org/hamcrest/hamcrest-core/1.3/hamcrest-core-1.3.jar:/home/user/.m2/repository/org/openjdk/jmh/jmh-core/1.19/jmh-core-1.19.jar:/home/user/.m2/repository/net/sf/jopt-simple/jopt-simple/4.6/jopt-simple-4.6.jar:/home/user/.m2/repository/org/apache/commons/commons-math3/3.1.1/commons-math3-3.1.1.jar:/home/user/.m2/repository/org/openjdk/jmh/jmh-generator-annprocess/1.19/jmh-generator-annprocess-1.19.jar:/home/user/.m2/repository/org/mockito/mockito-all/1.8.5/mockito-all-1.8.5.jar:/home/user/.m2/repository/org/apache/hadoop/hadoop-kms/3.2.0/hadoop-kms-3.2.0.jar:/home/user/.m2/repository/org/apache/hadoop/hadoop-auth/3.2.0/hadoop-auth-3.2.0.jar:/home/user/.m2/repository/com/nimbusds/nimbus-jose-jwt/4.41.1/nimbus-jose-jwt-4.41.1.jar:/home/user/.m2/repository/com/github/stephenc/jcip/jcip-annotations/1.0-1/jcip-annotations-1.0-1.jar:/home/user/.m2/repository/net/minidev/json-smart/2.3/json-smart-2.3.jar:/home/user/.m2/repository/net/minidev/accessors-smart/1.2/accessors-smart-1.2.jar:/home/user/.m2/repository/org/ow2/asm/asm/5.0.4/asm-5.0.4.jar:/home/user/.m2/repository/org/apache/curator/curator-framework/2.12.0/curator-framework-2.12.0.jar:/home/user/.m2/repository/com/sun/jersey/jersey-core/1.19/jersey-core-1.19.jar:/home/user/.m2/repository/javax/ws/rs/jsr311-api/1.1.1/jsr311-api-1.1.1.jar:/home/user/.m2/repository/com/sun/jersey/jersey-server/1.19/jersey-server-1.19.jar:/home/user/.m2/repository/javax/servlet/javax.servlet-api/3.1.0/javax.servlet-api-3.1.0.jar:/home/user/.m2/repository/org/eclipse/jetty/jetty-server/9.3.25.v20180904/jetty-server-9.3.25.v20180904.jar:/home/user/.m2/repository/org/eclipse/jetty/jetty-http/9.3.25.v20180904/jetty-http-9.3.25.v20180904.jar:/home/user/.m2/repository/org/eclipse/jetty/jetty-io/9.3.25.v20180904/jetty-io-9.3.25.v20180904.jar:/home/user/.m2/repository/org/eclipse/jetty/jetty-webapp/9.3.25.v20180904/jetty-webapp-9.3.25.v20180904.jar:/home/user/.m2/repository/org/eclipse/jetty/jetty-xml/9.3.25.v20180904/jetty-xml-9.3.25.v20180904.jar:/home/user/.m2/repository/log4j/log4j/1.2.17/log4j-1.2.17.jar:/home/user/.m2/repository/org/slf4j/slf4j-api/1.7.25/slf4j-api-1.7.25.jar:/home/user/.m2/repository/org/slf4j/jul-to-slf4j/1.7.25/jul-to-slf4j-1.7.25.jar:/home/user/.m2/repository/org/eclipse/jetty/jetty-util/9.3.25.v20180904/jetty-util-9.3.25.v20180904.jar:/home/user/.m2/repository/com/fasterxml/jackson/core/jackson-databind/2.9.9/jackson-databind-2.9.9.jar:/home/user/.m2/repository/org/apache/hadoop/hadoop-kms/3.2.0/hadoop-kms-3.2.0-tests.jar:/home/user/.m2/repository/org/apache/hadoop/hadoop-hdds-server-scm/0.5.0-SNAPSHOT/hadoop-hdds-server-scm-0.5.0-SNAPSHOT-tests.jar:/home/user/.m2/repository/org/apache/hadoop/hadoop-hdds-container-service/0.5.0-SNAPSHOT/hadoop-hdds-container-service-0.5.0-SNAPSHOT-tests.jar:/home/user/.m2/repository/org/yaml/snakeyaml/1.16/snakeyaml-1.16.jar:/home/user/.m2/repository/org/apache/hadoop/hadoop-common/3.2.0/hadoop-common-3.2.0-tests.jar:/home/user/.m2/repository/org/apache/hadoop/hadoop-annotations/3.2.0/hadoop-annotations-3.2.0.jar:/usr/lib/jvm/java-1.8-openjdk/jre/../lib/tools.jar:/home/user/.m2/repository/commons-cli/commons-cli/1.2/commons-cli-1.2.jar:/home/user/.m2/repository/org/apache/httpcomponents/httpclient/4.5.2/httpclient-4.5.2.jar:/home/user/.m2/repository/org/apache/httpcomponents/httpcore/4.4.4/httpcore-4.4.4.jar:/home/user/.m2/repository/commons-codec/commons-codec/1.11/commons-codec-1.11.jar:/home/user/.m2/repository/commons-net/commons-net/3.6/commons-net-3.6.jar:/home/user/.m2/repository/commons-collections/commons-collections/3.2.2/commons-collections-3.2.2.jar:/home/user/.m2/repository/org/eclipse/jetty/jetty-servlet/9.3.25.v20180904/jetty-servlet-9.3.25.v20180904.jar:/home/user/.m2/repository/org/eclipse/jetty/jetty-security/9.3.25.v20180904/jetty-security-9.3.25.v20180904.jar:/home/user/.m2/repository/javax/servlet/jsp/jsp-api/2.1/jsp-api-2.1.jar:/home/user/.m2/repository/com/sun/jersey/jersey-servlet/1.19/jersey-servlet-1.19.jar:/home/user/.m2/repository/com/sun/jersey/jersey-json/1.19/jersey-json-1.19.jar:/home/user/.m2/repository/org/codehaus/jettison/jettison/1.1/jettison-1.1.jar:/home/user/.m2/repository/org/codehaus/jackson/jackson-core-asl/1.9.13/jackson-core-asl-1.9.13.jar:/home/user/.m2/repository/org/codehaus/jackson/jackson-mapper-asl/1.9.13/jackson-mapper-asl-1.9.13.jar:/home/user/.m2/repository/org/codehaus/jackson/jackson-jaxrs/1.9.13/jackson-jaxrs-1.9.13.jar:/home/user/.m2/repository/org/codehaus/jackson/jackson-xc/1.9.13/jackson-xc-1.9.13.jar:/home/user/.m2/repository/commons-logging/commons-logging/1.1.3/commons-logging-1.1.3.jar:/home/user/.m2/repository/commons-beanutils/commons-beanutils/1.9.4/commons-beanutils-1.9.4.jar:/home/user/.m2/repository/org/apache/commons/commons-configuration2/2.1.1/commons-configuration2-2.1.1.jar:/home/user/.m2/repository/org/apache/commons/commons-lang3/3.7/commons-lang3-3.7.jar:/home/user/.m2/repository/org/apache/commons/commons-text/1.4/commons-text-1.4.jar:/home/user/.m2/repository/org/apache/avro/avro/1.7.7/avro-1.7.7.jar:/home/user/.m2/repository/com/thoughtworks/paranamer/paranamer/2.3/paranamer-2.3.jar:/home/user/.m2/repository/org/xerial/snappy/snappy-java/1.0.5/snappy-java-1.0.5.jar:/home/user/.m2/repository/com/google/re2j/re2j/1.1/re2j-1.1.jar:/home/user/.m2/repository/com/google/code/gson/gson/2.2.4/gson-2.2.4.jar:/home/user/.m2/repository/com/jcraft/jsch/0.1.54/jsch-0.1.54.jar:/home/user/.m2/repository/org/apache/curator/curator-client/2.12.0/curator-client-2.12.0.jar:/home/user/.m2/repository/org/apache/curator/curator-recipes/2.12.0/curator-recipes-2.12.0.jar:/home/user/.m2/repository/com/google/code/findbugs/jsr305/3.0.0/jsr305-3.0.0.jar:/home/user/.m2/repository/org/apache/htrace/htrace-core4/4.1.0-incubating/htrace-core4-4.1.0-incubating.jar:/home/user/.m2/repository/org/apache/zookeeper/zookeeper/3.4.13/zookeeper-3.4.13.jar:/home/user/.m2/repository/jline/jline/0.9.94/jline-0.9.94.jar:/home/user/.m2/repository/org/apache/yetus/audience-annotations/0.5.0/audience-annotations-0.5.0.jar:/home/user/.m2/repository/org/codehaus/woodstox/stax2-api/3.1.4/stax2-api-3.1.4.jar:/home/user/.m2/repository/com/fasterxml/woodstox/woodstox-core/5.0.3/woodstox-core-5.0.3.jar:/home/user/.m2/repository/dnsjava/dnsjava/2.1.7/dnsjava-2.1.7.jar:/home/user/.m2/repository/org/apache/hadoop/hadoop-hdfs/3.2.0/hadoop-hdfs-3.2.0-tests.jar:/home/user/.m2/repository/org/eclipse/jetty/jetty-util-ajax/9.3.25.v20180904/jetty-util-ajax-9.3.25.v20180904.jar:/home/user/.m2/repository/commons-daemon/commons-daemon/1.0.13/commons-daemon-1.0.13.jar:/home/user/.m2/repository/io/netty/netty/3.10.5.Final/netty-3.10.5.Final.jar:/home/user/.m2/repository/io/netty/netty-all/4.0.52.Final/netty-all-4.0.52.Final.jar:/home/user/.m2/repository/org/fusesource/leveldbjni/leveldbjni-all/1.8/leveldbjni-all-1.8.jar:"/>
    <property name="sun.cpu.endian" value="little"/>
    <property name="user.home" value="/home/user"/>
    <property name="user.language" value="en"/>
    <property name="java.specification.vendor" value="Oracle Corporation"/>
    <property name="java.home" value="/usr/lib/jvm/java-1.8-openjdk/jre"/>
    <property name="java.security.krb5.conf" value="/workdir/hadoop-ozone/integration-test/target/test-classes/krb5.conf"/>
    <property name="basedir" value="/workdir/hadoop-ozone/integration-test"/>
    <property name="file.separator" value="/"/>
    <property name="line.separator" value="&#10;"/>
    <property name="java.vm.specification.vendor" value="Oracle Corporation"/>
    <property name="java.specification.name" value="Java Platform API Specification"/>
    <property name="java.awt.graphicsenv" value="sun.awt.X11GraphicsEnvironment"/>
    <property name="surefire.real.class.path" value="/workdir/hadoop-ozone/integration-test/target/surefire/surefirebooter552791198585324572.jar"/>
    <property name="hadoop.log.dir" value="/workdir/hadoop-ozone/integration-test/target/log"/>
    <property name="sun.boot.class.path" value="/usr/lib/jvm/java-1.8-openjdk/jre/lib/resources.jar:/usr/lib/jvm/java-1.8-openjdk/jre/lib/rt.jar:/usr/lib/jvm/java-1.8-openjdk/jre/lib/sunrsasign.jar:/usr/lib/jvm/java-1.8-openjdk/jre/lib/jsse.jar:/usr/lib/jvm/java-1.8-openjdk/jre/lib/jce.jar:/usr/lib/jvm/java-1.8-openjdk/jre/lib/charsets.jar:/usr/lib/jvm/java-1.8-openjdk/jre/lib/jfr.jar:/usr/lib/jvm/java-1.8-openjdk/jre/classes"/>
    <property name="sun.management.compiler" value="HotSpot 64-Bit Tiered Compilers"/>
    <property name="java.runtime.version" value="1.8.0_212-b04"/>
    <property name="java.net.preferIPv4Stack" value="true"/>
    <property name="user.name" value="jenkins1000"/>
    <property name="path.separator" value=":"/>
    <property name="java.security.egd" value="file:///dev/urandom"/>
    <property name="os.version" value="3.10.0-957.12.2.el7.x86_64"/>
    <property name="java.endorsed.dirs" value="/usr/lib/jvm/java-1.8-openjdk/jre/lib/endorsed"/>
    <property name="java.runtime.name" value="OpenJDK Runtime Environment"/>
    <property name="file.encoding" value="UTF-8"/>
    <property name="java.vm.name" value="OpenJDK 64-Bit Server VM"/>
    <property name="test.build.webapps" value=""/>
    <property name="localRepository" value="/home/user/.m2/repository"/>
    <property name="java.vendor.url.bug" value="https://icedtea.classpath.org/bugzilla"/>
    <property name="java.io.tmpdir" value="/tmp"/>
    <property name="require.test.libhadoop" value=""/>
    <property name="java.version" value="1.8.0_212"/>
    <property name="user.dir" value="/workdir/hadoop-ozone/integration-test"/>
    <property name="os.arch" value="amd64"/>
    <property name="java.vm.specification.name" value="Java Virtual Machine Specification"/>
    <property name="test.build.classes" value="/workdir/hadoop-ozone/integration-test/target/test-classes"/>
    <property name="java.awt.printerjob" value="sun.print.PSPrinterJob"/>
    <property name="sun.os.patch.level" value="unknown"/>
    <property name="hadoop.tmp.dir" value="/workdir/hadoop-ozone/integration-test/target/tmp"/>
    <property name="java.library.path" value="/usr/lib/jvm/java-1.8-openjdk/jre/lib/amd64/server:/usr/lib/jvm/java-1.8-openjdk/jre/lib/amd64:/usr/lib/jvm/java-1.8-openjdk/jre/../lib/amd64:/workdir/hadoop-ozone/integration-test/target/native/target/usr/local/lib:/workdir/hadoop-ozone/integration-test/../../hadoop-common-project/hadoop-common/target/native/target/usr/local/lib:/usr/java/packages/lib/amd64:/usr/lib64:/lib64:/lib:/usr/lib"/>
    <property name="java.vm.info" value="mixed mode"/>
    <property name="java.vendor" value="IcedTea"/>
    <property name="java.vm.version" value="25.212-b04"/>
    <property name="java.ext.dirs" value="/usr/lib/jvm/java-1.8-openjdk/jre/lib/ext:/usr/java/packages/lib/ext"/>
    <property name="sun.io.unicode.encoding" value="UnicodeLittle"/>
    <property name="java.class.version" value="52.0"/>
  </properties>
  <testcase name="org.apache.hadoop.ozone.client.rpc.TestCloseContainerHandlingByClient" classname="org.apache.hadoop.ozone.client.rpc.TestCloseContainerHandlingByClient" time="142.079">
    <error message="Connection refused" type="java.net.ConnectException"><![CDATA[java.net.ConnectException: Connection refused
	at sun.nio.ch.SocketChannelImpl.checkConnect(Native Method)
	at sun.nio.ch.SocketChannelImpl.finishConnect(SocketChannelImpl.java:717)
	at org.apache.hadoop.net.SocketIOWithTimeout.connect(SocketIOWithTimeout.java:206)
	at org.apache.hadoop.net.NetUtils.connect(NetUtils.java:531)
	at org.apache.hadoop.ipc.Client$Connection.setupConnection(Client.java:690)
	at org.apache.hadoop.ipc.Client$Connection.setupIOstreams(Client.java:794)
	at org.apache.hadoop.ipc.Client$Connection.access$3700(Client.java:411)
	at org.apache.hadoop.ipc.Client.getConnection(Client.java:1572)
	at org.apache.hadoop.ipc.Client.call(Client.java:1403)
	at org.apache.hadoop.ipc.Client.call(Client.java:1367)
	at org.apache.hadoop.ipc.ProtobufRpcEngine$Invoker.invoke(ProtobufRpcEngine.java:228)
	at org.apache.hadoop.ipc.ProtobufRpcEngine$Invoker.invoke(ProtobufRpcEngine.java:116)
	at com.sun.proxy.$Proxy37.submitRequest(Unknown Source)
	at sun.reflect.NativeMethodAccessorImpl.invoke0(Native Method)
	at sun.reflect.NativeMethodAccessorImpl.invoke(NativeMethodAccessorImpl.java:62)
	at sun.reflect.DelegatingMethodAccessorImpl.invoke(DelegatingMethodAccessorImpl.java:43)
	at java.lang.reflect.Method.invoke(Method.java:498)
	at org.apache.hadoop.io.retry.RetryInvocationHandler.invokeMethod(RetryInvocationHandler.java:422)
	at org.apache.hadoop.io.retry.RetryInvocationHandler$Call.invokeMethod(RetryInvocationHandler.java:165)
	at org.apache.hadoop.io.retry.RetryInvocationHandler$Call.invoke(RetryInvocationHandler.java:157)
	at org.apache.hadoop.io.retry.RetryInvocationHandler$Call.invokeOnce(RetryInvocationHandler.java:95)
	at org.apache.hadoop.io.retry.RetryInvocationHandler.invoke(RetryInvocationHandler.java:359)
	at com.sun.proxy.$Proxy37.submitRequest(Unknown Source)
	at org.apache.hadoop.ozone.om.protocolPB.OzoneManagerProtocolClientSideTranslatorPB.submitRequest(OzoneManagerProtocolClientSideTranslatorPB.java:338)
	at org.apache.hadoop.ozone.om.protocolPB.OzoneManagerProtocolClientSideTranslatorPB.getServiceInfo(OzoneManagerProtocolClientSideTranslatorPB.java:1223)
	at sun.reflect.NativeMethodAccessorImpl.invoke0(Native Method)
	at sun.reflect.NativeMethodAccessorImpl.invoke(NativeMethodAccessorImpl.java:62)
	at sun.reflect.DelegatingMethodAccessorImpl.invoke(DelegatingMethodAccessorImpl.java:43)
	at java.lang.reflect.Method.invoke(Method.java:498)
	at org.apache.hadoop.hdds.tracing.TraceAllMethod.invoke(TraceAllMethod.java:66)
	at com.sun.proxy.$Proxy38.getServiceInfo(Unknown Source)
	at org.apache.hadoop.ozone.client.rpc.RpcClient.<init>(RpcClient.java:154)
	at org.apache.hadoop.ozone.client.OzoneClientFactory.getClientProtocol(OzoneClientFactory.java:256)
	at org.apache.hadoop.ozone.client.OzoneClientFactory.getClientProtocol(OzoneClientFactory.java:239)
	at org.apache.hadoop.ozone.client.OzoneClientFactory.getClient(OzoneClientFactory.java:75)
	at org.apache.hadoop.ozone.client.rpc.TestCloseContainerHandlingByClient.init(TestCloseContainerHandlingByClient.java:97)
	at sun.reflect.NativeMethodAccessorImpl.invoke0(Native Method)
	at sun.reflect.NativeMethodAccessorImpl.invoke(NativeMethodAccessorImpl.java:62)
	at sun.reflect.DelegatingMethodAccessorImpl.invoke(DelegatingMethodAccessorImpl.java:43)
	at java.lang.reflect.Method.invoke(Method.java:498)
	at org.junit.runners.model.FrameworkMethod$1.runReflectiveCall(FrameworkMethod.java:47)
	at org.junit.internal.runners.model.ReflectiveCallable.run(ReflectiveCallable.java:12)
	at org.junit.runners.model.FrameworkMethod.invokeExplosively(FrameworkMethod.java:44)
	at org.junit.internal.runners.statements.RunBefores.evaluate(RunBefores.java:24)
	at org.junit.internal.runners.statements.RunAfters.evaluate(RunAfters.java:27)
	at org.junit.runners.ParentRunner.run(ParentRunner.java:309)
	at org.apache.maven.surefire.junit4.JUnit4Provider.execute(JUnit4Provider.java:365)
	at org.apache.maven.surefire.junit4.JUnit4Provider.executeWithRerun(JUnit4Provider.java:273)
	at org.apache.maven.surefire.junit4.JUnit4Provider.executeTestSet(JUnit4Provider.java:238)
	at org.apache.maven.surefire.junit4.JUnit4Provider.invoke(JUnit4Provider.java:159)
	at org.apache.maven.surefire.booter.ForkedBooter.invokeProviderInSameClassLoader(ForkedBooter.java:384)
	at org.apache.maven.surefire.booter.ForkedBooter.runSuitesInProcess(ForkedBooter.java:345)
	at org.apache.maven.surefire.booter.ForkedBooter.execute(ForkedBooter.java:126)
	at org.apache.maven.surefire.booter.ForkedBooter.main(ForkedBooter.java:418)
]]></error>
    <system-out><![CDATA[2019-09-26 19:49:05,530 [main] WARN  server.ServerUtils (ServerUtils.java:getScmDbDir(145)) - ozone.scm.db.dirs is not configured. We recommend adding this setting. Falling back to ozone.metadata.dirs instead.
2019-09-26 19:49:05,656 [main] WARN  server.ServerUtils (ServerUtils.java:getScmDbDir(145)) - ozone.scm.db.dirs is not configured. We recommend adding this setting. Falling back to ozone.metadata.dirs instead.
2019-09-26 19:49:05,660 [main] WARN  server.ServerUtils (ServerUtils.java:getScmDbDir(145)) - ozone.scm.db.dirs is not configured. We recommend adding this setting. Falling back to ozone.metadata.dirs instead.
2019-09-26 19:49:05,683 [main] INFO  util.log (Log.java:initialized(192)) - Logging initialized @989ms
2019-09-26 19:49:05,807 [main] INFO  db.DBStoreBuilder (DBStoreBuilder.java:addTable(110)) - using custom profile for table: deletedBlocks
2019-09-26 19:49:05,807 [main] INFO  db.DBStoreBuilder (DBStoreBuilder.java:processTables(161)) - Using default column profile:DBProfile.DISK for Table:deletedBlocks
2019-09-26 19:49:05,807 [main] INFO  db.DBStoreBuilder (DBStoreBuilder.java:addTable(110)) - using custom profile for table: validCerts
2019-09-26 19:49:05,808 [main] INFO  db.DBStoreBuilder (DBStoreBuilder.java:processTables(161)) - Using default column profile:DBProfile.DISK for Table:validCerts
2019-09-26 19:49:05,808 [main] INFO  db.DBStoreBuilder (DBStoreBuilder.java:addTable(110)) - using custom profile for table: revokedCerts
2019-09-26 19:49:05,808 [main] INFO  db.DBStoreBuilder (DBStoreBuilder.java:processTables(161)) - Using default column profile:DBProfile.DISK for Table:revokedCerts
2019-09-26 19:49:05,820 [main] INFO  db.DBStoreBuilder (DBStoreBuilder.java:addTable(110)) - using custom profile for table: default
2019-09-26 19:49:05,820 [main] INFO  db.DBStoreBuilder (DBStoreBuilder.java:processTables(167)) - Using default column profile:DBProfile.DISK for Table:default
2019-09-26 19:49:05,821 [main] INFO  db.DBStoreBuilder (DBStoreBuilder.java:getDbProfile(198)) - Using default options. DBProfile.DISK
2019-09-26 19:49:06,086 [main] INFO  net.NodeSchemaLoader (NodeSchemaLoader.java:loadSchemaFromFile(125)) - Loading file from sun.misc.CompoundEnumeration@47eaca72
2019-09-26 19:49:06,088 [main] INFO  net.NodeSchemaLoader (NodeSchemaLoader.java:loadSchema(171)) - Loading network topology layer schema file
2019-09-26 19:49:06,161 [main] INFO  node.SCMNodeManager (SCMNodeManager.java:<init>(114)) - Entering startup safe mode.
2019-09-26 19:49:06,235 [main] INFO  algorithms.ContainerPlacementPolicyFactory (ContainerPlacementPolicyFactory.java:getPolicy(57)) - Create container placement policy of type org.apache.hadoop.hdds.scm.container.placement.algorithms.SCMContainerPlacementRandom
2019-09-26 19:49:06,250 [main] WARN  server.ServerUtils (ServerUtils.java:getScmDbDir(145)) - ozone.scm.db.dirs is not configured. We recommend adding this setting. Falling back to ozone.metadata.dirs instead.
2019-09-26 19:49:06,308 [main] INFO  pipeline.SCMPipelineManager (SCMPipelineManager.java:initializePipelineState(132)) - No pipeline exists in current db
2019-09-26 19:49:06,310 [main] WARN  server.ServerUtils (ServerUtils.java:getScmDbDir(145)) - ozone.scm.db.dirs is not configured. We recommend adding this setting. Falling back to ozone.metadata.dirs instead.
2019-09-26 19:49:06,429 [main] WARN  events.EventQueue (EventQueue.java:fireEvent(183)) - No event handler registered for event TypedEvent{payloadType=SafeModeStatus, name='SafeModeStatus'}
2019-09-26 19:49:06,766 [main] INFO  ipc.CallQueueManager (CallQueueManager.java:<init>(84)) - Using callQueue: class java.util.concurrent.LinkedBlockingQueue, queueCapacity: 2000, scheduler: class org.apache.hadoop.ipc.DefaultRpcScheduler, ipcBackoff: false.
2019-09-26 19:49:06,795 [Socket Reader #1 for port 46478] INFO  ipc.Server (Server.java:run(1074)) - Starting Socket Reader #1 for port 46478
2019-09-26 19:49:06,947 [main] INFO  ipc.CallQueueManager (CallQueueManager.java:<init>(84)) - Using callQueue: class java.util.concurrent.LinkedBlockingQueue, queueCapacity: 2000, scheduler: class org.apache.hadoop.ipc.DefaultRpcScheduler, ipcBackoff: false.
2019-09-26 19:49:06,949 [Socket Reader #1 for port 45682] INFO  ipc.Server (Server.java:run(1074)) - Starting Socket Reader #1 for port 45682
2019-09-26 19:49:06,961 [main] INFO  ipc.CallQueueManager (CallQueueManager.java:<init>(84)) - Using callQueue: class java.util.concurrent.LinkedBlockingQueue, queueCapacity: 2000, scheduler: class org.apache.hadoop.ipc.DefaultRpcScheduler, ipcBackoff: false.
2019-09-26 19:49:06,962 [Socket Reader #1 for port 40863] INFO  ipc.Server (Server.java:run(1074)) - Starting Socket Reader #1 for port 40863
2019-09-26 19:49:06,991 [main] INFO  hdfs.DFSUtil (DFSUtil.java:httpServerTemplateForNNAndJN(1641)) - Starting Web-server for scm at: http://0.0.0.0:0
2019-09-26 19:49:07,161 [main] INFO  server.AuthenticationFilter (AuthenticationFilter.java:constructSecretProvider(240)) - Unable to initialize FileSignerSecretProvider, falling back to use random secrets.
2019-09-26 19:49:07,170 [main] WARN  http.HttpRequestLog (HttpRequestLog.java:getRequestLog(97)) - Jetty request log can only be enabled using Log4j
2019-09-26 19:49:07,178 [main] INFO  http.HttpServer2 (HttpServer2.java:addGlobalFilter(975)) - Added global filter 'safety' (class=org.apache.hadoop.http.HttpServer2$QuotingInputFilter)
2019-09-26 19:49:07,181 [main] INFO  http.HttpServer2 (HttpServer2.java:addFilter(948)) - Added filter static_user_filter (class=org.apache.hadoop.http.lib.StaticUserWebFilter$StaticUserFilter) to context scm
2019-09-26 19:49:07,181 [main] INFO  http.HttpServer2 (HttpServer2.java:addFilter(958)) - Added filter static_user_filter (class=org.apache.hadoop.http.lib.StaticUserWebFilter$StaticUserFilter) to context logs
2019-09-26 19:49:07,181 [main] INFO  http.HttpServer2 (HttpServer2.java:addFilter(958)) - Added filter static_user_filter (class=org.apache.hadoop.http.lib.StaticUserWebFilter$StaticUserFilter) to context static
2019-09-26 19:49:07,211 [main] INFO  server.StorageContainerManager (StorageContainerManager.java:start(770)) - StorageContainerLocationProtocol RPC server is listening at /0.0.0.0:40863
2019-09-26 19:49:07,270 [main] WARN  impl.MetricsConfig (MetricsConfig.java:loadFirst(134)) - Cannot locate configuration: tried hadoop-metrics2-storagecontainermanager.properties,hadoop-metrics2.properties
2019-09-26 19:49:07,287 [main] INFO  impl.MetricsSystemImpl (MetricsSystemImpl.java:startTimer(374)) - Scheduled Metric snapshot period at 10 second(s).
2019-09-26 19:49:07,287 [main] INFO  impl.MetricsSystemImpl (MetricsSystemImpl.java:start(191)) - StorageContainerManager metrics system started
2019-09-26 19:49:07,557 [main] INFO  server.SCMClientProtocolServer (SCMClientProtocolServer.java:start(151)) - RPC server for Client  is listening at /0.0.0.0:40863
2019-09-26 19:49:07,558 [IPC Server Responder] INFO  ipc.Server (Server.java:run(1314)) - IPC Server Responder: starting
2019-09-26 19:49:07,558 [IPC Server listener on 40863] INFO  ipc.Server (Server.java:run(1153)) - IPC Server listener on 40863: starting
2019-09-26 19:49:07,561 [main] INFO  server.StorageContainerManager (StorageContainerManager.java:start(780)) - ScmBlockLocationProtocol RPC server is listening at /0.0.0.0:45682
2019-09-26 19:49:07,562 [main] INFO  server.SCMBlockProtocolServer (SCMBlockProtocolServer.java:start(146)) - RPC server for Block Protocol is listening at /0.0.0.0:45682
2019-09-26 19:49:07,562 [IPC Server Responder] INFO  ipc.Server (Server.java:run(1314)) - IPC Server Responder: starting
2019-09-26 19:49:07,563 [IPC Server listener on 45682] INFO  ipc.Server (Server.java:run(1153)) - IPC Server listener on 45682: starting
2019-09-26 19:49:07,564 [main] INFO  server.StorageContainerManager (StorageContainerManager.java:start(784)) - ScmDatanodeProtocl RPC server is listening at /0.0.0.0:46478
2019-09-26 19:49:07,565 [main] INFO  server.SCMDatanodeProtocolServer (SCMDatanodeProtocolServer.java:start(191)) - RPC server for DataNodes is listening at /0.0.0.0:46478
2019-09-26 19:49:07,565 [IPC Server Responder] INFO  ipc.Server (Server.java:run(1314)) - IPC Server Responder: starting
2019-09-26 19:49:07,565 [IPC Server listener on 46478] INFO  ipc.Server (Server.java:run(1153)) - IPC Server listener on 46478: starting
2019-09-26 19:49:07,568 [main] INFO  http.HttpServer2 (HttpServer2.java:bindListener(1191)) - Jetty bound to port 37926
2019-09-26 19:49:07,570 [main] INFO  server.Server (Server.java:doStart(351)) - jetty-9.3.25.v20180904, build timestamp: 2018-09-04T21:11:46Z, git hash: 3ce520221d0240229c862b122d2b06c12a625732
2019-09-26 19:49:07,608 [main] INFO  handler.ContextHandler (ContextHandler.java:doStart(781)) - Started o.e.j.s.ServletContextHandler@299321e2{/logs,file:///workdir/hadoop-ozone/integration-test/target/log,AVAILABLE}
2019-09-26 19:49:07,609 [main] INFO  handler.ContextHandler (ContextHandler.java:doStart(781)) - Started o.e.j.s.ServletContextHandler@64ba3208{/static,file:///workdir/hadoop-ozone/integration-test/target/test-classes/webapps/static,AVAILABLE}
2019-09-26 19:49:07,643 [main] INFO  handler.ContextHandler (ContextHandler.java:doStart(781)) - Started o.e.j.w.WebAppContext@3591009c{/,file:///workdir/hadoop-ozone/integration-test/target/test-classes/webapps/scm/,AVAILABLE}{/scm}
2019-09-26 19:49:07,649 [main] INFO  server.AbstractConnector (AbstractConnector.java:doStart(278)) - Started ServerConnector@2de366bb{HTTP/1.1,[http/1.1]}{0.0.0.0:37926}
2019-09-26 19:49:07,649 [main] INFO  server.Server (Server.java:doStart(419)) - Started @2956ms
2019-09-26 19:49:07,651 [main] INFO  impl.MetricsSinkAdapter (MetricsSinkAdapter.java:start(204)) - Sink prometheus started
2019-09-26 19:49:07,652 [main] INFO  impl.MetricsSystemImpl (MetricsSystemImpl.java:registerSink(301)) - Registered sink prometheus
2019-09-26 19:49:07,653 [main] INFO  server.BaseHttpServer (BaseHttpServer.java:updateConnectorAddress(215)) - HTTP server of SCM is listening at http://0.0.0.0:37926
2019-09-26 19:49:07,659 [org.apache.hadoop.util.JvmPauseMonitor$Monitor@64f857e7] INFO  util.JvmPauseMonitor (JvmPauseMonitor.java:run(188)) - Starting JVM pause monitor
2019-09-26 19:49:07,661 [main] WARN  server.ServerUtils (ServerUtils.java:getDBPath(222)) - ozone.om.db.dirs is not configured. We recommend adding this setting. Falling back to ozone.metadata.dirs instead.
2019-09-26 19:49:07,855 [main] INFO  ha.OMHANodeDetails (OMHANodeDetails.java:loadOMHAConfig(194)) - Configuration either no ozone.om.address set. Falling back to the default OM address /127.0.0.1:0
2019-09-26 19:49:07,856 [main] INFO  ha.OMHANodeDetails (OMHANodeDetails.java:getOMNodeDetails(224)) - OM Service ID is not set. Setting it to the default ID: omServiceIdDefault
2019-09-26 19:49:07,858 [main] WARN  server.ServerUtils (ServerUtils.java:getDBPath(222)) - ozone.om.db.dirs is not configured. We recommend adding this setting. Falling back to ozone.metadata.dirs instead.
2019-09-26 19:49:07,859 [main] WARN  server.ServerUtils (ServerUtils.java:getDBPath(222)) - ozone.om.db.dirs is not configured. We recommend adding this setting. Falling back to ozone.metadata.dirs instead.
2019-09-26 19:49:08,644 [main] WARN  server.ServerUtils (ServerUtils.java:getDBPath(222)) - ozone.om.db.dirs is not configured. We recommend adding this setting. Falling back to ozone.metadata.dirs instead.
2019-09-26 19:49:08,652 [main] INFO  db.DBStoreBuilder (DBStoreBuilder.java:addTable(110)) - using custom profile for table: userTable
2019-09-26 19:49:08,653 [main] INFO  db.DBStoreBuilder (DBStoreBuilder.java:processTables(161)) - Using default column profile:DBProfile.DISK for Table:userTable
2019-09-26 19:49:08,653 [main] INFO  db.DBStoreBuilder (DBStoreBuilder.java:addTable(110)) - using custom profile for table: volumeTable
2019-09-26 19:49:08,653 [main] INFO  db.DBStoreBuilder (DBStoreBuilder.java:processTables(161)) - Using default column profile:DBProfile.DISK for Table:volumeTable
2019-09-26 19:49:08,653 [main] INFO  db.DBStoreBuilder (DBStoreBuilder.java:addTable(110)) - using custom profile for table: bucketTable
2019-09-26 19:49:08,654 [main] INFO  db.DBStoreBuilder (DBStoreBuilder.java:processTables(161)) - Using default column profile:DBProfile.DISK for Table:bucketTable
2019-09-26 19:49:08,654 [main] INFO  db.DBStoreBuilder (DBStoreBuilder.java:addTable(110)) - using custom profile for table: keyTable
2019-09-26 19:49:08,654 [main] INFO  db.DBStoreBuilder (DBStoreBuilder.java:processTables(161)) - Using default column profile:DBProfile.DISK for Table:keyTable
2019-09-26 19:49:08,654 [main] INFO  db.DBStoreBuilder (DBStoreBuilder.java:addTable(110)) - using custom profile for table: deletedTable
2019-09-26 19:49:08,655 [main] INFO  db.DBStoreBuilder (DBStoreBuilder.java:processTables(161)) - Using default column profile:DBProfile.DISK for Table:deletedTable
2019-09-26 19:49:08,655 [main] INFO  db.DBStoreBuilder (DBStoreBuilder.java:addTable(110)) - using custom profile for table: openKeyTable
2019-09-26 19:49:08,655 [main] INFO  db.DBStoreBuilder (DBStoreBuilder.java:processTables(161)) - Using default column profile:DBProfile.DISK for Table:openKeyTable
2019-09-26 19:49:08,655 [main] INFO  db.DBStoreBuilder (DBStoreBuilder.java:addTable(110)) - using custom profile for table: s3Table
2019-09-26 19:49:08,655 [main] INFO  db.DBStoreBuilder (DBStoreBuilder.java:processTables(161)) - Using default column profile:DBProfile.DISK for Table:s3Table
2019-09-26 19:49:08,656 [main] INFO  db.DBStoreBuilder (DBStoreBuilder.java:addTable(110)) - using custom profile for table: multipartInfoTable
2019-09-26 19:49:08,656 [main] INFO  db.DBStoreBuilder (DBStoreBuilder.java:processTables(161)) - Using default column profile:DBProfile.DISK for Table:multipartInfoTable
2019-09-26 19:49:08,656 [main] INFO  db.DBStoreBuilder (DBStoreBuilder.java:addTable(110)) - using custom profile for table: dTokenTable
2019-09-26 19:49:08,656 [main] INFO  db.DBStoreBuilder (DBStoreBuilder.java:processTables(161)) - Using default column profile:DBProfile.DISK for Table:dTokenTable
2019-09-26 19:49:08,657 [main] INFO  db.DBStoreBuilder (DBStoreBuilder.java:addTable(110)) - using custom profile for table: s3SecretTable
2019-09-26 19:49:08,657 [main] INFO  db.DBStoreBuilder (DBStoreBuilder.java:processTables(161)) - Using default column profile:DBProfile.DISK for Table:s3SecretTable
2019-09-26 19:49:08,657 [main] INFO  db.DBStoreBuilder (DBStoreBuilder.java:addTable(110)) - using custom profile for table: prefixTable
2019-09-26 19:49:08,657 [main] INFO  db.DBStoreBuilder (DBStoreBuilder.java:processTables(161)) - Using default column profile:DBProfile.DISK for Table:prefixTable
2019-09-26 19:49:08,658 [main] INFO  db.DBStoreBuilder (DBStoreBuilder.java:addTable(110)) - using custom profile for table: default
2019-09-26 19:49:08,658 [main] INFO  db.DBStoreBuilder (DBStoreBuilder.java:processTables(167)) - Using default column profile:DBProfile.DISK for Table:default
2019-09-26 19:49:08,658 [main] INFO  db.DBStoreBuilder (DBStoreBuilder.java:getDbProfile(198)) - Using default options. DBProfile.DISK
2019-09-26 19:49:09,197 [main] INFO  ipc.CallQueueManager (CallQueueManager.java:<init>(84)) - Using callQueue: class java.util.concurrent.LinkedBlockingQueue, queueCapacity: 2000, scheduler: class org.apache.hadoop.ipc.DefaultRpcScheduler, ipcBackoff: false.
2019-09-26 19:49:09,198 [Socket Reader #1 for port 45723] INFO  ipc.Server (Server.java:run(1074)) - Starting Socket Reader #1 for port 45723
2019-09-26 19:49:09,222 [main] INFO  om.OzoneManager (OzoneManager.java:start(1069)) - OzoneManager RPC server is listening at localhost/127.0.0.1:45723
2019-09-26 19:49:09,222 [main] INFO  impl.MetricsSystemImpl (MetricsSystemImpl.java:init(158)) - OzoneManager metrics system started (again)
2019-09-26 19:49:09,224 [IPC Server Responder] INFO  ipc.Server (Server.java:run(1314)) - IPC Server Responder: starting
2019-09-26 19:49:09,224 [IPC Server listener on 45723] INFO  ipc.Server (Server.java:run(1153)) - IPC Server listener on 45723: starting
2019-09-26 19:49:09,229 [main] INFO  hdfs.DFSUtil (DFSUtil.java:httpServerTemplateForNNAndJN(1641)) - Starting Web-server for ozoneManager at: http://0.0.0.0:0
2019-09-26 19:49:09,232 [main] INFO  server.AuthenticationFilter (AuthenticationFilter.java:constructSecretProvider(240)) - Unable to initialize FileSignerSecretProvider, falling back to use random secrets.
2019-09-26 19:49:09,232 [main] WARN  http.HttpRequestLog (HttpRequestLog.java:getRequestLog(97)) - Jetty request log can only be enabled using Log4j
2019-09-26 19:49:09,239 [main] INFO  http.HttpServer2 (HttpServer2.java:addGlobalFilter(975)) - Added global filter 'safety' (class=org.apache.hadoop.http.HttpServer2$QuotingInputFilter)
2019-09-26 19:49:09,244 [main] INFO  http.HttpServer2 (HttpServer2.java:addFilter(948)) - Added filter static_user_filter (class=org.apache.hadoop.http.lib.StaticUserWebFilter$StaticUserFilter) to context ozoneManager
2019-09-26 19:49:09,245 [main] INFO  http.HttpServer2 (HttpServer2.java:addFilter(958)) - Added filter static_user_filter (class=org.apache.hadoop.http.lib.StaticUserWebFilter$StaticUserFilter) to context static
2019-09-26 19:49:09,245 [main] INFO  http.HttpServer2 (HttpServer2.java:addFilter(958)) - Added filter static_user_filter (class=org.apache.hadoop.http.lib.StaticUserWebFilter$StaticUserFilter) to context logs
2019-09-26 19:49:09,255 [main] INFO  http.HttpServer2 (HttpServer2.java:bindListener(1191)) - Jetty bound to port 44399
2019-09-26 19:49:09,256 [main] INFO  server.Server (Server.java:doStart(351)) - jetty-9.3.25.v20180904, build timestamp: 2018-09-04T21:11:46Z, git hash: 3ce520221d0240229c862b122d2b06c12a625732
2019-09-26 19:49:09,262 [main] INFO  handler.ContextHandler (ContextHandler.java:doStart(781)) - Started o.e.j.s.ServletContextHandler@5cf8edcf{/logs,file:///workdir/hadoop-ozone/integration-test/target/log,AVAILABLE}
2019-09-26 19:49:09,263 [main] INFO  handler.ContextHandler (ContextHandler.java:doStart(781)) - Started o.e.j.s.ServletContextHandler@629f066f{/static,file:///workdir/hadoop-ozone/integration-test/target/test-classes/webapps/static,AVAILABLE}
2019-09-26 19:49:09,274 [main] INFO  handler.ContextHandler (ContextHandler.java:doStart(781)) - Started o.e.j.w.WebAppContext@1cbb3d3b{/,file:///workdir/hadoop-ozone/integration-test/target/test-classes/webapps/ozoneManager/,AVAILABLE}{/ozoneManager}
2019-09-26 19:49:09,277 [main] INFO  server.AbstractConnector (AbstractConnector.java:doStart(278)) - Started ServerConnector@529cfee5{HTTP/1.1,[http/1.1]}{0.0.0.0:44399}
2019-09-26 19:49:09,278 [main] INFO  server.Server (Server.java:doStart(419)) - Started @4585ms
2019-09-26 19:49:09,278 [main] WARN  impl.MetricsSystemImpl (MetricsSystemImpl.java:register(276)) - Sink prometheus already exists!
2019-09-26 19:49:09,280 [main] INFO  server.BaseHttpServer (BaseHttpServer.java:updateConnectorAddress(215)) - HTTP server of OZONEMANAGER is listening at http://0.0.0.0:44399
2019-09-26 19:49:09,587 [main] INFO  impl.MetricsSystemImpl (MetricsSystemImpl.java:init(158)) - HddsDatanode metrics system started (again)
2019-09-26 19:49:09,634 [main] INFO  ozone.HddsDatanodeService (HddsDatanodeService.java:start(184)) - HddsDatanodeService host:pr-hdds-2162-kpcbn-4093309294 ip:192.168.151.109
2019-09-26 19:49:09,666 [main] INFO  volume.HddsVolume (HddsVolume.java:<init>(176)) - Creating Volume: /workdir/hadoop-ozone/integration-test/target/test-dir/MiniOzoneClusterImpl-d3bdf5d1-e8ca-4908-b2d0-eb43964eb91e/datanode-0/data/containers/hdds of  storage type : DISK and capacity : 1482555576320
2019-09-26 19:49:09,668 [main] INFO  volume.VolumeSet (VolumeSet.java:initializeVolumeSet(170)) - Added Volume : /workdir/hadoop-ozone/integration-test/target/test-dir/MiniOzoneClusterImpl-d3bdf5d1-e8ca-4908-b2d0-eb43964eb91e/datanode-0/data/containers/hdds to VolumeSet
2019-09-26 19:49:09,671 [main] INFO  volume.ThrottledAsyncChecker (ThrottledAsyncChecker.java:schedule(139)) - Scheduling a check for org.apache.hadoop.ozone.container.common.volume.HddsVolume@3cee53dc
2019-09-26 19:49:09,690 [main] INFO  volume.HddsVolumeChecker (HddsVolumeChecker.java:checkAllVolumes(202)) - Scheduled health check for volume org.apache.hadoop.ozone.container.common.volume.HddsVolume@3cee53dc
2019-09-26 19:49:09,823 [main] INFO  impl.RaftServerProxy (ConfUtils.java:logGet(43)) - raft.rpc.type = GRPC (default)
2019-09-26 19:49:09,891 [main] INFO  grpc.GrpcFactory (GrpcFactory.java:checkPooledByteBufAllocatorUseCacheForAllThreads(45)) - PERFORMANCE WARNING: useCacheForAllThreads is true that may cause Netty to create a lot garbage objects and, as a result, trigger GC.
	It is recommended to disable useCacheForAllThreads by setting -Dorg.apache.ratis.thirdparty.io.netty.allocator.useCacheForAllThreads=false in command line.
2019-09-26 19:49:09,896 [main] INFO  grpc.GrpcConfigKeys$Server (ConfUtils.java:logGet(43)) - raft.grpc.server.port = 0 (default)
2019-09-26 19:49:09,897 [main] INFO  server.GrpcService (ConfUtils.java:logGet(43)) - raft.grpc.message.size.max = 33570816 (custom)
2019-09-26 19:49:09,898 [main] INFO  server.RaftServerConfigKeys (ConfUtils.java:logGet(43)) - raft.server.log.appender.buffer.byte-limit = 33554432 (custom)
2019-09-26 19:49:09,899 [main] INFO  server.GrpcService (ConfUtils.java:logGet(43)) - raft.grpc.flow.control.window = 1MB (=1048576) (default)
2019-09-26 19:49:09,900 [main] INFO  server.RaftServerConfigKeys (ConfUtils.java:logGet(43)) - raft.server.rpc.request.timeout = 3000ms (default)
2019-09-26 19:49:10,073 [main] INFO  server.RaftServerConfigKeys (ConfUtils.java:logGet(43)) - raft.server.storage.dir = [/workdir/hadoop-ozone/integration-test/target/test-dir/MiniOzoneClusterImpl-d3bdf5d1-e8ca-4908-b2d0-eb43964eb91e/datanode-0/data/ratis] (custom)
2019-09-26 19:49:10,126 [main] INFO  hdfs.DFSUtil (DFSUtil.java:httpServerTemplateForNNAndJN(1641)) - Starting Web-server for hddsDatanode at: http://0.0.0.0:0
2019-09-26 19:49:10,128 [main] INFO  server.AuthenticationFilter (AuthenticationFilter.java:constructSecretProvider(240)) - Unable to initialize FileSignerSecretProvider, falling back to use random secrets.
2019-09-26 19:49:10,129 [main] WARN  http.HttpRequestLog (HttpRequestLog.java:getRequestLog(97)) - Jetty request log can only be enabled using Log4j
2019-09-26 19:49:10,130 [main] INFO  http.HttpServer2 (HttpServer2.java:addGlobalFilter(975)) - Added global filter 'safety' (class=org.apache.hadoop.http.HttpServer2$QuotingInputFilter)
2019-09-26 19:49:10,131 [main] INFO  http.HttpServer2 (HttpServer2.java:addFilter(948)) - Added filter static_user_filter (class=org.apache.hadoop.http.lib.StaticUserWebFilter$StaticUserFilter) to context hddsDatanode
2019-09-26 19:49:10,131 [main] INFO  http.HttpServer2 (HttpServer2.java:addFilter(958)) - Added filter static_user_filter (class=org.apache.hadoop.http.lib.StaticUserWebFilter$StaticUserFilter) to context static
2019-09-26 19:49:10,131 [main] INFO  http.HttpServer2 (HttpServer2.java:addFilter(958)) - Added filter static_user_filter (class=org.apache.hadoop.http.lib.StaticUserWebFilter$StaticUserFilter) to context logs
2019-09-26 19:49:10,132 [main] INFO  http.HttpServer2 (HttpServer2.java:bindListener(1191)) - Jetty bound to port 38729
2019-09-26 19:49:10,132 [main] INFO  server.Server (Server.java:doStart(351)) - jetty-9.3.25.v20180904, build timestamp: 2018-09-04T21:11:46Z, git hash: 3ce520221d0240229c862b122d2b06c12a625732
2019-09-26 19:49:10,134 [main] INFO  handler.ContextHandler (ContextHandler.java:doStart(781)) - Started o.e.j.s.ServletContextHandler@7ff35a3f{/logs,file:///workdir/hadoop-ozone/integration-test/target/log,AVAILABLE}
2019-09-26 19:49:10,135 [main] INFO  handler.ContextHandler (ContextHandler.java:doStart(781)) - Started o.e.j.s.ServletContextHandler@252dc8c4{/static,jar:file:/home/user/.m2/repository/org/apache/hadoop/hadoop-hdds-container-service/0.5.0-SNAPSHOT/hadoop-hdds-container-service-0.5.0-SNAPSHOT.jar!/webapps/static,AVAILABLE}
2019-09-26 19:49:10,170 [main] INFO  handler.ContextHandler (ContextHandler.java:doStart(781)) - Started o.e.j.w.WebAppContext@cdb2d95{/,file:///tmp/jetty-0.0.0.0-38729-hddsDatanode-_-any-1138102819181328203.dir/webapp/,AVAILABLE}{/hddsDatanode}
2019-09-26 19:49:10,171 [main] INFO  server.AbstractConnector (AbstractConnector.java:doStart(278)) - Started ServerConnector@122d6c22{HTTP/1.1,[http/1.1]}{0.0.0.0:38729}
2019-09-26 19:49:10,171 [main] INFO  server.Server (Server.java:doStart(419)) - Started @5478ms
2019-09-26 19:49:10,171 [main] WARN  impl.MetricsSystemImpl (MetricsSystemImpl.java:register(276)) - Sink prometheus already exists!
2019-09-26 19:49:10,172 [main] INFO  server.BaseHttpServer (BaseHttpServer.java:updateConnectorAddress(215)) - HTTP server of HDDSDATANODE is listening at http://0.0.0.0:38729
2019-09-26 19:49:10,173 [main] INFO  impl.MetricsSystemImpl (MetricsSystemImpl.java:init(158)) - HddsDatanode metrics system started (again)
2019-09-26 19:49:10,178 [main] INFO  ozone.HddsDatanodeService (HddsDatanodeService.java:start(184)) - HddsDatanodeService host:pr-hdds-2162-kpcbn-4093309294 ip:192.168.151.109
2019-09-26 19:49:10,183 [org.apache.hadoop.util.JvmPauseMonitor$Monitor@373b9f6f] INFO  util.JvmPauseMonitor (JvmPauseMonitor.java:run(188)) - Starting JVM pause monitor
2019-09-26 19:49:10,187 [main] INFO  volume.HddsVolume (HddsVolume.java:<init>(176)) - Creating Volume: /workdir/hadoop-ozone/integration-test/target/test-dir/MiniOzoneClusterImpl-d3bdf5d1-e8ca-4908-b2d0-eb43964eb91e/datanode-1/data/containers/hdds of  storage type : DISK and capacity : 1482555576320
2019-09-26 19:49:10,188 [main] INFO  volume.VolumeSet (VolumeSet.java:initializeVolumeSet(170)) - Added Volume : /workdir/hadoop-ozone/integration-test/target/test-dir/MiniOzoneClusterImpl-d3bdf5d1-e8ca-4908-b2d0-eb43964eb91e/datanode-1/data/containers/hdds to VolumeSet
2019-09-26 19:49:10,188 [main] INFO  volume.ThrottledAsyncChecker (ThrottledAsyncChecker.java:schedule(139)) - Scheduling a check for org.apache.hadoop.ozone.container.common.volume.HddsVolume@46963479
2019-09-26 19:49:10,189 [main] INFO  volume.HddsVolumeChecker (HddsVolumeChecker.java:checkAllVolumes(202)) - Scheduled health check for volume org.apache.hadoop.ozone.container.common.volume.HddsVolume@46963479
2019-09-26 19:49:10,205 [main] INFO  impl.RaftServerProxy (ConfUtils.java:logGet(43)) - raft.rpc.type = GRPC (default)
2019-09-26 19:49:10,205 [main] INFO  grpc.GrpcFactory (GrpcFactory.java:checkPooledByteBufAllocatorUseCacheForAllThreads(45)) - PERFORMANCE WARNING: useCacheForAllThreads is true that may cause Netty to create a lot garbage objects and, as a result, trigger GC.
	It is recommended to disable useCacheForAllThreads by setting -Dorg.apache.ratis.thirdparty.io.netty.allocator.useCacheForAllThreads=false in command line.
2019-09-26 19:49:10,206 [main] INFO  grpc.GrpcConfigKeys$Server (ConfUtils.java:logGet(43)) - raft.grpc.server.port = 0 (default)
2019-09-26 19:49:10,206 [main] INFO  server.GrpcService (ConfUtils.java:logGet(43)) - raft.grpc.message.size.max = 33570816 (custom)
2019-09-26 19:49:10,206 [main] INFO  server.RaftServerConfigKeys (ConfUtils.java:logGet(43)) - raft.server.log.appender.buffer.byte-limit = 33554432 (custom)
2019-09-26 19:49:10,206 [main] INFO  server.GrpcService (ConfUtils.java:logGet(43)) - raft.grpc.flow.control.window = 1MB (=1048576) (default)
2019-09-26 19:49:10,207 [main] INFO  server.RaftServerConfigKeys (ConfUtils.java:logGet(43)) - raft.server.rpc.request.timeout = 3000ms (default)
2019-09-26 19:49:10,207 [main] INFO  server.RaftServerConfigKeys (ConfUtils.java:logGet(43)) - raft.server.storage.dir = [/workdir/hadoop-ozone/integration-test/target/test-dir/MiniOzoneClusterImpl-d3bdf5d1-e8ca-4908-b2d0-eb43964eb91e/datanode-1/data/ratis] (custom)
2019-09-26 19:49:10,209 [main] INFO  hdfs.DFSUtil (DFSUtil.java:httpServerTemplateForNNAndJN(1641)) - Starting Web-server for hddsDatanode at: http://0.0.0.0:0
2019-09-26 19:49:10,211 [main] INFO  server.AuthenticationFilter (AuthenticationFilter.java:constructSecretProvider(240)) - Unable to initialize FileSignerSecretProvider, falling back to use random secrets.
2019-09-26 19:49:10,213 [main] WARN  http.HttpRequestLog (HttpRequestLog.java:getRequestLog(97)) - Jetty request log can only be enabled using Log4j
2019-09-26 19:49:10,215 [main] INFO  http.HttpServer2 (HttpServer2.java:addGlobalFilter(975)) - Added global filter 'safety' (class=org.apache.hadoop.http.HttpServer2$QuotingInputFilter)
2019-09-26 19:49:10,215 [main] INFO  http.HttpServer2 (HttpServer2.java:addFilter(948)) - Added filter static_user_filter (class=org.apache.hadoop.http.lib.StaticUserWebFilter$StaticUserFilter) to context hddsDatanode
2019-09-26 19:49:10,215 [main] INFO  http.HttpServer2 (HttpServer2.java:addFilter(958)) - Added filter static_user_filter (class=org.apache.hadoop.http.lib.StaticUserWebFilter$StaticUserFilter) to context static
2019-09-26 19:49:10,215 [main] INFO  http.HttpServer2 (HttpServer2.java:addFilter(958)) - Added filter static_user_filter (class=org.apache.hadoop.http.lib.StaticUserWebFilter$StaticUserFilter) to context logs
2019-09-26 19:49:10,216 [main] INFO  http.HttpServer2 (HttpServer2.java:bindListener(1191)) - Jetty bound to port 38909
2019-09-26 19:49:10,217 [main] INFO  server.Server (Server.java:doStart(351)) - jetty-9.3.25.v20180904, build timestamp: 2018-09-04T21:11:46Z, git hash: 3ce520221d0240229c862b122d2b06c12a625732
2019-09-26 19:49:10,220 [main] INFO  handler.ContextHandler (ContextHandler.java:doStart(781)) - Started o.e.j.s.ServletContextHandler@620c8641{/logs,file:///workdir/hadoop-ozone/integration-test/target/log,AVAILABLE}
2019-09-26 19:49:10,221 [main] INFO  handler.ContextHandler (ContextHandler.java:doStart(781)) - Started o.e.j.s.ServletContextHandler@5460b754{/static,jar:file:/home/user/.m2/repository/org/apache/hadoop/hadoop-hdds-container-service/0.5.0-SNAPSHOT/hadoop-hdds-container-service-0.5.0-SNAPSHOT.jar!/webapps/static,AVAILABLE}
2019-09-26 19:49:10,251 [main] INFO  handler.ContextHandler (ContextHandler.java:doStart(781)) - Started o.e.j.w.WebAppContext@58472096{/,file:///tmp/jetty-0.0.0.0-38909-hddsDatanode-_-any-8274768702030938001.dir/webapp/,AVAILABLE}{/hddsDatanode}
2019-09-26 19:49:10,252 [main] INFO  server.AbstractConnector (AbstractConnector.java:doStart(278)) - Started ServerConnector@a92be4f{HTTP/1.1,[http/1.1]}{0.0.0.0:38909}
2019-09-26 19:49:10,253 [main] INFO  server.Server (Server.java:doStart(419)) - Started @5560ms
2019-09-26 19:49:10,253 [main] WARN  impl.MetricsSystemImpl (MetricsSystemImpl.java:register(276)) - Sink prometheus already exists!
2019-09-26 19:49:10,255 [main] INFO  server.BaseHttpServer (BaseHttpServer.java:updateConnectorAddress(215)) - HTTP server of HDDSDATANODE is listening at http://0.0.0.0:38909
2019-09-26 19:49:10,256 [main] INFO  impl.MetricsSystemImpl (MetricsSystemImpl.java:init(158)) - HddsDatanode metrics system started (again)
2019-09-26 19:49:10,260 [org.apache.hadoop.util.JvmPauseMonitor$Monitor@72e076bb] INFO  util.JvmPauseMonitor (JvmPauseMonitor.java:run(188)) - Starting JVM pause monitor
2019-09-26 19:49:10,262 [main] INFO  ozone.HddsDatanodeService (HddsDatanodeService.java:start(184)) - HddsDatanodeService host:pr-hdds-2162-kpcbn-4093309294 ip:192.168.151.109
2019-09-26 19:49:10,272 [main] INFO  volume.HddsVolume (HddsVolume.java:<init>(176)) - Creating Volume: /workdir/hadoop-ozone/integration-test/target/test-dir/MiniOzoneClusterImpl-d3bdf5d1-e8ca-4908-b2d0-eb43964eb91e/datanode-2/data/containers/hdds of  storage type : DISK and capacity : 1482555576320
2019-09-26 19:49:10,272 [main] INFO  volume.VolumeSet (VolumeSet.java:initializeVolumeSet(170)) - Added Volume : /workdir/hadoop-ozone/integration-test/target/test-dir/MiniOzoneClusterImpl-d3bdf5d1-e8ca-4908-b2d0-eb43964eb91e/datanode-2/data/containers/hdds to VolumeSet
2019-09-26 19:49:10,272 [main] INFO  volume.ThrottledAsyncChecker (ThrottledAsyncChecker.java:schedule(139)) - Scheduling a check for org.apache.hadoop.ozone.container.common.volume.HddsVolume@7cbeac65
2019-09-26 19:49:10,273 [main] INFO  volume.HddsVolumeChecker (HddsVolumeChecker.java:checkAllVolumes(202)) - Scheduled health check for volume org.apache.hadoop.ozone.container.common.volume.HddsVolume@7cbeac65
2019-09-26 19:49:10,297 [main] INFO  impl.RaftServerProxy (ConfUtils.java:logGet(43)) - raft.rpc.type = GRPC (default)
2019-09-26 19:49:10,298 [main] INFO  grpc.GrpcFactory (GrpcFactory.java:checkPooledByteBufAllocatorUseCacheForAllThreads(45)) - PERFORMANCE WARNING: useCacheForAllThreads is true that may cause Netty to create a lot garbage objects and, as a result, trigger GC.
	It is recommended to disable useCacheForAllThreads by setting -Dorg.apache.ratis.thirdparty.io.netty.allocator.useCacheForAllThreads=false in command line.
2019-09-26 19:49:10,298 [main] INFO  grpc.GrpcConfigKeys$Server (ConfUtils.java:logGet(43)) - raft.grpc.server.port = 0 (default)
2019-09-26 19:49:10,299 [main] INFO  server.GrpcService (ConfUtils.java:logGet(43)) - raft.grpc.message.size.max = 33570816 (custom)
2019-09-26 19:49:10,299 [main] INFO  server.RaftServerConfigKeys (ConfUtils.java:logGet(43)) - raft.server.log.appender.buffer.byte-limit = 33554432 (custom)
2019-09-26 19:49:10,300 [main] INFO  server.GrpcService (ConfUtils.java:logGet(43)) - raft.grpc.flow.control.window = 1MB (=1048576) (default)
2019-09-26 19:49:10,300 [main] INFO  server.RaftServerConfigKeys (ConfUtils.java:logGet(43)) - raft.server.rpc.request.timeout = 3000ms (default)
2019-09-26 19:49:10,301 [main] INFO  server.RaftServerConfigKeys (ConfUtils.java:logGet(43)) - raft.server.storage.dir = [/workdir/hadoop-ozone/integration-test/target/test-dir/MiniOzoneClusterImpl-d3bdf5d1-e8ca-4908-b2d0-eb43964eb91e/datanode-2/data/ratis] (custom)
2019-09-26 19:49:10,304 [main] INFO  hdfs.DFSUtil (DFSUtil.java:httpServerTemplateForNNAndJN(1641)) - Starting Web-server for hddsDatanode at: http://0.0.0.0:0
2019-09-26 19:49:10,305 [main] INFO  server.AuthenticationFilter (AuthenticationFilter.java:constructSecretProvider(240)) - Unable to initialize FileSignerSecretProvider, falling back to use random secrets.
2019-09-26 19:49:10,306 [main] WARN  http.HttpRequestLog (HttpRequestLog.java:getRequestLog(97)) - Jetty request log can only be enabled using Log4j
2019-09-26 19:49:10,308 [main] INFO  http.HttpServer2 (HttpServer2.java:addGlobalFilter(975)) - Added global filter 'safety' (class=org.apache.hadoop.http.HttpServer2$QuotingInputFilter)
2019-09-26 19:49:10,308 [main] INFO  http.HttpServer2 (HttpServer2.java:addFilter(948)) - Added filter static_user_filter (class=org.apache.hadoop.http.lib.StaticUserWebFilter$StaticUserFilter) to context hddsDatanode
2019-09-26 19:49:10,308 [main] INFO  http.HttpServer2 (HttpServer2.java:addFilter(958)) - Added filter static_user_filter (class=org.apache.hadoop.http.lib.StaticUserWebFilter$StaticUserFilter) to context static
2019-09-26 19:49:10,308 [main] INFO  http.HttpServer2 (HttpServer2.java:addFilter(958)) - Added filter static_user_filter (class=org.apache.hadoop.http.lib.StaticUserWebFilter$StaticUserFilter) to context logs
2019-09-26 19:49:10,310 [main] INFO  http.HttpServer2 (HttpServer2.java:bindListener(1191)) - Jetty bound to port 34087
2019-09-26 19:49:10,310 [main] INFO  server.Server (Server.java:doStart(351)) - jetty-9.3.25.v20180904, build timestamp: 2018-09-04T21:11:46Z, git hash: 3ce520221d0240229c862b122d2b06c12a625732
2019-09-26 19:49:10,312 [main] INFO  handler.ContextHandler (ContextHandler.java:doStart(781)) - Started o.e.j.s.ServletContextHandler@36681447{/logs,file:///workdir/hadoop-ozone/integration-test/target/log,AVAILABLE}
2019-09-26 19:49:10,313 [main] INFO  handler.ContextHandler (ContextHandler.java:doStart(781)) - Started o.e.j.s.ServletContextHandler@726aa968{/static,jar:file:/home/user/.m2/repository/org/apache/hadoop/hadoop-hdds-container-service/0.5.0-SNAPSHOT/hadoop-hdds-container-service-0.5.0-SNAPSHOT.jar!/webapps/static,AVAILABLE}
2019-09-26 19:49:10,319 [Datanode State Machine Thread - 0] INFO  datanode.InitDatanodeState (InitDatanodeState.java:persistContainerDatanodeDetails(140)) - DatanodeDetails is persisted to /workdir/hadoop-ozone/integration-test/target/test-dir/MiniOzoneClusterImpl-d3bdf5d1-e8ca-4908-b2d0-eb43964eb91e/datanode-0/meta/datanode.id
2019-09-26 19:49:10,323 [Datanode State Machine Thread - 0] INFO  datanode.InitDatanodeState (InitDatanodeState.java:persistContainerDatanodeDetails(140)) - DatanodeDetails is persisted to /workdir/hadoop-ozone/integration-test/target/test-dir/MiniOzoneClusterImpl-d3bdf5d1-e8ca-4908-b2d0-eb43964eb91e/datanode-1/meta/datanode.id
2019-09-26 19:49:10,345 [main] INFO  handler.ContextHandler (ContextHandler.java:doStart(781)) - Started o.e.j.w.WebAppContext@7e642b88{/,file:///tmp/jetty-0.0.0.0-34087-hddsDatanode-_-any-4869710820114732323.dir/webapp/,AVAILABLE}{/hddsDatanode}
2019-09-26 19:49:10,345 [main] INFO  server.AbstractConnector (AbstractConnector.java:doStart(278)) - Started ServerConnector@6b350309{HTTP/1.1,[http/1.1]}{0.0.0.0:34087}
2019-09-26 19:49:10,346 [main] INFO  server.Server (Server.java:doStart(419)) - Started @5653ms
2019-09-26 19:49:10,347 [main] WARN  impl.MetricsSystemImpl (MetricsSystemImpl.java:register(276)) - Sink prometheus already exists!
2019-09-26 19:49:10,348 [main] INFO  server.BaseHttpServer (BaseHttpServer.java:updateConnectorAddress(215)) - HTTP server of HDDSDATANODE is listening at http://0.0.0.0:34087
2019-09-26 19:49:10,348 [main] INFO  impl.MetricsSystemImpl (MetricsSystemImpl.java:init(158)) - HddsDatanode metrics system started (again)
2019-09-26 19:49:10,351 [main] INFO  ozone.HddsDatanodeService (HddsDatanodeService.java:start(184)) - HddsDatanodeService host:pr-hdds-2162-kpcbn-4093309294 ip:192.168.151.109
2019-09-26 19:49:10,352 [org.apache.hadoop.util.JvmPauseMonitor$Monitor@3a043e0c] INFO  util.JvmPauseMonitor (JvmPauseMonitor.java:run(188)) - Starting JVM pause monitor
2019-09-26 19:49:10,354 [Datanode State Machine Thread - 0] INFO  datanode.InitDatanodeState (InitDatanodeState.java:persistContainerDatanodeDetails(140)) - DatanodeDetails is persisted to /workdir/hadoop-ozone/integration-test/target/test-dir/MiniOzoneClusterImpl-d3bdf5d1-e8ca-4908-b2d0-eb43964eb91e/datanode-2/meta/datanode.id
2019-09-26 19:49:10,360 [main] INFO  volume.HddsVolume (HddsVolume.java:<init>(176)) - Creating Volume: /workdir/hadoop-ozone/integration-test/target/test-dir/MiniOzoneClusterImpl-d3bdf5d1-e8ca-4908-b2d0-eb43964eb91e/datanode-3/data/containers/hdds of  storage type : DISK and capacity : 1482555576320
2019-09-26 19:49:10,360 [main] INFO  volume.VolumeSet (VolumeSet.java:initializeVolumeSet(170)) - Added Volume : /workdir/hadoop-ozone/integration-test/target/test-dir/MiniOzoneClusterImpl-d3bdf5d1-e8ca-4908-b2d0-eb43964eb91e/datanode-3/data/containers/hdds to VolumeSet
2019-09-26 19:49:10,361 [main] INFO  volume.ThrottledAsyncChecker (ThrottledAsyncChecker.java:schedule(139)) - Scheduling a check for org.apache.hadoop.ozone.container.common.volume.HddsVolume@ec8f4b9
2019-09-26 19:49:10,362 [main] INFO  volume.HddsVolumeChecker (HddsVolumeChecker.java:checkAllVolumes(202)) - Scheduled health check for volume org.apache.hadoop.ozone.container.common.volume.HddsVolume@ec8f4b9
2019-09-26 19:49:10,383 [main] INFO  impl.RaftServerProxy (ConfUtils.java:logGet(43)) - raft.rpc.type = GRPC (default)
2019-09-26 19:49:10,384 [main] INFO  grpc.GrpcFactory (GrpcFactory.java:checkPooledByteBufAllocatorUseCacheForAllThreads(45)) - PERFORMANCE WARNING: useCacheForAllThreads is true that may cause Netty to create a lot garbage objects and, as a result, trigger GC.
	It is recommended to disable useCacheForAllThreads by setting -Dorg.apache.ratis.thirdparty.io.netty.allocator.useCacheForAllThreads=false in command line.
2019-09-26 19:49:10,384 [main] INFO  grpc.GrpcConfigKeys$Server (ConfUtils.java:logGet(43)) - raft.grpc.server.port = 0 (default)
2019-09-26 19:49:10,384 [main] INFO  server.GrpcService (ConfUtils.java:logGet(43)) - raft.grpc.message.size.max = 33570816 (custom)
2019-09-26 19:49:10,385 [main] INFO  server.RaftServerConfigKeys (ConfUtils.java:logGet(43)) - raft.server.log.appender.buffer.byte-limit = 33554432 (custom)
2019-09-26 19:49:10,385 [main] INFO  server.GrpcService (ConfUtils.java:logGet(43)) - raft.grpc.flow.control.window = 1MB (=1048576) (default)
2019-09-26 19:49:10,385 [main] INFO  server.RaftServerConfigKeys (ConfUtils.java:logGet(43)) - raft.server.rpc.request.timeout = 3000ms (default)
2019-09-26 19:49:10,386 [main] INFO  server.RaftServerConfigKeys (ConfUtils.java:logGet(43)) - raft.server.storage.dir = [/workdir/hadoop-ozone/integration-test/target/test-dir/MiniOzoneClusterImpl-d3bdf5d1-e8ca-4908-b2d0-eb43964eb91e/datanode-3/data/ratis] (custom)
2019-09-26 19:49:10,388 [main] INFO  hdfs.DFSUtil (DFSUtil.java:httpServerTemplateForNNAndJN(1641)) - Starting Web-server for hddsDatanode at: http://0.0.0.0:0
2019-09-26 19:49:10,390 [main] INFO  server.AuthenticationFilter (AuthenticationFilter.java:constructSecretProvider(240)) - Unable to initialize FileSignerSecretProvider, falling back to use random secrets.
2019-09-26 19:49:10,390 [main] WARN  http.HttpRequestLog (HttpRequestLog.java:getRequestLog(97)) - Jetty request log can only be enabled using Log4j
2019-09-26 19:49:10,392 [main] INFO  http.HttpServer2 (HttpServer2.java:addGlobalFilter(975)) - Added global filter 'safety' (class=org.apache.hadoop.http.HttpServer2$QuotingInputFilter)
2019-09-26 19:49:10,393 [main] INFO  http.HttpServer2 (HttpServer2.java:addFilter(948)) - Added filter static_user_filter (class=org.apache.hadoop.http.lib.StaticUserWebFilter$StaticUserFilter) to context hddsDatanode
2019-09-26 19:49:10,393 [main] INFO  http.HttpServer2 (HttpServer2.java:addFilter(958)) - Added filter static_user_filter (class=org.apache.hadoop.http.lib.StaticUserWebFilter$StaticUserFilter) to context static
2019-09-26 19:49:10,394 [main] INFO  http.HttpServer2 (HttpServer2.java:addFilter(958)) - Added filter static_user_filter (class=org.apache.hadoop.http.lib.StaticUserWebFilter$StaticUserFilter) to context logs
2019-09-26 19:49:10,394 [main] INFO  http.HttpServer2 (HttpServer2.java:bindListener(1191)) - Jetty bound to port 35659
2019-09-26 19:49:10,395 [main] INFO  server.Server (Server.java:doStart(351)) - jetty-9.3.25.v20180904, build timestamp: 2018-09-04T21:11:46Z, git hash: 3ce520221d0240229c862b122d2b06c12a625732
2019-09-26 19:49:10,399 [main] INFO  handler.ContextHandler (ContextHandler.java:doStart(781)) - Started o.e.j.s.ServletContextHandler@97d0c06{/logs,file:///workdir/hadoop-ozone/integration-test/target/log,AVAILABLE}
2019-09-26 19:49:10,400 [main] INFO  handler.ContextHandler (ContextHandler.java:doStart(781)) - Started o.e.j.s.ServletContextHandler@43af351a{/static,jar:file:/home/user/.m2/repository/org/apache/hadoop/hadoop-hdds-container-service/0.5.0-SNAPSHOT/hadoop-hdds-container-service-0.5.0-SNAPSHOT.jar!/webapps/static,AVAILABLE}
2019-09-26 19:49:10,435 [main] INFO  handler.ContextHandler (ContextHandler.java:doStart(781)) - Started o.e.j.w.WebAppContext@15b642b9{/,file:///tmp/jetty-0.0.0.0-35659-hddsDatanode-_-any-1368924458871718017.dir/webapp/,AVAILABLE}{/hddsDatanode}
2019-09-26 19:49:10,436 [main] INFO  server.AbstractConnector (AbstractConnector.java:doStart(278)) - Started ServerConnector@518bfd90{HTTP/1.1,[http/1.1]}{0.0.0.0:35659}
2019-09-26 19:49:10,437 [main] INFO  server.Server (Server.java:doStart(419)) - Started @5744ms
2019-09-26 19:49:10,438 [main] WARN  impl.MetricsSystemImpl (MetricsSystemImpl.java:register(276)) - Sink prometheus already exists!
2019-09-26 19:49:10,440 [main] INFO  server.BaseHttpServer (BaseHttpServer.java:updateConnectorAddress(215)) - HTTP server of HDDSDATANODE is listening at http://0.0.0.0:35659
2019-09-26 19:49:10,440 [main] INFO  impl.MetricsSystemImpl (MetricsSystemImpl.java:init(158)) - HddsDatanode metrics system started (again)
2019-09-26 19:49:10,444 [org.apache.hadoop.util.JvmPauseMonitor$Monitor@5595fb9b] INFO  util.JvmPauseMonitor (JvmPauseMonitor.java:run(188)) - Starting JVM pause monitor
2019-09-26 19:49:10,446 [main] INFO  ozone.HddsDatanodeService (HddsDatanodeService.java:start(184)) - HddsDatanodeService host:pr-hdds-2162-kpcbn-4093309294 ip:192.168.151.109
2019-09-26 19:49:10,447 [Datanode State Machine Thread - 0] INFO  datanode.InitDatanodeState (InitDatanodeState.java:persistContainerDatanodeDetails(140)) - DatanodeDetails is persisted to /workdir/hadoop-ozone/integration-test/target/test-dir/MiniOzoneClusterImpl-d3bdf5d1-e8ca-4908-b2d0-eb43964eb91e/datanode-3/meta/datanode.id
2019-09-26 19:49:10,454 [main] INFO  volume.HddsVolume (HddsVolume.java:<init>(176)) - Creating Volume: /workdir/hadoop-ozone/integration-test/target/test-dir/MiniOzoneClusterImpl-d3bdf5d1-e8ca-4908-b2d0-eb43964eb91e/datanode-4/data/containers/hdds of  storage type : DISK and capacity : 1482555576320
2019-09-26 19:49:10,455 [main] INFO  volume.VolumeSet (VolumeSet.java:initializeVolumeSet(170)) - Added Volume : /workdir/hadoop-ozone/integration-test/target/test-dir/MiniOzoneClusterImpl-d3bdf5d1-e8ca-4908-b2d0-eb43964eb91e/datanode-4/data/containers/hdds to VolumeSet
2019-09-26 19:49:10,455 [main] INFO  volume.ThrottledAsyncChecker (ThrottledAsyncChecker.java:schedule(139)) - Scheduling a check for org.apache.hadoop.ozone.container.common.volume.HddsVolume@d5d5353
2019-09-26 19:49:10,456 [main] INFO  volume.HddsVolumeChecker (HddsVolumeChecker.java:checkAllVolumes(202)) - Scheduled health check for volume org.apache.hadoop.ozone.container.common.volume.HddsVolume@d5d5353
2019-09-26 19:49:10,474 [main] INFO  impl.RaftServerProxy (ConfUtils.java:logGet(43)) - raft.rpc.type = GRPC (default)
2019-09-26 19:49:10,475 [main] INFO  grpc.GrpcFactory (GrpcFactory.java:checkPooledByteBufAllocatorUseCacheForAllThreads(45)) - PERFORMANCE WARNING: useCacheForAllThreads is true that may cause Netty to create a lot garbage objects and, as a result, trigger GC.
	It is recommended to disable useCacheForAllThreads by setting -Dorg.apache.ratis.thirdparty.io.netty.allocator.useCacheForAllThreads=false in command line.
2019-09-26 19:49:10,475 [main] INFO  grpc.GrpcConfigKeys$Server (ConfUtils.java:logGet(43)) - raft.grpc.server.port = 0 (default)
2019-09-26 19:49:10,475 [main] INFO  server.GrpcService (ConfUtils.java:logGet(43)) - raft.grpc.message.size.max = 33570816 (custom)
2019-09-26 19:49:10,476 [main] INFO  server.RaftServerConfigKeys (ConfUtils.java:logGet(43)) - raft.server.log.appender.buffer.byte-limit = 33554432 (custom)
2019-09-26 19:49:10,476 [main] INFO  server.GrpcService (ConfUtils.java:logGet(43)) - raft.grpc.flow.control.window = 1MB (=1048576) (default)
2019-09-26 19:49:10,476 [main] INFO  server.RaftServerConfigKeys (ConfUtils.java:logGet(43)) - raft.server.rpc.request.timeout = 3000ms (default)
2019-09-26 19:49:10,477 [main] INFO  server.RaftServerConfigKeys (ConfUtils.java:logGet(43)) - raft.server.storage.dir = [/workdir/hadoop-ozone/integration-test/target/test-dir/MiniOzoneClusterImpl-d3bdf5d1-e8ca-4908-b2d0-eb43964eb91e/datanode-4/data/ratis] (custom)
2019-09-26 19:49:10,479 [main] INFO  hdfs.DFSUtil (DFSUtil.java:httpServerTemplateForNNAndJN(1641)) - Starting Web-server for hddsDatanode at: http://0.0.0.0:0
2019-09-26 19:49:10,481 [main] INFO  server.AuthenticationFilter (AuthenticationFilter.java:constructSecretProvider(240)) - Unable to initialize FileSignerSecretProvider, falling back to use random secrets.
2019-09-26 19:49:10,482 [main] WARN  http.HttpRequestLog (HttpRequestLog.java:getRequestLog(97)) - Jetty request log can only be enabled using Log4j
2019-09-26 19:49:10,484 [main] INFO  http.HttpServer2 (HttpServer2.java:addGlobalFilter(975)) - Added global filter 'safety' (class=org.apache.hadoop.http.HttpServer2$QuotingInputFilter)
2019-09-26 19:49:10,484 [main] INFO  http.HttpServer2 (HttpServer2.java:addFilter(948)) - Added filter static_user_filter (class=org.apache.hadoop.http.lib.StaticUserWebFilter$StaticUserFilter) to context hddsDatanode
2019-09-26 19:49:10,485 [main] INFO  http.HttpServer2 (HttpServer2.java:addFilter(958)) - Added filter static_user_filter (class=org.apache.hadoop.http.lib.StaticUserWebFilter$StaticUserFilter) to context logs
2019-09-26 19:49:10,485 [main] INFO  http.HttpServer2 (HttpServer2.java:addFilter(958)) - Added filter static_user_filter (class=org.apache.hadoop.http.lib.StaticUserWebFilter$StaticUserFilter) to context static
2019-09-26 19:49:10,486 [main] INFO  http.HttpServer2 (HttpServer2.java:bindListener(1191)) - Jetty bound to port 42099
2019-09-26 19:49:10,486 [main] INFO  server.Server (Server.java:doStart(351)) - jetty-9.3.25.v20180904, build timestamp: 2018-09-04T21:11:46Z, git hash: 3ce520221d0240229c862b122d2b06c12a625732
2019-09-26 19:49:10,488 [main] INFO  handler.ContextHandler (ContextHandler.java:doStart(781)) - Started o.e.j.s.ServletContextHandler@50fb33a{/logs,file:///workdir/hadoop-ozone/integration-test/target/log,AVAILABLE}
2019-09-26 19:49:10,489 [main] INFO  handler.ContextHandler (ContextHandler.java:doStart(781)) - Started o.e.j.s.ServletContextHandler@1457fde{/static,jar:file:/home/user/.m2/repository/org/apache/hadoop/hadoop-hdds-container-service/0.5.0-SNAPSHOT/hadoop-hdds-container-service-0.5.0-SNAPSHOT.jar!/webapps/static,AVAILABLE}
2019-09-26 19:49:10,519 [main] INFO  handler.ContextHandler (ContextHandler.java:doStart(781)) - Started o.e.j.w.WebAppContext@7b306b9f{/,file:///tmp/jetty-0.0.0.0-42099-hddsDatanode-_-any-5463238219480471820.dir/webapp/,AVAILABLE}{/hddsDatanode}
2019-09-26 19:49:10,520 [main] INFO  server.AbstractConnector (AbstractConnector.java:doStart(278)) - Started ServerConnector@142213d5{HTTP/1.1,[http/1.1]}{0.0.0.0:42099}
2019-09-26 19:49:10,525 [main] INFO  server.Server (Server.java:doStart(419)) - Started @5832ms
2019-09-26 19:49:10,525 [main] WARN  impl.MetricsSystemImpl (MetricsSystemImpl.java:register(276)) - Sink prometheus already exists!
2019-09-26 19:49:10,526 [main] INFO  server.BaseHttpServer (BaseHttpServer.java:updateConnectorAddress(215)) - HTTP server of HDDSDATANODE is listening at http://0.0.0.0:42099
2019-09-26 19:49:10,527 [main] INFO  impl.MetricsSystemImpl (MetricsSystemImpl.java:init(158)) - HddsDatanode metrics system started (again)
2019-09-26 19:49:10,531 [org.apache.hadoop.util.JvmPauseMonitor$Monitor@54bc366e] INFO  util.JvmPauseMonitor (JvmPauseMonitor.java:run(188)) - Starting JVM pause monitor
2019-09-26 19:49:10,531 [main] INFO  ozone.HddsDatanodeService (HddsDatanodeService.java:start(184)) - HddsDatanodeService host:pr-hdds-2162-kpcbn-4093309294 ip:192.168.151.109
2019-09-26 19:49:10,534 [Datanode State Machine Thread - 0] INFO  datanode.InitDatanodeState (InitDatanodeState.java:persistContainerDatanodeDetails(140)) - DatanodeDetails is persisted to /workdir/hadoop-ozone/integration-test/target/test-dir/MiniOzoneClusterImpl-d3bdf5d1-e8ca-4908-b2d0-eb43964eb91e/datanode-4/meta/datanode.id
2019-09-26 19:49:10,539 [main] INFO  volume.HddsVolume (HddsVolume.java:<init>(176)) - Creating Volume: /workdir/hadoop-ozone/integration-test/target/test-dir/MiniOzoneClusterImpl-d3bdf5d1-e8ca-4908-b2d0-eb43964eb91e/datanode-5/data/containers/hdds of  storage type : DISK and capacity : 1482555576320
2019-09-26 19:49:10,539 [main] INFO  volume.VolumeSet (VolumeSet.java:initializeVolumeSet(170)) - Added Volume : /workdir/hadoop-ozone/integration-test/target/test-dir/MiniOzoneClusterImpl-d3bdf5d1-e8ca-4908-b2d0-eb43964eb91e/datanode-5/data/containers/hdds to VolumeSet
2019-09-26 19:49:10,539 [main] INFO  volume.ThrottledAsyncChecker (ThrottledAsyncChecker.java:schedule(139)) - Scheduling a check for org.apache.hadoop.ozone.container.common.volume.HddsVolume@6e4f263e
2019-09-26 19:49:10,540 [main] INFO  volume.HddsVolumeChecker (HddsVolumeChecker.java:checkAllVolumes(202)) - Scheduled health check for volume org.apache.hadoop.ozone.container.common.volume.HddsVolume@6e4f263e
2019-09-26 19:49:10,557 [main] INFO  impl.RaftServerProxy (ConfUtils.java:logGet(43)) - raft.rpc.type = GRPC (default)
2019-09-26 19:49:10,557 [main] INFO  grpc.GrpcFactory (GrpcFactory.java:checkPooledByteBufAllocatorUseCacheForAllThreads(45)) - PERFORMANCE WARNING: useCacheForAllThreads is true that may cause Netty to create a lot garbage objects and, as a result, trigger GC.
	It is recommended to disable useCacheForAllThreads by setting -Dorg.apache.ratis.thirdparty.io.netty.allocator.useCacheForAllThreads=false in command line.
2019-09-26 19:49:10,557 [main] INFO  grpc.GrpcConfigKeys$Server (ConfUtils.java:logGet(43)) - raft.grpc.server.port = 0 (default)
2019-09-26 19:49:10,557 [main] INFO  server.GrpcService (ConfUtils.java:logGet(43)) - raft.grpc.message.size.max = 33570816 (custom)
2019-09-26 19:49:10,557 [main] INFO  server.RaftServerConfigKeys (ConfUtils.java:logGet(43)) - raft.server.log.appender.buffer.byte-limit = 33554432 (custom)
2019-09-26 19:49:10,558 [main] INFO  server.GrpcService (ConfUtils.java:logGet(43)) - raft.grpc.flow.control.window = 1MB (=1048576) (default)
2019-09-26 19:49:10,558 [main] INFO  server.RaftServerConfigKeys (ConfUtils.java:logGet(43)) - raft.server.rpc.request.timeout = 3000ms (default)
2019-09-26 19:49:10,558 [main] INFO  server.RaftServerConfigKeys (ConfUtils.java:logGet(43)) - raft.server.storage.dir = [/workdir/hadoop-ozone/integration-test/target/test-dir/MiniOzoneClusterImpl-d3bdf5d1-e8ca-4908-b2d0-eb43964eb91e/datanode-5/data/ratis] (custom)
2019-09-26 19:49:10,560 [main] INFO  hdfs.DFSUtil (DFSUtil.java:httpServerTemplateForNNAndJN(1641)) - Starting Web-server for hddsDatanode at: http://0.0.0.0:0
2019-09-26 19:49:10,562 [main] INFO  server.AuthenticationFilter (AuthenticationFilter.java:constructSecretProvider(240)) - Unable to initialize FileSignerSecretProvider, falling back to use random secrets.
2019-09-26 19:49:10,563 [main] WARN  http.HttpRequestLog (HttpRequestLog.java:getRequestLog(97)) - Jetty request log can only be enabled using Log4j
2019-09-26 19:49:10,565 [main] INFO  http.HttpServer2 (HttpServer2.java:addGlobalFilter(975)) - Added global filter 'safety' (class=org.apache.hadoop.http.HttpServer2$QuotingInputFilter)
2019-09-26 19:49:10,566 [main] INFO  http.HttpServer2 (HttpServer2.java:addFilter(948)) - Added filter static_user_filter (class=org.apache.hadoop.http.lib.StaticUserWebFilter$StaticUserFilter) to context hddsDatanode
2019-09-26 19:49:10,566 [main] INFO  http.HttpServer2 (HttpServer2.java:addFilter(958)) - Added filter static_user_filter (class=org.apache.hadoop.http.lib.StaticUserWebFilter$StaticUserFilter) to context logs
2019-09-26 19:49:10,567 [main] INFO  http.HttpServer2 (HttpServer2.java:addFilter(958)) - Added filter static_user_filter (class=org.apache.hadoop.http.lib.StaticUserWebFilter$StaticUserFilter) to context static
2019-09-26 19:49:10,568 [main] INFO  http.HttpServer2 (HttpServer2.java:bindListener(1191)) - Jetty bound to port 46479
2019-09-26 19:49:10,568 [main] INFO  server.Server (Server.java:doStart(351)) - jetty-9.3.25.v20180904, build timestamp: 2018-09-04T21:11:46Z, git hash: 3ce520221d0240229c862b122d2b06c12a625732
2019-09-26 19:49:10,571 [main] INFO  handler.ContextHandler (ContextHandler.java:doStart(781)) - Started o.e.j.s.ServletContextHandler@7e53339{/logs,file:///workdir/hadoop-ozone/integration-test/target/log,AVAILABLE}
2019-09-26 19:49:10,572 [main] INFO  handler.ContextHandler (ContextHandler.java:doStart(781)) - Started o.e.j.s.ServletContextHandler@31ddb930{/static,jar:file:/home/user/.m2/repository/org/apache/hadoop/hadoop-hdds-container-service/0.5.0-SNAPSHOT/hadoop-hdds-container-service-0.5.0-SNAPSHOT.jar!/webapps/static,AVAILABLE}
2019-09-26 19:49:10,608 [main] INFO  handler.ContextHandler (ContextHandler.java:doStart(781)) - Started o.e.j.w.WebAppContext@2bc378f7{/,file:///tmp/jetty-0.0.0.0-46479-hddsDatanode-_-any-6811277468237714031.dir/webapp/,AVAILABLE}{/hddsDatanode}
2019-09-26 19:49:10,608 [main] INFO  server.AbstractConnector (AbstractConnector.java:doStart(278)) - Started ServerConnector@268cbb86{HTTP/1.1,[http/1.1]}{0.0.0.0:46479}
2019-09-26 19:49:10,609 [main] INFO  server.Server (Server.java:doStart(419)) - Started @5916ms
2019-09-26 19:49:10,610 [main] WARN  impl.MetricsSystemImpl (MetricsSystemImpl.java:register(276)) - Sink prometheus already exists!
2019-09-26 19:49:10,611 [main] INFO  server.BaseHttpServer (BaseHttpServer.java:updateConnectorAddress(215)) - HTTP server of HDDSDATANODE is listening at http://0.0.0.0:46479
2019-09-26 19:49:10,611 [main] INFO  impl.MetricsSystemImpl (MetricsSystemImpl.java:init(158)) - HddsDatanode metrics system started (again)
2019-09-26 19:49:10,615 [org.apache.hadoop.util.JvmPauseMonitor$Monitor@12043cdc] INFO  util.JvmPauseMonitor (JvmPauseMonitor.java:run(188)) - Starting JVM pause monitor
2019-09-26 19:49:10,615 [main] INFO  ozone.HddsDatanodeService (HddsDatanodeService.java:start(184)) - HddsDatanodeService host:pr-hdds-2162-kpcbn-4093309294 ip:192.168.151.109
2019-09-26 19:49:10,618 [Datanode State Machine Thread - 0] INFO  datanode.InitDatanodeState (InitDatanodeState.java:persistContainerDatanodeDetails(140)) - DatanodeDetails is persisted to /workdir/hadoop-ozone/integration-test/target/test-dir/MiniOzoneClusterImpl-d3bdf5d1-e8ca-4908-b2d0-eb43964eb91e/datanode-5/meta/datanode.id
2019-09-26 19:49:10,623 [main] INFO  volume.HddsVolume (HddsVolume.java:<init>(176)) - Creating Volume: /workdir/hadoop-ozone/integration-test/target/test-dir/MiniOzoneClusterImpl-d3bdf5d1-e8ca-4908-b2d0-eb43964eb91e/datanode-6/data/containers/hdds of  storage type : DISK and capacity : 1482555576320
2019-09-26 19:49:10,623 [main] INFO  volume.VolumeSet (VolumeSet.java:initializeVolumeSet(170)) - Added Volume : /workdir/hadoop-ozone/integration-test/target/test-dir/MiniOzoneClusterImpl-d3bdf5d1-e8ca-4908-b2d0-eb43964eb91e/datanode-6/data/containers/hdds to VolumeSet
2019-09-26 19:49:10,624 [main] INFO  volume.ThrottledAsyncChecker (ThrottledAsyncChecker.java:schedule(139)) - Scheduling a check for org.apache.hadoop.ozone.container.common.volume.HddsVolume@7afc4db9
2019-09-26 19:49:10,624 [main] INFO  volume.HddsVolumeChecker (HddsVolumeChecker.java:checkAllVolumes(202)) - Scheduled health check for volume org.apache.hadoop.ozone.container.common.volume.HddsVolume@7afc4db9
2019-09-26 19:49:10,639 [main] INFO  impl.RaftServerProxy (ConfUtils.java:logGet(43)) - raft.rpc.type = GRPC (default)
2019-09-26 19:49:10,639 [main] INFO  grpc.GrpcFactory (GrpcFactory.java:checkPooledByteBufAllocatorUseCacheForAllThreads(45)) - PERFORMANCE WARNING: useCacheForAllThreads is true that may cause Netty to create a lot garbage objects and, as a result, trigger GC.
	It is recommended to disable useCacheForAllThreads by setting -Dorg.apache.ratis.thirdparty.io.netty.allocator.useCacheForAllThreads=false in command line.
2019-09-26 19:49:10,640 [main] INFO  grpc.GrpcConfigKeys$Server (ConfUtils.java:logGet(43)) - raft.grpc.server.port = 0 (default)
2019-09-26 19:49:10,640 [main] INFO  server.GrpcService (ConfUtils.java:logGet(43)) - raft.grpc.message.size.max = 33570816 (custom)
2019-09-26 19:49:10,640 [main] INFO  server.RaftServerConfigKeys (ConfUtils.java:logGet(43)) - raft.server.log.appender.buffer.byte-limit = 33554432 (custom)
2019-09-26 19:49:10,641 [main] INFO  server.GrpcService (ConfUtils.java:logGet(43)) - raft.grpc.flow.control.window = 1MB (=1048576) (default)
2019-09-26 19:49:10,641 [main] INFO  server.RaftServerConfigKeys (ConfUtils.java:logGet(43)) - raft.server.rpc.request.timeout = 3000ms (default)
2019-09-26 19:49:10,642 [main] INFO  server.RaftServerConfigKeys (ConfUtils.java:logGet(43)) - raft.server.storage.dir = [/workdir/hadoop-ozone/integration-test/target/test-dir/MiniOzoneClusterImpl-d3bdf5d1-e8ca-4908-b2d0-eb43964eb91e/datanode-6/data/ratis] (custom)
2019-09-26 19:49:10,643 [main] INFO  hdfs.DFSUtil (DFSUtil.java:httpServerTemplateForNNAndJN(1641)) - Starting Web-server for hddsDatanode at: http://0.0.0.0:0
2019-09-26 19:49:10,645 [main] INFO  server.AuthenticationFilter (AuthenticationFilter.java:constructSecretProvider(240)) - Unable to initialize FileSignerSecretProvider, falling back to use random secrets.
2019-09-26 19:49:10,646 [main] WARN  http.HttpRequestLog (HttpRequestLog.java:getRequestLog(97)) - Jetty request log can only be enabled using Log4j
2019-09-26 19:49:10,648 [main] INFO  http.HttpServer2 (HttpServer2.java:addGlobalFilter(975)) - Added global filter 'safety' (class=org.apache.hadoop.http.HttpServer2$QuotingInputFilter)
2019-09-26 19:49:10,649 [main] INFO  http.HttpServer2 (HttpServer2.java:addFilter(948)) - Added filter static_user_filter (class=org.apache.hadoop.http.lib.StaticUserWebFilter$StaticUserFilter) to context hddsDatanode
2019-09-26 19:49:10,649 [main] INFO  http.HttpServer2 (HttpServer2.java:addFilter(958)) - Added filter static_user_filter (class=org.apache.hadoop.http.lib.StaticUserWebFilter$StaticUserFilter) to context logs
2019-09-26 19:49:10,649 [main] INFO  http.HttpServer2 (HttpServer2.java:addFilter(958)) - Added filter static_user_filter (class=org.apache.hadoop.http.lib.StaticUserWebFilter$StaticUserFilter) to context static
2019-09-26 19:49:10,650 [main] INFO  http.HttpServer2 (HttpServer2.java:bindListener(1191)) - Jetty bound to port 40512
2019-09-26 19:49:10,650 [main] INFO  server.Server (Server.java:doStart(351)) - jetty-9.3.25.v20180904, build timestamp: 2018-09-04T21:11:46Z, git hash: 3ce520221d0240229c862b122d2b06c12a625732
2019-09-26 19:49:10,652 [main] INFO  handler.ContextHandler (ContextHandler.java:doStart(781)) - Started o.e.j.s.ServletContextHandler@1ab5f08a{/logs,file:///workdir/hadoop-ozone/integration-test/target/log,AVAILABLE}
2019-09-26 19:49:10,653 [main] INFO  handler.ContextHandler (ContextHandler.java:doStart(781)) - Started o.e.j.s.ServletContextHandler@79a04e5f{/static,jar:file:/home/user/.m2/repository/org/apache/hadoop/hadoop-hdds-container-service/0.5.0-SNAPSHOT/hadoop-hdds-container-service-0.5.0-SNAPSHOT.jar!/webapps/static,AVAILABLE}
2019-09-26 19:49:10,695 [main] INFO  handler.ContextHandler (ContextHandler.java:doStart(781)) - Started o.e.j.w.WebAppContext@5a08efdc{/,file:///tmp/jetty-0.0.0.0-40512-hddsDatanode-_-any-4297617147052381329.dir/webapp/,AVAILABLE}{/hddsDatanode}
2019-09-26 19:49:10,696 [main] INFO  server.AbstractConnector (AbstractConnector.java:doStart(278)) - Started ServerConnector@57272109{HTTP/1.1,[http/1.1]}{0.0.0.0:40512}
2019-09-26 19:49:10,697 [main] INFO  server.Server (Server.java:doStart(419)) - Started @6004ms
2019-09-26 19:49:10,697 [main] WARN  impl.MetricsSystemImpl (MetricsSystemImpl.java:register(276)) - Sink prometheus already exists!
2019-09-26 19:49:10,698 [main] INFO  server.BaseHttpServer (BaseHttpServer.java:updateConnectorAddress(215)) - HTTP server of HDDSDATANODE is listening at http://0.0.0.0:40512
2019-09-26 19:49:10,701 [main] INFO  ozone.MiniOzoneClusterImpl (MiniOzoneClusterImpl.java:lambda$waitForClusterToBeReady$0(147)) - Waiting for cluster to be ready. Got 0 of 7 DN Heartbeats.
2019-09-26 19:49:10,702 [org.apache.hadoop.util.JvmPauseMonitor$Monitor@2c7c782a] INFO  util.JvmPauseMonitor (JvmPauseMonitor.java:run(188)) - Starting JVM pause monitor
2019-09-26 19:49:10,705 [Datanode State Machine Thread - 0] INFO  datanode.InitDatanodeState (InitDatanodeState.java:persistContainerDatanodeDetails(140)) - DatanodeDetails is persisted to /workdir/hadoop-ozone/integration-test/target/test-dir/MiniOzoneClusterImpl-d3bdf5d1-e8ca-4908-b2d0-eb43964eb91e/datanode-6/meta/datanode.id
2019-09-26 19:49:11,701 [main] INFO  ozone.MiniOzoneClusterImpl (MiniOzoneClusterImpl.java:lambda$waitForClusterToBeReady$0(147)) - Waiting for cluster to be ready. Got 0 of 7 DN Heartbeats.
2019-09-26 19:49:12,245 [Datanode State Machine Thread - 0] INFO  ozoneimpl.OzoneContainer (OzoneContainer.java:start(217)) - Attempting to start container services.
2019-09-26 19:49:12,248 [Datanode State Machine Thread - 0] INFO  ozoneimpl.OzoneContainer (OzoneContainer.java:startContainerScrub(179)) - Background container scanner has been disabled.
2019-09-26 19:49:12,249 [Datanode State Machine Thread - 0] INFO  ratis.XceiverServerRatis (XceiverServerRatis.java:start(411)) - Starting XceiverServerRatis 3bb49466-767f-41d7-9f84-ceb9d260798c at port 0
2019-09-26 19:49:12,278 [Datanode State Machine Thread - 0] INFO  impl.RaftServerProxy (RaftServerProxy.java:lambda$start$3(299)) - 3bb49466-767f-41d7-9f84-ceb9d260798c: start RPC server
2019-09-26 19:49:12,280 [Datanode State Machine Thread - 0] INFO  ozoneimpl.OzoneContainer (OzoneContainer.java:start(217)) - Attempting to start container services.
2019-09-26 19:49:12,287 [Datanode State Machine Thread - 0] INFO  ozoneimpl.OzoneContainer (OzoneContainer.java:startContainerScrub(179)) - Background container scanner has been disabled.
2019-09-26 19:49:12,287 [Datanode State Machine Thread - 0] INFO  ratis.XceiverServerRatis (XceiverServerRatis.java:start(411)) - Starting XceiverServerRatis 5a86c999-3687-4e4b-b3cf-69bb9121f879 at port 0
2019-09-26 19:49:12,297 [Datanode State Machine Thread - 0] INFO  impl.RaftServerProxy (RaftServerProxy.java:lambda$start$3(299)) - 5a86c999-3687-4e4b-b3cf-69bb9121f879: start RPC server
2019-09-26 19:49:12,369 [Datanode State Machine Thread - 0] INFO  ozoneimpl.OzoneContainer (OzoneContainer.java:start(217)) - Attempting to start container services.
2019-09-26 19:49:12,373 [Datanode State Machine Thread - 0] INFO  ozoneimpl.OzoneContainer (OzoneContainer.java:startContainerScrub(179)) - Background container scanner has been disabled.
2019-09-26 19:49:12,374 [Datanode State Machine Thread - 0] INFO  ratis.XceiverServerRatis (XceiverServerRatis.java:start(411)) - Starting XceiverServerRatis 7e99b8b2-8bc7-407b-8312-eeca40f7aa3a at port 0
2019-09-26 19:49:12,381 [Datanode State Machine Thread - 0] INFO  impl.RaftServerProxy (RaftServerProxy.java:lambda$start$3(299)) - 7e99b8b2-8bc7-407b-8312-eeca40f7aa3a: start RPC server
2019-09-26 19:49:12,458 [Datanode State Machine Thread - 0] INFO  server.GrpcService (GrpcService.java:startImpl(158)) - 7e99b8b2-8bc7-407b-8312-eeca40f7aa3a: GrpcService started, listening on 0.0.0.0/0.0.0.0:33857
2019-09-26 19:49:12,458 [Datanode State Machine Thread - 0] INFO  server.GrpcService (GrpcService.java:startImpl(158)) - 5a86c999-3687-4e4b-b3cf-69bb9121f879: GrpcService started, listening on 0.0.0.0/0.0.0.0:35478
2019-09-26 19:49:12,459 [Datanode State Machine Thread - 0] INFO  server.GrpcService (GrpcService.java:startImpl(158)) - 3bb49466-767f-41d7-9f84-ceb9d260798c: GrpcService started, listening on 0.0.0.0/0.0.0.0:39193
2019-09-26 19:49:12,460 [Datanode State Machine Thread - 0] INFO  ratis.XceiverServerRatis (XceiverServerRatis.java:start(421)) - XceiverServerRatis 5a86c999-3687-4e4b-b3cf-69bb9121f879 is started using port 35478
2019-09-26 19:49:12,460 [Datanode State Machine Thread - 0] INFO  ratis.XceiverServerRatis (XceiverServerRatis.java:start(421)) - XceiverServerRatis 7e99b8b2-8bc7-407b-8312-eeca40f7aa3a is started using port 33857
2019-09-26 19:49:12,460 [Datanode State Machine Thread - 0] INFO  ratis.XceiverServerRatis (XceiverServerRatis.java:start(421)) - XceiverServerRatis 3bb49466-767f-41d7-9f84-ceb9d260798c is started using port 39193
2019-09-26 19:49:12,464 [Datanode State Machine Thread - 0] INFO  ozoneimpl.OzoneContainer (OzoneContainer.java:start(217)) - Attempting to start container services.
2019-09-26 19:49:12,466 [Datanode State Machine Thread - 0] INFO  ozoneimpl.OzoneContainer (OzoneContainer.java:startContainerScrub(179)) - Background container scanner has been disabled.
2019-09-26 19:49:12,466 [Datanode State Machine Thread - 0] INFO  ratis.XceiverServerRatis (XceiverServerRatis.java:start(411)) - Starting XceiverServerRatis de3e84a3-e853-4383-b246-f081ca4ab99c at port 0
2019-09-26 19:49:12,469 [Datanode State Machine Thread - 0] INFO  server.XceiverServerGrpc (XceiverServerGrpc.java:start(149)) - XceiverServerGrpc 5a86c999-3687-4e4b-b3cf-69bb9121f879 is started using port 35319
2019-09-26 19:49:12,470 [Datanode State Machine Thread - 0] INFO  server.XceiverServerGrpc (XceiverServerGrpc.java:start(149)) - XceiverServerGrpc 7e99b8b2-8bc7-407b-8312-eeca40f7aa3a is started using port 43457
2019-09-26 19:49:12,469 [Datanode State Machine Thread - 0] INFO  server.XceiverServerGrpc (XceiverServerGrpc.java:start(149)) - XceiverServerGrpc 3bb49466-767f-41d7-9f84-ceb9d260798c is started using port 41510
2019-09-26 19:49:12,479 [Datanode State Machine Thread - 0] INFO  impl.RaftServerProxy (RaftServerProxy.java:lambda$start$3(299)) - de3e84a3-e853-4383-b246-f081ca4ab99c: start RPC server
2019-09-26 19:49:12,482 [Datanode State Machine Thread - 0] INFO  server.GrpcService (GrpcService.java:startImpl(158)) - de3e84a3-e853-4383-b246-f081ca4ab99c: GrpcService started, listening on 0.0.0.0/0.0.0.0:44287
2019-09-26 19:49:12,482 [Datanode State Machine Thread - 0] INFO  ratis.XceiverServerRatis (XceiverServerRatis.java:start(421)) - XceiverServerRatis de3e84a3-e853-4383-b246-f081ca4ab99c is started using port 44287
2019-09-26 19:49:12,491 [Datanode State Machine Thread - 0] INFO  server.XceiverServerGrpc (XceiverServerGrpc.java:start(149)) - XceiverServerGrpc de3e84a3-e853-4383-b246-f081ca4ab99c is started using port 46729
2019-09-26 19:49:12,548 [Datanode State Machine Thread - 0] INFO  ozoneimpl.OzoneContainer (OzoneContainer.java:start(217)) - Attempting to start container services.
2019-09-26 19:49:12,549 [Datanode State Machine Thread - 0] INFO  ozoneimpl.OzoneContainer (OzoneContainer.java:startContainerScrub(179)) - Background container scanner has been disabled.
2019-09-26 19:49:12,549 [Datanode State Machine Thread - 0] INFO  ratis.XceiverServerRatis (XceiverServerRatis.java:start(411)) - Starting XceiverServerRatis f54071e2-4d42-496d-b211-f1a59572c816 at port 0
2019-09-26 19:49:12,557 [Datanode State Machine Thread - 0] INFO  impl.RaftServerProxy (RaftServerProxy.java:lambda$start$3(299)) - f54071e2-4d42-496d-b211-f1a59572c816: start RPC server
2019-09-26 19:49:12,562 [Datanode State Machine Thread - 0] INFO  server.GrpcService (GrpcService.java:startImpl(158)) - f54071e2-4d42-496d-b211-f1a59572c816: GrpcService started, listening on 0.0.0.0/0.0.0.0:42690
2019-09-26 19:49:12,562 [Datanode State Machine Thread - 0] INFO  ratis.XceiverServerRatis (XceiverServerRatis.java:start(421)) - XceiverServerRatis f54071e2-4d42-496d-b211-f1a59572c816 is started using port 42690
2019-09-26 19:49:12,565 [Datanode State Machine Thread - 0] INFO  server.XceiverServerGrpc (XceiverServerGrpc.java:start(149)) - XceiverServerGrpc f54071e2-4d42-496d-b211-f1a59572c816 is started using port 38979
2019-09-26 19:49:12,631 [Datanode State Machine Thread - 0] INFO  ozoneimpl.OzoneContainer (OzoneContainer.java:start(217)) - Attempting to start container services.
2019-09-26 19:49:12,632 [Datanode State Machine Thread - 0] INFO  ozoneimpl.OzoneContainer (OzoneContainer.java:startContainerScrub(179)) - Background container scanner has been disabled.
2019-09-26 19:49:12,632 [Datanode State Machine Thread - 0] INFO  ratis.XceiverServerRatis (XceiverServerRatis.java:start(411)) - Starting XceiverServerRatis fef13e34-0dbf-4746-817d-c78e8f7c15c3 at port 0
2019-09-26 19:49:12,641 [Datanode State Machine Thread - 0] INFO  impl.RaftServerProxy (RaftServerProxy.java:lambda$start$3(299)) - fef13e34-0dbf-4746-817d-c78e8f7c15c3: start RPC server
2019-09-26 19:49:12,645 [Datanode State Machine Thread - 0] INFO  server.GrpcService (GrpcService.java:startImpl(158)) - fef13e34-0dbf-4746-817d-c78e8f7c15c3: GrpcService started, listening on 0.0.0.0/0.0.0.0:46084
2019-09-26 19:49:12,645 [Datanode State Machine Thread - 0] INFO  ratis.XceiverServerRatis (XceiverServerRatis.java:start(421)) - XceiverServerRatis fef13e34-0dbf-4746-817d-c78e8f7c15c3 is started using port 46084
2019-09-26 19:49:12,649 [Datanode State Machine Thread - 0] INFO  server.XceiverServerGrpc (XceiverServerGrpc.java:start(149)) - XceiverServerGrpc fef13e34-0dbf-4746-817d-c78e8f7c15c3 is started using port 45650
2019-09-26 19:49:12,702 [main] INFO  ozone.MiniOzoneClusterImpl (MiniOzoneClusterImpl.java:lambda$waitForClusterToBeReady$0(147)) - Waiting for cluster to be ready. Got 0 of 7 DN Heartbeats.
2019-09-26 19:49:12,720 [Datanode State Machine Thread - 0] INFO  ozoneimpl.OzoneContainer (OzoneContainer.java:start(217)) - Attempting to start container services.
2019-09-26 19:49:12,720 [Datanode State Machine Thread - 0] INFO  ozoneimpl.OzoneContainer (OzoneContainer.java:startContainerScrub(179)) - Background container scanner has been disabled.
2019-09-26 19:49:12,720 [Datanode State Machine Thread - 0] INFO  ratis.XceiverServerRatis (XceiverServerRatis.java:start(411)) - Starting XceiverServerRatis a1b44fb9-0156-41f2-85dc-787860506e71 at port 0
2019-09-26 19:49:12,729 [Datanode State Machine Thread - 0] INFO  impl.RaftServerProxy (RaftServerProxy.java:lambda$start$3(299)) - a1b44fb9-0156-41f2-85dc-787860506e71: start RPC server
2019-09-26 19:49:12,734 [Datanode State Machine Thread - 0] INFO  server.GrpcService (GrpcService.java:startImpl(158)) - a1b44fb9-0156-41f2-85dc-787860506e71: GrpcService started, listening on 0.0.0.0/0.0.0.0:37541
2019-09-26 19:49:12,734 [Datanode State Machine Thread - 0] INFO  ratis.XceiverServerRatis (XceiverServerRatis.java:start(421)) - XceiverServerRatis a1b44fb9-0156-41f2-85dc-787860506e71 is started using port 37541
2019-09-26 19:49:12,738 [Datanode State Machine Thread - 0] INFO  server.XceiverServerGrpc (XceiverServerGrpc.java:start(149)) - XceiverServerGrpc a1b44fb9-0156-41f2-85dc-787860506e71 is started using port 37683
2019-09-26 19:49:13,702 [main] INFO  ozone.MiniOzoneClusterImpl (MiniOzoneClusterImpl.java:lambda$waitForClusterToBeReady$0(147)) - Waiting for cluster to be ready. Got 0 of 7 DN Heartbeats.
2019-09-26 19:49:14,242 [IPC Server handler 2 on 46478] INFO  net.NetworkTopology (NetworkTopologyImpl.java:add(111)) - Added a new node: /default-rack/3bb49466-767f-41d7-9f84-ceb9d260798c
2019-09-26 19:49:14,243 [IPC Server handler 2 on 46478] INFO  node.SCMNodeManager (SCMNodeManager.java:register(266)) - Registered Data node : 3bb49466-767f-41d7-9f84-ceb9d260798c{ip: 192.168.151.109, host: pr-hdds-2162-kpcbn-4093309294, networkLocation: /default-rack, certSerialId: null}
2019-09-26 19:49:14,251 [EventQueue-NodeRegistrationContainerReportForDataNodeSafeModeRule] INFO  safemode.SCMSafeModeManager (DataNodeSafeModeRule.java:process(71)) - SCM in safe mode. 1 DataNodes registered, 1 required.
2019-09-26 19:49:14,251 [EventQueue-NodeRegistrationContainerReportForDataNodeSafeModeRule] INFO  safemode.SCMSafeModeManager (SCMSafeModeManager.java:validateSafeModeExitRules(177)) - ScmSafeModeManager, all rules are successfully validated
2019-09-26 19:49:14,251 [EventQueue-NodeRegistrationContainerReportForDataNodeSafeModeRule] INFO  safemode.SCMSafeModeManager (SCMSafeModeManager.java:exitSafeMode(193)) - SCM exiting safe mode.
2019-09-26 19:49:14,265 [IPC Server handler 4 on 46478] INFO  net.NetworkTopology (NetworkTopologyImpl.java:add(111)) - Added a new node: /default-rack/5a86c999-3687-4e4b-b3cf-69bb9121f879
2019-09-26 19:49:14,265 [IPC Server handler 4 on 46478] INFO  node.SCMNodeManager (SCMNodeManager.java:register(266)) - Registered Data node : 5a86c999-3687-4e4b-b3cf-69bb9121f879{ip: 192.168.151.109, host: pr-hdds-2162-kpcbn-4093309294, networkLocation: /default-rack, certSerialId: null}
2019-09-26 19:49:14,356 [IPC Server handler 3 on 46478] INFO  net.NetworkTopology (NetworkTopologyImpl.java:add(111)) - Added a new node: /default-rack/7e99b8b2-8bc7-407b-8312-eeca40f7aa3a
2019-09-26 19:49:14,356 [IPC Server handler 3 on 46478] INFO  node.SCMNodeManager (SCMNodeManager.java:register(266)) - Registered Data node : 7e99b8b2-8bc7-407b-8312-eeca40f7aa3a{ip: 192.168.151.109, host: pr-hdds-2162-kpcbn-4093309294, networkLocation: /default-rack, certSerialId: null}
2019-09-26 19:49:14,449 [IPC Server handler 12 on 46478] INFO  net.NetworkTopology (NetworkTopologyImpl.java:add(111)) - Added a new node: /default-rack/de3e84a3-e853-4383-b246-f081ca4ab99c
2019-09-26 19:49:14,449 [IPC Server handler 12 on 46478] INFO  node.SCMNodeManager (SCMNodeManager.java:register(266)) - Registered Data node : de3e84a3-e853-4383-b246-f081ca4ab99c{ip: 192.168.151.109, host: pr-hdds-2162-kpcbn-4093309294, networkLocation: /default-rack, certSerialId: null}
2019-09-26 19:49:14,536 [IPC Server handler 11 on 46478] INFO  net.NetworkTopology (NetworkTopologyImpl.java:add(111)) - Added a new node: /default-rack/f54071e2-4d42-496d-b211-f1a59572c816
2019-09-26 19:49:14,536 [IPC Server handler 11 on 46478] INFO  node.SCMNodeManager (SCMNodeManager.java:register(266)) - Registered Data node : f54071e2-4d42-496d-b211-f1a59572c816{ip: 192.168.151.109, host: pr-hdds-2162-kpcbn-4093309294, networkLocation: /default-rack, certSerialId: null}
2019-09-26 19:49:14,620 [IPC Server handler 1 on 46478] INFO  net.NetworkTopology (NetworkTopologyImpl.java:add(111)) - Added a new node: /default-rack/fef13e34-0dbf-4746-817d-c78e8f7c15c3
2019-09-26 19:49:14,621 [IPC Server handler 1 on 46478] INFO  node.SCMNodeManager (SCMNodeManager.java:register(266)) - Registered Data node : fef13e34-0dbf-4746-817d-c78e8f7c15c3{ip: 192.168.151.109, host: pr-hdds-2162-kpcbn-4093309294, networkLocation: /default-rack, certSerialId: null}
2019-09-26 19:49:14,704 [main] INFO  ozone.MiniOzoneClusterImpl (MiniOzoneClusterImpl.java:lambda$waitForClusterToBeReady$0(147)) - Waiting for cluster to be ready. Got 6 of 7 DN Heartbeats.
2019-09-26 19:49:14,707 [IPC Server handler 2 on 46478] INFO  net.NetworkTopology (NetworkTopologyImpl.java:add(111)) - Added a new node: /default-rack/a1b44fb9-0156-41f2-85dc-787860506e71
2019-09-26 19:49:14,708 [IPC Server handler 2 on 46478] INFO  node.SCMNodeManager (SCMNodeManager.java:register(266)) - Registered Data node : a1b44fb9-0156-41f2-85dc-787860506e71{ip: 192.168.151.109, host: pr-hdds-2162-kpcbn-4093309294, networkLocation: /default-rack, certSerialId: null}
2019-09-26 19:49:14,820 [grpc-default-executor-0] INFO  impl.RaftServerProxy (RaftServerProxy.java:addNew(89)) - 3bb49466-767f-41d7-9f84-ceb9d260798c: addNew group-5EF2A4786D81:[3bb49466-767f-41d7-9f84-ceb9d260798c:192.168.151.109:39193] returns group-5EF2A4786D81:java.util.concurrent.CompletableFuture@18830aa5[Not completed]
2019-09-26 19:49:14,850 [pool-27-thread-1] INFO  impl.RaftServerImpl (RaftServerImpl.java:<init>(95)) - 3bb49466-767f-41d7-9f84-ceb9d260798c: new RaftServerImpl for group-5EF2A4786D81:[3bb49466-767f-41d7-9f84-ceb9d260798c:192.168.151.109:39193] with ContainerStateMachine:uninitialized
2019-09-26 19:49:14,853 [pool-27-thread-1] INFO  server.RaftServerConfigKeys (ConfUtils.java:logGet(43)) - raft.server.rpc.timeout.min = 5s (custom)
2019-09-26 19:49:14,855 [pool-27-thread-1] INFO  server.RaftServerConfigKeys (ConfUtils.java:logGet(43)) - raft.server.rpc.timeout.max = 5200ms (custom)
2019-09-26 19:49:14,855 [pool-27-thread-1] INFO  server.RaftServerConfigKeys (ConfUtils.java:logGet(43)) - raft.server.rpcslowness.timeout = 120s (custom)
2019-09-26 19:49:14,857 [pool-27-thread-1] INFO  server.RaftServerConfigKeys (ConfUtils.java:logGet(43)) - raft.server.sleep.deviation.threshold = 300 (default)
2019-09-26 19:49:14,859 [pool-27-thread-1] INFO  server.RaftServerConfigKeys (ConfUtils.java:logGet(43)) - raft.server.log.appender.install.snapshot.enabled = false (custom)
2019-09-26 19:49:14,871 [pool-27-thread-1] INFO  impl.RaftServerImpl (ServerState.java:<init>(103)) - 3bb49466-767f-41d7-9f84-ceb9d260798c@group-5EF2A4786D81: ConfigurationManager, init=-1: [3bb49466-767f-41d7-9f84-ceb9d260798c:192.168.151.109:39193], old=null, confs=<EMPTY_MAP>
2019-09-26 19:49:14,872 [pool-27-thread-1] INFO  server.RaftServerConfigKeys (ConfUtils.java:logGet(43)) - raft.server.storage.dir = [/workdir/hadoop-ozone/integration-test/target/test-dir/MiniOzoneClusterImpl-d3bdf5d1-e8ca-4908-b2d0-eb43964eb91e/datanode-0/data/ratis] (custom)
2019-09-26 19:49:14,884 [pool-27-thread-1] INFO  storage.RaftStorageDirectory (RaftStorageDirectory.java:analyzeStorage(246)) - The storage directory /workdir/hadoop-ozone/integration-test/target/test-dir/MiniOzoneClusterImpl-d3bdf5d1-e8ca-4908-b2d0-eb43964eb91e/datanode-0/data/ratis/ac0193d0-a280-4531-8890-5ef2a4786d81 does not exist. Creating ...
2019-09-26 19:49:14,930 [pool-27-thread-1] INFO  storage.RaftStorageDirectory (RaftStorageDirectory.java:tryLock(328)) - Lock on /workdir/hadoop-ozone/integration-test/target/test-dir/MiniOzoneClusterImpl-d3bdf5d1-e8ca-4908-b2d0-eb43964eb91e/datanode-0/data/ratis/ac0193d0-a280-4531-8890-5ef2a4786d81/in_use.lock acquired by nodename 11889@pr-hdds-2162-kpcbn-4093309294
2019-09-26 19:49:14,947 [pool-27-thread-1] INFO  storage.RaftStorage (RaftStorage.java:format(72)) - Storage directory /workdir/hadoop-ozone/integration-test/target/test-dir/MiniOzoneClusterImpl-d3bdf5d1-e8ca-4908-b2d0-eb43964eb91e/datanode-0/data/ratis/ac0193d0-a280-4531-8890-5ef2a4786d81 has been successfully formatted.
2019-09-26 19:49:14,951 [pool-27-thread-1] INFO  ratis.ContainerStateMachine (ContainerStateMachine.java:loadSnapshot(230)) - group-5EF2A4786D81: The snapshot info is null. Setting the last applied indexto:(t:0, i:~)
2019-09-26 19:49:14,951 [pool-27-thread-1] INFO  server.RaftServerConfigKeys (ConfUtils.java:logGet(43)) - raft.server.notification.no-leader.timeout = 120s (custom)
2019-09-26 19:49:14,954 [pool-27-thread-1] INFO  server.RaftServerConfigKeys (ConfUtils.java:logGet(43)) - raft.server.log.use.memory = false (default)
2019-09-26 19:49:14,962 [pool-27-thread-1] INFO  server.RaftServerConfigKeys (ConfUtils.java:logGet(43)) - raft.server.log.purge.gap = 1000000 (custom)
2019-09-26 19:49:14,962 [pool-27-thread-1] INFO  server.RaftServerConfigKeys (ConfUtils.java:logGet(43)) - raft.server.log.appender.buffer.byte-limit = 33554432 (custom)
2019-09-26 19:49:14,965 [pool-27-thread-1] INFO  server.RaftServerConfigKeys (ConfUtils.java:logGet(43)) - raft.server.log.segment.size.max = 1048576 (custom)
2019-09-26 19:49:14,971 [pool-27-thread-1] INFO  server.RaftServerConfigKeys (ConfUtils.java:logGet(43)) - raft.server.log.segment.cache.num.max = 2 (custom)
2019-09-26 19:49:14,978 [pool-27-thread-1] INFO  segmented.SegmentedRaftLogWorker (SegmentedRaftLogWorker.java:<init>(172)) - new 3bb49466-767f-41d7-9f84-ceb9d260798c@group-5EF2A4786D81-SegmentedRaftLogWorker for RaftStorage:Storage Directory /workdir/hadoop-ozone/integration-test/target/test-dir/MiniOzoneClusterImpl-d3bdf5d1-e8ca-4908-b2d0-eb43964eb91e/datanode-0/data/ratis/ac0193d0-a280-4531-8890-5ef2a4786d81
2019-09-26 19:49:14,980 [pool-27-thread-1] INFO  impl.MetricsSystemImpl (MetricsSystemImpl.java:init(158)) - ratis metrics system started (again)
2019-09-26 19:49:14,987 [pool-27-thread-1] INFO  metrics.MetricRegistries (MetricRegistriesLoader.java:load(64)) - Loaded MetricRegistries class org.apache.ratis.metrics.impl.MetricRegistriesImpl
2019-09-26 19:49:15,020 [pool-27-thread-1] INFO  server.RaftServerConfigKeys (ConfUtils.java:logGet(43)) - raft.server.log.queue.byte-limit = 2147483647 (custom)
2019-09-26 19:49:15,021 [pool-27-thread-1] INFO  server.RaftServerConfigKeys (ConfUtils.java:logGet(43)) - raft.server.log.queue.element-limit = 1024 (custom)
2019-09-26 19:49:15,024 [pool-27-thread-1] INFO  server.RaftServerConfigKeys (ConfUtils.java:logGet(43)) - raft.server.log.segment.size.max = 1048576 (custom)
2019-09-26 19:49:15,025 [pool-27-thread-1] INFO  server.RaftServerConfigKeys (ConfUtils.java:logGet(43)) - raft.server.log.preallocated.size = 16384 (custom)
2019-09-26 19:49:15,025 [pool-27-thread-1] INFO  server.RaftServerConfigKeys (ConfUtils.java:logGet(43)) - raft.server.log.write.buffer.size = 33554432 (custom)
2019-09-26 19:49:15,026 [pool-27-thread-1] INFO  server.RaftServerConfigKeys (ConfUtils.java:logGet(43)) - raft.server.log.force.sync.num = 128 (default)
2019-09-26 19:49:15,027 [pool-27-thread-1] INFO  server.RaftServerConfigKeys (ConfUtils.java:logGet(43)) - raft.server.log.statemachine.data.sync = true (default)
2019-09-26 19:49:15,027 [pool-27-thread-1] INFO  server.RaftServerConfigKeys (ConfUtils.java:logGet(43)) - raft.server.log.statemachine.data.sync.timeout = 10s (default)
2019-09-26 19:49:15,027 [pool-27-thread-1] INFO  server.RaftServerConfigKeys (ConfUtils.java:logGet(43)) - raft.server.log.statemachine.data.sync.timeout.retry = -1 (default)
2019-09-26 19:49:15,037 [pool-27-thread-1] INFO  server.RaftServerConfigKeys (ConfUtils.java:logGet(43)) - raft.server.log.statemachine.data.caching.enabled = true (custom)
2019-09-26 19:49:15,041 [pool-27-thread-1] INFO  segmented.SegmentedRaftLogWorker (SegmentedRaftLogWorker.java:lambda$new$0(132)) - 3bb49466-767f-41d7-9f84-ceb9d260798c@group-5EF2A4786D81-SegmentedRaftLogWorker: flushIndex: setUnconditionally 0 -> -1
2019-09-26 19:49:15,046 [pool-27-thread-1] INFO  server.RaftServerConfigKeys (ConfUtils.java:logGet(43)) - raft.server.snapshot.auto.trigger.enabled = true (custom)
2019-09-26 19:49:15,047 [pool-27-thread-1] INFO  server.RaftServerConfigKeys (ConfUtils.java:logGet(43)) - raft.server.snapshot.auto.trigger.threshold = 10000 (custom)
2019-09-26 19:49:15,048 [pool-27-thread-1] INFO  server.RaftServerConfigKeys (ConfUtils.java:logGet(43)) - raft.server.snapshot.retention.num.files = 5 (custom)
2019-09-26 19:49:15,048 [pool-27-thread-1] INFO  server.RaftServerConfigKeys (ConfUtils.java:logGet(43)) - raft.server.retrycache.expirytime = 600000ms (custom)
2019-09-26 19:49:15,077 [pool-27-thread-1] INFO  impl.RaftServerImpl (RaftServerImpl.java:start(185)) - 3bb49466-767f-41d7-9f84-ceb9d260798c@group-5EF2A4786D81: start as a follower, conf=-1: [3bb49466-767f-41d7-9f84-ceb9d260798c:192.168.151.109:39193], old=null
2019-09-26 19:49:15,078 [pool-27-thread-1] INFO  impl.RaftServerImpl (RaftServerImpl.java:setRole(174)) - 3bb49466-767f-41d7-9f84-ceb9d260798c@group-5EF2A4786D81: changes role from      null to FOLLOWER at term 0 for startAsFollower
2019-09-26 19:49:15,079 [pool-27-thread-1] INFO  impl.RoleInfo (RoleInfo.java:updateAndGet(143)) - 3bb49466-767f-41d7-9f84-ceb9d260798c: start FollowerState
2019-09-26 19:49:15,081 [pool-27-thread-1] INFO  util.JmxRegister (JmxRegister.java:tryRegister(44)) - Successfully registered JMX Bean with object name Ratis:service=RaftServer,group=group-5EF2A4786D81,id=3bb49466-767f-41d7-9f84-ceb9d260798c
2019-09-26 19:49:15,157 [RatisPipelineUtilsThread] INFO  pipeline.PipelineStateManager (PipelineStateManager.java:addPipeline(56)) - Created pipeline Pipeline[ Id: ac0193d0-a280-4531-8890-5ef2a4786d81, Nodes: 3bb49466-767f-41d7-9f84-ceb9d260798c{ip: 192.168.151.109, host: pr-hdds-2162-kpcbn-4093309294, networkLocation: /default-rack, certSerialId: null}, Type:RATIS, Factor:ONE, State:OPEN]
2019-09-26 19:49:15,191 [grpc-default-executor-0] INFO  impl.RaftServerProxy (RaftServerProxy.java:addNew(89)) - fef13e34-0dbf-4746-817d-c78e8f7c15c3: addNew group-C0C4AF3C933D:[fef13e34-0dbf-4746-817d-c78e8f7c15c3:192.168.151.109:46084] returns group-C0C4AF3C933D:java.util.concurrent.CompletableFuture@45fc6e9e[Not completed]
2019-09-26 19:49:15,257 [pool-77-thread-1] INFO  impl.RaftServerImpl (RaftServerImpl.java:<init>(95)) - fef13e34-0dbf-4746-817d-c78e8f7c15c3: new RaftServerImpl for group-C0C4AF3C933D:[fef13e34-0dbf-4746-817d-c78e8f7c15c3:192.168.151.109:46084] with ContainerStateMachine:uninitialized
2019-09-26 19:49:15,259 [pool-77-thread-1] INFO  server.RaftServerConfigKeys (ConfUtils.java:logGet(43)) - raft.server.rpc.timeout.min = 5s (custom)
2019-09-26 19:49:15,259 [pool-77-thread-1] INFO  server.RaftServerConfigKeys (ConfUtils.java:logGet(43)) - raft.server.rpc.timeout.max = 5200ms (custom)
2019-09-26 19:49:15,259 [pool-77-thread-1] INFO  server.RaftServerConfigKeys (ConfUtils.java:logGet(43)) - raft.server.rpcslowness.timeout = 120s (custom)
2019-09-26 19:49:15,260 [pool-77-thread-1] INFO  server.RaftServerConfigKeys (ConfUtils.java:logGet(43)) - raft.server.sleep.deviation.threshold = 300 (default)
2019-09-26 19:49:15,260 [pool-77-thread-1] INFO  server.RaftServerConfigKeys (ConfUtils.java:logGet(43)) - raft.server.log.appender.install.snapshot.enabled = false (custom)
2019-09-26 19:49:15,260 [pool-77-thread-1] INFO  impl.RaftServerImpl (ServerState.java:<init>(103)) - fef13e34-0dbf-4746-817d-c78e8f7c15c3@group-C0C4AF3C933D: ConfigurationManager, init=-1: [fef13e34-0dbf-4746-817d-c78e8f7c15c3:192.168.151.109:46084], old=null, confs=<EMPTY_MAP>
2019-09-26 19:49:15,261 [pool-77-thread-1] INFO  server.RaftServerConfigKeys (ConfUtils.java:logGet(43)) - raft.server.storage.dir = [/workdir/hadoop-ozone/integration-test/target/test-dir/MiniOzoneClusterImpl-d3bdf5d1-e8ca-4908-b2d0-eb43964eb91e/datanode-5/data/ratis] (custom)
2019-09-26 19:49:15,261 [pool-77-thread-1] INFO  storage.RaftStorageDirectory (RaftStorageDirectory.java:analyzeStorage(246)) - The storage directory /workdir/hadoop-ozone/integration-test/target/test-dir/MiniOzoneClusterImpl-d3bdf5d1-e8ca-4908-b2d0-eb43964eb91e/datanode-5/data/ratis/4e761f20-1eaa-4ddf-b824-c0c4af3c933d does not exist. Creating ...
2019-09-26 19:49:15,276 [pool-77-thread-1] INFO  storage.RaftStorageDirectory (RaftStorageDirectory.java:tryLock(328)) - Lock on /workdir/hadoop-ozone/integration-test/target/test-dir/MiniOzoneClusterImpl-d3bdf5d1-e8ca-4908-b2d0-eb43964eb91e/datanode-5/data/ratis/4e761f20-1eaa-4ddf-b824-c0c4af3c933d/in_use.lock acquired by nodename 11889@pr-hdds-2162-kpcbn-4093309294
2019-09-26 19:49:15,289 [pool-77-thread-1] INFO  storage.RaftStorage (RaftStorage.java:format(72)) - Storage directory /workdir/hadoop-ozone/integration-test/target/test-dir/MiniOzoneClusterImpl-d3bdf5d1-e8ca-4908-b2d0-eb43964eb91e/datanode-5/data/ratis/4e761f20-1eaa-4ddf-b824-c0c4af3c933d has been successfully formatted.
2019-09-26 19:49:15,292 [pool-77-thread-1] INFO  ratis.ContainerStateMachine (ContainerStateMachine.java:loadSnapshot(230)) - group-C0C4AF3C933D: The snapshot info is null. Setting the last applied indexto:(t:0, i:~)
2019-09-26 19:49:15,294 [pool-77-thread-1] INFO  server.RaftServerConfigKeys (ConfUtils.java:logGet(43)) - raft.server.notification.no-leader.timeout = 120s (custom)
2019-09-26 19:49:15,294 [pool-77-thread-1] INFO  server.RaftServerConfigKeys (ConfUtils.java:logGet(43)) - raft.server.log.use.memory = false (default)
2019-09-26 19:49:15,294 [pool-77-thread-1] INFO  server.RaftServerConfigKeys (ConfUtils.java:logGet(43)) - raft.server.log.purge.gap = 1000000 (custom)
2019-09-26 19:49:15,294 [pool-77-thread-1] INFO  server.RaftServerConfigKeys (ConfUtils.java:logGet(43)) - raft.server.log.appender.buffer.byte-limit = 33554432 (custom)
2019-09-26 19:49:15,294 [pool-77-thread-1] INFO  server.RaftServerConfigKeys (ConfUtils.java:logGet(43)) - raft.server.log.segment.size.max = 1048576 (custom)
2019-09-26 19:49:15,295 [pool-77-thread-1] INFO  server.RaftServerConfigKeys (ConfUtils.java:logGet(43)) - raft.server.log.segment.cache.num.max = 2 (custom)
2019-09-26 19:49:15,295 [pool-77-thread-1] INFO  segmented.SegmentedRaftLogWorker (SegmentedRaftLogWorker.java:<init>(172)) - new fef13e34-0dbf-4746-817d-c78e8f7c15c3@group-C0C4AF3C933D-SegmentedRaftLogWorker for RaftStorage:Storage Directory /workdir/hadoop-ozone/integration-test/target/test-dir/MiniOzoneClusterImpl-d3bdf5d1-e8ca-4908-b2d0-eb43964eb91e/datanode-5/data/ratis/4e761f20-1eaa-4ddf-b824-c0c4af3c933d
2019-09-26 19:49:15,304 [pool-77-thread-1] INFO  server.RaftServerConfigKeys (ConfUtils.java:logGet(43)) - raft.server.log.queue.byte-limit = 2147483647 (custom)
2019-09-26 19:49:15,304 [pool-77-thread-1] INFO  server.RaftServerConfigKeys (ConfUtils.java:logGet(43)) - raft.server.log.queue.element-limit = 1024 (custom)
2019-09-26 19:49:15,304 [pool-77-thread-1] INFO  server.RaftServerConfigKeys (ConfUtils.java:logGet(43)) - raft.server.log.segment.size.max = 1048576 (custom)
2019-09-26 19:49:15,304 [pool-77-thread-1] INFO  server.RaftServerConfigKeys (ConfUtils.java:logGet(43)) - raft.server.log.preallocated.size = 16384 (custom)
2019-09-26 19:49:15,305 [pool-77-thread-1] INFO  server.RaftServerConfigKeys (ConfUtils.java:logGet(43)) - raft.server.log.write.buffer.size = 33554432 (custom)
2019-09-26 19:49:15,305 [pool-77-thread-1] INFO  server.RaftServerConfigKeys (ConfUtils.java:logGet(43)) - raft.server.log.force.sync.num = 128 (default)
2019-09-26 19:49:15,305 [pool-77-thread-1] INFO  server.RaftServerConfigKeys (ConfUtils.java:logGet(43)) - raft.server.log.statemachine.data.sync = true (default)
2019-09-26 19:49:15,305 [pool-77-thread-1] INFO  server.RaftServerConfigKeys (ConfUtils.java:logGet(43)) - raft.server.log.statemachine.data.sync.timeout = 10s (default)
2019-09-26 19:49:15,306 [pool-77-thread-1] INFO  server.RaftServerConfigKeys (ConfUtils.java:logGet(43)) - raft.server.log.statemachine.data.sync.timeout.retry = -1 (default)
2019-09-26 19:49:15,306 [pool-77-thread-1] INFO  server.RaftServerConfigKeys (ConfUtils.java:logGet(43)) - raft.server.log.statemachine.data.caching.enabled = true (custom)
2019-09-26 19:49:15,306 [pool-77-thread-1] INFO  segmented.SegmentedRaftLogWorker (SegmentedRaftLogWorker.java:lambda$new$0(132)) - fef13e34-0dbf-4746-817d-c78e8f7c15c3@group-C0C4AF3C933D-SegmentedRaftLogWorker: flushIndex: setUnconditionally 0 -> -1
2019-09-26 19:49:15,307 [pool-77-thread-1] INFO  server.RaftServerConfigKeys (ConfUtils.java:logGet(43)) - raft.server.snapshot.auto.trigger.enabled = true (custom)
2019-09-26 19:49:15,307 [pool-77-thread-1] INFO  server.RaftServerConfigKeys (ConfUtils.java:logGet(43)) - raft.server.snapshot.auto.trigger.threshold = 10000 (custom)
2019-09-26 19:49:15,307 [pool-77-thread-1] INFO  server.RaftServerConfigKeys (ConfUtils.java:logGet(43)) - raft.server.snapshot.retention.num.files = 5 (custom)
2019-09-26 19:49:15,308 [pool-77-thread-1] INFO  server.RaftServerConfigKeys (ConfUtils.java:logGet(43)) - raft.server.retrycache.expirytime = 600000ms (custom)
2019-09-26 19:49:15,315 [pool-77-thread-1] INFO  impl.RaftServerImpl (RaftServerImpl.java:start(185)) - fef13e34-0dbf-4746-817d-c78e8f7c15c3@group-C0C4AF3C933D: start as a follower, conf=-1: [fef13e34-0dbf-4746-817d-c78e8f7c15c3:192.168.151.109:46084], old=null
2019-09-26 19:49:15,315 [pool-77-thread-1] INFO  impl.RaftServerImpl (RaftServerImpl.java:setRole(174)) - fef13e34-0dbf-4746-817d-c78e8f7c15c3@group-C0C4AF3C933D: changes role from      null to FOLLOWER at term 0 for startAsFollower
2019-09-26 19:49:15,315 [pool-77-thread-1] INFO  impl.RoleInfo (RoleInfo.java:updateAndGet(143)) - fef13e34-0dbf-4746-817d-c78e8f7c15c3: start FollowerState
2019-09-26 19:49:15,318 [pool-77-thread-1] INFO  util.JmxRegister (JmxRegister.java:tryRegister(44)) - Successfully registered JMX Bean with object name Ratis:service=RaftServer,group=group-C0C4AF3C933D,id=fef13e34-0dbf-4746-817d-c78e8f7c15c3
2019-09-26 19:49:15,334 [RatisPipelineUtilsThread] INFO  pipeline.PipelineStateManager (PipelineStateManager.java:addPipeline(56)) - Created pipeline Pipeline[ Id: 4e761f20-1eaa-4ddf-b824-c0c4af3c933d, Nodes: fef13e34-0dbf-4746-817d-c78e8f7c15c3{ip: 192.168.151.109, host: pr-hdds-2162-kpcbn-4093309294, networkLocation: /default-rack, certSerialId: null}, Type:RATIS, Factor:ONE, State:OPEN]
2019-09-26 19:49:15,366 [grpc-default-executor-0] INFO  impl.RaftServerProxy (RaftServerProxy.java:addNew(89)) - 7e99b8b2-8bc7-407b-8312-eeca40f7aa3a: addNew group-1AB409542B44:[7e99b8b2-8bc7-407b-8312-eeca40f7aa3a:192.168.151.109:33857] returns group-1AB409542B44:java.util.concurrent.CompletableFuture@ce5e15c[Not completed]
2019-09-26 19:49:15,399 [pool-47-thread-1] INFO  impl.RaftServerImpl (RaftServerImpl.java:<init>(95)) - 7e99b8b2-8bc7-407b-8312-eeca40f7aa3a: new RaftServerImpl for group-1AB409542B44:[7e99b8b2-8bc7-407b-8312-eeca40f7aa3a:192.168.151.109:33857] with ContainerStateMachine:uninitialized
2019-09-26 19:49:15,399 [pool-47-thread-1] INFO  server.RaftServerConfigKeys (ConfUtils.java:logGet(43)) - raft.server.rpc.timeout.min = 5s (custom)
2019-09-26 19:49:15,399 [pool-47-thread-1] INFO  server.RaftServerConfigKeys (ConfUtils.java:logGet(43)) - raft.server.rpc.timeout.max = 5200ms (custom)
2019-09-26 19:49:15,399 [pool-47-thread-1] INFO  server.RaftServerConfigKeys (ConfUtils.java:logGet(43)) - raft.server.rpcslowness.timeout = 120s (custom)
2019-09-26 19:49:15,400 [pool-47-thread-1] INFO  server.RaftServerConfigKeys (ConfUtils.java:logGet(43)) - raft.server.sleep.deviation.threshold = 300 (default)
2019-09-26 19:49:15,400 [pool-47-thread-1] INFO  server.RaftServerConfigKeys (ConfUtils.java:logGet(43)) - raft.server.log.appender.install.snapshot.enabled = false (custom)
2019-09-26 19:49:15,400 [pool-47-thread-1] INFO  impl.RaftServerImpl (ServerState.java:<init>(103)) - 7e99b8b2-8bc7-407b-8312-eeca40f7aa3a@group-1AB409542B44: ConfigurationManager, init=-1: [7e99b8b2-8bc7-407b-8312-eeca40f7aa3a:192.168.151.109:33857], old=null, confs=<EMPTY_MAP>
2019-09-26 19:49:15,400 [pool-47-thread-1] INFO  server.RaftServerConfigKeys (ConfUtils.java:logGet(43)) - raft.server.storage.dir = [/workdir/hadoop-ozone/integration-test/target/test-dir/MiniOzoneClusterImpl-d3bdf5d1-e8ca-4908-b2d0-eb43964eb91e/datanode-2/data/ratis] (custom)
2019-09-26 19:49:15,401 [pool-47-thread-1] INFO  storage.RaftStorageDirectory (RaftStorageDirectory.java:analyzeStorage(246)) - The storage directory /workdir/hadoop-ozone/integration-test/target/test-dir/MiniOzoneClusterImpl-d3bdf5d1-e8ca-4908-b2d0-eb43964eb91e/datanode-2/data/ratis/2604ff5e-bf25-4080-81d6-1ab409542b44 does not exist. Creating ...
2019-09-26 19:49:15,414 [pool-47-thread-1] INFO  storage.RaftStorageDirectory (RaftStorageDirectory.java:tryLock(328)) - Lock on /workdir/hadoop-ozone/integration-test/target/test-dir/MiniOzoneClusterImpl-d3bdf5d1-e8ca-4908-b2d0-eb43964eb91e/datanode-2/data/ratis/2604ff5e-bf25-4080-81d6-1ab409542b44/in_use.lock acquired by nodename 11889@pr-hdds-2162-kpcbn-4093309294
2019-09-26 19:49:15,428 [pool-47-thread-1] INFO  storage.RaftStorage (RaftStorage.java:format(72)) - Storage directory /workdir/hadoop-ozone/integration-test/target/test-dir/MiniOzoneClusterImpl-d3bdf5d1-e8ca-4908-b2d0-eb43964eb91e/datanode-2/data/ratis/2604ff5e-bf25-4080-81d6-1ab409542b44 has been successfully formatted.
2019-09-26 19:49:15,428 [pool-47-thread-1] INFO  ratis.ContainerStateMachine (ContainerStateMachine.java:loadSnapshot(230)) - group-1AB409542B44: The snapshot info is null. Setting the last applied indexto:(t:0, i:~)
2019-09-26 19:49:15,428 [pool-47-thread-1] INFO  server.RaftServerConfigKeys (ConfUtils.java:logGet(43)) - raft.server.notification.no-leader.timeout = 120s (custom)
2019-09-26 19:49:15,429 [pool-47-thread-1] INFO  server.RaftServerConfigKeys (ConfUtils.java:logGet(43)) - raft.server.log.use.memory = false (default)
2019-09-26 19:49:15,429 [pool-47-thread-1] INFO  server.RaftServerConfigKeys (ConfUtils.java:logGet(43)) - raft.server.log.purge.gap = 1000000 (custom)
2019-09-26 19:49:15,429 [pool-47-thread-1] INFO  server.RaftServerConfigKeys (ConfUtils.java:logGet(43)) - raft.server.log.appender.buffer.byte-limit = 33554432 (custom)
2019-09-26 19:49:15,429 [pool-47-thread-1] INFO  server.RaftServerConfigKeys (ConfUtils.java:logGet(43)) - raft.server.log.segment.size.max = 1048576 (custom)
2019-09-26 19:49:15,430 [pool-47-thread-1] INFO  server.RaftServerConfigKeys (ConfUtils.java:logGet(43)) - raft.server.log.segment.cache.num.max = 2 (custom)
2019-09-26 19:49:15,430 [pool-47-thread-1] INFO  segmented.SegmentedRaftLogWorker (SegmentedRaftLogWorker.java:<init>(172)) - new 7e99b8b2-8bc7-407b-8312-eeca40f7aa3a@group-1AB409542B44-SegmentedRaftLogWorker for RaftStorage:Storage Directory /workdir/hadoop-ozone/integration-test/target/test-dir/MiniOzoneClusterImpl-d3bdf5d1-e8ca-4908-b2d0-eb43964eb91e/datanode-2/data/ratis/2604ff5e-bf25-4080-81d6-1ab409542b44
2019-09-26 19:49:15,490 [pool-47-thread-1] INFO  server.RaftServerConfigKeys (ConfUtils.java:logGet(43)) - raft.server.log.queue.byte-limit = 2147483647 (custom)
2019-09-26 19:49:15,490 [pool-47-thread-1] INFO  server.RaftServerConfigKeys (ConfUtils.java:logGet(43)) - raft.server.log.queue.element-limit = 1024 (custom)
2019-09-26 19:49:15,491 [pool-47-thread-1] INFO  server.RaftServerConfigKeys (ConfUtils.java:logGet(43)) - raft.server.log.segment.size.max = 1048576 (custom)
2019-09-26 19:49:15,491 [pool-47-thread-1] INFO  server.RaftServerConfigKeys (ConfUtils.java:logGet(43)) - raft.server.log.preallocated.size = 16384 (custom)
2019-09-26 19:49:15,491 [pool-47-thread-1] INFO  server.RaftServerConfigKeys (ConfUtils.java:logGet(43)) - raft.server.log.write.buffer.size = 33554432 (custom)
2019-09-26 19:49:15,491 [pool-47-thread-1] INFO  server.RaftServerConfigKeys (ConfUtils.java:logGet(43)) - raft.server.log.force.sync.num = 128 (default)
2019-09-26 19:49:15,492 [pool-47-thread-1] INFO  server.RaftServerConfigKeys (ConfUtils.java:logGet(43)) - raft.server.log.statemachine.data.sync = true (default)
2019-09-26 19:49:15,492 [pool-47-thread-1] INFO  server.RaftServerConfigKeys (ConfUtils.java:logGet(43)) - raft.server.log.statemachine.data.sync.timeout = 10s (default)
2019-09-26 19:49:15,492 [pool-47-thread-1] INFO  server.RaftServerConfigKeys (ConfUtils.java:logGet(43)) - raft.server.log.statemachine.data.sync.timeout.retry = -1 (default)
2019-09-26 19:49:15,493 [pool-47-thread-1] INFO  server.RaftServerConfigKeys (ConfUtils.java:logGet(43)) - raft.server.log.statemachine.data.caching.enabled = true (custom)
2019-09-26 19:49:15,493 [pool-47-thread-1] INFO  segmented.SegmentedRaftLogWorker (SegmentedRaftLogWorker.java:lambda$new$0(132)) - 7e99b8b2-8bc7-407b-8312-eeca40f7aa3a@group-1AB409542B44-SegmentedRaftLogWorker: flushIndex: setUnconditionally 0 -> -1
2019-09-26 19:49:15,494 [pool-47-thread-1] INFO  server.RaftServerConfigKeys (ConfUtils.java:logGet(43)) - raft.server.snapshot.auto.trigger.enabled = true (custom)
2019-09-26 19:49:15,494 [pool-47-thread-1] INFO  server.RaftServerConfigKeys (ConfUtils.java:logGet(43)) - raft.server.snapshot.auto.trigger.threshold = 10000 (custom)
2019-09-26 19:49:15,494 [pool-47-thread-1] INFO  server.RaftServerConfigKeys (ConfUtils.java:logGet(43)) - raft.server.snapshot.retention.num.files = 5 (custom)
2019-09-26 19:49:15,494 [pool-47-thread-1] INFO  server.RaftServerConfigKeys (ConfUtils.java:logGet(43)) - raft.server.retrycache.expirytime = 600000ms (custom)
2019-09-26 19:49:15,501 [pool-47-thread-1] INFO  impl.RaftServerImpl (RaftServerImpl.java:start(185)) - 7e99b8b2-8bc7-407b-8312-eeca40f7aa3a@group-1AB409542B44: start as a follower, conf=-1: [7e99b8b2-8bc7-407b-8312-eeca40f7aa3a:192.168.151.109:33857], old=null
2019-09-26 19:49:15,501 [pool-47-thread-1] INFO  impl.RaftServerImpl (RaftServerImpl.java:setRole(174)) - 7e99b8b2-8bc7-407b-8312-eeca40f7aa3a@group-1AB409542B44: changes role from      null to FOLLOWER at term 0 for startAsFollower
2019-09-26 19:49:15,501 [pool-47-thread-1] INFO  impl.RoleInfo (RoleInfo.java:updateAndGet(143)) - 7e99b8b2-8bc7-407b-8312-eeca40f7aa3a: start FollowerState
2019-09-26 19:49:15,503 [pool-47-thread-1] INFO  util.JmxRegister (JmxRegister.java:tryRegister(44)) - Successfully registered JMX Bean with object name Ratis:service=RaftServer,group=group-1AB409542B44,id=7e99b8b2-8bc7-407b-8312-eeca40f7aa3a
2019-09-26 19:49:15,517 [RatisPipelineUtilsThread] INFO  pipeline.PipelineStateManager (PipelineStateManager.java:addPipeline(56)) - Created pipeline Pipeline[ Id: 2604ff5e-bf25-4080-81d6-1ab409542b44, Nodes: 7e99b8b2-8bc7-407b-8312-eeca40f7aa3a{ip: 192.168.151.109, host: pr-hdds-2162-kpcbn-4093309294, networkLocation: /default-rack, certSerialId: null}, Type:RATIS, Factor:ONE, State:OPEN]
2019-09-26 19:49:15,539 [grpc-default-executor-0] INFO  impl.RaftServerProxy (RaftServerProxy.java:addNew(89)) - de3e84a3-e853-4383-b246-f081ca4ab99c: addNew group-5BAE4C8828FD:[de3e84a3-e853-4383-b246-f081ca4ab99c:192.168.151.109:44287] returns group-5BAE4C8828FD:java.util.concurrent.CompletableFuture@32fd5f6f[Not completed]
2019-09-26 19:49:15,543 [pool-57-thread-1] INFO  impl.RaftServerImpl (RaftServerImpl.java:<init>(95)) - de3e84a3-e853-4383-b246-f081ca4ab99c: new RaftServerImpl for group-5BAE4C8828FD:[de3e84a3-e853-4383-b246-f081ca4ab99c:192.168.151.109:44287] with ContainerStateMachine:uninitialized
2019-09-26 19:49:15,543 [pool-57-thread-1] INFO  server.RaftServerConfigKeys (ConfUtils.java:logGet(43)) - raft.server.rpc.timeout.min = 5s (custom)
2019-09-26 19:49:15,544 [pool-57-thread-1] INFO  server.RaftServerConfigKeys (ConfUtils.java:logGet(43)) - raft.server.rpc.timeout.max = 5200ms (custom)
2019-09-26 19:49:15,544 [pool-57-thread-1] INFO  server.RaftServerConfigKeys (ConfUtils.java:logGet(43)) - raft.server.rpcslowness.timeout = 120s (custom)
2019-09-26 19:49:15,544 [pool-57-thread-1] INFO  server.RaftServerConfigKeys (ConfUtils.java:logGet(43)) - raft.server.sleep.deviation.threshold = 300 (default)
2019-09-26 19:49:15,544 [pool-57-thread-1] INFO  server.RaftServerConfigKeys (ConfUtils.java:logGet(43)) - raft.server.log.appender.install.snapshot.enabled = false (custom)
2019-09-26 19:49:15,544 [pool-57-thread-1] INFO  impl.RaftServerImpl (ServerState.java:<init>(103)) - de3e84a3-e853-4383-b246-f081ca4ab99c@group-5BAE4C8828FD: ConfigurationManager, init=-1: [de3e84a3-e853-4383-b246-f081ca4ab99c:192.168.151.109:44287], old=null, confs=<EMPTY_MAP>
2019-09-26 19:49:15,544 [pool-57-thread-1] INFO  server.RaftServerConfigKeys (ConfUtils.java:logGet(43)) - raft.server.storage.dir = [/workdir/hadoop-ozone/integration-test/target/test-dir/MiniOzoneClusterImpl-d3bdf5d1-e8ca-4908-b2d0-eb43964eb91e/datanode-3/data/ratis] (custom)
2019-09-26 19:49:15,545 [pool-57-thread-1] INFO  storage.RaftStorageDirectory (RaftStorageDirectory.java:analyzeStorage(246)) - The storage directory /workdir/hadoop-ozone/integration-test/target/test-dir/MiniOzoneClusterImpl-d3bdf5d1-e8ca-4908-b2d0-eb43964eb91e/datanode-3/data/ratis/3752bcd3-bd2e-4701-baa5-5bae4c8828fd does not exist. Creating ...
2019-09-26 19:49:15,558 [pool-57-thread-1] INFO  storage.RaftStorageDirectory (RaftStorageDirectory.java:tryLock(328)) - Lock on /workdir/hadoop-ozone/integration-test/target/test-dir/MiniOzoneClusterImpl-d3bdf5d1-e8ca-4908-b2d0-eb43964eb91e/datanode-3/data/ratis/3752bcd3-bd2e-4701-baa5-5bae4c8828fd/in_use.lock acquired by nodename 11889@pr-hdds-2162-kpcbn-4093309294
2019-09-26 19:49:15,573 [pool-57-thread-1] INFO  storage.RaftStorage (RaftStorage.java:format(72)) - Storage directory /workdir/hadoop-ozone/integration-test/target/test-dir/MiniOzoneClusterImpl-d3bdf5d1-e8ca-4908-b2d0-eb43964eb91e/datanode-3/data/ratis/3752bcd3-bd2e-4701-baa5-5bae4c8828fd has been successfully formatted.
2019-09-26 19:49:15,573 [pool-57-thread-1] INFO  ratis.ContainerStateMachine (ContainerStateMachine.java:loadSnapshot(230)) - group-5BAE4C8828FD: The snapshot info is null. Setting the last applied indexto:(t:0, i:~)
2019-09-26 19:49:15,573 [pool-57-thread-1] INFO  server.RaftServerConfigKeys (ConfUtils.java:logGet(43)) - raft.server.notification.no-leader.timeout = 120s (custom)
2019-09-26 19:49:15,573 [pool-57-thread-1] INFO  server.RaftServerConfigKeys (ConfUtils.java:logGet(43)) - raft.server.log.use.memory = false (default)
2019-09-26 19:49:15,574 [pool-57-thread-1] INFO  server.RaftServerConfigKeys (ConfUtils.java:logGet(43)) - raft.server.log.purge.gap = 1000000 (custom)
2019-09-26 19:49:15,574 [pool-57-thread-1] INFO  server.RaftServerConfigKeys (ConfUtils.java:logGet(43)) - raft.server.log.appender.buffer.byte-limit = 33554432 (custom)
2019-09-26 19:49:15,574 [pool-57-thread-1] INFO  server.RaftServerConfigKeys (ConfUtils.java:logGet(43)) - raft.server.log.segment.size.max = 1048576 (custom)
2019-09-26 19:49:15,574 [pool-57-thread-1] INFO  server.RaftServerConfigKeys (ConfUtils.java:logGet(43)) - raft.server.log.segment.cache.num.max = 2 (custom)
2019-09-26 19:49:15,574 [pool-57-thread-1] INFO  segmented.SegmentedRaftLogWorker (SegmentedRaftLogWorker.java:<init>(172)) - new de3e84a3-e853-4383-b246-f081ca4ab99c@group-5BAE4C8828FD-SegmentedRaftLogWorker for RaftStorage:Storage Directory /workdir/hadoop-ozone/integration-test/target/test-dir/MiniOzoneClusterImpl-d3bdf5d1-e8ca-4908-b2d0-eb43964eb91e/datanode-3/data/ratis/3752bcd3-bd2e-4701-baa5-5bae4c8828fd
2019-09-26 19:49:15,580 [pool-57-thread-1] INFO  server.RaftServerConfigKeys (ConfUtils.java:logGet(43)) - raft.server.log.queue.byte-limit = 2147483647 (custom)
2019-09-26 19:49:15,580 [pool-57-thread-1] INFO  server.RaftServerConfigKeys (ConfUtils.java:logGet(43)) - raft.server.log.queue.element-limit = 1024 (custom)
2019-09-26 19:49:15,580 [pool-57-thread-1] INFO  server.RaftServerConfigKeys (ConfUtils.java:logGet(43)) - raft.server.log.segment.size.max = 1048576 (custom)
2019-09-26 19:49:15,580 [pool-57-thread-1] INFO  server.RaftServerConfigKeys (ConfUtils.java:logGet(43)) - raft.server.log.preallocated.size = 16384 (custom)
2019-09-26 19:49:15,581 [pool-57-thread-1] INFO  server.RaftServerConfigKeys (ConfUtils.java:logGet(43)) - raft.server.log.write.buffer.size = 33554432 (custom)
2019-09-26 19:49:15,581 [pool-57-thread-1] INFO  server.RaftServerConfigKeys (ConfUtils.java:logGet(43)) - raft.server.log.force.sync.num = 128 (default)
2019-09-26 19:49:15,581 [pool-57-thread-1] INFO  server.RaftServerConfigKeys (ConfUtils.java:logGet(43)) - raft.server.log.statemachine.data.sync = true (default)
2019-09-26 19:49:15,581 [pool-57-thread-1] INFO  server.RaftServerConfigKeys (ConfUtils.java:logGet(43)) - raft.server.log.statemachine.data.sync.timeout = 10s (default)
2019-09-26 19:49:15,581 [pool-57-thread-1] INFO  server.RaftServerConfigKeys (ConfUtils.java:logGet(43)) - raft.server.log.statemachine.data.sync.timeout.retry = -1 (default)
2019-09-26 19:49:15,582 [pool-57-thread-1] INFO  server.RaftServerConfigKeys (ConfUtils.java:logGet(43)) - raft.server.log.statemachine.data.caching.enabled = true (custom)
2019-09-26 19:49:15,582 [pool-57-thread-1] INFO  segmented.SegmentedRaftLogWorker (SegmentedRaftLogWorker.java:lambda$new$0(132)) - de3e84a3-e853-4383-b246-f081ca4ab99c@group-5BAE4C8828FD-SegmentedRaftLogWorker: flushIndex: setUnconditionally 0 -> -1
2019-09-26 19:49:15,582 [pool-57-thread-1] INFO  server.RaftServerConfigKeys (ConfUtils.java:logGet(43)) - raft.server.snapshot.auto.trigger.enabled = true (custom)
2019-09-26 19:49:15,582 [pool-57-thread-1] INFO  server.RaftServerConfigKeys (ConfUtils.java:logGet(43)) - raft.server.snapshot.auto.trigger.threshold = 10000 (custom)
2019-09-26 19:49:15,583 [pool-57-thread-1] INFO  server.RaftServerConfigKeys (ConfUtils.java:logGet(43)) - raft.server.snapshot.retention.num.files = 5 (custom)
2019-09-26 19:49:15,583 [pool-57-thread-1] INFO  server.RaftServerConfigKeys (ConfUtils.java:logGet(43)) - raft.server.retrycache.expirytime = 600000ms (custom)
2019-09-26 19:49:15,588 [pool-57-thread-1] INFO  impl.RaftServerImpl (RaftServerImpl.java:start(185)) - de3e84a3-e853-4383-b246-f081ca4ab99c@group-5BAE4C8828FD: start as a follower, conf=-1: [de3e84a3-e853-4383-b246-f081ca4ab99c:192.168.151.109:44287], old=null
2019-09-26 19:49:15,588 [pool-57-thread-1] INFO  impl.RaftServerImpl (RaftServerImpl.java:setRole(174)) - de3e84a3-e853-4383-b246-f081ca4ab99c@group-5BAE4C8828FD: changes role from      null to FOLLOWER at term 0 for startAsFollower
2019-09-26 19:49:15,588 [pool-57-thread-1] INFO  impl.RoleInfo (RoleInfo.java:updateAndGet(143)) - de3e84a3-e853-4383-b246-f081ca4ab99c: start FollowerState
2019-09-26 19:49:15,588 [pool-57-thread-1] INFO  util.JmxRegister (JmxRegister.java:tryRegister(44)) - Successfully registered JMX Bean with object name Ratis:service=RaftServer,group=group-5BAE4C8828FD,id=de3e84a3-e853-4383-b246-f081ca4ab99c
2019-09-26 19:49:15,600 [RatisPipelineUtilsThread] INFO  pipeline.PipelineStateManager (PipelineStateManager.java:addPipeline(56)) - Created pipeline Pipeline[ Id: 3752bcd3-bd2e-4701-baa5-5bae4c8828fd, Nodes: de3e84a3-e853-4383-b246-f081ca4ab99c{ip: 192.168.151.109, host: pr-hdds-2162-kpcbn-4093309294, networkLocation: /default-rack, certSerialId: null}, Type:RATIS, Factor:ONE, State:OPEN]
2019-09-26 19:49:15,618 [grpc-default-executor-0] INFO  impl.RaftServerProxy (RaftServerProxy.java:addNew(89)) - a1b44fb9-0156-41f2-85dc-787860506e71: addNew group-2449E04F1437:[a1b44fb9-0156-41f2-85dc-787860506e71:192.168.151.109:37541] returns group-2449E04F1437:java.util.concurrent.CompletableFuture@b62050f[Not completed]
2019-09-26 19:49:15,622 [pool-87-thread-1] INFO  impl.RaftServerImpl (RaftServerImpl.java:<init>(95)) - a1b44fb9-0156-41f2-85dc-787860506e71: new RaftServerImpl for group-2449E04F1437:[a1b44fb9-0156-41f2-85dc-787860506e71:192.168.151.109:37541] with ContainerStateMachine:uninitialized
2019-09-26 19:49:15,623 [pool-87-thread-1] INFO  server.RaftServerConfigKeys (ConfUtils.java:logGet(43)) - raft.server.rpc.timeout.min = 5s (custom)
2019-09-26 19:49:15,623 [pool-87-thread-1] INFO  server.RaftServerConfigKeys (ConfUtils.java:logGet(43)) - raft.server.rpc.timeout.max = 5200ms (custom)
2019-09-26 19:49:15,623 [pool-87-thread-1] INFO  server.RaftServerConfigKeys (ConfUtils.java:logGet(43)) - raft.server.rpcslowness.timeout = 120s (custom)
2019-09-26 19:49:15,623 [pool-87-thread-1] INFO  server.RaftServerConfigKeys (ConfUtils.java:logGet(43)) - raft.server.sleep.deviation.threshold = 300 (default)
2019-09-26 19:49:15,623 [pool-87-thread-1] INFO  server.RaftServerConfigKeys (ConfUtils.java:logGet(43)) - raft.server.log.appender.install.snapshot.enabled = false (custom)
2019-09-26 19:49:15,623 [pool-87-thread-1] INFO  impl.RaftServerImpl (ServerState.java:<init>(103)) - a1b44fb9-0156-41f2-85dc-787860506e71@group-2449E04F1437: ConfigurationManager, init=-1: [a1b44fb9-0156-41f2-85dc-787860506e71:192.168.151.109:37541], old=null, confs=<EMPTY_MAP>
2019-09-26 19:49:15,624 [pool-87-thread-1] INFO  server.RaftServerConfigKeys (ConfUtils.java:logGet(43)) - raft.server.storage.dir = [/workdir/hadoop-ozone/integration-test/target/test-dir/MiniOzoneClusterImpl-d3bdf5d1-e8ca-4908-b2d0-eb43964eb91e/datanode-6/data/ratis] (custom)
2019-09-26 19:49:15,624 [pool-87-thread-1] INFO  storage.RaftStorageDirectory (RaftStorageDirectory.java:analyzeStorage(246)) - The storage directory /workdir/hadoop-ozone/integration-test/target/test-dir/MiniOzoneClusterImpl-d3bdf5d1-e8ca-4908-b2d0-eb43964eb91e/datanode-6/data/ratis/7e48e341-0a1e-47d2-8a49-2449e04f1437 does not exist. Creating ...
2019-09-26 19:49:15,637 [pool-87-thread-1] INFO  storage.RaftStorageDirectory (RaftStorageDirectory.java:tryLock(328)) - Lock on /workdir/hadoop-ozone/integration-test/target/test-dir/MiniOzoneClusterImpl-d3bdf5d1-e8ca-4908-b2d0-eb43964eb91e/datanode-6/data/ratis/7e48e341-0a1e-47d2-8a49-2449e04f1437/in_use.lock acquired by nodename 11889@pr-hdds-2162-kpcbn-4093309294
2019-09-26 19:49:15,651 [pool-87-thread-1] INFO  storage.RaftStorage (RaftStorage.java:format(72)) - Storage directory /workdir/hadoop-ozone/integration-test/target/test-dir/MiniOzoneClusterImpl-d3bdf5d1-e8ca-4908-b2d0-eb43964eb91e/datanode-6/data/ratis/7e48e341-0a1e-47d2-8a49-2449e04f1437 has been successfully formatted.
2019-09-26 19:49:15,651 [pool-87-thread-1] INFO  ratis.ContainerStateMachine (ContainerStateMachine.java:loadSnapshot(230)) - group-2449E04F1437: The snapshot info is null. Setting the last applied indexto:(t:0, i:~)
2019-09-26 19:49:15,652 [pool-87-thread-1] INFO  server.RaftServerConfigKeys (ConfUtils.java:logGet(43)) - raft.server.notification.no-leader.timeout = 120s (custom)
2019-09-26 19:49:15,652 [pool-87-thread-1] INFO  server.RaftServerConfigKeys (ConfUtils.java:logGet(43)) - raft.server.log.use.memory = false (default)
2019-09-26 19:49:15,652 [pool-87-thread-1] INFO  server.RaftServerConfigKeys (ConfUtils.java:logGet(43)) - raft.server.log.purge.gap = 1000000 (custom)
2019-09-26 19:49:15,652 [pool-87-thread-1] INFO  server.RaftServerConfigKeys (ConfUtils.java:logGet(43)) - raft.server.log.appender.buffer.byte-limit = 33554432 (custom)
2019-09-26 19:49:15,653 [pool-87-thread-1] INFO  server.RaftServerConfigKeys (ConfUtils.java:logGet(43)) - raft.server.log.segment.size.max = 1048576 (custom)
2019-09-26 19:49:15,653 [pool-87-thread-1] INFO  server.RaftServerConfigKeys (ConfUtils.java:logGet(43)) - raft.server.log.segment.cache.num.max = 2 (custom)
2019-09-26 19:49:15,653 [pool-87-thread-1] INFO  segmented.SegmentedRaftLogWorker (SegmentedRaftLogWorker.java:<init>(172)) - new a1b44fb9-0156-41f2-85dc-787860506e71@group-2449E04F1437-SegmentedRaftLogWorker for RaftStorage:Storage Directory /workdir/hadoop-ozone/integration-test/target/test-dir/MiniOzoneClusterImpl-d3bdf5d1-e8ca-4908-b2d0-eb43964eb91e/datanode-6/data/ratis/7e48e341-0a1e-47d2-8a49-2449e04f1437
2019-09-26 19:49:15,658 [pool-87-thread-1] INFO  server.RaftServerConfigKeys (ConfUtils.java:logGet(43)) - raft.server.log.queue.byte-limit = 2147483647 (custom)
2019-09-26 19:49:15,659 [pool-87-thread-1] INFO  server.RaftServerConfigKeys (ConfUtils.java:logGet(43)) - raft.server.log.queue.element-limit = 1024 (custom)
2019-09-26 19:49:15,659 [pool-87-thread-1] INFO  server.RaftServerConfigKeys (ConfUtils.java:logGet(43)) - raft.server.log.segment.size.max = 1048576 (custom)
2019-09-26 19:49:15,659 [pool-87-thread-1] INFO  server.RaftServerConfigKeys (ConfUtils.java:logGet(43)) - raft.server.log.preallocated.size = 16384 (custom)
2019-09-26 19:49:15,659 [pool-87-thread-1] INFO  server.RaftServerConfigKeys (ConfUtils.java:logGet(43)) - raft.server.log.write.buffer.size = 33554432 (custom)
2019-09-26 19:49:15,660 [pool-87-thread-1] INFO  server.RaftServerConfigKeys (ConfUtils.java:logGet(43)) - raft.server.log.force.sync.num = 128 (default)
2019-09-26 19:49:15,660 [pool-87-thread-1] INFO  server.RaftServerConfigKeys (ConfUtils.java:logGet(43)) - raft.server.log.statemachine.data.sync = true (default)
2019-09-26 19:49:15,660 [pool-87-thread-1] INFO  server.RaftServerConfigKeys (ConfUtils.java:logGet(43)) - raft.server.log.statemachine.data.sync.timeout = 10s (default)
2019-09-26 19:49:15,660 [pool-87-thread-1] INFO  server.RaftServerConfigKeys (ConfUtils.java:logGet(43)) - raft.server.log.statemachine.data.sync.timeout.retry = -1 (default)
2019-09-26 19:49:15,661 [pool-87-thread-1] INFO  server.RaftServerConfigKeys (ConfUtils.java:logGet(43)) - raft.server.log.statemachine.data.caching.enabled = true (custom)
2019-09-26 19:49:15,661 [pool-87-thread-1] INFO  segmented.SegmentedRaftLogWorker (SegmentedRaftLogWorker.java:lambda$new$0(132)) - a1b44fb9-0156-41f2-85dc-787860506e71@group-2449E04F1437-SegmentedRaftLogWorker: flushIndex: setUnconditionally 0 -> -1
2019-09-26 19:49:15,661 [pool-87-thread-1] INFO  server.RaftServerConfigKeys (ConfUtils.java:logGet(43)) - raft.server.snapshot.auto.trigger.enabled = true (custom)
2019-09-26 19:49:15,662 [pool-87-thread-1] INFO  server.RaftServerConfigKeys (ConfUtils.java:logGet(43)) - raft.server.snapshot.auto.trigger.threshold = 10000 (custom)
2019-09-26 19:49:15,662 [pool-87-thread-1] INFO  server.RaftServerConfigKeys (ConfUtils.java:logGet(43)) - raft.server.snapshot.retention.num.files = 5 (custom)
2019-09-26 19:49:15,662 [pool-87-thread-1] INFO  server.RaftServerConfigKeys (ConfUtils.java:logGet(43)) - raft.server.retrycache.expirytime = 600000ms (custom)
2019-09-26 19:49:15,668 [pool-87-thread-1] INFO  impl.RaftServerImpl (RaftServerImpl.java:start(185)) - a1b44fb9-0156-41f2-85dc-787860506e71@group-2449E04F1437: start as a follower, conf=-1: [a1b44fb9-0156-41f2-85dc-787860506e71:192.168.151.109:37541], old=null
2019-09-26 19:49:15,668 [pool-87-thread-1] INFO  impl.RaftServerImpl (RaftServerImpl.java:setRole(174)) - a1b44fb9-0156-41f2-85dc-787860506e71@group-2449E04F1437: changes role from      null to FOLLOWER at term 0 for startAsFollower
2019-09-26 19:49:15,668 [pool-87-thread-1] INFO  impl.RoleInfo (RoleInfo.java:updateAndGet(143)) - a1b44fb9-0156-41f2-85dc-787860506e71: start FollowerState
2019-09-26 19:49:15,669 [pool-87-thread-1] INFO  util.JmxRegister (JmxRegister.java:tryRegister(44)) - Successfully registered JMX Bean with object name Ratis:service=RaftServer,group=group-2449E04F1437,id=a1b44fb9-0156-41f2-85dc-787860506e71
2019-09-26 19:49:15,683 [RatisPipelineUtilsThread] INFO  pipeline.PipelineStateManager (PipelineStateManager.java:addPipeline(56)) - Created pipeline Pipeline[ Id: 7e48e341-0a1e-47d2-8a49-2449e04f1437, Nodes: a1b44fb9-0156-41f2-85dc-787860506e71{ip: 192.168.151.109, host: pr-hdds-2162-kpcbn-4093309294, networkLocation: /default-rack, certSerialId: null}, Type:RATIS, Factor:ONE, State:OPEN]
2019-09-26 19:49:15,704 [main] INFO  ozone.MiniOzoneClusterImpl (MiniOzoneClusterImpl.java:lambda$waitForClusterToBeReady$0(147)) - Cluster is ready. Got 7 of 7 DN Heartbeats.
2019-09-26 19:49:15,710 [grpc-default-executor-0] INFO  impl.RaftServerProxy (RaftServerProxy.java:addNew(89)) - f54071e2-4d42-496d-b211-f1a59572c816: addNew group-F75E10EED782:[f54071e2-4d42-496d-b211-f1a59572c816:192.168.151.109:42690] returns group-F75E10EED782:java.util.concurrent.CompletableFuture@62cd6fa0[Not completed]
2019-09-26 19:49:15,715 [pool-67-thread-1] INFO  impl.RaftServerImpl (RaftServerImpl.java:<init>(95)) - f54071e2-4d42-496d-b211-f1a59572c816: new RaftServerImpl for group-F75E10EED782:[f54071e2-4d42-496d-b211-f1a59572c816:192.168.151.109:42690] with ContainerStateMachine:uninitialized
2019-09-26 19:49:15,715 [pool-67-thread-1] INFO  server.RaftServerConfigKeys (ConfUtils.java:logGet(43)) - raft.server.rpc.timeout.min = 5s (custom)
2019-09-26 19:49:15,715 [pool-67-thread-1] INFO  server.RaftServerConfigKeys (ConfUtils.java:logGet(43)) - raft.server.rpc.timeout.max = 5200ms (custom)
2019-09-26 19:49:15,715 [pool-67-thread-1] INFO  server.RaftServerConfigKeys (ConfUtils.java:logGet(43)) - raft.server.rpcslowness.timeout = 120s (custom)
2019-09-26 19:49:15,715 [pool-67-thread-1] INFO  server.RaftServerConfigKeys (ConfUtils.java:logGet(43)) - raft.server.sleep.deviation.threshold = 300 (default)
2019-09-26 19:49:15,716 [pool-67-thread-1] INFO  server.RaftServerConfigKeys (ConfUtils.java:logGet(43)) - raft.server.log.appender.install.snapshot.enabled = false (custom)
2019-09-26 19:49:15,716 [pool-67-thread-1] INFO  impl.RaftServerImpl (ServerState.java:<init>(103)) - f54071e2-4d42-496d-b211-f1a59572c816@group-F75E10EED782: ConfigurationManager, init=-1: [f54071e2-4d42-496d-b211-f1a59572c816:192.168.151.109:42690], old=null, confs=<EMPTY_MAP>
2019-09-26 19:49:15,716 [pool-67-thread-1] INFO  server.RaftServerConfigKeys (ConfUtils.java:logGet(43)) - raft.server.storage.dir = [/workdir/hadoop-ozone/integration-test/target/test-dir/MiniOzoneClusterImpl-d3bdf5d1-e8ca-4908-b2d0-eb43964eb91e/datanode-4/data/ratis] (custom)
2019-09-26 19:49:15,716 [pool-67-thread-1] INFO  storage.RaftStorageDirectory (RaftStorageDirectory.java:analyzeStorage(246)) - The storage directory /workdir/hadoop-ozone/integration-test/target/test-dir/MiniOzoneClusterImpl-d3bdf5d1-e8ca-4908-b2d0-eb43964eb91e/datanode-4/data/ratis/c63c5e46-77b2-4efd-8e3e-f75e10eed782 does not exist. Creating ...
2019-09-26 19:49:15,729 [pool-67-thread-1] INFO  storage.RaftStorageDirectory (RaftStorageDirectory.java:tryLock(328)) - Lock on /workdir/hadoop-ozone/integration-test/target/test-dir/MiniOzoneClusterImpl-d3bdf5d1-e8ca-4908-b2d0-eb43964eb91e/datanode-4/data/ratis/c63c5e46-77b2-4efd-8e3e-f75e10eed782/in_use.lock acquired by nodename 11889@pr-hdds-2162-kpcbn-4093309294
2019-09-26 19:49:15,753 [pool-67-thread-1] INFO  storage.RaftStorage (RaftStorage.java:format(72)) - Storage directory /workdir/hadoop-ozone/integration-test/target/test-dir/MiniOzoneClusterImpl-d3bdf5d1-e8ca-4908-b2d0-eb43964eb91e/datanode-4/data/ratis/c63c5e46-77b2-4efd-8e3e-f75e10eed782 has been successfully formatted.
2019-09-26 19:49:15,753 [pool-67-thread-1] INFO  ratis.ContainerStateMachine (ContainerStateMachine.java:loadSnapshot(230)) - group-F75E10EED782: The snapshot info is null. Setting the last applied indexto:(t:0, i:~)
2019-09-26 19:49:15,753 [pool-67-thread-1] INFO  server.RaftServerConfigKeys (ConfUtils.java:logGet(43)) - raft.server.notification.no-leader.timeout = 120s (custom)
2019-09-26 19:49:15,753 [pool-67-thread-1] INFO  server.RaftServerConfigKeys (ConfUtils.java:logGet(43)) - raft.server.log.use.memory = false (default)
2019-09-26 19:49:15,753 [pool-67-thread-1] INFO  server.RaftServerConfigKeys (ConfUtils.java:logGet(43)) - raft.server.log.purge.gap = 1000000 (custom)
2019-09-26 19:49:15,754 [pool-67-thread-1] INFO  server.RaftServerConfigKeys (ConfUtils.java:logGet(43)) - raft.server.log.appender.buffer.byte-limit = 33554432 (custom)
2019-09-26 19:49:15,754 [pool-67-thread-1] INFO  server.RaftServerConfigKeys (ConfUtils.java:logGet(43)) - raft.server.log.segment.size.max = 1048576 (custom)
2019-09-26 19:49:15,754 [pool-67-thread-1] INFO  server.RaftServerConfigKeys (ConfUtils.java:logGet(43)) - raft.server.log.segment.cache.num.max = 2 (custom)
2019-09-26 19:49:15,754 [pool-67-thread-1] INFO  segmented.SegmentedRaftLogWorker (SegmentedRaftLogWorker.java:<init>(172)) - new f54071e2-4d42-496d-b211-f1a59572c816@group-F75E10EED782-SegmentedRaftLogWorker for RaftStorage:Storage Directory /workdir/hadoop-ozone/integration-test/target/test-dir/MiniOzoneClusterImpl-d3bdf5d1-e8ca-4908-b2d0-eb43964eb91e/datanode-4/data/ratis/c63c5e46-77b2-4efd-8e3e-f75e10eed782
2019-09-26 19:49:15,757 [pool-67-thread-1] INFO  server.RaftServerConfigKeys (ConfUtils.java:logGet(43)) - raft.server.log.queue.byte-limit = 2147483647 (custom)
2019-09-26 19:49:15,757 [pool-67-thread-1] INFO  server.RaftServerConfigKeys (ConfUtils.java:logGet(43)) - raft.server.log.queue.element-limit = 1024 (custom)
2019-09-26 19:49:15,758 [pool-67-thread-1] INFO  server.RaftServerConfigKeys (ConfUtils.java:logGet(43)) - raft.server.log.segment.size.max = 1048576 (custom)
2019-09-26 19:49:15,758 [pool-67-thread-1] INFO  server.RaftServerConfigKeys (ConfUtils.java:logGet(43)) - raft.server.log.preallocated.size = 16384 (custom)
2019-09-26 19:49:15,758 [pool-67-thread-1] INFO  server.RaftServerConfigKeys (ConfUtils.java:logGet(43)) - raft.server.log.write.buffer.size = 33554432 (custom)
2019-09-26 19:49:15,758 [pool-67-thread-1] INFO  server.RaftServerConfigKeys (ConfUtils.java:logGet(43)) - raft.server.log.force.sync.num = 128 (default)
2019-09-26 19:49:15,758 [pool-67-thread-1] INFO  server.RaftServerConfigKeys (ConfUtils.java:logGet(43)) - raft.server.log.statemachine.data.sync = true (default)
2019-09-26 19:49:15,758 [pool-67-thread-1] INFO  server.RaftServerConfigKeys (ConfUtils.java:logGet(43)) - raft.server.log.statemachine.data.sync.timeout = 10s (default)
2019-09-26 19:49:15,758 [pool-67-thread-1] INFO  server.RaftServerConfigKeys (ConfUtils.java:logGet(43)) - raft.server.log.statemachine.data.sync.timeout.retry = -1 (default)
2019-09-26 19:49:15,759 [pool-67-thread-1] INFO  server.RaftServerConfigKeys (ConfUtils.java:logGet(43)) - raft.server.log.statemachine.data.caching.enabled = true (custom)
2019-09-26 19:49:15,759 [pool-67-thread-1] INFO  segmented.SegmentedRaftLogWorker (SegmentedRaftLogWorker.java:lambda$new$0(132)) - f54071e2-4d42-496d-b211-f1a59572c816@group-F75E10EED782-SegmentedRaftLogWorker: flushIndex: setUnconditionally 0 -> -1
2019-09-26 19:49:15,759 [pool-67-thread-1] INFO  server.RaftServerConfigKeys (ConfUtils.java:logGet(43)) - raft.server.snapshot.auto.trigger.enabled = true (custom)
2019-09-26 19:49:15,759 [pool-67-thread-1] INFO  server.RaftServerConfigKeys (ConfUtils.java:logGet(43)) - raft.server.snapshot.auto.trigger.threshold = 10000 (custom)
2019-09-26 19:49:15,760 [pool-67-thread-1] INFO  server.RaftServerConfigKeys (ConfUtils.java:logGet(43)) - raft.server.snapshot.retention.num.files = 5 (custom)
2019-09-26 19:49:15,760 [pool-67-thread-1] INFO  server.RaftServerConfigKeys (ConfUtils.java:logGet(43)) - raft.server.retrycache.expirytime = 600000ms (custom)
2019-09-26 19:49:15,763 [pool-67-thread-1] INFO  impl.RaftServerImpl (RaftServerImpl.java:start(185)) - f54071e2-4d42-496d-b211-f1a59572c816@group-F75E10EED782: start as a follower, conf=-1: [f54071e2-4d42-496d-b211-f1a59572c816:192.168.151.109:42690], old=null
2019-09-26 19:49:15,763 [pool-67-thread-1] INFO  impl.RaftServerImpl (RaftServerImpl.java:setRole(174)) - f54071e2-4d42-496d-b211-f1a59572c816@group-F75E10EED782: changes role from      null to FOLLOWER at term 0 for startAsFollower
2019-09-26 19:49:15,763 [pool-67-thread-1] INFO  impl.RoleInfo (RoleInfo.java:updateAndGet(143)) - f54071e2-4d42-496d-b211-f1a59572c816: start FollowerState
2019-09-26 19:49:15,763 [pool-67-thread-1] INFO  util.JmxRegister (JmxRegister.java:tryRegister(44)) - Successfully registered JMX Bean with object name Ratis:service=RaftServer,group=group-F75E10EED782,id=f54071e2-4d42-496d-b211-f1a59572c816
2019-09-26 19:49:15,776 [RatisPipelineUtilsThread] INFO  pipeline.PipelineStateManager (PipelineStateManager.java:addPipeline(56)) - Created pipeline Pipeline[ Id: c63c5e46-77b2-4efd-8e3e-f75e10eed782, Nodes: f54071e2-4d42-496d-b211-f1a59572c816{ip: 192.168.151.109, host: pr-hdds-2162-kpcbn-4093309294, networkLocation: /default-rack, certSerialId: null}, Type:RATIS, Factor:ONE, State:OPEN]
2019-09-26 19:49:15,797 [grpc-default-executor-0] INFO  impl.RaftServerProxy (RaftServerProxy.java:addNew(89)) - 5a86c999-3687-4e4b-b3cf-69bb9121f879: addNew group-74CADE0EA75A:[5a86c999-3687-4e4b-b3cf-69bb9121f879:192.168.151.109:35478] returns group-74CADE0EA75A:java.util.concurrent.CompletableFuture@535e4ded[Not completed]
2019-09-26 19:49:15,803 [pool-37-thread-1] INFO  impl.RaftServerImpl (RaftServerImpl.java:<init>(95)) - 5a86c999-3687-4e4b-b3cf-69bb9121f879: new RaftServerImpl for group-74CADE0EA75A:[5a86c999-3687-4e4b-b3cf-69bb9121f879:192.168.151.109:35478] with ContainerStateMachine:uninitialized
2019-09-26 19:49:15,804 [pool-37-thread-1] INFO  server.RaftServerConfigKeys (ConfUtils.java:logGet(43)) - raft.server.rpc.timeout.min = 5s (custom)
2019-09-26 19:49:15,804 [pool-37-thread-1] INFO  server.RaftServerConfigKeys (ConfUtils.java:logGet(43)) - raft.server.rpc.timeout.max = 5200ms (custom)
2019-09-26 19:49:15,804 [pool-37-thread-1] INFO  server.RaftServerConfigKeys (ConfUtils.java:logGet(43)) - raft.server.rpcslowness.timeout = 120s (custom)
2019-09-26 19:49:15,804 [pool-37-thread-1] INFO  server.RaftServerConfigKeys (ConfUtils.java:logGet(43)) - raft.server.sleep.deviation.threshold = 300 (default)
2019-09-26 19:49:15,804 [pool-37-thread-1] INFO  server.RaftServerConfigKeys (ConfUtils.java:logGet(43)) - raft.server.log.appender.install.snapshot.enabled = false (custom)
2019-09-26 19:49:15,804 [pool-37-thread-1] INFO  impl.RaftServerImpl (ServerState.java:<init>(103)) - 5a86c999-3687-4e4b-b3cf-69bb9121f879@group-74CADE0EA75A: ConfigurationManager, init=-1: [5a86c999-3687-4e4b-b3cf-69bb9121f879:192.168.151.109:35478], old=null, confs=<EMPTY_MAP>
2019-09-26 19:49:15,804 [pool-37-thread-1] INFO  server.RaftServerConfigKeys (ConfUtils.java:logGet(43)) - raft.server.storage.dir = [/workdir/hadoop-ozone/integration-test/target/test-dir/MiniOzoneClusterImpl-d3bdf5d1-e8ca-4908-b2d0-eb43964eb91e/datanode-1/data/ratis] (custom)
2019-09-26 19:49:15,805 [pool-37-thread-1] INFO  storage.RaftStorageDirectory (RaftStorageDirectory.java:analyzeStorage(246)) - The storage directory /workdir/hadoop-ozone/integration-test/target/test-dir/MiniOzoneClusterImpl-d3bdf5d1-e8ca-4908-b2d0-eb43964eb91e/datanode-1/data/ratis/f3bbc84c-cf03-46b0-9382-74cade0ea75a does not exist. Creating ...
2019-09-26 19:49:15,819 [pool-37-thread-1] INFO  storage.RaftStorageDirectory (RaftStorageDirectory.java:tryLock(328)) - Lock on /workdir/hadoop-ozone/integration-test/target/test-dir/MiniOzoneClusterImpl-d3bdf5d1-e8ca-4908-b2d0-eb43964eb91e/datanode-1/data/ratis/f3bbc84c-cf03-46b0-9382-74cade0ea75a/in_use.lock acquired by nodename 11889@pr-hdds-2162-kpcbn-4093309294
2019-09-26 19:49:15,833 [pool-37-thread-1] INFO  storage.RaftStorage (RaftStorage.java:format(72)) - Storage directory /workdir/hadoop-ozone/integration-test/target/test-dir/MiniOzoneClusterImpl-d3bdf5d1-e8ca-4908-b2d0-eb43964eb91e/datanode-1/data/ratis/f3bbc84c-cf03-46b0-9382-74cade0ea75a has been successfully formatted.
2019-09-26 19:49:15,833 [pool-37-thread-1] INFO  ratis.ContainerStateMachine (ContainerStateMachine.java:loadSnapshot(230)) - group-74CADE0EA75A: The snapshot info is null. Setting the last applied indexto:(t:0, i:~)
2019-09-26 19:49:15,833 [pool-37-thread-1] INFO  server.RaftServerConfigKeys (ConfUtils.java:logGet(43)) - raft.server.notification.no-leader.timeout = 120s (custom)
2019-09-26 19:49:15,833 [pool-37-thread-1] INFO  server.RaftServerConfigKeys (ConfUtils.java:logGet(43)) - raft.server.log.use.memory = false (default)
2019-09-26 19:49:15,833 [pool-37-thread-1] INFO  server.RaftServerConfigKeys (ConfUtils.java:logGet(43)) - raft.server.log.purge.gap = 1000000 (custom)
2019-09-26 19:49:15,834 [pool-37-thread-1] INFO  server.RaftServerConfigKeys (ConfUtils.java:logGet(43)) - raft.server.log.appender.buffer.byte-limit = 33554432 (custom)
2019-09-26 19:49:15,834 [pool-37-thread-1] INFO  server.RaftServerConfigKeys (ConfUtils.java:logGet(43)) - raft.server.log.segment.size.max = 1048576 (custom)
2019-09-26 19:49:15,834 [pool-37-thread-1] INFO  server.RaftServerConfigKeys (ConfUtils.java:logGet(43)) - raft.server.log.segment.cache.num.max = 2 (custom)
2019-09-26 19:49:15,834 [pool-37-thread-1] INFO  segmented.SegmentedRaftLogWorker (SegmentedRaftLogWorker.java:<init>(172)) - new 5a86c999-3687-4e4b-b3cf-69bb9121f879@group-74CADE0EA75A-SegmentedRaftLogWorker for RaftStorage:Storage Directory /workdir/hadoop-ozone/integration-test/target/test-dir/MiniOzoneClusterImpl-d3bdf5d1-e8ca-4908-b2d0-eb43964eb91e/datanode-1/data/ratis/f3bbc84c-cf03-46b0-9382-74cade0ea75a
2019-09-26 19:49:15,837 [pool-37-thread-1] INFO  server.RaftServerConfigKeys (ConfUtils.java:logGet(43)) - raft.server.log.queue.byte-limit = 2147483647 (custom)
2019-09-26 19:49:15,837 [pool-37-thread-1] INFO  server.RaftServerConfigKeys (ConfUtils.java:logGet(43)) - raft.server.log.queue.element-limit = 1024 (custom)
2019-09-26 19:49:15,837 [pool-37-thread-1] INFO  server.RaftServerConfigKeys (ConfUtils.java:logGet(43)) - raft.server.log.segment.size.max = 1048576 (custom)
2019-09-26 19:49:15,837 [pool-37-thread-1] INFO  server.RaftServerConfigKeys (ConfUtils.java:logGet(43)) - raft.server.log.preallocated.size = 16384 (custom)
2019-09-26 19:49:15,837 [pool-37-thread-1] INFO  server.RaftServerConfigKeys (ConfUtils.java:logGet(43)) - raft.server.log.write.buffer.size = 33554432 (custom)
2019-09-26 19:49:15,837 [pool-37-thread-1] INFO  server.RaftServerConfigKeys (ConfUtils.java:logGet(43)) - raft.server.log.force.sync.num = 128 (default)
2019-09-26 19:49:15,838 [pool-37-thread-1] INFO  server.RaftServerConfigKeys (ConfUtils.java:logGet(43)) - raft.server.log.statemachine.data.sync = true (default)
2019-09-26 19:49:15,838 [pool-37-thread-1] INFO  server.RaftServerConfigKeys (ConfUtils.java:logGet(43)) - raft.server.log.statemachine.data.sync.timeout = 10s (default)
2019-09-26 19:49:15,838 [pool-37-thread-1] INFO  server.RaftServerConfigKeys (ConfUtils.java:logGet(43)) - raft.server.log.statemachine.data.sync.timeout.retry = -1 (default)
2019-09-26 19:49:15,838 [pool-37-thread-1] INFO  server.RaftServerConfigKeys (ConfUtils.java:logGet(43)) - raft.server.log.statemachine.data.caching.enabled = true (custom)
2019-09-26 19:49:15,838 [pool-37-thread-1] INFO  segmented.SegmentedRaftLogWorker (SegmentedRaftLogWorker.java:lambda$new$0(132)) - 5a86c999-3687-4e4b-b3cf-69bb9121f879@group-74CADE0EA75A-SegmentedRaftLogWorker: flushIndex: setUnconditionally 0 -> -1
2019-09-26 19:49:15,839 [pool-37-thread-1] INFO  server.RaftServerConfigKeys (ConfUtils.java:logGet(43)) - raft.server.snapshot.auto.trigger.enabled = true (custom)
2019-09-26 19:49:15,839 [pool-37-thread-1] INFO  server.RaftServerConfigKeys (ConfUtils.java:logGet(43)) - raft.server.snapshot.auto.trigger.threshold = 10000 (custom)
2019-09-26 19:49:15,839 [pool-37-thread-1] INFO  server.RaftServerConfigKeys (ConfUtils.java:logGet(43)) - raft.server.snapshot.retention.num.files = 5 (custom)
2019-09-26 19:49:15,839 [pool-37-thread-1] INFO  server.RaftServerConfigKeys (ConfUtils.java:logGet(43)) - raft.server.retrycache.expirytime = 600000ms (custom)
2019-09-26 19:49:15,842 [pool-37-thread-1] INFO  impl.RaftServerImpl (RaftServerImpl.java:start(185)) - 5a86c999-3687-4e4b-b3cf-69bb9121f879@group-74CADE0EA75A: start as a follower, conf=-1: [5a86c999-3687-4e4b-b3cf-69bb9121f879:192.168.151.109:35478], old=null
2019-09-26 19:49:15,842 [pool-37-thread-1] INFO  impl.RaftServerImpl (RaftServerImpl.java:setRole(174)) - 5a86c999-3687-4e4b-b3cf-69bb9121f879@group-74CADE0EA75A: changes role from      null to FOLLOWER at term 0 for startAsFollower
2019-09-26 19:49:15,842 [pool-37-thread-1] INFO  impl.RoleInfo (RoleInfo.java:updateAndGet(143)) - 5a86c999-3687-4e4b-b3cf-69bb9121f879: start FollowerState
2019-09-26 19:49:15,843 [pool-37-thread-1] INFO  util.JmxRegister (JmxRegister.java:tryRegister(44)) - Successfully registered JMX Bean with object name Ratis:service=RaftServer,group=group-74CADE0EA75A,id=5a86c999-3687-4e4b-b3cf-69bb9121f879
2019-09-26 19:49:15,857 [RatisPipelineUtilsThread] INFO  pipeline.PipelineStateManager (PipelineStateManager.java:addPipeline(56)) - Created pipeline Pipeline[ Id: f3bbc84c-cf03-46b0-9382-74cade0ea75a, Nodes: 5a86c999-3687-4e4b-b3cf-69bb9121f879{ip: 192.168.151.109, host: pr-hdds-2162-kpcbn-4093309294, networkLocation: /default-rack, certSerialId: null}, Type:RATIS, Factor:ONE, State:OPEN]
2019-09-26 19:49:15,882 [grpc-default-executor-1] INFO  impl.RaftServerProxy (RaftServerProxy.java:addNew(89)) - 7e99b8b2-8bc7-407b-8312-eeca40f7aa3a: addNew group-1F9A509220C0:[7e99b8b2-8bc7-407b-8312-eeca40f7aa3a:192.168.151.109:33857, 3bb49466-767f-41d7-9f84-ceb9d260798c:192.168.151.109:39193, fef13e34-0dbf-4746-817d-c78e8f7c15c3:192.168.151.109:46084] returns group-1F9A509220C0:java.util.concurrent.CompletableFuture@3fe9d6ec[Not completed]
2019-09-26 19:49:15,885 [pool-47-thread-1] INFO  impl.RaftServerImpl (RaftServerImpl.java:<init>(95)) - 7e99b8b2-8bc7-407b-8312-eeca40f7aa3a: new RaftServerImpl for group-1F9A509220C0:[7e99b8b2-8bc7-407b-8312-eeca40f7aa3a:192.168.151.109:33857, 3bb49466-767f-41d7-9f84-ceb9d260798c:192.168.151.109:39193, fef13e34-0dbf-4746-817d-c78e8f7c15c3:192.168.151.109:46084] with ContainerStateMachine:uninitialized
2019-09-26 19:49:15,885 [pool-47-thread-1] INFO  server.RaftServerConfigKeys (ConfUtils.java:logGet(43)) - raft.server.rpc.timeout.min = 5s (custom)
2019-09-26 19:49:15,885 [pool-47-thread-1] INFO  server.RaftServerConfigKeys (ConfUtils.java:logGet(43)) - raft.server.rpc.timeout.max = 5200ms (custom)
2019-09-26 19:49:15,886 [pool-47-thread-1] INFO  server.RaftServerConfigKeys (ConfUtils.java:logGet(43)) - raft.server.rpcslowness.timeout = 120s (custom)
2019-09-26 19:49:15,886 [pool-47-thread-1] INFO  server.RaftServerConfigKeys (ConfUtils.java:logGet(43)) - raft.server.sleep.deviation.threshold = 300 (default)
2019-09-26 19:49:15,886 [grpc-default-executor-1] INFO  impl.RaftServerProxy (RaftServerProxy.java:addNew(89)) - 3bb49466-767f-41d7-9f84-ceb9d260798c: addNew group-1F9A509220C0:[7e99b8b2-8bc7-407b-8312-eeca40f7aa3a:192.168.151.109:33857, 3bb49466-767f-41d7-9f84-ceb9d260798c:192.168.151.109:39193, fef13e34-0dbf-4746-817d-c78e8f7c15c3:192.168.151.109:46084] returns group-1F9A509220C0:java.util.concurrent.CompletableFuture@7ed4dcd7[Not completed]
2019-09-26 19:49:15,886 [grpc-default-executor-0] INFO  impl.RaftServerProxy (RaftServerProxy.java:addNew(89)) - fef13e34-0dbf-4746-817d-c78e8f7c15c3: addNew group-1F9A509220C0:[7e99b8b2-8bc7-407b-8312-eeca40f7aa3a:192.168.151.109:33857, 3bb49466-767f-41d7-9f84-ceb9d260798c:192.168.151.109:39193, fef13e34-0dbf-4746-817d-c78e8f7c15c3:192.168.151.109:46084] returns group-1F9A509220C0:java.util.concurrent.CompletableFuture@5776c897[Not completed]
2019-09-26 19:49:15,886 [pool-47-thread-1] INFO  server.RaftServerConfigKeys (ConfUtils.java:logGet(43)) - raft.server.log.appender.install.snapshot.enabled = false (custom)
2019-09-26 19:49:15,886 [pool-47-thread-1] INFO  impl.RaftServerImpl (ServerState.java:<init>(103)) - 7e99b8b2-8bc7-407b-8312-eeca40f7aa3a@group-1F9A509220C0: ConfigurationManager, init=-1: [7e99b8b2-8bc7-407b-8312-eeca40f7aa3a:192.168.151.109:33857, 3bb49466-767f-41d7-9f84-ceb9d260798c:192.168.151.109:39193, fef13e34-0dbf-4746-817d-c78e8f7c15c3:192.168.151.109:46084], old=null, confs=<EMPTY_MAP>
2019-09-26 19:49:15,886 [pool-47-thread-1] INFO  server.RaftServerConfigKeys (ConfUtils.java:logGet(43)) - raft.server.storage.dir = [/workdir/hadoop-ozone/integration-test/target/test-dir/MiniOzoneClusterImpl-d3bdf5d1-e8ca-4908-b2d0-eb43964eb91e/datanode-2/data/ratis] (custom)
2019-09-26 19:49:15,887 [pool-47-thread-1] INFO  storage.RaftStorageDirectory (RaftStorageDirectory.java:analyzeStorage(246)) - The storage directory /workdir/hadoop-ozone/integration-test/target/test-dir/MiniOzoneClusterImpl-d3bdf5d1-e8ca-4908-b2d0-eb43964eb91e/datanode-2/data/ratis/f2873588-7ac0-4457-bba9-1f9a509220c0 does not exist. Creating ...
2019-09-26 19:49:15,887 [pool-27-thread-1] INFO  impl.RaftServerImpl (RaftServerImpl.java:<init>(95)) - 3bb49466-767f-41d7-9f84-ceb9d260798c: new RaftServerImpl for group-1F9A509220C0:[7e99b8b2-8bc7-407b-8312-eeca40f7aa3a:192.168.151.109:33857, 3bb49466-767f-41d7-9f84-ceb9d260798c:192.168.151.109:39193, fef13e34-0dbf-4746-817d-c78e8f7c15c3:192.168.151.109:46084] with ContainerStateMachine:uninitialized
2019-09-26 19:49:15,887 [pool-27-thread-1] INFO  server.RaftServerConfigKeys (ConfUtils.java:logGet(43)) - raft.server.rpc.timeout.min = 5s (custom)
2019-09-26 19:49:15,887 [pool-27-thread-1] INFO  server.RaftServerConfigKeys (ConfUtils.java:logGet(43)) - raft.server.rpc.timeout.max = 5200ms (custom)
2019-09-26 19:49:15,887 [pool-27-thread-1] INFO  server.RaftServerConfigKeys (ConfUtils.java:logGet(43)) - raft.server.rpcslowness.timeout = 120s (custom)
2019-09-26 19:49:15,887 [pool-27-thread-1] INFO  server.RaftServerConfigKeys (ConfUtils.java:logGet(43)) - raft.server.sleep.deviation.threshold = 300 (default)
2019-09-26 19:49:15,888 [pool-27-thread-1] INFO  server.RaftServerConfigKeys (ConfUtils.java:logGet(43)) - raft.server.log.appender.install.snapshot.enabled = false (custom)
2019-09-26 19:49:15,888 [pool-27-thread-1] INFO  impl.RaftServerImpl (ServerState.java:<init>(103)) - 3bb49466-767f-41d7-9f84-ceb9d260798c@group-1F9A509220C0: ConfigurationManager, init=-1: [7e99b8b2-8bc7-407b-8312-eeca40f7aa3a:192.168.151.109:33857, 3bb49466-767f-41d7-9f84-ceb9d260798c:192.168.151.109:39193, fef13e34-0dbf-4746-817d-c78e8f7c15c3:192.168.151.109:46084], old=null, confs=<EMPTY_MAP>
2019-09-26 19:49:15,888 [pool-27-thread-1] INFO  server.RaftServerConfigKeys (ConfUtils.java:logGet(43)) - raft.server.storage.dir = [/workdir/hadoop-ozone/integration-test/target/test-dir/MiniOzoneClusterImpl-d3bdf5d1-e8ca-4908-b2d0-eb43964eb91e/datanode-0/data/ratis] (custom)
2019-09-26 19:49:15,888 [pool-27-thread-1] INFO  storage.RaftStorageDirectory (RaftStorageDirectory.java:analyzeStorage(246)) - The storage directory /workdir/hadoop-ozone/integration-test/target/test-dir/MiniOzoneClusterImpl-d3bdf5d1-e8ca-4908-b2d0-eb43964eb91e/datanode-0/data/ratis/f2873588-7ac0-4457-bba9-1f9a509220c0 does not exist. Creating ...
2019-09-26 19:49:15,888 [pool-77-thread-1] INFO  impl.RaftServerImpl (RaftServerImpl.java:<init>(95)) - fef13e34-0dbf-4746-817d-c78e8f7c15c3: new RaftServerImpl for group-1F9A509220C0:[7e99b8b2-8bc7-407b-8312-eeca40f7aa3a:192.168.151.109:33857, 3bb49466-767f-41d7-9f84-ceb9d260798c:192.168.151.109:39193, fef13e34-0dbf-4746-817d-c78e8f7c15c3:192.168.151.109:46084] with ContainerStateMachine:uninitialized
2019-09-26 19:49:15,889 [pool-77-thread-1] INFO  server.RaftServerConfigKeys (ConfUtils.java:logGet(43)) - raft.server.rpc.timeout.min = 5s (custom)
2019-09-26 19:49:15,889 [pool-77-thread-1] INFO  server.RaftServerConfigKeys (ConfUtils.java:logGet(43)) - raft.server.rpc.timeout.max = 5200ms (custom)
2019-09-26 19:49:15,889 [pool-77-thread-1] INFO  server.RaftServerConfigKeys (ConfUtils.java:logGet(43)) - raft.server.rpcslowness.timeout = 120s (custom)
2019-09-26 19:49:15,889 [pool-77-thread-1] INFO  server.RaftServerConfigKeys (ConfUtils.java:logGet(43)) - raft.server.sleep.deviation.threshold = 300 (default)
2019-09-26 19:49:15,889 [pool-77-thread-1] INFO  server.RaftServerConfigKeys (ConfUtils.java:logGet(43)) - raft.server.log.appender.install.snapshot.enabled = false (custom)
2019-09-26 19:49:15,889 [pool-77-thread-1] INFO  impl.RaftServerImpl (ServerState.java:<init>(103)) - fef13e34-0dbf-4746-817d-c78e8f7c15c3@group-1F9A509220C0: ConfigurationManager, init=-1: [7e99b8b2-8bc7-407b-8312-eeca40f7aa3a:192.168.151.109:33857, 3bb49466-767f-41d7-9f84-ceb9d260798c:192.168.151.109:39193, fef13e34-0dbf-4746-817d-c78e8f7c15c3:192.168.151.109:46084], old=null, confs=<EMPTY_MAP>
2019-09-26 19:49:15,890 [pool-77-thread-1] INFO  server.RaftServerConfigKeys (ConfUtils.java:logGet(43)) - raft.server.storage.dir = [/workdir/hadoop-ozone/integration-test/target/test-dir/MiniOzoneClusterImpl-d3bdf5d1-e8ca-4908-b2d0-eb43964eb91e/datanode-5/data/ratis] (custom)
2019-09-26 19:49:15,890 [pool-77-thread-1] INFO  storage.RaftStorageDirectory (RaftStorageDirectory.java:analyzeStorage(246)) - The storage directory /workdir/hadoop-ozone/integration-test/target/test-dir/MiniOzoneClusterImpl-d3bdf5d1-e8ca-4908-b2d0-eb43964eb91e/datanode-5/data/ratis/f2873588-7ac0-4457-bba9-1f9a509220c0 does not exist. Creating ...
2019-09-26 19:49:15,901 [pool-77-thread-1] INFO  storage.RaftStorageDirectory (RaftStorageDirectory.java:tryLock(328)) - Lock on /workdir/hadoop-ozone/integration-test/target/test-dir/MiniOzoneClusterImpl-d3bdf5d1-e8ca-4908-b2d0-eb43964eb91e/datanode-5/data/ratis/f2873588-7ac0-4457-bba9-1f9a509220c0/in_use.lock acquired by nodename 11889@pr-hdds-2162-kpcbn-4093309294
2019-09-26 19:49:15,901 [pool-27-thread-1] INFO  storage.RaftStorageDirectory (RaftStorageDirectory.java:tryLock(328)) - Lock on /workdir/hadoop-ozone/integration-test/target/test-dir/MiniOzoneClusterImpl-d3bdf5d1-e8ca-4908-b2d0-eb43964eb91e/datanode-0/data/ratis/f2873588-7ac0-4457-bba9-1f9a509220c0/in_use.lock acquired by nodename 11889@pr-hdds-2162-kpcbn-4093309294
2019-09-26 19:49:15,901 [pool-47-thread-1] INFO  storage.RaftStorageDirectory (RaftStorageDirectory.java:tryLock(328)) - Lock on /workdir/hadoop-ozone/integration-test/target/test-dir/MiniOzoneClusterImpl-d3bdf5d1-e8ca-4908-b2d0-eb43964eb91e/datanode-2/data/ratis/f2873588-7ac0-4457-bba9-1f9a509220c0/in_use.lock acquired by nodename 11889@pr-hdds-2162-kpcbn-4093309294
2019-09-26 19:49:15,914 [pool-77-thread-1] INFO  storage.RaftStorage (RaftStorage.java:format(72)) - Storage directory /workdir/hadoop-ozone/integration-test/target/test-dir/MiniOzoneClusterImpl-d3bdf5d1-e8ca-4908-b2d0-eb43964eb91e/datanode-5/data/ratis/f2873588-7ac0-4457-bba9-1f9a509220c0 has been successfully formatted.
2019-09-26 19:49:15,914 [pool-47-thread-1] INFO  storage.RaftStorage (RaftStorage.java:format(72)) - Storage directory /workdir/hadoop-ozone/integration-test/target/test-dir/MiniOzoneClusterImpl-d3bdf5d1-e8ca-4908-b2d0-eb43964eb91e/datanode-2/data/ratis/f2873588-7ac0-4457-bba9-1f9a509220c0 has been successfully formatted.
2019-09-26 19:49:15,914 [pool-27-thread-1] INFO  storage.RaftStorage (RaftStorage.java:format(72)) - Storage directory /workdir/hadoop-ozone/integration-test/target/test-dir/MiniOzoneClusterImpl-d3bdf5d1-e8ca-4908-b2d0-eb43964eb91e/datanode-0/data/ratis/f2873588-7ac0-4457-bba9-1f9a509220c0 has been successfully formatted.
2019-09-26 19:49:15,915 [pool-77-thread-1] INFO  ratis.ContainerStateMachine (ContainerStateMachine.java:loadSnapshot(230)) - group-1F9A509220C0: The snapshot info is null. Setting the last applied indexto:(t:0, i:~)
2019-09-26 19:49:15,915 [pool-47-thread-1] INFO  ratis.ContainerStateMachine (ContainerStateMachine.java:loadSnapshot(230)) - group-1F9A509220C0: The snapshot info is null. Setting the last applied indexto:(t:0, i:~)
2019-09-26 19:49:15,915 [pool-77-thread-1] INFO  server.RaftServerConfigKeys (ConfUtils.java:logGet(43)) - raft.server.notification.no-leader.timeout = 120s (custom)
2019-09-26 19:49:15,915 [pool-27-thread-1] INFO  ratis.ContainerStateMachine (ContainerStateMachine.java:loadSnapshot(230)) - group-1F9A509220C0: The snapshot info is null. Setting the last applied indexto:(t:0, i:~)
2019-09-26 19:49:15,915 [pool-77-thread-1] INFO  server.RaftServerConfigKeys (ConfUtils.java:logGet(43)) - raft.server.log.use.memory = false (default)
2019-09-26 19:49:15,915 [pool-47-thread-1] INFO  server.RaftServerConfigKeys (ConfUtils.java:logGet(43)) - raft.server.notification.no-leader.timeout = 120s (custom)
2019-09-26 19:49:15,915 [pool-77-thread-1] INFO  server.RaftServerConfigKeys (ConfUtils.java:logGet(43)) - raft.server.log.purge.gap = 1000000 (custom)
2019-09-26 19:49:15,915 [pool-27-thread-1] INFO  server.RaftServerConfigKeys (ConfUtils.java:logGet(43)) - raft.server.notification.no-leader.timeout = 120s (custom)
2019-09-26 19:49:15,915 [pool-77-thread-1] INFO  server.RaftServerConfigKeys (ConfUtils.java:logGet(43)) - raft.server.log.appender.buffer.byte-limit = 33554432 (custom)
2019-09-26 19:49:15,915 [pool-47-thread-1] INFO  server.RaftServerConfigKeys (ConfUtils.java:logGet(43)) - raft.server.log.use.memory = false (default)
2019-09-26 19:49:15,916 [pool-77-thread-1] INFO  server.RaftServerConfigKeys (ConfUtils.java:logGet(43)) - raft.server.log.segment.size.max = 1048576 (custom)
2019-09-26 19:49:15,915 [pool-27-thread-1] INFO  server.RaftServerConfigKeys (ConfUtils.java:logGet(43)) - raft.server.log.use.memory = false (default)
2019-09-26 19:49:15,916 [pool-77-thread-1] INFO  server.RaftServerConfigKeys (ConfUtils.java:logGet(43)) - raft.server.log.segment.cache.num.max = 2 (custom)
2019-09-26 19:49:15,916 [pool-47-thread-1] INFO  server.RaftServerConfigKeys (ConfUtils.java:logGet(43)) - raft.server.log.purge.gap = 1000000 (custom)
2019-09-26 19:49:15,916 [pool-77-thread-1] INFO  segmented.SegmentedRaftLogWorker (SegmentedRaftLogWorker.java:<init>(172)) - new fef13e34-0dbf-4746-817d-c78e8f7c15c3@group-1F9A509220C0-SegmentedRaftLogWorker for RaftStorage:Storage Directory /workdir/hadoop-ozone/integration-test/target/test-dir/MiniOzoneClusterImpl-d3bdf5d1-e8ca-4908-b2d0-eb43964eb91e/datanode-5/data/ratis/f2873588-7ac0-4457-bba9-1f9a509220c0
2019-09-26 19:49:15,916 [pool-27-thread-1] INFO  server.RaftServerConfigKeys (ConfUtils.java:logGet(43)) - raft.server.log.purge.gap = 1000000 (custom)
2019-09-26 19:49:15,916 [pool-77-thread-1] INFO  server.RaftServerConfigKeys (ConfUtils.java:logGet(43)) - raft.server.log.queue.byte-limit = 2147483647 (custom)
2019-09-26 19:49:15,916 [pool-77-thread-1] INFO  server.RaftServerConfigKeys (ConfUtils.java:logGet(43)) - raft.server.log.queue.element-limit = 1024 (custom)
2019-09-26 19:49:15,916 [pool-47-thread-1] INFO  server.RaftServerConfigKeys (ConfUtils.java:logGet(43)) - raft.server.log.appender.buffer.byte-limit = 33554432 (custom)
2019-09-26 19:49:15,916 [pool-77-thread-1] INFO  server.RaftServerConfigKeys (ConfUtils.java:logGet(43)) - raft.server.log.segment.size.max = 1048576 (custom)
2019-09-26 19:49:15,916 [pool-27-thread-1] INFO  server.RaftServerConfigKeys (ConfUtils.java:logGet(43)) - raft.server.log.appender.buffer.byte-limit = 33554432 (custom)
2019-09-26 19:49:15,917 [pool-77-thread-1] INFO  server.RaftServerConfigKeys (ConfUtils.java:logGet(43)) - raft.server.log.preallocated.size = 16384 (custom)
2019-09-26 19:49:15,916 [pool-47-thread-1] INFO  server.RaftServerConfigKeys (ConfUtils.java:logGet(43)) - raft.server.log.segment.size.max = 1048576 (custom)
2019-09-26 19:49:15,917 [pool-77-thread-1] INFO  server.RaftServerConfigKeys (ConfUtils.java:logGet(43)) - raft.server.log.write.buffer.size = 33554432 (custom)
2019-09-26 19:49:15,917 [pool-27-thread-1] INFO  server.RaftServerConfigKeys (ConfUtils.java:logGet(43)) - raft.server.log.segment.size.max = 1048576 (custom)
2019-09-26 19:49:15,917 [pool-77-thread-1] INFO  server.RaftServerConfigKeys (ConfUtils.java:logGet(43)) - raft.server.log.force.sync.num = 128 (default)
2019-09-26 19:49:15,917 [pool-47-thread-1] INFO  server.RaftServerConfigKeys (ConfUtils.java:logGet(43)) - raft.server.log.segment.cache.num.max = 2 (custom)
2019-09-26 19:49:15,917 [pool-77-thread-1] INFO  server.RaftServerConfigKeys (ConfUtils.java:logGet(43)) - raft.server.log.statemachine.data.sync = true (default)
2019-09-26 19:49:15,917 [pool-27-thread-1] INFO  server.RaftServerConfigKeys (ConfUtils.java:logGet(43)) - raft.server.log.segment.cache.num.max = 2 (custom)
2019-09-26 19:49:15,917 [pool-77-thread-1] INFO  server.RaftServerConfigKeys (ConfUtils.java:logGet(43)) - raft.server.log.statemachine.data.sync.timeout = 10s (default)
2019-09-26 19:49:15,917 [pool-47-thread-1] INFO  segmented.SegmentedRaftLogWorker (SegmentedRaftLogWorker.java:<init>(172)) - new 7e99b8b2-8bc7-407b-8312-eeca40f7aa3a@group-1F9A509220C0-SegmentedRaftLogWorker for RaftStorage:Storage Directory /workdir/hadoop-ozone/integration-test/target/test-dir/MiniOzoneClusterImpl-d3bdf5d1-e8ca-4908-b2d0-eb43964eb91e/datanode-2/data/ratis/f2873588-7ac0-4457-bba9-1f9a509220c0
2019-09-26 19:49:15,918 [pool-77-thread-1] INFO  server.RaftServerConfigKeys (ConfUtils.java:logGet(43)) - raft.server.log.statemachine.data.sync.timeout.retry = -1 (default)
2019-09-26 19:49:15,917 [pool-27-thread-1] INFO  segmented.SegmentedRaftLogWorker (SegmentedRaftLogWorker.java:<init>(172)) - new 3bb49466-767f-41d7-9f84-ceb9d260798c@group-1F9A509220C0-SegmentedRaftLogWorker for RaftStorage:Storage Directory /workdir/hadoop-ozone/integration-test/target/test-dir/MiniOzoneClusterImpl-d3bdf5d1-e8ca-4908-b2d0-eb43964eb91e/datanode-0/data/ratis/f2873588-7ac0-4457-bba9-1f9a509220c0
2019-09-26 19:49:15,918 [pool-47-thread-1] INFO  server.RaftServerConfigKeys (ConfUtils.java:logGet(43)) - raft.server.log.queue.byte-limit = 2147483647 (custom)
2019-09-26 19:49:15,918 [pool-27-thread-1] INFO  server.RaftServerConfigKeys (ConfUtils.java:logGet(43)) - raft.server.log.queue.byte-limit = 2147483647 (custom)
2019-09-26 19:49:15,918 [pool-77-thread-1] INFO  server.RaftServerConfigKeys (ConfUtils.java:logGet(43)) - raft.server.log.statemachine.data.caching.enabled = true (custom)
2019-09-26 19:49:15,918 [pool-27-thread-1] INFO  server.RaftServerConfigKeys (ConfUtils.java:logGet(43)) - raft.server.log.queue.element-limit = 1024 (custom)
2019-09-26 19:49:15,918 [pool-47-thread-1] INFO  server.RaftServerConfigKeys (ConfUtils.java:logGet(43)) - raft.server.log.queue.element-limit = 1024 (custom)
2019-09-26 19:49:15,918 [pool-77-thread-1] INFO  segmented.SegmentedRaftLogWorker (SegmentedRaftLogWorker.java:lambda$new$0(132)) - fef13e34-0dbf-4746-817d-c78e8f7c15c3@group-1F9A509220C0-SegmentedRaftLogWorker: flushIndex: setUnconditionally 0 -> -1
2019-09-26 19:49:15,918 [pool-27-thread-1] INFO  server.RaftServerConfigKeys (ConfUtils.java:logGet(43)) - raft.server.log.segment.size.max = 1048576 (custom)
2019-09-26 19:49:15,918 [pool-47-thread-1] INFO  server.RaftServerConfigKeys (ConfUtils.java:logGet(43)) - raft.server.log.segment.size.max = 1048576 (custom)
2019-09-26 19:49:15,919 [pool-77-thread-1] INFO  server.RaftServerConfigKeys (ConfUtils.java:logGet(43)) - raft.server.snapshot.auto.trigger.enabled = true (custom)
2019-09-26 19:49:15,919 [pool-27-thread-1] INFO  server.RaftServerConfigKeys (ConfUtils.java:logGet(43)) - raft.server.log.preallocated.size = 16384 (custom)
2019-09-26 19:49:15,919 [pool-77-thread-1] INFO  server.RaftServerConfigKeys (ConfUtils.java:logGet(43)) - raft.server.snapshot.auto.trigger.threshold = 10000 (custom)
2019-09-26 19:49:15,919 [pool-47-thread-1] INFO  server.RaftServerConfigKeys (ConfUtils.java:logGet(43)) - raft.server.log.preallocated.size = 16384 (custom)
2019-09-26 19:49:15,919 [pool-77-thread-1] INFO  server.RaftServerConfigKeys (ConfUtils.java:logGet(43)) - raft.server.snapshot.retention.num.files = 5 (custom)
2019-09-26 19:49:15,919 [pool-27-thread-1] INFO  server.RaftServerConfigKeys (ConfUtils.java:logGet(43)) - raft.server.log.write.buffer.size = 33554432 (custom)
2019-09-26 19:49:15,919 [pool-77-thread-1] INFO  server.RaftServerConfigKeys (ConfUtils.java:logGet(43)) - raft.server.retrycache.expirytime = 600000ms (custom)
2019-09-26 19:49:15,919 [pool-47-thread-1] INFO  server.RaftServerConfigKeys (ConfUtils.java:logGet(43)) - raft.server.log.write.buffer.size = 33554432 (custom)
2019-09-26 19:49:15,919 [pool-27-thread-1] INFO  server.RaftServerConfigKeys (ConfUtils.java:logGet(43)) - raft.server.log.force.sync.num = 128 (default)
2019-09-26 19:49:15,919 [pool-47-thread-1] INFO  server.RaftServerConfigKeys (ConfUtils.java:logGet(43)) - raft.server.log.force.sync.num = 128 (default)
2019-09-26 19:49:15,920 [pool-27-thread-1] INFO  server.RaftServerConfigKeys (ConfUtils.java:logGet(43)) - raft.server.log.statemachine.data.sync = true (default)
2019-09-26 19:49:15,920 [pool-47-thread-1] INFO  server.RaftServerConfigKeys (ConfUtils.java:logGet(43)) - raft.server.log.statemachine.data.sync = true (default)
2019-09-26 19:49:15,920 [pool-27-thread-1] INFO  server.RaftServerConfigKeys (ConfUtils.java:logGet(43)) - raft.server.log.statemachine.data.sync.timeout = 10s (default)
2019-09-26 19:49:15,920 [pool-47-thread-1] INFO  server.RaftServerConfigKeys (ConfUtils.java:logGet(43)) - raft.server.log.statemachine.data.sync.timeout = 10s (default)
2019-09-26 19:49:15,920 [pool-27-thread-1] INFO  server.RaftServerConfigKeys (ConfUtils.java:logGet(43)) - raft.server.log.statemachine.data.sync.timeout.retry = -1 (default)
2019-09-26 19:49:15,920 [pool-47-thread-1] INFO  server.RaftServerConfigKeys (ConfUtils.java:logGet(43)) - raft.server.log.statemachine.data.sync.timeout.retry = -1 (default)
2019-09-26 19:49:15,921 [pool-27-thread-1] INFO  server.RaftServerConfigKeys (ConfUtils.java:logGet(43)) - raft.server.log.statemachine.data.caching.enabled = true (custom)
2019-09-26 19:49:15,921 [pool-47-thread-1] INFO  server.RaftServerConfigKeys (ConfUtils.java:logGet(43)) - raft.server.log.statemachine.data.caching.enabled = true (custom)
2019-09-26 19:49:15,921 [pool-27-thread-1] INFO  segmented.SegmentedRaftLogWorker (SegmentedRaftLogWorker.java:lambda$new$0(132)) - 3bb49466-767f-41d7-9f84-ceb9d260798c@group-1F9A509220C0-SegmentedRaftLogWorker: flushIndex: setUnconditionally 0 -> -1
2019-09-26 19:49:15,921 [pool-47-thread-1] INFO  segmented.SegmentedRaftLogWorker (SegmentedRaftLogWorker.java:lambda$new$0(132)) - 7e99b8b2-8bc7-407b-8312-eeca40f7aa3a@group-1F9A509220C0-SegmentedRaftLogWorker: flushIndex: setUnconditionally 0 -> -1
2019-09-26 19:49:15,921 [pool-27-thread-1] INFO  server.RaftServerConfigKeys (ConfUtils.java:logGet(43)) - raft.server.snapshot.auto.trigger.enabled = true (custom)
2019-09-26 19:49:15,921 [pool-27-thread-1] INFO  server.RaftServerConfigKeys (ConfUtils.java:logGet(43)) - raft.server.snapshot.auto.trigger.threshold = 10000 (custom)
2019-09-26 19:49:15,921 [pool-47-thread-1] INFO  server.RaftServerConfigKeys (ConfUtils.java:logGet(43)) - raft.server.snapshot.auto.trigger.enabled = true (custom)
2019-09-26 19:49:15,921 [pool-27-thread-1] INFO  server.RaftServerConfigKeys (ConfUtils.java:logGet(43)) - raft.server.snapshot.retention.num.files = 5 (custom)
2019-09-26 19:49:15,922 [pool-47-thread-1] INFO  server.RaftServerConfigKeys (ConfUtils.java:logGet(43)) - raft.server.snapshot.auto.trigger.threshold = 10000 (custom)
2019-09-26 19:49:15,922 [pool-27-thread-1] INFO  server.RaftServerConfigKeys (ConfUtils.java:logGet(43)) - raft.server.retrycache.expirytime = 600000ms (custom)
2019-09-26 19:49:15,922 [pool-47-thread-1] INFO  server.RaftServerConfigKeys (ConfUtils.java:logGet(43)) - raft.server.snapshot.retention.num.files = 5 (custom)
2019-09-26 19:49:15,922 [pool-77-thread-1] INFO  impl.RaftServerImpl (RaftServerImpl.java:start(185)) - fef13e34-0dbf-4746-817d-c78e8f7c15c3@group-1F9A509220C0: start as a follower, conf=-1: [7e99b8b2-8bc7-407b-8312-eeca40f7aa3a:192.168.151.109:33857, 3bb49466-767f-41d7-9f84-ceb9d260798c:192.168.151.109:39193, fef13e34-0dbf-4746-817d-c78e8f7c15c3:192.168.151.109:46084], old=null
2019-09-26 19:49:15,922 [pool-77-thread-1] INFO  impl.RaftServerImpl (RaftServerImpl.java:setRole(174)) - fef13e34-0dbf-4746-817d-c78e8f7c15c3@group-1F9A509220C0: changes role from      null to FOLLOWER at term 0 for startAsFollower
2019-09-26 19:49:15,922 [pool-47-thread-1] INFO  server.RaftServerConfigKeys (ConfUtils.java:logGet(43)) - raft.server.retrycache.expirytime = 600000ms (custom)
2019-09-26 19:49:15,922 [pool-77-thread-1] INFO  impl.RoleInfo (RoleInfo.java:updateAndGet(143)) - fef13e34-0dbf-4746-817d-c78e8f7c15c3: start FollowerState
2019-09-26 19:49:15,923 [pool-77-thread-1] INFO  util.JmxRegister (JmxRegister.java:tryRegister(44)) - Successfully registered JMX Bean with object name Ratis:service=RaftServer,group=group-1F9A509220C0,id=fef13e34-0dbf-4746-817d-c78e8f7c15c3
2019-09-26 19:49:15,925 [pool-27-thread-1] INFO  impl.RaftServerImpl (RaftServerImpl.java:start(185)) - 3bb49466-767f-41d7-9f84-ceb9d260798c@group-1F9A509220C0: start as a follower, conf=-1: [7e99b8b2-8bc7-407b-8312-eeca40f7aa3a:192.168.151.109:33857, 3bb49466-767f-41d7-9f84-ceb9d260798c:192.168.151.109:39193, fef13e34-0dbf-4746-817d-c78e8f7c15c3:192.168.151.109:46084], old=null
2019-09-26 19:49:15,925 [pool-27-thread-1] INFO  impl.RaftServerImpl (RaftServerImpl.java:setRole(174)) - 3bb49466-767f-41d7-9f84-ceb9d260798c@group-1F9A509220C0: changes role from      null to FOLLOWER at term 0 for startAsFollower
2019-09-26 19:49:15,925 [pool-27-thread-1] INFO  impl.RoleInfo (RoleInfo.java:updateAndGet(143)) - 3bb49466-767f-41d7-9f84-ceb9d260798c: start FollowerState
2019-09-26 19:49:15,929 [pool-27-thread-1] INFO  util.JmxRegister (JmxRegister.java:tryRegister(44)) - Successfully registered JMX Bean with object name Ratis:service=RaftServer,group=group-1F9A509220C0,id=3bb49466-767f-41d7-9f84-ceb9d260798c
2019-09-26 19:49:15,929 [pool-47-thread-1] INFO  impl.RaftServerImpl (RaftServerImpl.java:start(185)) - 7e99b8b2-8bc7-407b-8312-eeca40f7aa3a@group-1F9A509220C0: start as a follower, conf=-1: [7e99b8b2-8bc7-407b-8312-eeca40f7aa3a:192.168.151.109:33857, 3bb49466-767f-41d7-9f84-ceb9d260798c:192.168.151.109:39193, fef13e34-0dbf-4746-817d-c78e8f7c15c3:192.168.151.109:46084], old=null
2019-09-26 19:49:15,930 [pool-47-thread-1] INFO  impl.RaftServerImpl (RaftServerImpl.java:setRole(174)) - 7e99b8b2-8bc7-407b-8312-eeca40f7aa3a@group-1F9A509220C0: changes role from      null to FOLLOWER at term 0 for startAsFollower
2019-09-26 19:49:15,930 [pool-47-thread-1] INFO  impl.RoleInfo (RoleInfo.java:updateAndGet(143)) - 7e99b8b2-8bc7-407b-8312-eeca40f7aa3a: start FollowerState
2019-09-26 19:49:15,933 [pool-47-thread-1] INFO  util.JmxRegister (JmxRegister.java:tryRegister(44)) - Successfully registered JMX Bean with object name Ratis:service=RaftServer,group=group-1F9A509220C0,id=7e99b8b2-8bc7-407b-8312-eeca40f7aa3a
2019-09-26 19:49:15,946 [RatisPipelineUtilsThread] INFO  pipeline.PipelineStateManager (PipelineStateManager.java:addPipeline(56)) - Created pipeline Pipeline[ Id: f2873588-7ac0-4457-bba9-1f9a509220c0, Nodes: fef13e34-0dbf-4746-817d-c78e8f7c15c3{ip: 192.168.151.109, host: pr-hdds-2162-kpcbn-4093309294, networkLocation: /default-rack, certSerialId: null}7e99b8b2-8bc7-407b-8312-eeca40f7aa3a{ip: 192.168.151.109, host: pr-hdds-2162-kpcbn-4093309294, networkLocation: /default-rack, certSerialId: null}3bb49466-767f-41d7-9f84-ceb9d260798c{ip: 192.168.151.109, host: pr-hdds-2162-kpcbn-4093309294, networkLocation: /default-rack, certSerialId: null}, Type:RATIS, Factor:THREE, State:OPEN]
2019-09-26 19:49:15,977 [grpc-default-executor-0] INFO  impl.RaftServerProxy (RaftServerProxy.java:addNew(89)) - de3e84a3-e853-4383-b246-f081ca4ab99c: addNew group-0874AFC34C30:[a1b44fb9-0156-41f2-85dc-787860506e71:192.168.151.109:37541, f54071e2-4d42-496d-b211-f1a59572c816:192.168.151.109:42690, de3e84a3-e853-4383-b246-f081ca4ab99c:192.168.151.109:44287] returns group-0874AFC34C30:java.util.concurrent.CompletableFuture@70bde0c5[Not completed]
2019-09-26 19:49:15,978 [grpc-default-executor-2] INFO  impl.RaftServerProxy (RaftServerProxy.java:addNew(89)) - a1b44fb9-0156-41f2-85dc-787860506e71: addNew group-0874AFC34C30:[a1b44fb9-0156-41f2-85dc-787860506e71:192.168.151.109:37541, f54071e2-4d42-496d-b211-f1a59572c816:192.168.151.109:42690, de3e84a3-e853-4383-b246-f081ca4ab99c:192.168.151.109:44287] returns group-0874AFC34C30:java.util.concurrent.CompletableFuture@159cb0db[Not completed]
2019-09-26 19:49:15,979 [grpc-default-executor-1] INFO  impl.RaftServerProxy (RaftServerProxy.java:addNew(89)) - f54071e2-4d42-496d-b211-f1a59572c816: addNew group-0874AFC34C30:[a1b44fb9-0156-41f2-85dc-787860506e71:192.168.151.109:37541, f54071e2-4d42-496d-b211-f1a59572c816:192.168.151.109:42690, de3e84a3-e853-4383-b246-f081ca4ab99c:192.168.151.109:44287] returns group-0874AFC34C30:java.util.concurrent.CompletableFuture@46917df9[Not completed]
2019-09-26 19:49:15,981 [pool-57-thread-1] INFO  impl.RaftServerImpl (RaftServerImpl.java:<init>(95)) - de3e84a3-e853-4383-b246-f081ca4ab99c: new RaftServerImpl for group-0874AFC34C30:[a1b44fb9-0156-41f2-85dc-787860506e71:192.168.151.109:37541, f54071e2-4d42-496d-b211-f1a59572c816:192.168.151.109:42690, de3e84a3-e853-4383-b246-f081ca4ab99c:192.168.151.109:44287] with ContainerStateMachine:uninitialized
2019-09-26 19:49:15,981 [pool-57-thread-1] INFO  server.RaftServerConfigKeys (ConfUtils.java:logGet(43)) - raft.server.rpc.timeout.min = 5s (custom)
2019-09-26 19:49:15,981 [pool-57-thread-1] INFO  server.RaftServerConfigKeys (ConfUtils.java:logGet(43)) - raft.server.rpc.timeout.max = 5200ms (custom)
2019-09-26 19:49:15,982 [pool-57-thread-1] INFO  server.RaftServerConfigKeys (ConfUtils.java:logGet(43)) - raft.server.rpcslowness.timeout = 120s (custom)
2019-09-26 19:49:15,982 [pool-57-thread-1] INFO  server.RaftServerConfigKeys (ConfUtils.java:logGet(43)) - raft.server.sleep.deviation.threshold = 300 (default)
2019-09-26 19:49:15,982 [pool-57-thread-1] INFO  server.RaftServerConfigKeys (ConfUtils.java:logGet(43)) - raft.server.log.appender.install.snapshot.enabled = false (custom)
2019-09-26 19:49:15,982 [pool-87-thread-1] INFO  impl.RaftServerImpl (RaftServerImpl.java:<init>(95)) - a1b44fb9-0156-41f2-85dc-787860506e71: new RaftServerImpl for group-0874AFC34C30:[a1b44fb9-0156-41f2-85dc-787860506e71:192.168.151.109:37541, f54071e2-4d42-496d-b211-f1a59572c816:192.168.151.109:42690, de3e84a3-e853-4383-b246-f081ca4ab99c:192.168.151.109:44287] with ContainerStateMachine:uninitialized
2019-09-26 19:49:15,982 [pool-57-thread-1] INFO  impl.RaftServerImpl (ServerState.java:<init>(103)) - de3e84a3-e853-4383-b246-f081ca4ab99c@group-0874AFC34C30: ConfigurationManager, init=-1: [a1b44fb9-0156-41f2-85dc-787860506e71:192.168.151.109:37541, f54071e2-4d42-496d-b211-f1a59572c816:192.168.151.109:42690, de3e84a3-e853-4383-b246-f081ca4ab99c:192.168.151.109:44287], old=null, confs=<EMPTY_MAP>
2019-09-26 19:49:15,982 [pool-87-thread-1] INFO  server.RaftServerConfigKeys (ConfUtils.java:logGet(43)) - raft.server.rpc.timeout.min = 5s (custom)
2019-09-26 19:49:15,983 [pool-87-thread-1] INFO  server.RaftServerConfigKeys (ConfUtils.java:logGet(43)) - raft.server.rpc.timeout.max = 5200ms (custom)
2019-09-26 19:49:15,983 [pool-57-thread-1] INFO  server.RaftServerConfigKeys (ConfUtils.java:logGet(43)) - raft.server.storage.dir = [/workdir/hadoop-ozone/integration-test/target/test-dir/MiniOzoneClusterImpl-d3bdf5d1-e8ca-4908-b2d0-eb43964eb91e/datanode-3/data/ratis] (custom)
2019-09-26 19:49:15,983 [pool-87-thread-1] INFO  server.RaftServerConfigKeys (ConfUtils.java:logGet(43)) - raft.server.rpcslowness.timeout = 120s (custom)
2019-09-26 19:49:15,983 [pool-87-thread-1] INFO  server.RaftServerConfigKeys (ConfUtils.java:logGet(43)) - raft.server.sleep.deviation.threshold = 300 (default)
2019-09-26 19:49:15,983 [pool-87-thread-1] INFO  server.RaftServerConfigKeys (ConfUtils.java:logGet(43)) - raft.server.log.appender.install.snapshot.enabled = false (custom)
2019-09-26 19:49:15,983 [pool-57-thread-1] INFO  storage.RaftStorageDirectory (RaftStorageDirectory.java:analyzeStorage(246)) - The storage directory /workdir/hadoop-ozone/integration-test/target/test-dir/MiniOzoneClusterImpl-d3bdf5d1-e8ca-4908-b2d0-eb43964eb91e/datanode-3/data/ratis/f66e9aac-d98a-43c0-8654-0874afc34c30 does not exist. Creating ...
2019-09-26 19:49:15,983 [pool-67-thread-1] INFO  impl.RaftServerImpl (RaftServerImpl.java:<init>(95)) - f54071e2-4d42-496d-b211-f1a59572c816: new RaftServerImpl for group-0874AFC34C30:[a1b44fb9-0156-41f2-85dc-787860506e71:192.168.151.109:37541, f54071e2-4d42-496d-b211-f1a59572c816:192.168.151.109:42690, de3e84a3-e853-4383-b246-f081ca4ab99c:192.168.151.109:44287] with ContainerStateMachine:uninitialized
2019-09-26 19:49:15,983 [pool-87-thread-1] INFO  impl.RaftServerImpl (ServerState.java:<init>(103)) - a1b44fb9-0156-41f2-85dc-787860506e71@group-0874AFC34C30: ConfigurationManager, init=-1: [a1b44fb9-0156-41f2-85dc-787860506e71:192.168.151.109:37541, f54071e2-4d42-496d-b211-f1a59572c816:192.168.151.109:42690, de3e84a3-e853-4383-b246-f081ca4ab99c:192.168.151.109:44287], old=null, confs=<EMPTY_MAP>
2019-09-26 19:49:15,984 [pool-67-thread-1] INFO  server.RaftServerConfigKeys (ConfUtils.java:logGet(43)) - raft.server.rpc.timeout.min = 5s (custom)
2019-09-26 19:49:15,984 [pool-87-thread-1] INFO  server.RaftServerConfigKeys (ConfUtils.java:logGet(43)) - raft.server.storage.dir = [/workdir/hadoop-ozone/integration-test/target/test-dir/MiniOzoneClusterImpl-d3bdf5d1-e8ca-4908-b2d0-eb43964eb91e/datanode-6/data/ratis] (custom)
2019-09-26 19:49:15,984 [pool-67-thread-1] INFO  server.RaftServerConfigKeys (ConfUtils.java:logGet(43)) - raft.server.rpc.timeout.max = 5200ms (custom)
2019-09-26 19:49:15,984 [pool-67-thread-1] INFO  server.RaftServerConfigKeys (ConfUtils.java:logGet(43)) - raft.server.rpcslowness.timeout = 120s (custom)
2019-09-26 19:49:15,984 [pool-87-thread-1] INFO  storage.RaftStorageDirectory (RaftStorageDirectory.java:analyzeStorage(246)) - The storage directory /workdir/hadoop-ozone/integration-test/target/test-dir/MiniOzoneClusterImpl-d3bdf5d1-e8ca-4908-b2d0-eb43964eb91e/datanode-6/data/ratis/f66e9aac-d98a-43c0-8654-0874afc34c30 does not exist. Creating ...
2019-09-26 19:49:15,984 [pool-67-thread-1] INFO  server.RaftServerConfigKeys (ConfUtils.java:logGet(43)) - raft.server.sleep.deviation.threshold = 300 (default)
2019-09-26 19:49:15,986 [pool-67-thread-1] INFO  server.RaftServerConfigKeys (ConfUtils.java:logGet(43)) - raft.server.log.appender.install.snapshot.enabled = false (custom)
2019-09-26 19:49:15,986 [pool-67-thread-1] INFO  impl.RaftServerImpl (ServerState.java:<init>(103)) - f54071e2-4d42-496d-b211-f1a59572c816@group-0874AFC34C30: ConfigurationManager, init=-1: [a1b44fb9-0156-41f2-85dc-787860506e71:192.168.151.109:37541, f54071e2-4d42-496d-b211-f1a59572c816:192.168.151.109:42690, de3e84a3-e853-4383-b246-f081ca4ab99c:192.168.151.109:44287], old=null, confs=<EMPTY_MAP>
2019-09-26 19:49:15,986 [pool-67-thread-1] INFO  server.RaftServerConfigKeys (ConfUtils.java:logGet(43)) - raft.server.storage.dir = [/workdir/hadoop-ozone/integration-test/target/test-dir/MiniOzoneClusterImpl-d3bdf5d1-e8ca-4908-b2d0-eb43964eb91e/datanode-4/data/ratis] (custom)
2019-09-26 19:49:15,986 [pool-67-thread-1] INFO  storage.RaftStorageDirectory (RaftStorageDirectory.java:analyzeStorage(246)) - The storage directory /workdir/hadoop-ozone/integration-test/target/test-dir/MiniOzoneClusterImpl-d3bdf5d1-e8ca-4908-b2d0-eb43964eb91e/datanode-4/data/ratis/f66e9aac-d98a-43c0-8654-0874afc34c30 does not exist. Creating ...
2019-09-26 19:49:15,997 [pool-67-thread-1] INFO  storage.RaftStorageDirectory (RaftStorageDirectory.java:tryLock(328)) - Lock on /workdir/hadoop-ozone/integration-test/target/test-dir/MiniOzoneClusterImpl-d3bdf5d1-e8ca-4908-b2d0-eb43964eb91e/datanode-4/data/ratis/f66e9aac-d98a-43c0-8654-0874afc34c30/in_use.lock acquired by nodename 11889@pr-hdds-2162-kpcbn-4093309294
2019-09-26 19:49:15,997 [pool-57-thread-1] INFO  storage.RaftStorageDirectory (RaftStorageDirectory.java:tryLock(328)) - Lock on /workdir/hadoop-ozone/integration-test/target/test-dir/MiniOzoneClusterImpl-d3bdf5d1-e8ca-4908-b2d0-eb43964eb91e/datanode-3/data/ratis/f66e9aac-d98a-43c0-8654-0874afc34c30/in_use.lock acquired by nodename 11889@pr-hdds-2162-kpcbn-4093309294
2019-09-26 19:49:15,997 [pool-87-thread-1] INFO  storage.RaftStorageDirectory (RaftStorageDirectory.java:tryLock(328)) - Lock on /workdir/hadoop-ozone/integration-test/target/test-dir/MiniOzoneClusterImpl-d3bdf5d1-e8ca-4908-b2d0-eb43964eb91e/datanode-6/data/ratis/f66e9aac-d98a-43c0-8654-0874afc34c30/in_use.lock acquired by nodename 11889@pr-hdds-2162-kpcbn-4093309294
2019-09-26 19:49:16,011 [pool-67-thread-1] INFO  storage.RaftStorage (RaftStorage.java:format(72)) - Storage directory /workdir/hadoop-ozone/integration-test/target/test-dir/MiniOzoneClusterImpl-d3bdf5d1-e8ca-4908-b2d0-eb43964eb91e/datanode-4/data/ratis/f66e9aac-d98a-43c0-8654-0874afc34c30 has been successfully formatted.
2019-09-26 19:49:16,011 [pool-57-thread-1] INFO  storage.RaftStorage (RaftStorage.java:format(72)) - Storage directory /workdir/hadoop-ozone/integration-test/target/test-dir/MiniOzoneClusterImpl-d3bdf5d1-e8ca-4908-b2d0-eb43964eb91e/datanode-3/data/ratis/f66e9aac-d98a-43c0-8654-0874afc34c30 has been successfully formatted.
2019-09-26 19:49:16,011 [pool-87-thread-1] INFO  storage.RaftStorage (RaftStorage.java:format(72)) - Storage directory /workdir/hadoop-ozone/integration-test/target/test-dir/MiniOzoneClusterImpl-d3bdf5d1-e8ca-4908-b2d0-eb43964eb91e/datanode-6/data/ratis/f66e9aac-d98a-43c0-8654-0874afc34c30 has been successfully formatted.
2019-09-26 19:49:16,011 [pool-67-thread-1] INFO  ratis.ContainerStateMachine (ContainerStateMachine.java:loadSnapshot(230)) - group-0874AFC34C30: The snapshot info is null. Setting the last applied indexto:(t:0, i:~)
2019-09-26 19:49:16,012 [pool-57-thread-1] INFO  ratis.ContainerStateMachine (ContainerStateMachine.java:loadSnapshot(230)) - group-0874AFC34C30: The snapshot info is null. Setting the last applied indexto:(t:0, i:~)
2019-09-26 19:49:16,012 [pool-67-thread-1] INFO  server.RaftServerConfigKeys (ConfUtils.java:logGet(43)) - raft.server.notification.no-leader.timeout = 120s (custom)
2019-09-26 19:49:16,012 [pool-87-thread-1] INFO  ratis.ContainerStateMachine (ContainerStateMachine.java:loadSnapshot(230)) - group-0874AFC34C30: The snapshot info is null. Setting the last applied indexto:(t:0, i:~)
2019-09-26 19:49:16,012 [pool-67-thread-1] INFO  server.RaftServerConfigKeys (ConfUtils.java:logGet(43)) - raft.server.log.use.memory = false (default)
2019-09-26 19:49:16,012 [pool-57-thread-1] INFO  server.RaftServerConfigKeys (ConfUtils.java:logGet(43)) - raft.server.notification.no-leader.timeout = 120s (custom)
2019-09-26 19:49:16,012 [pool-67-thread-1] INFO  server.RaftServerConfigKeys (ConfUtils.java:logGet(43)) - raft.server.log.purge.gap = 1000000 (custom)
2019-09-26 19:49:16,012 [pool-87-thread-1] INFO  server.RaftServerConfigKeys (ConfUtils.java:logGet(43)) - raft.server.notification.no-leader.timeout = 120s (custom)
2019-09-26 19:49:16,012 [pool-67-thread-1] INFO  server.RaftServerConfigKeys (ConfUtils.java:logGet(43)) - raft.server.log.appender.buffer.byte-limit = 33554432 (custom)
2019-09-26 19:49:16,012 [pool-57-thread-1] INFO  server.RaftServerConfigKeys (ConfUtils.java:logGet(43)) - raft.server.log.use.memory = false (default)
2019-09-26 19:49:16,013 [pool-67-thread-1] INFO  server.RaftServerConfigKeys (ConfUtils.java:logGet(43)) - raft.server.log.segment.size.max = 1048576 (custom)
2019-09-26 19:49:16,012 [pool-87-thread-1] INFO  server.RaftServerConfigKeys (ConfUtils.java:logGet(43)) - raft.server.log.use.memory = false (default)
2019-09-26 19:49:16,013 [pool-67-thread-1] INFO  server.RaftServerConfigKeys (ConfUtils.java:logGet(43)) - raft.server.log.segment.cache.num.max = 2 (custom)
2019-09-26 19:49:16,013 [pool-57-thread-1] INFO  server.RaftServerConfigKeys (ConfUtils.java:logGet(43)) - raft.server.log.purge.gap = 1000000 (custom)
2019-09-26 19:49:16,013 [pool-67-thread-1] INFO  segmented.SegmentedRaftLogWorker (SegmentedRaftLogWorker.java:<init>(172)) - new f54071e2-4d42-496d-b211-f1a59572c816@group-0874AFC34C30-SegmentedRaftLogWorker for RaftStorage:Storage Directory /workdir/hadoop-ozone/integration-test/target/test-dir/MiniOzoneClusterImpl-d3bdf5d1-e8ca-4908-b2d0-eb43964eb91e/datanode-4/data/ratis/f66e9aac-d98a-43c0-8654-0874afc34c30
2019-09-26 19:49:16,013 [pool-87-thread-1] INFO  server.RaftServerConfigKeys (ConfUtils.java:logGet(43)) - raft.server.log.purge.gap = 1000000 (custom)
2019-09-26 19:49:16,013 [pool-67-thread-1] INFO  server.RaftServerConfigKeys (ConfUtils.java:logGet(43)) - raft.server.log.queue.byte-limit = 2147483647 (custom)
2019-09-26 19:49:16,013 [pool-57-thread-1] INFO  server.RaftServerConfigKeys (ConfUtils.java:logGet(43)) - raft.server.log.appender.buffer.byte-limit = 33554432 (custom)
2019-09-26 19:49:16,013 [pool-67-thread-1] INFO  server.RaftServerConfigKeys (ConfUtils.java:logGet(43)) - raft.server.log.queue.element-limit = 1024 (custom)
2019-09-26 19:49:16,013 [pool-87-thread-1] INFO  server.RaftServerConfigKeys (ConfUtils.java:logGet(43)) - raft.server.log.appender.buffer.byte-limit = 33554432 (custom)
2019-09-26 19:49:16,014 [pool-67-thread-1] INFO  server.RaftServerConfigKeys (ConfUtils.java:logGet(43)) - raft.server.log.segment.size.max = 1048576 (custom)
2019-09-26 19:49:16,014 [pool-57-thread-1] INFO  server.RaftServerConfigKeys (ConfUtils.java:logGet(43)) - raft.server.log.segment.size.max = 1048576 (custom)
2019-09-26 19:49:16,014 [pool-67-thread-1] INFO  server.RaftServerConfigKeys (ConfUtils.java:logGet(43)) - raft.server.log.preallocated.size = 16384 (custom)
2019-09-26 19:49:16,014 [pool-87-thread-1] INFO  server.RaftServerConfigKeys (ConfUtils.java:logGet(43)) - raft.server.log.segment.size.max = 1048576 (custom)
2019-09-26 19:49:16,014 [pool-67-thread-1] INFO  server.RaftServerConfigKeys (ConfUtils.java:logGet(43)) - raft.server.log.write.buffer.size = 33554432 (custom)
2019-09-26 19:49:16,014 [pool-57-thread-1] INFO  server.RaftServerConfigKeys (ConfUtils.java:logGet(43)) - raft.server.log.segment.cache.num.max = 2 (custom)
2019-09-26 19:49:16,014 [pool-67-thread-1] INFO  server.RaftServerConfigKeys (ConfUtils.java:logGet(43)) - raft.server.log.force.sync.num = 128 (default)
2019-09-26 19:49:16,014 [pool-87-thread-1] INFO  server.RaftServerConfigKeys (ConfUtils.java:logGet(43)) - raft.server.log.segment.cache.num.max = 2 (custom)
2019-09-26 19:49:16,015 [pool-67-thread-1] INFO  server.RaftServerConfigKeys (ConfUtils.java:logGet(43)) - raft.server.log.statemachine.data.sync = true (default)
2019-09-26 19:49:16,015 [pool-57-thread-1] INFO  segmented.SegmentedRaftLogWorker (SegmentedRaftLogWorker.java:<init>(172)) - new de3e84a3-e853-4383-b246-f081ca4ab99c@group-0874AFC34C30-SegmentedRaftLogWorker for RaftStorage:Storage Directory /workdir/hadoop-ozone/integration-test/target/test-dir/MiniOzoneClusterImpl-d3bdf5d1-e8ca-4908-b2d0-eb43964eb91e/datanode-3/data/ratis/f66e9aac-d98a-43c0-8654-0874afc34c30
2019-09-26 19:49:16,015 [pool-67-thread-1] INFO  server.RaftServerConfigKeys (ConfUtils.java:logGet(43)) - raft.server.log.statemachine.data.sync.timeout = 10s (default)
2019-09-26 19:49:16,015 [pool-87-thread-1] INFO  segmented.SegmentedRaftLogWorker (SegmentedRaftLogWorker.java:<init>(172)) - new a1b44fb9-0156-41f2-85dc-787860506e71@group-0874AFC34C30-SegmentedRaftLogWorker for RaftStorage:Storage Directory /workdir/hadoop-ozone/integration-test/target/test-dir/MiniOzoneClusterImpl-d3bdf5d1-e8ca-4908-b2d0-eb43964eb91e/datanode-6/data/ratis/f66e9aac-d98a-43c0-8654-0874afc34c30
2019-09-26 19:49:16,015 [pool-67-thread-1] INFO  server.RaftServerConfigKeys (ConfUtils.java:logGet(43)) - raft.server.log.statemachine.data.sync.timeout.retry = -1 (default)
2019-09-26 19:49:16,015 [pool-57-thread-1] INFO  server.RaftServerConfigKeys (ConfUtils.java:logGet(43)) - raft.server.log.queue.byte-limit = 2147483647 (custom)
2019-09-26 19:49:16,015 [pool-67-thread-1] INFO  server.RaftServerConfigKeys (ConfUtils.java:logGet(43)) - raft.server.log.statemachine.data.caching.enabled = true (custom)
2019-09-26 19:49:16,015 [pool-87-thread-1] INFO  server.RaftServerConfigKeys (ConfUtils.java:logGet(43)) - raft.server.log.queue.byte-limit = 2147483647 (custom)
2019-09-26 19:49:16,016 [pool-57-thread-1] INFO  server.RaftServerConfigKeys (ConfUtils.java:logGet(43)) - raft.server.log.queue.element-limit = 1024 (custom)
2019-09-26 19:49:16,016 [pool-67-thread-1] INFO  segmented.SegmentedRaftLogWorker (SegmentedRaftLogWorker.java:lambda$new$0(132)) - f54071e2-4d42-496d-b211-f1a59572c816@group-0874AFC34C30-SegmentedRaftLogWorker: flushIndex: setUnconditionally 0 -> -1
2019-09-26 19:49:16,016 [pool-87-thread-1] INFO  server.RaftServerConfigKeys (ConfUtils.java:logGet(43)) - raft.server.log.queue.element-limit = 1024 (custom)
2019-09-26 19:49:16,016 [pool-57-thread-1] INFO  server.RaftServerConfigKeys (ConfUtils.java:logGet(43)) - raft.server.log.segment.size.max = 1048576 (custom)
2019-09-26 19:49:16,016 [pool-67-thread-1] INFO  server.RaftServerConfigKeys (ConfUtils.java:logGet(43)) - raft.server.snapshot.auto.trigger.enabled = true (custom)
2019-09-26 19:49:16,016 [pool-87-thread-1] INFO  server.RaftServerConfigKeys (ConfUtils.java:logGet(43)) - raft.server.log.segment.size.max = 1048576 (custom)
2019-09-26 19:49:16,016 [pool-67-thread-1] INFO  server.RaftServerConfigKeys (ConfUtils.java:logGet(43)) - raft.server.snapshot.auto.trigger.threshold = 10000 (custom)
2019-09-26 19:49:16,016 [pool-57-thread-1] INFO  server.RaftServerConfigKeys (ConfUtils.java:logGet(43)) - raft.server.log.preallocated.size = 16384 (custom)
2019-09-26 19:49:16,017 [pool-67-thread-1] INFO  server.RaftServerConfigKeys (ConfUtils.java:logGet(43)) - raft.server.snapshot.retention.num.files = 5 (custom)
2019-09-26 19:49:16,017 [pool-87-thread-1] INFO  server.RaftServerConfigKeys (ConfUtils.java:logGet(43)) - raft.server.log.preallocated.size = 16384 (custom)
2019-09-26 19:49:16,017 [pool-67-thread-1] INFO  server.RaftServerConfigKeys (ConfUtils.java:logGet(43)) - raft.server.retrycache.expirytime = 600000ms (custom)
2019-09-26 19:49:16,017 [pool-57-thread-1] INFO  server.RaftServerConfigKeys (ConfUtils.java:logGet(43)) - raft.server.log.write.buffer.size = 33554432 (custom)
2019-09-26 19:49:16,017 [pool-87-thread-1] INFO  server.RaftServerConfigKeys (ConfUtils.java:logGet(43)) - raft.server.log.write.buffer.size = 33554432 (custom)
2019-09-26 19:49:16,017 [pool-57-thread-1] INFO  server.RaftServerConfigKeys (ConfUtils.java:logGet(43)) - raft.server.log.force.sync.num = 128 (default)
2019-09-26 19:49:16,017 [pool-87-thread-1] INFO  server.RaftServerConfigKeys (ConfUtils.java:logGet(43)) - raft.server.log.force.sync.num = 128 (default)
2019-09-26 19:49:16,018 [pool-57-thread-1] INFO  server.RaftServerConfigKeys (ConfUtils.java:logGet(43)) - raft.server.log.statemachine.data.sync = true (default)
2019-09-26 19:49:16,018 [pool-87-thread-1] INFO  server.RaftServerConfigKeys (ConfUtils.java:logGet(43)) - raft.server.log.statemachine.data.sync = true (default)
2019-09-26 19:49:16,018 [pool-57-thread-1] INFO  server.RaftServerConfigKeys (ConfUtils.java:logGet(43)) - raft.server.log.statemachine.data.sync.timeout = 10s (default)
2019-09-26 19:49:16,018 [pool-87-thread-1] INFO  server.RaftServerConfigKeys (ConfUtils.java:logGet(43)) - raft.server.log.statemachine.data.sync.timeout = 10s (default)
2019-09-26 19:49:16,018 [pool-57-thread-1] INFO  server.RaftServerConfigKeys (ConfUtils.java:logGet(43)) - raft.server.log.statemachine.data.sync.timeout.retry = -1 (default)
2019-09-26 19:49:16,018 [pool-87-thread-1] INFO  server.RaftServerConfigKeys (ConfUtils.java:logGet(43)) - raft.server.log.statemachine.data.sync.timeout.retry = -1 (default)
2019-09-26 19:49:16,019 [pool-57-thread-1] INFO  server.RaftServerConfigKeys (ConfUtils.java:logGet(43)) - raft.server.log.statemachine.data.caching.enabled = true (custom)
2019-09-26 19:49:16,019 [pool-87-thread-1] INFO  server.RaftServerConfigKeys (ConfUtils.java:logGet(43)) - raft.server.log.statemachine.data.caching.enabled = true (custom)
2019-09-26 19:49:16,019 [pool-57-thread-1] INFO  segmented.SegmentedRaftLogWorker (SegmentedRaftLogWorker.java:lambda$new$0(132)) - de3e84a3-e853-4383-b246-f081ca4ab99c@group-0874AFC34C30-SegmentedRaftLogWorker: flushIndex: setUnconditionally 0 -> -1
2019-09-26 19:49:16,019 [pool-87-thread-1] INFO  segmented.SegmentedRaftLogWorker (SegmentedRaftLogWorker.java:lambda$new$0(132)) - a1b44fb9-0156-41f2-85dc-787860506e71@group-0874AFC34C30-SegmentedRaftLogWorker: flushIndex: setUnconditionally 0 -> -1
2019-09-26 19:49:16,019 [pool-57-thread-1] INFO  server.RaftServerConfigKeys (ConfUtils.java:logGet(43)) - raft.server.snapshot.auto.trigger.enabled = true (custom)
2019-09-26 19:49:16,020 [pool-87-thread-1] INFO  server.RaftServerConfigKeys (ConfUtils.java:logGet(43)) - raft.server.snapshot.auto.trigger.enabled = true (custom)
2019-09-26 19:49:16,020 [pool-57-thread-1] INFO  server.RaftServerConfigKeys (ConfUtils.java:logGet(43)) - raft.server.snapshot.auto.trigger.threshold = 10000 (custom)
2019-09-26 19:49:16,020 [pool-67-thread-1] INFO  impl.RaftServerImpl (RaftServerImpl.java:start(185)) - f54071e2-4d42-496d-b211-f1a59572c816@group-0874AFC34C30: start as a follower, conf=-1: [a1b44fb9-0156-41f2-85dc-787860506e71:192.168.151.109:37541, f54071e2-4d42-496d-b211-f1a59572c816:192.168.151.109:42690, de3e84a3-e853-4383-b246-f081ca4ab99c:192.168.151.109:44287], old=null
2019-09-26 19:49:16,020 [pool-57-thread-1] INFO  server.RaftServerConfigKeys (ConfUtils.java:logGet(43)) - raft.server.snapshot.retention.num.files = 5 (custom)
2019-09-26 19:49:16,020 [pool-87-thread-1] INFO  server.RaftServerConfigKeys (ConfUtils.java:logGet(43)) - raft.server.snapshot.auto.trigger.threshold = 10000 (custom)
2019-09-26 19:49:16,020 [pool-67-thread-1] INFO  impl.RaftServerImpl (RaftServerImpl.java:setRole(174)) - f54071e2-4d42-496d-b211-f1a59572c816@group-0874AFC34C30: changes role from      null to FOLLOWER at term 0 for startAsFollower
2019-09-26 19:49:16,020 [pool-87-thread-1] INFO  server.RaftServerConfigKeys (ConfUtils.java:logGet(43)) - raft.server.snapshot.retention.num.files = 5 (custom)
2019-09-26 19:49:16,020 [pool-57-thread-1] INFO  server.RaftServerConfigKeys (ConfUtils.java:logGet(43)) - raft.server.retrycache.expirytime = 600000ms (custom)
2019-09-26 19:49:16,021 [pool-87-thread-1] INFO  server.RaftServerConfigKeys (ConfUtils.java:logGet(43)) - raft.server.retrycache.expirytime = 600000ms (custom)
2019-09-26 19:49:16,020 [pool-67-thread-1] INFO  impl.RoleInfo (RoleInfo.java:updateAndGet(143)) - f54071e2-4d42-496d-b211-f1a59572c816: start FollowerState
2019-09-26 19:49:16,021 [pool-67-thread-1] INFO  util.JmxRegister (JmxRegister.java:tryRegister(44)) - Successfully registered JMX Bean with object name Ratis:service=RaftServer,group=group-0874AFC34C30,id=f54071e2-4d42-496d-b211-f1a59572c816
2019-09-26 19:49:16,029 [pool-87-thread-1] INFO  impl.RaftServerImpl (RaftServerImpl.java:start(185)) - a1b44fb9-0156-41f2-85dc-787860506e71@group-0874AFC34C30: start as a follower, conf=-1: [a1b44fb9-0156-41f2-85dc-787860506e71:192.168.151.109:37541, f54071e2-4d42-496d-b211-f1a59572c816:192.168.151.109:42690, de3e84a3-e853-4383-b246-f081ca4ab99c:192.168.151.109:44287], old=null
2019-09-26 19:49:16,029 [pool-57-thread-1] INFO  impl.RaftServerImpl (RaftServerImpl.java:start(185)) - de3e84a3-e853-4383-b246-f081ca4ab99c@group-0874AFC34C30: start as a follower, conf=-1: [a1b44fb9-0156-41f2-85dc-787860506e71:192.168.151.109:37541, f54071e2-4d42-496d-b211-f1a59572c816:192.168.151.109:42690, de3e84a3-e853-4383-b246-f081ca4ab99c:192.168.151.109:44287], old=null
2019-09-26 19:49:16,029 [pool-87-thread-1] INFO  impl.RaftServerImpl (RaftServerImpl.java:setRole(174)) - a1b44fb9-0156-41f2-85dc-787860506e71@group-0874AFC34C30: changes role from      null to FOLLOWER at term 0 for startAsFollower
2019-09-26 19:49:16,030 [pool-57-thread-1] INFO  impl.RaftServerImpl (RaftServerImpl.java:setRole(174)) - de3e84a3-e853-4383-b246-f081ca4ab99c@group-0874AFC34C30: changes role from      null to FOLLOWER at term 0 for startAsFollower
2019-09-26 19:49:16,030 [pool-87-thread-1] INFO  impl.RoleInfo (RoleInfo.java:updateAndGet(143)) - a1b44fb9-0156-41f2-85dc-787860506e71: start FollowerState
2019-09-26 19:49:16,030 [pool-57-thread-1] INFO  impl.RoleInfo (RoleInfo.java:updateAndGet(143)) - de3e84a3-e853-4383-b246-f081ca4ab99c: start FollowerState
2019-09-26 19:49:16,030 [pool-87-thread-1] INFO  util.JmxRegister (JmxRegister.java:tryRegister(44)) - Successfully registered JMX Bean with object name Ratis:service=RaftServer,group=group-0874AFC34C30,id=a1b44fb9-0156-41f2-85dc-787860506e71
2019-09-26 19:49:16,030 [pool-57-thread-1] INFO  util.JmxRegister (JmxRegister.java:tryRegister(44)) - Successfully registered JMX Bean with object name Ratis:service=RaftServer,group=group-0874AFC34C30,id=de3e84a3-e853-4383-b246-f081ca4ab99c
2019-09-26 19:49:16,043 [RatisPipelineUtilsThread] INFO  pipeline.PipelineStateManager (PipelineStateManager.java:addPipeline(56)) - Created pipeline Pipeline[ Id: f66e9aac-d98a-43c0-8654-0874afc34c30, Nodes: de3e84a3-e853-4383-b246-f081ca4ab99c{ip: 192.168.151.109, host: pr-hdds-2162-kpcbn-4093309294, networkLocation: /default-rack, certSerialId: null}a1b44fb9-0156-41f2-85dc-787860506e71{ip: 192.168.151.109, host: pr-hdds-2162-kpcbn-4093309294, networkLocation: /default-rack, certSerialId: null}f54071e2-4d42-496d-b211-f1a59572c816{ip: 192.168.151.109, host: pr-hdds-2162-kpcbn-4093309294, networkLocation: /default-rack, certSerialId: null}, Type:RATIS, Factor:THREE, State:OPEN]
2019-09-26 19:49:17,012 [main] INFO  ipc.Client (Client.java:handleConnectionFailure(948)) - Retrying connect to server: localhost/127.0.0.1:0. Already tried 0 time(s); retry policy is RetryUpToMaximumCountWithFixedSleep(maxRetries=10, sleepTime=1000 MILLISECONDS)
2019-09-26 19:49:17,257 [Thread-238] INFO  container.ReplicationManager (ReplicationManager.java:start(162)) - Starting Replication Monitor Thread.
2019-09-26 19:49:17,263 [ReplicationMonitor] INFO  container.ReplicationManager (ReplicationManager.java:run(225)) - Replication Monitor Thread took 3 milliseconds for processing 0 containers.
2019-09-26 19:49:18,013 [main] INFO  ipc.Client (Client.java:handleConnectionFailure(948)) - Retrying connect to server: localhost/127.0.0.1:0. Already tried 1 time(s); retry policy is RetryUpToMaximumCountWithFixedSleep(maxRetries=10, sleepTime=1000 MILLISECONDS)
2019-09-26 19:49:19,014 [main] INFO  ipc.Client (Client.java:handleConnectionFailure(948)) - Retrying connect to server: localhost/127.0.0.1:0. Already tried 2 time(s); retry policy is RetryUpToMaximumCountWithFixedSleep(maxRetries=10, sleepTime=1000 MILLISECONDS)
2019-09-26 19:49:20,016 [main] INFO  ipc.Client (Client.java:handleConnectionFailure(948)) - Retrying connect to server: localhost/127.0.0.1:0. Already tried 3 time(s); retry policy is RetryUpToMaximumCountWithFixedSleep(maxRetries=10, sleepTime=1000 MILLISECONDS)
2019-09-26 19:49:20,261 [Thread-240] INFO  impl.FollowerState (FollowerState.java:run(106)) - 3bb49466-767f-41d7-9f84-ceb9d260798c:group-5EF2A4786D81 changes to CANDIDATE, lastRpcTime:5181, electionTimeout:5181ms
2019-09-26 19:49:20,263 [Thread-240] INFO  impl.RoleInfo (RoleInfo.java:shutdownFollowerState(121)) - 3bb49466-767f-41d7-9f84-ceb9d260798c: shutdown FollowerState
2019-09-26 19:49:20,263 [Thread-240] INFO  impl.RaftServerImpl (RaftServerImpl.java:setRole(174)) - 3bb49466-767f-41d7-9f84-ceb9d260798c@group-5EF2A4786D81: changes role from  FOLLOWER to CANDIDATE at term 0 for changeToCandidate
2019-09-26 19:49:20,272 [Thread-240] INFO  impl.RoleInfo (RoleInfo.java:updateAndGet(143)) - 3bb49466-767f-41d7-9f84-ceb9d260798c: start LeaderElection
2019-09-26 19:49:20,289 [3bb49466-767f-41d7-9f84-ceb9d260798c@group-5EF2A4786D81:LeaderElection1] INFO  impl.LeaderElection (LeaderElection.java:askForVotes(182)) - 3bb49466-767f-41d7-9f84-ceb9d260798c@group-5EF2A4786D81:LeaderElection1: begin an election at term 1 for -1: [3bb49466-767f-41d7-9f84-ceb9d260798c:192.168.151.109:39193], old=null
2019-09-26 19:49:20,291 [3bb49466-767f-41d7-9f84-ceb9d260798c@group-5EF2A4786D81:LeaderElection1] INFO  impl.RoleInfo (RoleInfo.java:shutdownLeaderElection(134)) - 3bb49466-767f-41d7-9f84-ceb9d260798c: shutdown LeaderElection
2019-09-26 19:49:20,292 [3bb49466-767f-41d7-9f84-ceb9d260798c@group-5EF2A4786D81:LeaderElection1] INFO  impl.RaftServerImpl (RaftServerImpl.java:setRole(174)) - 3bb49466-767f-41d7-9f84-ceb9d260798c@group-5EF2A4786D81: changes role from CANDIDATE to LEADER at term 1 for changeToLeader
2019-09-26 19:49:20,292 [3bb49466-767f-41d7-9f84-ceb9d260798c@group-5EF2A4786D81:LeaderElection1] INFO  impl.RaftServerImpl (ServerState.java:setLeader(253)) - 3bb49466-767f-41d7-9f84-ceb9d260798c@group-5EF2A4786D81: change Leader from null to 3bb49466-767f-41d7-9f84-ceb9d260798c at term 1 for becomeLeader, leader elected after 5340ms
2019-09-26 19:49:20,301 [3bb49466-767f-41d7-9f84-ceb9d260798c@group-5EF2A4786D81:LeaderElection1] INFO  server.RaftServerConfigKeys (ConfUtils.java:logGet(43)) - raft.server.staging.catchup.gap = 1000 (default)
2019-09-26 19:49:20,301 [3bb49466-767f-41d7-9f84-ceb9d260798c@group-5EF2A4786D81:LeaderElection1] INFO  server.RaftServerConfigKeys (ConfUtils.java:logGet(43)) - raft.server.rpc.sleep.time = 25ms (default)
2019-09-26 19:49:20,305 [3bb49466-767f-41d7-9f84-ceb9d260798c@group-5EF2A4786D81:LeaderElection1] INFO  server.RaftServerConfigKeys (ConfUtils.java:logGet(43)) - raft.server.write.element-limit = 4096 (default)
2019-09-26 19:49:20,308 [3bb49466-767f-41d7-9f84-ceb9d260798c@group-5EF2A4786D81:LeaderElection1] INFO  server.RaftServerConfigKeys (ConfUtils.java:logGet(43)) - raft.server.watch.timeout = 10s (default)
2019-09-26 19:49:20,308 [3bb49466-767f-41d7-9f84-ceb9d260798c@group-5EF2A4786D81:LeaderElection1] INFO  server.RaftServerConfigKeys (ConfUtils.java:logGet(43)) - raft.server.watch.timeout.denomination = 1s (default)
2019-09-26 19:49:20,309 [3bb49466-767f-41d7-9f84-ceb9d260798c@group-5EF2A4786D81:LeaderElection1] INFO  server.RaftServerConfigKeys (ConfUtils.java:logGet(43)) - raft.server.watch.element-limit = 65536 (default)
2019-09-26 19:49:20,327 [3bb49466-767f-41d7-9f84-ceb9d260798c@group-5EF2A4786D81:LeaderElection1] INFO  impl.RoleInfo (RoleInfo.java:updateAndGet(143)) - 3bb49466-767f-41d7-9f84-ceb9d260798c: start LeaderState
2019-09-26 19:49:20,352 [3bb49466-767f-41d7-9f84-ceb9d260798c@group-5EF2A4786D81:LeaderElection1] INFO  segmented.SegmentedRaftLogWorker (SegmentedRaftLogWorker.java:startLogSegment(380)) - 3bb49466-767f-41d7-9f84-ceb9d260798c@group-5EF2A4786D81-SegmentedRaftLogWorker: Starting segment from index:0
2019-09-26 19:49:20,365 [3bb49466-767f-41d7-9f84-ceb9d260798c@group-5EF2A4786D81:LeaderElection1] INFO  impl.RaftServerImpl (ServerState.java:setRaftConf(354)) - 3bb49466-767f-41d7-9f84-ceb9d260798c@group-5EF2A4786D81: set configuration 0: [3bb49466-767f-41d7-9f84-ceb9d260798c:192.168.151.109:39193], old=null at 0
2019-09-26 19:49:20,395 [Thread-243] INFO  impl.FollowerState (FollowerState.java:run(106)) - fef13e34-0dbf-4746-817d-c78e8f7c15c3:group-C0C4AF3C933D changes to CANDIDATE, lastRpcTime:5080, electionTimeout:5078ms
2019-09-26 19:49:20,398 [Thread-243] INFO  impl.RoleInfo (RoleInfo.java:shutdownFollowerState(121)) - fef13e34-0dbf-4746-817d-c78e8f7c15c3: shutdown FollowerState
2019-09-26 19:49:20,398 [Thread-243] INFO  impl.RaftServerImpl (RaftServerImpl.java:setRole(174)) - fef13e34-0dbf-4746-817d-c78e8f7c15c3@group-C0C4AF3C933D: changes role from  FOLLOWER to CANDIDATE at term 0 for changeToCandidate
2019-09-26 19:49:20,398 [Thread-243] INFO  impl.RoleInfo (RoleInfo.java:updateAndGet(143)) - fef13e34-0dbf-4746-817d-c78e8f7c15c3: start LeaderElection
2019-09-26 19:49:20,417 [fef13e34-0dbf-4746-817d-c78e8f7c15c3@group-C0C4AF3C933D:LeaderElection2] INFO  impl.LeaderElection (LeaderElection.java:askForVotes(182)) - fef13e34-0dbf-4746-817d-c78e8f7c15c3@group-C0C4AF3C933D:LeaderElection2: begin an election at term 1 for -1: [fef13e34-0dbf-4746-817d-c78e8f7c15c3:192.168.151.109:46084], old=null
2019-09-26 19:49:20,419 [fef13e34-0dbf-4746-817d-c78e8f7c15c3@group-C0C4AF3C933D:LeaderElection2] INFO  impl.RoleInfo (RoleInfo.java:shutdownLeaderElection(134)) - fef13e34-0dbf-4746-817d-c78e8f7c15c3: shutdown LeaderElection
2019-09-26 19:49:20,419 [fef13e34-0dbf-4746-817d-c78e8f7c15c3@group-C0C4AF3C933D:LeaderElection2] INFO  impl.RaftServerImpl (RaftServerImpl.java:setRole(174)) - fef13e34-0dbf-4746-817d-c78e8f7c15c3@group-C0C4AF3C933D: changes role from CANDIDATE to LEADER at term 1 for changeToLeader
2019-09-26 19:49:20,420 [fef13e34-0dbf-4746-817d-c78e8f7c15c3@group-C0C4AF3C933D:LeaderElection2] INFO  impl.RaftServerImpl (ServerState.java:setLeader(253)) - fef13e34-0dbf-4746-817d-c78e8f7c15c3@group-C0C4AF3C933D: change Leader from null to fef13e34-0dbf-4746-817d-c78e8f7c15c3 at term 1 for becomeLeader, leader elected after 5126ms
2019-09-26 19:49:20,421 [fef13e34-0dbf-4746-817d-c78e8f7c15c3@group-C0C4AF3C933D:LeaderElection2] INFO  server.RaftServerConfigKeys (ConfUtils.java:logGet(43)) - raft.server.staging.catchup.gap = 1000 (default)
2019-09-26 19:49:20,421 [fef13e34-0dbf-4746-817d-c78e8f7c15c3@group-C0C4AF3C933D:LeaderElection2] INFO  server.RaftServerConfigKeys (ConfUtils.java:logGet(43)) - raft.server.rpc.sleep.time = 25ms (default)
2019-09-26 19:49:20,422 [fef13e34-0dbf-4746-817d-c78e8f7c15c3@group-C0C4AF3C933D:LeaderElection2] INFO  server.RaftServerConfigKeys (ConfUtils.java:logGet(43)) - raft.server.write.element-limit = 4096 (default)
2019-09-26 19:49:20,422 [fef13e34-0dbf-4746-817d-c78e8f7c15c3@group-C0C4AF3C933D:LeaderElection2] INFO  server.RaftServerConfigKeys (ConfUtils.java:logGet(43)) - raft.server.watch.timeout = 10s (default)
2019-09-26 19:49:20,422 [fef13e34-0dbf-4746-817d-c78e8f7c15c3@group-C0C4AF3C933D:LeaderElection2] INFO  server.RaftServerConfigKeys (ConfUtils.java:logGet(43)) - raft.server.watch.timeout.denomination = 1s (default)
2019-09-26 19:49:20,423 [fef13e34-0dbf-4746-817d-c78e8f7c15c3@group-C0C4AF3C933D:LeaderElection2] INFO  server.RaftServerConfigKeys (ConfUtils.java:logGet(43)) - raft.server.watch.element-limit = 65536 (default)
2019-09-26 19:49:20,427 [fef13e34-0dbf-4746-817d-c78e8f7c15c3@group-C0C4AF3C933D:LeaderElection2] INFO  impl.RoleInfo (RoleInfo.java:updateAndGet(143)) - fef13e34-0dbf-4746-817d-c78e8f7c15c3: start LeaderState
2019-09-26 19:49:20,428 [fef13e34-0dbf-4746-817d-c78e8f7c15c3@group-C0C4AF3C933D:LeaderElection2] INFO  segmented.SegmentedRaftLogWorker (SegmentedRaftLogWorker.java:startLogSegment(380)) - fef13e34-0dbf-4746-817d-c78e8f7c15c3@group-C0C4AF3C933D-SegmentedRaftLogWorker: Starting segment from index:0
2019-09-26 19:49:20,428 [fef13e34-0dbf-4746-817d-c78e8f7c15c3@group-C0C4AF3C933D:LeaderElection2] INFO  impl.RaftServerImpl (ServerState.java:setRaftConf(354)) - fef13e34-0dbf-4746-817d-c78e8f7c15c3@group-C0C4AF3C933D: set configuration 0: [fef13e34-0dbf-4746-817d-c78e8f7c15c3:192.168.151.109:46084], old=null at 0
2019-09-26 19:49:20,594 [3bb49466-767f-41d7-9f84-ceb9d260798c@group-5EF2A4786D81-SegmentedRaftLogWorker] INFO  segmented.SegmentedRaftLogWorker (SegmentedRaftLogWorker.java:execute(569)) - 3bb49466-767f-41d7-9f84-ceb9d260798c@group-5EF2A4786D81-SegmentedRaftLogWorker: created new log segment /workdir/hadoop-ozone/integration-test/target/test-dir/MiniOzoneClusterImpl-d3bdf5d1-e8ca-4908-b2d0-eb43964eb91e/datanode-0/data/ratis/ac0193d0-a280-4531-8890-5ef2a4786d81/current/log_inprogress_0
2019-09-26 19:49:20,594 [fef13e34-0dbf-4746-817d-c78e8f7c15c3@group-C0C4AF3C933D-SegmentedRaftLogWorker] INFO  segmented.SegmentedRaftLogWorker (SegmentedRaftLogWorker.java:execute(569)) - fef13e34-0dbf-4746-817d-c78e8f7c15c3@group-C0C4AF3C933D-SegmentedRaftLogWorker: created new log segment /workdir/hadoop-ozone/integration-test/target/test-dir/MiniOzoneClusterImpl-d3bdf5d1-e8ca-4908-b2d0-eb43964eb91e/datanode-5/data/ratis/4e761f20-1eaa-4ddf-b824-c0c4af3c933d/current/log_inprogress_0
2019-09-26 19:49:20,655 [Thread-249] INFO  impl.FollowerState (FollowerState.java:run(106)) - de3e84a3-e853-4383-b246-f081ca4ab99c:group-5BAE4C8828FD changes to CANDIDATE, lastRpcTime:5066, electionTimeout:5066ms
2019-09-26 19:49:20,655 [Thread-249] INFO  impl.RoleInfo (RoleInfo.java:shutdownFollowerState(121)) - de3e84a3-e853-4383-b246-f081ca4ab99c: shutdown FollowerState
2019-09-26 19:49:20,655 [Thread-249] INFO  impl.RaftServerImpl (RaftServerImpl.java:setRole(174)) - de3e84a3-e853-4383-b246-f081ca4ab99c@group-5BAE4C8828FD: changes role from  FOLLOWER to CANDIDATE at term 0 for changeToCandidate
2019-09-26 19:49:20,655 [Thread-249] INFO  impl.RoleInfo (RoleInfo.java:updateAndGet(143)) - de3e84a3-e853-4383-b246-f081ca4ab99c: start LeaderElection
2019-09-26 19:49:20,675 [de3e84a3-e853-4383-b246-f081ca4ab99c@group-5BAE4C8828FD:LeaderElection3] INFO  impl.LeaderElection (LeaderElection.java:askForVotes(182)) - de3e84a3-e853-4383-b246-f081ca4ab99c@group-5BAE4C8828FD:LeaderElection3: begin an election at term 1 for -1: [de3e84a3-e853-4383-b246-f081ca4ab99c:192.168.151.109:44287], old=null
2019-09-26 19:49:20,675 [de3e84a3-e853-4383-b246-f081ca4ab99c@group-5BAE4C8828FD:LeaderElection3] INFO  impl.RoleInfo (RoleInfo.java:shutdownLeaderElection(134)) - de3e84a3-e853-4383-b246-f081ca4ab99c: shutdown LeaderElection
2019-09-26 19:49:20,675 [de3e84a3-e853-4383-b246-f081ca4ab99c@group-5BAE4C8828FD:LeaderElection3] INFO  impl.RaftServerImpl (RaftServerImpl.java:setRole(174)) - de3e84a3-e853-4383-b246-f081ca4ab99c@group-5BAE4C8828FD: changes role from CANDIDATE to LEADER at term 1 for changeToLeader
2019-09-26 19:49:20,675 [de3e84a3-e853-4383-b246-f081ca4ab99c@group-5BAE4C8828FD:LeaderElection3] INFO  impl.RaftServerImpl (ServerState.java:setLeader(253)) - de3e84a3-e853-4383-b246-f081ca4ab99c@group-5BAE4C8828FD: change Leader from null to de3e84a3-e853-4383-b246-f081ca4ab99c at term 1 for becomeLeader, leader elected after 5101ms
2019-09-26 19:49:20,677 [de3e84a3-e853-4383-b246-f081ca4ab99c@group-5BAE4C8828FD:LeaderElection3] INFO  server.RaftServerConfigKeys (ConfUtils.java:logGet(43)) - raft.server.staging.catchup.gap = 1000 (default)
2019-09-26 19:49:20,678 [de3e84a3-e853-4383-b246-f081ca4ab99c@group-5BAE4C8828FD:LeaderElection3] INFO  server.RaftServerConfigKeys (ConfUtils.java:logGet(43)) - raft.server.rpc.sleep.time = 25ms (default)
2019-09-26 19:49:20,678 [de3e84a3-e853-4383-b246-f081ca4ab99c@group-5BAE4C8828FD:LeaderElection3] INFO  server.RaftServerConfigKeys (ConfUtils.java:logGet(43)) - raft.server.write.element-limit = 4096 (default)
2019-09-26 19:49:20,678 [de3e84a3-e853-4383-b246-f081ca4ab99c@group-5BAE4C8828FD:LeaderElection3] INFO  server.RaftServerConfigKeys (ConfUtils.java:logGet(43)) - raft.server.watch.timeout = 10s (default)
2019-09-26 19:49:20,678 [de3e84a3-e853-4383-b246-f081ca4ab99c@group-5BAE4C8828FD:LeaderElection3] INFO  server.RaftServerConfigKeys (ConfUtils.java:logGet(43)) - raft.server.watch.timeout.denomination = 1s (default)
2019-09-26 19:49:20,678 [de3e84a3-e853-4383-b246-f081ca4ab99c@group-5BAE4C8828FD:LeaderElection3] INFO  server.RaftServerConfigKeys (ConfUtils.java:logGet(43)) - raft.server.watch.element-limit = 65536 (default)
2019-09-26 19:49:20,682 [de3e84a3-e853-4383-b246-f081ca4ab99c@group-5BAE4C8828FD:LeaderElection3] INFO  impl.RoleInfo (RoleInfo.java:updateAndGet(143)) - de3e84a3-e853-4383-b246-f081ca4ab99c: start LeaderState
2019-09-26 19:49:20,683 [de3e84a3-e853-4383-b246-f081ca4ab99c@group-5BAE4C8828FD:LeaderElection3] INFO  segmented.SegmentedRaftLogWorker (SegmentedRaftLogWorker.java:startLogSegment(380)) - de3e84a3-e853-4383-b246-f081ca4ab99c@group-5BAE4C8828FD-SegmentedRaftLogWorker: Starting segment from index:0
2019-09-26 19:49:20,683 [de3e84a3-e853-4383-b246-f081ca4ab99c@group-5BAE4C8828FD:LeaderElection3] INFO  impl.RaftServerImpl (ServerState.java:setRaftConf(354)) - de3e84a3-e853-4383-b246-f081ca4ab99c@group-5BAE4C8828FD: set configuration 0: [de3e84a3-e853-4383-b246-f081ca4ab99c:192.168.151.109:44287], old=null at 0
2019-09-26 19:49:20,724 [Thread-246] INFO  impl.FollowerState (FollowerState.java:run(106)) - 7e99b8b2-8bc7-407b-8312-eeca40f7aa3a:group-1AB409542B44 changes to CANDIDATE, lastRpcTime:5222, electionTimeout:5197ms
2019-09-26 19:49:20,724 [Thread-246] INFO  impl.RoleInfo (RoleInfo.java:shutdownFollowerState(121)) - 7e99b8b2-8bc7-407b-8312-eeca40f7aa3a: shutdown FollowerState
2019-09-26 19:49:20,724 [Thread-246] INFO  impl.RaftServerImpl (RaftServerImpl.java:setRole(174)) - 7e99b8b2-8bc7-407b-8312-eeca40f7aa3a@group-1AB409542B44: changes role from  FOLLOWER to CANDIDATE at term 0 for changeToCandidate
2019-09-26 19:49:20,725 [Thread-246] INFO  impl.RoleInfo (RoleInfo.java:updateAndGet(143)) - 7e99b8b2-8bc7-407b-8312-eeca40f7aa3a: start LeaderElection
2019-09-26 19:49:20,737 [de3e84a3-e853-4383-b246-f081ca4ab99c@group-5BAE4C8828FD-SegmentedRaftLogWorker] INFO  segmented.SegmentedRaftLogWorker (SegmentedRaftLogWorker.java:execute(569)) - de3e84a3-e853-4383-b246-f081ca4ab99c@group-5BAE4C8828FD-SegmentedRaftLogWorker: created new log segment /workdir/hadoop-ozone/integration-test/target/test-dir/MiniOzoneClusterImpl-d3bdf5d1-e8ca-4908-b2d0-eb43964eb91e/datanode-3/data/ratis/3752bcd3-bd2e-4701-baa5-5bae4c8828fd/current/log_inprogress_0
2019-09-26 19:49:20,737 [7e99b8b2-8bc7-407b-8312-eeca40f7aa3a@group-1AB409542B44:LeaderElection4] INFO  impl.LeaderElection (LeaderElection.java:askForVotes(182)) - 7e99b8b2-8bc7-407b-8312-eeca40f7aa3a@group-1AB409542B44:LeaderElection4: begin an election at term 1 for -1: [7e99b8b2-8bc7-407b-8312-eeca40f7aa3a:192.168.151.109:33857], old=null
2019-09-26 19:49:20,737 [7e99b8b2-8bc7-407b-8312-eeca40f7aa3a@group-1AB409542B44:LeaderElection4] INFO  impl.RoleInfo (RoleInfo.java:shutdownLeaderElection(134)) - 7e99b8b2-8bc7-407b-8312-eeca40f7aa3a: shutdown LeaderElection
2019-09-26 19:49:20,737 [7e99b8b2-8bc7-407b-8312-eeca40f7aa3a@group-1AB409542B44:LeaderElection4] INFO  impl.RaftServerImpl (RaftServerImpl.java:setRole(174)) - 7e99b8b2-8bc7-407b-8312-eeca40f7aa3a@group-1AB409542B44: changes role from CANDIDATE to LEADER at term 1 for changeToLeader
2019-09-26 19:49:20,737 [7e99b8b2-8bc7-407b-8312-eeca40f7aa3a@group-1AB409542B44:LeaderElection4] INFO  impl.RaftServerImpl (ServerState.java:setLeader(253)) - 7e99b8b2-8bc7-407b-8312-eeca40f7aa3a@group-1AB409542B44: change Leader from null to 7e99b8b2-8bc7-407b-8312-eeca40f7aa3a at term 1 for becomeLeader, leader elected after 5308ms
2019-09-26 19:49:20,739 [7e99b8b2-8bc7-407b-8312-eeca40f7aa3a@group-1AB409542B44:LeaderElection4] INFO  server.RaftServerConfigKeys (ConfUtils.java:logGet(43)) - raft.server.staging.catchup.gap = 1000 (default)
2019-09-26 19:49:20,739 [7e99b8b2-8bc7-407b-8312-eeca40f7aa3a@group-1AB409542B44:LeaderElection4] INFO  server.RaftServerConfigKeys (ConfUtils.java:logGet(43)) - raft.server.rpc.sleep.time = 25ms (default)
2019-09-26 19:49:20,739 [7e99b8b2-8bc7-407b-8312-eeca40f7aa3a@group-1AB409542B44:LeaderElection4] INFO  server.RaftServerConfigKeys (ConfUtils.java:logGet(43)) - raft.server.write.element-limit = 4096 (default)
2019-09-26 19:49:20,740 [7e99b8b2-8bc7-407b-8312-eeca40f7aa3a@group-1AB409542B44:LeaderElection4] INFO  server.RaftServerConfigKeys (ConfUtils.java:logGet(43)) - raft.server.watch.timeout = 10s (default)
2019-09-26 19:49:20,740 [7e99b8b2-8bc7-407b-8312-eeca40f7aa3a@group-1AB409542B44:LeaderElection4] INFO  server.RaftServerConfigKeys (ConfUtils.java:logGet(43)) - raft.server.watch.timeout.denomination = 1s (default)
2019-09-26 19:49:20,740 [7e99b8b2-8bc7-407b-8312-eeca40f7aa3a@group-1AB409542B44:LeaderElection4] INFO  server.RaftServerConfigKeys (ConfUtils.java:logGet(43)) - raft.server.watch.element-limit = 65536 (default)
2019-09-26 19:49:20,822 [Thread-252] INFO  impl.FollowerState (FollowerState.java:run(106)) - a1b44fb9-0156-41f2-85dc-787860506e71:group-2449E04F1437 changes to CANDIDATE, lastRpcTime:5153, electionTimeout:5076ms
2019-09-26 19:49:20,829 [Thread-252] INFO  impl.RoleInfo (RoleInfo.java:shutdownFollowerState(121)) - a1b44fb9-0156-41f2-85dc-787860506e71: shutdown FollowerState
2019-09-26 19:49:20,829 [Thread-252] INFO  impl.RaftServerImpl (RaftServerImpl.java:setRole(174)) - a1b44fb9-0156-41f2-85dc-787860506e71@group-2449E04F1437: changes role from  FOLLOWER to CANDIDATE at term 0 for changeToCandidate
2019-09-26 19:49:20,829 [Thread-252] INFO  impl.RoleInfo (RoleInfo.java:updateAndGet(143)) - a1b44fb9-0156-41f2-85dc-787860506e71: start LeaderElection
2019-09-26 19:49:20,839 [7e99b8b2-8bc7-407b-8312-eeca40f7aa3a@group-1AB409542B44:LeaderElection4] INFO  impl.RoleInfo (RoleInfo.java:updateAndGet(143)) - 7e99b8b2-8bc7-407b-8312-eeca40f7aa3a: start LeaderState
2019-09-26 19:49:20,840 [7e99b8b2-8bc7-407b-8312-eeca40f7aa3a@group-1AB409542B44:LeaderElection4] INFO  segmented.SegmentedRaftLogWorker (SegmentedRaftLogWorker.java:startLogSegment(380)) - 7e99b8b2-8bc7-407b-8312-eeca40f7aa3a@group-1AB409542B44-SegmentedRaftLogWorker: Starting segment from index:0
2019-09-26 19:49:20,842 [7e99b8b2-8bc7-407b-8312-eeca40f7aa3a@group-1AB409542B44:LeaderElection4] INFO  impl.RaftServerImpl (ServerState.java:setRaftConf(354)) - 7e99b8b2-8bc7-407b-8312-eeca40f7aa3a@group-1AB409542B44: set configuration 0: [7e99b8b2-8bc7-407b-8312-eeca40f7aa3a:192.168.151.109:33857], old=null at 0
2019-09-26 19:49:20,882 [a1b44fb9-0156-41f2-85dc-787860506e71@group-2449E04F1437:LeaderElection5] INFO  impl.LeaderElection (LeaderElection.java:askForVotes(182)) - a1b44fb9-0156-41f2-85dc-787860506e71@group-2449E04F1437:LeaderElection5: begin an election at term 1 for -1: [a1b44fb9-0156-41f2-85dc-787860506e71:192.168.151.109:37541], old=null
2019-09-26 19:49:20,882 [Thread-255] INFO  impl.FollowerState (FollowerState.java:run(106)) - f54071e2-4d42-496d-b211-f1a59572c816:group-F75E10EED782 changes to CANDIDATE, lastRpcTime:5119, electionTimeout:5082ms
2019-09-26 19:49:20,891 [a1b44fb9-0156-41f2-85dc-787860506e71@group-2449E04F1437:LeaderElection5] INFO  impl.RoleInfo (RoleInfo.java:shutdownLeaderElection(134)) - a1b44fb9-0156-41f2-85dc-787860506e71: shutdown LeaderElection
2019-09-26 19:49:20,891 [Thread-255] INFO  impl.RoleInfo (RoleInfo.java:shutdownFollowerState(121)) - f54071e2-4d42-496d-b211-f1a59572c816: shutdown FollowerState
2019-09-26 19:49:20,891 [a1b44fb9-0156-41f2-85dc-787860506e71@group-2449E04F1437:LeaderElection5] INFO  impl.RaftServerImpl (RaftServerImpl.java:setRole(174)) - a1b44fb9-0156-41f2-85dc-787860506e71@group-2449E04F1437: changes role from CANDIDATE to LEADER at term 1 for changeToLeader
2019-09-26 19:49:20,891 [Thread-255] INFO  impl.RaftServerImpl (RaftServerImpl.java:setRole(174)) - f54071e2-4d42-496d-b211-f1a59572c816@group-F75E10EED782: changes role from  FOLLOWER to CANDIDATE at term 0 for changeToCandidate
2019-09-26 19:49:20,892 [a1b44fb9-0156-41f2-85dc-787860506e71@group-2449E04F1437:LeaderElection5] INFO  impl.RaftServerImpl (ServerState.java:setLeader(253)) - a1b44fb9-0156-41f2-85dc-787860506e71@group-2449E04F1437: change Leader from null to a1b44fb9-0156-41f2-85dc-787860506e71 at term 1 for becomeLeader, leader elected after 5239ms
2019-09-26 19:49:20,892 [Thread-255] INFO  impl.RoleInfo (RoleInfo.java:updateAndGet(143)) - f54071e2-4d42-496d-b211-f1a59572c816: start LeaderElection
2019-09-26 19:49:20,894 [a1b44fb9-0156-41f2-85dc-787860506e71@group-2449E04F1437:LeaderElection5] INFO  server.RaftServerConfigKeys (ConfUtils.java:logGet(43)) - raft.server.staging.catchup.gap = 1000 (default)
2019-09-26 19:49:20,894 [a1b44fb9-0156-41f2-85dc-787860506e71@group-2449E04F1437:LeaderElection5] INFO  server.RaftServerConfigKeys (ConfUtils.java:logGet(43)) - raft.server.rpc.sleep.time = 25ms (default)
2019-09-26 19:49:20,896 [7e99b8b2-8bc7-407b-8312-eeca40f7aa3a@group-1AB409542B44-SegmentedRaftLogWorker] INFO  segmented.SegmentedRaftLogWorker (SegmentedRaftLogWorker.java:execute(569)) - 7e99b8b2-8bc7-407b-8312-eeca40f7aa3a@group-1AB409542B44-SegmentedRaftLogWorker: created new log segment /workdir/hadoop-ozone/integration-test/target/test-dir/MiniOzoneClusterImpl-d3bdf5d1-e8ca-4908-b2d0-eb43964eb91e/datanode-2/data/ratis/2604ff5e-bf25-4080-81d6-1ab409542b44/current/log_inprogress_0
2019-09-26 19:49:20,898 [a1b44fb9-0156-41f2-85dc-787860506e71@group-2449E04F1437:LeaderElection5] INFO  server.RaftServerConfigKeys (ConfUtils.java:logGet(43)) - raft.server.write.element-limit = 4096 (default)
2019-09-26 19:49:20,899 [a1b44fb9-0156-41f2-85dc-787860506e71@group-2449E04F1437:LeaderElection5] INFO  server.RaftServerConfigKeys (ConfUtils.java:logGet(43)) - raft.server.watch.timeout = 10s (default)
2019-09-26 19:49:20,899 [a1b44fb9-0156-41f2-85dc-787860506e71@group-2449E04F1437:LeaderElection5] INFO  server.RaftServerConfigKeys (ConfUtils.java:logGet(43)) - raft.server.watch.timeout.denomination = 1s (default)
2019-09-26 19:49:20,899 [a1b44fb9-0156-41f2-85dc-787860506e71@group-2449E04F1437:LeaderElection5] INFO  server.RaftServerConfigKeys (ConfUtils.java:logGet(43)) - raft.server.watch.element-limit = 65536 (default)
2019-09-26 19:49:20,902 [a1b44fb9-0156-41f2-85dc-787860506e71@group-2449E04F1437:LeaderElection5] INFO  impl.RoleInfo (RoleInfo.java:updateAndGet(143)) - a1b44fb9-0156-41f2-85dc-787860506e71: start LeaderState
2019-09-26 19:49:20,902 [a1b44fb9-0156-41f2-85dc-787860506e71@group-2449E04F1437:LeaderElection5] INFO  segmented.SegmentedRaftLogWorker (SegmentedRaftLogWorker.java:startLogSegment(380)) - a1b44fb9-0156-41f2-85dc-787860506e71@group-2449E04F1437-SegmentedRaftLogWorker: Starting segment from index:0
2019-09-26 19:49:20,903 [Thread-258] INFO  impl.FollowerState (FollowerState.java:run(106)) - 5a86c999-3687-4e4b-b3cf-69bb9121f879:group-74CADE0EA75A changes to CANDIDATE, lastRpcTime:5060, electionTimeout:5060ms
2019-09-26 19:49:20,903 [a1b44fb9-0156-41f2-85dc-787860506e71@group-2449E04F1437:LeaderElection5] INFO  impl.RaftServerImpl (ServerState.java:setRaftConf(354)) - a1b44fb9-0156-41f2-85dc-787860506e71@group-2449E04F1437: set configuration 0: [a1b44fb9-0156-41f2-85dc-787860506e71:192.168.151.109:37541], old=null at 0
2019-09-26 19:49:20,903 [Thread-258] INFO  impl.RoleInfo (RoleInfo.java:shutdownFollowerState(121)) - 5a86c999-3687-4e4b-b3cf-69bb9121f879: shutdown FollowerState
2019-09-26 19:49:20,941 [Thread-263] INFO  impl.FollowerState (FollowerState.java:run(106)) - fef13e34-0dbf-4746-817d-c78e8f7c15c3:group-1F9A509220C0 changes to CANDIDATE, lastRpcTime:5019, electionTimeout:5016ms
2019-09-26 19:49:20,943 [Thread-258] INFO  impl.RaftServerImpl (RaftServerImpl.java:setRole(174)) - 5a86c999-3687-4e4b-b3cf-69bb9121f879@group-74CADE0EA75A: changes role from  FOLLOWER to CANDIDATE at term 0 for changeToCandidate
2019-09-26 19:49:20,944 [Thread-263] INFO  impl.RoleInfo (RoleInfo.java:shutdownFollowerState(121)) - fef13e34-0dbf-4746-817d-c78e8f7c15c3: shutdown FollowerState
2019-09-26 19:49:20,943 [f54071e2-4d42-496d-b211-f1a59572c816@group-F75E10EED782:LeaderElection6] INFO  impl.LeaderElection (LeaderElection.java:askForVotes(182)) - f54071e2-4d42-496d-b211-f1a59572c816@group-F75E10EED782:LeaderElection6: begin an election at term 1 for -1: [f54071e2-4d42-496d-b211-f1a59572c816:192.168.151.109:42690], old=null
2019-09-26 19:49:20,944 [Thread-263] INFO  impl.RaftServerImpl (RaftServerImpl.java:setRole(174)) - fef13e34-0dbf-4746-817d-c78e8f7c15c3@group-1F9A509220C0: changes role from  FOLLOWER to CANDIDATE at term 0 for changeToCandidate
2019-09-26 19:49:20,944 [Thread-258] INFO  impl.RoleInfo (RoleInfo.java:updateAndGet(143)) - 5a86c999-3687-4e4b-b3cf-69bb9121f879: start LeaderElection
2019-09-26 19:49:20,944 [f54071e2-4d42-496d-b211-f1a59572c816@group-F75E10EED782:LeaderElection6] INFO  impl.RoleInfo (RoleInfo.java:shutdownLeaderElection(134)) - f54071e2-4d42-496d-b211-f1a59572c816: shutdown LeaderElection
2019-09-26 19:49:20,944 [Thread-263] INFO  impl.RoleInfo (RoleInfo.java:updateAndGet(143)) - fef13e34-0dbf-4746-817d-c78e8f7c15c3: start LeaderElection
2019-09-26 19:49:20,960 [a1b44fb9-0156-41f2-85dc-787860506e71@group-2449E04F1437-SegmentedRaftLogWorker] INFO  segmented.SegmentedRaftLogWorker (SegmentedRaftLogWorker.java:execute(569)) - a1b44fb9-0156-41f2-85dc-787860506e71@group-2449E04F1437-SegmentedRaftLogWorker: created new log segment /workdir/hadoop-ozone/integration-test/target/test-dir/MiniOzoneClusterImpl-d3bdf5d1-e8ca-4908-b2d0-eb43964eb91e/datanode-6/data/ratis/7e48e341-0a1e-47d2-8a49-2449e04f1437/current/log_inprogress_0
2019-09-26 19:49:20,953 [f54071e2-4d42-496d-b211-f1a59572c816@group-F75E10EED782:LeaderElection6] INFO  impl.RaftServerImpl (RaftServerImpl.java:setRole(174)) - f54071e2-4d42-496d-b211-f1a59572c816@group-F75E10EED782: changes role from CANDIDATE to LEADER at term 1 for changeToLeader
2019-09-26 19:49:20,975 [f54071e2-4d42-496d-b211-f1a59572c816@group-F75E10EED782:LeaderElection6] INFO  impl.RaftServerImpl (ServerState.java:setLeader(253)) - f54071e2-4d42-496d-b211-f1a59572c816@group-F75E10EED782: change Leader from null to f54071e2-4d42-496d-b211-f1a59572c816 at term 1 for becomeLeader, leader elected after 5222ms
2019-09-26 19:49:20,977 [Thread-265] INFO  impl.FollowerState (FollowerState.java:run(106)) - 3bb49466-767f-41d7-9f84-ceb9d260798c:group-1F9A509220C0 changes to CANDIDATE, lastRpcTime:5052, electionTimeout:5049ms
2019-09-26 19:49:20,978 [f54071e2-4d42-496d-b211-f1a59572c816@group-F75E10EED782:LeaderElection6] INFO  server.RaftServerConfigKeys (ConfUtils.java:logGet(43)) - raft.server.staging.catchup.gap = 1000 (default)
2019-09-26 19:49:20,980 [Thread-265] INFO  impl.RoleInfo (RoleInfo.java:shutdownFollowerState(121)) - 3bb49466-767f-41d7-9f84-ceb9d260798c: shutdown FollowerState
2019-09-26 19:49:20,981 [f54071e2-4d42-496d-b211-f1a59572c816@group-F75E10EED782:LeaderElection6] INFO  server.RaftServerConfigKeys (ConfUtils.java:logGet(43)) - raft.server.rpc.sleep.time = 25ms (default)
2019-09-26 19:49:20,982 [Thread-265] INFO  impl.RaftServerImpl (RaftServerImpl.java:setRole(174)) - 3bb49466-767f-41d7-9f84-ceb9d260798c@group-1F9A509220C0: changes role from  FOLLOWER to CANDIDATE at term 0 for changeToCandidate
2019-09-26 19:49:20,982 [f54071e2-4d42-496d-b211-f1a59572c816@group-F75E10EED782:LeaderElection6] INFO  server.RaftServerConfigKeys (ConfUtils.java:logGet(43)) - raft.server.write.element-limit = 4096 (default)
2019-09-26 19:49:20,982 [Thread-265] INFO  impl.RoleInfo (RoleInfo.java:updateAndGet(143)) - 3bb49466-767f-41d7-9f84-ceb9d260798c: start LeaderElection
2019-09-26 19:49:20,982 [f54071e2-4d42-496d-b211-f1a59572c816@group-F75E10EED782:LeaderElection6] INFO  server.RaftServerConfigKeys (ConfUtils.java:logGet(43)) - raft.server.watch.timeout = 10s (default)
2019-09-26 19:49:20,982 [f54071e2-4d42-496d-b211-f1a59572c816@group-F75E10EED782:LeaderElection6] INFO  server.RaftServerConfigKeys (ConfUtils.java:logGet(43)) - raft.server.watch.timeout.denomination = 1s (default)
2019-09-26 19:49:20,984 [f54071e2-4d42-496d-b211-f1a59572c816@group-F75E10EED782:LeaderElection6] INFO  server.RaftServerConfigKeys (ConfUtils.java:logGet(43)) - raft.server.watch.element-limit = 65536 (default)
2019-09-26 19:49:20,989 [fef13e34-0dbf-4746-817d-c78e8f7c15c3@group-1F9A509220C0:LeaderElection8] INFO  impl.LeaderElection (LeaderElection.java:askForVotes(182)) - fef13e34-0dbf-4746-817d-c78e8f7c15c3@group-1F9A509220C0:LeaderElection8: begin an election at term 1 for -1: [7e99b8b2-8bc7-407b-8312-eeca40f7aa3a:192.168.151.109:33857, 3bb49466-767f-41d7-9f84-ceb9d260798c:192.168.151.109:39193, fef13e34-0dbf-4746-817d-c78e8f7c15c3:192.168.151.109:46084], old=null
2019-09-26 19:49:20,989 [5a86c999-3687-4e4b-b3cf-69bb9121f879@group-74CADE0EA75A:LeaderElection7] INFO  impl.LeaderElection (LeaderElection.java:askForVotes(182)) - 5a86c999-3687-4e4b-b3cf-69bb9121f879@group-74CADE0EA75A:LeaderElection7: begin an election at term 1 for -1: [5a86c999-3687-4e4b-b3cf-69bb9121f879:192.168.151.109:35478], old=null
2019-09-26 19:49:20,989 [f54071e2-4d42-496d-b211-f1a59572c816@group-F75E10EED782:LeaderElection6] INFO  impl.RoleInfo (RoleInfo.java:updateAndGet(143)) - f54071e2-4d42-496d-b211-f1a59572c816: start LeaderState
2019-09-26 19:49:20,990 [5a86c999-3687-4e4b-b3cf-69bb9121f879@group-74CADE0EA75A:LeaderElection7] INFO  impl.RoleInfo (RoleInfo.java:shutdownLeaderElection(134)) - 5a86c999-3687-4e4b-b3cf-69bb9121f879: shutdown LeaderElection
2019-09-26 19:49:20,990 [5a86c999-3687-4e4b-b3cf-69bb9121f879@group-74CADE0EA75A:LeaderElection7] INFO  impl.RaftServerImpl (RaftServerImpl.java:setRole(174)) - 5a86c999-3687-4e4b-b3cf-69bb9121f879@group-74CADE0EA75A: changes role from CANDIDATE to LEADER at term 1 for changeToLeader
2019-09-26 19:49:20,990 [3bb49466-767f-41d7-9f84-ceb9d260798c@group-1F9A509220C0:LeaderElection9] INFO  impl.LeaderElection (LeaderElection.java:askForVotes(182)) - 3bb49466-767f-41d7-9f84-ceb9d260798c@group-1F9A509220C0:LeaderElection9: begin an election at term 1 for -1: [7e99b8b2-8bc7-407b-8312-eeca40f7aa3a:192.168.151.109:33857, 3bb49466-767f-41d7-9f84-ceb9d260798c:192.168.151.109:39193, fef13e34-0dbf-4746-817d-c78e8f7c15c3:192.168.151.109:46084], old=null
2019-09-26 19:49:20,990 [f54071e2-4d42-496d-b211-f1a59572c816@group-F75E10EED782:LeaderElection6] INFO  segmented.SegmentedRaftLogWorker (SegmentedRaftLogWorker.java:startLogSegment(380)) - f54071e2-4d42-496d-b211-f1a59572c816@group-F75E10EED782-SegmentedRaftLogWorker: Starting segment from index:0
2019-09-26 19:49:20,990 [5a86c999-3687-4e4b-b3cf-69bb9121f879@group-74CADE0EA75A:LeaderElection7] INFO  impl.RaftServerImpl (ServerState.java:setLeader(253)) - 5a86c999-3687-4e4b-b3cf-69bb9121f879@group-74CADE0EA75A: change Leader from null to 5a86c999-3687-4e4b-b3cf-69bb9121f879 at term 1 for becomeLeader, leader elected after 5156ms
2019-09-26 19:49:20,992 [5a86c999-3687-4e4b-b3cf-69bb9121f879@group-74CADE0EA75A:LeaderElection7] INFO  server.RaftServerConfigKeys (ConfUtils.java:logGet(43)) - raft.server.staging.catchup.gap = 1000 (default)
2019-09-26 19:49:20,992 [f54071e2-4d42-496d-b211-f1a59572c816@group-F75E10EED782:LeaderElection6] INFO  impl.RaftServerImpl (ServerState.java:setRaftConf(354)) - f54071e2-4d42-496d-b211-f1a59572c816@group-F75E10EED782: set configuration 0: [f54071e2-4d42-496d-b211-f1a59572c816:192.168.151.109:42690], old=null at 0
2019-09-26 19:49:20,992 [5a86c999-3687-4e4b-b3cf-69bb9121f879@group-74CADE0EA75A:LeaderElection7] INFO  server.RaftServerConfigKeys (ConfUtils.java:logGet(43)) - raft.server.rpc.sleep.time = 25ms (default)
2019-09-26 19:49:21,031 [main] INFO  ipc.Client (Client.java:handleConnectionFailure(948)) - Retrying connect to server: localhost/127.0.0.1:0. Already tried 4 time(s); retry policy is RetryUpToMaximumCountWithFixedSleep(maxRetries=10, sleepTime=1000 MILLISECONDS)
2019-09-26 19:49:21,031 [5a86c999-3687-4e4b-b3cf-69bb9121f879@group-74CADE0EA75A:LeaderElection7] INFO  server.RaftServerConfigKeys (ConfUtils.java:logGet(43)) - raft.server.write.element-limit = 4096 (default)
2019-09-26 19:49:21,032 [5a86c999-3687-4e4b-b3cf-69bb9121f879@group-74CADE0EA75A:LeaderElection7] INFO  server.RaftServerConfigKeys (ConfUtils.java:logGet(43)) - raft.server.watch.timeout = 10s (default)
2019-09-26 19:49:21,032 [5a86c999-3687-4e4b-b3cf-69bb9121f879@group-74CADE0EA75A:LeaderElection7] INFO  server.RaftServerConfigKeys (ConfUtils.java:logGet(43)) - raft.server.watch.timeout.denomination = 1s (default)
2019-09-26 19:49:21,032 [5a86c999-3687-4e4b-b3cf-69bb9121f879@group-74CADE0EA75A:LeaderElection7] INFO  server.RaftServerConfigKeys (ConfUtils.java:logGet(43)) - raft.server.watch.element-limit = 65536 (default)
2019-09-26 19:49:21,035 [Thread-276] INFO  impl.FollowerState (FollowerState.java:run(106)) - de3e84a3-e853-4383-b246-f081ca4ab99c:group-0874AFC34C30 changes to CANDIDATE, lastRpcTime:5005, electionTimeout:5005ms
2019-09-26 19:49:21,036 [5a86c999-3687-4e4b-b3cf-69bb9121f879@group-74CADE0EA75A:LeaderElection7] INFO  impl.RoleInfo (RoleInfo.java:updateAndGet(143)) - 5a86c999-3687-4e4b-b3cf-69bb9121f879: start LeaderState
2019-09-26 19:49:21,036 [Thread-276] INFO  impl.RoleInfo (RoleInfo.java:shutdownFollowerState(121)) - de3e84a3-e853-4383-b246-f081ca4ab99c: shutdown FollowerState
2019-09-26 19:49:21,036 [Thread-276] INFO  impl.RaftServerImpl (RaftServerImpl.java:setRole(174)) - de3e84a3-e853-4383-b246-f081ca4ab99c@group-0874AFC34C30: changes role from  FOLLOWER to CANDIDATE at term 0 for changeToCandidate
2019-09-26 19:49:21,036 [5a86c999-3687-4e4b-b3cf-69bb9121f879@group-74CADE0EA75A:LeaderElection7] INFO  segmented.SegmentedRaftLogWorker (SegmentedRaftLogWorker.java:startLogSegment(380)) - 5a86c999-3687-4e4b-b3cf-69bb9121f879@group-74CADE0EA75A-SegmentedRaftLogWorker: Starting segment from index:0
2019-09-26 19:49:21,036 [Thread-276] INFO  impl.RoleInfo (RoleInfo.java:updateAndGet(143)) - de3e84a3-e853-4383-b246-f081ca4ab99c: start LeaderElection
2019-09-26 19:49:21,037 [5a86c999-3687-4e4b-b3cf-69bb9121f879@group-74CADE0EA75A:LeaderElection7] INFO  impl.RaftServerImpl (ServerState.java:setRaftConf(354)) - 5a86c999-3687-4e4b-b3cf-69bb9121f879@group-74CADE0EA75A: set configuration 0: [5a86c999-3687-4e4b-b3cf-69bb9121f879:192.168.151.109:35478], old=null at 0
2019-09-26 19:49:21,073 [Thread-272] INFO  impl.FollowerState (FollowerState.java:run(106)) - f54071e2-4d42-496d-b211-f1a59572c816:group-0874AFC34C30 changes to CANDIDATE, lastRpcTime:5052, electionTimeout:5035ms
2019-09-26 19:49:21,073 [Thread-267] INFO  impl.FollowerState (FollowerState.java:run(106)) - 7e99b8b2-8bc7-407b-8312-eeca40f7aa3a:group-1F9A509220C0 changes to CANDIDATE, lastRpcTime:5143, electionTimeout:5120ms
2019-09-26 19:49:21,073 [f54071e2-4d42-496d-b211-f1a59572c816@group-F75E10EED782-SegmentedRaftLogWorker] INFO  segmented.SegmentedRaftLogWorker (SegmentedRaftLogWorker.java:execute(569)) - f54071e2-4d42-496d-b211-f1a59572c816@group-F75E10EED782-SegmentedRaftLogWorker: created new log segment /workdir/hadoop-ozone/integration-test/target/test-dir/MiniOzoneClusterImpl-d3bdf5d1-e8ca-4908-b2d0-eb43964eb91e/datanode-4/data/ratis/c63c5e46-77b2-4efd-8e3e-f75e10eed782/current/log_inprogress_0
2019-09-26 19:49:21,080 [Thread-272] INFO  impl.RoleInfo (RoleInfo.java:shutdownFollowerState(121)) - f54071e2-4d42-496d-b211-f1a59572c816: shutdown FollowerState
2019-09-26 19:49:21,080 [Thread-267] INFO  impl.RoleInfo (RoleInfo.java:shutdownFollowerState(121)) - 7e99b8b2-8bc7-407b-8312-eeca40f7aa3a: shutdown FollowerState
2019-09-26 19:49:21,080 [Thread-272] INFO  impl.RaftServerImpl (RaftServerImpl.java:setRole(174)) - f54071e2-4d42-496d-b211-f1a59572c816@group-0874AFC34C30: changes role from  FOLLOWER to CANDIDATE at term 0 for changeToCandidate
2019-09-26 19:49:21,080 [Thread-267] INFO  impl.RaftServerImpl (RaftServerImpl.java:setRole(174)) - 7e99b8b2-8bc7-407b-8312-eeca40f7aa3a@group-1F9A509220C0: changes role from  FOLLOWER to CANDIDATE at term 0 for changeToCandidate
2019-09-26 19:49:21,081 [Thread-267] INFO  impl.RoleInfo (RoleInfo.java:updateAndGet(143)) - 7e99b8b2-8bc7-407b-8312-eeca40f7aa3a: start LeaderElection
2019-09-26 19:49:21,081 [Thread-272] INFO  impl.RoleInfo (RoleInfo.java:updateAndGet(143)) - f54071e2-4d42-496d-b211-f1a59572c816: start LeaderElection
2019-09-26 19:49:21,088 [5a86c999-3687-4e4b-b3cf-69bb9121f879@group-74CADE0EA75A-SegmentedRaftLogWorker] INFO  segmented.SegmentedRaftLogWorker (SegmentedRaftLogWorker.java:execute(569)) - 5a86c999-3687-4e4b-b3cf-69bb9121f879@group-74CADE0EA75A-SegmentedRaftLogWorker: created new log segment /workdir/hadoop-ozone/integration-test/target/test-dir/MiniOzoneClusterImpl-d3bdf5d1-e8ca-4908-b2d0-eb43964eb91e/datanode-1/data/ratis/f3bbc84c-cf03-46b0-9382-74cade0ea75a/current/log_inprogress_0
2019-09-26 19:49:21,088 [de3e84a3-e853-4383-b246-f081ca4ab99c@group-0874AFC34C30:LeaderElection10] INFO  impl.LeaderElection (LeaderElection.java:askForVotes(182)) - de3e84a3-e853-4383-b246-f081ca4ab99c@group-0874AFC34C30:LeaderElection10: begin an election at term 1 for -1: [a1b44fb9-0156-41f2-85dc-787860506e71:192.168.151.109:37541, f54071e2-4d42-496d-b211-f1a59572c816:192.168.151.109:42690, de3e84a3-e853-4383-b246-f081ca4ab99c:192.168.151.109:44287], old=null
2019-09-26 19:49:21,106 [7e99b8b2-8bc7-407b-8312-eeca40f7aa3a@group-1F9A509220C0:LeaderElection12] INFO  impl.LeaderElection (LeaderElection.java:askForVotes(182)) - 7e99b8b2-8bc7-407b-8312-eeca40f7aa3a@group-1F9A509220C0:LeaderElection12: begin an election at term 1 for -1: [7e99b8b2-8bc7-407b-8312-eeca40f7aa3a:192.168.151.109:33857, 3bb49466-767f-41d7-9f84-ceb9d260798c:192.168.151.109:39193, fef13e34-0dbf-4746-817d-c78e8f7c15c3:192.168.151.109:46084], old=null
2019-09-26 19:49:21,106 [f54071e2-4d42-496d-b211-f1a59572c816@group-0874AFC34C30:LeaderElection11] INFO  impl.LeaderElection (LeaderElection.java:askForVotes(182)) - f54071e2-4d42-496d-b211-f1a59572c816@group-0874AFC34C30:LeaderElection11: begin an election at term 1 for -1: [a1b44fb9-0156-41f2-85dc-787860506e71:192.168.151.109:37541, f54071e2-4d42-496d-b211-f1a59572c816:192.168.151.109:42690, de3e84a3-e853-4383-b246-f081ca4ab99c:192.168.151.109:44287], old=null
2019-09-26 19:49:21,152 [grpc-default-executor-4] INFO  impl.RaftServerImpl (RaftServerImpl.java:setRole(174)) - a1b44fb9-0156-41f2-85dc-787860506e71@group-0874AFC34C30: changes role from  FOLLOWER to FOLLOWER at term 1 for recognizeCandidate:de3e84a3-e853-4383-b246-f081ca4ab99c
2019-09-26 19:49:21,152 [grpc-default-executor-4] INFO  impl.RoleInfo (RoleInfo.java:shutdownFollowerState(121)) - a1b44fb9-0156-41f2-85dc-787860506e71: shutdown FollowerState
2019-09-26 19:49:21,152 [grpc-default-executor-4] INFO  impl.RoleInfo (RoleInfo.java:updateAndGet(143)) - a1b44fb9-0156-41f2-85dc-787860506e71: start FollowerState
2019-09-26 19:49:21,214 [3bb49466-767f-41d7-9f84-ceb9d260798c@group-1F9A509220C0:LeaderElection9] INFO  impl.LeaderElection (LeaderElection.java:logAndReturn(56)) - 3bb49466-767f-41d7-9f84-ceb9d260798c@group-1F9A509220C0:LeaderElection9: Election REJECTED; received 2 response(s) [3bb49466-767f-41d7-9f84-ceb9d260798c<-7e99b8b2-8bc7-407b-8312-eeca40f7aa3a#0:FAIL-t1, 3bb49466-767f-41d7-9f84-ceb9d260798c<-fef13e34-0dbf-4746-817d-c78e8f7c15c3#0:FAIL-t1] and 0 exception(s); 3bb49466-767f-41d7-9f84-ceb9d260798c@group-1F9A509220C0:t1, leader=null, voted=3bb49466-767f-41d7-9f84-ceb9d260798c, raftlog=3bb49466-767f-41d7-9f84-ceb9d260798c@group-1F9A509220C0-SegmentedRaftLog:OPENED:c-1,f-1,i0, conf=-1: [7e99b8b2-8bc7-407b-8312-eeca40f7aa3a:192.168.151.109:33857, 3bb49466-767f-41d7-9f84-ceb9d260798c:192.168.151.109:39193, fef13e34-0dbf-4746-817d-c78e8f7c15c3:192.168.151.109:46084], old=null
2019-09-26 19:49:21,214 [fef13e34-0dbf-4746-817d-c78e8f7c15c3@group-1F9A509220C0:LeaderElection8] INFO  impl.LeaderElection (LeaderElection.java:logAndReturn(56)) - fef13e34-0dbf-4746-817d-c78e8f7c15c3@group-1F9A509220C0:LeaderElection8: Election REJECTED; received 2 response(s) [fef13e34-0dbf-4746-817d-c78e8f7c15c3<-7e99b8b2-8bc7-407b-8312-eeca40f7aa3a#0:FAIL-t1, fef13e34-0dbf-4746-817d-c78e8f7c15c3<-3bb49466-767f-41d7-9f84-ceb9d260798c#0:FAIL-t1] and 0 exception(s); fef13e34-0dbf-4746-817d-c78e8f7c15c3@group-1F9A509220C0:t1, leader=null, voted=fef13e34-0dbf-4746-817d-c78e8f7c15c3, raftlog=fef13e34-0dbf-4746-817d-c78e8f7c15c3@group-1F9A509220C0-SegmentedRaftLog:OPENED:c-1,f-1,i0, conf=-1: [7e99b8b2-8bc7-407b-8312-eeca40f7aa3a:192.168.151.109:33857, 3bb49466-767f-41d7-9f84-ceb9d260798c:192.168.151.109:39193, fef13e34-0dbf-4746-817d-c78e8f7c15c3:192.168.151.109:46084], old=null
2019-09-26 19:49:21,214 [3bb49466-767f-41d7-9f84-ceb9d260798c@group-1F9A509220C0:LeaderElection9] INFO  impl.RaftServerImpl (RaftServerImpl.java:setRole(174)) - 3bb49466-767f-41d7-9f84-ceb9d260798c@group-1F9A509220C0: changes role from CANDIDATE to FOLLOWER at term 1 for DISCOVERED_A_NEW_TERM
2019-09-26 19:49:21,217 [fef13e34-0dbf-4746-817d-c78e8f7c15c3@group-1F9A509220C0:LeaderElection8] INFO  impl.RaftServerImpl (RaftServerImpl.java:setRole(174)) - fef13e34-0dbf-4746-817d-c78e8f7c15c3@group-1F9A509220C0: changes role from CANDIDATE to FOLLOWER at term 1 for DISCOVERED_A_NEW_TERM
2019-09-26 19:49:21,219 [fef13e34-0dbf-4746-817d-c78e8f7c15c3@group-1F9A509220C0:LeaderElection8] INFO  impl.RoleInfo (RoleInfo.java:shutdownLeaderElection(134)) - fef13e34-0dbf-4746-817d-c78e8f7c15c3: shutdown LeaderElection
2019-09-26 19:49:21,219 [7e99b8b2-8bc7-407b-8312-eeca40f7aa3a@group-1F9A509220C0:LeaderElection12] INFO  impl.LeaderElection (LeaderElection.java:logAndReturn(56)) - 7e99b8b2-8bc7-407b-8312-eeca40f7aa3a@group-1F9A509220C0:LeaderElection12: Election REJECTED; received 2 response(s) [7e99b8b2-8bc7-407b-8312-eeca40f7aa3a<-3bb49466-767f-41d7-9f84-ceb9d260798c#0:FAIL-t1, 7e99b8b2-8bc7-407b-8312-eeca40f7aa3a<-fef13e34-0dbf-4746-817d-c78e8f7c15c3#0:FAIL-t1] and 0 exception(s); 7e99b8b2-8bc7-407b-8312-eeca40f7aa3a@group-1F9A509220C0:t1, leader=null, voted=7e99b8b2-8bc7-407b-8312-eeca40f7aa3a, raftlog=7e99b8b2-8bc7-407b-8312-eeca40f7aa3a@group-1F9A509220C0-SegmentedRaftLog:OPENED:c-1,f-1,i0, conf=-1: [7e99b8b2-8bc7-407b-8312-eeca40f7aa3a:192.168.151.109:33857, 3bb49466-767f-41d7-9f84-ceb9d260798c:192.168.151.109:39193, fef13e34-0dbf-4746-817d-c78e8f7c15c3:192.168.151.109:46084], old=null
2019-09-26 19:49:21,217 [3bb49466-767f-41d7-9f84-ceb9d260798c@group-1F9A509220C0:LeaderElection9] INFO  impl.RoleInfo (RoleInfo.java:shutdownLeaderElection(134)) - 3bb49466-767f-41d7-9f84-ceb9d260798c: shutdown LeaderElection
2019-09-26 19:49:21,223 [7e99b8b2-8bc7-407b-8312-eeca40f7aa3a@group-1F9A509220C0:LeaderElection12] INFO  impl.RaftServerImpl (RaftServerImpl.java:setRole(174)) - 7e99b8b2-8bc7-407b-8312-eeca40f7aa3a@group-1F9A509220C0: changes role from CANDIDATE to FOLLOWER at term 1 for DISCOVERED_A_NEW_TERM
2019-09-26 19:49:21,225 [fef13e34-0dbf-4746-817d-c78e8f7c15c3@group-1F9A509220C0:LeaderElection8] INFO  impl.RoleInfo (RoleInfo.java:updateAndGet(143)) - fef13e34-0dbf-4746-817d-c78e8f7c15c3: start FollowerState
2019-09-26 19:49:21,226 [3bb49466-767f-41d7-9f84-ceb9d260798c@group-1F9A509220C0:LeaderElection9] INFO  impl.RoleInfo (RoleInfo.java:updateAndGet(143)) - 3bb49466-767f-41d7-9f84-ceb9d260798c: start FollowerState
2019-09-26 19:49:21,225 [7e99b8b2-8bc7-407b-8312-eeca40f7aa3a@group-1F9A509220C0:LeaderElection12] INFO  impl.RoleInfo (RoleInfo.java:shutdownLeaderElection(134)) - 7e99b8b2-8bc7-407b-8312-eeca40f7aa3a: shutdown LeaderElection
2019-09-26 19:49:21,227 [de3e84a3-e853-4383-b246-f081ca4ab99c@group-0874AFC34C30:LeaderElection10] INFO  impl.LeaderElection (LeaderElection.java:logAndReturn(56)) - de3e84a3-e853-4383-b246-f081ca4ab99c@group-0874AFC34C30:LeaderElection10: Election PASSED; received 2 response(s) [de3e84a3-e853-4383-b246-f081ca4ab99c<-a1b44fb9-0156-41f2-85dc-787860506e71#0:OK-t1, de3e84a3-e853-4383-b246-f081ca4ab99c<-f54071e2-4d42-496d-b211-f1a59572c816#0:FAIL-t1] and 0 exception(s); de3e84a3-e853-4383-b246-f081ca4ab99c@group-0874AFC34C30:t1, leader=null, voted=de3e84a3-e853-4383-b246-f081ca4ab99c, raftlog=de3e84a3-e853-4383-b246-f081ca4ab99c@group-0874AFC34C30-SegmentedRaftLog:OPENED:c-1,f-1,i0, conf=-1: [a1b44fb9-0156-41f2-85dc-787860506e71:192.168.151.109:37541, f54071e2-4d42-496d-b211-f1a59572c816:192.168.151.109:42690, de3e84a3-e853-4383-b246-f081ca4ab99c:192.168.151.109:44287], old=null
2019-09-26 19:49:21,230 [7e99b8b2-8bc7-407b-8312-eeca40f7aa3a@group-1F9A509220C0:LeaderElection12] INFO  impl.RoleInfo (RoleInfo.java:updateAndGet(143)) - 7e99b8b2-8bc7-407b-8312-eeca40f7aa3a: start FollowerState
2019-09-26 19:49:21,230 [de3e84a3-e853-4383-b246-f081ca4ab99c@group-0874AFC34C30:LeaderElection10] INFO  impl.RoleInfo (RoleInfo.java:shutdownLeaderElection(134)) - de3e84a3-e853-4383-b246-f081ca4ab99c: shutdown LeaderElection
2019-09-26 19:49:21,234 [de3e84a3-e853-4383-b246-f081ca4ab99c@group-0874AFC34C30:LeaderElection10] INFO  impl.RaftServerImpl (RaftServerImpl.java:setRole(174)) - de3e84a3-e853-4383-b246-f081ca4ab99c@group-0874AFC34C30: changes role from CANDIDATE to LEADER at term 1 for changeToLeader
2019-09-26 19:49:21,234 [de3e84a3-e853-4383-b246-f081ca4ab99c@group-0874AFC34C30:LeaderElection10] INFO  impl.RaftServerImpl (ServerState.java:setLeader(253)) - de3e84a3-e853-4383-b246-f081ca4ab99c@group-0874AFC34C30: change Leader from null to de3e84a3-e853-4383-b246-f081ca4ab99c at term 1 for becomeLeader, leader elected after 5222ms
2019-09-26 19:49:21,234 [f54071e2-4d42-496d-b211-f1a59572c816@group-0874AFC34C30:LeaderElection11] INFO  impl.LeaderElection (LeaderElection.java:logAndReturn(56)) - f54071e2-4d42-496d-b211-f1a59572c816@group-0874AFC34C30:LeaderElection11: Election REJECTED; received 2 response(s) [f54071e2-4d42-496d-b211-f1a59572c816<-a1b44fb9-0156-41f2-85dc-787860506e71#0:FAIL-t1, f54071e2-4d42-496d-b211-f1a59572c816<-de3e84a3-e853-4383-b246-f081ca4ab99c#0:FAIL-t1] and 0 exception(s); f54071e2-4d42-496d-b211-f1a59572c816@group-0874AFC34C30:t1, leader=null, voted=f54071e2-4d42-496d-b211-f1a59572c816, raftlog=f54071e2-4d42-496d-b211-f1a59572c816@group-0874AFC34C30-SegmentedRaftLog:OPENED:c-1,f-1,i0, conf=-1: [a1b44fb9-0156-41f2-85dc-787860506e71:192.168.151.109:37541, f54071e2-4d42-496d-b211-f1a59572c816:192.168.151.109:42690, de3e84a3-e853-4383-b246-f081ca4ab99c:192.168.151.109:44287], old=null
2019-09-26 19:49:21,235 [de3e84a3-e853-4383-b246-f081ca4ab99c@group-0874AFC34C30:LeaderElection10] INFO  server.RaftServerConfigKeys (ConfUtils.java:logGet(43)) - raft.server.staging.catchup.gap = 1000 (default)
2019-09-26 19:49:21,235 [f54071e2-4d42-496d-b211-f1a59572c816@group-0874AFC34C30:LeaderElection11] INFO  impl.RaftServerImpl (RaftServerImpl.java:setRole(174)) - f54071e2-4d42-496d-b211-f1a59572c816@group-0874AFC34C30: changes role from CANDIDATE to FOLLOWER at term 1 for DISCOVERED_A_NEW_TERM
2019-09-26 19:49:21,237 [de3e84a3-e853-4383-b246-f081ca4ab99c@group-0874AFC34C30:LeaderElection10] INFO  server.RaftServerConfigKeys (ConfUtils.java:logGet(43)) - raft.server.rpc.sleep.time = 25ms (default)
2019-09-26 19:49:21,241 [f54071e2-4d42-496d-b211-f1a59572c816@group-0874AFC34C30:LeaderElection11] INFO  impl.RoleInfo (RoleInfo.java:shutdownLeaderElection(134)) - f54071e2-4d42-496d-b211-f1a59572c816: shutdown LeaderElection
2019-09-26 19:49:21,242 [de3e84a3-e853-4383-b246-f081ca4ab99c@group-0874AFC34C30:LeaderElection10] INFO  server.RaftServerConfigKeys (ConfUtils.java:logGet(43)) - raft.server.write.element-limit = 4096 (default)
2019-09-26 19:49:21,242 [f54071e2-4d42-496d-b211-f1a59572c816@group-0874AFC34C30:LeaderElection11] INFO  impl.RoleInfo (RoleInfo.java:updateAndGet(143)) - f54071e2-4d42-496d-b211-f1a59572c816: start FollowerState
2019-09-26 19:49:21,242 [de3e84a3-e853-4383-b246-f081ca4ab99c@group-0874AFC34C30:LeaderElection10] INFO  server.RaftServerConfigKeys (ConfUtils.java:logGet(43)) - raft.server.watch.timeout = 10s (default)
2019-09-26 19:49:21,242 [de3e84a3-e853-4383-b246-f081ca4ab99c@group-0874AFC34C30:LeaderElection10] INFO  server.RaftServerConfigKeys (ConfUtils.java:logGet(43)) - raft.server.watch.timeout.denomination = 1s (default)
2019-09-26 19:49:21,242 [de3e84a3-e853-4383-b246-f081ca4ab99c@group-0874AFC34C30:LeaderElection10] INFO  server.RaftServerConfigKeys (ConfUtils.java:logGet(43)) - raft.server.watch.element-limit = 65536 (default)
2019-09-26 19:49:21,247 [de3e84a3-e853-4383-b246-f081ca4ab99c@group-0874AFC34C30:LeaderElection10] INFO  server.RaftServerConfigKeys (ConfUtils.java:logGet(43)) - raft.server.log.appender.snapshot.chunk.size.max = 16MB (=16777216) (default)
2019-09-26 19:49:21,247 [de3e84a3-e853-4383-b246-f081ca4ab99c@group-0874AFC34C30:LeaderElection10] INFO  server.RaftServerConfigKeys (ConfUtils.java:logGet(43)) - raft.server.log.appender.buffer.byte-limit = 33554432 (custom)
2019-09-26 19:49:21,248 [de3e84a3-e853-4383-b246-f081ca4ab99c@group-0874AFC34C30:LeaderElection10] INFO  server.RaftServerConfigKeys (ConfUtils.java:logGet(43)) - raft.server.log.appender.buffer.element-limit = 1 (custom)
2019-09-26 19:49:21,251 [de3e84a3-e853-4383-b246-f081ca4ab99c@group-0874AFC34C30:LeaderElection10] INFO  grpc.GrpcConfigKeys$Server (ConfUtils.java:logGet(43)) - raft.grpc.server.leader.outstanding.appends.max = 128 (default)
2019-09-26 19:49:21,252 [de3e84a3-e853-4383-b246-f081ca4ab99c@group-0874AFC34C30:LeaderElection10] INFO  server.RaftServerConfigKeys (ConfUtils.java:logGet(43)) - raft.server.rpc.request.timeout = 3000ms (default)
2019-09-26 19:49:21,252 [de3e84a3-e853-4383-b246-f081ca4ab99c@group-0874AFC34C30:LeaderElection10] INFO  server.RaftServerConfigKeys (ConfUtils.java:logGet(43)) - raft.server.log.appender.install.snapshot.enabled = false (custom)
2019-09-26 19:49:21,254 [de3e84a3-e853-4383-b246-f081ca4ab99c@group-0874AFC34C30:LeaderElection10] INFO  server.RaftServerConfigKeys (ConfUtils.java:logGet(43)) - raft.server.log.appender.snapshot.chunk.size.max = 16MB (=16777216) (default)
2019-09-26 19:49:21,254 [de3e84a3-e853-4383-b246-f081ca4ab99c@group-0874AFC34C30:LeaderElection10] INFO  server.RaftServerConfigKeys (ConfUtils.java:logGet(43)) - raft.server.log.appender.buffer.byte-limit = 33554432 (custom)
2019-09-26 19:49:21,254 [de3e84a3-e853-4383-b246-f081ca4ab99c@group-0874AFC34C30:LeaderElection10] INFO  server.RaftServerConfigKeys (ConfUtils.java:logGet(43)) - raft.server.log.appender.buffer.element-limit = 1 (custom)
2019-09-26 19:49:21,254 [de3e84a3-e853-4383-b246-f081ca4ab99c@group-0874AFC34C30:LeaderElection10] INFO  grpc.GrpcConfigKeys$Server (ConfUtils.java:logGet(43)) - raft.grpc.server.leader.outstanding.appends.max = 128 (default)
2019-09-26 19:49:21,254 [de3e84a3-e853-4383-b246-f081ca4ab99c@group-0874AFC34C30:LeaderElection10] INFO  server.RaftServerConfigKeys (ConfUtils.java:logGet(43)) - raft.server.rpc.request.timeout = 3000ms (default)
2019-09-26 19:49:21,254 [de3e84a3-e853-4383-b246-f081ca4ab99c@group-0874AFC34C30:LeaderElection10] INFO  server.RaftServerConfigKeys (ConfUtils.java:logGet(43)) - raft.server.log.appender.install.snapshot.enabled = false (custom)
2019-09-26 19:49:21,257 [de3e84a3-e853-4383-b246-f081ca4ab99c@group-0874AFC34C30:LeaderElection10] INFO  impl.RoleInfo (RoleInfo.java:updateAndGet(143)) - de3e84a3-e853-4383-b246-f081ca4ab99c: start LeaderState
2019-09-26 19:49:21,257 [de3e84a3-e853-4383-b246-f081ca4ab99c@group-0874AFC34C30:LeaderElection10] INFO  segmented.SegmentedRaftLogWorker (SegmentedRaftLogWorker.java:startLogSegment(380)) - de3e84a3-e853-4383-b246-f081ca4ab99c@group-0874AFC34C30-SegmentedRaftLogWorker: Starting segment from index:0
2019-09-26 19:49:21,258 [de3e84a3-e853-4383-b246-f081ca4ab99c@group-0874AFC34C30:LeaderElection10] INFO  impl.RaftServerImpl (ServerState.java:setRaftConf(354)) - de3e84a3-e853-4383-b246-f081ca4ab99c@group-0874AFC34C30: set configuration 0: [a1b44fb9-0156-41f2-85dc-787860506e71:192.168.151.109:37541, f54071e2-4d42-496d-b211-f1a59572c816:192.168.151.109:42690, de3e84a3-e853-4383-b246-f081ca4ab99c:192.168.151.109:44287], old=null at 0
2019-09-26 19:49:21,304 [grpc-default-executor-2] INFO  impl.RaftServerImpl (ServerState.java:setLeader(253)) - f54071e2-4d42-496d-b211-f1a59572c816@group-0874AFC34C30: change Leader from null to de3e84a3-e853-4383-b246-f081ca4ab99c at term 1 for appendEntries, leader elected after 5292ms
2019-09-26 19:49:21,304 [grpc-default-executor-4] INFO  impl.RaftServerImpl (ServerState.java:setLeader(253)) - a1b44fb9-0156-41f2-85dc-787860506e71@group-0874AFC34C30: change Leader from null to de3e84a3-e853-4383-b246-f081ca4ab99c at term 1 for appendEntries, leader elected after 5291ms
2019-09-26 19:49:21,305 [de3e84a3-e853-4383-b246-f081ca4ab99c@group-0874AFC34C30-SegmentedRaftLogWorker] INFO  segmented.SegmentedRaftLogWorker (SegmentedRaftLogWorker.java:execute(569)) - de3e84a3-e853-4383-b246-f081ca4ab99c@group-0874AFC34C30-SegmentedRaftLogWorker: created new log segment /workdir/hadoop-ozone/integration-test/target/test-dir/MiniOzoneClusterImpl-d3bdf5d1-e8ca-4908-b2d0-eb43964eb91e/datanode-3/data/ratis/f66e9aac-d98a-43c0-8654-0874afc34c30/current/log_inprogress_0
2019-09-26 19:49:21,355 [grpc-default-executor-4] INFO  impl.RaftServerImpl (ServerState.java:setRaftConf(354)) - a1b44fb9-0156-41f2-85dc-787860506e71@group-0874AFC34C30: set configuration 0: [a1b44fb9-0156-41f2-85dc-787860506e71:192.168.151.109:37541, f54071e2-4d42-496d-b211-f1a59572c816:192.168.151.109:42690, de3e84a3-e853-4383-b246-f081ca4ab99c:192.168.151.109:44287], old=null at 0
2019-09-26 19:49:21,355 [grpc-default-executor-2] INFO  impl.RaftServerImpl (ServerState.java:setRaftConf(354)) - f54071e2-4d42-496d-b211-f1a59572c816@group-0874AFC34C30: set configuration 0: [a1b44fb9-0156-41f2-85dc-787860506e71:192.168.151.109:37541, f54071e2-4d42-496d-b211-f1a59572c816:192.168.151.109:42690, de3e84a3-e853-4383-b246-f081ca4ab99c:192.168.151.109:44287], old=null at 0
2019-09-26 19:49:21,355 [grpc-default-executor-4] INFO  segmented.SegmentedRaftLogWorker (SegmentedRaftLogWorker.java:startLogSegment(380)) - a1b44fb9-0156-41f2-85dc-787860506e71@group-0874AFC34C30-SegmentedRaftLogWorker: Starting segment from index:0
2019-09-26 19:49:21,356 [grpc-default-executor-2] INFO  segmented.SegmentedRaftLogWorker (SegmentedRaftLogWorker.java:startLogSegment(380)) - f54071e2-4d42-496d-b211-f1a59572c816@group-0874AFC34C30-SegmentedRaftLogWorker: Starting segment from index:0
2019-09-26 19:49:21,397 [a1b44fb9-0156-41f2-85dc-787860506e71@group-0874AFC34C30-SegmentedRaftLogWorker] INFO  segmented.SegmentedRaftLogWorker (SegmentedRaftLogWorker.java:execute(569)) - a1b44fb9-0156-41f2-85dc-787860506e71@group-0874AFC34C30-SegmentedRaftLogWorker: created new log segment /workdir/hadoop-ozone/integration-test/target/test-dir/MiniOzoneClusterImpl-d3bdf5d1-e8ca-4908-b2d0-eb43964eb91e/datanode-6/data/ratis/f66e9aac-d98a-43c0-8654-0874afc34c30/current/log_inprogress_0
2019-09-26 19:49:21,397 [f54071e2-4d42-496d-b211-f1a59572c816@group-0874AFC34C30-SegmentedRaftLogWorker] INFO  segmented.SegmentedRaftLogWorker (SegmentedRaftLogWorker.java:execute(569)) - f54071e2-4d42-496d-b211-f1a59572c816@group-0874AFC34C30-SegmentedRaftLogWorker: created new log segment /workdir/hadoop-ozone/integration-test/target/test-dir/MiniOzoneClusterImpl-d3bdf5d1-e8ca-4908-b2d0-eb43964eb91e/datanode-4/data/ratis/f66e9aac-d98a-43c0-8654-0874afc34c30/current/log_inprogress_0
2019-09-26 19:49:22,032 [main] INFO  ipc.Client (Client.java:handleConnectionFailure(948)) - Retrying connect to server: localhost/127.0.0.1:0. Already tried 5 time(s); retry policy is RetryUpToMaximumCountWithFixedSleep(maxRetries=10, sleepTime=1000 MILLISECONDS)
2019-09-26 19:49:23,034 [main] INFO  ipc.Client (Client.java:handleConnectionFailure(948)) - Retrying connect to server: localhost/127.0.0.1:0. Already tried 6 time(s); retry policy is RetryUpToMaximumCountWithFixedSleep(maxRetries=10, sleepTime=1000 MILLISECONDS)
2019-09-26 19:49:24,035 [main] INFO  ipc.Client (Client.java:handleConnectionFailure(948)) - Retrying connect to server: localhost/127.0.0.1:0. Already tried 7 time(s); retry policy is RetryUpToMaximumCountWithFixedSleep(maxRetries=10, sleepTime=1000 MILLISECONDS)
2019-09-26 19:49:25,037 [main] INFO  ipc.Client (Client.java:handleConnectionFailure(948)) - Retrying connect to server: localhost/127.0.0.1:0. Already tried 8 time(s); retry policy is RetryUpToMaximumCountWithFixedSleep(maxRetries=10, sleepTime=1000 MILLISECONDS)
2019-09-26 19:49:26,038 [main] INFO  ipc.Client (Client.java:handleConnectionFailure(948)) - Retrying connect to server: localhost/127.0.0.1:0. Already tried 9 time(s); retry policy is RetryUpToMaximumCountWithFixedSleep(maxRetries=10, sleepTime=1000 MILLISECONDS)
2019-09-26 19:49:26,281 [Thread-310] INFO  impl.FollowerState (FollowerState.java:run(106)) - fef13e34-0dbf-4746-817d-c78e8f7c15c3:group-1F9A509220C0 changes to CANDIDATE, lastRpcTime:5057, electionTimeout:5053ms
2019-09-26 19:49:26,282 [Thread-310] INFO  impl.RoleInfo (RoleInfo.java:shutdownFollowerState(121)) - fef13e34-0dbf-4746-817d-c78e8f7c15c3: shutdown FollowerState
2019-09-26 19:49:26,282 [Thread-310] INFO  impl.RaftServerImpl (RaftServerImpl.java:setRole(174)) - fef13e34-0dbf-4746-817d-c78e8f7c15c3@group-1F9A509220C0: changes role from  FOLLOWER to CANDIDATE at term 1 for changeToCandidate
2019-09-26 19:49:26,282 [Thread-310] INFO  impl.RoleInfo (RoleInfo.java:updateAndGet(143)) - fef13e34-0dbf-4746-817d-c78e8f7c15c3: start LeaderElection
2019-09-26 19:49:26,313 [fef13e34-0dbf-4746-817d-c78e8f7c15c3@group-1F9A509220C0:LeaderElection13] INFO  impl.LeaderElection (LeaderElection.java:askForVotes(182)) - fef13e34-0dbf-4746-817d-c78e8f7c15c3@group-1F9A509220C0:LeaderElection13: begin an election at term 2 for -1: [7e99b8b2-8bc7-407b-8312-eeca40f7aa3a:192.168.151.109:33857, 3bb49466-767f-41d7-9f84-ceb9d260798c:192.168.151.109:39193, fef13e34-0dbf-4746-817d-c78e8f7c15c3:192.168.151.109:46084], old=null
2019-09-26 19:49:26,322 [grpc-default-executor-2] INFO  impl.RaftServerImpl (RaftServerImpl.java:setRole(174)) - 3bb49466-767f-41d7-9f84-ceb9d260798c@group-1F9A509220C0: changes role from  FOLLOWER to FOLLOWER at term 2 for recognizeCandidate:fef13e34-0dbf-4746-817d-c78e8f7c15c3
2019-09-26 19:49:26,323 [grpc-default-executor-2] INFO  impl.RoleInfo (RoleInfo.java:shutdownFollowerState(121)) - 3bb49466-767f-41d7-9f84-ceb9d260798c: shutdown FollowerState
2019-09-26 19:49:26,325 [grpc-default-executor-2] INFO  impl.RoleInfo (RoleInfo.java:updateAndGet(143)) - 3bb49466-767f-41d7-9f84-ceb9d260798c: start FollowerState
2019-09-26 19:49:26,325 [Thread-311] INFO  impl.FollowerState (FollowerState.java:run(115)) - 3bb49466-767f-41d7-9f84-ceb9d260798c: FollowerState was interrupted: java.lang.InterruptedException: sleep interrupted
2019-09-26 19:49:26,325 [grpc-default-executor-4] INFO  impl.RaftServerImpl (RaftServerImpl.java:setRole(174)) - 7e99b8b2-8bc7-407b-8312-eeca40f7aa3a@group-1F9A509220C0: changes role from  FOLLOWER to FOLLOWER at term 2 for recognizeCandidate:fef13e34-0dbf-4746-817d-c78e8f7c15c3
2019-09-26 19:49:26,327 [grpc-default-executor-4] INFO  impl.RoleInfo (RoleInfo.java:shutdownFollowerState(121)) - 7e99b8b2-8bc7-407b-8312-eeca40f7aa3a: shutdown FollowerState
2019-09-26 19:49:26,327 [grpc-default-executor-4] INFO  impl.RoleInfo (RoleInfo.java:updateAndGet(143)) - 7e99b8b2-8bc7-407b-8312-eeca40f7aa3a: start FollowerState
2019-09-26 19:49:26,327 [Thread-312] INFO  impl.FollowerState (FollowerState.java:run(115)) - 7e99b8b2-8bc7-407b-8312-eeca40f7aa3a: FollowerState was interrupted: java.lang.InterruptedException: sleep interrupted
2019-09-26 19:49:26,346 [fef13e34-0dbf-4746-817d-c78e8f7c15c3@group-1F9A509220C0:LeaderElection13] INFO  impl.LeaderElection (LeaderElection.java:logAndReturn(56)) - fef13e34-0dbf-4746-817d-c78e8f7c15c3@group-1F9A509220C0:LeaderElection13: Election PASSED; received 1 response(s) [fef13e34-0dbf-4746-817d-c78e8f7c15c3<-7e99b8b2-8bc7-407b-8312-eeca40f7aa3a#0:OK-t2] and 0 exception(s); fef13e34-0dbf-4746-817d-c78e8f7c15c3@group-1F9A509220C0:t2, leader=null, voted=fef13e34-0dbf-4746-817d-c78e8f7c15c3, raftlog=fef13e34-0dbf-4746-817d-c78e8f7c15c3@group-1F9A509220C0-SegmentedRaftLog:OPENED:c-1,f-1,i0, conf=-1: [7e99b8b2-8bc7-407b-8312-eeca40f7aa3a:192.168.151.109:33857, 3bb49466-767f-41d7-9f84-ceb9d260798c:192.168.151.109:39193, fef13e34-0dbf-4746-817d-c78e8f7c15c3:192.168.151.109:46084], old=null
2019-09-26 19:49:26,346 [fef13e34-0dbf-4746-817d-c78e8f7c15c3@group-1F9A509220C0:LeaderElection13] INFO  impl.RoleInfo (RoleInfo.java:shutdownLeaderElection(134)) - fef13e34-0dbf-4746-817d-c78e8f7c15c3: shutdown LeaderElection
2019-09-26 19:49:26,349 [fef13e34-0dbf-4746-817d-c78e8f7c15c3@group-1F9A509220C0:LeaderElection13] INFO  impl.RaftServerImpl (RaftServerImpl.java:setRole(174)) - fef13e34-0dbf-4746-817d-c78e8f7c15c3@group-1F9A509220C0: changes role from CANDIDATE to LEADER at term 2 for changeToLeader
2019-09-26 19:49:26,351 [fef13e34-0dbf-4746-817d-c78e8f7c15c3@group-1F9A509220C0:LeaderElection13] INFO  impl.RaftServerImpl (ServerState.java:setLeader(253)) - fef13e34-0dbf-4746-817d-c78e8f7c15c3@group-1F9A509220C0: change Leader from null to fef13e34-0dbf-4746-817d-c78e8f7c15c3 at term 2 for becomeLeader, leader elected after 10434ms
2019-09-26 19:49:26,351 [fef13e34-0dbf-4746-817d-c78e8f7c15c3@group-1F9A509220C0:LeaderElection13] INFO  server.RaftServerConfigKeys (ConfUtils.java:logGet(43)) - raft.server.staging.catchup.gap = 1000 (default)
2019-09-26 19:49:26,351 [fef13e34-0dbf-4746-817d-c78e8f7c15c3@group-1F9A509220C0:LeaderElection13] INFO  server.RaftServerConfigKeys (ConfUtils.java:logGet(43)) - raft.server.rpc.sleep.time = 25ms (default)
2019-09-26 19:49:26,351 [fef13e34-0dbf-4746-817d-c78e8f7c15c3@group-1F9A509220C0:LeaderElection13] INFO  server.RaftServerConfigKeys (ConfUtils.java:logGet(43)) - raft.server.write.element-limit = 4096 (default)
2019-09-26 19:49:26,352 [fef13e34-0dbf-4746-817d-c78e8f7c15c3@group-1F9A509220C0:LeaderElection13] INFO  server.RaftServerConfigKeys (ConfUtils.java:logGet(43)) - raft.server.watch.timeout = 10s (default)
2019-09-26 19:49:26,352 [fef13e34-0dbf-4746-817d-c78e8f7c15c3@group-1F9A509220C0:LeaderElection13] INFO  server.RaftServerConfigKeys (ConfUtils.java:logGet(43)) - raft.server.watch.timeout.denomination = 1s (default)
2019-09-26 19:49:26,352 [fef13e34-0dbf-4746-817d-c78e8f7c15c3@group-1F9A509220C0:LeaderElection13] INFO  server.RaftServerConfigKeys (ConfUtils.java:logGet(43)) - raft.server.watch.element-limit = 65536 (default)
2019-09-26 19:49:26,355 [fef13e34-0dbf-4746-817d-c78e8f7c15c3@group-1F9A509220C0:LeaderElection13] INFO  server.RaftServerConfigKeys (ConfUtils.java:logGet(43)) - raft.server.log.appender.snapshot.chunk.size.max = 16MB (=16777216) (default)
2019-09-26 19:49:26,355 [fef13e34-0dbf-4746-817d-c78e8f7c15c3@group-1F9A509220C0:LeaderElection13] INFO  server.RaftServerConfigKeys (ConfUtils.java:logGet(43)) - raft.server.log.appender.buffer.byte-limit = 33554432 (custom)
2019-09-26 19:49:26,355 [fef13e34-0dbf-4746-817d-c78e8f7c15c3@group-1F9A509220C0:LeaderElection13] INFO  server.RaftServerConfigKeys (ConfUtils.java:logGet(43)) - raft.server.log.appender.buffer.element-limit = 1 (custom)
2019-09-26 19:49:26,356 [fef13e34-0dbf-4746-817d-c78e8f7c15c3@group-1F9A509220C0:LeaderElection13] INFO  grpc.GrpcConfigKeys$Server (ConfUtils.java:logGet(43)) - raft.grpc.server.leader.outstanding.appends.max = 128 (default)
2019-09-26 19:49:26,356 [fef13e34-0dbf-4746-817d-c78e8f7c15c3@group-1F9A509220C0:LeaderElection13] INFO  server.RaftServerConfigKeys (ConfUtils.java:logGet(43)) - raft.server.rpc.request.timeout = 3000ms (default)
2019-09-26 19:49:26,356 [fef13e34-0dbf-4746-817d-c78e8f7c15c3@group-1F9A509220C0:LeaderElection13] INFO  server.RaftServerConfigKeys (ConfUtils.java:logGet(43)) - raft.server.log.appender.install.snapshot.enabled = false (custom)
2019-09-26 19:49:26,357 [fef13e34-0dbf-4746-817d-c78e8f7c15c3@group-1F9A509220C0:LeaderElection13] INFO  server.RaftServerConfigKeys (ConfUtils.java:logGet(43)) - raft.server.log.appender.snapshot.chunk.size.max = 16MB (=16777216) (default)
2019-09-26 19:49:26,357 [fef13e34-0dbf-4746-817d-c78e8f7c15c3@group-1F9A509220C0:LeaderElection13] INFO  server.RaftServerConfigKeys (ConfUtils.java:logGet(43)) - raft.server.log.appender.buffer.byte-limit = 33554432 (custom)
2019-09-26 19:49:26,357 [fef13e34-0dbf-4746-817d-c78e8f7c15c3@group-1F9A509220C0:LeaderElection13] INFO  server.RaftServerConfigKeys (ConfUtils.java:logGet(43)) - raft.server.log.appender.buffer.element-limit = 1 (custom)
2019-09-26 19:49:26,357 [fef13e34-0dbf-4746-817d-c78e8f7c15c3@group-1F9A509220C0:LeaderElection13] INFO  grpc.GrpcConfigKeys$Server (ConfUtils.java:logGet(43)) - raft.grpc.server.leader.outstanding.appends.max = 128 (default)
2019-09-26 19:49:26,358 [fef13e34-0dbf-4746-817d-c78e8f7c15c3@group-1F9A509220C0:LeaderElection13] INFO  server.RaftServerConfigKeys (ConfUtils.java:logGet(43)) - raft.server.rpc.request.timeout = 3000ms (default)
2019-09-26 19:49:26,358 [fef13e34-0dbf-4746-817d-c78e8f7c15c3@group-1F9A509220C0:LeaderElection13] INFO  server.RaftServerConfigKeys (ConfUtils.java:logGet(43)) - raft.server.log.appender.install.snapshot.enabled = false (custom)
2019-09-26 19:49:26,358 [fef13e34-0dbf-4746-817d-c78e8f7c15c3@group-1F9A509220C0:LeaderElection13] INFO  impl.RoleInfo (RoleInfo.java:updateAndGet(143)) - fef13e34-0dbf-4746-817d-c78e8f7c15c3: start LeaderState
2019-09-26 19:49:26,358 [fef13e34-0dbf-4746-817d-c78e8f7c15c3@group-1F9A509220C0:LeaderElection13] INFO  segmented.SegmentedRaftLogWorker (SegmentedRaftLogWorker.java:startLogSegment(380)) - fef13e34-0dbf-4746-817d-c78e8f7c15c3@group-1F9A509220C0-SegmentedRaftLogWorker: Starting segment from index:0
2019-09-26 19:49:26,359 [fef13e34-0dbf-4746-817d-c78e8f7c15c3@group-1F9A509220C0:LeaderElection13] INFO  impl.RaftServerImpl (ServerState.java:setRaftConf(354)) - fef13e34-0dbf-4746-817d-c78e8f7c15c3@group-1F9A509220C0: set configuration 0: [7e99b8b2-8bc7-407b-8312-eeca40f7aa3a:192.168.151.109:33857, 3bb49466-767f-41d7-9f84-ceb9d260798c:192.168.151.109:39193, fef13e34-0dbf-4746-817d-c78e8f7c15c3:192.168.151.109:46084], old=null at 0
2019-09-26 19:49:26,403 [grpc-default-executor-2] INFO  impl.RaftServerImpl (ServerState.java:setLeader(253)) - 3bb49466-767f-41d7-9f84-ceb9d260798c@group-1F9A509220C0: change Leader from null to fef13e34-0dbf-4746-817d-c78e8f7c15c3 at term 2 for appendEntries, leader elected after 10488ms
2019-09-26 19:49:26,407 [fef13e34-0dbf-4746-817d-c78e8f7c15c3@group-1F9A509220C0-SegmentedRaftLogWorker] INFO  segmented.SegmentedRaftLogWorker (SegmentedRaftLogWorker.java:execute(569)) - fef13e34-0dbf-4746-817d-c78e8f7c15c3@group-1F9A509220C0-SegmentedRaftLogWorker: created new log segment /workdir/hadoop-ozone/integration-test/target/test-dir/MiniOzoneClusterImpl-d3bdf5d1-e8ca-4908-b2d0-eb43964eb91e/datanode-5/data/ratis/f2873588-7ac0-4457-bba9-1f9a509220c0/current/log_inprogress_0
2019-09-26 19:49:26,408 [grpc-default-executor-4] INFO  impl.RaftServerImpl (ServerState.java:setLeader(253)) - 7e99b8b2-8bc7-407b-8312-eeca40f7aa3a@group-1F9A509220C0: change Leader from null to fef13e34-0dbf-4746-817d-c78e8f7c15c3 at term 2 for appendEntries, leader elected after 10492ms
2019-09-26 19:49:26,418 [grpc-default-executor-4] INFO  impl.RaftServerImpl (ServerState.java:setRaftConf(354)) - 3bb49466-767f-41d7-9f84-ceb9d260798c@group-1F9A509220C0: set configuration 0: [7e99b8b2-8bc7-407b-8312-eeca40f7aa3a:192.168.151.109:33857, 3bb49466-767f-41d7-9f84-ceb9d260798c:192.168.151.109:39193, fef13e34-0dbf-4746-817d-c78e8f7c15c3:192.168.151.109:46084], old=null at 0
2019-09-26 19:49:26,418 [grpc-default-executor-4] INFO  segmented.SegmentedRaftLogWorker (SegmentedRaftLogWorker.java:startLogSegment(380)) - 3bb49466-767f-41d7-9f84-ceb9d260798c@group-1F9A509220C0-SegmentedRaftLogWorker: Starting segment from index:0
2019-09-26 19:49:26,419 [grpc-default-executor-2] INFO  impl.RaftServerImpl (ServerState.java:setRaftConf(354)) - 7e99b8b2-8bc7-407b-8312-eeca40f7aa3a@group-1F9A509220C0: set configuration 0: [7e99b8b2-8bc7-407b-8312-eeca40f7aa3a:192.168.151.109:33857, 3bb49466-767f-41d7-9f84-ceb9d260798c:192.168.151.109:39193, fef13e34-0dbf-4746-817d-c78e8f7c15c3:192.168.151.109:46084], old=null at 0
2019-09-26 19:49:26,419 [grpc-default-executor-2] INFO  segmented.SegmentedRaftLogWorker (SegmentedRaftLogWorker.java:startLogSegment(380)) - 7e99b8b2-8bc7-407b-8312-eeca40f7aa3a@group-1F9A509220C0-SegmentedRaftLogWorker: Starting segment from index:0
2019-09-26 19:49:26,460 [7e99b8b2-8bc7-407b-8312-eeca40f7aa3a@group-1F9A509220C0-SegmentedRaftLogWorker] INFO  segmented.SegmentedRaftLogWorker (SegmentedRaftLogWorker.java:execute(569)) - 7e99b8b2-8bc7-407b-8312-eeca40f7aa3a@group-1F9A509220C0-SegmentedRaftLogWorker: created new log segment /workdir/hadoop-ozone/integration-test/target/test-dir/MiniOzoneClusterImpl-d3bdf5d1-e8ca-4908-b2d0-eb43964eb91e/datanode-2/data/ratis/f2873588-7ac0-4457-bba9-1f9a509220c0/current/log_inprogress_0
2019-09-26 19:49:26,460 [3bb49466-767f-41d7-9f84-ceb9d260798c@group-1F9A509220C0-SegmentedRaftLogWorker] INFO  segmented.SegmentedRaftLogWorker (SegmentedRaftLogWorker.java:execute(569)) - 3bb49466-767f-41d7-9f84-ceb9d260798c@group-1F9A509220C0-SegmentedRaftLogWorker: created new log segment /workdir/hadoop-ozone/integration-test/target/test-dir/MiniOzoneClusterImpl-d3bdf5d1-e8ca-4908-b2d0-eb43964eb91e/datanode-0/data/ratis/f2873588-7ac0-4457-bba9-1f9a509220c0/current/log_inprogress_0
2019-09-26 19:49:27,044 [main] INFO  ipc.Client (Client.java:handleConnectionFailure(948)) - Retrying connect to server: localhost/127.0.0.1:0. Already tried 0 time(s); retry policy is RetryUpToMaximumCountWithFixedSleep(maxRetries=10, sleepTime=1000 MILLISECONDS)
2019-09-26 19:49:28,046 [main] INFO  ipc.Client (Client.java:handleConnectionFailure(948)) - Retrying connect to server: localhost/127.0.0.1:0. Already tried 1 time(s); retry policy is RetryUpToMaximumCountWithFixedSleep(maxRetries=10, sleepTime=1000 MILLISECONDS)
2019-09-26 19:49:29,048 [main] INFO  ipc.Client (Client.java:handleConnectionFailure(948)) - Retrying connect to server: localhost/127.0.0.1:0. Already tried 2 time(s); retry policy is RetryUpToMaximumCountWithFixedSleep(maxRetries=10, sleepTime=1000 MILLISECONDS)
2019-09-26 19:49:30,049 [main] INFO  ipc.Client (Client.java:handleConnectionFailure(948)) - Retrying connect to server: localhost/127.0.0.1:0. Already tried 3 time(s); retry policy is RetryUpToMaximumCountWithFixedSleep(maxRetries=10, sleepTime=1000 MILLISECONDS)
2019-09-26 19:49:31,051 [main] INFO  ipc.Client (Client.java:handleConnectionFailure(948)) - Retrying connect to server: localhost/127.0.0.1:0. Already tried 4 time(s); retry policy is RetryUpToMaximumCountWithFixedSleep(maxRetries=10, sleepTime=1000 MILLISECONDS)
2019-09-26 19:49:32,052 [main] INFO  ipc.Client (Client.java:handleConnectionFailure(948)) - Retrying connect to server: localhost/127.0.0.1:0. Already tried 5 time(s); retry policy is RetryUpToMaximumCountWithFixedSleep(maxRetries=10, sleepTime=1000 MILLISECONDS)
2019-09-26 19:49:33,053 [main] INFO  ipc.Client (Client.java:handleConnectionFailure(948)) - Retrying connect to server: localhost/127.0.0.1:0. Already tried 6 time(s); retry policy is RetryUpToMaximumCountWithFixedSleep(maxRetries=10, sleepTime=1000 MILLISECONDS)
2019-09-26 19:49:34,055 [main] INFO  ipc.Client (Client.java:handleConnectionFailure(948)) - Retrying connect to server: localhost/127.0.0.1:0. Already tried 7 time(s); retry policy is RetryUpToMaximumCountWithFixedSleep(maxRetries=10, sleepTime=1000 MILLISECONDS)
2019-09-26 19:49:35,056 [main] INFO  ipc.Client (Client.java:handleConnectionFailure(948)) - Retrying connect to server: localhost/127.0.0.1:0. Already tried 8 time(s); retry policy is RetryUpToMaximumCountWithFixedSleep(maxRetries=10, sleepTime=1000 MILLISECONDS)
2019-09-26 19:49:36,058 [main] INFO  ipc.Client (Client.java:handleConnectionFailure(948)) - Retrying connect to server: localhost/127.0.0.1:0. Already tried 9 time(s); retry policy is RetryUpToMaximumCountWithFixedSleep(maxRetries=10, sleepTime=1000 MILLISECONDS)
2019-09-26 19:49:36,060 [main] INFO  retry.RetryInvocationHandler (RetryInvocationHandler.java:log(411)) - com.google.protobuf.ServiceException: java.net.ConnectException: Your endpoint configuration is wrong; For more details see:  http://wiki.apache.org/hadoop/UnsetHostnameOrPort, while invoking $Proxy37.submitRequest over nodeId=null,nodeAddress=127.0.0.1:0 after 1 failover attempts. Trying to failover immediately.
2019-09-26 19:49:37,061 [main] INFO  ipc.Client (Client.java:handleConnectionFailure(948)) - Retrying connect to server: localhost/127.0.0.1:0. Already tried 0 time(s); retry policy is RetryUpToMaximumCountWithFixedSleep(maxRetries=10, sleepTime=1000 MILLISECONDS)
2019-09-26 19:49:38,063 [main] INFO  ipc.Client (Client.java:handleConnectionFailure(948)) - Retrying connect to server: localhost/127.0.0.1:0. Already tried 1 time(s); retry policy is RetryUpToMaximumCountWithFixedSleep(maxRetries=10, sleepTime=1000 MILLISECONDS)
2019-09-26 19:49:39,064 [main] INFO  ipc.Client (Client.java:handleConnectionFailure(948)) - Retrying connect to server: localhost/127.0.0.1:0. Already tried 2 time(s); retry policy is RetryUpToMaximumCountWithFixedSleep(maxRetries=10, sleepTime=1000 MILLISECONDS)
2019-09-26 19:49:40,065 [main] INFO  ipc.Client (Client.java:handleConnectionFailure(948)) - Retrying connect to server: localhost/127.0.0.1:0. Already tried 3 time(s); retry policy is RetryUpToMaximumCountWithFixedSleep(maxRetries=10, sleepTime=1000 MILLISECONDS)
2019-09-26 19:49:41,067 [main] INFO  ipc.Client (Client.java:handleConnectionFailure(948)) - Retrying connect to server: localhost/127.0.0.1:0. Already tried 4 time(s); retry policy is RetryUpToMaximumCountWithFixedSleep(maxRetries=10, sleepTime=1000 MILLISECONDS)
2019-09-26 19:49:42,068 [main] INFO  ipc.Client (Client.java:handleConnectionFailure(948)) - Retrying connect to server: localhost/127.0.0.1:0. Already tried 5 time(s); retry policy is RetryUpToMaximumCountWithFixedSleep(maxRetries=10, sleepTime=1000 MILLISECONDS)
2019-09-26 19:49:43,069 [main] INFO  ipc.Client (Client.java:handleConnectionFailure(948)) - Retrying connect to server: localhost/127.0.0.1:0. Already tried 6 time(s); retry policy is RetryUpToMaximumCountWithFixedSleep(maxRetries=10, sleepTime=1000 MILLISECONDS)
2019-09-26 19:49:44,071 [main] INFO  ipc.Client (Client.java:handleConnectionFailure(948)) - Retrying connect to server: localhost/127.0.0.1:0. Already tried 7 time(s); retry policy is RetryUpToMaximumCountWithFixedSleep(maxRetries=10, sleepTime=1000 MILLISECONDS)
2019-09-26 19:49:45,071 [main] INFO  ipc.Client (Client.java:handleConnectionFailure(948)) - Retrying connect to server: localhost/127.0.0.1:0. Already tried 8 time(s); retry policy is RetryUpToMaximumCountWithFixedSleep(maxRetries=10, sleepTime=1000 MILLISECONDS)
2019-09-26 19:49:46,073 [main] INFO  ipc.Client (Client.java:handleConnectionFailure(948)) - Retrying connect to server: localhost/127.0.0.1:0. Already tried 9 time(s); retry policy is RetryUpToMaximumCountWithFixedSleep(maxRetries=10, sleepTime=1000 MILLISECONDS)
2019-09-26 19:49:46,075 [main] INFO  retry.RetryInvocationHandler (RetryInvocationHandler.java:log(411)) - com.google.protobuf.ServiceException: java.net.ConnectException: Your endpoint configuration is wrong; For more details see:  http://wiki.apache.org/hadoop/UnsetHostnameOrPort, while invoking $Proxy37.submitRequest over nodeId=null,nodeAddress=127.0.0.1:0 after 2 failover attempts. Trying to failover immediately.
2019-09-26 19:49:47,076 [main] INFO  ipc.Client (Client.java:handleConnectionFailure(948)) - Retrying connect to server: localhost/127.0.0.1:0. Already tried 0 time(s); retry policy is RetryUpToMaximumCountWithFixedSleep(maxRetries=10, sleepTime=1000 MILLISECONDS)
2019-09-26 19:49:48,077 [main] INFO  ipc.Client (Client.java:handleConnectionFailure(948)) - Retrying connect to server: localhost/127.0.0.1:0. Already tried 1 time(s); retry policy is RetryUpToMaximumCountWithFixedSleep(maxRetries=10, sleepTime=1000 MILLISECONDS)
2019-09-26 19:49:49,078 [main] INFO  ipc.Client (Client.java:handleConnectionFailure(948)) - Retrying connect to server: localhost/127.0.0.1:0. Already tried 2 time(s); retry policy is RetryUpToMaximumCountWithFixedSleep(maxRetries=10, sleepTime=1000 MILLISECONDS)
2019-09-26 19:49:50,080 [main] INFO  ipc.Client (Client.java:handleConnectionFailure(948)) - Retrying connect to server: localhost/127.0.0.1:0. Already tried 3 time(s); retry policy is RetryUpToMaximumCountWithFixedSleep(maxRetries=10, sleepTime=1000 MILLISECONDS)
2019-09-26 19:49:51,081 [main] INFO  ipc.Client (Client.java:handleConnectionFailure(948)) - Retrying connect to server: localhost/127.0.0.1:0. Already tried 4 time(s); retry policy is RetryUpToMaximumCountWithFixedSleep(maxRetries=10, sleepTime=1000 MILLISECONDS)
2019-09-26 19:49:52,083 [main] INFO  ipc.Client (Client.java:handleConnectionFailure(948)) - Retrying connect to server: localhost/127.0.0.1:0. Already tried 5 time(s); retry policy is RetryUpToMaximumCountWithFixedSleep(maxRetries=10, sleepTime=1000 MILLISECONDS)
2019-09-26 19:49:53,084 [main] INFO  ipc.Client (Client.java:handleConnectionFailure(948)) - Retrying connect to server: localhost/127.0.0.1:0. Already tried 6 time(s); retry policy is RetryUpToMaximumCountWithFixedSleep(maxRetries=10, sleepTime=1000 MILLISECONDS)
2019-09-26 19:49:54,085 [main] INFO  ipc.Client (Client.java:handleConnectionFailure(948)) - Retrying connect to server: localhost/127.0.0.1:0. Already tried 7 time(s); retry policy is RetryUpToMaximumCountWithFixedSleep(maxRetries=10, sleepTime=1000 MILLISECONDS)
2019-09-26 19:49:55,087 [main] INFO  ipc.Client (Client.java:handleConnectionFailure(948)) - Retrying connect to server: localhost/127.0.0.1:0. Already tried 8 time(s); retry policy is RetryUpToMaximumCountWithFixedSleep(maxRetries=10, sleepTime=1000 MILLISECONDS)
2019-09-26 19:49:56,088 [main] INFO  ipc.Client (Client.java:handleConnectionFailure(948)) - Retrying connect to server: localhost/127.0.0.1:0. Already tried 9 time(s); retry policy is RetryUpToMaximumCountWithFixedSleep(maxRetries=10, sleepTime=1000 MILLISECONDS)
2019-09-26 19:49:56,090 [main] INFO  retry.RetryInvocationHandler (RetryInvocationHandler.java:log(411)) - com.google.protobuf.ServiceException: java.net.ConnectException: Your endpoint configuration is wrong; For more details see:  http://wiki.apache.org/hadoop/UnsetHostnameOrPort, while invoking $Proxy37.submitRequest over nodeId=null,nodeAddress=127.0.0.1:0 after 3 failover attempts. Trying to failover immediately.
2019-09-26 19:49:57,091 [main] INFO  ipc.Client (Client.java:handleConnectionFailure(948)) - Retrying connect to server: localhost/127.0.0.1:0. Already tried 0 time(s); retry policy is RetryUpToMaximumCountWithFixedSleep(maxRetries=10, sleepTime=1000 MILLISECONDS)
2019-09-26 19:49:58,092 [main] INFO  ipc.Client (Client.java:handleConnectionFailure(948)) - Retrying connect to server: localhost/127.0.0.1:0. Already tried 1 time(s); retry policy is RetryUpToMaximumCountWithFixedSleep(maxRetries=10, sleepTime=1000 MILLISECONDS)
2019-09-26 19:49:59,094 [main] INFO  ipc.Client (Client.java:handleConnectionFailure(948)) - Retrying connect to server: localhost/127.0.0.1:0. Already tried 2 time(s); retry policy is RetryUpToMaximumCountWithFixedSleep(maxRetries=10, sleepTime=1000 MILLISECONDS)
2019-09-26 19:50:00,095 [main] INFO  ipc.Client (Client.java:handleConnectionFailure(948)) - Retrying connect to server: localhost/127.0.0.1:0. Already tried 3 time(s); retry policy is RetryUpToMaximumCountWithFixedSleep(maxRetries=10, sleepTime=1000 MILLISECONDS)
2019-09-26 19:50:01,096 [main] INFO  ipc.Client (Client.java:handleConnectionFailure(948)) - Retrying connect to server: localhost/127.0.0.1:0. Already tried 4 time(s); retry policy is RetryUpToMaximumCountWithFixedSleep(maxRetries=10, sleepTime=1000 MILLISECONDS)
2019-09-26 19:50:02,098 [main] INFO  ipc.Client (Client.java:handleConnectionFailure(948)) - Retrying connect to server: localhost/127.0.0.1:0. Already tried 5 time(s); retry policy is RetryUpToMaximumCountWithFixedSleep(maxRetries=10, sleepTime=1000 MILLISECONDS)
2019-09-26 19:50:03,099 [main] INFO  ipc.Client (Client.java:handleConnectionFailure(948)) - Retrying connect to server: localhost/127.0.0.1:0. Already tried 6 time(s); retry policy is RetryUpToMaximumCountWithFixedSleep(maxRetries=10, sleepTime=1000 MILLISECONDS)
2019-09-26 19:50:04,101 [main] INFO  ipc.Client (Client.java:handleConnectionFailure(948)) - Retrying connect to server: localhost/127.0.0.1:0. Already tried 7 time(s); retry policy is RetryUpToMaximumCountWithFixedSleep(maxRetries=10, sleepTime=1000 MILLISECONDS)
2019-09-26 19:50:05,102 [main] INFO  ipc.Client (Client.java:handleConnectionFailure(948)) - Retrying connect to server: localhost/127.0.0.1:0. Already tried 8 time(s); retry policy is RetryUpToMaximumCountWithFixedSleep(maxRetries=10, sleepTime=1000 MILLISECONDS)
2019-09-26 19:50:06,103 [main] INFO  ipc.Client (Client.java:handleConnectionFailure(948)) - Retrying connect to server: localhost/127.0.0.1:0. Already tried 9 time(s); retry policy is RetryUpToMaximumCountWithFixedSleep(maxRetries=10, sleepTime=1000 MILLISECONDS)
2019-09-26 19:50:06,105 [main] INFO  retry.RetryInvocationHandler (RetryInvocationHandler.java:log(411)) - com.google.protobuf.ServiceException: java.net.ConnectException: Your endpoint configuration is wrong; For more details see:  http://wiki.apache.org/hadoop/UnsetHostnameOrPort, while invoking $Proxy37.submitRequest over nodeId=null,nodeAddress=127.0.0.1:0 after 4 failover attempts. Trying to failover immediately.
2019-09-26 19:50:07,106 [main] INFO  ipc.Client (Client.java:handleConnectionFailure(948)) - Retrying connect to server: localhost/127.0.0.1:0. Already tried 0 time(s); retry policy is RetryUpToMaximumCountWithFixedSleep(maxRetries=10, sleepTime=1000 MILLISECONDS)
2019-09-26 19:50:08,108 [main] INFO  ipc.Client (Client.java:handleConnectionFailure(948)) - Retrying connect to server: localhost/127.0.0.1:0. Already tried 1 time(s); retry policy is RetryUpToMaximumCountWithFixedSleep(maxRetries=10, sleepTime=1000 MILLISECONDS)
2019-09-26 19:50:09,109 [main] INFO  ipc.Client (Client.java:handleConnectionFailure(948)) - Retrying connect to server: localhost/127.0.0.1:0. Already tried 2 time(s); retry policy is RetryUpToMaximumCountWithFixedSleep(maxRetries=10, sleepTime=1000 MILLISECONDS)
2019-09-26 19:50:10,111 [main] INFO  ipc.Client (Client.java:handleConnectionFailure(948)) - Retrying connect to server: localhost/127.0.0.1:0. Already tried 3 time(s); retry policy is RetryUpToMaximumCountWithFixedSleep(maxRetries=10, sleepTime=1000 MILLISECONDS)
2019-09-26 19:50:11,112 [main] INFO  ipc.Client (Client.java:handleConnectionFailure(948)) - Retrying connect to server: localhost/127.0.0.1:0. Already tried 4 time(s); retry policy is RetryUpToMaximumCountWithFixedSleep(maxRetries=10, sleepTime=1000 MILLISECONDS)
2019-09-26 19:50:12,113 [main] INFO  ipc.Client (Client.java:handleConnectionFailure(948)) - Retrying connect to server: localhost/127.0.0.1:0. Already tried 5 time(s); retry policy is RetryUpToMaximumCountWithFixedSleep(maxRetries=10, sleepTime=1000 MILLISECONDS)
2019-09-26 19:50:13,114 [main] INFO  ipc.Client (Client.java:handleConnectionFailure(948)) - Retrying connect to server: localhost/127.0.0.1:0. Already tried 6 time(s); retry policy is RetryUpToMaximumCountWithFixedSleep(maxRetries=10, sleepTime=1000 MILLISECONDS)
2019-09-26 19:50:14,116 [main] INFO  ipc.Client (Client.java:handleConnectionFailure(948)) - Retrying connect to server: localhost/127.0.0.1:0. Already tried 7 time(s); retry policy is RetryUpToMaximumCountWithFixedSleep(maxRetries=10, sleepTime=1000 MILLISECONDS)
2019-09-26 19:50:15,117 [main] INFO  ipc.Client (Client.java:handleConnectionFailure(948)) - Retrying connect to server: localhost/127.0.0.1:0. Already tried 8 time(s); retry policy is RetryUpToMaximumCountWithFixedSleep(maxRetries=10, sleepTime=1000 MILLISECONDS)
2019-09-26 19:50:16,118 [main] INFO  ipc.Client (Client.java:handleConnectionFailure(948)) - Retrying connect to server: localhost/127.0.0.1:0. Already tried 9 time(s); retry policy is RetryUpToMaximumCountWithFixedSleep(maxRetries=10, sleepTime=1000 MILLISECONDS)
2019-09-26 19:50:16,120 [main] INFO  retry.RetryInvocationHandler (RetryInvocationHandler.java:log(411)) - com.google.protobuf.ServiceException: java.net.ConnectException: Your endpoint configuration is wrong; For more details see:  http://wiki.apache.org/hadoop/UnsetHostnameOrPort, while invoking $Proxy37.submitRequest over nodeId=null,nodeAddress=127.0.0.1:0 after 5 failover attempts. Trying to failover immediately.
2019-09-26 19:50:17,121 [main] INFO  ipc.Client (Client.java:handleConnectionFailure(948)) - Retrying connect to server: localhost/127.0.0.1:0. Already tried 0 time(s); retry policy is RetryUpToMaximumCountWithFixedSleep(maxRetries=10, sleepTime=1000 MILLISECONDS)
2019-09-26 19:50:18,122 [main] INFO  ipc.Client (Client.java:handleConnectionFailure(948)) - Retrying connect to server: localhost/127.0.0.1:0. Already tried 1 time(s); retry policy is RetryUpToMaximumCountWithFixedSleep(maxRetries=10, sleepTime=1000 MILLISECONDS)
2019-09-26 19:50:19,123 [main] INFO  ipc.Client (Client.java:handleConnectionFailure(948)) - Retrying connect to server: localhost/127.0.0.1:0. Already tried 2 time(s); retry policy is RetryUpToMaximumCountWithFixedSleep(maxRetries=10, sleepTime=1000 MILLISECONDS)
2019-09-26 19:50:20,124 [main] INFO  ipc.Client (Client.java:handleConnectionFailure(948)) - Retrying connect to server: localhost/127.0.0.1:0. Already tried 3 time(s); retry policy is RetryUpToMaximumCountWithFixedSleep(maxRetries=10, sleepTime=1000 MILLISECONDS)
2019-09-26 19:50:21,125 [main] INFO  ipc.Client (Client.java:handleConnectionFailure(948)) - Retrying connect to server: localhost/127.0.0.1:0. Already tried 4 time(s); retry policy is RetryUpToMaximumCountWithFixedSleep(maxRetries=10, sleepTime=1000 MILLISECONDS)
2019-09-26 19:50:22,127 [main] INFO  ipc.Client (Client.java:handleConnectionFailure(948)) - Retrying connect to server: localhost/127.0.0.1:0. Already tried 5 time(s); retry policy is RetryUpToMaximumCountWithFixedSleep(maxRetries=10, sleepTime=1000 MILLISECONDS)
2019-09-26 19:50:23,128 [main] INFO  ipc.Client (Client.java:handleConnectionFailure(948)) - Retrying connect to server: localhost/127.0.0.1:0. Already tried 6 time(s); retry policy is RetryUpToMaximumCountWithFixedSleep(maxRetries=10, sleepTime=1000 MILLISECONDS)
2019-09-26 19:50:24,129 [main] INFO  ipc.Client (Client.java:handleConnectionFailure(948)) - Retrying connect to server: localhost/127.0.0.1:0. Already tried 7 time(s); retry policy is RetryUpToMaximumCountWithFixedSleep(maxRetries=10, sleepTime=1000 MILLISECONDS)
2019-09-26 19:50:25,130 [main] INFO  ipc.Client (Client.java:handleConnectionFailure(948)) - Retrying connect to server: localhost/127.0.0.1:0. Already tried 8 time(s); retry policy is RetryUpToMaximumCountWithFixedSleep(maxRetries=10, sleepTime=1000 MILLISECONDS)
2019-09-26 19:50:26,131 [main] INFO  ipc.Client (Client.java:handleConnectionFailure(948)) - Retrying connect to server: localhost/127.0.0.1:0. Already tried 9 time(s); retry policy is RetryUpToMaximumCountWithFixedSleep(maxRetries=10, sleepTime=1000 MILLISECONDS)
2019-09-26 19:50:26,133 [main] INFO  retry.RetryInvocationHandler (RetryInvocationHandler.java:log(411)) - com.google.protobuf.ServiceException: java.net.ConnectException: Your endpoint configuration is wrong; For more details see:  http://wiki.apache.org/hadoop/UnsetHostnameOrPort, while invoking $Proxy37.submitRequest over nodeId=null,nodeAddress=127.0.0.1:0 after 6 failover attempts. Trying to failover immediately.
2019-09-26 19:50:27,134 [main] INFO  ipc.Client (Client.java:handleConnectionFailure(948)) - Retrying connect to server: localhost/127.0.0.1:0. Already tried 0 time(s); retry policy is RetryUpToMaximumCountWithFixedSleep(maxRetries=10, sleepTime=1000 MILLISECONDS)
2019-09-26 19:50:28,135 [main] INFO  ipc.Client (Client.java:handleConnectionFailure(948)) - Retrying connect to server: localhost/127.0.0.1:0. Already tried 1 time(s); retry policy is RetryUpToMaximumCountWithFixedSleep(maxRetries=10, sleepTime=1000 MILLISECONDS)
2019-09-26 19:50:29,136 [main] INFO  ipc.Client (Client.java:handleConnectionFailure(948)) - Retrying connect to server: localhost/127.0.0.1:0. Already tried 2 time(s); retry policy is RetryUpToMaximumCountWithFixedSleep(maxRetries=10, sleepTime=1000 MILLISECONDS)
2019-09-26 19:50:30,137 [main] INFO  ipc.Client (Client.java:handleConnectionFailure(948)) - Retrying connect to server: localhost/127.0.0.1:0. Already tried 3 time(s); retry policy is RetryUpToMaximumCountWithFixedSleep(maxRetries=10, sleepTime=1000 MILLISECONDS)
2019-09-26 19:50:31,139 [main] INFO  ipc.Client (Client.java:handleConnectionFailure(948)) - Retrying connect to server: localhost/127.0.0.1:0. Already tried 4 time(s); retry policy is RetryUpToMaximumCountWithFixedSleep(maxRetries=10, sleepTime=1000 MILLISECONDS)
2019-09-26 19:50:32,140 [main] INFO  ipc.Client (Client.java:handleConnectionFailure(948)) - Retrying connect to server: localhost/127.0.0.1:0. Already tried 5 time(s); retry policy is RetryUpToMaximumCountWithFixedSleep(maxRetries=10, sleepTime=1000 MILLISECONDS)
2019-09-26 19:50:33,141 [main] INFO  ipc.Client (Client.java:handleConnectionFailure(948)) - Retrying connect to server: localhost/127.0.0.1:0. Already tried 6 time(s); retry policy is RetryUpToMaximumCountWithFixedSleep(maxRetries=10, sleepTime=1000 MILLISECONDS)
2019-09-26 19:50:34,142 [main] INFO  ipc.Client (Client.java:handleConnectionFailure(948)) - Retrying connect to server: localhost/127.0.0.1:0. Already tried 7 time(s); retry policy is RetryUpToMaximumCountWithFixedSleep(maxRetries=10, sleepTime=1000 MILLISECONDS)
2019-09-26 19:50:35,143 [main] INFO  ipc.Client (Client.java:handleConnectionFailure(948)) - Retrying connect to server: localhost/127.0.0.1:0. Already tried 8 time(s); retry policy is RetryUpToMaximumCountWithFixedSleep(maxRetries=10, sleepTime=1000 MILLISECONDS)
2019-09-26 19:50:36,144 [main] INFO  ipc.Client (Client.java:handleConnectionFailure(948)) - Retrying connect to server: localhost/127.0.0.1:0. Already tried 9 time(s); retry policy is RetryUpToMaximumCountWithFixedSleep(maxRetries=10, sleepTime=1000 MILLISECONDS)
2019-09-26 19:50:36,146 [main] INFO  retry.RetryInvocationHandler (RetryInvocationHandler.java:log(411)) - com.google.protobuf.ServiceException: java.net.ConnectException: Your endpoint configuration is wrong; For more details see:  http://wiki.apache.org/hadoop/UnsetHostnameOrPort, while invoking $Proxy37.submitRequest over nodeId=null,nodeAddress=127.0.0.1:0 after 7 failover attempts. Trying to failover immediately.
2019-09-26 19:50:37,146 [main] INFO  ipc.Client (Client.java:handleConnectionFailure(948)) - Retrying connect to server: localhost/127.0.0.1:0. Already tried 0 time(s); retry policy is RetryUpToMaximumCountWithFixedSleep(maxRetries=10, sleepTime=1000 MILLISECONDS)
2019-09-26 19:50:38,148 [main] INFO  ipc.Client (Client.java:handleConnectionFailure(948)) - Retrying connect to server: localhost/127.0.0.1:0. Already tried 1 time(s); retry policy is RetryUpToMaximumCountWithFixedSleep(maxRetries=10, sleepTime=1000 MILLISECONDS)
2019-09-26 19:50:39,149 [main] INFO  ipc.Client (Client.java:handleConnectionFailure(948)) - Retrying connect to server: localhost/127.0.0.1:0. Already tried 2 time(s); retry policy is RetryUpToMaximumCountWithFixedSleep(maxRetries=10, sleepTime=1000 MILLISECONDS)
2019-09-26 19:50:40,151 [main] INFO  ipc.Client (Client.java:handleConnectionFailure(948)) - Retrying connect to server: localhost/127.0.0.1:0. Already tried 3 time(s); retry policy is RetryUpToMaximumCountWithFixedSleep(maxRetries=10, sleepTime=1000 MILLISECONDS)
2019-09-26 19:50:41,152 [main] INFO  ipc.Client (Client.java:handleConnectionFailure(948)) - Retrying connect to server: localhost/127.0.0.1:0. Already tried 4 time(s); retry policy is RetryUpToMaximumCountWithFixedSleep(maxRetries=10, sleepTime=1000 MILLISECONDS)
2019-09-26 19:50:42,153 [main] INFO  ipc.Client (Client.java:handleConnectionFailure(948)) - Retrying connect to server: localhost/127.0.0.1:0. Already tried 5 time(s); retry policy is RetryUpToMaximumCountWithFixedSleep(maxRetries=10, sleepTime=1000 MILLISECONDS)
2019-09-26 19:50:43,154 [main] INFO  ipc.Client (Client.java:handleConnectionFailure(948)) - Retrying connect to server: localhost/127.0.0.1:0. Already tried 6 time(s); retry policy is RetryUpToMaximumCountWithFixedSleep(maxRetries=10, sleepTime=1000 MILLISECONDS)
2019-09-26 19:50:44,156 [main] INFO  ipc.Client (Client.java:handleConnectionFailure(948)) - Retrying connect to server: localhost/127.0.0.1:0. Already tried 7 time(s); retry policy is RetryUpToMaximumCountWithFixedSleep(maxRetries=10, sleepTime=1000 MILLISECONDS)
2019-09-26 19:50:45,158 [main] INFO  ipc.Client (Client.java:handleConnectionFailure(948)) - Retrying connect to server: localhost/127.0.0.1:0. Already tried 8 time(s); retry policy is RetryUpToMaximumCountWithFixedSleep(maxRetries=10, sleepTime=1000 MILLISECONDS)
2019-09-26 19:50:46,159 [main] INFO  ipc.Client (Client.java:handleConnectionFailure(948)) - Retrying connect to server: localhost/127.0.0.1:0. Already tried 9 time(s); retry policy is RetryUpToMaximumCountWithFixedSleep(maxRetries=10, sleepTime=1000 MILLISECONDS)
2019-09-26 19:50:46,161 [main] INFO  retry.RetryInvocationHandler (RetryInvocationHandler.java:log(411)) - com.google.protobuf.ServiceException: java.net.ConnectException: Your endpoint configuration is wrong; For more details see:  http://wiki.apache.org/hadoop/UnsetHostnameOrPort, while invoking $Proxy37.submitRequest over nodeId=null,nodeAddress=127.0.0.1:0 after 8 failover attempts. Trying to failover immediately.
2019-09-26 19:50:47,163 [main] INFO  ipc.Client (Client.java:handleConnectionFailure(948)) - Retrying connect to server: localhost/127.0.0.1:0. Already tried 0 time(s); retry policy is RetryUpToMaximumCountWithFixedSleep(maxRetries=10, sleepTime=1000 MILLISECONDS)
2019-09-26 19:50:48,164 [main] INFO  ipc.Client (Client.java:handleConnectionFailure(948)) - Retrying connect to server: localhost/127.0.0.1:0. Already tried 1 time(s); retry policy is RetryUpToMaximumCountWithFixedSleep(maxRetries=10, sleepTime=1000 MILLISECONDS)
2019-09-26 19:50:49,165 [main] INFO  ipc.Client (Client.java:handleConnectionFailure(948)) - Retrying connect to server: localhost/127.0.0.1:0. Already tried 2 time(s); retry policy is RetryUpToMaximumCountWithFixedSleep(maxRetries=10, sleepTime=1000 MILLISECONDS)
2019-09-26 19:50:50,166 [main] INFO  ipc.Client (Client.java:handleConnectionFailure(948)) - Retrying connect to server: localhost/127.0.0.1:0. Already tried 3 time(s); retry policy is RetryUpToMaximumCountWithFixedSleep(maxRetries=10, sleepTime=1000 MILLISECONDS)
2019-09-26 19:50:51,168 [main] INFO  ipc.Client (Client.java:handleConnectionFailure(948)) - Retrying connect to server: localhost/127.0.0.1:0. Already tried 4 time(s); retry policy is RetryUpToMaximumCountWithFixedSleep(maxRetries=10, sleepTime=1000 MILLISECONDS)
2019-09-26 19:50:52,169 [main] INFO  ipc.Client (Client.java:handleConnectionFailure(948)) - Retrying connect to server: localhost/127.0.0.1:0. Already tried 5 time(s); retry policy is RetryUpToMaximumCountWithFixedSleep(maxRetries=10, sleepTime=1000 MILLISECONDS)
2019-09-26 19:50:53,170 [main] INFO  ipc.Client (Client.java:handleConnectionFailure(948)) - Retrying connect to server: localhost/127.0.0.1:0. Already tried 6 time(s); retry policy is RetryUpToMaximumCountWithFixedSleep(maxRetries=10, sleepTime=1000 MILLISECONDS)
2019-09-26 19:50:54,172 [main] INFO  ipc.Client (Client.java:handleConnectionFailure(948)) - Retrying connect to server: localhost/127.0.0.1:0. Already tried 7 time(s); retry policy is RetryUpToMaximumCountWithFixedSleep(maxRetries=10, sleepTime=1000 MILLISECONDS)
2019-09-26 19:50:55,173 [main] INFO  ipc.Client (Client.java:handleConnectionFailure(948)) - Retrying connect to server: localhost/127.0.0.1:0. Already tried 8 time(s); retry policy is RetryUpToMaximumCountWithFixedSleep(maxRetries=10, sleepTime=1000 MILLISECONDS)
2019-09-26 19:50:56,174 [main] INFO  ipc.Client (Client.java:handleConnectionFailure(948)) - Retrying connect to server: localhost/127.0.0.1:0. Already tried 9 time(s); retry policy is RetryUpToMaximumCountWithFixedSleep(maxRetries=10, sleepTime=1000 MILLISECONDS)
2019-09-26 19:50:56,176 [main] INFO  retry.RetryInvocationHandler (RetryInvocationHandler.java:log(411)) - com.google.protobuf.ServiceException: java.net.ConnectException: Your endpoint configuration is wrong; For more details see:  http://wiki.apache.org/hadoop/UnsetHostnameOrPort, while invoking $Proxy37.submitRequest over nodeId=null,nodeAddress=127.0.0.1:0 after 9 failover attempts. Trying to failover immediately.
2019-09-26 19:50:57,177 [main] INFO  ipc.Client (Client.java:handleConnectionFailure(948)) - Retrying connect to server: localhost/127.0.0.1:0. Already tried 0 time(s); retry policy is RetryUpToMaximumCountWithFixedSleep(maxRetries=10, sleepTime=1000 MILLISECONDS)
2019-09-26 19:50:58,179 [main] INFO  ipc.Client (Client.java:handleConnectionFailure(948)) - Retrying connect to server: localhost/127.0.0.1:0. Already tried 1 time(s); retry policy is RetryUpToMaximumCountWithFixedSleep(maxRetries=10, sleepTime=1000 MILLISECONDS)
2019-09-26 19:50:59,180 [main] INFO  ipc.Client (Client.java:handleConnectionFailure(948)) - Retrying connect to server: localhost/127.0.0.1:0. Already tried 2 time(s); retry policy is RetryUpToMaximumCountWithFixedSleep(maxRetries=10, sleepTime=1000 MILLISECONDS)
2019-09-26 19:51:00,182 [main] INFO  ipc.Client (Client.java:handleConnectionFailure(948)) - Retrying connect to server: localhost/127.0.0.1:0. Already tried 3 time(s); retry policy is RetryUpToMaximumCountWithFixedSleep(maxRetries=10, sleepTime=1000 MILLISECONDS)
2019-09-26 19:51:01,183 [main] INFO  ipc.Client (Client.java:handleConnectionFailure(948)) - Retrying connect to server: localhost/127.0.0.1:0. Already tried 4 time(s); retry policy is RetryUpToMaximumCountWithFixedSleep(maxRetries=10, sleepTime=1000 MILLISECONDS)
2019-09-26 19:51:02,184 [main] INFO  ipc.Client (Client.java:handleConnectionFailure(948)) - Retrying connect to server: localhost/127.0.0.1:0. Already tried 5 time(s); retry policy is RetryUpToMaximumCountWithFixedSleep(maxRetries=10, sleepTime=1000 MILLISECONDS)
2019-09-26 19:51:03,186 [main] INFO  ipc.Client (Client.java:handleConnectionFailure(948)) - Retrying connect to server: localhost/127.0.0.1:0. Already tried 6 time(s); retry policy is RetryUpToMaximumCountWithFixedSleep(maxRetries=10, sleepTime=1000 MILLISECONDS)
2019-09-26 19:51:04,187 [main] INFO  ipc.Client (Client.java:handleConnectionFailure(948)) - Retrying connect to server: localhost/127.0.0.1:0. Already tried 7 time(s); retry policy is RetryUpToMaximumCountWithFixedSleep(maxRetries=10, sleepTime=1000 MILLISECONDS)
2019-09-26 19:51:05,188 [main] INFO  ipc.Client (Client.java:handleConnectionFailure(948)) - Retrying connect to server: localhost/127.0.0.1:0. Already tried 8 time(s); retry policy is RetryUpToMaximumCountWithFixedSleep(maxRetries=10, sleepTime=1000 MILLISECONDS)
2019-09-26 19:51:06,190 [main] INFO  ipc.Client (Client.java:handleConnectionFailure(948)) - Retrying connect to server: localhost/127.0.0.1:0. Already tried 9 time(s); retry policy is RetryUpToMaximumCountWithFixedSleep(maxRetries=10, sleepTime=1000 MILLISECONDS)
2019-09-26 19:51:06,191 [main] ERROR ha.OMFailoverProxyProvider (OzoneManagerProtocolClientSideTranslatorPB.java:getRetryAction(268)) - Failed to connect to OM. Attempted 10 retries and 10 failovers
2019-09-26 19:51:06,194 [main] ERROR client.OzoneClientFactory (OzoneClientFactory.java:getClientProtocol(259)) - Couldn't create RpcClient protocol exception: 
java.net.ConnectException: Your endpoint configuration is wrong; For more details see:  http://wiki.apache.org/hadoop/UnsetHostnameOrPort
	at sun.reflect.NativeConstructorAccessorImpl.newInstance0(Native Method)
	at sun.reflect.NativeConstructorAccessorImpl.newInstance(NativeConstructorAccessorImpl.java:62)
	at sun.reflect.DelegatingConstructorAccessorImpl.newInstance(DelegatingConstructorAccessorImpl.java:45)
	at java.lang.reflect.Constructor.newInstance(Constructor.java:423)
	at org.apache.hadoop.net.NetUtils.wrapWithMessage(NetUtils.java:831)
	at org.apache.hadoop.net.NetUtils.wrapException(NetUtils.java:751)
	at org.apache.hadoop.ipc.Client.getRpcResponse(Client.java:1515)
	at org.apache.hadoop.ipc.Client.call(Client.java:1457)
	at org.apache.hadoop.ipc.Client.call(Client.java:1367)
	at org.apache.hadoop.ipc.ProtobufRpcEngine$Invoker.invoke(ProtobufRpcEngine.java:228)
	at org.apache.hadoop.ipc.ProtobufRpcEngine$Invoker.invoke(ProtobufRpcEngine.java:116)
	at com.sun.proxy.$Proxy37.submitRequest(Unknown Source)
	at sun.reflect.NativeMethodAccessorImpl.invoke0(Native Method)
	at sun.reflect.NativeMethodAccessorImpl.invoke(NativeMethodAccessorImpl.java:62)
	at sun.reflect.DelegatingMethodAccessorImpl.invoke(DelegatingMethodAccessorImpl.java:43)
	at java.lang.reflect.Method.invoke(Method.java:498)
	at org.apache.hadoop.io.retry.RetryInvocationHandler.invokeMethod(RetryInvocationHandler.java:422)
	at org.apache.hadoop.io.retry.RetryInvocationHandler$Call.invokeMethod(RetryInvocationHandler.java:165)
	at org.apache.hadoop.io.retry.RetryInvocationHandler$Call.invoke(RetryInvocationHandler.java:157)
	at org.apache.hadoop.io.retry.RetryInvocationHandler$Call.invokeOnce(RetryInvocationHandler.java:95)
	at org.apache.hadoop.io.retry.RetryInvocationHandler.invoke(RetryInvocationHandler.java:359)
	at com.sun.proxy.$Proxy37.submitRequest(Unknown Source)
	at org.apache.hadoop.ozone.om.protocolPB.OzoneManagerProtocolClientSideTranslatorPB.submitRequest(OzoneManagerProtocolClientSideTranslatorPB.java:338)
	at org.apache.hadoop.ozone.om.protocolPB.OzoneManagerProtocolClientSideTranslatorPB.getServiceInfo(OzoneManagerProtocolClientSideTranslatorPB.java:1223)
	at sun.reflect.NativeMethodAccessorImpl.invoke0(Native Method)
	at sun.reflect.NativeMethodAccessorImpl.invoke(NativeMethodAccessorImpl.java:62)
	at sun.reflect.DelegatingMethodAccessorImpl.invoke(DelegatingMethodAccessorImpl.java:43)
	at java.lang.reflect.Method.invoke(Method.java:498)
	at org.apache.hadoop.hdds.tracing.TraceAllMethod.invoke(TraceAllMethod.java:66)
	at com.sun.proxy.$Proxy38.getServiceInfo(Unknown Source)
	at org.apache.hadoop.ozone.client.rpc.RpcClient.<init>(RpcClient.java:154)
	at org.apache.hadoop.ozone.client.OzoneClientFactory.getClientProtocol(OzoneClientFactory.java:256)
	at org.apache.hadoop.ozone.client.OzoneClientFactory.getClientProtocol(OzoneClientFactory.java:239)
	at org.apache.hadoop.ozone.client.OzoneClientFactory.getClient(OzoneClientFactory.java:75)
	at org.apache.hadoop.ozone.client.rpc.TestCloseContainerHandlingByClient.init(TestCloseContainerHandlingByClient.java:97)
	at sun.reflect.NativeMethodAccessorImpl.invoke0(Native Method)
	at sun.reflect.NativeMethodAccessorImpl.invoke(NativeMethodAccessorImpl.java:62)
	at sun.reflect.DelegatingMethodAccessorImpl.invoke(DelegatingMethodAccessorImpl.java:43)
	at java.lang.reflect.Method.invoke(Method.java:498)
	at org.junit.runners.model.FrameworkMethod$1.runReflectiveCall(FrameworkMethod.java:47)
	at org.junit.internal.runners.model.ReflectiveCallable.run(ReflectiveCallable.java:12)
	at org.junit.runners.model.FrameworkMethod.invokeExplosively(FrameworkMethod.java:44)
	at org.junit.internal.runners.statements.RunBefores.evaluate(RunBefores.java:24)
	at org.junit.internal.runners.statements.RunAfters.evaluate(RunAfters.java:27)
	at org.junit.runners.ParentRunner.run(ParentRunner.java:309)
	at org.apache.maven.surefire.junit4.JUnit4Provider.execute(JUnit4Provider.java:365)
	at org.apache.maven.surefire.junit4.JUnit4Provider.executeWithRerun(JUnit4Provider.java:273)
	at org.apache.maven.surefire.junit4.JUnit4Provider.executeTestSet(JUnit4Provider.java:238)
	at org.apache.maven.surefire.junit4.JUnit4Provider.invoke(JUnit4Provider.java:159)
	at org.apache.maven.surefire.booter.ForkedBooter.invokeProviderInSameClassLoader(ForkedBooter.java:384)
	at org.apache.maven.surefire.booter.ForkedBooter.runSuitesInProcess(ForkedBooter.java:345)
	at org.apache.maven.surefire.booter.ForkedBooter.execute(ForkedBooter.java:126)
	at org.apache.maven.surefire.booter.ForkedBooter.main(ForkedBooter.java:418)
Caused by: java.net.ConnectException: Connection refused
	at sun.nio.ch.SocketChannelImpl.checkConnect(Native Method)
	at sun.nio.ch.SocketChannelImpl.finishConnect(SocketChannelImpl.java:717)
	at org.apache.hadoop.net.SocketIOWithTimeout.connect(SocketIOWithTimeout.java:206)
	at org.apache.hadoop.net.NetUtils.connect(NetUtils.java:531)
	at org.apache.hadoop.ipc.Client$Connection.setupConnection(Client.java:690)
	at org.apache.hadoop.ipc.Client$Connection.setupIOstreams(Client.java:794)
	at org.apache.hadoop.ipc.Client$Connection.access$3700(Client.java:411)
	at org.apache.hadoop.ipc.Client.getConnection(Client.java:1572)
	at org.apache.hadoop.ipc.Client.call(Client.java:1403)
	... 45 more
2019-09-26 19:51:06,197 [main] INFO  ozone.MiniOzoneClusterImpl (MiniOzoneClusterImpl.java:shutdown(314)) - Shutting down the Mini Ozone Cluster
2019-09-26 19:51:06,198 [main] INFO  ozone.MiniOzoneClusterImpl (MiniOzoneClusterImpl.java:stop(330)) - Stopping the Mini Ozone Cluster
2019-09-26 19:51:06,198 [main] INFO  ozone.MiniOzoneClusterImpl (MiniOzoneClusterImpl.java:stopOM(400)) - Stopping the OzoneManager
2019-09-26 19:51:06,198 [main] INFO  ipc.Server (Server.java:stop(3082)) - Stopping server on 45723
2019-09-26 19:51:06,214 [IPC Server listener on 45723] INFO  ipc.Server (Server.java:run(1185)) - Stopping IPC Server listener on 45723
2019-09-26 19:51:06,217 [main] INFO  ratis.OzoneManagerDoubleBuffer (OzoneManagerDoubleBuffer.java:stop(248)) - Stopping OMDoubleBuffer flush thread
2019-09-26 19:51:06,230 [IPC Server Responder] INFO  ipc.Server (Server.java:run(1319)) - Stopping IPC Server Responder
2019-09-26 19:51:06,230 [OMDoubleBufferFlushThread] INFO  ratis.OzoneManagerDoubleBuffer (OzoneManagerDoubleBuffer.java:flushTransactions(191)) - OMDoubleBuffer flush thread OMDoubleBufferFlushThread is interrupted and will exit. OMDoubleBufferFlushThread
2019-09-26 19:51:06,232 [main] INFO  utils.BackgroundService (BackgroundService.java:shutdown(148)) - Shutting down service KeyDeletingService
2019-09-26 19:51:06,238 [main] INFO  handler.ContextHandler (ContextHandler.java:doStop(910)) - Stopped o.e.j.w.WebAppContext@1cbb3d3b{/,null,UNAVAILABLE}{/ozoneManager}
2019-09-26 19:51:06,244 [main] INFO  server.AbstractConnector (AbstractConnector.java:doStop(318)) - Stopped ServerConnector@529cfee5{HTTP/1.1,[http/1.1]}{0.0.0.0:0}
2019-09-26 19:51:06,245 [main] INFO  handler.ContextHandler (ContextHandler.java:doStop(910)) - Stopped o.e.j.s.ServletContextHandler@629f066f{/static,file:///workdir/hadoop-ozone/integration-test/target/test-classes/webapps/static,UNAVAILABLE}
2019-09-26 19:51:06,245 [main] INFO  handler.ContextHandler (ContextHandler.java:doStop(910)) - Stopped o.e.j.s.ServletContextHandler@5cf8edcf{/logs,file:///workdir/hadoop-ozone/integration-test/target/log,UNAVAILABLE}
2019-09-26 19:51:06,251 [main] INFO  ozone.MiniOzoneClusterImpl (MiniOzoneClusterImpl.java:stopDatanodes(377)) - Stopping the HddsDatanodes
2019-09-26 19:51:06,277 [Datanode State Machine Thread - 0] INFO  statemachine.DatanodeStateMachine (DatanodeStateMachine.java:lambda$startDaemon$0(350)) - Ozone container server started.
2019-09-26 19:51:06,556 [Datanode State Machine Thread - 0] INFO  statemachine.DatanodeStateMachine (DatanodeStateMachine.java:lambda$startDaemon$0(350)) - Ozone container server started.
2019-09-26 19:51:08,334 [EventQueue-StaleNodeForStaleNodeHandler] INFO  node.StaleNodeHandler (StaleNodeHandler.java:onMessage(58)) - Datanode 5a86c999-3687-4e4b-b3cf-69bb9121f879{ip: 192.168.151.109, host: pr-hdds-2162-kpcbn-4093309294, networkLocation: /default-rack, certSerialId: null} moved to stale state. Finalizing its pipelines [PipelineID=f3bbc84c-cf03-46b0-9382-74cade0ea75a]
2019-09-26 19:51:08,335 [EventQueue-StaleNodeForStaleNodeHandler] INFO  pipeline.SCMPipelineManager (SCMPipelineManager.java:finalizeAndDestroyPipeline(315)) - destroying pipeline:Pipeline[ Id: f3bbc84c-cf03-46b0-9382-74cade0ea75a, Nodes: 5a86c999-3687-4e4b-b3cf-69bb9121f879{ip: 192.168.151.109, host: pr-hdds-2162-kpcbn-4093309294, networkLocation: /default-rack, certSerialId: null}, Type:RATIS, Factor:ONE, State:OPEN]
2019-09-26 19:51:08,340 [EventQueue-StaleNodeForStaleNodeHandler] INFO  pipeline.PipelineStateManager (PipelineStateManager.java:finalizePipeline(123)) - Pipeline Pipeline[ Id: f3bbc84c-cf03-46b0-9382-74cade0ea75a, Nodes: 5a86c999-3687-4e4b-b3cf-69bb9121f879{ip: 192.168.151.109, host: pr-hdds-2162-kpcbn-4093309294, networkLocation: /default-rack, certSerialId: null}, Type:RATIS, Factor:ONE, State:CLOSED] moved to CLOSED state
2019-09-26 19:51:08,634 [EventQueue-StaleNodeForStaleNodeHandler] INFO  node.StaleNodeHandler (StaleNodeHandler.java:onMessage(58)) - Datanode f54071e2-4d42-496d-b211-f1a59572c816{ip: 192.168.151.109, host: pr-hdds-2162-kpcbn-4093309294, networkLocation: /default-rack, certSerialId: null} moved to stale state. Finalizing its pipelines [PipelineID=c63c5e46-77b2-4efd-8e3e-f75e10eed782, PipelineID=f66e9aac-d98a-43c0-8654-0874afc34c30]
2019-09-26 19:51:08,635 [EventQueue-StaleNodeForStaleNodeHandler] INFO  pipeline.SCMPipelineManager (SCMPipelineManager.java:finalizeAndDestroyPipeline(315)) - destroying pipeline:Pipeline[ Id: c63c5e46-77b2-4efd-8e3e-f75e10eed782, Nodes: f54071e2-4d42-496d-b211-f1a59572c816{ip: 192.168.151.109, host: pr-hdds-2162-kpcbn-4093309294, networkLocation: /default-rack, certSerialId: null}, Type:RATIS, Factor:ONE, State:OPEN]
2019-09-26 19:51:08,635 [EventQueue-StaleNodeForStaleNodeHandler] INFO  pipeline.PipelineStateManager (PipelineStateManager.java:finalizePipeline(123)) - Pipeline Pipeline[ Id: c63c5e46-77b2-4efd-8e3e-f75e10eed782, Nodes: f54071e2-4d42-496d-b211-f1a59572c816{ip: 192.168.151.109, host: pr-hdds-2162-kpcbn-4093309294, networkLocation: /default-rack, certSerialId: null}, Type:RATIS, Factor:ONE, State:CLOSED] moved to CLOSED state
2019-09-26 19:51:08,635 [EventQueue-StaleNodeForStaleNodeHandler] INFO  pipeline.SCMPipelineManager (SCMPipelineManager.java:finalizeAndDestroyPipeline(315)) - destroying pipeline:Pipeline[ Id: f66e9aac-d98a-43c0-8654-0874afc34c30, Nodes: de3e84a3-e853-4383-b246-f081ca4ab99c{ip: 192.168.151.109, host: pr-hdds-2162-kpcbn-4093309294, networkLocation: /default-rack, certSerialId: null}a1b44fb9-0156-41f2-85dc-787860506e71{ip: 192.168.151.109, host: pr-hdds-2162-kpcbn-4093309294, networkLocation: /default-rack, certSerialId: null}f54071e2-4d42-496d-b211-f1a59572c816{ip: 192.168.151.109, host: pr-hdds-2162-kpcbn-4093309294, networkLocation: /default-rack, certSerialId: null}, Type:RATIS, Factor:THREE, State:OPEN]
2019-09-26 19:51:08,635 [EventQueue-StaleNodeForStaleNodeHandler] INFO  pipeline.PipelineStateManager (PipelineStateManager.java:finalizePipeline(123)) - Pipeline Pipeline[ Id: f66e9aac-d98a-43c0-8654-0874afc34c30, Nodes: de3e84a3-e853-4383-b246-f081ca4ab99c{ip: 192.168.151.109, host: pr-hdds-2162-kpcbn-4093309294, networkLocation: /default-rack, certSerialId: null}a1b44fb9-0156-41f2-85dc-787860506e71{ip: 192.168.151.109, host: pr-hdds-2162-kpcbn-4093309294, networkLocation: /default-rack, certSerialId: null}f54071e2-4d42-496d-b211-f1a59572c816{ip: 192.168.151.109, host: pr-hdds-2162-kpcbn-4093309294, networkLocation: /default-rack, certSerialId: null}, Type:RATIS, Factor:THREE, State:CLOSED] moved to CLOSED state
2019-09-26 19:51:11,254 [main] INFO  ozoneimpl.OzoneContainer (OzoneContainer.java:stop(231)) - Attempting to stop container services.
2019-09-26 19:51:11,254 [ForkJoinPool.commonPool-worker-0] INFO  ozoneimpl.OzoneContainer (OzoneContainer.java:stop(231)) - Attempting to stop container services.
2019-09-26 19:51:11,260 [main] INFO  impl.RaftServerProxy (RaftServerProxy.java:lambda$close$4(314)) - f54071e2-4d42-496d-b211-f1a59572c816: close
2019-09-26 19:51:11,260 [ForkJoinPool.commonPool-worker-0] INFO  impl.RaftServerProxy (RaftServerProxy.java:lambda$close$4(314)) - 5a86c999-3687-4e4b-b3cf-69bb9121f879: close
2019-09-26 19:51:11,263 [main] INFO  impl.RaftServerImpl (RaftServerImpl.java:lambda$shutdown$3(251)) - f54071e2-4d42-496d-b211-f1a59572c816@group-F75E10EED782: shutdown
2019-09-26 19:51:11,263 [ForkJoinPool.commonPool-worker-0] INFO  impl.RaftServerImpl (RaftServerImpl.java:lambda$shutdown$3(251)) - 5a86c999-3687-4e4b-b3cf-69bb9121f879@group-74CADE0EA75A: shutdown
2019-09-26 19:51:11,263 [main] INFO  util.JmxRegister (JmxRegister.java:unregister(73)) - Successfully un-registered JMX Bean with object name Ratis:service=RaftServer,group=group-F75E10EED782,id=f54071e2-4d42-496d-b211-f1a59572c816
2019-09-26 19:51:11,264 [ForkJoinPool.commonPool-worker-0] INFO  util.JmxRegister (JmxRegister.java:unregister(73)) - Successfully un-registered JMX Bean with object name Ratis:service=RaftServer,group=group-74CADE0EA75A,id=5a86c999-3687-4e4b-b3cf-69bb9121f879
2019-09-26 19:51:11,264 [main] INFO  impl.RoleInfo (RoleInfo.java:shutdownLeaderState(104)) - f54071e2-4d42-496d-b211-f1a59572c816: shutdown LeaderState
2019-09-26 19:51:11,264 [ForkJoinPool.commonPool-worker-0] INFO  impl.RoleInfo (RoleInfo.java:shutdownLeaderState(104)) - 5a86c999-3687-4e4b-b3cf-69bb9121f879: shutdown LeaderState
2019-09-26 19:51:11,265 [main] INFO  impl.PendingRequests (PendingRequests.java:sendNotLeaderResponses(202)) - f54071e2-4d42-496d-b211-f1a59572c816-PendingRequests: sendNotLeaderResponses
2019-09-26 19:51:11,265 [ForkJoinPool.commonPool-worker-0] INFO  impl.PendingRequests (PendingRequests.java:sendNotLeaderResponses(202)) - 5a86c999-3687-4e4b-b3cf-69bb9121f879-PendingRequests: sendNotLeaderResponses
2019-09-26 19:51:11,269 [main] INFO  impl.StateMachineUpdater (StateMachineUpdater.java:stopAndJoin(125)) - f54071e2-4d42-496d-b211-f1a59572c816@group-F75E10EED782-StateMachineUpdater: set stopIndex = 0
2019-09-26 19:51:11,269 [ForkJoinPool.commonPool-worker-0] INFO  impl.StateMachineUpdater (StateMachineUpdater.java:stopAndJoin(125)) - 5a86c999-3687-4e4b-b3cf-69bb9121f879@group-74CADE0EA75A-StateMachineUpdater: set stopIndex = 0
2019-09-26 19:51:11,271 [main] INFO  impl.RaftServerImpl (ServerState.java:close(385)) - f54071e2-4d42-496d-b211-f1a59572c816@group-F75E10EED782: closes. applyIndex: 0
2019-09-26 19:51:11,271 [ForkJoinPool.commonPool-worker-0] INFO  impl.RaftServerImpl (ServerState.java:close(385)) - 5a86c999-3687-4e4b-b3cf-69bb9121f879@group-74CADE0EA75A: closes. applyIndex: 0
2019-09-26 19:51:11,274 [5a86c999-3687-4e4b-b3cf-69bb9121f879@group-74CADE0EA75A-SegmentedRaftLogWorker] INFO  segmented.SegmentedRaftLogWorker (SegmentedRaftLogWorker.java:run(313)) - 5a86c999-3687-4e4b-b3cf-69bb9121f879@group-74CADE0EA75A-SegmentedRaftLogWorker was interrupted, exiting. There are 0 tasks remaining in the queue.
2019-09-26 19:51:11,274 [f54071e2-4d42-496d-b211-f1a59572c816@group-F75E10EED782-SegmentedRaftLogWorker] INFO  segmented.SegmentedRaftLogWorker (SegmentedRaftLogWorker.java:run(313)) - f54071e2-4d42-496d-b211-f1a59572c816@group-F75E10EED782-SegmentedRaftLogWorker was interrupted, exiting. There are 0 tasks remaining in the queue.
2019-09-26 19:51:11,276 [ForkJoinPool.commonPool-worker-0] INFO  segmented.SegmentedRaftLogWorker (SegmentedRaftLogWorker.java:close(228)) - 5a86c999-3687-4e4b-b3cf-69bb9121f879@group-74CADE0EA75A-SegmentedRaftLogWorker close()
2019-09-26 19:51:11,276 [main] INFO  segmented.SegmentedRaftLogWorker (SegmentedRaftLogWorker.java:close(228)) - f54071e2-4d42-496d-b211-f1a59572c816@group-F75E10EED782-SegmentedRaftLogWorker close()
2019-09-26 19:51:11,281 [main] INFO  impl.RaftServerImpl (RaftServerImpl.java:lambda$shutdown$3(251)) - f54071e2-4d42-496d-b211-f1a59572c816@group-0874AFC34C30: shutdown
2019-09-26 19:51:11,281 [main] INFO  util.JmxRegister (JmxRegister.java:unregister(73)) - Successfully un-registered JMX Bean with object name Ratis:service=RaftServer,group=group-0874AFC34C30,id=f54071e2-4d42-496d-b211-f1a59572c816
2019-09-26 19:51:11,281 [ForkJoinPool.commonPool-worker-0] INFO  server.GrpcService (GrpcService.java:closeImpl(164)) - 5a86c999-3687-4e4b-b3cf-69bb9121f879: shutdown server with port 35478 now
2019-09-26 19:51:11,281 [main] INFO  impl.RoleInfo (RoleInfo.java:shutdownFollowerState(121)) - f54071e2-4d42-496d-b211-f1a59572c816: shutdown FollowerState
2019-09-26 19:51:11,282 [main] INFO  impl.StateMachineUpdater (StateMachineUpdater.java:stopAndJoin(125)) - f54071e2-4d42-496d-b211-f1a59572c816@group-0874AFC34C30-StateMachineUpdater: set stopIndex = 0
2019-09-26 19:51:11,282 [Thread-314] INFO  impl.FollowerState (FollowerState.java:run(115)) - f54071e2-4d42-496d-b211-f1a59572c816: FollowerState was interrupted: java.lang.InterruptedException: sleep interrupted
2019-09-26 19:51:11,282 [main] INFO  impl.RaftServerImpl (ServerState.java:close(385)) - f54071e2-4d42-496d-b211-f1a59572c816@group-0874AFC34C30: closes. applyIndex: 0
2019-09-26 19:51:11,285 [f54071e2-4d42-496d-b211-f1a59572c816@group-0874AFC34C30-SegmentedRaftLogWorker] INFO  segmented.SegmentedRaftLogWorker (SegmentedRaftLogWorker.java:run(313)) - f54071e2-4d42-496d-b211-f1a59572c816@group-0874AFC34C30-SegmentedRaftLogWorker was interrupted, exiting. There are 0 tasks remaining in the queue.
2019-09-26 19:51:11,287 [main] INFO  segmented.SegmentedRaftLogWorker (SegmentedRaftLogWorker.java:close(228)) - f54071e2-4d42-496d-b211-f1a59572c816@group-0874AFC34C30-SegmentedRaftLogWorker close()
2019-09-26 19:51:11,291 [ForkJoinPool.commonPool-worker-0] INFO  server.GrpcService (GrpcService.java:closeImpl(172)) - 5a86c999-3687-4e4b-b3cf-69bb9121f879: shutdown server with port 35478 successfully
2019-09-26 19:51:11,291 [main] INFO  server.GrpcService (GrpcService.java:closeImpl(164)) - f54071e2-4d42-496d-b211-f1a59572c816: shutdown server with port 42690 now
2019-09-26 19:51:11,302 [refreshUsed-/workdir/hadoop-ozone/integration-test/target/test-dir/MiniOzoneClusterImpl-d3bdf5d1-e8ca-4908-b2d0-eb43964eb91e/datanode-1/data/containers] WARN  fs.CachingGetSpaceUsed (CachingGetSpaceUsed.java:run(183)) - Thread Interrupted waiting to refresh disk information: sleep interrupted
2019-09-26 19:51:11,308 [main] INFO  server.GrpcService (GrpcService.java:closeImpl(172)) - f54071e2-4d42-496d-b211-f1a59572c816: shutdown server with port 42690 successfully
2019-09-26 19:51:11,308 [grpc-default-executor-4] WARN  server.GrpcServerProtocolService (LogUtils.java:warn(134)) - f54071e2-4d42-496d-b211-f1a59572c816: installSnapshot onError, lastRequest: de3e84a3-e853-4383-b246-f081ca4ab99c->f54071e2-4d42-496d-b211-f1a59572c816#44-t1, previous=(t:1, i:0), leaderCommit=0, initializing? false, entries: <empty>: org.apache.ratis.thirdparty.io.grpc.StatusRuntimeException: CANCELLED: cancelled before receiving half close
2019-09-26 19:51:11,708 [grpc-default-executor-2] WARN  server.GrpcLogAppender (LogUtils.java:warn(134)) - de3e84a3-e853-4383-b246-f081ca4ab99c@group-0874AFC34C30->f54071e2-4d42-496d-b211-f1a59572c816-AppendLogResponseHandler: Failed appendEntries: org.apache.ratis.thirdparty.io.grpc.StatusRuntimeException: CANCELLED: HTTP/2 error code: CANCEL
Received Rst Stream
2019-09-26 19:51:11,713 [refreshUsed-/workdir/hadoop-ozone/integration-test/target/test-dir/MiniOzoneClusterImpl-d3bdf5d1-e8ca-4908-b2d0-eb43964eb91e/datanode-4/data/containers] WARN  fs.CachingGetSpaceUsed (CachingGetSpaceUsed.java:run(183)) - Thread Interrupted waiting to refresh disk information: sleep interrupted
2019-09-26 19:51:11,724 [grpc-default-executor-2] INFO  impl.FollowerInfo (FollowerInfo.java:lambda$new$0(51)) - de3e84a3-e853-4383-b246-f081ca4ab99c@group-0874AFC34C30->f54071e2-4d42-496d-b211-f1a59572c816: nextIndex: updateUnconditionally 1 -> 0
2019-09-26 19:51:11,738 [ForkJoinPool.commonPool-worker-0] INFO  utils.BackgroundService (BackgroundService.java:shutdown(148)) - Shutting down service BlockDeletingService
2019-09-26 19:51:11,744 [ForkJoinPool.commonPool-worker-0] INFO  statemachine.DatanodeStateMachine (DatanodeStateMachine.java:stopDaemon(395)) - Ozone container server stopped.
2019-09-26 19:51:11,750 [ForkJoinPool.commonPool-worker-0] INFO  handler.ContextHandler (ContextHandler.java:doStop(910)) - Stopped o.e.j.w.WebAppContext@58472096{/,null,UNAVAILABLE}{/hddsDatanode}
2019-09-26 19:51:11,751 [ForkJoinPool.commonPool-worker-0] INFO  server.AbstractConnector (AbstractConnector.java:doStop(318)) - Stopped ServerConnector@a92be4f{HTTP/1.1,[http/1.1]}{0.0.0.0:0}
2019-09-26 19:51:11,752 [ForkJoinPool.commonPool-worker-0] INFO  handler.ContextHandler (ContextHandler.java:doStop(910)) - Stopped o.e.j.s.ServletContextHandler@5460b754{/static,jar:file:/home/user/.m2/repository/org/apache/hadoop/hadoop-hdds-container-service/0.5.0-SNAPSHOT/hadoop-hdds-container-service-0.5.0-SNAPSHOT.jar!/webapps/static,UNAVAILABLE}
2019-09-26 19:51:11,754 [ForkJoinPool.commonPool-worker-0] INFO  handler.ContextHandler (ContextHandler.java:doStop(910)) - Stopped o.e.j.s.ServletContextHandler@620c8641{/logs,file:///workdir/hadoop-ozone/integration-test/target/log,UNAVAILABLE}
2019-09-26 19:51:11,757 [main] INFO  utils.BackgroundService (BackgroundService.java:shutdown(148)) - Shutting down service BlockDeletingService
2019-09-26 19:51:11,761 [main] INFO  statemachine.DatanodeStateMachine (DatanodeStateMachine.java:stopDaemon(395)) - Ozone container server stopped.
2019-09-26 19:51:11,762 [main] INFO  handler.ContextHandler (ContextHandler.java:doStop(910)) - Stopped o.e.j.w.WebAppContext@7b306b9f{/,null,UNAVAILABLE}{/hddsDatanode}
2019-09-26 19:51:11,763 [main] INFO  server.AbstractConnector (AbstractConnector.java:doStop(318)) - Stopped ServerConnector@142213d5{HTTP/1.1,[http/1.1]}{0.0.0.0:0}
2019-09-26 19:51:11,763 [main] INFO  handler.ContextHandler (ContextHandler.java:doStop(910)) - Stopped o.e.j.s.ServletContextHandler@1457fde{/static,jar:file:/home/user/.m2/repository/org/apache/hadoop/hadoop-hdds-container-service/0.5.0-SNAPSHOT/hadoop-hdds-container-service-0.5.0-SNAPSHOT.jar!/webapps/static,UNAVAILABLE}
2019-09-26 19:51:11,764 [main] INFO  handler.ContextHandler (ContextHandler.java:doStop(910)) - Stopped o.e.j.s.ServletContextHandler@50fb33a{/logs,file:///workdir/hadoop-ozone/integration-test/target/log,UNAVAILABLE}
2019-09-26 19:51:12,701 [Datanode State Machine Thread - 0] INFO  statemachine.DatanodeStateMachine (DatanodeStateMachine.java:lambda$startDaemon$0(350)) - Ozone container server started.
2019-09-26 19:51:12,701 [Datanode State Machine Thread - 0] INFO  statemachine.DatanodeStateMachine (DatanodeStateMachine.java:lambda$startDaemon$0(350)) - Ozone container server started.
2019-09-26 19:51:14,214 [grpc-default-executor-8] WARN  server.GrpcLogAppender (LogUtils.java:warn(134)) - de3e84a3-e853-4383-b246-f081ca4ab99c@group-0874AFC34C30->f54071e2-4d42-496d-b211-f1a59572c816-AppendLogResponseHandler: Failed appendEntries: org.apache.ratis.thirdparty.io.grpc.StatusRuntimeException: UNAVAILABLE: io exception
2019-09-26 19:51:14,217 [grpc-default-executor-8] INFO  impl.FollowerInfo (FollowerInfo.java:lambda$new$0(51)) - de3e84a3-e853-4383-b246-f081ca4ab99c@group-0874AFC34C30->f54071e2-4d42-496d-b211-f1a59572c816: nextIndex: updateUnconditionally 0 -> 0
2019-09-26 19:51:14,814 [EventQueue-StaleNodeForStaleNodeHandler] INFO  node.StaleNodeHandler (StaleNodeHandler.java:onMessage(58)) - Datanode 7e99b8b2-8bc7-407b-8312-eeca40f7aa3a{ip: 192.168.151.109, host: pr-hdds-2162-kpcbn-4093309294, networkLocation: /default-rack, certSerialId: null} moved to stale state. Finalizing its pipelines [PipelineID=f2873588-7ac0-4457-bba9-1f9a509220c0, PipelineID=2604ff5e-bf25-4080-81d6-1ab409542b44]
2019-09-26 19:51:14,814 [EventQueue-StaleNodeForStaleNodeHandler] INFO  pipeline.SCMPipelineManager (SCMPipelineManager.java:finalizeAndDestroyPipeline(315)) - destroying pipeline:Pipeline[ Id: f2873588-7ac0-4457-bba9-1f9a509220c0, Nodes: fef13e34-0dbf-4746-817d-c78e8f7c15c3{ip: 192.168.151.109, host: pr-hdds-2162-kpcbn-4093309294, networkLocation: /default-rack, certSerialId: null}7e99b8b2-8bc7-407b-8312-eeca40f7aa3a{ip: 192.168.151.109, host: pr-hdds-2162-kpcbn-4093309294, networkLocation: /default-rack, certSerialId: null}3bb49466-767f-41d7-9f84-ceb9d260798c{ip: 192.168.151.109, host: pr-hdds-2162-kpcbn-4093309294, networkLocation: /default-rack, certSerialId: null}, Type:RATIS, Factor:THREE, State:OPEN]
2019-09-26 19:51:14,815 [EventQueue-StaleNodeForStaleNodeHandler] INFO  pipeline.PipelineStateManager (PipelineStateManager.java:finalizePipeline(123)) - Pipeline Pipeline[ Id: f2873588-7ac0-4457-bba9-1f9a509220c0, Nodes: fef13e34-0dbf-4746-817d-c78e8f7c15c3{ip: 192.168.151.109, host: pr-hdds-2162-kpcbn-4093309294, networkLocation: /default-rack, certSerialId: null}7e99b8b2-8bc7-407b-8312-eeca40f7aa3a{ip: 192.168.151.109, host: pr-hdds-2162-kpcbn-4093309294, networkLocation: /default-rack, certSerialId: null}3bb49466-767f-41d7-9f84-ceb9d260798c{ip: 192.168.151.109, host: pr-hdds-2162-kpcbn-4093309294, networkLocation: /default-rack, certSerialId: null}, Type:RATIS, Factor:THREE, State:CLOSED] moved to CLOSED state
2019-09-26 19:51:14,815 [EventQueue-StaleNodeForStaleNodeHandler] INFO  pipeline.SCMPipelineManager (SCMPipelineManager.java:finalizeAndDestroyPipeline(315)) - destroying pipeline:Pipeline[ Id: 2604ff5e-bf25-4080-81d6-1ab409542b44, Nodes: 7e99b8b2-8bc7-407b-8312-eeca40f7aa3a{ip: 192.168.151.109, host: pr-hdds-2162-kpcbn-4093309294, networkLocation: /default-rack, certSerialId: null}, Type:RATIS, Factor:ONE, State:OPEN]
2019-09-26 19:51:14,816 [EventQueue-StaleNodeForStaleNodeHandler] INFO  pipeline.PipelineStateManager (PipelineStateManager.java:finalizePipeline(123)) - Pipeline Pipeline[ Id: 2604ff5e-bf25-4080-81d6-1ab409542b44, Nodes: 7e99b8b2-8bc7-407b-8312-eeca40f7aa3a{ip: 192.168.151.109, host: pr-hdds-2162-kpcbn-4093309294, networkLocation: /default-rack, certSerialId: null}, Type:RATIS, Factor:ONE, State:CLOSED] moved to CLOSED state
2019-09-26 19:51:14,816 [EventQueue-StaleNodeForStaleNodeHandler] INFO  node.StaleNodeHandler (StaleNodeHandler.java:onMessage(58)) - Datanode de3e84a3-e853-4383-b246-f081ca4ab99c{ip: 192.168.151.109, host: pr-hdds-2162-kpcbn-4093309294, networkLocation: /default-rack, certSerialId: null} moved to stale state. Finalizing its pipelines [PipelineID=3752bcd3-bd2e-4701-baa5-5bae4c8828fd, PipelineID=f66e9aac-d98a-43c0-8654-0874afc34c30]
2019-09-26 19:51:14,816 [EventQueue-StaleNodeForStaleNodeHandler] INFO  pipeline.SCMPipelineManager (SCMPipelineManager.java:finalizeAndDestroyPipeline(315)) - destroying pipeline:Pipeline[ Id: 3752bcd3-bd2e-4701-baa5-5bae4c8828fd, Nodes: de3e84a3-e853-4383-b246-f081ca4ab99c{ip: 192.168.151.109, host: pr-hdds-2162-kpcbn-4093309294, networkLocation: /default-rack, certSerialId: null}, Type:RATIS, Factor:ONE, State:OPEN]
2019-09-26 19:51:14,816 [EventQueue-StaleNodeForStaleNodeHandler] INFO  pipeline.PipelineStateManager (PipelineStateManager.java:finalizePipeline(123)) - Pipeline Pipeline[ Id: 3752bcd3-bd2e-4701-baa5-5bae4c8828fd, Nodes: de3e84a3-e853-4383-b246-f081ca4ab99c{ip: 192.168.151.109, host: pr-hdds-2162-kpcbn-4093309294, networkLocation: /default-rack, certSerialId: null}, Type:RATIS, Factor:ONE, State:CLOSED] moved to CLOSED state
2019-09-26 19:51:14,817 [EventQueue-StaleNodeForStaleNodeHandler] INFO  pipeline.SCMPipelineManager (SCMPipelineManager.java:finalizeAndDestroyPipeline(315)) - destroying pipeline:Pipeline[ Id: f66e9aac-d98a-43c0-8654-0874afc34c30, Nodes: de3e84a3-e853-4383-b246-f081ca4ab99c{ip: 192.168.151.109, host: pr-hdds-2162-kpcbn-4093309294, networkLocation: /default-rack, certSerialId: null}a1b44fb9-0156-41f2-85dc-787860506e71{ip: 192.168.151.109, host: pr-hdds-2162-kpcbn-4093309294, networkLocation: /default-rack, certSerialId: null}f54071e2-4d42-496d-b211-f1a59572c816{ip: 192.168.151.109, host: pr-hdds-2162-kpcbn-4093309294, networkLocation: /default-rack, certSerialId: null}, Type:RATIS, Factor:THREE, State:CLOSED]
2019-09-26 19:51:16,070 [grpc-default-executor-4] INFO  impl.RaftServerProxy (RaftServerProxy.java:addNew(89)) - 3bb49466-767f-41d7-9f84-ceb9d260798c: addNew group-231B217414BD:[a1b44fb9-0156-41f2-85dc-787860506e71:192.168.151.109:37541, 3bb49466-767f-41d7-9f84-ceb9d260798c:192.168.151.109:39193, fef13e34-0dbf-4746-817d-c78e8f7c15c3:192.168.151.109:46084] returns group-231B217414BD:java.util.concurrent.CompletableFuture@40c26770[Not completed]
2019-09-26 19:51:16,072 [grpc-default-executor-2] INFO  impl.RaftServerProxy (RaftServerProxy.java:addNew(89)) - fef13e34-0dbf-4746-817d-c78e8f7c15c3: addNew group-231B217414BD:[a1b44fb9-0156-41f2-85dc-787860506e71:192.168.151.109:37541, 3bb49466-767f-41d7-9f84-ceb9d260798c:192.168.151.109:39193, fef13e34-0dbf-4746-817d-c78e8f7c15c3:192.168.151.109:46084] returns group-231B217414BD:java.util.concurrent.CompletableFuture@6e948f30[Not completed]
2019-09-26 19:51:16,070 [grpc-default-executor-8] INFO  impl.RaftServerProxy (RaftServerProxy.java:addNew(89)) - a1b44fb9-0156-41f2-85dc-787860506e71: addNew group-231B217414BD:[a1b44fb9-0156-41f2-85dc-787860506e71:192.168.151.109:37541, 3bb49466-767f-41d7-9f84-ceb9d260798c:192.168.151.109:39193, fef13e34-0dbf-4746-817d-c78e8f7c15c3:192.168.151.109:46084] returns group-231B217414BD:java.util.concurrent.CompletableFuture@1a024bd1[Not completed]
2019-09-26 19:51:16,075 [pool-27-thread-1] INFO  impl.RaftServerImpl (RaftServerImpl.java:<init>(95)) - 3bb49466-767f-41d7-9f84-ceb9d260798c: new RaftServerImpl for group-231B217414BD:[a1b44fb9-0156-41f2-85dc-787860506e71:192.168.151.109:37541, 3bb49466-767f-41d7-9f84-ceb9d260798c:192.168.151.109:39193, fef13e34-0dbf-4746-817d-c78e8f7c15c3:192.168.151.109:46084] with ContainerStateMachine:uninitialized
2019-09-26 19:51:16,075 [pool-27-thread-1] INFO  server.RaftServerConfigKeys (ConfUtils.java:logGet(43)) - raft.server.rpc.timeout.min = 5s (custom)
2019-09-26 19:51:16,075 [pool-27-thread-1] INFO  server.RaftServerConfigKeys (ConfUtils.java:logGet(43)) - raft.server.rpc.timeout.max = 5200ms (custom)
2019-09-26 19:51:16,075 [pool-27-thread-1] INFO  server.RaftServerConfigKeys (ConfUtils.java:logGet(43)) - raft.server.rpcslowness.timeout = 120s (custom)
2019-09-26 19:51:16,076 [pool-27-thread-1] INFO  server.RaftServerConfigKeys (ConfUtils.java:logGet(43)) - raft.server.sleep.deviation.threshold = 300 (default)
2019-09-26 19:51:16,076 [pool-27-thread-1] INFO  server.RaftServerConfigKeys (ConfUtils.java:logGet(43)) - raft.server.log.appender.install.snapshot.enabled = false (custom)
2019-09-26 19:51:16,076 [pool-77-thread-1] INFO  impl.RaftServerImpl (RaftServerImpl.java:<init>(95)) - fef13e34-0dbf-4746-817d-c78e8f7c15c3: new RaftServerImpl for group-231B217414BD:[a1b44fb9-0156-41f2-85dc-787860506e71:192.168.151.109:37541, 3bb49466-767f-41d7-9f84-ceb9d260798c:192.168.151.109:39193, fef13e34-0dbf-4746-817d-c78e8f7c15c3:192.168.151.109:46084] with ContainerStateMachine:uninitialized
2019-09-26 19:51:16,076 [pool-27-thread-1] INFO  impl.RaftServerImpl (ServerState.java:<init>(103)) - 3bb49466-767f-41d7-9f84-ceb9d260798c@group-231B217414BD: ConfigurationManager, init=-1: [a1b44fb9-0156-41f2-85dc-787860506e71:192.168.151.109:37541, 3bb49466-767f-41d7-9f84-ceb9d260798c:192.168.151.109:39193, fef13e34-0dbf-4746-817d-c78e8f7c15c3:192.168.151.109:46084], old=null, confs=<EMPTY_MAP>
2019-09-26 19:51:16,076 [pool-77-thread-1] INFO  server.RaftServerConfigKeys (ConfUtils.java:logGet(43)) - raft.server.rpc.timeout.min = 5s (custom)
2019-09-26 19:51:16,076 [pool-77-thread-1] INFO  server.RaftServerConfigKeys (ConfUtils.java:logGet(43)) - raft.server.rpc.timeout.max = 5200ms (custom)
2019-09-26 19:51:16,076 [pool-27-thread-1] INFO  server.RaftServerConfigKeys (ConfUtils.java:logGet(43)) - raft.server.storage.dir = [/workdir/hadoop-ozone/integration-test/target/test-dir/MiniOzoneClusterImpl-d3bdf5d1-e8ca-4908-b2d0-eb43964eb91e/datanode-0/data/ratis] (custom)
2019-09-26 19:51:16,076 [pool-77-thread-1] INFO  server.RaftServerConfigKeys (ConfUtils.java:logGet(43)) - raft.server.rpcslowness.timeout = 120s (custom)
2019-09-26 19:51:16,077 [pool-77-thread-1] INFO  server.RaftServerConfigKeys (ConfUtils.java:logGet(43)) - raft.server.sleep.deviation.threshold = 300 (default)
2019-09-26 19:51:16,077 [pool-87-thread-1] INFO  impl.RaftServerImpl (RaftServerImpl.java:<init>(95)) - a1b44fb9-0156-41f2-85dc-787860506e71: new RaftServerImpl for group-231B217414BD:[a1b44fb9-0156-41f2-85dc-787860506e71:192.168.151.109:37541, 3bb49466-767f-41d7-9f84-ceb9d260798c:192.168.151.109:39193, fef13e34-0dbf-4746-817d-c78e8f7c15c3:192.168.151.109:46084] with ContainerStateMachine:uninitialized
2019-09-26 19:51:16,077 [pool-27-thread-1] INFO  storage.RaftStorageDirectory (RaftStorageDirectory.java:analyzeStorage(246)) - The storage directory /workdir/hadoop-ozone/integration-test/target/test-dir/MiniOzoneClusterImpl-d3bdf5d1-e8ca-4908-b2d0-eb43964eb91e/datanode-0/data/ratis/858ef467-749a-48b1-8ae0-231b217414bd does not exist. Creating ...
2019-09-26 19:51:16,077 [pool-77-thread-1] INFO  server.RaftServerConfigKeys (ConfUtils.java:logGet(43)) - raft.server.log.appender.install.snapshot.enabled = false (custom)
2019-09-26 19:51:16,077 [pool-87-thread-1] INFO  server.RaftServerConfigKeys (ConfUtils.java:logGet(43)) - raft.server.rpc.timeout.min = 5s (custom)
2019-09-26 19:51:16,077 [pool-77-thread-1] INFO  impl.RaftServerImpl (ServerState.java:<init>(103)) - fef13e34-0dbf-4746-817d-c78e8f7c15c3@group-231B217414BD: ConfigurationManager, init=-1: [a1b44fb9-0156-41f2-85dc-787860506e71:192.168.151.109:37541, 3bb49466-767f-41d7-9f84-ceb9d260798c:192.168.151.109:39193, fef13e34-0dbf-4746-817d-c78e8f7c15c3:192.168.151.109:46084], old=null, confs=<EMPTY_MAP>
2019-09-26 19:51:16,077 [pool-87-thread-1] INFO  server.RaftServerConfigKeys (ConfUtils.java:logGet(43)) - raft.server.rpc.timeout.max = 5200ms (custom)
2019-09-26 19:51:16,078 [pool-77-thread-1] INFO  server.RaftServerConfigKeys (ConfUtils.java:logGet(43)) - raft.server.storage.dir = [/workdir/hadoop-ozone/integration-test/target/test-dir/MiniOzoneClusterImpl-d3bdf5d1-e8ca-4908-b2d0-eb43964eb91e/datanode-5/data/ratis] (custom)
2019-09-26 19:51:16,078 [pool-87-thread-1] INFO  server.RaftServerConfigKeys (ConfUtils.java:logGet(43)) - raft.server.rpcslowness.timeout = 120s (custom)
2019-09-26 19:51:16,078 [pool-87-thread-1] INFO  server.RaftServerConfigKeys (ConfUtils.java:logGet(43)) - raft.server.sleep.deviation.threshold = 300 (default)
2019-09-26 19:51:16,078 [pool-87-thread-1] INFO  server.RaftServerConfigKeys (ConfUtils.java:logGet(43)) - raft.server.log.appender.install.snapshot.enabled = false (custom)
2019-09-26 19:51:16,078 [pool-77-thread-1] INFO  storage.RaftStorageDirectory (RaftStorageDirectory.java:analyzeStorage(246)) - The storage directory /workdir/hadoop-ozone/integration-test/target/test-dir/MiniOzoneClusterImpl-d3bdf5d1-e8ca-4908-b2d0-eb43964eb91e/datanode-5/data/ratis/858ef467-749a-48b1-8ae0-231b217414bd does not exist. Creating ...
2019-09-26 19:51:16,078 [pool-87-thread-1] INFO  impl.RaftServerImpl (ServerState.java:<init>(103)) - a1b44fb9-0156-41f2-85dc-787860506e71@group-231B217414BD: ConfigurationManager, init=-1: [a1b44fb9-0156-41f2-85dc-787860506e71:192.168.151.109:37541, 3bb49466-767f-41d7-9f84-ceb9d260798c:192.168.151.109:39193, fef13e34-0dbf-4746-817d-c78e8f7c15c3:192.168.151.109:46084], old=null, confs=<EMPTY_MAP>
2019-09-26 19:51:16,079 [pool-87-thread-1] INFO  server.RaftServerConfigKeys (ConfUtils.java:logGet(43)) - raft.server.storage.dir = [/workdir/hadoop-ozone/integration-test/target/test-dir/MiniOzoneClusterImpl-d3bdf5d1-e8ca-4908-b2d0-eb43964eb91e/datanode-6/data/ratis] (custom)
2019-09-26 19:51:16,079 [pool-87-thread-1] INFO  storage.RaftStorageDirectory (RaftStorageDirectory.java:analyzeStorage(246)) - The storage directory /workdir/hadoop-ozone/integration-test/target/test-dir/MiniOzoneClusterImpl-d3bdf5d1-e8ca-4908-b2d0-eb43964eb91e/datanode-6/data/ratis/858ef467-749a-48b1-8ae0-231b217414bd does not exist. Creating ...
2019-09-26 19:51:16,084 [pool-27-thread-1] INFO  storage.RaftStorageDirectory (RaftStorageDirectory.java:tryLock(328)) - Lock on /workdir/hadoop-ozone/integration-test/target/test-dir/MiniOzoneClusterImpl-d3bdf5d1-e8ca-4908-b2d0-eb43964eb91e/datanode-0/data/ratis/858ef467-749a-48b1-8ae0-231b217414bd/in_use.lock acquired by nodename 11889@pr-hdds-2162-kpcbn-4093309294
2019-09-26 19:51:16,084 [pool-87-thread-1] INFO  storage.RaftStorageDirectory (RaftStorageDirectory.java:tryLock(328)) - Lock on /workdir/hadoop-ozone/integration-test/target/test-dir/MiniOzoneClusterImpl-d3bdf5d1-e8ca-4908-b2d0-eb43964eb91e/datanode-6/data/ratis/858ef467-749a-48b1-8ae0-231b217414bd/in_use.lock acquired by nodename 11889@pr-hdds-2162-kpcbn-4093309294
2019-09-26 19:51:16,084 [pool-77-thread-1] INFO  storage.RaftStorageDirectory (RaftStorageDirectory.java:tryLock(328)) - Lock on /workdir/hadoop-ozone/integration-test/target/test-dir/MiniOzoneClusterImpl-d3bdf5d1-e8ca-4908-b2d0-eb43964eb91e/datanode-5/data/ratis/858ef467-749a-48b1-8ae0-231b217414bd/in_use.lock acquired by nodename 11889@pr-hdds-2162-kpcbn-4093309294
2019-09-26 19:51:16,098 [pool-87-thread-1] INFO  storage.RaftStorage (RaftStorage.java:format(72)) - Storage directory /workdir/hadoop-ozone/integration-test/target/test-dir/MiniOzoneClusterImpl-d3bdf5d1-e8ca-4908-b2d0-eb43964eb91e/datanode-6/data/ratis/858ef467-749a-48b1-8ae0-231b217414bd has been successfully formatted.
2019-09-26 19:51:16,098 [pool-27-thread-1] INFO  storage.RaftStorage (RaftStorage.java:format(72)) - Storage directory /workdir/hadoop-ozone/integration-test/target/test-dir/MiniOzoneClusterImpl-d3bdf5d1-e8ca-4908-b2d0-eb43964eb91e/datanode-0/data/ratis/858ef467-749a-48b1-8ae0-231b217414bd has been successfully formatted.
2019-09-26 19:51:16,098 [pool-77-thread-1] INFO  storage.RaftStorage (RaftStorage.java:format(72)) - Storage directory /workdir/hadoop-ozone/integration-test/target/test-dir/MiniOzoneClusterImpl-d3bdf5d1-e8ca-4908-b2d0-eb43964eb91e/datanode-5/data/ratis/858ef467-749a-48b1-8ae0-231b217414bd has been successfully formatted.
2019-09-26 19:51:16,098 [pool-87-thread-1] INFO  ratis.ContainerStateMachine (ContainerStateMachine.java:loadSnapshot(230)) - group-231B217414BD: The snapshot info is null. Setting the last applied indexto:(t:0, i:~)
2019-09-26 19:51:16,099 [pool-77-thread-1] INFO  ratis.ContainerStateMachine (ContainerStateMachine.java:loadSnapshot(230)) - group-231B217414BD: The snapshot info is null. Setting the last applied indexto:(t:0, i:~)
2019-09-26 19:51:16,099 [pool-27-thread-1] INFO  ratis.ContainerStateMachine (ContainerStateMachine.java:loadSnapshot(230)) - group-231B217414BD: The snapshot info is null. Setting the last applied indexto:(t:0, i:~)
2019-09-26 19:51:16,099 [pool-77-thread-1] INFO  server.RaftServerConfigKeys (ConfUtils.java:logGet(43)) - raft.server.notification.no-leader.timeout = 120s (custom)
2019-09-26 19:51:16,099 [pool-87-thread-1] INFO  server.RaftServerConfigKeys (ConfUtils.java:logGet(43)) - raft.server.notification.no-leader.timeout = 120s (custom)
2019-09-26 19:51:16,099 [pool-77-thread-1] INFO  server.RaftServerConfigKeys (ConfUtils.java:logGet(43)) - raft.server.log.use.memory = false (default)
2019-09-26 19:51:16,099 [pool-27-thread-1] INFO  server.RaftServerConfigKeys (ConfUtils.java:logGet(43)) - raft.server.notification.no-leader.timeout = 120s (custom)
2019-09-26 19:51:16,100 [pool-77-thread-1] INFO  server.RaftServerConfigKeys (ConfUtils.java:logGet(43)) - raft.server.log.purge.gap = 1000000 (custom)
2019-09-26 19:51:16,099 [pool-87-thread-1] INFO  server.RaftServerConfigKeys (ConfUtils.java:logGet(43)) - raft.server.log.use.memory = false (default)
2019-09-26 19:51:16,100 [pool-77-thread-1] INFO  server.RaftServerConfigKeys (ConfUtils.java:logGet(43)) - raft.server.log.appender.buffer.byte-limit = 33554432 (custom)
2019-09-26 19:51:16,100 [pool-27-thread-1] INFO  server.RaftServerConfigKeys (ConfUtils.java:logGet(43)) - raft.server.log.use.memory = false (default)
2019-09-26 19:51:16,100 [pool-77-thread-1] INFO  server.RaftServerConfigKeys (ConfUtils.java:logGet(43)) - raft.server.log.segment.size.max = 1048576 (custom)
2019-09-26 19:51:16,100 [pool-87-thread-1] INFO  server.RaftServerConfigKeys (ConfUtils.java:logGet(43)) - raft.server.log.purge.gap = 1000000 (custom)
2019-09-26 19:51:16,100 [pool-77-thread-1] INFO  server.RaftServerConfigKeys (ConfUtils.java:logGet(43)) - raft.server.log.segment.cache.num.max = 2 (custom)
2019-09-26 19:51:16,100 [pool-27-thread-1] INFO  server.RaftServerConfigKeys (ConfUtils.java:logGet(43)) - raft.server.log.purge.gap = 1000000 (custom)
2019-09-26 19:51:16,101 [pool-77-thread-1] INFO  segmented.SegmentedRaftLogWorker (SegmentedRaftLogWorker.java:<init>(172)) - new fef13e34-0dbf-4746-817d-c78e8f7c15c3@group-231B217414BD-SegmentedRaftLogWorker for RaftStorage:Storage Directory /workdir/hadoop-ozone/integration-test/target/test-dir/MiniOzoneClusterImpl-d3bdf5d1-e8ca-4908-b2d0-eb43964eb91e/datanode-5/data/ratis/858ef467-749a-48b1-8ae0-231b217414bd
2019-09-26 19:51:16,101 [pool-77-thread-1] INFO  server.RaftServerConfigKeys (ConfUtils.java:logGet(43)) - raft.server.log.queue.byte-limit = 2147483647 (custom)
2019-09-26 19:51:16,101 [pool-87-thread-1] INFO  server.RaftServerConfigKeys (ConfUtils.java:logGet(43)) - raft.server.log.appender.buffer.byte-limit = 33554432 (custom)
2019-09-26 19:51:16,101 [pool-77-thread-1] INFO  server.RaftServerConfigKeys (ConfUtils.java:logGet(43)) - raft.server.log.queue.element-limit = 1024 (custom)
2019-09-26 19:51:16,101 [pool-27-thread-1] INFO  server.RaftServerConfigKeys (ConfUtils.java:logGet(43)) - raft.server.log.appender.buffer.byte-limit = 33554432 (custom)
2019-09-26 19:51:16,102 [pool-77-thread-1] INFO  server.RaftServerConfigKeys (ConfUtils.java:logGet(43)) - raft.server.log.segment.size.max = 1048576 (custom)
2019-09-26 19:51:16,102 [pool-77-thread-1] INFO  server.RaftServerConfigKeys (ConfUtils.java:logGet(43)) - raft.server.log.preallocated.size = 16384 (custom)
2019-09-26 19:51:16,102 [pool-77-thread-1] INFO  server.RaftServerConfigKeys (ConfUtils.java:logGet(43)) - raft.server.log.write.buffer.size = 33554432 (custom)
2019-09-26 19:51:16,102 [pool-77-thread-1] INFO  server.RaftServerConfigKeys (ConfUtils.java:logGet(43)) - raft.server.log.force.sync.num = 128 (default)
2019-09-26 19:51:16,103 [pool-77-thread-1] INFO  server.RaftServerConfigKeys (ConfUtils.java:logGet(43)) - raft.server.log.statemachine.data.sync = true (default)
2019-09-26 19:51:16,103 [pool-77-thread-1] INFO  server.RaftServerConfigKeys (ConfUtils.java:logGet(43)) - raft.server.log.statemachine.data.sync.timeout = 10s (default)
2019-09-26 19:51:16,103 [pool-77-thread-1] INFO  server.RaftServerConfigKeys (ConfUtils.java:logGet(43)) - raft.server.log.statemachine.data.sync.timeout.retry = -1 (default)
2019-09-26 19:51:16,103 [pool-77-thread-1] INFO  server.RaftServerConfigKeys (ConfUtils.java:logGet(43)) - raft.server.log.statemachine.data.caching.enabled = true (custom)
2019-09-26 19:51:16,104 [pool-77-thread-1] INFO  segmented.SegmentedRaftLogWorker (SegmentedRaftLogWorker.java:lambda$new$0(132)) - fef13e34-0dbf-4746-817d-c78e8f7c15c3@group-231B217414BD-SegmentedRaftLogWorker: flushIndex: setUnconditionally 0 -> -1
2019-09-26 19:51:16,104 [pool-77-thread-1] INFO  server.RaftServerConfigKeys (ConfUtils.java:logGet(43)) - raft.server.snapshot.auto.trigger.enabled = true (custom)
2019-09-26 19:51:16,105 [pool-77-thread-1] INFO  server.RaftServerConfigKeys (ConfUtils.java:logGet(43)) - raft.server.snapshot.auto.trigger.threshold = 10000 (custom)
2019-09-26 19:51:16,105 [pool-77-thread-1] INFO  server.RaftServerConfigKeys (ConfUtils.java:logGet(43)) - raft.server.snapshot.retention.num.files = 5 (custom)
2019-09-26 19:51:16,105 [pool-77-thread-1] INFO  server.RaftServerConfigKeys (ConfUtils.java:logGet(43)) - raft.server.retrycache.expirytime = 600000ms (custom)
2019-09-26 19:51:16,102 [pool-87-thread-1] INFO  server.RaftServerConfigKeys (ConfUtils.java:logGet(43)) - raft.server.log.segment.size.max = 1048576 (custom)
2019-09-26 19:51:16,102 [pool-27-thread-1] INFO  server.RaftServerConfigKeys (ConfUtils.java:logGet(43)) - raft.server.log.segment.size.max = 1048576 (custom)
2019-09-26 19:51:16,106 [pool-87-thread-1] INFO  server.RaftServerConfigKeys (ConfUtils.java:logGet(43)) - raft.server.log.segment.cache.num.max = 2 (custom)
2019-09-26 19:51:16,106 [pool-27-thread-1] INFO  server.RaftServerConfigKeys (ConfUtils.java:logGet(43)) - raft.server.log.segment.cache.num.max = 2 (custom)
2019-09-26 19:51:16,107 [pool-87-thread-1] INFO  segmented.SegmentedRaftLogWorker (SegmentedRaftLogWorker.java:<init>(172)) - new a1b44fb9-0156-41f2-85dc-787860506e71@group-231B217414BD-SegmentedRaftLogWorker for RaftStorage:Storage Directory /workdir/hadoop-ozone/integration-test/target/test-dir/MiniOzoneClusterImpl-d3bdf5d1-e8ca-4908-b2d0-eb43964eb91e/datanode-6/data/ratis/858ef467-749a-48b1-8ae0-231b217414bd
2019-09-26 19:51:16,107 [pool-27-thread-1] INFO  segmented.SegmentedRaftLogWorker (SegmentedRaftLogWorker.java:<init>(172)) - new 3bb49466-767f-41d7-9f84-ceb9d260798c@group-231B217414BD-SegmentedRaftLogWorker for RaftStorage:Storage Directory /workdir/hadoop-ozone/integration-test/target/test-dir/MiniOzoneClusterImpl-d3bdf5d1-e8ca-4908-b2d0-eb43964eb91e/datanode-0/data/ratis/858ef467-749a-48b1-8ae0-231b217414bd
2019-09-26 19:51:16,107 [pool-87-thread-1] INFO  server.RaftServerConfigKeys (ConfUtils.java:logGet(43)) - raft.server.log.queue.byte-limit = 2147483647 (custom)
2019-09-26 19:51:16,107 [pool-27-thread-1] INFO  server.RaftServerConfigKeys (ConfUtils.java:logGet(43)) - raft.server.log.queue.byte-limit = 2147483647 (custom)
2019-09-26 19:51:16,108 [pool-87-thread-1] INFO  server.RaftServerConfigKeys (ConfUtils.java:logGet(43)) - raft.server.log.queue.element-limit = 1024 (custom)
2019-09-26 19:51:16,108 [pool-27-thread-1] INFO  server.RaftServerConfigKeys (ConfUtils.java:logGet(43)) - raft.server.log.queue.element-limit = 1024 (custom)
2019-09-26 19:51:16,108 [pool-87-thread-1] INFO  server.RaftServerConfigKeys (ConfUtils.java:logGet(43)) - raft.server.log.segment.size.max = 1048576 (custom)
2019-09-26 19:51:16,108 [pool-27-thread-1] INFO  server.RaftServerConfigKeys (ConfUtils.java:logGet(43)) - raft.server.log.segment.size.max = 1048576 (custom)
2019-09-26 19:51:16,108 [pool-87-thread-1] INFO  server.RaftServerConfigKeys (ConfUtils.java:logGet(43)) - raft.server.log.preallocated.size = 16384 (custom)
2019-09-26 19:51:16,109 [pool-77-thread-1] INFO  impl.RaftServerImpl (RaftServerImpl.java:start(185)) - fef13e34-0dbf-4746-817d-c78e8f7c15c3@group-231B217414BD: start as a follower, conf=-1: [a1b44fb9-0156-41f2-85dc-787860506e71:192.168.151.109:37541, 3bb49466-767f-41d7-9f84-ceb9d260798c:192.168.151.109:39193, fef13e34-0dbf-4746-817d-c78e8f7c15c3:192.168.151.109:46084], old=null
2019-09-26 19:51:16,109 [pool-27-thread-1] INFO  server.RaftServerConfigKeys (ConfUtils.java:logGet(43)) - raft.server.log.preallocated.size = 16384 (custom)
2019-09-26 19:51:16,109 [pool-77-thread-1] INFO  impl.RaftServerImpl (RaftServerImpl.java:setRole(174)) - fef13e34-0dbf-4746-817d-c78e8f7c15c3@group-231B217414BD: changes role from      null to FOLLOWER at term 0 for startAsFollower
2019-09-26 19:51:16,109 [pool-87-thread-1] INFO  server.RaftServerConfigKeys (ConfUtils.java:logGet(43)) - raft.server.log.write.buffer.size = 33554432 (custom)
2019-09-26 19:51:16,109 [pool-77-thread-1] INFO  impl.RoleInfo (RoleInfo.java:updateAndGet(143)) - fef13e34-0dbf-4746-817d-c78e8f7c15c3: start FollowerState
2019-09-26 19:51:16,109 [pool-27-thread-1] INFO  server.RaftServerConfigKeys (ConfUtils.java:logGet(43)) - raft.server.log.write.buffer.size = 33554432 (custom)
2019-09-26 19:51:16,109 [pool-87-thread-1] INFO  server.RaftServerConfigKeys (ConfUtils.java:logGet(43)) - raft.server.log.force.sync.num = 128 (default)
2019-09-26 19:51:16,110 [pool-27-thread-1] INFO  server.RaftServerConfigKeys (ConfUtils.java:logGet(43)) - raft.server.log.force.sync.num = 128 (default)
2019-09-26 19:51:16,110 [pool-77-thread-1] INFO  util.JmxRegister (JmxRegister.java:tryRegister(44)) - Successfully registered JMX Bean with object name Ratis:service=RaftServer,group=group-231B217414BD,id=fef13e34-0dbf-4746-817d-c78e8f7c15c3
2019-09-26 19:51:16,110 [pool-87-thread-1] INFO  server.RaftServerConfigKeys (ConfUtils.java:logGet(43)) - raft.server.log.statemachine.data.sync = true (default)
2019-09-26 19:51:16,110 [pool-27-thread-1] INFO  server.RaftServerConfigKeys (ConfUtils.java:logGet(43)) - raft.server.log.statemachine.data.sync = true (default)
2019-09-26 19:51:16,111 [pool-87-thread-1] INFO  server.RaftServerConfigKeys (ConfUtils.java:logGet(43)) - raft.server.log.statemachine.data.sync.timeout = 10s (default)
2019-09-26 19:51:16,111 [pool-27-thread-1] INFO  server.RaftServerConfigKeys (ConfUtils.java:logGet(43)) - raft.server.log.statemachine.data.sync.timeout = 10s (default)
2019-09-26 19:51:16,111 [pool-87-thread-1] INFO  server.RaftServerConfigKeys (ConfUtils.java:logGet(43)) - raft.server.log.statemachine.data.sync.timeout.retry = -1 (default)
2019-09-26 19:51:16,111 [pool-27-thread-1] INFO  server.RaftServerConfigKeys (ConfUtils.java:logGet(43)) - raft.server.log.statemachine.data.sync.timeout.retry = -1 (default)
2019-09-26 19:51:16,111 [pool-87-thread-1] INFO  server.RaftServerConfigKeys (ConfUtils.java:logGet(43)) - raft.server.log.statemachine.data.caching.enabled = true (custom)
2019-09-26 19:51:16,111 [pool-27-thread-1] INFO  server.RaftServerConfigKeys (ConfUtils.java:logGet(43)) - raft.server.log.statemachine.data.caching.enabled = true (custom)
2019-09-26 19:51:16,112 [pool-27-thread-1] INFO  segmented.SegmentedRaftLogWorker (SegmentedRaftLogWorker.java:lambda$new$0(132)) - 3bb49466-767f-41d7-9f84-ceb9d260798c@group-231B217414BD-SegmentedRaftLogWorker: flushIndex: setUnconditionally 0 -> -1
2019-09-26 19:51:16,112 [pool-87-thread-1] INFO  segmented.SegmentedRaftLogWorker (SegmentedRaftLogWorker.java:lambda$new$0(132)) - a1b44fb9-0156-41f2-85dc-787860506e71@group-231B217414BD-SegmentedRaftLogWorker: flushIndex: setUnconditionally 0 -> -1
2019-09-26 19:51:16,112 [pool-27-thread-1] INFO  server.RaftServerConfigKeys (ConfUtils.java:logGet(43)) - raft.server.snapshot.auto.trigger.enabled = true (custom)
2019-09-26 19:51:16,113 [pool-27-thread-1] INFO  server.RaftServerConfigKeys (ConfUtils.java:logGet(43)) - raft.server.snapshot.auto.trigger.threshold = 10000 (custom)
2019-09-26 19:51:16,115 [pool-27-thread-1] INFO  server.RaftServerConfigKeys (ConfUtils.java:logGet(43)) - raft.server.snapshot.retention.num.files = 5 (custom)
2019-09-26 19:51:16,115 [pool-87-thread-1] INFO  server.RaftServerConfigKeys (ConfUtils.java:logGet(43)) - raft.server.snapshot.auto.trigger.enabled = true (custom)
2019-09-26 19:51:16,116 [pool-27-thread-1] INFO  server.RaftServerConfigKeys (ConfUtils.java:logGet(43)) - raft.server.retrycache.expirytime = 600000ms (custom)
2019-09-26 19:51:16,116 [pool-87-thread-1] INFO  server.RaftServerConfigKeys (ConfUtils.java:logGet(43)) - raft.server.snapshot.auto.trigger.threshold = 10000 (custom)
2019-09-26 19:51:16,116 [pool-87-thread-1] INFO  server.RaftServerConfigKeys (ConfUtils.java:logGet(43)) - raft.server.snapshot.retention.num.files = 5 (custom)
2019-09-26 19:51:16,117 [pool-87-thread-1] INFO  server.RaftServerConfigKeys (ConfUtils.java:logGet(43)) - raft.server.retrycache.expirytime = 600000ms (custom)
2019-09-26 19:51:16,118 [pool-27-thread-1] INFO  impl.RaftServerImpl (RaftServerImpl.java:start(185)) - 3bb49466-767f-41d7-9f84-ceb9d260798c@group-231B217414BD: start as a follower, conf=-1: [a1b44fb9-0156-41f2-85dc-787860506e71:192.168.151.109:37541, 3bb49466-767f-41d7-9f84-ceb9d260798c:192.168.151.109:39193, fef13e34-0dbf-4746-817d-c78e8f7c15c3:192.168.151.109:46084], old=null
2019-09-26 19:51:16,118 [pool-27-thread-1] INFO  impl.RaftServerImpl (RaftServerImpl.java:setRole(174)) - 3bb49466-767f-41d7-9f84-ceb9d260798c@group-231B217414BD: changes role from      null to FOLLOWER at term 0 for startAsFollower
2019-09-26 19:51:16,118 [pool-27-thread-1] INFO  impl.RoleInfo (RoleInfo.java:updateAndGet(143)) - 3bb49466-767f-41d7-9f84-ceb9d260798c: start FollowerState
2019-09-26 19:51:16,119 [pool-27-thread-1] INFO  util.JmxRegister (JmxRegister.java:tryRegister(44)) - Successfully registered JMX Bean with object name Ratis:service=RaftServer,group=group-231B217414BD,id=3bb49466-767f-41d7-9f84-ceb9d260798c
2019-09-26 19:51:16,123 [pool-87-thread-1] INFO  impl.RaftServerImpl (RaftServerImpl.java:start(185)) - a1b44fb9-0156-41f2-85dc-787860506e71@group-231B217414BD: start as a follower, conf=-1: [a1b44fb9-0156-41f2-85dc-787860506e71:192.168.151.109:37541, 3bb49466-767f-41d7-9f84-ceb9d260798c:192.168.151.109:39193, fef13e34-0dbf-4746-817d-c78e8f7c15c3:192.168.151.109:46084], old=null
2019-09-26 19:51:16,123 [pool-87-thread-1] INFO  impl.RaftServerImpl (RaftServerImpl.java:setRole(174)) - a1b44fb9-0156-41f2-85dc-787860506e71@group-231B217414BD: changes role from      null to FOLLOWER at term 0 for startAsFollower
2019-09-26 19:51:16,123 [pool-87-thread-1] INFO  impl.RoleInfo (RoleInfo.java:updateAndGet(143)) - a1b44fb9-0156-41f2-85dc-787860506e71: start FollowerState
2019-09-26 19:51:16,124 [pool-87-thread-1] INFO  util.JmxRegister (JmxRegister.java:tryRegister(44)) - Successfully registered JMX Bean with object name Ratis:service=RaftServer,group=group-231B217414BD,id=a1b44fb9-0156-41f2-85dc-787860506e71
2019-09-26 19:51:16,128 [RatisPipelineUtilsThread] INFO  pipeline.PipelineStateManager (PipelineStateManager.java:addPipeline(56)) - Created pipeline Pipeline[ Id: 858ef467-749a-48b1-8ae0-231b217414bd, Nodes: fef13e34-0dbf-4746-817d-c78e8f7c15c3{ip: 192.168.151.109, host: pr-hdds-2162-kpcbn-4093309294, networkLocation: /default-rack, certSerialId: null}3bb49466-767f-41d7-9f84-ceb9d260798c{ip: 192.168.151.109, host: pr-hdds-2162-kpcbn-4093309294, networkLocation: /default-rack, certSerialId: null}a1b44fb9-0156-41f2-85dc-787860506e71{ip: 192.168.151.109, host: pr-hdds-2162-kpcbn-4093309294, networkLocation: /default-rack, certSerialId: null}, Type:RATIS, Factor:THREE, State:OPEN]
2019-09-26 19:51:16,711 [grpc-default-executor-4] WARN  server.GrpcLogAppender (LogUtils.java:warn(134)) - de3e84a3-e853-4383-b246-f081ca4ab99c@group-0874AFC34C30->f54071e2-4d42-496d-b211-f1a59572c816-AppendLogResponseHandler: Failed appendEntries: org.apache.ratis.thirdparty.io.grpc.StatusRuntimeException: UNAVAILABLE: io exception
2019-09-26 19:51:16,713 [grpc-default-executor-4] INFO  impl.FollowerInfo (FollowerInfo.java:lambda$new$0(51)) - de3e84a3-e853-4383-b246-f081ca4ab99c@group-0874AFC34C30->f54071e2-4d42-496d-b211-f1a59572c816: nextIndex: updateUnconditionally 0 -> 0
2019-09-26 19:51:16,755 [ForkJoinPool.commonPool-worker-0] INFO  ozoneimpl.OzoneContainer (OzoneContainer.java:stop(231)) - Attempting to stop container services.
2019-09-26 19:51:16,758 [ForkJoinPool.commonPool-worker-0] INFO  impl.RaftServerProxy (RaftServerProxy.java:lambda$close$4(314)) - 7e99b8b2-8bc7-407b-8312-eeca40f7aa3a: close
2019-09-26 19:51:16,759 [ForkJoinPool.commonPool-worker-0] INFO  impl.RaftServerImpl (RaftServerImpl.java:lambda$shutdown$3(251)) - 7e99b8b2-8bc7-407b-8312-eeca40f7aa3a@group-1F9A509220C0: shutdown
2019-09-26 19:51:16,759 [ForkJoinPool.commonPool-worker-0] INFO  util.JmxRegister (JmxRegister.java:unregister(73)) - Successfully un-registered JMX Bean with object name Ratis:service=RaftServer,group=group-1F9A509220C0,id=7e99b8b2-8bc7-407b-8312-eeca40f7aa3a
2019-09-26 19:51:16,759 [ForkJoinPool.commonPool-worker-0] INFO  impl.RoleInfo (RoleInfo.java:shutdownFollowerState(121)) - 7e99b8b2-8bc7-407b-8312-eeca40f7aa3a: shutdown FollowerState
2019-09-26 19:51:16,760 [ForkJoinPool.commonPool-worker-0] INFO  impl.StateMachineUpdater (StateMachineUpdater.java:stopAndJoin(125)) - 7e99b8b2-8bc7-407b-8312-eeca40f7aa3a@group-1F9A509220C0-StateMachineUpdater: set stopIndex = 0
2019-09-26 19:51:16,760 [Thread-330] INFO  impl.FollowerState (FollowerState.java:run(115)) - 7e99b8b2-8bc7-407b-8312-eeca40f7aa3a: FollowerState was interrupted: java.lang.InterruptedException: sleep interrupted
2019-09-26 19:51:16,763 [ForkJoinPool.commonPool-worker-0] INFO  impl.RaftServerImpl (ServerState.java:close(385)) - 7e99b8b2-8bc7-407b-8312-eeca40f7aa3a@group-1F9A509220C0: closes. applyIndex: 0
2019-09-26 19:51:16,764 [7e99b8b2-8bc7-407b-8312-eeca40f7aa3a@group-1F9A509220C0-SegmentedRaftLogWorker] INFO  segmented.SegmentedRaftLogWorker (SegmentedRaftLogWorker.java:run(313)) - 7e99b8b2-8bc7-407b-8312-eeca40f7aa3a@group-1F9A509220C0-SegmentedRaftLogWorker was interrupted, exiting. There are 0 tasks remaining in the queue.
2019-09-26 19:51:16,765 [ForkJoinPool.commonPool-worker-0] INFO  segmented.SegmentedRaftLogWorker (SegmentedRaftLogWorker.java:close(228)) - 7e99b8b2-8bc7-407b-8312-eeca40f7aa3a@group-1F9A509220C0-SegmentedRaftLogWorker close()
2019-09-26 19:51:16,765 [main] INFO  ozoneimpl.OzoneContainer (OzoneContainer.java:stop(231)) - Attempting to stop container services.
2019-09-26 19:51:16,769 [ForkJoinPool.commonPool-worker-0] INFO  impl.RaftServerImpl (RaftServerImpl.java:lambda$shutdown$3(251)) - 7e99b8b2-8bc7-407b-8312-eeca40f7aa3a@group-1AB409542B44: shutdown
2019-09-26 19:51:16,769 [main] INFO  impl.RaftServerProxy (RaftServerProxy.java:lambda$close$4(314)) - de3e84a3-e853-4383-b246-f081ca4ab99c: close
2019-09-26 19:51:16,769 [ForkJoinPool.commonPool-worker-0] INFO  util.JmxRegister (JmxRegister.java:unregister(73)) - Successfully un-registered JMX Bean with object name Ratis:service=RaftServer,group=group-1AB409542B44,id=7e99b8b2-8bc7-407b-8312-eeca40f7aa3a
2019-09-26 19:51:16,770 [main] INFO  impl.RaftServerImpl (RaftServerImpl.java:lambda$shutdown$3(251)) - de3e84a3-e853-4383-b246-f081ca4ab99c@group-5BAE4C8828FD: shutdown
2019-09-26 19:51:16,770 [ForkJoinPool.commonPool-worker-0] INFO  impl.RoleInfo (RoleInfo.java:shutdownLeaderState(104)) - 7e99b8b2-8bc7-407b-8312-eeca40f7aa3a: shutdown LeaderState
2019-09-26 19:51:16,770 [main] INFO  util.JmxRegister (JmxRegister.java:unregister(73)) - Successfully un-registered JMX Bean with object name Ratis:service=RaftServer,group=group-5BAE4C8828FD,id=de3e84a3-e853-4383-b246-f081ca4ab99c
2019-09-26 19:51:16,770 [ForkJoinPool.commonPool-worker-0] INFO  impl.PendingRequests (PendingRequests.java:sendNotLeaderResponses(202)) - 7e99b8b2-8bc7-407b-8312-eeca40f7aa3a-PendingRequests: sendNotLeaderResponses
2019-09-26 19:51:16,771 [main] INFO  impl.RoleInfo (RoleInfo.java:shutdownLeaderState(104)) - de3e84a3-e853-4383-b246-f081ca4ab99c: shutdown LeaderState
2019-09-26 19:51:16,771 [ForkJoinPool.commonPool-worker-0] INFO  impl.StateMachineUpdater (StateMachineUpdater.java:stopAndJoin(125)) - 7e99b8b2-8bc7-407b-8312-eeca40f7aa3a@group-1AB409542B44-StateMachineUpdater: set stopIndex = 0
2019-09-26 19:51:16,771 [main] INFO  impl.PendingRequests (PendingRequests.java:sendNotLeaderResponses(202)) - de3e84a3-e853-4383-b246-f081ca4ab99c-PendingRequests: sendNotLeaderResponses
2019-09-26 19:51:16,772 [ForkJoinPool.commonPool-worker-0] INFO  impl.RaftServerImpl (ServerState.java:close(385)) - 7e99b8b2-8bc7-407b-8312-eeca40f7aa3a@group-1AB409542B44: closes. applyIndex: 0
2019-09-26 19:51:16,772 [main] INFO  impl.StateMachineUpdater (StateMachineUpdater.java:stopAndJoin(125)) - de3e84a3-e853-4383-b246-f081ca4ab99c@group-5BAE4C8828FD-StateMachineUpdater: set stopIndex = 0
2019-09-26 19:51:16,772 [7e99b8b2-8bc7-407b-8312-eeca40f7aa3a@group-1AB409542B44-SegmentedRaftLogWorker] INFO  segmented.SegmentedRaftLogWorker (SegmentedRaftLogWorker.java:run(313)) - 7e99b8b2-8bc7-407b-8312-eeca40f7aa3a@group-1AB409542B44-SegmentedRaftLogWorker was interrupted, exiting. There are 0 tasks remaining in the queue.
2019-09-26 19:51:16,773 [main] INFO  impl.RaftServerImpl (ServerState.java:close(385)) - de3e84a3-e853-4383-b246-f081ca4ab99c@group-5BAE4C8828FD: closes. applyIndex: 0
2019-09-26 19:51:16,774 [ForkJoinPool.commonPool-worker-0] INFO  segmented.SegmentedRaftLogWorker (SegmentedRaftLogWorker.java:close(228)) - 7e99b8b2-8bc7-407b-8312-eeca40f7aa3a@group-1AB409542B44-SegmentedRaftLogWorker close()
2019-09-26 19:51:16,775 [de3e84a3-e853-4383-b246-f081ca4ab99c@group-5BAE4C8828FD-SegmentedRaftLogWorker] INFO  segmented.SegmentedRaftLogWorker (SegmentedRaftLogWorker.java:run(313)) - de3e84a3-e853-4383-b246-f081ca4ab99c@group-5BAE4C8828FD-SegmentedRaftLogWorker was interrupted, exiting. There are 0 tasks remaining in the queue.
2019-09-26 19:51:16,777 [ForkJoinPool.commonPool-worker-0] INFO  server.GrpcService (GrpcService.java:closeImpl(164)) - 7e99b8b2-8bc7-407b-8312-eeca40f7aa3a: shutdown server with port 33857 now
2019-09-26 19:51:16,779 [main] INFO  segmented.SegmentedRaftLogWorker (SegmentedRaftLogWorker.java:close(228)) - de3e84a3-e853-4383-b246-f081ca4ab99c@group-5BAE4C8828FD-SegmentedRaftLogWorker close()
2019-09-26 19:51:16,784 [main] INFO  impl.RaftServerImpl (RaftServerImpl.java:lambda$shutdown$3(251)) - de3e84a3-e853-4383-b246-f081ca4ab99c@group-0874AFC34C30: shutdown
2019-09-26 19:51:16,785 [main] INFO  util.JmxRegister (JmxRegister.java:unregister(73)) - Successfully un-registered JMX Bean with object name Ratis:service=RaftServer,group=group-0874AFC34C30,id=de3e84a3-e853-4383-b246-f081ca4ab99c
2019-09-26 19:51:16,786 [grpc-default-executor-4] WARN  server.GrpcServerProtocolService (LogUtils.java:warn(134)) - 7e99b8b2-8bc7-407b-8312-eeca40f7aa3a: installSnapshot onError, lastRequest: fef13e34-0dbf-4746-817d-c78e8f7c15c3->7e99b8b2-8bc7-407b-8312-eeca40f7aa3a#45-t2, previous=(t:2, i:0), leaderCommit=0, initializing? false, entries: <empty>: org.apache.ratis.thirdparty.io.grpc.StatusRuntimeException: CANCELLED: cancelled before receiving half close
2019-09-26 19:51:16,786 [ForkJoinPool.commonPool-worker-0] INFO  server.GrpcService (GrpcService.java:closeImpl(172)) - 7e99b8b2-8bc7-407b-8312-eeca40f7aa3a: shutdown server with port 33857 successfully
2019-09-26 19:51:16,786 [main] INFO  impl.RoleInfo (RoleInfo.java:shutdownLeaderState(104)) - de3e84a3-e853-4383-b246-f081ca4ab99c: shutdown LeaderState
2019-09-26 19:51:16,787 [grpc-default-executor-8] WARN  server.GrpcLogAppender (LogUtils.java:warn(134)) - fef13e34-0dbf-4746-817d-c78e8f7c15c3@group-1F9A509220C0->7e99b8b2-8bc7-407b-8312-eeca40f7aa3a-AppendLogResponseHandler: Failed appendEntries: org.apache.ratis.thirdparty.io.grpc.StatusRuntimeException: CANCELLED: HTTP/2 error code: CANCEL
Received Rst Stream
2019-09-26 19:51:16,790 [grpc-default-executor-8] INFO  impl.FollowerInfo (FollowerInfo.java:lambda$new$0(51)) - fef13e34-0dbf-4746-817d-c78e8f7c15c3@group-1F9A509220C0->7e99b8b2-8bc7-407b-8312-eeca40f7aa3a: nextIndex: updateUnconditionally 1 -> 0
2019-09-26 19:51:16,791 [org.apache.ratis.server.impl.LogAppender$AppenderDaemon$$Lambda$394/63803831@6d25c577] WARN  server.GrpcLogAppender (GrpcLogAppender.java:mayWait(143)) - de3e84a3-e853-4383-b246-f081ca4ab99c@group-0874AFC34C30->f54071e2-4d42-496d-b211-f1a59572c816-GrpcLogAppender: Wait interrupted by java.lang.InterruptedException
2019-09-26 19:51:16,791 [main] INFO  impl.PendingRequests (PendingRequests.java:sendNotLeaderResponses(202)) - de3e84a3-e853-4383-b246-f081ca4ab99c-PendingRequests: sendNotLeaderResponses
2019-09-26 19:51:16,790 [org.apache.ratis.server.impl.LogAppender$AppenderDaemon$$Lambda$394/63803831@2c4edcbb] WARN  server.GrpcLogAppender (GrpcLogAppender.java:mayWait(143)) - de3e84a3-e853-4383-b246-f081ca4ab99c@group-0874AFC34C30->a1b44fb9-0156-41f2-85dc-787860506e71-GrpcLogAppender: Wait interrupted by java.lang.InterruptedException
2019-09-26 19:51:16,791 [main] INFO  impl.StateMachineUpdater (StateMachineUpdater.java:stopAndJoin(125)) - de3e84a3-e853-4383-b246-f081ca4ab99c@group-0874AFC34C30-StateMachineUpdater: set stopIndex = 0
2019-09-26 19:51:16,791 [refreshUsed-/workdir/hadoop-ozone/integration-test/target/test-dir/MiniOzoneClusterImpl-d3bdf5d1-e8ca-4908-b2d0-eb43964eb91e/datanode-2/data/containers] WARN  fs.CachingGetSpaceUsed (CachingGetSpaceUsed.java:run(183)) - Thread Interrupted waiting to refresh disk information: sleep interrupted
2019-09-26 19:51:16,795 [main] INFO  impl.RaftServerImpl (ServerState.java:close(385)) - de3e84a3-e853-4383-b246-f081ca4ab99c@group-0874AFC34C30: closes. applyIndex: 0
2019-09-26 19:51:16,795 [grpc-default-executor-8] INFO  server.GrpcServerProtocolService (GrpcServerProtocolService.java:onCompleted(113)) - a1b44fb9-0156-41f2-85dc-787860506e71: Completed APPEND_ENTRIES, lastRequest: de3e84a3-e853-4383-b246-f081ca4ab99c->a1b44fb9-0156-41f2-85dc-787860506e71#47-t1, previous=(t:1, i:0), leaderCommit=0, initializing? false, entries: <empty>
2019-09-26 19:51:16,797 [de3e84a3-e853-4383-b246-f081ca4ab99c@group-0874AFC34C30-SegmentedRaftLogWorker] INFO  segmented.SegmentedRaftLogWorker (SegmentedRaftLogWorker.java:run(313)) - de3e84a3-e853-4383-b246-f081ca4ab99c@group-0874AFC34C30-SegmentedRaftLogWorker was interrupted, exiting. There are 0 tasks remaining in the queue.
2019-09-26 19:51:16,798 [main] INFO  segmented.SegmentedRaftLogWorker (SegmentedRaftLogWorker.java:close(228)) - de3e84a3-e853-4383-b246-f081ca4ab99c@group-0874AFC34C30-SegmentedRaftLogWorker close()
2019-09-26 19:51:16,802 [main] INFO  server.GrpcService (GrpcService.java:closeImpl(164)) - de3e84a3-e853-4383-b246-f081ca4ab99c: shutdown server with port 44287 now
2019-09-26 19:51:16,805 [grpc-default-executor-8] INFO  server.GrpcLogAppender (GrpcLogAppender.java:onCompleted(293)) - de3e84a3-e853-4383-b246-f081ca4ab99c@group-0874AFC34C30->a1b44fb9-0156-41f2-85dc-787860506e71-AppendLogResponseHandler: follower responses appendEntries COMPLETED
2019-09-26 19:51:16,805 [main] INFO  server.GrpcService (GrpcService.java:closeImpl(172)) - de3e84a3-e853-4383-b246-f081ca4ab99c: shutdown server with port 44287 successfully
2019-09-26 19:51:16,805 [grpc-default-executor-8] INFO  impl.FollowerInfo (FollowerInfo.java:lambda$new$0(51)) - de3e84a3-e853-4383-b246-f081ca4ab99c@group-0874AFC34C30->a1b44fb9-0156-41f2-85dc-787860506e71: nextIndex: updateUnconditionally 1 -> 0
2019-09-26 19:51:16,806 [refreshUsed-/workdir/hadoop-ozone/integration-test/target/test-dir/MiniOzoneClusterImpl-d3bdf5d1-e8ca-4908-b2d0-eb43964eb91e/datanode-3/data/containers] WARN  fs.CachingGetSpaceUsed (CachingGetSpaceUsed.java:run(183)) - Thread Interrupted waiting to refresh disk information: sleep interrupted
2019-09-26 19:51:16,818 [ForkJoinPool.commonPool-worker-0] INFO  utils.BackgroundService (BackgroundService.java:shutdown(148)) - Shutting down service BlockDeletingService
2019-09-26 19:51:16,821 [ForkJoinPool.commonPool-worker-0] INFO  statemachine.DatanodeStateMachine (DatanodeStateMachine.java:stopDaemon(395)) - Ozone container server stopped.
2019-09-26 19:51:16,825 [ForkJoinPool.commonPool-worker-0] INFO  handler.ContextHandler (ContextHandler.java:doStop(910)) - Stopped o.e.j.w.WebAppContext@7e642b88{/,null,UNAVAILABLE}{/hddsDatanode}
2019-09-26 19:51:16,826 [ForkJoinPool.commonPool-worker-0] INFO  server.AbstractConnector (AbstractConnector.java:doStop(318)) - Stopped ServerConnector@6b350309{HTTP/1.1,[http/1.1]}{0.0.0.0:0}
2019-09-26 19:51:16,827 [ForkJoinPool.commonPool-worker-0] INFO  handler.ContextHandler (ContextHandler.java:doStop(910)) - Stopped o.e.j.s.ServletContextHandler@726aa968{/static,jar:file:/home/user/.m2/repository/org/apache/hadoop/hadoop-hdds-container-service/0.5.0-SNAPSHOT/hadoop-hdds-container-service-0.5.0-SNAPSHOT.jar!/webapps/static,UNAVAILABLE}
2019-09-26 19:51:16,828 [ForkJoinPool.commonPool-worker-0] INFO  handler.ContextHandler (ContextHandler.java:doStop(910)) - Stopped o.e.j.s.ServletContextHandler@36681447{/logs,file:///workdir/hadoop-ozone/integration-test/target/log,UNAVAILABLE}
2019-09-26 19:51:16,834 [main] INFO  utils.BackgroundService (BackgroundService.java:shutdown(148)) - Shutting down service BlockDeletingService
2019-09-26 19:51:16,837 [main] INFO  statemachine.DatanodeStateMachine (DatanodeStateMachine.java:stopDaemon(395)) - Ozone container server stopped.
2019-09-26 19:51:16,838 [main] INFO  handler.ContextHandler (ContextHandler.java:doStop(910)) - Stopped o.e.j.w.WebAppContext@15b642b9{/,null,UNAVAILABLE}{/hddsDatanode}
2019-09-26 19:51:16,839 [main] INFO  server.AbstractConnector (AbstractConnector.java:doStop(318)) - Stopped ServerConnector@518bfd90{HTTP/1.1,[http/1.1]}{0.0.0.0:0}
2019-09-26 19:51:16,839 [main] INFO  handler.ContextHandler (ContextHandler.java:doStop(910)) - Stopped o.e.j.s.ServletContextHandler@43af351a{/static,jar:file:/home/user/.m2/repository/org/apache/hadoop/hadoop-hdds-container-service/0.5.0-SNAPSHOT/hadoop-hdds-container-service-0.5.0-SNAPSHOT.jar!/webapps/static,UNAVAILABLE}
2019-09-26 19:51:16,839 [main] INFO  handler.ContextHandler (ContextHandler.java:doStop(910)) - Stopped o.e.j.s.ServletContextHandler@97d0c06{/logs,file:///workdir/hadoop-ozone/integration-test/target/log,UNAVAILABLE}
2019-09-26 19:51:17,199 [Datanode State Machine Thread - 0] INFO  statemachine.DatanodeStateMachine (DatanodeStateMachine.java:lambda$startDaemon$0(350)) - Ozone container server started.
2019-09-26 19:51:17,759 [Datanode State Machine Thread - 0] INFO  statemachine.DatanodeStateMachine (DatanodeStateMachine.java:lambda$startDaemon$0(350)) - Ozone container server started.
2019-09-26 19:51:19,223 [EventQueue-StaleNodeForStaleNodeHandler] INFO  node.StaleNodeHandler (StaleNodeHandler.java:onMessage(58)) - Datanode 3bb49466-767f-41d7-9f84-ceb9d260798c{ip: 192.168.151.109, host: pr-hdds-2162-kpcbn-4093309294, networkLocation: /default-rack, certSerialId: null} moved to stale state. Finalizing its pipelines [PipelineID=858ef467-749a-48b1-8ae0-231b217414bd, PipelineID=f2873588-7ac0-4457-bba9-1f9a509220c0, PipelineID=ac0193d0-a280-4531-8890-5ef2a4786d81]
2019-09-26 19:51:19,223 [EventQueue-StaleNodeForStaleNodeHandler] INFO  pipeline.SCMPipelineManager (SCMPipelineManager.java:finalizeAndDestroyPipeline(315)) - destroying pipeline:Pipeline[ Id: 858ef467-749a-48b1-8ae0-231b217414bd, Nodes: fef13e34-0dbf-4746-817d-c78e8f7c15c3{ip: 192.168.151.109, host: pr-hdds-2162-kpcbn-4093309294, networkLocation: /default-rack, certSerialId: null}3bb49466-767f-41d7-9f84-ceb9d260798c{ip: 192.168.151.109, host: pr-hdds-2162-kpcbn-4093309294, networkLocation: /default-rack, certSerialId: null}a1b44fb9-0156-41f2-85dc-787860506e71{ip: 192.168.151.109, host: pr-hdds-2162-kpcbn-4093309294, networkLocation: /default-rack, certSerialId: null}, Type:RATIS, Factor:THREE, State:OPEN]
2019-09-26 19:51:19,223 [EventQueue-StaleNodeForStaleNodeHandler] INFO  pipeline.PipelineStateManager (PipelineStateManager.java:finalizePipeline(123)) - Pipeline Pipeline[ Id: 858ef467-749a-48b1-8ae0-231b217414bd, Nodes: fef13e34-0dbf-4746-817d-c78e8f7c15c3{ip: 192.168.151.109, host: pr-hdds-2162-kpcbn-4093309294, networkLocation: /default-rack, certSerialId: null}3bb49466-767f-41d7-9f84-ceb9d260798c{ip: 192.168.151.109, host: pr-hdds-2162-kpcbn-4093309294, networkLocation: /default-rack, certSerialId: null}a1b44fb9-0156-41f2-85dc-787860506e71{ip: 192.168.151.109, host: pr-hdds-2162-kpcbn-4093309294, networkLocation: /default-rack, certSerialId: null}, Type:RATIS, Factor:THREE, State:CLOSED] moved to CLOSED state
2019-09-26 19:51:19,224 [EventQueue-StaleNodeForStaleNodeHandler] INFO  pipeline.SCMPipelineManager (SCMPipelineManager.java:finalizeAndDestroyPipeline(315)) - destroying pipeline:Pipeline[ Id: f2873588-7ac0-4457-bba9-1f9a509220c0, Nodes: fef13e34-0dbf-4746-817d-c78e8f7c15c3{ip: 192.168.151.109, host: pr-hdds-2162-kpcbn-4093309294, networkLocation: /default-rack, certSerialId: null}7e99b8b2-8bc7-407b-8312-eeca40f7aa3a{ip: 192.168.151.109, host: pr-hdds-2162-kpcbn-4093309294, networkLocation: /default-rack, certSerialId: null}3bb49466-767f-41d7-9f84-ceb9d260798c{ip: 192.168.151.109, host: pr-hdds-2162-kpcbn-4093309294, networkLocation: /default-rack, certSerialId: null}, Type:RATIS, Factor:THREE, State:CLOSED]
2019-09-26 19:51:19,224 [EventQueue-StaleNodeForStaleNodeHandler] INFO  pipeline.SCMPipelineManager (SCMPipelineManager.java:finalizeAndDestroyPipeline(315)) - destroying pipeline:Pipeline[ Id: ac0193d0-a280-4531-8890-5ef2a4786d81, Nodes: 3bb49466-767f-41d7-9f84-ceb9d260798c{ip: 192.168.151.109, host: pr-hdds-2162-kpcbn-4093309294, networkLocation: /default-rack, certSerialId: null}, Type:RATIS, Factor:ONE, State:OPEN]
2019-09-26 19:51:19,224 [EventQueue-StaleNodeForStaleNodeHandler] INFO  pipeline.PipelineStateManager (PipelineStateManager.java:finalizePipeline(123)) - Pipeline Pipeline[ Id: ac0193d0-a280-4531-8890-5ef2a4786d81, Nodes: 3bb49466-767f-41d7-9f84-ceb9d260798c{ip: 192.168.151.109, host: pr-hdds-2162-kpcbn-4093309294, networkLocation: /default-rack, certSerialId: null}, Type:RATIS, Factor:ONE, State:CLOSED] moved to CLOSED state
2019-09-26 19:51:19,237 [grpc-default-executor-2] WARN  server.GrpcLogAppender (LogUtils.java:warn(134)) - fef13e34-0dbf-4746-817d-c78e8f7c15c3@group-1F9A509220C0->7e99b8b2-8bc7-407b-8312-eeca40f7aa3a-AppendLogResponseHandler: Failed appendEntries: org.apache.ratis.thirdparty.io.grpc.StatusRuntimeException: UNAVAILABLE: io exception
2019-09-26 19:51:19,240 [grpc-default-executor-2] INFO  impl.FollowerInfo (FollowerInfo.java:lambda$new$0(51)) - fef13e34-0dbf-4746-817d-c78e8f7c15c3@group-1F9A509220C0->7e99b8b2-8bc7-407b-8312-eeca40f7aa3a: nextIndex: updateUnconditionally 0 -> 0
2019-09-26 19:51:19,824 [EventQueue-StaleNodeForStaleNodeHandler] INFO  node.StaleNodeHandler (StaleNodeHandler.java:onMessage(58)) - Datanode a1b44fb9-0156-41f2-85dc-787860506e71{ip: 192.168.151.109, host: pr-hdds-2162-kpcbn-4093309294, networkLocation: /default-rack, certSerialId: null} moved to stale state. Finalizing its pipelines [PipelineID=858ef467-749a-48b1-8ae0-231b217414bd, PipelineID=f66e9aac-d98a-43c0-8654-0874afc34c30, PipelineID=7e48e341-0a1e-47d2-8a49-2449e04f1437]
2019-09-26 19:51:19,824 [EventQueue-StaleNodeForStaleNodeHandler] INFO  pipeline.SCMPipelineManager (SCMPipelineManager.java:finalizeAndDestroyPipeline(315)) - destroying pipeline:Pipeline[ Id: 858ef467-749a-48b1-8ae0-231b217414bd, Nodes: fef13e34-0dbf-4746-817d-c78e8f7c15c3{ip: 192.168.151.109, host: pr-hdds-2162-kpcbn-4093309294, networkLocation: /default-rack, certSerialId: null}3bb49466-767f-41d7-9f84-ceb9d260798c{ip: 192.168.151.109, host: pr-hdds-2162-kpcbn-4093309294, networkLocation: /default-rack, certSerialId: null}a1b44fb9-0156-41f2-85dc-787860506e71{ip: 192.168.151.109, host: pr-hdds-2162-kpcbn-4093309294, networkLocation: /default-rack, certSerialId: null}, Type:RATIS, Factor:THREE, State:CLOSED]
2019-09-26 19:51:19,824 [EventQueue-StaleNodeForStaleNodeHandler] INFO  pipeline.SCMPipelineManager (SCMPipelineManager.java:finalizeAndDestroyPipeline(315)) - destroying pipeline:Pipeline[ Id: f66e9aac-d98a-43c0-8654-0874afc34c30, Nodes: de3e84a3-e853-4383-b246-f081ca4ab99c{ip: 192.168.151.109, host: pr-hdds-2162-kpcbn-4093309294, networkLocation: /default-rack, certSerialId: null}a1b44fb9-0156-41f2-85dc-787860506e71{ip: 192.168.151.109, host: pr-hdds-2162-kpcbn-4093309294, networkLocation: /default-rack, certSerialId: null}f54071e2-4d42-496d-b211-f1a59572c816{ip: 192.168.151.109, host: pr-hdds-2162-kpcbn-4093309294, networkLocation: /default-rack, certSerialId: null}, Type:RATIS, Factor:THREE, State:CLOSED]
2019-09-26 19:51:19,825 [EventQueue-StaleNodeForStaleNodeHandler] INFO  pipeline.SCMPipelineManager (SCMPipelineManager.java:finalizeAndDestroyPipeline(315)) - destroying pipeline:Pipeline[ Id: 7e48e341-0a1e-47d2-8a49-2449e04f1437, Nodes: a1b44fb9-0156-41f2-85dc-787860506e71{ip: 192.168.151.109, host: pr-hdds-2162-kpcbn-4093309294, networkLocation: /default-rack, certSerialId: null}, Type:RATIS, Factor:ONE, State:OPEN]
2019-09-26 19:51:19,825 [EventQueue-StaleNodeForStaleNodeHandler] INFO  pipeline.PipelineStateManager (PipelineStateManager.java:finalizePipeline(123)) - Pipeline Pipeline[ Id: 7e48e341-0a1e-47d2-8a49-2449e04f1437, Nodes: a1b44fb9-0156-41f2-85dc-787860506e71{ip: 192.168.151.109, host: pr-hdds-2162-kpcbn-4093309294, networkLocation: /default-rack, certSerialId: null}, Type:RATIS, Factor:ONE, State:CLOSED] moved to CLOSED state
2019-09-26 19:51:21,142 [Thread-542] INFO  impl.FollowerState (FollowerState.java:run(106)) - a1b44fb9-0156-41f2-85dc-787860506e71:group-231B217414BD changes to CANDIDATE, lastRpcTime:5018, electionTimeout:5018ms
2019-09-26 19:51:21,144 [Thread-542] INFO  impl.RoleInfo (RoleInfo.java:shutdownFollowerState(121)) - a1b44fb9-0156-41f2-85dc-787860506e71: shutdown FollowerState
2019-09-26 19:51:21,144 [Thread-542] INFO  impl.RaftServerImpl (RaftServerImpl.java:setRole(174)) - a1b44fb9-0156-41f2-85dc-787860506e71@group-231B217414BD: changes role from  FOLLOWER to CANDIDATE at term 0 for changeToCandidate
2019-09-26 19:51:21,145 [Thread-542] INFO  impl.RoleInfo (RoleInfo.java:updateAndGet(143)) - a1b44fb9-0156-41f2-85dc-787860506e71: start LeaderElection
2019-09-26 19:51:21,163 [a1b44fb9-0156-41f2-85dc-787860506e71@group-231B217414BD:LeaderElection14] INFO  impl.LeaderElection (LeaderElection.java:askForVotes(182)) - a1b44fb9-0156-41f2-85dc-787860506e71@group-231B217414BD:LeaderElection14: begin an election at term 1 for -1: [a1b44fb9-0156-41f2-85dc-787860506e71:192.168.151.109:37541, 3bb49466-767f-41d7-9f84-ceb9d260798c:192.168.151.109:39193, fef13e34-0dbf-4746-817d-c78e8f7c15c3:192.168.151.109:46084], old=null
2019-09-26 19:51:21,176 [grpc-default-executor-4] INFO  impl.RaftServerImpl (RaftServerImpl.java:setRole(174)) - 3bb49466-767f-41d7-9f84-ceb9d260798c@group-231B217414BD: changes role from  FOLLOWER to FOLLOWER at term 1 for recognizeCandidate:a1b44fb9-0156-41f2-85dc-787860506e71
2019-09-26 19:51:21,176 [grpc-default-executor-2] INFO  impl.RaftServerImpl (RaftServerImpl.java:setRole(174)) - fef13e34-0dbf-4746-817d-c78e8f7c15c3@group-231B217414BD: changes role from  FOLLOWER to FOLLOWER at term 1 for recognizeCandidate:a1b44fb9-0156-41f2-85dc-787860506e71
2019-09-26 19:51:21,176 [grpc-default-executor-4] INFO  impl.RoleInfo (RoleInfo.java:shutdownFollowerState(121)) - 3bb49466-767f-41d7-9f84-ceb9d260798c: shutdown FollowerState
2019-09-26 19:51:21,176 [grpc-default-executor-2] INFO  impl.RoleInfo (RoleInfo.java:shutdownFollowerState(121)) - fef13e34-0dbf-4746-817d-c78e8f7c15c3: shutdown FollowerState
2019-09-26 19:51:21,176 [Thread-540] INFO  impl.FollowerState (FollowerState.java:run(115)) - 3bb49466-767f-41d7-9f84-ceb9d260798c: FollowerState was interrupted: java.lang.InterruptedException: sleep interrupted
2019-09-26 19:51:21,176 [grpc-default-executor-4] INFO  impl.RoleInfo (RoleInfo.java:updateAndGet(143)) - 3bb49466-767f-41d7-9f84-ceb9d260798c: start FollowerState
2019-09-26 19:51:21,177 [Thread-536] INFO  impl.FollowerState (FollowerState.java:run(115)) - fef13e34-0dbf-4746-817d-c78e8f7c15c3: FollowerState was interrupted: java.lang.InterruptedException: sleep interrupted
2019-09-26 19:51:21,177 [grpc-default-executor-2] INFO  impl.RoleInfo (RoleInfo.java:updateAndGet(143)) - fef13e34-0dbf-4746-817d-c78e8f7c15c3: start FollowerState
2019-09-26 19:51:21,199 [a1b44fb9-0156-41f2-85dc-787860506e71@group-231B217414BD:LeaderElection14] INFO  impl.LeaderElection (LeaderElection.java:logAndReturn(56)) - a1b44fb9-0156-41f2-85dc-787860506e71@group-231B217414BD:LeaderElection14: Election PASSED; received 1 response(s) [a1b44fb9-0156-41f2-85dc-787860506e71<-fef13e34-0dbf-4746-817d-c78e8f7c15c3#0:OK-t1] and 0 exception(s); a1b44fb9-0156-41f2-85dc-787860506e71@group-231B217414BD:t1, leader=null, voted=a1b44fb9-0156-41f2-85dc-787860506e71, raftlog=a1b44fb9-0156-41f2-85dc-787860506e71@group-231B217414BD-SegmentedRaftLog:OPENED:c-1,f-1,i0, conf=-1: [a1b44fb9-0156-41f2-85dc-787860506e71:192.168.151.109:37541, 3bb49466-767f-41d7-9f84-ceb9d260798c:192.168.151.109:39193, fef13e34-0dbf-4746-817d-c78e8f7c15c3:192.168.151.109:46084], old=null
2019-09-26 19:51:21,199 [a1b44fb9-0156-41f2-85dc-787860506e71@group-231B217414BD:LeaderElection14] INFO  impl.RoleInfo (RoleInfo.java:shutdownLeaderElection(134)) - a1b44fb9-0156-41f2-85dc-787860506e71: shutdown LeaderElection
2019-09-26 19:51:21,201 [a1b44fb9-0156-41f2-85dc-787860506e71@group-231B217414BD:LeaderElection14] INFO  impl.RaftServerImpl (RaftServerImpl.java:setRole(174)) - a1b44fb9-0156-41f2-85dc-787860506e71@group-231B217414BD: changes role from CANDIDATE to LEADER at term 1 for changeToLeader
2019-09-26 19:51:21,201 [a1b44fb9-0156-41f2-85dc-787860506e71@group-231B217414BD:LeaderElection14] INFO  impl.RaftServerImpl (ServerState.java:setLeader(253)) - a1b44fb9-0156-41f2-85dc-787860506e71@group-231B217414BD: change Leader from null to a1b44fb9-0156-41f2-85dc-787860506e71 at term 1 for becomeLeader, leader elected after 5102ms
2019-09-26 19:51:21,201 [a1b44fb9-0156-41f2-85dc-787860506e71@group-231B217414BD:LeaderElection14] INFO  server.RaftServerConfigKeys (ConfUtils.java:logGet(43)) - raft.server.staging.catchup.gap = 1000 (default)
2019-09-26 19:51:21,201 [a1b44fb9-0156-41f2-85dc-787860506e71@group-231B217414BD:LeaderElection14] INFO  server.RaftServerConfigKeys (ConfUtils.java:logGet(43)) - raft.server.rpc.sleep.time = 25ms (default)
2019-09-26 19:51:21,202 [a1b44fb9-0156-41f2-85dc-787860506e71@group-231B217414BD:LeaderElection14] INFO  server.RaftServerConfigKeys (ConfUtils.java:logGet(43)) - raft.server.write.element-limit = 4096 (default)
2019-09-26 19:51:21,202 [a1b44fb9-0156-41f2-85dc-787860506e71@group-231B217414BD:LeaderElection14] INFO  server.RaftServerConfigKeys (ConfUtils.java:logGet(43)) - raft.server.watch.timeout = 10s (default)
2019-09-26 19:51:21,202 [a1b44fb9-0156-41f2-85dc-787860506e71@group-231B217414BD:LeaderElection14] INFO  server.RaftServerConfigKeys (ConfUtils.java:logGet(43)) - raft.server.watch.timeout.denomination = 1s (default)
2019-09-26 19:51:21,202 [a1b44fb9-0156-41f2-85dc-787860506e71@group-231B217414BD:LeaderElection14] INFO  server.RaftServerConfigKeys (ConfUtils.java:logGet(43)) - raft.server.watch.element-limit = 65536 (default)
2019-09-26 19:51:21,206 [a1b44fb9-0156-41f2-85dc-787860506e71@group-231B217414BD:LeaderElection14] INFO  server.RaftServerConfigKeys (ConfUtils.java:logGet(43)) - raft.server.log.appender.snapshot.chunk.size.max = 16MB (=16777216) (default)
2019-09-26 19:51:21,207 [a1b44fb9-0156-41f2-85dc-787860506e71@group-231B217414BD:LeaderElection14] INFO  server.RaftServerConfigKeys (ConfUtils.java:logGet(43)) - raft.server.log.appender.buffer.byte-limit = 33554432 (custom)
2019-09-26 19:51:21,207 [a1b44fb9-0156-41f2-85dc-787860506e71@group-231B217414BD:LeaderElection14] INFO  server.RaftServerConfigKeys (ConfUtils.java:logGet(43)) - raft.server.log.appender.buffer.element-limit = 1 (custom)
2019-09-26 19:51:21,207 [a1b44fb9-0156-41f2-85dc-787860506e71@group-231B217414BD:LeaderElection14] INFO  grpc.GrpcConfigKeys$Server (ConfUtils.java:logGet(43)) - raft.grpc.server.leader.outstanding.appends.max = 128 (default)
2019-09-26 19:51:21,208 [a1b44fb9-0156-41f2-85dc-787860506e71@group-231B217414BD:LeaderElection14] INFO  server.RaftServerConfigKeys (ConfUtils.java:logGet(43)) - raft.server.rpc.request.timeout = 3000ms (default)
2019-09-26 19:51:21,208 [a1b44fb9-0156-41f2-85dc-787860506e71@group-231B217414BD:LeaderElection14] INFO  server.RaftServerConfigKeys (ConfUtils.java:logGet(43)) - raft.server.log.appender.install.snapshot.enabled = false (custom)
2019-09-26 19:51:21,208 [a1b44fb9-0156-41f2-85dc-787860506e71@group-231B217414BD:LeaderElection14] INFO  server.RaftServerConfigKeys (ConfUtils.java:logGet(43)) - raft.server.log.appender.snapshot.chunk.size.max = 16MB (=16777216) (default)
2019-09-26 19:51:21,208 [a1b44fb9-0156-41f2-85dc-787860506e71@group-231B217414BD:LeaderElection14] INFO  server.RaftServerConfigKeys (ConfUtils.java:logGet(43)) - raft.server.log.appender.buffer.byte-limit = 33554432 (custom)
2019-09-26 19:51:21,208 [a1b44fb9-0156-41f2-85dc-787860506e71@group-231B217414BD:LeaderElection14] INFO  server.RaftServerConfigKeys (ConfUtils.java:logGet(43)) - raft.server.log.appender.buffer.element-limit = 1 (custom)
2019-09-26 19:51:21,209 [a1b44fb9-0156-41f2-85dc-787860506e71@group-231B217414BD:LeaderElection14] INFO  grpc.GrpcConfigKeys$Server (ConfUtils.java:logGet(43)) - raft.grpc.server.leader.outstanding.appends.max = 128 (default)
2019-09-26 19:51:21,209 [a1b44fb9-0156-41f2-85dc-787860506e71@group-231B217414BD:LeaderElection14] INFO  server.RaftServerConfigKeys (ConfUtils.java:logGet(43)) - raft.server.rpc.request.timeout = 3000ms (default)
2019-09-26 19:51:21,209 [a1b44fb9-0156-41f2-85dc-787860506e71@group-231B217414BD:LeaderElection14] INFO  server.RaftServerConfigKeys (ConfUtils.java:logGet(43)) - raft.server.log.appender.install.snapshot.enabled = false (custom)
2019-09-26 19:51:21,210 [a1b44fb9-0156-41f2-85dc-787860506e71@group-231B217414BD:LeaderElection14] INFO  impl.RoleInfo (RoleInfo.java:updateAndGet(143)) - a1b44fb9-0156-41f2-85dc-787860506e71: start LeaderState
2019-09-26 19:51:21,210 [a1b44fb9-0156-41f2-85dc-787860506e71@group-231B217414BD:LeaderElection14] INFO  segmented.SegmentedRaftLogWorker (SegmentedRaftLogWorker.java:startLogSegment(380)) - a1b44fb9-0156-41f2-85dc-787860506e71@group-231B217414BD-SegmentedRaftLogWorker: Starting segment from index:0
2019-09-26 19:51:21,211 [a1b44fb9-0156-41f2-85dc-787860506e71@group-231B217414BD:LeaderElection14] INFO  impl.RaftServerImpl (ServerState.java:setRaftConf(354)) - a1b44fb9-0156-41f2-85dc-787860506e71@group-231B217414BD: set configuration 0: [a1b44fb9-0156-41f2-85dc-787860506e71:192.168.151.109:37541, 3bb49466-767f-41d7-9f84-ceb9d260798c:192.168.151.109:39193, fef13e34-0dbf-4746-817d-c78e8f7c15c3:192.168.151.109:46084], old=null at 0
2019-09-26 19:51:21,251 [grpc-default-executor-2] INFO  impl.RaftServerImpl (ServerState.java:setLeader(253)) - fef13e34-0dbf-4746-817d-c78e8f7c15c3@group-231B217414BD: change Leader from null to a1b44fb9-0156-41f2-85dc-787860506e71 at term 1 for appendEntries, leader elected after 5151ms
2019-09-26 19:51:21,252 [grpc-default-executor-4] INFO  impl.RaftServerImpl (ServerState.java:setLeader(253)) - 3bb49466-767f-41d7-9f84-ceb9d260798c@group-231B217414BD: change Leader from null to a1b44fb9-0156-41f2-85dc-787860506e71 at term 1 for appendEntries, leader elected after 5153ms
2019-09-26 19:51:21,258 [grpc-default-executor-4] INFO  impl.RaftServerImpl (ServerState.java:setRaftConf(354)) - fef13e34-0dbf-4746-817d-c78e8f7c15c3@group-231B217414BD: set configuration 0: [a1b44fb9-0156-41f2-85dc-787860506e71:192.168.151.109:37541, 3bb49466-767f-41d7-9f84-ceb9d260798c:192.168.151.109:39193, fef13e34-0dbf-4746-817d-c78e8f7c15c3:192.168.151.109:46084], old=null at 0
2019-09-26 19:51:21,258 [grpc-default-executor-2] INFO  impl.RaftServerImpl (ServerState.java:setRaftConf(354)) - 3bb49466-767f-41d7-9f84-ceb9d260798c@group-231B217414BD: set configuration 0: [a1b44fb9-0156-41f2-85dc-787860506e71:192.168.151.109:37541, 3bb49466-767f-41d7-9f84-ceb9d260798c:192.168.151.109:39193, fef13e34-0dbf-4746-817d-c78e8f7c15c3:192.168.151.109:46084], old=null at 0
2019-09-26 19:51:21,258 [grpc-default-executor-4] INFO  segmented.SegmentedRaftLogWorker (SegmentedRaftLogWorker.java:startLogSegment(380)) - fef13e34-0dbf-4746-817d-c78e8f7c15c3@group-231B217414BD-SegmentedRaftLogWorker: Starting segment from index:0
2019-09-26 19:51:21,259 [grpc-default-executor-2] INFO  segmented.SegmentedRaftLogWorker (SegmentedRaftLogWorker.java:startLogSegment(380)) - 3bb49466-767f-41d7-9f84-ceb9d260798c@group-231B217414BD-SegmentedRaftLogWorker: Starting segment from index:0
2019-09-26 19:51:21,261 [a1b44fb9-0156-41f2-85dc-787860506e71@group-231B217414BD-SegmentedRaftLogWorker] INFO  segmented.SegmentedRaftLogWorker (SegmentedRaftLogWorker.java:execute(569)) - a1b44fb9-0156-41f2-85dc-787860506e71@group-231B217414BD-SegmentedRaftLogWorker: created new log segment /workdir/hadoop-ozone/integration-test/target/test-dir/MiniOzoneClusterImpl-d3bdf5d1-e8ca-4908-b2d0-eb43964eb91e/datanode-6/data/ratis/858ef467-749a-48b1-8ae0-231b217414bd/current/log_inprogress_0
2019-09-26 19:51:21,300 [fef13e34-0dbf-4746-817d-c78e8f7c15c3@group-231B217414BD-SegmentedRaftLogWorker] INFO  segmented.SegmentedRaftLogWorker (SegmentedRaftLogWorker.java:execute(569)) - fef13e34-0dbf-4746-817d-c78e8f7c15c3@group-231B217414BD-SegmentedRaftLogWorker: created new log segment /workdir/hadoop-ozone/integration-test/target/test-dir/MiniOzoneClusterImpl-d3bdf5d1-e8ca-4908-b2d0-eb43964eb91e/datanode-5/data/ratis/858ef467-749a-48b1-8ae0-231b217414bd/current/log_inprogress_0
2019-09-26 19:51:21,300 [3bb49466-767f-41d7-9f84-ceb9d260798c@group-231B217414BD-SegmentedRaftLogWorker] INFO  segmented.SegmentedRaftLogWorker (SegmentedRaftLogWorker.java:execute(569)) - 3bb49466-767f-41d7-9f84-ceb9d260798c@group-231B217414BD-SegmentedRaftLogWorker: created new log segment /workdir/hadoop-ozone/integration-test/target/test-dir/MiniOzoneClusterImpl-d3bdf5d1-e8ca-4908-b2d0-eb43964eb91e/datanode-0/data/ratis/858ef467-749a-48b1-8ae0-231b217414bd/current/log_inprogress_0
2019-09-26 19:51:21,744 [grpc-default-executor-8] WARN  server.GrpcLogAppender (LogUtils.java:warn(134)) - fef13e34-0dbf-4746-817d-c78e8f7c15c3@group-1F9A509220C0->7e99b8b2-8bc7-407b-8312-eeca40f7aa3a-AppendLogResponseHandler: Failed appendEntries: org.apache.ratis.thirdparty.io.grpc.StatusRuntimeException: UNAVAILABLE: io exception
2019-09-26 19:51:21,747 [grpc-default-executor-8] INFO  impl.FollowerInfo (FollowerInfo.java:lambda$new$0(51)) - fef13e34-0dbf-4746-817d-c78e8f7c15c3@group-1F9A509220C0->7e99b8b2-8bc7-407b-8312-eeca40f7aa3a: nextIndex: updateUnconditionally 0 -> 0
2019-09-26 19:51:21,830 [ForkJoinPool.commonPool-worker-0] INFO  ozoneimpl.OzoneContainer (OzoneContainer.java:stop(231)) - Attempting to stop container services.
2019-09-26 19:51:21,831 [ForkJoinPool.commonPool-worker-0] INFO  impl.RaftServerProxy (RaftServerProxy.java:lambda$close$4(314)) - 3bb49466-767f-41d7-9f84-ceb9d260798c: close
2019-09-26 19:51:21,831 [ForkJoinPool.commonPool-worker-0] INFO  impl.RaftServerImpl (RaftServerImpl.java:lambda$shutdown$3(251)) - 3bb49466-767f-41d7-9f84-ceb9d260798c@group-231B217414BD: shutdown
2019-09-26 19:51:21,832 [ForkJoinPool.commonPool-worker-0] INFO  util.JmxRegister (JmxRegister.java:unregister(73)) - Successfully un-registered JMX Bean with object name Ratis:service=RaftServer,group=group-231B217414BD,id=3bb49466-767f-41d7-9f84-ceb9d260798c
2019-09-26 19:51:21,832 [ForkJoinPool.commonPool-worker-0] INFO  impl.RoleInfo (RoleInfo.java:shutdownFollowerState(121)) - 3bb49466-767f-41d7-9f84-ceb9d260798c: shutdown FollowerState
2019-09-26 19:51:21,832 [ForkJoinPool.commonPool-worker-0] INFO  impl.StateMachineUpdater (StateMachineUpdater.java:stopAndJoin(125)) - 3bb49466-767f-41d7-9f84-ceb9d260798c@group-231B217414BD-StateMachineUpdater: set stopIndex = -1
2019-09-26 19:51:21,832 [Thread-551] INFO  impl.FollowerState (FollowerState.java:run(115)) - 3bb49466-767f-41d7-9f84-ceb9d260798c: FollowerState was interrupted: java.lang.InterruptedException: sleep interrupted
2019-09-26 19:51:21,835 [ForkJoinPool.commonPool-worker-0] INFO  impl.RaftServerImpl (ServerState.java:close(385)) - 3bb49466-767f-41d7-9f84-ceb9d260798c@group-231B217414BD: closes. applyIndex: -1
2019-09-26 19:51:21,837 [3bb49466-767f-41d7-9f84-ceb9d260798c@group-231B217414BD-SegmentedRaftLogWorker] INFO  segmented.SegmentedRaftLogWorker (SegmentedRaftLogWorker.java:run(313)) - 3bb49466-767f-41d7-9f84-ceb9d260798c@group-231B217414BD-SegmentedRaftLogWorker was interrupted, exiting. There are 0 tasks remaining in the queue.
2019-09-26 19:51:21,838 [ForkJoinPool.commonPool-worker-0] INFO  segmented.SegmentedRaftLogWorker (SegmentedRaftLogWorker.java:close(228)) - 3bb49466-767f-41d7-9f84-ceb9d260798c@group-231B217414BD-SegmentedRaftLogWorker close()
2019-09-26 19:51:21,840 [ForkJoinPool.commonPool-worker-0] INFO  impl.RaftServerImpl (RaftServerImpl.java:lambda$shutdown$3(251)) - 3bb49466-767f-41d7-9f84-ceb9d260798c@group-1F9A509220C0: shutdown
2019-09-26 19:51:21,841 [main] INFO  ozoneimpl.OzoneContainer (OzoneContainer.java:stop(231)) - Attempting to stop container services.
2019-09-26 19:51:21,841 [ForkJoinPool.commonPool-worker-0] INFO  util.JmxRegister (JmxRegister.java:unregister(73)) - Successfully un-registered JMX Bean with object name Ratis:service=RaftServer,group=group-1F9A509220C0,id=3bb49466-767f-41d7-9f84-ceb9d260798c
2019-09-26 19:51:21,841 [main] INFO  impl.RaftServerProxy (RaftServerProxy.java:lambda$close$4(314)) - a1b44fb9-0156-41f2-85dc-787860506e71: close
2019-09-26 19:51:21,842 [ForkJoinPool.commonPool-worker-0] INFO  impl.RoleInfo (RoleInfo.java:shutdownFollowerState(121)) - 3bb49466-767f-41d7-9f84-ceb9d260798c: shutdown FollowerState
2019-09-26 19:51:21,842 [main] INFO  impl.RaftServerImpl (RaftServerImpl.java:lambda$shutdown$3(251)) - a1b44fb9-0156-41f2-85dc-787860506e71@group-231B217414BD: shutdown
2019-09-26 19:51:21,842 [Thread-329] INFO  impl.FollowerState (FollowerState.java:run(115)) - 3bb49466-767f-41d7-9f84-ceb9d260798c: FollowerState was interrupted: java.lang.InterruptedException: sleep interrupted
2019-09-26 19:51:21,842 [ForkJoinPool.commonPool-worker-0] INFO  impl.StateMachineUpdater (StateMachineUpdater.java:stopAndJoin(125)) - 3bb49466-767f-41d7-9f84-ceb9d260798c@group-1F9A509220C0-StateMachineUpdater: set stopIndex = 0
2019-09-26 19:51:21,843 [ForkJoinPool.commonPool-worker-0] INFO  impl.RaftServerImpl (ServerState.java:close(385)) - 3bb49466-767f-41d7-9f84-ceb9d260798c@group-1F9A509220C0: closes. applyIndex: 0
2019-09-26 19:51:21,842 [main] INFO  util.JmxRegister (JmxRegister.java:unregister(73)) - Successfully un-registered JMX Bean with object name Ratis:service=RaftServer,group=group-231B217414BD,id=a1b44fb9-0156-41f2-85dc-787860506e71
2019-09-26 19:51:21,843 [3bb49466-767f-41d7-9f84-ceb9d260798c@group-1F9A509220C0-SegmentedRaftLogWorker] INFO  segmented.SegmentedRaftLogWorker (SegmentedRaftLogWorker.java:run(313)) - 3bb49466-767f-41d7-9f84-ceb9d260798c@group-1F9A509220C0-SegmentedRaftLogWorker was interrupted, exiting. There are 0 tasks remaining in the queue.
2019-09-26 19:51:21,843 [main] INFO  impl.RoleInfo (RoleInfo.java:shutdownLeaderState(104)) - a1b44fb9-0156-41f2-85dc-787860506e71: shutdown LeaderState
2019-09-26 19:51:21,845 [ForkJoinPool.commonPool-worker-0] INFO  segmented.SegmentedRaftLogWorker (SegmentedRaftLogWorker.java:close(228)) - 3bb49466-767f-41d7-9f84-ceb9d260798c@group-1F9A509220C0-SegmentedRaftLogWorker close()
2019-09-26 19:51:21,848 [main] INFO  impl.PendingRequests (PendingRequests.java:sendNotLeaderResponses(202)) - a1b44fb9-0156-41f2-85dc-787860506e71-PendingRequests: sendNotLeaderResponses
2019-09-26 19:51:21,848 [org.apache.ratis.server.impl.LogAppender$AppenderDaemon$$Lambda$394/63803831@48f483e9] WARN  server.GrpcLogAppender (GrpcLogAppender.java:mayWait(143)) - a1b44fb9-0156-41f2-85dc-787860506e71@group-231B217414BD->3bb49466-767f-41d7-9f84-ceb9d260798c-GrpcLogAppender: Wait interrupted by java.lang.InterruptedException
2019-09-26 19:51:21,850 [ForkJoinPool.commonPool-worker-0] INFO  impl.RaftServerImpl (RaftServerImpl.java:lambda$shutdown$3(251)) - 3bb49466-767f-41d7-9f84-ceb9d260798c@group-5EF2A4786D81: shutdown
2019-09-26 19:51:21,848 [org.apache.ratis.server.impl.LogAppender$AppenderDaemon$$Lambda$394/63803831@3c3441db] WARN  server.GrpcLogAppender (GrpcLogAppender.java:mayWait(143)) - a1b44fb9-0156-41f2-85dc-787860506e71@group-231B217414BD->fef13e34-0dbf-4746-817d-c78e8f7c15c3-GrpcLogAppender: Wait interrupted by java.lang.InterruptedException
2019-09-26 19:51:21,852 [ForkJoinPool.commonPool-worker-0] INFO  util.JmxRegister (JmxRegister.java:unregister(73)) - Successfully un-registered JMX Bean with object name Ratis:service=RaftServer,group=group-5EF2A4786D81,id=3bb49466-767f-41d7-9f84-ceb9d260798c
2019-09-26 19:51:21,851 [main] INFO  impl.StateMachineUpdater (StateMachineUpdater.java:stopAndJoin(125)) - a1b44fb9-0156-41f2-85dc-787860506e71@group-231B217414BD-StateMachineUpdater: set stopIndex = 0
2019-09-26 19:51:21,854 [ForkJoinPool.commonPool-worker-0] INFO  impl.RoleInfo (RoleInfo.java:shutdownLeaderState(104)) - 3bb49466-767f-41d7-9f84-ceb9d260798c: shutdown LeaderState
2019-09-26 19:51:21,854 [main] INFO  impl.RaftServerImpl (ServerState.java:close(385)) - a1b44fb9-0156-41f2-85dc-787860506e71@group-231B217414BD: closes. applyIndex: 0
2019-09-26 19:51:21,854 [ForkJoinPool.commonPool-worker-0] INFO  impl.PendingRequests (PendingRequests.java:sendNotLeaderResponses(202)) - 3bb49466-767f-41d7-9f84-ceb9d260798c-PendingRequests: sendNotLeaderResponses
2019-09-26 19:51:21,855 [a1b44fb9-0156-41f2-85dc-787860506e71@group-231B217414BD-SegmentedRaftLogWorker] INFO  segmented.SegmentedRaftLogWorker (SegmentedRaftLogWorker.java:run(313)) - a1b44fb9-0156-41f2-85dc-787860506e71@group-231B217414BD-SegmentedRaftLogWorker was interrupted, exiting. There are 0 tasks remaining in the queue.
2019-09-26 19:51:21,855 [ForkJoinPool.commonPool-worker-0] INFO  impl.StateMachineUpdater (StateMachineUpdater.java:stopAndJoin(125)) - 3bb49466-767f-41d7-9f84-ceb9d260798c@group-5EF2A4786D81-StateMachineUpdater: set stopIndex = 0
2019-09-26 19:51:21,857 [ForkJoinPool.commonPool-worker-0] INFO  impl.RaftServerImpl (ServerState.java:close(385)) - 3bb49466-767f-41d7-9f84-ceb9d260798c@group-5EF2A4786D81: closes. applyIndex: 0
2019-09-26 19:51:21,857 [main] INFO  segmented.SegmentedRaftLogWorker (SegmentedRaftLogWorker.java:close(228)) - a1b44fb9-0156-41f2-85dc-787860506e71@group-231B217414BD-SegmentedRaftLogWorker close()
2019-09-26 19:51:21,857 [3bb49466-767f-41d7-9f84-ceb9d260798c@group-5EF2A4786D81-SegmentedRaftLogWorker] INFO  segmented.SegmentedRaftLogWorker (SegmentedRaftLogWorker.java:run(313)) - 3bb49466-767f-41d7-9f84-ceb9d260798c@group-5EF2A4786D81-SegmentedRaftLogWorker was interrupted, exiting. There are 0 tasks remaining in the queue.
2019-09-26 19:51:21,857 [grpc-default-executor-4] INFO  server.GrpcServerProtocolService (GrpcServerProtocolService.java:onCompleted(113)) - fef13e34-0dbf-4746-817d-c78e8f7c15c3: Completed APPEND_ENTRIES, lastRequest: a1b44fb9-0156-41f2-85dc-787860506e71->fef13e34-0dbf-4746-817d-c78e8f7c15c3#1-t1, previous=(t:0, i:0), leaderCommit=-1, initializing? false, entries: size=1, first=(t:1, i:0), CONFIGURATIONENTRY
2019-09-26 19:51:21,857 [grpc-default-executor-8] INFO  server.GrpcServerProtocolService (GrpcServerProtocolService.java:onCompleted(113)) - 3bb49466-767f-41d7-9f84-ceb9d260798c: Completed APPEND_ENTRIES, lastRequest: a1b44fb9-0156-41f2-85dc-787860506e71->3bb49466-767f-41d7-9f84-ceb9d260798c#1-t1, previous=(t:0, i:0), leaderCommit=-1, initializing? false, entries: size=1, first=(t:1, i:0), CONFIGURATIONENTRY
2019-09-26 19:51:21,867 [ForkJoinPool.commonPool-worker-0] INFO  segmented.SegmentedRaftLogWorker (SegmentedRaftLogWorker.java:close(228)) - 3bb49466-767f-41d7-9f84-ceb9d260798c@group-5EF2A4786D81-SegmentedRaftLogWorker close()
2019-09-26 19:51:21,866 [main] INFO  impl.RaftServerImpl (RaftServerImpl.java:lambda$shutdown$3(251)) - a1b44fb9-0156-41f2-85dc-787860506e71@group-0874AFC34C30: shutdown
2019-09-26 19:51:21,870 [grpc-default-executor-8] INFO  server.GrpcLogAppender (GrpcLogAppender.java:onCompleted(293)) - a1b44fb9-0156-41f2-85dc-787860506e71@group-231B217414BD->fef13e34-0dbf-4746-817d-c78e8f7c15c3-AppendLogResponseHandler: follower responses appendEntries COMPLETED
2019-09-26 19:51:21,868 [ForkJoinPool.commonPool-worker-0] INFO  server.GrpcService (GrpcService.java:closeImpl(164)) - 3bb49466-767f-41d7-9f84-ceb9d260798c: shutdown server with port 39193 now
2019-09-26 19:51:21,871 [grpc-default-executor-8] INFO  impl.FollowerInfo (FollowerInfo.java:lambda$new$0(51)) - a1b44fb9-0156-41f2-85dc-787860506e71@group-231B217414BD->fef13e34-0dbf-4746-817d-c78e8f7c15c3: nextIndex: updateUnconditionally 1 -> 0
2019-09-26 19:51:21,870 [main] INFO  util.JmxRegister (JmxRegister.java:unregister(73)) - Successfully un-registered JMX Bean with object name Ratis:service=RaftServer,group=group-0874AFC34C30,id=a1b44fb9-0156-41f2-85dc-787860506e71
2019-09-26 19:51:21,870 [grpc-default-executor-4] INFO  server.GrpcLogAppender (GrpcLogAppender.java:onCompleted(293)) - a1b44fb9-0156-41f2-85dc-787860506e71@group-231B217414BD->3bb49466-767f-41d7-9f84-ceb9d260798c-AppendLogResponseHandler: follower responses appendEntries COMPLETED
2019-09-26 19:51:21,874 [main] INFO  impl.RoleInfo (RoleInfo.java:shutdownFollowerState(121)) - a1b44fb9-0156-41f2-85dc-787860506e71: shutdown FollowerState
2019-09-26 19:51:21,879 [grpc-default-executor-4] INFO  impl.FollowerInfo (FollowerInfo.java:lambda$new$0(51)) - a1b44fb9-0156-41f2-85dc-787860506e71@group-231B217414BD->3bb49466-767f-41d7-9f84-ceb9d260798c: nextIndex: updateUnconditionally 1 -> 0
2019-09-26 19:51:21,879 [grpc-default-executor-6] WARN  server.GrpcServerProtocolService (LogUtils.java:warn(134)) - 3bb49466-767f-41d7-9f84-ceb9d260798c: installSnapshot onError, lastRequest: fef13e34-0dbf-4746-817d-c78e8f7c15c3->3bb49466-767f-41d7-9f84-ceb9d260798c#47-t2, previous=(t:2, i:0), leaderCommit=0, initializing? false, entries: <empty>: org.apache.ratis.thirdparty.io.grpc.StatusRuntimeException: CANCELLED: cancelled before receiving half close
2019-09-26 19:51:21,877 [ForkJoinPool.commonPool-worker-0] INFO  server.GrpcService (GrpcService.java:closeImpl(172)) - 3bb49466-767f-41d7-9f84-ceb9d260798c: shutdown server with port 39193 successfully
2019-09-26 19:51:21,880 [Thread-309] INFO  impl.FollowerState (FollowerState.java:run(115)) - a1b44fb9-0156-41f2-85dc-787860506e71: FollowerState was interrupted: java.lang.InterruptedException: sleep interrupted
2019-09-26 19:51:21,880 [grpc-default-executor-2] WARN  server.GrpcLogAppender (LogUtils.java:warn(134)) - fef13e34-0dbf-4746-817d-c78e8f7c15c3@group-1F9A509220C0->3bb49466-767f-41d7-9f84-ceb9d260798c-AppendLogResponseHandler: Failed appendEntries: org.apache.ratis.thirdparty.io.grpc.StatusRuntimeException: CANCELLED: HTTP/2 error code: CANCEL
Received Rst Stream
2019-09-26 19:51:21,879 [main] INFO  impl.StateMachineUpdater (StateMachineUpdater.java:stopAndJoin(125)) - a1b44fb9-0156-41f2-85dc-787860506e71@group-0874AFC34C30-StateMachineUpdater: set stopIndex = 0
2019-09-26 19:51:21,885 [grpc-default-executor-2] INFO  impl.FollowerInfo (FollowerInfo.java:lambda$new$0(51)) - fef13e34-0dbf-4746-817d-c78e8f7c15c3@group-1F9A509220C0->3bb49466-767f-41d7-9f84-ceb9d260798c: nextIndex: updateUnconditionally 1 -> 0
2019-09-26 19:51:21,885 [main] INFO  impl.RaftServerImpl (ServerState.java:close(385)) - a1b44fb9-0156-41f2-85dc-787860506e71@group-0874AFC34C30: closes. applyIndex: 0
2019-09-26 19:51:21,887 [refreshUsed-/workdir/hadoop-ozone/integration-test/target/test-dir/MiniOzoneClusterImpl-d3bdf5d1-e8ca-4908-b2d0-eb43964eb91e/datanode-0/data/containers] WARN  fs.CachingGetSpaceUsed (CachingGetSpaceUsed.java:run(183)) - Thread Interrupted waiting to refresh disk information: sleep interrupted
2019-09-26 19:51:21,888 [a1b44fb9-0156-41f2-85dc-787860506e71@group-0874AFC34C30-SegmentedRaftLogWorker] INFO  segmented.SegmentedRaftLogWorker (SegmentedRaftLogWorker.java:run(313)) - a1b44fb9-0156-41f2-85dc-787860506e71@group-0874AFC34C30-SegmentedRaftLogWorker was interrupted, exiting. There are 0 tasks remaining in the queue.
2019-09-26 19:51:21,888 [main] INFO  segmented.SegmentedRaftLogWorker (SegmentedRaftLogWorker.java:close(228)) - a1b44fb9-0156-41f2-85dc-787860506e71@group-0874AFC34C30-SegmentedRaftLogWorker close()
2019-09-26 19:51:21,890 [main] INFO  impl.RaftServerImpl (RaftServerImpl.java:lambda$shutdown$3(251)) - a1b44fb9-0156-41f2-85dc-787860506e71@group-2449E04F1437: shutdown
2019-09-26 19:51:21,890 [main] INFO  util.JmxRegister (JmxRegister.java:unregister(73)) - Successfully un-registered JMX Bean with object name Ratis:service=RaftServer,group=group-2449E04F1437,id=a1b44fb9-0156-41f2-85dc-787860506e71
2019-09-26 19:51:21,890 [main] INFO  impl.RoleInfo (RoleInfo.java:shutdownLeaderState(104)) - a1b44fb9-0156-41f2-85dc-787860506e71: shutdown LeaderState
2019-09-26 19:51:21,891 [main] INFO  impl.PendingRequests (PendingRequests.java:sendNotLeaderResponses(202)) - a1b44fb9-0156-41f2-85dc-787860506e71-PendingRequests: sendNotLeaderResponses
2019-09-26 19:51:21,891 [main] INFO  impl.StateMachineUpdater (StateMachineUpdater.java:stopAndJoin(125)) - a1b44fb9-0156-41f2-85dc-787860506e71@group-2449E04F1437-StateMachineUpdater: set stopIndex = 0
2019-09-26 19:51:21,893 [main] INFO  impl.RaftServerImpl (ServerState.java:close(385)) - a1b44fb9-0156-41f2-85dc-787860506e71@group-2449E04F1437: closes. applyIndex: 0
2019-09-26 19:51:21,895 [a1b44fb9-0156-41f2-85dc-787860506e71@group-2449E04F1437-SegmentedRaftLogWorker] INFO  segmented.SegmentedRaftLogWorker (SegmentedRaftLogWorker.java:run(313)) - a1b44fb9-0156-41f2-85dc-787860506e71@group-2449E04F1437-SegmentedRaftLogWorker was interrupted, exiting. There are 0 tasks remaining in the queue.
2019-09-26 19:51:21,905 [main] INFO  segmented.SegmentedRaftLogWorker (SegmentedRaftLogWorker.java:close(228)) - a1b44fb9-0156-41f2-85dc-787860506e71@group-2449E04F1437-SegmentedRaftLogWorker close()
2019-09-26 19:51:21,907 [main] INFO  server.GrpcService (GrpcService.java:closeImpl(164)) - a1b44fb9-0156-41f2-85dc-787860506e71: shutdown server with port 37541 now
2019-09-26 19:51:21,907 [main] INFO  server.GrpcService (GrpcService.java:closeImpl(172)) - a1b44fb9-0156-41f2-85dc-787860506e71: shutdown server with port 37541 successfully
2019-09-26 19:51:21,908 [refreshUsed-/workdir/hadoop-ozone/integration-test/target/test-dir/MiniOzoneClusterImpl-d3bdf5d1-e8ca-4908-b2d0-eb43964eb91e/datanode-6/data/containers] WARN  fs.CachingGetSpaceUsed (CachingGetSpaceUsed.java:run(183)) - Thread Interrupted waiting to refresh disk information: sleep interrupted
2019-09-26 19:51:21,912 [ForkJoinPool.commonPool-worker-0] INFO  utils.BackgroundService (BackgroundService.java:shutdown(148)) - Shutting down service BlockDeletingService
2019-09-26 19:51:21,916 [ForkJoinPool.commonPool-worker-0] INFO  statemachine.DatanodeStateMachine (DatanodeStateMachine.java:stopDaemon(395)) - Ozone container server stopped.
2019-09-26 19:51:21,921 [ForkJoinPool.commonPool-worker-0] INFO  handler.ContextHandler (ContextHandler.java:doStop(910)) - Stopped o.e.j.w.WebAppContext@cdb2d95{/,null,UNAVAILABLE}{/hddsDatanode}
2019-09-26 19:51:21,925 [ForkJoinPool.commonPool-worker-0] INFO  server.AbstractConnector (AbstractConnector.java:doStop(318)) - Stopped ServerConnector@122d6c22{HTTP/1.1,[http/1.1]}{0.0.0.0:0}
2019-09-26 19:51:21,926 [ForkJoinPool.commonPool-worker-0] INFO  handler.ContextHandler (ContextHandler.java:doStop(910)) - Stopped o.e.j.s.ServletContextHandler@252dc8c4{/static,jar:file:/home/user/.m2/repository/org/apache/hadoop/hadoop-hdds-container-service/0.5.0-SNAPSHOT/hadoop-hdds-container-service-0.5.0-SNAPSHOT.jar!/webapps/static,UNAVAILABLE}
2019-09-26 19:51:21,926 [ForkJoinPool.commonPool-worker-0] INFO  handler.ContextHandler (ContextHandler.java:doStop(910)) - Stopped o.e.j.s.ServletContextHandler@7ff35a3f{/logs,file:///workdir/hadoop-ozone/integration-test/target/log,UNAVAILABLE}
2019-09-26 19:51:21,929 [main] INFO  utils.BackgroundService (BackgroundService.java:shutdown(148)) - Shutting down service BlockDeletingService
2019-09-26 19:51:21,931 [main] INFO  statemachine.DatanodeStateMachine (DatanodeStateMachine.java:stopDaemon(395)) - Ozone container server stopped.
2019-09-26 19:51:21,932 [main] INFO  handler.ContextHandler (ContextHandler.java:doStop(910)) - Stopped o.e.j.w.WebAppContext@5a08efdc{/,null,UNAVAILABLE}{/hddsDatanode}
2019-09-26 19:51:21,932 [main] INFO  server.AbstractConnector (AbstractConnector.java:doStop(318)) - Stopped ServerConnector@57272109{HTTP/1.1,[http/1.1]}{0.0.0.0:0}
2019-09-26 19:51:21,933 [main] INFO  handler.ContextHandler (ContextHandler.java:doStop(910)) - Stopped o.e.j.s.ServletContextHandler@79a04e5f{/static,jar:file:/home/user/.m2/repository/org/apache/hadoop/hadoop-hdds-container-service/0.5.0-SNAPSHOT/hadoop-hdds-container-service-0.5.0-SNAPSHOT.jar!/webapps/static,UNAVAILABLE}
2019-09-26 19:51:21,933 [main] INFO  handler.ContextHandler (ContextHandler.java:doStop(910)) - Stopped o.e.j.s.ServletContextHandler@1ab5f08a{/logs,file:///workdir/hadoop-ozone/integration-test/target/log,UNAVAILABLE}
2019-09-26 19:51:22,701 [Datanode State Machine Thread - 0] INFO  statemachine.DatanodeStateMachine (DatanodeStateMachine.java:lambda$startDaemon$0(350)) - Ozone container server started.
2019-09-26 19:51:24,245 [grpc-default-executor-4] WARN  server.GrpcLogAppender (LogUtils.java:warn(134)) - fef13e34-0dbf-4746-817d-c78e8f7c15c3@group-1F9A509220C0->7e99b8b2-8bc7-407b-8312-eeca40f7aa3a-AppendLogResponseHandler: Failed appendEntries: org.apache.ratis.thirdparty.io.grpc.StatusRuntimeException: UNAVAILABLE: io exception
2019-09-26 19:51:24,247 [grpc-default-executor-4] INFO  impl.FollowerInfo (FollowerInfo.java:lambda$new$0(51)) - fef13e34-0dbf-4746-817d-c78e8f7c15c3@group-1F9A509220C0->7e99b8b2-8bc7-407b-8312-eeca40f7aa3a: nextIndex: updateUnconditionally 0 -> 0
2019-09-26 19:51:24,250 [grpc-default-executor-2] WARN  server.GrpcLogAppender (LogUtils.java:warn(134)) - fef13e34-0dbf-4746-817d-c78e8f7c15c3@group-1F9A509220C0->3bb49466-767f-41d7-9f84-ceb9d260798c-AppendLogResponseHandler: Failed appendEntries: org.apache.ratis.thirdparty.io.grpc.StatusRuntimeException: UNAVAILABLE: io exception
2019-09-26 19:51:24,252 [grpc-default-executor-2] INFO  impl.FollowerInfo (FollowerInfo.java:lambda$new$0(51)) - fef13e34-0dbf-4746-817d-c78e8f7c15c3@group-1F9A509220C0->3bb49466-767f-41d7-9f84-ceb9d260798c: nextIndex: updateUnconditionally 0 -> 0
2019-09-26 19:51:24,756 [EventQueue-StaleNodeForStaleNodeHandler] INFO  node.StaleNodeHandler (StaleNodeHandler.java:onMessage(58)) - Datanode fef13e34-0dbf-4746-817d-c78e8f7c15c3{ip: 192.168.151.109, host: pr-hdds-2162-kpcbn-4093309294, networkLocation: /default-rack, certSerialId: null} moved to stale state. Finalizing its pipelines [PipelineID=858ef467-749a-48b1-8ae0-231b217414bd, PipelineID=4e761f20-1eaa-4ddf-b824-c0c4af3c933d, PipelineID=f2873588-7ac0-4457-bba9-1f9a509220c0]
2019-09-26 19:51:24,756 [EventQueue-StaleNodeForStaleNodeHandler] INFO  pipeline.SCMPipelineManager (SCMPipelineManager.java:finalizeAndDestroyPipeline(315)) - destroying pipeline:Pipeline[ Id: 858ef467-749a-48b1-8ae0-231b217414bd, Nodes: fef13e34-0dbf-4746-817d-c78e8f7c15c3{ip: 192.168.151.109, host: pr-hdds-2162-kpcbn-4093309294, networkLocation: /default-rack, certSerialId: null}3bb49466-767f-41d7-9f84-ceb9d260798c{ip: 192.168.151.109, host: pr-hdds-2162-kpcbn-4093309294, networkLocation: /default-rack, certSerialId: null}a1b44fb9-0156-41f2-85dc-787860506e71{ip: 192.168.151.109, host: pr-hdds-2162-kpcbn-4093309294, networkLocation: /default-rack, certSerialId: null}, Type:RATIS, Factor:THREE, State:CLOSED]
2019-09-26 19:51:24,756 [EventQueue-StaleNodeForStaleNodeHandler] INFO  pipeline.SCMPipelineManager (SCMPipelineManager.java:finalizeAndDestroyPipeline(315)) - destroying pipeline:Pipeline[ Id: 4e761f20-1eaa-4ddf-b824-c0c4af3c933d, Nodes: fef13e34-0dbf-4746-817d-c78e8f7c15c3{ip: 192.168.151.109, host: pr-hdds-2162-kpcbn-4093309294, networkLocation: /default-rack, certSerialId: null}, Type:RATIS, Factor:ONE, State:OPEN]
2019-09-26 19:51:24,757 [EventQueue-StaleNodeForStaleNodeHandler] INFO  pipeline.PipelineStateManager (PipelineStateManager.java:finalizePipeline(123)) - Pipeline Pipeline[ Id: 4e761f20-1eaa-4ddf-b824-c0c4af3c933d, Nodes: fef13e34-0dbf-4746-817d-c78e8f7c15c3{ip: 192.168.151.109, host: pr-hdds-2162-kpcbn-4093309294, networkLocation: /default-rack, certSerialId: null}, Type:RATIS, Factor:ONE, State:CLOSED] moved to CLOSED state
2019-09-26 19:51:24,757 [EventQueue-StaleNodeForStaleNodeHandler] INFO  pipeline.SCMPipelineManager (SCMPipelineManager.java:finalizeAndDestroyPipeline(315)) - destroying pipeline:Pipeline[ Id: f2873588-7ac0-4457-bba9-1f9a509220c0, Nodes: fef13e34-0dbf-4746-817d-c78e8f7c15c3{ip: 192.168.151.109, host: pr-hdds-2162-kpcbn-4093309294, networkLocation: /default-rack, certSerialId: null}7e99b8b2-8bc7-407b-8312-eeca40f7aa3a{ip: 192.168.151.109, host: pr-hdds-2162-kpcbn-4093309294, networkLocation: /default-rack, certSerialId: null}3bb49466-767f-41d7-9f84-ceb9d260798c{ip: 192.168.151.109, host: pr-hdds-2162-kpcbn-4093309294, networkLocation: /default-rack, certSerialId: null}, Type:RATIS, Factor:THREE, State:CLOSED]
2019-09-26 19:51:26,750 [grpc-default-executor-6] WARN  server.GrpcLogAppender (LogUtils.java:warn(134)) - fef13e34-0dbf-4746-817d-c78e8f7c15c3@group-1F9A509220C0->7e99b8b2-8bc7-407b-8312-eeca40f7aa3a-AppendLogResponseHandler: Failed appendEntries: org.apache.ratis.thirdparty.io.grpc.StatusRuntimeException: UNAVAILABLE: io exception
2019-09-26 19:51:26,752 [grpc-default-executor-6] INFO  impl.FollowerInfo (FollowerInfo.java:lambda$new$0(51)) - fef13e34-0dbf-4746-817d-c78e8f7c15c3@group-1F9A509220C0->7e99b8b2-8bc7-407b-8312-eeca40f7aa3a: nextIndex: updateUnconditionally 0 -> 0
2019-09-26 19:51:26,753 [grpc-default-executor-2] WARN  server.GrpcLogAppender (LogUtils.java:warn(134)) - fef13e34-0dbf-4746-817d-c78e8f7c15c3@group-1F9A509220C0->3bb49466-767f-41d7-9f84-ceb9d260798c-AppendLogResponseHandler: Failed appendEntries: org.apache.ratis.thirdparty.io.grpc.StatusRuntimeException: UNAVAILABLE: io exception
2019-09-26 19:51:26,757 [grpc-default-executor-2] INFO  impl.FollowerInfo (FollowerInfo.java:lambda$new$0(51)) - fef13e34-0dbf-4746-817d-c78e8f7c15c3@group-1F9A509220C0->3bb49466-767f-41d7-9f84-ceb9d260798c: nextIndex: updateUnconditionally 0 -> 0
2019-09-26 19:51:26,928 [ForkJoinPool.commonPool-worker-0] INFO  ozoneimpl.OzoneContainer (OzoneContainer.java:stop(231)) - Attempting to stop container services.
2019-09-26 19:51:26,928 [ForkJoinPool.commonPool-worker-0] INFO  impl.RaftServerProxy (RaftServerProxy.java:lambda$close$4(314)) - fef13e34-0dbf-4746-817d-c78e8f7c15c3: close
2019-09-26 19:51:26,929 [ForkJoinPool.commonPool-worker-0] INFO  impl.RaftServerImpl (RaftServerImpl.java:lambda$shutdown$3(251)) - fef13e34-0dbf-4746-817d-c78e8f7c15c3@group-231B217414BD: shutdown
2019-09-26 19:51:26,929 [ForkJoinPool.commonPool-worker-0] INFO  util.JmxRegister (JmxRegister.java:unregister(73)) - Successfully un-registered JMX Bean with object name Ratis:service=RaftServer,group=group-231B217414BD,id=fef13e34-0dbf-4746-817d-c78e8f7c15c3
2019-09-26 19:51:26,930 [ForkJoinPool.commonPool-worker-0] INFO  impl.RoleInfo (RoleInfo.java:shutdownFollowerState(121)) - fef13e34-0dbf-4746-817d-c78e8f7c15c3: shutdown FollowerState
2019-09-26 19:51:26,930 [ForkJoinPool.commonPool-worker-0] INFO  impl.StateMachineUpdater (StateMachineUpdater.java:stopAndJoin(125)) - fef13e34-0dbf-4746-817d-c78e8f7c15c3@group-231B217414BD-StateMachineUpdater: set stopIndex = -1
2019-09-26 19:51:26,932 [ForkJoinPool.commonPool-worker-0] INFO  impl.RaftServerImpl (ServerState.java:close(385)) - fef13e34-0dbf-4746-817d-c78e8f7c15c3@group-231B217414BD: closes. applyIndex: -1
2019-09-26 19:51:26,931 [Thread-552] INFO  impl.FollowerState (FollowerState.java:run(115)) - fef13e34-0dbf-4746-817d-c78e8f7c15c3: FollowerState was interrupted: java.lang.InterruptedException: sleep interrupted
2019-09-26 19:51:26,933 [fef13e34-0dbf-4746-817d-c78e8f7c15c3@group-231B217414BD-SegmentedRaftLogWorker] INFO  segmented.SegmentedRaftLogWorker (SegmentedRaftLogWorker.java:run(313)) - fef13e34-0dbf-4746-817d-c78e8f7c15c3@group-231B217414BD-SegmentedRaftLogWorker was interrupted, exiting. There are 0 tasks remaining in the queue.
2019-09-26 19:51:26,934 [ForkJoinPool.commonPool-worker-0] INFO  segmented.SegmentedRaftLogWorker (SegmentedRaftLogWorker.java:close(228)) - fef13e34-0dbf-4746-817d-c78e8f7c15c3@group-231B217414BD-SegmentedRaftLogWorker close()
2019-09-26 19:51:26,936 [ForkJoinPool.commonPool-worker-0] INFO  impl.RaftServerImpl (RaftServerImpl.java:lambda$shutdown$3(251)) - fef13e34-0dbf-4746-817d-c78e8f7c15c3@group-C0C4AF3C933D: shutdown
2019-09-26 19:51:26,936 [ForkJoinPool.commonPool-worker-0] INFO  util.JmxRegister (JmxRegister.java:unregister(73)) - Successfully un-registered JMX Bean with object name Ratis:service=RaftServer,group=group-C0C4AF3C933D,id=fef13e34-0dbf-4746-817d-c78e8f7c15c3
2019-09-26 19:51:26,937 [ForkJoinPool.commonPool-worker-0] INFO  impl.RoleInfo (RoleInfo.java:shutdownLeaderState(104)) - fef13e34-0dbf-4746-817d-c78e8f7c15c3: shutdown LeaderState
2019-09-26 19:51:26,937 [ForkJoinPool.commonPool-worker-0] INFO  impl.PendingRequests (PendingRequests.java:sendNotLeaderResponses(202)) - fef13e34-0dbf-4746-817d-c78e8f7c15c3-PendingRequests: sendNotLeaderResponses
2019-09-26 19:51:26,938 [ForkJoinPool.commonPool-worker-0] INFO  impl.StateMachineUpdater (StateMachineUpdater.java:stopAndJoin(125)) - fef13e34-0dbf-4746-817d-c78e8f7c15c3@group-C0C4AF3C933D-StateMachineUpdater: set stopIndex = 0
2019-09-26 19:51:26,938 [ForkJoinPool.commonPool-worker-0] INFO  impl.RaftServerImpl (ServerState.java:close(385)) - fef13e34-0dbf-4746-817d-c78e8f7c15c3@group-C0C4AF3C933D: closes. applyIndex: 0
2019-09-26 19:51:26,939 [fef13e34-0dbf-4746-817d-c78e8f7c15c3@group-C0C4AF3C933D-SegmentedRaftLogWorker] INFO  segmented.SegmentedRaftLogWorker (SegmentedRaftLogWorker.java:run(313)) - fef13e34-0dbf-4746-817d-c78e8f7c15c3@group-C0C4AF3C933D-SegmentedRaftLogWorker was interrupted, exiting. There are 0 tasks remaining in the queue.
2019-09-26 19:51:26,939 [ForkJoinPool.commonPool-worker-0] INFO  segmented.SegmentedRaftLogWorker (SegmentedRaftLogWorker.java:close(228)) - fef13e34-0dbf-4746-817d-c78e8f7c15c3@group-C0C4AF3C933D-SegmentedRaftLogWorker close()
2019-09-26 19:51:26,941 [ForkJoinPool.commonPool-worker-0] INFO  impl.RaftServerImpl (RaftServerImpl.java:lambda$shutdown$3(251)) - fef13e34-0dbf-4746-817d-c78e8f7c15c3@group-1F9A509220C0: shutdown
2019-09-26 19:51:26,941 [ForkJoinPool.commonPool-worker-0] INFO  util.JmxRegister (JmxRegister.java:unregister(73)) - Successfully un-registered JMX Bean with object name Ratis:service=RaftServer,group=group-1F9A509220C0,id=fef13e34-0dbf-4746-817d-c78e8f7c15c3
2019-09-26 19:51:26,942 [ForkJoinPool.commonPool-worker-0] INFO  impl.RoleInfo (RoleInfo.java:shutdownLeaderState(104)) - fef13e34-0dbf-4746-817d-c78e8f7c15c3: shutdown LeaderState
2019-09-26 19:51:26,944 [ForkJoinPool.commonPool-worker-0] INFO  impl.PendingRequests (PendingRequests.java:sendNotLeaderResponses(202)) - fef13e34-0dbf-4746-817d-c78e8f7c15c3-PendingRequests: sendNotLeaderResponses
2019-09-26 19:51:26,944 [org.apache.ratis.server.impl.LogAppender$AppenderDaemon$$Lambda$394/63803831@48731aa9] WARN  server.GrpcLogAppender (GrpcLogAppender.java:mayWait(143)) - fef13e34-0dbf-4746-817d-c78e8f7c15c3@group-1F9A509220C0->3bb49466-767f-41d7-9f84-ceb9d260798c-GrpcLogAppender: Wait interrupted by java.lang.InterruptedException
2019-09-26 19:51:26,944 [ForkJoinPool.commonPool-worker-0] INFO  impl.StateMachineUpdater (StateMachineUpdater.java:stopAndJoin(125)) - fef13e34-0dbf-4746-817d-c78e8f7c15c3@group-1F9A509220C0-StateMachineUpdater: set stopIndex = 0
2019-09-26 19:51:26,944 [org.apache.ratis.server.impl.LogAppender$AppenderDaemon$$Lambda$394/63803831@6eda0590] WARN  server.GrpcLogAppender (GrpcLogAppender.java:mayWait(143)) - fef13e34-0dbf-4746-817d-c78e8f7c15c3@group-1F9A509220C0->7e99b8b2-8bc7-407b-8312-eeca40f7aa3a-GrpcLogAppender: Wait interrupted by java.lang.InterruptedException
2019-09-26 19:51:26,946 [ForkJoinPool.commonPool-worker-0] INFO  impl.RaftServerImpl (ServerState.java:close(385)) - fef13e34-0dbf-4746-817d-c78e8f7c15c3@group-1F9A509220C0: closes. applyIndex: 0
2019-09-26 19:51:26,950 [fef13e34-0dbf-4746-817d-c78e8f7c15c3@group-1F9A509220C0-SegmentedRaftLogWorker] INFO  segmented.SegmentedRaftLogWorker (SegmentedRaftLogWorker.java:run(313)) - fef13e34-0dbf-4746-817d-c78e8f7c15c3@group-1F9A509220C0-SegmentedRaftLogWorker was interrupted, exiting. There are 0 tasks remaining in the queue.
2019-09-26 19:51:26,950 [ForkJoinPool.commonPool-worker-0] INFO  segmented.SegmentedRaftLogWorker (SegmentedRaftLogWorker.java:close(228)) - fef13e34-0dbf-4746-817d-c78e8f7c15c3@group-1F9A509220C0-SegmentedRaftLogWorker close()
2019-09-26 19:51:26,951 [ForkJoinPool.commonPool-worker-0] INFO  server.GrpcService (GrpcService.java:closeImpl(164)) - fef13e34-0dbf-4746-817d-c78e8f7c15c3: shutdown server with port 46084 now
2019-09-26 19:51:26,952 [ForkJoinPool.commonPool-worker-0] INFO  server.GrpcService (GrpcService.java:closeImpl(172)) - fef13e34-0dbf-4746-817d-c78e8f7c15c3: shutdown server with port 46084 successfully
2019-09-26 19:51:26,955 [refreshUsed-/workdir/hadoop-ozone/integration-test/target/test-dir/MiniOzoneClusterImpl-d3bdf5d1-e8ca-4908-b2d0-eb43964eb91e/datanode-5/data/containers] WARN  fs.CachingGetSpaceUsed (CachingGetSpaceUsed.java:run(183)) - Thread Interrupted waiting to refresh disk information: sleep interrupted
2019-09-26 19:51:26,974 [ForkJoinPool.commonPool-worker-0] INFO  utils.BackgroundService (BackgroundService.java:shutdown(148)) - Shutting down service BlockDeletingService
2019-09-26 19:51:26,976 [ForkJoinPool.commonPool-worker-0] INFO  statemachine.DatanodeStateMachine (DatanodeStateMachine.java:stopDaemon(395)) - Ozone container server stopped.
2019-09-26 19:51:26,980 [ForkJoinPool.commonPool-worker-0] INFO  handler.ContextHandler (ContextHandler.java:doStop(910)) - Stopped o.e.j.w.WebAppContext@2bc378f7{/,null,UNAVAILABLE}{/hddsDatanode}
2019-09-26 19:51:26,981 [ForkJoinPool.commonPool-worker-0] INFO  server.AbstractConnector (AbstractConnector.java:doStop(318)) - Stopped ServerConnector@268cbb86{HTTP/1.1,[http/1.1]}{0.0.0.0:0}
2019-09-26 19:51:26,982 [ForkJoinPool.commonPool-worker-0] INFO  handler.ContextHandler (ContextHandler.java:doStop(910)) - Stopped o.e.j.s.ServletContextHandler@31ddb930{/static,jar:file:/home/user/.m2/repository/org/apache/hadoop/hadoop-hdds-container-service/0.5.0-SNAPSHOT/hadoop-hdds-container-service-0.5.0-SNAPSHOT.jar!/webapps/static,UNAVAILABLE}
2019-09-26 19:51:26,983 [ForkJoinPool.commonPool-worker-0] INFO  handler.ContextHandler (ContextHandler.java:doStop(910)) - Stopped o.e.j.s.ServletContextHandler@7e53339{/logs,file:///workdir/hadoop-ozone/integration-test/target/log,UNAVAILABLE}
2019-09-26 19:51:26,984 [main] INFO  ozone.MiniOzoneClusterImpl (MiniOzoneClusterImpl.java:stopSCM(392)) - Stopping the StorageContainerManager
2019-09-26 19:51:26,985 [main] INFO  server.StorageContainerManager (StorageContainerManager.java:stop(808)) - Stopping Replication Manager Service.
2019-09-26 19:51:26,985 [main] INFO  container.ReplicationManager (ReplicationManager.java:stop(203)) - Stopping Replication Monitor Thread.
2019-09-26 19:51:26,985 [main] INFO  server.StorageContainerManager (StorageContainerManager.java:stop(815)) - Stopping Lease Manager of the command watchers
2019-09-26 19:51:26,985 [main] INFO  server.StorageContainerManager (StorageContainerManager.java:stop(822)) - Stopping datanode service RPC server
2019-09-26 19:51:26,986 [main] INFO  server.SCMDatanodeProtocolServer (SCMDatanodeProtocolServer.java:stop(367)) - Stopping the RPC server for DataNodes
2019-09-26 19:51:26,986 [main] INFO  ipc.Server (Server.java:stop(3082)) - Stopping server on 46478
2019-09-26 19:51:26,987 [IPC Server listener on 46478] INFO  ipc.Server (Server.java:run(1185)) - Stopping IPC Server listener on 46478
2019-09-26 19:51:26,988 [IPC Server Responder] INFO  ipc.Server (Server.java:run(1319)) - Stopping IPC Server Responder
2019-09-26 19:51:27,060 [SCM Heartbeat Processing Thread - 0] WARN  node.NodeStateManager (NodeStateManager.java:scheduleNextHealthCheck(646)) - Current Thread is interrupted, shutting down HB processing thread for Node Manager.
2019-09-26 19:51:27,061 [main] INFO  server.StorageContainerManager (StorageContainerManager.java:stop(830)) - Stopping block service RPC server
2019-09-26 19:51:27,061 [main] INFO  server.SCMBlockProtocolServer (SCMBlockProtocolServer.java:stop(155)) - Stopping the RPC server for Block Protocol
2019-09-26 19:51:27,061 [main] INFO  ipc.Server (Server.java:stop(3082)) - Stopping server on 45682
2019-09-26 19:51:27,064 [main] INFO  server.StorageContainerManager (StorageContainerManager.java:stop(837)) - Stopping the StorageContainerLocationProtocol RPC server
2019-09-26 19:51:27,064 [IPC Server listener on 45682] INFO  ipc.Server (Server.java:run(1185)) - Stopping IPC Server listener on 45682
2019-09-26 19:51:27,064 [IPC Server Responder] INFO  ipc.Server (Server.java:run(1319)) - Stopping IPC Server Responder
2019-09-26 19:51:27,064 [main] INFO  server.SCMClientProtocolServer (SCMClientProtocolServer.java:stop(159)) - Stopping the RPC server for Client Protocol
2019-09-26 19:51:27,065 [main] INFO  ipc.Server (Server.java:stop(3082)) - Stopping server on 40863
2019-09-26 19:51:27,067 [IPC Server listener on 40863] INFO  ipc.Server (Server.java:run(1185)) - Stopping IPC Server listener on 40863
2019-09-26 19:51:27,067 [IPC Server Responder] INFO  ipc.Server (Server.java:run(1319)) - Stopping IPC Server Responder
2019-09-26 19:51:27,067 [main] INFO  server.StorageContainerManager (StorageContainerManager.java:stop(844)) - Stopping Storage Container Manager HTTP server.
2019-09-26 19:51:27,069 [main] INFO  handler.ContextHandler (ContextHandler.java:doStop(910)) - Stopped o.e.j.w.WebAppContext@3591009c{/,null,UNAVAILABLE}{/scm}
2019-09-26 19:51:27,069 [main] INFO  server.AbstractConnector (AbstractConnector.java:doStop(318)) - Stopped ServerConnector@2de366bb{HTTP/1.1,[http/1.1]}{0.0.0.0:0}
2019-09-26 19:51:27,070 [main] INFO  handler.ContextHandler (ContextHandler.java:doStop(910)) - Stopped o.e.j.s.ServletContextHandler@64ba3208{/static,file:///workdir/hadoop-ozone/integration-test/target/test-classes/webapps/static,UNAVAILABLE}
2019-09-26 19:51:27,070 [main] INFO  handler.ContextHandler (ContextHandler.java:doStop(910)) - Stopped o.e.j.s.ServletContextHandler@299321e2{/logs,file:///workdir/hadoop-ozone/integration-test/target/log,UNAVAILABLE}
2019-09-26 19:51:27,071 [main] INFO  server.StorageContainerManager (StorageContainerManager.java:stop(855)) - Stopping Block Manager Service.
2019-09-26 19:51:27,071 [main] INFO  utils.BackgroundService (BackgroundService.java:shutdown(148)) - Shutting down service SCMBlockDeletingService
2019-09-26 19:51:27,072 [main] INFO  utils.BackgroundService (BackgroundService.java:shutdown(148)) - Shutting down service SCMBlockDeletingService
2019-09-26 19:51:27,072 [main] INFO  server.StorageContainerManager (StorageContainerManager.java:stop(877)) - Stopping SCM Event Queue.
2019-09-26 19:51:27,082 [main] INFO  impl.MetricsSystemImpl (MetricsSystemImpl.java:stop(210)) - Stopping ratis metrics system...
2019-09-26 19:51:27,091 [prometheus] INFO  impl.MetricsSinkAdapter (MetricsSinkAdapter.java:publishMetricsFromQueue(141)) - prometheus thread interrupted.
2019-09-26 19:51:27,092 [main] INFO  impl.MetricsSystemImpl (MetricsSystemImpl.java:stop(216)) - ratis metrics system stopped.
]]></system-out>
    <system-err><![CDATA[ERROR StatusLogger No Log4j 2 configuration file found. Using default configuration (logging only errors to the console), or user programmatically provided configurations. Set system property 'log4j2.debug' to show Log4j 2 internal initialization logging. See https://logging.apache.org/log4j/2.x/manual/configuration.html for instructions on how to configure Log4j 2
Sep 26, 2019 7:51:11 PM org.apache.ratis.thirdparty.io.grpc.internal.SerializingExecutor run
SEVERE: Exception while executing runnable org.apache.ratis.thirdparty.io.grpc.internal.ServerImpl$JumpToApplicationThreadServerStreamListener$1Closed@4623ccea
org.apache.ratis.thirdparty.io.grpc.StatusRuntimeException: CANCELLED: call already cancelled
	at org.apache.ratis.thirdparty.io.grpc.Status.asRuntimeException(Status.java:517)
	at org.apache.ratis.thirdparty.io.grpc.stub.ServerCalls$ServerCallStreamObserverImpl.onCompleted(ServerCalls.java:356)
	at org.apache.ratis.grpc.server.GrpcServerProtocolService$ServerRequestStreamObserver.onError(GrpcServerProtocolService.java:121)
	at org.apache.ratis.thirdparty.io.grpc.stub.ServerCalls$StreamingServerCallHandler$StreamingServerCallListener.onCancel(ServerCalls.java:269)
	at org.apache.ratis.thirdparty.io.grpc.internal.ServerCallImpl$ServerStreamListenerImpl.closed(ServerCallImpl.java:293)
	at org.apache.ratis.thirdparty.io.grpc.internal.ServerImpl$JumpToApplicationThreadServerStreamListener$1Closed.runInContext(ServerImpl.java:741)
	at org.apache.ratis.thirdparty.io.grpc.internal.ContextRunnable.run(ContextRunnable.java:37)
	at org.apache.ratis.thirdparty.io.grpc.internal.SerializingExecutor.run(SerializingExecutor.java:123)
	at java.util.concurrent.ThreadPoolExecutor.runWorker(ThreadPoolExecutor.java:1149)
	at java.util.concurrent.ThreadPoolExecutor$Worker.run(ThreadPoolExecutor.java:624)
	at java.lang.Thread.run(Thread.java:748)

Sep 26, 2019 7:51:16 PM org.apache.ratis.thirdparty.io.grpc.internal.SerializingExecutor run
SEVERE: Exception while executing runnable org.apache.ratis.thirdparty.io.grpc.internal.ServerImpl$JumpToApplicationThreadServerStreamListener$1Closed@4a80a417
org.apache.ratis.thirdparty.io.grpc.StatusRuntimeException: CANCELLED: call already cancelled
	at org.apache.ratis.thirdparty.io.grpc.Status.asRuntimeException(Status.java:517)
	at org.apache.ratis.thirdparty.io.grpc.stub.ServerCalls$ServerCallStreamObserverImpl.onCompleted(ServerCalls.java:356)
	at org.apache.ratis.grpc.server.GrpcServerProtocolService$ServerRequestStreamObserver.onError(GrpcServerProtocolService.java:121)
	at org.apache.ratis.thirdparty.io.grpc.stub.ServerCalls$StreamingServerCallHandler$StreamingServerCallListener.onCancel(ServerCalls.java:269)
	at org.apache.ratis.thirdparty.io.grpc.internal.ServerCallImpl$ServerStreamListenerImpl.closed(ServerCallImpl.java:293)
	at org.apache.ratis.thirdparty.io.grpc.internal.ServerImpl$JumpToApplicationThreadServerStreamListener$1Closed.runInContext(ServerImpl.java:741)
	at org.apache.ratis.thirdparty.io.grpc.internal.ContextRunnable.run(ContextRunnable.java:37)
	at org.apache.ratis.thirdparty.io.grpc.internal.SerializingExecutor.run(SerializingExecutor.java:123)
	at java.util.concurrent.ThreadPoolExecutor.runWorker(ThreadPoolExecutor.java:1149)
	at java.util.concurrent.ThreadPoolExecutor$Worker.run(ThreadPoolExecutor.java:624)
	at java.lang.Thread.run(Thread.java:748)

Sep 26, 2019 7:51:21 PM org.apache.ratis.thirdparty.io.grpc.internal.SerializingExecutor run
SEVERE: Exception while executing runnable org.apache.ratis.thirdparty.io.grpc.internal.ServerImpl$JumpToApplicationThreadServerStreamListener$1Closed@1090b769
org.apache.ratis.thirdparty.io.grpc.StatusRuntimeException: CANCELLED: call already cancelled
	at org.apache.ratis.thirdparty.io.grpc.Status.asRuntimeException(Status.java:517)
	at org.apache.ratis.thirdparty.io.grpc.stub.ServerCalls$ServerCallStreamObserverImpl.onCompleted(ServerCalls.java:356)
	at org.apache.ratis.grpc.server.GrpcServerProtocolService$ServerRequestStreamObserver.onError(GrpcServerProtocolService.java:121)
	at org.apache.ratis.thirdparty.io.grpc.stub.ServerCalls$StreamingServerCallHandler$StreamingServerCallListener.onCancel(ServerCalls.java:269)
	at org.apache.ratis.thirdparty.io.grpc.internal.ServerCallImpl$ServerStreamListenerImpl.closed(ServerCallImpl.java:293)
	at org.apache.ratis.thirdparty.io.grpc.internal.ServerImpl$JumpToApplicationThreadServerStreamListener$1Closed.runInContext(ServerImpl.java:741)
	at org.apache.ratis.thirdparty.io.grpc.internal.ContextRunnable.run(ContextRunnable.java:37)
	at org.apache.ratis.thirdparty.io.grpc.internal.SerializingExecutor.run(SerializingExecutor.java:123)
	at java.util.concurrent.ThreadPoolExecutor.runWorker(ThreadPoolExecutor.java:1149)
	at java.util.concurrent.ThreadPoolExecutor$Worker.run(ThreadPoolExecutor.java:624)
	at java.lang.Thread.run(Thread.java:748)

]]></system-err>
  </testcase>
</testsuite>