<?xml version="1.0" encoding="UTF-8"?>
<testsuite xmlns:xsi="http://www.w3.org/2001/XMLSchema-instance" xsi:noNamespaceSchemaLocation="https://maven.apache.org/surefire/maven-surefire-plugin/xsd/surefire-test-report.xsd" name="org.apache.hadoop.ozone.client.rpc.TestCommitWatcher" time="141.769" tests="1" errors="1" skipped="0" failures="0">
  <properties>
    <property name="awt.toolkit" value="sun.awt.X11.XToolkit"/>
    <property name="file.encoding.pkg" value="sun.io"/>
    <property name="java.specification.version" value="1.8"/>
    <property name="sun.cpu.isalist" value=""/>
    <property name="sun.jnu.encoding" value="UTF-8"/>
    <property name="java.class.path" value="/workdir/hadoop-ozone/integration-test/target/test-classes:/workdir/hadoop-ozone/integration-test/target/classes:/home/user/.m2/repository/org/apache/hadoop/hadoop-ozone-common/0.5.0-SNAPSHOT/hadoop-ozone-common-0.5.0-SNAPSHOT.jar:/home/user/.m2/repository/org/apache/commons/commons-compress/1.4.1/commons-compress-1.4.1.jar:/home/user/.m2/repository/org/tukaani/xz/1.0/xz-1.0.jar:/home/user/.m2/repository/org/apache/hadoop/hadoop-common/3.2.0/hadoop-common-3.2.0.jar:/home/user/.m2/repository/org/apache/hadoop/hadoop-hdfs/3.2.0/hadoop-hdfs-3.2.0.jar:/home/user/.m2/repository/org/apache/hadoop/hadoop-hdfs-client/3.2.0/hadoop-hdfs-client-3.2.0.jar:/home/user/.m2/repository/com/fasterxml/jackson/core/jackson-annotations/2.9.9/jackson-annotations-2.9.9.jar:/home/user/.m2/repository/org/apache/hadoop/hadoop-hdds-common/0.5.0-SNAPSHOT/hadoop-hdds-common-0.5.0-SNAPSHOT.jar:/home/user/.m2/repository/javax/annotation/javax.annotation-api/1.2/javax.annotation-api-1.2.jar:/home/user/.m2/repository/org/apache/ratis/ratis-server/0.4.0/ratis-server-0.4.0.jar:/home/user/.m2/repository/org/apache/ratis/ratis-thirdparty-misc/0.2.0/ratis-thirdparty-misc-0.2.0.jar:/home/user/.m2/repository/org/apache/ratis/ratis-proto/0.4.0/ratis-proto-0.4.0.jar:/home/user/.m2/repository/org/apache/ratis/ratis-common/0.4.0/ratis-common-0.4.0.jar:/home/user/.m2/repository/org/apache/ratis/ratis-client/0.4.0/ratis-client-0.4.0.jar:/home/user/.m2/repository/org/apache/ratis/ratis-metrics/0.4.0/ratis-metrics-0.4.0.jar:/home/user/.m2/repository/com/github/joshelser/dropwizard-metrics-hadoop-metrics2-reporter/0.1.2/dropwizard-metrics-hadoop-metrics2-reporter-0.1.2.jar:/home/user/.m2/repository/io/dropwizard/metrics/metrics-jvm/3.2.5/metrics-jvm-3.2.5.jar:/home/user/.m2/repository/io/dropwizard/metrics/metrics-ganglia/3.2.5/metrics-ganglia-3.2.5.jar:/home/user/.m2/repository/info/ganglia/gmetric4j/gmetric4j/1.0.7/gmetric4j-1.0.7.jar:/home/user/.m2/repository/org/apache/ratis/ratis-netty/0.4.0/ratis-netty-0.4.0.jar:/home/user/.m2/repository/org/apache/ratis/ratis-grpc/0.4.0/ratis-grpc-0.4.0.jar:/home/user/.m2/repository/org/rocksdb/rocksdbjni/6.0.1/rocksdbjni-6.0.1.jar:/home/user/.m2/repository/org/apache/logging/log4j/log4j-api/2.11.0/log4j-api-2.11.0.jar:/home/user/.m2/repository/org/apache/logging/log4j/log4j-core/2.11.0/log4j-core-2.11.0.jar:/home/user/.m2/repository/com/lmax/disruptor/3.4.2/disruptor-3.4.2.jar:/home/user/.m2/repository/org/apache/commons/commons-pool2/2.6.0/commons-pool2-2.6.0.jar:/home/user/.m2/repository/org/bouncycastle/bcpkix-jdk15on/1.60/bcpkix-jdk15on-1.60.jar:/home/user/.m2/repository/commons-validator/commons-validator/1.6/commons-validator-1.6.jar:/home/user/.m2/repository/commons-digester/commons-digester/1.8.1/commons-digester-1.8.1.jar:/home/user/.m2/repository/io/jaegertracing/jaeger-client/0.34.0/jaeger-client-0.34.0.jar:/home/user/.m2/repository/io/jaegertracing/jaeger-thrift/0.34.0/jaeger-thrift-0.34.0.jar:/home/user/.m2/repository/org/apache/thrift/libthrift/0.12.0/libthrift-0.12.0.jar:/home/user/.m2/repository/com/squareup/okhttp3/okhttp/3.9.0/okhttp-3.9.0.jar:/home/user/.m2/repository/com/squareup/okio/okio/1.13.0/okio-1.13.0.jar:/home/user/.m2/repository/io/jaegertracing/jaeger-core/0.34.0/jaeger-core-0.34.0.jar:/home/user/.m2/repository/io/jaegertracing/jaeger-tracerresolver/0.34.0/jaeger-tracerresolver-0.34.0.jar:/home/user/.m2/repository/io/opentracing/contrib/opentracing-tracerresolver/0.1.5/opentracing-tracerresolver-0.1.5.jar:/home/user/.m2/repository/io/opentracing/opentracing-util/0.31.0/opentracing-util-0.31.0.jar:/home/user/.m2/repository/io/opentracing/opentracing-api/0.31.0/opentracing-api-0.31.0.jar:/home/user/.m2/repository/io/opentracing/opentracing-noop/0.31.0/opentracing-noop-0.31.0.jar:/home/user/.m2/repository/org/apache/hadoop/hadoop-hdds-server-framework/0.5.0-SNAPSHOT/hadoop-hdds-server-framework-0.5.0-SNAPSHOT.jar:/home/user/.m2/repository/org/apache/hadoop/hadoop-hdds-container-service/0.5.0-SNAPSHOT/hadoop-hdds-container-service-0.5.0-SNAPSHOT.jar:/home/user/.m2/repository/org/apache/hadoop/hadoop-hdds-client/0.5.0-SNAPSHOT/hadoop-hdds-client-0.5.0-SNAPSHOT.jar:/home/user/.m2/repository/org/apache/hadoop/hadoop-hdds-tools/0.5.0-SNAPSHOT/hadoop-hdds-tools-0.5.0-SNAPSHOT.jar:/home/user/.m2/repository/org/apache/hadoop/hadoop-hdds-server-scm/0.5.0-SNAPSHOT/hadoop-hdds-server-scm-0.5.0-SNAPSHOT.jar:/home/user/.m2/repository/org/apache/hadoop/hadoop-hdds-docs/0.5.0-SNAPSHOT/hadoop-hdds-docs-0.5.0-SNAPSHOT.jar:/home/user/.m2/repository/io/dropwizard/metrics/metrics-core/3.2.4/metrics-core-3.2.4.jar:/home/user/.m2/repository/org/hamcrest/hamcrest-all/1.3/hamcrest-all-1.3.jar:/home/user/.m2/repository/org/bouncycastle/bcprov-jdk15on/1.60/bcprov-jdk15on-1.60.jar:/home/user/.m2/repository/info/picocli/picocli/3.9.6/picocli-3.9.6.jar:/home/user/.m2/repository/com/google/protobuf/protobuf-java/2.5.0/protobuf-java-2.5.0.jar:/home/user/.m2/repository/com/google/guava/guava/11.0.2/guava-11.0.2.jar:/home/user/.m2/repository/org/apache/hadoop/hadoop-ozone-ozone-manager/0.5.0-SNAPSHOT/hadoop-ozone-ozone-manager-0.5.0-SNAPSHOT.jar:/home/user/.m2/repository/org/apache/hadoop/hadoop-minikdc/3.2.0/hadoop-minikdc-3.2.0.jar:/home/user/.m2/repository/commons-io/commons-io/2.5/commons-io-2.5.jar:/home/user/.m2/repository/org/apache/kerby/kerb-simplekdc/1.0.1/kerb-simplekdc-1.0.1.jar:/home/user/.m2/repository/org/apache/kerby/kerb-client/1.0.1/kerb-client-1.0.1.jar:/home/user/.m2/repository/org/apache/kerby/kerby-config/1.0.1/kerby-config-1.0.1.jar:/home/user/.m2/repository/org/apache/kerby/kerb-core/1.0.1/kerb-core-1.0.1.jar:/home/user/.m2/repository/org/apache/kerby/kerby-pkix/1.0.1/kerby-pkix-1.0.1.jar:/home/user/.m2/repository/org/apache/kerby/kerby-asn1/1.0.1/kerby-asn1-1.0.1.jar:/home/user/.m2/repository/org/apache/kerby/kerby-util/1.0.1/kerby-util-1.0.1.jar:/home/user/.m2/repository/org/apache/kerby/kerb-common/1.0.1/kerb-common-1.0.1.jar:/home/user/.m2/repository/org/apache/kerby/kerb-crypto/1.0.1/kerb-crypto-1.0.1.jar:/home/user/.m2/repository/org/apache/kerby/kerb-util/1.0.1/kerb-util-1.0.1.jar:/home/user/.m2/repository/org/apache/kerby/token-provider/1.0.1/token-provider-1.0.1.jar:/home/user/.m2/repository/org/apache/kerby/kerb-admin/1.0.1/kerb-admin-1.0.1.jar:/home/user/.m2/repository/org/apache/kerby/kerb-server/1.0.1/kerb-server-1.0.1.jar:/home/user/.m2/repository/org/apache/kerby/kerb-identity/1.0.1/kerb-identity-1.0.1.jar:/home/user/.m2/repository/org/apache/kerby/kerby-xdr/1.0.1/kerby-xdr-1.0.1.jar:/home/user/.m2/repository/org/slf4j/slf4j-log4j12/1.7.25/slf4j-log4j12-1.7.25.jar:/home/user/.m2/repository/org/apache/hadoop/hadoop-ozone-s3gateway/0.5.0-SNAPSHOT/hadoop-ozone-s3gateway-0.5.0-SNAPSHOT.jar:/home/user/.m2/repository/org/jboss/weld/servlet/weld-servlet/2.4.7.Final/weld-servlet-2.4.7.Final.jar:/home/user/.m2/repository/org/glassfish/jersey/containers/jersey-container-servlet-core/2.27/jersey-container-servlet-core-2.27.jar:/home/user/.m2/repository/org/glassfish/hk2/external/javax.inject/2.5.0-b42/javax.inject-2.5.0-b42.jar:/home/user/.m2/repository/org/glassfish/jersey/core/jersey-common/2.27/jersey-common-2.27.jar:/home/user/.m2/repository/org/glassfish/hk2/osgi-resource-locator/1.0.1/osgi-resource-locator-1.0.1.jar:/home/user/.m2/repository/javax/ws/rs/javax.ws.rs-api/2.1/javax.ws.rs-api-2.1.jar:/home/user/.m2/repository/org/glassfish/jersey/ext/cdi/jersey-cdi1x/2.27/jersey-cdi1x-2.27.jar:/home/user/.m2/repository/org/glassfish/jersey/inject/jersey-hk2/2.27/jersey-hk2-2.27.jar:/home/user/.m2/repository/org/glassfish/hk2/hk2-locator/2.5.0-b42/hk2-locator-2.5.0-b42.jar:/home/user/.m2/repository/org/javassist/javassist/3.22.0-CR2/javassist-3.22.0-CR2.jar:/home/user/.m2/repository/org/glassfish/hk2/hk2-api/2.5.0/hk2-api-2.5.0.jar:/home/user/.m2/repository/org/glassfish/hk2/external/jakarta.inject/2.5.0/jakarta.inject-2.5.0.jar:/home/user/.m2/repository/org/glassfish/hk2/hk2-utils/2.5.0/hk2-utils-2.5.0.jar:/home/user/.m2/repository/jakarta/annotation/jakarta.annotation-api/1.3.4/jakarta.annotation-api-1.3.4.jar:/home/user/.m2/repository/org/glassfish/hk2/external/aopalliance-repackaged/2.5.0/aopalliance-repackaged-2.5.0.jar:/home/user/.m2/repository/com/fasterxml/jackson/dataformat/jackson-dataformat-xml/2.9.0/jackson-dataformat-xml-2.9.0.jar:/home/user/.m2/repository/com/fasterxml/jackson/core/jackson-core/2.9.9/jackson-core-2.9.9.jar:/home/user/.m2/repository/com/fasterxml/jackson/module/jackson-module-jaxb-annotations/2.9.9/jackson-module-jaxb-annotations-2.9.9.jar:/home/user/.m2/repository/javax/enterprise/cdi-api/1.2/cdi-api-1.2.jar:/home/user/.m2/repository/javax/el/javax.el-api/3.0.0/javax.el-api-3.0.0.jar:/home/user/.m2/repository/javax/interceptor/javax.interceptor-api/1.2/javax.interceptor-api-1.2.jar:/home/user/.m2/repository/javax/inject/javax.inject/1/javax.inject-1.jar:/home/user/.m2/repository/com/sun/xml/bind/jaxb-impl/2.3.0.1/jaxb-impl-2.3.0.1.jar:/home/user/.m2/repository/com/sun/xml/bind/jaxb-core/2.3.0.1/jaxb-core-2.3.0.1.jar:/home/user/.m2/repository/javax/xml/bind/jaxb-api/2.3.0/jaxb-api-2.3.0.jar:/home/user/.m2/repository/javax/activation/activation/1.1.1/activation-1.1.1.jar:/home/user/.m2/repository/org/apache/hadoop/hadoop-ozone-csi/0.5.0-SNAPSHOT/hadoop-ozone-csi-0.5.0-SNAPSHOT.jar:/home/user/.m2/repository/com/google/protobuf/protobuf-java-util/3.5.1/protobuf-java-util-3.5.1.jar:/home/user/.m2/repository/org/apache/hadoop/hadoop-hdds-config/0.5.0-SNAPSHOT/hadoop-hdds-config-0.5.0-SNAPSHOT.jar:/home/user/.m2/repository/io/grpc/grpc-netty/1.17.1/grpc-netty-1.17.1.jar:/home/user/.m2/repository/io/grpc/grpc-core/1.17.1/grpc-core-1.17.1.jar:/home/user/.m2/repository/io/grpc/grpc-context/1.17.1/grpc-context-1.17.1.jar:/home/user/.m2/repository/com/google/errorprone/error_prone_annotations/2.2.0/error_prone_annotations-2.2.0.jar:/home/user/.m2/repository/org/codehaus/mojo/animal-sniffer-annotations/1.17/animal-sniffer-annotations-1.17.jar:/home/user/.m2/repository/io/opencensus/opencensus-api/0.17.0/opencensus-api-0.17.0.jar:/home/user/.m2/repository/io/opencensus/opencensus-contrib-grpc-metrics/0.17.0/opencensus-contrib-grpc-metrics-0.17.0.jar:/home/user/.m2/repository/io/netty/netty-codec-http2/4.1.30.Final/netty-codec-http2-4.1.30.Final.jar:/home/user/.m2/repository/io/netty/netty-codec-http/4.1.30.Final/netty-codec-http-4.1.30.Final.jar:/home/user/.m2/repository/io/netty/netty-codec/4.1.30.Final/netty-codec-4.1.30.Final.jar:/home/user/.m2/repository/io/netty/netty-handler/4.1.30.Final/netty-handler-4.1.30.Final.jar:/home/user/.m2/repository/io/netty/netty-handler-proxy/4.1.30.Final/netty-handler-proxy-4.1.30.Final.jar:/home/user/.m2/repository/io/netty/netty-codec-socks/4.1.30.Final/netty-codec-socks-4.1.30.Final.jar:/home/user/.m2/repository/io/netty/netty-transport-native-epoll/4.1.30.Final/netty-transport-native-epoll-4.1.30.Final.jar:/home/user/.m2/repository/io/netty/netty-common/4.1.30.Final/netty-common-4.1.30.Final.jar:/home/user/.m2/repository/io/netty/netty-buffer/4.1.30.Final/netty-buffer-4.1.30.Final.jar:/home/user/.m2/repository/io/netty/netty-transport/4.1.30.Final/netty-transport-4.1.30.Final.jar:/home/user/.m2/repository/io/netty/netty-resolver/4.1.30.Final/netty-resolver-4.1.30.Final.jar:/home/user/.m2/repository/io/netty/netty-transport-native-unix-common/4.1.30.Final/netty-transport-native-unix-common-4.1.30.Final.jar:/home/user/.m2/repository/io/grpc/grpc-protobuf/1.17.1/grpc-protobuf-1.17.1.jar:/home/user/.m2/repository/com/google/api/grpc/proto-google-common-protos/1.0.0/proto-google-common-protos-1.0.0.jar:/home/user/.m2/repository/io/grpc/grpc-protobuf-lite/1.17.1/grpc-protobuf-lite-1.17.1.jar:/home/user/.m2/repository/io/grpc/grpc-stub/1.17.1/grpc-stub-1.17.1.jar:/home/user/.m2/repository/org/apache/hadoop/hadoop-ozone-recon/0.5.0-SNAPSHOT/hadoop-ozone-recon-0.5.0-SNAPSHOT.jar:/home/user/.m2/repository/org/apache/hadoop/hadoop-ozone-reconcodegen/0.5.0-SNAPSHOT/hadoop-ozone-reconcodegen-0.5.0-SNAPSHOT.jar:/home/user/.m2/repository/com/google/inject/extensions/guice-multibindings/4.0/guice-multibindings-4.0.jar:/home/user/.m2/repository/com/google/inject/guice/4.0/guice-4.0.jar:/home/user/.m2/repository/aopalliance/aopalliance/1.0/aopalliance-1.0.jar:/home/user/.m2/repository/com/google/inject/extensions/guice-servlet/4.0/guice-servlet-4.0.jar:/home/user/.m2/repository/org/glassfish/jersey/containers/jersey-container-servlet/2.27/jersey-container-servlet-2.27.jar:/home/user/.m2/repository/org/glassfish/hk2/guice-bridge/2.5.0/guice-bridge-2.5.0.jar:/home/user/.m2/repository/org/glassfish/jersey/core/jersey-server/2.27/jersey-server-2.27.jar:/home/user/.m2/repository/org/glassfish/jersey/core/jersey-client/2.27/jersey-client-2.27.jar:/home/user/.m2/repository/org/glassfish/jersey/media/jersey-media-jaxb/2.27/jersey-media-jaxb-2.27.jar:/home/user/.m2/repository/javax/validation/validation-api/1.1.0.Final/validation-api-1.1.0.Final.jar:/home/user/.m2/repository/org/glassfish/jersey/media/jersey-media-json-jackson/2.27/jersey-media-json-jackson-2.27.jar:/home/user/.m2/repository/org/glassfish/jersey/ext/jersey-entity-filtering/2.27/jersey-entity-filtering-2.27.jar:/home/user/.m2/repository/com/google/inject/extensions/guice-assistedinject/4.0/guice-assistedinject-4.0.jar:/home/user/.m2/repository/org/jooq/jooq/3.11.10/jooq-3.11.10.jar:/home/user/.m2/repository/org/jooq/jooq-meta/3.11.10/jooq-meta-3.11.10.jar:/home/user/.m2/repository/org/jooq/jooq-codegen/3.11.10/jooq-codegen-3.11.10.jar:/home/user/.m2/repository/com/jolbox/bonecp/0.8.0.RELEASE/bonecp-0.8.0.RELEASE.jar:/home/user/.m2/repository/org/xerial/sqlite-jdbc/3.25.2/sqlite-jdbc-3.25.2.jar:/home/user/.m2/repository/org/springframework/spring-jdbc/5.1.3.RELEASE/spring-jdbc-5.1.3.RELEASE.jar:/home/user/.m2/repository/org/springframework/spring-beans/5.1.3.RELEASE/spring-beans-5.1.3.RELEASE.jar:/home/user/.m2/repository/org/springframework/spring-core/5.1.3.RELEASE/spring-core-5.1.3.RELEASE.jar:/home/user/.m2/repository/org/springframework/spring-jcl/5.1.3.RELEASE/spring-jcl-5.1.3.RELEASE.jar:/home/user/.m2/repository/org/springframework/spring-tx/5.1.3.RELEASE/spring-tx-5.1.3.RELEASE.jar:/home/user/.m2/repository/org/apache/hadoop/hadoop-ozone-client/0.5.0-SNAPSHOT/hadoop-ozone-client-0.5.0-SNAPSHOT.jar:/home/user/.m2/repository/commons-lang/commons-lang/2.6/commons-lang-2.6.jar:/home/user/.m2/repository/org/apache/hadoop/hadoop-ozone-ozone-manager/0.5.0-SNAPSHOT/hadoop-ozone-ozone-manager-0.5.0-SNAPSHOT-tests.jar:/home/user/.m2/repository/junit/junit/4.11/junit-4.11.jar:/home/user/.m2/repository/org/hamcrest/hamcrest-core/1.3/hamcrest-core-1.3.jar:/home/user/.m2/repository/org/openjdk/jmh/jmh-core/1.19/jmh-core-1.19.jar:/home/user/.m2/repository/net/sf/jopt-simple/jopt-simple/4.6/jopt-simple-4.6.jar:/home/user/.m2/repository/org/apache/commons/commons-math3/3.1.1/commons-math3-3.1.1.jar:/home/user/.m2/repository/org/openjdk/jmh/jmh-generator-annprocess/1.19/jmh-generator-annprocess-1.19.jar:/home/user/.m2/repository/org/mockito/mockito-all/1.8.5/mockito-all-1.8.5.jar:/home/user/.m2/repository/org/apache/hadoop/hadoop-kms/3.2.0/hadoop-kms-3.2.0.jar:/home/user/.m2/repository/org/apache/hadoop/hadoop-auth/3.2.0/hadoop-auth-3.2.0.jar:/home/user/.m2/repository/com/nimbusds/nimbus-jose-jwt/4.41.1/nimbus-jose-jwt-4.41.1.jar:/home/user/.m2/repository/com/github/stephenc/jcip/jcip-annotations/1.0-1/jcip-annotations-1.0-1.jar:/home/user/.m2/repository/net/minidev/json-smart/2.3/json-smart-2.3.jar:/home/user/.m2/repository/net/minidev/accessors-smart/1.2/accessors-smart-1.2.jar:/home/user/.m2/repository/org/ow2/asm/asm/5.0.4/asm-5.0.4.jar:/home/user/.m2/repository/org/apache/curator/curator-framework/2.12.0/curator-framework-2.12.0.jar:/home/user/.m2/repository/com/sun/jersey/jersey-core/1.19/jersey-core-1.19.jar:/home/user/.m2/repository/javax/ws/rs/jsr311-api/1.1.1/jsr311-api-1.1.1.jar:/home/user/.m2/repository/com/sun/jersey/jersey-server/1.19/jersey-server-1.19.jar:/home/user/.m2/repository/javax/servlet/javax.servlet-api/3.1.0/javax.servlet-api-3.1.0.jar:/home/user/.m2/repository/org/eclipse/jetty/jetty-server/9.3.25.v20180904/jetty-server-9.3.25.v20180904.jar:/home/user/.m2/repository/org/eclipse/jetty/jetty-http/9.3.25.v20180904/jetty-http-9.3.25.v20180904.jar:/home/user/.m2/repository/org/eclipse/jetty/jetty-io/9.3.25.v20180904/jetty-io-9.3.25.v20180904.jar:/home/user/.m2/repository/org/eclipse/jetty/jetty-webapp/9.3.25.v20180904/jetty-webapp-9.3.25.v20180904.jar:/home/user/.m2/repository/org/eclipse/jetty/jetty-xml/9.3.25.v20180904/jetty-xml-9.3.25.v20180904.jar:/home/user/.m2/repository/log4j/log4j/1.2.17/log4j-1.2.17.jar:/home/user/.m2/repository/org/slf4j/slf4j-api/1.7.25/slf4j-api-1.7.25.jar:/home/user/.m2/repository/org/slf4j/jul-to-slf4j/1.7.25/jul-to-slf4j-1.7.25.jar:/home/user/.m2/repository/org/eclipse/jetty/jetty-util/9.3.25.v20180904/jetty-util-9.3.25.v20180904.jar:/home/user/.m2/repository/com/fasterxml/jackson/core/jackson-databind/2.9.9/jackson-databind-2.9.9.jar:/home/user/.m2/repository/org/apache/hadoop/hadoop-kms/3.2.0/hadoop-kms-3.2.0-tests.jar:/home/user/.m2/repository/org/apache/hadoop/hadoop-hdds-server-scm/0.5.0-SNAPSHOT/hadoop-hdds-server-scm-0.5.0-SNAPSHOT-tests.jar:/home/user/.m2/repository/org/apache/hadoop/hadoop-hdds-container-service/0.5.0-SNAPSHOT/hadoop-hdds-container-service-0.5.0-SNAPSHOT-tests.jar:/home/user/.m2/repository/org/yaml/snakeyaml/1.16/snakeyaml-1.16.jar:/home/user/.m2/repository/org/apache/hadoop/hadoop-common/3.2.0/hadoop-common-3.2.0-tests.jar:/home/user/.m2/repository/org/apache/hadoop/hadoop-annotations/3.2.0/hadoop-annotations-3.2.0.jar:/usr/lib/jvm/java-1.8-openjdk/jre/../lib/tools.jar:/home/user/.m2/repository/commons-cli/commons-cli/1.2/commons-cli-1.2.jar:/home/user/.m2/repository/org/apache/httpcomponents/httpclient/4.5.2/httpclient-4.5.2.jar:/home/user/.m2/repository/org/apache/httpcomponents/httpcore/4.4.4/httpcore-4.4.4.jar:/home/user/.m2/repository/commons-codec/commons-codec/1.11/commons-codec-1.11.jar:/home/user/.m2/repository/commons-net/commons-net/3.6/commons-net-3.6.jar:/home/user/.m2/repository/commons-collections/commons-collections/3.2.2/commons-collections-3.2.2.jar:/home/user/.m2/repository/org/eclipse/jetty/jetty-servlet/9.3.25.v20180904/jetty-servlet-9.3.25.v20180904.jar:/home/user/.m2/repository/org/eclipse/jetty/jetty-security/9.3.25.v20180904/jetty-security-9.3.25.v20180904.jar:/home/user/.m2/repository/javax/servlet/jsp/jsp-api/2.1/jsp-api-2.1.jar:/home/user/.m2/repository/com/sun/jersey/jersey-servlet/1.19/jersey-servlet-1.19.jar:/home/user/.m2/repository/com/sun/jersey/jersey-json/1.19/jersey-json-1.19.jar:/home/user/.m2/repository/org/codehaus/jettison/jettison/1.1/jettison-1.1.jar:/home/user/.m2/repository/org/codehaus/jackson/jackson-core-asl/1.9.13/jackson-core-asl-1.9.13.jar:/home/user/.m2/repository/org/codehaus/jackson/jackson-mapper-asl/1.9.13/jackson-mapper-asl-1.9.13.jar:/home/user/.m2/repository/org/codehaus/jackson/jackson-jaxrs/1.9.13/jackson-jaxrs-1.9.13.jar:/home/user/.m2/repository/org/codehaus/jackson/jackson-xc/1.9.13/jackson-xc-1.9.13.jar:/home/user/.m2/repository/commons-logging/commons-logging/1.1.3/commons-logging-1.1.3.jar:/home/user/.m2/repository/commons-beanutils/commons-beanutils/1.9.4/commons-beanutils-1.9.4.jar:/home/user/.m2/repository/org/apache/commons/commons-configuration2/2.1.1/commons-configuration2-2.1.1.jar:/home/user/.m2/repository/org/apache/commons/commons-lang3/3.7/commons-lang3-3.7.jar:/home/user/.m2/repository/org/apache/commons/commons-text/1.4/commons-text-1.4.jar:/home/user/.m2/repository/org/apache/avro/avro/1.7.7/avro-1.7.7.jar:/home/user/.m2/repository/com/thoughtworks/paranamer/paranamer/2.3/paranamer-2.3.jar:/home/user/.m2/repository/org/xerial/snappy/snappy-java/1.0.5/snappy-java-1.0.5.jar:/home/user/.m2/repository/com/google/re2j/re2j/1.1/re2j-1.1.jar:/home/user/.m2/repository/com/google/code/gson/gson/2.2.4/gson-2.2.4.jar:/home/user/.m2/repository/com/jcraft/jsch/0.1.54/jsch-0.1.54.jar:/home/user/.m2/repository/org/apache/curator/curator-client/2.12.0/curator-client-2.12.0.jar:/home/user/.m2/repository/org/apache/curator/curator-recipes/2.12.0/curator-recipes-2.12.0.jar:/home/user/.m2/repository/com/google/code/findbugs/jsr305/3.0.0/jsr305-3.0.0.jar:/home/user/.m2/repository/org/apache/htrace/htrace-core4/4.1.0-incubating/htrace-core4-4.1.0-incubating.jar:/home/user/.m2/repository/org/apache/zookeeper/zookeeper/3.4.13/zookeeper-3.4.13.jar:/home/user/.m2/repository/jline/jline/0.9.94/jline-0.9.94.jar:/home/user/.m2/repository/org/apache/yetus/audience-annotations/0.5.0/audience-annotations-0.5.0.jar:/home/user/.m2/repository/org/codehaus/woodstox/stax2-api/3.1.4/stax2-api-3.1.4.jar:/home/user/.m2/repository/com/fasterxml/woodstox/woodstox-core/5.0.3/woodstox-core-5.0.3.jar:/home/user/.m2/repository/dnsjava/dnsjava/2.1.7/dnsjava-2.1.7.jar:/home/user/.m2/repository/org/apache/hadoop/hadoop-hdfs/3.2.0/hadoop-hdfs-3.2.0-tests.jar:/home/user/.m2/repository/org/eclipse/jetty/jetty-util-ajax/9.3.25.v20180904/jetty-util-ajax-9.3.25.v20180904.jar:/home/user/.m2/repository/commons-daemon/commons-daemon/1.0.13/commons-daemon-1.0.13.jar:/home/user/.m2/repository/io/netty/netty/3.10.5.Final/netty-3.10.5.Final.jar:/home/user/.m2/repository/io/netty/netty-all/4.0.52.Final/netty-all-4.0.52.Final.jar:/home/user/.m2/repository/org/fusesource/leveldbjni/leveldbjni-all/1.8/leveldbjni-all-1.8.jar:"/>
    <property name="java.vm.vendor" value="IcedTea"/>
    <property name="sun.arch.data.model" value="64"/>
    <property name="test.build.dir" value="/workdir/hadoop-ozone/integration-test/target/test-dir"/>
    <property name="test.cache.data" value=""/>
    <property name="java.vendor.url" value="https://icedtea.classpath.org"/>
    <property name="user.timezone" value=""/>
    <property name="java.vm.specification.version" value="1.8"/>
    <property name="os.name" value="Linux"/>
    <property name="test.build.data" value="/workdir/hadoop-ozone/integration-test/target/test-dir"/>
    <property name="user.country" value="US"/>
    <property name="sun.java.launcher" value="SUN_STANDARD"/>
    <property name="sun.boot.library.path" value="/usr/lib/jvm/java-1.8-openjdk/jre/lib/amd64"/>
    <property name="sun.java.command" value="/workdir/hadoop-ozone/integration-test/target/surefire/surefirebooter7530174057365057817.jar /workdir/hadoop-ozone/integration-test/target/surefire 2019-09-26T18-35-23_830-jvmRun1 surefire8182922142379759174tmp surefire_5710740536498331192tmp"/>
    <property name="test" value="!TestMiniChaosOzoneCluster"/>
    <property name="surefire.test.class.path" value="/workdir/hadoop-ozone/integration-test/target/test-classes:/workdir/hadoop-ozone/integration-test/target/classes:/home/user/.m2/repository/org/apache/hadoop/hadoop-ozone-common/0.5.0-SNAPSHOT/hadoop-ozone-common-0.5.0-SNAPSHOT.jar:/home/user/.m2/repository/org/apache/commons/commons-compress/1.4.1/commons-compress-1.4.1.jar:/home/user/.m2/repository/org/tukaani/xz/1.0/xz-1.0.jar:/home/user/.m2/repository/org/apache/hadoop/hadoop-common/3.2.0/hadoop-common-3.2.0.jar:/home/user/.m2/repository/org/apache/hadoop/hadoop-hdfs/3.2.0/hadoop-hdfs-3.2.0.jar:/home/user/.m2/repository/org/apache/hadoop/hadoop-hdfs-client/3.2.0/hadoop-hdfs-client-3.2.0.jar:/home/user/.m2/repository/com/fasterxml/jackson/core/jackson-annotations/2.9.9/jackson-annotations-2.9.9.jar:/home/user/.m2/repository/org/apache/hadoop/hadoop-hdds-common/0.5.0-SNAPSHOT/hadoop-hdds-common-0.5.0-SNAPSHOT.jar:/home/user/.m2/repository/javax/annotation/javax.annotation-api/1.2/javax.annotation-api-1.2.jar:/home/user/.m2/repository/org/apache/ratis/ratis-server/0.4.0/ratis-server-0.4.0.jar:/home/user/.m2/repository/org/apache/ratis/ratis-thirdparty-misc/0.2.0/ratis-thirdparty-misc-0.2.0.jar:/home/user/.m2/repository/org/apache/ratis/ratis-proto/0.4.0/ratis-proto-0.4.0.jar:/home/user/.m2/repository/org/apache/ratis/ratis-common/0.4.0/ratis-common-0.4.0.jar:/home/user/.m2/repository/org/apache/ratis/ratis-client/0.4.0/ratis-client-0.4.0.jar:/home/user/.m2/repository/org/apache/ratis/ratis-metrics/0.4.0/ratis-metrics-0.4.0.jar:/home/user/.m2/repository/com/github/joshelser/dropwizard-metrics-hadoop-metrics2-reporter/0.1.2/dropwizard-metrics-hadoop-metrics2-reporter-0.1.2.jar:/home/user/.m2/repository/io/dropwizard/metrics/metrics-jvm/3.2.5/metrics-jvm-3.2.5.jar:/home/user/.m2/repository/io/dropwizard/metrics/metrics-ganglia/3.2.5/metrics-ganglia-3.2.5.jar:/home/user/.m2/repository/info/ganglia/gmetric4j/gmetric4j/1.0.7/gmetric4j-1.0.7.jar:/home/user/.m2/repository/org/apache/ratis/ratis-netty/0.4.0/ratis-netty-0.4.0.jar:/home/user/.m2/repository/org/apache/ratis/ratis-grpc/0.4.0/ratis-grpc-0.4.0.jar:/home/user/.m2/repository/org/rocksdb/rocksdbjni/6.0.1/rocksdbjni-6.0.1.jar:/home/user/.m2/repository/org/apache/logging/log4j/log4j-api/2.11.0/log4j-api-2.11.0.jar:/home/user/.m2/repository/org/apache/logging/log4j/log4j-core/2.11.0/log4j-core-2.11.0.jar:/home/user/.m2/repository/com/lmax/disruptor/3.4.2/disruptor-3.4.2.jar:/home/user/.m2/repository/org/apache/commons/commons-pool2/2.6.0/commons-pool2-2.6.0.jar:/home/user/.m2/repository/org/bouncycastle/bcpkix-jdk15on/1.60/bcpkix-jdk15on-1.60.jar:/home/user/.m2/repository/commons-validator/commons-validator/1.6/commons-validator-1.6.jar:/home/user/.m2/repository/commons-digester/commons-digester/1.8.1/commons-digester-1.8.1.jar:/home/user/.m2/repository/io/jaegertracing/jaeger-client/0.34.0/jaeger-client-0.34.0.jar:/home/user/.m2/repository/io/jaegertracing/jaeger-thrift/0.34.0/jaeger-thrift-0.34.0.jar:/home/user/.m2/repository/org/apache/thrift/libthrift/0.12.0/libthrift-0.12.0.jar:/home/user/.m2/repository/com/squareup/okhttp3/okhttp/3.9.0/okhttp-3.9.0.jar:/home/user/.m2/repository/com/squareup/okio/okio/1.13.0/okio-1.13.0.jar:/home/user/.m2/repository/io/jaegertracing/jaeger-core/0.34.0/jaeger-core-0.34.0.jar:/home/user/.m2/repository/io/jaegertracing/jaeger-tracerresolver/0.34.0/jaeger-tracerresolver-0.34.0.jar:/home/user/.m2/repository/io/opentracing/contrib/opentracing-tracerresolver/0.1.5/opentracing-tracerresolver-0.1.5.jar:/home/user/.m2/repository/io/opentracing/opentracing-util/0.31.0/opentracing-util-0.31.0.jar:/home/user/.m2/repository/io/opentracing/opentracing-api/0.31.0/opentracing-api-0.31.0.jar:/home/user/.m2/repository/io/opentracing/opentracing-noop/0.31.0/opentracing-noop-0.31.0.jar:/home/user/.m2/repository/org/apache/hadoop/hadoop-hdds-server-framework/0.5.0-SNAPSHOT/hadoop-hdds-server-framework-0.5.0-SNAPSHOT.jar:/home/user/.m2/repository/org/apache/hadoop/hadoop-hdds-container-service/0.5.0-SNAPSHOT/hadoop-hdds-container-service-0.5.0-SNAPSHOT.jar:/home/user/.m2/repository/org/apache/hadoop/hadoop-hdds-client/0.5.0-SNAPSHOT/hadoop-hdds-client-0.5.0-SNAPSHOT.jar:/home/user/.m2/repository/org/apache/hadoop/hadoop-hdds-tools/0.5.0-SNAPSHOT/hadoop-hdds-tools-0.5.0-SNAPSHOT.jar:/home/user/.m2/repository/org/apache/hadoop/hadoop-hdds-server-scm/0.5.0-SNAPSHOT/hadoop-hdds-server-scm-0.5.0-SNAPSHOT.jar:/home/user/.m2/repository/org/apache/hadoop/hadoop-hdds-docs/0.5.0-SNAPSHOT/hadoop-hdds-docs-0.5.0-SNAPSHOT.jar:/home/user/.m2/repository/io/dropwizard/metrics/metrics-core/3.2.4/metrics-core-3.2.4.jar:/home/user/.m2/repository/org/hamcrest/hamcrest-all/1.3/hamcrest-all-1.3.jar:/home/user/.m2/repository/org/bouncycastle/bcprov-jdk15on/1.60/bcprov-jdk15on-1.60.jar:/home/user/.m2/repository/info/picocli/picocli/3.9.6/picocli-3.9.6.jar:/home/user/.m2/repository/com/google/protobuf/protobuf-java/2.5.0/protobuf-java-2.5.0.jar:/home/user/.m2/repository/com/google/guava/guava/11.0.2/guava-11.0.2.jar:/home/user/.m2/repository/org/apache/hadoop/hadoop-ozone-ozone-manager/0.5.0-SNAPSHOT/hadoop-ozone-ozone-manager-0.5.0-SNAPSHOT.jar:/home/user/.m2/repository/org/apache/hadoop/hadoop-minikdc/3.2.0/hadoop-minikdc-3.2.0.jar:/home/user/.m2/repository/commons-io/commons-io/2.5/commons-io-2.5.jar:/home/user/.m2/repository/org/apache/kerby/kerb-simplekdc/1.0.1/kerb-simplekdc-1.0.1.jar:/home/user/.m2/repository/org/apache/kerby/kerb-client/1.0.1/kerb-client-1.0.1.jar:/home/user/.m2/repository/org/apache/kerby/kerby-config/1.0.1/kerby-config-1.0.1.jar:/home/user/.m2/repository/org/apache/kerby/kerb-core/1.0.1/kerb-core-1.0.1.jar:/home/user/.m2/repository/org/apache/kerby/kerby-pkix/1.0.1/kerby-pkix-1.0.1.jar:/home/user/.m2/repository/org/apache/kerby/kerby-asn1/1.0.1/kerby-asn1-1.0.1.jar:/home/user/.m2/repository/org/apache/kerby/kerby-util/1.0.1/kerby-util-1.0.1.jar:/home/user/.m2/repository/org/apache/kerby/kerb-common/1.0.1/kerb-common-1.0.1.jar:/home/user/.m2/repository/org/apache/kerby/kerb-crypto/1.0.1/kerb-crypto-1.0.1.jar:/home/user/.m2/repository/org/apache/kerby/kerb-util/1.0.1/kerb-util-1.0.1.jar:/home/user/.m2/repository/org/apache/kerby/token-provider/1.0.1/token-provider-1.0.1.jar:/home/user/.m2/repository/org/apache/kerby/kerb-admin/1.0.1/kerb-admin-1.0.1.jar:/home/user/.m2/repository/org/apache/kerby/kerb-server/1.0.1/kerb-server-1.0.1.jar:/home/user/.m2/repository/org/apache/kerby/kerb-identity/1.0.1/kerb-identity-1.0.1.jar:/home/user/.m2/repository/org/apache/kerby/kerby-xdr/1.0.1/kerby-xdr-1.0.1.jar:/home/user/.m2/repository/org/slf4j/slf4j-log4j12/1.7.25/slf4j-log4j12-1.7.25.jar:/home/user/.m2/repository/org/apache/hadoop/hadoop-ozone-s3gateway/0.5.0-SNAPSHOT/hadoop-ozone-s3gateway-0.5.0-SNAPSHOT.jar:/home/user/.m2/repository/org/jboss/weld/servlet/weld-servlet/2.4.7.Final/weld-servlet-2.4.7.Final.jar:/home/user/.m2/repository/org/glassfish/jersey/containers/jersey-container-servlet-core/2.27/jersey-container-servlet-core-2.27.jar:/home/user/.m2/repository/org/glassfish/hk2/external/javax.inject/2.5.0-b42/javax.inject-2.5.0-b42.jar:/home/user/.m2/repository/org/glassfish/jersey/core/jersey-common/2.27/jersey-common-2.27.jar:/home/user/.m2/repository/org/glassfish/hk2/osgi-resource-locator/1.0.1/osgi-resource-locator-1.0.1.jar:/home/user/.m2/repository/javax/ws/rs/javax.ws.rs-api/2.1/javax.ws.rs-api-2.1.jar:/home/user/.m2/repository/org/glassfish/jersey/ext/cdi/jersey-cdi1x/2.27/jersey-cdi1x-2.27.jar:/home/user/.m2/repository/org/glassfish/jersey/inject/jersey-hk2/2.27/jersey-hk2-2.27.jar:/home/user/.m2/repository/org/glassfish/hk2/hk2-locator/2.5.0-b42/hk2-locator-2.5.0-b42.jar:/home/user/.m2/repository/org/javassist/javassist/3.22.0-CR2/javassist-3.22.0-CR2.jar:/home/user/.m2/repository/org/glassfish/hk2/hk2-api/2.5.0/hk2-api-2.5.0.jar:/home/user/.m2/repository/org/glassfish/hk2/external/jakarta.inject/2.5.0/jakarta.inject-2.5.0.jar:/home/user/.m2/repository/org/glassfish/hk2/hk2-utils/2.5.0/hk2-utils-2.5.0.jar:/home/user/.m2/repository/jakarta/annotation/jakarta.annotation-api/1.3.4/jakarta.annotation-api-1.3.4.jar:/home/user/.m2/repository/org/glassfish/hk2/external/aopalliance-repackaged/2.5.0/aopalliance-repackaged-2.5.0.jar:/home/user/.m2/repository/com/fasterxml/jackson/dataformat/jackson-dataformat-xml/2.9.0/jackson-dataformat-xml-2.9.0.jar:/home/user/.m2/repository/com/fasterxml/jackson/core/jackson-core/2.9.9/jackson-core-2.9.9.jar:/home/user/.m2/repository/com/fasterxml/jackson/module/jackson-module-jaxb-annotations/2.9.9/jackson-module-jaxb-annotations-2.9.9.jar:/home/user/.m2/repository/javax/enterprise/cdi-api/1.2/cdi-api-1.2.jar:/home/user/.m2/repository/javax/el/javax.el-api/3.0.0/javax.el-api-3.0.0.jar:/home/user/.m2/repository/javax/interceptor/javax.interceptor-api/1.2/javax.interceptor-api-1.2.jar:/home/user/.m2/repository/javax/inject/javax.inject/1/javax.inject-1.jar:/home/user/.m2/repository/com/sun/xml/bind/jaxb-impl/2.3.0.1/jaxb-impl-2.3.0.1.jar:/home/user/.m2/repository/com/sun/xml/bind/jaxb-core/2.3.0.1/jaxb-core-2.3.0.1.jar:/home/user/.m2/repository/javax/xml/bind/jaxb-api/2.3.0/jaxb-api-2.3.0.jar:/home/user/.m2/repository/javax/activation/activation/1.1.1/activation-1.1.1.jar:/home/user/.m2/repository/org/apache/hadoop/hadoop-ozone-csi/0.5.0-SNAPSHOT/hadoop-ozone-csi-0.5.0-SNAPSHOT.jar:/home/user/.m2/repository/com/google/protobuf/protobuf-java-util/3.5.1/protobuf-java-util-3.5.1.jar:/home/user/.m2/repository/org/apache/hadoop/hadoop-hdds-config/0.5.0-SNAPSHOT/hadoop-hdds-config-0.5.0-SNAPSHOT.jar:/home/user/.m2/repository/io/grpc/grpc-netty/1.17.1/grpc-netty-1.17.1.jar:/home/user/.m2/repository/io/grpc/grpc-core/1.17.1/grpc-core-1.17.1.jar:/home/user/.m2/repository/io/grpc/grpc-context/1.17.1/grpc-context-1.17.1.jar:/home/user/.m2/repository/com/google/errorprone/error_prone_annotations/2.2.0/error_prone_annotations-2.2.0.jar:/home/user/.m2/repository/org/codehaus/mojo/animal-sniffer-annotations/1.17/animal-sniffer-annotations-1.17.jar:/home/user/.m2/repository/io/opencensus/opencensus-api/0.17.0/opencensus-api-0.17.0.jar:/home/user/.m2/repository/io/opencensus/opencensus-contrib-grpc-metrics/0.17.0/opencensus-contrib-grpc-metrics-0.17.0.jar:/home/user/.m2/repository/io/netty/netty-codec-http2/4.1.30.Final/netty-codec-http2-4.1.30.Final.jar:/home/user/.m2/repository/io/netty/netty-codec-http/4.1.30.Final/netty-codec-http-4.1.30.Final.jar:/home/user/.m2/repository/io/netty/netty-codec/4.1.30.Final/netty-codec-4.1.30.Final.jar:/home/user/.m2/repository/io/netty/netty-handler/4.1.30.Final/netty-handler-4.1.30.Final.jar:/home/user/.m2/repository/io/netty/netty-handler-proxy/4.1.30.Final/netty-handler-proxy-4.1.30.Final.jar:/home/user/.m2/repository/io/netty/netty-codec-socks/4.1.30.Final/netty-codec-socks-4.1.30.Final.jar:/home/user/.m2/repository/io/netty/netty-transport-native-epoll/4.1.30.Final/netty-transport-native-epoll-4.1.30.Final.jar:/home/user/.m2/repository/io/netty/netty-common/4.1.30.Final/netty-common-4.1.30.Final.jar:/home/user/.m2/repository/io/netty/netty-buffer/4.1.30.Final/netty-buffer-4.1.30.Final.jar:/home/user/.m2/repository/io/netty/netty-transport/4.1.30.Final/netty-transport-4.1.30.Final.jar:/home/user/.m2/repository/io/netty/netty-resolver/4.1.30.Final/netty-resolver-4.1.30.Final.jar:/home/user/.m2/repository/io/netty/netty-transport-native-unix-common/4.1.30.Final/netty-transport-native-unix-common-4.1.30.Final.jar:/home/user/.m2/repository/io/grpc/grpc-protobuf/1.17.1/grpc-protobuf-1.17.1.jar:/home/user/.m2/repository/com/google/api/grpc/proto-google-common-protos/1.0.0/proto-google-common-protos-1.0.0.jar:/home/user/.m2/repository/io/grpc/grpc-protobuf-lite/1.17.1/grpc-protobuf-lite-1.17.1.jar:/home/user/.m2/repository/io/grpc/grpc-stub/1.17.1/grpc-stub-1.17.1.jar:/home/user/.m2/repository/org/apache/hadoop/hadoop-ozone-recon/0.5.0-SNAPSHOT/hadoop-ozone-recon-0.5.0-SNAPSHOT.jar:/home/user/.m2/repository/org/apache/hadoop/hadoop-ozone-reconcodegen/0.5.0-SNAPSHOT/hadoop-ozone-reconcodegen-0.5.0-SNAPSHOT.jar:/home/user/.m2/repository/com/google/inject/extensions/guice-multibindings/4.0/guice-multibindings-4.0.jar:/home/user/.m2/repository/com/google/inject/guice/4.0/guice-4.0.jar:/home/user/.m2/repository/aopalliance/aopalliance/1.0/aopalliance-1.0.jar:/home/user/.m2/repository/com/google/inject/extensions/guice-servlet/4.0/guice-servlet-4.0.jar:/home/user/.m2/repository/org/glassfish/jersey/containers/jersey-container-servlet/2.27/jersey-container-servlet-2.27.jar:/home/user/.m2/repository/org/glassfish/hk2/guice-bridge/2.5.0/guice-bridge-2.5.0.jar:/home/user/.m2/repository/org/glassfish/jersey/core/jersey-server/2.27/jersey-server-2.27.jar:/home/user/.m2/repository/org/glassfish/jersey/core/jersey-client/2.27/jersey-client-2.27.jar:/home/user/.m2/repository/org/glassfish/jersey/media/jersey-media-jaxb/2.27/jersey-media-jaxb-2.27.jar:/home/user/.m2/repository/javax/validation/validation-api/1.1.0.Final/validation-api-1.1.0.Final.jar:/home/user/.m2/repository/org/glassfish/jersey/media/jersey-media-json-jackson/2.27/jersey-media-json-jackson-2.27.jar:/home/user/.m2/repository/org/glassfish/jersey/ext/jersey-entity-filtering/2.27/jersey-entity-filtering-2.27.jar:/home/user/.m2/repository/com/google/inject/extensions/guice-assistedinject/4.0/guice-assistedinject-4.0.jar:/home/user/.m2/repository/org/jooq/jooq/3.11.10/jooq-3.11.10.jar:/home/user/.m2/repository/org/jooq/jooq-meta/3.11.10/jooq-meta-3.11.10.jar:/home/user/.m2/repository/org/jooq/jooq-codegen/3.11.10/jooq-codegen-3.11.10.jar:/home/user/.m2/repository/com/jolbox/bonecp/0.8.0.RELEASE/bonecp-0.8.0.RELEASE.jar:/home/user/.m2/repository/org/xerial/sqlite-jdbc/3.25.2/sqlite-jdbc-3.25.2.jar:/home/user/.m2/repository/org/springframework/spring-jdbc/5.1.3.RELEASE/spring-jdbc-5.1.3.RELEASE.jar:/home/user/.m2/repository/org/springframework/spring-beans/5.1.3.RELEASE/spring-beans-5.1.3.RELEASE.jar:/home/user/.m2/repository/org/springframework/spring-core/5.1.3.RELEASE/spring-core-5.1.3.RELEASE.jar:/home/user/.m2/repository/org/springframework/spring-jcl/5.1.3.RELEASE/spring-jcl-5.1.3.RELEASE.jar:/home/user/.m2/repository/org/springframework/spring-tx/5.1.3.RELEASE/spring-tx-5.1.3.RELEASE.jar:/home/user/.m2/repository/org/apache/hadoop/hadoop-ozone-client/0.5.0-SNAPSHOT/hadoop-ozone-client-0.5.0-SNAPSHOT.jar:/home/user/.m2/repository/commons-lang/commons-lang/2.6/commons-lang-2.6.jar:/home/user/.m2/repository/org/apache/hadoop/hadoop-ozone-ozone-manager/0.5.0-SNAPSHOT/hadoop-ozone-ozone-manager-0.5.0-SNAPSHOT-tests.jar:/home/user/.m2/repository/junit/junit/4.11/junit-4.11.jar:/home/user/.m2/repository/org/hamcrest/hamcrest-core/1.3/hamcrest-core-1.3.jar:/home/user/.m2/repository/org/openjdk/jmh/jmh-core/1.19/jmh-core-1.19.jar:/home/user/.m2/repository/net/sf/jopt-simple/jopt-simple/4.6/jopt-simple-4.6.jar:/home/user/.m2/repository/org/apache/commons/commons-math3/3.1.1/commons-math3-3.1.1.jar:/home/user/.m2/repository/org/openjdk/jmh/jmh-generator-annprocess/1.19/jmh-generator-annprocess-1.19.jar:/home/user/.m2/repository/org/mockito/mockito-all/1.8.5/mockito-all-1.8.5.jar:/home/user/.m2/repository/org/apache/hadoop/hadoop-kms/3.2.0/hadoop-kms-3.2.0.jar:/home/user/.m2/repository/org/apache/hadoop/hadoop-auth/3.2.0/hadoop-auth-3.2.0.jar:/home/user/.m2/repository/com/nimbusds/nimbus-jose-jwt/4.41.1/nimbus-jose-jwt-4.41.1.jar:/home/user/.m2/repository/com/github/stephenc/jcip/jcip-annotations/1.0-1/jcip-annotations-1.0-1.jar:/home/user/.m2/repository/net/minidev/json-smart/2.3/json-smart-2.3.jar:/home/user/.m2/repository/net/minidev/accessors-smart/1.2/accessors-smart-1.2.jar:/home/user/.m2/repository/org/ow2/asm/asm/5.0.4/asm-5.0.4.jar:/home/user/.m2/repository/org/apache/curator/curator-framework/2.12.0/curator-framework-2.12.0.jar:/home/user/.m2/repository/com/sun/jersey/jersey-core/1.19/jersey-core-1.19.jar:/home/user/.m2/repository/javax/ws/rs/jsr311-api/1.1.1/jsr311-api-1.1.1.jar:/home/user/.m2/repository/com/sun/jersey/jersey-server/1.19/jersey-server-1.19.jar:/home/user/.m2/repository/javax/servlet/javax.servlet-api/3.1.0/javax.servlet-api-3.1.0.jar:/home/user/.m2/repository/org/eclipse/jetty/jetty-server/9.3.25.v20180904/jetty-server-9.3.25.v20180904.jar:/home/user/.m2/repository/org/eclipse/jetty/jetty-http/9.3.25.v20180904/jetty-http-9.3.25.v20180904.jar:/home/user/.m2/repository/org/eclipse/jetty/jetty-io/9.3.25.v20180904/jetty-io-9.3.25.v20180904.jar:/home/user/.m2/repository/org/eclipse/jetty/jetty-webapp/9.3.25.v20180904/jetty-webapp-9.3.25.v20180904.jar:/home/user/.m2/repository/org/eclipse/jetty/jetty-xml/9.3.25.v20180904/jetty-xml-9.3.25.v20180904.jar:/home/user/.m2/repository/log4j/log4j/1.2.17/log4j-1.2.17.jar:/home/user/.m2/repository/org/slf4j/slf4j-api/1.7.25/slf4j-api-1.7.25.jar:/home/user/.m2/repository/org/slf4j/jul-to-slf4j/1.7.25/jul-to-slf4j-1.7.25.jar:/home/user/.m2/repository/org/eclipse/jetty/jetty-util/9.3.25.v20180904/jetty-util-9.3.25.v20180904.jar:/home/user/.m2/repository/com/fasterxml/jackson/core/jackson-databind/2.9.9/jackson-databind-2.9.9.jar:/home/user/.m2/repository/org/apache/hadoop/hadoop-kms/3.2.0/hadoop-kms-3.2.0-tests.jar:/home/user/.m2/repository/org/apache/hadoop/hadoop-hdds-server-scm/0.5.0-SNAPSHOT/hadoop-hdds-server-scm-0.5.0-SNAPSHOT-tests.jar:/home/user/.m2/repository/org/apache/hadoop/hadoop-hdds-container-service/0.5.0-SNAPSHOT/hadoop-hdds-container-service-0.5.0-SNAPSHOT-tests.jar:/home/user/.m2/repository/org/yaml/snakeyaml/1.16/snakeyaml-1.16.jar:/home/user/.m2/repository/org/apache/hadoop/hadoop-common/3.2.0/hadoop-common-3.2.0-tests.jar:/home/user/.m2/repository/org/apache/hadoop/hadoop-annotations/3.2.0/hadoop-annotations-3.2.0.jar:/usr/lib/jvm/java-1.8-openjdk/jre/../lib/tools.jar:/home/user/.m2/repository/commons-cli/commons-cli/1.2/commons-cli-1.2.jar:/home/user/.m2/repository/org/apache/httpcomponents/httpclient/4.5.2/httpclient-4.5.2.jar:/home/user/.m2/repository/org/apache/httpcomponents/httpcore/4.4.4/httpcore-4.4.4.jar:/home/user/.m2/repository/commons-codec/commons-codec/1.11/commons-codec-1.11.jar:/home/user/.m2/repository/commons-net/commons-net/3.6/commons-net-3.6.jar:/home/user/.m2/repository/commons-collections/commons-collections/3.2.2/commons-collections-3.2.2.jar:/home/user/.m2/repository/org/eclipse/jetty/jetty-servlet/9.3.25.v20180904/jetty-servlet-9.3.25.v20180904.jar:/home/user/.m2/repository/org/eclipse/jetty/jetty-security/9.3.25.v20180904/jetty-security-9.3.25.v20180904.jar:/home/user/.m2/repository/javax/servlet/jsp/jsp-api/2.1/jsp-api-2.1.jar:/home/user/.m2/repository/com/sun/jersey/jersey-servlet/1.19/jersey-servlet-1.19.jar:/home/user/.m2/repository/com/sun/jersey/jersey-json/1.19/jersey-json-1.19.jar:/home/user/.m2/repository/org/codehaus/jettison/jettison/1.1/jettison-1.1.jar:/home/user/.m2/repository/org/codehaus/jackson/jackson-core-asl/1.9.13/jackson-core-asl-1.9.13.jar:/home/user/.m2/repository/org/codehaus/jackson/jackson-mapper-asl/1.9.13/jackson-mapper-asl-1.9.13.jar:/home/user/.m2/repository/org/codehaus/jackson/jackson-jaxrs/1.9.13/jackson-jaxrs-1.9.13.jar:/home/user/.m2/repository/org/codehaus/jackson/jackson-xc/1.9.13/jackson-xc-1.9.13.jar:/home/user/.m2/repository/commons-logging/commons-logging/1.1.3/commons-logging-1.1.3.jar:/home/user/.m2/repository/commons-beanutils/commons-beanutils/1.9.4/commons-beanutils-1.9.4.jar:/home/user/.m2/repository/org/apache/commons/commons-configuration2/2.1.1/commons-configuration2-2.1.1.jar:/home/user/.m2/repository/org/apache/commons/commons-lang3/3.7/commons-lang3-3.7.jar:/home/user/.m2/repository/org/apache/commons/commons-text/1.4/commons-text-1.4.jar:/home/user/.m2/repository/org/apache/avro/avro/1.7.7/avro-1.7.7.jar:/home/user/.m2/repository/com/thoughtworks/paranamer/paranamer/2.3/paranamer-2.3.jar:/home/user/.m2/repository/org/xerial/snappy/snappy-java/1.0.5/snappy-java-1.0.5.jar:/home/user/.m2/repository/com/google/re2j/re2j/1.1/re2j-1.1.jar:/home/user/.m2/repository/com/google/code/gson/gson/2.2.4/gson-2.2.4.jar:/home/user/.m2/repository/com/jcraft/jsch/0.1.54/jsch-0.1.54.jar:/home/user/.m2/repository/org/apache/curator/curator-client/2.12.0/curator-client-2.12.0.jar:/home/user/.m2/repository/org/apache/curator/curator-recipes/2.12.0/curator-recipes-2.12.0.jar:/home/user/.m2/repository/com/google/code/findbugs/jsr305/3.0.0/jsr305-3.0.0.jar:/home/user/.m2/repository/org/apache/htrace/htrace-core4/4.1.0-incubating/htrace-core4-4.1.0-incubating.jar:/home/user/.m2/repository/org/apache/zookeeper/zookeeper/3.4.13/zookeeper-3.4.13.jar:/home/user/.m2/repository/jline/jline/0.9.94/jline-0.9.94.jar:/home/user/.m2/repository/org/apache/yetus/audience-annotations/0.5.0/audience-annotations-0.5.0.jar:/home/user/.m2/repository/org/codehaus/woodstox/stax2-api/3.1.4/stax2-api-3.1.4.jar:/home/user/.m2/repository/com/fasterxml/woodstox/woodstox-core/5.0.3/woodstox-core-5.0.3.jar:/home/user/.m2/repository/dnsjava/dnsjava/2.1.7/dnsjava-2.1.7.jar:/home/user/.m2/repository/org/apache/hadoop/hadoop-hdfs/3.2.0/hadoop-hdfs-3.2.0-tests.jar:/home/user/.m2/repository/org/eclipse/jetty/jetty-util-ajax/9.3.25.v20180904/jetty-util-ajax-9.3.25.v20180904.jar:/home/user/.m2/repository/commons-daemon/commons-daemon/1.0.13/commons-daemon-1.0.13.jar:/home/user/.m2/repository/io/netty/netty/3.10.5.Final/netty-3.10.5.Final.jar:/home/user/.m2/repository/io/netty/netty-all/4.0.52.Final/netty-all-4.0.52.Final.jar:/home/user/.m2/repository/org/fusesource/leveldbjni/leveldbjni-all/1.8/leveldbjni-all-1.8.jar:"/>
    <property name="sun.cpu.endian" value="little"/>
    <property name="user.home" value="/home/user"/>
    <property name="user.language" value="en"/>
    <property name="java.specification.vendor" value="Oracle Corporation"/>
    <property name="java.home" value="/usr/lib/jvm/java-1.8-openjdk/jre"/>
    <property name="java.security.krb5.conf" value="/workdir/hadoop-ozone/integration-test/target/test-classes/krb5.conf"/>
    <property name="basedir" value="/workdir/hadoop-ozone/integration-test"/>
    <property name="file.separator" value="/"/>
    <property name="line.separator" value="&#10;"/>
    <property name="java.vm.specification.vendor" value="Oracle Corporation"/>
    <property name="java.specification.name" value="Java Platform API Specification"/>
    <property name="java.awt.graphicsenv" value="sun.awt.X11GraphicsEnvironment"/>
    <property name="surefire.real.class.path" value="/workdir/hadoop-ozone/integration-test/target/surefire/surefirebooter7530174057365057817.jar"/>
    <property name="hadoop.log.dir" value="/workdir/hadoop-ozone/integration-test/target/log"/>
    <property name="sun.boot.class.path" value="/usr/lib/jvm/java-1.8-openjdk/jre/lib/resources.jar:/usr/lib/jvm/java-1.8-openjdk/jre/lib/rt.jar:/usr/lib/jvm/java-1.8-openjdk/jre/lib/sunrsasign.jar:/usr/lib/jvm/java-1.8-openjdk/jre/lib/jsse.jar:/usr/lib/jvm/java-1.8-openjdk/jre/lib/jce.jar:/usr/lib/jvm/java-1.8-openjdk/jre/lib/charsets.jar:/usr/lib/jvm/java-1.8-openjdk/jre/lib/jfr.jar:/usr/lib/jvm/java-1.8-openjdk/jre/classes"/>
    <property name="sun.management.compiler" value="HotSpot 64-Bit Tiered Compilers"/>
    <property name="java.runtime.version" value="1.8.0_212-b04"/>
    <property name="java.net.preferIPv4Stack" value="true"/>
    <property name="user.name" value="jenkins1000"/>
    <property name="path.separator" value=":"/>
    <property name="java.security.egd" value="file:///dev/urandom"/>
    <property name="os.version" value="3.10.0-957.12.2.el7.x86_64"/>
    <property name="java.endorsed.dirs" value="/usr/lib/jvm/java-1.8-openjdk/jre/lib/endorsed"/>
    <property name="java.runtime.name" value="OpenJDK Runtime Environment"/>
    <property name="file.encoding" value="UTF-8"/>
    <property name="java.vm.name" value="OpenJDK 64-Bit Server VM"/>
    <property name="test.build.webapps" value=""/>
    <property name="localRepository" value="/home/user/.m2/repository"/>
    <property name="java.vendor.url.bug" value="https://icedtea.classpath.org/bugzilla"/>
    <property name="java.io.tmpdir" value="/tmp"/>
    <property name="require.test.libhadoop" value=""/>
    <property name="java.version" value="1.8.0_212"/>
    <property name="user.dir" value="/workdir/hadoop-ozone/integration-test"/>
    <property name="os.arch" value="amd64"/>
    <property name="java.vm.specification.name" value="Java Virtual Machine Specification"/>
    <property name="test.build.classes" value="/workdir/hadoop-ozone/integration-test/target/test-classes"/>
    <property name="java.awt.printerjob" value="sun.print.PSPrinterJob"/>
    <property name="sun.os.patch.level" value="unknown"/>
    <property name="hadoop.tmp.dir" value="/workdir/hadoop-ozone/integration-test/target/tmp"/>
    <property name="java.library.path" value="/usr/lib/jvm/java-1.8-openjdk/jre/lib/amd64/server:/usr/lib/jvm/java-1.8-openjdk/jre/lib/amd64:/usr/lib/jvm/java-1.8-openjdk/jre/../lib/amd64:/workdir/hadoop-ozone/integration-test/target/native/target/usr/local/lib:/workdir/hadoop-ozone/integration-test/../../hadoop-common-project/hadoop-common/target/native/target/usr/local/lib:/usr/java/packages/lib/amd64:/usr/lib64:/lib64:/lib:/usr/lib"/>
    <property name="java.vm.info" value="mixed mode"/>
    <property name="java.vendor" value="IcedTea"/>
    <property name="java.vm.version" value="25.212-b04"/>
    <property name="java.ext.dirs" value="/usr/lib/jvm/java-1.8-openjdk/jre/lib/ext:/usr/java/packages/lib/ext"/>
    <property name="sun.io.unicode.encoding" value="UnicodeLittle"/>
    <property name="java.class.version" value="52.0"/>
  </properties>
  <testcase name="org.apache.hadoop.ozone.client.rpc.TestCommitWatcher" classname="org.apache.hadoop.ozone.client.rpc.TestCommitWatcher" time="141.769">
    <error message="Connection refused" type="java.net.ConnectException"><![CDATA[java.net.ConnectException: Connection refused
	at sun.nio.ch.SocketChannelImpl.checkConnect(Native Method)
	at sun.nio.ch.SocketChannelImpl.finishConnect(SocketChannelImpl.java:717)
	at org.apache.hadoop.net.SocketIOWithTimeout.connect(SocketIOWithTimeout.java:206)
	at org.apache.hadoop.net.NetUtils.connect(NetUtils.java:531)
	at org.apache.hadoop.ipc.Client$Connection.setupConnection(Client.java:690)
	at org.apache.hadoop.ipc.Client$Connection.setupIOstreams(Client.java:794)
	at org.apache.hadoop.ipc.Client$Connection.access$3700(Client.java:411)
	at org.apache.hadoop.ipc.Client.getConnection(Client.java:1572)
	at org.apache.hadoop.ipc.Client.call(Client.java:1403)
	at org.apache.hadoop.ipc.Client.call(Client.java:1367)
	at org.apache.hadoop.ipc.ProtobufRpcEngine$Invoker.invoke(ProtobufRpcEngine.java:228)
	at org.apache.hadoop.ipc.ProtobufRpcEngine$Invoker.invoke(ProtobufRpcEngine.java:116)
	at com.sun.proxy.$Proxy36.submitRequest(Unknown Source)
	at sun.reflect.NativeMethodAccessorImpl.invoke0(Native Method)
	at sun.reflect.NativeMethodAccessorImpl.invoke(NativeMethodAccessorImpl.java:62)
	at sun.reflect.DelegatingMethodAccessorImpl.invoke(DelegatingMethodAccessorImpl.java:43)
	at java.lang.reflect.Method.invoke(Method.java:498)
	at org.apache.hadoop.io.retry.RetryInvocationHandler.invokeMethod(RetryInvocationHandler.java:422)
	at org.apache.hadoop.io.retry.RetryInvocationHandler$Call.invokeMethod(RetryInvocationHandler.java:165)
	at org.apache.hadoop.io.retry.RetryInvocationHandler$Call.invoke(RetryInvocationHandler.java:157)
	at org.apache.hadoop.io.retry.RetryInvocationHandler$Call.invokeOnce(RetryInvocationHandler.java:95)
	at org.apache.hadoop.io.retry.RetryInvocationHandler.invoke(RetryInvocationHandler.java:359)
	at com.sun.proxy.$Proxy36.submitRequest(Unknown Source)
	at org.apache.hadoop.ozone.om.protocolPB.OzoneManagerProtocolClientSideTranslatorPB.submitRequest(OzoneManagerProtocolClientSideTranslatorPB.java:338)
	at org.apache.hadoop.ozone.om.protocolPB.OzoneManagerProtocolClientSideTranslatorPB.getServiceInfo(OzoneManagerProtocolClientSideTranslatorPB.java:1223)
	at sun.reflect.NativeMethodAccessorImpl.invoke0(Native Method)
	at sun.reflect.NativeMethodAccessorImpl.invoke(NativeMethodAccessorImpl.java:62)
	at sun.reflect.DelegatingMethodAccessorImpl.invoke(DelegatingMethodAccessorImpl.java:43)
	at java.lang.reflect.Method.invoke(Method.java:498)
	at org.apache.hadoop.hdds.tracing.TraceAllMethod.invoke(TraceAllMethod.java:66)
	at com.sun.proxy.$Proxy37.getServiceInfo(Unknown Source)
	at org.apache.hadoop.ozone.client.rpc.RpcClient.<init>(RpcClient.java:154)
	at org.apache.hadoop.ozone.client.OzoneClientFactory.getClientProtocol(OzoneClientFactory.java:256)
	at org.apache.hadoop.ozone.client.OzoneClientFactory.getClientProtocol(OzoneClientFactory.java:239)
	at org.apache.hadoop.ozone.client.OzoneClientFactory.getClient(OzoneClientFactory.java:75)
	at org.apache.hadoop.ozone.client.rpc.TestCommitWatcher.init(TestCommitWatcher.java:107)
	at sun.reflect.NativeMethodAccessorImpl.invoke0(Native Method)
	at sun.reflect.NativeMethodAccessorImpl.invoke(NativeMethodAccessorImpl.java:62)
	at sun.reflect.DelegatingMethodAccessorImpl.invoke(DelegatingMethodAccessorImpl.java:43)
	at java.lang.reflect.Method.invoke(Method.java:498)
	at org.junit.runners.model.FrameworkMethod$1.runReflectiveCall(FrameworkMethod.java:47)
	at org.junit.internal.runners.model.ReflectiveCallable.run(ReflectiveCallable.java:12)
	at org.junit.runners.model.FrameworkMethod.invokeExplosively(FrameworkMethod.java:44)
	at org.junit.internal.runners.statements.RunBefores.evaluate(RunBefores.java:24)
	at org.junit.internal.runners.statements.RunAfters.evaluate(RunAfters.java:27)
	at org.junit.runners.ParentRunner.run(ParentRunner.java:309)
	at org.apache.maven.surefire.junit4.JUnit4Provider.execute(JUnit4Provider.java:365)
	at org.apache.maven.surefire.junit4.JUnit4Provider.executeWithRerun(JUnit4Provider.java:273)
	at org.apache.maven.surefire.junit4.JUnit4Provider.executeTestSet(JUnit4Provider.java:238)
	at org.apache.maven.surefire.junit4.JUnit4Provider.invoke(JUnit4Provider.java:159)
	at org.apache.maven.surefire.booter.ForkedBooter.invokeProviderInSameClassLoader(ForkedBooter.java:384)
	at org.apache.maven.surefire.booter.ForkedBooter.runSuitesInProcess(ForkedBooter.java:345)
	at org.apache.maven.surefire.booter.ForkedBooter.execute(ForkedBooter.java:126)
	at org.apache.maven.surefire.booter.ForkedBooter.main(ForkedBooter.java:418)
]]></error>
    <system-out><![CDATA[2019-09-26 19:34:44,025 [main] WARN  server.ServerUtils (ServerUtils.java:getScmDbDir(145)) - ozone.scm.db.dirs is not configured. We recommend adding this setting. Falling back to ozone.metadata.dirs instead.
2019-09-26 19:34:44,109 [main] WARN  server.ServerUtils (ServerUtils.java:getScmDbDir(145)) - ozone.scm.db.dirs is not configured. We recommend adding this setting. Falling back to ozone.metadata.dirs instead.
2019-09-26 19:34:44,112 [main] WARN  server.ServerUtils (ServerUtils.java:getScmDbDir(145)) - ozone.scm.db.dirs is not configured. We recommend adding this setting. Falling back to ozone.metadata.dirs instead.
2019-09-26 19:34:44,129 [main] INFO  util.log (Log.java:initialized(192)) - Logging initialized @784ms
2019-09-26 19:34:44,224 [main] INFO  db.DBStoreBuilder (DBStoreBuilder.java:addTable(110)) - using custom profile for table: deletedBlocks
2019-09-26 19:34:44,224 [main] INFO  db.DBStoreBuilder (DBStoreBuilder.java:processTables(161)) - Using default column profile:DBProfile.DISK for Table:deletedBlocks
2019-09-26 19:34:44,224 [main] INFO  db.DBStoreBuilder (DBStoreBuilder.java:addTable(110)) - using custom profile for table: validCerts
2019-09-26 19:34:44,225 [main] INFO  db.DBStoreBuilder (DBStoreBuilder.java:processTables(161)) - Using default column profile:DBProfile.DISK for Table:validCerts
2019-09-26 19:34:44,225 [main] INFO  db.DBStoreBuilder (DBStoreBuilder.java:addTable(110)) - using custom profile for table: revokedCerts
2019-09-26 19:34:44,225 [main] INFO  db.DBStoreBuilder (DBStoreBuilder.java:processTables(161)) - Using default column profile:DBProfile.DISK for Table:revokedCerts
2019-09-26 19:34:44,235 [main] INFO  db.DBStoreBuilder (DBStoreBuilder.java:addTable(110)) - using custom profile for table: default
2019-09-26 19:34:44,236 [main] INFO  db.DBStoreBuilder (DBStoreBuilder.java:processTables(167)) - Using default column profile:DBProfile.DISK for Table:default
2019-09-26 19:34:44,237 [main] INFO  db.DBStoreBuilder (DBStoreBuilder.java:getDbProfile(198)) - Using default options. DBProfile.DISK
2019-09-26 19:34:44,490 [main] INFO  net.NodeSchemaLoader (NodeSchemaLoader.java:loadSchemaFromFile(125)) - Loading file from sun.misc.CompoundEnumeration@30c15d8b
2019-09-26 19:34:44,493 [main] INFO  net.NodeSchemaLoader (NodeSchemaLoader.java:loadSchema(171)) - Loading network topology layer schema file
2019-09-26 19:34:44,579 [main] INFO  node.SCMNodeManager (SCMNodeManager.java:<init>(114)) - Entering startup safe mode.
2019-09-26 19:34:44,648 [main] INFO  algorithms.ContainerPlacementPolicyFactory (ContainerPlacementPolicyFactory.java:getPolicy(57)) - Create container placement policy of type org.apache.hadoop.hdds.scm.container.placement.algorithms.SCMContainerPlacementRandom
2019-09-26 19:34:44,662 [main] WARN  server.ServerUtils (ServerUtils.java:getScmDbDir(145)) - ozone.scm.db.dirs is not configured. We recommend adding this setting. Falling back to ozone.metadata.dirs instead.
2019-09-26 19:34:44,707 [main] INFO  pipeline.SCMPipelineManager (SCMPipelineManager.java:initializePipelineState(132)) - No pipeline exists in current db
2019-09-26 19:34:44,709 [main] WARN  server.ServerUtils (ServerUtils.java:getScmDbDir(145)) - ozone.scm.db.dirs is not configured. We recommend adding this setting. Falling back to ozone.metadata.dirs instead.
2019-09-26 19:34:44,830 [main] WARN  events.EventQueue (EventQueue.java:fireEvent(183)) - No event handler registered for event TypedEvent{payloadType=SafeModeStatus, name='SafeModeStatus'}
2019-09-26 19:34:45,202 [main] INFO  ipc.CallQueueManager (CallQueueManager.java:<init>(84)) - Using callQueue: class java.util.concurrent.LinkedBlockingQueue, queueCapacity: 2000, scheduler: class org.apache.hadoop.ipc.DefaultRpcScheduler, ipcBackoff: false.
2019-09-26 19:34:45,323 [Socket Reader #1 for port 35701] INFO  ipc.Server (Server.java:run(1074)) - Starting Socket Reader #1 for port 35701
2019-09-26 19:34:45,350 [main] INFO  ipc.CallQueueManager (CallQueueManager.java:<init>(84)) - Using callQueue: class java.util.concurrent.LinkedBlockingQueue, queueCapacity: 2000, scheduler: class org.apache.hadoop.ipc.DefaultRpcScheduler, ipcBackoff: false.
2019-09-26 19:34:45,351 [Socket Reader #1 for port 41069] INFO  ipc.Server (Server.java:run(1074)) - Starting Socket Reader #1 for port 41069
2019-09-26 19:34:45,359 [main] INFO  ipc.CallQueueManager (CallQueueManager.java:<init>(84)) - Using callQueue: class java.util.concurrent.LinkedBlockingQueue, queueCapacity: 2000, scheduler: class org.apache.hadoop.ipc.DefaultRpcScheduler, ipcBackoff: false.
2019-09-26 19:34:45,360 [Socket Reader #1 for port 38957] INFO  ipc.Server (Server.java:run(1074)) - Starting Socket Reader #1 for port 38957
2019-09-26 19:34:45,381 [main] INFO  hdfs.DFSUtil (DFSUtil.java:httpServerTemplateForNNAndJN(1641)) - Starting Web-server for scm at: http://0.0.0.0:0
2019-09-26 19:34:45,537 [main] INFO  server.AuthenticationFilter (AuthenticationFilter.java:constructSecretProvider(240)) - Unable to initialize FileSignerSecretProvider, falling back to use random secrets.
2019-09-26 19:34:45,545 [main] WARN  http.HttpRequestLog (HttpRequestLog.java:getRequestLog(97)) - Jetty request log can only be enabled using Log4j
2019-09-26 19:34:45,553 [main] INFO  http.HttpServer2 (HttpServer2.java:addGlobalFilter(975)) - Added global filter 'safety' (class=org.apache.hadoop.http.HttpServer2$QuotingInputFilter)
2019-09-26 19:34:45,555 [main] INFO  http.HttpServer2 (HttpServer2.java:addFilter(948)) - Added filter static_user_filter (class=org.apache.hadoop.http.lib.StaticUserWebFilter$StaticUserFilter) to context scm
2019-09-26 19:34:45,555 [main] INFO  http.HttpServer2 (HttpServer2.java:addFilter(958)) - Added filter static_user_filter (class=org.apache.hadoop.http.lib.StaticUserWebFilter$StaticUserFilter) to context logs
2019-09-26 19:34:45,556 [main] INFO  http.HttpServer2 (HttpServer2.java:addFilter(958)) - Added filter static_user_filter (class=org.apache.hadoop.http.lib.StaticUserWebFilter$StaticUserFilter) to context static
2019-09-26 19:34:45,585 [main] INFO  server.StorageContainerManager (StorageContainerManager.java:start(770)) - StorageContainerLocationProtocol RPC server is listening at /0.0.0.0:38957
2019-09-26 19:34:45,640 [main] WARN  impl.MetricsConfig (MetricsConfig.java:loadFirst(134)) - Cannot locate configuration: tried hadoop-metrics2-storagecontainermanager.properties,hadoop-metrics2.properties
2019-09-26 19:34:45,652 [main] INFO  impl.MetricsSystemImpl (MetricsSystemImpl.java:startTimer(374)) - Scheduled Metric snapshot period at 10 second(s).
2019-09-26 19:34:45,652 [main] INFO  impl.MetricsSystemImpl (MetricsSystemImpl.java:start(191)) - StorageContainerManager metrics system started
2019-09-26 19:34:45,867 [main] INFO  server.SCMClientProtocolServer (SCMClientProtocolServer.java:start(151)) - RPC server for Client  is listening at /0.0.0.0:38957
2019-09-26 19:34:45,868 [IPC Server Responder] INFO  ipc.Server (Server.java:run(1314)) - IPC Server Responder: starting
2019-09-26 19:34:45,868 [IPC Server listener on 38957] INFO  ipc.Server (Server.java:run(1153)) - IPC Server listener on 38957: starting
2019-09-26 19:34:45,872 [main] INFO  server.StorageContainerManager (StorageContainerManager.java:start(780)) - ScmBlockLocationProtocol RPC server is listening at /0.0.0.0:41069
2019-09-26 19:34:45,873 [main] INFO  server.SCMBlockProtocolServer (SCMBlockProtocolServer.java:start(146)) - RPC server for Block Protocol is listening at /0.0.0.0:41069
2019-09-26 19:34:45,874 [IPC Server Responder] INFO  ipc.Server (Server.java:run(1314)) - IPC Server Responder: starting
2019-09-26 19:34:45,875 [IPC Server listener on 41069] INFO  ipc.Server (Server.java:run(1153)) - IPC Server listener on 41069: starting
2019-09-26 19:34:45,884 [main] INFO  server.StorageContainerManager (StorageContainerManager.java:start(784)) - ScmDatanodeProtocl RPC server is listening at /0.0.0.0:35701
2019-09-26 19:34:45,885 [main] INFO  server.SCMDatanodeProtocolServer (SCMDatanodeProtocolServer.java:start(191)) - RPC server for DataNodes is listening at /0.0.0.0:35701
2019-09-26 19:34:45,885 [IPC Server Responder] INFO  ipc.Server (Server.java:run(1314)) - IPC Server Responder: starting
2019-09-26 19:34:45,885 [IPC Server listener on 35701] INFO  ipc.Server (Server.java:run(1153)) - IPC Server listener on 35701: starting
2019-09-26 19:34:45,889 [main] INFO  http.HttpServer2 (HttpServer2.java:bindListener(1191)) - Jetty bound to port 43300
2019-09-26 19:34:45,891 [main] INFO  server.Server (Server.java:doStart(351)) - jetty-9.3.25.v20180904, build timestamp: 2018-09-04T21:11:46Z, git hash: 3ce520221d0240229c862b122d2b06c12a625732
2019-09-26 19:34:45,926 [main] INFO  handler.ContextHandler (ContextHandler.java:doStart(781)) - Started o.e.j.s.ServletContextHandler@56303b57{/logs,file:///workdir/hadoop-ozone/integration-test/target/log,AVAILABLE}
2019-09-26 19:34:45,927 [main] INFO  handler.ContextHandler (ContextHandler.java:doStart(781)) - Started o.e.j.s.ServletContextHandler@8692d67{/static,file:///workdir/hadoop-ozone/integration-test/target/test-classes/webapps/static,AVAILABLE}
2019-09-26 19:34:45,958 [main] INFO  handler.ContextHandler (ContextHandler.java:doStart(781)) - Started o.e.j.w.WebAppContext@5003041b{/,file:///workdir/hadoop-ozone/integration-test/target/test-classes/webapps/scm/,AVAILABLE}{/scm}
2019-09-26 19:34:45,964 [main] INFO  server.AbstractConnector (AbstractConnector.java:doStart(278)) - Started ServerConnector@1b822fcc{HTTP/1.1,[http/1.1]}{0.0.0.0:43300}
2019-09-26 19:34:45,964 [main] INFO  server.Server (Server.java:doStart(419)) - Started @2619ms
2019-09-26 19:34:45,966 [main] INFO  impl.MetricsSinkAdapter (MetricsSinkAdapter.java:start(204)) - Sink prometheus started
2019-09-26 19:34:45,966 [main] INFO  impl.MetricsSystemImpl (MetricsSystemImpl.java:registerSink(301)) - Registered sink prometheus
2019-09-26 19:34:45,968 [main] INFO  server.BaseHttpServer (BaseHttpServer.java:updateConnectorAddress(215)) - HTTP server of SCM is listening at http://0.0.0.0:43300
2019-09-26 19:34:45,977 [org.apache.hadoop.util.JvmPauseMonitor$Monitor@5aceec94] INFO  util.JvmPauseMonitor (JvmPauseMonitor.java:run(188)) - Starting JVM pause monitor
2019-09-26 19:34:45,979 [main] WARN  server.ServerUtils (ServerUtils.java:getDBPath(222)) - ozone.om.db.dirs is not configured. We recommend adding this setting. Falling back to ozone.metadata.dirs instead.
2019-09-26 19:34:46,356 [main] INFO  ha.OMHANodeDetails (OMHANodeDetails.java:loadOMHAConfig(194)) - Configuration either no ozone.om.address set. Falling back to the default OM address /127.0.0.1:0
2019-09-26 19:34:46,356 [main] INFO  ha.OMHANodeDetails (OMHANodeDetails.java:getOMNodeDetails(224)) - OM Service ID is not set. Setting it to the default ID: omServiceIdDefault
2019-09-26 19:34:46,357 [main] WARN  server.ServerUtils (ServerUtils.java:getDBPath(222)) - ozone.om.db.dirs is not configured. We recommend adding this setting. Falling back to ozone.metadata.dirs instead.
2019-09-26 19:34:46,358 [main] WARN  server.ServerUtils (ServerUtils.java:getDBPath(222)) - ozone.om.db.dirs is not configured. We recommend adding this setting. Falling back to ozone.metadata.dirs instead.
2019-09-26 19:34:47,158 [main] WARN  server.ServerUtils (ServerUtils.java:getDBPath(222)) - ozone.om.db.dirs is not configured. We recommend adding this setting. Falling back to ozone.metadata.dirs instead.
2019-09-26 19:34:47,166 [main] INFO  db.DBStoreBuilder (DBStoreBuilder.java:addTable(110)) - using custom profile for table: userTable
2019-09-26 19:34:47,166 [main] INFO  db.DBStoreBuilder (DBStoreBuilder.java:processTables(161)) - Using default column profile:DBProfile.DISK for Table:userTable
2019-09-26 19:34:47,166 [main] INFO  db.DBStoreBuilder (DBStoreBuilder.java:addTable(110)) - using custom profile for table: volumeTable
2019-09-26 19:34:47,167 [main] INFO  db.DBStoreBuilder (DBStoreBuilder.java:processTables(161)) - Using default column profile:DBProfile.DISK for Table:volumeTable
2019-09-26 19:34:47,167 [main] INFO  db.DBStoreBuilder (DBStoreBuilder.java:addTable(110)) - using custom profile for table: bucketTable
2019-09-26 19:34:47,167 [main] INFO  db.DBStoreBuilder (DBStoreBuilder.java:processTables(161)) - Using default column profile:DBProfile.DISK for Table:bucketTable
2019-09-26 19:34:47,167 [main] INFO  db.DBStoreBuilder (DBStoreBuilder.java:addTable(110)) - using custom profile for table: keyTable
2019-09-26 19:34:47,167 [main] INFO  db.DBStoreBuilder (DBStoreBuilder.java:processTables(161)) - Using default column profile:DBProfile.DISK for Table:keyTable
2019-09-26 19:34:47,168 [main] INFO  db.DBStoreBuilder (DBStoreBuilder.java:addTable(110)) - using custom profile for table: deletedTable
2019-09-26 19:34:47,168 [main] INFO  db.DBStoreBuilder (DBStoreBuilder.java:processTables(161)) - Using default column profile:DBProfile.DISK for Table:deletedTable
2019-09-26 19:34:47,168 [main] INFO  db.DBStoreBuilder (DBStoreBuilder.java:addTable(110)) - using custom profile for table: openKeyTable
2019-09-26 19:34:47,168 [main] INFO  db.DBStoreBuilder (DBStoreBuilder.java:processTables(161)) - Using default column profile:DBProfile.DISK for Table:openKeyTable
2019-09-26 19:34:47,169 [main] INFO  db.DBStoreBuilder (DBStoreBuilder.java:addTable(110)) - using custom profile for table: s3Table
2019-09-26 19:34:47,169 [main] INFO  db.DBStoreBuilder (DBStoreBuilder.java:processTables(161)) - Using default column profile:DBProfile.DISK for Table:s3Table
2019-09-26 19:34:47,169 [main] INFO  db.DBStoreBuilder (DBStoreBuilder.java:addTable(110)) - using custom profile for table: multipartInfoTable
2019-09-26 19:34:47,169 [main] INFO  db.DBStoreBuilder (DBStoreBuilder.java:processTables(161)) - Using default column profile:DBProfile.DISK for Table:multipartInfoTable
2019-09-26 19:34:47,170 [main] INFO  db.DBStoreBuilder (DBStoreBuilder.java:addTable(110)) - using custom profile for table: dTokenTable
2019-09-26 19:34:47,170 [main] INFO  db.DBStoreBuilder (DBStoreBuilder.java:processTables(161)) - Using default column profile:DBProfile.DISK for Table:dTokenTable
2019-09-26 19:34:47,170 [main] INFO  db.DBStoreBuilder (DBStoreBuilder.java:addTable(110)) - using custom profile for table: s3SecretTable
2019-09-26 19:34:47,170 [main] INFO  db.DBStoreBuilder (DBStoreBuilder.java:processTables(161)) - Using default column profile:DBProfile.DISK for Table:s3SecretTable
2019-09-26 19:34:47,171 [main] INFO  db.DBStoreBuilder (DBStoreBuilder.java:addTable(110)) - using custom profile for table: prefixTable
2019-09-26 19:34:47,171 [main] INFO  db.DBStoreBuilder (DBStoreBuilder.java:processTables(161)) - Using default column profile:DBProfile.DISK for Table:prefixTable
2019-09-26 19:34:47,171 [main] INFO  db.DBStoreBuilder (DBStoreBuilder.java:addTable(110)) - using custom profile for table: default
2019-09-26 19:34:47,171 [main] INFO  db.DBStoreBuilder (DBStoreBuilder.java:processTables(167)) - Using default column profile:DBProfile.DISK for Table:default
2019-09-26 19:34:47,171 [main] INFO  db.DBStoreBuilder (DBStoreBuilder.java:getDbProfile(198)) - Using default options. DBProfile.DISK
2019-09-26 19:34:47,655 [main] INFO  ipc.CallQueueManager (CallQueueManager.java:<init>(84)) - Using callQueue: class java.util.concurrent.LinkedBlockingQueue, queueCapacity: 2000, scheduler: class org.apache.hadoop.ipc.DefaultRpcScheduler, ipcBackoff: false.
2019-09-26 19:34:47,656 [Socket Reader #1 for port 45123] INFO  ipc.Server (Server.java:run(1074)) - Starting Socket Reader #1 for port 45123
2019-09-26 19:34:47,679 [main] INFO  om.OzoneManager (OzoneManager.java:start(1069)) - OzoneManager RPC server is listening at localhost/127.0.0.1:45123
2019-09-26 19:34:47,679 [main] INFO  impl.MetricsSystemImpl (MetricsSystemImpl.java:init(158)) - OzoneManager metrics system started (again)
2019-09-26 19:34:47,680 [IPC Server Responder] INFO  ipc.Server (Server.java:run(1314)) - IPC Server Responder: starting
2019-09-26 19:34:47,680 [IPC Server listener on 45123] INFO  ipc.Server (Server.java:run(1153)) - IPC Server listener on 45123: starting
2019-09-26 19:34:47,685 [main] INFO  hdfs.DFSUtil (DFSUtil.java:httpServerTemplateForNNAndJN(1641)) - Starting Web-server for ozoneManager at: http://0.0.0.0:0
2019-09-26 19:34:47,687 [main] INFO  server.AuthenticationFilter (AuthenticationFilter.java:constructSecretProvider(240)) - Unable to initialize FileSignerSecretProvider, falling back to use random secrets.
2019-09-26 19:34:47,688 [main] WARN  http.HttpRequestLog (HttpRequestLog.java:getRequestLog(97)) - Jetty request log can only be enabled using Log4j
2019-09-26 19:34:47,691 [main] INFO  http.HttpServer2 (HttpServer2.java:addGlobalFilter(975)) - Added global filter 'safety' (class=org.apache.hadoop.http.HttpServer2$QuotingInputFilter)
2019-09-26 19:34:47,692 [main] INFO  http.HttpServer2 (HttpServer2.java:addFilter(948)) - Added filter static_user_filter (class=org.apache.hadoop.http.lib.StaticUserWebFilter$StaticUserFilter) to context ozoneManager
2019-09-26 19:34:47,692 [main] INFO  http.HttpServer2 (HttpServer2.java:addFilter(958)) - Added filter static_user_filter (class=org.apache.hadoop.http.lib.StaticUserWebFilter$StaticUserFilter) to context static
2019-09-26 19:34:47,692 [main] INFO  http.HttpServer2 (HttpServer2.java:addFilter(958)) - Added filter static_user_filter (class=org.apache.hadoop.http.lib.StaticUserWebFilter$StaticUserFilter) to context logs
2019-09-26 19:34:47,695 [main] INFO  http.HttpServer2 (HttpServer2.java:bindListener(1191)) - Jetty bound to port 38358
2019-09-26 19:34:47,695 [main] INFO  server.Server (Server.java:doStart(351)) - jetty-9.3.25.v20180904, build timestamp: 2018-09-04T21:11:46Z, git hash: 3ce520221d0240229c862b122d2b06c12a625732
2019-09-26 19:34:47,697 [main] INFO  handler.ContextHandler (ContextHandler.java:doStart(781)) - Started o.e.j.s.ServletContextHandler@26dcd8c0{/logs,file:///workdir/hadoop-ozone/integration-test/target/log,AVAILABLE}
2019-09-26 19:34:47,698 [main] INFO  handler.ContextHandler (ContextHandler.java:doStart(781)) - Started o.e.j.s.ServletContextHandler@444548a0{/static,file:///workdir/hadoop-ozone/integration-test/target/test-classes/webapps/static,AVAILABLE}
2019-09-26 19:34:47,704 [main] INFO  handler.ContextHandler (ContextHandler.java:doStart(781)) - Started o.e.j.w.WebAppContext@5eb97ced{/,file:///workdir/hadoop-ozone/integration-test/target/test-classes/webapps/ozoneManager/,AVAILABLE}{/ozoneManager}
2019-09-26 19:34:47,705 [main] INFO  server.AbstractConnector (AbstractConnector.java:doStart(278)) - Started ServerConnector@68ba310d{HTTP/1.1,[http/1.1]}{0.0.0.0:38358}
2019-09-26 19:34:47,706 [main] INFO  server.Server (Server.java:doStart(419)) - Started @4361ms
2019-09-26 19:34:47,706 [main] WARN  impl.MetricsSystemImpl (MetricsSystemImpl.java:register(276)) - Sink prometheus already exists!
2019-09-26 19:34:47,708 [main] INFO  server.BaseHttpServer (BaseHttpServer.java:updateConnectorAddress(215)) - HTTP server of OZONEMANAGER is listening at http://0.0.0.0:38358
2019-09-26 19:34:48,004 [main] INFO  impl.MetricsSystemImpl (MetricsSystemImpl.java:init(158)) - HddsDatanode metrics system started (again)
2019-09-26 19:34:48,056 [main] INFO  ozone.HddsDatanodeService (HddsDatanodeService.java:start(184)) - HddsDatanodeService host:pr-hdds-2162-kpcbn-4093309294 ip:192.168.151.109
2019-09-26 19:34:48,088 [main] INFO  volume.HddsVolume (HddsVolume.java:<init>(176)) - Creating Volume: /workdir/hadoop-ozone/integration-test/target/test-dir/MiniOzoneClusterImpl-4433af00-9fad-440b-a2a6-00e4f6de7d20/datanode-0/data/containers/hdds of  storage type : DISK and capacity : 1482555576320
2019-09-26 19:34:48,089 [main] INFO  volume.VolumeSet (VolumeSet.java:initializeVolumeSet(170)) - Added Volume : /workdir/hadoop-ozone/integration-test/target/test-dir/MiniOzoneClusterImpl-4433af00-9fad-440b-a2a6-00e4f6de7d20/datanode-0/data/containers/hdds to VolumeSet
2019-09-26 19:34:48,092 [main] INFO  volume.ThrottledAsyncChecker (ThrottledAsyncChecker.java:schedule(139)) - Scheduling a check for org.apache.hadoop.ozone.container.common.volume.HddsVolume@3b05a99b
2019-09-26 19:34:48,110 [main] INFO  volume.HddsVolumeChecker (HddsVolumeChecker.java:checkAllVolumes(202)) - Scheduled health check for volume org.apache.hadoop.ozone.container.common.volume.HddsVolume@3b05a99b
2019-09-26 19:34:48,265 [main] INFO  impl.RaftServerProxy (ConfUtils.java:logGet(43)) - raft.rpc.type = GRPC (default)
2019-09-26 19:34:48,348 [main] INFO  grpc.GrpcFactory (GrpcFactory.java:checkPooledByteBufAllocatorUseCacheForAllThreads(45)) - PERFORMANCE WARNING: useCacheForAllThreads is true that may cause Netty to create a lot garbage objects and, as a result, trigger GC.
	It is recommended to disable useCacheForAllThreads by setting -Dorg.apache.ratis.thirdparty.io.netty.allocator.useCacheForAllThreads=false in command line.
2019-09-26 19:34:48,353 [main] INFO  grpc.GrpcConfigKeys$Server (ConfUtils.java:logGet(43)) - raft.grpc.server.port = 0 (default)
2019-09-26 19:34:48,354 [main] INFO  server.GrpcService (ConfUtils.java:logGet(43)) - raft.grpc.message.size.max = 33570816 (custom)
2019-09-26 19:34:48,355 [main] INFO  server.RaftServerConfigKeys (ConfUtils.java:logGet(43)) - raft.server.log.appender.buffer.byte-limit = 33554432 (custom)
2019-09-26 19:34:48,356 [main] INFO  server.GrpcService (ConfUtils.java:logGet(43)) - raft.grpc.flow.control.window = 1MB (=1048576) (default)
2019-09-26 19:34:48,357 [main] INFO  server.RaftServerConfigKeys (ConfUtils.java:logGet(43)) - raft.server.rpc.request.timeout = 3000ms (default)
2019-09-26 19:34:48,505 [main] INFO  server.RaftServerConfigKeys (ConfUtils.java:logGet(43)) - raft.server.storage.dir = [/workdir/hadoop-ozone/integration-test/target/test-dir/MiniOzoneClusterImpl-4433af00-9fad-440b-a2a6-00e4f6de7d20/datanode-0/data/ratis] (custom)
2019-09-26 19:34:48,552 [main] INFO  hdfs.DFSUtil (DFSUtil.java:httpServerTemplateForNNAndJN(1641)) - Starting Web-server for hddsDatanode at: http://0.0.0.0:0
2019-09-26 19:34:48,554 [main] INFO  server.AuthenticationFilter (AuthenticationFilter.java:constructSecretProvider(240)) - Unable to initialize FileSignerSecretProvider, falling back to use random secrets.
2019-09-26 19:34:48,554 [main] WARN  http.HttpRequestLog (HttpRequestLog.java:getRequestLog(97)) - Jetty request log can only be enabled using Log4j
2019-09-26 19:34:48,556 [main] INFO  http.HttpServer2 (HttpServer2.java:addGlobalFilter(975)) - Added global filter 'safety' (class=org.apache.hadoop.http.HttpServer2$QuotingInputFilter)
2019-09-26 19:34:48,557 [main] INFO  http.HttpServer2 (HttpServer2.java:addFilter(948)) - Added filter static_user_filter (class=org.apache.hadoop.http.lib.StaticUserWebFilter$StaticUserFilter) to context hddsDatanode
2019-09-26 19:34:48,557 [main] INFO  http.HttpServer2 (HttpServer2.java:addFilter(958)) - Added filter static_user_filter (class=org.apache.hadoop.http.lib.StaticUserWebFilter$StaticUserFilter) to context logs
2019-09-26 19:34:48,557 [main] INFO  http.HttpServer2 (HttpServer2.java:addFilter(958)) - Added filter static_user_filter (class=org.apache.hadoop.http.lib.StaticUserWebFilter$StaticUserFilter) to context static
2019-09-26 19:34:48,558 [main] INFO  http.HttpServer2 (HttpServer2.java:bindListener(1191)) - Jetty bound to port 43381
2019-09-26 19:34:48,558 [main] INFO  server.Server (Server.java:doStart(351)) - jetty-9.3.25.v20180904, build timestamp: 2018-09-04T21:11:46Z, git hash: 3ce520221d0240229c862b122d2b06c12a625732
2019-09-26 19:34:48,560 [main] INFO  handler.ContextHandler (ContextHandler.java:doStart(781)) - Started o.e.j.s.ServletContextHandler@4eba373c{/logs,file:///workdir/hadoop-ozone/integration-test/target/log,AVAILABLE}
2019-09-26 19:34:48,561 [main] INFO  handler.ContextHandler (ContextHandler.java:doStart(781)) - Started o.e.j.s.ServletContextHandler@d109c4f{/static,jar:file:/home/user/.m2/repository/org/apache/hadoop/hadoop-hdds-container-service/0.5.0-SNAPSHOT/hadoop-hdds-container-service-0.5.0-SNAPSHOT.jar!/webapps/static,AVAILABLE}
2019-09-26 19:34:48,591 [main] INFO  handler.ContextHandler (ContextHandler.java:doStart(781)) - Started o.e.j.w.WebAppContext@6edcad64{/,file:///tmp/jetty-0.0.0.0-43381-hddsDatanode-_-any-5198923746127755494.dir/webapp/,AVAILABLE}{/hddsDatanode}
2019-09-26 19:34:48,591 [main] INFO  server.AbstractConnector (AbstractConnector.java:doStart(278)) - Started ServerConnector@4c6007fb{HTTP/1.1,[http/1.1]}{0.0.0.0:43381}
2019-09-26 19:34:48,592 [main] INFO  server.Server (Server.java:doStart(419)) - Started @5247ms
2019-09-26 19:34:48,592 [main] WARN  impl.MetricsSystemImpl (MetricsSystemImpl.java:register(276)) - Sink prometheus already exists!
2019-09-26 19:34:48,595 [main] INFO  server.BaseHttpServer (BaseHttpServer.java:updateConnectorAddress(215)) - HTTP server of HDDSDATANODE is listening at http://0.0.0.0:43381
2019-09-26 19:34:48,596 [main] INFO  impl.MetricsSystemImpl (MetricsSystemImpl.java:init(158)) - HddsDatanode metrics system started (again)
2019-09-26 19:34:48,603 [main] INFO  ozone.HddsDatanodeService (HddsDatanodeService.java:start(184)) - HddsDatanodeService host:pr-hdds-2162-kpcbn-4093309294 ip:192.168.151.109
2019-09-26 19:34:48,604 [org.apache.hadoop.util.JvmPauseMonitor$Monitor@50ddf61] INFO  util.JvmPauseMonitor (JvmPauseMonitor.java:run(188)) - Starting JVM pause monitor
2019-09-26 19:34:48,614 [main] INFO  volume.HddsVolume (HddsVolume.java:<init>(176)) - Creating Volume: /workdir/hadoop-ozone/integration-test/target/test-dir/MiniOzoneClusterImpl-4433af00-9fad-440b-a2a6-00e4f6de7d20/datanode-1/data/containers/hdds of  storage type : DISK and capacity : 1482555576320
2019-09-26 19:34:48,614 [main] INFO  volume.VolumeSet (VolumeSet.java:initializeVolumeSet(170)) - Added Volume : /workdir/hadoop-ozone/integration-test/target/test-dir/MiniOzoneClusterImpl-4433af00-9fad-440b-a2a6-00e4f6de7d20/datanode-1/data/containers/hdds to VolumeSet
2019-09-26 19:34:48,614 [main] INFO  volume.ThrottledAsyncChecker (ThrottledAsyncChecker.java:schedule(139)) - Scheduling a check for org.apache.hadoop.ozone.container.common.volume.HddsVolume@cb7fa71
2019-09-26 19:34:48,616 [main] INFO  volume.HddsVolumeChecker (HddsVolumeChecker.java:checkAllVolumes(202)) - Scheduled health check for volume org.apache.hadoop.ozone.container.common.volume.HddsVolume@cb7fa71
2019-09-26 19:34:48,638 [main] INFO  impl.RaftServerProxy (ConfUtils.java:logGet(43)) - raft.rpc.type = GRPC (default)
2019-09-26 19:34:48,638 [main] INFO  grpc.GrpcFactory (GrpcFactory.java:checkPooledByteBufAllocatorUseCacheForAllThreads(45)) - PERFORMANCE WARNING: useCacheForAllThreads is true that may cause Netty to create a lot garbage objects and, as a result, trigger GC.
	It is recommended to disable useCacheForAllThreads by setting -Dorg.apache.ratis.thirdparty.io.netty.allocator.useCacheForAllThreads=false in command line.
2019-09-26 19:34:48,639 [main] INFO  grpc.GrpcConfigKeys$Server (ConfUtils.java:logGet(43)) - raft.grpc.server.port = 0 (default)
2019-09-26 19:34:48,639 [main] INFO  server.GrpcService (ConfUtils.java:logGet(43)) - raft.grpc.message.size.max = 33570816 (custom)
2019-09-26 19:34:48,640 [main] INFO  server.RaftServerConfigKeys (ConfUtils.java:logGet(43)) - raft.server.log.appender.buffer.byte-limit = 33554432 (custom)
2019-09-26 19:34:48,640 [main] INFO  server.GrpcService (ConfUtils.java:logGet(43)) - raft.grpc.flow.control.window = 1MB (=1048576) (default)
2019-09-26 19:34:48,640 [main] INFO  server.RaftServerConfigKeys (ConfUtils.java:logGet(43)) - raft.server.rpc.request.timeout = 3000ms (default)
2019-09-26 19:34:48,641 [main] INFO  server.RaftServerConfigKeys (ConfUtils.java:logGet(43)) - raft.server.storage.dir = [/workdir/hadoop-ozone/integration-test/target/test-dir/MiniOzoneClusterImpl-4433af00-9fad-440b-a2a6-00e4f6de7d20/datanode-1/data/ratis] (custom)
2019-09-26 19:34:48,643 [main] INFO  hdfs.DFSUtil (DFSUtil.java:httpServerTemplateForNNAndJN(1641)) - Starting Web-server for hddsDatanode at: http://0.0.0.0:0
2019-09-26 19:34:48,645 [main] INFO  server.AuthenticationFilter (AuthenticationFilter.java:constructSecretProvider(240)) - Unable to initialize FileSignerSecretProvider, falling back to use random secrets.
2019-09-26 19:34:48,646 [main] WARN  http.HttpRequestLog (HttpRequestLog.java:getRequestLog(97)) - Jetty request log can only be enabled using Log4j
2019-09-26 19:34:48,648 [main] INFO  http.HttpServer2 (HttpServer2.java:addGlobalFilter(975)) - Added global filter 'safety' (class=org.apache.hadoop.http.HttpServer2$QuotingInputFilter)
2019-09-26 19:34:48,649 [main] INFO  http.HttpServer2 (HttpServer2.java:addFilter(948)) - Added filter static_user_filter (class=org.apache.hadoop.http.lib.StaticUserWebFilter$StaticUserFilter) to context hddsDatanode
2019-09-26 19:34:48,649 [main] INFO  http.HttpServer2 (HttpServer2.java:addFilter(958)) - Added filter static_user_filter (class=org.apache.hadoop.http.lib.StaticUserWebFilter$StaticUserFilter) to context static
2019-09-26 19:34:48,649 [main] INFO  http.HttpServer2 (HttpServer2.java:addFilter(958)) - Added filter static_user_filter (class=org.apache.hadoop.http.lib.StaticUserWebFilter$StaticUserFilter) to context logs
2019-09-26 19:34:48,650 [main] INFO  http.HttpServer2 (HttpServer2.java:bindListener(1191)) - Jetty bound to port 46364
2019-09-26 19:34:48,650 [main] INFO  server.Server (Server.java:doStart(351)) - jetty-9.3.25.v20180904, build timestamp: 2018-09-04T21:11:46Z, git hash: 3ce520221d0240229c862b122d2b06c12a625732
2019-09-26 19:34:48,653 [main] INFO  handler.ContextHandler (ContextHandler.java:doStart(781)) - Started o.e.j.s.ServletContextHandler@59dc36d4{/logs,file:///workdir/hadoop-ozone/integration-test/target/log,AVAILABLE}
2019-09-26 19:34:48,654 [main] INFO  handler.ContextHandler (ContextHandler.java:doStart(781)) - Started o.e.j.s.ServletContextHandler@5679e96b{/static,jar:file:/home/user/.m2/repository/org/apache/hadoop/hadoop-hdds-container-service/0.5.0-SNAPSHOT/hadoop-hdds-container-service-0.5.0-SNAPSHOT.jar!/webapps/static,AVAILABLE}
2019-09-26 19:34:48,685 [main] INFO  handler.ContextHandler (ContextHandler.java:doStart(781)) - Started o.e.j.w.WebAppContext@2924f1d8{/,file:///tmp/jetty-0.0.0.0-46364-hddsDatanode-_-any-5869150057792377254.dir/webapp/,AVAILABLE}{/hddsDatanode}
2019-09-26 19:34:48,687 [main] INFO  server.AbstractConnector (AbstractConnector.java:doStart(278)) - Started ServerConnector@524a076e{HTTP/1.1,[http/1.1]}{0.0.0.0:46364}
2019-09-26 19:34:48,687 [main] INFO  server.Server (Server.java:doStart(419)) - Started @5343ms
2019-09-26 19:34:48,687 [main] WARN  impl.MetricsSystemImpl (MetricsSystemImpl.java:register(276)) - Sink prometheus already exists!
2019-09-26 19:34:48,688 [main] INFO  server.BaseHttpServer (BaseHttpServer.java:updateConnectorAddress(215)) - HTTP server of HDDSDATANODE is listening at http://0.0.0.0:46364
2019-09-26 19:34:48,689 [main] INFO  impl.MetricsSystemImpl (MetricsSystemImpl.java:init(158)) - HddsDatanode metrics system started (again)
2019-09-26 19:34:48,691 [org.apache.hadoop.util.JvmPauseMonitor$Monitor@1737c10c] INFO  util.JvmPauseMonitor (JvmPauseMonitor.java:run(188)) - Starting JVM pause monitor
2019-09-26 19:34:48,692 [main] INFO  ozone.HddsDatanodeService (HddsDatanodeService.java:start(184)) - HddsDatanodeService host:pr-hdds-2162-kpcbn-4093309294 ip:192.168.151.109
2019-09-26 19:34:48,698 [main] INFO  volume.HddsVolume (HddsVolume.java:<init>(176)) - Creating Volume: /workdir/hadoop-ozone/integration-test/target/test-dir/MiniOzoneClusterImpl-4433af00-9fad-440b-a2a6-00e4f6de7d20/datanode-2/data/containers/hdds of  storage type : DISK and capacity : 1482555576320
2019-09-26 19:34:48,698 [main] INFO  volume.VolumeSet (VolumeSet.java:initializeVolumeSet(170)) - Added Volume : /workdir/hadoop-ozone/integration-test/target/test-dir/MiniOzoneClusterImpl-4433af00-9fad-440b-a2a6-00e4f6de7d20/datanode-2/data/containers/hdds to VolumeSet
2019-09-26 19:34:48,698 [main] INFO  volume.ThrottledAsyncChecker (ThrottledAsyncChecker.java:schedule(139)) - Scheduling a check for org.apache.hadoop.ozone.container.common.volume.HddsVolume@5f0f9947
2019-09-26 19:34:48,699 [main] INFO  volume.HddsVolumeChecker (HddsVolumeChecker.java:checkAllVolumes(202)) - Scheduled health check for volume org.apache.hadoop.ozone.container.common.volume.HddsVolume@5f0f9947
2019-09-26 19:34:48,712 [main] INFO  impl.RaftServerProxy (ConfUtils.java:logGet(43)) - raft.rpc.type = GRPC (default)
2019-09-26 19:34:48,713 [main] INFO  grpc.GrpcFactory (GrpcFactory.java:checkPooledByteBufAllocatorUseCacheForAllThreads(45)) - PERFORMANCE WARNING: useCacheForAllThreads is true that may cause Netty to create a lot garbage objects and, as a result, trigger GC.
	It is recommended to disable useCacheForAllThreads by setting -Dorg.apache.ratis.thirdparty.io.netty.allocator.useCacheForAllThreads=false in command line.
2019-09-26 19:34:48,714 [main] INFO  grpc.GrpcConfigKeys$Server (ConfUtils.java:logGet(43)) - raft.grpc.server.port = 0 (default)
2019-09-26 19:34:48,714 [main] INFO  server.GrpcService (ConfUtils.java:logGet(43)) - raft.grpc.message.size.max = 33570816 (custom)
2019-09-26 19:34:48,714 [main] INFO  server.RaftServerConfigKeys (ConfUtils.java:logGet(43)) - raft.server.log.appender.buffer.byte-limit = 33554432 (custom)
2019-09-26 19:34:48,714 [main] INFO  server.GrpcService (ConfUtils.java:logGet(43)) - raft.grpc.flow.control.window = 1MB (=1048576) (default)
2019-09-26 19:34:48,714 [main] INFO  server.RaftServerConfigKeys (ConfUtils.java:logGet(43)) - raft.server.rpc.request.timeout = 3000ms (default)
2019-09-26 19:34:48,715 [main] INFO  server.RaftServerConfigKeys (ConfUtils.java:logGet(43)) - raft.server.storage.dir = [/workdir/hadoop-ozone/integration-test/target/test-dir/MiniOzoneClusterImpl-4433af00-9fad-440b-a2a6-00e4f6de7d20/datanode-2/data/ratis] (custom)
2019-09-26 19:34:48,717 [main] INFO  hdfs.DFSUtil (DFSUtil.java:httpServerTemplateForNNAndJN(1641)) - Starting Web-server for hddsDatanode at: http://0.0.0.0:0
2019-09-26 19:34:48,719 [main] INFO  server.AuthenticationFilter (AuthenticationFilter.java:constructSecretProvider(240)) - Unable to initialize FileSignerSecretProvider, falling back to use random secrets.
2019-09-26 19:34:48,719 [main] WARN  http.HttpRequestLog (HttpRequestLog.java:getRequestLog(97)) - Jetty request log can only be enabled using Log4j
2019-09-26 19:34:48,720 [Datanode State Machine Thread - 0] INFO  datanode.InitDatanodeState (InitDatanodeState.java:persistContainerDatanodeDetails(140)) - DatanodeDetails is persisted to /workdir/hadoop-ozone/integration-test/target/test-dir/MiniOzoneClusterImpl-4433af00-9fad-440b-a2a6-00e4f6de7d20/datanode-0/meta/datanode.id
2019-09-26 19:34:48,723 [Datanode State Machine Thread - 0] INFO  datanode.InitDatanodeState (InitDatanodeState.java:persistContainerDatanodeDetails(140)) - DatanodeDetails is persisted to /workdir/hadoop-ozone/integration-test/target/test-dir/MiniOzoneClusterImpl-4433af00-9fad-440b-a2a6-00e4f6de7d20/datanode-1/meta/datanode.id
2019-09-26 19:34:48,723 [main] INFO  http.HttpServer2 (HttpServer2.java:addGlobalFilter(975)) - Added global filter 'safety' (class=org.apache.hadoop.http.HttpServer2$QuotingInputFilter)
2019-09-26 19:34:48,724 [main] INFO  http.HttpServer2 (HttpServer2.java:addFilter(948)) - Added filter static_user_filter (class=org.apache.hadoop.http.lib.StaticUserWebFilter$StaticUserFilter) to context hddsDatanode
2019-09-26 19:34:48,724 [main] INFO  http.HttpServer2 (HttpServer2.java:addFilter(958)) - Added filter static_user_filter (class=org.apache.hadoop.http.lib.StaticUserWebFilter$StaticUserFilter) to context logs
2019-09-26 19:34:48,724 [main] INFO  http.HttpServer2 (HttpServer2.java:addFilter(958)) - Added filter static_user_filter (class=org.apache.hadoop.http.lib.StaticUserWebFilter$StaticUserFilter) to context static
2019-09-26 19:34:48,725 [main] INFO  http.HttpServer2 (HttpServer2.java:bindListener(1191)) - Jetty bound to port 41721
2019-09-26 19:34:48,725 [main] INFO  server.Server (Server.java:doStart(351)) - jetty-9.3.25.v20180904, build timestamp: 2018-09-04T21:11:46Z, git hash: 3ce520221d0240229c862b122d2b06c12a625732
2019-09-26 19:34:48,727 [main] INFO  handler.ContextHandler (ContextHandler.java:doStart(781)) - Started o.e.j.s.ServletContextHandler@121bb45b{/logs,file:///workdir/hadoop-ozone/integration-test/target/log,AVAILABLE}
2019-09-26 19:34:48,728 [main] INFO  handler.ContextHandler (ContextHandler.java:doStart(781)) - Started o.e.j.s.ServletContextHandler@1cd3b138{/static,jar:file:/home/user/.m2/repository/org/apache/hadoop/hadoop-hdds-container-service/0.5.0-SNAPSHOT/hadoop-hdds-container-service-0.5.0-SNAPSHOT.jar!/webapps/static,AVAILABLE}
2019-09-26 19:34:48,761 [main] INFO  handler.ContextHandler (ContextHandler.java:doStart(781)) - Started o.e.j.w.WebAppContext@53f4c1e6{/,file:///tmp/jetty-0.0.0.0-41721-hddsDatanode-_-any-3630654685224799870.dir/webapp/,AVAILABLE}{/hddsDatanode}
2019-09-26 19:34:48,762 [main] INFO  server.AbstractConnector (AbstractConnector.java:doStart(278)) - Started ServerConnector@74174a23{HTTP/1.1,[http/1.1]}{0.0.0.0:41721}
2019-09-26 19:34:48,764 [main] INFO  server.Server (Server.java:doStart(419)) - Started @5418ms
2019-09-26 19:34:48,764 [main] WARN  impl.MetricsSystemImpl (MetricsSystemImpl.java:register(276)) - Sink prometheus already exists!
2019-09-26 19:34:48,765 [main] INFO  server.BaseHttpServer (BaseHttpServer.java:updateConnectorAddress(215)) - HTTP server of HDDSDATANODE is listening at http://0.0.0.0:41721
2019-09-26 19:34:48,765 [main] INFO  impl.MetricsSystemImpl (MetricsSystemImpl.java:init(158)) - HddsDatanode metrics system started (again)
2019-09-26 19:34:48,768 [org.apache.hadoop.util.JvmPauseMonitor$Monitor@3c971250] INFO  util.JvmPauseMonitor (JvmPauseMonitor.java:run(188)) - Starting JVM pause monitor
2019-09-26 19:34:48,769 [main] INFO  ozone.HddsDatanodeService (HddsDatanodeService.java:start(184)) - HddsDatanodeService host:pr-hdds-2162-kpcbn-4093309294 ip:192.168.151.109
2019-09-26 19:34:48,770 [Datanode State Machine Thread - 0] INFO  datanode.InitDatanodeState (InitDatanodeState.java:persistContainerDatanodeDetails(140)) - DatanodeDetails is persisted to /workdir/hadoop-ozone/integration-test/target/test-dir/MiniOzoneClusterImpl-4433af00-9fad-440b-a2a6-00e4f6de7d20/datanode-2/meta/datanode.id
2019-09-26 19:34:48,779 [main] INFO  volume.HddsVolume (HddsVolume.java:<init>(176)) - Creating Volume: /workdir/hadoop-ozone/integration-test/target/test-dir/MiniOzoneClusterImpl-4433af00-9fad-440b-a2a6-00e4f6de7d20/datanode-3/data/containers/hdds of  storage type : DISK and capacity : 1482555576320
2019-09-26 19:34:48,779 [main] INFO  volume.VolumeSet (VolumeSet.java:initializeVolumeSet(170)) - Added Volume : /workdir/hadoop-ozone/integration-test/target/test-dir/MiniOzoneClusterImpl-4433af00-9fad-440b-a2a6-00e4f6de7d20/datanode-3/data/containers/hdds to VolumeSet
2019-09-26 19:34:48,779 [main] INFO  volume.ThrottledAsyncChecker (ThrottledAsyncChecker.java:schedule(139)) - Scheduling a check for org.apache.hadoop.ozone.container.common.volume.HddsVolume@68ab0936
2019-09-26 19:34:48,780 [main] INFO  volume.HddsVolumeChecker (HddsVolumeChecker.java:checkAllVolumes(202)) - Scheduled health check for volume org.apache.hadoop.ozone.container.common.volume.HddsVolume@68ab0936
2019-09-26 19:34:48,795 [main] INFO  impl.RaftServerProxy (ConfUtils.java:logGet(43)) - raft.rpc.type = GRPC (default)
2019-09-26 19:34:48,796 [main] INFO  grpc.GrpcFactory (GrpcFactory.java:checkPooledByteBufAllocatorUseCacheForAllThreads(45)) - PERFORMANCE WARNING: useCacheForAllThreads is true that may cause Netty to create a lot garbage objects and, as a result, trigger GC.
	It is recommended to disable useCacheForAllThreads by setting -Dorg.apache.ratis.thirdparty.io.netty.allocator.useCacheForAllThreads=false in command line.
2019-09-26 19:34:48,796 [main] INFO  grpc.GrpcConfigKeys$Server (ConfUtils.java:logGet(43)) - raft.grpc.server.port = 0 (default)
2019-09-26 19:34:48,796 [main] INFO  server.GrpcService (ConfUtils.java:logGet(43)) - raft.grpc.message.size.max = 33570816 (custom)
2019-09-26 19:34:48,796 [main] INFO  server.RaftServerConfigKeys (ConfUtils.java:logGet(43)) - raft.server.log.appender.buffer.byte-limit = 33554432 (custom)
2019-09-26 19:34:48,797 [main] INFO  server.GrpcService (ConfUtils.java:logGet(43)) - raft.grpc.flow.control.window = 1MB (=1048576) (default)
2019-09-26 19:34:48,797 [main] INFO  server.RaftServerConfigKeys (ConfUtils.java:logGet(43)) - raft.server.rpc.request.timeout = 3000ms (default)
2019-09-26 19:34:48,797 [main] INFO  server.RaftServerConfigKeys (ConfUtils.java:logGet(43)) - raft.server.storage.dir = [/workdir/hadoop-ozone/integration-test/target/test-dir/MiniOzoneClusterImpl-4433af00-9fad-440b-a2a6-00e4f6de7d20/datanode-3/data/ratis] (custom)
2019-09-26 19:34:48,799 [main] INFO  hdfs.DFSUtil (DFSUtil.java:httpServerTemplateForNNAndJN(1641)) - Starting Web-server for hddsDatanode at: http://0.0.0.0:0
2019-09-26 19:34:48,800 [main] INFO  server.AuthenticationFilter (AuthenticationFilter.java:constructSecretProvider(240)) - Unable to initialize FileSignerSecretProvider, falling back to use random secrets.
2019-09-26 19:34:48,801 [main] WARN  http.HttpRequestLog (HttpRequestLog.java:getRequestLog(97)) - Jetty request log can only be enabled using Log4j
2019-09-26 19:34:48,803 [main] INFO  http.HttpServer2 (HttpServer2.java:addGlobalFilter(975)) - Added global filter 'safety' (class=org.apache.hadoop.http.HttpServer2$QuotingInputFilter)
2019-09-26 19:34:48,803 [main] INFO  http.HttpServer2 (HttpServer2.java:addFilter(948)) - Added filter static_user_filter (class=org.apache.hadoop.http.lib.StaticUserWebFilter$StaticUserFilter) to context hddsDatanode
2019-09-26 19:34:48,804 [main] INFO  http.HttpServer2 (HttpServer2.java:addFilter(958)) - Added filter static_user_filter (class=org.apache.hadoop.http.lib.StaticUserWebFilter$StaticUserFilter) to context logs
2019-09-26 19:34:48,804 [main] INFO  http.HttpServer2 (HttpServer2.java:addFilter(958)) - Added filter static_user_filter (class=org.apache.hadoop.http.lib.StaticUserWebFilter$StaticUserFilter) to context static
2019-09-26 19:34:48,805 [main] INFO  http.HttpServer2 (HttpServer2.java:bindListener(1191)) - Jetty bound to port 41710
2019-09-26 19:34:48,805 [main] INFO  server.Server (Server.java:doStart(351)) - jetty-9.3.25.v20180904, build timestamp: 2018-09-04T21:11:46Z, git hash: 3ce520221d0240229c862b122d2b06c12a625732
2019-09-26 19:34:48,811 [main] INFO  handler.ContextHandler (ContextHandler.java:doStart(781)) - Started o.e.j.s.ServletContextHandler@7640a5b1{/logs,file:///workdir/hadoop-ozone/integration-test/target/log,AVAILABLE}
2019-09-26 19:34:48,812 [main] INFO  handler.ContextHandler (ContextHandler.java:doStart(781)) - Started o.e.j.s.ServletContextHandler@23f3da8b{/static,jar:file:/home/user/.m2/repository/org/apache/hadoop/hadoop-hdds-container-service/0.5.0-SNAPSHOT/hadoop-hdds-container-service-0.5.0-SNAPSHOT.jar!/webapps/static,AVAILABLE}
2019-09-26 19:34:48,842 [main] INFO  handler.ContextHandler (ContextHandler.java:doStart(781)) - Started o.e.j.w.WebAppContext@18b8d173{/,file:///tmp/jetty-0.0.0.0-41710-hddsDatanode-_-any-88737351486058137.dir/webapp/,AVAILABLE}{/hddsDatanode}
2019-09-26 19:34:48,842 [main] INFO  server.AbstractConnector (AbstractConnector.java:doStart(278)) - Started ServerConnector@73844119{HTTP/1.1,[http/1.1]}{0.0.0.0:41710}
2019-09-26 19:34:48,843 [main] INFO  server.Server (Server.java:doStart(419)) - Started @5499ms
2019-09-26 19:34:48,844 [main] WARN  impl.MetricsSystemImpl (MetricsSystemImpl.java:register(276)) - Sink prometheus already exists!
2019-09-26 19:34:48,845 [main] INFO  server.BaseHttpServer (BaseHttpServer.java:updateConnectorAddress(215)) - HTTP server of HDDSDATANODE is listening at http://0.0.0.0:41710
2019-09-26 19:34:48,845 [main] INFO  impl.MetricsSystemImpl (MetricsSystemImpl.java:init(158)) - HddsDatanode metrics system started (again)
2019-09-26 19:34:48,848 [main] INFO  ozone.HddsDatanodeService (HddsDatanodeService.java:start(184)) - HddsDatanodeService host:pr-hdds-2162-kpcbn-4093309294 ip:192.168.151.109
2019-09-26 19:34:48,848 [org.apache.hadoop.util.JvmPauseMonitor$Monitor@ba75d33] INFO  util.JvmPauseMonitor (JvmPauseMonitor.java:run(188)) - Starting JVM pause monitor
2019-09-26 19:34:48,851 [Datanode State Machine Thread - 0] INFO  datanode.InitDatanodeState (InitDatanodeState.java:persistContainerDatanodeDetails(140)) - DatanodeDetails is persisted to /workdir/hadoop-ozone/integration-test/target/test-dir/MiniOzoneClusterImpl-4433af00-9fad-440b-a2a6-00e4f6de7d20/datanode-3/meta/datanode.id
2019-09-26 19:34:48,857 [main] INFO  volume.HddsVolume (HddsVolume.java:<init>(176)) - Creating Volume: /workdir/hadoop-ozone/integration-test/target/test-dir/MiniOzoneClusterImpl-4433af00-9fad-440b-a2a6-00e4f6de7d20/datanode-4/data/containers/hdds of  storage type : DISK and capacity : 1482555576320
2019-09-26 19:34:48,858 [main] INFO  volume.VolumeSet (VolumeSet.java:initializeVolumeSet(170)) - Added Volume : /workdir/hadoop-ozone/integration-test/target/test-dir/MiniOzoneClusterImpl-4433af00-9fad-440b-a2a6-00e4f6de7d20/datanode-4/data/containers/hdds to VolumeSet
2019-09-26 19:34:48,858 [main] INFO  volume.ThrottledAsyncChecker (ThrottledAsyncChecker.java:schedule(139)) - Scheduling a check for org.apache.hadoop.ozone.container.common.volume.HddsVolume@237f7970
2019-09-26 19:34:48,858 [main] INFO  volume.HddsVolumeChecker (HddsVolumeChecker.java:checkAllVolumes(202)) - Scheduled health check for volume org.apache.hadoop.ozone.container.common.volume.HddsVolume@237f7970
2019-09-26 19:34:48,872 [main] INFO  impl.RaftServerProxy (ConfUtils.java:logGet(43)) - raft.rpc.type = GRPC (default)
2019-09-26 19:34:48,872 [main] INFO  grpc.GrpcFactory (GrpcFactory.java:checkPooledByteBufAllocatorUseCacheForAllThreads(45)) - PERFORMANCE WARNING: useCacheForAllThreads is true that may cause Netty to create a lot garbage objects and, as a result, trigger GC.
	It is recommended to disable useCacheForAllThreads by setting -Dorg.apache.ratis.thirdparty.io.netty.allocator.useCacheForAllThreads=false in command line.
2019-09-26 19:34:48,873 [main] INFO  grpc.GrpcConfigKeys$Server (ConfUtils.java:logGet(43)) - raft.grpc.server.port = 0 (default)
2019-09-26 19:34:48,873 [main] INFO  server.GrpcService (ConfUtils.java:logGet(43)) - raft.grpc.message.size.max = 33570816 (custom)
2019-09-26 19:34:48,873 [main] INFO  server.RaftServerConfigKeys (ConfUtils.java:logGet(43)) - raft.server.log.appender.buffer.byte-limit = 33554432 (custom)
2019-09-26 19:34:48,874 [main] INFO  server.GrpcService (ConfUtils.java:logGet(43)) - raft.grpc.flow.control.window = 1MB (=1048576) (default)
2019-09-26 19:34:48,874 [main] INFO  server.RaftServerConfigKeys (ConfUtils.java:logGet(43)) - raft.server.rpc.request.timeout = 3000ms (default)
2019-09-26 19:34:48,875 [main] INFO  server.RaftServerConfigKeys (ConfUtils.java:logGet(43)) - raft.server.storage.dir = [/workdir/hadoop-ozone/integration-test/target/test-dir/MiniOzoneClusterImpl-4433af00-9fad-440b-a2a6-00e4f6de7d20/datanode-4/data/ratis] (custom)
2019-09-26 19:34:48,877 [main] INFO  hdfs.DFSUtil (DFSUtil.java:httpServerTemplateForNNAndJN(1641)) - Starting Web-server for hddsDatanode at: http://0.0.0.0:0
2019-09-26 19:34:48,878 [main] INFO  server.AuthenticationFilter (AuthenticationFilter.java:constructSecretProvider(240)) - Unable to initialize FileSignerSecretProvider, falling back to use random secrets.
2019-09-26 19:34:48,879 [main] WARN  http.HttpRequestLog (HttpRequestLog.java:getRequestLog(97)) - Jetty request log can only be enabled using Log4j
2019-09-26 19:34:48,880 [main] INFO  http.HttpServer2 (HttpServer2.java:addGlobalFilter(975)) - Added global filter 'safety' (class=org.apache.hadoop.http.HttpServer2$QuotingInputFilter)
2019-09-26 19:34:48,881 [main] INFO  http.HttpServer2 (HttpServer2.java:addFilter(948)) - Added filter static_user_filter (class=org.apache.hadoop.http.lib.StaticUserWebFilter$StaticUserFilter) to context hddsDatanode
2019-09-26 19:34:48,881 [main] INFO  http.HttpServer2 (HttpServer2.java:addFilter(958)) - Added filter static_user_filter (class=org.apache.hadoop.http.lib.StaticUserWebFilter$StaticUserFilter) to context static
2019-09-26 19:34:48,881 [main] INFO  http.HttpServer2 (HttpServer2.java:addFilter(958)) - Added filter static_user_filter (class=org.apache.hadoop.http.lib.StaticUserWebFilter$StaticUserFilter) to context logs
2019-09-26 19:34:48,882 [main] INFO  http.HttpServer2 (HttpServer2.java:bindListener(1191)) - Jetty bound to port 45828
2019-09-26 19:34:48,882 [main] INFO  server.Server (Server.java:doStart(351)) - jetty-9.3.25.v20180904, build timestamp: 2018-09-04T21:11:46Z, git hash: 3ce520221d0240229c862b122d2b06c12a625732
2019-09-26 19:34:48,884 [main] INFO  handler.ContextHandler (ContextHandler.java:doStart(781)) - Started o.e.j.s.ServletContextHandler@20b9d5d5{/logs,file:///workdir/hadoop-ozone/integration-test/target/log,AVAILABLE}
2019-09-26 19:34:48,885 [main] INFO  handler.ContextHandler (ContextHandler.java:doStart(781)) - Started o.e.j.s.ServletContextHandler@60c8a093{/static,jar:file:/home/user/.m2/repository/org/apache/hadoop/hadoop-hdds-container-service/0.5.0-SNAPSHOT/hadoop-hdds-container-service-0.5.0-SNAPSHOT.jar!/webapps/static,AVAILABLE}
2019-09-26 19:34:48,915 [main] INFO  handler.ContextHandler (ContextHandler.java:doStart(781)) - Started o.e.j.w.WebAppContext@56637cff{/,file:///tmp/jetty-0.0.0.0-45828-hddsDatanode-_-any-7452145037064468311.dir/webapp/,AVAILABLE}{/hddsDatanode}
2019-09-26 19:34:48,916 [main] INFO  server.AbstractConnector (AbstractConnector.java:doStart(278)) - Started ServerConnector@2938127d{HTTP/1.1,[http/1.1]}{0.0.0.0:45828}
2019-09-26 19:34:48,916 [main] INFO  server.Server (Server.java:doStart(419)) - Started @5572ms
2019-09-26 19:34:48,917 [main] WARN  impl.MetricsSystemImpl (MetricsSystemImpl.java:register(276)) - Sink prometheus already exists!
2019-09-26 19:34:48,917 [main] INFO  server.BaseHttpServer (BaseHttpServer.java:updateConnectorAddress(215)) - HTTP server of HDDSDATANODE is listening at http://0.0.0.0:45828
2019-09-26 19:34:48,918 [main] INFO  impl.MetricsSystemImpl (MetricsSystemImpl.java:init(158)) - HddsDatanode metrics system started (again)
2019-09-26 19:34:48,921 [org.apache.hadoop.util.JvmPauseMonitor$Monitor@676ceac7] INFO  util.JvmPauseMonitor (JvmPauseMonitor.java:run(188)) - Starting JVM pause monitor
2019-09-26 19:34:48,921 [main] INFO  ozone.HddsDatanodeService (HddsDatanodeService.java:start(184)) - HddsDatanodeService host:pr-hdds-2162-kpcbn-4093309294 ip:192.168.151.109
2019-09-26 19:34:48,924 [Datanode State Machine Thread - 0] INFO  datanode.InitDatanodeState (InitDatanodeState.java:persistContainerDatanodeDetails(140)) - DatanodeDetails is persisted to /workdir/hadoop-ozone/integration-test/target/test-dir/MiniOzoneClusterImpl-4433af00-9fad-440b-a2a6-00e4f6de7d20/datanode-4/meta/datanode.id
2019-09-26 19:34:48,927 [main] INFO  volume.HddsVolume (HddsVolume.java:<init>(176)) - Creating Volume: /workdir/hadoop-ozone/integration-test/target/test-dir/MiniOzoneClusterImpl-4433af00-9fad-440b-a2a6-00e4f6de7d20/datanode-5/data/containers/hdds of  storage type : DISK and capacity : 1482555576320
2019-09-26 19:34:48,928 [main] INFO  volume.VolumeSet (VolumeSet.java:initializeVolumeSet(170)) - Added Volume : /workdir/hadoop-ozone/integration-test/target/test-dir/MiniOzoneClusterImpl-4433af00-9fad-440b-a2a6-00e4f6de7d20/datanode-5/data/containers/hdds to VolumeSet
2019-09-26 19:34:48,928 [main] INFO  volume.ThrottledAsyncChecker (ThrottledAsyncChecker.java:schedule(139)) - Scheduling a check for org.apache.hadoop.ozone.container.common.volume.HddsVolume@4996c99
2019-09-26 19:34:48,928 [main] INFO  volume.HddsVolumeChecker (HddsVolumeChecker.java:checkAllVolumes(202)) - Scheduled health check for volume org.apache.hadoop.ozone.container.common.volume.HddsVolume@4996c99
2019-09-26 19:34:48,947 [main] INFO  impl.RaftServerProxy (ConfUtils.java:logGet(43)) - raft.rpc.type = GRPC (default)
2019-09-26 19:34:48,947 [main] INFO  grpc.GrpcFactory (GrpcFactory.java:checkPooledByteBufAllocatorUseCacheForAllThreads(45)) - PERFORMANCE WARNING: useCacheForAllThreads is true that may cause Netty to create a lot garbage objects and, as a result, trigger GC.
	It is recommended to disable useCacheForAllThreads by setting -Dorg.apache.ratis.thirdparty.io.netty.allocator.useCacheForAllThreads=false in command line.
2019-09-26 19:34:48,948 [main] INFO  grpc.GrpcConfigKeys$Server (ConfUtils.java:logGet(43)) - raft.grpc.server.port = 0 (default)
2019-09-26 19:34:48,948 [main] INFO  server.GrpcService (ConfUtils.java:logGet(43)) - raft.grpc.message.size.max = 33570816 (custom)
2019-09-26 19:34:48,948 [main] INFO  server.RaftServerConfigKeys (ConfUtils.java:logGet(43)) - raft.server.log.appender.buffer.byte-limit = 33554432 (custom)
2019-09-26 19:34:48,949 [main] INFO  server.GrpcService (ConfUtils.java:logGet(43)) - raft.grpc.flow.control.window = 1MB (=1048576) (default)
2019-09-26 19:34:48,949 [main] INFO  server.RaftServerConfigKeys (ConfUtils.java:logGet(43)) - raft.server.rpc.request.timeout = 3000ms (default)
2019-09-26 19:34:48,950 [main] INFO  server.RaftServerConfigKeys (ConfUtils.java:logGet(43)) - raft.server.storage.dir = [/workdir/hadoop-ozone/integration-test/target/test-dir/MiniOzoneClusterImpl-4433af00-9fad-440b-a2a6-00e4f6de7d20/datanode-5/data/ratis] (custom)
2019-09-26 19:34:48,952 [main] INFO  hdfs.DFSUtil (DFSUtil.java:httpServerTemplateForNNAndJN(1641)) - Starting Web-server for hddsDatanode at: http://0.0.0.0:0
2019-09-26 19:34:48,953 [main] INFO  server.AuthenticationFilter (AuthenticationFilter.java:constructSecretProvider(240)) - Unable to initialize FileSignerSecretProvider, falling back to use random secrets.
2019-09-26 19:34:48,954 [main] WARN  http.HttpRequestLog (HttpRequestLog.java:getRequestLog(97)) - Jetty request log can only be enabled using Log4j
2019-09-26 19:34:48,956 [main] INFO  http.HttpServer2 (HttpServer2.java:addGlobalFilter(975)) - Added global filter 'safety' (class=org.apache.hadoop.http.HttpServer2$QuotingInputFilter)
2019-09-26 19:34:48,957 [main] INFO  http.HttpServer2 (HttpServer2.java:addFilter(948)) - Added filter static_user_filter (class=org.apache.hadoop.http.lib.StaticUserWebFilter$StaticUserFilter) to context hddsDatanode
2019-09-26 19:34:48,957 [main] INFO  http.HttpServer2 (HttpServer2.java:addFilter(958)) - Added filter static_user_filter (class=org.apache.hadoop.http.lib.StaticUserWebFilter$StaticUserFilter) to context logs
2019-09-26 19:34:48,957 [main] INFO  http.HttpServer2 (HttpServer2.java:addFilter(958)) - Added filter static_user_filter (class=org.apache.hadoop.http.lib.StaticUserWebFilter$StaticUserFilter) to context static
2019-09-26 19:34:48,958 [main] INFO  http.HttpServer2 (HttpServer2.java:bindListener(1191)) - Jetty bound to port 44871
2019-09-26 19:34:48,959 [main] INFO  server.Server (Server.java:doStart(351)) - jetty-9.3.25.v20180904, build timestamp: 2018-09-04T21:11:46Z, git hash: 3ce520221d0240229c862b122d2b06c12a625732
2019-09-26 19:34:48,961 [main] INFO  handler.ContextHandler (ContextHandler.java:doStart(781)) - Started o.e.j.s.ServletContextHandler@2b6fcb9f{/logs,file:///workdir/hadoop-ozone/integration-test/target/log,AVAILABLE}
2019-09-26 19:34:48,961 [main] INFO  handler.ContextHandler (ContextHandler.java:doStart(781)) - Started o.e.j.s.ServletContextHandler@74170687{/static,jar:file:/home/user/.m2/repository/org/apache/hadoop/hadoop-hdds-container-service/0.5.0-SNAPSHOT/hadoop-hdds-container-service-0.5.0-SNAPSHOT.jar!/webapps/static,AVAILABLE}
2019-09-26 19:34:48,997 [main] INFO  handler.ContextHandler (ContextHandler.java:doStart(781)) - Started o.e.j.w.WebAppContext@788ddc1f{/,file:///tmp/jetty-0.0.0.0-44871-hddsDatanode-_-any-4082222752559342210.dir/webapp/,AVAILABLE}{/hddsDatanode}
2019-09-26 19:34:48,998 [main] INFO  server.AbstractConnector (AbstractConnector.java:doStart(278)) - Started ServerConnector@2dc3271b{HTTP/1.1,[http/1.1]}{0.0.0.0:44871}
2019-09-26 19:34:48,999 [main] INFO  server.Server (Server.java:doStart(419)) - Started @5654ms
2019-09-26 19:34:48,999 [main] WARN  impl.MetricsSystemImpl (MetricsSystemImpl.java:register(276)) - Sink prometheus already exists!
2019-09-26 19:34:49,000 [main] INFO  server.BaseHttpServer (BaseHttpServer.java:updateConnectorAddress(215)) - HTTP server of HDDSDATANODE is listening at http://0.0.0.0:44871
2019-09-26 19:34:49,000 [main] INFO  impl.MetricsSystemImpl (MetricsSystemImpl.java:init(158)) - HddsDatanode metrics system started (again)
2019-09-26 19:34:49,004 [org.apache.hadoop.util.JvmPauseMonitor$Monitor@4bb217c7] INFO  util.JvmPauseMonitor (JvmPauseMonitor.java:run(188)) - Starting JVM pause monitor
2019-09-26 19:34:49,004 [main] INFO  ozone.HddsDatanodeService (HddsDatanodeService.java:start(184)) - HddsDatanodeService host:pr-hdds-2162-kpcbn-4093309294 ip:192.168.151.109
2019-09-26 19:34:49,008 [Datanode State Machine Thread - 0] INFO  datanode.InitDatanodeState (InitDatanodeState.java:persistContainerDatanodeDetails(140)) - DatanodeDetails is persisted to /workdir/hadoop-ozone/integration-test/target/test-dir/MiniOzoneClusterImpl-4433af00-9fad-440b-a2a6-00e4f6de7d20/datanode-5/meta/datanode.id
2019-09-26 19:34:49,011 [main] INFO  volume.HddsVolume (HddsVolume.java:<init>(176)) - Creating Volume: /workdir/hadoop-ozone/integration-test/target/test-dir/MiniOzoneClusterImpl-4433af00-9fad-440b-a2a6-00e4f6de7d20/datanode-6/data/containers/hdds of  storage type : DISK and capacity : 1482555576320
2019-09-26 19:34:49,012 [main] INFO  volume.VolumeSet (VolumeSet.java:initializeVolumeSet(170)) - Added Volume : /workdir/hadoop-ozone/integration-test/target/test-dir/MiniOzoneClusterImpl-4433af00-9fad-440b-a2a6-00e4f6de7d20/datanode-6/data/containers/hdds to VolumeSet
2019-09-26 19:34:49,012 [main] INFO  volume.ThrottledAsyncChecker (ThrottledAsyncChecker.java:schedule(139)) - Scheduling a check for org.apache.hadoop.ozone.container.common.volume.HddsVolume@29149030
2019-09-26 19:34:49,012 [main] INFO  volume.HddsVolumeChecker (HddsVolumeChecker.java:checkAllVolumes(202)) - Scheduled health check for volume org.apache.hadoop.ozone.container.common.volume.HddsVolume@29149030
2019-09-26 19:34:49,026 [main] INFO  impl.RaftServerProxy (ConfUtils.java:logGet(43)) - raft.rpc.type = GRPC (default)
2019-09-26 19:34:49,026 [main] INFO  grpc.GrpcFactory (GrpcFactory.java:checkPooledByteBufAllocatorUseCacheForAllThreads(45)) - PERFORMANCE WARNING: useCacheForAllThreads is true that may cause Netty to create a lot garbage objects and, as a result, trigger GC.
	It is recommended to disable useCacheForAllThreads by setting -Dorg.apache.ratis.thirdparty.io.netty.allocator.useCacheForAllThreads=false in command line.
2019-09-26 19:34:49,026 [main] INFO  grpc.GrpcConfigKeys$Server (ConfUtils.java:logGet(43)) - raft.grpc.server.port = 0 (default)
2019-09-26 19:34:49,026 [main] INFO  server.GrpcService (ConfUtils.java:logGet(43)) - raft.grpc.message.size.max = 33570816 (custom)
2019-09-26 19:34:49,027 [main] INFO  server.RaftServerConfigKeys (ConfUtils.java:logGet(43)) - raft.server.log.appender.buffer.byte-limit = 33554432 (custom)
2019-09-26 19:34:49,027 [main] INFO  server.GrpcService (ConfUtils.java:logGet(43)) - raft.grpc.flow.control.window = 1MB (=1048576) (default)
2019-09-26 19:34:49,027 [main] INFO  server.RaftServerConfigKeys (ConfUtils.java:logGet(43)) - raft.server.rpc.request.timeout = 3000ms (default)
2019-09-26 19:34:49,028 [main] INFO  server.RaftServerConfigKeys (ConfUtils.java:logGet(43)) - raft.server.storage.dir = [/workdir/hadoop-ozone/integration-test/target/test-dir/MiniOzoneClusterImpl-4433af00-9fad-440b-a2a6-00e4f6de7d20/datanode-6/data/ratis] (custom)
2019-09-26 19:34:49,029 [main] INFO  hdfs.DFSUtil (DFSUtil.java:httpServerTemplateForNNAndJN(1641)) - Starting Web-server for hddsDatanode at: http://0.0.0.0:0
2019-09-26 19:34:49,031 [main] INFO  server.AuthenticationFilter (AuthenticationFilter.java:constructSecretProvider(240)) - Unable to initialize FileSignerSecretProvider, falling back to use random secrets.
2019-09-26 19:34:49,031 [main] WARN  http.HttpRequestLog (HttpRequestLog.java:getRequestLog(97)) - Jetty request log can only be enabled using Log4j
2019-09-26 19:34:49,033 [main] INFO  http.HttpServer2 (HttpServer2.java:addGlobalFilter(975)) - Added global filter 'safety' (class=org.apache.hadoop.http.HttpServer2$QuotingInputFilter)
2019-09-26 19:34:49,033 [main] INFO  http.HttpServer2 (HttpServer2.java:addFilter(948)) - Added filter static_user_filter (class=org.apache.hadoop.http.lib.StaticUserWebFilter$StaticUserFilter) to context hddsDatanode
2019-09-26 19:34:49,034 [main] INFO  http.HttpServer2 (HttpServer2.java:addFilter(958)) - Added filter static_user_filter (class=org.apache.hadoop.http.lib.StaticUserWebFilter$StaticUserFilter) to context static
2019-09-26 19:34:49,034 [main] INFO  http.HttpServer2 (HttpServer2.java:addFilter(958)) - Added filter static_user_filter (class=org.apache.hadoop.http.lib.StaticUserWebFilter$StaticUserFilter) to context logs
2019-09-26 19:34:49,034 [main] INFO  http.HttpServer2 (HttpServer2.java:bindListener(1191)) - Jetty bound to port 36845
2019-09-26 19:34:49,035 [main] INFO  server.Server (Server.java:doStart(351)) - jetty-9.3.25.v20180904, build timestamp: 2018-09-04T21:11:46Z, git hash: 3ce520221d0240229c862b122d2b06c12a625732
2019-09-26 19:34:49,036 [main] INFO  handler.ContextHandler (ContextHandler.java:doStart(781)) - Started o.e.j.s.ServletContextHandler@753aca85{/logs,file:///workdir/hadoop-ozone/integration-test/target/log,AVAILABLE}
2019-09-26 19:34:49,037 [main] INFO  handler.ContextHandler (ContextHandler.java:doStart(781)) - Started o.e.j.s.ServletContextHandler@574a89e2{/static,jar:file:/home/user/.m2/repository/org/apache/hadoop/hadoop-hdds-container-service/0.5.0-SNAPSHOT/hadoop-hdds-container-service-0.5.0-SNAPSHOT.jar!/webapps/static,AVAILABLE}
2019-09-26 19:34:49,067 [main] INFO  handler.ContextHandler (ContextHandler.java:doStart(781)) - Started o.e.j.w.WebAppContext@984169e{/,file:///tmp/jetty-0.0.0.0-36845-hddsDatanode-_-any-7399007840644980049.dir/webapp/,AVAILABLE}{/hddsDatanode}
2019-09-26 19:34:49,068 [main] INFO  server.AbstractConnector (AbstractConnector.java:doStart(278)) - Started ServerConnector@43f1bb92{HTTP/1.1,[http/1.1]}{0.0.0.0:36845}
2019-09-26 19:34:49,069 [main] INFO  server.Server (Server.java:doStart(419)) - Started @5724ms
2019-09-26 19:34:49,069 [main] WARN  impl.MetricsSystemImpl (MetricsSystemImpl.java:register(276)) - Sink prometheus already exists!
2019-09-26 19:34:49,070 [main] INFO  server.BaseHttpServer (BaseHttpServer.java:updateConnectorAddress(215)) - HTTP server of HDDSDATANODE is listening at http://0.0.0.0:36845
2019-09-26 19:34:49,072 [main] INFO  ozone.MiniOzoneClusterImpl (MiniOzoneClusterImpl.java:lambda$waitForClusterToBeReady$0(147)) - Waiting for cluster to be ready. Got 0 of 7 DN Heartbeats.
2019-09-26 19:34:49,073 [org.apache.hadoop.util.JvmPauseMonitor$Monitor@42efd8cb] INFO  util.JvmPauseMonitor (JvmPauseMonitor.java:run(188)) - Starting JVM pause monitor
2019-09-26 19:34:49,076 [Datanode State Machine Thread - 0] INFO  datanode.InitDatanodeState (InitDatanodeState.java:persistContainerDatanodeDetails(140)) - DatanodeDetails is persisted to /workdir/hadoop-ozone/integration-test/target/test-dir/MiniOzoneClusterImpl-4433af00-9fad-440b-a2a6-00e4f6de7d20/datanode-6/meta/datanode.id
2019-09-26 19:34:50,073 [main] INFO  ozone.MiniOzoneClusterImpl (MiniOzoneClusterImpl.java:lambda$waitForClusterToBeReady$0(147)) - Waiting for cluster to be ready. Got 0 of 7 DN Heartbeats.
2019-09-26 19:34:50,721 [Datanode State Machine Thread - 0] INFO  ozoneimpl.OzoneContainer (OzoneContainer.java:start(217)) - Attempting to start container services.
2019-09-26 19:34:50,725 [Datanode State Machine Thread - 0] INFO  ozoneimpl.OzoneContainer (OzoneContainer.java:start(217)) - Attempting to start container services.
2019-09-26 19:34:50,731 [Datanode State Machine Thread - 0] INFO  ozoneimpl.OzoneContainer (OzoneContainer.java:startContainerScrub(179)) - Background container scanner has been disabled.
2019-09-26 19:34:50,731 [Datanode State Machine Thread - 0] INFO  ozoneimpl.OzoneContainer (OzoneContainer.java:startContainerScrub(179)) - Background container scanner has been disabled.
2019-09-26 19:34:50,732 [Datanode State Machine Thread - 0] INFO  ratis.XceiverServerRatis (XceiverServerRatis.java:start(411)) - Starting XceiverServerRatis 09429691-744f-4861-b11b-9ae7681d4ceb at port 0
2019-09-26 19:34:50,732 [Datanode State Machine Thread - 0] INFO  ratis.XceiverServerRatis (XceiverServerRatis.java:start(411)) - Starting XceiverServerRatis 083f4781-77b8-4075-9ff2-fe5b3cab259c at port 0
2019-09-26 19:34:50,771 [Datanode State Machine Thread - 0] INFO  impl.RaftServerProxy (RaftServerProxy.java:lambda$start$3(299)) - 09429691-744f-4861-b11b-9ae7681d4ceb: start RPC server
2019-09-26 19:34:50,771 [Datanode State Machine Thread - 0] INFO  impl.RaftServerProxy (RaftServerProxy.java:lambda$start$3(299)) - 083f4781-77b8-4075-9ff2-fe5b3cab259c: start RPC server
2019-09-26 19:34:50,788 [Datanode State Machine Thread - 0] INFO  ozoneimpl.OzoneContainer (OzoneContainer.java:start(217)) - Attempting to start container services.
2019-09-26 19:34:50,792 [Datanode State Machine Thread - 0] INFO  ozoneimpl.OzoneContainer (OzoneContainer.java:startContainerScrub(179)) - Background container scanner has been disabled.
2019-09-26 19:34:50,792 [Datanode State Machine Thread - 0] INFO  ratis.XceiverServerRatis (XceiverServerRatis.java:start(411)) - Starting XceiverServerRatis c0ff19f7-d82e-4304-a9a9-085bd668c982 at port 0
2019-09-26 19:34:50,802 [Datanode State Machine Thread - 0] INFO  impl.RaftServerProxy (RaftServerProxy.java:lambda$start$3(299)) - c0ff19f7-d82e-4304-a9a9-085bd668c982: start RPC server
2019-09-26 19:34:50,866 [Datanode State Machine Thread - 0] INFO  ozoneimpl.OzoneContainer (OzoneContainer.java:start(217)) - Attempting to start container services.
2019-09-26 19:34:50,867 [Datanode State Machine Thread - 0] INFO  ozoneimpl.OzoneContainer (OzoneContainer.java:startContainerScrub(179)) - Background container scanner has been disabled.
2019-09-26 19:34:50,867 [Datanode State Machine Thread - 0] INFO  ratis.XceiverServerRatis (XceiverServerRatis.java:start(411)) - Starting XceiverServerRatis d8375c21-18fd-4797-9ca8-e7753d52871e at port 0
2019-09-26 19:34:50,875 [Datanode State Machine Thread - 0] INFO  impl.RaftServerProxy (RaftServerProxy.java:lambda$start$3(299)) - d8375c21-18fd-4797-9ca8-e7753d52871e: start RPC server
2019-09-26 19:34:50,938 [Datanode State Machine Thread - 0] INFO  server.GrpcService (GrpcService.java:startImpl(158)) - c0ff19f7-d82e-4304-a9a9-085bd668c982: GrpcService started, listening on 0.0.0.0/0.0.0.0:38574
2019-09-26 19:34:50,938 [Datanode State Machine Thread - 0] INFO  server.GrpcService (GrpcService.java:startImpl(158)) - d8375c21-18fd-4797-9ca8-e7753d52871e: GrpcService started, listening on 0.0.0.0/0.0.0.0:36448
2019-09-26 19:34:50,938 [Datanode State Machine Thread - 0] INFO  server.GrpcService (GrpcService.java:startImpl(158)) - 09429691-744f-4861-b11b-9ae7681d4ceb: GrpcService started, listening on 0.0.0.0/0.0.0.0:36334
2019-09-26 19:34:50,938 [Datanode State Machine Thread - 0] INFO  server.GrpcService (GrpcService.java:startImpl(158)) - 083f4781-77b8-4075-9ff2-fe5b3cab259c: GrpcService started, listening on 0.0.0.0/0.0.0.0:33483
2019-09-26 19:34:50,940 [Datanode State Machine Thread - 0] INFO  ratis.XceiverServerRatis (XceiverServerRatis.java:start(421)) - XceiverServerRatis 09429691-744f-4861-b11b-9ae7681d4ceb is started using port 36334
2019-09-26 19:34:50,940 [Datanode State Machine Thread - 0] INFO  ratis.XceiverServerRatis (XceiverServerRatis.java:start(421)) - XceiverServerRatis d8375c21-18fd-4797-9ca8-e7753d52871e is started using port 36448
2019-09-26 19:34:50,940 [Datanode State Machine Thread - 0] INFO  ozoneimpl.OzoneContainer (OzoneContainer.java:start(217)) - Attempting to start container services.
2019-09-26 19:34:50,939 [Datanode State Machine Thread - 0] INFO  ratis.XceiverServerRatis (XceiverServerRatis.java:start(421)) - XceiverServerRatis c0ff19f7-d82e-4304-a9a9-085bd668c982 is started using port 38574
2019-09-26 19:34:50,941 [Datanode State Machine Thread - 0] INFO  ozoneimpl.OzoneContainer (OzoneContainer.java:startContainerScrub(179)) - Background container scanner has been disabled.
2019-09-26 19:34:50,940 [Datanode State Machine Thread - 0] INFO  ratis.XceiverServerRatis (XceiverServerRatis.java:start(421)) - XceiverServerRatis 083f4781-77b8-4075-9ff2-fe5b3cab259c is started using port 33483
2019-09-26 19:34:50,941 [Datanode State Machine Thread - 0] INFO  ratis.XceiverServerRatis (XceiverServerRatis.java:start(411)) - Starting XceiverServerRatis caa57342-6217-4fff-b429-c8cc52109755 at port 0
2019-09-26 19:34:50,950 [Datanode State Machine Thread - 0] INFO  server.XceiverServerGrpc (XceiverServerGrpc.java:start(149)) - XceiverServerGrpc 083f4781-77b8-4075-9ff2-fe5b3cab259c is started using port 42801
2019-09-26 19:34:50,950 [Datanode State Machine Thread - 0] INFO  server.XceiverServerGrpc (XceiverServerGrpc.java:start(149)) - XceiverServerGrpc 09429691-744f-4861-b11b-9ae7681d4ceb is started using port 42947
2019-09-26 19:34:50,950 [Datanode State Machine Thread - 0] INFO  server.XceiverServerGrpc (XceiverServerGrpc.java:start(149)) - XceiverServerGrpc c0ff19f7-d82e-4304-a9a9-085bd668c982 is started using port 33925
2019-09-26 19:34:50,952 [Datanode State Machine Thread - 0] INFO  server.XceiverServerGrpc (XceiverServerGrpc.java:start(149)) - XceiverServerGrpc d8375c21-18fd-4797-9ca8-e7753d52871e is started using port 43284
2019-09-26 19:34:50,954 [Datanode State Machine Thread - 0] INFO  impl.RaftServerProxy (RaftServerProxy.java:lambda$start$3(299)) - caa57342-6217-4fff-b429-c8cc52109755: start RPC server
2019-09-26 19:34:50,957 [Datanode State Machine Thread - 0] INFO  server.GrpcService (GrpcService.java:startImpl(158)) - caa57342-6217-4fff-b429-c8cc52109755: GrpcService started, listening on 0.0.0.0/0.0.0.0:38703
2019-09-26 19:34:50,957 [Datanode State Machine Thread - 0] INFO  ratis.XceiverServerRatis (XceiverServerRatis.java:start(421)) - XceiverServerRatis caa57342-6217-4fff-b429-c8cc52109755 is started using port 38703
2019-09-26 19:34:50,959 [Datanode State Machine Thread - 0] INFO  server.XceiverServerGrpc (XceiverServerGrpc.java:start(149)) - XceiverServerGrpc caa57342-6217-4fff-b429-c8cc52109755 is started using port 46341
2019-09-26 19:34:51,021 [Datanode State Machine Thread - 0] INFO  ozoneimpl.OzoneContainer (OzoneContainer.java:start(217)) - Attempting to start container services.
2019-09-26 19:34:51,021 [Datanode State Machine Thread - 0] INFO  ozoneimpl.OzoneContainer (OzoneContainer.java:startContainerScrub(179)) - Background container scanner has been disabled.
2019-09-26 19:34:51,022 [Datanode State Machine Thread - 0] INFO  ratis.XceiverServerRatis (XceiverServerRatis.java:start(411)) - Starting XceiverServerRatis 129507e1-6443-4048-8b61-9b25a6688b7b at port 0
2019-09-26 19:34:51,028 [Datanode State Machine Thread - 0] INFO  impl.RaftServerProxy (RaftServerProxy.java:lambda$start$3(299)) - 129507e1-6443-4048-8b61-9b25a6688b7b: start RPC server
2019-09-26 19:34:51,032 [Datanode State Machine Thread - 0] INFO  server.GrpcService (GrpcService.java:startImpl(158)) - 129507e1-6443-4048-8b61-9b25a6688b7b: GrpcService started, listening on 0.0.0.0/0.0.0.0:44225
2019-09-26 19:34:51,032 [Datanode State Machine Thread - 0] INFO  ratis.XceiverServerRatis (XceiverServerRatis.java:start(421)) - XceiverServerRatis 129507e1-6443-4048-8b61-9b25a6688b7b is started using port 44225
2019-09-26 19:34:51,035 [Datanode State Machine Thread - 0] INFO  server.XceiverServerGrpc (XceiverServerGrpc.java:start(149)) - XceiverServerGrpc 129507e1-6443-4048-8b61-9b25a6688b7b is started using port 36409
2019-09-26 19:34:51,073 [main] INFO  ozone.MiniOzoneClusterImpl (MiniOzoneClusterImpl.java:lambda$waitForClusterToBeReady$0(147)) - Waiting for cluster to be ready. Got 0 of 7 DN Heartbeats.
2019-09-26 19:34:51,092 [Datanode State Machine Thread - 0] INFO  ozoneimpl.OzoneContainer (OzoneContainer.java:start(217)) - Attempting to start container services.
2019-09-26 19:34:51,092 [Datanode State Machine Thread - 0] INFO  ozoneimpl.OzoneContainer (OzoneContainer.java:startContainerScrub(179)) - Background container scanner has been disabled.
2019-09-26 19:34:51,092 [Datanode State Machine Thread - 0] INFO  ratis.XceiverServerRatis (XceiverServerRatis.java:start(411)) - Starting XceiverServerRatis 019e0474-f11b-4d9b-b1d9-dfb81ad19a47 at port 0
2019-09-26 19:34:51,099 [Datanode State Machine Thread - 0] INFO  impl.RaftServerProxy (RaftServerProxy.java:lambda$start$3(299)) - 019e0474-f11b-4d9b-b1d9-dfb81ad19a47: start RPC server
2019-09-26 19:34:51,104 [Datanode State Machine Thread - 0] INFO  server.GrpcService (GrpcService.java:startImpl(158)) - 019e0474-f11b-4d9b-b1d9-dfb81ad19a47: GrpcService started, listening on 0.0.0.0/0.0.0.0:44237
2019-09-26 19:34:51,105 [Datanode State Machine Thread - 0] INFO  ratis.XceiverServerRatis (XceiverServerRatis.java:start(421)) - XceiverServerRatis 019e0474-f11b-4d9b-b1d9-dfb81ad19a47 is started using port 44237
2019-09-26 19:34:51,108 [Datanode State Machine Thread - 0] INFO  server.XceiverServerGrpc (XceiverServerGrpc.java:start(149)) - XceiverServerGrpc 019e0474-f11b-4d9b-b1d9-dfb81ad19a47 is started using port 42251
2019-09-26 19:34:52,074 [main] INFO  ozone.MiniOzoneClusterImpl (MiniOzoneClusterImpl.java:lambda$waitForClusterToBeReady$0(147)) - Waiting for cluster to be ready. Got 0 of 7 DN Heartbeats.
2019-09-26 19:34:52,637 [IPC Server handler 2 on 35701] INFO  net.NetworkTopology (NetworkTopologyImpl.java:add(111)) - Added a new node: /default-rack/09429691-744f-4861-b11b-9ae7681d4ceb
2019-09-26 19:34:52,637 [IPC Server handler 2 on 35701] INFO  node.SCMNodeManager (SCMNodeManager.java:register(266)) - Registered Data node : 09429691-744f-4861-b11b-9ae7681d4ceb{ip: 192.168.151.109, host: pr-hdds-2162-kpcbn-4093309294, networkLocation: /default-rack, certSerialId: null}
2019-09-26 19:34:52,642 [EventQueue-NodeRegistrationContainerReportForDataNodeSafeModeRule] INFO  safemode.SCMSafeModeManager (DataNodeSafeModeRule.java:process(71)) - SCM in safe mode. 1 DataNodes registered, 1 required.
2019-09-26 19:34:52,642 [EventQueue-NodeRegistrationContainerReportForDataNodeSafeModeRule] INFO  safemode.SCMSafeModeManager (SCMSafeModeManager.java:validateSafeModeExitRules(177)) - ScmSafeModeManager, all rules are successfully validated
2019-09-26 19:34:52,642 [EventQueue-NodeRegistrationContainerReportForDataNodeSafeModeRule] INFO  safemode.SCMSafeModeManager (SCMSafeModeManager.java:exitSafeMode(193)) - SCM exiting safe mode.
2019-09-26 19:34:52,694 [IPC Server handler 4 on 35701] INFO  net.NetworkTopology (NetworkTopologyImpl.java:add(111)) - Added a new node: /default-rack/083f4781-77b8-4075-9ff2-fe5b3cab259c
2019-09-26 19:34:52,695 [IPC Server handler 4 on 35701] INFO  node.SCMNodeManager (SCMNodeManager.java:register(266)) - Registered Data node : 083f4781-77b8-4075-9ff2-fe5b3cab259c{ip: 192.168.151.109, host: pr-hdds-2162-kpcbn-4093309294, networkLocation: /default-rack, certSerialId: null}
2019-09-26 19:34:52,773 [IPC Server handler 7 on 35701] INFO  net.NetworkTopology (NetworkTopologyImpl.java:add(111)) - Added a new node: /default-rack/c0ff19f7-d82e-4304-a9a9-085bd668c982
2019-09-26 19:34:52,773 [IPC Server handler 7 on 35701] INFO  node.SCMNodeManager (SCMNodeManager.java:register(266)) - Registered Data node : c0ff19f7-d82e-4304-a9a9-085bd668c982{ip: 192.168.151.109, host: pr-hdds-2162-kpcbn-4093309294, networkLocation: /default-rack, certSerialId: null}
2019-09-26 19:34:52,853 [IPC Server handler 5 on 35701] INFO  net.NetworkTopology (NetworkTopologyImpl.java:add(111)) - Added a new node: /default-rack/d8375c21-18fd-4797-9ca8-e7753d52871e
2019-09-26 19:34:52,853 [IPC Server handler 5 on 35701] INFO  node.SCMNodeManager (SCMNodeManager.java:register(266)) - Registered Data node : d8375c21-18fd-4797-9ca8-e7753d52871e{ip: 192.168.151.109, host: pr-hdds-2162-kpcbn-4093309294, networkLocation: /default-rack, certSerialId: null}
2019-09-26 19:34:52,925 [IPC Server handler 1 on 35701] INFO  net.NetworkTopology (NetworkTopologyImpl.java:add(111)) - Added a new node: /default-rack/caa57342-6217-4fff-b429-c8cc52109755
2019-09-26 19:34:52,925 [IPC Server handler 1 on 35701] INFO  node.SCMNodeManager (SCMNodeManager.java:register(266)) - Registered Data node : caa57342-6217-4fff-b429-c8cc52109755{ip: 192.168.151.109, host: pr-hdds-2162-kpcbn-4093309294, networkLocation: /default-rack, certSerialId: null}
2019-09-26 19:34:53,011 [IPC Server handler 3 on 35701] INFO  net.NetworkTopology (NetworkTopologyImpl.java:add(111)) - Added a new node: /default-rack/129507e1-6443-4048-8b61-9b25a6688b7b
2019-09-26 19:34:53,011 [IPC Server handler 3 on 35701] INFO  node.SCMNodeManager (SCMNodeManager.java:register(266)) - Registered Data node : 129507e1-6443-4048-8b61-9b25a6688b7b{ip: 192.168.151.109, host: pr-hdds-2162-kpcbn-4093309294, networkLocation: /default-rack, certSerialId: null}
2019-09-26 19:34:53,075 [main] INFO  ozone.MiniOzoneClusterImpl (MiniOzoneClusterImpl.java:lambda$waitForClusterToBeReady$0(147)) - Waiting for cluster to be ready. Got 6 of 7 DN Heartbeats.
2019-09-26 19:34:53,078 [IPC Server handler 2 on 35701] INFO  net.NetworkTopology (NetworkTopologyImpl.java:add(111)) - Added a new node: /default-rack/019e0474-f11b-4d9b-b1d9-dfb81ad19a47
2019-09-26 19:34:53,078 [IPC Server handler 2 on 35701] INFO  node.SCMNodeManager (SCMNodeManager.java:register(266)) - Registered Data node : 019e0474-f11b-4d9b-b1d9-dfb81ad19a47{ip: 192.168.151.109, host: pr-hdds-2162-kpcbn-4093309294, networkLocation: /default-rack, certSerialId: null}
2019-09-26 19:34:53,154 [grpc-default-executor-0] INFO  impl.RaftServerProxy (RaftServerProxy.java:addNew(89)) - 09429691-744f-4861-b11b-9ae7681d4ceb: addNew group-9ED5C7024BA3:[09429691-744f-4861-b11b-9ae7681d4ceb:192.168.151.109:36334] returns group-9ED5C7024BA3:java.util.concurrent.CompletableFuture@5584c42f[Not completed]
2019-09-26 19:34:53,173 [pool-27-thread-1] INFO  impl.RaftServerImpl (RaftServerImpl.java:<init>(95)) - 09429691-744f-4861-b11b-9ae7681d4ceb: new RaftServerImpl for group-9ED5C7024BA3:[09429691-744f-4861-b11b-9ae7681d4ceb:192.168.151.109:36334] with ContainerStateMachine:uninitialized
2019-09-26 19:34:53,174 [pool-27-thread-1] INFO  server.RaftServerConfigKeys (ConfUtils.java:logGet(43)) - raft.server.rpc.timeout.min = 5s (custom)
2019-09-26 19:34:53,177 [pool-27-thread-1] INFO  server.RaftServerConfigKeys (ConfUtils.java:logGet(43)) - raft.server.rpc.timeout.max = 5200ms (custom)
2019-09-26 19:34:53,177 [pool-27-thread-1] INFO  server.RaftServerConfigKeys (ConfUtils.java:logGet(43)) - raft.server.rpcslowness.timeout = 120s (custom)
2019-09-26 19:34:53,178 [pool-27-thread-1] INFO  server.RaftServerConfigKeys (ConfUtils.java:logGet(43)) - raft.server.sleep.deviation.threshold = 300 (default)
2019-09-26 19:34:53,178 [pool-27-thread-1] INFO  server.RaftServerConfigKeys (ConfUtils.java:logGet(43)) - raft.server.log.appender.install.snapshot.enabled = false (custom)
2019-09-26 19:34:53,185 [pool-27-thread-1] INFO  impl.RaftServerImpl (ServerState.java:<init>(103)) - 09429691-744f-4861-b11b-9ae7681d4ceb@group-9ED5C7024BA3: ConfigurationManager, init=-1: [09429691-744f-4861-b11b-9ae7681d4ceb:192.168.151.109:36334], old=null, confs=<EMPTY_MAP>
2019-09-26 19:34:53,186 [pool-27-thread-1] INFO  server.RaftServerConfigKeys (ConfUtils.java:logGet(43)) - raft.server.storage.dir = [/workdir/hadoop-ozone/integration-test/target/test-dir/MiniOzoneClusterImpl-4433af00-9fad-440b-a2a6-00e4f6de7d20/datanode-0/data/ratis] (custom)
2019-09-26 19:34:53,192 [pool-27-thread-1] INFO  storage.RaftStorageDirectory (RaftStorageDirectory.java:analyzeStorage(246)) - The storage directory /workdir/hadoop-ozone/integration-test/target/test-dir/MiniOzoneClusterImpl-4433af00-9fad-440b-a2a6-00e4f6de7d20/datanode-0/data/ratis/ffcd6c06-9849-474f-8f5f-9ed5c7024ba3 does not exist. Creating ...
2019-09-26 19:34:53,229 [pool-27-thread-1] INFO  storage.RaftStorageDirectory (RaftStorageDirectory.java:tryLock(328)) - Lock on /workdir/hadoop-ozone/integration-test/target/test-dir/MiniOzoneClusterImpl-4433af00-9fad-440b-a2a6-00e4f6de7d20/datanode-0/data/ratis/ffcd6c06-9849-474f-8f5f-9ed5c7024ba3/in_use.lock acquired by nodename 27957@pr-hdds-2162-kpcbn-4093309294
2019-09-26 19:34:53,246 [pool-27-thread-1] INFO  storage.RaftStorage (RaftStorage.java:format(72)) - Storage directory /workdir/hadoop-ozone/integration-test/target/test-dir/MiniOzoneClusterImpl-4433af00-9fad-440b-a2a6-00e4f6de7d20/datanode-0/data/ratis/ffcd6c06-9849-474f-8f5f-9ed5c7024ba3 has been successfully formatted.
2019-09-26 19:34:53,249 [pool-27-thread-1] INFO  ratis.ContainerStateMachine (ContainerStateMachine.java:loadSnapshot(230)) - group-9ED5C7024BA3: The snapshot info is null. Setting the last applied indexto:(t:0, i:~)
2019-09-26 19:34:53,250 [pool-27-thread-1] INFO  server.RaftServerConfigKeys (ConfUtils.java:logGet(43)) - raft.server.notification.no-leader.timeout = 120s (custom)
2019-09-26 19:34:53,252 [pool-27-thread-1] INFO  server.RaftServerConfigKeys (ConfUtils.java:logGet(43)) - raft.server.log.use.memory = false (default)
2019-09-26 19:34:53,259 [pool-27-thread-1] INFO  server.RaftServerConfigKeys (ConfUtils.java:logGet(43)) - raft.server.log.purge.gap = 1000000 (custom)
2019-09-26 19:34:53,260 [pool-27-thread-1] INFO  server.RaftServerConfigKeys (ConfUtils.java:logGet(43)) - raft.server.log.appender.buffer.byte-limit = 33554432 (custom)
2019-09-26 19:34:53,262 [pool-27-thread-1] INFO  server.RaftServerConfigKeys (ConfUtils.java:logGet(43)) - raft.server.log.segment.size.max = 1048576 (custom)
2019-09-26 19:34:53,268 [pool-27-thread-1] INFO  server.RaftServerConfigKeys (ConfUtils.java:logGet(43)) - raft.server.log.segment.cache.num.max = 2 (custom)
2019-09-26 19:34:53,274 [pool-27-thread-1] INFO  segmented.SegmentedRaftLogWorker (SegmentedRaftLogWorker.java:<init>(172)) - new 09429691-744f-4861-b11b-9ae7681d4ceb@group-9ED5C7024BA3-SegmentedRaftLogWorker for RaftStorage:Storage Directory /workdir/hadoop-ozone/integration-test/target/test-dir/MiniOzoneClusterImpl-4433af00-9fad-440b-a2a6-00e4f6de7d20/datanode-0/data/ratis/ffcd6c06-9849-474f-8f5f-9ed5c7024ba3
2019-09-26 19:34:53,276 [pool-27-thread-1] INFO  impl.MetricsSystemImpl (MetricsSystemImpl.java:init(158)) - ratis metrics system started (again)
2019-09-26 19:34:53,283 [pool-27-thread-1] INFO  metrics.MetricRegistries (MetricRegistriesLoader.java:load(64)) - Loaded MetricRegistries class org.apache.ratis.metrics.impl.MetricRegistriesImpl
2019-09-26 19:34:53,316 [pool-27-thread-1] INFO  server.RaftServerConfigKeys (ConfUtils.java:logGet(43)) - raft.server.log.queue.byte-limit = 2147483647 (custom)
2019-09-26 19:34:53,316 [pool-27-thread-1] INFO  server.RaftServerConfigKeys (ConfUtils.java:logGet(43)) - raft.server.log.queue.element-limit = 1024 (custom)
2019-09-26 19:34:53,320 [pool-27-thread-1] INFO  server.RaftServerConfigKeys (ConfUtils.java:logGet(43)) - raft.server.log.segment.size.max = 1048576 (custom)
2019-09-26 19:34:53,320 [pool-27-thread-1] INFO  server.RaftServerConfigKeys (ConfUtils.java:logGet(43)) - raft.server.log.preallocated.size = 16384 (custom)
2019-09-26 19:34:53,321 [pool-27-thread-1] INFO  server.RaftServerConfigKeys (ConfUtils.java:logGet(43)) - raft.server.log.write.buffer.size = 33554432 (custom)
2019-09-26 19:34:53,321 [pool-27-thread-1] INFO  server.RaftServerConfigKeys (ConfUtils.java:logGet(43)) - raft.server.log.force.sync.num = 128 (default)
2019-09-26 19:34:53,322 [pool-27-thread-1] INFO  server.RaftServerConfigKeys (ConfUtils.java:logGet(43)) - raft.server.log.statemachine.data.sync = true (default)
2019-09-26 19:34:53,323 [pool-27-thread-1] INFO  server.RaftServerConfigKeys (ConfUtils.java:logGet(43)) - raft.server.log.statemachine.data.sync.timeout = 10s (default)
2019-09-26 19:34:53,323 [pool-27-thread-1] INFO  server.RaftServerConfigKeys (ConfUtils.java:logGet(43)) - raft.server.log.statemachine.data.sync.timeout.retry = -1 (default)
2019-09-26 19:34:53,332 [pool-27-thread-1] INFO  server.RaftServerConfigKeys (ConfUtils.java:logGet(43)) - raft.server.log.statemachine.data.caching.enabled = true (custom)
2019-09-26 19:34:53,337 [pool-27-thread-1] INFO  segmented.SegmentedRaftLogWorker (SegmentedRaftLogWorker.java:lambda$new$0(132)) - 09429691-744f-4861-b11b-9ae7681d4ceb@group-9ED5C7024BA3-SegmentedRaftLogWorker: flushIndex: setUnconditionally 0 -> -1
2019-09-26 19:34:53,341 [pool-27-thread-1] INFO  server.RaftServerConfigKeys (ConfUtils.java:logGet(43)) - raft.server.snapshot.auto.trigger.enabled = true (custom)
2019-09-26 19:34:53,343 [pool-27-thread-1] INFO  server.RaftServerConfigKeys (ConfUtils.java:logGet(43)) - raft.server.snapshot.auto.trigger.threshold = 10000 (custom)
2019-09-26 19:34:53,343 [pool-27-thread-1] INFO  server.RaftServerConfigKeys (ConfUtils.java:logGet(43)) - raft.server.snapshot.retention.num.files = 5 (custom)
2019-09-26 19:34:53,344 [pool-27-thread-1] INFO  server.RaftServerConfigKeys (ConfUtils.java:logGet(43)) - raft.server.retrycache.expirytime = 600000ms (custom)
2019-09-26 19:34:53,370 [pool-27-thread-1] INFO  impl.RaftServerImpl (RaftServerImpl.java:start(185)) - 09429691-744f-4861-b11b-9ae7681d4ceb@group-9ED5C7024BA3: start as a follower, conf=-1: [09429691-744f-4861-b11b-9ae7681d4ceb:192.168.151.109:36334], old=null
2019-09-26 19:34:53,371 [pool-27-thread-1] INFO  impl.RaftServerImpl (RaftServerImpl.java:setRole(174)) - 09429691-744f-4861-b11b-9ae7681d4ceb@group-9ED5C7024BA3: changes role from      null to FOLLOWER at term 0 for startAsFollower
2019-09-26 19:34:53,373 [pool-27-thread-1] INFO  impl.RoleInfo (RoleInfo.java:updateAndGet(143)) - 09429691-744f-4861-b11b-9ae7681d4ceb: start FollowerState
2019-09-26 19:34:53,374 [pool-27-thread-1] INFO  util.JmxRegister (JmxRegister.java:tryRegister(44)) - Successfully registered JMX Bean with object name Ratis:service=RaftServer,group=group-9ED5C7024BA3,id=09429691-744f-4861-b11b-9ae7681d4ceb
2019-09-26 19:34:53,442 [RatisPipelineUtilsThread] INFO  pipeline.PipelineStateManager (PipelineStateManager.java:addPipeline(56)) - Created pipeline Pipeline[ Id: ffcd6c06-9849-474f-8f5f-9ed5c7024ba3, Nodes: 09429691-744f-4861-b11b-9ae7681d4ceb{ip: 192.168.151.109, host: pr-hdds-2162-kpcbn-4093309294, networkLocation: /default-rack, certSerialId: null}, Type:RATIS, Factor:ONE, State:OPEN]
2019-09-26 19:34:53,474 [grpc-default-executor-0] INFO  impl.RaftServerProxy (RaftServerProxy.java:addNew(89)) - 129507e1-6443-4048-8b61-9b25a6688b7b: addNew group-406026F7D87F:[129507e1-6443-4048-8b61-9b25a6688b7b:192.168.151.109:44225] returns group-406026F7D87F:java.util.concurrent.CompletableFuture@77d02c05[Not completed]
2019-09-26 19:34:53,520 [pool-77-thread-1] INFO  impl.RaftServerImpl (RaftServerImpl.java:<init>(95)) - 129507e1-6443-4048-8b61-9b25a6688b7b: new RaftServerImpl for group-406026F7D87F:[129507e1-6443-4048-8b61-9b25a6688b7b:192.168.151.109:44225] with ContainerStateMachine:uninitialized
2019-09-26 19:34:53,522 [pool-77-thread-1] INFO  server.RaftServerConfigKeys (ConfUtils.java:logGet(43)) - raft.server.rpc.timeout.min = 5s (custom)
2019-09-26 19:34:53,522 [pool-77-thread-1] INFO  server.RaftServerConfigKeys (ConfUtils.java:logGet(43)) - raft.server.rpc.timeout.max = 5200ms (custom)
2019-09-26 19:34:53,522 [pool-77-thread-1] INFO  server.RaftServerConfigKeys (ConfUtils.java:logGet(43)) - raft.server.rpcslowness.timeout = 120s (custom)
2019-09-26 19:34:53,522 [pool-77-thread-1] INFO  server.RaftServerConfigKeys (ConfUtils.java:logGet(43)) - raft.server.sleep.deviation.threshold = 300 (default)
2019-09-26 19:34:53,522 [pool-77-thread-1] INFO  server.RaftServerConfigKeys (ConfUtils.java:logGet(43)) - raft.server.log.appender.install.snapshot.enabled = false (custom)
2019-09-26 19:34:53,522 [pool-77-thread-1] INFO  impl.RaftServerImpl (ServerState.java:<init>(103)) - 129507e1-6443-4048-8b61-9b25a6688b7b@group-406026F7D87F: ConfigurationManager, init=-1: [129507e1-6443-4048-8b61-9b25a6688b7b:192.168.151.109:44225], old=null, confs=<EMPTY_MAP>
2019-09-26 19:34:53,523 [pool-77-thread-1] INFO  server.RaftServerConfigKeys (ConfUtils.java:logGet(43)) - raft.server.storage.dir = [/workdir/hadoop-ozone/integration-test/target/test-dir/MiniOzoneClusterImpl-4433af00-9fad-440b-a2a6-00e4f6de7d20/datanode-5/data/ratis] (custom)
2019-09-26 19:34:53,523 [pool-77-thread-1] INFO  storage.RaftStorageDirectory (RaftStorageDirectory.java:analyzeStorage(246)) - The storage directory /workdir/hadoop-ozone/integration-test/target/test-dir/MiniOzoneClusterImpl-4433af00-9fad-440b-a2a6-00e4f6de7d20/datanode-5/data/ratis/1ffd98d1-d938-41df-b2a0-406026f7d87f does not exist. Creating ...
2019-09-26 19:34:53,539 [pool-77-thread-1] INFO  storage.RaftStorageDirectory (RaftStorageDirectory.java:tryLock(328)) - Lock on /workdir/hadoop-ozone/integration-test/target/test-dir/MiniOzoneClusterImpl-4433af00-9fad-440b-a2a6-00e4f6de7d20/datanode-5/data/ratis/1ffd98d1-d938-41df-b2a0-406026f7d87f/in_use.lock acquired by nodename 27957@pr-hdds-2162-kpcbn-4093309294
2019-09-26 19:34:53,553 [pool-77-thread-1] INFO  storage.RaftStorage (RaftStorage.java:format(72)) - Storage directory /workdir/hadoop-ozone/integration-test/target/test-dir/MiniOzoneClusterImpl-4433af00-9fad-440b-a2a6-00e4f6de7d20/datanode-5/data/ratis/1ffd98d1-d938-41df-b2a0-406026f7d87f has been successfully formatted.
2019-09-26 19:34:53,555 [pool-77-thread-1] INFO  ratis.ContainerStateMachine (ContainerStateMachine.java:loadSnapshot(230)) - group-406026F7D87F: The snapshot info is null. Setting the last applied indexto:(t:0, i:~)
2019-09-26 19:34:53,557 [pool-77-thread-1] INFO  server.RaftServerConfigKeys (ConfUtils.java:logGet(43)) - raft.server.notification.no-leader.timeout = 120s (custom)
2019-09-26 19:34:53,558 [pool-77-thread-1] INFO  server.RaftServerConfigKeys (ConfUtils.java:logGet(43)) - raft.server.log.use.memory = false (default)
2019-09-26 19:34:53,558 [pool-77-thread-1] INFO  server.RaftServerConfigKeys (ConfUtils.java:logGet(43)) - raft.server.log.purge.gap = 1000000 (custom)
2019-09-26 19:34:53,558 [pool-77-thread-1] INFO  server.RaftServerConfigKeys (ConfUtils.java:logGet(43)) - raft.server.log.appender.buffer.byte-limit = 33554432 (custom)
2019-09-26 19:34:53,558 [pool-77-thread-1] INFO  server.RaftServerConfigKeys (ConfUtils.java:logGet(43)) - raft.server.log.segment.size.max = 1048576 (custom)
2019-09-26 19:34:53,558 [pool-77-thread-1] INFO  server.RaftServerConfigKeys (ConfUtils.java:logGet(43)) - raft.server.log.segment.cache.num.max = 2 (custom)
2019-09-26 19:34:53,558 [pool-77-thread-1] INFO  segmented.SegmentedRaftLogWorker (SegmentedRaftLogWorker.java:<init>(172)) - new 129507e1-6443-4048-8b61-9b25a6688b7b@group-406026F7D87F-SegmentedRaftLogWorker for RaftStorage:Storage Directory /workdir/hadoop-ozone/integration-test/target/test-dir/MiniOzoneClusterImpl-4433af00-9fad-440b-a2a6-00e4f6de7d20/datanode-5/data/ratis/1ffd98d1-d938-41df-b2a0-406026f7d87f
2019-09-26 19:34:53,564 [pool-77-thread-1] INFO  server.RaftServerConfigKeys (ConfUtils.java:logGet(43)) - raft.server.log.queue.byte-limit = 2147483647 (custom)
2019-09-26 19:34:53,564 [pool-77-thread-1] INFO  server.RaftServerConfigKeys (ConfUtils.java:logGet(43)) - raft.server.log.queue.element-limit = 1024 (custom)
2019-09-26 19:34:53,565 [pool-77-thread-1] INFO  server.RaftServerConfigKeys (ConfUtils.java:logGet(43)) - raft.server.log.segment.size.max = 1048576 (custom)
2019-09-26 19:34:53,565 [pool-77-thread-1] INFO  server.RaftServerConfigKeys (ConfUtils.java:logGet(43)) - raft.server.log.preallocated.size = 16384 (custom)
2019-09-26 19:34:53,565 [pool-77-thread-1] INFO  server.RaftServerConfigKeys (ConfUtils.java:logGet(43)) - raft.server.log.write.buffer.size = 33554432 (custom)
2019-09-26 19:34:53,565 [pool-77-thread-1] INFO  server.RaftServerConfigKeys (ConfUtils.java:logGet(43)) - raft.server.log.force.sync.num = 128 (default)
2019-09-26 19:34:53,565 [pool-77-thread-1] INFO  server.RaftServerConfigKeys (ConfUtils.java:logGet(43)) - raft.server.log.statemachine.data.sync = true (default)
2019-09-26 19:34:53,565 [pool-77-thread-1] INFO  server.RaftServerConfigKeys (ConfUtils.java:logGet(43)) - raft.server.log.statemachine.data.sync.timeout = 10s (default)
2019-09-26 19:34:53,565 [pool-77-thread-1] INFO  server.RaftServerConfigKeys (ConfUtils.java:logGet(43)) - raft.server.log.statemachine.data.sync.timeout.retry = -1 (default)
2019-09-26 19:34:53,566 [pool-77-thread-1] INFO  server.RaftServerConfigKeys (ConfUtils.java:logGet(43)) - raft.server.log.statemachine.data.caching.enabled = true (custom)
2019-09-26 19:34:53,566 [pool-77-thread-1] INFO  segmented.SegmentedRaftLogWorker (SegmentedRaftLogWorker.java:lambda$new$0(132)) - 129507e1-6443-4048-8b61-9b25a6688b7b@group-406026F7D87F-SegmentedRaftLogWorker: flushIndex: setUnconditionally 0 -> -1
2019-09-26 19:34:53,566 [pool-77-thread-1] INFO  server.RaftServerConfigKeys (ConfUtils.java:logGet(43)) - raft.server.snapshot.auto.trigger.enabled = true (custom)
2019-09-26 19:34:53,566 [pool-77-thread-1] INFO  server.RaftServerConfigKeys (ConfUtils.java:logGet(43)) - raft.server.snapshot.auto.trigger.threshold = 10000 (custom)
2019-09-26 19:34:53,567 [pool-77-thread-1] INFO  server.RaftServerConfigKeys (ConfUtils.java:logGet(43)) - raft.server.snapshot.retention.num.files = 5 (custom)
2019-09-26 19:34:53,567 [pool-77-thread-1] INFO  server.RaftServerConfigKeys (ConfUtils.java:logGet(43)) - raft.server.retrycache.expirytime = 600000ms (custom)
2019-09-26 19:34:53,571 [pool-77-thread-1] INFO  impl.RaftServerImpl (RaftServerImpl.java:start(185)) - 129507e1-6443-4048-8b61-9b25a6688b7b@group-406026F7D87F: start as a follower, conf=-1: [129507e1-6443-4048-8b61-9b25a6688b7b:192.168.151.109:44225], old=null
2019-09-26 19:34:53,571 [pool-77-thread-1] INFO  impl.RaftServerImpl (RaftServerImpl.java:setRole(174)) - 129507e1-6443-4048-8b61-9b25a6688b7b@group-406026F7D87F: changes role from      null to FOLLOWER at term 0 for startAsFollower
2019-09-26 19:34:53,571 [pool-77-thread-1] INFO  impl.RoleInfo (RoleInfo.java:updateAndGet(143)) - 129507e1-6443-4048-8b61-9b25a6688b7b: start FollowerState
2019-09-26 19:34:53,573 [pool-77-thread-1] INFO  util.JmxRegister (JmxRegister.java:tryRegister(44)) - Successfully registered JMX Bean with object name Ratis:service=RaftServer,group=group-406026F7D87F,id=129507e1-6443-4048-8b61-9b25a6688b7b
2019-09-26 19:34:53,585 [RatisPipelineUtilsThread] INFO  pipeline.PipelineStateManager (PipelineStateManager.java:addPipeline(56)) - Created pipeline Pipeline[ Id: 1ffd98d1-d938-41df-b2a0-406026f7d87f, Nodes: 129507e1-6443-4048-8b61-9b25a6688b7b{ip: 192.168.151.109, host: pr-hdds-2162-kpcbn-4093309294, networkLocation: /default-rack, certSerialId: null}, Type:RATIS, Factor:ONE, State:OPEN]
2019-09-26 19:34:53,608 [grpc-default-executor-0] INFO  impl.RaftServerProxy (RaftServerProxy.java:addNew(89)) - c0ff19f7-d82e-4304-a9a9-085bd668c982: addNew group-F8137116144C:[c0ff19f7-d82e-4304-a9a9-085bd668c982:192.168.151.109:38574] returns group-F8137116144C:java.util.concurrent.CompletableFuture@2106b5c6[Not completed]
2019-09-26 19:34:53,637 [pool-47-thread-1] INFO  impl.RaftServerImpl (RaftServerImpl.java:<init>(95)) - c0ff19f7-d82e-4304-a9a9-085bd668c982: new RaftServerImpl for group-F8137116144C:[c0ff19f7-d82e-4304-a9a9-085bd668c982:192.168.151.109:38574] with ContainerStateMachine:uninitialized
2019-09-26 19:34:53,637 [pool-47-thread-1] INFO  server.RaftServerConfigKeys (ConfUtils.java:logGet(43)) - raft.server.rpc.timeout.min = 5s (custom)
2019-09-26 19:34:53,637 [pool-47-thread-1] INFO  server.RaftServerConfigKeys (ConfUtils.java:logGet(43)) - raft.server.rpc.timeout.max = 5200ms (custom)
2019-09-26 19:34:53,637 [pool-47-thread-1] INFO  server.RaftServerConfigKeys (ConfUtils.java:logGet(43)) - raft.server.rpcslowness.timeout = 120s (custom)
2019-09-26 19:34:53,638 [pool-47-thread-1] INFO  server.RaftServerConfigKeys (ConfUtils.java:logGet(43)) - raft.server.sleep.deviation.threshold = 300 (default)
2019-09-26 19:34:53,638 [pool-47-thread-1] INFO  server.RaftServerConfigKeys (ConfUtils.java:logGet(43)) - raft.server.log.appender.install.snapshot.enabled = false (custom)
2019-09-26 19:34:53,638 [pool-47-thread-1] INFO  impl.RaftServerImpl (ServerState.java:<init>(103)) - c0ff19f7-d82e-4304-a9a9-085bd668c982@group-F8137116144C: ConfigurationManager, init=-1: [c0ff19f7-d82e-4304-a9a9-085bd668c982:192.168.151.109:38574], old=null, confs=<EMPTY_MAP>
2019-09-26 19:34:53,638 [pool-47-thread-1] INFO  server.RaftServerConfigKeys (ConfUtils.java:logGet(43)) - raft.server.storage.dir = [/workdir/hadoop-ozone/integration-test/target/test-dir/MiniOzoneClusterImpl-4433af00-9fad-440b-a2a6-00e4f6de7d20/datanode-2/data/ratis] (custom)
2019-09-26 19:34:53,639 [pool-47-thread-1] INFO  storage.RaftStorageDirectory (RaftStorageDirectory.java:analyzeStorage(246)) - The storage directory /workdir/hadoop-ozone/integration-test/target/test-dir/MiniOzoneClusterImpl-4433af00-9fad-440b-a2a6-00e4f6de7d20/datanode-2/data/ratis/cbbb1ed1-3bda-4c10-9082-f8137116144c does not exist. Creating ...
2019-09-26 19:34:53,652 [pool-47-thread-1] INFO  storage.RaftStorageDirectory (RaftStorageDirectory.java:tryLock(328)) - Lock on /workdir/hadoop-ozone/integration-test/target/test-dir/MiniOzoneClusterImpl-4433af00-9fad-440b-a2a6-00e4f6de7d20/datanode-2/data/ratis/cbbb1ed1-3bda-4c10-9082-f8137116144c/in_use.lock acquired by nodename 27957@pr-hdds-2162-kpcbn-4093309294
2019-09-26 19:34:53,666 [pool-47-thread-1] INFO  storage.RaftStorage (RaftStorage.java:format(72)) - Storage directory /workdir/hadoop-ozone/integration-test/target/test-dir/MiniOzoneClusterImpl-4433af00-9fad-440b-a2a6-00e4f6de7d20/datanode-2/data/ratis/cbbb1ed1-3bda-4c10-9082-f8137116144c has been successfully formatted.
2019-09-26 19:34:53,666 [pool-47-thread-1] INFO  ratis.ContainerStateMachine (ContainerStateMachine.java:loadSnapshot(230)) - group-F8137116144C: The snapshot info is null. Setting the last applied indexto:(t:0, i:~)
2019-09-26 19:34:53,667 [pool-47-thread-1] INFO  server.RaftServerConfigKeys (ConfUtils.java:logGet(43)) - raft.server.notification.no-leader.timeout = 120s (custom)
2019-09-26 19:34:53,667 [pool-47-thread-1] INFO  server.RaftServerConfigKeys (ConfUtils.java:logGet(43)) - raft.server.log.use.memory = false (default)
2019-09-26 19:34:53,667 [pool-47-thread-1] INFO  server.RaftServerConfigKeys (ConfUtils.java:logGet(43)) - raft.server.log.purge.gap = 1000000 (custom)
2019-09-26 19:34:53,667 [pool-47-thread-1] INFO  server.RaftServerConfigKeys (ConfUtils.java:logGet(43)) - raft.server.log.appender.buffer.byte-limit = 33554432 (custom)
2019-09-26 19:34:53,667 [pool-47-thread-1] INFO  server.RaftServerConfigKeys (ConfUtils.java:logGet(43)) - raft.server.log.segment.size.max = 1048576 (custom)
2019-09-26 19:34:53,667 [pool-47-thread-1] INFO  server.RaftServerConfigKeys (ConfUtils.java:logGet(43)) - raft.server.log.segment.cache.num.max = 2 (custom)
2019-09-26 19:34:53,667 [pool-47-thread-1] INFO  segmented.SegmentedRaftLogWorker (SegmentedRaftLogWorker.java:<init>(172)) - new c0ff19f7-d82e-4304-a9a9-085bd668c982@group-F8137116144C-SegmentedRaftLogWorker for RaftStorage:Storage Directory /workdir/hadoop-ozone/integration-test/target/test-dir/MiniOzoneClusterImpl-4433af00-9fad-440b-a2a6-00e4f6de7d20/datanode-2/data/ratis/cbbb1ed1-3bda-4c10-9082-f8137116144c
2019-09-26 19:34:53,699 [pool-47-thread-1] INFO  server.RaftServerConfigKeys (ConfUtils.java:logGet(43)) - raft.server.log.queue.byte-limit = 2147483647 (custom)
2019-09-26 19:34:53,700 [pool-47-thread-1] INFO  server.RaftServerConfigKeys (ConfUtils.java:logGet(43)) - raft.server.log.queue.element-limit = 1024 (custom)
2019-09-26 19:34:53,700 [pool-47-thread-1] INFO  server.RaftServerConfigKeys (ConfUtils.java:logGet(43)) - raft.server.log.segment.size.max = 1048576 (custom)
2019-09-26 19:34:53,701 [pool-47-thread-1] INFO  server.RaftServerConfigKeys (ConfUtils.java:logGet(43)) - raft.server.log.preallocated.size = 16384 (custom)
2019-09-26 19:34:53,701 [pool-47-thread-1] INFO  server.RaftServerConfigKeys (ConfUtils.java:logGet(43)) - raft.server.log.write.buffer.size = 33554432 (custom)
2019-09-26 19:34:53,701 [pool-47-thread-1] INFO  server.RaftServerConfigKeys (ConfUtils.java:logGet(43)) - raft.server.log.force.sync.num = 128 (default)
2019-09-26 19:34:53,701 [pool-47-thread-1] INFO  server.RaftServerConfigKeys (ConfUtils.java:logGet(43)) - raft.server.log.statemachine.data.sync = true (default)
2019-09-26 19:34:53,701 [pool-47-thread-1] INFO  server.RaftServerConfigKeys (ConfUtils.java:logGet(43)) - raft.server.log.statemachine.data.sync.timeout = 10s (default)
2019-09-26 19:34:53,701 [pool-47-thread-1] INFO  server.RaftServerConfigKeys (ConfUtils.java:logGet(43)) - raft.server.log.statemachine.data.sync.timeout.retry = -1 (default)
2019-09-26 19:34:53,702 [pool-47-thread-1] INFO  server.RaftServerConfigKeys (ConfUtils.java:logGet(43)) - raft.server.log.statemachine.data.caching.enabled = true (custom)
2019-09-26 19:34:53,702 [pool-47-thread-1] INFO  segmented.SegmentedRaftLogWorker (SegmentedRaftLogWorker.java:lambda$new$0(132)) - c0ff19f7-d82e-4304-a9a9-085bd668c982@group-F8137116144C-SegmentedRaftLogWorker: flushIndex: setUnconditionally 0 -> -1
2019-09-26 19:34:53,703 [pool-47-thread-1] INFO  server.RaftServerConfigKeys (ConfUtils.java:logGet(43)) - raft.server.snapshot.auto.trigger.enabled = true (custom)
2019-09-26 19:34:53,703 [pool-47-thread-1] INFO  server.RaftServerConfigKeys (ConfUtils.java:logGet(43)) - raft.server.snapshot.auto.trigger.threshold = 10000 (custom)
2019-09-26 19:34:53,703 [pool-47-thread-1] INFO  server.RaftServerConfigKeys (ConfUtils.java:logGet(43)) - raft.server.snapshot.retention.num.files = 5 (custom)
2019-09-26 19:34:53,703 [pool-47-thread-1] INFO  server.RaftServerConfigKeys (ConfUtils.java:logGet(43)) - raft.server.retrycache.expirytime = 600000ms (custom)
2019-09-26 19:34:53,709 [pool-47-thread-1] INFO  impl.RaftServerImpl (RaftServerImpl.java:start(185)) - c0ff19f7-d82e-4304-a9a9-085bd668c982@group-F8137116144C: start as a follower, conf=-1: [c0ff19f7-d82e-4304-a9a9-085bd668c982:192.168.151.109:38574], old=null
2019-09-26 19:34:53,709 [pool-47-thread-1] INFO  impl.RaftServerImpl (RaftServerImpl.java:setRole(174)) - c0ff19f7-d82e-4304-a9a9-085bd668c982@group-F8137116144C: changes role from      null to FOLLOWER at term 0 for startAsFollower
2019-09-26 19:34:53,709 [pool-47-thread-1] INFO  impl.RoleInfo (RoleInfo.java:updateAndGet(143)) - c0ff19f7-d82e-4304-a9a9-085bd668c982: start FollowerState
2019-09-26 19:34:53,710 [pool-47-thread-1] INFO  util.JmxRegister (JmxRegister.java:tryRegister(44)) - Successfully registered JMX Bean with object name Ratis:service=RaftServer,group=group-F8137116144C,id=c0ff19f7-d82e-4304-a9a9-085bd668c982
2019-09-26 19:34:53,721 [RatisPipelineUtilsThread] INFO  pipeline.PipelineStateManager (PipelineStateManager.java:addPipeline(56)) - Created pipeline Pipeline[ Id: cbbb1ed1-3bda-4c10-9082-f8137116144c, Nodes: c0ff19f7-d82e-4304-a9a9-085bd668c982{ip: 192.168.151.109, host: pr-hdds-2162-kpcbn-4093309294, networkLocation: /default-rack, certSerialId: null}, Type:RATIS, Factor:ONE, State:OPEN]
2019-09-26 19:34:53,739 [grpc-default-executor-0] INFO  impl.RaftServerProxy (RaftServerProxy.java:addNew(89)) - 083f4781-77b8-4075-9ff2-fe5b3cab259c: addNew group-610E460E0E2C:[083f4781-77b8-4075-9ff2-fe5b3cab259c:192.168.151.109:33483] returns group-610E460E0E2C:java.util.concurrent.CompletableFuture@319ba3ab[Not completed]
2019-09-26 19:34:53,742 [pool-37-thread-1] INFO  impl.RaftServerImpl (RaftServerImpl.java:<init>(95)) - 083f4781-77b8-4075-9ff2-fe5b3cab259c: new RaftServerImpl for group-610E460E0E2C:[083f4781-77b8-4075-9ff2-fe5b3cab259c:192.168.151.109:33483] with ContainerStateMachine:uninitialized
2019-09-26 19:34:53,742 [pool-37-thread-1] INFO  server.RaftServerConfigKeys (ConfUtils.java:logGet(43)) - raft.server.rpc.timeout.min = 5s (custom)
2019-09-26 19:34:53,742 [pool-37-thread-1] INFO  server.RaftServerConfigKeys (ConfUtils.java:logGet(43)) - raft.server.rpc.timeout.max = 5200ms (custom)
2019-09-26 19:34:53,742 [pool-37-thread-1] INFO  server.RaftServerConfigKeys (ConfUtils.java:logGet(43)) - raft.server.rpcslowness.timeout = 120s (custom)
2019-09-26 19:34:53,743 [pool-37-thread-1] INFO  server.RaftServerConfigKeys (ConfUtils.java:logGet(43)) - raft.server.sleep.deviation.threshold = 300 (default)
2019-09-26 19:34:53,743 [pool-37-thread-1] INFO  server.RaftServerConfigKeys (ConfUtils.java:logGet(43)) - raft.server.log.appender.install.snapshot.enabled = false (custom)
2019-09-26 19:34:53,743 [pool-37-thread-1] INFO  impl.RaftServerImpl (ServerState.java:<init>(103)) - 083f4781-77b8-4075-9ff2-fe5b3cab259c@group-610E460E0E2C: ConfigurationManager, init=-1: [083f4781-77b8-4075-9ff2-fe5b3cab259c:192.168.151.109:33483], old=null, confs=<EMPTY_MAP>
2019-09-26 19:34:53,743 [pool-37-thread-1] INFO  server.RaftServerConfigKeys (ConfUtils.java:logGet(43)) - raft.server.storage.dir = [/workdir/hadoop-ozone/integration-test/target/test-dir/MiniOzoneClusterImpl-4433af00-9fad-440b-a2a6-00e4f6de7d20/datanode-1/data/ratis] (custom)
2019-09-26 19:34:53,743 [pool-37-thread-1] INFO  storage.RaftStorageDirectory (RaftStorageDirectory.java:analyzeStorage(246)) - The storage directory /workdir/hadoop-ozone/integration-test/target/test-dir/MiniOzoneClusterImpl-4433af00-9fad-440b-a2a6-00e4f6de7d20/datanode-1/data/ratis/090278ec-66c0-49b9-a3fd-610e460e0e2c does not exist. Creating ...
2019-09-26 19:34:53,757 [pool-37-thread-1] INFO  storage.RaftStorageDirectory (RaftStorageDirectory.java:tryLock(328)) - Lock on /workdir/hadoop-ozone/integration-test/target/test-dir/MiniOzoneClusterImpl-4433af00-9fad-440b-a2a6-00e4f6de7d20/datanode-1/data/ratis/090278ec-66c0-49b9-a3fd-610e460e0e2c/in_use.lock acquired by nodename 27957@pr-hdds-2162-kpcbn-4093309294
2019-09-26 19:34:53,776 [pool-37-thread-1] INFO  storage.RaftStorage (RaftStorage.java:format(72)) - Storage directory /workdir/hadoop-ozone/integration-test/target/test-dir/MiniOzoneClusterImpl-4433af00-9fad-440b-a2a6-00e4f6de7d20/datanode-1/data/ratis/090278ec-66c0-49b9-a3fd-610e460e0e2c has been successfully formatted.
2019-09-26 19:34:53,776 [pool-37-thread-1] INFO  ratis.ContainerStateMachine (ContainerStateMachine.java:loadSnapshot(230)) - group-610E460E0E2C: The snapshot info is null. Setting the last applied indexto:(t:0, i:~)
2019-09-26 19:34:53,777 [pool-37-thread-1] INFO  server.RaftServerConfigKeys (ConfUtils.java:logGet(43)) - raft.server.notification.no-leader.timeout = 120s (custom)
2019-09-26 19:34:53,777 [pool-37-thread-1] INFO  server.RaftServerConfigKeys (ConfUtils.java:logGet(43)) - raft.server.log.use.memory = false (default)
2019-09-26 19:34:53,777 [pool-37-thread-1] INFO  server.RaftServerConfigKeys (ConfUtils.java:logGet(43)) - raft.server.log.purge.gap = 1000000 (custom)
2019-09-26 19:34:53,777 [pool-37-thread-1] INFO  server.RaftServerConfigKeys (ConfUtils.java:logGet(43)) - raft.server.log.appender.buffer.byte-limit = 33554432 (custom)
2019-09-26 19:34:53,777 [pool-37-thread-1] INFO  server.RaftServerConfigKeys (ConfUtils.java:logGet(43)) - raft.server.log.segment.size.max = 1048576 (custom)
2019-09-26 19:34:53,777 [pool-37-thread-1] INFO  server.RaftServerConfigKeys (ConfUtils.java:logGet(43)) - raft.server.log.segment.cache.num.max = 2 (custom)
2019-09-26 19:34:53,777 [pool-37-thread-1] INFO  segmented.SegmentedRaftLogWorker (SegmentedRaftLogWorker.java:<init>(172)) - new 083f4781-77b8-4075-9ff2-fe5b3cab259c@group-610E460E0E2C-SegmentedRaftLogWorker for RaftStorage:Storage Directory /workdir/hadoop-ozone/integration-test/target/test-dir/MiniOzoneClusterImpl-4433af00-9fad-440b-a2a6-00e4f6de7d20/datanode-1/data/ratis/090278ec-66c0-49b9-a3fd-610e460e0e2c
2019-09-26 19:34:53,782 [pool-37-thread-1] INFO  server.RaftServerConfigKeys (ConfUtils.java:logGet(43)) - raft.server.log.queue.byte-limit = 2147483647 (custom)
2019-09-26 19:34:53,782 [pool-37-thread-1] INFO  server.RaftServerConfigKeys (ConfUtils.java:logGet(43)) - raft.server.log.queue.element-limit = 1024 (custom)
2019-09-26 19:34:53,782 [pool-37-thread-1] INFO  server.RaftServerConfigKeys (ConfUtils.java:logGet(43)) - raft.server.log.segment.size.max = 1048576 (custom)
2019-09-26 19:34:53,782 [pool-37-thread-1] INFO  server.RaftServerConfigKeys (ConfUtils.java:logGet(43)) - raft.server.log.preallocated.size = 16384 (custom)
2019-09-26 19:34:53,782 [pool-37-thread-1] INFO  server.RaftServerConfigKeys (ConfUtils.java:logGet(43)) - raft.server.log.write.buffer.size = 33554432 (custom)
2019-09-26 19:34:53,782 [pool-37-thread-1] INFO  server.RaftServerConfigKeys (ConfUtils.java:logGet(43)) - raft.server.log.force.sync.num = 128 (default)
2019-09-26 19:34:53,782 [pool-37-thread-1] INFO  server.RaftServerConfigKeys (ConfUtils.java:logGet(43)) - raft.server.log.statemachine.data.sync = true (default)
2019-09-26 19:34:53,782 [pool-37-thread-1] INFO  server.RaftServerConfigKeys (ConfUtils.java:logGet(43)) - raft.server.log.statemachine.data.sync.timeout = 10s (default)
2019-09-26 19:34:53,783 [pool-37-thread-1] INFO  server.RaftServerConfigKeys (ConfUtils.java:logGet(43)) - raft.server.log.statemachine.data.sync.timeout.retry = -1 (default)
2019-09-26 19:34:53,783 [pool-37-thread-1] INFO  server.RaftServerConfigKeys (ConfUtils.java:logGet(43)) - raft.server.log.statemachine.data.caching.enabled = true (custom)
2019-09-26 19:34:53,783 [pool-37-thread-1] INFO  segmented.SegmentedRaftLogWorker (SegmentedRaftLogWorker.java:lambda$new$0(132)) - 083f4781-77b8-4075-9ff2-fe5b3cab259c@group-610E460E0E2C-SegmentedRaftLogWorker: flushIndex: setUnconditionally 0 -> -1
2019-09-26 19:34:53,783 [pool-37-thread-1] INFO  server.RaftServerConfigKeys (ConfUtils.java:logGet(43)) - raft.server.snapshot.auto.trigger.enabled = true (custom)
2019-09-26 19:34:53,784 [pool-37-thread-1] INFO  server.RaftServerConfigKeys (ConfUtils.java:logGet(43)) - raft.server.snapshot.auto.trigger.threshold = 10000 (custom)
2019-09-26 19:34:53,784 [pool-37-thread-1] INFO  server.RaftServerConfigKeys (ConfUtils.java:logGet(43)) - raft.server.snapshot.retention.num.files = 5 (custom)
2019-09-26 19:34:53,784 [pool-37-thread-1] INFO  server.RaftServerConfigKeys (ConfUtils.java:logGet(43)) - raft.server.retrycache.expirytime = 600000ms (custom)
2019-09-26 19:34:53,788 [pool-37-thread-1] INFO  impl.RaftServerImpl (RaftServerImpl.java:start(185)) - 083f4781-77b8-4075-9ff2-fe5b3cab259c@group-610E460E0E2C: start as a follower, conf=-1: [083f4781-77b8-4075-9ff2-fe5b3cab259c:192.168.151.109:33483], old=null
2019-09-26 19:34:53,788 [pool-37-thread-1] INFO  impl.RaftServerImpl (RaftServerImpl.java:setRole(174)) - 083f4781-77b8-4075-9ff2-fe5b3cab259c@group-610E460E0E2C: changes role from      null to FOLLOWER at term 0 for startAsFollower
2019-09-26 19:34:53,788 [pool-37-thread-1] INFO  impl.RoleInfo (RoleInfo.java:updateAndGet(143)) - 083f4781-77b8-4075-9ff2-fe5b3cab259c: start FollowerState
2019-09-26 19:34:53,788 [pool-37-thread-1] INFO  util.JmxRegister (JmxRegister.java:tryRegister(44)) - Successfully registered JMX Bean with object name Ratis:service=RaftServer,group=group-610E460E0E2C,id=083f4781-77b8-4075-9ff2-fe5b3cab259c
2019-09-26 19:34:53,805 [RatisPipelineUtilsThread] INFO  pipeline.PipelineStateManager (PipelineStateManager.java:addPipeline(56)) - Created pipeline Pipeline[ Id: 090278ec-66c0-49b9-a3fd-610e460e0e2c, Nodes: 083f4781-77b8-4075-9ff2-fe5b3cab259c{ip: 192.168.151.109, host: pr-hdds-2162-kpcbn-4093309294, networkLocation: /default-rack, certSerialId: null}, Type:RATIS, Factor:ONE, State:OPEN]
2019-09-26 19:34:53,830 [grpc-default-executor-0] INFO  impl.RaftServerProxy (RaftServerProxy.java:addNew(89)) - d8375c21-18fd-4797-9ca8-e7753d52871e: addNew group-6E93CD710D75:[d8375c21-18fd-4797-9ca8-e7753d52871e:192.168.151.109:36448] returns group-6E93CD710D75:java.util.concurrent.CompletableFuture@66336906[Not completed]
2019-09-26 19:34:53,835 [pool-57-thread-1] INFO  impl.RaftServerImpl (RaftServerImpl.java:<init>(95)) - d8375c21-18fd-4797-9ca8-e7753d52871e: new RaftServerImpl for group-6E93CD710D75:[d8375c21-18fd-4797-9ca8-e7753d52871e:192.168.151.109:36448] with ContainerStateMachine:uninitialized
2019-09-26 19:34:53,835 [pool-57-thread-1] INFO  server.RaftServerConfigKeys (ConfUtils.java:logGet(43)) - raft.server.rpc.timeout.min = 5s (custom)
2019-09-26 19:34:53,835 [pool-57-thread-1] INFO  server.RaftServerConfigKeys (ConfUtils.java:logGet(43)) - raft.server.rpc.timeout.max = 5200ms (custom)
2019-09-26 19:34:53,836 [pool-57-thread-1] INFO  server.RaftServerConfigKeys (ConfUtils.java:logGet(43)) - raft.server.rpcslowness.timeout = 120s (custom)
2019-09-26 19:34:53,836 [pool-57-thread-1] INFO  server.RaftServerConfigKeys (ConfUtils.java:logGet(43)) - raft.server.sleep.deviation.threshold = 300 (default)
2019-09-26 19:34:53,836 [pool-57-thread-1] INFO  server.RaftServerConfigKeys (ConfUtils.java:logGet(43)) - raft.server.log.appender.install.snapshot.enabled = false (custom)
2019-09-26 19:34:53,836 [pool-57-thread-1] INFO  impl.RaftServerImpl (ServerState.java:<init>(103)) - d8375c21-18fd-4797-9ca8-e7753d52871e@group-6E93CD710D75: ConfigurationManager, init=-1: [d8375c21-18fd-4797-9ca8-e7753d52871e:192.168.151.109:36448], old=null, confs=<EMPTY_MAP>
2019-09-26 19:34:53,836 [pool-57-thread-1] INFO  server.RaftServerConfigKeys (ConfUtils.java:logGet(43)) - raft.server.storage.dir = [/workdir/hadoop-ozone/integration-test/target/test-dir/MiniOzoneClusterImpl-4433af00-9fad-440b-a2a6-00e4f6de7d20/datanode-3/data/ratis] (custom)
2019-09-26 19:34:53,836 [pool-57-thread-1] INFO  storage.RaftStorageDirectory (RaftStorageDirectory.java:analyzeStorage(246)) - The storage directory /workdir/hadoop-ozone/integration-test/target/test-dir/MiniOzoneClusterImpl-4433af00-9fad-440b-a2a6-00e4f6de7d20/datanode-3/data/ratis/83ad8edc-602a-4a8c-b963-6e93cd710d75 does not exist. Creating ...
2019-09-26 19:34:53,849 [pool-57-thread-1] INFO  storage.RaftStorageDirectory (RaftStorageDirectory.java:tryLock(328)) - Lock on /workdir/hadoop-ozone/integration-test/target/test-dir/MiniOzoneClusterImpl-4433af00-9fad-440b-a2a6-00e4f6de7d20/datanode-3/data/ratis/83ad8edc-602a-4a8c-b963-6e93cd710d75/in_use.lock acquired by nodename 27957@pr-hdds-2162-kpcbn-4093309294
2019-09-26 19:34:53,864 [pool-57-thread-1] INFO  storage.RaftStorage (RaftStorage.java:format(72)) - Storage directory /workdir/hadoop-ozone/integration-test/target/test-dir/MiniOzoneClusterImpl-4433af00-9fad-440b-a2a6-00e4f6de7d20/datanode-3/data/ratis/83ad8edc-602a-4a8c-b963-6e93cd710d75 has been successfully formatted.
2019-09-26 19:34:53,864 [pool-57-thread-1] INFO  ratis.ContainerStateMachine (ContainerStateMachine.java:loadSnapshot(230)) - group-6E93CD710D75: The snapshot info is null. Setting the last applied indexto:(t:0, i:~)
2019-09-26 19:34:53,864 [pool-57-thread-1] INFO  server.RaftServerConfigKeys (ConfUtils.java:logGet(43)) - raft.server.notification.no-leader.timeout = 120s (custom)
2019-09-26 19:34:53,864 [pool-57-thread-1] INFO  server.RaftServerConfigKeys (ConfUtils.java:logGet(43)) - raft.server.log.use.memory = false (default)
2019-09-26 19:34:53,865 [pool-57-thread-1] INFO  server.RaftServerConfigKeys (ConfUtils.java:logGet(43)) - raft.server.log.purge.gap = 1000000 (custom)
2019-09-26 19:34:53,865 [pool-57-thread-1] INFO  server.RaftServerConfigKeys (ConfUtils.java:logGet(43)) - raft.server.log.appender.buffer.byte-limit = 33554432 (custom)
2019-09-26 19:34:53,865 [pool-57-thread-1] INFO  server.RaftServerConfigKeys (ConfUtils.java:logGet(43)) - raft.server.log.segment.size.max = 1048576 (custom)
2019-09-26 19:34:53,865 [pool-57-thread-1] INFO  server.RaftServerConfigKeys (ConfUtils.java:logGet(43)) - raft.server.log.segment.cache.num.max = 2 (custom)
2019-09-26 19:34:53,865 [pool-57-thread-1] INFO  segmented.SegmentedRaftLogWorker (SegmentedRaftLogWorker.java:<init>(172)) - new d8375c21-18fd-4797-9ca8-e7753d52871e@group-6E93CD710D75-SegmentedRaftLogWorker for RaftStorage:Storage Directory /workdir/hadoop-ozone/integration-test/target/test-dir/MiniOzoneClusterImpl-4433af00-9fad-440b-a2a6-00e4f6de7d20/datanode-3/data/ratis/83ad8edc-602a-4a8c-b963-6e93cd710d75
2019-09-26 19:34:53,871 [pool-57-thread-1] INFO  server.RaftServerConfigKeys (ConfUtils.java:logGet(43)) - raft.server.log.queue.byte-limit = 2147483647 (custom)
2019-09-26 19:34:53,871 [pool-57-thread-1] INFO  server.RaftServerConfigKeys (ConfUtils.java:logGet(43)) - raft.server.log.queue.element-limit = 1024 (custom)
2019-09-26 19:34:53,872 [pool-57-thread-1] INFO  server.RaftServerConfigKeys (ConfUtils.java:logGet(43)) - raft.server.log.segment.size.max = 1048576 (custom)
2019-09-26 19:34:53,872 [pool-57-thread-1] INFO  server.RaftServerConfigKeys (ConfUtils.java:logGet(43)) - raft.server.log.preallocated.size = 16384 (custom)
2019-09-26 19:34:53,872 [pool-57-thread-1] INFO  server.RaftServerConfigKeys (ConfUtils.java:logGet(43)) - raft.server.log.write.buffer.size = 33554432 (custom)
2019-09-26 19:34:53,872 [pool-57-thread-1] INFO  server.RaftServerConfigKeys (ConfUtils.java:logGet(43)) - raft.server.log.force.sync.num = 128 (default)
2019-09-26 19:34:53,872 [pool-57-thread-1] INFO  server.RaftServerConfigKeys (ConfUtils.java:logGet(43)) - raft.server.log.statemachine.data.sync = true (default)
2019-09-26 19:34:53,872 [pool-57-thread-1] INFO  server.RaftServerConfigKeys (ConfUtils.java:logGet(43)) - raft.server.log.statemachine.data.sync.timeout = 10s (default)
2019-09-26 19:34:53,872 [pool-57-thread-1] INFO  server.RaftServerConfigKeys (ConfUtils.java:logGet(43)) - raft.server.log.statemachine.data.sync.timeout.retry = -1 (default)
2019-09-26 19:34:53,873 [pool-57-thread-1] INFO  server.RaftServerConfigKeys (ConfUtils.java:logGet(43)) - raft.server.log.statemachine.data.caching.enabled = true (custom)
2019-09-26 19:34:53,873 [pool-57-thread-1] INFO  segmented.SegmentedRaftLogWorker (SegmentedRaftLogWorker.java:lambda$new$0(132)) - d8375c21-18fd-4797-9ca8-e7753d52871e@group-6E93CD710D75-SegmentedRaftLogWorker: flushIndex: setUnconditionally 0 -> -1
2019-09-26 19:34:53,873 [pool-57-thread-1] INFO  server.RaftServerConfigKeys (ConfUtils.java:logGet(43)) - raft.server.snapshot.auto.trigger.enabled = true (custom)
2019-09-26 19:34:53,873 [pool-57-thread-1] INFO  server.RaftServerConfigKeys (ConfUtils.java:logGet(43)) - raft.server.snapshot.auto.trigger.threshold = 10000 (custom)
2019-09-26 19:34:53,873 [pool-57-thread-1] INFO  server.RaftServerConfigKeys (ConfUtils.java:logGet(43)) - raft.server.snapshot.retention.num.files = 5 (custom)
2019-09-26 19:34:53,874 [pool-57-thread-1] INFO  server.RaftServerConfigKeys (ConfUtils.java:logGet(43)) - raft.server.retrycache.expirytime = 600000ms (custom)
2019-09-26 19:34:53,877 [pool-57-thread-1] INFO  impl.RaftServerImpl (RaftServerImpl.java:start(185)) - d8375c21-18fd-4797-9ca8-e7753d52871e@group-6E93CD710D75: start as a follower, conf=-1: [d8375c21-18fd-4797-9ca8-e7753d52871e:192.168.151.109:36448], old=null
2019-09-26 19:34:53,877 [pool-57-thread-1] INFO  impl.RaftServerImpl (RaftServerImpl.java:setRole(174)) - d8375c21-18fd-4797-9ca8-e7753d52871e@group-6E93CD710D75: changes role from      null to FOLLOWER at term 0 for startAsFollower
2019-09-26 19:34:53,877 [pool-57-thread-1] INFO  impl.RoleInfo (RoleInfo.java:updateAndGet(143)) - d8375c21-18fd-4797-9ca8-e7753d52871e: start FollowerState
2019-09-26 19:34:53,878 [pool-57-thread-1] INFO  util.JmxRegister (JmxRegister.java:tryRegister(44)) - Successfully registered JMX Bean with object name Ratis:service=RaftServer,group=group-6E93CD710D75,id=d8375c21-18fd-4797-9ca8-e7753d52871e
2019-09-26 19:34:53,891 [RatisPipelineUtilsThread] INFO  pipeline.PipelineStateManager (PipelineStateManager.java:addPipeline(56)) - Created pipeline Pipeline[ Id: 83ad8edc-602a-4a8c-b963-6e93cd710d75, Nodes: d8375c21-18fd-4797-9ca8-e7753d52871e{ip: 192.168.151.109, host: pr-hdds-2162-kpcbn-4093309294, networkLocation: /default-rack, certSerialId: null}, Type:RATIS, Factor:ONE, State:OPEN]
2019-09-26 19:34:53,909 [grpc-default-executor-0] INFO  impl.RaftServerProxy (RaftServerProxy.java:addNew(89)) - 019e0474-f11b-4d9b-b1d9-dfb81ad19a47: addNew group-34638C532BCF:[019e0474-f11b-4d9b-b1d9-dfb81ad19a47:192.168.151.109:44237] returns group-34638C532BCF:java.util.concurrent.CompletableFuture@1f472677[Not completed]
2019-09-26 19:34:53,913 [pool-87-thread-1] INFO  impl.RaftServerImpl (RaftServerImpl.java:<init>(95)) - 019e0474-f11b-4d9b-b1d9-dfb81ad19a47: new RaftServerImpl for group-34638C532BCF:[019e0474-f11b-4d9b-b1d9-dfb81ad19a47:192.168.151.109:44237] with ContainerStateMachine:uninitialized
2019-09-26 19:34:53,913 [pool-87-thread-1] INFO  server.RaftServerConfigKeys (ConfUtils.java:logGet(43)) - raft.server.rpc.timeout.min = 5s (custom)
2019-09-26 19:34:53,913 [pool-87-thread-1] INFO  server.RaftServerConfigKeys (ConfUtils.java:logGet(43)) - raft.server.rpc.timeout.max = 5200ms (custom)
2019-09-26 19:34:53,913 [pool-87-thread-1] INFO  server.RaftServerConfigKeys (ConfUtils.java:logGet(43)) - raft.server.rpcslowness.timeout = 120s (custom)
2019-09-26 19:34:53,914 [pool-87-thread-1] INFO  server.RaftServerConfigKeys (ConfUtils.java:logGet(43)) - raft.server.sleep.deviation.threshold = 300 (default)
2019-09-26 19:34:53,914 [pool-87-thread-1] INFO  server.RaftServerConfigKeys (ConfUtils.java:logGet(43)) - raft.server.log.appender.install.snapshot.enabled = false (custom)
2019-09-26 19:34:53,914 [pool-87-thread-1] INFO  impl.RaftServerImpl (ServerState.java:<init>(103)) - 019e0474-f11b-4d9b-b1d9-dfb81ad19a47@group-34638C532BCF: ConfigurationManager, init=-1: [019e0474-f11b-4d9b-b1d9-dfb81ad19a47:192.168.151.109:44237], old=null, confs=<EMPTY_MAP>
2019-09-26 19:34:53,914 [pool-87-thread-1] INFO  server.RaftServerConfigKeys (ConfUtils.java:logGet(43)) - raft.server.storage.dir = [/workdir/hadoop-ozone/integration-test/target/test-dir/MiniOzoneClusterImpl-4433af00-9fad-440b-a2a6-00e4f6de7d20/datanode-6/data/ratis] (custom)
2019-09-26 19:34:53,914 [pool-87-thread-1] INFO  storage.RaftStorageDirectory (RaftStorageDirectory.java:analyzeStorage(246)) - The storage directory /workdir/hadoop-ozone/integration-test/target/test-dir/MiniOzoneClusterImpl-4433af00-9fad-440b-a2a6-00e4f6de7d20/datanode-6/data/ratis/030bf7f2-836b-4b2b-9824-34638c532bcf does not exist. Creating ...
2019-09-26 19:34:53,928 [pool-87-thread-1] INFO  storage.RaftStorageDirectory (RaftStorageDirectory.java:tryLock(328)) - Lock on /workdir/hadoop-ozone/integration-test/target/test-dir/MiniOzoneClusterImpl-4433af00-9fad-440b-a2a6-00e4f6de7d20/datanode-6/data/ratis/030bf7f2-836b-4b2b-9824-34638c532bcf/in_use.lock acquired by nodename 27957@pr-hdds-2162-kpcbn-4093309294
2019-09-26 19:34:53,934 [pool-87-thread-1] INFO  storage.RaftStorage (RaftStorage.java:format(72)) - Storage directory /workdir/hadoop-ozone/integration-test/target/test-dir/MiniOzoneClusterImpl-4433af00-9fad-440b-a2a6-00e4f6de7d20/datanode-6/data/ratis/030bf7f2-836b-4b2b-9824-34638c532bcf has been successfully formatted.
2019-09-26 19:34:53,935 [pool-87-thread-1] INFO  ratis.ContainerStateMachine (ContainerStateMachine.java:loadSnapshot(230)) - group-34638C532BCF: The snapshot info is null. Setting the last applied indexto:(t:0, i:~)
2019-09-26 19:34:53,935 [pool-87-thread-1] INFO  server.RaftServerConfigKeys (ConfUtils.java:logGet(43)) - raft.server.notification.no-leader.timeout = 120s (custom)
2019-09-26 19:34:53,935 [pool-87-thread-1] INFO  server.RaftServerConfigKeys (ConfUtils.java:logGet(43)) - raft.server.log.use.memory = false (default)
2019-09-26 19:34:53,935 [pool-87-thread-1] INFO  server.RaftServerConfigKeys (ConfUtils.java:logGet(43)) - raft.server.log.purge.gap = 1000000 (custom)
2019-09-26 19:34:53,935 [pool-87-thread-1] INFO  server.RaftServerConfigKeys (ConfUtils.java:logGet(43)) - raft.server.log.appender.buffer.byte-limit = 33554432 (custom)
2019-09-26 19:34:53,935 [pool-87-thread-1] INFO  server.RaftServerConfigKeys (ConfUtils.java:logGet(43)) - raft.server.log.segment.size.max = 1048576 (custom)
2019-09-26 19:34:53,936 [pool-87-thread-1] INFO  server.RaftServerConfigKeys (ConfUtils.java:logGet(43)) - raft.server.log.segment.cache.num.max = 2 (custom)
2019-09-26 19:34:53,936 [pool-87-thread-1] INFO  segmented.SegmentedRaftLogWorker (SegmentedRaftLogWorker.java:<init>(172)) - new 019e0474-f11b-4d9b-b1d9-dfb81ad19a47@group-34638C532BCF-SegmentedRaftLogWorker for RaftStorage:Storage Directory /workdir/hadoop-ozone/integration-test/target/test-dir/MiniOzoneClusterImpl-4433af00-9fad-440b-a2a6-00e4f6de7d20/datanode-6/data/ratis/030bf7f2-836b-4b2b-9824-34638c532bcf
2019-09-26 19:34:53,940 [pool-87-thread-1] INFO  server.RaftServerConfigKeys (ConfUtils.java:logGet(43)) - raft.server.log.queue.byte-limit = 2147483647 (custom)
2019-09-26 19:34:53,940 [pool-87-thread-1] INFO  server.RaftServerConfigKeys (ConfUtils.java:logGet(43)) - raft.server.log.queue.element-limit = 1024 (custom)
2019-09-26 19:34:53,940 [pool-87-thread-1] INFO  server.RaftServerConfigKeys (ConfUtils.java:logGet(43)) - raft.server.log.segment.size.max = 1048576 (custom)
2019-09-26 19:34:53,940 [pool-87-thread-1] INFO  server.RaftServerConfigKeys (ConfUtils.java:logGet(43)) - raft.server.log.preallocated.size = 16384 (custom)
2019-09-26 19:34:53,940 [pool-87-thread-1] INFO  server.RaftServerConfigKeys (ConfUtils.java:logGet(43)) - raft.server.log.write.buffer.size = 33554432 (custom)
2019-09-26 19:34:53,940 [pool-87-thread-1] INFO  server.RaftServerConfigKeys (ConfUtils.java:logGet(43)) - raft.server.log.force.sync.num = 128 (default)
2019-09-26 19:34:53,940 [pool-87-thread-1] INFO  server.RaftServerConfigKeys (ConfUtils.java:logGet(43)) - raft.server.log.statemachine.data.sync = true (default)
2019-09-26 19:34:53,941 [pool-87-thread-1] INFO  server.RaftServerConfigKeys (ConfUtils.java:logGet(43)) - raft.server.log.statemachine.data.sync.timeout = 10s (default)
2019-09-26 19:34:53,941 [pool-87-thread-1] INFO  server.RaftServerConfigKeys (ConfUtils.java:logGet(43)) - raft.server.log.statemachine.data.sync.timeout.retry = -1 (default)
2019-09-26 19:34:53,941 [pool-87-thread-1] INFO  server.RaftServerConfigKeys (ConfUtils.java:logGet(43)) - raft.server.log.statemachine.data.caching.enabled = true (custom)
2019-09-26 19:34:53,941 [pool-87-thread-1] INFO  segmented.SegmentedRaftLogWorker (SegmentedRaftLogWorker.java:lambda$new$0(132)) - 019e0474-f11b-4d9b-b1d9-dfb81ad19a47@group-34638C532BCF-SegmentedRaftLogWorker: flushIndex: setUnconditionally 0 -> -1
2019-09-26 19:34:53,942 [pool-87-thread-1] INFO  server.RaftServerConfigKeys (ConfUtils.java:logGet(43)) - raft.server.snapshot.auto.trigger.enabled = true (custom)
2019-09-26 19:34:53,942 [pool-87-thread-1] INFO  server.RaftServerConfigKeys (ConfUtils.java:logGet(43)) - raft.server.snapshot.auto.trigger.threshold = 10000 (custom)
2019-09-26 19:34:53,942 [pool-87-thread-1] INFO  server.RaftServerConfigKeys (ConfUtils.java:logGet(43)) - raft.server.snapshot.retention.num.files = 5 (custom)
2019-09-26 19:34:53,942 [pool-87-thread-1] INFO  server.RaftServerConfigKeys (ConfUtils.java:logGet(43)) - raft.server.retrycache.expirytime = 600000ms (custom)
2019-09-26 19:34:53,945 [pool-87-thread-1] INFO  impl.RaftServerImpl (RaftServerImpl.java:start(185)) - 019e0474-f11b-4d9b-b1d9-dfb81ad19a47@group-34638C532BCF: start as a follower, conf=-1: [019e0474-f11b-4d9b-b1d9-dfb81ad19a47:192.168.151.109:44237], old=null
2019-09-26 19:34:53,945 [pool-87-thread-1] INFO  impl.RaftServerImpl (RaftServerImpl.java:setRole(174)) - 019e0474-f11b-4d9b-b1d9-dfb81ad19a47@group-34638C532BCF: changes role from      null to FOLLOWER at term 0 for startAsFollower
2019-09-26 19:34:53,945 [pool-87-thread-1] INFO  impl.RoleInfo (RoleInfo.java:updateAndGet(143)) - 019e0474-f11b-4d9b-b1d9-dfb81ad19a47: start FollowerState
2019-09-26 19:34:53,945 [pool-87-thread-1] INFO  util.JmxRegister (JmxRegister.java:tryRegister(44)) - Successfully registered JMX Bean with object name Ratis:service=RaftServer,group=group-34638C532BCF,id=019e0474-f11b-4d9b-b1d9-dfb81ad19a47
2019-09-26 19:34:53,955 [RatisPipelineUtilsThread] INFO  pipeline.PipelineStateManager (PipelineStateManager.java:addPipeline(56)) - Created pipeline Pipeline[ Id: 030bf7f2-836b-4b2b-9824-34638c532bcf, Nodes: 019e0474-f11b-4d9b-b1d9-dfb81ad19a47{ip: 192.168.151.109, host: pr-hdds-2162-kpcbn-4093309294, networkLocation: /default-rack, certSerialId: null}, Type:RATIS, Factor:ONE, State:OPEN]
2019-09-26 19:34:53,966 [grpc-default-executor-0] INFO  impl.RaftServerProxy (RaftServerProxy.java:addNew(89)) - caa57342-6217-4fff-b429-c8cc52109755: addNew group-51A75948D1F1:[caa57342-6217-4fff-b429-c8cc52109755:192.168.151.109:38703] returns group-51A75948D1F1:java.util.concurrent.CompletableFuture@3a67417b[Not completed]
2019-09-26 19:34:53,971 [pool-67-thread-1] INFO  impl.RaftServerImpl (RaftServerImpl.java:<init>(95)) - caa57342-6217-4fff-b429-c8cc52109755: new RaftServerImpl for group-51A75948D1F1:[caa57342-6217-4fff-b429-c8cc52109755:192.168.151.109:38703] with ContainerStateMachine:uninitialized
2019-09-26 19:34:53,971 [pool-67-thread-1] INFO  server.RaftServerConfigKeys (ConfUtils.java:logGet(43)) - raft.server.rpc.timeout.min = 5s (custom)
2019-09-26 19:34:53,971 [pool-67-thread-1] INFO  server.RaftServerConfigKeys (ConfUtils.java:logGet(43)) - raft.server.rpc.timeout.max = 5200ms (custom)
2019-09-26 19:34:53,971 [pool-67-thread-1] INFO  server.RaftServerConfigKeys (ConfUtils.java:logGet(43)) - raft.server.rpcslowness.timeout = 120s (custom)
2019-09-26 19:34:53,971 [pool-67-thread-1] INFO  server.RaftServerConfigKeys (ConfUtils.java:logGet(43)) - raft.server.sleep.deviation.threshold = 300 (default)
2019-09-26 19:34:53,972 [pool-67-thread-1] INFO  server.RaftServerConfigKeys (ConfUtils.java:logGet(43)) - raft.server.log.appender.install.snapshot.enabled = false (custom)
2019-09-26 19:34:53,972 [pool-67-thread-1] INFO  impl.RaftServerImpl (ServerState.java:<init>(103)) - caa57342-6217-4fff-b429-c8cc52109755@group-51A75948D1F1: ConfigurationManager, init=-1: [caa57342-6217-4fff-b429-c8cc52109755:192.168.151.109:38703], old=null, confs=<EMPTY_MAP>
2019-09-26 19:34:53,972 [pool-67-thread-1] INFO  server.RaftServerConfigKeys (ConfUtils.java:logGet(43)) - raft.server.storage.dir = [/workdir/hadoop-ozone/integration-test/target/test-dir/MiniOzoneClusterImpl-4433af00-9fad-440b-a2a6-00e4f6de7d20/datanode-4/data/ratis] (custom)
2019-09-26 19:34:53,972 [pool-67-thread-1] INFO  storage.RaftStorageDirectory (RaftStorageDirectory.java:analyzeStorage(246)) - The storage directory /workdir/hadoop-ozone/integration-test/target/test-dir/MiniOzoneClusterImpl-4433af00-9fad-440b-a2a6-00e4f6de7d20/datanode-4/data/ratis/d1a9ec22-696b-459e-9020-51a75948d1f1 does not exist. Creating ...
2019-09-26 19:34:53,985 [pool-67-thread-1] INFO  storage.RaftStorageDirectory (RaftStorageDirectory.java:tryLock(328)) - Lock on /workdir/hadoop-ozone/integration-test/target/test-dir/MiniOzoneClusterImpl-4433af00-9fad-440b-a2a6-00e4f6de7d20/datanode-4/data/ratis/d1a9ec22-696b-459e-9020-51a75948d1f1/in_use.lock acquired by nodename 27957@pr-hdds-2162-kpcbn-4093309294
2019-09-26 19:34:53,999 [pool-67-thread-1] INFO  storage.RaftStorage (RaftStorage.java:format(72)) - Storage directory /workdir/hadoop-ozone/integration-test/target/test-dir/MiniOzoneClusterImpl-4433af00-9fad-440b-a2a6-00e4f6de7d20/datanode-4/data/ratis/d1a9ec22-696b-459e-9020-51a75948d1f1 has been successfully formatted.
2019-09-26 19:34:53,999 [pool-67-thread-1] INFO  ratis.ContainerStateMachine (ContainerStateMachine.java:loadSnapshot(230)) - group-51A75948D1F1: The snapshot info is null. Setting the last applied indexto:(t:0, i:~)
2019-09-26 19:34:53,999 [pool-67-thread-1] INFO  server.RaftServerConfigKeys (ConfUtils.java:logGet(43)) - raft.server.notification.no-leader.timeout = 120s (custom)
2019-09-26 19:34:53,999 [pool-67-thread-1] INFO  server.RaftServerConfigKeys (ConfUtils.java:logGet(43)) - raft.server.log.use.memory = false (default)
2019-09-26 19:34:54,000 [pool-67-thread-1] INFO  server.RaftServerConfigKeys (ConfUtils.java:logGet(43)) - raft.server.log.purge.gap = 1000000 (custom)
2019-09-26 19:34:54,000 [pool-67-thread-1] INFO  server.RaftServerConfigKeys (ConfUtils.java:logGet(43)) - raft.server.log.appender.buffer.byte-limit = 33554432 (custom)
2019-09-26 19:34:54,000 [pool-67-thread-1] INFO  server.RaftServerConfigKeys (ConfUtils.java:logGet(43)) - raft.server.log.segment.size.max = 1048576 (custom)
2019-09-26 19:34:54,000 [pool-67-thread-1] INFO  server.RaftServerConfigKeys (ConfUtils.java:logGet(43)) - raft.server.log.segment.cache.num.max = 2 (custom)
2019-09-26 19:34:54,000 [pool-67-thread-1] INFO  segmented.SegmentedRaftLogWorker (SegmentedRaftLogWorker.java:<init>(172)) - new caa57342-6217-4fff-b429-c8cc52109755@group-51A75948D1F1-SegmentedRaftLogWorker for RaftStorage:Storage Directory /workdir/hadoop-ozone/integration-test/target/test-dir/MiniOzoneClusterImpl-4433af00-9fad-440b-a2a6-00e4f6de7d20/datanode-4/data/ratis/d1a9ec22-696b-459e-9020-51a75948d1f1
2019-09-26 19:34:54,003 [pool-67-thread-1] INFO  server.RaftServerConfigKeys (ConfUtils.java:logGet(43)) - raft.server.log.queue.byte-limit = 2147483647 (custom)
2019-09-26 19:34:54,003 [pool-67-thread-1] INFO  server.RaftServerConfigKeys (ConfUtils.java:logGet(43)) - raft.server.log.queue.element-limit = 1024 (custom)
2019-09-26 19:34:54,003 [pool-67-thread-1] INFO  server.RaftServerConfigKeys (ConfUtils.java:logGet(43)) - raft.server.log.segment.size.max = 1048576 (custom)
2019-09-26 19:34:54,003 [pool-67-thread-1] INFO  server.RaftServerConfigKeys (ConfUtils.java:logGet(43)) - raft.server.log.preallocated.size = 16384 (custom)
2019-09-26 19:34:54,003 [pool-67-thread-1] INFO  server.RaftServerConfigKeys (ConfUtils.java:logGet(43)) - raft.server.log.write.buffer.size = 33554432 (custom)
2019-09-26 19:34:54,004 [pool-67-thread-1] INFO  server.RaftServerConfigKeys (ConfUtils.java:logGet(43)) - raft.server.log.force.sync.num = 128 (default)
2019-09-26 19:34:54,004 [pool-67-thread-1] INFO  server.RaftServerConfigKeys (ConfUtils.java:logGet(43)) - raft.server.log.statemachine.data.sync = true (default)
2019-09-26 19:34:54,004 [pool-67-thread-1] INFO  server.RaftServerConfigKeys (ConfUtils.java:logGet(43)) - raft.server.log.statemachine.data.sync.timeout = 10s (default)
2019-09-26 19:34:54,004 [pool-67-thread-1] INFO  server.RaftServerConfigKeys (ConfUtils.java:logGet(43)) - raft.server.log.statemachine.data.sync.timeout.retry = -1 (default)
2019-09-26 19:34:54,004 [pool-67-thread-1] INFO  server.RaftServerConfigKeys (ConfUtils.java:logGet(43)) - raft.server.log.statemachine.data.caching.enabled = true (custom)
2019-09-26 19:34:54,004 [pool-67-thread-1] INFO  segmented.SegmentedRaftLogWorker (SegmentedRaftLogWorker.java:lambda$new$0(132)) - caa57342-6217-4fff-b429-c8cc52109755@group-51A75948D1F1-SegmentedRaftLogWorker: flushIndex: setUnconditionally 0 -> -1
2019-09-26 19:34:54,005 [pool-67-thread-1] INFO  server.RaftServerConfigKeys (ConfUtils.java:logGet(43)) - raft.server.snapshot.auto.trigger.enabled = true (custom)
2019-09-26 19:34:54,005 [pool-67-thread-1] INFO  server.RaftServerConfigKeys (ConfUtils.java:logGet(43)) - raft.server.snapshot.auto.trigger.threshold = 10000 (custom)
2019-09-26 19:34:54,005 [pool-67-thread-1] INFO  server.RaftServerConfigKeys (ConfUtils.java:logGet(43)) - raft.server.snapshot.retention.num.files = 5 (custom)
2019-09-26 19:34:54,005 [pool-67-thread-1] INFO  server.RaftServerConfigKeys (ConfUtils.java:logGet(43)) - raft.server.retrycache.expirytime = 600000ms (custom)
2019-09-26 19:34:54,007 [pool-67-thread-1] INFO  impl.RaftServerImpl (RaftServerImpl.java:start(185)) - caa57342-6217-4fff-b429-c8cc52109755@group-51A75948D1F1: start as a follower, conf=-1: [caa57342-6217-4fff-b429-c8cc52109755:192.168.151.109:38703], old=null
2019-09-26 19:34:54,007 [pool-67-thread-1] INFO  impl.RaftServerImpl (RaftServerImpl.java:setRole(174)) - caa57342-6217-4fff-b429-c8cc52109755@group-51A75948D1F1: changes role from      null to FOLLOWER at term 0 for startAsFollower
2019-09-26 19:34:54,008 [pool-67-thread-1] INFO  impl.RoleInfo (RoleInfo.java:updateAndGet(143)) - caa57342-6217-4fff-b429-c8cc52109755: start FollowerState
2019-09-26 19:34:54,008 [pool-67-thread-1] INFO  util.JmxRegister (JmxRegister.java:tryRegister(44)) - Successfully registered JMX Bean with object name Ratis:service=RaftServer,group=group-51A75948D1F1,id=caa57342-6217-4fff-b429-c8cc52109755
2019-09-26 19:34:54,021 [RatisPipelineUtilsThread] INFO  pipeline.PipelineStateManager (PipelineStateManager.java:addPipeline(56)) - Created pipeline Pipeline[ Id: d1a9ec22-696b-459e-9020-51a75948d1f1, Nodes: caa57342-6217-4fff-b429-c8cc52109755{ip: 192.168.151.109, host: pr-hdds-2162-kpcbn-4093309294, networkLocation: /default-rack, certSerialId: null}, Type:RATIS, Factor:ONE, State:OPEN]
2019-09-26 19:34:54,057 [grpc-default-executor-2] INFO  impl.RaftServerProxy (RaftServerProxy.java:addNew(89)) - 129507e1-6443-4048-8b61-9b25a6688b7b: addNew group-80AFD52FC61F:[129507e1-6443-4048-8b61-9b25a6688b7b:192.168.151.109:44225, c0ff19f7-d82e-4304-a9a9-085bd668c982:192.168.151.109:38574, 09429691-744f-4861-b11b-9ae7681d4ceb:192.168.151.109:36334] returns group-80AFD52FC61F:java.util.concurrent.CompletableFuture@1461593e[Not completed]
2019-09-26 19:34:54,057 [grpc-default-executor-1] INFO  impl.RaftServerProxy (RaftServerProxy.java:addNew(89)) - 09429691-744f-4861-b11b-9ae7681d4ceb: addNew group-80AFD52FC61F:[129507e1-6443-4048-8b61-9b25a6688b7b:192.168.151.109:44225, c0ff19f7-d82e-4304-a9a9-085bd668c982:192.168.151.109:38574, 09429691-744f-4861-b11b-9ae7681d4ceb:192.168.151.109:36334] returns group-80AFD52FC61F:java.util.concurrent.CompletableFuture@55698faf[Not completed]
2019-09-26 19:34:54,058 [grpc-default-executor-0] INFO  impl.RaftServerProxy (RaftServerProxy.java:addNew(89)) - c0ff19f7-d82e-4304-a9a9-085bd668c982: addNew group-80AFD52FC61F:[129507e1-6443-4048-8b61-9b25a6688b7b:192.168.151.109:44225, c0ff19f7-d82e-4304-a9a9-085bd668c982:192.168.151.109:38574, 09429691-744f-4861-b11b-9ae7681d4ceb:192.168.151.109:36334] returns group-80AFD52FC61F:java.util.concurrent.CompletableFuture@7620579f[Not completed]
2019-09-26 19:34:54,059 [pool-27-thread-1] INFO  impl.RaftServerImpl (RaftServerImpl.java:<init>(95)) - 09429691-744f-4861-b11b-9ae7681d4ceb: new RaftServerImpl for group-80AFD52FC61F:[129507e1-6443-4048-8b61-9b25a6688b7b:192.168.151.109:44225, c0ff19f7-d82e-4304-a9a9-085bd668c982:192.168.151.109:38574, 09429691-744f-4861-b11b-9ae7681d4ceb:192.168.151.109:36334] with ContainerStateMachine:uninitialized
2019-09-26 19:34:54,060 [pool-27-thread-1] INFO  server.RaftServerConfigKeys (ConfUtils.java:logGet(43)) - raft.server.rpc.timeout.min = 5s (custom)
2019-09-26 19:34:54,060 [pool-27-thread-1] INFO  server.RaftServerConfigKeys (ConfUtils.java:logGet(43)) - raft.server.rpc.timeout.max = 5200ms (custom)
2019-09-26 19:34:54,060 [pool-27-thread-1] INFO  server.RaftServerConfigKeys (ConfUtils.java:logGet(43)) - raft.server.rpcslowness.timeout = 120s (custom)
2019-09-26 19:34:54,060 [pool-27-thread-1] INFO  server.RaftServerConfigKeys (ConfUtils.java:logGet(43)) - raft.server.sleep.deviation.threshold = 300 (default)
2019-09-26 19:34:54,060 [pool-27-thread-1] INFO  server.RaftServerConfigKeys (ConfUtils.java:logGet(43)) - raft.server.log.appender.install.snapshot.enabled = false (custom)
2019-09-26 19:34:54,060 [pool-27-thread-1] INFO  impl.RaftServerImpl (ServerState.java:<init>(103)) - 09429691-744f-4861-b11b-9ae7681d4ceb@group-80AFD52FC61F: ConfigurationManager, init=-1: [129507e1-6443-4048-8b61-9b25a6688b7b:192.168.151.109:44225, c0ff19f7-d82e-4304-a9a9-085bd668c982:192.168.151.109:38574, 09429691-744f-4861-b11b-9ae7681d4ceb:192.168.151.109:36334], old=null, confs=<EMPTY_MAP>
2019-09-26 19:34:54,061 [pool-27-thread-1] INFO  server.RaftServerConfigKeys (ConfUtils.java:logGet(43)) - raft.server.storage.dir = [/workdir/hadoop-ozone/integration-test/target/test-dir/MiniOzoneClusterImpl-4433af00-9fad-440b-a2a6-00e4f6de7d20/datanode-0/data/ratis] (custom)
2019-09-26 19:34:54,061 [pool-47-thread-1] INFO  impl.RaftServerImpl (RaftServerImpl.java:<init>(95)) - c0ff19f7-d82e-4304-a9a9-085bd668c982: new RaftServerImpl for group-80AFD52FC61F:[129507e1-6443-4048-8b61-9b25a6688b7b:192.168.151.109:44225, c0ff19f7-d82e-4304-a9a9-085bd668c982:192.168.151.109:38574, 09429691-744f-4861-b11b-9ae7681d4ceb:192.168.151.109:36334] with ContainerStateMachine:uninitialized
2019-09-26 19:34:54,062 [pool-27-thread-1] INFO  storage.RaftStorageDirectory (RaftStorageDirectory.java:analyzeStorage(246)) - The storage directory /workdir/hadoop-ozone/integration-test/target/test-dir/MiniOzoneClusterImpl-4433af00-9fad-440b-a2a6-00e4f6de7d20/datanode-0/data/ratis/97c80607-ef2e-456f-9849-80afd52fc61f does not exist. Creating ...
2019-09-26 19:34:54,062 [pool-47-thread-1] INFO  server.RaftServerConfigKeys (ConfUtils.java:logGet(43)) - raft.server.rpc.timeout.min = 5s (custom)
2019-09-26 19:34:54,062 [pool-47-thread-1] INFO  server.RaftServerConfigKeys (ConfUtils.java:logGet(43)) - raft.server.rpc.timeout.max = 5200ms (custom)
2019-09-26 19:34:54,063 [pool-47-thread-1] INFO  server.RaftServerConfigKeys (ConfUtils.java:logGet(43)) - raft.server.rpcslowness.timeout = 120s (custom)
2019-09-26 19:34:54,063 [pool-77-thread-1] INFO  impl.RaftServerImpl (RaftServerImpl.java:<init>(95)) - 129507e1-6443-4048-8b61-9b25a6688b7b: new RaftServerImpl for group-80AFD52FC61F:[129507e1-6443-4048-8b61-9b25a6688b7b:192.168.151.109:44225, c0ff19f7-d82e-4304-a9a9-085bd668c982:192.168.151.109:38574, 09429691-744f-4861-b11b-9ae7681d4ceb:192.168.151.109:36334] with ContainerStateMachine:uninitialized
2019-09-26 19:34:54,063 [pool-47-thread-1] INFO  server.RaftServerConfigKeys (ConfUtils.java:logGet(43)) - raft.server.sleep.deviation.threshold = 300 (default)
2019-09-26 19:34:54,063 [pool-77-thread-1] INFO  server.RaftServerConfigKeys (ConfUtils.java:logGet(43)) - raft.server.rpc.timeout.min = 5s (custom)
2019-09-26 19:34:54,063 [pool-47-thread-1] INFO  server.RaftServerConfigKeys (ConfUtils.java:logGet(43)) - raft.server.log.appender.install.snapshot.enabled = false (custom)
2019-09-26 19:34:54,063 [pool-77-thread-1] INFO  server.RaftServerConfigKeys (ConfUtils.java:logGet(43)) - raft.server.rpc.timeout.max = 5200ms (custom)
2019-09-26 19:34:54,063 [pool-47-thread-1] INFO  impl.RaftServerImpl (ServerState.java:<init>(103)) - c0ff19f7-d82e-4304-a9a9-085bd668c982@group-80AFD52FC61F: ConfigurationManager, init=-1: [129507e1-6443-4048-8b61-9b25a6688b7b:192.168.151.109:44225, c0ff19f7-d82e-4304-a9a9-085bd668c982:192.168.151.109:38574, 09429691-744f-4861-b11b-9ae7681d4ceb:192.168.151.109:36334], old=null, confs=<EMPTY_MAP>
2019-09-26 19:34:54,063 [pool-77-thread-1] INFO  server.RaftServerConfigKeys (ConfUtils.java:logGet(43)) - raft.server.rpcslowness.timeout = 120s (custom)
2019-09-26 19:34:54,063 [pool-77-thread-1] INFO  server.RaftServerConfigKeys (ConfUtils.java:logGet(43)) - raft.server.sleep.deviation.threshold = 300 (default)
2019-09-26 19:34:54,063 [pool-47-thread-1] INFO  server.RaftServerConfigKeys (ConfUtils.java:logGet(43)) - raft.server.storage.dir = [/workdir/hadoop-ozone/integration-test/target/test-dir/MiniOzoneClusterImpl-4433af00-9fad-440b-a2a6-00e4f6de7d20/datanode-2/data/ratis] (custom)
2019-09-26 19:34:54,064 [pool-77-thread-1] INFO  server.RaftServerConfigKeys (ConfUtils.java:logGet(43)) - raft.server.log.appender.install.snapshot.enabled = false (custom)
2019-09-26 19:34:54,064 [pool-77-thread-1] INFO  impl.RaftServerImpl (ServerState.java:<init>(103)) - 129507e1-6443-4048-8b61-9b25a6688b7b@group-80AFD52FC61F: ConfigurationManager, init=-1: [129507e1-6443-4048-8b61-9b25a6688b7b:192.168.151.109:44225, c0ff19f7-d82e-4304-a9a9-085bd668c982:192.168.151.109:38574, 09429691-744f-4861-b11b-9ae7681d4ceb:192.168.151.109:36334], old=null, confs=<EMPTY_MAP>
2019-09-26 19:34:54,064 [pool-77-thread-1] INFO  server.RaftServerConfigKeys (ConfUtils.java:logGet(43)) - raft.server.storage.dir = [/workdir/hadoop-ozone/integration-test/target/test-dir/MiniOzoneClusterImpl-4433af00-9fad-440b-a2a6-00e4f6de7d20/datanode-5/data/ratis] (custom)
2019-09-26 19:34:54,064 [pool-47-thread-1] INFO  storage.RaftStorageDirectory (RaftStorageDirectory.java:analyzeStorage(246)) - The storage directory /workdir/hadoop-ozone/integration-test/target/test-dir/MiniOzoneClusterImpl-4433af00-9fad-440b-a2a6-00e4f6de7d20/datanode-2/data/ratis/97c80607-ef2e-456f-9849-80afd52fc61f does not exist. Creating ...
2019-09-26 19:34:54,064 [pool-77-thread-1] INFO  storage.RaftStorageDirectory (RaftStorageDirectory.java:analyzeStorage(246)) - The storage directory /workdir/hadoop-ozone/integration-test/target/test-dir/MiniOzoneClusterImpl-4433af00-9fad-440b-a2a6-00e4f6de7d20/datanode-5/data/ratis/97c80607-ef2e-456f-9849-80afd52fc61f does not exist. Creating ...
2019-09-26 19:34:54,076 [pool-77-thread-1] INFO  storage.RaftStorageDirectory (RaftStorageDirectory.java:tryLock(328)) - Lock on /workdir/hadoop-ozone/integration-test/target/test-dir/MiniOzoneClusterImpl-4433af00-9fad-440b-a2a6-00e4f6de7d20/datanode-5/data/ratis/97c80607-ef2e-456f-9849-80afd52fc61f/in_use.lock acquired by nodename 27957@pr-hdds-2162-kpcbn-4093309294
2019-09-26 19:34:54,076 [pool-27-thread-1] INFO  storage.RaftStorageDirectory (RaftStorageDirectory.java:tryLock(328)) - Lock on /workdir/hadoop-ozone/integration-test/target/test-dir/MiniOzoneClusterImpl-4433af00-9fad-440b-a2a6-00e4f6de7d20/datanode-0/data/ratis/97c80607-ef2e-456f-9849-80afd52fc61f/in_use.lock acquired by nodename 27957@pr-hdds-2162-kpcbn-4093309294
2019-09-26 19:34:54,076 [pool-47-thread-1] INFO  storage.RaftStorageDirectory (RaftStorageDirectory.java:tryLock(328)) - Lock on /workdir/hadoop-ozone/integration-test/target/test-dir/MiniOzoneClusterImpl-4433af00-9fad-440b-a2a6-00e4f6de7d20/datanode-2/data/ratis/97c80607-ef2e-456f-9849-80afd52fc61f/in_use.lock acquired by nodename 27957@pr-hdds-2162-kpcbn-4093309294
2019-09-26 19:34:54,078 [main] INFO  ozone.MiniOzoneClusterImpl (MiniOzoneClusterImpl.java:lambda$waitForClusterToBeReady$0(147)) - Cluster is ready. Got 7 of 7 DN Heartbeats.
2019-09-26 19:34:54,090 [pool-27-thread-1] INFO  storage.RaftStorage (RaftStorage.java:format(72)) - Storage directory /workdir/hadoop-ozone/integration-test/target/test-dir/MiniOzoneClusterImpl-4433af00-9fad-440b-a2a6-00e4f6de7d20/datanode-0/data/ratis/97c80607-ef2e-456f-9849-80afd52fc61f has been successfully formatted.
2019-09-26 19:34:54,090 [pool-47-thread-1] INFO  storage.RaftStorage (RaftStorage.java:format(72)) - Storage directory /workdir/hadoop-ozone/integration-test/target/test-dir/MiniOzoneClusterImpl-4433af00-9fad-440b-a2a6-00e4f6de7d20/datanode-2/data/ratis/97c80607-ef2e-456f-9849-80afd52fc61f has been successfully formatted.
2019-09-26 19:34:54,090 [pool-77-thread-1] INFO  storage.RaftStorage (RaftStorage.java:format(72)) - Storage directory /workdir/hadoop-ozone/integration-test/target/test-dir/MiniOzoneClusterImpl-4433af00-9fad-440b-a2a6-00e4f6de7d20/datanode-5/data/ratis/97c80607-ef2e-456f-9849-80afd52fc61f has been successfully formatted.
2019-09-26 19:34:54,090 [pool-47-thread-1] INFO  ratis.ContainerStateMachine (ContainerStateMachine.java:loadSnapshot(230)) - group-80AFD52FC61F: The snapshot info is null. Setting the last applied indexto:(t:0, i:~)
2019-09-26 19:34:54,090 [pool-77-thread-1] INFO  ratis.ContainerStateMachine (ContainerStateMachine.java:loadSnapshot(230)) - group-80AFD52FC61F: The snapshot info is null. Setting the last applied indexto:(t:0, i:~)
2019-09-26 19:34:54,090 [pool-27-thread-1] INFO  ratis.ContainerStateMachine (ContainerStateMachine.java:loadSnapshot(230)) - group-80AFD52FC61F: The snapshot info is null. Setting the last applied indexto:(t:0, i:~)
2019-09-26 19:34:54,091 [pool-77-thread-1] INFO  server.RaftServerConfigKeys (ConfUtils.java:logGet(43)) - raft.server.notification.no-leader.timeout = 120s (custom)
2019-09-26 19:34:54,091 [pool-47-thread-1] INFO  server.RaftServerConfigKeys (ConfUtils.java:logGet(43)) - raft.server.notification.no-leader.timeout = 120s (custom)
2019-09-26 19:34:54,091 [pool-77-thread-1] INFO  server.RaftServerConfigKeys (ConfUtils.java:logGet(43)) - raft.server.log.use.memory = false (default)
2019-09-26 19:34:54,091 [pool-27-thread-1] INFO  server.RaftServerConfigKeys (ConfUtils.java:logGet(43)) - raft.server.notification.no-leader.timeout = 120s (custom)
2019-09-26 19:34:54,091 [pool-77-thread-1] INFO  server.RaftServerConfigKeys (ConfUtils.java:logGet(43)) - raft.server.log.purge.gap = 1000000 (custom)
2019-09-26 19:34:54,091 [pool-47-thread-1] INFO  server.RaftServerConfigKeys (ConfUtils.java:logGet(43)) - raft.server.log.use.memory = false (default)
2019-09-26 19:34:54,091 [pool-77-thread-1] INFO  server.RaftServerConfigKeys (ConfUtils.java:logGet(43)) - raft.server.log.appender.buffer.byte-limit = 33554432 (custom)
2019-09-26 19:34:54,091 [pool-27-thread-1] INFO  server.RaftServerConfigKeys (ConfUtils.java:logGet(43)) - raft.server.log.use.memory = false (default)
2019-09-26 19:34:54,092 [pool-77-thread-1] INFO  server.RaftServerConfigKeys (ConfUtils.java:logGet(43)) - raft.server.log.segment.size.max = 1048576 (custom)
2019-09-26 19:34:54,092 [pool-47-thread-1] INFO  server.RaftServerConfigKeys (ConfUtils.java:logGet(43)) - raft.server.log.purge.gap = 1000000 (custom)
2019-09-26 19:34:54,092 [pool-77-thread-1] INFO  server.RaftServerConfigKeys (ConfUtils.java:logGet(43)) - raft.server.log.segment.cache.num.max = 2 (custom)
2019-09-26 19:34:54,092 [pool-27-thread-1] INFO  server.RaftServerConfigKeys (ConfUtils.java:logGet(43)) - raft.server.log.purge.gap = 1000000 (custom)
2019-09-26 19:34:54,092 [pool-77-thread-1] INFO  segmented.SegmentedRaftLogWorker (SegmentedRaftLogWorker.java:<init>(172)) - new 129507e1-6443-4048-8b61-9b25a6688b7b@group-80AFD52FC61F-SegmentedRaftLogWorker for RaftStorage:Storage Directory /workdir/hadoop-ozone/integration-test/target/test-dir/MiniOzoneClusterImpl-4433af00-9fad-440b-a2a6-00e4f6de7d20/datanode-5/data/ratis/97c80607-ef2e-456f-9849-80afd52fc61f
2019-09-26 19:34:54,092 [pool-47-thread-1] INFO  server.RaftServerConfigKeys (ConfUtils.java:logGet(43)) - raft.server.log.appender.buffer.byte-limit = 33554432 (custom)
2019-09-26 19:34:54,092 [pool-77-thread-1] INFO  server.RaftServerConfigKeys (ConfUtils.java:logGet(43)) - raft.server.log.queue.byte-limit = 2147483647 (custom)
2019-09-26 19:34:54,092 [pool-27-thread-1] INFO  server.RaftServerConfigKeys (ConfUtils.java:logGet(43)) - raft.server.log.appender.buffer.byte-limit = 33554432 (custom)
2019-09-26 19:34:54,093 [pool-77-thread-1] INFO  server.RaftServerConfigKeys (ConfUtils.java:logGet(43)) - raft.server.log.queue.element-limit = 1024 (custom)
2019-09-26 19:34:54,093 [pool-47-thread-1] INFO  server.RaftServerConfigKeys (ConfUtils.java:logGet(43)) - raft.server.log.segment.size.max = 1048576 (custom)
2019-09-26 19:34:54,093 [pool-77-thread-1] INFO  server.RaftServerConfigKeys (ConfUtils.java:logGet(43)) - raft.server.log.segment.size.max = 1048576 (custom)
2019-09-26 19:34:54,093 [pool-27-thread-1] INFO  server.RaftServerConfigKeys (ConfUtils.java:logGet(43)) - raft.server.log.segment.size.max = 1048576 (custom)
2019-09-26 19:34:54,093 [pool-77-thread-1] INFO  server.RaftServerConfigKeys (ConfUtils.java:logGet(43)) - raft.server.log.preallocated.size = 16384 (custom)
2019-09-26 19:34:54,093 [pool-47-thread-1] INFO  server.RaftServerConfigKeys (ConfUtils.java:logGet(43)) - raft.server.log.segment.cache.num.max = 2 (custom)
2019-09-26 19:34:54,093 [pool-77-thread-1] INFO  server.RaftServerConfigKeys (ConfUtils.java:logGet(43)) - raft.server.log.write.buffer.size = 33554432 (custom)
2019-09-26 19:34:54,093 [pool-27-thread-1] INFO  server.RaftServerConfigKeys (ConfUtils.java:logGet(43)) - raft.server.log.segment.cache.num.max = 2 (custom)
2019-09-26 19:34:54,094 [pool-77-thread-1] INFO  server.RaftServerConfigKeys (ConfUtils.java:logGet(43)) - raft.server.log.force.sync.num = 128 (default)
2019-09-26 19:34:54,093 [pool-47-thread-1] INFO  segmented.SegmentedRaftLogWorker (SegmentedRaftLogWorker.java:<init>(172)) - new c0ff19f7-d82e-4304-a9a9-085bd668c982@group-80AFD52FC61F-SegmentedRaftLogWorker for RaftStorage:Storage Directory /workdir/hadoop-ozone/integration-test/target/test-dir/MiniOzoneClusterImpl-4433af00-9fad-440b-a2a6-00e4f6de7d20/datanode-2/data/ratis/97c80607-ef2e-456f-9849-80afd52fc61f
2019-09-26 19:34:54,094 [pool-77-thread-1] INFO  server.RaftServerConfigKeys (ConfUtils.java:logGet(43)) - raft.server.log.statemachine.data.sync = true (default)
2019-09-26 19:34:54,094 [pool-27-thread-1] INFO  segmented.SegmentedRaftLogWorker (SegmentedRaftLogWorker.java:<init>(172)) - new 09429691-744f-4861-b11b-9ae7681d4ceb@group-80AFD52FC61F-SegmentedRaftLogWorker for RaftStorage:Storage Directory /workdir/hadoop-ozone/integration-test/target/test-dir/MiniOzoneClusterImpl-4433af00-9fad-440b-a2a6-00e4f6de7d20/datanode-0/data/ratis/97c80607-ef2e-456f-9849-80afd52fc61f
2019-09-26 19:34:54,094 [pool-77-thread-1] INFO  server.RaftServerConfigKeys (ConfUtils.java:logGet(43)) - raft.server.log.statemachine.data.sync.timeout = 10s (default)
2019-09-26 19:34:54,094 [pool-47-thread-1] INFO  server.RaftServerConfigKeys (ConfUtils.java:logGet(43)) - raft.server.log.queue.byte-limit = 2147483647 (custom)
2019-09-26 19:34:54,094 [pool-77-thread-1] INFO  server.RaftServerConfigKeys (ConfUtils.java:logGet(43)) - raft.server.log.statemachine.data.sync.timeout.retry = -1 (default)
2019-09-26 19:34:54,094 [pool-27-thread-1] INFO  server.RaftServerConfigKeys (ConfUtils.java:logGet(43)) - raft.server.log.queue.byte-limit = 2147483647 (custom)
2019-09-26 19:34:54,094 [pool-47-thread-1] INFO  server.RaftServerConfigKeys (ConfUtils.java:logGet(43)) - raft.server.log.queue.element-limit = 1024 (custom)
2019-09-26 19:34:54,095 [pool-27-thread-1] INFO  server.RaftServerConfigKeys (ConfUtils.java:logGet(43)) - raft.server.log.queue.element-limit = 1024 (custom)
2019-09-26 19:34:54,095 [pool-77-thread-1] INFO  server.RaftServerConfigKeys (ConfUtils.java:logGet(43)) - raft.server.log.statemachine.data.caching.enabled = true (custom)
2019-09-26 19:34:54,095 [pool-27-thread-1] INFO  server.RaftServerConfigKeys (ConfUtils.java:logGet(43)) - raft.server.log.segment.size.max = 1048576 (custom)
2019-09-26 19:34:54,095 [pool-47-thread-1] INFO  server.RaftServerConfigKeys (ConfUtils.java:logGet(43)) - raft.server.log.segment.size.max = 1048576 (custom)
2019-09-26 19:34:54,095 [pool-77-thread-1] INFO  segmented.SegmentedRaftLogWorker (SegmentedRaftLogWorker.java:lambda$new$0(132)) - 129507e1-6443-4048-8b61-9b25a6688b7b@group-80AFD52FC61F-SegmentedRaftLogWorker: flushIndex: setUnconditionally 0 -> -1
2019-09-26 19:34:54,095 [pool-47-thread-1] INFO  server.RaftServerConfigKeys (ConfUtils.java:logGet(43)) - raft.server.log.preallocated.size = 16384 (custom)
2019-09-26 19:34:54,095 [pool-27-thread-1] INFO  server.RaftServerConfigKeys (ConfUtils.java:logGet(43)) - raft.server.log.preallocated.size = 16384 (custom)
2019-09-26 19:34:54,095 [pool-77-thread-1] INFO  server.RaftServerConfigKeys (ConfUtils.java:logGet(43)) - raft.server.snapshot.auto.trigger.enabled = true (custom)
2019-09-26 19:34:54,095 [pool-47-thread-1] INFO  server.RaftServerConfigKeys (ConfUtils.java:logGet(43)) - raft.server.log.write.buffer.size = 33554432 (custom)
2019-09-26 19:34:54,096 [pool-77-thread-1] INFO  server.RaftServerConfigKeys (ConfUtils.java:logGet(43)) - raft.server.snapshot.auto.trigger.threshold = 10000 (custom)
2019-09-26 19:34:54,096 [pool-27-thread-1] INFO  server.RaftServerConfigKeys (ConfUtils.java:logGet(43)) - raft.server.log.write.buffer.size = 33554432 (custom)
2019-09-26 19:34:54,096 [pool-77-thread-1] INFO  server.RaftServerConfigKeys (ConfUtils.java:logGet(43)) - raft.server.snapshot.retention.num.files = 5 (custom)
2019-09-26 19:34:54,096 [pool-47-thread-1] INFO  server.RaftServerConfigKeys (ConfUtils.java:logGet(43)) - raft.server.log.force.sync.num = 128 (default)
2019-09-26 19:34:54,096 [pool-77-thread-1] INFO  server.RaftServerConfigKeys (ConfUtils.java:logGet(43)) - raft.server.retrycache.expirytime = 600000ms (custom)
2019-09-26 19:34:54,096 [pool-27-thread-1] INFO  server.RaftServerConfigKeys (ConfUtils.java:logGet(43)) - raft.server.log.force.sync.num = 128 (default)
2019-09-26 19:34:54,096 [pool-47-thread-1] INFO  server.RaftServerConfigKeys (ConfUtils.java:logGet(43)) - raft.server.log.statemachine.data.sync = true (default)
2019-09-26 19:34:54,097 [pool-27-thread-1] INFO  server.RaftServerConfigKeys (ConfUtils.java:logGet(43)) - raft.server.log.statemachine.data.sync = true (default)
2019-09-26 19:34:54,097 [pool-47-thread-1] INFO  server.RaftServerConfigKeys (ConfUtils.java:logGet(43)) - raft.server.log.statemachine.data.sync.timeout = 10s (default)
2019-09-26 19:34:54,097 [pool-27-thread-1] INFO  server.RaftServerConfigKeys (ConfUtils.java:logGet(43)) - raft.server.log.statemachine.data.sync.timeout = 10s (default)
2019-09-26 19:34:54,097 [pool-47-thread-1] INFO  server.RaftServerConfigKeys (ConfUtils.java:logGet(43)) - raft.server.log.statemachine.data.sync.timeout.retry = -1 (default)
2019-09-26 19:34:54,097 [pool-27-thread-1] INFO  server.RaftServerConfigKeys (ConfUtils.java:logGet(43)) - raft.server.log.statemachine.data.sync.timeout.retry = -1 (default)
2019-09-26 19:34:54,097 [pool-47-thread-1] INFO  server.RaftServerConfigKeys (ConfUtils.java:logGet(43)) - raft.server.log.statemachine.data.caching.enabled = true (custom)
2019-09-26 19:34:54,097 [pool-27-thread-1] INFO  server.RaftServerConfigKeys (ConfUtils.java:logGet(43)) - raft.server.log.statemachine.data.caching.enabled = true (custom)
2019-09-26 19:34:54,098 [pool-47-thread-1] INFO  segmented.SegmentedRaftLogWorker (SegmentedRaftLogWorker.java:lambda$new$0(132)) - c0ff19f7-d82e-4304-a9a9-085bd668c982@group-80AFD52FC61F-SegmentedRaftLogWorker: flushIndex: setUnconditionally 0 -> -1
2019-09-26 19:34:54,098 [pool-27-thread-1] INFO  segmented.SegmentedRaftLogWorker (SegmentedRaftLogWorker.java:lambda$new$0(132)) - 09429691-744f-4861-b11b-9ae7681d4ceb@group-80AFD52FC61F-SegmentedRaftLogWorker: flushIndex: setUnconditionally 0 -> -1
2019-09-26 19:34:54,098 [pool-47-thread-1] INFO  server.RaftServerConfigKeys (ConfUtils.java:logGet(43)) - raft.server.snapshot.auto.trigger.enabled = true (custom)
2019-09-26 19:34:54,098 [pool-47-thread-1] INFO  server.RaftServerConfigKeys (ConfUtils.java:logGet(43)) - raft.server.snapshot.auto.trigger.threshold = 10000 (custom)
2019-09-26 19:34:54,098 [pool-27-thread-1] INFO  server.RaftServerConfigKeys (ConfUtils.java:logGet(43)) - raft.server.snapshot.auto.trigger.enabled = true (custom)
2019-09-26 19:34:54,098 [pool-47-thread-1] INFO  server.RaftServerConfigKeys (ConfUtils.java:logGet(43)) - raft.server.snapshot.retention.num.files = 5 (custom)
2019-09-26 19:34:54,098 [pool-27-thread-1] INFO  server.RaftServerConfigKeys (ConfUtils.java:logGet(43)) - raft.server.snapshot.auto.trigger.threshold = 10000 (custom)
2019-09-26 19:34:54,098 [pool-47-thread-1] INFO  server.RaftServerConfigKeys (ConfUtils.java:logGet(43)) - raft.server.retrycache.expirytime = 600000ms (custom)
2019-09-26 19:34:54,098 [pool-27-thread-1] INFO  server.RaftServerConfigKeys (ConfUtils.java:logGet(43)) - raft.server.snapshot.retention.num.files = 5 (custom)
2019-09-26 19:34:54,099 [pool-27-thread-1] INFO  server.RaftServerConfigKeys (ConfUtils.java:logGet(43)) - raft.server.retrycache.expirytime = 600000ms (custom)
2019-09-26 19:34:54,099 [pool-77-thread-1] INFO  impl.RaftServerImpl (RaftServerImpl.java:start(185)) - 129507e1-6443-4048-8b61-9b25a6688b7b@group-80AFD52FC61F: start as a follower, conf=-1: [129507e1-6443-4048-8b61-9b25a6688b7b:192.168.151.109:44225, c0ff19f7-d82e-4304-a9a9-085bd668c982:192.168.151.109:38574, 09429691-744f-4861-b11b-9ae7681d4ceb:192.168.151.109:36334], old=null
2019-09-26 19:34:54,099 [pool-77-thread-1] INFO  impl.RaftServerImpl (RaftServerImpl.java:setRole(174)) - 129507e1-6443-4048-8b61-9b25a6688b7b@group-80AFD52FC61F: changes role from      null to FOLLOWER at term 0 for startAsFollower
2019-09-26 19:34:54,099 [pool-77-thread-1] INFO  impl.RoleInfo (RoleInfo.java:updateAndGet(143)) - 129507e1-6443-4048-8b61-9b25a6688b7b: start FollowerState
2019-09-26 19:34:54,100 [pool-77-thread-1] INFO  util.JmxRegister (JmxRegister.java:tryRegister(44)) - Successfully registered JMX Bean with object name Ratis:service=RaftServer,group=group-80AFD52FC61F,id=129507e1-6443-4048-8b61-9b25a6688b7b
2019-09-26 19:34:54,101 [pool-47-thread-1] INFO  impl.RaftServerImpl (RaftServerImpl.java:start(185)) - c0ff19f7-d82e-4304-a9a9-085bd668c982@group-80AFD52FC61F: start as a follower, conf=-1: [129507e1-6443-4048-8b61-9b25a6688b7b:192.168.151.109:44225, c0ff19f7-d82e-4304-a9a9-085bd668c982:192.168.151.109:38574, 09429691-744f-4861-b11b-9ae7681d4ceb:192.168.151.109:36334], old=null
2019-09-26 19:34:54,101 [pool-47-thread-1] INFO  impl.RaftServerImpl (RaftServerImpl.java:setRole(174)) - c0ff19f7-d82e-4304-a9a9-085bd668c982@group-80AFD52FC61F: changes role from      null to FOLLOWER at term 0 for startAsFollower
2019-09-26 19:34:54,102 [pool-47-thread-1] INFO  impl.RoleInfo (RoleInfo.java:updateAndGet(143)) - c0ff19f7-d82e-4304-a9a9-085bd668c982: start FollowerState
2019-09-26 19:34:54,105 [pool-47-thread-1] INFO  util.JmxRegister (JmxRegister.java:tryRegister(44)) - Successfully registered JMX Bean with object name Ratis:service=RaftServer,group=group-80AFD52FC61F,id=c0ff19f7-d82e-4304-a9a9-085bd668c982
2019-09-26 19:34:54,105 [pool-27-thread-1] INFO  impl.RaftServerImpl (RaftServerImpl.java:start(185)) - 09429691-744f-4861-b11b-9ae7681d4ceb@group-80AFD52FC61F: start as a follower, conf=-1: [129507e1-6443-4048-8b61-9b25a6688b7b:192.168.151.109:44225, c0ff19f7-d82e-4304-a9a9-085bd668c982:192.168.151.109:38574, 09429691-744f-4861-b11b-9ae7681d4ceb:192.168.151.109:36334], old=null
2019-09-26 19:34:54,105 [pool-27-thread-1] INFO  impl.RaftServerImpl (RaftServerImpl.java:setRole(174)) - 09429691-744f-4861-b11b-9ae7681d4ceb@group-80AFD52FC61F: changes role from      null to FOLLOWER at term 0 for startAsFollower
2019-09-26 19:34:54,105 [pool-27-thread-1] INFO  impl.RoleInfo (RoleInfo.java:updateAndGet(143)) - 09429691-744f-4861-b11b-9ae7681d4ceb: start FollowerState
2019-09-26 19:34:54,108 [pool-27-thread-1] INFO  util.JmxRegister (JmxRegister.java:tryRegister(44)) - Successfully registered JMX Bean with object name Ratis:service=RaftServer,group=group-80AFD52FC61F,id=09429691-744f-4861-b11b-9ae7681d4ceb
2019-09-26 19:34:54,125 [RatisPipelineUtilsThread] INFO  pipeline.PipelineStateManager (PipelineStateManager.java:addPipeline(56)) - Created pipeline Pipeline[ Id: 97c80607-ef2e-456f-9849-80afd52fc61f, Nodes: 09429691-744f-4861-b11b-9ae7681d4ceb{ip: 192.168.151.109, host: pr-hdds-2162-kpcbn-4093309294, networkLocation: /default-rack, certSerialId: null}129507e1-6443-4048-8b61-9b25a6688b7b{ip: 192.168.151.109, host: pr-hdds-2162-kpcbn-4093309294, networkLocation: /default-rack, certSerialId: null}c0ff19f7-d82e-4304-a9a9-085bd668c982{ip: 192.168.151.109, host: pr-hdds-2162-kpcbn-4093309294, networkLocation: /default-rack, certSerialId: null}, Type:RATIS, Factor:THREE, State:OPEN]
2019-09-26 19:34:54,152 [grpc-default-executor-2] INFO  impl.RaftServerProxy (RaftServerProxy.java:addNew(89)) - d8375c21-18fd-4797-9ca8-e7753d52871e: addNew group-84137ED07D77:[019e0474-f11b-4d9b-b1d9-dfb81ad19a47:192.168.151.109:44237, d8375c21-18fd-4797-9ca8-e7753d52871e:192.168.151.109:36448, 083f4781-77b8-4075-9ff2-fe5b3cab259c:192.168.151.109:33483] returns group-84137ED07D77:java.util.concurrent.CompletableFuture@63f96f6[Not completed]
2019-09-26 19:34:54,152 [grpc-default-executor-1] INFO  impl.RaftServerProxy (RaftServerProxy.java:addNew(89)) - 083f4781-77b8-4075-9ff2-fe5b3cab259c: addNew group-84137ED07D77:[019e0474-f11b-4d9b-b1d9-dfb81ad19a47:192.168.151.109:44237, d8375c21-18fd-4797-9ca8-e7753d52871e:192.168.151.109:36448, 083f4781-77b8-4075-9ff2-fe5b3cab259c:192.168.151.109:33483] returns group-84137ED07D77:java.util.concurrent.CompletableFuture@400ca2a8[Not completed]
2019-09-26 19:34:54,152 [grpc-default-executor-0] INFO  impl.RaftServerProxy (RaftServerProxy.java:addNew(89)) - 019e0474-f11b-4d9b-b1d9-dfb81ad19a47: addNew group-84137ED07D77:[019e0474-f11b-4d9b-b1d9-dfb81ad19a47:192.168.151.109:44237, d8375c21-18fd-4797-9ca8-e7753d52871e:192.168.151.109:36448, 083f4781-77b8-4075-9ff2-fe5b3cab259c:192.168.151.109:33483] returns group-84137ED07D77:java.util.concurrent.CompletableFuture@139047b8[Not completed]
2019-09-26 19:34:54,156 [pool-87-thread-1] INFO  impl.RaftServerImpl (RaftServerImpl.java:<init>(95)) - 019e0474-f11b-4d9b-b1d9-dfb81ad19a47: new RaftServerImpl for group-84137ED07D77:[019e0474-f11b-4d9b-b1d9-dfb81ad19a47:192.168.151.109:44237, d8375c21-18fd-4797-9ca8-e7753d52871e:192.168.151.109:36448, 083f4781-77b8-4075-9ff2-fe5b3cab259c:192.168.151.109:33483] with ContainerStateMachine:uninitialized
2019-09-26 19:34:54,156 [pool-87-thread-1] INFO  server.RaftServerConfigKeys (ConfUtils.java:logGet(43)) - raft.server.rpc.timeout.min = 5s (custom)
2019-09-26 19:34:54,156 [pool-87-thread-1] INFO  server.RaftServerConfigKeys (ConfUtils.java:logGet(43)) - raft.server.rpc.timeout.max = 5200ms (custom)
2019-09-26 19:34:54,156 [pool-87-thread-1] INFO  server.RaftServerConfigKeys (ConfUtils.java:logGet(43)) - raft.server.rpcslowness.timeout = 120s (custom)
2019-09-26 19:34:54,157 [pool-87-thread-1] INFO  server.RaftServerConfigKeys (ConfUtils.java:logGet(43)) - raft.server.sleep.deviation.threshold = 300 (default)
2019-09-26 19:34:54,157 [pool-87-thread-1] INFO  server.RaftServerConfigKeys (ConfUtils.java:logGet(43)) - raft.server.log.appender.install.snapshot.enabled = false (custom)
2019-09-26 19:34:54,157 [pool-87-thread-1] INFO  impl.RaftServerImpl (ServerState.java:<init>(103)) - 019e0474-f11b-4d9b-b1d9-dfb81ad19a47@group-84137ED07D77: ConfigurationManager, init=-1: [019e0474-f11b-4d9b-b1d9-dfb81ad19a47:192.168.151.109:44237, d8375c21-18fd-4797-9ca8-e7753d52871e:192.168.151.109:36448, 083f4781-77b8-4075-9ff2-fe5b3cab259c:192.168.151.109:33483], old=null, confs=<EMPTY_MAP>
2019-09-26 19:34:54,157 [pool-87-thread-1] INFO  server.RaftServerConfigKeys (ConfUtils.java:logGet(43)) - raft.server.storage.dir = [/workdir/hadoop-ozone/integration-test/target/test-dir/MiniOzoneClusterImpl-4433af00-9fad-440b-a2a6-00e4f6de7d20/datanode-6/data/ratis] (custom)
2019-09-26 19:34:54,157 [pool-87-thread-1] INFO  storage.RaftStorageDirectory (RaftStorageDirectory.java:analyzeStorage(246)) - The storage directory /workdir/hadoop-ozone/integration-test/target/test-dir/MiniOzoneClusterImpl-4433af00-9fad-440b-a2a6-00e4f6de7d20/datanode-6/data/ratis/7c65e405-ff87-4542-82e7-84137ed07d77 does not exist. Creating ...
2019-09-26 19:34:54,157 [pool-57-thread-1] INFO  impl.RaftServerImpl (RaftServerImpl.java:<init>(95)) - d8375c21-18fd-4797-9ca8-e7753d52871e: new RaftServerImpl for group-84137ED07D77:[019e0474-f11b-4d9b-b1d9-dfb81ad19a47:192.168.151.109:44237, d8375c21-18fd-4797-9ca8-e7753d52871e:192.168.151.109:36448, 083f4781-77b8-4075-9ff2-fe5b3cab259c:192.168.151.109:33483] with ContainerStateMachine:uninitialized
2019-09-26 19:34:54,158 [pool-57-thread-1] INFO  server.RaftServerConfigKeys (ConfUtils.java:logGet(43)) - raft.server.rpc.timeout.min = 5s (custom)
2019-09-26 19:34:54,158 [pool-57-thread-1] INFO  server.RaftServerConfigKeys (ConfUtils.java:logGet(43)) - raft.server.rpc.timeout.max = 5200ms (custom)
2019-09-26 19:34:54,158 [pool-57-thread-1] INFO  server.RaftServerConfigKeys (ConfUtils.java:logGet(43)) - raft.server.rpcslowness.timeout = 120s (custom)
2019-09-26 19:34:54,158 [pool-57-thread-1] INFO  server.RaftServerConfigKeys (ConfUtils.java:logGet(43)) - raft.server.sleep.deviation.threshold = 300 (default)
2019-09-26 19:34:54,158 [pool-57-thread-1] INFO  server.RaftServerConfigKeys (ConfUtils.java:logGet(43)) - raft.server.log.appender.install.snapshot.enabled = false (custom)
2019-09-26 19:34:54,158 [pool-37-thread-1] INFO  impl.RaftServerImpl (RaftServerImpl.java:<init>(95)) - 083f4781-77b8-4075-9ff2-fe5b3cab259c: new RaftServerImpl for group-84137ED07D77:[019e0474-f11b-4d9b-b1d9-dfb81ad19a47:192.168.151.109:44237, d8375c21-18fd-4797-9ca8-e7753d52871e:192.168.151.109:36448, 083f4781-77b8-4075-9ff2-fe5b3cab259c:192.168.151.109:33483] with ContainerStateMachine:uninitialized
2019-09-26 19:34:54,158 [pool-57-thread-1] INFO  impl.RaftServerImpl (ServerState.java:<init>(103)) - d8375c21-18fd-4797-9ca8-e7753d52871e@group-84137ED07D77: ConfigurationManager, init=-1: [019e0474-f11b-4d9b-b1d9-dfb81ad19a47:192.168.151.109:44237, d8375c21-18fd-4797-9ca8-e7753d52871e:192.168.151.109:36448, 083f4781-77b8-4075-9ff2-fe5b3cab259c:192.168.151.109:33483], old=null, confs=<EMPTY_MAP>
2019-09-26 19:34:54,159 [pool-37-thread-1] INFO  server.RaftServerConfigKeys (ConfUtils.java:logGet(43)) - raft.server.rpc.timeout.min = 5s (custom)
2019-09-26 19:34:54,159 [pool-57-thread-1] INFO  server.RaftServerConfigKeys (ConfUtils.java:logGet(43)) - raft.server.storage.dir = [/workdir/hadoop-ozone/integration-test/target/test-dir/MiniOzoneClusterImpl-4433af00-9fad-440b-a2a6-00e4f6de7d20/datanode-3/data/ratis] (custom)
2019-09-26 19:34:54,159 [pool-37-thread-1] INFO  server.RaftServerConfigKeys (ConfUtils.java:logGet(43)) - raft.server.rpc.timeout.max = 5200ms (custom)
2019-09-26 19:34:54,159 [pool-37-thread-1] INFO  server.RaftServerConfigKeys (ConfUtils.java:logGet(43)) - raft.server.rpcslowness.timeout = 120s (custom)
2019-09-26 19:34:54,159 [pool-37-thread-1] INFO  server.RaftServerConfigKeys (ConfUtils.java:logGet(43)) - raft.server.sleep.deviation.threshold = 300 (default)
2019-09-26 19:34:54,159 [pool-57-thread-1] INFO  storage.RaftStorageDirectory (RaftStorageDirectory.java:analyzeStorage(246)) - The storage directory /workdir/hadoop-ozone/integration-test/target/test-dir/MiniOzoneClusterImpl-4433af00-9fad-440b-a2a6-00e4f6de7d20/datanode-3/data/ratis/7c65e405-ff87-4542-82e7-84137ed07d77 does not exist. Creating ...
2019-09-26 19:34:54,159 [pool-37-thread-1] INFO  server.RaftServerConfigKeys (ConfUtils.java:logGet(43)) - raft.server.log.appender.install.snapshot.enabled = false (custom)
2019-09-26 19:34:54,159 [pool-37-thread-1] INFO  impl.RaftServerImpl (ServerState.java:<init>(103)) - 083f4781-77b8-4075-9ff2-fe5b3cab259c@group-84137ED07D77: ConfigurationManager, init=-1: [019e0474-f11b-4d9b-b1d9-dfb81ad19a47:192.168.151.109:44237, d8375c21-18fd-4797-9ca8-e7753d52871e:192.168.151.109:36448, 083f4781-77b8-4075-9ff2-fe5b3cab259c:192.168.151.109:33483], old=null, confs=<EMPTY_MAP>
2019-09-26 19:34:54,160 [pool-37-thread-1] INFO  server.RaftServerConfigKeys (ConfUtils.java:logGet(43)) - raft.server.storage.dir = [/workdir/hadoop-ozone/integration-test/target/test-dir/MiniOzoneClusterImpl-4433af00-9fad-440b-a2a6-00e4f6de7d20/datanode-1/data/ratis] (custom)
2019-09-26 19:34:54,160 [pool-37-thread-1] INFO  storage.RaftStorageDirectory (RaftStorageDirectory.java:analyzeStorage(246)) - The storage directory /workdir/hadoop-ozone/integration-test/target/test-dir/MiniOzoneClusterImpl-4433af00-9fad-440b-a2a6-00e4f6de7d20/datanode-1/data/ratis/7c65e405-ff87-4542-82e7-84137ed07d77 does not exist. Creating ...
2019-09-26 19:34:54,171 [pool-37-thread-1] INFO  storage.RaftStorageDirectory (RaftStorageDirectory.java:tryLock(328)) - Lock on /workdir/hadoop-ozone/integration-test/target/test-dir/MiniOzoneClusterImpl-4433af00-9fad-440b-a2a6-00e4f6de7d20/datanode-1/data/ratis/7c65e405-ff87-4542-82e7-84137ed07d77/in_use.lock acquired by nodename 27957@pr-hdds-2162-kpcbn-4093309294
2019-09-26 19:34:54,171 [pool-87-thread-1] INFO  storage.RaftStorageDirectory (RaftStorageDirectory.java:tryLock(328)) - Lock on /workdir/hadoop-ozone/integration-test/target/test-dir/MiniOzoneClusterImpl-4433af00-9fad-440b-a2a6-00e4f6de7d20/datanode-6/data/ratis/7c65e405-ff87-4542-82e7-84137ed07d77/in_use.lock acquired by nodename 27957@pr-hdds-2162-kpcbn-4093309294
2019-09-26 19:34:54,171 [pool-57-thread-1] INFO  storage.RaftStorageDirectory (RaftStorageDirectory.java:tryLock(328)) - Lock on /workdir/hadoop-ozone/integration-test/target/test-dir/MiniOzoneClusterImpl-4433af00-9fad-440b-a2a6-00e4f6de7d20/datanode-3/data/ratis/7c65e405-ff87-4542-82e7-84137ed07d77/in_use.lock acquired by nodename 27957@pr-hdds-2162-kpcbn-4093309294
2019-09-26 19:34:54,185 [pool-87-thread-1] INFO  storage.RaftStorage (RaftStorage.java:format(72)) - Storage directory /workdir/hadoop-ozone/integration-test/target/test-dir/MiniOzoneClusterImpl-4433af00-9fad-440b-a2a6-00e4f6de7d20/datanode-6/data/ratis/7c65e405-ff87-4542-82e7-84137ed07d77 has been successfully formatted.
2019-09-26 19:34:54,185 [pool-57-thread-1] INFO  storage.RaftStorage (RaftStorage.java:format(72)) - Storage directory /workdir/hadoop-ozone/integration-test/target/test-dir/MiniOzoneClusterImpl-4433af00-9fad-440b-a2a6-00e4f6de7d20/datanode-3/data/ratis/7c65e405-ff87-4542-82e7-84137ed07d77 has been successfully formatted.
2019-09-26 19:34:54,185 [pool-37-thread-1] INFO  storage.RaftStorage (RaftStorage.java:format(72)) - Storage directory /workdir/hadoop-ozone/integration-test/target/test-dir/MiniOzoneClusterImpl-4433af00-9fad-440b-a2a6-00e4f6de7d20/datanode-1/data/ratis/7c65e405-ff87-4542-82e7-84137ed07d77 has been successfully formatted.
2019-09-26 19:34:54,185 [pool-87-thread-1] INFO  ratis.ContainerStateMachine (ContainerStateMachine.java:loadSnapshot(230)) - group-84137ED07D77: The snapshot info is null. Setting the last applied indexto:(t:0, i:~)
2019-09-26 19:34:54,185 [pool-57-thread-1] INFO  ratis.ContainerStateMachine (ContainerStateMachine.java:loadSnapshot(230)) - group-84137ED07D77: The snapshot info is null. Setting the last applied indexto:(t:0, i:~)
2019-09-26 19:34:54,185 [pool-87-thread-1] INFO  server.RaftServerConfigKeys (ConfUtils.java:logGet(43)) - raft.server.notification.no-leader.timeout = 120s (custom)
2019-09-26 19:34:54,185 [pool-37-thread-1] INFO  ratis.ContainerStateMachine (ContainerStateMachine.java:loadSnapshot(230)) - group-84137ED07D77: The snapshot info is null. Setting the last applied indexto:(t:0, i:~)
2019-09-26 19:34:54,186 [pool-87-thread-1] INFO  server.RaftServerConfigKeys (ConfUtils.java:logGet(43)) - raft.server.log.use.memory = false (default)
2019-09-26 19:34:54,186 [pool-57-thread-1] INFO  server.RaftServerConfigKeys (ConfUtils.java:logGet(43)) - raft.server.notification.no-leader.timeout = 120s (custom)
2019-09-26 19:34:54,186 [pool-87-thread-1] INFO  server.RaftServerConfigKeys (ConfUtils.java:logGet(43)) - raft.server.log.purge.gap = 1000000 (custom)
2019-09-26 19:34:54,186 [pool-37-thread-1] INFO  server.RaftServerConfigKeys (ConfUtils.java:logGet(43)) - raft.server.notification.no-leader.timeout = 120s (custom)
2019-09-26 19:34:54,186 [pool-87-thread-1] INFO  server.RaftServerConfigKeys (ConfUtils.java:logGet(43)) - raft.server.log.appender.buffer.byte-limit = 33554432 (custom)
2019-09-26 19:34:54,186 [pool-57-thread-1] INFO  server.RaftServerConfigKeys (ConfUtils.java:logGet(43)) - raft.server.log.use.memory = false (default)
2019-09-26 19:34:54,186 [pool-87-thread-1] INFO  server.RaftServerConfigKeys (ConfUtils.java:logGet(43)) - raft.server.log.segment.size.max = 1048576 (custom)
2019-09-26 19:34:54,186 [pool-37-thread-1] INFO  server.RaftServerConfigKeys (ConfUtils.java:logGet(43)) - raft.server.log.use.memory = false (default)
2019-09-26 19:34:54,187 [pool-87-thread-1] INFO  server.RaftServerConfigKeys (ConfUtils.java:logGet(43)) - raft.server.log.segment.cache.num.max = 2 (custom)
2019-09-26 19:34:54,186 [pool-57-thread-1] INFO  server.RaftServerConfigKeys (ConfUtils.java:logGet(43)) - raft.server.log.purge.gap = 1000000 (custom)
2019-09-26 19:34:54,187 [pool-87-thread-1] INFO  segmented.SegmentedRaftLogWorker (SegmentedRaftLogWorker.java:<init>(172)) - new 019e0474-f11b-4d9b-b1d9-dfb81ad19a47@group-84137ED07D77-SegmentedRaftLogWorker for RaftStorage:Storage Directory /workdir/hadoop-ozone/integration-test/target/test-dir/MiniOzoneClusterImpl-4433af00-9fad-440b-a2a6-00e4f6de7d20/datanode-6/data/ratis/7c65e405-ff87-4542-82e7-84137ed07d77
2019-09-26 19:34:54,187 [pool-37-thread-1] INFO  server.RaftServerConfigKeys (ConfUtils.java:logGet(43)) - raft.server.log.purge.gap = 1000000 (custom)
2019-09-26 19:34:54,187 [pool-87-thread-1] INFO  server.RaftServerConfigKeys (ConfUtils.java:logGet(43)) - raft.server.log.queue.byte-limit = 2147483647 (custom)
2019-09-26 19:34:54,187 [pool-57-thread-1] INFO  server.RaftServerConfigKeys (ConfUtils.java:logGet(43)) - raft.server.log.appender.buffer.byte-limit = 33554432 (custom)
2019-09-26 19:34:54,187 [pool-87-thread-1] INFO  server.RaftServerConfigKeys (ConfUtils.java:logGet(43)) - raft.server.log.queue.element-limit = 1024 (custom)
2019-09-26 19:34:54,187 [pool-37-thread-1] INFO  server.RaftServerConfigKeys (ConfUtils.java:logGet(43)) - raft.server.log.appender.buffer.byte-limit = 33554432 (custom)
2019-09-26 19:34:54,187 [pool-87-thread-1] INFO  server.RaftServerConfigKeys (ConfUtils.java:logGet(43)) - raft.server.log.segment.size.max = 1048576 (custom)
2019-09-26 19:34:54,187 [pool-57-thread-1] INFO  server.RaftServerConfigKeys (ConfUtils.java:logGet(43)) - raft.server.log.segment.size.max = 1048576 (custom)
2019-09-26 19:34:54,188 [pool-87-thread-1] INFO  server.RaftServerConfigKeys (ConfUtils.java:logGet(43)) - raft.server.log.preallocated.size = 16384 (custom)
2019-09-26 19:34:54,188 [pool-37-thread-1] INFO  server.RaftServerConfigKeys (ConfUtils.java:logGet(43)) - raft.server.log.segment.size.max = 1048576 (custom)
2019-09-26 19:34:54,188 [pool-87-thread-1] INFO  server.RaftServerConfigKeys (ConfUtils.java:logGet(43)) - raft.server.log.write.buffer.size = 33554432 (custom)
2019-09-26 19:34:54,188 [pool-57-thread-1] INFO  server.RaftServerConfigKeys (ConfUtils.java:logGet(43)) - raft.server.log.segment.cache.num.max = 2 (custom)
2019-09-26 19:34:54,188 [pool-87-thread-1] INFO  server.RaftServerConfigKeys (ConfUtils.java:logGet(43)) - raft.server.log.force.sync.num = 128 (default)
2019-09-26 19:34:54,188 [pool-37-thread-1] INFO  server.RaftServerConfigKeys (ConfUtils.java:logGet(43)) - raft.server.log.segment.cache.num.max = 2 (custom)
2019-09-26 19:34:54,188 [pool-87-thread-1] INFO  server.RaftServerConfigKeys (ConfUtils.java:logGet(43)) - raft.server.log.statemachine.data.sync = true (default)
2019-09-26 19:34:54,188 [pool-57-thread-1] INFO  segmented.SegmentedRaftLogWorker (SegmentedRaftLogWorker.java:<init>(172)) - new d8375c21-18fd-4797-9ca8-e7753d52871e@group-84137ED07D77-SegmentedRaftLogWorker for RaftStorage:Storage Directory /workdir/hadoop-ozone/integration-test/target/test-dir/MiniOzoneClusterImpl-4433af00-9fad-440b-a2a6-00e4f6de7d20/datanode-3/data/ratis/7c65e405-ff87-4542-82e7-84137ed07d77
2019-09-26 19:34:54,189 [pool-87-thread-1] INFO  server.RaftServerConfigKeys (ConfUtils.java:logGet(43)) - raft.server.log.statemachine.data.sync.timeout = 10s (default)
2019-09-26 19:34:54,188 [pool-37-thread-1] INFO  segmented.SegmentedRaftLogWorker (SegmentedRaftLogWorker.java:<init>(172)) - new 083f4781-77b8-4075-9ff2-fe5b3cab259c@group-84137ED07D77-SegmentedRaftLogWorker for RaftStorage:Storage Directory /workdir/hadoop-ozone/integration-test/target/test-dir/MiniOzoneClusterImpl-4433af00-9fad-440b-a2a6-00e4f6de7d20/datanode-1/data/ratis/7c65e405-ff87-4542-82e7-84137ed07d77
2019-09-26 19:34:54,189 [pool-87-thread-1] INFO  server.RaftServerConfigKeys (ConfUtils.java:logGet(43)) - raft.server.log.statemachine.data.sync.timeout.retry = -1 (default)
2019-09-26 19:34:54,189 [pool-57-thread-1] INFO  server.RaftServerConfigKeys (ConfUtils.java:logGet(43)) - raft.server.log.queue.byte-limit = 2147483647 (custom)
2019-09-26 19:34:54,189 [pool-37-thread-1] INFO  server.RaftServerConfigKeys (ConfUtils.java:logGet(43)) - raft.server.log.queue.byte-limit = 2147483647 (custom)
2019-09-26 19:34:54,189 [pool-87-thread-1] INFO  server.RaftServerConfigKeys (ConfUtils.java:logGet(43)) - raft.server.log.statemachine.data.caching.enabled = true (custom)
2019-09-26 19:34:54,189 [pool-57-thread-1] INFO  server.RaftServerConfigKeys (ConfUtils.java:logGet(43)) - raft.server.log.queue.element-limit = 1024 (custom)
2019-09-26 19:34:54,189 [pool-37-thread-1] INFO  server.RaftServerConfigKeys (ConfUtils.java:logGet(43)) - raft.server.log.queue.element-limit = 1024 (custom)
2019-09-26 19:34:54,189 [pool-87-thread-1] INFO  segmented.SegmentedRaftLogWorker (SegmentedRaftLogWorker.java:lambda$new$0(132)) - 019e0474-f11b-4d9b-b1d9-dfb81ad19a47@group-84137ED07D77-SegmentedRaftLogWorker: flushIndex: setUnconditionally 0 -> -1
2019-09-26 19:34:54,189 [pool-57-thread-1] INFO  server.RaftServerConfigKeys (ConfUtils.java:logGet(43)) - raft.server.log.segment.size.max = 1048576 (custom)
2019-09-26 19:34:54,189 [pool-37-thread-1] INFO  server.RaftServerConfigKeys (ConfUtils.java:logGet(43)) - raft.server.log.segment.size.max = 1048576 (custom)
2019-09-26 19:34:54,190 [pool-87-thread-1] INFO  server.RaftServerConfigKeys (ConfUtils.java:logGet(43)) - raft.server.snapshot.auto.trigger.enabled = true (custom)
2019-09-26 19:34:54,190 [pool-57-thread-1] INFO  server.RaftServerConfigKeys (ConfUtils.java:logGet(43)) - raft.server.log.preallocated.size = 16384 (custom)
2019-09-26 19:34:54,190 [pool-87-thread-1] INFO  server.RaftServerConfigKeys (ConfUtils.java:logGet(43)) - raft.server.snapshot.auto.trigger.threshold = 10000 (custom)
2019-09-26 19:34:54,190 [pool-37-thread-1] INFO  server.RaftServerConfigKeys (ConfUtils.java:logGet(43)) - raft.server.log.preallocated.size = 16384 (custom)
2019-09-26 19:34:54,190 [pool-87-thread-1] INFO  server.RaftServerConfigKeys (ConfUtils.java:logGet(43)) - raft.server.snapshot.retention.num.files = 5 (custom)
2019-09-26 19:34:54,190 [pool-57-thread-1] INFO  server.RaftServerConfigKeys (ConfUtils.java:logGet(43)) - raft.server.log.write.buffer.size = 33554432 (custom)
2019-09-26 19:34:54,190 [pool-87-thread-1] INFO  server.RaftServerConfigKeys (ConfUtils.java:logGet(43)) - raft.server.retrycache.expirytime = 600000ms (custom)
2019-09-26 19:34:54,190 [pool-37-thread-1] INFO  server.RaftServerConfigKeys (ConfUtils.java:logGet(43)) - raft.server.log.write.buffer.size = 33554432 (custom)
2019-09-26 19:34:54,190 [pool-57-thread-1] INFO  server.RaftServerConfigKeys (ConfUtils.java:logGet(43)) - raft.server.log.force.sync.num = 128 (default)
2019-09-26 19:34:54,191 [pool-37-thread-1] INFO  server.RaftServerConfigKeys (ConfUtils.java:logGet(43)) - raft.server.log.force.sync.num = 128 (default)
2019-09-26 19:34:54,191 [pool-57-thread-1] INFO  server.RaftServerConfigKeys (ConfUtils.java:logGet(43)) - raft.server.log.statemachine.data.sync = true (default)
2019-09-26 19:34:54,191 [pool-37-thread-1] INFO  server.RaftServerConfigKeys (ConfUtils.java:logGet(43)) - raft.server.log.statemachine.data.sync = true (default)
2019-09-26 19:34:54,191 [pool-57-thread-1] INFO  server.RaftServerConfigKeys (ConfUtils.java:logGet(43)) - raft.server.log.statemachine.data.sync.timeout = 10s (default)
2019-09-26 19:34:54,191 [pool-37-thread-1] INFO  server.RaftServerConfigKeys (ConfUtils.java:logGet(43)) - raft.server.log.statemachine.data.sync.timeout = 10s (default)
2019-09-26 19:34:54,191 [pool-57-thread-1] INFO  server.RaftServerConfigKeys (ConfUtils.java:logGet(43)) - raft.server.log.statemachine.data.sync.timeout.retry = -1 (default)
2019-09-26 19:34:54,191 [pool-37-thread-1] INFO  server.RaftServerConfigKeys (ConfUtils.java:logGet(43)) - raft.server.log.statemachine.data.sync.timeout.retry = -1 (default)
2019-09-26 19:34:54,191 [pool-57-thread-1] INFO  server.RaftServerConfigKeys (ConfUtils.java:logGet(43)) - raft.server.log.statemachine.data.caching.enabled = true (custom)
2019-09-26 19:34:54,192 [pool-37-thread-1] INFO  server.RaftServerConfigKeys (ConfUtils.java:logGet(43)) - raft.server.log.statemachine.data.caching.enabled = true (custom)
2019-09-26 19:34:54,192 [pool-57-thread-1] INFO  segmented.SegmentedRaftLogWorker (SegmentedRaftLogWorker.java:lambda$new$0(132)) - d8375c21-18fd-4797-9ca8-e7753d52871e@group-84137ED07D77-SegmentedRaftLogWorker: flushIndex: setUnconditionally 0 -> -1
2019-09-26 19:34:54,192 [pool-37-thread-1] INFO  segmented.SegmentedRaftLogWorker (SegmentedRaftLogWorker.java:lambda$new$0(132)) - 083f4781-77b8-4075-9ff2-fe5b3cab259c@group-84137ED07D77-SegmentedRaftLogWorker: flushIndex: setUnconditionally 0 -> -1
2019-09-26 19:34:54,192 [pool-57-thread-1] INFO  server.RaftServerConfigKeys (ConfUtils.java:logGet(43)) - raft.server.snapshot.auto.trigger.enabled = true (custom)
2019-09-26 19:34:54,192 [pool-37-thread-1] INFO  server.RaftServerConfigKeys (ConfUtils.java:logGet(43)) - raft.server.snapshot.auto.trigger.enabled = true (custom)
2019-09-26 19:34:54,192 [pool-57-thread-1] INFO  server.RaftServerConfigKeys (ConfUtils.java:logGet(43)) - raft.server.snapshot.auto.trigger.threshold = 10000 (custom)
2019-09-26 19:34:54,192 [pool-37-thread-1] INFO  server.RaftServerConfigKeys (ConfUtils.java:logGet(43)) - raft.server.snapshot.auto.trigger.threshold = 10000 (custom)
2019-09-26 19:34:54,192 [pool-57-thread-1] INFO  server.RaftServerConfigKeys (ConfUtils.java:logGet(43)) - raft.server.snapshot.retention.num.files = 5 (custom)
2019-09-26 19:34:54,193 [pool-37-thread-1] INFO  server.RaftServerConfigKeys (ConfUtils.java:logGet(43)) - raft.server.snapshot.retention.num.files = 5 (custom)
2019-09-26 19:34:54,193 [pool-57-thread-1] INFO  server.RaftServerConfigKeys (ConfUtils.java:logGet(43)) - raft.server.retrycache.expirytime = 600000ms (custom)
2019-09-26 19:34:54,193 [pool-37-thread-1] INFO  server.RaftServerConfigKeys (ConfUtils.java:logGet(43)) - raft.server.retrycache.expirytime = 600000ms (custom)
2019-09-26 19:34:54,193 [pool-87-thread-1] INFO  impl.RaftServerImpl (RaftServerImpl.java:start(185)) - 019e0474-f11b-4d9b-b1d9-dfb81ad19a47@group-84137ED07D77: start as a follower, conf=-1: [019e0474-f11b-4d9b-b1d9-dfb81ad19a47:192.168.151.109:44237, d8375c21-18fd-4797-9ca8-e7753d52871e:192.168.151.109:36448, 083f4781-77b8-4075-9ff2-fe5b3cab259c:192.168.151.109:33483], old=null
2019-09-26 19:34:54,193 [pool-87-thread-1] INFO  impl.RaftServerImpl (RaftServerImpl.java:setRole(174)) - 019e0474-f11b-4d9b-b1d9-dfb81ad19a47@group-84137ED07D77: changes role from      null to FOLLOWER at term 0 for startAsFollower
2019-09-26 19:34:54,193 [pool-87-thread-1] INFO  impl.RoleInfo (RoleInfo.java:updateAndGet(143)) - 019e0474-f11b-4d9b-b1d9-dfb81ad19a47: start FollowerState
2019-09-26 19:34:54,194 [pool-87-thread-1] INFO  util.JmxRegister (JmxRegister.java:tryRegister(44)) - Successfully registered JMX Bean with object name Ratis:service=RaftServer,group=group-84137ED07D77,id=019e0474-f11b-4d9b-b1d9-dfb81ad19a47
2019-09-26 19:34:54,198 [pool-57-thread-1] INFO  impl.RaftServerImpl (RaftServerImpl.java:start(185)) - d8375c21-18fd-4797-9ca8-e7753d52871e@group-84137ED07D77: start as a follower, conf=-1: [019e0474-f11b-4d9b-b1d9-dfb81ad19a47:192.168.151.109:44237, d8375c21-18fd-4797-9ca8-e7753d52871e:192.168.151.109:36448, 083f4781-77b8-4075-9ff2-fe5b3cab259c:192.168.151.109:33483], old=null
2019-09-26 19:34:54,198 [pool-37-thread-1] INFO  impl.RaftServerImpl (RaftServerImpl.java:start(185)) - 083f4781-77b8-4075-9ff2-fe5b3cab259c@group-84137ED07D77: start as a follower, conf=-1: [019e0474-f11b-4d9b-b1d9-dfb81ad19a47:192.168.151.109:44237, d8375c21-18fd-4797-9ca8-e7753d52871e:192.168.151.109:36448, 083f4781-77b8-4075-9ff2-fe5b3cab259c:192.168.151.109:33483], old=null
2019-09-26 19:34:54,198 [pool-57-thread-1] INFO  impl.RaftServerImpl (RaftServerImpl.java:setRole(174)) - d8375c21-18fd-4797-9ca8-e7753d52871e@group-84137ED07D77: changes role from      null to FOLLOWER at term 0 for startAsFollower
2019-09-26 19:34:54,198 [pool-37-thread-1] INFO  impl.RaftServerImpl (RaftServerImpl.java:setRole(174)) - 083f4781-77b8-4075-9ff2-fe5b3cab259c@group-84137ED07D77: changes role from      null to FOLLOWER at term 0 for startAsFollower
2019-09-26 19:34:54,198 [pool-57-thread-1] INFO  impl.RoleInfo (RoleInfo.java:updateAndGet(143)) - d8375c21-18fd-4797-9ca8-e7753d52871e: start FollowerState
2019-09-26 19:34:54,198 [pool-37-thread-1] INFO  impl.RoleInfo (RoleInfo.java:updateAndGet(143)) - 083f4781-77b8-4075-9ff2-fe5b3cab259c: start FollowerState
2019-09-26 19:34:54,199 [pool-57-thread-1] INFO  util.JmxRegister (JmxRegister.java:tryRegister(44)) - Successfully registered JMX Bean with object name Ratis:service=RaftServer,group=group-84137ED07D77,id=d8375c21-18fd-4797-9ca8-e7753d52871e
2019-09-26 19:34:54,200 [pool-37-thread-1] INFO  util.JmxRegister (JmxRegister.java:tryRegister(44)) - Successfully registered JMX Bean with object name Ratis:service=RaftServer,group=group-84137ED07D77,id=083f4781-77b8-4075-9ff2-fe5b3cab259c
2019-09-26 19:34:54,216 [RatisPipelineUtilsThread] INFO  pipeline.PipelineStateManager (PipelineStateManager.java:addPipeline(56)) - Created pipeline Pipeline[ Id: 7c65e405-ff87-4542-82e7-84137ed07d77, Nodes: 083f4781-77b8-4075-9ff2-fe5b3cab259c{ip: 192.168.151.109, host: pr-hdds-2162-kpcbn-4093309294, networkLocation: /default-rack, certSerialId: null}d8375c21-18fd-4797-9ca8-e7753d52871e{ip: 192.168.151.109, host: pr-hdds-2162-kpcbn-4093309294, networkLocation: /default-rack, certSerialId: null}019e0474-f11b-4d9b-b1d9-dfb81ad19a47{ip: 192.168.151.109, host: pr-hdds-2162-kpcbn-4093309294, networkLocation: /default-rack, certSerialId: null}, Type:RATIS, Factor:THREE, State:OPEN]
2019-09-26 19:34:55,343 [main] INFO  ipc.Client (Client.java:handleConnectionFailure(948)) - Retrying connect to server: localhost/127.0.0.1:0. Already tried 0 time(s); retry policy is RetryUpToMaximumCountWithFixedSleep(maxRetries=10, sleepTime=1000 MILLISECONDS)
2019-09-26 19:34:55,649 [Thread-238] INFO  container.ReplicationManager (ReplicationManager.java:start(162)) - Starting Replication Monitor Thread.
2019-09-26 19:34:55,652 [ReplicationMonitor] INFO  container.ReplicationManager (ReplicationManager.java:run(225)) - Replication Monitor Thread took 0 milliseconds for processing 0 containers.
2019-09-26 19:34:56,345 [main] INFO  ipc.Client (Client.java:handleConnectionFailure(948)) - Retrying connect to server: localhost/127.0.0.1:0. Already tried 1 time(s); retry policy is RetryUpToMaximumCountWithFixedSleep(maxRetries=10, sleepTime=1000 MILLISECONDS)
2019-09-26 19:34:57,346 [main] INFO  ipc.Client (Client.java:handleConnectionFailure(948)) - Retrying connect to server: localhost/127.0.0.1:0. Already tried 2 time(s); retry policy is RetryUpToMaximumCountWithFixedSleep(maxRetries=10, sleepTime=1000 MILLISECONDS)
2019-09-26 19:34:58,348 [main] INFO  ipc.Client (Client.java:handleConnectionFailure(948)) - Retrying connect to server: localhost/127.0.0.1:0. Already tried 3 time(s); retry policy is RetryUpToMaximumCountWithFixedSleep(maxRetries=10, sleepTime=1000 MILLISECONDS)
2019-09-26 19:34:58,567 [Thread-240] INFO  impl.FollowerState (FollowerState.java:run(106)) - 09429691-744f-4861-b11b-9ae7681d4ceb:group-9ED5C7024BA3 changes to CANDIDATE, lastRpcTime:5194, electionTimeout:5194ms
2019-09-26 19:34:58,569 [Thread-240] INFO  impl.RoleInfo (RoleInfo.java:shutdownFollowerState(121)) - 09429691-744f-4861-b11b-9ae7681d4ceb: shutdown FollowerState
2019-09-26 19:34:58,569 [Thread-240] INFO  impl.RaftServerImpl (RaftServerImpl.java:setRole(174)) - 09429691-744f-4861-b11b-9ae7681d4ceb@group-9ED5C7024BA3: changes role from  FOLLOWER to CANDIDATE at term 0 for changeToCandidate
2019-09-26 19:34:58,576 [Thread-240] INFO  impl.RoleInfo (RoleInfo.java:updateAndGet(143)) - 09429691-744f-4861-b11b-9ae7681d4ceb: start LeaderElection
2019-09-26 19:34:58,609 [09429691-744f-4861-b11b-9ae7681d4ceb@group-9ED5C7024BA3:LeaderElection1] INFO  impl.LeaderElection (LeaderElection.java:askForVotes(182)) - 09429691-744f-4861-b11b-9ae7681d4ceb@group-9ED5C7024BA3:LeaderElection1: begin an election at term 1 for -1: [09429691-744f-4861-b11b-9ae7681d4ceb:192.168.151.109:36334], old=null
2019-09-26 19:34:58,611 [09429691-744f-4861-b11b-9ae7681d4ceb@group-9ED5C7024BA3:LeaderElection1] INFO  impl.RoleInfo (RoleInfo.java:shutdownLeaderElection(134)) - 09429691-744f-4861-b11b-9ae7681d4ceb: shutdown LeaderElection
2019-09-26 19:34:58,611 [09429691-744f-4861-b11b-9ae7681d4ceb@group-9ED5C7024BA3:LeaderElection1] INFO  impl.RaftServerImpl (RaftServerImpl.java:setRole(174)) - 09429691-744f-4861-b11b-9ae7681d4ceb@group-9ED5C7024BA3: changes role from CANDIDATE to LEADER at term 1 for changeToLeader
2019-09-26 19:34:58,612 [09429691-744f-4861-b11b-9ae7681d4ceb@group-9ED5C7024BA3:LeaderElection1] INFO  impl.RaftServerImpl (ServerState.java:setLeader(253)) - 09429691-744f-4861-b11b-9ae7681d4ceb@group-9ED5C7024BA3: change Leader from null to 09429691-744f-4861-b11b-9ae7681d4ceb at term 1 for becomeLeader, leader elected after 5362ms
2019-09-26 19:34:58,622 [09429691-744f-4861-b11b-9ae7681d4ceb@group-9ED5C7024BA3:LeaderElection1] INFO  server.RaftServerConfigKeys (ConfUtils.java:logGet(43)) - raft.server.staging.catchup.gap = 1000 (default)
2019-09-26 19:34:58,622 [09429691-744f-4861-b11b-9ae7681d4ceb@group-9ED5C7024BA3:LeaderElection1] INFO  server.RaftServerConfigKeys (ConfUtils.java:logGet(43)) - raft.server.rpc.sleep.time = 25ms (default)
2019-09-26 19:34:58,625 [09429691-744f-4861-b11b-9ae7681d4ceb@group-9ED5C7024BA3:LeaderElection1] INFO  server.RaftServerConfigKeys (ConfUtils.java:logGet(43)) - raft.server.write.element-limit = 4096 (default)
2019-09-26 19:34:58,628 [09429691-744f-4861-b11b-9ae7681d4ceb@group-9ED5C7024BA3:LeaderElection1] INFO  server.RaftServerConfigKeys (ConfUtils.java:logGet(43)) - raft.server.watch.timeout = 10s (default)
2019-09-26 19:34:58,629 [09429691-744f-4861-b11b-9ae7681d4ceb@group-9ED5C7024BA3:LeaderElection1] INFO  server.RaftServerConfigKeys (ConfUtils.java:logGet(43)) - raft.server.watch.timeout.denomination = 1s (default)
2019-09-26 19:34:58,630 [09429691-744f-4861-b11b-9ae7681d4ceb@group-9ED5C7024BA3:LeaderElection1] INFO  server.RaftServerConfigKeys (ConfUtils.java:logGet(43)) - raft.server.watch.element-limit = 65536 (default)
2019-09-26 19:34:58,643 [09429691-744f-4861-b11b-9ae7681d4ceb@group-9ED5C7024BA3:LeaderElection1] INFO  impl.RoleInfo (RoleInfo.java:updateAndGet(143)) - 09429691-744f-4861-b11b-9ae7681d4ceb: start LeaderState
2019-09-26 19:34:58,669 [09429691-744f-4861-b11b-9ae7681d4ceb@group-9ED5C7024BA3:LeaderElection1] INFO  segmented.SegmentedRaftLogWorker (SegmentedRaftLogWorker.java:startLogSegment(380)) - 09429691-744f-4861-b11b-9ae7681d4ceb@group-9ED5C7024BA3-SegmentedRaftLogWorker: Starting segment from index:0
2019-09-26 19:34:58,678 [09429691-744f-4861-b11b-9ae7681d4ceb@group-9ED5C7024BA3:LeaderElection1] INFO  impl.RaftServerImpl (ServerState.java:setRaftConf(354)) - 09429691-744f-4861-b11b-9ae7681d4ceb@group-9ED5C7024BA3: set configuration 0: [09429691-744f-4861-b11b-9ae7681d4ceb:192.168.151.109:36334], old=null at 0
2019-09-26 19:34:58,710 [Thread-243] INFO  impl.FollowerState (FollowerState.java:run(106)) - 129507e1-6443-4048-8b61-9b25a6688b7b:group-406026F7D87F changes to CANDIDATE, lastRpcTime:5138, electionTimeout:5137ms
2019-09-26 19:34:58,719 [Thread-243] INFO  impl.RoleInfo (RoleInfo.java:shutdownFollowerState(121)) - 129507e1-6443-4048-8b61-9b25a6688b7b: shutdown FollowerState
2019-09-26 19:34:58,719 [Thread-243] INFO  impl.RaftServerImpl (RaftServerImpl.java:setRole(174)) - 129507e1-6443-4048-8b61-9b25a6688b7b@group-406026F7D87F: changes role from  FOLLOWER to CANDIDATE at term 0 for changeToCandidate
2019-09-26 19:34:58,719 [Thread-243] INFO  impl.RoleInfo (RoleInfo.java:updateAndGet(143)) - 129507e1-6443-4048-8b61-9b25a6688b7b: start LeaderElection
2019-09-26 19:34:58,727 [129507e1-6443-4048-8b61-9b25a6688b7b@group-406026F7D87F:LeaderElection2] INFO  impl.LeaderElection (LeaderElection.java:askForVotes(182)) - 129507e1-6443-4048-8b61-9b25a6688b7b@group-406026F7D87F:LeaderElection2: begin an election at term 1 for -1: [129507e1-6443-4048-8b61-9b25a6688b7b:192.168.151.109:44225], old=null
2019-09-26 19:34:58,727 [129507e1-6443-4048-8b61-9b25a6688b7b@group-406026F7D87F:LeaderElection2] INFO  impl.RoleInfo (RoleInfo.java:shutdownLeaderElection(134)) - 129507e1-6443-4048-8b61-9b25a6688b7b: shutdown LeaderElection
2019-09-26 19:34:58,727 [129507e1-6443-4048-8b61-9b25a6688b7b@group-406026F7D87F:LeaderElection2] INFO  impl.RaftServerImpl (RaftServerImpl.java:setRole(174)) - 129507e1-6443-4048-8b61-9b25a6688b7b@group-406026F7D87F: changes role from CANDIDATE to LEADER at term 1 for changeToLeader
2019-09-26 19:34:58,728 [129507e1-6443-4048-8b61-9b25a6688b7b@group-406026F7D87F:LeaderElection2] INFO  impl.RaftServerImpl (ServerState.java:setLeader(253)) - 129507e1-6443-4048-8b61-9b25a6688b7b@group-406026F7D87F: change Leader from null to 129507e1-6443-4048-8b61-9b25a6688b7b at term 1 for becomeLeader, leader elected after 5170ms
2019-09-26 19:34:58,729 [129507e1-6443-4048-8b61-9b25a6688b7b@group-406026F7D87F:LeaderElection2] INFO  server.RaftServerConfigKeys (ConfUtils.java:logGet(43)) - raft.server.staging.catchup.gap = 1000 (default)
2019-09-26 19:34:58,729 [129507e1-6443-4048-8b61-9b25a6688b7b@group-406026F7D87F:LeaderElection2] INFO  server.RaftServerConfigKeys (ConfUtils.java:logGet(43)) - raft.server.rpc.sleep.time = 25ms (default)
2019-09-26 19:34:58,730 [129507e1-6443-4048-8b61-9b25a6688b7b@group-406026F7D87F:LeaderElection2] INFO  server.RaftServerConfigKeys (ConfUtils.java:logGet(43)) - raft.server.write.element-limit = 4096 (default)
2019-09-26 19:34:58,730 [129507e1-6443-4048-8b61-9b25a6688b7b@group-406026F7D87F:LeaderElection2] INFO  server.RaftServerConfigKeys (ConfUtils.java:logGet(43)) - raft.server.watch.timeout = 10s (default)
2019-09-26 19:34:58,730 [129507e1-6443-4048-8b61-9b25a6688b7b@group-406026F7D87F:LeaderElection2] INFO  server.RaftServerConfigKeys (ConfUtils.java:logGet(43)) - raft.server.watch.timeout.denomination = 1s (default)
2019-09-26 19:34:58,730 [129507e1-6443-4048-8b61-9b25a6688b7b@group-406026F7D87F:LeaderElection2] INFO  server.RaftServerConfigKeys (ConfUtils.java:logGet(43)) - raft.server.watch.element-limit = 65536 (default)
2019-09-26 19:34:58,734 [129507e1-6443-4048-8b61-9b25a6688b7b@group-406026F7D87F:LeaderElection2] INFO  impl.RoleInfo (RoleInfo.java:updateAndGet(143)) - 129507e1-6443-4048-8b61-9b25a6688b7b: start LeaderState
2019-09-26 19:34:58,734 [129507e1-6443-4048-8b61-9b25a6688b7b@group-406026F7D87F:LeaderElection2] INFO  segmented.SegmentedRaftLogWorker (SegmentedRaftLogWorker.java:startLogSegment(380)) - 129507e1-6443-4048-8b61-9b25a6688b7b@group-406026F7D87F-SegmentedRaftLogWorker: Starting segment from index:0
2019-09-26 19:34:58,735 [129507e1-6443-4048-8b61-9b25a6688b7b@group-406026F7D87F:LeaderElection2] INFO  impl.RaftServerImpl (ServerState.java:setRaftConf(354)) - 129507e1-6443-4048-8b61-9b25a6688b7b@group-406026F7D87F: set configuration 0: [129507e1-6443-4048-8b61-9b25a6688b7b:192.168.151.109:44225], old=null at 0
2019-09-26 19:34:58,781 [Thread-246] INFO  impl.FollowerState (FollowerState.java:run(106)) - c0ff19f7-d82e-4304-a9a9-085bd668c982:group-F8137116144C changes to CANDIDATE, lastRpcTime:5071, electionTimeout:5071ms
2019-09-26 19:34:58,784 [Thread-246] INFO  impl.RoleInfo (RoleInfo.java:shutdownFollowerState(121)) - c0ff19f7-d82e-4304-a9a9-085bd668c982: shutdown FollowerState
2019-09-26 19:34:58,784 [Thread-246] INFO  impl.RaftServerImpl (RaftServerImpl.java:setRole(174)) - c0ff19f7-d82e-4304-a9a9-085bd668c982@group-F8137116144C: changes role from  FOLLOWER to CANDIDATE at term 0 for changeToCandidate
2019-09-26 19:34:58,784 [Thread-246] INFO  impl.RoleInfo (RoleInfo.java:updateAndGet(143)) - c0ff19f7-d82e-4304-a9a9-085bd668c982: start LeaderElection
2019-09-26 19:34:58,801 [c0ff19f7-d82e-4304-a9a9-085bd668c982@group-F8137116144C:LeaderElection3] INFO  impl.LeaderElection (LeaderElection.java:askForVotes(182)) - c0ff19f7-d82e-4304-a9a9-085bd668c982@group-F8137116144C:LeaderElection3: begin an election at term 1 for -1: [c0ff19f7-d82e-4304-a9a9-085bd668c982:192.168.151.109:38574], old=null
2019-09-26 19:34:58,801 [c0ff19f7-d82e-4304-a9a9-085bd668c982@group-F8137116144C:LeaderElection3] INFO  impl.RoleInfo (RoleInfo.java:shutdownLeaderElection(134)) - c0ff19f7-d82e-4304-a9a9-085bd668c982: shutdown LeaderElection
2019-09-26 19:34:58,801 [c0ff19f7-d82e-4304-a9a9-085bd668c982@group-F8137116144C:LeaderElection3] INFO  impl.RaftServerImpl (RaftServerImpl.java:setRole(174)) - c0ff19f7-d82e-4304-a9a9-085bd668c982@group-F8137116144C: changes role from CANDIDATE to LEADER at term 1 for changeToLeader
2019-09-26 19:34:58,801 [c0ff19f7-d82e-4304-a9a9-085bd668c982@group-F8137116144C:LeaderElection3] INFO  impl.RaftServerImpl (ServerState.java:setLeader(253)) - c0ff19f7-d82e-4304-a9a9-085bd668c982@group-F8137116144C: change Leader from null to c0ff19f7-d82e-4304-a9a9-085bd668c982 at term 1 for becomeLeader, leader elected after 5134ms
2019-09-26 19:34:58,804 [c0ff19f7-d82e-4304-a9a9-085bd668c982@group-F8137116144C:LeaderElection3] INFO  server.RaftServerConfigKeys (ConfUtils.java:logGet(43)) - raft.server.staging.catchup.gap = 1000 (default)
2019-09-26 19:34:58,804 [c0ff19f7-d82e-4304-a9a9-085bd668c982@group-F8137116144C:LeaderElection3] INFO  server.RaftServerConfigKeys (ConfUtils.java:logGet(43)) - raft.server.rpc.sleep.time = 25ms (default)
2019-09-26 19:34:58,804 [c0ff19f7-d82e-4304-a9a9-085bd668c982@group-F8137116144C:LeaderElection3] INFO  server.RaftServerConfigKeys (ConfUtils.java:logGet(43)) - raft.server.write.element-limit = 4096 (default)
2019-09-26 19:34:58,805 [c0ff19f7-d82e-4304-a9a9-085bd668c982@group-F8137116144C:LeaderElection3] INFO  server.RaftServerConfigKeys (ConfUtils.java:logGet(43)) - raft.server.watch.timeout = 10s (default)
2019-09-26 19:34:58,805 [c0ff19f7-d82e-4304-a9a9-085bd668c982@group-F8137116144C:LeaderElection3] INFO  server.RaftServerConfigKeys (ConfUtils.java:logGet(43)) - raft.server.watch.timeout.denomination = 1s (default)
2019-09-26 19:34:58,805 [c0ff19f7-d82e-4304-a9a9-085bd668c982@group-F8137116144C:LeaderElection3] INFO  server.RaftServerConfigKeys (ConfUtils.java:logGet(43)) - raft.server.watch.element-limit = 65536 (default)
2019-09-26 19:34:58,808 [c0ff19f7-d82e-4304-a9a9-085bd668c982@group-F8137116144C:LeaderElection3] INFO  impl.RoleInfo (RoleInfo.java:updateAndGet(143)) - c0ff19f7-d82e-4304-a9a9-085bd668c982: start LeaderState
2019-09-26 19:34:58,808 [c0ff19f7-d82e-4304-a9a9-085bd668c982@group-F8137116144C:LeaderElection3] INFO  segmented.SegmentedRaftLogWorker (SegmentedRaftLogWorker.java:startLogSegment(380)) - c0ff19f7-d82e-4304-a9a9-085bd668c982@group-F8137116144C-SegmentedRaftLogWorker: Starting segment from index:0
2019-09-26 19:34:58,809 [c0ff19f7-d82e-4304-a9a9-085bd668c982@group-F8137116144C:LeaderElection3] INFO  impl.RaftServerImpl (ServerState.java:setRaftConf(354)) - c0ff19f7-d82e-4304-a9a9-085bd668c982@group-F8137116144C: set configuration 0: [c0ff19f7-d82e-4304-a9a9-085bd668c982:192.168.151.109:38574], old=null at 0
2019-09-26 19:34:58,832 [Thread-249] INFO  impl.FollowerState (FollowerState.java:run(106)) - 083f4781-77b8-4075-9ff2-fe5b3cab259c:group-610E460E0E2C changes to CANDIDATE, lastRpcTime:5044, electionTimeout:5044ms
2019-09-26 19:34:58,833 [Thread-249] INFO  impl.RoleInfo (RoleInfo.java:shutdownFollowerState(121)) - 083f4781-77b8-4075-9ff2-fe5b3cab259c: shutdown FollowerState
2019-09-26 19:34:58,833 [Thread-249] INFO  impl.RaftServerImpl (RaftServerImpl.java:setRole(174)) - 083f4781-77b8-4075-9ff2-fe5b3cab259c@group-610E460E0E2C: changes role from  FOLLOWER to CANDIDATE at term 0 for changeToCandidate
2019-09-26 19:34:58,834 [Thread-249] INFO  impl.RoleInfo (RoleInfo.java:updateAndGet(143)) - 083f4781-77b8-4075-9ff2-fe5b3cab259c: start LeaderElection
2019-09-26 19:34:58,851 [083f4781-77b8-4075-9ff2-fe5b3cab259c@group-610E460E0E2C:LeaderElection4] INFO  impl.LeaderElection (LeaderElection.java:askForVotes(182)) - 083f4781-77b8-4075-9ff2-fe5b3cab259c@group-610E460E0E2C:LeaderElection4: begin an election at term 1 for -1: [083f4781-77b8-4075-9ff2-fe5b3cab259c:192.168.151.109:33483], old=null
2019-09-26 19:34:58,852 [083f4781-77b8-4075-9ff2-fe5b3cab259c@group-610E460E0E2C:LeaderElection4] INFO  impl.RoleInfo (RoleInfo.java:shutdownLeaderElection(134)) - 083f4781-77b8-4075-9ff2-fe5b3cab259c: shutdown LeaderElection
2019-09-26 19:34:58,852 [083f4781-77b8-4075-9ff2-fe5b3cab259c@group-610E460E0E2C:LeaderElection4] INFO  impl.RaftServerImpl (RaftServerImpl.java:setRole(174)) - 083f4781-77b8-4075-9ff2-fe5b3cab259c@group-610E460E0E2C: changes role from CANDIDATE to LEADER at term 1 for changeToLeader
2019-09-26 19:34:58,852 [083f4781-77b8-4075-9ff2-fe5b3cab259c@group-610E460E0E2C:LeaderElection4] INFO  impl.RaftServerImpl (ServerState.java:setLeader(253)) - 083f4781-77b8-4075-9ff2-fe5b3cab259c@group-610E460E0E2C: change Leader from null to 083f4781-77b8-4075-9ff2-fe5b3cab259c at term 1 for becomeLeader, leader elected after 5075ms
2019-09-26 19:34:58,855 [083f4781-77b8-4075-9ff2-fe5b3cab259c@group-610E460E0E2C:LeaderElection4] INFO  server.RaftServerConfigKeys (ConfUtils.java:logGet(43)) - raft.server.staging.catchup.gap = 1000 (default)
2019-09-26 19:34:58,855 [083f4781-77b8-4075-9ff2-fe5b3cab259c@group-610E460E0E2C:LeaderElection4] INFO  server.RaftServerConfigKeys (ConfUtils.java:logGet(43)) - raft.server.rpc.sleep.time = 25ms (default)
2019-09-26 19:34:58,855 [083f4781-77b8-4075-9ff2-fe5b3cab259c@group-610E460E0E2C:LeaderElection4] INFO  server.RaftServerConfigKeys (ConfUtils.java:logGet(43)) - raft.server.write.element-limit = 4096 (default)
2019-09-26 19:34:58,855 [083f4781-77b8-4075-9ff2-fe5b3cab259c@group-610E460E0E2C:LeaderElection4] INFO  server.RaftServerConfigKeys (ConfUtils.java:logGet(43)) - raft.server.watch.timeout = 10s (default)
2019-09-26 19:34:58,856 [083f4781-77b8-4075-9ff2-fe5b3cab259c@group-610E460E0E2C:LeaderElection4] INFO  server.RaftServerConfigKeys (ConfUtils.java:logGet(43)) - raft.server.watch.timeout.denomination = 1s (default)
2019-09-26 19:34:58,856 [083f4781-77b8-4075-9ff2-fe5b3cab259c@group-610E460E0E2C:LeaderElection4] INFO  server.RaftServerConfigKeys (ConfUtils.java:logGet(43)) - raft.server.watch.element-limit = 65536 (default)
2019-09-26 19:34:58,874 [083f4781-77b8-4075-9ff2-fe5b3cab259c@group-610E460E0E2C:LeaderElection4] INFO  impl.RoleInfo (RoleInfo.java:updateAndGet(143)) - 083f4781-77b8-4075-9ff2-fe5b3cab259c: start LeaderState
2019-09-26 19:34:58,874 [083f4781-77b8-4075-9ff2-fe5b3cab259c@group-610E460E0E2C:LeaderElection4] INFO  segmented.SegmentedRaftLogWorker (SegmentedRaftLogWorker.java:startLogSegment(380)) - 083f4781-77b8-4075-9ff2-fe5b3cab259c@group-610E460E0E2C-SegmentedRaftLogWorker: Starting segment from index:0
2019-09-26 19:34:58,874 [083f4781-77b8-4075-9ff2-fe5b3cab259c@group-610E460E0E2C:LeaderElection4] INFO  impl.RaftServerImpl (ServerState.java:setRaftConf(354)) - 083f4781-77b8-4075-9ff2-fe5b3cab259c@group-610E460E0E2C: set configuration 0: [083f4781-77b8-4075-9ff2-fe5b3cab259c:192.168.151.109:33483], old=null at 0
2019-09-26 19:34:58,920 [09429691-744f-4861-b11b-9ae7681d4ceb@group-9ED5C7024BA3-SegmentedRaftLogWorker] INFO  segmented.SegmentedRaftLogWorker (SegmentedRaftLogWorker.java:execute(569)) - 09429691-744f-4861-b11b-9ae7681d4ceb@group-9ED5C7024BA3-SegmentedRaftLogWorker: created new log segment /workdir/hadoop-ozone/integration-test/target/test-dir/MiniOzoneClusterImpl-4433af00-9fad-440b-a2a6-00e4f6de7d20/datanode-0/data/ratis/ffcd6c06-9849-474f-8f5f-9ed5c7024ba3/current/log_inprogress_0
2019-09-26 19:34:58,921 [c0ff19f7-d82e-4304-a9a9-085bd668c982@group-F8137116144C-SegmentedRaftLogWorker] INFO  segmented.SegmentedRaftLogWorker (SegmentedRaftLogWorker.java:execute(569)) - c0ff19f7-d82e-4304-a9a9-085bd668c982@group-F8137116144C-SegmentedRaftLogWorker: created new log segment /workdir/hadoop-ozone/integration-test/target/test-dir/MiniOzoneClusterImpl-4433af00-9fad-440b-a2a6-00e4f6de7d20/datanode-2/data/ratis/cbbb1ed1-3bda-4c10-9082-f8137116144c/current/log_inprogress_0
2019-09-26 19:34:58,938 [083f4781-77b8-4075-9ff2-fe5b3cab259c@group-610E460E0E2C-SegmentedRaftLogWorker] INFO  segmented.SegmentedRaftLogWorker (SegmentedRaftLogWorker.java:execute(569)) - 083f4781-77b8-4075-9ff2-fe5b3cab259c@group-610E460E0E2C-SegmentedRaftLogWorker: created new log segment /workdir/hadoop-ozone/integration-test/target/test-dir/MiniOzoneClusterImpl-4433af00-9fad-440b-a2a6-00e4f6de7d20/datanode-1/data/ratis/090278ec-66c0-49b9-a3fd-610e460e0e2c/current/log_inprogress_0
2019-09-26 19:34:58,938 [129507e1-6443-4048-8b61-9b25a6688b7b@group-406026F7D87F-SegmentedRaftLogWorker] INFO  segmented.SegmentedRaftLogWorker (SegmentedRaftLogWorker.java:execute(569)) - 129507e1-6443-4048-8b61-9b25a6688b7b@group-406026F7D87F-SegmentedRaftLogWorker: created new log segment /workdir/hadoop-ozone/integration-test/target/test-dir/MiniOzoneClusterImpl-4433af00-9fad-440b-a2a6-00e4f6de7d20/datanode-5/data/ratis/1ffd98d1-d938-41df-b2a0-406026f7d87f/current/log_inprogress_0
2019-09-26 19:34:58,945 [Thread-252] INFO  impl.FollowerState (FollowerState.java:run(106)) - d8375c21-18fd-4797-9ca8-e7753d52871e:group-6E93CD710D75 changes to CANDIDATE, lastRpcTime:5067, electionTimeout:5067ms
2019-09-26 19:34:58,945 [Thread-252] INFO  impl.RoleInfo (RoleInfo.java:shutdownFollowerState(121)) - d8375c21-18fd-4797-9ca8-e7753d52871e: shutdown FollowerState
2019-09-26 19:34:58,945 [Thread-252] INFO  impl.RaftServerImpl (RaftServerImpl.java:setRole(174)) - d8375c21-18fd-4797-9ca8-e7753d52871e@group-6E93CD710D75: changes role from  FOLLOWER to CANDIDATE at term 0 for changeToCandidate
2019-09-26 19:34:58,945 [Thread-252] INFO  impl.RoleInfo (RoleInfo.java:updateAndGet(143)) - d8375c21-18fd-4797-9ca8-e7753d52871e: start LeaderElection
2019-09-26 19:34:58,963 [d8375c21-18fd-4797-9ca8-e7753d52871e@group-6E93CD710D75:LeaderElection5] INFO  impl.LeaderElection (LeaderElection.java:askForVotes(182)) - d8375c21-18fd-4797-9ca8-e7753d52871e@group-6E93CD710D75:LeaderElection5: begin an election at term 1 for -1: [d8375c21-18fd-4797-9ca8-e7753d52871e:192.168.151.109:36448], old=null
2019-09-26 19:34:58,966 [d8375c21-18fd-4797-9ca8-e7753d52871e@group-6E93CD710D75:LeaderElection5] INFO  impl.RoleInfo (RoleInfo.java:shutdownLeaderElection(134)) - d8375c21-18fd-4797-9ca8-e7753d52871e: shutdown LeaderElection
2019-09-26 19:34:58,967 [d8375c21-18fd-4797-9ca8-e7753d52871e@group-6E93CD710D75:LeaderElection5] INFO  impl.RaftServerImpl (RaftServerImpl.java:setRole(174)) - d8375c21-18fd-4797-9ca8-e7753d52871e@group-6E93CD710D75: changes role from CANDIDATE to LEADER at term 1 for changeToLeader
2019-09-26 19:34:58,967 [d8375c21-18fd-4797-9ca8-e7753d52871e@group-6E93CD710D75:LeaderElection5] INFO  impl.RaftServerImpl (ServerState.java:setLeader(253)) - d8375c21-18fd-4797-9ca8-e7753d52871e@group-6E93CD710D75: change Leader from null to d8375c21-18fd-4797-9ca8-e7753d52871e at term 1 for becomeLeader, leader elected after 5102ms
2019-09-26 19:34:58,969 [d8375c21-18fd-4797-9ca8-e7753d52871e@group-6E93CD710D75:LeaderElection5] INFO  server.RaftServerConfigKeys (ConfUtils.java:logGet(43)) - raft.server.staging.catchup.gap = 1000 (default)
2019-09-26 19:34:58,969 [d8375c21-18fd-4797-9ca8-e7753d52871e@group-6E93CD710D75:LeaderElection5] INFO  server.RaftServerConfigKeys (ConfUtils.java:logGet(43)) - raft.server.rpc.sleep.time = 25ms (default)
2019-09-26 19:34:58,970 [d8375c21-18fd-4797-9ca8-e7753d52871e@group-6E93CD710D75:LeaderElection5] INFO  server.RaftServerConfigKeys (ConfUtils.java:logGet(43)) - raft.server.write.element-limit = 4096 (default)
2019-09-26 19:34:58,970 [d8375c21-18fd-4797-9ca8-e7753d52871e@group-6E93CD710D75:LeaderElection5] INFO  server.RaftServerConfigKeys (ConfUtils.java:logGet(43)) - raft.server.watch.timeout = 10s (default)
2019-09-26 19:34:58,970 [d8375c21-18fd-4797-9ca8-e7753d52871e@group-6E93CD710D75:LeaderElection5] INFO  server.RaftServerConfigKeys (ConfUtils.java:logGet(43)) - raft.server.watch.timeout.denomination = 1s (default)
2019-09-26 19:34:58,970 [d8375c21-18fd-4797-9ca8-e7753d52871e@group-6E93CD710D75:LeaderElection5] INFO  server.RaftServerConfigKeys (ConfUtils.java:logGet(43)) - raft.server.watch.element-limit = 65536 (default)
2019-09-26 19:34:58,974 [d8375c21-18fd-4797-9ca8-e7753d52871e@group-6E93CD710D75:LeaderElection5] INFO  impl.RoleInfo (RoleInfo.java:updateAndGet(143)) - d8375c21-18fd-4797-9ca8-e7753d52871e: start LeaderState
2019-09-26 19:34:58,974 [d8375c21-18fd-4797-9ca8-e7753d52871e@group-6E93CD710D75:LeaderElection5] INFO  segmented.SegmentedRaftLogWorker (SegmentedRaftLogWorker.java:startLogSegment(380)) - d8375c21-18fd-4797-9ca8-e7753d52871e@group-6E93CD710D75-SegmentedRaftLogWorker: Starting segment from index:0
2019-09-26 19:34:58,975 [d8375c21-18fd-4797-9ca8-e7753d52871e@group-6E93CD710D75:LeaderElection5] INFO  impl.RaftServerImpl (ServerState.java:setRaftConf(354)) - d8375c21-18fd-4797-9ca8-e7753d52871e@group-6E93CD710D75: set configuration 0: [d8375c21-18fd-4797-9ca8-e7753d52871e:192.168.151.109:36448], old=null at 0
2019-09-26 19:34:59,020 [d8375c21-18fd-4797-9ca8-e7753d52871e@group-6E93CD710D75-SegmentedRaftLogWorker] INFO  segmented.SegmentedRaftLogWorker (SegmentedRaftLogWorker.java:execute(569)) - d8375c21-18fd-4797-9ca8-e7753d52871e@group-6E93CD710D75-SegmentedRaftLogWorker: created new log segment /workdir/hadoop-ozone/integration-test/target/test-dir/MiniOzoneClusterImpl-4433af00-9fad-440b-a2a6-00e4f6de7d20/datanode-3/data/ratis/83ad8edc-602a-4a8c-b963-6e93cd710d75/current/log_inprogress_0
2019-09-26 19:34:59,031 [Thread-255] INFO  impl.FollowerState (FollowerState.java:run(106)) - 019e0474-f11b-4d9b-b1d9-dfb81ad19a47:group-34638C532BCF changes to CANDIDATE, lastRpcTime:5085, electionTimeout:5085ms
2019-09-26 19:34:59,031 [Thread-255] INFO  impl.RoleInfo (RoleInfo.java:shutdownFollowerState(121)) - 019e0474-f11b-4d9b-b1d9-dfb81ad19a47: shutdown FollowerState
2019-09-26 19:34:59,031 [Thread-255] INFO  impl.RaftServerImpl (RaftServerImpl.java:setRole(174)) - 019e0474-f11b-4d9b-b1d9-dfb81ad19a47@group-34638C532BCF: changes role from  FOLLOWER to CANDIDATE at term 0 for changeToCandidate
2019-09-26 19:34:59,031 [Thread-255] INFO  impl.RoleInfo (RoleInfo.java:updateAndGet(143)) - 019e0474-f11b-4d9b-b1d9-dfb81ad19a47: start LeaderElection
2019-09-26 19:34:59,043 [Thread-258] INFO  impl.FollowerState (FollowerState.java:run(106)) - caa57342-6217-4fff-b429-c8cc52109755:group-51A75948D1F1 changes to CANDIDATE, lastRpcTime:5035, electionTimeout:5035ms
2019-09-26 19:34:59,043 [Thread-258] INFO  impl.RoleInfo (RoleInfo.java:shutdownFollowerState(121)) - caa57342-6217-4fff-b429-c8cc52109755: shutdown FollowerState
2019-09-26 19:34:59,043 [Thread-258] INFO  impl.RaftServerImpl (RaftServerImpl.java:setRole(174)) - caa57342-6217-4fff-b429-c8cc52109755@group-51A75948D1F1: changes role from  FOLLOWER to CANDIDATE at term 0 for changeToCandidate
2019-09-26 19:34:59,043 [Thread-258] INFO  impl.RoleInfo (RoleInfo.java:updateAndGet(143)) - caa57342-6217-4fff-b429-c8cc52109755: start LeaderElection
2019-09-26 19:34:59,050 [019e0474-f11b-4d9b-b1d9-dfb81ad19a47@group-34638C532BCF:LeaderElection6] INFO  impl.LeaderElection (LeaderElection.java:askForVotes(182)) - 019e0474-f11b-4d9b-b1d9-dfb81ad19a47@group-34638C532BCF:LeaderElection6: begin an election at term 1 for -1: [019e0474-f11b-4d9b-b1d9-dfb81ad19a47:192.168.151.109:44237], old=null
2019-09-26 19:34:59,050 [019e0474-f11b-4d9b-b1d9-dfb81ad19a47@group-34638C532BCF:LeaderElection6] INFO  impl.RoleInfo (RoleInfo.java:shutdownLeaderElection(134)) - 019e0474-f11b-4d9b-b1d9-dfb81ad19a47: shutdown LeaderElection
2019-09-26 19:34:59,051 [019e0474-f11b-4d9b-b1d9-dfb81ad19a47@group-34638C532BCF:LeaderElection6] INFO  impl.RaftServerImpl (RaftServerImpl.java:setRole(174)) - 019e0474-f11b-4d9b-b1d9-dfb81ad19a47@group-34638C532BCF: changes role from CANDIDATE to LEADER at term 1 for changeToLeader
2019-09-26 19:34:59,051 [019e0474-f11b-4d9b-b1d9-dfb81ad19a47@group-34638C532BCF:LeaderElection6] INFO  impl.RaftServerImpl (ServerState.java:setLeader(253)) - 019e0474-f11b-4d9b-b1d9-dfb81ad19a47@group-34638C532BCF: change Leader from null to 019e0474-f11b-4d9b-b1d9-dfb81ad19a47 at term 1 for becomeLeader, leader elected after 5116ms
2019-09-26 19:34:59,053 [019e0474-f11b-4d9b-b1d9-dfb81ad19a47@group-34638C532BCF:LeaderElection6] INFO  server.RaftServerConfigKeys (ConfUtils.java:logGet(43)) - raft.server.staging.catchup.gap = 1000 (default)
2019-09-26 19:34:59,053 [019e0474-f11b-4d9b-b1d9-dfb81ad19a47@group-34638C532BCF:LeaderElection6] INFO  server.RaftServerConfigKeys (ConfUtils.java:logGet(43)) - raft.server.rpc.sleep.time = 25ms (default)
2019-09-26 19:34:59,053 [caa57342-6217-4fff-b429-c8cc52109755@group-51A75948D1F1:LeaderElection7] INFO  impl.LeaderElection (LeaderElection.java:askForVotes(182)) - caa57342-6217-4fff-b429-c8cc52109755@group-51A75948D1F1:LeaderElection7: begin an election at term 1 for -1: [caa57342-6217-4fff-b429-c8cc52109755:192.168.151.109:38703], old=null
2019-09-26 19:34:59,053 [019e0474-f11b-4d9b-b1d9-dfb81ad19a47@group-34638C532BCF:LeaderElection6] INFO  server.RaftServerConfigKeys (ConfUtils.java:logGet(43)) - raft.server.write.element-limit = 4096 (default)
2019-09-26 19:34:59,053 [caa57342-6217-4fff-b429-c8cc52109755@group-51A75948D1F1:LeaderElection7] INFO  impl.RoleInfo (RoleInfo.java:shutdownLeaderElection(134)) - caa57342-6217-4fff-b429-c8cc52109755: shutdown LeaderElection
2019-09-26 19:34:59,053 [019e0474-f11b-4d9b-b1d9-dfb81ad19a47@group-34638C532BCF:LeaderElection6] INFO  server.RaftServerConfigKeys (ConfUtils.java:logGet(43)) - raft.server.watch.timeout = 10s (default)
2019-09-26 19:34:59,053 [caa57342-6217-4fff-b429-c8cc52109755@group-51A75948D1F1:LeaderElection7] INFO  impl.RaftServerImpl (RaftServerImpl.java:setRole(174)) - caa57342-6217-4fff-b429-c8cc52109755@group-51A75948D1F1: changes role from CANDIDATE to LEADER at term 1 for changeToLeader
2019-09-26 19:34:59,053 [019e0474-f11b-4d9b-b1d9-dfb81ad19a47@group-34638C532BCF:LeaderElection6] INFO  server.RaftServerConfigKeys (ConfUtils.java:logGet(43)) - raft.server.watch.timeout.denomination = 1s (default)
2019-09-26 19:34:59,054 [caa57342-6217-4fff-b429-c8cc52109755@group-51A75948D1F1:LeaderElection7] INFO  impl.RaftServerImpl (ServerState.java:setLeader(253)) - caa57342-6217-4fff-b429-c8cc52109755@group-51A75948D1F1: change Leader from null to caa57342-6217-4fff-b429-c8cc52109755 at term 1 for becomeLeader, leader elected after 5054ms
2019-09-26 19:34:59,054 [019e0474-f11b-4d9b-b1d9-dfb81ad19a47@group-34638C532BCF:LeaderElection6] INFO  server.RaftServerConfigKeys (ConfUtils.java:logGet(43)) - raft.server.watch.element-limit = 65536 (default)
2019-09-26 19:34:59,056 [caa57342-6217-4fff-b429-c8cc52109755@group-51A75948D1F1:LeaderElection7] INFO  server.RaftServerConfigKeys (ConfUtils.java:logGet(43)) - raft.server.staging.catchup.gap = 1000 (default)
2019-09-26 19:34:59,056 [caa57342-6217-4fff-b429-c8cc52109755@group-51A75948D1F1:LeaderElection7] INFO  server.RaftServerConfigKeys (ConfUtils.java:logGet(43)) - raft.server.rpc.sleep.time = 25ms (default)
2019-09-26 19:34:59,056 [caa57342-6217-4fff-b429-c8cc52109755@group-51A75948D1F1:LeaderElection7] INFO  server.RaftServerConfigKeys (ConfUtils.java:logGet(43)) - raft.server.write.element-limit = 4096 (default)
2019-09-26 19:34:59,057 [caa57342-6217-4fff-b429-c8cc52109755@group-51A75948D1F1:LeaderElection7] INFO  server.RaftServerConfigKeys (ConfUtils.java:logGet(43)) - raft.server.watch.timeout = 10s (default)
2019-09-26 19:34:59,057 [caa57342-6217-4fff-b429-c8cc52109755@group-51A75948D1F1:LeaderElection7] INFO  server.RaftServerConfigKeys (ConfUtils.java:logGet(43)) - raft.server.watch.timeout.denomination = 1s (default)
2019-09-26 19:34:59,057 [caa57342-6217-4fff-b429-c8cc52109755@group-51A75948D1F1:LeaderElection7] INFO  server.RaftServerConfigKeys (ConfUtils.java:logGet(43)) - raft.server.watch.element-limit = 65536 (default)
2019-09-26 19:34:59,059 [019e0474-f11b-4d9b-b1d9-dfb81ad19a47@group-34638C532BCF:LeaderElection6] INFO  impl.RoleInfo (RoleInfo.java:updateAndGet(143)) - 019e0474-f11b-4d9b-b1d9-dfb81ad19a47: start LeaderState
2019-09-26 19:34:59,060 [019e0474-f11b-4d9b-b1d9-dfb81ad19a47@group-34638C532BCF:LeaderElection6] INFO  segmented.SegmentedRaftLogWorker (SegmentedRaftLogWorker.java:startLogSegment(380)) - 019e0474-f11b-4d9b-b1d9-dfb81ad19a47@group-34638C532BCF-SegmentedRaftLogWorker: Starting segment from index:0
2019-09-26 19:34:59,060 [019e0474-f11b-4d9b-b1d9-dfb81ad19a47@group-34638C532BCF:LeaderElection6] INFO  impl.RaftServerImpl (ServerState.java:setRaftConf(354)) - 019e0474-f11b-4d9b-b1d9-dfb81ad19a47@group-34638C532BCF: set configuration 0: [019e0474-f11b-4d9b-b1d9-dfb81ad19a47:192.168.151.109:44237], old=null at 0
2019-09-26 19:34:59,099 [caa57342-6217-4fff-b429-c8cc52109755@group-51A75948D1F1:LeaderElection7] INFO  impl.RoleInfo (RoleInfo.java:updateAndGet(143)) - caa57342-6217-4fff-b429-c8cc52109755: start LeaderState
2019-09-26 19:34:59,099 [caa57342-6217-4fff-b429-c8cc52109755@group-51A75948D1F1:LeaderElection7] INFO  segmented.SegmentedRaftLogWorker (SegmentedRaftLogWorker.java:startLogSegment(380)) - caa57342-6217-4fff-b429-c8cc52109755@group-51A75948D1F1-SegmentedRaftLogWorker: Starting segment from index:0
2019-09-26 19:34:59,100 [caa57342-6217-4fff-b429-c8cc52109755@group-51A75948D1F1:LeaderElection7] INFO  impl.RaftServerImpl (ServerState.java:setRaftConf(354)) - caa57342-6217-4fff-b429-c8cc52109755@group-51A75948D1F1: set configuration 0: [caa57342-6217-4fff-b429-c8cc52109755:192.168.151.109:38703], old=null at 0
2019-09-26 19:34:59,132 [019e0474-f11b-4d9b-b1d9-dfb81ad19a47@group-34638C532BCF-SegmentedRaftLogWorker] INFO  segmented.SegmentedRaftLogWorker (SegmentedRaftLogWorker.java:execute(569)) - 019e0474-f11b-4d9b-b1d9-dfb81ad19a47@group-34638C532BCF-SegmentedRaftLogWorker: created new log segment /workdir/hadoop-ozone/integration-test/target/test-dir/MiniOzoneClusterImpl-4433af00-9fad-440b-a2a6-00e4f6de7d20/datanode-6/data/ratis/030bf7f2-836b-4b2b-9824-34638c532bcf/current/log_inprogress_0
2019-09-26 19:34:59,132 [Thread-265] INFO  impl.FollowerState (FollowerState.java:run(106)) - c0ff19f7-d82e-4304-a9a9-085bd668c982:group-80AFD52FC61F changes to CANDIDATE, lastRpcTime:5030, electionTimeout:5023ms
2019-09-26 19:34:59,132 [Thread-265] INFO  impl.RoleInfo (RoleInfo.java:shutdownFollowerState(121)) - c0ff19f7-d82e-4304-a9a9-085bd668c982: shutdown FollowerState
2019-09-26 19:34:59,132 [Thread-265] INFO  impl.RaftServerImpl (RaftServerImpl.java:setRole(174)) - c0ff19f7-d82e-4304-a9a9-085bd668c982@group-80AFD52FC61F: changes role from  FOLLOWER to CANDIDATE at term 0 for changeToCandidate
2019-09-26 19:34:59,133 [Thread-265] INFO  impl.RoleInfo (RoleInfo.java:updateAndGet(143)) - c0ff19f7-d82e-4304-a9a9-085bd668c982: start LeaderElection
2019-09-26 19:34:59,145 [caa57342-6217-4fff-b429-c8cc52109755@group-51A75948D1F1-SegmentedRaftLogWorker] INFO  segmented.SegmentedRaftLogWorker (SegmentedRaftLogWorker.java:execute(569)) - caa57342-6217-4fff-b429-c8cc52109755@group-51A75948D1F1-SegmentedRaftLogWorker: created new log segment /workdir/hadoop-ozone/integration-test/target/test-dir/MiniOzoneClusterImpl-4433af00-9fad-440b-a2a6-00e4f6de7d20/datanode-4/data/ratis/d1a9ec22-696b-459e-9020-51a75948d1f1/current/log_inprogress_0
2019-09-26 19:34:59,145 [c0ff19f7-d82e-4304-a9a9-085bd668c982@group-80AFD52FC61F:LeaderElection8] INFO  impl.LeaderElection (LeaderElection.java:askForVotes(182)) - c0ff19f7-d82e-4304-a9a9-085bd668c982@group-80AFD52FC61F:LeaderElection8: begin an election at term 1 for -1: [129507e1-6443-4048-8b61-9b25a6688b7b:192.168.151.109:44225, c0ff19f7-d82e-4304-a9a9-085bd668c982:192.168.151.109:38574, 09429691-744f-4861-b11b-9ae7681d4ceb:192.168.151.109:36334], old=null
2019-09-26 19:34:59,170 [grpc-default-executor-0] INFO  impl.RaftServerImpl (RaftServerImpl.java:setRole(174)) - 09429691-744f-4861-b11b-9ae7681d4ceb@group-80AFD52FC61F: changes role from  FOLLOWER to FOLLOWER at term 1 for recognizeCandidate:c0ff19f7-d82e-4304-a9a9-085bd668c982
2019-09-26 19:34:59,170 [grpc-default-executor-1] INFO  impl.RaftServerImpl (RaftServerImpl.java:setRole(174)) - 129507e1-6443-4048-8b61-9b25a6688b7b@group-80AFD52FC61F: changes role from  FOLLOWER to FOLLOWER at term 1 for recognizeCandidate:c0ff19f7-d82e-4304-a9a9-085bd668c982
2019-09-26 19:34:59,170 [grpc-default-executor-0] INFO  impl.RoleInfo (RoleInfo.java:shutdownFollowerState(121)) - 09429691-744f-4861-b11b-9ae7681d4ceb: shutdown FollowerState
2019-09-26 19:34:59,170 [grpc-default-executor-1] INFO  impl.RoleInfo (RoleInfo.java:shutdownFollowerState(121)) - 129507e1-6443-4048-8b61-9b25a6688b7b: shutdown FollowerState
2019-09-26 19:34:59,170 [grpc-default-executor-0] INFO  impl.RoleInfo (RoleInfo.java:updateAndGet(143)) - 09429691-744f-4861-b11b-9ae7681d4ceb: start FollowerState
2019-09-26 19:34:59,170 [Thread-263] INFO  impl.FollowerState (FollowerState.java:run(115)) - 129507e1-6443-4048-8b61-9b25a6688b7b: FollowerState was interrupted: java.lang.InterruptedException: sleep interrupted
2019-09-26 19:34:59,170 [Thread-267] INFO  impl.FollowerState (FollowerState.java:run(115)) - 09429691-744f-4861-b11b-9ae7681d4ceb: FollowerState was interrupted: java.lang.InterruptedException: sleep interrupted
2019-09-26 19:34:59,170 [grpc-default-executor-1] INFO  impl.RoleInfo (RoleInfo.java:updateAndGet(143)) - 129507e1-6443-4048-8b61-9b25a6688b7b: start FollowerState
2019-09-26 19:34:59,204 [c0ff19f7-d82e-4304-a9a9-085bd668c982@group-80AFD52FC61F:LeaderElection8] INFO  impl.LeaderElection (LeaderElection.java:logAndReturn(56)) - c0ff19f7-d82e-4304-a9a9-085bd668c982@group-80AFD52FC61F:LeaderElection8: Election PASSED; received 1 response(s) [c0ff19f7-d82e-4304-a9a9-085bd668c982<-129507e1-6443-4048-8b61-9b25a6688b7b#0:OK-t1] and 0 exception(s); c0ff19f7-d82e-4304-a9a9-085bd668c982@group-80AFD52FC61F:t1, leader=null, voted=c0ff19f7-d82e-4304-a9a9-085bd668c982, raftlog=c0ff19f7-d82e-4304-a9a9-085bd668c982@group-80AFD52FC61F-SegmentedRaftLog:OPENED:c-1,f-1,i0, conf=-1: [129507e1-6443-4048-8b61-9b25a6688b7b:192.168.151.109:44225, c0ff19f7-d82e-4304-a9a9-085bd668c982:192.168.151.109:38574, 09429691-744f-4861-b11b-9ae7681d4ceb:192.168.151.109:36334], old=null
2019-09-26 19:34:59,204 [c0ff19f7-d82e-4304-a9a9-085bd668c982@group-80AFD52FC61F:LeaderElection8] INFO  impl.RoleInfo (RoleInfo.java:shutdownLeaderElection(134)) - c0ff19f7-d82e-4304-a9a9-085bd668c982: shutdown LeaderElection
2019-09-26 19:34:59,204 [c0ff19f7-d82e-4304-a9a9-085bd668c982@group-80AFD52FC61F:LeaderElection8] INFO  impl.RaftServerImpl (RaftServerImpl.java:setRole(174)) - c0ff19f7-d82e-4304-a9a9-085bd668c982@group-80AFD52FC61F: changes role from CANDIDATE to LEADER at term 1 for changeToLeader
2019-09-26 19:34:59,207 [c0ff19f7-d82e-4304-a9a9-085bd668c982@group-80AFD52FC61F:LeaderElection8] INFO  impl.RaftServerImpl (ServerState.java:setLeader(253)) - c0ff19f7-d82e-4304-a9a9-085bd668c982@group-80AFD52FC61F: change Leader from null to c0ff19f7-d82e-4304-a9a9-085bd668c982 at term 1 for becomeLeader, leader elected after 5116ms
2019-09-26 19:34:59,207 [c0ff19f7-d82e-4304-a9a9-085bd668c982@group-80AFD52FC61F:LeaderElection8] INFO  server.RaftServerConfigKeys (ConfUtils.java:logGet(43)) - raft.server.staging.catchup.gap = 1000 (default)
2019-09-26 19:34:59,207 [c0ff19f7-d82e-4304-a9a9-085bd668c982@group-80AFD52FC61F:LeaderElection8] INFO  server.RaftServerConfigKeys (ConfUtils.java:logGet(43)) - raft.server.rpc.sleep.time = 25ms (default)
2019-09-26 19:34:59,207 [c0ff19f7-d82e-4304-a9a9-085bd668c982@group-80AFD52FC61F:LeaderElection8] INFO  server.RaftServerConfigKeys (ConfUtils.java:logGet(43)) - raft.server.write.element-limit = 4096 (default)
2019-09-26 19:34:59,208 [c0ff19f7-d82e-4304-a9a9-085bd668c982@group-80AFD52FC61F:LeaderElection8] INFO  server.RaftServerConfigKeys (ConfUtils.java:logGet(43)) - raft.server.watch.timeout = 10s (default)
2019-09-26 19:34:59,208 [c0ff19f7-d82e-4304-a9a9-085bd668c982@group-80AFD52FC61F:LeaderElection8] INFO  server.RaftServerConfigKeys (ConfUtils.java:logGet(43)) - raft.server.watch.timeout.denomination = 1s (default)
2019-09-26 19:34:59,208 [c0ff19f7-d82e-4304-a9a9-085bd668c982@group-80AFD52FC61F:LeaderElection8] INFO  server.RaftServerConfigKeys (ConfUtils.java:logGet(43)) - raft.server.watch.element-limit = 65536 (default)
2019-09-26 19:34:59,213 [c0ff19f7-d82e-4304-a9a9-085bd668c982@group-80AFD52FC61F:LeaderElection8] INFO  server.RaftServerConfigKeys (ConfUtils.java:logGet(43)) - raft.server.log.appender.snapshot.chunk.size.max = 16MB (=16777216) (default)
2019-09-26 19:34:59,213 [c0ff19f7-d82e-4304-a9a9-085bd668c982@group-80AFD52FC61F:LeaderElection8] INFO  server.RaftServerConfigKeys (ConfUtils.java:logGet(43)) - raft.server.log.appender.buffer.byte-limit = 33554432 (custom)
2019-09-26 19:34:59,214 [c0ff19f7-d82e-4304-a9a9-085bd668c982@group-80AFD52FC61F:LeaderElection8] INFO  server.RaftServerConfigKeys (ConfUtils.java:logGet(43)) - raft.server.log.appender.buffer.element-limit = 1 (custom)
2019-09-26 19:34:59,217 [c0ff19f7-d82e-4304-a9a9-085bd668c982@group-80AFD52FC61F:LeaderElection8] INFO  grpc.GrpcConfigKeys$Server (ConfUtils.java:logGet(43)) - raft.grpc.server.leader.outstanding.appends.max = 128 (default)
2019-09-26 19:34:59,217 [c0ff19f7-d82e-4304-a9a9-085bd668c982@group-80AFD52FC61F:LeaderElection8] INFO  server.RaftServerConfigKeys (ConfUtils.java:logGet(43)) - raft.server.rpc.request.timeout = 3000ms (default)
2019-09-26 19:34:59,217 [c0ff19f7-d82e-4304-a9a9-085bd668c982@group-80AFD52FC61F:LeaderElection8] INFO  server.RaftServerConfigKeys (ConfUtils.java:logGet(43)) - raft.server.log.appender.install.snapshot.enabled = false (custom)
2019-09-26 19:34:59,218 [c0ff19f7-d82e-4304-a9a9-085bd668c982@group-80AFD52FC61F:LeaderElection8] INFO  server.RaftServerConfigKeys (ConfUtils.java:logGet(43)) - raft.server.log.appender.snapshot.chunk.size.max = 16MB (=16777216) (default)
2019-09-26 19:34:59,219 [c0ff19f7-d82e-4304-a9a9-085bd668c982@group-80AFD52FC61F:LeaderElection8] INFO  server.RaftServerConfigKeys (ConfUtils.java:logGet(43)) - raft.server.log.appender.buffer.byte-limit = 33554432 (custom)
2019-09-26 19:34:59,219 [c0ff19f7-d82e-4304-a9a9-085bd668c982@group-80AFD52FC61F:LeaderElection8] INFO  server.RaftServerConfigKeys (ConfUtils.java:logGet(43)) - raft.server.log.appender.buffer.element-limit = 1 (custom)
2019-09-26 19:34:59,219 [c0ff19f7-d82e-4304-a9a9-085bd668c982@group-80AFD52FC61F:LeaderElection8] INFO  grpc.GrpcConfigKeys$Server (ConfUtils.java:logGet(43)) - raft.grpc.server.leader.outstanding.appends.max = 128 (default)
2019-09-26 19:34:59,219 [c0ff19f7-d82e-4304-a9a9-085bd668c982@group-80AFD52FC61F:LeaderElection8] INFO  server.RaftServerConfigKeys (ConfUtils.java:logGet(43)) - raft.server.rpc.request.timeout = 3000ms (default)
2019-09-26 19:34:59,219 [c0ff19f7-d82e-4304-a9a9-085bd668c982@group-80AFD52FC61F:LeaderElection8] INFO  server.RaftServerConfigKeys (ConfUtils.java:logGet(43)) - raft.server.log.appender.install.snapshot.enabled = false (custom)
2019-09-26 19:34:59,222 [c0ff19f7-d82e-4304-a9a9-085bd668c982@group-80AFD52FC61F:LeaderElection8] INFO  impl.RoleInfo (RoleInfo.java:updateAndGet(143)) - c0ff19f7-d82e-4304-a9a9-085bd668c982: start LeaderState
2019-09-26 19:34:59,223 [c0ff19f7-d82e-4304-a9a9-085bd668c982@group-80AFD52FC61F:LeaderElection8] INFO  segmented.SegmentedRaftLogWorker (SegmentedRaftLogWorker.java:startLogSegment(380)) - c0ff19f7-d82e-4304-a9a9-085bd668c982@group-80AFD52FC61F-SegmentedRaftLogWorker: Starting segment from index:0
2019-09-26 19:34:59,223 [c0ff19f7-d82e-4304-a9a9-085bd668c982@group-80AFD52FC61F:LeaderElection8] INFO  impl.RaftServerImpl (ServerState.java:setRaftConf(354)) - c0ff19f7-d82e-4304-a9a9-085bd668c982@group-80AFD52FC61F: set configuration 0: [129507e1-6443-4048-8b61-9b25a6688b7b:192.168.151.109:44225, c0ff19f7-d82e-4304-a9a9-085bd668c982:192.168.151.109:38574, 09429691-744f-4861-b11b-9ae7681d4ceb:192.168.151.109:36334], old=null at 0
2019-09-26 19:34:59,255 [Thread-272] INFO  impl.FollowerState (FollowerState.java:run(106)) - 019e0474-f11b-4d9b-b1d9-dfb81ad19a47:group-84137ED07D77 changes to CANDIDATE, lastRpcTime:5061, electionTimeout:5059ms
2019-09-26 19:34:59,257 [Thread-272] INFO  impl.RoleInfo (RoleInfo.java:shutdownFollowerState(121)) - 019e0474-f11b-4d9b-b1d9-dfb81ad19a47: shutdown FollowerState
2019-09-26 19:34:59,257 [Thread-272] INFO  impl.RaftServerImpl (RaftServerImpl.java:setRole(174)) - 019e0474-f11b-4d9b-b1d9-dfb81ad19a47@group-84137ED07D77: changes role from  FOLLOWER to CANDIDATE at term 0 for changeToCandidate
2019-09-26 19:34:59,257 [Thread-272] INFO  impl.RoleInfo (RoleInfo.java:updateAndGet(143)) - 019e0474-f11b-4d9b-b1d9-dfb81ad19a47: start LeaderElection
2019-09-26 19:34:59,265 [c0ff19f7-d82e-4304-a9a9-085bd668c982@group-80AFD52FC61F-SegmentedRaftLogWorker] INFO  segmented.SegmentedRaftLogWorker (SegmentedRaftLogWorker.java:execute(569)) - c0ff19f7-d82e-4304-a9a9-085bd668c982@group-80AFD52FC61F-SegmentedRaftLogWorker: created new log segment /workdir/hadoop-ozone/integration-test/target/test-dir/MiniOzoneClusterImpl-4433af00-9fad-440b-a2a6-00e4f6de7d20/datanode-2/data/ratis/97c80607-ef2e-456f-9849-80afd52fc61f/current/log_inprogress_0
2019-09-26 19:34:59,268 [019e0474-f11b-4d9b-b1d9-dfb81ad19a47@group-84137ED07D77:LeaderElection9] INFO  impl.LeaderElection (LeaderElection.java:askForVotes(182)) - 019e0474-f11b-4d9b-b1d9-dfb81ad19a47@group-84137ED07D77:LeaderElection9: begin an election at term 1 for -1: [019e0474-f11b-4d9b-b1d9-dfb81ad19a47:192.168.151.109:44237, d8375c21-18fd-4797-9ca8-e7753d52871e:192.168.151.109:36448, 083f4781-77b8-4075-9ff2-fe5b3cab259c:192.168.151.109:33483], old=null
2019-09-26 19:34:59,283 [grpc-default-executor-0] INFO  impl.RaftServerImpl (RaftServerImpl.java:setRole(174)) - 083f4781-77b8-4075-9ff2-fe5b3cab259c@group-84137ED07D77: changes role from  FOLLOWER to FOLLOWER at term 1 for recognizeCandidate:019e0474-f11b-4d9b-b1d9-dfb81ad19a47
2019-09-26 19:34:59,285 [grpc-default-executor-1] INFO  impl.RaftServerImpl (RaftServerImpl.java:setRole(174)) - d8375c21-18fd-4797-9ca8-e7753d52871e@group-84137ED07D77: changes role from  FOLLOWER to FOLLOWER at term 1 for recognizeCandidate:019e0474-f11b-4d9b-b1d9-dfb81ad19a47
2019-09-26 19:34:59,285 [grpc-default-executor-0] INFO  impl.RoleInfo (RoleInfo.java:shutdownFollowerState(121)) - 083f4781-77b8-4075-9ff2-fe5b3cab259c: shutdown FollowerState
2019-09-26 19:34:59,285 [grpc-default-executor-1] INFO  impl.RoleInfo (RoleInfo.java:shutdownFollowerState(121)) - d8375c21-18fd-4797-9ca8-e7753d52871e: shutdown FollowerState
2019-09-26 19:34:59,285 [Thread-275] INFO  impl.FollowerState (FollowerState.java:run(115)) - 083f4781-77b8-4075-9ff2-fe5b3cab259c: FollowerState was interrupted: java.lang.InterruptedException: sleep interrupted
2019-09-26 19:34:59,285 [grpc-default-executor-0] INFO  impl.RoleInfo (RoleInfo.java:updateAndGet(143)) - 083f4781-77b8-4075-9ff2-fe5b3cab259c: start FollowerState
2019-09-26 19:34:59,287 [Thread-274] INFO  impl.FollowerState (FollowerState.java:run(115)) - d8375c21-18fd-4797-9ca8-e7753d52871e: FollowerState was interrupted: java.lang.InterruptedException: sleep interrupted
2019-09-26 19:34:59,285 [grpc-default-executor-1] INFO  impl.RoleInfo (RoleInfo.java:updateAndGet(143)) - d8375c21-18fd-4797-9ca8-e7753d52871e: start FollowerState
2019-09-26 19:34:59,296 [grpc-default-executor-2] INFO  impl.RaftServerImpl (ServerState.java:setLeader(253)) - 129507e1-6443-4048-8b61-9b25a6688b7b@group-80AFD52FC61F: change Leader from null to c0ff19f7-d82e-4304-a9a9-085bd668c982 at term 1 for appendEntries, leader elected after 5205ms
2019-09-26 19:34:59,296 [grpc-default-executor-3] INFO  impl.RaftServerImpl (ServerState.java:setLeader(253)) - 09429691-744f-4861-b11b-9ae7681d4ceb@group-80AFD52FC61F: change Leader from null to c0ff19f7-d82e-4304-a9a9-085bd668c982 at term 1 for appendEntries, leader elected after 5205ms
2019-09-26 19:34:59,312 [019e0474-f11b-4d9b-b1d9-dfb81ad19a47@group-84137ED07D77:LeaderElection9] INFO  impl.LeaderElection (LeaderElection.java:logAndReturn(56)) - 019e0474-f11b-4d9b-b1d9-dfb81ad19a47@group-84137ED07D77:LeaderElection9: Election PASSED; received 1 response(s) [019e0474-f11b-4d9b-b1d9-dfb81ad19a47<-d8375c21-18fd-4797-9ca8-e7753d52871e#0:OK-t1] and 0 exception(s); 019e0474-f11b-4d9b-b1d9-dfb81ad19a47@group-84137ED07D77:t1, leader=null, voted=019e0474-f11b-4d9b-b1d9-dfb81ad19a47, raftlog=019e0474-f11b-4d9b-b1d9-dfb81ad19a47@group-84137ED07D77-SegmentedRaftLog:OPENED:c-1,f-1,i0, conf=-1: [019e0474-f11b-4d9b-b1d9-dfb81ad19a47:192.168.151.109:44237, d8375c21-18fd-4797-9ca8-e7753d52871e:192.168.151.109:36448, 083f4781-77b8-4075-9ff2-fe5b3cab259c:192.168.151.109:33483], old=null
2019-09-26 19:34:59,312 [019e0474-f11b-4d9b-b1d9-dfb81ad19a47@group-84137ED07D77:LeaderElection9] INFO  impl.RoleInfo (RoleInfo.java:shutdownLeaderElection(134)) - 019e0474-f11b-4d9b-b1d9-dfb81ad19a47: shutdown LeaderElection
2019-09-26 19:34:59,316 [019e0474-f11b-4d9b-b1d9-dfb81ad19a47@group-84137ED07D77:LeaderElection9] INFO  impl.RaftServerImpl (RaftServerImpl.java:setRole(174)) - 019e0474-f11b-4d9b-b1d9-dfb81ad19a47@group-84137ED07D77: changes role from CANDIDATE to LEADER at term 1 for changeToLeader
2019-09-26 19:34:59,316 [019e0474-f11b-4d9b-b1d9-dfb81ad19a47@group-84137ED07D77:LeaderElection9] INFO  impl.RaftServerImpl (ServerState.java:setLeader(253)) - 019e0474-f11b-4d9b-b1d9-dfb81ad19a47@group-84137ED07D77: change Leader from null to 019e0474-f11b-4d9b-b1d9-dfb81ad19a47 at term 1 for becomeLeader, leader elected after 5130ms
2019-09-26 19:34:59,317 [019e0474-f11b-4d9b-b1d9-dfb81ad19a47@group-84137ED07D77:LeaderElection9] INFO  server.RaftServerConfigKeys (ConfUtils.java:logGet(43)) - raft.server.staging.catchup.gap = 1000 (default)
2019-09-26 19:34:59,317 [019e0474-f11b-4d9b-b1d9-dfb81ad19a47@group-84137ED07D77:LeaderElection9] INFO  server.RaftServerConfigKeys (ConfUtils.java:logGet(43)) - raft.server.rpc.sleep.time = 25ms (default)
2019-09-26 19:34:59,317 [019e0474-f11b-4d9b-b1d9-dfb81ad19a47@group-84137ED07D77:LeaderElection9] INFO  server.RaftServerConfigKeys (ConfUtils.java:logGet(43)) - raft.server.write.element-limit = 4096 (default)
2019-09-26 19:34:59,317 [019e0474-f11b-4d9b-b1d9-dfb81ad19a47@group-84137ED07D77:LeaderElection9] INFO  server.RaftServerConfigKeys (ConfUtils.java:logGet(43)) - raft.server.watch.timeout = 10s (default)
2019-09-26 19:34:59,318 [019e0474-f11b-4d9b-b1d9-dfb81ad19a47@group-84137ED07D77:LeaderElection9] INFO  server.RaftServerConfigKeys (ConfUtils.java:logGet(43)) - raft.server.watch.timeout.denomination = 1s (default)
2019-09-26 19:34:59,318 [019e0474-f11b-4d9b-b1d9-dfb81ad19a47@group-84137ED07D77:LeaderElection9] INFO  server.RaftServerConfigKeys (ConfUtils.java:logGet(43)) - raft.server.watch.element-limit = 65536 (default)
2019-09-26 19:34:59,322 [019e0474-f11b-4d9b-b1d9-dfb81ad19a47@group-84137ED07D77:LeaderElection9] INFO  server.RaftServerConfigKeys (ConfUtils.java:logGet(43)) - raft.server.log.appender.snapshot.chunk.size.max = 16MB (=16777216) (default)
2019-09-26 19:34:59,323 [019e0474-f11b-4d9b-b1d9-dfb81ad19a47@group-84137ED07D77:LeaderElection9] INFO  server.RaftServerConfigKeys (ConfUtils.java:logGet(43)) - raft.server.log.appender.buffer.byte-limit = 33554432 (custom)
2019-09-26 19:34:59,325 [019e0474-f11b-4d9b-b1d9-dfb81ad19a47@group-84137ED07D77:LeaderElection9] INFO  server.RaftServerConfigKeys (ConfUtils.java:logGet(43)) - raft.server.log.appender.buffer.element-limit = 1 (custom)
2019-09-26 19:34:59,325 [019e0474-f11b-4d9b-b1d9-dfb81ad19a47@group-84137ED07D77:LeaderElection9] INFO  grpc.GrpcConfigKeys$Server (ConfUtils.java:logGet(43)) - raft.grpc.server.leader.outstanding.appends.max = 128 (default)
2019-09-26 19:34:59,326 [019e0474-f11b-4d9b-b1d9-dfb81ad19a47@group-84137ED07D77:LeaderElection9] INFO  server.RaftServerConfigKeys (ConfUtils.java:logGet(43)) - raft.server.rpc.request.timeout = 3000ms (default)
2019-09-26 19:34:59,327 [019e0474-f11b-4d9b-b1d9-dfb81ad19a47@group-84137ED07D77:LeaderElection9] INFO  server.RaftServerConfigKeys (ConfUtils.java:logGet(43)) - raft.server.log.appender.install.snapshot.enabled = false (custom)
2019-09-26 19:34:59,327 [019e0474-f11b-4d9b-b1d9-dfb81ad19a47@group-84137ED07D77:LeaderElection9] INFO  server.RaftServerConfigKeys (ConfUtils.java:logGet(43)) - raft.server.log.appender.snapshot.chunk.size.max = 16MB (=16777216) (default)
2019-09-26 19:34:59,327 [019e0474-f11b-4d9b-b1d9-dfb81ad19a47@group-84137ED07D77:LeaderElection9] INFO  server.RaftServerConfigKeys (ConfUtils.java:logGet(43)) - raft.server.log.appender.buffer.byte-limit = 33554432 (custom)
2019-09-26 19:34:59,327 [019e0474-f11b-4d9b-b1d9-dfb81ad19a47@group-84137ED07D77:LeaderElection9] INFO  server.RaftServerConfigKeys (ConfUtils.java:logGet(43)) - raft.server.log.appender.buffer.element-limit = 1 (custom)
2019-09-26 19:34:59,327 [019e0474-f11b-4d9b-b1d9-dfb81ad19a47@group-84137ED07D77:LeaderElection9] INFO  grpc.GrpcConfigKeys$Server (ConfUtils.java:logGet(43)) - raft.grpc.server.leader.outstanding.appends.max = 128 (default)
2019-09-26 19:34:59,328 [019e0474-f11b-4d9b-b1d9-dfb81ad19a47@group-84137ED07D77:LeaderElection9] INFO  server.RaftServerConfigKeys (ConfUtils.java:logGet(43)) - raft.server.rpc.request.timeout = 3000ms (default)
2019-09-26 19:34:59,328 [019e0474-f11b-4d9b-b1d9-dfb81ad19a47@group-84137ED07D77:LeaderElection9] INFO  server.RaftServerConfigKeys (ConfUtils.java:logGet(43)) - raft.server.log.appender.install.snapshot.enabled = false (custom)
2019-09-26 19:34:59,328 [019e0474-f11b-4d9b-b1d9-dfb81ad19a47@group-84137ED07D77:LeaderElection9] INFO  impl.RoleInfo (RoleInfo.java:updateAndGet(143)) - 019e0474-f11b-4d9b-b1d9-dfb81ad19a47: start LeaderState
2019-09-26 19:34:59,328 [019e0474-f11b-4d9b-b1d9-dfb81ad19a47@group-84137ED07D77:LeaderElection9] INFO  segmented.SegmentedRaftLogWorker (SegmentedRaftLogWorker.java:startLogSegment(380)) - 019e0474-f11b-4d9b-b1d9-dfb81ad19a47@group-84137ED07D77-SegmentedRaftLogWorker: Starting segment from index:0
2019-09-26 19:34:59,329 [019e0474-f11b-4d9b-b1d9-dfb81ad19a47@group-84137ED07D77:LeaderElection9] INFO  impl.RaftServerImpl (ServerState.java:setRaftConf(354)) - 019e0474-f11b-4d9b-b1d9-dfb81ad19a47@group-84137ED07D77: set configuration 0: [019e0474-f11b-4d9b-b1d9-dfb81ad19a47:192.168.151.109:44237, d8375c21-18fd-4797-9ca8-e7753d52871e:192.168.151.109:36448, 083f4781-77b8-4075-9ff2-fe5b3cab259c:192.168.151.109:33483], old=null at 0
2019-09-26 19:34:59,355 [main] INFO  ipc.Client (Client.java:handleConnectionFailure(948)) - Retrying connect to server: localhost/127.0.0.1:0. Already tried 4 time(s); retry policy is RetryUpToMaximumCountWithFixedSleep(maxRetries=10, sleepTime=1000 MILLISECONDS)
2019-09-26 19:34:59,362 [grpc-default-executor-3] INFO  impl.RaftServerImpl (ServerState.java:setLeader(253)) - d8375c21-18fd-4797-9ca8-e7753d52871e@group-84137ED07D77: change Leader from null to 019e0474-f11b-4d9b-b1d9-dfb81ad19a47 at term 1 for appendEntries, leader elected after 5175ms
2019-09-26 19:34:59,362 [grpc-default-executor-0] INFO  impl.RaftServerImpl (ServerState.java:setLeader(253)) - 083f4781-77b8-4075-9ff2-fe5b3cab259c@group-84137ED07D77: change Leader from null to 019e0474-f11b-4d9b-b1d9-dfb81ad19a47 at term 1 for appendEntries, leader elected after 5176ms
2019-09-26 19:34:59,367 [grpc-default-executor-2] INFO  impl.RaftServerImpl (ServerState.java:setRaftConf(354)) - 129507e1-6443-4048-8b61-9b25a6688b7b@group-80AFD52FC61F: set configuration 0: [129507e1-6443-4048-8b61-9b25a6688b7b:192.168.151.109:44225, c0ff19f7-d82e-4304-a9a9-085bd668c982:192.168.151.109:38574, 09429691-744f-4861-b11b-9ae7681d4ceb:192.168.151.109:36334], old=null at 0
2019-09-26 19:34:59,367 [grpc-default-executor-1] INFO  impl.RaftServerImpl (ServerState.java:setRaftConf(354)) - 09429691-744f-4861-b11b-9ae7681d4ceb@group-80AFD52FC61F: set configuration 0: [129507e1-6443-4048-8b61-9b25a6688b7b:192.168.151.109:44225, c0ff19f7-d82e-4304-a9a9-085bd668c982:192.168.151.109:38574, 09429691-744f-4861-b11b-9ae7681d4ceb:192.168.151.109:36334], old=null at 0
2019-09-26 19:34:59,367 [grpc-default-executor-0] INFO  impl.RaftServerImpl (ServerState.java:setRaftConf(354)) - d8375c21-18fd-4797-9ca8-e7753d52871e@group-84137ED07D77: set configuration 0: [019e0474-f11b-4d9b-b1d9-dfb81ad19a47:192.168.151.109:44237, d8375c21-18fd-4797-9ca8-e7753d52871e:192.168.151.109:36448, 083f4781-77b8-4075-9ff2-fe5b3cab259c:192.168.151.109:33483], old=null at 0
2019-09-26 19:34:59,367 [grpc-default-executor-2] INFO  segmented.SegmentedRaftLogWorker (SegmentedRaftLogWorker.java:startLogSegment(380)) - 129507e1-6443-4048-8b61-9b25a6688b7b@group-80AFD52FC61F-SegmentedRaftLogWorker: Starting segment from index:0
2019-09-26 19:34:59,368 [grpc-default-executor-0] INFO  segmented.SegmentedRaftLogWorker (SegmentedRaftLogWorker.java:startLogSegment(380)) - d8375c21-18fd-4797-9ca8-e7753d52871e@group-84137ED07D77-SegmentedRaftLogWorker: Starting segment from index:0
2019-09-26 19:34:59,368 [grpc-default-executor-1] INFO  segmented.SegmentedRaftLogWorker (SegmentedRaftLogWorker.java:startLogSegment(380)) - 09429691-744f-4861-b11b-9ae7681d4ceb@group-80AFD52FC61F-SegmentedRaftLogWorker: Starting segment from index:0
2019-09-26 19:34:59,368 [grpc-default-executor-3] INFO  impl.RaftServerImpl (ServerState.java:setRaftConf(354)) - 083f4781-77b8-4075-9ff2-fe5b3cab259c@group-84137ED07D77: set configuration 0: [019e0474-f11b-4d9b-b1d9-dfb81ad19a47:192.168.151.109:44237, d8375c21-18fd-4797-9ca8-e7753d52871e:192.168.151.109:36448, 083f4781-77b8-4075-9ff2-fe5b3cab259c:192.168.151.109:33483], old=null at 0
2019-09-26 19:34:59,369 [grpc-default-executor-3] INFO  segmented.SegmentedRaftLogWorker (SegmentedRaftLogWorker.java:startLogSegment(380)) - 083f4781-77b8-4075-9ff2-fe5b3cab259c@group-84137ED07D77-SegmentedRaftLogWorker: Starting segment from index:0
2019-09-26 19:34:59,381 [019e0474-f11b-4d9b-b1d9-dfb81ad19a47@group-84137ED07D77-SegmentedRaftLogWorker] INFO  segmented.SegmentedRaftLogWorker (SegmentedRaftLogWorker.java:execute(569)) - 019e0474-f11b-4d9b-b1d9-dfb81ad19a47@group-84137ED07D77-SegmentedRaftLogWorker: created new log segment /workdir/hadoop-ozone/integration-test/target/test-dir/MiniOzoneClusterImpl-4433af00-9fad-440b-a2a6-00e4f6de7d20/datanode-6/data/ratis/7c65e405-ff87-4542-82e7-84137ed07d77/current/log_inprogress_0
2019-09-26 19:34:59,420 [09429691-744f-4861-b11b-9ae7681d4ceb@group-80AFD52FC61F-SegmentedRaftLogWorker] INFO  segmented.SegmentedRaftLogWorker (SegmentedRaftLogWorker.java:execute(569)) - 09429691-744f-4861-b11b-9ae7681d4ceb@group-80AFD52FC61F-SegmentedRaftLogWorker: created new log segment /workdir/hadoop-ozone/integration-test/target/test-dir/MiniOzoneClusterImpl-4433af00-9fad-440b-a2a6-00e4f6de7d20/datanode-0/data/ratis/97c80607-ef2e-456f-9849-80afd52fc61f/current/log_inprogress_0
2019-09-26 19:34:59,420 [083f4781-77b8-4075-9ff2-fe5b3cab259c@group-84137ED07D77-SegmentedRaftLogWorker] INFO  segmented.SegmentedRaftLogWorker (SegmentedRaftLogWorker.java:execute(569)) - 083f4781-77b8-4075-9ff2-fe5b3cab259c@group-84137ED07D77-SegmentedRaftLogWorker: created new log segment /workdir/hadoop-ozone/integration-test/target/test-dir/MiniOzoneClusterImpl-4433af00-9fad-440b-a2a6-00e4f6de7d20/datanode-1/data/ratis/7c65e405-ff87-4542-82e7-84137ed07d77/current/log_inprogress_0
2019-09-26 19:34:59,420 [d8375c21-18fd-4797-9ca8-e7753d52871e@group-84137ED07D77-SegmentedRaftLogWorker] INFO  segmented.SegmentedRaftLogWorker (SegmentedRaftLogWorker.java:execute(569)) - d8375c21-18fd-4797-9ca8-e7753d52871e@group-84137ED07D77-SegmentedRaftLogWorker: created new log segment /workdir/hadoop-ozone/integration-test/target/test-dir/MiniOzoneClusterImpl-4433af00-9fad-440b-a2a6-00e4f6de7d20/datanode-3/data/ratis/7c65e405-ff87-4542-82e7-84137ed07d77/current/log_inprogress_0
2019-09-26 19:34:59,420 [129507e1-6443-4048-8b61-9b25a6688b7b@group-80AFD52FC61F-SegmentedRaftLogWorker] INFO  segmented.SegmentedRaftLogWorker (SegmentedRaftLogWorker.java:execute(569)) - 129507e1-6443-4048-8b61-9b25a6688b7b@group-80AFD52FC61F-SegmentedRaftLogWorker: created new log segment /workdir/hadoop-ozone/integration-test/target/test-dir/MiniOzoneClusterImpl-4433af00-9fad-440b-a2a6-00e4f6de7d20/datanode-5/data/ratis/97c80607-ef2e-456f-9849-80afd52fc61f/current/log_inprogress_0
2019-09-26 19:35:00,357 [main] INFO  ipc.Client (Client.java:handleConnectionFailure(948)) - Retrying connect to server: localhost/127.0.0.1:0. Already tried 5 time(s); retry policy is RetryUpToMaximumCountWithFixedSleep(maxRetries=10, sleepTime=1000 MILLISECONDS)
2019-09-26 19:35:01,359 [main] INFO  ipc.Client (Client.java:handleConnectionFailure(948)) - Retrying connect to server: localhost/127.0.0.1:0. Already tried 6 time(s); retry policy is RetryUpToMaximumCountWithFixedSleep(maxRetries=10, sleepTime=1000 MILLISECONDS)
2019-09-26 19:35:02,362 [main] INFO  ipc.Client (Client.java:handleConnectionFailure(948)) - Retrying connect to server: localhost/127.0.0.1:0. Already tried 7 time(s); retry policy is RetryUpToMaximumCountWithFixedSleep(maxRetries=10, sleepTime=1000 MILLISECONDS)
2019-09-26 19:35:03,365 [main] INFO  ipc.Client (Client.java:handleConnectionFailure(948)) - Retrying connect to server: localhost/127.0.0.1:0. Already tried 8 time(s); retry policy is RetryUpToMaximumCountWithFixedSleep(maxRetries=10, sleepTime=1000 MILLISECONDS)
2019-09-26 19:35:04,366 [main] INFO  ipc.Client (Client.java:handleConnectionFailure(948)) - Retrying connect to server: localhost/127.0.0.1:0. Already tried 9 time(s); retry policy is RetryUpToMaximumCountWithFixedSleep(maxRetries=10, sleepTime=1000 MILLISECONDS)
2019-09-26 19:35:05,371 [main] INFO  ipc.Client (Client.java:handleConnectionFailure(948)) - Retrying connect to server: localhost/127.0.0.1:0. Already tried 0 time(s); retry policy is RetryUpToMaximumCountWithFixedSleep(maxRetries=10, sleepTime=1000 MILLISECONDS)
2019-09-26 19:35:06,373 [main] INFO  ipc.Client (Client.java:handleConnectionFailure(948)) - Retrying connect to server: localhost/127.0.0.1:0. Already tried 1 time(s); retry policy is RetryUpToMaximumCountWithFixedSleep(maxRetries=10, sleepTime=1000 MILLISECONDS)
2019-09-26 19:35:07,374 [main] INFO  ipc.Client (Client.java:handleConnectionFailure(948)) - Retrying connect to server: localhost/127.0.0.1:0. Already tried 2 time(s); retry policy is RetryUpToMaximumCountWithFixedSleep(maxRetries=10, sleepTime=1000 MILLISECONDS)
2019-09-26 19:35:08,375 [main] INFO  ipc.Client (Client.java:handleConnectionFailure(948)) - Retrying connect to server: localhost/127.0.0.1:0. Already tried 3 time(s); retry policy is RetryUpToMaximumCountWithFixedSleep(maxRetries=10, sleepTime=1000 MILLISECONDS)
2019-09-26 19:35:09,376 [main] INFO  ipc.Client (Client.java:handleConnectionFailure(948)) - Retrying connect to server: localhost/127.0.0.1:0. Already tried 4 time(s); retry policy is RetryUpToMaximumCountWithFixedSleep(maxRetries=10, sleepTime=1000 MILLISECONDS)
2019-09-26 19:35:10,378 [main] INFO  ipc.Client (Client.java:handleConnectionFailure(948)) - Retrying connect to server: localhost/127.0.0.1:0. Already tried 5 time(s); retry policy is RetryUpToMaximumCountWithFixedSleep(maxRetries=10, sleepTime=1000 MILLISECONDS)
2019-09-26 19:35:11,379 [main] INFO  ipc.Client (Client.java:handleConnectionFailure(948)) - Retrying connect to server: localhost/127.0.0.1:0. Already tried 6 time(s); retry policy is RetryUpToMaximumCountWithFixedSleep(maxRetries=10, sleepTime=1000 MILLISECONDS)
2019-09-26 19:35:12,380 [main] INFO  ipc.Client (Client.java:handleConnectionFailure(948)) - Retrying connect to server: localhost/127.0.0.1:0. Already tried 7 time(s); retry policy is RetryUpToMaximumCountWithFixedSleep(maxRetries=10, sleepTime=1000 MILLISECONDS)
2019-09-26 19:35:13,381 [main] INFO  ipc.Client (Client.java:handleConnectionFailure(948)) - Retrying connect to server: localhost/127.0.0.1:0. Already tried 8 time(s); retry policy is RetryUpToMaximumCountWithFixedSleep(maxRetries=10, sleepTime=1000 MILLISECONDS)
2019-09-26 19:35:14,383 [main] INFO  ipc.Client (Client.java:handleConnectionFailure(948)) - Retrying connect to server: localhost/127.0.0.1:0. Already tried 9 time(s); retry policy is RetryUpToMaximumCountWithFixedSleep(maxRetries=10, sleepTime=1000 MILLISECONDS)
2019-09-26 19:35:14,384 [main] INFO  retry.RetryInvocationHandler (RetryInvocationHandler.java:log(411)) - com.google.protobuf.ServiceException: java.net.ConnectException: Your endpoint configuration is wrong; For more details see:  http://wiki.apache.org/hadoop/UnsetHostnameOrPort, while invoking $Proxy36.submitRequest over nodeId=null,nodeAddress=127.0.0.1:0 after 1 failover attempts. Trying to failover immediately.
2019-09-26 19:35:15,385 [main] INFO  ipc.Client (Client.java:handleConnectionFailure(948)) - Retrying connect to server: localhost/127.0.0.1:0. Already tried 0 time(s); retry policy is RetryUpToMaximumCountWithFixedSleep(maxRetries=10, sleepTime=1000 MILLISECONDS)
2019-09-26 19:35:16,386 [main] INFO  ipc.Client (Client.java:handleConnectionFailure(948)) - Retrying connect to server: localhost/127.0.0.1:0. Already tried 1 time(s); retry policy is RetryUpToMaximumCountWithFixedSleep(maxRetries=10, sleepTime=1000 MILLISECONDS)
2019-09-26 19:35:17,388 [main] INFO  ipc.Client (Client.java:handleConnectionFailure(948)) - Retrying connect to server: localhost/127.0.0.1:0. Already tried 2 time(s); retry policy is RetryUpToMaximumCountWithFixedSleep(maxRetries=10, sleepTime=1000 MILLISECONDS)
2019-09-26 19:35:18,389 [main] INFO  ipc.Client (Client.java:handleConnectionFailure(948)) - Retrying connect to server: localhost/127.0.0.1:0. Already tried 3 time(s); retry policy is RetryUpToMaximumCountWithFixedSleep(maxRetries=10, sleepTime=1000 MILLISECONDS)
2019-09-26 19:35:19,390 [main] INFO  ipc.Client (Client.java:handleConnectionFailure(948)) - Retrying connect to server: localhost/127.0.0.1:0. Already tried 4 time(s); retry policy is RetryUpToMaximumCountWithFixedSleep(maxRetries=10, sleepTime=1000 MILLISECONDS)
2019-09-26 19:35:20,391 [main] INFO  ipc.Client (Client.java:handleConnectionFailure(948)) - Retrying connect to server: localhost/127.0.0.1:0. Already tried 5 time(s); retry policy is RetryUpToMaximumCountWithFixedSleep(maxRetries=10, sleepTime=1000 MILLISECONDS)
2019-09-26 19:35:21,392 [main] INFO  ipc.Client (Client.java:handleConnectionFailure(948)) - Retrying connect to server: localhost/127.0.0.1:0. Already tried 6 time(s); retry policy is RetryUpToMaximumCountWithFixedSleep(maxRetries=10, sleepTime=1000 MILLISECONDS)
2019-09-26 19:35:22,394 [main] INFO  ipc.Client (Client.java:handleConnectionFailure(948)) - Retrying connect to server: localhost/127.0.0.1:0. Already tried 7 time(s); retry policy is RetryUpToMaximumCountWithFixedSleep(maxRetries=10, sleepTime=1000 MILLISECONDS)
2019-09-26 19:35:23,395 [main] INFO  ipc.Client (Client.java:handleConnectionFailure(948)) - Retrying connect to server: localhost/127.0.0.1:0. Already tried 8 time(s); retry policy is RetryUpToMaximumCountWithFixedSleep(maxRetries=10, sleepTime=1000 MILLISECONDS)
2019-09-26 19:35:24,396 [main] INFO  ipc.Client (Client.java:handleConnectionFailure(948)) - Retrying connect to server: localhost/127.0.0.1:0. Already tried 9 time(s); retry policy is RetryUpToMaximumCountWithFixedSleep(maxRetries=10, sleepTime=1000 MILLISECONDS)
2019-09-26 19:35:24,398 [main] INFO  retry.RetryInvocationHandler (RetryInvocationHandler.java:log(411)) - com.google.protobuf.ServiceException: java.net.ConnectException: Your endpoint configuration is wrong; For more details see:  http://wiki.apache.org/hadoop/UnsetHostnameOrPort, while invoking $Proxy36.submitRequest over nodeId=null,nodeAddress=127.0.0.1:0 after 2 failover attempts. Trying to failover immediately.
2019-09-26 19:35:25,399 [main] INFO  ipc.Client (Client.java:handleConnectionFailure(948)) - Retrying connect to server: localhost/127.0.0.1:0. Already tried 0 time(s); retry policy is RetryUpToMaximumCountWithFixedSleep(maxRetries=10, sleepTime=1000 MILLISECONDS)
2019-09-26 19:35:26,400 [main] INFO  ipc.Client (Client.java:handleConnectionFailure(948)) - Retrying connect to server: localhost/127.0.0.1:0. Already tried 1 time(s); retry policy is RetryUpToMaximumCountWithFixedSleep(maxRetries=10, sleepTime=1000 MILLISECONDS)
2019-09-26 19:35:27,401 [main] INFO  ipc.Client (Client.java:handleConnectionFailure(948)) - Retrying connect to server: localhost/127.0.0.1:0. Already tried 2 time(s); retry policy is RetryUpToMaximumCountWithFixedSleep(maxRetries=10, sleepTime=1000 MILLISECONDS)
2019-09-26 19:35:28,403 [main] INFO  ipc.Client (Client.java:handleConnectionFailure(948)) - Retrying connect to server: localhost/127.0.0.1:0. Already tried 3 time(s); retry policy is RetryUpToMaximumCountWithFixedSleep(maxRetries=10, sleepTime=1000 MILLISECONDS)
2019-09-26 19:35:29,404 [main] INFO  ipc.Client (Client.java:handleConnectionFailure(948)) - Retrying connect to server: localhost/127.0.0.1:0. Already tried 4 time(s); retry policy is RetryUpToMaximumCountWithFixedSleep(maxRetries=10, sleepTime=1000 MILLISECONDS)
2019-09-26 19:35:30,405 [main] INFO  ipc.Client (Client.java:handleConnectionFailure(948)) - Retrying connect to server: localhost/127.0.0.1:0. Already tried 5 time(s); retry policy is RetryUpToMaximumCountWithFixedSleep(maxRetries=10, sleepTime=1000 MILLISECONDS)
2019-09-26 19:35:31,406 [main] INFO  ipc.Client (Client.java:handleConnectionFailure(948)) - Retrying connect to server: localhost/127.0.0.1:0. Already tried 6 time(s); retry policy is RetryUpToMaximumCountWithFixedSleep(maxRetries=10, sleepTime=1000 MILLISECONDS)
2019-09-26 19:35:32,407 [main] INFO  ipc.Client (Client.java:handleConnectionFailure(948)) - Retrying connect to server: localhost/127.0.0.1:0. Already tried 7 time(s); retry policy is RetryUpToMaximumCountWithFixedSleep(maxRetries=10, sleepTime=1000 MILLISECONDS)
2019-09-26 19:35:33,408 [main] INFO  ipc.Client (Client.java:handleConnectionFailure(948)) - Retrying connect to server: localhost/127.0.0.1:0. Already tried 8 time(s); retry policy is RetryUpToMaximumCountWithFixedSleep(maxRetries=10, sleepTime=1000 MILLISECONDS)
2019-09-26 19:35:34,409 [main] INFO  ipc.Client (Client.java:handleConnectionFailure(948)) - Retrying connect to server: localhost/127.0.0.1:0. Already tried 9 time(s); retry policy is RetryUpToMaximumCountWithFixedSleep(maxRetries=10, sleepTime=1000 MILLISECONDS)
2019-09-26 19:35:34,410 [main] INFO  retry.RetryInvocationHandler (RetryInvocationHandler.java:log(411)) - com.google.protobuf.ServiceException: java.net.ConnectException: Your endpoint configuration is wrong; For more details see:  http://wiki.apache.org/hadoop/UnsetHostnameOrPort, while invoking $Proxy36.submitRequest over nodeId=null,nodeAddress=127.0.0.1:0 after 3 failover attempts. Trying to failover immediately.
2019-09-26 19:35:35,411 [main] INFO  ipc.Client (Client.java:handleConnectionFailure(948)) - Retrying connect to server: localhost/127.0.0.1:0. Already tried 0 time(s); retry policy is RetryUpToMaximumCountWithFixedSleep(maxRetries=10, sleepTime=1000 MILLISECONDS)
2019-09-26 19:35:36,412 [main] INFO  ipc.Client (Client.java:handleConnectionFailure(948)) - Retrying connect to server: localhost/127.0.0.1:0. Already tried 1 time(s); retry policy is RetryUpToMaximumCountWithFixedSleep(maxRetries=10, sleepTime=1000 MILLISECONDS)
2019-09-26 19:35:37,414 [main] INFO  ipc.Client (Client.java:handleConnectionFailure(948)) - Retrying connect to server: localhost/127.0.0.1:0. Already tried 2 time(s); retry policy is RetryUpToMaximumCountWithFixedSleep(maxRetries=10, sleepTime=1000 MILLISECONDS)
2019-09-26 19:35:38,415 [main] INFO  ipc.Client (Client.java:handleConnectionFailure(948)) - Retrying connect to server: localhost/127.0.0.1:0. Already tried 3 time(s); retry policy is RetryUpToMaximumCountWithFixedSleep(maxRetries=10, sleepTime=1000 MILLISECONDS)
2019-09-26 19:35:39,416 [main] INFO  ipc.Client (Client.java:handleConnectionFailure(948)) - Retrying connect to server: localhost/127.0.0.1:0. Already tried 4 time(s); retry policy is RetryUpToMaximumCountWithFixedSleep(maxRetries=10, sleepTime=1000 MILLISECONDS)
2019-09-26 19:35:40,417 [main] INFO  ipc.Client (Client.java:handleConnectionFailure(948)) - Retrying connect to server: localhost/127.0.0.1:0. Already tried 5 time(s); retry policy is RetryUpToMaximumCountWithFixedSleep(maxRetries=10, sleepTime=1000 MILLISECONDS)
2019-09-26 19:35:41,419 [main] INFO  ipc.Client (Client.java:handleConnectionFailure(948)) - Retrying connect to server: localhost/127.0.0.1:0. Already tried 6 time(s); retry policy is RetryUpToMaximumCountWithFixedSleep(maxRetries=10, sleepTime=1000 MILLISECONDS)
2019-09-26 19:35:42,420 [main] INFO  ipc.Client (Client.java:handleConnectionFailure(948)) - Retrying connect to server: localhost/127.0.0.1:0. Already tried 7 time(s); retry policy is RetryUpToMaximumCountWithFixedSleep(maxRetries=10, sleepTime=1000 MILLISECONDS)
2019-09-26 19:35:43,421 [main] INFO  ipc.Client (Client.java:handleConnectionFailure(948)) - Retrying connect to server: localhost/127.0.0.1:0. Already tried 8 time(s); retry policy is RetryUpToMaximumCountWithFixedSleep(maxRetries=10, sleepTime=1000 MILLISECONDS)
2019-09-26 19:35:44,422 [main] INFO  ipc.Client (Client.java:handleConnectionFailure(948)) - Retrying connect to server: localhost/127.0.0.1:0. Already tried 9 time(s); retry policy is RetryUpToMaximumCountWithFixedSleep(maxRetries=10, sleepTime=1000 MILLISECONDS)
2019-09-26 19:35:44,424 [main] INFO  retry.RetryInvocationHandler (RetryInvocationHandler.java:log(411)) - com.google.protobuf.ServiceException: java.net.ConnectException: Your endpoint configuration is wrong; For more details see:  http://wiki.apache.org/hadoop/UnsetHostnameOrPort, while invoking $Proxy36.submitRequest over nodeId=null,nodeAddress=127.0.0.1:0 after 4 failover attempts. Trying to failover immediately.
2019-09-26 19:35:45,425 [main] INFO  ipc.Client (Client.java:handleConnectionFailure(948)) - Retrying connect to server: localhost/127.0.0.1:0. Already tried 0 time(s); retry policy is RetryUpToMaximumCountWithFixedSleep(maxRetries=10, sleepTime=1000 MILLISECONDS)
2019-09-26 19:35:46,426 [main] INFO  ipc.Client (Client.java:handleConnectionFailure(948)) - Retrying connect to server: localhost/127.0.0.1:0. Already tried 1 time(s); retry policy is RetryUpToMaximumCountWithFixedSleep(maxRetries=10, sleepTime=1000 MILLISECONDS)
2019-09-26 19:35:47,427 [main] INFO  ipc.Client (Client.java:handleConnectionFailure(948)) - Retrying connect to server: localhost/127.0.0.1:0. Already tried 2 time(s); retry policy is RetryUpToMaximumCountWithFixedSleep(maxRetries=10, sleepTime=1000 MILLISECONDS)
2019-09-26 19:35:48,428 [main] INFO  ipc.Client (Client.java:handleConnectionFailure(948)) - Retrying connect to server: localhost/127.0.0.1:0. Already tried 3 time(s); retry policy is RetryUpToMaximumCountWithFixedSleep(maxRetries=10, sleepTime=1000 MILLISECONDS)
2019-09-26 19:35:49,430 [main] INFO  ipc.Client (Client.java:handleConnectionFailure(948)) - Retrying connect to server: localhost/127.0.0.1:0. Already tried 4 time(s); retry policy is RetryUpToMaximumCountWithFixedSleep(maxRetries=10, sleepTime=1000 MILLISECONDS)
2019-09-26 19:35:50,431 [main] INFO  ipc.Client (Client.java:handleConnectionFailure(948)) - Retrying connect to server: localhost/127.0.0.1:0. Already tried 5 time(s); retry policy is RetryUpToMaximumCountWithFixedSleep(maxRetries=10, sleepTime=1000 MILLISECONDS)
2019-09-26 19:35:51,432 [main] INFO  ipc.Client (Client.java:handleConnectionFailure(948)) - Retrying connect to server: localhost/127.0.0.1:0. Already tried 6 time(s); retry policy is RetryUpToMaximumCountWithFixedSleep(maxRetries=10, sleepTime=1000 MILLISECONDS)
2019-09-26 19:35:52,433 [main] INFO  ipc.Client (Client.java:handleConnectionFailure(948)) - Retrying connect to server: localhost/127.0.0.1:0. Already tried 7 time(s); retry policy is RetryUpToMaximumCountWithFixedSleep(maxRetries=10, sleepTime=1000 MILLISECONDS)
2019-09-26 19:35:53,434 [main] INFO  ipc.Client (Client.java:handleConnectionFailure(948)) - Retrying connect to server: localhost/127.0.0.1:0. Already tried 8 time(s); retry policy is RetryUpToMaximumCountWithFixedSleep(maxRetries=10, sleepTime=1000 MILLISECONDS)
2019-09-26 19:35:54,435 [main] INFO  ipc.Client (Client.java:handleConnectionFailure(948)) - Retrying connect to server: localhost/127.0.0.1:0. Already tried 9 time(s); retry policy is RetryUpToMaximumCountWithFixedSleep(maxRetries=10, sleepTime=1000 MILLISECONDS)
2019-09-26 19:35:54,436 [main] INFO  retry.RetryInvocationHandler (RetryInvocationHandler.java:log(411)) - com.google.protobuf.ServiceException: java.net.ConnectException: Your endpoint configuration is wrong; For more details see:  http://wiki.apache.org/hadoop/UnsetHostnameOrPort, while invoking $Proxy36.submitRequest over nodeId=null,nodeAddress=127.0.0.1:0 after 5 failover attempts. Trying to failover immediately.
2019-09-26 19:35:55,438 [main] INFO  ipc.Client (Client.java:handleConnectionFailure(948)) - Retrying connect to server: localhost/127.0.0.1:0. Already tried 0 time(s); retry policy is RetryUpToMaximumCountWithFixedSleep(maxRetries=10, sleepTime=1000 MILLISECONDS)
2019-09-26 19:35:56,439 [main] INFO  ipc.Client (Client.java:handleConnectionFailure(948)) - Retrying connect to server: localhost/127.0.0.1:0. Already tried 1 time(s); retry policy is RetryUpToMaximumCountWithFixedSleep(maxRetries=10, sleepTime=1000 MILLISECONDS)
2019-09-26 19:35:57,440 [main] INFO  ipc.Client (Client.java:handleConnectionFailure(948)) - Retrying connect to server: localhost/127.0.0.1:0. Already tried 2 time(s); retry policy is RetryUpToMaximumCountWithFixedSleep(maxRetries=10, sleepTime=1000 MILLISECONDS)
2019-09-26 19:35:58,441 [main] INFO  ipc.Client (Client.java:handleConnectionFailure(948)) - Retrying connect to server: localhost/127.0.0.1:0. Already tried 3 time(s); retry policy is RetryUpToMaximumCountWithFixedSleep(maxRetries=10, sleepTime=1000 MILLISECONDS)
2019-09-26 19:35:59,442 [main] INFO  ipc.Client (Client.java:handleConnectionFailure(948)) - Retrying connect to server: localhost/127.0.0.1:0. Already tried 4 time(s); retry policy is RetryUpToMaximumCountWithFixedSleep(maxRetries=10, sleepTime=1000 MILLISECONDS)
2019-09-26 19:36:00,443 [main] INFO  ipc.Client (Client.java:handleConnectionFailure(948)) - Retrying connect to server: localhost/127.0.0.1:0. Already tried 5 time(s); retry policy is RetryUpToMaximumCountWithFixedSleep(maxRetries=10, sleepTime=1000 MILLISECONDS)
2019-09-26 19:36:01,444 [main] INFO  ipc.Client (Client.java:handleConnectionFailure(948)) - Retrying connect to server: localhost/127.0.0.1:0. Already tried 6 time(s); retry policy is RetryUpToMaximumCountWithFixedSleep(maxRetries=10, sleepTime=1000 MILLISECONDS)
2019-09-26 19:36:02,445 [main] INFO  ipc.Client (Client.java:handleConnectionFailure(948)) - Retrying connect to server: localhost/127.0.0.1:0. Already tried 7 time(s); retry policy is RetryUpToMaximumCountWithFixedSleep(maxRetries=10, sleepTime=1000 MILLISECONDS)
2019-09-26 19:36:03,446 [main] INFO  ipc.Client (Client.java:handleConnectionFailure(948)) - Retrying connect to server: localhost/127.0.0.1:0. Already tried 8 time(s); retry policy is RetryUpToMaximumCountWithFixedSleep(maxRetries=10, sleepTime=1000 MILLISECONDS)
2019-09-26 19:36:04,447 [main] INFO  ipc.Client (Client.java:handleConnectionFailure(948)) - Retrying connect to server: localhost/127.0.0.1:0. Already tried 9 time(s); retry policy is RetryUpToMaximumCountWithFixedSleep(maxRetries=10, sleepTime=1000 MILLISECONDS)
2019-09-26 19:36:04,448 [main] INFO  retry.RetryInvocationHandler (RetryInvocationHandler.java:log(411)) - com.google.protobuf.ServiceException: java.net.ConnectException: Your endpoint configuration is wrong; For more details see:  http://wiki.apache.org/hadoop/UnsetHostnameOrPort, while invoking $Proxy36.submitRequest over nodeId=null,nodeAddress=127.0.0.1:0 after 6 failover attempts. Trying to failover immediately.
2019-09-26 19:36:05,449 [main] INFO  ipc.Client (Client.java:handleConnectionFailure(948)) - Retrying connect to server: localhost/127.0.0.1:0. Already tried 0 time(s); retry policy is RetryUpToMaximumCountWithFixedSleep(maxRetries=10, sleepTime=1000 MILLISECONDS)
2019-09-26 19:36:06,451 [main] INFO  ipc.Client (Client.java:handleConnectionFailure(948)) - Retrying connect to server: localhost/127.0.0.1:0. Already tried 1 time(s); retry policy is RetryUpToMaximumCountWithFixedSleep(maxRetries=10, sleepTime=1000 MILLISECONDS)
2019-09-26 19:36:07,452 [main] INFO  ipc.Client (Client.java:handleConnectionFailure(948)) - Retrying connect to server: localhost/127.0.0.1:0. Already tried 2 time(s); retry policy is RetryUpToMaximumCountWithFixedSleep(maxRetries=10, sleepTime=1000 MILLISECONDS)
2019-09-26 19:36:08,453 [main] INFO  ipc.Client (Client.java:handleConnectionFailure(948)) - Retrying connect to server: localhost/127.0.0.1:0. Already tried 3 time(s); retry policy is RetryUpToMaximumCountWithFixedSleep(maxRetries=10, sleepTime=1000 MILLISECONDS)
2019-09-26 19:36:09,454 [main] INFO  ipc.Client (Client.java:handleConnectionFailure(948)) - Retrying connect to server: localhost/127.0.0.1:0. Already tried 4 time(s); retry policy is RetryUpToMaximumCountWithFixedSleep(maxRetries=10, sleepTime=1000 MILLISECONDS)
2019-09-26 19:36:10,454 [main] INFO  ipc.Client (Client.java:handleConnectionFailure(948)) - Retrying connect to server: localhost/127.0.0.1:0. Already tried 5 time(s); retry policy is RetryUpToMaximumCountWithFixedSleep(maxRetries=10, sleepTime=1000 MILLISECONDS)
2019-09-26 19:36:11,456 [main] INFO  ipc.Client (Client.java:handleConnectionFailure(948)) - Retrying connect to server: localhost/127.0.0.1:0. Already tried 6 time(s); retry policy is RetryUpToMaximumCountWithFixedSleep(maxRetries=10, sleepTime=1000 MILLISECONDS)
2019-09-26 19:36:12,457 [main] INFO  ipc.Client (Client.java:handleConnectionFailure(948)) - Retrying connect to server: localhost/127.0.0.1:0. Already tried 7 time(s); retry policy is RetryUpToMaximumCountWithFixedSleep(maxRetries=10, sleepTime=1000 MILLISECONDS)
2019-09-26 19:36:13,457 [main] INFO  ipc.Client (Client.java:handleConnectionFailure(948)) - Retrying connect to server: localhost/127.0.0.1:0. Already tried 8 time(s); retry policy is RetryUpToMaximumCountWithFixedSleep(maxRetries=10, sleepTime=1000 MILLISECONDS)
2019-09-26 19:36:14,458 [main] INFO  ipc.Client (Client.java:handleConnectionFailure(948)) - Retrying connect to server: localhost/127.0.0.1:0. Already tried 9 time(s); retry policy is RetryUpToMaximumCountWithFixedSleep(maxRetries=10, sleepTime=1000 MILLISECONDS)
2019-09-26 19:36:14,460 [main] INFO  retry.RetryInvocationHandler (RetryInvocationHandler.java:log(411)) - com.google.protobuf.ServiceException: java.net.ConnectException: Your endpoint configuration is wrong; For more details see:  http://wiki.apache.org/hadoop/UnsetHostnameOrPort, while invoking $Proxy36.submitRequest over nodeId=null,nodeAddress=127.0.0.1:0 after 7 failover attempts. Trying to failover immediately.
2019-09-26 19:36:15,462 [main] INFO  ipc.Client (Client.java:handleConnectionFailure(948)) - Retrying connect to server: localhost/127.0.0.1:0. Already tried 0 time(s); retry policy is RetryUpToMaximumCountWithFixedSleep(maxRetries=10, sleepTime=1000 MILLISECONDS)
2019-09-26 19:36:16,463 [main] INFO  ipc.Client (Client.java:handleConnectionFailure(948)) - Retrying connect to server: localhost/127.0.0.1:0. Already tried 1 time(s); retry policy is RetryUpToMaximumCountWithFixedSleep(maxRetries=10, sleepTime=1000 MILLISECONDS)
2019-09-26 19:36:17,464 [main] INFO  ipc.Client (Client.java:handleConnectionFailure(948)) - Retrying connect to server: localhost/127.0.0.1:0. Already tried 2 time(s); retry policy is RetryUpToMaximumCountWithFixedSleep(maxRetries=10, sleepTime=1000 MILLISECONDS)
2019-09-26 19:36:18,466 [main] INFO  ipc.Client (Client.java:handleConnectionFailure(948)) - Retrying connect to server: localhost/127.0.0.1:0. Already tried 3 time(s); retry policy is RetryUpToMaximumCountWithFixedSleep(maxRetries=10, sleepTime=1000 MILLISECONDS)
2019-09-26 19:36:19,467 [main] INFO  ipc.Client (Client.java:handleConnectionFailure(948)) - Retrying connect to server: localhost/127.0.0.1:0. Already tried 4 time(s); retry policy is RetryUpToMaximumCountWithFixedSleep(maxRetries=10, sleepTime=1000 MILLISECONDS)
2019-09-26 19:36:20,468 [main] INFO  ipc.Client (Client.java:handleConnectionFailure(948)) - Retrying connect to server: localhost/127.0.0.1:0. Already tried 5 time(s); retry policy is RetryUpToMaximumCountWithFixedSleep(maxRetries=10, sleepTime=1000 MILLISECONDS)
2019-09-26 19:36:21,469 [main] INFO  ipc.Client (Client.java:handleConnectionFailure(948)) - Retrying connect to server: localhost/127.0.0.1:0. Already tried 6 time(s); retry policy is RetryUpToMaximumCountWithFixedSleep(maxRetries=10, sleepTime=1000 MILLISECONDS)
2019-09-26 19:36:22,470 [main] INFO  ipc.Client (Client.java:handleConnectionFailure(948)) - Retrying connect to server: localhost/127.0.0.1:0. Already tried 7 time(s); retry policy is RetryUpToMaximumCountWithFixedSleep(maxRetries=10, sleepTime=1000 MILLISECONDS)
2019-09-26 19:36:23,471 [main] INFO  ipc.Client (Client.java:handleConnectionFailure(948)) - Retrying connect to server: localhost/127.0.0.1:0. Already tried 8 time(s); retry policy is RetryUpToMaximumCountWithFixedSleep(maxRetries=10, sleepTime=1000 MILLISECONDS)
2019-09-26 19:36:24,473 [main] INFO  ipc.Client (Client.java:handleConnectionFailure(948)) - Retrying connect to server: localhost/127.0.0.1:0. Already tried 9 time(s); retry policy is RetryUpToMaximumCountWithFixedSleep(maxRetries=10, sleepTime=1000 MILLISECONDS)
2019-09-26 19:36:24,474 [main] INFO  retry.RetryInvocationHandler (RetryInvocationHandler.java:log(411)) - com.google.protobuf.ServiceException: java.net.ConnectException: Your endpoint configuration is wrong; For more details see:  http://wiki.apache.org/hadoop/UnsetHostnameOrPort, while invoking $Proxy36.submitRequest over nodeId=null,nodeAddress=127.0.0.1:0 after 8 failover attempts. Trying to failover immediately.
2019-09-26 19:36:25,475 [main] INFO  ipc.Client (Client.java:handleConnectionFailure(948)) - Retrying connect to server: localhost/127.0.0.1:0. Already tried 0 time(s); retry policy is RetryUpToMaximumCountWithFixedSleep(maxRetries=10, sleepTime=1000 MILLISECONDS)
2019-09-26 19:36:26,477 [main] INFO  ipc.Client (Client.java:handleConnectionFailure(948)) - Retrying connect to server: localhost/127.0.0.1:0. Already tried 1 time(s); retry policy is RetryUpToMaximumCountWithFixedSleep(maxRetries=10, sleepTime=1000 MILLISECONDS)
2019-09-26 19:36:27,478 [main] INFO  ipc.Client (Client.java:handleConnectionFailure(948)) - Retrying connect to server: localhost/127.0.0.1:0. Already tried 2 time(s); retry policy is RetryUpToMaximumCountWithFixedSleep(maxRetries=10, sleepTime=1000 MILLISECONDS)
2019-09-26 19:36:28,479 [main] INFO  ipc.Client (Client.java:handleConnectionFailure(948)) - Retrying connect to server: localhost/127.0.0.1:0. Already tried 3 time(s); retry policy is RetryUpToMaximumCountWithFixedSleep(maxRetries=10, sleepTime=1000 MILLISECONDS)
2019-09-26 19:36:29,480 [main] INFO  ipc.Client (Client.java:handleConnectionFailure(948)) - Retrying connect to server: localhost/127.0.0.1:0. Already tried 4 time(s); retry policy is RetryUpToMaximumCountWithFixedSleep(maxRetries=10, sleepTime=1000 MILLISECONDS)
2019-09-26 19:36:30,481 [main] INFO  ipc.Client (Client.java:handleConnectionFailure(948)) - Retrying connect to server: localhost/127.0.0.1:0. Already tried 5 time(s); retry policy is RetryUpToMaximumCountWithFixedSleep(maxRetries=10, sleepTime=1000 MILLISECONDS)
2019-09-26 19:36:31,482 [main] INFO  ipc.Client (Client.java:handleConnectionFailure(948)) - Retrying connect to server: localhost/127.0.0.1:0. Already tried 6 time(s); retry policy is RetryUpToMaximumCountWithFixedSleep(maxRetries=10, sleepTime=1000 MILLISECONDS)
2019-09-26 19:36:32,484 [main] INFO  ipc.Client (Client.java:handleConnectionFailure(948)) - Retrying connect to server: localhost/127.0.0.1:0. Already tried 7 time(s); retry policy is RetryUpToMaximumCountWithFixedSleep(maxRetries=10, sleepTime=1000 MILLISECONDS)
2019-09-26 19:36:33,485 [main] INFO  ipc.Client (Client.java:handleConnectionFailure(948)) - Retrying connect to server: localhost/127.0.0.1:0. Already tried 8 time(s); retry policy is RetryUpToMaximumCountWithFixedSleep(maxRetries=10, sleepTime=1000 MILLISECONDS)
2019-09-26 19:36:34,486 [main] INFO  ipc.Client (Client.java:handleConnectionFailure(948)) - Retrying connect to server: localhost/127.0.0.1:0. Already tried 9 time(s); retry policy is RetryUpToMaximumCountWithFixedSleep(maxRetries=10, sleepTime=1000 MILLISECONDS)
2019-09-26 19:36:34,488 [main] INFO  retry.RetryInvocationHandler (RetryInvocationHandler.java:log(411)) - com.google.protobuf.ServiceException: java.net.ConnectException: Your endpoint configuration is wrong; For more details see:  http://wiki.apache.org/hadoop/UnsetHostnameOrPort, while invoking $Proxy36.submitRequest over nodeId=null,nodeAddress=127.0.0.1:0 after 9 failover attempts. Trying to failover immediately.
2019-09-26 19:36:35,489 [main] INFO  ipc.Client (Client.java:handleConnectionFailure(948)) - Retrying connect to server: localhost/127.0.0.1:0. Already tried 0 time(s); retry policy is RetryUpToMaximumCountWithFixedSleep(maxRetries=10, sleepTime=1000 MILLISECONDS)
2019-09-26 19:36:36,490 [main] INFO  ipc.Client (Client.java:handleConnectionFailure(948)) - Retrying connect to server: localhost/127.0.0.1:0. Already tried 1 time(s); retry policy is RetryUpToMaximumCountWithFixedSleep(maxRetries=10, sleepTime=1000 MILLISECONDS)
2019-09-26 19:36:37,492 [main] INFO  ipc.Client (Client.java:handleConnectionFailure(948)) - Retrying connect to server: localhost/127.0.0.1:0. Already tried 2 time(s); retry policy is RetryUpToMaximumCountWithFixedSleep(maxRetries=10, sleepTime=1000 MILLISECONDS)
2019-09-26 19:36:38,494 [main] INFO  ipc.Client (Client.java:handleConnectionFailure(948)) - Retrying connect to server: localhost/127.0.0.1:0. Already tried 3 time(s); retry policy is RetryUpToMaximumCountWithFixedSleep(maxRetries=10, sleepTime=1000 MILLISECONDS)
2019-09-26 19:36:39,495 [main] INFO  ipc.Client (Client.java:handleConnectionFailure(948)) - Retrying connect to server: localhost/127.0.0.1:0. Already tried 4 time(s); retry policy is RetryUpToMaximumCountWithFixedSleep(maxRetries=10, sleepTime=1000 MILLISECONDS)
2019-09-26 19:36:40,496 [main] INFO  ipc.Client (Client.java:handleConnectionFailure(948)) - Retrying connect to server: localhost/127.0.0.1:0. Already tried 5 time(s); retry policy is RetryUpToMaximumCountWithFixedSleep(maxRetries=10, sleepTime=1000 MILLISECONDS)
2019-09-26 19:36:41,497 [main] INFO  ipc.Client (Client.java:handleConnectionFailure(948)) - Retrying connect to server: localhost/127.0.0.1:0. Already tried 6 time(s); retry policy is RetryUpToMaximumCountWithFixedSleep(maxRetries=10, sleepTime=1000 MILLISECONDS)
2019-09-26 19:36:42,498 [main] INFO  ipc.Client (Client.java:handleConnectionFailure(948)) - Retrying connect to server: localhost/127.0.0.1:0. Already tried 7 time(s); retry policy is RetryUpToMaximumCountWithFixedSleep(maxRetries=10, sleepTime=1000 MILLISECONDS)
2019-09-26 19:36:43,499 [main] INFO  ipc.Client (Client.java:handleConnectionFailure(948)) - Retrying connect to server: localhost/127.0.0.1:0. Already tried 8 time(s); retry policy is RetryUpToMaximumCountWithFixedSleep(maxRetries=10, sleepTime=1000 MILLISECONDS)
2019-09-26 19:36:44,500 [main] INFO  ipc.Client (Client.java:handleConnectionFailure(948)) - Retrying connect to server: localhost/127.0.0.1:0. Already tried 9 time(s); retry policy is RetryUpToMaximumCountWithFixedSleep(maxRetries=10, sleepTime=1000 MILLISECONDS)
2019-09-26 19:36:44,502 [main] ERROR ha.OMFailoverProxyProvider (OzoneManagerProtocolClientSideTranslatorPB.java:getRetryAction(268)) - Failed to connect to OM. Attempted 10 retries and 10 failovers
2019-09-26 19:36:44,506 [main] ERROR client.OzoneClientFactory (OzoneClientFactory.java:getClientProtocol(259)) - Couldn't create RpcClient protocol exception: 
java.net.ConnectException: Your endpoint configuration is wrong; For more details see:  http://wiki.apache.org/hadoop/UnsetHostnameOrPort
	at sun.reflect.NativeConstructorAccessorImpl.newInstance0(Native Method)
	at sun.reflect.NativeConstructorAccessorImpl.newInstance(NativeConstructorAccessorImpl.java:62)
	at sun.reflect.DelegatingConstructorAccessorImpl.newInstance(DelegatingConstructorAccessorImpl.java:45)
	at java.lang.reflect.Constructor.newInstance(Constructor.java:423)
	at org.apache.hadoop.net.NetUtils.wrapWithMessage(NetUtils.java:831)
	at org.apache.hadoop.net.NetUtils.wrapException(NetUtils.java:751)
	at org.apache.hadoop.ipc.Client.getRpcResponse(Client.java:1515)
	at org.apache.hadoop.ipc.Client.call(Client.java:1457)
	at org.apache.hadoop.ipc.Client.call(Client.java:1367)
	at org.apache.hadoop.ipc.ProtobufRpcEngine$Invoker.invoke(ProtobufRpcEngine.java:228)
	at org.apache.hadoop.ipc.ProtobufRpcEngine$Invoker.invoke(ProtobufRpcEngine.java:116)
	at com.sun.proxy.$Proxy36.submitRequest(Unknown Source)
	at sun.reflect.NativeMethodAccessorImpl.invoke0(Native Method)
	at sun.reflect.NativeMethodAccessorImpl.invoke(NativeMethodAccessorImpl.java:62)
	at sun.reflect.DelegatingMethodAccessorImpl.invoke(DelegatingMethodAccessorImpl.java:43)
	at java.lang.reflect.Method.invoke(Method.java:498)
	at org.apache.hadoop.io.retry.RetryInvocationHandler.invokeMethod(RetryInvocationHandler.java:422)
	at org.apache.hadoop.io.retry.RetryInvocationHandler$Call.invokeMethod(RetryInvocationHandler.java:165)
	at org.apache.hadoop.io.retry.RetryInvocationHandler$Call.invoke(RetryInvocationHandler.java:157)
	at org.apache.hadoop.io.retry.RetryInvocationHandler$Call.invokeOnce(RetryInvocationHandler.java:95)
	at org.apache.hadoop.io.retry.RetryInvocationHandler.invoke(RetryInvocationHandler.java:359)
	at com.sun.proxy.$Proxy36.submitRequest(Unknown Source)
	at org.apache.hadoop.ozone.om.protocolPB.OzoneManagerProtocolClientSideTranslatorPB.submitRequest(OzoneManagerProtocolClientSideTranslatorPB.java:338)
	at org.apache.hadoop.ozone.om.protocolPB.OzoneManagerProtocolClientSideTranslatorPB.getServiceInfo(OzoneManagerProtocolClientSideTranslatorPB.java:1223)
	at sun.reflect.NativeMethodAccessorImpl.invoke0(Native Method)
	at sun.reflect.NativeMethodAccessorImpl.invoke(NativeMethodAccessorImpl.java:62)
	at sun.reflect.DelegatingMethodAccessorImpl.invoke(DelegatingMethodAccessorImpl.java:43)
	at java.lang.reflect.Method.invoke(Method.java:498)
	at org.apache.hadoop.hdds.tracing.TraceAllMethod.invoke(TraceAllMethod.java:66)
	at com.sun.proxy.$Proxy37.getServiceInfo(Unknown Source)
	at org.apache.hadoop.ozone.client.rpc.RpcClient.<init>(RpcClient.java:154)
	at org.apache.hadoop.ozone.client.OzoneClientFactory.getClientProtocol(OzoneClientFactory.java:256)
	at org.apache.hadoop.ozone.client.OzoneClientFactory.getClientProtocol(OzoneClientFactory.java:239)
	at org.apache.hadoop.ozone.client.OzoneClientFactory.getClient(OzoneClientFactory.java:75)
	at org.apache.hadoop.ozone.client.rpc.TestCommitWatcher.init(TestCommitWatcher.java:107)
	at sun.reflect.NativeMethodAccessorImpl.invoke0(Native Method)
	at sun.reflect.NativeMethodAccessorImpl.invoke(NativeMethodAccessorImpl.java:62)
	at sun.reflect.DelegatingMethodAccessorImpl.invoke(DelegatingMethodAccessorImpl.java:43)
	at java.lang.reflect.Method.invoke(Method.java:498)
	at org.junit.runners.model.FrameworkMethod$1.runReflectiveCall(FrameworkMethod.java:47)
	at org.junit.internal.runners.model.ReflectiveCallable.run(ReflectiveCallable.java:12)
	at org.junit.runners.model.FrameworkMethod.invokeExplosively(FrameworkMethod.java:44)
	at org.junit.internal.runners.statements.RunBefores.evaluate(RunBefores.java:24)
	at org.junit.internal.runners.statements.RunAfters.evaluate(RunAfters.java:27)
	at org.junit.runners.ParentRunner.run(ParentRunner.java:309)
	at org.apache.maven.surefire.junit4.JUnit4Provider.execute(JUnit4Provider.java:365)
	at org.apache.maven.surefire.junit4.JUnit4Provider.executeWithRerun(JUnit4Provider.java:273)
	at org.apache.maven.surefire.junit4.JUnit4Provider.executeTestSet(JUnit4Provider.java:238)
	at org.apache.maven.surefire.junit4.JUnit4Provider.invoke(JUnit4Provider.java:159)
	at org.apache.maven.surefire.booter.ForkedBooter.invokeProviderInSameClassLoader(ForkedBooter.java:384)
	at org.apache.maven.surefire.booter.ForkedBooter.runSuitesInProcess(ForkedBooter.java:345)
	at org.apache.maven.surefire.booter.ForkedBooter.execute(ForkedBooter.java:126)
	at org.apache.maven.surefire.booter.ForkedBooter.main(ForkedBooter.java:418)
Caused by: java.net.ConnectException: Connection refused
	at sun.nio.ch.SocketChannelImpl.checkConnect(Native Method)
	at sun.nio.ch.SocketChannelImpl.finishConnect(SocketChannelImpl.java:717)
	at org.apache.hadoop.net.SocketIOWithTimeout.connect(SocketIOWithTimeout.java:206)
	at org.apache.hadoop.net.NetUtils.connect(NetUtils.java:531)
	at org.apache.hadoop.ipc.Client$Connection.setupConnection(Client.java:690)
	at org.apache.hadoop.ipc.Client$Connection.setupIOstreams(Client.java:794)
	at org.apache.hadoop.ipc.Client$Connection.access$3700(Client.java:411)
	at org.apache.hadoop.ipc.Client.getConnection(Client.java:1572)
	at org.apache.hadoop.ipc.Client.call(Client.java:1403)
	... 45 more
2019-09-26 19:36:44,510 [main] INFO  ozone.MiniOzoneClusterImpl (MiniOzoneClusterImpl.java:shutdown(314)) - Shutting down the Mini Ozone Cluster
2019-09-26 19:36:44,510 [main] INFO  ozone.MiniOzoneClusterImpl (MiniOzoneClusterImpl.java:stop(330)) - Stopping the Mini Ozone Cluster
2019-09-26 19:36:44,510 [main] INFO  ozone.MiniOzoneClusterImpl (MiniOzoneClusterImpl.java:stopOM(400)) - Stopping the OzoneManager
2019-09-26 19:36:44,511 [main] INFO  ipc.Server (Server.java:stop(3082)) - Stopping server on 45123
2019-09-26 19:36:44,535 [IPC Server listener on 45123] INFO  ipc.Server (Server.java:run(1185)) - Stopping IPC Server listener on 45123
2019-09-26 19:36:44,536 [main] INFO  ratis.OzoneManagerDoubleBuffer (OzoneManagerDoubleBuffer.java:stop(248)) - Stopping OMDoubleBuffer flush thread
2019-09-26 19:36:44,538 [IPC Server Responder] INFO  ipc.Server (Server.java:run(1319)) - Stopping IPC Server Responder
2019-09-26 19:36:44,539 [OMDoubleBufferFlushThread] INFO  ratis.OzoneManagerDoubleBuffer (OzoneManagerDoubleBuffer.java:flushTransactions(191)) - OMDoubleBuffer flush thread OMDoubleBufferFlushThread is interrupted and will exit. OMDoubleBufferFlushThread
2019-09-26 19:36:44,542 [main] INFO  utils.BackgroundService (BackgroundService.java:shutdown(148)) - Shutting down service KeyDeletingService
2019-09-26 19:36:44,546 [main] INFO  handler.ContextHandler (ContextHandler.java:doStop(910)) - Stopped o.e.j.w.WebAppContext@5eb97ced{/,null,UNAVAILABLE}{/ozoneManager}
2019-09-26 19:36:44,552 [main] INFO  server.AbstractConnector (AbstractConnector.java:doStop(318)) - Stopped ServerConnector@68ba310d{HTTP/1.1,[http/1.1]}{0.0.0.0:0}
2019-09-26 19:36:44,553 [main] INFO  handler.ContextHandler (ContextHandler.java:doStop(910)) - Stopped o.e.j.s.ServletContextHandler@444548a0{/static,file:///workdir/hadoop-ozone/integration-test/target/test-classes/webapps/static,UNAVAILABLE}
2019-09-26 19:36:44,553 [main] INFO  handler.ContextHandler (ContextHandler.java:doStop(910)) - Stopped o.e.j.s.ServletContextHandler@26dcd8c0{/logs,file:///workdir/hadoop-ozone/integration-test/target/log,UNAVAILABLE}
2019-09-26 19:36:44,558 [main] INFO  ozone.MiniOzoneClusterImpl (MiniOzoneClusterImpl.java:stopDatanodes(377)) - Stopping the HddsDatanodes
2019-09-26 19:36:44,699 [Datanode State Machine Thread - 0] INFO  statemachine.DatanodeStateMachine (DatanodeStateMachine.java:lambda$startDaemon$0(350)) - Ozone container server started.
2019-09-26 19:36:45,026 [Datanode State Machine Thread - 0] INFO  statemachine.DatanodeStateMachine (DatanodeStateMachine.java:lambda$startDaemon$0(350)) - Ozone container server started.
2019-09-26 19:36:46,739 [EventQueue-StaleNodeForStaleNodeHandler] INFO  node.StaleNodeHandler (StaleNodeHandler.java:onMessage(58)) - Datanode 083f4781-77b8-4075-9ff2-fe5b3cab259c{ip: 192.168.151.109, host: pr-hdds-2162-kpcbn-4093309294, networkLocation: /default-rack, certSerialId: null} moved to stale state. Finalizing its pipelines [PipelineID=090278ec-66c0-49b9-a3fd-610e460e0e2c, PipelineID=7c65e405-ff87-4542-82e7-84137ed07d77]
2019-09-26 19:36:46,740 [EventQueue-StaleNodeForStaleNodeHandler] INFO  pipeline.SCMPipelineManager (SCMPipelineManager.java:finalizeAndDestroyPipeline(315)) - destroying pipeline:Pipeline[ Id: 090278ec-66c0-49b9-a3fd-610e460e0e2c, Nodes: 083f4781-77b8-4075-9ff2-fe5b3cab259c{ip: 192.168.151.109, host: pr-hdds-2162-kpcbn-4093309294, networkLocation: /default-rack, certSerialId: null}, Type:RATIS, Factor:ONE, State:OPEN]
2019-09-26 19:36:46,744 [EventQueue-StaleNodeForStaleNodeHandler] INFO  pipeline.PipelineStateManager (PipelineStateManager.java:finalizePipeline(123)) - Pipeline Pipeline[ Id: 090278ec-66c0-49b9-a3fd-610e460e0e2c, Nodes: 083f4781-77b8-4075-9ff2-fe5b3cab259c{ip: 192.168.151.109, host: pr-hdds-2162-kpcbn-4093309294, networkLocation: /default-rack, certSerialId: null}, Type:RATIS, Factor:ONE, State:CLOSED] moved to CLOSED state
2019-09-26 19:36:46,746 [EventQueue-StaleNodeForStaleNodeHandler] INFO  pipeline.SCMPipelineManager (SCMPipelineManager.java:finalizeAndDestroyPipeline(315)) - destroying pipeline:Pipeline[ Id: 7c65e405-ff87-4542-82e7-84137ed07d77, Nodes: 083f4781-77b8-4075-9ff2-fe5b3cab259c{ip: 192.168.151.109, host: pr-hdds-2162-kpcbn-4093309294, networkLocation: /default-rack, certSerialId: null}d8375c21-18fd-4797-9ca8-e7753d52871e{ip: 192.168.151.109, host: pr-hdds-2162-kpcbn-4093309294, networkLocation: /default-rack, certSerialId: null}019e0474-f11b-4d9b-b1d9-dfb81ad19a47{ip: 192.168.151.109, host: pr-hdds-2162-kpcbn-4093309294, networkLocation: /default-rack, certSerialId: null}, Type:RATIS, Factor:THREE, State:OPEN]
2019-09-26 19:36:46,746 [EventQueue-StaleNodeForStaleNodeHandler] INFO  pipeline.PipelineStateManager (PipelineStateManager.java:finalizePipeline(123)) - Pipeline Pipeline[ Id: 7c65e405-ff87-4542-82e7-84137ed07d77, Nodes: 083f4781-77b8-4075-9ff2-fe5b3cab259c{ip: 192.168.151.109, host: pr-hdds-2162-kpcbn-4093309294, networkLocation: /default-rack, certSerialId: null}d8375c21-18fd-4797-9ca8-e7753d52871e{ip: 192.168.151.109, host: pr-hdds-2162-kpcbn-4093309294, networkLocation: /default-rack, certSerialId: null}019e0474-f11b-4d9b-b1d9-dfb81ad19a47{ip: 192.168.151.109, host: pr-hdds-2162-kpcbn-4093309294, networkLocation: /default-rack, certSerialId: null}, Type:RATIS, Factor:THREE, State:CLOSED] moved to CLOSED state
2019-09-26 19:36:47,040 [EventQueue-StaleNodeForStaleNodeHandler] INFO  node.StaleNodeHandler (StaleNodeHandler.java:onMessage(58)) - Datanode caa57342-6217-4fff-b429-c8cc52109755{ip: 192.168.151.109, host: pr-hdds-2162-kpcbn-4093309294, networkLocation: /default-rack, certSerialId: null} moved to stale state. Finalizing its pipelines [PipelineID=d1a9ec22-696b-459e-9020-51a75948d1f1]
2019-09-26 19:36:47,040 [EventQueue-StaleNodeForStaleNodeHandler] INFO  pipeline.SCMPipelineManager (SCMPipelineManager.java:finalizeAndDestroyPipeline(315)) - destroying pipeline:Pipeline[ Id: d1a9ec22-696b-459e-9020-51a75948d1f1, Nodes: caa57342-6217-4fff-b429-c8cc52109755{ip: 192.168.151.109, host: pr-hdds-2162-kpcbn-4093309294, networkLocation: /default-rack, certSerialId: null}, Type:RATIS, Factor:ONE, State:OPEN]
2019-09-26 19:36:47,040 [EventQueue-StaleNodeForStaleNodeHandler] INFO  pipeline.PipelineStateManager (PipelineStateManager.java:finalizePipeline(123)) - Pipeline Pipeline[ Id: d1a9ec22-696b-459e-9020-51a75948d1f1, Nodes: caa57342-6217-4fff-b429-c8cc52109755{ip: 192.168.151.109, host: pr-hdds-2162-kpcbn-4093309294, networkLocation: /default-rack, certSerialId: null}, Type:RATIS, Factor:ONE, State:CLOSED] moved to CLOSED state
2019-09-26 19:36:49,560 [ForkJoinPool.commonPool-worker-0] INFO  ozoneimpl.OzoneContainer (OzoneContainer.java:stop(231)) - Attempting to stop container services.
2019-09-26 19:36:49,560 [main] INFO  ozoneimpl.OzoneContainer (OzoneContainer.java:stop(231)) - Attempting to stop container services.
2019-09-26 19:36:49,563 [ForkJoinPool.commonPool-worker-0] INFO  impl.RaftServerProxy (RaftServerProxy.java:lambda$close$4(314)) - 083f4781-77b8-4075-9ff2-fe5b3cab259c: close
2019-09-26 19:36:49,564 [main] INFO  impl.RaftServerProxy (RaftServerProxy.java:lambda$close$4(314)) - caa57342-6217-4fff-b429-c8cc52109755: close
2019-09-26 19:36:49,566 [main] INFO  impl.RaftServerImpl (RaftServerImpl.java:lambda$shutdown$3(251)) - caa57342-6217-4fff-b429-c8cc52109755@group-51A75948D1F1: shutdown
2019-09-26 19:36:49,566 [ForkJoinPool.commonPool-worker-0] INFO  impl.RaftServerImpl (RaftServerImpl.java:lambda$shutdown$3(251)) - 083f4781-77b8-4075-9ff2-fe5b3cab259c@group-610E460E0E2C: shutdown
2019-09-26 19:36:49,566 [main] INFO  util.JmxRegister (JmxRegister.java:unregister(73)) - Successfully un-registered JMX Bean with object name Ratis:service=RaftServer,group=group-51A75948D1F1,id=caa57342-6217-4fff-b429-c8cc52109755
2019-09-26 19:36:49,567 [ForkJoinPool.commonPool-worker-0] INFO  util.JmxRegister (JmxRegister.java:unregister(73)) - Successfully un-registered JMX Bean with object name Ratis:service=RaftServer,group=group-610E460E0E2C,id=083f4781-77b8-4075-9ff2-fe5b3cab259c
2019-09-26 19:36:49,567 [main] INFO  impl.RoleInfo (RoleInfo.java:shutdownLeaderState(104)) - caa57342-6217-4fff-b429-c8cc52109755: shutdown LeaderState
2019-09-26 19:36:49,567 [ForkJoinPool.commonPool-worker-0] INFO  impl.RoleInfo (RoleInfo.java:shutdownLeaderState(104)) - 083f4781-77b8-4075-9ff2-fe5b3cab259c: shutdown LeaderState
2019-09-26 19:36:49,568 [ForkJoinPool.commonPool-worker-0] INFO  impl.PendingRequests (PendingRequests.java:sendNotLeaderResponses(202)) - 083f4781-77b8-4075-9ff2-fe5b3cab259c-PendingRequests: sendNotLeaderResponses
2019-09-26 19:36:49,568 [main] INFO  impl.PendingRequests (PendingRequests.java:sendNotLeaderResponses(202)) - caa57342-6217-4fff-b429-c8cc52109755-PendingRequests: sendNotLeaderResponses
2019-09-26 19:36:49,571 [main] INFO  impl.StateMachineUpdater (StateMachineUpdater.java:stopAndJoin(125)) - caa57342-6217-4fff-b429-c8cc52109755@group-51A75948D1F1-StateMachineUpdater: set stopIndex = 0
2019-09-26 19:36:49,571 [ForkJoinPool.commonPool-worker-0] INFO  impl.StateMachineUpdater (StateMachineUpdater.java:stopAndJoin(125)) - 083f4781-77b8-4075-9ff2-fe5b3cab259c@group-610E460E0E2C-StateMachineUpdater: set stopIndex = 0
2019-09-26 19:36:49,576 [ForkJoinPool.commonPool-worker-0] INFO  impl.RaftServerImpl (ServerState.java:close(385)) - 083f4781-77b8-4075-9ff2-fe5b3cab259c@group-610E460E0E2C: closes. applyIndex: 0
2019-09-26 19:36:49,576 [main] INFO  impl.RaftServerImpl (ServerState.java:close(385)) - caa57342-6217-4fff-b429-c8cc52109755@group-51A75948D1F1: closes. applyIndex: 0
2019-09-26 19:36:49,578 [083f4781-77b8-4075-9ff2-fe5b3cab259c@group-610E460E0E2C-SegmentedRaftLogWorker] INFO  segmented.SegmentedRaftLogWorker (SegmentedRaftLogWorker.java:run(313)) - 083f4781-77b8-4075-9ff2-fe5b3cab259c@group-610E460E0E2C-SegmentedRaftLogWorker was interrupted, exiting. There are 0 tasks remaining in the queue.
2019-09-26 19:36:49,579 [caa57342-6217-4fff-b429-c8cc52109755@group-51A75948D1F1-SegmentedRaftLogWorker] INFO  segmented.SegmentedRaftLogWorker (SegmentedRaftLogWorker.java:run(313)) - caa57342-6217-4fff-b429-c8cc52109755@group-51A75948D1F1-SegmentedRaftLogWorker was interrupted, exiting. There are 0 tasks remaining in the queue.
2019-09-26 19:36:49,581 [main] INFO  segmented.SegmentedRaftLogWorker (SegmentedRaftLogWorker.java:close(228)) - caa57342-6217-4fff-b429-c8cc52109755@group-51A75948D1F1-SegmentedRaftLogWorker close()
2019-09-26 19:36:49,581 [ForkJoinPool.commonPool-worker-0] INFO  segmented.SegmentedRaftLogWorker (SegmentedRaftLogWorker.java:close(228)) - 083f4781-77b8-4075-9ff2-fe5b3cab259c@group-610E460E0E2C-SegmentedRaftLogWorker close()
2019-09-26 19:36:49,586 [ForkJoinPool.commonPool-worker-0] INFO  impl.RaftServerImpl (RaftServerImpl.java:lambda$shutdown$3(251)) - 083f4781-77b8-4075-9ff2-fe5b3cab259c@group-84137ED07D77: shutdown
2019-09-26 19:36:49,587 [ForkJoinPool.commonPool-worker-0] INFO  util.JmxRegister (JmxRegister.java:unregister(73)) - Successfully un-registered JMX Bean with object name Ratis:service=RaftServer,group=group-84137ED07D77,id=083f4781-77b8-4075-9ff2-fe5b3cab259c
2019-09-26 19:36:49,587 [main] INFO  server.GrpcService (GrpcService.java:closeImpl(164)) - caa57342-6217-4fff-b429-c8cc52109755: shutdown server with port 38703 now
2019-09-26 19:36:49,587 [ForkJoinPool.commonPool-worker-0] INFO  impl.RoleInfo (RoleInfo.java:shutdownFollowerState(121)) - 083f4781-77b8-4075-9ff2-fe5b3cab259c: shutdown FollowerState
2019-09-26 19:36:49,588 [ForkJoinPool.commonPool-worker-0] INFO  impl.StateMachineUpdater (StateMachineUpdater.java:stopAndJoin(125)) - 083f4781-77b8-4075-9ff2-fe5b3cab259c@group-84137ED07D77-StateMachineUpdater: set stopIndex = 0
2019-09-26 19:36:49,588 [Thread-307] INFO  impl.FollowerState (FollowerState.java:run(115)) - 083f4781-77b8-4075-9ff2-fe5b3cab259c: FollowerState was interrupted: java.lang.InterruptedException: sleep interrupted
2019-09-26 19:36:49,589 [ForkJoinPool.commonPool-worker-0] INFO  impl.RaftServerImpl (ServerState.java:close(385)) - 083f4781-77b8-4075-9ff2-fe5b3cab259c@group-84137ED07D77: closes. applyIndex: 0
2019-09-26 19:36:49,591 [083f4781-77b8-4075-9ff2-fe5b3cab259c@group-84137ED07D77-SegmentedRaftLogWorker] INFO  segmented.SegmentedRaftLogWorker (SegmentedRaftLogWorker.java:run(313)) - 083f4781-77b8-4075-9ff2-fe5b3cab259c@group-84137ED07D77-SegmentedRaftLogWorker was interrupted, exiting. There are 0 tasks remaining in the queue.
2019-09-26 19:36:49,594 [ForkJoinPool.commonPool-worker-0] INFO  segmented.SegmentedRaftLogWorker (SegmentedRaftLogWorker.java:close(228)) - 083f4781-77b8-4075-9ff2-fe5b3cab259c@group-84137ED07D77-SegmentedRaftLogWorker close()
2019-09-26 19:36:49,598 [ForkJoinPool.commonPool-worker-0] INFO  server.GrpcService (GrpcService.java:closeImpl(164)) - 083f4781-77b8-4075-9ff2-fe5b3cab259c: shutdown server with port 33483 now
2019-09-26 19:36:49,598 [main] INFO  server.GrpcService (GrpcService.java:closeImpl(172)) - caa57342-6217-4fff-b429-c8cc52109755: shutdown server with port 38703 successfully
2019-09-26 19:36:49,607 [ForkJoinPool.commonPool-worker-0] INFO  server.GrpcService (GrpcService.java:closeImpl(172)) - 083f4781-77b8-4075-9ff2-fe5b3cab259c: shutdown server with port 33483 successfully
2019-09-26 19:36:49,608 [grpc-default-executor-1] WARN  server.GrpcServerProtocolService (LogUtils.java:warn(134)) - 083f4781-77b8-4075-9ff2-fe5b3cab259c: installSnapshot onError, lastRequest: 019e0474-f11b-4d9b-b1d9-dfb81ad19a47->083f4781-77b8-4075-9ff2-fe5b3cab259c#44-t1, previous=(t:1, i:0), leaderCommit=0, initializing? false, entries: <empty>: org.apache.ratis.thirdparty.io.grpc.StatusRuntimeException: CANCELLED: cancelled before receiving half close
2019-09-26 19:36:49,608 [refreshUsed-/workdir/hadoop-ozone/integration-test/target/test-dir/MiniOzoneClusterImpl-4433af00-9fad-440b-a2a6-00e4f6de7d20/datanode-4/data/containers] WARN  fs.CachingGetSpaceUsed (CachingGetSpaceUsed.java:run(183)) - Thread Interrupted waiting to refresh disk information: sleep interrupted
2019-09-26 19:36:49,612 [grpc-default-executor-3] WARN  server.GrpcLogAppender (LogUtils.java:warn(134)) - 019e0474-f11b-4d9b-b1d9-dfb81ad19a47@group-84137ED07D77->083f4781-77b8-4075-9ff2-fe5b3cab259c-AppendLogResponseHandler: Failed appendEntries: org.apache.ratis.thirdparty.io.grpc.StatusRuntimeException: CANCELLED: HTTP/2 error code: CANCEL
Received Rst Stream
2019-09-26 19:36:49,614 [grpc-default-executor-3] INFO  impl.FollowerInfo (FollowerInfo.java:lambda$new$0(51)) - 019e0474-f11b-4d9b-b1d9-dfb81ad19a47@group-84137ED07D77->083f4781-77b8-4075-9ff2-fe5b3cab259c: nextIndex: updateUnconditionally 1 -> 0
2019-09-26 19:36:49,619 [refreshUsed-/workdir/hadoop-ozone/integration-test/target/test-dir/MiniOzoneClusterImpl-4433af00-9fad-440b-a2a6-00e4f6de7d20/datanode-1/data/containers] WARN  fs.CachingGetSpaceUsed (CachingGetSpaceUsed.java:run(183)) - Thread Interrupted waiting to refresh disk information: sleep interrupted
2019-09-26 19:36:50,022 [grpc-default-executor-0] WARN  server.GrpcLogAppender (LogUtils.java:warn(134)) - 019e0474-f11b-4d9b-b1d9-dfb81ad19a47@group-84137ED07D77->083f4781-77b8-4075-9ff2-fe5b3cab259c-AppendLogResponseHandler: Failed appendEntries: org.apache.ratis.thirdparty.io.grpc.StatusRuntimeException: UNAVAILABLE: io exception
2019-09-26 19:36:50,026 [grpc-default-executor-0] INFO  impl.FollowerInfo (FollowerInfo.java:lambda$new$0(51)) - 019e0474-f11b-4d9b-b1d9-dfb81ad19a47@group-84137ED07D77->083f4781-77b8-4075-9ff2-fe5b3cab259c: nextIndex: updateUnconditionally 0 -> 0
2019-09-26 19:36:50,028 [main] INFO  utils.BackgroundService (BackgroundService.java:shutdown(148)) - Shutting down service BlockDeletingService
2019-09-26 19:36:50,032 [main] INFO  statemachine.DatanodeStateMachine (DatanodeStateMachine.java:stopDaemon(395)) - Ozone container server stopped.
2019-09-26 19:36:50,033 [main] INFO  handler.ContextHandler (ContextHandler.java:doStop(910)) - Stopped o.e.j.w.WebAppContext@56637cff{/,null,UNAVAILABLE}{/hddsDatanode}
2019-09-26 19:36:50,035 [ForkJoinPool.commonPool-worker-0] INFO  utils.BackgroundService (BackgroundService.java:shutdown(148)) - Shutting down service BlockDeletingService
2019-09-26 19:36:50,036 [main] INFO  server.AbstractConnector (AbstractConnector.java:doStop(318)) - Stopped ServerConnector@2938127d{HTTP/1.1,[http/1.1]}{0.0.0.0:0}
2019-09-26 19:36:50,040 [ForkJoinPool.commonPool-worker-0] INFO  statemachine.DatanodeStateMachine (DatanodeStateMachine.java:stopDaemon(395)) - Ozone container server stopped.
2019-09-26 19:36:50,040 [main] INFO  handler.ContextHandler (ContextHandler.java:doStop(910)) - Stopped o.e.j.s.ServletContextHandler@60c8a093{/static,jar:file:/home/user/.m2/repository/org/apache/hadoop/hadoop-hdds-container-service/0.5.0-SNAPSHOT/hadoop-hdds-container-service-0.5.0-SNAPSHOT.jar!/webapps/static,UNAVAILABLE}
2019-09-26 19:36:50,043 [main] INFO  handler.ContextHandler (ContextHandler.java:doStop(910)) - Stopped o.e.j.s.ServletContextHandler@20b9d5d5{/logs,file:///workdir/hadoop-ozone/integration-test/target/log,UNAVAILABLE}
2019-09-26 19:36:50,045 [ForkJoinPool.commonPool-worker-0] INFO  handler.ContextHandler (ContextHandler.java:doStop(910)) - Stopped o.e.j.w.WebAppContext@2924f1d8{/,null,UNAVAILABLE}{/hddsDatanode}
2019-09-26 19:36:50,046 [ForkJoinPool.commonPool-worker-0] INFO  server.AbstractConnector (AbstractConnector.java:doStop(318)) - Stopped ServerConnector@524a076e{HTTP/1.1,[http/1.1]}{0.0.0.0:0}
2019-09-26 19:36:50,048 [ForkJoinPool.commonPool-worker-0] INFO  handler.ContextHandler (ContextHandler.java:doStop(910)) - Stopped o.e.j.s.ServletContextHandler@5679e96b{/static,jar:file:/home/user/.m2/repository/org/apache/hadoop/hadoop-hdds-container-service/0.5.0-SNAPSHOT/hadoop-hdds-container-service-0.5.0-SNAPSHOT.jar!/webapps/static,UNAVAILABLE}
2019-09-26 19:36:50,049 [ForkJoinPool.commonPool-worker-0] INFO  handler.ContextHandler (ContextHandler.java:doStop(910)) - Stopped o.e.j.s.ServletContextHandler@59dc36d4{/logs,file:///workdir/hadoop-ozone/integration-test/target/log,UNAVAILABLE}
2019-09-26 19:36:51,000 [Datanode State Machine Thread - 0] INFO  statemachine.DatanodeStateMachine (DatanodeStateMachine.java:lambda$startDaemon$0(350)) - Ozone container server started.
2019-09-26 19:36:51,001 [Datanode State Machine Thread - 0] INFO  statemachine.DatanodeStateMachine (DatanodeStateMachine.java:lambda$startDaemon$0(350)) - Ozone container server started.
2019-09-26 19:36:52,133 [grpc-default-executor-2] WARN  server.GrpcLogAppender (LogUtils.java:warn(134)) - 019e0474-f11b-4d9b-b1d9-dfb81ad19a47@group-84137ED07D77->083f4781-77b8-4075-9ff2-fe5b3cab259c-AppendLogResponseHandler: Failed appendEntries: org.apache.ratis.thirdparty.io.grpc.StatusRuntimeException: UNAVAILABLE: io exception
2019-09-26 19:36:52,135 [grpc-default-executor-2] INFO  impl.FollowerInfo (FollowerInfo.java:lambda$new$0(51)) - 019e0474-f11b-4d9b-b1d9-dfb81ad19a47@group-84137ED07D77->083f4781-77b8-4075-9ff2-fe5b3cab259c: nextIndex: updateUnconditionally 0 -> 0
2019-09-26 19:36:53,109 [EventQueue-StaleNodeForStaleNodeHandler] INFO  node.StaleNodeHandler (StaleNodeHandler.java:onMessage(58)) - Datanode c0ff19f7-d82e-4304-a9a9-085bd668c982{ip: 192.168.151.109, host: pr-hdds-2162-kpcbn-4093309294, networkLocation: /default-rack, certSerialId: null} moved to stale state. Finalizing its pipelines [PipelineID=97c80607-ef2e-456f-9849-80afd52fc61f, PipelineID=cbbb1ed1-3bda-4c10-9082-f8137116144c]
2019-09-26 19:36:53,110 [EventQueue-StaleNodeForStaleNodeHandler] INFO  pipeline.SCMPipelineManager (SCMPipelineManager.java:finalizeAndDestroyPipeline(315)) - destroying pipeline:Pipeline[ Id: 97c80607-ef2e-456f-9849-80afd52fc61f, Nodes: 09429691-744f-4861-b11b-9ae7681d4ceb{ip: 192.168.151.109, host: pr-hdds-2162-kpcbn-4093309294, networkLocation: /default-rack, certSerialId: null}129507e1-6443-4048-8b61-9b25a6688b7b{ip: 192.168.151.109, host: pr-hdds-2162-kpcbn-4093309294, networkLocation: /default-rack, certSerialId: null}c0ff19f7-d82e-4304-a9a9-085bd668c982{ip: 192.168.151.109, host: pr-hdds-2162-kpcbn-4093309294, networkLocation: /default-rack, certSerialId: null}, Type:RATIS, Factor:THREE, State:OPEN]
2019-09-26 19:36:53,110 [EventQueue-StaleNodeForStaleNodeHandler] INFO  pipeline.PipelineStateManager (PipelineStateManager.java:finalizePipeline(123)) - Pipeline Pipeline[ Id: 97c80607-ef2e-456f-9849-80afd52fc61f, Nodes: 09429691-744f-4861-b11b-9ae7681d4ceb{ip: 192.168.151.109, host: pr-hdds-2162-kpcbn-4093309294, networkLocation: /default-rack, certSerialId: null}129507e1-6443-4048-8b61-9b25a6688b7b{ip: 192.168.151.109, host: pr-hdds-2162-kpcbn-4093309294, networkLocation: /default-rack, certSerialId: null}c0ff19f7-d82e-4304-a9a9-085bd668c982{ip: 192.168.151.109, host: pr-hdds-2162-kpcbn-4093309294, networkLocation: /default-rack, certSerialId: null}, Type:RATIS, Factor:THREE, State:CLOSED] moved to CLOSED state
2019-09-26 19:36:53,110 [EventQueue-StaleNodeForStaleNodeHandler] INFO  pipeline.SCMPipelineManager (SCMPipelineManager.java:finalizeAndDestroyPipeline(315)) - destroying pipeline:Pipeline[ Id: cbbb1ed1-3bda-4c10-9082-f8137116144c, Nodes: c0ff19f7-d82e-4304-a9a9-085bd668c982{ip: 192.168.151.109, host: pr-hdds-2162-kpcbn-4093309294, networkLocation: /default-rack, certSerialId: null}, Type:RATIS, Factor:ONE, State:OPEN]
2019-09-26 19:36:53,110 [EventQueue-StaleNodeForStaleNodeHandler] INFO  pipeline.PipelineStateManager (PipelineStateManager.java:finalizePipeline(123)) - Pipeline Pipeline[ Id: cbbb1ed1-3bda-4c10-9082-f8137116144c, Nodes: c0ff19f7-d82e-4304-a9a9-085bd668c982{ip: 192.168.151.109, host: pr-hdds-2162-kpcbn-4093309294, networkLocation: /default-rack, certSerialId: null}, Type:RATIS, Factor:ONE, State:CLOSED] moved to CLOSED state
2019-09-26 19:36:53,110 [EventQueue-StaleNodeForStaleNodeHandler] INFO  node.StaleNodeHandler (StaleNodeHandler.java:onMessage(58)) - Datanode d8375c21-18fd-4797-9ca8-e7753d52871e{ip: 192.168.151.109, host: pr-hdds-2162-kpcbn-4093309294, networkLocation: /default-rack, certSerialId: null} moved to stale state. Finalizing its pipelines [PipelineID=83ad8edc-602a-4a8c-b963-6e93cd710d75, PipelineID=7c65e405-ff87-4542-82e7-84137ed07d77]
2019-09-26 19:36:53,111 [EventQueue-StaleNodeForStaleNodeHandler] INFO  pipeline.SCMPipelineManager (SCMPipelineManager.java:finalizeAndDestroyPipeline(315)) - destroying pipeline:Pipeline[ Id: 83ad8edc-602a-4a8c-b963-6e93cd710d75, Nodes: d8375c21-18fd-4797-9ca8-e7753d52871e{ip: 192.168.151.109, host: pr-hdds-2162-kpcbn-4093309294, networkLocation: /default-rack, certSerialId: null}, Type:RATIS, Factor:ONE, State:OPEN]
2019-09-26 19:36:53,111 [EventQueue-StaleNodeForStaleNodeHandler] INFO  pipeline.PipelineStateManager (PipelineStateManager.java:finalizePipeline(123)) - Pipeline Pipeline[ Id: 83ad8edc-602a-4a8c-b963-6e93cd710d75, Nodes: d8375c21-18fd-4797-9ca8-e7753d52871e{ip: 192.168.151.109, host: pr-hdds-2162-kpcbn-4093309294, networkLocation: /default-rack, certSerialId: null}, Type:RATIS, Factor:ONE, State:CLOSED] moved to CLOSED state
2019-09-26 19:36:53,111 [EventQueue-StaleNodeForStaleNodeHandler] INFO  pipeline.SCMPipelineManager (SCMPipelineManager.java:finalizeAndDestroyPipeline(315)) - destroying pipeline:Pipeline[ Id: 7c65e405-ff87-4542-82e7-84137ed07d77, Nodes: 083f4781-77b8-4075-9ff2-fe5b3cab259c{ip: 192.168.151.109, host: pr-hdds-2162-kpcbn-4093309294, networkLocation: /default-rack, certSerialId: null}d8375c21-18fd-4797-9ca8-e7753d52871e{ip: 192.168.151.109, host: pr-hdds-2162-kpcbn-4093309294, networkLocation: /default-rack, certSerialId: null}019e0474-f11b-4d9b-b1d9-dfb81ad19a47{ip: 192.168.151.109, host: pr-hdds-2162-kpcbn-4093309294, networkLocation: /default-rack, certSerialId: null}, Type:RATIS, Factor:THREE, State:CLOSED]
2019-09-26 19:36:54,247 [grpc-default-executor-0] INFO  impl.RaftServerProxy (RaftServerProxy.java:addNew(89)) - 019e0474-f11b-4d9b-b1d9-dfb81ad19a47: addNew group-C80134F5F2F6:[019e0474-f11b-4d9b-b1d9-dfb81ad19a47:192.168.151.109:44237, 129507e1-6443-4048-8b61-9b25a6688b7b:192.168.151.109:44225, 09429691-744f-4861-b11b-9ae7681d4ceb:192.168.151.109:36334] returns group-C80134F5F2F6:java.util.concurrent.CompletableFuture@138951f6[Not completed]
2019-09-26 19:36:54,247 [grpc-default-executor-1] INFO  impl.RaftServerProxy (RaftServerProxy.java:addNew(89)) - 129507e1-6443-4048-8b61-9b25a6688b7b: addNew group-C80134F5F2F6:[019e0474-f11b-4d9b-b1d9-dfb81ad19a47:192.168.151.109:44237, 129507e1-6443-4048-8b61-9b25a6688b7b:192.168.151.109:44225, 09429691-744f-4861-b11b-9ae7681d4ceb:192.168.151.109:36334] returns group-C80134F5F2F6:java.util.concurrent.CompletableFuture@20550430[Not completed]
2019-09-26 19:36:54,247 [grpc-default-executor-2] INFO  impl.RaftServerProxy (RaftServerProxy.java:addNew(89)) - 09429691-744f-4861-b11b-9ae7681d4ceb: addNew group-C80134F5F2F6:[019e0474-f11b-4d9b-b1d9-dfb81ad19a47:192.168.151.109:44237, 129507e1-6443-4048-8b61-9b25a6688b7b:192.168.151.109:44225, 09429691-744f-4861-b11b-9ae7681d4ceb:192.168.151.109:36334] returns group-C80134F5F2F6:java.util.concurrent.CompletableFuture@2342665a[Not completed]
2019-09-26 19:36:54,252 [pool-77-thread-1] INFO  impl.RaftServerImpl (RaftServerImpl.java:<init>(95)) - 129507e1-6443-4048-8b61-9b25a6688b7b: new RaftServerImpl for group-C80134F5F2F6:[019e0474-f11b-4d9b-b1d9-dfb81ad19a47:192.168.151.109:44237, 129507e1-6443-4048-8b61-9b25a6688b7b:192.168.151.109:44225, 09429691-744f-4861-b11b-9ae7681d4ceb:192.168.151.109:36334] with ContainerStateMachine:uninitialized
2019-09-26 19:36:54,252 [pool-77-thread-1] INFO  server.RaftServerConfigKeys (ConfUtils.java:logGet(43)) - raft.server.rpc.timeout.min = 5s (custom)
2019-09-26 19:36:54,253 [pool-77-thread-1] INFO  server.RaftServerConfigKeys (ConfUtils.java:logGet(43)) - raft.server.rpc.timeout.max = 5200ms (custom)
2019-09-26 19:36:54,253 [pool-77-thread-1] INFO  server.RaftServerConfigKeys (ConfUtils.java:logGet(43)) - raft.server.rpcslowness.timeout = 120s (custom)
2019-09-26 19:36:54,253 [pool-77-thread-1] INFO  server.RaftServerConfigKeys (ConfUtils.java:logGet(43)) - raft.server.sleep.deviation.threshold = 300 (default)
2019-09-26 19:36:54,253 [pool-77-thread-1] INFO  server.RaftServerConfigKeys (ConfUtils.java:logGet(43)) - raft.server.log.appender.install.snapshot.enabled = false (custom)
2019-09-26 19:36:54,253 [pool-77-thread-1] INFO  impl.RaftServerImpl (ServerState.java:<init>(103)) - 129507e1-6443-4048-8b61-9b25a6688b7b@group-C80134F5F2F6: ConfigurationManager, init=-1: [019e0474-f11b-4d9b-b1d9-dfb81ad19a47:192.168.151.109:44237, 129507e1-6443-4048-8b61-9b25a6688b7b:192.168.151.109:44225, 09429691-744f-4861-b11b-9ae7681d4ceb:192.168.151.109:36334], old=null, confs=<EMPTY_MAP>
2019-09-26 19:36:54,253 [pool-77-thread-1] INFO  server.RaftServerConfigKeys (ConfUtils.java:logGet(43)) - raft.server.storage.dir = [/workdir/hadoop-ozone/integration-test/target/test-dir/MiniOzoneClusterImpl-4433af00-9fad-440b-a2a6-00e4f6de7d20/datanode-5/data/ratis] (custom)
2019-09-26 19:36:54,254 [pool-27-thread-1] INFO  impl.RaftServerImpl (RaftServerImpl.java:<init>(95)) - 09429691-744f-4861-b11b-9ae7681d4ceb: new RaftServerImpl for group-C80134F5F2F6:[019e0474-f11b-4d9b-b1d9-dfb81ad19a47:192.168.151.109:44237, 129507e1-6443-4048-8b61-9b25a6688b7b:192.168.151.109:44225, 09429691-744f-4861-b11b-9ae7681d4ceb:192.168.151.109:36334] with ContainerStateMachine:uninitialized
2019-09-26 19:36:54,254 [pool-77-thread-1] INFO  storage.RaftStorageDirectory (RaftStorageDirectory.java:analyzeStorage(246)) - The storage directory /workdir/hadoop-ozone/integration-test/target/test-dir/MiniOzoneClusterImpl-4433af00-9fad-440b-a2a6-00e4f6de7d20/datanode-5/data/ratis/95b59769-385c-4f7b-b743-c80134f5f2f6 does not exist. Creating ...
2019-09-26 19:36:54,254 [pool-27-thread-1] INFO  server.RaftServerConfigKeys (ConfUtils.java:logGet(43)) - raft.server.rpc.timeout.min = 5s (custom)
2019-09-26 19:36:54,254 [pool-27-thread-1] INFO  server.RaftServerConfigKeys (ConfUtils.java:logGet(43)) - raft.server.rpc.timeout.max = 5200ms (custom)
2019-09-26 19:36:54,255 [pool-27-thread-1] INFO  server.RaftServerConfigKeys (ConfUtils.java:logGet(43)) - raft.server.rpcslowness.timeout = 120s (custom)
2019-09-26 19:36:54,255 [pool-27-thread-1] INFO  server.RaftServerConfigKeys (ConfUtils.java:logGet(43)) - raft.server.sleep.deviation.threshold = 300 (default)
2019-09-26 19:36:54,255 [pool-27-thread-1] INFO  server.RaftServerConfigKeys (ConfUtils.java:logGet(43)) - raft.server.log.appender.install.snapshot.enabled = false (custom)
2019-09-26 19:36:54,255 [pool-27-thread-1] INFO  impl.RaftServerImpl (ServerState.java:<init>(103)) - 09429691-744f-4861-b11b-9ae7681d4ceb@group-C80134F5F2F6: ConfigurationManager, init=-1: [019e0474-f11b-4d9b-b1d9-dfb81ad19a47:192.168.151.109:44237, 129507e1-6443-4048-8b61-9b25a6688b7b:192.168.151.109:44225, 09429691-744f-4861-b11b-9ae7681d4ceb:192.168.151.109:36334], old=null, confs=<EMPTY_MAP>
2019-09-26 19:36:54,255 [pool-27-thread-1] INFO  server.RaftServerConfigKeys (ConfUtils.java:logGet(43)) - raft.server.storage.dir = [/workdir/hadoop-ozone/integration-test/target/test-dir/MiniOzoneClusterImpl-4433af00-9fad-440b-a2a6-00e4f6de7d20/datanode-0/data/ratis] (custom)
2019-09-26 19:36:54,256 [pool-27-thread-1] INFO  storage.RaftStorageDirectory (RaftStorageDirectory.java:analyzeStorage(246)) - The storage directory /workdir/hadoop-ozone/integration-test/target/test-dir/MiniOzoneClusterImpl-4433af00-9fad-440b-a2a6-00e4f6de7d20/datanode-0/data/ratis/95b59769-385c-4f7b-b743-c80134f5f2f6 does not exist. Creating ...
2019-09-26 19:36:54,263 [pool-87-thread-1] INFO  impl.RaftServerImpl (RaftServerImpl.java:<init>(95)) - 019e0474-f11b-4d9b-b1d9-dfb81ad19a47: new RaftServerImpl for group-C80134F5F2F6:[019e0474-f11b-4d9b-b1d9-dfb81ad19a47:192.168.151.109:44237, 129507e1-6443-4048-8b61-9b25a6688b7b:192.168.151.109:44225, 09429691-744f-4861-b11b-9ae7681d4ceb:192.168.151.109:36334] with ContainerStateMachine:uninitialized
2019-09-26 19:36:54,263 [pool-87-thread-1] INFO  server.RaftServerConfigKeys (ConfUtils.java:logGet(43)) - raft.server.rpc.timeout.min = 5s (custom)
2019-09-26 19:36:54,263 [pool-87-thread-1] INFO  server.RaftServerConfigKeys (ConfUtils.java:logGet(43)) - raft.server.rpc.timeout.max = 5200ms (custom)
2019-09-26 19:36:54,263 [pool-87-thread-1] INFO  server.RaftServerConfigKeys (ConfUtils.java:logGet(43)) - raft.server.rpcslowness.timeout = 120s (custom)
2019-09-26 19:36:54,264 [pool-87-thread-1] INFO  server.RaftServerConfigKeys (ConfUtils.java:logGet(43)) - raft.server.sleep.deviation.threshold = 300 (default)
2019-09-26 19:36:54,264 [pool-87-thread-1] INFO  server.RaftServerConfigKeys (ConfUtils.java:logGet(43)) - raft.server.log.appender.install.snapshot.enabled = false (custom)
2019-09-26 19:36:54,264 [pool-87-thread-1] INFO  impl.RaftServerImpl (ServerState.java:<init>(103)) - 019e0474-f11b-4d9b-b1d9-dfb81ad19a47@group-C80134F5F2F6: ConfigurationManager, init=-1: [019e0474-f11b-4d9b-b1d9-dfb81ad19a47:192.168.151.109:44237, 129507e1-6443-4048-8b61-9b25a6688b7b:192.168.151.109:44225, 09429691-744f-4861-b11b-9ae7681d4ceb:192.168.151.109:36334], old=null, confs=<EMPTY_MAP>
2019-09-26 19:36:54,264 [pool-87-thread-1] INFO  server.RaftServerConfigKeys (ConfUtils.java:logGet(43)) - raft.server.storage.dir = [/workdir/hadoop-ozone/integration-test/target/test-dir/MiniOzoneClusterImpl-4433af00-9fad-440b-a2a6-00e4f6de7d20/datanode-6/data/ratis] (custom)
2019-09-26 19:36:54,265 [pool-87-thread-1] INFO  storage.RaftStorageDirectory (RaftStorageDirectory.java:analyzeStorage(246)) - The storage directory /workdir/hadoop-ozone/integration-test/target/test-dir/MiniOzoneClusterImpl-4433af00-9fad-440b-a2a6-00e4f6de7d20/datanode-6/data/ratis/95b59769-385c-4f7b-b743-c80134f5f2f6 does not exist. Creating ...
2019-09-26 19:36:54,268 [pool-77-thread-1] INFO  storage.RaftStorageDirectory (RaftStorageDirectory.java:tryLock(328)) - Lock on /workdir/hadoop-ozone/integration-test/target/test-dir/MiniOzoneClusterImpl-4433af00-9fad-440b-a2a6-00e4f6de7d20/datanode-5/data/ratis/95b59769-385c-4f7b-b743-c80134f5f2f6/in_use.lock acquired by nodename 27957@pr-hdds-2162-kpcbn-4093309294
2019-09-26 19:36:54,268 [pool-27-thread-1] INFO  storage.RaftStorageDirectory (RaftStorageDirectory.java:tryLock(328)) - Lock on /workdir/hadoop-ozone/integration-test/target/test-dir/MiniOzoneClusterImpl-4433af00-9fad-440b-a2a6-00e4f6de7d20/datanode-0/data/ratis/95b59769-385c-4f7b-b743-c80134f5f2f6/in_use.lock acquired by nodename 27957@pr-hdds-2162-kpcbn-4093309294
2019-09-26 19:36:54,270 [pool-87-thread-1] INFO  storage.RaftStorageDirectory (RaftStorageDirectory.java:tryLock(328)) - Lock on /workdir/hadoop-ozone/integration-test/target/test-dir/MiniOzoneClusterImpl-4433af00-9fad-440b-a2a6-00e4f6de7d20/datanode-6/data/ratis/95b59769-385c-4f7b-b743-c80134f5f2f6/in_use.lock acquired by nodename 27957@pr-hdds-2162-kpcbn-4093309294
2019-09-26 19:36:54,273 [pool-77-thread-1] INFO  storage.RaftStorage (RaftStorage.java:format(72)) - Storage directory /workdir/hadoop-ozone/integration-test/target/test-dir/MiniOzoneClusterImpl-4433af00-9fad-440b-a2a6-00e4f6de7d20/datanode-5/data/ratis/95b59769-385c-4f7b-b743-c80134f5f2f6 has been successfully formatted.
2019-09-26 19:36:54,273 [pool-87-thread-1] INFO  storage.RaftStorage (RaftStorage.java:format(72)) - Storage directory /workdir/hadoop-ozone/integration-test/target/test-dir/MiniOzoneClusterImpl-4433af00-9fad-440b-a2a6-00e4f6de7d20/datanode-6/data/ratis/95b59769-385c-4f7b-b743-c80134f5f2f6 has been successfully formatted.
2019-09-26 19:36:54,273 [pool-27-thread-1] INFO  storage.RaftStorage (RaftStorage.java:format(72)) - Storage directory /workdir/hadoop-ozone/integration-test/target/test-dir/MiniOzoneClusterImpl-4433af00-9fad-440b-a2a6-00e4f6de7d20/datanode-0/data/ratis/95b59769-385c-4f7b-b743-c80134f5f2f6 has been successfully formatted.
2019-09-26 19:36:54,273 [pool-77-thread-1] INFO  ratis.ContainerStateMachine (ContainerStateMachine.java:loadSnapshot(230)) - group-C80134F5F2F6: The snapshot info is null. Setting the last applied indexto:(t:0, i:~)
2019-09-26 19:36:54,274 [pool-27-thread-1] INFO  ratis.ContainerStateMachine (ContainerStateMachine.java:loadSnapshot(230)) - group-C80134F5F2F6: The snapshot info is null. Setting the last applied indexto:(t:0, i:~)
2019-09-26 19:36:54,274 [pool-87-thread-1] INFO  ratis.ContainerStateMachine (ContainerStateMachine.java:loadSnapshot(230)) - group-C80134F5F2F6: The snapshot info is null. Setting the last applied indexto:(t:0, i:~)
2019-09-26 19:36:54,274 [pool-27-thread-1] INFO  server.RaftServerConfigKeys (ConfUtils.java:logGet(43)) - raft.server.notification.no-leader.timeout = 120s (custom)
2019-09-26 19:36:54,274 [pool-77-thread-1] INFO  server.RaftServerConfigKeys (ConfUtils.java:logGet(43)) - raft.server.notification.no-leader.timeout = 120s (custom)
2019-09-26 19:36:54,274 [pool-27-thread-1] INFO  server.RaftServerConfigKeys (ConfUtils.java:logGet(43)) - raft.server.log.use.memory = false (default)
2019-09-26 19:36:54,274 [pool-87-thread-1] INFO  server.RaftServerConfigKeys (ConfUtils.java:logGet(43)) - raft.server.notification.no-leader.timeout = 120s (custom)
2019-09-26 19:36:54,274 [pool-27-thread-1] INFO  server.RaftServerConfigKeys (ConfUtils.java:logGet(43)) - raft.server.log.purge.gap = 1000000 (custom)
2019-09-26 19:36:54,274 [pool-77-thread-1] INFO  server.RaftServerConfigKeys (ConfUtils.java:logGet(43)) - raft.server.log.use.memory = false (default)
2019-09-26 19:36:54,275 [pool-27-thread-1] INFO  server.RaftServerConfigKeys (ConfUtils.java:logGet(43)) - raft.server.log.appender.buffer.byte-limit = 33554432 (custom)
2019-09-26 19:36:54,274 [pool-87-thread-1] INFO  server.RaftServerConfigKeys (ConfUtils.java:logGet(43)) - raft.server.log.use.memory = false (default)
2019-09-26 19:36:54,275 [pool-27-thread-1] INFO  server.RaftServerConfigKeys (ConfUtils.java:logGet(43)) - raft.server.log.segment.size.max = 1048576 (custom)
2019-09-26 19:36:54,275 [pool-77-thread-1] INFO  server.RaftServerConfigKeys (ConfUtils.java:logGet(43)) - raft.server.log.purge.gap = 1000000 (custom)
2019-09-26 19:36:54,275 [pool-27-thread-1] INFO  server.RaftServerConfigKeys (ConfUtils.java:logGet(43)) - raft.server.log.segment.cache.num.max = 2 (custom)
2019-09-26 19:36:54,275 [pool-87-thread-1] INFO  server.RaftServerConfigKeys (ConfUtils.java:logGet(43)) - raft.server.log.purge.gap = 1000000 (custom)
2019-09-26 19:36:54,275 [pool-27-thread-1] INFO  segmented.SegmentedRaftLogWorker (SegmentedRaftLogWorker.java:<init>(172)) - new 09429691-744f-4861-b11b-9ae7681d4ceb@group-C80134F5F2F6-SegmentedRaftLogWorker for RaftStorage:Storage Directory /workdir/hadoop-ozone/integration-test/target/test-dir/MiniOzoneClusterImpl-4433af00-9fad-440b-a2a6-00e4f6de7d20/datanode-0/data/ratis/95b59769-385c-4f7b-b743-c80134f5f2f6
2019-09-26 19:36:54,275 [pool-77-thread-1] INFO  server.RaftServerConfigKeys (ConfUtils.java:logGet(43)) - raft.server.log.appender.buffer.byte-limit = 33554432 (custom)
2019-09-26 19:36:54,276 [pool-27-thread-1] INFO  server.RaftServerConfigKeys (ConfUtils.java:logGet(43)) - raft.server.log.queue.byte-limit = 2147483647 (custom)
2019-09-26 19:36:54,276 [pool-87-thread-1] INFO  server.RaftServerConfigKeys (ConfUtils.java:logGet(43)) - raft.server.log.appender.buffer.byte-limit = 33554432 (custom)
2019-09-26 19:36:54,276 [pool-27-thread-1] INFO  server.RaftServerConfigKeys (ConfUtils.java:logGet(43)) - raft.server.log.queue.element-limit = 1024 (custom)
2019-09-26 19:36:54,276 [pool-77-thread-1] INFO  server.RaftServerConfigKeys (ConfUtils.java:logGet(43)) - raft.server.log.segment.size.max = 1048576 (custom)
2019-09-26 19:36:54,276 [pool-27-thread-1] INFO  server.RaftServerConfigKeys (ConfUtils.java:logGet(43)) - raft.server.log.segment.size.max = 1048576 (custom)
2019-09-26 19:36:54,276 [pool-87-thread-1] INFO  server.RaftServerConfigKeys (ConfUtils.java:logGet(43)) - raft.server.log.segment.size.max = 1048576 (custom)
2019-09-26 19:36:54,276 [pool-27-thread-1] INFO  server.RaftServerConfigKeys (ConfUtils.java:logGet(43)) - raft.server.log.preallocated.size = 16384 (custom)
2019-09-26 19:36:54,276 [pool-77-thread-1] INFO  server.RaftServerConfigKeys (ConfUtils.java:logGet(43)) - raft.server.log.segment.cache.num.max = 2 (custom)
2019-09-26 19:36:54,277 [pool-27-thread-1] INFO  server.RaftServerConfigKeys (ConfUtils.java:logGet(43)) - raft.server.log.write.buffer.size = 33554432 (custom)
2019-09-26 19:36:54,277 [pool-87-thread-1] INFO  server.RaftServerConfigKeys (ConfUtils.java:logGet(43)) - raft.server.log.segment.cache.num.max = 2 (custom)
2019-09-26 19:36:54,277 [pool-27-thread-1] INFO  server.RaftServerConfigKeys (ConfUtils.java:logGet(43)) - raft.server.log.force.sync.num = 128 (default)
2019-09-26 19:36:54,277 [pool-77-thread-1] INFO  segmented.SegmentedRaftLogWorker (SegmentedRaftLogWorker.java:<init>(172)) - new 129507e1-6443-4048-8b61-9b25a6688b7b@group-C80134F5F2F6-SegmentedRaftLogWorker for RaftStorage:Storage Directory /workdir/hadoop-ozone/integration-test/target/test-dir/MiniOzoneClusterImpl-4433af00-9fad-440b-a2a6-00e4f6de7d20/datanode-5/data/ratis/95b59769-385c-4f7b-b743-c80134f5f2f6
2019-09-26 19:36:54,277 [pool-27-thread-1] INFO  server.RaftServerConfigKeys (ConfUtils.java:logGet(43)) - raft.server.log.statemachine.data.sync = true (default)
2019-09-26 19:36:54,277 [pool-87-thread-1] INFO  segmented.SegmentedRaftLogWorker (SegmentedRaftLogWorker.java:<init>(172)) - new 019e0474-f11b-4d9b-b1d9-dfb81ad19a47@group-C80134F5F2F6-SegmentedRaftLogWorker for RaftStorage:Storage Directory /workdir/hadoop-ozone/integration-test/target/test-dir/MiniOzoneClusterImpl-4433af00-9fad-440b-a2a6-00e4f6de7d20/datanode-6/data/ratis/95b59769-385c-4f7b-b743-c80134f5f2f6
2019-09-26 19:36:54,278 [pool-27-thread-1] INFO  server.RaftServerConfigKeys (ConfUtils.java:logGet(43)) - raft.server.log.statemachine.data.sync.timeout = 10s (default)
2019-09-26 19:36:54,277 [pool-77-thread-1] INFO  server.RaftServerConfigKeys (ConfUtils.java:logGet(43)) - raft.server.log.queue.byte-limit = 2147483647 (custom)
2019-09-26 19:36:54,278 [pool-27-thread-1] INFO  server.RaftServerConfigKeys (ConfUtils.java:logGet(43)) - raft.server.log.statemachine.data.sync.timeout.retry = -1 (default)
2019-09-26 19:36:54,278 [pool-87-thread-1] INFO  server.RaftServerConfigKeys (ConfUtils.java:logGet(43)) - raft.server.log.queue.byte-limit = 2147483647 (custom)
2019-09-26 19:36:54,278 [pool-27-thread-1] INFO  server.RaftServerConfigKeys (ConfUtils.java:logGet(43)) - raft.server.log.statemachine.data.caching.enabled = true (custom)
2019-09-26 19:36:54,278 [pool-77-thread-1] INFO  server.RaftServerConfigKeys (ConfUtils.java:logGet(43)) - raft.server.log.queue.element-limit = 1024 (custom)
2019-09-26 19:36:54,278 [pool-87-thread-1] INFO  server.RaftServerConfigKeys (ConfUtils.java:logGet(43)) - raft.server.log.queue.element-limit = 1024 (custom)
2019-09-26 19:36:54,279 [pool-77-thread-1] INFO  server.RaftServerConfigKeys (ConfUtils.java:logGet(43)) - raft.server.log.segment.size.max = 1048576 (custom)
2019-09-26 19:36:54,279 [pool-27-thread-1] INFO  segmented.SegmentedRaftLogWorker (SegmentedRaftLogWorker.java:lambda$new$0(132)) - 09429691-744f-4861-b11b-9ae7681d4ceb@group-C80134F5F2F6-SegmentedRaftLogWorker: flushIndex: setUnconditionally 0 -> -1
2019-09-26 19:36:54,279 [pool-77-thread-1] INFO  server.RaftServerConfigKeys (ConfUtils.java:logGet(43)) - raft.server.log.preallocated.size = 16384 (custom)
2019-09-26 19:36:54,279 [pool-87-thread-1] INFO  server.RaftServerConfigKeys (ConfUtils.java:logGet(43)) - raft.server.log.segment.size.max = 1048576 (custom)
2019-09-26 19:36:54,279 [pool-27-thread-1] INFO  server.RaftServerConfigKeys (ConfUtils.java:logGet(43)) - raft.server.snapshot.auto.trigger.enabled = true (custom)
2019-09-26 19:36:54,279 [pool-77-thread-1] INFO  server.RaftServerConfigKeys (ConfUtils.java:logGet(43)) - raft.server.log.write.buffer.size = 33554432 (custom)
2019-09-26 19:36:54,279 [pool-27-thread-1] INFO  server.RaftServerConfigKeys (ConfUtils.java:logGet(43)) - raft.server.snapshot.auto.trigger.threshold = 10000 (custom)
2019-09-26 19:36:54,279 [pool-87-thread-1] INFO  server.RaftServerConfigKeys (ConfUtils.java:logGet(43)) - raft.server.log.preallocated.size = 16384 (custom)
2019-09-26 19:36:54,280 [pool-27-thread-1] INFO  server.RaftServerConfigKeys (ConfUtils.java:logGet(43)) - raft.server.snapshot.retention.num.files = 5 (custom)
2019-09-26 19:36:54,279 [pool-77-thread-1] INFO  server.RaftServerConfigKeys (ConfUtils.java:logGet(43)) - raft.server.log.force.sync.num = 128 (default)
2019-09-26 19:36:54,280 [pool-27-thread-1] INFO  server.RaftServerConfigKeys (ConfUtils.java:logGet(43)) - raft.server.retrycache.expirytime = 600000ms (custom)
2019-09-26 19:36:54,280 [pool-87-thread-1] INFO  server.RaftServerConfigKeys (ConfUtils.java:logGet(43)) - raft.server.log.write.buffer.size = 33554432 (custom)
2019-09-26 19:36:54,280 [pool-77-thread-1] INFO  server.RaftServerConfigKeys (ConfUtils.java:logGet(43)) - raft.server.log.statemachine.data.sync = true (default)
2019-09-26 19:36:54,280 [pool-87-thread-1] INFO  server.RaftServerConfigKeys (ConfUtils.java:logGet(43)) - raft.server.log.force.sync.num = 128 (default)
2019-09-26 19:36:54,280 [pool-77-thread-1] INFO  server.RaftServerConfigKeys (ConfUtils.java:logGet(43)) - raft.server.log.statemachine.data.sync.timeout = 10s (default)
2019-09-26 19:36:54,281 [pool-87-thread-1] INFO  server.RaftServerConfigKeys (ConfUtils.java:logGet(43)) - raft.server.log.statemachine.data.sync = true (default)
2019-09-26 19:36:54,281 [pool-77-thread-1] INFO  server.RaftServerConfigKeys (ConfUtils.java:logGet(43)) - raft.server.log.statemachine.data.sync.timeout.retry = -1 (default)
2019-09-26 19:36:54,281 [pool-87-thread-1] INFO  server.RaftServerConfigKeys (ConfUtils.java:logGet(43)) - raft.server.log.statemachine.data.sync.timeout = 10s (default)
2019-09-26 19:36:54,281 [pool-77-thread-1] INFO  server.RaftServerConfigKeys (ConfUtils.java:logGet(43)) - raft.server.log.statemachine.data.caching.enabled = true (custom)
2019-09-26 19:36:54,281 [pool-87-thread-1] INFO  server.RaftServerConfigKeys (ConfUtils.java:logGet(43)) - raft.server.log.statemachine.data.sync.timeout.retry = -1 (default)
2019-09-26 19:36:54,281 [pool-77-thread-1] INFO  segmented.SegmentedRaftLogWorker (SegmentedRaftLogWorker.java:lambda$new$0(132)) - 129507e1-6443-4048-8b61-9b25a6688b7b@group-C80134F5F2F6-SegmentedRaftLogWorker: flushIndex: setUnconditionally 0 -> -1
2019-09-26 19:36:54,281 [pool-87-thread-1] INFO  server.RaftServerConfigKeys (ConfUtils.java:logGet(43)) - raft.server.log.statemachine.data.caching.enabled = true (custom)
2019-09-26 19:36:54,282 [pool-77-thread-1] INFO  server.RaftServerConfigKeys (ConfUtils.java:logGet(43)) - raft.server.snapshot.auto.trigger.enabled = true (custom)
2019-09-26 19:36:54,282 [pool-87-thread-1] INFO  segmented.SegmentedRaftLogWorker (SegmentedRaftLogWorker.java:lambda$new$0(132)) - 019e0474-f11b-4d9b-b1d9-dfb81ad19a47@group-C80134F5F2F6-SegmentedRaftLogWorker: flushIndex: setUnconditionally 0 -> -1
2019-09-26 19:36:54,282 [pool-77-thread-1] INFO  server.RaftServerConfigKeys (ConfUtils.java:logGet(43)) - raft.server.snapshot.auto.trigger.threshold = 10000 (custom)
2019-09-26 19:36:54,282 [pool-77-thread-1] INFO  server.RaftServerConfigKeys (ConfUtils.java:logGet(43)) - raft.server.snapshot.retention.num.files = 5 (custom)
2019-09-26 19:36:54,282 [pool-87-thread-1] INFO  server.RaftServerConfigKeys (ConfUtils.java:logGet(43)) - raft.server.snapshot.auto.trigger.enabled = true (custom)
2019-09-26 19:36:54,283 [pool-77-thread-1] INFO  server.RaftServerConfigKeys (ConfUtils.java:logGet(43)) - raft.server.retrycache.expirytime = 600000ms (custom)
2019-09-26 19:36:54,283 [pool-87-thread-1] INFO  server.RaftServerConfigKeys (ConfUtils.java:logGet(43)) - raft.server.snapshot.auto.trigger.threshold = 10000 (custom)
2019-09-26 19:36:54,283 [pool-87-thread-1] INFO  server.RaftServerConfigKeys (ConfUtils.java:logGet(43)) - raft.server.snapshot.retention.num.files = 5 (custom)
2019-09-26 19:36:54,283 [pool-87-thread-1] INFO  server.RaftServerConfigKeys (ConfUtils.java:logGet(43)) - raft.server.retrycache.expirytime = 600000ms (custom)
2019-09-26 19:36:54,285 [pool-27-thread-1] INFO  impl.RaftServerImpl (RaftServerImpl.java:start(185)) - 09429691-744f-4861-b11b-9ae7681d4ceb@group-C80134F5F2F6: start as a follower, conf=-1: [019e0474-f11b-4d9b-b1d9-dfb81ad19a47:192.168.151.109:44237, 129507e1-6443-4048-8b61-9b25a6688b7b:192.168.151.109:44225, 09429691-744f-4861-b11b-9ae7681d4ceb:192.168.151.109:36334], old=null
2019-09-26 19:36:54,285 [pool-27-thread-1] INFO  impl.RaftServerImpl (RaftServerImpl.java:setRole(174)) - 09429691-744f-4861-b11b-9ae7681d4ceb@group-C80134F5F2F6: changes role from      null to FOLLOWER at term 0 for startAsFollower
2019-09-26 19:36:54,285 [pool-27-thread-1] INFO  impl.RoleInfo (RoleInfo.java:updateAndGet(143)) - 09429691-744f-4861-b11b-9ae7681d4ceb: start FollowerState
2019-09-26 19:36:54,286 [pool-27-thread-1] INFO  util.JmxRegister (JmxRegister.java:tryRegister(44)) - Successfully registered JMX Bean with object name Ratis:service=RaftServer,group=group-C80134F5F2F6,id=09429691-744f-4861-b11b-9ae7681d4ceb
2019-09-26 19:36:54,286 [pool-77-thread-1] INFO  impl.RaftServerImpl (RaftServerImpl.java:start(185)) - 129507e1-6443-4048-8b61-9b25a6688b7b@group-C80134F5F2F6: start as a follower, conf=-1: [019e0474-f11b-4d9b-b1d9-dfb81ad19a47:192.168.151.109:44237, 129507e1-6443-4048-8b61-9b25a6688b7b:192.168.151.109:44225, 09429691-744f-4861-b11b-9ae7681d4ceb:192.168.151.109:36334], old=null
2019-09-26 19:36:54,286 [pool-77-thread-1] INFO  impl.RaftServerImpl (RaftServerImpl.java:setRole(174)) - 129507e1-6443-4048-8b61-9b25a6688b7b@group-C80134F5F2F6: changes role from      null to FOLLOWER at term 0 for startAsFollower
2019-09-26 19:36:54,287 [pool-77-thread-1] INFO  impl.RoleInfo (RoleInfo.java:updateAndGet(143)) - 129507e1-6443-4048-8b61-9b25a6688b7b: start FollowerState
2019-09-26 19:36:54,287 [pool-87-thread-1] INFO  impl.RaftServerImpl (RaftServerImpl.java:start(185)) - 019e0474-f11b-4d9b-b1d9-dfb81ad19a47@group-C80134F5F2F6: start as a follower, conf=-1: [019e0474-f11b-4d9b-b1d9-dfb81ad19a47:192.168.151.109:44237, 129507e1-6443-4048-8b61-9b25a6688b7b:192.168.151.109:44225, 09429691-744f-4861-b11b-9ae7681d4ceb:192.168.151.109:36334], old=null
2019-09-26 19:36:54,287 [pool-87-thread-1] INFO  impl.RaftServerImpl (RaftServerImpl.java:setRole(174)) - 019e0474-f11b-4d9b-b1d9-dfb81ad19a47@group-C80134F5F2F6: changes role from      null to FOLLOWER at term 0 for startAsFollower
2019-09-26 19:36:54,287 [pool-77-thread-1] INFO  util.JmxRegister (JmxRegister.java:tryRegister(44)) - Successfully registered JMX Bean with object name Ratis:service=RaftServer,group=group-C80134F5F2F6,id=129507e1-6443-4048-8b61-9b25a6688b7b
2019-09-26 19:36:54,287 [pool-87-thread-1] INFO  impl.RoleInfo (RoleInfo.java:updateAndGet(143)) - 019e0474-f11b-4d9b-b1d9-dfb81ad19a47: start FollowerState
2019-09-26 19:36:54,289 [pool-87-thread-1] INFO  util.JmxRegister (JmxRegister.java:tryRegister(44)) - Successfully registered JMX Bean with object name Ratis:service=RaftServer,group=group-C80134F5F2F6,id=019e0474-f11b-4d9b-b1d9-dfb81ad19a47
2019-09-26 19:36:54,301 [RatisPipelineUtilsThread] INFO  pipeline.PipelineStateManager (PipelineStateManager.java:addPipeline(56)) - Created pipeline Pipeline[ Id: 95b59769-385c-4f7b-b743-c80134f5f2f6, Nodes: 09429691-744f-4861-b11b-9ae7681d4ceb{ip: 192.168.151.109, host: pr-hdds-2162-kpcbn-4093309294, networkLocation: /default-rack, certSerialId: null}129507e1-6443-4048-8b61-9b25a6688b7b{ip: 192.168.151.109, host: pr-hdds-2162-kpcbn-4093309294, networkLocation: /default-rack, certSerialId: null}019e0474-f11b-4d9b-b1d9-dfb81ad19a47{ip: 192.168.151.109, host: pr-hdds-2162-kpcbn-4093309294, networkLocation: /default-rack, certSerialId: null}, Type:RATIS, Factor:THREE, State:OPEN]
2019-09-26 19:36:54,634 [grpc-default-executor-0] WARN  server.GrpcLogAppender (LogUtils.java:warn(134)) - 019e0474-f11b-4d9b-b1d9-dfb81ad19a47@group-84137ED07D77->083f4781-77b8-4075-9ff2-fe5b3cab259c-AppendLogResponseHandler: Failed appendEntries: org.apache.ratis.thirdparty.io.grpc.StatusRuntimeException: UNAVAILABLE: io exception
2019-09-26 19:36:54,637 [grpc-default-executor-0] INFO  impl.FollowerInfo (FollowerInfo.java:lambda$new$0(51)) - 019e0474-f11b-4d9b-b1d9-dfb81ad19a47@group-84137ED07D77->083f4781-77b8-4075-9ff2-fe5b3cab259c: nextIndex: updateUnconditionally 0 -> 0
2019-09-26 19:36:55,046 [main] INFO  ozoneimpl.OzoneContainer (OzoneContainer.java:stop(231)) - Attempting to stop container services.
2019-09-26 19:36:55,049 [main] INFO  impl.RaftServerProxy (RaftServerProxy.java:lambda$close$4(314)) - d8375c21-18fd-4797-9ca8-e7753d52871e: close
2019-09-26 19:36:55,049 [main] INFO  impl.RaftServerImpl (RaftServerImpl.java:lambda$shutdown$3(251)) - d8375c21-18fd-4797-9ca8-e7753d52871e@group-6E93CD710D75: shutdown
2019-09-26 19:36:55,050 [main] INFO  util.JmxRegister (JmxRegister.java:unregister(73)) - Successfully un-registered JMX Bean with object name Ratis:service=RaftServer,group=group-6E93CD710D75,id=d8375c21-18fd-4797-9ca8-e7753d52871e
2019-09-26 19:36:55,050 [main] INFO  impl.RoleInfo (RoleInfo.java:shutdownLeaderState(104)) - d8375c21-18fd-4797-9ca8-e7753d52871e: shutdown LeaderState
2019-09-26 19:36:55,051 [main] INFO  impl.PendingRequests (PendingRequests.java:sendNotLeaderResponses(202)) - d8375c21-18fd-4797-9ca8-e7753d52871e-PendingRequests: sendNotLeaderResponses
2019-09-26 19:36:55,051 [ForkJoinPool.commonPool-worker-0] INFO  ozoneimpl.OzoneContainer (OzoneContainer.java:stop(231)) - Attempting to stop container services.
2019-09-26 19:36:55,051 [main] INFO  impl.StateMachineUpdater (StateMachineUpdater.java:stopAndJoin(125)) - d8375c21-18fd-4797-9ca8-e7753d52871e@group-6E93CD710D75-StateMachineUpdater: set stopIndex = 0
2019-09-26 19:36:55,053 [main] INFO  impl.RaftServerImpl (ServerState.java:close(385)) - d8375c21-18fd-4797-9ca8-e7753d52871e@group-6E93CD710D75: closes. applyIndex: 0
2019-09-26 19:36:55,052 [ForkJoinPool.commonPool-worker-0] INFO  impl.RaftServerProxy (RaftServerProxy.java:lambda$close$4(314)) - c0ff19f7-d82e-4304-a9a9-085bd668c982: close
2019-09-26 19:36:55,054 [d8375c21-18fd-4797-9ca8-e7753d52871e@group-6E93CD710D75-SegmentedRaftLogWorker] INFO  segmented.SegmentedRaftLogWorker (SegmentedRaftLogWorker.java:run(313)) - d8375c21-18fd-4797-9ca8-e7753d52871e@group-6E93CD710D75-SegmentedRaftLogWorker was interrupted, exiting. There are 0 tasks remaining in the queue.
2019-09-26 19:36:55,054 [ForkJoinPool.commonPool-worker-0] INFO  impl.RaftServerImpl (RaftServerImpl.java:lambda$shutdown$3(251)) - c0ff19f7-d82e-4304-a9a9-085bd668c982@group-80AFD52FC61F: shutdown
2019-09-26 19:36:55,055 [main] INFO  segmented.SegmentedRaftLogWorker (SegmentedRaftLogWorker.java:close(228)) - d8375c21-18fd-4797-9ca8-e7753d52871e@group-6E93CD710D75-SegmentedRaftLogWorker close()
2019-09-26 19:36:55,056 [ForkJoinPool.commonPool-worker-0] INFO  util.JmxRegister (JmxRegister.java:unregister(73)) - Successfully un-registered JMX Bean with object name Ratis:service=RaftServer,group=group-80AFD52FC61F,id=c0ff19f7-d82e-4304-a9a9-085bd668c982
2019-09-26 19:36:55,058 [main] INFO  impl.RaftServerImpl (RaftServerImpl.java:lambda$shutdown$3(251)) - d8375c21-18fd-4797-9ca8-e7753d52871e@group-84137ED07D77: shutdown
2019-09-26 19:36:55,059 [ForkJoinPool.commonPool-worker-0] INFO  impl.RoleInfo (RoleInfo.java:shutdownLeaderState(104)) - c0ff19f7-d82e-4304-a9a9-085bd668c982: shutdown LeaderState
2019-09-26 19:36:55,059 [main] INFO  util.JmxRegister (JmxRegister.java:unregister(73)) - Successfully un-registered JMX Bean with object name Ratis:service=RaftServer,group=group-84137ED07D77,id=d8375c21-18fd-4797-9ca8-e7753d52871e
2019-09-26 19:36:55,062 [org.apache.ratis.server.impl.LogAppender$AppenderDaemon$$Lambda$404/389831226@783fd61d] WARN  server.GrpcLogAppender (GrpcLogAppender.java:mayWait(143)) - c0ff19f7-d82e-4304-a9a9-085bd668c982@group-80AFD52FC61F->129507e1-6443-4048-8b61-9b25a6688b7b-GrpcLogAppender: Wait interrupted by java.lang.InterruptedException
2019-09-26 19:36:55,062 [ForkJoinPool.commonPool-worker-0] INFO  impl.PendingRequests (PendingRequests.java:sendNotLeaderResponses(202)) - c0ff19f7-d82e-4304-a9a9-085bd668c982-PendingRequests: sendNotLeaderResponses
2019-09-26 19:36:55,062 [org.apache.ratis.server.impl.LogAppender$AppenderDaemon$$Lambda$404/389831226@3f0aaea8] WARN  server.GrpcLogAppender (GrpcLogAppender.java:mayWait(143)) - c0ff19f7-d82e-4304-a9a9-085bd668c982@group-80AFD52FC61F->09429691-744f-4861-b11b-9ae7681d4ceb-GrpcLogAppender: Wait interrupted by java.lang.InterruptedException
2019-09-26 19:36:55,062 [main] INFO  impl.RoleInfo (RoleInfo.java:shutdownFollowerState(121)) - d8375c21-18fd-4797-9ca8-e7753d52871e: shutdown FollowerState
2019-09-26 19:36:55,063 [ForkJoinPool.commonPool-worker-0] INFO  impl.StateMachineUpdater (StateMachineUpdater.java:stopAndJoin(125)) - c0ff19f7-d82e-4304-a9a9-085bd668c982@group-80AFD52FC61F-StateMachineUpdater: set stopIndex = 0
2019-09-26 19:36:55,067 [Thread-308] INFO  impl.FollowerState (FollowerState.java:run(115)) - d8375c21-18fd-4797-9ca8-e7753d52871e: FollowerState was interrupted: java.lang.InterruptedException: sleep interrupted
2019-09-26 19:36:55,065 [main] INFO  impl.StateMachineUpdater (StateMachineUpdater.java:stopAndJoin(125)) - d8375c21-18fd-4797-9ca8-e7753d52871e@group-84137ED07D77-StateMachineUpdater: set stopIndex = 0
2019-09-26 19:36:55,067 [ForkJoinPool.commonPool-worker-0] INFO  impl.RaftServerImpl (ServerState.java:close(385)) - c0ff19f7-d82e-4304-a9a9-085bd668c982@group-80AFD52FC61F: closes. applyIndex: 0
2019-09-26 19:36:55,075 [grpc-default-executor-0] INFO  server.GrpcServerProtocolService (GrpcServerProtocolService.java:onCompleted(113)) - 09429691-744f-4861-b11b-9ae7681d4ceb: Completed APPEND_ENTRIES, lastRequest: c0ff19f7-d82e-4304-a9a9-085bd668c982->09429691-744f-4861-b11b-9ae7681d4ceb#47-t1, previous=(t:1, i:0), leaderCommit=0, initializing? false, entries: <empty>
2019-09-26 19:36:55,075 [main] INFO  impl.RaftServerImpl (ServerState.java:close(385)) - d8375c21-18fd-4797-9ca8-e7753d52871e@group-84137ED07D77: closes. applyIndex: 0
2019-09-26 19:36:55,075 [grpc-default-executor-2] INFO  server.GrpcServerProtocolService (GrpcServerProtocolService.java:onCompleted(113)) - 129507e1-6443-4048-8b61-9b25a6688b7b: Completed APPEND_ENTRIES, lastRequest: c0ff19f7-d82e-4304-a9a9-085bd668c982->129507e1-6443-4048-8b61-9b25a6688b7b#47-t1, previous=(t:1, i:0), leaderCommit=0, initializing? false, entries: <empty>
2019-09-26 19:36:55,077 [c0ff19f7-d82e-4304-a9a9-085bd668c982@group-80AFD52FC61F-SegmentedRaftLogWorker] INFO  segmented.SegmentedRaftLogWorker (SegmentedRaftLogWorker.java:run(313)) - c0ff19f7-d82e-4304-a9a9-085bd668c982@group-80AFD52FC61F-SegmentedRaftLogWorker was interrupted, exiting. There are 0 tasks remaining in the queue.
2019-09-26 19:36:55,077 [d8375c21-18fd-4797-9ca8-e7753d52871e@group-84137ED07D77-SegmentedRaftLogWorker] INFO  segmented.SegmentedRaftLogWorker (SegmentedRaftLogWorker.java:run(313)) - d8375c21-18fd-4797-9ca8-e7753d52871e@group-84137ED07D77-SegmentedRaftLogWorker was interrupted, exiting. There are 0 tasks remaining in the queue.
2019-09-26 19:36:55,078 [ForkJoinPool.commonPool-worker-0] INFO  segmented.SegmentedRaftLogWorker (SegmentedRaftLogWorker.java:close(228)) - c0ff19f7-d82e-4304-a9a9-085bd668c982@group-80AFD52FC61F-SegmentedRaftLogWorker close()
2019-09-26 19:36:55,079 [main] INFO  segmented.SegmentedRaftLogWorker (SegmentedRaftLogWorker.java:close(228)) - d8375c21-18fd-4797-9ca8-e7753d52871e@group-84137ED07D77-SegmentedRaftLogWorker close()
2019-09-26 19:36:55,082 [grpc-default-executor-1] INFO  server.GrpcLogAppender (GrpcLogAppender.java:onCompleted(293)) - c0ff19f7-d82e-4304-a9a9-085bd668c982@group-80AFD52FC61F->129507e1-6443-4048-8b61-9b25a6688b7b-AppendLogResponseHandler: follower responses appendEntries COMPLETED
2019-09-26 19:36:55,082 [grpc-default-executor-2] INFO  server.GrpcLogAppender (GrpcLogAppender.java:onCompleted(293)) - c0ff19f7-d82e-4304-a9a9-085bd668c982@group-80AFD52FC61F->09429691-744f-4861-b11b-9ae7681d4ceb-AppendLogResponseHandler: follower responses appendEntries COMPLETED
2019-09-26 19:36:55,082 [ForkJoinPool.commonPool-worker-0] INFO  impl.RaftServerImpl (RaftServerImpl.java:lambda$shutdown$3(251)) - c0ff19f7-d82e-4304-a9a9-085bd668c982@group-F8137116144C: shutdown
2019-09-26 19:36:55,086 [grpc-default-executor-2] INFO  impl.FollowerInfo (FollowerInfo.java:lambda$new$0(51)) - c0ff19f7-d82e-4304-a9a9-085bd668c982@group-80AFD52FC61F->09429691-744f-4861-b11b-9ae7681d4ceb: nextIndex: updateUnconditionally 1 -> 0
2019-09-26 19:36:55,086 [grpc-default-executor-1] INFO  impl.FollowerInfo (FollowerInfo.java:lambda$new$0(51)) - c0ff19f7-d82e-4304-a9a9-085bd668c982@group-80AFD52FC61F->129507e1-6443-4048-8b61-9b25a6688b7b: nextIndex: updateUnconditionally 1 -> 0
2019-09-26 19:36:55,084 [main] INFO  server.GrpcService (GrpcService.java:closeImpl(164)) - d8375c21-18fd-4797-9ca8-e7753d52871e: shutdown server with port 36448 now
2019-09-26 19:36:55,087 [ForkJoinPool.commonPool-worker-0] INFO  util.JmxRegister (JmxRegister.java:unregister(73)) - Successfully un-registered JMX Bean with object name Ratis:service=RaftServer,group=group-F8137116144C,id=c0ff19f7-d82e-4304-a9a9-085bd668c982
2019-09-26 19:36:55,088 [ForkJoinPool.commonPool-worker-0] INFO  impl.RoleInfo (RoleInfo.java:shutdownLeaderState(104)) - c0ff19f7-d82e-4304-a9a9-085bd668c982: shutdown LeaderState
2019-09-26 19:36:55,088 [ForkJoinPool.commonPool-worker-0] INFO  impl.PendingRequests (PendingRequests.java:sendNotLeaderResponses(202)) - c0ff19f7-d82e-4304-a9a9-085bd668c982-PendingRequests: sendNotLeaderResponses
2019-09-26 19:36:55,088 [grpc-default-executor-0] WARN  server.GrpcLogAppender (LogUtils.java:warn(134)) - 019e0474-f11b-4d9b-b1d9-dfb81ad19a47@group-84137ED07D77->d8375c21-18fd-4797-9ca8-e7753d52871e-AppendLogResponseHandler: Failed appendEntries: org.apache.ratis.thirdparty.io.grpc.StatusRuntimeException: CANCELLED: HTTP/2 error code: CANCEL
Received Rst Stream
2019-09-26 19:36:55,088 [main] INFO  server.GrpcService (GrpcService.java:closeImpl(172)) - d8375c21-18fd-4797-9ca8-e7753d52871e: shutdown server with port 36448 successfully
2019-09-26 19:36:55,088 [grpc-default-executor-2] WARN  server.GrpcServerProtocolService (LogUtils.java:warn(134)) - d8375c21-18fd-4797-9ca8-e7753d52871e: installSnapshot onError, lastRequest: 019e0474-f11b-4d9b-b1d9-dfb81ad19a47->d8375c21-18fd-4797-9ca8-e7753d52871e#47-t1, previous=(t:1, i:0), leaderCommit=0, initializing? false, entries: <empty>: org.apache.ratis.thirdparty.io.grpc.StatusRuntimeException: CANCELLED: cancelled before receiving half close
2019-09-26 19:36:55,090 [grpc-default-executor-0] INFO  impl.FollowerInfo (FollowerInfo.java:lambda$new$0(51)) - 019e0474-f11b-4d9b-b1d9-dfb81ad19a47@group-84137ED07D77->d8375c21-18fd-4797-9ca8-e7753d52871e: nextIndex: updateUnconditionally 1 -> 0
2019-09-26 19:36:55,088 [ForkJoinPool.commonPool-worker-0] INFO  impl.StateMachineUpdater (StateMachineUpdater.java:stopAndJoin(125)) - c0ff19f7-d82e-4304-a9a9-085bd668c982@group-F8137116144C-StateMachineUpdater: set stopIndex = 0
2019-09-26 19:36:55,095 [ForkJoinPool.commonPool-worker-0] INFO  impl.RaftServerImpl (ServerState.java:close(385)) - c0ff19f7-d82e-4304-a9a9-085bd668c982@group-F8137116144C: closes. applyIndex: 0
2019-09-26 19:36:55,097 [refreshUsed-/workdir/hadoop-ozone/integration-test/target/test-dir/MiniOzoneClusterImpl-4433af00-9fad-440b-a2a6-00e4f6de7d20/datanode-3/data/containers] WARN  fs.CachingGetSpaceUsed (CachingGetSpaceUsed.java:run(183)) - Thread Interrupted waiting to refresh disk information: sleep interrupted
2019-09-26 19:36:55,097 [c0ff19f7-d82e-4304-a9a9-085bd668c982@group-F8137116144C-SegmentedRaftLogWorker] INFO  segmented.SegmentedRaftLogWorker (SegmentedRaftLogWorker.java:run(313)) - c0ff19f7-d82e-4304-a9a9-085bd668c982@group-F8137116144C-SegmentedRaftLogWorker was interrupted, exiting. There are 0 tasks remaining in the queue.
2019-09-26 19:36:55,099 [ForkJoinPool.commonPool-worker-0] INFO  segmented.SegmentedRaftLogWorker (SegmentedRaftLogWorker.java:close(228)) - c0ff19f7-d82e-4304-a9a9-085bd668c982@group-F8137116144C-SegmentedRaftLogWorker close()
2019-09-26 19:36:55,101 [ForkJoinPool.commonPool-worker-0] INFO  server.GrpcService (GrpcService.java:closeImpl(164)) - c0ff19f7-d82e-4304-a9a9-085bd668c982: shutdown server with port 38574 now
2019-09-26 19:36:55,103 [ForkJoinPool.commonPool-worker-0] INFO  server.GrpcService (GrpcService.java:closeImpl(172)) - c0ff19f7-d82e-4304-a9a9-085bd668c982: shutdown server with port 38574 successfully
2019-09-26 19:36:55,114 [refreshUsed-/workdir/hadoop-ozone/integration-test/target/test-dir/MiniOzoneClusterImpl-4433af00-9fad-440b-a2a6-00e4f6de7d20/datanode-2/data/containers] WARN  fs.CachingGetSpaceUsed (CachingGetSpaceUsed.java:run(183)) - Thread Interrupted waiting to refresh disk information: sleep interrupted
2019-09-26 19:36:55,123 [main] INFO  utils.BackgroundService (BackgroundService.java:shutdown(148)) - Shutting down service BlockDeletingService
2019-09-26 19:36:55,127 [main] INFO  statemachine.DatanodeStateMachine (DatanodeStateMachine.java:stopDaemon(395)) - Ozone container server stopped.
2019-09-26 19:36:55,129 [ForkJoinPool.commonPool-worker-0] INFO  utils.BackgroundService (BackgroundService.java:shutdown(148)) - Shutting down service BlockDeletingService
2019-09-26 19:36:55,133 [ForkJoinPool.commonPool-worker-0] INFO  statemachine.DatanodeStateMachine (DatanodeStateMachine.java:stopDaemon(395)) - Ozone container server stopped.
2019-09-26 19:36:55,140 [main] INFO  handler.ContextHandler (ContextHandler.java:doStop(910)) - Stopped o.e.j.w.WebAppContext@18b8d173{/,null,UNAVAILABLE}{/hddsDatanode}
2019-09-26 19:36:55,142 [ForkJoinPool.commonPool-worker-0] INFO  handler.ContextHandler (ContextHandler.java:doStop(910)) - Stopped o.e.j.w.WebAppContext@53f4c1e6{/,null,UNAVAILABLE}{/hddsDatanode}
2019-09-26 19:36:55,142 [main] INFO  server.AbstractConnector (AbstractConnector.java:doStop(318)) - Stopped ServerConnector@73844119{HTTP/1.1,[http/1.1]}{0.0.0.0:0}
2019-09-26 19:36:55,143 [ForkJoinPool.commonPool-worker-0] INFO  server.AbstractConnector (AbstractConnector.java:doStop(318)) - Stopped ServerConnector@74174a23{HTTP/1.1,[http/1.1]}{0.0.0.0:0}
2019-09-26 19:36:55,143 [main] INFO  handler.ContextHandler (ContextHandler.java:doStop(910)) - Stopped o.e.j.s.ServletContextHandler@23f3da8b{/static,jar:file:/home/user/.m2/repository/org/apache/hadoop/hadoop-hdds-container-service/0.5.0-SNAPSHOT/hadoop-hdds-container-service-0.5.0-SNAPSHOT.jar!/webapps/static,UNAVAILABLE}
2019-09-26 19:36:55,144 [ForkJoinPool.commonPool-worker-0] INFO  handler.ContextHandler (ContextHandler.java:doStop(910)) - Stopped o.e.j.s.ServletContextHandler@1cd3b138{/static,jar:file:/home/user/.m2/repository/org/apache/hadoop/hadoop-hdds-container-service/0.5.0-SNAPSHOT/hadoop-hdds-container-service-0.5.0-SNAPSHOT.jar!/webapps/static,UNAVAILABLE}
2019-09-26 19:36:55,144 [main] INFO  handler.ContextHandler (ContextHandler.java:doStop(910)) - Stopped o.e.j.s.ServletContextHandler@7640a5b1{/logs,file:///workdir/hadoop-ozone/integration-test/target/log,UNAVAILABLE}
2019-09-26 19:36:55,145 [ForkJoinPool.commonPool-worker-0] INFO  handler.ContextHandler (ContextHandler.java:doStop(910)) - Stopped o.e.j.s.ServletContextHandler@121bb45b{/logs,file:///workdir/hadoop-ozone/integration-test/target/log,UNAVAILABLE}
2019-09-26 19:36:55,622 [Datanode State Machine Thread - 0] INFO  statemachine.DatanodeStateMachine (DatanodeStateMachine.java:lambda$startDaemon$0(350)) - Ozone container server started.
2019-09-26 19:36:56,119 [Datanode State Machine Thread - 0] INFO  statemachine.DatanodeStateMachine (DatanodeStateMachine.java:lambda$startDaemon$0(350)) - Ozone container server started.
2019-09-26 19:36:57,137 [grpc-default-executor-1] WARN  server.GrpcLogAppender (LogUtils.java:warn(134)) - 019e0474-f11b-4d9b-b1d9-dfb81ad19a47@group-84137ED07D77->083f4781-77b8-4075-9ff2-fe5b3cab259c-AppendLogResponseHandler: Failed appendEntries: org.apache.ratis.thirdparty.io.grpc.StatusRuntimeException: UNAVAILABLE: io exception
2019-09-26 19:36:57,139 [grpc-default-executor-1] INFO  impl.FollowerInfo (FollowerInfo.java:lambda$new$0(51)) - 019e0474-f11b-4d9b-b1d9-dfb81ad19a47@group-84137ED07D77->083f4781-77b8-4075-9ff2-fe5b3cab259c: nextIndex: updateUnconditionally 0 -> 0
2019-09-26 19:36:57,143 [grpc-default-executor-0] WARN  server.GrpcLogAppender (LogUtils.java:warn(134)) - 019e0474-f11b-4d9b-b1d9-dfb81ad19a47@group-84137ED07D77->d8375c21-18fd-4797-9ca8-e7753d52871e-AppendLogResponseHandler: Failed appendEntries: org.apache.ratis.thirdparty.io.grpc.StatusRuntimeException: UNAVAILABLE: io exception
2019-09-26 19:36:57,144 [grpc-default-executor-0] INFO  impl.FollowerInfo (FollowerInfo.java:lambda$new$0(51)) - 019e0474-f11b-4d9b-b1d9-dfb81ad19a47@group-84137ED07D77->d8375c21-18fd-4797-9ca8-e7753d52871e: nextIndex: updateUnconditionally 0 -> 0
2019-09-26 19:36:57,719 [EventQueue-StaleNodeForStaleNodeHandler] INFO  node.StaleNodeHandler (StaleNodeHandler.java:onMessage(58)) - Datanode 09429691-744f-4861-b11b-9ae7681d4ceb{ip: 192.168.151.109, host: pr-hdds-2162-kpcbn-4093309294, networkLocation: /default-rack, certSerialId: null} moved to stale state. Finalizing its pipelines [PipelineID=ffcd6c06-9849-474f-8f5f-9ed5c7024ba3, PipelineID=97c80607-ef2e-456f-9849-80afd52fc61f, PipelineID=95b59769-385c-4f7b-b743-c80134f5f2f6]
2019-09-26 19:36:57,720 [EventQueue-StaleNodeForStaleNodeHandler] INFO  pipeline.SCMPipelineManager (SCMPipelineManager.java:finalizeAndDestroyPipeline(315)) - destroying pipeline:Pipeline[ Id: ffcd6c06-9849-474f-8f5f-9ed5c7024ba3, Nodes: 09429691-744f-4861-b11b-9ae7681d4ceb{ip: 192.168.151.109, host: pr-hdds-2162-kpcbn-4093309294, networkLocation: /default-rack, certSerialId: null}, Type:RATIS, Factor:ONE, State:OPEN]
2019-09-26 19:36:57,720 [EventQueue-StaleNodeForStaleNodeHandler] INFO  pipeline.PipelineStateManager (PipelineStateManager.java:finalizePipeline(123)) - Pipeline Pipeline[ Id: ffcd6c06-9849-474f-8f5f-9ed5c7024ba3, Nodes: 09429691-744f-4861-b11b-9ae7681d4ceb{ip: 192.168.151.109, host: pr-hdds-2162-kpcbn-4093309294, networkLocation: /default-rack, certSerialId: null}, Type:RATIS, Factor:ONE, State:CLOSED] moved to CLOSED state
2019-09-26 19:36:57,720 [EventQueue-StaleNodeForStaleNodeHandler] INFO  pipeline.SCMPipelineManager (SCMPipelineManager.java:finalizeAndDestroyPipeline(315)) - destroying pipeline:Pipeline[ Id: 97c80607-ef2e-456f-9849-80afd52fc61f, Nodes: 09429691-744f-4861-b11b-9ae7681d4ceb{ip: 192.168.151.109, host: pr-hdds-2162-kpcbn-4093309294, networkLocation: /default-rack, certSerialId: null}129507e1-6443-4048-8b61-9b25a6688b7b{ip: 192.168.151.109, host: pr-hdds-2162-kpcbn-4093309294, networkLocation: /default-rack, certSerialId: null}c0ff19f7-d82e-4304-a9a9-085bd668c982{ip: 192.168.151.109, host: pr-hdds-2162-kpcbn-4093309294, networkLocation: /default-rack, certSerialId: null}, Type:RATIS, Factor:THREE, State:CLOSED]
2019-09-26 19:36:57,720 [EventQueue-StaleNodeForStaleNodeHandler] INFO  pipeline.SCMPipelineManager (SCMPipelineManager.java:finalizeAndDestroyPipeline(315)) - destroying pipeline:Pipeline[ Id: 95b59769-385c-4f7b-b743-c80134f5f2f6, Nodes: 09429691-744f-4861-b11b-9ae7681d4ceb{ip: 192.168.151.109, host: pr-hdds-2162-kpcbn-4093309294, networkLocation: /default-rack, certSerialId: null}129507e1-6443-4048-8b61-9b25a6688b7b{ip: 192.168.151.109, host: pr-hdds-2162-kpcbn-4093309294, networkLocation: /default-rack, certSerialId: null}019e0474-f11b-4d9b-b1d9-dfb81ad19a47{ip: 192.168.151.109, host: pr-hdds-2162-kpcbn-4093309294, networkLocation: /default-rack, certSerialId: null}, Type:RATIS, Factor:THREE, State:OPEN]
2019-09-26 19:36:57,720 [EventQueue-StaleNodeForStaleNodeHandler] INFO  pipeline.PipelineStateManager (PipelineStateManager.java:finalizePipeline(123)) - Pipeline Pipeline[ Id: 95b59769-385c-4f7b-b743-c80134f5f2f6, Nodes: 09429691-744f-4861-b11b-9ae7681d4ceb{ip: 192.168.151.109, host: pr-hdds-2162-kpcbn-4093309294, networkLocation: /default-rack, certSerialId: null}129507e1-6443-4048-8b61-9b25a6688b7b{ip: 192.168.151.109, host: pr-hdds-2162-kpcbn-4093309294, networkLocation: /default-rack, certSerialId: null}019e0474-f11b-4d9b-b1d9-dfb81ad19a47{ip: 192.168.151.109, host: pr-hdds-2162-kpcbn-4093309294, networkLocation: /default-rack, certSerialId: null}, Type:RATIS, Factor:THREE, State:CLOSED] moved to CLOSED state
2019-09-26 19:36:58,220 [EventQueue-StaleNodeForStaleNodeHandler] INFO  node.StaleNodeHandler (StaleNodeHandler.java:onMessage(58)) - Datanode 019e0474-f11b-4d9b-b1d9-dfb81ad19a47{ip: 192.168.151.109, host: pr-hdds-2162-kpcbn-4093309294, networkLocation: /default-rack, certSerialId: null} moved to stale state. Finalizing its pipelines [PipelineID=030bf7f2-836b-4b2b-9824-34638c532bcf, PipelineID=7c65e405-ff87-4542-82e7-84137ed07d77, PipelineID=95b59769-385c-4f7b-b743-c80134f5f2f6]
2019-09-26 19:36:58,220 [EventQueue-StaleNodeForStaleNodeHandler] INFO  pipeline.SCMPipelineManager (SCMPipelineManager.java:finalizeAndDestroyPipeline(315)) - destroying pipeline:Pipeline[ Id: 030bf7f2-836b-4b2b-9824-34638c532bcf, Nodes: 019e0474-f11b-4d9b-b1d9-dfb81ad19a47{ip: 192.168.151.109, host: pr-hdds-2162-kpcbn-4093309294, networkLocation: /default-rack, certSerialId: null}, Type:RATIS, Factor:ONE, State:OPEN]
2019-09-26 19:36:58,221 [EventQueue-StaleNodeForStaleNodeHandler] INFO  pipeline.PipelineStateManager (PipelineStateManager.java:finalizePipeline(123)) - Pipeline Pipeline[ Id: 030bf7f2-836b-4b2b-9824-34638c532bcf, Nodes: 019e0474-f11b-4d9b-b1d9-dfb81ad19a47{ip: 192.168.151.109, host: pr-hdds-2162-kpcbn-4093309294, networkLocation: /default-rack, certSerialId: null}, Type:RATIS, Factor:ONE, State:CLOSED] moved to CLOSED state
2019-09-26 19:36:58,221 [EventQueue-StaleNodeForStaleNodeHandler] INFO  pipeline.SCMPipelineManager (SCMPipelineManager.java:finalizeAndDestroyPipeline(315)) - destroying pipeline:Pipeline[ Id: 7c65e405-ff87-4542-82e7-84137ed07d77, Nodes: 083f4781-77b8-4075-9ff2-fe5b3cab259c{ip: 192.168.151.109, host: pr-hdds-2162-kpcbn-4093309294, networkLocation: /default-rack, certSerialId: null}d8375c21-18fd-4797-9ca8-e7753d52871e{ip: 192.168.151.109, host: pr-hdds-2162-kpcbn-4093309294, networkLocation: /default-rack, certSerialId: null}019e0474-f11b-4d9b-b1d9-dfb81ad19a47{ip: 192.168.151.109, host: pr-hdds-2162-kpcbn-4093309294, networkLocation: /default-rack, certSerialId: null}, Type:RATIS, Factor:THREE, State:CLOSED]
2019-09-26 19:36:58,221 [EventQueue-StaleNodeForStaleNodeHandler] INFO  pipeline.SCMPipelineManager (SCMPipelineManager.java:finalizeAndDestroyPipeline(315)) - destroying pipeline:Pipeline[ Id: 95b59769-385c-4f7b-b743-c80134f5f2f6, Nodes: 09429691-744f-4861-b11b-9ae7681d4ceb{ip: 192.168.151.109, host: pr-hdds-2162-kpcbn-4093309294, networkLocation: /default-rack, certSerialId: null}129507e1-6443-4048-8b61-9b25a6688b7b{ip: 192.168.151.109, host: pr-hdds-2162-kpcbn-4093309294, networkLocation: /default-rack, certSerialId: null}019e0474-f11b-4d9b-b1d9-dfb81ad19a47{ip: 192.168.151.109, host: pr-hdds-2162-kpcbn-4093309294, networkLocation: /default-rack, certSerialId: null}, Type:RATIS, Factor:THREE, State:CLOSED]
2019-09-26 19:36:59,324 [Thread-527] INFO  impl.FollowerState (FollowerState.java:run(106)) - 09429691-744f-4861-b11b-9ae7681d4ceb:group-C80134F5F2F6 changes to CANDIDATE, lastRpcTime:5038, electionTimeout:5038ms
2019-09-26 19:36:59,326 [Thread-527] INFO  impl.RoleInfo (RoleInfo.java:shutdownFollowerState(121)) - 09429691-744f-4861-b11b-9ae7681d4ceb: shutdown FollowerState
2019-09-26 19:36:59,326 [Thread-527] INFO  impl.RaftServerImpl (RaftServerImpl.java:setRole(174)) - 09429691-744f-4861-b11b-9ae7681d4ceb@group-C80134F5F2F6: changes role from  FOLLOWER to CANDIDATE at term 0 for changeToCandidate
2019-09-26 19:36:59,326 [Thread-527] INFO  impl.RoleInfo (RoleInfo.java:updateAndGet(143)) - 09429691-744f-4861-b11b-9ae7681d4ceb: start LeaderElection
2019-09-26 19:36:59,345 [09429691-744f-4861-b11b-9ae7681d4ceb@group-C80134F5F2F6:LeaderElection10] INFO  impl.LeaderElection (LeaderElection.java:askForVotes(182)) - 09429691-744f-4861-b11b-9ae7681d4ceb@group-C80134F5F2F6:LeaderElection10: begin an election at term 1 for -1: [019e0474-f11b-4d9b-b1d9-dfb81ad19a47:192.168.151.109:44237, 129507e1-6443-4048-8b61-9b25a6688b7b:192.168.151.109:44225, 09429691-744f-4861-b11b-9ae7681d4ceb:192.168.151.109:36334], old=null
2019-09-26 19:36:59,356 [grpc-default-executor-0] INFO  impl.RaftServerImpl (RaftServerImpl.java:setRole(174)) - 129507e1-6443-4048-8b61-9b25a6688b7b@group-C80134F5F2F6: changes role from  FOLLOWER to FOLLOWER at term 1 for recognizeCandidate:09429691-744f-4861-b11b-9ae7681d4ceb
2019-09-26 19:36:59,356 [grpc-default-executor-0] INFO  impl.RoleInfo (RoleInfo.java:shutdownFollowerState(121)) - 129507e1-6443-4048-8b61-9b25a6688b7b: shutdown FollowerState
2019-09-26 19:36:59,357 [grpc-default-executor-1] INFO  impl.RaftServerImpl (RaftServerImpl.java:setRole(174)) - 019e0474-f11b-4d9b-b1d9-dfb81ad19a47@group-C80134F5F2F6: changes role from  FOLLOWER to FOLLOWER at term 1 for recognizeCandidate:09429691-744f-4861-b11b-9ae7681d4ceb
2019-09-26 19:36:59,357 [Thread-529] INFO  impl.FollowerState (FollowerState.java:run(115)) - 129507e1-6443-4048-8b61-9b25a6688b7b: FollowerState was interrupted: java.lang.InterruptedException: sleep interrupted
2019-09-26 19:36:59,357 [grpc-default-executor-0] INFO  impl.RoleInfo (RoleInfo.java:updateAndGet(143)) - 129507e1-6443-4048-8b61-9b25a6688b7b: start FollowerState
2019-09-26 19:36:59,357 [grpc-default-executor-1] INFO  impl.RoleInfo (RoleInfo.java:shutdownFollowerState(121)) - 019e0474-f11b-4d9b-b1d9-dfb81ad19a47: shutdown FollowerState
2019-09-26 19:36:59,361 [Thread-530] INFO  impl.FollowerState (FollowerState.java:run(115)) - 019e0474-f11b-4d9b-b1d9-dfb81ad19a47: FollowerState was interrupted: java.lang.InterruptedException: sleep interrupted
2019-09-26 19:36:59,361 [grpc-default-executor-1] INFO  impl.RoleInfo (RoleInfo.java:updateAndGet(143)) - 019e0474-f11b-4d9b-b1d9-dfb81ad19a47: start FollowerState
2019-09-26 19:36:59,380 [09429691-744f-4861-b11b-9ae7681d4ceb@group-C80134F5F2F6:LeaderElection10] INFO  impl.LeaderElection (LeaderElection.java:logAndReturn(56)) - 09429691-744f-4861-b11b-9ae7681d4ceb@group-C80134F5F2F6:LeaderElection10: Election PASSED; received 1 response(s) [09429691-744f-4861-b11b-9ae7681d4ceb<-129507e1-6443-4048-8b61-9b25a6688b7b#0:OK-t1] and 0 exception(s); 09429691-744f-4861-b11b-9ae7681d4ceb@group-C80134F5F2F6:t1, leader=null, voted=09429691-744f-4861-b11b-9ae7681d4ceb, raftlog=09429691-744f-4861-b11b-9ae7681d4ceb@group-C80134F5F2F6-SegmentedRaftLog:OPENED:c-1,f-1,i0, conf=-1: [019e0474-f11b-4d9b-b1d9-dfb81ad19a47:192.168.151.109:44237, 129507e1-6443-4048-8b61-9b25a6688b7b:192.168.151.109:44225, 09429691-744f-4861-b11b-9ae7681d4ceb:192.168.151.109:36334], old=null
2019-09-26 19:36:59,380 [09429691-744f-4861-b11b-9ae7681d4ceb@group-C80134F5F2F6:LeaderElection10] INFO  impl.RoleInfo (RoleInfo.java:shutdownLeaderElection(134)) - 09429691-744f-4861-b11b-9ae7681d4ceb: shutdown LeaderElection
2019-09-26 19:36:59,381 [09429691-744f-4861-b11b-9ae7681d4ceb@group-C80134F5F2F6:LeaderElection10] INFO  impl.RaftServerImpl (RaftServerImpl.java:setRole(174)) - 09429691-744f-4861-b11b-9ae7681d4ceb@group-C80134F5F2F6: changes role from CANDIDATE to LEADER at term 1 for changeToLeader
2019-09-26 19:36:59,381 [09429691-744f-4861-b11b-9ae7681d4ceb@group-C80134F5F2F6:LeaderElection10] INFO  impl.RaftServerImpl (ServerState.java:setLeader(253)) - 09429691-744f-4861-b11b-9ae7681d4ceb@group-C80134F5F2F6: change Leader from null to 09429691-744f-4861-b11b-9ae7681d4ceb at term 1 for becomeLeader, leader elected after 5107ms
2019-09-26 19:36:59,382 [09429691-744f-4861-b11b-9ae7681d4ceb@group-C80134F5F2F6:LeaderElection10] INFO  server.RaftServerConfigKeys (ConfUtils.java:logGet(43)) - raft.server.staging.catchup.gap = 1000 (default)
2019-09-26 19:36:59,382 [09429691-744f-4861-b11b-9ae7681d4ceb@group-C80134F5F2F6:LeaderElection10] INFO  server.RaftServerConfigKeys (ConfUtils.java:logGet(43)) - raft.server.rpc.sleep.time = 25ms (default)
2019-09-26 19:36:59,382 [09429691-744f-4861-b11b-9ae7681d4ceb@group-C80134F5F2F6:LeaderElection10] INFO  server.RaftServerConfigKeys (ConfUtils.java:logGet(43)) - raft.server.write.element-limit = 4096 (default)
2019-09-26 19:36:59,382 [09429691-744f-4861-b11b-9ae7681d4ceb@group-C80134F5F2F6:LeaderElection10] INFO  server.RaftServerConfigKeys (ConfUtils.java:logGet(43)) - raft.server.watch.timeout = 10s (default)
2019-09-26 19:36:59,382 [09429691-744f-4861-b11b-9ae7681d4ceb@group-C80134F5F2F6:LeaderElection10] INFO  server.RaftServerConfigKeys (ConfUtils.java:logGet(43)) - raft.server.watch.timeout.denomination = 1s (default)
2019-09-26 19:36:59,382 [09429691-744f-4861-b11b-9ae7681d4ceb@group-C80134F5F2F6:LeaderElection10] INFO  server.RaftServerConfigKeys (ConfUtils.java:logGet(43)) - raft.server.watch.element-limit = 65536 (default)
2019-09-26 19:36:59,385 [09429691-744f-4861-b11b-9ae7681d4ceb@group-C80134F5F2F6:LeaderElection10] INFO  server.RaftServerConfigKeys (ConfUtils.java:logGet(43)) - raft.server.log.appender.snapshot.chunk.size.max = 16MB (=16777216) (default)
2019-09-26 19:36:59,385 [09429691-744f-4861-b11b-9ae7681d4ceb@group-C80134F5F2F6:LeaderElection10] INFO  server.RaftServerConfigKeys (ConfUtils.java:logGet(43)) - raft.server.log.appender.buffer.byte-limit = 33554432 (custom)
2019-09-26 19:36:59,385 [09429691-744f-4861-b11b-9ae7681d4ceb@group-C80134F5F2F6:LeaderElection10] INFO  server.RaftServerConfigKeys (ConfUtils.java:logGet(43)) - raft.server.log.appender.buffer.element-limit = 1 (custom)
2019-09-26 19:36:59,385 [09429691-744f-4861-b11b-9ae7681d4ceb@group-C80134F5F2F6:LeaderElection10] INFO  grpc.GrpcConfigKeys$Server (ConfUtils.java:logGet(43)) - raft.grpc.server.leader.outstanding.appends.max = 128 (default)
2019-09-26 19:36:59,385 [09429691-744f-4861-b11b-9ae7681d4ceb@group-C80134F5F2F6:LeaderElection10] INFO  server.RaftServerConfigKeys (ConfUtils.java:logGet(43)) - raft.server.rpc.request.timeout = 3000ms (default)
2019-09-26 19:36:59,385 [09429691-744f-4861-b11b-9ae7681d4ceb@group-C80134F5F2F6:LeaderElection10] INFO  server.RaftServerConfigKeys (ConfUtils.java:logGet(43)) - raft.server.log.appender.install.snapshot.enabled = false (custom)
2019-09-26 19:36:59,386 [09429691-744f-4861-b11b-9ae7681d4ceb@group-C80134F5F2F6:LeaderElection10] INFO  server.RaftServerConfigKeys (ConfUtils.java:logGet(43)) - raft.server.log.appender.snapshot.chunk.size.max = 16MB (=16777216) (default)
2019-09-26 19:36:59,386 [09429691-744f-4861-b11b-9ae7681d4ceb@group-C80134F5F2F6:LeaderElection10] INFO  server.RaftServerConfigKeys (ConfUtils.java:logGet(43)) - raft.server.log.appender.buffer.byte-limit = 33554432 (custom)
2019-09-26 19:36:59,386 [09429691-744f-4861-b11b-9ae7681d4ceb@group-C80134F5F2F6:LeaderElection10] INFO  server.RaftServerConfigKeys (ConfUtils.java:logGet(43)) - raft.server.log.appender.buffer.element-limit = 1 (custom)
2019-09-26 19:36:59,386 [09429691-744f-4861-b11b-9ae7681d4ceb@group-C80134F5F2F6:LeaderElection10] INFO  grpc.GrpcConfigKeys$Server (ConfUtils.java:logGet(43)) - raft.grpc.server.leader.outstanding.appends.max = 128 (default)
2019-09-26 19:36:59,386 [09429691-744f-4861-b11b-9ae7681d4ceb@group-C80134F5F2F6:LeaderElection10] INFO  server.RaftServerConfigKeys (ConfUtils.java:logGet(43)) - raft.server.rpc.request.timeout = 3000ms (default)
2019-09-26 19:36:59,386 [09429691-744f-4861-b11b-9ae7681d4ceb@group-C80134F5F2F6:LeaderElection10] INFO  server.RaftServerConfigKeys (ConfUtils.java:logGet(43)) - raft.server.log.appender.install.snapshot.enabled = false (custom)
2019-09-26 19:36:59,386 [09429691-744f-4861-b11b-9ae7681d4ceb@group-C80134F5F2F6:LeaderElection10] INFO  impl.RoleInfo (RoleInfo.java:updateAndGet(143)) - 09429691-744f-4861-b11b-9ae7681d4ceb: start LeaderState
2019-09-26 19:36:59,387 [09429691-744f-4861-b11b-9ae7681d4ceb@group-C80134F5F2F6:LeaderElection10] INFO  segmented.SegmentedRaftLogWorker (SegmentedRaftLogWorker.java:startLogSegment(380)) - 09429691-744f-4861-b11b-9ae7681d4ceb@group-C80134F5F2F6-SegmentedRaftLogWorker: Starting segment from index:0
2019-09-26 19:36:59,387 [09429691-744f-4861-b11b-9ae7681d4ceb@group-C80134F5F2F6:LeaderElection10] INFO  impl.RaftServerImpl (ServerState.java:setRaftConf(354)) - 09429691-744f-4861-b11b-9ae7681d4ceb@group-C80134F5F2F6: set configuration 0: [019e0474-f11b-4d9b-b1d9-dfb81ad19a47:192.168.151.109:44237, 129507e1-6443-4048-8b61-9b25a6688b7b:192.168.151.109:44225, 09429691-744f-4861-b11b-9ae7681d4ceb:192.168.151.109:36334], old=null at 0
2019-09-26 19:36:59,416 [grpc-default-executor-1] INFO  impl.RaftServerImpl (ServerState.java:setLeader(253)) - 129507e1-6443-4048-8b61-9b25a6688b7b@group-C80134F5F2F6: change Leader from null to 09429691-744f-4861-b11b-9ae7681d4ceb at term 1 for appendEntries, leader elected after 5142ms
2019-09-26 19:36:59,416 [grpc-default-executor-0] INFO  impl.RaftServerImpl (ServerState.java:setLeader(253)) - 019e0474-f11b-4d9b-b1d9-dfb81ad19a47@group-C80134F5F2F6: change Leader from null to 09429691-744f-4861-b11b-9ae7681d4ceb at term 1 for appendEntries, leader elected after 5142ms
2019-09-26 19:36:59,420 [grpc-default-executor-0] INFO  impl.RaftServerImpl (ServerState.java:setRaftConf(354)) - 129507e1-6443-4048-8b61-9b25a6688b7b@group-C80134F5F2F6: set configuration 0: [019e0474-f11b-4d9b-b1d9-dfb81ad19a47:192.168.151.109:44237, 129507e1-6443-4048-8b61-9b25a6688b7b:192.168.151.109:44225, 09429691-744f-4861-b11b-9ae7681d4ceb:192.168.151.109:36334], old=null at 0
2019-09-26 19:36:59,420 [grpc-default-executor-1] INFO  impl.RaftServerImpl (ServerState.java:setRaftConf(354)) - 019e0474-f11b-4d9b-b1d9-dfb81ad19a47@group-C80134F5F2F6: set configuration 0: [019e0474-f11b-4d9b-b1d9-dfb81ad19a47:192.168.151.109:44237, 129507e1-6443-4048-8b61-9b25a6688b7b:192.168.151.109:44225, 09429691-744f-4861-b11b-9ae7681d4ceb:192.168.151.109:36334], old=null at 0
2019-09-26 19:36:59,420 [grpc-default-executor-0] INFO  segmented.SegmentedRaftLogWorker (SegmentedRaftLogWorker.java:startLogSegment(380)) - 129507e1-6443-4048-8b61-9b25a6688b7b@group-C80134F5F2F6-SegmentedRaftLogWorker: Starting segment from index:0
2019-09-26 19:36:59,420 [grpc-default-executor-1] INFO  segmented.SegmentedRaftLogWorker (SegmentedRaftLogWorker.java:startLogSegment(380)) - 019e0474-f11b-4d9b-b1d9-dfb81ad19a47@group-C80134F5F2F6-SegmentedRaftLogWorker: Starting segment from index:0
2019-09-26 19:36:59,426 [09429691-744f-4861-b11b-9ae7681d4ceb@group-C80134F5F2F6-SegmentedRaftLogWorker] INFO  segmented.SegmentedRaftLogWorker (SegmentedRaftLogWorker.java:execute(569)) - 09429691-744f-4861-b11b-9ae7681d4ceb@group-C80134F5F2F6-SegmentedRaftLogWorker: created new log segment /workdir/hadoop-ozone/integration-test/target/test-dir/MiniOzoneClusterImpl-4433af00-9fad-440b-a2a6-00e4f6de7d20/datanode-0/data/ratis/95b59769-385c-4f7b-b743-c80134f5f2f6/current/log_inprogress_0
2019-09-26 19:36:59,439 [019e0474-f11b-4d9b-b1d9-dfb81ad19a47@group-C80134F5F2F6-SegmentedRaftLogWorker] INFO  segmented.SegmentedRaftLogWorker (SegmentedRaftLogWorker.java:execute(569)) - 019e0474-f11b-4d9b-b1d9-dfb81ad19a47@group-C80134F5F2F6-SegmentedRaftLogWorker: created new log segment /workdir/hadoop-ozone/integration-test/target/test-dir/MiniOzoneClusterImpl-4433af00-9fad-440b-a2a6-00e4f6de7d20/datanode-6/data/ratis/95b59769-385c-4f7b-b743-c80134f5f2f6/current/log_inprogress_0
2019-09-26 19:36:59,459 [129507e1-6443-4048-8b61-9b25a6688b7b@group-C80134F5F2F6-SegmentedRaftLogWorker] INFO  segmented.SegmentedRaftLogWorker (SegmentedRaftLogWorker.java:execute(569)) - 129507e1-6443-4048-8b61-9b25a6688b7b@group-C80134F5F2F6-SegmentedRaftLogWorker: created new log segment /workdir/hadoop-ozone/integration-test/target/test-dir/MiniOzoneClusterImpl-4433af00-9fad-440b-a2a6-00e4f6de7d20/datanode-5/data/ratis/95b59769-385c-4f7b-b743-c80134f5f2f6/current/log_inprogress_0
2019-09-26 19:36:59,639 [grpc-default-executor-2] WARN  server.GrpcLogAppender (LogUtils.java:warn(134)) - 019e0474-f11b-4d9b-b1d9-dfb81ad19a47@group-84137ED07D77->083f4781-77b8-4075-9ff2-fe5b3cab259c-AppendLogResponseHandler: Failed appendEntries: org.apache.ratis.thirdparty.io.grpc.StatusRuntimeException: UNAVAILABLE: io exception
2019-09-26 19:36:59,640 [grpc-default-executor-2] INFO  impl.FollowerInfo (FollowerInfo.java:lambda$new$0(51)) - 019e0474-f11b-4d9b-b1d9-dfb81ad19a47@group-84137ED07D77->083f4781-77b8-4075-9ff2-fe5b3cab259c: nextIndex: updateUnconditionally 0 -> 0
2019-09-26 19:36:59,644 [grpc-default-executor-0] WARN  server.GrpcLogAppender (LogUtils.java:warn(134)) - 019e0474-f11b-4d9b-b1d9-dfb81ad19a47@group-84137ED07D77->d8375c21-18fd-4797-9ca8-e7753d52871e-AppendLogResponseHandler: Failed appendEntries: org.apache.ratis.thirdparty.io.grpc.StatusRuntimeException: UNAVAILABLE: io exception
2019-09-26 19:36:59,645 [grpc-default-executor-0] INFO  impl.FollowerInfo (FollowerInfo.java:lambda$new$0(51)) - 019e0474-f11b-4d9b-b1d9-dfb81ad19a47@group-84137ED07D77->d8375c21-18fd-4797-9ca8-e7753d52871e: nextIndex: updateUnconditionally 0 -> 0
2019-09-26 19:37:00,147 [ForkJoinPool.commonPool-worker-0] INFO  ozoneimpl.OzoneContainer (OzoneContainer.java:stop(231)) - Attempting to stop container services.
2019-09-26 19:37:00,150 [main] INFO  ozoneimpl.OzoneContainer (OzoneContainer.java:stop(231)) - Attempting to stop container services.
2019-09-26 19:37:00,150 [ForkJoinPool.commonPool-worker-0] INFO  impl.RaftServerProxy (RaftServerProxy.java:lambda$close$4(314)) - 09429691-744f-4861-b11b-9ae7681d4ceb: close
2019-09-26 19:37:00,150 [main] INFO  impl.RaftServerProxy (RaftServerProxy.java:lambda$close$4(314)) - 019e0474-f11b-4d9b-b1d9-dfb81ad19a47: close
2019-09-26 19:37:00,150 [ForkJoinPool.commonPool-worker-0] INFO  impl.RaftServerImpl (RaftServerImpl.java:lambda$shutdown$3(251)) - 09429691-744f-4861-b11b-9ae7681d4ceb@group-9ED5C7024BA3: shutdown
2019-09-26 19:37:00,151 [main] INFO  impl.RaftServerImpl (RaftServerImpl.java:lambda$shutdown$3(251)) - 019e0474-f11b-4d9b-b1d9-dfb81ad19a47@group-34638C532BCF: shutdown
2019-09-26 19:37:00,151 [ForkJoinPool.commonPool-worker-0] INFO  util.JmxRegister (JmxRegister.java:unregister(73)) - Successfully un-registered JMX Bean with object name Ratis:service=RaftServer,group=group-9ED5C7024BA3,id=09429691-744f-4861-b11b-9ae7681d4ceb
2019-09-26 19:37:00,151 [main] INFO  util.JmxRegister (JmxRegister.java:unregister(73)) - Successfully un-registered JMX Bean with object name Ratis:service=RaftServer,group=group-34638C532BCF,id=019e0474-f11b-4d9b-b1d9-dfb81ad19a47
2019-09-26 19:37:00,152 [ForkJoinPool.commonPool-worker-0] INFO  impl.RoleInfo (RoleInfo.java:shutdownLeaderState(104)) - 09429691-744f-4861-b11b-9ae7681d4ceb: shutdown LeaderState
2019-09-26 19:37:00,152 [main] INFO  impl.RoleInfo (RoleInfo.java:shutdownLeaderState(104)) - 019e0474-f11b-4d9b-b1d9-dfb81ad19a47: shutdown LeaderState
2019-09-26 19:37:00,152 [ForkJoinPool.commonPool-worker-0] INFO  impl.PendingRequests (PendingRequests.java:sendNotLeaderResponses(202)) - 09429691-744f-4861-b11b-9ae7681d4ceb-PendingRequests: sendNotLeaderResponses
2019-09-26 19:37:00,153 [main] INFO  impl.PendingRequests (PendingRequests.java:sendNotLeaderResponses(202)) - 019e0474-f11b-4d9b-b1d9-dfb81ad19a47-PendingRequests: sendNotLeaderResponses
2019-09-26 19:37:00,153 [ForkJoinPool.commonPool-worker-0] INFO  impl.StateMachineUpdater (StateMachineUpdater.java:stopAndJoin(125)) - 09429691-744f-4861-b11b-9ae7681d4ceb@group-9ED5C7024BA3-StateMachineUpdater: set stopIndex = 0
2019-09-26 19:37:00,154 [main] INFO  impl.StateMachineUpdater (StateMachineUpdater.java:stopAndJoin(125)) - 019e0474-f11b-4d9b-b1d9-dfb81ad19a47@group-34638C532BCF-StateMachineUpdater: set stopIndex = 0
2019-09-26 19:37:00,154 [ForkJoinPool.commonPool-worker-0] INFO  impl.RaftServerImpl (ServerState.java:close(385)) - 09429691-744f-4861-b11b-9ae7681d4ceb@group-9ED5C7024BA3: closes. applyIndex: 0
2019-09-26 19:37:00,157 [main] INFO  impl.RaftServerImpl (ServerState.java:close(385)) - 019e0474-f11b-4d9b-b1d9-dfb81ad19a47@group-34638C532BCF: closes. applyIndex: 0
2019-09-26 19:37:00,157 [09429691-744f-4861-b11b-9ae7681d4ceb@group-9ED5C7024BA3-SegmentedRaftLogWorker] INFO  segmented.SegmentedRaftLogWorker (SegmentedRaftLogWorker.java:run(313)) - 09429691-744f-4861-b11b-9ae7681d4ceb@group-9ED5C7024BA3-SegmentedRaftLogWorker was interrupted, exiting. There are 0 tasks remaining in the queue.
2019-09-26 19:37:00,159 [019e0474-f11b-4d9b-b1d9-dfb81ad19a47@group-34638C532BCF-SegmentedRaftLogWorker] INFO  segmented.SegmentedRaftLogWorker (SegmentedRaftLogWorker.java:run(313)) - 019e0474-f11b-4d9b-b1d9-dfb81ad19a47@group-34638C532BCF-SegmentedRaftLogWorker was interrupted, exiting. There are 0 tasks remaining in the queue.
2019-09-26 19:37:00,159 [ForkJoinPool.commonPool-worker-0] INFO  segmented.SegmentedRaftLogWorker (SegmentedRaftLogWorker.java:close(228)) - 09429691-744f-4861-b11b-9ae7681d4ceb@group-9ED5C7024BA3-SegmentedRaftLogWorker close()
2019-09-26 19:37:00,161 [main] INFO  segmented.SegmentedRaftLogWorker (SegmentedRaftLogWorker.java:close(228)) - 019e0474-f11b-4d9b-b1d9-dfb81ad19a47@group-34638C532BCF-SegmentedRaftLogWorker close()
2019-09-26 19:37:00,163 [ForkJoinPool.commonPool-worker-0] INFO  impl.RaftServerImpl (RaftServerImpl.java:lambda$shutdown$3(251)) - 09429691-744f-4861-b11b-9ae7681d4ceb@group-80AFD52FC61F: shutdown
2019-09-26 19:37:00,166 [main] INFO  impl.RaftServerImpl (RaftServerImpl.java:lambda$shutdown$3(251)) - 019e0474-f11b-4d9b-b1d9-dfb81ad19a47@group-84137ED07D77: shutdown
2019-09-26 19:37:00,166 [ForkJoinPool.commonPool-worker-0] INFO  util.JmxRegister (JmxRegister.java:unregister(73)) - Successfully un-registered JMX Bean with object name Ratis:service=RaftServer,group=group-80AFD52FC61F,id=09429691-744f-4861-b11b-9ae7681d4ceb
2019-09-26 19:37:00,167 [main] INFO  util.JmxRegister (JmxRegister.java:unregister(73)) - Successfully un-registered JMX Bean with object name Ratis:service=RaftServer,group=group-84137ED07D77,id=019e0474-f11b-4d9b-b1d9-dfb81ad19a47
2019-09-26 19:37:00,167 [ForkJoinPool.commonPool-worker-0] INFO  impl.RoleInfo (RoleInfo.java:shutdownFollowerState(121)) - 09429691-744f-4861-b11b-9ae7681d4ceb: shutdown FollowerState
2019-09-26 19:37:00,167 [main] INFO  impl.RoleInfo (RoleInfo.java:shutdownLeaderState(104)) - 019e0474-f11b-4d9b-b1d9-dfb81ad19a47: shutdown LeaderState
2019-09-26 19:37:00,167 [Thread-297] INFO  impl.FollowerState (FollowerState.java:run(115)) - 09429691-744f-4861-b11b-9ae7681d4ceb: FollowerState was interrupted: java.lang.InterruptedException: sleep interrupted
2019-09-26 19:37:00,167 [ForkJoinPool.commonPool-worker-0] INFO  impl.StateMachineUpdater (StateMachineUpdater.java:stopAndJoin(125)) - 09429691-744f-4861-b11b-9ae7681d4ceb@group-80AFD52FC61F-StateMachineUpdater: set stopIndex = 0
2019-09-26 19:37:00,170 [org.apache.ratis.server.impl.LogAppender$AppenderDaemon$$Lambda$404/389831226@3de554f2] WARN  server.GrpcLogAppender (GrpcLogAppender.java:mayWait(143)) - 019e0474-f11b-4d9b-b1d9-dfb81ad19a47@group-84137ED07D77->d8375c21-18fd-4797-9ca8-e7753d52871e-GrpcLogAppender: Wait interrupted by java.lang.InterruptedException
2019-09-26 19:37:00,171 [org.apache.ratis.server.impl.LogAppender$AppenderDaemon$$Lambda$404/389831226@320255ca] WARN  server.GrpcLogAppender (GrpcLogAppender.java:mayWait(143)) - 019e0474-f11b-4d9b-b1d9-dfb81ad19a47@group-84137ED07D77->083f4781-77b8-4075-9ff2-fe5b3cab259c-GrpcLogAppender: Wait interrupted by java.lang.InterruptedException
2019-09-26 19:37:00,170 [main] INFO  impl.PendingRequests (PendingRequests.java:sendNotLeaderResponses(202)) - 019e0474-f11b-4d9b-b1d9-dfb81ad19a47-PendingRequests: sendNotLeaderResponses
2019-09-26 19:37:00,172 [ForkJoinPool.commonPool-worker-0] INFO  impl.RaftServerImpl (ServerState.java:close(385)) - 09429691-744f-4861-b11b-9ae7681d4ceb@group-80AFD52FC61F: closes. applyIndex: 0
2019-09-26 19:37:00,172 [main] INFO  impl.StateMachineUpdater (StateMachineUpdater.java:stopAndJoin(125)) - 019e0474-f11b-4d9b-b1d9-dfb81ad19a47@group-84137ED07D77-StateMachineUpdater: set stopIndex = 0
2019-09-26 19:37:00,173 [09429691-744f-4861-b11b-9ae7681d4ceb@group-80AFD52FC61F-SegmentedRaftLogWorker] INFO  segmented.SegmentedRaftLogWorker (SegmentedRaftLogWorker.java:run(313)) - 09429691-744f-4861-b11b-9ae7681d4ceb@group-80AFD52FC61F-SegmentedRaftLogWorker was interrupted, exiting. There are 0 tasks remaining in the queue.
2019-09-26 19:37:00,173 [main] INFO  impl.RaftServerImpl (ServerState.java:close(385)) - 019e0474-f11b-4d9b-b1d9-dfb81ad19a47@group-84137ED07D77: closes. applyIndex: 0
2019-09-26 19:37:00,174 [ForkJoinPool.commonPool-worker-0] INFO  segmented.SegmentedRaftLogWorker (SegmentedRaftLogWorker.java:close(228)) - 09429691-744f-4861-b11b-9ae7681d4ceb@group-80AFD52FC61F-SegmentedRaftLogWorker close()
2019-09-26 19:37:00,175 [019e0474-f11b-4d9b-b1d9-dfb81ad19a47@group-84137ED07D77-SegmentedRaftLogWorker] INFO  segmented.SegmentedRaftLogWorker (SegmentedRaftLogWorker.java:run(313)) - 019e0474-f11b-4d9b-b1d9-dfb81ad19a47@group-84137ED07D77-SegmentedRaftLogWorker was interrupted, exiting. There are 0 tasks remaining in the queue.
2019-09-26 19:37:00,180 [ForkJoinPool.commonPool-worker-0] INFO  impl.RaftServerImpl (RaftServerImpl.java:lambda$shutdown$3(251)) - 09429691-744f-4861-b11b-9ae7681d4ceb@group-C80134F5F2F6: shutdown
2019-09-26 19:37:00,180 [main] INFO  segmented.SegmentedRaftLogWorker (SegmentedRaftLogWorker.java:close(228)) - 019e0474-f11b-4d9b-b1d9-dfb81ad19a47@group-84137ED07D77-SegmentedRaftLogWorker close()
2019-09-26 19:37:00,181 [ForkJoinPool.commonPool-worker-0] INFO  util.JmxRegister (JmxRegister.java:unregister(73)) - Successfully un-registered JMX Bean with object name Ratis:service=RaftServer,group=group-C80134F5F2F6,id=09429691-744f-4861-b11b-9ae7681d4ceb
2019-09-26 19:37:00,182 [main] INFO  impl.RaftServerImpl (RaftServerImpl.java:lambda$shutdown$3(251)) - 019e0474-f11b-4d9b-b1d9-dfb81ad19a47@group-C80134F5F2F6: shutdown
2019-09-26 19:37:00,182 [ForkJoinPool.commonPool-worker-0] INFO  impl.RoleInfo (RoleInfo.java:shutdownLeaderState(104)) - 09429691-744f-4861-b11b-9ae7681d4ceb: shutdown LeaderState
2019-09-26 19:37:00,183 [main] INFO  util.JmxRegister (JmxRegister.java:unregister(73)) - Successfully un-registered JMX Bean with object name Ratis:service=RaftServer,group=group-C80134F5F2F6,id=019e0474-f11b-4d9b-b1d9-dfb81ad19a47
2019-09-26 19:37:00,185 [main] INFO  impl.RoleInfo (RoleInfo.java:shutdownFollowerState(121)) - 019e0474-f11b-4d9b-b1d9-dfb81ad19a47: shutdown FollowerState
2019-09-26 19:37:00,185 [ForkJoinPool.commonPool-worker-0] INFO  impl.PendingRequests (PendingRequests.java:sendNotLeaderResponses(202)) - 09429691-744f-4861-b11b-9ae7681d4ceb-PendingRequests: sendNotLeaderResponses
2019-09-26 19:37:00,185 [org.apache.ratis.server.impl.LogAppender$AppenderDaemon$$Lambda$404/389831226@17c7aea0] WARN  server.GrpcLogAppender (GrpcLogAppender.java:mayWait(143)) - 09429691-744f-4861-b11b-9ae7681d4ceb@group-C80134F5F2F6->129507e1-6443-4048-8b61-9b25a6688b7b-GrpcLogAppender: Wait interrupted by java.lang.InterruptedException
2019-09-26 19:37:00,185 [org.apache.ratis.server.impl.LogAppender$AppenderDaemon$$Lambda$404/389831226@4ac1e8ef] WARN  server.GrpcLogAppender (GrpcLogAppender.java:mayWait(143)) - 09429691-744f-4861-b11b-9ae7681d4ceb@group-C80134F5F2F6->019e0474-f11b-4d9b-b1d9-dfb81ad19a47-GrpcLogAppender: Wait interrupted by java.lang.InterruptedException
2019-09-26 19:37:00,186 [ForkJoinPool.commonPool-worker-0] INFO  impl.StateMachineUpdater (StateMachineUpdater.java:stopAndJoin(125)) - 09429691-744f-4861-b11b-9ae7681d4ceb@group-C80134F5F2F6-StateMachineUpdater: set stopIndex = 0
2019-09-26 19:37:00,186 [Thread-540] INFO  impl.FollowerState (FollowerState.java:run(115)) - 019e0474-f11b-4d9b-b1d9-dfb81ad19a47: FollowerState was interrupted: java.lang.InterruptedException: sleep interrupted
2019-09-26 19:37:00,186 [main] INFO  impl.StateMachineUpdater (StateMachineUpdater.java:stopAndJoin(125)) - 019e0474-f11b-4d9b-b1d9-dfb81ad19a47@group-C80134F5F2F6-StateMachineUpdater: set stopIndex = -1
2019-09-26 19:37:00,189 [ForkJoinPool.commonPool-worker-0] INFO  impl.RaftServerImpl (ServerState.java:close(385)) - 09429691-744f-4861-b11b-9ae7681d4ceb@group-C80134F5F2F6: closes. applyIndex: 0
2019-09-26 19:37:00,194 [main] INFO  impl.RaftServerImpl (ServerState.java:close(385)) - 019e0474-f11b-4d9b-b1d9-dfb81ad19a47@group-C80134F5F2F6: closes. applyIndex: -1
2019-09-26 19:37:00,194 [09429691-744f-4861-b11b-9ae7681d4ceb@group-C80134F5F2F6-SegmentedRaftLogWorker] INFO  segmented.SegmentedRaftLogWorker (SegmentedRaftLogWorker.java:run(313)) - 09429691-744f-4861-b11b-9ae7681d4ceb@group-C80134F5F2F6-SegmentedRaftLogWorker was interrupted, exiting. There are 0 tasks remaining in the queue.
2019-09-26 19:37:00,194 [019e0474-f11b-4d9b-b1d9-dfb81ad19a47@group-C80134F5F2F6-SegmentedRaftLogWorker] INFO  segmented.SegmentedRaftLogWorker (SegmentedRaftLogWorker.java:run(313)) - 019e0474-f11b-4d9b-b1d9-dfb81ad19a47@group-C80134F5F2F6-SegmentedRaftLogWorker was interrupted, exiting. There are 0 tasks remaining in the queue.
2019-09-26 19:37:00,194 [grpc-default-executor-1] INFO  server.GrpcServerProtocolService (GrpcServerProtocolService.java:onCompleted(113)) - 129507e1-6443-4048-8b61-9b25a6688b7b: Completed APPEND_ENTRIES, lastRequest: 09429691-744f-4861-b11b-9ae7681d4ceb->129507e1-6443-4048-8b61-9b25a6688b7b#1-t1, previous=(t:0, i:0), leaderCommit=-1, initializing? false, entries: size=1, first=(t:1, i:0), CONFIGURATIONENTRY
2019-09-26 19:37:00,194 [grpc-default-executor-0] INFO  server.GrpcServerProtocolService (GrpcServerProtocolService.java:onCompleted(113)) - 019e0474-f11b-4d9b-b1d9-dfb81ad19a47: Completed APPEND_ENTRIES, lastRequest: 09429691-744f-4861-b11b-9ae7681d4ceb->019e0474-f11b-4d9b-b1d9-dfb81ad19a47#1-t1, previous=(t:0, i:0), leaderCommit=-1, initializing? false, entries: size=1, first=(t:1, i:0), CONFIGURATIONENTRY
2019-09-26 19:37:00,195 [main] INFO  segmented.SegmentedRaftLogWorker (SegmentedRaftLogWorker.java:close(228)) - 019e0474-f11b-4d9b-b1d9-dfb81ad19a47@group-C80134F5F2F6-SegmentedRaftLogWorker close()
2019-09-26 19:37:00,194 [ForkJoinPool.commonPool-worker-0] INFO  segmented.SegmentedRaftLogWorker (SegmentedRaftLogWorker.java:close(228)) - 09429691-744f-4861-b11b-9ae7681d4ceb@group-C80134F5F2F6-SegmentedRaftLogWorker close()
2019-09-26 19:37:00,198 [grpc-default-executor-1] INFO  server.GrpcLogAppender (GrpcLogAppender.java:onCompleted(293)) - 09429691-744f-4861-b11b-9ae7681d4ceb@group-C80134F5F2F6->129507e1-6443-4048-8b61-9b25a6688b7b-AppendLogResponseHandler: follower responses appendEntries COMPLETED
2019-09-26 19:37:00,198 [main] INFO  server.GrpcService (GrpcService.java:closeImpl(164)) - 019e0474-f11b-4d9b-b1d9-dfb81ad19a47: shutdown server with port 44237 now
2019-09-26 19:37:00,201 [grpc-default-executor-1] INFO  impl.FollowerInfo (FollowerInfo.java:lambda$new$0(51)) - 09429691-744f-4861-b11b-9ae7681d4ceb@group-C80134F5F2F6->129507e1-6443-4048-8b61-9b25a6688b7b: nextIndex: updateUnconditionally 1 -> 0
2019-09-26 19:37:00,199 [ForkJoinPool.commonPool-worker-0] INFO  server.GrpcService (GrpcService.java:closeImpl(164)) - 09429691-744f-4861-b11b-9ae7681d4ceb: shutdown server with port 36334 now
2019-09-26 19:37:00,198 [grpc-default-executor-2] INFO  server.GrpcLogAppender (GrpcLogAppender.java:onCompleted(293)) - 09429691-744f-4861-b11b-9ae7681d4ceb@group-C80134F5F2F6->019e0474-f11b-4d9b-b1d9-dfb81ad19a47-AppendLogResponseHandler: follower responses appendEntries COMPLETED
2019-09-26 19:37:00,203 [ForkJoinPool.commonPool-worker-0] INFO  server.GrpcService (GrpcService.java:closeImpl(172)) - 09429691-744f-4861-b11b-9ae7681d4ceb: shutdown server with port 36334 successfully
2019-09-26 19:37:00,203 [main] INFO  server.GrpcService (GrpcService.java:closeImpl(172)) - 019e0474-f11b-4d9b-b1d9-dfb81ad19a47: shutdown server with port 44237 successfully
2019-09-26 19:37:00,203 [grpc-default-executor-2] INFO  impl.FollowerInfo (FollowerInfo.java:lambda$new$0(51)) - 09429691-744f-4861-b11b-9ae7681d4ceb@group-C80134F5F2F6->019e0474-f11b-4d9b-b1d9-dfb81ad19a47: nextIndex: updateUnconditionally 1 -> 0
2019-09-26 19:37:00,212 [refreshUsed-/workdir/hadoop-ozone/integration-test/target/test-dir/MiniOzoneClusterImpl-4433af00-9fad-440b-a2a6-00e4f6de7d20/datanode-6/data/containers] WARN  fs.CachingGetSpaceUsed (CachingGetSpaceUsed.java:run(183)) - Thread Interrupted waiting to refresh disk information: sleep interrupted
2019-09-26 19:37:00,216 [refreshUsed-/workdir/hadoop-ozone/integration-test/target/test-dir/MiniOzoneClusterImpl-4433af00-9fad-440b-a2a6-00e4f6de7d20/datanode-0/data/containers] WARN  fs.CachingGetSpaceUsed (CachingGetSpaceUsed.java:run(183)) - Thread Interrupted waiting to refresh disk information: sleep interrupted
2019-09-26 19:37:00,229 [main] INFO  utils.BackgroundService (BackgroundService.java:shutdown(148)) - Shutting down service BlockDeletingService
2019-09-26 19:37:00,233 [main] INFO  statemachine.DatanodeStateMachine (DatanodeStateMachine.java:stopDaemon(395)) - Ozone container server stopped.
2019-09-26 19:37:00,234 [main] INFO  handler.ContextHandler (ContextHandler.java:doStop(910)) - Stopped o.e.j.w.WebAppContext@984169e{/,null,UNAVAILABLE}{/hddsDatanode}
2019-09-26 19:37:00,234 [main] INFO  server.AbstractConnector (AbstractConnector.java:doStop(318)) - Stopped ServerConnector@43f1bb92{HTTP/1.1,[http/1.1]}{0.0.0.0:0}
2019-09-26 19:37:00,235 [main] INFO  handler.ContextHandler (ContextHandler.java:doStop(910)) - Stopped o.e.j.s.ServletContextHandler@574a89e2{/static,jar:file:/home/user/.m2/repository/org/apache/hadoop/hadoop-hdds-container-service/0.5.0-SNAPSHOT/hadoop-hdds-container-service-0.5.0-SNAPSHOT.jar!/webapps/static,UNAVAILABLE}
2019-09-26 19:37:00,235 [main] INFO  handler.ContextHandler (ContextHandler.java:doStop(910)) - Stopped o.e.j.s.ServletContextHandler@753aca85{/logs,file:///workdir/hadoop-ozone/integration-test/target/log,UNAVAILABLE}
2019-09-26 19:37:00,236 [ForkJoinPool.commonPool-worker-0] INFO  utils.BackgroundService (BackgroundService.java:shutdown(148)) - Shutting down service BlockDeletingService
2019-09-26 19:37:00,239 [ForkJoinPool.commonPool-worker-0] INFO  statemachine.DatanodeStateMachine (DatanodeStateMachine.java:stopDaemon(395)) - Ozone container server stopped.
2019-09-26 19:37:00,242 [ForkJoinPool.commonPool-worker-0] INFO  handler.ContextHandler (ContextHandler.java:doStop(910)) - Stopped o.e.j.w.WebAppContext@6edcad64{/,null,UNAVAILABLE}{/hddsDatanode}
2019-09-26 19:37:00,242 [ForkJoinPool.commonPool-worker-0] INFO  server.AbstractConnector (AbstractConnector.java:doStop(318)) - Stopped ServerConnector@4c6007fb{HTTP/1.1,[http/1.1]}{0.0.0.0:0}
2019-09-26 19:37:00,243 [ForkJoinPool.commonPool-worker-0] INFO  handler.ContextHandler (ContextHandler.java:doStop(910)) - Stopped o.e.j.s.ServletContextHandler@d109c4f{/static,jar:file:/home/user/.m2/repository/org/apache/hadoop/hadoop-hdds-container-service/0.5.0-SNAPSHOT/hadoop-hdds-container-service-0.5.0-SNAPSHOT.jar!/webapps/static,UNAVAILABLE}
2019-09-26 19:37:00,245 [ForkJoinPool.commonPool-worker-0] INFO  handler.ContextHandler (ContextHandler.java:doStop(910)) - Stopped o.e.j.s.ServletContextHandler@4eba373c{/logs,file:///workdir/hadoop-ozone/integration-test/target/log,UNAVAILABLE}
2019-09-26 19:37:01,029 [Datanode State Machine Thread - 0] INFO  statemachine.DatanodeStateMachine (DatanodeStateMachine.java:lambda$startDaemon$0(350)) - Ozone container server started.
2019-09-26 19:37:01,587 [Thread-298] INFO  impl.FollowerState (FollowerState.java:run(106)) - 129507e1-6443-4048-8b61-9b25a6688b7b:group-80AFD52FC61F changes to CANDIDATE, lastRpcTime:6559, electionTimeout:5136ms
2019-09-26 19:37:01,588 [Thread-298] INFO  impl.RoleInfo (RoleInfo.java:shutdownFollowerState(121)) - 129507e1-6443-4048-8b61-9b25a6688b7b: shutdown FollowerState
2019-09-26 19:37:01,588 [Thread-298] INFO  impl.RaftServerImpl (RaftServerImpl.java:setRole(174)) - 129507e1-6443-4048-8b61-9b25a6688b7b@group-80AFD52FC61F: changes role from  FOLLOWER to CANDIDATE at term 1 for changeToCandidate
2019-09-26 19:37:01,588 [Thread-298] INFO  impl.RoleInfo (RoleInfo.java:updateAndGet(143)) - 129507e1-6443-4048-8b61-9b25a6688b7b: start LeaderElection
2019-09-26 19:37:01,589 [129507e1-6443-4048-8b61-9b25a6688b7b@group-80AFD52FC61F:LeaderElection11] INFO  impl.RaftServerImpl (ServerState.java:setLeader(253)) - 129507e1-6443-4048-8b61-9b25a6688b7b@group-80AFD52FC61F: change Leader from c0ff19f7-d82e-4304-a9a9-085bd668c982 to null at term 1 for initElection
2019-09-26 19:37:01,603 [129507e1-6443-4048-8b61-9b25a6688b7b@group-80AFD52FC61F:LeaderElection11] INFO  impl.LeaderElection (LeaderElection.java:askForVotes(182)) - 129507e1-6443-4048-8b61-9b25a6688b7b@group-80AFD52FC61F:LeaderElection11: begin an election at term 2 for 0: [129507e1-6443-4048-8b61-9b25a6688b7b:192.168.151.109:44225, c0ff19f7-d82e-4304-a9a9-085bd668c982:192.168.151.109:38574, 09429691-744f-4861-b11b-9ae7681d4ceb:192.168.151.109:36334], old=null
2019-09-26 19:37:01,610 [129507e1-6443-4048-8b61-9b25a6688b7b@group-80AFD52FC61F:LeaderElection11] INFO  impl.LeaderElection (LogUtils.java:infoOrTrace(149)) - 129507e1-6443-4048-8b61-9b25a6688b7b@group-80AFD52FC61F:LeaderElection11 got exception when requesting votes: {}
java.util.concurrent.ExecutionException: org.apache.ratis.thirdparty.io.grpc.StatusRuntimeException: UNAVAILABLE: io exception
	at java.util.concurrent.FutureTask.report(FutureTask.java:122)
	at java.util.concurrent.FutureTask.get(FutureTask.java:192)
	at org.apache.ratis.server.impl.LeaderElection.waitForResults(LeaderElection.java:263)
	at org.apache.ratis.server.impl.LeaderElection.askForVotes(LeaderElection.java:201)
	at org.apache.ratis.server.impl.LeaderElection.run(LeaderElection.java:133)
	at java.lang.Thread.run(Thread.java:748)
Caused by: org.apache.ratis.thirdparty.io.grpc.StatusRuntimeException: UNAVAILABLE: io exception
	at org.apache.ratis.thirdparty.io.grpc.stub.ClientCalls.toStatusRuntimeException(ClientCalls.java:233)
	at org.apache.ratis.thirdparty.io.grpc.stub.ClientCalls.getUnchecked(ClientCalls.java:214)
	at org.apache.ratis.thirdparty.io.grpc.stub.ClientCalls.blockingUnaryCall(ClientCalls.java:139)
	at org.apache.ratis.proto.grpc.RaftServerProtocolServiceGrpc$RaftServerProtocolServiceBlockingStub.requestVote(RaftServerProtocolServiceGrpc.java:265)
	at org.apache.ratis.grpc.server.GrpcServerProtocolClient.requestVote(GrpcServerProtocolClient.java:90)
	at org.apache.ratis.grpc.server.GrpcService.requestVote(GrpcService.java:204)
	at org.apache.ratis.server.impl.LeaderElection.lambda$submitRequests$1(LeaderElection.java:238)
	at java.util.concurrent.FutureTask.run(FutureTask.java:266)
	at java.util.concurrent.Executors$RunnableAdapter.call(Executors.java:511)
	at java.util.concurrent.FutureTask.run(FutureTask.java:266)
	at java.util.concurrent.ThreadPoolExecutor.runWorker(ThreadPoolExecutor.java:1149)
	at java.util.concurrent.ThreadPoolExecutor$Worker.run(ThreadPoolExecutor.java:624)
	... 1 more
Caused by: org.apache.ratis.thirdparty.io.netty.channel.AbstractChannel$AnnotatedConnectException: Connection refused: /192.168.151.109:38574
	at sun.nio.ch.SocketChannelImpl.checkConnect(Native Method)
	at sun.nio.ch.SocketChannelImpl.finishConnect(SocketChannelImpl.java:717)
	at org.apache.ratis.thirdparty.io.netty.channel.socket.nio.NioSocketChannel.doFinishConnect(NioSocketChannel.java:327)
	at org.apache.ratis.thirdparty.io.netty.channel.nio.AbstractNioChannel$AbstractNioUnsafe.finishConnect(AbstractNioChannel.java:340)
	at org.apache.ratis.thirdparty.io.netty.channel.nio.NioEventLoop.processSelectedKey(NioEventLoop.java:632)
	at org.apache.ratis.thirdparty.io.netty.channel.nio.NioEventLoop.processSelectedKeysOptimized(NioEventLoop.java:579)
	at org.apache.ratis.thirdparty.io.netty.channel.nio.NioEventLoop.processSelectedKeys(NioEventLoop.java:496)
	at org.apache.ratis.thirdparty.io.netty.channel.nio.NioEventLoop.run(NioEventLoop.java:458)
	at org.apache.ratis.thirdparty.io.netty.util.concurrent.SingleThreadEventExecutor$5.run(SingleThreadEventExecutor.java:897)
	at org.apache.ratis.thirdparty.io.netty.util.concurrent.FastThreadLocalRunnable.run(FastThreadLocalRunnable.java:30)
	... 1 more
Caused by: java.net.ConnectException: Connection refused
	... 11 more
2019-09-26 19:37:01,612 [129507e1-6443-4048-8b61-9b25a6688b7b@group-80AFD52FC61F:LeaderElection11] INFO  impl.LeaderElection (LogUtils.java:infoOrTrace(149)) - 129507e1-6443-4048-8b61-9b25a6688b7b@group-80AFD52FC61F:LeaderElection11 got exception when requesting votes: {}
java.util.concurrent.ExecutionException: org.apache.ratis.thirdparty.io.grpc.StatusRuntimeException: UNAVAILABLE: io exception
	at java.util.concurrent.FutureTask.report(FutureTask.java:122)
	at java.util.concurrent.FutureTask.get(FutureTask.java:192)
	at org.apache.ratis.server.impl.LeaderElection.waitForResults(LeaderElection.java:263)
	at org.apache.ratis.server.impl.LeaderElection.askForVotes(LeaderElection.java:201)
	at org.apache.ratis.server.impl.LeaderElection.run(LeaderElection.java:133)
	at java.lang.Thread.run(Thread.java:748)
Caused by: org.apache.ratis.thirdparty.io.grpc.StatusRuntimeException: UNAVAILABLE: io exception
	at org.apache.ratis.thirdparty.io.grpc.stub.ClientCalls.toStatusRuntimeException(ClientCalls.java:233)
	at org.apache.ratis.thirdparty.io.grpc.stub.ClientCalls.getUnchecked(ClientCalls.java:214)
	at org.apache.ratis.thirdparty.io.grpc.stub.ClientCalls.blockingUnaryCall(ClientCalls.java:139)
	at org.apache.ratis.proto.grpc.RaftServerProtocolServiceGrpc$RaftServerProtocolServiceBlockingStub.requestVote(RaftServerProtocolServiceGrpc.java:265)
	at org.apache.ratis.grpc.server.GrpcServerProtocolClient.requestVote(GrpcServerProtocolClient.java:90)
	at org.apache.ratis.grpc.server.GrpcService.requestVote(GrpcService.java:204)
	at org.apache.ratis.server.impl.LeaderElection.lambda$submitRequests$1(LeaderElection.java:238)
	at java.util.concurrent.FutureTask.run(FutureTask.java:266)
	at java.util.concurrent.Executors$RunnableAdapter.call(Executors.java:511)
	at java.util.concurrent.FutureTask.run(FutureTask.java:266)
	at java.util.concurrent.ThreadPoolExecutor.runWorker(ThreadPoolExecutor.java:1149)
	at java.util.concurrent.ThreadPoolExecutor$Worker.run(ThreadPoolExecutor.java:624)
	... 1 more
Caused by: org.apache.ratis.thirdparty.io.netty.channel.AbstractChannel$AnnotatedConnectException: Connection refused: /192.168.151.109:36334
	at sun.nio.ch.SocketChannelImpl.checkConnect(Native Method)
	at sun.nio.ch.SocketChannelImpl.finishConnect(SocketChannelImpl.java:717)
	at org.apache.ratis.thirdparty.io.netty.channel.socket.nio.NioSocketChannel.doFinishConnect(NioSocketChannel.java:327)
	at org.apache.ratis.thirdparty.io.netty.channel.nio.AbstractNioChannel$AbstractNioUnsafe.finishConnect(AbstractNioChannel.java:340)
	at org.apache.ratis.thirdparty.io.netty.channel.nio.NioEventLoop.processSelectedKey(NioEventLoop.java:632)
	at org.apache.ratis.thirdparty.io.netty.channel.nio.NioEventLoop.processSelectedKeysOptimized(NioEventLoop.java:579)
	at org.apache.ratis.thirdparty.io.netty.channel.nio.NioEventLoop.processSelectedKeys(NioEventLoop.java:496)
	at org.apache.ratis.thirdparty.io.netty.channel.nio.NioEventLoop.run(NioEventLoop.java:458)
	at org.apache.ratis.thirdparty.io.netty.util.concurrent.SingleThreadEventExecutor$5.run(SingleThreadEventExecutor.java:897)
	at org.apache.ratis.thirdparty.io.netty.util.concurrent.FastThreadLocalRunnable.run(FastThreadLocalRunnable.java:30)
	... 1 more
Caused by: java.net.ConnectException: Connection refused
	... 11 more
2019-09-26 19:37:01,613 [129507e1-6443-4048-8b61-9b25a6688b7b@group-80AFD52FC61F:LeaderElection11] INFO  impl.LeaderElection (LeaderElection.java:logAndReturn(56)) - 129507e1-6443-4048-8b61-9b25a6688b7b@group-80AFD52FC61F:LeaderElection11: Election REJECTED; received 0 response(s) [] and 2 exception(s); 129507e1-6443-4048-8b61-9b25a6688b7b@group-80AFD52FC61F:t2, leader=null, voted=129507e1-6443-4048-8b61-9b25a6688b7b, raftlog=129507e1-6443-4048-8b61-9b25a6688b7b@group-80AFD52FC61F-SegmentedRaftLog:OPENED:c0,f0,i0, conf=0: [129507e1-6443-4048-8b61-9b25a6688b7b:192.168.151.109:44225, c0ff19f7-d82e-4304-a9a9-085bd668c982:192.168.151.109:38574, 09429691-744f-4861-b11b-9ae7681d4ceb:192.168.151.109:36334], old=null
2019-09-26 19:37:01,613 [129507e1-6443-4048-8b61-9b25a6688b7b@group-80AFD52FC61F:LeaderElection11] INFO  impl.LeaderElection (LogUtils.java:infoOrTrace(149)) -   Exception 0: {}
java.util.concurrent.ExecutionException: org.apache.ratis.thirdparty.io.grpc.StatusRuntimeException: UNAVAILABLE: io exception
	at java.util.concurrent.FutureTask.report(FutureTask.java:122)
	at java.util.concurrent.FutureTask.get(FutureTask.java:192)
	at org.apache.ratis.server.impl.LeaderElection.waitForResults(LeaderElection.java:263)
	at org.apache.ratis.server.impl.LeaderElection.askForVotes(LeaderElection.java:201)
	at org.apache.ratis.server.impl.LeaderElection.run(LeaderElection.java:133)
	at java.lang.Thread.run(Thread.java:748)
Caused by: org.apache.ratis.thirdparty.io.grpc.StatusRuntimeException: UNAVAILABLE: io exception
	at org.apache.ratis.thirdparty.io.grpc.stub.ClientCalls.toStatusRuntimeException(ClientCalls.java:233)
	at org.apache.ratis.thirdparty.io.grpc.stub.ClientCalls.getUnchecked(ClientCalls.java:214)
	at org.apache.ratis.thirdparty.io.grpc.stub.ClientCalls.blockingUnaryCall(ClientCalls.java:139)
	at org.apache.ratis.proto.grpc.RaftServerProtocolServiceGrpc$RaftServerProtocolServiceBlockingStub.requestVote(RaftServerProtocolServiceGrpc.java:265)
	at org.apache.ratis.grpc.server.GrpcServerProtocolClient.requestVote(GrpcServerProtocolClient.java:90)
	at org.apache.ratis.grpc.server.GrpcService.requestVote(GrpcService.java:204)
	at org.apache.ratis.server.impl.LeaderElection.lambda$submitRequests$1(LeaderElection.java:238)
	at java.util.concurrent.FutureTask.run(FutureTask.java:266)
	at java.util.concurrent.Executors$RunnableAdapter.call(Executors.java:511)
	at java.util.concurrent.FutureTask.run(FutureTask.java:266)
	at java.util.concurrent.ThreadPoolExecutor.runWorker(ThreadPoolExecutor.java:1149)
	at java.util.concurrent.ThreadPoolExecutor$Worker.run(ThreadPoolExecutor.java:624)
	... 1 more
Caused by: org.apache.ratis.thirdparty.io.netty.channel.AbstractChannel$AnnotatedConnectException: Connection refused: /192.168.151.109:38574
	at sun.nio.ch.SocketChannelImpl.checkConnect(Native Method)
	at sun.nio.ch.SocketChannelImpl.finishConnect(SocketChannelImpl.java:717)
	at org.apache.ratis.thirdparty.io.netty.channel.socket.nio.NioSocketChannel.doFinishConnect(NioSocketChannel.java:327)
	at org.apache.ratis.thirdparty.io.netty.channel.nio.AbstractNioChannel$AbstractNioUnsafe.finishConnect(AbstractNioChannel.java:340)
	at org.apache.ratis.thirdparty.io.netty.channel.nio.NioEventLoop.processSelectedKey(NioEventLoop.java:632)
	at org.apache.ratis.thirdparty.io.netty.channel.nio.NioEventLoop.processSelectedKeysOptimized(NioEventLoop.java:579)
	at org.apache.ratis.thirdparty.io.netty.channel.nio.NioEventLoop.processSelectedKeys(NioEventLoop.java:496)
	at org.apache.ratis.thirdparty.io.netty.channel.nio.NioEventLoop.run(NioEventLoop.java:458)
	at org.apache.ratis.thirdparty.io.netty.util.concurrent.SingleThreadEventExecutor$5.run(SingleThreadEventExecutor.java:897)
	at org.apache.ratis.thirdparty.io.netty.util.concurrent.FastThreadLocalRunnable.run(FastThreadLocalRunnable.java:30)
	... 1 more
Caused by: java.net.ConnectException: Connection refused
	... 11 more
2019-09-26 19:37:01,614 [129507e1-6443-4048-8b61-9b25a6688b7b@group-80AFD52FC61F:LeaderElection11] INFO  impl.LeaderElection (LogUtils.java:infoOrTrace(149)) -   Exception 1: {}
java.util.concurrent.ExecutionException: org.apache.ratis.thirdparty.io.grpc.StatusRuntimeException: UNAVAILABLE: io exception
	at java.util.concurrent.FutureTask.report(FutureTask.java:122)
	at java.util.concurrent.FutureTask.get(FutureTask.java:192)
	at org.apache.ratis.server.impl.LeaderElection.waitForResults(LeaderElection.java:263)
	at org.apache.ratis.server.impl.LeaderElection.askForVotes(LeaderElection.java:201)
	at org.apache.ratis.server.impl.LeaderElection.run(LeaderElection.java:133)
	at java.lang.Thread.run(Thread.java:748)
Caused by: org.apache.ratis.thirdparty.io.grpc.StatusRuntimeException: UNAVAILABLE: io exception
	at org.apache.ratis.thirdparty.io.grpc.stub.ClientCalls.toStatusRuntimeException(ClientCalls.java:233)
	at org.apache.ratis.thirdparty.io.grpc.stub.ClientCalls.getUnchecked(ClientCalls.java:214)
	at org.apache.ratis.thirdparty.io.grpc.stub.ClientCalls.blockingUnaryCall(ClientCalls.java:139)
	at org.apache.ratis.proto.grpc.RaftServerProtocolServiceGrpc$RaftServerProtocolServiceBlockingStub.requestVote(RaftServerProtocolServiceGrpc.java:265)
	at org.apache.ratis.grpc.server.GrpcServerProtocolClient.requestVote(GrpcServerProtocolClient.java:90)
	at org.apache.ratis.grpc.server.GrpcService.requestVote(GrpcService.java:204)
	at org.apache.ratis.server.impl.LeaderElection.lambda$submitRequests$1(LeaderElection.java:238)
	at java.util.concurrent.FutureTask.run(FutureTask.java:266)
	at java.util.concurrent.Executors$RunnableAdapter.call(Executors.java:511)
	at java.util.concurrent.FutureTask.run(FutureTask.java:266)
	at java.util.concurrent.ThreadPoolExecutor.runWorker(ThreadPoolExecutor.java:1149)
	at java.util.concurrent.ThreadPoolExecutor$Worker.run(ThreadPoolExecutor.java:624)
	... 1 more
Caused by: org.apache.ratis.thirdparty.io.netty.channel.AbstractChannel$AnnotatedConnectException: Connection refused: /192.168.151.109:36334
	at sun.nio.ch.SocketChannelImpl.checkConnect(Native Method)
	at sun.nio.ch.SocketChannelImpl.finishConnect(SocketChannelImpl.java:717)
	at org.apache.ratis.thirdparty.io.netty.channel.socket.nio.NioSocketChannel.doFinishConnect(NioSocketChannel.java:327)
	at org.apache.ratis.thirdparty.io.netty.channel.nio.AbstractNioChannel$AbstractNioUnsafe.finishConnect(AbstractNioChannel.java:340)
	at org.apache.ratis.thirdparty.io.netty.channel.nio.NioEventLoop.processSelectedKey(NioEventLoop.java:632)
	at org.apache.ratis.thirdparty.io.netty.channel.nio.NioEventLoop.processSelectedKeysOptimized(NioEventLoop.java:579)
	at org.apache.ratis.thirdparty.io.netty.channel.nio.NioEventLoop.processSelectedKeys(NioEventLoop.java:496)
	at org.apache.ratis.thirdparty.io.netty.channel.nio.NioEventLoop.run(NioEventLoop.java:458)
	at org.apache.ratis.thirdparty.io.netty.util.concurrent.SingleThreadEventExecutor$5.run(SingleThreadEventExecutor.java:897)
	at org.apache.ratis.thirdparty.io.netty.util.concurrent.FastThreadLocalRunnable.run(FastThreadLocalRunnable.java:30)
	... 1 more
Caused by: java.net.ConnectException: Connection refused
	... 11 more
2019-09-26 19:37:01,614 [129507e1-6443-4048-8b61-9b25a6688b7b@group-80AFD52FC61F:LeaderElection11] INFO  impl.RaftServerImpl (RaftServerImpl.java:setRole(174)) - 129507e1-6443-4048-8b61-9b25a6688b7b@group-80AFD52FC61F: changes role from CANDIDATE to FOLLOWER at term 2 for DISCOVERED_A_NEW_TERM
2019-09-26 19:37:01,615 [129507e1-6443-4048-8b61-9b25a6688b7b@group-80AFD52FC61F:LeaderElection11] INFO  impl.RoleInfo (RoleInfo.java:shutdownLeaderElection(134)) - 129507e1-6443-4048-8b61-9b25a6688b7b: shutdown LeaderElection
2019-09-26 19:37:01,615 [129507e1-6443-4048-8b61-9b25a6688b7b@group-80AFD52FC61F:LeaderElection11] INFO  impl.RoleInfo (RoleInfo.java:updateAndGet(143)) - 129507e1-6443-4048-8b61-9b25a6688b7b: start FollowerState
2019-09-26 19:37:03,129 [EventQueue-StaleNodeForStaleNodeHandler] INFO  node.StaleNodeHandler (StaleNodeHandler.java:onMessage(58)) - Datanode 129507e1-6443-4048-8b61-9b25a6688b7b{ip: 192.168.151.109, host: pr-hdds-2162-kpcbn-4093309294, networkLocation: /default-rack, certSerialId: null} moved to stale state. Finalizing its pipelines [PipelineID=1ffd98d1-d938-41df-b2a0-406026f7d87f, PipelineID=97c80607-ef2e-456f-9849-80afd52fc61f, PipelineID=95b59769-385c-4f7b-b743-c80134f5f2f6]
2019-09-26 19:37:03,131 [EventQueue-StaleNodeForStaleNodeHandler] INFO  pipeline.SCMPipelineManager (SCMPipelineManager.java:finalizeAndDestroyPipeline(315)) - destroying pipeline:Pipeline[ Id: 1ffd98d1-d938-41df-b2a0-406026f7d87f, Nodes: 129507e1-6443-4048-8b61-9b25a6688b7b{ip: 192.168.151.109, host: pr-hdds-2162-kpcbn-4093309294, networkLocation: /default-rack, certSerialId: null}, Type:RATIS, Factor:ONE, State:OPEN]
2019-09-26 19:37:03,131 [EventQueue-StaleNodeForStaleNodeHandler] INFO  pipeline.PipelineStateManager (PipelineStateManager.java:finalizePipeline(123)) - Pipeline Pipeline[ Id: 1ffd98d1-d938-41df-b2a0-406026f7d87f, Nodes: 129507e1-6443-4048-8b61-9b25a6688b7b{ip: 192.168.151.109, host: pr-hdds-2162-kpcbn-4093309294, networkLocation: /default-rack, certSerialId: null}, Type:RATIS, Factor:ONE, State:CLOSED] moved to CLOSED state
2019-09-26 19:37:03,132 [EventQueue-StaleNodeForStaleNodeHandler] INFO  pipeline.SCMPipelineManager (SCMPipelineManager.java:finalizeAndDestroyPipeline(315)) - destroying pipeline:Pipeline[ Id: 97c80607-ef2e-456f-9849-80afd52fc61f, Nodes: 09429691-744f-4861-b11b-9ae7681d4ceb{ip: 192.168.151.109, host: pr-hdds-2162-kpcbn-4093309294, networkLocation: /default-rack, certSerialId: null}129507e1-6443-4048-8b61-9b25a6688b7b{ip: 192.168.151.109, host: pr-hdds-2162-kpcbn-4093309294, networkLocation: /default-rack, certSerialId: null}c0ff19f7-d82e-4304-a9a9-085bd668c982{ip: 192.168.151.109, host: pr-hdds-2162-kpcbn-4093309294, networkLocation: /default-rack, certSerialId: null}, Type:RATIS, Factor:THREE, State:CLOSED]
2019-09-26 19:37:03,132 [EventQueue-StaleNodeForStaleNodeHandler] INFO  pipeline.SCMPipelineManager (SCMPipelineManager.java:finalizeAndDestroyPipeline(315)) - destroying pipeline:Pipeline[ Id: 95b59769-385c-4f7b-b743-c80134f5f2f6, Nodes: 09429691-744f-4861-b11b-9ae7681d4ceb{ip: 192.168.151.109, host: pr-hdds-2162-kpcbn-4093309294, networkLocation: /default-rack, certSerialId: null}129507e1-6443-4048-8b61-9b25a6688b7b{ip: 192.168.151.109, host: pr-hdds-2162-kpcbn-4093309294, networkLocation: /default-rack, certSerialId: null}019e0474-f11b-4d9b-b1d9-dfb81ad19a47{ip: 192.168.151.109, host: pr-hdds-2162-kpcbn-4093309294, networkLocation: /default-rack, certSerialId: null}, Type:RATIS, Factor:THREE, State:CLOSED]
2019-09-26 19:37:05,237 [main] INFO  ozoneimpl.OzoneContainer (OzoneContainer.java:stop(231)) - Attempting to stop container services.
2019-09-26 19:37:05,239 [main] INFO  impl.RaftServerProxy (RaftServerProxy.java:lambda$close$4(314)) - 129507e1-6443-4048-8b61-9b25a6688b7b: close
2019-09-26 19:37:05,239 [main] INFO  impl.RaftServerImpl (RaftServerImpl.java:lambda$shutdown$3(251)) - 129507e1-6443-4048-8b61-9b25a6688b7b@group-406026F7D87F: shutdown
2019-09-26 19:37:05,239 [ForkJoinPool.commonPool-worker-1] INFO  impl.RaftServerImpl (RaftServerImpl.java:lambda$shutdown$3(251)) - 129507e1-6443-4048-8b61-9b25a6688b7b@group-80AFD52FC61F: shutdown
2019-09-26 19:37:05,240 [main] INFO  util.JmxRegister (JmxRegister.java:unregister(73)) - Successfully un-registered JMX Bean with object name Ratis:service=RaftServer,group=group-406026F7D87F,id=129507e1-6443-4048-8b61-9b25a6688b7b
2019-09-26 19:37:05,241 [ForkJoinPool.commonPool-worker-1] INFO  util.JmxRegister (JmxRegister.java:unregister(73)) - Successfully un-registered JMX Bean with object name Ratis:service=RaftServer,group=group-80AFD52FC61F,id=129507e1-6443-4048-8b61-9b25a6688b7b
2019-09-26 19:37:05,242 [main] INFO  impl.RoleInfo (RoleInfo.java:shutdownLeaderState(104)) - 129507e1-6443-4048-8b61-9b25a6688b7b: shutdown LeaderState
2019-09-26 19:37:05,242 [ForkJoinPool.commonPool-worker-1] INFO  impl.RoleInfo (RoleInfo.java:shutdownFollowerState(121)) - 129507e1-6443-4048-8b61-9b25a6688b7b: shutdown FollowerState
2019-09-26 19:37:05,242 [main] INFO  impl.PendingRequests (PendingRequests.java:sendNotLeaderResponses(202)) - 129507e1-6443-4048-8b61-9b25a6688b7b-PendingRequests: sendNotLeaderResponses
2019-09-26 19:37:05,243 [Thread-553] INFO  impl.FollowerState (FollowerState.java:run(115)) - 129507e1-6443-4048-8b61-9b25a6688b7b: FollowerState was interrupted: java.lang.InterruptedException: sleep interrupted
2019-09-26 19:37:05,243 [ForkJoinPool.commonPool-worker-1] INFO  impl.StateMachineUpdater (StateMachineUpdater.java:stopAndJoin(125)) - 129507e1-6443-4048-8b61-9b25a6688b7b@group-80AFD52FC61F-StateMachineUpdater: set stopIndex = 0
2019-09-26 19:37:05,243 [main] INFO  impl.StateMachineUpdater (StateMachineUpdater.java:stopAndJoin(125)) - 129507e1-6443-4048-8b61-9b25a6688b7b@group-406026F7D87F-StateMachineUpdater: set stopIndex = 0
2019-09-26 19:37:05,244 [ForkJoinPool.commonPool-worker-1] INFO  impl.RaftServerImpl (ServerState.java:close(385)) - 129507e1-6443-4048-8b61-9b25a6688b7b@group-80AFD52FC61F: closes. applyIndex: 0
2019-09-26 19:37:05,245 [main] INFO  impl.RaftServerImpl (ServerState.java:close(385)) - 129507e1-6443-4048-8b61-9b25a6688b7b@group-406026F7D87F: closes. applyIndex: 0
2019-09-26 19:37:05,245 [129507e1-6443-4048-8b61-9b25a6688b7b@group-80AFD52FC61F-SegmentedRaftLogWorker] INFO  segmented.SegmentedRaftLogWorker (SegmentedRaftLogWorker.java:run(313)) - 129507e1-6443-4048-8b61-9b25a6688b7b@group-80AFD52FC61F-SegmentedRaftLogWorker was interrupted, exiting. There are 0 tasks remaining in the queue.
2019-09-26 19:37:05,245 [129507e1-6443-4048-8b61-9b25a6688b7b@group-406026F7D87F-SegmentedRaftLogWorker] INFO  segmented.SegmentedRaftLogWorker (SegmentedRaftLogWorker.java:run(313)) - 129507e1-6443-4048-8b61-9b25a6688b7b@group-406026F7D87F-SegmentedRaftLogWorker was interrupted, exiting. There are 0 tasks remaining in the queue.
2019-09-26 19:37:05,246 [ForkJoinPool.commonPool-worker-1] INFO  segmented.SegmentedRaftLogWorker (SegmentedRaftLogWorker.java:close(228)) - 129507e1-6443-4048-8b61-9b25a6688b7b@group-80AFD52FC61F-SegmentedRaftLogWorker close()
2019-09-26 19:37:05,246 [main] INFO  segmented.SegmentedRaftLogWorker (SegmentedRaftLogWorker.java:close(228)) - 129507e1-6443-4048-8b61-9b25a6688b7b@group-406026F7D87F-SegmentedRaftLogWorker close()
2019-09-26 19:37:05,247 [ForkJoinPool.commonPool-worker-1] INFO  impl.RaftServerImpl (RaftServerImpl.java:lambda$shutdown$3(251)) - 129507e1-6443-4048-8b61-9b25a6688b7b@group-C80134F5F2F6: shutdown
2019-09-26 19:37:05,248 [ForkJoinPool.commonPool-worker-1] INFO  util.JmxRegister (JmxRegister.java:unregister(73)) - Successfully un-registered JMX Bean with object name Ratis:service=RaftServer,group=group-C80134F5F2F6,id=129507e1-6443-4048-8b61-9b25a6688b7b
2019-09-26 19:37:05,248 [ForkJoinPool.commonPool-worker-1] INFO  impl.RoleInfo (RoleInfo.java:shutdownFollowerState(121)) - 129507e1-6443-4048-8b61-9b25a6688b7b: shutdown FollowerState
2019-09-26 19:37:05,248 [ForkJoinPool.commonPool-worker-1] INFO  impl.StateMachineUpdater (StateMachineUpdater.java:stopAndJoin(125)) - 129507e1-6443-4048-8b61-9b25a6688b7b@group-C80134F5F2F6-StateMachineUpdater: set stopIndex = -1
2019-09-26 19:37:05,249 [Thread-539] INFO  impl.FollowerState (FollowerState.java:run(115)) - 129507e1-6443-4048-8b61-9b25a6688b7b: FollowerState was interrupted: java.lang.InterruptedException: sleep interrupted
2019-09-26 19:37:05,249 [ForkJoinPool.commonPool-worker-1] INFO  impl.RaftServerImpl (ServerState.java:close(385)) - 129507e1-6443-4048-8b61-9b25a6688b7b@group-C80134F5F2F6: closes. applyIndex: -1
2019-09-26 19:37:05,249 [129507e1-6443-4048-8b61-9b25a6688b7b@group-C80134F5F2F6-SegmentedRaftLogWorker] INFO  segmented.SegmentedRaftLogWorker (SegmentedRaftLogWorker.java:run(313)) - 129507e1-6443-4048-8b61-9b25a6688b7b@group-C80134F5F2F6-SegmentedRaftLogWorker was interrupted, exiting. There are 0 tasks remaining in the queue.
2019-09-26 19:37:05,249 [ForkJoinPool.commonPool-worker-1] INFO  segmented.SegmentedRaftLogWorker (SegmentedRaftLogWorker.java:close(228)) - 129507e1-6443-4048-8b61-9b25a6688b7b@group-C80134F5F2F6-SegmentedRaftLogWorker close()
2019-09-26 19:37:05,250 [main] INFO  server.GrpcService (GrpcService.java:closeImpl(164)) - 129507e1-6443-4048-8b61-9b25a6688b7b: shutdown server with port 44225 now
2019-09-26 19:37:05,253 [main] INFO  server.GrpcService (GrpcService.java:closeImpl(172)) - 129507e1-6443-4048-8b61-9b25a6688b7b: shutdown server with port 44225 successfully
2019-09-26 19:37:05,258 [refreshUsed-/workdir/hadoop-ozone/integration-test/target/test-dir/MiniOzoneClusterImpl-4433af00-9fad-440b-a2a6-00e4f6de7d20/datanode-5/data/containers] WARN  fs.CachingGetSpaceUsed (CachingGetSpaceUsed.java:run(183)) - Thread Interrupted waiting to refresh disk information: sleep interrupted
2019-09-26 19:37:05,279 [main] INFO  utils.BackgroundService (BackgroundService.java:shutdown(148)) - Shutting down service BlockDeletingService
2019-09-26 19:37:05,282 [main] INFO  statemachine.DatanodeStateMachine (DatanodeStateMachine.java:stopDaemon(395)) - Ozone container server stopped.
2019-09-26 19:37:05,283 [main] INFO  handler.ContextHandler (ContextHandler.java:doStop(910)) - Stopped o.e.j.w.WebAppContext@788ddc1f{/,null,UNAVAILABLE}{/hddsDatanode}
2019-09-26 19:37:05,284 [main] INFO  server.AbstractConnector (AbstractConnector.java:doStop(318)) - Stopped ServerConnector@2dc3271b{HTTP/1.1,[http/1.1]}{0.0.0.0:0}
2019-09-26 19:37:05,284 [main] INFO  handler.ContextHandler (ContextHandler.java:doStop(910)) - Stopped o.e.j.s.ServletContextHandler@74170687{/static,jar:file:/home/user/.m2/repository/org/apache/hadoop/hadoop-hdds-container-service/0.5.0-SNAPSHOT/hadoop-hdds-container-service-0.5.0-SNAPSHOT.jar!/webapps/static,UNAVAILABLE}
2019-09-26 19:37:05,285 [main] INFO  handler.ContextHandler (ContextHandler.java:doStop(910)) - Stopped o.e.j.s.ServletContextHandler@2b6fcb9f{/logs,file:///workdir/hadoop-ozone/integration-test/target/log,UNAVAILABLE}
2019-09-26 19:37:05,285 [main] INFO  ozone.MiniOzoneClusterImpl (MiniOzoneClusterImpl.java:stopSCM(392)) - Stopping the StorageContainerManager
2019-09-26 19:37:05,286 [main] INFO  server.StorageContainerManager (StorageContainerManager.java:stop(808)) - Stopping Replication Manager Service.
2019-09-26 19:37:05,286 [main] INFO  container.ReplicationManager (ReplicationManager.java:stop(203)) - Stopping Replication Monitor Thread.
2019-09-26 19:37:05,286 [main] INFO  server.StorageContainerManager (StorageContainerManager.java:stop(815)) - Stopping Lease Manager of the command watchers
2019-09-26 19:37:05,286 [main] INFO  server.StorageContainerManager (StorageContainerManager.java:stop(822)) - Stopping datanode service RPC server
2019-09-26 19:37:05,287 [main] INFO  server.SCMDatanodeProtocolServer (SCMDatanodeProtocolServer.java:stop(367)) - Stopping the RPC server for DataNodes
2019-09-26 19:37:05,287 [main] INFO  ipc.Server (Server.java:stop(3082)) - Stopping server on 35701
2019-09-26 19:37:05,288 [IPC Server listener on 35701] INFO  ipc.Server (Server.java:run(1185)) - Stopping IPC Server listener on 35701
2019-09-26 19:37:05,289 [IPC Server Responder] INFO  ipc.Server (Server.java:run(1319)) - Stopping IPC Server Responder
2019-09-26 19:37:05,333 [SCM Heartbeat Processing Thread - 0] WARN  node.NodeStateManager (NodeStateManager.java:scheduleNextHealthCheck(646)) - Current Thread is interrupted, shutting down HB processing thread for Node Manager.
2019-09-26 19:37:05,333 [main] INFO  server.StorageContainerManager (StorageContainerManager.java:stop(830)) - Stopping block service RPC server
2019-09-26 19:37:05,333 [main] INFO  server.SCMBlockProtocolServer (SCMBlockProtocolServer.java:stop(155)) - Stopping the RPC server for Block Protocol
2019-09-26 19:37:05,334 [main] INFO  ipc.Server (Server.java:stop(3082)) - Stopping server on 41069
2019-09-26 19:37:05,334 [main] INFO  server.StorageContainerManager (StorageContainerManager.java:stop(837)) - Stopping the StorageContainerLocationProtocol RPC server
2019-09-26 19:37:05,335 [IPC Server listener on 41069] INFO  ipc.Server (Server.java:run(1185)) - Stopping IPC Server listener on 41069
2019-09-26 19:37:05,335 [main] INFO  server.SCMClientProtocolServer (SCMClientProtocolServer.java:stop(159)) - Stopping the RPC server for Client Protocol
2019-09-26 19:37:05,335 [main] INFO  ipc.Server (Server.java:stop(3082)) - Stopping server on 38957
2019-09-26 19:37:05,335 [IPC Server Responder] INFO  ipc.Server (Server.java:run(1319)) - Stopping IPC Server Responder
2019-09-26 19:37:05,336 [main] INFO  server.StorageContainerManager (StorageContainerManager.java:stop(844)) - Stopping Storage Container Manager HTTP server.
2019-09-26 19:37:05,337 [IPC Server listener on 38957] INFO  ipc.Server (Server.java:run(1185)) - Stopping IPC Server listener on 38957
2019-09-26 19:37:05,337 [IPC Server Responder] INFO  ipc.Server (Server.java:run(1319)) - Stopping IPC Server Responder
2019-09-26 19:37:05,337 [main] INFO  handler.ContextHandler (ContextHandler.java:doStop(910)) - Stopped o.e.j.w.WebAppContext@5003041b{/,null,UNAVAILABLE}{/scm}
2019-09-26 19:37:05,339 [main] INFO  server.AbstractConnector (AbstractConnector.java:doStop(318)) - Stopped ServerConnector@1b822fcc{HTTP/1.1,[http/1.1]}{0.0.0.0:0}
2019-09-26 19:37:05,339 [main] INFO  handler.ContextHandler (ContextHandler.java:doStop(910)) - Stopped o.e.j.s.ServletContextHandler@8692d67{/static,file:///workdir/hadoop-ozone/integration-test/target/test-classes/webapps/static,UNAVAILABLE}
2019-09-26 19:37:05,340 [main] INFO  handler.ContextHandler (ContextHandler.java:doStop(910)) - Stopped o.e.j.s.ServletContextHandler@56303b57{/logs,file:///workdir/hadoop-ozone/integration-test/target/log,UNAVAILABLE}
2019-09-26 19:37:05,340 [main] INFO  server.StorageContainerManager (StorageContainerManager.java:stop(855)) - Stopping Block Manager Service.
2019-09-26 19:37:05,341 [main] INFO  utils.BackgroundService (BackgroundService.java:shutdown(148)) - Shutting down service SCMBlockDeletingService
2019-09-26 19:37:05,341 [main] INFO  utils.BackgroundService (BackgroundService.java:shutdown(148)) - Shutting down service SCMBlockDeletingService
2019-09-26 19:37:05,342 [main] INFO  server.StorageContainerManager (StorageContainerManager.java:stop(877)) - Stopping SCM Event Queue.
2019-09-26 19:37:05,350 [main] INFO  impl.MetricsSystemImpl (MetricsSystemImpl.java:stop(210)) - Stopping ratis metrics system...
2019-09-26 19:37:05,358 [prometheus] INFO  impl.MetricsSinkAdapter (MetricsSinkAdapter.java:publishMetricsFromQueue(141)) - prometheus thread interrupted.
2019-09-26 19:37:05,358 [main] INFO  impl.MetricsSystemImpl (MetricsSystemImpl.java:stop(216)) - ratis metrics system stopped.
]]></system-out>
    <system-err><![CDATA[ERROR StatusLogger No Log4j 2 configuration file found. Using default configuration (logging only errors to the console), or user programmatically provided configurations. Set system property 'log4j2.debug' to show Log4j 2 internal initialization logging. See https://logging.apache.org/log4j/2.x/manual/configuration.html for instructions on how to configure Log4j 2
Sep 26, 2019 7:36:49 PM org.apache.ratis.thirdparty.io.grpc.internal.SerializingExecutor run
SEVERE: Exception while executing runnable org.apache.ratis.thirdparty.io.grpc.internal.ServerImpl$JumpToApplicationThreadServerStreamListener$1Closed@4000dfdc
org.apache.ratis.thirdparty.io.grpc.StatusRuntimeException: CANCELLED: call already cancelled
	at org.apache.ratis.thirdparty.io.grpc.Status.asRuntimeException(Status.java:517)
	at org.apache.ratis.thirdparty.io.grpc.stub.ServerCalls$ServerCallStreamObserverImpl.onCompleted(ServerCalls.java:356)
	at org.apache.ratis.grpc.server.GrpcServerProtocolService$ServerRequestStreamObserver.onError(GrpcServerProtocolService.java:121)
	at org.apache.ratis.thirdparty.io.grpc.stub.ServerCalls$StreamingServerCallHandler$StreamingServerCallListener.onCancel(ServerCalls.java:269)
	at org.apache.ratis.thirdparty.io.grpc.internal.ServerCallImpl$ServerStreamListenerImpl.closed(ServerCallImpl.java:293)
	at org.apache.ratis.thirdparty.io.grpc.internal.ServerImpl$JumpToApplicationThreadServerStreamListener$1Closed.runInContext(ServerImpl.java:741)
	at org.apache.ratis.thirdparty.io.grpc.internal.ContextRunnable.run(ContextRunnable.java:37)
	at org.apache.ratis.thirdparty.io.grpc.internal.SerializingExecutor.run(SerializingExecutor.java:123)
	at java.util.concurrent.ThreadPoolExecutor.runWorker(ThreadPoolExecutor.java:1149)
	at java.util.concurrent.ThreadPoolExecutor$Worker.run(ThreadPoolExecutor.java:624)
	at java.lang.Thread.run(Thread.java:748)

Sep 26, 2019 7:36:55 PM org.apache.ratis.thirdparty.io.grpc.internal.SerializingExecutor run
SEVERE: Exception while executing runnable org.apache.ratis.thirdparty.io.grpc.internal.ServerImpl$JumpToApplicationThreadServerStreamListener$1Closed@e9d816f
org.apache.ratis.thirdparty.io.grpc.StatusRuntimeException: CANCELLED: call already cancelled
	at org.apache.ratis.thirdparty.io.grpc.Status.asRuntimeException(Status.java:517)
	at org.apache.ratis.thirdparty.io.grpc.stub.ServerCalls$ServerCallStreamObserverImpl.onCompleted(ServerCalls.java:356)
	at org.apache.ratis.grpc.server.GrpcServerProtocolService$ServerRequestStreamObserver.onError(GrpcServerProtocolService.java:121)
	at org.apache.ratis.thirdparty.io.grpc.stub.ServerCalls$StreamingServerCallHandler$StreamingServerCallListener.onCancel(ServerCalls.java:269)
	at org.apache.ratis.thirdparty.io.grpc.internal.ServerCallImpl$ServerStreamListenerImpl.closed(ServerCallImpl.java:293)
	at org.apache.ratis.thirdparty.io.grpc.internal.ServerImpl$JumpToApplicationThreadServerStreamListener$1Closed.runInContext(ServerImpl.java:741)
	at org.apache.ratis.thirdparty.io.grpc.internal.ContextRunnable.run(ContextRunnable.java:37)
	at org.apache.ratis.thirdparty.io.grpc.internal.SerializingExecutor.run(SerializingExecutor.java:123)
	at java.util.concurrent.ThreadPoolExecutor.runWorker(ThreadPoolExecutor.java:1149)
	at java.util.concurrent.ThreadPoolExecutor$Worker.run(ThreadPoolExecutor.java:624)
	at java.lang.Thread.run(Thread.java:748)

]]></system-err>
  </testcase>
</testsuite>