<?xml version="1.0" encoding="UTF-8"?>
<testsuite xmlns:xsi="http://www.w3.org/2001/XMLSchema-instance" xsi:noNamespaceSchemaLocation="https://maven.apache.org/surefire/maven-surefire-plugin/xsd/surefire-test-report.xsd" name="org.apache.hadoop.ozone.container.common.statemachine.commandhandler.TestCloseContainerByPipeline" time="147.334" tests="1" errors="1" skipped="0" failures="0">
  <properties>
    <property name="awt.toolkit" value="sun.awt.X11.XToolkit"/>
    <property name="file.encoding.pkg" value="sun.io"/>
    <property name="java.specification.version" value="1.8"/>
    <property name="sun.cpu.isalist" value=""/>
    <property name="sun.jnu.encoding" value="UTF-8"/>
    <property name="java.class.path" value="/workdir/hadoop-ozone/integration-test/target/test-classes:/workdir/hadoop-ozone/integration-test/target/classes:/home/user/.m2/repository/org/apache/hadoop/hadoop-ozone-common/0.5.0-SNAPSHOT/hadoop-ozone-common-0.5.0-SNAPSHOT.jar:/home/user/.m2/repository/org/apache/commons/commons-compress/1.4.1/commons-compress-1.4.1.jar:/home/user/.m2/repository/org/tukaani/xz/1.0/xz-1.0.jar:/home/user/.m2/repository/org/apache/hadoop/hadoop-common/3.2.0/hadoop-common-3.2.0.jar:/home/user/.m2/repository/org/apache/hadoop/hadoop-hdfs/3.2.0/hadoop-hdfs-3.2.0.jar:/home/user/.m2/repository/org/apache/hadoop/hadoop-hdfs-client/3.2.0/hadoop-hdfs-client-3.2.0.jar:/home/user/.m2/repository/com/fasterxml/jackson/core/jackson-annotations/2.9.9/jackson-annotations-2.9.9.jar:/home/user/.m2/repository/org/apache/hadoop/hadoop-hdds-common/0.5.0-SNAPSHOT/hadoop-hdds-common-0.5.0-SNAPSHOT.jar:/home/user/.m2/repository/javax/annotation/javax.annotation-api/1.2/javax.annotation-api-1.2.jar:/home/user/.m2/repository/org/apache/ratis/ratis-server/0.4.0/ratis-server-0.4.0.jar:/home/user/.m2/repository/org/apache/ratis/ratis-thirdparty-misc/0.2.0/ratis-thirdparty-misc-0.2.0.jar:/home/user/.m2/repository/org/apache/ratis/ratis-proto/0.4.0/ratis-proto-0.4.0.jar:/home/user/.m2/repository/org/apache/ratis/ratis-common/0.4.0/ratis-common-0.4.0.jar:/home/user/.m2/repository/org/apache/ratis/ratis-client/0.4.0/ratis-client-0.4.0.jar:/home/user/.m2/repository/org/apache/ratis/ratis-metrics/0.4.0/ratis-metrics-0.4.0.jar:/home/user/.m2/repository/com/github/joshelser/dropwizard-metrics-hadoop-metrics2-reporter/0.1.2/dropwizard-metrics-hadoop-metrics2-reporter-0.1.2.jar:/home/user/.m2/repository/io/dropwizard/metrics/metrics-jvm/3.2.5/metrics-jvm-3.2.5.jar:/home/user/.m2/repository/io/dropwizard/metrics/metrics-ganglia/3.2.5/metrics-ganglia-3.2.5.jar:/home/user/.m2/repository/info/ganglia/gmetric4j/gmetric4j/1.0.7/gmetric4j-1.0.7.jar:/home/user/.m2/repository/org/apache/ratis/ratis-netty/0.4.0/ratis-netty-0.4.0.jar:/home/user/.m2/repository/org/apache/ratis/ratis-grpc/0.4.0/ratis-grpc-0.4.0.jar:/home/user/.m2/repository/org/rocksdb/rocksdbjni/6.0.1/rocksdbjni-6.0.1.jar:/home/user/.m2/repository/org/apache/logging/log4j/log4j-api/2.11.0/log4j-api-2.11.0.jar:/home/user/.m2/repository/org/apache/logging/log4j/log4j-core/2.11.0/log4j-core-2.11.0.jar:/home/user/.m2/repository/com/lmax/disruptor/3.4.2/disruptor-3.4.2.jar:/home/user/.m2/repository/org/apache/commons/commons-pool2/2.6.0/commons-pool2-2.6.0.jar:/home/user/.m2/repository/org/bouncycastle/bcpkix-jdk15on/1.60/bcpkix-jdk15on-1.60.jar:/home/user/.m2/repository/commons-validator/commons-validator/1.6/commons-validator-1.6.jar:/home/user/.m2/repository/commons-digester/commons-digester/1.8.1/commons-digester-1.8.1.jar:/home/user/.m2/repository/io/jaegertracing/jaeger-client/0.34.0/jaeger-client-0.34.0.jar:/home/user/.m2/repository/io/jaegertracing/jaeger-thrift/0.34.0/jaeger-thrift-0.34.0.jar:/home/user/.m2/repository/org/apache/thrift/libthrift/0.12.0/libthrift-0.12.0.jar:/home/user/.m2/repository/com/squareup/okhttp3/okhttp/3.9.0/okhttp-3.9.0.jar:/home/user/.m2/repository/com/squareup/okio/okio/1.13.0/okio-1.13.0.jar:/home/user/.m2/repository/io/jaegertracing/jaeger-core/0.34.0/jaeger-core-0.34.0.jar:/home/user/.m2/repository/io/jaegertracing/jaeger-tracerresolver/0.34.0/jaeger-tracerresolver-0.34.0.jar:/home/user/.m2/repository/io/opentracing/contrib/opentracing-tracerresolver/0.1.5/opentracing-tracerresolver-0.1.5.jar:/home/user/.m2/repository/io/opentracing/opentracing-util/0.31.0/opentracing-util-0.31.0.jar:/home/user/.m2/repository/io/opentracing/opentracing-api/0.31.0/opentracing-api-0.31.0.jar:/home/user/.m2/repository/io/opentracing/opentracing-noop/0.31.0/opentracing-noop-0.31.0.jar:/home/user/.m2/repository/org/apache/hadoop/hadoop-hdds-server-framework/0.5.0-SNAPSHOT/hadoop-hdds-server-framework-0.5.0-SNAPSHOT.jar:/home/user/.m2/repository/org/apache/hadoop/hadoop-hdds-container-service/0.5.0-SNAPSHOT/hadoop-hdds-container-service-0.5.0-SNAPSHOT.jar:/home/user/.m2/repository/org/apache/hadoop/hadoop-hdds-client/0.5.0-SNAPSHOT/hadoop-hdds-client-0.5.0-SNAPSHOT.jar:/home/user/.m2/repository/org/apache/hadoop/hadoop-hdds-tools/0.5.0-SNAPSHOT/hadoop-hdds-tools-0.5.0-SNAPSHOT.jar:/home/user/.m2/repository/org/apache/hadoop/hadoop-hdds-server-scm/0.5.0-SNAPSHOT/hadoop-hdds-server-scm-0.5.0-SNAPSHOT.jar:/home/user/.m2/repository/org/apache/hadoop/hadoop-hdds-docs/0.5.0-SNAPSHOT/hadoop-hdds-docs-0.5.0-SNAPSHOT.jar:/home/user/.m2/repository/io/dropwizard/metrics/metrics-core/3.2.4/metrics-core-3.2.4.jar:/home/user/.m2/repository/org/hamcrest/hamcrest-all/1.3/hamcrest-all-1.3.jar:/home/user/.m2/repository/org/bouncycastle/bcprov-jdk15on/1.60/bcprov-jdk15on-1.60.jar:/home/user/.m2/repository/info/picocli/picocli/3.9.6/picocli-3.9.6.jar:/home/user/.m2/repository/com/google/protobuf/protobuf-java/2.5.0/protobuf-java-2.5.0.jar:/home/user/.m2/repository/com/google/guava/guava/11.0.2/guava-11.0.2.jar:/home/user/.m2/repository/org/apache/hadoop/hadoop-ozone-ozone-manager/0.5.0-SNAPSHOT/hadoop-ozone-ozone-manager-0.5.0-SNAPSHOT.jar:/home/user/.m2/repository/org/apache/hadoop/hadoop-minikdc/3.2.0/hadoop-minikdc-3.2.0.jar:/home/user/.m2/repository/commons-io/commons-io/2.5/commons-io-2.5.jar:/home/user/.m2/repository/org/apache/kerby/kerb-simplekdc/1.0.1/kerb-simplekdc-1.0.1.jar:/home/user/.m2/repository/org/apache/kerby/kerb-client/1.0.1/kerb-client-1.0.1.jar:/home/user/.m2/repository/org/apache/kerby/kerby-config/1.0.1/kerby-config-1.0.1.jar:/home/user/.m2/repository/org/apache/kerby/kerb-core/1.0.1/kerb-core-1.0.1.jar:/home/user/.m2/repository/org/apache/kerby/kerby-pkix/1.0.1/kerby-pkix-1.0.1.jar:/home/user/.m2/repository/org/apache/kerby/kerby-asn1/1.0.1/kerby-asn1-1.0.1.jar:/home/user/.m2/repository/org/apache/kerby/kerby-util/1.0.1/kerby-util-1.0.1.jar:/home/user/.m2/repository/org/apache/kerby/kerb-common/1.0.1/kerb-common-1.0.1.jar:/home/user/.m2/repository/org/apache/kerby/kerb-crypto/1.0.1/kerb-crypto-1.0.1.jar:/home/user/.m2/repository/org/apache/kerby/kerb-util/1.0.1/kerb-util-1.0.1.jar:/home/user/.m2/repository/org/apache/kerby/token-provider/1.0.1/token-provider-1.0.1.jar:/home/user/.m2/repository/org/apache/kerby/kerb-admin/1.0.1/kerb-admin-1.0.1.jar:/home/user/.m2/repository/org/apache/kerby/kerb-server/1.0.1/kerb-server-1.0.1.jar:/home/user/.m2/repository/org/apache/kerby/kerb-identity/1.0.1/kerb-identity-1.0.1.jar:/home/user/.m2/repository/org/apache/kerby/kerby-xdr/1.0.1/kerby-xdr-1.0.1.jar:/home/user/.m2/repository/org/slf4j/slf4j-log4j12/1.7.25/slf4j-log4j12-1.7.25.jar:/home/user/.m2/repository/org/apache/hadoop/hadoop-ozone-s3gateway/0.5.0-SNAPSHOT/hadoop-ozone-s3gateway-0.5.0-SNAPSHOT.jar:/home/user/.m2/repository/org/jboss/weld/servlet/weld-servlet/2.4.7.Final/weld-servlet-2.4.7.Final.jar:/home/user/.m2/repository/org/glassfish/jersey/containers/jersey-container-servlet-core/2.27/jersey-container-servlet-core-2.27.jar:/home/user/.m2/repository/org/glassfish/hk2/external/javax.inject/2.5.0-b42/javax.inject-2.5.0-b42.jar:/home/user/.m2/repository/org/glassfish/jersey/core/jersey-common/2.27/jersey-common-2.27.jar:/home/user/.m2/repository/org/glassfish/hk2/osgi-resource-locator/1.0.1/osgi-resource-locator-1.0.1.jar:/home/user/.m2/repository/javax/ws/rs/javax.ws.rs-api/2.1/javax.ws.rs-api-2.1.jar:/home/user/.m2/repository/org/glassfish/jersey/ext/cdi/jersey-cdi1x/2.27/jersey-cdi1x-2.27.jar:/home/user/.m2/repository/org/glassfish/jersey/inject/jersey-hk2/2.27/jersey-hk2-2.27.jar:/home/user/.m2/repository/org/glassfish/hk2/hk2-locator/2.5.0-b42/hk2-locator-2.5.0-b42.jar:/home/user/.m2/repository/org/javassist/javassist/3.22.0-CR2/javassist-3.22.0-CR2.jar:/home/user/.m2/repository/org/glassfish/hk2/hk2-api/2.5.0/hk2-api-2.5.0.jar:/home/user/.m2/repository/org/glassfish/hk2/external/jakarta.inject/2.5.0/jakarta.inject-2.5.0.jar:/home/user/.m2/repository/org/glassfish/hk2/hk2-utils/2.5.0/hk2-utils-2.5.0.jar:/home/user/.m2/repository/jakarta/annotation/jakarta.annotation-api/1.3.4/jakarta.annotation-api-1.3.4.jar:/home/user/.m2/repository/org/glassfish/hk2/external/aopalliance-repackaged/2.5.0/aopalliance-repackaged-2.5.0.jar:/home/user/.m2/repository/com/fasterxml/jackson/dataformat/jackson-dataformat-xml/2.9.0/jackson-dataformat-xml-2.9.0.jar:/home/user/.m2/repository/com/fasterxml/jackson/core/jackson-core/2.9.9/jackson-core-2.9.9.jar:/home/user/.m2/repository/com/fasterxml/jackson/module/jackson-module-jaxb-annotations/2.9.9/jackson-module-jaxb-annotations-2.9.9.jar:/home/user/.m2/repository/javax/enterprise/cdi-api/1.2/cdi-api-1.2.jar:/home/user/.m2/repository/javax/el/javax.el-api/3.0.0/javax.el-api-3.0.0.jar:/home/user/.m2/repository/javax/interceptor/javax.interceptor-api/1.2/javax.interceptor-api-1.2.jar:/home/user/.m2/repository/javax/inject/javax.inject/1/javax.inject-1.jar:/home/user/.m2/repository/com/sun/xml/bind/jaxb-impl/2.3.0.1/jaxb-impl-2.3.0.1.jar:/home/user/.m2/repository/com/sun/xml/bind/jaxb-core/2.3.0.1/jaxb-core-2.3.0.1.jar:/home/user/.m2/repository/javax/xml/bind/jaxb-api/2.3.0/jaxb-api-2.3.0.jar:/home/user/.m2/repository/javax/activation/activation/1.1.1/activation-1.1.1.jar:/home/user/.m2/repository/org/apache/hadoop/hadoop-ozone-csi/0.5.0-SNAPSHOT/hadoop-ozone-csi-0.5.0-SNAPSHOT.jar:/home/user/.m2/repository/com/google/protobuf/protobuf-java-util/3.5.1/protobuf-java-util-3.5.1.jar:/home/user/.m2/repository/org/apache/hadoop/hadoop-hdds-config/0.5.0-SNAPSHOT/hadoop-hdds-config-0.5.0-SNAPSHOT.jar:/home/user/.m2/repository/io/grpc/grpc-netty/1.17.1/grpc-netty-1.17.1.jar:/home/user/.m2/repository/io/grpc/grpc-core/1.17.1/grpc-core-1.17.1.jar:/home/user/.m2/repository/io/grpc/grpc-context/1.17.1/grpc-context-1.17.1.jar:/home/user/.m2/repository/com/google/errorprone/error_prone_annotations/2.2.0/error_prone_annotations-2.2.0.jar:/home/user/.m2/repository/org/codehaus/mojo/animal-sniffer-annotations/1.17/animal-sniffer-annotations-1.17.jar:/home/user/.m2/repository/io/opencensus/opencensus-api/0.17.0/opencensus-api-0.17.0.jar:/home/user/.m2/repository/io/opencensus/opencensus-contrib-grpc-metrics/0.17.0/opencensus-contrib-grpc-metrics-0.17.0.jar:/home/user/.m2/repository/io/netty/netty-codec-http2/4.1.30.Final/netty-codec-http2-4.1.30.Final.jar:/home/user/.m2/repository/io/netty/netty-codec-http/4.1.30.Final/netty-codec-http-4.1.30.Final.jar:/home/user/.m2/repository/io/netty/netty-codec/4.1.30.Final/netty-codec-4.1.30.Final.jar:/home/user/.m2/repository/io/netty/netty-handler/4.1.30.Final/netty-handler-4.1.30.Final.jar:/home/user/.m2/repository/io/netty/netty-handler-proxy/4.1.30.Final/netty-handler-proxy-4.1.30.Final.jar:/home/user/.m2/repository/io/netty/netty-codec-socks/4.1.30.Final/netty-codec-socks-4.1.30.Final.jar:/home/user/.m2/repository/io/netty/netty-transport-native-epoll/4.1.30.Final/netty-transport-native-epoll-4.1.30.Final.jar:/home/user/.m2/repository/io/netty/netty-common/4.1.30.Final/netty-common-4.1.30.Final.jar:/home/user/.m2/repository/io/netty/netty-buffer/4.1.30.Final/netty-buffer-4.1.30.Final.jar:/home/user/.m2/repository/io/netty/netty-transport/4.1.30.Final/netty-transport-4.1.30.Final.jar:/home/user/.m2/repository/io/netty/netty-resolver/4.1.30.Final/netty-resolver-4.1.30.Final.jar:/home/user/.m2/repository/io/netty/netty-transport-native-unix-common/4.1.30.Final/netty-transport-native-unix-common-4.1.30.Final.jar:/home/user/.m2/repository/io/grpc/grpc-protobuf/1.17.1/grpc-protobuf-1.17.1.jar:/home/user/.m2/repository/com/google/api/grpc/proto-google-common-protos/1.0.0/proto-google-common-protos-1.0.0.jar:/home/user/.m2/repository/io/grpc/grpc-protobuf-lite/1.17.1/grpc-protobuf-lite-1.17.1.jar:/home/user/.m2/repository/io/grpc/grpc-stub/1.17.1/grpc-stub-1.17.1.jar:/home/user/.m2/repository/org/apache/hadoop/hadoop-ozone-recon/0.5.0-SNAPSHOT/hadoop-ozone-recon-0.5.0-SNAPSHOT.jar:/home/user/.m2/repository/org/apache/hadoop/hadoop-ozone-reconcodegen/0.5.0-SNAPSHOT/hadoop-ozone-reconcodegen-0.5.0-SNAPSHOT.jar:/home/user/.m2/repository/com/google/inject/extensions/guice-multibindings/4.0/guice-multibindings-4.0.jar:/home/user/.m2/repository/com/google/inject/guice/4.0/guice-4.0.jar:/home/user/.m2/repository/aopalliance/aopalliance/1.0/aopalliance-1.0.jar:/home/user/.m2/repository/com/google/inject/extensions/guice-servlet/4.0/guice-servlet-4.0.jar:/home/user/.m2/repository/org/glassfish/jersey/containers/jersey-container-servlet/2.27/jersey-container-servlet-2.27.jar:/home/user/.m2/repository/org/glassfish/hk2/guice-bridge/2.5.0/guice-bridge-2.5.0.jar:/home/user/.m2/repository/org/glassfish/jersey/core/jersey-server/2.27/jersey-server-2.27.jar:/home/user/.m2/repository/org/glassfish/jersey/core/jersey-client/2.27/jersey-client-2.27.jar:/home/user/.m2/repository/org/glassfish/jersey/media/jersey-media-jaxb/2.27/jersey-media-jaxb-2.27.jar:/home/user/.m2/repository/javax/validation/validation-api/1.1.0.Final/validation-api-1.1.0.Final.jar:/home/user/.m2/repository/org/glassfish/jersey/media/jersey-media-json-jackson/2.27/jersey-media-json-jackson-2.27.jar:/home/user/.m2/repository/org/glassfish/jersey/ext/jersey-entity-filtering/2.27/jersey-entity-filtering-2.27.jar:/home/user/.m2/repository/com/google/inject/extensions/guice-assistedinject/4.0/guice-assistedinject-4.0.jar:/home/user/.m2/repository/org/jooq/jooq/3.11.10/jooq-3.11.10.jar:/home/user/.m2/repository/org/jooq/jooq-meta/3.11.10/jooq-meta-3.11.10.jar:/home/user/.m2/repository/org/jooq/jooq-codegen/3.11.10/jooq-codegen-3.11.10.jar:/home/user/.m2/repository/com/jolbox/bonecp/0.8.0.RELEASE/bonecp-0.8.0.RELEASE.jar:/home/user/.m2/repository/org/xerial/sqlite-jdbc/3.25.2/sqlite-jdbc-3.25.2.jar:/home/user/.m2/repository/org/springframework/spring-jdbc/5.1.3.RELEASE/spring-jdbc-5.1.3.RELEASE.jar:/home/user/.m2/repository/org/springframework/spring-beans/5.1.3.RELEASE/spring-beans-5.1.3.RELEASE.jar:/home/user/.m2/repository/org/springframework/spring-core/5.1.3.RELEASE/spring-core-5.1.3.RELEASE.jar:/home/user/.m2/repository/org/springframework/spring-jcl/5.1.3.RELEASE/spring-jcl-5.1.3.RELEASE.jar:/home/user/.m2/repository/org/springframework/spring-tx/5.1.3.RELEASE/spring-tx-5.1.3.RELEASE.jar:/home/user/.m2/repository/org/apache/hadoop/hadoop-ozone-client/0.5.0-SNAPSHOT/hadoop-ozone-client-0.5.0-SNAPSHOT.jar:/home/user/.m2/repository/commons-lang/commons-lang/2.6/commons-lang-2.6.jar:/home/user/.m2/repository/org/apache/hadoop/hadoop-ozone-ozone-manager/0.5.0-SNAPSHOT/hadoop-ozone-ozone-manager-0.5.0-SNAPSHOT-tests.jar:/home/user/.m2/repository/junit/junit/4.11/junit-4.11.jar:/home/user/.m2/repository/org/hamcrest/hamcrest-core/1.3/hamcrest-core-1.3.jar:/home/user/.m2/repository/org/openjdk/jmh/jmh-core/1.19/jmh-core-1.19.jar:/home/user/.m2/repository/net/sf/jopt-simple/jopt-simple/4.6/jopt-simple-4.6.jar:/home/user/.m2/repository/org/apache/commons/commons-math3/3.1.1/commons-math3-3.1.1.jar:/home/user/.m2/repository/org/openjdk/jmh/jmh-generator-annprocess/1.19/jmh-generator-annprocess-1.19.jar:/home/user/.m2/repository/org/mockito/mockito-all/1.8.5/mockito-all-1.8.5.jar:/home/user/.m2/repository/org/apache/hadoop/hadoop-kms/3.2.0/hadoop-kms-3.2.0.jar:/home/user/.m2/repository/org/apache/hadoop/hadoop-auth/3.2.0/hadoop-auth-3.2.0.jar:/home/user/.m2/repository/com/nimbusds/nimbus-jose-jwt/4.41.1/nimbus-jose-jwt-4.41.1.jar:/home/user/.m2/repository/com/github/stephenc/jcip/jcip-annotations/1.0-1/jcip-annotations-1.0-1.jar:/home/user/.m2/repository/net/minidev/json-smart/2.3/json-smart-2.3.jar:/home/user/.m2/repository/net/minidev/accessors-smart/1.2/accessors-smart-1.2.jar:/home/user/.m2/repository/org/ow2/asm/asm/5.0.4/asm-5.0.4.jar:/home/user/.m2/repository/org/apache/curator/curator-framework/2.12.0/curator-framework-2.12.0.jar:/home/user/.m2/repository/com/sun/jersey/jersey-core/1.19/jersey-core-1.19.jar:/home/user/.m2/repository/javax/ws/rs/jsr311-api/1.1.1/jsr311-api-1.1.1.jar:/home/user/.m2/repository/com/sun/jersey/jersey-server/1.19/jersey-server-1.19.jar:/home/user/.m2/repository/javax/servlet/javax.servlet-api/3.1.0/javax.servlet-api-3.1.0.jar:/home/user/.m2/repository/org/eclipse/jetty/jetty-server/9.3.25.v20180904/jetty-server-9.3.25.v20180904.jar:/home/user/.m2/repository/org/eclipse/jetty/jetty-http/9.3.25.v20180904/jetty-http-9.3.25.v20180904.jar:/home/user/.m2/repository/org/eclipse/jetty/jetty-io/9.3.25.v20180904/jetty-io-9.3.25.v20180904.jar:/home/user/.m2/repository/org/eclipse/jetty/jetty-webapp/9.3.25.v20180904/jetty-webapp-9.3.25.v20180904.jar:/home/user/.m2/repository/org/eclipse/jetty/jetty-xml/9.3.25.v20180904/jetty-xml-9.3.25.v20180904.jar:/home/user/.m2/repository/log4j/log4j/1.2.17/log4j-1.2.17.jar:/home/user/.m2/repository/org/slf4j/slf4j-api/1.7.25/slf4j-api-1.7.25.jar:/home/user/.m2/repository/org/slf4j/jul-to-slf4j/1.7.25/jul-to-slf4j-1.7.25.jar:/home/user/.m2/repository/org/eclipse/jetty/jetty-util/9.3.25.v20180904/jetty-util-9.3.25.v20180904.jar:/home/user/.m2/repository/com/fasterxml/jackson/core/jackson-databind/2.9.9/jackson-databind-2.9.9.jar:/home/user/.m2/repository/org/apache/hadoop/hadoop-kms/3.2.0/hadoop-kms-3.2.0-tests.jar:/home/user/.m2/repository/org/apache/hadoop/hadoop-hdds-server-scm/0.5.0-SNAPSHOT/hadoop-hdds-server-scm-0.5.0-SNAPSHOT-tests.jar:/home/user/.m2/repository/org/apache/hadoop/hadoop-hdds-container-service/0.5.0-SNAPSHOT/hadoop-hdds-container-service-0.5.0-SNAPSHOT-tests.jar:/home/user/.m2/repository/org/yaml/snakeyaml/1.16/snakeyaml-1.16.jar:/home/user/.m2/repository/org/apache/hadoop/hadoop-common/3.2.0/hadoop-common-3.2.0-tests.jar:/home/user/.m2/repository/org/apache/hadoop/hadoop-annotations/3.2.0/hadoop-annotations-3.2.0.jar:/usr/lib/jvm/java-1.8-openjdk/jre/../lib/tools.jar:/home/user/.m2/repository/commons-cli/commons-cli/1.2/commons-cli-1.2.jar:/home/user/.m2/repository/org/apache/httpcomponents/httpclient/4.5.2/httpclient-4.5.2.jar:/home/user/.m2/repository/org/apache/httpcomponents/httpcore/4.4.4/httpcore-4.4.4.jar:/home/user/.m2/repository/commons-codec/commons-codec/1.11/commons-codec-1.11.jar:/home/user/.m2/repository/commons-net/commons-net/3.6/commons-net-3.6.jar:/home/user/.m2/repository/commons-collections/commons-collections/3.2.2/commons-collections-3.2.2.jar:/home/user/.m2/repository/org/eclipse/jetty/jetty-servlet/9.3.25.v20180904/jetty-servlet-9.3.25.v20180904.jar:/home/user/.m2/repository/org/eclipse/jetty/jetty-security/9.3.25.v20180904/jetty-security-9.3.25.v20180904.jar:/home/user/.m2/repository/javax/servlet/jsp/jsp-api/2.1/jsp-api-2.1.jar:/home/user/.m2/repository/com/sun/jersey/jersey-servlet/1.19/jersey-servlet-1.19.jar:/home/user/.m2/repository/com/sun/jersey/jersey-json/1.19/jersey-json-1.19.jar:/home/user/.m2/repository/org/codehaus/jettison/jettison/1.1/jettison-1.1.jar:/home/user/.m2/repository/org/codehaus/jackson/jackson-core-asl/1.9.13/jackson-core-asl-1.9.13.jar:/home/user/.m2/repository/org/codehaus/jackson/jackson-mapper-asl/1.9.13/jackson-mapper-asl-1.9.13.jar:/home/user/.m2/repository/org/codehaus/jackson/jackson-jaxrs/1.9.13/jackson-jaxrs-1.9.13.jar:/home/user/.m2/repository/org/codehaus/jackson/jackson-xc/1.9.13/jackson-xc-1.9.13.jar:/home/user/.m2/repository/commons-logging/commons-logging/1.1.3/commons-logging-1.1.3.jar:/home/user/.m2/repository/commons-beanutils/commons-beanutils/1.9.4/commons-beanutils-1.9.4.jar:/home/user/.m2/repository/org/apache/commons/commons-configuration2/2.1.1/commons-configuration2-2.1.1.jar:/home/user/.m2/repository/org/apache/commons/commons-lang3/3.7/commons-lang3-3.7.jar:/home/user/.m2/repository/org/apache/commons/commons-text/1.4/commons-text-1.4.jar:/home/user/.m2/repository/org/apache/avro/avro/1.7.7/avro-1.7.7.jar:/home/user/.m2/repository/com/thoughtworks/paranamer/paranamer/2.3/paranamer-2.3.jar:/home/user/.m2/repository/org/xerial/snappy/snappy-java/1.0.5/snappy-java-1.0.5.jar:/home/user/.m2/repository/com/google/re2j/re2j/1.1/re2j-1.1.jar:/home/user/.m2/repository/com/google/code/gson/gson/2.2.4/gson-2.2.4.jar:/home/user/.m2/repository/com/jcraft/jsch/0.1.54/jsch-0.1.54.jar:/home/user/.m2/repository/org/apache/curator/curator-client/2.12.0/curator-client-2.12.0.jar:/home/user/.m2/repository/org/apache/curator/curator-recipes/2.12.0/curator-recipes-2.12.0.jar:/home/user/.m2/repository/com/google/code/findbugs/jsr305/3.0.0/jsr305-3.0.0.jar:/home/user/.m2/repository/org/apache/htrace/htrace-core4/4.1.0-incubating/htrace-core4-4.1.0-incubating.jar:/home/user/.m2/repository/org/apache/zookeeper/zookeeper/3.4.13/zookeeper-3.4.13.jar:/home/user/.m2/repository/jline/jline/0.9.94/jline-0.9.94.jar:/home/user/.m2/repository/org/apache/yetus/audience-annotations/0.5.0/audience-annotations-0.5.0.jar:/home/user/.m2/repository/org/codehaus/woodstox/stax2-api/3.1.4/stax2-api-3.1.4.jar:/home/user/.m2/repository/com/fasterxml/woodstox/woodstox-core/5.0.3/woodstox-core-5.0.3.jar:/home/user/.m2/repository/dnsjava/dnsjava/2.1.7/dnsjava-2.1.7.jar:/home/user/.m2/repository/org/apache/hadoop/hadoop-hdfs/3.2.0/hadoop-hdfs-3.2.0-tests.jar:/home/user/.m2/repository/org/eclipse/jetty/jetty-util-ajax/9.3.25.v20180904/jetty-util-ajax-9.3.25.v20180904.jar:/home/user/.m2/repository/commons-daemon/commons-daemon/1.0.13/commons-daemon-1.0.13.jar:/home/user/.m2/repository/io/netty/netty/3.10.5.Final/netty-3.10.5.Final.jar:/home/user/.m2/repository/io/netty/netty-all/4.0.52.Final/netty-all-4.0.52.Final.jar:/home/user/.m2/repository/org/fusesource/leveldbjni/leveldbjni-all/1.8/leveldbjni-all-1.8.jar:"/>
    <property name="java.vm.vendor" value="IcedTea"/>
    <property name="sun.arch.data.model" value="64"/>
    <property name="test.build.dir" value="/workdir/hadoop-ozone/integration-test/target/test-dir"/>
    <property name="test.cache.data" value=""/>
    <property name="java.vendor.url" value="https://icedtea.classpath.org"/>
    <property name="user.timezone" value=""/>
    <property name="java.vm.specification.version" value="1.8"/>
    <property name="os.name" value="Linux"/>
    <property name="test.build.data" value="/workdir/hadoop-ozone/integration-test/target/test-dir"/>
    <property name="user.country" value="US"/>
    <property name="sun.java.launcher" value="SUN_STANDARD"/>
    <property name="sun.boot.library.path" value="/usr/lib/jvm/java-1.8-openjdk/jre/lib/amd64"/>
    <property name="sun.java.command" value="/workdir/hadoop-ozone/integration-test/target/surefire/surefirebooter1457636633569833541.jar /workdir/hadoop-ozone/integration-test/target/surefire 2019-09-26T18-35-23_830-jvmRun1 surefire6831876796650689505tmp surefire_45222371088048115995tmp"/>
    <property name="test" value="!TestMiniChaosOzoneCluster"/>
    <property name="surefire.test.class.path" value="/workdir/hadoop-ozone/integration-test/target/test-classes:/workdir/hadoop-ozone/integration-test/target/classes:/home/user/.m2/repository/org/apache/hadoop/hadoop-ozone-common/0.5.0-SNAPSHOT/hadoop-ozone-common-0.5.0-SNAPSHOT.jar:/home/user/.m2/repository/org/apache/commons/commons-compress/1.4.1/commons-compress-1.4.1.jar:/home/user/.m2/repository/org/tukaani/xz/1.0/xz-1.0.jar:/home/user/.m2/repository/org/apache/hadoop/hadoop-common/3.2.0/hadoop-common-3.2.0.jar:/home/user/.m2/repository/org/apache/hadoop/hadoop-hdfs/3.2.0/hadoop-hdfs-3.2.0.jar:/home/user/.m2/repository/org/apache/hadoop/hadoop-hdfs-client/3.2.0/hadoop-hdfs-client-3.2.0.jar:/home/user/.m2/repository/com/fasterxml/jackson/core/jackson-annotations/2.9.9/jackson-annotations-2.9.9.jar:/home/user/.m2/repository/org/apache/hadoop/hadoop-hdds-common/0.5.0-SNAPSHOT/hadoop-hdds-common-0.5.0-SNAPSHOT.jar:/home/user/.m2/repository/javax/annotation/javax.annotation-api/1.2/javax.annotation-api-1.2.jar:/home/user/.m2/repository/org/apache/ratis/ratis-server/0.4.0/ratis-server-0.4.0.jar:/home/user/.m2/repository/org/apache/ratis/ratis-thirdparty-misc/0.2.0/ratis-thirdparty-misc-0.2.0.jar:/home/user/.m2/repository/org/apache/ratis/ratis-proto/0.4.0/ratis-proto-0.4.0.jar:/home/user/.m2/repository/org/apache/ratis/ratis-common/0.4.0/ratis-common-0.4.0.jar:/home/user/.m2/repository/org/apache/ratis/ratis-client/0.4.0/ratis-client-0.4.0.jar:/home/user/.m2/repository/org/apache/ratis/ratis-metrics/0.4.0/ratis-metrics-0.4.0.jar:/home/user/.m2/repository/com/github/joshelser/dropwizard-metrics-hadoop-metrics2-reporter/0.1.2/dropwizard-metrics-hadoop-metrics2-reporter-0.1.2.jar:/home/user/.m2/repository/io/dropwizard/metrics/metrics-jvm/3.2.5/metrics-jvm-3.2.5.jar:/home/user/.m2/repository/io/dropwizard/metrics/metrics-ganglia/3.2.5/metrics-ganglia-3.2.5.jar:/home/user/.m2/repository/info/ganglia/gmetric4j/gmetric4j/1.0.7/gmetric4j-1.0.7.jar:/home/user/.m2/repository/org/apache/ratis/ratis-netty/0.4.0/ratis-netty-0.4.0.jar:/home/user/.m2/repository/org/apache/ratis/ratis-grpc/0.4.0/ratis-grpc-0.4.0.jar:/home/user/.m2/repository/org/rocksdb/rocksdbjni/6.0.1/rocksdbjni-6.0.1.jar:/home/user/.m2/repository/org/apache/logging/log4j/log4j-api/2.11.0/log4j-api-2.11.0.jar:/home/user/.m2/repository/org/apache/logging/log4j/log4j-core/2.11.0/log4j-core-2.11.0.jar:/home/user/.m2/repository/com/lmax/disruptor/3.4.2/disruptor-3.4.2.jar:/home/user/.m2/repository/org/apache/commons/commons-pool2/2.6.0/commons-pool2-2.6.0.jar:/home/user/.m2/repository/org/bouncycastle/bcpkix-jdk15on/1.60/bcpkix-jdk15on-1.60.jar:/home/user/.m2/repository/commons-validator/commons-validator/1.6/commons-validator-1.6.jar:/home/user/.m2/repository/commons-digester/commons-digester/1.8.1/commons-digester-1.8.1.jar:/home/user/.m2/repository/io/jaegertracing/jaeger-client/0.34.0/jaeger-client-0.34.0.jar:/home/user/.m2/repository/io/jaegertracing/jaeger-thrift/0.34.0/jaeger-thrift-0.34.0.jar:/home/user/.m2/repository/org/apache/thrift/libthrift/0.12.0/libthrift-0.12.0.jar:/home/user/.m2/repository/com/squareup/okhttp3/okhttp/3.9.0/okhttp-3.9.0.jar:/home/user/.m2/repository/com/squareup/okio/okio/1.13.0/okio-1.13.0.jar:/home/user/.m2/repository/io/jaegertracing/jaeger-core/0.34.0/jaeger-core-0.34.0.jar:/home/user/.m2/repository/io/jaegertracing/jaeger-tracerresolver/0.34.0/jaeger-tracerresolver-0.34.0.jar:/home/user/.m2/repository/io/opentracing/contrib/opentracing-tracerresolver/0.1.5/opentracing-tracerresolver-0.1.5.jar:/home/user/.m2/repository/io/opentracing/opentracing-util/0.31.0/opentracing-util-0.31.0.jar:/home/user/.m2/repository/io/opentracing/opentracing-api/0.31.0/opentracing-api-0.31.0.jar:/home/user/.m2/repository/io/opentracing/opentracing-noop/0.31.0/opentracing-noop-0.31.0.jar:/home/user/.m2/repository/org/apache/hadoop/hadoop-hdds-server-framework/0.5.0-SNAPSHOT/hadoop-hdds-server-framework-0.5.0-SNAPSHOT.jar:/home/user/.m2/repository/org/apache/hadoop/hadoop-hdds-container-service/0.5.0-SNAPSHOT/hadoop-hdds-container-service-0.5.0-SNAPSHOT.jar:/home/user/.m2/repository/org/apache/hadoop/hadoop-hdds-client/0.5.0-SNAPSHOT/hadoop-hdds-client-0.5.0-SNAPSHOT.jar:/home/user/.m2/repository/org/apache/hadoop/hadoop-hdds-tools/0.5.0-SNAPSHOT/hadoop-hdds-tools-0.5.0-SNAPSHOT.jar:/home/user/.m2/repository/org/apache/hadoop/hadoop-hdds-server-scm/0.5.0-SNAPSHOT/hadoop-hdds-server-scm-0.5.0-SNAPSHOT.jar:/home/user/.m2/repository/org/apache/hadoop/hadoop-hdds-docs/0.5.0-SNAPSHOT/hadoop-hdds-docs-0.5.0-SNAPSHOT.jar:/home/user/.m2/repository/io/dropwizard/metrics/metrics-core/3.2.4/metrics-core-3.2.4.jar:/home/user/.m2/repository/org/hamcrest/hamcrest-all/1.3/hamcrest-all-1.3.jar:/home/user/.m2/repository/org/bouncycastle/bcprov-jdk15on/1.60/bcprov-jdk15on-1.60.jar:/home/user/.m2/repository/info/picocli/picocli/3.9.6/picocli-3.9.6.jar:/home/user/.m2/repository/com/google/protobuf/protobuf-java/2.5.0/protobuf-java-2.5.0.jar:/home/user/.m2/repository/com/google/guava/guava/11.0.2/guava-11.0.2.jar:/home/user/.m2/repository/org/apache/hadoop/hadoop-ozone-ozone-manager/0.5.0-SNAPSHOT/hadoop-ozone-ozone-manager-0.5.0-SNAPSHOT.jar:/home/user/.m2/repository/org/apache/hadoop/hadoop-minikdc/3.2.0/hadoop-minikdc-3.2.0.jar:/home/user/.m2/repository/commons-io/commons-io/2.5/commons-io-2.5.jar:/home/user/.m2/repository/org/apache/kerby/kerb-simplekdc/1.0.1/kerb-simplekdc-1.0.1.jar:/home/user/.m2/repository/org/apache/kerby/kerb-client/1.0.1/kerb-client-1.0.1.jar:/home/user/.m2/repository/org/apache/kerby/kerby-config/1.0.1/kerby-config-1.0.1.jar:/home/user/.m2/repository/org/apache/kerby/kerb-core/1.0.1/kerb-core-1.0.1.jar:/home/user/.m2/repository/org/apache/kerby/kerby-pkix/1.0.1/kerby-pkix-1.0.1.jar:/home/user/.m2/repository/org/apache/kerby/kerby-asn1/1.0.1/kerby-asn1-1.0.1.jar:/home/user/.m2/repository/org/apache/kerby/kerby-util/1.0.1/kerby-util-1.0.1.jar:/home/user/.m2/repository/org/apache/kerby/kerb-common/1.0.1/kerb-common-1.0.1.jar:/home/user/.m2/repository/org/apache/kerby/kerb-crypto/1.0.1/kerb-crypto-1.0.1.jar:/home/user/.m2/repository/org/apache/kerby/kerb-util/1.0.1/kerb-util-1.0.1.jar:/home/user/.m2/repository/org/apache/kerby/token-provider/1.0.1/token-provider-1.0.1.jar:/home/user/.m2/repository/org/apache/kerby/kerb-admin/1.0.1/kerb-admin-1.0.1.jar:/home/user/.m2/repository/org/apache/kerby/kerb-server/1.0.1/kerb-server-1.0.1.jar:/home/user/.m2/repository/org/apache/kerby/kerb-identity/1.0.1/kerb-identity-1.0.1.jar:/home/user/.m2/repository/org/apache/kerby/kerby-xdr/1.0.1/kerby-xdr-1.0.1.jar:/home/user/.m2/repository/org/slf4j/slf4j-log4j12/1.7.25/slf4j-log4j12-1.7.25.jar:/home/user/.m2/repository/org/apache/hadoop/hadoop-ozone-s3gateway/0.5.0-SNAPSHOT/hadoop-ozone-s3gateway-0.5.0-SNAPSHOT.jar:/home/user/.m2/repository/org/jboss/weld/servlet/weld-servlet/2.4.7.Final/weld-servlet-2.4.7.Final.jar:/home/user/.m2/repository/org/glassfish/jersey/containers/jersey-container-servlet-core/2.27/jersey-container-servlet-core-2.27.jar:/home/user/.m2/repository/org/glassfish/hk2/external/javax.inject/2.5.0-b42/javax.inject-2.5.0-b42.jar:/home/user/.m2/repository/org/glassfish/jersey/core/jersey-common/2.27/jersey-common-2.27.jar:/home/user/.m2/repository/org/glassfish/hk2/osgi-resource-locator/1.0.1/osgi-resource-locator-1.0.1.jar:/home/user/.m2/repository/javax/ws/rs/javax.ws.rs-api/2.1/javax.ws.rs-api-2.1.jar:/home/user/.m2/repository/org/glassfish/jersey/ext/cdi/jersey-cdi1x/2.27/jersey-cdi1x-2.27.jar:/home/user/.m2/repository/org/glassfish/jersey/inject/jersey-hk2/2.27/jersey-hk2-2.27.jar:/home/user/.m2/repository/org/glassfish/hk2/hk2-locator/2.5.0-b42/hk2-locator-2.5.0-b42.jar:/home/user/.m2/repository/org/javassist/javassist/3.22.0-CR2/javassist-3.22.0-CR2.jar:/home/user/.m2/repository/org/glassfish/hk2/hk2-api/2.5.0/hk2-api-2.5.0.jar:/home/user/.m2/repository/org/glassfish/hk2/external/jakarta.inject/2.5.0/jakarta.inject-2.5.0.jar:/home/user/.m2/repository/org/glassfish/hk2/hk2-utils/2.5.0/hk2-utils-2.5.0.jar:/home/user/.m2/repository/jakarta/annotation/jakarta.annotation-api/1.3.4/jakarta.annotation-api-1.3.4.jar:/home/user/.m2/repository/org/glassfish/hk2/external/aopalliance-repackaged/2.5.0/aopalliance-repackaged-2.5.0.jar:/home/user/.m2/repository/com/fasterxml/jackson/dataformat/jackson-dataformat-xml/2.9.0/jackson-dataformat-xml-2.9.0.jar:/home/user/.m2/repository/com/fasterxml/jackson/core/jackson-core/2.9.9/jackson-core-2.9.9.jar:/home/user/.m2/repository/com/fasterxml/jackson/module/jackson-module-jaxb-annotations/2.9.9/jackson-module-jaxb-annotations-2.9.9.jar:/home/user/.m2/repository/javax/enterprise/cdi-api/1.2/cdi-api-1.2.jar:/home/user/.m2/repository/javax/el/javax.el-api/3.0.0/javax.el-api-3.0.0.jar:/home/user/.m2/repository/javax/interceptor/javax.interceptor-api/1.2/javax.interceptor-api-1.2.jar:/home/user/.m2/repository/javax/inject/javax.inject/1/javax.inject-1.jar:/home/user/.m2/repository/com/sun/xml/bind/jaxb-impl/2.3.0.1/jaxb-impl-2.3.0.1.jar:/home/user/.m2/repository/com/sun/xml/bind/jaxb-core/2.3.0.1/jaxb-core-2.3.0.1.jar:/home/user/.m2/repository/javax/xml/bind/jaxb-api/2.3.0/jaxb-api-2.3.0.jar:/home/user/.m2/repository/javax/activation/activation/1.1.1/activation-1.1.1.jar:/home/user/.m2/repository/org/apache/hadoop/hadoop-ozone-csi/0.5.0-SNAPSHOT/hadoop-ozone-csi-0.5.0-SNAPSHOT.jar:/home/user/.m2/repository/com/google/protobuf/protobuf-java-util/3.5.1/protobuf-java-util-3.5.1.jar:/home/user/.m2/repository/org/apache/hadoop/hadoop-hdds-config/0.5.0-SNAPSHOT/hadoop-hdds-config-0.5.0-SNAPSHOT.jar:/home/user/.m2/repository/io/grpc/grpc-netty/1.17.1/grpc-netty-1.17.1.jar:/home/user/.m2/repository/io/grpc/grpc-core/1.17.1/grpc-core-1.17.1.jar:/home/user/.m2/repository/io/grpc/grpc-context/1.17.1/grpc-context-1.17.1.jar:/home/user/.m2/repository/com/google/errorprone/error_prone_annotations/2.2.0/error_prone_annotations-2.2.0.jar:/home/user/.m2/repository/org/codehaus/mojo/animal-sniffer-annotations/1.17/animal-sniffer-annotations-1.17.jar:/home/user/.m2/repository/io/opencensus/opencensus-api/0.17.0/opencensus-api-0.17.0.jar:/home/user/.m2/repository/io/opencensus/opencensus-contrib-grpc-metrics/0.17.0/opencensus-contrib-grpc-metrics-0.17.0.jar:/home/user/.m2/repository/io/netty/netty-codec-http2/4.1.30.Final/netty-codec-http2-4.1.30.Final.jar:/home/user/.m2/repository/io/netty/netty-codec-http/4.1.30.Final/netty-codec-http-4.1.30.Final.jar:/home/user/.m2/repository/io/netty/netty-codec/4.1.30.Final/netty-codec-4.1.30.Final.jar:/home/user/.m2/repository/io/netty/netty-handler/4.1.30.Final/netty-handler-4.1.30.Final.jar:/home/user/.m2/repository/io/netty/netty-handler-proxy/4.1.30.Final/netty-handler-proxy-4.1.30.Final.jar:/home/user/.m2/repository/io/netty/netty-codec-socks/4.1.30.Final/netty-codec-socks-4.1.30.Final.jar:/home/user/.m2/repository/io/netty/netty-transport-native-epoll/4.1.30.Final/netty-transport-native-epoll-4.1.30.Final.jar:/home/user/.m2/repository/io/netty/netty-common/4.1.30.Final/netty-common-4.1.30.Final.jar:/home/user/.m2/repository/io/netty/netty-buffer/4.1.30.Final/netty-buffer-4.1.30.Final.jar:/home/user/.m2/repository/io/netty/netty-transport/4.1.30.Final/netty-transport-4.1.30.Final.jar:/home/user/.m2/repository/io/netty/netty-resolver/4.1.30.Final/netty-resolver-4.1.30.Final.jar:/home/user/.m2/repository/io/netty/netty-transport-native-unix-common/4.1.30.Final/netty-transport-native-unix-common-4.1.30.Final.jar:/home/user/.m2/repository/io/grpc/grpc-protobuf/1.17.1/grpc-protobuf-1.17.1.jar:/home/user/.m2/repository/com/google/api/grpc/proto-google-common-protos/1.0.0/proto-google-common-protos-1.0.0.jar:/home/user/.m2/repository/io/grpc/grpc-protobuf-lite/1.17.1/grpc-protobuf-lite-1.17.1.jar:/home/user/.m2/repository/io/grpc/grpc-stub/1.17.1/grpc-stub-1.17.1.jar:/home/user/.m2/repository/org/apache/hadoop/hadoop-ozone-recon/0.5.0-SNAPSHOT/hadoop-ozone-recon-0.5.0-SNAPSHOT.jar:/home/user/.m2/repository/org/apache/hadoop/hadoop-ozone-reconcodegen/0.5.0-SNAPSHOT/hadoop-ozone-reconcodegen-0.5.0-SNAPSHOT.jar:/home/user/.m2/repository/com/google/inject/extensions/guice-multibindings/4.0/guice-multibindings-4.0.jar:/home/user/.m2/repository/com/google/inject/guice/4.0/guice-4.0.jar:/home/user/.m2/repository/aopalliance/aopalliance/1.0/aopalliance-1.0.jar:/home/user/.m2/repository/com/google/inject/extensions/guice-servlet/4.0/guice-servlet-4.0.jar:/home/user/.m2/repository/org/glassfish/jersey/containers/jersey-container-servlet/2.27/jersey-container-servlet-2.27.jar:/home/user/.m2/repository/org/glassfish/hk2/guice-bridge/2.5.0/guice-bridge-2.5.0.jar:/home/user/.m2/repository/org/glassfish/jersey/core/jersey-server/2.27/jersey-server-2.27.jar:/home/user/.m2/repository/org/glassfish/jersey/core/jersey-client/2.27/jersey-client-2.27.jar:/home/user/.m2/repository/org/glassfish/jersey/media/jersey-media-jaxb/2.27/jersey-media-jaxb-2.27.jar:/home/user/.m2/repository/javax/validation/validation-api/1.1.0.Final/validation-api-1.1.0.Final.jar:/home/user/.m2/repository/org/glassfish/jersey/media/jersey-media-json-jackson/2.27/jersey-media-json-jackson-2.27.jar:/home/user/.m2/repository/org/glassfish/jersey/ext/jersey-entity-filtering/2.27/jersey-entity-filtering-2.27.jar:/home/user/.m2/repository/com/google/inject/extensions/guice-assistedinject/4.0/guice-assistedinject-4.0.jar:/home/user/.m2/repository/org/jooq/jooq/3.11.10/jooq-3.11.10.jar:/home/user/.m2/repository/org/jooq/jooq-meta/3.11.10/jooq-meta-3.11.10.jar:/home/user/.m2/repository/org/jooq/jooq-codegen/3.11.10/jooq-codegen-3.11.10.jar:/home/user/.m2/repository/com/jolbox/bonecp/0.8.0.RELEASE/bonecp-0.8.0.RELEASE.jar:/home/user/.m2/repository/org/xerial/sqlite-jdbc/3.25.2/sqlite-jdbc-3.25.2.jar:/home/user/.m2/repository/org/springframework/spring-jdbc/5.1.3.RELEASE/spring-jdbc-5.1.3.RELEASE.jar:/home/user/.m2/repository/org/springframework/spring-beans/5.1.3.RELEASE/spring-beans-5.1.3.RELEASE.jar:/home/user/.m2/repository/org/springframework/spring-core/5.1.3.RELEASE/spring-core-5.1.3.RELEASE.jar:/home/user/.m2/repository/org/springframework/spring-jcl/5.1.3.RELEASE/spring-jcl-5.1.3.RELEASE.jar:/home/user/.m2/repository/org/springframework/spring-tx/5.1.3.RELEASE/spring-tx-5.1.3.RELEASE.jar:/home/user/.m2/repository/org/apache/hadoop/hadoop-ozone-client/0.5.0-SNAPSHOT/hadoop-ozone-client-0.5.0-SNAPSHOT.jar:/home/user/.m2/repository/commons-lang/commons-lang/2.6/commons-lang-2.6.jar:/home/user/.m2/repository/org/apache/hadoop/hadoop-ozone-ozone-manager/0.5.0-SNAPSHOT/hadoop-ozone-ozone-manager-0.5.0-SNAPSHOT-tests.jar:/home/user/.m2/repository/junit/junit/4.11/junit-4.11.jar:/home/user/.m2/repository/org/hamcrest/hamcrest-core/1.3/hamcrest-core-1.3.jar:/home/user/.m2/repository/org/openjdk/jmh/jmh-core/1.19/jmh-core-1.19.jar:/home/user/.m2/repository/net/sf/jopt-simple/jopt-simple/4.6/jopt-simple-4.6.jar:/home/user/.m2/repository/org/apache/commons/commons-math3/3.1.1/commons-math3-3.1.1.jar:/home/user/.m2/repository/org/openjdk/jmh/jmh-generator-annprocess/1.19/jmh-generator-annprocess-1.19.jar:/home/user/.m2/repository/org/mockito/mockito-all/1.8.5/mockito-all-1.8.5.jar:/home/user/.m2/repository/org/apache/hadoop/hadoop-kms/3.2.0/hadoop-kms-3.2.0.jar:/home/user/.m2/repository/org/apache/hadoop/hadoop-auth/3.2.0/hadoop-auth-3.2.0.jar:/home/user/.m2/repository/com/nimbusds/nimbus-jose-jwt/4.41.1/nimbus-jose-jwt-4.41.1.jar:/home/user/.m2/repository/com/github/stephenc/jcip/jcip-annotations/1.0-1/jcip-annotations-1.0-1.jar:/home/user/.m2/repository/net/minidev/json-smart/2.3/json-smart-2.3.jar:/home/user/.m2/repository/net/minidev/accessors-smart/1.2/accessors-smart-1.2.jar:/home/user/.m2/repository/org/ow2/asm/asm/5.0.4/asm-5.0.4.jar:/home/user/.m2/repository/org/apache/curator/curator-framework/2.12.0/curator-framework-2.12.0.jar:/home/user/.m2/repository/com/sun/jersey/jersey-core/1.19/jersey-core-1.19.jar:/home/user/.m2/repository/javax/ws/rs/jsr311-api/1.1.1/jsr311-api-1.1.1.jar:/home/user/.m2/repository/com/sun/jersey/jersey-server/1.19/jersey-server-1.19.jar:/home/user/.m2/repository/javax/servlet/javax.servlet-api/3.1.0/javax.servlet-api-3.1.0.jar:/home/user/.m2/repository/org/eclipse/jetty/jetty-server/9.3.25.v20180904/jetty-server-9.3.25.v20180904.jar:/home/user/.m2/repository/org/eclipse/jetty/jetty-http/9.3.25.v20180904/jetty-http-9.3.25.v20180904.jar:/home/user/.m2/repository/org/eclipse/jetty/jetty-io/9.3.25.v20180904/jetty-io-9.3.25.v20180904.jar:/home/user/.m2/repository/org/eclipse/jetty/jetty-webapp/9.3.25.v20180904/jetty-webapp-9.3.25.v20180904.jar:/home/user/.m2/repository/org/eclipse/jetty/jetty-xml/9.3.25.v20180904/jetty-xml-9.3.25.v20180904.jar:/home/user/.m2/repository/log4j/log4j/1.2.17/log4j-1.2.17.jar:/home/user/.m2/repository/org/slf4j/slf4j-api/1.7.25/slf4j-api-1.7.25.jar:/home/user/.m2/repository/org/slf4j/jul-to-slf4j/1.7.25/jul-to-slf4j-1.7.25.jar:/home/user/.m2/repository/org/eclipse/jetty/jetty-util/9.3.25.v20180904/jetty-util-9.3.25.v20180904.jar:/home/user/.m2/repository/com/fasterxml/jackson/core/jackson-databind/2.9.9/jackson-databind-2.9.9.jar:/home/user/.m2/repository/org/apache/hadoop/hadoop-kms/3.2.0/hadoop-kms-3.2.0-tests.jar:/home/user/.m2/repository/org/apache/hadoop/hadoop-hdds-server-scm/0.5.0-SNAPSHOT/hadoop-hdds-server-scm-0.5.0-SNAPSHOT-tests.jar:/home/user/.m2/repository/org/apache/hadoop/hadoop-hdds-container-service/0.5.0-SNAPSHOT/hadoop-hdds-container-service-0.5.0-SNAPSHOT-tests.jar:/home/user/.m2/repository/org/yaml/snakeyaml/1.16/snakeyaml-1.16.jar:/home/user/.m2/repository/org/apache/hadoop/hadoop-common/3.2.0/hadoop-common-3.2.0-tests.jar:/home/user/.m2/repository/org/apache/hadoop/hadoop-annotations/3.2.0/hadoop-annotations-3.2.0.jar:/usr/lib/jvm/java-1.8-openjdk/jre/../lib/tools.jar:/home/user/.m2/repository/commons-cli/commons-cli/1.2/commons-cli-1.2.jar:/home/user/.m2/repository/org/apache/httpcomponents/httpclient/4.5.2/httpclient-4.5.2.jar:/home/user/.m2/repository/org/apache/httpcomponents/httpcore/4.4.4/httpcore-4.4.4.jar:/home/user/.m2/repository/commons-codec/commons-codec/1.11/commons-codec-1.11.jar:/home/user/.m2/repository/commons-net/commons-net/3.6/commons-net-3.6.jar:/home/user/.m2/repository/commons-collections/commons-collections/3.2.2/commons-collections-3.2.2.jar:/home/user/.m2/repository/org/eclipse/jetty/jetty-servlet/9.3.25.v20180904/jetty-servlet-9.3.25.v20180904.jar:/home/user/.m2/repository/org/eclipse/jetty/jetty-security/9.3.25.v20180904/jetty-security-9.3.25.v20180904.jar:/home/user/.m2/repository/javax/servlet/jsp/jsp-api/2.1/jsp-api-2.1.jar:/home/user/.m2/repository/com/sun/jersey/jersey-servlet/1.19/jersey-servlet-1.19.jar:/home/user/.m2/repository/com/sun/jersey/jersey-json/1.19/jersey-json-1.19.jar:/home/user/.m2/repository/org/codehaus/jettison/jettison/1.1/jettison-1.1.jar:/home/user/.m2/repository/org/codehaus/jackson/jackson-core-asl/1.9.13/jackson-core-asl-1.9.13.jar:/home/user/.m2/repository/org/codehaus/jackson/jackson-mapper-asl/1.9.13/jackson-mapper-asl-1.9.13.jar:/home/user/.m2/repository/org/codehaus/jackson/jackson-jaxrs/1.9.13/jackson-jaxrs-1.9.13.jar:/home/user/.m2/repository/org/codehaus/jackson/jackson-xc/1.9.13/jackson-xc-1.9.13.jar:/home/user/.m2/repository/commons-logging/commons-logging/1.1.3/commons-logging-1.1.3.jar:/home/user/.m2/repository/commons-beanutils/commons-beanutils/1.9.4/commons-beanutils-1.9.4.jar:/home/user/.m2/repository/org/apache/commons/commons-configuration2/2.1.1/commons-configuration2-2.1.1.jar:/home/user/.m2/repository/org/apache/commons/commons-lang3/3.7/commons-lang3-3.7.jar:/home/user/.m2/repository/org/apache/commons/commons-text/1.4/commons-text-1.4.jar:/home/user/.m2/repository/org/apache/avro/avro/1.7.7/avro-1.7.7.jar:/home/user/.m2/repository/com/thoughtworks/paranamer/paranamer/2.3/paranamer-2.3.jar:/home/user/.m2/repository/org/xerial/snappy/snappy-java/1.0.5/snappy-java-1.0.5.jar:/home/user/.m2/repository/com/google/re2j/re2j/1.1/re2j-1.1.jar:/home/user/.m2/repository/com/google/code/gson/gson/2.2.4/gson-2.2.4.jar:/home/user/.m2/repository/com/jcraft/jsch/0.1.54/jsch-0.1.54.jar:/home/user/.m2/repository/org/apache/curator/curator-client/2.12.0/curator-client-2.12.0.jar:/home/user/.m2/repository/org/apache/curator/curator-recipes/2.12.0/curator-recipes-2.12.0.jar:/home/user/.m2/repository/com/google/code/findbugs/jsr305/3.0.0/jsr305-3.0.0.jar:/home/user/.m2/repository/org/apache/htrace/htrace-core4/4.1.0-incubating/htrace-core4-4.1.0-incubating.jar:/home/user/.m2/repository/org/apache/zookeeper/zookeeper/3.4.13/zookeeper-3.4.13.jar:/home/user/.m2/repository/jline/jline/0.9.94/jline-0.9.94.jar:/home/user/.m2/repository/org/apache/yetus/audience-annotations/0.5.0/audience-annotations-0.5.0.jar:/home/user/.m2/repository/org/codehaus/woodstox/stax2-api/3.1.4/stax2-api-3.1.4.jar:/home/user/.m2/repository/com/fasterxml/woodstox/woodstox-core/5.0.3/woodstox-core-5.0.3.jar:/home/user/.m2/repository/dnsjava/dnsjava/2.1.7/dnsjava-2.1.7.jar:/home/user/.m2/repository/org/apache/hadoop/hadoop-hdfs/3.2.0/hadoop-hdfs-3.2.0-tests.jar:/home/user/.m2/repository/org/eclipse/jetty/jetty-util-ajax/9.3.25.v20180904/jetty-util-ajax-9.3.25.v20180904.jar:/home/user/.m2/repository/commons-daemon/commons-daemon/1.0.13/commons-daemon-1.0.13.jar:/home/user/.m2/repository/io/netty/netty/3.10.5.Final/netty-3.10.5.Final.jar:/home/user/.m2/repository/io/netty/netty-all/4.0.52.Final/netty-all-4.0.52.Final.jar:/home/user/.m2/repository/org/fusesource/leveldbjni/leveldbjni-all/1.8/leveldbjni-all-1.8.jar:"/>
    <property name="sun.cpu.endian" value="little"/>
    <property name="user.home" value="/home/user"/>
    <property name="user.language" value="en"/>
    <property name="java.specification.vendor" value="Oracle Corporation"/>
    <property name="java.home" value="/usr/lib/jvm/java-1.8-openjdk/jre"/>
    <property name="java.security.krb5.conf" value="/workdir/hadoop-ozone/integration-test/target/test-classes/krb5.conf"/>
    <property name="basedir" value="/workdir/hadoop-ozone/integration-test"/>
    <property name="file.separator" value="/"/>
    <property name="line.separator" value="&#10;"/>
    <property name="java.vm.specification.vendor" value="Oracle Corporation"/>
    <property name="java.specification.name" value="Java Platform API Specification"/>
    <property name="java.awt.graphicsenv" value="sun.awt.X11GraphicsEnvironment"/>
    <property name="surefire.real.class.path" value="/workdir/hadoop-ozone/integration-test/target/surefire/surefirebooter1457636633569833541.jar"/>
    <property name="hadoop.log.dir" value="/workdir/hadoop-ozone/integration-test/target/log"/>
    <property name="sun.boot.class.path" value="/usr/lib/jvm/java-1.8-openjdk/jre/lib/resources.jar:/usr/lib/jvm/java-1.8-openjdk/jre/lib/rt.jar:/usr/lib/jvm/java-1.8-openjdk/jre/lib/sunrsasign.jar:/usr/lib/jvm/java-1.8-openjdk/jre/lib/jsse.jar:/usr/lib/jvm/java-1.8-openjdk/jre/lib/jce.jar:/usr/lib/jvm/java-1.8-openjdk/jre/lib/charsets.jar:/usr/lib/jvm/java-1.8-openjdk/jre/lib/jfr.jar:/usr/lib/jvm/java-1.8-openjdk/jre/classes"/>
    <property name="sun.management.compiler" value="HotSpot 64-Bit Tiered Compilers"/>
    <property name="java.runtime.version" value="1.8.0_212-b04"/>
    <property name="java.net.preferIPv4Stack" value="true"/>
    <property name="user.name" value="jenkins1000"/>
    <property name="path.separator" value=":"/>
    <property name="java.security.egd" value="file:///dev/urandom"/>
    <property name="os.version" value="3.10.0-957.12.2.el7.x86_64"/>
    <property name="java.endorsed.dirs" value="/usr/lib/jvm/java-1.8-openjdk/jre/lib/endorsed"/>
    <property name="java.runtime.name" value="OpenJDK Runtime Environment"/>
    <property name="file.encoding" value="UTF-8"/>
    <property name="java.vm.name" value="OpenJDK 64-Bit Server VM"/>
    <property name="test.build.webapps" value=""/>
    <property name="localRepository" value="/home/user/.m2/repository"/>
    <property name="java.vendor.url.bug" value="https://icedtea.classpath.org/bugzilla"/>
    <property name="java.io.tmpdir" value="/tmp"/>
    <property name="require.test.libhadoop" value=""/>
    <property name="java.version" value="1.8.0_212"/>
    <property name="user.dir" value="/workdir/hadoop-ozone/integration-test"/>
    <property name="os.arch" value="amd64"/>
    <property name="java.vm.specification.name" value="Java Virtual Machine Specification"/>
    <property name="test.build.classes" value="/workdir/hadoop-ozone/integration-test/target/test-classes"/>
    <property name="java.awt.printerjob" value="sun.print.PSPrinterJob"/>
    <property name="sun.os.patch.level" value="unknown"/>
    <property name="hadoop.tmp.dir" value="/workdir/hadoop-ozone/integration-test/target/tmp"/>
    <property name="java.library.path" value="/usr/lib/jvm/java-1.8-openjdk/jre/lib/amd64/server:/usr/lib/jvm/java-1.8-openjdk/jre/lib/amd64:/usr/lib/jvm/java-1.8-openjdk/jre/../lib/amd64:/workdir/hadoop-ozone/integration-test/target/native/target/usr/local/lib:/workdir/hadoop-ozone/integration-test/../../hadoop-common-project/hadoop-common/target/native/target/usr/local/lib:/usr/java/packages/lib/amd64:/usr/lib64:/lib64:/lib:/usr/lib"/>
    <property name="java.vm.info" value="mixed mode"/>
    <property name="java.vendor" value="IcedTea"/>
    <property name="java.vm.version" value="25.212-b04"/>
    <property name="java.ext.dirs" value="/usr/lib/jvm/java-1.8-openjdk/jre/lib/ext:/usr/java/packages/lib/ext"/>
    <property name="sun.io.unicode.encoding" value="UnicodeLittle"/>
    <property name="java.class.version" value="52.0"/>
  </properties>
  <testcase name="org.apache.hadoop.ozone.container.common.statemachine.commandhandler.TestCloseContainerByPipeline" classname="org.apache.hadoop.ozone.container.common.statemachine.commandhandler.TestCloseContainerByPipeline" time="147.333">
    <error message="Connection refused" type="java.net.ConnectException"><![CDATA[java.net.ConnectException: Connection refused
	at sun.nio.ch.SocketChannelImpl.checkConnect(Native Method)
	at sun.nio.ch.SocketChannelImpl.finishConnect(SocketChannelImpl.java:717)
	at org.apache.hadoop.net.SocketIOWithTimeout.connect(SocketIOWithTimeout.java:206)
	at org.apache.hadoop.net.NetUtils.connect(NetUtils.java:531)
	at org.apache.hadoop.ipc.Client$Connection.setupConnection(Client.java:690)
	at org.apache.hadoop.ipc.Client$Connection.setupIOstreams(Client.java:794)
	at org.apache.hadoop.ipc.Client$Connection.access$3700(Client.java:411)
	at org.apache.hadoop.ipc.Client.getConnection(Client.java:1572)
	at org.apache.hadoop.ipc.Client.call(Client.java:1403)
	at org.apache.hadoop.ipc.Client.call(Client.java:1367)
	at org.apache.hadoop.ipc.ProtobufRpcEngine$Invoker.invoke(ProtobufRpcEngine.java:228)
	at org.apache.hadoop.ipc.ProtobufRpcEngine$Invoker.invoke(ProtobufRpcEngine.java:116)
	at com.sun.proxy.$Proxy36.submitRequest(Unknown Source)
	at sun.reflect.NativeMethodAccessorImpl.invoke0(Native Method)
	at sun.reflect.NativeMethodAccessorImpl.invoke(NativeMethodAccessorImpl.java:62)
	at sun.reflect.DelegatingMethodAccessorImpl.invoke(DelegatingMethodAccessorImpl.java:43)
	at java.lang.reflect.Method.invoke(Method.java:498)
	at org.apache.hadoop.io.retry.RetryInvocationHandler.invokeMethod(RetryInvocationHandler.java:422)
	at org.apache.hadoop.io.retry.RetryInvocationHandler$Call.invokeMethod(RetryInvocationHandler.java:165)
	at org.apache.hadoop.io.retry.RetryInvocationHandler$Call.invoke(RetryInvocationHandler.java:157)
	at org.apache.hadoop.io.retry.RetryInvocationHandler$Call.invokeOnce(RetryInvocationHandler.java:95)
	at org.apache.hadoop.io.retry.RetryInvocationHandler.invoke(RetryInvocationHandler.java:359)
	at com.sun.proxy.$Proxy36.submitRequest(Unknown Source)
	at org.apache.hadoop.ozone.om.protocolPB.OzoneManagerProtocolClientSideTranslatorPB.submitRequest(OzoneManagerProtocolClientSideTranslatorPB.java:338)
	at org.apache.hadoop.ozone.om.protocolPB.OzoneManagerProtocolClientSideTranslatorPB.getServiceInfo(OzoneManagerProtocolClientSideTranslatorPB.java:1223)
	at sun.reflect.NativeMethodAccessorImpl.invoke0(Native Method)
	at sun.reflect.NativeMethodAccessorImpl.invoke(NativeMethodAccessorImpl.java:62)
	at sun.reflect.DelegatingMethodAccessorImpl.invoke(DelegatingMethodAccessorImpl.java:43)
	at java.lang.reflect.Method.invoke(Method.java:498)
	at org.apache.hadoop.hdds.tracing.TraceAllMethod.invoke(TraceAllMethod.java:66)
	at com.sun.proxy.$Proxy37.getServiceInfo(Unknown Source)
	at org.apache.hadoop.ozone.client.rpc.RpcClient.<init>(RpcClient.java:154)
	at org.apache.hadoop.ozone.client.OzoneClientFactory.getClientProtocol(OzoneClientFactory.java:256)
	at org.apache.hadoop.ozone.client.OzoneClientFactory.getClientProtocol(OzoneClientFactory.java:239)
	at org.apache.hadoop.ozone.client.OzoneClientFactory.getClient(OzoneClientFactory.java:75)
	at org.apache.hadoop.ozone.container.common.statemachine.commandhandler.TestCloseContainerByPipeline.init(TestCloseContainerByPipeline.java:81)
	at sun.reflect.NativeMethodAccessorImpl.invoke0(Native Method)
	at sun.reflect.NativeMethodAccessorImpl.invoke(NativeMethodAccessorImpl.java:62)
	at sun.reflect.DelegatingMethodAccessorImpl.invoke(DelegatingMethodAccessorImpl.java:43)
	at java.lang.reflect.Method.invoke(Method.java:498)
	at org.junit.runners.model.FrameworkMethod$1.runReflectiveCall(FrameworkMethod.java:47)
	at org.junit.internal.runners.model.ReflectiveCallable.run(ReflectiveCallable.java:12)
	at org.junit.runners.model.FrameworkMethod.invokeExplosively(FrameworkMethod.java:44)
	at org.junit.internal.runners.statements.RunBefores.evaluate(RunBefores.java:24)
	at org.junit.internal.runners.statements.RunAfters.evaluate(RunAfters.java:27)
	at org.junit.runners.ParentRunner.run(ParentRunner.java:309)
	at org.apache.maven.surefire.junit4.JUnit4Provider.execute(JUnit4Provider.java:365)
	at org.apache.maven.surefire.junit4.JUnit4Provider.executeWithRerun(JUnit4Provider.java:273)
	at org.apache.maven.surefire.junit4.JUnit4Provider.executeTestSet(JUnit4Provider.java:238)
	at org.apache.maven.surefire.junit4.JUnit4Provider.invoke(JUnit4Provider.java:159)
	at org.apache.maven.surefire.booter.ForkedBooter.invokeProviderInSameClassLoader(ForkedBooter.java:384)
	at org.apache.maven.surefire.booter.ForkedBooter.runSuitesInProcess(ForkedBooter.java:345)
	at org.apache.maven.surefire.booter.ForkedBooter.execute(ForkedBooter.java:126)
	at org.apache.maven.surefire.booter.ForkedBooter.main(ForkedBooter.java:418)
]]></error>
    <system-out><![CDATA[2019-09-26 18:36:43,407 [main] WARN  server.ServerUtils (ServerUtils.java:getScmDbDir(145)) - ozone.scm.db.dirs is not configured. We recommend adding this setting. Falling back to ozone.metadata.dirs instead.
2019-09-26 18:36:43,520 [main] WARN  server.ServerUtils (ServerUtils.java:getScmDbDir(145)) - ozone.scm.db.dirs is not configured. We recommend adding this setting. Falling back to ozone.metadata.dirs instead.
2019-09-26 18:36:43,523 [main] WARN  server.ServerUtils (ServerUtils.java:getScmDbDir(145)) - ozone.scm.db.dirs is not configured. We recommend adding this setting. Falling back to ozone.metadata.dirs instead.
2019-09-26 18:36:43,543 [main] INFO  util.log (Log.java:initialized(192)) - Logging initialized @916ms
2019-09-26 18:36:43,657 [main] INFO  db.DBStoreBuilder (DBStoreBuilder.java:addTable(110)) - using custom profile for table: deletedBlocks
2019-09-26 18:36:43,657 [main] INFO  db.DBStoreBuilder (DBStoreBuilder.java:processTables(161)) - Using default column profile:DBProfile.DISK for Table:deletedBlocks
2019-09-26 18:36:43,658 [main] INFO  db.DBStoreBuilder (DBStoreBuilder.java:addTable(110)) - using custom profile for table: validCerts
2019-09-26 18:36:43,658 [main] INFO  db.DBStoreBuilder (DBStoreBuilder.java:processTables(161)) - Using default column profile:DBProfile.DISK for Table:validCerts
2019-09-26 18:36:43,658 [main] INFO  db.DBStoreBuilder (DBStoreBuilder.java:addTable(110)) - using custom profile for table: revokedCerts
2019-09-26 18:36:43,658 [main] INFO  db.DBStoreBuilder (DBStoreBuilder.java:processTables(161)) - Using default column profile:DBProfile.DISK for Table:revokedCerts
2019-09-26 18:36:43,673 [main] INFO  db.DBStoreBuilder (DBStoreBuilder.java:addTable(110)) - using custom profile for table: default
2019-09-26 18:36:43,673 [main] INFO  db.DBStoreBuilder (DBStoreBuilder.java:processTables(167)) - Using default column profile:DBProfile.DISK for Table:default
2019-09-26 18:36:43,674 [main] INFO  db.DBStoreBuilder (DBStoreBuilder.java:getDbProfile(198)) - Using default options. DBProfile.DISK
2019-09-26 18:36:43,973 [main] INFO  net.NodeSchemaLoader (NodeSchemaLoader.java:loadSchemaFromFile(125)) - Loading file from sun.misc.CompoundEnumeration@235834f2
2019-09-26 18:36:43,974 [main] INFO  net.NodeSchemaLoader (NodeSchemaLoader.java:loadSchema(171)) - Loading network topology layer schema file
2019-09-26 18:36:44,040 [main] WARN  server.ServerUtils (ServerUtils.java:sanitizeUserArgs(70)) - ozone.scm.stale.node.interval value = 300000 is larger than max = 100000 based on the key value of ozone.scm.heartbeat.thread.interval, reset to the max value 100000.
2019-09-26 18:36:44,043 [main] WARN  server.ServerUtils (ServerUtils.java:sanitizeUserArgs(70)) - ozone.scm.stale.node.interval value = 300000 is larger than max = 100000 based on the key value of ozone.scm.heartbeat.thread.interval, reset to the max value 100000.
2019-09-26 18:36:44,047 [main] INFO  node.SCMNodeManager (SCMNodeManager.java:<init>(114)) - Entering startup safe mode.
2019-09-26 18:36:44,148 [main] INFO  algorithms.ContainerPlacementPolicyFactory (ContainerPlacementPolicyFactory.java:getPolicy(57)) - Create container placement policy of type org.apache.hadoop.hdds.scm.container.placement.algorithms.SCMContainerPlacementRandom
2019-09-26 18:36:44,164 [main] WARN  server.ServerUtils (ServerUtils.java:getScmDbDir(145)) - ozone.scm.db.dirs is not configured. We recommend adding this setting. Falling back to ozone.metadata.dirs instead.
2019-09-26 18:36:44,239 [main] INFO  pipeline.SCMPipelineManager (SCMPipelineManager.java:initializePipelineState(132)) - No pipeline exists in current db
2019-09-26 18:36:44,242 [main] WARN  server.ServerUtils (ServerUtils.java:getScmDbDir(145)) - ozone.scm.db.dirs is not configured. We recommend adding this setting. Falling back to ozone.metadata.dirs instead.
2019-09-26 18:36:44,348 [main] WARN  events.EventQueue (EventQueue.java:fireEvent(183)) - No event handler registered for event TypedEvent{payloadType=SafeModeStatus, name='SafeModeStatus'}
2019-09-26 18:36:44,710 [main] INFO  ipc.CallQueueManager (CallQueueManager.java:<init>(84)) - Using callQueue: class java.util.concurrent.LinkedBlockingQueue, queueCapacity: 2000, scheduler: class org.apache.hadoop.ipc.DefaultRpcScheduler, ipcBackoff: false.
2019-09-26 18:36:44,739 [Socket Reader #1 for port 39920] INFO  ipc.Server (Server.java:run(1074)) - Starting Socket Reader #1 for port 39920
2019-09-26 18:36:44,907 [main] INFO  ipc.CallQueueManager (CallQueueManager.java:<init>(84)) - Using callQueue: class java.util.concurrent.LinkedBlockingQueue, queueCapacity: 2000, scheduler: class org.apache.hadoop.ipc.DefaultRpcScheduler, ipcBackoff: false.
2019-09-26 18:36:44,908 [Socket Reader #1 for port 35475] INFO  ipc.Server (Server.java:run(1074)) - Starting Socket Reader #1 for port 35475
2019-09-26 18:36:44,921 [main] INFO  ipc.CallQueueManager (CallQueueManager.java:<init>(84)) - Using callQueue: class java.util.concurrent.LinkedBlockingQueue, queueCapacity: 2000, scheduler: class org.apache.hadoop.ipc.DefaultRpcScheduler, ipcBackoff: false.
2019-09-26 18:36:44,922 [Socket Reader #1 for port 39327] INFO  ipc.Server (Server.java:run(1074)) - Starting Socket Reader #1 for port 39327
2019-09-26 18:36:44,950 [main] INFO  hdfs.DFSUtil (DFSUtil.java:httpServerTemplateForNNAndJN(1641)) - Starting Web-server for scm at: http://0.0.0.0:0
2019-09-26 18:36:45,141 [main] INFO  server.AuthenticationFilter (AuthenticationFilter.java:constructSecretProvider(240)) - Unable to initialize FileSignerSecretProvider, falling back to use random secrets.
2019-09-26 18:36:45,150 [main] WARN  http.HttpRequestLog (HttpRequestLog.java:getRequestLog(97)) - Jetty request log can only be enabled using Log4j
2019-09-26 18:36:45,158 [main] INFO  http.HttpServer2 (HttpServer2.java:addGlobalFilter(975)) - Added global filter 'safety' (class=org.apache.hadoop.http.HttpServer2$QuotingInputFilter)
2019-09-26 18:36:45,161 [main] INFO  http.HttpServer2 (HttpServer2.java:addFilter(948)) - Added filter static_user_filter (class=org.apache.hadoop.http.lib.StaticUserWebFilter$StaticUserFilter) to context scm
2019-09-26 18:36:45,162 [main] INFO  http.HttpServer2 (HttpServer2.java:addFilter(958)) - Added filter static_user_filter (class=org.apache.hadoop.http.lib.StaticUserWebFilter$StaticUserFilter) to context static
2019-09-26 18:36:45,162 [main] INFO  http.HttpServer2 (HttpServer2.java:addFilter(958)) - Added filter static_user_filter (class=org.apache.hadoop.http.lib.StaticUserWebFilter$StaticUserFilter) to context logs
2019-09-26 18:36:45,194 [main] INFO  server.StorageContainerManager (StorageContainerManager.java:start(770)) - StorageContainerLocationProtocol RPC server is listening at /0.0.0.0:39327
2019-09-26 18:36:45,269 [main] WARN  impl.MetricsConfig (MetricsConfig.java:loadFirst(134)) - Cannot locate configuration: tried hadoop-metrics2-storagecontainermanager.properties,hadoop-metrics2.properties
2019-09-26 18:36:45,283 [main] INFO  impl.MetricsSystemImpl (MetricsSystemImpl.java:startTimer(374)) - Scheduled Metric snapshot period at 10 second(s).
2019-09-26 18:36:45,284 [main] INFO  impl.MetricsSystemImpl (MetricsSystemImpl.java:start(191)) - StorageContainerManager metrics system started
2019-09-26 18:36:45,527 [main] INFO  server.SCMClientProtocolServer (SCMClientProtocolServer.java:start(151)) - RPC server for Client  is listening at /0.0.0.0:39327
2019-09-26 18:36:45,529 [IPC Server Responder] INFO  ipc.Server (Server.java:run(1314)) - IPC Server Responder: starting
2019-09-26 18:36:45,529 [IPC Server listener on 39327] INFO  ipc.Server (Server.java:run(1153)) - IPC Server listener on 39327: starting
2019-09-26 18:36:45,531 [main] INFO  server.StorageContainerManager (StorageContainerManager.java:start(780)) - ScmBlockLocationProtocol RPC server is listening at /0.0.0.0:35475
2019-09-26 18:36:45,533 [main] INFO  server.SCMBlockProtocolServer (SCMBlockProtocolServer.java:start(146)) - RPC server for Block Protocol is listening at /0.0.0.0:35475
2019-09-26 18:36:45,533 [IPC Server Responder] INFO  ipc.Server (Server.java:run(1314)) - IPC Server Responder: starting
2019-09-26 18:36:45,533 [IPC Server listener on 35475] INFO  ipc.Server (Server.java:run(1153)) - IPC Server listener on 35475: starting
2019-09-26 18:36:45,536 [main] INFO  server.StorageContainerManager (StorageContainerManager.java:start(784)) - ScmDatanodeProtocl RPC server is listening at /0.0.0.0:39920
2019-09-26 18:36:45,536 [main] INFO  server.SCMDatanodeProtocolServer (SCMDatanodeProtocolServer.java:start(191)) - RPC server for DataNodes is listening at /0.0.0.0:39920
2019-09-26 18:36:45,537 [IPC Server Responder] INFO  ipc.Server (Server.java:run(1314)) - IPC Server Responder: starting
2019-09-26 18:36:45,537 [IPC Server listener on 39920] INFO  ipc.Server (Server.java:run(1153)) - IPC Server listener on 39920: starting
2019-09-26 18:36:45,541 [main] INFO  http.HttpServer2 (HttpServer2.java:bindListener(1191)) - Jetty bound to port 33434
2019-09-26 18:36:45,542 [main] INFO  server.Server (Server.java:doStart(351)) - jetty-9.3.25.v20180904, build timestamp: 2018-09-04T21:11:46Z, git hash: 3ce520221d0240229c862b122d2b06c12a625732
2019-09-26 18:36:45,581 [main] INFO  handler.ContextHandler (ContextHandler.java:doStart(781)) - Started o.e.j.s.ServletContextHandler@50ecde95{/logs,file:///workdir/hadoop-ozone/integration-test/target/log,AVAILABLE}
2019-09-26 18:36:45,582 [main] INFO  handler.ContextHandler (ContextHandler.java:doStart(781)) - Started o.e.j.s.ServletContextHandler@70a36a66{/static,file:///workdir/hadoop-ozone/integration-test/target/test-classes/webapps/static,AVAILABLE}
2019-09-26 18:36:45,616 [main] INFO  handler.ContextHandler (ContextHandler.java:doStart(781)) - Started o.e.j.w.WebAppContext@64c2b546{/,file:///workdir/hadoop-ozone/integration-test/target/test-classes/webapps/scm/,AVAILABLE}{/scm}
2019-09-26 18:36:45,622 [main] INFO  server.AbstractConnector (AbstractConnector.java:doStart(278)) - Started ServerConnector@69f63d95{HTTP/1.1,[http/1.1]}{0.0.0.0:33434}
2019-09-26 18:36:45,622 [main] INFO  server.Server (Server.java:doStart(419)) - Started @2996ms
2019-09-26 18:36:45,624 [main] INFO  impl.MetricsSinkAdapter (MetricsSinkAdapter.java:start(204)) - Sink prometheus started
2019-09-26 18:36:45,624 [main] INFO  impl.MetricsSystemImpl (MetricsSystemImpl.java:registerSink(301)) - Registered sink prometheus
2019-09-26 18:36:45,626 [main] INFO  server.BaseHttpServer (BaseHttpServer.java:updateConnectorAddress(215)) - HTTP server of SCM is listening at http://0.0.0.0:33434
2019-09-26 18:36:45,633 [org.apache.hadoop.util.JvmPauseMonitor$Monitor@ca27722] INFO  util.JvmPauseMonitor (JvmPauseMonitor.java:run(188)) - Starting JVM pause monitor
2019-09-26 18:36:45,636 [main] WARN  server.ServerUtils (ServerUtils.java:getDBPath(222)) - ozone.om.db.dirs is not configured. We recommend adding this setting. Falling back to ozone.metadata.dirs instead.
2019-09-26 18:36:45,745 [main] INFO  ha.OMHANodeDetails (OMHANodeDetails.java:loadOMHAConfig(194)) - Configuration either no ozone.om.address set. Falling back to the default OM address /127.0.0.1:0
2019-09-26 18:36:45,746 [main] INFO  ha.OMHANodeDetails (OMHANodeDetails.java:getOMNodeDetails(224)) - OM Service ID is not set. Setting it to the default ID: omServiceIdDefault
2019-09-26 18:36:45,747 [main] WARN  server.ServerUtils (ServerUtils.java:getDBPath(222)) - ozone.om.db.dirs is not configured. We recommend adding this setting. Falling back to ozone.metadata.dirs instead.
2019-09-26 18:36:45,748 [main] WARN  server.ServerUtils (ServerUtils.java:getDBPath(222)) - ozone.om.db.dirs is not configured. We recommend adding this setting. Falling back to ozone.metadata.dirs instead.
2019-09-26 18:36:46,547 [main] WARN  server.ServerUtils (ServerUtils.java:getDBPath(222)) - ozone.om.db.dirs is not configured. We recommend adding this setting. Falling back to ozone.metadata.dirs instead.
2019-09-26 18:36:46,556 [main] INFO  db.DBStoreBuilder (DBStoreBuilder.java:addTable(110)) - using custom profile for table: userTable
2019-09-26 18:36:46,556 [main] INFO  db.DBStoreBuilder (DBStoreBuilder.java:processTables(161)) - Using default column profile:DBProfile.DISK for Table:userTable
2019-09-26 18:36:46,556 [main] INFO  db.DBStoreBuilder (DBStoreBuilder.java:addTable(110)) - using custom profile for table: volumeTable
2019-09-26 18:36:46,556 [main] INFO  db.DBStoreBuilder (DBStoreBuilder.java:processTables(161)) - Using default column profile:DBProfile.DISK for Table:volumeTable
2019-09-26 18:36:46,557 [main] INFO  db.DBStoreBuilder (DBStoreBuilder.java:addTable(110)) - using custom profile for table: bucketTable
2019-09-26 18:36:46,557 [main] INFO  db.DBStoreBuilder (DBStoreBuilder.java:processTables(161)) - Using default column profile:DBProfile.DISK for Table:bucketTable
2019-09-26 18:36:46,557 [main] INFO  db.DBStoreBuilder (DBStoreBuilder.java:addTable(110)) - using custom profile for table: keyTable
2019-09-26 18:36:46,557 [main] INFO  db.DBStoreBuilder (DBStoreBuilder.java:processTables(161)) - Using default column profile:DBProfile.DISK for Table:keyTable
2019-09-26 18:36:46,558 [main] INFO  db.DBStoreBuilder (DBStoreBuilder.java:addTable(110)) - using custom profile for table: deletedTable
2019-09-26 18:36:46,558 [main] INFO  db.DBStoreBuilder (DBStoreBuilder.java:processTables(161)) - Using default column profile:DBProfile.DISK for Table:deletedTable
2019-09-26 18:36:46,558 [main] INFO  db.DBStoreBuilder (DBStoreBuilder.java:addTable(110)) - using custom profile for table: openKeyTable
2019-09-26 18:36:46,558 [main] INFO  db.DBStoreBuilder (DBStoreBuilder.java:processTables(161)) - Using default column profile:DBProfile.DISK for Table:openKeyTable
2019-09-26 18:36:46,558 [main] INFO  db.DBStoreBuilder (DBStoreBuilder.java:addTable(110)) - using custom profile for table: s3Table
2019-09-26 18:36:46,559 [main] INFO  db.DBStoreBuilder (DBStoreBuilder.java:processTables(161)) - Using default column profile:DBProfile.DISK for Table:s3Table
2019-09-26 18:36:46,559 [main] INFO  db.DBStoreBuilder (DBStoreBuilder.java:addTable(110)) - using custom profile for table: multipartInfoTable
2019-09-26 18:36:46,559 [main] INFO  db.DBStoreBuilder (DBStoreBuilder.java:processTables(161)) - Using default column profile:DBProfile.DISK for Table:multipartInfoTable
2019-09-26 18:36:46,559 [main] INFO  db.DBStoreBuilder (DBStoreBuilder.java:addTable(110)) - using custom profile for table: dTokenTable
2019-09-26 18:36:46,560 [main] INFO  db.DBStoreBuilder (DBStoreBuilder.java:processTables(161)) - Using default column profile:DBProfile.DISK for Table:dTokenTable
2019-09-26 18:36:46,560 [main] INFO  db.DBStoreBuilder (DBStoreBuilder.java:addTable(110)) - using custom profile for table: s3SecretTable
2019-09-26 18:36:46,560 [main] INFO  db.DBStoreBuilder (DBStoreBuilder.java:processTables(161)) - Using default column profile:DBProfile.DISK for Table:s3SecretTable
2019-09-26 18:36:46,560 [main] INFO  db.DBStoreBuilder (DBStoreBuilder.java:addTable(110)) - using custom profile for table: prefixTable
2019-09-26 18:36:46,561 [main] INFO  db.DBStoreBuilder (DBStoreBuilder.java:processTables(161)) - Using default column profile:DBProfile.DISK for Table:prefixTable
2019-09-26 18:36:46,561 [main] INFO  db.DBStoreBuilder (DBStoreBuilder.java:addTable(110)) - using custom profile for table: default
2019-09-26 18:36:46,561 [main] INFO  db.DBStoreBuilder (DBStoreBuilder.java:processTables(167)) - Using default column profile:DBProfile.DISK for Table:default
2019-09-26 18:36:46,561 [main] INFO  db.DBStoreBuilder (DBStoreBuilder.java:getDbProfile(198)) - Using default options. DBProfile.DISK
2019-09-26 18:36:47,066 [main] INFO  ipc.CallQueueManager (CallQueueManager.java:<init>(84)) - Using callQueue: class java.util.concurrent.LinkedBlockingQueue, queueCapacity: 2000, scheduler: class org.apache.hadoop.ipc.DefaultRpcScheduler, ipcBackoff: false.
2019-09-26 18:36:47,067 [Socket Reader #1 for port 35142] INFO  ipc.Server (Server.java:run(1074)) - Starting Socket Reader #1 for port 35142
2019-09-26 18:36:47,089 [main] INFO  om.OzoneManager (OzoneManager.java:start(1069)) - OzoneManager RPC server is listening at localhost/127.0.0.1:35142
2019-09-26 18:36:47,090 [main] INFO  impl.MetricsSystemImpl (MetricsSystemImpl.java:init(158)) - OzoneManager metrics system started (again)
2019-09-26 18:36:47,091 [IPC Server Responder] INFO  ipc.Server (Server.java:run(1314)) - IPC Server Responder: starting
2019-09-26 18:36:47,091 [IPC Server listener on 35142] INFO  ipc.Server (Server.java:run(1153)) - IPC Server listener on 35142: starting
2019-09-26 18:36:47,098 [main] INFO  hdfs.DFSUtil (DFSUtil.java:httpServerTemplateForNNAndJN(1641)) - Starting Web-server for ozoneManager at: http://0.0.0.0:0
2019-09-26 18:36:47,100 [main] INFO  server.AuthenticationFilter (AuthenticationFilter.java:constructSecretProvider(240)) - Unable to initialize FileSignerSecretProvider, falling back to use random secrets.
2019-09-26 18:36:47,100 [main] WARN  http.HttpRequestLog (HttpRequestLog.java:getRequestLog(97)) - Jetty request log can only be enabled using Log4j
2019-09-26 18:36:47,103 [main] INFO  http.HttpServer2 (HttpServer2.java:addGlobalFilter(975)) - Added global filter 'safety' (class=org.apache.hadoop.http.HttpServer2$QuotingInputFilter)
2019-09-26 18:36:47,103 [main] INFO  http.HttpServer2 (HttpServer2.java:addFilter(948)) - Added filter static_user_filter (class=org.apache.hadoop.http.lib.StaticUserWebFilter$StaticUserFilter) to context ozoneManager
2019-09-26 18:36:47,104 [main] INFO  http.HttpServer2 (HttpServer2.java:addFilter(958)) - Added filter static_user_filter (class=org.apache.hadoop.http.lib.StaticUserWebFilter$StaticUserFilter) to context static
2019-09-26 18:36:47,104 [main] INFO  http.HttpServer2 (HttpServer2.java:addFilter(958)) - Added filter static_user_filter (class=org.apache.hadoop.http.lib.StaticUserWebFilter$StaticUserFilter) to context logs
2019-09-26 18:36:47,106 [main] INFO  http.HttpServer2 (HttpServer2.java:bindListener(1191)) - Jetty bound to port 44361
2019-09-26 18:36:47,106 [main] INFO  server.Server (Server.java:doStart(351)) - jetty-9.3.25.v20180904, build timestamp: 2018-09-04T21:11:46Z, git hash: 3ce520221d0240229c862b122d2b06c12a625732
2019-09-26 18:36:47,108 [main] INFO  handler.ContextHandler (ContextHandler.java:doStart(781)) - Started o.e.j.s.ServletContextHandler@4c27d39d{/logs,file:///workdir/hadoop-ozone/integration-test/target/log,AVAILABLE}
2019-09-26 18:36:47,109 [main] INFO  handler.ContextHandler (ContextHandler.java:doStart(781)) - Started o.e.j.s.ServletContextHandler@7bde1f3a{/static,file:///workdir/hadoop-ozone/integration-test/target/test-classes/webapps/static,AVAILABLE}
2019-09-26 18:36:47,115 [main] INFO  handler.ContextHandler (ContextHandler.java:doStart(781)) - Started o.e.j.w.WebAppContext@3e48e859{/,file:///workdir/hadoop-ozone/integration-test/target/test-classes/webapps/ozoneManager/,AVAILABLE}{/ozoneManager}
2019-09-26 18:36:47,117 [main] INFO  server.AbstractConnector (AbstractConnector.java:doStart(278)) - Started ServerConnector@31ddd4a4{HTTP/1.1,[http/1.1]}{0.0.0.0:44361}
2019-09-26 18:36:47,118 [main] INFO  server.Server (Server.java:doStart(419)) - Started @4491ms
2019-09-26 18:36:47,118 [main] WARN  impl.MetricsSystemImpl (MetricsSystemImpl.java:register(276)) - Sink prometheus already exists!
2019-09-26 18:36:47,119 [main] INFO  server.BaseHttpServer (BaseHttpServer.java:updateConnectorAddress(215)) - HTTP server of OZONEMANAGER is listening at http://0.0.0.0:44361
2019-09-26 18:36:47,473 [main] INFO  impl.MetricsSystemImpl (MetricsSystemImpl.java:init(158)) - HddsDatanode metrics system started (again)
2019-09-26 18:36:47,521 [main] INFO  ozone.HddsDatanodeService (HddsDatanodeService.java:start(184)) - HddsDatanodeService host:pr-hdds-2162-kpcbn-4093309294 ip:192.168.151.109
2019-09-26 18:36:47,572 [main] INFO  volume.HddsVolume (HddsVolume.java:<init>(176)) - Creating Volume: /workdir/hadoop-ozone/integration-test/target/test-dir/MiniOzoneClusterImpl-92b4b651-8b24-41a6-8b84-80731fec252a/datanode-0/data/containers/hdds of  storage type : DISK and capacity : 1482555576320
2019-09-26 18:36:47,575 [main] INFO  volume.VolumeSet (VolumeSet.java:initializeVolumeSet(170)) - Added Volume : /workdir/hadoop-ozone/integration-test/target/test-dir/MiniOzoneClusterImpl-92b4b651-8b24-41a6-8b84-80731fec252a/datanode-0/data/containers/hdds to VolumeSet
2019-09-26 18:36:47,579 [main] INFO  volume.ThrottledAsyncChecker (ThrottledAsyncChecker.java:schedule(139)) - Scheduling a check for org.apache.hadoop.ozone.container.common.volume.HddsVolume@344426bf
2019-09-26 18:36:47,602 [main] INFO  volume.HddsVolumeChecker (HddsVolumeChecker.java:checkAllVolumes(202)) - Scheduled health check for volume org.apache.hadoop.ozone.container.common.volume.HddsVolume@344426bf
2019-09-26 18:36:47,755 [main] INFO  impl.RaftServerProxy (ConfUtils.java:logGet(43)) - raft.rpc.type = GRPC (default)
2019-09-26 18:36:47,827 [main] INFO  grpc.GrpcFactory (GrpcFactory.java:checkPooledByteBufAllocatorUseCacheForAllThreads(45)) - PERFORMANCE WARNING: useCacheForAllThreads is true that may cause Netty to create a lot garbage objects and, as a result, trigger GC.
	It is recommended to disable useCacheForAllThreads by setting -Dorg.apache.ratis.thirdparty.io.netty.allocator.useCacheForAllThreads=false in command line.
2019-09-26 18:36:47,833 [main] INFO  grpc.GrpcConfigKeys$Server (ConfUtils.java:logGet(43)) - raft.grpc.server.port = 0 (default)
2019-09-26 18:36:47,834 [main] INFO  server.GrpcService (ConfUtils.java:logGet(43)) - raft.grpc.message.size.max = 33570816 (custom)
2019-09-26 18:36:47,836 [main] INFO  server.RaftServerConfigKeys (ConfUtils.java:logGet(43)) - raft.server.log.appender.buffer.byte-limit = 33554432 (custom)
2019-09-26 18:36:47,836 [main] INFO  server.GrpcService (ConfUtils.java:logGet(43)) - raft.grpc.flow.control.window = 1MB (=1048576) (default)
2019-09-26 18:36:47,837 [main] INFO  server.RaftServerConfigKeys (ConfUtils.java:logGet(43)) - raft.server.rpc.request.timeout = 3000ms (default)
2019-09-26 18:36:48,003 [main] INFO  server.RaftServerConfigKeys (ConfUtils.java:logGet(43)) - raft.server.storage.dir = [/workdir/hadoop-ozone/integration-test/target/test-dir/MiniOzoneClusterImpl-92b4b651-8b24-41a6-8b84-80731fec252a/datanode-0/data/ratis] (custom)
2019-09-26 18:36:48,056 [main] INFO  hdfs.DFSUtil (DFSUtil.java:httpServerTemplateForNNAndJN(1641)) - Starting Web-server for hddsDatanode at: http://0.0.0.0:0
2019-09-26 18:36:48,061 [main] INFO  server.AuthenticationFilter (AuthenticationFilter.java:constructSecretProvider(240)) - Unable to initialize FileSignerSecretProvider, falling back to use random secrets.
2019-09-26 18:36:48,062 [main] WARN  http.HttpRequestLog (HttpRequestLog.java:getRequestLog(97)) - Jetty request log can only be enabled using Log4j
2019-09-26 18:36:48,066 [main] INFO  http.HttpServer2 (HttpServer2.java:addGlobalFilter(975)) - Added global filter 'safety' (class=org.apache.hadoop.http.HttpServer2$QuotingInputFilter)
2019-09-26 18:36:48,067 [main] INFO  http.HttpServer2 (HttpServer2.java:addFilter(948)) - Added filter static_user_filter (class=org.apache.hadoop.http.lib.StaticUserWebFilter$StaticUserFilter) to context hddsDatanode
2019-09-26 18:36:48,067 [main] INFO  http.HttpServer2 (HttpServer2.java:addFilter(958)) - Added filter static_user_filter (class=org.apache.hadoop.http.lib.StaticUserWebFilter$StaticUserFilter) to context static
2019-09-26 18:36:48,067 [main] INFO  http.HttpServer2 (HttpServer2.java:addFilter(958)) - Added filter static_user_filter (class=org.apache.hadoop.http.lib.StaticUserWebFilter$StaticUserFilter) to context logs
2019-09-26 18:36:48,069 [main] INFO  http.HttpServer2 (HttpServer2.java:bindListener(1191)) - Jetty bound to port 42664
2019-09-26 18:36:48,069 [main] INFO  server.Server (Server.java:doStart(351)) - jetty-9.3.25.v20180904, build timestamp: 2018-09-04T21:11:46Z, git hash: 3ce520221d0240229c862b122d2b06c12a625732
2019-09-26 18:36:48,072 [main] INFO  handler.ContextHandler (ContextHandler.java:doStart(781)) - Started o.e.j.s.ServletContextHandler@102ecc22{/logs,file:///workdir/hadoop-ozone/integration-test/target/log,AVAILABLE}
2019-09-26 18:36:48,073 [main] INFO  handler.ContextHandler (ContextHandler.java:doStart(781)) - Started o.e.j.s.ServletContextHandler@26dc9bd5{/static,jar:file:/home/user/.m2/repository/org/apache/hadoop/hadoop-hdds-container-service/0.5.0-SNAPSHOT/hadoop-hdds-container-service-0.5.0-SNAPSHOT.jar!/webapps/static,AVAILABLE}
2019-09-26 18:36:48,122 [main] INFO  handler.ContextHandler (ContextHandler.java:doStart(781)) - Started o.e.j.w.WebAppContext@5b852b49{/,file:///tmp/jetty-0.0.0.0-42664-hddsDatanode-_-any-5468216675382796165.dir/webapp/,AVAILABLE}{/hddsDatanode}
2019-09-26 18:36:48,123 [main] INFO  server.AbstractConnector (AbstractConnector.java:doStart(278)) - Started ServerConnector@cdb2d95{HTTP/1.1,[http/1.1]}{0.0.0.0:42664}
2019-09-26 18:36:48,124 [main] INFO  server.Server (Server.java:doStart(419)) - Started @5497ms
2019-09-26 18:36:48,125 [main] WARN  impl.MetricsSystemImpl (MetricsSystemImpl.java:register(276)) - Sink prometheus already exists!
2019-09-26 18:36:48,126 [main] INFO  server.BaseHttpServer (BaseHttpServer.java:updateConnectorAddress(215)) - HTTP server of HDDSDATANODE is listening at http://0.0.0.0:42664
2019-09-26 18:36:48,127 [main] INFO  impl.MetricsSystemImpl (MetricsSystemImpl.java:init(158)) - HddsDatanode metrics system started (again)
2019-09-26 18:36:48,131 [main] INFO  ozone.HddsDatanodeService (HddsDatanodeService.java:start(184)) - HddsDatanodeService host:pr-hdds-2162-kpcbn-4093309294 ip:192.168.151.109
2019-09-26 18:36:48,133 [org.apache.hadoop.util.JvmPauseMonitor$Monitor@1f7260a2] INFO  util.JvmPauseMonitor (JvmPauseMonitor.java:run(188)) - Starting JVM pause monitor
2019-09-26 18:36:48,140 [main] INFO  volume.HddsVolume (HddsVolume.java:<init>(176)) - Creating Volume: /workdir/hadoop-ozone/integration-test/target/test-dir/MiniOzoneClusterImpl-92b4b651-8b24-41a6-8b84-80731fec252a/datanode-1/data/containers/hdds of  storage type : DISK and capacity : 1482555576320
2019-09-26 18:36:48,141 [main] INFO  volume.VolumeSet (VolumeSet.java:initializeVolumeSet(170)) - Added Volume : /workdir/hadoop-ozone/integration-test/target/test-dir/MiniOzoneClusterImpl-92b4b651-8b24-41a6-8b84-80731fec252a/datanode-1/data/containers/hdds to VolumeSet
2019-09-26 18:36:48,141 [main] INFO  volume.ThrottledAsyncChecker (ThrottledAsyncChecker.java:schedule(139)) - Scheduling a check for org.apache.hadoop.ozone.container.common.volume.HddsVolume@46963479
2019-09-26 18:36:48,142 [main] INFO  volume.HddsVolumeChecker (HddsVolumeChecker.java:checkAllVolumes(202)) - Scheduled health check for volume org.apache.hadoop.ozone.container.common.volume.HddsVolume@46963479
2019-09-26 18:36:48,159 [main] INFO  impl.RaftServerProxy (ConfUtils.java:logGet(43)) - raft.rpc.type = GRPC (default)
2019-09-26 18:36:48,160 [main] INFO  grpc.GrpcFactory (GrpcFactory.java:checkPooledByteBufAllocatorUseCacheForAllThreads(45)) - PERFORMANCE WARNING: useCacheForAllThreads is true that may cause Netty to create a lot garbage objects and, as a result, trigger GC.
	It is recommended to disable useCacheForAllThreads by setting -Dorg.apache.ratis.thirdparty.io.netty.allocator.useCacheForAllThreads=false in command line.
2019-09-26 18:36:48,160 [main] INFO  grpc.GrpcConfigKeys$Server (ConfUtils.java:logGet(43)) - raft.grpc.server.port = 0 (default)
2019-09-26 18:36:48,160 [main] INFO  server.GrpcService (ConfUtils.java:logGet(43)) - raft.grpc.message.size.max = 33570816 (custom)
2019-09-26 18:36:48,161 [main] INFO  server.RaftServerConfigKeys (ConfUtils.java:logGet(43)) - raft.server.log.appender.buffer.byte-limit = 33554432 (custom)
2019-09-26 18:36:48,161 [main] INFO  server.GrpcService (ConfUtils.java:logGet(43)) - raft.grpc.flow.control.window = 1MB (=1048576) (default)
2019-09-26 18:36:48,161 [main] INFO  server.RaftServerConfigKeys (ConfUtils.java:logGet(43)) - raft.server.rpc.request.timeout = 3000ms (default)
2019-09-26 18:36:48,162 [main] INFO  server.RaftServerConfigKeys (ConfUtils.java:logGet(43)) - raft.server.storage.dir = [/workdir/hadoop-ozone/integration-test/target/test-dir/MiniOzoneClusterImpl-92b4b651-8b24-41a6-8b84-80731fec252a/datanode-1/data/ratis] (custom)
2019-09-26 18:36:48,164 [main] INFO  hdfs.DFSUtil (DFSUtil.java:httpServerTemplateForNNAndJN(1641)) - Starting Web-server for hddsDatanode at: http://0.0.0.0:0
2019-09-26 18:36:48,165 [main] INFO  server.AuthenticationFilter (AuthenticationFilter.java:constructSecretProvider(240)) - Unable to initialize FileSignerSecretProvider, falling back to use random secrets.
2019-09-26 18:36:48,166 [main] WARN  http.HttpRequestLog (HttpRequestLog.java:getRequestLog(97)) - Jetty request log can only be enabled using Log4j
2019-09-26 18:36:48,168 [main] INFO  http.HttpServer2 (HttpServer2.java:addGlobalFilter(975)) - Added global filter 'safety' (class=org.apache.hadoop.http.HttpServer2$QuotingInputFilter)
2019-09-26 18:36:48,168 [main] INFO  http.HttpServer2 (HttpServer2.java:addFilter(948)) - Added filter static_user_filter (class=org.apache.hadoop.http.lib.StaticUserWebFilter$StaticUserFilter) to context hddsDatanode
2019-09-26 18:36:48,168 [main] INFO  http.HttpServer2 (HttpServer2.java:addFilter(958)) - Added filter static_user_filter (class=org.apache.hadoop.http.lib.StaticUserWebFilter$StaticUserFilter) to context static
2019-09-26 18:36:48,168 [main] INFO  http.HttpServer2 (HttpServer2.java:addFilter(958)) - Added filter static_user_filter (class=org.apache.hadoop.http.lib.StaticUserWebFilter$StaticUserFilter) to context logs
2019-09-26 18:36:48,169 [main] INFO  http.HttpServer2 (HttpServer2.java:bindListener(1191)) - Jetty bound to port 43549
2019-09-26 18:36:48,169 [main] INFO  server.Server (Server.java:doStart(351)) - jetty-9.3.25.v20180904, build timestamp: 2018-09-04T21:11:46Z, git hash: 3ce520221d0240229c862b122d2b06c12a625732
2019-09-26 18:36:48,173 [main] INFO  handler.ContextHandler (ContextHandler.java:doStart(781)) - Started o.e.j.s.ServletContextHandler@620c8641{/logs,file:///workdir/hadoop-ozone/integration-test/target/log,AVAILABLE}
2019-09-26 18:36:48,174 [main] INFO  handler.ContextHandler (ContextHandler.java:doStart(781)) - Started o.e.j.s.ServletContextHandler@5460b754{/static,jar:file:/home/user/.m2/repository/org/apache/hadoop/hadoop-hdds-container-service/0.5.0-SNAPSHOT/hadoop-hdds-container-service-0.5.0-SNAPSHOT.jar!/webapps/static,AVAILABLE}
2019-09-26 18:36:48,221 [main] INFO  handler.ContextHandler (ContextHandler.java:doStart(781)) - Started o.e.j.w.WebAppContext@58472096{/,file:///tmp/jetty-0.0.0.0-43549-hddsDatanode-_-any-8280516834462244826.dir/webapp/,AVAILABLE}{/hddsDatanode}
2019-09-26 18:36:48,223 [main] INFO  server.AbstractConnector (AbstractConnector.java:doStart(278)) - Started ServerConnector@a92be4f{HTTP/1.1,[http/1.1]}{0.0.0.0:43549}
2019-09-26 18:36:48,224 [main] INFO  server.Server (Server.java:doStart(419)) - Started @5598ms
2019-09-26 18:36:48,225 [main] WARN  impl.MetricsSystemImpl (MetricsSystemImpl.java:register(276)) - Sink prometheus already exists!
2019-09-26 18:36:48,226 [main] INFO  server.BaseHttpServer (BaseHttpServer.java:updateConnectorAddress(215)) - HTTP server of HDDSDATANODE is listening at http://0.0.0.0:43549
2019-09-26 18:36:48,226 [main] INFO  impl.MetricsSystemImpl (MetricsSystemImpl.java:init(158)) - HddsDatanode metrics system started (again)
2019-09-26 18:36:48,230 [org.apache.hadoop.util.JvmPauseMonitor$Monitor@278baf58] INFO  util.JvmPauseMonitor (JvmPauseMonitor.java:run(188)) - Starting JVM pause monitor
2019-09-26 18:36:48,230 [main] INFO  ozone.HddsDatanodeService (HddsDatanodeService.java:start(184)) - HddsDatanodeService host:pr-hdds-2162-kpcbn-4093309294 ip:192.168.151.109
2019-09-26 18:36:48,239 [main] INFO  volume.HddsVolume (HddsVolume.java:<init>(176)) - Creating Volume: /workdir/hadoop-ozone/integration-test/target/test-dir/MiniOzoneClusterImpl-92b4b651-8b24-41a6-8b84-80731fec252a/datanode-2/data/containers/hdds of  storage type : DISK and capacity : 1482555576320
2019-09-26 18:36:48,239 [main] INFO  volume.VolumeSet (VolumeSet.java:initializeVolumeSet(170)) - Added Volume : /workdir/hadoop-ozone/integration-test/target/test-dir/MiniOzoneClusterImpl-92b4b651-8b24-41a6-8b84-80731fec252a/datanode-2/data/containers/hdds to VolumeSet
2019-09-26 18:36:48,239 [main] INFO  volume.ThrottledAsyncChecker (ThrottledAsyncChecker.java:schedule(139)) - Scheduling a check for org.apache.hadoop.ozone.container.common.volume.HddsVolume@611a990b
2019-09-26 18:36:48,240 [main] INFO  volume.HddsVolumeChecker (HddsVolumeChecker.java:checkAllVolumes(202)) - Scheduled health check for volume org.apache.hadoop.ozone.container.common.volume.HddsVolume@611a990b
2019-09-26 18:36:48,254 [main] INFO  impl.RaftServerProxy (ConfUtils.java:logGet(43)) - raft.rpc.type = GRPC (default)
2019-09-26 18:36:48,254 [main] INFO  grpc.GrpcFactory (GrpcFactory.java:checkPooledByteBufAllocatorUseCacheForAllThreads(45)) - PERFORMANCE WARNING: useCacheForAllThreads is true that may cause Netty to create a lot garbage objects and, as a result, trigger GC.
	It is recommended to disable useCacheForAllThreads by setting -Dorg.apache.ratis.thirdparty.io.netty.allocator.useCacheForAllThreads=false in command line.
2019-09-26 18:36:48,255 [main] INFO  grpc.GrpcConfigKeys$Server (ConfUtils.java:logGet(43)) - raft.grpc.server.port = 0 (default)
2019-09-26 18:36:48,255 [main] INFO  server.GrpcService (ConfUtils.java:logGet(43)) - raft.grpc.message.size.max = 33570816 (custom)
2019-09-26 18:36:48,255 [main] INFO  server.RaftServerConfigKeys (ConfUtils.java:logGet(43)) - raft.server.log.appender.buffer.byte-limit = 33554432 (custom)
2019-09-26 18:36:48,255 [main] INFO  server.GrpcService (ConfUtils.java:logGet(43)) - raft.grpc.flow.control.window = 1MB (=1048576) (default)
2019-09-26 18:36:48,256 [main] INFO  server.RaftServerConfigKeys (ConfUtils.java:logGet(43)) - raft.server.rpc.request.timeout = 3000ms (default)
2019-09-26 18:36:48,256 [main] INFO  server.RaftServerConfigKeys (ConfUtils.java:logGet(43)) - raft.server.storage.dir = [/workdir/hadoop-ozone/integration-test/target/test-dir/MiniOzoneClusterImpl-92b4b651-8b24-41a6-8b84-80731fec252a/datanode-2/data/ratis] (custom)
2019-09-26 18:36:48,258 [main] INFO  hdfs.DFSUtil (DFSUtil.java:httpServerTemplateForNNAndJN(1641)) - Starting Web-server for hddsDatanode at: http://0.0.0.0:0
2019-09-26 18:36:48,260 [main] INFO  server.AuthenticationFilter (AuthenticationFilter.java:constructSecretProvider(240)) - Unable to initialize FileSignerSecretProvider, falling back to use random secrets.
2019-09-26 18:36:48,260 [main] WARN  http.HttpRequestLog (HttpRequestLog.java:getRequestLog(97)) - Jetty request log can only be enabled using Log4j
2019-09-26 18:36:48,262 [main] INFO  http.HttpServer2 (HttpServer2.java:addGlobalFilter(975)) - Added global filter 'safety' (class=org.apache.hadoop.http.HttpServer2$QuotingInputFilter)
2019-09-26 18:36:48,262 [main] INFO  http.HttpServer2 (HttpServer2.java:addFilter(948)) - Added filter static_user_filter (class=org.apache.hadoop.http.lib.StaticUserWebFilter$StaticUserFilter) to context hddsDatanode
2019-09-26 18:36:48,262 [main] INFO  http.HttpServer2 (HttpServer2.java:addFilter(958)) - Added filter static_user_filter (class=org.apache.hadoop.http.lib.StaticUserWebFilter$StaticUserFilter) to context logs
2019-09-26 18:36:48,263 [main] INFO  http.HttpServer2 (HttpServer2.java:addFilter(958)) - Added filter static_user_filter (class=org.apache.hadoop.http.lib.StaticUserWebFilter$StaticUserFilter) to context static
2019-09-26 18:36:48,263 [main] INFO  http.HttpServer2 (HttpServer2.java:bindListener(1191)) - Jetty bound to port 45680
2019-09-26 18:36:48,264 [main] INFO  server.Server (Server.java:doStart(351)) - jetty-9.3.25.v20180904, build timestamp: 2018-09-04T21:11:46Z, git hash: 3ce520221d0240229c862b122d2b06c12a625732
2019-09-26 18:36:48,265 [main] INFO  handler.ContextHandler (ContextHandler.java:doStart(781)) - Started o.e.j.s.ServletContextHandler@5624657a{/logs,file:///workdir/hadoop-ozone/integration-test/target/log,AVAILABLE}
2019-09-26 18:36:48,266 [main] INFO  handler.ContextHandler (ContextHandler.java:doStart(781)) - Started o.e.j.s.ServletContextHandler@4d21c56e{/static,jar:file:/home/user/.m2/repository/org/apache/hadoop/hadoop-hdds-container-service/0.5.0-SNAPSHOT/hadoop-hdds-container-service-0.5.0-SNAPSHOT.jar!/webapps/static,AVAILABLE}
2019-09-26 18:36:48,278 [Datanode State Machine Thread - 0] INFO  datanode.InitDatanodeState (InitDatanodeState.java:persistContainerDatanodeDetails(140)) - DatanodeDetails is persisted to /workdir/hadoop-ozone/integration-test/target/test-dir/MiniOzoneClusterImpl-92b4b651-8b24-41a6-8b84-80731fec252a/datanode-0/meta/datanode.id
2019-09-26 18:36:48,281 [Datanode State Machine Thread - 0] INFO  datanode.InitDatanodeState (InitDatanodeState.java:persistContainerDatanodeDetails(140)) - DatanodeDetails is persisted to /workdir/hadoop-ozone/integration-test/target/test-dir/MiniOzoneClusterImpl-92b4b651-8b24-41a6-8b84-80731fec252a/datanode-1/meta/datanode.id
2019-09-26 18:36:48,299 [main] INFO  handler.ContextHandler (ContextHandler.java:doStart(781)) - Started o.e.j.w.WebAppContext@4a163575{/,file:///tmp/jetty-0.0.0.0-45680-hddsDatanode-_-any-3230347406401940910.dir/webapp/,AVAILABLE}{/hddsDatanode}
2019-09-26 18:36:48,300 [main] INFO  server.AbstractConnector (AbstractConnector.java:doStart(278)) - Started ServerConnector@7e642b88{HTTP/1.1,[http/1.1]}{0.0.0.0:45680}
2019-09-26 18:36:48,301 [main] INFO  server.Server (Server.java:doStart(419)) - Started @5674ms
2019-09-26 18:36:48,301 [main] WARN  impl.MetricsSystemImpl (MetricsSystemImpl.java:register(276)) - Sink prometheus already exists!
2019-09-26 18:36:48,302 [main] INFO  server.BaseHttpServer (BaseHttpServer.java:updateConnectorAddress(215)) - HTTP server of HDDSDATANODE is listening at http://0.0.0.0:45680
2019-09-26 18:36:48,303 [main] INFO  impl.MetricsSystemImpl (MetricsSystemImpl.java:init(158)) - HddsDatanode metrics system started (again)
2019-09-26 18:36:48,305 [org.apache.hadoop.util.JvmPauseMonitor$Monitor@2182b362] INFO  util.JvmPauseMonitor (JvmPauseMonitor.java:run(188)) - Starting JVM pause monitor
2019-09-26 18:36:48,306 [main] INFO  ozone.HddsDatanodeService (HddsDatanodeService.java:start(184)) - HddsDatanodeService host:pr-hdds-2162-kpcbn-4093309294 ip:192.168.151.109
2019-09-26 18:36:48,307 [Datanode State Machine Thread - 0] INFO  datanode.InitDatanodeState (InitDatanodeState.java:persistContainerDatanodeDetails(140)) - DatanodeDetails is persisted to /workdir/hadoop-ozone/integration-test/target/test-dir/MiniOzoneClusterImpl-92b4b651-8b24-41a6-8b84-80731fec252a/datanode-2/meta/datanode.id
2019-09-26 18:36:48,312 [main] INFO  volume.HddsVolume (HddsVolume.java:<init>(176)) - Creating Volume: /workdir/hadoop-ozone/integration-test/target/test-dir/MiniOzoneClusterImpl-92b4b651-8b24-41a6-8b84-80731fec252a/datanode-3/data/containers/hdds of  storage type : DISK and capacity : 1482555576320
2019-09-26 18:36:48,313 [main] INFO  volume.VolumeSet (VolumeSet.java:initializeVolumeSet(170)) - Added Volume : /workdir/hadoop-ozone/integration-test/target/test-dir/MiniOzoneClusterImpl-92b4b651-8b24-41a6-8b84-80731fec252a/datanode-3/data/containers/hdds to VolumeSet
2019-09-26 18:36:48,313 [main] INFO  volume.ThrottledAsyncChecker (ThrottledAsyncChecker.java:schedule(139)) - Scheduling a check for org.apache.hadoop.ozone.container.common.volume.HddsVolume@ec8f4b9
2019-09-26 18:36:48,314 [main] INFO  volume.HddsVolumeChecker (HddsVolumeChecker.java:checkAllVolumes(202)) - Scheduled health check for volume org.apache.hadoop.ozone.container.common.volume.HddsVolume@ec8f4b9
2019-09-26 18:36:48,328 [main] INFO  impl.RaftServerProxy (ConfUtils.java:logGet(43)) - raft.rpc.type = GRPC (default)
2019-09-26 18:36:48,328 [main] INFO  grpc.GrpcFactory (GrpcFactory.java:checkPooledByteBufAllocatorUseCacheForAllThreads(45)) - PERFORMANCE WARNING: useCacheForAllThreads is true that may cause Netty to create a lot garbage objects and, as a result, trigger GC.
	It is recommended to disable useCacheForAllThreads by setting -Dorg.apache.ratis.thirdparty.io.netty.allocator.useCacheForAllThreads=false in command line.
2019-09-26 18:36:48,329 [main] INFO  grpc.GrpcConfigKeys$Server (ConfUtils.java:logGet(43)) - raft.grpc.server.port = 0 (default)
2019-09-26 18:36:48,329 [main] INFO  server.GrpcService (ConfUtils.java:logGet(43)) - raft.grpc.message.size.max = 33570816 (custom)
2019-09-26 18:36:48,329 [main] INFO  server.RaftServerConfigKeys (ConfUtils.java:logGet(43)) - raft.server.log.appender.buffer.byte-limit = 33554432 (custom)
2019-09-26 18:36:48,329 [main] INFO  server.GrpcService (ConfUtils.java:logGet(43)) - raft.grpc.flow.control.window = 1MB (=1048576) (default)
2019-09-26 18:36:48,329 [main] INFO  server.RaftServerConfigKeys (ConfUtils.java:logGet(43)) - raft.server.rpc.request.timeout = 3000ms (default)
2019-09-26 18:36:48,330 [main] INFO  server.RaftServerConfigKeys (ConfUtils.java:logGet(43)) - raft.server.storage.dir = [/workdir/hadoop-ozone/integration-test/target/test-dir/MiniOzoneClusterImpl-92b4b651-8b24-41a6-8b84-80731fec252a/datanode-3/data/ratis] (custom)
2019-09-26 18:36:48,332 [main] INFO  hdfs.DFSUtil (DFSUtil.java:httpServerTemplateForNNAndJN(1641)) - Starting Web-server for hddsDatanode at: http://0.0.0.0:0
2019-09-26 18:36:48,333 [main] INFO  server.AuthenticationFilter (AuthenticationFilter.java:constructSecretProvider(240)) - Unable to initialize FileSignerSecretProvider, falling back to use random secrets.
2019-09-26 18:36:48,334 [main] WARN  http.HttpRequestLog (HttpRequestLog.java:getRequestLog(97)) - Jetty request log can only be enabled using Log4j
2019-09-26 18:36:48,335 [main] INFO  http.HttpServer2 (HttpServer2.java:addGlobalFilter(975)) - Added global filter 'safety' (class=org.apache.hadoop.http.HttpServer2$QuotingInputFilter)
2019-09-26 18:36:48,336 [main] INFO  http.HttpServer2 (HttpServer2.java:addFilter(948)) - Added filter static_user_filter (class=org.apache.hadoop.http.lib.StaticUserWebFilter$StaticUserFilter) to context hddsDatanode
2019-09-26 18:36:48,336 [main] INFO  http.HttpServer2 (HttpServer2.java:addFilter(958)) - Added filter static_user_filter (class=org.apache.hadoop.http.lib.StaticUserWebFilter$StaticUserFilter) to context static
2019-09-26 18:36:48,336 [main] INFO  http.HttpServer2 (HttpServer2.java:addFilter(958)) - Added filter static_user_filter (class=org.apache.hadoop.http.lib.StaticUserWebFilter$StaticUserFilter) to context logs
2019-09-26 18:36:48,337 [main] INFO  http.HttpServer2 (HttpServer2.java:bindListener(1191)) - Jetty bound to port 42606
2019-09-26 18:36:48,337 [main] INFO  server.Server (Server.java:doStart(351)) - jetty-9.3.25.v20180904, build timestamp: 2018-09-04T21:11:46Z, git hash: 3ce520221d0240229c862b122d2b06c12a625732
2019-09-26 18:36:48,341 [main] INFO  handler.ContextHandler (ContextHandler.java:doStart(781)) - Started o.e.j.s.ServletContextHandler@97d0c06{/logs,file:///workdir/hadoop-ozone/integration-test/target/log,AVAILABLE}
2019-09-26 18:36:48,341 [main] INFO  handler.ContextHandler (ContextHandler.java:doStart(781)) - Started o.e.j.s.ServletContextHandler@43af351a{/static,jar:file:/home/user/.m2/repository/org/apache/hadoop/hadoop-hdds-container-service/0.5.0-SNAPSHOT/hadoop-hdds-container-service-0.5.0-SNAPSHOT.jar!/webapps/static,AVAILABLE}
2019-09-26 18:36:48,381 [main] INFO  handler.ContextHandler (ContextHandler.java:doStart(781)) - Started o.e.j.w.WebAppContext@15b642b9{/,file:///tmp/jetty-0.0.0.0-42606-hddsDatanode-_-any-9211355586244762899.dir/webapp/,AVAILABLE}{/hddsDatanode}
2019-09-26 18:36:48,383 [main] INFO  server.AbstractConnector (AbstractConnector.java:doStart(278)) - Started ServerConnector@518bfd90{HTTP/1.1,[http/1.1]}{0.0.0.0:42606}
2019-09-26 18:36:48,384 [main] INFO  server.Server (Server.java:doStart(419)) - Started @5758ms
2019-09-26 18:36:48,385 [main] WARN  impl.MetricsSystemImpl (MetricsSystemImpl.java:register(276)) - Sink prometheus already exists!
2019-09-26 18:36:48,386 [main] INFO  server.BaseHttpServer (BaseHttpServer.java:updateConnectorAddress(215)) - HTTP server of HDDSDATANODE is listening at http://0.0.0.0:42606
2019-09-26 18:36:48,386 [main] INFO  impl.MetricsSystemImpl (MetricsSystemImpl.java:init(158)) - HddsDatanode metrics system started (again)
2019-09-26 18:36:48,389 [org.apache.hadoop.util.JvmPauseMonitor$Monitor@226d7b39] INFO  util.JvmPauseMonitor (JvmPauseMonitor.java:run(188)) - Starting JVM pause monitor
2019-09-26 18:36:48,390 [main] INFO  ozone.HddsDatanodeService (HddsDatanodeService.java:start(184)) - HddsDatanodeService host:pr-hdds-2162-kpcbn-4093309294 ip:192.168.151.109
2019-09-26 18:36:48,391 [Datanode State Machine Thread - 0] INFO  datanode.InitDatanodeState (InitDatanodeState.java:persistContainerDatanodeDetails(140)) - DatanodeDetails is persisted to /workdir/hadoop-ozone/integration-test/target/test-dir/MiniOzoneClusterImpl-92b4b651-8b24-41a6-8b84-80731fec252a/datanode-3/meta/datanode.id
2019-09-26 18:36:48,398 [main] INFO  volume.HddsVolume (HddsVolume.java:<init>(176)) - Creating Volume: /workdir/hadoop-ozone/integration-test/target/test-dir/MiniOzoneClusterImpl-92b4b651-8b24-41a6-8b84-80731fec252a/datanode-4/data/containers/hdds of  storage type : DISK and capacity : 1482555576320
2019-09-26 18:36:48,398 [main] INFO  volume.VolumeSet (VolumeSet.java:initializeVolumeSet(170)) - Added Volume : /workdir/hadoop-ozone/integration-test/target/test-dir/MiniOzoneClusterImpl-92b4b651-8b24-41a6-8b84-80731fec252a/datanode-4/data/containers/hdds to VolumeSet
2019-09-26 18:36:48,398 [main] INFO  volume.ThrottledAsyncChecker (ThrottledAsyncChecker.java:schedule(139)) - Scheduling a check for org.apache.hadoop.ozone.container.common.volume.HddsVolume@2f897dab
2019-09-26 18:36:48,399 [main] INFO  volume.HddsVolumeChecker (HddsVolumeChecker.java:checkAllVolumes(202)) - Scheduled health check for volume org.apache.hadoop.ozone.container.common.volume.HddsVolume@2f897dab
2019-09-26 18:36:48,413 [main] INFO  impl.RaftServerProxy (ConfUtils.java:logGet(43)) - raft.rpc.type = GRPC (default)
2019-09-26 18:36:48,414 [main] INFO  grpc.GrpcFactory (GrpcFactory.java:checkPooledByteBufAllocatorUseCacheForAllThreads(45)) - PERFORMANCE WARNING: useCacheForAllThreads is true that may cause Netty to create a lot garbage objects and, as a result, trigger GC.
	It is recommended to disable useCacheForAllThreads by setting -Dorg.apache.ratis.thirdparty.io.netty.allocator.useCacheForAllThreads=false in command line.
2019-09-26 18:36:48,414 [main] INFO  grpc.GrpcConfigKeys$Server (ConfUtils.java:logGet(43)) - raft.grpc.server.port = 0 (default)
2019-09-26 18:36:48,414 [main] INFO  server.GrpcService (ConfUtils.java:logGet(43)) - raft.grpc.message.size.max = 33570816 (custom)
2019-09-26 18:36:48,414 [main] INFO  server.RaftServerConfigKeys (ConfUtils.java:logGet(43)) - raft.server.log.appender.buffer.byte-limit = 33554432 (custom)
2019-09-26 18:36:48,415 [main] INFO  server.GrpcService (ConfUtils.java:logGet(43)) - raft.grpc.flow.control.window = 1MB (=1048576) (default)
2019-09-26 18:36:48,415 [main] INFO  server.RaftServerConfigKeys (ConfUtils.java:logGet(43)) - raft.server.rpc.request.timeout = 3000ms (default)
2019-09-26 18:36:48,416 [main] INFO  server.RaftServerConfigKeys (ConfUtils.java:logGet(43)) - raft.server.storage.dir = [/workdir/hadoop-ozone/integration-test/target/test-dir/MiniOzoneClusterImpl-92b4b651-8b24-41a6-8b84-80731fec252a/datanode-4/data/ratis] (custom)
2019-09-26 18:36:48,417 [main] INFO  hdfs.DFSUtil (DFSUtil.java:httpServerTemplateForNNAndJN(1641)) - Starting Web-server for hddsDatanode at: http://0.0.0.0:0
2019-09-26 18:36:48,419 [main] INFO  server.AuthenticationFilter (AuthenticationFilter.java:constructSecretProvider(240)) - Unable to initialize FileSignerSecretProvider, falling back to use random secrets.
2019-09-26 18:36:48,419 [main] WARN  http.HttpRequestLog (HttpRequestLog.java:getRequestLog(97)) - Jetty request log can only be enabled using Log4j
2019-09-26 18:36:48,421 [main] INFO  http.HttpServer2 (HttpServer2.java:addGlobalFilter(975)) - Added global filter 'safety' (class=org.apache.hadoop.http.HttpServer2$QuotingInputFilter)
2019-09-26 18:36:48,421 [main] INFO  http.HttpServer2 (HttpServer2.java:addFilter(948)) - Added filter static_user_filter (class=org.apache.hadoop.http.lib.StaticUserWebFilter$StaticUserFilter) to context hddsDatanode
2019-09-26 18:36:48,422 [main] INFO  http.HttpServer2 (HttpServer2.java:addFilter(958)) - Added filter static_user_filter (class=org.apache.hadoop.http.lib.StaticUserWebFilter$StaticUserFilter) to context logs
2019-09-26 18:36:48,422 [main] INFO  http.HttpServer2 (HttpServer2.java:addFilter(958)) - Added filter static_user_filter (class=org.apache.hadoop.http.lib.StaticUserWebFilter$StaticUserFilter) to context static
2019-09-26 18:36:48,423 [main] INFO  http.HttpServer2 (HttpServer2.java:bindListener(1191)) - Jetty bound to port 37637
2019-09-26 18:36:48,423 [main] INFO  server.Server (Server.java:doStart(351)) - jetty-9.3.25.v20180904, build timestamp: 2018-09-04T21:11:46Z, git hash: 3ce520221d0240229c862b122d2b06c12a625732
2019-09-26 18:36:48,425 [main] INFO  handler.ContextHandler (ContextHandler.java:doStart(781)) - Started o.e.j.s.ServletContextHandler@67e13bd0{/logs,file:///workdir/hadoop-ozone/integration-test/target/log,AVAILABLE}
2019-09-26 18:36:48,426 [main] INFO  handler.ContextHandler (ContextHandler.java:doStart(781)) - Started o.e.j.s.ServletContextHandler@2cae9b8{/static,jar:file:/home/user/.m2/repository/org/apache/hadoop/hadoop-hdds-container-service/0.5.0-SNAPSHOT/hadoop-hdds-container-service-0.5.0-SNAPSHOT.jar!/webapps/static,AVAILABLE}
2019-09-26 18:36:48,455 [main] INFO  handler.ContextHandler (ContextHandler.java:doStart(781)) - Started o.e.j.w.WebAppContext@53cf9c99{/,file:///tmp/jetty-0.0.0.0-37637-hddsDatanode-_-any-1428358208237091668.dir/webapp/,AVAILABLE}{/hddsDatanode}
2019-09-26 18:36:48,456 [main] INFO  server.AbstractConnector (AbstractConnector.java:doStart(278)) - Started ServerConnector@7b306b9f{HTTP/1.1,[http/1.1]}{0.0.0.0:37637}
2019-09-26 18:36:48,456 [main] INFO  server.Server (Server.java:doStart(419)) - Started @5830ms
2019-09-26 18:36:48,456 [main] WARN  impl.MetricsSystemImpl (MetricsSystemImpl.java:register(276)) - Sink prometheus already exists!
2019-09-26 18:36:48,457 [main] INFO  server.BaseHttpServer (BaseHttpServer.java:updateConnectorAddress(215)) - HTTP server of HDDSDATANODE is listening at http://0.0.0.0:37637
2019-09-26 18:36:48,457 [main] INFO  impl.MetricsSystemImpl (MetricsSystemImpl.java:init(158)) - HddsDatanode metrics system started (again)
2019-09-26 18:36:48,461 [org.apache.hadoop.util.JvmPauseMonitor$Monitor@3b9091bd] INFO  util.JvmPauseMonitor (JvmPauseMonitor.java:run(188)) - Starting JVM pause monitor
2019-09-26 18:36:48,461 [main] INFO  ozone.HddsDatanodeService (HddsDatanodeService.java:start(184)) - HddsDatanodeService host:pr-hdds-2162-kpcbn-4093309294 ip:192.168.151.109
2019-09-26 18:36:48,464 [Datanode State Machine Thread - 0] INFO  datanode.InitDatanodeState (InitDatanodeState.java:persistContainerDatanodeDetails(140)) - DatanodeDetails is persisted to /workdir/hadoop-ozone/integration-test/target/test-dir/MiniOzoneClusterImpl-92b4b651-8b24-41a6-8b84-80731fec252a/datanode-4/meta/datanode.id
2019-09-26 18:36:48,469 [main] INFO  volume.HddsVolume (HddsVolume.java:<init>(176)) - Creating Volume: /workdir/hadoop-ozone/integration-test/target/test-dir/MiniOzoneClusterImpl-92b4b651-8b24-41a6-8b84-80731fec252a/datanode-5/data/containers/hdds of  storage type : DISK and capacity : 1482555576320
2019-09-26 18:36:48,469 [main] INFO  volume.VolumeSet (VolumeSet.java:initializeVolumeSet(170)) - Added Volume : /workdir/hadoop-ozone/integration-test/target/test-dir/MiniOzoneClusterImpl-92b4b651-8b24-41a6-8b84-80731fec252a/datanode-5/data/containers/hdds to VolumeSet
2019-09-26 18:36:48,469 [main] INFO  volume.ThrottledAsyncChecker (ThrottledAsyncChecker.java:schedule(139)) - Scheduling a check for org.apache.hadoop.ozone.container.common.volume.HddsVolume@f1d0004
2019-09-26 18:36:48,470 [main] INFO  volume.HddsVolumeChecker (HddsVolumeChecker.java:checkAllVolumes(202)) - Scheduled health check for volume org.apache.hadoop.ozone.container.common.volume.HddsVolume@f1d0004
2019-09-26 18:36:48,486 [main] INFO  impl.RaftServerProxy (ConfUtils.java:logGet(43)) - raft.rpc.type = GRPC (default)
2019-09-26 18:36:48,486 [main] INFO  grpc.GrpcFactory (GrpcFactory.java:checkPooledByteBufAllocatorUseCacheForAllThreads(45)) - PERFORMANCE WARNING: useCacheForAllThreads is true that may cause Netty to create a lot garbage objects and, as a result, trigger GC.
	It is recommended to disable useCacheForAllThreads by setting -Dorg.apache.ratis.thirdparty.io.netty.allocator.useCacheForAllThreads=false in command line.
2019-09-26 18:36:48,486 [main] INFO  grpc.GrpcConfigKeys$Server (ConfUtils.java:logGet(43)) - raft.grpc.server.port = 0 (default)
2019-09-26 18:36:48,487 [main] INFO  server.GrpcService (ConfUtils.java:logGet(43)) - raft.grpc.message.size.max = 33570816 (custom)
2019-09-26 18:36:48,487 [main] INFO  server.RaftServerConfigKeys (ConfUtils.java:logGet(43)) - raft.server.log.appender.buffer.byte-limit = 33554432 (custom)
2019-09-26 18:36:48,487 [main] INFO  server.GrpcService (ConfUtils.java:logGet(43)) - raft.grpc.flow.control.window = 1MB (=1048576) (default)
2019-09-26 18:36:48,487 [main] INFO  server.RaftServerConfigKeys (ConfUtils.java:logGet(43)) - raft.server.rpc.request.timeout = 3000ms (default)
2019-09-26 18:36:48,488 [main] INFO  server.RaftServerConfigKeys (ConfUtils.java:logGet(43)) - raft.server.storage.dir = [/workdir/hadoop-ozone/integration-test/target/test-dir/MiniOzoneClusterImpl-92b4b651-8b24-41a6-8b84-80731fec252a/datanode-5/data/ratis] (custom)
2019-09-26 18:36:48,490 [main] INFO  hdfs.DFSUtil (DFSUtil.java:httpServerTemplateForNNAndJN(1641)) - Starting Web-server for hddsDatanode at: http://0.0.0.0:0
2019-09-26 18:36:48,491 [main] INFO  server.AuthenticationFilter (AuthenticationFilter.java:constructSecretProvider(240)) - Unable to initialize FileSignerSecretProvider, falling back to use random secrets.
2019-09-26 18:36:48,492 [main] WARN  http.HttpRequestLog (HttpRequestLog.java:getRequestLog(97)) - Jetty request log can only be enabled using Log4j
2019-09-26 18:36:48,493 [main] INFO  http.HttpServer2 (HttpServer2.java:addGlobalFilter(975)) - Added global filter 'safety' (class=org.apache.hadoop.http.HttpServer2$QuotingInputFilter)
2019-09-26 18:36:48,494 [main] INFO  http.HttpServer2 (HttpServer2.java:addFilter(948)) - Added filter static_user_filter (class=org.apache.hadoop.http.lib.StaticUserWebFilter$StaticUserFilter) to context hddsDatanode
2019-09-26 18:36:48,494 [main] INFO  http.HttpServer2 (HttpServer2.java:addFilter(958)) - Added filter static_user_filter (class=org.apache.hadoop.http.lib.StaticUserWebFilter$StaticUserFilter) to context logs
2019-09-26 18:36:48,494 [main] INFO  http.HttpServer2 (HttpServer2.java:addFilter(958)) - Added filter static_user_filter (class=org.apache.hadoop.http.lib.StaticUserWebFilter$StaticUserFilter) to context static
2019-09-26 18:36:48,495 [main] INFO  http.HttpServer2 (HttpServer2.java:bindListener(1191)) - Jetty bound to port 40071
2019-09-26 18:36:48,495 [main] INFO  server.Server (Server.java:doStart(351)) - jetty-9.3.25.v20180904, build timestamp: 2018-09-04T21:11:46Z, git hash: 3ce520221d0240229c862b122d2b06c12a625732
2019-09-26 18:36:48,497 [main] INFO  handler.ContextHandler (ContextHandler.java:doStart(781)) - Started o.e.j.s.ServletContextHandler@21505815{/logs,file:///workdir/hadoop-ozone/integration-test/target/log,AVAILABLE}
2019-09-26 18:36:48,497 [main] INFO  handler.ContextHandler (ContextHandler.java:doStart(781)) - Started o.e.j.s.ServletContextHandler@58fef7f7{/static,jar:file:/home/user/.m2/repository/org/apache/hadoop/hadoop-hdds-container-service/0.5.0-SNAPSHOT/hadoop-hdds-container-service-0.5.0-SNAPSHOT.jar!/webapps/static,AVAILABLE}
2019-09-26 18:36:48,527 [main] INFO  handler.ContextHandler (ContextHandler.java:doStart(781)) - Started o.e.j.w.WebAppContext@100c8b75{/,file:///tmp/jetty-0.0.0.0-40071-hddsDatanode-_-any-7509344455201287955.dir/webapp/,AVAILABLE}{/hddsDatanode}
2019-09-26 18:36:48,529 [main] INFO  server.AbstractConnector (AbstractConnector.java:doStart(278)) - Started ServerConnector@2bc378f7{HTTP/1.1,[http/1.1]}{0.0.0.0:40071}
2019-09-26 18:36:48,529 [main] INFO  server.Server (Server.java:doStart(419)) - Started @5903ms
2019-09-26 18:36:48,529 [main] WARN  impl.MetricsSystemImpl (MetricsSystemImpl.java:register(276)) - Sink prometheus already exists!
2019-09-26 18:36:48,530 [main] INFO  server.BaseHttpServer (BaseHttpServer.java:updateConnectorAddress(215)) - HTTP server of HDDSDATANODE is listening at http://0.0.0.0:40071
2019-09-26 18:36:48,531 [main] INFO  impl.MetricsSystemImpl (MetricsSystemImpl.java:init(158)) - HddsDatanode metrics system started (again)
2019-09-26 18:36:48,535 [org.apache.hadoop.util.JvmPauseMonitor$Monitor@548b35df] INFO  util.JvmPauseMonitor (JvmPauseMonitor.java:run(188)) - Starting JVM pause monitor
2019-09-26 18:36:48,535 [main] INFO  ozone.HddsDatanodeService (HddsDatanodeService.java:start(184)) - HddsDatanodeService host:pr-hdds-2162-kpcbn-4093309294 ip:192.168.151.109
2019-09-26 18:36:48,539 [Datanode State Machine Thread - 0] INFO  datanode.InitDatanodeState (InitDatanodeState.java:persistContainerDatanodeDetails(140)) - DatanodeDetails is persisted to /workdir/hadoop-ozone/integration-test/target/test-dir/MiniOzoneClusterImpl-92b4b651-8b24-41a6-8b84-80731fec252a/datanode-5/meta/datanode.id
2019-09-26 18:36:48,544 [main] INFO  volume.HddsVolume (HddsVolume.java:<init>(176)) - Creating Volume: /workdir/hadoop-ozone/integration-test/target/test-dir/MiniOzoneClusterImpl-92b4b651-8b24-41a6-8b84-80731fec252a/datanode-6/data/containers/hdds of  storage type : DISK and capacity : 1482555576320
2019-09-26 18:36:48,544 [main] INFO  volume.VolumeSet (VolumeSet.java:initializeVolumeSet(170)) - Added Volume : /workdir/hadoop-ozone/integration-test/target/test-dir/MiniOzoneClusterImpl-92b4b651-8b24-41a6-8b84-80731fec252a/datanode-6/data/containers/hdds to VolumeSet
2019-09-26 18:36:48,544 [main] INFO  volume.ThrottledAsyncChecker (ThrottledAsyncChecker.java:schedule(139)) - Scheduling a check for org.apache.hadoop.ozone.container.common.volume.HddsVolume@7afc4db9
2019-09-26 18:36:48,545 [main] INFO  volume.HddsVolumeChecker (HddsVolumeChecker.java:checkAllVolumes(202)) - Scheduled health check for volume org.apache.hadoop.ozone.container.common.volume.HddsVolume@7afc4db9
2019-09-26 18:36:48,560 [main] INFO  impl.RaftServerProxy (ConfUtils.java:logGet(43)) - raft.rpc.type = GRPC (default)
2019-09-26 18:36:48,560 [main] INFO  grpc.GrpcFactory (GrpcFactory.java:checkPooledByteBufAllocatorUseCacheForAllThreads(45)) - PERFORMANCE WARNING: useCacheForAllThreads is true that may cause Netty to create a lot garbage objects and, as a result, trigger GC.
	It is recommended to disable useCacheForAllThreads by setting -Dorg.apache.ratis.thirdparty.io.netty.allocator.useCacheForAllThreads=false in command line.
2019-09-26 18:36:48,561 [main] INFO  grpc.GrpcConfigKeys$Server (ConfUtils.java:logGet(43)) - raft.grpc.server.port = 0 (default)
2019-09-26 18:36:48,561 [main] INFO  server.GrpcService (ConfUtils.java:logGet(43)) - raft.grpc.message.size.max = 33570816 (custom)
2019-09-26 18:36:48,561 [main] INFO  server.RaftServerConfigKeys (ConfUtils.java:logGet(43)) - raft.server.log.appender.buffer.byte-limit = 33554432 (custom)
2019-09-26 18:36:48,561 [main] INFO  server.GrpcService (ConfUtils.java:logGet(43)) - raft.grpc.flow.control.window = 1MB (=1048576) (default)
2019-09-26 18:36:48,562 [main] INFO  server.RaftServerConfigKeys (ConfUtils.java:logGet(43)) - raft.server.rpc.request.timeout = 3000ms (default)
2019-09-26 18:36:48,562 [main] INFO  server.RaftServerConfigKeys (ConfUtils.java:logGet(43)) - raft.server.storage.dir = [/workdir/hadoop-ozone/integration-test/target/test-dir/MiniOzoneClusterImpl-92b4b651-8b24-41a6-8b84-80731fec252a/datanode-6/data/ratis] (custom)
2019-09-26 18:36:48,564 [main] INFO  hdfs.DFSUtil (DFSUtil.java:httpServerTemplateForNNAndJN(1641)) - Starting Web-server for hddsDatanode at: http://0.0.0.0:0
2019-09-26 18:36:48,566 [main] INFO  server.AuthenticationFilter (AuthenticationFilter.java:constructSecretProvider(240)) - Unable to initialize FileSignerSecretProvider, falling back to use random secrets.
2019-09-26 18:36:48,566 [main] WARN  http.HttpRequestLog (HttpRequestLog.java:getRequestLog(97)) - Jetty request log can only be enabled using Log4j
2019-09-26 18:36:48,568 [main] INFO  http.HttpServer2 (HttpServer2.java:addGlobalFilter(975)) - Added global filter 'safety' (class=org.apache.hadoop.http.HttpServer2$QuotingInputFilter)
2019-09-26 18:36:48,569 [main] INFO  http.HttpServer2 (HttpServer2.java:addFilter(948)) - Added filter static_user_filter (class=org.apache.hadoop.http.lib.StaticUserWebFilter$StaticUserFilter) to context hddsDatanode
2019-09-26 18:36:48,569 [main] INFO  http.HttpServer2 (HttpServer2.java:addFilter(958)) - Added filter static_user_filter (class=org.apache.hadoop.http.lib.StaticUserWebFilter$StaticUserFilter) to context logs
2019-09-26 18:36:48,569 [main] INFO  http.HttpServer2 (HttpServer2.java:addFilter(958)) - Added filter static_user_filter (class=org.apache.hadoop.http.lib.StaticUserWebFilter$StaticUserFilter) to context static
2019-09-26 18:36:48,570 [main] INFO  http.HttpServer2 (HttpServer2.java:bindListener(1191)) - Jetty bound to port 35828
2019-09-26 18:36:48,571 [main] INFO  server.Server (Server.java:doStart(351)) - jetty-9.3.25.v20180904, build timestamp: 2018-09-04T21:11:46Z, git hash: 3ce520221d0240229c862b122d2b06c12a625732
2019-09-26 18:36:48,573 [main] INFO  handler.ContextHandler (ContextHandler.java:doStart(781)) - Started o.e.j.s.ServletContextHandler@1ab5f08a{/logs,file:///workdir/hadoop-ozone/integration-test/target/log,AVAILABLE}
2019-09-26 18:36:48,573 [main] INFO  handler.ContextHandler (ContextHandler.java:doStart(781)) - Started o.e.j.s.ServletContextHandler@79a04e5f{/static,jar:file:/home/user/.m2/repository/org/apache/hadoop/hadoop-hdds-container-service/0.5.0-SNAPSHOT/hadoop-hdds-container-service-0.5.0-SNAPSHOT.jar!/webapps/static,AVAILABLE}
2019-09-26 18:36:48,608 [main] INFO  handler.ContextHandler (ContextHandler.java:doStart(781)) - Started o.e.j.w.WebAppContext@5a08efdc{/,file:///tmp/jetty-0.0.0.0-35828-hddsDatanode-_-any-7809040970402421260.dir/webapp/,AVAILABLE}{/hddsDatanode}
2019-09-26 18:36:48,610 [main] INFO  server.AbstractConnector (AbstractConnector.java:doStart(278)) - Started ServerConnector@57272109{HTTP/1.1,[http/1.1]}{0.0.0.0:35828}
2019-09-26 18:36:48,610 [main] INFO  server.Server (Server.java:doStart(419)) - Started @5984ms
2019-09-26 18:36:48,611 [main] WARN  impl.MetricsSystemImpl (MetricsSystemImpl.java:register(276)) - Sink prometheus already exists!
2019-09-26 18:36:48,612 [main] INFO  server.BaseHttpServer (BaseHttpServer.java:updateConnectorAddress(215)) - HTTP server of HDDSDATANODE is listening at http://0.0.0.0:35828
2019-09-26 18:36:48,612 [main] INFO  impl.MetricsSystemImpl (MetricsSystemImpl.java:init(158)) - HddsDatanode metrics system started (again)
2019-09-26 18:36:48,617 [org.apache.hadoop.util.JvmPauseMonitor$Monitor@115ec31a] INFO  util.JvmPauseMonitor (JvmPauseMonitor.java:run(188)) - Starting JVM pause monitor
2019-09-26 18:36:48,619 [main] INFO  ozone.HddsDatanodeService (HddsDatanodeService.java:start(184)) - HddsDatanodeService host:pr-hdds-2162-kpcbn-4093309294 ip:192.168.151.109
2019-09-26 18:36:48,627 [main] INFO  volume.HddsVolume (HddsVolume.java:<init>(176)) - Creating Volume: /workdir/hadoop-ozone/integration-test/target/test-dir/MiniOzoneClusterImpl-92b4b651-8b24-41a6-8b84-80731fec252a/datanode-7/data/containers/hdds of  storage type : DISK and capacity : 1482555576320
2019-09-26 18:36:48,634 [Datanode State Machine Thread - 0] INFO  datanode.InitDatanodeState (InitDatanodeState.java:persistContainerDatanodeDetails(140)) - DatanodeDetails is persisted to /workdir/hadoop-ozone/integration-test/target/test-dir/MiniOzoneClusterImpl-92b4b651-8b24-41a6-8b84-80731fec252a/datanode-6/meta/datanode.id
2019-09-26 18:36:48,634 [main] INFO  volume.VolumeSet (VolumeSet.java:initializeVolumeSet(170)) - Added Volume : /workdir/hadoop-ozone/integration-test/target/test-dir/MiniOzoneClusterImpl-92b4b651-8b24-41a6-8b84-80731fec252a/datanode-7/data/containers/hdds to VolumeSet
2019-09-26 18:36:48,634 [main] INFO  volume.ThrottledAsyncChecker (ThrottledAsyncChecker.java:schedule(139)) - Scheduling a check for org.apache.hadoop.ozone.container.common.volume.HddsVolume@489091bd
2019-09-26 18:36:48,635 [main] INFO  volume.HddsVolumeChecker (HddsVolumeChecker.java:checkAllVolumes(202)) - Scheduled health check for volume org.apache.hadoop.ozone.container.common.volume.HddsVolume@489091bd
2019-09-26 18:36:48,650 [main] INFO  impl.RaftServerProxy (ConfUtils.java:logGet(43)) - raft.rpc.type = GRPC (default)
2019-09-26 18:36:48,650 [main] INFO  grpc.GrpcFactory (GrpcFactory.java:checkPooledByteBufAllocatorUseCacheForAllThreads(45)) - PERFORMANCE WARNING: useCacheForAllThreads is true that may cause Netty to create a lot garbage objects and, as a result, trigger GC.
	It is recommended to disable useCacheForAllThreads by setting -Dorg.apache.ratis.thirdparty.io.netty.allocator.useCacheForAllThreads=false in command line.
2019-09-26 18:36:48,650 [main] INFO  grpc.GrpcConfigKeys$Server (ConfUtils.java:logGet(43)) - raft.grpc.server.port = 0 (default)
2019-09-26 18:36:48,651 [main] INFO  server.GrpcService (ConfUtils.java:logGet(43)) - raft.grpc.message.size.max = 33570816 (custom)
2019-09-26 18:36:48,651 [main] INFO  server.RaftServerConfigKeys (ConfUtils.java:logGet(43)) - raft.server.log.appender.buffer.byte-limit = 33554432 (custom)
2019-09-26 18:36:48,651 [main] INFO  server.GrpcService (ConfUtils.java:logGet(43)) - raft.grpc.flow.control.window = 1MB (=1048576) (default)
2019-09-26 18:36:48,651 [main] INFO  server.RaftServerConfigKeys (ConfUtils.java:logGet(43)) - raft.server.rpc.request.timeout = 3000ms (default)
2019-09-26 18:36:48,652 [main] INFO  server.RaftServerConfigKeys (ConfUtils.java:logGet(43)) - raft.server.storage.dir = [/workdir/hadoop-ozone/integration-test/target/test-dir/MiniOzoneClusterImpl-92b4b651-8b24-41a6-8b84-80731fec252a/datanode-7/data/ratis] (custom)
2019-09-26 18:36:48,653 [main] INFO  hdfs.DFSUtil (DFSUtil.java:httpServerTemplateForNNAndJN(1641)) - Starting Web-server for hddsDatanode at: http://0.0.0.0:0
2019-09-26 18:36:48,655 [main] INFO  server.AuthenticationFilter (AuthenticationFilter.java:constructSecretProvider(240)) - Unable to initialize FileSignerSecretProvider, falling back to use random secrets.
2019-09-26 18:36:48,655 [main] WARN  http.HttpRequestLog (HttpRequestLog.java:getRequestLog(97)) - Jetty request log can only be enabled using Log4j
2019-09-26 18:36:48,657 [main] INFO  http.HttpServer2 (HttpServer2.java:addGlobalFilter(975)) - Added global filter 'safety' (class=org.apache.hadoop.http.HttpServer2$QuotingInputFilter)
2019-09-26 18:36:48,657 [main] INFO  http.HttpServer2 (HttpServer2.java:addFilter(948)) - Added filter static_user_filter (class=org.apache.hadoop.http.lib.StaticUserWebFilter$StaticUserFilter) to context hddsDatanode
2019-09-26 18:36:48,658 [main] INFO  http.HttpServer2 (HttpServer2.java:addFilter(958)) - Added filter static_user_filter (class=org.apache.hadoop.http.lib.StaticUserWebFilter$StaticUserFilter) to context logs
2019-09-26 18:36:48,658 [main] INFO  http.HttpServer2 (HttpServer2.java:addFilter(958)) - Added filter static_user_filter (class=org.apache.hadoop.http.lib.StaticUserWebFilter$StaticUserFilter) to context static
2019-09-26 18:36:48,658 [main] INFO  http.HttpServer2 (HttpServer2.java:bindListener(1191)) - Jetty bound to port 45330
2019-09-26 18:36:48,659 [main] INFO  server.Server (Server.java:doStart(351)) - jetty-9.3.25.v20180904, build timestamp: 2018-09-04T21:11:46Z, git hash: 3ce520221d0240229c862b122d2b06c12a625732
2019-09-26 18:36:48,661 [main] INFO  handler.ContextHandler (ContextHandler.java:doStart(781)) - Started o.e.j.s.ServletContextHandler@6325f352{/logs,file:///workdir/hadoop-ozone/integration-test/target/log,AVAILABLE}
2019-09-26 18:36:48,661 [main] INFO  handler.ContextHandler (ContextHandler.java:doStart(781)) - Started o.e.j.s.ServletContextHandler@6cbd0674{/static,jar:file:/home/user/.m2/repository/org/apache/hadoop/hadoop-hdds-container-service/0.5.0-SNAPSHOT/hadoop-hdds-container-service-0.5.0-SNAPSHOT.jar!/webapps/static,AVAILABLE}
2019-09-26 18:36:48,690 [main] INFO  handler.ContextHandler (ContextHandler.java:doStart(781)) - Started o.e.j.w.WebAppContext@7a8b9166{/,file:///tmp/jetty-0.0.0.0-45330-hddsDatanode-_-any-1086346879706580490.dir/webapp/,AVAILABLE}{/hddsDatanode}
2019-09-26 18:36:48,690 [main] INFO  server.AbstractConnector (AbstractConnector.java:doStart(278)) - Started ServerConnector@4acc5dff{HTTP/1.1,[http/1.1]}{0.0.0.0:45330}
2019-09-26 18:36:48,691 [main] INFO  server.Server (Server.java:doStart(419)) - Started @6065ms
2019-09-26 18:36:48,692 [main] WARN  impl.MetricsSystemImpl (MetricsSystemImpl.java:register(276)) - Sink prometheus already exists!
2019-09-26 18:36:48,693 [main] INFO  server.BaseHttpServer (BaseHttpServer.java:updateConnectorAddress(215)) - HTTP server of HDDSDATANODE is listening at http://0.0.0.0:45330
2019-09-26 18:36:48,693 [main] INFO  impl.MetricsSystemImpl (MetricsSystemImpl.java:init(158)) - HddsDatanode metrics system started (again)
2019-09-26 18:36:48,697 [org.apache.hadoop.util.JvmPauseMonitor$Monitor@343fbd28] INFO  util.JvmPauseMonitor (JvmPauseMonitor.java:run(188)) - Starting JVM pause monitor
2019-09-26 18:36:48,698 [main] INFO  ozone.HddsDatanodeService (HddsDatanodeService.java:start(184)) - HddsDatanodeService host:pr-hdds-2162-kpcbn-4093309294 ip:192.168.151.109
2019-09-26 18:36:48,699 [Datanode State Machine Thread - 0] INFO  datanode.InitDatanodeState (InitDatanodeState.java:persistContainerDatanodeDetails(140)) - DatanodeDetails is persisted to /workdir/hadoop-ozone/integration-test/target/test-dir/MiniOzoneClusterImpl-92b4b651-8b24-41a6-8b84-80731fec252a/datanode-7/meta/datanode.id
2019-09-26 18:36:48,706 [main] INFO  volume.HddsVolume (HddsVolume.java:<init>(176)) - Creating Volume: /workdir/hadoop-ozone/integration-test/target/test-dir/MiniOzoneClusterImpl-92b4b651-8b24-41a6-8b84-80731fec252a/datanode-8/data/containers/hdds of  storage type : DISK and capacity : 1482555576320
2019-09-26 18:36:48,706 [main] INFO  volume.VolumeSet (VolumeSet.java:initializeVolumeSet(170)) - Added Volume : /workdir/hadoop-ozone/integration-test/target/test-dir/MiniOzoneClusterImpl-92b4b651-8b24-41a6-8b84-80731fec252a/datanode-8/data/containers/hdds to VolumeSet
2019-09-26 18:36:48,706 [main] INFO  volume.ThrottledAsyncChecker (ThrottledAsyncChecker.java:schedule(139)) - Scheduling a check for org.apache.hadoop.ozone.container.common.volume.HddsVolume@7d3c09ec
2019-09-26 18:36:48,707 [main] INFO  volume.HddsVolumeChecker (HddsVolumeChecker.java:checkAllVolumes(202)) - Scheduled health check for volume org.apache.hadoop.ozone.container.common.volume.HddsVolume@7d3c09ec
2019-09-26 18:36:48,721 [main] INFO  impl.RaftServerProxy (ConfUtils.java:logGet(43)) - raft.rpc.type = GRPC (default)
2019-09-26 18:36:48,722 [main] INFO  grpc.GrpcFactory (GrpcFactory.java:checkPooledByteBufAllocatorUseCacheForAllThreads(45)) - PERFORMANCE WARNING: useCacheForAllThreads is true that may cause Netty to create a lot garbage objects and, as a result, trigger GC.
	It is recommended to disable useCacheForAllThreads by setting -Dorg.apache.ratis.thirdparty.io.netty.allocator.useCacheForAllThreads=false in command line.
2019-09-26 18:36:48,722 [main] INFO  grpc.GrpcConfigKeys$Server (ConfUtils.java:logGet(43)) - raft.grpc.server.port = 0 (default)
2019-09-26 18:36:48,722 [main] INFO  server.GrpcService (ConfUtils.java:logGet(43)) - raft.grpc.message.size.max = 33570816 (custom)
2019-09-26 18:36:48,722 [main] INFO  server.RaftServerConfigKeys (ConfUtils.java:logGet(43)) - raft.server.log.appender.buffer.byte-limit = 33554432 (custom)
2019-09-26 18:36:48,722 [main] INFO  server.GrpcService (ConfUtils.java:logGet(43)) - raft.grpc.flow.control.window = 1MB (=1048576) (default)
2019-09-26 18:36:48,723 [main] INFO  server.RaftServerConfigKeys (ConfUtils.java:logGet(43)) - raft.server.rpc.request.timeout = 3000ms (default)
2019-09-26 18:36:48,723 [main] INFO  server.RaftServerConfigKeys (ConfUtils.java:logGet(43)) - raft.server.storage.dir = [/workdir/hadoop-ozone/integration-test/target/test-dir/MiniOzoneClusterImpl-92b4b651-8b24-41a6-8b84-80731fec252a/datanode-8/data/ratis] (custom)
2019-09-26 18:36:48,725 [main] INFO  hdfs.DFSUtil (DFSUtil.java:httpServerTemplateForNNAndJN(1641)) - Starting Web-server for hddsDatanode at: http://0.0.0.0:0
2019-09-26 18:36:48,726 [main] INFO  server.AuthenticationFilter (AuthenticationFilter.java:constructSecretProvider(240)) - Unable to initialize FileSignerSecretProvider, falling back to use random secrets.
2019-09-26 18:36:48,727 [main] WARN  http.HttpRequestLog (HttpRequestLog.java:getRequestLog(97)) - Jetty request log can only be enabled using Log4j
2019-09-26 18:36:48,728 [main] INFO  http.HttpServer2 (HttpServer2.java:addGlobalFilter(975)) - Added global filter 'safety' (class=org.apache.hadoop.http.HttpServer2$QuotingInputFilter)
2019-09-26 18:36:48,729 [main] INFO  http.HttpServer2 (HttpServer2.java:addFilter(948)) - Added filter static_user_filter (class=org.apache.hadoop.http.lib.StaticUserWebFilter$StaticUserFilter) to context hddsDatanode
2019-09-26 18:36:48,729 [main] INFO  http.HttpServer2 (HttpServer2.java:addFilter(958)) - Added filter static_user_filter (class=org.apache.hadoop.http.lib.StaticUserWebFilter$StaticUserFilter) to context logs
2019-09-26 18:36:48,729 [main] INFO  http.HttpServer2 (HttpServer2.java:addFilter(958)) - Added filter static_user_filter (class=org.apache.hadoop.http.lib.StaticUserWebFilter$StaticUserFilter) to context static
2019-09-26 18:36:48,730 [main] INFO  http.HttpServer2 (HttpServer2.java:bindListener(1191)) - Jetty bound to port 39581
2019-09-26 18:36:48,730 [main] INFO  server.Server (Server.java:doStart(351)) - jetty-9.3.25.v20180904, build timestamp: 2018-09-04T21:11:46Z, git hash: 3ce520221d0240229c862b122d2b06c12a625732
2019-09-26 18:36:48,732 [main] INFO  handler.ContextHandler (ContextHandler.java:doStart(781)) - Started o.e.j.s.ServletContextHandler@6d11ceef{/logs,file:///workdir/hadoop-ozone/integration-test/target/log,AVAILABLE}
2019-09-26 18:36:48,733 [main] INFO  handler.ContextHandler (ContextHandler.java:doStart(781)) - Started o.e.j.s.ServletContextHandler@72e295cc{/static,jar:file:/home/user/.m2/repository/org/apache/hadoop/hadoop-hdds-container-service/0.5.0-SNAPSHOT/hadoop-hdds-container-service-0.5.0-SNAPSHOT.jar!/webapps/static,AVAILABLE}
2019-09-26 18:36:48,763 [main] INFO  handler.ContextHandler (ContextHandler.java:doStart(781)) - Started o.e.j.w.WebAppContext@2373ad99{/,file:///tmp/jetty-0.0.0.0-39581-hddsDatanode-_-any-247888824987487031.dir/webapp/,AVAILABLE}{/hddsDatanode}
2019-09-26 18:36:48,764 [main] INFO  server.AbstractConnector (AbstractConnector.java:doStart(278)) - Started ServerConnector@33634f04{HTTP/1.1,[http/1.1]}{0.0.0.0:39581}
2019-09-26 18:36:48,766 [main] INFO  server.Server (Server.java:doStart(419)) - Started @6139ms
2019-09-26 18:36:48,766 [main] WARN  impl.MetricsSystemImpl (MetricsSystemImpl.java:register(276)) - Sink prometheus already exists!
2019-09-26 18:36:48,767 [main] INFO  server.BaseHttpServer (BaseHttpServer.java:updateConnectorAddress(215)) - HTTP server of HDDSDATANODE is listening at http://0.0.0.0:39581
2019-09-26 18:36:48,767 [main] INFO  impl.MetricsSystemImpl (MetricsSystemImpl.java:init(158)) - HddsDatanode metrics system started (again)
2019-09-26 18:36:48,773 [org.apache.hadoop.util.JvmPauseMonitor$Monitor@3d2c752d] INFO  util.JvmPauseMonitor (JvmPauseMonitor.java:run(188)) - Starting JVM pause monitor
2019-09-26 18:36:48,774 [main] INFO  ozone.HddsDatanodeService (HddsDatanodeService.java:start(184)) - HddsDatanodeService host:pr-hdds-2162-kpcbn-4093309294 ip:192.168.151.109
2019-09-26 18:36:48,776 [Datanode State Machine Thread - 0] INFO  datanode.InitDatanodeState (InitDatanodeState.java:persistContainerDatanodeDetails(140)) - DatanodeDetails is persisted to /workdir/hadoop-ozone/integration-test/target/test-dir/MiniOzoneClusterImpl-92b4b651-8b24-41a6-8b84-80731fec252a/datanode-8/meta/datanode.id
2019-09-26 18:36:48,783 [main] INFO  volume.HddsVolume (HddsVolume.java:<init>(176)) - Creating Volume: /workdir/hadoop-ozone/integration-test/target/test-dir/MiniOzoneClusterImpl-92b4b651-8b24-41a6-8b84-80731fec252a/datanode-9/data/containers/hdds of  storage type : DISK and capacity : 1482555576320
2019-09-26 18:36:48,783 [main] INFO  volume.VolumeSet (VolumeSet.java:initializeVolumeSet(170)) - Added Volume : /workdir/hadoop-ozone/integration-test/target/test-dir/MiniOzoneClusterImpl-92b4b651-8b24-41a6-8b84-80731fec252a/datanode-9/data/containers/hdds to VolumeSet
2019-09-26 18:36:48,783 [main] INFO  volume.ThrottledAsyncChecker (ThrottledAsyncChecker.java:schedule(139)) - Scheduling a check for org.apache.hadoop.ozone.container.common.volume.HddsVolume@18578491
2019-09-26 18:36:48,784 [main] INFO  volume.HddsVolumeChecker (HddsVolumeChecker.java:checkAllVolumes(202)) - Scheduled health check for volume org.apache.hadoop.ozone.container.common.volume.HddsVolume@18578491
2019-09-26 18:36:48,800 [main] INFO  impl.RaftServerProxy (ConfUtils.java:logGet(43)) - raft.rpc.type = GRPC (default)
2019-09-26 18:36:48,801 [main] INFO  grpc.GrpcFactory (GrpcFactory.java:checkPooledByteBufAllocatorUseCacheForAllThreads(45)) - PERFORMANCE WARNING: useCacheForAllThreads is true that may cause Netty to create a lot garbage objects and, as a result, trigger GC.
	It is recommended to disable useCacheForAllThreads by setting -Dorg.apache.ratis.thirdparty.io.netty.allocator.useCacheForAllThreads=false in command line.
2019-09-26 18:36:48,801 [main] INFO  grpc.GrpcConfigKeys$Server (ConfUtils.java:logGet(43)) - raft.grpc.server.port = 0 (default)
2019-09-26 18:36:48,801 [main] INFO  server.GrpcService (ConfUtils.java:logGet(43)) - raft.grpc.message.size.max = 33570816 (custom)
2019-09-26 18:36:48,801 [main] INFO  server.RaftServerConfigKeys (ConfUtils.java:logGet(43)) - raft.server.log.appender.buffer.byte-limit = 33554432 (custom)
2019-09-26 18:36:48,802 [main] INFO  server.GrpcService (ConfUtils.java:logGet(43)) - raft.grpc.flow.control.window = 1MB (=1048576) (default)
2019-09-26 18:36:48,802 [main] INFO  server.RaftServerConfigKeys (ConfUtils.java:logGet(43)) - raft.server.rpc.request.timeout = 3000ms (default)
2019-09-26 18:36:48,802 [main] INFO  server.RaftServerConfigKeys (ConfUtils.java:logGet(43)) - raft.server.storage.dir = [/workdir/hadoop-ozone/integration-test/target/test-dir/MiniOzoneClusterImpl-92b4b651-8b24-41a6-8b84-80731fec252a/datanode-9/data/ratis] (custom)
2019-09-26 18:36:48,804 [main] INFO  hdfs.DFSUtil (DFSUtil.java:httpServerTemplateForNNAndJN(1641)) - Starting Web-server for hddsDatanode at: http://0.0.0.0:0
2019-09-26 18:36:48,806 [main] INFO  server.AuthenticationFilter (AuthenticationFilter.java:constructSecretProvider(240)) - Unable to initialize FileSignerSecretProvider, falling back to use random secrets.
2019-09-26 18:36:48,806 [main] WARN  http.HttpRequestLog (HttpRequestLog.java:getRequestLog(97)) - Jetty request log can only be enabled using Log4j
2019-09-26 18:36:48,808 [main] INFO  http.HttpServer2 (HttpServer2.java:addGlobalFilter(975)) - Added global filter 'safety' (class=org.apache.hadoop.http.HttpServer2$QuotingInputFilter)
2019-09-26 18:36:48,808 [main] INFO  http.HttpServer2 (HttpServer2.java:addFilter(948)) - Added filter static_user_filter (class=org.apache.hadoop.http.lib.StaticUserWebFilter$StaticUserFilter) to context hddsDatanode
2019-09-26 18:36:48,809 [main] INFO  http.HttpServer2 (HttpServer2.java:addFilter(958)) - Added filter static_user_filter (class=org.apache.hadoop.http.lib.StaticUserWebFilter$StaticUserFilter) to context static
2019-09-26 18:36:48,809 [main] INFO  http.HttpServer2 (HttpServer2.java:addFilter(958)) - Added filter static_user_filter (class=org.apache.hadoop.http.lib.StaticUserWebFilter$StaticUserFilter) to context logs
2019-09-26 18:36:48,809 [main] INFO  http.HttpServer2 (HttpServer2.java:bindListener(1191)) - Jetty bound to port 44179
2019-09-26 18:36:48,810 [main] INFO  server.Server (Server.java:doStart(351)) - jetty-9.3.25.v20180904, build timestamp: 2018-09-04T21:11:46Z, git hash: 3ce520221d0240229c862b122d2b06c12a625732
2019-09-26 18:36:48,811 [main] INFO  handler.ContextHandler (ContextHandler.java:doStart(781)) - Started o.e.j.s.ServletContextHandler@5ad5be4a{/logs,file:///workdir/hadoop-ozone/integration-test/target/log,AVAILABLE}
2019-09-26 18:36:48,812 [main] INFO  handler.ContextHandler (ContextHandler.java:doStart(781)) - Started o.e.j.s.ServletContextHandler@737d100a{/static,jar:file:/home/user/.m2/repository/org/apache/hadoop/hadoop-hdds-container-service/0.5.0-SNAPSHOT/hadoop-hdds-container-service-0.5.0-SNAPSHOT.jar!/webapps/static,AVAILABLE}
2019-09-26 18:36:48,841 [main] INFO  handler.ContextHandler (ContextHandler.java:doStart(781)) - Started o.e.j.w.WebAppContext@47c40b56{/,file:///tmp/jetty-0.0.0.0-44179-hddsDatanode-_-any-2787277605513171859.dir/webapp/,AVAILABLE}{/hddsDatanode}
2019-09-26 18:36:48,843 [main] INFO  server.AbstractConnector (AbstractConnector.java:doStart(278)) - Started ServerConnector@4b039c6d{HTTP/1.1,[http/1.1]}{0.0.0.0:44179}
2019-09-26 18:36:48,843 [main] INFO  server.Server (Server.java:doStart(419)) - Started @6216ms
2019-09-26 18:36:48,843 [main] WARN  impl.MetricsSystemImpl (MetricsSystemImpl.java:register(276)) - Sink prometheus already exists!
2019-09-26 18:36:48,844 [main] INFO  server.BaseHttpServer (BaseHttpServer.java:updateConnectorAddress(215)) - HTTP server of HDDSDATANODE is listening at http://0.0.0.0:44179
2019-09-26 18:36:48,849 [main] INFO  ozone.MiniOzoneClusterImpl (MiniOzoneClusterImpl.java:lambda$waitForClusterToBeReady$0(147)) - Waiting for cluster to be ready. Got 0 of 10 DN Heartbeats.
2019-09-26 18:36:48,850 [org.apache.hadoop.util.JvmPauseMonitor$Monitor@b5160d1] INFO  util.JvmPauseMonitor (JvmPauseMonitor.java:run(188)) - Starting JVM pause monitor
2019-09-26 18:36:48,854 [Datanode State Machine Thread - 0] INFO  datanode.InitDatanodeState (InitDatanodeState.java:persistContainerDatanodeDetails(140)) - DatanodeDetails is persisted to /workdir/hadoop-ozone/integration-test/target/test-dir/MiniOzoneClusterImpl-92b4b651-8b24-41a6-8b84-80731fec252a/datanode-9/meta/datanode.id
2019-09-26 18:36:49,850 [main] INFO  ozone.MiniOzoneClusterImpl (MiniOzoneClusterImpl.java:lambda$waitForClusterToBeReady$0(147)) - Waiting for cluster to be ready. Got 0 of 10 DN Heartbeats.
2019-09-26 18:36:50,185 [Datanode State Machine Thread - 0] INFO  ozoneimpl.OzoneContainer (OzoneContainer.java:start(217)) - Attempting to start container services.
2019-09-26 18:36:50,186 [Datanode State Machine Thread - 0] INFO  ozoneimpl.OzoneContainer (OzoneContainer.java:startContainerScrub(179)) - Background container scanner has been disabled.
2019-09-26 18:36:50,187 [Datanode State Machine Thread - 0] INFO  ratis.XceiverServerRatis (XceiverServerRatis.java:start(411)) - Starting XceiverServerRatis bea5dbfa-30de-4207-bffd-4513ad20f3de at port 0
2019-09-26 18:36:50,206 [Datanode State Machine Thread - 0] INFO  impl.RaftServerProxy (RaftServerProxy.java:lambda$start$3(299)) - bea5dbfa-30de-4207-bffd-4513ad20f3de: start RPC server
2019-09-26 18:36:50,247 [Datanode State Machine Thread - 0] INFO  ozoneimpl.OzoneContainer (OzoneContainer.java:start(217)) - Attempting to start container services.
2019-09-26 18:36:50,255 [Datanode State Machine Thread - 0] INFO  ozoneimpl.OzoneContainer (OzoneContainer.java:startContainerScrub(179)) - Background container scanner has been disabled.
2019-09-26 18:36:50,255 [Datanode State Machine Thread - 0] INFO  ratis.XceiverServerRatis (XceiverServerRatis.java:start(411)) - Starting XceiverServerRatis 940aeb20-161d-40ce-b26e-b994753f5674 at port 0
2019-09-26 18:36:50,263 [Datanode State Machine Thread - 0] INFO  impl.RaftServerProxy (RaftServerProxy.java:lambda$start$3(299)) - 940aeb20-161d-40ce-b26e-b994753f5674: start RPC server
2019-09-26 18:36:50,322 [Datanode State Machine Thread - 0] INFO  ozoneimpl.OzoneContainer (OzoneContainer.java:start(217)) - Attempting to start container services.
2019-09-26 18:36:50,323 [Datanode State Machine Thread - 0] INFO  ozoneimpl.OzoneContainer (OzoneContainer.java:startContainerScrub(179)) - Background container scanner has been disabled.
2019-09-26 18:36:50,323 [Datanode State Machine Thread - 0] INFO  ratis.XceiverServerRatis (XceiverServerRatis.java:start(411)) - Starting XceiverServerRatis 00c41e76-79a8-40eb-9119-484acb6de979 at port 0
2019-09-26 18:36:50,339 [Datanode State Machine Thread - 0] INFO  impl.RaftServerProxy (RaftServerProxy.java:lambda$start$3(299)) - 00c41e76-79a8-40eb-9119-484acb6de979: start RPC server
2019-09-26 18:36:50,356 [Datanode State Machine Thread - 0] INFO  server.GrpcService (GrpcService.java:startImpl(158)) - 940aeb20-161d-40ce-b26e-b994753f5674: GrpcService started, listening on 0.0.0.0/0.0.0.0:34442
2019-09-26 18:36:50,357 [Datanode State Machine Thread - 0] INFO  server.GrpcService (GrpcService.java:startImpl(158)) - bea5dbfa-30de-4207-bffd-4513ad20f3de: GrpcService started, listening on 0.0.0.0/0.0.0.0:38435
2019-09-26 18:36:50,357 [Datanode State Machine Thread - 0] INFO  ratis.XceiverServerRatis (XceiverServerRatis.java:start(421)) - XceiverServerRatis 940aeb20-161d-40ce-b26e-b994753f5674 is started using port 34442
2019-09-26 18:36:50,357 [Datanode State Machine Thread - 0] INFO  server.GrpcService (GrpcService.java:startImpl(158)) - 00c41e76-79a8-40eb-9119-484acb6de979: GrpcService started, listening on 0.0.0.0/0.0.0.0:40316
2019-09-26 18:36:50,357 [Datanode State Machine Thread - 0] INFO  ratis.XceiverServerRatis (XceiverServerRatis.java:start(421)) - XceiverServerRatis bea5dbfa-30de-4207-bffd-4513ad20f3de is started using port 38435
2019-09-26 18:36:50,357 [Datanode State Machine Thread - 0] INFO  ratis.XceiverServerRatis (XceiverServerRatis.java:start(421)) - XceiverServerRatis 00c41e76-79a8-40eb-9119-484acb6de979 is started using port 40316
2019-09-26 18:36:50,362 [Datanode State Machine Thread - 0] INFO  server.XceiverServerGrpc (XceiverServerGrpc.java:start(149)) - XceiverServerGrpc 940aeb20-161d-40ce-b26e-b994753f5674 is started using port 35385
2019-09-26 18:36:50,362 [Datanode State Machine Thread - 0] INFO  server.XceiverServerGrpc (XceiverServerGrpc.java:start(149)) - XceiverServerGrpc bea5dbfa-30de-4207-bffd-4513ad20f3de is started using port 32896
2019-09-26 18:36:50,363 [Datanode State Machine Thread - 0] INFO  server.XceiverServerGrpc (XceiverServerGrpc.java:start(149)) - XceiverServerGrpc 00c41e76-79a8-40eb-9119-484acb6de979 is started using port 42966
2019-09-26 18:36:50,405 [Datanode State Machine Thread - 0] INFO  ozoneimpl.OzoneContainer (OzoneContainer.java:start(217)) - Attempting to start container services.
2019-09-26 18:36:50,405 [Datanode State Machine Thread - 0] INFO  ozoneimpl.OzoneContainer (OzoneContainer.java:startContainerScrub(179)) - Background container scanner has been disabled.
2019-09-26 18:36:50,406 [Datanode State Machine Thread - 0] INFO  ratis.XceiverServerRatis (XceiverServerRatis.java:start(411)) - Starting XceiverServerRatis eadf7083-a0e2-4fdb-9f41-5b7503e65173 at port 0
2019-09-26 18:36:50,412 [Datanode State Machine Thread - 0] INFO  impl.RaftServerProxy (RaftServerProxy.java:lambda$start$3(299)) - eadf7083-a0e2-4fdb-9f41-5b7503e65173: start RPC server
2019-09-26 18:36:50,415 [Datanode State Machine Thread - 0] INFO  server.GrpcService (GrpcService.java:startImpl(158)) - eadf7083-a0e2-4fdb-9f41-5b7503e65173: GrpcService started, listening on 0.0.0.0/0.0.0.0:33418
2019-09-26 18:36:50,415 [Datanode State Machine Thread - 0] INFO  ratis.XceiverServerRatis (XceiverServerRatis.java:start(421)) - XceiverServerRatis eadf7083-a0e2-4fdb-9f41-5b7503e65173 is started using port 33418
2019-09-26 18:36:50,417 [Datanode State Machine Thread - 0] INFO  server.XceiverServerGrpc (XceiverServerGrpc.java:start(149)) - XceiverServerGrpc eadf7083-a0e2-4fdb-9f41-5b7503e65173 is started using port 40633
2019-09-26 18:36:50,478 [Datanode State Machine Thread - 0] INFO  ozoneimpl.OzoneContainer (OzoneContainer.java:start(217)) - Attempting to start container services.
2019-09-26 18:36:50,478 [Datanode State Machine Thread - 0] INFO  ozoneimpl.OzoneContainer (OzoneContainer.java:startContainerScrub(179)) - Background container scanner has been disabled.
2019-09-26 18:36:50,478 [Datanode State Machine Thread - 0] INFO  ratis.XceiverServerRatis (XceiverServerRatis.java:start(411)) - Starting XceiverServerRatis d9ddad26-0ab8-49f0-a7fe-969d04a2d023 at port 0
2019-09-26 18:36:50,485 [Datanode State Machine Thread - 0] INFO  impl.RaftServerProxy (RaftServerProxy.java:lambda$start$3(299)) - d9ddad26-0ab8-49f0-a7fe-969d04a2d023: start RPC server
2019-09-26 18:36:50,490 [Datanode State Machine Thread - 0] INFO  server.GrpcService (GrpcService.java:startImpl(158)) - d9ddad26-0ab8-49f0-a7fe-969d04a2d023: GrpcService started, listening on 0.0.0.0/0.0.0.0:36608
2019-09-26 18:36:50,490 [Datanode State Machine Thread - 0] INFO  ratis.XceiverServerRatis (XceiverServerRatis.java:start(421)) - XceiverServerRatis d9ddad26-0ab8-49f0-a7fe-969d04a2d023 is started using port 36608
2019-09-26 18:36:50,493 [Datanode State Machine Thread - 0] INFO  server.XceiverServerGrpc (XceiverServerGrpc.java:start(149)) - XceiverServerGrpc d9ddad26-0ab8-49f0-a7fe-969d04a2d023 is started using port 42328
2019-09-26 18:36:50,553 [Datanode State Machine Thread - 0] INFO  ozoneimpl.OzoneContainer (OzoneContainer.java:start(217)) - Attempting to start container services.
2019-09-26 18:36:50,553 [Datanode State Machine Thread - 0] INFO  ozoneimpl.OzoneContainer (OzoneContainer.java:startContainerScrub(179)) - Background container scanner has been disabled.
2019-09-26 18:36:50,553 [Datanode State Machine Thread - 0] INFO  ratis.XceiverServerRatis (XceiverServerRatis.java:start(411)) - Starting XceiverServerRatis f5f4fe3e-62aa-486e-b3bf-625e48bce7a6 at port 0
2019-09-26 18:36:50,557 [Datanode State Machine Thread - 0] INFO  impl.RaftServerProxy (RaftServerProxy.java:lambda$start$3(299)) - f5f4fe3e-62aa-486e-b3bf-625e48bce7a6: start RPC server
2019-09-26 18:36:50,561 [Datanode State Machine Thread - 0] INFO  server.GrpcService (GrpcService.java:startImpl(158)) - f5f4fe3e-62aa-486e-b3bf-625e48bce7a6: GrpcService started, listening on 0.0.0.0/0.0.0.0:44025
2019-09-26 18:36:50,561 [Datanode State Machine Thread - 0] INFO  ratis.XceiverServerRatis (XceiverServerRatis.java:start(421)) - XceiverServerRatis f5f4fe3e-62aa-486e-b3bf-625e48bce7a6 is started using port 44025
2019-09-26 18:36:50,565 [Datanode State Machine Thread - 0] INFO  server.XceiverServerGrpc (XceiverServerGrpc.java:start(149)) - XceiverServerGrpc f5f4fe3e-62aa-486e-b3bf-625e48bce7a6 is started using port 39566
2019-09-26 18:36:50,634 [Datanode State Machine Thread - 0] INFO  ozoneimpl.OzoneContainer (OzoneContainer.java:start(217)) - Attempting to start container services.
2019-09-26 18:36:50,634 [Datanode State Machine Thread - 0] INFO  ozoneimpl.OzoneContainer (OzoneContainer.java:startContainerScrub(179)) - Background container scanner has been disabled.
2019-09-26 18:36:50,635 [Datanode State Machine Thread - 0] INFO  ratis.XceiverServerRatis (XceiverServerRatis.java:start(411)) - Starting XceiverServerRatis ff546a1f-819d-426e-b61a-e2a594c97aae at port 0
2019-09-26 18:36:50,640 [Datanode State Machine Thread - 0] INFO  impl.RaftServerProxy (RaftServerProxy.java:lambda$start$3(299)) - ff546a1f-819d-426e-b61a-e2a594c97aae: start RPC server
2019-09-26 18:36:50,644 [Datanode State Machine Thread - 0] INFO  server.GrpcService (GrpcService.java:startImpl(158)) - ff546a1f-819d-426e-b61a-e2a594c97aae: GrpcService started, listening on 0.0.0.0/0.0.0.0:45585
2019-09-26 18:36:50,645 [Datanode State Machine Thread - 0] INFO  ratis.XceiverServerRatis (XceiverServerRatis.java:start(421)) - XceiverServerRatis ff546a1f-819d-426e-b61a-e2a594c97aae is started using port 45585
2019-09-26 18:36:50,649 [Datanode State Machine Thread - 0] INFO  server.XceiverServerGrpc (XceiverServerGrpc.java:start(149)) - XceiverServerGrpc ff546a1f-819d-426e-b61a-e2a594c97aae is started using port 33730
2019-09-26 18:36:50,728 [Datanode State Machine Thread - 0] INFO  ozoneimpl.OzoneContainer (OzoneContainer.java:start(217)) - Attempting to start container services.
2019-09-26 18:36:50,728 [Datanode State Machine Thread - 0] INFO  ozoneimpl.OzoneContainer (OzoneContainer.java:startContainerScrub(179)) - Background container scanner has been disabled.
2019-09-26 18:36:50,728 [Datanode State Machine Thread - 0] INFO  ratis.XceiverServerRatis (XceiverServerRatis.java:start(411)) - Starting XceiverServerRatis bf3c4117-d6f7-43a2-8fa2-683a0803af33 at port 0
2019-09-26 18:36:50,738 [Datanode State Machine Thread - 0] INFO  impl.RaftServerProxy (RaftServerProxy.java:lambda$start$3(299)) - bf3c4117-d6f7-43a2-8fa2-683a0803af33: start RPC server
2019-09-26 18:36:50,744 [Datanode State Machine Thread - 0] INFO  server.GrpcService (GrpcService.java:startImpl(158)) - bf3c4117-d6f7-43a2-8fa2-683a0803af33: GrpcService started, listening on 0.0.0.0/0.0.0.0:33211
2019-09-26 18:36:50,744 [Datanode State Machine Thread - 0] INFO  ratis.XceiverServerRatis (XceiverServerRatis.java:start(421)) - XceiverServerRatis bf3c4117-d6f7-43a2-8fa2-683a0803af33 is started using port 33211
2019-09-26 18:36:50,750 [Datanode State Machine Thread - 0] INFO  server.XceiverServerGrpc (XceiverServerGrpc.java:start(149)) - XceiverServerGrpc bf3c4117-d6f7-43a2-8fa2-683a0803af33 is started using port 36676
2019-09-26 18:36:50,790 [Datanode State Machine Thread - 0] INFO  ozoneimpl.OzoneContainer (OzoneContainer.java:start(217)) - Attempting to start container services.
2019-09-26 18:36:50,790 [Datanode State Machine Thread - 0] INFO  ozoneimpl.OzoneContainer (OzoneContainer.java:startContainerScrub(179)) - Background container scanner has been disabled.
2019-09-26 18:36:50,790 [Datanode State Machine Thread - 0] INFO  ratis.XceiverServerRatis (XceiverServerRatis.java:start(411)) - Starting XceiverServerRatis 892de89a-e065-4df4-9984-8695982985db at port 0
2019-09-26 18:36:50,799 [Datanode State Machine Thread - 0] INFO  impl.RaftServerProxy (RaftServerProxy.java:lambda$start$3(299)) - 892de89a-e065-4df4-9984-8695982985db: start RPC server
2019-09-26 18:36:50,805 [Datanode State Machine Thread - 0] INFO  server.GrpcService (GrpcService.java:startImpl(158)) - 892de89a-e065-4df4-9984-8695982985db: GrpcService started, listening on 0.0.0.0/0.0.0.0:38189
2019-09-26 18:36:50,805 [Datanode State Machine Thread - 0] INFO  ratis.XceiverServerRatis (XceiverServerRatis.java:start(421)) - XceiverServerRatis 892de89a-e065-4df4-9984-8695982985db is started using port 38189
2019-09-26 18:36:50,809 [Datanode State Machine Thread - 0] INFO  server.XceiverServerGrpc (XceiverServerGrpc.java:start(149)) - XceiverServerGrpc 892de89a-e065-4df4-9984-8695982985db is started using port 46061
2019-09-26 18:36:50,850 [main] INFO  ozone.MiniOzoneClusterImpl (MiniOzoneClusterImpl.java:lambda$waitForClusterToBeReady$0(147)) - Waiting for cluster to be ready. Got 0 of 10 DN Heartbeats.
2019-09-26 18:36:50,869 [Datanode State Machine Thread - 0] INFO  ozoneimpl.OzoneContainer (OzoneContainer.java:start(217)) - Attempting to start container services.
2019-09-26 18:36:50,869 [Datanode State Machine Thread - 0] INFO  ozoneimpl.OzoneContainer (OzoneContainer.java:startContainerScrub(179)) - Background container scanner has been disabled.
2019-09-26 18:36:50,869 [Datanode State Machine Thread - 0] INFO  ratis.XceiverServerRatis (XceiverServerRatis.java:start(411)) - Starting XceiverServerRatis 89e89465-9fce-4c3b-a1bc-18cf0cb439b7 at port 0
2019-09-26 18:36:50,876 [Datanode State Machine Thread - 0] INFO  impl.RaftServerProxy (RaftServerProxy.java:lambda$start$3(299)) - 89e89465-9fce-4c3b-a1bc-18cf0cb439b7: start RPC server
2019-09-26 18:36:50,893 [Datanode State Machine Thread - 0] INFO  server.GrpcService (GrpcService.java:startImpl(158)) - 89e89465-9fce-4c3b-a1bc-18cf0cb439b7: GrpcService started, listening on 0.0.0.0/0.0.0.0:33450
2019-09-26 18:36:50,893 [Datanode State Machine Thread - 0] INFO  ratis.XceiverServerRatis (XceiverServerRatis.java:start(421)) - XceiverServerRatis 89e89465-9fce-4c3b-a1bc-18cf0cb439b7 is started using port 33450
2019-09-26 18:36:50,915 [Datanode State Machine Thread - 0] INFO  server.XceiverServerGrpc (XceiverServerGrpc.java:start(149)) - XceiverServerGrpc 89e89465-9fce-4c3b-a1bc-18cf0cb439b7 is started using port 39121
2019-09-26 18:36:51,851 [main] INFO  ozone.MiniOzoneClusterImpl (MiniOzoneClusterImpl.java:lambda$waitForClusterToBeReady$0(147)) - Waiting for cluster to be ready. Got 0 of 10 DN Heartbeats.
2019-09-26 18:36:52,179 [IPC Server handler 6 on 39920] INFO  net.NetworkTopology (NetworkTopologyImpl.java:add(111)) - Added a new node: /default-rack/bea5dbfa-30de-4207-bffd-4513ad20f3de
2019-09-26 18:36:52,179 [IPC Server handler 6 on 39920] INFO  node.SCMNodeManager (SCMNodeManager.java:register(266)) - Registered Data node : bea5dbfa-30de-4207-bffd-4513ad20f3de{ip: 192.168.151.109, host: pr-hdds-2162-kpcbn-4093309294, networkLocation: /default-rack, certSerialId: null}
2019-09-26 18:36:52,185 [EventQueue-NodeRegistrationContainerReportForDataNodeSafeModeRule] INFO  safemode.SCMSafeModeManager (DataNodeSafeModeRule.java:process(71)) - SCM in safe mode. 1 DataNodes registered, 1 required.
2019-09-26 18:36:52,185 [EventQueue-NodeRegistrationContainerReportForDataNodeSafeModeRule] INFO  safemode.SCMSafeModeManager (SCMSafeModeManager.java:validateSafeModeExitRules(177)) - ScmSafeModeManager, all rules are successfully validated
2019-09-26 18:36:52,186 [EventQueue-NodeRegistrationContainerReportForDataNodeSafeModeRule] INFO  safemode.SCMSafeModeManager (SCMSafeModeManager.java:exitSafeMode(193)) - SCM exiting safe mode.
2019-09-26 18:36:52,239 [IPC Server handler 5 on 39920] INFO  net.NetworkTopology (NetworkTopologyImpl.java:add(111)) - Added a new node: /default-rack/940aeb20-161d-40ce-b26e-b994753f5674
2019-09-26 18:36:52,239 [IPC Server handler 5 on 39920] INFO  node.SCMNodeManager (SCMNodeManager.java:register(266)) - Registered Data node : 940aeb20-161d-40ce-b26e-b994753f5674{ip: 192.168.151.109, host: pr-hdds-2162-kpcbn-4093309294, networkLocation: /default-rack, certSerialId: null}
2019-09-26 18:36:52,308 [IPC Server handler 7 on 39920] INFO  net.NetworkTopology (NetworkTopologyImpl.java:add(111)) - Added a new node: /default-rack/00c41e76-79a8-40eb-9119-484acb6de979
2019-09-26 18:36:52,308 [IPC Server handler 7 on 39920] INFO  node.SCMNodeManager (SCMNodeManager.java:register(266)) - Registered Data node : 00c41e76-79a8-40eb-9119-484acb6de979{ip: 192.168.151.109, host: pr-hdds-2162-kpcbn-4093309294, networkLocation: /default-rack, certSerialId: null}
2019-09-26 18:36:52,394 [IPC Server handler 9 on 39920] INFO  net.NetworkTopology (NetworkTopologyImpl.java:add(111)) - Added a new node: /default-rack/eadf7083-a0e2-4fdb-9f41-5b7503e65173
2019-09-26 18:36:52,395 [IPC Server handler 9 on 39920] INFO  node.SCMNodeManager (SCMNodeManager.java:register(266)) - Registered Data node : eadf7083-a0e2-4fdb-9f41-5b7503e65173{ip: 192.168.151.109, host: pr-hdds-2162-kpcbn-4093309294, networkLocation: /default-rack, certSerialId: null}
2019-09-26 18:36:52,466 [IPC Server handler 8 on 39920] INFO  net.NetworkTopology (NetworkTopologyImpl.java:add(111)) - Added a new node: /default-rack/d9ddad26-0ab8-49f0-a7fe-969d04a2d023
2019-09-26 18:36:52,467 [IPC Server handler 8 on 39920] INFO  node.SCMNodeManager (SCMNodeManager.java:register(266)) - Registered Data node : d9ddad26-0ab8-49f0-a7fe-969d04a2d023{ip: 192.168.151.109, host: pr-hdds-2162-kpcbn-4093309294, networkLocation: /default-rack, certSerialId: null}
2019-09-26 18:36:52,541 [IPC Server handler 0 on 39920] INFO  net.NetworkTopology (NetworkTopologyImpl.java:add(111)) - Added a new node: /default-rack/f5f4fe3e-62aa-486e-b3bf-625e48bce7a6
2019-09-26 18:36:52,541 [IPC Server handler 0 on 39920] INFO  node.SCMNodeManager (SCMNodeManager.java:register(266)) - Registered Data node : f5f4fe3e-62aa-486e-b3bf-625e48bce7a6{ip: 192.168.151.109, host: pr-hdds-2162-kpcbn-4093309294, networkLocation: /default-rack, certSerialId: null}
2019-09-26 18:36:52,628 [IPC Server handler 1 on 39920] INFO  net.NetworkTopology (NetworkTopologyImpl.java:add(111)) - Added a new node: /default-rack/ff546a1f-819d-426e-b61a-e2a594c97aae
2019-09-26 18:36:52,628 [IPC Server handler 1 on 39920] INFO  node.SCMNodeManager (SCMNodeManager.java:register(266)) - Registered Data node : ff546a1f-819d-426e-b61a-e2a594c97aae{ip: 192.168.151.109, host: pr-hdds-2162-kpcbn-4093309294, networkLocation: /default-rack, certSerialId: null}
2019-09-26 18:36:52,703 [IPC Server handler 3 on 39920] INFO  net.NetworkTopology (NetworkTopologyImpl.java:add(111)) - Added a new node: /default-rack/bf3c4117-d6f7-43a2-8fa2-683a0803af33
2019-09-26 18:36:52,704 [IPC Server handler 3 on 39920] INFO  node.SCMNodeManager (SCMNodeManager.java:register(266)) - Registered Data node : bf3c4117-d6f7-43a2-8fa2-683a0803af33{ip: 192.168.151.109, host: pr-hdds-2162-kpcbn-4093309294, networkLocation: /default-rack, certSerialId: null}
2019-09-26 18:36:52,752 [grpc-default-executor-0] INFO  impl.RaftServerProxy (RaftServerProxy.java:addNew(89)) - bea5dbfa-30de-4207-bffd-4513ad20f3de: addNew group-5C01FDF9F4B1:[bea5dbfa-30de-4207-bffd-4513ad20f3de:192.168.151.109:38435] returns group-5C01FDF9F4B1:java.util.concurrent.CompletableFuture@2f626924[Not completed]
2019-09-26 18:36:52,776 [IPC Server handler 2 on 39920] INFO  net.NetworkTopology (NetworkTopologyImpl.java:add(111)) - Added a new node: /default-rack/892de89a-e065-4df4-9984-8695982985db
2019-09-26 18:36:52,776 [IPC Server handler 2 on 39920] INFO  node.SCMNodeManager (SCMNodeManager.java:register(266)) - Registered Data node : 892de89a-e065-4df4-9984-8695982985db{ip: 192.168.151.109, host: pr-hdds-2162-kpcbn-4093309294, networkLocation: /default-rack, certSerialId: null}
2019-09-26 18:36:52,781 [pool-27-thread-1] INFO  impl.RaftServerImpl (RaftServerImpl.java:<init>(95)) - bea5dbfa-30de-4207-bffd-4513ad20f3de: new RaftServerImpl for group-5C01FDF9F4B1:[bea5dbfa-30de-4207-bffd-4513ad20f3de:192.168.151.109:38435] with ContainerStateMachine:uninitialized
2019-09-26 18:36:52,783 [pool-27-thread-1] INFO  server.RaftServerConfigKeys (ConfUtils.java:logGet(43)) - raft.server.rpc.timeout.min = 5s (custom)
2019-09-26 18:36:52,784 [pool-27-thread-1] INFO  server.RaftServerConfigKeys (ConfUtils.java:logGet(43)) - raft.server.rpc.timeout.max = 5200ms (custom)
2019-09-26 18:36:52,785 [pool-27-thread-1] INFO  server.RaftServerConfigKeys (ConfUtils.java:logGet(43)) - raft.server.rpcslowness.timeout = 120s (custom)
2019-09-26 18:36:52,785 [pool-27-thread-1] INFO  server.RaftServerConfigKeys (ConfUtils.java:logGet(43)) - raft.server.sleep.deviation.threshold = 300 (default)
2019-09-26 18:36:52,786 [pool-27-thread-1] INFO  server.RaftServerConfigKeys (ConfUtils.java:logGet(43)) - raft.server.log.appender.install.snapshot.enabled = false (custom)
2019-09-26 18:36:52,793 [pool-27-thread-1] INFO  impl.RaftServerImpl (ServerState.java:<init>(103)) - bea5dbfa-30de-4207-bffd-4513ad20f3de@group-5C01FDF9F4B1: ConfigurationManager, init=-1: [bea5dbfa-30de-4207-bffd-4513ad20f3de:192.168.151.109:38435], old=null, confs=<EMPTY_MAP>
2019-09-26 18:36:52,793 [pool-27-thread-1] INFO  server.RaftServerConfigKeys (ConfUtils.java:logGet(43)) - raft.server.storage.dir = [/workdir/hadoop-ozone/integration-test/target/test-dir/MiniOzoneClusterImpl-92b4b651-8b24-41a6-8b84-80731fec252a/datanode-0/data/ratis] (custom)
2019-09-26 18:36:52,800 [pool-27-thread-1] INFO  storage.RaftStorageDirectory (RaftStorageDirectory.java:analyzeStorage(246)) - The storage directory /workdir/hadoop-ozone/integration-test/target/test-dir/MiniOzoneClusterImpl-92b4b651-8b24-41a6-8b84-80731fec252a/datanode-0/data/ratis/65655a77-7a6a-47f5-94fb-5c01fdf9f4b1 does not exist. Creating ...
2019-09-26 18:36:52,816 [pool-27-thread-1] INFO  storage.RaftStorageDirectory (RaftStorageDirectory.java:tryLock(328)) - Lock on /workdir/hadoop-ozone/integration-test/target/test-dir/MiniOzoneClusterImpl-92b4b651-8b24-41a6-8b84-80731fec252a/datanode-0/data/ratis/65655a77-7a6a-47f5-94fb-5c01fdf9f4b1/in_use.lock acquired by nodename 2878@pr-hdds-2162-kpcbn-4093309294
2019-09-26 18:36:52,830 [pool-27-thread-1] INFO  storage.RaftStorage (RaftStorage.java:format(72)) - Storage directory /workdir/hadoop-ozone/integration-test/target/test-dir/MiniOzoneClusterImpl-92b4b651-8b24-41a6-8b84-80731fec252a/datanode-0/data/ratis/65655a77-7a6a-47f5-94fb-5c01fdf9f4b1 has been successfully formatted.
2019-09-26 18:36:52,832 [pool-27-thread-1] INFO  ratis.ContainerStateMachine (ContainerStateMachine.java:loadSnapshot(230)) - group-5C01FDF9F4B1: The snapshot info is null. Setting the last applied indexto:(t:0, i:~)
2019-09-26 18:36:52,832 [pool-27-thread-1] INFO  server.RaftServerConfigKeys (ConfUtils.java:logGet(43)) - raft.server.notification.no-leader.timeout = 120s (custom)
2019-09-26 18:36:52,834 [pool-27-thread-1] INFO  server.RaftServerConfigKeys (ConfUtils.java:logGet(43)) - raft.server.log.use.memory = false (default)
2019-09-26 18:36:52,840 [pool-27-thread-1] INFO  server.RaftServerConfigKeys (ConfUtils.java:logGet(43)) - raft.server.log.purge.gap = 1000000 (custom)
2019-09-26 18:36:52,840 [pool-27-thread-1] INFO  server.RaftServerConfigKeys (ConfUtils.java:logGet(43)) - raft.server.log.appender.buffer.byte-limit = 33554432 (custom)
2019-09-26 18:36:52,843 [pool-27-thread-1] INFO  server.RaftServerConfigKeys (ConfUtils.java:logGet(43)) - raft.server.log.segment.size.max = 1048576 (custom)
2019-09-26 18:36:52,851 [pool-27-thread-1] INFO  server.RaftServerConfigKeys (ConfUtils.java:logGet(43)) - raft.server.log.segment.cache.num.max = 2 (custom)
2019-09-26 18:36:52,851 [main] INFO  ozone.MiniOzoneClusterImpl (MiniOzoneClusterImpl.java:lambda$waitForClusterToBeReady$0(147)) - Waiting for cluster to be ready. Got 9 of 10 DN Heartbeats.
2019-09-26 18:36:52,871 [IPC Server handler 6 on 39920] INFO  net.NetworkTopology (NetworkTopologyImpl.java:add(111)) - Added a new node: /default-rack/89e89465-9fce-4c3b-a1bc-18cf0cb439b7
2019-09-26 18:36:52,872 [IPC Server handler 6 on 39920] INFO  node.SCMNodeManager (SCMNodeManager.java:register(266)) - Registered Data node : 89e89465-9fce-4c3b-a1bc-18cf0cb439b7{ip: 192.168.151.109, host: pr-hdds-2162-kpcbn-4093309294, networkLocation: /default-rack, certSerialId: null}
2019-09-26 18:36:52,877 [pool-27-thread-1] INFO  segmented.SegmentedRaftLogWorker (SegmentedRaftLogWorker.java:<init>(172)) - new bea5dbfa-30de-4207-bffd-4513ad20f3de@group-5C01FDF9F4B1-SegmentedRaftLogWorker for RaftStorage:Storage Directory /workdir/hadoop-ozone/integration-test/target/test-dir/MiniOzoneClusterImpl-92b4b651-8b24-41a6-8b84-80731fec252a/datanode-0/data/ratis/65655a77-7a6a-47f5-94fb-5c01fdf9f4b1
2019-09-26 18:36:52,878 [pool-27-thread-1] INFO  impl.MetricsSystemImpl (MetricsSystemImpl.java:init(158)) - ratis metrics system started (again)
2019-09-26 18:36:52,886 [pool-27-thread-1] INFO  metrics.MetricRegistries (MetricRegistriesLoader.java:load(64)) - Loaded MetricRegistries class org.apache.ratis.metrics.impl.MetricRegistriesImpl
2019-09-26 18:36:52,917 [pool-27-thread-1] INFO  server.RaftServerConfigKeys (ConfUtils.java:logGet(43)) - raft.server.log.queue.byte-limit = 2147483647 (custom)
2019-09-26 18:36:52,917 [pool-27-thread-1] INFO  server.RaftServerConfigKeys (ConfUtils.java:logGet(43)) - raft.server.log.queue.element-limit = 1024 (custom)
2019-09-26 18:36:52,920 [pool-27-thread-1] INFO  server.RaftServerConfigKeys (ConfUtils.java:logGet(43)) - raft.server.log.segment.size.max = 1048576 (custom)
2019-09-26 18:36:52,921 [pool-27-thread-1] INFO  server.RaftServerConfigKeys (ConfUtils.java:logGet(43)) - raft.server.log.preallocated.size = 16384 (custom)
2019-09-26 18:36:52,921 [pool-27-thread-1] INFO  server.RaftServerConfigKeys (ConfUtils.java:logGet(43)) - raft.server.log.write.buffer.size = 33554432 (custom)
2019-09-26 18:36:52,922 [pool-27-thread-1] INFO  server.RaftServerConfigKeys (ConfUtils.java:logGet(43)) - raft.server.log.force.sync.num = 128 (default)
2019-09-26 18:36:52,923 [pool-27-thread-1] INFO  server.RaftServerConfigKeys (ConfUtils.java:logGet(43)) - raft.server.log.statemachine.data.sync = true (default)
2019-09-26 18:36:52,923 [pool-27-thread-1] INFO  server.RaftServerConfigKeys (ConfUtils.java:logGet(43)) - raft.server.log.statemachine.data.sync.timeout = 10s (default)
2019-09-26 18:36:52,923 [pool-27-thread-1] INFO  server.RaftServerConfigKeys (ConfUtils.java:logGet(43)) - raft.server.log.statemachine.data.sync.timeout.retry = -1 (default)
2019-09-26 18:36:52,932 [pool-27-thread-1] INFO  server.RaftServerConfigKeys (ConfUtils.java:logGet(43)) - raft.server.log.statemachine.data.caching.enabled = true (custom)
2019-09-26 18:36:52,936 [pool-27-thread-1] INFO  segmented.SegmentedRaftLogWorker (SegmentedRaftLogWorker.java:lambda$new$0(132)) - bea5dbfa-30de-4207-bffd-4513ad20f3de@group-5C01FDF9F4B1-SegmentedRaftLogWorker: flushIndex: setUnconditionally 0 -> -1
2019-09-26 18:36:52,940 [pool-27-thread-1] INFO  server.RaftServerConfigKeys (ConfUtils.java:logGet(43)) - raft.server.snapshot.auto.trigger.enabled = true (custom)
2019-09-26 18:36:52,941 [pool-27-thread-1] INFO  server.RaftServerConfigKeys (ConfUtils.java:logGet(43)) - raft.server.snapshot.auto.trigger.threshold = 10000 (custom)
2019-09-26 18:36:52,942 [pool-27-thread-1] INFO  server.RaftServerConfigKeys (ConfUtils.java:logGet(43)) - raft.server.snapshot.retention.num.files = 5 (custom)
2019-09-26 18:36:52,942 [pool-27-thread-1] INFO  server.RaftServerConfigKeys (ConfUtils.java:logGet(43)) - raft.server.retrycache.expirytime = 600000ms (custom)
2019-09-26 18:36:52,967 [pool-27-thread-1] INFO  impl.RaftServerImpl (RaftServerImpl.java:start(185)) - bea5dbfa-30de-4207-bffd-4513ad20f3de@group-5C01FDF9F4B1: start as a follower, conf=-1: [bea5dbfa-30de-4207-bffd-4513ad20f3de:192.168.151.109:38435], old=null
2019-09-26 18:36:52,968 [pool-27-thread-1] INFO  impl.RaftServerImpl (RaftServerImpl.java:setRole(174)) - bea5dbfa-30de-4207-bffd-4513ad20f3de@group-5C01FDF9F4B1: changes role from      null to FOLLOWER at term 0 for startAsFollower
2019-09-26 18:36:52,969 [pool-27-thread-1] INFO  impl.RoleInfo (RoleInfo.java:updateAndGet(143)) - bea5dbfa-30de-4207-bffd-4513ad20f3de: start FollowerState
2019-09-26 18:36:52,970 [pool-27-thread-1] INFO  util.JmxRegister (JmxRegister.java:tryRegister(44)) - Successfully registered JMX Bean with object name Ratis:service=RaftServer,group=group-5C01FDF9F4B1,id=bea5dbfa-30de-4207-bffd-4513ad20f3de
2019-09-26 18:36:53,040 [RatisPipelineUtilsThread] INFO  pipeline.PipelineStateManager (PipelineStateManager.java:addPipeline(56)) - Created pipeline Pipeline[ Id: 65655a77-7a6a-47f5-94fb-5c01fdf9f4b1, Nodes: bea5dbfa-30de-4207-bffd-4513ad20f3de{ip: 192.168.151.109, host: pr-hdds-2162-kpcbn-4093309294, networkLocation: /default-rack, certSerialId: null}, Type:RATIS, Factor:ONE, State:OPEN]
2019-09-26 18:36:53,073 [grpc-default-executor-0] INFO  impl.RaftServerProxy (RaftServerProxy.java:addNew(89)) - ff546a1f-819d-426e-b61a-e2a594c97aae: addNew group-FF21CED43AC6:[ff546a1f-819d-426e-b61a-e2a594c97aae:192.168.151.109:45585] returns group-FF21CED43AC6:java.util.concurrent.CompletableFuture@4109154e[Not completed]
2019-09-26 18:36:53,158 [pool-87-thread-1] INFO  impl.RaftServerImpl (RaftServerImpl.java:<init>(95)) - ff546a1f-819d-426e-b61a-e2a594c97aae: new RaftServerImpl for group-FF21CED43AC6:[ff546a1f-819d-426e-b61a-e2a594c97aae:192.168.151.109:45585] with ContainerStateMachine:uninitialized
2019-09-26 18:36:53,160 [pool-87-thread-1] INFO  server.RaftServerConfigKeys (ConfUtils.java:logGet(43)) - raft.server.rpc.timeout.min = 5s (custom)
2019-09-26 18:36:53,160 [pool-87-thread-1] INFO  server.RaftServerConfigKeys (ConfUtils.java:logGet(43)) - raft.server.rpc.timeout.max = 5200ms (custom)
2019-09-26 18:36:53,160 [pool-87-thread-1] INFO  server.RaftServerConfigKeys (ConfUtils.java:logGet(43)) - raft.server.rpcslowness.timeout = 120s (custom)
2019-09-26 18:36:53,160 [pool-87-thread-1] INFO  server.RaftServerConfigKeys (ConfUtils.java:logGet(43)) - raft.server.sleep.deviation.threshold = 300 (default)
2019-09-26 18:36:53,160 [pool-87-thread-1] INFO  server.RaftServerConfigKeys (ConfUtils.java:logGet(43)) - raft.server.log.appender.install.snapshot.enabled = false (custom)
2019-09-26 18:36:53,160 [pool-87-thread-1] INFO  impl.RaftServerImpl (ServerState.java:<init>(103)) - ff546a1f-819d-426e-b61a-e2a594c97aae@group-FF21CED43AC6: ConfigurationManager, init=-1: [ff546a1f-819d-426e-b61a-e2a594c97aae:192.168.151.109:45585], old=null, confs=<EMPTY_MAP>
2019-09-26 18:36:53,174 [pool-87-thread-1] INFO  server.RaftServerConfigKeys (ConfUtils.java:logGet(43)) - raft.server.storage.dir = [/workdir/hadoop-ozone/integration-test/target/test-dir/MiniOzoneClusterImpl-92b4b651-8b24-41a6-8b84-80731fec252a/datanode-6/data/ratis] (custom)
2019-09-26 18:36:53,174 [pool-87-thread-1] INFO  storage.RaftStorageDirectory (RaftStorageDirectory.java:analyzeStorage(246)) - The storage directory /workdir/hadoop-ozone/integration-test/target/test-dir/MiniOzoneClusterImpl-92b4b651-8b24-41a6-8b84-80731fec252a/datanode-6/data/ratis/30f3ddd5-5ffe-40a3-9e42-ff21ced43ac6 does not exist. Creating ...
2019-09-26 18:36:53,189 [pool-87-thread-1] INFO  storage.RaftStorageDirectory (RaftStorageDirectory.java:tryLock(328)) - Lock on /workdir/hadoop-ozone/integration-test/target/test-dir/MiniOzoneClusterImpl-92b4b651-8b24-41a6-8b84-80731fec252a/datanode-6/data/ratis/30f3ddd5-5ffe-40a3-9e42-ff21ced43ac6/in_use.lock acquired by nodename 2878@pr-hdds-2162-kpcbn-4093309294
2019-09-26 18:36:53,202 [pool-87-thread-1] INFO  storage.RaftStorage (RaftStorage.java:format(72)) - Storage directory /workdir/hadoop-ozone/integration-test/target/test-dir/MiniOzoneClusterImpl-92b4b651-8b24-41a6-8b84-80731fec252a/datanode-6/data/ratis/30f3ddd5-5ffe-40a3-9e42-ff21ced43ac6 has been successfully formatted.
2019-09-26 18:36:53,204 [pool-87-thread-1] INFO  ratis.ContainerStateMachine (ContainerStateMachine.java:loadSnapshot(230)) - group-FF21CED43AC6: The snapshot info is null. Setting the last applied indexto:(t:0, i:~)
2019-09-26 18:36:53,206 [pool-87-thread-1] INFO  server.RaftServerConfigKeys (ConfUtils.java:logGet(43)) - raft.server.notification.no-leader.timeout = 120s (custom)
2019-09-26 18:36:53,206 [pool-87-thread-1] INFO  server.RaftServerConfigKeys (ConfUtils.java:logGet(43)) - raft.server.log.use.memory = false (default)
2019-09-26 18:36:53,207 [pool-87-thread-1] INFO  server.RaftServerConfigKeys (ConfUtils.java:logGet(43)) - raft.server.log.purge.gap = 1000000 (custom)
2019-09-26 18:36:53,207 [pool-87-thread-1] INFO  server.RaftServerConfigKeys (ConfUtils.java:logGet(43)) - raft.server.log.appender.buffer.byte-limit = 33554432 (custom)
2019-09-26 18:36:53,207 [pool-87-thread-1] INFO  server.RaftServerConfigKeys (ConfUtils.java:logGet(43)) - raft.server.log.segment.size.max = 1048576 (custom)
2019-09-26 18:36:53,207 [pool-87-thread-1] INFO  server.RaftServerConfigKeys (ConfUtils.java:logGet(43)) - raft.server.log.segment.cache.num.max = 2 (custom)
2019-09-26 18:36:53,207 [pool-87-thread-1] INFO  segmented.SegmentedRaftLogWorker (SegmentedRaftLogWorker.java:<init>(172)) - new ff546a1f-819d-426e-b61a-e2a594c97aae@group-FF21CED43AC6-SegmentedRaftLogWorker for RaftStorage:Storage Directory /workdir/hadoop-ozone/integration-test/target/test-dir/MiniOzoneClusterImpl-92b4b651-8b24-41a6-8b84-80731fec252a/datanode-6/data/ratis/30f3ddd5-5ffe-40a3-9e42-ff21ced43ac6
2019-09-26 18:36:53,216 [pool-87-thread-1] INFO  server.RaftServerConfigKeys (ConfUtils.java:logGet(43)) - raft.server.log.queue.byte-limit = 2147483647 (custom)
2019-09-26 18:36:53,216 [pool-87-thread-1] INFO  server.RaftServerConfigKeys (ConfUtils.java:logGet(43)) - raft.server.log.queue.element-limit = 1024 (custom)
2019-09-26 18:36:53,217 [pool-87-thread-1] INFO  server.RaftServerConfigKeys (ConfUtils.java:logGet(43)) - raft.server.log.segment.size.max = 1048576 (custom)
2019-09-26 18:36:53,217 [pool-87-thread-1] INFO  server.RaftServerConfigKeys (ConfUtils.java:logGet(43)) - raft.server.log.preallocated.size = 16384 (custom)
2019-09-26 18:36:53,217 [pool-87-thread-1] INFO  server.RaftServerConfigKeys (ConfUtils.java:logGet(43)) - raft.server.log.write.buffer.size = 33554432 (custom)
2019-09-26 18:36:53,217 [pool-87-thread-1] INFO  server.RaftServerConfigKeys (ConfUtils.java:logGet(43)) - raft.server.log.force.sync.num = 128 (default)
2019-09-26 18:36:53,217 [pool-87-thread-1] INFO  server.RaftServerConfigKeys (ConfUtils.java:logGet(43)) - raft.server.log.statemachine.data.sync = true (default)
2019-09-26 18:36:53,218 [pool-87-thread-1] INFO  server.RaftServerConfigKeys (ConfUtils.java:logGet(43)) - raft.server.log.statemachine.data.sync.timeout = 10s (default)
2019-09-26 18:36:53,218 [pool-87-thread-1] INFO  server.RaftServerConfigKeys (ConfUtils.java:logGet(43)) - raft.server.log.statemachine.data.sync.timeout.retry = -1 (default)
2019-09-26 18:36:53,218 [pool-87-thread-1] INFO  server.RaftServerConfigKeys (ConfUtils.java:logGet(43)) - raft.server.log.statemachine.data.caching.enabled = true (custom)
2019-09-26 18:36:53,219 [pool-87-thread-1] INFO  segmented.SegmentedRaftLogWorker (SegmentedRaftLogWorker.java:lambda$new$0(132)) - ff546a1f-819d-426e-b61a-e2a594c97aae@group-FF21CED43AC6-SegmentedRaftLogWorker: flushIndex: setUnconditionally 0 -> -1
2019-09-26 18:36:53,219 [pool-87-thread-1] INFO  server.RaftServerConfigKeys (ConfUtils.java:logGet(43)) - raft.server.snapshot.auto.trigger.enabled = true (custom)
2019-09-26 18:36:53,219 [pool-87-thread-1] INFO  server.RaftServerConfigKeys (ConfUtils.java:logGet(43)) - raft.server.snapshot.auto.trigger.threshold = 10000 (custom)
2019-09-26 18:36:53,219 [pool-87-thread-1] INFO  server.RaftServerConfigKeys (ConfUtils.java:logGet(43)) - raft.server.snapshot.retention.num.files = 5 (custom)
2019-09-26 18:36:53,220 [pool-87-thread-1] INFO  server.RaftServerConfigKeys (ConfUtils.java:logGet(43)) - raft.server.retrycache.expirytime = 600000ms (custom)
2019-09-26 18:36:53,226 [pool-87-thread-1] INFO  impl.RaftServerImpl (RaftServerImpl.java:start(185)) - ff546a1f-819d-426e-b61a-e2a594c97aae@group-FF21CED43AC6: start as a follower, conf=-1: [ff546a1f-819d-426e-b61a-e2a594c97aae:192.168.151.109:45585], old=null
2019-09-26 18:36:53,227 [pool-87-thread-1] INFO  impl.RaftServerImpl (RaftServerImpl.java:setRole(174)) - ff546a1f-819d-426e-b61a-e2a594c97aae@group-FF21CED43AC6: changes role from      null to FOLLOWER at term 0 for startAsFollower
2019-09-26 18:36:53,227 [pool-87-thread-1] INFO  impl.RoleInfo (RoleInfo.java:updateAndGet(143)) - ff546a1f-819d-426e-b61a-e2a594c97aae: start FollowerState
2019-09-26 18:36:53,229 [pool-87-thread-1] INFO  util.JmxRegister (JmxRegister.java:tryRegister(44)) - Successfully registered JMX Bean with object name Ratis:service=RaftServer,group=group-FF21CED43AC6,id=ff546a1f-819d-426e-b61a-e2a594c97aae
2019-09-26 18:36:53,248 [RatisPipelineUtilsThread] INFO  pipeline.PipelineStateManager (PipelineStateManager.java:addPipeline(56)) - Created pipeline Pipeline[ Id: 30f3ddd5-5ffe-40a3-9e42-ff21ced43ac6, Nodes: ff546a1f-819d-426e-b61a-e2a594c97aae{ip: 192.168.151.109, host: pr-hdds-2162-kpcbn-4093309294, networkLocation: /default-rack, certSerialId: null}, Type:RATIS, Factor:ONE, State:OPEN]
2019-09-26 18:36:53,274 [grpc-default-executor-0] INFO  impl.RaftServerProxy (RaftServerProxy.java:addNew(89)) - d9ddad26-0ab8-49f0-a7fe-969d04a2d023: addNew group-975C9BA71A40:[d9ddad26-0ab8-49f0-a7fe-969d04a2d023:192.168.151.109:36608] returns group-975C9BA71A40:java.util.concurrent.CompletableFuture@da6d956[Not completed]
2019-09-26 18:36:53,318 [pool-67-thread-1] INFO  impl.RaftServerImpl (RaftServerImpl.java:<init>(95)) - d9ddad26-0ab8-49f0-a7fe-969d04a2d023: new RaftServerImpl for group-975C9BA71A40:[d9ddad26-0ab8-49f0-a7fe-969d04a2d023:192.168.151.109:36608] with ContainerStateMachine:uninitialized
2019-09-26 18:36:53,319 [pool-67-thread-1] INFO  server.RaftServerConfigKeys (ConfUtils.java:logGet(43)) - raft.server.rpc.timeout.min = 5s (custom)
2019-09-26 18:36:53,319 [pool-67-thread-1] INFO  server.RaftServerConfigKeys (ConfUtils.java:logGet(43)) - raft.server.rpc.timeout.max = 5200ms (custom)
2019-09-26 18:36:53,319 [pool-67-thread-1] INFO  server.RaftServerConfigKeys (ConfUtils.java:logGet(43)) - raft.server.rpcslowness.timeout = 120s (custom)
2019-09-26 18:36:53,319 [pool-67-thread-1] INFO  server.RaftServerConfigKeys (ConfUtils.java:logGet(43)) - raft.server.sleep.deviation.threshold = 300 (default)
2019-09-26 18:36:53,319 [pool-67-thread-1] INFO  server.RaftServerConfigKeys (ConfUtils.java:logGet(43)) - raft.server.log.appender.install.snapshot.enabled = false (custom)
2019-09-26 18:36:53,319 [pool-67-thread-1] INFO  impl.RaftServerImpl (ServerState.java:<init>(103)) - d9ddad26-0ab8-49f0-a7fe-969d04a2d023@group-975C9BA71A40: ConfigurationManager, init=-1: [d9ddad26-0ab8-49f0-a7fe-969d04a2d023:192.168.151.109:36608], old=null, confs=<EMPTY_MAP>
2019-09-26 18:36:53,320 [pool-67-thread-1] INFO  server.RaftServerConfigKeys (ConfUtils.java:logGet(43)) - raft.server.storage.dir = [/workdir/hadoop-ozone/integration-test/target/test-dir/MiniOzoneClusterImpl-92b4b651-8b24-41a6-8b84-80731fec252a/datanode-4/data/ratis] (custom)
2019-09-26 18:36:53,320 [pool-67-thread-1] INFO  storage.RaftStorageDirectory (RaftStorageDirectory.java:analyzeStorage(246)) - The storage directory /workdir/hadoop-ozone/integration-test/target/test-dir/MiniOzoneClusterImpl-92b4b651-8b24-41a6-8b84-80731fec252a/datanode-4/data/ratis/6bb802b0-79de-4354-8933-975c9ba71a40 does not exist. Creating ...
2019-09-26 18:36:53,342 [pool-67-thread-1] INFO  storage.RaftStorageDirectory (RaftStorageDirectory.java:tryLock(328)) - Lock on /workdir/hadoop-ozone/integration-test/target/test-dir/MiniOzoneClusterImpl-92b4b651-8b24-41a6-8b84-80731fec252a/datanode-4/data/ratis/6bb802b0-79de-4354-8933-975c9ba71a40/in_use.lock acquired by nodename 2878@pr-hdds-2162-kpcbn-4093309294
2019-09-26 18:36:53,360 [pool-67-thread-1] INFO  storage.RaftStorage (RaftStorage.java:format(72)) - Storage directory /workdir/hadoop-ozone/integration-test/target/test-dir/MiniOzoneClusterImpl-92b4b651-8b24-41a6-8b84-80731fec252a/datanode-4/data/ratis/6bb802b0-79de-4354-8933-975c9ba71a40 has been successfully formatted.
2019-09-26 18:36:53,360 [pool-67-thread-1] INFO  ratis.ContainerStateMachine (ContainerStateMachine.java:loadSnapshot(230)) - group-975C9BA71A40: The snapshot info is null. Setting the last applied indexto:(t:0, i:~)
2019-09-26 18:36:53,360 [pool-67-thread-1] INFO  server.RaftServerConfigKeys (ConfUtils.java:logGet(43)) - raft.server.notification.no-leader.timeout = 120s (custom)
2019-09-26 18:36:53,360 [pool-67-thread-1] INFO  server.RaftServerConfigKeys (ConfUtils.java:logGet(43)) - raft.server.log.use.memory = false (default)
2019-09-26 18:36:53,360 [pool-67-thread-1] INFO  server.RaftServerConfigKeys (ConfUtils.java:logGet(43)) - raft.server.log.purge.gap = 1000000 (custom)
2019-09-26 18:36:53,361 [pool-67-thread-1] INFO  server.RaftServerConfigKeys (ConfUtils.java:logGet(43)) - raft.server.log.appender.buffer.byte-limit = 33554432 (custom)
2019-09-26 18:36:53,361 [pool-67-thread-1] INFO  server.RaftServerConfigKeys (ConfUtils.java:logGet(43)) - raft.server.log.segment.size.max = 1048576 (custom)
2019-09-26 18:36:53,361 [pool-67-thread-1] INFO  server.RaftServerConfigKeys (ConfUtils.java:logGet(43)) - raft.server.log.segment.cache.num.max = 2 (custom)
2019-09-26 18:36:53,361 [pool-67-thread-1] INFO  segmented.SegmentedRaftLogWorker (SegmentedRaftLogWorker.java:<init>(172)) - new d9ddad26-0ab8-49f0-a7fe-969d04a2d023@group-975C9BA71A40-SegmentedRaftLogWorker for RaftStorage:Storage Directory /workdir/hadoop-ozone/integration-test/target/test-dir/MiniOzoneClusterImpl-92b4b651-8b24-41a6-8b84-80731fec252a/datanode-4/data/ratis/6bb802b0-79de-4354-8933-975c9ba71a40
2019-09-26 18:36:53,411 [pool-67-thread-1] INFO  server.RaftServerConfigKeys (ConfUtils.java:logGet(43)) - raft.server.log.queue.byte-limit = 2147483647 (custom)
2019-09-26 18:36:53,411 [pool-67-thread-1] INFO  server.RaftServerConfigKeys (ConfUtils.java:logGet(43)) - raft.server.log.queue.element-limit = 1024 (custom)
2019-09-26 18:36:53,412 [pool-67-thread-1] INFO  server.RaftServerConfigKeys (ConfUtils.java:logGet(43)) - raft.server.log.segment.size.max = 1048576 (custom)
2019-09-26 18:36:53,412 [pool-67-thread-1] INFO  server.RaftServerConfigKeys (ConfUtils.java:logGet(43)) - raft.server.log.preallocated.size = 16384 (custom)
2019-09-26 18:36:53,412 [pool-67-thread-1] INFO  server.RaftServerConfigKeys (ConfUtils.java:logGet(43)) - raft.server.log.write.buffer.size = 33554432 (custom)
2019-09-26 18:36:53,412 [pool-67-thread-1] INFO  server.RaftServerConfigKeys (ConfUtils.java:logGet(43)) - raft.server.log.force.sync.num = 128 (default)
2019-09-26 18:36:53,413 [pool-67-thread-1] INFO  server.RaftServerConfigKeys (ConfUtils.java:logGet(43)) - raft.server.log.statemachine.data.sync = true (default)
2019-09-26 18:36:53,413 [pool-67-thread-1] INFO  server.RaftServerConfigKeys (ConfUtils.java:logGet(43)) - raft.server.log.statemachine.data.sync.timeout = 10s (default)
2019-09-26 18:36:53,413 [pool-67-thread-1] INFO  server.RaftServerConfigKeys (ConfUtils.java:logGet(43)) - raft.server.log.statemachine.data.sync.timeout.retry = -1 (default)
2019-09-26 18:36:53,413 [pool-67-thread-1] INFO  server.RaftServerConfigKeys (ConfUtils.java:logGet(43)) - raft.server.log.statemachine.data.caching.enabled = true (custom)
2019-09-26 18:36:53,415 [pool-67-thread-1] INFO  segmented.SegmentedRaftLogWorker (SegmentedRaftLogWorker.java:lambda$new$0(132)) - d9ddad26-0ab8-49f0-a7fe-969d04a2d023@group-975C9BA71A40-SegmentedRaftLogWorker: flushIndex: setUnconditionally 0 -> -1
2019-09-26 18:36:53,415 [pool-67-thread-1] INFO  server.RaftServerConfigKeys (ConfUtils.java:logGet(43)) - raft.server.snapshot.auto.trigger.enabled = true (custom)
2019-09-26 18:36:53,415 [pool-67-thread-1] INFO  server.RaftServerConfigKeys (ConfUtils.java:logGet(43)) - raft.server.snapshot.auto.trigger.threshold = 10000 (custom)
2019-09-26 18:36:53,416 [pool-67-thread-1] INFO  server.RaftServerConfigKeys (ConfUtils.java:logGet(43)) - raft.server.snapshot.retention.num.files = 5 (custom)
2019-09-26 18:36:53,416 [pool-67-thread-1] INFO  server.RaftServerConfigKeys (ConfUtils.java:logGet(43)) - raft.server.retrycache.expirytime = 600000ms (custom)
2019-09-26 18:36:53,422 [pool-67-thread-1] INFO  impl.RaftServerImpl (RaftServerImpl.java:start(185)) - d9ddad26-0ab8-49f0-a7fe-969d04a2d023@group-975C9BA71A40: start as a follower, conf=-1: [d9ddad26-0ab8-49f0-a7fe-969d04a2d023:192.168.151.109:36608], old=null
2019-09-26 18:36:53,422 [pool-67-thread-1] INFO  impl.RaftServerImpl (RaftServerImpl.java:setRole(174)) - d9ddad26-0ab8-49f0-a7fe-969d04a2d023@group-975C9BA71A40: changes role from      null to FOLLOWER at term 0 for startAsFollower
2019-09-26 18:36:53,423 [pool-67-thread-1] INFO  impl.RoleInfo (RoleInfo.java:updateAndGet(143)) - d9ddad26-0ab8-49f0-a7fe-969d04a2d023: start FollowerState
2019-09-26 18:36:53,423 [pool-67-thread-1] INFO  util.JmxRegister (JmxRegister.java:tryRegister(44)) - Successfully registered JMX Bean with object name Ratis:service=RaftServer,group=group-975C9BA71A40,id=d9ddad26-0ab8-49f0-a7fe-969d04a2d023
2019-09-26 18:36:53,441 [RatisPipelineUtilsThread] INFO  pipeline.PipelineStateManager (PipelineStateManager.java:addPipeline(56)) - Created pipeline Pipeline[ Id: 6bb802b0-79de-4354-8933-975c9ba71a40, Nodes: d9ddad26-0ab8-49f0-a7fe-969d04a2d023{ip: 192.168.151.109, host: pr-hdds-2162-kpcbn-4093309294, networkLocation: /default-rack, certSerialId: null}, Type:RATIS, Factor:ONE, State:OPEN]
2019-09-26 18:36:53,470 [grpc-default-executor-0] INFO  impl.RaftServerProxy (RaftServerProxy.java:addNew(89)) - eadf7083-a0e2-4fdb-9f41-5b7503e65173: addNew group-DD22FF1D4D5D:[eadf7083-a0e2-4fdb-9f41-5b7503e65173:192.168.151.109:33418] returns group-DD22FF1D4D5D:java.util.concurrent.CompletableFuture@c4a67ed[Not completed]
2019-09-26 18:36:53,475 [pool-57-thread-1] INFO  impl.RaftServerImpl (RaftServerImpl.java:<init>(95)) - eadf7083-a0e2-4fdb-9f41-5b7503e65173: new RaftServerImpl for group-DD22FF1D4D5D:[eadf7083-a0e2-4fdb-9f41-5b7503e65173:192.168.151.109:33418] with ContainerStateMachine:uninitialized
2019-09-26 18:36:53,475 [pool-57-thread-1] INFO  server.RaftServerConfigKeys (ConfUtils.java:logGet(43)) - raft.server.rpc.timeout.min = 5s (custom)
2019-09-26 18:36:53,475 [pool-57-thread-1] INFO  server.RaftServerConfigKeys (ConfUtils.java:logGet(43)) - raft.server.rpc.timeout.max = 5200ms (custom)
2019-09-26 18:36:53,476 [pool-57-thread-1] INFO  server.RaftServerConfigKeys (ConfUtils.java:logGet(43)) - raft.server.rpcslowness.timeout = 120s (custom)
2019-09-26 18:36:53,476 [pool-57-thread-1] INFO  server.RaftServerConfigKeys (ConfUtils.java:logGet(43)) - raft.server.sleep.deviation.threshold = 300 (default)
2019-09-26 18:36:53,476 [pool-57-thread-1] INFO  server.RaftServerConfigKeys (ConfUtils.java:logGet(43)) - raft.server.log.appender.install.snapshot.enabled = false (custom)
2019-09-26 18:36:53,476 [pool-57-thread-1] INFO  impl.RaftServerImpl (ServerState.java:<init>(103)) - eadf7083-a0e2-4fdb-9f41-5b7503e65173@group-DD22FF1D4D5D: ConfigurationManager, init=-1: [eadf7083-a0e2-4fdb-9f41-5b7503e65173:192.168.151.109:33418], old=null, confs=<EMPTY_MAP>
2019-09-26 18:36:53,476 [pool-57-thread-1] INFO  server.RaftServerConfigKeys (ConfUtils.java:logGet(43)) - raft.server.storage.dir = [/workdir/hadoop-ozone/integration-test/target/test-dir/MiniOzoneClusterImpl-92b4b651-8b24-41a6-8b84-80731fec252a/datanode-3/data/ratis] (custom)
2019-09-26 18:36:53,477 [pool-57-thread-1] INFO  storage.RaftStorageDirectory (RaftStorageDirectory.java:analyzeStorage(246)) - The storage directory /workdir/hadoop-ozone/integration-test/target/test-dir/MiniOzoneClusterImpl-92b4b651-8b24-41a6-8b84-80731fec252a/datanode-3/data/ratis/399339f1-c885-43ca-bc23-dd22ff1d4d5d does not exist. Creating ...
2019-09-26 18:36:53,481 [pool-57-thread-1] INFO  storage.RaftStorageDirectory (RaftStorageDirectory.java:tryLock(328)) - Lock on /workdir/hadoop-ozone/integration-test/target/test-dir/MiniOzoneClusterImpl-92b4b651-8b24-41a6-8b84-80731fec252a/datanode-3/data/ratis/399339f1-c885-43ca-bc23-dd22ff1d4d5d/in_use.lock acquired by nodename 2878@pr-hdds-2162-kpcbn-4093309294
2019-09-26 18:36:53,484 [pool-57-thread-1] INFO  storage.RaftStorage (RaftStorage.java:format(72)) - Storage directory /workdir/hadoop-ozone/integration-test/target/test-dir/MiniOzoneClusterImpl-92b4b651-8b24-41a6-8b84-80731fec252a/datanode-3/data/ratis/399339f1-c885-43ca-bc23-dd22ff1d4d5d has been successfully formatted.
2019-09-26 18:36:53,485 [pool-57-thread-1] INFO  ratis.ContainerStateMachine (ContainerStateMachine.java:loadSnapshot(230)) - group-DD22FF1D4D5D: The snapshot info is null. Setting the last applied indexto:(t:0, i:~)
2019-09-26 18:36:53,485 [pool-57-thread-1] INFO  server.RaftServerConfigKeys (ConfUtils.java:logGet(43)) - raft.server.notification.no-leader.timeout = 120s (custom)
2019-09-26 18:36:53,485 [pool-57-thread-1] INFO  server.RaftServerConfigKeys (ConfUtils.java:logGet(43)) - raft.server.log.use.memory = false (default)
2019-09-26 18:36:53,485 [pool-57-thread-1] INFO  server.RaftServerConfigKeys (ConfUtils.java:logGet(43)) - raft.server.log.purge.gap = 1000000 (custom)
2019-09-26 18:36:53,485 [pool-57-thread-1] INFO  server.RaftServerConfigKeys (ConfUtils.java:logGet(43)) - raft.server.log.appender.buffer.byte-limit = 33554432 (custom)
2019-09-26 18:36:53,486 [pool-57-thread-1] INFO  server.RaftServerConfigKeys (ConfUtils.java:logGet(43)) - raft.server.log.segment.size.max = 1048576 (custom)
2019-09-26 18:36:53,486 [pool-57-thread-1] INFO  server.RaftServerConfigKeys (ConfUtils.java:logGet(43)) - raft.server.log.segment.cache.num.max = 2 (custom)
2019-09-26 18:36:53,486 [pool-57-thread-1] INFO  segmented.SegmentedRaftLogWorker (SegmentedRaftLogWorker.java:<init>(172)) - new eadf7083-a0e2-4fdb-9f41-5b7503e65173@group-DD22FF1D4D5D-SegmentedRaftLogWorker for RaftStorage:Storage Directory /workdir/hadoop-ozone/integration-test/target/test-dir/MiniOzoneClusterImpl-92b4b651-8b24-41a6-8b84-80731fec252a/datanode-3/data/ratis/399339f1-c885-43ca-bc23-dd22ff1d4d5d
2019-09-26 18:36:53,492 [pool-57-thread-1] INFO  server.RaftServerConfigKeys (ConfUtils.java:logGet(43)) - raft.server.log.queue.byte-limit = 2147483647 (custom)
2019-09-26 18:36:53,492 [pool-57-thread-1] INFO  server.RaftServerConfigKeys (ConfUtils.java:logGet(43)) - raft.server.log.queue.element-limit = 1024 (custom)
2019-09-26 18:36:53,492 [pool-57-thread-1] INFO  server.RaftServerConfigKeys (ConfUtils.java:logGet(43)) - raft.server.log.segment.size.max = 1048576 (custom)
2019-09-26 18:36:53,492 [pool-57-thread-1] INFO  server.RaftServerConfigKeys (ConfUtils.java:logGet(43)) - raft.server.log.preallocated.size = 16384 (custom)
2019-09-26 18:36:53,493 [pool-57-thread-1] INFO  server.RaftServerConfigKeys (ConfUtils.java:logGet(43)) - raft.server.log.write.buffer.size = 33554432 (custom)
2019-09-26 18:36:53,493 [pool-57-thread-1] INFO  server.RaftServerConfigKeys (ConfUtils.java:logGet(43)) - raft.server.log.force.sync.num = 128 (default)
2019-09-26 18:36:53,493 [pool-57-thread-1] INFO  server.RaftServerConfigKeys (ConfUtils.java:logGet(43)) - raft.server.log.statemachine.data.sync = true (default)
2019-09-26 18:36:53,493 [pool-57-thread-1] INFO  server.RaftServerConfigKeys (ConfUtils.java:logGet(43)) - raft.server.log.statemachine.data.sync.timeout = 10s (default)
2019-09-26 18:36:53,493 [pool-57-thread-1] INFO  server.RaftServerConfigKeys (ConfUtils.java:logGet(43)) - raft.server.log.statemachine.data.sync.timeout.retry = -1 (default)
2019-09-26 18:36:53,494 [pool-57-thread-1] INFO  server.RaftServerConfigKeys (ConfUtils.java:logGet(43)) - raft.server.log.statemachine.data.caching.enabled = true (custom)
2019-09-26 18:36:53,494 [pool-57-thread-1] INFO  segmented.SegmentedRaftLogWorker (SegmentedRaftLogWorker.java:lambda$new$0(132)) - eadf7083-a0e2-4fdb-9f41-5b7503e65173@group-DD22FF1D4D5D-SegmentedRaftLogWorker: flushIndex: setUnconditionally 0 -> -1
2019-09-26 18:36:53,495 [pool-57-thread-1] INFO  server.RaftServerConfigKeys (ConfUtils.java:logGet(43)) - raft.server.snapshot.auto.trigger.enabled = true (custom)
2019-09-26 18:36:53,495 [pool-57-thread-1] INFO  server.RaftServerConfigKeys (ConfUtils.java:logGet(43)) - raft.server.snapshot.auto.trigger.threshold = 10000 (custom)
2019-09-26 18:36:53,495 [pool-57-thread-1] INFO  server.RaftServerConfigKeys (ConfUtils.java:logGet(43)) - raft.server.snapshot.retention.num.files = 5 (custom)
2019-09-26 18:36:53,496 [pool-57-thread-1] INFO  server.RaftServerConfigKeys (ConfUtils.java:logGet(43)) - raft.server.retrycache.expirytime = 600000ms (custom)
2019-09-26 18:36:53,501 [pool-57-thread-1] INFO  impl.RaftServerImpl (RaftServerImpl.java:start(185)) - eadf7083-a0e2-4fdb-9f41-5b7503e65173@group-DD22FF1D4D5D: start as a follower, conf=-1: [eadf7083-a0e2-4fdb-9f41-5b7503e65173:192.168.151.109:33418], old=null
2019-09-26 18:36:53,501 [pool-57-thread-1] INFO  impl.RaftServerImpl (RaftServerImpl.java:setRole(174)) - eadf7083-a0e2-4fdb-9f41-5b7503e65173@group-DD22FF1D4D5D: changes role from      null to FOLLOWER at term 0 for startAsFollower
2019-09-26 18:36:53,501 [pool-57-thread-1] INFO  impl.RoleInfo (RoleInfo.java:updateAndGet(143)) - eadf7083-a0e2-4fdb-9f41-5b7503e65173: start FollowerState
2019-09-26 18:36:53,502 [pool-57-thread-1] INFO  util.JmxRegister (JmxRegister.java:tryRegister(44)) - Successfully registered JMX Bean with object name Ratis:service=RaftServer,group=group-DD22FF1D4D5D,id=eadf7083-a0e2-4fdb-9f41-5b7503e65173
2019-09-26 18:36:53,526 [RatisPipelineUtilsThread] INFO  pipeline.PipelineStateManager (PipelineStateManager.java:addPipeline(56)) - Created pipeline Pipeline[ Id: 399339f1-c885-43ca-bc23-dd22ff1d4d5d, Nodes: eadf7083-a0e2-4fdb-9f41-5b7503e65173{ip: 192.168.151.109, host: pr-hdds-2162-kpcbn-4093309294, networkLocation: /default-rack, certSerialId: null}, Type:RATIS, Factor:ONE, State:OPEN]
2019-09-26 18:36:53,543 [grpc-default-executor-0] INFO  impl.RaftServerProxy (RaftServerProxy.java:addNew(89)) - f5f4fe3e-62aa-486e-b3bf-625e48bce7a6: addNew group-AE96925691C6:[f5f4fe3e-62aa-486e-b3bf-625e48bce7a6:192.168.151.109:44025] returns group-AE96925691C6:java.util.concurrent.CompletableFuture@40e4b01e[Not completed]
2019-09-26 18:36:53,549 [pool-77-thread-1] INFO  impl.RaftServerImpl (RaftServerImpl.java:<init>(95)) - f5f4fe3e-62aa-486e-b3bf-625e48bce7a6: new RaftServerImpl for group-AE96925691C6:[f5f4fe3e-62aa-486e-b3bf-625e48bce7a6:192.168.151.109:44025] with ContainerStateMachine:uninitialized
2019-09-26 18:36:53,549 [pool-77-thread-1] INFO  server.RaftServerConfigKeys (ConfUtils.java:logGet(43)) - raft.server.rpc.timeout.min = 5s (custom)
2019-09-26 18:36:53,549 [pool-77-thread-1] INFO  server.RaftServerConfigKeys (ConfUtils.java:logGet(43)) - raft.server.rpc.timeout.max = 5200ms (custom)
2019-09-26 18:36:53,549 [pool-77-thread-1] INFO  server.RaftServerConfigKeys (ConfUtils.java:logGet(43)) - raft.server.rpcslowness.timeout = 120s (custom)
2019-09-26 18:36:53,550 [pool-77-thread-1] INFO  server.RaftServerConfigKeys (ConfUtils.java:logGet(43)) - raft.server.sleep.deviation.threshold = 300 (default)
2019-09-26 18:36:53,550 [pool-77-thread-1] INFO  server.RaftServerConfigKeys (ConfUtils.java:logGet(43)) - raft.server.log.appender.install.snapshot.enabled = false (custom)
2019-09-26 18:36:53,550 [pool-77-thread-1] INFO  impl.RaftServerImpl (ServerState.java:<init>(103)) - f5f4fe3e-62aa-486e-b3bf-625e48bce7a6@group-AE96925691C6: ConfigurationManager, init=-1: [f5f4fe3e-62aa-486e-b3bf-625e48bce7a6:192.168.151.109:44025], old=null, confs=<EMPTY_MAP>
2019-09-26 18:36:53,550 [pool-77-thread-1] INFO  server.RaftServerConfigKeys (ConfUtils.java:logGet(43)) - raft.server.storage.dir = [/workdir/hadoop-ozone/integration-test/target/test-dir/MiniOzoneClusterImpl-92b4b651-8b24-41a6-8b84-80731fec252a/datanode-5/data/ratis] (custom)
2019-09-26 18:36:53,551 [pool-77-thread-1] INFO  storage.RaftStorageDirectory (RaftStorageDirectory.java:analyzeStorage(246)) - The storage directory /workdir/hadoop-ozone/integration-test/target/test-dir/MiniOzoneClusterImpl-92b4b651-8b24-41a6-8b84-80731fec252a/datanode-5/data/ratis/5b3496dc-57c0-430a-bf37-ae96925691c6 does not exist. Creating ...
2019-09-26 18:36:53,563 [pool-77-thread-1] INFO  storage.RaftStorageDirectory (RaftStorageDirectory.java:tryLock(328)) - Lock on /workdir/hadoop-ozone/integration-test/target/test-dir/MiniOzoneClusterImpl-92b4b651-8b24-41a6-8b84-80731fec252a/datanode-5/data/ratis/5b3496dc-57c0-430a-bf37-ae96925691c6/in_use.lock acquired by nodename 2878@pr-hdds-2162-kpcbn-4093309294
2019-09-26 18:36:53,577 [pool-77-thread-1] INFO  storage.RaftStorage (RaftStorage.java:format(72)) - Storage directory /workdir/hadoop-ozone/integration-test/target/test-dir/MiniOzoneClusterImpl-92b4b651-8b24-41a6-8b84-80731fec252a/datanode-5/data/ratis/5b3496dc-57c0-430a-bf37-ae96925691c6 has been successfully formatted.
2019-09-26 18:36:53,577 [pool-77-thread-1] INFO  ratis.ContainerStateMachine (ContainerStateMachine.java:loadSnapshot(230)) - group-AE96925691C6: The snapshot info is null. Setting the last applied indexto:(t:0, i:~)
2019-09-26 18:36:53,577 [pool-77-thread-1] INFO  server.RaftServerConfigKeys (ConfUtils.java:logGet(43)) - raft.server.notification.no-leader.timeout = 120s (custom)
2019-09-26 18:36:53,577 [pool-77-thread-1] INFO  server.RaftServerConfigKeys (ConfUtils.java:logGet(43)) - raft.server.log.use.memory = false (default)
2019-09-26 18:36:53,577 [pool-77-thread-1] INFO  server.RaftServerConfigKeys (ConfUtils.java:logGet(43)) - raft.server.log.purge.gap = 1000000 (custom)
2019-09-26 18:36:53,578 [pool-77-thread-1] INFO  server.RaftServerConfigKeys (ConfUtils.java:logGet(43)) - raft.server.log.appender.buffer.byte-limit = 33554432 (custom)
2019-09-26 18:36:53,578 [pool-77-thread-1] INFO  server.RaftServerConfigKeys (ConfUtils.java:logGet(43)) - raft.server.log.segment.size.max = 1048576 (custom)
2019-09-26 18:36:53,578 [pool-77-thread-1] INFO  server.RaftServerConfigKeys (ConfUtils.java:logGet(43)) - raft.server.log.segment.cache.num.max = 2 (custom)
2019-09-26 18:36:53,578 [pool-77-thread-1] INFO  segmented.SegmentedRaftLogWorker (SegmentedRaftLogWorker.java:<init>(172)) - new f5f4fe3e-62aa-486e-b3bf-625e48bce7a6@group-AE96925691C6-SegmentedRaftLogWorker for RaftStorage:Storage Directory /workdir/hadoop-ozone/integration-test/target/test-dir/MiniOzoneClusterImpl-92b4b651-8b24-41a6-8b84-80731fec252a/datanode-5/data/ratis/5b3496dc-57c0-430a-bf37-ae96925691c6
2019-09-26 18:36:53,582 [pool-77-thread-1] INFO  server.RaftServerConfigKeys (ConfUtils.java:logGet(43)) - raft.server.log.queue.byte-limit = 2147483647 (custom)
2019-09-26 18:36:53,583 [pool-77-thread-1] INFO  server.RaftServerConfigKeys (ConfUtils.java:logGet(43)) - raft.server.log.queue.element-limit = 1024 (custom)
2019-09-26 18:36:53,583 [pool-77-thread-1] INFO  server.RaftServerConfigKeys (ConfUtils.java:logGet(43)) - raft.server.log.segment.size.max = 1048576 (custom)
2019-09-26 18:36:53,583 [pool-77-thread-1] INFO  server.RaftServerConfigKeys (ConfUtils.java:logGet(43)) - raft.server.log.preallocated.size = 16384 (custom)
2019-09-26 18:36:53,583 [pool-77-thread-1] INFO  server.RaftServerConfigKeys (ConfUtils.java:logGet(43)) - raft.server.log.write.buffer.size = 33554432 (custom)
2019-09-26 18:36:53,583 [pool-77-thread-1] INFO  server.RaftServerConfigKeys (ConfUtils.java:logGet(43)) - raft.server.log.force.sync.num = 128 (default)
2019-09-26 18:36:53,584 [pool-77-thread-1] INFO  server.RaftServerConfigKeys (ConfUtils.java:logGet(43)) - raft.server.log.statemachine.data.sync = true (default)
2019-09-26 18:36:53,584 [pool-77-thread-1] INFO  server.RaftServerConfigKeys (ConfUtils.java:logGet(43)) - raft.server.log.statemachine.data.sync.timeout = 10s (default)
2019-09-26 18:36:53,584 [pool-77-thread-1] INFO  server.RaftServerConfigKeys (ConfUtils.java:logGet(43)) - raft.server.log.statemachine.data.sync.timeout.retry = -1 (default)
2019-09-26 18:36:53,584 [pool-77-thread-1] INFO  server.RaftServerConfigKeys (ConfUtils.java:logGet(43)) - raft.server.log.statemachine.data.caching.enabled = true (custom)
2019-09-26 18:36:53,585 [pool-77-thread-1] INFO  segmented.SegmentedRaftLogWorker (SegmentedRaftLogWorker.java:lambda$new$0(132)) - f5f4fe3e-62aa-486e-b3bf-625e48bce7a6@group-AE96925691C6-SegmentedRaftLogWorker: flushIndex: setUnconditionally 0 -> -1
2019-09-26 18:36:53,585 [pool-77-thread-1] INFO  server.RaftServerConfigKeys (ConfUtils.java:logGet(43)) - raft.server.snapshot.auto.trigger.enabled = true (custom)
2019-09-26 18:36:53,585 [pool-77-thread-1] INFO  server.RaftServerConfigKeys (ConfUtils.java:logGet(43)) - raft.server.snapshot.auto.trigger.threshold = 10000 (custom)
2019-09-26 18:36:53,585 [pool-77-thread-1] INFO  server.RaftServerConfigKeys (ConfUtils.java:logGet(43)) - raft.server.snapshot.retention.num.files = 5 (custom)
2019-09-26 18:36:53,586 [pool-77-thread-1] INFO  server.RaftServerConfigKeys (ConfUtils.java:logGet(43)) - raft.server.retrycache.expirytime = 600000ms (custom)
2019-09-26 18:36:53,590 [pool-77-thread-1] INFO  impl.RaftServerImpl (RaftServerImpl.java:start(185)) - f5f4fe3e-62aa-486e-b3bf-625e48bce7a6@group-AE96925691C6: start as a follower, conf=-1: [f5f4fe3e-62aa-486e-b3bf-625e48bce7a6:192.168.151.109:44025], old=null
2019-09-26 18:36:53,590 [pool-77-thread-1] INFO  impl.RaftServerImpl (RaftServerImpl.java:setRole(174)) - f5f4fe3e-62aa-486e-b3bf-625e48bce7a6@group-AE96925691C6: changes role from      null to FOLLOWER at term 0 for startAsFollower
2019-09-26 18:36:53,590 [pool-77-thread-1] INFO  impl.RoleInfo (RoleInfo.java:updateAndGet(143)) - f5f4fe3e-62aa-486e-b3bf-625e48bce7a6: start FollowerState
2019-09-26 18:36:53,591 [pool-77-thread-1] INFO  util.JmxRegister (JmxRegister.java:tryRegister(44)) - Successfully registered JMX Bean with object name Ratis:service=RaftServer,group=group-AE96925691C6,id=f5f4fe3e-62aa-486e-b3bf-625e48bce7a6
2019-09-26 18:36:53,606 [RatisPipelineUtilsThread] INFO  pipeline.PipelineStateManager (PipelineStateManager.java:addPipeline(56)) - Created pipeline Pipeline[ Id: 5b3496dc-57c0-430a-bf37-ae96925691c6, Nodes: f5f4fe3e-62aa-486e-b3bf-625e48bce7a6{ip: 192.168.151.109, host: pr-hdds-2162-kpcbn-4093309294, networkLocation: /default-rack, certSerialId: null}, Type:RATIS, Factor:ONE, State:OPEN]
2019-09-26 18:36:53,626 [grpc-default-executor-0] INFO  impl.RaftServerProxy (RaftServerProxy.java:addNew(89)) - 892de89a-e065-4df4-9984-8695982985db: addNew group-287C9A6E0F5A:[892de89a-e065-4df4-9984-8695982985db:192.168.151.109:38189] returns group-287C9A6E0F5A:java.util.concurrent.CompletableFuture@a165edd[Not completed]
2019-09-26 18:36:53,632 [pool-107-thread-1] INFO  impl.RaftServerImpl (RaftServerImpl.java:<init>(95)) - 892de89a-e065-4df4-9984-8695982985db: new RaftServerImpl for group-287C9A6E0F5A:[892de89a-e065-4df4-9984-8695982985db:192.168.151.109:38189] with ContainerStateMachine:uninitialized
2019-09-26 18:36:53,633 [pool-107-thread-1] INFO  server.RaftServerConfigKeys (ConfUtils.java:logGet(43)) - raft.server.rpc.timeout.min = 5s (custom)
2019-09-26 18:36:53,633 [pool-107-thread-1] INFO  server.RaftServerConfigKeys (ConfUtils.java:logGet(43)) - raft.server.rpc.timeout.max = 5200ms (custom)
2019-09-26 18:36:53,633 [pool-107-thread-1] INFO  server.RaftServerConfigKeys (ConfUtils.java:logGet(43)) - raft.server.rpcslowness.timeout = 120s (custom)
2019-09-26 18:36:53,633 [pool-107-thread-1] INFO  server.RaftServerConfigKeys (ConfUtils.java:logGet(43)) - raft.server.sleep.deviation.threshold = 300 (default)
2019-09-26 18:36:53,633 [pool-107-thread-1] INFO  server.RaftServerConfigKeys (ConfUtils.java:logGet(43)) - raft.server.log.appender.install.snapshot.enabled = false (custom)
2019-09-26 18:36:53,633 [pool-107-thread-1] INFO  impl.RaftServerImpl (ServerState.java:<init>(103)) - 892de89a-e065-4df4-9984-8695982985db@group-287C9A6E0F5A: ConfigurationManager, init=-1: [892de89a-e065-4df4-9984-8695982985db:192.168.151.109:38189], old=null, confs=<EMPTY_MAP>
2019-09-26 18:36:53,634 [pool-107-thread-1] INFO  server.RaftServerConfigKeys (ConfUtils.java:logGet(43)) - raft.server.storage.dir = [/workdir/hadoop-ozone/integration-test/target/test-dir/MiniOzoneClusterImpl-92b4b651-8b24-41a6-8b84-80731fec252a/datanode-8/data/ratis] (custom)
2019-09-26 18:36:53,634 [pool-107-thread-1] INFO  storage.RaftStorageDirectory (RaftStorageDirectory.java:analyzeStorage(246)) - The storage directory /workdir/hadoop-ozone/integration-test/target/test-dir/MiniOzoneClusterImpl-92b4b651-8b24-41a6-8b84-80731fec252a/datanode-8/data/ratis/5bdfe269-7d31-4c58-856c-287c9a6e0f5a does not exist. Creating ...
2019-09-26 18:36:53,659 [pool-107-thread-1] INFO  storage.RaftStorageDirectory (RaftStorageDirectory.java:tryLock(328)) - Lock on /workdir/hadoop-ozone/integration-test/target/test-dir/MiniOzoneClusterImpl-92b4b651-8b24-41a6-8b84-80731fec252a/datanode-8/data/ratis/5bdfe269-7d31-4c58-856c-287c9a6e0f5a/in_use.lock acquired by nodename 2878@pr-hdds-2162-kpcbn-4093309294
2019-09-26 18:36:53,672 [pool-107-thread-1] INFO  storage.RaftStorage (RaftStorage.java:format(72)) - Storage directory /workdir/hadoop-ozone/integration-test/target/test-dir/MiniOzoneClusterImpl-92b4b651-8b24-41a6-8b84-80731fec252a/datanode-8/data/ratis/5bdfe269-7d31-4c58-856c-287c9a6e0f5a has been successfully formatted.
2019-09-26 18:36:53,672 [pool-107-thread-1] INFO  ratis.ContainerStateMachine (ContainerStateMachine.java:loadSnapshot(230)) - group-287C9A6E0F5A: The snapshot info is null. Setting the last applied indexto:(t:0, i:~)
2019-09-26 18:36:53,672 [pool-107-thread-1] INFO  server.RaftServerConfigKeys (ConfUtils.java:logGet(43)) - raft.server.notification.no-leader.timeout = 120s (custom)
2019-09-26 18:36:53,672 [pool-107-thread-1] INFO  server.RaftServerConfigKeys (ConfUtils.java:logGet(43)) - raft.server.log.use.memory = false (default)
2019-09-26 18:36:53,672 [pool-107-thread-1] INFO  server.RaftServerConfigKeys (ConfUtils.java:logGet(43)) - raft.server.log.purge.gap = 1000000 (custom)
2019-09-26 18:36:53,673 [pool-107-thread-1] INFO  server.RaftServerConfigKeys (ConfUtils.java:logGet(43)) - raft.server.log.appender.buffer.byte-limit = 33554432 (custom)
2019-09-26 18:36:53,673 [pool-107-thread-1] INFO  server.RaftServerConfigKeys (ConfUtils.java:logGet(43)) - raft.server.log.segment.size.max = 1048576 (custom)
2019-09-26 18:36:53,673 [pool-107-thread-1] INFO  server.RaftServerConfigKeys (ConfUtils.java:logGet(43)) - raft.server.log.segment.cache.num.max = 2 (custom)
2019-09-26 18:36:53,673 [pool-107-thread-1] INFO  segmented.SegmentedRaftLogWorker (SegmentedRaftLogWorker.java:<init>(172)) - new 892de89a-e065-4df4-9984-8695982985db@group-287C9A6E0F5A-SegmentedRaftLogWorker for RaftStorage:Storage Directory /workdir/hadoop-ozone/integration-test/target/test-dir/MiniOzoneClusterImpl-92b4b651-8b24-41a6-8b84-80731fec252a/datanode-8/data/ratis/5bdfe269-7d31-4c58-856c-287c9a6e0f5a
2019-09-26 18:36:53,677 [pool-107-thread-1] INFO  server.RaftServerConfigKeys (ConfUtils.java:logGet(43)) - raft.server.log.queue.byte-limit = 2147483647 (custom)
2019-09-26 18:36:53,677 [pool-107-thread-1] INFO  server.RaftServerConfigKeys (ConfUtils.java:logGet(43)) - raft.server.log.queue.element-limit = 1024 (custom)
2019-09-26 18:36:53,677 [pool-107-thread-1] INFO  server.RaftServerConfigKeys (ConfUtils.java:logGet(43)) - raft.server.log.segment.size.max = 1048576 (custom)
2019-09-26 18:36:53,677 [pool-107-thread-1] INFO  server.RaftServerConfigKeys (ConfUtils.java:logGet(43)) - raft.server.log.preallocated.size = 16384 (custom)
2019-09-26 18:36:53,677 [pool-107-thread-1] INFO  server.RaftServerConfigKeys (ConfUtils.java:logGet(43)) - raft.server.log.write.buffer.size = 33554432 (custom)
2019-09-26 18:36:53,678 [pool-107-thread-1] INFO  server.RaftServerConfigKeys (ConfUtils.java:logGet(43)) - raft.server.log.force.sync.num = 128 (default)
2019-09-26 18:36:53,678 [pool-107-thread-1] INFO  server.RaftServerConfigKeys (ConfUtils.java:logGet(43)) - raft.server.log.statemachine.data.sync = true (default)
2019-09-26 18:36:53,678 [pool-107-thread-1] INFO  server.RaftServerConfigKeys (ConfUtils.java:logGet(43)) - raft.server.log.statemachine.data.sync.timeout = 10s (default)
2019-09-26 18:36:53,678 [pool-107-thread-1] INFO  server.RaftServerConfigKeys (ConfUtils.java:logGet(43)) - raft.server.log.statemachine.data.sync.timeout.retry = -1 (default)
2019-09-26 18:36:53,678 [pool-107-thread-1] INFO  server.RaftServerConfigKeys (ConfUtils.java:logGet(43)) - raft.server.log.statemachine.data.caching.enabled = true (custom)
2019-09-26 18:36:53,679 [pool-107-thread-1] INFO  segmented.SegmentedRaftLogWorker (SegmentedRaftLogWorker.java:lambda$new$0(132)) - 892de89a-e065-4df4-9984-8695982985db@group-287C9A6E0F5A-SegmentedRaftLogWorker: flushIndex: setUnconditionally 0 -> -1
2019-09-26 18:36:53,679 [pool-107-thread-1] INFO  server.RaftServerConfigKeys (ConfUtils.java:logGet(43)) - raft.server.snapshot.auto.trigger.enabled = true (custom)
2019-09-26 18:36:53,679 [pool-107-thread-1] INFO  server.RaftServerConfigKeys (ConfUtils.java:logGet(43)) - raft.server.snapshot.auto.trigger.threshold = 10000 (custom)
2019-09-26 18:36:53,679 [pool-107-thread-1] INFO  server.RaftServerConfigKeys (ConfUtils.java:logGet(43)) - raft.server.snapshot.retention.num.files = 5 (custom)
2019-09-26 18:36:53,680 [pool-107-thread-1] INFO  server.RaftServerConfigKeys (ConfUtils.java:logGet(43)) - raft.server.retrycache.expirytime = 600000ms (custom)
2019-09-26 18:36:53,683 [pool-107-thread-1] INFO  impl.RaftServerImpl (RaftServerImpl.java:start(185)) - 892de89a-e065-4df4-9984-8695982985db@group-287C9A6E0F5A: start as a follower, conf=-1: [892de89a-e065-4df4-9984-8695982985db:192.168.151.109:38189], old=null
2019-09-26 18:36:53,683 [pool-107-thread-1] INFO  impl.RaftServerImpl (RaftServerImpl.java:setRole(174)) - 892de89a-e065-4df4-9984-8695982985db@group-287C9A6E0F5A: changes role from      null to FOLLOWER at term 0 for startAsFollower
2019-09-26 18:36:53,683 [pool-107-thread-1] INFO  impl.RoleInfo (RoleInfo.java:updateAndGet(143)) - 892de89a-e065-4df4-9984-8695982985db: start FollowerState
2019-09-26 18:36:53,683 [pool-107-thread-1] INFO  util.JmxRegister (JmxRegister.java:tryRegister(44)) - Successfully registered JMX Bean with object name Ratis:service=RaftServer,group=group-287C9A6E0F5A,id=892de89a-e065-4df4-9984-8695982985db
2019-09-26 18:36:53,699 [RatisPipelineUtilsThread] INFO  pipeline.PipelineStateManager (PipelineStateManager.java:addPipeline(56)) - Created pipeline Pipeline[ Id: 5bdfe269-7d31-4c58-856c-287c9a6e0f5a, Nodes: 892de89a-e065-4df4-9984-8695982985db{ip: 192.168.151.109, host: pr-hdds-2162-kpcbn-4093309294, networkLocation: /default-rack, certSerialId: null}, Type:RATIS, Factor:ONE, State:OPEN]
2019-09-26 18:36:53,720 [grpc-default-executor-0] INFO  impl.RaftServerProxy (RaftServerProxy.java:addNew(89)) - 00c41e76-79a8-40eb-9119-484acb6de979: addNew group-CCA7B6134C84:[00c41e76-79a8-40eb-9119-484acb6de979:192.168.151.109:40316] returns group-CCA7B6134C84:java.util.concurrent.CompletableFuture@6e35b289[Not completed]
2019-09-26 18:36:53,728 [pool-47-thread-1] INFO  impl.RaftServerImpl (RaftServerImpl.java:<init>(95)) - 00c41e76-79a8-40eb-9119-484acb6de979: new RaftServerImpl for group-CCA7B6134C84:[00c41e76-79a8-40eb-9119-484acb6de979:192.168.151.109:40316] with ContainerStateMachine:uninitialized
2019-09-26 18:36:53,728 [pool-47-thread-1] INFO  server.RaftServerConfigKeys (ConfUtils.java:logGet(43)) - raft.server.rpc.timeout.min = 5s (custom)
2019-09-26 18:36:53,728 [pool-47-thread-1] INFO  server.RaftServerConfigKeys (ConfUtils.java:logGet(43)) - raft.server.rpc.timeout.max = 5200ms (custom)
2019-09-26 18:36:53,728 [pool-47-thread-1] INFO  server.RaftServerConfigKeys (ConfUtils.java:logGet(43)) - raft.server.rpcslowness.timeout = 120s (custom)
2019-09-26 18:36:53,729 [pool-47-thread-1] INFO  server.RaftServerConfigKeys (ConfUtils.java:logGet(43)) - raft.server.sleep.deviation.threshold = 300 (default)
2019-09-26 18:36:53,729 [pool-47-thread-1] INFO  server.RaftServerConfigKeys (ConfUtils.java:logGet(43)) - raft.server.log.appender.install.snapshot.enabled = false (custom)
2019-09-26 18:36:53,729 [pool-47-thread-1] INFO  impl.RaftServerImpl (ServerState.java:<init>(103)) - 00c41e76-79a8-40eb-9119-484acb6de979@group-CCA7B6134C84: ConfigurationManager, init=-1: [00c41e76-79a8-40eb-9119-484acb6de979:192.168.151.109:40316], old=null, confs=<EMPTY_MAP>
2019-09-26 18:36:53,729 [pool-47-thread-1] INFO  server.RaftServerConfigKeys (ConfUtils.java:logGet(43)) - raft.server.storage.dir = [/workdir/hadoop-ozone/integration-test/target/test-dir/MiniOzoneClusterImpl-92b4b651-8b24-41a6-8b84-80731fec252a/datanode-2/data/ratis] (custom)
2019-09-26 18:36:53,729 [pool-47-thread-1] INFO  storage.RaftStorageDirectory (RaftStorageDirectory.java:analyzeStorage(246)) - The storage directory /workdir/hadoop-ozone/integration-test/target/test-dir/MiniOzoneClusterImpl-92b4b651-8b24-41a6-8b84-80731fec252a/datanode-2/data/ratis/5e5801b4-0cc5-4ad5-b660-cca7b6134c84 does not exist. Creating ...
2019-09-26 18:36:53,742 [pool-47-thread-1] INFO  storage.RaftStorageDirectory (RaftStorageDirectory.java:tryLock(328)) - Lock on /workdir/hadoop-ozone/integration-test/target/test-dir/MiniOzoneClusterImpl-92b4b651-8b24-41a6-8b84-80731fec252a/datanode-2/data/ratis/5e5801b4-0cc5-4ad5-b660-cca7b6134c84/in_use.lock acquired by nodename 2878@pr-hdds-2162-kpcbn-4093309294
2019-09-26 18:36:53,755 [pool-47-thread-1] INFO  storage.RaftStorage (RaftStorage.java:format(72)) - Storage directory /workdir/hadoop-ozone/integration-test/target/test-dir/MiniOzoneClusterImpl-92b4b651-8b24-41a6-8b84-80731fec252a/datanode-2/data/ratis/5e5801b4-0cc5-4ad5-b660-cca7b6134c84 has been successfully formatted.
2019-09-26 18:36:53,755 [pool-47-thread-1] INFO  ratis.ContainerStateMachine (ContainerStateMachine.java:loadSnapshot(230)) - group-CCA7B6134C84: The snapshot info is null. Setting the last applied indexto:(t:0, i:~)
2019-09-26 18:36:53,756 [pool-47-thread-1] INFO  server.RaftServerConfigKeys (ConfUtils.java:logGet(43)) - raft.server.notification.no-leader.timeout = 120s (custom)
2019-09-26 18:36:53,756 [pool-47-thread-1] INFO  server.RaftServerConfigKeys (ConfUtils.java:logGet(43)) - raft.server.log.use.memory = false (default)
2019-09-26 18:36:53,756 [pool-47-thread-1] INFO  server.RaftServerConfigKeys (ConfUtils.java:logGet(43)) - raft.server.log.purge.gap = 1000000 (custom)
2019-09-26 18:36:53,756 [pool-47-thread-1] INFO  server.RaftServerConfigKeys (ConfUtils.java:logGet(43)) - raft.server.log.appender.buffer.byte-limit = 33554432 (custom)
2019-09-26 18:36:53,756 [pool-47-thread-1] INFO  server.RaftServerConfigKeys (ConfUtils.java:logGet(43)) - raft.server.log.segment.size.max = 1048576 (custom)
2019-09-26 18:36:53,756 [pool-47-thread-1] INFO  server.RaftServerConfigKeys (ConfUtils.java:logGet(43)) - raft.server.log.segment.cache.num.max = 2 (custom)
2019-09-26 18:36:53,757 [pool-47-thread-1] INFO  segmented.SegmentedRaftLogWorker (SegmentedRaftLogWorker.java:<init>(172)) - new 00c41e76-79a8-40eb-9119-484acb6de979@group-CCA7B6134C84-SegmentedRaftLogWorker for RaftStorage:Storage Directory /workdir/hadoop-ozone/integration-test/target/test-dir/MiniOzoneClusterImpl-92b4b651-8b24-41a6-8b84-80731fec252a/datanode-2/data/ratis/5e5801b4-0cc5-4ad5-b660-cca7b6134c84
2019-09-26 18:36:53,760 [pool-47-thread-1] INFO  server.RaftServerConfigKeys (ConfUtils.java:logGet(43)) - raft.server.log.queue.byte-limit = 2147483647 (custom)
2019-09-26 18:36:53,760 [pool-47-thread-1] INFO  server.RaftServerConfigKeys (ConfUtils.java:logGet(43)) - raft.server.log.queue.element-limit = 1024 (custom)
2019-09-26 18:36:53,760 [pool-47-thread-1] INFO  server.RaftServerConfigKeys (ConfUtils.java:logGet(43)) - raft.server.log.segment.size.max = 1048576 (custom)
2019-09-26 18:36:53,760 [pool-47-thread-1] INFO  server.RaftServerConfigKeys (ConfUtils.java:logGet(43)) - raft.server.log.preallocated.size = 16384 (custom)
2019-09-26 18:36:53,761 [pool-47-thread-1] INFO  server.RaftServerConfigKeys (ConfUtils.java:logGet(43)) - raft.server.log.write.buffer.size = 33554432 (custom)
2019-09-26 18:36:53,761 [pool-47-thread-1] INFO  server.RaftServerConfigKeys (ConfUtils.java:logGet(43)) - raft.server.log.force.sync.num = 128 (default)
2019-09-26 18:36:53,761 [pool-47-thread-1] INFO  server.RaftServerConfigKeys (ConfUtils.java:logGet(43)) - raft.server.log.statemachine.data.sync = true (default)
2019-09-26 18:36:53,761 [pool-47-thread-1] INFO  server.RaftServerConfigKeys (ConfUtils.java:logGet(43)) - raft.server.log.statemachine.data.sync.timeout = 10s (default)
2019-09-26 18:36:53,761 [pool-47-thread-1] INFO  server.RaftServerConfigKeys (ConfUtils.java:logGet(43)) - raft.server.log.statemachine.data.sync.timeout.retry = -1 (default)
2019-09-26 18:36:53,762 [pool-47-thread-1] INFO  server.RaftServerConfigKeys (ConfUtils.java:logGet(43)) - raft.server.log.statemachine.data.caching.enabled = true (custom)
2019-09-26 18:36:53,762 [pool-47-thread-1] INFO  segmented.SegmentedRaftLogWorker (SegmentedRaftLogWorker.java:lambda$new$0(132)) - 00c41e76-79a8-40eb-9119-484acb6de979@group-CCA7B6134C84-SegmentedRaftLogWorker: flushIndex: setUnconditionally 0 -> -1
2019-09-26 18:36:53,762 [pool-47-thread-1] INFO  server.RaftServerConfigKeys (ConfUtils.java:logGet(43)) - raft.server.snapshot.auto.trigger.enabled = true (custom)
2019-09-26 18:36:53,762 [pool-47-thread-1] INFO  server.RaftServerConfigKeys (ConfUtils.java:logGet(43)) - raft.server.snapshot.auto.trigger.threshold = 10000 (custom)
2019-09-26 18:36:53,763 [pool-47-thread-1] INFO  server.RaftServerConfigKeys (ConfUtils.java:logGet(43)) - raft.server.snapshot.retention.num.files = 5 (custom)
2019-09-26 18:36:53,763 [pool-47-thread-1] INFO  server.RaftServerConfigKeys (ConfUtils.java:logGet(43)) - raft.server.retrycache.expirytime = 600000ms (custom)
2019-09-26 18:36:53,766 [pool-47-thread-1] INFO  impl.RaftServerImpl (RaftServerImpl.java:start(185)) - 00c41e76-79a8-40eb-9119-484acb6de979@group-CCA7B6134C84: start as a follower, conf=-1: [00c41e76-79a8-40eb-9119-484acb6de979:192.168.151.109:40316], old=null
2019-09-26 18:36:53,766 [pool-47-thread-1] INFO  impl.RaftServerImpl (RaftServerImpl.java:setRole(174)) - 00c41e76-79a8-40eb-9119-484acb6de979@group-CCA7B6134C84: changes role from      null to FOLLOWER at term 0 for startAsFollower
2019-09-26 18:36:53,766 [pool-47-thread-1] INFO  impl.RoleInfo (RoleInfo.java:updateAndGet(143)) - 00c41e76-79a8-40eb-9119-484acb6de979: start FollowerState
2019-09-26 18:36:53,766 [pool-47-thread-1] INFO  util.JmxRegister (JmxRegister.java:tryRegister(44)) - Successfully registered JMX Bean with object name Ratis:service=RaftServer,group=group-CCA7B6134C84,id=00c41e76-79a8-40eb-9119-484acb6de979
2019-09-26 18:36:53,787 [RatisPipelineUtilsThread] INFO  pipeline.PipelineStateManager (PipelineStateManager.java:addPipeline(56)) - Created pipeline Pipeline[ Id: 5e5801b4-0cc5-4ad5-b660-cca7b6134c84, Nodes: 00c41e76-79a8-40eb-9119-484acb6de979{ip: 192.168.151.109, host: pr-hdds-2162-kpcbn-4093309294, networkLocation: /default-rack, certSerialId: null}, Type:RATIS, Factor:ONE, State:OPEN]
2019-09-26 18:36:53,808 [grpc-default-executor-0] INFO  impl.RaftServerProxy (RaftServerProxy.java:addNew(89)) - bf3c4117-d6f7-43a2-8fa2-683a0803af33: addNew group-D1DD16E129B0:[bf3c4117-d6f7-43a2-8fa2-683a0803af33:192.168.151.109:33211] returns group-D1DD16E129B0:java.util.concurrent.CompletableFuture@3f82e371[Not completed]
2019-09-26 18:36:53,813 [pool-97-thread-1] INFO  impl.RaftServerImpl (RaftServerImpl.java:<init>(95)) - bf3c4117-d6f7-43a2-8fa2-683a0803af33: new RaftServerImpl for group-D1DD16E129B0:[bf3c4117-d6f7-43a2-8fa2-683a0803af33:192.168.151.109:33211] with ContainerStateMachine:uninitialized
2019-09-26 18:36:53,814 [pool-97-thread-1] INFO  server.RaftServerConfigKeys (ConfUtils.java:logGet(43)) - raft.server.rpc.timeout.min = 5s (custom)
2019-09-26 18:36:53,814 [pool-97-thread-1] INFO  server.RaftServerConfigKeys (ConfUtils.java:logGet(43)) - raft.server.rpc.timeout.max = 5200ms (custom)
2019-09-26 18:36:53,814 [pool-97-thread-1] INFO  server.RaftServerConfigKeys (ConfUtils.java:logGet(43)) - raft.server.rpcslowness.timeout = 120s (custom)
2019-09-26 18:36:53,814 [pool-97-thread-1] INFO  server.RaftServerConfigKeys (ConfUtils.java:logGet(43)) - raft.server.sleep.deviation.threshold = 300 (default)
2019-09-26 18:36:53,814 [pool-97-thread-1] INFO  server.RaftServerConfigKeys (ConfUtils.java:logGet(43)) - raft.server.log.appender.install.snapshot.enabled = false (custom)
2019-09-26 18:36:53,814 [pool-97-thread-1] INFO  impl.RaftServerImpl (ServerState.java:<init>(103)) - bf3c4117-d6f7-43a2-8fa2-683a0803af33@group-D1DD16E129B0: ConfigurationManager, init=-1: [bf3c4117-d6f7-43a2-8fa2-683a0803af33:192.168.151.109:33211], old=null, confs=<EMPTY_MAP>
2019-09-26 18:36:53,815 [pool-97-thread-1] INFO  server.RaftServerConfigKeys (ConfUtils.java:logGet(43)) - raft.server.storage.dir = [/workdir/hadoop-ozone/integration-test/target/test-dir/MiniOzoneClusterImpl-92b4b651-8b24-41a6-8b84-80731fec252a/datanode-7/data/ratis] (custom)
2019-09-26 18:36:53,815 [pool-97-thread-1] INFO  storage.RaftStorageDirectory (RaftStorageDirectory.java:analyzeStorage(246)) - The storage directory /workdir/hadoop-ozone/integration-test/target/test-dir/MiniOzoneClusterImpl-92b4b651-8b24-41a6-8b84-80731fec252a/datanode-7/data/ratis/e8eca38f-c1bf-403b-b811-d1dd16e129b0 does not exist. Creating ...
2019-09-26 18:36:53,828 [pool-97-thread-1] INFO  storage.RaftStorageDirectory (RaftStorageDirectory.java:tryLock(328)) - Lock on /workdir/hadoop-ozone/integration-test/target/test-dir/MiniOzoneClusterImpl-92b4b651-8b24-41a6-8b84-80731fec252a/datanode-7/data/ratis/e8eca38f-c1bf-403b-b811-d1dd16e129b0/in_use.lock acquired by nodename 2878@pr-hdds-2162-kpcbn-4093309294
2019-09-26 18:36:53,846 [pool-97-thread-1] INFO  storage.RaftStorage (RaftStorage.java:format(72)) - Storage directory /workdir/hadoop-ozone/integration-test/target/test-dir/MiniOzoneClusterImpl-92b4b651-8b24-41a6-8b84-80731fec252a/datanode-7/data/ratis/e8eca38f-c1bf-403b-b811-d1dd16e129b0 has been successfully formatted.
2019-09-26 18:36:53,846 [pool-97-thread-1] INFO  ratis.ContainerStateMachine (ContainerStateMachine.java:loadSnapshot(230)) - group-D1DD16E129B0: The snapshot info is null. Setting the last applied indexto:(t:0, i:~)
2019-09-26 18:36:53,847 [pool-97-thread-1] INFO  server.RaftServerConfigKeys (ConfUtils.java:logGet(43)) - raft.server.notification.no-leader.timeout = 120s (custom)
2019-09-26 18:36:53,847 [pool-97-thread-1] INFO  server.RaftServerConfigKeys (ConfUtils.java:logGet(43)) - raft.server.log.use.memory = false (default)
2019-09-26 18:36:53,847 [pool-97-thread-1] INFO  server.RaftServerConfigKeys (ConfUtils.java:logGet(43)) - raft.server.log.purge.gap = 1000000 (custom)
2019-09-26 18:36:53,847 [pool-97-thread-1] INFO  server.RaftServerConfigKeys (ConfUtils.java:logGet(43)) - raft.server.log.appender.buffer.byte-limit = 33554432 (custom)
2019-09-26 18:36:53,847 [pool-97-thread-1] INFO  server.RaftServerConfigKeys (ConfUtils.java:logGet(43)) - raft.server.log.segment.size.max = 1048576 (custom)
2019-09-26 18:36:53,848 [pool-97-thread-1] INFO  server.RaftServerConfigKeys (ConfUtils.java:logGet(43)) - raft.server.log.segment.cache.num.max = 2 (custom)
2019-09-26 18:36:53,848 [pool-97-thread-1] INFO  segmented.SegmentedRaftLogWorker (SegmentedRaftLogWorker.java:<init>(172)) - new bf3c4117-d6f7-43a2-8fa2-683a0803af33@group-D1DD16E129B0-SegmentedRaftLogWorker for RaftStorage:Storage Directory /workdir/hadoop-ozone/integration-test/target/test-dir/MiniOzoneClusterImpl-92b4b651-8b24-41a6-8b84-80731fec252a/datanode-7/data/ratis/e8eca38f-c1bf-403b-b811-d1dd16e129b0
2019-09-26 18:36:53,852 [pool-97-thread-1] INFO  server.RaftServerConfigKeys (ConfUtils.java:logGet(43)) - raft.server.log.queue.byte-limit = 2147483647 (custom)
2019-09-26 18:36:53,852 [main] INFO  ozone.MiniOzoneClusterImpl (MiniOzoneClusterImpl.java:lambda$waitForClusterToBeReady$0(147)) - Cluster is ready. Got 10 of 10 DN Heartbeats.
2019-09-26 18:36:53,852 [pool-97-thread-1] INFO  server.RaftServerConfigKeys (ConfUtils.java:logGet(43)) - raft.server.log.queue.element-limit = 1024 (custom)
2019-09-26 18:36:53,852 [pool-97-thread-1] INFO  server.RaftServerConfigKeys (ConfUtils.java:logGet(43)) - raft.server.log.segment.size.max = 1048576 (custom)
2019-09-26 18:36:53,852 [pool-97-thread-1] INFO  server.RaftServerConfigKeys (ConfUtils.java:logGet(43)) - raft.server.log.preallocated.size = 16384 (custom)
2019-09-26 18:36:53,853 [pool-97-thread-1] INFO  server.RaftServerConfigKeys (ConfUtils.java:logGet(43)) - raft.server.log.write.buffer.size = 33554432 (custom)
2019-09-26 18:36:53,853 [pool-97-thread-1] INFO  server.RaftServerConfigKeys (ConfUtils.java:logGet(43)) - raft.server.log.force.sync.num = 128 (default)
2019-09-26 18:36:53,853 [pool-97-thread-1] INFO  server.RaftServerConfigKeys (ConfUtils.java:logGet(43)) - raft.server.log.statemachine.data.sync = true (default)
2019-09-26 18:36:53,853 [pool-97-thread-1] INFO  server.RaftServerConfigKeys (ConfUtils.java:logGet(43)) - raft.server.log.statemachine.data.sync.timeout = 10s (default)
2019-09-26 18:36:53,853 [pool-97-thread-1] INFO  server.RaftServerConfigKeys (ConfUtils.java:logGet(43)) - raft.server.log.statemachine.data.sync.timeout.retry = -1 (default)
2019-09-26 18:36:53,854 [pool-97-thread-1] INFO  server.RaftServerConfigKeys (ConfUtils.java:logGet(43)) - raft.server.log.statemachine.data.caching.enabled = true (custom)
2019-09-26 18:36:53,854 [pool-97-thread-1] INFO  segmented.SegmentedRaftLogWorker (SegmentedRaftLogWorker.java:lambda$new$0(132)) - bf3c4117-d6f7-43a2-8fa2-683a0803af33@group-D1DD16E129B0-SegmentedRaftLogWorker: flushIndex: setUnconditionally 0 -> -1
2019-09-26 18:36:53,855 [pool-97-thread-1] INFO  server.RaftServerConfigKeys (ConfUtils.java:logGet(43)) - raft.server.snapshot.auto.trigger.enabled = true (custom)
2019-09-26 18:36:53,855 [pool-97-thread-1] INFO  server.RaftServerConfigKeys (ConfUtils.java:logGet(43)) - raft.server.snapshot.auto.trigger.threshold = 10000 (custom)
2019-09-26 18:36:53,855 [pool-97-thread-1] INFO  server.RaftServerConfigKeys (ConfUtils.java:logGet(43)) - raft.server.snapshot.retention.num.files = 5 (custom)
2019-09-26 18:36:53,855 [pool-97-thread-1] INFO  server.RaftServerConfigKeys (ConfUtils.java:logGet(43)) - raft.server.retrycache.expirytime = 600000ms (custom)
2019-09-26 18:36:53,859 [pool-97-thread-1] INFO  impl.RaftServerImpl (RaftServerImpl.java:start(185)) - bf3c4117-d6f7-43a2-8fa2-683a0803af33@group-D1DD16E129B0: start as a follower, conf=-1: [bf3c4117-d6f7-43a2-8fa2-683a0803af33:192.168.151.109:33211], old=null
2019-09-26 18:36:53,859 [pool-97-thread-1] INFO  impl.RaftServerImpl (RaftServerImpl.java:setRole(174)) - bf3c4117-d6f7-43a2-8fa2-683a0803af33@group-D1DD16E129B0: changes role from      null to FOLLOWER at term 0 for startAsFollower
2019-09-26 18:36:53,859 [pool-97-thread-1] INFO  impl.RoleInfo (RoleInfo.java:updateAndGet(143)) - bf3c4117-d6f7-43a2-8fa2-683a0803af33: start FollowerState
2019-09-26 18:36:53,861 [pool-97-thread-1] INFO  util.JmxRegister (JmxRegister.java:tryRegister(44)) - Successfully registered JMX Bean with object name Ratis:service=RaftServer,group=group-D1DD16E129B0,id=bf3c4117-d6f7-43a2-8fa2-683a0803af33
2019-09-26 18:36:53,875 [RatisPipelineUtilsThread] INFO  pipeline.PipelineStateManager (PipelineStateManager.java:addPipeline(56)) - Created pipeline Pipeline[ Id: e8eca38f-c1bf-403b-b811-d1dd16e129b0, Nodes: bf3c4117-d6f7-43a2-8fa2-683a0803af33{ip: 192.168.151.109, host: pr-hdds-2162-kpcbn-4093309294, networkLocation: /default-rack, certSerialId: null}, Type:RATIS, Factor:ONE, State:OPEN]
2019-09-26 18:36:53,892 [grpc-default-executor-0] INFO  impl.RaftServerProxy (RaftServerProxy.java:addNew(89)) - 940aeb20-161d-40ce-b26e-b994753f5674: addNew group-C437C1235EA3:[940aeb20-161d-40ce-b26e-b994753f5674:192.168.151.109:34442] returns group-C437C1235EA3:java.util.concurrent.CompletableFuture@4143fe76[Not completed]
2019-09-26 18:36:53,897 [pool-37-thread-1] INFO  impl.RaftServerImpl (RaftServerImpl.java:<init>(95)) - 940aeb20-161d-40ce-b26e-b994753f5674: new RaftServerImpl for group-C437C1235EA3:[940aeb20-161d-40ce-b26e-b994753f5674:192.168.151.109:34442] with ContainerStateMachine:uninitialized
2019-09-26 18:36:53,897 [pool-37-thread-1] INFO  server.RaftServerConfigKeys (ConfUtils.java:logGet(43)) - raft.server.rpc.timeout.min = 5s (custom)
2019-09-26 18:36:53,897 [pool-37-thread-1] INFO  server.RaftServerConfigKeys (ConfUtils.java:logGet(43)) - raft.server.rpc.timeout.max = 5200ms (custom)
2019-09-26 18:36:53,897 [pool-37-thread-1] INFO  server.RaftServerConfigKeys (ConfUtils.java:logGet(43)) - raft.server.rpcslowness.timeout = 120s (custom)
2019-09-26 18:36:53,897 [pool-37-thread-1] INFO  server.RaftServerConfigKeys (ConfUtils.java:logGet(43)) - raft.server.sleep.deviation.threshold = 300 (default)
2019-09-26 18:36:53,897 [pool-37-thread-1] INFO  server.RaftServerConfigKeys (ConfUtils.java:logGet(43)) - raft.server.log.appender.install.snapshot.enabled = false (custom)
2019-09-26 18:36:53,898 [pool-37-thread-1] INFO  impl.RaftServerImpl (ServerState.java:<init>(103)) - 940aeb20-161d-40ce-b26e-b994753f5674@group-C437C1235EA3: ConfigurationManager, init=-1: [940aeb20-161d-40ce-b26e-b994753f5674:192.168.151.109:34442], old=null, confs=<EMPTY_MAP>
2019-09-26 18:36:53,898 [pool-37-thread-1] INFO  server.RaftServerConfigKeys (ConfUtils.java:logGet(43)) - raft.server.storage.dir = [/workdir/hadoop-ozone/integration-test/target/test-dir/MiniOzoneClusterImpl-92b4b651-8b24-41a6-8b84-80731fec252a/datanode-1/data/ratis] (custom)
2019-09-26 18:36:53,898 [pool-37-thread-1] INFO  storage.RaftStorageDirectory (RaftStorageDirectory.java:analyzeStorage(246)) - The storage directory /workdir/hadoop-ozone/integration-test/target/test-dir/MiniOzoneClusterImpl-92b4b651-8b24-41a6-8b84-80731fec252a/datanode-1/data/ratis/5a36b81b-5760-4e19-91d6-c437c1235ea3 does not exist. Creating ...
2019-09-26 18:36:53,904 [pool-37-thread-1] INFO  storage.RaftStorageDirectory (RaftStorageDirectory.java:tryLock(328)) - Lock on /workdir/hadoop-ozone/integration-test/target/test-dir/MiniOzoneClusterImpl-92b4b651-8b24-41a6-8b84-80731fec252a/datanode-1/data/ratis/5a36b81b-5760-4e19-91d6-c437c1235ea3/in_use.lock acquired by nodename 2878@pr-hdds-2162-kpcbn-4093309294
2019-09-26 18:36:53,917 [pool-37-thread-1] INFO  storage.RaftStorage (RaftStorage.java:format(72)) - Storage directory /workdir/hadoop-ozone/integration-test/target/test-dir/MiniOzoneClusterImpl-92b4b651-8b24-41a6-8b84-80731fec252a/datanode-1/data/ratis/5a36b81b-5760-4e19-91d6-c437c1235ea3 has been successfully formatted.
2019-09-26 18:36:53,919 [pool-37-thread-1] INFO  ratis.ContainerStateMachine (ContainerStateMachine.java:loadSnapshot(230)) - group-C437C1235EA3: The snapshot info is null. Setting the last applied indexto:(t:0, i:~)
2019-09-26 18:36:53,919 [pool-37-thread-1] INFO  server.RaftServerConfigKeys (ConfUtils.java:logGet(43)) - raft.server.notification.no-leader.timeout = 120s (custom)
2019-09-26 18:36:53,919 [pool-37-thread-1] INFO  server.RaftServerConfigKeys (ConfUtils.java:logGet(43)) - raft.server.log.use.memory = false (default)
2019-09-26 18:36:53,919 [pool-37-thread-1] INFO  server.RaftServerConfigKeys (ConfUtils.java:logGet(43)) - raft.server.log.purge.gap = 1000000 (custom)
2019-09-26 18:36:53,919 [pool-37-thread-1] INFO  server.RaftServerConfigKeys (ConfUtils.java:logGet(43)) - raft.server.log.appender.buffer.byte-limit = 33554432 (custom)
2019-09-26 18:36:53,920 [pool-37-thread-1] INFO  server.RaftServerConfigKeys (ConfUtils.java:logGet(43)) - raft.server.log.segment.size.max = 1048576 (custom)
2019-09-26 18:36:53,920 [pool-37-thread-1] INFO  server.RaftServerConfigKeys (ConfUtils.java:logGet(43)) - raft.server.log.segment.cache.num.max = 2 (custom)
2019-09-26 18:36:53,920 [pool-37-thread-1] INFO  segmented.SegmentedRaftLogWorker (SegmentedRaftLogWorker.java:<init>(172)) - new 940aeb20-161d-40ce-b26e-b994753f5674@group-C437C1235EA3-SegmentedRaftLogWorker for RaftStorage:Storage Directory /workdir/hadoop-ozone/integration-test/target/test-dir/MiniOzoneClusterImpl-92b4b651-8b24-41a6-8b84-80731fec252a/datanode-1/data/ratis/5a36b81b-5760-4e19-91d6-c437c1235ea3
2019-09-26 18:36:53,923 [pool-37-thread-1] INFO  server.RaftServerConfigKeys (ConfUtils.java:logGet(43)) - raft.server.log.queue.byte-limit = 2147483647 (custom)
2019-09-26 18:36:53,923 [pool-37-thread-1] INFO  server.RaftServerConfigKeys (ConfUtils.java:logGet(43)) - raft.server.log.queue.element-limit = 1024 (custom)
2019-09-26 18:36:53,923 [pool-37-thread-1] INFO  server.RaftServerConfigKeys (ConfUtils.java:logGet(43)) - raft.server.log.segment.size.max = 1048576 (custom)
2019-09-26 18:36:53,923 [pool-37-thread-1] INFO  server.RaftServerConfigKeys (ConfUtils.java:logGet(43)) - raft.server.log.preallocated.size = 16384 (custom)
2019-09-26 18:36:53,924 [pool-37-thread-1] INFO  server.RaftServerConfigKeys (ConfUtils.java:logGet(43)) - raft.server.log.write.buffer.size = 33554432 (custom)
2019-09-26 18:36:53,924 [pool-37-thread-1] INFO  server.RaftServerConfigKeys (ConfUtils.java:logGet(43)) - raft.server.log.force.sync.num = 128 (default)
2019-09-26 18:36:53,924 [pool-37-thread-1] INFO  server.RaftServerConfigKeys (ConfUtils.java:logGet(43)) - raft.server.log.statemachine.data.sync = true (default)
2019-09-26 18:36:53,924 [pool-37-thread-1] INFO  server.RaftServerConfigKeys (ConfUtils.java:logGet(43)) - raft.server.log.statemachine.data.sync.timeout = 10s (default)
2019-09-26 18:36:53,924 [pool-37-thread-1] INFO  server.RaftServerConfigKeys (ConfUtils.java:logGet(43)) - raft.server.log.statemachine.data.sync.timeout.retry = -1 (default)
2019-09-26 18:36:53,924 [pool-37-thread-1] INFO  server.RaftServerConfigKeys (ConfUtils.java:logGet(43)) - raft.server.log.statemachine.data.caching.enabled = true (custom)
2019-09-26 18:36:53,925 [pool-37-thread-1] INFO  segmented.SegmentedRaftLogWorker (SegmentedRaftLogWorker.java:lambda$new$0(132)) - 940aeb20-161d-40ce-b26e-b994753f5674@group-C437C1235EA3-SegmentedRaftLogWorker: flushIndex: setUnconditionally 0 -> -1
2019-09-26 18:36:53,925 [pool-37-thread-1] INFO  server.RaftServerConfigKeys (ConfUtils.java:logGet(43)) - raft.server.snapshot.auto.trigger.enabled = true (custom)
2019-09-26 18:36:53,925 [pool-37-thread-1] INFO  server.RaftServerConfigKeys (ConfUtils.java:logGet(43)) - raft.server.snapshot.auto.trigger.threshold = 10000 (custom)
2019-09-26 18:36:53,925 [pool-37-thread-1] INFO  server.RaftServerConfigKeys (ConfUtils.java:logGet(43)) - raft.server.snapshot.retention.num.files = 5 (custom)
2019-09-26 18:36:53,925 [pool-37-thread-1] INFO  server.RaftServerConfigKeys (ConfUtils.java:logGet(43)) - raft.server.retrycache.expirytime = 600000ms (custom)
2019-09-26 18:36:53,927 [pool-37-thread-1] INFO  impl.RaftServerImpl (RaftServerImpl.java:start(185)) - 940aeb20-161d-40ce-b26e-b994753f5674@group-C437C1235EA3: start as a follower, conf=-1: [940aeb20-161d-40ce-b26e-b994753f5674:192.168.151.109:34442], old=null
2019-09-26 18:36:53,928 [pool-37-thread-1] INFO  impl.RaftServerImpl (RaftServerImpl.java:setRole(174)) - 940aeb20-161d-40ce-b26e-b994753f5674@group-C437C1235EA3: changes role from      null to FOLLOWER at term 0 for startAsFollower
2019-09-26 18:36:53,928 [pool-37-thread-1] INFO  impl.RoleInfo (RoleInfo.java:updateAndGet(143)) - 940aeb20-161d-40ce-b26e-b994753f5674: start FollowerState
2019-09-26 18:36:53,928 [pool-37-thread-1] INFO  util.JmxRegister (JmxRegister.java:tryRegister(44)) - Successfully registered JMX Bean with object name Ratis:service=RaftServer,group=group-C437C1235EA3,id=940aeb20-161d-40ce-b26e-b994753f5674
2019-09-26 18:36:53,942 [RatisPipelineUtilsThread] INFO  pipeline.PipelineStateManager (PipelineStateManager.java:addPipeline(56)) - Created pipeline Pipeline[ Id: 5a36b81b-5760-4e19-91d6-c437c1235ea3, Nodes: 940aeb20-161d-40ce-b26e-b994753f5674{ip: 192.168.151.109, host: pr-hdds-2162-kpcbn-4093309294, networkLocation: /default-rack, certSerialId: null}, Type:RATIS, Factor:ONE, State:OPEN]
2019-09-26 18:36:53,966 [grpc-default-executor-0] INFO  impl.RaftServerProxy (RaftServerProxy.java:addNew(89)) - 89e89465-9fce-4c3b-a1bc-18cf0cb439b7: addNew group-C0FD4DB3A560:[89e89465-9fce-4c3b-a1bc-18cf0cb439b7:192.168.151.109:33450] returns group-C0FD4DB3A560:java.util.concurrent.CompletableFuture@3b2e7fe3[Not completed]
2019-09-26 18:36:53,975 [pool-117-thread-1] INFO  impl.RaftServerImpl (RaftServerImpl.java:<init>(95)) - 89e89465-9fce-4c3b-a1bc-18cf0cb439b7: new RaftServerImpl for group-C0FD4DB3A560:[89e89465-9fce-4c3b-a1bc-18cf0cb439b7:192.168.151.109:33450] with ContainerStateMachine:uninitialized
2019-09-26 18:36:53,975 [pool-117-thread-1] INFO  server.RaftServerConfigKeys (ConfUtils.java:logGet(43)) - raft.server.rpc.timeout.min = 5s (custom)
2019-09-26 18:36:53,976 [pool-117-thread-1] INFO  server.RaftServerConfigKeys (ConfUtils.java:logGet(43)) - raft.server.rpc.timeout.max = 5200ms (custom)
2019-09-26 18:36:53,976 [pool-117-thread-1] INFO  server.RaftServerConfigKeys (ConfUtils.java:logGet(43)) - raft.server.rpcslowness.timeout = 120s (custom)
2019-09-26 18:36:53,976 [pool-117-thread-1] INFO  server.RaftServerConfigKeys (ConfUtils.java:logGet(43)) - raft.server.sleep.deviation.threshold = 300 (default)
2019-09-26 18:36:53,976 [pool-117-thread-1] INFO  server.RaftServerConfigKeys (ConfUtils.java:logGet(43)) - raft.server.log.appender.install.snapshot.enabled = false (custom)
2019-09-26 18:36:53,976 [pool-117-thread-1] INFO  impl.RaftServerImpl (ServerState.java:<init>(103)) - 89e89465-9fce-4c3b-a1bc-18cf0cb439b7@group-C0FD4DB3A560: ConfigurationManager, init=-1: [89e89465-9fce-4c3b-a1bc-18cf0cb439b7:192.168.151.109:33450], old=null, confs=<EMPTY_MAP>
2019-09-26 18:36:53,976 [pool-117-thread-1] INFO  server.RaftServerConfigKeys (ConfUtils.java:logGet(43)) - raft.server.storage.dir = [/workdir/hadoop-ozone/integration-test/target/test-dir/MiniOzoneClusterImpl-92b4b651-8b24-41a6-8b84-80731fec252a/datanode-9/data/ratis] (custom)
2019-09-26 18:36:53,976 [pool-117-thread-1] INFO  storage.RaftStorageDirectory (RaftStorageDirectory.java:analyzeStorage(246)) - The storage directory /workdir/hadoop-ozone/integration-test/target/test-dir/MiniOzoneClusterImpl-92b4b651-8b24-41a6-8b84-80731fec252a/datanode-9/data/ratis/8d92eaff-e5c0-4a61-bf15-c0fd4db3a560 does not exist. Creating ...
2019-09-26 18:36:53,989 [pool-117-thread-1] INFO  storage.RaftStorageDirectory (RaftStorageDirectory.java:tryLock(328)) - Lock on /workdir/hadoop-ozone/integration-test/target/test-dir/MiniOzoneClusterImpl-92b4b651-8b24-41a6-8b84-80731fec252a/datanode-9/data/ratis/8d92eaff-e5c0-4a61-bf15-c0fd4db3a560/in_use.lock acquired by nodename 2878@pr-hdds-2162-kpcbn-4093309294
2019-09-26 18:36:54,003 [pool-117-thread-1] INFO  storage.RaftStorage (RaftStorage.java:format(72)) - Storage directory /workdir/hadoop-ozone/integration-test/target/test-dir/MiniOzoneClusterImpl-92b4b651-8b24-41a6-8b84-80731fec252a/datanode-9/data/ratis/8d92eaff-e5c0-4a61-bf15-c0fd4db3a560 has been successfully formatted.
2019-09-26 18:36:54,004 [pool-117-thread-1] INFO  ratis.ContainerStateMachine (ContainerStateMachine.java:loadSnapshot(230)) - group-C0FD4DB3A560: The snapshot info is null. Setting the last applied indexto:(t:0, i:~)
2019-09-26 18:36:54,004 [pool-117-thread-1] INFO  server.RaftServerConfigKeys (ConfUtils.java:logGet(43)) - raft.server.notification.no-leader.timeout = 120s (custom)
2019-09-26 18:36:54,004 [pool-117-thread-1] INFO  server.RaftServerConfigKeys (ConfUtils.java:logGet(43)) - raft.server.log.use.memory = false (default)
2019-09-26 18:36:54,004 [pool-117-thread-1] INFO  server.RaftServerConfigKeys (ConfUtils.java:logGet(43)) - raft.server.log.purge.gap = 1000000 (custom)
2019-09-26 18:36:54,004 [pool-117-thread-1] INFO  server.RaftServerConfigKeys (ConfUtils.java:logGet(43)) - raft.server.log.appender.buffer.byte-limit = 33554432 (custom)
2019-09-26 18:36:54,004 [pool-117-thread-1] INFO  server.RaftServerConfigKeys (ConfUtils.java:logGet(43)) - raft.server.log.segment.size.max = 1048576 (custom)
2019-09-26 18:36:54,004 [pool-117-thread-1] INFO  server.RaftServerConfigKeys (ConfUtils.java:logGet(43)) - raft.server.log.segment.cache.num.max = 2 (custom)
2019-09-26 18:36:54,004 [pool-117-thread-1] INFO  segmented.SegmentedRaftLogWorker (SegmentedRaftLogWorker.java:<init>(172)) - new 89e89465-9fce-4c3b-a1bc-18cf0cb439b7@group-C0FD4DB3A560-SegmentedRaftLogWorker for RaftStorage:Storage Directory /workdir/hadoop-ozone/integration-test/target/test-dir/MiniOzoneClusterImpl-92b4b651-8b24-41a6-8b84-80731fec252a/datanode-9/data/ratis/8d92eaff-e5c0-4a61-bf15-c0fd4db3a560
2019-09-26 18:36:54,007 [pool-117-thread-1] INFO  server.RaftServerConfigKeys (ConfUtils.java:logGet(43)) - raft.server.log.queue.byte-limit = 2147483647 (custom)
2019-09-26 18:36:54,007 [pool-117-thread-1] INFO  server.RaftServerConfigKeys (ConfUtils.java:logGet(43)) - raft.server.log.queue.element-limit = 1024 (custom)
2019-09-26 18:36:54,007 [pool-117-thread-1] INFO  server.RaftServerConfigKeys (ConfUtils.java:logGet(43)) - raft.server.log.segment.size.max = 1048576 (custom)
2019-09-26 18:36:54,007 [pool-117-thread-1] INFO  server.RaftServerConfigKeys (ConfUtils.java:logGet(43)) - raft.server.log.preallocated.size = 16384 (custom)
2019-09-26 18:36:54,007 [pool-117-thread-1] INFO  server.RaftServerConfigKeys (ConfUtils.java:logGet(43)) - raft.server.log.write.buffer.size = 33554432 (custom)
2019-09-26 18:36:54,007 [pool-117-thread-1] INFO  server.RaftServerConfigKeys (ConfUtils.java:logGet(43)) - raft.server.log.force.sync.num = 128 (default)
2019-09-26 18:36:54,007 [pool-117-thread-1] INFO  server.RaftServerConfigKeys (ConfUtils.java:logGet(43)) - raft.server.log.statemachine.data.sync = true (default)
2019-09-26 18:36:54,008 [pool-117-thread-1] INFO  server.RaftServerConfigKeys (ConfUtils.java:logGet(43)) - raft.server.log.statemachine.data.sync.timeout = 10s (default)
2019-09-26 18:36:54,008 [pool-117-thread-1] INFO  server.RaftServerConfigKeys (ConfUtils.java:logGet(43)) - raft.server.log.statemachine.data.sync.timeout.retry = -1 (default)
2019-09-26 18:36:54,008 [pool-117-thread-1] INFO  server.RaftServerConfigKeys (ConfUtils.java:logGet(43)) - raft.server.log.statemachine.data.caching.enabled = true (custom)
2019-09-26 18:36:54,008 [pool-117-thread-1] INFO  segmented.SegmentedRaftLogWorker (SegmentedRaftLogWorker.java:lambda$new$0(132)) - 89e89465-9fce-4c3b-a1bc-18cf0cb439b7@group-C0FD4DB3A560-SegmentedRaftLogWorker: flushIndex: setUnconditionally 0 -> -1
2019-09-26 18:36:54,009 [pool-117-thread-1] INFO  server.RaftServerConfigKeys (ConfUtils.java:logGet(43)) - raft.server.snapshot.auto.trigger.enabled = true (custom)
2019-09-26 18:36:54,009 [pool-117-thread-1] INFO  server.RaftServerConfigKeys (ConfUtils.java:logGet(43)) - raft.server.snapshot.auto.trigger.threshold = 10000 (custom)
2019-09-26 18:36:54,010 [pool-117-thread-1] INFO  server.RaftServerConfigKeys (ConfUtils.java:logGet(43)) - raft.server.snapshot.retention.num.files = 5 (custom)
2019-09-26 18:36:54,010 [pool-117-thread-1] INFO  server.RaftServerConfigKeys (ConfUtils.java:logGet(43)) - raft.server.retrycache.expirytime = 600000ms (custom)
2019-09-26 18:36:54,012 [pool-117-thread-1] INFO  impl.RaftServerImpl (RaftServerImpl.java:start(185)) - 89e89465-9fce-4c3b-a1bc-18cf0cb439b7@group-C0FD4DB3A560: start as a follower, conf=-1: [89e89465-9fce-4c3b-a1bc-18cf0cb439b7:192.168.151.109:33450], old=null
2019-09-26 18:36:54,012 [pool-117-thread-1] INFO  impl.RaftServerImpl (RaftServerImpl.java:setRole(174)) - 89e89465-9fce-4c3b-a1bc-18cf0cb439b7@group-C0FD4DB3A560: changes role from      null to FOLLOWER at term 0 for startAsFollower
2019-09-26 18:36:54,012 [pool-117-thread-1] INFO  impl.RoleInfo (RoleInfo.java:updateAndGet(143)) - 89e89465-9fce-4c3b-a1bc-18cf0cb439b7: start FollowerState
2019-09-26 18:36:54,012 [pool-117-thread-1] INFO  util.JmxRegister (JmxRegister.java:tryRegister(44)) - Successfully registered JMX Bean with object name Ratis:service=RaftServer,group=group-C0FD4DB3A560,id=89e89465-9fce-4c3b-a1bc-18cf0cb439b7
2019-09-26 18:36:54,021 [RatisPipelineUtilsThread] INFO  pipeline.PipelineStateManager (PipelineStateManager.java:addPipeline(56)) - Created pipeline Pipeline[ Id: 8d92eaff-e5c0-4a61-bf15-c0fd4db3a560, Nodes: 89e89465-9fce-4c3b-a1bc-18cf0cb439b7{ip: 192.168.151.109, host: pr-hdds-2162-kpcbn-4093309294, networkLocation: /default-rack, certSerialId: null}, Type:RATIS, Factor:ONE, State:OPEN]
2019-09-26 18:36:54,051 [grpc-default-executor-1] INFO  impl.RaftServerProxy (RaftServerProxy.java:addNew(89)) - d9ddad26-0ab8-49f0-a7fe-969d04a2d023: addNew group-679C4209A422:[d9ddad26-0ab8-49f0-a7fe-969d04a2d023:192.168.151.109:36608, eadf7083-a0e2-4fdb-9f41-5b7503e65173:192.168.151.109:33418, ff546a1f-819d-426e-b61a-e2a594c97aae:192.168.151.109:45585] returns group-679C4209A422:java.util.concurrent.CompletableFuture@58dd07da[Not completed]
2019-09-26 18:36:54,051 [grpc-default-executor-0] INFO  impl.RaftServerProxy (RaftServerProxy.java:addNew(89)) - eadf7083-a0e2-4fdb-9f41-5b7503e65173: addNew group-679C4209A422:[d9ddad26-0ab8-49f0-a7fe-969d04a2d023:192.168.151.109:36608, eadf7083-a0e2-4fdb-9f41-5b7503e65173:192.168.151.109:33418, ff546a1f-819d-426e-b61a-e2a594c97aae:192.168.151.109:45585] returns group-679C4209A422:java.util.concurrent.CompletableFuture@1ce9fe66[Not completed]
2019-09-26 18:36:54,051 [grpc-default-executor-2] INFO  impl.RaftServerProxy (RaftServerProxy.java:addNew(89)) - ff546a1f-819d-426e-b61a-e2a594c97aae: addNew group-679C4209A422:[d9ddad26-0ab8-49f0-a7fe-969d04a2d023:192.168.151.109:36608, eadf7083-a0e2-4fdb-9f41-5b7503e65173:192.168.151.109:33418, ff546a1f-819d-426e-b61a-e2a594c97aae:192.168.151.109:45585] returns group-679C4209A422:java.util.concurrent.CompletableFuture@4a204064[Not completed]
2019-09-26 18:36:54,123 [pool-57-thread-1] INFO  impl.RaftServerImpl (RaftServerImpl.java:<init>(95)) - eadf7083-a0e2-4fdb-9f41-5b7503e65173: new RaftServerImpl for group-679C4209A422:[d9ddad26-0ab8-49f0-a7fe-969d04a2d023:192.168.151.109:36608, eadf7083-a0e2-4fdb-9f41-5b7503e65173:192.168.151.109:33418, ff546a1f-819d-426e-b61a-e2a594c97aae:192.168.151.109:45585] with ContainerStateMachine:uninitialized
2019-09-26 18:36:54,123 [pool-57-thread-1] INFO  server.RaftServerConfigKeys (ConfUtils.java:logGet(43)) - raft.server.rpc.timeout.min = 5s (custom)
2019-09-26 18:36:54,124 [pool-57-thread-1] INFO  server.RaftServerConfigKeys (ConfUtils.java:logGet(43)) - raft.server.rpc.timeout.max = 5200ms (custom)
2019-09-26 18:36:54,124 [pool-57-thread-1] INFO  server.RaftServerConfigKeys (ConfUtils.java:logGet(43)) - raft.server.rpcslowness.timeout = 120s (custom)
2019-09-26 18:36:54,124 [pool-57-thread-1] INFO  server.RaftServerConfigKeys (ConfUtils.java:logGet(43)) - raft.server.sleep.deviation.threshold = 300 (default)
2019-09-26 18:36:54,124 [pool-57-thread-1] INFO  server.RaftServerConfigKeys (ConfUtils.java:logGet(43)) - raft.server.log.appender.install.snapshot.enabled = false (custom)
2019-09-26 18:36:54,124 [pool-57-thread-1] INFO  impl.RaftServerImpl (ServerState.java:<init>(103)) - eadf7083-a0e2-4fdb-9f41-5b7503e65173@group-679C4209A422: ConfigurationManager, init=-1: [d9ddad26-0ab8-49f0-a7fe-969d04a2d023:192.168.151.109:36608, eadf7083-a0e2-4fdb-9f41-5b7503e65173:192.168.151.109:33418, ff546a1f-819d-426e-b61a-e2a594c97aae:192.168.151.109:45585], old=null, confs=<EMPTY_MAP>
2019-09-26 18:36:54,124 [pool-87-thread-1] INFO  impl.RaftServerImpl (RaftServerImpl.java:<init>(95)) - ff546a1f-819d-426e-b61a-e2a594c97aae: new RaftServerImpl for group-679C4209A422:[d9ddad26-0ab8-49f0-a7fe-969d04a2d023:192.168.151.109:36608, eadf7083-a0e2-4fdb-9f41-5b7503e65173:192.168.151.109:33418, ff546a1f-819d-426e-b61a-e2a594c97aae:192.168.151.109:45585] with ContainerStateMachine:uninitialized
2019-09-26 18:36:54,124 [pool-57-thread-1] INFO  server.RaftServerConfigKeys (ConfUtils.java:logGet(43)) - raft.server.storage.dir = [/workdir/hadoop-ozone/integration-test/target/test-dir/MiniOzoneClusterImpl-92b4b651-8b24-41a6-8b84-80731fec252a/datanode-3/data/ratis] (custom)
2019-09-26 18:36:54,125 [pool-87-thread-1] INFO  server.RaftServerConfigKeys (ConfUtils.java:logGet(43)) - raft.server.rpc.timeout.min = 5s (custom)
2019-09-26 18:36:54,125 [pool-87-thread-1] INFO  server.RaftServerConfigKeys (ConfUtils.java:logGet(43)) - raft.server.rpc.timeout.max = 5200ms (custom)
2019-09-26 18:36:54,125 [pool-57-thread-1] INFO  storage.RaftStorageDirectory (RaftStorageDirectory.java:analyzeStorage(246)) - The storage directory /workdir/hadoop-ozone/integration-test/target/test-dir/MiniOzoneClusterImpl-92b4b651-8b24-41a6-8b84-80731fec252a/datanode-3/data/ratis/2391429b-df80-4601-84a3-679c4209a422 does not exist. Creating ...
2019-09-26 18:36:54,125 [pool-87-thread-1] INFO  server.RaftServerConfigKeys (ConfUtils.java:logGet(43)) - raft.server.rpcslowness.timeout = 120s (custom)
2019-09-26 18:36:54,125 [pool-87-thread-1] INFO  server.RaftServerConfigKeys (ConfUtils.java:logGet(43)) - raft.server.sleep.deviation.threshold = 300 (default)
2019-09-26 18:36:54,125 [pool-87-thread-1] INFO  server.RaftServerConfigKeys (ConfUtils.java:logGet(43)) - raft.server.log.appender.install.snapshot.enabled = false (custom)
2019-09-26 18:36:54,125 [pool-67-thread-1] INFO  impl.RaftServerImpl (RaftServerImpl.java:<init>(95)) - d9ddad26-0ab8-49f0-a7fe-969d04a2d023: new RaftServerImpl for group-679C4209A422:[d9ddad26-0ab8-49f0-a7fe-969d04a2d023:192.168.151.109:36608, eadf7083-a0e2-4fdb-9f41-5b7503e65173:192.168.151.109:33418, ff546a1f-819d-426e-b61a-e2a594c97aae:192.168.151.109:45585] with ContainerStateMachine:uninitialized
2019-09-26 18:36:54,125 [pool-87-thread-1] INFO  impl.RaftServerImpl (ServerState.java:<init>(103)) - ff546a1f-819d-426e-b61a-e2a594c97aae@group-679C4209A422: ConfigurationManager, init=-1: [d9ddad26-0ab8-49f0-a7fe-969d04a2d023:192.168.151.109:36608, eadf7083-a0e2-4fdb-9f41-5b7503e65173:192.168.151.109:33418, ff546a1f-819d-426e-b61a-e2a594c97aae:192.168.151.109:45585], old=null, confs=<EMPTY_MAP>
2019-09-26 18:36:54,126 [pool-67-thread-1] INFO  server.RaftServerConfigKeys (ConfUtils.java:logGet(43)) - raft.server.rpc.timeout.min = 5s (custom)
2019-09-26 18:36:54,126 [pool-87-thread-1] INFO  server.RaftServerConfigKeys (ConfUtils.java:logGet(43)) - raft.server.storage.dir = [/workdir/hadoop-ozone/integration-test/target/test-dir/MiniOzoneClusterImpl-92b4b651-8b24-41a6-8b84-80731fec252a/datanode-6/data/ratis] (custom)
2019-09-26 18:36:54,126 [pool-67-thread-1] INFO  server.RaftServerConfigKeys (ConfUtils.java:logGet(43)) - raft.server.rpc.timeout.max = 5200ms (custom)
2019-09-26 18:36:54,126 [pool-67-thread-1] INFO  server.RaftServerConfigKeys (ConfUtils.java:logGet(43)) - raft.server.rpcslowness.timeout = 120s (custom)
2019-09-26 18:36:54,126 [pool-87-thread-1] INFO  storage.RaftStorageDirectory (RaftStorageDirectory.java:analyzeStorage(246)) - The storage directory /workdir/hadoop-ozone/integration-test/target/test-dir/MiniOzoneClusterImpl-92b4b651-8b24-41a6-8b84-80731fec252a/datanode-6/data/ratis/2391429b-df80-4601-84a3-679c4209a422 does not exist. Creating ...
2019-09-26 18:36:54,126 [pool-67-thread-1] INFO  server.RaftServerConfigKeys (ConfUtils.java:logGet(43)) - raft.server.sleep.deviation.threshold = 300 (default)
2019-09-26 18:36:54,127 [pool-67-thread-1] INFO  server.RaftServerConfigKeys (ConfUtils.java:logGet(43)) - raft.server.log.appender.install.snapshot.enabled = false (custom)
2019-09-26 18:36:54,127 [pool-67-thread-1] INFO  impl.RaftServerImpl (ServerState.java:<init>(103)) - d9ddad26-0ab8-49f0-a7fe-969d04a2d023@group-679C4209A422: ConfigurationManager, init=-1: [d9ddad26-0ab8-49f0-a7fe-969d04a2d023:192.168.151.109:36608, eadf7083-a0e2-4fdb-9f41-5b7503e65173:192.168.151.109:33418, ff546a1f-819d-426e-b61a-e2a594c97aae:192.168.151.109:45585], old=null, confs=<EMPTY_MAP>
2019-09-26 18:36:54,127 [pool-67-thread-1] INFO  server.RaftServerConfigKeys (ConfUtils.java:logGet(43)) - raft.server.storage.dir = [/workdir/hadoop-ozone/integration-test/target/test-dir/MiniOzoneClusterImpl-92b4b651-8b24-41a6-8b84-80731fec252a/datanode-4/data/ratis] (custom)
2019-09-26 18:36:54,130 [pool-67-thread-1] INFO  storage.RaftStorageDirectory (RaftStorageDirectory.java:analyzeStorage(246)) - The storage directory /workdir/hadoop-ozone/integration-test/target/test-dir/MiniOzoneClusterImpl-92b4b651-8b24-41a6-8b84-80731fec252a/datanode-4/data/ratis/2391429b-df80-4601-84a3-679c4209a422 does not exist. Creating ...
2019-09-26 18:36:54,151 [pool-87-thread-1] INFO  storage.RaftStorageDirectory (RaftStorageDirectory.java:tryLock(328)) - Lock on /workdir/hadoop-ozone/integration-test/target/test-dir/MiniOzoneClusterImpl-92b4b651-8b24-41a6-8b84-80731fec252a/datanode-6/data/ratis/2391429b-df80-4601-84a3-679c4209a422/in_use.lock acquired by nodename 2878@pr-hdds-2162-kpcbn-4093309294
2019-09-26 18:36:54,151 [pool-57-thread-1] INFO  storage.RaftStorageDirectory (RaftStorageDirectory.java:tryLock(328)) - Lock on /workdir/hadoop-ozone/integration-test/target/test-dir/MiniOzoneClusterImpl-92b4b651-8b24-41a6-8b84-80731fec252a/datanode-3/data/ratis/2391429b-df80-4601-84a3-679c4209a422/in_use.lock acquired by nodename 2878@pr-hdds-2162-kpcbn-4093309294
2019-09-26 18:36:54,151 [pool-67-thread-1] INFO  storage.RaftStorageDirectory (RaftStorageDirectory.java:tryLock(328)) - Lock on /workdir/hadoop-ozone/integration-test/target/test-dir/MiniOzoneClusterImpl-92b4b651-8b24-41a6-8b84-80731fec252a/datanode-4/data/ratis/2391429b-df80-4601-84a3-679c4209a422/in_use.lock acquired by nodename 2878@pr-hdds-2162-kpcbn-4093309294
2019-09-26 18:36:54,214 [pool-87-thread-1] INFO  storage.RaftStorage (RaftStorage.java:format(72)) - Storage directory /workdir/hadoop-ozone/integration-test/target/test-dir/MiniOzoneClusterImpl-92b4b651-8b24-41a6-8b84-80731fec252a/datanode-6/data/ratis/2391429b-df80-4601-84a3-679c4209a422 has been successfully formatted.
2019-09-26 18:36:54,214 [pool-57-thread-1] INFO  storage.RaftStorage (RaftStorage.java:format(72)) - Storage directory /workdir/hadoop-ozone/integration-test/target/test-dir/MiniOzoneClusterImpl-92b4b651-8b24-41a6-8b84-80731fec252a/datanode-3/data/ratis/2391429b-df80-4601-84a3-679c4209a422 has been successfully formatted.
2019-09-26 18:36:54,214 [pool-87-thread-1] INFO  ratis.ContainerStateMachine (ContainerStateMachine.java:loadSnapshot(230)) - group-679C4209A422: The snapshot info is null. Setting the last applied indexto:(t:0, i:~)
2019-09-26 18:36:54,214 [pool-67-thread-1] INFO  storage.RaftStorage (RaftStorage.java:format(72)) - Storage directory /workdir/hadoop-ozone/integration-test/target/test-dir/MiniOzoneClusterImpl-92b4b651-8b24-41a6-8b84-80731fec252a/datanode-4/data/ratis/2391429b-df80-4601-84a3-679c4209a422 has been successfully formatted.
2019-09-26 18:36:54,214 [pool-57-thread-1] INFO  ratis.ContainerStateMachine (ContainerStateMachine.java:loadSnapshot(230)) - group-679C4209A422: The snapshot info is null. Setting the last applied indexto:(t:0, i:~)
2019-09-26 18:36:54,214 [pool-87-thread-1] INFO  server.RaftServerConfigKeys (ConfUtils.java:logGet(43)) - raft.server.notification.no-leader.timeout = 120s (custom)
2019-09-26 18:36:54,214 [pool-57-thread-1] INFO  server.RaftServerConfigKeys (ConfUtils.java:logGet(43)) - raft.server.notification.no-leader.timeout = 120s (custom)
2019-09-26 18:36:54,214 [pool-67-thread-1] INFO  ratis.ContainerStateMachine (ContainerStateMachine.java:loadSnapshot(230)) - group-679C4209A422: The snapshot info is null. Setting the last applied indexto:(t:0, i:~)
2019-09-26 18:36:54,215 [pool-57-thread-1] INFO  server.RaftServerConfigKeys (ConfUtils.java:logGet(43)) - raft.server.log.use.memory = false (default)
2019-09-26 18:36:54,214 [pool-87-thread-1] INFO  server.RaftServerConfigKeys (ConfUtils.java:logGet(43)) - raft.server.log.use.memory = false (default)
2019-09-26 18:36:54,215 [pool-57-thread-1] INFO  server.RaftServerConfigKeys (ConfUtils.java:logGet(43)) - raft.server.log.purge.gap = 1000000 (custom)
2019-09-26 18:36:54,215 [pool-67-thread-1] INFO  server.RaftServerConfigKeys (ConfUtils.java:logGet(43)) - raft.server.notification.no-leader.timeout = 120s (custom)
2019-09-26 18:36:54,215 [pool-57-thread-1] INFO  server.RaftServerConfigKeys (ConfUtils.java:logGet(43)) - raft.server.log.appender.buffer.byte-limit = 33554432 (custom)
2019-09-26 18:36:54,215 [pool-87-thread-1] INFO  server.RaftServerConfigKeys (ConfUtils.java:logGet(43)) - raft.server.log.purge.gap = 1000000 (custom)
2019-09-26 18:36:54,216 [pool-57-thread-1] INFO  server.RaftServerConfigKeys (ConfUtils.java:logGet(43)) - raft.server.log.segment.size.max = 1048576 (custom)
2019-09-26 18:36:54,215 [pool-67-thread-1] INFO  server.RaftServerConfigKeys (ConfUtils.java:logGet(43)) - raft.server.log.use.memory = false (default)
2019-09-26 18:36:54,216 [pool-57-thread-1] INFO  server.RaftServerConfigKeys (ConfUtils.java:logGet(43)) - raft.server.log.segment.cache.num.max = 2 (custom)
2019-09-26 18:36:54,216 [pool-87-thread-1] INFO  server.RaftServerConfigKeys (ConfUtils.java:logGet(43)) - raft.server.log.appender.buffer.byte-limit = 33554432 (custom)
2019-09-26 18:36:54,216 [pool-57-thread-1] INFO  segmented.SegmentedRaftLogWorker (SegmentedRaftLogWorker.java:<init>(172)) - new eadf7083-a0e2-4fdb-9f41-5b7503e65173@group-679C4209A422-SegmentedRaftLogWorker for RaftStorage:Storage Directory /workdir/hadoop-ozone/integration-test/target/test-dir/MiniOzoneClusterImpl-92b4b651-8b24-41a6-8b84-80731fec252a/datanode-3/data/ratis/2391429b-df80-4601-84a3-679c4209a422
2019-09-26 18:36:54,216 [pool-67-thread-1] INFO  server.RaftServerConfigKeys (ConfUtils.java:logGet(43)) - raft.server.log.purge.gap = 1000000 (custom)
2019-09-26 18:36:54,217 [pool-57-thread-1] INFO  server.RaftServerConfigKeys (ConfUtils.java:logGet(43)) - raft.server.log.queue.byte-limit = 2147483647 (custom)
2019-09-26 18:36:54,216 [pool-87-thread-1] INFO  server.RaftServerConfigKeys (ConfUtils.java:logGet(43)) - raft.server.log.segment.size.max = 1048576 (custom)
2019-09-26 18:36:54,217 [pool-57-thread-1] INFO  server.RaftServerConfigKeys (ConfUtils.java:logGet(43)) - raft.server.log.queue.element-limit = 1024 (custom)
2019-09-26 18:36:54,217 [pool-67-thread-1] INFO  server.RaftServerConfigKeys (ConfUtils.java:logGet(43)) - raft.server.log.appender.buffer.byte-limit = 33554432 (custom)
2019-09-26 18:36:54,217 [pool-57-thread-1] INFO  server.RaftServerConfigKeys (ConfUtils.java:logGet(43)) - raft.server.log.segment.size.max = 1048576 (custom)
2019-09-26 18:36:54,217 [pool-87-thread-1] INFO  server.RaftServerConfigKeys (ConfUtils.java:logGet(43)) - raft.server.log.segment.cache.num.max = 2 (custom)
2019-09-26 18:36:54,217 [pool-57-thread-1] INFO  server.RaftServerConfigKeys (ConfUtils.java:logGet(43)) - raft.server.log.preallocated.size = 16384 (custom)
2019-09-26 18:36:54,217 [pool-67-thread-1] INFO  server.RaftServerConfigKeys (ConfUtils.java:logGet(43)) - raft.server.log.segment.size.max = 1048576 (custom)
2019-09-26 18:36:54,218 [pool-87-thread-1] INFO  segmented.SegmentedRaftLogWorker (SegmentedRaftLogWorker.java:<init>(172)) - new ff546a1f-819d-426e-b61a-e2a594c97aae@group-679C4209A422-SegmentedRaftLogWorker for RaftStorage:Storage Directory /workdir/hadoop-ozone/integration-test/target/test-dir/MiniOzoneClusterImpl-92b4b651-8b24-41a6-8b84-80731fec252a/datanode-6/data/ratis/2391429b-df80-4601-84a3-679c4209a422
2019-09-26 18:36:54,218 [pool-67-thread-1] INFO  server.RaftServerConfigKeys (ConfUtils.java:logGet(43)) - raft.server.log.segment.cache.num.max = 2 (custom)
2019-09-26 18:36:54,218 [pool-87-thread-1] INFO  server.RaftServerConfigKeys (ConfUtils.java:logGet(43)) - raft.server.log.queue.byte-limit = 2147483647 (custom)
2019-09-26 18:36:54,218 [pool-57-thread-1] INFO  server.RaftServerConfigKeys (ConfUtils.java:logGet(43)) - raft.server.log.write.buffer.size = 33554432 (custom)
2019-09-26 18:36:54,218 [pool-87-thread-1] INFO  server.RaftServerConfigKeys (ConfUtils.java:logGet(43)) - raft.server.log.queue.element-limit = 1024 (custom)
2019-09-26 18:36:54,218 [pool-67-thread-1] INFO  segmented.SegmentedRaftLogWorker (SegmentedRaftLogWorker.java:<init>(172)) - new d9ddad26-0ab8-49f0-a7fe-969d04a2d023@group-679C4209A422-SegmentedRaftLogWorker for RaftStorage:Storage Directory /workdir/hadoop-ozone/integration-test/target/test-dir/MiniOzoneClusterImpl-92b4b651-8b24-41a6-8b84-80731fec252a/datanode-4/data/ratis/2391429b-df80-4601-84a3-679c4209a422
2019-09-26 18:36:54,219 [pool-87-thread-1] INFO  server.RaftServerConfigKeys (ConfUtils.java:logGet(43)) - raft.server.log.segment.size.max = 1048576 (custom)
2019-09-26 18:36:54,219 [pool-57-thread-1] INFO  server.RaftServerConfigKeys (ConfUtils.java:logGet(43)) - raft.server.log.force.sync.num = 128 (default)
2019-09-26 18:36:54,219 [pool-87-thread-1] INFO  server.RaftServerConfigKeys (ConfUtils.java:logGet(43)) - raft.server.log.preallocated.size = 16384 (custom)
2019-09-26 18:36:54,219 [pool-67-thread-1] INFO  server.RaftServerConfigKeys (ConfUtils.java:logGet(43)) - raft.server.log.queue.byte-limit = 2147483647 (custom)
2019-09-26 18:36:54,219 [pool-87-thread-1] INFO  server.RaftServerConfigKeys (ConfUtils.java:logGet(43)) - raft.server.log.write.buffer.size = 33554432 (custom)
2019-09-26 18:36:54,219 [pool-57-thread-1] INFO  server.RaftServerConfigKeys (ConfUtils.java:logGet(43)) - raft.server.log.statemachine.data.sync = true (default)
2019-09-26 18:36:54,220 [pool-87-thread-1] INFO  server.RaftServerConfigKeys (ConfUtils.java:logGet(43)) - raft.server.log.force.sync.num = 128 (default)
2019-09-26 18:36:54,219 [pool-67-thread-1] INFO  server.RaftServerConfigKeys (ConfUtils.java:logGet(43)) - raft.server.log.queue.element-limit = 1024 (custom)
2019-09-26 18:36:54,220 [pool-87-thread-1] INFO  server.RaftServerConfigKeys (ConfUtils.java:logGet(43)) - raft.server.log.statemachine.data.sync = true (default)
2019-09-26 18:36:54,220 [pool-57-thread-1] INFO  server.RaftServerConfigKeys (ConfUtils.java:logGet(43)) - raft.server.log.statemachine.data.sync.timeout = 10s (default)
2019-09-26 18:36:54,220 [pool-87-thread-1] INFO  server.RaftServerConfigKeys (ConfUtils.java:logGet(43)) - raft.server.log.statemachine.data.sync.timeout = 10s (default)
2019-09-26 18:36:54,220 [pool-67-thread-1] INFO  server.RaftServerConfigKeys (ConfUtils.java:logGet(43)) - raft.server.log.segment.size.max = 1048576 (custom)
2019-09-26 18:36:54,220 [pool-87-thread-1] INFO  server.RaftServerConfigKeys (ConfUtils.java:logGet(43)) - raft.server.log.statemachine.data.sync.timeout.retry = -1 (default)
2019-09-26 18:36:54,220 [pool-57-thread-1] INFO  server.RaftServerConfigKeys (ConfUtils.java:logGet(43)) - raft.server.log.statemachine.data.sync.timeout.retry = -1 (default)
2019-09-26 18:36:54,221 [pool-87-thread-1] INFO  server.RaftServerConfigKeys (ConfUtils.java:logGet(43)) - raft.server.log.statemachine.data.caching.enabled = true (custom)
2019-09-26 18:36:54,221 [pool-67-thread-1] INFO  server.RaftServerConfigKeys (ConfUtils.java:logGet(43)) - raft.server.log.preallocated.size = 16384 (custom)
2019-09-26 18:36:54,221 [pool-57-thread-1] INFO  server.RaftServerConfigKeys (ConfUtils.java:logGet(43)) - raft.server.log.statemachine.data.caching.enabled = true (custom)
2019-09-26 18:36:54,221 [pool-67-thread-1] INFO  server.RaftServerConfigKeys (ConfUtils.java:logGet(43)) - raft.server.log.write.buffer.size = 33554432 (custom)
2019-09-26 18:36:54,221 [pool-87-thread-1] INFO  segmented.SegmentedRaftLogWorker (SegmentedRaftLogWorker.java:lambda$new$0(132)) - ff546a1f-819d-426e-b61a-e2a594c97aae@group-679C4209A422-SegmentedRaftLogWorker: flushIndex: setUnconditionally 0 -> -1
2019-09-26 18:36:54,224 [pool-57-thread-1] INFO  segmented.SegmentedRaftLogWorker (SegmentedRaftLogWorker.java:lambda$new$0(132)) - eadf7083-a0e2-4fdb-9f41-5b7503e65173@group-679C4209A422-SegmentedRaftLogWorker: flushIndex: setUnconditionally 0 -> -1
2019-09-26 18:36:54,224 [pool-67-thread-1] INFO  server.RaftServerConfigKeys (ConfUtils.java:logGet(43)) - raft.server.log.force.sync.num = 128 (default)
2019-09-26 18:36:54,224 [pool-57-thread-1] INFO  server.RaftServerConfigKeys (ConfUtils.java:logGet(43)) - raft.server.snapshot.auto.trigger.enabled = true (custom)
2019-09-26 18:36:54,224 [pool-87-thread-1] INFO  server.RaftServerConfigKeys (ConfUtils.java:logGet(43)) - raft.server.snapshot.auto.trigger.enabled = true (custom)
2019-09-26 18:36:54,225 [pool-57-thread-1] INFO  server.RaftServerConfigKeys (ConfUtils.java:logGet(43)) - raft.server.snapshot.auto.trigger.threshold = 10000 (custom)
2019-09-26 18:36:54,224 [pool-67-thread-1] INFO  server.RaftServerConfigKeys (ConfUtils.java:logGet(43)) - raft.server.log.statemachine.data.sync = true (default)
2019-09-26 18:36:54,225 [pool-57-thread-1] INFO  server.RaftServerConfigKeys (ConfUtils.java:logGet(43)) - raft.server.snapshot.retention.num.files = 5 (custom)
2019-09-26 18:36:54,225 [pool-87-thread-1] INFO  server.RaftServerConfigKeys (ConfUtils.java:logGet(43)) - raft.server.snapshot.auto.trigger.threshold = 10000 (custom)
2019-09-26 18:36:54,225 [pool-57-thread-1] INFO  server.RaftServerConfigKeys (ConfUtils.java:logGet(43)) - raft.server.retrycache.expirytime = 600000ms (custom)
2019-09-26 18:36:54,225 [pool-67-thread-1] INFO  server.RaftServerConfigKeys (ConfUtils.java:logGet(43)) - raft.server.log.statemachine.data.sync.timeout = 10s (default)
2019-09-26 18:36:54,225 [pool-87-thread-1] INFO  server.RaftServerConfigKeys (ConfUtils.java:logGet(43)) - raft.server.snapshot.retention.num.files = 5 (custom)
2019-09-26 18:36:54,226 [pool-67-thread-1] INFO  server.RaftServerConfigKeys (ConfUtils.java:logGet(43)) - raft.server.log.statemachine.data.sync.timeout.retry = -1 (default)
2019-09-26 18:36:54,226 [pool-87-thread-1] INFO  server.RaftServerConfigKeys (ConfUtils.java:logGet(43)) - raft.server.retrycache.expirytime = 600000ms (custom)
2019-09-26 18:36:54,226 [pool-67-thread-1] INFO  server.RaftServerConfigKeys (ConfUtils.java:logGet(43)) - raft.server.log.statemachine.data.caching.enabled = true (custom)
2019-09-26 18:36:54,227 [pool-67-thread-1] INFO  segmented.SegmentedRaftLogWorker (SegmentedRaftLogWorker.java:lambda$new$0(132)) - d9ddad26-0ab8-49f0-a7fe-969d04a2d023@group-679C4209A422-SegmentedRaftLogWorker: flushIndex: setUnconditionally 0 -> -1
2019-09-26 18:36:54,227 [pool-67-thread-1] INFO  server.RaftServerConfigKeys (ConfUtils.java:logGet(43)) - raft.server.snapshot.auto.trigger.enabled = true (custom)
2019-09-26 18:36:54,227 [pool-67-thread-1] INFO  server.RaftServerConfigKeys (ConfUtils.java:logGet(43)) - raft.server.snapshot.auto.trigger.threshold = 10000 (custom)
2019-09-26 18:36:54,227 [pool-67-thread-1] INFO  server.RaftServerConfigKeys (ConfUtils.java:logGet(43)) - raft.server.snapshot.retention.num.files = 5 (custom)
2019-09-26 18:36:54,228 [pool-67-thread-1] INFO  server.RaftServerConfigKeys (ConfUtils.java:logGet(43)) - raft.server.retrycache.expirytime = 600000ms (custom)
2019-09-26 18:36:54,230 [pool-57-thread-1] INFO  impl.RaftServerImpl (RaftServerImpl.java:start(185)) - eadf7083-a0e2-4fdb-9f41-5b7503e65173@group-679C4209A422: start as a follower, conf=-1: [d9ddad26-0ab8-49f0-a7fe-969d04a2d023:192.168.151.109:36608, eadf7083-a0e2-4fdb-9f41-5b7503e65173:192.168.151.109:33418, ff546a1f-819d-426e-b61a-e2a594c97aae:192.168.151.109:45585], old=null
2019-09-26 18:36:54,230 [pool-57-thread-1] INFO  impl.RaftServerImpl (RaftServerImpl.java:setRole(174)) - eadf7083-a0e2-4fdb-9f41-5b7503e65173@group-679C4209A422: changes role from      null to FOLLOWER at term 0 for startAsFollower
2019-09-26 18:36:54,230 [pool-87-thread-1] INFO  impl.RaftServerImpl (RaftServerImpl.java:start(185)) - ff546a1f-819d-426e-b61a-e2a594c97aae@group-679C4209A422: start as a follower, conf=-1: [d9ddad26-0ab8-49f0-a7fe-969d04a2d023:192.168.151.109:36608, eadf7083-a0e2-4fdb-9f41-5b7503e65173:192.168.151.109:33418, ff546a1f-819d-426e-b61a-e2a594c97aae:192.168.151.109:45585], old=null
2019-09-26 18:36:54,233 [pool-57-thread-1] INFO  impl.RoleInfo (RoleInfo.java:updateAndGet(143)) - eadf7083-a0e2-4fdb-9f41-5b7503e65173: start FollowerState
2019-09-26 18:36:54,233 [pool-87-thread-1] INFO  impl.RaftServerImpl (RaftServerImpl.java:setRole(174)) - ff546a1f-819d-426e-b61a-e2a594c97aae@group-679C4209A422: changes role from      null to FOLLOWER at term 0 for startAsFollower
2019-09-26 18:36:54,233 [pool-87-thread-1] INFO  impl.RoleInfo (RoleInfo.java:updateAndGet(143)) - ff546a1f-819d-426e-b61a-e2a594c97aae: start FollowerState
2019-09-26 18:36:54,233 [pool-57-thread-1] INFO  util.JmxRegister (JmxRegister.java:tryRegister(44)) - Successfully registered JMX Bean with object name Ratis:service=RaftServer,group=group-679C4209A422,id=eadf7083-a0e2-4fdb-9f41-5b7503e65173
2019-09-26 18:36:54,233 [pool-87-thread-1] INFO  util.JmxRegister (JmxRegister.java:tryRegister(44)) - Successfully registered JMX Bean with object name Ratis:service=RaftServer,group=group-679C4209A422,id=ff546a1f-819d-426e-b61a-e2a594c97aae
2019-09-26 18:36:54,233 [pool-67-thread-1] INFO  impl.RaftServerImpl (RaftServerImpl.java:start(185)) - d9ddad26-0ab8-49f0-a7fe-969d04a2d023@group-679C4209A422: start as a follower, conf=-1: [d9ddad26-0ab8-49f0-a7fe-969d04a2d023:192.168.151.109:36608, eadf7083-a0e2-4fdb-9f41-5b7503e65173:192.168.151.109:33418, ff546a1f-819d-426e-b61a-e2a594c97aae:192.168.151.109:45585], old=null
2019-09-26 18:36:54,234 [pool-67-thread-1] INFO  impl.RaftServerImpl (RaftServerImpl.java:setRole(174)) - d9ddad26-0ab8-49f0-a7fe-969d04a2d023@group-679C4209A422: changes role from      null to FOLLOWER at term 0 for startAsFollower
2019-09-26 18:36:54,234 [pool-67-thread-1] INFO  impl.RoleInfo (RoleInfo.java:updateAndGet(143)) - d9ddad26-0ab8-49f0-a7fe-969d04a2d023: start FollowerState
2019-09-26 18:36:54,234 [pool-67-thread-1] INFO  util.JmxRegister (JmxRegister.java:tryRegister(44)) - Successfully registered JMX Bean with object name Ratis:service=RaftServer,group=group-679C4209A422,id=d9ddad26-0ab8-49f0-a7fe-969d04a2d023
2019-09-26 18:36:54,257 [RatisPipelineUtilsThread] INFO  pipeline.PipelineStateManager (PipelineStateManager.java:addPipeline(56)) - Created pipeline Pipeline[ Id: 2391429b-df80-4601-84a3-679c4209a422, Nodes: ff546a1f-819d-426e-b61a-e2a594c97aae{ip: 192.168.151.109, host: pr-hdds-2162-kpcbn-4093309294, networkLocation: /default-rack, certSerialId: null}d9ddad26-0ab8-49f0-a7fe-969d04a2d023{ip: 192.168.151.109, host: pr-hdds-2162-kpcbn-4093309294, networkLocation: /default-rack, certSerialId: null}eadf7083-a0e2-4fdb-9f41-5b7503e65173{ip: 192.168.151.109, host: pr-hdds-2162-kpcbn-4093309294, networkLocation: /default-rack, certSerialId: null}, Type:RATIS, Factor:THREE, State:OPEN]
2019-09-26 18:36:54,284 [grpc-default-executor-1] INFO  impl.RaftServerProxy (RaftServerProxy.java:addNew(89)) - f5f4fe3e-62aa-486e-b3bf-625e48bce7a6: addNew group-63552BB98623:[892de89a-e065-4df4-9984-8695982985db:192.168.151.109:38189, bea5dbfa-30de-4207-bffd-4513ad20f3de:192.168.151.109:38435, f5f4fe3e-62aa-486e-b3bf-625e48bce7a6:192.168.151.109:44025] returns group-63552BB98623:java.util.concurrent.CompletableFuture@1cdb1e7e[Not completed]
2019-09-26 18:36:54,284 [grpc-default-executor-2] INFO  impl.RaftServerProxy (RaftServerProxy.java:addNew(89)) - bea5dbfa-30de-4207-bffd-4513ad20f3de: addNew group-63552BB98623:[892de89a-e065-4df4-9984-8695982985db:192.168.151.109:38189, bea5dbfa-30de-4207-bffd-4513ad20f3de:192.168.151.109:38435, f5f4fe3e-62aa-486e-b3bf-625e48bce7a6:192.168.151.109:44025] returns group-63552BB98623:java.util.concurrent.CompletableFuture@ea3cd3f[Not completed]
2019-09-26 18:36:54,286 [grpc-default-executor-0] INFO  impl.RaftServerProxy (RaftServerProxy.java:addNew(89)) - 892de89a-e065-4df4-9984-8695982985db: addNew group-63552BB98623:[892de89a-e065-4df4-9984-8695982985db:192.168.151.109:38189, bea5dbfa-30de-4207-bffd-4513ad20f3de:192.168.151.109:38435, f5f4fe3e-62aa-486e-b3bf-625e48bce7a6:192.168.151.109:44025] returns group-63552BB98623:java.util.concurrent.CompletableFuture@40c9902[Not completed]
2019-09-26 18:36:54,287 [pool-77-thread-1] INFO  impl.RaftServerImpl (RaftServerImpl.java:<init>(95)) - f5f4fe3e-62aa-486e-b3bf-625e48bce7a6: new RaftServerImpl for group-63552BB98623:[892de89a-e065-4df4-9984-8695982985db:192.168.151.109:38189, bea5dbfa-30de-4207-bffd-4513ad20f3de:192.168.151.109:38435, f5f4fe3e-62aa-486e-b3bf-625e48bce7a6:192.168.151.109:44025] with ContainerStateMachine:uninitialized
2019-09-26 18:36:54,287 [pool-77-thread-1] INFO  server.RaftServerConfigKeys (ConfUtils.java:logGet(43)) - raft.server.rpc.timeout.min = 5s (custom)
2019-09-26 18:36:54,287 [pool-77-thread-1] INFO  server.RaftServerConfigKeys (ConfUtils.java:logGet(43)) - raft.server.rpc.timeout.max = 5200ms (custom)
2019-09-26 18:36:54,287 [pool-77-thread-1] INFO  server.RaftServerConfigKeys (ConfUtils.java:logGet(43)) - raft.server.rpcslowness.timeout = 120s (custom)
2019-09-26 18:36:54,288 [pool-77-thread-1] INFO  server.RaftServerConfigKeys (ConfUtils.java:logGet(43)) - raft.server.sleep.deviation.threshold = 300 (default)
2019-09-26 18:36:54,288 [pool-77-thread-1] INFO  server.RaftServerConfigKeys (ConfUtils.java:logGet(43)) - raft.server.log.appender.install.snapshot.enabled = false (custom)
2019-09-26 18:36:54,288 [pool-77-thread-1] INFO  impl.RaftServerImpl (ServerState.java:<init>(103)) - f5f4fe3e-62aa-486e-b3bf-625e48bce7a6@group-63552BB98623: ConfigurationManager, init=-1: [892de89a-e065-4df4-9984-8695982985db:192.168.151.109:38189, bea5dbfa-30de-4207-bffd-4513ad20f3de:192.168.151.109:38435, f5f4fe3e-62aa-486e-b3bf-625e48bce7a6:192.168.151.109:44025], old=null, confs=<EMPTY_MAP>
2019-09-26 18:36:54,288 [pool-77-thread-1] INFO  server.RaftServerConfigKeys (ConfUtils.java:logGet(43)) - raft.server.storage.dir = [/workdir/hadoop-ozone/integration-test/target/test-dir/MiniOzoneClusterImpl-92b4b651-8b24-41a6-8b84-80731fec252a/datanode-5/data/ratis] (custom)
2019-09-26 18:36:54,288 [pool-27-thread-1] INFO  impl.RaftServerImpl (RaftServerImpl.java:<init>(95)) - bea5dbfa-30de-4207-bffd-4513ad20f3de: new RaftServerImpl for group-63552BB98623:[892de89a-e065-4df4-9984-8695982985db:192.168.151.109:38189, bea5dbfa-30de-4207-bffd-4513ad20f3de:192.168.151.109:38435, f5f4fe3e-62aa-486e-b3bf-625e48bce7a6:192.168.151.109:44025] with ContainerStateMachine:uninitialized
2019-09-26 18:36:54,288 [pool-77-thread-1] INFO  storage.RaftStorageDirectory (RaftStorageDirectory.java:analyzeStorage(246)) - The storage directory /workdir/hadoop-ozone/integration-test/target/test-dir/MiniOzoneClusterImpl-92b4b651-8b24-41a6-8b84-80731fec252a/datanode-5/data/ratis/e40071b0-3d49-4455-8c86-63552bb98623 does not exist. Creating ...
2019-09-26 18:36:54,288 [pool-27-thread-1] INFO  server.RaftServerConfigKeys (ConfUtils.java:logGet(43)) - raft.server.rpc.timeout.min = 5s (custom)
2019-09-26 18:36:54,289 [pool-107-thread-1] INFO  impl.RaftServerImpl (RaftServerImpl.java:<init>(95)) - 892de89a-e065-4df4-9984-8695982985db: new RaftServerImpl for group-63552BB98623:[892de89a-e065-4df4-9984-8695982985db:192.168.151.109:38189, bea5dbfa-30de-4207-bffd-4513ad20f3de:192.168.151.109:38435, f5f4fe3e-62aa-486e-b3bf-625e48bce7a6:192.168.151.109:44025] with ContainerStateMachine:uninitialized
2019-09-26 18:36:54,289 [pool-27-thread-1] INFO  server.RaftServerConfigKeys (ConfUtils.java:logGet(43)) - raft.server.rpc.timeout.max = 5200ms (custom)
2019-09-26 18:36:54,289 [pool-107-thread-1] INFO  server.RaftServerConfigKeys (ConfUtils.java:logGet(43)) - raft.server.rpc.timeout.min = 5s (custom)
2019-09-26 18:36:54,289 [pool-27-thread-1] INFO  server.RaftServerConfigKeys (ConfUtils.java:logGet(43)) - raft.server.rpcslowness.timeout = 120s (custom)
2019-09-26 18:36:54,289 [pool-107-thread-1] INFO  server.RaftServerConfigKeys (ConfUtils.java:logGet(43)) - raft.server.rpc.timeout.max = 5200ms (custom)
2019-09-26 18:36:54,289 [pool-27-thread-1] INFO  server.RaftServerConfigKeys (ConfUtils.java:logGet(43)) - raft.server.sleep.deviation.threshold = 300 (default)
2019-09-26 18:36:54,289 [pool-107-thread-1] INFO  server.RaftServerConfigKeys (ConfUtils.java:logGet(43)) - raft.server.rpcslowness.timeout = 120s (custom)
2019-09-26 18:36:54,289 [pool-27-thread-1] INFO  server.RaftServerConfigKeys (ConfUtils.java:logGet(43)) - raft.server.log.appender.install.snapshot.enabled = false (custom)
2019-09-26 18:36:54,290 [pool-107-thread-1] INFO  server.RaftServerConfigKeys (ConfUtils.java:logGet(43)) - raft.server.sleep.deviation.threshold = 300 (default)
2019-09-26 18:36:54,290 [pool-27-thread-1] INFO  impl.RaftServerImpl (ServerState.java:<init>(103)) - bea5dbfa-30de-4207-bffd-4513ad20f3de@group-63552BB98623: ConfigurationManager, init=-1: [892de89a-e065-4df4-9984-8695982985db:192.168.151.109:38189, bea5dbfa-30de-4207-bffd-4513ad20f3de:192.168.151.109:38435, f5f4fe3e-62aa-486e-b3bf-625e48bce7a6:192.168.151.109:44025], old=null, confs=<EMPTY_MAP>
2019-09-26 18:36:54,290 [pool-107-thread-1] INFO  server.RaftServerConfigKeys (ConfUtils.java:logGet(43)) - raft.server.log.appender.install.snapshot.enabled = false (custom)
2019-09-26 18:36:54,290 [pool-107-thread-1] INFO  impl.RaftServerImpl (ServerState.java:<init>(103)) - 892de89a-e065-4df4-9984-8695982985db@group-63552BB98623: ConfigurationManager, init=-1: [892de89a-e065-4df4-9984-8695982985db:192.168.151.109:38189, bea5dbfa-30de-4207-bffd-4513ad20f3de:192.168.151.109:38435, f5f4fe3e-62aa-486e-b3bf-625e48bce7a6:192.168.151.109:44025], old=null, confs=<EMPTY_MAP>
2019-09-26 18:36:54,290 [pool-27-thread-1] INFO  server.RaftServerConfigKeys (ConfUtils.java:logGet(43)) - raft.server.storage.dir = [/workdir/hadoop-ozone/integration-test/target/test-dir/MiniOzoneClusterImpl-92b4b651-8b24-41a6-8b84-80731fec252a/datanode-0/data/ratis] (custom)
2019-09-26 18:36:54,290 [pool-107-thread-1] INFO  server.RaftServerConfigKeys (ConfUtils.java:logGet(43)) - raft.server.storage.dir = [/workdir/hadoop-ozone/integration-test/target/test-dir/MiniOzoneClusterImpl-92b4b651-8b24-41a6-8b84-80731fec252a/datanode-8/data/ratis] (custom)
2019-09-26 18:36:54,291 [pool-107-thread-1] INFO  storage.RaftStorageDirectory (RaftStorageDirectory.java:analyzeStorage(246)) - The storage directory /workdir/hadoop-ozone/integration-test/target/test-dir/MiniOzoneClusterImpl-92b4b651-8b24-41a6-8b84-80731fec252a/datanode-8/data/ratis/e40071b0-3d49-4455-8c86-63552bb98623 does not exist. Creating ...
2019-09-26 18:36:54,291 [pool-27-thread-1] INFO  storage.RaftStorageDirectory (RaftStorageDirectory.java:analyzeStorage(246)) - The storage directory /workdir/hadoop-ozone/integration-test/target/test-dir/MiniOzoneClusterImpl-92b4b651-8b24-41a6-8b84-80731fec252a/datanode-0/data/ratis/e40071b0-3d49-4455-8c86-63552bb98623 does not exist. Creating ...
2019-09-26 18:36:54,302 [pool-77-thread-1] INFO  storage.RaftStorageDirectory (RaftStorageDirectory.java:tryLock(328)) - Lock on /workdir/hadoop-ozone/integration-test/target/test-dir/MiniOzoneClusterImpl-92b4b651-8b24-41a6-8b84-80731fec252a/datanode-5/data/ratis/e40071b0-3d49-4455-8c86-63552bb98623/in_use.lock acquired by nodename 2878@pr-hdds-2162-kpcbn-4093309294
2019-09-26 18:36:54,302 [pool-27-thread-1] INFO  storage.RaftStorageDirectory (RaftStorageDirectory.java:tryLock(328)) - Lock on /workdir/hadoop-ozone/integration-test/target/test-dir/MiniOzoneClusterImpl-92b4b651-8b24-41a6-8b84-80731fec252a/datanode-0/data/ratis/e40071b0-3d49-4455-8c86-63552bb98623/in_use.lock acquired by nodename 2878@pr-hdds-2162-kpcbn-4093309294
2019-09-26 18:36:54,302 [pool-107-thread-1] INFO  storage.RaftStorageDirectory (RaftStorageDirectory.java:tryLock(328)) - Lock on /workdir/hadoop-ozone/integration-test/target/test-dir/MiniOzoneClusterImpl-92b4b651-8b24-41a6-8b84-80731fec252a/datanode-8/data/ratis/e40071b0-3d49-4455-8c86-63552bb98623/in_use.lock acquired by nodename 2878@pr-hdds-2162-kpcbn-4093309294
2019-09-26 18:36:54,316 [pool-107-thread-1] INFO  storage.RaftStorage (RaftStorage.java:format(72)) - Storage directory /workdir/hadoop-ozone/integration-test/target/test-dir/MiniOzoneClusterImpl-92b4b651-8b24-41a6-8b84-80731fec252a/datanode-8/data/ratis/e40071b0-3d49-4455-8c86-63552bb98623 has been successfully formatted.
2019-09-26 18:36:54,316 [pool-27-thread-1] INFO  storage.RaftStorage (RaftStorage.java:format(72)) - Storage directory /workdir/hadoop-ozone/integration-test/target/test-dir/MiniOzoneClusterImpl-92b4b651-8b24-41a6-8b84-80731fec252a/datanode-0/data/ratis/e40071b0-3d49-4455-8c86-63552bb98623 has been successfully formatted.
2019-09-26 18:36:54,317 [pool-107-thread-1] INFO  ratis.ContainerStateMachine (ContainerStateMachine.java:loadSnapshot(230)) - group-63552BB98623: The snapshot info is null. Setting the last applied indexto:(t:0, i:~)
2019-09-26 18:36:54,316 [pool-77-thread-1] INFO  storage.RaftStorage (RaftStorage.java:format(72)) - Storage directory /workdir/hadoop-ozone/integration-test/target/test-dir/MiniOzoneClusterImpl-92b4b651-8b24-41a6-8b84-80731fec252a/datanode-5/data/ratis/e40071b0-3d49-4455-8c86-63552bb98623 has been successfully formatted.
2019-09-26 18:36:54,317 [pool-107-thread-1] INFO  server.RaftServerConfigKeys (ConfUtils.java:logGet(43)) - raft.server.notification.no-leader.timeout = 120s (custom)
2019-09-26 18:36:54,317 [pool-27-thread-1] INFO  ratis.ContainerStateMachine (ContainerStateMachine.java:loadSnapshot(230)) - group-63552BB98623: The snapshot info is null. Setting the last applied indexto:(t:0, i:~)
2019-09-26 18:36:54,317 [pool-77-thread-1] INFO  ratis.ContainerStateMachine (ContainerStateMachine.java:loadSnapshot(230)) - group-63552BB98623: The snapshot info is null. Setting the last applied indexto:(t:0, i:~)
2019-09-26 18:36:54,317 [pool-107-thread-1] INFO  server.RaftServerConfigKeys (ConfUtils.java:logGet(43)) - raft.server.log.use.memory = false (default)
2019-09-26 18:36:54,317 [pool-77-thread-1] INFO  server.RaftServerConfigKeys (ConfUtils.java:logGet(43)) - raft.server.notification.no-leader.timeout = 120s (custom)
2019-09-26 18:36:54,317 [pool-27-thread-1] INFO  server.RaftServerConfigKeys (ConfUtils.java:logGet(43)) - raft.server.notification.no-leader.timeout = 120s (custom)
2019-09-26 18:36:54,318 [pool-77-thread-1] INFO  server.RaftServerConfigKeys (ConfUtils.java:logGet(43)) - raft.server.log.use.memory = false (default)
2019-09-26 18:36:54,317 [pool-107-thread-1] INFO  server.RaftServerConfigKeys (ConfUtils.java:logGet(43)) - raft.server.log.purge.gap = 1000000 (custom)
2019-09-26 18:36:54,318 [pool-77-thread-1] INFO  server.RaftServerConfigKeys (ConfUtils.java:logGet(43)) - raft.server.log.purge.gap = 1000000 (custom)
2019-09-26 18:36:54,318 [pool-27-thread-1] INFO  server.RaftServerConfigKeys (ConfUtils.java:logGet(43)) - raft.server.log.use.memory = false (default)
2019-09-26 18:36:54,318 [pool-77-thread-1] INFO  server.RaftServerConfigKeys (ConfUtils.java:logGet(43)) - raft.server.log.appender.buffer.byte-limit = 33554432 (custom)
2019-09-26 18:36:54,318 [pool-107-thread-1] INFO  server.RaftServerConfigKeys (ConfUtils.java:logGet(43)) - raft.server.log.appender.buffer.byte-limit = 33554432 (custom)
2019-09-26 18:36:54,318 [pool-77-thread-1] INFO  server.RaftServerConfigKeys (ConfUtils.java:logGet(43)) - raft.server.log.segment.size.max = 1048576 (custom)
2019-09-26 18:36:54,318 [pool-27-thread-1] INFO  server.RaftServerConfigKeys (ConfUtils.java:logGet(43)) - raft.server.log.purge.gap = 1000000 (custom)
2019-09-26 18:36:54,319 [pool-77-thread-1] INFO  server.RaftServerConfigKeys (ConfUtils.java:logGet(43)) - raft.server.log.segment.cache.num.max = 2 (custom)
2019-09-26 18:36:54,318 [pool-107-thread-1] INFO  server.RaftServerConfigKeys (ConfUtils.java:logGet(43)) - raft.server.log.segment.size.max = 1048576 (custom)
2019-09-26 18:36:54,319 [pool-77-thread-1] INFO  segmented.SegmentedRaftLogWorker (SegmentedRaftLogWorker.java:<init>(172)) - new f5f4fe3e-62aa-486e-b3bf-625e48bce7a6@group-63552BB98623-SegmentedRaftLogWorker for RaftStorage:Storage Directory /workdir/hadoop-ozone/integration-test/target/test-dir/MiniOzoneClusterImpl-92b4b651-8b24-41a6-8b84-80731fec252a/datanode-5/data/ratis/e40071b0-3d49-4455-8c86-63552bb98623
2019-09-26 18:36:54,319 [pool-27-thread-1] INFO  server.RaftServerConfigKeys (ConfUtils.java:logGet(43)) - raft.server.log.appender.buffer.byte-limit = 33554432 (custom)
2019-09-26 18:36:54,319 [pool-77-thread-1] INFO  server.RaftServerConfigKeys (ConfUtils.java:logGet(43)) - raft.server.log.queue.byte-limit = 2147483647 (custom)
2019-09-26 18:36:54,319 [pool-107-thread-1] INFO  server.RaftServerConfigKeys (ConfUtils.java:logGet(43)) - raft.server.log.segment.cache.num.max = 2 (custom)
2019-09-26 18:36:54,319 [pool-77-thread-1] INFO  server.RaftServerConfigKeys (ConfUtils.java:logGet(43)) - raft.server.log.queue.element-limit = 1024 (custom)
2019-09-26 18:36:54,319 [pool-27-thread-1] INFO  server.RaftServerConfigKeys (ConfUtils.java:logGet(43)) - raft.server.log.segment.size.max = 1048576 (custom)
2019-09-26 18:36:54,320 [pool-77-thread-1] INFO  server.RaftServerConfigKeys (ConfUtils.java:logGet(43)) - raft.server.log.segment.size.max = 1048576 (custom)
2019-09-26 18:36:54,320 [pool-107-thread-1] INFO  segmented.SegmentedRaftLogWorker (SegmentedRaftLogWorker.java:<init>(172)) - new 892de89a-e065-4df4-9984-8695982985db@group-63552BB98623-SegmentedRaftLogWorker for RaftStorage:Storage Directory /workdir/hadoop-ozone/integration-test/target/test-dir/MiniOzoneClusterImpl-92b4b651-8b24-41a6-8b84-80731fec252a/datanode-8/data/ratis/e40071b0-3d49-4455-8c86-63552bb98623
2019-09-26 18:36:54,320 [pool-77-thread-1] INFO  server.RaftServerConfigKeys (ConfUtils.java:logGet(43)) - raft.server.log.preallocated.size = 16384 (custom)
2019-09-26 18:36:54,320 [pool-27-thread-1] INFO  server.RaftServerConfigKeys (ConfUtils.java:logGet(43)) - raft.server.log.segment.cache.num.max = 2 (custom)
2019-09-26 18:36:54,320 [pool-77-thread-1] INFO  server.RaftServerConfigKeys (ConfUtils.java:logGet(43)) - raft.server.log.write.buffer.size = 33554432 (custom)
2019-09-26 18:36:54,320 [pool-107-thread-1] INFO  server.RaftServerConfigKeys (ConfUtils.java:logGet(43)) - raft.server.log.queue.byte-limit = 2147483647 (custom)
2019-09-26 18:36:54,320 [pool-77-thread-1] INFO  server.RaftServerConfigKeys (ConfUtils.java:logGet(43)) - raft.server.log.force.sync.num = 128 (default)
2019-09-26 18:36:54,320 [pool-27-thread-1] INFO  segmented.SegmentedRaftLogWorker (SegmentedRaftLogWorker.java:<init>(172)) - new bea5dbfa-30de-4207-bffd-4513ad20f3de@group-63552BB98623-SegmentedRaftLogWorker for RaftStorage:Storage Directory /workdir/hadoop-ozone/integration-test/target/test-dir/MiniOzoneClusterImpl-92b4b651-8b24-41a6-8b84-80731fec252a/datanode-0/data/ratis/e40071b0-3d49-4455-8c86-63552bb98623
2019-09-26 18:36:54,321 [pool-77-thread-1] INFO  server.RaftServerConfigKeys (ConfUtils.java:logGet(43)) - raft.server.log.statemachine.data.sync = true (default)
2019-09-26 18:36:54,321 [pool-107-thread-1] INFO  server.RaftServerConfigKeys (ConfUtils.java:logGet(43)) - raft.server.log.queue.element-limit = 1024 (custom)
2019-09-26 18:36:54,321 [pool-77-thread-1] INFO  server.RaftServerConfigKeys (ConfUtils.java:logGet(43)) - raft.server.log.statemachine.data.sync.timeout = 10s (default)
2019-09-26 18:36:54,321 [pool-27-thread-1] INFO  server.RaftServerConfigKeys (ConfUtils.java:logGet(43)) - raft.server.log.queue.byte-limit = 2147483647 (custom)
2019-09-26 18:36:54,321 [pool-77-thread-1] INFO  server.RaftServerConfigKeys (ConfUtils.java:logGet(43)) - raft.server.log.statemachine.data.sync.timeout.retry = -1 (default)
2019-09-26 18:36:54,321 [pool-107-thread-1] INFO  server.RaftServerConfigKeys (ConfUtils.java:logGet(43)) - raft.server.log.segment.size.max = 1048576 (custom)
2019-09-26 18:36:54,322 [pool-77-thread-1] INFO  server.RaftServerConfigKeys (ConfUtils.java:logGet(43)) - raft.server.log.statemachine.data.caching.enabled = true (custom)
2019-09-26 18:36:54,321 [pool-27-thread-1] INFO  server.RaftServerConfigKeys (ConfUtils.java:logGet(43)) - raft.server.log.queue.element-limit = 1024 (custom)
2019-09-26 18:36:54,322 [pool-107-thread-1] INFO  server.RaftServerConfigKeys (ConfUtils.java:logGet(43)) - raft.server.log.preallocated.size = 16384 (custom)
2019-09-26 18:36:54,322 [pool-27-thread-1] INFO  server.RaftServerConfigKeys (ConfUtils.java:logGet(43)) - raft.server.log.segment.size.max = 1048576 (custom)
2019-09-26 18:36:54,322 [pool-77-thread-1] INFO  segmented.SegmentedRaftLogWorker (SegmentedRaftLogWorker.java:lambda$new$0(132)) - f5f4fe3e-62aa-486e-b3bf-625e48bce7a6@group-63552BB98623-SegmentedRaftLogWorker: flushIndex: setUnconditionally 0 -> -1
2019-09-26 18:36:54,322 [pool-27-thread-1] INFO  server.RaftServerConfigKeys (ConfUtils.java:logGet(43)) - raft.server.log.preallocated.size = 16384 (custom)
2019-09-26 18:36:54,322 [pool-107-thread-1] INFO  server.RaftServerConfigKeys (ConfUtils.java:logGet(43)) - raft.server.log.write.buffer.size = 33554432 (custom)
2019-09-26 18:36:54,323 [pool-77-thread-1] INFO  server.RaftServerConfigKeys (ConfUtils.java:logGet(43)) - raft.server.snapshot.auto.trigger.enabled = true (custom)
2019-09-26 18:36:54,323 [pool-27-thread-1] INFO  server.RaftServerConfigKeys (ConfUtils.java:logGet(43)) - raft.server.log.write.buffer.size = 33554432 (custom)
2019-09-26 18:36:54,323 [pool-77-thread-1] INFO  server.RaftServerConfigKeys (ConfUtils.java:logGet(43)) - raft.server.snapshot.auto.trigger.threshold = 10000 (custom)
2019-09-26 18:36:54,323 [pool-107-thread-1] INFO  server.RaftServerConfigKeys (ConfUtils.java:logGet(43)) - raft.server.log.force.sync.num = 128 (default)
2019-09-26 18:36:54,323 [pool-77-thread-1] INFO  server.RaftServerConfigKeys (ConfUtils.java:logGet(43)) - raft.server.snapshot.retention.num.files = 5 (custom)
2019-09-26 18:36:54,323 [pool-27-thread-1] INFO  server.RaftServerConfigKeys (ConfUtils.java:logGet(43)) - raft.server.log.force.sync.num = 128 (default)
2019-09-26 18:36:54,323 [pool-77-thread-1] INFO  server.RaftServerConfigKeys (ConfUtils.java:logGet(43)) - raft.server.retrycache.expirytime = 600000ms (custom)
2019-09-26 18:36:54,323 [pool-107-thread-1] INFO  server.RaftServerConfigKeys (ConfUtils.java:logGet(43)) - raft.server.log.statemachine.data.sync = true (default)
2019-09-26 18:36:54,324 [pool-27-thread-1] INFO  server.RaftServerConfigKeys (ConfUtils.java:logGet(43)) - raft.server.log.statemachine.data.sync = true (default)
2019-09-26 18:36:54,324 [pool-107-thread-1] INFO  server.RaftServerConfigKeys (ConfUtils.java:logGet(43)) - raft.server.log.statemachine.data.sync.timeout = 10s (default)
2019-09-26 18:36:54,324 [pool-27-thread-1] INFO  server.RaftServerConfigKeys (ConfUtils.java:logGet(43)) - raft.server.log.statemachine.data.sync.timeout = 10s (default)
2019-09-26 18:36:54,324 [pool-107-thread-1] INFO  server.RaftServerConfigKeys (ConfUtils.java:logGet(43)) - raft.server.log.statemachine.data.sync.timeout.retry = -1 (default)
2019-09-26 18:36:54,324 [pool-27-thread-1] INFO  server.RaftServerConfigKeys (ConfUtils.java:logGet(43)) - raft.server.log.statemachine.data.sync.timeout.retry = -1 (default)
2019-09-26 18:36:54,324 [pool-107-thread-1] INFO  server.RaftServerConfigKeys (ConfUtils.java:logGet(43)) - raft.server.log.statemachine.data.caching.enabled = true (custom)
2019-09-26 18:36:54,325 [pool-27-thread-1] INFO  server.RaftServerConfigKeys (ConfUtils.java:logGet(43)) - raft.server.log.statemachine.data.caching.enabled = true (custom)
2019-09-26 18:36:54,325 [pool-107-thread-1] INFO  segmented.SegmentedRaftLogWorker (SegmentedRaftLogWorker.java:lambda$new$0(132)) - 892de89a-e065-4df4-9984-8695982985db@group-63552BB98623-SegmentedRaftLogWorker: flushIndex: setUnconditionally 0 -> -1
2019-09-26 18:36:54,325 [pool-27-thread-1] INFO  segmented.SegmentedRaftLogWorker (SegmentedRaftLogWorker.java:lambda$new$0(132)) - bea5dbfa-30de-4207-bffd-4513ad20f3de@group-63552BB98623-SegmentedRaftLogWorker: flushIndex: setUnconditionally 0 -> -1
2019-09-26 18:36:54,325 [pool-107-thread-1] INFO  server.RaftServerConfigKeys (ConfUtils.java:logGet(43)) - raft.server.snapshot.auto.trigger.enabled = true (custom)
2019-09-26 18:36:54,325 [pool-107-thread-1] INFO  server.RaftServerConfigKeys (ConfUtils.java:logGet(43)) - raft.server.snapshot.auto.trigger.threshold = 10000 (custom)
2019-09-26 18:36:54,325 [pool-27-thread-1] INFO  server.RaftServerConfigKeys (ConfUtils.java:logGet(43)) - raft.server.snapshot.auto.trigger.enabled = true (custom)
2019-09-26 18:36:54,325 [pool-107-thread-1] INFO  server.RaftServerConfigKeys (ConfUtils.java:logGet(43)) - raft.server.snapshot.retention.num.files = 5 (custom)
2019-09-26 18:36:54,326 [pool-27-thread-1] INFO  server.RaftServerConfigKeys (ConfUtils.java:logGet(43)) - raft.server.snapshot.auto.trigger.threshold = 10000 (custom)
2019-09-26 18:36:54,326 [pool-107-thread-1] INFO  server.RaftServerConfigKeys (ConfUtils.java:logGet(43)) - raft.server.retrycache.expirytime = 600000ms (custom)
2019-09-26 18:36:54,326 [pool-27-thread-1] INFO  server.RaftServerConfigKeys (ConfUtils.java:logGet(43)) - raft.server.snapshot.retention.num.files = 5 (custom)
2019-09-26 18:36:54,326 [pool-27-thread-1] INFO  server.RaftServerConfigKeys (ConfUtils.java:logGet(43)) - raft.server.retrycache.expirytime = 600000ms (custom)
2019-09-26 18:36:54,326 [pool-77-thread-1] INFO  impl.RaftServerImpl (RaftServerImpl.java:start(185)) - f5f4fe3e-62aa-486e-b3bf-625e48bce7a6@group-63552BB98623: start as a follower, conf=-1: [892de89a-e065-4df4-9984-8695982985db:192.168.151.109:38189, bea5dbfa-30de-4207-bffd-4513ad20f3de:192.168.151.109:38435, f5f4fe3e-62aa-486e-b3bf-625e48bce7a6:192.168.151.109:44025], old=null
2019-09-26 18:36:54,326 [pool-77-thread-1] INFO  impl.RaftServerImpl (RaftServerImpl.java:setRole(174)) - f5f4fe3e-62aa-486e-b3bf-625e48bce7a6@group-63552BB98623: changes role from      null to FOLLOWER at term 0 for startAsFollower
2019-09-26 18:36:54,327 [pool-77-thread-1] INFO  impl.RoleInfo (RoleInfo.java:updateAndGet(143)) - f5f4fe3e-62aa-486e-b3bf-625e48bce7a6: start FollowerState
2019-09-26 18:36:54,327 [pool-77-thread-1] INFO  util.JmxRegister (JmxRegister.java:tryRegister(44)) - Successfully registered JMX Bean with object name Ratis:service=RaftServer,group=group-63552BB98623,id=f5f4fe3e-62aa-486e-b3bf-625e48bce7a6
2019-09-26 18:36:54,328 [pool-107-thread-1] INFO  impl.RaftServerImpl (RaftServerImpl.java:start(185)) - 892de89a-e065-4df4-9984-8695982985db@group-63552BB98623: start as a follower, conf=-1: [892de89a-e065-4df4-9984-8695982985db:192.168.151.109:38189, bea5dbfa-30de-4207-bffd-4513ad20f3de:192.168.151.109:38435, f5f4fe3e-62aa-486e-b3bf-625e48bce7a6:192.168.151.109:44025], old=null
2019-09-26 18:36:54,328 [pool-107-thread-1] INFO  impl.RaftServerImpl (RaftServerImpl.java:setRole(174)) - 892de89a-e065-4df4-9984-8695982985db@group-63552BB98623: changes role from      null to FOLLOWER at term 0 for startAsFollower
2019-09-26 18:36:54,328 [pool-107-thread-1] INFO  impl.RoleInfo (RoleInfo.java:updateAndGet(143)) - 892de89a-e065-4df4-9984-8695982985db: start FollowerState
2019-09-26 18:36:54,329 [pool-107-thread-1] INFO  util.JmxRegister (JmxRegister.java:tryRegister(44)) - Successfully registered JMX Bean with object name Ratis:service=RaftServer,group=group-63552BB98623,id=892de89a-e065-4df4-9984-8695982985db
2019-09-26 18:36:54,343 [pool-27-thread-1] INFO  impl.RaftServerImpl (RaftServerImpl.java:start(185)) - bea5dbfa-30de-4207-bffd-4513ad20f3de@group-63552BB98623: start as a follower, conf=-1: [892de89a-e065-4df4-9984-8695982985db:192.168.151.109:38189, bea5dbfa-30de-4207-bffd-4513ad20f3de:192.168.151.109:38435, f5f4fe3e-62aa-486e-b3bf-625e48bce7a6:192.168.151.109:44025], old=null
2019-09-26 18:36:54,343 [pool-27-thread-1] INFO  impl.RaftServerImpl (RaftServerImpl.java:setRole(174)) - bea5dbfa-30de-4207-bffd-4513ad20f3de@group-63552BB98623: changes role from      null to FOLLOWER at term 0 for startAsFollower
2019-09-26 18:36:54,343 [pool-27-thread-1] INFO  impl.RoleInfo (RoleInfo.java:updateAndGet(143)) - bea5dbfa-30de-4207-bffd-4513ad20f3de: start FollowerState
2019-09-26 18:36:54,344 [pool-27-thread-1] INFO  util.JmxRegister (JmxRegister.java:tryRegister(44)) - Successfully registered JMX Bean with object name Ratis:service=RaftServer,group=group-63552BB98623,id=bea5dbfa-30de-4207-bffd-4513ad20f3de
2019-09-26 18:36:54,352 [RatisPipelineUtilsThread] INFO  pipeline.PipelineStateManager (PipelineStateManager.java:addPipeline(56)) - Created pipeline Pipeline[ Id: e40071b0-3d49-4455-8c86-63552bb98623, Nodes: f5f4fe3e-62aa-486e-b3bf-625e48bce7a6{ip: 192.168.151.109, host: pr-hdds-2162-kpcbn-4093309294, networkLocation: /default-rack, certSerialId: null}892de89a-e065-4df4-9984-8695982985db{ip: 192.168.151.109, host: pr-hdds-2162-kpcbn-4093309294, networkLocation: /default-rack, certSerialId: null}bea5dbfa-30de-4207-bffd-4513ad20f3de{ip: 192.168.151.109, host: pr-hdds-2162-kpcbn-4093309294, networkLocation: /default-rack, certSerialId: null}, Type:RATIS, Factor:THREE, State:OPEN]
2019-09-26 18:36:54,371 [grpc-default-executor-0] INFO  impl.RaftServerProxy (RaftServerProxy.java:addNew(89)) - 00c41e76-79a8-40eb-9119-484acb6de979: addNew group-301C09F844F1:[940aeb20-161d-40ce-b26e-b994753f5674:192.168.151.109:34442, 00c41e76-79a8-40eb-9119-484acb6de979:192.168.151.109:40316, bf3c4117-d6f7-43a2-8fa2-683a0803af33:192.168.151.109:33211] returns group-301C09F844F1:java.util.concurrent.CompletableFuture@77ce21d3[Not completed]
2019-09-26 18:36:54,374 [pool-47-thread-1] INFO  impl.RaftServerImpl (RaftServerImpl.java:<init>(95)) - 00c41e76-79a8-40eb-9119-484acb6de979: new RaftServerImpl for group-301C09F844F1:[940aeb20-161d-40ce-b26e-b994753f5674:192.168.151.109:34442, 00c41e76-79a8-40eb-9119-484acb6de979:192.168.151.109:40316, bf3c4117-d6f7-43a2-8fa2-683a0803af33:192.168.151.109:33211] with ContainerStateMachine:uninitialized
2019-09-26 18:36:54,375 [pool-47-thread-1] INFO  server.RaftServerConfigKeys (ConfUtils.java:logGet(43)) - raft.server.rpc.timeout.min = 5s (custom)
2019-09-26 18:36:54,376 [grpc-default-executor-0] INFO  impl.RaftServerProxy (RaftServerProxy.java:addNew(89)) - 940aeb20-161d-40ce-b26e-b994753f5674: addNew group-301C09F844F1:[940aeb20-161d-40ce-b26e-b994753f5674:192.168.151.109:34442, 00c41e76-79a8-40eb-9119-484acb6de979:192.168.151.109:40316, bf3c4117-d6f7-43a2-8fa2-683a0803af33:192.168.151.109:33211] returns group-301C09F844F1:java.util.concurrent.CompletableFuture@52404a9d[Not completed]
2019-09-26 18:36:54,376 [pool-47-thread-1] INFO  server.RaftServerConfigKeys (ConfUtils.java:logGet(43)) - raft.server.rpc.timeout.max = 5200ms (custom)
2019-09-26 18:36:54,377 [pool-47-thread-1] INFO  server.RaftServerConfigKeys (ConfUtils.java:logGet(43)) - raft.server.rpcslowness.timeout = 120s (custom)
2019-09-26 18:36:54,378 [pool-47-thread-1] INFO  server.RaftServerConfigKeys (ConfUtils.java:logGet(43)) - raft.server.sleep.deviation.threshold = 300 (default)
2019-09-26 18:36:54,378 [pool-47-thread-1] INFO  server.RaftServerConfigKeys (ConfUtils.java:logGet(43)) - raft.server.log.appender.install.snapshot.enabled = false (custom)
2019-09-26 18:36:54,378 [grpc-default-executor-0] INFO  impl.RaftServerProxy (RaftServerProxy.java:addNew(89)) - bf3c4117-d6f7-43a2-8fa2-683a0803af33: addNew group-301C09F844F1:[940aeb20-161d-40ce-b26e-b994753f5674:192.168.151.109:34442, 00c41e76-79a8-40eb-9119-484acb6de979:192.168.151.109:40316, bf3c4117-d6f7-43a2-8fa2-683a0803af33:192.168.151.109:33211] returns group-301C09F844F1:java.util.concurrent.CompletableFuture@32640d5e[Not completed]
2019-09-26 18:36:54,378 [pool-47-thread-1] INFO  impl.RaftServerImpl (ServerState.java:<init>(103)) - 00c41e76-79a8-40eb-9119-484acb6de979@group-301C09F844F1: ConfigurationManager, init=-1: [940aeb20-161d-40ce-b26e-b994753f5674:192.168.151.109:34442, 00c41e76-79a8-40eb-9119-484acb6de979:192.168.151.109:40316, bf3c4117-d6f7-43a2-8fa2-683a0803af33:192.168.151.109:33211], old=null, confs=<EMPTY_MAP>
2019-09-26 18:36:54,378 [pool-47-thread-1] INFO  server.RaftServerConfigKeys (ConfUtils.java:logGet(43)) - raft.server.storage.dir = [/workdir/hadoop-ozone/integration-test/target/test-dir/MiniOzoneClusterImpl-92b4b651-8b24-41a6-8b84-80731fec252a/datanode-2/data/ratis] (custom)
2019-09-26 18:36:54,378 [pool-37-thread-1] INFO  impl.RaftServerImpl (RaftServerImpl.java:<init>(95)) - 940aeb20-161d-40ce-b26e-b994753f5674: new RaftServerImpl for group-301C09F844F1:[940aeb20-161d-40ce-b26e-b994753f5674:192.168.151.109:34442, 00c41e76-79a8-40eb-9119-484acb6de979:192.168.151.109:40316, bf3c4117-d6f7-43a2-8fa2-683a0803af33:192.168.151.109:33211] with ContainerStateMachine:uninitialized
2019-09-26 18:36:54,378 [pool-37-thread-1] INFO  server.RaftServerConfigKeys (ConfUtils.java:logGet(43)) - raft.server.rpc.timeout.min = 5s (custom)
2019-09-26 18:36:54,378 [pool-37-thread-1] INFO  server.RaftServerConfigKeys (ConfUtils.java:logGet(43)) - raft.server.rpc.timeout.max = 5200ms (custom)
2019-09-26 18:36:54,378 [pool-47-thread-1] INFO  storage.RaftStorageDirectory (RaftStorageDirectory.java:analyzeStorage(246)) - The storage directory /workdir/hadoop-ozone/integration-test/target/test-dir/MiniOzoneClusterImpl-92b4b651-8b24-41a6-8b84-80731fec252a/datanode-2/data/ratis/063ca848-a6ef-4367-8612-301c09f844f1 does not exist. Creating ...
2019-09-26 18:36:54,378 [pool-37-thread-1] INFO  server.RaftServerConfigKeys (ConfUtils.java:logGet(43)) - raft.server.rpcslowness.timeout = 120s (custom)
2019-09-26 18:36:54,379 [pool-97-thread-1] INFO  impl.RaftServerImpl (RaftServerImpl.java:<init>(95)) - bf3c4117-d6f7-43a2-8fa2-683a0803af33: new RaftServerImpl for group-301C09F844F1:[940aeb20-161d-40ce-b26e-b994753f5674:192.168.151.109:34442, 00c41e76-79a8-40eb-9119-484acb6de979:192.168.151.109:40316, bf3c4117-d6f7-43a2-8fa2-683a0803af33:192.168.151.109:33211] with ContainerStateMachine:uninitialized
2019-09-26 18:36:54,379 [pool-37-thread-1] INFO  server.RaftServerConfigKeys (ConfUtils.java:logGet(43)) - raft.server.sleep.deviation.threshold = 300 (default)
2019-09-26 18:36:54,379 [pool-97-thread-1] INFO  server.RaftServerConfigKeys (ConfUtils.java:logGet(43)) - raft.server.rpc.timeout.min = 5s (custom)
2019-09-26 18:36:54,379 [pool-37-thread-1] INFO  server.RaftServerConfigKeys (ConfUtils.java:logGet(43)) - raft.server.log.appender.install.snapshot.enabled = false (custom)
2019-09-26 18:36:54,379 [pool-97-thread-1] INFO  server.RaftServerConfigKeys (ConfUtils.java:logGet(43)) - raft.server.rpc.timeout.max = 5200ms (custom)
2019-09-26 18:36:54,379 [pool-37-thread-1] INFO  impl.RaftServerImpl (ServerState.java:<init>(103)) - 940aeb20-161d-40ce-b26e-b994753f5674@group-301C09F844F1: ConfigurationManager, init=-1: [940aeb20-161d-40ce-b26e-b994753f5674:192.168.151.109:34442, 00c41e76-79a8-40eb-9119-484acb6de979:192.168.151.109:40316, bf3c4117-d6f7-43a2-8fa2-683a0803af33:192.168.151.109:33211], old=null, confs=<EMPTY_MAP>
2019-09-26 18:36:54,379 [pool-97-thread-1] INFO  server.RaftServerConfigKeys (ConfUtils.java:logGet(43)) - raft.server.rpcslowness.timeout = 120s (custom)
2019-09-26 18:36:54,379 [pool-37-thread-1] INFO  server.RaftServerConfigKeys (ConfUtils.java:logGet(43)) - raft.server.storage.dir = [/workdir/hadoop-ozone/integration-test/target/test-dir/MiniOzoneClusterImpl-92b4b651-8b24-41a6-8b84-80731fec252a/datanode-1/data/ratis] (custom)
2019-09-26 18:36:54,379 [pool-97-thread-1] INFO  server.RaftServerConfigKeys (ConfUtils.java:logGet(43)) - raft.server.sleep.deviation.threshold = 300 (default)
2019-09-26 18:36:54,379 [pool-97-thread-1] INFO  server.RaftServerConfigKeys (ConfUtils.java:logGet(43)) - raft.server.log.appender.install.snapshot.enabled = false (custom)
2019-09-26 18:36:54,379 [pool-37-thread-1] INFO  storage.RaftStorageDirectory (RaftStorageDirectory.java:analyzeStorage(246)) - The storage directory /workdir/hadoop-ozone/integration-test/target/test-dir/MiniOzoneClusterImpl-92b4b651-8b24-41a6-8b84-80731fec252a/datanode-1/data/ratis/063ca848-a6ef-4367-8612-301c09f844f1 does not exist. Creating ...
2019-09-26 18:36:54,380 [pool-97-thread-1] INFO  impl.RaftServerImpl (ServerState.java:<init>(103)) - bf3c4117-d6f7-43a2-8fa2-683a0803af33@group-301C09F844F1: ConfigurationManager, init=-1: [940aeb20-161d-40ce-b26e-b994753f5674:192.168.151.109:34442, 00c41e76-79a8-40eb-9119-484acb6de979:192.168.151.109:40316, bf3c4117-d6f7-43a2-8fa2-683a0803af33:192.168.151.109:33211], old=null, confs=<EMPTY_MAP>
2019-09-26 18:36:54,380 [pool-97-thread-1] INFO  server.RaftServerConfigKeys (ConfUtils.java:logGet(43)) - raft.server.storage.dir = [/workdir/hadoop-ozone/integration-test/target/test-dir/MiniOzoneClusterImpl-92b4b651-8b24-41a6-8b84-80731fec252a/datanode-7/data/ratis] (custom)
2019-09-26 18:36:54,380 [pool-97-thread-1] INFO  storage.RaftStorageDirectory (RaftStorageDirectory.java:analyzeStorage(246)) - The storage directory /workdir/hadoop-ozone/integration-test/target/test-dir/MiniOzoneClusterImpl-92b4b651-8b24-41a6-8b84-80731fec252a/datanode-7/data/ratis/063ca848-a6ef-4367-8612-301c09f844f1 does not exist. Creating ...
2019-09-26 18:36:54,400 [pool-97-thread-1] INFO  storage.RaftStorageDirectory (RaftStorageDirectory.java:tryLock(328)) - Lock on /workdir/hadoop-ozone/integration-test/target/test-dir/MiniOzoneClusterImpl-92b4b651-8b24-41a6-8b84-80731fec252a/datanode-7/data/ratis/063ca848-a6ef-4367-8612-301c09f844f1/in_use.lock acquired by nodename 2878@pr-hdds-2162-kpcbn-4093309294
2019-09-26 18:36:54,400 [pool-47-thread-1] INFO  storage.RaftStorageDirectory (RaftStorageDirectory.java:tryLock(328)) - Lock on /workdir/hadoop-ozone/integration-test/target/test-dir/MiniOzoneClusterImpl-92b4b651-8b24-41a6-8b84-80731fec252a/datanode-2/data/ratis/063ca848-a6ef-4367-8612-301c09f844f1/in_use.lock acquired by nodename 2878@pr-hdds-2162-kpcbn-4093309294
2019-09-26 18:36:54,400 [pool-37-thread-1] INFO  storage.RaftStorageDirectory (RaftStorageDirectory.java:tryLock(328)) - Lock on /workdir/hadoop-ozone/integration-test/target/test-dir/MiniOzoneClusterImpl-92b4b651-8b24-41a6-8b84-80731fec252a/datanode-1/data/ratis/063ca848-a6ef-4367-8612-301c09f844f1/in_use.lock acquired by nodename 2878@pr-hdds-2162-kpcbn-4093309294
2019-09-26 18:36:54,414 [pool-37-thread-1] INFO  storage.RaftStorage (RaftStorage.java:format(72)) - Storage directory /workdir/hadoop-ozone/integration-test/target/test-dir/MiniOzoneClusterImpl-92b4b651-8b24-41a6-8b84-80731fec252a/datanode-1/data/ratis/063ca848-a6ef-4367-8612-301c09f844f1 has been successfully formatted.
2019-09-26 18:36:54,414 [pool-47-thread-1] INFO  storage.RaftStorage (RaftStorage.java:format(72)) - Storage directory /workdir/hadoop-ozone/integration-test/target/test-dir/MiniOzoneClusterImpl-92b4b651-8b24-41a6-8b84-80731fec252a/datanode-2/data/ratis/063ca848-a6ef-4367-8612-301c09f844f1 has been successfully formatted.
2019-09-26 18:36:54,414 [pool-97-thread-1] INFO  storage.RaftStorage (RaftStorage.java:format(72)) - Storage directory /workdir/hadoop-ozone/integration-test/target/test-dir/MiniOzoneClusterImpl-92b4b651-8b24-41a6-8b84-80731fec252a/datanode-7/data/ratis/063ca848-a6ef-4367-8612-301c09f844f1 has been successfully formatted.
2019-09-26 18:36:54,414 [pool-37-thread-1] INFO  ratis.ContainerStateMachine (ContainerStateMachine.java:loadSnapshot(230)) - group-301C09F844F1: The snapshot info is null. Setting the last applied indexto:(t:0, i:~)
2019-09-26 18:36:54,414 [pool-47-thread-1] INFO  ratis.ContainerStateMachine (ContainerStateMachine.java:loadSnapshot(230)) - group-301C09F844F1: The snapshot info is null. Setting the last applied indexto:(t:0, i:~)
2019-09-26 18:36:54,415 [pool-37-thread-1] INFO  server.RaftServerConfigKeys (ConfUtils.java:logGet(43)) - raft.server.notification.no-leader.timeout = 120s (custom)
2019-09-26 18:36:54,415 [pool-97-thread-1] INFO  ratis.ContainerStateMachine (ContainerStateMachine.java:loadSnapshot(230)) - group-301C09F844F1: The snapshot info is null. Setting the last applied indexto:(t:0, i:~)
2019-09-26 18:36:54,415 [pool-37-thread-1] INFO  server.RaftServerConfigKeys (ConfUtils.java:logGet(43)) - raft.server.log.use.memory = false (default)
2019-09-26 18:36:54,415 [pool-47-thread-1] INFO  server.RaftServerConfigKeys (ConfUtils.java:logGet(43)) - raft.server.notification.no-leader.timeout = 120s (custom)
2019-09-26 18:36:54,415 [pool-37-thread-1] INFO  server.RaftServerConfigKeys (ConfUtils.java:logGet(43)) - raft.server.log.purge.gap = 1000000 (custom)
2019-09-26 18:36:54,415 [pool-97-thread-1] INFO  server.RaftServerConfigKeys (ConfUtils.java:logGet(43)) - raft.server.notification.no-leader.timeout = 120s (custom)
2019-09-26 18:36:54,415 [pool-37-thread-1] INFO  server.RaftServerConfigKeys (ConfUtils.java:logGet(43)) - raft.server.log.appender.buffer.byte-limit = 33554432 (custom)
2019-09-26 18:36:54,415 [pool-47-thread-1] INFO  server.RaftServerConfigKeys (ConfUtils.java:logGet(43)) - raft.server.log.use.memory = false (default)
2019-09-26 18:36:54,415 [pool-37-thread-1] INFO  server.RaftServerConfigKeys (ConfUtils.java:logGet(43)) - raft.server.log.segment.size.max = 1048576 (custom)
2019-09-26 18:36:54,415 [pool-97-thread-1] INFO  server.RaftServerConfigKeys (ConfUtils.java:logGet(43)) - raft.server.log.use.memory = false (default)
2019-09-26 18:36:54,416 [pool-37-thread-1] INFO  server.RaftServerConfigKeys (ConfUtils.java:logGet(43)) - raft.server.log.segment.cache.num.max = 2 (custom)
2019-09-26 18:36:54,415 [pool-47-thread-1] INFO  server.RaftServerConfigKeys (ConfUtils.java:logGet(43)) - raft.server.log.purge.gap = 1000000 (custom)
2019-09-26 18:36:54,416 [pool-37-thread-1] INFO  segmented.SegmentedRaftLogWorker (SegmentedRaftLogWorker.java:<init>(172)) - new 940aeb20-161d-40ce-b26e-b994753f5674@group-301C09F844F1-SegmentedRaftLogWorker for RaftStorage:Storage Directory /workdir/hadoop-ozone/integration-test/target/test-dir/MiniOzoneClusterImpl-92b4b651-8b24-41a6-8b84-80731fec252a/datanode-1/data/ratis/063ca848-a6ef-4367-8612-301c09f844f1
2019-09-26 18:36:54,416 [pool-97-thread-1] INFO  server.RaftServerConfigKeys (ConfUtils.java:logGet(43)) - raft.server.log.purge.gap = 1000000 (custom)
2019-09-26 18:36:54,416 [pool-37-thread-1] INFO  server.RaftServerConfigKeys (ConfUtils.java:logGet(43)) - raft.server.log.queue.byte-limit = 2147483647 (custom)
2019-09-26 18:36:54,416 [pool-47-thread-1] INFO  server.RaftServerConfigKeys (ConfUtils.java:logGet(43)) - raft.server.log.appender.buffer.byte-limit = 33554432 (custom)
2019-09-26 18:36:54,416 [pool-37-thread-1] INFO  server.RaftServerConfigKeys (ConfUtils.java:logGet(43)) - raft.server.log.queue.element-limit = 1024 (custom)
2019-09-26 18:36:54,416 [pool-97-thread-1] INFO  server.RaftServerConfigKeys (ConfUtils.java:logGet(43)) - raft.server.log.appender.buffer.byte-limit = 33554432 (custom)
2019-09-26 18:36:54,416 [pool-37-thread-1] INFO  server.RaftServerConfigKeys (ConfUtils.java:logGet(43)) - raft.server.log.segment.size.max = 1048576 (custom)
2019-09-26 18:36:54,416 [pool-47-thread-1] INFO  server.RaftServerConfigKeys (ConfUtils.java:logGet(43)) - raft.server.log.segment.size.max = 1048576 (custom)
2019-09-26 18:36:54,416 [pool-37-thread-1] INFO  server.RaftServerConfigKeys (ConfUtils.java:logGet(43)) - raft.server.log.preallocated.size = 16384 (custom)
2019-09-26 18:36:54,416 [pool-97-thread-1] INFO  server.RaftServerConfigKeys (ConfUtils.java:logGet(43)) - raft.server.log.segment.size.max = 1048576 (custom)
2019-09-26 18:36:54,417 [pool-37-thread-1] INFO  server.RaftServerConfigKeys (ConfUtils.java:logGet(43)) - raft.server.log.write.buffer.size = 33554432 (custom)
2019-09-26 18:36:54,417 [pool-47-thread-1] INFO  server.RaftServerConfigKeys (ConfUtils.java:logGet(43)) - raft.server.log.segment.cache.num.max = 2 (custom)
2019-09-26 18:36:54,417 [pool-37-thread-1] INFO  server.RaftServerConfigKeys (ConfUtils.java:logGet(43)) - raft.server.log.force.sync.num = 128 (default)
2019-09-26 18:36:54,417 [pool-97-thread-1] INFO  server.RaftServerConfigKeys (ConfUtils.java:logGet(43)) - raft.server.log.segment.cache.num.max = 2 (custom)
2019-09-26 18:36:54,417 [pool-37-thread-1] INFO  server.RaftServerConfigKeys (ConfUtils.java:logGet(43)) - raft.server.log.statemachine.data.sync = true (default)
2019-09-26 18:36:54,417 [pool-47-thread-1] INFO  segmented.SegmentedRaftLogWorker (SegmentedRaftLogWorker.java:<init>(172)) - new 00c41e76-79a8-40eb-9119-484acb6de979@group-301C09F844F1-SegmentedRaftLogWorker for RaftStorage:Storage Directory /workdir/hadoop-ozone/integration-test/target/test-dir/MiniOzoneClusterImpl-92b4b651-8b24-41a6-8b84-80731fec252a/datanode-2/data/ratis/063ca848-a6ef-4367-8612-301c09f844f1
2019-09-26 18:36:54,417 [pool-37-thread-1] INFO  server.RaftServerConfigKeys (ConfUtils.java:logGet(43)) - raft.server.log.statemachine.data.sync.timeout = 10s (default)
2019-09-26 18:36:54,417 [pool-97-thread-1] INFO  segmented.SegmentedRaftLogWorker (SegmentedRaftLogWorker.java:<init>(172)) - new bf3c4117-d6f7-43a2-8fa2-683a0803af33@group-301C09F844F1-SegmentedRaftLogWorker for RaftStorage:Storage Directory /workdir/hadoop-ozone/integration-test/target/test-dir/MiniOzoneClusterImpl-92b4b651-8b24-41a6-8b84-80731fec252a/datanode-7/data/ratis/063ca848-a6ef-4367-8612-301c09f844f1
2019-09-26 18:36:54,417 [pool-37-thread-1] INFO  server.RaftServerConfigKeys (ConfUtils.java:logGet(43)) - raft.server.log.statemachine.data.sync.timeout.retry = -1 (default)
2019-09-26 18:36:54,417 [pool-47-thread-1] INFO  server.RaftServerConfigKeys (ConfUtils.java:logGet(43)) - raft.server.log.queue.byte-limit = 2147483647 (custom)
2019-09-26 18:36:54,418 [pool-37-thread-1] INFO  server.RaftServerConfigKeys (ConfUtils.java:logGet(43)) - raft.server.log.statemachine.data.caching.enabled = true (custom)
2019-09-26 18:36:54,418 [pool-97-thread-1] INFO  server.RaftServerConfigKeys (ConfUtils.java:logGet(43)) - raft.server.log.queue.byte-limit = 2147483647 (custom)
2019-09-26 18:36:54,418 [pool-47-thread-1] INFO  server.RaftServerConfigKeys (ConfUtils.java:logGet(43)) - raft.server.log.queue.element-limit = 1024 (custom)
2019-09-26 18:36:54,418 [pool-37-thread-1] INFO  segmented.SegmentedRaftLogWorker (SegmentedRaftLogWorker.java:lambda$new$0(132)) - 940aeb20-161d-40ce-b26e-b994753f5674@group-301C09F844F1-SegmentedRaftLogWorker: flushIndex: setUnconditionally 0 -> -1
2019-09-26 18:36:54,418 [pool-97-thread-1] INFO  server.RaftServerConfigKeys (ConfUtils.java:logGet(43)) - raft.server.log.queue.element-limit = 1024 (custom)
2019-09-26 18:36:54,418 [pool-47-thread-1] INFO  server.RaftServerConfigKeys (ConfUtils.java:logGet(43)) - raft.server.log.segment.size.max = 1048576 (custom)
2019-09-26 18:36:54,418 [pool-37-thread-1] INFO  server.RaftServerConfigKeys (ConfUtils.java:logGet(43)) - raft.server.snapshot.auto.trigger.enabled = true (custom)
2019-09-26 18:36:54,418 [pool-97-thread-1] INFO  server.RaftServerConfigKeys (ConfUtils.java:logGet(43)) - raft.server.log.segment.size.max = 1048576 (custom)
2019-09-26 18:36:54,418 [pool-37-thread-1] INFO  server.RaftServerConfigKeys (ConfUtils.java:logGet(43)) - raft.server.snapshot.auto.trigger.threshold = 10000 (custom)
2019-09-26 18:36:54,418 [pool-47-thread-1] INFO  server.RaftServerConfigKeys (ConfUtils.java:logGet(43)) - raft.server.log.preallocated.size = 16384 (custom)
2019-09-26 18:36:54,419 [pool-37-thread-1] INFO  server.RaftServerConfigKeys (ConfUtils.java:logGet(43)) - raft.server.snapshot.retention.num.files = 5 (custom)
2019-09-26 18:36:54,419 [pool-97-thread-1] INFO  server.RaftServerConfigKeys (ConfUtils.java:logGet(43)) - raft.server.log.preallocated.size = 16384 (custom)
2019-09-26 18:36:54,419 [pool-37-thread-1] INFO  server.RaftServerConfigKeys (ConfUtils.java:logGet(43)) - raft.server.retrycache.expirytime = 600000ms (custom)
2019-09-26 18:36:54,419 [pool-47-thread-1] INFO  server.RaftServerConfigKeys (ConfUtils.java:logGet(43)) - raft.server.log.write.buffer.size = 33554432 (custom)
2019-09-26 18:36:54,419 [pool-97-thread-1] INFO  server.RaftServerConfigKeys (ConfUtils.java:logGet(43)) - raft.server.log.write.buffer.size = 33554432 (custom)
2019-09-26 18:36:54,419 [pool-47-thread-1] INFO  server.RaftServerConfigKeys (ConfUtils.java:logGet(43)) - raft.server.log.force.sync.num = 128 (default)
2019-09-26 18:36:54,419 [pool-97-thread-1] INFO  server.RaftServerConfigKeys (ConfUtils.java:logGet(43)) - raft.server.log.force.sync.num = 128 (default)
2019-09-26 18:36:54,419 [pool-47-thread-1] INFO  server.RaftServerConfigKeys (ConfUtils.java:logGet(43)) - raft.server.log.statemachine.data.sync = true (default)
2019-09-26 18:36:54,419 [pool-97-thread-1] INFO  server.RaftServerConfigKeys (ConfUtils.java:logGet(43)) - raft.server.log.statemachine.data.sync = true (default)
2019-09-26 18:36:54,420 [pool-47-thread-1] INFO  server.RaftServerConfigKeys (ConfUtils.java:logGet(43)) - raft.server.log.statemachine.data.sync.timeout = 10s (default)
2019-09-26 18:36:54,420 [pool-97-thread-1] INFO  server.RaftServerConfigKeys (ConfUtils.java:logGet(43)) - raft.server.log.statemachine.data.sync.timeout = 10s (default)
2019-09-26 18:36:54,420 [pool-47-thread-1] INFO  server.RaftServerConfigKeys (ConfUtils.java:logGet(43)) - raft.server.log.statemachine.data.sync.timeout.retry = -1 (default)
2019-09-26 18:36:54,420 [pool-97-thread-1] INFO  server.RaftServerConfigKeys (ConfUtils.java:logGet(43)) - raft.server.log.statemachine.data.sync.timeout.retry = -1 (default)
2019-09-26 18:36:54,420 [pool-47-thread-1] INFO  server.RaftServerConfigKeys (ConfUtils.java:logGet(43)) - raft.server.log.statemachine.data.caching.enabled = true (custom)
2019-09-26 18:36:54,420 [pool-97-thread-1] INFO  server.RaftServerConfigKeys (ConfUtils.java:logGet(43)) - raft.server.log.statemachine.data.caching.enabled = true (custom)
2019-09-26 18:36:54,420 [pool-47-thread-1] INFO  segmented.SegmentedRaftLogWorker (SegmentedRaftLogWorker.java:lambda$new$0(132)) - 00c41e76-79a8-40eb-9119-484acb6de979@group-301C09F844F1-SegmentedRaftLogWorker: flushIndex: setUnconditionally 0 -> -1
2019-09-26 18:36:54,420 [pool-97-thread-1] INFO  segmented.SegmentedRaftLogWorker (SegmentedRaftLogWorker.java:lambda$new$0(132)) - bf3c4117-d6f7-43a2-8fa2-683a0803af33@group-301C09F844F1-SegmentedRaftLogWorker: flushIndex: setUnconditionally 0 -> -1
2019-09-26 18:36:54,421 [pool-47-thread-1] INFO  server.RaftServerConfigKeys (ConfUtils.java:logGet(43)) - raft.server.snapshot.auto.trigger.enabled = true (custom)
2019-09-26 18:36:54,423 [pool-47-thread-1] INFO  server.RaftServerConfigKeys (ConfUtils.java:logGet(43)) - raft.server.snapshot.auto.trigger.threshold = 10000 (custom)
2019-09-26 18:36:54,423 [pool-97-thread-1] INFO  server.RaftServerConfigKeys (ConfUtils.java:logGet(43)) - raft.server.snapshot.auto.trigger.enabled = true (custom)
2019-09-26 18:36:54,423 [pool-47-thread-1] INFO  server.RaftServerConfigKeys (ConfUtils.java:logGet(43)) - raft.server.snapshot.retention.num.files = 5 (custom)
2019-09-26 18:36:54,423 [pool-37-thread-1] INFO  impl.RaftServerImpl (RaftServerImpl.java:start(185)) - 940aeb20-161d-40ce-b26e-b994753f5674@group-301C09F844F1: start as a follower, conf=-1: [940aeb20-161d-40ce-b26e-b994753f5674:192.168.151.109:34442, 00c41e76-79a8-40eb-9119-484acb6de979:192.168.151.109:40316, bf3c4117-d6f7-43a2-8fa2-683a0803af33:192.168.151.109:33211], old=null
2019-09-26 18:36:54,423 [pool-97-thread-1] INFO  server.RaftServerConfigKeys (ConfUtils.java:logGet(43)) - raft.server.snapshot.auto.trigger.threshold = 10000 (custom)
2019-09-26 18:36:54,423 [pool-37-thread-1] INFO  impl.RaftServerImpl (RaftServerImpl.java:setRole(174)) - 940aeb20-161d-40ce-b26e-b994753f5674@group-301C09F844F1: changes role from      null to FOLLOWER at term 0 for startAsFollower
2019-09-26 18:36:54,423 [pool-47-thread-1] INFO  server.RaftServerConfigKeys (ConfUtils.java:logGet(43)) - raft.server.retrycache.expirytime = 600000ms (custom)
2019-09-26 18:36:54,423 [pool-37-thread-1] INFO  impl.RoleInfo (RoleInfo.java:updateAndGet(143)) - 940aeb20-161d-40ce-b26e-b994753f5674: start FollowerState
2019-09-26 18:36:54,423 [pool-97-thread-1] INFO  server.RaftServerConfigKeys (ConfUtils.java:logGet(43)) - raft.server.snapshot.retention.num.files = 5 (custom)
2019-09-26 18:36:54,424 [pool-97-thread-1] INFO  server.RaftServerConfigKeys (ConfUtils.java:logGet(43)) - raft.server.retrycache.expirytime = 600000ms (custom)
2019-09-26 18:36:54,424 [pool-37-thread-1] INFO  util.JmxRegister (JmxRegister.java:tryRegister(44)) - Successfully registered JMX Bean with object name Ratis:service=RaftServer,group=group-301C09F844F1,id=940aeb20-161d-40ce-b26e-b994753f5674
2019-09-26 18:36:54,425 [pool-47-thread-1] INFO  impl.RaftServerImpl (RaftServerImpl.java:start(185)) - 00c41e76-79a8-40eb-9119-484acb6de979@group-301C09F844F1: start as a follower, conf=-1: [940aeb20-161d-40ce-b26e-b994753f5674:192.168.151.109:34442, 00c41e76-79a8-40eb-9119-484acb6de979:192.168.151.109:40316, bf3c4117-d6f7-43a2-8fa2-683a0803af33:192.168.151.109:33211], old=null
2019-09-26 18:36:54,425 [pool-47-thread-1] INFO  impl.RaftServerImpl (RaftServerImpl.java:setRole(174)) - 00c41e76-79a8-40eb-9119-484acb6de979@group-301C09F844F1: changes role from      null to FOLLOWER at term 0 for startAsFollower
2019-09-26 18:36:54,426 [pool-47-thread-1] INFO  impl.RoleInfo (RoleInfo.java:updateAndGet(143)) - 00c41e76-79a8-40eb-9119-484acb6de979: start FollowerState
2019-09-26 18:36:54,426 [pool-97-thread-1] INFO  impl.RaftServerImpl (RaftServerImpl.java:start(185)) - bf3c4117-d6f7-43a2-8fa2-683a0803af33@group-301C09F844F1: start as a follower, conf=-1: [940aeb20-161d-40ce-b26e-b994753f5674:192.168.151.109:34442, 00c41e76-79a8-40eb-9119-484acb6de979:192.168.151.109:40316, bf3c4117-d6f7-43a2-8fa2-683a0803af33:192.168.151.109:33211], old=null
2019-09-26 18:36:54,426 [pool-97-thread-1] INFO  impl.RaftServerImpl (RaftServerImpl.java:setRole(174)) - bf3c4117-d6f7-43a2-8fa2-683a0803af33@group-301C09F844F1: changes role from      null to FOLLOWER at term 0 for startAsFollower
2019-09-26 18:36:54,426 [pool-47-thread-1] INFO  util.JmxRegister (JmxRegister.java:tryRegister(44)) - Successfully registered JMX Bean with object name Ratis:service=RaftServer,group=group-301C09F844F1,id=00c41e76-79a8-40eb-9119-484acb6de979
2019-09-26 18:36:54,428 [pool-97-thread-1] INFO  impl.RoleInfo (RoleInfo.java:updateAndGet(143)) - bf3c4117-d6f7-43a2-8fa2-683a0803af33: start FollowerState
2019-09-26 18:36:54,428 [pool-97-thread-1] INFO  util.JmxRegister (JmxRegister.java:tryRegister(44)) - Successfully registered JMX Bean with object name Ratis:service=RaftServer,group=group-301C09F844F1,id=bf3c4117-d6f7-43a2-8fa2-683a0803af33
2019-09-26 18:36:54,435 [RatisPipelineUtilsThread] INFO  pipeline.PipelineStateManager (PipelineStateManager.java:addPipeline(56)) - Created pipeline Pipeline[ Id: 063ca848-a6ef-4367-8612-301c09f844f1, Nodes: 00c41e76-79a8-40eb-9119-484acb6de979{ip: 192.168.151.109, host: pr-hdds-2162-kpcbn-4093309294, networkLocation: /default-rack, certSerialId: null}bf3c4117-d6f7-43a2-8fa2-683a0803af33{ip: 192.168.151.109, host: pr-hdds-2162-kpcbn-4093309294, networkLocation: /default-rack, certSerialId: null}940aeb20-161d-40ce-b26e-b994753f5674{ip: 192.168.151.109, host: pr-hdds-2162-kpcbn-4093309294, networkLocation: /default-rack, certSerialId: null}, Type:RATIS, Factor:THREE, State:OPEN]
2019-09-26 18:36:55,191 [Thread-283] INFO  container.ReplicationManager (ReplicationManager.java:start(162)) - Starting Replication Monitor Thread.
2019-09-26 18:36:55,193 [ReplicationMonitor] INFO  container.ReplicationManager (ReplicationManager.java:run(225)) - Replication Monitor Thread took 1 milliseconds for processing 0 containers.
2019-09-26 18:36:55,360 [main] INFO  ipc.Client (Client.java:handleConnectionFailure(948)) - Retrying connect to server: localhost/127.0.0.1:0. Already tried 0 time(s); retry policy is RetryUpToMaximumCountWithFixedSleep(maxRetries=10, sleepTime=1000 MILLISECONDS)
2019-09-26 18:36:56,365 [main] INFO  ipc.Client (Client.java:handleConnectionFailure(948)) - Retrying connect to server: localhost/127.0.0.1:0. Already tried 1 time(s); retry policy is RetryUpToMaximumCountWithFixedSleep(maxRetries=10, sleepTime=1000 MILLISECONDS)
2019-09-26 18:36:57,367 [main] INFO  ipc.Client (Client.java:handleConnectionFailure(948)) - Retrying connect to server: localhost/127.0.0.1:0. Already tried 2 time(s); retry policy is RetryUpToMaximumCountWithFixedSleep(maxRetries=10, sleepTime=1000 MILLISECONDS)
2019-09-26 18:36:58,006 [Thread-285] INFO  impl.FollowerState (FollowerState.java:run(106)) - bea5dbfa-30de-4207-bffd-4513ad20f3de:group-5C01FDF9F4B1 changes to CANDIDATE, lastRpcTime:5037, electionTimeout:5037ms
2019-09-26 18:36:58,012 [Thread-285] INFO  impl.RoleInfo (RoleInfo.java:shutdownFollowerState(121)) - bea5dbfa-30de-4207-bffd-4513ad20f3de: shutdown FollowerState
2019-09-26 18:36:58,013 [Thread-285] INFO  impl.RaftServerImpl (RaftServerImpl.java:setRole(174)) - bea5dbfa-30de-4207-bffd-4513ad20f3de@group-5C01FDF9F4B1: changes role from  FOLLOWER to CANDIDATE at term 0 for changeToCandidate
2019-09-26 18:36:58,021 [Thread-285] INFO  impl.RoleInfo (RoleInfo.java:updateAndGet(143)) - bea5dbfa-30de-4207-bffd-4513ad20f3de: start LeaderElection
2019-09-26 18:36:58,045 [bea5dbfa-30de-4207-bffd-4513ad20f3de@group-5C01FDF9F4B1:LeaderElection1] INFO  impl.LeaderElection (LeaderElection.java:askForVotes(182)) - bea5dbfa-30de-4207-bffd-4513ad20f3de@group-5C01FDF9F4B1:LeaderElection1: begin an election at term 1 for -1: [bea5dbfa-30de-4207-bffd-4513ad20f3de:192.168.151.109:38435], old=null
2019-09-26 18:36:58,047 [bea5dbfa-30de-4207-bffd-4513ad20f3de@group-5C01FDF9F4B1:LeaderElection1] INFO  impl.RoleInfo (RoleInfo.java:shutdownLeaderElection(134)) - bea5dbfa-30de-4207-bffd-4513ad20f3de: shutdown LeaderElection
2019-09-26 18:36:58,048 [bea5dbfa-30de-4207-bffd-4513ad20f3de@group-5C01FDF9F4B1:LeaderElection1] INFO  impl.RaftServerImpl (RaftServerImpl.java:setRole(174)) - bea5dbfa-30de-4207-bffd-4513ad20f3de@group-5C01FDF9F4B1: changes role from CANDIDATE to LEADER at term 1 for changeToLeader
2019-09-26 18:36:58,048 [bea5dbfa-30de-4207-bffd-4513ad20f3de@group-5C01FDF9F4B1:LeaderElection1] INFO  impl.RaftServerImpl (ServerState.java:setLeader(253)) - bea5dbfa-30de-4207-bffd-4513ad20f3de@group-5C01FDF9F4B1: change Leader from null to bea5dbfa-30de-4207-bffd-4513ad20f3de at term 1 for becomeLeader, leader elected after 5215ms
2019-09-26 18:36:58,055 [bea5dbfa-30de-4207-bffd-4513ad20f3de@group-5C01FDF9F4B1:LeaderElection1] INFO  server.RaftServerConfigKeys (ConfUtils.java:logGet(43)) - raft.server.staging.catchup.gap = 1000 (default)
2019-09-26 18:36:58,055 [bea5dbfa-30de-4207-bffd-4513ad20f3de@group-5C01FDF9F4B1:LeaderElection1] INFO  server.RaftServerConfigKeys (ConfUtils.java:logGet(43)) - raft.server.rpc.sleep.time = 25ms (default)
2019-09-26 18:36:58,058 [bea5dbfa-30de-4207-bffd-4513ad20f3de@group-5C01FDF9F4B1:LeaderElection1] INFO  server.RaftServerConfigKeys (ConfUtils.java:logGet(43)) - raft.server.write.element-limit = 4096 (default)
2019-09-26 18:36:58,061 [bea5dbfa-30de-4207-bffd-4513ad20f3de@group-5C01FDF9F4B1:LeaderElection1] INFO  server.RaftServerConfigKeys (ConfUtils.java:logGet(43)) - raft.server.watch.timeout = 10s (default)
2019-09-26 18:36:58,061 [bea5dbfa-30de-4207-bffd-4513ad20f3de@group-5C01FDF9F4B1:LeaderElection1] INFO  server.RaftServerConfigKeys (ConfUtils.java:logGet(43)) - raft.server.watch.timeout.denomination = 1s (default)
2019-09-26 18:36:58,062 [bea5dbfa-30de-4207-bffd-4513ad20f3de@group-5C01FDF9F4B1:LeaderElection1] INFO  server.RaftServerConfigKeys (ConfUtils.java:logGet(43)) - raft.server.watch.element-limit = 65536 (default)
2019-09-26 18:36:58,075 [bea5dbfa-30de-4207-bffd-4513ad20f3de@group-5C01FDF9F4B1:LeaderElection1] INFO  impl.RoleInfo (RoleInfo.java:updateAndGet(143)) - bea5dbfa-30de-4207-bffd-4513ad20f3de: start LeaderState
2019-09-26 18:36:58,097 [bea5dbfa-30de-4207-bffd-4513ad20f3de@group-5C01FDF9F4B1:LeaderElection1] INFO  segmented.SegmentedRaftLogWorker (SegmentedRaftLogWorker.java:startLogSegment(380)) - bea5dbfa-30de-4207-bffd-4513ad20f3de@group-5C01FDF9F4B1-SegmentedRaftLogWorker: Starting segment from index:0
2019-09-26 18:36:58,105 [bea5dbfa-30de-4207-bffd-4513ad20f3de@group-5C01FDF9F4B1:LeaderElection1] INFO  impl.RaftServerImpl (ServerState.java:setRaftConf(354)) - bea5dbfa-30de-4207-bffd-4513ad20f3de@group-5C01FDF9F4B1: set configuration 0: [bea5dbfa-30de-4207-bffd-4513ad20f3de:192.168.151.109:38435], old=null at 0
2019-09-26 18:36:58,325 [Thread-288] INFO  impl.FollowerState (FollowerState.java:run(106)) - ff546a1f-819d-426e-b61a-e2a594c97aae:group-FF21CED43AC6 changes to CANDIDATE, lastRpcTime:5098, electionTimeout:5096ms
2019-09-26 18:36:58,329 [Thread-288] INFO  impl.RoleInfo (RoleInfo.java:shutdownFollowerState(121)) - ff546a1f-819d-426e-b61a-e2a594c97aae: shutdown FollowerState
2019-09-26 18:36:58,329 [Thread-288] INFO  impl.RaftServerImpl (RaftServerImpl.java:setRole(174)) - ff546a1f-819d-426e-b61a-e2a594c97aae@group-FF21CED43AC6: changes role from  FOLLOWER to CANDIDATE at term 0 for changeToCandidate
2019-09-26 18:36:58,330 [Thread-288] INFO  impl.RoleInfo (RoleInfo.java:updateAndGet(143)) - ff546a1f-819d-426e-b61a-e2a594c97aae: start LeaderElection
2019-09-26 18:36:58,335 [bea5dbfa-30de-4207-bffd-4513ad20f3de@group-5C01FDF9F4B1-SegmentedRaftLogWorker] INFO  segmented.SegmentedRaftLogWorker (SegmentedRaftLogWorker.java:execute(569)) - bea5dbfa-30de-4207-bffd-4513ad20f3de@group-5C01FDF9F4B1-SegmentedRaftLogWorker: created new log segment /workdir/hadoop-ozone/integration-test/target/test-dir/MiniOzoneClusterImpl-92b4b651-8b24-41a6-8b84-80731fec252a/datanode-0/data/ratis/65655a77-7a6a-47f5-94fb-5c01fdf9f4b1/current/log_inprogress_0
2019-09-26 18:36:58,349 [ff546a1f-819d-426e-b61a-e2a594c97aae@group-FF21CED43AC6:LeaderElection2] INFO  impl.LeaderElection (LeaderElection.java:askForVotes(182)) - ff546a1f-819d-426e-b61a-e2a594c97aae@group-FF21CED43AC6:LeaderElection2: begin an election at term 1 for -1: [ff546a1f-819d-426e-b61a-e2a594c97aae:192.168.151.109:45585], old=null
2019-09-26 18:36:58,352 [ff546a1f-819d-426e-b61a-e2a594c97aae@group-FF21CED43AC6:LeaderElection2] INFO  impl.RoleInfo (RoleInfo.java:shutdownLeaderElection(134)) - ff546a1f-819d-426e-b61a-e2a594c97aae: shutdown LeaderElection
2019-09-26 18:36:58,352 [ff546a1f-819d-426e-b61a-e2a594c97aae@group-FF21CED43AC6:LeaderElection2] INFO  impl.RaftServerImpl (RaftServerImpl.java:setRole(174)) - ff546a1f-819d-426e-b61a-e2a594c97aae@group-FF21CED43AC6: changes role from CANDIDATE to LEADER at term 1 for changeToLeader
2019-09-26 18:36:58,352 [ff546a1f-819d-426e-b61a-e2a594c97aae@group-FF21CED43AC6:LeaderElection2] INFO  impl.RaftServerImpl (ServerState.java:setLeader(253)) - ff546a1f-819d-426e-b61a-e2a594c97aae@group-FF21CED43AC6: change Leader from null to ff546a1f-819d-426e-b61a-e2a594c97aae at term 1 for becomeLeader, leader elected after 5146ms
2019-09-26 18:36:58,352 [ff546a1f-819d-426e-b61a-e2a594c97aae@group-FF21CED43AC6:LeaderElection2] INFO  server.RaftServerConfigKeys (ConfUtils.java:logGet(43)) - raft.server.staging.catchup.gap = 1000 (default)
2019-09-26 18:36:58,353 [ff546a1f-819d-426e-b61a-e2a594c97aae@group-FF21CED43AC6:LeaderElection2] INFO  server.RaftServerConfigKeys (ConfUtils.java:logGet(43)) - raft.server.rpc.sleep.time = 25ms (default)
2019-09-26 18:36:58,353 [ff546a1f-819d-426e-b61a-e2a594c97aae@group-FF21CED43AC6:LeaderElection2] INFO  server.RaftServerConfigKeys (ConfUtils.java:logGet(43)) - raft.server.write.element-limit = 4096 (default)
2019-09-26 18:36:58,353 [ff546a1f-819d-426e-b61a-e2a594c97aae@group-FF21CED43AC6:LeaderElection2] INFO  server.RaftServerConfigKeys (ConfUtils.java:logGet(43)) - raft.server.watch.timeout = 10s (default)
2019-09-26 18:36:58,353 [ff546a1f-819d-426e-b61a-e2a594c97aae@group-FF21CED43AC6:LeaderElection2] INFO  server.RaftServerConfigKeys (ConfUtils.java:logGet(43)) - raft.server.watch.timeout.denomination = 1s (default)
2019-09-26 18:36:58,353 [ff546a1f-819d-426e-b61a-e2a594c97aae@group-FF21CED43AC6:LeaderElection2] INFO  server.RaftServerConfigKeys (ConfUtils.java:logGet(43)) - raft.server.watch.element-limit = 65536 (default)
2019-09-26 18:36:58,356 [ff546a1f-819d-426e-b61a-e2a594c97aae@group-FF21CED43AC6:LeaderElection2] INFO  impl.RoleInfo (RoleInfo.java:updateAndGet(143)) - ff546a1f-819d-426e-b61a-e2a594c97aae: start LeaderState
2019-09-26 18:36:58,356 [ff546a1f-819d-426e-b61a-e2a594c97aae@group-FF21CED43AC6:LeaderElection2] INFO  segmented.SegmentedRaftLogWorker (SegmentedRaftLogWorker.java:startLogSegment(380)) - ff546a1f-819d-426e-b61a-e2a594c97aae@group-FF21CED43AC6-SegmentedRaftLogWorker: Starting segment from index:0
2019-09-26 18:36:58,356 [ff546a1f-819d-426e-b61a-e2a594c97aae@group-FF21CED43AC6:LeaderElection2] INFO  impl.RaftServerImpl (ServerState.java:setRaftConf(354)) - ff546a1f-819d-426e-b61a-e2a594c97aae@group-FF21CED43AC6: set configuration 0: [ff546a1f-819d-426e-b61a-e2a594c97aae:192.168.151.109:45585], old=null at 0
2019-09-26 18:36:58,393 [main] INFO  ipc.Client (Client.java:handleConnectionFailure(948)) - Retrying connect to server: localhost/127.0.0.1:0. Already tried 3 time(s); retry policy is RetryUpToMaximumCountWithFixedSleep(maxRetries=10, sleepTime=1000 MILLISECONDS)
2019-09-26 18:36:58,406 [ff546a1f-819d-426e-b61a-e2a594c97aae@group-FF21CED43AC6-SegmentedRaftLogWorker] INFO  segmented.SegmentedRaftLogWorker (SegmentedRaftLogWorker.java:execute(569)) - ff546a1f-819d-426e-b61a-e2a594c97aae@group-FF21CED43AC6-SegmentedRaftLogWorker: created new log segment /workdir/hadoop-ozone/integration-test/target/test-dir/MiniOzoneClusterImpl-92b4b651-8b24-41a6-8b84-80731fec252a/datanode-6/data/ratis/30f3ddd5-5ffe-40a3-9e42-ff21ced43ac6/current/log_inprogress_0
2019-09-26 18:36:58,600 [Thread-291] INFO  impl.FollowerState (FollowerState.java:run(106)) - d9ddad26-0ab8-49f0-a7fe-969d04a2d023:group-975C9BA71A40 changes to CANDIDATE, lastRpcTime:5177, electionTimeout:5177ms
2019-09-26 18:36:58,601 [Thread-291] INFO  impl.RoleInfo (RoleInfo.java:shutdownFollowerState(121)) - d9ddad26-0ab8-49f0-a7fe-969d04a2d023: shutdown FollowerState
2019-09-26 18:36:58,601 [Thread-291] INFO  impl.RaftServerImpl (RaftServerImpl.java:setRole(174)) - d9ddad26-0ab8-49f0-a7fe-969d04a2d023@group-975C9BA71A40: changes role from  FOLLOWER to CANDIDATE at term 0 for changeToCandidate
2019-09-26 18:36:58,601 [Thread-291] INFO  impl.RoleInfo (RoleInfo.java:updateAndGet(143)) - d9ddad26-0ab8-49f0-a7fe-969d04a2d023: start LeaderElection
2019-09-26 18:36:58,622 [d9ddad26-0ab8-49f0-a7fe-969d04a2d023@group-975C9BA71A40:LeaderElection3] INFO  impl.LeaderElection (LeaderElection.java:askForVotes(182)) - d9ddad26-0ab8-49f0-a7fe-969d04a2d023@group-975C9BA71A40:LeaderElection3: begin an election at term 1 for -1: [d9ddad26-0ab8-49f0-a7fe-969d04a2d023:192.168.151.109:36608], old=null
2019-09-26 18:36:58,622 [d9ddad26-0ab8-49f0-a7fe-969d04a2d023@group-975C9BA71A40:LeaderElection3] INFO  impl.RoleInfo (RoleInfo.java:shutdownLeaderElection(134)) - d9ddad26-0ab8-49f0-a7fe-969d04a2d023: shutdown LeaderElection
2019-09-26 18:36:58,622 [d9ddad26-0ab8-49f0-a7fe-969d04a2d023@group-975C9BA71A40:LeaderElection3] INFO  impl.RaftServerImpl (RaftServerImpl.java:setRole(174)) - d9ddad26-0ab8-49f0-a7fe-969d04a2d023@group-975C9BA71A40: changes role from CANDIDATE to LEADER at term 1 for changeToLeader
2019-09-26 18:36:58,622 [d9ddad26-0ab8-49f0-a7fe-969d04a2d023@group-975C9BA71A40:LeaderElection3] INFO  impl.RaftServerImpl (ServerState.java:setLeader(253)) - d9ddad26-0ab8-49f0-a7fe-969d04a2d023@group-975C9BA71A40: change Leader from null to d9ddad26-0ab8-49f0-a7fe-969d04a2d023 at term 1 for becomeLeader, leader elected after 5262ms
2019-09-26 18:36:58,623 [d9ddad26-0ab8-49f0-a7fe-969d04a2d023@group-975C9BA71A40:LeaderElection3] INFO  server.RaftServerConfigKeys (ConfUtils.java:logGet(43)) - raft.server.staging.catchup.gap = 1000 (default)
2019-09-26 18:36:58,623 [d9ddad26-0ab8-49f0-a7fe-969d04a2d023@group-975C9BA71A40:LeaderElection3] INFO  server.RaftServerConfigKeys (ConfUtils.java:logGet(43)) - raft.server.rpc.sleep.time = 25ms (default)
2019-09-26 18:36:58,623 [d9ddad26-0ab8-49f0-a7fe-969d04a2d023@group-975C9BA71A40:LeaderElection3] INFO  server.RaftServerConfigKeys (ConfUtils.java:logGet(43)) - raft.server.write.element-limit = 4096 (default)
2019-09-26 18:36:58,623 [d9ddad26-0ab8-49f0-a7fe-969d04a2d023@group-975C9BA71A40:LeaderElection3] INFO  server.RaftServerConfigKeys (ConfUtils.java:logGet(43)) - raft.server.watch.timeout = 10s (default)
2019-09-26 18:36:58,623 [d9ddad26-0ab8-49f0-a7fe-969d04a2d023@group-975C9BA71A40:LeaderElection3] INFO  server.RaftServerConfigKeys (ConfUtils.java:logGet(43)) - raft.server.watch.timeout.denomination = 1s (default)
2019-09-26 18:36:58,623 [d9ddad26-0ab8-49f0-a7fe-969d04a2d023@group-975C9BA71A40:LeaderElection3] INFO  server.RaftServerConfigKeys (ConfUtils.java:logGet(43)) - raft.server.watch.element-limit = 65536 (default)
2019-09-26 18:36:58,626 [d9ddad26-0ab8-49f0-a7fe-969d04a2d023@group-975C9BA71A40:LeaderElection3] INFO  impl.RoleInfo (RoleInfo.java:updateAndGet(143)) - d9ddad26-0ab8-49f0-a7fe-969d04a2d023: start LeaderState
2019-09-26 18:36:58,626 [d9ddad26-0ab8-49f0-a7fe-969d04a2d023@group-975C9BA71A40:LeaderElection3] INFO  segmented.SegmentedRaftLogWorker (SegmentedRaftLogWorker.java:startLogSegment(380)) - d9ddad26-0ab8-49f0-a7fe-969d04a2d023@group-975C9BA71A40-SegmentedRaftLogWorker: Starting segment from index:0
2019-09-26 18:36:58,627 [d9ddad26-0ab8-49f0-a7fe-969d04a2d023@group-975C9BA71A40:LeaderElection3] INFO  impl.RaftServerImpl (ServerState.java:setRaftConf(354)) - d9ddad26-0ab8-49f0-a7fe-969d04a2d023@group-975C9BA71A40: set configuration 0: [d9ddad26-0ab8-49f0-a7fe-969d04a2d023:192.168.151.109:36608], old=null at 0
2019-09-26 18:36:58,657 [Thread-294] INFO  impl.FollowerState (FollowerState.java:run(106)) - eadf7083-a0e2-4fdb-9f41-5b7503e65173:group-DD22FF1D4D5D changes to CANDIDATE, lastRpcTime:5156, electionTimeout:5143ms
2019-09-26 18:36:58,657 [Thread-297] INFO  impl.FollowerState (FollowerState.java:run(106)) - f5f4fe3e-62aa-486e-b3bf-625e48bce7a6:group-AE96925691C6 changes to CANDIDATE, lastRpcTime:5067, electionTimeout:5037ms
2019-09-26 18:36:58,658 [Thread-294] INFO  impl.RoleInfo (RoleInfo.java:shutdownFollowerState(121)) - eadf7083-a0e2-4fdb-9f41-5b7503e65173: shutdown FollowerState
2019-09-26 18:36:58,658 [Thread-297] INFO  impl.RoleInfo (RoleInfo.java:shutdownFollowerState(121)) - f5f4fe3e-62aa-486e-b3bf-625e48bce7a6: shutdown FollowerState
2019-09-26 18:36:58,658 [Thread-294] INFO  impl.RaftServerImpl (RaftServerImpl.java:setRole(174)) - eadf7083-a0e2-4fdb-9f41-5b7503e65173@group-DD22FF1D4D5D: changes role from  FOLLOWER to CANDIDATE at term 0 for changeToCandidate
2019-09-26 18:36:58,658 [Thread-297] INFO  impl.RaftServerImpl (RaftServerImpl.java:setRole(174)) - f5f4fe3e-62aa-486e-b3bf-625e48bce7a6@group-AE96925691C6: changes role from  FOLLOWER to CANDIDATE at term 0 for changeToCandidate
2019-09-26 18:36:58,659 [Thread-294] INFO  impl.RoleInfo (RoleInfo.java:updateAndGet(143)) - eadf7083-a0e2-4fdb-9f41-5b7503e65173: start LeaderElection
2019-09-26 18:36:58,659 [Thread-297] INFO  impl.RoleInfo (RoleInfo.java:updateAndGet(143)) - f5f4fe3e-62aa-486e-b3bf-625e48bce7a6: start LeaderElection
2019-09-26 18:36:58,681 [d9ddad26-0ab8-49f0-a7fe-969d04a2d023@group-975C9BA71A40-SegmentedRaftLogWorker] INFO  segmented.SegmentedRaftLogWorker (SegmentedRaftLogWorker.java:execute(569)) - d9ddad26-0ab8-49f0-a7fe-969d04a2d023@group-975C9BA71A40-SegmentedRaftLogWorker: created new log segment /workdir/hadoop-ozone/integration-test/target/test-dir/MiniOzoneClusterImpl-92b4b651-8b24-41a6-8b84-80731fec252a/datanode-4/data/ratis/6bb802b0-79de-4354-8933-975c9ba71a40/current/log_inprogress_0
2019-09-26 18:36:58,681 [eadf7083-a0e2-4fdb-9f41-5b7503e65173@group-DD22FF1D4D5D:LeaderElection4] INFO  impl.LeaderElection (LeaderElection.java:askForVotes(182)) - eadf7083-a0e2-4fdb-9f41-5b7503e65173@group-DD22FF1D4D5D:LeaderElection4: begin an election at term 1 for -1: [eadf7083-a0e2-4fdb-9f41-5b7503e65173:192.168.151.109:33418], old=null
2019-09-26 18:36:58,682 [eadf7083-a0e2-4fdb-9f41-5b7503e65173@group-DD22FF1D4D5D:LeaderElection4] INFO  impl.RoleInfo (RoleInfo.java:shutdownLeaderElection(134)) - eadf7083-a0e2-4fdb-9f41-5b7503e65173: shutdown LeaderElection
2019-09-26 18:36:58,682 [eadf7083-a0e2-4fdb-9f41-5b7503e65173@group-DD22FF1D4D5D:LeaderElection4] INFO  impl.RaftServerImpl (RaftServerImpl.java:setRole(174)) - eadf7083-a0e2-4fdb-9f41-5b7503e65173@group-DD22FF1D4D5D: changes role from CANDIDATE to LEADER at term 1 for changeToLeader
2019-09-26 18:36:58,682 [eadf7083-a0e2-4fdb-9f41-5b7503e65173@group-DD22FF1D4D5D:LeaderElection4] INFO  impl.RaftServerImpl (ServerState.java:setLeader(253)) - eadf7083-a0e2-4fdb-9f41-5b7503e65173@group-DD22FF1D4D5D: change Leader from null to eadf7083-a0e2-4fdb-9f41-5b7503e65173 at term 1 for becomeLeader, leader elected after 5197ms
2019-09-26 18:36:58,682 [eadf7083-a0e2-4fdb-9f41-5b7503e65173@group-DD22FF1D4D5D:LeaderElection4] INFO  server.RaftServerConfigKeys (ConfUtils.java:logGet(43)) - raft.server.staging.catchup.gap = 1000 (default)
2019-09-26 18:36:58,682 [eadf7083-a0e2-4fdb-9f41-5b7503e65173@group-DD22FF1D4D5D:LeaderElection4] INFO  server.RaftServerConfigKeys (ConfUtils.java:logGet(43)) - raft.server.rpc.sleep.time = 25ms (default)
2019-09-26 18:36:58,682 [eadf7083-a0e2-4fdb-9f41-5b7503e65173@group-DD22FF1D4D5D:LeaderElection4] INFO  server.RaftServerConfigKeys (ConfUtils.java:logGet(43)) - raft.server.write.element-limit = 4096 (default)
2019-09-26 18:36:58,683 [eadf7083-a0e2-4fdb-9f41-5b7503e65173@group-DD22FF1D4D5D:LeaderElection4] INFO  server.RaftServerConfigKeys (ConfUtils.java:logGet(43)) - raft.server.watch.timeout = 10s (default)
2019-09-26 18:36:58,683 [f5f4fe3e-62aa-486e-b3bf-625e48bce7a6@group-AE96925691C6:LeaderElection5] INFO  impl.LeaderElection (LeaderElection.java:askForVotes(182)) - f5f4fe3e-62aa-486e-b3bf-625e48bce7a6@group-AE96925691C6:LeaderElection5: begin an election at term 1 for -1: [f5f4fe3e-62aa-486e-b3bf-625e48bce7a6:192.168.151.109:44025], old=null
2019-09-26 18:36:58,683 [eadf7083-a0e2-4fdb-9f41-5b7503e65173@group-DD22FF1D4D5D:LeaderElection4] INFO  server.RaftServerConfigKeys (ConfUtils.java:logGet(43)) - raft.server.watch.timeout.denomination = 1s (default)
2019-09-26 18:36:58,683 [f5f4fe3e-62aa-486e-b3bf-625e48bce7a6@group-AE96925691C6:LeaderElection5] INFO  impl.RoleInfo (RoleInfo.java:shutdownLeaderElection(134)) - f5f4fe3e-62aa-486e-b3bf-625e48bce7a6: shutdown LeaderElection
2019-09-26 18:36:58,683 [eadf7083-a0e2-4fdb-9f41-5b7503e65173@group-DD22FF1D4D5D:LeaderElection4] INFO  server.RaftServerConfigKeys (ConfUtils.java:logGet(43)) - raft.server.watch.element-limit = 65536 (default)
2019-09-26 18:36:58,683 [f5f4fe3e-62aa-486e-b3bf-625e48bce7a6@group-AE96925691C6:LeaderElection5] INFO  impl.RaftServerImpl (RaftServerImpl.java:setRole(174)) - f5f4fe3e-62aa-486e-b3bf-625e48bce7a6@group-AE96925691C6: changes role from CANDIDATE to LEADER at term 1 for changeToLeader
2019-09-26 18:36:58,683 [f5f4fe3e-62aa-486e-b3bf-625e48bce7a6@group-AE96925691C6:LeaderElection5] INFO  impl.RaftServerImpl (ServerState.java:setLeader(253)) - f5f4fe3e-62aa-486e-b3bf-625e48bce7a6@group-AE96925691C6: change Leader from null to f5f4fe3e-62aa-486e-b3bf-625e48bce7a6 at term 1 for becomeLeader, leader elected after 5106ms
2019-09-26 18:36:58,683 [f5f4fe3e-62aa-486e-b3bf-625e48bce7a6@group-AE96925691C6:LeaderElection5] INFO  server.RaftServerConfigKeys (ConfUtils.java:logGet(43)) - raft.server.staging.catchup.gap = 1000 (default)
2019-09-26 18:36:58,684 [f5f4fe3e-62aa-486e-b3bf-625e48bce7a6@group-AE96925691C6:LeaderElection5] INFO  server.RaftServerConfigKeys (ConfUtils.java:logGet(43)) - raft.server.rpc.sleep.time = 25ms (default)
2019-09-26 18:36:58,684 [f5f4fe3e-62aa-486e-b3bf-625e48bce7a6@group-AE96925691C6:LeaderElection5] INFO  server.RaftServerConfigKeys (ConfUtils.java:logGet(43)) - raft.server.write.element-limit = 4096 (default)
2019-09-26 18:36:58,684 [f5f4fe3e-62aa-486e-b3bf-625e48bce7a6@group-AE96925691C6:LeaderElection5] INFO  server.RaftServerConfigKeys (ConfUtils.java:logGet(43)) - raft.server.watch.timeout = 10s (default)
2019-09-26 18:36:58,684 [f5f4fe3e-62aa-486e-b3bf-625e48bce7a6@group-AE96925691C6:LeaderElection5] INFO  server.RaftServerConfigKeys (ConfUtils.java:logGet(43)) - raft.server.watch.timeout.denomination = 1s (default)
2019-09-26 18:36:58,684 [f5f4fe3e-62aa-486e-b3bf-625e48bce7a6@group-AE96925691C6:LeaderElection5] INFO  server.RaftServerConfigKeys (ConfUtils.java:logGet(43)) - raft.server.watch.element-limit = 65536 (default)
2019-09-26 18:36:58,685 [eadf7083-a0e2-4fdb-9f41-5b7503e65173@group-DD22FF1D4D5D:LeaderElection4] INFO  impl.RoleInfo (RoleInfo.java:updateAndGet(143)) - eadf7083-a0e2-4fdb-9f41-5b7503e65173: start LeaderState
2019-09-26 18:36:58,686 [eadf7083-a0e2-4fdb-9f41-5b7503e65173@group-DD22FF1D4D5D:LeaderElection4] INFO  segmented.SegmentedRaftLogWorker (SegmentedRaftLogWorker.java:startLogSegment(380)) - eadf7083-a0e2-4fdb-9f41-5b7503e65173@group-DD22FF1D4D5D-SegmentedRaftLogWorker: Starting segment from index:0
2019-09-26 18:36:58,686 [eadf7083-a0e2-4fdb-9f41-5b7503e65173@group-DD22FF1D4D5D:LeaderElection4] INFO  impl.RaftServerImpl (ServerState.java:setRaftConf(354)) - eadf7083-a0e2-4fdb-9f41-5b7503e65173@group-DD22FF1D4D5D: set configuration 0: [eadf7083-a0e2-4fdb-9f41-5b7503e65173:192.168.151.109:33418], old=null at 0
2019-09-26 18:36:58,722 [Thread-300] INFO  impl.FollowerState (FollowerState.java:run(106)) - 892de89a-e065-4df4-9984-8695982985db:group-287C9A6E0F5A changes to CANDIDATE, lastRpcTime:5039, electionTimeout:5039ms
2019-09-26 18:36:58,723 [Thread-300] INFO  impl.RoleInfo (RoleInfo.java:shutdownFollowerState(121)) - 892de89a-e065-4df4-9984-8695982985db: shutdown FollowerState
2019-09-26 18:36:58,723 [Thread-300] INFO  impl.RaftServerImpl (RaftServerImpl.java:setRole(174)) - 892de89a-e065-4df4-9984-8695982985db@group-287C9A6E0F5A: changes role from  FOLLOWER to CANDIDATE at term 0 for changeToCandidate
2019-09-26 18:36:58,723 [f5f4fe3e-62aa-486e-b3bf-625e48bce7a6@group-AE96925691C6:LeaderElection5] INFO  impl.RoleInfo (RoleInfo.java:updateAndGet(143)) - f5f4fe3e-62aa-486e-b3bf-625e48bce7a6: start LeaderState
2019-09-26 18:36:58,723 [Thread-300] INFO  impl.RoleInfo (RoleInfo.java:updateAndGet(143)) - 892de89a-e065-4df4-9984-8695982985db: start LeaderElection
2019-09-26 18:36:58,724 [f5f4fe3e-62aa-486e-b3bf-625e48bce7a6@group-AE96925691C6:LeaderElection5] INFO  segmented.SegmentedRaftLogWorker (SegmentedRaftLogWorker.java:startLogSegment(380)) - f5f4fe3e-62aa-486e-b3bf-625e48bce7a6@group-AE96925691C6-SegmentedRaftLogWorker: Starting segment from index:0
2019-09-26 18:36:58,732 [f5f4fe3e-62aa-486e-b3bf-625e48bce7a6@group-AE96925691C6:LeaderElection5] INFO  impl.RaftServerImpl (ServerState.java:setRaftConf(354)) - f5f4fe3e-62aa-486e-b3bf-625e48bce7a6@group-AE96925691C6: set configuration 0: [f5f4fe3e-62aa-486e-b3bf-625e48bce7a6:192.168.151.109:44025], old=null at 0
2019-09-26 18:36:58,764 [eadf7083-a0e2-4fdb-9f41-5b7503e65173@group-DD22FF1D4D5D-SegmentedRaftLogWorker] INFO  segmented.SegmentedRaftLogWorker (SegmentedRaftLogWorker.java:execute(569)) - eadf7083-a0e2-4fdb-9f41-5b7503e65173@group-DD22FF1D4D5D-SegmentedRaftLogWorker: created new log segment /workdir/hadoop-ozone/integration-test/target/test-dir/MiniOzoneClusterImpl-92b4b651-8b24-41a6-8b84-80731fec252a/datanode-3/data/ratis/399339f1-c885-43ca-bc23-dd22ff1d4d5d/current/log_inprogress_0
2019-09-26 18:36:58,764 [892de89a-e065-4df4-9984-8695982985db@group-287C9A6E0F5A:LeaderElection6] INFO  impl.LeaderElection (LeaderElection.java:askForVotes(182)) - 892de89a-e065-4df4-9984-8695982985db@group-287C9A6E0F5A:LeaderElection6: begin an election at term 1 for -1: [892de89a-e065-4df4-9984-8695982985db:192.168.151.109:38189], old=null
2019-09-26 18:36:58,765 [892de89a-e065-4df4-9984-8695982985db@group-287C9A6E0F5A:LeaderElection6] INFO  impl.RoleInfo (RoleInfo.java:shutdownLeaderElection(134)) - 892de89a-e065-4df4-9984-8695982985db: shutdown LeaderElection
2019-09-26 18:36:58,765 [892de89a-e065-4df4-9984-8695982985db@group-287C9A6E0F5A:LeaderElection6] INFO  impl.RaftServerImpl (RaftServerImpl.java:setRole(174)) - 892de89a-e065-4df4-9984-8695982985db@group-287C9A6E0F5A: changes role from CANDIDATE to LEADER at term 1 for changeToLeader
2019-09-26 18:36:58,765 [892de89a-e065-4df4-9984-8695982985db@group-287C9A6E0F5A:LeaderElection6] INFO  impl.RaftServerImpl (ServerState.java:setLeader(253)) - 892de89a-e065-4df4-9984-8695982985db@group-287C9A6E0F5A: change Leader from null to 892de89a-e065-4df4-9984-8695982985db at term 1 for becomeLeader, leader elected after 5092ms
2019-09-26 18:36:58,765 [892de89a-e065-4df4-9984-8695982985db@group-287C9A6E0F5A:LeaderElection6] INFO  server.RaftServerConfigKeys (ConfUtils.java:logGet(43)) - raft.server.staging.catchup.gap = 1000 (default)
2019-09-26 18:36:58,765 [892de89a-e065-4df4-9984-8695982985db@group-287C9A6E0F5A:LeaderElection6] INFO  server.RaftServerConfigKeys (ConfUtils.java:logGet(43)) - raft.server.rpc.sleep.time = 25ms (default)
2019-09-26 18:36:58,765 [892de89a-e065-4df4-9984-8695982985db@group-287C9A6E0F5A:LeaderElection6] INFO  server.RaftServerConfigKeys (ConfUtils.java:logGet(43)) - raft.server.write.element-limit = 4096 (default)
2019-09-26 18:36:58,765 [892de89a-e065-4df4-9984-8695982985db@group-287C9A6E0F5A:LeaderElection6] INFO  server.RaftServerConfigKeys (ConfUtils.java:logGet(43)) - raft.server.watch.timeout = 10s (default)
2019-09-26 18:36:58,765 [892de89a-e065-4df4-9984-8695982985db@group-287C9A6E0F5A:LeaderElection6] INFO  server.RaftServerConfigKeys (ConfUtils.java:logGet(43)) - raft.server.watch.timeout.denomination = 1s (default)
2019-09-26 18:36:58,766 [892de89a-e065-4df4-9984-8695982985db@group-287C9A6E0F5A:LeaderElection6] INFO  server.RaftServerConfigKeys (ConfUtils.java:logGet(43)) - raft.server.watch.element-limit = 65536 (default)
2019-09-26 18:36:58,768 [892de89a-e065-4df4-9984-8695982985db@group-287C9A6E0F5A:LeaderElection6] INFO  impl.RoleInfo (RoleInfo.java:updateAndGet(143)) - 892de89a-e065-4df4-9984-8695982985db: start LeaderState
2019-09-26 18:36:58,768 [892de89a-e065-4df4-9984-8695982985db@group-287C9A6E0F5A:LeaderElection6] INFO  segmented.SegmentedRaftLogWorker (SegmentedRaftLogWorker.java:startLogSegment(380)) - 892de89a-e065-4df4-9984-8695982985db@group-287C9A6E0F5A-SegmentedRaftLogWorker: Starting segment from index:0
2019-09-26 18:36:58,768 [892de89a-e065-4df4-9984-8695982985db@group-287C9A6E0F5A:LeaderElection6] INFO  impl.RaftServerImpl (ServerState.java:setRaftConf(354)) - 892de89a-e065-4df4-9984-8695982985db@group-287C9A6E0F5A: set configuration 0: [892de89a-e065-4df4-9984-8695982985db:192.168.151.109:38189], old=null at 0
2019-09-26 18:36:58,780 [f5f4fe3e-62aa-486e-b3bf-625e48bce7a6@group-AE96925691C6-SegmentedRaftLogWorker] INFO  segmented.SegmentedRaftLogWorker (SegmentedRaftLogWorker.java:execute(569)) - f5f4fe3e-62aa-486e-b3bf-625e48bce7a6@group-AE96925691C6-SegmentedRaftLogWorker: created new log segment /workdir/hadoop-ozone/integration-test/target/test-dir/MiniOzoneClusterImpl-92b4b651-8b24-41a6-8b84-80731fec252a/datanode-5/data/ratis/5b3496dc-57c0-430a-bf37-ae96925691c6/current/log_inprogress_0
2019-09-26 18:36:58,804 [892de89a-e065-4df4-9984-8695982985db@group-287C9A6E0F5A-SegmentedRaftLogWorker] INFO  segmented.SegmentedRaftLogWorker (SegmentedRaftLogWorker.java:execute(569)) - 892de89a-e065-4df4-9984-8695982985db@group-287C9A6E0F5A-SegmentedRaftLogWorker: created new log segment /workdir/hadoop-ozone/integration-test/target/test-dir/MiniOzoneClusterImpl-92b4b651-8b24-41a6-8b84-80731fec252a/datanode-8/data/ratis/5bdfe269-7d31-4c58-856c-287c9a6e0f5a/current/log_inprogress_0
2019-09-26 18:36:58,830 [Thread-303] INFO  impl.FollowerState (FollowerState.java:run(106)) - 00c41e76-79a8-40eb-9119-484acb6de979:group-CCA7B6134C84 changes to CANDIDATE, lastRpcTime:5064, electionTimeout:5064ms
2019-09-26 18:36:58,831 [Thread-303] INFO  impl.RoleInfo (RoleInfo.java:shutdownFollowerState(121)) - 00c41e76-79a8-40eb-9119-484acb6de979: shutdown FollowerState
2019-09-26 18:36:58,831 [Thread-303] INFO  impl.RaftServerImpl (RaftServerImpl.java:setRole(174)) - 00c41e76-79a8-40eb-9119-484acb6de979@group-CCA7B6134C84: changes role from  FOLLOWER to CANDIDATE at term 0 for changeToCandidate
2019-09-26 18:36:58,831 [Thread-303] INFO  impl.RoleInfo (RoleInfo.java:updateAndGet(143)) - 00c41e76-79a8-40eb-9119-484acb6de979: start LeaderElection
2019-09-26 18:36:58,850 [00c41e76-79a8-40eb-9119-484acb6de979@group-CCA7B6134C84:LeaderElection7] INFO  impl.LeaderElection (LeaderElection.java:askForVotes(182)) - 00c41e76-79a8-40eb-9119-484acb6de979@group-CCA7B6134C84:LeaderElection7: begin an election at term 1 for -1: [00c41e76-79a8-40eb-9119-484acb6de979:192.168.151.109:40316], old=null
2019-09-26 18:36:58,850 [00c41e76-79a8-40eb-9119-484acb6de979@group-CCA7B6134C84:LeaderElection7] INFO  impl.RoleInfo (RoleInfo.java:shutdownLeaderElection(134)) - 00c41e76-79a8-40eb-9119-484acb6de979: shutdown LeaderElection
2019-09-26 18:36:58,850 [00c41e76-79a8-40eb-9119-484acb6de979@group-CCA7B6134C84:LeaderElection7] INFO  impl.RaftServerImpl (RaftServerImpl.java:setRole(174)) - 00c41e76-79a8-40eb-9119-484acb6de979@group-CCA7B6134C84: changes role from CANDIDATE to LEADER at term 1 for changeToLeader
2019-09-26 18:36:58,850 [00c41e76-79a8-40eb-9119-484acb6de979@group-CCA7B6134C84:LeaderElection7] INFO  impl.RaftServerImpl (ServerState.java:setLeader(253)) - 00c41e76-79a8-40eb-9119-484acb6de979@group-CCA7B6134C84: change Leader from null to 00c41e76-79a8-40eb-9119-484acb6de979 at term 1 for becomeLeader, leader elected after 5094ms
2019-09-26 18:36:58,851 [00c41e76-79a8-40eb-9119-484acb6de979@group-CCA7B6134C84:LeaderElection7] INFO  server.RaftServerConfigKeys (ConfUtils.java:logGet(43)) - raft.server.staging.catchup.gap = 1000 (default)
2019-09-26 18:36:58,851 [00c41e76-79a8-40eb-9119-484acb6de979@group-CCA7B6134C84:LeaderElection7] INFO  server.RaftServerConfigKeys (ConfUtils.java:logGet(43)) - raft.server.rpc.sleep.time = 25ms (default)
2019-09-26 18:36:58,851 [00c41e76-79a8-40eb-9119-484acb6de979@group-CCA7B6134C84:LeaderElection7] INFO  server.RaftServerConfigKeys (ConfUtils.java:logGet(43)) - raft.server.write.element-limit = 4096 (default)
2019-09-26 18:36:58,851 [00c41e76-79a8-40eb-9119-484acb6de979@group-CCA7B6134C84:LeaderElection7] INFO  server.RaftServerConfigKeys (ConfUtils.java:logGet(43)) - raft.server.watch.timeout = 10s (default)
2019-09-26 18:36:58,851 [00c41e76-79a8-40eb-9119-484acb6de979@group-CCA7B6134C84:LeaderElection7] INFO  server.RaftServerConfigKeys (ConfUtils.java:logGet(43)) - raft.server.watch.timeout.denomination = 1s (default)
2019-09-26 18:36:58,851 [00c41e76-79a8-40eb-9119-484acb6de979@group-CCA7B6134C84:LeaderElection7] INFO  server.RaftServerConfigKeys (ConfUtils.java:logGet(43)) - raft.server.watch.element-limit = 65536 (default)
2019-09-26 18:36:58,854 [00c41e76-79a8-40eb-9119-484acb6de979@group-CCA7B6134C84:LeaderElection7] INFO  impl.RoleInfo (RoleInfo.java:updateAndGet(143)) - 00c41e76-79a8-40eb-9119-484acb6de979: start LeaderState
2019-09-26 18:36:58,857 [00c41e76-79a8-40eb-9119-484acb6de979@group-CCA7B6134C84:LeaderElection7] INFO  segmented.SegmentedRaftLogWorker (SegmentedRaftLogWorker.java:startLogSegment(380)) - 00c41e76-79a8-40eb-9119-484acb6de979@group-CCA7B6134C84-SegmentedRaftLogWorker: Starting segment from index:0
2019-09-26 18:36:58,857 [00c41e76-79a8-40eb-9119-484acb6de979@group-CCA7B6134C84:LeaderElection7] INFO  impl.RaftServerImpl (ServerState.java:setRaftConf(354)) - 00c41e76-79a8-40eb-9119-484acb6de979@group-CCA7B6134C84: set configuration 0: [00c41e76-79a8-40eb-9119-484acb6de979:192.168.151.109:40316], old=null at 0
2019-09-26 18:36:58,890 [00c41e76-79a8-40eb-9119-484acb6de979@group-CCA7B6134C84-SegmentedRaftLogWorker] INFO  segmented.SegmentedRaftLogWorker (SegmentedRaftLogWorker.java:execute(569)) - 00c41e76-79a8-40eb-9119-484acb6de979@group-CCA7B6134C84-SegmentedRaftLogWorker: created new log segment /workdir/hadoop-ozone/integration-test/target/test-dir/MiniOzoneClusterImpl-92b4b651-8b24-41a6-8b84-80731fec252a/datanode-2/data/ratis/5e5801b4-0cc5-4ad5-b660-cca7b6134c84/current/log_inprogress_0
2019-09-26 18:36:58,996 [Thread-309] INFO  impl.FollowerState (FollowerState.java:run(106)) - 940aeb20-161d-40ce-b26e-b994753f5674:group-C437C1235EA3 changes to CANDIDATE, lastRpcTime:5068, electionTimeout:5068ms
2019-09-26 18:36:58,997 [Thread-309] INFO  impl.RoleInfo (RoleInfo.java:shutdownFollowerState(121)) - 940aeb20-161d-40ce-b26e-b994753f5674: shutdown FollowerState
2019-09-26 18:36:58,997 [Thread-309] INFO  impl.RaftServerImpl (RaftServerImpl.java:setRole(174)) - 940aeb20-161d-40ce-b26e-b994753f5674@group-C437C1235EA3: changes role from  FOLLOWER to CANDIDATE at term 0 for changeToCandidate
2019-09-26 18:36:58,997 [Thread-309] INFO  impl.RoleInfo (RoleInfo.java:updateAndGet(143)) - 940aeb20-161d-40ce-b26e-b994753f5674: start LeaderElection
2019-09-26 18:36:59,014 [940aeb20-161d-40ce-b26e-b994753f5674@group-C437C1235EA3:LeaderElection8] INFO  impl.LeaderElection (LeaderElection.java:askForVotes(182)) - 940aeb20-161d-40ce-b26e-b994753f5674@group-C437C1235EA3:LeaderElection8: begin an election at term 1 for -1: [940aeb20-161d-40ce-b26e-b994753f5674:192.168.151.109:34442], old=null
2019-09-26 18:36:59,014 [940aeb20-161d-40ce-b26e-b994753f5674@group-C437C1235EA3:LeaderElection8] INFO  impl.RoleInfo (RoleInfo.java:shutdownLeaderElection(134)) - 940aeb20-161d-40ce-b26e-b994753f5674: shutdown LeaderElection
2019-09-26 18:36:59,014 [940aeb20-161d-40ce-b26e-b994753f5674@group-C437C1235EA3:LeaderElection8] INFO  impl.RaftServerImpl (RaftServerImpl.java:setRole(174)) - 940aeb20-161d-40ce-b26e-b994753f5674@group-C437C1235EA3: changes role from CANDIDATE to LEADER at term 1 for changeToLeader
2019-09-26 18:36:59,015 [940aeb20-161d-40ce-b26e-b994753f5674@group-C437C1235EA3:LeaderElection8] INFO  impl.RaftServerImpl (ServerState.java:setLeader(253)) - 940aeb20-161d-40ce-b26e-b994753f5674@group-C437C1235EA3: change Leader from null to 940aeb20-161d-40ce-b26e-b994753f5674 at term 1 for becomeLeader, leader elected after 5095ms
2019-09-26 18:36:59,015 [940aeb20-161d-40ce-b26e-b994753f5674@group-C437C1235EA3:LeaderElection8] INFO  server.RaftServerConfigKeys (ConfUtils.java:logGet(43)) - raft.server.staging.catchup.gap = 1000 (default)
2019-09-26 18:36:59,015 [940aeb20-161d-40ce-b26e-b994753f5674@group-C437C1235EA3:LeaderElection8] INFO  server.RaftServerConfigKeys (ConfUtils.java:logGet(43)) - raft.server.rpc.sleep.time = 25ms (default)
2019-09-26 18:36:59,015 [940aeb20-161d-40ce-b26e-b994753f5674@group-C437C1235EA3:LeaderElection8] INFO  server.RaftServerConfigKeys (ConfUtils.java:logGet(43)) - raft.server.write.element-limit = 4096 (default)
2019-09-26 18:36:59,015 [940aeb20-161d-40ce-b26e-b994753f5674@group-C437C1235EA3:LeaderElection8] INFO  server.RaftServerConfigKeys (ConfUtils.java:logGet(43)) - raft.server.watch.timeout = 10s (default)
2019-09-26 18:36:59,016 [940aeb20-161d-40ce-b26e-b994753f5674@group-C437C1235EA3:LeaderElection8] INFO  server.RaftServerConfigKeys (ConfUtils.java:logGet(43)) - raft.server.watch.timeout.denomination = 1s (default)
2019-09-26 18:36:59,016 [940aeb20-161d-40ce-b26e-b994753f5674@group-C437C1235EA3:LeaderElection8] INFO  server.RaftServerConfigKeys (ConfUtils.java:logGet(43)) - raft.server.watch.element-limit = 65536 (default)
2019-09-26 18:36:59,019 [940aeb20-161d-40ce-b26e-b994753f5674@group-C437C1235EA3:LeaderElection8] INFO  impl.RoleInfo (RoleInfo.java:updateAndGet(143)) - 940aeb20-161d-40ce-b26e-b994753f5674: start LeaderState
2019-09-26 18:36:59,019 [940aeb20-161d-40ce-b26e-b994753f5674@group-C437C1235EA3:LeaderElection8] INFO  segmented.SegmentedRaftLogWorker (SegmentedRaftLogWorker.java:startLogSegment(380)) - 940aeb20-161d-40ce-b26e-b994753f5674@group-C437C1235EA3-SegmentedRaftLogWorker: Starting segment from index:0
2019-09-26 18:36:59,020 [940aeb20-161d-40ce-b26e-b994753f5674@group-C437C1235EA3:LeaderElection8] INFO  impl.RaftServerImpl (ServerState.java:setRaftConf(354)) - 940aeb20-161d-40ce-b26e-b994753f5674@group-C437C1235EA3: set configuration 0: [940aeb20-161d-40ce-b26e-b994753f5674:192.168.151.109:34442], old=null at 0
2019-09-26 18:36:59,053 [Thread-306] INFO  impl.FollowerState (FollowerState.java:run(106)) - bf3c4117-d6f7-43a2-8fa2-683a0803af33:group-D1DD16E129B0 changes to CANDIDATE, lastRpcTime:5193, electionTimeout:5167ms
2019-09-26 18:36:59,053 [Thread-306] INFO  impl.RoleInfo (RoleInfo.java:shutdownFollowerState(121)) - bf3c4117-d6f7-43a2-8fa2-683a0803af33: shutdown FollowerState
2019-09-26 18:36:59,053 [Thread-306] INFO  impl.RaftServerImpl (RaftServerImpl.java:setRole(174)) - bf3c4117-d6f7-43a2-8fa2-683a0803af33@group-D1DD16E129B0: changes role from  FOLLOWER to CANDIDATE at term 0 for changeToCandidate
2019-09-26 18:36:59,053 [Thread-306] INFO  impl.RoleInfo (RoleInfo.java:updateAndGet(143)) - bf3c4117-d6f7-43a2-8fa2-683a0803af33: start LeaderElection
2019-09-26 18:36:59,056 [Thread-312] INFO  impl.FollowerState (FollowerState.java:run(106)) - 89e89465-9fce-4c3b-a1bc-18cf0cb439b7:group-C0FD4DB3A560 changes to CANDIDATE, lastRpcTime:5043, electionTimeout:5043ms
2019-09-26 18:36:59,058 [Thread-312] INFO  impl.RoleInfo (RoleInfo.java:shutdownFollowerState(121)) - 89e89465-9fce-4c3b-a1bc-18cf0cb439b7: shutdown FollowerState
2019-09-26 18:36:59,058 [Thread-312] INFO  impl.RaftServerImpl (RaftServerImpl.java:setRole(174)) - 89e89465-9fce-4c3b-a1bc-18cf0cb439b7@group-C0FD4DB3A560: changes role from  FOLLOWER to CANDIDATE at term 0 for changeToCandidate
2019-09-26 18:36:59,058 [Thread-312] INFO  impl.RoleInfo (RoleInfo.java:updateAndGet(143)) - 89e89465-9fce-4c3b-a1bc-18cf0cb439b7: start LeaderElection
2019-09-26 18:36:59,058 [940aeb20-161d-40ce-b26e-b994753f5674@group-C437C1235EA3-SegmentedRaftLogWorker] INFO  segmented.SegmentedRaftLogWorker (SegmentedRaftLogWorker.java:execute(569)) - 940aeb20-161d-40ce-b26e-b994753f5674@group-C437C1235EA3-SegmentedRaftLogWorker: created new log segment /workdir/hadoop-ozone/integration-test/target/test-dir/MiniOzoneClusterImpl-92b4b651-8b24-41a6-8b84-80731fec252a/datanode-1/data/ratis/5a36b81b-5760-4e19-91d6-c437c1235ea3/current/log_inprogress_0
2019-09-26 18:36:59,065 [bf3c4117-d6f7-43a2-8fa2-683a0803af33@group-D1DD16E129B0:LeaderElection9] INFO  impl.LeaderElection (LeaderElection.java:askForVotes(182)) - bf3c4117-d6f7-43a2-8fa2-683a0803af33@group-D1DD16E129B0:LeaderElection9: begin an election at term 1 for -1: [bf3c4117-d6f7-43a2-8fa2-683a0803af33:192.168.151.109:33211], old=null
2019-09-26 18:36:59,065 [bf3c4117-d6f7-43a2-8fa2-683a0803af33@group-D1DD16E129B0:LeaderElection9] INFO  impl.RoleInfo (RoleInfo.java:shutdownLeaderElection(134)) - bf3c4117-d6f7-43a2-8fa2-683a0803af33: shutdown LeaderElection
2019-09-26 18:36:59,066 [bf3c4117-d6f7-43a2-8fa2-683a0803af33@group-D1DD16E129B0:LeaderElection9] INFO  impl.RaftServerImpl (RaftServerImpl.java:setRole(174)) - bf3c4117-d6f7-43a2-8fa2-683a0803af33@group-D1DD16E129B0: changes role from CANDIDATE to LEADER at term 1 for changeToLeader
2019-09-26 18:36:59,066 [bf3c4117-d6f7-43a2-8fa2-683a0803af33@group-D1DD16E129B0:LeaderElection9] INFO  impl.RaftServerImpl (ServerState.java:setLeader(253)) - bf3c4117-d6f7-43a2-8fa2-683a0803af33@group-D1DD16E129B0: change Leader from null to bf3c4117-d6f7-43a2-8fa2-683a0803af33 at term 1 for becomeLeader, leader elected after 5219ms
2019-09-26 18:36:59,066 [bf3c4117-d6f7-43a2-8fa2-683a0803af33@group-D1DD16E129B0:LeaderElection9] INFO  server.RaftServerConfigKeys (ConfUtils.java:logGet(43)) - raft.server.staging.catchup.gap = 1000 (default)
2019-09-26 18:36:59,066 [bf3c4117-d6f7-43a2-8fa2-683a0803af33@group-D1DD16E129B0:LeaderElection9] INFO  server.RaftServerConfigKeys (ConfUtils.java:logGet(43)) - raft.server.rpc.sleep.time = 25ms (default)
2019-09-26 18:36:59,066 [bf3c4117-d6f7-43a2-8fa2-683a0803af33@group-D1DD16E129B0:LeaderElection9] INFO  server.RaftServerConfigKeys (ConfUtils.java:logGet(43)) - raft.server.write.element-limit = 4096 (default)
2019-09-26 18:36:59,066 [bf3c4117-d6f7-43a2-8fa2-683a0803af33@group-D1DD16E129B0:LeaderElection9] INFO  server.RaftServerConfigKeys (ConfUtils.java:logGet(43)) - raft.server.watch.timeout = 10s (default)
2019-09-26 18:36:59,066 [bf3c4117-d6f7-43a2-8fa2-683a0803af33@group-D1DD16E129B0:LeaderElection9] INFO  server.RaftServerConfigKeys (ConfUtils.java:logGet(43)) - raft.server.watch.timeout.denomination = 1s (default)
2019-09-26 18:36:59,067 [bf3c4117-d6f7-43a2-8fa2-683a0803af33@group-D1DD16E129B0:LeaderElection9] INFO  server.RaftServerConfigKeys (ConfUtils.java:logGet(43)) - raft.server.watch.element-limit = 65536 (default)
2019-09-26 18:36:59,069 [bf3c4117-d6f7-43a2-8fa2-683a0803af33@group-D1DD16E129B0:LeaderElection9] INFO  impl.RoleInfo (RoleInfo.java:updateAndGet(143)) - bf3c4117-d6f7-43a2-8fa2-683a0803af33: start LeaderState
2019-09-26 18:36:59,069 [bf3c4117-d6f7-43a2-8fa2-683a0803af33@group-D1DD16E129B0:LeaderElection9] INFO  segmented.SegmentedRaftLogWorker (SegmentedRaftLogWorker.java:startLogSegment(380)) - bf3c4117-d6f7-43a2-8fa2-683a0803af33@group-D1DD16E129B0-SegmentedRaftLogWorker: Starting segment from index:0
2019-09-26 18:36:59,069 [bf3c4117-d6f7-43a2-8fa2-683a0803af33@group-D1DD16E129B0:LeaderElection9] INFO  impl.RaftServerImpl (ServerState.java:setRaftConf(354)) - bf3c4117-d6f7-43a2-8fa2-683a0803af33@group-D1DD16E129B0: set configuration 0: [bf3c4117-d6f7-43a2-8fa2-683a0803af33:192.168.151.109:33211], old=null at 0
2019-09-26 18:36:59,097 [89e89465-9fce-4c3b-a1bc-18cf0cb439b7@group-C0FD4DB3A560:LeaderElection10] INFO  impl.LeaderElection (LeaderElection.java:askForVotes(182)) - 89e89465-9fce-4c3b-a1bc-18cf0cb439b7@group-C0FD4DB3A560:LeaderElection10: begin an election at term 1 for -1: [89e89465-9fce-4c3b-a1bc-18cf0cb439b7:192.168.151.109:33450], old=null
2019-09-26 18:36:59,097 [89e89465-9fce-4c3b-a1bc-18cf0cb439b7@group-C0FD4DB3A560:LeaderElection10] INFO  impl.RoleInfo (RoleInfo.java:shutdownLeaderElection(134)) - 89e89465-9fce-4c3b-a1bc-18cf0cb439b7: shutdown LeaderElection
2019-09-26 18:36:59,097 [89e89465-9fce-4c3b-a1bc-18cf0cb439b7@group-C0FD4DB3A560:LeaderElection10] INFO  impl.RaftServerImpl (RaftServerImpl.java:setRole(174)) - 89e89465-9fce-4c3b-a1bc-18cf0cb439b7@group-C0FD4DB3A560: changes role from CANDIDATE to LEADER at term 1 for changeToLeader
2019-09-26 18:36:59,097 [89e89465-9fce-4c3b-a1bc-18cf0cb439b7@group-C0FD4DB3A560:LeaderElection10] INFO  impl.RaftServerImpl (ServerState.java:setLeader(253)) - 89e89465-9fce-4c3b-a1bc-18cf0cb439b7@group-C0FD4DB3A560: change Leader from null to 89e89465-9fce-4c3b-a1bc-18cf0cb439b7 at term 1 for becomeLeader, leader elected after 5093ms
2019-09-26 18:36:59,098 [89e89465-9fce-4c3b-a1bc-18cf0cb439b7@group-C0FD4DB3A560:LeaderElection10] INFO  server.RaftServerConfigKeys (ConfUtils.java:logGet(43)) - raft.server.staging.catchup.gap = 1000 (default)
2019-09-26 18:36:59,098 [89e89465-9fce-4c3b-a1bc-18cf0cb439b7@group-C0FD4DB3A560:LeaderElection10] INFO  server.RaftServerConfigKeys (ConfUtils.java:logGet(43)) - raft.server.rpc.sleep.time = 25ms (default)
2019-09-26 18:36:59,098 [89e89465-9fce-4c3b-a1bc-18cf0cb439b7@group-C0FD4DB3A560:LeaderElection10] INFO  server.RaftServerConfigKeys (ConfUtils.java:logGet(43)) - raft.server.write.element-limit = 4096 (default)
2019-09-26 18:36:59,098 [89e89465-9fce-4c3b-a1bc-18cf0cb439b7@group-C0FD4DB3A560:LeaderElection10] INFO  server.RaftServerConfigKeys (ConfUtils.java:logGet(43)) - raft.server.watch.timeout = 10s (default)
2019-09-26 18:36:59,098 [89e89465-9fce-4c3b-a1bc-18cf0cb439b7@group-C0FD4DB3A560:LeaderElection10] INFO  server.RaftServerConfigKeys (ConfUtils.java:logGet(43)) - raft.server.watch.timeout.denomination = 1s (default)
2019-09-26 18:36:59,099 [89e89465-9fce-4c3b-a1bc-18cf0cb439b7@group-C0FD4DB3A560:LeaderElection10] INFO  server.RaftServerConfigKeys (ConfUtils.java:logGet(43)) - raft.server.watch.element-limit = 65536 (default)
2019-09-26 18:36:59,101 [89e89465-9fce-4c3b-a1bc-18cf0cb439b7@group-C0FD4DB3A560:LeaderElection10] INFO  impl.RoleInfo (RoleInfo.java:updateAndGet(143)) - 89e89465-9fce-4c3b-a1bc-18cf0cb439b7: start LeaderState
2019-09-26 18:36:59,101 [89e89465-9fce-4c3b-a1bc-18cf0cb439b7@group-C0FD4DB3A560:LeaderElection10] INFO  segmented.SegmentedRaftLogWorker (SegmentedRaftLogWorker.java:startLogSegment(380)) - 89e89465-9fce-4c3b-a1bc-18cf0cb439b7@group-C0FD4DB3A560-SegmentedRaftLogWorker: Starting segment from index:0
2019-09-26 18:36:59,102 [89e89465-9fce-4c3b-a1bc-18cf0cb439b7@group-C0FD4DB3A560:LeaderElection10] INFO  impl.RaftServerImpl (ServerState.java:setRaftConf(354)) - 89e89465-9fce-4c3b-a1bc-18cf0cb439b7@group-C0FD4DB3A560: set configuration 0: [89e89465-9fce-4c3b-a1bc-18cf0cb439b7:192.168.151.109:33450], old=null at 0
2019-09-26 18:36:59,135 [bf3c4117-d6f7-43a2-8fa2-683a0803af33@group-D1DD16E129B0-SegmentedRaftLogWorker] INFO  segmented.SegmentedRaftLogWorker (SegmentedRaftLogWorker.java:execute(569)) - bf3c4117-d6f7-43a2-8fa2-683a0803af33@group-D1DD16E129B0-SegmentedRaftLogWorker: created new log segment /workdir/hadoop-ozone/integration-test/target/test-dir/MiniOzoneClusterImpl-92b4b651-8b24-41a6-8b84-80731fec252a/datanode-7/data/ratis/e8eca38f-c1bf-403b-b811-d1dd16e129b0/current/log_inprogress_0
2019-09-26 18:36:59,154 [89e89465-9fce-4c3b-a1bc-18cf0cb439b7@group-C0FD4DB3A560-SegmentedRaftLogWorker] INFO  segmented.SegmentedRaftLogWorker (SegmentedRaftLogWorker.java:execute(569)) - 89e89465-9fce-4c3b-a1bc-18cf0cb439b7@group-C0FD4DB3A560-SegmentedRaftLogWorker: created new log segment /workdir/hadoop-ozone/integration-test/target/test-dir/MiniOzoneClusterImpl-92b4b651-8b24-41a6-8b84-80731fec252a/datanode-9/data/ratis/8d92eaff-e5c0-4a61-bf15-c0fd4db3a560/current/log_inprogress_0
2019-09-26 18:36:59,311 [Thread-321] INFO  impl.FollowerState (FollowerState.java:run(106)) - d9ddad26-0ab8-49f0-a7fe-969d04a2d023:group-679C4209A422 changes to CANDIDATE, lastRpcTime:5077, electionTimeout:5077ms
2019-09-26 18:36:59,312 [Thread-321] INFO  impl.RoleInfo (RoleInfo.java:shutdownFollowerState(121)) - d9ddad26-0ab8-49f0-a7fe-969d04a2d023: shutdown FollowerState
2019-09-26 18:36:59,312 [Thread-321] INFO  impl.RaftServerImpl (RaftServerImpl.java:setRole(174)) - d9ddad26-0ab8-49f0-a7fe-969d04a2d023@group-679C4209A422: changes role from  FOLLOWER to CANDIDATE at term 0 for changeToCandidate
2019-09-26 18:36:59,312 [Thread-321] INFO  impl.RoleInfo (RoleInfo.java:updateAndGet(143)) - d9ddad26-0ab8-49f0-a7fe-969d04a2d023: start LeaderElection
2019-09-26 18:36:59,327 [d9ddad26-0ab8-49f0-a7fe-969d04a2d023@group-679C4209A422:LeaderElection11] INFO  impl.LeaderElection (LeaderElection.java:askForVotes(182)) - d9ddad26-0ab8-49f0-a7fe-969d04a2d023@group-679C4209A422:LeaderElection11: begin an election at term 1 for -1: [d9ddad26-0ab8-49f0-a7fe-969d04a2d023:192.168.151.109:36608, eadf7083-a0e2-4fdb-9f41-5b7503e65173:192.168.151.109:33418, ff546a1f-819d-426e-b61a-e2a594c97aae:192.168.151.109:45585], old=null
2019-09-26 18:36:59,352 [Thread-330] INFO  impl.FollowerState (FollowerState.java:run(106)) - bea5dbfa-30de-4207-bffd-4513ad20f3de:group-63552BB98623 changes to CANDIDATE, lastRpcTime:5008, electionTimeout:5003ms
2019-09-26 18:36:59,357 [Thread-330] INFO  impl.RoleInfo (RoleInfo.java:shutdownFollowerState(121)) - bea5dbfa-30de-4207-bffd-4513ad20f3de: shutdown FollowerState
2019-09-26 18:36:59,357 [Thread-330] INFO  impl.RaftServerImpl (RaftServerImpl.java:setRole(174)) - bea5dbfa-30de-4207-bffd-4513ad20f3de@group-63552BB98623: changes role from  FOLLOWER to CANDIDATE at term 0 for changeToCandidate
2019-09-26 18:36:59,357 [Thread-330] INFO  impl.RoleInfo (RoleInfo.java:updateAndGet(143)) - bea5dbfa-30de-4207-bffd-4513ad20f3de: start LeaderElection
2019-09-26 18:36:59,362 [Thread-318] INFO  impl.FollowerState (FollowerState.java:run(106)) - ff546a1f-819d-426e-b61a-e2a594c97aae:group-679C4209A422 changes to CANDIDATE, lastRpcTime:5128, electionTimeout:5126ms
2019-09-26 18:36:59,362 [Thread-318] INFO  impl.RoleInfo (RoleInfo.java:shutdownFollowerState(121)) - ff546a1f-819d-426e-b61a-e2a594c97aae: shutdown FollowerState
2019-09-26 18:36:59,362 [Thread-318] INFO  impl.RaftServerImpl (RaftServerImpl.java:setRole(174)) - ff546a1f-819d-426e-b61a-e2a594c97aae@group-679C4209A422: changes role from  FOLLOWER to CANDIDATE at term 0 for changeToCandidate
2019-09-26 18:36:59,363 [Thread-318] INFO  impl.RoleInfo (RoleInfo.java:updateAndGet(143)) - ff546a1f-819d-426e-b61a-e2a594c97aae: start LeaderElection
2019-09-26 18:36:59,368 [bea5dbfa-30de-4207-bffd-4513ad20f3de@group-63552BB98623:LeaderElection12] INFO  impl.LeaderElection (LeaderElection.java:askForVotes(182)) - bea5dbfa-30de-4207-bffd-4513ad20f3de@group-63552BB98623:LeaderElection12: begin an election at term 1 for -1: [892de89a-e065-4df4-9984-8695982985db:192.168.151.109:38189, bea5dbfa-30de-4207-bffd-4513ad20f3de:192.168.151.109:38435, f5f4fe3e-62aa-486e-b3bf-625e48bce7a6:192.168.151.109:44025], old=null
2019-09-26 18:36:59,381 [ff546a1f-819d-426e-b61a-e2a594c97aae@group-679C4209A422:LeaderElection13] INFO  impl.LeaderElection (LeaderElection.java:askForVotes(182)) - ff546a1f-819d-426e-b61a-e2a594c97aae@group-679C4209A422:LeaderElection13: begin an election at term 1 for -1: [d9ddad26-0ab8-49f0-a7fe-969d04a2d023:192.168.151.109:36608, eadf7083-a0e2-4fdb-9f41-5b7503e65173:192.168.151.109:33418, ff546a1f-819d-426e-b61a-e2a594c97aae:192.168.151.109:45585], old=null
2019-09-26 18:36:59,392 [Thread-326] INFO  impl.FollowerState (FollowerState.java:run(106)) - f5f4fe3e-62aa-486e-b3bf-625e48bce7a6:group-63552BB98623 changes to CANDIDATE, lastRpcTime:5065, electionTimeout:5065ms
2019-09-26 18:36:59,392 [Thread-326] INFO  impl.RoleInfo (RoleInfo.java:shutdownFollowerState(121)) - f5f4fe3e-62aa-486e-b3bf-625e48bce7a6: shutdown FollowerState
2019-09-26 18:36:59,392 [grpc-default-executor-1] INFO  impl.RaftServerImpl (RaftServerImpl.java:setRole(174)) - eadf7083-a0e2-4fdb-9f41-5b7503e65173@group-679C4209A422: changes role from  FOLLOWER to FOLLOWER at term 1 for recognizeCandidate:d9ddad26-0ab8-49f0-a7fe-969d04a2d023
2019-09-26 18:36:59,392 [Thread-326] INFO  impl.RaftServerImpl (RaftServerImpl.java:setRole(174)) - f5f4fe3e-62aa-486e-b3bf-625e48bce7a6@group-63552BB98623: changes role from  FOLLOWER to CANDIDATE at term 0 for changeToCandidate
2019-09-26 18:36:59,393 [grpc-default-executor-1] INFO  impl.RoleInfo (RoleInfo.java:shutdownFollowerState(121)) - eadf7083-a0e2-4fdb-9f41-5b7503e65173: shutdown FollowerState
2019-09-26 18:36:59,394 [main] INFO  ipc.Client (Client.java:handleConnectionFailure(948)) - Retrying connect to server: localhost/127.0.0.1:0. Already tried 4 time(s); retry policy is RetryUpToMaximumCountWithFixedSleep(maxRetries=10, sleepTime=1000 MILLISECONDS)
2019-09-26 18:36:59,395 [Thread-317] INFO  impl.FollowerState (FollowerState.java:run(115)) - eadf7083-a0e2-4fdb-9f41-5b7503e65173: FollowerState was interrupted: java.lang.InterruptedException: sleep interrupted
2019-09-26 18:36:59,395 [grpc-default-executor-1] INFO  impl.RoleInfo (RoleInfo.java:updateAndGet(143)) - eadf7083-a0e2-4fdb-9f41-5b7503e65173: start FollowerState
2019-09-26 18:36:59,395 [Thread-326] INFO  impl.RoleInfo (RoleInfo.java:updateAndGet(143)) - f5f4fe3e-62aa-486e-b3bf-625e48bce7a6: start LeaderElection
2019-09-26 18:36:59,397 [grpc-default-executor-2] INFO  impl.RaftServerImpl (RaftServerImpl.java:setRole(174)) - 892de89a-e065-4df4-9984-8695982985db@group-63552BB98623: changes role from  FOLLOWER to FOLLOWER at term 1 for recognizeCandidate:bea5dbfa-30de-4207-bffd-4513ad20f3de
2019-09-26 18:36:59,411 [grpc-default-executor-2] INFO  impl.RoleInfo (RoleInfo.java:shutdownFollowerState(121)) - 892de89a-e065-4df4-9984-8695982985db: shutdown FollowerState
2019-09-26 18:36:59,413 [grpc-default-executor-2] INFO  impl.RoleInfo (RoleInfo.java:updateAndGet(143)) - 892de89a-e065-4df4-9984-8695982985db: start FollowerState
2019-09-26 18:36:59,413 [Thread-328] INFO  impl.FollowerState (FollowerState.java:run(115)) - 892de89a-e065-4df4-9984-8695982985db: FollowerState was interrupted: java.lang.InterruptedException: sleep interrupted
2019-09-26 18:36:59,426 [f5f4fe3e-62aa-486e-b3bf-625e48bce7a6@group-63552BB98623:LeaderElection14] INFO  impl.LeaderElection (LeaderElection.java:askForVotes(182)) - f5f4fe3e-62aa-486e-b3bf-625e48bce7a6@group-63552BB98623:LeaderElection14: begin an election at term 1 for -1: [892de89a-e065-4df4-9984-8695982985db:192.168.151.109:38189, bea5dbfa-30de-4207-bffd-4513ad20f3de:192.168.151.109:38435, f5f4fe3e-62aa-486e-b3bf-625e48bce7a6:192.168.151.109:44025], old=null
2019-09-26 18:36:59,434 [bea5dbfa-30de-4207-bffd-4513ad20f3de@group-63552BB98623:LeaderElection12] INFO  impl.LeaderElection (LeaderElection.java:logAndReturn(56)) - bea5dbfa-30de-4207-bffd-4513ad20f3de@group-63552BB98623:LeaderElection12: Election PASSED; received 1 response(s) [bea5dbfa-30de-4207-bffd-4513ad20f3de<-892de89a-e065-4df4-9984-8695982985db#0:OK-t1] and 0 exception(s); bea5dbfa-30de-4207-bffd-4513ad20f3de@group-63552BB98623:t1, leader=null, voted=bea5dbfa-30de-4207-bffd-4513ad20f3de, raftlog=bea5dbfa-30de-4207-bffd-4513ad20f3de@group-63552BB98623-SegmentedRaftLog:OPENED:c-1,f-1,i0, conf=-1: [892de89a-e065-4df4-9984-8695982985db:192.168.151.109:38189, bea5dbfa-30de-4207-bffd-4513ad20f3de:192.168.151.109:38435, f5f4fe3e-62aa-486e-b3bf-625e48bce7a6:192.168.151.109:44025], old=null
2019-09-26 18:36:59,434 [ff546a1f-819d-426e-b61a-e2a594c97aae@group-679C4209A422:LeaderElection13] INFO  impl.LeaderElection (LeaderElection.java:logAndReturn(56)) - ff546a1f-819d-426e-b61a-e2a594c97aae@group-679C4209A422:LeaderElection13: Election REJECTED; received 2 response(s) [ff546a1f-819d-426e-b61a-e2a594c97aae<-d9ddad26-0ab8-49f0-a7fe-969d04a2d023#0:FAIL-t1, ff546a1f-819d-426e-b61a-e2a594c97aae<-eadf7083-a0e2-4fdb-9f41-5b7503e65173#0:FAIL-t1] and 0 exception(s); ff546a1f-819d-426e-b61a-e2a594c97aae@group-679C4209A422:t1, leader=null, voted=ff546a1f-819d-426e-b61a-e2a594c97aae, raftlog=ff546a1f-819d-426e-b61a-e2a594c97aae@group-679C4209A422-SegmentedRaftLog:OPENED:c-1,f-1,i0, conf=-1: [d9ddad26-0ab8-49f0-a7fe-969d04a2d023:192.168.151.109:36608, eadf7083-a0e2-4fdb-9f41-5b7503e65173:192.168.151.109:33418, ff546a1f-819d-426e-b61a-e2a594c97aae:192.168.151.109:45585], old=null
2019-09-26 18:36:59,434 [bea5dbfa-30de-4207-bffd-4513ad20f3de@group-63552BB98623:LeaderElection12] INFO  impl.RoleInfo (RoleInfo.java:shutdownLeaderElection(134)) - bea5dbfa-30de-4207-bffd-4513ad20f3de: shutdown LeaderElection
2019-09-26 18:36:59,434 [d9ddad26-0ab8-49f0-a7fe-969d04a2d023@group-679C4209A422:LeaderElection11] INFO  impl.LeaderElection (LeaderElection.java:logAndReturn(56)) - d9ddad26-0ab8-49f0-a7fe-969d04a2d023@group-679C4209A422:LeaderElection11: Election PASSED; received 2 response(s) [d9ddad26-0ab8-49f0-a7fe-969d04a2d023<-eadf7083-a0e2-4fdb-9f41-5b7503e65173#0:OK-t1, d9ddad26-0ab8-49f0-a7fe-969d04a2d023<-ff546a1f-819d-426e-b61a-e2a594c97aae#0:FAIL-t1] and 0 exception(s); d9ddad26-0ab8-49f0-a7fe-969d04a2d023@group-679C4209A422:t1, leader=null, voted=d9ddad26-0ab8-49f0-a7fe-969d04a2d023, raftlog=d9ddad26-0ab8-49f0-a7fe-969d04a2d023@group-679C4209A422-SegmentedRaftLog:OPENED:c-1,f-1,i0, conf=-1: [d9ddad26-0ab8-49f0-a7fe-969d04a2d023:192.168.151.109:36608, eadf7083-a0e2-4fdb-9f41-5b7503e65173:192.168.151.109:33418, ff546a1f-819d-426e-b61a-e2a594c97aae:192.168.151.109:45585], old=null
2019-09-26 18:36:59,438 [bea5dbfa-30de-4207-bffd-4513ad20f3de@group-63552BB98623:LeaderElection12] INFO  impl.RaftServerImpl (RaftServerImpl.java:setRole(174)) - bea5dbfa-30de-4207-bffd-4513ad20f3de@group-63552BB98623: changes role from CANDIDATE to LEADER at term 1 for changeToLeader
2019-09-26 18:36:59,434 [ff546a1f-819d-426e-b61a-e2a594c97aae@group-679C4209A422:LeaderElection13] INFO  impl.RaftServerImpl (RaftServerImpl.java:setRole(174)) - ff546a1f-819d-426e-b61a-e2a594c97aae@group-679C4209A422: changes role from CANDIDATE to FOLLOWER at term 1 for DISCOVERED_A_NEW_TERM
2019-09-26 18:36:59,445 [bea5dbfa-30de-4207-bffd-4513ad20f3de@group-63552BB98623:LeaderElection12] INFO  impl.RaftServerImpl (ServerState.java:setLeader(253)) - bea5dbfa-30de-4207-bffd-4513ad20f3de@group-63552BB98623: change Leader from null to bea5dbfa-30de-4207-bffd-4513ad20f3de at term 1 for becomeLeader, leader elected after 5123ms
2019-09-26 18:36:59,441 [d9ddad26-0ab8-49f0-a7fe-969d04a2d023@group-679C4209A422:LeaderElection11] INFO  impl.RoleInfo (RoleInfo.java:shutdownLeaderElection(134)) - d9ddad26-0ab8-49f0-a7fe-969d04a2d023: shutdown LeaderElection
2019-09-26 18:36:59,446 [bea5dbfa-30de-4207-bffd-4513ad20f3de@group-63552BB98623:LeaderElection12] INFO  server.RaftServerConfigKeys (ConfUtils.java:logGet(43)) - raft.server.staging.catchup.gap = 1000 (default)
2019-09-26 18:36:59,446 [ff546a1f-819d-426e-b61a-e2a594c97aae@group-679C4209A422:LeaderElection13] INFO  impl.RoleInfo (RoleInfo.java:shutdownLeaderElection(134)) - ff546a1f-819d-426e-b61a-e2a594c97aae: shutdown LeaderElection
2019-09-26 18:36:59,446 [bea5dbfa-30de-4207-bffd-4513ad20f3de@group-63552BB98623:LeaderElection12] INFO  server.RaftServerConfigKeys (ConfUtils.java:logGet(43)) - raft.server.rpc.sleep.time = 25ms (default)
2019-09-26 18:36:59,446 [d9ddad26-0ab8-49f0-a7fe-969d04a2d023@group-679C4209A422:LeaderElection11] INFO  impl.RaftServerImpl (RaftServerImpl.java:setRole(174)) - d9ddad26-0ab8-49f0-a7fe-969d04a2d023@group-679C4209A422: changes role from CANDIDATE to LEADER at term 1 for changeToLeader
2019-09-26 18:36:59,446 [bea5dbfa-30de-4207-bffd-4513ad20f3de@group-63552BB98623:LeaderElection12] INFO  server.RaftServerConfigKeys (ConfUtils.java:logGet(43)) - raft.server.write.element-limit = 4096 (default)
2019-09-26 18:36:59,446 [ff546a1f-819d-426e-b61a-e2a594c97aae@group-679C4209A422:LeaderElection13] INFO  impl.RoleInfo (RoleInfo.java:updateAndGet(143)) - ff546a1f-819d-426e-b61a-e2a594c97aae: start FollowerState
2019-09-26 18:36:59,448 [bea5dbfa-30de-4207-bffd-4513ad20f3de@group-63552BB98623:LeaderElection12] INFO  server.RaftServerConfigKeys (ConfUtils.java:logGet(43)) - raft.server.watch.timeout = 10s (default)
2019-09-26 18:36:59,446 [d9ddad26-0ab8-49f0-a7fe-969d04a2d023@group-679C4209A422:LeaderElection11] INFO  impl.RaftServerImpl (ServerState.java:setLeader(253)) - d9ddad26-0ab8-49f0-a7fe-969d04a2d023@group-679C4209A422: change Leader from null to d9ddad26-0ab8-49f0-a7fe-969d04a2d023 at term 1 for becomeLeader, leader elected after 5231ms
2019-09-26 18:36:59,448 [bea5dbfa-30de-4207-bffd-4513ad20f3de@group-63552BB98623:LeaderElection12] INFO  server.RaftServerConfigKeys (ConfUtils.java:logGet(43)) - raft.server.watch.timeout.denomination = 1s (default)
2019-09-26 18:36:59,450 [d9ddad26-0ab8-49f0-a7fe-969d04a2d023@group-679C4209A422:LeaderElection11] INFO  server.RaftServerConfigKeys (ConfUtils.java:logGet(43)) - raft.server.staging.catchup.gap = 1000 (default)
2019-09-26 18:36:59,450 [bea5dbfa-30de-4207-bffd-4513ad20f3de@group-63552BB98623:LeaderElection12] INFO  server.RaftServerConfigKeys (ConfUtils.java:logGet(43)) - raft.server.watch.element-limit = 65536 (default)
2019-09-26 18:36:59,450 [d9ddad26-0ab8-49f0-a7fe-969d04a2d023@group-679C4209A422:LeaderElection11] INFO  server.RaftServerConfigKeys (ConfUtils.java:logGet(43)) - raft.server.rpc.sleep.time = 25ms (default)
2019-09-26 18:36:59,450 [d9ddad26-0ab8-49f0-a7fe-969d04a2d023@group-679C4209A422:LeaderElection11] INFO  server.RaftServerConfigKeys (ConfUtils.java:logGet(43)) - raft.server.write.element-limit = 4096 (default)
2019-09-26 18:36:59,451 [d9ddad26-0ab8-49f0-a7fe-969d04a2d023@group-679C4209A422:LeaderElection11] INFO  server.RaftServerConfigKeys (ConfUtils.java:logGet(43)) - raft.server.watch.timeout = 10s (default)
2019-09-26 18:36:59,451 [d9ddad26-0ab8-49f0-a7fe-969d04a2d023@group-679C4209A422:LeaderElection11] INFO  server.RaftServerConfigKeys (ConfUtils.java:logGet(43)) - raft.server.watch.timeout.denomination = 1s (default)
2019-09-26 18:36:59,452 [d9ddad26-0ab8-49f0-a7fe-969d04a2d023@group-679C4209A422:LeaderElection11] INFO  server.RaftServerConfigKeys (ConfUtils.java:logGet(43)) - raft.server.watch.element-limit = 65536 (default)
2019-09-26 18:36:59,456 [bea5dbfa-30de-4207-bffd-4513ad20f3de@group-63552BB98623:LeaderElection12] INFO  server.RaftServerConfigKeys (ConfUtils.java:logGet(43)) - raft.server.log.appender.snapshot.chunk.size.max = 16MB (=16777216) (default)
2019-09-26 18:36:59,456 [bea5dbfa-30de-4207-bffd-4513ad20f3de@group-63552BB98623:LeaderElection12] INFO  server.RaftServerConfigKeys (ConfUtils.java:logGet(43)) - raft.server.log.appender.buffer.byte-limit = 33554432 (custom)
2019-09-26 18:36:59,456 [d9ddad26-0ab8-49f0-a7fe-969d04a2d023@group-679C4209A422:LeaderElection11] INFO  server.RaftServerConfigKeys (ConfUtils.java:logGet(43)) - raft.server.log.appender.snapshot.chunk.size.max = 16MB (=16777216) (default)
2019-09-26 18:36:59,456 [d9ddad26-0ab8-49f0-a7fe-969d04a2d023@group-679C4209A422:LeaderElection11] INFO  server.RaftServerConfigKeys (ConfUtils.java:logGet(43)) - raft.server.log.appender.buffer.byte-limit = 33554432 (custom)
2019-09-26 18:36:59,456 [bea5dbfa-30de-4207-bffd-4513ad20f3de@group-63552BB98623:LeaderElection12] INFO  server.RaftServerConfigKeys (ConfUtils.java:logGet(43)) - raft.server.log.appender.buffer.element-limit = 1 (custom)
2019-09-26 18:36:59,456 [d9ddad26-0ab8-49f0-a7fe-969d04a2d023@group-679C4209A422:LeaderElection11] INFO  server.RaftServerConfigKeys (ConfUtils.java:logGet(43)) - raft.server.log.appender.buffer.element-limit = 1 (custom)
2019-09-26 18:36:59,459 [bea5dbfa-30de-4207-bffd-4513ad20f3de@group-63552BB98623:LeaderElection12] INFO  grpc.GrpcConfigKeys$Server (ConfUtils.java:logGet(43)) - raft.grpc.server.leader.outstanding.appends.max = 128 (default)
2019-09-26 18:36:59,462 [d9ddad26-0ab8-49f0-a7fe-969d04a2d023@group-679C4209A422:LeaderElection11] INFO  grpc.GrpcConfigKeys$Server (ConfUtils.java:logGet(43)) - raft.grpc.server.leader.outstanding.appends.max = 128 (default)
2019-09-26 18:36:59,462 [bea5dbfa-30de-4207-bffd-4513ad20f3de@group-63552BB98623:LeaderElection12] INFO  server.RaftServerConfigKeys (ConfUtils.java:logGet(43)) - raft.server.rpc.request.timeout = 3000ms (default)
2019-09-26 18:36:59,462 [d9ddad26-0ab8-49f0-a7fe-969d04a2d023@group-679C4209A422:LeaderElection11] INFO  server.RaftServerConfigKeys (ConfUtils.java:logGet(43)) - raft.server.rpc.request.timeout = 3000ms (default)
2019-09-26 18:36:59,462 [bea5dbfa-30de-4207-bffd-4513ad20f3de@group-63552BB98623:LeaderElection12] INFO  server.RaftServerConfigKeys (ConfUtils.java:logGet(43)) - raft.server.log.appender.install.snapshot.enabled = false (custom)
2019-09-26 18:36:59,462 [d9ddad26-0ab8-49f0-a7fe-969d04a2d023@group-679C4209A422:LeaderElection11] INFO  server.RaftServerConfigKeys (ConfUtils.java:logGet(43)) - raft.server.log.appender.install.snapshot.enabled = false (custom)
2019-09-26 18:36:59,463 [bea5dbfa-30de-4207-bffd-4513ad20f3de@group-63552BB98623:LeaderElection12] INFO  server.RaftServerConfigKeys (ConfUtils.java:logGet(43)) - raft.server.log.appender.snapshot.chunk.size.max = 16MB (=16777216) (default)
2019-09-26 18:36:59,463 [d9ddad26-0ab8-49f0-a7fe-969d04a2d023@group-679C4209A422:LeaderElection11] INFO  server.RaftServerConfigKeys (ConfUtils.java:logGet(43)) - raft.server.log.appender.snapshot.chunk.size.max = 16MB (=16777216) (default)
2019-09-26 18:36:59,463 [bea5dbfa-30de-4207-bffd-4513ad20f3de@group-63552BB98623:LeaderElection12] INFO  server.RaftServerConfigKeys (ConfUtils.java:logGet(43)) - raft.server.log.appender.buffer.byte-limit = 33554432 (custom)
2019-09-26 18:36:59,464 [d9ddad26-0ab8-49f0-a7fe-969d04a2d023@group-679C4209A422:LeaderElection11] INFO  server.RaftServerConfigKeys (ConfUtils.java:logGet(43)) - raft.server.log.appender.buffer.byte-limit = 33554432 (custom)
2019-09-26 18:36:59,464 [bea5dbfa-30de-4207-bffd-4513ad20f3de@group-63552BB98623:LeaderElection12] INFO  server.RaftServerConfigKeys (ConfUtils.java:logGet(43)) - raft.server.log.appender.buffer.element-limit = 1 (custom)
2019-09-26 18:36:59,464 [d9ddad26-0ab8-49f0-a7fe-969d04a2d023@group-679C4209A422:LeaderElection11] INFO  server.RaftServerConfigKeys (ConfUtils.java:logGet(43)) - raft.server.log.appender.buffer.element-limit = 1 (custom)
2019-09-26 18:36:59,464 [bea5dbfa-30de-4207-bffd-4513ad20f3de@group-63552BB98623:LeaderElection12] INFO  grpc.GrpcConfigKeys$Server (ConfUtils.java:logGet(43)) - raft.grpc.server.leader.outstanding.appends.max = 128 (default)
2019-09-26 18:36:59,464 [d9ddad26-0ab8-49f0-a7fe-969d04a2d023@group-679C4209A422:LeaderElection11] INFO  grpc.GrpcConfigKeys$Server (ConfUtils.java:logGet(43)) - raft.grpc.server.leader.outstanding.appends.max = 128 (default)
2019-09-26 18:36:59,464 [bea5dbfa-30de-4207-bffd-4513ad20f3de@group-63552BB98623:LeaderElection12] INFO  server.RaftServerConfigKeys (ConfUtils.java:logGet(43)) - raft.server.rpc.request.timeout = 3000ms (default)
2019-09-26 18:36:59,464 [d9ddad26-0ab8-49f0-a7fe-969d04a2d023@group-679C4209A422:LeaderElection11] INFO  server.RaftServerConfigKeys (ConfUtils.java:logGet(43)) - raft.server.rpc.request.timeout = 3000ms (default)
2019-09-26 18:36:59,465 [bea5dbfa-30de-4207-bffd-4513ad20f3de@group-63552BB98623:LeaderElection12] INFO  server.RaftServerConfigKeys (ConfUtils.java:logGet(43)) - raft.server.log.appender.install.snapshot.enabled = false (custom)
2019-09-26 18:36:59,465 [d9ddad26-0ab8-49f0-a7fe-969d04a2d023@group-679C4209A422:LeaderElection11] INFO  server.RaftServerConfigKeys (ConfUtils.java:logGet(43)) - raft.server.log.appender.install.snapshot.enabled = false (custom)
2019-09-26 18:36:59,467 [bea5dbfa-30de-4207-bffd-4513ad20f3de@group-63552BB98623:LeaderElection12] INFO  impl.RoleInfo (RoleInfo.java:updateAndGet(143)) - bea5dbfa-30de-4207-bffd-4513ad20f3de: start LeaderState
2019-09-26 18:36:59,467 [d9ddad26-0ab8-49f0-a7fe-969d04a2d023@group-679C4209A422:LeaderElection11] INFO  impl.RoleInfo (RoleInfo.java:updateAndGet(143)) - d9ddad26-0ab8-49f0-a7fe-969d04a2d023: start LeaderState
2019-09-26 18:36:59,468 [bea5dbfa-30de-4207-bffd-4513ad20f3de@group-63552BB98623:LeaderElection12] INFO  segmented.SegmentedRaftLogWorker (SegmentedRaftLogWorker.java:startLogSegment(380)) - bea5dbfa-30de-4207-bffd-4513ad20f3de@group-63552BB98623-SegmentedRaftLogWorker: Starting segment from index:0
2019-09-26 18:36:59,468 [d9ddad26-0ab8-49f0-a7fe-969d04a2d023@group-679C4209A422:LeaderElection11] INFO  segmented.SegmentedRaftLogWorker (SegmentedRaftLogWorker.java:startLogSegment(380)) - d9ddad26-0ab8-49f0-a7fe-969d04a2d023@group-679C4209A422-SegmentedRaftLogWorker: Starting segment from index:0
2019-09-26 18:36:59,468 [bea5dbfa-30de-4207-bffd-4513ad20f3de@group-63552BB98623:LeaderElection12] INFO  impl.RaftServerImpl (ServerState.java:setRaftConf(354)) - bea5dbfa-30de-4207-bffd-4513ad20f3de@group-63552BB98623: set configuration 0: [892de89a-e065-4df4-9984-8695982985db:192.168.151.109:38189, bea5dbfa-30de-4207-bffd-4513ad20f3de:192.168.151.109:38435, f5f4fe3e-62aa-486e-b3bf-625e48bce7a6:192.168.151.109:44025], old=null at 0
2019-09-26 18:36:59,496 [Thread-335] INFO  impl.FollowerState (FollowerState.java:run(106)) - 940aeb20-161d-40ce-b26e-b994753f5674:group-301C09F844F1 changes to CANDIDATE, lastRpcTime:5072, electionTimeout:5059ms
2019-09-26 18:36:59,496 [d9ddad26-0ab8-49f0-a7fe-969d04a2d023@group-679C4209A422:LeaderElection11] INFO  impl.RaftServerImpl (ServerState.java:setRaftConf(354)) - d9ddad26-0ab8-49f0-a7fe-969d04a2d023@group-679C4209A422: set configuration 0: [d9ddad26-0ab8-49f0-a7fe-969d04a2d023:192.168.151.109:36608, eadf7083-a0e2-4fdb-9f41-5b7503e65173:192.168.151.109:33418, ff546a1f-819d-426e-b61a-e2a594c97aae:192.168.151.109:45585], old=null at 0
2019-09-26 18:36:59,496 [Thread-335] INFO  impl.RoleInfo (RoleInfo.java:shutdownFollowerState(121)) - 940aeb20-161d-40ce-b26e-b994753f5674: shutdown FollowerState
2019-09-26 18:36:59,496 [grpc-default-executor-0] INFO  impl.RaftServerImpl (RaftServerImpl.java:requestVote(758)) - bea5dbfa-30de-4207-bffd-4513ad20f3de@group-63552BB98623-   LEADER: Withhold vote from candidate f5f4fe3e-62aa-486e-b3bf-625e48bce7a6 with term 1. State: leader=bea5dbfa-30de-4207-bffd-4513ad20f3de, term=1, lastRpcElapsed=null
2019-09-26 18:36:59,498 [Thread-335] INFO  impl.RaftServerImpl (RaftServerImpl.java:setRole(174)) - 940aeb20-161d-40ce-b26e-b994753f5674@group-301C09F844F1: changes role from  FOLLOWER to CANDIDATE at term 0 for changeToCandidate
2019-09-26 18:36:59,499 [Thread-335] INFO  impl.RoleInfo (RoleInfo.java:updateAndGet(143)) - 940aeb20-161d-40ce-b26e-b994753f5674: start LeaderElection
2019-09-26 18:36:59,504 [Thread-339] INFO  impl.FollowerState (FollowerState.java:run(106)) - bf3c4117-d6f7-43a2-8fa2-683a0803af33:group-301C09F844F1 changes to CANDIDATE, lastRpcTime:5076, electionTimeout:5074ms
2019-09-26 18:36:59,504 [Thread-339] INFO  impl.RoleInfo (RoleInfo.java:shutdownFollowerState(121)) - bf3c4117-d6f7-43a2-8fa2-683a0803af33: shutdown FollowerState
2019-09-26 18:36:59,504 [Thread-339] INFO  impl.RaftServerImpl (RaftServerImpl.java:setRole(174)) - bf3c4117-d6f7-43a2-8fa2-683a0803af33@group-301C09F844F1: changes role from  FOLLOWER to CANDIDATE at term 0 for changeToCandidate
2019-09-26 18:36:59,504 [Thread-339] INFO  impl.RoleInfo (RoleInfo.java:updateAndGet(143)) - bf3c4117-d6f7-43a2-8fa2-683a0803af33: start LeaderElection
2019-09-26 18:36:59,510 [f5f4fe3e-62aa-486e-b3bf-625e48bce7a6@group-63552BB98623:LeaderElection14] INFO  impl.LeaderElection (LeaderElection.java:logAndReturn(56)) - f5f4fe3e-62aa-486e-b3bf-625e48bce7a6@group-63552BB98623:LeaderElection14: Election REJECTED; received 2 response(s) [f5f4fe3e-62aa-486e-b3bf-625e48bce7a6<-892de89a-e065-4df4-9984-8695982985db#0:FAIL-t1, f5f4fe3e-62aa-486e-b3bf-625e48bce7a6<-bea5dbfa-30de-4207-bffd-4513ad20f3de#0:FAIL-t1] and 0 exception(s); f5f4fe3e-62aa-486e-b3bf-625e48bce7a6@group-63552BB98623:t1, leader=null, voted=f5f4fe3e-62aa-486e-b3bf-625e48bce7a6, raftlog=f5f4fe3e-62aa-486e-b3bf-625e48bce7a6@group-63552BB98623-SegmentedRaftLog:OPENED:c-1,f-1,i0, conf=-1: [892de89a-e065-4df4-9984-8695982985db:192.168.151.109:38189, bea5dbfa-30de-4207-bffd-4513ad20f3de:192.168.151.109:38435, f5f4fe3e-62aa-486e-b3bf-625e48bce7a6:192.168.151.109:44025], old=null
2019-09-26 18:36:59,510 [f5f4fe3e-62aa-486e-b3bf-625e48bce7a6@group-63552BB98623:LeaderElection14] INFO  impl.RaftServerImpl (RaftServerImpl.java:setRole(174)) - f5f4fe3e-62aa-486e-b3bf-625e48bce7a6@group-63552BB98623: changes role from CANDIDATE to FOLLOWER at term 1 for DISCOVERED_A_NEW_TERM
2019-09-26 18:36:59,523 [f5f4fe3e-62aa-486e-b3bf-625e48bce7a6@group-63552BB98623:LeaderElection14] INFO  impl.RoleInfo (RoleInfo.java:shutdownLeaderElection(134)) - f5f4fe3e-62aa-486e-b3bf-625e48bce7a6: shutdown LeaderElection
2019-09-26 18:36:59,523 [940aeb20-161d-40ce-b26e-b994753f5674@group-301C09F844F1:LeaderElection15] INFO  impl.LeaderElection (LeaderElection.java:askForVotes(182)) - 940aeb20-161d-40ce-b26e-b994753f5674@group-301C09F844F1:LeaderElection15: begin an election at term 1 for -1: [940aeb20-161d-40ce-b26e-b994753f5674:192.168.151.109:34442, 00c41e76-79a8-40eb-9119-484acb6de979:192.168.151.109:40316, bf3c4117-d6f7-43a2-8fa2-683a0803af33:192.168.151.109:33211], old=null
2019-09-26 18:36:59,523 [d9ddad26-0ab8-49f0-a7fe-969d04a2d023@group-679C4209A422-SegmentedRaftLogWorker] INFO  segmented.SegmentedRaftLogWorker (SegmentedRaftLogWorker.java:execute(569)) - d9ddad26-0ab8-49f0-a7fe-969d04a2d023@group-679C4209A422-SegmentedRaftLogWorker: created new log segment /workdir/hadoop-ozone/integration-test/target/test-dir/MiniOzoneClusterImpl-92b4b651-8b24-41a6-8b84-80731fec252a/datanode-4/data/ratis/2391429b-df80-4601-84a3-679c4209a422/current/log_inprogress_0
2019-09-26 18:36:59,525 [bea5dbfa-30de-4207-bffd-4513ad20f3de@group-63552BB98623-SegmentedRaftLogWorker] INFO  segmented.SegmentedRaftLogWorker (SegmentedRaftLogWorker.java:execute(569)) - bea5dbfa-30de-4207-bffd-4513ad20f3de@group-63552BB98623-SegmentedRaftLogWorker: created new log segment /workdir/hadoop-ozone/integration-test/target/test-dir/MiniOzoneClusterImpl-92b4b651-8b24-41a6-8b84-80731fec252a/datanode-0/data/ratis/e40071b0-3d49-4455-8c86-63552bb98623/current/log_inprogress_0
2019-09-26 18:36:59,523 [bf3c4117-d6f7-43a2-8fa2-683a0803af33@group-301C09F844F1:LeaderElection16] INFO  impl.LeaderElection (LeaderElection.java:askForVotes(182)) - bf3c4117-d6f7-43a2-8fa2-683a0803af33@group-301C09F844F1:LeaderElection16: begin an election at term 1 for -1: [940aeb20-161d-40ce-b26e-b994753f5674:192.168.151.109:34442, 00c41e76-79a8-40eb-9119-484acb6de979:192.168.151.109:40316, bf3c4117-d6f7-43a2-8fa2-683a0803af33:192.168.151.109:33211], old=null
2019-09-26 18:36:59,526 [f5f4fe3e-62aa-486e-b3bf-625e48bce7a6@group-63552BB98623:LeaderElection14] INFO  impl.RoleInfo (RoleInfo.java:updateAndGet(143)) - f5f4fe3e-62aa-486e-b3bf-625e48bce7a6: start FollowerState
2019-09-26 18:36:59,560 [Thread-338] INFO  impl.FollowerState (FollowerState.java:run(106)) - 00c41e76-79a8-40eb-9119-484acb6de979:group-301C09F844F1 changes to CANDIDATE, lastRpcTime:5134, electionTimeout:5133ms
2019-09-26 18:36:59,561 [Thread-338] INFO  impl.RoleInfo (RoleInfo.java:shutdownFollowerState(121)) - 00c41e76-79a8-40eb-9119-484acb6de979: shutdown FollowerState
2019-09-26 18:36:59,566 [Thread-338] INFO  impl.RaftServerImpl (RaftServerImpl.java:setRole(174)) - 00c41e76-79a8-40eb-9119-484acb6de979@group-301C09F844F1: changes role from  FOLLOWER to CANDIDATE at term 0 for changeToCandidate
2019-09-26 18:36:59,567 [Thread-338] INFO  impl.RoleInfo (RoleInfo.java:updateAndGet(143)) - 00c41e76-79a8-40eb-9119-484acb6de979: start LeaderElection
2019-09-26 18:36:59,586 [grpc-default-executor-0] INFO  impl.RaftServerImpl (ServerState.java:setLeader(253)) - ff546a1f-819d-426e-b61a-e2a594c97aae@group-679C4209A422: change Leader from null to d9ddad26-0ab8-49f0-a7fe-969d04a2d023 at term 1 for appendEntries, leader elected after 5372ms
2019-09-26 18:36:59,589 [grpc-default-executor-1] INFO  impl.RaftServerImpl (ServerState.java:setLeader(253)) - 892de89a-e065-4df4-9984-8695982985db@group-63552BB98623: change Leader from null to bea5dbfa-30de-4207-bffd-4513ad20f3de at term 1 for appendEntries, leader elected after 5271ms
2019-09-26 18:36:59,589 [00c41e76-79a8-40eb-9119-484acb6de979@group-301C09F844F1:LeaderElection17] INFO  impl.LeaderElection (LeaderElection.java:askForVotes(182)) - 00c41e76-79a8-40eb-9119-484acb6de979@group-301C09F844F1:LeaderElection17: begin an election at term 1 for -1: [940aeb20-161d-40ce-b26e-b994753f5674:192.168.151.109:34442, 00c41e76-79a8-40eb-9119-484acb6de979:192.168.151.109:40316, bf3c4117-d6f7-43a2-8fa2-683a0803af33:192.168.151.109:33211], old=null
2019-09-26 18:36:59,589 [grpc-default-executor-2] INFO  impl.RaftServerImpl (ServerState.java:setLeader(253)) - f5f4fe3e-62aa-486e-b3bf-625e48bce7a6@group-63552BB98623: change Leader from null to bea5dbfa-30de-4207-bffd-4513ad20f3de at term 1 for appendEntries, leader elected after 5269ms
2019-09-26 18:36:59,589 [grpc-default-executor-3] INFO  impl.RaftServerImpl (ServerState.java:setLeader(253)) - eadf7083-a0e2-4fdb-9f41-5b7503e65173@group-679C4209A422: change Leader from null to d9ddad26-0ab8-49f0-a7fe-969d04a2d023 at term 1 for appendEntries, leader elected after 5372ms
2019-09-26 18:36:59,596 [bf3c4117-d6f7-43a2-8fa2-683a0803af33@group-301C09F844F1:LeaderElection16] INFO  impl.LeaderElection (LeaderElection.java:logAndReturn(56)) - bf3c4117-d6f7-43a2-8fa2-683a0803af33@group-301C09F844F1:LeaderElection16: Election REJECTED; received 2 response(s) [bf3c4117-d6f7-43a2-8fa2-683a0803af33<-940aeb20-161d-40ce-b26e-b994753f5674#0:FAIL-t1, bf3c4117-d6f7-43a2-8fa2-683a0803af33<-00c41e76-79a8-40eb-9119-484acb6de979#0:FAIL-t1] and 0 exception(s); bf3c4117-d6f7-43a2-8fa2-683a0803af33@group-301C09F844F1:t1, leader=null, voted=bf3c4117-d6f7-43a2-8fa2-683a0803af33, raftlog=bf3c4117-d6f7-43a2-8fa2-683a0803af33@group-301C09F844F1-SegmentedRaftLog:OPENED:c-1,f-1,i0, conf=-1: [940aeb20-161d-40ce-b26e-b994753f5674:192.168.151.109:34442, 00c41e76-79a8-40eb-9119-484acb6de979:192.168.151.109:40316, bf3c4117-d6f7-43a2-8fa2-683a0803af33:192.168.151.109:33211], old=null
2019-09-26 18:36:59,596 [940aeb20-161d-40ce-b26e-b994753f5674@group-301C09F844F1:LeaderElection15] INFO  impl.LeaderElection (LeaderElection.java:logAndReturn(56)) - 940aeb20-161d-40ce-b26e-b994753f5674@group-301C09F844F1:LeaderElection15: Election REJECTED; received 2 response(s) [940aeb20-161d-40ce-b26e-b994753f5674<-bf3c4117-d6f7-43a2-8fa2-683a0803af33#0:FAIL-t1, 940aeb20-161d-40ce-b26e-b994753f5674<-00c41e76-79a8-40eb-9119-484acb6de979#0:FAIL-t1] and 0 exception(s); 940aeb20-161d-40ce-b26e-b994753f5674@group-301C09F844F1:t1, leader=null, voted=940aeb20-161d-40ce-b26e-b994753f5674, raftlog=940aeb20-161d-40ce-b26e-b994753f5674@group-301C09F844F1-SegmentedRaftLog:OPENED:c-1,f-1,i0, conf=-1: [940aeb20-161d-40ce-b26e-b994753f5674:192.168.151.109:34442, 00c41e76-79a8-40eb-9119-484acb6de979:192.168.151.109:40316, bf3c4117-d6f7-43a2-8fa2-683a0803af33:192.168.151.109:33211], old=null
2019-09-26 18:36:59,600 [bf3c4117-d6f7-43a2-8fa2-683a0803af33@group-301C09F844F1:LeaderElection16] INFO  impl.RaftServerImpl (RaftServerImpl.java:setRole(174)) - bf3c4117-d6f7-43a2-8fa2-683a0803af33@group-301C09F844F1: changes role from CANDIDATE to FOLLOWER at term 1 for DISCOVERED_A_NEW_TERM
2019-09-26 18:36:59,610 [940aeb20-161d-40ce-b26e-b994753f5674@group-301C09F844F1:LeaderElection15] INFO  impl.RaftServerImpl (RaftServerImpl.java:setRole(174)) - 940aeb20-161d-40ce-b26e-b994753f5674@group-301C09F844F1: changes role from CANDIDATE to FOLLOWER at term 1 for DISCOVERED_A_NEW_TERM
2019-09-26 18:36:59,612 [940aeb20-161d-40ce-b26e-b994753f5674@group-301C09F844F1:LeaderElection15] INFO  impl.RoleInfo (RoleInfo.java:shutdownLeaderElection(134)) - 940aeb20-161d-40ce-b26e-b994753f5674: shutdown LeaderElection
2019-09-26 18:36:59,612 [bf3c4117-d6f7-43a2-8fa2-683a0803af33@group-301C09F844F1:LeaderElection16] INFO  impl.RoleInfo (RoleInfo.java:shutdownLeaderElection(134)) - bf3c4117-d6f7-43a2-8fa2-683a0803af33: shutdown LeaderElection
2019-09-26 18:36:59,613 [940aeb20-161d-40ce-b26e-b994753f5674@group-301C09F844F1:LeaderElection15] INFO  impl.RoleInfo (RoleInfo.java:updateAndGet(143)) - 940aeb20-161d-40ce-b26e-b994753f5674: start FollowerState
2019-09-26 18:36:59,613 [bf3c4117-d6f7-43a2-8fa2-683a0803af33@group-301C09F844F1:LeaderElection16] INFO  impl.RoleInfo (RoleInfo.java:updateAndGet(143)) - bf3c4117-d6f7-43a2-8fa2-683a0803af33: start FollowerState
2019-09-26 18:36:59,626 [00c41e76-79a8-40eb-9119-484acb6de979@group-301C09F844F1:LeaderElection17] INFO  impl.LeaderElection (LeaderElection.java:logAndReturn(56)) - 00c41e76-79a8-40eb-9119-484acb6de979@group-301C09F844F1:LeaderElection17: Election REJECTED; received 2 response(s) [00c41e76-79a8-40eb-9119-484acb6de979<-940aeb20-161d-40ce-b26e-b994753f5674#0:FAIL-t1, 00c41e76-79a8-40eb-9119-484acb6de979<-bf3c4117-d6f7-43a2-8fa2-683a0803af33#0:FAIL-t1] and 0 exception(s); 00c41e76-79a8-40eb-9119-484acb6de979@group-301C09F844F1:t1, leader=null, voted=00c41e76-79a8-40eb-9119-484acb6de979, raftlog=00c41e76-79a8-40eb-9119-484acb6de979@group-301C09F844F1-SegmentedRaftLog:OPENED:c-1,f-1,i0, conf=-1: [940aeb20-161d-40ce-b26e-b994753f5674:192.168.151.109:34442, 00c41e76-79a8-40eb-9119-484acb6de979:192.168.151.109:40316, bf3c4117-d6f7-43a2-8fa2-683a0803af33:192.168.151.109:33211], old=null
2019-09-26 18:36:59,626 [00c41e76-79a8-40eb-9119-484acb6de979@group-301C09F844F1:LeaderElection17] INFO  impl.RaftServerImpl (RaftServerImpl.java:setRole(174)) - 00c41e76-79a8-40eb-9119-484acb6de979@group-301C09F844F1: changes role from CANDIDATE to FOLLOWER at term 1 for DISCOVERED_A_NEW_TERM
2019-09-26 18:36:59,627 [00c41e76-79a8-40eb-9119-484acb6de979@group-301C09F844F1:LeaderElection17] INFO  impl.RoleInfo (RoleInfo.java:shutdownLeaderElection(134)) - 00c41e76-79a8-40eb-9119-484acb6de979: shutdown LeaderElection
2019-09-26 18:36:59,628 [00c41e76-79a8-40eb-9119-484acb6de979@group-301C09F844F1:LeaderElection17] INFO  impl.RoleInfo (RoleInfo.java:updateAndGet(143)) - 00c41e76-79a8-40eb-9119-484acb6de979: start FollowerState
2019-09-26 18:36:59,646 [grpc-default-executor-0] INFO  impl.RaftServerImpl (ServerState.java:setRaftConf(354)) - 892de89a-e065-4df4-9984-8695982985db@group-63552BB98623: set configuration 0: [892de89a-e065-4df4-9984-8695982985db:192.168.151.109:38189, bea5dbfa-30de-4207-bffd-4513ad20f3de:192.168.151.109:38435, f5f4fe3e-62aa-486e-b3bf-625e48bce7a6:192.168.151.109:44025], old=null at 0
2019-09-26 18:36:59,646 [grpc-default-executor-3] INFO  impl.RaftServerImpl (ServerState.java:setRaftConf(354)) - f5f4fe3e-62aa-486e-b3bf-625e48bce7a6@group-63552BB98623: set configuration 0: [892de89a-e065-4df4-9984-8695982985db:192.168.151.109:38189, bea5dbfa-30de-4207-bffd-4513ad20f3de:192.168.151.109:38435, f5f4fe3e-62aa-486e-b3bf-625e48bce7a6:192.168.151.109:44025], old=null at 0
2019-09-26 18:36:59,646 [grpc-default-executor-2] INFO  impl.RaftServerImpl (ServerState.java:setRaftConf(354)) - ff546a1f-819d-426e-b61a-e2a594c97aae@group-679C4209A422: set configuration 0: [d9ddad26-0ab8-49f0-a7fe-969d04a2d023:192.168.151.109:36608, eadf7083-a0e2-4fdb-9f41-5b7503e65173:192.168.151.109:33418, ff546a1f-819d-426e-b61a-e2a594c97aae:192.168.151.109:45585], old=null at 0
2019-09-26 18:36:59,646 [grpc-default-executor-1] INFO  impl.RaftServerImpl (ServerState.java:setRaftConf(354)) - eadf7083-a0e2-4fdb-9f41-5b7503e65173@group-679C4209A422: set configuration 0: [d9ddad26-0ab8-49f0-a7fe-969d04a2d023:192.168.151.109:36608, eadf7083-a0e2-4fdb-9f41-5b7503e65173:192.168.151.109:33418, ff546a1f-819d-426e-b61a-e2a594c97aae:192.168.151.109:45585], old=null at 0
2019-09-26 18:36:59,648 [grpc-default-executor-2] INFO  segmented.SegmentedRaftLogWorker (SegmentedRaftLogWorker.java:startLogSegment(380)) - ff546a1f-819d-426e-b61a-e2a594c97aae@group-679C4209A422-SegmentedRaftLogWorker: Starting segment from index:0
2019-09-26 18:36:59,648 [grpc-default-executor-3] INFO  segmented.SegmentedRaftLogWorker (SegmentedRaftLogWorker.java:startLogSegment(380)) - f5f4fe3e-62aa-486e-b3bf-625e48bce7a6@group-63552BB98623-SegmentedRaftLogWorker: Starting segment from index:0
2019-09-26 18:36:59,648 [grpc-default-executor-0] INFO  segmented.SegmentedRaftLogWorker (SegmentedRaftLogWorker.java:startLogSegment(380)) - 892de89a-e065-4df4-9984-8695982985db@group-63552BB98623-SegmentedRaftLogWorker: Starting segment from index:0
2019-09-26 18:36:59,648 [grpc-default-executor-1] INFO  segmented.SegmentedRaftLogWorker (SegmentedRaftLogWorker.java:startLogSegment(380)) - eadf7083-a0e2-4fdb-9f41-5b7503e65173@group-679C4209A422-SegmentedRaftLogWorker: Starting segment from index:0
2019-09-26 18:36:59,679 [f5f4fe3e-62aa-486e-b3bf-625e48bce7a6@group-63552BB98623-SegmentedRaftLogWorker] INFO  segmented.SegmentedRaftLogWorker (SegmentedRaftLogWorker.java:execute(569)) - f5f4fe3e-62aa-486e-b3bf-625e48bce7a6@group-63552BB98623-SegmentedRaftLogWorker: created new log segment /workdir/hadoop-ozone/integration-test/target/test-dir/MiniOzoneClusterImpl-92b4b651-8b24-41a6-8b84-80731fec252a/datanode-5/data/ratis/e40071b0-3d49-4455-8c86-63552bb98623/current/log_inprogress_0
2019-09-26 18:36:59,679 [892de89a-e065-4df4-9984-8695982985db@group-63552BB98623-SegmentedRaftLogWorker] INFO  segmented.SegmentedRaftLogWorker (SegmentedRaftLogWorker.java:execute(569)) - 892de89a-e065-4df4-9984-8695982985db@group-63552BB98623-SegmentedRaftLogWorker: created new log segment /workdir/hadoop-ozone/integration-test/target/test-dir/MiniOzoneClusterImpl-92b4b651-8b24-41a6-8b84-80731fec252a/datanode-8/data/ratis/e40071b0-3d49-4455-8c86-63552bb98623/current/log_inprogress_0
2019-09-26 18:36:59,701 [eadf7083-a0e2-4fdb-9f41-5b7503e65173@group-679C4209A422-SegmentedRaftLogWorker] INFO  segmented.SegmentedRaftLogWorker (SegmentedRaftLogWorker.java:execute(569)) - eadf7083-a0e2-4fdb-9f41-5b7503e65173@group-679C4209A422-SegmentedRaftLogWorker: created new log segment /workdir/hadoop-ozone/integration-test/target/test-dir/MiniOzoneClusterImpl-92b4b651-8b24-41a6-8b84-80731fec252a/datanode-3/data/ratis/2391429b-df80-4601-84a3-679c4209a422/current/log_inprogress_0
2019-09-26 18:36:59,701 [ff546a1f-819d-426e-b61a-e2a594c97aae@group-679C4209A422-SegmentedRaftLogWorker] INFO  segmented.SegmentedRaftLogWorker (SegmentedRaftLogWorker.java:execute(569)) - ff546a1f-819d-426e-b61a-e2a594c97aae@group-679C4209A422-SegmentedRaftLogWorker: created new log segment /workdir/hadoop-ozone/integration-test/target/test-dir/MiniOzoneClusterImpl-92b4b651-8b24-41a6-8b84-80731fec252a/datanode-6/data/ratis/2391429b-df80-4601-84a3-679c4209a422/current/log_inprogress_0
2019-09-26 18:37:00,399 [main] INFO  ipc.Client (Client.java:handleConnectionFailure(948)) - Retrying connect to server: localhost/127.0.0.1:0. Already tried 5 time(s); retry policy is RetryUpToMaximumCountWithFixedSleep(maxRetries=10, sleepTime=1000 MILLISECONDS)
2019-09-26 18:37:01,400 [main] INFO  ipc.Client (Client.java:handleConnectionFailure(948)) - Retrying connect to server: localhost/127.0.0.1:0. Already tried 6 time(s); retry policy is RetryUpToMaximumCountWithFixedSleep(maxRetries=10, sleepTime=1000 MILLISECONDS)
2019-09-26 18:37:02,401 [main] INFO  ipc.Client (Client.java:handleConnectionFailure(948)) - Retrying connect to server: localhost/127.0.0.1:0. Already tried 7 time(s); retry policy is RetryUpToMaximumCountWithFixedSleep(maxRetries=10, sleepTime=1000 MILLISECONDS)
2019-09-26 18:37:03,402 [main] INFO  ipc.Client (Client.java:handleConnectionFailure(948)) - Retrying connect to server: localhost/127.0.0.1:0. Already tried 8 time(s); retry policy is RetryUpToMaximumCountWithFixedSleep(maxRetries=10, sleepTime=1000 MILLISECONDS)
2019-09-26 18:37:04,403 [main] INFO  ipc.Client (Client.java:handleConnectionFailure(948)) - Retrying connect to server: localhost/127.0.0.1:0. Already tried 9 time(s); retry policy is RetryUpToMaximumCountWithFixedSleep(maxRetries=10, sleepTime=1000 MILLISECONDS)
2019-09-26 18:37:04,697 [Thread-404] INFO  impl.FollowerState (FollowerState.java:run(106)) - 00c41e76-79a8-40eb-9119-484acb6de979:group-301C09F844F1 changes to CANDIDATE, lastRpcTime:5068, electionTimeout:5067ms
2019-09-26 18:37:04,697 [Thread-404] INFO  impl.RoleInfo (RoleInfo.java:shutdownFollowerState(121)) - 00c41e76-79a8-40eb-9119-484acb6de979: shutdown FollowerState
2019-09-26 18:37:04,697 [Thread-404] INFO  impl.RaftServerImpl (RaftServerImpl.java:setRole(174)) - 00c41e76-79a8-40eb-9119-484acb6de979@group-301C09F844F1: changes role from  FOLLOWER to CANDIDATE at term 1 for changeToCandidate
2019-09-26 18:37:04,697 [Thread-404] INFO  impl.RoleInfo (RoleInfo.java:updateAndGet(143)) - 00c41e76-79a8-40eb-9119-484acb6de979: start LeaderElection
2019-09-26 18:37:04,718 [Thread-403] INFO  impl.FollowerState (FollowerState.java:run(106)) - bf3c4117-d6f7-43a2-8fa2-683a0803af33:group-301C09F844F1 changes to CANDIDATE, lastRpcTime:5104, electionTimeout:5082ms
2019-09-26 18:37:04,718 [Thread-403] INFO  impl.RoleInfo (RoleInfo.java:shutdownFollowerState(121)) - bf3c4117-d6f7-43a2-8fa2-683a0803af33: shutdown FollowerState
2019-09-26 18:37:04,719 [Thread-403] INFO  impl.RaftServerImpl (RaftServerImpl.java:setRole(174)) - bf3c4117-d6f7-43a2-8fa2-683a0803af33@group-301C09F844F1: changes role from  FOLLOWER to CANDIDATE at term 1 for changeToCandidate
2019-09-26 18:37:04,719 [Thread-403] INFO  impl.RoleInfo (RoleInfo.java:updateAndGet(143)) - bf3c4117-d6f7-43a2-8fa2-683a0803af33: start LeaderElection
2019-09-26 18:37:04,733 [bf3c4117-d6f7-43a2-8fa2-683a0803af33@group-301C09F844F1:LeaderElection19] INFO  impl.LeaderElection (LeaderElection.java:askForVotes(182)) - bf3c4117-d6f7-43a2-8fa2-683a0803af33@group-301C09F844F1:LeaderElection19: begin an election at term 2 for -1: [940aeb20-161d-40ce-b26e-b994753f5674:192.168.151.109:34442, 00c41e76-79a8-40eb-9119-484acb6de979:192.168.151.109:40316, bf3c4117-d6f7-43a2-8fa2-683a0803af33:192.168.151.109:33211], old=null
2019-09-26 18:37:04,733 [00c41e76-79a8-40eb-9119-484acb6de979@group-301C09F844F1:LeaderElection18] INFO  impl.LeaderElection (LeaderElection.java:askForVotes(182)) - 00c41e76-79a8-40eb-9119-484acb6de979@group-301C09F844F1:LeaderElection18: begin an election at term 2 for -1: [940aeb20-161d-40ce-b26e-b994753f5674:192.168.151.109:34442, 00c41e76-79a8-40eb-9119-484acb6de979:192.168.151.109:40316, bf3c4117-d6f7-43a2-8fa2-683a0803af33:192.168.151.109:33211], old=null
2019-09-26 18:37:04,743 [grpc-default-executor-3] INFO  impl.RaftServerImpl (RaftServerImpl.java:setRole(174)) - 940aeb20-161d-40ce-b26e-b994753f5674@group-301C09F844F1: changes role from  FOLLOWER to FOLLOWER at term 2 for recognizeCandidate:bf3c4117-d6f7-43a2-8fa2-683a0803af33
2019-09-26 18:37:04,743 [grpc-default-executor-3] INFO  impl.RoleInfo (RoleInfo.java:shutdownFollowerState(121)) - 940aeb20-161d-40ce-b26e-b994753f5674: shutdown FollowerState
2019-09-26 18:37:04,748 [grpc-default-executor-3] INFO  impl.RoleInfo (RoleInfo.java:updateAndGet(143)) - 940aeb20-161d-40ce-b26e-b994753f5674: start FollowerState
2019-09-26 18:37:04,748 [Thread-402] INFO  impl.FollowerState (FollowerState.java:run(115)) - 940aeb20-161d-40ce-b26e-b994753f5674: FollowerState was interrupted: java.lang.InterruptedException: sleep interrupted
2019-09-26 18:37:04,768 [00c41e76-79a8-40eb-9119-484acb6de979@group-301C09F844F1:LeaderElection18] INFO  impl.LeaderElection (LeaderElection.java:logAndReturn(56)) - 00c41e76-79a8-40eb-9119-484acb6de979@group-301C09F844F1:LeaderElection18: Election REJECTED; received 2 response(s) [00c41e76-79a8-40eb-9119-484acb6de979<-940aeb20-161d-40ce-b26e-b994753f5674#0:FAIL-t2, 00c41e76-79a8-40eb-9119-484acb6de979<-bf3c4117-d6f7-43a2-8fa2-683a0803af33#0:FAIL-t2] and 0 exception(s); 00c41e76-79a8-40eb-9119-484acb6de979@group-301C09F844F1:t2, leader=null, voted=00c41e76-79a8-40eb-9119-484acb6de979, raftlog=00c41e76-79a8-40eb-9119-484acb6de979@group-301C09F844F1-SegmentedRaftLog:OPENED:c-1,f-1,i0, conf=-1: [940aeb20-161d-40ce-b26e-b994753f5674:192.168.151.109:34442, 00c41e76-79a8-40eb-9119-484acb6de979:192.168.151.109:40316, bf3c4117-d6f7-43a2-8fa2-683a0803af33:192.168.151.109:33211], old=null
2019-09-26 18:37:04,768 [bf3c4117-d6f7-43a2-8fa2-683a0803af33@group-301C09F844F1:LeaderElection19] INFO  impl.LeaderElection (LeaderElection.java:logAndReturn(56)) - bf3c4117-d6f7-43a2-8fa2-683a0803af33@group-301C09F844F1:LeaderElection19: Election PASSED; received 2 response(s) [bf3c4117-d6f7-43a2-8fa2-683a0803af33<-940aeb20-161d-40ce-b26e-b994753f5674#0:OK-t2, bf3c4117-d6f7-43a2-8fa2-683a0803af33<-00c41e76-79a8-40eb-9119-484acb6de979#0:FAIL-t2] and 0 exception(s); bf3c4117-d6f7-43a2-8fa2-683a0803af33@group-301C09F844F1:t2, leader=null, voted=bf3c4117-d6f7-43a2-8fa2-683a0803af33, raftlog=bf3c4117-d6f7-43a2-8fa2-683a0803af33@group-301C09F844F1-SegmentedRaftLog:OPENED:c-1,f-1,i0, conf=-1: [940aeb20-161d-40ce-b26e-b994753f5674:192.168.151.109:34442, 00c41e76-79a8-40eb-9119-484acb6de979:192.168.151.109:40316, bf3c4117-d6f7-43a2-8fa2-683a0803af33:192.168.151.109:33211], old=null
2019-09-26 18:37:04,769 [00c41e76-79a8-40eb-9119-484acb6de979@group-301C09F844F1:LeaderElection18] INFO  impl.RaftServerImpl (RaftServerImpl.java:setRole(174)) - 00c41e76-79a8-40eb-9119-484acb6de979@group-301C09F844F1: changes role from CANDIDATE to FOLLOWER at term 2 for DISCOVERED_A_NEW_TERM
2019-09-26 18:37:04,776 [00c41e76-79a8-40eb-9119-484acb6de979@group-301C09F844F1:LeaderElection18] INFO  impl.RoleInfo (RoleInfo.java:shutdownLeaderElection(134)) - 00c41e76-79a8-40eb-9119-484acb6de979: shutdown LeaderElection
2019-09-26 18:37:04,771 [bf3c4117-d6f7-43a2-8fa2-683a0803af33@group-301C09F844F1:LeaderElection19] INFO  impl.RoleInfo (RoleInfo.java:shutdownLeaderElection(134)) - bf3c4117-d6f7-43a2-8fa2-683a0803af33: shutdown LeaderElection
2019-09-26 18:37:04,779 [bf3c4117-d6f7-43a2-8fa2-683a0803af33@group-301C09F844F1:LeaderElection19] INFO  impl.RaftServerImpl (RaftServerImpl.java:setRole(174)) - bf3c4117-d6f7-43a2-8fa2-683a0803af33@group-301C09F844F1: changes role from CANDIDATE to LEADER at term 2 for changeToLeader
2019-09-26 18:37:04,779 [00c41e76-79a8-40eb-9119-484acb6de979@group-301C09F844F1:LeaderElection18] INFO  impl.RoleInfo (RoleInfo.java:updateAndGet(143)) - 00c41e76-79a8-40eb-9119-484acb6de979: start FollowerState
2019-09-26 18:37:04,779 [bf3c4117-d6f7-43a2-8fa2-683a0803af33@group-301C09F844F1:LeaderElection19] INFO  impl.RaftServerImpl (ServerState.java:setLeader(253)) - bf3c4117-d6f7-43a2-8fa2-683a0803af33@group-301C09F844F1: change Leader from null to bf3c4117-d6f7-43a2-8fa2-683a0803af33 at term 2 for becomeLeader, leader elected after 10364ms
2019-09-26 18:37:04,782 [bf3c4117-d6f7-43a2-8fa2-683a0803af33@group-301C09F844F1:LeaderElection19] INFO  server.RaftServerConfigKeys (ConfUtils.java:logGet(43)) - raft.server.staging.catchup.gap = 1000 (default)
2019-09-26 18:37:04,782 [bf3c4117-d6f7-43a2-8fa2-683a0803af33@group-301C09F844F1:LeaderElection19] INFO  server.RaftServerConfigKeys (ConfUtils.java:logGet(43)) - raft.server.rpc.sleep.time = 25ms (default)
2019-09-26 18:37:04,782 [bf3c4117-d6f7-43a2-8fa2-683a0803af33@group-301C09F844F1:LeaderElection19] INFO  server.RaftServerConfigKeys (ConfUtils.java:logGet(43)) - raft.server.write.element-limit = 4096 (default)
2019-09-26 18:37:04,782 [bf3c4117-d6f7-43a2-8fa2-683a0803af33@group-301C09F844F1:LeaderElection19] INFO  server.RaftServerConfigKeys (ConfUtils.java:logGet(43)) - raft.server.watch.timeout = 10s (default)
2019-09-26 18:37:04,782 [bf3c4117-d6f7-43a2-8fa2-683a0803af33@group-301C09F844F1:LeaderElection19] INFO  server.RaftServerConfigKeys (ConfUtils.java:logGet(43)) - raft.server.watch.timeout.denomination = 1s (default)
2019-09-26 18:37:04,783 [bf3c4117-d6f7-43a2-8fa2-683a0803af33@group-301C09F844F1:LeaderElection19] INFO  server.RaftServerConfigKeys (ConfUtils.java:logGet(43)) - raft.server.watch.element-limit = 65536 (default)
2019-09-26 18:37:04,785 [bf3c4117-d6f7-43a2-8fa2-683a0803af33@group-301C09F844F1:LeaderElection19] INFO  server.RaftServerConfigKeys (ConfUtils.java:logGet(43)) - raft.server.log.appender.snapshot.chunk.size.max = 16MB (=16777216) (default)
2019-09-26 18:37:04,786 [bf3c4117-d6f7-43a2-8fa2-683a0803af33@group-301C09F844F1:LeaderElection19] INFO  server.RaftServerConfigKeys (ConfUtils.java:logGet(43)) - raft.server.log.appender.buffer.byte-limit = 33554432 (custom)
2019-09-26 18:37:04,786 [bf3c4117-d6f7-43a2-8fa2-683a0803af33@group-301C09F844F1:LeaderElection19] INFO  server.RaftServerConfigKeys (ConfUtils.java:logGet(43)) - raft.server.log.appender.buffer.element-limit = 1 (custom)
2019-09-26 18:37:04,786 [bf3c4117-d6f7-43a2-8fa2-683a0803af33@group-301C09F844F1:LeaderElection19] INFO  grpc.GrpcConfigKeys$Server (ConfUtils.java:logGet(43)) - raft.grpc.server.leader.outstanding.appends.max = 128 (default)
2019-09-26 18:37:04,787 [bf3c4117-d6f7-43a2-8fa2-683a0803af33@group-301C09F844F1:LeaderElection19] INFO  server.RaftServerConfigKeys (ConfUtils.java:logGet(43)) - raft.server.rpc.request.timeout = 3000ms (default)
2019-09-26 18:37:04,787 [bf3c4117-d6f7-43a2-8fa2-683a0803af33@group-301C09F844F1:LeaderElection19] INFO  server.RaftServerConfigKeys (ConfUtils.java:logGet(43)) - raft.server.log.appender.install.snapshot.enabled = false (custom)
2019-09-26 18:37:04,787 [bf3c4117-d6f7-43a2-8fa2-683a0803af33@group-301C09F844F1:LeaderElection19] INFO  server.RaftServerConfigKeys (ConfUtils.java:logGet(43)) - raft.server.log.appender.snapshot.chunk.size.max = 16MB (=16777216) (default)
2019-09-26 18:37:04,787 [bf3c4117-d6f7-43a2-8fa2-683a0803af33@group-301C09F844F1:LeaderElection19] INFO  server.RaftServerConfigKeys (ConfUtils.java:logGet(43)) - raft.server.log.appender.buffer.byte-limit = 33554432 (custom)
2019-09-26 18:37:04,787 [bf3c4117-d6f7-43a2-8fa2-683a0803af33@group-301C09F844F1:LeaderElection19] INFO  server.RaftServerConfigKeys (ConfUtils.java:logGet(43)) - raft.server.log.appender.buffer.element-limit = 1 (custom)
2019-09-26 18:37:04,788 [bf3c4117-d6f7-43a2-8fa2-683a0803af33@group-301C09F844F1:LeaderElection19] INFO  grpc.GrpcConfigKeys$Server (ConfUtils.java:logGet(43)) - raft.grpc.server.leader.outstanding.appends.max = 128 (default)
2019-09-26 18:37:04,788 [bf3c4117-d6f7-43a2-8fa2-683a0803af33@group-301C09F844F1:LeaderElection19] INFO  server.RaftServerConfigKeys (ConfUtils.java:logGet(43)) - raft.server.rpc.request.timeout = 3000ms (default)
2019-09-26 18:37:04,788 [bf3c4117-d6f7-43a2-8fa2-683a0803af33@group-301C09F844F1:LeaderElection19] INFO  server.RaftServerConfigKeys (ConfUtils.java:logGet(43)) - raft.server.log.appender.install.snapshot.enabled = false (custom)
2019-09-26 18:37:04,788 [bf3c4117-d6f7-43a2-8fa2-683a0803af33@group-301C09F844F1:LeaderElection19] INFO  impl.RoleInfo (RoleInfo.java:updateAndGet(143)) - bf3c4117-d6f7-43a2-8fa2-683a0803af33: start LeaderState
2019-09-26 18:37:04,789 [bf3c4117-d6f7-43a2-8fa2-683a0803af33@group-301C09F844F1:LeaderElection19] INFO  segmented.SegmentedRaftLogWorker (SegmentedRaftLogWorker.java:startLogSegment(380)) - bf3c4117-d6f7-43a2-8fa2-683a0803af33@group-301C09F844F1-SegmentedRaftLogWorker: Starting segment from index:0
2019-09-26 18:37:04,790 [bf3c4117-d6f7-43a2-8fa2-683a0803af33@group-301C09F844F1:LeaderElection19] INFO  impl.RaftServerImpl (ServerState.java:setRaftConf(354)) - bf3c4117-d6f7-43a2-8fa2-683a0803af33@group-301C09F844F1: set configuration 0: [940aeb20-161d-40ce-b26e-b994753f5674:192.168.151.109:34442, 00c41e76-79a8-40eb-9119-484acb6de979:192.168.151.109:40316, bf3c4117-d6f7-43a2-8fa2-683a0803af33:192.168.151.109:33211], old=null at 0
2019-09-26 18:37:04,825 [grpc-default-executor-2] INFO  impl.RaftServerImpl (ServerState.java:setLeader(253)) - 940aeb20-161d-40ce-b26e-b994753f5674@group-301C09F844F1: change Leader from null to bf3c4117-d6f7-43a2-8fa2-683a0803af33 at term 2 for appendEntries, leader elected after 10410ms
2019-09-26 18:37:04,825 [grpc-default-executor-3] INFO  impl.RaftServerImpl (ServerState.java:setLeader(253)) - 00c41e76-79a8-40eb-9119-484acb6de979@group-301C09F844F1: change Leader from null to bf3c4117-d6f7-43a2-8fa2-683a0803af33 at term 2 for appendEntries, leader elected after 10409ms
2019-09-26 18:37:04,832 [grpc-default-executor-3] INFO  impl.RaftServerImpl (ServerState.java:setRaftConf(354)) - 940aeb20-161d-40ce-b26e-b994753f5674@group-301C09F844F1: set configuration 0: [940aeb20-161d-40ce-b26e-b994753f5674:192.168.151.109:34442, 00c41e76-79a8-40eb-9119-484acb6de979:192.168.151.109:40316, bf3c4117-d6f7-43a2-8fa2-683a0803af33:192.168.151.109:33211], old=null at 0
2019-09-26 18:37:04,832 [grpc-default-executor-2] INFO  impl.RaftServerImpl (ServerState.java:setRaftConf(354)) - 00c41e76-79a8-40eb-9119-484acb6de979@group-301C09F844F1: set configuration 0: [940aeb20-161d-40ce-b26e-b994753f5674:192.168.151.109:34442, 00c41e76-79a8-40eb-9119-484acb6de979:192.168.151.109:40316, bf3c4117-d6f7-43a2-8fa2-683a0803af33:192.168.151.109:33211], old=null at 0
2019-09-26 18:37:04,832 [grpc-default-executor-3] INFO  segmented.SegmentedRaftLogWorker (SegmentedRaftLogWorker.java:startLogSegment(380)) - 940aeb20-161d-40ce-b26e-b994753f5674@group-301C09F844F1-SegmentedRaftLogWorker: Starting segment from index:0
2019-09-26 18:37:04,832 [grpc-default-executor-2] INFO  segmented.SegmentedRaftLogWorker (SegmentedRaftLogWorker.java:startLogSegment(380)) - 00c41e76-79a8-40eb-9119-484acb6de979@group-301C09F844F1-SegmentedRaftLogWorker: Starting segment from index:0
2019-09-26 18:37:04,835 [bf3c4117-d6f7-43a2-8fa2-683a0803af33@group-301C09F844F1-SegmentedRaftLogWorker] INFO  segmented.SegmentedRaftLogWorker (SegmentedRaftLogWorker.java:execute(569)) - bf3c4117-d6f7-43a2-8fa2-683a0803af33@group-301C09F844F1-SegmentedRaftLogWorker: created new log segment /workdir/hadoop-ozone/integration-test/target/test-dir/MiniOzoneClusterImpl-92b4b651-8b24-41a6-8b84-80731fec252a/datanode-7/data/ratis/063ca848-a6ef-4367-8612-301c09f844f1/current/log_inprogress_0
2019-09-26 18:37:04,882 [00c41e76-79a8-40eb-9119-484acb6de979@group-301C09F844F1-SegmentedRaftLogWorker] INFO  segmented.SegmentedRaftLogWorker (SegmentedRaftLogWorker.java:execute(569)) - 00c41e76-79a8-40eb-9119-484acb6de979@group-301C09F844F1-SegmentedRaftLogWorker: created new log segment /workdir/hadoop-ozone/integration-test/target/test-dir/MiniOzoneClusterImpl-92b4b651-8b24-41a6-8b84-80731fec252a/datanode-2/data/ratis/063ca848-a6ef-4367-8612-301c09f844f1/current/log_inprogress_0
2019-09-26 18:37:04,882 [940aeb20-161d-40ce-b26e-b994753f5674@group-301C09F844F1-SegmentedRaftLogWorker] INFO  segmented.SegmentedRaftLogWorker (SegmentedRaftLogWorker.java:execute(569)) - 940aeb20-161d-40ce-b26e-b994753f5674@group-301C09F844F1-SegmentedRaftLogWorker: created new log segment /workdir/hadoop-ozone/integration-test/target/test-dir/MiniOzoneClusterImpl-92b4b651-8b24-41a6-8b84-80731fec252a/datanode-1/data/ratis/063ca848-a6ef-4367-8612-301c09f844f1/current/log_inprogress_0
2019-09-26 18:37:05,412 [main] INFO  ipc.Client (Client.java:handleConnectionFailure(948)) - Retrying connect to server: localhost/127.0.0.1:0. Already tried 0 time(s); retry policy is RetryUpToMaximumCountWithFixedSleep(maxRetries=10, sleepTime=1000 MILLISECONDS)
2019-09-26 18:37:06,415 [main] INFO  ipc.Client (Client.java:handleConnectionFailure(948)) - Retrying connect to server: localhost/127.0.0.1:0. Already tried 1 time(s); retry policy is RetryUpToMaximumCountWithFixedSleep(maxRetries=10, sleepTime=1000 MILLISECONDS)
2019-09-26 18:37:07,416 [main] INFO  ipc.Client (Client.java:handleConnectionFailure(948)) - Retrying connect to server: localhost/127.0.0.1:0. Already tried 2 time(s); retry policy is RetryUpToMaximumCountWithFixedSleep(maxRetries=10, sleepTime=1000 MILLISECONDS)
2019-09-26 18:37:08,417 [main] INFO  ipc.Client (Client.java:handleConnectionFailure(948)) - Retrying connect to server: localhost/127.0.0.1:0. Already tried 3 time(s); retry policy is RetryUpToMaximumCountWithFixedSleep(maxRetries=10, sleepTime=1000 MILLISECONDS)
2019-09-26 18:37:09,419 [main] INFO  ipc.Client (Client.java:handleConnectionFailure(948)) - Retrying connect to server: localhost/127.0.0.1:0. Already tried 4 time(s); retry policy is RetryUpToMaximumCountWithFixedSleep(maxRetries=10, sleepTime=1000 MILLISECONDS)
2019-09-26 18:37:10,420 [main] INFO  ipc.Client (Client.java:handleConnectionFailure(948)) - Retrying connect to server: localhost/127.0.0.1:0. Already tried 5 time(s); retry policy is RetryUpToMaximumCountWithFixedSleep(maxRetries=10, sleepTime=1000 MILLISECONDS)
2019-09-26 18:37:11,421 [main] INFO  ipc.Client (Client.java:handleConnectionFailure(948)) - Retrying connect to server: localhost/127.0.0.1:0. Already tried 6 time(s); retry policy is RetryUpToMaximumCountWithFixedSleep(maxRetries=10, sleepTime=1000 MILLISECONDS)
2019-09-26 18:37:12,422 [main] INFO  ipc.Client (Client.java:handleConnectionFailure(948)) - Retrying connect to server: localhost/127.0.0.1:0. Already tried 7 time(s); retry policy is RetryUpToMaximumCountWithFixedSleep(maxRetries=10, sleepTime=1000 MILLISECONDS)
2019-09-26 18:37:13,423 [main] INFO  ipc.Client (Client.java:handleConnectionFailure(948)) - Retrying connect to server: localhost/127.0.0.1:0. Already tried 8 time(s); retry policy is RetryUpToMaximumCountWithFixedSleep(maxRetries=10, sleepTime=1000 MILLISECONDS)
2019-09-26 18:37:14,425 [main] INFO  ipc.Client (Client.java:handleConnectionFailure(948)) - Retrying connect to server: localhost/127.0.0.1:0. Already tried 9 time(s); retry policy is RetryUpToMaximumCountWithFixedSleep(maxRetries=10, sleepTime=1000 MILLISECONDS)
2019-09-26 18:37:14,427 [main] INFO  retry.RetryInvocationHandler (RetryInvocationHandler.java:log(411)) - com.google.protobuf.ServiceException: java.net.ConnectException: Your endpoint configuration is wrong; For more details see:  http://wiki.apache.org/hadoop/UnsetHostnameOrPort, while invoking $Proxy36.submitRequest over nodeId=null,nodeAddress=127.0.0.1:0 after 1 failover attempts. Trying to failover immediately.
2019-09-26 18:37:15,428 [main] INFO  ipc.Client (Client.java:handleConnectionFailure(948)) - Retrying connect to server: localhost/127.0.0.1:0. Already tried 0 time(s); retry policy is RetryUpToMaximumCountWithFixedSleep(maxRetries=10, sleepTime=1000 MILLISECONDS)
2019-09-26 18:37:16,429 [main] INFO  ipc.Client (Client.java:handleConnectionFailure(948)) - Retrying connect to server: localhost/127.0.0.1:0. Already tried 1 time(s); retry policy is RetryUpToMaximumCountWithFixedSleep(maxRetries=10, sleepTime=1000 MILLISECONDS)
2019-09-26 18:37:17,430 [main] INFO  ipc.Client (Client.java:handleConnectionFailure(948)) - Retrying connect to server: localhost/127.0.0.1:0. Already tried 2 time(s); retry policy is RetryUpToMaximumCountWithFixedSleep(maxRetries=10, sleepTime=1000 MILLISECONDS)
2019-09-26 18:37:18,431 [main] INFO  ipc.Client (Client.java:handleConnectionFailure(948)) - Retrying connect to server: localhost/127.0.0.1:0. Already tried 3 time(s); retry policy is RetryUpToMaximumCountWithFixedSleep(maxRetries=10, sleepTime=1000 MILLISECONDS)
2019-09-26 18:37:19,433 [main] INFO  ipc.Client (Client.java:handleConnectionFailure(948)) - Retrying connect to server: localhost/127.0.0.1:0. Already tried 4 time(s); retry policy is RetryUpToMaximumCountWithFixedSleep(maxRetries=10, sleepTime=1000 MILLISECONDS)
2019-09-26 18:37:20,434 [main] INFO  ipc.Client (Client.java:handleConnectionFailure(948)) - Retrying connect to server: localhost/127.0.0.1:0. Already tried 5 time(s); retry policy is RetryUpToMaximumCountWithFixedSleep(maxRetries=10, sleepTime=1000 MILLISECONDS)
2019-09-26 18:37:21,435 [main] INFO  ipc.Client (Client.java:handleConnectionFailure(948)) - Retrying connect to server: localhost/127.0.0.1:0. Already tried 6 time(s); retry policy is RetryUpToMaximumCountWithFixedSleep(maxRetries=10, sleepTime=1000 MILLISECONDS)
2019-09-26 18:37:22,436 [main] INFO  ipc.Client (Client.java:handleConnectionFailure(948)) - Retrying connect to server: localhost/127.0.0.1:0. Already tried 7 time(s); retry policy is RetryUpToMaximumCountWithFixedSleep(maxRetries=10, sleepTime=1000 MILLISECONDS)
2019-09-26 18:37:23,438 [main] INFO  ipc.Client (Client.java:handleConnectionFailure(948)) - Retrying connect to server: localhost/127.0.0.1:0. Already tried 8 time(s); retry policy is RetryUpToMaximumCountWithFixedSleep(maxRetries=10, sleepTime=1000 MILLISECONDS)
2019-09-26 18:37:24,439 [main] INFO  ipc.Client (Client.java:handleConnectionFailure(948)) - Retrying connect to server: localhost/127.0.0.1:0. Already tried 9 time(s); retry policy is RetryUpToMaximumCountWithFixedSleep(maxRetries=10, sleepTime=1000 MILLISECONDS)
2019-09-26 18:37:24,440 [main] INFO  retry.RetryInvocationHandler (RetryInvocationHandler.java:log(411)) - com.google.protobuf.ServiceException: java.net.ConnectException: Your endpoint configuration is wrong; For more details see:  http://wiki.apache.org/hadoop/UnsetHostnameOrPort, while invoking $Proxy36.submitRequest over nodeId=null,nodeAddress=127.0.0.1:0 after 2 failover attempts. Trying to failover immediately.
2019-09-26 18:37:25,441 [main] INFO  ipc.Client (Client.java:handleConnectionFailure(948)) - Retrying connect to server: localhost/127.0.0.1:0. Already tried 0 time(s); retry policy is RetryUpToMaximumCountWithFixedSleep(maxRetries=10, sleepTime=1000 MILLISECONDS)
2019-09-26 18:37:26,442 [main] INFO  ipc.Client (Client.java:handleConnectionFailure(948)) - Retrying connect to server: localhost/127.0.0.1:0. Already tried 1 time(s); retry policy is RetryUpToMaximumCountWithFixedSleep(maxRetries=10, sleepTime=1000 MILLISECONDS)
2019-09-26 18:37:27,443 [main] INFO  ipc.Client (Client.java:handleConnectionFailure(948)) - Retrying connect to server: localhost/127.0.0.1:0. Already tried 2 time(s); retry policy is RetryUpToMaximumCountWithFixedSleep(maxRetries=10, sleepTime=1000 MILLISECONDS)
2019-09-26 18:37:28,444 [main] INFO  ipc.Client (Client.java:handleConnectionFailure(948)) - Retrying connect to server: localhost/127.0.0.1:0. Already tried 3 time(s); retry policy is RetryUpToMaximumCountWithFixedSleep(maxRetries=10, sleepTime=1000 MILLISECONDS)
2019-09-26 18:37:29,445 [main] INFO  ipc.Client (Client.java:handleConnectionFailure(948)) - Retrying connect to server: localhost/127.0.0.1:0. Already tried 4 time(s); retry policy is RetryUpToMaximumCountWithFixedSleep(maxRetries=10, sleepTime=1000 MILLISECONDS)
2019-09-26 18:37:30,446 [main] INFO  ipc.Client (Client.java:handleConnectionFailure(948)) - Retrying connect to server: localhost/127.0.0.1:0. Already tried 5 time(s); retry policy is RetryUpToMaximumCountWithFixedSleep(maxRetries=10, sleepTime=1000 MILLISECONDS)
2019-09-26 18:37:31,447 [main] INFO  ipc.Client (Client.java:handleConnectionFailure(948)) - Retrying connect to server: localhost/127.0.0.1:0. Already tried 6 time(s); retry policy is RetryUpToMaximumCountWithFixedSleep(maxRetries=10, sleepTime=1000 MILLISECONDS)
2019-09-26 18:37:32,448 [main] INFO  ipc.Client (Client.java:handleConnectionFailure(948)) - Retrying connect to server: localhost/127.0.0.1:0. Already tried 7 time(s); retry policy is RetryUpToMaximumCountWithFixedSleep(maxRetries=10, sleepTime=1000 MILLISECONDS)
2019-09-26 18:37:33,449 [main] INFO  ipc.Client (Client.java:handleConnectionFailure(948)) - Retrying connect to server: localhost/127.0.0.1:0. Already tried 8 time(s); retry policy is RetryUpToMaximumCountWithFixedSleep(maxRetries=10, sleepTime=1000 MILLISECONDS)
2019-09-26 18:37:34,451 [main] INFO  ipc.Client (Client.java:handleConnectionFailure(948)) - Retrying connect to server: localhost/127.0.0.1:0. Already tried 9 time(s); retry policy is RetryUpToMaximumCountWithFixedSleep(maxRetries=10, sleepTime=1000 MILLISECONDS)
2019-09-26 18:37:34,452 [main] INFO  retry.RetryInvocationHandler (RetryInvocationHandler.java:log(411)) - com.google.protobuf.ServiceException: java.net.ConnectException: Your endpoint configuration is wrong; For more details see:  http://wiki.apache.org/hadoop/UnsetHostnameOrPort, while invoking $Proxy36.submitRequest over nodeId=null,nodeAddress=127.0.0.1:0 after 3 failover attempts. Trying to failover immediately.
2019-09-26 18:37:35,453 [main] INFO  ipc.Client (Client.java:handleConnectionFailure(948)) - Retrying connect to server: localhost/127.0.0.1:0. Already tried 0 time(s); retry policy is RetryUpToMaximumCountWithFixedSleep(maxRetries=10, sleepTime=1000 MILLISECONDS)
2019-09-26 18:37:36,454 [main] INFO  ipc.Client (Client.java:handleConnectionFailure(948)) - Retrying connect to server: localhost/127.0.0.1:0. Already tried 1 time(s); retry policy is RetryUpToMaximumCountWithFixedSleep(maxRetries=10, sleepTime=1000 MILLISECONDS)
2019-09-26 18:37:37,456 [main] INFO  ipc.Client (Client.java:handleConnectionFailure(948)) - Retrying connect to server: localhost/127.0.0.1:0. Already tried 2 time(s); retry policy is RetryUpToMaximumCountWithFixedSleep(maxRetries=10, sleepTime=1000 MILLISECONDS)
2019-09-26 18:37:38,457 [main] INFO  ipc.Client (Client.java:handleConnectionFailure(948)) - Retrying connect to server: localhost/127.0.0.1:0. Already tried 3 time(s); retry policy is RetryUpToMaximumCountWithFixedSleep(maxRetries=10, sleepTime=1000 MILLISECONDS)
2019-09-26 18:37:39,457 [main] INFO  ipc.Client (Client.java:handleConnectionFailure(948)) - Retrying connect to server: localhost/127.0.0.1:0. Already tried 4 time(s); retry policy is RetryUpToMaximumCountWithFixedSleep(maxRetries=10, sleepTime=1000 MILLISECONDS)
2019-09-26 18:37:40,458 [main] INFO  ipc.Client (Client.java:handleConnectionFailure(948)) - Retrying connect to server: localhost/127.0.0.1:0. Already tried 5 time(s); retry policy is RetryUpToMaximumCountWithFixedSleep(maxRetries=10, sleepTime=1000 MILLISECONDS)
2019-09-26 18:37:41,460 [main] INFO  ipc.Client (Client.java:handleConnectionFailure(948)) - Retrying connect to server: localhost/127.0.0.1:0. Already tried 6 time(s); retry policy is RetryUpToMaximumCountWithFixedSleep(maxRetries=10, sleepTime=1000 MILLISECONDS)
2019-09-26 18:37:42,461 [main] INFO  ipc.Client (Client.java:handleConnectionFailure(948)) - Retrying connect to server: localhost/127.0.0.1:0. Already tried 7 time(s); retry policy is RetryUpToMaximumCountWithFixedSleep(maxRetries=10, sleepTime=1000 MILLISECONDS)
2019-09-26 18:37:43,462 [main] INFO  ipc.Client (Client.java:handleConnectionFailure(948)) - Retrying connect to server: localhost/127.0.0.1:0. Already tried 8 time(s); retry policy is RetryUpToMaximumCountWithFixedSleep(maxRetries=10, sleepTime=1000 MILLISECONDS)
2019-09-26 18:37:44,567 [main] INFO  ipc.Client (Client.java:handleConnectionFailure(948)) - Retrying connect to server: localhost/127.0.0.1:0. Already tried 9 time(s); retry policy is RetryUpToMaximumCountWithFixedSleep(maxRetries=10, sleepTime=1000 MILLISECONDS)
2019-09-26 18:37:44,569 [main] INFO  retry.RetryInvocationHandler (RetryInvocationHandler.java:log(411)) - com.google.protobuf.ServiceException: java.net.ConnectException: Your endpoint configuration is wrong; For more details see:  http://wiki.apache.org/hadoop/UnsetHostnameOrPort, while invoking $Proxy36.submitRequest over nodeId=null,nodeAddress=127.0.0.1:0 after 4 failover attempts. Trying to failover immediately.
2019-09-26 18:37:45,570 [main] INFO  ipc.Client (Client.java:handleConnectionFailure(948)) - Retrying connect to server: localhost/127.0.0.1:0. Already tried 0 time(s); retry policy is RetryUpToMaximumCountWithFixedSleep(maxRetries=10, sleepTime=1000 MILLISECONDS)
2019-09-26 18:37:46,571 [main] INFO  ipc.Client (Client.java:handleConnectionFailure(948)) - Retrying connect to server: localhost/127.0.0.1:0. Already tried 1 time(s); retry policy is RetryUpToMaximumCountWithFixedSleep(maxRetries=10, sleepTime=1000 MILLISECONDS)
2019-09-26 18:37:47,573 [main] INFO  ipc.Client (Client.java:handleConnectionFailure(948)) - Retrying connect to server: localhost/127.0.0.1:0. Already tried 2 time(s); retry policy is RetryUpToMaximumCountWithFixedSleep(maxRetries=10, sleepTime=1000 MILLISECONDS)
2019-09-26 18:37:48,574 [main] INFO  ipc.Client (Client.java:handleConnectionFailure(948)) - Retrying connect to server: localhost/127.0.0.1:0. Already tried 3 time(s); retry policy is RetryUpToMaximumCountWithFixedSleep(maxRetries=10, sleepTime=1000 MILLISECONDS)
2019-09-26 18:37:49,575 [main] INFO  ipc.Client (Client.java:handleConnectionFailure(948)) - Retrying connect to server: localhost/127.0.0.1:0. Already tried 4 time(s); retry policy is RetryUpToMaximumCountWithFixedSleep(maxRetries=10, sleepTime=1000 MILLISECONDS)
2019-09-26 18:37:50,576 [main] INFO  ipc.Client (Client.java:handleConnectionFailure(948)) - Retrying connect to server: localhost/127.0.0.1:0. Already tried 5 time(s); retry policy is RetryUpToMaximumCountWithFixedSleep(maxRetries=10, sleepTime=1000 MILLISECONDS)
2019-09-26 18:37:51,577 [main] INFO  ipc.Client (Client.java:handleConnectionFailure(948)) - Retrying connect to server: localhost/127.0.0.1:0. Already tried 6 time(s); retry policy is RetryUpToMaximumCountWithFixedSleep(maxRetries=10, sleepTime=1000 MILLISECONDS)
2019-09-26 18:37:52,578 [main] INFO  ipc.Client (Client.java:handleConnectionFailure(948)) - Retrying connect to server: localhost/127.0.0.1:0. Already tried 7 time(s); retry policy is RetryUpToMaximumCountWithFixedSleep(maxRetries=10, sleepTime=1000 MILLISECONDS)
2019-09-26 18:37:53,579 [main] INFO  ipc.Client (Client.java:handleConnectionFailure(948)) - Retrying connect to server: localhost/127.0.0.1:0. Already tried 8 time(s); retry policy is RetryUpToMaximumCountWithFixedSleep(maxRetries=10, sleepTime=1000 MILLISECONDS)
2019-09-26 18:37:54,580 [main] INFO  ipc.Client (Client.java:handleConnectionFailure(948)) - Retrying connect to server: localhost/127.0.0.1:0. Already tried 9 time(s); retry policy is RetryUpToMaximumCountWithFixedSleep(maxRetries=10, sleepTime=1000 MILLISECONDS)
2019-09-26 18:37:54,581 [main] INFO  retry.RetryInvocationHandler (RetryInvocationHandler.java:log(411)) - com.google.protobuf.ServiceException: java.net.ConnectException: Your endpoint configuration is wrong; For more details see:  http://wiki.apache.org/hadoop/UnsetHostnameOrPort, while invoking $Proxy36.submitRequest over nodeId=null,nodeAddress=127.0.0.1:0 after 5 failover attempts. Trying to failover immediately.
2019-09-26 18:37:55,582 [main] INFO  ipc.Client (Client.java:handleConnectionFailure(948)) - Retrying connect to server: localhost/127.0.0.1:0. Already tried 0 time(s); retry policy is RetryUpToMaximumCountWithFixedSleep(maxRetries=10, sleepTime=1000 MILLISECONDS)
2019-09-26 18:37:56,583 [main] INFO  ipc.Client (Client.java:handleConnectionFailure(948)) - Retrying connect to server: localhost/127.0.0.1:0. Already tried 1 time(s); retry policy is RetryUpToMaximumCountWithFixedSleep(maxRetries=10, sleepTime=1000 MILLISECONDS)
2019-09-26 18:37:57,584 [main] INFO  ipc.Client (Client.java:handleConnectionFailure(948)) - Retrying connect to server: localhost/127.0.0.1:0. Already tried 2 time(s); retry policy is RetryUpToMaximumCountWithFixedSleep(maxRetries=10, sleepTime=1000 MILLISECONDS)
2019-09-26 18:37:58,585 [main] INFO  ipc.Client (Client.java:handleConnectionFailure(948)) - Retrying connect to server: localhost/127.0.0.1:0. Already tried 3 time(s); retry policy is RetryUpToMaximumCountWithFixedSleep(maxRetries=10, sleepTime=1000 MILLISECONDS)
2019-09-26 18:37:59,586 [main] INFO  ipc.Client (Client.java:handleConnectionFailure(948)) - Retrying connect to server: localhost/127.0.0.1:0. Already tried 4 time(s); retry policy is RetryUpToMaximumCountWithFixedSleep(maxRetries=10, sleepTime=1000 MILLISECONDS)
2019-09-26 18:38:00,587 [main] INFO  ipc.Client (Client.java:handleConnectionFailure(948)) - Retrying connect to server: localhost/127.0.0.1:0. Already tried 5 time(s); retry policy is RetryUpToMaximumCountWithFixedSleep(maxRetries=10, sleepTime=1000 MILLISECONDS)
2019-09-26 18:38:01,588 [main] INFO  ipc.Client (Client.java:handleConnectionFailure(948)) - Retrying connect to server: localhost/127.0.0.1:0. Already tried 6 time(s); retry policy is RetryUpToMaximumCountWithFixedSleep(maxRetries=10, sleepTime=1000 MILLISECONDS)
2019-09-26 18:38:02,589 [main] INFO  ipc.Client (Client.java:handleConnectionFailure(948)) - Retrying connect to server: localhost/127.0.0.1:0. Already tried 7 time(s); retry policy is RetryUpToMaximumCountWithFixedSleep(maxRetries=10, sleepTime=1000 MILLISECONDS)
2019-09-26 18:38:03,590 [main] INFO  ipc.Client (Client.java:handleConnectionFailure(948)) - Retrying connect to server: localhost/127.0.0.1:0. Already tried 8 time(s); retry policy is RetryUpToMaximumCountWithFixedSleep(maxRetries=10, sleepTime=1000 MILLISECONDS)
2019-09-26 18:38:04,591 [main] INFO  ipc.Client (Client.java:handleConnectionFailure(948)) - Retrying connect to server: localhost/127.0.0.1:0. Already tried 9 time(s); retry policy is RetryUpToMaximumCountWithFixedSleep(maxRetries=10, sleepTime=1000 MILLISECONDS)
2019-09-26 18:38:04,593 [main] INFO  retry.RetryInvocationHandler (RetryInvocationHandler.java:log(411)) - com.google.protobuf.ServiceException: java.net.ConnectException: Your endpoint configuration is wrong; For more details see:  http://wiki.apache.org/hadoop/UnsetHostnameOrPort, while invoking $Proxy36.submitRequest over nodeId=null,nodeAddress=127.0.0.1:0 after 6 failover attempts. Trying to failover immediately.
2019-09-26 18:38:05,594 [main] INFO  ipc.Client (Client.java:handleConnectionFailure(948)) - Retrying connect to server: localhost/127.0.0.1:0. Already tried 0 time(s); retry policy is RetryUpToMaximumCountWithFixedSleep(maxRetries=10, sleepTime=1000 MILLISECONDS)
2019-09-26 18:38:06,595 [main] INFO  ipc.Client (Client.java:handleConnectionFailure(948)) - Retrying connect to server: localhost/127.0.0.1:0. Already tried 1 time(s); retry policy is RetryUpToMaximumCountWithFixedSleep(maxRetries=10, sleepTime=1000 MILLISECONDS)
2019-09-26 18:38:07,596 [main] INFO  ipc.Client (Client.java:handleConnectionFailure(948)) - Retrying connect to server: localhost/127.0.0.1:0. Already tried 2 time(s); retry policy is RetryUpToMaximumCountWithFixedSleep(maxRetries=10, sleepTime=1000 MILLISECONDS)
2019-09-26 18:38:08,597 [main] INFO  ipc.Client (Client.java:handleConnectionFailure(948)) - Retrying connect to server: localhost/127.0.0.1:0. Already tried 3 time(s); retry policy is RetryUpToMaximumCountWithFixedSleep(maxRetries=10, sleepTime=1000 MILLISECONDS)
2019-09-26 18:38:09,598 [main] INFO  ipc.Client (Client.java:handleConnectionFailure(948)) - Retrying connect to server: localhost/127.0.0.1:0. Already tried 4 time(s); retry policy is RetryUpToMaximumCountWithFixedSleep(maxRetries=10, sleepTime=1000 MILLISECONDS)
2019-09-26 18:38:10,598 [main] INFO  ipc.Client (Client.java:handleConnectionFailure(948)) - Retrying connect to server: localhost/127.0.0.1:0. Already tried 5 time(s); retry policy is RetryUpToMaximumCountWithFixedSleep(maxRetries=10, sleepTime=1000 MILLISECONDS)
2019-09-26 18:38:11,599 [main] INFO  ipc.Client (Client.java:handleConnectionFailure(948)) - Retrying connect to server: localhost/127.0.0.1:0. Already tried 6 time(s); retry policy is RetryUpToMaximumCountWithFixedSleep(maxRetries=10, sleepTime=1000 MILLISECONDS)
2019-09-26 18:38:12,600 [main] INFO  ipc.Client (Client.java:handleConnectionFailure(948)) - Retrying connect to server: localhost/127.0.0.1:0. Already tried 7 time(s); retry policy is RetryUpToMaximumCountWithFixedSleep(maxRetries=10, sleepTime=1000 MILLISECONDS)
2019-09-26 18:38:13,601 [main] INFO  ipc.Client (Client.java:handleConnectionFailure(948)) - Retrying connect to server: localhost/127.0.0.1:0. Already tried 8 time(s); retry policy is RetryUpToMaximumCountWithFixedSleep(maxRetries=10, sleepTime=1000 MILLISECONDS)
2019-09-26 18:38:14,602 [main] INFO  ipc.Client (Client.java:handleConnectionFailure(948)) - Retrying connect to server: localhost/127.0.0.1:0. Already tried 9 time(s); retry policy is RetryUpToMaximumCountWithFixedSleep(maxRetries=10, sleepTime=1000 MILLISECONDS)
2019-09-26 18:38:14,603 [main] INFO  retry.RetryInvocationHandler (RetryInvocationHandler.java:log(411)) - com.google.protobuf.ServiceException: java.net.ConnectException: Your endpoint configuration is wrong; For more details see:  http://wiki.apache.org/hadoop/UnsetHostnameOrPort, while invoking $Proxy36.submitRequest over nodeId=null,nodeAddress=127.0.0.1:0 after 7 failover attempts. Trying to failover immediately.
2019-09-26 18:38:15,604 [main] INFO  ipc.Client (Client.java:handleConnectionFailure(948)) - Retrying connect to server: localhost/127.0.0.1:0. Already tried 0 time(s); retry policy is RetryUpToMaximumCountWithFixedSleep(maxRetries=10, sleepTime=1000 MILLISECONDS)
2019-09-26 18:38:16,605 [main] INFO  ipc.Client (Client.java:handleConnectionFailure(948)) - Retrying connect to server: localhost/127.0.0.1:0. Already tried 1 time(s); retry policy is RetryUpToMaximumCountWithFixedSleep(maxRetries=10, sleepTime=1000 MILLISECONDS)
2019-09-26 18:38:17,606 [main] INFO  ipc.Client (Client.java:handleConnectionFailure(948)) - Retrying connect to server: localhost/127.0.0.1:0. Already tried 2 time(s); retry policy is RetryUpToMaximumCountWithFixedSleep(maxRetries=10, sleepTime=1000 MILLISECONDS)
2019-09-26 18:38:18,606 [main] INFO  ipc.Client (Client.java:handleConnectionFailure(948)) - Retrying connect to server: localhost/127.0.0.1:0. Already tried 3 time(s); retry policy is RetryUpToMaximumCountWithFixedSleep(maxRetries=10, sleepTime=1000 MILLISECONDS)
2019-09-26 18:38:19,607 [main] INFO  ipc.Client (Client.java:handleConnectionFailure(948)) - Retrying connect to server: localhost/127.0.0.1:0. Already tried 4 time(s); retry policy is RetryUpToMaximumCountWithFixedSleep(maxRetries=10, sleepTime=1000 MILLISECONDS)
2019-09-26 18:38:20,608 [main] INFO  ipc.Client (Client.java:handleConnectionFailure(948)) - Retrying connect to server: localhost/127.0.0.1:0. Already tried 5 time(s); retry policy is RetryUpToMaximumCountWithFixedSleep(maxRetries=10, sleepTime=1000 MILLISECONDS)
2019-09-26 18:38:21,609 [main] INFO  ipc.Client (Client.java:handleConnectionFailure(948)) - Retrying connect to server: localhost/127.0.0.1:0. Already tried 6 time(s); retry policy is RetryUpToMaximumCountWithFixedSleep(maxRetries=10, sleepTime=1000 MILLISECONDS)
2019-09-26 18:38:22,610 [main] INFO  ipc.Client (Client.java:handleConnectionFailure(948)) - Retrying connect to server: localhost/127.0.0.1:0. Already tried 7 time(s); retry policy is RetryUpToMaximumCountWithFixedSleep(maxRetries=10, sleepTime=1000 MILLISECONDS)
2019-09-26 18:38:23,611 [main] INFO  ipc.Client (Client.java:handleConnectionFailure(948)) - Retrying connect to server: localhost/127.0.0.1:0. Already tried 8 time(s); retry policy is RetryUpToMaximumCountWithFixedSleep(maxRetries=10, sleepTime=1000 MILLISECONDS)
2019-09-26 18:38:24,612 [main] INFO  ipc.Client (Client.java:handleConnectionFailure(948)) - Retrying connect to server: localhost/127.0.0.1:0. Already tried 9 time(s); retry policy is RetryUpToMaximumCountWithFixedSleep(maxRetries=10, sleepTime=1000 MILLISECONDS)
2019-09-26 18:38:24,613 [main] INFO  retry.RetryInvocationHandler (RetryInvocationHandler.java:log(411)) - com.google.protobuf.ServiceException: java.net.ConnectException: Your endpoint configuration is wrong; For more details see:  http://wiki.apache.org/hadoop/UnsetHostnameOrPort, while invoking $Proxy36.submitRequest over nodeId=null,nodeAddress=127.0.0.1:0 after 8 failover attempts. Trying to failover immediately.
2019-09-26 18:38:25,614 [main] INFO  ipc.Client (Client.java:handleConnectionFailure(948)) - Retrying connect to server: localhost/127.0.0.1:0. Already tried 0 time(s); retry policy is RetryUpToMaximumCountWithFixedSleep(maxRetries=10, sleepTime=1000 MILLISECONDS)
2019-09-26 18:38:26,615 [main] INFO  ipc.Client (Client.java:handleConnectionFailure(948)) - Retrying connect to server: localhost/127.0.0.1:0. Already tried 1 time(s); retry policy is RetryUpToMaximumCountWithFixedSleep(maxRetries=10, sleepTime=1000 MILLISECONDS)
2019-09-26 18:38:27,616 [main] INFO  ipc.Client (Client.java:handleConnectionFailure(948)) - Retrying connect to server: localhost/127.0.0.1:0. Already tried 2 time(s); retry policy is RetryUpToMaximumCountWithFixedSleep(maxRetries=10, sleepTime=1000 MILLISECONDS)
2019-09-26 18:38:28,617 [main] INFO  ipc.Client (Client.java:handleConnectionFailure(948)) - Retrying connect to server: localhost/127.0.0.1:0. Already tried 3 time(s); retry policy is RetryUpToMaximumCountWithFixedSleep(maxRetries=10, sleepTime=1000 MILLISECONDS)
2019-09-26 18:38:29,618 [main] INFO  ipc.Client (Client.java:handleConnectionFailure(948)) - Retrying connect to server: localhost/127.0.0.1:0. Already tried 4 time(s); retry policy is RetryUpToMaximumCountWithFixedSleep(maxRetries=10, sleepTime=1000 MILLISECONDS)
2019-09-26 18:38:30,619 [main] INFO  ipc.Client (Client.java:handleConnectionFailure(948)) - Retrying connect to server: localhost/127.0.0.1:0. Already tried 5 time(s); retry policy is RetryUpToMaximumCountWithFixedSleep(maxRetries=10, sleepTime=1000 MILLISECONDS)
2019-09-26 18:38:31,620 [main] INFO  ipc.Client (Client.java:handleConnectionFailure(948)) - Retrying connect to server: localhost/127.0.0.1:0. Already tried 6 time(s); retry policy is RetryUpToMaximumCountWithFixedSleep(maxRetries=10, sleepTime=1000 MILLISECONDS)
2019-09-26 18:38:32,622 [main] INFO  ipc.Client (Client.java:handleConnectionFailure(948)) - Retrying connect to server: localhost/127.0.0.1:0. Already tried 7 time(s); retry policy is RetryUpToMaximumCountWithFixedSleep(maxRetries=10, sleepTime=1000 MILLISECONDS)
2019-09-26 18:38:33,623 [main] INFO  ipc.Client (Client.java:handleConnectionFailure(948)) - Retrying connect to server: localhost/127.0.0.1:0. Already tried 8 time(s); retry policy is RetryUpToMaximumCountWithFixedSleep(maxRetries=10, sleepTime=1000 MILLISECONDS)
2019-09-26 18:38:34,624 [main] INFO  ipc.Client (Client.java:handleConnectionFailure(948)) - Retrying connect to server: localhost/127.0.0.1:0. Already tried 9 time(s); retry policy is RetryUpToMaximumCountWithFixedSleep(maxRetries=10, sleepTime=1000 MILLISECONDS)
2019-09-26 18:38:34,625 [main] INFO  retry.RetryInvocationHandler (RetryInvocationHandler.java:log(411)) - com.google.protobuf.ServiceException: java.net.ConnectException: Your endpoint configuration is wrong; For more details see:  http://wiki.apache.org/hadoop/UnsetHostnameOrPort, while invoking $Proxy36.submitRequest over nodeId=null,nodeAddress=127.0.0.1:0 after 9 failover attempts. Trying to failover immediately.
2019-09-26 18:38:35,626 [main] INFO  ipc.Client (Client.java:handleConnectionFailure(948)) - Retrying connect to server: localhost/127.0.0.1:0. Already tried 0 time(s); retry policy is RetryUpToMaximumCountWithFixedSleep(maxRetries=10, sleepTime=1000 MILLISECONDS)
2019-09-26 18:38:36,627 [main] INFO  ipc.Client (Client.java:handleConnectionFailure(948)) - Retrying connect to server: localhost/127.0.0.1:0. Already tried 1 time(s); retry policy is RetryUpToMaximumCountWithFixedSleep(maxRetries=10, sleepTime=1000 MILLISECONDS)
2019-09-26 18:38:37,628 [main] INFO  ipc.Client (Client.java:handleConnectionFailure(948)) - Retrying connect to server: localhost/127.0.0.1:0. Already tried 2 time(s); retry policy is RetryUpToMaximumCountWithFixedSleep(maxRetries=10, sleepTime=1000 MILLISECONDS)
2019-09-26 18:38:38,629 [main] INFO  ipc.Client (Client.java:handleConnectionFailure(948)) - Retrying connect to server: localhost/127.0.0.1:0. Already tried 3 time(s); retry policy is RetryUpToMaximumCountWithFixedSleep(maxRetries=10, sleepTime=1000 MILLISECONDS)
2019-09-26 18:38:39,630 [main] INFO  ipc.Client (Client.java:handleConnectionFailure(948)) - Retrying connect to server: localhost/127.0.0.1:0. Already tried 4 time(s); retry policy is RetryUpToMaximumCountWithFixedSleep(maxRetries=10, sleepTime=1000 MILLISECONDS)
2019-09-26 18:38:40,631 [main] INFO  ipc.Client (Client.java:handleConnectionFailure(948)) - Retrying connect to server: localhost/127.0.0.1:0. Already tried 5 time(s); retry policy is RetryUpToMaximumCountWithFixedSleep(maxRetries=10, sleepTime=1000 MILLISECONDS)
2019-09-26 18:38:41,632 [main] INFO  ipc.Client (Client.java:handleConnectionFailure(948)) - Retrying connect to server: localhost/127.0.0.1:0. Already tried 6 time(s); retry policy is RetryUpToMaximumCountWithFixedSleep(maxRetries=10, sleepTime=1000 MILLISECONDS)
2019-09-26 18:38:42,633 [main] INFO  ipc.Client (Client.java:handleConnectionFailure(948)) - Retrying connect to server: localhost/127.0.0.1:0. Already tried 7 time(s); retry policy is RetryUpToMaximumCountWithFixedSleep(maxRetries=10, sleepTime=1000 MILLISECONDS)
2019-09-26 18:38:43,634 [main] INFO  ipc.Client (Client.java:handleConnectionFailure(948)) - Retrying connect to server: localhost/127.0.0.1:0. Already tried 8 time(s); retry policy is RetryUpToMaximumCountWithFixedSleep(maxRetries=10, sleepTime=1000 MILLISECONDS)
2019-09-26 18:38:44,635 [main] INFO  ipc.Client (Client.java:handleConnectionFailure(948)) - Retrying connect to server: localhost/127.0.0.1:0. Already tried 9 time(s); retry policy is RetryUpToMaximumCountWithFixedSleep(maxRetries=10, sleepTime=1000 MILLISECONDS)
2019-09-26 18:38:44,637 [main] ERROR ha.OMFailoverProxyProvider (OzoneManagerProtocolClientSideTranslatorPB.java:getRetryAction(268)) - Failed to connect to OM. Attempted 10 retries and 10 failovers
2019-09-26 18:38:44,641 [main] ERROR client.OzoneClientFactory (OzoneClientFactory.java:getClientProtocol(259)) - Couldn't create RpcClient protocol exception: 
java.net.ConnectException: Your endpoint configuration is wrong; For more details see:  http://wiki.apache.org/hadoop/UnsetHostnameOrPort
	at sun.reflect.NativeConstructorAccessorImpl.newInstance0(Native Method)
	at sun.reflect.NativeConstructorAccessorImpl.newInstance(NativeConstructorAccessorImpl.java:62)
	at sun.reflect.DelegatingConstructorAccessorImpl.newInstance(DelegatingConstructorAccessorImpl.java:45)
	at java.lang.reflect.Constructor.newInstance(Constructor.java:423)
	at org.apache.hadoop.net.NetUtils.wrapWithMessage(NetUtils.java:831)
	at org.apache.hadoop.net.NetUtils.wrapException(NetUtils.java:751)
	at org.apache.hadoop.ipc.Client.getRpcResponse(Client.java:1515)
	at org.apache.hadoop.ipc.Client.call(Client.java:1457)
	at org.apache.hadoop.ipc.Client.call(Client.java:1367)
	at org.apache.hadoop.ipc.ProtobufRpcEngine$Invoker.invoke(ProtobufRpcEngine.java:228)
	at org.apache.hadoop.ipc.ProtobufRpcEngine$Invoker.invoke(ProtobufRpcEngine.java:116)
	at com.sun.proxy.$Proxy36.submitRequest(Unknown Source)
	at sun.reflect.NativeMethodAccessorImpl.invoke0(Native Method)
	at sun.reflect.NativeMethodAccessorImpl.invoke(NativeMethodAccessorImpl.java:62)
	at sun.reflect.DelegatingMethodAccessorImpl.invoke(DelegatingMethodAccessorImpl.java:43)
	at java.lang.reflect.Method.invoke(Method.java:498)
	at org.apache.hadoop.io.retry.RetryInvocationHandler.invokeMethod(RetryInvocationHandler.java:422)
	at org.apache.hadoop.io.retry.RetryInvocationHandler$Call.invokeMethod(RetryInvocationHandler.java:165)
	at org.apache.hadoop.io.retry.RetryInvocationHandler$Call.invoke(RetryInvocationHandler.java:157)
	at org.apache.hadoop.io.retry.RetryInvocationHandler$Call.invokeOnce(RetryInvocationHandler.java:95)
	at org.apache.hadoop.io.retry.RetryInvocationHandler.invoke(RetryInvocationHandler.java:359)
	at com.sun.proxy.$Proxy36.submitRequest(Unknown Source)
	at org.apache.hadoop.ozone.om.protocolPB.OzoneManagerProtocolClientSideTranslatorPB.submitRequest(OzoneManagerProtocolClientSideTranslatorPB.java:338)
	at org.apache.hadoop.ozone.om.protocolPB.OzoneManagerProtocolClientSideTranslatorPB.getServiceInfo(OzoneManagerProtocolClientSideTranslatorPB.java:1223)
	at sun.reflect.NativeMethodAccessorImpl.invoke0(Native Method)
	at sun.reflect.NativeMethodAccessorImpl.invoke(NativeMethodAccessorImpl.java:62)
	at sun.reflect.DelegatingMethodAccessorImpl.invoke(DelegatingMethodAccessorImpl.java:43)
	at java.lang.reflect.Method.invoke(Method.java:498)
	at org.apache.hadoop.hdds.tracing.TraceAllMethod.invoke(TraceAllMethod.java:66)
	at com.sun.proxy.$Proxy37.getServiceInfo(Unknown Source)
	at org.apache.hadoop.ozone.client.rpc.RpcClient.<init>(RpcClient.java:154)
	at org.apache.hadoop.ozone.client.OzoneClientFactory.getClientProtocol(OzoneClientFactory.java:256)
	at org.apache.hadoop.ozone.client.OzoneClientFactory.getClientProtocol(OzoneClientFactory.java:239)
	at org.apache.hadoop.ozone.client.OzoneClientFactory.getClient(OzoneClientFactory.java:75)
	at org.apache.hadoop.ozone.container.common.statemachine.commandhandler.TestCloseContainerByPipeline.init(TestCloseContainerByPipeline.java:81)
	at sun.reflect.NativeMethodAccessorImpl.invoke0(Native Method)
	at sun.reflect.NativeMethodAccessorImpl.invoke(NativeMethodAccessorImpl.java:62)
	at sun.reflect.DelegatingMethodAccessorImpl.invoke(DelegatingMethodAccessorImpl.java:43)
	at java.lang.reflect.Method.invoke(Method.java:498)
	at org.junit.runners.model.FrameworkMethod$1.runReflectiveCall(FrameworkMethod.java:47)
	at org.junit.internal.runners.model.ReflectiveCallable.run(ReflectiveCallable.java:12)
	at org.junit.runners.model.FrameworkMethod.invokeExplosively(FrameworkMethod.java:44)
	at org.junit.internal.runners.statements.RunBefores.evaluate(RunBefores.java:24)
	at org.junit.internal.runners.statements.RunAfters.evaluate(RunAfters.java:27)
	at org.junit.runners.ParentRunner.run(ParentRunner.java:309)
	at org.apache.maven.surefire.junit4.JUnit4Provider.execute(JUnit4Provider.java:365)
	at org.apache.maven.surefire.junit4.JUnit4Provider.executeWithRerun(JUnit4Provider.java:273)
	at org.apache.maven.surefire.junit4.JUnit4Provider.executeTestSet(JUnit4Provider.java:238)
	at org.apache.maven.surefire.junit4.JUnit4Provider.invoke(JUnit4Provider.java:159)
	at org.apache.maven.surefire.booter.ForkedBooter.invokeProviderInSameClassLoader(ForkedBooter.java:384)
	at org.apache.maven.surefire.booter.ForkedBooter.runSuitesInProcess(ForkedBooter.java:345)
	at org.apache.maven.surefire.booter.ForkedBooter.execute(ForkedBooter.java:126)
	at org.apache.maven.surefire.booter.ForkedBooter.main(ForkedBooter.java:418)
Caused by: java.net.ConnectException: Connection refused
	at sun.nio.ch.SocketChannelImpl.checkConnect(Native Method)
	at sun.nio.ch.SocketChannelImpl.finishConnect(SocketChannelImpl.java:717)
	at org.apache.hadoop.net.SocketIOWithTimeout.connect(SocketIOWithTimeout.java:206)
	at org.apache.hadoop.net.NetUtils.connect(NetUtils.java:531)
	at org.apache.hadoop.ipc.Client$Connection.setupConnection(Client.java:690)
	at org.apache.hadoop.ipc.Client$Connection.setupIOstreams(Client.java:794)
	at org.apache.hadoop.ipc.Client$Connection.access$3700(Client.java:411)
	at org.apache.hadoop.ipc.Client.getConnection(Client.java:1572)
	at org.apache.hadoop.ipc.Client.call(Client.java:1403)
	... 45 more
2019-09-26 18:38:44,646 [main] INFO  ozone.MiniOzoneClusterImpl (MiniOzoneClusterImpl.java:shutdown(314)) - Shutting down the Mini Ozone Cluster
2019-09-26 18:38:44,646 [main] INFO  ozone.MiniOzoneClusterImpl (MiniOzoneClusterImpl.java:stop(330)) - Stopping the Mini Ozone Cluster
2019-09-26 18:38:44,646 [main] INFO  ozone.MiniOzoneClusterImpl (MiniOzoneClusterImpl.java:stopOM(400)) - Stopping the OzoneManager
2019-09-26 18:38:44,647 [main] INFO  ipc.Server (Server.java:stop(3082)) - Stopping server on 35142
2019-09-26 18:38:44,667 [IPC Server listener on 35142] INFO  ipc.Server (Server.java:run(1185)) - Stopping IPC Server listener on 35142
2019-09-26 18:38:44,675 [main] INFO  ratis.OzoneManagerDoubleBuffer (OzoneManagerDoubleBuffer.java:stop(248)) - Stopping OMDoubleBuffer flush thread
2019-09-26 18:38:44,682 [IPC Server Responder] INFO  ipc.Server (Server.java:run(1319)) - Stopping IPC Server Responder
2019-09-26 18:38:44,714 [OMDoubleBufferFlushThread] INFO  ratis.OzoneManagerDoubleBuffer (OzoneManagerDoubleBuffer.java:flushTransactions(191)) - OMDoubleBuffer flush thread OMDoubleBufferFlushThread is interrupted and will exit. OMDoubleBufferFlushThread
2019-09-26 18:38:44,717 [main] INFO  utils.BackgroundService (BackgroundService.java:shutdown(148)) - Shutting down service KeyDeletingService
2019-09-26 18:38:44,721 [main] INFO  handler.ContextHandler (ContextHandler.java:doStop(910)) - Stopped o.e.j.w.WebAppContext@3e48e859{/,null,UNAVAILABLE}{/ozoneManager}
2019-09-26 18:38:44,728 [main] INFO  server.AbstractConnector (AbstractConnector.java:doStop(318)) - Stopped ServerConnector@31ddd4a4{HTTP/1.1,[http/1.1]}{0.0.0.0:0}
2019-09-26 18:38:44,728 [main] INFO  handler.ContextHandler (ContextHandler.java:doStop(910)) - Stopped o.e.j.s.ServletContextHandler@7bde1f3a{/static,file:///workdir/hadoop-ozone/integration-test/target/test-classes/webapps/static,UNAVAILABLE}
2019-09-26 18:38:44,729 [main] INFO  handler.ContextHandler (ContextHandler.java:doStop(910)) - Stopped o.e.j.s.ServletContextHandler@4c27d39d{/logs,file:///workdir/hadoop-ozone/integration-test/target/log,UNAVAILABLE}
2019-09-26 18:38:44,734 [main] INFO  ozone.MiniOzoneClusterImpl (MiniOzoneClusterImpl.java:stopDatanodes(377)) - Stopping the HddsDatanodes
2019-09-26 18:38:45,583 [Datanode State Machine Thread - 0] INFO  statemachine.DatanodeStateMachine (DatanodeStateMachine.java:lambda$startDaemon$0(350)) - Ozone container server started.
2019-09-26 18:38:45,584 [Datanode State Machine Thread - 0] INFO  statemachine.DatanodeStateMachine (DatanodeStateMachine.java:lambda$startDaemon$0(350)) - Ozone container server started.
2019-09-26 18:38:49,738 [main] INFO  ozoneimpl.OzoneContainer (OzoneContainer.java:stop(231)) - Attempting to stop container services.
2019-09-26 18:38:49,738 [ForkJoinPool.commonPool-worker-0] INFO  ozoneimpl.OzoneContainer (OzoneContainer.java:stop(231)) - Attempting to stop container services.
2019-09-26 18:38:49,740 [main] INFO  impl.RaftServerProxy (RaftServerProxy.java:lambda$close$4(314)) - f5f4fe3e-62aa-486e-b3bf-625e48bce7a6: close
2019-09-26 18:38:49,740 [ForkJoinPool.commonPool-worker-0] INFO  impl.RaftServerProxy (RaftServerProxy.java:lambda$close$4(314)) - 00c41e76-79a8-40eb-9119-484acb6de979: close
2019-09-26 18:38:49,743 [ForkJoinPool.commonPool-worker-0] INFO  impl.RaftServerImpl (RaftServerImpl.java:lambda$shutdown$3(251)) - 00c41e76-79a8-40eb-9119-484acb6de979@group-301C09F844F1: shutdown
2019-09-26 18:38:49,743 [main] INFO  impl.RaftServerImpl (RaftServerImpl.java:lambda$shutdown$3(251)) - f5f4fe3e-62aa-486e-b3bf-625e48bce7a6@group-AE96925691C6: shutdown
2019-09-26 18:38:49,744 [ForkJoinPool.commonPool-worker-0] INFO  util.JmxRegister (JmxRegister.java:unregister(73)) - Successfully un-registered JMX Bean with object name Ratis:service=RaftServer,group=group-301C09F844F1,id=00c41e76-79a8-40eb-9119-484acb6de979
2019-09-26 18:38:49,744 [main] INFO  util.JmxRegister (JmxRegister.java:unregister(73)) - Successfully un-registered JMX Bean with object name Ratis:service=RaftServer,group=group-AE96925691C6,id=f5f4fe3e-62aa-486e-b3bf-625e48bce7a6
2019-09-26 18:38:49,745 [ForkJoinPool.commonPool-worker-0] INFO  impl.RoleInfo (RoleInfo.java:shutdownFollowerState(121)) - 00c41e76-79a8-40eb-9119-484acb6de979: shutdown FollowerState
2019-09-26 18:38:49,745 [main] INFO  impl.RoleInfo (RoleInfo.java:shutdownLeaderState(104)) - f5f4fe3e-62aa-486e-b3bf-625e48bce7a6: shutdown LeaderState
2019-09-26 18:38:49,746 [ForkJoinPool.commonPool-worker-0] INFO  impl.StateMachineUpdater (StateMachineUpdater.java:stopAndJoin(125)) - 00c41e76-79a8-40eb-9119-484acb6de979@group-301C09F844F1-StateMachineUpdater: set stopIndex = 0
2019-09-26 18:38:49,746 [Thread-425] INFO  impl.FollowerState (FollowerState.java:run(115)) - 00c41e76-79a8-40eb-9119-484acb6de979: FollowerState was interrupted: java.lang.InterruptedException: sleep interrupted
2019-09-26 18:38:49,750 [ForkJoinPool.commonPool-worker-0] INFO  impl.RaftServerImpl (ServerState.java:close(385)) - 00c41e76-79a8-40eb-9119-484acb6de979@group-301C09F844F1: closes. applyIndex: 0
2019-09-26 18:38:49,750 [main] INFO  impl.PendingRequests (PendingRequests.java:sendNotLeaderResponses(202)) - f5f4fe3e-62aa-486e-b3bf-625e48bce7a6-PendingRequests: sendNotLeaderResponses
2019-09-26 18:38:49,752 [00c41e76-79a8-40eb-9119-484acb6de979@group-301C09F844F1-SegmentedRaftLogWorker] INFO  segmented.SegmentedRaftLogWorker (SegmentedRaftLogWorker.java:run(313)) - 00c41e76-79a8-40eb-9119-484acb6de979@group-301C09F844F1-SegmentedRaftLogWorker was interrupted, exiting. There are 0 tasks remaining in the queue.
2019-09-26 18:38:49,755 [ForkJoinPool.commonPool-worker-0] INFO  segmented.SegmentedRaftLogWorker (SegmentedRaftLogWorker.java:close(228)) - 00c41e76-79a8-40eb-9119-484acb6de979@group-301C09F844F1-SegmentedRaftLogWorker close()
2019-09-26 18:38:49,755 [main] INFO  impl.StateMachineUpdater (StateMachineUpdater.java:stopAndJoin(125)) - f5f4fe3e-62aa-486e-b3bf-625e48bce7a6@group-AE96925691C6-StateMachineUpdater: set stopIndex = 0
2019-09-26 18:38:49,763 [main] INFO  impl.RaftServerImpl (ServerState.java:close(385)) - f5f4fe3e-62aa-486e-b3bf-625e48bce7a6@group-AE96925691C6: closes. applyIndex: 0
2019-09-26 18:38:49,763 [ForkJoinPool.commonPool-worker-0] INFO  impl.RaftServerImpl (RaftServerImpl.java:lambda$shutdown$3(251)) - 00c41e76-79a8-40eb-9119-484acb6de979@group-CCA7B6134C84: shutdown
2019-09-26 18:38:49,764 [f5f4fe3e-62aa-486e-b3bf-625e48bce7a6@group-AE96925691C6-SegmentedRaftLogWorker] INFO  segmented.SegmentedRaftLogWorker (SegmentedRaftLogWorker.java:run(313)) - f5f4fe3e-62aa-486e-b3bf-625e48bce7a6@group-AE96925691C6-SegmentedRaftLogWorker was interrupted, exiting. There are 0 tasks remaining in the queue.
2019-09-26 18:38:49,764 [ForkJoinPool.commonPool-worker-0] INFO  util.JmxRegister (JmxRegister.java:unregister(73)) - Successfully un-registered JMX Bean with object name Ratis:service=RaftServer,group=group-CCA7B6134C84,id=00c41e76-79a8-40eb-9119-484acb6de979
2019-09-26 18:38:49,768 [main] INFO  segmented.SegmentedRaftLogWorker (SegmentedRaftLogWorker.java:close(228)) - f5f4fe3e-62aa-486e-b3bf-625e48bce7a6@group-AE96925691C6-SegmentedRaftLogWorker close()
2019-09-26 18:38:49,768 [ForkJoinPool.commonPool-worker-0] INFO  impl.RoleInfo (RoleInfo.java:shutdownLeaderState(104)) - 00c41e76-79a8-40eb-9119-484acb6de979: shutdown LeaderState
2019-09-26 18:38:49,776 [main] INFO  impl.RaftServerImpl (RaftServerImpl.java:lambda$shutdown$3(251)) - f5f4fe3e-62aa-486e-b3bf-625e48bce7a6@group-63552BB98623: shutdown
2019-09-26 18:38:49,776 [ForkJoinPool.commonPool-worker-0] INFO  impl.PendingRequests (PendingRequests.java:sendNotLeaderResponses(202)) - 00c41e76-79a8-40eb-9119-484acb6de979-PendingRequests: sendNotLeaderResponses
2019-09-26 18:38:49,779 [main] INFO  util.JmxRegister (JmxRegister.java:unregister(73)) - Successfully un-registered JMX Bean with object name Ratis:service=RaftServer,group=group-63552BB98623,id=f5f4fe3e-62aa-486e-b3bf-625e48bce7a6
2019-09-26 18:38:49,779 [ForkJoinPool.commonPool-worker-0] INFO  impl.StateMachineUpdater (StateMachineUpdater.java:stopAndJoin(125)) - 00c41e76-79a8-40eb-9119-484acb6de979@group-CCA7B6134C84-StateMachineUpdater: set stopIndex = 0
2019-09-26 18:38:49,779 [main] INFO  impl.RoleInfo (RoleInfo.java:shutdownFollowerState(121)) - f5f4fe3e-62aa-486e-b3bf-625e48bce7a6: shutdown FollowerState
2019-09-26 18:38:49,780 [ForkJoinPool.commonPool-worker-0] INFO  impl.RaftServerImpl (ServerState.java:close(385)) - 00c41e76-79a8-40eb-9119-484acb6de979@group-CCA7B6134C84: closes. applyIndex: 0
2019-09-26 18:38:49,780 [Thread-386] INFO  impl.FollowerState (FollowerState.java:run(115)) - f5f4fe3e-62aa-486e-b3bf-625e48bce7a6: FollowerState was interrupted: java.lang.InterruptedException: sleep interrupted
2019-09-26 18:38:49,780 [00c41e76-79a8-40eb-9119-484acb6de979@group-CCA7B6134C84-SegmentedRaftLogWorker] INFO  segmented.SegmentedRaftLogWorker (SegmentedRaftLogWorker.java:run(313)) - 00c41e76-79a8-40eb-9119-484acb6de979@group-CCA7B6134C84-SegmentedRaftLogWorker was interrupted, exiting. There are 0 tasks remaining in the queue.
2019-09-26 18:38:49,780 [main] INFO  impl.StateMachineUpdater (StateMachineUpdater.java:stopAndJoin(125)) - f5f4fe3e-62aa-486e-b3bf-625e48bce7a6@group-63552BB98623-StateMachineUpdater: set stopIndex = 0
2019-09-26 18:38:49,783 [ForkJoinPool.commonPool-worker-0] INFO  segmented.SegmentedRaftLogWorker (SegmentedRaftLogWorker.java:close(228)) - 00c41e76-79a8-40eb-9119-484acb6de979@group-CCA7B6134C84-SegmentedRaftLogWorker close()
2019-09-26 18:38:49,783 [main] INFO  impl.RaftServerImpl (ServerState.java:close(385)) - f5f4fe3e-62aa-486e-b3bf-625e48bce7a6@group-63552BB98623: closes. applyIndex: 0
2019-09-26 18:38:49,788 [f5f4fe3e-62aa-486e-b3bf-625e48bce7a6@group-63552BB98623-SegmentedRaftLogWorker] INFO  segmented.SegmentedRaftLogWorker (SegmentedRaftLogWorker.java:run(313)) - f5f4fe3e-62aa-486e-b3bf-625e48bce7a6@group-63552BB98623-SegmentedRaftLogWorker was interrupted, exiting. There are 0 tasks remaining in the queue.
2019-09-26 18:38:49,790 [ForkJoinPool.commonPool-worker-0] INFO  server.GrpcService (GrpcService.java:closeImpl(164)) - 00c41e76-79a8-40eb-9119-484acb6de979: shutdown server with port 40316 now
2019-09-26 18:38:49,790 [main] INFO  segmented.SegmentedRaftLogWorker (SegmentedRaftLogWorker.java:close(228)) - f5f4fe3e-62aa-486e-b3bf-625e48bce7a6@group-63552BB98623-SegmentedRaftLogWorker close()
2019-09-26 18:38:49,795 [main] INFO  server.GrpcService (GrpcService.java:closeImpl(164)) - f5f4fe3e-62aa-486e-b3bf-625e48bce7a6: shutdown server with port 44025 now
2019-09-26 18:38:49,809 [grpc-default-executor-1] WARN  server.GrpcServerProtocolService (LogUtils.java:warn(134)) - 00c41e76-79a8-40eb-9119-484acb6de979: installSnapshot onError, lastRequest: bf3c4117-d6f7-43a2-8fa2-683a0803af33->00c41e76-79a8-40eb-9119-484acb6de979#42-t2, previous=(t:2, i:0), leaderCommit=0, initializing? false, entries: <empty>: org.apache.ratis.thirdparty.io.grpc.StatusRuntimeException: CANCELLED: cancelled before receiving half close
2019-09-26 18:38:49,809 [ForkJoinPool.commonPool-worker-0] INFO  server.GrpcService (GrpcService.java:closeImpl(172)) - 00c41e76-79a8-40eb-9119-484acb6de979: shutdown server with port 40316 successfully
2019-09-26 18:38:49,812 [grpc-default-executor-0] WARN  server.GrpcServerProtocolService (LogUtils.java:warn(134)) - f5f4fe3e-62aa-486e-b3bf-625e48bce7a6: installSnapshot onError, lastRequest: bea5dbfa-30de-4207-bffd-4513ad20f3de->f5f4fe3e-62aa-486e-b3bf-625e48bce7a6#44-t1, previous=(t:1, i:0), leaderCommit=0, initializing? false, entries: <empty>: org.apache.ratis.thirdparty.io.grpc.StatusRuntimeException: CANCELLED: cancelled before receiving half close
2019-09-26 18:38:49,815 [main] INFO  server.GrpcService (GrpcService.java:closeImpl(172)) - f5f4fe3e-62aa-486e-b3bf-625e48bce7a6: shutdown server with port 44025 successfully
2019-09-26 18:38:49,818 [grpc-default-executor-3] WARN  server.GrpcLogAppender (LogUtils.java:warn(134)) - bf3c4117-d6f7-43a2-8fa2-683a0803af33@group-301C09F844F1->00c41e76-79a8-40eb-9119-484acb6de979-AppendLogResponseHandler: Failed appendEntries: org.apache.ratis.thirdparty.io.grpc.StatusRuntimeException: CANCELLED: HTTP/2 error code: CANCEL
Received Rst Stream
2019-09-26 18:38:49,824 [refreshUsed-/workdir/hadoop-ozone/integration-test/target/test-dir/MiniOzoneClusterImpl-92b4b651-8b24-41a6-8b84-80731fec252a/datanode-2/data/containers] WARN  fs.CachingGetSpaceUsed (CachingGetSpaceUsed.java:run(183)) - Thread Interrupted waiting to refresh disk information: sleep interrupted
2019-09-26 18:38:49,824 [grpc-default-executor-7] WARN  server.GrpcLogAppender (LogUtils.java:warn(134)) - bea5dbfa-30de-4207-bffd-4513ad20f3de@group-63552BB98623->f5f4fe3e-62aa-486e-b3bf-625e48bce7a6-AppendLogResponseHandler: Failed appendEntries: org.apache.ratis.thirdparty.io.grpc.StatusRuntimeException: CANCELLED: HTTP/2 error code: CANCEL
Received Rst Stream
2019-09-26 18:38:49,833 [grpc-default-executor-7] INFO  impl.FollowerInfo (FollowerInfo.java:lambda$new$0(51)) - bea5dbfa-30de-4207-bffd-4513ad20f3de@group-63552BB98623->f5f4fe3e-62aa-486e-b3bf-625e48bce7a6: nextIndex: updateUnconditionally 1 -> 0
2019-09-26 18:38:49,833 [grpc-default-executor-3] INFO  impl.FollowerInfo (FollowerInfo.java:lambda$new$0(51)) - bf3c4117-d6f7-43a2-8fa2-683a0803af33@group-301C09F844F1->00c41e76-79a8-40eb-9119-484acb6de979: nextIndex: updateUnconditionally 1 -> 0
2019-09-26 18:38:49,847 [refreshUsed-/workdir/hadoop-ozone/integration-test/target/test-dir/MiniOzoneClusterImpl-92b4b651-8b24-41a6-8b84-80731fec252a/datanode-5/data/containers] WARN  fs.CachingGetSpaceUsed (CachingGetSpaceUsed.java:run(183)) - Thread Interrupted waiting to refresh disk information: sleep interrupted
2019-09-26 18:38:49,861 [ForkJoinPool.commonPool-worker-0] INFO  utils.BackgroundService (BackgroundService.java:shutdown(148)) - Shutting down service BlockDeletingService
2019-09-26 18:38:49,871 [ForkJoinPool.commonPool-worker-0] INFO  statemachine.DatanodeStateMachine (DatanodeStateMachine.java:stopDaemon(395)) - Ozone container server stopped.
2019-09-26 18:38:49,882 [ForkJoinPool.commonPool-worker-0] INFO  handler.ContextHandler (ContextHandler.java:doStop(910)) - Stopped o.e.j.w.WebAppContext@4a163575{/,null,UNAVAILABLE}{/hddsDatanode}
2019-09-26 18:38:49,883 [ForkJoinPool.commonPool-worker-0] INFO  server.AbstractConnector (AbstractConnector.java:doStop(318)) - Stopped ServerConnector@7e642b88{HTTP/1.1,[http/1.1]}{0.0.0.0:0}
2019-09-26 18:38:49,885 [ForkJoinPool.commonPool-worker-0] INFO  handler.ContextHandler (ContextHandler.java:doStop(910)) - Stopped o.e.j.s.ServletContextHandler@4d21c56e{/static,jar:file:/home/user/.m2/repository/org/apache/hadoop/hadoop-hdds-container-service/0.5.0-SNAPSHOT/hadoop-hdds-container-service-0.5.0-SNAPSHOT.jar!/webapps/static,UNAVAILABLE}
2019-09-26 18:38:49,887 [ForkJoinPool.commonPool-worker-0] INFO  handler.ContextHandler (ContextHandler.java:doStop(910)) - Stopped o.e.j.s.ServletContextHandler@5624657a{/logs,file:///workdir/hadoop-ozone/integration-test/target/log,UNAVAILABLE}
2019-09-26 18:38:49,888 [main] INFO  utils.BackgroundService (BackgroundService.java:shutdown(148)) - Shutting down service BlockDeletingService
2019-09-26 18:38:49,894 [main] INFO  statemachine.DatanodeStateMachine (DatanodeStateMachine.java:stopDaemon(395)) - Ozone container server stopped.
2019-09-26 18:38:49,895 [main] INFO  handler.ContextHandler (ContextHandler.java:doStop(910)) - Stopped o.e.j.w.WebAppContext@100c8b75{/,null,UNAVAILABLE}{/hddsDatanode}
2019-09-26 18:38:49,896 [main] INFO  server.AbstractConnector (AbstractConnector.java:doStop(318)) - Stopped ServerConnector@2bc378f7{HTTP/1.1,[http/1.1]}{0.0.0.0:0}
2019-09-26 18:38:49,896 [main] INFO  handler.ContextHandler (ContextHandler.java:doStop(910)) - Stopped o.e.j.s.ServletContextHandler@58fef7f7{/static,jar:file:/home/user/.m2/repository/org/apache/hadoop/hadoop-hdds-container-service/0.5.0-SNAPSHOT/hadoop-hdds-container-service-0.5.0-SNAPSHOT.jar!/webapps/static,UNAVAILABLE}
2019-09-26 18:38:49,896 [main] INFO  handler.ContextHandler (ContextHandler.java:doStop(910)) - Stopped o.e.j.s.ServletContextHandler@21505815{/logs,file:///workdir/hadoop-ozone/integration-test/target/log,UNAVAILABLE}
2019-09-26 18:38:49,960 [grpc-default-executor-1] WARN  server.GrpcLogAppender (LogUtils.java:warn(134)) - bea5dbfa-30de-4207-bffd-4513ad20f3de@group-63552BB98623->f5f4fe3e-62aa-486e-b3bf-625e48bce7a6-AppendLogResponseHandler: Failed appendEntries: org.apache.ratis.thirdparty.io.grpc.StatusRuntimeException: UNAVAILABLE: io exception
2019-09-26 18:38:49,962 [grpc-default-executor-1] INFO  impl.FollowerInfo (FollowerInfo.java:lambda$new$0(51)) - bea5dbfa-30de-4207-bffd-4513ad20f3de@group-63552BB98623->f5f4fe3e-62aa-486e-b3bf-625e48bce7a6: nextIndex: updateUnconditionally 0 -> 0
2019-09-26 18:38:50,041 [grpc-default-executor-0] WARN  server.GrpcLogAppender (LogUtils.java:warn(134)) - bf3c4117-d6f7-43a2-8fa2-683a0803af33@group-301C09F844F1->00c41e76-79a8-40eb-9119-484acb6de979-AppendLogResponseHandler: Failed appendEntries: org.apache.ratis.thirdparty.io.grpc.StatusRuntimeException: UNAVAILABLE: io exception
2019-09-26 18:38:50,045 [grpc-default-executor-0] INFO  impl.FollowerInfo (FollowerInfo.java:lambda$new$0(51)) - bf3c4117-d6f7-43a2-8fa2-683a0803af33@group-301C09F844F1->00c41e76-79a8-40eb-9119-484acb6de979: nextIndex: updateUnconditionally 0 -> 0
2019-09-26 18:38:50,063 [Datanode State Machine Thread - 0] INFO  statemachine.DatanodeStateMachine (DatanodeStateMachine.java:lambda$startDaemon$0(350)) - Ozone container server started.
2019-09-26 18:38:50,574 [Datanode State Machine Thread - 0] INFO  statemachine.DatanodeStateMachine (DatanodeStateMachine.java:lambda$startDaemon$0(350)) - Ozone container server started.
2019-09-26 18:38:52,456 [grpc-default-executor-3] WARN  server.GrpcLogAppender (LogUtils.java:warn(134)) - bea5dbfa-30de-4207-bffd-4513ad20f3de@group-63552BB98623->f5f4fe3e-62aa-486e-b3bf-625e48bce7a6-AppendLogResponseHandler: Failed appendEntries: org.apache.ratis.thirdparty.io.grpc.StatusRuntimeException: UNAVAILABLE: io exception
2019-09-26 18:38:52,460 [grpc-default-executor-3] INFO  impl.FollowerInfo (FollowerInfo.java:lambda$new$0(51)) - bea5dbfa-30de-4207-bffd-4513ad20f3de@group-63552BB98623->f5f4fe3e-62aa-486e-b3bf-625e48bce7a6: nextIndex: updateUnconditionally 0 -> 0
2019-09-26 18:38:52,542 [grpc-default-executor-1] WARN  server.GrpcLogAppender (LogUtils.java:warn(134)) - bf3c4117-d6f7-43a2-8fa2-683a0803af33@group-301C09F844F1->00c41e76-79a8-40eb-9119-484acb6de979-AppendLogResponseHandler: Failed appendEntries: org.apache.ratis.thirdparty.io.grpc.StatusRuntimeException: UNAVAILABLE: io exception
2019-09-26 18:38:52,545 [grpc-default-executor-1] INFO  impl.FollowerInfo (FollowerInfo.java:lambda$new$0(51)) - bf3c4117-d6f7-43a2-8fa2-683a0803af33@group-301C09F844F1->00c41e76-79a8-40eb-9119-484acb6de979: nextIndex: updateUnconditionally 0 -> 0
2019-09-26 18:38:54,889 [ForkJoinPool.commonPool-worker-0] INFO  ozoneimpl.OzoneContainer (OzoneContainer.java:stop(231)) - Attempting to stop container services.
2019-09-26 18:38:54,889 [ForkJoinPool.commonPool-worker-0] INFO  impl.RaftServerProxy (RaftServerProxy.java:lambda$close$4(314)) - eadf7083-a0e2-4fdb-9f41-5b7503e65173: close
2019-09-26 18:38:54,889 [ForkJoinPool.commonPool-worker-0] INFO  impl.RaftServerImpl (RaftServerImpl.java:lambda$shutdown$3(251)) - eadf7083-a0e2-4fdb-9f41-5b7503e65173@group-DD22FF1D4D5D: shutdown
2019-09-26 18:38:54,890 [ForkJoinPool.commonPool-worker-0] INFO  util.JmxRegister (JmxRegister.java:unregister(73)) - Successfully un-registered JMX Bean with object name Ratis:service=RaftServer,group=group-DD22FF1D4D5D,id=eadf7083-a0e2-4fdb-9f41-5b7503e65173
2019-09-26 18:38:54,890 [ForkJoinPool.commonPool-worker-0] INFO  impl.RoleInfo (RoleInfo.java:shutdownLeaderState(104)) - eadf7083-a0e2-4fdb-9f41-5b7503e65173: shutdown LeaderState
2019-09-26 18:38:54,890 [ForkJoinPool.commonPool-worker-0] INFO  impl.PendingRequests (PendingRequests.java:sendNotLeaderResponses(202)) - eadf7083-a0e2-4fdb-9f41-5b7503e65173-PendingRequests: sendNotLeaderResponses
2019-09-26 18:38:54,890 [ForkJoinPool.commonPool-worker-0] INFO  impl.StateMachineUpdater (StateMachineUpdater.java:stopAndJoin(125)) - eadf7083-a0e2-4fdb-9f41-5b7503e65173@group-DD22FF1D4D5D-StateMachineUpdater: set stopIndex = 0
2019-09-26 18:38:54,890 [ForkJoinPool.commonPool-worker-0] INFO  impl.RaftServerImpl (ServerState.java:close(385)) - eadf7083-a0e2-4fdb-9f41-5b7503e65173@group-DD22FF1D4D5D: closes. applyIndex: 0
2019-09-26 18:38:54,891 [eadf7083-a0e2-4fdb-9f41-5b7503e65173@group-DD22FF1D4D5D-SegmentedRaftLogWorker] INFO  segmented.SegmentedRaftLogWorker (SegmentedRaftLogWorker.java:run(313)) - eadf7083-a0e2-4fdb-9f41-5b7503e65173@group-DD22FF1D4D5D-SegmentedRaftLogWorker was interrupted, exiting. There are 0 tasks remaining in the queue.
2019-09-26 18:38:54,893 [ForkJoinPool.commonPool-worker-0] INFO  segmented.SegmentedRaftLogWorker (SegmentedRaftLogWorker.java:close(228)) - eadf7083-a0e2-4fdb-9f41-5b7503e65173@group-DD22FF1D4D5D-SegmentedRaftLogWorker close()
2019-09-26 18:38:54,896 [ForkJoinPool.commonPool-worker-0] INFO  impl.RaftServerImpl (RaftServerImpl.java:lambda$shutdown$3(251)) - eadf7083-a0e2-4fdb-9f41-5b7503e65173@group-679C4209A422: shutdown
2019-09-26 18:38:54,896 [ForkJoinPool.commonPool-worker-0] INFO  util.JmxRegister (JmxRegister.java:unregister(73)) - Successfully un-registered JMX Bean with object name Ratis:service=RaftServer,group=group-679C4209A422,id=eadf7083-a0e2-4fdb-9f41-5b7503e65173
2019-09-26 18:38:54,896 [ForkJoinPool.commonPool-worker-0] INFO  impl.RoleInfo (RoleInfo.java:shutdownFollowerState(121)) - eadf7083-a0e2-4fdb-9f41-5b7503e65173: shutdown FollowerState
2019-09-26 18:38:54,898 [ForkJoinPool.commonPool-worker-0] INFO  impl.StateMachineUpdater (StateMachineUpdater.java:stopAndJoin(125)) - eadf7083-a0e2-4fdb-9f41-5b7503e65173@group-679C4209A422-StateMachineUpdater: set stopIndex = 0
2019-09-26 18:38:54,898 [Thread-373] INFO  impl.FollowerState (FollowerState.java:run(115)) - eadf7083-a0e2-4fdb-9f41-5b7503e65173: FollowerState was interrupted: java.lang.InterruptedException: sleep interrupted
2019-09-26 18:38:54,898 [main] INFO  ozoneimpl.OzoneContainer (OzoneContainer.java:stop(231)) - Attempting to stop container services.
2019-09-26 18:38:54,899 [ForkJoinPool.commonPool-worker-0] INFO  impl.RaftServerImpl (ServerState.java:close(385)) - eadf7083-a0e2-4fdb-9f41-5b7503e65173@group-679C4209A422: closes. applyIndex: 0
2019-09-26 18:38:54,899 [main] INFO  impl.RaftServerProxy (RaftServerProxy.java:lambda$close$4(314)) - ff546a1f-819d-426e-b61a-e2a594c97aae: close
2019-09-26 18:38:54,899 [eadf7083-a0e2-4fdb-9f41-5b7503e65173@group-679C4209A422-SegmentedRaftLogWorker] INFO  segmented.SegmentedRaftLogWorker (SegmentedRaftLogWorker.java:run(313)) - eadf7083-a0e2-4fdb-9f41-5b7503e65173@group-679C4209A422-SegmentedRaftLogWorker was interrupted, exiting. There are 0 tasks remaining in the queue.
2019-09-26 18:38:54,899 [main] INFO  impl.RaftServerImpl (RaftServerImpl.java:lambda$shutdown$3(251)) - ff546a1f-819d-426e-b61a-e2a594c97aae@group-FF21CED43AC6: shutdown
2019-09-26 18:38:54,901 [ForkJoinPool.commonPool-worker-0] INFO  segmented.SegmentedRaftLogWorker (SegmentedRaftLogWorker.java:close(228)) - eadf7083-a0e2-4fdb-9f41-5b7503e65173@group-679C4209A422-SegmentedRaftLogWorker close()
2019-09-26 18:38:54,901 [main] INFO  util.JmxRegister (JmxRegister.java:unregister(73)) - Successfully un-registered JMX Bean with object name Ratis:service=RaftServer,group=group-FF21CED43AC6,id=ff546a1f-819d-426e-b61a-e2a594c97aae
2019-09-26 18:38:54,904 [ForkJoinPool.commonPool-worker-0] INFO  server.GrpcService (GrpcService.java:closeImpl(164)) - eadf7083-a0e2-4fdb-9f41-5b7503e65173: shutdown server with port 33418 now
2019-09-26 18:38:54,904 [main] INFO  impl.RoleInfo (RoleInfo.java:shutdownLeaderState(104)) - ff546a1f-819d-426e-b61a-e2a594c97aae: shutdown LeaderState
2019-09-26 18:38:54,905 [main] INFO  impl.PendingRequests (PendingRequests.java:sendNotLeaderResponses(202)) - ff546a1f-819d-426e-b61a-e2a594c97aae-PendingRequests: sendNotLeaderResponses
2019-09-26 18:38:54,907 [main] INFO  impl.StateMachineUpdater (StateMachineUpdater.java:stopAndJoin(125)) - ff546a1f-819d-426e-b61a-e2a594c97aae@group-FF21CED43AC6-StateMachineUpdater: set stopIndex = 0
2019-09-26 18:38:54,907 [grpc-default-executor-0] WARN  server.GrpcLogAppender (LogUtils.java:warn(134)) - d9ddad26-0ab8-49f0-a7fe-969d04a2d023@group-679C4209A422->eadf7083-a0e2-4fdb-9f41-5b7503e65173-AppendLogResponseHandler: Failed appendEntries: org.apache.ratis.thirdparty.io.grpc.StatusRuntimeException: CANCELLED: HTTP/2 error code: CANCEL
Received Rst Stream
2019-09-26 18:38:54,907 [grpc-default-executor-1] WARN  server.GrpcServerProtocolService (LogUtils.java:warn(134)) - eadf7083-a0e2-4fdb-9f41-5b7503e65173: installSnapshot onError, lastRequest: d9ddad26-0ab8-49f0-a7fe-969d04a2d023->eadf7083-a0e2-4fdb-9f41-5b7503e65173#46-t1, previous=(t:1, i:0), leaderCommit=0, initializing? false, entries: <empty>: org.apache.ratis.thirdparty.io.grpc.StatusRuntimeException: CANCELLED: cancelled before receiving half close
2019-09-26 18:38:54,908 [grpc-default-executor-0] INFO  impl.FollowerInfo (FollowerInfo.java:lambda$new$0(51)) - d9ddad26-0ab8-49f0-a7fe-969d04a2d023@group-679C4209A422->eadf7083-a0e2-4fdb-9f41-5b7503e65173: nextIndex: updateUnconditionally 1 -> 0
2019-09-26 18:38:54,907 [ForkJoinPool.commonPool-worker-0] INFO  server.GrpcService (GrpcService.java:closeImpl(172)) - eadf7083-a0e2-4fdb-9f41-5b7503e65173: shutdown server with port 33418 successfully
2019-09-26 18:38:54,907 [main] INFO  impl.RaftServerImpl (ServerState.java:close(385)) - ff546a1f-819d-426e-b61a-e2a594c97aae@group-FF21CED43AC6: closes. applyIndex: 0
2019-09-26 18:38:54,909 [ff546a1f-819d-426e-b61a-e2a594c97aae@group-FF21CED43AC6-SegmentedRaftLogWorker] INFO  segmented.SegmentedRaftLogWorker (SegmentedRaftLogWorker.java:run(313)) - ff546a1f-819d-426e-b61a-e2a594c97aae@group-FF21CED43AC6-SegmentedRaftLogWorker was interrupted, exiting. There are 0 tasks remaining in the queue.
2019-09-26 18:38:54,911 [main] INFO  segmented.SegmentedRaftLogWorker (SegmentedRaftLogWorker.java:close(228)) - ff546a1f-819d-426e-b61a-e2a594c97aae@group-FF21CED43AC6-SegmentedRaftLogWorker close()
2019-09-26 18:38:54,914 [main] INFO  impl.RaftServerImpl (RaftServerImpl.java:lambda$shutdown$3(251)) - ff546a1f-819d-426e-b61a-e2a594c97aae@group-679C4209A422: shutdown
2019-09-26 18:38:54,914 [main] INFO  util.JmxRegister (JmxRegister.java:unregister(73)) - Successfully un-registered JMX Bean with object name Ratis:service=RaftServer,group=group-679C4209A422,id=ff546a1f-819d-426e-b61a-e2a594c97aae
2019-09-26 18:38:54,914 [main] INFO  impl.RoleInfo (RoleInfo.java:shutdownFollowerState(121)) - ff546a1f-819d-426e-b61a-e2a594c97aae: shutdown FollowerState
2019-09-26 18:38:54,914 [main] INFO  impl.StateMachineUpdater (StateMachineUpdater.java:stopAndJoin(125)) - ff546a1f-819d-426e-b61a-e2a594c97aae@group-679C4209A422-StateMachineUpdater: set stopIndex = 0
2019-09-26 18:38:54,914 [Thread-377] INFO  impl.FollowerState (FollowerState.java:run(115)) - ff546a1f-819d-426e-b61a-e2a594c97aae: FollowerState was interrupted: java.lang.InterruptedException: sleep interrupted
2019-09-26 18:38:54,915 [main] INFO  impl.RaftServerImpl (ServerState.java:close(385)) - ff546a1f-819d-426e-b61a-e2a594c97aae@group-679C4209A422: closes. applyIndex: 0
2019-09-26 18:38:54,915 [ff546a1f-819d-426e-b61a-e2a594c97aae@group-679C4209A422-SegmentedRaftLogWorker] INFO  segmented.SegmentedRaftLogWorker (SegmentedRaftLogWorker.java:run(313)) - ff546a1f-819d-426e-b61a-e2a594c97aae@group-679C4209A422-SegmentedRaftLogWorker was interrupted, exiting. There are 0 tasks remaining in the queue.
2019-09-26 18:38:54,916 [main] INFO  segmented.SegmentedRaftLogWorker (SegmentedRaftLogWorker.java:close(228)) - ff546a1f-819d-426e-b61a-e2a594c97aae@group-679C4209A422-SegmentedRaftLogWorker close()
2019-09-26 18:38:54,920 [main] INFO  server.GrpcService (GrpcService.java:closeImpl(164)) - ff546a1f-819d-426e-b61a-e2a594c97aae: shutdown server with port 45585 now
2019-09-26 18:38:54,922 [refreshUsed-/workdir/hadoop-ozone/integration-test/target/test-dir/MiniOzoneClusterImpl-92b4b651-8b24-41a6-8b84-80731fec252a/datanode-3/data/containers] WARN  fs.CachingGetSpaceUsed (CachingGetSpaceUsed.java:run(183)) - Thread Interrupted waiting to refresh disk information: sleep interrupted
2019-09-26 18:38:54,925 [grpc-default-executor-0] WARN  server.GrpcServerProtocolService (LogUtils.java:warn(134)) - ff546a1f-819d-426e-b61a-e2a594c97aae: installSnapshot onError, lastRequest: d9ddad26-0ab8-49f0-a7fe-969d04a2d023->ff546a1f-819d-426e-b61a-e2a594c97aae#46-t1, previous=(t:1, i:0), leaderCommit=0, initializing? false, entries: <empty>: org.apache.ratis.thirdparty.io.grpc.StatusRuntimeException: CANCELLED: cancelled before receiving half close
2019-09-26 18:38:54,925 [grpc-default-executor-1] WARN  server.GrpcLogAppender (LogUtils.java:warn(134)) - d9ddad26-0ab8-49f0-a7fe-969d04a2d023@group-679C4209A422->ff546a1f-819d-426e-b61a-e2a594c97aae-AppendLogResponseHandler: Failed appendEntries: org.apache.ratis.thirdparty.io.grpc.StatusRuntimeException: CANCELLED: HTTP/2 error code: CANCEL
Received Rst Stream
2019-09-26 18:38:54,926 [main] INFO  server.GrpcService (GrpcService.java:closeImpl(172)) - ff546a1f-819d-426e-b61a-e2a594c97aae: shutdown server with port 45585 successfully
2019-09-26 18:38:54,928 [grpc-default-executor-1] INFO  impl.FollowerInfo (FollowerInfo.java:lambda$new$0(51)) - d9ddad26-0ab8-49f0-a7fe-969d04a2d023@group-679C4209A422->ff546a1f-819d-426e-b61a-e2a594c97aae: nextIndex: updateUnconditionally 1 -> 0
2019-09-26 18:38:54,929 [refreshUsed-/workdir/hadoop-ozone/integration-test/target/test-dir/MiniOzoneClusterImpl-92b4b651-8b24-41a6-8b84-80731fec252a/datanode-6/data/containers] WARN  fs.CachingGetSpaceUsed (CachingGetSpaceUsed.java:run(183)) - Thread Interrupted waiting to refresh disk information: sleep interrupted
2019-09-26 18:38:54,945 [ForkJoinPool.commonPool-worker-0] INFO  utils.BackgroundService (BackgroundService.java:shutdown(148)) - Shutting down service BlockDeletingService
2019-09-26 18:38:54,950 [ForkJoinPool.commonPool-worker-0] INFO  statemachine.DatanodeStateMachine (DatanodeStateMachine.java:stopDaemon(395)) - Ozone container server stopped.
2019-09-26 18:38:54,953 [main] INFO  utils.BackgroundService (BackgroundService.java:shutdown(148)) - Shutting down service BlockDeletingService
2019-09-26 18:38:54,958 [main] INFO  statemachine.DatanodeStateMachine (DatanodeStateMachine.java:stopDaemon(395)) - Ozone container server stopped.
2019-09-26 18:38:54,958 [ForkJoinPool.commonPool-worker-0] INFO  handler.ContextHandler (ContextHandler.java:doStop(910)) - Stopped o.e.j.w.WebAppContext@15b642b9{/,null,UNAVAILABLE}{/hddsDatanode}
2019-09-26 18:38:54,960 [main] INFO  handler.ContextHandler (ContextHandler.java:doStop(910)) - Stopped o.e.j.w.WebAppContext@5a08efdc{/,null,UNAVAILABLE}{/hddsDatanode}
2019-09-26 18:38:54,960 [ForkJoinPool.commonPool-worker-0] INFO  server.AbstractConnector (AbstractConnector.java:doStop(318)) - Stopped ServerConnector@518bfd90{HTTP/1.1,[http/1.1]}{0.0.0.0:0}
2019-09-26 18:38:54,966 [ForkJoinPool.commonPool-worker-0] INFO  handler.ContextHandler (ContextHandler.java:doStop(910)) - Stopped o.e.j.s.ServletContextHandler@43af351a{/static,jar:file:/home/user/.m2/repository/org/apache/hadoop/hadoop-hdds-container-service/0.5.0-SNAPSHOT/hadoop-hdds-container-service-0.5.0-SNAPSHOT.jar!/webapps/static,UNAVAILABLE}
2019-09-26 18:38:54,966 [grpc-default-executor-0] WARN  server.GrpcLogAppender (LogUtils.java:warn(134)) - bea5dbfa-30de-4207-bffd-4513ad20f3de@group-63552BB98623->f5f4fe3e-62aa-486e-b3bf-625e48bce7a6-AppendLogResponseHandler: Failed appendEntries: org.apache.ratis.thirdparty.io.grpc.StatusRuntimeException: UNAVAILABLE: io exception
2019-09-26 18:38:54,968 [ForkJoinPool.commonPool-worker-0] INFO  handler.ContextHandler (ContextHandler.java:doStop(910)) - Stopped o.e.j.s.ServletContextHandler@97d0c06{/logs,file:///workdir/hadoop-ozone/integration-test/target/log,UNAVAILABLE}
2019-09-26 18:38:54,971 [grpc-default-executor-0] INFO  impl.FollowerInfo (FollowerInfo.java:lambda$new$0(51)) - bea5dbfa-30de-4207-bffd-4513ad20f3de@group-63552BB98623->f5f4fe3e-62aa-486e-b3bf-625e48bce7a6: nextIndex: updateUnconditionally 0 -> 0
2019-09-26 18:38:54,966 [main] INFO  server.AbstractConnector (AbstractConnector.java:doStop(318)) - Stopped ServerConnector@57272109{HTTP/1.1,[http/1.1]}{0.0.0.0:0}
2019-09-26 18:38:54,971 [grpc-default-executor-7] WARN  server.GrpcLogAppender (LogUtils.java:warn(134)) - d9ddad26-0ab8-49f0-a7fe-969d04a2d023@group-679C4209A422->ff546a1f-819d-426e-b61a-e2a594c97aae-AppendLogResponseHandler: Failed appendEntries: org.apache.ratis.thirdparty.io.grpc.StatusRuntimeException: UNAVAILABLE: io exception
2019-09-26 18:38:54,971 [main] INFO  handler.ContextHandler (ContextHandler.java:doStop(910)) - Stopped o.e.j.s.ServletContextHandler@79a04e5f{/static,jar:file:/home/user/.m2/repository/org/apache/hadoop/hadoop-hdds-container-service/0.5.0-SNAPSHOT/hadoop-hdds-container-service-0.5.0-SNAPSHOT.jar!/webapps/static,UNAVAILABLE}
2019-09-26 18:38:54,974 [grpc-default-executor-1] WARN  server.GrpcLogAppender (LogUtils.java:warn(134)) - d9ddad26-0ab8-49f0-a7fe-969d04a2d023@group-679C4209A422->eadf7083-a0e2-4fdb-9f41-5b7503e65173-AppendLogResponseHandler: Failed appendEntries: org.apache.ratis.thirdparty.io.grpc.StatusRuntimeException: UNAVAILABLE: io exception
2019-09-26 18:38:54,974 [main] INFO  handler.ContextHandler (ContextHandler.java:doStop(910)) - Stopped o.e.j.s.ServletContextHandler@1ab5f08a{/logs,file:///workdir/hadoop-ozone/integration-test/target/log,UNAVAILABLE}
2019-09-26 18:38:54,974 [grpc-default-executor-7] INFO  impl.FollowerInfo (FollowerInfo.java:lambda$new$0(51)) - d9ddad26-0ab8-49f0-a7fe-969d04a2d023@group-679C4209A422->ff546a1f-819d-426e-b61a-e2a594c97aae: nextIndex: updateUnconditionally 0 -> 0
2019-09-26 18:38:54,976 [grpc-default-executor-1] INFO  impl.FollowerInfo (FollowerInfo.java:lambda$new$0(51)) - d9ddad26-0ab8-49f0-a7fe-969d04a2d023@group-679C4209A422->eadf7083-a0e2-4fdb-9f41-5b7503e65173: nextIndex: updateUnconditionally 0 -> 0
2019-09-26 18:38:55,045 [grpc-default-executor-3] WARN  server.GrpcLogAppender (LogUtils.java:warn(134)) - bf3c4117-d6f7-43a2-8fa2-683a0803af33@group-301C09F844F1->00c41e76-79a8-40eb-9119-484acb6de979-AppendLogResponseHandler: Failed appendEntries: org.apache.ratis.thirdparty.io.grpc.StatusRuntimeException: UNAVAILABLE: io exception
2019-09-26 18:38:55,048 [grpc-default-executor-3] INFO  impl.FollowerInfo (FollowerInfo.java:lambda$new$0(51)) - bf3c4117-d6f7-43a2-8fa2-683a0803af33@group-301C09F844F1->00c41e76-79a8-40eb-9119-484acb6de979: nextIndex: updateUnconditionally 0 -> 0
2019-09-26 18:38:55,058 [Datanode State Machine Thread - 0] INFO  statemachine.DatanodeStateMachine (DatanodeStateMachine.java:lambda$startDaemon$0(350)) - Ozone container server started.
2019-09-26 18:38:55,575 [Datanode State Machine Thread - 0] INFO  statemachine.DatanodeStateMachine (DatanodeStateMachine.java:lambda$startDaemon$0(350)) - Ozone container server started.
2019-09-26 18:38:57,469 [grpc-default-executor-3] WARN  server.GrpcLogAppender (LogUtils.java:warn(134)) - bea5dbfa-30de-4207-bffd-4513ad20f3de@group-63552BB98623->f5f4fe3e-62aa-486e-b3bf-625e48bce7a6-AppendLogResponseHandler: Failed appendEntries: org.apache.ratis.thirdparty.io.grpc.StatusRuntimeException: UNAVAILABLE: io exception
2019-09-26 18:38:57,472 [grpc-default-executor-3] INFO  impl.FollowerInfo (FollowerInfo.java:lambda$new$0(51)) - bea5dbfa-30de-4207-bffd-4513ad20f3de@group-63552BB98623->f5f4fe3e-62aa-486e-b3bf-625e48bce7a6: nextIndex: updateUnconditionally 0 -> 0
2019-09-26 18:38:57,472 [grpc-default-executor-0] WARN  server.GrpcLogAppender (LogUtils.java:warn(134)) - d9ddad26-0ab8-49f0-a7fe-969d04a2d023@group-679C4209A422->ff546a1f-819d-426e-b61a-e2a594c97aae-AppendLogResponseHandler: Failed appendEntries: org.apache.ratis.thirdparty.io.grpc.StatusRuntimeException: UNAVAILABLE: io exception
2019-09-26 18:38:57,472 [grpc-default-executor-1] WARN  server.GrpcLogAppender (LogUtils.java:warn(134)) - d9ddad26-0ab8-49f0-a7fe-969d04a2d023@group-679C4209A422->eadf7083-a0e2-4fdb-9f41-5b7503e65173-AppendLogResponseHandler: Failed appendEntries: org.apache.ratis.thirdparty.io.grpc.StatusRuntimeException: UNAVAILABLE: io exception
2019-09-26 18:38:57,484 [grpc-default-executor-0] INFO  impl.FollowerInfo (FollowerInfo.java:lambda$new$0(51)) - d9ddad26-0ab8-49f0-a7fe-969d04a2d023@group-679C4209A422->ff546a1f-819d-426e-b61a-e2a594c97aae: nextIndex: updateUnconditionally 0 -> 0
2019-09-26 18:38:57,484 [grpc-default-executor-1] INFO  impl.FollowerInfo (FollowerInfo.java:lambda$new$0(51)) - d9ddad26-0ab8-49f0-a7fe-969d04a2d023@group-679C4209A422->eadf7083-a0e2-4fdb-9f41-5b7503e65173: nextIndex: updateUnconditionally 0 -> 0
2019-09-26 18:38:57,549 [grpc-default-executor-0] WARN  server.GrpcLogAppender (LogUtils.java:warn(134)) - bf3c4117-d6f7-43a2-8fa2-683a0803af33@group-301C09F844F1->00c41e76-79a8-40eb-9119-484acb6de979-AppendLogResponseHandler: Failed appendEntries: org.apache.ratis.thirdparty.io.grpc.StatusRuntimeException: UNAVAILABLE: io exception
2019-09-26 18:38:57,552 [grpc-default-executor-0] INFO  impl.FollowerInfo (FollowerInfo.java:lambda$new$0(51)) - bf3c4117-d6f7-43a2-8fa2-683a0803af33@group-301C09F844F1->00c41e76-79a8-40eb-9119-484acb6de979: nextIndex: updateUnconditionally 0 -> 0
2019-09-26 18:38:59,973 [ForkJoinPool.commonPool-worker-0] INFO  ozoneimpl.OzoneContainer (OzoneContainer.java:stop(231)) - Attempting to stop container services.
2019-09-26 18:38:59,973 [ForkJoinPool.commonPool-worker-0] INFO  impl.RaftServerProxy (RaftServerProxy.java:lambda$close$4(314)) - d9ddad26-0ab8-49f0-a7fe-969d04a2d023: close
2019-09-26 18:38:59,974 [grpc-default-executor-3] WARN  server.GrpcLogAppender (LogUtils.java:warn(134)) - bea5dbfa-30de-4207-bffd-4513ad20f3de@group-63552BB98623->f5f4fe3e-62aa-486e-b3bf-625e48bce7a6-AppendLogResponseHandler: Failed appendEntries: org.apache.ratis.thirdparty.io.grpc.StatusRuntimeException: UNAVAILABLE: io exception
2019-09-26 18:38:59,974 [ForkJoinPool.commonPool-worker-0] INFO  impl.RaftServerImpl (RaftServerImpl.java:lambda$shutdown$3(251)) - d9ddad26-0ab8-49f0-a7fe-969d04a2d023@group-975C9BA71A40: shutdown
2019-09-26 18:38:59,976 [grpc-default-executor-3] INFO  impl.FollowerInfo (FollowerInfo.java:lambda$new$0(51)) - bea5dbfa-30de-4207-bffd-4513ad20f3de@group-63552BB98623->f5f4fe3e-62aa-486e-b3bf-625e48bce7a6: nextIndex: updateUnconditionally 0 -> 0
2019-09-26 18:38:59,976 [grpc-default-executor-7] WARN  server.GrpcLogAppender (LogUtils.java:warn(134)) - d9ddad26-0ab8-49f0-a7fe-969d04a2d023@group-679C4209A422->eadf7083-a0e2-4fdb-9f41-5b7503e65173-AppendLogResponseHandler: Failed appendEntries: org.apache.ratis.thirdparty.io.grpc.StatusRuntimeException: UNAVAILABLE: io exception
2019-09-26 18:38:59,977 [grpc-default-executor-1] WARN  server.GrpcLogAppender (LogUtils.java:warn(134)) - d9ddad26-0ab8-49f0-a7fe-969d04a2d023@group-679C4209A422->ff546a1f-819d-426e-b61a-e2a594c97aae-AppendLogResponseHandler: Failed appendEntries: org.apache.ratis.thirdparty.io.grpc.StatusRuntimeException: UNAVAILABLE: io exception
2019-09-26 18:38:59,976 [ForkJoinPool.commonPool-worker-0] INFO  util.JmxRegister (JmxRegister.java:unregister(73)) - Successfully un-registered JMX Bean with object name Ratis:service=RaftServer,group=group-975C9BA71A40,id=d9ddad26-0ab8-49f0-a7fe-969d04a2d023
2019-09-26 18:38:59,981 [grpc-default-executor-1] INFO  impl.FollowerInfo (FollowerInfo.java:lambda$new$0(51)) - d9ddad26-0ab8-49f0-a7fe-969d04a2d023@group-679C4209A422->ff546a1f-819d-426e-b61a-e2a594c97aae: nextIndex: updateUnconditionally 0 -> 0
2019-09-26 18:38:59,979 [grpc-default-executor-7] INFO  impl.FollowerInfo (FollowerInfo.java:lambda$new$0(51)) - d9ddad26-0ab8-49f0-a7fe-969d04a2d023@group-679C4209A422->eadf7083-a0e2-4fdb-9f41-5b7503e65173: nextIndex: updateUnconditionally 0 -> 0
2019-09-26 18:38:59,977 [main] INFO  ozoneimpl.OzoneContainer (OzoneContainer.java:stop(231)) - Attempting to stop container services.
2019-09-26 18:38:59,981 [ForkJoinPool.commonPool-worker-0] INFO  impl.RoleInfo (RoleInfo.java:shutdownLeaderState(104)) - d9ddad26-0ab8-49f0-a7fe-969d04a2d023: shutdown LeaderState
2019-09-26 18:38:59,982 [main] INFO  impl.RaftServerProxy (RaftServerProxy.java:lambda$close$4(314)) - 892de89a-e065-4df4-9984-8695982985db: close
2019-09-26 18:38:59,982 [ForkJoinPool.commonPool-worker-0] INFO  impl.PendingRequests (PendingRequests.java:sendNotLeaderResponses(202)) - d9ddad26-0ab8-49f0-a7fe-969d04a2d023-PendingRequests: sendNotLeaderResponses
2019-09-26 18:38:59,982 [main] INFO  impl.RaftServerImpl (RaftServerImpl.java:lambda$shutdown$3(251)) - 892de89a-e065-4df4-9984-8695982985db@group-63552BB98623: shutdown
2019-09-26 18:38:59,983 [ForkJoinPool.commonPool-worker-0] INFO  impl.StateMachineUpdater (StateMachineUpdater.java:stopAndJoin(125)) - d9ddad26-0ab8-49f0-a7fe-969d04a2d023@group-975C9BA71A40-StateMachineUpdater: set stopIndex = 0
2019-09-26 18:38:59,983 [main] INFO  util.JmxRegister (JmxRegister.java:unregister(73)) - Successfully un-registered JMX Bean with object name Ratis:service=RaftServer,group=group-63552BB98623,id=892de89a-e065-4df4-9984-8695982985db
2019-09-26 18:38:59,983 [ForkJoinPool.commonPool-worker-0] INFO  impl.RaftServerImpl (ServerState.java:close(385)) - d9ddad26-0ab8-49f0-a7fe-969d04a2d023@group-975C9BA71A40: closes. applyIndex: 0
2019-09-26 18:38:59,984 [main] INFO  impl.RoleInfo (RoleInfo.java:shutdownFollowerState(121)) - 892de89a-e065-4df4-9984-8695982985db: shutdown FollowerState
2019-09-26 18:38:59,984 [d9ddad26-0ab8-49f0-a7fe-969d04a2d023@group-975C9BA71A40-SegmentedRaftLogWorker] INFO  segmented.SegmentedRaftLogWorker (SegmentedRaftLogWorker.java:run(313)) - d9ddad26-0ab8-49f0-a7fe-969d04a2d023@group-975C9BA71A40-SegmentedRaftLogWorker was interrupted, exiting. There are 0 tasks remaining in the queue.
2019-09-26 18:38:59,984 [main] INFO  impl.StateMachineUpdater (StateMachineUpdater.java:stopAndJoin(125)) - 892de89a-e065-4df4-9984-8695982985db@group-63552BB98623-StateMachineUpdater: set stopIndex = 0
2019-09-26 18:38:59,986 [ForkJoinPool.commonPool-worker-0] INFO  segmented.SegmentedRaftLogWorker (SegmentedRaftLogWorker.java:close(228)) - d9ddad26-0ab8-49f0-a7fe-969d04a2d023@group-975C9BA71A40-SegmentedRaftLogWorker close()
2019-09-26 18:38:59,984 [Thread-374] INFO  impl.FollowerState (FollowerState.java:run(115)) - 892de89a-e065-4df4-9984-8695982985db: FollowerState was interrupted: java.lang.InterruptedException: sleep interrupted
2019-09-26 18:38:59,989 [ForkJoinPool.commonPool-worker-0] INFO  impl.RaftServerImpl (RaftServerImpl.java:lambda$shutdown$3(251)) - d9ddad26-0ab8-49f0-a7fe-969d04a2d023@group-679C4209A422: shutdown
2019-09-26 18:38:59,987 [main] INFO  impl.RaftServerImpl (ServerState.java:close(385)) - 892de89a-e065-4df4-9984-8695982985db@group-63552BB98623: closes. applyIndex: 0
2019-09-26 18:38:59,990 [ForkJoinPool.commonPool-worker-0] INFO  util.JmxRegister (JmxRegister.java:unregister(73)) - Successfully un-registered JMX Bean with object name Ratis:service=RaftServer,group=group-679C4209A422,id=d9ddad26-0ab8-49f0-a7fe-969d04a2d023
2019-09-26 18:38:59,990 [892de89a-e065-4df4-9984-8695982985db@group-63552BB98623-SegmentedRaftLogWorker] INFO  segmented.SegmentedRaftLogWorker (SegmentedRaftLogWorker.java:run(313)) - 892de89a-e065-4df4-9984-8695982985db@group-63552BB98623-SegmentedRaftLogWorker was interrupted, exiting. There are 0 tasks remaining in the queue.
2019-09-26 18:38:59,990 [ForkJoinPool.commonPool-worker-0] INFO  impl.RoleInfo (RoleInfo.java:shutdownLeaderState(104)) - d9ddad26-0ab8-49f0-a7fe-969d04a2d023: shutdown LeaderState
2019-09-26 18:38:59,992 [main] INFO  segmented.SegmentedRaftLogWorker (SegmentedRaftLogWorker.java:close(228)) - 892de89a-e065-4df4-9984-8695982985db@group-63552BB98623-SegmentedRaftLogWorker close()
2019-09-26 18:38:59,996 [ForkJoinPool.commonPool-worker-0] INFO  impl.PendingRequests (PendingRequests.java:sendNotLeaderResponses(202)) - d9ddad26-0ab8-49f0-a7fe-969d04a2d023-PendingRequests: sendNotLeaderResponses
2019-09-26 18:39:00,006 [main] INFO  impl.RaftServerImpl (RaftServerImpl.java:lambda$shutdown$3(251)) - 892de89a-e065-4df4-9984-8695982985db@group-287C9A6E0F5A: shutdown
2019-09-26 18:38:59,996 [org.apache.ratis.server.impl.LogAppender$AppenderDaemon$$Lambda$379/190330458@5460f390] WARN  server.GrpcLogAppender (GrpcLogAppender.java:mayWait(143)) - d9ddad26-0ab8-49f0-a7fe-969d04a2d023@group-679C4209A422->eadf7083-a0e2-4fdb-9f41-5b7503e65173-GrpcLogAppender: Wait interrupted by java.lang.InterruptedException
2019-09-26 18:38:59,996 [org.apache.ratis.server.impl.LogAppender$AppenderDaemon$$Lambda$379/190330458@4cf9b09c] WARN  server.GrpcLogAppender (GrpcLogAppender.java:mayWait(143)) - d9ddad26-0ab8-49f0-a7fe-969d04a2d023@group-679C4209A422->ff546a1f-819d-426e-b61a-e2a594c97aae-GrpcLogAppender: Wait interrupted by java.lang.InterruptedException
2019-09-26 18:39:00,006 [main] INFO  util.JmxRegister (JmxRegister.java:unregister(73)) - Successfully un-registered JMX Bean with object name Ratis:service=RaftServer,group=group-287C9A6E0F5A,id=892de89a-e065-4df4-9984-8695982985db
2019-09-26 18:39:00,006 [ForkJoinPool.commonPool-worker-0] INFO  impl.StateMachineUpdater (StateMachineUpdater.java:stopAndJoin(125)) - d9ddad26-0ab8-49f0-a7fe-969d04a2d023@group-679C4209A422-StateMachineUpdater: set stopIndex = 0
2019-09-26 18:39:00,007 [main] INFO  impl.RoleInfo (RoleInfo.java:shutdownLeaderState(104)) - 892de89a-e065-4df4-9984-8695982985db: shutdown LeaderState
2019-09-26 18:39:00,007 [ForkJoinPool.commonPool-worker-0] INFO  impl.RaftServerImpl (ServerState.java:close(385)) - d9ddad26-0ab8-49f0-a7fe-969d04a2d023@group-679C4209A422: closes. applyIndex: 0
2019-09-26 18:39:00,008 [main] INFO  impl.PendingRequests (PendingRequests.java:sendNotLeaderResponses(202)) - 892de89a-e065-4df4-9984-8695982985db-PendingRequests: sendNotLeaderResponses
2019-09-26 18:39:00,008 [d9ddad26-0ab8-49f0-a7fe-969d04a2d023@group-679C4209A422-SegmentedRaftLogWorker] INFO  segmented.SegmentedRaftLogWorker (SegmentedRaftLogWorker.java:run(313)) - d9ddad26-0ab8-49f0-a7fe-969d04a2d023@group-679C4209A422-SegmentedRaftLogWorker was interrupted, exiting. There are 0 tasks remaining in the queue.
2019-09-26 18:39:00,009 [ForkJoinPool.commonPool-worker-0] INFO  segmented.SegmentedRaftLogWorker (SegmentedRaftLogWorker.java:close(228)) - d9ddad26-0ab8-49f0-a7fe-969d04a2d023@group-679C4209A422-SegmentedRaftLogWorker close()
2019-09-26 18:39:00,009 [main] INFO  impl.StateMachineUpdater (StateMachineUpdater.java:stopAndJoin(125)) - 892de89a-e065-4df4-9984-8695982985db@group-287C9A6E0F5A-StateMachineUpdater: set stopIndex = 0
2019-09-26 18:39:00,011 [ForkJoinPool.commonPool-worker-0] INFO  server.GrpcService (GrpcService.java:closeImpl(164)) - d9ddad26-0ab8-49f0-a7fe-969d04a2d023: shutdown server with port 36608 now
2019-09-26 18:39:00,011 [main] INFO  impl.RaftServerImpl (ServerState.java:close(385)) - 892de89a-e065-4df4-9984-8695982985db@group-287C9A6E0F5A: closes. applyIndex: 0
2019-09-26 18:39:00,012 [ForkJoinPool.commonPool-worker-0] INFO  server.GrpcService (GrpcService.java:closeImpl(172)) - d9ddad26-0ab8-49f0-a7fe-969d04a2d023: shutdown server with port 36608 successfully
2019-09-26 18:39:00,012 [892de89a-e065-4df4-9984-8695982985db@group-287C9A6E0F5A-SegmentedRaftLogWorker] INFO  segmented.SegmentedRaftLogWorker (SegmentedRaftLogWorker.java:run(313)) - 892de89a-e065-4df4-9984-8695982985db@group-287C9A6E0F5A-SegmentedRaftLogWorker was interrupted, exiting. There are 0 tasks remaining in the queue.
2019-09-26 18:39:00,013 [main] INFO  segmented.SegmentedRaftLogWorker (SegmentedRaftLogWorker.java:close(228)) - 892de89a-e065-4df4-9984-8695982985db@group-287C9A6E0F5A-SegmentedRaftLogWorker close()
2019-09-26 18:39:00,015 [main] INFO  server.GrpcService (GrpcService.java:closeImpl(164)) - 892de89a-e065-4df4-9984-8695982985db: shutdown server with port 38189 now
2019-09-26 18:39:00,018 [grpc-default-executor-1] WARN  server.GrpcServerProtocolService (LogUtils.java:warn(134)) - 892de89a-e065-4df4-9984-8695982985db: installSnapshot onError, lastRequest: bea5dbfa-30de-4207-bffd-4513ad20f3de->892de89a-e065-4df4-9984-8695982985db#49-t1, previous=(t:1, i:0), leaderCommit=0, initializing? false, entries: <empty>: org.apache.ratis.thirdparty.io.grpc.StatusRuntimeException: CANCELLED: cancelled before receiving half close
2019-09-26 18:39:00,018 [main] INFO  server.GrpcService (GrpcService.java:closeImpl(172)) - 892de89a-e065-4df4-9984-8695982985db: shutdown server with port 38189 successfully
2019-09-26 18:39:00,019 [grpc-default-executor-7] WARN  server.GrpcLogAppender (LogUtils.java:warn(134)) - bea5dbfa-30de-4207-bffd-4513ad20f3de@group-63552BB98623->892de89a-e065-4df4-9984-8695982985db-AppendLogResponseHandler: Failed appendEntries: org.apache.ratis.thirdparty.io.grpc.StatusRuntimeException: CANCELLED: HTTP/2 error code: CANCEL
Received Rst Stream
2019-09-26 18:39:00,020 [grpc-default-executor-7] INFO  impl.FollowerInfo (FollowerInfo.java:lambda$new$0(51)) - bea5dbfa-30de-4207-bffd-4513ad20f3de@group-63552BB98623->892de89a-e065-4df4-9984-8695982985db: nextIndex: updateUnconditionally 1 -> 0
2019-09-26 18:39:00,023 [refreshUsed-/workdir/hadoop-ozone/integration-test/target/test-dir/MiniOzoneClusterImpl-92b4b651-8b24-41a6-8b84-80731fec252a/datanode-4/data/containers] WARN  fs.CachingGetSpaceUsed (CachingGetSpaceUsed.java:run(183)) - Thread Interrupted waiting to refresh disk information: sleep interrupted
2019-09-26 18:39:00,035 [refreshUsed-/workdir/hadoop-ozone/integration-test/target/test-dir/MiniOzoneClusterImpl-92b4b651-8b24-41a6-8b84-80731fec252a/datanode-8/data/containers] WARN  fs.CachingGetSpaceUsed (CachingGetSpaceUsed.java:run(183)) - Thread Interrupted waiting to refresh disk information: sleep interrupted
2019-09-26 18:39:00,052 [ForkJoinPool.commonPool-worker-0] INFO  utils.BackgroundService (BackgroundService.java:shutdown(148)) - Shutting down service BlockDeletingService
2019-09-26 18:39:00,052 [grpc-default-executor-3] WARN  server.GrpcLogAppender (LogUtils.java:warn(134)) - bf3c4117-d6f7-43a2-8fa2-683a0803af33@group-301C09F844F1->00c41e76-79a8-40eb-9119-484acb6de979-AppendLogResponseHandler: Failed appendEntries: org.apache.ratis.thirdparty.io.grpc.StatusRuntimeException: UNAVAILABLE: io exception
2019-09-26 18:39:00,054 [grpc-default-executor-3] INFO  impl.FollowerInfo (FollowerInfo.java:lambda$new$0(51)) - bf3c4117-d6f7-43a2-8fa2-683a0803af33@group-301C09F844F1->00c41e76-79a8-40eb-9119-484acb6de979: nextIndex: updateUnconditionally 0 -> 0
2019-09-26 18:39:00,057 [main] INFO  utils.BackgroundService (BackgroundService.java:shutdown(148)) - Shutting down service BlockDeletingService
2019-09-26 18:39:00,058 [ForkJoinPool.commonPool-worker-0] INFO  statemachine.DatanodeStateMachine (DatanodeStateMachine.java:stopDaemon(395)) - Ozone container server stopped.
2019-09-26 18:39:00,065 [main] INFO  statemachine.DatanodeStateMachine (DatanodeStateMachine.java:stopDaemon(395)) - Ozone container server stopped.
2019-09-26 18:39:00,066 [ForkJoinPool.commonPool-worker-0] INFO  handler.ContextHandler (ContextHandler.java:doStop(910)) - Stopped o.e.j.w.WebAppContext@53cf9c99{/,null,UNAVAILABLE}{/hddsDatanode}
2019-09-26 18:39:00,067 [ForkJoinPool.commonPool-worker-0] INFO  server.AbstractConnector (AbstractConnector.java:doStop(318)) - Stopped ServerConnector@7b306b9f{HTTP/1.1,[http/1.1]}{0.0.0.0:0}
2019-09-26 18:39:00,067 [main] INFO  handler.ContextHandler (ContextHandler.java:doStop(910)) - Stopped o.e.j.w.WebAppContext@2373ad99{/,null,UNAVAILABLE}{/hddsDatanode}
2019-09-26 18:39:00,068 [ForkJoinPool.commonPool-worker-0] INFO  handler.ContextHandler (ContextHandler.java:doStop(910)) - Stopped o.e.j.s.ServletContextHandler@2cae9b8{/static,jar:file:/home/user/.m2/repository/org/apache/hadoop/hadoop-hdds-container-service/0.5.0-SNAPSHOT/hadoop-hdds-container-service-0.5.0-SNAPSHOT.jar!/webapps/static,UNAVAILABLE}
2019-09-26 18:39:00,069 [ForkJoinPool.commonPool-worker-0] INFO  handler.ContextHandler (ContextHandler.java:doStop(910)) - Stopped o.e.j.s.ServletContextHandler@67e13bd0{/logs,file:///workdir/hadoop-ozone/integration-test/target/log,UNAVAILABLE}
2019-09-26 18:39:00,070 [main] INFO  server.AbstractConnector (AbstractConnector.java:doStop(318)) - Stopped ServerConnector@33634f04{HTTP/1.1,[http/1.1]}{0.0.0.0:0}
2019-09-26 18:39:00,070 [main] INFO  handler.ContextHandler (ContextHandler.java:doStop(910)) - Stopped o.e.j.s.ServletContextHandler@72e295cc{/static,jar:file:/home/user/.m2/repository/org/apache/hadoop/hadoop-hdds-container-service/0.5.0-SNAPSHOT/hadoop-hdds-container-service-0.5.0-SNAPSHOT.jar!/webapps/static,UNAVAILABLE}
2019-09-26 18:39:00,071 [main] INFO  handler.ContextHandler (ContextHandler.java:doStop(910)) - Stopped o.e.j.s.ServletContextHandler@6d11ceef{/logs,file:///workdir/hadoop-ozone/integration-test/target/log,UNAVAILABLE}
2019-09-26 18:39:00,582 [Datanode State Machine Thread - 0] INFO  statemachine.DatanodeStateMachine (DatanodeStateMachine.java:lambda$startDaemon$0(350)) - Ozone container server started.
2019-09-26 18:39:00,588 [Datanode State Machine Thread - 0] INFO  statemachine.DatanodeStateMachine (DatanodeStateMachine.java:lambda$startDaemon$0(350)) - Ozone container server started.
2019-09-26 18:39:02,472 [grpc-default-executor-7] WARN  server.GrpcLogAppender (LogUtils.java:warn(134)) - bea5dbfa-30de-4207-bffd-4513ad20f3de@group-63552BB98623->f5f4fe3e-62aa-486e-b3bf-625e48bce7a6-AppendLogResponseHandler: Failed appendEntries: org.apache.ratis.thirdparty.io.grpc.StatusRuntimeException: UNAVAILABLE: io exception
2019-09-26 18:39:02,474 [grpc-default-executor-7] INFO  impl.FollowerInfo (FollowerInfo.java:lambda$new$0(51)) - bea5dbfa-30de-4207-bffd-4513ad20f3de@group-63552BB98623->f5f4fe3e-62aa-486e-b3bf-625e48bce7a6: nextIndex: updateUnconditionally 0 -> 0
2019-09-26 18:39:02,505 [grpc-default-executor-1] WARN  server.GrpcLogAppender (LogUtils.java:warn(134)) - bea5dbfa-30de-4207-bffd-4513ad20f3de@group-63552BB98623->892de89a-e065-4df4-9984-8695982985db-AppendLogResponseHandler: Failed appendEntries: org.apache.ratis.thirdparty.io.grpc.StatusRuntimeException: UNAVAILABLE: io exception
2019-09-26 18:39:02,507 [grpc-default-executor-1] INFO  impl.FollowerInfo (FollowerInfo.java:lambda$new$0(51)) - bea5dbfa-30de-4207-bffd-4513ad20f3de@group-63552BB98623->892de89a-e065-4df4-9984-8695982985db: nextIndex: updateUnconditionally 0 -> 0
2019-09-26 18:39:02,556 [grpc-default-executor-1] WARN  server.GrpcLogAppender (LogUtils.java:warn(134)) - bf3c4117-d6f7-43a2-8fa2-683a0803af33@group-301C09F844F1->00c41e76-79a8-40eb-9119-484acb6de979-AppendLogResponseHandler: Failed appendEntries: org.apache.ratis.thirdparty.io.grpc.StatusRuntimeException: UNAVAILABLE: io exception
2019-09-26 18:39:02,558 [grpc-default-executor-1] INFO  impl.FollowerInfo (FollowerInfo.java:lambda$new$0(51)) - bf3c4117-d6f7-43a2-8fa2-683a0803af33@group-301C09F844F1->00c41e76-79a8-40eb-9119-484acb6de979: nextIndex: updateUnconditionally 0 -> 0
2019-09-26 18:39:04,984 [grpc-default-executor-1] WARN  server.GrpcLogAppender (LogUtils.java:warn(134)) - bea5dbfa-30de-4207-bffd-4513ad20f3de@group-63552BB98623->f5f4fe3e-62aa-486e-b3bf-625e48bce7a6-AppendLogResponseHandler: Failed appendEntries: org.apache.ratis.thirdparty.io.grpc.StatusRuntimeException: UNAVAILABLE: io exception
2019-09-26 18:39:04,986 [grpc-default-executor-1] INFO  impl.FollowerInfo (FollowerInfo.java:lambda$new$0(51)) - bea5dbfa-30de-4207-bffd-4513ad20f3de@group-63552BB98623->f5f4fe3e-62aa-486e-b3bf-625e48bce7a6: nextIndex: updateUnconditionally 0 -> 0
2019-09-26 18:39:04,999 [grpc-default-executor-3] WARN  server.GrpcLogAppender (LogUtils.java:warn(134)) - bea5dbfa-30de-4207-bffd-4513ad20f3de@group-63552BB98623->892de89a-e065-4df4-9984-8695982985db-AppendLogResponseHandler: Failed appendEntries: org.apache.ratis.thirdparty.io.grpc.StatusRuntimeException: UNAVAILABLE: io exception
2019-09-26 18:39:05,001 [grpc-default-executor-3] INFO  impl.FollowerInfo (FollowerInfo.java:lambda$new$0(51)) - bea5dbfa-30de-4207-bffd-4513ad20f3de@group-63552BB98623->892de89a-e065-4df4-9984-8695982985db: nextIndex: updateUnconditionally 0 -> 0
2019-09-26 18:39:05,059 [grpc-default-executor-7] WARN  server.GrpcLogAppender (LogUtils.java:warn(134)) - bf3c4117-d6f7-43a2-8fa2-683a0803af33@group-301C09F844F1->00c41e76-79a8-40eb-9119-484acb6de979-AppendLogResponseHandler: Failed appendEntries: org.apache.ratis.thirdparty.io.grpc.StatusRuntimeException: UNAVAILABLE: io exception
2019-09-26 18:39:05,061 [grpc-default-executor-7] INFO  impl.FollowerInfo (FollowerInfo.java:lambda$new$0(51)) - bf3c4117-d6f7-43a2-8fa2-683a0803af33@group-301C09F844F1->00c41e76-79a8-40eb-9119-484acb6de979: nextIndex: updateUnconditionally 0 -> 0
2019-09-26 18:39:05,071 [ForkJoinPool.commonPool-worker-0] INFO  ozoneimpl.OzoneContainer (OzoneContainer.java:stop(231)) - Attempting to stop container services.
2019-09-26 18:39:05,071 [ForkJoinPool.commonPool-worker-0] INFO  impl.RaftServerProxy (RaftServerProxy.java:lambda$close$4(314)) - bea5dbfa-30de-4207-bffd-4513ad20f3de: close
2019-09-26 18:39:05,071 [ForkJoinPool.commonPool-worker-0] INFO  impl.RaftServerImpl (RaftServerImpl.java:lambda$shutdown$3(251)) - bea5dbfa-30de-4207-bffd-4513ad20f3de@group-63552BB98623: shutdown
2019-09-26 18:39:05,072 [ForkJoinPool.commonPool-worker-0] INFO  util.JmxRegister (JmxRegister.java:unregister(73)) - Successfully un-registered JMX Bean with object name Ratis:service=RaftServer,group=group-63552BB98623,id=bea5dbfa-30de-4207-bffd-4513ad20f3de
2019-09-26 18:39:05,072 [ForkJoinPool.commonPool-worker-0] INFO  impl.RoleInfo (RoleInfo.java:shutdownLeaderState(104)) - bea5dbfa-30de-4207-bffd-4513ad20f3de: shutdown LeaderState
2019-09-26 18:39:05,072 [main] INFO  ozoneimpl.OzoneContainer (OzoneContainer.java:stop(231)) - Attempting to stop container services.
2019-09-26 18:39:05,075 [org.apache.ratis.server.impl.LogAppender$AppenderDaemon$$Lambda$379/190330458@275bd63c] WARN  server.GrpcLogAppender (GrpcLogAppender.java:mayWait(143)) - bea5dbfa-30de-4207-bffd-4513ad20f3de@group-63552BB98623->892de89a-e065-4df4-9984-8695982985db-GrpcLogAppender: Wait interrupted by java.lang.InterruptedException
2019-09-26 18:39:05,075 [ForkJoinPool.commonPool-worker-0] INFO  impl.PendingRequests (PendingRequests.java:sendNotLeaderResponses(202)) - bea5dbfa-30de-4207-bffd-4513ad20f3de-PendingRequests: sendNotLeaderResponses
2019-09-26 18:39:05,075 [org.apache.ratis.server.impl.LogAppender$AppenderDaemon$$Lambda$379/190330458@beebe05] WARN  server.GrpcLogAppender (GrpcLogAppender.java:mayWait(143)) - bea5dbfa-30de-4207-bffd-4513ad20f3de@group-63552BB98623->f5f4fe3e-62aa-486e-b3bf-625e48bce7a6-GrpcLogAppender: Wait interrupted by java.lang.InterruptedException
2019-09-26 18:39:05,075 [ForkJoinPool.commonPool-worker-0] INFO  impl.StateMachineUpdater (StateMachineUpdater.java:stopAndJoin(125)) - bea5dbfa-30de-4207-bffd-4513ad20f3de@group-63552BB98623-StateMachineUpdater: set stopIndex = 0
2019-09-26 18:39:05,075 [main] INFO  impl.RaftServerProxy (RaftServerProxy.java:lambda$close$4(314)) - 89e89465-9fce-4c3b-a1bc-18cf0cb439b7: close
2019-09-26 18:39:05,077 [ForkJoinPool.commonPool-worker-0] INFO  impl.RaftServerImpl (ServerState.java:close(385)) - bea5dbfa-30de-4207-bffd-4513ad20f3de@group-63552BB98623: closes. applyIndex: 0
2019-09-26 18:39:05,077 [main] INFO  impl.RaftServerImpl (RaftServerImpl.java:lambda$shutdown$3(251)) - 89e89465-9fce-4c3b-a1bc-18cf0cb439b7@group-C0FD4DB3A560: shutdown
2019-09-26 18:39:05,077 [bea5dbfa-30de-4207-bffd-4513ad20f3de@group-63552BB98623-SegmentedRaftLogWorker] INFO  segmented.SegmentedRaftLogWorker (SegmentedRaftLogWorker.java:run(313)) - bea5dbfa-30de-4207-bffd-4513ad20f3de@group-63552BB98623-SegmentedRaftLogWorker was interrupted, exiting. There are 0 tasks remaining in the queue.
2019-09-26 18:39:05,078 [main] INFO  util.JmxRegister (JmxRegister.java:unregister(73)) - Successfully un-registered JMX Bean with object name Ratis:service=RaftServer,group=group-C0FD4DB3A560,id=89e89465-9fce-4c3b-a1bc-18cf0cb439b7
2019-09-26 18:39:05,078 [ForkJoinPool.commonPool-worker-0] INFO  segmented.SegmentedRaftLogWorker (SegmentedRaftLogWorker.java:close(228)) - bea5dbfa-30de-4207-bffd-4513ad20f3de@group-63552BB98623-SegmentedRaftLogWorker close()
2019-09-26 18:39:05,078 [main] INFO  impl.RoleInfo (RoleInfo.java:shutdownLeaderState(104)) - 89e89465-9fce-4c3b-a1bc-18cf0cb439b7: shutdown LeaderState
2019-09-26 18:39:05,079 [ForkJoinPool.commonPool-worker-0] INFO  impl.RaftServerImpl (RaftServerImpl.java:lambda$shutdown$3(251)) - bea5dbfa-30de-4207-bffd-4513ad20f3de@group-5C01FDF9F4B1: shutdown
2019-09-26 18:39:05,080 [main] INFO  impl.PendingRequests (PendingRequests.java:sendNotLeaderResponses(202)) - 89e89465-9fce-4c3b-a1bc-18cf0cb439b7-PendingRequests: sendNotLeaderResponses
2019-09-26 18:39:05,080 [ForkJoinPool.commonPool-worker-0] INFO  util.JmxRegister (JmxRegister.java:unregister(73)) - Successfully un-registered JMX Bean with object name Ratis:service=RaftServer,group=group-5C01FDF9F4B1,id=bea5dbfa-30de-4207-bffd-4513ad20f3de
2019-09-26 18:39:05,080 [main] INFO  impl.StateMachineUpdater (StateMachineUpdater.java:stopAndJoin(125)) - 89e89465-9fce-4c3b-a1bc-18cf0cb439b7@group-C0FD4DB3A560-StateMachineUpdater: set stopIndex = 0
2019-09-26 18:39:05,080 [ForkJoinPool.commonPool-worker-0] INFO  impl.RoleInfo (RoleInfo.java:shutdownLeaderState(104)) - bea5dbfa-30de-4207-bffd-4513ad20f3de: shutdown LeaderState
2019-09-26 18:39:05,081 [main] INFO  impl.RaftServerImpl (ServerState.java:close(385)) - 89e89465-9fce-4c3b-a1bc-18cf0cb439b7@group-C0FD4DB3A560: closes. applyIndex: 0
2019-09-26 18:39:05,081 [ForkJoinPool.commonPool-worker-0] INFO  impl.PendingRequests (PendingRequests.java:sendNotLeaderResponses(202)) - bea5dbfa-30de-4207-bffd-4513ad20f3de-PendingRequests: sendNotLeaderResponses
2019-09-26 18:39:05,081 [89e89465-9fce-4c3b-a1bc-18cf0cb439b7@group-C0FD4DB3A560-SegmentedRaftLogWorker] INFO  segmented.SegmentedRaftLogWorker (SegmentedRaftLogWorker.java:run(313)) - 89e89465-9fce-4c3b-a1bc-18cf0cb439b7@group-C0FD4DB3A560-SegmentedRaftLogWorker was interrupted, exiting. There are 0 tasks remaining in the queue.
2019-09-26 18:39:05,081 [ForkJoinPool.commonPool-worker-0] INFO  impl.StateMachineUpdater (StateMachineUpdater.java:stopAndJoin(125)) - bea5dbfa-30de-4207-bffd-4513ad20f3de@group-5C01FDF9F4B1-StateMachineUpdater: set stopIndex = 0
2019-09-26 18:39:05,082 [main] INFO  segmented.SegmentedRaftLogWorker (SegmentedRaftLogWorker.java:close(228)) - 89e89465-9fce-4c3b-a1bc-18cf0cb439b7@group-C0FD4DB3A560-SegmentedRaftLogWorker close()
2019-09-26 18:39:05,083 [ForkJoinPool.commonPool-worker-0] INFO  impl.RaftServerImpl (ServerState.java:close(385)) - bea5dbfa-30de-4207-bffd-4513ad20f3de@group-5C01FDF9F4B1: closes. applyIndex: 0
2019-09-26 18:39:05,084 [main] INFO  server.GrpcService (GrpcService.java:closeImpl(164)) - 89e89465-9fce-4c3b-a1bc-18cf0cb439b7: shutdown server with port 33450 now
2019-09-26 18:39:05,085 [bea5dbfa-30de-4207-bffd-4513ad20f3de@group-5C01FDF9F4B1-SegmentedRaftLogWorker] INFO  segmented.SegmentedRaftLogWorker (SegmentedRaftLogWorker.java:run(313)) - bea5dbfa-30de-4207-bffd-4513ad20f3de@group-5C01FDF9F4B1-SegmentedRaftLogWorker was interrupted, exiting. There are 0 tasks remaining in the queue.
2019-09-26 18:39:05,086 [ForkJoinPool.commonPool-worker-0] INFO  segmented.SegmentedRaftLogWorker (SegmentedRaftLogWorker.java:close(228)) - bea5dbfa-30de-4207-bffd-4513ad20f3de@group-5C01FDF9F4B1-SegmentedRaftLogWorker close()
2019-09-26 18:39:05,086 [main] INFO  server.GrpcService (GrpcService.java:closeImpl(172)) - 89e89465-9fce-4c3b-a1bc-18cf0cb439b7: shutdown server with port 33450 successfully
2019-09-26 18:39:05,087 [ForkJoinPool.commonPool-worker-0] INFO  server.GrpcService (GrpcService.java:closeImpl(164)) - bea5dbfa-30de-4207-bffd-4513ad20f3de: shutdown server with port 38435 now
2019-09-26 18:39:05,089 [refreshUsed-/workdir/hadoop-ozone/integration-test/target/test-dir/MiniOzoneClusterImpl-92b4b651-8b24-41a6-8b84-80731fec252a/datanode-9/data/containers] WARN  fs.CachingGetSpaceUsed (CachingGetSpaceUsed.java:run(183)) - Thread Interrupted waiting to refresh disk information: sleep interrupted
2019-09-26 18:39:05,091 [ForkJoinPool.commonPool-worker-0] INFO  server.GrpcService (GrpcService.java:closeImpl(172)) - bea5dbfa-30de-4207-bffd-4513ad20f3de: shutdown server with port 38435 successfully
2019-09-26 18:39:05,093 [refreshUsed-/workdir/hadoop-ozone/integration-test/target/test-dir/MiniOzoneClusterImpl-92b4b651-8b24-41a6-8b84-80731fec252a/datanode-0/data/containers] WARN  fs.CachingGetSpaceUsed (CachingGetSpaceUsed.java:run(183)) - Thread Interrupted waiting to refresh disk information: sleep interrupted
2019-09-26 18:39:05,117 [ForkJoinPool.commonPool-worker-0] INFO  utils.BackgroundService (BackgroundService.java:shutdown(148)) - Shutting down service BlockDeletingService
2019-09-26 18:39:05,120 [ForkJoinPool.commonPool-worker-0] INFO  statemachine.DatanodeStateMachine (DatanodeStateMachine.java:stopDaemon(395)) - Ozone container server stopped.
2019-09-26 18:39:05,123 [main] INFO  utils.BackgroundService (BackgroundService.java:shutdown(148)) - Shutting down service BlockDeletingService
2019-09-26 18:39:05,123 [ForkJoinPool.commonPool-worker-0] INFO  handler.ContextHandler (ContextHandler.java:doStop(910)) - Stopped o.e.j.w.WebAppContext@5b852b49{/,null,UNAVAILABLE}{/hddsDatanode}
2019-09-26 18:39:05,126 [main] INFO  statemachine.DatanodeStateMachine (DatanodeStateMachine.java:stopDaemon(395)) - Ozone container server stopped.
2019-09-26 18:39:05,126 [ForkJoinPool.commonPool-worker-0] INFO  server.AbstractConnector (AbstractConnector.java:doStop(318)) - Stopped ServerConnector@cdb2d95{HTTP/1.1,[http/1.1]}{0.0.0.0:0}
2019-09-26 18:39:05,128 [ForkJoinPool.commonPool-worker-0] INFO  handler.ContextHandler (ContextHandler.java:doStop(910)) - Stopped o.e.j.s.ServletContextHandler@26dc9bd5{/static,jar:file:/home/user/.m2/repository/org/apache/hadoop/hadoop-hdds-container-service/0.5.0-SNAPSHOT/hadoop-hdds-container-service-0.5.0-SNAPSHOT.jar!/webapps/static,UNAVAILABLE}
2019-09-26 18:39:05,129 [main] INFO  handler.ContextHandler (ContextHandler.java:doStop(910)) - Stopped o.e.j.w.WebAppContext@47c40b56{/,null,UNAVAILABLE}{/hddsDatanode}
2019-09-26 18:39:05,129 [ForkJoinPool.commonPool-worker-0] INFO  handler.ContextHandler (ContextHandler.java:doStop(910)) - Stopped o.e.j.s.ServletContextHandler@102ecc22{/logs,file:///workdir/hadoop-ozone/integration-test/target/log,UNAVAILABLE}
2019-09-26 18:39:05,130 [main] INFO  server.AbstractConnector (AbstractConnector.java:doStop(318)) - Stopped ServerConnector@4b039c6d{HTTP/1.1,[http/1.1]}{0.0.0.0:0}
2019-09-26 18:39:05,130 [main] INFO  handler.ContextHandler (ContextHandler.java:doStop(910)) - Stopped o.e.j.s.ServletContextHandler@737d100a{/static,jar:file:/home/user/.m2/repository/org/apache/hadoop/hadoop-hdds-container-service/0.5.0-SNAPSHOT/hadoop-hdds-container-service-0.5.0-SNAPSHOT.jar!/webapps/static,UNAVAILABLE}
2019-09-26 18:39:05,130 [main] INFO  handler.ContextHandler (ContextHandler.java:doStop(910)) - Stopped o.e.j.s.ServletContextHandler@5ad5be4a{/logs,file:///workdir/hadoop-ozone/integration-test/target/log,UNAVAILABLE}
2019-09-26 18:39:05,572 [Datanode State Machine Thread - 0] INFO  statemachine.DatanodeStateMachine (DatanodeStateMachine.java:lambda$startDaemon$0(350)) - Ozone container server started.
2019-09-26 18:39:06,067 [Datanode State Machine Thread - 0] INFO  statemachine.DatanodeStateMachine (DatanodeStateMachine.java:lambda$startDaemon$0(350)) - Ozone container server started.
2019-09-26 18:39:07,562 [grpc-default-executor-1] WARN  server.GrpcLogAppender (LogUtils.java:warn(134)) - bf3c4117-d6f7-43a2-8fa2-683a0803af33@group-301C09F844F1->00c41e76-79a8-40eb-9119-484acb6de979-AppendLogResponseHandler: Failed appendEntries: org.apache.ratis.thirdparty.io.grpc.StatusRuntimeException: UNAVAILABLE: io exception
2019-09-26 18:39:07,565 [grpc-default-executor-1] INFO  impl.FollowerInfo (FollowerInfo.java:lambda$new$0(51)) - bf3c4117-d6f7-43a2-8fa2-683a0803af33@group-301C09F844F1->00c41e76-79a8-40eb-9119-484acb6de979: nextIndex: updateUnconditionally 0 -> 0
2019-09-26 18:39:10,063 [grpc-default-executor-7] WARN  server.GrpcLogAppender (LogUtils.java:warn(134)) - bf3c4117-d6f7-43a2-8fa2-683a0803af33@group-301C09F844F1->00c41e76-79a8-40eb-9119-484acb6de979-AppendLogResponseHandler: Failed appendEntries: org.apache.ratis.thirdparty.io.grpc.StatusRuntimeException: UNAVAILABLE: io exception
2019-09-26 18:39:10,064 [grpc-default-executor-7] INFO  impl.FollowerInfo (FollowerInfo.java:lambda$new$0(51)) - bf3c4117-d6f7-43a2-8fa2-683a0803af33@group-301C09F844F1->00c41e76-79a8-40eb-9119-484acb6de979: nextIndex: updateUnconditionally 0 -> 0
2019-09-26 18:39:10,130 [ForkJoinPool.commonPool-worker-0] INFO  ozoneimpl.OzoneContainer (OzoneContainer.java:stop(231)) - Attempting to stop container services.
2019-09-26 18:39:10,130 [ForkJoinPool.commonPool-worker-0] INFO  impl.RaftServerProxy (RaftServerProxy.java:lambda$close$4(314)) - 940aeb20-161d-40ce-b26e-b994753f5674: close
2019-09-26 18:39:10,131 [ForkJoinPool.commonPool-worker-0] INFO  impl.RaftServerImpl (RaftServerImpl.java:lambda$shutdown$3(251)) - 940aeb20-161d-40ce-b26e-b994753f5674@group-C437C1235EA3: shutdown
2019-09-26 18:39:10,131 [ForkJoinPool.commonPool-worker-0] INFO  util.JmxRegister (JmxRegister.java:unregister(73)) - Successfully un-registered JMX Bean with object name Ratis:service=RaftServer,group=group-C437C1235EA3,id=940aeb20-161d-40ce-b26e-b994753f5674
2019-09-26 18:39:10,131 [ForkJoinPool.commonPool-worker-0] INFO  impl.RoleInfo (RoleInfo.java:shutdownLeaderState(104)) - 940aeb20-161d-40ce-b26e-b994753f5674: shutdown LeaderState
2019-09-26 18:39:10,131 [main] INFO  ozoneimpl.OzoneContainer (OzoneContainer.java:stop(231)) - Attempting to stop container services.
2019-09-26 18:39:10,131 [ForkJoinPool.commonPool-worker-0] INFO  impl.PendingRequests (PendingRequests.java:sendNotLeaderResponses(202)) - 940aeb20-161d-40ce-b26e-b994753f5674-PendingRequests: sendNotLeaderResponses
2019-09-26 18:39:10,132 [main] INFO  impl.RaftServerProxy (RaftServerProxy.java:lambda$close$4(314)) - bf3c4117-d6f7-43a2-8fa2-683a0803af33: close
2019-09-26 18:39:10,132 [ForkJoinPool.commonPool-worker-0] INFO  impl.StateMachineUpdater (StateMachineUpdater.java:stopAndJoin(125)) - 940aeb20-161d-40ce-b26e-b994753f5674@group-C437C1235EA3-StateMachineUpdater: set stopIndex = 0
2019-09-26 18:39:10,133 [main] INFO  impl.RaftServerImpl (RaftServerImpl.java:lambda$shutdown$3(251)) - bf3c4117-d6f7-43a2-8fa2-683a0803af33@group-D1DD16E129B0: shutdown
2019-09-26 18:39:10,133 [ForkJoinPool.commonPool-worker-0] INFO  impl.RaftServerImpl (ServerState.java:close(385)) - 940aeb20-161d-40ce-b26e-b994753f5674@group-C437C1235EA3: closes. applyIndex: 0
2019-09-26 18:39:10,134 [main] INFO  util.JmxRegister (JmxRegister.java:unregister(73)) - Successfully un-registered JMX Bean with object name Ratis:service=RaftServer,group=group-D1DD16E129B0,id=bf3c4117-d6f7-43a2-8fa2-683a0803af33
2019-09-26 18:39:10,134 [940aeb20-161d-40ce-b26e-b994753f5674@group-C437C1235EA3-SegmentedRaftLogWorker] INFO  segmented.SegmentedRaftLogWorker (SegmentedRaftLogWorker.java:run(313)) - 940aeb20-161d-40ce-b26e-b994753f5674@group-C437C1235EA3-SegmentedRaftLogWorker was interrupted, exiting. There are 0 tasks remaining in the queue.
2019-09-26 18:39:10,134 [main] INFO  impl.RoleInfo (RoleInfo.java:shutdownLeaderState(104)) - bf3c4117-d6f7-43a2-8fa2-683a0803af33: shutdown LeaderState
2019-09-26 18:39:10,134 [ForkJoinPool.commonPool-worker-0] INFO  segmented.SegmentedRaftLogWorker (SegmentedRaftLogWorker.java:close(228)) - 940aeb20-161d-40ce-b26e-b994753f5674@group-C437C1235EA3-SegmentedRaftLogWorker close()
2019-09-26 18:39:10,135 [main] INFO  impl.PendingRequests (PendingRequests.java:sendNotLeaderResponses(202)) - bf3c4117-d6f7-43a2-8fa2-683a0803af33-PendingRequests: sendNotLeaderResponses
2019-09-26 18:39:10,136 [ForkJoinPool.commonPool-worker-0] INFO  impl.RaftServerImpl (RaftServerImpl.java:lambda$shutdown$3(251)) - 940aeb20-161d-40ce-b26e-b994753f5674@group-301C09F844F1: shutdown
2019-09-26 18:39:10,137 [main] INFO  impl.StateMachineUpdater (StateMachineUpdater.java:stopAndJoin(125)) - bf3c4117-d6f7-43a2-8fa2-683a0803af33@group-D1DD16E129B0-StateMachineUpdater: set stopIndex = 0
2019-09-26 18:39:10,137 [ForkJoinPool.commonPool-worker-0] INFO  util.JmxRegister (JmxRegister.java:unregister(73)) - Successfully un-registered JMX Bean with object name Ratis:service=RaftServer,group=group-301C09F844F1,id=940aeb20-161d-40ce-b26e-b994753f5674
2019-09-26 18:39:10,137 [main] INFO  impl.RaftServerImpl (ServerState.java:close(385)) - bf3c4117-d6f7-43a2-8fa2-683a0803af33@group-D1DD16E129B0: closes. applyIndex: 0
2019-09-26 18:39:10,137 [ForkJoinPool.commonPool-worker-0] INFO  impl.RoleInfo (RoleInfo.java:shutdownFollowerState(121)) - 940aeb20-161d-40ce-b26e-b994753f5674: shutdown FollowerState
2019-09-26 18:39:10,138 [ForkJoinPool.commonPool-worker-0] INFO  impl.StateMachineUpdater (StateMachineUpdater.java:stopAndJoin(125)) - 940aeb20-161d-40ce-b26e-b994753f5674@group-301C09F844F1-StateMachineUpdater: set stopIndex = 0
2019-09-26 18:39:10,138 [Thread-424] INFO  impl.FollowerState (FollowerState.java:run(115)) - 940aeb20-161d-40ce-b26e-b994753f5674: FollowerState was interrupted: java.lang.InterruptedException: sleep interrupted
2019-09-26 18:39:10,138 [bf3c4117-d6f7-43a2-8fa2-683a0803af33@group-D1DD16E129B0-SegmentedRaftLogWorker] INFO  segmented.SegmentedRaftLogWorker (SegmentedRaftLogWorker.java:run(313)) - bf3c4117-d6f7-43a2-8fa2-683a0803af33@group-D1DD16E129B0-SegmentedRaftLogWorker was interrupted, exiting. There are 0 tasks remaining in the queue.
2019-09-26 18:39:10,139 [main] INFO  segmented.SegmentedRaftLogWorker (SegmentedRaftLogWorker.java:close(228)) - bf3c4117-d6f7-43a2-8fa2-683a0803af33@group-D1DD16E129B0-SegmentedRaftLogWorker close()
2019-09-26 18:39:10,140 [ForkJoinPool.commonPool-worker-0] INFO  impl.RaftServerImpl (ServerState.java:close(385)) - 940aeb20-161d-40ce-b26e-b994753f5674@group-301C09F844F1: closes. applyIndex: 0
2019-09-26 18:39:10,141 [main] INFO  impl.RaftServerImpl (RaftServerImpl.java:lambda$shutdown$3(251)) - bf3c4117-d6f7-43a2-8fa2-683a0803af33@group-301C09F844F1: shutdown
2019-09-26 18:39:10,142 [main] INFO  util.JmxRegister (JmxRegister.java:unregister(73)) - Successfully un-registered JMX Bean with object name Ratis:service=RaftServer,group=group-301C09F844F1,id=bf3c4117-d6f7-43a2-8fa2-683a0803af33
2019-09-26 18:39:10,142 [main] INFO  impl.RoleInfo (RoleInfo.java:shutdownLeaderState(104)) - bf3c4117-d6f7-43a2-8fa2-683a0803af33: shutdown LeaderState
2019-09-26 18:39:10,141 [940aeb20-161d-40ce-b26e-b994753f5674@group-301C09F844F1-SegmentedRaftLogWorker] INFO  segmented.SegmentedRaftLogWorker (SegmentedRaftLogWorker.java:run(313)) - 940aeb20-161d-40ce-b26e-b994753f5674@group-301C09F844F1-SegmentedRaftLogWorker was interrupted, exiting. There are 0 tasks remaining in the queue.
2019-09-26 18:39:10,144 [main] INFO  impl.PendingRequests (PendingRequests.java:sendNotLeaderResponses(202)) - bf3c4117-d6f7-43a2-8fa2-683a0803af33-PendingRequests: sendNotLeaderResponses
2019-09-26 18:39:10,144 [org.apache.ratis.server.impl.LogAppender$AppenderDaemon$$Lambda$379/190330458@49f33bf5] WARN  server.GrpcLogAppender (GrpcLogAppender.java:mayWait(143)) - bf3c4117-d6f7-43a2-8fa2-683a0803af33@group-301C09F844F1->00c41e76-79a8-40eb-9119-484acb6de979-GrpcLogAppender: Wait interrupted by java.lang.InterruptedException
2019-09-26 18:39:10,145 [main] INFO  impl.StateMachineUpdater (StateMachineUpdater.java:stopAndJoin(125)) - bf3c4117-d6f7-43a2-8fa2-683a0803af33@group-301C09F844F1-StateMachineUpdater: set stopIndex = 0
2019-09-26 18:39:10,144 [org.apache.ratis.server.impl.LogAppender$AppenderDaemon$$Lambda$379/190330458@e7a35a8] WARN  server.GrpcLogAppender (GrpcLogAppender.java:mayWait(143)) - bf3c4117-d6f7-43a2-8fa2-683a0803af33@group-301C09F844F1->940aeb20-161d-40ce-b26e-b994753f5674-GrpcLogAppender: Wait interrupted by java.lang.InterruptedException
2019-09-26 18:39:10,146 [main] INFO  impl.RaftServerImpl (ServerState.java:close(385)) - bf3c4117-d6f7-43a2-8fa2-683a0803af33@group-301C09F844F1: closes. applyIndex: 0
2019-09-26 18:39:10,144 [ForkJoinPool.commonPool-worker-0] INFO  segmented.SegmentedRaftLogWorker (SegmentedRaftLogWorker.java:close(228)) - 940aeb20-161d-40ce-b26e-b994753f5674@group-301C09F844F1-SegmentedRaftLogWorker close()
2019-09-26 18:39:10,148 [bf3c4117-d6f7-43a2-8fa2-683a0803af33@group-301C09F844F1-SegmentedRaftLogWorker] INFO  segmented.SegmentedRaftLogWorker (SegmentedRaftLogWorker.java:run(313)) - bf3c4117-d6f7-43a2-8fa2-683a0803af33@group-301C09F844F1-SegmentedRaftLogWorker was interrupted, exiting. There are 0 tasks remaining in the queue.
2019-09-26 18:39:10,149 [ForkJoinPool.commonPool-worker-0] INFO  server.GrpcService (GrpcService.java:closeImpl(164)) - 940aeb20-161d-40ce-b26e-b994753f5674: shutdown server with port 34442 now
2019-09-26 18:39:10,149 [main] INFO  segmented.SegmentedRaftLogWorker (SegmentedRaftLogWorker.java:close(228)) - bf3c4117-d6f7-43a2-8fa2-683a0803af33@group-301C09F844F1-SegmentedRaftLogWorker close()
2019-09-26 18:39:10,150 [grpc-default-executor-7] INFO  server.GrpcServerProtocolService (GrpcServerProtocolService.java:onCompleted(113)) - 940aeb20-161d-40ce-b26e-b994753f5674: Completed APPEND_ENTRIES, lastRequest: bf3c4117-d6f7-43a2-8fa2-683a0803af33->940aeb20-161d-40ce-b26e-b994753f5674#51-t2, previous=(t:2, i:0), leaderCommit=0, initializing? false, entries: <empty>
2019-09-26 18:39:10,150 [main] INFO  server.GrpcService (GrpcService.java:closeImpl(164)) - bf3c4117-d6f7-43a2-8fa2-683a0803af33: shutdown server with port 33211 now
2019-09-26 18:39:10,151 [ForkJoinPool.commonPool-worker-0] INFO  server.GrpcService (GrpcService.java:closeImpl(172)) - 940aeb20-161d-40ce-b26e-b994753f5674: shutdown server with port 34442 successfully
2019-09-26 18:39:10,151 [main] INFO  server.GrpcService (GrpcService.java:closeImpl(172)) - bf3c4117-d6f7-43a2-8fa2-683a0803af33: shutdown server with port 33211 successfully
2019-09-26 18:39:10,152 [grpc-default-executor-1] INFO  server.GrpcLogAppender (GrpcLogAppender.java:onError(282)) - bf3c4117-d6f7-43a2-8fa2-683a0803af33@group-301C09F844F1->940aeb20-161d-40ce-b26e-b994753f5674-GrpcLogAppender is stopped
2019-09-26 18:39:10,153 [refreshUsed-/workdir/hadoop-ozone/integration-test/target/test-dir/MiniOzoneClusterImpl-92b4b651-8b24-41a6-8b84-80731fec252a/datanode-1/data/containers] WARN  fs.CachingGetSpaceUsed (CachingGetSpaceUsed.java:run(183)) - Thread Interrupted waiting to refresh disk information: sleep interrupted
2019-09-26 18:39:10,154 [refreshUsed-/workdir/hadoop-ozone/integration-test/target/test-dir/MiniOzoneClusterImpl-92b4b651-8b24-41a6-8b84-80731fec252a/datanode-7/data/containers] WARN  fs.CachingGetSpaceUsed (CachingGetSpaceUsed.java:run(183)) - Thread Interrupted waiting to refresh disk information: sleep interrupted
2019-09-26 18:39:10,166 [ForkJoinPool.commonPool-worker-0] INFO  utils.BackgroundService (BackgroundService.java:shutdown(148)) - Shutting down service BlockDeletingService
2019-09-26 18:39:10,168 [ForkJoinPool.commonPool-worker-0] INFO  statemachine.DatanodeStateMachine (DatanodeStateMachine.java:stopDaemon(395)) - Ozone container server stopped.
2019-09-26 18:39:10,174 [main] INFO  utils.BackgroundService (BackgroundService.java:shutdown(148)) - Shutting down service BlockDeletingService
2019-09-26 18:39:10,176 [main] INFO  statemachine.DatanodeStateMachine (DatanodeStateMachine.java:stopDaemon(395)) - Ozone container server stopped.
2019-09-26 18:39:10,188 [main] INFO  handler.ContextHandler (ContextHandler.java:doStop(910)) - Stopped o.e.j.w.WebAppContext@7a8b9166{/,null,UNAVAILABLE}{/hddsDatanode}
2019-09-26 18:39:10,188 [ForkJoinPool.commonPool-worker-0] INFO  handler.ContextHandler (ContextHandler.java:doStop(910)) - Stopped o.e.j.w.WebAppContext@58472096{/,null,UNAVAILABLE}{/hddsDatanode}
2019-09-26 18:39:10,188 [main] INFO  server.AbstractConnector (AbstractConnector.java:doStop(318)) - Stopped ServerConnector@4acc5dff{HTTP/1.1,[http/1.1]}{0.0.0.0:0}
2019-09-26 18:39:10,188 [ForkJoinPool.commonPool-worker-0] INFO  server.AbstractConnector (AbstractConnector.java:doStop(318)) - Stopped ServerConnector@a92be4f{HTTP/1.1,[http/1.1]}{0.0.0.0:0}
2019-09-26 18:39:10,189 [main] INFO  handler.ContextHandler (ContextHandler.java:doStop(910)) - Stopped o.e.j.s.ServletContextHandler@6cbd0674{/static,jar:file:/home/user/.m2/repository/org/apache/hadoop/hadoop-hdds-container-service/0.5.0-SNAPSHOT/hadoop-hdds-container-service-0.5.0-SNAPSHOT.jar!/webapps/static,UNAVAILABLE}
2019-09-26 18:39:10,189 [ForkJoinPool.commonPool-worker-0] INFO  handler.ContextHandler (ContextHandler.java:doStop(910)) - Stopped o.e.j.s.ServletContextHandler@5460b754{/static,jar:file:/home/user/.m2/repository/org/apache/hadoop/hadoop-hdds-container-service/0.5.0-SNAPSHOT/hadoop-hdds-container-service-0.5.0-SNAPSHOT.jar!/webapps/static,UNAVAILABLE}
2019-09-26 18:39:10,190 [main] INFO  handler.ContextHandler (ContextHandler.java:doStop(910)) - Stopped o.e.j.s.ServletContextHandler@6325f352{/logs,file:///workdir/hadoop-ozone/integration-test/target/log,UNAVAILABLE}
2019-09-26 18:39:10,190 [ForkJoinPool.commonPool-worker-0] INFO  handler.ContextHandler (ContextHandler.java:doStop(910)) - Stopped o.e.j.s.ServletContextHandler@620c8641{/logs,file:///workdir/hadoop-ozone/integration-test/target/log,UNAVAILABLE}
2019-09-26 18:39:10,191 [main] INFO  ozone.MiniOzoneClusterImpl (MiniOzoneClusterImpl.java:stopSCM(392)) - Stopping the StorageContainerManager
2019-09-26 18:39:10,191 [main] INFO  server.StorageContainerManager (StorageContainerManager.java:stop(808)) - Stopping Replication Manager Service.
2019-09-26 18:39:10,191 [main] INFO  container.ReplicationManager (ReplicationManager.java:stop(203)) - Stopping Replication Monitor Thread.
2019-09-26 18:39:10,192 [main] INFO  server.StorageContainerManager (StorageContainerManager.java:stop(815)) - Stopping Lease Manager of the command watchers
2019-09-26 18:39:10,192 [main] INFO  server.StorageContainerManager (StorageContainerManager.java:stop(822)) - Stopping datanode service RPC server
2019-09-26 18:39:10,192 [main] INFO  server.SCMDatanodeProtocolServer (SCMDatanodeProtocolServer.java:stop(367)) - Stopping the RPC server for DataNodes
2019-09-26 18:39:10,192 [main] INFO  ipc.Server (Server.java:stop(3082)) - Stopping server on 39920
2019-09-26 18:39:10,194 [IPC Server listener on 39920] INFO  ipc.Server (Server.java:run(1185)) - Stopping IPC Server listener on 39920
2019-09-26 18:39:10,194 [IPC Server Responder] INFO  ipc.Server (Server.java:run(1319)) - Stopping IPC Server Responder
2019-09-26 18:39:10,236 [SCM Heartbeat Processing Thread - 0] WARN  node.NodeStateManager (NodeStateManager.java:scheduleNextHealthCheck(646)) - Current Thread is interrupted, shutting down HB processing thread for Node Manager.
2019-09-26 18:39:10,236 [main] INFO  server.StorageContainerManager (StorageContainerManager.java:stop(830)) - Stopping block service RPC server
2019-09-26 18:39:10,237 [main] INFO  server.SCMBlockProtocolServer (SCMBlockProtocolServer.java:stop(155)) - Stopping the RPC server for Block Protocol
2019-09-26 18:39:10,237 [main] INFO  ipc.Server (Server.java:stop(3082)) - Stopping server on 35475
2019-09-26 18:39:10,238 [main] INFO  server.StorageContainerManager (StorageContainerManager.java:stop(837)) - Stopping the StorageContainerLocationProtocol RPC server
2019-09-26 18:39:10,238 [IPC Server Responder] INFO  ipc.Server (Server.java:run(1319)) - Stopping IPC Server Responder
2019-09-26 18:39:10,239 [main] INFO  server.SCMClientProtocolServer (SCMClientProtocolServer.java:stop(159)) - Stopping the RPC server for Client Protocol
2019-09-26 18:39:10,239 [main] INFO  ipc.Server (Server.java:stop(3082)) - Stopping server on 39327
2019-09-26 18:39:10,239 [IPC Server listener on 35475] INFO  ipc.Server (Server.java:run(1185)) - Stopping IPC Server listener on 35475
2019-09-26 18:39:10,240 [IPC Server listener on 39327] INFO  ipc.Server (Server.java:run(1185)) - Stopping IPC Server listener on 39327
2019-09-26 18:39:10,240 [main] INFO  server.StorageContainerManager (StorageContainerManager.java:stop(844)) - Stopping Storage Container Manager HTTP server.
2019-09-26 18:39:10,240 [IPC Server Responder] INFO  ipc.Server (Server.java:run(1319)) - Stopping IPC Server Responder
2019-09-26 18:39:10,241 [main] INFO  handler.ContextHandler (ContextHandler.java:doStop(910)) - Stopped o.e.j.w.WebAppContext@64c2b546{/,null,UNAVAILABLE}{/scm}
2019-09-26 18:39:10,241 [main] INFO  server.AbstractConnector (AbstractConnector.java:doStop(318)) - Stopped ServerConnector@69f63d95{HTTP/1.1,[http/1.1]}{0.0.0.0:0}
2019-09-26 18:39:10,242 [main] INFO  handler.ContextHandler (ContextHandler.java:doStop(910)) - Stopped o.e.j.s.ServletContextHandler@70a36a66{/static,file:///workdir/hadoop-ozone/integration-test/target/test-classes/webapps/static,UNAVAILABLE}
2019-09-26 18:39:10,242 [main] INFO  handler.ContextHandler (ContextHandler.java:doStop(910)) - Stopped o.e.j.s.ServletContextHandler@50ecde95{/logs,file:///workdir/hadoop-ozone/integration-test/target/log,UNAVAILABLE}
2019-09-26 18:39:10,243 [main] INFO  server.StorageContainerManager (StorageContainerManager.java:stop(855)) - Stopping Block Manager Service.
2019-09-26 18:39:10,243 [main] INFO  utils.BackgroundService (BackgroundService.java:shutdown(148)) - Shutting down service SCMBlockDeletingService
2019-09-26 18:39:10,243 [main] INFO  utils.BackgroundService (BackgroundService.java:shutdown(148)) - Shutting down service SCMBlockDeletingService
2019-09-26 18:39:10,243 [main] INFO  server.StorageContainerManager (StorageContainerManager.java:stop(877)) - Stopping SCM Event Queue.
2019-09-26 18:39:10,248 [main] INFO  impl.MetricsSystemImpl (MetricsSystemImpl.java:stop(210)) - Stopping ratis metrics system...
2019-09-26 18:39:10,254 [prometheus] INFO  impl.MetricsSinkAdapter (MetricsSinkAdapter.java:publishMetricsFromQueue(141)) - prometheus thread interrupted.
2019-09-26 18:39:10,254 [main] INFO  impl.MetricsSystemImpl (MetricsSystemImpl.java:stop(216)) - ratis metrics system stopped.
]]></system-out>
    <system-err><![CDATA[ERROR StatusLogger No Log4j 2 configuration file found. Using default configuration (logging only errors to the console), or user programmatically provided configurations. Set system property 'log4j2.debug' to show Log4j 2 internal initialization logging. See https://logging.apache.org/log4j/2.x/manual/configuration.html for instructions on how to configure Log4j 2
Sep 26, 2019 6:38:49 PM org.apache.ratis.thirdparty.io.grpc.internal.SerializingExecutor run
SEVERE: Exception while executing runnable org.apache.ratis.thirdparty.io.grpc.internal.ServerImpl$JumpToApplicationThreadServerStreamListener$1Closed@1aaa2479
org.apache.ratis.thirdparty.io.grpc.StatusRuntimeException: CANCELLED: call already cancelled
	at org.apache.ratis.thirdparty.io.grpc.Status.asRuntimeException(Status.java:517)
	at org.apache.ratis.thirdparty.io.grpc.stub.ServerCalls$ServerCallStreamObserverImpl.onCompleted(ServerCalls.java:356)
	at org.apache.ratis.grpc.server.GrpcServerProtocolService$ServerRequestStreamObserver.onError(GrpcServerProtocolService.java:121)
	at org.apache.ratis.thirdparty.io.grpc.stub.ServerCalls$StreamingServerCallHandler$StreamingServerCallListener.onCancel(ServerCalls.java:269)
	at org.apache.ratis.thirdparty.io.grpc.internal.ServerCallImpl$ServerStreamListenerImpl.closed(ServerCallImpl.java:293)
	at org.apache.ratis.thirdparty.io.grpc.internal.ServerImpl$JumpToApplicationThreadServerStreamListener$1Closed.runInContext(ServerImpl.java:741)
	at org.apache.ratis.thirdparty.io.grpc.internal.ContextRunnable.run(ContextRunnable.java:37)
	at org.apache.ratis.thirdparty.io.grpc.internal.SerializingExecutor.run(SerializingExecutor.java:123)
	at java.util.concurrent.ThreadPoolExecutor.runWorker(ThreadPoolExecutor.java:1149)
	at java.util.concurrent.ThreadPoolExecutor$Worker.run(ThreadPoolExecutor.java:624)
	at java.lang.Thread.run(Thread.java:748)

Sep 26, 2019 6:38:49 PM org.apache.ratis.thirdparty.io.grpc.internal.SerializingExecutor run
SEVERE: Exception while executing runnable org.apache.ratis.thirdparty.io.grpc.internal.ServerImpl$JumpToApplicationThreadServerStreamListener$1Closed@258fdf67
org.apache.ratis.thirdparty.io.grpc.StatusRuntimeException: CANCELLED: call already cancelled
	at org.apache.ratis.thirdparty.io.grpc.Status.asRuntimeException(Status.java:517)
	at org.apache.ratis.thirdparty.io.grpc.stub.ServerCalls$ServerCallStreamObserverImpl.onCompleted(ServerCalls.java:356)
	at org.apache.ratis.grpc.server.GrpcServerProtocolService$ServerRequestStreamObserver.onError(GrpcServerProtocolService.java:121)
	at org.apache.ratis.thirdparty.io.grpc.stub.ServerCalls$StreamingServerCallHandler$StreamingServerCallListener.onCancel(ServerCalls.java:269)
	at org.apache.ratis.thirdparty.io.grpc.internal.ServerCallImpl$ServerStreamListenerImpl.closed(ServerCallImpl.java:293)
	at org.apache.ratis.thirdparty.io.grpc.internal.ServerImpl$JumpToApplicationThreadServerStreamListener$1Closed.runInContext(ServerImpl.java:741)
	at org.apache.ratis.thirdparty.io.grpc.internal.ContextRunnable.run(ContextRunnable.java:37)
	at org.apache.ratis.thirdparty.io.grpc.internal.SerializingExecutor.run(SerializingExecutor.java:123)
	at java.util.concurrent.ThreadPoolExecutor.runWorker(ThreadPoolExecutor.java:1149)
	at java.util.concurrent.ThreadPoolExecutor$Worker.run(ThreadPoolExecutor.java:624)
	at java.lang.Thread.run(Thread.java:748)

Sep 26, 2019 6:38:54 PM org.apache.ratis.thirdparty.io.grpc.internal.SerializingExecutor run
SEVERE: Exception while executing runnable org.apache.ratis.thirdparty.io.grpc.internal.ServerImpl$JumpToApplicationThreadServerStreamListener$1Closed@6e0a7bf8
org.apache.ratis.thirdparty.io.grpc.StatusRuntimeException: CANCELLED: call already cancelled
	at org.apache.ratis.thirdparty.io.grpc.Status.asRuntimeException(Status.java:517)
	at org.apache.ratis.thirdparty.io.grpc.stub.ServerCalls$ServerCallStreamObserverImpl.onCompleted(ServerCalls.java:356)
	at org.apache.ratis.grpc.server.GrpcServerProtocolService$ServerRequestStreamObserver.onError(GrpcServerProtocolService.java:121)
	at org.apache.ratis.thirdparty.io.grpc.stub.ServerCalls$StreamingServerCallHandler$StreamingServerCallListener.onCancel(ServerCalls.java:269)
	at org.apache.ratis.thirdparty.io.grpc.internal.ServerCallImpl$ServerStreamListenerImpl.closed(ServerCallImpl.java:293)
	at org.apache.ratis.thirdparty.io.grpc.internal.ServerImpl$JumpToApplicationThreadServerStreamListener$1Closed.runInContext(ServerImpl.java:741)
	at org.apache.ratis.thirdparty.io.grpc.internal.ContextRunnable.run(ContextRunnable.java:37)
	at org.apache.ratis.thirdparty.io.grpc.internal.SerializingExecutor.run(SerializingExecutor.java:123)
	at java.util.concurrent.ThreadPoolExecutor.runWorker(ThreadPoolExecutor.java:1149)
	at java.util.concurrent.ThreadPoolExecutor$Worker.run(ThreadPoolExecutor.java:624)
	at java.lang.Thread.run(Thread.java:748)

Sep 26, 2019 6:38:54 PM org.apache.ratis.thirdparty.io.grpc.internal.SerializingExecutor run
SEVERE: Exception while executing runnable org.apache.ratis.thirdparty.io.grpc.internal.ServerImpl$JumpToApplicationThreadServerStreamListener$1Closed@638e85c3
org.apache.ratis.thirdparty.io.grpc.StatusRuntimeException: CANCELLED: call already cancelled
	at org.apache.ratis.thirdparty.io.grpc.Status.asRuntimeException(Status.java:517)
	at org.apache.ratis.thirdparty.io.grpc.stub.ServerCalls$ServerCallStreamObserverImpl.onCompleted(ServerCalls.java:356)
	at org.apache.ratis.grpc.server.GrpcServerProtocolService$ServerRequestStreamObserver.onError(GrpcServerProtocolService.java:121)
	at org.apache.ratis.thirdparty.io.grpc.stub.ServerCalls$StreamingServerCallHandler$StreamingServerCallListener.onCancel(ServerCalls.java:269)
	at org.apache.ratis.thirdparty.io.grpc.internal.ServerCallImpl$ServerStreamListenerImpl.closed(ServerCallImpl.java:293)
	at org.apache.ratis.thirdparty.io.grpc.internal.ServerImpl$JumpToApplicationThreadServerStreamListener$1Closed.runInContext(ServerImpl.java:741)
	at org.apache.ratis.thirdparty.io.grpc.internal.ContextRunnable.run(ContextRunnable.java:37)
	at org.apache.ratis.thirdparty.io.grpc.internal.SerializingExecutor.run(SerializingExecutor.java:123)
	at java.util.concurrent.ThreadPoolExecutor.runWorker(ThreadPoolExecutor.java:1149)
	at java.util.concurrent.ThreadPoolExecutor$Worker.run(ThreadPoolExecutor.java:624)
	at java.lang.Thread.run(Thread.java:748)

Sep 26, 2019 6:39:00 PM org.apache.ratis.thirdparty.io.grpc.internal.SerializingExecutor run
SEVERE: Exception while executing runnable org.apache.ratis.thirdparty.io.grpc.internal.ServerImpl$JumpToApplicationThreadServerStreamListener$1Closed@5aea996c
org.apache.ratis.thirdparty.io.grpc.StatusRuntimeException: CANCELLED: call already cancelled
	at org.apache.ratis.thirdparty.io.grpc.Status.asRuntimeException(Status.java:517)
	at org.apache.ratis.thirdparty.io.grpc.stub.ServerCalls$ServerCallStreamObserverImpl.onCompleted(ServerCalls.java:356)
	at org.apache.ratis.grpc.server.GrpcServerProtocolService$ServerRequestStreamObserver.onError(GrpcServerProtocolService.java:121)
	at org.apache.ratis.thirdparty.io.grpc.stub.ServerCalls$StreamingServerCallHandler$StreamingServerCallListener.onCancel(ServerCalls.java:269)
	at org.apache.ratis.thirdparty.io.grpc.internal.ServerCallImpl$ServerStreamListenerImpl.closed(ServerCallImpl.java:293)
	at org.apache.ratis.thirdparty.io.grpc.internal.ServerImpl$JumpToApplicationThreadServerStreamListener$1Closed.runInContext(ServerImpl.java:741)
	at org.apache.ratis.thirdparty.io.grpc.internal.ContextRunnable.run(ContextRunnable.java:37)
	at org.apache.ratis.thirdparty.io.grpc.internal.SerializingExecutor.run(SerializingExecutor.java:123)
	at java.util.concurrent.ThreadPoolExecutor.runWorker(ThreadPoolExecutor.java:1149)
	at java.util.concurrent.ThreadPoolExecutor$Worker.run(ThreadPoolExecutor.java:624)
	at java.lang.Thread.run(Thread.java:748)

]]></system-err>
  </testcase>
</testsuite>