<?xml version="1.0" encoding="UTF-8"?>
<testsuite xmlns:xsi="http://www.w3.org/2001/XMLSchema-instance" xsi:noNamespaceSchemaLocation="https://maven.apache.org/surefire/maven-surefire-plugin/xsd/surefire-test-report.xsd" name="org.apache.hadoop.ozone.client.rpc.TestReadRetries" time="147.17" tests="1" errors="1" skipped="0" failures="0">
  <properties>
    <property name="awt.toolkit" value="sun.awt.X11.XToolkit"/>
    <property name="file.encoding.pkg" value="sun.io"/>
    <property name="java.specification.version" value="1.8"/>
    <property name="sun.cpu.isalist" value=""/>
    <property name="sun.jnu.encoding" value="UTF-8"/>
    <property name="java.class.path" value="/workdir/hadoop-ozone/integration-test/target/test-classes:/workdir/hadoop-ozone/integration-test/target/classes:/home/user/.m2/repository/org/apache/hadoop/hadoop-ozone-common/0.5.0-SNAPSHOT/hadoop-ozone-common-0.5.0-SNAPSHOT.jar:/home/user/.m2/repository/org/apache/commons/commons-compress/1.4.1/commons-compress-1.4.1.jar:/home/user/.m2/repository/org/tukaani/xz/1.0/xz-1.0.jar:/home/user/.m2/repository/org/apache/hadoop/hadoop-common/3.2.0/hadoop-common-3.2.0.jar:/home/user/.m2/repository/org/apache/hadoop/hadoop-hdfs/3.2.0/hadoop-hdfs-3.2.0.jar:/home/user/.m2/repository/org/apache/hadoop/hadoop-hdfs-client/3.2.0/hadoop-hdfs-client-3.2.0.jar:/home/user/.m2/repository/com/fasterxml/jackson/core/jackson-annotations/2.9.9/jackson-annotations-2.9.9.jar:/home/user/.m2/repository/org/apache/hadoop/hadoop-hdds-common/0.5.0-SNAPSHOT/hadoop-hdds-common-0.5.0-SNAPSHOT.jar:/home/user/.m2/repository/javax/annotation/javax.annotation-api/1.2/javax.annotation-api-1.2.jar:/home/user/.m2/repository/org/apache/ratis/ratis-server/0.4.0/ratis-server-0.4.0.jar:/home/user/.m2/repository/org/apache/ratis/ratis-thirdparty-misc/0.2.0/ratis-thirdparty-misc-0.2.0.jar:/home/user/.m2/repository/org/apache/ratis/ratis-proto/0.4.0/ratis-proto-0.4.0.jar:/home/user/.m2/repository/org/apache/ratis/ratis-common/0.4.0/ratis-common-0.4.0.jar:/home/user/.m2/repository/org/apache/ratis/ratis-client/0.4.0/ratis-client-0.4.0.jar:/home/user/.m2/repository/org/apache/ratis/ratis-metrics/0.4.0/ratis-metrics-0.4.0.jar:/home/user/.m2/repository/com/github/joshelser/dropwizard-metrics-hadoop-metrics2-reporter/0.1.2/dropwizard-metrics-hadoop-metrics2-reporter-0.1.2.jar:/home/user/.m2/repository/io/dropwizard/metrics/metrics-jvm/3.2.5/metrics-jvm-3.2.5.jar:/home/user/.m2/repository/io/dropwizard/metrics/metrics-ganglia/3.2.5/metrics-ganglia-3.2.5.jar:/home/user/.m2/repository/info/ganglia/gmetric4j/gmetric4j/1.0.7/gmetric4j-1.0.7.jar:/home/user/.m2/repository/org/apache/ratis/ratis-netty/0.4.0/ratis-netty-0.4.0.jar:/home/user/.m2/repository/org/apache/ratis/ratis-grpc/0.4.0/ratis-grpc-0.4.0.jar:/home/user/.m2/repository/org/rocksdb/rocksdbjni/6.0.1/rocksdbjni-6.0.1.jar:/home/user/.m2/repository/org/apache/logging/log4j/log4j-api/2.11.0/log4j-api-2.11.0.jar:/home/user/.m2/repository/org/apache/logging/log4j/log4j-core/2.11.0/log4j-core-2.11.0.jar:/home/user/.m2/repository/com/lmax/disruptor/3.4.2/disruptor-3.4.2.jar:/home/user/.m2/repository/org/apache/commons/commons-pool2/2.6.0/commons-pool2-2.6.0.jar:/home/user/.m2/repository/org/bouncycastle/bcpkix-jdk15on/1.60/bcpkix-jdk15on-1.60.jar:/home/user/.m2/repository/commons-validator/commons-validator/1.6/commons-validator-1.6.jar:/home/user/.m2/repository/commons-digester/commons-digester/1.8.1/commons-digester-1.8.1.jar:/home/user/.m2/repository/io/jaegertracing/jaeger-client/0.34.0/jaeger-client-0.34.0.jar:/home/user/.m2/repository/io/jaegertracing/jaeger-thrift/0.34.0/jaeger-thrift-0.34.0.jar:/home/user/.m2/repository/org/apache/thrift/libthrift/0.12.0/libthrift-0.12.0.jar:/home/user/.m2/repository/com/squareup/okhttp3/okhttp/3.9.0/okhttp-3.9.0.jar:/home/user/.m2/repository/com/squareup/okio/okio/1.13.0/okio-1.13.0.jar:/home/user/.m2/repository/io/jaegertracing/jaeger-core/0.34.0/jaeger-core-0.34.0.jar:/home/user/.m2/repository/io/jaegertracing/jaeger-tracerresolver/0.34.0/jaeger-tracerresolver-0.34.0.jar:/home/user/.m2/repository/io/opentracing/contrib/opentracing-tracerresolver/0.1.5/opentracing-tracerresolver-0.1.5.jar:/home/user/.m2/repository/io/opentracing/opentracing-util/0.31.0/opentracing-util-0.31.0.jar:/home/user/.m2/repository/io/opentracing/opentracing-api/0.31.0/opentracing-api-0.31.0.jar:/home/user/.m2/repository/io/opentracing/opentracing-noop/0.31.0/opentracing-noop-0.31.0.jar:/home/user/.m2/repository/org/apache/hadoop/hadoop-hdds-server-framework/0.5.0-SNAPSHOT/hadoop-hdds-server-framework-0.5.0-SNAPSHOT.jar:/home/user/.m2/repository/org/apache/hadoop/hadoop-hdds-container-service/0.5.0-SNAPSHOT/hadoop-hdds-container-service-0.5.0-SNAPSHOT.jar:/home/user/.m2/repository/org/apache/hadoop/hadoop-hdds-client/0.5.0-SNAPSHOT/hadoop-hdds-client-0.5.0-SNAPSHOT.jar:/home/user/.m2/repository/org/apache/hadoop/hadoop-hdds-tools/0.5.0-SNAPSHOT/hadoop-hdds-tools-0.5.0-SNAPSHOT.jar:/home/user/.m2/repository/org/apache/hadoop/hadoop-hdds-server-scm/0.5.0-SNAPSHOT/hadoop-hdds-server-scm-0.5.0-SNAPSHOT.jar:/home/user/.m2/repository/org/apache/hadoop/hadoop-hdds-docs/0.5.0-SNAPSHOT/hadoop-hdds-docs-0.5.0-SNAPSHOT.jar:/home/user/.m2/repository/io/dropwizard/metrics/metrics-core/3.2.4/metrics-core-3.2.4.jar:/home/user/.m2/repository/org/hamcrest/hamcrest-all/1.3/hamcrest-all-1.3.jar:/home/user/.m2/repository/org/bouncycastle/bcprov-jdk15on/1.60/bcprov-jdk15on-1.60.jar:/home/user/.m2/repository/info/picocli/picocli/3.9.6/picocli-3.9.6.jar:/home/user/.m2/repository/com/google/protobuf/protobuf-java/2.5.0/protobuf-java-2.5.0.jar:/home/user/.m2/repository/com/google/guava/guava/11.0.2/guava-11.0.2.jar:/home/user/.m2/repository/org/apache/hadoop/hadoop-ozone-ozone-manager/0.5.0-SNAPSHOT/hadoop-ozone-ozone-manager-0.5.0-SNAPSHOT.jar:/home/user/.m2/repository/org/apache/hadoop/hadoop-minikdc/3.2.0/hadoop-minikdc-3.2.0.jar:/home/user/.m2/repository/commons-io/commons-io/2.5/commons-io-2.5.jar:/home/user/.m2/repository/org/apache/kerby/kerb-simplekdc/1.0.1/kerb-simplekdc-1.0.1.jar:/home/user/.m2/repository/org/apache/kerby/kerb-client/1.0.1/kerb-client-1.0.1.jar:/home/user/.m2/repository/org/apache/kerby/kerby-config/1.0.1/kerby-config-1.0.1.jar:/home/user/.m2/repository/org/apache/kerby/kerb-core/1.0.1/kerb-core-1.0.1.jar:/home/user/.m2/repository/org/apache/kerby/kerby-pkix/1.0.1/kerby-pkix-1.0.1.jar:/home/user/.m2/repository/org/apache/kerby/kerby-asn1/1.0.1/kerby-asn1-1.0.1.jar:/home/user/.m2/repository/org/apache/kerby/kerby-util/1.0.1/kerby-util-1.0.1.jar:/home/user/.m2/repository/org/apache/kerby/kerb-common/1.0.1/kerb-common-1.0.1.jar:/home/user/.m2/repository/org/apache/kerby/kerb-crypto/1.0.1/kerb-crypto-1.0.1.jar:/home/user/.m2/repository/org/apache/kerby/kerb-util/1.0.1/kerb-util-1.0.1.jar:/home/user/.m2/repository/org/apache/kerby/token-provider/1.0.1/token-provider-1.0.1.jar:/home/user/.m2/repository/org/apache/kerby/kerb-admin/1.0.1/kerb-admin-1.0.1.jar:/home/user/.m2/repository/org/apache/kerby/kerb-server/1.0.1/kerb-server-1.0.1.jar:/home/user/.m2/repository/org/apache/kerby/kerb-identity/1.0.1/kerb-identity-1.0.1.jar:/home/user/.m2/repository/org/apache/kerby/kerby-xdr/1.0.1/kerby-xdr-1.0.1.jar:/home/user/.m2/repository/org/slf4j/slf4j-log4j12/1.7.25/slf4j-log4j12-1.7.25.jar:/home/user/.m2/repository/org/apache/hadoop/hadoop-ozone-s3gateway/0.5.0-SNAPSHOT/hadoop-ozone-s3gateway-0.5.0-SNAPSHOT.jar:/home/user/.m2/repository/org/jboss/weld/servlet/weld-servlet/2.4.7.Final/weld-servlet-2.4.7.Final.jar:/home/user/.m2/repository/org/glassfish/jersey/containers/jersey-container-servlet-core/2.27/jersey-container-servlet-core-2.27.jar:/home/user/.m2/repository/org/glassfish/hk2/external/javax.inject/2.5.0-b42/javax.inject-2.5.0-b42.jar:/home/user/.m2/repository/org/glassfish/jersey/core/jersey-common/2.27/jersey-common-2.27.jar:/home/user/.m2/repository/org/glassfish/hk2/osgi-resource-locator/1.0.1/osgi-resource-locator-1.0.1.jar:/home/user/.m2/repository/javax/ws/rs/javax.ws.rs-api/2.1/javax.ws.rs-api-2.1.jar:/home/user/.m2/repository/org/glassfish/jersey/ext/cdi/jersey-cdi1x/2.27/jersey-cdi1x-2.27.jar:/home/user/.m2/repository/org/glassfish/jersey/inject/jersey-hk2/2.27/jersey-hk2-2.27.jar:/home/user/.m2/repository/org/glassfish/hk2/hk2-locator/2.5.0-b42/hk2-locator-2.5.0-b42.jar:/home/user/.m2/repository/org/javassist/javassist/3.22.0-CR2/javassist-3.22.0-CR2.jar:/home/user/.m2/repository/org/glassfish/hk2/hk2-api/2.5.0/hk2-api-2.5.0.jar:/home/user/.m2/repository/org/glassfish/hk2/external/jakarta.inject/2.5.0/jakarta.inject-2.5.0.jar:/home/user/.m2/repository/org/glassfish/hk2/hk2-utils/2.5.0/hk2-utils-2.5.0.jar:/home/user/.m2/repository/jakarta/annotation/jakarta.annotation-api/1.3.4/jakarta.annotation-api-1.3.4.jar:/home/user/.m2/repository/org/glassfish/hk2/external/aopalliance-repackaged/2.5.0/aopalliance-repackaged-2.5.0.jar:/home/user/.m2/repository/com/fasterxml/jackson/dataformat/jackson-dataformat-xml/2.9.0/jackson-dataformat-xml-2.9.0.jar:/home/user/.m2/repository/com/fasterxml/jackson/core/jackson-core/2.9.9/jackson-core-2.9.9.jar:/home/user/.m2/repository/com/fasterxml/jackson/module/jackson-module-jaxb-annotations/2.9.9/jackson-module-jaxb-annotations-2.9.9.jar:/home/user/.m2/repository/javax/enterprise/cdi-api/1.2/cdi-api-1.2.jar:/home/user/.m2/repository/javax/el/javax.el-api/3.0.0/javax.el-api-3.0.0.jar:/home/user/.m2/repository/javax/interceptor/javax.interceptor-api/1.2/javax.interceptor-api-1.2.jar:/home/user/.m2/repository/javax/inject/javax.inject/1/javax.inject-1.jar:/home/user/.m2/repository/com/sun/xml/bind/jaxb-impl/2.3.0.1/jaxb-impl-2.3.0.1.jar:/home/user/.m2/repository/com/sun/xml/bind/jaxb-core/2.3.0.1/jaxb-core-2.3.0.1.jar:/home/user/.m2/repository/javax/xml/bind/jaxb-api/2.3.0/jaxb-api-2.3.0.jar:/home/user/.m2/repository/javax/activation/activation/1.1.1/activation-1.1.1.jar:/home/user/.m2/repository/org/apache/hadoop/hadoop-ozone-csi/0.5.0-SNAPSHOT/hadoop-ozone-csi-0.5.0-SNAPSHOT.jar:/home/user/.m2/repository/com/google/protobuf/protobuf-java-util/3.5.1/protobuf-java-util-3.5.1.jar:/home/user/.m2/repository/org/apache/hadoop/hadoop-hdds-config/0.5.0-SNAPSHOT/hadoop-hdds-config-0.5.0-SNAPSHOT.jar:/home/user/.m2/repository/io/grpc/grpc-netty/1.17.1/grpc-netty-1.17.1.jar:/home/user/.m2/repository/io/grpc/grpc-core/1.17.1/grpc-core-1.17.1.jar:/home/user/.m2/repository/io/grpc/grpc-context/1.17.1/grpc-context-1.17.1.jar:/home/user/.m2/repository/com/google/errorprone/error_prone_annotations/2.2.0/error_prone_annotations-2.2.0.jar:/home/user/.m2/repository/org/codehaus/mojo/animal-sniffer-annotations/1.17/animal-sniffer-annotations-1.17.jar:/home/user/.m2/repository/io/opencensus/opencensus-api/0.17.0/opencensus-api-0.17.0.jar:/home/user/.m2/repository/io/opencensus/opencensus-contrib-grpc-metrics/0.17.0/opencensus-contrib-grpc-metrics-0.17.0.jar:/home/user/.m2/repository/io/netty/netty-codec-http2/4.1.30.Final/netty-codec-http2-4.1.30.Final.jar:/home/user/.m2/repository/io/netty/netty-codec-http/4.1.30.Final/netty-codec-http-4.1.30.Final.jar:/home/user/.m2/repository/io/netty/netty-codec/4.1.30.Final/netty-codec-4.1.30.Final.jar:/home/user/.m2/repository/io/netty/netty-handler/4.1.30.Final/netty-handler-4.1.30.Final.jar:/home/user/.m2/repository/io/netty/netty-handler-proxy/4.1.30.Final/netty-handler-proxy-4.1.30.Final.jar:/home/user/.m2/repository/io/netty/netty-codec-socks/4.1.30.Final/netty-codec-socks-4.1.30.Final.jar:/home/user/.m2/repository/io/netty/netty-transport-native-epoll/4.1.30.Final/netty-transport-native-epoll-4.1.30.Final.jar:/home/user/.m2/repository/io/netty/netty-common/4.1.30.Final/netty-common-4.1.30.Final.jar:/home/user/.m2/repository/io/netty/netty-buffer/4.1.30.Final/netty-buffer-4.1.30.Final.jar:/home/user/.m2/repository/io/netty/netty-transport/4.1.30.Final/netty-transport-4.1.30.Final.jar:/home/user/.m2/repository/io/netty/netty-resolver/4.1.30.Final/netty-resolver-4.1.30.Final.jar:/home/user/.m2/repository/io/netty/netty-transport-native-unix-common/4.1.30.Final/netty-transport-native-unix-common-4.1.30.Final.jar:/home/user/.m2/repository/io/grpc/grpc-protobuf/1.17.1/grpc-protobuf-1.17.1.jar:/home/user/.m2/repository/com/google/api/grpc/proto-google-common-protos/1.0.0/proto-google-common-protos-1.0.0.jar:/home/user/.m2/repository/io/grpc/grpc-protobuf-lite/1.17.1/grpc-protobuf-lite-1.17.1.jar:/home/user/.m2/repository/io/grpc/grpc-stub/1.17.1/grpc-stub-1.17.1.jar:/home/user/.m2/repository/org/apache/hadoop/hadoop-ozone-recon/0.5.0-SNAPSHOT/hadoop-ozone-recon-0.5.0-SNAPSHOT.jar:/home/user/.m2/repository/org/apache/hadoop/hadoop-ozone-reconcodegen/0.5.0-SNAPSHOT/hadoop-ozone-reconcodegen-0.5.0-SNAPSHOT.jar:/home/user/.m2/repository/com/google/inject/extensions/guice-multibindings/4.0/guice-multibindings-4.0.jar:/home/user/.m2/repository/com/google/inject/guice/4.0/guice-4.0.jar:/home/user/.m2/repository/aopalliance/aopalliance/1.0/aopalliance-1.0.jar:/home/user/.m2/repository/com/google/inject/extensions/guice-servlet/4.0/guice-servlet-4.0.jar:/home/user/.m2/repository/org/glassfish/jersey/containers/jersey-container-servlet/2.27/jersey-container-servlet-2.27.jar:/home/user/.m2/repository/org/glassfish/hk2/guice-bridge/2.5.0/guice-bridge-2.5.0.jar:/home/user/.m2/repository/org/glassfish/jersey/core/jersey-server/2.27/jersey-server-2.27.jar:/home/user/.m2/repository/org/glassfish/jersey/core/jersey-client/2.27/jersey-client-2.27.jar:/home/user/.m2/repository/org/glassfish/jersey/media/jersey-media-jaxb/2.27/jersey-media-jaxb-2.27.jar:/home/user/.m2/repository/javax/validation/validation-api/1.1.0.Final/validation-api-1.1.0.Final.jar:/home/user/.m2/repository/org/glassfish/jersey/media/jersey-media-json-jackson/2.27/jersey-media-json-jackson-2.27.jar:/home/user/.m2/repository/org/glassfish/jersey/ext/jersey-entity-filtering/2.27/jersey-entity-filtering-2.27.jar:/home/user/.m2/repository/com/google/inject/extensions/guice-assistedinject/4.0/guice-assistedinject-4.0.jar:/home/user/.m2/repository/org/jooq/jooq/3.11.10/jooq-3.11.10.jar:/home/user/.m2/repository/org/jooq/jooq-meta/3.11.10/jooq-meta-3.11.10.jar:/home/user/.m2/repository/org/jooq/jooq-codegen/3.11.10/jooq-codegen-3.11.10.jar:/home/user/.m2/repository/com/jolbox/bonecp/0.8.0.RELEASE/bonecp-0.8.0.RELEASE.jar:/home/user/.m2/repository/org/xerial/sqlite-jdbc/3.25.2/sqlite-jdbc-3.25.2.jar:/home/user/.m2/repository/org/springframework/spring-jdbc/5.1.3.RELEASE/spring-jdbc-5.1.3.RELEASE.jar:/home/user/.m2/repository/org/springframework/spring-beans/5.1.3.RELEASE/spring-beans-5.1.3.RELEASE.jar:/home/user/.m2/repository/org/springframework/spring-core/5.1.3.RELEASE/spring-core-5.1.3.RELEASE.jar:/home/user/.m2/repository/org/springframework/spring-jcl/5.1.3.RELEASE/spring-jcl-5.1.3.RELEASE.jar:/home/user/.m2/repository/org/springframework/spring-tx/5.1.3.RELEASE/spring-tx-5.1.3.RELEASE.jar:/home/user/.m2/repository/org/apache/hadoop/hadoop-ozone-client/0.5.0-SNAPSHOT/hadoop-ozone-client-0.5.0-SNAPSHOT.jar:/home/user/.m2/repository/commons-lang/commons-lang/2.6/commons-lang-2.6.jar:/home/user/.m2/repository/org/apache/hadoop/hadoop-ozone-ozone-manager/0.5.0-SNAPSHOT/hadoop-ozone-ozone-manager-0.5.0-SNAPSHOT-tests.jar:/home/user/.m2/repository/junit/junit/4.11/junit-4.11.jar:/home/user/.m2/repository/org/hamcrest/hamcrest-core/1.3/hamcrest-core-1.3.jar:/home/user/.m2/repository/org/openjdk/jmh/jmh-core/1.19/jmh-core-1.19.jar:/home/user/.m2/repository/net/sf/jopt-simple/jopt-simple/4.6/jopt-simple-4.6.jar:/home/user/.m2/repository/org/apache/commons/commons-math3/3.1.1/commons-math3-3.1.1.jar:/home/user/.m2/repository/org/openjdk/jmh/jmh-generator-annprocess/1.19/jmh-generator-annprocess-1.19.jar:/home/user/.m2/repository/org/mockito/mockito-all/1.8.5/mockito-all-1.8.5.jar:/home/user/.m2/repository/org/apache/hadoop/hadoop-kms/3.2.0/hadoop-kms-3.2.0.jar:/home/user/.m2/repository/org/apache/hadoop/hadoop-auth/3.2.0/hadoop-auth-3.2.0.jar:/home/user/.m2/repository/com/nimbusds/nimbus-jose-jwt/4.41.1/nimbus-jose-jwt-4.41.1.jar:/home/user/.m2/repository/com/github/stephenc/jcip/jcip-annotations/1.0-1/jcip-annotations-1.0-1.jar:/home/user/.m2/repository/net/minidev/json-smart/2.3/json-smart-2.3.jar:/home/user/.m2/repository/net/minidev/accessors-smart/1.2/accessors-smart-1.2.jar:/home/user/.m2/repository/org/ow2/asm/asm/5.0.4/asm-5.0.4.jar:/home/user/.m2/repository/org/apache/curator/curator-framework/2.12.0/curator-framework-2.12.0.jar:/home/user/.m2/repository/com/sun/jersey/jersey-core/1.19/jersey-core-1.19.jar:/home/user/.m2/repository/javax/ws/rs/jsr311-api/1.1.1/jsr311-api-1.1.1.jar:/home/user/.m2/repository/com/sun/jersey/jersey-server/1.19/jersey-server-1.19.jar:/home/user/.m2/repository/javax/servlet/javax.servlet-api/3.1.0/javax.servlet-api-3.1.0.jar:/home/user/.m2/repository/org/eclipse/jetty/jetty-server/9.3.25.v20180904/jetty-server-9.3.25.v20180904.jar:/home/user/.m2/repository/org/eclipse/jetty/jetty-http/9.3.25.v20180904/jetty-http-9.3.25.v20180904.jar:/home/user/.m2/repository/org/eclipse/jetty/jetty-io/9.3.25.v20180904/jetty-io-9.3.25.v20180904.jar:/home/user/.m2/repository/org/eclipse/jetty/jetty-webapp/9.3.25.v20180904/jetty-webapp-9.3.25.v20180904.jar:/home/user/.m2/repository/org/eclipse/jetty/jetty-xml/9.3.25.v20180904/jetty-xml-9.3.25.v20180904.jar:/home/user/.m2/repository/log4j/log4j/1.2.17/log4j-1.2.17.jar:/home/user/.m2/repository/org/slf4j/slf4j-api/1.7.25/slf4j-api-1.7.25.jar:/home/user/.m2/repository/org/slf4j/jul-to-slf4j/1.7.25/jul-to-slf4j-1.7.25.jar:/home/user/.m2/repository/org/eclipse/jetty/jetty-util/9.3.25.v20180904/jetty-util-9.3.25.v20180904.jar:/home/user/.m2/repository/com/fasterxml/jackson/core/jackson-databind/2.9.9/jackson-databind-2.9.9.jar:/home/user/.m2/repository/org/apache/hadoop/hadoop-kms/3.2.0/hadoop-kms-3.2.0-tests.jar:/home/user/.m2/repository/org/apache/hadoop/hadoop-hdds-server-scm/0.5.0-SNAPSHOT/hadoop-hdds-server-scm-0.5.0-SNAPSHOT-tests.jar:/home/user/.m2/repository/org/apache/hadoop/hadoop-hdds-container-service/0.5.0-SNAPSHOT/hadoop-hdds-container-service-0.5.0-SNAPSHOT-tests.jar:/home/user/.m2/repository/org/yaml/snakeyaml/1.16/snakeyaml-1.16.jar:/home/user/.m2/repository/org/apache/hadoop/hadoop-common/3.2.0/hadoop-common-3.2.0-tests.jar:/home/user/.m2/repository/org/apache/hadoop/hadoop-annotations/3.2.0/hadoop-annotations-3.2.0.jar:/usr/lib/jvm/java-1.8-openjdk/jre/../lib/tools.jar:/home/user/.m2/repository/commons-cli/commons-cli/1.2/commons-cli-1.2.jar:/home/user/.m2/repository/org/apache/httpcomponents/httpclient/4.5.2/httpclient-4.5.2.jar:/home/user/.m2/repository/org/apache/httpcomponents/httpcore/4.4.4/httpcore-4.4.4.jar:/home/user/.m2/repository/commons-codec/commons-codec/1.11/commons-codec-1.11.jar:/home/user/.m2/repository/commons-net/commons-net/3.6/commons-net-3.6.jar:/home/user/.m2/repository/commons-collections/commons-collections/3.2.2/commons-collections-3.2.2.jar:/home/user/.m2/repository/org/eclipse/jetty/jetty-servlet/9.3.25.v20180904/jetty-servlet-9.3.25.v20180904.jar:/home/user/.m2/repository/org/eclipse/jetty/jetty-security/9.3.25.v20180904/jetty-security-9.3.25.v20180904.jar:/home/user/.m2/repository/javax/servlet/jsp/jsp-api/2.1/jsp-api-2.1.jar:/home/user/.m2/repository/com/sun/jersey/jersey-servlet/1.19/jersey-servlet-1.19.jar:/home/user/.m2/repository/com/sun/jersey/jersey-json/1.19/jersey-json-1.19.jar:/home/user/.m2/repository/org/codehaus/jettison/jettison/1.1/jettison-1.1.jar:/home/user/.m2/repository/org/codehaus/jackson/jackson-core-asl/1.9.13/jackson-core-asl-1.9.13.jar:/home/user/.m2/repository/org/codehaus/jackson/jackson-mapper-asl/1.9.13/jackson-mapper-asl-1.9.13.jar:/home/user/.m2/repository/org/codehaus/jackson/jackson-jaxrs/1.9.13/jackson-jaxrs-1.9.13.jar:/home/user/.m2/repository/org/codehaus/jackson/jackson-xc/1.9.13/jackson-xc-1.9.13.jar:/home/user/.m2/repository/commons-logging/commons-logging/1.1.3/commons-logging-1.1.3.jar:/home/user/.m2/repository/commons-beanutils/commons-beanutils/1.9.4/commons-beanutils-1.9.4.jar:/home/user/.m2/repository/org/apache/commons/commons-configuration2/2.1.1/commons-configuration2-2.1.1.jar:/home/user/.m2/repository/org/apache/commons/commons-lang3/3.7/commons-lang3-3.7.jar:/home/user/.m2/repository/org/apache/commons/commons-text/1.4/commons-text-1.4.jar:/home/user/.m2/repository/org/apache/avro/avro/1.7.7/avro-1.7.7.jar:/home/user/.m2/repository/com/thoughtworks/paranamer/paranamer/2.3/paranamer-2.3.jar:/home/user/.m2/repository/org/xerial/snappy/snappy-java/1.0.5/snappy-java-1.0.5.jar:/home/user/.m2/repository/com/google/re2j/re2j/1.1/re2j-1.1.jar:/home/user/.m2/repository/com/google/code/gson/gson/2.2.4/gson-2.2.4.jar:/home/user/.m2/repository/com/jcraft/jsch/0.1.54/jsch-0.1.54.jar:/home/user/.m2/repository/org/apache/curator/curator-client/2.12.0/curator-client-2.12.0.jar:/home/user/.m2/repository/org/apache/curator/curator-recipes/2.12.0/curator-recipes-2.12.0.jar:/home/user/.m2/repository/com/google/code/findbugs/jsr305/3.0.0/jsr305-3.0.0.jar:/home/user/.m2/repository/org/apache/htrace/htrace-core4/4.1.0-incubating/htrace-core4-4.1.0-incubating.jar:/home/user/.m2/repository/org/apache/zookeeper/zookeeper/3.4.13/zookeeper-3.4.13.jar:/home/user/.m2/repository/jline/jline/0.9.94/jline-0.9.94.jar:/home/user/.m2/repository/org/apache/yetus/audience-annotations/0.5.0/audience-annotations-0.5.0.jar:/home/user/.m2/repository/org/codehaus/woodstox/stax2-api/3.1.4/stax2-api-3.1.4.jar:/home/user/.m2/repository/com/fasterxml/woodstox/woodstox-core/5.0.3/woodstox-core-5.0.3.jar:/home/user/.m2/repository/dnsjava/dnsjava/2.1.7/dnsjava-2.1.7.jar:/home/user/.m2/repository/org/apache/hadoop/hadoop-hdfs/3.2.0/hadoop-hdfs-3.2.0-tests.jar:/home/user/.m2/repository/org/eclipse/jetty/jetty-util-ajax/9.3.25.v20180904/jetty-util-ajax-9.3.25.v20180904.jar:/home/user/.m2/repository/commons-daemon/commons-daemon/1.0.13/commons-daemon-1.0.13.jar:/home/user/.m2/repository/io/netty/netty/3.10.5.Final/netty-3.10.5.Final.jar:/home/user/.m2/repository/io/netty/netty-all/4.0.52.Final/netty-all-4.0.52.Final.jar:/home/user/.m2/repository/org/fusesource/leveldbjni/leveldbjni-all/1.8/leveldbjni-all-1.8.jar:"/>
    <property name="java.vm.vendor" value="IcedTea"/>
    <property name="sun.arch.data.model" value="64"/>
    <property name="test.build.dir" value="/workdir/hadoop-ozone/integration-test/target/test-dir"/>
    <property name="test.cache.data" value=""/>
    <property name="java.vendor.url" value="https://icedtea.classpath.org"/>
    <property name="user.timezone" value=""/>
    <property name="java.vm.specification.version" value="1.8"/>
    <property name="os.name" value="Linux"/>
    <property name="test.build.data" value="/workdir/hadoop-ozone/integration-test/target/test-dir"/>
    <property name="user.country" value="US"/>
    <property name="sun.java.launcher" value="SUN_STANDARD"/>
    <property name="sun.boot.library.path" value="/usr/lib/jvm/java-1.8-openjdk/jre/lib/amd64"/>
    <property name="sun.java.command" value="/workdir/hadoop-ozone/integration-test/target/surefire/surefirebooter3227729965622896392.jar /workdir/hadoop-ozone/integration-test/target/surefire 2019-09-26T18-35-23_830-jvmRun1 surefire702804031487180854tmp surefire_654002654859346239783tmp"/>
    <property name="test" value="!TestMiniChaosOzoneCluster"/>
    <property name="surefire.test.class.path" value="/workdir/hadoop-ozone/integration-test/target/test-classes:/workdir/hadoop-ozone/integration-test/target/classes:/home/user/.m2/repository/org/apache/hadoop/hadoop-ozone-common/0.5.0-SNAPSHOT/hadoop-ozone-common-0.5.0-SNAPSHOT.jar:/home/user/.m2/repository/org/apache/commons/commons-compress/1.4.1/commons-compress-1.4.1.jar:/home/user/.m2/repository/org/tukaani/xz/1.0/xz-1.0.jar:/home/user/.m2/repository/org/apache/hadoop/hadoop-common/3.2.0/hadoop-common-3.2.0.jar:/home/user/.m2/repository/org/apache/hadoop/hadoop-hdfs/3.2.0/hadoop-hdfs-3.2.0.jar:/home/user/.m2/repository/org/apache/hadoop/hadoop-hdfs-client/3.2.0/hadoop-hdfs-client-3.2.0.jar:/home/user/.m2/repository/com/fasterxml/jackson/core/jackson-annotations/2.9.9/jackson-annotations-2.9.9.jar:/home/user/.m2/repository/org/apache/hadoop/hadoop-hdds-common/0.5.0-SNAPSHOT/hadoop-hdds-common-0.5.0-SNAPSHOT.jar:/home/user/.m2/repository/javax/annotation/javax.annotation-api/1.2/javax.annotation-api-1.2.jar:/home/user/.m2/repository/org/apache/ratis/ratis-server/0.4.0/ratis-server-0.4.0.jar:/home/user/.m2/repository/org/apache/ratis/ratis-thirdparty-misc/0.2.0/ratis-thirdparty-misc-0.2.0.jar:/home/user/.m2/repository/org/apache/ratis/ratis-proto/0.4.0/ratis-proto-0.4.0.jar:/home/user/.m2/repository/org/apache/ratis/ratis-common/0.4.0/ratis-common-0.4.0.jar:/home/user/.m2/repository/org/apache/ratis/ratis-client/0.4.0/ratis-client-0.4.0.jar:/home/user/.m2/repository/org/apache/ratis/ratis-metrics/0.4.0/ratis-metrics-0.4.0.jar:/home/user/.m2/repository/com/github/joshelser/dropwizard-metrics-hadoop-metrics2-reporter/0.1.2/dropwizard-metrics-hadoop-metrics2-reporter-0.1.2.jar:/home/user/.m2/repository/io/dropwizard/metrics/metrics-jvm/3.2.5/metrics-jvm-3.2.5.jar:/home/user/.m2/repository/io/dropwizard/metrics/metrics-ganglia/3.2.5/metrics-ganglia-3.2.5.jar:/home/user/.m2/repository/info/ganglia/gmetric4j/gmetric4j/1.0.7/gmetric4j-1.0.7.jar:/home/user/.m2/repository/org/apache/ratis/ratis-netty/0.4.0/ratis-netty-0.4.0.jar:/home/user/.m2/repository/org/apache/ratis/ratis-grpc/0.4.0/ratis-grpc-0.4.0.jar:/home/user/.m2/repository/org/rocksdb/rocksdbjni/6.0.1/rocksdbjni-6.0.1.jar:/home/user/.m2/repository/org/apache/logging/log4j/log4j-api/2.11.0/log4j-api-2.11.0.jar:/home/user/.m2/repository/org/apache/logging/log4j/log4j-core/2.11.0/log4j-core-2.11.0.jar:/home/user/.m2/repository/com/lmax/disruptor/3.4.2/disruptor-3.4.2.jar:/home/user/.m2/repository/org/apache/commons/commons-pool2/2.6.0/commons-pool2-2.6.0.jar:/home/user/.m2/repository/org/bouncycastle/bcpkix-jdk15on/1.60/bcpkix-jdk15on-1.60.jar:/home/user/.m2/repository/commons-validator/commons-validator/1.6/commons-validator-1.6.jar:/home/user/.m2/repository/commons-digester/commons-digester/1.8.1/commons-digester-1.8.1.jar:/home/user/.m2/repository/io/jaegertracing/jaeger-client/0.34.0/jaeger-client-0.34.0.jar:/home/user/.m2/repository/io/jaegertracing/jaeger-thrift/0.34.0/jaeger-thrift-0.34.0.jar:/home/user/.m2/repository/org/apache/thrift/libthrift/0.12.0/libthrift-0.12.0.jar:/home/user/.m2/repository/com/squareup/okhttp3/okhttp/3.9.0/okhttp-3.9.0.jar:/home/user/.m2/repository/com/squareup/okio/okio/1.13.0/okio-1.13.0.jar:/home/user/.m2/repository/io/jaegertracing/jaeger-core/0.34.0/jaeger-core-0.34.0.jar:/home/user/.m2/repository/io/jaegertracing/jaeger-tracerresolver/0.34.0/jaeger-tracerresolver-0.34.0.jar:/home/user/.m2/repository/io/opentracing/contrib/opentracing-tracerresolver/0.1.5/opentracing-tracerresolver-0.1.5.jar:/home/user/.m2/repository/io/opentracing/opentracing-util/0.31.0/opentracing-util-0.31.0.jar:/home/user/.m2/repository/io/opentracing/opentracing-api/0.31.0/opentracing-api-0.31.0.jar:/home/user/.m2/repository/io/opentracing/opentracing-noop/0.31.0/opentracing-noop-0.31.0.jar:/home/user/.m2/repository/org/apache/hadoop/hadoop-hdds-server-framework/0.5.0-SNAPSHOT/hadoop-hdds-server-framework-0.5.0-SNAPSHOT.jar:/home/user/.m2/repository/org/apache/hadoop/hadoop-hdds-container-service/0.5.0-SNAPSHOT/hadoop-hdds-container-service-0.5.0-SNAPSHOT.jar:/home/user/.m2/repository/org/apache/hadoop/hadoop-hdds-client/0.5.0-SNAPSHOT/hadoop-hdds-client-0.5.0-SNAPSHOT.jar:/home/user/.m2/repository/org/apache/hadoop/hadoop-hdds-tools/0.5.0-SNAPSHOT/hadoop-hdds-tools-0.5.0-SNAPSHOT.jar:/home/user/.m2/repository/org/apache/hadoop/hadoop-hdds-server-scm/0.5.0-SNAPSHOT/hadoop-hdds-server-scm-0.5.0-SNAPSHOT.jar:/home/user/.m2/repository/org/apache/hadoop/hadoop-hdds-docs/0.5.0-SNAPSHOT/hadoop-hdds-docs-0.5.0-SNAPSHOT.jar:/home/user/.m2/repository/io/dropwizard/metrics/metrics-core/3.2.4/metrics-core-3.2.4.jar:/home/user/.m2/repository/org/hamcrest/hamcrest-all/1.3/hamcrest-all-1.3.jar:/home/user/.m2/repository/org/bouncycastle/bcprov-jdk15on/1.60/bcprov-jdk15on-1.60.jar:/home/user/.m2/repository/info/picocli/picocli/3.9.6/picocli-3.9.6.jar:/home/user/.m2/repository/com/google/protobuf/protobuf-java/2.5.0/protobuf-java-2.5.0.jar:/home/user/.m2/repository/com/google/guava/guava/11.0.2/guava-11.0.2.jar:/home/user/.m2/repository/org/apache/hadoop/hadoop-ozone-ozone-manager/0.5.0-SNAPSHOT/hadoop-ozone-ozone-manager-0.5.0-SNAPSHOT.jar:/home/user/.m2/repository/org/apache/hadoop/hadoop-minikdc/3.2.0/hadoop-minikdc-3.2.0.jar:/home/user/.m2/repository/commons-io/commons-io/2.5/commons-io-2.5.jar:/home/user/.m2/repository/org/apache/kerby/kerb-simplekdc/1.0.1/kerb-simplekdc-1.0.1.jar:/home/user/.m2/repository/org/apache/kerby/kerb-client/1.0.1/kerb-client-1.0.1.jar:/home/user/.m2/repository/org/apache/kerby/kerby-config/1.0.1/kerby-config-1.0.1.jar:/home/user/.m2/repository/org/apache/kerby/kerb-core/1.0.1/kerb-core-1.0.1.jar:/home/user/.m2/repository/org/apache/kerby/kerby-pkix/1.0.1/kerby-pkix-1.0.1.jar:/home/user/.m2/repository/org/apache/kerby/kerby-asn1/1.0.1/kerby-asn1-1.0.1.jar:/home/user/.m2/repository/org/apache/kerby/kerby-util/1.0.1/kerby-util-1.0.1.jar:/home/user/.m2/repository/org/apache/kerby/kerb-common/1.0.1/kerb-common-1.0.1.jar:/home/user/.m2/repository/org/apache/kerby/kerb-crypto/1.0.1/kerb-crypto-1.0.1.jar:/home/user/.m2/repository/org/apache/kerby/kerb-util/1.0.1/kerb-util-1.0.1.jar:/home/user/.m2/repository/org/apache/kerby/token-provider/1.0.1/token-provider-1.0.1.jar:/home/user/.m2/repository/org/apache/kerby/kerb-admin/1.0.1/kerb-admin-1.0.1.jar:/home/user/.m2/repository/org/apache/kerby/kerb-server/1.0.1/kerb-server-1.0.1.jar:/home/user/.m2/repository/org/apache/kerby/kerb-identity/1.0.1/kerb-identity-1.0.1.jar:/home/user/.m2/repository/org/apache/kerby/kerby-xdr/1.0.1/kerby-xdr-1.0.1.jar:/home/user/.m2/repository/org/slf4j/slf4j-log4j12/1.7.25/slf4j-log4j12-1.7.25.jar:/home/user/.m2/repository/org/apache/hadoop/hadoop-ozone-s3gateway/0.5.0-SNAPSHOT/hadoop-ozone-s3gateway-0.5.0-SNAPSHOT.jar:/home/user/.m2/repository/org/jboss/weld/servlet/weld-servlet/2.4.7.Final/weld-servlet-2.4.7.Final.jar:/home/user/.m2/repository/org/glassfish/jersey/containers/jersey-container-servlet-core/2.27/jersey-container-servlet-core-2.27.jar:/home/user/.m2/repository/org/glassfish/hk2/external/javax.inject/2.5.0-b42/javax.inject-2.5.0-b42.jar:/home/user/.m2/repository/org/glassfish/jersey/core/jersey-common/2.27/jersey-common-2.27.jar:/home/user/.m2/repository/org/glassfish/hk2/osgi-resource-locator/1.0.1/osgi-resource-locator-1.0.1.jar:/home/user/.m2/repository/javax/ws/rs/javax.ws.rs-api/2.1/javax.ws.rs-api-2.1.jar:/home/user/.m2/repository/org/glassfish/jersey/ext/cdi/jersey-cdi1x/2.27/jersey-cdi1x-2.27.jar:/home/user/.m2/repository/org/glassfish/jersey/inject/jersey-hk2/2.27/jersey-hk2-2.27.jar:/home/user/.m2/repository/org/glassfish/hk2/hk2-locator/2.5.0-b42/hk2-locator-2.5.0-b42.jar:/home/user/.m2/repository/org/javassist/javassist/3.22.0-CR2/javassist-3.22.0-CR2.jar:/home/user/.m2/repository/org/glassfish/hk2/hk2-api/2.5.0/hk2-api-2.5.0.jar:/home/user/.m2/repository/org/glassfish/hk2/external/jakarta.inject/2.5.0/jakarta.inject-2.5.0.jar:/home/user/.m2/repository/org/glassfish/hk2/hk2-utils/2.5.0/hk2-utils-2.5.0.jar:/home/user/.m2/repository/jakarta/annotation/jakarta.annotation-api/1.3.4/jakarta.annotation-api-1.3.4.jar:/home/user/.m2/repository/org/glassfish/hk2/external/aopalliance-repackaged/2.5.0/aopalliance-repackaged-2.5.0.jar:/home/user/.m2/repository/com/fasterxml/jackson/dataformat/jackson-dataformat-xml/2.9.0/jackson-dataformat-xml-2.9.0.jar:/home/user/.m2/repository/com/fasterxml/jackson/core/jackson-core/2.9.9/jackson-core-2.9.9.jar:/home/user/.m2/repository/com/fasterxml/jackson/module/jackson-module-jaxb-annotations/2.9.9/jackson-module-jaxb-annotations-2.9.9.jar:/home/user/.m2/repository/javax/enterprise/cdi-api/1.2/cdi-api-1.2.jar:/home/user/.m2/repository/javax/el/javax.el-api/3.0.0/javax.el-api-3.0.0.jar:/home/user/.m2/repository/javax/interceptor/javax.interceptor-api/1.2/javax.interceptor-api-1.2.jar:/home/user/.m2/repository/javax/inject/javax.inject/1/javax.inject-1.jar:/home/user/.m2/repository/com/sun/xml/bind/jaxb-impl/2.3.0.1/jaxb-impl-2.3.0.1.jar:/home/user/.m2/repository/com/sun/xml/bind/jaxb-core/2.3.0.1/jaxb-core-2.3.0.1.jar:/home/user/.m2/repository/javax/xml/bind/jaxb-api/2.3.0/jaxb-api-2.3.0.jar:/home/user/.m2/repository/javax/activation/activation/1.1.1/activation-1.1.1.jar:/home/user/.m2/repository/org/apache/hadoop/hadoop-ozone-csi/0.5.0-SNAPSHOT/hadoop-ozone-csi-0.5.0-SNAPSHOT.jar:/home/user/.m2/repository/com/google/protobuf/protobuf-java-util/3.5.1/protobuf-java-util-3.5.1.jar:/home/user/.m2/repository/org/apache/hadoop/hadoop-hdds-config/0.5.0-SNAPSHOT/hadoop-hdds-config-0.5.0-SNAPSHOT.jar:/home/user/.m2/repository/io/grpc/grpc-netty/1.17.1/grpc-netty-1.17.1.jar:/home/user/.m2/repository/io/grpc/grpc-core/1.17.1/grpc-core-1.17.1.jar:/home/user/.m2/repository/io/grpc/grpc-context/1.17.1/grpc-context-1.17.1.jar:/home/user/.m2/repository/com/google/errorprone/error_prone_annotations/2.2.0/error_prone_annotations-2.2.0.jar:/home/user/.m2/repository/org/codehaus/mojo/animal-sniffer-annotations/1.17/animal-sniffer-annotations-1.17.jar:/home/user/.m2/repository/io/opencensus/opencensus-api/0.17.0/opencensus-api-0.17.0.jar:/home/user/.m2/repository/io/opencensus/opencensus-contrib-grpc-metrics/0.17.0/opencensus-contrib-grpc-metrics-0.17.0.jar:/home/user/.m2/repository/io/netty/netty-codec-http2/4.1.30.Final/netty-codec-http2-4.1.30.Final.jar:/home/user/.m2/repository/io/netty/netty-codec-http/4.1.30.Final/netty-codec-http-4.1.30.Final.jar:/home/user/.m2/repository/io/netty/netty-codec/4.1.30.Final/netty-codec-4.1.30.Final.jar:/home/user/.m2/repository/io/netty/netty-handler/4.1.30.Final/netty-handler-4.1.30.Final.jar:/home/user/.m2/repository/io/netty/netty-handler-proxy/4.1.30.Final/netty-handler-proxy-4.1.30.Final.jar:/home/user/.m2/repository/io/netty/netty-codec-socks/4.1.30.Final/netty-codec-socks-4.1.30.Final.jar:/home/user/.m2/repository/io/netty/netty-transport-native-epoll/4.1.30.Final/netty-transport-native-epoll-4.1.30.Final.jar:/home/user/.m2/repository/io/netty/netty-common/4.1.30.Final/netty-common-4.1.30.Final.jar:/home/user/.m2/repository/io/netty/netty-buffer/4.1.30.Final/netty-buffer-4.1.30.Final.jar:/home/user/.m2/repository/io/netty/netty-transport/4.1.30.Final/netty-transport-4.1.30.Final.jar:/home/user/.m2/repository/io/netty/netty-resolver/4.1.30.Final/netty-resolver-4.1.30.Final.jar:/home/user/.m2/repository/io/netty/netty-transport-native-unix-common/4.1.30.Final/netty-transport-native-unix-common-4.1.30.Final.jar:/home/user/.m2/repository/io/grpc/grpc-protobuf/1.17.1/grpc-protobuf-1.17.1.jar:/home/user/.m2/repository/com/google/api/grpc/proto-google-common-protos/1.0.0/proto-google-common-protos-1.0.0.jar:/home/user/.m2/repository/io/grpc/grpc-protobuf-lite/1.17.1/grpc-protobuf-lite-1.17.1.jar:/home/user/.m2/repository/io/grpc/grpc-stub/1.17.1/grpc-stub-1.17.1.jar:/home/user/.m2/repository/org/apache/hadoop/hadoop-ozone-recon/0.5.0-SNAPSHOT/hadoop-ozone-recon-0.5.0-SNAPSHOT.jar:/home/user/.m2/repository/org/apache/hadoop/hadoop-ozone-reconcodegen/0.5.0-SNAPSHOT/hadoop-ozone-reconcodegen-0.5.0-SNAPSHOT.jar:/home/user/.m2/repository/com/google/inject/extensions/guice-multibindings/4.0/guice-multibindings-4.0.jar:/home/user/.m2/repository/com/google/inject/guice/4.0/guice-4.0.jar:/home/user/.m2/repository/aopalliance/aopalliance/1.0/aopalliance-1.0.jar:/home/user/.m2/repository/com/google/inject/extensions/guice-servlet/4.0/guice-servlet-4.0.jar:/home/user/.m2/repository/org/glassfish/jersey/containers/jersey-container-servlet/2.27/jersey-container-servlet-2.27.jar:/home/user/.m2/repository/org/glassfish/hk2/guice-bridge/2.5.0/guice-bridge-2.5.0.jar:/home/user/.m2/repository/org/glassfish/jersey/core/jersey-server/2.27/jersey-server-2.27.jar:/home/user/.m2/repository/org/glassfish/jersey/core/jersey-client/2.27/jersey-client-2.27.jar:/home/user/.m2/repository/org/glassfish/jersey/media/jersey-media-jaxb/2.27/jersey-media-jaxb-2.27.jar:/home/user/.m2/repository/javax/validation/validation-api/1.1.0.Final/validation-api-1.1.0.Final.jar:/home/user/.m2/repository/org/glassfish/jersey/media/jersey-media-json-jackson/2.27/jersey-media-json-jackson-2.27.jar:/home/user/.m2/repository/org/glassfish/jersey/ext/jersey-entity-filtering/2.27/jersey-entity-filtering-2.27.jar:/home/user/.m2/repository/com/google/inject/extensions/guice-assistedinject/4.0/guice-assistedinject-4.0.jar:/home/user/.m2/repository/org/jooq/jooq/3.11.10/jooq-3.11.10.jar:/home/user/.m2/repository/org/jooq/jooq-meta/3.11.10/jooq-meta-3.11.10.jar:/home/user/.m2/repository/org/jooq/jooq-codegen/3.11.10/jooq-codegen-3.11.10.jar:/home/user/.m2/repository/com/jolbox/bonecp/0.8.0.RELEASE/bonecp-0.8.0.RELEASE.jar:/home/user/.m2/repository/org/xerial/sqlite-jdbc/3.25.2/sqlite-jdbc-3.25.2.jar:/home/user/.m2/repository/org/springframework/spring-jdbc/5.1.3.RELEASE/spring-jdbc-5.1.3.RELEASE.jar:/home/user/.m2/repository/org/springframework/spring-beans/5.1.3.RELEASE/spring-beans-5.1.3.RELEASE.jar:/home/user/.m2/repository/org/springframework/spring-core/5.1.3.RELEASE/spring-core-5.1.3.RELEASE.jar:/home/user/.m2/repository/org/springframework/spring-jcl/5.1.3.RELEASE/spring-jcl-5.1.3.RELEASE.jar:/home/user/.m2/repository/org/springframework/spring-tx/5.1.3.RELEASE/spring-tx-5.1.3.RELEASE.jar:/home/user/.m2/repository/org/apache/hadoop/hadoop-ozone-client/0.5.0-SNAPSHOT/hadoop-ozone-client-0.5.0-SNAPSHOT.jar:/home/user/.m2/repository/commons-lang/commons-lang/2.6/commons-lang-2.6.jar:/home/user/.m2/repository/org/apache/hadoop/hadoop-ozone-ozone-manager/0.5.0-SNAPSHOT/hadoop-ozone-ozone-manager-0.5.0-SNAPSHOT-tests.jar:/home/user/.m2/repository/junit/junit/4.11/junit-4.11.jar:/home/user/.m2/repository/org/hamcrest/hamcrest-core/1.3/hamcrest-core-1.3.jar:/home/user/.m2/repository/org/openjdk/jmh/jmh-core/1.19/jmh-core-1.19.jar:/home/user/.m2/repository/net/sf/jopt-simple/jopt-simple/4.6/jopt-simple-4.6.jar:/home/user/.m2/repository/org/apache/commons/commons-math3/3.1.1/commons-math3-3.1.1.jar:/home/user/.m2/repository/org/openjdk/jmh/jmh-generator-annprocess/1.19/jmh-generator-annprocess-1.19.jar:/home/user/.m2/repository/org/mockito/mockito-all/1.8.5/mockito-all-1.8.5.jar:/home/user/.m2/repository/org/apache/hadoop/hadoop-kms/3.2.0/hadoop-kms-3.2.0.jar:/home/user/.m2/repository/org/apache/hadoop/hadoop-auth/3.2.0/hadoop-auth-3.2.0.jar:/home/user/.m2/repository/com/nimbusds/nimbus-jose-jwt/4.41.1/nimbus-jose-jwt-4.41.1.jar:/home/user/.m2/repository/com/github/stephenc/jcip/jcip-annotations/1.0-1/jcip-annotations-1.0-1.jar:/home/user/.m2/repository/net/minidev/json-smart/2.3/json-smart-2.3.jar:/home/user/.m2/repository/net/minidev/accessors-smart/1.2/accessors-smart-1.2.jar:/home/user/.m2/repository/org/ow2/asm/asm/5.0.4/asm-5.0.4.jar:/home/user/.m2/repository/org/apache/curator/curator-framework/2.12.0/curator-framework-2.12.0.jar:/home/user/.m2/repository/com/sun/jersey/jersey-core/1.19/jersey-core-1.19.jar:/home/user/.m2/repository/javax/ws/rs/jsr311-api/1.1.1/jsr311-api-1.1.1.jar:/home/user/.m2/repository/com/sun/jersey/jersey-server/1.19/jersey-server-1.19.jar:/home/user/.m2/repository/javax/servlet/javax.servlet-api/3.1.0/javax.servlet-api-3.1.0.jar:/home/user/.m2/repository/org/eclipse/jetty/jetty-server/9.3.25.v20180904/jetty-server-9.3.25.v20180904.jar:/home/user/.m2/repository/org/eclipse/jetty/jetty-http/9.3.25.v20180904/jetty-http-9.3.25.v20180904.jar:/home/user/.m2/repository/org/eclipse/jetty/jetty-io/9.3.25.v20180904/jetty-io-9.3.25.v20180904.jar:/home/user/.m2/repository/org/eclipse/jetty/jetty-webapp/9.3.25.v20180904/jetty-webapp-9.3.25.v20180904.jar:/home/user/.m2/repository/org/eclipse/jetty/jetty-xml/9.3.25.v20180904/jetty-xml-9.3.25.v20180904.jar:/home/user/.m2/repository/log4j/log4j/1.2.17/log4j-1.2.17.jar:/home/user/.m2/repository/org/slf4j/slf4j-api/1.7.25/slf4j-api-1.7.25.jar:/home/user/.m2/repository/org/slf4j/jul-to-slf4j/1.7.25/jul-to-slf4j-1.7.25.jar:/home/user/.m2/repository/org/eclipse/jetty/jetty-util/9.3.25.v20180904/jetty-util-9.3.25.v20180904.jar:/home/user/.m2/repository/com/fasterxml/jackson/core/jackson-databind/2.9.9/jackson-databind-2.9.9.jar:/home/user/.m2/repository/org/apache/hadoop/hadoop-kms/3.2.0/hadoop-kms-3.2.0-tests.jar:/home/user/.m2/repository/org/apache/hadoop/hadoop-hdds-server-scm/0.5.0-SNAPSHOT/hadoop-hdds-server-scm-0.5.0-SNAPSHOT-tests.jar:/home/user/.m2/repository/org/apache/hadoop/hadoop-hdds-container-service/0.5.0-SNAPSHOT/hadoop-hdds-container-service-0.5.0-SNAPSHOT-tests.jar:/home/user/.m2/repository/org/yaml/snakeyaml/1.16/snakeyaml-1.16.jar:/home/user/.m2/repository/org/apache/hadoop/hadoop-common/3.2.0/hadoop-common-3.2.0-tests.jar:/home/user/.m2/repository/org/apache/hadoop/hadoop-annotations/3.2.0/hadoop-annotations-3.2.0.jar:/usr/lib/jvm/java-1.8-openjdk/jre/../lib/tools.jar:/home/user/.m2/repository/commons-cli/commons-cli/1.2/commons-cli-1.2.jar:/home/user/.m2/repository/org/apache/httpcomponents/httpclient/4.5.2/httpclient-4.5.2.jar:/home/user/.m2/repository/org/apache/httpcomponents/httpcore/4.4.4/httpcore-4.4.4.jar:/home/user/.m2/repository/commons-codec/commons-codec/1.11/commons-codec-1.11.jar:/home/user/.m2/repository/commons-net/commons-net/3.6/commons-net-3.6.jar:/home/user/.m2/repository/commons-collections/commons-collections/3.2.2/commons-collections-3.2.2.jar:/home/user/.m2/repository/org/eclipse/jetty/jetty-servlet/9.3.25.v20180904/jetty-servlet-9.3.25.v20180904.jar:/home/user/.m2/repository/org/eclipse/jetty/jetty-security/9.3.25.v20180904/jetty-security-9.3.25.v20180904.jar:/home/user/.m2/repository/javax/servlet/jsp/jsp-api/2.1/jsp-api-2.1.jar:/home/user/.m2/repository/com/sun/jersey/jersey-servlet/1.19/jersey-servlet-1.19.jar:/home/user/.m2/repository/com/sun/jersey/jersey-json/1.19/jersey-json-1.19.jar:/home/user/.m2/repository/org/codehaus/jettison/jettison/1.1/jettison-1.1.jar:/home/user/.m2/repository/org/codehaus/jackson/jackson-core-asl/1.9.13/jackson-core-asl-1.9.13.jar:/home/user/.m2/repository/org/codehaus/jackson/jackson-mapper-asl/1.9.13/jackson-mapper-asl-1.9.13.jar:/home/user/.m2/repository/org/codehaus/jackson/jackson-jaxrs/1.9.13/jackson-jaxrs-1.9.13.jar:/home/user/.m2/repository/org/codehaus/jackson/jackson-xc/1.9.13/jackson-xc-1.9.13.jar:/home/user/.m2/repository/commons-logging/commons-logging/1.1.3/commons-logging-1.1.3.jar:/home/user/.m2/repository/commons-beanutils/commons-beanutils/1.9.4/commons-beanutils-1.9.4.jar:/home/user/.m2/repository/org/apache/commons/commons-configuration2/2.1.1/commons-configuration2-2.1.1.jar:/home/user/.m2/repository/org/apache/commons/commons-lang3/3.7/commons-lang3-3.7.jar:/home/user/.m2/repository/org/apache/commons/commons-text/1.4/commons-text-1.4.jar:/home/user/.m2/repository/org/apache/avro/avro/1.7.7/avro-1.7.7.jar:/home/user/.m2/repository/com/thoughtworks/paranamer/paranamer/2.3/paranamer-2.3.jar:/home/user/.m2/repository/org/xerial/snappy/snappy-java/1.0.5/snappy-java-1.0.5.jar:/home/user/.m2/repository/com/google/re2j/re2j/1.1/re2j-1.1.jar:/home/user/.m2/repository/com/google/code/gson/gson/2.2.4/gson-2.2.4.jar:/home/user/.m2/repository/com/jcraft/jsch/0.1.54/jsch-0.1.54.jar:/home/user/.m2/repository/org/apache/curator/curator-client/2.12.0/curator-client-2.12.0.jar:/home/user/.m2/repository/org/apache/curator/curator-recipes/2.12.0/curator-recipes-2.12.0.jar:/home/user/.m2/repository/com/google/code/findbugs/jsr305/3.0.0/jsr305-3.0.0.jar:/home/user/.m2/repository/org/apache/htrace/htrace-core4/4.1.0-incubating/htrace-core4-4.1.0-incubating.jar:/home/user/.m2/repository/org/apache/zookeeper/zookeeper/3.4.13/zookeeper-3.4.13.jar:/home/user/.m2/repository/jline/jline/0.9.94/jline-0.9.94.jar:/home/user/.m2/repository/org/apache/yetus/audience-annotations/0.5.0/audience-annotations-0.5.0.jar:/home/user/.m2/repository/org/codehaus/woodstox/stax2-api/3.1.4/stax2-api-3.1.4.jar:/home/user/.m2/repository/com/fasterxml/woodstox/woodstox-core/5.0.3/woodstox-core-5.0.3.jar:/home/user/.m2/repository/dnsjava/dnsjava/2.1.7/dnsjava-2.1.7.jar:/home/user/.m2/repository/org/apache/hadoop/hadoop-hdfs/3.2.0/hadoop-hdfs-3.2.0-tests.jar:/home/user/.m2/repository/org/eclipse/jetty/jetty-util-ajax/9.3.25.v20180904/jetty-util-ajax-9.3.25.v20180904.jar:/home/user/.m2/repository/commons-daemon/commons-daemon/1.0.13/commons-daemon-1.0.13.jar:/home/user/.m2/repository/io/netty/netty/3.10.5.Final/netty-3.10.5.Final.jar:/home/user/.m2/repository/io/netty/netty-all/4.0.52.Final/netty-all-4.0.52.Final.jar:/home/user/.m2/repository/org/fusesource/leveldbjni/leveldbjni-all/1.8/leveldbjni-all-1.8.jar:"/>
    <property name="sun.cpu.endian" value="little"/>
    <property name="user.home" value="/home/user"/>
    <property name="user.language" value="en"/>
    <property name="java.specification.vendor" value="Oracle Corporation"/>
    <property name="java.home" value="/usr/lib/jvm/java-1.8-openjdk/jre"/>
    <property name="java.security.krb5.conf" value="/workdir/hadoop-ozone/integration-test/target/test-classes/krb5.conf"/>
    <property name="basedir" value="/workdir/hadoop-ozone/integration-test"/>
    <property name="file.separator" value="/"/>
    <property name="line.separator" value="&#10;"/>
    <property name="java.vm.specification.vendor" value="Oracle Corporation"/>
    <property name="java.specification.name" value="Java Platform API Specification"/>
    <property name="java.awt.graphicsenv" value="sun.awt.X11GraphicsEnvironment"/>
    <property name="surefire.real.class.path" value="/workdir/hadoop-ozone/integration-test/target/surefire/surefirebooter3227729965622896392.jar"/>
    <property name="hadoop.log.dir" value="/workdir/hadoop-ozone/integration-test/target/log"/>
    <property name="sun.boot.class.path" value="/usr/lib/jvm/java-1.8-openjdk/jre/lib/resources.jar:/usr/lib/jvm/java-1.8-openjdk/jre/lib/rt.jar:/usr/lib/jvm/java-1.8-openjdk/jre/lib/sunrsasign.jar:/usr/lib/jvm/java-1.8-openjdk/jre/lib/jsse.jar:/usr/lib/jvm/java-1.8-openjdk/jre/lib/jce.jar:/usr/lib/jvm/java-1.8-openjdk/jre/lib/charsets.jar:/usr/lib/jvm/java-1.8-openjdk/jre/lib/jfr.jar:/usr/lib/jvm/java-1.8-openjdk/jre/classes"/>
    <property name="sun.management.compiler" value="HotSpot 64-Bit Tiered Compilers"/>
    <property name="java.runtime.version" value="1.8.0_212-b04"/>
    <property name="java.net.preferIPv4Stack" value="true"/>
    <property name="user.name" value="jenkins1000"/>
    <property name="path.separator" value=":"/>
    <property name="java.security.egd" value="file:///dev/urandom"/>
    <property name="os.version" value="3.10.0-957.12.2.el7.x86_64"/>
    <property name="java.endorsed.dirs" value="/usr/lib/jvm/java-1.8-openjdk/jre/lib/endorsed"/>
    <property name="java.runtime.name" value="OpenJDK Runtime Environment"/>
    <property name="file.encoding" value="UTF-8"/>
    <property name="java.vm.name" value="OpenJDK 64-Bit Server VM"/>
    <property name="test.build.webapps" value=""/>
    <property name="localRepository" value="/home/user/.m2/repository"/>
    <property name="java.vendor.url.bug" value="https://icedtea.classpath.org/bugzilla"/>
    <property name="java.io.tmpdir" value="/tmp"/>
    <property name="require.test.libhadoop" value=""/>
    <property name="java.version" value="1.8.0_212"/>
    <property name="user.dir" value="/workdir/hadoop-ozone/integration-test"/>
    <property name="os.arch" value="amd64"/>
    <property name="java.vm.specification.name" value="Java Virtual Machine Specification"/>
    <property name="test.build.classes" value="/workdir/hadoop-ozone/integration-test/target/test-classes"/>
    <property name="java.awt.printerjob" value="sun.print.PSPrinterJob"/>
    <property name="sun.os.patch.level" value="unknown"/>
    <property name="hadoop.tmp.dir" value="/workdir/hadoop-ozone/integration-test/target/tmp"/>
    <property name="java.library.path" value="/usr/lib/jvm/java-1.8-openjdk/jre/lib/amd64/server:/usr/lib/jvm/java-1.8-openjdk/jre/lib/amd64:/usr/lib/jvm/java-1.8-openjdk/jre/../lib/amd64:/workdir/hadoop-ozone/integration-test/target/native/target/usr/local/lib:/workdir/hadoop-ozone/integration-test/../../hadoop-common-project/hadoop-common/target/native/target/usr/local/lib:/usr/java/packages/lib/amd64:/usr/lib64:/lib64:/lib:/usr/lib"/>
    <property name="java.vm.info" value="mixed mode"/>
    <property name="java.vendor" value="IcedTea"/>
    <property name="java.vm.version" value="25.212-b04"/>
    <property name="java.ext.dirs" value="/usr/lib/jvm/java-1.8-openjdk/jre/lib/ext:/usr/java/packages/lib/ext"/>
    <property name="sun.io.unicode.encoding" value="UnicodeLittle"/>
    <property name="java.class.version" value="52.0"/>
  </properties>
  <testcase name="org.apache.hadoop.ozone.client.rpc.TestReadRetries" classname="org.apache.hadoop.ozone.client.rpc.TestReadRetries" time="147.17">
    <error message="Connection refused" type="java.net.ConnectException"><![CDATA[java.net.ConnectException: Connection refused
	at sun.nio.ch.SocketChannelImpl.checkConnect(Native Method)
	at sun.nio.ch.SocketChannelImpl.finishConnect(SocketChannelImpl.java:717)
	at org.apache.hadoop.net.SocketIOWithTimeout.connect(SocketIOWithTimeout.java:206)
	at org.apache.hadoop.net.NetUtils.connect(NetUtils.java:531)
	at org.apache.hadoop.ipc.Client$Connection.setupConnection(Client.java:690)
	at org.apache.hadoop.ipc.Client$Connection.setupIOstreams(Client.java:794)
	at org.apache.hadoop.ipc.Client$Connection.access$3700(Client.java:411)
	at org.apache.hadoop.ipc.Client.getConnection(Client.java:1572)
	at org.apache.hadoop.ipc.Client.call(Client.java:1403)
	at org.apache.hadoop.ipc.Client.call(Client.java:1367)
	at org.apache.hadoop.ipc.ProtobufRpcEngine$Invoker.invoke(ProtobufRpcEngine.java:228)
	at org.apache.hadoop.ipc.ProtobufRpcEngine$Invoker.invoke(ProtobufRpcEngine.java:116)
	at com.sun.proxy.$Proxy37.submitRequest(Unknown Source)
	at sun.reflect.NativeMethodAccessorImpl.invoke0(Native Method)
	at sun.reflect.NativeMethodAccessorImpl.invoke(NativeMethodAccessorImpl.java:62)
	at sun.reflect.DelegatingMethodAccessorImpl.invoke(DelegatingMethodAccessorImpl.java:43)
	at java.lang.reflect.Method.invoke(Method.java:498)
	at org.apache.hadoop.io.retry.RetryInvocationHandler.invokeMethod(RetryInvocationHandler.java:422)
	at org.apache.hadoop.io.retry.RetryInvocationHandler$Call.invokeMethod(RetryInvocationHandler.java:165)
	at org.apache.hadoop.io.retry.RetryInvocationHandler$Call.invoke(RetryInvocationHandler.java:157)
	at org.apache.hadoop.io.retry.RetryInvocationHandler$Call.invokeOnce(RetryInvocationHandler.java:95)
	at org.apache.hadoop.io.retry.RetryInvocationHandler.invoke(RetryInvocationHandler.java:359)
	at com.sun.proxy.$Proxy37.submitRequest(Unknown Source)
	at org.apache.hadoop.ozone.om.protocolPB.OzoneManagerProtocolClientSideTranslatorPB.submitRequest(OzoneManagerProtocolClientSideTranslatorPB.java:338)
	at org.apache.hadoop.ozone.om.protocolPB.OzoneManagerProtocolClientSideTranslatorPB.getServiceInfo(OzoneManagerProtocolClientSideTranslatorPB.java:1223)
	at sun.reflect.NativeMethodAccessorImpl.invoke0(Native Method)
	at sun.reflect.NativeMethodAccessorImpl.invoke(NativeMethodAccessorImpl.java:62)
	at sun.reflect.DelegatingMethodAccessorImpl.invoke(DelegatingMethodAccessorImpl.java:43)
	at java.lang.reflect.Method.invoke(Method.java:498)
	at org.apache.hadoop.hdds.tracing.TraceAllMethod.invoke(TraceAllMethod.java:66)
	at com.sun.proxy.$Proxy38.getServiceInfo(Unknown Source)
	at org.apache.hadoop.ozone.client.rpc.RpcClient.<init>(RpcClient.java:154)
	at org.apache.hadoop.ozone.client.OzoneClientFactory.getClientProtocol(OzoneClientFactory.java:256)
	at org.apache.hadoop.ozone.client.OzoneClientFactory.getClientProtocol(OzoneClientFactory.java:239)
	at org.apache.hadoop.ozone.client.OzoneClientFactory.getRpcClient(OzoneClientFactory.java:203)
	at org.apache.hadoop.ozone.client.rpc.TestReadRetries.init(TestReadRetries.java:95)
	at sun.reflect.NativeMethodAccessorImpl.invoke0(Native Method)
	at sun.reflect.NativeMethodAccessorImpl.invoke(NativeMethodAccessorImpl.java:62)
	at sun.reflect.DelegatingMethodAccessorImpl.invoke(DelegatingMethodAccessorImpl.java:43)
	at java.lang.reflect.Method.invoke(Method.java:498)
	at org.junit.runners.model.FrameworkMethod$1.runReflectiveCall(FrameworkMethod.java:47)
	at org.junit.internal.runners.model.ReflectiveCallable.run(ReflectiveCallable.java:12)
	at org.junit.runners.model.FrameworkMethod.invokeExplosively(FrameworkMethod.java:44)
	at org.junit.internal.runners.statements.RunBefores.evaluate(RunBefores.java:24)
	at org.junit.internal.runners.statements.RunAfters.evaluate(RunAfters.java:27)
	at org.junit.runners.ParentRunner.run(ParentRunner.java:309)
	at org.apache.maven.surefire.junit4.JUnit4Provider.execute(JUnit4Provider.java:365)
	at org.apache.maven.surefire.junit4.JUnit4Provider.executeWithRerun(JUnit4Provider.java:273)
	at org.apache.maven.surefire.junit4.JUnit4Provider.executeTestSet(JUnit4Provider.java:238)
	at org.apache.maven.surefire.junit4.JUnit4Provider.invoke(JUnit4Provider.java:159)
	at org.apache.maven.surefire.booter.ForkedBooter.invokeProviderInSameClassLoader(ForkedBooter.java:384)
	at org.apache.maven.surefire.booter.ForkedBooter.runSuitesInProcess(ForkedBooter.java:345)
	at org.apache.maven.surefire.booter.ForkedBooter.execute(ForkedBooter.java:126)
	at org.apache.maven.surefire.booter.ForkedBooter.main(ForkedBooter.java:418)
]]></error>
    <system-out><![CDATA[2019-09-26 20:15:01,723 [main] WARN  server.ServerUtils (ServerUtils.java:getScmDbDir(145)) - ozone.scm.db.dirs is not configured. We recommend adding this setting. Falling back to ozone.metadata.dirs instead.
2019-09-26 20:15:01,838 [main] WARN  server.ServerUtils (ServerUtils.java:getScmDbDir(145)) - ozone.scm.db.dirs is not configured. We recommend adding this setting. Falling back to ozone.metadata.dirs instead.
2019-09-26 20:15:01,841 [main] WARN  server.ServerUtils (ServerUtils.java:getScmDbDir(145)) - ozone.scm.db.dirs is not configured. We recommend adding this setting. Falling back to ozone.metadata.dirs instead.
2019-09-26 20:15:01,857 [main] INFO  util.log (Log.java:initialized(192)) - Logging initialized @891ms
2019-09-26 20:15:01,958 [main] INFO  db.DBStoreBuilder (DBStoreBuilder.java:addTable(110)) - using custom profile for table: deletedBlocks
2019-09-26 20:15:01,958 [main] INFO  db.DBStoreBuilder (DBStoreBuilder.java:processTables(161)) - Using default column profile:DBProfile.DISK for Table:deletedBlocks
2019-09-26 20:15:01,959 [main] INFO  db.DBStoreBuilder (DBStoreBuilder.java:addTable(110)) - using custom profile for table: validCerts
2019-09-26 20:15:01,959 [main] INFO  db.DBStoreBuilder (DBStoreBuilder.java:processTables(161)) - Using default column profile:DBProfile.DISK for Table:validCerts
2019-09-26 20:15:01,959 [main] INFO  db.DBStoreBuilder (DBStoreBuilder.java:addTable(110)) - using custom profile for table: revokedCerts
2019-09-26 20:15:01,959 [main] INFO  db.DBStoreBuilder (DBStoreBuilder.java:processTables(161)) - Using default column profile:DBProfile.DISK for Table:revokedCerts
2019-09-26 20:15:01,971 [main] INFO  db.DBStoreBuilder (DBStoreBuilder.java:addTable(110)) - using custom profile for table: default
2019-09-26 20:15:01,971 [main] INFO  db.DBStoreBuilder (DBStoreBuilder.java:processTables(167)) - Using default column profile:DBProfile.DISK for Table:default
2019-09-26 20:15:01,973 [main] INFO  db.DBStoreBuilder (DBStoreBuilder.java:getDbProfile(198)) - Using default options. DBProfile.DISK
2019-09-26 20:15:02,209 [main] INFO  net.NodeSchemaLoader (NodeSchemaLoader.java:loadSchemaFromFile(125)) - Loading file from sun.misc.CompoundEnumeration@5e0e82ae
2019-09-26 20:15:02,211 [main] INFO  net.NodeSchemaLoader (NodeSchemaLoader.java:loadSchema(171)) - Loading network topology layer schema file
2019-09-26 20:15:02,318 [main] WARN  server.ServerUtils (ServerUtils.java:sanitizeUserArgs(70)) - ozone.scm.stale.node.interval value = 300000 is larger than max = 100000 based on the key value of ozone.scm.heartbeat.thread.interval, reset to the max value 100000.
2019-09-26 20:15:02,320 [main] WARN  server.ServerUtils (ServerUtils.java:sanitizeUserArgs(70)) - ozone.scm.stale.node.interval value = 300000 is larger than max = 100000 based on the key value of ozone.scm.heartbeat.thread.interval, reset to the max value 100000.
2019-09-26 20:15:02,323 [main] INFO  node.SCMNodeManager (SCMNodeManager.java:<init>(114)) - Entering startup safe mode.
2019-09-26 20:15:02,398 [main] INFO  algorithms.ContainerPlacementPolicyFactory (ContainerPlacementPolicyFactory.java:getPolicy(57)) - Create container placement policy of type org.apache.hadoop.hdds.scm.container.placement.algorithms.SCMContainerPlacementRandom
2019-09-26 20:15:02,414 [main] WARN  server.ServerUtils (ServerUtils.java:getScmDbDir(145)) - ozone.scm.db.dirs is not configured. We recommend adding this setting. Falling back to ozone.metadata.dirs instead.
2019-09-26 20:15:02,484 [main] INFO  pipeline.SCMPipelineManager (SCMPipelineManager.java:initializePipelineState(132)) - No pipeline exists in current db
2019-09-26 20:15:02,486 [main] WARN  server.ServerUtils (ServerUtils.java:getScmDbDir(145)) - ozone.scm.db.dirs is not configured. We recommend adding this setting. Falling back to ozone.metadata.dirs instead.
2019-09-26 20:15:02,601 [main] WARN  events.EventQueue (EventQueue.java:fireEvent(183)) - No event handler registered for event TypedEvent{payloadType=SafeModeStatus, name='SafeModeStatus'}
2019-09-26 20:15:02,960 [main] INFO  ipc.CallQueueManager (CallQueueManager.java:<init>(84)) - Using callQueue: class java.util.concurrent.LinkedBlockingQueue, queueCapacity: 2000, scheduler: class org.apache.hadoop.ipc.DefaultRpcScheduler, ipcBackoff: false.
2019-09-26 20:15:03,091 [Socket Reader #1 for port 43728] INFO  ipc.Server (Server.java:run(1074)) - Starting Socket Reader #1 for port 43728
2019-09-26 20:15:03,131 [main] INFO  ipc.CallQueueManager (CallQueueManager.java:<init>(84)) - Using callQueue: class java.util.concurrent.LinkedBlockingQueue, queueCapacity: 2000, scheduler: class org.apache.hadoop.ipc.DefaultRpcScheduler, ipcBackoff: false.
2019-09-26 20:15:03,132 [Socket Reader #1 for port 43664] INFO  ipc.Server (Server.java:run(1074)) - Starting Socket Reader #1 for port 43664
2019-09-26 20:15:03,142 [main] INFO  ipc.CallQueueManager (CallQueueManager.java:<init>(84)) - Using callQueue: class java.util.concurrent.LinkedBlockingQueue, queueCapacity: 2000, scheduler: class org.apache.hadoop.ipc.DefaultRpcScheduler, ipcBackoff: false.
2019-09-26 20:15:03,143 [Socket Reader #1 for port 46395] INFO  ipc.Server (Server.java:run(1074)) - Starting Socket Reader #1 for port 46395
2019-09-26 20:15:03,167 [main] INFO  hdfs.DFSUtil (DFSUtil.java:httpServerTemplateForNNAndJN(1641)) - Starting Web-server for scm at: http://0.0.0.0:0
2019-09-26 20:15:03,332 [main] INFO  server.AuthenticationFilter (AuthenticationFilter.java:constructSecretProvider(240)) - Unable to initialize FileSignerSecretProvider, falling back to use random secrets.
2019-09-26 20:15:03,344 [main] WARN  http.HttpRequestLog (HttpRequestLog.java:getRequestLog(97)) - Jetty request log can only be enabled using Log4j
2019-09-26 20:15:03,357 [main] INFO  http.HttpServer2 (HttpServer2.java:addGlobalFilter(975)) - Added global filter 'safety' (class=org.apache.hadoop.http.HttpServer2$QuotingInputFilter)
2019-09-26 20:15:03,361 [main] INFO  http.HttpServer2 (HttpServer2.java:addFilter(948)) - Added filter static_user_filter (class=org.apache.hadoop.http.lib.StaticUserWebFilter$StaticUserFilter) to context scm
2019-09-26 20:15:03,361 [main] INFO  http.HttpServer2 (HttpServer2.java:addFilter(958)) - Added filter static_user_filter (class=org.apache.hadoop.http.lib.StaticUserWebFilter$StaticUserFilter) to context logs
2019-09-26 20:15:03,362 [main] INFO  http.HttpServer2 (HttpServer2.java:addFilter(958)) - Added filter static_user_filter (class=org.apache.hadoop.http.lib.StaticUserWebFilter$StaticUserFilter) to context static
2019-09-26 20:15:03,402 [main] INFO  server.StorageContainerManager (StorageContainerManager.java:start(770)) - StorageContainerLocationProtocol RPC server is listening at /0.0.0.0:46395
2019-09-26 20:15:03,505 [main] WARN  impl.MetricsConfig (MetricsConfig.java:loadFirst(134)) - Cannot locate configuration: tried hadoop-metrics2-storagecontainermanager.properties,hadoop-metrics2.properties
2019-09-26 20:15:03,527 [main] INFO  impl.MetricsSystemImpl (MetricsSystemImpl.java:startTimer(374)) - Scheduled Metric snapshot period at 10 second(s).
2019-09-26 20:15:03,528 [main] INFO  impl.MetricsSystemImpl (MetricsSystemImpl.java:start(191)) - StorageContainerManager metrics system started
2019-09-26 20:15:03,828 [main] INFO  server.SCMClientProtocolServer (SCMClientProtocolServer.java:start(151)) - RPC server for Client  is listening at /0.0.0.0:46395
2019-09-26 20:15:03,829 [IPC Server Responder] INFO  ipc.Server (Server.java:run(1314)) - IPC Server Responder: starting
2019-09-26 20:15:03,829 [IPC Server listener on 46395] INFO  ipc.Server (Server.java:run(1153)) - IPC Server listener on 46395: starting
2019-09-26 20:15:03,832 [main] INFO  server.StorageContainerManager (StorageContainerManager.java:start(780)) - ScmBlockLocationProtocol RPC server is listening at /0.0.0.0:43664
2019-09-26 20:15:03,834 [main] INFO  server.SCMBlockProtocolServer (SCMBlockProtocolServer.java:start(146)) - RPC server for Block Protocol is listening at /0.0.0.0:43664
2019-09-26 20:15:03,835 [IPC Server Responder] INFO  ipc.Server (Server.java:run(1314)) - IPC Server Responder: starting
2019-09-26 20:15:03,835 [IPC Server listener on 43664] INFO  ipc.Server (Server.java:run(1153)) - IPC Server listener on 43664: starting
2019-09-26 20:15:03,837 [main] INFO  server.StorageContainerManager (StorageContainerManager.java:start(784)) - ScmDatanodeProtocl RPC server is listening at /0.0.0.0:43728
2019-09-26 20:15:03,837 [main] INFO  server.SCMDatanodeProtocolServer (SCMDatanodeProtocolServer.java:start(191)) - RPC server for DataNodes is listening at /0.0.0.0:43728
2019-09-26 20:15:03,838 [IPC Server Responder] INFO  ipc.Server (Server.java:run(1314)) - IPC Server Responder: starting
2019-09-26 20:15:03,838 [IPC Server listener on 43728] INFO  ipc.Server (Server.java:run(1153)) - IPC Server listener on 43728: starting
2019-09-26 20:15:03,842 [main] INFO  http.HttpServer2 (HttpServer2.java:bindListener(1191)) - Jetty bound to port 35810
2019-09-26 20:15:03,844 [main] INFO  server.Server (Server.java:doStart(351)) - jetty-9.3.25.v20180904, build timestamp: 2018-09-04T21:11:46Z, git hash: 3ce520221d0240229c862b122d2b06c12a625732
2019-09-26 20:15:03,891 [main] INFO  handler.ContextHandler (ContextHandler.java:doStart(781)) - Started o.e.j.s.ServletContextHandler@56303b57{/logs,file:///workdir/hadoop-ozone/integration-test/target/log,AVAILABLE}
2019-09-26 20:15:03,892 [main] INFO  handler.ContextHandler (ContextHandler.java:doStart(781)) - Started o.e.j.s.ServletContextHandler@8692d67{/static,file:///workdir/hadoop-ozone/integration-test/target/test-classes/webapps/static,AVAILABLE}
2019-09-26 20:15:03,928 [main] INFO  handler.ContextHandler (ContextHandler.java:doStart(781)) - Started o.e.j.w.WebAppContext@59a67c3a{/,file:///workdir/hadoop-ozone/integration-test/target/test-classes/webapps/scm/,AVAILABLE}{/scm}
2019-09-26 20:15:03,934 [main] INFO  server.AbstractConnector (AbstractConnector.java:doStart(278)) - Started ServerConnector@3d6300e8{HTTP/1.1,[http/1.1]}{0.0.0.0:35810}
2019-09-26 20:15:03,934 [main] INFO  server.Server (Server.java:doStart(419)) - Started @2968ms
2019-09-26 20:15:03,936 [main] INFO  impl.MetricsSinkAdapter (MetricsSinkAdapter.java:start(204)) - Sink prometheus started
2019-09-26 20:15:03,937 [main] INFO  impl.MetricsSystemImpl (MetricsSystemImpl.java:registerSink(301)) - Registered sink prometheus
2019-09-26 20:15:03,938 [main] INFO  server.BaseHttpServer (BaseHttpServer.java:updateConnectorAddress(215)) - HTTP server of SCM is listening at http://0.0.0.0:35810
2019-09-26 20:15:03,946 [org.apache.hadoop.util.JvmPauseMonitor$Monitor@60094a13] INFO  util.JvmPauseMonitor (JvmPauseMonitor.java:run(188)) - Starting JVM pause monitor
2019-09-26 20:15:03,951 [main] WARN  server.ServerUtils (ServerUtils.java:getDBPath(222)) - ozone.om.db.dirs is not configured. We recommend adding this setting. Falling back to ozone.metadata.dirs instead.
2019-09-26 20:15:04,087 [main] INFO  ha.OMHANodeDetails (OMHANodeDetails.java:loadOMHAConfig(194)) - Configuration either no ozone.om.address set. Falling back to the default OM address /127.0.0.1:0
2019-09-26 20:15:04,087 [main] INFO  ha.OMHANodeDetails (OMHANodeDetails.java:getOMNodeDetails(224)) - OM Service ID is not set. Setting it to the default ID: omServiceIdDefault
2019-09-26 20:15:04,089 [main] WARN  server.ServerUtils (ServerUtils.java:getDBPath(222)) - ozone.om.db.dirs is not configured. We recommend adding this setting. Falling back to ozone.metadata.dirs instead.
2019-09-26 20:15:04,090 [main] WARN  server.ServerUtils (ServerUtils.java:getDBPath(222)) - ozone.om.db.dirs is not configured. We recommend adding this setting. Falling back to ozone.metadata.dirs instead.
2019-09-26 20:15:04,882 [main] WARN  server.ServerUtils (ServerUtils.java:getDBPath(222)) - ozone.om.db.dirs is not configured. We recommend adding this setting. Falling back to ozone.metadata.dirs instead.
2019-09-26 20:15:04,890 [main] INFO  db.DBStoreBuilder (DBStoreBuilder.java:addTable(110)) - using custom profile for table: userTable
2019-09-26 20:15:04,891 [main] INFO  db.DBStoreBuilder (DBStoreBuilder.java:processTables(161)) - Using default column profile:DBProfile.DISK for Table:userTable
2019-09-26 20:15:04,891 [main] INFO  db.DBStoreBuilder (DBStoreBuilder.java:addTable(110)) - using custom profile for table: volumeTable
2019-09-26 20:15:04,891 [main] INFO  db.DBStoreBuilder (DBStoreBuilder.java:processTables(161)) - Using default column profile:DBProfile.DISK for Table:volumeTable
2019-09-26 20:15:04,891 [main] INFO  db.DBStoreBuilder (DBStoreBuilder.java:addTable(110)) - using custom profile for table: bucketTable
2019-09-26 20:15:04,891 [main] INFO  db.DBStoreBuilder (DBStoreBuilder.java:processTables(161)) - Using default column profile:DBProfile.DISK for Table:bucketTable
2019-09-26 20:15:04,892 [main] INFO  db.DBStoreBuilder (DBStoreBuilder.java:addTable(110)) - using custom profile for table: keyTable
2019-09-26 20:15:04,892 [main] INFO  db.DBStoreBuilder (DBStoreBuilder.java:processTables(161)) - Using default column profile:DBProfile.DISK for Table:keyTable
2019-09-26 20:15:04,892 [main] INFO  db.DBStoreBuilder (DBStoreBuilder.java:addTable(110)) - using custom profile for table: deletedTable
2019-09-26 20:15:04,892 [main] INFO  db.DBStoreBuilder (DBStoreBuilder.java:processTables(161)) - Using default column profile:DBProfile.DISK for Table:deletedTable
2019-09-26 20:15:04,893 [main] INFO  db.DBStoreBuilder (DBStoreBuilder.java:addTable(110)) - using custom profile for table: openKeyTable
2019-09-26 20:15:04,893 [main] INFO  db.DBStoreBuilder (DBStoreBuilder.java:processTables(161)) - Using default column profile:DBProfile.DISK for Table:openKeyTable
2019-09-26 20:15:04,893 [main] INFO  db.DBStoreBuilder (DBStoreBuilder.java:addTable(110)) - using custom profile for table: s3Table
2019-09-26 20:15:04,893 [main] INFO  db.DBStoreBuilder (DBStoreBuilder.java:processTables(161)) - Using default column profile:DBProfile.DISK for Table:s3Table
2019-09-26 20:15:04,894 [main] INFO  db.DBStoreBuilder (DBStoreBuilder.java:addTable(110)) - using custom profile for table: multipartInfoTable
2019-09-26 20:15:04,894 [main] INFO  db.DBStoreBuilder (DBStoreBuilder.java:processTables(161)) - Using default column profile:DBProfile.DISK for Table:multipartInfoTable
2019-09-26 20:15:04,894 [main] INFO  db.DBStoreBuilder (DBStoreBuilder.java:addTable(110)) - using custom profile for table: dTokenTable
2019-09-26 20:15:04,894 [main] INFO  db.DBStoreBuilder (DBStoreBuilder.java:processTables(161)) - Using default column profile:DBProfile.DISK for Table:dTokenTable
2019-09-26 20:15:04,895 [main] INFO  db.DBStoreBuilder (DBStoreBuilder.java:addTable(110)) - using custom profile for table: s3SecretTable
2019-09-26 20:15:04,895 [main] INFO  db.DBStoreBuilder (DBStoreBuilder.java:processTables(161)) - Using default column profile:DBProfile.DISK for Table:s3SecretTable
2019-09-26 20:15:04,895 [main] INFO  db.DBStoreBuilder (DBStoreBuilder.java:addTable(110)) - using custom profile for table: prefixTable
2019-09-26 20:15:04,895 [main] INFO  db.DBStoreBuilder (DBStoreBuilder.java:processTables(161)) - Using default column profile:DBProfile.DISK for Table:prefixTable
2019-09-26 20:15:04,896 [main] INFO  db.DBStoreBuilder (DBStoreBuilder.java:addTable(110)) - using custom profile for table: default
2019-09-26 20:15:04,896 [main] INFO  db.DBStoreBuilder (DBStoreBuilder.java:processTables(167)) - Using default column profile:DBProfile.DISK for Table:default
2019-09-26 20:15:04,896 [main] INFO  db.DBStoreBuilder (DBStoreBuilder.java:getDbProfile(198)) - Using default options. DBProfile.DISK
2019-09-26 20:15:05,389 [main] INFO  ipc.CallQueueManager (CallQueueManager.java:<init>(84)) - Using callQueue: class java.util.concurrent.LinkedBlockingQueue, queueCapacity: 2000, scheduler: class org.apache.hadoop.ipc.DefaultRpcScheduler, ipcBackoff: false.
2019-09-26 20:15:05,390 [Socket Reader #1 for port 40627] INFO  ipc.Server (Server.java:run(1074)) - Starting Socket Reader #1 for port 40627
2019-09-26 20:15:05,414 [main] INFO  om.OzoneManager (OzoneManager.java:start(1069)) - OzoneManager RPC server is listening at localhost/127.0.0.1:40627
2019-09-26 20:15:05,415 [main] INFO  impl.MetricsSystemImpl (MetricsSystemImpl.java:init(158)) - OzoneManager metrics system started (again)
2019-09-26 20:15:05,416 [IPC Server Responder] INFO  ipc.Server (Server.java:run(1314)) - IPC Server Responder: starting
2019-09-26 20:15:05,417 [IPC Server listener on 40627] INFO  ipc.Server (Server.java:run(1153)) - IPC Server listener on 40627: starting
2019-09-26 20:15:05,422 [main] INFO  hdfs.DFSUtil (DFSUtil.java:httpServerTemplateForNNAndJN(1641)) - Starting Web-server for ozoneManager at: http://0.0.0.0:0
2019-09-26 20:15:05,424 [main] INFO  server.AuthenticationFilter (AuthenticationFilter.java:constructSecretProvider(240)) - Unable to initialize FileSignerSecretProvider, falling back to use random secrets.
2019-09-26 20:15:05,425 [main] WARN  http.HttpRequestLog (HttpRequestLog.java:getRequestLog(97)) - Jetty request log can only be enabled using Log4j
2019-09-26 20:15:05,429 [main] INFO  http.HttpServer2 (HttpServer2.java:addGlobalFilter(975)) - Added global filter 'safety' (class=org.apache.hadoop.http.HttpServer2$QuotingInputFilter)
2019-09-26 20:15:05,431 [main] INFO  http.HttpServer2 (HttpServer2.java:addFilter(948)) - Added filter static_user_filter (class=org.apache.hadoop.http.lib.StaticUserWebFilter$StaticUserFilter) to context ozoneManager
2019-09-26 20:15:05,431 [main] INFO  http.HttpServer2 (HttpServer2.java:addFilter(958)) - Added filter static_user_filter (class=org.apache.hadoop.http.lib.StaticUserWebFilter$StaticUserFilter) to context static
2019-09-26 20:15:05,431 [main] INFO  http.HttpServer2 (HttpServer2.java:addFilter(958)) - Added filter static_user_filter (class=org.apache.hadoop.http.lib.StaticUserWebFilter$StaticUserFilter) to context logs
2019-09-26 20:15:05,434 [main] INFO  http.HttpServer2 (HttpServer2.java:bindListener(1191)) - Jetty bound to port 37241
2019-09-26 20:15:05,435 [main] INFO  server.Server (Server.java:doStart(351)) - jetty-9.3.25.v20180904, build timestamp: 2018-09-04T21:11:46Z, git hash: 3ce520221d0240229c862b122d2b06c12a625732
2019-09-26 20:15:05,437 [main] INFO  handler.ContextHandler (ContextHandler.java:doStart(781)) - Started o.e.j.s.ServletContextHandler@20ed3303{/logs,file:///workdir/hadoop-ozone/integration-test/target/log,AVAILABLE}
2019-09-26 20:15:05,438 [main] INFO  handler.ContextHandler (ContextHandler.java:doStart(781)) - Started o.e.j.s.ServletContextHandler@3a627c80{/static,file:///workdir/hadoop-ozone/integration-test/target/test-classes/webapps/static,AVAILABLE}
2019-09-26 20:15:05,445 [main] INFO  handler.ContextHandler (ContextHandler.java:doStart(781)) - Started o.e.j.w.WebAppContext@415156bf{/,file:///workdir/hadoop-ozone/integration-test/target/test-classes/webapps/ozoneManager/,AVAILABLE}{/ozoneManager}
2019-09-26 20:15:05,446 [main] INFO  server.AbstractConnector (AbstractConnector.java:doStart(278)) - Started ServerConnector@393881f0{HTTP/1.1,[http/1.1]}{0.0.0.0:37241}
2019-09-26 20:15:05,447 [main] INFO  server.Server (Server.java:doStart(419)) - Started @4481ms
2019-09-26 20:15:05,448 [main] WARN  impl.MetricsSystemImpl (MetricsSystemImpl.java:register(276)) - Sink prometheus already exists!
2019-09-26 20:15:05,449 [main] INFO  server.BaseHttpServer (BaseHttpServer.java:updateConnectorAddress(215)) - HTTP server of OZONEMANAGER is listening at http://0.0.0.0:37241
2019-09-26 20:15:05,837 [main] INFO  impl.MetricsSystemImpl (MetricsSystemImpl.java:init(158)) - HddsDatanode metrics system started (again)
2019-09-26 20:15:05,886 [main] INFO  ozone.HddsDatanodeService (HddsDatanodeService.java:start(184)) - HddsDatanodeService host:pr-hdds-2162-kpcbn-4093309294 ip:192.168.151.109
2019-09-26 20:15:05,919 [main] INFO  volume.HddsVolume (HddsVolume.java:<init>(176)) - Creating Volume: /workdir/hadoop-ozone/integration-test/target/test-dir/MiniOzoneClusterImpl-b4cfdfda-c500-4180-9b02-0b7d7f1c7e35/datanode-0/data/containers/hdds of  storage type : DISK and capacity : 1482555576320
2019-09-26 20:15:05,921 [main] INFO  volume.VolumeSet (VolumeSet.java:initializeVolumeSet(170)) - Added Volume : /workdir/hadoop-ozone/integration-test/target/test-dir/MiniOzoneClusterImpl-b4cfdfda-c500-4180-9b02-0b7d7f1c7e35/datanode-0/data/containers/hdds to VolumeSet
2019-09-26 20:15:05,924 [main] INFO  volume.ThrottledAsyncChecker (ThrottledAsyncChecker.java:schedule(139)) - Scheduling a check for org.apache.hadoop.ozone.container.common.volume.HddsVolume@787f32b7
2019-09-26 20:15:05,943 [main] INFO  volume.HddsVolumeChecker (HddsVolumeChecker.java:checkAllVolumes(202)) - Scheduled health check for volume org.apache.hadoop.ozone.container.common.volume.HddsVolume@787f32b7
2019-09-26 20:15:06,048 [main] INFO  impl.RaftServerProxy (ConfUtils.java:logGet(43)) - raft.rpc.type = GRPC (default)
2019-09-26 20:15:06,117 [main] INFO  grpc.GrpcFactory (GrpcFactory.java:checkPooledByteBufAllocatorUseCacheForAllThreads(45)) - PERFORMANCE WARNING: useCacheForAllThreads is true that may cause Netty to create a lot garbage objects and, as a result, trigger GC.
	It is recommended to disable useCacheForAllThreads by setting -Dorg.apache.ratis.thirdparty.io.netty.allocator.useCacheForAllThreads=false in command line.
2019-09-26 20:15:06,122 [main] INFO  grpc.GrpcConfigKeys$Server (ConfUtils.java:logGet(43)) - raft.grpc.server.port = 0 (default)
2019-09-26 20:15:06,123 [main] INFO  server.GrpcService (ConfUtils.java:logGet(43)) - raft.grpc.message.size.max = 33570816 (custom)
2019-09-26 20:15:06,124 [main] INFO  server.RaftServerConfigKeys (ConfUtils.java:logGet(43)) - raft.server.log.appender.buffer.byte-limit = 33554432 (custom)
2019-09-26 20:15:06,125 [main] INFO  server.GrpcService (ConfUtils.java:logGet(43)) - raft.grpc.flow.control.window = 1MB (=1048576) (default)
2019-09-26 20:15:06,126 [main] INFO  server.RaftServerConfigKeys (ConfUtils.java:logGet(43)) - raft.server.rpc.request.timeout = 3000ms (default)
2019-09-26 20:15:06,285 [main] INFO  server.RaftServerConfigKeys (ConfUtils.java:logGet(43)) - raft.server.storage.dir = [/workdir/hadoop-ozone/integration-test/target/test-dir/MiniOzoneClusterImpl-b4cfdfda-c500-4180-9b02-0b7d7f1c7e35/datanode-0/data/ratis] (custom)
2019-09-26 20:15:06,335 [main] INFO  hdfs.DFSUtil (DFSUtil.java:httpServerTemplateForNNAndJN(1641)) - Starting Web-server for hddsDatanode at: http://0.0.0.0:0
2019-09-26 20:15:06,338 [main] INFO  server.AuthenticationFilter (AuthenticationFilter.java:constructSecretProvider(240)) - Unable to initialize FileSignerSecretProvider, falling back to use random secrets.
2019-09-26 20:15:06,339 [main] WARN  http.HttpRequestLog (HttpRequestLog.java:getRequestLog(97)) - Jetty request log can only be enabled using Log4j
2019-09-26 20:15:06,342 [main] INFO  http.HttpServer2 (HttpServer2.java:addGlobalFilter(975)) - Added global filter 'safety' (class=org.apache.hadoop.http.HttpServer2$QuotingInputFilter)
2019-09-26 20:15:06,343 [main] INFO  http.HttpServer2 (HttpServer2.java:addFilter(948)) - Added filter static_user_filter (class=org.apache.hadoop.http.lib.StaticUserWebFilter$StaticUserFilter) to context hddsDatanode
2019-09-26 20:15:06,344 [main] INFO  http.HttpServer2 (HttpServer2.java:addFilter(958)) - Added filter static_user_filter (class=org.apache.hadoop.http.lib.StaticUserWebFilter$StaticUserFilter) to context static
2019-09-26 20:15:06,344 [main] INFO  http.HttpServer2 (HttpServer2.java:addFilter(958)) - Added filter static_user_filter (class=org.apache.hadoop.http.lib.StaticUserWebFilter$StaticUserFilter) to context logs
2019-09-26 20:15:06,346 [main] INFO  http.HttpServer2 (HttpServer2.java:bindListener(1191)) - Jetty bound to port 38317
2019-09-26 20:15:06,346 [main] INFO  server.Server (Server.java:doStart(351)) - jetty-9.3.25.v20180904, build timestamp: 2018-09-04T21:11:46Z, git hash: 3ce520221d0240229c862b122d2b06c12a625732
2019-09-26 20:15:06,349 [main] INFO  handler.ContextHandler (ContextHandler.java:doStart(781)) - Started o.e.j.s.ServletContextHandler@3968bc60{/logs,file:///workdir/hadoop-ozone/integration-test/target/log,AVAILABLE}
2019-09-26 20:15:06,350 [main] INFO  handler.ContextHandler (ContextHandler.java:doStart(781)) - Started o.e.j.s.ServletContextHandler@227a47{/static,jar:file:/home/user/.m2/repository/org/apache/hadoop/hadoop-hdds-container-service/0.5.0-SNAPSHOT/hadoop-hdds-container-service-0.5.0-SNAPSHOT.jar!/webapps/static,AVAILABLE}
2019-09-26 20:15:06,400 [main] INFO  handler.ContextHandler (ContextHandler.java:doStart(781)) - Started o.e.j.w.WebAppContext@6981f8f3{/,file:///tmp/jetty-0.0.0.0-38317-hddsDatanode-_-any-2507836276857758539.dir/webapp/,AVAILABLE}{/hddsDatanode}
2019-09-26 20:15:06,401 [main] INFO  server.AbstractConnector (AbstractConnector.java:doStart(278)) - Started ServerConnector@623dcf2a{HTTP/1.1,[http/1.1]}{0.0.0.0:38317}
2019-09-26 20:15:06,402 [main] INFO  server.Server (Server.java:doStart(419)) - Started @5436ms
2019-09-26 20:15:06,402 [main] WARN  impl.MetricsSystemImpl (MetricsSystemImpl.java:register(276)) - Sink prometheus already exists!
2019-09-26 20:15:06,403 [main] INFO  server.BaseHttpServer (BaseHttpServer.java:updateConnectorAddress(215)) - HTTP server of HDDSDATANODE is listening at http://0.0.0.0:38317
2019-09-26 20:15:06,404 [main] INFO  impl.MetricsSystemImpl (MetricsSystemImpl.java:init(158)) - HddsDatanode metrics system started (again)
2019-09-26 20:15:06,408 [main] INFO  ozone.HddsDatanodeService (HddsDatanodeService.java:start(184)) - HddsDatanodeService host:pr-hdds-2162-kpcbn-4093309294 ip:192.168.151.109
2019-09-26 20:15:06,411 [org.apache.hadoop.util.JvmPauseMonitor$Monitor@a1379b0] INFO  util.JvmPauseMonitor (JvmPauseMonitor.java:run(188)) - Starting JVM pause monitor
2019-09-26 20:15:06,416 [main] INFO  volume.HddsVolume (HddsVolume.java:<init>(176)) - Creating Volume: /workdir/hadoop-ozone/integration-test/target/test-dir/MiniOzoneClusterImpl-b4cfdfda-c500-4180-9b02-0b7d7f1c7e35/datanode-1/data/containers/hdds of  storage type : DISK and capacity : 1482555576320
2019-09-26 20:15:06,417 [main] INFO  volume.VolumeSet (VolumeSet.java:initializeVolumeSet(170)) - Added Volume : /workdir/hadoop-ozone/integration-test/target/test-dir/MiniOzoneClusterImpl-b4cfdfda-c500-4180-9b02-0b7d7f1c7e35/datanode-1/data/containers/hdds to VolumeSet
2019-09-26 20:15:06,418 [main] INFO  volume.ThrottledAsyncChecker (ThrottledAsyncChecker.java:schedule(139)) - Scheduling a check for org.apache.hadoop.ozone.container.common.volume.HddsVolume@4b6e1c0
2019-09-26 20:15:06,419 [main] INFO  volume.HddsVolumeChecker (HddsVolumeChecker.java:checkAllVolumes(202)) - Scheduled health check for volume org.apache.hadoop.ozone.container.common.volume.HddsVolume@4b6e1c0
2019-09-26 20:15:06,442 [main] INFO  impl.RaftServerProxy (ConfUtils.java:logGet(43)) - raft.rpc.type = GRPC (default)
2019-09-26 20:15:06,442 [main] INFO  grpc.GrpcFactory (GrpcFactory.java:checkPooledByteBufAllocatorUseCacheForAllThreads(45)) - PERFORMANCE WARNING: useCacheForAllThreads is true that may cause Netty to create a lot garbage objects and, as a result, trigger GC.
	It is recommended to disable useCacheForAllThreads by setting -Dorg.apache.ratis.thirdparty.io.netty.allocator.useCacheForAllThreads=false in command line.
2019-09-26 20:15:06,442 [main] INFO  grpc.GrpcConfigKeys$Server (ConfUtils.java:logGet(43)) - raft.grpc.server.port = 0 (default)
2019-09-26 20:15:06,443 [main] INFO  server.GrpcService (ConfUtils.java:logGet(43)) - raft.grpc.message.size.max = 33570816 (custom)
2019-09-26 20:15:06,443 [main] INFO  server.RaftServerConfigKeys (ConfUtils.java:logGet(43)) - raft.server.log.appender.buffer.byte-limit = 33554432 (custom)
2019-09-26 20:15:06,444 [main] INFO  server.GrpcService (ConfUtils.java:logGet(43)) - raft.grpc.flow.control.window = 1MB (=1048576) (default)
2019-09-26 20:15:06,444 [main] INFO  server.RaftServerConfigKeys (ConfUtils.java:logGet(43)) - raft.server.rpc.request.timeout = 3000ms (default)
2019-09-26 20:15:06,445 [main] INFO  server.RaftServerConfigKeys (ConfUtils.java:logGet(43)) - raft.server.storage.dir = [/workdir/hadoop-ozone/integration-test/target/test-dir/MiniOzoneClusterImpl-b4cfdfda-c500-4180-9b02-0b7d7f1c7e35/datanode-1/data/ratis] (custom)
2019-09-26 20:15:06,447 [main] INFO  hdfs.DFSUtil (DFSUtil.java:httpServerTemplateForNNAndJN(1641)) - Starting Web-server for hddsDatanode at: http://0.0.0.0:0
2019-09-26 20:15:06,449 [main] INFO  server.AuthenticationFilter (AuthenticationFilter.java:constructSecretProvider(240)) - Unable to initialize FileSignerSecretProvider, falling back to use random secrets.
2019-09-26 20:15:06,451 [main] WARN  http.HttpRequestLog (HttpRequestLog.java:getRequestLog(97)) - Jetty request log can only be enabled using Log4j
2019-09-26 20:15:06,453 [main] INFO  http.HttpServer2 (HttpServer2.java:addGlobalFilter(975)) - Added global filter 'safety' (class=org.apache.hadoop.http.HttpServer2$QuotingInputFilter)
2019-09-26 20:15:06,454 [main] INFO  http.HttpServer2 (HttpServer2.java:addFilter(948)) - Added filter static_user_filter (class=org.apache.hadoop.http.lib.StaticUserWebFilter$StaticUserFilter) to context hddsDatanode
2019-09-26 20:15:06,454 [main] INFO  http.HttpServer2 (HttpServer2.java:addFilter(958)) - Added filter static_user_filter (class=org.apache.hadoop.http.lib.StaticUserWebFilter$StaticUserFilter) to context static
2019-09-26 20:15:06,455 [main] INFO  http.HttpServer2 (HttpServer2.java:addFilter(958)) - Added filter static_user_filter (class=org.apache.hadoop.http.lib.StaticUserWebFilter$StaticUserFilter) to context logs
2019-09-26 20:15:06,456 [main] INFO  http.HttpServer2 (HttpServer2.java:bindListener(1191)) - Jetty bound to port 34516
2019-09-26 20:15:06,456 [main] INFO  server.Server (Server.java:doStart(351)) - jetty-9.3.25.v20180904, build timestamp: 2018-09-04T21:11:46Z, git hash: 3ce520221d0240229c862b122d2b06c12a625732
2019-09-26 20:15:06,460 [main] INFO  handler.ContextHandler (ContextHandler.java:doStart(781)) - Started o.e.j.s.ServletContextHandler@5679e96b{/logs,file:///workdir/hadoop-ozone/integration-test/target/log,AVAILABLE}
2019-09-26 20:15:06,461 [main] INFO  handler.ContextHandler (ContextHandler.java:doStart(781)) - Started o.e.j.s.ServletContextHandler@3bbf841e{/static,jar:file:/home/user/.m2/repository/org/apache/hadoop/hadoop-hdds-container-service/0.5.0-SNAPSHOT/hadoop-hdds-container-service-0.5.0-SNAPSHOT.jar!/webapps/static,AVAILABLE}
2019-09-26 20:15:06,501 [main] INFO  handler.ContextHandler (ContextHandler.java:doStart(781)) - Started o.e.j.w.WebAppContext@5b5e7036{/,file:///tmp/jetty-0.0.0.0-34516-hddsDatanode-_-any-5504393859169500906.dir/webapp/,AVAILABLE}{/hddsDatanode}
2019-09-26 20:15:06,502 [main] INFO  server.AbstractConnector (AbstractConnector.java:doStart(278)) - Started ServerConnector@62dbe64e{HTTP/1.1,[http/1.1]}{0.0.0.0:34516}
2019-09-26 20:15:06,504 [main] INFO  server.Server (Server.java:doStart(419)) - Started @5537ms
2019-09-26 20:15:06,504 [main] WARN  impl.MetricsSystemImpl (MetricsSystemImpl.java:register(276)) - Sink prometheus already exists!
2019-09-26 20:15:06,505 [main] INFO  server.BaseHttpServer (BaseHttpServer.java:updateConnectorAddress(215)) - HTTP server of HDDSDATANODE is listening at http://0.0.0.0:34516
2019-09-26 20:15:06,505 [main] INFO  impl.MetricsSystemImpl (MetricsSystemImpl.java:init(158)) - HddsDatanode metrics system started (again)
2019-09-26 20:15:06,509 [main] INFO  ozone.HddsDatanodeService (HddsDatanodeService.java:start(184)) - HddsDatanodeService host:pr-hdds-2162-kpcbn-4093309294 ip:192.168.151.109
2019-09-26 20:15:06,509 [org.apache.hadoop.util.JvmPauseMonitor$Monitor@7ebcdbba] INFO  util.JvmPauseMonitor (JvmPauseMonitor.java:run(188)) - Starting JVM pause monitor
2019-09-26 20:15:06,522 [main] INFO  volume.HddsVolume (HddsVolume.java:<init>(176)) - Creating Volume: /workdir/hadoop-ozone/integration-test/target/test-dir/MiniOzoneClusterImpl-b4cfdfda-c500-4180-9b02-0b7d7f1c7e35/datanode-2/data/containers/hdds of  storage type : DISK and capacity : 1482555576320
2019-09-26 20:15:06,524 [main] INFO  volume.VolumeSet (VolumeSet.java:initializeVolumeSet(170)) - Added Volume : /workdir/hadoop-ozone/integration-test/target/test-dir/MiniOzoneClusterImpl-b4cfdfda-c500-4180-9b02-0b7d7f1c7e35/datanode-2/data/containers/hdds to VolumeSet
2019-09-26 20:15:06,524 [main] INFO  volume.ThrottledAsyncChecker (ThrottledAsyncChecker.java:schedule(139)) - Scheduling a check for org.apache.hadoop.ozone.container.common.volume.HddsVolume@c3edf4c
2019-09-26 20:15:06,525 [main] INFO  volume.HddsVolumeChecker (HddsVolumeChecker.java:checkAllVolumes(202)) - Scheduled health check for volume org.apache.hadoop.ozone.container.common.volume.HddsVolume@c3edf4c
2019-09-26 20:15:06,542 [main] INFO  impl.RaftServerProxy (ConfUtils.java:logGet(43)) - raft.rpc.type = GRPC (default)
2019-09-26 20:15:06,542 [main] INFO  grpc.GrpcFactory (GrpcFactory.java:checkPooledByteBufAllocatorUseCacheForAllThreads(45)) - PERFORMANCE WARNING: useCacheForAllThreads is true that may cause Netty to create a lot garbage objects and, as a result, trigger GC.
	It is recommended to disable useCacheForAllThreads by setting -Dorg.apache.ratis.thirdparty.io.netty.allocator.useCacheForAllThreads=false in command line.
2019-09-26 20:15:06,544 [main] INFO  grpc.GrpcConfigKeys$Server (ConfUtils.java:logGet(43)) - raft.grpc.server.port = 0 (default)
2019-09-26 20:15:06,544 [main] INFO  server.GrpcService (ConfUtils.java:logGet(43)) - raft.grpc.message.size.max = 33570816 (custom)
2019-09-26 20:15:06,544 [main] INFO  server.RaftServerConfigKeys (ConfUtils.java:logGet(43)) - raft.server.log.appender.buffer.byte-limit = 33554432 (custom)
2019-09-26 20:15:06,544 [main] INFO  server.GrpcService (ConfUtils.java:logGet(43)) - raft.grpc.flow.control.window = 1MB (=1048576) (default)
2019-09-26 20:15:06,544 [main] INFO  server.RaftServerConfigKeys (ConfUtils.java:logGet(43)) - raft.server.rpc.request.timeout = 3000ms (default)
2019-09-26 20:15:06,545 [main] INFO  server.RaftServerConfigKeys (ConfUtils.java:logGet(43)) - raft.server.storage.dir = [/workdir/hadoop-ozone/integration-test/target/test-dir/MiniOzoneClusterImpl-b4cfdfda-c500-4180-9b02-0b7d7f1c7e35/datanode-2/data/ratis] (custom)
2019-09-26 20:15:06,547 [main] INFO  hdfs.DFSUtil (DFSUtil.java:httpServerTemplateForNNAndJN(1641)) - Starting Web-server for hddsDatanode at: http://0.0.0.0:0
2019-09-26 20:15:06,549 [main] INFO  server.AuthenticationFilter (AuthenticationFilter.java:constructSecretProvider(240)) - Unable to initialize FileSignerSecretProvider, falling back to use random secrets.
2019-09-26 20:15:06,549 [main] WARN  http.HttpRequestLog (HttpRequestLog.java:getRequestLog(97)) - Jetty request log can only be enabled using Log4j
2019-09-26 20:15:06,550 [Datanode State Machine Thread - 0] INFO  datanode.InitDatanodeState (InitDatanodeState.java:persistContainerDatanodeDetails(140)) - DatanodeDetails is persisted to /workdir/hadoop-ozone/integration-test/target/test-dir/MiniOzoneClusterImpl-b4cfdfda-c500-4180-9b02-0b7d7f1c7e35/datanode-0/meta/datanode.id
2019-09-26 20:15:06,552 [main] INFO  http.HttpServer2 (HttpServer2.java:addGlobalFilter(975)) - Added global filter 'safety' (class=org.apache.hadoop.http.HttpServer2$QuotingInputFilter)
2019-09-26 20:15:06,554 [main] INFO  http.HttpServer2 (HttpServer2.java:addFilter(948)) - Added filter static_user_filter (class=org.apache.hadoop.http.lib.StaticUserWebFilter$StaticUserFilter) to context hddsDatanode
2019-09-26 20:15:06,554 [main] INFO  http.HttpServer2 (HttpServer2.java:addFilter(958)) - Added filter static_user_filter (class=org.apache.hadoop.http.lib.StaticUserWebFilter$StaticUserFilter) to context logs
2019-09-26 20:15:06,554 [main] INFO  http.HttpServer2 (HttpServer2.java:addFilter(958)) - Added filter static_user_filter (class=org.apache.hadoop.http.lib.StaticUserWebFilter$StaticUserFilter) to context static
2019-09-26 20:15:06,555 [main] INFO  http.HttpServer2 (HttpServer2.java:bindListener(1191)) - Jetty bound to port 44343
2019-09-26 20:15:06,555 [Datanode State Machine Thread - 0] INFO  datanode.InitDatanodeState (InitDatanodeState.java:persistContainerDatanodeDetails(140)) - DatanodeDetails is persisted to /workdir/hadoop-ozone/integration-test/target/test-dir/MiniOzoneClusterImpl-b4cfdfda-c500-4180-9b02-0b7d7f1c7e35/datanode-1/meta/datanode.id
2019-09-26 20:15:06,555 [main] INFO  server.Server (Server.java:doStart(351)) - jetty-9.3.25.v20180904, build timestamp: 2018-09-04T21:11:46Z, git hash: 3ce520221d0240229c862b122d2b06c12a625732
2019-09-26 20:15:06,558 [main] INFO  handler.ContextHandler (ContextHandler.java:doStart(781)) - Started o.e.j.s.ServletContextHandler@1cd3b138{/logs,file:///workdir/hadoop-ozone/integration-test/target/log,AVAILABLE}
2019-09-26 20:15:06,558 [main] INFO  handler.ContextHandler (ContextHandler.java:doStart(781)) - Started o.e.j.s.ServletContextHandler@5a6d30e2{/static,jar:file:/home/user/.m2/repository/org/apache/hadoop/hadoop-hdds-container-service/0.5.0-SNAPSHOT/hadoop-hdds-container-service-0.5.0-SNAPSHOT.jar!/webapps/static,AVAILABLE}
2019-09-26 20:15:06,587 [main] INFO  handler.ContextHandler (ContextHandler.java:doStart(781)) - Started o.e.j.w.WebAppContext@6342d610{/,file:///tmp/jetty-0.0.0.0-44343-hddsDatanode-_-any-7879165459553404627.dir/webapp/,AVAILABLE}{/hddsDatanode}
2019-09-26 20:15:06,588 [main] INFO  server.AbstractConnector (AbstractConnector.java:doStart(278)) - Started ServerConnector@dc4a691{HTTP/1.1,[http/1.1]}{0.0.0.0:44343}
2019-09-26 20:15:06,588 [main] INFO  server.Server (Server.java:doStart(419)) - Started @5622ms
2019-09-26 20:15:06,589 [main] WARN  impl.MetricsSystemImpl (MetricsSystemImpl.java:register(276)) - Sink prometheus already exists!
2019-09-26 20:15:06,590 [main] INFO  server.BaseHttpServer (BaseHttpServer.java:updateConnectorAddress(215)) - HTTP server of HDDSDATANODE is listening at http://0.0.0.0:44343
2019-09-26 20:15:06,591 [main] INFO  impl.MetricsSystemImpl (MetricsSystemImpl.java:init(158)) - HddsDatanode metrics system started (again)
2019-09-26 20:15:06,594 [main] INFO  ozone.HddsDatanodeService (HddsDatanodeService.java:start(184)) - HddsDatanodeService host:pr-hdds-2162-kpcbn-4093309294 ip:192.168.151.109
2019-09-26 20:15:06,594 [org.apache.hadoop.util.JvmPauseMonitor$Monitor@26f6508e] INFO  util.JvmPauseMonitor (JvmPauseMonitor.java:run(188)) - Starting JVM pause monitor
2019-09-26 20:15:06,597 [Datanode State Machine Thread - 0] INFO  datanode.InitDatanodeState (InitDatanodeState.java:persistContainerDatanodeDetails(140)) - DatanodeDetails is persisted to /workdir/hadoop-ozone/integration-test/target/test-dir/MiniOzoneClusterImpl-b4cfdfda-c500-4180-9b02-0b7d7f1c7e35/datanode-2/meta/datanode.id
2019-09-26 20:15:06,601 [main] INFO  volume.HddsVolume (HddsVolume.java:<init>(176)) - Creating Volume: /workdir/hadoop-ozone/integration-test/target/test-dir/MiniOzoneClusterImpl-b4cfdfda-c500-4180-9b02-0b7d7f1c7e35/datanode-3/data/containers/hdds of  storage type : DISK and capacity : 1482555576320
2019-09-26 20:15:06,603 [main] INFO  volume.VolumeSet (VolumeSet.java:initializeVolumeSet(170)) - Added Volume : /workdir/hadoop-ozone/integration-test/target/test-dir/MiniOzoneClusterImpl-b4cfdfda-c500-4180-9b02-0b7d7f1c7e35/datanode-3/data/containers/hdds to VolumeSet
2019-09-26 20:15:06,603 [main] INFO  volume.ThrottledAsyncChecker (ThrottledAsyncChecker.java:schedule(139)) - Scheduling a check for org.apache.hadoop.ozone.container.common.volume.HddsVolume@42b84286
2019-09-26 20:15:06,604 [main] INFO  volume.HddsVolumeChecker (HddsVolumeChecker.java:checkAllVolumes(202)) - Scheduled health check for volume org.apache.hadoop.ozone.container.common.volume.HddsVolume@42b84286
2019-09-26 20:15:06,620 [main] INFO  impl.RaftServerProxy (ConfUtils.java:logGet(43)) - raft.rpc.type = GRPC (default)
2019-09-26 20:15:06,620 [main] INFO  grpc.GrpcFactory (GrpcFactory.java:checkPooledByteBufAllocatorUseCacheForAllThreads(45)) - PERFORMANCE WARNING: useCacheForAllThreads is true that may cause Netty to create a lot garbage objects and, as a result, trigger GC.
	It is recommended to disable useCacheForAllThreads by setting -Dorg.apache.ratis.thirdparty.io.netty.allocator.useCacheForAllThreads=false in command line.
2019-09-26 20:15:06,621 [main] INFO  grpc.GrpcConfigKeys$Server (ConfUtils.java:logGet(43)) - raft.grpc.server.port = 0 (default)
2019-09-26 20:15:06,621 [main] INFO  server.GrpcService (ConfUtils.java:logGet(43)) - raft.grpc.message.size.max = 33570816 (custom)
2019-09-26 20:15:06,621 [main] INFO  server.RaftServerConfigKeys (ConfUtils.java:logGet(43)) - raft.server.log.appender.buffer.byte-limit = 33554432 (custom)
2019-09-26 20:15:06,621 [main] INFO  server.GrpcService (ConfUtils.java:logGet(43)) - raft.grpc.flow.control.window = 1MB (=1048576) (default)
2019-09-26 20:15:06,622 [main] INFO  server.RaftServerConfigKeys (ConfUtils.java:logGet(43)) - raft.server.rpc.request.timeout = 3000ms (default)
2019-09-26 20:15:06,622 [main] INFO  server.RaftServerConfigKeys (ConfUtils.java:logGet(43)) - raft.server.storage.dir = [/workdir/hadoop-ozone/integration-test/target/test-dir/MiniOzoneClusterImpl-b4cfdfda-c500-4180-9b02-0b7d7f1c7e35/datanode-3/data/ratis] (custom)
2019-09-26 20:15:06,624 [main] INFO  hdfs.DFSUtil (DFSUtil.java:httpServerTemplateForNNAndJN(1641)) - Starting Web-server for hddsDatanode at: http://0.0.0.0:0
2019-09-26 20:15:06,626 [main] INFO  server.AuthenticationFilter (AuthenticationFilter.java:constructSecretProvider(240)) - Unable to initialize FileSignerSecretProvider, falling back to use random secrets.
2019-09-26 20:15:06,626 [main] WARN  http.HttpRequestLog (HttpRequestLog.java:getRequestLog(97)) - Jetty request log can only be enabled using Log4j
2019-09-26 20:15:06,628 [main] INFO  http.HttpServer2 (HttpServer2.java:addGlobalFilter(975)) - Added global filter 'safety' (class=org.apache.hadoop.http.HttpServer2$QuotingInputFilter)
2019-09-26 20:15:06,629 [main] INFO  http.HttpServer2 (HttpServer2.java:addFilter(948)) - Added filter static_user_filter (class=org.apache.hadoop.http.lib.StaticUserWebFilter$StaticUserFilter) to context hddsDatanode
2019-09-26 20:15:06,629 [main] INFO  http.HttpServer2 (HttpServer2.java:addFilter(958)) - Added filter static_user_filter (class=org.apache.hadoop.http.lib.StaticUserWebFilter$StaticUserFilter) to context static
2019-09-26 20:15:06,629 [main] INFO  http.HttpServer2 (HttpServer2.java:addFilter(958)) - Added filter static_user_filter (class=org.apache.hadoop.http.lib.StaticUserWebFilter$StaticUserFilter) to context logs
2019-09-26 20:15:06,630 [main] INFO  http.HttpServer2 (HttpServer2.java:bindListener(1191)) - Jetty bound to port 46500
2019-09-26 20:15:06,630 [main] INFO  server.Server (Server.java:doStart(351)) - jetty-9.3.25.v20180904, build timestamp: 2018-09-04T21:11:46Z, git hash: 3ce520221d0240229c862b122d2b06c12a625732
2019-09-26 20:15:06,636 [main] INFO  handler.ContextHandler (ContextHandler.java:doStart(781)) - Started o.e.j.s.ServletContextHandler@23f3da8b{/logs,file:///workdir/hadoop-ozone/integration-test/target/log,AVAILABLE}
2019-09-26 20:15:06,636 [main] INFO  handler.ContextHandler (ContextHandler.java:doStart(781)) - Started o.e.j.s.ServletContextHandler@252a8aae{/static,jar:file:/home/user/.m2/repository/org/apache/hadoop/hadoop-hdds-container-service/0.5.0-SNAPSHOT/hadoop-hdds-container-service-0.5.0-SNAPSHOT.jar!/webapps/static,AVAILABLE}
2019-09-26 20:15:06,666 [main] INFO  handler.ContextHandler (ContextHandler.java:doStart(781)) - Started o.e.j.w.WebAppContext@44f24a20{/,file:///tmp/jetty-0.0.0.0-46500-hddsDatanode-_-any-865461162207624370.dir/webapp/,AVAILABLE}{/hddsDatanode}
2019-09-26 20:15:06,666 [main] INFO  server.AbstractConnector (AbstractConnector.java:doStart(278)) - Started ServerConnector@1859e2a4{HTTP/1.1,[http/1.1]}{0.0.0.0:46500}
2019-09-26 20:15:06,667 [main] INFO  server.Server (Server.java:doStart(419)) - Started @5701ms
2019-09-26 20:15:06,668 [main] WARN  impl.MetricsSystemImpl (MetricsSystemImpl.java:register(276)) - Sink prometheus already exists!
2019-09-26 20:15:06,669 [main] INFO  server.BaseHttpServer (BaseHttpServer.java:updateConnectorAddress(215)) - HTTP server of HDDSDATANODE is listening at http://0.0.0.0:46500
2019-09-26 20:15:06,670 [main] INFO  impl.MetricsSystemImpl (MetricsSystemImpl.java:init(158)) - HddsDatanode metrics system started (again)
2019-09-26 20:15:06,673 [main] INFO  ozone.HddsDatanodeService (HddsDatanodeService.java:start(184)) - HddsDatanodeService host:pr-hdds-2162-kpcbn-4093309294 ip:192.168.151.109
2019-09-26 20:15:06,673 [org.apache.hadoop.util.JvmPauseMonitor$Monitor@3144cf9] INFO  util.JvmPauseMonitor (JvmPauseMonitor.java:run(188)) - Starting JVM pause monitor
2019-09-26 20:15:06,677 [Datanode State Machine Thread - 0] INFO  datanode.InitDatanodeState (InitDatanodeState.java:persistContainerDatanodeDetails(140)) - DatanodeDetails is persisted to /workdir/hadoop-ozone/integration-test/target/test-dir/MiniOzoneClusterImpl-b4cfdfda-c500-4180-9b02-0b7d7f1c7e35/datanode-3/meta/datanode.id
2019-09-26 20:15:06,683 [main] INFO  volume.HddsVolume (HddsVolume.java:<init>(176)) - Creating Volume: /workdir/hadoop-ozone/integration-test/target/test-dir/MiniOzoneClusterImpl-b4cfdfda-c500-4180-9b02-0b7d7f1c7e35/datanode-4/data/containers/hdds of  storage type : DISK and capacity : 1482555576320
2019-09-26 20:15:06,684 [main] INFO  volume.VolumeSet (VolumeSet.java:initializeVolumeSet(170)) - Added Volume : /workdir/hadoop-ozone/integration-test/target/test-dir/MiniOzoneClusterImpl-b4cfdfda-c500-4180-9b02-0b7d7f1c7e35/datanode-4/data/containers/hdds to VolumeSet
2019-09-26 20:15:06,684 [main] INFO  volume.ThrottledAsyncChecker (ThrottledAsyncChecker.java:schedule(139)) - Scheduling a check for org.apache.hadoop.ozone.container.common.volume.HddsVolume@7b948f3e
2019-09-26 20:15:06,684 [main] INFO  volume.HddsVolumeChecker (HddsVolumeChecker.java:checkAllVolumes(202)) - Scheduled health check for volume org.apache.hadoop.ozone.container.common.volume.HddsVolume@7b948f3e
2019-09-26 20:15:06,699 [main] INFO  impl.RaftServerProxy (ConfUtils.java:logGet(43)) - raft.rpc.type = GRPC (default)
2019-09-26 20:15:06,699 [main] INFO  grpc.GrpcFactory (GrpcFactory.java:checkPooledByteBufAllocatorUseCacheForAllThreads(45)) - PERFORMANCE WARNING: useCacheForAllThreads is true that may cause Netty to create a lot garbage objects and, as a result, trigger GC.
	It is recommended to disable useCacheForAllThreads by setting -Dorg.apache.ratis.thirdparty.io.netty.allocator.useCacheForAllThreads=false in command line.
2019-09-26 20:15:06,699 [main] INFO  grpc.GrpcConfigKeys$Server (ConfUtils.java:logGet(43)) - raft.grpc.server.port = 0 (default)
2019-09-26 20:15:06,700 [main] INFO  server.GrpcService (ConfUtils.java:logGet(43)) - raft.grpc.message.size.max = 33570816 (custom)
2019-09-26 20:15:06,700 [main] INFO  server.RaftServerConfigKeys (ConfUtils.java:logGet(43)) - raft.server.log.appender.buffer.byte-limit = 33554432 (custom)
2019-09-26 20:15:06,700 [main] INFO  server.GrpcService (ConfUtils.java:logGet(43)) - raft.grpc.flow.control.window = 1MB (=1048576) (default)
2019-09-26 20:15:06,700 [main] INFO  server.RaftServerConfigKeys (ConfUtils.java:logGet(43)) - raft.server.rpc.request.timeout = 3000ms (default)
2019-09-26 20:15:06,701 [main] INFO  server.RaftServerConfigKeys (ConfUtils.java:logGet(43)) - raft.server.storage.dir = [/workdir/hadoop-ozone/integration-test/target/test-dir/MiniOzoneClusterImpl-b4cfdfda-c500-4180-9b02-0b7d7f1c7e35/datanode-4/data/ratis] (custom)
2019-09-26 20:15:06,702 [main] INFO  hdfs.DFSUtil (DFSUtil.java:httpServerTemplateForNNAndJN(1641)) - Starting Web-server for hddsDatanode at: http://0.0.0.0:0
2019-09-26 20:15:06,704 [main] INFO  server.AuthenticationFilter (AuthenticationFilter.java:constructSecretProvider(240)) - Unable to initialize FileSignerSecretProvider, falling back to use random secrets.
2019-09-26 20:15:06,704 [main] WARN  http.HttpRequestLog (HttpRequestLog.java:getRequestLog(97)) - Jetty request log can only be enabled using Log4j
2019-09-26 20:15:06,705 [main] INFO  http.HttpServer2 (HttpServer2.java:addGlobalFilter(975)) - Added global filter 'safety' (class=org.apache.hadoop.http.HttpServer2$QuotingInputFilter)
2019-09-26 20:15:06,706 [main] INFO  http.HttpServer2 (HttpServer2.java:addFilter(948)) - Added filter static_user_filter (class=org.apache.hadoop.http.lib.StaticUserWebFilter$StaticUserFilter) to context hddsDatanode
2019-09-26 20:15:06,706 [main] INFO  http.HttpServer2 (HttpServer2.java:addFilter(958)) - Added filter static_user_filter (class=org.apache.hadoop.http.lib.StaticUserWebFilter$StaticUserFilter) to context static
2019-09-26 20:15:06,707 [main] INFO  http.HttpServer2 (HttpServer2.java:addFilter(958)) - Added filter static_user_filter (class=org.apache.hadoop.http.lib.StaticUserWebFilter$StaticUserFilter) to context logs
2019-09-26 20:15:06,707 [main] INFO  http.HttpServer2 (HttpServer2.java:bindListener(1191)) - Jetty bound to port 34020
2019-09-26 20:15:06,707 [main] INFO  server.Server (Server.java:doStart(351)) - jetty-9.3.25.v20180904, build timestamp: 2018-09-04T21:11:46Z, git hash: 3ce520221d0240229c862b122d2b06c12a625732
2019-09-26 20:15:06,710 [main] INFO  handler.ContextHandler (ContextHandler.java:doStart(781)) - Started o.e.j.s.ServletContextHandler@60c8a093{/logs,file:///workdir/hadoop-ozone/integration-test/target/log,AVAILABLE}
2019-09-26 20:15:06,710 [main] INFO  handler.ContextHandler (ContextHandler.java:doStart(781)) - Started o.e.j.s.ServletContextHandler@2a369e14{/static,jar:file:/home/user/.m2/repository/org/apache/hadoop/hadoop-hdds-container-service/0.5.0-SNAPSHOT/hadoop-hdds-container-service-0.5.0-SNAPSHOT.jar!/webapps/static,AVAILABLE}
2019-09-26 20:15:06,739 [main] INFO  handler.ContextHandler (ContextHandler.java:doStart(781)) - Started o.e.j.w.WebAppContext@127a7272{/,file:///tmp/jetty-0.0.0.0-34020-hddsDatanode-_-any-3671037342770777716.dir/webapp/,AVAILABLE}{/hddsDatanode}
2019-09-26 20:15:06,740 [main] INFO  server.AbstractConnector (AbstractConnector.java:doStart(278)) - Started ServerConnector@ff23ae7{HTTP/1.1,[http/1.1]}{0.0.0.0:34020}
2019-09-26 20:15:06,740 [main] INFO  server.Server (Server.java:doStart(419)) - Started @5774ms
2019-09-26 20:15:06,746 [main] WARN  impl.MetricsSystemImpl (MetricsSystemImpl.java:register(276)) - Sink prometheus already exists!
2019-09-26 20:15:06,747 [main] INFO  server.BaseHttpServer (BaseHttpServer.java:updateConnectorAddress(215)) - HTTP server of HDDSDATANODE is listening at http://0.0.0.0:34020
2019-09-26 20:15:06,747 [main] INFO  impl.MetricsSystemImpl (MetricsSystemImpl.java:init(158)) - HddsDatanode metrics system started (again)
2019-09-26 20:15:06,751 [main] INFO  ozone.HddsDatanodeService (HddsDatanodeService.java:start(184)) - HddsDatanodeService host:pr-hdds-2162-kpcbn-4093309294 ip:192.168.151.109
2019-09-26 20:15:06,751 [org.apache.hadoop.util.JvmPauseMonitor$Monitor@94849ef] INFO  util.JvmPauseMonitor (JvmPauseMonitor.java:run(188)) - Starting JVM pause monitor
2019-09-26 20:15:06,754 [Datanode State Machine Thread - 0] INFO  datanode.InitDatanodeState (InitDatanodeState.java:persistContainerDatanodeDetails(140)) - DatanodeDetails is persisted to /workdir/hadoop-ozone/integration-test/target/test-dir/MiniOzoneClusterImpl-b4cfdfda-c500-4180-9b02-0b7d7f1c7e35/datanode-4/meta/datanode.id
2019-09-26 20:15:06,758 [main] INFO  volume.HddsVolume (HddsVolume.java:<init>(176)) - Creating Volume: /workdir/hadoop-ozone/integration-test/target/test-dir/MiniOzoneClusterImpl-b4cfdfda-c500-4180-9b02-0b7d7f1c7e35/datanode-5/data/containers/hdds of  storage type : DISK and capacity : 1482555576320
2019-09-26 20:15:06,758 [main] INFO  volume.VolumeSet (VolumeSet.java:initializeVolumeSet(170)) - Added Volume : /workdir/hadoop-ozone/integration-test/target/test-dir/MiniOzoneClusterImpl-b4cfdfda-c500-4180-9b02-0b7d7f1c7e35/datanode-5/data/containers/hdds to VolumeSet
2019-09-26 20:15:06,759 [main] INFO  volume.ThrottledAsyncChecker (ThrottledAsyncChecker.java:schedule(139)) - Scheduling a check for org.apache.hadoop.ozone.container.common.volume.HddsVolume@315f09ef
2019-09-26 20:15:06,759 [main] INFO  volume.HddsVolumeChecker (HddsVolumeChecker.java:checkAllVolumes(202)) - Scheduled health check for volume org.apache.hadoop.ozone.container.common.volume.HddsVolume@315f09ef
2019-09-26 20:15:06,776 [main] INFO  impl.RaftServerProxy (ConfUtils.java:logGet(43)) - raft.rpc.type = GRPC (default)
2019-09-26 20:15:06,776 [main] INFO  grpc.GrpcFactory (GrpcFactory.java:checkPooledByteBufAllocatorUseCacheForAllThreads(45)) - PERFORMANCE WARNING: useCacheForAllThreads is true that may cause Netty to create a lot garbage objects and, as a result, trigger GC.
	It is recommended to disable useCacheForAllThreads by setting -Dorg.apache.ratis.thirdparty.io.netty.allocator.useCacheForAllThreads=false in command line.
2019-09-26 20:15:06,777 [main] INFO  grpc.GrpcConfigKeys$Server (ConfUtils.java:logGet(43)) - raft.grpc.server.port = 0 (default)
2019-09-26 20:15:06,777 [main] INFO  server.GrpcService (ConfUtils.java:logGet(43)) - raft.grpc.message.size.max = 33570816 (custom)
2019-09-26 20:15:06,777 [main] INFO  server.RaftServerConfigKeys (ConfUtils.java:logGet(43)) - raft.server.log.appender.buffer.byte-limit = 33554432 (custom)
2019-09-26 20:15:06,777 [main] INFO  server.GrpcService (ConfUtils.java:logGet(43)) - raft.grpc.flow.control.window = 1MB (=1048576) (default)
2019-09-26 20:15:06,777 [main] INFO  server.RaftServerConfigKeys (ConfUtils.java:logGet(43)) - raft.server.rpc.request.timeout = 3000ms (default)
2019-09-26 20:15:06,778 [main] INFO  server.RaftServerConfigKeys (ConfUtils.java:logGet(43)) - raft.server.storage.dir = [/workdir/hadoop-ozone/integration-test/target/test-dir/MiniOzoneClusterImpl-b4cfdfda-c500-4180-9b02-0b7d7f1c7e35/datanode-5/data/ratis] (custom)
2019-09-26 20:15:06,780 [main] INFO  hdfs.DFSUtil (DFSUtil.java:httpServerTemplateForNNAndJN(1641)) - Starting Web-server for hddsDatanode at: http://0.0.0.0:0
2019-09-26 20:15:06,782 [main] INFO  server.AuthenticationFilter (AuthenticationFilter.java:constructSecretProvider(240)) - Unable to initialize FileSignerSecretProvider, falling back to use random secrets.
2019-09-26 20:15:06,782 [main] WARN  http.HttpRequestLog (HttpRequestLog.java:getRequestLog(97)) - Jetty request log can only be enabled using Log4j
2019-09-26 20:15:06,785 [main] INFO  http.HttpServer2 (HttpServer2.java:addGlobalFilter(975)) - Added global filter 'safety' (class=org.apache.hadoop.http.HttpServer2$QuotingInputFilter)
2019-09-26 20:15:06,786 [main] INFO  http.HttpServer2 (HttpServer2.java:addFilter(948)) - Added filter static_user_filter (class=org.apache.hadoop.http.lib.StaticUserWebFilter$StaticUserFilter) to context hddsDatanode
2019-09-26 20:15:06,786 [main] INFO  http.HttpServer2 (HttpServer2.java:addFilter(958)) - Added filter static_user_filter (class=org.apache.hadoop.http.lib.StaticUserWebFilter$StaticUserFilter) to context logs
2019-09-26 20:15:06,787 [main] INFO  http.HttpServer2 (HttpServer2.java:addFilter(958)) - Added filter static_user_filter (class=org.apache.hadoop.http.lib.StaticUserWebFilter$StaticUserFilter) to context static
2019-09-26 20:15:06,788 [main] INFO  http.HttpServer2 (HttpServer2.java:bindListener(1191)) - Jetty bound to port 33378
2019-09-26 20:15:06,788 [main] INFO  server.Server (Server.java:doStart(351)) - jetty-9.3.25.v20180904, build timestamp: 2018-09-04T21:11:46Z, git hash: 3ce520221d0240229c862b122d2b06c12a625732
2019-09-26 20:15:06,790 [main] INFO  handler.ContextHandler (ContextHandler.java:doStart(781)) - Started o.e.j.s.ServletContextHandler@74170687{/logs,file:///workdir/hadoop-ozone/integration-test/target/log,AVAILABLE}
2019-09-26 20:15:06,791 [main] INFO  handler.ContextHandler (ContextHandler.java:doStart(781)) - Started o.e.j.s.ServletContextHandler@3d96fa9e{/static,jar:file:/home/user/.m2/repository/org/apache/hadoop/hadoop-hdds-container-service/0.5.0-SNAPSHOT/hadoop-hdds-container-service-0.5.0-SNAPSHOT.jar!/webapps/static,AVAILABLE}
2019-09-26 20:15:06,834 [main] INFO  handler.ContextHandler (ContextHandler.java:doStart(781)) - Started o.e.j.w.WebAppContext@254f906e{/,file:///tmp/jetty-0.0.0.0-33378-hddsDatanode-_-any-4391383376706567252.dir/webapp/,AVAILABLE}{/hddsDatanode}
2019-09-26 20:15:06,835 [main] INFO  server.AbstractConnector (AbstractConnector.java:doStart(278)) - Started ServerConnector@3d0035d2{HTTP/1.1,[http/1.1]}{0.0.0.0:33378}
2019-09-26 20:15:06,836 [main] INFO  server.Server (Server.java:doStart(419)) - Started @5870ms
2019-09-26 20:15:06,837 [main] WARN  impl.MetricsSystemImpl (MetricsSystemImpl.java:register(276)) - Sink prometheus already exists!
2019-09-26 20:15:06,837 [main] INFO  server.BaseHttpServer (BaseHttpServer.java:updateConnectorAddress(215)) - HTTP server of HDDSDATANODE is listening at http://0.0.0.0:33378
2019-09-26 20:15:06,838 [main] INFO  impl.MetricsSystemImpl (MetricsSystemImpl.java:init(158)) - HddsDatanode metrics system started (again)
2019-09-26 20:15:06,842 [main] INFO  ozone.HddsDatanodeService (HddsDatanodeService.java:start(184)) - HddsDatanodeService host:pr-hdds-2162-kpcbn-4093309294 ip:192.168.151.109
2019-09-26 20:15:06,842 [org.apache.hadoop.util.JvmPauseMonitor$Monitor@676ceac7] INFO  util.JvmPauseMonitor (JvmPauseMonitor.java:run(188)) - Starting JVM pause monitor
2019-09-26 20:15:06,846 [Datanode State Machine Thread - 0] INFO  datanode.InitDatanodeState (InitDatanodeState.java:persistContainerDatanodeDetails(140)) - DatanodeDetails is persisted to /workdir/hadoop-ozone/integration-test/target/test-dir/MiniOzoneClusterImpl-b4cfdfda-c500-4180-9b02-0b7d7f1c7e35/datanode-5/meta/datanode.id
2019-09-26 20:15:06,852 [main] INFO  volume.HddsVolume (HddsVolume.java:<init>(176)) - Creating Volume: /workdir/hadoop-ozone/integration-test/target/test-dir/MiniOzoneClusterImpl-b4cfdfda-c500-4180-9b02-0b7d7f1c7e35/datanode-6/data/containers/hdds of  storage type : DISK and capacity : 1482555576320
2019-09-26 20:15:06,852 [main] INFO  volume.VolumeSet (VolumeSet.java:initializeVolumeSet(170)) - Added Volume : /workdir/hadoop-ozone/integration-test/target/test-dir/MiniOzoneClusterImpl-b4cfdfda-c500-4180-9b02-0b7d7f1c7e35/datanode-6/data/containers/hdds to VolumeSet
2019-09-26 20:15:06,852 [main] INFO  volume.ThrottledAsyncChecker (ThrottledAsyncChecker.java:schedule(139)) - Scheduling a check for org.apache.hadoop.ozone.container.common.volume.HddsVolume@1a22e0ef
2019-09-26 20:15:06,853 [main] INFO  volume.HddsVolumeChecker (HddsVolumeChecker.java:checkAllVolumes(202)) - Scheduled health check for volume org.apache.hadoop.ozone.container.common.volume.HddsVolume@1a22e0ef
2019-09-26 20:15:06,869 [main] INFO  impl.RaftServerProxy (ConfUtils.java:logGet(43)) - raft.rpc.type = GRPC (default)
2019-09-26 20:15:06,869 [main] INFO  grpc.GrpcFactory (GrpcFactory.java:checkPooledByteBufAllocatorUseCacheForAllThreads(45)) - PERFORMANCE WARNING: useCacheForAllThreads is true that may cause Netty to create a lot garbage objects and, as a result, trigger GC.
	It is recommended to disable useCacheForAllThreads by setting -Dorg.apache.ratis.thirdparty.io.netty.allocator.useCacheForAllThreads=false in command line.
2019-09-26 20:15:06,869 [main] INFO  grpc.GrpcConfigKeys$Server (ConfUtils.java:logGet(43)) - raft.grpc.server.port = 0 (default)
2019-09-26 20:15:06,869 [main] INFO  server.GrpcService (ConfUtils.java:logGet(43)) - raft.grpc.message.size.max = 33570816 (custom)
2019-09-26 20:15:06,870 [main] INFO  server.RaftServerConfigKeys (ConfUtils.java:logGet(43)) - raft.server.log.appender.buffer.byte-limit = 33554432 (custom)
2019-09-26 20:15:06,870 [main] INFO  server.GrpcService (ConfUtils.java:logGet(43)) - raft.grpc.flow.control.window = 1MB (=1048576) (default)
2019-09-26 20:15:06,870 [main] INFO  server.RaftServerConfigKeys (ConfUtils.java:logGet(43)) - raft.server.rpc.request.timeout = 3000ms (default)
2019-09-26 20:15:06,871 [main] INFO  server.RaftServerConfigKeys (ConfUtils.java:logGet(43)) - raft.server.storage.dir = [/workdir/hadoop-ozone/integration-test/target/test-dir/MiniOzoneClusterImpl-b4cfdfda-c500-4180-9b02-0b7d7f1c7e35/datanode-6/data/ratis] (custom)
2019-09-26 20:15:06,872 [main] INFO  hdfs.DFSUtil (DFSUtil.java:httpServerTemplateForNNAndJN(1641)) - Starting Web-server for hddsDatanode at: http://0.0.0.0:0
2019-09-26 20:15:06,874 [main] INFO  server.AuthenticationFilter (AuthenticationFilter.java:constructSecretProvider(240)) - Unable to initialize FileSignerSecretProvider, falling back to use random secrets.
2019-09-26 20:15:06,875 [main] WARN  http.HttpRequestLog (HttpRequestLog.java:getRequestLog(97)) - Jetty request log can only be enabled using Log4j
2019-09-26 20:15:06,876 [main] INFO  http.HttpServer2 (HttpServer2.java:addGlobalFilter(975)) - Added global filter 'safety' (class=org.apache.hadoop.http.HttpServer2$QuotingInputFilter)
2019-09-26 20:15:06,877 [main] INFO  http.HttpServer2 (HttpServer2.java:addFilter(948)) - Added filter static_user_filter (class=org.apache.hadoop.http.lib.StaticUserWebFilter$StaticUserFilter) to context hddsDatanode
2019-09-26 20:15:06,877 [main] INFO  http.HttpServer2 (HttpServer2.java:addFilter(958)) - Added filter static_user_filter (class=org.apache.hadoop.http.lib.StaticUserWebFilter$StaticUserFilter) to context logs
2019-09-26 20:15:06,878 [main] INFO  http.HttpServer2 (HttpServer2.java:addFilter(958)) - Added filter static_user_filter (class=org.apache.hadoop.http.lib.StaticUserWebFilter$StaticUserFilter) to context static
2019-09-26 20:15:06,878 [main] INFO  http.HttpServer2 (HttpServer2.java:bindListener(1191)) - Jetty bound to port 37430
2019-09-26 20:15:06,879 [main] INFO  server.Server (Server.java:doStart(351)) - jetty-9.3.25.v20180904, build timestamp: 2018-09-04T21:11:46Z, git hash: 3ce520221d0240229c862b122d2b06c12a625732
2019-09-26 20:15:06,881 [main] INFO  handler.ContextHandler (ContextHandler.java:doStart(781)) - Started o.e.j.s.ServletContextHandler@3dd31157{/logs,file:///workdir/hadoop-ozone/integration-test/target/log,AVAILABLE}
2019-09-26 20:15:06,882 [main] INFO  handler.ContextHandler (ContextHandler.java:doStart(781)) - Started o.e.j.s.ServletContextHandler@3240b2a4{/static,jar:file:/home/user/.m2/repository/org/apache/hadoop/hadoop-hdds-container-service/0.5.0-SNAPSHOT/hadoop-hdds-container-service-0.5.0-SNAPSHOT.jar!/webapps/static,AVAILABLE}
2019-09-26 20:15:06,912 [main] INFO  handler.ContextHandler (ContextHandler.java:doStart(781)) - Started o.e.j.w.WebAppContext@7544ac86{/,file:///tmp/jetty-0.0.0.0-37430-hddsDatanode-_-any-2858273064011520503.dir/webapp/,AVAILABLE}{/hddsDatanode}
2019-09-26 20:15:06,912 [main] INFO  server.AbstractConnector (AbstractConnector.java:doStart(278)) - Started ServerConnector@3b27b497{HTTP/1.1,[http/1.1]}{0.0.0.0:37430}
2019-09-26 20:15:06,913 [main] INFO  server.Server (Server.java:doStart(419)) - Started @5947ms
2019-09-26 20:15:06,913 [main] WARN  impl.MetricsSystemImpl (MetricsSystemImpl.java:register(276)) - Sink prometheus already exists!
2019-09-26 20:15:06,914 [main] INFO  server.BaseHttpServer (BaseHttpServer.java:updateConnectorAddress(215)) - HTTP server of HDDSDATANODE is listening at http://0.0.0.0:37430
2019-09-26 20:15:06,914 [main] INFO  impl.MetricsSystemImpl (MetricsSystemImpl.java:init(158)) - HddsDatanode metrics system started (again)
2019-09-26 20:15:06,919 [org.apache.hadoop.util.JvmPauseMonitor$Monitor@3f4eda71] INFO  util.JvmPauseMonitor (JvmPauseMonitor.java:run(188)) - Starting JVM pause monitor
2019-09-26 20:15:06,920 [main] INFO  ozone.HddsDatanodeService (HddsDatanodeService.java:start(184)) - HddsDatanodeService host:pr-hdds-2162-kpcbn-4093309294 ip:192.168.151.109
2019-09-26 20:15:06,923 [Datanode State Machine Thread - 0] INFO  datanode.InitDatanodeState (InitDatanodeState.java:persistContainerDatanodeDetails(140)) - DatanodeDetails is persisted to /workdir/hadoop-ozone/integration-test/target/test-dir/MiniOzoneClusterImpl-b4cfdfda-c500-4180-9b02-0b7d7f1c7e35/datanode-6/meta/datanode.id
2019-09-26 20:15:06,929 [main] INFO  volume.HddsVolume (HddsVolume.java:<init>(176)) - Creating Volume: /workdir/hadoop-ozone/integration-test/target/test-dir/MiniOzoneClusterImpl-b4cfdfda-c500-4180-9b02-0b7d7f1c7e35/datanode-7/data/containers/hdds of  storage type : DISK and capacity : 1482555576320
2019-09-26 20:15:06,930 [main] INFO  volume.VolumeSet (VolumeSet.java:initializeVolumeSet(170)) - Added Volume : /workdir/hadoop-ozone/integration-test/target/test-dir/MiniOzoneClusterImpl-b4cfdfda-c500-4180-9b02-0b7d7f1c7e35/datanode-7/data/containers/hdds to VolumeSet
2019-09-26 20:15:06,930 [main] INFO  volume.ThrottledAsyncChecker (ThrottledAsyncChecker.java:schedule(139)) - Scheduling a check for org.apache.hadoop.ozone.container.common.volume.HddsVolume@445bb139
2019-09-26 20:15:06,931 [main] INFO  volume.HddsVolumeChecker (HddsVolumeChecker.java:checkAllVolumes(202)) - Scheduled health check for volume org.apache.hadoop.ozone.container.common.volume.HddsVolume@445bb139
2019-09-26 20:15:06,954 [main] INFO  impl.RaftServerProxy (ConfUtils.java:logGet(43)) - raft.rpc.type = GRPC (default)
2019-09-26 20:15:06,954 [main] INFO  grpc.GrpcFactory (GrpcFactory.java:checkPooledByteBufAllocatorUseCacheForAllThreads(45)) - PERFORMANCE WARNING: useCacheForAllThreads is true that may cause Netty to create a lot garbage objects and, as a result, trigger GC.
	It is recommended to disable useCacheForAllThreads by setting -Dorg.apache.ratis.thirdparty.io.netty.allocator.useCacheForAllThreads=false in command line.
2019-09-26 20:15:06,954 [main] INFO  grpc.GrpcConfigKeys$Server (ConfUtils.java:logGet(43)) - raft.grpc.server.port = 0 (default)
2019-09-26 20:15:06,955 [main] INFO  server.GrpcService (ConfUtils.java:logGet(43)) - raft.grpc.message.size.max = 33570816 (custom)
2019-09-26 20:15:06,955 [main] INFO  server.RaftServerConfigKeys (ConfUtils.java:logGet(43)) - raft.server.log.appender.buffer.byte-limit = 33554432 (custom)
2019-09-26 20:15:06,955 [main] INFO  server.GrpcService (ConfUtils.java:logGet(43)) - raft.grpc.flow.control.window = 1MB (=1048576) (default)
2019-09-26 20:15:06,956 [main] INFO  server.RaftServerConfigKeys (ConfUtils.java:logGet(43)) - raft.server.rpc.request.timeout = 3000ms (default)
2019-09-26 20:15:06,956 [main] INFO  server.RaftServerConfigKeys (ConfUtils.java:logGet(43)) - raft.server.storage.dir = [/workdir/hadoop-ozone/integration-test/target/test-dir/MiniOzoneClusterImpl-b4cfdfda-c500-4180-9b02-0b7d7f1c7e35/datanode-7/data/ratis] (custom)
2019-09-26 20:15:06,958 [main] INFO  hdfs.DFSUtil (DFSUtil.java:httpServerTemplateForNNAndJN(1641)) - Starting Web-server for hddsDatanode at: http://0.0.0.0:0
2019-09-26 20:15:06,960 [main] INFO  server.AuthenticationFilter (AuthenticationFilter.java:constructSecretProvider(240)) - Unable to initialize FileSignerSecretProvider, falling back to use random secrets.
2019-09-26 20:15:06,960 [main] WARN  http.HttpRequestLog (HttpRequestLog.java:getRequestLog(97)) - Jetty request log can only be enabled using Log4j
2019-09-26 20:15:06,962 [main] INFO  http.HttpServer2 (HttpServer2.java:addGlobalFilter(975)) - Added global filter 'safety' (class=org.apache.hadoop.http.HttpServer2$QuotingInputFilter)
2019-09-26 20:15:06,963 [main] INFO  http.HttpServer2 (HttpServer2.java:addFilter(948)) - Added filter static_user_filter (class=org.apache.hadoop.http.lib.StaticUserWebFilter$StaticUserFilter) to context hddsDatanode
2019-09-26 20:15:06,964 [main] INFO  http.HttpServer2 (HttpServer2.java:addFilter(958)) - Added filter static_user_filter (class=org.apache.hadoop.http.lib.StaticUserWebFilter$StaticUserFilter) to context logs
2019-09-26 20:15:06,964 [main] INFO  http.HttpServer2 (HttpServer2.java:addFilter(958)) - Added filter static_user_filter (class=org.apache.hadoop.http.lib.StaticUserWebFilter$StaticUserFilter) to context static
2019-09-26 20:15:06,965 [main] INFO  http.HttpServer2 (HttpServer2.java:bindListener(1191)) - Jetty bound to port 36844
2019-09-26 20:15:06,965 [main] INFO  server.Server (Server.java:doStart(351)) - jetty-9.3.25.v20180904, build timestamp: 2018-09-04T21:11:46Z, git hash: 3ce520221d0240229c862b122d2b06c12a625732
2019-09-26 20:15:06,967 [main] INFO  handler.ContextHandler (ContextHandler.java:doStart(781)) - Started o.e.j.s.ServletContextHandler@2a869a16{/logs,file:///workdir/hadoop-ozone/integration-test/target/log,AVAILABLE}
2019-09-26 20:15:06,968 [main] INFO  handler.ContextHandler (ContextHandler.java:doStart(781)) - Started o.e.j.s.ServletContextHandler@46aa712c{/static,jar:file:/home/user/.m2/repository/org/apache/hadoop/hadoop-hdds-container-service/0.5.0-SNAPSHOT/hadoop-hdds-container-service-0.5.0-SNAPSHOT.jar!/webapps/static,AVAILABLE}
2019-09-26 20:15:07,013 [main] INFO  handler.ContextHandler (ContextHandler.java:doStart(781)) - Started o.e.j.w.WebAppContext@3078cac{/,file:///tmp/jetty-0.0.0.0-36844-hddsDatanode-_-any-2242144029168811591.dir/webapp/,AVAILABLE}{/hddsDatanode}
2019-09-26 20:15:07,014 [main] INFO  server.AbstractConnector (AbstractConnector.java:doStart(278)) - Started ServerConnector@f6de586{HTTP/1.1,[http/1.1]}{0.0.0.0:36844}
2019-09-26 20:15:07,015 [main] INFO  server.Server (Server.java:doStart(419)) - Started @6049ms
2019-09-26 20:15:07,015 [main] WARN  impl.MetricsSystemImpl (MetricsSystemImpl.java:register(276)) - Sink prometheus already exists!
2019-09-26 20:15:07,016 [main] INFO  server.BaseHttpServer (BaseHttpServer.java:updateConnectorAddress(215)) - HTTP server of HDDSDATANODE is listening at http://0.0.0.0:36844
2019-09-26 20:15:07,016 [main] INFO  impl.MetricsSystemImpl (MetricsSystemImpl.java:init(158)) - HddsDatanode metrics system started (again)
2019-09-26 20:15:07,021 [org.apache.hadoop.util.JvmPauseMonitor$Monitor@2cb373b7] INFO  util.JvmPauseMonitor (JvmPauseMonitor.java:run(188)) - Starting JVM pause monitor
2019-09-26 20:15:07,022 [main] INFO  ozone.HddsDatanodeService (HddsDatanodeService.java:start(184)) - HddsDatanodeService host:pr-hdds-2162-kpcbn-4093309294 ip:192.168.151.109
2019-09-26 20:15:07,024 [Datanode State Machine Thread - 0] INFO  datanode.InitDatanodeState (InitDatanodeState.java:persistContainerDatanodeDetails(140)) - DatanodeDetails is persisted to /workdir/hadoop-ozone/integration-test/target/test-dir/MiniOzoneClusterImpl-b4cfdfda-c500-4180-9b02-0b7d7f1c7e35/datanode-7/meta/datanode.id
2019-09-26 20:15:07,031 [main] INFO  volume.HddsVolume (HddsVolume.java:<init>(176)) - Creating Volume: /workdir/hadoop-ozone/integration-test/target/test-dir/MiniOzoneClusterImpl-b4cfdfda-c500-4180-9b02-0b7d7f1c7e35/datanode-8/data/containers/hdds of  storage type : DISK and capacity : 1482555576320
2019-09-26 20:15:07,031 [main] INFO  volume.VolumeSet (VolumeSet.java:initializeVolumeSet(170)) - Added Volume : /workdir/hadoop-ozone/integration-test/target/test-dir/MiniOzoneClusterImpl-b4cfdfda-c500-4180-9b02-0b7d7f1c7e35/datanode-8/data/containers/hdds to VolumeSet
2019-09-26 20:15:07,032 [main] INFO  volume.ThrottledAsyncChecker (ThrottledAsyncChecker.java:schedule(139)) - Scheduling a check for org.apache.hadoop.ozone.container.common.volume.HddsVolume@176f7f3b
2019-09-26 20:15:07,032 [main] INFO  volume.HddsVolumeChecker (HddsVolumeChecker.java:checkAllVolumes(202)) - Scheduled health check for volume org.apache.hadoop.ozone.container.common.volume.HddsVolume@176f7f3b
2019-09-26 20:15:07,051 [main] INFO  impl.RaftServerProxy (ConfUtils.java:logGet(43)) - raft.rpc.type = GRPC (default)
2019-09-26 20:15:07,052 [main] INFO  grpc.GrpcFactory (GrpcFactory.java:checkPooledByteBufAllocatorUseCacheForAllThreads(45)) - PERFORMANCE WARNING: useCacheForAllThreads is true that may cause Netty to create a lot garbage objects and, as a result, trigger GC.
	It is recommended to disable useCacheForAllThreads by setting -Dorg.apache.ratis.thirdparty.io.netty.allocator.useCacheForAllThreads=false in command line.
2019-09-26 20:15:07,052 [main] INFO  grpc.GrpcConfigKeys$Server (ConfUtils.java:logGet(43)) - raft.grpc.server.port = 0 (default)
2019-09-26 20:15:07,052 [main] INFO  server.GrpcService (ConfUtils.java:logGet(43)) - raft.grpc.message.size.max = 33570816 (custom)
2019-09-26 20:15:07,052 [main] INFO  server.RaftServerConfigKeys (ConfUtils.java:logGet(43)) - raft.server.log.appender.buffer.byte-limit = 33554432 (custom)
2019-09-26 20:15:07,053 [main] INFO  server.GrpcService (ConfUtils.java:logGet(43)) - raft.grpc.flow.control.window = 1MB (=1048576) (default)
2019-09-26 20:15:07,053 [main] INFO  server.RaftServerConfigKeys (ConfUtils.java:logGet(43)) - raft.server.rpc.request.timeout = 3000ms (default)
2019-09-26 20:15:07,054 [main] INFO  server.RaftServerConfigKeys (ConfUtils.java:logGet(43)) - raft.server.storage.dir = [/workdir/hadoop-ozone/integration-test/target/test-dir/MiniOzoneClusterImpl-b4cfdfda-c500-4180-9b02-0b7d7f1c7e35/datanode-8/data/ratis] (custom)
2019-09-26 20:15:07,055 [main] INFO  hdfs.DFSUtil (DFSUtil.java:httpServerTemplateForNNAndJN(1641)) - Starting Web-server for hddsDatanode at: http://0.0.0.0:0
2019-09-26 20:15:07,057 [main] INFO  server.AuthenticationFilter (AuthenticationFilter.java:constructSecretProvider(240)) - Unable to initialize FileSignerSecretProvider, falling back to use random secrets.
2019-09-26 20:15:07,057 [main] WARN  http.HttpRequestLog (HttpRequestLog.java:getRequestLog(97)) - Jetty request log can only be enabled using Log4j
2019-09-26 20:15:07,059 [main] INFO  http.HttpServer2 (HttpServer2.java:addGlobalFilter(975)) - Added global filter 'safety' (class=org.apache.hadoop.http.HttpServer2$QuotingInputFilter)
2019-09-26 20:15:07,060 [main] INFO  http.HttpServer2 (HttpServer2.java:addFilter(948)) - Added filter static_user_filter (class=org.apache.hadoop.http.lib.StaticUserWebFilter$StaticUserFilter) to context hddsDatanode
2019-09-26 20:15:07,060 [main] INFO  http.HttpServer2 (HttpServer2.java:addFilter(958)) - Added filter static_user_filter (class=org.apache.hadoop.http.lib.StaticUserWebFilter$StaticUserFilter) to context logs
2019-09-26 20:15:07,060 [main] INFO  http.HttpServer2 (HttpServer2.java:addFilter(958)) - Added filter static_user_filter (class=org.apache.hadoop.http.lib.StaticUserWebFilter$StaticUserFilter) to context static
2019-09-26 20:15:07,061 [main] INFO  http.HttpServer2 (HttpServer2.java:bindListener(1191)) - Jetty bound to port 38078
2019-09-26 20:15:07,061 [main] INFO  server.Server (Server.java:doStart(351)) - jetty-9.3.25.v20180904, build timestamp: 2018-09-04T21:11:46Z, git hash: 3ce520221d0240229c862b122d2b06c12a625732
2019-09-26 20:15:07,063 [main] INFO  handler.ContextHandler (ContextHandler.java:doStart(781)) - Started o.e.j.s.ServletContextHandler@27e7c77f{/logs,file:///workdir/hadoop-ozone/integration-test/target/log,AVAILABLE}
2019-09-26 20:15:07,064 [main] INFO  handler.ContextHandler (ContextHandler.java:doStart(781)) - Started o.e.j.s.ServletContextHandler@6ae62c7e{/static,jar:file:/home/user/.m2/repository/org/apache/hadoop/hadoop-hdds-container-service/0.5.0-SNAPSHOT/hadoop-hdds-container-service-0.5.0-SNAPSHOT.jar!/webapps/static,AVAILABLE}
2019-09-26 20:15:07,097 [main] INFO  handler.ContextHandler (ContextHandler.java:doStart(781)) - Started o.e.j.w.WebAppContext@7a360554{/,file:///tmp/jetty-0.0.0.0-38078-hddsDatanode-_-any-1026399211132557993.dir/webapp/,AVAILABLE}{/hddsDatanode}
2019-09-26 20:15:07,097 [main] INFO  server.AbstractConnector (AbstractConnector.java:doStart(278)) - Started ServerConnector@424de326{HTTP/1.1,[http/1.1]}{0.0.0.0:38078}
2019-09-26 20:15:07,098 [main] INFO  server.Server (Server.java:doStart(419)) - Started @6132ms
2019-09-26 20:15:07,098 [main] WARN  impl.MetricsSystemImpl (MetricsSystemImpl.java:register(276)) - Sink prometheus already exists!
2019-09-26 20:15:07,099 [main] INFO  server.BaseHttpServer (BaseHttpServer.java:updateConnectorAddress(215)) - HTTP server of HDDSDATANODE is listening at http://0.0.0.0:38078
2019-09-26 20:15:07,099 [main] INFO  impl.MetricsSystemImpl (MetricsSystemImpl.java:init(158)) - HddsDatanode metrics system started (again)
2019-09-26 20:15:07,104 [org.apache.hadoop.util.JvmPauseMonitor$Monitor@196a2740] INFO  util.JvmPauseMonitor (JvmPauseMonitor.java:run(188)) - Starting JVM pause monitor
2019-09-26 20:15:07,104 [main] INFO  ozone.HddsDatanodeService (HddsDatanodeService.java:start(184)) - HddsDatanodeService host:pr-hdds-2162-kpcbn-4093309294 ip:192.168.151.109
2019-09-26 20:15:07,108 [Datanode State Machine Thread - 0] INFO  datanode.InitDatanodeState (InitDatanodeState.java:persistContainerDatanodeDetails(140)) - DatanodeDetails is persisted to /workdir/hadoop-ozone/integration-test/target/test-dir/MiniOzoneClusterImpl-b4cfdfda-c500-4180-9b02-0b7d7f1c7e35/datanode-8/meta/datanode.id
2019-09-26 20:15:07,114 [main] INFO  volume.HddsVolume (HddsVolume.java:<init>(176)) - Creating Volume: /workdir/hadoop-ozone/integration-test/target/test-dir/MiniOzoneClusterImpl-b4cfdfda-c500-4180-9b02-0b7d7f1c7e35/datanode-9/data/containers/hdds of  storage type : DISK and capacity : 1482555576320
2019-09-26 20:15:07,114 [main] INFO  volume.VolumeSet (VolumeSet.java:initializeVolumeSet(170)) - Added Volume : /workdir/hadoop-ozone/integration-test/target/test-dir/MiniOzoneClusterImpl-b4cfdfda-c500-4180-9b02-0b7d7f1c7e35/datanode-9/data/containers/hdds to VolumeSet
2019-09-26 20:15:07,115 [main] INFO  volume.ThrottledAsyncChecker (ThrottledAsyncChecker.java:schedule(139)) - Scheduling a check for org.apache.hadoop.ozone.container.common.volume.HddsVolume@7b676112
2019-09-26 20:15:07,115 [main] INFO  volume.HddsVolumeChecker (HddsVolumeChecker.java:checkAllVolumes(202)) - Scheduled health check for volume org.apache.hadoop.ozone.container.common.volume.HddsVolume@7b676112
2019-09-26 20:15:07,131 [main] INFO  impl.RaftServerProxy (ConfUtils.java:logGet(43)) - raft.rpc.type = GRPC (default)
2019-09-26 20:15:07,131 [main] INFO  grpc.GrpcFactory (GrpcFactory.java:checkPooledByteBufAllocatorUseCacheForAllThreads(45)) - PERFORMANCE WARNING: useCacheForAllThreads is true that may cause Netty to create a lot garbage objects and, as a result, trigger GC.
	It is recommended to disable useCacheForAllThreads by setting -Dorg.apache.ratis.thirdparty.io.netty.allocator.useCacheForAllThreads=false in command line.
2019-09-26 20:15:07,132 [main] INFO  grpc.GrpcConfigKeys$Server (ConfUtils.java:logGet(43)) - raft.grpc.server.port = 0 (default)
2019-09-26 20:15:07,132 [main] INFO  server.GrpcService (ConfUtils.java:logGet(43)) - raft.grpc.message.size.max = 33570816 (custom)
2019-09-26 20:15:07,132 [main] INFO  server.RaftServerConfigKeys (ConfUtils.java:logGet(43)) - raft.server.log.appender.buffer.byte-limit = 33554432 (custom)
2019-09-26 20:15:07,132 [main] INFO  server.GrpcService (ConfUtils.java:logGet(43)) - raft.grpc.flow.control.window = 1MB (=1048576) (default)
2019-09-26 20:15:07,132 [main] INFO  server.RaftServerConfigKeys (ConfUtils.java:logGet(43)) - raft.server.rpc.request.timeout = 3000ms (default)
2019-09-26 20:15:07,133 [main] INFO  server.RaftServerConfigKeys (ConfUtils.java:logGet(43)) - raft.server.storage.dir = [/workdir/hadoop-ozone/integration-test/target/test-dir/MiniOzoneClusterImpl-b4cfdfda-c500-4180-9b02-0b7d7f1c7e35/datanode-9/data/ratis] (custom)
2019-09-26 20:15:07,134 [main] INFO  hdfs.DFSUtil (DFSUtil.java:httpServerTemplateForNNAndJN(1641)) - Starting Web-server for hddsDatanode at: http://0.0.0.0:0
2019-09-26 20:15:07,135 [main] INFO  server.AuthenticationFilter (AuthenticationFilter.java:constructSecretProvider(240)) - Unable to initialize FileSignerSecretProvider, falling back to use random secrets.
2019-09-26 20:15:07,136 [main] WARN  http.HttpRequestLog (HttpRequestLog.java:getRequestLog(97)) - Jetty request log can only be enabled using Log4j
2019-09-26 20:15:07,137 [main] INFO  http.HttpServer2 (HttpServer2.java:addGlobalFilter(975)) - Added global filter 'safety' (class=org.apache.hadoop.http.HttpServer2$QuotingInputFilter)
2019-09-26 20:15:07,138 [main] INFO  http.HttpServer2 (HttpServer2.java:addFilter(948)) - Added filter static_user_filter (class=org.apache.hadoop.http.lib.StaticUserWebFilter$StaticUserFilter) to context hddsDatanode
2019-09-26 20:15:07,138 [main] INFO  http.HttpServer2 (HttpServer2.java:addFilter(958)) - Added filter static_user_filter (class=org.apache.hadoop.http.lib.StaticUserWebFilter$StaticUserFilter) to context static
2019-09-26 20:15:07,138 [main] INFO  http.HttpServer2 (HttpServer2.java:addFilter(958)) - Added filter static_user_filter (class=org.apache.hadoop.http.lib.StaticUserWebFilter$StaticUserFilter) to context logs
2019-09-26 20:15:07,139 [main] INFO  http.HttpServer2 (HttpServer2.java:bindListener(1191)) - Jetty bound to port 38698
2019-09-26 20:15:07,139 [main] INFO  server.Server (Server.java:doStart(351)) - jetty-9.3.25.v20180904, build timestamp: 2018-09-04T21:11:46Z, git hash: 3ce520221d0240229c862b122d2b06c12a625732
2019-09-26 20:15:07,141 [main] INFO  handler.ContextHandler (ContextHandler.java:doStart(781)) - Started o.e.j.s.ServletContextHandler@5d8ab698{/logs,file:///workdir/hadoop-ozone/integration-test/target/log,AVAILABLE}
2019-09-26 20:15:07,142 [main] INFO  handler.ContextHandler (ContextHandler.java:doStart(781)) - Started o.e.j.s.ServletContextHandler@446626a7{/static,jar:file:/home/user/.m2/repository/org/apache/hadoop/hadoop-hdds-container-service/0.5.0-SNAPSHOT/hadoop-hdds-container-service-0.5.0-SNAPSHOT.jar!/webapps/static,AVAILABLE}
2019-09-26 20:15:07,174 [main] INFO  handler.ContextHandler (ContextHandler.java:doStart(781)) - Started o.e.j.w.WebAppContext@3e67f5f2{/,file:///tmp/jetty-0.0.0.0-38698-hddsDatanode-_-any-3757726385755464153.dir/webapp/,AVAILABLE}{/hddsDatanode}
2019-09-26 20:15:07,176 [main] INFO  server.AbstractConnector (AbstractConnector.java:doStart(278)) - Started ServerConnector@fd53053{HTTP/1.1,[http/1.1]}{0.0.0.0:38698}
2019-09-26 20:15:07,176 [main] INFO  server.Server (Server.java:doStart(419)) - Started @6210ms
2019-09-26 20:15:07,176 [main] WARN  impl.MetricsSystemImpl (MetricsSystemImpl.java:register(276)) - Sink prometheus already exists!
2019-09-26 20:15:07,177 [main] INFO  server.BaseHttpServer (BaseHttpServer.java:updateConnectorAddress(215)) - HTTP server of HDDSDATANODE is listening at http://0.0.0.0:38698
2019-09-26 20:15:07,183 [org.apache.hadoop.util.JvmPauseMonitor$Monitor@308572fb] INFO  util.JvmPauseMonitor (JvmPauseMonitor.java:run(188)) - Starting JVM pause monitor
2019-09-26 20:15:07,184 [main] INFO  ozone.MiniOzoneClusterImpl (MiniOzoneClusterImpl.java:lambda$waitForClusterToBeReady$0(147)) - Waiting for cluster to be ready. Got 0 of 10 DN Heartbeats.
2019-09-26 20:15:07,187 [Datanode State Machine Thread - 0] INFO  datanode.InitDatanodeState (InitDatanodeState.java:persistContainerDatanodeDetails(140)) - DatanodeDetails is persisted to /workdir/hadoop-ozone/integration-test/target/test-dir/MiniOzoneClusterImpl-b4cfdfda-c500-4180-9b02-0b7d7f1c7e35/datanode-9/meta/datanode.id
2019-09-26 20:15:08,186 [main] INFO  ozone.MiniOzoneClusterImpl (MiniOzoneClusterImpl.java:lambda$waitForClusterToBeReady$0(147)) - Waiting for cluster to be ready. Got 0 of 10 DN Heartbeats.
2019-09-26 20:15:08,464 [Datanode State Machine Thread - 0] INFO  ozoneimpl.OzoneContainer (OzoneContainer.java:start(217)) - Attempting to start container services.
2019-09-26 20:15:08,466 [Datanode State Machine Thread - 0] INFO  ozoneimpl.OzoneContainer (OzoneContainer.java:startContainerScrub(179)) - Background container scanner has been disabled.
2019-09-26 20:15:08,466 [Datanode State Machine Thread - 0] INFO  ratis.XceiverServerRatis (XceiverServerRatis.java:start(411)) - Starting XceiverServerRatis 273431b0-2aea-4281-baeb-0b2797c336e5 at port 0
2019-09-26 20:15:08,489 [Datanode State Machine Thread - 0] INFO  impl.RaftServerProxy (RaftServerProxy.java:lambda$start$3(299)) - 273431b0-2aea-4281-baeb-0b2797c336e5: start RPC server
2019-09-26 20:15:08,536 [Datanode State Machine Thread - 0] INFO  ozoneimpl.OzoneContainer (OzoneContainer.java:start(217)) - Attempting to start container services.
2019-09-26 20:15:08,544 [Datanode State Machine Thread - 0] INFO  ozoneimpl.OzoneContainer (OzoneContainer.java:startContainerScrub(179)) - Background container scanner has been disabled.
2019-09-26 20:15:08,544 [Datanode State Machine Thread - 0] INFO  ratis.XceiverServerRatis (XceiverServerRatis.java:start(411)) - Starting XceiverServerRatis 0955c41b-5120-474c-be8a-331162b53db7 at port 0
2019-09-26 20:15:08,553 [Datanode State Machine Thread - 0] INFO  impl.RaftServerProxy (RaftServerProxy.java:lambda$start$3(299)) - 0955c41b-5120-474c-be8a-331162b53db7: start RPC server
2019-09-26 20:15:08,606 [Datanode State Machine Thread - 0] INFO  ozoneimpl.OzoneContainer (OzoneContainer.java:start(217)) - Attempting to start container services.
2019-09-26 20:15:08,607 [Datanode State Machine Thread - 0] INFO  ozoneimpl.OzoneContainer (OzoneContainer.java:startContainerScrub(179)) - Background container scanner has been disabled.
2019-09-26 20:15:08,607 [Datanode State Machine Thread - 0] INFO  ratis.XceiverServerRatis (XceiverServerRatis.java:start(411)) - Starting XceiverServerRatis f78f22b6-c87a-4579-a1c5-2b9c4d89f592 at port 0
2019-09-26 20:15:08,615 [Datanode State Machine Thread - 0] INFO  impl.RaftServerProxy (RaftServerProxy.java:lambda$start$3(299)) - f78f22b6-c87a-4579-a1c5-2b9c4d89f592: start RPC server
2019-09-26 20:15:08,648 [Datanode State Machine Thread - 0] INFO  server.GrpcService (GrpcService.java:startImpl(158)) - 0955c41b-5120-474c-be8a-331162b53db7: GrpcService started, listening on 0.0.0.0/0.0.0.0:36383
2019-09-26 20:15:08,648 [Datanode State Machine Thread - 0] INFO  server.GrpcService (GrpcService.java:startImpl(158)) - f78f22b6-c87a-4579-a1c5-2b9c4d89f592: GrpcService started, listening on 0.0.0.0/0.0.0.0:37490
2019-09-26 20:15:08,648 [Datanode State Machine Thread - 0] INFO  server.GrpcService (GrpcService.java:startImpl(158)) - 273431b0-2aea-4281-baeb-0b2797c336e5: GrpcService started, listening on 0.0.0.0/0.0.0.0:40537
2019-09-26 20:15:08,650 [Datanode State Machine Thread - 0] INFO  ratis.XceiverServerRatis (XceiverServerRatis.java:start(421)) - XceiverServerRatis f78f22b6-c87a-4579-a1c5-2b9c4d89f592 is started using port 37490
2019-09-26 20:15:08,650 [Datanode State Machine Thread - 0] INFO  ratis.XceiverServerRatis (XceiverServerRatis.java:start(421)) - XceiverServerRatis 0955c41b-5120-474c-be8a-331162b53db7 is started using port 36383
2019-09-26 20:15:08,650 [Datanode State Machine Thread - 0] INFO  ratis.XceiverServerRatis (XceiverServerRatis.java:start(421)) - XceiverServerRatis 273431b0-2aea-4281-baeb-0b2797c336e5 is started using port 40537
2019-09-26 20:15:08,657 [Datanode State Machine Thread - 0] INFO  server.XceiverServerGrpc (XceiverServerGrpc.java:start(149)) - XceiverServerGrpc 273431b0-2aea-4281-baeb-0b2797c336e5 is started using port 43005
2019-09-26 20:15:08,657 [Datanode State Machine Thread - 0] INFO  server.XceiverServerGrpc (XceiverServerGrpc.java:start(149)) - XceiverServerGrpc f78f22b6-c87a-4579-a1c5-2b9c4d89f592 is started using port 43070
2019-09-26 20:15:08,658 [Datanode State Machine Thread - 0] INFO  server.XceiverServerGrpc (XceiverServerGrpc.java:start(149)) - XceiverServerGrpc 0955c41b-5120-474c-be8a-331162b53db7 is started using port 37211
2019-09-26 20:15:08,689 [Datanode State Machine Thread - 0] INFO  ozoneimpl.OzoneContainer (OzoneContainer.java:start(217)) - Attempting to start container services.
2019-09-26 20:15:08,689 [Datanode State Machine Thread - 0] INFO  ozoneimpl.OzoneContainer (OzoneContainer.java:startContainerScrub(179)) - Background container scanner has been disabled.
2019-09-26 20:15:08,689 [Datanode State Machine Thread - 0] INFO  ratis.XceiverServerRatis (XceiverServerRatis.java:start(411)) - Starting XceiverServerRatis 989db53d-fc3b-4bf0-a4bf-0b82aa6828ba at port 0
2019-09-26 20:15:08,696 [Datanode State Machine Thread - 0] INFO  impl.RaftServerProxy (RaftServerProxy.java:lambda$start$3(299)) - 989db53d-fc3b-4bf0-a4bf-0b82aa6828ba: start RPC server
2019-09-26 20:15:08,698 [Datanode State Machine Thread - 0] INFO  server.GrpcService (GrpcService.java:startImpl(158)) - 989db53d-fc3b-4bf0-a4bf-0b82aa6828ba: GrpcService started, listening on 0.0.0.0/0.0.0.0:43493
2019-09-26 20:15:08,698 [Datanode State Machine Thread - 0] INFO  ratis.XceiverServerRatis (XceiverServerRatis.java:start(421)) - XceiverServerRatis 989db53d-fc3b-4bf0-a4bf-0b82aa6828ba is started using port 43493
2019-09-26 20:15:08,701 [Datanode State Machine Thread - 0] INFO  server.XceiverServerGrpc (XceiverServerGrpc.java:start(149)) - XceiverServerGrpc 989db53d-fc3b-4bf0-a4bf-0b82aa6828ba is started using port 44664
2019-09-26 20:15:08,768 [Datanode State Machine Thread - 0] INFO  ozoneimpl.OzoneContainer (OzoneContainer.java:start(217)) - Attempting to start container services.
2019-09-26 20:15:08,768 [Datanode State Machine Thread - 0] INFO  ozoneimpl.OzoneContainer (OzoneContainer.java:startContainerScrub(179)) - Background container scanner has been disabled.
2019-09-26 20:15:08,769 [Datanode State Machine Thread - 0] INFO  ratis.XceiverServerRatis (XceiverServerRatis.java:start(411)) - Starting XceiverServerRatis 3cc8baef-c687-471e-92fa-b0689bf72958 at port 0
2019-09-26 20:15:08,774 [Datanode State Machine Thread - 0] INFO  impl.RaftServerProxy (RaftServerProxy.java:lambda$start$3(299)) - 3cc8baef-c687-471e-92fa-b0689bf72958: start RPC server
2019-09-26 20:15:08,778 [Datanode State Machine Thread - 0] INFO  server.GrpcService (GrpcService.java:startImpl(158)) - 3cc8baef-c687-471e-92fa-b0689bf72958: GrpcService started, listening on 0.0.0.0/0.0.0.0:37821
2019-09-26 20:15:08,778 [Datanode State Machine Thread - 0] INFO  ratis.XceiverServerRatis (XceiverServerRatis.java:start(421)) - XceiverServerRatis 3cc8baef-c687-471e-92fa-b0689bf72958 is started using port 37821
2019-09-26 20:15:08,782 [Datanode State Machine Thread - 0] INFO  server.XceiverServerGrpc (XceiverServerGrpc.java:start(149)) - XceiverServerGrpc 3cc8baef-c687-471e-92fa-b0689bf72958 is started using port 36723
2019-09-26 20:15:08,859 [Datanode State Machine Thread - 0] INFO  ozoneimpl.OzoneContainer (OzoneContainer.java:start(217)) - Attempting to start container services.
2019-09-26 20:15:08,859 [Datanode State Machine Thread - 0] INFO  ozoneimpl.OzoneContainer (OzoneContainer.java:startContainerScrub(179)) - Background container scanner has been disabled.
2019-09-26 20:15:08,859 [Datanode State Machine Thread - 0] INFO  ratis.XceiverServerRatis (XceiverServerRatis.java:start(411)) - Starting XceiverServerRatis 0c122c34-51b6-48d8-aceb-004b9b387362 at port 0
2019-09-26 20:15:08,866 [Datanode State Machine Thread - 0] INFO  impl.RaftServerProxy (RaftServerProxy.java:lambda$start$3(299)) - 0c122c34-51b6-48d8-aceb-004b9b387362: start RPC server
2019-09-26 20:15:08,869 [Datanode State Machine Thread - 0] INFO  server.GrpcService (GrpcService.java:startImpl(158)) - 0c122c34-51b6-48d8-aceb-004b9b387362: GrpcService started, listening on 0.0.0.0/0.0.0.0:44391
2019-09-26 20:15:08,870 [Datanode State Machine Thread - 0] INFO  ratis.XceiverServerRatis (XceiverServerRatis.java:start(421)) - XceiverServerRatis 0c122c34-51b6-48d8-aceb-004b9b387362 is started using port 44391
2019-09-26 20:15:08,873 [Datanode State Machine Thread - 0] INFO  server.XceiverServerGrpc (XceiverServerGrpc.java:start(149)) - XceiverServerGrpc 0c122c34-51b6-48d8-aceb-004b9b387362 is started using port 38123
2019-09-26 20:15:08,936 [Datanode State Machine Thread - 0] INFO  ozoneimpl.OzoneContainer (OzoneContainer.java:start(217)) - Attempting to start container services.
2019-09-26 20:15:08,936 [Datanode State Machine Thread - 0] INFO  ozoneimpl.OzoneContainer (OzoneContainer.java:startContainerScrub(179)) - Background container scanner has been disabled.
2019-09-26 20:15:08,936 [Datanode State Machine Thread - 0] INFO  ratis.XceiverServerRatis (XceiverServerRatis.java:start(411)) - Starting XceiverServerRatis 2d7db0fd-6fea-47bf-b6a6-a970e74572bb at port 0
2019-09-26 20:15:08,942 [Datanode State Machine Thread - 0] INFO  impl.RaftServerProxy (RaftServerProxy.java:lambda$start$3(299)) - 2d7db0fd-6fea-47bf-b6a6-a970e74572bb: start RPC server
2019-09-26 20:15:08,949 [Datanode State Machine Thread - 0] INFO  server.GrpcService (GrpcService.java:startImpl(158)) - 2d7db0fd-6fea-47bf-b6a6-a970e74572bb: GrpcService started, listening on 0.0.0.0/0.0.0.0:46576
2019-09-26 20:15:08,949 [Datanode State Machine Thread - 0] INFO  ratis.XceiverServerRatis (XceiverServerRatis.java:start(421)) - XceiverServerRatis 2d7db0fd-6fea-47bf-b6a6-a970e74572bb is started using port 46576
2019-09-26 20:15:08,953 [Datanode State Machine Thread - 0] INFO  server.XceiverServerGrpc (XceiverServerGrpc.java:start(149)) - XceiverServerGrpc 2d7db0fd-6fea-47bf-b6a6-a970e74572bb is started using port 33749
2019-09-26 20:15:09,038 [Datanode State Machine Thread - 0] INFO  ozoneimpl.OzoneContainer (OzoneContainer.java:start(217)) - Attempting to start container services.
2019-09-26 20:15:09,038 [Datanode State Machine Thread - 0] INFO  ozoneimpl.OzoneContainer (OzoneContainer.java:startContainerScrub(179)) - Background container scanner has been disabled.
2019-09-26 20:15:09,038 [Datanode State Machine Thread - 0] INFO  ratis.XceiverServerRatis (XceiverServerRatis.java:start(411)) - Starting XceiverServerRatis 1da6c6b2-4783-4731-8f15-62229f4dfdb4 at port 0
2019-09-26 20:15:09,045 [Datanode State Machine Thread - 0] INFO  impl.RaftServerProxy (RaftServerProxy.java:lambda$start$3(299)) - 1da6c6b2-4783-4731-8f15-62229f4dfdb4: start RPC server
2019-09-26 20:15:09,050 [Datanode State Machine Thread - 0] INFO  server.GrpcService (GrpcService.java:startImpl(158)) - 1da6c6b2-4783-4731-8f15-62229f4dfdb4: GrpcService started, listening on 0.0.0.0/0.0.0.0:42892
2019-09-26 20:15:09,050 [Datanode State Machine Thread - 0] INFO  ratis.XceiverServerRatis (XceiverServerRatis.java:start(421)) - XceiverServerRatis 1da6c6b2-4783-4731-8f15-62229f4dfdb4 is started using port 42892
2019-09-26 20:15:09,055 [Datanode State Machine Thread - 0] INFO  server.XceiverServerGrpc (XceiverServerGrpc.java:start(149)) - XceiverServerGrpc 1da6c6b2-4783-4731-8f15-62229f4dfdb4 is started using port 43350
2019-09-26 20:15:09,121 [Datanode State Machine Thread - 0] INFO  ozoneimpl.OzoneContainer (OzoneContainer.java:start(217)) - Attempting to start container services.
2019-09-26 20:15:09,121 [Datanode State Machine Thread - 0] INFO  ozoneimpl.OzoneContainer (OzoneContainer.java:startContainerScrub(179)) - Background container scanner has been disabled.
2019-09-26 20:15:09,122 [Datanode State Machine Thread - 0] INFO  ratis.XceiverServerRatis (XceiverServerRatis.java:start(411)) - Starting XceiverServerRatis d03460e2-731b-4fec-8083-99c6044121d1 at port 0
2019-09-26 20:15:09,128 [Datanode State Machine Thread - 0] INFO  impl.RaftServerProxy (RaftServerProxy.java:lambda$start$3(299)) - d03460e2-731b-4fec-8083-99c6044121d1: start RPC server
2019-09-26 20:15:09,134 [Datanode State Machine Thread - 0] INFO  server.GrpcService (GrpcService.java:startImpl(158)) - d03460e2-731b-4fec-8083-99c6044121d1: GrpcService started, listening on 0.0.0.0/0.0.0.0:33161
2019-09-26 20:15:09,134 [Datanode State Machine Thread - 0] INFO  ratis.XceiverServerRatis (XceiverServerRatis.java:start(421)) - XceiverServerRatis d03460e2-731b-4fec-8083-99c6044121d1 is started using port 33161
2019-09-26 20:15:09,147 [Datanode State Machine Thread - 0] INFO  server.XceiverServerGrpc (XceiverServerGrpc.java:start(149)) - XceiverServerGrpc d03460e2-731b-4fec-8083-99c6044121d1 is started using port 46435
2019-09-26 20:15:09,186 [main] INFO  ozone.MiniOzoneClusterImpl (MiniOzoneClusterImpl.java:lambda$waitForClusterToBeReady$0(147)) - Waiting for cluster to be ready. Got 0 of 10 DN Heartbeats.
2019-09-26 20:15:09,202 [Datanode State Machine Thread - 0] INFO  ozoneimpl.OzoneContainer (OzoneContainer.java:start(217)) - Attempting to start container services.
2019-09-26 20:15:09,202 [Datanode State Machine Thread - 0] INFO  ozoneimpl.OzoneContainer (OzoneContainer.java:startContainerScrub(179)) - Background container scanner has been disabled.
2019-09-26 20:15:09,202 [Datanode State Machine Thread - 0] INFO  ratis.XceiverServerRatis (XceiverServerRatis.java:start(411)) - Starting XceiverServerRatis 091d78c8-8aa5-4dc3-975f-4b808abe8813 at port 0
2019-09-26 20:15:09,209 [Datanode State Machine Thread - 0] INFO  impl.RaftServerProxy (RaftServerProxy.java:lambda$start$3(299)) - 091d78c8-8aa5-4dc3-975f-4b808abe8813: start RPC server
2019-09-26 20:15:09,215 [Datanode State Machine Thread - 0] INFO  server.GrpcService (GrpcService.java:startImpl(158)) - 091d78c8-8aa5-4dc3-975f-4b808abe8813: GrpcService started, listening on 0.0.0.0/0.0.0.0:45519
2019-09-26 20:15:09,215 [Datanode State Machine Thread - 0] INFO  ratis.XceiverServerRatis (XceiverServerRatis.java:start(421)) - XceiverServerRatis 091d78c8-8aa5-4dc3-975f-4b808abe8813 is started using port 45519
2019-09-26 20:15:09,238 [Datanode State Machine Thread - 0] INFO  server.XceiverServerGrpc (XceiverServerGrpc.java:start(149)) - XceiverServerGrpc 091d78c8-8aa5-4dc3-975f-4b808abe8813 is started using port 35961
2019-09-26 20:15:10,187 [main] INFO  ozone.MiniOzoneClusterImpl (MiniOzoneClusterImpl.java:lambda$waitForClusterToBeReady$0(147)) - Waiting for cluster to be ready. Got 0 of 10 DN Heartbeats.
2019-09-26 20:15:10,460 [IPC Server handler 10 on 43728] INFO  net.NetworkTopology (NetworkTopologyImpl.java:add(111)) - Added a new node: /default-rack/273431b0-2aea-4281-baeb-0b2797c336e5
2019-09-26 20:15:10,460 [IPC Server handler 10 on 43728] INFO  node.SCMNodeManager (SCMNodeManager.java:register(266)) - Registered Data node : 273431b0-2aea-4281-baeb-0b2797c336e5{ip: 192.168.151.109, host: pr-hdds-2162-kpcbn-4093309294, networkLocation: /default-rack, certSerialId: null}
2019-09-26 20:15:10,467 [EventQueue-NodeRegistrationContainerReportForDataNodeSafeModeRule] INFO  safemode.SCMSafeModeManager (DataNodeSafeModeRule.java:process(71)) - SCM in safe mode. 1 DataNodes registered, 1 required.
2019-09-26 20:15:10,467 [EventQueue-NodeRegistrationContainerReportForDataNodeSafeModeRule] INFO  safemode.SCMSafeModeManager (SCMSafeModeManager.java:validateSafeModeExitRules(177)) - ScmSafeModeManager, all rules are successfully validated
2019-09-26 20:15:10,467 [EventQueue-NodeRegistrationContainerReportForDataNodeSafeModeRule] INFO  safemode.SCMSafeModeManager (SCMSafeModeManager.java:exitSafeMode(193)) - SCM exiting safe mode.
2019-09-26 20:15:10,515 [IPC Server handler 6 on 43728] INFO  net.NetworkTopology (NetworkTopologyImpl.java:add(111)) - Added a new node: /default-rack/0955c41b-5120-474c-be8a-331162b53db7
2019-09-26 20:15:10,516 [IPC Server handler 6 on 43728] INFO  node.SCMNodeManager (SCMNodeManager.java:register(266)) - Registered Data node : 0955c41b-5120-474c-be8a-331162b53db7{ip: 192.168.151.109, host: pr-hdds-2162-kpcbn-4093309294, networkLocation: /default-rack, certSerialId: null}
2019-09-26 20:15:10,598 [IPC Server handler 4 on 43728] INFO  net.NetworkTopology (NetworkTopologyImpl.java:add(111)) - Added a new node: /default-rack/f78f22b6-c87a-4579-a1c5-2b9c4d89f592
2019-09-26 20:15:10,598 [IPC Server handler 4 on 43728] INFO  node.SCMNodeManager (SCMNodeManager.java:register(266)) - Registered Data node : f78f22b6-c87a-4579-a1c5-2b9c4d89f592{ip: 192.168.151.109, host: pr-hdds-2162-kpcbn-4093309294, networkLocation: /default-rack, certSerialId: null}
2019-09-26 20:15:10,679 [IPC Server handler 11 on 43728] INFO  net.NetworkTopology (NetworkTopologyImpl.java:add(111)) - Added a new node: /default-rack/989db53d-fc3b-4bf0-a4bf-0b82aa6828ba
2019-09-26 20:15:10,679 [IPC Server handler 11 on 43728] INFO  node.SCMNodeManager (SCMNodeManager.java:register(266)) - Registered Data node : 989db53d-fc3b-4bf0-a4bf-0b82aa6828ba{ip: 192.168.151.109, host: pr-hdds-2162-kpcbn-4093309294, networkLocation: /default-rack, certSerialId: null}
2019-09-26 20:15:10,756 [IPC Server handler 12 on 43728] INFO  net.NetworkTopology (NetworkTopologyImpl.java:add(111)) - Added a new node: /default-rack/3cc8baef-c687-471e-92fa-b0689bf72958
2019-09-26 20:15:10,756 [IPC Server handler 12 on 43728] INFO  node.SCMNodeManager (SCMNodeManager.java:register(266)) - Registered Data node : 3cc8baef-c687-471e-92fa-b0689bf72958{ip: 192.168.151.109, host: pr-hdds-2162-kpcbn-4093309294, networkLocation: /default-rack, certSerialId: null}
2019-09-26 20:15:10,846 [IPC Server handler 0 on 43728] INFO  net.NetworkTopology (NetworkTopologyImpl.java:add(111)) - Added a new node: /default-rack/0c122c34-51b6-48d8-aceb-004b9b387362
2019-09-26 20:15:10,846 [IPC Server handler 0 on 43728] INFO  node.SCMNodeManager (SCMNodeManager.java:register(266)) - Registered Data node : 0c122c34-51b6-48d8-aceb-004b9b387362{ip: 192.168.151.109, host: pr-hdds-2162-kpcbn-4093309294, networkLocation: /default-rack, certSerialId: null}
2019-09-26 20:15:10,929 [IPC Server handler 8 on 43728] INFO  net.NetworkTopology (NetworkTopologyImpl.java:add(111)) - Added a new node: /default-rack/2d7db0fd-6fea-47bf-b6a6-a970e74572bb
2019-09-26 20:15:10,929 [IPC Server handler 8 on 43728] INFO  node.SCMNodeManager (SCMNodeManager.java:register(266)) - Registered Data node : 2d7db0fd-6fea-47bf-b6a6-a970e74572bb{ip: 192.168.151.109, host: pr-hdds-2162-kpcbn-4093309294, networkLocation: /default-rack, certSerialId: null}
2019-09-26 20:15:11,033 [IPC Server handler 9 on 43728] INFO  net.NetworkTopology (NetworkTopologyImpl.java:add(111)) - Added a new node: /default-rack/1da6c6b2-4783-4731-8f15-62229f4dfdb4
2019-09-26 20:15:11,034 [IPC Server handler 9 on 43728] INFO  node.SCMNodeManager (SCMNodeManager.java:register(266)) - Registered Data node : 1da6c6b2-4783-4731-8f15-62229f4dfdb4{ip: 192.168.151.109, host: pr-hdds-2162-kpcbn-4093309294, networkLocation: /default-rack, certSerialId: null}
2019-09-26 20:15:11,071 [grpc-default-executor-0] INFO  impl.RaftServerProxy (RaftServerProxy.java:addNew(89)) - 273431b0-2aea-4281-baeb-0b2797c336e5: addNew group-80D720530654:[273431b0-2aea-4281-baeb-0b2797c336e5:192.168.151.109:40537] returns group-80D720530654:java.util.concurrent.CompletableFuture@192ac39f[Not completed]
2019-09-26 20:15:11,092 [pool-27-thread-1] INFO  impl.RaftServerImpl (RaftServerImpl.java:<init>(95)) - 273431b0-2aea-4281-baeb-0b2797c336e5: new RaftServerImpl for group-80D720530654:[273431b0-2aea-4281-baeb-0b2797c336e5:192.168.151.109:40537] with ContainerStateMachine:uninitialized
2019-09-26 20:15:11,094 [pool-27-thread-1] INFO  server.RaftServerConfigKeys (ConfUtils.java:logGet(43)) - raft.server.rpc.timeout.min = 5s (custom)
2019-09-26 20:15:11,096 [pool-27-thread-1] INFO  server.RaftServerConfigKeys (ConfUtils.java:logGet(43)) - raft.server.rpc.timeout.max = 5200ms (custom)
2019-09-26 20:15:11,096 [pool-27-thread-1] INFO  server.RaftServerConfigKeys (ConfUtils.java:logGet(43)) - raft.server.rpcslowness.timeout = 120s (custom)
2019-09-26 20:15:11,097 [pool-27-thread-1] INFO  server.RaftServerConfigKeys (ConfUtils.java:logGet(43)) - raft.server.sleep.deviation.threshold = 300 (default)
2019-09-26 20:15:11,098 [pool-27-thread-1] INFO  server.RaftServerConfigKeys (ConfUtils.java:logGet(43)) - raft.server.log.appender.install.snapshot.enabled = false (custom)
2019-09-26 20:15:11,108 [IPC Server handler 7 on 43728] INFO  net.NetworkTopology (NetworkTopologyImpl.java:add(111)) - Added a new node: /default-rack/d03460e2-731b-4fec-8083-99c6044121d1
2019-09-26 20:15:11,108 [IPC Server handler 7 on 43728] INFO  node.SCMNodeManager (SCMNodeManager.java:register(266)) - Registered Data node : d03460e2-731b-4fec-8083-99c6044121d1{ip: 192.168.151.109, host: pr-hdds-2162-kpcbn-4093309294, networkLocation: /default-rack, certSerialId: null}
2019-09-26 20:15:11,109 [pool-27-thread-1] INFO  impl.RaftServerImpl (ServerState.java:<init>(103)) - 273431b0-2aea-4281-baeb-0b2797c336e5@group-80D720530654: ConfigurationManager, init=-1: [273431b0-2aea-4281-baeb-0b2797c336e5:192.168.151.109:40537], old=null, confs=<EMPTY_MAP>
2019-09-26 20:15:11,109 [pool-27-thread-1] INFO  server.RaftServerConfigKeys (ConfUtils.java:logGet(43)) - raft.server.storage.dir = [/workdir/hadoop-ozone/integration-test/target/test-dir/MiniOzoneClusterImpl-b4cfdfda-c500-4180-9b02-0b7d7f1c7e35/datanode-0/data/ratis] (custom)
2019-09-26 20:15:11,118 [pool-27-thread-1] INFO  storage.RaftStorageDirectory (RaftStorageDirectory.java:analyzeStorage(246)) - The storage directory /workdir/hadoop-ozone/integration-test/target/test-dir/MiniOzoneClusterImpl-b4cfdfda-c500-4180-9b02-0b7d7f1c7e35/datanode-0/data/ratis/02ddaada-aa06-4449-89e7-80d720530654 does not exist. Creating ...
2019-09-26 20:15:11,136 [pool-27-thread-1] INFO  storage.RaftStorageDirectory (RaftStorageDirectory.java:tryLock(328)) - Lock on /workdir/hadoop-ozone/integration-test/target/test-dir/MiniOzoneClusterImpl-b4cfdfda-c500-4180-9b02-0b7d7f1c7e35/datanode-0/data/ratis/02ddaada-aa06-4449-89e7-80d720530654/in_use.lock acquired by nodename 26190@pr-hdds-2162-kpcbn-4093309294
2019-09-26 20:15:11,152 [pool-27-thread-1] INFO  storage.RaftStorage (RaftStorage.java:format(72)) - Storage directory /workdir/hadoop-ozone/integration-test/target/test-dir/MiniOzoneClusterImpl-b4cfdfda-c500-4180-9b02-0b7d7f1c7e35/datanode-0/data/ratis/02ddaada-aa06-4449-89e7-80d720530654 has been successfully formatted.
2019-09-26 20:15:11,155 [pool-27-thread-1] INFO  ratis.ContainerStateMachine (ContainerStateMachine.java:loadSnapshot(230)) - group-80D720530654: The snapshot info is null. Setting the last applied indexto:(t:0, i:~)
2019-09-26 20:15:11,155 [pool-27-thread-1] INFO  server.RaftServerConfigKeys (ConfUtils.java:logGet(43)) - raft.server.notification.no-leader.timeout = 120s (custom)
2019-09-26 20:15:11,158 [pool-27-thread-1] INFO  server.RaftServerConfigKeys (ConfUtils.java:logGet(43)) - raft.server.log.use.memory = false (default)
2019-09-26 20:15:11,164 [pool-27-thread-1] INFO  server.RaftServerConfigKeys (ConfUtils.java:logGet(43)) - raft.server.log.purge.gap = 1000000 (custom)
2019-09-26 20:15:11,164 [pool-27-thread-1] INFO  server.RaftServerConfigKeys (ConfUtils.java:logGet(43)) - raft.server.log.appender.buffer.byte-limit = 33554432 (custom)
2019-09-26 20:15:11,166 [pool-27-thread-1] INFO  server.RaftServerConfigKeys (ConfUtils.java:logGet(43)) - raft.server.log.segment.size.max = 1048576 (custom)
2019-09-26 20:15:11,170 [pool-27-thread-1] INFO  server.RaftServerConfigKeys (ConfUtils.java:logGet(43)) - raft.server.log.segment.cache.num.max = 2 (custom)
2019-09-26 20:15:11,176 [pool-27-thread-1] INFO  segmented.SegmentedRaftLogWorker (SegmentedRaftLogWorker.java:<init>(172)) - new 273431b0-2aea-4281-baeb-0b2797c336e5@group-80D720530654-SegmentedRaftLogWorker for RaftStorage:Storage Directory /workdir/hadoop-ozone/integration-test/target/test-dir/MiniOzoneClusterImpl-b4cfdfda-c500-4180-9b02-0b7d7f1c7e35/datanode-0/data/ratis/02ddaada-aa06-4449-89e7-80d720530654
2019-09-26 20:15:11,177 [pool-27-thread-1] INFO  impl.MetricsSystemImpl (MetricsSystemImpl.java:init(158)) - ratis metrics system started (again)
2019-09-26 20:15:11,184 [pool-27-thread-1] INFO  metrics.MetricRegistries (MetricRegistriesLoader.java:load(64)) - Loaded MetricRegistries class org.apache.ratis.metrics.impl.MetricRegistriesImpl
2019-09-26 20:15:11,209 [main] INFO  ozone.MiniOzoneClusterImpl (MiniOzoneClusterImpl.java:lambda$waitForClusterToBeReady$0(147)) - Waiting for cluster to be ready. Got 9 of 10 DN Heartbeats.
2019-09-26 20:15:11,210 [IPC Server handler 10 on 43728] INFO  net.NetworkTopology (NetworkTopologyImpl.java:add(111)) - Added a new node: /default-rack/091d78c8-8aa5-4dc3-975f-4b808abe8813
2019-09-26 20:15:11,210 [IPC Server handler 10 on 43728] INFO  node.SCMNodeManager (SCMNodeManager.java:register(266)) - Registered Data node : 091d78c8-8aa5-4dc3-975f-4b808abe8813{ip: 192.168.151.109, host: pr-hdds-2162-kpcbn-4093309294, networkLocation: /default-rack, certSerialId: null}
2019-09-26 20:15:11,241 [pool-27-thread-1] INFO  server.RaftServerConfigKeys (ConfUtils.java:logGet(43)) - raft.server.log.queue.byte-limit = 2147483647 (custom)
2019-09-26 20:15:11,242 [pool-27-thread-1] INFO  server.RaftServerConfigKeys (ConfUtils.java:logGet(43)) - raft.server.log.queue.element-limit = 1024 (custom)
2019-09-26 20:15:11,245 [pool-27-thread-1] INFO  server.RaftServerConfigKeys (ConfUtils.java:logGet(43)) - raft.server.log.segment.size.max = 1048576 (custom)
2019-09-26 20:15:11,245 [pool-27-thread-1] INFO  server.RaftServerConfigKeys (ConfUtils.java:logGet(43)) - raft.server.log.preallocated.size = 16384 (custom)
2019-09-26 20:15:11,246 [pool-27-thread-1] INFO  server.RaftServerConfigKeys (ConfUtils.java:logGet(43)) - raft.server.log.write.buffer.size = 33554432 (custom)
2019-09-26 20:15:11,246 [pool-27-thread-1] INFO  server.RaftServerConfigKeys (ConfUtils.java:logGet(43)) - raft.server.log.force.sync.num = 128 (default)
2019-09-26 20:15:11,247 [pool-27-thread-1] INFO  server.RaftServerConfigKeys (ConfUtils.java:logGet(43)) - raft.server.log.statemachine.data.sync = true (default)
2019-09-26 20:15:11,247 [pool-27-thread-1] INFO  server.RaftServerConfigKeys (ConfUtils.java:logGet(43)) - raft.server.log.statemachine.data.sync.timeout = 10s (default)
2019-09-26 20:15:11,247 [pool-27-thread-1] INFO  server.RaftServerConfigKeys (ConfUtils.java:logGet(43)) - raft.server.log.statemachine.data.sync.timeout.retry = -1 (default)
2019-09-26 20:15:11,255 [pool-27-thread-1] INFO  server.RaftServerConfigKeys (ConfUtils.java:logGet(43)) - raft.server.log.statemachine.data.caching.enabled = true (custom)
2019-09-26 20:15:11,259 [pool-27-thread-1] INFO  segmented.SegmentedRaftLogWorker (SegmentedRaftLogWorker.java:lambda$new$0(132)) - 273431b0-2aea-4281-baeb-0b2797c336e5@group-80D720530654-SegmentedRaftLogWorker: flushIndex: setUnconditionally 0 -> -1
2019-09-26 20:15:11,263 [pool-27-thread-1] INFO  server.RaftServerConfigKeys (ConfUtils.java:logGet(43)) - raft.server.snapshot.auto.trigger.enabled = true (custom)
2019-09-26 20:15:11,264 [pool-27-thread-1] INFO  server.RaftServerConfigKeys (ConfUtils.java:logGet(43)) - raft.server.snapshot.auto.trigger.threshold = 10000 (custom)
2019-09-26 20:15:11,265 [pool-27-thread-1] INFO  server.RaftServerConfigKeys (ConfUtils.java:logGet(43)) - raft.server.snapshot.retention.num.files = 5 (custom)
2019-09-26 20:15:11,265 [pool-27-thread-1] INFO  server.RaftServerConfigKeys (ConfUtils.java:logGet(43)) - raft.server.retrycache.expirytime = 600000ms (custom)
2019-09-26 20:15:11,291 [pool-27-thread-1] INFO  impl.RaftServerImpl (RaftServerImpl.java:start(185)) - 273431b0-2aea-4281-baeb-0b2797c336e5@group-80D720530654: start as a follower, conf=-1: [273431b0-2aea-4281-baeb-0b2797c336e5:192.168.151.109:40537], old=null
2019-09-26 20:15:11,292 [pool-27-thread-1] INFO  impl.RaftServerImpl (RaftServerImpl.java:setRole(174)) - 273431b0-2aea-4281-baeb-0b2797c336e5@group-80D720530654: changes role from      null to FOLLOWER at term 0 for startAsFollower
2019-09-26 20:15:11,293 [pool-27-thread-1] INFO  impl.RoleInfo (RoleInfo.java:updateAndGet(143)) - 273431b0-2aea-4281-baeb-0b2797c336e5: start FollowerState
2019-09-26 20:15:11,294 [pool-27-thread-1] INFO  util.JmxRegister (JmxRegister.java:tryRegister(44)) - Successfully registered JMX Bean with object name Ratis:service=RaftServer,group=group-80D720530654,id=273431b0-2aea-4281-baeb-0b2797c336e5
2019-09-26 20:15:11,361 [RatisPipelineUtilsThread] INFO  pipeline.PipelineStateManager (PipelineStateManager.java:addPipeline(56)) - Created pipeline Pipeline[ Id: 02ddaada-aa06-4449-89e7-80d720530654, Nodes: 273431b0-2aea-4281-baeb-0b2797c336e5{ip: 192.168.151.109, host: pr-hdds-2162-kpcbn-4093309294, networkLocation: /default-rack, certSerialId: null}, Type:RATIS, Factor:ONE, State:OPEN]
2019-09-26 20:15:11,390 [grpc-default-executor-0] INFO  impl.RaftServerProxy (RaftServerProxy.java:addNew(89)) - 091d78c8-8aa5-4dc3-975f-4b808abe8813: addNew group-243B097F2C5F:[091d78c8-8aa5-4dc3-975f-4b808abe8813:192.168.151.109:45519] returns group-243B097F2C5F:java.util.concurrent.CompletableFuture@2bd4e448[Not completed]
2019-09-26 20:15:11,541 [pool-117-thread-1] INFO  impl.RaftServerImpl (RaftServerImpl.java:<init>(95)) - 091d78c8-8aa5-4dc3-975f-4b808abe8813: new RaftServerImpl for group-243B097F2C5F:[091d78c8-8aa5-4dc3-975f-4b808abe8813:192.168.151.109:45519] with ContainerStateMachine:uninitialized
2019-09-26 20:15:11,543 [pool-117-thread-1] INFO  server.RaftServerConfigKeys (ConfUtils.java:logGet(43)) - raft.server.rpc.timeout.min = 5s (custom)
2019-09-26 20:15:11,544 [pool-117-thread-1] INFO  server.RaftServerConfigKeys (ConfUtils.java:logGet(43)) - raft.server.rpc.timeout.max = 5200ms (custom)
2019-09-26 20:15:11,544 [pool-117-thread-1] INFO  server.RaftServerConfigKeys (ConfUtils.java:logGet(43)) - raft.server.rpcslowness.timeout = 120s (custom)
2019-09-26 20:15:11,544 [pool-117-thread-1] INFO  server.RaftServerConfigKeys (ConfUtils.java:logGet(43)) - raft.server.sleep.deviation.threshold = 300 (default)
2019-09-26 20:15:11,544 [pool-117-thread-1] INFO  server.RaftServerConfigKeys (ConfUtils.java:logGet(43)) - raft.server.log.appender.install.snapshot.enabled = false (custom)
2019-09-26 20:15:11,544 [pool-117-thread-1] INFO  impl.RaftServerImpl (ServerState.java:<init>(103)) - 091d78c8-8aa5-4dc3-975f-4b808abe8813@group-243B097F2C5F: ConfigurationManager, init=-1: [091d78c8-8aa5-4dc3-975f-4b808abe8813:192.168.151.109:45519], old=null, confs=<EMPTY_MAP>
2019-09-26 20:15:11,545 [pool-117-thread-1] INFO  server.RaftServerConfigKeys (ConfUtils.java:logGet(43)) - raft.server.storage.dir = [/workdir/hadoop-ozone/integration-test/target/test-dir/MiniOzoneClusterImpl-b4cfdfda-c500-4180-9b02-0b7d7f1c7e35/datanode-9/data/ratis] (custom)
2019-09-26 20:15:11,545 [pool-117-thread-1] INFO  storage.RaftStorageDirectory (RaftStorageDirectory.java:analyzeStorage(246)) - The storage directory /workdir/hadoop-ozone/integration-test/target/test-dir/MiniOzoneClusterImpl-b4cfdfda-c500-4180-9b02-0b7d7f1c7e35/datanode-9/data/ratis/31a2b7ca-138b-4a38-b931-243b097f2c5f does not exist. Creating ...
2019-09-26 20:15:11,564 [pool-117-thread-1] INFO  storage.RaftStorageDirectory (RaftStorageDirectory.java:tryLock(328)) - Lock on /workdir/hadoop-ozone/integration-test/target/test-dir/MiniOzoneClusterImpl-b4cfdfda-c500-4180-9b02-0b7d7f1c7e35/datanode-9/data/ratis/31a2b7ca-138b-4a38-b931-243b097f2c5f/in_use.lock acquired by nodename 26190@pr-hdds-2162-kpcbn-4093309294
2019-09-26 20:15:11,610 [pool-117-thread-1] INFO  storage.RaftStorage (RaftStorage.java:format(72)) - Storage directory /workdir/hadoop-ozone/integration-test/target/test-dir/MiniOzoneClusterImpl-b4cfdfda-c500-4180-9b02-0b7d7f1c7e35/datanode-9/data/ratis/31a2b7ca-138b-4a38-b931-243b097f2c5f has been successfully formatted.
2019-09-26 20:15:11,612 [pool-117-thread-1] INFO  ratis.ContainerStateMachine (ContainerStateMachine.java:loadSnapshot(230)) - group-243B097F2C5F: The snapshot info is null. Setting the last applied indexto:(t:0, i:~)
2019-09-26 20:15:11,613 [pool-117-thread-1] INFO  server.RaftServerConfigKeys (ConfUtils.java:logGet(43)) - raft.server.notification.no-leader.timeout = 120s (custom)
2019-09-26 20:15:11,614 [pool-117-thread-1] INFO  server.RaftServerConfigKeys (ConfUtils.java:logGet(43)) - raft.server.log.use.memory = false (default)
2019-09-26 20:15:11,614 [pool-117-thread-1] INFO  server.RaftServerConfigKeys (ConfUtils.java:logGet(43)) - raft.server.log.purge.gap = 1000000 (custom)
2019-09-26 20:15:11,614 [pool-117-thread-1] INFO  server.RaftServerConfigKeys (ConfUtils.java:logGet(43)) - raft.server.log.appender.buffer.byte-limit = 33554432 (custom)
2019-09-26 20:15:11,614 [pool-117-thread-1] INFO  server.RaftServerConfigKeys (ConfUtils.java:logGet(43)) - raft.server.log.segment.size.max = 1048576 (custom)
2019-09-26 20:15:11,614 [pool-117-thread-1] INFO  server.RaftServerConfigKeys (ConfUtils.java:logGet(43)) - raft.server.log.segment.cache.num.max = 2 (custom)
2019-09-26 20:15:11,615 [pool-117-thread-1] INFO  segmented.SegmentedRaftLogWorker (SegmentedRaftLogWorker.java:<init>(172)) - new 091d78c8-8aa5-4dc3-975f-4b808abe8813@group-243B097F2C5F-SegmentedRaftLogWorker for RaftStorage:Storage Directory /workdir/hadoop-ozone/integration-test/target/test-dir/MiniOzoneClusterImpl-b4cfdfda-c500-4180-9b02-0b7d7f1c7e35/datanode-9/data/ratis/31a2b7ca-138b-4a38-b931-243b097f2c5f
2019-09-26 20:15:11,622 [pool-117-thread-1] INFO  server.RaftServerConfigKeys (ConfUtils.java:logGet(43)) - raft.server.log.queue.byte-limit = 2147483647 (custom)
2019-09-26 20:15:11,622 [pool-117-thread-1] INFO  server.RaftServerConfigKeys (ConfUtils.java:logGet(43)) - raft.server.log.queue.element-limit = 1024 (custom)
2019-09-26 20:15:11,623 [pool-117-thread-1] INFO  server.RaftServerConfigKeys (ConfUtils.java:logGet(43)) - raft.server.log.segment.size.max = 1048576 (custom)
2019-09-26 20:15:11,623 [pool-117-thread-1] INFO  server.RaftServerConfigKeys (ConfUtils.java:logGet(43)) - raft.server.log.preallocated.size = 16384 (custom)
2019-09-26 20:15:11,623 [pool-117-thread-1] INFO  server.RaftServerConfigKeys (ConfUtils.java:logGet(43)) - raft.server.log.write.buffer.size = 33554432 (custom)
2019-09-26 20:15:11,623 [pool-117-thread-1] INFO  server.RaftServerConfigKeys (ConfUtils.java:logGet(43)) - raft.server.log.force.sync.num = 128 (default)
2019-09-26 20:15:11,623 [pool-117-thread-1] INFO  server.RaftServerConfigKeys (ConfUtils.java:logGet(43)) - raft.server.log.statemachine.data.sync = true (default)
2019-09-26 20:15:11,624 [pool-117-thread-1] INFO  server.RaftServerConfigKeys (ConfUtils.java:logGet(43)) - raft.server.log.statemachine.data.sync.timeout = 10s (default)
2019-09-26 20:15:11,624 [pool-117-thread-1] INFO  server.RaftServerConfigKeys (ConfUtils.java:logGet(43)) - raft.server.log.statemachine.data.sync.timeout.retry = -1 (default)
2019-09-26 20:15:11,624 [pool-117-thread-1] INFO  server.RaftServerConfigKeys (ConfUtils.java:logGet(43)) - raft.server.log.statemachine.data.caching.enabled = true (custom)
2019-09-26 20:15:11,625 [pool-117-thread-1] INFO  segmented.SegmentedRaftLogWorker (SegmentedRaftLogWorker.java:lambda$new$0(132)) - 091d78c8-8aa5-4dc3-975f-4b808abe8813@group-243B097F2C5F-SegmentedRaftLogWorker: flushIndex: setUnconditionally 0 -> -1
2019-09-26 20:15:11,625 [pool-117-thread-1] INFO  server.RaftServerConfigKeys (ConfUtils.java:logGet(43)) - raft.server.snapshot.auto.trigger.enabled = true (custom)
2019-09-26 20:15:11,625 [pool-117-thread-1] INFO  server.RaftServerConfigKeys (ConfUtils.java:logGet(43)) - raft.server.snapshot.auto.trigger.threshold = 10000 (custom)
2019-09-26 20:15:11,625 [pool-117-thread-1] INFO  server.RaftServerConfigKeys (ConfUtils.java:logGet(43)) - raft.server.snapshot.retention.num.files = 5 (custom)
2019-09-26 20:15:11,626 [pool-117-thread-1] INFO  server.RaftServerConfigKeys (ConfUtils.java:logGet(43)) - raft.server.retrycache.expirytime = 600000ms (custom)
2019-09-26 20:15:11,631 [pool-117-thread-1] INFO  impl.RaftServerImpl (RaftServerImpl.java:start(185)) - 091d78c8-8aa5-4dc3-975f-4b808abe8813@group-243B097F2C5F: start as a follower, conf=-1: [091d78c8-8aa5-4dc3-975f-4b808abe8813:192.168.151.109:45519], old=null
2019-09-26 20:15:11,631 [pool-117-thread-1] INFO  impl.RaftServerImpl (RaftServerImpl.java:setRole(174)) - 091d78c8-8aa5-4dc3-975f-4b808abe8813@group-243B097F2C5F: changes role from      null to FOLLOWER at term 0 for startAsFollower
2019-09-26 20:15:11,631 [pool-117-thread-1] INFO  impl.RoleInfo (RoleInfo.java:updateAndGet(143)) - 091d78c8-8aa5-4dc3-975f-4b808abe8813: start FollowerState
2019-09-26 20:15:11,634 [pool-117-thread-1] INFO  util.JmxRegister (JmxRegister.java:tryRegister(44)) - Successfully registered JMX Bean with object name Ratis:service=RaftServer,group=group-243B097F2C5F,id=091d78c8-8aa5-4dc3-975f-4b808abe8813
2019-09-26 20:15:11,653 [RatisPipelineUtilsThread] INFO  pipeline.PipelineStateManager (PipelineStateManager.java:addPipeline(56)) - Created pipeline Pipeline[ Id: 31a2b7ca-138b-4a38-b931-243b097f2c5f, Nodes: 091d78c8-8aa5-4dc3-975f-4b808abe8813{ip: 192.168.151.109, host: pr-hdds-2162-kpcbn-4093309294, networkLocation: /default-rack, certSerialId: null}, Type:RATIS, Factor:ONE, State:OPEN]
2019-09-26 20:15:11,681 [grpc-default-executor-0] INFO  impl.RaftServerProxy (RaftServerProxy.java:addNew(89)) - 0c122c34-51b6-48d8-aceb-004b9b387362: addNew group-5CE1D1DE95BE:[0c122c34-51b6-48d8-aceb-004b9b387362:192.168.151.109:44391] returns group-5CE1D1DE95BE:java.util.concurrent.CompletableFuture@35eecaf[Not completed]
2019-09-26 20:15:11,723 [pool-77-thread-1] INFO  impl.RaftServerImpl (RaftServerImpl.java:<init>(95)) - 0c122c34-51b6-48d8-aceb-004b9b387362: new RaftServerImpl for group-5CE1D1DE95BE:[0c122c34-51b6-48d8-aceb-004b9b387362:192.168.151.109:44391] with ContainerStateMachine:uninitialized
2019-09-26 20:15:11,723 [pool-77-thread-1] INFO  server.RaftServerConfigKeys (ConfUtils.java:logGet(43)) - raft.server.rpc.timeout.min = 5s (custom)
2019-09-26 20:15:11,723 [pool-77-thread-1] INFO  server.RaftServerConfigKeys (ConfUtils.java:logGet(43)) - raft.server.rpc.timeout.max = 5200ms (custom)
2019-09-26 20:15:11,723 [pool-77-thread-1] INFO  server.RaftServerConfigKeys (ConfUtils.java:logGet(43)) - raft.server.rpcslowness.timeout = 120s (custom)
2019-09-26 20:15:11,723 [pool-77-thread-1] INFO  server.RaftServerConfigKeys (ConfUtils.java:logGet(43)) - raft.server.sleep.deviation.threshold = 300 (default)
2019-09-26 20:15:11,724 [pool-77-thread-1] INFO  server.RaftServerConfigKeys (ConfUtils.java:logGet(43)) - raft.server.log.appender.install.snapshot.enabled = false (custom)
2019-09-26 20:15:11,724 [pool-77-thread-1] INFO  impl.RaftServerImpl (ServerState.java:<init>(103)) - 0c122c34-51b6-48d8-aceb-004b9b387362@group-5CE1D1DE95BE: ConfigurationManager, init=-1: [0c122c34-51b6-48d8-aceb-004b9b387362:192.168.151.109:44391], old=null, confs=<EMPTY_MAP>
2019-09-26 20:15:11,724 [pool-77-thread-1] INFO  server.RaftServerConfigKeys (ConfUtils.java:logGet(43)) - raft.server.storage.dir = [/workdir/hadoop-ozone/integration-test/target/test-dir/MiniOzoneClusterImpl-b4cfdfda-c500-4180-9b02-0b7d7f1c7e35/datanode-5/data/ratis] (custom)
2019-09-26 20:15:11,724 [pool-77-thread-1] INFO  storage.RaftStorageDirectory (RaftStorageDirectory.java:analyzeStorage(246)) - The storage directory /workdir/hadoop-ozone/integration-test/target/test-dir/MiniOzoneClusterImpl-b4cfdfda-c500-4180-9b02-0b7d7f1c7e35/datanode-5/data/ratis/b655bca9-9b97-4c29-a399-5ce1d1de95be does not exist. Creating ...
2019-09-26 20:15:11,738 [pool-77-thread-1] INFO  storage.RaftStorageDirectory (RaftStorageDirectory.java:tryLock(328)) - Lock on /workdir/hadoop-ozone/integration-test/target/test-dir/MiniOzoneClusterImpl-b4cfdfda-c500-4180-9b02-0b7d7f1c7e35/datanode-5/data/ratis/b655bca9-9b97-4c29-a399-5ce1d1de95be/in_use.lock acquired by nodename 26190@pr-hdds-2162-kpcbn-4093309294
2019-09-26 20:15:11,742 [pool-77-thread-1] INFO  storage.RaftStorage (RaftStorage.java:format(72)) - Storage directory /workdir/hadoop-ozone/integration-test/target/test-dir/MiniOzoneClusterImpl-b4cfdfda-c500-4180-9b02-0b7d7f1c7e35/datanode-5/data/ratis/b655bca9-9b97-4c29-a399-5ce1d1de95be has been successfully formatted.
2019-09-26 20:15:11,743 [pool-77-thread-1] INFO  ratis.ContainerStateMachine (ContainerStateMachine.java:loadSnapshot(230)) - group-5CE1D1DE95BE: The snapshot info is null. Setting the last applied indexto:(t:0, i:~)
2019-09-26 20:15:11,743 [pool-77-thread-1] INFO  server.RaftServerConfigKeys (ConfUtils.java:logGet(43)) - raft.server.notification.no-leader.timeout = 120s (custom)
2019-09-26 20:15:11,743 [pool-77-thread-1] INFO  server.RaftServerConfigKeys (ConfUtils.java:logGet(43)) - raft.server.log.use.memory = false (default)
2019-09-26 20:15:11,743 [pool-77-thread-1] INFO  server.RaftServerConfigKeys (ConfUtils.java:logGet(43)) - raft.server.log.purge.gap = 1000000 (custom)
2019-09-26 20:15:11,743 [pool-77-thread-1] INFO  server.RaftServerConfigKeys (ConfUtils.java:logGet(43)) - raft.server.log.appender.buffer.byte-limit = 33554432 (custom)
2019-09-26 20:15:11,744 [pool-77-thread-1] INFO  server.RaftServerConfigKeys (ConfUtils.java:logGet(43)) - raft.server.log.segment.size.max = 1048576 (custom)
2019-09-26 20:15:11,744 [pool-77-thread-1] INFO  server.RaftServerConfigKeys (ConfUtils.java:logGet(43)) - raft.server.log.segment.cache.num.max = 2 (custom)
2019-09-26 20:15:11,744 [pool-77-thread-1] INFO  segmented.SegmentedRaftLogWorker (SegmentedRaftLogWorker.java:<init>(172)) - new 0c122c34-51b6-48d8-aceb-004b9b387362@group-5CE1D1DE95BE-SegmentedRaftLogWorker for RaftStorage:Storage Directory /workdir/hadoop-ozone/integration-test/target/test-dir/MiniOzoneClusterImpl-b4cfdfda-c500-4180-9b02-0b7d7f1c7e35/datanode-5/data/ratis/b655bca9-9b97-4c29-a399-5ce1d1de95be
2019-09-26 20:15:11,793 [pool-77-thread-1] INFO  server.RaftServerConfigKeys (ConfUtils.java:logGet(43)) - raft.server.log.queue.byte-limit = 2147483647 (custom)
2019-09-26 20:15:11,793 [pool-77-thread-1] INFO  server.RaftServerConfigKeys (ConfUtils.java:logGet(43)) - raft.server.log.queue.element-limit = 1024 (custom)
2019-09-26 20:15:11,793 [pool-77-thread-1] INFO  server.RaftServerConfigKeys (ConfUtils.java:logGet(43)) - raft.server.log.segment.size.max = 1048576 (custom)
2019-09-26 20:15:11,794 [pool-77-thread-1] INFO  server.RaftServerConfigKeys (ConfUtils.java:logGet(43)) - raft.server.log.preallocated.size = 16384 (custom)
2019-09-26 20:15:11,794 [pool-77-thread-1] INFO  server.RaftServerConfigKeys (ConfUtils.java:logGet(43)) - raft.server.log.write.buffer.size = 33554432 (custom)
2019-09-26 20:15:11,794 [pool-77-thread-1] INFO  server.RaftServerConfigKeys (ConfUtils.java:logGet(43)) - raft.server.log.force.sync.num = 128 (default)
2019-09-26 20:15:11,794 [pool-77-thread-1] INFO  server.RaftServerConfigKeys (ConfUtils.java:logGet(43)) - raft.server.log.statemachine.data.sync = true (default)
2019-09-26 20:15:11,794 [pool-77-thread-1] INFO  server.RaftServerConfigKeys (ConfUtils.java:logGet(43)) - raft.server.log.statemachine.data.sync.timeout = 10s (default)
2019-09-26 20:15:11,795 [pool-77-thread-1] INFO  server.RaftServerConfigKeys (ConfUtils.java:logGet(43)) - raft.server.log.statemachine.data.sync.timeout.retry = -1 (default)
2019-09-26 20:15:11,795 [pool-77-thread-1] INFO  server.RaftServerConfigKeys (ConfUtils.java:logGet(43)) - raft.server.log.statemachine.data.caching.enabled = true (custom)
2019-09-26 20:15:11,796 [pool-77-thread-1] INFO  segmented.SegmentedRaftLogWorker (SegmentedRaftLogWorker.java:lambda$new$0(132)) - 0c122c34-51b6-48d8-aceb-004b9b387362@group-5CE1D1DE95BE-SegmentedRaftLogWorker: flushIndex: setUnconditionally 0 -> -1
2019-09-26 20:15:11,796 [pool-77-thread-1] INFO  server.RaftServerConfigKeys (ConfUtils.java:logGet(43)) - raft.server.snapshot.auto.trigger.enabled = true (custom)
2019-09-26 20:15:11,796 [pool-77-thread-1] INFO  server.RaftServerConfigKeys (ConfUtils.java:logGet(43)) - raft.server.snapshot.auto.trigger.threshold = 10000 (custom)
2019-09-26 20:15:11,796 [pool-77-thread-1] INFO  server.RaftServerConfigKeys (ConfUtils.java:logGet(43)) - raft.server.snapshot.retention.num.files = 5 (custom)
2019-09-26 20:15:11,797 [pool-77-thread-1] INFO  server.RaftServerConfigKeys (ConfUtils.java:logGet(43)) - raft.server.retrycache.expirytime = 600000ms (custom)
2019-09-26 20:15:11,802 [pool-77-thread-1] INFO  impl.RaftServerImpl (RaftServerImpl.java:start(185)) - 0c122c34-51b6-48d8-aceb-004b9b387362@group-5CE1D1DE95BE: start as a follower, conf=-1: [0c122c34-51b6-48d8-aceb-004b9b387362:192.168.151.109:44391], old=null
2019-09-26 20:15:11,802 [pool-77-thread-1] INFO  impl.RaftServerImpl (RaftServerImpl.java:setRole(174)) - 0c122c34-51b6-48d8-aceb-004b9b387362@group-5CE1D1DE95BE: changes role from      null to FOLLOWER at term 0 for startAsFollower
2019-09-26 20:15:11,803 [pool-77-thread-1] INFO  impl.RoleInfo (RoleInfo.java:updateAndGet(143)) - 0c122c34-51b6-48d8-aceb-004b9b387362: start FollowerState
2019-09-26 20:15:11,803 [pool-77-thread-1] INFO  util.JmxRegister (JmxRegister.java:tryRegister(44)) - Successfully registered JMX Bean with object name Ratis:service=RaftServer,group=group-5CE1D1DE95BE,id=0c122c34-51b6-48d8-aceb-004b9b387362
2019-09-26 20:15:11,821 [RatisPipelineUtilsThread] INFO  pipeline.PipelineStateManager (PipelineStateManager.java:addPipeline(56)) - Created pipeline Pipeline[ Id: b655bca9-9b97-4c29-a399-5ce1d1de95be, Nodes: 0c122c34-51b6-48d8-aceb-004b9b387362{ip: 192.168.151.109, host: pr-hdds-2162-kpcbn-4093309294, networkLocation: /default-rack, certSerialId: null}, Type:RATIS, Factor:ONE, State:OPEN]
2019-09-26 20:15:11,854 [grpc-default-executor-0] INFO  impl.RaftServerProxy (RaftServerProxy.java:addNew(89)) - 3cc8baef-c687-471e-92fa-b0689bf72958: addNew group-88E4481B9B91:[3cc8baef-c687-471e-92fa-b0689bf72958:192.168.151.109:37821] returns group-88E4481B9B91:java.util.concurrent.CompletableFuture@7d77cfd0[Not completed]
2019-09-26 20:15:11,859 [pool-67-thread-1] INFO  impl.RaftServerImpl (RaftServerImpl.java:<init>(95)) - 3cc8baef-c687-471e-92fa-b0689bf72958: new RaftServerImpl for group-88E4481B9B91:[3cc8baef-c687-471e-92fa-b0689bf72958:192.168.151.109:37821] with ContainerStateMachine:uninitialized
2019-09-26 20:15:11,859 [pool-67-thread-1] INFO  server.RaftServerConfigKeys (ConfUtils.java:logGet(43)) - raft.server.rpc.timeout.min = 5s (custom)
2019-09-26 20:15:11,859 [pool-67-thread-1] INFO  server.RaftServerConfigKeys (ConfUtils.java:logGet(43)) - raft.server.rpc.timeout.max = 5200ms (custom)
2019-09-26 20:15:11,860 [pool-67-thread-1] INFO  server.RaftServerConfigKeys (ConfUtils.java:logGet(43)) - raft.server.rpcslowness.timeout = 120s (custom)
2019-09-26 20:15:11,860 [pool-67-thread-1] INFO  server.RaftServerConfigKeys (ConfUtils.java:logGet(43)) - raft.server.sleep.deviation.threshold = 300 (default)
2019-09-26 20:15:11,860 [pool-67-thread-1] INFO  server.RaftServerConfigKeys (ConfUtils.java:logGet(43)) - raft.server.log.appender.install.snapshot.enabled = false (custom)
2019-09-26 20:15:11,860 [pool-67-thread-1] INFO  impl.RaftServerImpl (ServerState.java:<init>(103)) - 3cc8baef-c687-471e-92fa-b0689bf72958@group-88E4481B9B91: ConfigurationManager, init=-1: [3cc8baef-c687-471e-92fa-b0689bf72958:192.168.151.109:37821], old=null, confs=<EMPTY_MAP>
2019-09-26 20:15:11,860 [pool-67-thread-1] INFO  server.RaftServerConfigKeys (ConfUtils.java:logGet(43)) - raft.server.storage.dir = [/workdir/hadoop-ozone/integration-test/target/test-dir/MiniOzoneClusterImpl-b4cfdfda-c500-4180-9b02-0b7d7f1c7e35/datanode-4/data/ratis] (custom)
2019-09-26 20:15:11,861 [pool-67-thread-1] INFO  storage.RaftStorageDirectory (RaftStorageDirectory.java:analyzeStorage(246)) - The storage directory /workdir/hadoop-ozone/integration-test/target/test-dir/MiniOzoneClusterImpl-b4cfdfda-c500-4180-9b02-0b7d7f1c7e35/datanode-4/data/ratis/b67b2728-dac1-4135-8ba7-88e4481b9b91 does not exist. Creating ...
2019-09-26 20:15:11,867 [pool-67-thread-1] INFO  storage.RaftStorageDirectory (RaftStorageDirectory.java:tryLock(328)) - Lock on /workdir/hadoop-ozone/integration-test/target/test-dir/MiniOzoneClusterImpl-b4cfdfda-c500-4180-9b02-0b7d7f1c7e35/datanode-4/data/ratis/b67b2728-dac1-4135-8ba7-88e4481b9b91/in_use.lock acquired by nodename 26190@pr-hdds-2162-kpcbn-4093309294
2019-09-26 20:15:11,880 [pool-67-thread-1] INFO  storage.RaftStorage (RaftStorage.java:format(72)) - Storage directory /workdir/hadoop-ozone/integration-test/target/test-dir/MiniOzoneClusterImpl-b4cfdfda-c500-4180-9b02-0b7d7f1c7e35/datanode-4/data/ratis/b67b2728-dac1-4135-8ba7-88e4481b9b91 has been successfully formatted.
2019-09-26 20:15:11,881 [pool-67-thread-1] INFO  ratis.ContainerStateMachine (ContainerStateMachine.java:loadSnapshot(230)) - group-88E4481B9B91: The snapshot info is null. Setting the last applied indexto:(t:0, i:~)
2019-09-26 20:15:11,881 [pool-67-thread-1] INFO  server.RaftServerConfigKeys (ConfUtils.java:logGet(43)) - raft.server.notification.no-leader.timeout = 120s (custom)
2019-09-26 20:15:11,881 [pool-67-thread-1] INFO  server.RaftServerConfigKeys (ConfUtils.java:logGet(43)) - raft.server.log.use.memory = false (default)
2019-09-26 20:15:11,881 [pool-67-thread-1] INFO  server.RaftServerConfigKeys (ConfUtils.java:logGet(43)) - raft.server.log.purge.gap = 1000000 (custom)
2019-09-26 20:15:11,881 [pool-67-thread-1] INFO  server.RaftServerConfigKeys (ConfUtils.java:logGet(43)) - raft.server.log.appender.buffer.byte-limit = 33554432 (custom)
2019-09-26 20:15:11,881 [pool-67-thread-1] INFO  server.RaftServerConfigKeys (ConfUtils.java:logGet(43)) - raft.server.log.segment.size.max = 1048576 (custom)
2019-09-26 20:15:11,881 [pool-67-thread-1] INFO  server.RaftServerConfigKeys (ConfUtils.java:logGet(43)) - raft.server.log.segment.cache.num.max = 2 (custom)
2019-09-26 20:15:11,882 [pool-67-thread-1] INFO  segmented.SegmentedRaftLogWorker (SegmentedRaftLogWorker.java:<init>(172)) - new 3cc8baef-c687-471e-92fa-b0689bf72958@group-88E4481B9B91-SegmentedRaftLogWorker for RaftStorage:Storage Directory /workdir/hadoop-ozone/integration-test/target/test-dir/MiniOzoneClusterImpl-b4cfdfda-c500-4180-9b02-0b7d7f1c7e35/datanode-4/data/ratis/b67b2728-dac1-4135-8ba7-88e4481b9b91
2019-09-26 20:15:11,886 [pool-67-thread-1] INFO  server.RaftServerConfigKeys (ConfUtils.java:logGet(43)) - raft.server.log.queue.byte-limit = 2147483647 (custom)
2019-09-26 20:15:11,886 [pool-67-thread-1] INFO  server.RaftServerConfigKeys (ConfUtils.java:logGet(43)) - raft.server.log.queue.element-limit = 1024 (custom)
2019-09-26 20:15:11,886 [pool-67-thread-1] INFO  server.RaftServerConfigKeys (ConfUtils.java:logGet(43)) - raft.server.log.segment.size.max = 1048576 (custom)
2019-09-26 20:15:11,886 [pool-67-thread-1] INFO  server.RaftServerConfigKeys (ConfUtils.java:logGet(43)) - raft.server.log.preallocated.size = 16384 (custom)
2019-09-26 20:15:11,886 [pool-67-thread-1] INFO  server.RaftServerConfigKeys (ConfUtils.java:logGet(43)) - raft.server.log.write.buffer.size = 33554432 (custom)
2019-09-26 20:15:11,887 [pool-67-thread-1] INFO  server.RaftServerConfigKeys (ConfUtils.java:logGet(43)) - raft.server.log.force.sync.num = 128 (default)
2019-09-26 20:15:11,887 [pool-67-thread-1] INFO  server.RaftServerConfigKeys (ConfUtils.java:logGet(43)) - raft.server.log.statemachine.data.sync = true (default)
2019-09-26 20:15:11,887 [pool-67-thread-1] INFO  server.RaftServerConfigKeys (ConfUtils.java:logGet(43)) - raft.server.log.statemachine.data.sync.timeout = 10s (default)
2019-09-26 20:15:11,887 [pool-67-thread-1] INFO  server.RaftServerConfigKeys (ConfUtils.java:logGet(43)) - raft.server.log.statemachine.data.sync.timeout.retry = -1 (default)
2019-09-26 20:15:11,887 [pool-67-thread-1] INFO  server.RaftServerConfigKeys (ConfUtils.java:logGet(43)) - raft.server.log.statemachine.data.caching.enabled = true (custom)
2019-09-26 20:15:11,888 [pool-67-thread-1] INFO  segmented.SegmentedRaftLogWorker (SegmentedRaftLogWorker.java:lambda$new$0(132)) - 3cc8baef-c687-471e-92fa-b0689bf72958@group-88E4481B9B91-SegmentedRaftLogWorker: flushIndex: setUnconditionally 0 -> -1
2019-09-26 20:15:11,888 [pool-67-thread-1] INFO  server.RaftServerConfigKeys (ConfUtils.java:logGet(43)) - raft.server.snapshot.auto.trigger.enabled = true (custom)
2019-09-26 20:15:11,888 [pool-67-thread-1] INFO  server.RaftServerConfigKeys (ConfUtils.java:logGet(43)) - raft.server.snapshot.auto.trigger.threshold = 10000 (custom)
2019-09-26 20:15:11,888 [pool-67-thread-1] INFO  server.RaftServerConfigKeys (ConfUtils.java:logGet(43)) - raft.server.snapshot.retention.num.files = 5 (custom)
2019-09-26 20:15:11,888 [pool-67-thread-1] INFO  server.RaftServerConfigKeys (ConfUtils.java:logGet(43)) - raft.server.retrycache.expirytime = 600000ms (custom)
2019-09-26 20:15:11,892 [pool-67-thread-1] INFO  impl.RaftServerImpl (RaftServerImpl.java:start(185)) - 3cc8baef-c687-471e-92fa-b0689bf72958@group-88E4481B9B91: start as a follower, conf=-1: [3cc8baef-c687-471e-92fa-b0689bf72958:192.168.151.109:37821], old=null
2019-09-26 20:15:11,893 [pool-67-thread-1] INFO  impl.RaftServerImpl (RaftServerImpl.java:setRole(174)) - 3cc8baef-c687-471e-92fa-b0689bf72958@group-88E4481B9B91: changes role from      null to FOLLOWER at term 0 for startAsFollower
2019-09-26 20:15:11,893 [pool-67-thread-1] INFO  impl.RoleInfo (RoleInfo.java:updateAndGet(143)) - 3cc8baef-c687-471e-92fa-b0689bf72958: start FollowerState
2019-09-26 20:15:11,893 [pool-67-thread-1] INFO  util.JmxRegister (JmxRegister.java:tryRegister(44)) - Successfully registered JMX Bean with object name Ratis:service=RaftServer,group=group-88E4481B9B91,id=3cc8baef-c687-471e-92fa-b0689bf72958
2019-09-26 20:15:11,919 [RatisPipelineUtilsThread] INFO  pipeline.PipelineStateManager (PipelineStateManager.java:addPipeline(56)) - Created pipeline Pipeline[ Id: b67b2728-dac1-4135-8ba7-88e4481b9b91, Nodes: 3cc8baef-c687-471e-92fa-b0689bf72958{ip: 192.168.151.109, host: pr-hdds-2162-kpcbn-4093309294, networkLocation: /default-rack, certSerialId: null}, Type:RATIS, Factor:ONE, State:OPEN]
2019-09-26 20:15:11,939 [grpc-default-executor-0] INFO  impl.RaftServerProxy (RaftServerProxy.java:addNew(89)) - 989db53d-fc3b-4bf0-a4bf-0b82aa6828ba: addNew group-08E48312397D:[989db53d-fc3b-4bf0-a4bf-0b82aa6828ba:192.168.151.109:43493] returns group-08E48312397D:java.util.concurrent.CompletableFuture@7565ddf6[Not completed]
2019-09-26 20:15:11,945 [pool-57-thread-1] INFO  impl.RaftServerImpl (RaftServerImpl.java:<init>(95)) - 989db53d-fc3b-4bf0-a4bf-0b82aa6828ba: new RaftServerImpl for group-08E48312397D:[989db53d-fc3b-4bf0-a4bf-0b82aa6828ba:192.168.151.109:43493] with ContainerStateMachine:uninitialized
2019-09-26 20:15:11,946 [pool-57-thread-1] INFO  server.RaftServerConfigKeys (ConfUtils.java:logGet(43)) - raft.server.rpc.timeout.min = 5s (custom)
2019-09-26 20:15:11,946 [pool-57-thread-1] INFO  server.RaftServerConfigKeys (ConfUtils.java:logGet(43)) - raft.server.rpc.timeout.max = 5200ms (custom)
2019-09-26 20:15:11,946 [pool-57-thread-1] INFO  server.RaftServerConfigKeys (ConfUtils.java:logGet(43)) - raft.server.rpcslowness.timeout = 120s (custom)
2019-09-26 20:15:11,946 [pool-57-thread-1] INFO  server.RaftServerConfigKeys (ConfUtils.java:logGet(43)) - raft.server.sleep.deviation.threshold = 300 (default)
2019-09-26 20:15:11,946 [pool-57-thread-1] INFO  server.RaftServerConfigKeys (ConfUtils.java:logGet(43)) - raft.server.log.appender.install.snapshot.enabled = false (custom)
2019-09-26 20:15:11,947 [pool-57-thread-1] INFO  impl.RaftServerImpl (ServerState.java:<init>(103)) - 989db53d-fc3b-4bf0-a4bf-0b82aa6828ba@group-08E48312397D: ConfigurationManager, init=-1: [989db53d-fc3b-4bf0-a4bf-0b82aa6828ba:192.168.151.109:43493], old=null, confs=<EMPTY_MAP>
2019-09-26 20:15:11,947 [pool-57-thread-1] INFO  server.RaftServerConfigKeys (ConfUtils.java:logGet(43)) - raft.server.storage.dir = [/workdir/hadoop-ozone/integration-test/target/test-dir/MiniOzoneClusterImpl-b4cfdfda-c500-4180-9b02-0b7d7f1c7e35/datanode-3/data/ratis] (custom)
2019-09-26 20:15:11,947 [pool-57-thread-1] INFO  storage.RaftStorageDirectory (RaftStorageDirectory.java:analyzeStorage(246)) - The storage directory /workdir/hadoop-ozone/integration-test/target/test-dir/MiniOzoneClusterImpl-b4cfdfda-c500-4180-9b02-0b7d7f1c7e35/datanode-3/data/ratis/8ebde1a8-bad3-4b7b-a17b-08e48312397d does not exist. Creating ...
2019-09-26 20:15:11,961 [pool-57-thread-1] INFO  storage.RaftStorageDirectory (RaftStorageDirectory.java:tryLock(328)) - Lock on /workdir/hadoop-ozone/integration-test/target/test-dir/MiniOzoneClusterImpl-b4cfdfda-c500-4180-9b02-0b7d7f1c7e35/datanode-3/data/ratis/8ebde1a8-bad3-4b7b-a17b-08e48312397d/in_use.lock acquired by nodename 26190@pr-hdds-2162-kpcbn-4093309294
2019-09-26 20:15:11,974 [pool-57-thread-1] INFO  storage.RaftStorage (RaftStorage.java:format(72)) - Storage directory /workdir/hadoop-ozone/integration-test/target/test-dir/MiniOzoneClusterImpl-b4cfdfda-c500-4180-9b02-0b7d7f1c7e35/datanode-3/data/ratis/8ebde1a8-bad3-4b7b-a17b-08e48312397d has been successfully formatted.
2019-09-26 20:15:11,974 [pool-57-thread-1] INFO  ratis.ContainerStateMachine (ContainerStateMachine.java:loadSnapshot(230)) - group-08E48312397D: The snapshot info is null. Setting the last applied indexto:(t:0, i:~)
2019-09-26 20:15:11,975 [pool-57-thread-1] INFO  server.RaftServerConfigKeys (ConfUtils.java:logGet(43)) - raft.server.notification.no-leader.timeout = 120s (custom)
2019-09-26 20:15:11,975 [pool-57-thread-1] INFO  server.RaftServerConfigKeys (ConfUtils.java:logGet(43)) - raft.server.log.use.memory = false (default)
2019-09-26 20:15:11,975 [pool-57-thread-1] INFO  server.RaftServerConfigKeys (ConfUtils.java:logGet(43)) - raft.server.log.purge.gap = 1000000 (custom)
2019-09-26 20:15:11,975 [pool-57-thread-1] INFO  server.RaftServerConfigKeys (ConfUtils.java:logGet(43)) - raft.server.log.appender.buffer.byte-limit = 33554432 (custom)
2019-09-26 20:15:11,976 [pool-57-thread-1] INFO  server.RaftServerConfigKeys (ConfUtils.java:logGet(43)) - raft.server.log.segment.size.max = 1048576 (custom)
2019-09-26 20:15:11,976 [pool-57-thread-1] INFO  server.RaftServerConfigKeys (ConfUtils.java:logGet(43)) - raft.server.log.segment.cache.num.max = 2 (custom)
2019-09-26 20:15:11,976 [pool-57-thread-1] INFO  segmented.SegmentedRaftLogWorker (SegmentedRaftLogWorker.java:<init>(172)) - new 989db53d-fc3b-4bf0-a4bf-0b82aa6828ba@group-08E48312397D-SegmentedRaftLogWorker for RaftStorage:Storage Directory /workdir/hadoop-ozone/integration-test/target/test-dir/MiniOzoneClusterImpl-b4cfdfda-c500-4180-9b02-0b7d7f1c7e35/datanode-3/data/ratis/8ebde1a8-bad3-4b7b-a17b-08e48312397d
2019-09-26 20:15:11,981 [pool-57-thread-1] INFO  server.RaftServerConfigKeys (ConfUtils.java:logGet(43)) - raft.server.log.queue.byte-limit = 2147483647 (custom)
2019-09-26 20:15:11,981 [pool-57-thread-1] INFO  server.RaftServerConfigKeys (ConfUtils.java:logGet(43)) - raft.server.log.queue.element-limit = 1024 (custom)
2019-09-26 20:15:11,982 [pool-57-thread-1] INFO  server.RaftServerConfigKeys (ConfUtils.java:logGet(43)) - raft.server.log.segment.size.max = 1048576 (custom)
2019-09-26 20:15:11,982 [pool-57-thread-1] INFO  server.RaftServerConfigKeys (ConfUtils.java:logGet(43)) - raft.server.log.preallocated.size = 16384 (custom)
2019-09-26 20:15:11,982 [pool-57-thread-1] INFO  server.RaftServerConfigKeys (ConfUtils.java:logGet(43)) - raft.server.log.write.buffer.size = 33554432 (custom)
2019-09-26 20:15:11,982 [pool-57-thread-1] INFO  server.RaftServerConfigKeys (ConfUtils.java:logGet(43)) - raft.server.log.force.sync.num = 128 (default)
2019-09-26 20:15:11,982 [pool-57-thread-1] INFO  server.RaftServerConfigKeys (ConfUtils.java:logGet(43)) - raft.server.log.statemachine.data.sync = true (default)
2019-09-26 20:15:11,983 [pool-57-thread-1] INFO  server.RaftServerConfigKeys (ConfUtils.java:logGet(43)) - raft.server.log.statemachine.data.sync.timeout = 10s (default)
2019-09-26 20:15:11,983 [pool-57-thread-1] INFO  server.RaftServerConfigKeys (ConfUtils.java:logGet(43)) - raft.server.log.statemachine.data.sync.timeout.retry = -1 (default)
2019-09-26 20:15:11,983 [pool-57-thread-1] INFO  server.RaftServerConfigKeys (ConfUtils.java:logGet(43)) - raft.server.log.statemachine.data.caching.enabled = true (custom)
2019-09-26 20:15:11,984 [pool-57-thread-1] INFO  segmented.SegmentedRaftLogWorker (SegmentedRaftLogWorker.java:lambda$new$0(132)) - 989db53d-fc3b-4bf0-a4bf-0b82aa6828ba@group-08E48312397D-SegmentedRaftLogWorker: flushIndex: setUnconditionally 0 -> -1
2019-09-26 20:15:11,984 [pool-57-thread-1] INFO  server.RaftServerConfigKeys (ConfUtils.java:logGet(43)) - raft.server.snapshot.auto.trigger.enabled = true (custom)
2019-09-26 20:15:11,984 [pool-57-thread-1] INFO  server.RaftServerConfigKeys (ConfUtils.java:logGet(43)) - raft.server.snapshot.auto.trigger.threshold = 10000 (custom)
2019-09-26 20:15:11,984 [pool-57-thread-1] INFO  server.RaftServerConfigKeys (ConfUtils.java:logGet(43)) - raft.server.snapshot.retention.num.files = 5 (custom)
2019-09-26 20:15:11,985 [pool-57-thread-1] INFO  server.RaftServerConfigKeys (ConfUtils.java:logGet(43)) - raft.server.retrycache.expirytime = 600000ms (custom)
2019-09-26 20:15:11,989 [pool-57-thread-1] INFO  impl.RaftServerImpl (RaftServerImpl.java:start(185)) - 989db53d-fc3b-4bf0-a4bf-0b82aa6828ba@group-08E48312397D: start as a follower, conf=-1: [989db53d-fc3b-4bf0-a4bf-0b82aa6828ba:192.168.151.109:43493], old=null
2019-09-26 20:15:11,989 [pool-57-thread-1] INFO  impl.RaftServerImpl (RaftServerImpl.java:setRole(174)) - 989db53d-fc3b-4bf0-a4bf-0b82aa6828ba@group-08E48312397D: changes role from      null to FOLLOWER at term 0 for startAsFollower
2019-09-26 20:15:11,989 [pool-57-thread-1] INFO  impl.RoleInfo (RoleInfo.java:updateAndGet(143)) - 989db53d-fc3b-4bf0-a4bf-0b82aa6828ba: start FollowerState
2019-09-26 20:15:11,990 [pool-57-thread-1] INFO  util.JmxRegister (JmxRegister.java:tryRegister(44)) - Successfully registered JMX Bean with object name Ratis:service=RaftServer,group=group-08E48312397D,id=989db53d-fc3b-4bf0-a4bf-0b82aa6828ba
2019-09-26 20:15:12,006 [RatisPipelineUtilsThread] INFO  pipeline.PipelineStateManager (PipelineStateManager.java:addPipeline(56)) - Created pipeline Pipeline[ Id: 8ebde1a8-bad3-4b7b-a17b-08e48312397d, Nodes: 989db53d-fc3b-4bf0-a4bf-0b82aa6828ba{ip: 192.168.151.109, host: pr-hdds-2162-kpcbn-4093309294, networkLocation: /default-rack, certSerialId: null}, Type:RATIS, Factor:ONE, State:OPEN]
2019-09-26 20:15:12,027 [grpc-default-executor-0] INFO  impl.RaftServerProxy (RaftServerProxy.java:addNew(89)) - d03460e2-731b-4fec-8083-99c6044121d1: addNew group-7EE7047C43EE:[d03460e2-731b-4fec-8083-99c6044121d1:192.168.151.109:33161] returns group-7EE7047C43EE:java.util.concurrent.CompletableFuture@61d016d7[Not completed]
2019-09-26 20:15:12,033 [pool-107-thread-1] INFO  impl.RaftServerImpl (RaftServerImpl.java:<init>(95)) - d03460e2-731b-4fec-8083-99c6044121d1: new RaftServerImpl for group-7EE7047C43EE:[d03460e2-731b-4fec-8083-99c6044121d1:192.168.151.109:33161] with ContainerStateMachine:uninitialized
2019-09-26 20:15:12,033 [pool-107-thread-1] INFO  server.RaftServerConfigKeys (ConfUtils.java:logGet(43)) - raft.server.rpc.timeout.min = 5s (custom)
2019-09-26 20:15:12,033 [pool-107-thread-1] INFO  server.RaftServerConfigKeys (ConfUtils.java:logGet(43)) - raft.server.rpc.timeout.max = 5200ms (custom)
2019-09-26 20:15:12,033 [pool-107-thread-1] INFO  server.RaftServerConfigKeys (ConfUtils.java:logGet(43)) - raft.server.rpcslowness.timeout = 120s (custom)
2019-09-26 20:15:12,033 [pool-107-thread-1] INFO  server.RaftServerConfigKeys (ConfUtils.java:logGet(43)) - raft.server.sleep.deviation.threshold = 300 (default)
2019-09-26 20:15:12,034 [pool-107-thread-1] INFO  server.RaftServerConfigKeys (ConfUtils.java:logGet(43)) - raft.server.log.appender.install.snapshot.enabled = false (custom)
2019-09-26 20:15:12,034 [pool-107-thread-1] INFO  impl.RaftServerImpl (ServerState.java:<init>(103)) - d03460e2-731b-4fec-8083-99c6044121d1@group-7EE7047C43EE: ConfigurationManager, init=-1: [d03460e2-731b-4fec-8083-99c6044121d1:192.168.151.109:33161], old=null, confs=<EMPTY_MAP>
2019-09-26 20:15:12,034 [pool-107-thread-1] INFO  server.RaftServerConfigKeys (ConfUtils.java:logGet(43)) - raft.server.storage.dir = [/workdir/hadoop-ozone/integration-test/target/test-dir/MiniOzoneClusterImpl-b4cfdfda-c500-4180-9b02-0b7d7f1c7e35/datanode-8/data/ratis] (custom)
2019-09-26 20:15:12,034 [pool-107-thread-1] INFO  storage.RaftStorageDirectory (RaftStorageDirectory.java:analyzeStorage(246)) - The storage directory /workdir/hadoop-ozone/integration-test/target/test-dir/MiniOzoneClusterImpl-b4cfdfda-c500-4180-9b02-0b7d7f1c7e35/datanode-8/data/ratis/cfebc0cf-d277-4a8d-b581-7ee7047c43ee does not exist. Creating ...
2019-09-26 20:15:12,048 [pool-107-thread-1] INFO  storage.RaftStorageDirectory (RaftStorageDirectory.java:tryLock(328)) - Lock on /workdir/hadoop-ozone/integration-test/target/test-dir/MiniOzoneClusterImpl-b4cfdfda-c500-4180-9b02-0b7d7f1c7e35/datanode-8/data/ratis/cfebc0cf-d277-4a8d-b581-7ee7047c43ee/in_use.lock acquired by nodename 26190@pr-hdds-2162-kpcbn-4093309294
2019-09-26 20:15:12,061 [pool-107-thread-1] INFO  storage.RaftStorage (RaftStorage.java:format(72)) - Storage directory /workdir/hadoop-ozone/integration-test/target/test-dir/MiniOzoneClusterImpl-b4cfdfda-c500-4180-9b02-0b7d7f1c7e35/datanode-8/data/ratis/cfebc0cf-d277-4a8d-b581-7ee7047c43ee has been successfully formatted.
2019-09-26 20:15:12,061 [pool-107-thread-1] INFO  ratis.ContainerStateMachine (ContainerStateMachine.java:loadSnapshot(230)) - group-7EE7047C43EE: The snapshot info is null. Setting the last applied indexto:(t:0, i:~)
2019-09-26 20:15:12,061 [pool-107-thread-1] INFO  server.RaftServerConfigKeys (ConfUtils.java:logGet(43)) - raft.server.notification.no-leader.timeout = 120s (custom)
2019-09-26 20:15:12,062 [pool-107-thread-1] INFO  server.RaftServerConfigKeys (ConfUtils.java:logGet(43)) - raft.server.log.use.memory = false (default)
2019-09-26 20:15:12,062 [pool-107-thread-1] INFO  server.RaftServerConfigKeys (ConfUtils.java:logGet(43)) - raft.server.log.purge.gap = 1000000 (custom)
2019-09-26 20:15:12,062 [pool-107-thread-1] INFO  server.RaftServerConfigKeys (ConfUtils.java:logGet(43)) - raft.server.log.appender.buffer.byte-limit = 33554432 (custom)
2019-09-26 20:15:12,062 [pool-107-thread-1] INFO  server.RaftServerConfigKeys (ConfUtils.java:logGet(43)) - raft.server.log.segment.size.max = 1048576 (custom)
2019-09-26 20:15:12,062 [pool-107-thread-1] INFO  server.RaftServerConfigKeys (ConfUtils.java:logGet(43)) - raft.server.log.segment.cache.num.max = 2 (custom)
2019-09-26 20:15:12,063 [pool-107-thread-1] INFO  segmented.SegmentedRaftLogWorker (SegmentedRaftLogWorker.java:<init>(172)) - new d03460e2-731b-4fec-8083-99c6044121d1@group-7EE7047C43EE-SegmentedRaftLogWorker for RaftStorage:Storage Directory /workdir/hadoop-ozone/integration-test/target/test-dir/MiniOzoneClusterImpl-b4cfdfda-c500-4180-9b02-0b7d7f1c7e35/datanode-8/data/ratis/cfebc0cf-d277-4a8d-b581-7ee7047c43ee
2019-09-26 20:15:12,067 [pool-107-thread-1] INFO  server.RaftServerConfigKeys (ConfUtils.java:logGet(43)) - raft.server.log.queue.byte-limit = 2147483647 (custom)
2019-09-26 20:15:12,068 [pool-107-thread-1] INFO  server.RaftServerConfigKeys (ConfUtils.java:logGet(43)) - raft.server.log.queue.element-limit = 1024 (custom)
2019-09-26 20:15:12,068 [pool-107-thread-1] INFO  server.RaftServerConfigKeys (ConfUtils.java:logGet(43)) - raft.server.log.segment.size.max = 1048576 (custom)
2019-09-26 20:15:12,068 [pool-107-thread-1] INFO  server.RaftServerConfigKeys (ConfUtils.java:logGet(43)) - raft.server.log.preallocated.size = 16384 (custom)
2019-09-26 20:15:12,068 [pool-107-thread-1] INFO  server.RaftServerConfigKeys (ConfUtils.java:logGet(43)) - raft.server.log.write.buffer.size = 33554432 (custom)
2019-09-26 20:15:12,068 [pool-107-thread-1] INFO  server.RaftServerConfigKeys (ConfUtils.java:logGet(43)) - raft.server.log.force.sync.num = 128 (default)
2019-09-26 20:15:12,069 [pool-107-thread-1] INFO  server.RaftServerConfigKeys (ConfUtils.java:logGet(43)) - raft.server.log.statemachine.data.sync = true (default)
2019-09-26 20:15:12,069 [pool-107-thread-1] INFO  server.RaftServerConfigKeys (ConfUtils.java:logGet(43)) - raft.server.log.statemachine.data.sync.timeout = 10s (default)
2019-09-26 20:15:12,069 [pool-107-thread-1] INFO  server.RaftServerConfigKeys (ConfUtils.java:logGet(43)) - raft.server.log.statemachine.data.sync.timeout.retry = -1 (default)
2019-09-26 20:15:12,069 [pool-107-thread-1] INFO  server.RaftServerConfigKeys (ConfUtils.java:logGet(43)) - raft.server.log.statemachine.data.caching.enabled = true (custom)
2019-09-26 20:15:12,070 [pool-107-thread-1] INFO  segmented.SegmentedRaftLogWorker (SegmentedRaftLogWorker.java:lambda$new$0(132)) - d03460e2-731b-4fec-8083-99c6044121d1@group-7EE7047C43EE-SegmentedRaftLogWorker: flushIndex: setUnconditionally 0 -> -1
2019-09-26 20:15:12,070 [pool-107-thread-1] INFO  server.RaftServerConfigKeys (ConfUtils.java:logGet(43)) - raft.server.snapshot.auto.trigger.enabled = true (custom)
2019-09-26 20:15:12,071 [pool-107-thread-1] INFO  server.RaftServerConfigKeys (ConfUtils.java:logGet(43)) - raft.server.snapshot.auto.trigger.threshold = 10000 (custom)
2019-09-26 20:15:12,071 [pool-107-thread-1] INFO  server.RaftServerConfigKeys (ConfUtils.java:logGet(43)) - raft.server.snapshot.retention.num.files = 5 (custom)
2019-09-26 20:15:12,071 [pool-107-thread-1] INFO  server.RaftServerConfigKeys (ConfUtils.java:logGet(43)) - raft.server.retrycache.expirytime = 600000ms (custom)
2019-09-26 20:15:12,075 [pool-107-thread-1] INFO  impl.RaftServerImpl (RaftServerImpl.java:start(185)) - d03460e2-731b-4fec-8083-99c6044121d1@group-7EE7047C43EE: start as a follower, conf=-1: [d03460e2-731b-4fec-8083-99c6044121d1:192.168.151.109:33161], old=null
2019-09-26 20:15:12,075 [pool-107-thread-1] INFO  impl.RaftServerImpl (RaftServerImpl.java:setRole(174)) - d03460e2-731b-4fec-8083-99c6044121d1@group-7EE7047C43EE: changes role from      null to FOLLOWER at term 0 for startAsFollower
2019-09-26 20:15:12,075 [pool-107-thread-1] INFO  impl.RoleInfo (RoleInfo.java:updateAndGet(143)) - d03460e2-731b-4fec-8083-99c6044121d1: start FollowerState
2019-09-26 20:15:12,076 [pool-107-thread-1] INFO  util.JmxRegister (JmxRegister.java:tryRegister(44)) - Successfully registered JMX Bean with object name Ratis:service=RaftServer,group=group-7EE7047C43EE,id=d03460e2-731b-4fec-8083-99c6044121d1
2019-09-26 20:15:12,093 [RatisPipelineUtilsThread] INFO  pipeline.PipelineStateManager (PipelineStateManager.java:addPipeline(56)) - Created pipeline Pipeline[ Id: cfebc0cf-d277-4a8d-b581-7ee7047c43ee, Nodes: d03460e2-731b-4fec-8083-99c6044121d1{ip: 192.168.151.109, host: pr-hdds-2162-kpcbn-4093309294, networkLocation: /default-rack, certSerialId: null}, Type:RATIS, Factor:ONE, State:OPEN]
2019-09-26 20:15:12,113 [grpc-default-executor-0] INFO  impl.RaftServerProxy (RaftServerProxy.java:addNew(89)) - f78f22b6-c87a-4579-a1c5-2b9c4d89f592: addNew group-131B748D705C:[f78f22b6-c87a-4579-a1c5-2b9c4d89f592:192.168.151.109:37490] returns group-131B748D705C:java.util.concurrent.CompletableFuture@309dc943[Not completed]
2019-09-26 20:15:12,121 [pool-47-thread-1] INFO  impl.RaftServerImpl (RaftServerImpl.java:<init>(95)) - f78f22b6-c87a-4579-a1c5-2b9c4d89f592: new RaftServerImpl for group-131B748D705C:[f78f22b6-c87a-4579-a1c5-2b9c4d89f592:192.168.151.109:37490] with ContainerStateMachine:uninitialized
2019-09-26 20:15:12,121 [pool-47-thread-1] INFO  server.RaftServerConfigKeys (ConfUtils.java:logGet(43)) - raft.server.rpc.timeout.min = 5s (custom)
2019-09-26 20:15:12,122 [pool-47-thread-1] INFO  server.RaftServerConfigKeys (ConfUtils.java:logGet(43)) - raft.server.rpc.timeout.max = 5200ms (custom)
2019-09-26 20:15:12,122 [pool-47-thread-1] INFO  server.RaftServerConfigKeys (ConfUtils.java:logGet(43)) - raft.server.rpcslowness.timeout = 120s (custom)
2019-09-26 20:15:12,122 [pool-47-thread-1] INFO  server.RaftServerConfigKeys (ConfUtils.java:logGet(43)) - raft.server.sleep.deviation.threshold = 300 (default)
2019-09-26 20:15:12,122 [pool-47-thread-1] INFO  server.RaftServerConfigKeys (ConfUtils.java:logGet(43)) - raft.server.log.appender.install.snapshot.enabled = false (custom)
2019-09-26 20:15:12,122 [pool-47-thread-1] INFO  impl.RaftServerImpl (ServerState.java:<init>(103)) - f78f22b6-c87a-4579-a1c5-2b9c4d89f592@group-131B748D705C: ConfigurationManager, init=-1: [f78f22b6-c87a-4579-a1c5-2b9c4d89f592:192.168.151.109:37490], old=null, confs=<EMPTY_MAP>
2019-09-26 20:15:12,122 [pool-47-thread-1] INFO  server.RaftServerConfigKeys (ConfUtils.java:logGet(43)) - raft.server.storage.dir = [/workdir/hadoop-ozone/integration-test/target/test-dir/MiniOzoneClusterImpl-b4cfdfda-c500-4180-9b02-0b7d7f1c7e35/datanode-2/data/ratis] (custom)
2019-09-26 20:15:12,123 [pool-47-thread-1] INFO  storage.RaftStorageDirectory (RaftStorageDirectory.java:analyzeStorage(246)) - The storage directory /workdir/hadoop-ozone/integration-test/target/test-dir/MiniOzoneClusterImpl-b4cfdfda-c500-4180-9b02-0b7d7f1c7e35/datanode-2/data/ratis/893149a5-80fd-48f3-a1d8-131b748d705c does not exist. Creating ...
2019-09-26 20:15:12,136 [pool-47-thread-1] INFO  storage.RaftStorageDirectory (RaftStorageDirectory.java:tryLock(328)) - Lock on /workdir/hadoop-ozone/integration-test/target/test-dir/MiniOzoneClusterImpl-b4cfdfda-c500-4180-9b02-0b7d7f1c7e35/datanode-2/data/ratis/893149a5-80fd-48f3-a1d8-131b748d705c/in_use.lock acquired by nodename 26190@pr-hdds-2162-kpcbn-4093309294
2019-09-26 20:15:12,159 [pool-47-thread-1] INFO  storage.RaftStorage (RaftStorage.java:format(72)) - Storage directory /workdir/hadoop-ozone/integration-test/target/test-dir/MiniOzoneClusterImpl-b4cfdfda-c500-4180-9b02-0b7d7f1c7e35/datanode-2/data/ratis/893149a5-80fd-48f3-a1d8-131b748d705c has been successfully formatted.
2019-09-26 20:15:12,159 [pool-47-thread-1] INFO  ratis.ContainerStateMachine (ContainerStateMachine.java:loadSnapshot(230)) - group-131B748D705C: The snapshot info is null. Setting the last applied indexto:(t:0, i:~)
2019-09-26 20:15:12,160 [pool-47-thread-1] INFO  server.RaftServerConfigKeys (ConfUtils.java:logGet(43)) - raft.server.notification.no-leader.timeout = 120s (custom)
2019-09-26 20:15:12,160 [pool-47-thread-1] INFO  server.RaftServerConfigKeys (ConfUtils.java:logGet(43)) - raft.server.log.use.memory = false (default)
2019-09-26 20:15:12,160 [pool-47-thread-1] INFO  server.RaftServerConfigKeys (ConfUtils.java:logGet(43)) - raft.server.log.purge.gap = 1000000 (custom)
2019-09-26 20:15:12,160 [pool-47-thread-1] INFO  server.RaftServerConfigKeys (ConfUtils.java:logGet(43)) - raft.server.log.appender.buffer.byte-limit = 33554432 (custom)
2019-09-26 20:15:12,160 [pool-47-thread-1] INFO  server.RaftServerConfigKeys (ConfUtils.java:logGet(43)) - raft.server.log.segment.size.max = 1048576 (custom)
2019-09-26 20:15:12,160 [pool-47-thread-1] INFO  server.RaftServerConfigKeys (ConfUtils.java:logGet(43)) - raft.server.log.segment.cache.num.max = 2 (custom)
2019-09-26 20:15:12,161 [pool-47-thread-1] INFO  segmented.SegmentedRaftLogWorker (SegmentedRaftLogWorker.java:<init>(172)) - new f78f22b6-c87a-4579-a1c5-2b9c4d89f592@group-131B748D705C-SegmentedRaftLogWorker for RaftStorage:Storage Directory /workdir/hadoop-ozone/integration-test/target/test-dir/MiniOzoneClusterImpl-b4cfdfda-c500-4180-9b02-0b7d7f1c7e35/datanode-2/data/ratis/893149a5-80fd-48f3-a1d8-131b748d705c
2019-09-26 20:15:12,163 [pool-47-thread-1] INFO  server.RaftServerConfigKeys (ConfUtils.java:logGet(43)) - raft.server.log.queue.byte-limit = 2147483647 (custom)
2019-09-26 20:15:12,164 [pool-47-thread-1] INFO  server.RaftServerConfigKeys (ConfUtils.java:logGet(43)) - raft.server.log.queue.element-limit = 1024 (custom)
2019-09-26 20:15:12,164 [pool-47-thread-1] INFO  server.RaftServerConfigKeys (ConfUtils.java:logGet(43)) - raft.server.log.segment.size.max = 1048576 (custom)
2019-09-26 20:15:12,164 [pool-47-thread-1] INFO  server.RaftServerConfigKeys (ConfUtils.java:logGet(43)) - raft.server.log.preallocated.size = 16384 (custom)
2019-09-26 20:15:12,164 [pool-47-thread-1] INFO  server.RaftServerConfigKeys (ConfUtils.java:logGet(43)) - raft.server.log.write.buffer.size = 33554432 (custom)
2019-09-26 20:15:12,164 [pool-47-thread-1] INFO  server.RaftServerConfigKeys (ConfUtils.java:logGet(43)) - raft.server.log.force.sync.num = 128 (default)
2019-09-26 20:15:12,164 [pool-47-thread-1] INFO  server.RaftServerConfigKeys (ConfUtils.java:logGet(43)) - raft.server.log.statemachine.data.sync = true (default)
2019-09-26 20:15:12,165 [pool-47-thread-1] INFO  server.RaftServerConfigKeys (ConfUtils.java:logGet(43)) - raft.server.log.statemachine.data.sync.timeout = 10s (default)
2019-09-26 20:15:12,165 [pool-47-thread-1] INFO  server.RaftServerConfigKeys (ConfUtils.java:logGet(43)) - raft.server.log.statemachine.data.sync.timeout.retry = -1 (default)
2019-09-26 20:15:12,165 [pool-47-thread-1] INFO  server.RaftServerConfigKeys (ConfUtils.java:logGet(43)) - raft.server.log.statemachine.data.caching.enabled = true (custom)
2019-09-26 20:15:12,165 [pool-47-thread-1] INFO  segmented.SegmentedRaftLogWorker (SegmentedRaftLogWorker.java:lambda$new$0(132)) - f78f22b6-c87a-4579-a1c5-2b9c4d89f592@group-131B748D705C-SegmentedRaftLogWorker: flushIndex: setUnconditionally 0 -> -1
2019-09-26 20:15:12,166 [pool-47-thread-1] INFO  server.RaftServerConfigKeys (ConfUtils.java:logGet(43)) - raft.server.snapshot.auto.trigger.enabled = true (custom)
2019-09-26 20:15:12,166 [pool-47-thread-1] INFO  server.RaftServerConfigKeys (ConfUtils.java:logGet(43)) - raft.server.snapshot.auto.trigger.threshold = 10000 (custom)
2019-09-26 20:15:12,166 [pool-47-thread-1] INFO  server.RaftServerConfigKeys (ConfUtils.java:logGet(43)) - raft.server.snapshot.retention.num.files = 5 (custom)
2019-09-26 20:15:12,166 [pool-47-thread-1] INFO  server.RaftServerConfigKeys (ConfUtils.java:logGet(43)) - raft.server.retrycache.expirytime = 600000ms (custom)
2019-09-26 20:15:12,169 [pool-47-thread-1] INFO  impl.RaftServerImpl (RaftServerImpl.java:start(185)) - f78f22b6-c87a-4579-a1c5-2b9c4d89f592@group-131B748D705C: start as a follower, conf=-1: [f78f22b6-c87a-4579-a1c5-2b9c4d89f592:192.168.151.109:37490], old=null
2019-09-26 20:15:12,169 [pool-47-thread-1] INFO  impl.RaftServerImpl (RaftServerImpl.java:setRole(174)) - f78f22b6-c87a-4579-a1c5-2b9c4d89f592@group-131B748D705C: changes role from      null to FOLLOWER at term 0 for startAsFollower
2019-09-26 20:15:12,169 [pool-47-thread-1] INFO  impl.RoleInfo (RoleInfo.java:updateAndGet(143)) - f78f22b6-c87a-4579-a1c5-2b9c4d89f592: start FollowerState
2019-09-26 20:15:12,169 [pool-47-thread-1] INFO  util.JmxRegister (JmxRegister.java:tryRegister(44)) - Successfully registered JMX Bean with object name Ratis:service=RaftServer,group=group-131B748D705C,id=f78f22b6-c87a-4579-a1c5-2b9c4d89f592
2019-09-26 20:15:12,192 [RatisPipelineUtilsThread] INFO  pipeline.PipelineStateManager (PipelineStateManager.java:addPipeline(56)) - Created pipeline Pipeline[ Id: 893149a5-80fd-48f3-a1d8-131b748d705c, Nodes: f78f22b6-c87a-4579-a1c5-2b9c4d89f592{ip: 192.168.151.109, host: pr-hdds-2162-kpcbn-4093309294, networkLocation: /default-rack, certSerialId: null}, Type:RATIS, Factor:ONE, State:OPEN]
2019-09-26 20:15:12,211 [main] INFO  ozone.MiniOzoneClusterImpl (MiniOzoneClusterImpl.java:lambda$waitForClusterToBeReady$0(147)) - Cluster is ready. Got 10 of 10 DN Heartbeats.
2019-09-26 20:15:12,211 [grpc-default-executor-0] INFO  impl.RaftServerProxy (RaftServerProxy.java:addNew(89)) - 1da6c6b2-4783-4731-8f15-62229f4dfdb4: addNew group-8E992C7E0308:[1da6c6b2-4783-4731-8f15-62229f4dfdb4:192.168.151.109:42892] returns group-8E992C7E0308:java.util.concurrent.CompletableFuture@469f78d1[Not completed]
2019-09-26 20:15:12,217 [pool-97-thread-1] INFO  impl.RaftServerImpl (RaftServerImpl.java:<init>(95)) - 1da6c6b2-4783-4731-8f15-62229f4dfdb4: new RaftServerImpl for group-8E992C7E0308:[1da6c6b2-4783-4731-8f15-62229f4dfdb4:192.168.151.109:42892] with ContainerStateMachine:uninitialized
2019-09-26 20:15:12,217 [pool-97-thread-1] INFO  server.RaftServerConfigKeys (ConfUtils.java:logGet(43)) - raft.server.rpc.timeout.min = 5s (custom)
2019-09-26 20:15:12,217 [pool-97-thread-1] INFO  server.RaftServerConfigKeys (ConfUtils.java:logGet(43)) - raft.server.rpc.timeout.max = 5200ms (custom)
2019-09-26 20:15:12,218 [pool-97-thread-1] INFO  server.RaftServerConfigKeys (ConfUtils.java:logGet(43)) - raft.server.rpcslowness.timeout = 120s (custom)
2019-09-26 20:15:12,218 [pool-97-thread-1] INFO  server.RaftServerConfigKeys (ConfUtils.java:logGet(43)) - raft.server.sleep.deviation.threshold = 300 (default)
2019-09-26 20:15:12,218 [pool-97-thread-1] INFO  server.RaftServerConfigKeys (ConfUtils.java:logGet(43)) - raft.server.log.appender.install.snapshot.enabled = false (custom)
2019-09-26 20:15:12,218 [pool-97-thread-1] INFO  impl.RaftServerImpl (ServerState.java:<init>(103)) - 1da6c6b2-4783-4731-8f15-62229f4dfdb4@group-8E992C7E0308: ConfigurationManager, init=-1: [1da6c6b2-4783-4731-8f15-62229f4dfdb4:192.168.151.109:42892], old=null, confs=<EMPTY_MAP>
2019-09-26 20:15:12,218 [pool-97-thread-1] INFO  server.RaftServerConfigKeys (ConfUtils.java:logGet(43)) - raft.server.storage.dir = [/workdir/hadoop-ozone/integration-test/target/test-dir/MiniOzoneClusterImpl-b4cfdfda-c500-4180-9b02-0b7d7f1c7e35/datanode-7/data/ratis] (custom)
2019-09-26 20:15:12,219 [pool-97-thread-1] INFO  storage.RaftStorageDirectory (RaftStorageDirectory.java:analyzeStorage(246)) - The storage directory /workdir/hadoop-ozone/integration-test/target/test-dir/MiniOzoneClusterImpl-b4cfdfda-c500-4180-9b02-0b7d7f1c7e35/datanode-7/data/ratis/5e77f981-5c05-48ea-a45a-8e992c7e0308 does not exist. Creating ...
2019-09-26 20:15:12,232 [pool-97-thread-1] INFO  storage.RaftStorageDirectory (RaftStorageDirectory.java:tryLock(328)) - Lock on /workdir/hadoop-ozone/integration-test/target/test-dir/MiniOzoneClusterImpl-b4cfdfda-c500-4180-9b02-0b7d7f1c7e35/datanode-7/data/ratis/5e77f981-5c05-48ea-a45a-8e992c7e0308/in_use.lock acquired by nodename 26190@pr-hdds-2162-kpcbn-4093309294
2019-09-26 20:15:12,246 [pool-97-thread-1] INFO  storage.RaftStorage (RaftStorage.java:format(72)) - Storage directory /workdir/hadoop-ozone/integration-test/target/test-dir/MiniOzoneClusterImpl-b4cfdfda-c500-4180-9b02-0b7d7f1c7e35/datanode-7/data/ratis/5e77f981-5c05-48ea-a45a-8e992c7e0308 has been successfully formatted.
2019-09-26 20:15:12,246 [pool-97-thread-1] INFO  ratis.ContainerStateMachine (ContainerStateMachine.java:loadSnapshot(230)) - group-8E992C7E0308: The snapshot info is null. Setting the last applied indexto:(t:0, i:~)
2019-09-26 20:15:12,246 [pool-97-thread-1] INFO  server.RaftServerConfigKeys (ConfUtils.java:logGet(43)) - raft.server.notification.no-leader.timeout = 120s (custom)
2019-09-26 20:15:12,246 [pool-97-thread-1] INFO  server.RaftServerConfigKeys (ConfUtils.java:logGet(43)) - raft.server.log.use.memory = false (default)
2019-09-26 20:15:12,246 [pool-97-thread-1] INFO  server.RaftServerConfigKeys (ConfUtils.java:logGet(43)) - raft.server.log.purge.gap = 1000000 (custom)
2019-09-26 20:15:12,246 [pool-97-thread-1] INFO  server.RaftServerConfigKeys (ConfUtils.java:logGet(43)) - raft.server.log.appender.buffer.byte-limit = 33554432 (custom)
2019-09-26 20:15:12,247 [pool-97-thread-1] INFO  server.RaftServerConfigKeys (ConfUtils.java:logGet(43)) - raft.server.log.segment.size.max = 1048576 (custom)
2019-09-26 20:15:12,247 [pool-97-thread-1] INFO  server.RaftServerConfigKeys (ConfUtils.java:logGet(43)) - raft.server.log.segment.cache.num.max = 2 (custom)
2019-09-26 20:15:12,247 [pool-97-thread-1] INFO  segmented.SegmentedRaftLogWorker (SegmentedRaftLogWorker.java:<init>(172)) - new 1da6c6b2-4783-4731-8f15-62229f4dfdb4@group-8E992C7E0308-SegmentedRaftLogWorker for RaftStorage:Storage Directory /workdir/hadoop-ozone/integration-test/target/test-dir/MiniOzoneClusterImpl-b4cfdfda-c500-4180-9b02-0b7d7f1c7e35/datanode-7/data/ratis/5e77f981-5c05-48ea-a45a-8e992c7e0308
2019-09-26 20:15:12,249 [pool-97-thread-1] INFO  server.RaftServerConfigKeys (ConfUtils.java:logGet(43)) - raft.server.log.queue.byte-limit = 2147483647 (custom)
2019-09-26 20:15:12,249 [pool-97-thread-1] INFO  server.RaftServerConfigKeys (ConfUtils.java:logGet(43)) - raft.server.log.queue.element-limit = 1024 (custom)
2019-09-26 20:15:12,249 [pool-97-thread-1] INFO  server.RaftServerConfigKeys (ConfUtils.java:logGet(43)) - raft.server.log.segment.size.max = 1048576 (custom)
2019-09-26 20:15:12,249 [pool-97-thread-1] INFO  server.RaftServerConfigKeys (ConfUtils.java:logGet(43)) - raft.server.log.preallocated.size = 16384 (custom)
2019-09-26 20:15:12,250 [pool-97-thread-1] INFO  server.RaftServerConfigKeys (ConfUtils.java:logGet(43)) - raft.server.log.write.buffer.size = 33554432 (custom)
2019-09-26 20:15:12,250 [pool-97-thread-1] INFO  server.RaftServerConfigKeys (ConfUtils.java:logGet(43)) - raft.server.log.force.sync.num = 128 (default)
2019-09-26 20:15:12,250 [pool-97-thread-1] INFO  server.RaftServerConfigKeys (ConfUtils.java:logGet(43)) - raft.server.log.statemachine.data.sync = true (default)
2019-09-26 20:15:12,250 [pool-97-thread-1] INFO  server.RaftServerConfigKeys (ConfUtils.java:logGet(43)) - raft.server.log.statemachine.data.sync.timeout = 10s (default)
2019-09-26 20:15:12,250 [pool-97-thread-1] INFO  server.RaftServerConfigKeys (ConfUtils.java:logGet(43)) - raft.server.log.statemachine.data.sync.timeout.retry = -1 (default)
2019-09-26 20:15:12,250 [pool-97-thread-1] INFO  server.RaftServerConfigKeys (ConfUtils.java:logGet(43)) - raft.server.log.statemachine.data.caching.enabled = true (custom)
2019-09-26 20:15:12,251 [pool-97-thread-1] INFO  segmented.SegmentedRaftLogWorker (SegmentedRaftLogWorker.java:lambda$new$0(132)) - 1da6c6b2-4783-4731-8f15-62229f4dfdb4@group-8E992C7E0308-SegmentedRaftLogWorker: flushIndex: setUnconditionally 0 -> -1
2019-09-26 20:15:12,251 [pool-97-thread-1] INFO  server.RaftServerConfigKeys (ConfUtils.java:logGet(43)) - raft.server.snapshot.auto.trigger.enabled = true (custom)
2019-09-26 20:15:12,251 [pool-97-thread-1] INFO  server.RaftServerConfigKeys (ConfUtils.java:logGet(43)) - raft.server.snapshot.auto.trigger.threshold = 10000 (custom)
2019-09-26 20:15:12,251 [pool-97-thread-1] INFO  server.RaftServerConfigKeys (ConfUtils.java:logGet(43)) - raft.server.snapshot.retention.num.files = 5 (custom)
2019-09-26 20:15:12,251 [pool-97-thread-1] INFO  server.RaftServerConfigKeys (ConfUtils.java:logGet(43)) - raft.server.retrycache.expirytime = 600000ms (custom)
2019-09-26 20:15:12,253 [pool-97-thread-1] INFO  impl.RaftServerImpl (RaftServerImpl.java:start(185)) - 1da6c6b2-4783-4731-8f15-62229f4dfdb4@group-8E992C7E0308: start as a follower, conf=-1: [1da6c6b2-4783-4731-8f15-62229f4dfdb4:192.168.151.109:42892], old=null
2019-09-26 20:15:12,253 [pool-97-thread-1] INFO  impl.RaftServerImpl (RaftServerImpl.java:setRole(174)) - 1da6c6b2-4783-4731-8f15-62229f4dfdb4@group-8E992C7E0308: changes role from      null to FOLLOWER at term 0 for startAsFollower
2019-09-26 20:15:12,253 [pool-97-thread-1] INFO  impl.RoleInfo (RoleInfo.java:updateAndGet(143)) - 1da6c6b2-4783-4731-8f15-62229f4dfdb4: start FollowerState
2019-09-26 20:15:12,254 [pool-97-thread-1] INFO  util.JmxRegister (JmxRegister.java:tryRegister(44)) - Successfully registered JMX Bean with object name Ratis:service=RaftServer,group=group-8E992C7E0308,id=1da6c6b2-4783-4731-8f15-62229f4dfdb4
2019-09-26 20:15:12,269 [RatisPipelineUtilsThread] INFO  pipeline.PipelineStateManager (PipelineStateManager.java:addPipeline(56)) - Created pipeline Pipeline[ Id: 5e77f981-5c05-48ea-a45a-8e992c7e0308, Nodes: 1da6c6b2-4783-4731-8f15-62229f4dfdb4{ip: 192.168.151.109, host: pr-hdds-2162-kpcbn-4093309294, networkLocation: /default-rack, certSerialId: null}, Type:RATIS, Factor:ONE, State:OPEN]
2019-09-26 20:15:12,293 [grpc-default-executor-0] INFO  impl.RaftServerProxy (RaftServerProxy.java:addNew(89)) - 0955c41b-5120-474c-be8a-331162b53db7: addNew group-9121D1F47AEF:[0955c41b-5120-474c-be8a-331162b53db7:192.168.151.109:36383] returns group-9121D1F47AEF:java.util.concurrent.CompletableFuture@54edbc51[Not completed]
2019-09-26 20:15:12,299 [pool-37-thread-1] INFO  impl.RaftServerImpl (RaftServerImpl.java:<init>(95)) - 0955c41b-5120-474c-be8a-331162b53db7: new RaftServerImpl for group-9121D1F47AEF:[0955c41b-5120-474c-be8a-331162b53db7:192.168.151.109:36383] with ContainerStateMachine:uninitialized
2019-09-26 20:15:12,302 [pool-37-thread-1] INFO  server.RaftServerConfigKeys (ConfUtils.java:logGet(43)) - raft.server.rpc.timeout.min = 5s (custom)
2019-09-26 20:15:12,302 [pool-37-thread-1] INFO  server.RaftServerConfigKeys (ConfUtils.java:logGet(43)) - raft.server.rpc.timeout.max = 5200ms (custom)
2019-09-26 20:15:12,302 [pool-37-thread-1] INFO  server.RaftServerConfigKeys (ConfUtils.java:logGet(43)) - raft.server.rpcslowness.timeout = 120s (custom)
2019-09-26 20:15:12,302 [pool-37-thread-1] INFO  server.RaftServerConfigKeys (ConfUtils.java:logGet(43)) - raft.server.sleep.deviation.threshold = 300 (default)
2019-09-26 20:15:12,302 [pool-37-thread-1] INFO  server.RaftServerConfigKeys (ConfUtils.java:logGet(43)) - raft.server.log.appender.install.snapshot.enabled = false (custom)
2019-09-26 20:15:12,302 [pool-37-thread-1] INFO  impl.RaftServerImpl (ServerState.java:<init>(103)) - 0955c41b-5120-474c-be8a-331162b53db7@group-9121D1F47AEF: ConfigurationManager, init=-1: [0955c41b-5120-474c-be8a-331162b53db7:192.168.151.109:36383], old=null, confs=<EMPTY_MAP>
2019-09-26 20:15:12,303 [pool-37-thread-1] INFO  server.RaftServerConfigKeys (ConfUtils.java:logGet(43)) - raft.server.storage.dir = [/workdir/hadoop-ozone/integration-test/target/test-dir/MiniOzoneClusterImpl-b4cfdfda-c500-4180-9b02-0b7d7f1c7e35/datanode-1/data/ratis] (custom)
2019-09-26 20:15:12,303 [pool-37-thread-1] INFO  storage.RaftStorageDirectory (RaftStorageDirectory.java:analyzeStorage(246)) - The storage directory /workdir/hadoop-ozone/integration-test/target/test-dir/MiniOzoneClusterImpl-b4cfdfda-c500-4180-9b02-0b7d7f1c7e35/datanode-1/data/ratis/9e466ee5-5854-48be-b1d8-9121d1f47aef does not exist. Creating ...
2019-09-26 20:15:12,316 [pool-37-thread-1] INFO  storage.RaftStorageDirectory (RaftStorageDirectory.java:tryLock(328)) - Lock on /workdir/hadoop-ozone/integration-test/target/test-dir/MiniOzoneClusterImpl-b4cfdfda-c500-4180-9b02-0b7d7f1c7e35/datanode-1/data/ratis/9e466ee5-5854-48be-b1d8-9121d1f47aef/in_use.lock acquired by nodename 26190@pr-hdds-2162-kpcbn-4093309294
2019-09-26 20:15:12,329 [pool-37-thread-1] INFO  storage.RaftStorage (RaftStorage.java:format(72)) - Storage directory /workdir/hadoop-ozone/integration-test/target/test-dir/MiniOzoneClusterImpl-b4cfdfda-c500-4180-9b02-0b7d7f1c7e35/datanode-1/data/ratis/9e466ee5-5854-48be-b1d8-9121d1f47aef has been successfully formatted.
2019-09-26 20:15:12,329 [pool-37-thread-1] INFO  ratis.ContainerStateMachine (ContainerStateMachine.java:loadSnapshot(230)) - group-9121D1F47AEF: The snapshot info is null. Setting the last applied indexto:(t:0, i:~)
2019-09-26 20:15:12,329 [pool-37-thread-1] INFO  server.RaftServerConfigKeys (ConfUtils.java:logGet(43)) - raft.server.notification.no-leader.timeout = 120s (custom)
2019-09-26 20:15:12,330 [pool-37-thread-1] INFO  server.RaftServerConfigKeys (ConfUtils.java:logGet(43)) - raft.server.log.use.memory = false (default)
2019-09-26 20:15:12,330 [pool-37-thread-1] INFO  server.RaftServerConfigKeys (ConfUtils.java:logGet(43)) - raft.server.log.purge.gap = 1000000 (custom)
2019-09-26 20:15:12,330 [pool-37-thread-1] INFO  server.RaftServerConfigKeys (ConfUtils.java:logGet(43)) - raft.server.log.appender.buffer.byte-limit = 33554432 (custom)
2019-09-26 20:15:12,330 [pool-37-thread-1] INFO  server.RaftServerConfigKeys (ConfUtils.java:logGet(43)) - raft.server.log.segment.size.max = 1048576 (custom)
2019-09-26 20:15:12,330 [pool-37-thread-1] INFO  server.RaftServerConfigKeys (ConfUtils.java:logGet(43)) - raft.server.log.segment.cache.num.max = 2 (custom)
2019-09-26 20:15:12,330 [pool-37-thread-1] INFO  segmented.SegmentedRaftLogWorker (SegmentedRaftLogWorker.java:<init>(172)) - new 0955c41b-5120-474c-be8a-331162b53db7@group-9121D1F47AEF-SegmentedRaftLogWorker for RaftStorage:Storage Directory /workdir/hadoop-ozone/integration-test/target/test-dir/MiniOzoneClusterImpl-b4cfdfda-c500-4180-9b02-0b7d7f1c7e35/datanode-1/data/ratis/9e466ee5-5854-48be-b1d8-9121d1f47aef
2019-09-26 20:15:12,332 [pool-37-thread-1] INFO  server.RaftServerConfigKeys (ConfUtils.java:logGet(43)) - raft.server.log.queue.byte-limit = 2147483647 (custom)
2019-09-26 20:15:12,332 [pool-37-thread-1] INFO  server.RaftServerConfigKeys (ConfUtils.java:logGet(43)) - raft.server.log.queue.element-limit = 1024 (custom)
2019-09-26 20:15:12,332 [pool-37-thread-1] INFO  server.RaftServerConfigKeys (ConfUtils.java:logGet(43)) - raft.server.log.segment.size.max = 1048576 (custom)
2019-09-26 20:15:12,332 [pool-37-thread-1] INFO  server.RaftServerConfigKeys (ConfUtils.java:logGet(43)) - raft.server.log.preallocated.size = 16384 (custom)
2019-09-26 20:15:12,332 [pool-37-thread-1] INFO  server.RaftServerConfigKeys (ConfUtils.java:logGet(43)) - raft.server.log.write.buffer.size = 33554432 (custom)
2019-09-26 20:15:12,332 [pool-37-thread-1] INFO  server.RaftServerConfigKeys (ConfUtils.java:logGet(43)) - raft.server.log.force.sync.num = 128 (default)
2019-09-26 20:15:12,332 [pool-37-thread-1] INFO  server.RaftServerConfigKeys (ConfUtils.java:logGet(43)) - raft.server.log.statemachine.data.sync = true (default)
2019-09-26 20:15:12,333 [pool-37-thread-1] INFO  server.RaftServerConfigKeys (ConfUtils.java:logGet(43)) - raft.server.log.statemachine.data.sync.timeout = 10s (default)
2019-09-26 20:15:12,333 [pool-37-thread-1] INFO  server.RaftServerConfigKeys (ConfUtils.java:logGet(43)) - raft.server.log.statemachine.data.sync.timeout.retry = -1 (default)
2019-09-26 20:15:12,333 [pool-37-thread-1] INFO  server.RaftServerConfigKeys (ConfUtils.java:logGet(43)) - raft.server.log.statemachine.data.caching.enabled = true (custom)
2019-09-26 20:15:12,333 [pool-37-thread-1] INFO  segmented.SegmentedRaftLogWorker (SegmentedRaftLogWorker.java:lambda$new$0(132)) - 0955c41b-5120-474c-be8a-331162b53db7@group-9121D1F47AEF-SegmentedRaftLogWorker: flushIndex: setUnconditionally 0 -> -1
2019-09-26 20:15:12,333 [pool-37-thread-1] INFO  server.RaftServerConfigKeys (ConfUtils.java:logGet(43)) - raft.server.snapshot.auto.trigger.enabled = true (custom)
2019-09-26 20:15:12,333 [pool-37-thread-1] INFO  server.RaftServerConfigKeys (ConfUtils.java:logGet(43)) - raft.server.snapshot.auto.trigger.threshold = 10000 (custom)
2019-09-26 20:15:12,334 [pool-37-thread-1] INFO  server.RaftServerConfigKeys (ConfUtils.java:logGet(43)) - raft.server.snapshot.retention.num.files = 5 (custom)
2019-09-26 20:15:12,334 [pool-37-thread-1] INFO  server.RaftServerConfigKeys (ConfUtils.java:logGet(43)) - raft.server.retrycache.expirytime = 600000ms (custom)
2019-09-26 20:15:12,336 [pool-37-thread-1] INFO  impl.RaftServerImpl (RaftServerImpl.java:start(185)) - 0955c41b-5120-474c-be8a-331162b53db7@group-9121D1F47AEF: start as a follower, conf=-1: [0955c41b-5120-474c-be8a-331162b53db7:192.168.151.109:36383], old=null
2019-09-26 20:15:12,336 [pool-37-thread-1] INFO  impl.RaftServerImpl (RaftServerImpl.java:setRole(174)) - 0955c41b-5120-474c-be8a-331162b53db7@group-9121D1F47AEF: changes role from      null to FOLLOWER at term 0 for startAsFollower
2019-09-26 20:15:12,336 [pool-37-thread-1] INFO  impl.RoleInfo (RoleInfo.java:updateAndGet(143)) - 0955c41b-5120-474c-be8a-331162b53db7: start FollowerState
2019-09-26 20:15:12,337 [pool-37-thread-1] INFO  util.JmxRegister (JmxRegister.java:tryRegister(44)) - Successfully registered JMX Bean with object name Ratis:service=RaftServer,group=group-9121D1F47AEF,id=0955c41b-5120-474c-be8a-331162b53db7
2019-09-26 20:15:12,353 [RatisPipelineUtilsThread] INFO  pipeline.PipelineStateManager (PipelineStateManager.java:addPipeline(56)) - Created pipeline Pipeline[ Id: 9e466ee5-5854-48be-b1d8-9121d1f47aef, Nodes: 0955c41b-5120-474c-be8a-331162b53db7{ip: 192.168.151.109, host: pr-hdds-2162-kpcbn-4093309294, networkLocation: /default-rack, certSerialId: null}, Type:RATIS, Factor:ONE, State:OPEN]
2019-09-26 20:15:12,381 [grpc-default-executor-0] INFO  impl.RaftServerProxy (RaftServerProxy.java:addNew(89)) - 2d7db0fd-6fea-47bf-b6a6-a970e74572bb: addNew group-937BB9560088:[2d7db0fd-6fea-47bf-b6a6-a970e74572bb:192.168.151.109:46576] returns group-937BB9560088:java.util.concurrent.CompletableFuture@7bc20c27[Not completed]
2019-09-26 20:15:12,397 [pool-87-thread-1] INFO  impl.RaftServerImpl (RaftServerImpl.java:<init>(95)) - 2d7db0fd-6fea-47bf-b6a6-a970e74572bb: new RaftServerImpl for group-937BB9560088:[2d7db0fd-6fea-47bf-b6a6-a970e74572bb:192.168.151.109:46576] with ContainerStateMachine:uninitialized
2019-09-26 20:15:12,397 [pool-87-thread-1] INFO  server.RaftServerConfigKeys (ConfUtils.java:logGet(43)) - raft.server.rpc.timeout.min = 5s (custom)
2019-09-26 20:15:12,397 [pool-87-thread-1] INFO  server.RaftServerConfigKeys (ConfUtils.java:logGet(43)) - raft.server.rpc.timeout.max = 5200ms (custom)
2019-09-26 20:15:12,397 [pool-87-thread-1] INFO  server.RaftServerConfigKeys (ConfUtils.java:logGet(43)) - raft.server.rpcslowness.timeout = 120s (custom)
2019-09-26 20:15:12,397 [pool-87-thread-1] INFO  server.RaftServerConfigKeys (ConfUtils.java:logGet(43)) - raft.server.sleep.deviation.threshold = 300 (default)
2019-09-26 20:15:12,398 [pool-87-thread-1] INFO  server.RaftServerConfigKeys (ConfUtils.java:logGet(43)) - raft.server.log.appender.install.snapshot.enabled = false (custom)
2019-09-26 20:15:12,398 [pool-87-thread-1] INFO  impl.RaftServerImpl (ServerState.java:<init>(103)) - 2d7db0fd-6fea-47bf-b6a6-a970e74572bb@group-937BB9560088: ConfigurationManager, init=-1: [2d7db0fd-6fea-47bf-b6a6-a970e74572bb:192.168.151.109:46576], old=null, confs=<EMPTY_MAP>
2019-09-26 20:15:12,398 [pool-87-thread-1] INFO  server.RaftServerConfigKeys (ConfUtils.java:logGet(43)) - raft.server.storage.dir = [/workdir/hadoop-ozone/integration-test/target/test-dir/MiniOzoneClusterImpl-b4cfdfda-c500-4180-9b02-0b7d7f1c7e35/datanode-6/data/ratis] (custom)
2019-09-26 20:15:12,398 [pool-87-thread-1] INFO  storage.RaftStorageDirectory (RaftStorageDirectory.java:analyzeStorage(246)) - The storage directory /workdir/hadoop-ozone/integration-test/target/test-dir/MiniOzoneClusterImpl-b4cfdfda-c500-4180-9b02-0b7d7f1c7e35/datanode-6/data/ratis/6563e614-1fa1-460e-ba6e-937bb9560088 does not exist. Creating ...
2019-09-26 20:15:12,423 [pool-87-thread-1] INFO  storage.RaftStorageDirectory (RaftStorageDirectory.java:tryLock(328)) - Lock on /workdir/hadoop-ozone/integration-test/target/test-dir/MiniOzoneClusterImpl-b4cfdfda-c500-4180-9b02-0b7d7f1c7e35/datanode-6/data/ratis/6563e614-1fa1-460e-ba6e-937bb9560088/in_use.lock acquired by nodename 26190@pr-hdds-2162-kpcbn-4093309294
2019-09-26 20:15:12,437 [pool-87-thread-1] INFO  storage.RaftStorage (RaftStorage.java:format(72)) - Storage directory /workdir/hadoop-ozone/integration-test/target/test-dir/MiniOzoneClusterImpl-b4cfdfda-c500-4180-9b02-0b7d7f1c7e35/datanode-6/data/ratis/6563e614-1fa1-460e-ba6e-937bb9560088 has been successfully formatted.
2019-09-26 20:15:12,437 [pool-87-thread-1] INFO  ratis.ContainerStateMachine (ContainerStateMachine.java:loadSnapshot(230)) - group-937BB9560088: The snapshot info is null. Setting the last applied indexto:(t:0, i:~)
2019-09-26 20:15:12,437 [pool-87-thread-1] INFO  server.RaftServerConfigKeys (ConfUtils.java:logGet(43)) - raft.server.notification.no-leader.timeout = 120s (custom)
2019-09-26 20:15:12,438 [pool-87-thread-1] INFO  server.RaftServerConfigKeys (ConfUtils.java:logGet(43)) - raft.server.log.use.memory = false (default)
2019-09-26 20:15:12,438 [pool-87-thread-1] INFO  server.RaftServerConfigKeys (ConfUtils.java:logGet(43)) - raft.server.log.purge.gap = 1000000 (custom)
2019-09-26 20:15:12,438 [pool-87-thread-1] INFO  server.RaftServerConfigKeys (ConfUtils.java:logGet(43)) - raft.server.log.appender.buffer.byte-limit = 33554432 (custom)
2019-09-26 20:15:12,438 [pool-87-thread-1] INFO  server.RaftServerConfigKeys (ConfUtils.java:logGet(43)) - raft.server.log.segment.size.max = 1048576 (custom)
2019-09-26 20:15:12,438 [pool-87-thread-1] INFO  server.RaftServerConfigKeys (ConfUtils.java:logGet(43)) - raft.server.log.segment.cache.num.max = 2 (custom)
2019-09-26 20:15:12,439 [pool-87-thread-1] INFO  segmented.SegmentedRaftLogWorker (SegmentedRaftLogWorker.java:<init>(172)) - new 2d7db0fd-6fea-47bf-b6a6-a970e74572bb@group-937BB9560088-SegmentedRaftLogWorker for RaftStorage:Storage Directory /workdir/hadoop-ozone/integration-test/target/test-dir/MiniOzoneClusterImpl-b4cfdfda-c500-4180-9b02-0b7d7f1c7e35/datanode-6/data/ratis/6563e614-1fa1-460e-ba6e-937bb9560088
2019-09-26 20:15:12,442 [pool-87-thread-1] INFO  server.RaftServerConfigKeys (ConfUtils.java:logGet(43)) - raft.server.log.queue.byte-limit = 2147483647 (custom)
2019-09-26 20:15:12,442 [pool-87-thread-1] INFO  server.RaftServerConfigKeys (ConfUtils.java:logGet(43)) - raft.server.log.queue.element-limit = 1024 (custom)
2019-09-26 20:15:12,442 [pool-87-thread-1] INFO  server.RaftServerConfigKeys (ConfUtils.java:logGet(43)) - raft.server.log.segment.size.max = 1048576 (custom)
2019-09-26 20:15:12,443 [pool-87-thread-1] INFO  server.RaftServerConfigKeys (ConfUtils.java:logGet(43)) - raft.server.log.preallocated.size = 16384 (custom)
2019-09-26 20:15:12,443 [pool-87-thread-1] INFO  server.RaftServerConfigKeys (ConfUtils.java:logGet(43)) - raft.server.log.write.buffer.size = 33554432 (custom)
2019-09-26 20:15:12,443 [pool-87-thread-1] INFO  server.RaftServerConfigKeys (ConfUtils.java:logGet(43)) - raft.server.log.force.sync.num = 128 (default)
2019-09-26 20:15:12,443 [pool-87-thread-1] INFO  server.RaftServerConfigKeys (ConfUtils.java:logGet(43)) - raft.server.log.statemachine.data.sync = true (default)
2019-09-26 20:15:12,443 [pool-87-thread-1] INFO  server.RaftServerConfigKeys (ConfUtils.java:logGet(43)) - raft.server.log.statemachine.data.sync.timeout = 10s (default)
2019-09-26 20:15:12,443 [pool-87-thread-1] INFO  server.RaftServerConfigKeys (ConfUtils.java:logGet(43)) - raft.server.log.statemachine.data.sync.timeout.retry = -1 (default)
2019-09-26 20:15:12,444 [pool-87-thread-1] INFO  server.RaftServerConfigKeys (ConfUtils.java:logGet(43)) - raft.server.log.statemachine.data.caching.enabled = true (custom)
2019-09-26 20:15:12,444 [pool-87-thread-1] INFO  segmented.SegmentedRaftLogWorker (SegmentedRaftLogWorker.java:lambda$new$0(132)) - 2d7db0fd-6fea-47bf-b6a6-a970e74572bb@group-937BB9560088-SegmentedRaftLogWorker: flushIndex: setUnconditionally 0 -> -1
2019-09-26 20:15:12,445 [pool-87-thread-1] INFO  server.RaftServerConfigKeys (ConfUtils.java:logGet(43)) - raft.server.snapshot.auto.trigger.enabled = true (custom)
2019-09-26 20:15:12,445 [pool-87-thread-1] INFO  server.RaftServerConfigKeys (ConfUtils.java:logGet(43)) - raft.server.snapshot.auto.trigger.threshold = 10000 (custom)
2019-09-26 20:15:12,445 [pool-87-thread-1] INFO  server.RaftServerConfigKeys (ConfUtils.java:logGet(43)) - raft.server.snapshot.retention.num.files = 5 (custom)
2019-09-26 20:15:12,445 [pool-87-thread-1] INFO  server.RaftServerConfigKeys (ConfUtils.java:logGet(43)) - raft.server.retrycache.expirytime = 600000ms (custom)
2019-09-26 20:15:12,448 [pool-87-thread-1] INFO  impl.RaftServerImpl (RaftServerImpl.java:start(185)) - 2d7db0fd-6fea-47bf-b6a6-a970e74572bb@group-937BB9560088: start as a follower, conf=-1: [2d7db0fd-6fea-47bf-b6a6-a970e74572bb:192.168.151.109:46576], old=null
2019-09-26 20:15:12,448 [pool-87-thread-1] INFO  impl.RaftServerImpl (RaftServerImpl.java:setRole(174)) - 2d7db0fd-6fea-47bf-b6a6-a970e74572bb@group-937BB9560088: changes role from      null to FOLLOWER at term 0 for startAsFollower
2019-09-26 20:15:12,448 [pool-87-thread-1] INFO  impl.RoleInfo (RoleInfo.java:updateAndGet(143)) - 2d7db0fd-6fea-47bf-b6a6-a970e74572bb: start FollowerState
2019-09-26 20:15:12,449 [pool-87-thread-1] INFO  util.JmxRegister (JmxRegister.java:tryRegister(44)) - Successfully registered JMX Bean with object name Ratis:service=RaftServer,group=group-937BB9560088,id=2d7db0fd-6fea-47bf-b6a6-a970e74572bb
2019-09-26 20:15:12,464 [RatisPipelineUtilsThread] INFO  pipeline.PipelineStateManager (PipelineStateManager.java:addPipeline(56)) - Created pipeline Pipeline[ Id: 6563e614-1fa1-460e-ba6e-937bb9560088, Nodes: 2d7db0fd-6fea-47bf-b6a6-a970e74572bb{ip: 192.168.151.109, host: pr-hdds-2162-kpcbn-4093309294, networkLocation: /default-rack, certSerialId: null}, Type:RATIS, Factor:ONE, State:OPEN]
2019-09-26 20:15:12,509 [grpc-default-executor-2] INFO  impl.RaftServerProxy (RaftServerProxy.java:addNew(89)) - 3cc8baef-c687-471e-92fa-b0689bf72958: addNew group-EA33E358620B:[3cc8baef-c687-471e-92fa-b0689bf72958:192.168.151.109:37821, 091d78c8-8aa5-4dc3-975f-4b808abe8813:192.168.151.109:45519, 0c122c34-51b6-48d8-aceb-004b9b387362:192.168.151.109:44391] returns group-EA33E358620B:java.util.concurrent.CompletableFuture@4e670f5[Not completed]
2019-09-26 20:15:12,509 [grpc-default-executor-1] INFO  impl.RaftServerProxy (RaftServerProxy.java:addNew(89)) - 091d78c8-8aa5-4dc3-975f-4b808abe8813: addNew group-EA33E358620B:[3cc8baef-c687-471e-92fa-b0689bf72958:192.168.151.109:37821, 091d78c8-8aa5-4dc3-975f-4b808abe8813:192.168.151.109:45519, 0c122c34-51b6-48d8-aceb-004b9b387362:192.168.151.109:44391] returns group-EA33E358620B:java.util.concurrent.CompletableFuture@27d8cb6e[Not completed]
2019-09-26 20:15:12,516 [grpc-default-executor-0] INFO  impl.RaftServerProxy (RaftServerProxy.java:addNew(89)) - 0c122c34-51b6-48d8-aceb-004b9b387362: addNew group-EA33E358620B:[3cc8baef-c687-471e-92fa-b0689bf72958:192.168.151.109:37821, 091d78c8-8aa5-4dc3-975f-4b808abe8813:192.168.151.109:45519, 0c122c34-51b6-48d8-aceb-004b9b387362:192.168.151.109:44391] returns group-EA33E358620B:java.util.concurrent.CompletableFuture@27d21eb6[Not completed]
2019-09-26 20:15:12,516 [pool-67-thread-1] INFO  impl.RaftServerImpl (RaftServerImpl.java:<init>(95)) - 3cc8baef-c687-471e-92fa-b0689bf72958: new RaftServerImpl for group-EA33E358620B:[3cc8baef-c687-471e-92fa-b0689bf72958:192.168.151.109:37821, 091d78c8-8aa5-4dc3-975f-4b808abe8813:192.168.151.109:45519, 0c122c34-51b6-48d8-aceb-004b9b387362:192.168.151.109:44391] with ContainerStateMachine:uninitialized
2019-09-26 20:15:12,516 [pool-67-thread-1] INFO  server.RaftServerConfigKeys (ConfUtils.java:logGet(43)) - raft.server.rpc.timeout.min = 5s (custom)
2019-09-26 20:15:12,516 [pool-67-thread-1] INFO  server.RaftServerConfigKeys (ConfUtils.java:logGet(43)) - raft.server.rpc.timeout.max = 5200ms (custom)
2019-09-26 20:15:12,516 [pool-67-thread-1] INFO  server.RaftServerConfigKeys (ConfUtils.java:logGet(43)) - raft.server.rpcslowness.timeout = 120s (custom)
2019-09-26 20:15:12,517 [pool-67-thread-1] INFO  server.RaftServerConfigKeys (ConfUtils.java:logGet(43)) - raft.server.sleep.deviation.threshold = 300 (default)
2019-09-26 20:15:12,517 [pool-67-thread-1] INFO  server.RaftServerConfigKeys (ConfUtils.java:logGet(43)) - raft.server.log.appender.install.snapshot.enabled = false (custom)
2019-09-26 20:15:12,517 [pool-117-thread-1] INFO  impl.RaftServerImpl (RaftServerImpl.java:<init>(95)) - 091d78c8-8aa5-4dc3-975f-4b808abe8813: new RaftServerImpl for group-EA33E358620B:[3cc8baef-c687-471e-92fa-b0689bf72958:192.168.151.109:37821, 091d78c8-8aa5-4dc3-975f-4b808abe8813:192.168.151.109:45519, 0c122c34-51b6-48d8-aceb-004b9b387362:192.168.151.109:44391] with ContainerStateMachine:uninitialized
2019-09-26 20:15:12,517 [pool-67-thread-1] INFO  impl.RaftServerImpl (ServerState.java:<init>(103)) - 3cc8baef-c687-471e-92fa-b0689bf72958@group-EA33E358620B: ConfigurationManager, init=-1: [3cc8baef-c687-471e-92fa-b0689bf72958:192.168.151.109:37821, 091d78c8-8aa5-4dc3-975f-4b808abe8813:192.168.151.109:45519, 0c122c34-51b6-48d8-aceb-004b9b387362:192.168.151.109:44391], old=null, confs=<EMPTY_MAP>
2019-09-26 20:15:12,517 [pool-117-thread-1] INFO  server.RaftServerConfigKeys (ConfUtils.java:logGet(43)) - raft.server.rpc.timeout.min = 5s (custom)
2019-09-26 20:15:12,517 [pool-67-thread-1] INFO  server.RaftServerConfigKeys (ConfUtils.java:logGet(43)) - raft.server.storage.dir = [/workdir/hadoop-ozone/integration-test/target/test-dir/MiniOzoneClusterImpl-b4cfdfda-c500-4180-9b02-0b7d7f1c7e35/datanode-4/data/ratis] (custom)
2019-09-26 20:15:12,517 [pool-117-thread-1] INFO  server.RaftServerConfigKeys (ConfUtils.java:logGet(43)) - raft.server.rpc.timeout.max = 5200ms (custom)
2019-09-26 20:15:12,517 [pool-117-thread-1] INFO  server.RaftServerConfigKeys (ConfUtils.java:logGet(43)) - raft.server.rpcslowness.timeout = 120s (custom)
2019-09-26 20:15:12,517 [pool-117-thread-1] INFO  server.RaftServerConfigKeys (ConfUtils.java:logGet(43)) - raft.server.sleep.deviation.threshold = 300 (default)
2019-09-26 20:15:12,517 [pool-77-thread-1] INFO  impl.RaftServerImpl (RaftServerImpl.java:<init>(95)) - 0c122c34-51b6-48d8-aceb-004b9b387362: new RaftServerImpl for group-EA33E358620B:[3cc8baef-c687-471e-92fa-b0689bf72958:192.168.151.109:37821, 091d78c8-8aa5-4dc3-975f-4b808abe8813:192.168.151.109:45519, 0c122c34-51b6-48d8-aceb-004b9b387362:192.168.151.109:44391] with ContainerStateMachine:uninitialized
2019-09-26 20:15:12,517 [pool-67-thread-1] INFO  storage.RaftStorageDirectory (RaftStorageDirectory.java:analyzeStorage(246)) - The storage directory /workdir/hadoop-ozone/integration-test/target/test-dir/MiniOzoneClusterImpl-b4cfdfda-c500-4180-9b02-0b7d7f1c7e35/datanode-4/data/ratis/d233e74e-2863-41d9-b620-ea33e358620b does not exist. Creating ...
2019-09-26 20:15:12,518 [pool-77-thread-1] INFO  server.RaftServerConfigKeys (ConfUtils.java:logGet(43)) - raft.server.rpc.timeout.min = 5s (custom)
2019-09-26 20:15:12,518 [pool-117-thread-1] INFO  server.RaftServerConfigKeys (ConfUtils.java:logGet(43)) - raft.server.log.appender.install.snapshot.enabled = false (custom)
2019-09-26 20:15:12,518 [pool-77-thread-1] INFO  server.RaftServerConfigKeys (ConfUtils.java:logGet(43)) - raft.server.rpc.timeout.max = 5200ms (custom)
2019-09-26 20:15:12,518 [pool-117-thread-1] INFO  impl.RaftServerImpl (ServerState.java:<init>(103)) - 091d78c8-8aa5-4dc3-975f-4b808abe8813@group-EA33E358620B: ConfigurationManager, init=-1: [3cc8baef-c687-471e-92fa-b0689bf72958:192.168.151.109:37821, 091d78c8-8aa5-4dc3-975f-4b808abe8813:192.168.151.109:45519, 0c122c34-51b6-48d8-aceb-004b9b387362:192.168.151.109:44391], old=null, confs=<EMPTY_MAP>
2019-09-26 20:15:12,518 [pool-77-thread-1] INFO  server.RaftServerConfigKeys (ConfUtils.java:logGet(43)) - raft.server.rpcslowness.timeout = 120s (custom)
2019-09-26 20:15:12,518 [pool-77-thread-1] INFO  server.RaftServerConfigKeys (ConfUtils.java:logGet(43)) - raft.server.sleep.deviation.threshold = 300 (default)
2019-09-26 20:15:12,518 [pool-117-thread-1] INFO  server.RaftServerConfigKeys (ConfUtils.java:logGet(43)) - raft.server.storage.dir = [/workdir/hadoop-ozone/integration-test/target/test-dir/MiniOzoneClusterImpl-b4cfdfda-c500-4180-9b02-0b7d7f1c7e35/datanode-9/data/ratis] (custom)
2019-09-26 20:15:12,518 [pool-77-thread-1] INFO  server.RaftServerConfigKeys (ConfUtils.java:logGet(43)) - raft.server.log.appender.install.snapshot.enabled = false (custom)
2019-09-26 20:15:12,519 [pool-77-thread-1] INFO  impl.RaftServerImpl (ServerState.java:<init>(103)) - 0c122c34-51b6-48d8-aceb-004b9b387362@group-EA33E358620B: ConfigurationManager, init=-1: [3cc8baef-c687-471e-92fa-b0689bf72958:192.168.151.109:37821, 091d78c8-8aa5-4dc3-975f-4b808abe8813:192.168.151.109:45519, 0c122c34-51b6-48d8-aceb-004b9b387362:192.168.151.109:44391], old=null, confs=<EMPTY_MAP>
2019-09-26 20:15:12,519 [pool-117-thread-1] INFO  storage.RaftStorageDirectory (RaftStorageDirectory.java:analyzeStorage(246)) - The storage directory /workdir/hadoop-ozone/integration-test/target/test-dir/MiniOzoneClusterImpl-b4cfdfda-c500-4180-9b02-0b7d7f1c7e35/datanode-9/data/ratis/d233e74e-2863-41d9-b620-ea33e358620b does not exist. Creating ...
2019-09-26 20:15:12,519 [pool-77-thread-1] INFO  server.RaftServerConfigKeys (ConfUtils.java:logGet(43)) - raft.server.storage.dir = [/workdir/hadoop-ozone/integration-test/target/test-dir/MiniOzoneClusterImpl-b4cfdfda-c500-4180-9b02-0b7d7f1c7e35/datanode-5/data/ratis] (custom)
2019-09-26 20:15:12,519 [pool-77-thread-1] INFO  storage.RaftStorageDirectory (RaftStorageDirectory.java:analyzeStorage(246)) - The storage directory /workdir/hadoop-ozone/integration-test/target/test-dir/MiniOzoneClusterImpl-b4cfdfda-c500-4180-9b02-0b7d7f1c7e35/datanode-5/data/ratis/d233e74e-2863-41d9-b620-ea33e358620b does not exist. Creating ...
2019-09-26 20:15:12,531 [pool-67-thread-1] INFO  storage.RaftStorageDirectory (RaftStorageDirectory.java:tryLock(328)) - Lock on /workdir/hadoop-ozone/integration-test/target/test-dir/MiniOzoneClusterImpl-b4cfdfda-c500-4180-9b02-0b7d7f1c7e35/datanode-4/data/ratis/d233e74e-2863-41d9-b620-ea33e358620b/in_use.lock acquired by nodename 26190@pr-hdds-2162-kpcbn-4093309294
2019-09-26 20:15:12,531 [pool-117-thread-1] INFO  storage.RaftStorageDirectory (RaftStorageDirectory.java:tryLock(328)) - Lock on /workdir/hadoop-ozone/integration-test/target/test-dir/MiniOzoneClusterImpl-b4cfdfda-c500-4180-9b02-0b7d7f1c7e35/datanode-9/data/ratis/d233e74e-2863-41d9-b620-ea33e358620b/in_use.lock acquired by nodename 26190@pr-hdds-2162-kpcbn-4093309294
2019-09-26 20:15:12,531 [pool-77-thread-1] INFO  storage.RaftStorageDirectory (RaftStorageDirectory.java:tryLock(328)) - Lock on /workdir/hadoop-ozone/integration-test/target/test-dir/MiniOzoneClusterImpl-b4cfdfda-c500-4180-9b02-0b7d7f1c7e35/datanode-5/data/ratis/d233e74e-2863-41d9-b620-ea33e358620b/in_use.lock acquired by nodename 26190@pr-hdds-2162-kpcbn-4093309294
2019-09-26 20:15:12,546 [pool-67-thread-1] INFO  storage.RaftStorage (RaftStorage.java:format(72)) - Storage directory /workdir/hadoop-ozone/integration-test/target/test-dir/MiniOzoneClusterImpl-b4cfdfda-c500-4180-9b02-0b7d7f1c7e35/datanode-4/data/ratis/d233e74e-2863-41d9-b620-ea33e358620b has been successfully formatted.
2019-09-26 20:15:12,546 [pool-117-thread-1] INFO  storage.RaftStorage (RaftStorage.java:format(72)) - Storage directory /workdir/hadoop-ozone/integration-test/target/test-dir/MiniOzoneClusterImpl-b4cfdfda-c500-4180-9b02-0b7d7f1c7e35/datanode-9/data/ratis/d233e74e-2863-41d9-b620-ea33e358620b has been successfully formatted.
2019-09-26 20:15:12,546 [pool-77-thread-1] INFO  storage.RaftStorage (RaftStorage.java:format(72)) - Storage directory /workdir/hadoop-ozone/integration-test/target/test-dir/MiniOzoneClusterImpl-b4cfdfda-c500-4180-9b02-0b7d7f1c7e35/datanode-5/data/ratis/d233e74e-2863-41d9-b620-ea33e358620b has been successfully formatted.
2019-09-26 20:15:12,546 [pool-117-thread-1] INFO  ratis.ContainerStateMachine (ContainerStateMachine.java:loadSnapshot(230)) - group-EA33E358620B: The snapshot info is null. Setting the last applied indexto:(t:0, i:~)
2019-09-26 20:15:12,546 [pool-67-thread-1] INFO  ratis.ContainerStateMachine (ContainerStateMachine.java:loadSnapshot(230)) - group-EA33E358620B: The snapshot info is null. Setting the last applied indexto:(t:0, i:~)
2019-09-26 20:15:12,546 [pool-77-thread-1] INFO  ratis.ContainerStateMachine (ContainerStateMachine.java:loadSnapshot(230)) - group-EA33E358620B: The snapshot info is null. Setting the last applied indexto:(t:0, i:~)
2019-09-26 20:15:12,546 [pool-117-thread-1] INFO  server.RaftServerConfigKeys (ConfUtils.java:logGet(43)) - raft.server.notification.no-leader.timeout = 120s (custom)
2019-09-26 20:15:12,547 [pool-77-thread-1] INFO  server.RaftServerConfigKeys (ConfUtils.java:logGet(43)) - raft.server.notification.no-leader.timeout = 120s (custom)
2019-09-26 20:15:12,546 [pool-67-thread-1] INFO  server.RaftServerConfigKeys (ConfUtils.java:logGet(43)) - raft.server.notification.no-leader.timeout = 120s (custom)
2019-09-26 20:15:12,547 [pool-77-thread-1] INFO  server.RaftServerConfigKeys (ConfUtils.java:logGet(43)) - raft.server.log.use.memory = false (default)
2019-09-26 20:15:12,547 [pool-117-thread-1] INFO  server.RaftServerConfigKeys (ConfUtils.java:logGet(43)) - raft.server.log.use.memory = false (default)
2019-09-26 20:15:12,547 [pool-77-thread-1] INFO  server.RaftServerConfigKeys (ConfUtils.java:logGet(43)) - raft.server.log.purge.gap = 1000000 (custom)
2019-09-26 20:15:12,547 [pool-67-thread-1] INFO  server.RaftServerConfigKeys (ConfUtils.java:logGet(43)) - raft.server.log.use.memory = false (default)
2019-09-26 20:15:12,548 [pool-77-thread-1] INFO  server.RaftServerConfigKeys (ConfUtils.java:logGet(43)) - raft.server.log.appender.buffer.byte-limit = 33554432 (custom)
2019-09-26 20:15:12,547 [pool-117-thread-1] INFO  server.RaftServerConfigKeys (ConfUtils.java:logGet(43)) - raft.server.log.purge.gap = 1000000 (custom)
2019-09-26 20:15:12,548 [pool-77-thread-1] INFO  server.RaftServerConfigKeys (ConfUtils.java:logGet(43)) - raft.server.log.segment.size.max = 1048576 (custom)
2019-09-26 20:15:12,548 [pool-67-thread-1] INFO  server.RaftServerConfigKeys (ConfUtils.java:logGet(43)) - raft.server.log.purge.gap = 1000000 (custom)
2019-09-26 20:15:12,548 [pool-77-thread-1] INFO  server.RaftServerConfigKeys (ConfUtils.java:logGet(43)) - raft.server.log.segment.cache.num.max = 2 (custom)
2019-09-26 20:15:12,548 [pool-117-thread-1] INFO  server.RaftServerConfigKeys (ConfUtils.java:logGet(43)) - raft.server.log.appender.buffer.byte-limit = 33554432 (custom)
2019-09-26 20:15:12,549 [pool-77-thread-1] INFO  segmented.SegmentedRaftLogWorker (SegmentedRaftLogWorker.java:<init>(172)) - new 0c122c34-51b6-48d8-aceb-004b9b387362@group-EA33E358620B-SegmentedRaftLogWorker for RaftStorage:Storage Directory /workdir/hadoop-ozone/integration-test/target/test-dir/MiniOzoneClusterImpl-b4cfdfda-c500-4180-9b02-0b7d7f1c7e35/datanode-5/data/ratis/d233e74e-2863-41d9-b620-ea33e358620b
2019-09-26 20:15:12,548 [pool-67-thread-1] INFO  server.RaftServerConfigKeys (ConfUtils.java:logGet(43)) - raft.server.log.appender.buffer.byte-limit = 33554432 (custom)
2019-09-26 20:15:12,549 [pool-77-thread-1] INFO  server.RaftServerConfigKeys (ConfUtils.java:logGet(43)) - raft.server.log.queue.byte-limit = 2147483647 (custom)
2019-09-26 20:15:12,549 [pool-117-thread-1] INFO  server.RaftServerConfigKeys (ConfUtils.java:logGet(43)) - raft.server.log.segment.size.max = 1048576 (custom)
2019-09-26 20:15:12,549 [pool-77-thread-1] INFO  server.RaftServerConfigKeys (ConfUtils.java:logGet(43)) - raft.server.log.queue.element-limit = 1024 (custom)
2019-09-26 20:15:12,549 [pool-67-thread-1] INFO  server.RaftServerConfigKeys (ConfUtils.java:logGet(43)) - raft.server.log.segment.size.max = 1048576 (custom)
2019-09-26 20:15:12,550 [pool-77-thread-1] INFO  server.RaftServerConfigKeys (ConfUtils.java:logGet(43)) - raft.server.log.segment.size.max = 1048576 (custom)
2019-09-26 20:15:12,549 [pool-117-thread-1] INFO  server.RaftServerConfigKeys (ConfUtils.java:logGet(43)) - raft.server.log.segment.cache.num.max = 2 (custom)
2019-09-26 20:15:12,550 [pool-77-thread-1] INFO  server.RaftServerConfigKeys (ConfUtils.java:logGet(43)) - raft.server.log.preallocated.size = 16384 (custom)
2019-09-26 20:15:12,550 [pool-67-thread-1] INFO  server.RaftServerConfigKeys (ConfUtils.java:logGet(43)) - raft.server.log.segment.cache.num.max = 2 (custom)
2019-09-26 20:15:12,550 [pool-77-thread-1] INFO  server.RaftServerConfigKeys (ConfUtils.java:logGet(43)) - raft.server.log.write.buffer.size = 33554432 (custom)
2019-09-26 20:15:12,550 [pool-117-thread-1] INFO  segmented.SegmentedRaftLogWorker (SegmentedRaftLogWorker.java:<init>(172)) - new 091d78c8-8aa5-4dc3-975f-4b808abe8813@group-EA33E358620B-SegmentedRaftLogWorker for RaftStorage:Storage Directory /workdir/hadoop-ozone/integration-test/target/test-dir/MiniOzoneClusterImpl-b4cfdfda-c500-4180-9b02-0b7d7f1c7e35/datanode-9/data/ratis/d233e74e-2863-41d9-b620-ea33e358620b
2019-09-26 20:15:12,550 [pool-77-thread-1] INFO  server.RaftServerConfigKeys (ConfUtils.java:logGet(43)) - raft.server.log.force.sync.num = 128 (default)
2019-09-26 20:15:12,550 [pool-67-thread-1] INFO  segmented.SegmentedRaftLogWorker (SegmentedRaftLogWorker.java:<init>(172)) - new 3cc8baef-c687-471e-92fa-b0689bf72958@group-EA33E358620B-SegmentedRaftLogWorker for RaftStorage:Storage Directory /workdir/hadoop-ozone/integration-test/target/test-dir/MiniOzoneClusterImpl-b4cfdfda-c500-4180-9b02-0b7d7f1c7e35/datanode-4/data/ratis/d233e74e-2863-41d9-b620-ea33e358620b
2019-09-26 20:15:12,551 [pool-77-thread-1] INFO  server.RaftServerConfigKeys (ConfUtils.java:logGet(43)) - raft.server.log.statemachine.data.sync = true (default)
2019-09-26 20:15:12,551 [pool-117-thread-1] INFO  server.RaftServerConfigKeys (ConfUtils.java:logGet(43)) - raft.server.log.queue.byte-limit = 2147483647 (custom)
2019-09-26 20:15:12,551 [pool-77-thread-1] INFO  server.RaftServerConfigKeys (ConfUtils.java:logGet(43)) - raft.server.log.statemachine.data.sync.timeout = 10s (default)
2019-09-26 20:15:12,551 [pool-67-thread-1] INFO  server.RaftServerConfigKeys (ConfUtils.java:logGet(43)) - raft.server.log.queue.byte-limit = 2147483647 (custom)
2019-09-26 20:15:12,551 [pool-77-thread-1] INFO  server.RaftServerConfigKeys (ConfUtils.java:logGet(43)) - raft.server.log.statemachine.data.sync.timeout.retry = -1 (default)
2019-09-26 20:15:12,551 [pool-117-thread-1] INFO  server.RaftServerConfigKeys (ConfUtils.java:logGet(43)) - raft.server.log.queue.element-limit = 1024 (custom)
2019-09-26 20:15:12,552 [pool-77-thread-1] INFO  server.RaftServerConfigKeys (ConfUtils.java:logGet(43)) - raft.server.log.statemachine.data.caching.enabled = true (custom)
2019-09-26 20:15:12,552 [pool-67-thread-1] INFO  server.RaftServerConfigKeys (ConfUtils.java:logGet(43)) - raft.server.log.queue.element-limit = 1024 (custom)
2019-09-26 20:15:12,552 [pool-117-thread-1] INFO  server.RaftServerConfigKeys (ConfUtils.java:logGet(43)) - raft.server.log.segment.size.max = 1048576 (custom)
2019-09-26 20:15:12,552 [pool-67-thread-1] INFO  server.RaftServerConfigKeys (ConfUtils.java:logGet(43)) - raft.server.log.segment.size.max = 1048576 (custom)
2019-09-26 20:15:12,552 [pool-77-thread-1] INFO  segmented.SegmentedRaftLogWorker (SegmentedRaftLogWorker.java:lambda$new$0(132)) - 0c122c34-51b6-48d8-aceb-004b9b387362@group-EA33E358620B-SegmentedRaftLogWorker: flushIndex: setUnconditionally 0 -> -1
2019-09-26 20:15:12,553 [pool-67-thread-1] INFO  server.RaftServerConfigKeys (ConfUtils.java:logGet(43)) - raft.server.log.preallocated.size = 16384 (custom)
2019-09-26 20:15:12,552 [pool-117-thread-1] INFO  server.RaftServerConfigKeys (ConfUtils.java:logGet(43)) - raft.server.log.preallocated.size = 16384 (custom)
2019-09-26 20:15:12,553 [pool-77-thread-1] INFO  server.RaftServerConfigKeys (ConfUtils.java:logGet(43)) - raft.server.snapshot.auto.trigger.enabled = true (custom)
2019-09-26 20:15:12,553 [pool-67-thread-1] INFO  server.RaftServerConfigKeys (ConfUtils.java:logGet(43)) - raft.server.log.write.buffer.size = 33554432 (custom)
2019-09-26 20:15:12,553 [pool-77-thread-1] INFO  server.RaftServerConfigKeys (ConfUtils.java:logGet(43)) - raft.server.snapshot.auto.trigger.threshold = 10000 (custom)
2019-09-26 20:15:12,553 [pool-117-thread-1] INFO  server.RaftServerConfigKeys (ConfUtils.java:logGet(43)) - raft.server.log.write.buffer.size = 33554432 (custom)
2019-09-26 20:15:12,554 [pool-77-thread-1] INFO  server.RaftServerConfigKeys (ConfUtils.java:logGet(43)) - raft.server.snapshot.retention.num.files = 5 (custom)
2019-09-26 20:15:12,553 [pool-67-thread-1] INFO  server.RaftServerConfigKeys (ConfUtils.java:logGet(43)) - raft.server.log.force.sync.num = 128 (default)
2019-09-26 20:15:12,554 [pool-77-thread-1] INFO  server.RaftServerConfigKeys (ConfUtils.java:logGet(43)) - raft.server.retrycache.expirytime = 600000ms (custom)
2019-09-26 20:15:12,554 [pool-117-thread-1] INFO  server.RaftServerConfigKeys (ConfUtils.java:logGet(43)) - raft.server.log.force.sync.num = 128 (default)
2019-09-26 20:15:12,557 [pool-67-thread-1] INFO  server.RaftServerConfigKeys (ConfUtils.java:logGet(43)) - raft.server.log.statemachine.data.sync = true (default)
2019-09-26 20:15:12,557 [pool-117-thread-1] INFO  server.RaftServerConfigKeys (ConfUtils.java:logGet(43)) - raft.server.log.statemachine.data.sync = true (default)
2019-09-26 20:15:12,557 [pool-67-thread-1] INFO  server.RaftServerConfigKeys (ConfUtils.java:logGet(43)) - raft.server.log.statemachine.data.sync.timeout = 10s (default)
2019-09-26 20:15:12,557 [pool-117-thread-1] INFO  server.RaftServerConfigKeys (ConfUtils.java:logGet(43)) - raft.server.log.statemachine.data.sync.timeout = 10s (default)
2019-09-26 20:15:12,558 [pool-67-thread-1] INFO  server.RaftServerConfigKeys (ConfUtils.java:logGet(43)) - raft.server.log.statemachine.data.sync.timeout.retry = -1 (default)
2019-09-26 20:15:12,558 [pool-117-thread-1] INFO  server.RaftServerConfigKeys (ConfUtils.java:logGet(43)) - raft.server.log.statemachine.data.sync.timeout.retry = -1 (default)
2019-09-26 20:15:12,558 [pool-67-thread-1] INFO  server.RaftServerConfigKeys (ConfUtils.java:logGet(43)) - raft.server.log.statemachine.data.caching.enabled = true (custom)
2019-09-26 20:15:12,558 [pool-117-thread-1] INFO  server.RaftServerConfigKeys (ConfUtils.java:logGet(43)) - raft.server.log.statemachine.data.caching.enabled = true (custom)
2019-09-26 20:15:12,558 [pool-67-thread-1] INFO  segmented.SegmentedRaftLogWorker (SegmentedRaftLogWorker.java:lambda$new$0(132)) - 3cc8baef-c687-471e-92fa-b0689bf72958@group-EA33E358620B-SegmentedRaftLogWorker: flushIndex: setUnconditionally 0 -> -1
2019-09-26 20:15:12,559 [pool-117-thread-1] INFO  segmented.SegmentedRaftLogWorker (SegmentedRaftLogWorker.java:lambda$new$0(132)) - 091d78c8-8aa5-4dc3-975f-4b808abe8813@group-EA33E358620B-SegmentedRaftLogWorker: flushIndex: setUnconditionally 0 -> -1
2019-09-26 20:15:12,559 [pool-67-thread-1] INFO  server.RaftServerConfigKeys (ConfUtils.java:logGet(43)) - raft.server.snapshot.auto.trigger.enabled = true (custom)
2019-09-26 20:15:12,559 [pool-117-thread-1] INFO  server.RaftServerConfigKeys (ConfUtils.java:logGet(43)) - raft.server.snapshot.auto.trigger.enabled = true (custom)
2019-09-26 20:15:12,559 [pool-67-thread-1] INFO  server.RaftServerConfigKeys (ConfUtils.java:logGet(43)) - raft.server.snapshot.auto.trigger.threshold = 10000 (custom)
2019-09-26 20:15:12,559 [pool-117-thread-1] INFO  server.RaftServerConfigKeys (ConfUtils.java:logGet(43)) - raft.server.snapshot.auto.trigger.threshold = 10000 (custom)
2019-09-26 20:15:12,559 [pool-67-thread-1] INFO  server.RaftServerConfigKeys (ConfUtils.java:logGet(43)) - raft.server.snapshot.retention.num.files = 5 (custom)
2019-09-26 20:15:12,559 [pool-117-thread-1] INFO  server.RaftServerConfigKeys (ConfUtils.java:logGet(43)) - raft.server.snapshot.retention.num.files = 5 (custom)
2019-09-26 20:15:12,560 [pool-67-thread-1] INFO  server.RaftServerConfigKeys (ConfUtils.java:logGet(43)) - raft.server.retrycache.expirytime = 600000ms (custom)
2019-09-26 20:15:12,560 [pool-117-thread-1] INFO  server.RaftServerConfigKeys (ConfUtils.java:logGet(43)) - raft.server.retrycache.expirytime = 600000ms (custom)
2019-09-26 20:15:12,560 [pool-77-thread-1] INFO  impl.RaftServerImpl (RaftServerImpl.java:start(185)) - 0c122c34-51b6-48d8-aceb-004b9b387362@group-EA33E358620B: start as a follower, conf=-1: [3cc8baef-c687-471e-92fa-b0689bf72958:192.168.151.109:37821, 091d78c8-8aa5-4dc3-975f-4b808abe8813:192.168.151.109:45519, 0c122c34-51b6-48d8-aceb-004b9b387362:192.168.151.109:44391], old=null
2019-09-26 20:15:12,560 [pool-77-thread-1] INFO  impl.RaftServerImpl (RaftServerImpl.java:setRole(174)) - 0c122c34-51b6-48d8-aceb-004b9b387362@group-EA33E358620B: changes role from      null to FOLLOWER at term 0 for startAsFollower
2019-09-26 20:15:12,560 [pool-77-thread-1] INFO  impl.RoleInfo (RoleInfo.java:updateAndGet(143)) - 0c122c34-51b6-48d8-aceb-004b9b387362: start FollowerState
2019-09-26 20:15:12,561 [pool-77-thread-1] INFO  util.JmxRegister (JmxRegister.java:tryRegister(44)) - Successfully registered JMX Bean with object name Ratis:service=RaftServer,group=group-EA33E358620B,id=0c122c34-51b6-48d8-aceb-004b9b387362
2019-09-26 20:15:12,567 [pool-67-thread-1] INFO  impl.RaftServerImpl (RaftServerImpl.java:start(185)) - 3cc8baef-c687-471e-92fa-b0689bf72958@group-EA33E358620B: start as a follower, conf=-1: [3cc8baef-c687-471e-92fa-b0689bf72958:192.168.151.109:37821, 091d78c8-8aa5-4dc3-975f-4b808abe8813:192.168.151.109:45519, 0c122c34-51b6-48d8-aceb-004b9b387362:192.168.151.109:44391], old=null
2019-09-26 20:15:12,567 [pool-67-thread-1] INFO  impl.RaftServerImpl (RaftServerImpl.java:setRole(174)) - 3cc8baef-c687-471e-92fa-b0689bf72958@group-EA33E358620B: changes role from      null to FOLLOWER at term 0 for startAsFollower
2019-09-26 20:15:12,567 [pool-117-thread-1] INFO  impl.RaftServerImpl (RaftServerImpl.java:start(185)) - 091d78c8-8aa5-4dc3-975f-4b808abe8813@group-EA33E358620B: start as a follower, conf=-1: [3cc8baef-c687-471e-92fa-b0689bf72958:192.168.151.109:37821, 091d78c8-8aa5-4dc3-975f-4b808abe8813:192.168.151.109:45519, 0c122c34-51b6-48d8-aceb-004b9b387362:192.168.151.109:44391], old=null
2019-09-26 20:15:12,570 [pool-67-thread-1] INFO  impl.RoleInfo (RoleInfo.java:updateAndGet(143)) - 3cc8baef-c687-471e-92fa-b0689bf72958: start FollowerState
2019-09-26 20:15:12,570 [pool-117-thread-1] INFO  impl.RaftServerImpl (RaftServerImpl.java:setRole(174)) - 091d78c8-8aa5-4dc3-975f-4b808abe8813@group-EA33E358620B: changes role from      null to FOLLOWER at term 0 for startAsFollower
2019-09-26 20:15:12,575 [pool-117-thread-1] INFO  impl.RoleInfo (RoleInfo.java:updateAndGet(143)) - 091d78c8-8aa5-4dc3-975f-4b808abe8813: start FollowerState
2019-09-26 20:15:12,575 [pool-67-thread-1] INFO  util.JmxRegister (JmxRegister.java:tryRegister(44)) - Successfully registered JMX Bean with object name Ratis:service=RaftServer,group=group-EA33E358620B,id=3cc8baef-c687-471e-92fa-b0689bf72958
2019-09-26 20:15:12,578 [pool-117-thread-1] INFO  util.JmxRegister (JmxRegister.java:tryRegister(44)) - Successfully registered JMX Bean with object name Ratis:service=RaftServer,group=group-EA33E358620B,id=091d78c8-8aa5-4dc3-975f-4b808abe8813
2019-09-26 20:15:12,592 [RatisPipelineUtilsThread] INFO  pipeline.PipelineStateManager (PipelineStateManager.java:addPipeline(56)) - Created pipeline Pipeline[ Id: d233e74e-2863-41d9-b620-ea33e358620b, Nodes: 091d78c8-8aa5-4dc3-975f-4b808abe8813{ip: 192.168.151.109, host: pr-hdds-2162-kpcbn-4093309294, networkLocation: /default-rack, certSerialId: null}0c122c34-51b6-48d8-aceb-004b9b387362{ip: 192.168.151.109, host: pr-hdds-2162-kpcbn-4093309294, networkLocation: /default-rack, certSerialId: null}3cc8baef-c687-471e-92fa-b0689bf72958{ip: 192.168.151.109, host: pr-hdds-2162-kpcbn-4093309294, networkLocation: /default-rack, certSerialId: null}, Type:RATIS, Factor:THREE, State:OPEN]
2019-09-26 20:15:12,618 [grpc-default-executor-0] INFO  impl.RaftServerProxy (RaftServerProxy.java:addNew(89)) - 273431b0-2aea-4281-baeb-0b2797c336e5: addNew group-A46573F3A872:[d03460e2-731b-4fec-8083-99c6044121d1:192.168.151.109:33161, 273431b0-2aea-4281-baeb-0b2797c336e5:192.168.151.109:40537, 989db53d-fc3b-4bf0-a4bf-0b82aa6828ba:192.168.151.109:43493] returns group-A46573F3A872:java.util.concurrent.CompletableFuture@628a2263[Not completed]
2019-09-26 20:15:12,618 [grpc-default-executor-1] INFO  impl.RaftServerProxy (RaftServerProxy.java:addNew(89)) - d03460e2-731b-4fec-8083-99c6044121d1: addNew group-A46573F3A872:[d03460e2-731b-4fec-8083-99c6044121d1:192.168.151.109:33161, 273431b0-2aea-4281-baeb-0b2797c336e5:192.168.151.109:40537, 989db53d-fc3b-4bf0-a4bf-0b82aa6828ba:192.168.151.109:43493] returns group-A46573F3A872:java.util.concurrent.CompletableFuture@66e5c155[Not completed]
2019-09-26 20:15:12,622 [grpc-default-executor-0] INFO  impl.RaftServerProxy (RaftServerProxy.java:addNew(89)) - 989db53d-fc3b-4bf0-a4bf-0b82aa6828ba: addNew group-A46573F3A872:[d03460e2-731b-4fec-8083-99c6044121d1:192.168.151.109:33161, 273431b0-2aea-4281-baeb-0b2797c336e5:192.168.151.109:40537, 989db53d-fc3b-4bf0-a4bf-0b82aa6828ba:192.168.151.109:43493] returns group-A46573F3A872:java.util.concurrent.CompletableFuture@7a62bb08[Not completed]
2019-09-26 20:15:12,622 [pool-27-thread-1] INFO  impl.RaftServerImpl (RaftServerImpl.java:<init>(95)) - 273431b0-2aea-4281-baeb-0b2797c336e5: new RaftServerImpl for group-A46573F3A872:[d03460e2-731b-4fec-8083-99c6044121d1:192.168.151.109:33161, 273431b0-2aea-4281-baeb-0b2797c336e5:192.168.151.109:40537, 989db53d-fc3b-4bf0-a4bf-0b82aa6828ba:192.168.151.109:43493] with ContainerStateMachine:uninitialized
2019-09-26 20:15:12,623 [pool-27-thread-1] INFO  server.RaftServerConfigKeys (ConfUtils.java:logGet(43)) - raft.server.rpc.timeout.min = 5s (custom)
2019-09-26 20:15:12,623 [pool-27-thread-1] INFO  server.RaftServerConfigKeys (ConfUtils.java:logGet(43)) - raft.server.rpc.timeout.max = 5200ms (custom)
2019-09-26 20:15:12,623 [pool-27-thread-1] INFO  server.RaftServerConfigKeys (ConfUtils.java:logGet(43)) - raft.server.rpcslowness.timeout = 120s (custom)
2019-09-26 20:15:12,623 [pool-27-thread-1] INFO  server.RaftServerConfigKeys (ConfUtils.java:logGet(43)) - raft.server.sleep.deviation.threshold = 300 (default)
2019-09-26 20:15:12,623 [pool-57-thread-1] INFO  impl.RaftServerImpl (RaftServerImpl.java:<init>(95)) - 989db53d-fc3b-4bf0-a4bf-0b82aa6828ba: new RaftServerImpl for group-A46573F3A872:[d03460e2-731b-4fec-8083-99c6044121d1:192.168.151.109:33161, 273431b0-2aea-4281-baeb-0b2797c336e5:192.168.151.109:40537, 989db53d-fc3b-4bf0-a4bf-0b82aa6828ba:192.168.151.109:43493] with ContainerStateMachine:uninitialized
2019-09-26 20:15:12,623 [pool-27-thread-1] INFO  server.RaftServerConfigKeys (ConfUtils.java:logGet(43)) - raft.server.log.appender.install.snapshot.enabled = false (custom)
2019-09-26 20:15:12,623 [pool-57-thread-1] INFO  server.RaftServerConfigKeys (ConfUtils.java:logGet(43)) - raft.server.rpc.timeout.min = 5s (custom)
2019-09-26 20:15:12,623 [pool-27-thread-1] INFO  impl.RaftServerImpl (ServerState.java:<init>(103)) - 273431b0-2aea-4281-baeb-0b2797c336e5@group-A46573F3A872: ConfigurationManager, init=-1: [d03460e2-731b-4fec-8083-99c6044121d1:192.168.151.109:33161, 273431b0-2aea-4281-baeb-0b2797c336e5:192.168.151.109:40537, 989db53d-fc3b-4bf0-a4bf-0b82aa6828ba:192.168.151.109:43493], old=null, confs=<EMPTY_MAP>
2019-09-26 20:15:12,623 [pool-57-thread-1] INFO  server.RaftServerConfigKeys (ConfUtils.java:logGet(43)) - raft.server.rpc.timeout.max = 5200ms (custom)
2019-09-26 20:15:12,624 [pool-57-thread-1] INFO  server.RaftServerConfigKeys (ConfUtils.java:logGet(43)) - raft.server.rpcslowness.timeout = 120s (custom)
2019-09-26 20:15:12,624 [pool-27-thread-1] INFO  server.RaftServerConfigKeys (ConfUtils.java:logGet(43)) - raft.server.storage.dir = [/workdir/hadoop-ozone/integration-test/target/test-dir/MiniOzoneClusterImpl-b4cfdfda-c500-4180-9b02-0b7d7f1c7e35/datanode-0/data/ratis] (custom)
2019-09-26 20:15:12,624 [pool-57-thread-1] INFO  server.RaftServerConfigKeys (ConfUtils.java:logGet(43)) - raft.server.sleep.deviation.threshold = 300 (default)
2019-09-26 20:15:12,624 [pool-57-thread-1] INFO  server.RaftServerConfigKeys (ConfUtils.java:logGet(43)) - raft.server.log.appender.install.snapshot.enabled = false (custom)
2019-09-26 20:15:12,624 [pool-57-thread-1] INFO  impl.RaftServerImpl (ServerState.java:<init>(103)) - 989db53d-fc3b-4bf0-a4bf-0b82aa6828ba@group-A46573F3A872: ConfigurationManager, init=-1: [d03460e2-731b-4fec-8083-99c6044121d1:192.168.151.109:33161, 273431b0-2aea-4281-baeb-0b2797c336e5:192.168.151.109:40537, 989db53d-fc3b-4bf0-a4bf-0b82aa6828ba:192.168.151.109:43493], old=null, confs=<EMPTY_MAP>
2019-09-26 20:15:12,624 [pool-27-thread-1] INFO  storage.RaftStorageDirectory (RaftStorageDirectory.java:analyzeStorage(246)) - The storage directory /workdir/hadoop-ozone/integration-test/target/test-dir/MiniOzoneClusterImpl-b4cfdfda-c500-4180-9b02-0b7d7f1c7e35/datanode-0/data/ratis/70404b7e-ffc9-4064-bfbf-a46573f3a872 does not exist. Creating ...
2019-09-26 20:15:12,624 [pool-57-thread-1] INFO  server.RaftServerConfigKeys (ConfUtils.java:logGet(43)) - raft.server.storage.dir = [/workdir/hadoop-ozone/integration-test/target/test-dir/MiniOzoneClusterImpl-b4cfdfda-c500-4180-9b02-0b7d7f1c7e35/datanode-3/data/ratis] (custom)
2019-09-26 20:15:12,624 [pool-107-thread-1] INFO  impl.RaftServerImpl (RaftServerImpl.java:<init>(95)) - d03460e2-731b-4fec-8083-99c6044121d1: new RaftServerImpl for group-A46573F3A872:[d03460e2-731b-4fec-8083-99c6044121d1:192.168.151.109:33161, 273431b0-2aea-4281-baeb-0b2797c336e5:192.168.151.109:40537, 989db53d-fc3b-4bf0-a4bf-0b82aa6828ba:192.168.151.109:43493] with ContainerStateMachine:uninitialized
2019-09-26 20:15:12,624 [pool-57-thread-1] INFO  storage.RaftStorageDirectory (RaftStorageDirectory.java:analyzeStorage(246)) - The storage directory /workdir/hadoop-ozone/integration-test/target/test-dir/MiniOzoneClusterImpl-b4cfdfda-c500-4180-9b02-0b7d7f1c7e35/datanode-3/data/ratis/70404b7e-ffc9-4064-bfbf-a46573f3a872 does not exist. Creating ...
2019-09-26 20:15:12,624 [pool-107-thread-1] INFO  server.RaftServerConfigKeys (ConfUtils.java:logGet(43)) - raft.server.rpc.timeout.min = 5s (custom)
2019-09-26 20:15:12,625 [pool-107-thread-1] INFO  server.RaftServerConfigKeys (ConfUtils.java:logGet(43)) - raft.server.rpc.timeout.max = 5200ms (custom)
2019-09-26 20:15:12,625 [pool-107-thread-1] INFO  server.RaftServerConfigKeys (ConfUtils.java:logGet(43)) - raft.server.rpcslowness.timeout = 120s (custom)
2019-09-26 20:15:12,625 [pool-107-thread-1] INFO  server.RaftServerConfigKeys (ConfUtils.java:logGet(43)) - raft.server.sleep.deviation.threshold = 300 (default)
2019-09-26 20:15:12,625 [pool-107-thread-1] INFO  server.RaftServerConfigKeys (ConfUtils.java:logGet(43)) - raft.server.log.appender.install.snapshot.enabled = false (custom)
2019-09-26 20:15:12,625 [pool-107-thread-1] INFO  impl.RaftServerImpl (ServerState.java:<init>(103)) - d03460e2-731b-4fec-8083-99c6044121d1@group-A46573F3A872: ConfigurationManager, init=-1: [d03460e2-731b-4fec-8083-99c6044121d1:192.168.151.109:33161, 273431b0-2aea-4281-baeb-0b2797c336e5:192.168.151.109:40537, 989db53d-fc3b-4bf0-a4bf-0b82aa6828ba:192.168.151.109:43493], old=null, confs=<EMPTY_MAP>
2019-09-26 20:15:12,625 [pool-107-thread-1] INFO  server.RaftServerConfigKeys (ConfUtils.java:logGet(43)) - raft.server.storage.dir = [/workdir/hadoop-ozone/integration-test/target/test-dir/MiniOzoneClusterImpl-b4cfdfda-c500-4180-9b02-0b7d7f1c7e35/datanode-8/data/ratis] (custom)
2019-09-26 20:15:12,626 [pool-107-thread-1] INFO  storage.RaftStorageDirectory (RaftStorageDirectory.java:analyzeStorage(246)) - The storage directory /workdir/hadoop-ozone/integration-test/target/test-dir/MiniOzoneClusterImpl-b4cfdfda-c500-4180-9b02-0b7d7f1c7e35/datanode-8/data/ratis/70404b7e-ffc9-4064-bfbf-a46573f3a872 does not exist. Creating ...
2019-09-26 20:15:12,638 [pool-57-thread-1] INFO  storage.RaftStorageDirectory (RaftStorageDirectory.java:tryLock(328)) - Lock on /workdir/hadoop-ozone/integration-test/target/test-dir/MiniOzoneClusterImpl-b4cfdfda-c500-4180-9b02-0b7d7f1c7e35/datanode-3/data/ratis/70404b7e-ffc9-4064-bfbf-a46573f3a872/in_use.lock acquired by nodename 26190@pr-hdds-2162-kpcbn-4093309294
2019-09-26 20:15:12,638 [pool-107-thread-1] INFO  storage.RaftStorageDirectory (RaftStorageDirectory.java:tryLock(328)) - Lock on /workdir/hadoop-ozone/integration-test/target/test-dir/MiniOzoneClusterImpl-b4cfdfda-c500-4180-9b02-0b7d7f1c7e35/datanode-8/data/ratis/70404b7e-ffc9-4064-bfbf-a46573f3a872/in_use.lock acquired by nodename 26190@pr-hdds-2162-kpcbn-4093309294
2019-09-26 20:15:12,638 [pool-27-thread-1] INFO  storage.RaftStorageDirectory (RaftStorageDirectory.java:tryLock(328)) - Lock on /workdir/hadoop-ozone/integration-test/target/test-dir/MiniOzoneClusterImpl-b4cfdfda-c500-4180-9b02-0b7d7f1c7e35/datanode-0/data/ratis/70404b7e-ffc9-4064-bfbf-a46573f3a872/in_use.lock acquired by nodename 26190@pr-hdds-2162-kpcbn-4093309294
2019-09-26 20:15:12,652 [pool-27-thread-1] INFO  storage.RaftStorage (RaftStorage.java:format(72)) - Storage directory /workdir/hadoop-ozone/integration-test/target/test-dir/MiniOzoneClusterImpl-b4cfdfda-c500-4180-9b02-0b7d7f1c7e35/datanode-0/data/ratis/70404b7e-ffc9-4064-bfbf-a46573f3a872 has been successfully formatted.
2019-09-26 20:15:12,652 [pool-107-thread-1] INFO  storage.RaftStorage (RaftStorage.java:format(72)) - Storage directory /workdir/hadoop-ozone/integration-test/target/test-dir/MiniOzoneClusterImpl-b4cfdfda-c500-4180-9b02-0b7d7f1c7e35/datanode-8/data/ratis/70404b7e-ffc9-4064-bfbf-a46573f3a872 has been successfully formatted.
2019-09-26 20:15:12,652 [pool-57-thread-1] INFO  storage.RaftStorage (RaftStorage.java:format(72)) - Storage directory /workdir/hadoop-ozone/integration-test/target/test-dir/MiniOzoneClusterImpl-b4cfdfda-c500-4180-9b02-0b7d7f1c7e35/datanode-3/data/ratis/70404b7e-ffc9-4064-bfbf-a46573f3a872 has been successfully formatted.
2019-09-26 20:15:12,653 [pool-27-thread-1] INFO  ratis.ContainerStateMachine (ContainerStateMachine.java:loadSnapshot(230)) - group-A46573F3A872: The snapshot info is null. Setting the last applied indexto:(t:0, i:~)
2019-09-26 20:15:12,653 [pool-57-thread-1] INFO  ratis.ContainerStateMachine (ContainerStateMachine.java:loadSnapshot(230)) - group-A46573F3A872: The snapshot info is null. Setting the last applied indexto:(t:0, i:~)
2019-09-26 20:15:12,653 [pool-107-thread-1] INFO  ratis.ContainerStateMachine (ContainerStateMachine.java:loadSnapshot(230)) - group-A46573F3A872: The snapshot info is null. Setting the last applied indexto:(t:0, i:~)
2019-09-26 20:15:12,653 [pool-57-thread-1] INFO  server.RaftServerConfigKeys (ConfUtils.java:logGet(43)) - raft.server.notification.no-leader.timeout = 120s (custom)
2019-09-26 20:15:12,653 [pool-27-thread-1] INFO  server.RaftServerConfigKeys (ConfUtils.java:logGet(43)) - raft.server.notification.no-leader.timeout = 120s (custom)
2019-09-26 20:15:12,653 [pool-57-thread-1] INFO  server.RaftServerConfigKeys (ConfUtils.java:logGet(43)) - raft.server.log.use.memory = false (default)
2019-09-26 20:15:12,653 [pool-107-thread-1] INFO  server.RaftServerConfigKeys (ConfUtils.java:logGet(43)) - raft.server.notification.no-leader.timeout = 120s (custom)
2019-09-26 20:15:12,653 [pool-57-thread-1] INFO  server.RaftServerConfigKeys (ConfUtils.java:logGet(43)) - raft.server.log.purge.gap = 1000000 (custom)
2019-09-26 20:15:12,653 [pool-57-thread-1] INFO  server.RaftServerConfigKeys (ConfUtils.java:logGet(43)) - raft.server.log.appender.buffer.byte-limit = 33554432 (custom)
2019-09-26 20:15:12,653 [pool-27-thread-1] INFO  server.RaftServerConfigKeys (ConfUtils.java:logGet(43)) - raft.server.log.use.memory = false (default)
2019-09-26 20:15:12,653 [pool-57-thread-1] INFO  server.RaftServerConfigKeys (ConfUtils.java:logGet(43)) - raft.server.log.segment.size.max = 1048576 (custom)
2019-09-26 20:15:12,653 [pool-107-thread-1] INFO  server.RaftServerConfigKeys (ConfUtils.java:logGet(43)) - raft.server.log.use.memory = false (default)
2019-09-26 20:15:12,654 [pool-57-thread-1] INFO  server.RaftServerConfigKeys (ConfUtils.java:logGet(43)) - raft.server.log.segment.cache.num.max = 2 (custom)
2019-09-26 20:15:12,654 [pool-27-thread-1] INFO  server.RaftServerConfigKeys (ConfUtils.java:logGet(43)) - raft.server.log.purge.gap = 1000000 (custom)
2019-09-26 20:15:12,654 [pool-57-thread-1] INFO  segmented.SegmentedRaftLogWorker (SegmentedRaftLogWorker.java:<init>(172)) - new 989db53d-fc3b-4bf0-a4bf-0b82aa6828ba@group-A46573F3A872-SegmentedRaftLogWorker for RaftStorage:Storage Directory /workdir/hadoop-ozone/integration-test/target/test-dir/MiniOzoneClusterImpl-b4cfdfda-c500-4180-9b02-0b7d7f1c7e35/datanode-3/data/ratis/70404b7e-ffc9-4064-bfbf-a46573f3a872
2019-09-26 20:15:12,654 [pool-107-thread-1] INFO  server.RaftServerConfigKeys (ConfUtils.java:logGet(43)) - raft.server.log.purge.gap = 1000000 (custom)
2019-09-26 20:15:12,654 [pool-57-thread-1] INFO  server.RaftServerConfigKeys (ConfUtils.java:logGet(43)) - raft.server.log.queue.byte-limit = 2147483647 (custom)
2019-09-26 20:15:12,654 [pool-57-thread-1] INFO  server.RaftServerConfigKeys (ConfUtils.java:logGet(43)) - raft.server.log.queue.element-limit = 1024 (custom)
2019-09-26 20:15:12,654 [pool-27-thread-1] INFO  server.RaftServerConfigKeys (ConfUtils.java:logGet(43)) - raft.server.log.appender.buffer.byte-limit = 33554432 (custom)
2019-09-26 20:15:12,654 [pool-57-thread-1] INFO  server.RaftServerConfigKeys (ConfUtils.java:logGet(43)) - raft.server.log.segment.size.max = 1048576 (custom)
2019-09-26 20:15:12,654 [pool-107-thread-1] INFO  server.RaftServerConfigKeys (ConfUtils.java:logGet(43)) - raft.server.log.appender.buffer.byte-limit = 33554432 (custom)
2019-09-26 20:15:12,654 [pool-57-thread-1] INFO  server.RaftServerConfigKeys (ConfUtils.java:logGet(43)) - raft.server.log.preallocated.size = 16384 (custom)
2019-09-26 20:15:12,654 [pool-27-thread-1] INFO  server.RaftServerConfigKeys (ConfUtils.java:logGet(43)) - raft.server.log.segment.size.max = 1048576 (custom)
2019-09-26 20:15:12,655 [pool-57-thread-1] INFO  server.RaftServerConfigKeys (ConfUtils.java:logGet(43)) - raft.server.log.write.buffer.size = 33554432 (custom)
2019-09-26 20:15:12,655 [pool-107-thread-1] INFO  server.RaftServerConfigKeys (ConfUtils.java:logGet(43)) - raft.server.log.segment.size.max = 1048576 (custom)
2019-09-26 20:15:12,655 [pool-57-thread-1] INFO  server.RaftServerConfigKeys (ConfUtils.java:logGet(43)) - raft.server.log.force.sync.num = 128 (default)
2019-09-26 20:15:12,655 [pool-27-thread-1] INFO  server.RaftServerConfigKeys (ConfUtils.java:logGet(43)) - raft.server.log.segment.cache.num.max = 2 (custom)
2019-09-26 20:15:12,655 [pool-57-thread-1] INFO  server.RaftServerConfigKeys (ConfUtils.java:logGet(43)) - raft.server.log.statemachine.data.sync = true (default)
2019-09-26 20:15:12,655 [pool-107-thread-1] INFO  server.RaftServerConfigKeys (ConfUtils.java:logGet(43)) - raft.server.log.segment.cache.num.max = 2 (custom)
2019-09-26 20:15:12,655 [pool-57-thread-1] INFO  server.RaftServerConfigKeys (ConfUtils.java:logGet(43)) - raft.server.log.statemachine.data.sync.timeout = 10s (default)
2019-09-26 20:15:12,655 [pool-27-thread-1] INFO  segmented.SegmentedRaftLogWorker (SegmentedRaftLogWorker.java:<init>(172)) - new 273431b0-2aea-4281-baeb-0b2797c336e5@group-A46573F3A872-SegmentedRaftLogWorker for RaftStorage:Storage Directory /workdir/hadoop-ozone/integration-test/target/test-dir/MiniOzoneClusterImpl-b4cfdfda-c500-4180-9b02-0b7d7f1c7e35/datanode-0/data/ratis/70404b7e-ffc9-4064-bfbf-a46573f3a872
2019-09-26 20:15:12,656 [pool-57-thread-1] INFO  server.RaftServerConfigKeys (ConfUtils.java:logGet(43)) - raft.server.log.statemachine.data.sync.timeout.retry = -1 (default)
2019-09-26 20:15:12,655 [pool-107-thread-1] INFO  segmented.SegmentedRaftLogWorker (SegmentedRaftLogWorker.java:<init>(172)) - new d03460e2-731b-4fec-8083-99c6044121d1@group-A46573F3A872-SegmentedRaftLogWorker for RaftStorage:Storage Directory /workdir/hadoop-ozone/integration-test/target/test-dir/MiniOzoneClusterImpl-b4cfdfda-c500-4180-9b02-0b7d7f1c7e35/datanode-8/data/ratis/70404b7e-ffc9-4064-bfbf-a46573f3a872
2019-09-26 20:15:12,656 [pool-27-thread-1] INFO  server.RaftServerConfigKeys (ConfUtils.java:logGet(43)) - raft.server.log.queue.byte-limit = 2147483647 (custom)
2019-09-26 20:15:12,656 [pool-107-thread-1] INFO  server.RaftServerConfigKeys (ConfUtils.java:logGet(43)) - raft.server.log.queue.byte-limit = 2147483647 (custom)
2019-09-26 20:15:12,656 [pool-57-thread-1] INFO  server.RaftServerConfigKeys (ConfUtils.java:logGet(43)) - raft.server.log.statemachine.data.caching.enabled = true (custom)
2019-09-26 20:15:12,656 [pool-107-thread-1] INFO  server.RaftServerConfigKeys (ConfUtils.java:logGet(43)) - raft.server.log.queue.element-limit = 1024 (custom)
2019-09-26 20:15:12,656 [pool-27-thread-1] INFO  server.RaftServerConfigKeys (ConfUtils.java:logGet(43)) - raft.server.log.queue.element-limit = 1024 (custom)
2019-09-26 20:15:12,656 [pool-57-thread-1] INFO  segmented.SegmentedRaftLogWorker (SegmentedRaftLogWorker.java:lambda$new$0(132)) - 989db53d-fc3b-4bf0-a4bf-0b82aa6828ba@group-A46573F3A872-SegmentedRaftLogWorker: flushIndex: setUnconditionally 0 -> -1
2019-09-26 20:15:12,656 [pool-107-thread-1] INFO  server.RaftServerConfigKeys (ConfUtils.java:logGet(43)) - raft.server.log.segment.size.max = 1048576 (custom)
2019-09-26 20:15:12,656 [pool-27-thread-1] INFO  server.RaftServerConfigKeys (ConfUtils.java:logGet(43)) - raft.server.log.segment.size.max = 1048576 (custom)
2019-09-26 20:15:12,657 [pool-57-thread-1] INFO  server.RaftServerConfigKeys (ConfUtils.java:logGet(43)) - raft.server.snapshot.auto.trigger.enabled = true (custom)
2019-09-26 20:15:12,657 [pool-107-thread-1] INFO  server.RaftServerConfigKeys (ConfUtils.java:logGet(43)) - raft.server.log.preallocated.size = 16384 (custom)
2019-09-26 20:15:12,657 [pool-57-thread-1] INFO  server.RaftServerConfigKeys (ConfUtils.java:logGet(43)) - raft.server.snapshot.auto.trigger.threshold = 10000 (custom)
2019-09-26 20:15:12,657 [pool-27-thread-1] INFO  server.RaftServerConfigKeys (ConfUtils.java:logGet(43)) - raft.server.log.preallocated.size = 16384 (custom)
2019-09-26 20:15:12,657 [pool-57-thread-1] INFO  server.RaftServerConfigKeys (ConfUtils.java:logGet(43)) - raft.server.snapshot.retention.num.files = 5 (custom)
2019-09-26 20:15:12,657 [pool-107-thread-1] INFO  server.RaftServerConfigKeys (ConfUtils.java:logGet(43)) - raft.server.log.write.buffer.size = 33554432 (custom)
2019-09-26 20:15:12,657 [pool-57-thread-1] INFO  server.RaftServerConfigKeys (ConfUtils.java:logGet(43)) - raft.server.retrycache.expirytime = 600000ms (custom)
2019-09-26 20:15:12,657 [pool-27-thread-1] INFO  server.RaftServerConfigKeys (ConfUtils.java:logGet(43)) - raft.server.log.write.buffer.size = 33554432 (custom)
2019-09-26 20:15:12,657 [pool-107-thread-1] INFO  server.RaftServerConfigKeys (ConfUtils.java:logGet(43)) - raft.server.log.force.sync.num = 128 (default)
2019-09-26 20:15:12,657 [pool-27-thread-1] INFO  server.RaftServerConfigKeys (ConfUtils.java:logGet(43)) - raft.server.log.force.sync.num = 128 (default)
2019-09-26 20:15:12,657 [pool-107-thread-1] INFO  server.RaftServerConfigKeys (ConfUtils.java:logGet(43)) - raft.server.log.statemachine.data.sync = true (default)
2019-09-26 20:15:12,658 [pool-27-thread-1] INFO  server.RaftServerConfigKeys (ConfUtils.java:logGet(43)) - raft.server.log.statemachine.data.sync = true (default)
2019-09-26 20:15:12,658 [pool-107-thread-1] INFO  server.RaftServerConfigKeys (ConfUtils.java:logGet(43)) - raft.server.log.statemachine.data.sync.timeout = 10s (default)
2019-09-26 20:15:12,658 [pool-27-thread-1] INFO  server.RaftServerConfigKeys (ConfUtils.java:logGet(43)) - raft.server.log.statemachine.data.sync.timeout = 10s (default)
2019-09-26 20:15:12,658 [pool-107-thread-1] INFO  server.RaftServerConfigKeys (ConfUtils.java:logGet(43)) - raft.server.log.statemachine.data.sync.timeout.retry = -1 (default)
2019-09-26 20:15:12,658 [pool-27-thread-1] INFO  server.RaftServerConfigKeys (ConfUtils.java:logGet(43)) - raft.server.log.statemachine.data.sync.timeout.retry = -1 (default)
2019-09-26 20:15:12,658 [pool-107-thread-1] INFO  server.RaftServerConfigKeys (ConfUtils.java:logGet(43)) - raft.server.log.statemachine.data.caching.enabled = true (custom)
2019-09-26 20:15:12,658 [pool-27-thread-1] INFO  server.RaftServerConfigKeys (ConfUtils.java:logGet(43)) - raft.server.log.statemachine.data.caching.enabled = true (custom)
2019-09-26 20:15:12,658 [pool-107-thread-1] INFO  segmented.SegmentedRaftLogWorker (SegmentedRaftLogWorker.java:lambda$new$0(132)) - d03460e2-731b-4fec-8083-99c6044121d1@group-A46573F3A872-SegmentedRaftLogWorker: flushIndex: setUnconditionally 0 -> -1
2019-09-26 20:15:12,658 [pool-27-thread-1] INFO  segmented.SegmentedRaftLogWorker (SegmentedRaftLogWorker.java:lambda$new$0(132)) - 273431b0-2aea-4281-baeb-0b2797c336e5@group-A46573F3A872-SegmentedRaftLogWorker: flushIndex: setUnconditionally 0 -> -1
2019-09-26 20:15:12,659 [pool-107-thread-1] INFO  server.RaftServerConfigKeys (ConfUtils.java:logGet(43)) - raft.server.snapshot.auto.trigger.enabled = true (custom)
2019-09-26 20:15:12,659 [pool-27-thread-1] INFO  server.RaftServerConfigKeys (ConfUtils.java:logGet(43)) - raft.server.snapshot.auto.trigger.enabled = true (custom)
2019-09-26 20:15:12,659 [pool-107-thread-1] INFO  server.RaftServerConfigKeys (ConfUtils.java:logGet(43)) - raft.server.snapshot.auto.trigger.threshold = 10000 (custom)
2019-09-26 20:15:12,659 [pool-27-thread-1] INFO  server.RaftServerConfigKeys (ConfUtils.java:logGet(43)) - raft.server.snapshot.auto.trigger.threshold = 10000 (custom)
2019-09-26 20:15:12,659 [pool-107-thread-1] INFO  server.RaftServerConfigKeys (ConfUtils.java:logGet(43)) - raft.server.snapshot.retention.num.files = 5 (custom)
2019-09-26 20:15:12,659 [pool-57-thread-1] INFO  impl.RaftServerImpl (RaftServerImpl.java:start(185)) - 989db53d-fc3b-4bf0-a4bf-0b82aa6828ba@group-A46573F3A872: start as a follower, conf=-1: [d03460e2-731b-4fec-8083-99c6044121d1:192.168.151.109:33161, 273431b0-2aea-4281-baeb-0b2797c336e5:192.168.151.109:40537, 989db53d-fc3b-4bf0-a4bf-0b82aa6828ba:192.168.151.109:43493], old=null
2019-09-26 20:15:12,659 [pool-27-thread-1] INFO  server.RaftServerConfigKeys (ConfUtils.java:logGet(43)) - raft.server.snapshot.retention.num.files = 5 (custom)
2019-09-26 20:15:12,659 [pool-57-thread-1] INFO  impl.RaftServerImpl (RaftServerImpl.java:setRole(174)) - 989db53d-fc3b-4bf0-a4bf-0b82aa6828ba@group-A46573F3A872: changes role from      null to FOLLOWER at term 0 for startAsFollower
2019-09-26 20:15:12,659 [pool-107-thread-1] INFO  server.RaftServerConfigKeys (ConfUtils.java:logGet(43)) - raft.server.retrycache.expirytime = 600000ms (custom)
2019-09-26 20:15:12,659 [pool-57-thread-1] INFO  impl.RoleInfo (RoleInfo.java:updateAndGet(143)) - 989db53d-fc3b-4bf0-a4bf-0b82aa6828ba: start FollowerState
2019-09-26 20:15:12,659 [pool-27-thread-1] INFO  server.RaftServerConfigKeys (ConfUtils.java:logGet(43)) - raft.server.retrycache.expirytime = 600000ms (custom)
2019-09-26 20:15:12,660 [pool-57-thread-1] INFO  util.JmxRegister (JmxRegister.java:tryRegister(44)) - Successfully registered JMX Bean with object name Ratis:service=RaftServer,group=group-A46573F3A872,id=989db53d-fc3b-4bf0-a4bf-0b82aa6828ba
2019-09-26 20:15:12,661 [pool-107-thread-1] INFO  impl.RaftServerImpl (RaftServerImpl.java:start(185)) - d03460e2-731b-4fec-8083-99c6044121d1@group-A46573F3A872: start as a follower, conf=-1: [d03460e2-731b-4fec-8083-99c6044121d1:192.168.151.109:33161, 273431b0-2aea-4281-baeb-0b2797c336e5:192.168.151.109:40537, 989db53d-fc3b-4bf0-a4bf-0b82aa6828ba:192.168.151.109:43493], old=null
2019-09-26 20:15:12,661 [pool-107-thread-1] INFO  impl.RaftServerImpl (RaftServerImpl.java:setRole(174)) - d03460e2-731b-4fec-8083-99c6044121d1@group-A46573F3A872: changes role from      null to FOLLOWER at term 0 for startAsFollower
2019-09-26 20:15:12,675 [pool-27-thread-1] INFO  impl.RaftServerImpl (RaftServerImpl.java:start(185)) - 273431b0-2aea-4281-baeb-0b2797c336e5@group-A46573F3A872: start as a follower, conf=-1: [d03460e2-731b-4fec-8083-99c6044121d1:192.168.151.109:33161, 273431b0-2aea-4281-baeb-0b2797c336e5:192.168.151.109:40537, 989db53d-fc3b-4bf0-a4bf-0b82aa6828ba:192.168.151.109:43493], old=null
2019-09-26 20:15:12,675 [pool-107-thread-1] INFO  impl.RoleInfo (RoleInfo.java:updateAndGet(143)) - d03460e2-731b-4fec-8083-99c6044121d1: start FollowerState
2019-09-26 20:15:12,675 [pool-27-thread-1] INFO  impl.RaftServerImpl (RaftServerImpl.java:setRole(174)) - 273431b0-2aea-4281-baeb-0b2797c336e5@group-A46573F3A872: changes role from      null to FOLLOWER at term 0 for startAsFollower
2019-09-26 20:15:12,676 [pool-27-thread-1] INFO  impl.RoleInfo (RoleInfo.java:updateAndGet(143)) - 273431b0-2aea-4281-baeb-0b2797c336e5: start FollowerState
2019-09-26 20:15:12,676 [pool-107-thread-1] INFO  util.JmxRegister (JmxRegister.java:tryRegister(44)) - Successfully registered JMX Bean with object name Ratis:service=RaftServer,group=group-A46573F3A872,id=d03460e2-731b-4fec-8083-99c6044121d1
2019-09-26 20:15:12,678 [pool-27-thread-1] INFO  util.JmxRegister (JmxRegister.java:tryRegister(44)) - Successfully registered JMX Bean with object name Ratis:service=RaftServer,group=group-A46573F3A872,id=273431b0-2aea-4281-baeb-0b2797c336e5
2019-09-26 20:15:12,684 [RatisPipelineUtilsThread] INFO  pipeline.PipelineStateManager (PipelineStateManager.java:addPipeline(56)) - Created pipeline Pipeline[ Id: 70404b7e-ffc9-4064-bfbf-a46573f3a872, Nodes: 989db53d-fc3b-4bf0-a4bf-0b82aa6828ba{ip: 192.168.151.109, host: pr-hdds-2162-kpcbn-4093309294, networkLocation: /default-rack, certSerialId: null}d03460e2-731b-4fec-8083-99c6044121d1{ip: 192.168.151.109, host: pr-hdds-2162-kpcbn-4093309294, networkLocation: /default-rack, certSerialId: null}273431b0-2aea-4281-baeb-0b2797c336e5{ip: 192.168.151.109, host: pr-hdds-2162-kpcbn-4093309294, networkLocation: /default-rack, certSerialId: null}, Type:RATIS, Factor:THREE, State:OPEN]
2019-09-26 20:15:12,702 [grpc-default-executor-1] INFO  impl.RaftServerProxy (RaftServerProxy.java:addNew(89)) - 1da6c6b2-4783-4731-8f15-62229f4dfdb4: addNew group-3E66980DBE97:[f78f22b6-c87a-4579-a1c5-2b9c4d89f592:192.168.151.109:37490, 1da6c6b2-4783-4731-8f15-62229f4dfdb4:192.168.151.109:42892, 0955c41b-5120-474c-be8a-331162b53db7:192.168.151.109:36383] returns group-3E66980DBE97:java.util.concurrent.CompletableFuture@57c9257c[Not completed]
2019-09-26 20:15:12,705 [grpc-default-executor-1] INFO  impl.RaftServerProxy (RaftServerProxy.java:addNew(89)) - 0955c41b-5120-474c-be8a-331162b53db7: addNew group-3E66980DBE97:[f78f22b6-c87a-4579-a1c5-2b9c4d89f592:192.168.151.109:37490, 1da6c6b2-4783-4731-8f15-62229f4dfdb4:192.168.151.109:42892, 0955c41b-5120-474c-be8a-331162b53db7:192.168.151.109:36383] returns group-3E66980DBE97:java.util.concurrent.CompletableFuture@4e6da1eb[Not completed]
2019-09-26 20:15:12,707 [pool-97-thread-1] INFO  impl.RaftServerImpl (RaftServerImpl.java:<init>(95)) - 1da6c6b2-4783-4731-8f15-62229f4dfdb4: new RaftServerImpl for group-3E66980DBE97:[f78f22b6-c87a-4579-a1c5-2b9c4d89f592:192.168.151.109:37490, 1da6c6b2-4783-4731-8f15-62229f4dfdb4:192.168.151.109:42892, 0955c41b-5120-474c-be8a-331162b53db7:192.168.151.109:36383] with ContainerStateMachine:uninitialized
2019-09-26 20:15:12,708 [pool-97-thread-1] INFO  server.RaftServerConfigKeys (ConfUtils.java:logGet(43)) - raft.server.rpc.timeout.min = 5s (custom)
2019-09-26 20:15:12,709 [pool-97-thread-1] INFO  server.RaftServerConfigKeys (ConfUtils.java:logGet(43)) - raft.server.rpc.timeout.max = 5200ms (custom)
2019-09-26 20:15:12,709 [pool-97-thread-1] INFO  server.RaftServerConfigKeys (ConfUtils.java:logGet(43)) - raft.server.rpcslowness.timeout = 120s (custom)
2019-09-26 20:15:12,709 [grpc-default-executor-1] INFO  impl.RaftServerProxy (RaftServerProxy.java:addNew(89)) - f78f22b6-c87a-4579-a1c5-2b9c4d89f592: addNew group-3E66980DBE97:[f78f22b6-c87a-4579-a1c5-2b9c4d89f592:192.168.151.109:37490, 1da6c6b2-4783-4731-8f15-62229f4dfdb4:192.168.151.109:42892, 0955c41b-5120-474c-be8a-331162b53db7:192.168.151.109:36383] returns group-3E66980DBE97:java.util.concurrent.CompletableFuture@6ca3e1a[Not completed]
2019-09-26 20:15:12,709 [pool-97-thread-1] INFO  server.RaftServerConfigKeys (ConfUtils.java:logGet(43)) - raft.server.sleep.deviation.threshold = 300 (default)
2019-09-26 20:15:12,709 [pool-97-thread-1] INFO  server.RaftServerConfigKeys (ConfUtils.java:logGet(43)) - raft.server.log.appender.install.snapshot.enabled = false (custom)
2019-09-26 20:15:12,709 [pool-97-thread-1] INFO  impl.RaftServerImpl (ServerState.java:<init>(103)) - 1da6c6b2-4783-4731-8f15-62229f4dfdb4@group-3E66980DBE97: ConfigurationManager, init=-1: [f78f22b6-c87a-4579-a1c5-2b9c4d89f592:192.168.151.109:37490, 1da6c6b2-4783-4731-8f15-62229f4dfdb4:192.168.151.109:42892, 0955c41b-5120-474c-be8a-331162b53db7:192.168.151.109:36383], old=null, confs=<EMPTY_MAP>
2019-09-26 20:15:12,709 [pool-37-thread-1] INFO  impl.RaftServerImpl (RaftServerImpl.java:<init>(95)) - 0955c41b-5120-474c-be8a-331162b53db7: new RaftServerImpl for group-3E66980DBE97:[f78f22b6-c87a-4579-a1c5-2b9c4d89f592:192.168.151.109:37490, 1da6c6b2-4783-4731-8f15-62229f4dfdb4:192.168.151.109:42892, 0955c41b-5120-474c-be8a-331162b53db7:192.168.151.109:36383] with ContainerStateMachine:uninitialized
2019-09-26 20:15:12,709 [pool-97-thread-1] INFO  server.RaftServerConfigKeys (ConfUtils.java:logGet(43)) - raft.server.storage.dir = [/workdir/hadoop-ozone/integration-test/target/test-dir/MiniOzoneClusterImpl-b4cfdfda-c500-4180-9b02-0b7d7f1c7e35/datanode-7/data/ratis] (custom)
2019-09-26 20:15:12,710 [pool-37-thread-1] INFO  server.RaftServerConfigKeys (ConfUtils.java:logGet(43)) - raft.server.rpc.timeout.min = 5s (custom)
2019-09-26 20:15:12,710 [pool-37-thread-1] INFO  server.RaftServerConfigKeys (ConfUtils.java:logGet(43)) - raft.server.rpc.timeout.max = 5200ms (custom)
2019-09-26 20:15:12,710 [pool-47-thread-1] INFO  impl.RaftServerImpl (RaftServerImpl.java:<init>(95)) - f78f22b6-c87a-4579-a1c5-2b9c4d89f592: new RaftServerImpl for group-3E66980DBE97:[f78f22b6-c87a-4579-a1c5-2b9c4d89f592:192.168.151.109:37490, 1da6c6b2-4783-4731-8f15-62229f4dfdb4:192.168.151.109:42892, 0955c41b-5120-474c-be8a-331162b53db7:192.168.151.109:36383] with ContainerStateMachine:uninitialized
2019-09-26 20:15:12,710 [pool-97-thread-1] INFO  storage.RaftStorageDirectory (RaftStorageDirectory.java:analyzeStorage(246)) - The storage directory /workdir/hadoop-ozone/integration-test/target/test-dir/MiniOzoneClusterImpl-b4cfdfda-c500-4180-9b02-0b7d7f1c7e35/datanode-7/data/ratis/37141233-6f33-4798-b794-3e66980dbe97 does not exist. Creating ...
2019-09-26 20:15:12,710 [pool-47-thread-1] INFO  server.RaftServerConfigKeys (ConfUtils.java:logGet(43)) - raft.server.rpc.timeout.min = 5s (custom)
2019-09-26 20:15:12,710 [pool-37-thread-1] INFO  server.RaftServerConfigKeys (ConfUtils.java:logGet(43)) - raft.server.rpcslowness.timeout = 120s (custom)
2019-09-26 20:15:12,710 [pool-47-thread-1] INFO  server.RaftServerConfigKeys (ConfUtils.java:logGet(43)) - raft.server.rpc.timeout.max = 5200ms (custom)
2019-09-26 20:15:12,710 [pool-37-thread-1] INFO  server.RaftServerConfigKeys (ConfUtils.java:logGet(43)) - raft.server.sleep.deviation.threshold = 300 (default)
2019-09-26 20:15:12,710 [pool-47-thread-1] INFO  server.RaftServerConfigKeys (ConfUtils.java:logGet(43)) - raft.server.rpcslowness.timeout = 120s (custom)
2019-09-26 20:15:12,711 [pool-37-thread-1] INFO  server.RaftServerConfigKeys (ConfUtils.java:logGet(43)) - raft.server.log.appender.install.snapshot.enabled = false (custom)
2019-09-26 20:15:12,711 [pool-47-thread-1] INFO  server.RaftServerConfigKeys (ConfUtils.java:logGet(43)) - raft.server.sleep.deviation.threshold = 300 (default)
2019-09-26 20:15:12,711 [pool-37-thread-1] INFO  impl.RaftServerImpl (ServerState.java:<init>(103)) - 0955c41b-5120-474c-be8a-331162b53db7@group-3E66980DBE97: ConfigurationManager, init=-1: [f78f22b6-c87a-4579-a1c5-2b9c4d89f592:192.168.151.109:37490, 1da6c6b2-4783-4731-8f15-62229f4dfdb4:192.168.151.109:42892, 0955c41b-5120-474c-be8a-331162b53db7:192.168.151.109:36383], old=null, confs=<EMPTY_MAP>
2019-09-26 20:15:12,711 [pool-47-thread-1] INFO  server.RaftServerConfigKeys (ConfUtils.java:logGet(43)) - raft.server.log.appender.install.snapshot.enabled = false (custom)
2019-09-26 20:15:12,711 [pool-47-thread-1] INFO  impl.RaftServerImpl (ServerState.java:<init>(103)) - f78f22b6-c87a-4579-a1c5-2b9c4d89f592@group-3E66980DBE97: ConfigurationManager, init=-1: [f78f22b6-c87a-4579-a1c5-2b9c4d89f592:192.168.151.109:37490, 1da6c6b2-4783-4731-8f15-62229f4dfdb4:192.168.151.109:42892, 0955c41b-5120-474c-be8a-331162b53db7:192.168.151.109:36383], old=null, confs=<EMPTY_MAP>
2019-09-26 20:15:12,711 [pool-37-thread-1] INFO  server.RaftServerConfigKeys (ConfUtils.java:logGet(43)) - raft.server.storage.dir = [/workdir/hadoop-ozone/integration-test/target/test-dir/MiniOzoneClusterImpl-b4cfdfda-c500-4180-9b02-0b7d7f1c7e35/datanode-1/data/ratis] (custom)
2019-09-26 20:15:12,711 [pool-47-thread-1] INFO  server.RaftServerConfigKeys (ConfUtils.java:logGet(43)) - raft.server.storage.dir = [/workdir/hadoop-ozone/integration-test/target/test-dir/MiniOzoneClusterImpl-b4cfdfda-c500-4180-9b02-0b7d7f1c7e35/datanode-2/data/ratis] (custom)
2019-09-26 20:15:12,712 [pool-37-thread-1] INFO  storage.RaftStorageDirectory (RaftStorageDirectory.java:analyzeStorage(246)) - The storage directory /workdir/hadoop-ozone/integration-test/target/test-dir/MiniOzoneClusterImpl-b4cfdfda-c500-4180-9b02-0b7d7f1c7e35/datanode-1/data/ratis/37141233-6f33-4798-b794-3e66980dbe97 does not exist. Creating ...
2019-09-26 20:15:12,712 [pool-47-thread-1] INFO  storage.RaftStorageDirectory (RaftStorageDirectory.java:analyzeStorage(246)) - The storage directory /workdir/hadoop-ozone/integration-test/target/test-dir/MiniOzoneClusterImpl-b4cfdfda-c500-4180-9b02-0b7d7f1c7e35/datanode-2/data/ratis/37141233-6f33-4798-b794-3e66980dbe97 does not exist. Creating ...
2019-09-26 20:15:12,725 [pool-47-thread-1] INFO  storage.RaftStorageDirectory (RaftStorageDirectory.java:tryLock(328)) - Lock on /workdir/hadoop-ozone/integration-test/target/test-dir/MiniOzoneClusterImpl-b4cfdfda-c500-4180-9b02-0b7d7f1c7e35/datanode-2/data/ratis/37141233-6f33-4798-b794-3e66980dbe97/in_use.lock acquired by nodename 26190@pr-hdds-2162-kpcbn-4093309294
2019-09-26 20:15:12,725 [pool-37-thread-1] INFO  storage.RaftStorageDirectory (RaftStorageDirectory.java:tryLock(328)) - Lock on /workdir/hadoop-ozone/integration-test/target/test-dir/MiniOzoneClusterImpl-b4cfdfda-c500-4180-9b02-0b7d7f1c7e35/datanode-1/data/ratis/37141233-6f33-4798-b794-3e66980dbe97/in_use.lock acquired by nodename 26190@pr-hdds-2162-kpcbn-4093309294
2019-09-26 20:15:12,725 [pool-97-thread-1] INFO  storage.RaftStorageDirectory (RaftStorageDirectory.java:tryLock(328)) - Lock on /workdir/hadoop-ozone/integration-test/target/test-dir/MiniOzoneClusterImpl-b4cfdfda-c500-4180-9b02-0b7d7f1c7e35/datanode-7/data/ratis/37141233-6f33-4798-b794-3e66980dbe97/in_use.lock acquired by nodename 26190@pr-hdds-2162-kpcbn-4093309294
2019-09-26 20:15:12,739 [pool-97-thread-1] INFO  storage.RaftStorage (RaftStorage.java:format(72)) - Storage directory /workdir/hadoop-ozone/integration-test/target/test-dir/MiniOzoneClusterImpl-b4cfdfda-c500-4180-9b02-0b7d7f1c7e35/datanode-7/data/ratis/37141233-6f33-4798-b794-3e66980dbe97 has been successfully formatted.
2019-09-26 20:15:12,739 [pool-47-thread-1] INFO  storage.RaftStorage (RaftStorage.java:format(72)) - Storage directory /workdir/hadoop-ozone/integration-test/target/test-dir/MiniOzoneClusterImpl-b4cfdfda-c500-4180-9b02-0b7d7f1c7e35/datanode-2/data/ratis/37141233-6f33-4798-b794-3e66980dbe97 has been successfully formatted.
2019-09-26 20:15:12,739 [pool-37-thread-1] INFO  storage.RaftStorage (RaftStorage.java:format(72)) - Storage directory /workdir/hadoop-ozone/integration-test/target/test-dir/MiniOzoneClusterImpl-b4cfdfda-c500-4180-9b02-0b7d7f1c7e35/datanode-1/data/ratis/37141233-6f33-4798-b794-3e66980dbe97 has been successfully formatted.
2019-09-26 20:15:12,739 [pool-47-thread-1] INFO  ratis.ContainerStateMachine (ContainerStateMachine.java:loadSnapshot(230)) - group-3E66980DBE97: The snapshot info is null. Setting the last applied indexto:(t:0, i:~)
2019-09-26 20:15:12,739 [pool-97-thread-1] INFO  ratis.ContainerStateMachine (ContainerStateMachine.java:loadSnapshot(230)) - group-3E66980DBE97: The snapshot info is null. Setting the last applied indexto:(t:0, i:~)
2019-09-26 20:15:12,739 [pool-37-thread-1] INFO  ratis.ContainerStateMachine (ContainerStateMachine.java:loadSnapshot(230)) - group-3E66980DBE97: The snapshot info is null. Setting the last applied indexto:(t:0, i:~)
2019-09-26 20:15:12,739 [pool-47-thread-1] INFO  server.RaftServerConfigKeys (ConfUtils.java:logGet(43)) - raft.server.notification.no-leader.timeout = 120s (custom)
2019-09-26 20:15:12,740 [pool-37-thread-1] INFO  server.RaftServerConfigKeys (ConfUtils.java:logGet(43)) - raft.server.notification.no-leader.timeout = 120s (custom)
2019-09-26 20:15:12,740 [pool-97-thread-1] INFO  server.RaftServerConfigKeys (ConfUtils.java:logGet(43)) - raft.server.notification.no-leader.timeout = 120s (custom)
2019-09-26 20:15:12,740 [pool-37-thread-1] INFO  server.RaftServerConfigKeys (ConfUtils.java:logGet(43)) - raft.server.log.use.memory = false (default)
2019-09-26 20:15:12,740 [pool-47-thread-1] INFO  server.RaftServerConfigKeys (ConfUtils.java:logGet(43)) - raft.server.log.use.memory = false (default)
2019-09-26 20:15:12,740 [pool-37-thread-1] INFO  server.RaftServerConfigKeys (ConfUtils.java:logGet(43)) - raft.server.log.purge.gap = 1000000 (custom)
2019-09-26 20:15:12,740 [pool-97-thread-1] INFO  server.RaftServerConfigKeys (ConfUtils.java:logGet(43)) - raft.server.log.use.memory = false (default)
2019-09-26 20:15:12,741 [pool-37-thread-1] INFO  server.RaftServerConfigKeys (ConfUtils.java:logGet(43)) - raft.server.log.appender.buffer.byte-limit = 33554432 (custom)
2019-09-26 20:15:12,740 [pool-47-thread-1] INFO  server.RaftServerConfigKeys (ConfUtils.java:logGet(43)) - raft.server.log.purge.gap = 1000000 (custom)
2019-09-26 20:15:12,741 [pool-37-thread-1] INFO  server.RaftServerConfigKeys (ConfUtils.java:logGet(43)) - raft.server.log.segment.size.max = 1048576 (custom)
2019-09-26 20:15:12,741 [pool-97-thread-1] INFO  server.RaftServerConfigKeys (ConfUtils.java:logGet(43)) - raft.server.log.purge.gap = 1000000 (custom)
2019-09-26 20:15:12,741 [pool-37-thread-1] INFO  server.RaftServerConfigKeys (ConfUtils.java:logGet(43)) - raft.server.log.segment.cache.num.max = 2 (custom)
2019-09-26 20:15:12,741 [pool-47-thread-1] INFO  server.RaftServerConfigKeys (ConfUtils.java:logGet(43)) - raft.server.log.appender.buffer.byte-limit = 33554432 (custom)
2019-09-26 20:15:12,741 [pool-37-thread-1] INFO  segmented.SegmentedRaftLogWorker (SegmentedRaftLogWorker.java:<init>(172)) - new 0955c41b-5120-474c-be8a-331162b53db7@group-3E66980DBE97-SegmentedRaftLogWorker for RaftStorage:Storage Directory /workdir/hadoop-ozone/integration-test/target/test-dir/MiniOzoneClusterImpl-b4cfdfda-c500-4180-9b02-0b7d7f1c7e35/datanode-1/data/ratis/37141233-6f33-4798-b794-3e66980dbe97
2019-09-26 20:15:12,741 [pool-97-thread-1] INFO  server.RaftServerConfigKeys (ConfUtils.java:logGet(43)) - raft.server.log.appender.buffer.byte-limit = 33554432 (custom)
2019-09-26 20:15:12,742 [pool-37-thread-1] INFO  server.RaftServerConfigKeys (ConfUtils.java:logGet(43)) - raft.server.log.queue.byte-limit = 2147483647 (custom)
2019-09-26 20:15:12,741 [pool-47-thread-1] INFO  server.RaftServerConfigKeys (ConfUtils.java:logGet(43)) - raft.server.log.segment.size.max = 1048576 (custom)
2019-09-26 20:15:12,742 [pool-37-thread-1] INFO  server.RaftServerConfigKeys (ConfUtils.java:logGet(43)) - raft.server.log.queue.element-limit = 1024 (custom)
2019-09-26 20:15:12,742 [pool-97-thread-1] INFO  server.RaftServerConfigKeys (ConfUtils.java:logGet(43)) - raft.server.log.segment.size.max = 1048576 (custom)
2019-09-26 20:15:12,742 [pool-37-thread-1] INFO  server.RaftServerConfigKeys (ConfUtils.java:logGet(43)) - raft.server.log.segment.size.max = 1048576 (custom)
2019-09-26 20:15:12,742 [pool-47-thread-1] INFO  server.RaftServerConfigKeys (ConfUtils.java:logGet(43)) - raft.server.log.segment.cache.num.max = 2 (custom)
2019-09-26 20:15:12,742 [pool-37-thread-1] INFO  server.RaftServerConfigKeys (ConfUtils.java:logGet(43)) - raft.server.log.preallocated.size = 16384 (custom)
2019-09-26 20:15:12,742 [pool-97-thread-1] INFO  server.RaftServerConfigKeys (ConfUtils.java:logGet(43)) - raft.server.log.segment.cache.num.max = 2 (custom)
2019-09-26 20:15:12,743 [pool-37-thread-1] INFO  server.RaftServerConfigKeys (ConfUtils.java:logGet(43)) - raft.server.log.write.buffer.size = 33554432 (custom)
2019-09-26 20:15:12,743 [pool-47-thread-1] INFO  segmented.SegmentedRaftLogWorker (SegmentedRaftLogWorker.java:<init>(172)) - new f78f22b6-c87a-4579-a1c5-2b9c4d89f592@group-3E66980DBE97-SegmentedRaftLogWorker for RaftStorage:Storage Directory /workdir/hadoop-ozone/integration-test/target/test-dir/MiniOzoneClusterImpl-b4cfdfda-c500-4180-9b02-0b7d7f1c7e35/datanode-2/data/ratis/37141233-6f33-4798-b794-3e66980dbe97
2019-09-26 20:15:12,743 [pool-37-thread-1] INFO  server.RaftServerConfigKeys (ConfUtils.java:logGet(43)) - raft.server.log.force.sync.num = 128 (default)
2019-09-26 20:15:12,743 [pool-97-thread-1] INFO  segmented.SegmentedRaftLogWorker (SegmentedRaftLogWorker.java:<init>(172)) - new 1da6c6b2-4783-4731-8f15-62229f4dfdb4@group-3E66980DBE97-SegmentedRaftLogWorker for RaftStorage:Storage Directory /workdir/hadoop-ozone/integration-test/target/test-dir/MiniOzoneClusterImpl-b4cfdfda-c500-4180-9b02-0b7d7f1c7e35/datanode-7/data/ratis/37141233-6f33-4798-b794-3e66980dbe97
2019-09-26 20:15:12,743 [pool-37-thread-1] INFO  server.RaftServerConfigKeys (ConfUtils.java:logGet(43)) - raft.server.log.statemachine.data.sync = true (default)
2019-09-26 20:15:12,743 [pool-47-thread-1] INFO  server.RaftServerConfigKeys (ConfUtils.java:logGet(43)) - raft.server.log.queue.byte-limit = 2147483647 (custom)
2019-09-26 20:15:12,744 [pool-37-thread-1] INFO  server.RaftServerConfigKeys (ConfUtils.java:logGet(43)) - raft.server.log.statemachine.data.sync.timeout = 10s (default)
2019-09-26 20:15:12,743 [pool-97-thread-1] INFO  server.RaftServerConfigKeys (ConfUtils.java:logGet(43)) - raft.server.log.queue.byte-limit = 2147483647 (custom)
2019-09-26 20:15:12,744 [pool-37-thread-1] INFO  server.RaftServerConfigKeys (ConfUtils.java:logGet(43)) - raft.server.log.statemachine.data.sync.timeout.retry = -1 (default)
2019-09-26 20:15:12,744 [pool-47-thread-1] INFO  server.RaftServerConfigKeys (ConfUtils.java:logGet(43)) - raft.server.log.queue.element-limit = 1024 (custom)
2019-09-26 20:15:12,744 [pool-97-thread-1] INFO  server.RaftServerConfigKeys (ConfUtils.java:logGet(43)) - raft.server.log.queue.element-limit = 1024 (custom)
2019-09-26 20:15:12,744 [pool-47-thread-1] INFO  server.RaftServerConfigKeys (ConfUtils.java:logGet(43)) - raft.server.log.segment.size.max = 1048576 (custom)
2019-09-26 20:15:12,744 [pool-37-thread-1] INFO  server.RaftServerConfigKeys (ConfUtils.java:logGet(43)) - raft.server.log.statemachine.data.caching.enabled = true (custom)
2019-09-26 20:15:12,744 [pool-47-thread-1] INFO  server.RaftServerConfigKeys (ConfUtils.java:logGet(43)) - raft.server.log.preallocated.size = 16384 (custom)
2019-09-26 20:15:12,744 [pool-97-thread-1] INFO  server.RaftServerConfigKeys (ConfUtils.java:logGet(43)) - raft.server.log.segment.size.max = 1048576 (custom)
2019-09-26 20:15:12,745 [pool-47-thread-1] INFO  server.RaftServerConfigKeys (ConfUtils.java:logGet(43)) - raft.server.log.write.buffer.size = 33554432 (custom)
2019-09-26 20:15:12,745 [pool-97-thread-1] INFO  server.RaftServerConfigKeys (ConfUtils.java:logGet(43)) - raft.server.log.preallocated.size = 16384 (custom)
2019-09-26 20:15:12,745 [pool-37-thread-1] INFO  segmented.SegmentedRaftLogWorker (SegmentedRaftLogWorker.java:lambda$new$0(132)) - 0955c41b-5120-474c-be8a-331162b53db7@group-3E66980DBE97-SegmentedRaftLogWorker: flushIndex: setUnconditionally 0 -> -1
2019-09-26 20:15:12,745 [pool-97-thread-1] INFO  server.RaftServerConfigKeys (ConfUtils.java:logGet(43)) - raft.server.log.write.buffer.size = 33554432 (custom)
2019-09-26 20:15:12,745 [pool-47-thread-1] INFO  server.RaftServerConfigKeys (ConfUtils.java:logGet(43)) - raft.server.log.force.sync.num = 128 (default)
2019-09-26 20:15:12,745 [pool-97-thread-1] INFO  server.RaftServerConfigKeys (ConfUtils.java:logGet(43)) - raft.server.log.force.sync.num = 128 (default)
2019-09-26 20:15:12,745 [pool-47-thread-1] INFO  server.RaftServerConfigKeys (ConfUtils.java:logGet(43)) - raft.server.log.statemachine.data.sync = true (default)
2019-09-26 20:15:12,745 [pool-37-thread-1] INFO  server.RaftServerConfigKeys (ConfUtils.java:logGet(43)) - raft.server.snapshot.auto.trigger.enabled = true (custom)
2019-09-26 20:15:12,746 [pool-47-thread-1] INFO  server.RaftServerConfigKeys (ConfUtils.java:logGet(43)) - raft.server.log.statemachine.data.sync.timeout = 10s (default)
2019-09-26 20:15:12,745 [pool-97-thread-1] INFO  server.RaftServerConfigKeys (ConfUtils.java:logGet(43)) - raft.server.log.statemachine.data.sync = true (default)
2019-09-26 20:15:12,746 [pool-47-thread-1] INFO  server.RaftServerConfigKeys (ConfUtils.java:logGet(43)) - raft.server.log.statemachine.data.sync.timeout.retry = -1 (default)
2019-09-26 20:15:12,746 [pool-37-thread-1] INFO  server.RaftServerConfigKeys (ConfUtils.java:logGet(43)) - raft.server.snapshot.auto.trigger.threshold = 10000 (custom)
2019-09-26 20:15:12,746 [pool-47-thread-1] INFO  server.RaftServerConfigKeys (ConfUtils.java:logGet(43)) - raft.server.log.statemachine.data.caching.enabled = true (custom)
2019-09-26 20:15:12,746 [pool-97-thread-1] INFO  server.RaftServerConfigKeys (ConfUtils.java:logGet(43)) - raft.server.log.statemachine.data.sync.timeout = 10s (default)
2019-09-26 20:15:12,746 [pool-47-thread-1] INFO  segmented.SegmentedRaftLogWorker (SegmentedRaftLogWorker.java:lambda$new$0(132)) - f78f22b6-c87a-4579-a1c5-2b9c4d89f592@group-3E66980DBE97-SegmentedRaftLogWorker: flushIndex: setUnconditionally 0 -> -1
2019-09-26 20:15:12,746 [pool-37-thread-1] INFO  server.RaftServerConfigKeys (ConfUtils.java:logGet(43)) - raft.server.snapshot.retention.num.files = 5 (custom)
2019-09-26 20:15:12,747 [pool-47-thread-1] INFO  server.RaftServerConfigKeys (ConfUtils.java:logGet(43)) - raft.server.snapshot.auto.trigger.enabled = true (custom)
2019-09-26 20:15:12,746 [pool-97-thread-1] INFO  server.RaftServerConfigKeys (ConfUtils.java:logGet(43)) - raft.server.log.statemachine.data.sync.timeout.retry = -1 (default)
2019-09-26 20:15:12,747 [pool-37-thread-1] INFO  server.RaftServerConfigKeys (ConfUtils.java:logGet(43)) - raft.server.retrycache.expirytime = 600000ms (custom)
2019-09-26 20:15:12,747 [pool-47-thread-1] INFO  server.RaftServerConfigKeys (ConfUtils.java:logGet(43)) - raft.server.snapshot.auto.trigger.threshold = 10000 (custom)
2019-09-26 20:15:12,747 [pool-97-thread-1] INFO  server.RaftServerConfigKeys (ConfUtils.java:logGet(43)) - raft.server.log.statemachine.data.caching.enabled = true (custom)
2019-09-26 20:15:12,747 [pool-47-thread-1] INFO  server.RaftServerConfigKeys (ConfUtils.java:logGet(43)) - raft.server.snapshot.retention.num.files = 5 (custom)
2019-09-26 20:15:12,747 [pool-47-thread-1] INFO  server.RaftServerConfigKeys (ConfUtils.java:logGet(43)) - raft.server.retrycache.expirytime = 600000ms (custom)
2019-09-26 20:15:12,747 [pool-97-thread-1] INFO  segmented.SegmentedRaftLogWorker (SegmentedRaftLogWorker.java:lambda$new$0(132)) - 1da6c6b2-4783-4731-8f15-62229f4dfdb4@group-3E66980DBE97-SegmentedRaftLogWorker: flushIndex: setUnconditionally 0 -> -1
2019-09-26 20:15:12,750 [pool-97-thread-1] INFO  server.RaftServerConfigKeys (ConfUtils.java:logGet(43)) - raft.server.snapshot.auto.trigger.enabled = true (custom)
2019-09-26 20:15:12,751 [pool-97-thread-1] INFO  server.RaftServerConfigKeys (ConfUtils.java:logGet(43)) - raft.server.snapshot.auto.trigger.threshold = 10000 (custom)
2019-09-26 20:15:12,751 [pool-97-thread-1] INFO  server.RaftServerConfigKeys (ConfUtils.java:logGet(43)) - raft.server.snapshot.retention.num.files = 5 (custom)
2019-09-26 20:15:12,751 [pool-97-thread-1] INFO  server.RaftServerConfigKeys (ConfUtils.java:logGet(43)) - raft.server.retrycache.expirytime = 600000ms (custom)
2019-09-26 20:15:12,759 [pool-37-thread-1] INFO  impl.RaftServerImpl (RaftServerImpl.java:start(185)) - 0955c41b-5120-474c-be8a-331162b53db7@group-3E66980DBE97: start as a follower, conf=-1: [f78f22b6-c87a-4579-a1c5-2b9c4d89f592:192.168.151.109:37490, 1da6c6b2-4783-4731-8f15-62229f4dfdb4:192.168.151.109:42892, 0955c41b-5120-474c-be8a-331162b53db7:192.168.151.109:36383], old=null
2019-09-26 20:15:12,759 [pool-47-thread-1] INFO  impl.RaftServerImpl (RaftServerImpl.java:start(185)) - f78f22b6-c87a-4579-a1c5-2b9c4d89f592@group-3E66980DBE97: start as a follower, conf=-1: [f78f22b6-c87a-4579-a1c5-2b9c4d89f592:192.168.151.109:37490, 1da6c6b2-4783-4731-8f15-62229f4dfdb4:192.168.151.109:42892, 0955c41b-5120-474c-be8a-331162b53db7:192.168.151.109:36383], old=null
2019-09-26 20:15:12,759 [pool-37-thread-1] INFO  impl.RaftServerImpl (RaftServerImpl.java:setRole(174)) - 0955c41b-5120-474c-be8a-331162b53db7@group-3E66980DBE97: changes role from      null to FOLLOWER at term 0 for startAsFollower
2019-09-26 20:15:12,759 [pool-97-thread-1] INFO  impl.RaftServerImpl (RaftServerImpl.java:start(185)) - 1da6c6b2-4783-4731-8f15-62229f4dfdb4@group-3E66980DBE97: start as a follower, conf=-1: [f78f22b6-c87a-4579-a1c5-2b9c4d89f592:192.168.151.109:37490, 1da6c6b2-4783-4731-8f15-62229f4dfdb4:192.168.151.109:42892, 0955c41b-5120-474c-be8a-331162b53db7:192.168.151.109:36383], old=null
2019-09-26 20:15:12,759 [pool-47-thread-1] INFO  impl.RaftServerImpl (RaftServerImpl.java:setRole(174)) - f78f22b6-c87a-4579-a1c5-2b9c4d89f592@group-3E66980DBE97: changes role from      null to FOLLOWER at term 0 for startAsFollower
2019-09-26 20:15:12,759 [pool-97-thread-1] INFO  impl.RaftServerImpl (RaftServerImpl.java:setRole(174)) - 1da6c6b2-4783-4731-8f15-62229f4dfdb4@group-3E66980DBE97: changes role from      null to FOLLOWER at term 0 for startAsFollower
2019-09-26 20:15:12,759 [pool-37-thread-1] INFO  impl.RoleInfo (RoleInfo.java:updateAndGet(143)) - 0955c41b-5120-474c-be8a-331162b53db7: start FollowerState
2019-09-26 20:15:12,759 [pool-97-thread-1] INFO  impl.RoleInfo (RoleInfo.java:updateAndGet(143)) - 1da6c6b2-4783-4731-8f15-62229f4dfdb4: start FollowerState
2019-09-26 20:15:12,759 [pool-47-thread-1] INFO  impl.RoleInfo (RoleInfo.java:updateAndGet(143)) - f78f22b6-c87a-4579-a1c5-2b9c4d89f592: start FollowerState
2019-09-26 20:15:12,760 [pool-37-thread-1] INFO  util.JmxRegister (JmxRegister.java:tryRegister(44)) - Successfully registered JMX Bean with object name Ratis:service=RaftServer,group=group-3E66980DBE97,id=0955c41b-5120-474c-be8a-331162b53db7
2019-09-26 20:15:12,760 [pool-47-thread-1] INFO  util.JmxRegister (JmxRegister.java:tryRegister(44)) - Successfully registered JMX Bean with object name Ratis:service=RaftServer,group=group-3E66980DBE97,id=f78f22b6-c87a-4579-a1c5-2b9c4d89f592
2019-09-26 20:15:12,760 [pool-97-thread-1] INFO  util.JmxRegister (JmxRegister.java:tryRegister(44)) - Successfully registered JMX Bean with object name Ratis:service=RaftServer,group=group-3E66980DBE97,id=1da6c6b2-4783-4731-8f15-62229f4dfdb4
2019-09-26 20:15:12,769 [RatisPipelineUtilsThread] INFO  pipeline.PipelineStateManager (PipelineStateManager.java:addPipeline(56)) - Created pipeline Pipeline[ Id: 37141233-6f33-4798-b794-3e66980dbe97, Nodes: f78f22b6-c87a-4579-a1c5-2b9c4d89f592{ip: 192.168.151.109, host: pr-hdds-2162-kpcbn-4093309294, networkLocation: /default-rack, certSerialId: null}1da6c6b2-4783-4731-8f15-62229f4dfdb4{ip: 192.168.151.109, host: pr-hdds-2162-kpcbn-4093309294, networkLocation: /default-rack, certSerialId: null}0955c41b-5120-474c-be8a-331162b53db7{ip: 192.168.151.109, host: pr-hdds-2162-kpcbn-4093309294, networkLocation: /default-rack, certSerialId: null}, Type:RATIS, Factor:THREE, State:OPEN]
2019-09-26 20:15:13,473 [Thread-283] INFO  container.ReplicationManager (ReplicationManager.java:start(162)) - Starting Replication Monitor Thread.
2019-09-26 20:15:13,475 [ReplicationMonitor] INFO  container.ReplicationManager (ReplicationManager.java:run(225)) - Replication Monitor Thread took 1 milliseconds for processing 0 containers.
2019-09-26 20:15:13,533 [main] INFO  ipc.Client (Client.java:handleConnectionFailure(948)) - Retrying connect to server: localhost/127.0.0.1:0. Already tried 0 time(s); retry policy is RetryUpToMaximumCountWithFixedSleep(maxRetries=10, sleepTime=1000 MILLISECONDS)
2019-09-26 20:15:14,534 [main] INFO  ipc.Client (Client.java:handleConnectionFailure(948)) - Retrying connect to server: localhost/127.0.0.1:0. Already tried 1 time(s); retry policy is RetryUpToMaximumCountWithFixedSleep(maxRetries=10, sleepTime=1000 MILLISECONDS)
2019-09-26 20:15:15,536 [main] INFO  ipc.Client (Client.java:handleConnectionFailure(948)) - Retrying connect to server: localhost/127.0.0.1:0. Already tried 2 time(s); retry policy is RetryUpToMaximumCountWithFixedSleep(maxRetries=10, sleepTime=1000 MILLISECONDS)
2019-09-26 20:15:16,364 [Thread-285] INFO  impl.FollowerState (FollowerState.java:run(106)) - 273431b0-2aea-4281-baeb-0b2797c336e5:group-80D720530654 changes to CANDIDATE, lastRpcTime:5071, electionTimeout:5071ms
2019-09-26 20:15:16,371 [Thread-285] INFO  impl.RoleInfo (RoleInfo.java:shutdownFollowerState(121)) - 273431b0-2aea-4281-baeb-0b2797c336e5: shutdown FollowerState
2019-09-26 20:15:16,371 [Thread-285] INFO  impl.RaftServerImpl (RaftServerImpl.java:setRole(174)) - 273431b0-2aea-4281-baeb-0b2797c336e5@group-80D720530654: changes role from  FOLLOWER to CANDIDATE at term 0 for changeToCandidate
2019-09-26 20:15:16,380 [Thread-285] INFO  impl.RoleInfo (RoleInfo.java:updateAndGet(143)) - 273431b0-2aea-4281-baeb-0b2797c336e5: start LeaderElection
2019-09-26 20:15:16,401 [273431b0-2aea-4281-baeb-0b2797c336e5@group-80D720530654:LeaderElection1] INFO  impl.LeaderElection (LeaderElection.java:askForVotes(182)) - 273431b0-2aea-4281-baeb-0b2797c336e5@group-80D720530654:LeaderElection1: begin an election at term 1 for -1: [273431b0-2aea-4281-baeb-0b2797c336e5:192.168.151.109:40537], old=null
2019-09-26 20:15:16,403 [273431b0-2aea-4281-baeb-0b2797c336e5@group-80D720530654:LeaderElection1] INFO  impl.RoleInfo (RoleInfo.java:shutdownLeaderElection(134)) - 273431b0-2aea-4281-baeb-0b2797c336e5: shutdown LeaderElection
2019-09-26 20:15:16,404 [273431b0-2aea-4281-baeb-0b2797c336e5@group-80D720530654:LeaderElection1] INFO  impl.RaftServerImpl (RaftServerImpl.java:setRole(174)) - 273431b0-2aea-4281-baeb-0b2797c336e5@group-80D720530654: changes role from CANDIDATE to LEADER at term 1 for changeToLeader
2019-09-26 20:15:16,404 [273431b0-2aea-4281-baeb-0b2797c336e5@group-80D720530654:LeaderElection1] INFO  impl.RaftServerImpl (ServerState.java:setLeader(253)) - 273431b0-2aea-4281-baeb-0b2797c336e5@group-80D720530654: change Leader from null to 273431b0-2aea-4281-baeb-0b2797c336e5 at term 1 for becomeLeader, leader elected after 5248ms
2019-09-26 20:15:16,411 [273431b0-2aea-4281-baeb-0b2797c336e5@group-80D720530654:LeaderElection1] INFO  server.RaftServerConfigKeys (ConfUtils.java:logGet(43)) - raft.server.staging.catchup.gap = 1000 (default)
2019-09-26 20:15:16,412 [273431b0-2aea-4281-baeb-0b2797c336e5@group-80D720530654:LeaderElection1] INFO  server.RaftServerConfigKeys (ConfUtils.java:logGet(43)) - raft.server.rpc.sleep.time = 25ms (default)
2019-09-26 20:15:16,415 [273431b0-2aea-4281-baeb-0b2797c336e5@group-80D720530654:LeaderElection1] INFO  server.RaftServerConfigKeys (ConfUtils.java:logGet(43)) - raft.server.write.element-limit = 4096 (default)
2019-09-26 20:15:16,418 [273431b0-2aea-4281-baeb-0b2797c336e5@group-80D720530654:LeaderElection1] INFO  server.RaftServerConfigKeys (ConfUtils.java:logGet(43)) - raft.server.watch.timeout = 10s (default)
2019-09-26 20:15:16,418 [273431b0-2aea-4281-baeb-0b2797c336e5@group-80D720530654:LeaderElection1] INFO  server.RaftServerConfigKeys (ConfUtils.java:logGet(43)) - raft.server.watch.timeout.denomination = 1s (default)
2019-09-26 20:15:16,419 [273431b0-2aea-4281-baeb-0b2797c336e5@group-80D720530654:LeaderElection1] INFO  server.RaftServerConfigKeys (ConfUtils.java:logGet(43)) - raft.server.watch.element-limit = 65536 (default)
2019-09-26 20:15:16,433 [273431b0-2aea-4281-baeb-0b2797c336e5@group-80D720530654:LeaderElection1] INFO  impl.RoleInfo (RoleInfo.java:updateAndGet(143)) - 273431b0-2aea-4281-baeb-0b2797c336e5: start LeaderState
2019-09-26 20:15:16,463 [273431b0-2aea-4281-baeb-0b2797c336e5@group-80D720530654:LeaderElection1] INFO  segmented.SegmentedRaftLogWorker (SegmentedRaftLogWorker.java:startLogSegment(380)) - 273431b0-2aea-4281-baeb-0b2797c336e5@group-80D720530654-SegmentedRaftLogWorker: Starting segment from index:0
2019-09-26 20:15:16,474 [273431b0-2aea-4281-baeb-0b2797c336e5@group-80D720530654:LeaderElection1] INFO  impl.RaftServerImpl (ServerState.java:setRaftConf(354)) - 273431b0-2aea-4281-baeb-0b2797c336e5@group-80D720530654: set configuration 0: [273431b0-2aea-4281-baeb-0b2797c336e5:192.168.151.109:40537], old=null at 0
2019-09-26 20:15:16,537 [main] INFO  ipc.Client (Client.java:handleConnectionFailure(948)) - Retrying connect to server: localhost/127.0.0.1:0. Already tried 3 time(s); retry policy is RetryUpToMaximumCountWithFixedSleep(maxRetries=10, sleepTime=1000 MILLISECONDS)
2019-09-26 20:15:16,697 [Thread-288] INFO  impl.FollowerState (FollowerState.java:run(106)) - 091d78c8-8aa5-4dc3-975f-4b808abe8813:group-243B097F2C5F changes to CANDIDATE, lastRpcTime:5065, electionTimeout:5063ms
2019-09-26 20:15:16,701 [273431b0-2aea-4281-baeb-0b2797c336e5@group-80D720530654-SegmentedRaftLogWorker] INFO  segmented.SegmentedRaftLogWorker (SegmentedRaftLogWorker.java:execute(569)) - 273431b0-2aea-4281-baeb-0b2797c336e5@group-80D720530654-SegmentedRaftLogWorker: created new log segment /workdir/hadoop-ozone/integration-test/target/test-dir/MiniOzoneClusterImpl-b4cfdfda-c500-4180-9b02-0b7d7f1c7e35/datanode-0/data/ratis/02ddaada-aa06-4449-89e7-80d720530654/current/log_inprogress_0
2019-09-26 20:15:16,701 [Thread-288] INFO  impl.RoleInfo (RoleInfo.java:shutdownFollowerState(121)) - 091d78c8-8aa5-4dc3-975f-4b808abe8813: shutdown FollowerState
2019-09-26 20:15:16,701 [Thread-288] INFO  impl.RaftServerImpl (RaftServerImpl.java:setRole(174)) - 091d78c8-8aa5-4dc3-975f-4b808abe8813@group-243B097F2C5F: changes role from  FOLLOWER to CANDIDATE at term 0 for changeToCandidate
2019-09-26 20:15:16,701 [Thread-288] INFO  impl.RoleInfo (RoleInfo.java:updateAndGet(143)) - 091d78c8-8aa5-4dc3-975f-4b808abe8813: start LeaderElection
2019-09-26 20:15:16,721 [091d78c8-8aa5-4dc3-975f-4b808abe8813@group-243B097F2C5F:LeaderElection2] INFO  impl.LeaderElection (LeaderElection.java:askForVotes(182)) - 091d78c8-8aa5-4dc3-975f-4b808abe8813@group-243B097F2C5F:LeaderElection2: begin an election at term 1 for -1: [091d78c8-8aa5-4dc3-975f-4b808abe8813:192.168.151.109:45519], old=null
2019-09-26 20:15:16,724 [091d78c8-8aa5-4dc3-975f-4b808abe8813@group-243B097F2C5F:LeaderElection2] INFO  impl.RoleInfo (RoleInfo.java:shutdownLeaderElection(134)) - 091d78c8-8aa5-4dc3-975f-4b808abe8813: shutdown LeaderElection
2019-09-26 20:15:16,725 [091d78c8-8aa5-4dc3-975f-4b808abe8813@group-243B097F2C5F:LeaderElection2] INFO  impl.RaftServerImpl (RaftServerImpl.java:setRole(174)) - 091d78c8-8aa5-4dc3-975f-4b808abe8813@group-243B097F2C5F: changes role from CANDIDATE to LEADER at term 1 for changeToLeader
2019-09-26 20:15:16,725 [091d78c8-8aa5-4dc3-975f-4b808abe8813@group-243B097F2C5F:LeaderElection2] INFO  impl.RaftServerImpl (ServerState.java:setLeader(253)) - 091d78c8-8aa5-4dc3-975f-4b808abe8813@group-243B097F2C5F: change Leader from null to 091d78c8-8aa5-4dc3-975f-4b808abe8813 at term 1 for becomeLeader, leader elected after 5111ms
2019-09-26 20:15:16,725 [091d78c8-8aa5-4dc3-975f-4b808abe8813@group-243B097F2C5F:LeaderElection2] INFO  server.RaftServerConfigKeys (ConfUtils.java:logGet(43)) - raft.server.staging.catchup.gap = 1000 (default)
2019-09-26 20:15:16,725 [091d78c8-8aa5-4dc3-975f-4b808abe8813@group-243B097F2C5F:LeaderElection2] INFO  server.RaftServerConfigKeys (ConfUtils.java:logGet(43)) - raft.server.rpc.sleep.time = 25ms (default)
2019-09-26 20:15:16,725 [091d78c8-8aa5-4dc3-975f-4b808abe8813@group-243B097F2C5F:LeaderElection2] INFO  server.RaftServerConfigKeys (ConfUtils.java:logGet(43)) - raft.server.write.element-limit = 4096 (default)
2019-09-26 20:15:16,725 [091d78c8-8aa5-4dc3-975f-4b808abe8813@group-243B097F2C5F:LeaderElection2] INFO  server.RaftServerConfigKeys (ConfUtils.java:logGet(43)) - raft.server.watch.timeout = 10s (default)
2019-09-26 20:15:16,726 [091d78c8-8aa5-4dc3-975f-4b808abe8813@group-243B097F2C5F:LeaderElection2] INFO  server.RaftServerConfigKeys (ConfUtils.java:logGet(43)) - raft.server.watch.timeout.denomination = 1s (default)
2019-09-26 20:15:16,726 [091d78c8-8aa5-4dc3-975f-4b808abe8813@group-243B097F2C5F:LeaderElection2] INFO  server.RaftServerConfigKeys (ConfUtils.java:logGet(43)) - raft.server.watch.element-limit = 65536 (default)
2019-09-26 20:15:16,730 [091d78c8-8aa5-4dc3-975f-4b808abe8813@group-243B097F2C5F:LeaderElection2] INFO  impl.RoleInfo (RoleInfo.java:updateAndGet(143)) - 091d78c8-8aa5-4dc3-975f-4b808abe8813: start LeaderState
2019-09-26 20:15:16,730 [091d78c8-8aa5-4dc3-975f-4b808abe8813@group-243B097F2C5F:LeaderElection2] INFO  segmented.SegmentedRaftLogWorker (SegmentedRaftLogWorker.java:startLogSegment(380)) - 091d78c8-8aa5-4dc3-975f-4b808abe8813@group-243B097F2C5F-SegmentedRaftLogWorker: Starting segment from index:0
2019-09-26 20:15:16,731 [091d78c8-8aa5-4dc3-975f-4b808abe8813@group-243B097F2C5F:LeaderElection2] INFO  impl.RaftServerImpl (ServerState.java:setRaftConf(354)) - 091d78c8-8aa5-4dc3-975f-4b808abe8813@group-243B097F2C5F: set configuration 0: [091d78c8-8aa5-4dc3-975f-4b808abe8813:192.168.151.109:45519], old=null at 0
2019-09-26 20:15:16,776 [091d78c8-8aa5-4dc3-975f-4b808abe8813@group-243B097F2C5F-SegmentedRaftLogWorker] INFO  segmented.SegmentedRaftLogWorker (SegmentedRaftLogWorker.java:execute(569)) - 091d78c8-8aa5-4dc3-975f-4b808abe8813@group-243B097F2C5F-SegmentedRaftLogWorker: created new log segment /workdir/hadoop-ozone/integration-test/target/test-dir/MiniOzoneClusterImpl-b4cfdfda-c500-4180-9b02-0b7d7f1c7e35/datanode-9/data/ratis/31a2b7ca-138b-4a38-b931-243b097f2c5f/current/log_inprogress_0
2019-09-26 20:15:16,828 [Thread-291] INFO  impl.FollowerState (FollowerState.java:run(106)) - 0c122c34-51b6-48d8-aceb-004b9b387362:group-5CE1D1DE95BE changes to CANDIDATE, lastRpcTime:5025, electionTimeout:5025ms
2019-09-26 20:15:16,829 [Thread-291] INFO  impl.RoleInfo (RoleInfo.java:shutdownFollowerState(121)) - 0c122c34-51b6-48d8-aceb-004b9b387362: shutdown FollowerState
2019-09-26 20:15:16,829 [Thread-291] INFO  impl.RaftServerImpl (RaftServerImpl.java:setRole(174)) - 0c122c34-51b6-48d8-aceb-004b9b387362@group-5CE1D1DE95BE: changes role from  FOLLOWER to CANDIDATE at term 0 for changeToCandidate
2019-09-26 20:15:16,829 [Thread-291] INFO  impl.RoleInfo (RoleInfo.java:updateAndGet(143)) - 0c122c34-51b6-48d8-aceb-004b9b387362: start LeaderElection
2019-09-26 20:15:16,848 [0c122c34-51b6-48d8-aceb-004b9b387362@group-5CE1D1DE95BE:LeaderElection3] INFO  impl.LeaderElection (LeaderElection.java:askForVotes(182)) - 0c122c34-51b6-48d8-aceb-004b9b387362@group-5CE1D1DE95BE:LeaderElection3: begin an election at term 1 for -1: [0c122c34-51b6-48d8-aceb-004b9b387362:192.168.151.109:44391], old=null
2019-09-26 20:15:16,848 [0c122c34-51b6-48d8-aceb-004b9b387362@group-5CE1D1DE95BE:LeaderElection3] INFO  impl.RoleInfo (RoleInfo.java:shutdownLeaderElection(134)) - 0c122c34-51b6-48d8-aceb-004b9b387362: shutdown LeaderElection
2019-09-26 20:15:16,848 [0c122c34-51b6-48d8-aceb-004b9b387362@group-5CE1D1DE95BE:LeaderElection3] INFO  impl.RaftServerImpl (RaftServerImpl.java:setRole(174)) - 0c122c34-51b6-48d8-aceb-004b9b387362@group-5CE1D1DE95BE: changes role from CANDIDATE to LEADER at term 1 for changeToLeader
2019-09-26 20:15:16,848 [0c122c34-51b6-48d8-aceb-004b9b387362@group-5CE1D1DE95BE:LeaderElection3] INFO  impl.RaftServerImpl (ServerState.java:setLeader(253)) - 0c122c34-51b6-48d8-aceb-004b9b387362@group-5CE1D1DE95BE: change Leader from null to 0c122c34-51b6-48d8-aceb-004b9b387362 at term 1 for becomeLeader, leader elected after 5105ms
2019-09-26 20:15:16,848 [0c122c34-51b6-48d8-aceb-004b9b387362@group-5CE1D1DE95BE:LeaderElection3] INFO  server.RaftServerConfigKeys (ConfUtils.java:logGet(43)) - raft.server.staging.catchup.gap = 1000 (default)
2019-09-26 20:15:16,849 [0c122c34-51b6-48d8-aceb-004b9b387362@group-5CE1D1DE95BE:LeaderElection3] INFO  server.RaftServerConfigKeys (ConfUtils.java:logGet(43)) - raft.server.rpc.sleep.time = 25ms (default)
2019-09-26 20:15:16,849 [0c122c34-51b6-48d8-aceb-004b9b387362@group-5CE1D1DE95BE:LeaderElection3] INFO  server.RaftServerConfigKeys (ConfUtils.java:logGet(43)) - raft.server.write.element-limit = 4096 (default)
2019-09-26 20:15:16,849 [0c122c34-51b6-48d8-aceb-004b9b387362@group-5CE1D1DE95BE:LeaderElection3] INFO  server.RaftServerConfigKeys (ConfUtils.java:logGet(43)) - raft.server.watch.timeout = 10s (default)
2019-09-26 20:15:16,849 [0c122c34-51b6-48d8-aceb-004b9b387362@group-5CE1D1DE95BE:LeaderElection3] INFO  server.RaftServerConfigKeys (ConfUtils.java:logGet(43)) - raft.server.watch.timeout.denomination = 1s (default)
2019-09-26 20:15:16,849 [0c122c34-51b6-48d8-aceb-004b9b387362@group-5CE1D1DE95BE:LeaderElection3] INFO  server.RaftServerConfigKeys (ConfUtils.java:logGet(43)) - raft.server.watch.element-limit = 65536 (default)
2019-09-26 20:15:16,852 [0c122c34-51b6-48d8-aceb-004b9b387362@group-5CE1D1DE95BE:LeaderElection3] INFO  impl.RoleInfo (RoleInfo.java:updateAndGet(143)) - 0c122c34-51b6-48d8-aceb-004b9b387362: start LeaderState
2019-09-26 20:15:16,853 [0c122c34-51b6-48d8-aceb-004b9b387362@group-5CE1D1DE95BE:LeaderElection3] INFO  segmented.SegmentedRaftLogWorker (SegmentedRaftLogWorker.java:startLogSegment(380)) - 0c122c34-51b6-48d8-aceb-004b9b387362@group-5CE1D1DE95BE-SegmentedRaftLogWorker: Starting segment from index:0
2019-09-26 20:15:16,853 [0c122c34-51b6-48d8-aceb-004b9b387362@group-5CE1D1DE95BE:LeaderElection3] INFO  impl.RaftServerImpl (ServerState.java:setRaftConf(354)) - 0c122c34-51b6-48d8-aceb-004b9b387362@group-5CE1D1DE95BE: set configuration 0: [0c122c34-51b6-48d8-aceb-004b9b387362:192.168.151.109:44391], old=null at 0
2019-09-26 20:15:16,892 [0c122c34-51b6-48d8-aceb-004b9b387362@group-5CE1D1DE95BE-SegmentedRaftLogWorker] INFO  segmented.SegmentedRaftLogWorker (SegmentedRaftLogWorker.java:execute(569)) - 0c122c34-51b6-48d8-aceb-004b9b387362@group-5CE1D1DE95BE-SegmentedRaftLogWorker: created new log segment /workdir/hadoop-ozone/integration-test/target/test-dir/MiniOzoneClusterImpl-b4cfdfda-c500-4180-9b02-0b7d7f1c7e35/datanode-5/data/ratis/b655bca9-9b97-4c29-a399-5ce1d1de95be/current/log_inprogress_0
2019-09-26 20:15:16,953 [Thread-294] INFO  impl.FollowerState (FollowerState.java:run(106)) - 3cc8baef-c687-471e-92fa-b0689bf72958:group-88E4481B9B91 changes to CANDIDATE, lastRpcTime:5060, electionTimeout:5060ms
2019-09-26 20:15:16,954 [Thread-294] INFO  impl.RoleInfo (RoleInfo.java:shutdownFollowerState(121)) - 3cc8baef-c687-471e-92fa-b0689bf72958: shutdown FollowerState
2019-09-26 20:15:16,954 [Thread-294] INFO  impl.RaftServerImpl (RaftServerImpl.java:setRole(174)) - 3cc8baef-c687-471e-92fa-b0689bf72958@group-88E4481B9B91: changes role from  FOLLOWER to CANDIDATE at term 0 for changeToCandidate
2019-09-26 20:15:16,954 [Thread-294] INFO  impl.RoleInfo (RoleInfo.java:updateAndGet(143)) - 3cc8baef-c687-471e-92fa-b0689bf72958: start LeaderElection
2019-09-26 20:15:16,972 [3cc8baef-c687-471e-92fa-b0689bf72958@group-88E4481B9B91:LeaderElection4] INFO  impl.LeaderElection (LeaderElection.java:askForVotes(182)) - 3cc8baef-c687-471e-92fa-b0689bf72958@group-88E4481B9B91:LeaderElection4: begin an election at term 1 for -1: [3cc8baef-c687-471e-92fa-b0689bf72958:192.168.151.109:37821], old=null
2019-09-26 20:15:16,973 [3cc8baef-c687-471e-92fa-b0689bf72958@group-88E4481B9B91:LeaderElection4] INFO  impl.RoleInfo (RoleInfo.java:shutdownLeaderElection(134)) - 3cc8baef-c687-471e-92fa-b0689bf72958: shutdown LeaderElection
2019-09-26 20:15:16,973 [3cc8baef-c687-471e-92fa-b0689bf72958@group-88E4481B9B91:LeaderElection4] INFO  impl.RaftServerImpl (RaftServerImpl.java:setRole(174)) - 3cc8baef-c687-471e-92fa-b0689bf72958@group-88E4481B9B91: changes role from CANDIDATE to LEADER at term 1 for changeToLeader
2019-09-26 20:15:16,973 [3cc8baef-c687-471e-92fa-b0689bf72958@group-88E4481B9B91:LeaderElection4] INFO  impl.RaftServerImpl (ServerState.java:setLeader(253)) - 3cc8baef-c687-471e-92fa-b0689bf72958@group-88E4481B9B91: change Leader from null to 3cc8baef-c687-471e-92fa-b0689bf72958 at term 1 for becomeLeader, leader elected after 5092ms
2019-09-26 20:15:16,973 [3cc8baef-c687-471e-92fa-b0689bf72958@group-88E4481B9B91:LeaderElection4] INFO  server.RaftServerConfigKeys (ConfUtils.java:logGet(43)) - raft.server.staging.catchup.gap = 1000 (default)
2019-09-26 20:15:16,973 [3cc8baef-c687-471e-92fa-b0689bf72958@group-88E4481B9B91:LeaderElection4] INFO  server.RaftServerConfigKeys (ConfUtils.java:logGet(43)) - raft.server.rpc.sleep.time = 25ms (default)
2019-09-26 20:15:16,974 [3cc8baef-c687-471e-92fa-b0689bf72958@group-88E4481B9B91:LeaderElection4] INFO  server.RaftServerConfigKeys (ConfUtils.java:logGet(43)) - raft.server.write.element-limit = 4096 (default)
2019-09-26 20:15:16,974 [3cc8baef-c687-471e-92fa-b0689bf72958@group-88E4481B9B91:LeaderElection4] INFO  server.RaftServerConfigKeys (ConfUtils.java:logGet(43)) - raft.server.watch.timeout = 10s (default)
2019-09-26 20:15:16,974 [3cc8baef-c687-471e-92fa-b0689bf72958@group-88E4481B9B91:LeaderElection4] INFO  server.RaftServerConfigKeys (ConfUtils.java:logGet(43)) - raft.server.watch.timeout.denomination = 1s (default)
2019-09-26 20:15:16,974 [3cc8baef-c687-471e-92fa-b0689bf72958@group-88E4481B9B91:LeaderElection4] INFO  server.RaftServerConfigKeys (ConfUtils.java:logGet(43)) - raft.server.watch.element-limit = 65536 (default)
2019-09-26 20:15:16,977 [3cc8baef-c687-471e-92fa-b0689bf72958@group-88E4481B9B91:LeaderElection4] INFO  impl.RoleInfo (RoleInfo.java:updateAndGet(143)) - 3cc8baef-c687-471e-92fa-b0689bf72958: start LeaderState
2019-09-26 20:15:16,977 [3cc8baef-c687-471e-92fa-b0689bf72958@group-88E4481B9B91:LeaderElection4] INFO  segmented.SegmentedRaftLogWorker (SegmentedRaftLogWorker.java:startLogSegment(380)) - 3cc8baef-c687-471e-92fa-b0689bf72958@group-88E4481B9B91-SegmentedRaftLogWorker: Starting segment from index:0
2019-09-26 20:15:16,978 [3cc8baef-c687-471e-92fa-b0689bf72958@group-88E4481B9B91:LeaderElection4] INFO  impl.RaftServerImpl (ServerState.java:setRaftConf(354)) - 3cc8baef-c687-471e-92fa-b0689bf72958@group-88E4481B9B91: set configuration 0: [3cc8baef-c687-471e-92fa-b0689bf72958:192.168.151.109:37821], old=null at 0
2019-09-26 20:15:17,028 [Thread-297] INFO  impl.FollowerState (FollowerState.java:run(106)) - 989db53d-fc3b-4bf0-a4bf-0b82aa6828ba:group-08E48312397D changes to CANDIDATE, lastRpcTime:5038, electionTimeout:5038ms
2019-09-26 20:15:17,028 [Thread-297] INFO  impl.RoleInfo (RoleInfo.java:shutdownFollowerState(121)) - 989db53d-fc3b-4bf0-a4bf-0b82aa6828ba: shutdown FollowerState
2019-09-26 20:15:17,029 [Thread-297] INFO  impl.RaftServerImpl (RaftServerImpl.java:setRole(174)) - 989db53d-fc3b-4bf0-a4bf-0b82aa6828ba@group-08E48312397D: changes role from  FOLLOWER to CANDIDATE at term 0 for changeToCandidate
2019-09-26 20:15:17,029 [Thread-297] INFO  impl.RoleInfo (RoleInfo.java:updateAndGet(143)) - 989db53d-fc3b-4bf0-a4bf-0b82aa6828ba: start LeaderElection
2019-09-26 20:15:17,031 [3cc8baef-c687-471e-92fa-b0689bf72958@group-88E4481B9B91-SegmentedRaftLogWorker] INFO  segmented.SegmentedRaftLogWorker (SegmentedRaftLogWorker.java:execute(569)) - 3cc8baef-c687-471e-92fa-b0689bf72958@group-88E4481B9B91-SegmentedRaftLogWorker: created new log segment /workdir/hadoop-ozone/integration-test/target/test-dir/MiniOzoneClusterImpl-b4cfdfda-c500-4180-9b02-0b7d7f1c7e35/datanode-4/data/ratis/b67b2728-dac1-4135-8ba7-88e4481b9b91/current/log_inprogress_0
2019-09-26 20:15:17,047 [989db53d-fc3b-4bf0-a4bf-0b82aa6828ba@group-08E48312397D:LeaderElection5] INFO  impl.LeaderElection (LeaderElection.java:askForVotes(182)) - 989db53d-fc3b-4bf0-a4bf-0b82aa6828ba@group-08E48312397D:LeaderElection5: begin an election at term 1 for -1: [989db53d-fc3b-4bf0-a4bf-0b82aa6828ba:192.168.151.109:43493], old=null
2019-09-26 20:15:17,047 [989db53d-fc3b-4bf0-a4bf-0b82aa6828ba@group-08E48312397D:LeaderElection5] INFO  impl.RoleInfo (RoleInfo.java:shutdownLeaderElection(134)) - 989db53d-fc3b-4bf0-a4bf-0b82aa6828ba: shutdown LeaderElection
2019-09-26 20:15:17,047 [989db53d-fc3b-4bf0-a4bf-0b82aa6828ba@group-08E48312397D:LeaderElection5] INFO  impl.RaftServerImpl (RaftServerImpl.java:setRole(174)) - 989db53d-fc3b-4bf0-a4bf-0b82aa6828ba@group-08E48312397D: changes role from CANDIDATE to LEADER at term 1 for changeToLeader
2019-09-26 20:15:17,048 [989db53d-fc3b-4bf0-a4bf-0b82aa6828ba@group-08E48312397D:LeaderElection5] INFO  impl.RaftServerImpl (ServerState.java:setLeader(253)) - 989db53d-fc3b-4bf0-a4bf-0b82aa6828ba@group-08E48312397D: change Leader from null to 989db53d-fc3b-4bf0-a4bf-0b82aa6828ba at term 1 for becomeLeader, leader elected after 5073ms
2019-09-26 20:15:17,048 [989db53d-fc3b-4bf0-a4bf-0b82aa6828ba@group-08E48312397D:LeaderElection5] INFO  server.RaftServerConfigKeys (ConfUtils.java:logGet(43)) - raft.server.staging.catchup.gap = 1000 (default)
2019-09-26 20:15:17,048 [989db53d-fc3b-4bf0-a4bf-0b82aa6828ba@group-08E48312397D:LeaderElection5] INFO  server.RaftServerConfigKeys (ConfUtils.java:logGet(43)) - raft.server.rpc.sleep.time = 25ms (default)
2019-09-26 20:15:17,048 [989db53d-fc3b-4bf0-a4bf-0b82aa6828ba@group-08E48312397D:LeaderElection5] INFO  server.RaftServerConfigKeys (ConfUtils.java:logGet(43)) - raft.server.write.element-limit = 4096 (default)
2019-09-26 20:15:17,048 [989db53d-fc3b-4bf0-a4bf-0b82aa6828ba@group-08E48312397D:LeaderElection5] INFO  server.RaftServerConfigKeys (ConfUtils.java:logGet(43)) - raft.server.watch.timeout = 10s (default)
2019-09-26 20:15:17,048 [989db53d-fc3b-4bf0-a4bf-0b82aa6828ba@group-08E48312397D:LeaderElection5] INFO  server.RaftServerConfigKeys (ConfUtils.java:logGet(43)) - raft.server.watch.timeout.denomination = 1s (default)
2019-09-26 20:15:17,049 [989db53d-fc3b-4bf0-a4bf-0b82aa6828ba@group-08E48312397D:LeaderElection5] INFO  server.RaftServerConfigKeys (ConfUtils.java:logGet(43)) - raft.server.watch.element-limit = 65536 (default)
2019-09-26 20:15:17,051 [989db53d-fc3b-4bf0-a4bf-0b82aa6828ba@group-08E48312397D:LeaderElection5] INFO  impl.RoleInfo (RoleInfo.java:updateAndGet(143)) - 989db53d-fc3b-4bf0-a4bf-0b82aa6828ba: start LeaderState
2019-09-26 20:15:17,052 [989db53d-fc3b-4bf0-a4bf-0b82aa6828ba@group-08E48312397D:LeaderElection5] INFO  segmented.SegmentedRaftLogWorker (SegmentedRaftLogWorker.java:startLogSegment(380)) - 989db53d-fc3b-4bf0-a4bf-0b82aa6828ba@group-08E48312397D-SegmentedRaftLogWorker: Starting segment from index:0
2019-09-26 20:15:17,052 [989db53d-fc3b-4bf0-a4bf-0b82aa6828ba@group-08E48312397D:LeaderElection5] INFO  impl.RaftServerImpl (ServerState.java:setRaftConf(354)) - 989db53d-fc3b-4bf0-a4bf-0b82aa6828ba@group-08E48312397D: set configuration 0: [989db53d-fc3b-4bf0-a4bf-0b82aa6828ba:192.168.151.109:43493], old=null at 0
2019-09-26 20:15:17,094 [Thread-300] INFO  impl.FollowerState (FollowerState.java:run(106)) - d03460e2-731b-4fec-8083-99c6044121d1:group-7EE7047C43EE changes to CANDIDATE, lastRpcTime:5018, electionTimeout:5005ms
2019-09-26 20:15:17,094 [Thread-300] INFO  impl.RoleInfo (RoleInfo.java:shutdownFollowerState(121)) - d03460e2-731b-4fec-8083-99c6044121d1: shutdown FollowerState
2019-09-26 20:15:17,094 [Thread-300] INFO  impl.RaftServerImpl (RaftServerImpl.java:setRole(174)) - d03460e2-731b-4fec-8083-99c6044121d1@group-7EE7047C43EE: changes role from  FOLLOWER to CANDIDATE at term 0 for changeToCandidate
2019-09-26 20:15:17,095 [Thread-300] INFO  impl.RoleInfo (RoleInfo.java:updateAndGet(143)) - d03460e2-731b-4fec-8083-99c6044121d1: start LeaderElection
2019-09-26 20:15:17,107 [989db53d-fc3b-4bf0-a4bf-0b82aa6828ba@group-08E48312397D-SegmentedRaftLogWorker] INFO  segmented.SegmentedRaftLogWorker (SegmentedRaftLogWorker.java:execute(569)) - 989db53d-fc3b-4bf0-a4bf-0b82aa6828ba@group-08E48312397D-SegmentedRaftLogWorker: created new log segment /workdir/hadoop-ozone/integration-test/target/test-dir/MiniOzoneClusterImpl-b4cfdfda-c500-4180-9b02-0b7d7f1c7e35/datanode-3/data/ratis/8ebde1a8-bad3-4b7b-a17b-08e48312397d/current/log_inprogress_0
2019-09-26 20:15:17,107 [d03460e2-731b-4fec-8083-99c6044121d1@group-7EE7047C43EE:LeaderElection6] INFO  impl.LeaderElection (LeaderElection.java:askForVotes(182)) - d03460e2-731b-4fec-8083-99c6044121d1@group-7EE7047C43EE:LeaderElection6: begin an election at term 1 for -1: [d03460e2-731b-4fec-8083-99c6044121d1:192.168.151.109:33161], old=null
2019-09-26 20:15:17,107 [d03460e2-731b-4fec-8083-99c6044121d1@group-7EE7047C43EE:LeaderElection6] INFO  impl.RoleInfo (RoleInfo.java:shutdownLeaderElection(134)) - d03460e2-731b-4fec-8083-99c6044121d1: shutdown LeaderElection
2019-09-26 20:15:17,107 [d03460e2-731b-4fec-8083-99c6044121d1@group-7EE7047C43EE:LeaderElection6] INFO  impl.RaftServerImpl (RaftServerImpl.java:setRole(174)) - d03460e2-731b-4fec-8083-99c6044121d1@group-7EE7047C43EE: changes role from CANDIDATE to LEADER at term 1 for changeToLeader
2019-09-26 20:15:17,108 [d03460e2-731b-4fec-8083-99c6044121d1@group-7EE7047C43EE:LeaderElection6] INFO  impl.RaftServerImpl (ServerState.java:setLeader(253)) - d03460e2-731b-4fec-8083-99c6044121d1@group-7EE7047C43EE: change Leader from null to d03460e2-731b-4fec-8083-99c6044121d1 at term 1 for becomeLeader, leader elected after 5046ms
2019-09-26 20:15:17,108 [d03460e2-731b-4fec-8083-99c6044121d1@group-7EE7047C43EE:LeaderElection6] INFO  server.RaftServerConfigKeys (ConfUtils.java:logGet(43)) - raft.server.staging.catchup.gap = 1000 (default)
2019-09-26 20:15:17,108 [d03460e2-731b-4fec-8083-99c6044121d1@group-7EE7047C43EE:LeaderElection6] INFO  server.RaftServerConfigKeys (ConfUtils.java:logGet(43)) - raft.server.rpc.sleep.time = 25ms (default)
2019-09-26 20:15:17,108 [d03460e2-731b-4fec-8083-99c6044121d1@group-7EE7047C43EE:LeaderElection6] INFO  server.RaftServerConfigKeys (ConfUtils.java:logGet(43)) - raft.server.write.element-limit = 4096 (default)
2019-09-26 20:15:17,108 [d03460e2-731b-4fec-8083-99c6044121d1@group-7EE7047C43EE:LeaderElection6] INFO  server.RaftServerConfigKeys (ConfUtils.java:logGet(43)) - raft.server.watch.timeout = 10s (default)
2019-09-26 20:15:17,108 [d03460e2-731b-4fec-8083-99c6044121d1@group-7EE7047C43EE:LeaderElection6] INFO  server.RaftServerConfigKeys (ConfUtils.java:logGet(43)) - raft.server.watch.timeout.denomination = 1s (default)
2019-09-26 20:15:17,109 [d03460e2-731b-4fec-8083-99c6044121d1@group-7EE7047C43EE:LeaderElection6] INFO  server.RaftServerConfigKeys (ConfUtils.java:logGet(43)) - raft.server.watch.element-limit = 65536 (default)
2019-09-26 20:15:17,111 [d03460e2-731b-4fec-8083-99c6044121d1@group-7EE7047C43EE:LeaderElection6] INFO  impl.RoleInfo (RoleInfo.java:updateAndGet(143)) - d03460e2-731b-4fec-8083-99c6044121d1: start LeaderState
2019-09-26 20:15:17,112 [d03460e2-731b-4fec-8083-99c6044121d1@group-7EE7047C43EE:LeaderElection6] INFO  segmented.SegmentedRaftLogWorker (SegmentedRaftLogWorker.java:startLogSegment(380)) - d03460e2-731b-4fec-8083-99c6044121d1@group-7EE7047C43EE-SegmentedRaftLogWorker: Starting segment from index:0
2019-09-26 20:15:17,112 [d03460e2-731b-4fec-8083-99c6044121d1@group-7EE7047C43EE:LeaderElection6] INFO  impl.RaftServerImpl (ServerState.java:setRaftConf(354)) - d03460e2-731b-4fec-8083-99c6044121d1@group-7EE7047C43EE: set configuration 0: [d03460e2-731b-4fec-8083-99c6044121d1:192.168.151.109:33161], old=null at 0
2019-09-26 20:15:17,165 [d03460e2-731b-4fec-8083-99c6044121d1@group-7EE7047C43EE-SegmentedRaftLogWorker] INFO  segmented.SegmentedRaftLogWorker (SegmentedRaftLogWorker.java:execute(569)) - d03460e2-731b-4fec-8083-99c6044121d1@group-7EE7047C43EE-SegmentedRaftLogWorker: created new log segment /workdir/hadoop-ozone/integration-test/target/test-dir/MiniOzoneClusterImpl-b4cfdfda-c500-4180-9b02-0b7d7f1c7e35/datanode-8/data/ratis/cfebc0cf-d277-4a8d-b581-7ee7047c43ee/current/log_inprogress_0
2019-09-26 20:15:17,232 [Thread-303] INFO  impl.FollowerState (FollowerState.java:run(106)) - f78f22b6-c87a-4579-a1c5-2b9c4d89f592:group-131B748D705C changes to CANDIDATE, lastRpcTime:5063, electionTimeout:5063ms
2019-09-26 20:15:17,233 [Thread-303] INFO  impl.RoleInfo (RoleInfo.java:shutdownFollowerState(121)) - f78f22b6-c87a-4579-a1c5-2b9c4d89f592: shutdown FollowerState
2019-09-26 20:15:17,233 [Thread-303] INFO  impl.RaftServerImpl (RaftServerImpl.java:setRole(174)) - f78f22b6-c87a-4579-a1c5-2b9c4d89f592@group-131B748D705C: changes role from  FOLLOWER to CANDIDATE at term 0 for changeToCandidate
2019-09-26 20:15:17,233 [Thread-303] INFO  impl.RoleInfo (RoleInfo.java:updateAndGet(143)) - f78f22b6-c87a-4579-a1c5-2b9c4d89f592: start LeaderElection
2019-09-26 20:15:17,252 [f78f22b6-c87a-4579-a1c5-2b9c4d89f592@group-131B748D705C:LeaderElection7] INFO  impl.LeaderElection (LeaderElection.java:askForVotes(182)) - f78f22b6-c87a-4579-a1c5-2b9c4d89f592@group-131B748D705C:LeaderElection7: begin an election at term 1 for -1: [f78f22b6-c87a-4579-a1c5-2b9c4d89f592:192.168.151.109:37490], old=null
2019-09-26 20:15:17,252 [f78f22b6-c87a-4579-a1c5-2b9c4d89f592@group-131B748D705C:LeaderElection7] INFO  impl.RoleInfo (RoleInfo.java:shutdownLeaderElection(134)) - f78f22b6-c87a-4579-a1c5-2b9c4d89f592: shutdown LeaderElection
2019-09-26 20:15:17,252 [f78f22b6-c87a-4579-a1c5-2b9c4d89f592@group-131B748D705C:LeaderElection7] INFO  impl.RaftServerImpl (RaftServerImpl.java:setRole(174)) - f78f22b6-c87a-4579-a1c5-2b9c4d89f592@group-131B748D705C: changes role from CANDIDATE to LEADER at term 1 for changeToLeader
2019-09-26 20:15:17,252 [f78f22b6-c87a-4579-a1c5-2b9c4d89f592@group-131B748D705C:LeaderElection7] INFO  impl.RaftServerImpl (ServerState.java:setLeader(253)) - f78f22b6-c87a-4579-a1c5-2b9c4d89f592@group-131B748D705C: change Leader from null to f78f22b6-c87a-4579-a1c5-2b9c4d89f592 at term 1 for becomeLeader, leader elected after 5092ms
2019-09-26 20:15:17,253 [f78f22b6-c87a-4579-a1c5-2b9c4d89f592@group-131B748D705C:LeaderElection7] INFO  server.RaftServerConfigKeys (ConfUtils.java:logGet(43)) - raft.server.staging.catchup.gap = 1000 (default)
2019-09-26 20:15:17,253 [f78f22b6-c87a-4579-a1c5-2b9c4d89f592@group-131B748D705C:LeaderElection7] INFO  server.RaftServerConfigKeys (ConfUtils.java:logGet(43)) - raft.server.rpc.sleep.time = 25ms (default)
2019-09-26 20:15:17,253 [f78f22b6-c87a-4579-a1c5-2b9c4d89f592@group-131B748D705C:LeaderElection7] INFO  server.RaftServerConfigKeys (ConfUtils.java:logGet(43)) - raft.server.write.element-limit = 4096 (default)
2019-09-26 20:15:17,253 [f78f22b6-c87a-4579-a1c5-2b9c4d89f592@group-131B748D705C:LeaderElection7] INFO  server.RaftServerConfigKeys (ConfUtils.java:logGet(43)) - raft.server.watch.timeout = 10s (default)
2019-09-26 20:15:17,253 [f78f22b6-c87a-4579-a1c5-2b9c4d89f592@group-131B748D705C:LeaderElection7] INFO  server.RaftServerConfigKeys (ConfUtils.java:logGet(43)) - raft.server.watch.timeout.denomination = 1s (default)
2019-09-26 20:15:17,253 [f78f22b6-c87a-4579-a1c5-2b9c4d89f592@group-131B748D705C:LeaderElection7] INFO  server.RaftServerConfigKeys (ConfUtils.java:logGet(43)) - raft.server.watch.element-limit = 65536 (default)
2019-09-26 20:15:17,256 [f78f22b6-c87a-4579-a1c5-2b9c4d89f592@group-131B748D705C:LeaderElection7] INFO  impl.RoleInfo (RoleInfo.java:updateAndGet(143)) - f78f22b6-c87a-4579-a1c5-2b9c4d89f592: start LeaderState
2019-09-26 20:15:17,256 [f78f22b6-c87a-4579-a1c5-2b9c4d89f592@group-131B748D705C:LeaderElection7] INFO  segmented.SegmentedRaftLogWorker (SegmentedRaftLogWorker.java:startLogSegment(380)) - f78f22b6-c87a-4579-a1c5-2b9c4d89f592@group-131B748D705C-SegmentedRaftLogWorker: Starting segment from index:0
2019-09-26 20:15:17,257 [f78f22b6-c87a-4579-a1c5-2b9c4d89f592@group-131B748D705C:LeaderElection7] INFO  impl.RaftServerImpl (ServerState.java:setRaftConf(354)) - f78f22b6-c87a-4579-a1c5-2b9c4d89f592@group-131B748D705C: set configuration 0: [f78f22b6-c87a-4579-a1c5-2b9c4d89f592:192.168.151.109:37490], old=null at 0
2019-09-26 20:15:17,307 [f78f22b6-c87a-4579-a1c5-2b9c4d89f592@group-131B748D705C-SegmentedRaftLogWorker] INFO  segmented.SegmentedRaftLogWorker (SegmentedRaftLogWorker.java:execute(569)) - f78f22b6-c87a-4579-a1c5-2b9c4d89f592@group-131B748D705C-SegmentedRaftLogWorker: created new log segment /workdir/hadoop-ozone/integration-test/target/test-dir/MiniOzoneClusterImpl-b4cfdfda-c500-4180-9b02-0b7d7f1c7e35/datanode-2/data/ratis/893149a5-80fd-48f3-a1d8-131b748d705c/current/log_inprogress_0
2019-09-26 20:15:17,342 [Thread-306] INFO  impl.FollowerState (FollowerState.java:run(106)) - 1da6c6b2-4783-4731-8f15-62229f4dfdb4:group-8E992C7E0308 changes to CANDIDATE, lastRpcTime:5088, electionTimeout:5088ms
2019-09-26 20:15:17,342 [Thread-306] INFO  impl.RoleInfo (RoleInfo.java:shutdownFollowerState(121)) - 1da6c6b2-4783-4731-8f15-62229f4dfdb4: shutdown FollowerState
2019-09-26 20:15:17,343 [Thread-306] INFO  impl.RaftServerImpl (RaftServerImpl.java:setRole(174)) - 1da6c6b2-4783-4731-8f15-62229f4dfdb4@group-8E992C7E0308: changes role from  FOLLOWER to CANDIDATE at term 0 for changeToCandidate
2019-09-26 20:15:17,343 [Thread-306] INFO  impl.RoleInfo (RoleInfo.java:updateAndGet(143)) - 1da6c6b2-4783-4731-8f15-62229f4dfdb4: start LeaderElection
2019-09-26 20:15:17,371 [1da6c6b2-4783-4731-8f15-62229f4dfdb4@group-8E992C7E0308:LeaderElection8] INFO  impl.LeaderElection (LeaderElection.java:askForVotes(182)) - 1da6c6b2-4783-4731-8f15-62229f4dfdb4@group-8E992C7E0308:LeaderElection8: begin an election at term 1 for -1: [1da6c6b2-4783-4731-8f15-62229f4dfdb4:192.168.151.109:42892], old=null
2019-09-26 20:15:17,371 [1da6c6b2-4783-4731-8f15-62229f4dfdb4@group-8E992C7E0308:LeaderElection8] INFO  impl.RoleInfo (RoleInfo.java:shutdownLeaderElection(134)) - 1da6c6b2-4783-4731-8f15-62229f4dfdb4: shutdown LeaderElection
2019-09-26 20:15:17,371 [1da6c6b2-4783-4731-8f15-62229f4dfdb4@group-8E992C7E0308:LeaderElection8] INFO  impl.RaftServerImpl (RaftServerImpl.java:setRole(174)) - 1da6c6b2-4783-4731-8f15-62229f4dfdb4@group-8E992C7E0308: changes role from CANDIDATE to LEADER at term 1 for changeToLeader
2019-09-26 20:15:17,371 [1da6c6b2-4783-4731-8f15-62229f4dfdb4@group-8E992C7E0308:LeaderElection8] INFO  impl.RaftServerImpl (ServerState.java:setLeader(253)) - 1da6c6b2-4783-4731-8f15-62229f4dfdb4@group-8E992C7E0308: change Leader from null to 1da6c6b2-4783-4731-8f15-62229f4dfdb4 at term 1 for becomeLeader, leader elected after 5125ms
2019-09-26 20:15:17,371 [1da6c6b2-4783-4731-8f15-62229f4dfdb4@group-8E992C7E0308:LeaderElection8] INFO  server.RaftServerConfigKeys (ConfUtils.java:logGet(43)) - raft.server.staging.catchup.gap = 1000 (default)
2019-09-26 20:15:17,372 [1da6c6b2-4783-4731-8f15-62229f4dfdb4@group-8E992C7E0308:LeaderElection8] INFO  server.RaftServerConfigKeys (ConfUtils.java:logGet(43)) - raft.server.rpc.sleep.time = 25ms (default)
2019-09-26 20:15:17,372 [1da6c6b2-4783-4731-8f15-62229f4dfdb4@group-8E992C7E0308:LeaderElection8] INFO  server.RaftServerConfigKeys (ConfUtils.java:logGet(43)) - raft.server.write.element-limit = 4096 (default)
2019-09-26 20:15:17,372 [1da6c6b2-4783-4731-8f15-62229f4dfdb4@group-8E992C7E0308:LeaderElection8] INFO  server.RaftServerConfigKeys (ConfUtils.java:logGet(43)) - raft.server.watch.timeout = 10s (default)
2019-09-26 20:15:17,372 [1da6c6b2-4783-4731-8f15-62229f4dfdb4@group-8E992C7E0308:LeaderElection8] INFO  server.RaftServerConfigKeys (ConfUtils.java:logGet(43)) - raft.server.watch.timeout.denomination = 1s (default)
2019-09-26 20:15:17,372 [1da6c6b2-4783-4731-8f15-62229f4dfdb4@group-8E992C7E0308:LeaderElection8] INFO  server.RaftServerConfigKeys (ConfUtils.java:logGet(43)) - raft.server.watch.element-limit = 65536 (default)
2019-09-26 20:15:17,375 [1da6c6b2-4783-4731-8f15-62229f4dfdb4@group-8E992C7E0308:LeaderElection8] INFO  impl.RoleInfo (RoleInfo.java:updateAndGet(143)) - 1da6c6b2-4783-4731-8f15-62229f4dfdb4: start LeaderState
2019-09-26 20:15:17,375 [1da6c6b2-4783-4731-8f15-62229f4dfdb4@group-8E992C7E0308:LeaderElection8] INFO  segmented.SegmentedRaftLogWorker (SegmentedRaftLogWorker.java:startLogSegment(380)) - 1da6c6b2-4783-4731-8f15-62229f4dfdb4@group-8E992C7E0308-SegmentedRaftLogWorker: Starting segment from index:0
2019-09-26 20:15:17,376 [1da6c6b2-4783-4731-8f15-62229f4dfdb4@group-8E992C7E0308:LeaderElection8] INFO  impl.RaftServerImpl (ServerState.java:setRaftConf(354)) - 1da6c6b2-4783-4731-8f15-62229f4dfdb4@group-8E992C7E0308: set configuration 0: [1da6c6b2-4783-4731-8f15-62229f4dfdb4:192.168.151.109:42892], old=null at 0
2019-09-26 20:15:17,422 [Thread-309] INFO  impl.FollowerState (FollowerState.java:run(106)) - 0955c41b-5120-474c-be8a-331162b53db7:group-9121D1F47AEF changes to CANDIDATE, lastRpcTime:5085, electionTimeout:5085ms
2019-09-26 20:15:17,422 [Thread-309] INFO  impl.RoleInfo (RoleInfo.java:shutdownFollowerState(121)) - 0955c41b-5120-474c-be8a-331162b53db7: shutdown FollowerState
2019-09-26 20:15:17,422 [Thread-309] INFO  impl.RaftServerImpl (RaftServerImpl.java:setRole(174)) - 0955c41b-5120-474c-be8a-331162b53db7@group-9121D1F47AEF: changes role from  FOLLOWER to CANDIDATE at term 0 for changeToCandidate
2019-09-26 20:15:17,422 [Thread-309] INFO  impl.RoleInfo (RoleInfo.java:updateAndGet(143)) - 0955c41b-5120-474c-be8a-331162b53db7: start LeaderElection
2019-09-26 20:15:17,427 [1da6c6b2-4783-4731-8f15-62229f4dfdb4@group-8E992C7E0308-SegmentedRaftLogWorker] INFO  segmented.SegmentedRaftLogWorker (SegmentedRaftLogWorker.java:execute(569)) - 1da6c6b2-4783-4731-8f15-62229f4dfdb4@group-8E992C7E0308-SegmentedRaftLogWorker: created new log segment /workdir/hadoop-ozone/integration-test/target/test-dir/MiniOzoneClusterImpl-b4cfdfda-c500-4180-9b02-0b7d7f1c7e35/datanode-7/data/ratis/5e77f981-5c05-48ea-a45a-8e992c7e0308/current/log_inprogress_0
2019-09-26 20:15:17,444 [0955c41b-5120-474c-be8a-331162b53db7@group-9121D1F47AEF:LeaderElection9] INFO  impl.LeaderElection (LeaderElection.java:askForVotes(182)) - 0955c41b-5120-474c-be8a-331162b53db7@group-9121D1F47AEF:LeaderElection9: begin an election at term 1 for -1: [0955c41b-5120-474c-be8a-331162b53db7:192.168.151.109:36383], old=null
2019-09-26 20:15:17,445 [0955c41b-5120-474c-be8a-331162b53db7@group-9121D1F47AEF:LeaderElection9] INFO  impl.RoleInfo (RoleInfo.java:shutdownLeaderElection(134)) - 0955c41b-5120-474c-be8a-331162b53db7: shutdown LeaderElection
2019-09-26 20:15:17,445 [0955c41b-5120-474c-be8a-331162b53db7@group-9121D1F47AEF:LeaderElection9] INFO  impl.RaftServerImpl (RaftServerImpl.java:setRole(174)) - 0955c41b-5120-474c-be8a-331162b53db7@group-9121D1F47AEF: changes role from CANDIDATE to LEADER at term 1 for changeToLeader
2019-09-26 20:15:17,445 [0955c41b-5120-474c-be8a-331162b53db7@group-9121D1F47AEF:LeaderElection9] INFO  impl.RaftServerImpl (ServerState.java:setLeader(253)) - 0955c41b-5120-474c-be8a-331162b53db7@group-9121D1F47AEF: change Leader from null to 0955c41b-5120-474c-be8a-331162b53db7 at term 1 for becomeLeader, leader elected after 5115ms
2019-09-26 20:15:17,445 [0955c41b-5120-474c-be8a-331162b53db7@group-9121D1F47AEF:LeaderElection9] INFO  server.RaftServerConfigKeys (ConfUtils.java:logGet(43)) - raft.server.staging.catchup.gap = 1000 (default)
2019-09-26 20:15:17,445 [0955c41b-5120-474c-be8a-331162b53db7@group-9121D1F47AEF:LeaderElection9] INFO  server.RaftServerConfigKeys (ConfUtils.java:logGet(43)) - raft.server.rpc.sleep.time = 25ms (default)
2019-09-26 20:15:17,446 [0955c41b-5120-474c-be8a-331162b53db7@group-9121D1F47AEF:LeaderElection9] INFO  server.RaftServerConfigKeys (ConfUtils.java:logGet(43)) - raft.server.write.element-limit = 4096 (default)
2019-09-26 20:15:17,446 [0955c41b-5120-474c-be8a-331162b53db7@group-9121D1F47AEF:LeaderElection9] INFO  server.RaftServerConfigKeys (ConfUtils.java:logGet(43)) - raft.server.watch.timeout = 10s (default)
2019-09-26 20:15:17,446 [0955c41b-5120-474c-be8a-331162b53db7@group-9121D1F47AEF:LeaderElection9] INFO  server.RaftServerConfigKeys (ConfUtils.java:logGet(43)) - raft.server.watch.timeout.denomination = 1s (default)
2019-09-26 20:15:17,446 [0955c41b-5120-474c-be8a-331162b53db7@group-9121D1F47AEF:LeaderElection9] INFO  server.RaftServerConfigKeys (ConfUtils.java:logGet(43)) - raft.server.watch.element-limit = 65536 (default)
2019-09-26 20:15:17,449 [0955c41b-5120-474c-be8a-331162b53db7@group-9121D1F47AEF:LeaderElection9] INFO  impl.RoleInfo (RoleInfo.java:updateAndGet(143)) - 0955c41b-5120-474c-be8a-331162b53db7: start LeaderState
2019-09-26 20:15:17,449 [0955c41b-5120-474c-be8a-331162b53db7@group-9121D1F47AEF:LeaderElection9] INFO  segmented.SegmentedRaftLogWorker (SegmentedRaftLogWorker.java:startLogSegment(380)) - 0955c41b-5120-474c-be8a-331162b53db7@group-9121D1F47AEF-SegmentedRaftLogWorker: Starting segment from index:0
2019-09-26 20:15:17,450 [0955c41b-5120-474c-be8a-331162b53db7@group-9121D1F47AEF:LeaderElection9] INFO  impl.RaftServerImpl (ServerState.java:setRaftConf(354)) - 0955c41b-5120-474c-be8a-331162b53db7@group-9121D1F47AEF: set configuration 0: [0955c41b-5120-474c-be8a-331162b53db7:192.168.151.109:36383], old=null at 0
2019-09-26 20:15:17,507 [0955c41b-5120-474c-be8a-331162b53db7@group-9121D1F47AEF-SegmentedRaftLogWorker] INFO  segmented.SegmentedRaftLogWorker (SegmentedRaftLogWorker.java:execute(569)) - 0955c41b-5120-474c-be8a-331162b53db7@group-9121D1F47AEF-SegmentedRaftLogWorker: created new log segment /workdir/hadoop-ozone/integration-test/target/test-dir/MiniOzoneClusterImpl-b4cfdfda-c500-4180-9b02-0b7d7f1c7e35/datanode-1/data/ratis/9e466ee5-5854-48be-b1d8-9121d1f47aef/current/log_inprogress_0
2019-09-26 20:15:17,544 [main] INFO  ipc.Client (Client.java:handleConnectionFailure(948)) - Retrying connect to server: localhost/127.0.0.1:0. Already tried 4 time(s); retry policy is RetryUpToMaximumCountWithFixedSleep(maxRetries=10, sleepTime=1000 MILLISECONDS)
2019-09-26 20:15:17,578 [Thread-312] INFO  impl.FollowerState (FollowerState.java:run(106)) - 2d7db0fd-6fea-47bf-b6a6-a970e74572bb:group-937BB9560088 changes to CANDIDATE, lastRpcTime:5129, electionTimeout:5129ms
2019-09-26 20:15:17,578 [Thread-312] INFO  impl.RoleInfo (RoleInfo.java:shutdownFollowerState(121)) - 2d7db0fd-6fea-47bf-b6a6-a970e74572bb: shutdown FollowerState
2019-09-26 20:15:17,578 [Thread-312] INFO  impl.RaftServerImpl (RaftServerImpl.java:setRole(174)) - 2d7db0fd-6fea-47bf-b6a6-a970e74572bb@group-937BB9560088: changes role from  FOLLOWER to CANDIDATE at term 0 for changeToCandidate
2019-09-26 20:15:17,579 [Thread-312] INFO  impl.RoleInfo (RoleInfo.java:updateAndGet(143)) - 2d7db0fd-6fea-47bf-b6a6-a970e74572bb: start LeaderElection
2019-09-26 20:15:17,599 [2d7db0fd-6fea-47bf-b6a6-a970e74572bb@group-937BB9560088:LeaderElection10] INFO  impl.LeaderElection (LeaderElection.java:askForVotes(182)) - 2d7db0fd-6fea-47bf-b6a6-a970e74572bb@group-937BB9560088:LeaderElection10: begin an election at term 1 for -1: [2d7db0fd-6fea-47bf-b6a6-a970e74572bb:192.168.151.109:46576], old=null
2019-09-26 20:15:17,600 [2d7db0fd-6fea-47bf-b6a6-a970e74572bb@group-937BB9560088:LeaderElection10] INFO  impl.RoleInfo (RoleInfo.java:shutdownLeaderElection(134)) - 2d7db0fd-6fea-47bf-b6a6-a970e74572bb: shutdown LeaderElection
2019-09-26 20:15:17,600 [2d7db0fd-6fea-47bf-b6a6-a970e74572bb@group-937BB9560088:LeaderElection10] INFO  impl.RaftServerImpl (RaftServerImpl.java:setRole(174)) - 2d7db0fd-6fea-47bf-b6a6-a970e74572bb@group-937BB9560088: changes role from CANDIDATE to LEADER at term 1 for changeToLeader
2019-09-26 20:15:17,600 [2d7db0fd-6fea-47bf-b6a6-a970e74572bb@group-937BB9560088:LeaderElection10] INFO  impl.RaftServerImpl (ServerState.java:setLeader(253)) - 2d7db0fd-6fea-47bf-b6a6-a970e74572bb@group-937BB9560088: change Leader from null to 2d7db0fd-6fea-47bf-b6a6-a970e74572bb at term 1 for becomeLeader, leader elected after 5162ms
2019-09-26 20:15:17,600 [2d7db0fd-6fea-47bf-b6a6-a970e74572bb@group-937BB9560088:LeaderElection10] INFO  server.RaftServerConfigKeys (ConfUtils.java:logGet(43)) - raft.server.staging.catchup.gap = 1000 (default)
2019-09-26 20:15:17,600 [2d7db0fd-6fea-47bf-b6a6-a970e74572bb@group-937BB9560088:LeaderElection10] INFO  server.RaftServerConfigKeys (ConfUtils.java:logGet(43)) - raft.server.rpc.sleep.time = 25ms (default)
2019-09-26 20:15:17,600 [2d7db0fd-6fea-47bf-b6a6-a970e74572bb@group-937BB9560088:LeaderElection10] INFO  server.RaftServerConfigKeys (ConfUtils.java:logGet(43)) - raft.server.write.element-limit = 4096 (default)
2019-09-26 20:15:17,601 [2d7db0fd-6fea-47bf-b6a6-a970e74572bb@group-937BB9560088:LeaderElection10] INFO  server.RaftServerConfigKeys (ConfUtils.java:logGet(43)) - raft.server.watch.timeout = 10s (default)
2019-09-26 20:15:17,601 [2d7db0fd-6fea-47bf-b6a6-a970e74572bb@group-937BB9560088:LeaderElection10] INFO  server.RaftServerConfigKeys (ConfUtils.java:logGet(43)) - raft.server.watch.timeout.denomination = 1s (default)
2019-09-26 20:15:17,601 [2d7db0fd-6fea-47bf-b6a6-a970e74572bb@group-937BB9560088:LeaderElection10] INFO  server.RaftServerConfigKeys (ConfUtils.java:logGet(43)) - raft.server.watch.element-limit = 65536 (default)
2019-09-26 20:15:17,603 [2d7db0fd-6fea-47bf-b6a6-a970e74572bb@group-937BB9560088:LeaderElection10] INFO  impl.RoleInfo (RoleInfo.java:updateAndGet(143)) - 2d7db0fd-6fea-47bf-b6a6-a970e74572bb: start LeaderState
2019-09-26 20:15:17,603 [2d7db0fd-6fea-47bf-b6a6-a970e74572bb@group-937BB9560088:LeaderElection10] INFO  segmented.SegmentedRaftLogWorker (SegmentedRaftLogWorker.java:startLogSegment(380)) - 2d7db0fd-6fea-47bf-b6a6-a970e74572bb@group-937BB9560088-SegmentedRaftLogWorker: Starting segment from index:0
2019-09-26 20:15:17,604 [2d7db0fd-6fea-47bf-b6a6-a970e74572bb@group-937BB9560088:LeaderElection10] INFO  impl.RaftServerImpl (ServerState.java:setRaftConf(354)) - 2d7db0fd-6fea-47bf-b6a6-a970e74572bb@group-937BB9560088: set configuration 0: [2d7db0fd-6fea-47bf-b6a6-a970e74572bb:192.168.151.109:46576], old=null at 0
2019-09-26 20:15:17,660 [Thread-321] INFO  impl.FollowerState (FollowerState.java:run(106)) - 091d78c8-8aa5-4dc3-975f-4b808abe8813:group-EA33E358620B changes to CANDIDATE, lastRpcTime:5084, electionTimeout:5082ms
2019-09-26 20:15:17,660 [Thread-321] INFO  impl.RoleInfo (RoleInfo.java:shutdownFollowerState(121)) - 091d78c8-8aa5-4dc3-975f-4b808abe8813: shutdown FollowerState
2019-09-26 20:15:17,661 [Thread-321] INFO  impl.RaftServerImpl (RaftServerImpl.java:setRole(174)) - 091d78c8-8aa5-4dc3-975f-4b808abe8813@group-EA33E358620B: changes role from  FOLLOWER to CANDIDATE at term 0 for changeToCandidate
2019-09-26 20:15:17,661 [2d7db0fd-6fea-47bf-b6a6-a970e74572bb@group-937BB9560088-SegmentedRaftLogWorker] INFO  segmented.SegmentedRaftLogWorker (SegmentedRaftLogWorker.java:execute(569)) - 2d7db0fd-6fea-47bf-b6a6-a970e74572bb@group-937BB9560088-SegmentedRaftLogWorker: created new log segment /workdir/hadoop-ozone/integration-test/target/test-dir/MiniOzoneClusterImpl-b4cfdfda-c500-4180-9b02-0b7d7f1c7e35/datanode-6/data/ratis/6563e614-1fa1-460e-ba6e-937bb9560088/current/log_inprogress_0
2019-09-26 20:15:17,661 [Thread-321] INFO  impl.RoleInfo (RoleInfo.java:updateAndGet(143)) - 091d78c8-8aa5-4dc3-975f-4b808abe8813: start LeaderElection
2019-09-26 20:15:17,674 [091d78c8-8aa5-4dc3-975f-4b808abe8813@group-EA33E358620B:LeaderElection11] INFO  impl.LeaderElection (LeaderElection.java:askForVotes(182)) - 091d78c8-8aa5-4dc3-975f-4b808abe8813@group-EA33E358620B:LeaderElection11: begin an election at term 1 for -1: [3cc8baef-c687-471e-92fa-b0689bf72958:192.168.151.109:37821, 091d78c8-8aa5-4dc3-975f-4b808abe8813:192.168.151.109:45519, 0c122c34-51b6-48d8-aceb-004b9b387362:192.168.151.109:44391], old=null
2019-09-26 20:15:17,683 [Thread-318] INFO  impl.FollowerState (FollowerState.java:run(106)) - 0c122c34-51b6-48d8-aceb-004b9b387362:group-EA33E358620B changes to CANDIDATE, lastRpcTime:5122, electionTimeout:5122ms
2019-09-26 20:15:17,683 [Thread-318] INFO  impl.RoleInfo (RoleInfo.java:shutdownFollowerState(121)) - 0c122c34-51b6-48d8-aceb-004b9b387362: shutdown FollowerState
2019-09-26 20:15:17,683 [Thread-318] INFO  impl.RaftServerImpl (RaftServerImpl.java:setRole(174)) - 0c122c34-51b6-48d8-aceb-004b9b387362@group-EA33E358620B: changes role from  FOLLOWER to CANDIDATE at term 0 for changeToCandidate
2019-09-26 20:15:17,684 [Thread-318] INFO  impl.RoleInfo (RoleInfo.java:updateAndGet(143)) - 0c122c34-51b6-48d8-aceb-004b9b387362: start LeaderElection
2019-09-26 20:15:17,699 [Thread-329] INFO  impl.FollowerState (FollowerState.java:run(106)) - d03460e2-731b-4fec-8083-99c6044121d1:group-A46573F3A872 changes to CANDIDATE, lastRpcTime:5023, electionTimeout:5013ms
2019-09-26 20:15:17,701 [Thread-327] INFO  impl.FollowerState (FollowerState.java:run(106)) - 989db53d-fc3b-4bf0-a4bf-0b82aa6828ba:group-A46573F3A872 changes to CANDIDATE, lastRpcTime:5042, electionTimeout:5041ms
2019-09-26 20:15:17,702 [Thread-329] INFO  impl.RoleInfo (RoleInfo.java:shutdownFollowerState(121)) - d03460e2-731b-4fec-8083-99c6044121d1: shutdown FollowerState
2019-09-26 20:15:17,702 [Thread-327] INFO  impl.RoleInfo (RoleInfo.java:shutdownFollowerState(121)) - 989db53d-fc3b-4bf0-a4bf-0b82aa6828ba: shutdown FollowerState
2019-09-26 20:15:17,702 [Thread-329] INFO  impl.RaftServerImpl (RaftServerImpl.java:setRole(174)) - d03460e2-731b-4fec-8083-99c6044121d1@group-A46573F3A872: changes role from  FOLLOWER to CANDIDATE at term 0 for changeToCandidate
2019-09-26 20:15:17,702 [Thread-327] INFO  impl.RaftServerImpl (RaftServerImpl.java:setRole(174)) - 989db53d-fc3b-4bf0-a4bf-0b82aa6828ba@group-A46573F3A872: changes role from  FOLLOWER to CANDIDATE at term 0 for changeToCandidate
2019-09-26 20:15:17,702 [Thread-329] INFO  impl.RoleInfo (RoleInfo.java:updateAndGet(143)) - d03460e2-731b-4fec-8083-99c6044121d1: start LeaderElection
2019-09-26 20:15:17,702 [Thread-327] INFO  impl.RoleInfo (RoleInfo.java:updateAndGet(143)) - 989db53d-fc3b-4bf0-a4bf-0b82aa6828ba: start LeaderElection
2019-09-26 20:15:17,715 [0c122c34-51b6-48d8-aceb-004b9b387362@group-EA33E358620B:LeaderElection12] INFO  impl.LeaderElection (LeaderElection.java:askForVotes(182)) - 0c122c34-51b6-48d8-aceb-004b9b387362@group-EA33E358620B:LeaderElection12: begin an election at term 1 for -1: [3cc8baef-c687-471e-92fa-b0689bf72958:192.168.151.109:37821, 091d78c8-8aa5-4dc3-975f-4b808abe8813:192.168.151.109:45519, 0c122c34-51b6-48d8-aceb-004b9b387362:192.168.151.109:44391], old=null
2019-09-26 20:15:17,718 [989db53d-fc3b-4bf0-a4bf-0b82aa6828ba@group-A46573F3A872:LeaderElection14] INFO  impl.LeaderElection (LeaderElection.java:askForVotes(182)) - 989db53d-fc3b-4bf0-a4bf-0b82aa6828ba@group-A46573F3A872:LeaderElection14: begin an election at term 1 for -1: [d03460e2-731b-4fec-8083-99c6044121d1:192.168.151.109:33161, 273431b0-2aea-4281-baeb-0b2797c336e5:192.168.151.109:40537, 989db53d-fc3b-4bf0-a4bf-0b82aa6828ba:192.168.151.109:43493], old=null
2019-09-26 20:15:17,718 [d03460e2-731b-4fec-8083-99c6044121d1@group-A46573F3A872:LeaderElection13] INFO  impl.LeaderElection (LeaderElection.java:askForVotes(182)) - d03460e2-731b-4fec-8083-99c6044121d1@group-A46573F3A872:LeaderElection13: begin an election at term 1 for -1: [d03460e2-731b-4fec-8083-99c6044121d1:192.168.151.109:33161, 273431b0-2aea-4281-baeb-0b2797c336e5:192.168.151.109:40537, 989db53d-fc3b-4bf0-a4bf-0b82aa6828ba:192.168.151.109:43493], old=null
2019-09-26 20:15:17,749 [grpc-default-executor-3] INFO  impl.RaftServerImpl (RaftServerImpl.java:setRole(174)) - 3cc8baef-c687-471e-92fa-b0689bf72958@group-EA33E358620B: changes role from  FOLLOWER to FOLLOWER at term 1 for recognizeCandidate:091d78c8-8aa5-4dc3-975f-4b808abe8813
2019-09-26 20:15:17,749 [grpc-default-executor-3] INFO  impl.RoleInfo (RoleInfo.java:shutdownFollowerState(121)) - 3cc8baef-c687-471e-92fa-b0689bf72958: shutdown FollowerState
2019-09-26 20:15:17,749 [grpc-default-executor-3] INFO  impl.RoleInfo (RoleInfo.java:updateAndGet(143)) - 3cc8baef-c687-471e-92fa-b0689bf72958: start FollowerState
2019-09-26 20:15:17,768 [grpc-default-executor-1] INFO  impl.RaftServerImpl (RaftServerImpl.java:setRole(174)) - 273431b0-2aea-4281-baeb-0b2797c336e5@group-A46573F3A872: changes role from  FOLLOWER to FOLLOWER at term 1 for recognizeCandidate:989db53d-fc3b-4bf0-a4bf-0b82aa6828ba
2019-09-26 20:15:17,768 [grpc-default-executor-1] INFO  impl.RoleInfo (RoleInfo.java:shutdownFollowerState(121)) - 273431b0-2aea-4281-baeb-0b2797c336e5: shutdown FollowerState
2019-09-26 20:15:17,768 [grpc-default-executor-1] INFO  impl.RoleInfo (RoleInfo.java:updateAndGet(143)) - 273431b0-2aea-4281-baeb-0b2797c336e5: start FollowerState
2019-09-26 20:15:17,768 [Thread-330] INFO  impl.FollowerState (FollowerState.java:run(115)) - 273431b0-2aea-4281-baeb-0b2797c336e5: FollowerState was interrupted: java.lang.InterruptedException: sleep interrupted
2019-09-26 20:15:17,797 [989db53d-fc3b-4bf0-a4bf-0b82aa6828ba@group-A46573F3A872:LeaderElection14] INFO  impl.LeaderElection (LeaderElection.java:logAndReturn(56)) - 989db53d-fc3b-4bf0-a4bf-0b82aa6828ba@group-A46573F3A872:LeaderElection14: Election PASSED; received 2 response(s) [989db53d-fc3b-4bf0-a4bf-0b82aa6828ba<-d03460e2-731b-4fec-8083-99c6044121d1#0:FAIL-t1, 989db53d-fc3b-4bf0-a4bf-0b82aa6828ba<-273431b0-2aea-4281-baeb-0b2797c336e5#0:OK-t1] and 0 exception(s); 989db53d-fc3b-4bf0-a4bf-0b82aa6828ba@group-A46573F3A872:t1, leader=null, voted=989db53d-fc3b-4bf0-a4bf-0b82aa6828ba, raftlog=989db53d-fc3b-4bf0-a4bf-0b82aa6828ba@group-A46573F3A872-SegmentedRaftLog:OPENED:c-1,f-1,i0, conf=-1: [d03460e2-731b-4fec-8083-99c6044121d1:192.168.151.109:33161, 273431b0-2aea-4281-baeb-0b2797c336e5:192.168.151.109:40537, 989db53d-fc3b-4bf0-a4bf-0b82aa6828ba:192.168.151.109:43493], old=null
2019-09-26 20:15:17,798 [091d78c8-8aa5-4dc3-975f-4b808abe8813@group-EA33E358620B:LeaderElection11] INFO  impl.LeaderElection (LeaderElection.java:logAndReturn(56)) - 091d78c8-8aa5-4dc3-975f-4b808abe8813@group-EA33E358620B:LeaderElection11: Election PASSED; received 2 response(s) [091d78c8-8aa5-4dc3-975f-4b808abe8813<-3cc8baef-c687-471e-92fa-b0689bf72958#0:OK-t1, 091d78c8-8aa5-4dc3-975f-4b808abe8813<-0c122c34-51b6-48d8-aceb-004b9b387362#0:FAIL-t1] and 0 exception(s); 091d78c8-8aa5-4dc3-975f-4b808abe8813@group-EA33E358620B:t1, leader=null, voted=091d78c8-8aa5-4dc3-975f-4b808abe8813, raftlog=091d78c8-8aa5-4dc3-975f-4b808abe8813@group-EA33E358620B-SegmentedRaftLog:OPENED:c-1,f-1,i0, conf=-1: [3cc8baef-c687-471e-92fa-b0689bf72958:192.168.151.109:37821, 091d78c8-8aa5-4dc3-975f-4b808abe8813:192.168.151.109:45519, 0c122c34-51b6-48d8-aceb-004b9b387362:192.168.151.109:44391], old=null
2019-09-26 20:15:17,798 [d03460e2-731b-4fec-8083-99c6044121d1@group-A46573F3A872:LeaderElection13] INFO  impl.LeaderElection (LeaderElection.java:logAndReturn(56)) - d03460e2-731b-4fec-8083-99c6044121d1@group-A46573F3A872:LeaderElection13: Election REJECTED; received 2 response(s) [d03460e2-731b-4fec-8083-99c6044121d1<-273431b0-2aea-4281-baeb-0b2797c336e5#0:FAIL-t1, d03460e2-731b-4fec-8083-99c6044121d1<-989db53d-fc3b-4bf0-a4bf-0b82aa6828ba#0:FAIL-t1] and 0 exception(s); d03460e2-731b-4fec-8083-99c6044121d1@group-A46573F3A872:t1, leader=null, voted=d03460e2-731b-4fec-8083-99c6044121d1, raftlog=d03460e2-731b-4fec-8083-99c6044121d1@group-A46573F3A872-SegmentedRaftLog:OPENED:c-1,f-1,i0, conf=-1: [d03460e2-731b-4fec-8083-99c6044121d1:192.168.151.109:33161, 273431b0-2aea-4281-baeb-0b2797c336e5:192.168.151.109:40537, 989db53d-fc3b-4bf0-a4bf-0b82aa6828ba:192.168.151.109:43493], old=null
2019-09-26 20:15:17,800 [989db53d-fc3b-4bf0-a4bf-0b82aa6828ba@group-A46573F3A872:LeaderElection14] INFO  impl.RoleInfo (RoleInfo.java:shutdownLeaderElection(134)) - 989db53d-fc3b-4bf0-a4bf-0b82aa6828ba: shutdown LeaderElection
2019-09-26 20:15:17,798 [0c122c34-51b6-48d8-aceb-004b9b387362@group-EA33E358620B:LeaderElection12] INFO  impl.LeaderElection (LeaderElection.java:logAndReturn(56)) - 0c122c34-51b6-48d8-aceb-004b9b387362@group-EA33E358620B:LeaderElection12: Election REJECTED; received 2 response(s) [0c122c34-51b6-48d8-aceb-004b9b387362<-3cc8baef-c687-471e-92fa-b0689bf72958#0:FAIL-t1, 0c122c34-51b6-48d8-aceb-004b9b387362<-091d78c8-8aa5-4dc3-975f-4b808abe8813#0:FAIL-t1] and 0 exception(s); 0c122c34-51b6-48d8-aceb-004b9b387362@group-EA33E358620B:t1, leader=null, voted=0c122c34-51b6-48d8-aceb-004b9b387362, raftlog=0c122c34-51b6-48d8-aceb-004b9b387362@group-EA33E358620B-SegmentedRaftLog:OPENED:c-1,f-1,i0, conf=-1: [3cc8baef-c687-471e-92fa-b0689bf72958:192.168.151.109:37821, 091d78c8-8aa5-4dc3-975f-4b808abe8813:192.168.151.109:45519, 0c122c34-51b6-48d8-aceb-004b9b387362:192.168.151.109:44391], old=null
2019-09-26 20:15:17,802 [989db53d-fc3b-4bf0-a4bf-0b82aa6828ba@group-A46573F3A872:LeaderElection14] INFO  impl.RaftServerImpl (RaftServerImpl.java:setRole(174)) - 989db53d-fc3b-4bf0-a4bf-0b82aa6828ba@group-A46573F3A872: changes role from CANDIDATE to LEADER at term 1 for changeToLeader
2019-09-26 20:15:17,805 [0c122c34-51b6-48d8-aceb-004b9b387362@group-EA33E358620B:LeaderElection12] INFO  impl.RaftServerImpl (RaftServerImpl.java:setRole(174)) - 0c122c34-51b6-48d8-aceb-004b9b387362@group-EA33E358620B: changes role from CANDIDATE to FOLLOWER at term 1 for DISCOVERED_A_NEW_TERM
2019-09-26 20:15:17,800 [091d78c8-8aa5-4dc3-975f-4b808abe8813@group-EA33E358620B:LeaderElection11] INFO  impl.RoleInfo (RoleInfo.java:shutdownLeaderElection(134)) - 091d78c8-8aa5-4dc3-975f-4b808abe8813: shutdown LeaderElection
2019-09-26 20:15:17,812 [0c122c34-51b6-48d8-aceb-004b9b387362@group-EA33E358620B:LeaderElection12] INFO  impl.RoleInfo (RoleInfo.java:shutdownLeaderElection(134)) - 0c122c34-51b6-48d8-aceb-004b9b387362: shutdown LeaderElection
2019-09-26 20:15:17,810 [989db53d-fc3b-4bf0-a4bf-0b82aa6828ba@group-A46573F3A872:LeaderElection14] INFO  impl.RaftServerImpl (ServerState.java:setLeader(253)) - 989db53d-fc3b-4bf0-a4bf-0b82aa6828ba@group-A46573F3A872: change Leader from null to 989db53d-fc3b-4bf0-a4bf-0b82aa6828ba at term 1 for becomeLeader, leader elected after 5156ms
2019-09-26 20:15:17,812 [0c122c34-51b6-48d8-aceb-004b9b387362@group-EA33E358620B:LeaderElection12] INFO  impl.RoleInfo (RoleInfo.java:updateAndGet(143)) - 0c122c34-51b6-48d8-aceb-004b9b387362: start FollowerState
2019-09-26 20:15:17,805 [d03460e2-731b-4fec-8083-99c6044121d1@group-A46573F3A872:LeaderElection13] INFO  impl.RaftServerImpl (RaftServerImpl.java:setRole(174)) - d03460e2-731b-4fec-8083-99c6044121d1@group-A46573F3A872: changes role from CANDIDATE to FOLLOWER at term 1 for DISCOVERED_A_NEW_TERM
2019-09-26 20:15:17,812 [989db53d-fc3b-4bf0-a4bf-0b82aa6828ba@group-A46573F3A872:LeaderElection14] INFO  server.RaftServerConfigKeys (ConfUtils.java:logGet(43)) - raft.server.staging.catchup.gap = 1000 (default)
2019-09-26 20:15:17,812 [091d78c8-8aa5-4dc3-975f-4b808abe8813@group-EA33E358620B:LeaderElection11] INFO  impl.RaftServerImpl (RaftServerImpl.java:setRole(174)) - 091d78c8-8aa5-4dc3-975f-4b808abe8813@group-EA33E358620B: changes role from CANDIDATE to LEADER at term 1 for changeToLeader
2019-09-26 20:15:17,815 [989db53d-fc3b-4bf0-a4bf-0b82aa6828ba@group-A46573F3A872:LeaderElection14] INFO  server.RaftServerConfigKeys (ConfUtils.java:logGet(43)) - raft.server.rpc.sleep.time = 25ms (default)
2019-09-26 20:15:17,813 [d03460e2-731b-4fec-8083-99c6044121d1@group-A46573F3A872:LeaderElection13] INFO  impl.RoleInfo (RoleInfo.java:shutdownLeaderElection(134)) - d03460e2-731b-4fec-8083-99c6044121d1: shutdown LeaderElection
2019-09-26 20:15:17,815 [Thread-338] INFO  impl.FollowerState (FollowerState.java:run(106)) - 1da6c6b2-4783-4731-8f15-62229f4dfdb4:group-3E66980DBE97 changes to CANDIDATE, lastRpcTime:5055, electionTimeout:5054ms
2019-09-26 20:15:17,816 [d03460e2-731b-4fec-8083-99c6044121d1@group-A46573F3A872:LeaderElection13] INFO  impl.RoleInfo (RoleInfo.java:updateAndGet(143)) - d03460e2-731b-4fec-8083-99c6044121d1: start FollowerState
2019-09-26 20:15:17,816 [Thread-338] INFO  impl.RoleInfo (RoleInfo.java:shutdownFollowerState(121)) - 1da6c6b2-4783-4731-8f15-62229f4dfdb4: shutdown FollowerState
2019-09-26 20:15:17,815 [989db53d-fc3b-4bf0-a4bf-0b82aa6828ba@group-A46573F3A872:LeaderElection14] INFO  server.RaftServerConfigKeys (ConfUtils.java:logGet(43)) - raft.server.write.element-limit = 4096 (default)
2019-09-26 20:15:17,815 [091d78c8-8aa5-4dc3-975f-4b808abe8813@group-EA33E358620B:LeaderElection11] INFO  impl.RaftServerImpl (ServerState.java:setLeader(253)) - 091d78c8-8aa5-4dc3-975f-4b808abe8813@group-EA33E358620B: change Leader from null to 091d78c8-8aa5-4dc3-975f-4b808abe8813 at term 1 for becomeLeader, leader elected after 5268ms
2019-09-26 20:15:17,817 [989db53d-fc3b-4bf0-a4bf-0b82aa6828ba@group-A46573F3A872:LeaderElection14] INFO  server.RaftServerConfigKeys (ConfUtils.java:logGet(43)) - raft.server.watch.timeout = 10s (default)
2019-09-26 20:15:17,829 [091d78c8-8aa5-4dc3-975f-4b808abe8813@group-EA33E358620B:LeaderElection11] INFO  server.RaftServerConfigKeys (ConfUtils.java:logGet(43)) - raft.server.staging.catchup.gap = 1000 (default)
2019-09-26 20:15:17,829 [091d78c8-8aa5-4dc3-975f-4b808abe8813@group-EA33E358620B:LeaderElection11] INFO  server.RaftServerConfigKeys (ConfUtils.java:logGet(43)) - raft.server.rpc.sleep.time = 25ms (default)
2019-09-26 20:15:17,817 [Thread-338] INFO  impl.RaftServerImpl (RaftServerImpl.java:setRole(174)) - 1da6c6b2-4783-4731-8f15-62229f4dfdb4@group-3E66980DBE97: changes role from  FOLLOWER to CANDIDATE at term 0 for changeToCandidate
2019-09-26 20:15:17,829 [091d78c8-8aa5-4dc3-975f-4b808abe8813@group-EA33E358620B:LeaderElection11] INFO  server.RaftServerConfigKeys (ConfUtils.java:logGet(43)) - raft.server.write.element-limit = 4096 (default)
2019-09-26 20:15:17,829 [989db53d-fc3b-4bf0-a4bf-0b82aa6828ba@group-A46573F3A872:LeaderElection14] INFO  server.RaftServerConfigKeys (ConfUtils.java:logGet(43)) - raft.server.watch.timeout.denomination = 1s (default)
2019-09-26 20:15:17,830 [Thread-338] INFO  impl.RoleInfo (RoleInfo.java:updateAndGet(143)) - 1da6c6b2-4783-4731-8f15-62229f4dfdb4: start LeaderElection
2019-09-26 20:15:17,830 [091d78c8-8aa5-4dc3-975f-4b808abe8813@group-EA33E358620B:LeaderElection11] INFO  server.RaftServerConfigKeys (ConfUtils.java:logGet(43)) - raft.server.watch.timeout = 10s (default)
2019-09-26 20:15:17,830 [989db53d-fc3b-4bf0-a4bf-0b82aa6828ba@group-A46573F3A872:LeaderElection14] INFO  server.RaftServerConfigKeys (ConfUtils.java:logGet(43)) - raft.server.watch.element-limit = 65536 (default)
2019-09-26 20:15:17,830 [091d78c8-8aa5-4dc3-975f-4b808abe8813@group-EA33E358620B:LeaderElection11] INFO  server.RaftServerConfigKeys (ConfUtils.java:logGet(43)) - raft.server.watch.timeout.denomination = 1s (default)
2019-09-26 20:15:17,830 [091d78c8-8aa5-4dc3-975f-4b808abe8813@group-EA33E358620B:LeaderElection11] INFO  server.RaftServerConfigKeys (ConfUtils.java:logGet(43)) - raft.server.watch.element-limit = 65536 (default)
2019-09-26 20:15:17,842 [091d78c8-8aa5-4dc3-975f-4b808abe8813@group-EA33E358620B:LeaderElection11] INFO  server.RaftServerConfigKeys (ConfUtils.java:logGet(43)) - raft.server.log.appender.snapshot.chunk.size.max = 16MB (=16777216) (default)
2019-09-26 20:15:17,842 [989db53d-fc3b-4bf0-a4bf-0b82aa6828ba@group-A46573F3A872:LeaderElection14] INFO  server.RaftServerConfigKeys (ConfUtils.java:logGet(43)) - raft.server.log.appender.snapshot.chunk.size.max = 16MB (=16777216) (default)
2019-09-26 20:15:17,842 [091d78c8-8aa5-4dc3-975f-4b808abe8813@group-EA33E358620B:LeaderElection11] INFO  server.RaftServerConfigKeys (ConfUtils.java:logGet(43)) - raft.server.log.appender.buffer.byte-limit = 33554432 (custom)
2019-09-26 20:15:17,842 [989db53d-fc3b-4bf0-a4bf-0b82aa6828ba@group-A46573F3A872:LeaderElection14] INFO  server.RaftServerConfigKeys (ConfUtils.java:logGet(43)) - raft.server.log.appender.buffer.byte-limit = 33554432 (custom)
2019-09-26 20:15:17,843 [091d78c8-8aa5-4dc3-975f-4b808abe8813@group-EA33E358620B:LeaderElection11] INFO  server.RaftServerConfigKeys (ConfUtils.java:logGet(43)) - raft.server.log.appender.buffer.element-limit = 1 (custom)
2019-09-26 20:15:17,843 [989db53d-fc3b-4bf0-a4bf-0b82aa6828ba@group-A46573F3A872:LeaderElection14] INFO  server.RaftServerConfigKeys (ConfUtils.java:logGet(43)) - raft.server.log.appender.buffer.element-limit = 1 (custom)
2019-09-26 20:15:17,846 [091d78c8-8aa5-4dc3-975f-4b808abe8813@group-EA33E358620B:LeaderElection11] INFO  grpc.GrpcConfigKeys$Server (ConfUtils.java:logGet(43)) - raft.grpc.server.leader.outstanding.appends.max = 128 (default)
2019-09-26 20:15:17,848 [091d78c8-8aa5-4dc3-975f-4b808abe8813@group-EA33E358620B:LeaderElection11] INFO  server.RaftServerConfigKeys (ConfUtils.java:logGet(43)) - raft.server.rpc.request.timeout = 3000ms (default)
2019-09-26 20:15:17,848 [989db53d-fc3b-4bf0-a4bf-0b82aa6828ba@group-A46573F3A872:LeaderElection14] INFO  grpc.GrpcConfigKeys$Server (ConfUtils.java:logGet(43)) - raft.grpc.server.leader.outstanding.appends.max = 128 (default)
2019-09-26 20:15:17,848 [091d78c8-8aa5-4dc3-975f-4b808abe8813@group-EA33E358620B:LeaderElection11] INFO  server.RaftServerConfigKeys (ConfUtils.java:logGet(43)) - raft.server.log.appender.install.snapshot.enabled = false (custom)
2019-09-26 20:15:17,849 [989db53d-fc3b-4bf0-a4bf-0b82aa6828ba@group-A46573F3A872:LeaderElection14] INFO  server.RaftServerConfigKeys (ConfUtils.java:logGet(43)) - raft.server.rpc.request.timeout = 3000ms (default)
2019-09-26 20:15:17,849 [989db53d-fc3b-4bf0-a4bf-0b82aa6828ba@group-A46573F3A872:LeaderElection14] INFO  server.RaftServerConfigKeys (ConfUtils.java:logGet(43)) - raft.server.log.appender.install.snapshot.enabled = false (custom)
2019-09-26 20:15:17,849 [1da6c6b2-4783-4731-8f15-62229f4dfdb4@group-3E66980DBE97:LeaderElection15] INFO  impl.LeaderElection (LeaderElection.java:askForVotes(182)) - 1da6c6b2-4783-4731-8f15-62229f4dfdb4@group-3E66980DBE97:LeaderElection15: begin an election at term 1 for -1: [f78f22b6-c87a-4579-a1c5-2b9c4d89f592:192.168.151.109:37490, 1da6c6b2-4783-4731-8f15-62229f4dfdb4:192.168.151.109:42892, 0955c41b-5120-474c-be8a-331162b53db7:192.168.151.109:36383], old=null
2019-09-26 20:15:17,850 [091d78c8-8aa5-4dc3-975f-4b808abe8813@group-EA33E358620B:LeaderElection11] INFO  server.RaftServerConfigKeys (ConfUtils.java:logGet(43)) - raft.server.log.appender.snapshot.chunk.size.max = 16MB (=16777216) (default)
2019-09-26 20:15:17,850 [989db53d-fc3b-4bf0-a4bf-0b82aa6828ba@group-A46573F3A872:LeaderElection14] INFO  server.RaftServerConfigKeys (ConfUtils.java:logGet(43)) - raft.server.log.appender.snapshot.chunk.size.max = 16MB (=16777216) (default)
2019-09-26 20:15:17,850 [091d78c8-8aa5-4dc3-975f-4b808abe8813@group-EA33E358620B:LeaderElection11] INFO  server.RaftServerConfigKeys (ConfUtils.java:logGet(43)) - raft.server.log.appender.buffer.byte-limit = 33554432 (custom)
2019-09-26 20:15:17,850 [989db53d-fc3b-4bf0-a4bf-0b82aa6828ba@group-A46573F3A872:LeaderElection14] INFO  server.RaftServerConfigKeys (ConfUtils.java:logGet(43)) - raft.server.log.appender.buffer.byte-limit = 33554432 (custom)
2019-09-26 20:15:17,850 [091d78c8-8aa5-4dc3-975f-4b808abe8813@group-EA33E358620B:LeaderElection11] INFO  server.RaftServerConfigKeys (ConfUtils.java:logGet(43)) - raft.server.log.appender.buffer.element-limit = 1 (custom)
2019-09-26 20:15:17,851 [989db53d-fc3b-4bf0-a4bf-0b82aa6828ba@group-A46573F3A872:LeaderElection14] INFO  server.RaftServerConfigKeys (ConfUtils.java:logGet(43)) - raft.server.log.appender.buffer.element-limit = 1 (custom)
2019-09-26 20:15:17,853 [091d78c8-8aa5-4dc3-975f-4b808abe8813@group-EA33E358620B:LeaderElection11] INFO  grpc.GrpcConfigKeys$Server (ConfUtils.java:logGet(43)) - raft.grpc.server.leader.outstanding.appends.max = 128 (default)
2019-09-26 20:15:17,853 [091d78c8-8aa5-4dc3-975f-4b808abe8813@group-EA33E358620B:LeaderElection11] INFO  server.RaftServerConfigKeys (ConfUtils.java:logGet(43)) - raft.server.rpc.request.timeout = 3000ms (default)
2019-09-26 20:15:17,853 [989db53d-fc3b-4bf0-a4bf-0b82aa6828ba@group-A46573F3A872:LeaderElection14] INFO  grpc.GrpcConfigKeys$Server (ConfUtils.java:logGet(43)) - raft.grpc.server.leader.outstanding.appends.max = 128 (default)
2019-09-26 20:15:17,854 [091d78c8-8aa5-4dc3-975f-4b808abe8813@group-EA33E358620B:LeaderElection11] INFO  server.RaftServerConfigKeys (ConfUtils.java:logGet(43)) - raft.server.log.appender.install.snapshot.enabled = false (custom)
2019-09-26 20:15:17,854 [989db53d-fc3b-4bf0-a4bf-0b82aa6828ba@group-A46573F3A872:LeaderElection14] INFO  server.RaftServerConfigKeys (ConfUtils.java:logGet(43)) - raft.server.rpc.request.timeout = 3000ms (default)
2019-09-26 20:15:17,854 [989db53d-fc3b-4bf0-a4bf-0b82aa6828ba@group-A46573F3A872:LeaderElection14] INFO  server.RaftServerConfigKeys (ConfUtils.java:logGet(43)) - raft.server.log.appender.install.snapshot.enabled = false (custom)
2019-09-26 20:15:17,857 [091d78c8-8aa5-4dc3-975f-4b808abe8813@group-EA33E358620B:LeaderElection11] INFO  impl.RoleInfo (RoleInfo.java:updateAndGet(143)) - 091d78c8-8aa5-4dc3-975f-4b808abe8813: start LeaderState
2019-09-26 20:15:17,857 [989db53d-fc3b-4bf0-a4bf-0b82aa6828ba@group-A46573F3A872:LeaderElection14] INFO  impl.RoleInfo (RoleInfo.java:updateAndGet(143)) - 989db53d-fc3b-4bf0-a4bf-0b82aa6828ba: start LeaderState
2019-09-26 20:15:17,857 [091d78c8-8aa5-4dc3-975f-4b808abe8813@group-EA33E358620B:LeaderElection11] INFO  segmented.SegmentedRaftLogWorker (SegmentedRaftLogWorker.java:startLogSegment(380)) - 091d78c8-8aa5-4dc3-975f-4b808abe8813@group-EA33E358620B-SegmentedRaftLogWorker: Starting segment from index:0
2019-09-26 20:15:17,857 [989db53d-fc3b-4bf0-a4bf-0b82aa6828ba@group-A46573F3A872:LeaderElection14] INFO  segmented.SegmentedRaftLogWorker (SegmentedRaftLogWorker.java:startLogSegment(380)) - 989db53d-fc3b-4bf0-a4bf-0b82aa6828ba@group-A46573F3A872-SegmentedRaftLogWorker: Starting segment from index:0
2019-09-26 20:15:17,858 [091d78c8-8aa5-4dc3-975f-4b808abe8813@group-EA33E358620B:LeaderElection11] INFO  impl.RaftServerImpl (ServerState.java:setRaftConf(354)) - 091d78c8-8aa5-4dc3-975f-4b808abe8813@group-EA33E358620B: set configuration 0: [3cc8baef-c687-471e-92fa-b0689bf72958:192.168.151.109:37821, 091d78c8-8aa5-4dc3-975f-4b808abe8813:192.168.151.109:45519, 0c122c34-51b6-48d8-aceb-004b9b387362:192.168.151.109:44391], old=null at 0
2019-09-26 20:15:17,895 [989db53d-fc3b-4bf0-a4bf-0b82aa6828ba@group-A46573F3A872:LeaderElection14] INFO  impl.RaftServerImpl (ServerState.java:setRaftConf(354)) - 989db53d-fc3b-4bf0-a4bf-0b82aa6828ba@group-A46573F3A872: set configuration 0: [d03460e2-731b-4fec-8083-99c6044121d1:192.168.151.109:33161, 273431b0-2aea-4281-baeb-0b2797c336e5:192.168.151.109:40537, 989db53d-fc3b-4bf0-a4bf-0b82aa6828ba:192.168.151.109:43493], old=null at 0
2019-09-26 20:15:17,895 [Thread-336] INFO  impl.FollowerState (FollowerState.java:run(106)) - 0955c41b-5120-474c-be8a-331162b53db7:group-3E66980DBE97 changes to CANDIDATE, lastRpcTime:5135, electionTimeout:5099ms
2019-09-26 20:15:17,895 [Thread-337] INFO  impl.FollowerState (FollowerState.java:run(106)) - f78f22b6-c87a-4579-a1c5-2b9c4d89f592:group-3E66980DBE97 changes to CANDIDATE, lastRpcTime:5135, electionTimeout:5101ms
2019-09-26 20:15:17,900 [Thread-336] INFO  impl.RoleInfo (RoleInfo.java:shutdownFollowerState(121)) - 0955c41b-5120-474c-be8a-331162b53db7: shutdown FollowerState
2019-09-26 20:15:17,900 [Thread-337] INFO  impl.RoleInfo (RoleInfo.java:shutdownFollowerState(121)) - f78f22b6-c87a-4579-a1c5-2b9c4d89f592: shutdown FollowerState
2019-09-26 20:15:17,900 [Thread-336] INFO  impl.RaftServerImpl (RaftServerImpl.java:setRole(174)) - 0955c41b-5120-474c-be8a-331162b53db7@group-3E66980DBE97: changes role from  FOLLOWER to CANDIDATE at term 0 for changeToCandidate
2019-09-26 20:15:17,900 [Thread-337] INFO  impl.RaftServerImpl (RaftServerImpl.java:setRole(174)) - f78f22b6-c87a-4579-a1c5-2b9c4d89f592@group-3E66980DBE97: changes role from  FOLLOWER to CANDIDATE at term 0 for changeToCandidate
2019-09-26 20:15:17,903 [Thread-336] INFO  impl.RoleInfo (RoleInfo.java:updateAndGet(143)) - 0955c41b-5120-474c-be8a-331162b53db7: start LeaderElection
2019-09-26 20:15:17,903 [Thread-337] INFO  impl.RoleInfo (RoleInfo.java:updateAndGet(143)) - f78f22b6-c87a-4579-a1c5-2b9c4d89f592: start LeaderElection
2019-09-26 20:15:17,906 [091d78c8-8aa5-4dc3-975f-4b808abe8813@group-EA33E358620B-SegmentedRaftLogWorker] INFO  segmented.SegmentedRaftLogWorker (SegmentedRaftLogWorker.java:execute(569)) - 091d78c8-8aa5-4dc3-975f-4b808abe8813@group-EA33E358620B-SegmentedRaftLogWorker: created new log segment /workdir/hadoop-ozone/integration-test/target/test-dir/MiniOzoneClusterImpl-b4cfdfda-c500-4180-9b02-0b7d7f1c7e35/datanode-9/data/ratis/d233e74e-2863-41d9-b620-ea33e358620b/current/log_inprogress_0
2019-09-26 20:15:17,906 [grpc-default-executor-4] INFO  impl.RaftServerImpl (RaftServerImpl.java:setRole(174)) - 0955c41b-5120-474c-be8a-331162b53db7@group-3E66980DBE97: changes role from CANDIDATE to FOLLOWER at term 1 for recognizeCandidate:1da6c6b2-4783-4731-8f15-62229f4dfdb4
2019-09-26 20:15:17,910 [grpc-default-executor-3] INFO  impl.RaftServerImpl (RaftServerImpl.java:setRole(174)) - f78f22b6-c87a-4579-a1c5-2b9c4d89f592@group-3E66980DBE97: changes role from CANDIDATE to FOLLOWER at term 1 for recognizeCandidate:1da6c6b2-4783-4731-8f15-62229f4dfdb4
2019-09-26 20:15:17,911 [grpc-default-executor-3] INFO  impl.RoleInfo (RoleInfo.java:shutdownLeaderElection(134)) - f78f22b6-c87a-4579-a1c5-2b9c4d89f592: shutdown LeaderElection
2019-09-26 20:15:17,906 [989db53d-fc3b-4bf0-a4bf-0b82aa6828ba@group-A46573F3A872-SegmentedRaftLogWorker] INFO  segmented.SegmentedRaftLogWorker (SegmentedRaftLogWorker.java:execute(569)) - 989db53d-fc3b-4bf0-a4bf-0b82aa6828ba@group-A46573F3A872-SegmentedRaftLogWorker: created new log segment /workdir/hadoop-ozone/integration-test/target/test-dir/MiniOzoneClusterImpl-b4cfdfda-c500-4180-9b02-0b7d7f1c7e35/datanode-3/data/ratis/70404b7e-ffc9-4064-bfbf-a46573f3a872/current/log_inprogress_0
2019-09-26 20:15:17,913 [grpc-default-executor-3] INFO  impl.RoleInfo (RoleInfo.java:updateAndGet(143)) - f78f22b6-c87a-4579-a1c5-2b9c4d89f592: start FollowerState
2019-09-26 20:15:17,911 [grpc-default-executor-4] INFO  impl.RoleInfo (RoleInfo.java:shutdownLeaderElection(134)) - 0955c41b-5120-474c-be8a-331162b53db7: shutdown LeaderElection
2019-09-26 20:15:17,914 [grpc-default-executor-4] INFO  impl.RoleInfo (RoleInfo.java:updateAndGet(143)) - 0955c41b-5120-474c-be8a-331162b53db7: start FollowerState
2019-09-26 20:15:17,933 [f78f22b6-c87a-4579-a1c5-2b9c4d89f592@group-3E66980DBE97:LeaderElection17] INFO  impl.LeaderElection (LeaderElection.java:askForVotes(182)) - f78f22b6-c87a-4579-a1c5-2b9c4d89f592@group-3E66980DBE97:LeaderElection17: begin an election at term 2 for -1: [f78f22b6-c87a-4579-a1c5-2b9c4d89f592:192.168.151.109:37490, 1da6c6b2-4783-4731-8f15-62229f4dfdb4:192.168.151.109:42892, 0955c41b-5120-474c-be8a-331162b53db7:192.168.151.109:36383], old=null
2019-09-26 20:15:17,933 [0955c41b-5120-474c-be8a-331162b53db7@group-3E66980DBE97:LeaderElection16] INFO  impl.LeaderElection (LeaderElection.java:askForVotes(182)) - 0955c41b-5120-474c-be8a-331162b53db7@group-3E66980DBE97:LeaderElection16: begin an election at term 2 for -1: [f78f22b6-c87a-4579-a1c5-2b9c4d89f592:192.168.151.109:37490, 1da6c6b2-4783-4731-8f15-62229f4dfdb4:192.168.151.109:42892, 0955c41b-5120-474c-be8a-331162b53db7:192.168.151.109:36383], old=null
2019-09-26 20:15:17,934 [f78f22b6-c87a-4579-a1c5-2b9c4d89f592@group-3E66980DBE97:LeaderElection17] INFO  impl.LeaderElection (LeaderElection.java:logAndReturn(56)) - f78f22b6-c87a-4579-a1c5-2b9c4d89f592@group-3E66980DBE97:LeaderElection17: Election REJECTED; received 0 response(s) [] and 0 exception(s); f78f22b6-c87a-4579-a1c5-2b9c4d89f592@group-3E66980DBE97:t2, leader=null, voted=f78f22b6-c87a-4579-a1c5-2b9c4d89f592, raftlog=f78f22b6-c87a-4579-a1c5-2b9c4d89f592@group-3E66980DBE97-SegmentedRaftLog:OPENED:c-1,f-1,i0, conf=-1: [f78f22b6-c87a-4579-a1c5-2b9c4d89f592:192.168.151.109:37490, 1da6c6b2-4783-4731-8f15-62229f4dfdb4:192.168.151.109:42892, 0955c41b-5120-474c-be8a-331162b53db7:192.168.151.109:36383], old=null
2019-09-26 20:15:17,938 [0955c41b-5120-474c-be8a-331162b53db7@group-3E66980DBE97:LeaderElection16] INFO  impl.LeaderElection (LeaderElection.java:logAndReturn(56)) - 0955c41b-5120-474c-be8a-331162b53db7@group-3E66980DBE97:LeaderElection16: Election REJECTED; received 0 response(s) [] and 0 exception(s); 0955c41b-5120-474c-be8a-331162b53db7@group-3E66980DBE97:t2, leader=null, voted=0955c41b-5120-474c-be8a-331162b53db7, raftlog=0955c41b-5120-474c-be8a-331162b53db7@group-3E66980DBE97-SegmentedRaftLog:OPENED:c-1,f-1,i0, conf=-1: [f78f22b6-c87a-4579-a1c5-2b9c4d89f592:192.168.151.109:37490, 1da6c6b2-4783-4731-8f15-62229f4dfdb4:192.168.151.109:42892, 0955c41b-5120-474c-be8a-331162b53db7:192.168.151.109:36383], old=null
2019-09-26 20:15:17,943 [1da6c6b2-4783-4731-8f15-62229f4dfdb4@group-3E66980DBE97:LeaderElection15] INFO  impl.LeaderElection (LeaderElection.java:logAndReturn(56)) - 1da6c6b2-4783-4731-8f15-62229f4dfdb4@group-3E66980DBE97:LeaderElection15: Election REJECTED; received 2 response(s) [1da6c6b2-4783-4731-8f15-62229f4dfdb4<-f78f22b6-c87a-4579-a1c5-2b9c4d89f592#0:FAIL-t1, 1da6c6b2-4783-4731-8f15-62229f4dfdb4<-0955c41b-5120-474c-be8a-331162b53db7#0:FAIL-t1] and 0 exception(s); 1da6c6b2-4783-4731-8f15-62229f4dfdb4@group-3E66980DBE97:t1, leader=null, voted=1da6c6b2-4783-4731-8f15-62229f4dfdb4, raftlog=1da6c6b2-4783-4731-8f15-62229f4dfdb4@group-3E66980DBE97-SegmentedRaftLog:OPENED:c-1,f-1,i0, conf=-1: [f78f22b6-c87a-4579-a1c5-2b9c4d89f592:192.168.151.109:37490, 1da6c6b2-4783-4731-8f15-62229f4dfdb4:192.168.151.109:42892, 0955c41b-5120-474c-be8a-331162b53db7:192.168.151.109:36383], old=null
2019-09-26 20:15:17,945 [1da6c6b2-4783-4731-8f15-62229f4dfdb4@group-3E66980DBE97:LeaderElection15] INFO  impl.RaftServerImpl (RaftServerImpl.java:setRole(174)) - 1da6c6b2-4783-4731-8f15-62229f4dfdb4@group-3E66980DBE97: changes role from CANDIDATE to FOLLOWER at term 1 for DISCOVERED_A_NEW_TERM
2019-09-26 20:15:17,950 [1da6c6b2-4783-4731-8f15-62229f4dfdb4@group-3E66980DBE97:LeaderElection15] INFO  impl.RoleInfo (RoleInfo.java:shutdownLeaderElection(134)) - 1da6c6b2-4783-4731-8f15-62229f4dfdb4: shutdown LeaderElection
2019-09-26 20:15:17,950 [1da6c6b2-4783-4731-8f15-62229f4dfdb4@group-3E66980DBE97:LeaderElection15] INFO  impl.RoleInfo (RoleInfo.java:updateAndGet(143)) - 1da6c6b2-4783-4731-8f15-62229f4dfdb4: start FollowerState
2019-09-26 20:15:17,962 [grpc-default-executor-6] INFO  impl.RaftServerImpl (RaftServerImpl.java:setRole(174)) - 1da6c6b2-4783-4731-8f15-62229f4dfdb4@group-3E66980DBE97: changes role from  FOLLOWER to FOLLOWER at term 2 for recognizeCandidate:f78f22b6-c87a-4579-a1c5-2b9c4d89f592
2019-09-26 20:15:17,965 [grpc-default-executor-6] INFO  impl.RoleInfo (RoleInfo.java:shutdownFollowerState(121)) - 1da6c6b2-4783-4731-8f15-62229f4dfdb4: shutdown FollowerState
2019-09-26 20:15:17,965 [grpc-default-executor-6] INFO  impl.RoleInfo (RoleInfo.java:updateAndGet(143)) - 1da6c6b2-4783-4731-8f15-62229f4dfdb4: start FollowerState
2019-09-26 20:15:17,966 [Thread-396] INFO  impl.FollowerState (FollowerState.java:run(115)) - 1da6c6b2-4783-4731-8f15-62229f4dfdb4: FollowerState was interrupted: java.lang.InterruptedException: sleep interrupted
2019-09-26 20:15:17,984 [grpc-default-executor-1] INFO  impl.RaftServerImpl (ServerState.java:setLeader(253)) - 0c122c34-51b6-48d8-aceb-004b9b387362@group-EA33E358620B: change Leader from null to 091d78c8-8aa5-4dc3-975f-4b808abe8813 at term 1 for appendEntries, leader elected after 5437ms
2019-09-26 20:15:17,984 [grpc-default-executor-3] INFO  impl.RaftServerImpl (ServerState.java:setLeader(253)) - d03460e2-731b-4fec-8083-99c6044121d1@group-A46573F3A872: change Leader from null to 989db53d-fc3b-4bf0-a4bf-0b82aa6828ba at term 1 for appendEntries, leader elected after 5331ms
2019-09-26 20:15:17,984 [grpc-default-executor-5] INFO  impl.RaftServerImpl (ServerState.java:setLeader(253)) - 273431b0-2aea-4281-baeb-0b2797c336e5@group-A46573F3A872: change Leader from null to 989db53d-fc3b-4bf0-a4bf-0b82aa6828ba at term 1 for appendEntries, leader elected after 5331ms
2019-09-26 20:15:17,984 [grpc-default-executor-4] INFO  impl.RaftServerImpl (ServerState.java:setLeader(253)) - 3cc8baef-c687-471e-92fa-b0689bf72958@group-EA33E358620B: change Leader from null to 091d78c8-8aa5-4dc3-975f-4b808abe8813 at term 1 for appendEntries, leader elected after 5437ms
2019-09-26 20:15:18,027 [grpc-default-executor-3] INFO  impl.RaftServerImpl (ServerState.java:setRaftConf(354)) - 3cc8baef-c687-471e-92fa-b0689bf72958@group-EA33E358620B: set configuration 0: [3cc8baef-c687-471e-92fa-b0689bf72958:192.168.151.109:37821, 091d78c8-8aa5-4dc3-975f-4b808abe8813:192.168.151.109:45519, 0c122c34-51b6-48d8-aceb-004b9b387362:192.168.151.109:44391], old=null at 0
2019-09-26 20:15:18,027 [grpc-default-executor-5] INFO  impl.RaftServerImpl (ServerState.java:setRaftConf(354)) - 273431b0-2aea-4281-baeb-0b2797c336e5@group-A46573F3A872: set configuration 0: [d03460e2-731b-4fec-8083-99c6044121d1:192.168.151.109:33161, 273431b0-2aea-4281-baeb-0b2797c336e5:192.168.151.109:40537, 989db53d-fc3b-4bf0-a4bf-0b82aa6828ba:192.168.151.109:43493], old=null at 0
2019-09-26 20:15:18,028 [grpc-default-executor-3] INFO  segmented.SegmentedRaftLogWorker (SegmentedRaftLogWorker.java:startLogSegment(380)) - 3cc8baef-c687-471e-92fa-b0689bf72958@group-EA33E358620B-SegmentedRaftLogWorker: Starting segment from index:0
2019-09-26 20:15:18,027 [grpc-default-executor-1] INFO  impl.RaftServerImpl (ServerState.java:setRaftConf(354)) - 0c122c34-51b6-48d8-aceb-004b9b387362@group-EA33E358620B: set configuration 0: [3cc8baef-c687-471e-92fa-b0689bf72958:192.168.151.109:37821, 091d78c8-8aa5-4dc3-975f-4b808abe8813:192.168.151.109:45519, 0c122c34-51b6-48d8-aceb-004b9b387362:192.168.151.109:44391], old=null at 0
2019-09-26 20:15:18,027 [grpc-default-executor-4] INFO  impl.RaftServerImpl (ServerState.java:setRaftConf(354)) - d03460e2-731b-4fec-8083-99c6044121d1@group-A46573F3A872: set configuration 0: [d03460e2-731b-4fec-8083-99c6044121d1:192.168.151.109:33161, 273431b0-2aea-4281-baeb-0b2797c336e5:192.168.151.109:40537, 989db53d-fc3b-4bf0-a4bf-0b82aa6828ba:192.168.151.109:43493], old=null at 0
2019-09-26 20:15:18,028 [grpc-default-executor-1] INFO  segmented.SegmentedRaftLogWorker (SegmentedRaftLogWorker.java:startLogSegment(380)) - 0c122c34-51b6-48d8-aceb-004b9b387362@group-EA33E358620B-SegmentedRaftLogWorker: Starting segment from index:0
2019-09-26 20:15:18,028 [grpc-default-executor-5] INFO  segmented.SegmentedRaftLogWorker (SegmentedRaftLogWorker.java:startLogSegment(380)) - 273431b0-2aea-4281-baeb-0b2797c336e5@group-A46573F3A872-SegmentedRaftLogWorker: Starting segment from index:0
2019-09-26 20:15:18,028 [grpc-default-executor-4] INFO  segmented.SegmentedRaftLogWorker (SegmentedRaftLogWorker.java:startLogSegment(380)) - d03460e2-731b-4fec-8083-99c6044121d1@group-A46573F3A872-SegmentedRaftLogWorker: Starting segment from index:0
2019-09-26 20:15:18,067 [d03460e2-731b-4fec-8083-99c6044121d1@group-A46573F3A872-SegmentedRaftLogWorker] INFO  segmented.SegmentedRaftLogWorker (SegmentedRaftLogWorker.java:execute(569)) - d03460e2-731b-4fec-8083-99c6044121d1@group-A46573F3A872-SegmentedRaftLogWorker: created new log segment /workdir/hadoop-ozone/integration-test/target/test-dir/MiniOzoneClusterImpl-b4cfdfda-c500-4180-9b02-0b7d7f1c7e35/datanode-8/data/ratis/70404b7e-ffc9-4064-bfbf-a46573f3a872/current/log_inprogress_0
2019-09-26 20:15:18,067 [0c122c34-51b6-48d8-aceb-004b9b387362@group-EA33E358620B-SegmentedRaftLogWorker] INFO  segmented.SegmentedRaftLogWorker (SegmentedRaftLogWorker.java:execute(569)) - 0c122c34-51b6-48d8-aceb-004b9b387362@group-EA33E358620B-SegmentedRaftLogWorker: created new log segment /workdir/hadoop-ozone/integration-test/target/test-dir/MiniOzoneClusterImpl-b4cfdfda-c500-4180-9b02-0b7d7f1c7e35/datanode-5/data/ratis/d233e74e-2863-41d9-b620-ea33e358620b/current/log_inprogress_0
2019-09-26 20:15:18,067 [273431b0-2aea-4281-baeb-0b2797c336e5@group-A46573F3A872-SegmentedRaftLogWorker] INFO  segmented.SegmentedRaftLogWorker (SegmentedRaftLogWorker.java:execute(569)) - 273431b0-2aea-4281-baeb-0b2797c336e5@group-A46573F3A872-SegmentedRaftLogWorker: created new log segment /workdir/hadoop-ozone/integration-test/target/test-dir/MiniOzoneClusterImpl-b4cfdfda-c500-4180-9b02-0b7d7f1c7e35/datanode-0/data/ratis/70404b7e-ffc9-4064-bfbf-a46573f3a872/current/log_inprogress_0
2019-09-26 20:15:18,067 [3cc8baef-c687-471e-92fa-b0689bf72958@group-EA33E358620B-SegmentedRaftLogWorker] INFO  segmented.SegmentedRaftLogWorker (SegmentedRaftLogWorker.java:execute(569)) - 3cc8baef-c687-471e-92fa-b0689bf72958@group-EA33E358620B-SegmentedRaftLogWorker: created new log segment /workdir/hadoop-ozone/integration-test/target/test-dir/MiniOzoneClusterImpl-b4cfdfda-c500-4180-9b02-0b7d7f1c7e35/datanode-4/data/ratis/d233e74e-2863-41d9-b620-ea33e358620b/current/log_inprogress_0
2019-09-26 20:15:18,545 [main] INFO  ipc.Client (Client.java:handleConnectionFailure(948)) - Retrying connect to server: localhost/127.0.0.1:0. Already tried 5 time(s); retry policy is RetryUpToMaximumCountWithFixedSleep(maxRetries=10, sleepTime=1000 MILLISECONDS)
2019-09-26 20:15:19,546 [main] INFO  ipc.Client (Client.java:handleConnectionFailure(948)) - Retrying connect to server: localhost/127.0.0.1:0. Already tried 6 time(s); retry policy is RetryUpToMaximumCountWithFixedSleep(maxRetries=10, sleepTime=1000 MILLISECONDS)
2019-09-26 20:15:20,548 [main] INFO  ipc.Client (Client.java:handleConnectionFailure(948)) - Retrying connect to server: localhost/127.0.0.1:0. Already tried 7 time(s); retry policy is RetryUpToMaximumCountWithFixedSleep(maxRetries=10, sleepTime=1000 MILLISECONDS)
2019-09-26 20:15:21,549 [main] INFO  ipc.Client (Client.java:handleConnectionFailure(948)) - Retrying connect to server: localhost/127.0.0.1:0. Already tried 8 time(s); retry policy is RetryUpToMaximumCountWithFixedSleep(maxRetries=10, sleepTime=1000 MILLISECONDS)
2019-09-26 20:15:22,551 [main] INFO  ipc.Client (Client.java:handleConnectionFailure(948)) - Retrying connect to server: localhost/127.0.0.1:0. Already tried 9 time(s); retry policy is RetryUpToMaximumCountWithFixedSleep(maxRetries=10, sleepTime=1000 MILLISECONDS)
2019-09-26 20:15:22,941 [Thread-391] INFO  impl.FollowerState (FollowerState.java:run(106)) - 0955c41b-5120-474c-be8a-331162b53db7:group-3E66980DBE97 changes to CANDIDATE, lastRpcTime:5027, electionTimeout:5027ms
2019-09-26 20:15:22,942 [Thread-391] INFO  impl.RoleInfo (RoleInfo.java:shutdownFollowerState(121)) - 0955c41b-5120-474c-be8a-331162b53db7: shutdown FollowerState
2019-09-26 20:15:22,942 [Thread-391] INFO  impl.RaftServerImpl (RaftServerImpl.java:setRole(174)) - 0955c41b-5120-474c-be8a-331162b53db7@group-3E66980DBE97: changes role from  FOLLOWER to CANDIDATE at term 2 for changeToCandidate
2019-09-26 20:15:22,942 [Thread-391] INFO  impl.RoleInfo (RoleInfo.java:updateAndGet(143)) - 0955c41b-5120-474c-be8a-331162b53db7: start LeaderElection
2019-09-26 20:15:22,956 [0955c41b-5120-474c-be8a-331162b53db7@group-3E66980DBE97:LeaderElection18] INFO  impl.LeaderElection (LeaderElection.java:askForVotes(182)) - 0955c41b-5120-474c-be8a-331162b53db7@group-3E66980DBE97:LeaderElection18: begin an election at term 3 for -1: [f78f22b6-c87a-4579-a1c5-2b9c4d89f592:192.168.151.109:37490, 1da6c6b2-4783-4731-8f15-62229f4dfdb4:192.168.151.109:42892, 0955c41b-5120-474c-be8a-331162b53db7:192.168.151.109:36383], old=null
2019-09-26 20:15:22,965 [grpc-default-executor-1] INFO  impl.RaftServerImpl (RaftServerImpl.java:setRole(174)) - 1da6c6b2-4783-4731-8f15-62229f4dfdb4@group-3E66980DBE97: changes role from  FOLLOWER to FOLLOWER at term 3 for recognizeCandidate:0955c41b-5120-474c-be8a-331162b53db7
2019-09-26 20:15:22,965 [grpc-default-executor-4] INFO  impl.RaftServerImpl (RaftServerImpl.java:setRole(174)) - f78f22b6-c87a-4579-a1c5-2b9c4d89f592@group-3E66980DBE97: changes role from  FOLLOWER to FOLLOWER at term 3 for recognizeCandidate:0955c41b-5120-474c-be8a-331162b53db7
2019-09-26 20:15:22,965 [grpc-default-executor-1] INFO  impl.RoleInfo (RoleInfo.java:shutdownFollowerState(121)) - 1da6c6b2-4783-4731-8f15-62229f4dfdb4: shutdown FollowerState
2019-09-26 20:15:22,965 [grpc-default-executor-4] INFO  impl.RoleInfo (RoleInfo.java:shutdownFollowerState(121)) - f78f22b6-c87a-4579-a1c5-2b9c4d89f592: shutdown FollowerState
2019-09-26 20:15:22,965 [Thread-401] INFO  impl.FollowerState (FollowerState.java:run(115)) - 1da6c6b2-4783-4731-8f15-62229f4dfdb4: FollowerState was interrupted: java.lang.InterruptedException: sleep interrupted
2019-09-26 20:15:22,966 [Thread-390] INFO  impl.FollowerState (FollowerState.java:run(115)) - f78f22b6-c87a-4579-a1c5-2b9c4d89f592: FollowerState was interrupted: java.lang.InterruptedException: sleep interrupted
2019-09-26 20:15:22,966 [grpc-default-executor-4] INFO  impl.RoleInfo (RoleInfo.java:updateAndGet(143)) - f78f22b6-c87a-4579-a1c5-2b9c4d89f592: start FollowerState
2019-09-26 20:15:22,965 [grpc-default-executor-1] INFO  impl.RoleInfo (RoleInfo.java:updateAndGet(143)) - 1da6c6b2-4783-4731-8f15-62229f4dfdb4: start FollowerState
2019-09-26 20:15:22,984 [0955c41b-5120-474c-be8a-331162b53db7@group-3E66980DBE97:LeaderElection18] INFO  impl.LeaderElection (LeaderElection.java:logAndReturn(56)) - 0955c41b-5120-474c-be8a-331162b53db7@group-3E66980DBE97:LeaderElection18: Election PASSED; received 1 response(s) [0955c41b-5120-474c-be8a-331162b53db7<-f78f22b6-c87a-4579-a1c5-2b9c4d89f592#0:OK-t3] and 0 exception(s); 0955c41b-5120-474c-be8a-331162b53db7@group-3E66980DBE97:t3, leader=null, voted=0955c41b-5120-474c-be8a-331162b53db7, raftlog=0955c41b-5120-474c-be8a-331162b53db7@group-3E66980DBE97-SegmentedRaftLog:OPENED:c-1,f-1,i0, conf=-1: [f78f22b6-c87a-4579-a1c5-2b9c4d89f592:192.168.151.109:37490, 1da6c6b2-4783-4731-8f15-62229f4dfdb4:192.168.151.109:42892, 0955c41b-5120-474c-be8a-331162b53db7:192.168.151.109:36383], old=null
2019-09-26 20:15:22,985 [0955c41b-5120-474c-be8a-331162b53db7@group-3E66980DBE97:LeaderElection18] INFO  impl.RoleInfo (RoleInfo.java:shutdownLeaderElection(134)) - 0955c41b-5120-474c-be8a-331162b53db7: shutdown LeaderElection
2019-09-26 20:15:22,987 [0955c41b-5120-474c-be8a-331162b53db7@group-3E66980DBE97:LeaderElection18] INFO  impl.RaftServerImpl (RaftServerImpl.java:setRole(174)) - 0955c41b-5120-474c-be8a-331162b53db7@group-3E66980DBE97: changes role from CANDIDATE to LEADER at term 3 for changeToLeader
2019-09-26 20:15:22,987 [0955c41b-5120-474c-be8a-331162b53db7@group-3E66980DBE97:LeaderElection18] INFO  impl.RaftServerImpl (ServerState.java:setLeader(253)) - 0955c41b-5120-474c-be8a-331162b53db7@group-3E66980DBE97: change Leader from null to 0955c41b-5120-474c-be8a-331162b53db7 at term 3 for becomeLeader, leader elected after 10247ms
2019-09-26 20:15:22,987 [0955c41b-5120-474c-be8a-331162b53db7@group-3E66980DBE97:LeaderElection18] INFO  server.RaftServerConfigKeys (ConfUtils.java:logGet(43)) - raft.server.staging.catchup.gap = 1000 (default)
2019-09-26 20:15:22,987 [0955c41b-5120-474c-be8a-331162b53db7@group-3E66980DBE97:LeaderElection18] INFO  server.RaftServerConfigKeys (ConfUtils.java:logGet(43)) - raft.server.rpc.sleep.time = 25ms (default)
2019-09-26 20:15:22,988 [0955c41b-5120-474c-be8a-331162b53db7@group-3E66980DBE97:LeaderElection18] INFO  server.RaftServerConfigKeys (ConfUtils.java:logGet(43)) - raft.server.write.element-limit = 4096 (default)
2019-09-26 20:15:22,988 [0955c41b-5120-474c-be8a-331162b53db7@group-3E66980DBE97:LeaderElection18] INFO  server.RaftServerConfigKeys (ConfUtils.java:logGet(43)) - raft.server.watch.timeout = 10s (default)
2019-09-26 20:15:22,988 [0955c41b-5120-474c-be8a-331162b53db7@group-3E66980DBE97:LeaderElection18] INFO  server.RaftServerConfigKeys (ConfUtils.java:logGet(43)) - raft.server.watch.timeout.denomination = 1s (default)
2019-09-26 20:15:22,988 [0955c41b-5120-474c-be8a-331162b53db7@group-3E66980DBE97:LeaderElection18] INFO  server.RaftServerConfigKeys (ConfUtils.java:logGet(43)) - raft.server.watch.element-limit = 65536 (default)
2019-09-26 20:15:22,991 [0955c41b-5120-474c-be8a-331162b53db7@group-3E66980DBE97:LeaderElection18] INFO  server.RaftServerConfigKeys (ConfUtils.java:logGet(43)) - raft.server.log.appender.snapshot.chunk.size.max = 16MB (=16777216) (default)
2019-09-26 20:15:22,991 [0955c41b-5120-474c-be8a-331162b53db7@group-3E66980DBE97:LeaderElection18] INFO  server.RaftServerConfigKeys (ConfUtils.java:logGet(43)) - raft.server.log.appender.buffer.byte-limit = 33554432 (custom)
2019-09-26 20:15:22,991 [0955c41b-5120-474c-be8a-331162b53db7@group-3E66980DBE97:LeaderElection18] INFO  server.RaftServerConfigKeys (ConfUtils.java:logGet(43)) - raft.server.log.appender.buffer.element-limit = 1 (custom)
2019-09-26 20:15:22,992 [0955c41b-5120-474c-be8a-331162b53db7@group-3E66980DBE97:LeaderElection18] INFO  grpc.GrpcConfigKeys$Server (ConfUtils.java:logGet(43)) - raft.grpc.server.leader.outstanding.appends.max = 128 (default)
2019-09-26 20:15:22,992 [0955c41b-5120-474c-be8a-331162b53db7@group-3E66980DBE97:LeaderElection18] INFO  server.RaftServerConfigKeys (ConfUtils.java:logGet(43)) - raft.server.rpc.request.timeout = 3000ms (default)
2019-09-26 20:15:22,992 [0955c41b-5120-474c-be8a-331162b53db7@group-3E66980DBE97:LeaderElection18] INFO  server.RaftServerConfigKeys (ConfUtils.java:logGet(43)) - raft.server.log.appender.install.snapshot.enabled = false (custom)
2019-09-26 20:15:22,993 [0955c41b-5120-474c-be8a-331162b53db7@group-3E66980DBE97:LeaderElection18] INFO  server.RaftServerConfigKeys (ConfUtils.java:logGet(43)) - raft.server.log.appender.snapshot.chunk.size.max = 16MB (=16777216) (default)
2019-09-26 20:15:22,993 [0955c41b-5120-474c-be8a-331162b53db7@group-3E66980DBE97:LeaderElection18] INFO  server.RaftServerConfigKeys (ConfUtils.java:logGet(43)) - raft.server.log.appender.buffer.byte-limit = 33554432 (custom)
2019-09-26 20:15:22,993 [0955c41b-5120-474c-be8a-331162b53db7@group-3E66980DBE97:LeaderElection18] INFO  server.RaftServerConfigKeys (ConfUtils.java:logGet(43)) - raft.server.log.appender.buffer.element-limit = 1 (custom)
2019-09-26 20:15:22,993 [0955c41b-5120-474c-be8a-331162b53db7@group-3E66980DBE97:LeaderElection18] INFO  grpc.GrpcConfigKeys$Server (ConfUtils.java:logGet(43)) - raft.grpc.server.leader.outstanding.appends.max = 128 (default)
2019-09-26 20:15:22,993 [0955c41b-5120-474c-be8a-331162b53db7@group-3E66980DBE97:LeaderElection18] INFO  server.RaftServerConfigKeys (ConfUtils.java:logGet(43)) - raft.server.rpc.request.timeout = 3000ms (default)
2019-09-26 20:15:22,994 [0955c41b-5120-474c-be8a-331162b53db7@group-3E66980DBE97:LeaderElection18] INFO  server.RaftServerConfigKeys (ConfUtils.java:logGet(43)) - raft.server.log.appender.install.snapshot.enabled = false (custom)
2019-09-26 20:15:22,994 [0955c41b-5120-474c-be8a-331162b53db7@group-3E66980DBE97:LeaderElection18] INFO  impl.RoleInfo (RoleInfo.java:updateAndGet(143)) - 0955c41b-5120-474c-be8a-331162b53db7: start LeaderState
2019-09-26 20:15:22,994 [0955c41b-5120-474c-be8a-331162b53db7@group-3E66980DBE97:LeaderElection18] INFO  segmented.SegmentedRaftLogWorker (SegmentedRaftLogWorker.java:startLogSegment(380)) - 0955c41b-5120-474c-be8a-331162b53db7@group-3E66980DBE97-SegmentedRaftLogWorker: Starting segment from index:0
2019-09-26 20:15:22,995 [0955c41b-5120-474c-be8a-331162b53db7@group-3E66980DBE97:LeaderElection18] INFO  impl.RaftServerImpl (ServerState.java:setRaftConf(354)) - 0955c41b-5120-474c-be8a-331162b53db7@group-3E66980DBE97: set configuration 0: [f78f22b6-c87a-4579-a1c5-2b9c4d89f592:192.168.151.109:37490, 1da6c6b2-4783-4731-8f15-62229f4dfdb4:192.168.151.109:42892, 0955c41b-5120-474c-be8a-331162b53db7:192.168.151.109:36383], old=null at 0
2019-09-26 20:15:23,036 [grpc-default-executor-4] INFO  impl.RaftServerImpl (ServerState.java:setLeader(253)) - f78f22b6-c87a-4579-a1c5-2b9c4d89f592@group-3E66980DBE97: change Leader from null to 0955c41b-5120-474c-be8a-331162b53db7 at term 3 for appendEntries, leader elected after 10296ms
2019-09-26 20:15:23,036 [grpc-default-executor-1] INFO  impl.RaftServerImpl (ServerState.java:setLeader(253)) - 1da6c6b2-4783-4731-8f15-62229f4dfdb4@group-3E66980DBE97: change Leader from null to 0955c41b-5120-474c-be8a-331162b53db7 at term 3 for appendEntries, leader elected after 10296ms
2019-09-26 20:15:23,043 [grpc-default-executor-4] INFO  impl.RaftServerImpl (ServerState.java:setRaftConf(354)) - f78f22b6-c87a-4579-a1c5-2b9c4d89f592@group-3E66980DBE97: set configuration 0: [f78f22b6-c87a-4579-a1c5-2b9c4d89f592:192.168.151.109:37490, 1da6c6b2-4783-4731-8f15-62229f4dfdb4:192.168.151.109:42892, 0955c41b-5120-474c-be8a-331162b53db7:192.168.151.109:36383], old=null at 0
2019-09-26 20:15:23,043 [grpc-default-executor-1] INFO  impl.RaftServerImpl (ServerState.java:setRaftConf(354)) - 1da6c6b2-4783-4731-8f15-62229f4dfdb4@group-3E66980DBE97: set configuration 0: [f78f22b6-c87a-4579-a1c5-2b9c4d89f592:192.168.151.109:37490, 1da6c6b2-4783-4731-8f15-62229f4dfdb4:192.168.151.109:42892, 0955c41b-5120-474c-be8a-331162b53db7:192.168.151.109:36383], old=null at 0
2019-09-26 20:15:23,043 [grpc-default-executor-4] INFO  segmented.SegmentedRaftLogWorker (SegmentedRaftLogWorker.java:startLogSegment(380)) - f78f22b6-c87a-4579-a1c5-2b9c4d89f592@group-3E66980DBE97-SegmentedRaftLogWorker: Starting segment from index:0
2019-09-26 20:15:23,043 [grpc-default-executor-1] INFO  segmented.SegmentedRaftLogWorker (SegmentedRaftLogWorker.java:startLogSegment(380)) - 1da6c6b2-4783-4731-8f15-62229f4dfdb4@group-3E66980DBE97-SegmentedRaftLogWorker: Starting segment from index:0
2019-09-26 20:15:23,044 [0955c41b-5120-474c-be8a-331162b53db7@group-3E66980DBE97-SegmentedRaftLogWorker] INFO  segmented.SegmentedRaftLogWorker (SegmentedRaftLogWorker.java:execute(569)) - 0955c41b-5120-474c-be8a-331162b53db7@group-3E66980DBE97-SegmentedRaftLogWorker: created new log segment /workdir/hadoop-ozone/integration-test/target/test-dir/MiniOzoneClusterImpl-b4cfdfda-c500-4180-9b02-0b7d7f1c7e35/datanode-1/data/ratis/37141233-6f33-4798-b794-3e66980dbe97/current/log_inprogress_0
2019-09-26 20:15:23,085 [f78f22b6-c87a-4579-a1c5-2b9c4d89f592@group-3E66980DBE97-SegmentedRaftLogWorker] INFO  segmented.SegmentedRaftLogWorker (SegmentedRaftLogWorker.java:execute(569)) - f78f22b6-c87a-4579-a1c5-2b9c4d89f592@group-3E66980DBE97-SegmentedRaftLogWorker: created new log segment /workdir/hadoop-ozone/integration-test/target/test-dir/MiniOzoneClusterImpl-b4cfdfda-c500-4180-9b02-0b7d7f1c7e35/datanode-2/data/ratis/37141233-6f33-4798-b794-3e66980dbe97/current/log_inprogress_0
2019-09-26 20:15:23,085 [1da6c6b2-4783-4731-8f15-62229f4dfdb4@group-3E66980DBE97-SegmentedRaftLogWorker] INFO  segmented.SegmentedRaftLogWorker (SegmentedRaftLogWorker.java:execute(569)) - 1da6c6b2-4783-4731-8f15-62229f4dfdb4@group-3E66980DBE97-SegmentedRaftLogWorker: created new log segment /workdir/hadoop-ozone/integration-test/target/test-dir/MiniOzoneClusterImpl-b4cfdfda-c500-4180-9b02-0b7d7f1c7e35/datanode-7/data/ratis/37141233-6f33-4798-b794-3e66980dbe97/current/log_inprogress_0
2019-09-26 20:15:23,557 [main] INFO  ipc.Client (Client.java:handleConnectionFailure(948)) - Retrying connect to server: localhost/127.0.0.1:0. Already tried 0 time(s); retry policy is RetryUpToMaximumCountWithFixedSleep(maxRetries=10, sleepTime=1000 MILLISECONDS)
2019-09-26 20:15:24,558 [main] INFO  ipc.Client (Client.java:handleConnectionFailure(948)) - Retrying connect to server: localhost/127.0.0.1:0. Already tried 1 time(s); retry policy is RetryUpToMaximumCountWithFixedSleep(maxRetries=10, sleepTime=1000 MILLISECONDS)
2019-09-26 20:15:25,559 [main] INFO  ipc.Client (Client.java:handleConnectionFailure(948)) - Retrying connect to server: localhost/127.0.0.1:0. Already tried 2 time(s); retry policy is RetryUpToMaximumCountWithFixedSleep(maxRetries=10, sleepTime=1000 MILLISECONDS)
2019-09-26 20:15:26,561 [main] INFO  ipc.Client (Client.java:handleConnectionFailure(948)) - Retrying connect to server: localhost/127.0.0.1:0. Already tried 3 time(s); retry policy is RetryUpToMaximumCountWithFixedSleep(maxRetries=10, sleepTime=1000 MILLISECONDS)
2019-09-26 20:15:27,562 [main] INFO  ipc.Client (Client.java:handleConnectionFailure(948)) - Retrying connect to server: localhost/127.0.0.1:0. Already tried 4 time(s); retry policy is RetryUpToMaximumCountWithFixedSleep(maxRetries=10, sleepTime=1000 MILLISECONDS)
2019-09-26 20:15:28,563 [main] INFO  ipc.Client (Client.java:handleConnectionFailure(948)) - Retrying connect to server: localhost/127.0.0.1:0. Already tried 5 time(s); retry policy is RetryUpToMaximumCountWithFixedSleep(maxRetries=10, sleepTime=1000 MILLISECONDS)
2019-09-26 20:15:29,565 [main] INFO  ipc.Client (Client.java:handleConnectionFailure(948)) - Retrying connect to server: localhost/127.0.0.1:0. Already tried 6 time(s); retry policy is RetryUpToMaximumCountWithFixedSleep(maxRetries=10, sleepTime=1000 MILLISECONDS)
2019-09-26 20:15:30,566 [main] INFO  ipc.Client (Client.java:handleConnectionFailure(948)) - Retrying connect to server: localhost/127.0.0.1:0. Already tried 7 time(s); retry policy is RetryUpToMaximumCountWithFixedSleep(maxRetries=10, sleepTime=1000 MILLISECONDS)
2019-09-26 20:15:31,567 [main] INFO  ipc.Client (Client.java:handleConnectionFailure(948)) - Retrying connect to server: localhost/127.0.0.1:0. Already tried 8 time(s); retry policy is RetryUpToMaximumCountWithFixedSleep(maxRetries=10, sleepTime=1000 MILLISECONDS)
2019-09-26 20:15:32,569 [main] INFO  ipc.Client (Client.java:handleConnectionFailure(948)) - Retrying connect to server: localhost/127.0.0.1:0. Already tried 9 time(s); retry policy is RetryUpToMaximumCountWithFixedSleep(maxRetries=10, sleepTime=1000 MILLISECONDS)
2019-09-26 20:15:32,571 [main] INFO  retry.RetryInvocationHandler (RetryInvocationHandler.java:log(411)) - com.google.protobuf.ServiceException: java.net.ConnectException: Your endpoint configuration is wrong; For more details see:  http://wiki.apache.org/hadoop/UnsetHostnameOrPort, while invoking $Proxy37.submitRequest over nodeId=null,nodeAddress=127.0.0.1:0 after 1 failover attempts. Trying to failover immediately.
2019-09-26 20:15:33,572 [main] INFO  ipc.Client (Client.java:handleConnectionFailure(948)) - Retrying connect to server: localhost/127.0.0.1:0. Already tried 0 time(s); retry policy is RetryUpToMaximumCountWithFixedSleep(maxRetries=10, sleepTime=1000 MILLISECONDS)
2019-09-26 20:15:34,574 [main] INFO  ipc.Client (Client.java:handleConnectionFailure(948)) - Retrying connect to server: localhost/127.0.0.1:0. Already tried 1 time(s); retry policy is RetryUpToMaximumCountWithFixedSleep(maxRetries=10, sleepTime=1000 MILLISECONDS)
2019-09-26 20:15:35,575 [main] INFO  ipc.Client (Client.java:handleConnectionFailure(948)) - Retrying connect to server: localhost/127.0.0.1:0. Already tried 2 time(s); retry policy is RetryUpToMaximumCountWithFixedSleep(maxRetries=10, sleepTime=1000 MILLISECONDS)
2019-09-26 20:15:36,577 [main] INFO  ipc.Client (Client.java:handleConnectionFailure(948)) - Retrying connect to server: localhost/127.0.0.1:0. Already tried 3 time(s); retry policy is RetryUpToMaximumCountWithFixedSleep(maxRetries=10, sleepTime=1000 MILLISECONDS)
2019-09-26 20:15:37,578 [main] INFO  ipc.Client (Client.java:handleConnectionFailure(948)) - Retrying connect to server: localhost/127.0.0.1:0. Already tried 4 time(s); retry policy is RetryUpToMaximumCountWithFixedSleep(maxRetries=10, sleepTime=1000 MILLISECONDS)
2019-09-26 20:15:38,579 [main] INFO  ipc.Client (Client.java:handleConnectionFailure(948)) - Retrying connect to server: localhost/127.0.0.1:0. Already tried 5 time(s); retry policy is RetryUpToMaximumCountWithFixedSleep(maxRetries=10, sleepTime=1000 MILLISECONDS)
2019-09-26 20:15:39,581 [main] INFO  ipc.Client (Client.java:handleConnectionFailure(948)) - Retrying connect to server: localhost/127.0.0.1:0. Already tried 6 time(s); retry policy is RetryUpToMaximumCountWithFixedSleep(maxRetries=10, sleepTime=1000 MILLISECONDS)
2019-09-26 20:15:40,582 [main] INFO  ipc.Client (Client.java:handleConnectionFailure(948)) - Retrying connect to server: localhost/127.0.0.1:0. Already tried 7 time(s); retry policy is RetryUpToMaximumCountWithFixedSleep(maxRetries=10, sleepTime=1000 MILLISECONDS)
2019-09-26 20:15:41,583 [main] INFO  ipc.Client (Client.java:handleConnectionFailure(948)) - Retrying connect to server: localhost/127.0.0.1:0. Already tried 8 time(s); retry policy is RetryUpToMaximumCountWithFixedSleep(maxRetries=10, sleepTime=1000 MILLISECONDS)
2019-09-26 20:15:42,584 [main] INFO  ipc.Client (Client.java:handleConnectionFailure(948)) - Retrying connect to server: localhost/127.0.0.1:0. Already tried 9 time(s); retry policy is RetryUpToMaximumCountWithFixedSleep(maxRetries=10, sleepTime=1000 MILLISECONDS)
2019-09-26 20:15:42,586 [main] INFO  retry.RetryInvocationHandler (RetryInvocationHandler.java:log(411)) - com.google.protobuf.ServiceException: java.net.ConnectException: Your endpoint configuration is wrong; For more details see:  http://wiki.apache.org/hadoop/UnsetHostnameOrPort, while invoking $Proxy37.submitRequest over nodeId=null,nodeAddress=127.0.0.1:0 after 2 failover attempts. Trying to failover immediately.
2019-09-26 20:15:43,587 [main] INFO  ipc.Client (Client.java:handleConnectionFailure(948)) - Retrying connect to server: localhost/127.0.0.1:0. Already tried 0 time(s); retry policy is RetryUpToMaximumCountWithFixedSleep(maxRetries=10, sleepTime=1000 MILLISECONDS)
2019-09-26 20:15:44,589 [main] INFO  ipc.Client (Client.java:handleConnectionFailure(948)) - Retrying connect to server: localhost/127.0.0.1:0. Already tried 1 time(s); retry policy is RetryUpToMaximumCountWithFixedSleep(maxRetries=10, sleepTime=1000 MILLISECONDS)
2019-09-26 20:15:45,590 [main] INFO  ipc.Client (Client.java:handleConnectionFailure(948)) - Retrying connect to server: localhost/127.0.0.1:0. Already tried 2 time(s); retry policy is RetryUpToMaximumCountWithFixedSleep(maxRetries=10, sleepTime=1000 MILLISECONDS)
2019-09-26 20:15:46,591 [main] INFO  ipc.Client (Client.java:handleConnectionFailure(948)) - Retrying connect to server: localhost/127.0.0.1:0. Already tried 3 time(s); retry policy is RetryUpToMaximumCountWithFixedSleep(maxRetries=10, sleepTime=1000 MILLISECONDS)
2019-09-26 20:15:47,593 [main] INFO  ipc.Client (Client.java:handleConnectionFailure(948)) - Retrying connect to server: localhost/127.0.0.1:0. Already tried 4 time(s); retry policy is RetryUpToMaximumCountWithFixedSleep(maxRetries=10, sleepTime=1000 MILLISECONDS)
2019-09-26 20:15:48,594 [main] INFO  ipc.Client (Client.java:handleConnectionFailure(948)) - Retrying connect to server: localhost/127.0.0.1:0. Already tried 5 time(s); retry policy is RetryUpToMaximumCountWithFixedSleep(maxRetries=10, sleepTime=1000 MILLISECONDS)
2019-09-26 20:15:49,595 [main] INFO  ipc.Client (Client.java:handleConnectionFailure(948)) - Retrying connect to server: localhost/127.0.0.1:0. Already tried 6 time(s); retry policy is RetryUpToMaximumCountWithFixedSleep(maxRetries=10, sleepTime=1000 MILLISECONDS)
2019-09-26 20:15:50,597 [main] INFO  ipc.Client (Client.java:handleConnectionFailure(948)) - Retrying connect to server: localhost/127.0.0.1:0. Already tried 7 time(s); retry policy is RetryUpToMaximumCountWithFixedSleep(maxRetries=10, sleepTime=1000 MILLISECONDS)
2019-09-26 20:15:51,598 [main] INFO  ipc.Client (Client.java:handleConnectionFailure(948)) - Retrying connect to server: localhost/127.0.0.1:0. Already tried 8 time(s); retry policy is RetryUpToMaximumCountWithFixedSleep(maxRetries=10, sleepTime=1000 MILLISECONDS)
2019-09-26 20:15:52,599 [main] INFO  ipc.Client (Client.java:handleConnectionFailure(948)) - Retrying connect to server: localhost/127.0.0.1:0. Already tried 9 time(s); retry policy is RetryUpToMaximumCountWithFixedSleep(maxRetries=10, sleepTime=1000 MILLISECONDS)
2019-09-26 20:15:52,601 [main] INFO  retry.RetryInvocationHandler (RetryInvocationHandler.java:log(411)) - com.google.protobuf.ServiceException: java.net.ConnectException: Your endpoint configuration is wrong; For more details see:  http://wiki.apache.org/hadoop/UnsetHostnameOrPort, while invoking $Proxy37.submitRequest over nodeId=null,nodeAddress=127.0.0.1:0 after 3 failover attempts. Trying to failover immediately.
2019-09-26 20:15:53,602 [main] INFO  ipc.Client (Client.java:handleConnectionFailure(948)) - Retrying connect to server: localhost/127.0.0.1:0. Already tried 0 time(s); retry policy is RetryUpToMaximumCountWithFixedSleep(maxRetries=10, sleepTime=1000 MILLISECONDS)
2019-09-26 20:15:54,603 [main] INFO  ipc.Client (Client.java:handleConnectionFailure(948)) - Retrying connect to server: localhost/127.0.0.1:0. Already tried 1 time(s); retry policy is RetryUpToMaximumCountWithFixedSleep(maxRetries=10, sleepTime=1000 MILLISECONDS)
2019-09-26 20:15:55,605 [main] INFO  ipc.Client (Client.java:handleConnectionFailure(948)) - Retrying connect to server: localhost/127.0.0.1:0. Already tried 2 time(s); retry policy is RetryUpToMaximumCountWithFixedSleep(maxRetries=10, sleepTime=1000 MILLISECONDS)
2019-09-26 20:15:56,606 [main] INFO  ipc.Client (Client.java:handleConnectionFailure(948)) - Retrying connect to server: localhost/127.0.0.1:0. Already tried 3 time(s); retry policy is RetryUpToMaximumCountWithFixedSleep(maxRetries=10, sleepTime=1000 MILLISECONDS)
2019-09-26 20:15:57,607 [main] INFO  ipc.Client (Client.java:handleConnectionFailure(948)) - Retrying connect to server: localhost/127.0.0.1:0. Already tried 4 time(s); retry policy is RetryUpToMaximumCountWithFixedSleep(maxRetries=10, sleepTime=1000 MILLISECONDS)
2019-09-26 20:15:58,609 [main] INFO  ipc.Client (Client.java:handleConnectionFailure(948)) - Retrying connect to server: localhost/127.0.0.1:0. Already tried 5 time(s); retry policy is RetryUpToMaximumCountWithFixedSleep(maxRetries=10, sleepTime=1000 MILLISECONDS)
2019-09-26 20:15:59,610 [main] INFO  ipc.Client (Client.java:handleConnectionFailure(948)) - Retrying connect to server: localhost/127.0.0.1:0. Already tried 6 time(s); retry policy is RetryUpToMaximumCountWithFixedSleep(maxRetries=10, sleepTime=1000 MILLISECONDS)
2019-09-26 20:16:00,611 [main] INFO  ipc.Client (Client.java:handleConnectionFailure(948)) - Retrying connect to server: localhost/127.0.0.1:0. Already tried 7 time(s); retry policy is RetryUpToMaximumCountWithFixedSleep(maxRetries=10, sleepTime=1000 MILLISECONDS)
2019-09-26 20:16:01,612 [main] INFO  ipc.Client (Client.java:handleConnectionFailure(948)) - Retrying connect to server: localhost/127.0.0.1:0. Already tried 8 time(s); retry policy is RetryUpToMaximumCountWithFixedSleep(maxRetries=10, sleepTime=1000 MILLISECONDS)
2019-09-26 20:16:02,614 [main] INFO  ipc.Client (Client.java:handleConnectionFailure(948)) - Retrying connect to server: localhost/127.0.0.1:0. Already tried 9 time(s); retry policy is RetryUpToMaximumCountWithFixedSleep(maxRetries=10, sleepTime=1000 MILLISECONDS)
2019-09-26 20:16:02,615 [main] INFO  retry.RetryInvocationHandler (RetryInvocationHandler.java:log(411)) - com.google.protobuf.ServiceException: java.net.ConnectException: Your endpoint configuration is wrong; For more details see:  http://wiki.apache.org/hadoop/UnsetHostnameOrPort, while invoking $Proxy37.submitRequest over nodeId=null,nodeAddress=127.0.0.1:0 after 4 failover attempts. Trying to failover immediately.
2019-09-26 20:16:03,616 [main] INFO  ipc.Client (Client.java:handleConnectionFailure(948)) - Retrying connect to server: localhost/127.0.0.1:0. Already tried 0 time(s); retry policy is RetryUpToMaximumCountWithFixedSleep(maxRetries=10, sleepTime=1000 MILLISECONDS)
2019-09-26 20:16:04,617 [main] INFO  ipc.Client (Client.java:handleConnectionFailure(948)) - Retrying connect to server: localhost/127.0.0.1:0. Already tried 1 time(s); retry policy is RetryUpToMaximumCountWithFixedSleep(maxRetries=10, sleepTime=1000 MILLISECONDS)
2019-09-26 20:16:05,619 [main] INFO  ipc.Client (Client.java:handleConnectionFailure(948)) - Retrying connect to server: localhost/127.0.0.1:0. Already tried 2 time(s); retry policy is RetryUpToMaximumCountWithFixedSleep(maxRetries=10, sleepTime=1000 MILLISECONDS)
2019-09-26 20:16:06,620 [main] INFO  ipc.Client (Client.java:handleConnectionFailure(948)) - Retrying connect to server: localhost/127.0.0.1:0. Already tried 3 time(s); retry policy is RetryUpToMaximumCountWithFixedSleep(maxRetries=10, sleepTime=1000 MILLISECONDS)
2019-09-26 20:16:07,621 [main] INFO  ipc.Client (Client.java:handleConnectionFailure(948)) - Retrying connect to server: localhost/127.0.0.1:0. Already tried 4 time(s); retry policy is RetryUpToMaximumCountWithFixedSleep(maxRetries=10, sleepTime=1000 MILLISECONDS)
2019-09-26 20:16:08,622 [main] INFO  ipc.Client (Client.java:handleConnectionFailure(948)) - Retrying connect to server: localhost/127.0.0.1:0. Already tried 5 time(s); retry policy is RetryUpToMaximumCountWithFixedSleep(maxRetries=10, sleepTime=1000 MILLISECONDS)
2019-09-26 20:16:09,623 [main] INFO  ipc.Client (Client.java:handleConnectionFailure(948)) - Retrying connect to server: localhost/127.0.0.1:0. Already tried 6 time(s); retry policy is RetryUpToMaximumCountWithFixedSleep(maxRetries=10, sleepTime=1000 MILLISECONDS)
2019-09-26 20:16:10,625 [main] INFO  ipc.Client (Client.java:handleConnectionFailure(948)) - Retrying connect to server: localhost/127.0.0.1:0. Already tried 7 time(s); retry policy is RetryUpToMaximumCountWithFixedSleep(maxRetries=10, sleepTime=1000 MILLISECONDS)
2019-09-26 20:16:11,626 [main] INFO  ipc.Client (Client.java:handleConnectionFailure(948)) - Retrying connect to server: localhost/127.0.0.1:0. Already tried 8 time(s); retry policy is RetryUpToMaximumCountWithFixedSleep(maxRetries=10, sleepTime=1000 MILLISECONDS)
2019-09-26 20:16:12,628 [main] INFO  ipc.Client (Client.java:handleConnectionFailure(948)) - Retrying connect to server: localhost/127.0.0.1:0. Already tried 9 time(s); retry policy is RetryUpToMaximumCountWithFixedSleep(maxRetries=10, sleepTime=1000 MILLISECONDS)
2019-09-26 20:16:12,629 [main] INFO  retry.RetryInvocationHandler (RetryInvocationHandler.java:log(411)) - com.google.protobuf.ServiceException: java.net.ConnectException: Your endpoint configuration is wrong; For more details see:  http://wiki.apache.org/hadoop/UnsetHostnameOrPort, while invoking $Proxy37.submitRequest over nodeId=null,nodeAddress=127.0.0.1:0 after 5 failover attempts. Trying to failover immediately.
2019-09-26 20:16:13,630 [main] INFO  ipc.Client (Client.java:handleConnectionFailure(948)) - Retrying connect to server: localhost/127.0.0.1:0. Already tried 0 time(s); retry policy is RetryUpToMaximumCountWithFixedSleep(maxRetries=10, sleepTime=1000 MILLISECONDS)
2019-09-26 20:16:14,631 [main] INFO  ipc.Client (Client.java:handleConnectionFailure(948)) - Retrying connect to server: localhost/127.0.0.1:0. Already tried 1 time(s); retry policy is RetryUpToMaximumCountWithFixedSleep(maxRetries=10, sleepTime=1000 MILLISECONDS)
2019-09-26 20:16:15,632 [main] INFO  ipc.Client (Client.java:handleConnectionFailure(948)) - Retrying connect to server: localhost/127.0.0.1:0. Already tried 2 time(s); retry policy is RetryUpToMaximumCountWithFixedSleep(maxRetries=10, sleepTime=1000 MILLISECONDS)
2019-09-26 20:16:16,634 [main] INFO  ipc.Client (Client.java:handleConnectionFailure(948)) - Retrying connect to server: localhost/127.0.0.1:0. Already tried 3 time(s); retry policy is RetryUpToMaximumCountWithFixedSleep(maxRetries=10, sleepTime=1000 MILLISECONDS)
2019-09-26 20:16:17,635 [main] INFO  ipc.Client (Client.java:handleConnectionFailure(948)) - Retrying connect to server: localhost/127.0.0.1:0. Already tried 4 time(s); retry policy is RetryUpToMaximumCountWithFixedSleep(maxRetries=10, sleepTime=1000 MILLISECONDS)
2019-09-26 20:16:18,636 [main] INFO  ipc.Client (Client.java:handleConnectionFailure(948)) - Retrying connect to server: localhost/127.0.0.1:0. Already tried 5 time(s); retry policy is RetryUpToMaximumCountWithFixedSleep(maxRetries=10, sleepTime=1000 MILLISECONDS)
2019-09-26 20:16:19,638 [main] INFO  ipc.Client (Client.java:handleConnectionFailure(948)) - Retrying connect to server: localhost/127.0.0.1:0. Already tried 6 time(s); retry policy is RetryUpToMaximumCountWithFixedSleep(maxRetries=10, sleepTime=1000 MILLISECONDS)
2019-09-26 20:16:20,639 [main] INFO  ipc.Client (Client.java:handleConnectionFailure(948)) - Retrying connect to server: localhost/127.0.0.1:0. Already tried 7 time(s); retry policy is RetryUpToMaximumCountWithFixedSleep(maxRetries=10, sleepTime=1000 MILLISECONDS)
2019-09-26 20:16:21,640 [main] INFO  ipc.Client (Client.java:handleConnectionFailure(948)) - Retrying connect to server: localhost/127.0.0.1:0. Already tried 8 time(s); retry policy is RetryUpToMaximumCountWithFixedSleep(maxRetries=10, sleepTime=1000 MILLISECONDS)
2019-09-26 20:16:22,642 [main] INFO  ipc.Client (Client.java:handleConnectionFailure(948)) - Retrying connect to server: localhost/127.0.0.1:0. Already tried 9 time(s); retry policy is RetryUpToMaximumCountWithFixedSleep(maxRetries=10, sleepTime=1000 MILLISECONDS)
2019-09-26 20:16:22,643 [main] INFO  retry.RetryInvocationHandler (RetryInvocationHandler.java:log(411)) - com.google.protobuf.ServiceException: java.net.ConnectException: Your endpoint configuration is wrong; For more details see:  http://wiki.apache.org/hadoop/UnsetHostnameOrPort, while invoking $Proxy37.submitRequest over nodeId=null,nodeAddress=127.0.0.1:0 after 6 failover attempts. Trying to failover immediately.
2019-09-26 20:16:23,644 [main] INFO  ipc.Client (Client.java:handleConnectionFailure(948)) - Retrying connect to server: localhost/127.0.0.1:0. Already tried 0 time(s); retry policy is RetryUpToMaximumCountWithFixedSleep(maxRetries=10, sleepTime=1000 MILLISECONDS)
2019-09-26 20:16:24,645 [main] INFO  ipc.Client (Client.java:handleConnectionFailure(948)) - Retrying connect to server: localhost/127.0.0.1:0. Already tried 1 time(s); retry policy is RetryUpToMaximumCountWithFixedSleep(maxRetries=10, sleepTime=1000 MILLISECONDS)
2019-09-26 20:16:25,647 [main] INFO  ipc.Client (Client.java:handleConnectionFailure(948)) - Retrying connect to server: localhost/127.0.0.1:0. Already tried 2 time(s); retry policy is RetryUpToMaximumCountWithFixedSleep(maxRetries=10, sleepTime=1000 MILLISECONDS)
2019-09-26 20:16:26,648 [main] INFO  ipc.Client (Client.java:handleConnectionFailure(948)) - Retrying connect to server: localhost/127.0.0.1:0. Already tried 3 time(s); retry policy is RetryUpToMaximumCountWithFixedSleep(maxRetries=10, sleepTime=1000 MILLISECONDS)
2019-09-26 20:16:27,649 [main] INFO  ipc.Client (Client.java:handleConnectionFailure(948)) - Retrying connect to server: localhost/127.0.0.1:0. Already tried 4 time(s); retry policy is RetryUpToMaximumCountWithFixedSleep(maxRetries=10, sleepTime=1000 MILLISECONDS)
2019-09-26 20:16:28,651 [main] INFO  ipc.Client (Client.java:handleConnectionFailure(948)) - Retrying connect to server: localhost/127.0.0.1:0. Already tried 5 time(s); retry policy is RetryUpToMaximumCountWithFixedSleep(maxRetries=10, sleepTime=1000 MILLISECONDS)
2019-09-26 20:16:29,652 [main] INFO  ipc.Client (Client.java:handleConnectionFailure(948)) - Retrying connect to server: localhost/127.0.0.1:0. Already tried 6 time(s); retry policy is RetryUpToMaximumCountWithFixedSleep(maxRetries=10, sleepTime=1000 MILLISECONDS)
2019-09-26 20:16:30,653 [main] INFO  ipc.Client (Client.java:handleConnectionFailure(948)) - Retrying connect to server: localhost/127.0.0.1:0. Already tried 7 time(s); retry policy is RetryUpToMaximumCountWithFixedSleep(maxRetries=10, sleepTime=1000 MILLISECONDS)
2019-09-26 20:16:31,655 [main] INFO  ipc.Client (Client.java:handleConnectionFailure(948)) - Retrying connect to server: localhost/127.0.0.1:0. Already tried 8 time(s); retry policy is RetryUpToMaximumCountWithFixedSleep(maxRetries=10, sleepTime=1000 MILLISECONDS)
2019-09-26 20:16:32,656 [main] INFO  ipc.Client (Client.java:handleConnectionFailure(948)) - Retrying connect to server: localhost/127.0.0.1:0. Already tried 9 time(s); retry policy is RetryUpToMaximumCountWithFixedSleep(maxRetries=10, sleepTime=1000 MILLISECONDS)
2019-09-26 20:16:32,658 [main] INFO  retry.RetryInvocationHandler (RetryInvocationHandler.java:log(411)) - com.google.protobuf.ServiceException: java.net.ConnectException: Your endpoint configuration is wrong; For more details see:  http://wiki.apache.org/hadoop/UnsetHostnameOrPort, while invoking $Proxy37.submitRequest over nodeId=null,nodeAddress=127.0.0.1:0 after 7 failover attempts. Trying to failover immediately.
2019-09-26 20:16:33,659 [main] INFO  ipc.Client (Client.java:handleConnectionFailure(948)) - Retrying connect to server: localhost/127.0.0.1:0. Already tried 0 time(s); retry policy is RetryUpToMaximumCountWithFixedSleep(maxRetries=10, sleepTime=1000 MILLISECONDS)
2019-09-26 20:16:34,661 [main] INFO  ipc.Client (Client.java:handleConnectionFailure(948)) - Retrying connect to server: localhost/127.0.0.1:0. Already tried 1 time(s); retry policy is RetryUpToMaximumCountWithFixedSleep(maxRetries=10, sleepTime=1000 MILLISECONDS)
2019-09-26 20:16:35,663 [main] INFO  ipc.Client (Client.java:handleConnectionFailure(948)) - Retrying connect to server: localhost/127.0.0.1:0. Already tried 2 time(s); retry policy is RetryUpToMaximumCountWithFixedSleep(maxRetries=10, sleepTime=1000 MILLISECONDS)
2019-09-26 20:16:36,664 [main] INFO  ipc.Client (Client.java:handleConnectionFailure(948)) - Retrying connect to server: localhost/127.0.0.1:0. Already tried 3 time(s); retry policy is RetryUpToMaximumCountWithFixedSleep(maxRetries=10, sleepTime=1000 MILLISECONDS)
2019-09-26 20:16:37,665 [main] INFO  ipc.Client (Client.java:handleConnectionFailure(948)) - Retrying connect to server: localhost/127.0.0.1:0. Already tried 4 time(s); retry policy is RetryUpToMaximumCountWithFixedSleep(maxRetries=10, sleepTime=1000 MILLISECONDS)
2019-09-26 20:16:38,666 [main] INFO  ipc.Client (Client.java:handleConnectionFailure(948)) - Retrying connect to server: localhost/127.0.0.1:0. Already tried 5 time(s); retry policy is RetryUpToMaximumCountWithFixedSleep(maxRetries=10, sleepTime=1000 MILLISECONDS)
2019-09-26 20:16:39,668 [main] INFO  ipc.Client (Client.java:handleConnectionFailure(948)) - Retrying connect to server: localhost/127.0.0.1:0. Already tried 6 time(s); retry policy is RetryUpToMaximumCountWithFixedSleep(maxRetries=10, sleepTime=1000 MILLISECONDS)
2019-09-26 20:16:40,669 [main] INFO  ipc.Client (Client.java:handleConnectionFailure(948)) - Retrying connect to server: localhost/127.0.0.1:0. Already tried 7 time(s); retry policy is RetryUpToMaximumCountWithFixedSleep(maxRetries=10, sleepTime=1000 MILLISECONDS)
2019-09-26 20:16:41,671 [main] INFO  ipc.Client (Client.java:handleConnectionFailure(948)) - Retrying connect to server: localhost/127.0.0.1:0. Already tried 8 time(s); retry policy is RetryUpToMaximumCountWithFixedSleep(maxRetries=10, sleepTime=1000 MILLISECONDS)
2019-09-26 20:16:42,672 [main] INFO  ipc.Client (Client.java:handleConnectionFailure(948)) - Retrying connect to server: localhost/127.0.0.1:0. Already tried 9 time(s); retry policy is RetryUpToMaximumCountWithFixedSleep(maxRetries=10, sleepTime=1000 MILLISECONDS)
2019-09-26 20:16:42,674 [main] INFO  retry.RetryInvocationHandler (RetryInvocationHandler.java:log(411)) - com.google.protobuf.ServiceException: java.net.ConnectException: Your endpoint configuration is wrong; For more details see:  http://wiki.apache.org/hadoop/UnsetHostnameOrPort, while invoking $Proxy37.submitRequest over nodeId=null,nodeAddress=127.0.0.1:0 after 8 failover attempts. Trying to failover immediately.
2019-09-26 20:16:43,675 [main] INFO  ipc.Client (Client.java:handleConnectionFailure(948)) - Retrying connect to server: localhost/127.0.0.1:0. Already tried 0 time(s); retry policy is RetryUpToMaximumCountWithFixedSleep(maxRetries=10, sleepTime=1000 MILLISECONDS)
2019-09-26 20:16:44,676 [main] INFO  ipc.Client (Client.java:handleConnectionFailure(948)) - Retrying connect to server: localhost/127.0.0.1:0. Already tried 1 time(s); retry policy is RetryUpToMaximumCountWithFixedSleep(maxRetries=10, sleepTime=1000 MILLISECONDS)
2019-09-26 20:16:45,678 [main] INFO  ipc.Client (Client.java:handleConnectionFailure(948)) - Retrying connect to server: localhost/127.0.0.1:0. Already tried 2 time(s); retry policy is RetryUpToMaximumCountWithFixedSleep(maxRetries=10, sleepTime=1000 MILLISECONDS)
2019-09-26 20:16:46,679 [main] INFO  ipc.Client (Client.java:handleConnectionFailure(948)) - Retrying connect to server: localhost/127.0.0.1:0. Already tried 3 time(s); retry policy is RetryUpToMaximumCountWithFixedSleep(maxRetries=10, sleepTime=1000 MILLISECONDS)
2019-09-26 20:16:47,680 [main] INFO  ipc.Client (Client.java:handleConnectionFailure(948)) - Retrying connect to server: localhost/127.0.0.1:0. Already tried 4 time(s); retry policy is RetryUpToMaximumCountWithFixedSleep(maxRetries=10, sleepTime=1000 MILLISECONDS)
2019-09-26 20:16:48,682 [main] INFO  ipc.Client (Client.java:handleConnectionFailure(948)) - Retrying connect to server: localhost/127.0.0.1:0. Already tried 5 time(s); retry policy is RetryUpToMaximumCountWithFixedSleep(maxRetries=10, sleepTime=1000 MILLISECONDS)
2019-09-26 20:16:49,683 [main] INFO  ipc.Client (Client.java:handleConnectionFailure(948)) - Retrying connect to server: localhost/127.0.0.1:0. Already tried 6 time(s); retry policy is RetryUpToMaximumCountWithFixedSleep(maxRetries=10, sleepTime=1000 MILLISECONDS)
2019-09-26 20:16:50,685 [main] INFO  ipc.Client (Client.java:handleConnectionFailure(948)) - Retrying connect to server: localhost/127.0.0.1:0. Already tried 7 time(s); retry policy is RetryUpToMaximumCountWithFixedSleep(maxRetries=10, sleepTime=1000 MILLISECONDS)
2019-09-26 20:16:51,686 [main] INFO  ipc.Client (Client.java:handleConnectionFailure(948)) - Retrying connect to server: localhost/127.0.0.1:0. Already tried 8 time(s); retry policy is RetryUpToMaximumCountWithFixedSleep(maxRetries=10, sleepTime=1000 MILLISECONDS)
2019-09-26 20:16:52,689 [main] INFO  ipc.Client (Client.java:handleConnectionFailure(948)) - Retrying connect to server: localhost/127.0.0.1:0. Already tried 9 time(s); retry policy is RetryUpToMaximumCountWithFixedSleep(maxRetries=10, sleepTime=1000 MILLISECONDS)
2019-09-26 20:16:52,690 [main] INFO  retry.RetryInvocationHandler (RetryInvocationHandler.java:log(411)) - com.google.protobuf.ServiceException: java.net.ConnectException: Your endpoint configuration is wrong; For more details see:  http://wiki.apache.org/hadoop/UnsetHostnameOrPort, while invoking $Proxy37.submitRequest over nodeId=null,nodeAddress=127.0.0.1:0 after 9 failover attempts. Trying to failover immediately.
2019-09-26 20:16:53,692 [main] INFO  ipc.Client (Client.java:handleConnectionFailure(948)) - Retrying connect to server: localhost/127.0.0.1:0. Already tried 0 time(s); retry policy is RetryUpToMaximumCountWithFixedSleep(maxRetries=10, sleepTime=1000 MILLISECONDS)
2019-09-26 20:16:54,695 [main] INFO  ipc.Client (Client.java:handleConnectionFailure(948)) - Retrying connect to server: localhost/127.0.0.1:0. Already tried 1 time(s); retry policy is RetryUpToMaximumCountWithFixedSleep(maxRetries=10, sleepTime=1000 MILLISECONDS)
2019-09-26 20:16:55,696 [main] INFO  ipc.Client (Client.java:handleConnectionFailure(948)) - Retrying connect to server: localhost/127.0.0.1:0. Already tried 2 time(s); retry policy is RetryUpToMaximumCountWithFixedSleep(maxRetries=10, sleepTime=1000 MILLISECONDS)
2019-09-26 20:16:56,697 [main] INFO  ipc.Client (Client.java:handleConnectionFailure(948)) - Retrying connect to server: localhost/127.0.0.1:0. Already tried 3 time(s); retry policy is RetryUpToMaximumCountWithFixedSleep(maxRetries=10, sleepTime=1000 MILLISECONDS)
2019-09-26 20:16:57,698 [main] INFO  ipc.Client (Client.java:handleConnectionFailure(948)) - Retrying connect to server: localhost/127.0.0.1:0. Already tried 4 time(s); retry policy is RetryUpToMaximumCountWithFixedSleep(maxRetries=10, sleepTime=1000 MILLISECONDS)
2019-09-26 20:16:58,699 [main] INFO  ipc.Client (Client.java:handleConnectionFailure(948)) - Retrying connect to server: localhost/127.0.0.1:0. Already tried 5 time(s); retry policy is RetryUpToMaximumCountWithFixedSleep(maxRetries=10, sleepTime=1000 MILLISECONDS)
2019-09-26 20:16:59,701 [main] INFO  ipc.Client (Client.java:handleConnectionFailure(948)) - Retrying connect to server: localhost/127.0.0.1:0. Already tried 6 time(s); retry policy is RetryUpToMaximumCountWithFixedSleep(maxRetries=10, sleepTime=1000 MILLISECONDS)
2019-09-26 20:17:00,702 [main] INFO  ipc.Client (Client.java:handleConnectionFailure(948)) - Retrying connect to server: localhost/127.0.0.1:0. Already tried 7 time(s); retry policy is RetryUpToMaximumCountWithFixedSleep(maxRetries=10, sleepTime=1000 MILLISECONDS)
2019-09-26 20:17:01,703 [main] INFO  ipc.Client (Client.java:handleConnectionFailure(948)) - Retrying connect to server: localhost/127.0.0.1:0. Already tried 8 time(s); retry policy is RetryUpToMaximumCountWithFixedSleep(maxRetries=10, sleepTime=1000 MILLISECONDS)
2019-09-26 20:17:02,704 [main] INFO  ipc.Client (Client.java:handleConnectionFailure(948)) - Retrying connect to server: localhost/127.0.0.1:0. Already tried 9 time(s); retry policy is RetryUpToMaximumCountWithFixedSleep(maxRetries=10, sleepTime=1000 MILLISECONDS)
2019-09-26 20:17:02,706 [main] ERROR ha.OMFailoverProxyProvider (OzoneManagerProtocolClientSideTranslatorPB.java:getRetryAction(268)) - Failed to connect to OM. Attempted 10 retries and 10 failovers
2019-09-26 20:17:02,711 [main] ERROR client.OzoneClientFactory (OzoneClientFactory.java:getClientProtocol(259)) - Couldn't create RpcClient protocol exception: 
java.net.ConnectException: Your endpoint configuration is wrong; For more details see:  http://wiki.apache.org/hadoop/UnsetHostnameOrPort
	at sun.reflect.NativeConstructorAccessorImpl.newInstance0(Native Method)
	at sun.reflect.NativeConstructorAccessorImpl.newInstance(NativeConstructorAccessorImpl.java:62)
	at sun.reflect.DelegatingConstructorAccessorImpl.newInstance(DelegatingConstructorAccessorImpl.java:45)
	at java.lang.reflect.Constructor.newInstance(Constructor.java:423)
	at org.apache.hadoop.net.NetUtils.wrapWithMessage(NetUtils.java:831)
	at org.apache.hadoop.net.NetUtils.wrapException(NetUtils.java:751)
	at org.apache.hadoop.ipc.Client.getRpcResponse(Client.java:1515)
	at org.apache.hadoop.ipc.Client.call(Client.java:1457)
	at org.apache.hadoop.ipc.Client.call(Client.java:1367)
	at org.apache.hadoop.ipc.ProtobufRpcEngine$Invoker.invoke(ProtobufRpcEngine.java:228)
	at org.apache.hadoop.ipc.ProtobufRpcEngine$Invoker.invoke(ProtobufRpcEngine.java:116)
	at com.sun.proxy.$Proxy37.submitRequest(Unknown Source)
	at sun.reflect.NativeMethodAccessorImpl.invoke0(Native Method)
	at sun.reflect.NativeMethodAccessorImpl.invoke(NativeMethodAccessorImpl.java:62)
	at sun.reflect.DelegatingMethodAccessorImpl.invoke(DelegatingMethodAccessorImpl.java:43)
	at java.lang.reflect.Method.invoke(Method.java:498)
	at org.apache.hadoop.io.retry.RetryInvocationHandler.invokeMethod(RetryInvocationHandler.java:422)
	at org.apache.hadoop.io.retry.RetryInvocationHandler$Call.invokeMethod(RetryInvocationHandler.java:165)
	at org.apache.hadoop.io.retry.RetryInvocationHandler$Call.invoke(RetryInvocationHandler.java:157)
	at org.apache.hadoop.io.retry.RetryInvocationHandler$Call.invokeOnce(RetryInvocationHandler.java:95)
	at org.apache.hadoop.io.retry.RetryInvocationHandler.invoke(RetryInvocationHandler.java:359)
	at com.sun.proxy.$Proxy37.submitRequest(Unknown Source)
	at org.apache.hadoop.ozone.om.protocolPB.OzoneManagerProtocolClientSideTranslatorPB.submitRequest(OzoneManagerProtocolClientSideTranslatorPB.java:338)
	at org.apache.hadoop.ozone.om.protocolPB.OzoneManagerProtocolClientSideTranslatorPB.getServiceInfo(OzoneManagerProtocolClientSideTranslatorPB.java:1223)
	at sun.reflect.NativeMethodAccessorImpl.invoke0(Native Method)
	at sun.reflect.NativeMethodAccessorImpl.invoke(NativeMethodAccessorImpl.java:62)
	at sun.reflect.DelegatingMethodAccessorImpl.invoke(DelegatingMethodAccessorImpl.java:43)
	at java.lang.reflect.Method.invoke(Method.java:498)
	at org.apache.hadoop.hdds.tracing.TraceAllMethod.invoke(TraceAllMethod.java:66)
	at com.sun.proxy.$Proxy38.getServiceInfo(Unknown Source)
	at org.apache.hadoop.ozone.client.rpc.RpcClient.<init>(RpcClient.java:154)
	at org.apache.hadoop.ozone.client.OzoneClientFactory.getClientProtocol(OzoneClientFactory.java:256)
	at org.apache.hadoop.ozone.client.OzoneClientFactory.getClientProtocol(OzoneClientFactory.java:239)
	at org.apache.hadoop.ozone.client.OzoneClientFactory.getRpcClient(OzoneClientFactory.java:203)
	at org.apache.hadoop.ozone.client.rpc.TestReadRetries.init(TestReadRetries.java:95)
	at sun.reflect.NativeMethodAccessorImpl.invoke0(Native Method)
	at sun.reflect.NativeMethodAccessorImpl.invoke(NativeMethodAccessorImpl.java:62)
	at sun.reflect.DelegatingMethodAccessorImpl.invoke(DelegatingMethodAccessorImpl.java:43)
	at java.lang.reflect.Method.invoke(Method.java:498)
	at org.junit.runners.model.FrameworkMethod$1.runReflectiveCall(FrameworkMethod.java:47)
	at org.junit.internal.runners.model.ReflectiveCallable.run(ReflectiveCallable.java:12)
	at org.junit.runners.model.FrameworkMethod.invokeExplosively(FrameworkMethod.java:44)
	at org.junit.internal.runners.statements.RunBefores.evaluate(RunBefores.java:24)
	at org.junit.internal.runners.statements.RunAfters.evaluate(RunAfters.java:27)
	at org.junit.runners.ParentRunner.run(ParentRunner.java:309)
	at org.apache.maven.surefire.junit4.JUnit4Provider.execute(JUnit4Provider.java:365)
	at org.apache.maven.surefire.junit4.JUnit4Provider.executeWithRerun(JUnit4Provider.java:273)
	at org.apache.maven.surefire.junit4.JUnit4Provider.executeTestSet(JUnit4Provider.java:238)
	at org.apache.maven.surefire.junit4.JUnit4Provider.invoke(JUnit4Provider.java:159)
	at org.apache.maven.surefire.booter.ForkedBooter.invokeProviderInSameClassLoader(ForkedBooter.java:384)
	at org.apache.maven.surefire.booter.ForkedBooter.runSuitesInProcess(ForkedBooter.java:345)
	at org.apache.maven.surefire.booter.ForkedBooter.execute(ForkedBooter.java:126)
	at org.apache.maven.surefire.booter.ForkedBooter.main(ForkedBooter.java:418)
Caused by: java.net.ConnectException: Connection refused
	at sun.nio.ch.SocketChannelImpl.checkConnect(Native Method)
	at sun.nio.ch.SocketChannelImpl.finishConnect(SocketChannelImpl.java:717)
	at org.apache.hadoop.net.SocketIOWithTimeout.connect(SocketIOWithTimeout.java:206)
	at org.apache.hadoop.net.NetUtils.connect(NetUtils.java:531)
	at org.apache.hadoop.ipc.Client$Connection.setupConnection(Client.java:690)
	at org.apache.hadoop.ipc.Client$Connection.setupIOstreams(Client.java:794)
	at org.apache.hadoop.ipc.Client$Connection.access$3700(Client.java:411)
	at org.apache.hadoop.ipc.Client.getConnection(Client.java:1572)
	at org.apache.hadoop.ipc.Client.call(Client.java:1403)
	... 45 more
2019-09-26 20:17:02,715 [main] INFO  ozone.MiniOzoneClusterImpl (MiniOzoneClusterImpl.java:shutdown(314)) - Shutting down the Mini Ozone Cluster
2019-09-26 20:17:02,716 [main] INFO  ozone.MiniOzoneClusterImpl (MiniOzoneClusterImpl.java:stop(330)) - Stopping the Mini Ozone Cluster
2019-09-26 20:17:02,717 [main] INFO  ozone.MiniOzoneClusterImpl (MiniOzoneClusterImpl.java:stopOM(400)) - Stopping the OzoneManager
2019-09-26 20:17:02,717 [main] INFO  ipc.Server (Server.java:stop(3082)) - Stopping server on 40627
2019-09-26 20:17:02,734 [IPC Server listener on 40627] INFO  ipc.Server (Server.java:run(1185)) - Stopping IPC Server listener on 40627
2019-09-26 20:17:02,737 [main] INFO  ratis.OzoneManagerDoubleBuffer (OzoneManagerDoubleBuffer.java:stop(248)) - Stopping OMDoubleBuffer flush thread
2019-09-26 20:17:02,740 [IPC Server Responder] INFO  ipc.Server (Server.java:run(1319)) - Stopping IPC Server Responder
2019-09-26 20:17:02,749 [OMDoubleBufferFlushThread] INFO  ratis.OzoneManagerDoubleBuffer (OzoneManagerDoubleBuffer.java:flushTransactions(191)) - OMDoubleBuffer flush thread OMDoubleBufferFlushThread is interrupted and will exit. OMDoubleBufferFlushThread
2019-09-26 20:17:02,798 [main] INFO  utils.BackgroundService (BackgroundService.java:shutdown(148)) - Shutting down service KeyDeletingService
2019-09-26 20:17:02,804 [main] INFO  handler.ContextHandler (ContextHandler.java:doStop(910)) - Stopped o.e.j.w.WebAppContext@415156bf{/,null,UNAVAILABLE}{/ozoneManager}
2019-09-26 20:17:02,812 [main] INFO  server.AbstractConnector (AbstractConnector.java:doStop(318)) - Stopped ServerConnector@393881f0{HTTP/1.1,[http/1.1]}{0.0.0.0:0}
2019-09-26 20:17:02,813 [main] INFO  handler.ContextHandler (ContextHandler.java:doStop(910)) - Stopped o.e.j.s.ServletContextHandler@3a627c80{/static,file:///workdir/hadoop-ozone/integration-test/target/test-classes/webapps/static,UNAVAILABLE}
2019-09-26 20:17:02,814 [main] INFO  handler.ContextHandler (ContextHandler.java:doStop(910)) - Stopped o.e.j.s.ServletContextHandler@20ed3303{/logs,file:///workdir/hadoop-ozone/integration-test/target/log,UNAVAILABLE}
2019-09-26 20:17:02,820 [main] INFO  ozone.MiniOzoneClusterImpl (MiniOzoneClusterImpl.java:stopDatanodes(377)) - Stopping the HddsDatanodes
2019-09-26 20:17:03,265 [Datanode State Machine Thread - 0] INFO  statemachine.DatanodeStateMachine (DatanodeStateMachine.java:lambda$startDaemon$0(350)) - Ozone container server started.
2019-09-26 20:17:03,622 [Datanode State Machine Thread - 0] INFO  statemachine.DatanodeStateMachine (DatanodeStateMachine.java:lambda$startDaemon$0(350)) - Ozone container server started.
2019-09-26 20:17:07,824 [ForkJoinPool.commonPool-worker-0] INFO  ozoneimpl.OzoneContainer (OzoneContainer.java:stop(231)) - Attempting to stop container services.
2019-09-26 20:17:07,824 [main] INFO  ozoneimpl.OzoneContainer (OzoneContainer.java:stop(231)) - Attempting to stop container services.
2019-09-26 20:17:07,825 [main] INFO  impl.RaftServerProxy (RaftServerProxy.java:lambda$close$4(314)) - 0c122c34-51b6-48d8-aceb-004b9b387362: close
2019-09-26 20:17:07,825 [ForkJoinPool.commonPool-worker-0] INFO  impl.RaftServerProxy (RaftServerProxy.java:lambda$close$4(314)) - f78f22b6-c87a-4579-a1c5-2b9c4d89f592: close
2019-09-26 20:17:07,828 [main] INFO  impl.RaftServerImpl (RaftServerImpl.java:lambda$shutdown$3(251)) - 0c122c34-51b6-48d8-aceb-004b9b387362@group-EA33E358620B: shutdown
2019-09-26 20:17:07,828 [ForkJoinPool.commonPool-worker-0] INFO  impl.RaftServerImpl (RaftServerImpl.java:lambda$shutdown$3(251)) - f78f22b6-c87a-4579-a1c5-2b9c4d89f592@group-3E66980DBE97: shutdown
2019-09-26 20:17:07,828 [main] INFO  util.JmxRegister (JmxRegister.java:unregister(73)) - Successfully un-registered JMX Bean with object name Ratis:service=RaftServer,group=group-EA33E358620B,id=0c122c34-51b6-48d8-aceb-004b9b387362
2019-09-26 20:17:07,829 [ForkJoinPool.commonPool-worker-0] INFO  util.JmxRegister (JmxRegister.java:unregister(73)) - Successfully un-registered JMX Bean with object name Ratis:service=RaftServer,group=group-3E66980DBE97,id=f78f22b6-c87a-4579-a1c5-2b9c4d89f592
2019-09-26 20:17:07,829 [main] INFO  impl.RoleInfo (RoleInfo.java:shutdownFollowerState(121)) - 0c122c34-51b6-48d8-aceb-004b9b387362: shutdown FollowerState
2019-09-26 20:17:07,829 [ForkJoinPool.commonPool-worker-0] INFO  impl.RoleInfo (RoleInfo.java:shutdownFollowerState(121)) - f78f22b6-c87a-4579-a1c5-2b9c4d89f592: shutdown FollowerState
2019-09-26 20:17:07,830 [Thread-377] INFO  impl.FollowerState (FollowerState.java:run(115)) - 0c122c34-51b6-48d8-aceb-004b9b387362: FollowerState was interrupted: java.lang.InterruptedException: sleep interrupted
2019-09-26 20:17:07,830 [main] INFO  impl.StateMachineUpdater (StateMachineUpdater.java:stopAndJoin(125)) - 0c122c34-51b6-48d8-aceb-004b9b387362@group-EA33E358620B-StateMachineUpdater: set stopIndex = 0
2019-09-26 20:17:07,834 [Thread-419] INFO  impl.FollowerState (FollowerState.java:run(115)) - f78f22b6-c87a-4579-a1c5-2b9c4d89f592: FollowerState was interrupted: java.lang.InterruptedException: sleep interrupted
2019-09-26 20:17:07,830 [ForkJoinPool.commonPool-worker-0] INFO  impl.StateMachineUpdater (StateMachineUpdater.java:stopAndJoin(125)) - f78f22b6-c87a-4579-a1c5-2b9c4d89f592@group-3E66980DBE97-StateMachineUpdater: set stopIndex = 0
2019-09-26 20:17:07,838 [main] INFO  impl.RaftServerImpl (ServerState.java:close(385)) - 0c122c34-51b6-48d8-aceb-004b9b387362@group-EA33E358620B: closes. applyIndex: 0
2019-09-26 20:17:07,838 [ForkJoinPool.commonPool-worker-0] INFO  impl.RaftServerImpl (ServerState.java:close(385)) - f78f22b6-c87a-4579-a1c5-2b9c4d89f592@group-3E66980DBE97: closes. applyIndex: 0
2019-09-26 20:17:07,841 [f78f22b6-c87a-4579-a1c5-2b9c4d89f592@group-3E66980DBE97-SegmentedRaftLogWorker] INFO  segmented.SegmentedRaftLogWorker (SegmentedRaftLogWorker.java:run(313)) - f78f22b6-c87a-4579-a1c5-2b9c4d89f592@group-3E66980DBE97-SegmentedRaftLogWorker was interrupted, exiting. There are 0 tasks remaining in the queue.
2019-09-26 20:17:07,841 [0c122c34-51b6-48d8-aceb-004b9b387362@group-EA33E358620B-SegmentedRaftLogWorker] INFO  segmented.SegmentedRaftLogWorker (SegmentedRaftLogWorker.java:run(313)) - 0c122c34-51b6-48d8-aceb-004b9b387362@group-EA33E358620B-SegmentedRaftLogWorker was interrupted, exiting. There are 0 tasks remaining in the queue.
2019-09-26 20:17:07,846 [ForkJoinPool.commonPool-worker-0] INFO  segmented.SegmentedRaftLogWorker (SegmentedRaftLogWorker.java:close(228)) - f78f22b6-c87a-4579-a1c5-2b9c4d89f592@group-3E66980DBE97-SegmentedRaftLogWorker close()
2019-09-26 20:17:07,846 [main] INFO  segmented.SegmentedRaftLogWorker (SegmentedRaftLogWorker.java:close(228)) - 0c122c34-51b6-48d8-aceb-004b9b387362@group-EA33E358620B-SegmentedRaftLogWorker close()
2019-09-26 20:17:07,856 [ForkJoinPool.commonPool-worker-0] INFO  impl.RaftServerImpl (RaftServerImpl.java:lambda$shutdown$3(251)) - f78f22b6-c87a-4579-a1c5-2b9c4d89f592@group-131B748D705C: shutdown
2019-09-26 20:17:07,856 [main] INFO  impl.RaftServerImpl (RaftServerImpl.java:lambda$shutdown$3(251)) - 0c122c34-51b6-48d8-aceb-004b9b387362@group-5CE1D1DE95BE: shutdown
2019-09-26 20:17:07,857 [ForkJoinPool.commonPool-worker-0] INFO  util.JmxRegister (JmxRegister.java:unregister(73)) - Successfully un-registered JMX Bean with object name Ratis:service=RaftServer,group=group-131B748D705C,id=f78f22b6-c87a-4579-a1c5-2b9c4d89f592
2019-09-26 20:17:07,857 [main] INFO  util.JmxRegister (JmxRegister.java:unregister(73)) - Successfully un-registered JMX Bean with object name Ratis:service=RaftServer,group=group-5CE1D1DE95BE,id=0c122c34-51b6-48d8-aceb-004b9b387362
2019-09-26 20:17:07,857 [ForkJoinPool.commonPool-worker-0] INFO  impl.RoleInfo (RoleInfo.java:shutdownLeaderState(104)) - f78f22b6-c87a-4579-a1c5-2b9c4d89f592: shutdown LeaderState
2019-09-26 20:17:07,858 [main] INFO  impl.RoleInfo (RoleInfo.java:shutdownLeaderState(104)) - 0c122c34-51b6-48d8-aceb-004b9b387362: shutdown LeaderState
2019-09-26 20:17:07,859 [ForkJoinPool.commonPool-worker-0] INFO  impl.PendingRequests (PendingRequests.java:sendNotLeaderResponses(202)) - f78f22b6-c87a-4579-a1c5-2b9c4d89f592-PendingRequests: sendNotLeaderResponses
2019-09-26 20:17:07,859 [main] INFO  impl.PendingRequests (PendingRequests.java:sendNotLeaderResponses(202)) - 0c122c34-51b6-48d8-aceb-004b9b387362-PendingRequests: sendNotLeaderResponses
2019-09-26 20:17:07,864 [ForkJoinPool.commonPool-worker-0] INFO  impl.StateMachineUpdater (StateMachineUpdater.java:stopAndJoin(125)) - f78f22b6-c87a-4579-a1c5-2b9c4d89f592@group-131B748D705C-StateMachineUpdater: set stopIndex = 0
2019-09-26 20:17:07,864 [main] INFO  impl.StateMachineUpdater (StateMachineUpdater.java:stopAndJoin(125)) - 0c122c34-51b6-48d8-aceb-004b9b387362@group-5CE1D1DE95BE-StateMachineUpdater: set stopIndex = 0
2019-09-26 20:17:07,864 [ForkJoinPool.commonPool-worker-0] INFO  impl.RaftServerImpl (ServerState.java:close(385)) - f78f22b6-c87a-4579-a1c5-2b9c4d89f592@group-131B748D705C: closes. applyIndex: 0
2019-09-26 20:17:07,864 [main] INFO  impl.RaftServerImpl (ServerState.java:close(385)) - 0c122c34-51b6-48d8-aceb-004b9b387362@group-5CE1D1DE95BE: closes. applyIndex: 0
2019-09-26 20:17:07,865 [f78f22b6-c87a-4579-a1c5-2b9c4d89f592@group-131B748D705C-SegmentedRaftLogWorker] INFO  segmented.SegmentedRaftLogWorker (SegmentedRaftLogWorker.java:run(313)) - f78f22b6-c87a-4579-a1c5-2b9c4d89f592@group-131B748D705C-SegmentedRaftLogWorker was interrupted, exiting. There are 0 tasks remaining in the queue.
2019-09-26 20:17:07,865 [0c122c34-51b6-48d8-aceb-004b9b387362@group-5CE1D1DE95BE-SegmentedRaftLogWorker] INFO  segmented.SegmentedRaftLogWorker (SegmentedRaftLogWorker.java:run(313)) - 0c122c34-51b6-48d8-aceb-004b9b387362@group-5CE1D1DE95BE-SegmentedRaftLogWorker was interrupted, exiting. There are 0 tasks remaining in the queue.
2019-09-26 20:17:07,868 [ForkJoinPool.commonPool-worker-0] INFO  segmented.SegmentedRaftLogWorker (SegmentedRaftLogWorker.java:close(228)) - f78f22b6-c87a-4579-a1c5-2b9c4d89f592@group-131B748D705C-SegmentedRaftLogWorker close()
2019-09-26 20:17:07,870 [main] INFO  segmented.SegmentedRaftLogWorker (SegmentedRaftLogWorker.java:close(228)) - 0c122c34-51b6-48d8-aceb-004b9b387362@group-5CE1D1DE95BE-SegmentedRaftLogWorker close()
2019-09-26 20:17:07,882 [main] INFO  server.GrpcService (GrpcService.java:closeImpl(164)) - 0c122c34-51b6-48d8-aceb-004b9b387362: shutdown server with port 44391 now
2019-09-26 20:17:07,882 [ForkJoinPool.commonPool-worker-0] INFO  server.GrpcService (GrpcService.java:closeImpl(164)) - f78f22b6-c87a-4579-a1c5-2b9c4d89f592: shutdown server with port 37490 now
2019-09-26 20:17:07,898 [main] INFO  server.GrpcService (GrpcService.java:closeImpl(172)) - 0c122c34-51b6-48d8-aceb-004b9b387362: shutdown server with port 44391 successfully
2019-09-26 20:17:07,898 [ForkJoinPool.commonPool-worker-0] INFO  server.GrpcService (GrpcService.java:closeImpl(172)) - f78f22b6-c87a-4579-a1c5-2b9c4d89f592: shutdown server with port 37490 successfully
2019-09-26 20:17:07,899 [grpc-default-executor-3] WARN  server.GrpcServerProtocolService (LogUtils.java:warn(134)) - 0c122c34-51b6-48d8-aceb-004b9b387362: installSnapshot onError, lastRequest: 091d78c8-8aa5-4dc3-975f-4b808abe8813->0c122c34-51b6-48d8-aceb-004b9b387362#44-t1, previous=(t:1, i:0), leaderCommit=0, initializing? false, entries: <empty>: org.apache.ratis.thirdparty.io.grpc.StatusRuntimeException: CANCELLED: cancelled before receiving half close
2019-09-26 20:17:07,899 [grpc-default-executor-7] WARN  server.GrpcServerProtocolService (LogUtils.java:warn(134)) - f78f22b6-c87a-4579-a1c5-2b9c4d89f592: installSnapshot onError, lastRequest: 0955c41b-5120-474c-be8a-331162b53db7->f78f22b6-c87a-4579-a1c5-2b9c4d89f592#42-t3, previous=(t:3, i:0), leaderCommit=0, initializing? false, entries: <empty>: org.apache.ratis.thirdparty.io.grpc.StatusRuntimeException: CANCELLED: cancelled before receiving half close
2019-09-26 20:17:07,910 [grpc-default-executor-6] WARN  server.GrpcLogAppender (LogUtils.java:warn(134)) - 091d78c8-8aa5-4dc3-975f-4b808abe8813@group-EA33E358620B->0c122c34-51b6-48d8-aceb-004b9b387362-AppendLogResponseHandler: Failed appendEntries: org.apache.ratis.thirdparty.io.grpc.StatusRuntimeException: CANCELLED: HTTP/2 error code: CANCEL
Received Rst Stream
2019-09-26 20:17:07,910 [grpc-default-executor-1] WARN  server.GrpcLogAppender (LogUtils.java:warn(134)) - 0955c41b-5120-474c-be8a-331162b53db7@group-3E66980DBE97->f78f22b6-c87a-4579-a1c5-2b9c4d89f592-AppendLogResponseHandler: Failed appendEntries: org.apache.ratis.thirdparty.io.grpc.StatusRuntimeException: CANCELLED: HTTP/2 error code: CANCEL
Received Rst Stream
2019-09-26 20:17:07,919 [refreshUsed-/workdir/hadoop-ozone/integration-test/target/test-dir/MiniOzoneClusterImpl-b4cfdfda-c500-4180-9b02-0b7d7f1c7e35/datanode-2/data/containers] WARN  fs.CachingGetSpaceUsed (CachingGetSpaceUsed.java:run(183)) - Thread Interrupted waiting to refresh disk information: sleep interrupted
2019-09-26 20:17:07,919 [grpc-default-executor-6] INFO  impl.FollowerInfo (FollowerInfo.java:lambda$new$0(51)) - 091d78c8-8aa5-4dc3-975f-4b808abe8813@group-EA33E358620B->0c122c34-51b6-48d8-aceb-004b9b387362: nextIndex: updateUnconditionally 1 -> 0
2019-09-26 20:17:07,919 [grpc-default-executor-1] INFO  impl.FollowerInfo (FollowerInfo.java:lambda$new$0(51)) - 0955c41b-5120-474c-be8a-331162b53db7@group-3E66980DBE97->f78f22b6-c87a-4579-a1c5-2b9c4d89f592: nextIndex: updateUnconditionally 1 -> 0
2019-09-26 20:17:07,919 [refreshUsed-/workdir/hadoop-ozone/integration-test/target/test-dir/MiniOzoneClusterImpl-b4cfdfda-c500-4180-9b02-0b7d7f1c7e35/datanode-5/data/containers] WARN  fs.CachingGetSpaceUsed (CachingGetSpaceUsed.java:run(183)) - Thread Interrupted waiting to refresh disk information: sleep interrupted
2019-09-26 20:17:07,953 [main] INFO  utils.BackgroundService (BackgroundService.java:shutdown(148)) - Shutting down service BlockDeletingService
2019-09-26 20:17:07,953 [ForkJoinPool.commonPool-worker-0] INFO  utils.BackgroundService (BackgroundService.java:shutdown(148)) - Shutting down service BlockDeletingService
2019-09-26 20:17:07,959 [main] INFO  statemachine.DatanodeStateMachine (DatanodeStateMachine.java:stopDaemon(395)) - Ozone container server stopped.
2019-09-26 20:17:07,962 [ForkJoinPool.commonPool-worker-0] INFO  statemachine.DatanodeStateMachine (DatanodeStateMachine.java:stopDaemon(395)) - Ozone container server stopped.
2019-09-26 20:17:07,967 [main] INFO  handler.ContextHandler (ContextHandler.java:doStop(910)) - Stopped o.e.j.w.WebAppContext@254f906e{/,null,UNAVAILABLE}{/hddsDatanode}
2019-09-26 20:17:07,968 [ForkJoinPool.commonPool-worker-0] INFO  handler.ContextHandler (ContextHandler.java:doStop(910)) - Stopped o.e.j.w.WebAppContext@6342d610{/,null,UNAVAILABLE}{/hddsDatanode}
2019-09-26 20:17:07,969 [main] INFO  server.AbstractConnector (AbstractConnector.java:doStop(318)) - Stopped ServerConnector@3d0035d2{HTTP/1.1,[http/1.1]}{0.0.0.0:0}
2019-09-26 20:17:07,969 [ForkJoinPool.commonPool-worker-0] INFO  server.AbstractConnector (AbstractConnector.java:doStop(318)) - Stopped ServerConnector@dc4a691{HTTP/1.1,[http/1.1]}{0.0.0.0:0}
2019-09-26 20:17:07,969 [main] INFO  handler.ContextHandler (ContextHandler.java:doStop(910)) - Stopped o.e.j.s.ServletContextHandler@3d96fa9e{/static,jar:file:/home/user/.m2/repository/org/apache/hadoop/hadoop-hdds-container-service/0.5.0-SNAPSHOT/hadoop-hdds-container-service-0.5.0-SNAPSHOT.jar!/webapps/static,UNAVAILABLE}
2019-09-26 20:17:07,971 [ForkJoinPool.commonPool-worker-0] INFO  handler.ContextHandler (ContextHandler.java:doStop(910)) - Stopped o.e.j.s.ServletContextHandler@5a6d30e2{/static,jar:file:/home/user/.m2/repository/org/apache/hadoop/hadoop-hdds-container-service/0.5.0-SNAPSHOT/hadoop-hdds-container-service-0.5.0-SNAPSHOT.jar!/webapps/static,UNAVAILABLE}
2019-09-26 20:17:07,971 [main] INFO  handler.ContextHandler (ContextHandler.java:doStop(910)) - Stopped o.e.j.s.ServletContextHandler@74170687{/logs,file:///workdir/hadoop-ozone/integration-test/target/log,UNAVAILABLE}
2019-09-26 20:17:07,973 [ForkJoinPool.commonPool-worker-0] INFO  handler.ContextHandler (ContextHandler.java:doStop(910)) - Stopped o.e.j.s.ServletContextHandler@1cd3b138{/logs,file:///workdir/hadoop-ozone/integration-test/target/log,UNAVAILABLE}
2019-09-26 20:17:08,262 [Datanode State Machine Thread - 0] INFO  statemachine.DatanodeStateMachine (DatanodeStateMachine.java:lambda$startDaemon$0(350)) - Ozone container server started.
2019-09-26 20:17:08,702 [Datanode State Machine Thread - 0] INFO  statemachine.DatanodeStateMachine (DatanodeStateMachine.java:lambda$startDaemon$0(350)) - Ozone container server started.
2019-09-26 20:17:08,850 [grpc-default-executor-3] WARN  server.GrpcLogAppender (LogUtils.java:warn(134)) - 0955c41b-5120-474c-be8a-331162b53db7@group-3E66980DBE97->f78f22b6-c87a-4579-a1c5-2b9c4d89f592-AppendLogResponseHandler: Failed appendEntries: org.apache.ratis.thirdparty.io.grpc.StatusRuntimeException: UNAVAILABLE: io exception
2019-09-26 20:17:08,852 [grpc-default-executor-3] INFO  impl.FollowerInfo (FollowerInfo.java:lambda$new$0(51)) - 0955c41b-5120-474c-be8a-331162b53db7@group-3E66980DBE97->f78f22b6-c87a-4579-a1c5-2b9c4d89f592: nextIndex: updateUnconditionally 0 -> 0
2019-09-26 20:17:08,872 [grpc-default-executor-1] WARN  server.GrpcLogAppender (LogUtils.java:warn(134)) - 091d78c8-8aa5-4dc3-975f-4b808abe8813@group-EA33E358620B->0c122c34-51b6-48d8-aceb-004b9b387362-AppendLogResponseHandler: Failed appendEntries: org.apache.ratis.thirdparty.io.grpc.StatusRuntimeException: UNAVAILABLE: io exception
2019-09-26 20:17:08,875 [grpc-default-executor-1] INFO  impl.FollowerInfo (FollowerInfo.java:lambda$new$0(51)) - 091d78c8-8aa5-4dc3-975f-4b808abe8813@group-EA33E358620B->0c122c34-51b6-48d8-aceb-004b9b387362: nextIndex: updateUnconditionally 0 -> 0
2019-09-26 20:17:11,341 [grpc-default-executor-1] WARN  server.GrpcLogAppender (LogUtils.java:warn(134)) - 0955c41b-5120-474c-be8a-331162b53db7@group-3E66980DBE97->f78f22b6-c87a-4579-a1c5-2b9c4d89f592-AppendLogResponseHandler: Failed appendEntries: org.apache.ratis.thirdparty.io.grpc.StatusRuntimeException: UNAVAILABLE: io exception
2019-09-26 20:17:11,344 [grpc-default-executor-1] INFO  impl.FollowerInfo (FollowerInfo.java:lambda$new$0(51)) - 0955c41b-5120-474c-be8a-331162b53db7@group-3E66980DBE97->f78f22b6-c87a-4579-a1c5-2b9c4d89f592: nextIndex: updateUnconditionally 0 -> 0
2019-09-26 20:17:11,371 [grpc-default-executor-7] WARN  server.GrpcLogAppender (LogUtils.java:warn(134)) - 091d78c8-8aa5-4dc3-975f-4b808abe8813@group-EA33E358620B->0c122c34-51b6-48d8-aceb-004b9b387362-AppendLogResponseHandler: Failed appendEntries: org.apache.ratis.thirdparty.io.grpc.StatusRuntimeException: UNAVAILABLE: io exception
2019-09-26 20:17:11,374 [grpc-default-executor-7] INFO  impl.FollowerInfo (FollowerInfo.java:lambda$new$0(51)) - 091d78c8-8aa5-4dc3-975f-4b808abe8813@group-EA33E358620B->0c122c34-51b6-48d8-aceb-004b9b387362: nextIndex: updateUnconditionally 0 -> 0
2019-09-26 20:17:12,975 [ForkJoinPool.commonPool-worker-0] INFO  ozoneimpl.OzoneContainer (OzoneContainer.java:stop(231)) - Attempting to stop container services.
2019-09-26 20:17:12,975 [main] INFO  ozoneimpl.OzoneContainer (OzoneContainer.java:stop(231)) - Attempting to stop container services.
2019-09-26 20:17:12,976 [ForkJoinPool.commonPool-worker-0] INFO  impl.RaftServerProxy (RaftServerProxy.java:lambda$close$4(314)) - 989db53d-fc3b-4bf0-a4bf-0b82aa6828ba: close
2019-09-26 20:17:12,976 [main] INFO  impl.RaftServerProxy (RaftServerProxy.java:lambda$close$4(314)) - 2d7db0fd-6fea-47bf-b6a6-a970e74572bb: close
2019-09-26 20:17:12,976 [ForkJoinPool.commonPool-worker-0] INFO  impl.RaftServerImpl (RaftServerImpl.java:lambda$shutdown$3(251)) - 989db53d-fc3b-4bf0-a4bf-0b82aa6828ba@group-A46573F3A872: shutdown
2019-09-26 20:17:12,976 [main] INFO  impl.RaftServerImpl (RaftServerImpl.java:lambda$shutdown$3(251)) - 2d7db0fd-6fea-47bf-b6a6-a970e74572bb@group-937BB9560088: shutdown
2019-09-26 20:17:12,977 [ForkJoinPool.commonPool-worker-0] INFO  util.JmxRegister (JmxRegister.java:unregister(73)) - Successfully un-registered JMX Bean with object name Ratis:service=RaftServer,group=group-A46573F3A872,id=989db53d-fc3b-4bf0-a4bf-0b82aa6828ba
2019-09-26 20:17:12,977 [main] INFO  util.JmxRegister (JmxRegister.java:unregister(73)) - Successfully un-registered JMX Bean with object name Ratis:service=RaftServer,group=group-937BB9560088,id=2d7db0fd-6fea-47bf-b6a6-a970e74572bb
2019-09-26 20:17:12,977 [ForkJoinPool.commonPool-worker-0] INFO  impl.RoleInfo (RoleInfo.java:shutdownLeaderState(104)) - 989db53d-fc3b-4bf0-a4bf-0b82aa6828ba: shutdown LeaderState
2019-09-26 20:17:12,978 [main] INFO  impl.RoleInfo (RoleInfo.java:shutdownLeaderState(104)) - 2d7db0fd-6fea-47bf-b6a6-a970e74572bb: shutdown LeaderState
2019-09-26 20:17:12,983 [org.apache.ratis.server.impl.LogAppender$AppenderDaemon$$Lambda$382/984077766@5bd1c9ed] WARN  server.GrpcLogAppender (GrpcLogAppender.java:mayWait(143)) - 989db53d-fc3b-4bf0-a4bf-0b82aa6828ba@group-A46573F3A872->d03460e2-731b-4fec-8083-99c6044121d1-GrpcLogAppender: Wait interrupted by java.lang.InterruptedException
2019-09-26 20:17:12,983 [org.apache.ratis.server.impl.LogAppender$AppenderDaemon$$Lambda$382/984077766@7871cfa0] WARN  server.GrpcLogAppender (GrpcLogAppender.java:mayWait(143)) - 989db53d-fc3b-4bf0-a4bf-0b82aa6828ba@group-A46573F3A872->273431b0-2aea-4281-baeb-0b2797c336e5-GrpcLogAppender: Wait interrupted by java.lang.InterruptedException
2019-09-26 20:17:12,983 [ForkJoinPool.commonPool-worker-0] INFO  impl.PendingRequests (PendingRequests.java:sendNotLeaderResponses(202)) - 989db53d-fc3b-4bf0-a4bf-0b82aa6828ba-PendingRequests: sendNotLeaderResponses
2019-09-26 20:17:12,983 [main] INFO  impl.PendingRequests (PendingRequests.java:sendNotLeaderResponses(202)) - 2d7db0fd-6fea-47bf-b6a6-a970e74572bb-PendingRequests: sendNotLeaderResponses
2019-09-26 20:17:12,983 [ForkJoinPool.commonPool-worker-0] INFO  impl.StateMachineUpdater (StateMachineUpdater.java:stopAndJoin(125)) - 989db53d-fc3b-4bf0-a4bf-0b82aa6828ba@group-A46573F3A872-StateMachineUpdater: set stopIndex = 0
2019-09-26 20:17:12,989 [main] INFO  impl.StateMachineUpdater (StateMachineUpdater.java:stopAndJoin(125)) - 2d7db0fd-6fea-47bf-b6a6-a970e74572bb@group-937BB9560088-StateMachineUpdater: set stopIndex = 0
2019-09-26 20:17:12,989 [grpc-default-executor-1] INFO  server.GrpcServerProtocolService (GrpcServerProtocolService.java:onCompleted(113)) - d03460e2-731b-4fec-8083-99c6044121d1: Completed APPEND_ENTRIES, lastRequest: 989db53d-fc3b-4bf0-a4bf-0b82aa6828ba->d03460e2-731b-4fec-8083-99c6044121d1#46-t1, previous=(t:1, i:0), leaderCommit=0, initializing? false, entries: <empty>
2019-09-26 20:17:12,989 [ForkJoinPool.commonPool-worker-0] INFO  impl.RaftServerImpl (ServerState.java:close(385)) - 989db53d-fc3b-4bf0-a4bf-0b82aa6828ba@group-A46573F3A872: closes. applyIndex: 0
2019-09-26 20:17:12,989 [main] INFO  impl.RaftServerImpl (ServerState.java:close(385)) - 2d7db0fd-6fea-47bf-b6a6-a970e74572bb@group-937BB9560088: closes. applyIndex: 0
2019-09-26 20:17:12,989 [grpc-default-executor-7] INFO  server.GrpcServerProtocolService (GrpcServerProtocolService.java:onCompleted(113)) - 273431b0-2aea-4281-baeb-0b2797c336e5: Completed APPEND_ENTRIES, lastRequest: 989db53d-fc3b-4bf0-a4bf-0b82aa6828ba->273431b0-2aea-4281-baeb-0b2797c336e5#46-t1, previous=(t:1, i:0), leaderCommit=0, initializing? false, entries: <empty>
2019-09-26 20:17:12,992 [grpc-default-executor-1] INFO  server.GrpcLogAppender (GrpcLogAppender.java:onCompleted(293)) - 989db53d-fc3b-4bf0-a4bf-0b82aa6828ba@group-A46573F3A872->d03460e2-731b-4fec-8083-99c6044121d1-AppendLogResponseHandler: follower responses appendEntries COMPLETED
2019-09-26 20:17:12,990 [989db53d-fc3b-4bf0-a4bf-0b82aa6828ba@group-A46573F3A872-SegmentedRaftLogWorker] INFO  segmented.SegmentedRaftLogWorker (SegmentedRaftLogWorker.java:run(313)) - 989db53d-fc3b-4bf0-a4bf-0b82aa6828ba@group-A46573F3A872-SegmentedRaftLogWorker was interrupted, exiting. There are 0 tasks remaining in the queue.
2019-09-26 20:17:12,993 [2d7db0fd-6fea-47bf-b6a6-a970e74572bb@group-937BB9560088-SegmentedRaftLogWorker] INFO  segmented.SegmentedRaftLogWorker (SegmentedRaftLogWorker.java:run(313)) - 2d7db0fd-6fea-47bf-b6a6-a970e74572bb@group-937BB9560088-SegmentedRaftLogWorker was interrupted, exiting. There are 0 tasks remaining in the queue.
2019-09-26 20:17:12,997 [grpc-default-executor-1] INFO  impl.FollowerInfo (FollowerInfo.java:lambda$new$0(51)) - 989db53d-fc3b-4bf0-a4bf-0b82aa6828ba@group-A46573F3A872->d03460e2-731b-4fec-8083-99c6044121d1: nextIndex: updateUnconditionally 1 -> 0
2019-09-26 20:17:13,001 [main] INFO  segmented.SegmentedRaftLogWorker (SegmentedRaftLogWorker.java:close(228)) - 2d7db0fd-6fea-47bf-b6a6-a970e74572bb@group-937BB9560088-SegmentedRaftLogWorker close()
2019-09-26 20:17:13,001 [ForkJoinPool.commonPool-worker-0] INFO  segmented.SegmentedRaftLogWorker (SegmentedRaftLogWorker.java:close(228)) - 989db53d-fc3b-4bf0-a4bf-0b82aa6828ba@group-A46573F3A872-SegmentedRaftLogWorker close()
2019-09-26 20:17:12,999 [grpc-default-executor-7] INFO  server.GrpcLogAppender (GrpcLogAppender.java:onCompleted(293)) - 989db53d-fc3b-4bf0-a4bf-0b82aa6828ba@group-A46573F3A872->273431b0-2aea-4281-baeb-0b2797c336e5-AppendLogResponseHandler: follower responses appendEntries COMPLETED
2019-09-26 20:17:13,009 [ForkJoinPool.commonPool-worker-0] INFO  impl.RaftServerImpl (RaftServerImpl.java:lambda$shutdown$3(251)) - 989db53d-fc3b-4bf0-a4bf-0b82aa6828ba@group-08E48312397D: shutdown
2019-09-26 20:17:13,005 [main] INFO  server.GrpcService (GrpcService.java:closeImpl(164)) - 2d7db0fd-6fea-47bf-b6a6-a970e74572bb: shutdown server with port 46576 now
2019-09-26 20:17:13,012 [ForkJoinPool.commonPool-worker-0] INFO  util.JmxRegister (JmxRegister.java:unregister(73)) - Successfully un-registered JMX Bean with object name Ratis:service=RaftServer,group=group-08E48312397D,id=989db53d-fc3b-4bf0-a4bf-0b82aa6828ba
2019-09-26 20:17:13,014 [ForkJoinPool.commonPool-worker-0] INFO  impl.RoleInfo (RoleInfo.java:shutdownLeaderState(104)) - 989db53d-fc3b-4bf0-a4bf-0b82aa6828ba: shutdown LeaderState
2019-09-26 20:17:13,011 [grpc-default-executor-7] INFO  impl.FollowerInfo (FollowerInfo.java:lambda$new$0(51)) - 989db53d-fc3b-4bf0-a4bf-0b82aa6828ba@group-A46573F3A872->273431b0-2aea-4281-baeb-0b2797c336e5: nextIndex: updateUnconditionally 1 -> 0
2019-09-26 20:17:13,014 [ForkJoinPool.commonPool-worker-0] INFO  impl.PendingRequests (PendingRequests.java:sendNotLeaderResponses(202)) - 989db53d-fc3b-4bf0-a4bf-0b82aa6828ba-PendingRequests: sendNotLeaderResponses
2019-09-26 20:17:13,013 [main] INFO  server.GrpcService (GrpcService.java:closeImpl(172)) - 2d7db0fd-6fea-47bf-b6a6-a970e74572bb: shutdown server with port 46576 successfully
2019-09-26 20:17:13,015 [ForkJoinPool.commonPool-worker-0] INFO  impl.StateMachineUpdater (StateMachineUpdater.java:stopAndJoin(125)) - 989db53d-fc3b-4bf0-a4bf-0b82aa6828ba@group-08E48312397D-StateMachineUpdater: set stopIndex = 0
2019-09-26 20:17:13,015 [ForkJoinPool.commonPool-worker-0] INFO  impl.RaftServerImpl (ServerState.java:close(385)) - 989db53d-fc3b-4bf0-a4bf-0b82aa6828ba@group-08E48312397D: closes. applyIndex: 0
2019-09-26 20:17:13,016 [989db53d-fc3b-4bf0-a4bf-0b82aa6828ba@group-08E48312397D-SegmentedRaftLogWorker] INFO  segmented.SegmentedRaftLogWorker (SegmentedRaftLogWorker.java:run(313)) - 989db53d-fc3b-4bf0-a4bf-0b82aa6828ba@group-08E48312397D-SegmentedRaftLogWorker was interrupted, exiting. There are 0 tasks remaining in the queue.
2019-09-26 20:17:13,018 [ForkJoinPool.commonPool-worker-0] INFO  segmented.SegmentedRaftLogWorker (SegmentedRaftLogWorker.java:close(228)) - 989db53d-fc3b-4bf0-a4bf-0b82aa6828ba@group-08E48312397D-SegmentedRaftLogWorker close()
2019-09-26 20:17:13,022 [ForkJoinPool.commonPool-worker-0] INFO  server.GrpcService (GrpcService.java:closeImpl(164)) - 989db53d-fc3b-4bf0-a4bf-0b82aa6828ba: shutdown server with port 43493 now
2019-09-26 20:17:13,024 [ForkJoinPool.commonPool-worker-0] INFO  server.GrpcService (GrpcService.java:closeImpl(172)) - 989db53d-fc3b-4bf0-a4bf-0b82aa6828ba: shutdown server with port 43493 successfully
2019-09-26 20:17:13,030 [refreshUsed-/workdir/hadoop-ozone/integration-test/target/test-dir/MiniOzoneClusterImpl-b4cfdfda-c500-4180-9b02-0b7d7f1c7e35/datanode-6/data/containers] WARN  fs.CachingGetSpaceUsed (CachingGetSpaceUsed.java:run(183)) - Thread Interrupted waiting to refresh disk information: sleep interrupted
2019-09-26 20:17:13,038 [refreshUsed-/workdir/hadoop-ozone/integration-test/target/test-dir/MiniOzoneClusterImpl-b4cfdfda-c500-4180-9b02-0b7d7f1c7e35/datanode-3/data/containers] WARN  fs.CachingGetSpaceUsed (CachingGetSpaceUsed.java:run(183)) - Thread Interrupted waiting to refresh disk information: sleep interrupted
2019-09-26 20:17:13,046 [main] INFO  utils.BackgroundService (BackgroundService.java:shutdown(148)) - Shutting down service BlockDeletingService
2019-09-26 20:17:13,052 [main] INFO  statemachine.DatanodeStateMachine (DatanodeStateMachine.java:stopDaemon(395)) - Ozone container server stopped.
2019-09-26 20:17:13,053 [main] INFO  handler.ContextHandler (ContextHandler.java:doStop(910)) - Stopped o.e.j.w.WebAppContext@7544ac86{/,null,UNAVAILABLE}{/hddsDatanode}
2019-09-26 20:17:13,054 [main] INFO  server.AbstractConnector (AbstractConnector.java:doStop(318)) - Stopped ServerConnector@3b27b497{HTTP/1.1,[http/1.1]}{0.0.0.0:0}
2019-09-26 20:17:13,054 [main] INFO  handler.ContextHandler (ContextHandler.java:doStop(910)) - Stopped o.e.j.s.ServletContextHandler@3240b2a4{/static,jar:file:/home/user/.m2/repository/org/apache/hadoop/hadoop-hdds-container-service/0.5.0-SNAPSHOT/hadoop-hdds-container-service-0.5.0-SNAPSHOT.jar!/webapps/static,UNAVAILABLE}
2019-09-26 20:17:13,055 [main] INFO  handler.ContextHandler (ContextHandler.java:doStop(910)) - Stopped o.e.j.s.ServletContextHandler@3dd31157{/logs,file:///workdir/hadoop-ozone/integration-test/target/log,UNAVAILABLE}
2019-09-26 20:17:13,059 [ForkJoinPool.commonPool-worker-0] INFO  utils.BackgroundService (BackgroundService.java:shutdown(148)) - Shutting down service BlockDeletingService
2019-09-26 20:17:13,063 [ForkJoinPool.commonPool-worker-0] INFO  statemachine.DatanodeStateMachine (DatanodeStateMachine.java:stopDaemon(395)) - Ozone container server stopped.
2019-09-26 20:17:13,068 [ForkJoinPool.commonPool-worker-0] INFO  handler.ContextHandler (ContextHandler.java:doStop(910)) - Stopped o.e.j.w.WebAppContext@44f24a20{/,null,UNAVAILABLE}{/hddsDatanode}
2019-09-26 20:17:13,068 [ForkJoinPool.commonPool-worker-0] INFO  server.AbstractConnector (AbstractConnector.java:doStop(318)) - Stopped ServerConnector@1859e2a4{HTTP/1.1,[http/1.1]}{0.0.0.0:0}
2019-09-26 20:17:13,069 [ForkJoinPool.commonPool-worker-0] INFO  handler.ContextHandler (ContextHandler.java:doStop(910)) - Stopped o.e.j.s.ServletContextHandler@252a8aae{/static,jar:file:/home/user/.m2/repository/org/apache/hadoop/hadoop-hdds-container-service/0.5.0-SNAPSHOT/hadoop-hdds-container-service-0.5.0-SNAPSHOT.jar!/webapps/static,UNAVAILABLE}
2019-09-26 20:17:13,071 [ForkJoinPool.commonPool-worker-0] INFO  handler.ContextHandler (ContextHandler.java:doStop(910)) - Stopped o.e.j.s.ServletContextHandler@23f3da8b{/logs,file:///workdir/hadoop-ozone/integration-test/target/log,UNAVAILABLE}
2019-09-26 20:17:13,273 [Datanode State Machine Thread - 0] INFO  statemachine.DatanodeStateMachine (DatanodeStateMachine.java:lambda$startDaemon$0(350)) - Ozone container server started.
2019-09-26 20:17:13,274 [Datanode State Machine Thread - 0] INFO  statemachine.DatanodeStateMachine (DatanodeStateMachine.java:lambda$startDaemon$0(350)) - Ozone container server started.
2019-09-26 20:17:13,844 [grpc-default-executor-3] WARN  server.GrpcLogAppender (LogUtils.java:warn(134)) - 0955c41b-5120-474c-be8a-331162b53db7@group-3E66980DBE97->f78f22b6-c87a-4579-a1c5-2b9c4d89f592-AppendLogResponseHandler: Failed appendEntries: org.apache.ratis.thirdparty.io.grpc.StatusRuntimeException: UNAVAILABLE: io exception
2019-09-26 20:17:13,847 [grpc-default-executor-3] INFO  impl.FollowerInfo (FollowerInfo.java:lambda$new$0(51)) - 0955c41b-5120-474c-be8a-331162b53db7@group-3E66980DBE97->f78f22b6-c87a-4579-a1c5-2b9c4d89f592: nextIndex: updateUnconditionally 0 -> 0
2019-09-26 20:17:13,875 [grpc-default-executor-1] WARN  server.GrpcLogAppender (LogUtils.java:warn(134)) - 091d78c8-8aa5-4dc3-975f-4b808abe8813@group-EA33E358620B->0c122c34-51b6-48d8-aceb-004b9b387362-AppendLogResponseHandler: Failed appendEntries: org.apache.ratis.thirdparty.io.grpc.StatusRuntimeException: UNAVAILABLE: io exception
2019-09-26 20:17:13,877 [grpc-default-executor-1] INFO  impl.FollowerInfo (FollowerInfo.java:lambda$new$0(51)) - 091d78c8-8aa5-4dc3-975f-4b808abe8813@group-EA33E358620B->0c122c34-51b6-48d8-aceb-004b9b387362: nextIndex: updateUnconditionally 0 -> 0
2019-09-26 20:17:16,349 [grpc-default-executor-3] WARN  server.GrpcLogAppender (LogUtils.java:warn(134)) - 0955c41b-5120-474c-be8a-331162b53db7@group-3E66980DBE97->f78f22b6-c87a-4579-a1c5-2b9c4d89f592-AppendLogResponseHandler: Failed appendEntries: org.apache.ratis.thirdparty.io.grpc.StatusRuntimeException: UNAVAILABLE: io exception
2019-09-26 20:17:16,352 [grpc-default-executor-3] INFO  impl.FollowerInfo (FollowerInfo.java:lambda$new$0(51)) - 0955c41b-5120-474c-be8a-331162b53db7@group-3E66980DBE97->f78f22b6-c87a-4579-a1c5-2b9c4d89f592: nextIndex: updateUnconditionally 0 -> 0
2019-09-26 20:17:16,379 [grpc-default-executor-7] WARN  server.GrpcLogAppender (LogUtils.java:warn(134)) - 091d78c8-8aa5-4dc3-975f-4b808abe8813@group-EA33E358620B->0c122c34-51b6-48d8-aceb-004b9b387362-AppendLogResponseHandler: Failed appendEntries: org.apache.ratis.thirdparty.io.grpc.StatusRuntimeException: UNAVAILABLE: io exception
2019-09-26 20:17:16,382 [grpc-default-executor-7] INFO  impl.FollowerInfo (FollowerInfo.java:lambda$new$0(51)) - 091d78c8-8aa5-4dc3-975f-4b808abe8813@group-EA33E358620B->0c122c34-51b6-48d8-aceb-004b9b387362: nextIndex: updateUnconditionally 0 -> 0
2019-09-26 20:17:18,056 [main] INFO  ozoneimpl.OzoneContainer (OzoneContainer.java:stop(231)) - Attempting to stop container services.
2019-09-26 20:17:18,057 [main] INFO  impl.RaftServerProxy (RaftServerProxy.java:lambda$close$4(314)) - d03460e2-731b-4fec-8083-99c6044121d1: close
2019-09-26 20:17:18,058 [main] INFO  impl.RaftServerImpl (RaftServerImpl.java:lambda$shutdown$3(251)) - d03460e2-731b-4fec-8083-99c6044121d1@group-A46573F3A872: shutdown
2019-09-26 20:17:18,058 [main] INFO  util.JmxRegister (JmxRegister.java:unregister(73)) - Successfully un-registered JMX Bean with object name Ratis:service=RaftServer,group=group-A46573F3A872,id=d03460e2-731b-4fec-8083-99c6044121d1
2019-09-26 20:17:18,059 [main] INFO  impl.RoleInfo (RoleInfo.java:shutdownFollowerState(121)) - d03460e2-731b-4fec-8083-99c6044121d1: shutdown FollowerState
2019-09-26 20:17:18,059 [main] INFO  impl.StateMachineUpdater (StateMachineUpdater.java:stopAndJoin(125)) - d03460e2-731b-4fec-8083-99c6044121d1@group-A46573F3A872-StateMachineUpdater: set stopIndex = 0
2019-09-26 20:17:18,059 [Thread-379] INFO  impl.FollowerState (FollowerState.java:run(115)) - d03460e2-731b-4fec-8083-99c6044121d1: FollowerState was interrupted: java.lang.InterruptedException: sleep interrupted
2019-09-26 20:17:18,062 [main] INFO  impl.RaftServerImpl (ServerState.java:close(385)) - d03460e2-731b-4fec-8083-99c6044121d1@group-A46573F3A872: closes. applyIndex: 0
2019-09-26 20:17:18,063 [d03460e2-731b-4fec-8083-99c6044121d1@group-A46573F3A872-SegmentedRaftLogWorker] INFO  segmented.SegmentedRaftLogWorker (SegmentedRaftLogWorker.java:run(313)) - d03460e2-731b-4fec-8083-99c6044121d1@group-A46573F3A872-SegmentedRaftLogWorker was interrupted, exiting. There are 0 tasks remaining in the queue.
2019-09-26 20:17:18,065 [main] INFO  segmented.SegmentedRaftLogWorker (SegmentedRaftLogWorker.java:close(228)) - d03460e2-731b-4fec-8083-99c6044121d1@group-A46573F3A872-SegmentedRaftLogWorker close()
2019-09-26 20:17:18,069 [main] INFO  impl.RaftServerImpl (RaftServerImpl.java:lambda$shutdown$3(251)) - d03460e2-731b-4fec-8083-99c6044121d1@group-7EE7047C43EE: shutdown
2019-09-26 20:17:18,069 [main] INFO  util.JmxRegister (JmxRegister.java:unregister(73)) - Successfully un-registered JMX Bean with object name Ratis:service=RaftServer,group=group-7EE7047C43EE,id=d03460e2-731b-4fec-8083-99c6044121d1
2019-09-26 20:17:18,070 [main] INFO  impl.RoleInfo (RoleInfo.java:shutdownLeaderState(104)) - d03460e2-731b-4fec-8083-99c6044121d1: shutdown LeaderState
2019-09-26 20:17:18,070 [main] INFO  impl.PendingRequests (PendingRequests.java:sendNotLeaderResponses(202)) - d03460e2-731b-4fec-8083-99c6044121d1-PendingRequests: sendNotLeaderResponses
2019-09-26 20:17:18,071 [main] INFO  impl.StateMachineUpdater (StateMachineUpdater.java:stopAndJoin(125)) - d03460e2-731b-4fec-8083-99c6044121d1@group-7EE7047C43EE-StateMachineUpdater: set stopIndex = 0
2019-09-26 20:17:18,071 [main] INFO  impl.RaftServerImpl (ServerState.java:close(385)) - d03460e2-731b-4fec-8083-99c6044121d1@group-7EE7047C43EE: closes. applyIndex: 0
2019-09-26 20:17:18,072 [d03460e2-731b-4fec-8083-99c6044121d1@group-7EE7047C43EE-SegmentedRaftLogWorker] INFO  segmented.SegmentedRaftLogWorker (SegmentedRaftLogWorker.java:run(313)) - d03460e2-731b-4fec-8083-99c6044121d1@group-7EE7047C43EE-SegmentedRaftLogWorker was interrupted, exiting. There are 0 tasks remaining in the queue.
2019-09-26 20:17:18,072 [ForkJoinPool.commonPool-worker-0] INFO  ozoneimpl.OzoneContainer (OzoneContainer.java:stop(231)) - Attempting to stop container services.
2019-09-26 20:17:18,074 [main] INFO  segmented.SegmentedRaftLogWorker (SegmentedRaftLogWorker.java:close(228)) - d03460e2-731b-4fec-8083-99c6044121d1@group-7EE7047C43EE-SegmentedRaftLogWorker close()
2019-09-26 20:17:18,075 [ForkJoinPool.commonPool-worker-0] INFO  impl.RaftServerProxy (RaftServerProxy.java:lambda$close$4(314)) - 3cc8baef-c687-471e-92fa-b0689bf72958: close
2019-09-26 20:17:18,077 [main] INFO  server.GrpcService (GrpcService.java:closeImpl(164)) - d03460e2-731b-4fec-8083-99c6044121d1: shutdown server with port 33161 now
2019-09-26 20:17:18,078 [ForkJoinPool.commonPool-worker-0] INFO  impl.RaftServerImpl (RaftServerImpl.java:lambda$shutdown$3(251)) - 3cc8baef-c687-471e-92fa-b0689bf72958@group-EA33E358620B: shutdown
2019-09-26 20:17:18,081 [main] INFO  server.GrpcService (GrpcService.java:closeImpl(172)) - d03460e2-731b-4fec-8083-99c6044121d1: shutdown server with port 33161 successfully
2019-09-26 20:17:18,081 [ForkJoinPool.commonPool-worker-0] INFO  util.JmxRegister (JmxRegister.java:unregister(73)) - Successfully un-registered JMX Bean with object name Ratis:service=RaftServer,group=group-EA33E358620B,id=3cc8baef-c687-471e-92fa-b0689bf72958
2019-09-26 20:17:18,082 [ForkJoinPool.commonPool-worker-0] INFO  impl.RoleInfo (RoleInfo.java:shutdownFollowerState(121)) - 3cc8baef-c687-471e-92fa-b0689bf72958: shutdown FollowerState
2019-09-26 20:17:18,082 [ForkJoinPool.commonPool-worker-0] INFO  impl.StateMachineUpdater (StateMachineUpdater.java:stopAndJoin(125)) - 3cc8baef-c687-471e-92fa-b0689bf72958@group-EA33E358620B-StateMachineUpdater: set stopIndex = 0
2019-09-26 20:17:18,083 [Thread-375] INFO  impl.FollowerState (FollowerState.java:run(115)) - 3cc8baef-c687-471e-92fa-b0689bf72958: FollowerState was interrupted: java.lang.InterruptedException: sleep interrupted
2019-09-26 20:17:18,083 [ForkJoinPool.commonPool-worker-0] INFO  impl.RaftServerImpl (ServerState.java:close(385)) - 3cc8baef-c687-471e-92fa-b0689bf72958@group-EA33E358620B: closes. applyIndex: 0
2019-09-26 20:17:18,083 [refreshUsed-/workdir/hadoop-ozone/integration-test/target/test-dir/MiniOzoneClusterImpl-b4cfdfda-c500-4180-9b02-0b7d7f1c7e35/datanode-8/data/containers] WARN  fs.CachingGetSpaceUsed (CachingGetSpaceUsed.java:run(183)) - Thread Interrupted waiting to refresh disk information: sleep interrupted
2019-09-26 20:17:18,084 [3cc8baef-c687-471e-92fa-b0689bf72958@group-EA33E358620B-SegmentedRaftLogWorker] INFO  segmented.SegmentedRaftLogWorker (SegmentedRaftLogWorker.java:run(313)) - 3cc8baef-c687-471e-92fa-b0689bf72958@group-EA33E358620B-SegmentedRaftLogWorker was interrupted, exiting. There are 0 tasks remaining in the queue.
2019-09-26 20:17:18,086 [ForkJoinPool.commonPool-worker-0] INFO  segmented.SegmentedRaftLogWorker (SegmentedRaftLogWorker.java:close(228)) - 3cc8baef-c687-471e-92fa-b0689bf72958@group-EA33E358620B-SegmentedRaftLogWorker close()
2019-09-26 20:17:18,099 [ForkJoinPool.commonPool-worker-0] INFO  impl.RaftServerImpl (RaftServerImpl.java:lambda$shutdown$3(251)) - 3cc8baef-c687-471e-92fa-b0689bf72958@group-88E4481B9B91: shutdown
2019-09-26 20:17:18,099 [ForkJoinPool.commonPool-worker-0] INFO  util.JmxRegister (JmxRegister.java:unregister(73)) - Successfully un-registered JMX Bean with object name Ratis:service=RaftServer,group=group-88E4481B9B91,id=3cc8baef-c687-471e-92fa-b0689bf72958
2019-09-26 20:17:18,100 [ForkJoinPool.commonPool-worker-0] INFO  impl.RoleInfo (RoleInfo.java:shutdownLeaderState(104)) - 3cc8baef-c687-471e-92fa-b0689bf72958: shutdown LeaderState
2019-09-26 20:17:18,100 [ForkJoinPool.commonPool-worker-0] INFO  impl.PendingRequests (PendingRequests.java:sendNotLeaderResponses(202)) - 3cc8baef-c687-471e-92fa-b0689bf72958-PendingRequests: sendNotLeaderResponses
2019-09-26 20:17:18,101 [ForkJoinPool.commonPool-worker-0] INFO  impl.StateMachineUpdater (StateMachineUpdater.java:stopAndJoin(125)) - 3cc8baef-c687-471e-92fa-b0689bf72958@group-88E4481B9B91-StateMachineUpdater: set stopIndex = 0
2019-09-26 20:17:18,104 [ForkJoinPool.commonPool-worker-0] INFO  impl.RaftServerImpl (ServerState.java:close(385)) - 3cc8baef-c687-471e-92fa-b0689bf72958@group-88E4481B9B91: closes. applyIndex: 0
2019-09-26 20:17:18,104 [3cc8baef-c687-471e-92fa-b0689bf72958@group-88E4481B9B91-SegmentedRaftLogWorker] INFO  segmented.SegmentedRaftLogWorker (SegmentedRaftLogWorker.java:run(313)) - 3cc8baef-c687-471e-92fa-b0689bf72958@group-88E4481B9B91-SegmentedRaftLogWorker was interrupted, exiting. There are 0 tasks remaining in the queue.
2019-09-26 20:17:18,105 [ForkJoinPool.commonPool-worker-0] INFO  segmented.SegmentedRaftLogWorker (SegmentedRaftLogWorker.java:close(228)) - 3cc8baef-c687-471e-92fa-b0689bf72958@group-88E4481B9B91-SegmentedRaftLogWorker close()
2019-09-26 20:17:18,107 [ForkJoinPool.commonPool-worker-0] INFO  server.GrpcService (GrpcService.java:closeImpl(164)) - 3cc8baef-c687-471e-92fa-b0689bf72958: shutdown server with port 37821 now
2019-09-26 20:17:18,109 [grpc-default-executor-7] WARN  server.GrpcServerProtocolService (LogUtils.java:warn(134)) - 3cc8baef-c687-471e-92fa-b0689bf72958: installSnapshot onError, lastRequest: 091d78c8-8aa5-4dc3-975f-4b808abe8813->3cc8baef-c687-471e-92fa-b0689bf72958#48-t1, previous=(t:1, i:0), leaderCommit=0, initializing? false, entries: <empty>: org.apache.ratis.thirdparty.io.grpc.StatusRuntimeException: CANCELLED: cancelled before receiving half close
2019-09-26 20:17:18,109 [ForkJoinPool.commonPool-worker-0] INFO  server.GrpcService (GrpcService.java:closeImpl(172)) - 3cc8baef-c687-471e-92fa-b0689bf72958: shutdown server with port 37821 successfully
2019-09-26 20:17:18,109 [grpc-default-executor-3] WARN  server.GrpcLogAppender (LogUtils.java:warn(134)) - 091d78c8-8aa5-4dc3-975f-4b808abe8813@group-EA33E358620B->3cc8baef-c687-471e-92fa-b0689bf72958-AppendLogResponseHandler: Failed appendEntries: org.apache.ratis.thirdparty.io.grpc.StatusRuntimeException: CANCELLED: HTTP/2 error code: CANCEL
Received Rst Stream
2019-09-26 20:17:18,113 [grpc-default-executor-3] INFO  impl.FollowerInfo (FollowerInfo.java:lambda$new$0(51)) - 091d78c8-8aa5-4dc3-975f-4b808abe8813@group-EA33E358620B->3cc8baef-c687-471e-92fa-b0689bf72958: nextIndex: updateUnconditionally 1 -> 0
2019-09-26 20:17:18,114 [refreshUsed-/workdir/hadoop-ozone/integration-test/target/test-dir/MiniOzoneClusterImpl-b4cfdfda-c500-4180-9b02-0b7d7f1c7e35/datanode-4/data/containers] WARN  fs.CachingGetSpaceUsed (CachingGetSpaceUsed.java:run(183)) - Thread Interrupted waiting to refresh disk information: sleep interrupted
2019-09-26 20:17:18,127 [main] INFO  utils.BackgroundService (BackgroundService.java:shutdown(148)) - Shutting down service BlockDeletingService
2019-09-26 20:17:18,132 [main] INFO  statemachine.DatanodeStateMachine (DatanodeStateMachine.java:stopDaemon(395)) - Ozone container server stopped.
2019-09-26 20:17:18,133 [main] INFO  handler.ContextHandler (ContextHandler.java:doStop(910)) - Stopped o.e.j.w.WebAppContext@7a360554{/,null,UNAVAILABLE}{/hddsDatanode}
2019-09-26 20:17:18,133 [ForkJoinPool.commonPool-worker-0] INFO  utils.BackgroundService (BackgroundService.java:shutdown(148)) - Shutting down service BlockDeletingService
2019-09-26 20:17:18,134 [main] INFO  server.AbstractConnector (AbstractConnector.java:doStop(318)) - Stopped ServerConnector@424de326{HTTP/1.1,[http/1.1]}{0.0.0.0:0}
2019-09-26 20:17:18,137 [ForkJoinPool.commonPool-worker-0] INFO  statemachine.DatanodeStateMachine (DatanodeStateMachine.java:stopDaemon(395)) - Ozone container server stopped.
2019-09-26 20:17:18,138 [main] INFO  handler.ContextHandler (ContextHandler.java:doStop(910)) - Stopped o.e.j.s.ServletContextHandler@6ae62c7e{/static,jar:file:/home/user/.m2/repository/org/apache/hadoop/hadoop-hdds-container-service/0.5.0-SNAPSHOT/hadoop-hdds-container-service-0.5.0-SNAPSHOT.jar!/webapps/static,UNAVAILABLE}
2019-09-26 20:17:18,140 [main] INFO  handler.ContextHandler (ContextHandler.java:doStop(910)) - Stopped o.e.j.s.ServletContextHandler@27e7c77f{/logs,file:///workdir/hadoop-ozone/integration-test/target/log,UNAVAILABLE}
2019-09-26 20:17:18,142 [ForkJoinPool.commonPool-worker-0] INFO  handler.ContextHandler (ContextHandler.java:doStop(910)) - Stopped o.e.j.w.WebAppContext@127a7272{/,null,UNAVAILABLE}{/hddsDatanode}
2019-09-26 20:17:18,143 [ForkJoinPool.commonPool-worker-0] INFO  server.AbstractConnector (AbstractConnector.java:doStop(318)) - Stopped ServerConnector@ff23ae7{HTTP/1.1,[http/1.1]}{0.0.0.0:0}
2019-09-26 20:17:18,144 [ForkJoinPool.commonPool-worker-0] INFO  handler.ContextHandler (ContextHandler.java:doStop(910)) - Stopped o.e.j.s.ServletContextHandler@2a369e14{/static,jar:file:/home/user/.m2/repository/org/apache/hadoop/hadoop-hdds-container-service/0.5.0-SNAPSHOT/hadoop-hdds-container-service-0.5.0-SNAPSHOT.jar!/webapps/static,UNAVAILABLE}
2019-09-26 20:17:18,145 [ForkJoinPool.commonPool-worker-0] INFO  handler.ContextHandler (ContextHandler.java:doStop(910)) - Stopped o.e.j.s.ServletContextHandler@60c8a093{/logs,file:///workdir/hadoop-ozone/integration-test/target/log,UNAVAILABLE}
2019-09-26 20:17:18,236 [Datanode State Machine Thread - 0] INFO  statemachine.DatanodeStateMachine (DatanodeStateMachine.java:lambda$startDaemon$0(350)) - Ozone container server started.
2019-09-26 20:17:18,431 [Datanode State Machine Thread - 0] INFO  statemachine.DatanodeStateMachine (DatanodeStateMachine.java:lambda$startDaemon$0(350)) - Ozone container server started.
2019-09-26 20:17:18,853 [grpc-default-executor-1] WARN  server.GrpcLogAppender (LogUtils.java:warn(134)) - 0955c41b-5120-474c-be8a-331162b53db7@group-3E66980DBE97->f78f22b6-c87a-4579-a1c5-2b9c4d89f592-AppendLogResponseHandler: Failed appendEntries: org.apache.ratis.thirdparty.io.grpc.StatusRuntimeException: UNAVAILABLE: io exception
2019-09-26 20:17:18,859 [grpc-default-executor-1] INFO  impl.FollowerInfo (FollowerInfo.java:lambda$new$0(51)) - 0955c41b-5120-474c-be8a-331162b53db7@group-3E66980DBE97->f78f22b6-c87a-4579-a1c5-2b9c4d89f592: nextIndex: updateUnconditionally 0 -> 0
2019-09-26 20:17:18,881 [grpc-default-executor-3] WARN  server.GrpcLogAppender (LogUtils.java:warn(134)) - 091d78c8-8aa5-4dc3-975f-4b808abe8813@group-EA33E358620B->0c122c34-51b6-48d8-aceb-004b9b387362-AppendLogResponseHandler: Failed appendEntries: org.apache.ratis.thirdparty.io.grpc.StatusRuntimeException: UNAVAILABLE: io exception
2019-09-26 20:17:18,883 [grpc-default-executor-3] INFO  impl.FollowerInfo (FollowerInfo.java:lambda$new$0(51)) - 091d78c8-8aa5-4dc3-975f-4b808abe8813@group-EA33E358620B->0c122c34-51b6-48d8-aceb-004b9b387362: nextIndex: updateUnconditionally 0 -> 0
2019-09-26 20:17:18,888 [grpc-default-executor-7] WARN  server.GrpcLogAppender (LogUtils.java:warn(134)) - 091d78c8-8aa5-4dc3-975f-4b808abe8813@group-EA33E358620B->3cc8baef-c687-471e-92fa-b0689bf72958-AppendLogResponseHandler: Failed appendEntries: org.apache.ratis.thirdparty.io.grpc.StatusRuntimeException: UNAVAILABLE: io exception
2019-09-26 20:17:18,890 [grpc-default-executor-7] INFO  impl.FollowerInfo (FollowerInfo.java:lambda$new$0(51)) - 091d78c8-8aa5-4dc3-975f-4b808abe8813@group-EA33E358620B->3cc8baef-c687-471e-92fa-b0689bf72958: nextIndex: updateUnconditionally 0 -> 0
2019-09-26 20:17:20,002 [Thread-376] INFO  impl.FollowerState (FollowerState.java:run(106)) - 273431b0-2aea-4281-baeb-0b2797c336e5:group-A46573F3A872 changes to CANDIDATE, lastRpcTime:8651, electionTimeout:5066ms
2019-09-26 20:17:20,002 [Thread-376] INFO  impl.RoleInfo (RoleInfo.java:shutdownFollowerState(121)) - 273431b0-2aea-4281-baeb-0b2797c336e5: shutdown FollowerState
2019-09-26 20:17:20,003 [Thread-376] INFO  impl.RaftServerImpl (RaftServerImpl.java:setRole(174)) - 273431b0-2aea-4281-baeb-0b2797c336e5@group-A46573F3A872: changes role from  FOLLOWER to CANDIDATE at term 1 for changeToCandidate
2019-09-26 20:17:20,003 [Thread-376] INFO  impl.RoleInfo (RoleInfo.java:updateAndGet(143)) - 273431b0-2aea-4281-baeb-0b2797c336e5: start LeaderElection
2019-09-26 20:17:20,004 [273431b0-2aea-4281-baeb-0b2797c336e5@group-A46573F3A872:LeaderElection19] INFO  impl.RaftServerImpl (ServerState.java:setLeader(253)) - 273431b0-2aea-4281-baeb-0b2797c336e5@group-A46573F3A872: change Leader from 989db53d-fc3b-4bf0-a4bf-0b82aa6828ba to null at term 1 for initElection
2019-09-26 20:17:20,017 [273431b0-2aea-4281-baeb-0b2797c336e5@group-A46573F3A872:LeaderElection19] INFO  impl.LeaderElection (LeaderElection.java:askForVotes(182)) - 273431b0-2aea-4281-baeb-0b2797c336e5@group-A46573F3A872:LeaderElection19: begin an election at term 2 for 0: [d03460e2-731b-4fec-8083-99c6044121d1:192.168.151.109:33161, 273431b0-2aea-4281-baeb-0b2797c336e5:192.168.151.109:40537, 989db53d-fc3b-4bf0-a4bf-0b82aa6828ba:192.168.151.109:43493], old=null
2019-09-26 20:17:20,026 [273431b0-2aea-4281-baeb-0b2797c336e5@group-A46573F3A872:LeaderElection19] INFO  impl.LeaderElection (LogUtils.java:infoOrTrace(149)) - 273431b0-2aea-4281-baeb-0b2797c336e5@group-A46573F3A872:LeaderElection19 got exception when requesting votes: {}
java.util.concurrent.ExecutionException: org.apache.ratis.thirdparty.io.grpc.StatusRuntimeException: UNAVAILABLE: io exception
	at java.util.concurrent.FutureTask.report(FutureTask.java:122)
	at java.util.concurrent.FutureTask.get(FutureTask.java:192)
	at org.apache.ratis.server.impl.LeaderElection.waitForResults(LeaderElection.java:263)
	at org.apache.ratis.server.impl.LeaderElection.askForVotes(LeaderElection.java:201)
	at org.apache.ratis.server.impl.LeaderElection.run(LeaderElection.java:133)
	at java.lang.Thread.run(Thread.java:748)
Caused by: org.apache.ratis.thirdparty.io.grpc.StatusRuntimeException: UNAVAILABLE: io exception
	at org.apache.ratis.thirdparty.io.grpc.stub.ClientCalls.toStatusRuntimeException(ClientCalls.java:233)
	at org.apache.ratis.thirdparty.io.grpc.stub.ClientCalls.getUnchecked(ClientCalls.java:214)
	at org.apache.ratis.thirdparty.io.grpc.stub.ClientCalls.blockingUnaryCall(ClientCalls.java:139)
	at org.apache.ratis.proto.grpc.RaftServerProtocolServiceGrpc$RaftServerProtocolServiceBlockingStub.requestVote(RaftServerProtocolServiceGrpc.java:265)
	at org.apache.ratis.grpc.server.GrpcServerProtocolClient.requestVote(GrpcServerProtocolClient.java:90)
	at org.apache.ratis.grpc.server.GrpcService.requestVote(GrpcService.java:204)
	at org.apache.ratis.server.impl.LeaderElection.lambda$submitRequests$1(LeaderElection.java:238)
	at java.util.concurrent.FutureTask.run(FutureTask.java:266)
	at java.util.concurrent.Executors$RunnableAdapter.call(Executors.java:511)
	at java.util.concurrent.FutureTask.run(FutureTask.java:266)
	at java.util.concurrent.ThreadPoolExecutor.runWorker(ThreadPoolExecutor.java:1149)
	at java.util.concurrent.ThreadPoolExecutor$Worker.run(ThreadPoolExecutor.java:624)
	... 1 more
Caused by: org.apache.ratis.thirdparty.io.netty.channel.AbstractChannel$AnnotatedConnectException: Connection refused: /192.168.151.109:43493
	at sun.nio.ch.SocketChannelImpl.checkConnect(Native Method)
	at sun.nio.ch.SocketChannelImpl.finishConnect(SocketChannelImpl.java:717)
	at org.apache.ratis.thirdparty.io.netty.channel.socket.nio.NioSocketChannel.doFinishConnect(NioSocketChannel.java:327)
	at org.apache.ratis.thirdparty.io.netty.channel.nio.AbstractNioChannel$AbstractNioUnsafe.finishConnect(AbstractNioChannel.java:340)
	at org.apache.ratis.thirdparty.io.netty.channel.nio.NioEventLoop.processSelectedKey(NioEventLoop.java:632)
	at org.apache.ratis.thirdparty.io.netty.channel.nio.NioEventLoop.processSelectedKeysOptimized(NioEventLoop.java:579)
	at org.apache.ratis.thirdparty.io.netty.channel.nio.NioEventLoop.processSelectedKeys(NioEventLoop.java:496)
	at org.apache.ratis.thirdparty.io.netty.channel.nio.NioEventLoop.run(NioEventLoop.java:458)
	at org.apache.ratis.thirdparty.io.netty.util.concurrent.SingleThreadEventExecutor$5.run(SingleThreadEventExecutor.java:897)
	at org.apache.ratis.thirdparty.io.netty.util.concurrent.FastThreadLocalRunnable.run(FastThreadLocalRunnable.java:30)
	... 1 more
Caused by: java.net.ConnectException: Connection refused
	... 11 more
2019-09-26 20:17:20,028 [273431b0-2aea-4281-baeb-0b2797c336e5@group-A46573F3A872:LeaderElection19] INFO  impl.LeaderElection (LogUtils.java:infoOrTrace(149)) - 273431b0-2aea-4281-baeb-0b2797c336e5@group-A46573F3A872:LeaderElection19 got exception when requesting votes: {}
java.util.concurrent.ExecutionException: org.apache.ratis.thirdparty.io.grpc.StatusRuntimeException: UNAVAILABLE: io exception
	at java.util.concurrent.FutureTask.report(FutureTask.java:122)
	at java.util.concurrent.FutureTask.get(FutureTask.java:192)
	at org.apache.ratis.server.impl.LeaderElection.waitForResults(LeaderElection.java:263)
	at org.apache.ratis.server.impl.LeaderElection.askForVotes(LeaderElection.java:201)
	at org.apache.ratis.server.impl.LeaderElection.run(LeaderElection.java:133)
	at java.lang.Thread.run(Thread.java:748)
Caused by: org.apache.ratis.thirdparty.io.grpc.StatusRuntimeException: UNAVAILABLE: io exception
	at org.apache.ratis.thirdparty.io.grpc.stub.ClientCalls.toStatusRuntimeException(ClientCalls.java:233)
	at org.apache.ratis.thirdparty.io.grpc.stub.ClientCalls.getUnchecked(ClientCalls.java:214)
	at org.apache.ratis.thirdparty.io.grpc.stub.ClientCalls.blockingUnaryCall(ClientCalls.java:139)
	at org.apache.ratis.proto.grpc.RaftServerProtocolServiceGrpc$RaftServerProtocolServiceBlockingStub.requestVote(RaftServerProtocolServiceGrpc.java:265)
	at org.apache.ratis.grpc.server.GrpcServerProtocolClient.requestVote(GrpcServerProtocolClient.java:90)
	at org.apache.ratis.grpc.server.GrpcService.requestVote(GrpcService.java:204)
	at org.apache.ratis.server.impl.LeaderElection.lambda$submitRequests$1(LeaderElection.java:238)
	at java.util.concurrent.FutureTask.run(FutureTask.java:266)
	at java.util.concurrent.Executors$RunnableAdapter.call(Executors.java:511)
	at java.util.concurrent.FutureTask.run(FutureTask.java:266)
	at java.util.concurrent.ThreadPoolExecutor.runWorker(ThreadPoolExecutor.java:1149)
	at java.util.concurrent.ThreadPoolExecutor$Worker.run(ThreadPoolExecutor.java:624)
	... 1 more
Caused by: org.apache.ratis.thirdparty.io.netty.channel.AbstractChannel$AnnotatedConnectException: Connection refused: /192.168.151.109:33161
	at sun.nio.ch.SocketChannelImpl.checkConnect(Native Method)
	at sun.nio.ch.SocketChannelImpl.finishConnect(SocketChannelImpl.java:717)
	at org.apache.ratis.thirdparty.io.netty.channel.socket.nio.NioSocketChannel.doFinishConnect(NioSocketChannel.java:327)
	at org.apache.ratis.thirdparty.io.netty.channel.nio.AbstractNioChannel$AbstractNioUnsafe.finishConnect(AbstractNioChannel.java:340)
	at org.apache.ratis.thirdparty.io.netty.channel.nio.NioEventLoop.processSelectedKey(NioEventLoop.java:632)
	at org.apache.ratis.thirdparty.io.netty.channel.nio.NioEventLoop.processSelectedKeysOptimized(NioEventLoop.java:579)
	at org.apache.ratis.thirdparty.io.netty.channel.nio.NioEventLoop.processSelectedKeys(NioEventLoop.java:496)
	at org.apache.ratis.thirdparty.io.netty.channel.nio.NioEventLoop.run(NioEventLoop.java:458)
	at org.apache.ratis.thirdparty.io.netty.util.concurrent.SingleThreadEventExecutor$5.run(SingleThreadEventExecutor.java:897)
	at org.apache.ratis.thirdparty.io.netty.util.concurrent.FastThreadLocalRunnable.run(FastThreadLocalRunnable.java:30)
	... 1 more
Caused by: java.net.ConnectException: Connection refused
	... 11 more
2019-09-26 20:17:20,030 [273431b0-2aea-4281-baeb-0b2797c336e5@group-A46573F3A872:LeaderElection19] INFO  impl.LeaderElection (LeaderElection.java:logAndReturn(56)) - 273431b0-2aea-4281-baeb-0b2797c336e5@group-A46573F3A872:LeaderElection19: Election REJECTED; received 0 response(s) [] and 2 exception(s); 273431b0-2aea-4281-baeb-0b2797c336e5@group-A46573F3A872:t2, leader=null, voted=273431b0-2aea-4281-baeb-0b2797c336e5, raftlog=273431b0-2aea-4281-baeb-0b2797c336e5@group-A46573F3A872-SegmentedRaftLog:OPENED:c0,f0,i0, conf=0: [d03460e2-731b-4fec-8083-99c6044121d1:192.168.151.109:33161, 273431b0-2aea-4281-baeb-0b2797c336e5:192.168.151.109:40537, 989db53d-fc3b-4bf0-a4bf-0b82aa6828ba:192.168.151.109:43493], old=null
2019-09-26 20:17:20,031 [273431b0-2aea-4281-baeb-0b2797c336e5@group-A46573F3A872:LeaderElection19] INFO  impl.LeaderElection (LogUtils.java:infoOrTrace(149)) -   Exception 0: {}
java.util.concurrent.ExecutionException: org.apache.ratis.thirdparty.io.grpc.StatusRuntimeException: UNAVAILABLE: io exception
	at java.util.concurrent.FutureTask.report(FutureTask.java:122)
	at java.util.concurrent.FutureTask.get(FutureTask.java:192)
	at org.apache.ratis.server.impl.LeaderElection.waitForResults(LeaderElection.java:263)
	at org.apache.ratis.server.impl.LeaderElection.askForVotes(LeaderElection.java:201)
	at org.apache.ratis.server.impl.LeaderElection.run(LeaderElection.java:133)
	at java.lang.Thread.run(Thread.java:748)
Caused by: org.apache.ratis.thirdparty.io.grpc.StatusRuntimeException: UNAVAILABLE: io exception
	at org.apache.ratis.thirdparty.io.grpc.stub.ClientCalls.toStatusRuntimeException(ClientCalls.java:233)
	at org.apache.ratis.thirdparty.io.grpc.stub.ClientCalls.getUnchecked(ClientCalls.java:214)
	at org.apache.ratis.thirdparty.io.grpc.stub.ClientCalls.blockingUnaryCall(ClientCalls.java:139)
	at org.apache.ratis.proto.grpc.RaftServerProtocolServiceGrpc$RaftServerProtocolServiceBlockingStub.requestVote(RaftServerProtocolServiceGrpc.java:265)
	at org.apache.ratis.grpc.server.GrpcServerProtocolClient.requestVote(GrpcServerProtocolClient.java:90)
	at org.apache.ratis.grpc.server.GrpcService.requestVote(GrpcService.java:204)
	at org.apache.ratis.server.impl.LeaderElection.lambda$submitRequests$1(LeaderElection.java:238)
	at java.util.concurrent.FutureTask.run(FutureTask.java:266)
	at java.util.concurrent.Executors$RunnableAdapter.call(Executors.java:511)
	at java.util.concurrent.FutureTask.run(FutureTask.java:266)
	at java.util.concurrent.ThreadPoolExecutor.runWorker(ThreadPoolExecutor.java:1149)
	at java.util.concurrent.ThreadPoolExecutor$Worker.run(ThreadPoolExecutor.java:624)
	... 1 more
Caused by: org.apache.ratis.thirdparty.io.netty.channel.AbstractChannel$AnnotatedConnectException: Connection refused: /192.168.151.109:43493
	at sun.nio.ch.SocketChannelImpl.checkConnect(Native Method)
	at sun.nio.ch.SocketChannelImpl.finishConnect(SocketChannelImpl.java:717)
	at org.apache.ratis.thirdparty.io.netty.channel.socket.nio.NioSocketChannel.doFinishConnect(NioSocketChannel.java:327)
	at org.apache.ratis.thirdparty.io.netty.channel.nio.AbstractNioChannel$AbstractNioUnsafe.finishConnect(AbstractNioChannel.java:340)
	at org.apache.ratis.thirdparty.io.netty.channel.nio.NioEventLoop.processSelectedKey(NioEventLoop.java:632)
	at org.apache.ratis.thirdparty.io.netty.channel.nio.NioEventLoop.processSelectedKeysOptimized(NioEventLoop.java:579)
	at org.apache.ratis.thirdparty.io.netty.channel.nio.NioEventLoop.processSelectedKeys(NioEventLoop.java:496)
	at org.apache.ratis.thirdparty.io.netty.channel.nio.NioEventLoop.run(NioEventLoop.java:458)
	at org.apache.ratis.thirdparty.io.netty.util.concurrent.SingleThreadEventExecutor$5.run(SingleThreadEventExecutor.java:897)
	at org.apache.ratis.thirdparty.io.netty.util.concurrent.FastThreadLocalRunnable.run(FastThreadLocalRunnable.java:30)
	... 1 more
Caused by: java.net.ConnectException: Connection refused
	... 11 more
2019-09-26 20:17:20,031 [273431b0-2aea-4281-baeb-0b2797c336e5@group-A46573F3A872:LeaderElection19] INFO  impl.LeaderElection (LogUtils.java:infoOrTrace(149)) -   Exception 1: {}
java.util.concurrent.ExecutionException: org.apache.ratis.thirdparty.io.grpc.StatusRuntimeException: UNAVAILABLE: io exception
	at java.util.concurrent.FutureTask.report(FutureTask.java:122)
	at java.util.concurrent.FutureTask.get(FutureTask.java:192)
	at org.apache.ratis.server.impl.LeaderElection.waitForResults(LeaderElection.java:263)
	at org.apache.ratis.server.impl.LeaderElection.askForVotes(LeaderElection.java:201)
	at org.apache.ratis.server.impl.LeaderElection.run(LeaderElection.java:133)
	at java.lang.Thread.run(Thread.java:748)
Caused by: org.apache.ratis.thirdparty.io.grpc.StatusRuntimeException: UNAVAILABLE: io exception
	at org.apache.ratis.thirdparty.io.grpc.stub.ClientCalls.toStatusRuntimeException(ClientCalls.java:233)
	at org.apache.ratis.thirdparty.io.grpc.stub.ClientCalls.getUnchecked(ClientCalls.java:214)
	at org.apache.ratis.thirdparty.io.grpc.stub.ClientCalls.blockingUnaryCall(ClientCalls.java:139)
	at org.apache.ratis.proto.grpc.RaftServerProtocolServiceGrpc$RaftServerProtocolServiceBlockingStub.requestVote(RaftServerProtocolServiceGrpc.java:265)
	at org.apache.ratis.grpc.server.GrpcServerProtocolClient.requestVote(GrpcServerProtocolClient.java:90)
	at org.apache.ratis.grpc.server.GrpcService.requestVote(GrpcService.java:204)
	at org.apache.ratis.server.impl.LeaderElection.lambda$submitRequests$1(LeaderElection.java:238)
	at java.util.concurrent.FutureTask.run(FutureTask.java:266)
	at java.util.concurrent.Executors$RunnableAdapter.call(Executors.java:511)
	at java.util.concurrent.FutureTask.run(FutureTask.java:266)
	at java.util.concurrent.ThreadPoolExecutor.runWorker(ThreadPoolExecutor.java:1149)
	at java.util.concurrent.ThreadPoolExecutor$Worker.run(ThreadPoolExecutor.java:624)
	... 1 more
Caused by: org.apache.ratis.thirdparty.io.netty.channel.AbstractChannel$AnnotatedConnectException: Connection refused: /192.168.151.109:33161
	at sun.nio.ch.SocketChannelImpl.checkConnect(Native Method)
	at sun.nio.ch.SocketChannelImpl.finishConnect(SocketChannelImpl.java:717)
	at org.apache.ratis.thirdparty.io.netty.channel.socket.nio.NioSocketChannel.doFinishConnect(NioSocketChannel.java:327)
	at org.apache.ratis.thirdparty.io.netty.channel.nio.AbstractNioChannel$AbstractNioUnsafe.finishConnect(AbstractNioChannel.java:340)
	at org.apache.ratis.thirdparty.io.netty.channel.nio.NioEventLoop.processSelectedKey(NioEventLoop.java:632)
	at org.apache.ratis.thirdparty.io.netty.channel.nio.NioEventLoop.processSelectedKeysOptimized(NioEventLoop.java:579)
	at org.apache.ratis.thirdparty.io.netty.channel.nio.NioEventLoop.processSelectedKeys(NioEventLoop.java:496)
	at org.apache.ratis.thirdparty.io.netty.channel.nio.NioEventLoop.run(NioEventLoop.java:458)
	at org.apache.ratis.thirdparty.io.netty.util.concurrent.SingleThreadEventExecutor$5.run(SingleThreadEventExecutor.java:897)
	at org.apache.ratis.thirdparty.io.netty.util.concurrent.FastThreadLocalRunnable.run(FastThreadLocalRunnable.java:30)
	... 1 more
Caused by: java.net.ConnectException: Connection refused
	... 11 more
2019-09-26 20:17:20,032 [273431b0-2aea-4281-baeb-0b2797c336e5@group-A46573F3A872:LeaderElection19] INFO  impl.RaftServerImpl (RaftServerImpl.java:setRole(174)) - 273431b0-2aea-4281-baeb-0b2797c336e5@group-A46573F3A872: changes role from CANDIDATE to FOLLOWER at term 2 for DISCOVERED_A_NEW_TERM
2019-09-26 20:17:20,033 [273431b0-2aea-4281-baeb-0b2797c336e5@group-A46573F3A872:LeaderElection19] INFO  impl.RoleInfo (RoleInfo.java:shutdownLeaderElection(134)) - 273431b0-2aea-4281-baeb-0b2797c336e5: shutdown LeaderElection
2019-09-26 20:17:20,033 [273431b0-2aea-4281-baeb-0b2797c336e5@group-A46573F3A872:LeaderElection19] INFO  impl.RoleInfo (RoleInfo.java:updateAndGet(143)) - 273431b0-2aea-4281-baeb-0b2797c336e5: start FollowerState
2019-09-26 20:17:21,356 [grpc-default-executor-1] WARN  server.GrpcLogAppender (LogUtils.java:warn(134)) - 0955c41b-5120-474c-be8a-331162b53db7@group-3E66980DBE97->f78f22b6-c87a-4579-a1c5-2b9c4d89f592-AppendLogResponseHandler: Failed appendEntries: org.apache.ratis.thirdparty.io.grpc.StatusRuntimeException: UNAVAILABLE: io exception
2019-09-26 20:17:21,359 [grpc-default-executor-1] INFO  impl.FollowerInfo (FollowerInfo.java:lambda$new$0(51)) - 0955c41b-5120-474c-be8a-331162b53db7@group-3E66980DBE97->f78f22b6-c87a-4579-a1c5-2b9c4d89f592: nextIndex: updateUnconditionally 0 -> 0
2019-09-26 20:17:21,383 [grpc-default-executor-7] WARN  server.GrpcLogAppender (LogUtils.java:warn(134)) - 091d78c8-8aa5-4dc3-975f-4b808abe8813@group-EA33E358620B->0c122c34-51b6-48d8-aceb-004b9b387362-AppendLogResponseHandler: Failed appendEntries: org.apache.ratis.thirdparty.io.grpc.StatusRuntimeException: UNAVAILABLE: io exception
2019-09-26 20:17:21,385 [grpc-default-executor-7] INFO  impl.FollowerInfo (FollowerInfo.java:lambda$new$0(51)) - 091d78c8-8aa5-4dc3-975f-4b808abe8813@group-EA33E358620B->0c122c34-51b6-48d8-aceb-004b9b387362: nextIndex: updateUnconditionally 0 -> 0
2019-09-26 20:17:21,395 [grpc-default-executor-3] WARN  server.GrpcLogAppender (LogUtils.java:warn(134)) - 091d78c8-8aa5-4dc3-975f-4b808abe8813@group-EA33E358620B->3cc8baef-c687-471e-92fa-b0689bf72958-AppendLogResponseHandler: Failed appendEntries: org.apache.ratis.thirdparty.io.grpc.StatusRuntimeException: UNAVAILABLE: io exception
2019-09-26 20:17:21,397 [grpc-default-executor-3] INFO  impl.FollowerInfo (FollowerInfo.java:lambda$new$0(51)) - 091d78c8-8aa5-4dc3-975f-4b808abe8813@group-EA33E358620B->3cc8baef-c687-471e-92fa-b0689bf72958: nextIndex: updateUnconditionally 0 -> 0
2019-09-26 20:17:23,143 [main] INFO  ozoneimpl.OzoneContainer (OzoneContainer.java:stop(231)) - Attempting to stop container services.
2019-09-26 20:17:23,144 [main] INFO  impl.RaftServerProxy (RaftServerProxy.java:lambda$close$4(314)) - 091d78c8-8aa5-4dc3-975f-4b808abe8813: close
2019-09-26 20:17:23,145 [main] INFO  impl.RaftServerImpl (RaftServerImpl.java:lambda$shutdown$3(251)) - 091d78c8-8aa5-4dc3-975f-4b808abe8813@group-243B097F2C5F: shutdown
2019-09-26 20:17:23,145 [main] INFO  util.JmxRegister (JmxRegister.java:unregister(73)) - Successfully un-registered JMX Bean with object name Ratis:service=RaftServer,group=group-243B097F2C5F,id=091d78c8-8aa5-4dc3-975f-4b808abe8813
2019-09-26 20:17:23,146 [main] INFO  impl.RoleInfo (RoleInfo.java:shutdownLeaderState(104)) - 091d78c8-8aa5-4dc3-975f-4b808abe8813: shutdown LeaderState
2019-09-26 20:17:23,146 [main] INFO  impl.PendingRequests (PendingRequests.java:sendNotLeaderResponses(202)) - 091d78c8-8aa5-4dc3-975f-4b808abe8813-PendingRequests: sendNotLeaderResponses
2019-09-26 20:17:23,147 [main] INFO  impl.StateMachineUpdater (StateMachineUpdater.java:stopAndJoin(125)) - 091d78c8-8aa5-4dc3-975f-4b808abe8813@group-243B097F2C5F-StateMachineUpdater: set stopIndex = 0
2019-09-26 20:17:23,147 [ForkJoinPool.commonPool-worker-0] INFO  ozoneimpl.OzoneContainer (OzoneContainer.java:stop(231)) - Attempting to stop container services.
2019-09-26 20:17:23,148 [main] INFO  impl.RaftServerImpl (ServerState.java:close(385)) - 091d78c8-8aa5-4dc3-975f-4b808abe8813@group-243B097F2C5F: closes. applyIndex: 0
2019-09-26 20:17:23,148 [ForkJoinPool.commonPool-worker-0] INFO  impl.RaftServerProxy (RaftServerProxy.java:lambda$close$4(314)) - 273431b0-2aea-4281-baeb-0b2797c336e5: close
2019-09-26 20:17:23,148 [091d78c8-8aa5-4dc3-975f-4b808abe8813@group-243B097F2C5F-SegmentedRaftLogWorker] INFO  segmented.SegmentedRaftLogWorker (SegmentedRaftLogWorker.java:run(313)) - 091d78c8-8aa5-4dc3-975f-4b808abe8813@group-243B097F2C5F-SegmentedRaftLogWorker was interrupted, exiting. There are 0 tasks remaining in the queue.
2019-09-26 20:17:23,148 [ForkJoinPool.commonPool-worker-0] INFO  impl.RaftServerImpl (RaftServerImpl.java:lambda$shutdown$3(251)) - 273431b0-2aea-4281-baeb-0b2797c336e5@group-A46573F3A872: shutdown
2019-09-26 20:17:23,149 [main] INFO  segmented.SegmentedRaftLogWorker (SegmentedRaftLogWorker.java:close(228)) - 091d78c8-8aa5-4dc3-975f-4b808abe8813@group-243B097F2C5F-SegmentedRaftLogWorker close()
2019-09-26 20:17:23,149 [ForkJoinPool.commonPool-worker-0] INFO  util.JmxRegister (JmxRegister.java:unregister(73)) - Successfully un-registered JMX Bean with object name Ratis:service=RaftServer,group=group-A46573F3A872,id=273431b0-2aea-4281-baeb-0b2797c336e5
2019-09-26 20:17:23,151 [main] INFO  impl.RaftServerImpl (RaftServerImpl.java:lambda$shutdown$3(251)) - 091d78c8-8aa5-4dc3-975f-4b808abe8813@group-EA33E358620B: shutdown
2019-09-26 20:17:23,151 [ForkJoinPool.commonPool-worker-0] INFO  impl.RoleInfo (RoleInfo.java:shutdownFollowerState(121)) - 273431b0-2aea-4281-baeb-0b2797c336e5: shutdown FollowerState
2019-09-26 20:17:23,152 [main] INFO  util.JmxRegister (JmxRegister.java:unregister(73)) - Successfully un-registered JMX Bean with object name Ratis:service=RaftServer,group=group-EA33E358620B,id=091d78c8-8aa5-4dc3-975f-4b808abe8813
2019-09-26 20:17:23,152 [Thread-723] INFO  impl.FollowerState (FollowerState.java:run(115)) - 273431b0-2aea-4281-baeb-0b2797c336e5: FollowerState was interrupted: java.lang.InterruptedException: sleep interrupted
2019-09-26 20:17:23,152 [ForkJoinPool.commonPool-worker-0] INFO  impl.StateMachineUpdater (StateMachineUpdater.java:stopAndJoin(125)) - 273431b0-2aea-4281-baeb-0b2797c336e5@group-A46573F3A872-StateMachineUpdater: set stopIndex = 0
2019-09-26 20:17:23,153 [main] INFO  impl.RoleInfo (RoleInfo.java:shutdownLeaderState(104)) - 091d78c8-8aa5-4dc3-975f-4b808abe8813: shutdown LeaderState
2019-09-26 20:17:23,155 [ForkJoinPool.commonPool-worker-0] INFO  impl.RaftServerImpl (ServerState.java:close(385)) - 273431b0-2aea-4281-baeb-0b2797c336e5@group-A46573F3A872: closes. applyIndex: 0
2019-09-26 20:17:23,158 [org.apache.ratis.server.impl.LogAppender$AppenderDaemon$$Lambda$382/984077766@30688567] WARN  server.GrpcLogAppender (GrpcLogAppender.java:mayWait(143)) - 091d78c8-8aa5-4dc3-975f-4b808abe8813@group-EA33E358620B->3cc8baef-c687-471e-92fa-b0689bf72958-GrpcLogAppender: Wait interrupted by java.lang.InterruptedException
2019-09-26 20:17:23,158 [org.apache.ratis.server.impl.LogAppender$AppenderDaemon$$Lambda$382/984077766@51ba38cf] WARN  server.GrpcLogAppender (GrpcLogAppender.java:mayWait(143)) - 091d78c8-8aa5-4dc3-975f-4b808abe8813@group-EA33E358620B->0c122c34-51b6-48d8-aceb-004b9b387362-GrpcLogAppender: Wait interrupted by java.lang.InterruptedException
2019-09-26 20:17:23,158 [main] INFO  impl.PendingRequests (PendingRequests.java:sendNotLeaderResponses(202)) - 091d78c8-8aa5-4dc3-975f-4b808abe8813-PendingRequests: sendNotLeaderResponses
2019-09-26 20:17:23,158 [273431b0-2aea-4281-baeb-0b2797c336e5@group-A46573F3A872-SegmentedRaftLogWorker] INFO  segmented.SegmentedRaftLogWorker (SegmentedRaftLogWorker.java:run(313)) - 273431b0-2aea-4281-baeb-0b2797c336e5@group-A46573F3A872-SegmentedRaftLogWorker was interrupted, exiting. There are 0 tasks remaining in the queue.
2019-09-26 20:17:23,161 [main] INFO  impl.StateMachineUpdater (StateMachineUpdater.java:stopAndJoin(125)) - 091d78c8-8aa5-4dc3-975f-4b808abe8813@group-EA33E358620B-StateMachineUpdater: set stopIndex = 0
2019-09-26 20:17:23,162 [ForkJoinPool.commonPool-worker-0] INFO  segmented.SegmentedRaftLogWorker (SegmentedRaftLogWorker.java:close(228)) - 273431b0-2aea-4281-baeb-0b2797c336e5@group-A46573F3A872-SegmentedRaftLogWorker close()
2019-09-26 20:17:23,163 [main] INFO  impl.RaftServerImpl (ServerState.java:close(385)) - 091d78c8-8aa5-4dc3-975f-4b808abe8813@group-EA33E358620B: closes. applyIndex: 0
2019-09-26 20:17:23,165 [ForkJoinPool.commonPool-worker-0] INFO  impl.RaftServerImpl (RaftServerImpl.java:lambda$shutdown$3(251)) - 273431b0-2aea-4281-baeb-0b2797c336e5@group-80D720530654: shutdown
2019-09-26 20:17:23,165 [091d78c8-8aa5-4dc3-975f-4b808abe8813@group-EA33E358620B-SegmentedRaftLogWorker] INFO  segmented.SegmentedRaftLogWorker (SegmentedRaftLogWorker.java:run(313)) - 091d78c8-8aa5-4dc3-975f-4b808abe8813@group-EA33E358620B-SegmentedRaftLogWorker was interrupted, exiting. There are 0 tasks remaining in the queue.
2019-09-26 20:17:23,165 [ForkJoinPool.commonPool-worker-0] INFO  util.JmxRegister (JmxRegister.java:unregister(73)) - Successfully un-registered JMX Bean with object name Ratis:service=RaftServer,group=group-80D720530654,id=273431b0-2aea-4281-baeb-0b2797c336e5
2019-09-26 20:17:23,166 [main] INFO  segmented.SegmentedRaftLogWorker (SegmentedRaftLogWorker.java:close(228)) - 091d78c8-8aa5-4dc3-975f-4b808abe8813@group-EA33E358620B-SegmentedRaftLogWorker close()
2019-09-26 20:17:23,166 [ForkJoinPool.commonPool-worker-0] INFO  impl.RoleInfo (RoleInfo.java:shutdownLeaderState(104)) - 273431b0-2aea-4281-baeb-0b2797c336e5: shutdown LeaderState
2019-09-26 20:17:23,168 [main] INFO  server.GrpcService (GrpcService.java:closeImpl(164)) - 091d78c8-8aa5-4dc3-975f-4b808abe8813: shutdown server with port 45519 now
2019-09-26 20:17:23,168 [ForkJoinPool.commonPool-worker-0] INFO  impl.PendingRequests (PendingRequests.java:sendNotLeaderResponses(202)) - 273431b0-2aea-4281-baeb-0b2797c336e5-PendingRequests: sendNotLeaderResponses
2019-09-26 20:17:23,168 [main] INFO  server.GrpcService (GrpcService.java:closeImpl(172)) - 091d78c8-8aa5-4dc3-975f-4b808abe8813: shutdown server with port 45519 successfully
2019-09-26 20:17:23,168 [ForkJoinPool.commonPool-worker-0] INFO  impl.StateMachineUpdater (StateMachineUpdater.java:stopAndJoin(125)) - 273431b0-2aea-4281-baeb-0b2797c336e5@group-80D720530654-StateMachineUpdater: set stopIndex = 0
2019-09-26 20:17:23,169 [ForkJoinPool.commonPool-worker-0] INFO  impl.RaftServerImpl (ServerState.java:close(385)) - 273431b0-2aea-4281-baeb-0b2797c336e5@group-80D720530654: closes. applyIndex: 0
2019-09-26 20:17:23,169 [273431b0-2aea-4281-baeb-0b2797c336e5@group-80D720530654-SegmentedRaftLogWorker] INFO  segmented.SegmentedRaftLogWorker (SegmentedRaftLogWorker.java:run(313)) - 273431b0-2aea-4281-baeb-0b2797c336e5@group-80D720530654-SegmentedRaftLogWorker was interrupted, exiting. There are 0 tasks remaining in the queue.
2019-09-26 20:17:23,170 [ForkJoinPool.commonPool-worker-0] INFO  segmented.SegmentedRaftLogWorker (SegmentedRaftLogWorker.java:close(228)) - 273431b0-2aea-4281-baeb-0b2797c336e5@group-80D720530654-SegmentedRaftLogWorker close()
2019-09-26 20:17:23,171 [ForkJoinPool.commonPool-worker-0] INFO  server.GrpcService (GrpcService.java:closeImpl(164)) - 273431b0-2aea-4281-baeb-0b2797c336e5: shutdown server with port 40537 now
2019-09-26 20:17:23,176 [ForkJoinPool.commonPool-worker-0] INFO  server.GrpcService (GrpcService.java:closeImpl(172)) - 273431b0-2aea-4281-baeb-0b2797c336e5: shutdown server with port 40537 successfully
2019-09-26 20:17:23,180 [refreshUsed-/workdir/hadoop-ozone/integration-test/target/test-dir/MiniOzoneClusterImpl-b4cfdfda-c500-4180-9b02-0b7d7f1c7e35/datanode-0/data/containers] WARN  fs.CachingGetSpaceUsed (CachingGetSpaceUsed.java:run(183)) - Thread Interrupted waiting to refresh disk information: sleep interrupted
2019-09-26 20:17:23,181 [refreshUsed-/workdir/hadoop-ozone/integration-test/target/test-dir/MiniOzoneClusterImpl-b4cfdfda-c500-4180-9b02-0b7d7f1c7e35/datanode-9/data/containers] WARN  fs.CachingGetSpaceUsed (CachingGetSpaceUsed.java:run(183)) - Thread Interrupted waiting to refresh disk information: sleep interrupted
2019-09-26 20:17:23,201 [ForkJoinPool.commonPool-worker-0] INFO  utils.BackgroundService (BackgroundService.java:shutdown(148)) - Shutting down service BlockDeletingService
2019-09-26 20:17:23,205 [ForkJoinPool.commonPool-worker-0] INFO  statemachine.DatanodeStateMachine (DatanodeStateMachine.java:stopDaemon(395)) - Ozone container server stopped.
2019-09-26 20:17:23,209 [main] INFO  utils.BackgroundService (BackgroundService.java:shutdown(148)) - Shutting down service BlockDeletingService
2019-09-26 20:17:23,210 [ForkJoinPool.commonPool-worker-0] INFO  handler.ContextHandler (ContextHandler.java:doStop(910)) - Stopped o.e.j.w.WebAppContext@6981f8f3{/,null,UNAVAILABLE}{/hddsDatanode}
2019-09-26 20:17:23,214 [main] INFO  statemachine.DatanodeStateMachine (DatanodeStateMachine.java:stopDaemon(395)) - Ozone container server stopped.
2019-09-26 20:17:23,214 [ForkJoinPool.commonPool-worker-0] INFO  server.AbstractConnector (AbstractConnector.java:doStop(318)) - Stopped ServerConnector@623dcf2a{HTTP/1.1,[http/1.1]}{0.0.0.0:0}
2019-09-26 20:17:23,215 [ForkJoinPool.commonPool-worker-0] INFO  handler.ContextHandler (ContextHandler.java:doStop(910)) - Stopped o.e.j.s.ServletContextHandler@227a47{/static,jar:file:/home/user/.m2/repository/org/apache/hadoop/hadoop-hdds-container-service/0.5.0-SNAPSHOT/hadoop-hdds-container-service-0.5.0-SNAPSHOT.jar!/webapps/static,UNAVAILABLE}
2019-09-26 20:17:23,216 [main] INFO  handler.ContextHandler (ContextHandler.java:doStop(910)) - Stopped o.e.j.w.WebAppContext@3e67f5f2{/,null,UNAVAILABLE}{/hddsDatanode}
2019-09-26 20:17:23,217 [ForkJoinPool.commonPool-worker-0] INFO  handler.ContextHandler (ContextHandler.java:doStop(910)) - Stopped o.e.j.s.ServletContextHandler@3968bc60{/logs,file:///workdir/hadoop-ozone/integration-test/target/log,UNAVAILABLE}
2019-09-26 20:17:23,217 [main] INFO  server.AbstractConnector (AbstractConnector.java:doStop(318)) - Stopped ServerConnector@fd53053{HTTP/1.1,[http/1.1]}{0.0.0.0:0}
2019-09-26 20:17:23,218 [main] INFO  handler.ContextHandler (ContextHandler.java:doStop(910)) - Stopped o.e.j.s.ServletContextHandler@446626a7{/static,jar:file:/home/user/.m2/repository/org/apache/hadoop/hadoop-hdds-container-service/0.5.0-SNAPSHOT/hadoop-hdds-container-service-0.5.0-SNAPSHOT.jar!/webapps/static,UNAVAILABLE}
2019-09-26 20:17:23,218 [main] INFO  handler.ContextHandler (ContextHandler.java:doStop(910)) - Stopped o.e.j.s.ServletContextHandler@5d8ab698{/logs,file:///workdir/hadoop-ozone/integration-test/target/log,UNAVAILABLE}
2019-09-26 20:17:23,274 [Datanode State Machine Thread - 0] INFO  statemachine.DatanodeStateMachine (DatanodeStateMachine.java:lambda$startDaemon$0(350)) - Ozone container server started.
2019-09-26 20:17:23,539 [Datanode State Machine Thread - 0] INFO  statemachine.DatanodeStateMachine (DatanodeStateMachine.java:lambda$startDaemon$0(350)) - Ozone container server started.
2019-09-26 20:17:23,859 [grpc-default-executor-1] WARN  server.GrpcLogAppender (LogUtils.java:warn(134)) - 0955c41b-5120-474c-be8a-331162b53db7@group-3E66980DBE97->f78f22b6-c87a-4579-a1c5-2b9c4d89f592-AppendLogResponseHandler: Failed appendEntries: org.apache.ratis.thirdparty.io.grpc.StatusRuntimeException: UNAVAILABLE: io exception
2019-09-26 20:17:23,860 [grpc-default-executor-1] INFO  impl.FollowerInfo (FollowerInfo.java:lambda$new$0(51)) - 0955c41b-5120-474c-be8a-331162b53db7@group-3E66980DBE97->f78f22b6-c87a-4579-a1c5-2b9c4d89f592: nextIndex: updateUnconditionally 0 -> 0
2019-09-26 20:17:26,361 [grpc-default-executor-7] WARN  server.GrpcLogAppender (LogUtils.java:warn(134)) - 0955c41b-5120-474c-be8a-331162b53db7@group-3E66980DBE97->f78f22b6-c87a-4579-a1c5-2b9c4d89f592-AppendLogResponseHandler: Failed appendEntries: org.apache.ratis.thirdparty.io.grpc.StatusRuntimeException: UNAVAILABLE: io exception
2019-09-26 20:17:26,362 [grpc-default-executor-7] INFO  impl.FollowerInfo (FollowerInfo.java:lambda$new$0(51)) - 0955c41b-5120-474c-be8a-331162b53db7@group-3E66980DBE97->f78f22b6-c87a-4579-a1c5-2b9c4d89f592: nextIndex: updateUnconditionally 0 -> 0
2019-09-26 20:17:28,219 [ForkJoinPool.commonPool-worker-0] INFO  ozoneimpl.OzoneContainer (OzoneContainer.java:stop(231)) - Attempting to stop container services.
2019-09-26 20:17:28,219 [ForkJoinPool.commonPool-worker-0] INFO  impl.RaftServerProxy (RaftServerProxy.java:lambda$close$4(314)) - 0955c41b-5120-474c-be8a-331162b53db7: close
2019-09-26 20:17:28,220 [ForkJoinPool.commonPool-worker-0] INFO  impl.RaftServerImpl (RaftServerImpl.java:lambda$shutdown$3(251)) - 0955c41b-5120-474c-be8a-331162b53db7@group-3E66980DBE97: shutdown
2019-09-26 20:17:28,220 [main] INFO  ozoneimpl.OzoneContainer (OzoneContainer.java:stop(231)) - Attempting to stop container services.
2019-09-26 20:17:28,220 [ForkJoinPool.commonPool-worker-0] INFO  util.JmxRegister (JmxRegister.java:unregister(73)) - Successfully un-registered JMX Bean with object name Ratis:service=RaftServer,group=group-3E66980DBE97,id=0955c41b-5120-474c-be8a-331162b53db7
2019-09-26 20:17:28,221 [main] INFO  impl.RaftServerProxy (RaftServerProxy.java:lambda$close$4(314)) - 1da6c6b2-4783-4731-8f15-62229f4dfdb4: close
2019-09-26 20:17:28,221 [ForkJoinPool.commonPool-worker-0] INFO  impl.RoleInfo (RoleInfo.java:shutdownLeaderState(104)) - 0955c41b-5120-474c-be8a-331162b53db7: shutdown LeaderState
2019-09-26 20:17:28,221 [main] INFO  impl.RaftServerImpl (RaftServerImpl.java:lambda$shutdown$3(251)) - 1da6c6b2-4783-4731-8f15-62229f4dfdb4@group-3E66980DBE97: shutdown
2019-09-26 20:17:28,224 [ForkJoinPool.commonPool-worker-0] INFO  impl.PendingRequests (PendingRequests.java:sendNotLeaderResponses(202)) - 0955c41b-5120-474c-be8a-331162b53db7-PendingRequests: sendNotLeaderResponses
2019-09-26 20:17:28,224 [org.apache.ratis.server.impl.LogAppender$AppenderDaemon$$Lambda$382/984077766@2ba78fa7] WARN  server.GrpcLogAppender (GrpcLogAppender.java:mayWait(143)) - 0955c41b-5120-474c-be8a-331162b53db7@group-3E66980DBE97->1da6c6b2-4783-4731-8f15-62229f4dfdb4-GrpcLogAppender: Wait interrupted by java.lang.InterruptedException
2019-09-26 20:17:28,224 [org.apache.ratis.server.impl.LogAppender$AppenderDaemon$$Lambda$382/984077766@68866374] WARN  server.GrpcLogAppender (GrpcLogAppender.java:mayWait(143)) - 0955c41b-5120-474c-be8a-331162b53db7@group-3E66980DBE97->f78f22b6-c87a-4579-a1c5-2b9c4d89f592-GrpcLogAppender: Wait interrupted by java.lang.InterruptedException
2019-09-26 20:17:28,225 [ForkJoinPool.commonPool-worker-0] INFO  impl.StateMachineUpdater (StateMachineUpdater.java:stopAndJoin(125)) - 0955c41b-5120-474c-be8a-331162b53db7@group-3E66980DBE97-StateMachineUpdater: set stopIndex = 0
2019-09-26 20:17:28,228 [ForkJoinPool.commonPool-worker-0] INFO  impl.RaftServerImpl (ServerState.java:close(385)) - 0955c41b-5120-474c-be8a-331162b53db7@group-3E66980DBE97: closes. applyIndex: 0
2019-09-26 20:17:28,224 [main] INFO  util.JmxRegister (JmxRegister.java:unregister(73)) - Successfully un-registered JMX Bean with object name Ratis:service=RaftServer,group=group-3E66980DBE97,id=1da6c6b2-4783-4731-8f15-62229f4dfdb4
2019-09-26 20:17:28,228 [0955c41b-5120-474c-be8a-331162b53db7@group-3E66980DBE97-SegmentedRaftLogWorker] INFO  segmented.SegmentedRaftLogWorker (SegmentedRaftLogWorker.java:run(313)) - 0955c41b-5120-474c-be8a-331162b53db7@group-3E66980DBE97-SegmentedRaftLogWorker was interrupted, exiting. There are 0 tasks remaining in the queue.
2019-09-26 20:17:28,228 [grpc-default-executor-7] INFO  server.GrpcServerProtocolService (GrpcServerProtocolService.java:onCompleted(113)) - 1da6c6b2-4783-4731-8f15-62229f4dfdb4: Completed APPEND_ENTRIES, lastRequest: 0955c41b-5120-474c-be8a-331162b53db7->1da6c6b2-4783-4731-8f15-62229f4dfdb4#50-t3, previous=(t:3, i:0), leaderCommit=0, initializing? false, entries: <empty>
2019-09-26 20:17:28,229 [ForkJoinPool.commonPool-worker-0] INFO  segmented.SegmentedRaftLogWorker (SegmentedRaftLogWorker.java:close(228)) - 0955c41b-5120-474c-be8a-331162b53db7@group-3E66980DBE97-SegmentedRaftLogWorker close()
2019-09-26 20:17:28,229 [main] INFO  impl.RoleInfo (RoleInfo.java:shutdownFollowerState(121)) - 1da6c6b2-4783-4731-8f15-62229f4dfdb4: shutdown FollowerState
2019-09-26 20:17:28,231 [ForkJoinPool.commonPool-worker-0] INFO  impl.RaftServerImpl (RaftServerImpl.java:lambda$shutdown$3(251)) - 0955c41b-5120-474c-be8a-331162b53db7@group-9121D1F47AEF: shutdown
2019-09-26 20:17:28,232 [grpc-default-executor-7] INFO  server.GrpcLogAppender (GrpcLogAppender.java:onCompleted(293)) - 0955c41b-5120-474c-be8a-331162b53db7@group-3E66980DBE97->1da6c6b2-4783-4731-8f15-62229f4dfdb4-AppendLogResponseHandler: follower responses appendEntries COMPLETED
2019-09-26 20:17:28,232 [main] INFO  impl.StateMachineUpdater (StateMachineUpdater.java:stopAndJoin(125)) - 1da6c6b2-4783-4731-8f15-62229f4dfdb4@group-3E66980DBE97-StateMachineUpdater: set stopIndex = 0
2019-09-26 20:17:28,232 [Thread-418] INFO  impl.FollowerState (FollowerState.java:run(115)) - 1da6c6b2-4783-4731-8f15-62229f4dfdb4: FollowerState was interrupted: java.lang.InterruptedException: sleep interrupted
2019-09-26 20:17:28,233 [main] INFO  impl.RaftServerImpl (ServerState.java:close(385)) - 1da6c6b2-4783-4731-8f15-62229f4dfdb4@group-3E66980DBE97: closes. applyIndex: 0
2019-09-26 20:17:28,233 [grpc-default-executor-7] INFO  impl.FollowerInfo (FollowerInfo.java:lambda$new$0(51)) - 0955c41b-5120-474c-be8a-331162b53db7@group-3E66980DBE97->1da6c6b2-4783-4731-8f15-62229f4dfdb4: nextIndex: updateUnconditionally 1 -> 0
2019-09-26 20:17:28,232 [ForkJoinPool.commonPool-worker-0] INFO  util.JmxRegister (JmxRegister.java:unregister(73)) - Successfully un-registered JMX Bean with object name Ratis:service=RaftServer,group=group-9121D1F47AEF,id=0955c41b-5120-474c-be8a-331162b53db7
2019-09-26 20:17:28,235 [ForkJoinPool.commonPool-worker-0] INFO  impl.RoleInfo (RoleInfo.java:shutdownLeaderState(104)) - 0955c41b-5120-474c-be8a-331162b53db7: shutdown LeaderState
2019-09-26 20:17:28,234 [1da6c6b2-4783-4731-8f15-62229f4dfdb4@group-3E66980DBE97-SegmentedRaftLogWorker] INFO  segmented.SegmentedRaftLogWorker (SegmentedRaftLogWorker.java:run(313)) - 1da6c6b2-4783-4731-8f15-62229f4dfdb4@group-3E66980DBE97-SegmentedRaftLogWorker was interrupted, exiting. There are 0 tasks remaining in the queue.
2019-09-26 20:17:28,235 [ForkJoinPool.commonPool-worker-0] INFO  impl.PendingRequests (PendingRequests.java:sendNotLeaderResponses(202)) - 0955c41b-5120-474c-be8a-331162b53db7-PendingRequests: sendNotLeaderResponses
2019-09-26 20:17:28,235 [main] INFO  segmented.SegmentedRaftLogWorker (SegmentedRaftLogWorker.java:close(228)) - 1da6c6b2-4783-4731-8f15-62229f4dfdb4@group-3E66980DBE97-SegmentedRaftLogWorker close()
2019-09-26 20:17:28,236 [ForkJoinPool.commonPool-worker-0] INFO  impl.StateMachineUpdater (StateMachineUpdater.java:stopAndJoin(125)) - 0955c41b-5120-474c-be8a-331162b53db7@group-9121D1F47AEF-StateMachineUpdater: set stopIndex = 0
2019-09-26 20:17:28,237 [main] INFO  impl.RaftServerImpl (RaftServerImpl.java:lambda$shutdown$3(251)) - 1da6c6b2-4783-4731-8f15-62229f4dfdb4@group-8E992C7E0308: shutdown
2019-09-26 20:17:28,237 [ForkJoinPool.commonPool-worker-0] INFO  impl.RaftServerImpl (ServerState.java:close(385)) - 0955c41b-5120-474c-be8a-331162b53db7@group-9121D1F47AEF: closes. applyIndex: 0
2019-09-26 20:17:28,237 [main] INFO  util.JmxRegister (JmxRegister.java:unregister(73)) - Successfully un-registered JMX Bean with object name Ratis:service=RaftServer,group=group-8E992C7E0308,id=1da6c6b2-4783-4731-8f15-62229f4dfdb4
2019-09-26 20:17:28,238 [0955c41b-5120-474c-be8a-331162b53db7@group-9121D1F47AEF-SegmentedRaftLogWorker] INFO  segmented.SegmentedRaftLogWorker (SegmentedRaftLogWorker.java:run(313)) - 0955c41b-5120-474c-be8a-331162b53db7@group-9121D1F47AEF-SegmentedRaftLogWorker was interrupted, exiting. There are 0 tasks remaining in the queue.
2019-09-26 20:17:28,238 [main] INFO  impl.RoleInfo (RoleInfo.java:shutdownLeaderState(104)) - 1da6c6b2-4783-4731-8f15-62229f4dfdb4: shutdown LeaderState
2019-09-26 20:17:28,238 [ForkJoinPool.commonPool-worker-0] INFO  segmented.SegmentedRaftLogWorker (SegmentedRaftLogWorker.java:close(228)) - 0955c41b-5120-474c-be8a-331162b53db7@group-9121D1F47AEF-SegmentedRaftLogWorker close()
2019-09-26 20:17:28,239 [main] INFO  impl.PendingRequests (PendingRequests.java:sendNotLeaderResponses(202)) - 1da6c6b2-4783-4731-8f15-62229f4dfdb4-PendingRequests: sendNotLeaderResponses
2019-09-26 20:17:28,240 [ForkJoinPool.commonPool-worker-0] INFO  server.GrpcService (GrpcService.java:closeImpl(164)) - 0955c41b-5120-474c-be8a-331162b53db7: shutdown server with port 36383 now
2019-09-26 20:17:28,240 [main] INFO  impl.StateMachineUpdater (StateMachineUpdater.java:stopAndJoin(125)) - 1da6c6b2-4783-4731-8f15-62229f4dfdb4@group-8E992C7E0308-StateMachineUpdater: set stopIndex = 0
2019-09-26 20:17:28,244 [main] INFO  impl.RaftServerImpl (ServerState.java:close(385)) - 1da6c6b2-4783-4731-8f15-62229f4dfdb4@group-8E992C7E0308: closes. applyIndex: 0
2019-09-26 20:17:28,245 [ForkJoinPool.commonPool-worker-0] INFO  server.GrpcService (GrpcService.java:closeImpl(172)) - 0955c41b-5120-474c-be8a-331162b53db7: shutdown server with port 36383 successfully
2019-09-26 20:17:28,245 [1da6c6b2-4783-4731-8f15-62229f4dfdb4@group-8E992C7E0308-SegmentedRaftLogWorker] INFO  segmented.SegmentedRaftLogWorker (SegmentedRaftLogWorker.java:run(313)) - 1da6c6b2-4783-4731-8f15-62229f4dfdb4@group-8E992C7E0308-SegmentedRaftLogWorker was interrupted, exiting. There are 0 tasks remaining in the queue.
2019-09-26 20:17:28,245 [main] INFO  segmented.SegmentedRaftLogWorker (SegmentedRaftLogWorker.java:close(228)) - 1da6c6b2-4783-4731-8f15-62229f4dfdb4@group-8E992C7E0308-SegmentedRaftLogWorker close()
2019-09-26 20:17:28,247 [main] INFO  server.GrpcService (GrpcService.java:closeImpl(164)) - 1da6c6b2-4783-4731-8f15-62229f4dfdb4: shutdown server with port 42892 now
2019-09-26 20:17:28,248 [refreshUsed-/workdir/hadoop-ozone/integration-test/target/test-dir/MiniOzoneClusterImpl-b4cfdfda-c500-4180-9b02-0b7d7f1c7e35/datanode-1/data/containers] WARN  fs.CachingGetSpaceUsed (CachingGetSpaceUsed.java:run(183)) - Thread Interrupted waiting to refresh disk information: sleep interrupted
2019-09-26 20:17:28,248 [main] INFO  server.GrpcService (GrpcService.java:closeImpl(172)) - 1da6c6b2-4783-4731-8f15-62229f4dfdb4: shutdown server with port 42892 successfully
2019-09-26 20:17:28,259 [refreshUsed-/workdir/hadoop-ozone/integration-test/target/test-dir/MiniOzoneClusterImpl-b4cfdfda-c500-4180-9b02-0b7d7f1c7e35/datanode-7/data/containers] WARN  fs.CachingGetSpaceUsed (CachingGetSpaceUsed.java:run(183)) - Thread Interrupted waiting to refresh disk information: sleep interrupted
2019-09-26 20:17:28,269 [main] INFO  utils.BackgroundService (BackgroundService.java:shutdown(148)) - Shutting down service BlockDeletingService
2019-09-26 20:17:28,273 [main] INFO  statemachine.DatanodeStateMachine (DatanodeStateMachine.java:stopDaemon(395)) - Ozone container server stopped.
2019-09-26 20:17:28,274 [main] INFO  handler.ContextHandler (ContextHandler.java:doStop(910)) - Stopped o.e.j.w.WebAppContext@3078cac{/,null,UNAVAILABLE}{/hddsDatanode}
2019-09-26 20:17:28,275 [main] INFO  server.AbstractConnector (AbstractConnector.java:doStop(318)) - Stopped ServerConnector@f6de586{HTTP/1.1,[http/1.1]}{0.0.0.0:0}
2019-09-26 20:17:28,275 [main] INFO  handler.ContextHandler (ContextHandler.java:doStop(910)) - Stopped o.e.j.s.ServletContextHandler@46aa712c{/static,jar:file:/home/user/.m2/repository/org/apache/hadoop/hadoop-hdds-container-service/0.5.0-SNAPSHOT/hadoop-hdds-container-service-0.5.0-SNAPSHOT.jar!/webapps/static,UNAVAILABLE}
2019-09-26 20:17:28,275 [main] INFO  handler.ContextHandler (ContextHandler.java:doStop(910)) - Stopped o.e.j.s.ServletContextHandler@2a869a16{/logs,file:///workdir/hadoop-ozone/integration-test/target/log,UNAVAILABLE}
2019-09-26 20:17:28,277 [ForkJoinPool.commonPool-worker-0] INFO  utils.BackgroundService (BackgroundService.java:shutdown(148)) - Shutting down service BlockDeletingService
2019-09-26 20:17:28,279 [ForkJoinPool.commonPool-worker-0] INFO  statemachine.DatanodeStateMachine (DatanodeStateMachine.java:stopDaemon(395)) - Ozone container server stopped.
2019-09-26 20:17:28,282 [ForkJoinPool.commonPool-worker-0] INFO  handler.ContextHandler (ContextHandler.java:doStop(910)) - Stopped o.e.j.w.WebAppContext@5b5e7036{/,null,UNAVAILABLE}{/hddsDatanode}
2019-09-26 20:17:28,282 [ForkJoinPool.commonPool-worker-0] INFO  server.AbstractConnector (AbstractConnector.java:doStop(318)) - Stopped ServerConnector@62dbe64e{HTTP/1.1,[http/1.1]}{0.0.0.0:0}
2019-09-26 20:17:28,283 [ForkJoinPool.commonPool-worker-0] INFO  handler.ContextHandler (ContextHandler.java:doStop(910)) - Stopped o.e.j.s.ServletContextHandler@3bbf841e{/static,jar:file:/home/user/.m2/repository/org/apache/hadoop/hadoop-hdds-container-service/0.5.0-SNAPSHOT/hadoop-hdds-container-service-0.5.0-SNAPSHOT.jar!/webapps/static,UNAVAILABLE}
2019-09-26 20:17:28,284 [ForkJoinPool.commonPool-worker-0] INFO  handler.ContextHandler (ContextHandler.java:doStop(910)) - Stopped o.e.j.s.ServletContextHandler@5679e96b{/logs,file:///workdir/hadoop-ozone/integration-test/target/log,UNAVAILABLE}
2019-09-26 20:17:28,285 [main] INFO  ozone.MiniOzoneClusterImpl (MiniOzoneClusterImpl.java:stopSCM(392)) - Stopping the StorageContainerManager
2019-09-26 20:17:28,285 [main] INFO  server.StorageContainerManager (StorageContainerManager.java:stop(808)) - Stopping Replication Manager Service.
2019-09-26 20:17:28,285 [main] INFO  container.ReplicationManager (ReplicationManager.java:stop(203)) - Stopping Replication Monitor Thread.
2019-09-26 20:17:28,285 [main] INFO  server.StorageContainerManager (StorageContainerManager.java:stop(815)) - Stopping Lease Manager of the command watchers
2019-09-26 20:17:28,286 [main] INFO  server.StorageContainerManager (StorageContainerManager.java:stop(822)) - Stopping datanode service RPC server
2019-09-26 20:17:28,286 [main] INFO  server.SCMDatanodeProtocolServer (SCMDatanodeProtocolServer.java:stop(367)) - Stopping the RPC server for DataNodes
2019-09-26 20:17:28,286 [main] INFO  ipc.Server (Server.java:stop(3082)) - Stopping server on 43728
2019-09-26 20:17:28,288 [IPC Server listener on 43728] INFO  ipc.Server (Server.java:run(1185)) - Stopping IPC Server listener on 43728
2019-09-26 20:17:28,288 [IPC Server Responder] INFO  ipc.Server (Server.java:run(1319)) - Stopping IPC Server Responder
2019-09-26 20:17:28,348 [SCM Heartbeat Processing Thread - 0] WARN  node.NodeStateManager (NodeStateManager.java:scheduleNextHealthCheck(646)) - Current Thread is interrupted, shutting down HB processing thread for Node Manager.
2019-09-26 20:17:28,348 [main] INFO  server.StorageContainerManager (StorageContainerManager.java:stop(830)) - Stopping block service RPC server
2019-09-26 20:17:28,348 [main] INFO  server.SCMBlockProtocolServer (SCMBlockProtocolServer.java:stop(155)) - Stopping the RPC server for Block Protocol
2019-09-26 20:17:28,349 [main] INFO  ipc.Server (Server.java:stop(3082)) - Stopping server on 43664
2019-09-26 20:17:28,351 [IPC Server listener on 43664] INFO  ipc.Server (Server.java:run(1185)) - Stopping IPC Server listener on 43664
2019-09-26 20:17:28,351 [main] INFO  server.StorageContainerManager (StorageContainerManager.java:stop(837)) - Stopping the StorageContainerLocationProtocol RPC server
2019-09-26 20:17:28,351 [IPC Server Responder] INFO  ipc.Server (Server.java:run(1319)) - Stopping IPC Server Responder
2019-09-26 20:17:28,351 [main] INFO  server.SCMClientProtocolServer (SCMClientProtocolServer.java:stop(159)) - Stopping the RPC server for Client Protocol
2019-09-26 20:17:28,352 [main] INFO  ipc.Server (Server.java:stop(3082)) - Stopping server on 46395
2019-09-26 20:17:28,354 [IPC Server listener on 46395] INFO  ipc.Server (Server.java:run(1185)) - Stopping IPC Server listener on 46395
2019-09-26 20:17:28,354 [main] INFO  server.StorageContainerManager (StorageContainerManager.java:stop(844)) - Stopping Storage Container Manager HTTP server.
2019-09-26 20:17:28,354 [IPC Server Responder] INFO  ipc.Server (Server.java:run(1319)) - Stopping IPC Server Responder
2019-09-26 20:17:28,355 [main] INFO  handler.ContextHandler (ContextHandler.java:doStop(910)) - Stopped o.e.j.w.WebAppContext@59a67c3a{/,null,UNAVAILABLE}{/scm}
2019-09-26 20:17:28,356 [main] INFO  server.AbstractConnector (AbstractConnector.java:doStop(318)) - Stopped ServerConnector@3d6300e8{HTTP/1.1,[http/1.1]}{0.0.0.0:0}
2019-09-26 20:17:28,356 [main] INFO  handler.ContextHandler (ContextHandler.java:doStop(910)) - Stopped o.e.j.s.ServletContextHandler@8692d67{/static,file:///workdir/hadoop-ozone/integration-test/target/test-classes/webapps/static,UNAVAILABLE}
2019-09-26 20:17:28,357 [main] INFO  handler.ContextHandler (ContextHandler.java:doStop(910)) - Stopped o.e.j.s.ServletContextHandler@56303b57{/logs,file:///workdir/hadoop-ozone/integration-test/target/log,UNAVAILABLE}
2019-09-26 20:17:28,358 [main] INFO  server.StorageContainerManager (StorageContainerManager.java:stop(855)) - Stopping Block Manager Service.
2019-09-26 20:17:28,358 [main] INFO  utils.BackgroundService (BackgroundService.java:shutdown(148)) - Shutting down service SCMBlockDeletingService
2019-09-26 20:17:28,358 [main] INFO  utils.BackgroundService (BackgroundService.java:shutdown(148)) - Shutting down service SCMBlockDeletingService
2019-09-26 20:17:28,359 [main] INFO  server.StorageContainerManager (StorageContainerManager.java:stop(877)) - Stopping SCM Event Queue.
2019-09-26 20:17:28,366 [main] INFO  impl.MetricsSystemImpl (MetricsSystemImpl.java:stop(210)) - Stopping ratis metrics system...
2019-09-26 20:17:28,383 [prometheus] INFO  impl.MetricsSinkAdapter (MetricsSinkAdapter.java:publishMetricsFromQueue(141)) - prometheus thread interrupted.
2019-09-26 20:17:28,383 [main] INFO  impl.MetricsSystemImpl (MetricsSystemImpl.java:stop(216)) - ratis metrics system stopped.
]]></system-out>
    <system-err><![CDATA[ERROR StatusLogger No Log4j 2 configuration file found. Using default configuration (logging only errors to the console), or user programmatically provided configurations. Set system property 'log4j2.debug' to show Log4j 2 internal initialization logging. See https://logging.apache.org/log4j/2.x/manual/configuration.html for instructions on how to configure Log4j 2
Sep 26, 2019 8:17:07 PM org.apache.ratis.thirdparty.io.grpc.internal.SerializingExecutor run
SEVERE: Exception while executing runnable org.apache.ratis.thirdparty.io.grpc.internal.ServerImpl$JumpToApplicationThreadServerStreamListener$1Closed@592e386
org.apache.ratis.thirdparty.io.grpc.StatusRuntimeException: CANCELLED: call already cancelled
	at org.apache.ratis.thirdparty.io.grpc.Status.asRuntimeException(Status.java:517)
	at org.apache.ratis.thirdparty.io.grpc.stub.ServerCalls$ServerCallStreamObserverImpl.onCompleted(ServerCalls.java:356)
	at org.apache.ratis.grpc.server.GrpcServerProtocolService$ServerRequestStreamObserver.onError(GrpcServerProtocolService.java:121)
	at org.apache.ratis.thirdparty.io.grpc.stub.ServerCalls$StreamingServerCallHandler$StreamingServerCallListener.onCancel(ServerCalls.java:269)
	at org.apache.ratis.thirdparty.io.grpc.internal.ServerCallImpl$ServerStreamListenerImpl.closed(ServerCallImpl.java:293)
	at org.apache.ratis.thirdparty.io.grpc.internal.ServerImpl$JumpToApplicationThreadServerStreamListener$1Closed.runInContext(ServerImpl.java:741)
	at org.apache.ratis.thirdparty.io.grpc.internal.ContextRunnable.run(ContextRunnable.java:37)
	at org.apache.ratis.thirdparty.io.grpc.internal.SerializingExecutor.run(SerializingExecutor.java:123)
	at java.util.concurrent.ThreadPoolExecutor.runWorker(ThreadPoolExecutor.java:1149)
	at java.util.concurrent.ThreadPoolExecutor$Worker.run(ThreadPoolExecutor.java:624)
	at java.lang.Thread.run(Thread.java:748)

Sep 26, 2019 8:17:07 PM org.apache.ratis.thirdparty.io.grpc.internal.SerializingExecutor run
SEVERE: Exception while executing runnable org.apache.ratis.thirdparty.io.grpc.internal.ServerImpl$JumpToApplicationThreadServerStreamListener$1Closed@49bc9151
org.apache.ratis.thirdparty.io.grpc.StatusRuntimeException: CANCELLED: call already cancelled
	at org.apache.ratis.thirdparty.io.grpc.Status.asRuntimeException(Status.java:517)
	at org.apache.ratis.thirdparty.io.grpc.stub.ServerCalls$ServerCallStreamObserverImpl.onCompleted(ServerCalls.java:356)
	at org.apache.ratis.grpc.server.GrpcServerProtocolService$ServerRequestStreamObserver.onError(GrpcServerProtocolService.java:121)
	at org.apache.ratis.thirdparty.io.grpc.stub.ServerCalls$StreamingServerCallHandler$StreamingServerCallListener.onCancel(ServerCalls.java:269)
	at org.apache.ratis.thirdparty.io.grpc.internal.ServerCallImpl$ServerStreamListenerImpl.closed(ServerCallImpl.java:293)
	at org.apache.ratis.thirdparty.io.grpc.internal.ServerImpl$JumpToApplicationThreadServerStreamListener$1Closed.runInContext(ServerImpl.java:741)
	at org.apache.ratis.thirdparty.io.grpc.internal.ContextRunnable.run(ContextRunnable.java:37)
	at org.apache.ratis.thirdparty.io.grpc.internal.SerializingExecutor.run(SerializingExecutor.java:123)
	at java.util.concurrent.ThreadPoolExecutor.runWorker(ThreadPoolExecutor.java:1149)
	at java.util.concurrent.ThreadPoolExecutor$Worker.run(ThreadPoolExecutor.java:624)
	at java.lang.Thread.run(Thread.java:748)

Sep 26, 2019 8:17:18 PM org.apache.ratis.thirdparty.io.grpc.internal.SerializingExecutor run
SEVERE: Exception while executing runnable org.apache.ratis.thirdparty.io.grpc.internal.ServerImpl$JumpToApplicationThreadServerStreamListener$1Closed@3586d8c2
org.apache.ratis.thirdparty.io.grpc.StatusRuntimeException: CANCELLED: call already cancelled
	at org.apache.ratis.thirdparty.io.grpc.Status.asRuntimeException(Status.java:517)
	at org.apache.ratis.thirdparty.io.grpc.stub.ServerCalls$ServerCallStreamObserverImpl.onCompleted(ServerCalls.java:356)
	at org.apache.ratis.grpc.server.GrpcServerProtocolService$ServerRequestStreamObserver.onError(GrpcServerProtocolService.java:121)
	at org.apache.ratis.thirdparty.io.grpc.stub.ServerCalls$StreamingServerCallHandler$StreamingServerCallListener.onCancel(ServerCalls.java:269)
	at org.apache.ratis.thirdparty.io.grpc.internal.ServerCallImpl$ServerStreamListenerImpl.closed(ServerCallImpl.java:293)
	at org.apache.ratis.thirdparty.io.grpc.internal.ServerImpl$JumpToApplicationThreadServerStreamListener$1Closed.runInContext(ServerImpl.java:741)
	at org.apache.ratis.thirdparty.io.grpc.internal.ContextRunnable.run(ContextRunnable.java:37)
	at org.apache.ratis.thirdparty.io.grpc.internal.SerializingExecutor.run(SerializingExecutor.java:123)
	at java.util.concurrent.ThreadPoolExecutor.runWorker(ThreadPoolExecutor.java:1149)
	at java.util.concurrent.ThreadPoolExecutor$Worker.run(ThreadPoolExecutor.java:624)
	at java.lang.Thread.run(Thread.java:748)

]]></system-err>
  </testcase>
</testsuite>