<?xml version="1.0" encoding="UTF-8"?>
<testsuite xmlns:xsi="http://www.w3.org/2001/XMLSchema-instance" xsi:noNamespaceSchemaLocation="https://maven.apache.org/surefire/maven-surefire-plugin/xsd/surefire-test-report.xsd" name="org.apache.hadoop.ozone.client.rpc.TestWatchForCommit" time="244.124" tests="5" errors="1" skipped="0" failures="1">
  <properties>
    <property name="awt.toolkit" value="sun.awt.X11.XToolkit"/>
    <property name="file.encoding.pkg" value="sun.io"/>
    <property name="java.specification.version" value="1.8"/>
    <property name="sun.cpu.isalist" value=""/>
    <property name="sun.jnu.encoding" value="UTF-8"/>
    <property name="java.class.path" value="/workdir/hadoop-ozone/integration-test/target/test-classes:/workdir/hadoop-ozone/integration-test/target/classes:/home/user/.m2/repository/org/apache/hadoop/hadoop-ozone-common/0.5.0-SNAPSHOT/hadoop-ozone-common-0.5.0-SNAPSHOT.jar:/home/user/.m2/repository/org/apache/commons/commons-compress/1.4.1/commons-compress-1.4.1.jar:/home/user/.m2/repository/org/tukaani/xz/1.0/xz-1.0.jar:/home/user/.m2/repository/org/apache/hadoop/hadoop-common/3.2.0/hadoop-common-3.2.0.jar:/home/user/.m2/repository/org/apache/hadoop/hadoop-hdfs/3.2.0/hadoop-hdfs-3.2.0.jar:/home/user/.m2/repository/org/apache/hadoop/hadoop-hdfs-client/3.2.0/hadoop-hdfs-client-3.2.0.jar:/home/user/.m2/repository/com/fasterxml/jackson/core/jackson-annotations/2.9.9/jackson-annotations-2.9.9.jar:/home/user/.m2/repository/org/apache/hadoop/hadoop-hdds-common/0.5.0-SNAPSHOT/hadoop-hdds-common-0.5.0-SNAPSHOT.jar:/home/user/.m2/repository/javax/annotation/javax.annotation-api/1.2/javax.annotation-api-1.2.jar:/home/user/.m2/repository/org/apache/ratis/ratis-server/0.5.0-201fc85-SNAPSHOT/ratis-server-0.5.0-201fc85-SNAPSHOT.jar:/home/user/.m2/repository/org/apache/ratis/ratis-thirdparty-misc/0.2.0/ratis-thirdparty-misc-0.2.0.jar:/home/user/.m2/repository/org/apache/ratis/ratis-proto/0.5.0-201fc85-SNAPSHOT/ratis-proto-0.5.0-201fc85-SNAPSHOT.jar:/home/user/.m2/repository/org/apache/ratis/ratis-common/0.5.0-201fc85-SNAPSHOT/ratis-common-0.5.0-201fc85-SNAPSHOT.jar:/home/user/.m2/repository/org/apache/ratis/ratis-client/0.5.0-201fc85-SNAPSHOT/ratis-client-0.5.0-201fc85-SNAPSHOT.jar:/home/user/.m2/repository/org/apache/ratis/ratis-metrics/0.5.0-201fc85-SNAPSHOT/ratis-metrics-0.5.0-201fc85-SNAPSHOT.jar:/home/user/.m2/repository/com/github/joshelser/dropwizard-metrics-hadoop-metrics2-reporter/0.1.2/dropwizard-metrics-hadoop-metrics2-reporter-0.1.2.jar:/home/user/.m2/repository/io/dropwizard/metrics/metrics-jvm/3.2.5/metrics-jvm-3.2.5.jar:/home/user/.m2/repository/io/dropwizard/metrics/metrics-ganglia/3.2.5/metrics-ganglia-3.2.5.jar:/home/user/.m2/repository/info/ganglia/gmetric4j/gmetric4j/1.0.7/gmetric4j-1.0.7.jar:/home/user/.m2/repository/org/apache/ratis/ratis-netty/0.5.0-201fc85-SNAPSHOT/ratis-netty-0.5.0-201fc85-SNAPSHOT.jar:/home/user/.m2/repository/org/apache/ratis/ratis-grpc/0.5.0-201fc85-SNAPSHOT/ratis-grpc-0.5.0-201fc85-SNAPSHOT.jar:/home/user/.m2/repository/org/rocksdb/rocksdbjni/6.0.1/rocksdbjni-6.0.1.jar:/home/user/.m2/repository/org/apache/logging/log4j/log4j-api/2.11.0/log4j-api-2.11.0.jar:/home/user/.m2/repository/org/apache/logging/log4j/log4j-core/2.11.0/log4j-core-2.11.0.jar:/home/user/.m2/repository/com/lmax/disruptor/3.4.2/disruptor-3.4.2.jar:/home/user/.m2/repository/org/apache/commons/commons-pool2/2.6.0/commons-pool2-2.6.0.jar:/home/user/.m2/repository/org/bouncycastle/bcpkix-jdk15on/1.60/bcpkix-jdk15on-1.60.jar:/home/user/.m2/repository/commons-validator/commons-validator/1.6/commons-validator-1.6.jar:/home/user/.m2/repository/commons-digester/commons-digester/1.8.1/commons-digester-1.8.1.jar:/home/user/.m2/repository/io/jaegertracing/jaeger-client/0.34.0/jaeger-client-0.34.0.jar:/home/user/.m2/repository/io/jaegertracing/jaeger-thrift/0.34.0/jaeger-thrift-0.34.0.jar:/home/user/.m2/repository/org/apache/thrift/libthrift/0.12.0/libthrift-0.12.0.jar:/home/user/.m2/repository/com/squareup/okhttp3/okhttp/3.9.0/okhttp-3.9.0.jar:/home/user/.m2/repository/com/squareup/okio/okio/1.13.0/okio-1.13.0.jar:/home/user/.m2/repository/io/jaegertracing/jaeger-core/0.34.0/jaeger-core-0.34.0.jar:/home/user/.m2/repository/io/jaegertracing/jaeger-tracerresolver/0.34.0/jaeger-tracerresolver-0.34.0.jar:/home/user/.m2/repository/io/opentracing/contrib/opentracing-tracerresolver/0.1.5/opentracing-tracerresolver-0.1.5.jar:/home/user/.m2/repository/io/opentracing/opentracing-util/0.31.0/opentracing-util-0.31.0.jar:/home/user/.m2/repository/io/opentracing/opentracing-api/0.31.0/opentracing-api-0.31.0.jar:/home/user/.m2/repository/io/opentracing/opentracing-noop/0.31.0/opentracing-noop-0.31.0.jar:/home/user/.m2/repository/org/apache/hadoop/hadoop-hdds-server-framework/0.5.0-SNAPSHOT/hadoop-hdds-server-framework-0.5.0-SNAPSHOT.jar:/home/user/.m2/repository/org/apache/hadoop/hadoop-hdds-container-service/0.5.0-SNAPSHOT/hadoop-hdds-container-service-0.5.0-SNAPSHOT.jar:/home/user/.m2/repository/org/apache/hadoop/hadoop-hdds-client/0.5.0-SNAPSHOT/hadoop-hdds-client-0.5.0-SNAPSHOT.jar:/home/user/.m2/repository/org/apache/hadoop/hadoop-hdds-tools/0.5.0-SNAPSHOT/hadoop-hdds-tools-0.5.0-SNAPSHOT.jar:/home/user/.m2/repository/org/apache/hadoop/hadoop-hdds-server-scm/0.5.0-SNAPSHOT/hadoop-hdds-server-scm-0.5.0-SNAPSHOT.jar:/home/user/.m2/repository/org/apache/hadoop/hadoop-hdds-docs/0.5.0-SNAPSHOT/hadoop-hdds-docs-0.5.0-SNAPSHOT.jar:/home/user/.m2/repository/io/dropwizard/metrics/metrics-core/3.2.4/metrics-core-3.2.4.jar:/home/user/.m2/repository/org/hamcrest/hamcrest-all/1.3/hamcrest-all-1.3.jar:/home/user/.m2/repository/org/bouncycastle/bcprov-jdk15on/1.60/bcprov-jdk15on-1.60.jar:/home/user/.m2/repository/info/picocli/picocli/3.9.6/picocli-3.9.6.jar:/home/user/.m2/repository/com/google/protobuf/protobuf-java/2.5.0/protobuf-java-2.5.0.jar:/home/user/.m2/repository/com/google/guava/guava/11.0.2/guava-11.0.2.jar:/home/user/.m2/repository/org/apache/hadoop/hadoop-ozone-ozone-manager/0.5.0-SNAPSHOT/hadoop-ozone-ozone-manager-0.5.0-SNAPSHOT.jar:/home/user/.m2/repository/org/apache/hadoop/hadoop-minikdc/3.2.0/hadoop-minikdc-3.2.0.jar:/home/user/.m2/repository/commons-io/commons-io/2.5/commons-io-2.5.jar:/home/user/.m2/repository/org/apache/kerby/kerb-simplekdc/1.0.1/kerb-simplekdc-1.0.1.jar:/home/user/.m2/repository/org/apache/kerby/kerb-client/1.0.1/kerb-client-1.0.1.jar:/home/user/.m2/repository/org/apache/kerby/kerby-config/1.0.1/kerby-config-1.0.1.jar:/home/user/.m2/repository/org/apache/kerby/kerb-core/1.0.1/kerb-core-1.0.1.jar:/home/user/.m2/repository/org/apache/kerby/kerby-pkix/1.0.1/kerby-pkix-1.0.1.jar:/home/user/.m2/repository/org/apache/kerby/kerby-asn1/1.0.1/kerby-asn1-1.0.1.jar:/home/user/.m2/repository/org/apache/kerby/kerby-util/1.0.1/kerby-util-1.0.1.jar:/home/user/.m2/repository/org/apache/kerby/kerb-common/1.0.1/kerb-common-1.0.1.jar:/home/user/.m2/repository/org/apache/kerby/kerb-crypto/1.0.1/kerb-crypto-1.0.1.jar:/home/user/.m2/repository/org/apache/kerby/kerb-util/1.0.1/kerb-util-1.0.1.jar:/home/user/.m2/repository/org/apache/kerby/token-provider/1.0.1/token-provider-1.0.1.jar:/home/user/.m2/repository/org/apache/kerby/kerb-admin/1.0.1/kerb-admin-1.0.1.jar:/home/user/.m2/repository/org/apache/kerby/kerb-server/1.0.1/kerb-server-1.0.1.jar:/home/user/.m2/repository/org/apache/kerby/kerb-identity/1.0.1/kerb-identity-1.0.1.jar:/home/user/.m2/repository/org/apache/kerby/kerby-xdr/1.0.1/kerby-xdr-1.0.1.jar:/home/user/.m2/repository/org/slf4j/slf4j-log4j12/1.7.25/slf4j-log4j12-1.7.25.jar:/home/user/.m2/repository/org/apache/hadoop/hadoop-ozone-s3gateway/0.5.0-SNAPSHOT/hadoop-ozone-s3gateway-0.5.0-SNAPSHOT.jar:/home/user/.m2/repository/org/jboss/weld/servlet/weld-servlet/2.4.7.Final/weld-servlet-2.4.7.Final.jar:/home/user/.m2/repository/org/glassfish/jersey/containers/jersey-container-servlet-core/2.27/jersey-container-servlet-core-2.27.jar:/home/user/.m2/repository/org/glassfish/hk2/external/javax.inject/2.5.0-b42/javax.inject-2.5.0-b42.jar:/home/user/.m2/repository/org/glassfish/jersey/core/jersey-common/2.27/jersey-common-2.27.jar:/home/user/.m2/repository/org/glassfish/hk2/osgi-resource-locator/1.0.1/osgi-resource-locator-1.0.1.jar:/home/user/.m2/repository/javax/ws/rs/javax.ws.rs-api/2.1/javax.ws.rs-api-2.1.jar:/home/user/.m2/repository/org/glassfish/jersey/ext/cdi/jersey-cdi1x/2.27/jersey-cdi1x-2.27.jar:/home/user/.m2/repository/org/glassfish/jersey/inject/jersey-hk2/2.27/jersey-hk2-2.27.jar:/home/user/.m2/repository/org/glassfish/hk2/hk2-locator/2.5.0-b42/hk2-locator-2.5.0-b42.jar:/home/user/.m2/repository/org/javassist/javassist/3.22.0-CR2/javassist-3.22.0-CR2.jar:/home/user/.m2/repository/org/glassfish/hk2/hk2-api/2.5.0/hk2-api-2.5.0.jar:/home/user/.m2/repository/org/glassfish/hk2/external/jakarta.inject/2.5.0/jakarta.inject-2.5.0.jar:/home/user/.m2/repository/org/glassfish/hk2/hk2-utils/2.5.0/hk2-utils-2.5.0.jar:/home/user/.m2/repository/jakarta/annotation/jakarta.annotation-api/1.3.4/jakarta.annotation-api-1.3.4.jar:/home/user/.m2/repository/org/glassfish/hk2/external/aopalliance-repackaged/2.5.0/aopalliance-repackaged-2.5.0.jar:/home/user/.m2/repository/com/fasterxml/jackson/dataformat/jackson-dataformat-xml/2.9.0/jackson-dataformat-xml-2.9.0.jar:/home/user/.m2/repository/com/fasterxml/jackson/core/jackson-core/2.9.9/jackson-core-2.9.9.jar:/home/user/.m2/repository/com/fasterxml/jackson/module/jackson-module-jaxb-annotations/2.9.9/jackson-module-jaxb-annotations-2.9.9.jar:/home/user/.m2/repository/javax/enterprise/cdi-api/1.2/cdi-api-1.2.jar:/home/user/.m2/repository/javax/el/javax.el-api/3.0.0/javax.el-api-3.0.0.jar:/home/user/.m2/repository/javax/interceptor/javax.interceptor-api/1.2/javax.interceptor-api-1.2.jar:/home/user/.m2/repository/javax/inject/javax.inject/1/javax.inject-1.jar:/home/user/.m2/repository/com/sun/xml/bind/jaxb-impl/2.3.0.1/jaxb-impl-2.3.0.1.jar:/home/user/.m2/repository/com/sun/xml/bind/jaxb-core/2.3.0.1/jaxb-core-2.3.0.1.jar:/home/user/.m2/repository/javax/xml/bind/jaxb-api/2.3.0/jaxb-api-2.3.0.jar:/home/user/.m2/repository/javax/activation/activation/1.1.1/activation-1.1.1.jar:/home/user/.m2/repository/org/apache/hadoop/hadoop-ozone-csi/0.5.0-SNAPSHOT/hadoop-ozone-csi-0.5.0-SNAPSHOT.jar:/home/user/.m2/repository/com/google/protobuf/protobuf-java-util/3.5.1/protobuf-java-util-3.5.1.jar:/home/user/.m2/repository/org/apache/hadoop/hadoop-hdds-config/0.5.0-SNAPSHOT/hadoop-hdds-config-0.5.0-SNAPSHOT.jar:/home/user/.m2/repository/io/grpc/grpc-netty/1.17.1/grpc-netty-1.17.1.jar:/home/user/.m2/repository/io/grpc/grpc-core/1.17.1/grpc-core-1.17.1.jar:/home/user/.m2/repository/io/grpc/grpc-context/1.17.1/grpc-context-1.17.1.jar:/home/user/.m2/repository/com/google/errorprone/error_prone_annotations/2.2.0/error_prone_annotations-2.2.0.jar:/home/user/.m2/repository/org/codehaus/mojo/animal-sniffer-annotations/1.17/animal-sniffer-annotations-1.17.jar:/home/user/.m2/repository/io/opencensus/opencensus-api/0.17.0/opencensus-api-0.17.0.jar:/home/user/.m2/repository/io/opencensus/opencensus-contrib-grpc-metrics/0.17.0/opencensus-contrib-grpc-metrics-0.17.0.jar:/home/user/.m2/repository/io/netty/netty-codec-http2/4.1.30.Final/netty-codec-http2-4.1.30.Final.jar:/home/user/.m2/repository/io/netty/netty-codec-http/4.1.30.Final/netty-codec-http-4.1.30.Final.jar:/home/user/.m2/repository/io/netty/netty-codec/4.1.30.Final/netty-codec-4.1.30.Final.jar:/home/user/.m2/repository/io/netty/netty-handler/4.1.30.Final/netty-handler-4.1.30.Final.jar:/home/user/.m2/repository/io/netty/netty-handler-proxy/4.1.30.Final/netty-handler-proxy-4.1.30.Final.jar:/home/user/.m2/repository/io/netty/netty-codec-socks/4.1.30.Final/netty-codec-socks-4.1.30.Final.jar:/home/user/.m2/repository/io/netty/netty-transport-native-epoll/4.1.30.Final/netty-transport-native-epoll-4.1.30.Final.jar:/home/user/.m2/repository/io/netty/netty-common/4.1.30.Final/netty-common-4.1.30.Final.jar:/home/user/.m2/repository/io/netty/netty-buffer/4.1.30.Final/netty-buffer-4.1.30.Final.jar:/home/user/.m2/repository/io/netty/netty-transport/4.1.30.Final/netty-transport-4.1.30.Final.jar:/home/user/.m2/repository/io/netty/netty-resolver/4.1.30.Final/netty-resolver-4.1.30.Final.jar:/home/user/.m2/repository/io/netty/netty-transport-native-unix-common/4.1.30.Final/netty-transport-native-unix-common-4.1.30.Final.jar:/home/user/.m2/repository/io/grpc/grpc-protobuf/1.17.1/grpc-protobuf-1.17.1.jar:/home/user/.m2/repository/com/google/api/grpc/proto-google-common-protos/1.0.0/proto-google-common-protos-1.0.0.jar:/home/user/.m2/repository/io/grpc/grpc-protobuf-lite/1.17.1/grpc-protobuf-lite-1.17.1.jar:/home/user/.m2/repository/io/grpc/grpc-stub/1.17.1/grpc-stub-1.17.1.jar:/home/user/.m2/repository/org/apache/hadoop/hadoop-ozone-recon/0.5.0-SNAPSHOT/hadoop-ozone-recon-0.5.0-SNAPSHOT.jar:/home/user/.m2/repository/org/apache/hadoop/hadoop-ozone-reconcodegen/0.5.0-SNAPSHOT/hadoop-ozone-reconcodegen-0.5.0-SNAPSHOT.jar:/home/user/.m2/repository/com/google/inject/extensions/guice-multibindings/4.0/guice-multibindings-4.0.jar:/home/user/.m2/repository/com/google/inject/guice/4.0/guice-4.0.jar:/home/user/.m2/repository/aopalliance/aopalliance/1.0/aopalliance-1.0.jar:/home/user/.m2/repository/com/google/inject/extensions/guice-servlet/4.0/guice-servlet-4.0.jar:/home/user/.m2/repository/org/glassfish/jersey/containers/jersey-container-servlet/2.27/jersey-container-servlet-2.27.jar:/home/user/.m2/repository/org/glassfish/hk2/guice-bridge/2.5.0/guice-bridge-2.5.0.jar:/home/user/.m2/repository/org/glassfish/jersey/core/jersey-server/2.27/jersey-server-2.27.jar:/home/user/.m2/repository/org/glassfish/jersey/core/jersey-client/2.27/jersey-client-2.27.jar:/home/user/.m2/repository/org/glassfish/jersey/media/jersey-media-jaxb/2.27/jersey-media-jaxb-2.27.jar:/home/user/.m2/repository/javax/validation/validation-api/1.1.0.Final/validation-api-1.1.0.Final.jar:/home/user/.m2/repository/org/glassfish/jersey/media/jersey-media-json-jackson/2.27/jersey-media-json-jackson-2.27.jar:/home/user/.m2/repository/org/glassfish/jersey/ext/jersey-entity-filtering/2.27/jersey-entity-filtering-2.27.jar:/home/user/.m2/repository/com/google/inject/extensions/guice-assistedinject/4.0/guice-assistedinject-4.0.jar:/home/user/.m2/repository/org/jooq/jooq/3.11.10/jooq-3.11.10.jar:/home/user/.m2/repository/org/jooq/jooq-meta/3.11.10/jooq-meta-3.11.10.jar:/home/user/.m2/repository/org/jooq/jooq-codegen/3.11.10/jooq-codegen-3.11.10.jar:/home/user/.m2/repository/com/jolbox/bonecp/0.8.0.RELEASE/bonecp-0.8.0.RELEASE.jar:/home/user/.m2/repository/org/xerial/sqlite-jdbc/3.25.2/sqlite-jdbc-3.25.2.jar:/home/user/.m2/repository/org/springframework/spring-jdbc/5.1.3.RELEASE/spring-jdbc-5.1.3.RELEASE.jar:/home/user/.m2/repository/org/springframework/spring-beans/5.1.3.RELEASE/spring-beans-5.1.3.RELEASE.jar:/home/user/.m2/repository/org/springframework/spring-core/5.1.3.RELEASE/spring-core-5.1.3.RELEASE.jar:/home/user/.m2/repository/org/springframework/spring-jcl/5.1.3.RELEASE/spring-jcl-5.1.3.RELEASE.jar:/home/user/.m2/repository/org/springframework/spring-tx/5.1.3.RELEASE/spring-tx-5.1.3.RELEASE.jar:/home/user/.m2/repository/org/apache/hadoop/hadoop-ozone-client/0.5.0-SNAPSHOT/hadoop-ozone-client-0.5.0-SNAPSHOT.jar:/home/user/.m2/repository/commons-lang/commons-lang/2.6/commons-lang-2.6.jar:/home/user/.m2/repository/org/apache/hadoop/hadoop-ozone-ozone-manager/0.5.0-SNAPSHOT/hadoop-ozone-ozone-manager-0.5.0-SNAPSHOT-tests.jar:/home/user/.m2/repository/junit/junit/4.11/junit-4.11.jar:/home/user/.m2/repository/org/hamcrest/hamcrest-core/1.3/hamcrest-core-1.3.jar:/home/user/.m2/repository/org/openjdk/jmh/jmh-core/1.19/jmh-core-1.19.jar:/home/user/.m2/repository/net/sf/jopt-simple/jopt-simple/4.6/jopt-simple-4.6.jar:/home/user/.m2/repository/org/apache/commons/commons-math3/3.1.1/commons-math3-3.1.1.jar:/home/user/.m2/repository/org/openjdk/jmh/jmh-generator-annprocess/1.19/jmh-generator-annprocess-1.19.jar:/home/user/.m2/repository/org/mockito/mockito-all/1.8.5/mockito-all-1.8.5.jar:/home/user/.m2/repository/org/apache/hadoop/hadoop-kms/3.2.0/hadoop-kms-3.2.0.jar:/home/user/.m2/repository/org/apache/hadoop/hadoop-auth/3.2.0/hadoop-auth-3.2.0.jar:/home/user/.m2/repository/com/nimbusds/nimbus-jose-jwt/4.41.1/nimbus-jose-jwt-4.41.1.jar:/home/user/.m2/repository/com/github/stephenc/jcip/jcip-annotations/1.0-1/jcip-annotations-1.0-1.jar:/home/user/.m2/repository/net/minidev/json-smart/2.3/json-smart-2.3.jar:/home/user/.m2/repository/net/minidev/accessors-smart/1.2/accessors-smart-1.2.jar:/home/user/.m2/repository/org/ow2/asm/asm/5.0.4/asm-5.0.4.jar:/home/user/.m2/repository/org/apache/curator/curator-framework/2.12.0/curator-framework-2.12.0.jar:/home/user/.m2/repository/com/sun/jersey/jersey-core/1.19/jersey-core-1.19.jar:/home/user/.m2/repository/javax/ws/rs/jsr311-api/1.1.1/jsr311-api-1.1.1.jar:/home/user/.m2/repository/com/sun/jersey/jersey-server/1.19/jersey-server-1.19.jar:/home/user/.m2/repository/javax/servlet/javax.servlet-api/3.1.0/javax.servlet-api-3.1.0.jar:/home/user/.m2/repository/org/eclipse/jetty/jetty-server/9.3.25.v20180904/jetty-server-9.3.25.v20180904.jar:/home/user/.m2/repository/org/eclipse/jetty/jetty-http/9.3.25.v20180904/jetty-http-9.3.25.v20180904.jar:/home/user/.m2/repository/org/eclipse/jetty/jetty-io/9.3.25.v20180904/jetty-io-9.3.25.v20180904.jar:/home/user/.m2/repository/org/eclipse/jetty/jetty-webapp/9.3.25.v20180904/jetty-webapp-9.3.25.v20180904.jar:/home/user/.m2/repository/org/eclipse/jetty/jetty-xml/9.3.25.v20180904/jetty-xml-9.3.25.v20180904.jar:/home/user/.m2/repository/log4j/log4j/1.2.17/log4j-1.2.17.jar:/home/user/.m2/repository/org/slf4j/slf4j-api/1.7.25/slf4j-api-1.7.25.jar:/home/user/.m2/repository/org/slf4j/jul-to-slf4j/1.7.25/jul-to-slf4j-1.7.25.jar:/home/user/.m2/repository/org/eclipse/jetty/jetty-util/9.3.25.v20180904/jetty-util-9.3.25.v20180904.jar:/home/user/.m2/repository/com/fasterxml/jackson/core/jackson-databind/2.9.9/jackson-databind-2.9.9.jar:/home/user/.m2/repository/org/apache/hadoop/hadoop-kms/3.2.0/hadoop-kms-3.2.0-tests.jar:/home/user/.m2/repository/org/apache/hadoop/hadoop-hdds-server-scm/0.5.0-SNAPSHOT/hadoop-hdds-server-scm-0.5.0-SNAPSHOT-tests.jar:/home/user/.m2/repository/org/apache/hadoop/hadoop-hdds-container-service/0.5.0-SNAPSHOT/hadoop-hdds-container-service-0.5.0-SNAPSHOT-tests.jar:/home/user/.m2/repository/org/yaml/snakeyaml/1.16/snakeyaml-1.16.jar:/home/user/.m2/repository/org/apache/hadoop/hadoop-common/3.2.0/hadoop-common-3.2.0-tests.jar:/home/user/.m2/repository/org/apache/hadoop/hadoop-annotations/3.2.0/hadoop-annotations-3.2.0.jar:/usr/lib/jvm/java-1.8-openjdk/jre/../lib/tools.jar:/home/user/.m2/repository/commons-cli/commons-cli/1.2/commons-cli-1.2.jar:/home/user/.m2/repository/org/apache/httpcomponents/httpclient/4.5.2/httpclient-4.5.2.jar:/home/user/.m2/repository/org/apache/httpcomponents/httpcore/4.4.4/httpcore-4.4.4.jar:/home/user/.m2/repository/commons-codec/commons-codec/1.11/commons-codec-1.11.jar:/home/user/.m2/repository/commons-net/commons-net/3.6/commons-net-3.6.jar:/home/user/.m2/repository/commons-collections/commons-collections/3.2.2/commons-collections-3.2.2.jar:/home/user/.m2/repository/org/eclipse/jetty/jetty-servlet/9.3.25.v20180904/jetty-servlet-9.3.25.v20180904.jar:/home/user/.m2/repository/org/eclipse/jetty/jetty-security/9.3.25.v20180904/jetty-security-9.3.25.v20180904.jar:/home/user/.m2/repository/javax/servlet/jsp/jsp-api/2.1/jsp-api-2.1.jar:/home/user/.m2/repository/com/sun/jersey/jersey-servlet/1.19/jersey-servlet-1.19.jar:/home/user/.m2/repository/com/sun/jersey/jersey-json/1.19/jersey-json-1.19.jar:/home/user/.m2/repository/org/codehaus/jettison/jettison/1.1/jettison-1.1.jar:/home/user/.m2/repository/org/codehaus/jackson/jackson-core-asl/1.9.13/jackson-core-asl-1.9.13.jar:/home/user/.m2/repository/org/codehaus/jackson/jackson-mapper-asl/1.9.13/jackson-mapper-asl-1.9.13.jar:/home/user/.m2/repository/org/codehaus/jackson/jackson-jaxrs/1.9.13/jackson-jaxrs-1.9.13.jar:/home/user/.m2/repository/org/codehaus/jackson/jackson-xc/1.9.13/jackson-xc-1.9.13.jar:/home/user/.m2/repository/commons-logging/commons-logging/1.1.3/commons-logging-1.1.3.jar:/home/user/.m2/repository/commons-beanutils/commons-beanutils/1.9.4/commons-beanutils-1.9.4.jar:/home/user/.m2/repository/org/apache/commons/commons-configuration2/2.1.1/commons-configuration2-2.1.1.jar:/home/user/.m2/repository/org/apache/commons/commons-lang3/3.7/commons-lang3-3.7.jar:/home/user/.m2/repository/org/apache/commons/commons-text/1.4/commons-text-1.4.jar:/home/user/.m2/repository/org/apache/avro/avro/1.7.7/avro-1.7.7.jar:/home/user/.m2/repository/com/thoughtworks/paranamer/paranamer/2.3/paranamer-2.3.jar:/home/user/.m2/repository/org/xerial/snappy/snappy-java/1.0.5/snappy-java-1.0.5.jar:/home/user/.m2/repository/com/google/re2j/re2j/1.1/re2j-1.1.jar:/home/user/.m2/repository/com/google/code/gson/gson/2.2.4/gson-2.2.4.jar:/home/user/.m2/repository/com/jcraft/jsch/0.1.54/jsch-0.1.54.jar:/home/user/.m2/repository/org/apache/curator/curator-client/2.12.0/curator-client-2.12.0.jar:/home/user/.m2/repository/org/apache/curator/curator-recipes/2.12.0/curator-recipes-2.12.0.jar:/home/user/.m2/repository/com/google/code/findbugs/jsr305/3.0.0/jsr305-3.0.0.jar:/home/user/.m2/repository/org/apache/htrace/htrace-core4/4.1.0-incubating/htrace-core4-4.1.0-incubating.jar:/home/user/.m2/repository/org/apache/zookeeper/zookeeper/3.4.13/zookeeper-3.4.13.jar:/home/user/.m2/repository/jline/jline/0.9.94/jline-0.9.94.jar:/home/user/.m2/repository/org/apache/yetus/audience-annotations/0.5.0/audience-annotations-0.5.0.jar:/home/user/.m2/repository/org/codehaus/woodstox/stax2-api/3.1.4/stax2-api-3.1.4.jar:/home/user/.m2/repository/com/fasterxml/woodstox/woodstox-core/5.0.3/woodstox-core-5.0.3.jar:/home/user/.m2/repository/dnsjava/dnsjava/2.1.7/dnsjava-2.1.7.jar:/home/user/.m2/repository/org/apache/hadoop/hadoop-hdfs/3.2.0/hadoop-hdfs-3.2.0-tests.jar:/home/user/.m2/repository/org/eclipse/jetty/jetty-util-ajax/9.3.25.v20180904/jetty-util-ajax-9.3.25.v20180904.jar:/home/user/.m2/repository/commons-daemon/commons-daemon/1.0.13/commons-daemon-1.0.13.jar:/home/user/.m2/repository/io/netty/netty/3.10.5.Final/netty-3.10.5.Final.jar:/home/user/.m2/repository/io/netty/netty-all/4.0.52.Final/netty-all-4.0.52.Final.jar:/home/user/.m2/repository/org/fusesource/leveldbjni/leveldbjni-all/1.8/leveldbjni-all-1.8.jar:"/>
    <property name="java.vm.vendor" value="IcedTea"/>
    <property name="sun.arch.data.model" value="64"/>
    <property name="test.build.dir" value="/workdir/hadoop-ozone/integration-test/target/test-dir"/>
    <property name="test.cache.data" value=""/>
    <property name="java.vendor.url" value="https://icedtea.classpath.org"/>
    <property name="user.timezone" value=""/>
    <property name="java.vm.specification.version" value="1.8"/>
    <property name="os.name" value="Linux"/>
    <property name="test.build.data" value="/workdir/hadoop-ozone/integration-test/target/test-dir"/>
    <property name="user.country" value="US"/>
    <property name="sun.java.launcher" value="SUN_STANDARD"/>
    <property name="sun.boot.library.path" value="/usr/lib/jvm/java-1.8-openjdk/jre/lib/amd64"/>
    <property name="sun.java.command" value="/workdir/hadoop-ozone/integration-test/target/surefire/surefirebooter2887910573258280617.jar /workdir/hadoop-ozone/integration-test/target/surefire 2019-10-03T20-04-19_615-jvmRun1 surefire7005724987468221313tmp surefire_619150107559654495880tmp"/>
    <property name="test" value="!TestMiniChaosOzoneCluster"/>
    <property name="surefire.test.class.path" value="/workdir/hadoop-ozone/integration-test/target/test-classes:/workdir/hadoop-ozone/integration-test/target/classes:/home/user/.m2/repository/org/apache/hadoop/hadoop-ozone-common/0.5.0-SNAPSHOT/hadoop-ozone-common-0.5.0-SNAPSHOT.jar:/home/user/.m2/repository/org/apache/commons/commons-compress/1.4.1/commons-compress-1.4.1.jar:/home/user/.m2/repository/org/tukaani/xz/1.0/xz-1.0.jar:/home/user/.m2/repository/org/apache/hadoop/hadoop-common/3.2.0/hadoop-common-3.2.0.jar:/home/user/.m2/repository/org/apache/hadoop/hadoop-hdfs/3.2.0/hadoop-hdfs-3.2.0.jar:/home/user/.m2/repository/org/apache/hadoop/hadoop-hdfs-client/3.2.0/hadoop-hdfs-client-3.2.0.jar:/home/user/.m2/repository/com/fasterxml/jackson/core/jackson-annotations/2.9.9/jackson-annotations-2.9.9.jar:/home/user/.m2/repository/org/apache/hadoop/hadoop-hdds-common/0.5.0-SNAPSHOT/hadoop-hdds-common-0.5.0-SNAPSHOT.jar:/home/user/.m2/repository/javax/annotation/javax.annotation-api/1.2/javax.annotation-api-1.2.jar:/home/user/.m2/repository/org/apache/ratis/ratis-server/0.5.0-201fc85-SNAPSHOT/ratis-server-0.5.0-201fc85-SNAPSHOT.jar:/home/user/.m2/repository/org/apache/ratis/ratis-thirdparty-misc/0.2.0/ratis-thirdparty-misc-0.2.0.jar:/home/user/.m2/repository/org/apache/ratis/ratis-proto/0.5.0-201fc85-SNAPSHOT/ratis-proto-0.5.0-201fc85-SNAPSHOT.jar:/home/user/.m2/repository/org/apache/ratis/ratis-common/0.5.0-201fc85-SNAPSHOT/ratis-common-0.5.0-201fc85-SNAPSHOT.jar:/home/user/.m2/repository/org/apache/ratis/ratis-client/0.5.0-201fc85-SNAPSHOT/ratis-client-0.5.0-201fc85-SNAPSHOT.jar:/home/user/.m2/repository/org/apache/ratis/ratis-metrics/0.5.0-201fc85-SNAPSHOT/ratis-metrics-0.5.0-201fc85-SNAPSHOT.jar:/home/user/.m2/repository/com/github/joshelser/dropwizard-metrics-hadoop-metrics2-reporter/0.1.2/dropwizard-metrics-hadoop-metrics2-reporter-0.1.2.jar:/home/user/.m2/repository/io/dropwizard/metrics/metrics-jvm/3.2.5/metrics-jvm-3.2.5.jar:/home/user/.m2/repository/io/dropwizard/metrics/metrics-ganglia/3.2.5/metrics-ganglia-3.2.5.jar:/home/user/.m2/repository/info/ganglia/gmetric4j/gmetric4j/1.0.7/gmetric4j-1.0.7.jar:/home/user/.m2/repository/org/apache/ratis/ratis-netty/0.5.0-201fc85-SNAPSHOT/ratis-netty-0.5.0-201fc85-SNAPSHOT.jar:/home/user/.m2/repository/org/apache/ratis/ratis-grpc/0.5.0-201fc85-SNAPSHOT/ratis-grpc-0.5.0-201fc85-SNAPSHOT.jar:/home/user/.m2/repository/org/rocksdb/rocksdbjni/6.0.1/rocksdbjni-6.0.1.jar:/home/user/.m2/repository/org/apache/logging/log4j/log4j-api/2.11.0/log4j-api-2.11.0.jar:/home/user/.m2/repository/org/apache/logging/log4j/log4j-core/2.11.0/log4j-core-2.11.0.jar:/home/user/.m2/repository/com/lmax/disruptor/3.4.2/disruptor-3.4.2.jar:/home/user/.m2/repository/org/apache/commons/commons-pool2/2.6.0/commons-pool2-2.6.0.jar:/home/user/.m2/repository/org/bouncycastle/bcpkix-jdk15on/1.60/bcpkix-jdk15on-1.60.jar:/home/user/.m2/repository/commons-validator/commons-validator/1.6/commons-validator-1.6.jar:/home/user/.m2/repository/commons-digester/commons-digester/1.8.1/commons-digester-1.8.1.jar:/home/user/.m2/repository/io/jaegertracing/jaeger-client/0.34.0/jaeger-client-0.34.0.jar:/home/user/.m2/repository/io/jaegertracing/jaeger-thrift/0.34.0/jaeger-thrift-0.34.0.jar:/home/user/.m2/repository/org/apache/thrift/libthrift/0.12.0/libthrift-0.12.0.jar:/home/user/.m2/repository/com/squareup/okhttp3/okhttp/3.9.0/okhttp-3.9.0.jar:/home/user/.m2/repository/com/squareup/okio/okio/1.13.0/okio-1.13.0.jar:/home/user/.m2/repository/io/jaegertracing/jaeger-core/0.34.0/jaeger-core-0.34.0.jar:/home/user/.m2/repository/io/jaegertracing/jaeger-tracerresolver/0.34.0/jaeger-tracerresolver-0.34.0.jar:/home/user/.m2/repository/io/opentracing/contrib/opentracing-tracerresolver/0.1.5/opentracing-tracerresolver-0.1.5.jar:/home/user/.m2/repository/io/opentracing/opentracing-util/0.31.0/opentracing-util-0.31.0.jar:/home/user/.m2/repository/io/opentracing/opentracing-api/0.31.0/opentracing-api-0.31.0.jar:/home/user/.m2/repository/io/opentracing/opentracing-noop/0.31.0/opentracing-noop-0.31.0.jar:/home/user/.m2/repository/org/apache/hadoop/hadoop-hdds-server-framework/0.5.0-SNAPSHOT/hadoop-hdds-server-framework-0.5.0-SNAPSHOT.jar:/home/user/.m2/repository/org/apache/hadoop/hadoop-hdds-container-service/0.5.0-SNAPSHOT/hadoop-hdds-container-service-0.5.0-SNAPSHOT.jar:/home/user/.m2/repository/org/apache/hadoop/hadoop-hdds-client/0.5.0-SNAPSHOT/hadoop-hdds-client-0.5.0-SNAPSHOT.jar:/home/user/.m2/repository/org/apache/hadoop/hadoop-hdds-tools/0.5.0-SNAPSHOT/hadoop-hdds-tools-0.5.0-SNAPSHOT.jar:/home/user/.m2/repository/org/apache/hadoop/hadoop-hdds-server-scm/0.5.0-SNAPSHOT/hadoop-hdds-server-scm-0.5.0-SNAPSHOT.jar:/home/user/.m2/repository/org/apache/hadoop/hadoop-hdds-docs/0.5.0-SNAPSHOT/hadoop-hdds-docs-0.5.0-SNAPSHOT.jar:/home/user/.m2/repository/io/dropwizard/metrics/metrics-core/3.2.4/metrics-core-3.2.4.jar:/home/user/.m2/repository/org/hamcrest/hamcrest-all/1.3/hamcrest-all-1.3.jar:/home/user/.m2/repository/org/bouncycastle/bcprov-jdk15on/1.60/bcprov-jdk15on-1.60.jar:/home/user/.m2/repository/info/picocli/picocli/3.9.6/picocli-3.9.6.jar:/home/user/.m2/repository/com/google/protobuf/protobuf-java/2.5.0/protobuf-java-2.5.0.jar:/home/user/.m2/repository/com/google/guava/guava/11.0.2/guava-11.0.2.jar:/home/user/.m2/repository/org/apache/hadoop/hadoop-ozone-ozone-manager/0.5.0-SNAPSHOT/hadoop-ozone-ozone-manager-0.5.0-SNAPSHOT.jar:/home/user/.m2/repository/org/apache/hadoop/hadoop-minikdc/3.2.0/hadoop-minikdc-3.2.0.jar:/home/user/.m2/repository/commons-io/commons-io/2.5/commons-io-2.5.jar:/home/user/.m2/repository/org/apache/kerby/kerb-simplekdc/1.0.1/kerb-simplekdc-1.0.1.jar:/home/user/.m2/repository/org/apache/kerby/kerb-client/1.0.1/kerb-client-1.0.1.jar:/home/user/.m2/repository/org/apache/kerby/kerby-config/1.0.1/kerby-config-1.0.1.jar:/home/user/.m2/repository/org/apache/kerby/kerb-core/1.0.1/kerb-core-1.0.1.jar:/home/user/.m2/repository/org/apache/kerby/kerby-pkix/1.0.1/kerby-pkix-1.0.1.jar:/home/user/.m2/repository/org/apache/kerby/kerby-asn1/1.0.1/kerby-asn1-1.0.1.jar:/home/user/.m2/repository/org/apache/kerby/kerby-util/1.0.1/kerby-util-1.0.1.jar:/home/user/.m2/repository/org/apache/kerby/kerb-common/1.0.1/kerb-common-1.0.1.jar:/home/user/.m2/repository/org/apache/kerby/kerb-crypto/1.0.1/kerb-crypto-1.0.1.jar:/home/user/.m2/repository/org/apache/kerby/kerb-util/1.0.1/kerb-util-1.0.1.jar:/home/user/.m2/repository/org/apache/kerby/token-provider/1.0.1/token-provider-1.0.1.jar:/home/user/.m2/repository/org/apache/kerby/kerb-admin/1.0.1/kerb-admin-1.0.1.jar:/home/user/.m2/repository/org/apache/kerby/kerb-server/1.0.1/kerb-server-1.0.1.jar:/home/user/.m2/repository/org/apache/kerby/kerb-identity/1.0.1/kerb-identity-1.0.1.jar:/home/user/.m2/repository/org/apache/kerby/kerby-xdr/1.0.1/kerby-xdr-1.0.1.jar:/home/user/.m2/repository/org/slf4j/slf4j-log4j12/1.7.25/slf4j-log4j12-1.7.25.jar:/home/user/.m2/repository/org/apache/hadoop/hadoop-ozone-s3gateway/0.5.0-SNAPSHOT/hadoop-ozone-s3gateway-0.5.0-SNAPSHOT.jar:/home/user/.m2/repository/org/jboss/weld/servlet/weld-servlet/2.4.7.Final/weld-servlet-2.4.7.Final.jar:/home/user/.m2/repository/org/glassfish/jersey/containers/jersey-container-servlet-core/2.27/jersey-container-servlet-core-2.27.jar:/home/user/.m2/repository/org/glassfish/hk2/external/javax.inject/2.5.0-b42/javax.inject-2.5.0-b42.jar:/home/user/.m2/repository/org/glassfish/jersey/core/jersey-common/2.27/jersey-common-2.27.jar:/home/user/.m2/repository/org/glassfish/hk2/osgi-resource-locator/1.0.1/osgi-resource-locator-1.0.1.jar:/home/user/.m2/repository/javax/ws/rs/javax.ws.rs-api/2.1/javax.ws.rs-api-2.1.jar:/home/user/.m2/repository/org/glassfish/jersey/ext/cdi/jersey-cdi1x/2.27/jersey-cdi1x-2.27.jar:/home/user/.m2/repository/org/glassfish/jersey/inject/jersey-hk2/2.27/jersey-hk2-2.27.jar:/home/user/.m2/repository/org/glassfish/hk2/hk2-locator/2.5.0-b42/hk2-locator-2.5.0-b42.jar:/home/user/.m2/repository/org/javassist/javassist/3.22.0-CR2/javassist-3.22.0-CR2.jar:/home/user/.m2/repository/org/glassfish/hk2/hk2-api/2.5.0/hk2-api-2.5.0.jar:/home/user/.m2/repository/org/glassfish/hk2/external/jakarta.inject/2.5.0/jakarta.inject-2.5.0.jar:/home/user/.m2/repository/org/glassfish/hk2/hk2-utils/2.5.0/hk2-utils-2.5.0.jar:/home/user/.m2/repository/jakarta/annotation/jakarta.annotation-api/1.3.4/jakarta.annotation-api-1.3.4.jar:/home/user/.m2/repository/org/glassfish/hk2/external/aopalliance-repackaged/2.5.0/aopalliance-repackaged-2.5.0.jar:/home/user/.m2/repository/com/fasterxml/jackson/dataformat/jackson-dataformat-xml/2.9.0/jackson-dataformat-xml-2.9.0.jar:/home/user/.m2/repository/com/fasterxml/jackson/core/jackson-core/2.9.9/jackson-core-2.9.9.jar:/home/user/.m2/repository/com/fasterxml/jackson/module/jackson-module-jaxb-annotations/2.9.9/jackson-module-jaxb-annotations-2.9.9.jar:/home/user/.m2/repository/javax/enterprise/cdi-api/1.2/cdi-api-1.2.jar:/home/user/.m2/repository/javax/el/javax.el-api/3.0.0/javax.el-api-3.0.0.jar:/home/user/.m2/repository/javax/interceptor/javax.interceptor-api/1.2/javax.interceptor-api-1.2.jar:/home/user/.m2/repository/javax/inject/javax.inject/1/javax.inject-1.jar:/home/user/.m2/repository/com/sun/xml/bind/jaxb-impl/2.3.0.1/jaxb-impl-2.3.0.1.jar:/home/user/.m2/repository/com/sun/xml/bind/jaxb-core/2.3.0.1/jaxb-core-2.3.0.1.jar:/home/user/.m2/repository/javax/xml/bind/jaxb-api/2.3.0/jaxb-api-2.3.0.jar:/home/user/.m2/repository/javax/activation/activation/1.1.1/activation-1.1.1.jar:/home/user/.m2/repository/org/apache/hadoop/hadoop-ozone-csi/0.5.0-SNAPSHOT/hadoop-ozone-csi-0.5.0-SNAPSHOT.jar:/home/user/.m2/repository/com/google/protobuf/protobuf-java-util/3.5.1/protobuf-java-util-3.5.1.jar:/home/user/.m2/repository/org/apache/hadoop/hadoop-hdds-config/0.5.0-SNAPSHOT/hadoop-hdds-config-0.5.0-SNAPSHOT.jar:/home/user/.m2/repository/io/grpc/grpc-netty/1.17.1/grpc-netty-1.17.1.jar:/home/user/.m2/repository/io/grpc/grpc-core/1.17.1/grpc-core-1.17.1.jar:/home/user/.m2/repository/io/grpc/grpc-context/1.17.1/grpc-context-1.17.1.jar:/home/user/.m2/repository/com/google/errorprone/error_prone_annotations/2.2.0/error_prone_annotations-2.2.0.jar:/home/user/.m2/repository/org/codehaus/mojo/animal-sniffer-annotations/1.17/animal-sniffer-annotations-1.17.jar:/home/user/.m2/repository/io/opencensus/opencensus-api/0.17.0/opencensus-api-0.17.0.jar:/home/user/.m2/repository/io/opencensus/opencensus-contrib-grpc-metrics/0.17.0/opencensus-contrib-grpc-metrics-0.17.0.jar:/home/user/.m2/repository/io/netty/netty-codec-http2/4.1.30.Final/netty-codec-http2-4.1.30.Final.jar:/home/user/.m2/repository/io/netty/netty-codec-http/4.1.30.Final/netty-codec-http-4.1.30.Final.jar:/home/user/.m2/repository/io/netty/netty-codec/4.1.30.Final/netty-codec-4.1.30.Final.jar:/home/user/.m2/repository/io/netty/netty-handler/4.1.30.Final/netty-handler-4.1.30.Final.jar:/home/user/.m2/repository/io/netty/netty-handler-proxy/4.1.30.Final/netty-handler-proxy-4.1.30.Final.jar:/home/user/.m2/repository/io/netty/netty-codec-socks/4.1.30.Final/netty-codec-socks-4.1.30.Final.jar:/home/user/.m2/repository/io/netty/netty-transport-native-epoll/4.1.30.Final/netty-transport-native-epoll-4.1.30.Final.jar:/home/user/.m2/repository/io/netty/netty-common/4.1.30.Final/netty-common-4.1.30.Final.jar:/home/user/.m2/repository/io/netty/netty-buffer/4.1.30.Final/netty-buffer-4.1.30.Final.jar:/home/user/.m2/repository/io/netty/netty-transport/4.1.30.Final/netty-transport-4.1.30.Final.jar:/home/user/.m2/repository/io/netty/netty-resolver/4.1.30.Final/netty-resolver-4.1.30.Final.jar:/home/user/.m2/repository/io/netty/netty-transport-native-unix-common/4.1.30.Final/netty-transport-native-unix-common-4.1.30.Final.jar:/home/user/.m2/repository/io/grpc/grpc-protobuf/1.17.1/grpc-protobuf-1.17.1.jar:/home/user/.m2/repository/com/google/api/grpc/proto-google-common-protos/1.0.0/proto-google-common-protos-1.0.0.jar:/home/user/.m2/repository/io/grpc/grpc-protobuf-lite/1.17.1/grpc-protobuf-lite-1.17.1.jar:/home/user/.m2/repository/io/grpc/grpc-stub/1.17.1/grpc-stub-1.17.1.jar:/home/user/.m2/repository/org/apache/hadoop/hadoop-ozone-recon/0.5.0-SNAPSHOT/hadoop-ozone-recon-0.5.0-SNAPSHOT.jar:/home/user/.m2/repository/org/apache/hadoop/hadoop-ozone-reconcodegen/0.5.0-SNAPSHOT/hadoop-ozone-reconcodegen-0.5.0-SNAPSHOT.jar:/home/user/.m2/repository/com/google/inject/extensions/guice-multibindings/4.0/guice-multibindings-4.0.jar:/home/user/.m2/repository/com/google/inject/guice/4.0/guice-4.0.jar:/home/user/.m2/repository/aopalliance/aopalliance/1.0/aopalliance-1.0.jar:/home/user/.m2/repository/com/google/inject/extensions/guice-servlet/4.0/guice-servlet-4.0.jar:/home/user/.m2/repository/org/glassfish/jersey/containers/jersey-container-servlet/2.27/jersey-container-servlet-2.27.jar:/home/user/.m2/repository/org/glassfish/hk2/guice-bridge/2.5.0/guice-bridge-2.5.0.jar:/home/user/.m2/repository/org/glassfish/jersey/core/jersey-server/2.27/jersey-server-2.27.jar:/home/user/.m2/repository/org/glassfish/jersey/core/jersey-client/2.27/jersey-client-2.27.jar:/home/user/.m2/repository/org/glassfish/jersey/media/jersey-media-jaxb/2.27/jersey-media-jaxb-2.27.jar:/home/user/.m2/repository/javax/validation/validation-api/1.1.0.Final/validation-api-1.1.0.Final.jar:/home/user/.m2/repository/org/glassfish/jersey/media/jersey-media-json-jackson/2.27/jersey-media-json-jackson-2.27.jar:/home/user/.m2/repository/org/glassfish/jersey/ext/jersey-entity-filtering/2.27/jersey-entity-filtering-2.27.jar:/home/user/.m2/repository/com/google/inject/extensions/guice-assistedinject/4.0/guice-assistedinject-4.0.jar:/home/user/.m2/repository/org/jooq/jooq/3.11.10/jooq-3.11.10.jar:/home/user/.m2/repository/org/jooq/jooq-meta/3.11.10/jooq-meta-3.11.10.jar:/home/user/.m2/repository/org/jooq/jooq-codegen/3.11.10/jooq-codegen-3.11.10.jar:/home/user/.m2/repository/com/jolbox/bonecp/0.8.0.RELEASE/bonecp-0.8.0.RELEASE.jar:/home/user/.m2/repository/org/xerial/sqlite-jdbc/3.25.2/sqlite-jdbc-3.25.2.jar:/home/user/.m2/repository/org/springframework/spring-jdbc/5.1.3.RELEASE/spring-jdbc-5.1.3.RELEASE.jar:/home/user/.m2/repository/org/springframework/spring-beans/5.1.3.RELEASE/spring-beans-5.1.3.RELEASE.jar:/home/user/.m2/repository/org/springframework/spring-core/5.1.3.RELEASE/spring-core-5.1.3.RELEASE.jar:/home/user/.m2/repository/org/springframework/spring-jcl/5.1.3.RELEASE/spring-jcl-5.1.3.RELEASE.jar:/home/user/.m2/repository/org/springframework/spring-tx/5.1.3.RELEASE/spring-tx-5.1.3.RELEASE.jar:/home/user/.m2/repository/org/apache/hadoop/hadoop-ozone-client/0.5.0-SNAPSHOT/hadoop-ozone-client-0.5.0-SNAPSHOT.jar:/home/user/.m2/repository/commons-lang/commons-lang/2.6/commons-lang-2.6.jar:/home/user/.m2/repository/org/apache/hadoop/hadoop-ozone-ozone-manager/0.5.0-SNAPSHOT/hadoop-ozone-ozone-manager-0.5.0-SNAPSHOT-tests.jar:/home/user/.m2/repository/junit/junit/4.11/junit-4.11.jar:/home/user/.m2/repository/org/hamcrest/hamcrest-core/1.3/hamcrest-core-1.3.jar:/home/user/.m2/repository/org/openjdk/jmh/jmh-core/1.19/jmh-core-1.19.jar:/home/user/.m2/repository/net/sf/jopt-simple/jopt-simple/4.6/jopt-simple-4.6.jar:/home/user/.m2/repository/org/apache/commons/commons-math3/3.1.1/commons-math3-3.1.1.jar:/home/user/.m2/repository/org/openjdk/jmh/jmh-generator-annprocess/1.19/jmh-generator-annprocess-1.19.jar:/home/user/.m2/repository/org/mockito/mockito-all/1.8.5/mockito-all-1.8.5.jar:/home/user/.m2/repository/org/apache/hadoop/hadoop-kms/3.2.0/hadoop-kms-3.2.0.jar:/home/user/.m2/repository/org/apache/hadoop/hadoop-auth/3.2.0/hadoop-auth-3.2.0.jar:/home/user/.m2/repository/com/nimbusds/nimbus-jose-jwt/4.41.1/nimbus-jose-jwt-4.41.1.jar:/home/user/.m2/repository/com/github/stephenc/jcip/jcip-annotations/1.0-1/jcip-annotations-1.0-1.jar:/home/user/.m2/repository/net/minidev/json-smart/2.3/json-smart-2.3.jar:/home/user/.m2/repository/net/minidev/accessors-smart/1.2/accessors-smart-1.2.jar:/home/user/.m2/repository/org/ow2/asm/asm/5.0.4/asm-5.0.4.jar:/home/user/.m2/repository/org/apache/curator/curator-framework/2.12.0/curator-framework-2.12.0.jar:/home/user/.m2/repository/com/sun/jersey/jersey-core/1.19/jersey-core-1.19.jar:/home/user/.m2/repository/javax/ws/rs/jsr311-api/1.1.1/jsr311-api-1.1.1.jar:/home/user/.m2/repository/com/sun/jersey/jersey-server/1.19/jersey-server-1.19.jar:/home/user/.m2/repository/javax/servlet/javax.servlet-api/3.1.0/javax.servlet-api-3.1.0.jar:/home/user/.m2/repository/org/eclipse/jetty/jetty-server/9.3.25.v20180904/jetty-server-9.3.25.v20180904.jar:/home/user/.m2/repository/org/eclipse/jetty/jetty-http/9.3.25.v20180904/jetty-http-9.3.25.v20180904.jar:/home/user/.m2/repository/org/eclipse/jetty/jetty-io/9.3.25.v20180904/jetty-io-9.3.25.v20180904.jar:/home/user/.m2/repository/org/eclipse/jetty/jetty-webapp/9.3.25.v20180904/jetty-webapp-9.3.25.v20180904.jar:/home/user/.m2/repository/org/eclipse/jetty/jetty-xml/9.3.25.v20180904/jetty-xml-9.3.25.v20180904.jar:/home/user/.m2/repository/log4j/log4j/1.2.17/log4j-1.2.17.jar:/home/user/.m2/repository/org/slf4j/slf4j-api/1.7.25/slf4j-api-1.7.25.jar:/home/user/.m2/repository/org/slf4j/jul-to-slf4j/1.7.25/jul-to-slf4j-1.7.25.jar:/home/user/.m2/repository/org/eclipse/jetty/jetty-util/9.3.25.v20180904/jetty-util-9.3.25.v20180904.jar:/home/user/.m2/repository/com/fasterxml/jackson/core/jackson-databind/2.9.9/jackson-databind-2.9.9.jar:/home/user/.m2/repository/org/apache/hadoop/hadoop-kms/3.2.0/hadoop-kms-3.2.0-tests.jar:/home/user/.m2/repository/org/apache/hadoop/hadoop-hdds-server-scm/0.5.0-SNAPSHOT/hadoop-hdds-server-scm-0.5.0-SNAPSHOT-tests.jar:/home/user/.m2/repository/org/apache/hadoop/hadoop-hdds-container-service/0.5.0-SNAPSHOT/hadoop-hdds-container-service-0.5.0-SNAPSHOT-tests.jar:/home/user/.m2/repository/org/yaml/snakeyaml/1.16/snakeyaml-1.16.jar:/home/user/.m2/repository/org/apache/hadoop/hadoop-common/3.2.0/hadoop-common-3.2.0-tests.jar:/home/user/.m2/repository/org/apache/hadoop/hadoop-annotations/3.2.0/hadoop-annotations-3.2.0.jar:/usr/lib/jvm/java-1.8-openjdk/jre/../lib/tools.jar:/home/user/.m2/repository/commons-cli/commons-cli/1.2/commons-cli-1.2.jar:/home/user/.m2/repository/org/apache/httpcomponents/httpclient/4.5.2/httpclient-4.5.2.jar:/home/user/.m2/repository/org/apache/httpcomponents/httpcore/4.4.4/httpcore-4.4.4.jar:/home/user/.m2/repository/commons-codec/commons-codec/1.11/commons-codec-1.11.jar:/home/user/.m2/repository/commons-net/commons-net/3.6/commons-net-3.6.jar:/home/user/.m2/repository/commons-collections/commons-collections/3.2.2/commons-collections-3.2.2.jar:/home/user/.m2/repository/org/eclipse/jetty/jetty-servlet/9.3.25.v20180904/jetty-servlet-9.3.25.v20180904.jar:/home/user/.m2/repository/org/eclipse/jetty/jetty-security/9.3.25.v20180904/jetty-security-9.3.25.v20180904.jar:/home/user/.m2/repository/javax/servlet/jsp/jsp-api/2.1/jsp-api-2.1.jar:/home/user/.m2/repository/com/sun/jersey/jersey-servlet/1.19/jersey-servlet-1.19.jar:/home/user/.m2/repository/com/sun/jersey/jersey-json/1.19/jersey-json-1.19.jar:/home/user/.m2/repository/org/codehaus/jettison/jettison/1.1/jettison-1.1.jar:/home/user/.m2/repository/org/codehaus/jackson/jackson-core-asl/1.9.13/jackson-core-asl-1.9.13.jar:/home/user/.m2/repository/org/codehaus/jackson/jackson-mapper-asl/1.9.13/jackson-mapper-asl-1.9.13.jar:/home/user/.m2/repository/org/codehaus/jackson/jackson-jaxrs/1.9.13/jackson-jaxrs-1.9.13.jar:/home/user/.m2/repository/org/codehaus/jackson/jackson-xc/1.9.13/jackson-xc-1.9.13.jar:/home/user/.m2/repository/commons-logging/commons-logging/1.1.3/commons-logging-1.1.3.jar:/home/user/.m2/repository/commons-beanutils/commons-beanutils/1.9.4/commons-beanutils-1.9.4.jar:/home/user/.m2/repository/org/apache/commons/commons-configuration2/2.1.1/commons-configuration2-2.1.1.jar:/home/user/.m2/repository/org/apache/commons/commons-lang3/3.7/commons-lang3-3.7.jar:/home/user/.m2/repository/org/apache/commons/commons-text/1.4/commons-text-1.4.jar:/home/user/.m2/repository/org/apache/avro/avro/1.7.7/avro-1.7.7.jar:/home/user/.m2/repository/com/thoughtworks/paranamer/paranamer/2.3/paranamer-2.3.jar:/home/user/.m2/repository/org/xerial/snappy/snappy-java/1.0.5/snappy-java-1.0.5.jar:/home/user/.m2/repository/com/google/re2j/re2j/1.1/re2j-1.1.jar:/home/user/.m2/repository/com/google/code/gson/gson/2.2.4/gson-2.2.4.jar:/home/user/.m2/repository/com/jcraft/jsch/0.1.54/jsch-0.1.54.jar:/home/user/.m2/repository/org/apache/curator/curator-client/2.12.0/curator-client-2.12.0.jar:/home/user/.m2/repository/org/apache/curator/curator-recipes/2.12.0/curator-recipes-2.12.0.jar:/home/user/.m2/repository/com/google/code/findbugs/jsr305/3.0.0/jsr305-3.0.0.jar:/home/user/.m2/repository/org/apache/htrace/htrace-core4/4.1.0-incubating/htrace-core4-4.1.0-incubating.jar:/home/user/.m2/repository/org/apache/zookeeper/zookeeper/3.4.13/zookeeper-3.4.13.jar:/home/user/.m2/repository/jline/jline/0.9.94/jline-0.9.94.jar:/home/user/.m2/repository/org/apache/yetus/audience-annotations/0.5.0/audience-annotations-0.5.0.jar:/home/user/.m2/repository/org/codehaus/woodstox/stax2-api/3.1.4/stax2-api-3.1.4.jar:/home/user/.m2/repository/com/fasterxml/woodstox/woodstox-core/5.0.3/woodstox-core-5.0.3.jar:/home/user/.m2/repository/dnsjava/dnsjava/2.1.7/dnsjava-2.1.7.jar:/home/user/.m2/repository/org/apache/hadoop/hadoop-hdfs/3.2.0/hadoop-hdfs-3.2.0-tests.jar:/home/user/.m2/repository/org/eclipse/jetty/jetty-util-ajax/9.3.25.v20180904/jetty-util-ajax-9.3.25.v20180904.jar:/home/user/.m2/repository/commons-daemon/commons-daemon/1.0.13/commons-daemon-1.0.13.jar:/home/user/.m2/repository/io/netty/netty/3.10.5.Final/netty-3.10.5.Final.jar:/home/user/.m2/repository/io/netty/netty-all/4.0.52.Final/netty-all-4.0.52.Final.jar:/home/user/.m2/repository/org/fusesource/leveldbjni/leveldbjni-all/1.8/leveldbjni-all-1.8.jar:"/>
    <property name="sun.cpu.endian" value="little"/>
    <property name="user.home" value="/home/user"/>
    <property name="user.language" value="en"/>
    <property name="java.specification.vendor" value="Oracle Corporation"/>
    <property name="java.home" value="/usr/lib/jvm/java-1.8-openjdk/jre"/>
    <property name="java.security.krb5.conf" value="/workdir/hadoop-ozone/integration-test/target/test-classes/krb5.conf"/>
    <property name="basedir" value="/workdir/hadoop-ozone/integration-test"/>
    <property name="file.separator" value="/"/>
    <property name="line.separator" value="&#10;"/>
    <property name="java.vm.specification.vendor" value="Oracle Corporation"/>
    <property name="java.specification.name" value="Java Platform API Specification"/>
    <property name="java.awt.graphicsenv" value="sun.awt.X11GraphicsEnvironment"/>
    <property name="surefire.real.class.path" value="/workdir/hadoop-ozone/integration-test/target/surefire/surefirebooter2887910573258280617.jar"/>
    <property name="hadoop.log.dir" value="/workdir/hadoop-ozone/integration-test/target/log"/>
    <property name="sun.boot.class.path" value="/usr/lib/jvm/java-1.8-openjdk/jre/lib/resources.jar:/usr/lib/jvm/java-1.8-openjdk/jre/lib/rt.jar:/usr/lib/jvm/java-1.8-openjdk/jre/lib/sunrsasign.jar:/usr/lib/jvm/java-1.8-openjdk/jre/lib/jsse.jar:/usr/lib/jvm/java-1.8-openjdk/jre/lib/jce.jar:/usr/lib/jvm/java-1.8-openjdk/jre/lib/charsets.jar:/usr/lib/jvm/java-1.8-openjdk/jre/lib/jfr.jar:/usr/lib/jvm/java-1.8-openjdk/jre/classes"/>
    <property name="sun.management.compiler" value="HotSpot 64-Bit Tiered Compilers"/>
    <property name="java.runtime.version" value="1.8.0_212-b04"/>
    <property name="java.net.preferIPv4Stack" value="true"/>
    <property name="user.name" value="jenkins1000"/>
    <property name="path.separator" value=":"/>
    <property name="java.security.egd" value="file:///dev/urandom"/>
    <property name="os.version" value="3.10.0-957.12.2.el7.x86_64"/>
    <property name="java.endorsed.dirs" value="/usr/lib/jvm/java-1.8-openjdk/jre/lib/endorsed"/>
    <property name="java.runtime.name" value="OpenJDK Runtime Environment"/>
    <property name="file.encoding" value="UTF-8"/>
    <property name="java.vm.name" value="OpenJDK 64-Bit Server VM"/>
    <property name="test.build.webapps" value=""/>
    <property name="localRepository" value="/home/user/.m2/repository"/>
    <property name="java.vendor.url.bug" value="https://icedtea.classpath.org/bugzilla"/>
    <property name="java.io.tmpdir" value="/tmp"/>
    <property name="require.test.libhadoop" value=""/>
    <property name="java.version" value="1.8.0_212"/>
    <property name="user.dir" value="/workdir/hadoop-ozone/integration-test"/>
    <property name="os.arch" value="amd64"/>
    <property name="java.vm.specification.name" value="Java Virtual Machine Specification"/>
    <property name="test.build.classes" value="/workdir/hadoop-ozone/integration-test/target/test-classes"/>
    <property name="java.awt.printerjob" value="sun.print.PSPrinterJob"/>
    <property name="sun.os.patch.level" value="unknown"/>
    <property name="hadoop.tmp.dir" value="/workdir/hadoop-ozone/integration-test/target/tmp"/>
    <property name="java.library.path" value="/usr/lib/jvm/java-1.8-openjdk/jre/lib/amd64/server:/usr/lib/jvm/java-1.8-openjdk/jre/lib/amd64:/usr/lib/jvm/java-1.8-openjdk/jre/../lib/amd64:/workdir/hadoop-ozone/integration-test/target/native/target/usr/local/lib:/workdir/hadoop-ozone/integration-test/../../hadoop-common-project/hadoop-common/target/native/target/usr/local/lib:/usr/java/packages/lib/amd64:/usr/lib64:/lib64:/lib:/usr/lib"/>
    <property name="java.vm.info" value="mixed mode"/>
    <property name="java.vendor" value="IcedTea"/>
    <property name="java.vm.version" value="25.212-b04"/>
    <property name="java.ext.dirs" value="/usr/lib/jvm/java-1.8-openjdk/jre/lib/ext:/usr/java/packages/lib/ext"/>
    <property name="sun.io.unicode.encoding" value="UnicodeLittle"/>
    <property name="java.class.version" value="52.0"/>
  </properties>
  <testcase name="testWatchForCommitWithKeyWrite" classname="org.apache.hadoop.ozone.client.rpc.TestWatchForCommit" time="66.009"/>
  <testcase name="testWatchForCommitWithSmallerTimeoutValue" classname="org.apache.hadoop.ozone.client.rpc.TestWatchForCommit" time="43.927"/>
  <testcase name="testWatchForCommitForRetryfailure" classname="org.apache.hadoop.ozone.client.rpc.TestWatchForCommit" time="62.202">
    <failure type="java.lang.AssertionError">java.lang.AssertionError
	at org.junit.Assert.fail(Assert.java:86)
	at org.junit.Assert.assertTrue(Assert.java:41)
	at org.junit.Assert.assertTrue(Assert.java:52)
	at org.apache.hadoop.ozone.client.rpc.TestWatchForCommit.testWatchForCommitForRetryfailure(TestWatchForCommit.java:348)
	at sun.reflect.NativeMethodAccessorImpl.invoke0(Native Method)
	at sun.reflect.NativeMethodAccessorImpl.invoke(NativeMethodAccessorImpl.java:62)
	at sun.reflect.DelegatingMethodAccessorImpl.invoke(DelegatingMethodAccessorImpl.java:43)
	at java.lang.reflect.Method.invoke(Method.java:498)
	at org.junit.runners.model.FrameworkMethod$1.runReflectiveCall(FrameworkMethod.java:47)
	at org.junit.internal.runners.model.ReflectiveCallable.run(ReflectiveCallable.java:12)
	at org.junit.runners.model.FrameworkMethod.invokeExplosively(FrameworkMethod.java:44)
	at org.junit.internal.runners.statements.InvokeMethod.evaluate(InvokeMethod.java:17)
	at org.junit.runners.ParentRunner.runLeaf(ParentRunner.java:271)
	at org.junit.runners.BlockJUnit4ClassRunner.runChild(BlockJUnit4ClassRunner.java:70)
	at org.junit.runners.BlockJUnit4ClassRunner.runChild(BlockJUnit4ClassRunner.java:50)
	at org.junit.runners.ParentRunner$3.run(ParentRunner.java:238)
	at org.junit.runners.ParentRunner$1.schedule(ParentRunner.java:63)
	at org.junit.runners.ParentRunner.runChildren(ParentRunner.java:236)
	at org.junit.runners.ParentRunner.access$000(ParentRunner.java:53)
	at org.junit.runners.ParentRunner$2.evaluate(ParentRunner.java:229)
	at org.junit.runners.ParentRunner.run(ParentRunner.java:309)
	at org.apache.maven.surefire.junit4.JUnit4Provider.execute(JUnit4Provider.java:365)
	at org.apache.maven.surefire.junit4.JUnit4Provider.executeWithRerun(JUnit4Provider.java:273)
	at org.apache.maven.surefire.junit4.JUnit4Provider.executeTestSet(JUnit4Provider.java:238)
	at org.apache.maven.surefire.junit4.JUnit4Provider.invoke(JUnit4Provider.java:159)
	at org.apache.maven.surefire.booter.ForkedBooter.invokeProviderInSameClassLoader(ForkedBooter.java:384)
	at org.apache.maven.surefire.booter.ForkedBooter.runSuitesInProcess(ForkedBooter.java:345)
	at org.apache.maven.surefire.booter.ForkedBooter.execute(ForkedBooter.java:126)
	at org.apache.maven.surefire.booter.ForkedBooter.main(ForkedBooter.java:418)
</failure>
    <system-out><![CDATA[2019-10-03 21:11:06,253 [main] WARN  server.ServerUtils (ServerUtils.java:getScmDbDir(145)) - ozone.scm.db.dirs is not configured. We recommend adding this setting. Falling back to ozone.metadata.dirs instead.
2019-10-03 21:11:06,278 [main] WARN  server.ServerUtils (ServerUtils.java:getScmDbDir(145)) - ozone.scm.db.dirs is not configured. We recommend adding this setting. Falling back to ozone.metadata.dirs instead.
2019-10-03 21:11:06,279 [main] WARN  server.ServerUtils (ServerUtils.java:getScmDbDir(145)) - ozone.scm.db.dirs is not configured. We recommend adding this setting. Falling back to ozone.metadata.dirs instead.
2019-10-03 21:11:06,279 [main] INFO  db.DBStoreBuilder (DBStoreBuilder.java:addTable(110)) - using custom profile for table: deletedBlocks
2019-10-03 21:11:06,280 [main] INFO  db.DBStoreBuilder (DBStoreBuilder.java:processTables(161)) - Using default column profile:DBProfile.DISK for Table:deletedBlocks
2019-10-03 21:11:06,280 [main] INFO  db.DBStoreBuilder (DBStoreBuilder.java:addTable(110)) - using custom profile for table: validCerts
2019-10-03 21:11:06,280 [main] INFO  db.DBStoreBuilder (DBStoreBuilder.java:processTables(161)) - Using default column profile:DBProfile.DISK for Table:validCerts
2019-10-03 21:11:06,280 [main] INFO  db.DBStoreBuilder (DBStoreBuilder.java:addTable(110)) - using custom profile for table: revokedCerts
2019-10-03 21:11:06,281 [main] INFO  db.DBStoreBuilder (DBStoreBuilder.java:processTables(161)) - Using default column profile:DBProfile.DISK for Table:revokedCerts
2019-10-03 21:11:06,281 [main] INFO  db.DBStoreBuilder (DBStoreBuilder.java:addTable(110)) - using custom profile for table: default
2019-10-03 21:11:06,281 [main] INFO  db.DBStoreBuilder (DBStoreBuilder.java:processTables(167)) - Using default column profile:DBProfile.DISK for Table:default
2019-10-03 21:11:06,281 [main] INFO  db.DBStoreBuilder (DBStoreBuilder.java:getDbProfile(198)) - Using default options. DBProfile.DISK
2019-10-03 21:11:06,532 [main] INFO  net.NodeSchemaLoader (NodeSchemaLoader.java:loadSchemaFromFile(125)) - Loading file from sun.misc.CompoundEnumeration@67d32a54
2019-10-03 21:11:06,532 [main] INFO  net.NodeSchemaLoader (NodeSchemaLoader.java:loadSchema(171)) - Loading network topology layer schema file
2019-10-03 21:11:06,540 [main] WARN  server.ServerUtils (ServerUtils.java:sanitizeUserArgs(70)) - ozone.scm.stale.node.interval value = 300000 is larger than max = 100000 based on the key value of ozone.scm.heartbeat.thread.interval, reset to the max value 100000.
2019-10-03 21:11:06,540 [main] WARN  server.ServerUtils (ServerUtils.java:sanitizeUserArgs(70)) - ozone.scm.stale.node.interval value = 300000 is larger than max = 100000 based on the key value of ozone.scm.heartbeat.thread.interval, reset to the max value 100000.
2019-10-03 21:11:06,541 [main] INFO  node.SCMNodeManager (SCMNodeManager.java:<init>(114)) - Entering startup safe mode.
2019-10-03 21:11:06,542 [main] INFO  algorithms.ContainerPlacementPolicyFactory (ContainerPlacementPolicyFactory.java:getPolicy(57)) - Create container placement policy of type org.apache.hadoop.hdds.scm.container.placement.algorithms.SCMContainerPlacementRandom
2019-10-03 21:11:06,542 [main] WARN  server.ServerUtils (ServerUtils.java:getScmDbDir(145)) - ozone.scm.db.dirs is not configured. We recommend adding this setting. Falling back to ozone.metadata.dirs instead.
2019-10-03 21:11:06,645 [main] INFO  pipeline.SCMPipelineManager (SCMPipelineManager.java:initializePipelineState(132)) - No pipeline exists in current db
2019-10-03 21:11:06,645 [main] WARN  server.ServerUtils (ServerUtils.java:getScmDbDir(145)) - ozone.scm.db.dirs is not configured. We recommend adding this setting. Falling back to ozone.metadata.dirs instead.
2019-10-03 21:11:06,750 [main] WARN  events.EventQueue (EventQueue.java:fireEvent(183)) - No event handler registered for event TypedEvent{payloadType=SafeModeStatus, name='SafeModeStatus'}
2019-10-03 21:11:06,751 [main] INFO  ipc.CallQueueManager (CallQueueManager.java:<init>(84)) - Using callQueue: class java.util.concurrent.LinkedBlockingQueue, queueCapacity: 2000, scheduler: class org.apache.hadoop.ipc.DefaultRpcScheduler, ipcBackoff: false.
2019-10-03 21:11:06,752 [Socket Reader #1 for port 35366] INFO  ipc.Server (Server.java:run(1074)) - Starting Socket Reader #1 for port 35366
2019-10-03 21:11:06,755 [main] INFO  ipc.CallQueueManager (CallQueueManager.java:<init>(84)) - Using callQueue: class java.util.concurrent.LinkedBlockingQueue, queueCapacity: 2000, scheduler: class org.apache.hadoop.ipc.DefaultRpcScheduler, ipcBackoff: false.
2019-10-03 21:11:06,756 [Socket Reader #1 for port 36038] INFO  ipc.Server (Server.java:run(1074)) - Starting Socket Reader #1 for port 36038
2019-10-03 21:11:06,758 [main] INFO  ipc.CallQueueManager (CallQueueManager.java:<init>(84)) - Using callQueue: class java.util.concurrent.LinkedBlockingQueue, queueCapacity: 2000, scheduler: class org.apache.hadoop.ipc.DefaultRpcScheduler, ipcBackoff: false.
2019-10-03 21:11:06,759 [Socket Reader #1 for port 34680] INFO  ipc.Server (Server.java:run(1074)) - Starting Socket Reader #1 for port 34680
2019-10-03 21:11:06,764 [main] INFO  hdfs.DFSUtil (DFSUtil.java:httpServerTemplateForNNAndJN(1641)) - Starting Web-server for scm at: http://0.0.0.0:0
2019-10-03 21:11:06,767 [main] INFO  server.AuthenticationFilter (AuthenticationFilter.java:constructSecretProvider(240)) - Unable to initialize FileSignerSecretProvider, falling back to use random secrets.
2019-10-03 21:11:06,768 [main] WARN  http.HttpRequestLog (HttpRequestLog.java:getRequestLog(97)) - Jetty request log can only be enabled using Log4j
2019-10-03 21:11:06,770 [main] INFO  http.HttpServer2 (HttpServer2.java:addGlobalFilter(975)) - Added global filter 'safety' (class=org.apache.hadoop.http.HttpServer2$QuotingInputFilter)
2019-10-03 21:11:06,771 [main] INFO  http.HttpServer2 (HttpServer2.java:addFilter(948)) - Added filter static_user_filter (class=org.apache.hadoop.http.lib.StaticUserWebFilter$StaticUserFilter) to context scm
2019-10-03 21:11:06,771 [main] INFO  http.HttpServer2 (HttpServer2.java:addFilter(958)) - Added filter static_user_filter (class=org.apache.hadoop.http.lib.StaticUserWebFilter$StaticUserFilter) to context static
2019-10-03 21:11:06,771 [main] INFO  http.HttpServer2 (HttpServer2.java:addFilter(958)) - Added filter static_user_filter (class=org.apache.hadoop.http.lib.StaticUserWebFilter$StaticUserFilter) to context logs
2019-10-03 21:11:06,774 [main] INFO  server.StorageContainerManager (StorageContainerManager.java:start(770)) - StorageContainerLocationProtocol RPC server is listening at /0.0.0.0:34680
2019-10-03 21:11:06,776 [main] WARN  impl.MetricsConfig (MetricsConfig.java:loadFirst(134)) - Cannot locate configuration: tried hadoop-metrics2-storagecontainermanager.properties,hadoop-metrics2.properties
2019-10-03 21:11:06,777 [main] INFO  impl.MetricsSystemImpl (MetricsSystemImpl.java:startTimer(374)) - Scheduled Metric snapshot period at 10 second(s).
2019-10-03 21:11:06,778 [main] INFO  impl.MetricsSystemImpl (MetricsSystemImpl.java:start(191)) - StorageContainerManager metrics system started
2019-10-03 21:11:06,801 [main] INFO  lib.Interns (Interns.java:removeEldestEntry(50)) - Metrics intern cache overflow at 2011 for MetricsSystem={MetricsSystem=MetricsInfoImpl{name=MetricsSystem, description=MetricsSystem}, MetricsSystem record=MetricsInfoImpl{name=MetricsSystem, description=MetricsSystem record}}
2019-10-03 21:11:06,833 [main] WARN  impl.MetricsSystemImpl (MetricsSystemImpl.java:register(276)) - Sink prometheus already exists!
2019-10-03 21:11:06,874 [main] INFO  server.SCMClientProtocolServer (SCMClientProtocolServer.java:start(159)) - RPC server for Client  is listening at /0.0.0.0:34680
2019-10-03 21:11:06,874 [IPC Server Responder] INFO  ipc.Server (Server.java:run(1314)) - IPC Server Responder: starting
2019-10-03 21:11:06,875 [IPC Server listener on 34680] INFO  ipc.Server (Server.java:run(1153)) - IPC Server listener on 34680: starting
2019-10-03 21:11:06,878 [main] INFO  server.StorageContainerManager (StorageContainerManager.java:start(780)) - ScmBlockLocationProtocol RPC server is listening at /0.0.0.0:36038
2019-10-03 21:11:06,879 [main] INFO  server.SCMBlockProtocolServer (SCMBlockProtocolServer.java:start(146)) - RPC server for Block Protocol is listening at /0.0.0.0:36038
2019-10-03 21:11:06,879 [IPC Server Responder] INFO  ipc.Server (Server.java:run(1314)) - IPC Server Responder: starting
2019-10-03 21:11:06,879 [IPC Server listener on 36038] INFO  ipc.Server (Server.java:run(1153)) - IPC Server listener on 36038: starting
2019-10-03 21:11:06,883 [main] INFO  server.StorageContainerManager (StorageContainerManager.java:start(784)) - ScmDatanodeProtocl RPC server is listening at /0.0.0.0:35366
2019-10-03 21:11:06,883 [main] INFO  server.SCMDatanodeProtocolServer (SCMDatanodeProtocolServer.java:start(169)) - RPC server for DataNodes is listening at /0.0.0.0:35366
2019-10-03 21:11:06,884 [IPC Server Responder] INFO  ipc.Server (Server.java:run(1314)) - IPC Server Responder: starting
2019-10-03 21:11:06,884 [IPC Server listener on 35366] INFO  ipc.Server (Server.java:run(1153)) - IPC Server listener on 35366: starting
2019-10-03 21:11:06,888 [main] INFO  http.HttpServer2 (HttpServer2.java:bindListener(1191)) - Jetty bound to port 34160
2019-10-03 21:11:06,888 [main] INFO  server.Server (Server.java:doStart(351)) - jetty-9.3.25.v20180904, build timestamp: 2018-09-04T21:11:46Z, git hash: 3ce520221d0240229c862b122d2b06c12a625732
2019-10-03 21:11:06,891 [main] INFO  handler.ContextHandler (ContextHandler.java:doStart(781)) - Started o.e.j.s.ServletContextHandler@4640195a{/logs,file:///workdir/hadoop-ozone/integration-test/target/log,AVAILABLE}
2019-10-03 21:11:06,891 [main] INFO  handler.ContextHandler (ContextHandler.java:doStart(781)) - Started o.e.j.s.ServletContextHandler@7f323b3a{/static,file:///workdir/hadoop-ozone/integration-test/target/test-classes/webapps/static,AVAILABLE}
2019-10-03 21:11:06,897 [main] INFO  handler.ContextHandler (ContextHandler.java:doStart(781)) - Started o.e.j.w.WebAppContext@664212ab{/,file:///workdir/hadoop-ozone/integration-test/target/test-classes/webapps/scm/,AVAILABLE}{/scm}
2019-10-03 21:11:06,897 [main] INFO  server.AbstractConnector (AbstractConnector.java:doStart(278)) - Started ServerConnector@2693c618{HTTP/1.1,[http/1.1]}{0.0.0.0:34160}
2019-10-03 21:11:06,898 [main] INFO  server.Server (Server.java:doStart(419)) - Started @110991ms
2019-10-03 21:11:06,899 [main] WARN  impl.MetricsSystemImpl (MetricsSystemImpl.java:register(276)) - Sink prometheus already exists!
2019-10-03 21:11:06,901 [main] INFO  server.BaseHttpServer (BaseHttpServer.java:updateConnectorAddress(215)) - HTTP server of SCM is listening at http://0.0.0.0:34160
2019-10-03 21:11:06,901 [main] WARN  server.ServerUtils (ServerUtils.java:getDBPath(222)) - ozone.om.db.dirs is not configured. We recommend adding this setting. Falling back to ozone.metadata.dirs instead.
2019-10-03 21:11:06,902 [org.apache.hadoop.util.JvmPauseMonitor$Monitor@7ccfdaef] INFO  util.JvmPauseMonitor (JvmPauseMonitor.java:run(188)) - Starting JVM pause monitor
2019-10-03 21:11:06,926 [main] INFO  ha.OMHANodeDetails (OMHANodeDetails.java:loadOMHAConfig(190)) - Configuration either no ozone.om.address set. Falling back to the default OM address /127.0.0.1:0
2019-10-03 21:11:06,926 [main] INFO  ha.OMHANodeDetails (OMHANodeDetails.java:getOMNodeDetails(220)) - OM Service ID is not set. Setting it to the default ID: omServiceIdDefault
2019-10-03 21:11:06,927 [main] WARN  server.ServerUtils (ServerUtils.java:getDBPath(222)) - ozone.om.db.dirs is not configured. We recommend adding this setting. Falling back to ozone.metadata.dirs instead.
2019-10-03 21:11:06,927 [main] WARN  server.ServerUtils (ServerUtils.java:getDBPath(222)) - ozone.om.db.dirs is not configured. We recommend adding this setting. Falling back to ozone.metadata.dirs instead.
2019-10-03 21:11:06,936 [main] WARN  server.ServerUtils (ServerUtils.java:getDBPath(222)) - ozone.om.db.dirs is not configured. We recommend adding this setting. Falling back to ozone.metadata.dirs instead.
2019-10-03 21:11:06,937 [main] INFO  db.DBStoreBuilder (DBStoreBuilder.java:addTable(110)) - using custom profile for table: userTable
2019-10-03 21:11:06,937 [main] INFO  db.DBStoreBuilder (DBStoreBuilder.java:processTables(161)) - Using default column profile:DBProfile.DISK for Table:userTable
2019-10-03 21:11:06,937 [main] INFO  db.DBStoreBuilder (DBStoreBuilder.java:addTable(110)) - using custom profile for table: volumeTable
2019-10-03 21:11:06,937 [main] INFO  db.DBStoreBuilder (DBStoreBuilder.java:processTables(161)) - Using default column profile:DBProfile.DISK for Table:volumeTable
2019-10-03 21:11:06,938 [main] INFO  db.DBStoreBuilder (DBStoreBuilder.java:addTable(110)) - using custom profile for table: bucketTable
2019-10-03 21:11:06,938 [main] INFO  db.DBStoreBuilder (DBStoreBuilder.java:processTables(161)) - Using default column profile:DBProfile.DISK for Table:bucketTable
2019-10-03 21:11:06,938 [main] INFO  db.DBStoreBuilder (DBStoreBuilder.java:addTable(110)) - using custom profile for table: keyTable
2019-10-03 21:11:06,938 [main] INFO  db.DBStoreBuilder (DBStoreBuilder.java:processTables(161)) - Using default column profile:DBProfile.DISK for Table:keyTable
2019-10-03 21:11:06,939 [main] INFO  db.DBStoreBuilder (DBStoreBuilder.java:addTable(110)) - using custom profile for table: deletedTable
2019-10-03 21:11:06,939 [main] INFO  db.DBStoreBuilder (DBStoreBuilder.java:processTables(161)) - Using default column profile:DBProfile.DISK for Table:deletedTable
2019-10-03 21:11:06,939 [main] INFO  db.DBStoreBuilder (DBStoreBuilder.java:addTable(110)) - using custom profile for table: openKeyTable
2019-10-03 21:11:06,939 [main] INFO  db.DBStoreBuilder (DBStoreBuilder.java:processTables(161)) - Using default column profile:DBProfile.DISK for Table:openKeyTable
2019-10-03 21:11:06,940 [main] INFO  db.DBStoreBuilder (DBStoreBuilder.java:addTable(110)) - using custom profile for table: s3Table
2019-10-03 21:11:06,940 [main] INFO  db.DBStoreBuilder (DBStoreBuilder.java:processTables(161)) - Using default column profile:DBProfile.DISK for Table:s3Table
2019-10-03 21:11:06,940 [main] INFO  db.DBStoreBuilder (DBStoreBuilder.java:addTable(110)) - using custom profile for table: multipartInfoTable
2019-10-03 21:11:06,940 [main] INFO  db.DBStoreBuilder (DBStoreBuilder.java:processTables(161)) - Using default column profile:DBProfile.DISK for Table:multipartInfoTable
2019-10-03 21:11:06,940 [main] INFO  db.DBStoreBuilder (DBStoreBuilder.java:addTable(110)) - using custom profile for table: dTokenTable
2019-10-03 21:11:06,941 [main] INFO  db.DBStoreBuilder (DBStoreBuilder.java:processTables(161)) - Using default column profile:DBProfile.DISK for Table:dTokenTable
2019-10-03 21:11:06,941 [main] INFO  db.DBStoreBuilder (DBStoreBuilder.java:addTable(110)) - using custom profile for table: s3SecretTable
2019-10-03 21:11:06,941 [main] INFO  db.DBStoreBuilder (DBStoreBuilder.java:processTables(161)) - Using default column profile:DBProfile.DISK for Table:s3SecretTable
2019-10-03 21:11:06,941 [main] INFO  db.DBStoreBuilder (DBStoreBuilder.java:addTable(110)) - using custom profile for table: prefixTable
2019-10-03 21:11:06,942 [main] INFO  db.DBStoreBuilder (DBStoreBuilder.java:processTables(161)) - Using default column profile:DBProfile.DISK for Table:prefixTable
2019-10-03 21:11:06,942 [main] INFO  db.DBStoreBuilder (DBStoreBuilder.java:addTable(110)) - using custom profile for table: default
2019-10-03 21:11:06,942 [main] INFO  db.DBStoreBuilder (DBStoreBuilder.java:processTables(167)) - Using default column profile:DBProfile.DISK for Table:default
2019-10-03 21:11:06,942 [main] INFO  db.DBStoreBuilder (DBStoreBuilder.java:getDbProfile(198)) - Using default options. DBProfile.DISK
2019-10-03 21:11:07,667 [main] INFO  ipc.CallQueueManager (CallQueueManager.java:<init>(84)) - Using callQueue: class java.util.concurrent.LinkedBlockingQueue, queueCapacity: 2000, scheduler: class org.apache.hadoop.ipc.DefaultRpcScheduler, ipcBackoff: false.
2019-10-03 21:11:07,668 [Socket Reader #1 for port 41097] INFO  ipc.Server (Server.java:run(1074)) - Starting Socket Reader #1 for port 41097
2019-10-03 21:11:07,685 [main] INFO  om.OzoneManager (OzoneManager.java:start(1069)) - OzoneManager RPC server is listening at localhost/127.0.0.1:41097
2019-10-03 21:11:07,685 [main] INFO  impl.MetricsSystemImpl (MetricsSystemImpl.java:init(158)) - OzoneManager metrics system started (again)
2019-10-03 21:11:07,689 [IPC Server Responder] INFO  ipc.Server (Server.java:run(1314)) - IPC Server Responder: starting
2019-10-03 21:11:07,689 [IPC Server listener on 41097] INFO  ipc.Server (Server.java:run(1153)) - IPC Server listener on 41097: starting
2019-10-03 21:11:07,695 [main] INFO  hdfs.DFSUtil (DFSUtil.java:httpServerTemplateForNNAndJN(1641)) - Starting Web-server for ozoneManager at: http://0.0.0.0:0
2019-10-03 21:11:07,700 [main] INFO  server.AuthenticationFilter (AuthenticationFilter.java:constructSecretProvider(240)) - Unable to initialize FileSignerSecretProvider, falling back to use random secrets.
2019-10-03 21:11:07,701 [main] WARN  http.HttpRequestLog (HttpRequestLog.java:getRequestLog(97)) - Jetty request log can only be enabled using Log4j
2019-10-03 21:11:07,704 [main] INFO  http.HttpServer2 (HttpServer2.java:addGlobalFilter(975)) - Added global filter 'safety' (class=org.apache.hadoop.http.HttpServer2$QuotingInputFilter)
2019-10-03 21:11:07,704 [main] INFO  http.HttpServer2 (HttpServer2.java:addFilter(948)) - Added filter static_user_filter (class=org.apache.hadoop.http.lib.StaticUserWebFilter$StaticUserFilter) to context ozoneManager
2019-10-03 21:11:07,705 [main] INFO  http.HttpServer2 (HttpServer2.java:addFilter(958)) - Added filter static_user_filter (class=org.apache.hadoop.http.lib.StaticUserWebFilter$StaticUserFilter) to context logs
2019-10-03 21:11:07,705 [main] INFO  http.HttpServer2 (HttpServer2.java:addFilter(958)) - Added filter static_user_filter (class=org.apache.hadoop.http.lib.StaticUserWebFilter$StaticUserFilter) to context static
2019-10-03 21:11:07,706 [main] INFO  http.HttpServer2 (HttpServer2.java:bindListener(1191)) - Jetty bound to port 43493
2019-10-03 21:11:07,707 [main] INFO  server.Server (Server.java:doStart(351)) - jetty-9.3.25.v20180904, build timestamp: 2018-09-04T21:11:46Z, git hash: 3ce520221d0240229c862b122d2b06c12a625732
2019-10-03 21:11:07,709 [main] INFO  handler.ContextHandler (ContextHandler.java:doStart(781)) - Started o.e.j.s.ServletContextHandler@5d512ddb{/logs,file:///workdir/hadoop-ozone/integration-test/target/log,AVAILABLE}
2019-10-03 21:11:07,710 [main] INFO  handler.ContextHandler (ContextHandler.java:doStart(781)) - Started o.e.j.s.ServletContextHandler@4de79b7d{/static,file:///workdir/hadoop-ozone/integration-test/target/test-classes/webapps/static,AVAILABLE}
2019-10-03 21:11:07,717 [main] INFO  handler.ContextHandler (ContextHandler.java:doStart(781)) - Started o.e.j.w.WebAppContext@43ecfeb5{/,file:///workdir/hadoop-ozone/integration-test/target/test-classes/webapps/ozoneManager/,AVAILABLE}{/ozoneManager}
2019-10-03 21:11:07,717 [main] INFO  server.AbstractConnector (AbstractConnector.java:doStart(278)) - Started ServerConnector@51efb731{HTTP/1.1,[http/1.1]}{0.0.0.0:43493}
2019-10-03 21:11:07,720 [main] INFO  server.Server (Server.java:doStart(419)) - Started @111812ms
2019-10-03 21:11:07,720 [main] WARN  impl.MetricsSystemImpl (MetricsSystemImpl.java:register(276)) - Sink prometheus already exists!
2019-10-03 21:11:07,721 [main] INFO  server.BaseHttpServer (BaseHttpServer.java:updateConnectorAddress(215)) - HTTP server of OZONEMANAGER is listening at http://0.0.0.0:43493
2019-10-03 21:11:07,745 [main] INFO  impl.MetricsSystemImpl (MetricsSystemImpl.java:init(158)) - HddsDatanode metrics system started (again)
2019-10-03 21:11:07,748 [main] INFO  ozone.HddsDatanodeService (HddsDatanodeService.java:start(184)) - HddsDatanodeService host:pr-hdds-2225-n29jj-1390324493 ip:192.168.30.42
2019-10-03 21:11:07,755 [main] INFO  volume.HddsVolume (HddsVolume.java:<init>(176)) - Creating Volume: /workdir/hadoop-ozone/integration-test/target/test-dir/MiniOzoneClusterImpl-eb3927cc-2b10-4a46-9282-313eace86f45/datanode-0/data/containers/hdds of  storage type : DISK and capacity : 1482555576320
2019-10-03 21:11:07,755 [main] INFO  volume.VolumeSet (VolumeSet.java:initializeVolumeSet(170)) - Added Volume : /workdir/hadoop-ozone/integration-test/target/test-dir/MiniOzoneClusterImpl-eb3927cc-2b10-4a46-9282-313eace86f45/datanode-0/data/containers/hdds to VolumeSet
2019-10-03 21:11:07,756 [main] INFO  volume.ThrottledAsyncChecker (ThrottledAsyncChecker.java:schedule(139)) - Scheduling a check for org.apache.hadoop.ozone.container.common.volume.HddsVolume@5a1f778
2019-10-03 21:11:07,756 [main] INFO  volume.HddsVolumeChecker (HddsVolumeChecker.java:checkAllVolumes(202)) - Scheduled health check for volume org.apache.hadoop.ozone.container.common.volume.HddsVolume@5a1f778
2019-10-03 21:11:07,772 [main] INFO  impl.RaftServerProxy (ConfUtils.java:logGet(43)) - raft.rpc.type = GRPC (default)
2019-10-03 21:11:07,772 [main] INFO  grpc.GrpcFactory (GrpcFactory.java:checkPooledByteBufAllocatorUseCacheForAllThreads(45)) - PERFORMANCE WARNING: useCacheForAllThreads is true that may cause Netty to create a lot garbage objects and, as a result, trigger GC.
	It is recommended to disable useCacheForAllThreads by setting -Dorg.apache.ratis.thirdparty.io.netty.allocator.useCacheForAllThreads=false in command line.
2019-10-03 21:11:07,772 [main] INFO  grpc.GrpcConfigKeys$Server (ConfUtils.java:logGet(43)) - raft.grpc.server.port = 0 (default)
2019-10-03 21:11:07,773 [main] INFO  server.GrpcService (ConfUtils.java:logGet(43)) - raft.grpc.message.size.max = 33570816 (custom)
2019-10-03 21:11:07,773 [main] INFO  server.RaftServerConfigKeys (ConfUtils.java:logGet(43)) - raft.server.log.appender.buffer.byte-limit = 33554432 (custom)
2019-10-03 21:11:07,773 [main] INFO  server.GrpcService (ConfUtils.java:logGet(43)) - raft.grpc.flow.control.window = 1MB (=1048576) (default)
2019-10-03 21:11:07,773 [main] INFO  server.RaftServerConfigKeys (ConfUtils.java:logGet(43)) - raft.server.rpc.request.timeout = 3000ms (default)
2019-10-03 21:11:07,774 [main] INFO  server.RaftServerConfigKeys (ConfUtils.java:logGet(43)) - raft.server.storage.dir = [/workdir/hadoop-ozone/integration-test/target/test-dir/MiniOzoneClusterImpl-eb3927cc-2b10-4a46-9282-313eace86f45/datanode-0/data/ratis] (custom)
2019-10-03 21:11:07,776 [main] INFO  hdfs.DFSUtil (DFSUtil.java:httpServerTemplateForNNAndJN(1641)) - Starting Web-server for hddsDatanode at: http://0.0.0.0:0
2019-10-03 21:11:07,777 [main] INFO  server.AuthenticationFilter (AuthenticationFilter.java:constructSecretProvider(240)) - Unable to initialize FileSignerSecretProvider, falling back to use random secrets.
2019-10-03 21:11:07,778 [main] WARN  http.HttpRequestLog (HttpRequestLog.java:getRequestLog(97)) - Jetty request log can only be enabled using Log4j
2019-10-03 21:11:07,779 [main] INFO  http.HttpServer2 (HttpServer2.java:addGlobalFilter(975)) - Added global filter 'safety' (class=org.apache.hadoop.http.HttpServer2$QuotingInputFilter)
2019-10-03 21:11:07,780 [main] INFO  http.HttpServer2 (HttpServer2.java:addFilter(948)) - Added filter static_user_filter (class=org.apache.hadoop.http.lib.StaticUserWebFilter$StaticUserFilter) to context hddsDatanode
2019-10-03 21:11:07,780 [main] INFO  http.HttpServer2 (HttpServer2.java:addFilter(958)) - Added filter static_user_filter (class=org.apache.hadoop.http.lib.StaticUserWebFilter$StaticUserFilter) to context logs
2019-10-03 21:11:07,780 [main] INFO  http.HttpServer2 (HttpServer2.java:addFilter(958)) - Added filter static_user_filter (class=org.apache.hadoop.http.lib.StaticUserWebFilter$StaticUserFilter) to context static
2019-10-03 21:11:07,781 [main] INFO  http.HttpServer2 (HttpServer2.java:bindListener(1191)) - Jetty bound to port 41539
2019-10-03 21:11:07,781 [main] INFO  server.Server (Server.java:doStart(351)) - jetty-9.3.25.v20180904, build timestamp: 2018-09-04T21:11:46Z, git hash: 3ce520221d0240229c862b122d2b06c12a625732
2019-10-03 21:11:07,783 [main] INFO  handler.ContextHandler (ContextHandler.java:doStart(781)) - Started o.e.j.s.ServletContextHandler@76ff68c5{/logs,file:///workdir/hadoop-ozone/integration-test/target/log,AVAILABLE}
2019-10-03 21:11:07,784 [main] INFO  handler.ContextHandler (ContextHandler.java:doStart(781)) - Started o.e.j.s.ServletContextHandler@3635099{/static,jar:file:/home/user/.m2/repository/org/apache/hadoop/hadoop-hdds-container-service/0.5.0-SNAPSHOT/hadoop-hdds-container-service-0.5.0-SNAPSHOT.jar!/webapps/static,AVAILABLE}
2019-10-03 21:11:07,822 [main] INFO  handler.ContextHandler (ContextHandler.java:doStart(781)) - Started o.e.j.w.WebAppContext@56b8aaf1{/,file:///tmp/jetty-0.0.0.0-41539-hddsDatanode-_-any-7866000544790445423.dir/webapp/,AVAILABLE}{/hddsDatanode}
2019-10-03 21:11:07,822 [main] INFO  server.AbstractConnector (AbstractConnector.java:doStart(278)) - Started ServerConnector@5482bcac{HTTP/1.1,[http/1.1]}{0.0.0.0:41539}
2019-10-03 21:11:07,823 [main] INFO  server.Server (Server.java:doStart(419)) - Started @111916ms
2019-10-03 21:11:07,823 [main] WARN  impl.MetricsSystemImpl (MetricsSystemImpl.java:register(276)) - Sink prometheus already exists!
2019-10-03 21:11:07,824 [main] INFO  server.BaseHttpServer (BaseHttpServer.java:updateConnectorAddress(215)) - HTTP server of HDDSDATANODE is listening at http://0.0.0.0:41539
2019-10-03 21:11:07,825 [main] INFO  impl.MetricsSystemImpl (MetricsSystemImpl.java:init(158)) - HddsDatanode metrics system started (again)
2019-10-03 21:11:07,827 [org.apache.hadoop.util.JvmPauseMonitor$Monitor@4f2e6a57] INFO  util.JvmPauseMonitor (JvmPauseMonitor.java:run(188)) - Starting JVM pause monitor
2019-10-03 21:11:07,828 [main] INFO  ozone.HddsDatanodeService (HddsDatanodeService.java:start(184)) - HddsDatanodeService host:pr-hdds-2225-n29jj-1390324493 ip:192.168.30.42
2019-10-03 21:11:07,830 [Datanode State Machine Thread - 0] INFO  datanode.InitDatanodeState (InitDatanodeState.java:persistContainerDatanodeDetails(140)) - DatanodeDetails is persisted to /workdir/hadoop-ozone/integration-test/target/test-dir/MiniOzoneClusterImpl-eb3927cc-2b10-4a46-9282-313eace86f45/datanode-0/meta/datanode.id
2019-10-03 21:11:07,836 [main] INFO  volume.HddsVolume (HddsVolume.java:<init>(176)) - Creating Volume: /workdir/hadoop-ozone/integration-test/target/test-dir/MiniOzoneClusterImpl-eb3927cc-2b10-4a46-9282-313eace86f45/datanode-1/data/containers/hdds of  storage type : DISK and capacity : 1482555576320
2019-10-03 21:11:07,836 [main] INFO  volume.VolumeSet (VolumeSet.java:initializeVolumeSet(170)) - Added Volume : /workdir/hadoop-ozone/integration-test/target/test-dir/MiniOzoneClusterImpl-eb3927cc-2b10-4a46-9282-313eace86f45/datanode-1/data/containers/hdds to VolumeSet
2019-10-03 21:11:07,836 [main] INFO  volume.ThrottledAsyncChecker (ThrottledAsyncChecker.java:schedule(139)) - Scheduling a check for org.apache.hadoop.ozone.container.common.volume.HddsVolume@1e225820
2019-10-03 21:11:07,837 [main] INFO  volume.HddsVolumeChecker (HddsVolumeChecker.java:checkAllVolumes(202)) - Scheduled health check for volume org.apache.hadoop.ozone.container.common.volume.HddsVolume@1e225820
2019-10-03 21:11:07,857 [main] INFO  impl.RaftServerProxy (ConfUtils.java:logGet(43)) - raft.rpc.type = GRPC (default)
2019-10-03 21:11:07,858 [main] INFO  grpc.GrpcFactory (GrpcFactory.java:checkPooledByteBufAllocatorUseCacheForAllThreads(45)) - PERFORMANCE WARNING: useCacheForAllThreads is true that may cause Netty to create a lot garbage objects and, as a result, trigger GC.
	It is recommended to disable useCacheForAllThreads by setting -Dorg.apache.ratis.thirdparty.io.netty.allocator.useCacheForAllThreads=false in command line.
2019-10-03 21:11:07,858 [main] INFO  grpc.GrpcConfigKeys$Server (ConfUtils.java:logGet(43)) - raft.grpc.server.port = 0 (default)
2019-10-03 21:11:07,858 [main] INFO  server.GrpcService (ConfUtils.java:logGet(43)) - raft.grpc.message.size.max = 33570816 (custom)
2019-10-03 21:11:07,858 [main] INFO  server.RaftServerConfigKeys (ConfUtils.java:logGet(43)) - raft.server.log.appender.buffer.byte-limit = 33554432 (custom)
2019-10-03 21:11:07,859 [main] INFO  server.GrpcService (ConfUtils.java:logGet(43)) - raft.grpc.flow.control.window = 1MB (=1048576) (default)
2019-10-03 21:11:07,859 [main] INFO  server.RaftServerConfigKeys (ConfUtils.java:logGet(43)) - raft.server.rpc.request.timeout = 3000ms (default)
2019-10-03 21:11:07,859 [main] INFO  server.RaftServerConfigKeys (ConfUtils.java:logGet(43)) - raft.server.storage.dir = [/workdir/hadoop-ozone/integration-test/target/test-dir/MiniOzoneClusterImpl-eb3927cc-2b10-4a46-9282-313eace86f45/datanode-1/data/ratis] (custom)
2019-10-03 21:11:07,862 [main] INFO  hdfs.DFSUtil (DFSUtil.java:httpServerTemplateForNNAndJN(1641)) - Starting Web-server for hddsDatanode at: http://0.0.0.0:0
2019-10-03 21:11:07,863 [main] INFO  server.AuthenticationFilter (AuthenticationFilter.java:constructSecretProvider(240)) - Unable to initialize FileSignerSecretProvider, falling back to use random secrets.
2019-10-03 21:11:07,864 [main] WARN  http.HttpRequestLog (HttpRequestLog.java:getRequestLog(97)) - Jetty request log can only be enabled using Log4j
2019-10-03 21:11:07,865 [main] INFO  http.HttpServer2 (HttpServer2.java:addGlobalFilter(975)) - Added global filter 'safety' (class=org.apache.hadoop.http.HttpServer2$QuotingInputFilter)
2019-10-03 21:11:07,866 [main] INFO  http.HttpServer2 (HttpServer2.java:addFilter(948)) - Added filter static_user_filter (class=org.apache.hadoop.http.lib.StaticUserWebFilter$StaticUserFilter) to context hddsDatanode
2019-10-03 21:11:07,866 [main] INFO  http.HttpServer2 (HttpServer2.java:addFilter(958)) - Added filter static_user_filter (class=org.apache.hadoop.http.lib.StaticUserWebFilter$StaticUserFilter) to context logs
2019-10-03 21:11:07,866 [main] INFO  http.HttpServer2 (HttpServer2.java:addFilter(958)) - Added filter static_user_filter (class=org.apache.hadoop.http.lib.StaticUserWebFilter$StaticUserFilter) to context static
2019-10-03 21:11:07,867 [main] INFO  http.HttpServer2 (HttpServer2.java:bindListener(1191)) - Jetty bound to port 35273
2019-10-03 21:11:07,867 [main] INFO  server.Server (Server.java:doStart(351)) - jetty-9.3.25.v20180904, build timestamp: 2018-09-04T21:11:46Z, git hash: 3ce520221d0240229c862b122d2b06c12a625732
2019-10-03 21:11:07,869 [main] INFO  handler.ContextHandler (ContextHandler.java:doStart(781)) - Started o.e.j.s.ServletContextHandler@29a33620{/logs,file:///workdir/hadoop-ozone/integration-test/target/log,AVAILABLE}
2019-10-03 21:11:07,870 [main] INFO  handler.ContextHandler (ContextHandler.java:doStart(781)) - Started o.e.j.s.ServletContextHandler@134f8ef6{/static,jar:file:/home/user/.m2/repository/org/apache/hadoop/hadoop-hdds-container-service/0.5.0-SNAPSHOT/hadoop-hdds-container-service-0.5.0-SNAPSHOT.jar!/webapps/static,AVAILABLE}
2019-10-03 21:11:07,902 [main] INFO  handler.ContextHandler (ContextHandler.java:doStart(781)) - Started o.e.j.w.WebAppContext@4b8137c5{/,file:///tmp/jetty-0.0.0.0-35273-hddsDatanode-_-any-4985548653488751122.dir/webapp/,AVAILABLE}{/hddsDatanode}
2019-10-03 21:11:07,902 [main] INFO  server.AbstractConnector (AbstractConnector.java:doStart(278)) - Started ServerConnector@77f4c040{HTTP/1.1,[http/1.1]}{0.0.0.0:35273}
2019-10-03 21:11:07,904 [main] INFO  server.Server (Server.java:doStart(419)) - Started @111996ms
2019-10-03 21:11:07,904 [main] WARN  impl.MetricsSystemImpl (MetricsSystemImpl.java:register(276)) - Sink prometheus already exists!
2019-10-03 21:11:07,904 [main] INFO  server.BaseHttpServer (BaseHttpServer.java:updateConnectorAddress(215)) - HTTP server of HDDSDATANODE is listening at http://0.0.0.0:35273
2019-10-03 21:11:07,905 [main] INFO  impl.MetricsSystemImpl (MetricsSystemImpl.java:init(158)) - HddsDatanode metrics system started (again)
2019-10-03 21:11:07,907 [main] INFO  ozone.HddsDatanodeService (HddsDatanodeService.java:start(184)) - HddsDatanodeService host:pr-hdds-2225-n29jj-1390324493 ip:192.168.30.42
2019-10-03 21:11:07,907 [org.apache.hadoop.util.JvmPauseMonitor$Monitor@3e0803cd] INFO  util.JvmPauseMonitor (JvmPauseMonitor.java:run(188)) - Starting JVM pause monitor
2019-10-03 21:11:07,911 [Datanode State Machine Thread - 0] INFO  datanode.InitDatanodeState (InitDatanodeState.java:persistContainerDatanodeDetails(140)) - DatanodeDetails is persisted to /workdir/hadoop-ozone/integration-test/target/test-dir/MiniOzoneClusterImpl-eb3927cc-2b10-4a46-9282-313eace86f45/datanode-1/meta/datanode.id
2019-10-03 21:11:07,913 [main] INFO  volume.HddsVolume (HddsVolume.java:<init>(176)) - Creating Volume: /workdir/hadoop-ozone/integration-test/target/test-dir/MiniOzoneClusterImpl-eb3927cc-2b10-4a46-9282-313eace86f45/datanode-2/data/containers/hdds of  storage type : DISK and capacity : 1482555576320
2019-10-03 21:11:07,914 [main] INFO  volume.VolumeSet (VolumeSet.java:initializeVolumeSet(170)) - Added Volume : /workdir/hadoop-ozone/integration-test/target/test-dir/MiniOzoneClusterImpl-eb3927cc-2b10-4a46-9282-313eace86f45/datanode-2/data/containers/hdds to VolumeSet
2019-10-03 21:11:07,914 [main] INFO  volume.ThrottledAsyncChecker (ThrottledAsyncChecker.java:schedule(139)) - Scheduling a check for org.apache.hadoop.ozone.container.common.volume.HddsVolume@684e8c9d
2019-10-03 21:11:07,914 [main] INFO  volume.HddsVolumeChecker (HddsVolumeChecker.java:checkAllVolumes(202)) - Scheduled health check for volume org.apache.hadoop.ozone.container.common.volume.HddsVolume@684e8c9d
2019-10-03 21:11:07,926 [main] INFO  impl.RaftServerProxy (ConfUtils.java:logGet(43)) - raft.rpc.type = GRPC (default)
2019-10-03 21:11:07,926 [main] INFO  grpc.GrpcFactory (GrpcFactory.java:checkPooledByteBufAllocatorUseCacheForAllThreads(45)) - PERFORMANCE WARNING: useCacheForAllThreads is true that may cause Netty to create a lot garbage objects and, as a result, trigger GC.
	It is recommended to disable useCacheForAllThreads by setting -Dorg.apache.ratis.thirdparty.io.netty.allocator.useCacheForAllThreads=false in command line.
2019-10-03 21:11:07,926 [main] INFO  grpc.GrpcConfigKeys$Server (ConfUtils.java:logGet(43)) - raft.grpc.server.port = 0 (default)
2019-10-03 21:11:07,926 [main] INFO  server.GrpcService (ConfUtils.java:logGet(43)) - raft.grpc.message.size.max = 33570816 (custom)
2019-10-03 21:11:07,927 [main] INFO  server.RaftServerConfigKeys (ConfUtils.java:logGet(43)) - raft.server.log.appender.buffer.byte-limit = 33554432 (custom)
2019-10-03 21:11:07,927 [main] INFO  server.GrpcService (ConfUtils.java:logGet(43)) - raft.grpc.flow.control.window = 1MB (=1048576) (default)
2019-10-03 21:11:07,927 [main] INFO  server.RaftServerConfigKeys (ConfUtils.java:logGet(43)) - raft.server.rpc.request.timeout = 3000ms (default)
2019-10-03 21:11:07,927 [main] INFO  server.RaftServerConfigKeys (ConfUtils.java:logGet(43)) - raft.server.storage.dir = [/workdir/hadoop-ozone/integration-test/target/test-dir/MiniOzoneClusterImpl-eb3927cc-2b10-4a46-9282-313eace86f45/datanode-2/data/ratis] (custom)
2019-10-03 21:11:07,928 [main] INFO  hdfs.DFSUtil (DFSUtil.java:httpServerTemplateForNNAndJN(1641)) - Starting Web-server for hddsDatanode at: http://0.0.0.0:0
2019-10-03 21:11:07,929 [main] INFO  server.AuthenticationFilter (AuthenticationFilter.java:constructSecretProvider(240)) - Unable to initialize FileSignerSecretProvider, falling back to use random secrets.
2019-10-03 21:11:07,929 [main] WARN  http.HttpRequestLog (HttpRequestLog.java:getRequestLog(97)) - Jetty request log can only be enabled using Log4j
2019-10-03 21:11:07,930 [main] INFO  http.HttpServer2 (HttpServer2.java:addGlobalFilter(975)) - Added global filter 'safety' (class=org.apache.hadoop.http.HttpServer2$QuotingInputFilter)
2019-10-03 21:11:07,931 [main] INFO  http.HttpServer2 (HttpServer2.java:addFilter(948)) - Added filter static_user_filter (class=org.apache.hadoop.http.lib.StaticUserWebFilter$StaticUserFilter) to context hddsDatanode
2019-10-03 21:11:07,931 [main] INFO  http.HttpServer2 (HttpServer2.java:addFilter(958)) - Added filter static_user_filter (class=org.apache.hadoop.http.lib.StaticUserWebFilter$StaticUserFilter) to context static
2019-10-03 21:11:07,931 [main] INFO  http.HttpServer2 (HttpServer2.java:addFilter(958)) - Added filter static_user_filter (class=org.apache.hadoop.http.lib.StaticUserWebFilter$StaticUserFilter) to context logs
2019-10-03 21:11:07,932 [main] INFO  http.HttpServer2 (HttpServer2.java:bindListener(1191)) - Jetty bound to port 40453
2019-10-03 21:11:07,932 [main] INFO  server.Server (Server.java:doStart(351)) - jetty-9.3.25.v20180904, build timestamp: 2018-09-04T21:11:46Z, git hash: 3ce520221d0240229c862b122d2b06c12a625732
2019-10-03 21:11:07,933 [main] INFO  handler.ContextHandler (ContextHandler.java:doStart(781)) - Started o.e.j.s.ServletContextHandler@41f4039e{/logs,file:///workdir/hadoop-ozone/integration-test/target/log,AVAILABLE}
2019-10-03 21:11:07,933 [main] INFO  handler.ContextHandler (ContextHandler.java:doStart(781)) - Started o.e.j.s.ServletContextHandler@603cabc4{/static,jar:file:/home/user/.m2/repository/org/apache/hadoop/hadoop-hdds-container-service/0.5.0-SNAPSHOT/hadoop-hdds-container-service-0.5.0-SNAPSHOT.jar!/webapps/static,AVAILABLE}
2019-10-03 21:11:07,961 [main] INFO  handler.ContextHandler (ContextHandler.java:doStart(781)) - Started o.e.j.w.WebAppContext@58324c9f{/,file:///tmp/jetty-0.0.0.0-40453-hddsDatanode-_-any-4831487552668347028.dir/webapp/,AVAILABLE}{/hddsDatanode}
2019-10-03 21:11:07,961 [main] INFO  server.AbstractConnector (AbstractConnector.java:doStart(278)) - Started ServerConnector@5d7d8613{HTTP/1.1,[http/1.1]}{0.0.0.0:40453}
2019-10-03 21:11:07,962 [main] INFO  server.Server (Server.java:doStart(419)) - Started @112055ms
2019-10-03 21:11:07,963 [main] WARN  impl.MetricsSystemImpl (MetricsSystemImpl.java:register(276)) - Sink prometheus already exists!
2019-10-03 21:11:07,963 [main] INFO  server.BaseHttpServer (BaseHttpServer.java:updateConnectorAddress(215)) - HTTP server of HDDSDATANODE is listening at http://0.0.0.0:40453
2019-10-03 21:11:07,963 [main] INFO  impl.MetricsSystemImpl (MetricsSystemImpl.java:init(158)) - HddsDatanode metrics system started (again)
2019-10-03 21:11:07,966 [main] INFO  ozone.HddsDatanodeService (HddsDatanodeService.java:start(184)) - HddsDatanodeService host:pr-hdds-2225-n29jj-1390324493 ip:192.168.30.42
2019-10-03 21:11:07,966 [org.apache.hadoop.util.JvmPauseMonitor$Monitor@2b957e99] INFO  util.JvmPauseMonitor (JvmPauseMonitor.java:run(188)) - Starting JVM pause monitor
2019-10-03 21:11:07,968 [Datanode State Machine Thread - 0] INFO  datanode.InitDatanodeState (InitDatanodeState.java:persistContainerDatanodeDetails(140)) - DatanodeDetails is persisted to /workdir/hadoop-ozone/integration-test/target/test-dir/MiniOzoneClusterImpl-eb3927cc-2b10-4a46-9282-313eace86f45/datanode-2/meta/datanode.id
2019-10-03 21:11:07,973 [main] INFO  volume.HddsVolume (HddsVolume.java:<init>(176)) - Creating Volume: /workdir/hadoop-ozone/integration-test/target/test-dir/MiniOzoneClusterImpl-eb3927cc-2b10-4a46-9282-313eace86f45/datanode-3/data/containers/hdds of  storage type : DISK and capacity : 1482555576320
2019-10-03 21:11:07,973 [main] INFO  volume.VolumeSet (VolumeSet.java:initializeVolumeSet(170)) - Added Volume : /workdir/hadoop-ozone/integration-test/target/test-dir/MiniOzoneClusterImpl-eb3927cc-2b10-4a46-9282-313eace86f45/datanode-3/data/containers/hdds to VolumeSet
2019-10-03 21:11:07,974 [main] INFO  volume.ThrottledAsyncChecker (ThrottledAsyncChecker.java:schedule(139)) - Scheduling a check for org.apache.hadoop.ozone.container.common.volume.HddsVolume@7e64c1a9
2019-10-03 21:11:07,974 [main] INFO  volume.HddsVolumeChecker (HddsVolumeChecker.java:checkAllVolumes(202)) - Scheduled health check for volume org.apache.hadoop.ozone.container.common.volume.HddsVolume@7e64c1a9
2019-10-03 21:11:07,986 [main] INFO  impl.RaftServerProxy (ConfUtils.java:logGet(43)) - raft.rpc.type = GRPC (default)
2019-10-03 21:11:07,986 [main] INFO  grpc.GrpcFactory (GrpcFactory.java:checkPooledByteBufAllocatorUseCacheForAllThreads(45)) - PERFORMANCE WARNING: useCacheForAllThreads is true that may cause Netty to create a lot garbage objects and, as a result, trigger GC.
	It is recommended to disable useCacheForAllThreads by setting -Dorg.apache.ratis.thirdparty.io.netty.allocator.useCacheForAllThreads=false in command line.
2019-10-03 21:11:07,987 [main] INFO  grpc.GrpcConfigKeys$Server (ConfUtils.java:logGet(43)) - raft.grpc.server.port = 0 (default)
2019-10-03 21:11:07,987 [main] INFO  server.GrpcService (ConfUtils.java:logGet(43)) - raft.grpc.message.size.max = 33570816 (custom)
2019-10-03 21:11:07,987 [main] INFO  server.RaftServerConfigKeys (ConfUtils.java:logGet(43)) - raft.server.log.appender.buffer.byte-limit = 33554432 (custom)
2019-10-03 21:11:07,987 [main] INFO  server.GrpcService (ConfUtils.java:logGet(43)) - raft.grpc.flow.control.window = 1MB (=1048576) (default)
2019-10-03 21:11:07,987 [main] INFO  server.RaftServerConfigKeys (ConfUtils.java:logGet(43)) - raft.server.rpc.request.timeout = 3000ms (default)
2019-10-03 21:11:07,988 [main] INFO  server.RaftServerConfigKeys (ConfUtils.java:logGet(43)) - raft.server.storage.dir = [/workdir/hadoop-ozone/integration-test/target/test-dir/MiniOzoneClusterImpl-eb3927cc-2b10-4a46-9282-313eace86f45/datanode-3/data/ratis] (custom)
2019-10-03 21:11:07,988 [main] INFO  hdfs.DFSUtil (DFSUtil.java:httpServerTemplateForNNAndJN(1641)) - Starting Web-server for hddsDatanode at: http://0.0.0.0:0
2019-10-03 21:11:07,989 [main] INFO  server.AuthenticationFilter (AuthenticationFilter.java:constructSecretProvider(240)) - Unable to initialize FileSignerSecretProvider, falling back to use random secrets.
2019-10-03 21:11:07,990 [main] WARN  http.HttpRequestLog (HttpRequestLog.java:getRequestLog(97)) - Jetty request log can only be enabled using Log4j
2019-10-03 21:11:07,991 [main] INFO  http.HttpServer2 (HttpServer2.java:addGlobalFilter(975)) - Added global filter 'safety' (class=org.apache.hadoop.http.HttpServer2$QuotingInputFilter)
2019-10-03 21:11:07,991 [main] INFO  http.HttpServer2 (HttpServer2.java:addFilter(948)) - Added filter static_user_filter (class=org.apache.hadoop.http.lib.StaticUserWebFilter$StaticUserFilter) to context hddsDatanode
2019-10-03 21:11:07,991 [main] INFO  http.HttpServer2 (HttpServer2.java:addFilter(958)) - Added filter static_user_filter (class=org.apache.hadoop.http.lib.StaticUserWebFilter$StaticUserFilter) to context static
2019-10-03 21:11:07,992 [main] INFO  http.HttpServer2 (HttpServer2.java:addFilter(958)) - Added filter static_user_filter (class=org.apache.hadoop.http.lib.StaticUserWebFilter$StaticUserFilter) to context logs
2019-10-03 21:11:07,992 [main] INFO  http.HttpServer2 (HttpServer2.java:bindListener(1191)) - Jetty bound to port 38665
2019-10-03 21:11:07,992 [main] INFO  server.Server (Server.java:doStart(351)) - jetty-9.3.25.v20180904, build timestamp: 2018-09-04T21:11:46Z, git hash: 3ce520221d0240229c862b122d2b06c12a625732
2019-10-03 21:11:07,994 [main] INFO  handler.ContextHandler (ContextHandler.java:doStart(781)) - Started o.e.j.s.ServletContextHandler@61ff6a49{/logs,file:///workdir/hadoop-ozone/integration-test/target/log,AVAILABLE}
2019-10-03 21:11:07,994 [main] INFO  handler.ContextHandler (ContextHandler.java:doStart(781)) - Started o.e.j.s.ServletContextHandler@6042d663{/static,jar:file:/home/user/.m2/repository/org/apache/hadoop/hadoop-hdds-container-service/0.5.0-SNAPSHOT/hadoop-hdds-container-service-0.5.0-SNAPSHOT.jar!/webapps/static,AVAILABLE}
2019-10-03 21:11:08,021 [main] INFO  handler.ContextHandler (ContextHandler.java:doStart(781)) - Started o.e.j.w.WebAppContext@60cb1ed6{/,file:///tmp/jetty-0.0.0.0-38665-hddsDatanode-_-any-2779796936983832229.dir/webapp/,AVAILABLE}{/hddsDatanode}
2019-10-03 21:11:08,021 [main] INFO  server.AbstractConnector (AbstractConnector.java:doStart(278)) - Started ServerConnector@1e5eb20a{HTTP/1.1,[http/1.1]}{0.0.0.0:38665}
2019-10-03 21:11:08,023 [main] INFO  server.Server (Server.java:doStart(419)) - Started @112115ms
2019-10-03 21:11:08,023 [main] WARN  impl.MetricsSystemImpl (MetricsSystemImpl.java:register(276)) - Sink prometheus already exists!
2019-10-03 21:11:08,023 [main] INFO  server.BaseHttpServer (BaseHttpServer.java:updateConnectorAddress(215)) - HTTP server of HDDSDATANODE is listening at http://0.0.0.0:38665
2019-10-03 21:11:08,024 [main] INFO  impl.MetricsSystemImpl (MetricsSystemImpl.java:init(158)) - HddsDatanode metrics system started (again)
2019-10-03 21:11:08,027 [main] INFO  ozone.HddsDatanodeService (HddsDatanodeService.java:start(184)) - HddsDatanodeService host:pr-hdds-2225-n29jj-1390324493 ip:192.168.30.42
2019-10-03 21:11:08,027 [org.apache.hadoop.util.JvmPauseMonitor$Monitor@1b23c2af] INFO  util.JvmPauseMonitor (JvmPauseMonitor.java:run(188)) - Starting JVM pause monitor
2019-10-03 21:11:08,028 [Datanode State Machine Thread - 0] INFO  datanode.InitDatanodeState (InitDatanodeState.java:persistContainerDatanodeDetails(140)) - DatanodeDetails is persisted to /workdir/hadoop-ozone/integration-test/target/test-dir/MiniOzoneClusterImpl-eb3927cc-2b10-4a46-9282-313eace86f45/datanode-3/meta/datanode.id
2019-10-03 21:11:08,038 [main] INFO  volume.HddsVolume (HddsVolume.java:<init>(176)) - Creating Volume: /workdir/hadoop-ozone/integration-test/target/test-dir/MiniOzoneClusterImpl-eb3927cc-2b10-4a46-9282-313eace86f45/datanode-4/data/containers/hdds of  storage type : DISK and capacity : 1482555576320
2019-10-03 21:11:08,038 [main] INFO  volume.VolumeSet (VolumeSet.java:initializeVolumeSet(170)) - Added Volume : /workdir/hadoop-ozone/integration-test/target/test-dir/MiniOzoneClusterImpl-eb3927cc-2b10-4a46-9282-313eace86f45/datanode-4/data/containers/hdds to VolumeSet
2019-10-03 21:11:08,039 [main] INFO  volume.ThrottledAsyncChecker (ThrottledAsyncChecker.java:schedule(139)) - Scheduling a check for org.apache.hadoop.ozone.container.common.volume.HddsVolume@43f03c23
2019-10-03 21:11:08,039 [main] INFO  volume.HddsVolumeChecker (HddsVolumeChecker.java:checkAllVolumes(202)) - Scheduled health check for volume org.apache.hadoop.ozone.container.common.volume.HddsVolume@43f03c23
2019-10-03 21:11:08,053 [main] INFO  impl.RaftServerProxy (ConfUtils.java:logGet(43)) - raft.rpc.type = GRPC (default)
2019-10-03 21:11:08,053 [main] INFO  grpc.GrpcFactory (GrpcFactory.java:checkPooledByteBufAllocatorUseCacheForAllThreads(45)) - PERFORMANCE WARNING: useCacheForAllThreads is true that may cause Netty to create a lot garbage objects and, as a result, trigger GC.
	It is recommended to disable useCacheForAllThreads by setting -Dorg.apache.ratis.thirdparty.io.netty.allocator.useCacheForAllThreads=false in command line.
2019-10-03 21:11:08,053 [main] INFO  grpc.GrpcConfigKeys$Server (ConfUtils.java:logGet(43)) - raft.grpc.server.port = 0 (default)
2019-10-03 21:11:08,054 [main] INFO  server.GrpcService (ConfUtils.java:logGet(43)) - raft.grpc.message.size.max = 33570816 (custom)
2019-10-03 21:11:08,054 [main] INFO  server.RaftServerConfigKeys (ConfUtils.java:logGet(43)) - raft.server.log.appender.buffer.byte-limit = 33554432 (custom)
2019-10-03 21:11:08,054 [main] INFO  server.GrpcService (ConfUtils.java:logGet(43)) - raft.grpc.flow.control.window = 1MB (=1048576) (default)
2019-10-03 21:11:08,054 [main] INFO  server.RaftServerConfigKeys (ConfUtils.java:logGet(43)) - raft.server.rpc.request.timeout = 3000ms (default)
2019-10-03 21:11:08,055 [main] INFO  server.RaftServerConfigKeys (ConfUtils.java:logGet(43)) - raft.server.storage.dir = [/workdir/hadoop-ozone/integration-test/target/test-dir/MiniOzoneClusterImpl-eb3927cc-2b10-4a46-9282-313eace86f45/datanode-4/data/ratis] (custom)
2019-10-03 21:11:08,056 [main] INFO  hdfs.DFSUtil (DFSUtil.java:httpServerTemplateForNNAndJN(1641)) - Starting Web-server for hddsDatanode at: http://0.0.0.0:0
2019-10-03 21:11:08,058 [main] INFO  server.AuthenticationFilter (AuthenticationFilter.java:constructSecretProvider(240)) - Unable to initialize FileSignerSecretProvider, falling back to use random secrets.
2019-10-03 21:11:08,058 [main] WARN  http.HttpRequestLog (HttpRequestLog.java:getRequestLog(97)) - Jetty request log can only be enabled using Log4j
2019-10-03 21:11:08,060 [main] INFO  http.HttpServer2 (HttpServer2.java:addGlobalFilter(975)) - Added global filter 'safety' (class=org.apache.hadoop.http.HttpServer2$QuotingInputFilter)
2019-10-03 21:11:08,061 [main] INFO  http.HttpServer2 (HttpServer2.java:addFilter(948)) - Added filter static_user_filter (class=org.apache.hadoop.http.lib.StaticUserWebFilter$StaticUserFilter) to context hddsDatanode
2019-10-03 21:11:08,061 [main] INFO  http.HttpServer2 (HttpServer2.java:addFilter(958)) - Added filter static_user_filter (class=org.apache.hadoop.http.lib.StaticUserWebFilter$StaticUserFilter) to context logs
2019-10-03 21:11:08,062 [main] INFO  http.HttpServer2 (HttpServer2.java:addFilter(958)) - Added filter static_user_filter (class=org.apache.hadoop.http.lib.StaticUserWebFilter$StaticUserFilter) to context static
2019-10-03 21:11:08,062 [main] INFO  http.HttpServer2 (HttpServer2.java:bindListener(1191)) - Jetty bound to port 37284
2019-10-03 21:11:08,063 [main] INFO  server.Server (Server.java:doStart(351)) - jetty-9.3.25.v20180904, build timestamp: 2018-09-04T21:11:46Z, git hash: 3ce520221d0240229c862b122d2b06c12a625732
2019-10-03 21:11:08,065 [main] INFO  handler.ContextHandler (ContextHandler.java:doStart(781)) - Started o.e.j.s.ServletContextHandler@6579cdbb{/logs,file:///workdir/hadoop-ozone/integration-test/target/log,AVAILABLE}
2019-10-03 21:11:08,065 [main] INFO  handler.ContextHandler (ContextHandler.java:doStart(781)) - Started o.e.j.s.ServletContextHandler@1e1232cf{/static,jar:file:/home/user/.m2/repository/org/apache/hadoop/hadoop-hdds-container-service/0.5.0-SNAPSHOT/hadoop-hdds-container-service-0.5.0-SNAPSHOT.jar!/webapps/static,AVAILABLE}
2019-10-03 21:11:08,109 [main] INFO  handler.ContextHandler (ContextHandler.java:doStart(781)) - Started o.e.j.w.WebAppContext@766a52f5{/,file:///tmp/jetty-0.0.0.0-37284-hddsDatanode-_-any-1940446979611969668.dir/webapp/,AVAILABLE}{/hddsDatanode}
2019-10-03 21:11:08,110 [main] INFO  server.AbstractConnector (AbstractConnector.java:doStart(278)) - Started ServerConnector@4342c13{HTTP/1.1,[http/1.1]}{0.0.0.0:37284}
2019-10-03 21:11:08,112 [main] INFO  server.Server (Server.java:doStart(419)) - Started @112204ms
2019-10-03 21:11:08,112 [main] WARN  impl.MetricsSystemImpl (MetricsSystemImpl.java:register(276)) - Sink prometheus already exists!
2019-10-03 21:11:08,113 [main] INFO  server.BaseHttpServer (BaseHttpServer.java:updateConnectorAddress(215)) - HTTP server of HDDSDATANODE is listening at http://0.0.0.0:37284
2019-10-03 21:11:08,113 [main] INFO  impl.MetricsSystemImpl (MetricsSystemImpl.java:init(158)) - HddsDatanode metrics system started (again)
2019-10-03 21:11:08,117 [main] INFO  ozone.HddsDatanodeService (HddsDatanodeService.java:start(184)) - HddsDatanodeService host:pr-hdds-2225-n29jj-1390324493 ip:192.168.30.42
2019-10-03 21:11:08,117 [org.apache.hadoop.util.JvmPauseMonitor$Monitor@39cff01f] INFO  util.JvmPauseMonitor (JvmPauseMonitor.java:run(188)) - Starting JVM pause monitor
2019-10-03 21:11:08,119 [Datanode State Machine Thread - 0] INFO  datanode.InitDatanodeState (InitDatanodeState.java:persistContainerDatanodeDetails(140)) - DatanodeDetails is persisted to /workdir/hadoop-ozone/integration-test/target/test-dir/MiniOzoneClusterImpl-eb3927cc-2b10-4a46-9282-313eace86f45/datanode-4/meta/datanode.id
2019-10-03 21:11:08,124 [main] INFO  volume.HddsVolume (HddsVolume.java:<init>(176)) - Creating Volume: /workdir/hadoop-ozone/integration-test/target/test-dir/MiniOzoneClusterImpl-eb3927cc-2b10-4a46-9282-313eace86f45/datanode-5/data/containers/hdds of  storage type : DISK and capacity : 1482555576320
2019-10-03 21:11:08,125 [main] INFO  volume.VolumeSet (VolumeSet.java:initializeVolumeSet(170)) - Added Volume : /workdir/hadoop-ozone/integration-test/target/test-dir/MiniOzoneClusterImpl-eb3927cc-2b10-4a46-9282-313eace86f45/datanode-5/data/containers/hdds to VolumeSet
2019-10-03 21:11:08,125 [main] INFO  volume.ThrottledAsyncChecker (ThrottledAsyncChecker.java:schedule(139)) - Scheduling a check for org.apache.hadoop.ozone.container.common.volume.HddsVolume@18d11527
2019-10-03 21:11:08,125 [main] INFO  volume.HddsVolumeChecker (HddsVolumeChecker.java:checkAllVolumes(202)) - Scheduled health check for volume org.apache.hadoop.ozone.container.common.volume.HddsVolume@18d11527
2019-10-03 21:11:08,141 [main] INFO  impl.RaftServerProxy (ConfUtils.java:logGet(43)) - raft.rpc.type = GRPC (default)
2019-10-03 21:11:08,141 [main] INFO  grpc.GrpcFactory (GrpcFactory.java:checkPooledByteBufAllocatorUseCacheForAllThreads(45)) - PERFORMANCE WARNING: useCacheForAllThreads is true that may cause Netty to create a lot garbage objects and, as a result, trigger GC.
	It is recommended to disable useCacheForAllThreads by setting -Dorg.apache.ratis.thirdparty.io.netty.allocator.useCacheForAllThreads=false in command line.
2019-10-03 21:11:08,141 [main] INFO  grpc.GrpcConfigKeys$Server (ConfUtils.java:logGet(43)) - raft.grpc.server.port = 0 (default)
2019-10-03 21:11:08,141 [main] INFO  server.GrpcService (ConfUtils.java:logGet(43)) - raft.grpc.message.size.max = 33570816 (custom)
2019-10-03 21:11:08,142 [main] INFO  server.RaftServerConfigKeys (ConfUtils.java:logGet(43)) - raft.server.log.appender.buffer.byte-limit = 33554432 (custom)
2019-10-03 21:11:08,142 [main] INFO  server.GrpcService (ConfUtils.java:logGet(43)) - raft.grpc.flow.control.window = 1MB (=1048576) (default)
2019-10-03 21:11:08,142 [main] INFO  server.RaftServerConfigKeys (ConfUtils.java:logGet(43)) - raft.server.rpc.request.timeout = 3000ms (default)
2019-10-03 21:11:08,143 [main] INFO  server.RaftServerConfigKeys (ConfUtils.java:logGet(43)) - raft.server.storage.dir = [/workdir/hadoop-ozone/integration-test/target/test-dir/MiniOzoneClusterImpl-eb3927cc-2b10-4a46-9282-313eace86f45/datanode-5/data/ratis] (custom)
2019-10-03 21:11:08,144 [main] INFO  hdfs.DFSUtil (DFSUtil.java:httpServerTemplateForNNAndJN(1641)) - Starting Web-server for hddsDatanode at: http://0.0.0.0:0
2019-10-03 21:11:08,145 [main] INFO  server.AuthenticationFilter (AuthenticationFilter.java:constructSecretProvider(240)) - Unable to initialize FileSignerSecretProvider, falling back to use random secrets.
2019-10-03 21:11:08,146 [main] WARN  http.HttpRequestLog (HttpRequestLog.java:getRequestLog(97)) - Jetty request log can only be enabled using Log4j
2019-10-03 21:11:08,147 [main] INFO  http.HttpServer2 (HttpServer2.java:addGlobalFilter(975)) - Added global filter 'safety' (class=org.apache.hadoop.http.HttpServer2$QuotingInputFilter)
2019-10-03 21:11:08,148 [main] INFO  http.HttpServer2 (HttpServer2.java:addFilter(948)) - Added filter static_user_filter (class=org.apache.hadoop.http.lib.StaticUserWebFilter$StaticUserFilter) to context hddsDatanode
2019-10-03 21:11:08,148 [main] INFO  http.HttpServer2 (HttpServer2.java:addFilter(958)) - Added filter static_user_filter (class=org.apache.hadoop.http.lib.StaticUserWebFilter$StaticUserFilter) to context logs
2019-10-03 21:11:08,148 [main] INFO  http.HttpServer2 (HttpServer2.java:addFilter(958)) - Added filter static_user_filter (class=org.apache.hadoop.http.lib.StaticUserWebFilter$StaticUserFilter) to context static
2019-10-03 21:11:08,149 [main] INFO  http.HttpServer2 (HttpServer2.java:bindListener(1191)) - Jetty bound to port 36754
2019-10-03 21:11:08,149 [main] INFO  server.Server (Server.java:doStart(351)) - jetty-9.3.25.v20180904, build timestamp: 2018-09-04T21:11:46Z, git hash: 3ce520221d0240229c862b122d2b06c12a625732
2019-10-03 21:11:08,151 [main] INFO  handler.ContextHandler (ContextHandler.java:doStart(781)) - Started o.e.j.s.ServletContextHandler@78a8978a{/logs,file:///workdir/hadoop-ozone/integration-test/target/log,AVAILABLE}
2019-10-03 21:11:08,152 [main] INFO  handler.ContextHandler (ContextHandler.java:doStart(781)) - Started o.e.j.s.ServletContextHandler@7d4d8579{/static,jar:file:/home/user/.m2/repository/org/apache/hadoop/hadoop-hdds-container-service/0.5.0-SNAPSHOT/hadoop-hdds-container-service-0.5.0-SNAPSHOT.jar!/webapps/static,AVAILABLE}
2019-10-03 21:11:08,184 [main] INFO  handler.ContextHandler (ContextHandler.java:doStart(781)) - Started o.e.j.w.WebAppContext@691124ee{/,file:///tmp/jetty-0.0.0.0-36754-hddsDatanode-_-any-584467999348158756.dir/webapp/,AVAILABLE}{/hddsDatanode}
2019-10-03 21:11:08,185 [main] INFO  server.AbstractConnector (AbstractConnector.java:doStart(278)) - Started ServerConnector@38d80d65{HTTP/1.1,[http/1.1]}{0.0.0.0:36754}
2019-10-03 21:11:08,187 [main] INFO  server.Server (Server.java:doStart(419)) - Started @112279ms
2019-10-03 21:11:08,187 [main] WARN  impl.MetricsSystemImpl (MetricsSystemImpl.java:register(276)) - Sink prometheus already exists!
2019-10-03 21:11:08,188 [main] INFO  server.BaseHttpServer (BaseHttpServer.java:updateConnectorAddress(215)) - HTTP server of HDDSDATANODE is listening at http://0.0.0.0:36754
2019-10-03 21:11:08,188 [main] INFO  impl.MetricsSystemImpl (MetricsSystemImpl.java:init(158)) - HddsDatanode metrics system started (again)
2019-10-03 21:11:08,193 [org.apache.hadoop.util.JvmPauseMonitor$Monitor@5b58d917] INFO  util.JvmPauseMonitor (JvmPauseMonitor.java:run(188)) - Starting JVM pause monitor
2019-10-03 21:11:08,193 [main] INFO  ozone.HddsDatanodeService (HddsDatanodeService.java:start(184)) - HddsDatanodeService host:pr-hdds-2225-n29jj-1390324493 ip:192.168.30.42
2019-10-03 21:11:08,194 [Datanode State Machine Thread - 0] INFO  datanode.InitDatanodeState (InitDatanodeState.java:persistContainerDatanodeDetails(140)) - DatanodeDetails is persisted to /workdir/hadoop-ozone/integration-test/target/test-dir/MiniOzoneClusterImpl-eb3927cc-2b10-4a46-9282-313eace86f45/datanode-5/meta/datanode.id
2019-10-03 21:11:08,200 [main] INFO  volume.HddsVolume (HddsVolume.java:<init>(176)) - Creating Volume: /workdir/hadoop-ozone/integration-test/target/test-dir/MiniOzoneClusterImpl-eb3927cc-2b10-4a46-9282-313eace86f45/datanode-6/data/containers/hdds of  storage type : DISK and capacity : 1482555576320
2019-10-03 21:11:08,201 [main] INFO  volume.VolumeSet (VolumeSet.java:initializeVolumeSet(170)) - Added Volume : /workdir/hadoop-ozone/integration-test/target/test-dir/MiniOzoneClusterImpl-eb3927cc-2b10-4a46-9282-313eace86f45/datanode-6/data/containers/hdds to VolumeSet
2019-10-03 21:11:08,201 [main] INFO  volume.ThrottledAsyncChecker (ThrottledAsyncChecker.java:schedule(139)) - Scheduling a check for org.apache.hadoop.ozone.container.common.volume.HddsVolume@6be6931f
2019-10-03 21:11:08,202 [main] INFO  volume.HddsVolumeChecker (HddsVolumeChecker.java:checkAllVolumes(202)) - Scheduled health check for volume org.apache.hadoop.ozone.container.common.volume.HddsVolume@6be6931f
2019-10-03 21:11:08,221 [main] INFO  impl.RaftServerProxy (ConfUtils.java:logGet(43)) - raft.rpc.type = GRPC (default)
2019-10-03 21:11:08,221 [main] INFO  grpc.GrpcFactory (GrpcFactory.java:checkPooledByteBufAllocatorUseCacheForAllThreads(45)) - PERFORMANCE WARNING: useCacheForAllThreads is true that may cause Netty to create a lot garbage objects and, as a result, trigger GC.
	It is recommended to disable useCacheForAllThreads by setting -Dorg.apache.ratis.thirdparty.io.netty.allocator.useCacheForAllThreads=false in command line.
2019-10-03 21:11:08,221 [main] INFO  grpc.GrpcConfigKeys$Server (ConfUtils.java:logGet(43)) - raft.grpc.server.port = 0 (default)
2019-10-03 21:11:08,221 [main] INFO  server.GrpcService (ConfUtils.java:logGet(43)) - raft.grpc.message.size.max = 33570816 (custom)
2019-10-03 21:11:08,222 [main] INFO  server.RaftServerConfigKeys (ConfUtils.java:logGet(43)) - raft.server.log.appender.buffer.byte-limit = 33554432 (custom)
2019-10-03 21:11:08,222 [main] INFO  server.GrpcService (ConfUtils.java:logGet(43)) - raft.grpc.flow.control.window = 1MB (=1048576) (default)
2019-10-03 21:11:08,222 [main] INFO  server.RaftServerConfigKeys (ConfUtils.java:logGet(43)) - raft.server.rpc.request.timeout = 3000ms (default)
2019-10-03 21:11:08,223 [main] INFO  server.RaftServerConfigKeys (ConfUtils.java:logGet(43)) - raft.server.storage.dir = [/workdir/hadoop-ozone/integration-test/target/test-dir/MiniOzoneClusterImpl-eb3927cc-2b10-4a46-9282-313eace86f45/datanode-6/data/ratis] (custom)
2019-10-03 21:11:08,224 [main] INFO  hdfs.DFSUtil (DFSUtil.java:httpServerTemplateForNNAndJN(1641)) - Starting Web-server for hddsDatanode at: http://0.0.0.0:0
2019-10-03 21:11:08,226 [main] INFO  server.AuthenticationFilter (AuthenticationFilter.java:constructSecretProvider(240)) - Unable to initialize FileSignerSecretProvider, falling back to use random secrets.
2019-10-03 21:11:08,227 [main] WARN  http.HttpRequestLog (HttpRequestLog.java:getRequestLog(97)) - Jetty request log can only be enabled using Log4j
2019-10-03 21:11:08,228 [main] INFO  http.HttpServer2 (HttpServer2.java:addGlobalFilter(975)) - Added global filter 'safety' (class=org.apache.hadoop.http.HttpServer2$QuotingInputFilter)
2019-10-03 21:11:08,229 [main] INFO  http.HttpServer2 (HttpServer2.java:addFilter(948)) - Added filter static_user_filter (class=org.apache.hadoop.http.lib.StaticUserWebFilter$StaticUserFilter) to context hddsDatanode
2019-10-03 21:11:08,229 [main] INFO  http.HttpServer2 (HttpServer2.java:addFilter(958)) - Added filter static_user_filter (class=org.apache.hadoop.http.lib.StaticUserWebFilter$StaticUserFilter) to context static
2019-10-03 21:11:08,229 [main] INFO  http.HttpServer2 (HttpServer2.java:addFilter(958)) - Added filter static_user_filter (class=org.apache.hadoop.http.lib.StaticUserWebFilter$StaticUserFilter) to context logs
2019-10-03 21:11:08,230 [main] INFO  http.HttpServer2 (HttpServer2.java:bindListener(1191)) - Jetty bound to port 36815
2019-10-03 21:11:08,230 [main] INFO  server.Server (Server.java:doStart(351)) - jetty-9.3.25.v20180904, build timestamp: 2018-09-04T21:11:46Z, git hash: 3ce520221d0240229c862b122d2b06c12a625732
2019-10-03 21:11:08,232 [main] INFO  handler.ContextHandler (ContextHandler.java:doStart(781)) - Started o.e.j.s.ServletContextHandler@3592c1c4{/logs,file:///workdir/hadoop-ozone/integration-test/target/log,AVAILABLE}
2019-10-03 21:11:08,233 [main] INFO  handler.ContextHandler (ContextHandler.java:doStart(781)) - Started o.e.j.s.ServletContextHandler@4aeb0e2b{/static,jar:file:/home/user/.m2/repository/org/apache/hadoop/hadoop-hdds-container-service/0.5.0-SNAPSHOT/hadoop-hdds-container-service-0.5.0-SNAPSHOT.jar!/webapps/static,AVAILABLE}
2019-10-03 21:11:08,271 [main] INFO  handler.ContextHandler (ContextHandler.java:doStart(781)) - Started o.e.j.w.WebAppContext@f2276c9{/,file:///tmp/jetty-0.0.0.0-36815-hddsDatanode-_-any-7052492539242077751.dir/webapp/,AVAILABLE}{/hddsDatanode}
2019-10-03 21:11:08,271 [main] INFO  server.AbstractConnector (AbstractConnector.java:doStart(278)) - Started ServerConnector@12d2ddde{HTTP/1.1,[http/1.1]}{0.0.0.0:36815}
2019-10-03 21:11:08,273 [main] INFO  server.Server (Server.java:doStart(419)) - Started @112365ms
2019-10-03 21:11:08,273 [main] WARN  impl.MetricsSystemImpl (MetricsSystemImpl.java:register(276)) - Sink prometheus already exists!
2019-10-03 21:11:08,274 [main] INFO  server.BaseHttpServer (BaseHttpServer.java:updateConnectorAddress(215)) - HTTP server of HDDSDATANODE is listening at http://0.0.0.0:36815
2019-10-03 21:11:08,274 [main] INFO  ozone.MiniOzoneClusterImpl (MiniOzoneClusterImpl.java:lambda$waitForClusterToBeReady$0(147)) - Waiting for cluster to be ready. Got 0 of 7 DN Heartbeats.
2019-10-03 21:11:08,275 [org.apache.hadoop.util.JvmPauseMonitor$Monitor@11d73073] INFO  util.JvmPauseMonitor (JvmPauseMonitor.java:run(188)) - Starting JVM pause monitor
2019-10-03 21:11:08,276 [Datanode State Machine Thread - 0] INFO  datanode.InitDatanodeState (InitDatanodeState.java:persistContainerDatanodeDetails(140)) - DatanodeDetails is persisted to /workdir/hadoop-ozone/integration-test/target/test-dir/MiniOzoneClusterImpl-eb3927cc-2b10-4a46-9282-313eace86f45/datanode-6/meta/datanode.id
2019-10-03 21:11:09,280 [main] INFO  ozone.MiniOzoneClusterImpl (MiniOzoneClusterImpl.java:lambda$waitForClusterToBeReady$0(147)) - Waiting for cluster to be ready. Got 0 of 7 DN Heartbeats.
2019-10-03 21:11:09,875 [Datanode State Machine Thread - 0] INFO  ozoneimpl.OzoneContainer (OzoneContainer.java:start(217)) - Attempting to start container services.
2019-10-03 21:11:09,876 [Datanode State Machine Thread - 0] INFO  ozoneimpl.OzoneContainer (OzoneContainer.java:startContainerScrub(179)) - Background container scanner has been disabled.
2019-10-03 21:11:09,876 [Datanode State Machine Thread - 0] INFO  ratis.XceiverServerRatis (XceiverServerRatis.java:start(417)) - Starting XceiverServerRatis f658ebac-deb2-49b4-9f10-33c653d96c5d at port 0
2019-10-03 21:11:09,893 [Datanode State Machine Thread - 0] INFO  impl.RaftServerProxy (RaftServerProxy.java:lambda$start$3(299)) - f658ebac-deb2-49b4-9f10-33c653d96c5d: start RPC server
2019-10-03 21:11:09,898 [Datanode State Machine Thread - 0] INFO  server.GrpcService (GrpcService.java:startImpl(158)) - f658ebac-deb2-49b4-9f10-33c653d96c5d: GrpcService started, listening on 0.0.0.0/0.0.0.0:44839
2019-10-03 21:11:09,898 [Datanode State Machine Thread - 0] INFO  ratis.XceiverServerRatis (XceiverServerRatis.java:start(427)) - XceiverServerRatis f658ebac-deb2-49b4-9f10-33c653d96c5d is started using port 44839
2019-10-03 21:11:09,900 [Datanode State Machine Thread - 0] INFO  server.XceiverServerGrpc (XceiverServerGrpc.java:start(149)) - XceiverServerGrpc f658ebac-deb2-49b4-9f10-33c653d96c5d is started using port 34834
2019-10-03 21:11:09,933 [Datanode State Machine Thread - 0] INFO  ozoneimpl.OzoneContainer (OzoneContainer.java:start(217)) - Attempting to start container services.
2019-10-03 21:11:09,934 [Datanode State Machine Thread - 0] INFO  ozoneimpl.OzoneContainer (OzoneContainer.java:startContainerScrub(179)) - Background container scanner has been disabled.
2019-10-03 21:11:09,934 [Datanode State Machine Thread - 0] INFO  ratis.XceiverServerRatis (XceiverServerRatis.java:start(417)) - Starting XceiverServerRatis 9c318cf7-b60a-4fbf-bf89-edd5e8cfab55 at port 0
2019-10-03 21:11:09,941 [Datanode State Machine Thread - 0] INFO  impl.RaftServerProxy (RaftServerProxy.java:lambda$start$3(299)) - 9c318cf7-b60a-4fbf-bf89-edd5e8cfab55: start RPC server
2019-10-03 21:11:09,943 [Datanode State Machine Thread - 0] INFO  server.GrpcService (GrpcService.java:startImpl(158)) - 9c318cf7-b60a-4fbf-bf89-edd5e8cfab55: GrpcService started, listening on 0.0.0.0/0.0.0.0:45559
2019-10-03 21:11:09,943 [Datanode State Machine Thread - 0] INFO  ratis.XceiverServerRatis (XceiverServerRatis.java:start(427)) - XceiverServerRatis 9c318cf7-b60a-4fbf-bf89-edd5e8cfab55 is started using port 45559
2019-10-03 21:11:09,944 [Datanode State Machine Thread - 0] INFO  server.XceiverServerGrpc (XceiverServerGrpc.java:start(149)) - XceiverServerGrpc 9c318cf7-b60a-4fbf-bf89-edd5e8cfab55 is started using port 43091
2019-10-03 21:11:09,991 [Datanode State Machine Thread - 0] INFO  ozoneimpl.OzoneContainer (OzoneContainer.java:start(217)) - Attempting to start container services.
2019-10-03 21:11:09,994 [Datanode State Machine Thread - 0] INFO  ozoneimpl.OzoneContainer (OzoneContainer.java:startContainerScrub(179)) - Background container scanner has been disabled.
2019-10-03 21:11:09,994 [Datanode State Machine Thread - 0] INFO  ratis.XceiverServerRatis (XceiverServerRatis.java:start(417)) - Starting XceiverServerRatis d9a24089-827a-4a77-b172-8ccf24699869 at port 0
2019-10-03 21:11:10,010 [Datanode State Machine Thread - 0] INFO  impl.RaftServerProxy (RaftServerProxy.java:lambda$start$3(299)) - d9a24089-827a-4a77-b172-8ccf24699869: start RPC server
2019-10-03 21:11:10,013 [Datanode State Machine Thread - 0] INFO  server.GrpcService (GrpcService.java:startImpl(158)) - d9a24089-827a-4a77-b172-8ccf24699869: GrpcService started, listening on 0.0.0.0/0.0.0.0:44992
2019-10-03 21:11:10,014 [Datanode State Machine Thread - 0] INFO  ratis.XceiverServerRatis (XceiverServerRatis.java:start(427)) - XceiverServerRatis d9a24089-827a-4a77-b172-8ccf24699869 is started using port 44992
2019-10-03 21:11:10,014 [Datanode State Machine Thread - 0] INFO  server.XceiverServerGrpc (XceiverServerGrpc.java:start(149)) - XceiverServerGrpc d9a24089-827a-4a77-b172-8ccf24699869 is started using port 40456
2019-10-03 21:11:10,052 [Datanode State Machine Thread - 0] INFO  ozoneimpl.OzoneContainer (OzoneContainer.java:start(217)) - Attempting to start container services.
2019-10-03 21:11:10,053 [Datanode State Machine Thread - 0] INFO  ozoneimpl.OzoneContainer (OzoneContainer.java:startContainerScrub(179)) - Background container scanner has been disabled.
2019-10-03 21:11:10,053 [Datanode State Machine Thread - 0] INFO  ratis.XceiverServerRatis (XceiverServerRatis.java:start(417)) - Starting XceiverServerRatis c69db473-da19-42bc-b553-45bf783073d2 at port 0
2019-10-03 21:11:10,060 [Datanode State Machine Thread - 0] INFO  impl.RaftServerProxy (RaftServerProxy.java:lambda$start$3(299)) - c69db473-da19-42bc-b553-45bf783073d2: start RPC server
2019-10-03 21:11:10,064 [Datanode State Machine Thread - 0] INFO  server.GrpcService (GrpcService.java:startImpl(158)) - c69db473-da19-42bc-b553-45bf783073d2: GrpcService started, listening on 0.0.0.0/0.0.0.0:33680
2019-10-03 21:11:10,064 [Datanode State Machine Thread - 0] INFO  ratis.XceiverServerRatis (XceiverServerRatis.java:start(427)) - XceiverServerRatis c69db473-da19-42bc-b553-45bf783073d2 is started using port 33680
2019-10-03 21:11:10,065 [Datanode State Machine Thread - 0] INFO  server.XceiverServerGrpc (XceiverServerGrpc.java:start(149)) - XceiverServerGrpc c69db473-da19-42bc-b553-45bf783073d2 is started using port 35861
2019-10-03 21:11:10,158 [Datanode State Machine Thread - 0] INFO  ozoneimpl.OzoneContainer (OzoneContainer.java:start(217)) - Attempting to start container services.
2019-10-03 21:11:10,158 [Datanode State Machine Thread - 0] INFO  ozoneimpl.OzoneContainer (OzoneContainer.java:startContainerScrub(179)) - Background container scanner has been disabled.
2019-10-03 21:11:10,158 [Datanode State Machine Thread - 0] INFO  ratis.XceiverServerRatis (XceiverServerRatis.java:start(417)) - Starting XceiverServerRatis 7c505e6a-9687-4d94-9068-e6b7950a282c at port 0
2019-10-03 21:11:10,166 [Datanode State Machine Thread - 0] INFO  impl.RaftServerProxy (RaftServerProxy.java:lambda$start$3(299)) - 7c505e6a-9687-4d94-9068-e6b7950a282c: start RPC server
2019-10-03 21:11:10,167 [Datanode State Machine Thread - 0] INFO  server.GrpcService (GrpcService.java:startImpl(158)) - 7c505e6a-9687-4d94-9068-e6b7950a282c: GrpcService started, listening on 0.0.0.0/0.0.0.0:38657
2019-10-03 21:11:10,167 [Datanode State Machine Thread - 0] INFO  ratis.XceiverServerRatis (XceiverServerRatis.java:start(427)) - XceiverServerRatis 7c505e6a-9687-4d94-9068-e6b7950a282c is started using port 38657
2019-10-03 21:11:10,168 [Datanode State Machine Thread - 0] INFO  server.XceiverServerGrpc (XceiverServerGrpc.java:start(149)) - XceiverServerGrpc 7c505e6a-9687-4d94-9068-e6b7950a282c is started using port 43296
2019-10-03 21:11:10,217 [Datanode State Machine Thread - 0] INFO  ozoneimpl.OzoneContainer (OzoneContainer.java:start(217)) - Attempting to start container services.
2019-10-03 21:11:10,217 [Datanode State Machine Thread - 0] INFO  ozoneimpl.OzoneContainer (OzoneContainer.java:startContainerScrub(179)) - Background container scanner has been disabled.
2019-10-03 21:11:10,217 [Datanode State Machine Thread - 0] INFO  ratis.XceiverServerRatis (XceiverServerRatis.java:start(417)) - Starting XceiverServerRatis fe70dfea-4805-4f28-818f-8095715e39a4 at port 0
2019-10-03 21:11:10,225 [Datanode State Machine Thread - 0] INFO  impl.RaftServerProxy (RaftServerProxy.java:lambda$start$3(299)) - fe70dfea-4805-4f28-818f-8095715e39a4: start RPC server
2019-10-03 21:11:10,228 [Datanode State Machine Thread - 0] INFO  server.GrpcService (GrpcService.java:startImpl(158)) - fe70dfea-4805-4f28-818f-8095715e39a4: GrpcService started, listening on 0.0.0.0/0.0.0.0:33733
2019-10-03 21:11:10,228 [Datanode State Machine Thread - 0] INFO  ratis.XceiverServerRatis (XceiverServerRatis.java:start(427)) - XceiverServerRatis fe70dfea-4805-4f28-818f-8095715e39a4 is started using port 33733
2019-10-03 21:11:10,228 [Datanode State Machine Thread - 0] INFO  server.XceiverServerGrpc (XceiverServerGrpc.java:start(149)) - XceiverServerGrpc fe70dfea-4805-4f28-818f-8095715e39a4 is started using port 39526
2019-10-03 21:11:10,281 [main] INFO  ozone.MiniOzoneClusterImpl (MiniOzoneClusterImpl.java:lambda$waitForClusterToBeReady$0(147)) - Waiting for cluster to be ready. Got 0 of 7 DN Heartbeats.
2019-10-03 21:11:10,299 [Datanode State Machine Thread - 0] INFO  ozoneimpl.OzoneContainer (OzoneContainer.java:start(217)) - Attempting to start container services.
2019-10-03 21:11:10,300 [Datanode State Machine Thread - 0] INFO  ozoneimpl.OzoneContainer (OzoneContainer.java:startContainerScrub(179)) - Background container scanner has been disabled.
2019-10-03 21:11:10,300 [Datanode State Machine Thread - 0] INFO  ratis.XceiverServerRatis (XceiverServerRatis.java:start(417)) - Starting XceiverServerRatis 9536ee1a-5724-4172-9532-94ec92614bef at port 0
2019-10-03 21:11:10,308 [Datanode State Machine Thread - 0] INFO  impl.RaftServerProxy (RaftServerProxy.java:lambda$start$3(299)) - 9536ee1a-5724-4172-9532-94ec92614bef: start RPC server
2019-10-03 21:11:10,309 [Datanode State Machine Thread - 0] INFO  server.GrpcService (GrpcService.java:startImpl(158)) - 9536ee1a-5724-4172-9532-94ec92614bef: GrpcService started, listening on 0.0.0.0/0.0.0.0:37563
2019-10-03 21:11:10,309 [Datanode State Machine Thread - 0] INFO  ratis.XceiverServerRatis (XceiverServerRatis.java:start(427)) - XceiverServerRatis 9536ee1a-5724-4172-9532-94ec92614bef is started using port 37563
2019-10-03 21:11:10,322 [Datanode State Machine Thread - 0] INFO  server.XceiverServerGrpc (XceiverServerGrpc.java:start(149)) - XceiverServerGrpc 9536ee1a-5724-4172-9532-94ec92614bef is started using port 41553
2019-10-03 21:11:11,282 [main] INFO  ozone.MiniOzoneClusterImpl (MiniOzoneClusterImpl.java:lambda$waitForClusterToBeReady$0(147)) - Waiting for cluster to be ready. Got 0 of 7 DN Heartbeats.
2019-10-03 21:11:11,834 [IPC Server handler 8 on 35366] INFO  net.NetworkTopology (NetworkTopologyImpl.java:add(111)) - Added a new node: /default-rack/f658ebac-deb2-49b4-9f10-33c653d96c5d
2019-10-03 21:11:11,837 [IPC Server handler 8 on 35366] INFO  node.SCMNodeManager (SCMNodeManager.java:register(266)) - Registered Data node : f658ebac-deb2-49b4-9f10-33c653d96c5d{ip: 192.168.30.42, host: pr-hdds-2225-n29jj-1390324493, networkLocation: /default-rack, certSerialId: null}
2019-10-03 21:11:11,838 [EventQueue-NodeRegistrationContainerReportForDataNodeSafeModeRule] INFO  safemode.SCMSafeModeManager (DataNodeSafeModeRule.java:process(71)) - SCM in safe mode. 1 DataNodes registered, 1 required.
2019-10-03 21:11:11,841 [EventQueue-NodeRegistrationContainerReportForContainerSafeModeRule] INFO  safemode.SCMSafeModeManager (SCMSafeModeManager.java:validateSafeModeExitRules(177)) - ScmSafeModeManager, all rules are successfully validated
2019-10-03 21:11:11,841 [EventQueue-NodeRegistrationContainerReportForContainerSafeModeRule] INFO  safemode.SCMSafeModeManager (SCMSafeModeManager.java:exitSafeMode(193)) - SCM exiting safe mode.
2019-10-03 21:11:11,856 [grpc-default-executor-4] INFO  impl.RaftServerProxy (RaftServerProxy.java:addNew(89)) - f658ebac-deb2-49b4-9f10-33c653d96c5d: addNew group-9623F06A7562:[f658ebac-deb2-49b4-9f10-33c653d96c5d:192.168.30.42:44839] returns group-9623F06A7562:java.util.concurrent.CompletableFuture@6590ee32[Not completed]
2019-10-03 21:11:11,858 [pool-207-thread-1] INFO  impl.RaftServerImpl (RaftServerImpl.java:<init>(95)) - f658ebac-deb2-49b4-9f10-33c653d96c5d: new RaftServerImpl for group-9623F06A7562:[f658ebac-deb2-49b4-9f10-33c653d96c5d:192.168.30.42:44839] with ContainerStateMachine:uninitialized
2019-10-03 21:11:11,859 [pool-207-thread-1] INFO  server.RaftServerConfigKeys (ConfUtils.java:logGet(43)) - raft.server.rpc.timeout.min = 5s (custom)
2019-10-03 21:11:11,859 [pool-207-thread-1] INFO  server.RaftServerConfigKeys (ConfUtils.java:logGet(43)) - raft.server.rpc.timeout.max = 5200ms (custom)
2019-10-03 21:11:11,859 [pool-207-thread-1] INFO  server.RaftServerConfigKeys (ConfUtils.java:logGet(43)) - raft.server.rpcslowness.timeout = 120s (custom)
2019-10-03 21:11:11,859 [pool-207-thread-1] INFO  server.RaftServerConfigKeys (ConfUtils.java:logGet(43)) - raft.server.sleep.deviation.threshold = 300 (default)
2019-10-03 21:11:11,859 [pool-207-thread-1] INFO  server.RaftServerConfigKeys (ConfUtils.java:logGet(43)) - raft.server.log.appender.install.snapshot.enabled = false (custom)
2019-10-03 21:11:11,860 [pool-207-thread-1] INFO  impl.RaftServerImpl (ServerState.java:<init>(103)) - f658ebac-deb2-49b4-9f10-33c653d96c5d@group-9623F06A7562: ConfigurationManager, init=-1: [f658ebac-deb2-49b4-9f10-33c653d96c5d:192.168.30.42:44839], old=null, confs=<EMPTY_MAP>
2019-10-03 21:11:11,860 [pool-207-thread-1] INFO  server.RaftServerConfigKeys (ConfUtils.java:logGet(43)) - raft.server.storage.dir = [/workdir/hadoop-ozone/integration-test/target/test-dir/MiniOzoneClusterImpl-eb3927cc-2b10-4a46-9282-313eace86f45/datanode-0/data/ratis] (custom)
2019-10-03 21:11:11,860 [pool-207-thread-1] INFO  server.RaftServerConfigKeys (ConfUtils.java:logGet(43)) - raft.server.log.corruption.policy = EXCEPTION (default)
2019-10-03 21:11:11,861 [pool-207-thread-1] INFO  storage.RaftStorageDirectory (RaftStorageDirectory.java:analyzeStorage(246)) - The storage directory /workdir/hadoop-ozone/integration-test/target/test-dir/MiniOzoneClusterImpl-eb3927cc-2b10-4a46-9282-313eace86f45/datanode-0/data/ratis/6e3239ac-7d4b-41d6-aa76-9623f06a7562 does not exist. Creating ...
2019-10-03 21:11:11,894 [pool-207-thread-1] INFO  storage.RaftStorageDirectory (RaftStorageDirectory.java:tryLock(328)) - Lock on /workdir/hadoop-ozone/integration-test/target/test-dir/MiniOzoneClusterImpl-eb3927cc-2b10-4a46-9282-313eace86f45/datanode-0/data/ratis/6e3239ac-7d4b-41d6-aa76-9623f06a7562/in_use.lock acquired by nodename 4957@pr-hdds-2225-n29jj-1390324493
2019-10-03 21:11:11,909 [IPC Server handler 0 on 35366] INFO  net.NetworkTopology (NetworkTopologyImpl.java:add(111)) - Added a new node: /default-rack/9c318cf7-b60a-4fbf-bf89-edd5e8cfab55
2019-10-03 21:11:11,910 [IPC Server handler 0 on 35366] INFO  node.SCMNodeManager (SCMNodeManager.java:register(266)) - Registered Data node : 9c318cf7-b60a-4fbf-bf89-edd5e8cfab55{ip: 192.168.30.42, host: pr-hdds-2225-n29jj-1390324493, networkLocation: /default-rack, certSerialId: null}
2019-10-03 21:11:11,919 [pool-207-thread-1] INFO  storage.RaftStorage (RaftStorage.java:format(84)) - Storage directory /workdir/hadoop-ozone/integration-test/target/test-dir/MiniOzoneClusterImpl-eb3927cc-2b10-4a46-9282-313eace86f45/datanode-0/data/ratis/6e3239ac-7d4b-41d6-aa76-9623f06a7562 has been successfully formatted.
2019-10-03 21:11:11,920 [pool-207-thread-1] INFO  ratis.ContainerStateMachine (ContainerStateMachine.java:loadSnapshot(230)) - group-9623F06A7562: The snapshot info is null. Setting the last applied indexto:(t:0, i:~)
2019-10-03 21:11:11,920 [pool-207-thread-1] INFO  server.RaftServerConfigKeys (ConfUtils.java:logGet(43)) - raft.server.notification.no-leader.timeout = 120s (custom)
2019-10-03 21:11:11,920 [pool-207-thread-1] INFO  server.RaftServerConfigKeys (ConfUtils.java:logGet(43)) - raft.server.log.use.memory = false (default)
2019-10-03 21:11:11,921 [pool-207-thread-1] INFO  server.RaftServerConfigKeys (ConfUtils.java:logGet(43)) - raft.server.log.purge.gap = 1000000 (custom)
2019-10-03 21:11:11,921 [pool-207-thread-1] INFO  server.RaftServerConfigKeys (ConfUtils.java:logGet(43)) - raft.server.log.appender.buffer.byte-limit = 33554432 (custom)
2019-10-03 21:11:11,921 [pool-207-thread-1] INFO  server.RaftServerConfigKeys (ConfUtils.java:logGet(43)) - raft.server.log.segment.size.max = 1048576 (custom)
2019-10-03 21:11:11,924 [pool-207-thread-1] INFO  server.RaftServerConfigKeys (ConfUtils.java:logGet(43)) - raft.server.log.segment.cache.num.max = 2 (custom)
2019-10-03 21:11:11,924 [pool-207-thread-1] INFO  segmented.SegmentedRaftLogWorker (SegmentedRaftLogWorker.java:<init>(173)) - new f658ebac-deb2-49b4-9f10-33c653d96c5d@group-9623F06A7562-SegmentedRaftLogWorker for RaftStorage:Storage Directory /workdir/hadoop-ozone/integration-test/target/test-dir/MiniOzoneClusterImpl-eb3927cc-2b10-4a46-9282-313eace86f45/datanode-0/data/ratis/6e3239ac-7d4b-41d6-aa76-9623f06a7562
2019-10-03 21:11:11,924 [pool-207-thread-1] INFO  server.RaftServerConfigKeys (ConfUtils.java:logGet(43)) - raft.server.log.queue.byte-limit = 2147483647 (custom)
2019-10-03 21:11:11,925 [pool-207-thread-1] INFO  server.RaftServerConfigKeys (ConfUtils.java:logGet(43)) - raft.server.log.queue.element-limit = 1024 (custom)
2019-10-03 21:11:11,925 [pool-207-thread-1] INFO  server.RaftServerConfigKeys (ConfUtils.java:logGet(43)) - raft.server.log.segment.size.max = 1048576 (custom)
2019-10-03 21:11:11,925 [pool-207-thread-1] INFO  server.RaftServerConfigKeys (ConfUtils.java:logGet(43)) - raft.server.log.preallocated.size = 16384 (custom)
2019-10-03 21:11:11,925 [pool-207-thread-1] INFO  server.RaftServerConfigKeys (ConfUtils.java:logGet(43)) - raft.server.log.write.buffer.size = 33554432 (custom)
2019-10-03 21:11:11,925 [pool-207-thread-1] INFO  server.RaftServerConfigKeys (ConfUtils.java:logGet(43)) - raft.server.log.force.sync.num = 128 (default)
2019-10-03 21:11:11,925 [pool-207-thread-1] INFO  server.RaftServerConfigKeys (ConfUtils.java:logGet(43)) - raft.server.log.statemachine.data.sync = true (default)
2019-10-03 21:11:11,926 [pool-207-thread-1] INFO  server.RaftServerConfigKeys (ConfUtils.java:logGet(43)) - raft.server.log.statemachine.data.sync.timeout = 10s (default)
2019-10-03 21:11:11,926 [pool-207-thread-1] INFO  server.RaftServerConfigKeys (ConfUtils.java:logGet(43)) - raft.server.log.statemachine.data.sync.timeout.retry = -1 (default)
2019-10-03 21:11:11,926 [pool-207-thread-1] INFO  server.RaftServerConfigKeys (ConfUtils.java:logGet(43)) - raft.server.log.statemachine.data.caching.enabled = true (custom)
2019-10-03 21:11:11,927 [pool-207-thread-1] INFO  segmented.SegmentedRaftLogWorker (SegmentedRaftLogWorker.java:lambda$new$0(128)) - f658ebac-deb2-49b4-9f10-33c653d96c5d@group-9623F06A7562-SegmentedRaftLogWorker: flushIndex: setUnconditionally 0 -> -1
2019-10-03 21:11:11,928 [pool-207-thread-1] INFO  server.RaftServerConfigKeys (ConfUtils.java:logGet(43)) - raft.server.snapshot.auto.trigger.enabled = true (custom)
2019-10-03 21:11:11,928 [pool-207-thread-1] INFO  server.RaftServerConfigKeys (ConfUtils.java:logGet(43)) - raft.server.snapshot.auto.trigger.threshold = 10000 (custom)
2019-10-03 21:11:11,928 [pool-207-thread-1] INFO  server.RaftServerConfigKeys (ConfUtils.java:logGet(43)) - raft.server.snapshot.retention.file.num = 5 (custom)
2019-10-03 21:11:11,928 [pool-207-thread-1] INFO  server.RaftServerConfigKeys (ConfUtils.java:logGet(43)) - raft.server.retrycache.expirytime = 600000ms (custom)
2019-10-03 21:11:11,931 [pool-207-thread-1] INFO  impl.RaftServerImpl (RaftServerImpl.java:start(181)) - f658ebac-deb2-49b4-9f10-33c653d96c5d@group-9623F06A7562: start as a follower, conf=-1: [f658ebac-deb2-49b4-9f10-33c653d96c5d:192.168.30.42:44839], old=null
2019-10-03 21:11:11,931 [pool-207-thread-1] INFO  impl.RaftServerImpl (RaftServerImpl.java:setRole(170)) - f658ebac-deb2-49b4-9f10-33c653d96c5d@group-9623F06A7562: changes role from      null to FOLLOWER at term 0 for startAsFollower
2019-10-03 21:11:11,931 [pool-207-thread-1] INFO  impl.RoleInfo (RoleInfo.java:updateAndGet(143)) - f658ebac-deb2-49b4-9f10-33c653d96c5d: start FollowerState
2019-10-03 21:11:11,932 [pool-207-thread-1] INFO  util.JmxRegister (JmxRegister.java:tryRegister(44)) - Successfully registered JMX Bean with object name Ratis:service=RaftServer,group=group-9623F06A7562,id=f658ebac-deb2-49b4-9f10-33c653d96c5d
2019-10-03 21:11:11,941 [RatisPipelineUtilsThread] INFO  pipeline.PipelineStateManager (PipelineStateManager.java:addPipeline(56)) - Created pipeline Pipeline[ Id: 6e3239ac-7d4b-41d6-aa76-9623f06a7562, Nodes: f658ebac-deb2-49b4-9f10-33c653d96c5d{ip: 192.168.30.42, host: pr-hdds-2225-n29jj-1390324493, networkLocation: /default-rack, certSerialId: null}, Type:RATIS, Factor:ONE, State:OPEN]
2019-10-03 21:11:11,973 [grpc-default-executor-4] INFO  impl.RaftServerProxy (RaftServerProxy.java:addNew(89)) - 9c318cf7-b60a-4fbf-bf89-edd5e8cfab55: addNew group-DEA01BAD9E12:[9c318cf7-b60a-4fbf-bf89-edd5e8cfab55:192.168.30.42:45559] returns group-DEA01BAD9E12:java.util.concurrent.CompletableFuture@31b1da7d[Not completed]
2019-10-03 21:11:11,973 [IPC Server handler 4 on 35366] INFO  net.NetworkTopology (NetworkTopologyImpl.java:add(111)) - Added a new node: /default-rack/d9a24089-827a-4a77-b172-8ccf24699869
2019-10-03 21:11:11,973 [IPC Server handler 4 on 35366] INFO  node.SCMNodeManager (SCMNodeManager.java:register(266)) - Registered Data node : d9a24089-827a-4a77-b172-8ccf24699869{ip: 192.168.30.42, host: pr-hdds-2225-n29jj-1390324493, networkLocation: /default-rack, certSerialId: null}
2019-10-03 21:11:11,974 [pool-217-thread-1] INFO  impl.RaftServerImpl (RaftServerImpl.java:<init>(95)) - 9c318cf7-b60a-4fbf-bf89-edd5e8cfab55: new RaftServerImpl for group-DEA01BAD9E12:[9c318cf7-b60a-4fbf-bf89-edd5e8cfab55:192.168.30.42:45559] with ContainerStateMachine:uninitialized
2019-10-03 21:11:11,974 [pool-217-thread-1] INFO  server.RaftServerConfigKeys (ConfUtils.java:logGet(43)) - raft.server.rpc.timeout.min = 5s (custom)
2019-10-03 21:11:11,974 [pool-217-thread-1] INFO  server.RaftServerConfigKeys (ConfUtils.java:logGet(43)) - raft.server.rpc.timeout.max = 5200ms (custom)
2019-10-03 21:11:11,974 [pool-217-thread-1] INFO  server.RaftServerConfigKeys (ConfUtils.java:logGet(43)) - raft.server.rpcslowness.timeout = 120s (custom)
2019-10-03 21:11:11,974 [pool-217-thread-1] INFO  server.RaftServerConfigKeys (ConfUtils.java:logGet(43)) - raft.server.sleep.deviation.threshold = 300 (default)
2019-10-03 21:11:11,975 [pool-217-thread-1] INFO  server.RaftServerConfigKeys (ConfUtils.java:logGet(43)) - raft.server.log.appender.install.snapshot.enabled = false (custom)
2019-10-03 21:11:11,975 [pool-217-thread-1] INFO  impl.RaftServerImpl (ServerState.java:<init>(103)) - 9c318cf7-b60a-4fbf-bf89-edd5e8cfab55@group-DEA01BAD9E12: ConfigurationManager, init=-1: [9c318cf7-b60a-4fbf-bf89-edd5e8cfab55:192.168.30.42:45559], old=null, confs=<EMPTY_MAP>
2019-10-03 21:11:11,975 [pool-217-thread-1] INFO  server.RaftServerConfigKeys (ConfUtils.java:logGet(43)) - raft.server.storage.dir = [/workdir/hadoop-ozone/integration-test/target/test-dir/MiniOzoneClusterImpl-eb3927cc-2b10-4a46-9282-313eace86f45/datanode-1/data/ratis] (custom)
2019-10-03 21:11:11,975 [pool-217-thread-1] INFO  server.RaftServerConfigKeys (ConfUtils.java:logGet(43)) - raft.server.log.corruption.policy = EXCEPTION (default)
2019-10-03 21:11:11,976 [pool-217-thread-1] INFO  storage.RaftStorageDirectory (RaftStorageDirectory.java:analyzeStorage(246)) - The storage directory /workdir/hadoop-ozone/integration-test/target/test-dir/MiniOzoneClusterImpl-eb3927cc-2b10-4a46-9282-313eace86f45/datanode-1/data/ratis/f18ca758-c9fd-4d25-af3a-dea01bad9e12 does not exist. Creating ...
2019-10-03 21:11:12,003 [pool-217-thread-1] INFO  storage.RaftStorageDirectory (RaftStorageDirectory.java:tryLock(328)) - Lock on /workdir/hadoop-ozone/integration-test/target/test-dir/MiniOzoneClusterImpl-eb3927cc-2b10-4a46-9282-313eace86f45/datanode-1/data/ratis/f18ca758-c9fd-4d25-af3a-dea01bad9e12/in_use.lock acquired by nodename 4957@pr-hdds-2225-n29jj-1390324493
2019-10-03 21:11:12,028 [IPC Server handler 5 on 35366] INFO  net.NetworkTopology (NetworkTopologyImpl.java:add(111)) - Added a new node: /default-rack/c69db473-da19-42bc-b553-45bf783073d2
2019-10-03 21:11:12,029 [IPC Server handler 5 on 35366] INFO  node.SCMNodeManager (SCMNodeManager.java:register(266)) - Registered Data node : c69db473-da19-42bc-b553-45bf783073d2{ip: 192.168.30.42, host: pr-hdds-2225-n29jj-1390324493, networkLocation: /default-rack, certSerialId: null}
2019-10-03 21:11:12,029 [pool-217-thread-1] INFO  storage.RaftStorage (RaftStorage.java:format(84)) - Storage directory /workdir/hadoop-ozone/integration-test/target/test-dir/MiniOzoneClusterImpl-eb3927cc-2b10-4a46-9282-313eace86f45/datanode-1/data/ratis/f18ca758-c9fd-4d25-af3a-dea01bad9e12 has been successfully formatted.
2019-10-03 21:11:12,029 [pool-217-thread-1] INFO  ratis.ContainerStateMachine (ContainerStateMachine.java:loadSnapshot(230)) - group-DEA01BAD9E12: The snapshot info is null. Setting the last applied indexto:(t:0, i:~)
2019-10-03 21:11:12,029 [pool-217-thread-1] INFO  server.RaftServerConfigKeys (ConfUtils.java:logGet(43)) - raft.server.notification.no-leader.timeout = 120s (custom)
2019-10-03 21:11:12,029 [pool-217-thread-1] INFO  server.RaftServerConfigKeys (ConfUtils.java:logGet(43)) - raft.server.log.use.memory = false (default)
2019-10-03 21:11:12,030 [pool-217-thread-1] INFO  server.RaftServerConfigKeys (ConfUtils.java:logGet(43)) - raft.server.log.purge.gap = 1000000 (custom)
2019-10-03 21:11:12,030 [pool-217-thread-1] INFO  server.RaftServerConfigKeys (ConfUtils.java:logGet(43)) - raft.server.log.appender.buffer.byte-limit = 33554432 (custom)
2019-10-03 21:11:12,030 [pool-217-thread-1] INFO  server.RaftServerConfigKeys (ConfUtils.java:logGet(43)) - raft.server.log.segment.size.max = 1048576 (custom)
2019-10-03 21:11:12,032 [pool-217-thread-1] INFO  server.RaftServerConfigKeys (ConfUtils.java:logGet(43)) - raft.server.log.segment.cache.num.max = 2 (custom)
2019-10-03 21:11:12,032 [pool-217-thread-1] INFO  segmented.SegmentedRaftLogWorker (SegmentedRaftLogWorker.java:<init>(173)) - new 9c318cf7-b60a-4fbf-bf89-edd5e8cfab55@group-DEA01BAD9E12-SegmentedRaftLogWorker for RaftStorage:Storage Directory /workdir/hadoop-ozone/integration-test/target/test-dir/MiniOzoneClusterImpl-eb3927cc-2b10-4a46-9282-313eace86f45/datanode-1/data/ratis/f18ca758-c9fd-4d25-af3a-dea01bad9e12
2019-10-03 21:11:12,032 [pool-217-thread-1] INFO  server.RaftServerConfigKeys (ConfUtils.java:logGet(43)) - raft.server.log.queue.byte-limit = 2147483647 (custom)
2019-10-03 21:11:12,032 [pool-217-thread-1] INFO  server.RaftServerConfigKeys (ConfUtils.java:logGet(43)) - raft.server.log.queue.element-limit = 1024 (custom)
2019-10-03 21:11:12,033 [pool-217-thread-1] INFO  server.RaftServerConfigKeys (ConfUtils.java:logGet(43)) - raft.server.log.segment.size.max = 1048576 (custom)
2019-10-03 21:11:12,033 [pool-217-thread-1] INFO  server.RaftServerConfigKeys (ConfUtils.java:logGet(43)) - raft.server.log.preallocated.size = 16384 (custom)
2019-10-03 21:11:12,033 [pool-217-thread-1] INFO  server.RaftServerConfigKeys (ConfUtils.java:logGet(43)) - raft.server.log.write.buffer.size = 33554432 (custom)
2019-10-03 21:11:12,033 [pool-217-thread-1] INFO  server.RaftServerConfigKeys (ConfUtils.java:logGet(43)) - raft.server.log.force.sync.num = 128 (default)
2019-10-03 21:11:12,033 [pool-217-thread-1] INFO  server.RaftServerConfigKeys (ConfUtils.java:logGet(43)) - raft.server.log.statemachine.data.sync = true (default)
2019-10-03 21:11:12,033 [pool-217-thread-1] INFO  server.RaftServerConfigKeys (ConfUtils.java:logGet(43)) - raft.server.log.statemachine.data.sync.timeout = 10s (default)
2019-10-03 21:11:12,034 [pool-217-thread-1] INFO  server.RaftServerConfigKeys (ConfUtils.java:logGet(43)) - raft.server.log.statemachine.data.sync.timeout.retry = -1 (default)
2019-10-03 21:11:12,034 [pool-217-thread-1] INFO  server.RaftServerConfigKeys (ConfUtils.java:logGet(43)) - raft.server.log.statemachine.data.caching.enabled = true (custom)
2019-10-03 21:11:12,034 [pool-217-thread-1] INFO  segmented.SegmentedRaftLogWorker (SegmentedRaftLogWorker.java:lambda$new$0(128)) - 9c318cf7-b60a-4fbf-bf89-edd5e8cfab55@group-DEA01BAD9E12-SegmentedRaftLogWorker: flushIndex: setUnconditionally 0 -> -1
2019-10-03 21:11:12,035 [pool-217-thread-1] INFO  server.RaftServerConfigKeys (ConfUtils.java:logGet(43)) - raft.server.snapshot.auto.trigger.enabled = true (custom)
2019-10-03 21:11:12,035 [pool-217-thread-1] INFO  server.RaftServerConfigKeys (ConfUtils.java:logGet(43)) - raft.server.snapshot.auto.trigger.threshold = 10000 (custom)
2019-10-03 21:11:12,035 [pool-217-thread-1] INFO  server.RaftServerConfigKeys (ConfUtils.java:logGet(43)) - raft.server.snapshot.retention.file.num = 5 (custom)
2019-10-03 21:11:12,035 [pool-217-thread-1] INFO  server.RaftServerConfigKeys (ConfUtils.java:logGet(43)) - raft.server.retrycache.expirytime = 600000ms (custom)
2019-10-03 21:11:12,037 [pool-217-thread-1] INFO  impl.RaftServerImpl (RaftServerImpl.java:start(181)) - 9c318cf7-b60a-4fbf-bf89-edd5e8cfab55@group-DEA01BAD9E12: start as a follower, conf=-1: [9c318cf7-b60a-4fbf-bf89-edd5e8cfab55:192.168.30.42:45559], old=null
2019-10-03 21:11:12,037 [pool-217-thread-1] INFO  impl.RaftServerImpl (RaftServerImpl.java:setRole(170)) - 9c318cf7-b60a-4fbf-bf89-edd5e8cfab55@group-DEA01BAD9E12: changes role from      null to FOLLOWER at term 0 for startAsFollower
2019-10-03 21:11:12,037 [pool-217-thread-1] INFO  impl.RoleInfo (RoleInfo.java:updateAndGet(143)) - 9c318cf7-b60a-4fbf-bf89-edd5e8cfab55: start FollowerState
2019-10-03 21:11:12,038 [pool-217-thread-1] INFO  util.JmxRegister (JmxRegister.java:tryRegister(44)) - Successfully registered JMX Bean with object name Ratis:service=RaftServer,group=group-DEA01BAD9E12,id=9c318cf7-b60a-4fbf-bf89-edd5e8cfab55
2019-10-03 21:11:12,046 [RatisPipelineUtilsThread] INFO  pipeline.PipelineStateManager (PipelineStateManager.java:addPipeline(56)) - Created pipeline Pipeline[ Id: f18ca758-c9fd-4d25-af3a-dea01bad9e12, Nodes: 9c318cf7-b60a-4fbf-bf89-edd5e8cfab55{ip: 192.168.30.42, host: pr-hdds-2225-n29jj-1390324493, networkLocation: /default-rack, certSerialId: null}, Type:RATIS, Factor:ONE, State:OPEN]
2019-10-03 21:11:12,057 [grpc-default-executor-4] INFO  impl.RaftServerProxy (RaftServerProxy.java:addNew(89)) - c69db473-da19-42bc-b553-45bf783073d2: addNew group-2C450485653B:[c69db473-da19-42bc-b553-45bf783073d2:192.168.30.42:33680] returns group-2C450485653B:java.util.concurrent.CompletableFuture@c76a1d3[Not completed]
2019-10-03 21:11:12,059 [pool-237-thread-1] INFO  impl.RaftServerImpl (RaftServerImpl.java:<init>(95)) - c69db473-da19-42bc-b553-45bf783073d2: new RaftServerImpl for group-2C450485653B:[c69db473-da19-42bc-b553-45bf783073d2:192.168.30.42:33680] with ContainerStateMachine:uninitialized
2019-10-03 21:11:12,059 [pool-237-thread-1] INFO  server.RaftServerConfigKeys (ConfUtils.java:logGet(43)) - raft.server.rpc.timeout.min = 5s (custom)
2019-10-03 21:11:12,059 [pool-237-thread-1] INFO  server.RaftServerConfigKeys (ConfUtils.java:logGet(43)) - raft.server.rpc.timeout.max = 5200ms (custom)
2019-10-03 21:11:12,059 [pool-237-thread-1] INFO  server.RaftServerConfigKeys (ConfUtils.java:logGet(43)) - raft.server.rpcslowness.timeout = 120s (custom)
2019-10-03 21:11:12,059 [pool-237-thread-1] INFO  server.RaftServerConfigKeys (ConfUtils.java:logGet(43)) - raft.server.sleep.deviation.threshold = 300 (default)
2019-10-03 21:11:12,059 [pool-237-thread-1] INFO  server.RaftServerConfigKeys (ConfUtils.java:logGet(43)) - raft.server.log.appender.install.snapshot.enabled = false (custom)
2019-10-03 21:11:12,060 [pool-237-thread-1] INFO  impl.RaftServerImpl (ServerState.java:<init>(103)) - c69db473-da19-42bc-b553-45bf783073d2@group-2C450485653B: ConfigurationManager, init=-1: [c69db473-da19-42bc-b553-45bf783073d2:192.168.30.42:33680], old=null, confs=<EMPTY_MAP>
2019-10-03 21:11:12,060 [pool-237-thread-1] INFO  server.RaftServerConfigKeys (ConfUtils.java:logGet(43)) - raft.server.storage.dir = [/workdir/hadoop-ozone/integration-test/target/test-dir/MiniOzoneClusterImpl-eb3927cc-2b10-4a46-9282-313eace86f45/datanode-3/data/ratis] (custom)
2019-10-03 21:11:12,060 [pool-237-thread-1] INFO  server.RaftServerConfigKeys (ConfUtils.java:logGet(43)) - raft.server.log.corruption.policy = EXCEPTION (default)
2019-10-03 21:11:12,060 [pool-237-thread-1] INFO  storage.RaftStorageDirectory (RaftStorageDirectory.java:analyzeStorage(246)) - The storage directory /workdir/hadoop-ozone/integration-test/target/test-dir/MiniOzoneClusterImpl-eb3927cc-2b10-4a46-9282-313eace86f45/datanode-3/data/ratis/8468bed7-e69e-4de7-ba4a-2c450485653b does not exist. Creating ...
2019-10-03 21:11:12,087 [pool-237-thread-1] INFO  storage.RaftStorageDirectory (RaftStorageDirectory.java:tryLock(328)) - Lock on /workdir/hadoop-ozone/integration-test/target/test-dir/MiniOzoneClusterImpl-eb3927cc-2b10-4a46-9282-313eace86f45/datanode-3/data/ratis/8468bed7-e69e-4de7-ba4a-2c450485653b/in_use.lock acquired by nodename 4957@pr-hdds-2225-n29jj-1390324493
2019-10-03 21:11:12,113 [pool-237-thread-1] INFO  storage.RaftStorage (RaftStorage.java:format(84)) - Storage directory /workdir/hadoop-ozone/integration-test/target/test-dir/MiniOzoneClusterImpl-eb3927cc-2b10-4a46-9282-313eace86f45/datanode-3/data/ratis/8468bed7-e69e-4de7-ba4a-2c450485653b has been successfully formatted.
2019-10-03 21:11:12,113 [pool-237-thread-1] INFO  ratis.ContainerStateMachine (ContainerStateMachine.java:loadSnapshot(230)) - group-2C450485653B: The snapshot info is null. Setting the last applied indexto:(t:0, i:~)
2019-10-03 21:11:12,113 [pool-237-thread-1] INFO  server.RaftServerConfigKeys (ConfUtils.java:logGet(43)) - raft.server.notification.no-leader.timeout = 120s (custom)
2019-10-03 21:11:12,113 [pool-237-thread-1] INFO  server.RaftServerConfigKeys (ConfUtils.java:logGet(43)) - raft.server.log.use.memory = false (default)
2019-10-03 21:11:12,114 [pool-237-thread-1] INFO  server.RaftServerConfigKeys (ConfUtils.java:logGet(43)) - raft.server.log.purge.gap = 1000000 (custom)
2019-10-03 21:11:12,114 [pool-237-thread-1] INFO  server.RaftServerConfigKeys (ConfUtils.java:logGet(43)) - raft.server.log.appender.buffer.byte-limit = 33554432 (custom)
2019-10-03 21:11:12,114 [pool-237-thread-1] INFO  server.RaftServerConfigKeys (ConfUtils.java:logGet(43)) - raft.server.log.segment.size.max = 1048576 (custom)
2019-10-03 21:11:12,116 [pool-237-thread-1] INFO  server.RaftServerConfigKeys (ConfUtils.java:logGet(43)) - raft.server.log.segment.cache.num.max = 2 (custom)
2019-10-03 21:11:12,116 [pool-237-thread-1] INFO  segmented.SegmentedRaftLogWorker (SegmentedRaftLogWorker.java:<init>(173)) - new c69db473-da19-42bc-b553-45bf783073d2@group-2C450485653B-SegmentedRaftLogWorker for RaftStorage:Storage Directory /workdir/hadoop-ozone/integration-test/target/test-dir/MiniOzoneClusterImpl-eb3927cc-2b10-4a46-9282-313eace86f45/datanode-3/data/ratis/8468bed7-e69e-4de7-ba4a-2c450485653b
2019-10-03 21:11:12,116 [pool-237-thread-1] INFO  server.RaftServerConfigKeys (ConfUtils.java:logGet(43)) - raft.server.log.queue.byte-limit = 2147483647 (custom)
2019-10-03 21:11:12,116 [pool-237-thread-1] INFO  server.RaftServerConfigKeys (ConfUtils.java:logGet(43)) - raft.server.log.queue.element-limit = 1024 (custom)
2019-10-03 21:11:12,116 [pool-237-thread-1] INFO  server.RaftServerConfigKeys (ConfUtils.java:logGet(43)) - raft.server.log.segment.size.max = 1048576 (custom)
2019-10-03 21:11:12,116 [pool-237-thread-1] INFO  server.RaftServerConfigKeys (ConfUtils.java:logGet(43)) - raft.server.log.preallocated.size = 16384 (custom)
2019-10-03 21:11:12,117 [pool-237-thread-1] INFO  server.RaftServerConfigKeys (ConfUtils.java:logGet(43)) - raft.server.log.write.buffer.size = 33554432 (custom)
2019-10-03 21:11:12,117 [pool-237-thread-1] INFO  server.RaftServerConfigKeys (ConfUtils.java:logGet(43)) - raft.server.log.force.sync.num = 128 (default)
2019-10-03 21:11:12,117 [pool-237-thread-1] INFO  server.RaftServerConfigKeys (ConfUtils.java:logGet(43)) - raft.server.log.statemachine.data.sync = true (default)
2019-10-03 21:11:12,117 [pool-237-thread-1] INFO  server.RaftServerConfigKeys (ConfUtils.java:logGet(43)) - raft.server.log.statemachine.data.sync.timeout = 10s (default)
2019-10-03 21:11:12,117 [pool-237-thread-1] INFO  server.RaftServerConfigKeys (ConfUtils.java:logGet(43)) - raft.server.log.statemachine.data.sync.timeout.retry = -1 (default)
2019-10-03 21:11:12,118 [pool-237-thread-1] INFO  server.RaftServerConfigKeys (ConfUtils.java:logGet(43)) - raft.server.log.statemachine.data.caching.enabled = true (custom)
2019-10-03 21:11:12,118 [pool-237-thread-1] INFO  segmented.SegmentedRaftLogWorker (SegmentedRaftLogWorker.java:lambda$new$0(128)) - c69db473-da19-42bc-b553-45bf783073d2@group-2C450485653B-SegmentedRaftLogWorker: flushIndex: setUnconditionally 0 -> -1
2019-10-03 21:11:12,118 [pool-237-thread-1] INFO  server.RaftServerConfigKeys (ConfUtils.java:logGet(43)) - raft.server.snapshot.auto.trigger.enabled = true (custom)
2019-10-03 21:11:12,118 [pool-237-thread-1] INFO  server.RaftServerConfigKeys (ConfUtils.java:logGet(43)) - raft.server.snapshot.auto.trigger.threshold = 10000 (custom)
2019-10-03 21:11:12,119 [pool-237-thread-1] INFO  server.RaftServerConfigKeys (ConfUtils.java:logGet(43)) - raft.server.snapshot.retention.file.num = 5 (custom)
2019-10-03 21:11:12,119 [IPC Server handler 3 on 35366] INFO  net.NetworkTopology (NetworkTopologyImpl.java:add(111)) - Added a new node: /default-rack/7c505e6a-9687-4d94-9068-e6b7950a282c
2019-10-03 21:11:12,119 [pool-237-thread-1] INFO  server.RaftServerConfigKeys (ConfUtils.java:logGet(43)) - raft.server.retrycache.expirytime = 600000ms (custom)
2019-10-03 21:11:12,119 [IPC Server handler 3 on 35366] INFO  node.SCMNodeManager (SCMNodeManager.java:register(266)) - Registered Data node : 7c505e6a-9687-4d94-9068-e6b7950a282c{ip: 192.168.30.42, host: pr-hdds-2225-n29jj-1390324493, networkLocation: /default-rack, certSerialId: null}
2019-10-03 21:11:12,121 [pool-237-thread-1] INFO  impl.RaftServerImpl (RaftServerImpl.java:start(181)) - c69db473-da19-42bc-b553-45bf783073d2@group-2C450485653B: start as a follower, conf=-1: [c69db473-da19-42bc-b553-45bf783073d2:192.168.30.42:33680], old=null
2019-10-03 21:11:12,121 [pool-237-thread-1] INFO  impl.RaftServerImpl (RaftServerImpl.java:setRole(170)) - c69db473-da19-42bc-b553-45bf783073d2@group-2C450485653B: changes role from      null to FOLLOWER at term 0 for startAsFollower
2019-10-03 21:11:12,121 [pool-237-thread-1] INFO  impl.RoleInfo (RoleInfo.java:updateAndGet(143)) - c69db473-da19-42bc-b553-45bf783073d2: start FollowerState
2019-10-03 21:11:12,122 [pool-237-thread-1] INFO  util.JmxRegister (JmxRegister.java:tryRegister(44)) - Successfully registered JMX Bean with object name Ratis:service=RaftServer,group=group-2C450485653B,id=c69db473-da19-42bc-b553-45bf783073d2
2019-10-03 21:11:12,129 [RatisPipelineUtilsThread] INFO  pipeline.PipelineStateManager (PipelineStateManager.java:addPipeline(56)) - Created pipeline Pipeline[ Id: 8468bed7-e69e-4de7-ba4a-2c450485653b, Nodes: c69db473-da19-42bc-b553-45bf783073d2{ip: 192.168.30.42, host: pr-hdds-2225-n29jj-1390324493, networkLocation: /default-rack, certSerialId: null}, Type:RATIS, Factor:ONE, State:OPEN]
2019-10-03 21:11:12,141 [grpc-default-executor-4] INFO  impl.RaftServerProxy (RaftServerProxy.java:addNew(89)) - 7c505e6a-9687-4d94-9068-e6b7950a282c: addNew group-DCEB13F10011:[7c505e6a-9687-4d94-9068-e6b7950a282c:192.168.30.42:38657] returns group-DCEB13F10011:java.util.concurrent.CompletableFuture@5941101[Not completed]
2019-10-03 21:11:12,142 [pool-247-thread-1] INFO  impl.RaftServerImpl (RaftServerImpl.java:<init>(95)) - 7c505e6a-9687-4d94-9068-e6b7950a282c: new RaftServerImpl for group-DCEB13F10011:[7c505e6a-9687-4d94-9068-e6b7950a282c:192.168.30.42:38657] with ContainerStateMachine:uninitialized
2019-10-03 21:11:12,142 [pool-247-thread-1] INFO  server.RaftServerConfigKeys (ConfUtils.java:logGet(43)) - raft.server.rpc.timeout.min = 5s (custom)
2019-10-03 21:11:12,142 [pool-247-thread-1] INFO  server.RaftServerConfigKeys (ConfUtils.java:logGet(43)) - raft.server.rpc.timeout.max = 5200ms (custom)
2019-10-03 21:11:12,142 [pool-247-thread-1] INFO  server.RaftServerConfigKeys (ConfUtils.java:logGet(43)) - raft.server.rpcslowness.timeout = 120s (custom)
2019-10-03 21:11:12,143 [pool-247-thread-1] INFO  server.RaftServerConfigKeys (ConfUtils.java:logGet(43)) - raft.server.sleep.deviation.threshold = 300 (default)
2019-10-03 21:11:12,143 [pool-247-thread-1] INFO  server.RaftServerConfigKeys (ConfUtils.java:logGet(43)) - raft.server.log.appender.install.snapshot.enabled = false (custom)
2019-10-03 21:11:12,143 [pool-247-thread-1] INFO  impl.RaftServerImpl (ServerState.java:<init>(103)) - 7c505e6a-9687-4d94-9068-e6b7950a282c@group-DCEB13F10011: ConfigurationManager, init=-1: [7c505e6a-9687-4d94-9068-e6b7950a282c:192.168.30.42:38657], old=null, confs=<EMPTY_MAP>
2019-10-03 21:11:12,143 [pool-247-thread-1] INFO  server.RaftServerConfigKeys (ConfUtils.java:logGet(43)) - raft.server.storage.dir = [/workdir/hadoop-ozone/integration-test/target/test-dir/MiniOzoneClusterImpl-eb3927cc-2b10-4a46-9282-313eace86f45/datanode-4/data/ratis] (custom)
2019-10-03 21:11:12,143 [pool-247-thread-1] INFO  server.RaftServerConfigKeys (ConfUtils.java:logGet(43)) - raft.server.log.corruption.policy = EXCEPTION (default)
2019-10-03 21:11:12,143 [pool-247-thread-1] INFO  storage.RaftStorageDirectory (RaftStorageDirectory.java:analyzeStorage(246)) - The storage directory /workdir/hadoop-ozone/integration-test/target/test-dir/MiniOzoneClusterImpl-eb3927cc-2b10-4a46-9282-313eace86f45/datanode-4/data/ratis/41bd20ec-2a00-4177-aff0-dceb13f10011 does not exist. Creating ...
2019-10-03 21:11:12,172 [pool-247-thread-1] INFO  storage.RaftStorageDirectory (RaftStorageDirectory.java:tryLock(328)) - Lock on /workdir/hadoop-ozone/integration-test/target/test-dir/MiniOzoneClusterImpl-eb3927cc-2b10-4a46-9282-313eace86f45/datanode-4/data/ratis/41bd20ec-2a00-4177-aff0-dceb13f10011/in_use.lock acquired by nodename 4957@pr-hdds-2225-n29jj-1390324493
2019-10-03 21:11:12,193 [IPC Server handler 2 on 35366] INFO  net.NetworkTopology (NetworkTopologyImpl.java:add(111)) - Added a new node: /default-rack/fe70dfea-4805-4f28-818f-8095715e39a4
2019-10-03 21:11:12,193 [IPC Server handler 2 on 35366] INFO  node.SCMNodeManager (SCMNodeManager.java:register(266)) - Registered Data node : fe70dfea-4805-4f28-818f-8095715e39a4{ip: 192.168.30.42, host: pr-hdds-2225-n29jj-1390324493, networkLocation: /default-rack, certSerialId: null}
2019-10-03 21:11:12,197 [pool-247-thread-1] INFO  storage.RaftStorage (RaftStorage.java:format(84)) - Storage directory /workdir/hadoop-ozone/integration-test/target/test-dir/MiniOzoneClusterImpl-eb3927cc-2b10-4a46-9282-313eace86f45/datanode-4/data/ratis/41bd20ec-2a00-4177-aff0-dceb13f10011 has been successfully formatted.
2019-10-03 21:11:12,197 [pool-247-thread-1] INFO  ratis.ContainerStateMachine (ContainerStateMachine.java:loadSnapshot(230)) - group-DCEB13F10011: The snapshot info is null. Setting the last applied indexto:(t:0, i:~)
2019-10-03 21:11:12,197 [pool-247-thread-1] INFO  server.RaftServerConfigKeys (ConfUtils.java:logGet(43)) - raft.server.notification.no-leader.timeout = 120s (custom)
2019-10-03 21:11:12,198 [pool-247-thread-1] INFO  server.RaftServerConfigKeys (ConfUtils.java:logGet(43)) - raft.server.log.use.memory = false (default)
2019-10-03 21:11:12,198 [pool-247-thread-1] INFO  server.RaftServerConfigKeys (ConfUtils.java:logGet(43)) - raft.server.log.purge.gap = 1000000 (custom)
2019-10-03 21:11:12,198 [pool-247-thread-1] INFO  server.RaftServerConfigKeys (ConfUtils.java:logGet(43)) - raft.server.log.appender.buffer.byte-limit = 33554432 (custom)
2019-10-03 21:11:12,198 [pool-247-thread-1] INFO  server.RaftServerConfigKeys (ConfUtils.java:logGet(43)) - raft.server.log.segment.size.max = 1048576 (custom)
2019-10-03 21:11:12,200 [pool-247-thread-1] INFO  server.RaftServerConfigKeys (ConfUtils.java:logGet(43)) - raft.server.log.segment.cache.num.max = 2 (custom)
2019-10-03 21:11:12,200 [pool-247-thread-1] INFO  segmented.SegmentedRaftLogWorker (SegmentedRaftLogWorker.java:<init>(173)) - new 7c505e6a-9687-4d94-9068-e6b7950a282c@group-DCEB13F10011-SegmentedRaftLogWorker for RaftStorage:Storage Directory /workdir/hadoop-ozone/integration-test/target/test-dir/MiniOzoneClusterImpl-eb3927cc-2b10-4a46-9282-313eace86f45/datanode-4/data/ratis/41bd20ec-2a00-4177-aff0-dceb13f10011
2019-10-03 21:11:12,200 [pool-247-thread-1] INFO  server.RaftServerConfigKeys (ConfUtils.java:logGet(43)) - raft.server.log.queue.byte-limit = 2147483647 (custom)
2019-10-03 21:11:12,200 [pool-247-thread-1] INFO  server.RaftServerConfigKeys (ConfUtils.java:logGet(43)) - raft.server.log.queue.element-limit = 1024 (custom)
2019-10-03 21:11:12,200 [pool-247-thread-1] INFO  server.RaftServerConfigKeys (ConfUtils.java:logGet(43)) - raft.server.log.segment.size.max = 1048576 (custom)
2019-10-03 21:11:12,201 [pool-247-thread-1] INFO  server.RaftServerConfigKeys (ConfUtils.java:logGet(43)) - raft.server.log.preallocated.size = 16384 (custom)
2019-10-03 21:11:12,201 [pool-247-thread-1] INFO  server.RaftServerConfigKeys (ConfUtils.java:logGet(43)) - raft.server.log.write.buffer.size = 33554432 (custom)
2019-10-03 21:11:12,201 [pool-247-thread-1] INFO  server.RaftServerConfigKeys (ConfUtils.java:logGet(43)) - raft.server.log.force.sync.num = 128 (default)
2019-10-03 21:11:12,201 [pool-247-thread-1] INFO  server.RaftServerConfigKeys (ConfUtils.java:logGet(43)) - raft.server.log.statemachine.data.sync = true (default)
2019-10-03 21:11:12,201 [pool-247-thread-1] INFO  server.RaftServerConfigKeys (ConfUtils.java:logGet(43)) - raft.server.log.statemachine.data.sync.timeout = 10s (default)
2019-10-03 21:11:12,201 [pool-247-thread-1] INFO  server.RaftServerConfigKeys (ConfUtils.java:logGet(43)) - raft.server.log.statemachine.data.sync.timeout.retry = -1 (default)
2019-10-03 21:11:12,202 [pool-247-thread-1] INFO  server.RaftServerConfigKeys (ConfUtils.java:logGet(43)) - raft.server.log.statemachine.data.caching.enabled = true (custom)
2019-10-03 21:11:12,202 [pool-247-thread-1] INFO  segmented.SegmentedRaftLogWorker (SegmentedRaftLogWorker.java:lambda$new$0(128)) - 7c505e6a-9687-4d94-9068-e6b7950a282c@group-DCEB13F10011-SegmentedRaftLogWorker: flushIndex: setUnconditionally 0 -> -1
2019-10-03 21:11:12,202 [pool-247-thread-1] INFO  server.RaftServerConfigKeys (ConfUtils.java:logGet(43)) - raft.server.snapshot.auto.trigger.enabled = true (custom)
2019-10-03 21:11:12,202 [pool-247-thread-1] INFO  server.RaftServerConfigKeys (ConfUtils.java:logGet(43)) - raft.server.snapshot.auto.trigger.threshold = 10000 (custom)
2019-10-03 21:11:12,203 [pool-247-thread-1] INFO  server.RaftServerConfigKeys (ConfUtils.java:logGet(43)) - raft.server.snapshot.retention.file.num = 5 (custom)
2019-10-03 21:11:12,203 [pool-247-thread-1] INFO  server.RaftServerConfigKeys (ConfUtils.java:logGet(43)) - raft.server.retrycache.expirytime = 600000ms (custom)
2019-10-03 21:11:12,205 [pool-247-thread-1] INFO  impl.RaftServerImpl (RaftServerImpl.java:start(181)) - 7c505e6a-9687-4d94-9068-e6b7950a282c@group-DCEB13F10011: start as a follower, conf=-1: [7c505e6a-9687-4d94-9068-e6b7950a282c:192.168.30.42:38657], old=null
2019-10-03 21:11:12,205 [pool-247-thread-1] INFO  impl.RaftServerImpl (RaftServerImpl.java:setRole(170)) - 7c505e6a-9687-4d94-9068-e6b7950a282c@group-DCEB13F10011: changes role from      null to FOLLOWER at term 0 for startAsFollower
2019-10-03 21:11:12,205 [pool-247-thread-1] INFO  impl.RoleInfo (RoleInfo.java:updateAndGet(143)) - 7c505e6a-9687-4d94-9068-e6b7950a282c: start FollowerState
2019-10-03 21:11:12,205 [pool-247-thread-1] INFO  util.JmxRegister (JmxRegister.java:tryRegister(44)) - Successfully registered JMX Bean with object name Ratis:service=RaftServer,group=group-DCEB13F10011,id=7c505e6a-9687-4d94-9068-e6b7950a282c
2019-10-03 21:11:12,213 [RatisPipelineUtilsThread] INFO  pipeline.PipelineStateManager (PipelineStateManager.java:addPipeline(56)) - Created pipeline Pipeline[ Id: 41bd20ec-2a00-4177-aff0-dceb13f10011, Nodes: 7c505e6a-9687-4d94-9068-e6b7950a282c{ip: 192.168.30.42, host: pr-hdds-2225-n29jj-1390324493, networkLocation: /default-rack, certSerialId: null}, Type:RATIS, Factor:ONE, State:OPEN]
2019-10-03 21:11:12,223 [grpc-default-executor-4] INFO  impl.RaftServerProxy (RaftServerProxy.java:addNew(89)) - fe70dfea-4805-4f28-818f-8095715e39a4: addNew group-50EFDF53FEF7:[fe70dfea-4805-4f28-818f-8095715e39a4:192.168.30.42:33733] returns group-50EFDF53FEF7:java.util.concurrent.CompletableFuture@271d91c7[Not completed]
2019-10-03 21:11:12,224 [pool-257-thread-1] INFO  impl.RaftServerImpl (RaftServerImpl.java:<init>(95)) - fe70dfea-4805-4f28-818f-8095715e39a4: new RaftServerImpl for group-50EFDF53FEF7:[fe70dfea-4805-4f28-818f-8095715e39a4:192.168.30.42:33733] with ContainerStateMachine:uninitialized
2019-10-03 21:11:12,224 [pool-257-thread-1] INFO  server.RaftServerConfigKeys (ConfUtils.java:logGet(43)) - raft.server.rpc.timeout.min = 5s (custom)
2019-10-03 21:11:12,224 [pool-257-thread-1] INFO  server.RaftServerConfigKeys (ConfUtils.java:logGet(43)) - raft.server.rpc.timeout.max = 5200ms (custom)
2019-10-03 21:11:12,224 [pool-257-thread-1] INFO  server.RaftServerConfigKeys (ConfUtils.java:logGet(43)) - raft.server.rpcslowness.timeout = 120s (custom)
2019-10-03 21:11:12,224 [pool-257-thread-1] INFO  server.RaftServerConfigKeys (ConfUtils.java:logGet(43)) - raft.server.sleep.deviation.threshold = 300 (default)
2019-10-03 21:11:12,225 [pool-257-thread-1] INFO  server.RaftServerConfigKeys (ConfUtils.java:logGet(43)) - raft.server.log.appender.install.snapshot.enabled = false (custom)
2019-10-03 21:11:12,225 [pool-257-thread-1] INFO  impl.RaftServerImpl (ServerState.java:<init>(103)) - fe70dfea-4805-4f28-818f-8095715e39a4@group-50EFDF53FEF7: ConfigurationManager, init=-1: [fe70dfea-4805-4f28-818f-8095715e39a4:192.168.30.42:33733], old=null, confs=<EMPTY_MAP>
2019-10-03 21:11:12,225 [pool-257-thread-1] INFO  server.RaftServerConfigKeys (ConfUtils.java:logGet(43)) - raft.server.storage.dir = [/workdir/hadoop-ozone/integration-test/target/test-dir/MiniOzoneClusterImpl-eb3927cc-2b10-4a46-9282-313eace86f45/datanode-5/data/ratis] (custom)
2019-10-03 21:11:12,225 [pool-257-thread-1] INFO  server.RaftServerConfigKeys (ConfUtils.java:logGet(43)) - raft.server.log.corruption.policy = EXCEPTION (default)
2019-10-03 21:11:12,225 [pool-257-thread-1] INFO  storage.RaftStorageDirectory (RaftStorageDirectory.java:analyzeStorage(246)) - The storage directory /workdir/hadoop-ozone/integration-test/target/test-dir/MiniOzoneClusterImpl-eb3927cc-2b10-4a46-9282-313eace86f45/datanode-5/data/ratis/05fc7105-4721-404b-b646-50efdf53fef7 does not exist. Creating ...
2019-10-03 21:11:12,247 [pool-257-thread-1] INFO  storage.RaftStorageDirectory (RaftStorageDirectory.java:tryLock(328)) - Lock on /workdir/hadoop-ozone/integration-test/target/test-dir/MiniOzoneClusterImpl-eb3927cc-2b10-4a46-9282-313eace86f45/datanode-5/data/ratis/05fc7105-4721-404b-b646-50efdf53fef7/in_use.lock acquired by nodename 4957@pr-hdds-2225-n29jj-1390324493
2019-10-03 21:11:12,273 [pool-257-thread-1] INFO  storage.RaftStorage (RaftStorage.java:format(84)) - Storage directory /workdir/hadoop-ozone/integration-test/target/test-dir/MiniOzoneClusterImpl-eb3927cc-2b10-4a46-9282-313eace86f45/datanode-5/data/ratis/05fc7105-4721-404b-b646-50efdf53fef7 has been successfully formatted.
2019-10-03 21:11:12,273 [pool-257-thread-1] INFO  ratis.ContainerStateMachine (ContainerStateMachine.java:loadSnapshot(230)) - group-50EFDF53FEF7: The snapshot info is null. Setting the last applied indexto:(t:0, i:~)
2019-10-03 21:11:12,273 [pool-257-thread-1] INFO  server.RaftServerConfigKeys (ConfUtils.java:logGet(43)) - raft.server.notification.no-leader.timeout = 120s (custom)
2019-10-03 21:11:12,273 [pool-257-thread-1] INFO  server.RaftServerConfigKeys (ConfUtils.java:logGet(43)) - raft.server.log.use.memory = false (default)
2019-10-03 21:11:12,273 [pool-257-thread-1] INFO  server.RaftServerConfigKeys (ConfUtils.java:logGet(43)) - raft.server.log.purge.gap = 1000000 (custom)
2019-10-03 21:11:12,273 [pool-257-thread-1] INFO  server.RaftServerConfigKeys (ConfUtils.java:logGet(43)) - raft.server.log.appender.buffer.byte-limit = 33554432 (custom)
2019-10-03 21:11:12,274 [pool-257-thread-1] INFO  server.RaftServerConfigKeys (ConfUtils.java:logGet(43)) - raft.server.log.segment.size.max = 1048576 (custom)
2019-10-03 21:11:12,275 [pool-257-thread-1] INFO  server.RaftServerConfigKeys (ConfUtils.java:logGet(43)) - raft.server.log.segment.cache.num.max = 2 (custom)
2019-10-03 21:11:12,275 [pool-257-thread-1] INFO  segmented.SegmentedRaftLogWorker (SegmentedRaftLogWorker.java:<init>(173)) - new fe70dfea-4805-4f28-818f-8095715e39a4@group-50EFDF53FEF7-SegmentedRaftLogWorker for RaftStorage:Storage Directory /workdir/hadoop-ozone/integration-test/target/test-dir/MiniOzoneClusterImpl-eb3927cc-2b10-4a46-9282-313eace86f45/datanode-5/data/ratis/05fc7105-4721-404b-b646-50efdf53fef7
2019-10-03 21:11:12,275 [pool-257-thread-1] INFO  server.RaftServerConfigKeys (ConfUtils.java:logGet(43)) - raft.server.log.queue.byte-limit = 2147483647 (custom)
2019-10-03 21:11:12,276 [pool-257-thread-1] INFO  server.RaftServerConfigKeys (ConfUtils.java:logGet(43)) - raft.server.log.queue.element-limit = 1024 (custom)
2019-10-03 21:11:12,276 [pool-257-thread-1] INFO  server.RaftServerConfigKeys (ConfUtils.java:logGet(43)) - raft.server.log.segment.size.max = 1048576 (custom)
2019-10-03 21:11:12,276 [pool-257-thread-1] INFO  server.RaftServerConfigKeys (ConfUtils.java:logGet(43)) - raft.server.log.preallocated.size = 16384 (custom)
2019-10-03 21:11:12,276 [IPC Server handler 7 on 35366] INFO  net.NetworkTopology (NetworkTopologyImpl.java:add(111)) - Added a new node: /default-rack/9536ee1a-5724-4172-9532-94ec92614bef
2019-10-03 21:11:12,276 [pool-257-thread-1] INFO  server.RaftServerConfigKeys (ConfUtils.java:logGet(43)) - raft.server.log.write.buffer.size = 33554432 (custom)
2019-10-03 21:11:12,277 [IPC Server handler 7 on 35366] INFO  node.SCMNodeManager (SCMNodeManager.java:register(266)) - Registered Data node : 9536ee1a-5724-4172-9532-94ec92614bef{ip: 192.168.30.42, host: pr-hdds-2225-n29jj-1390324493, networkLocation: /default-rack, certSerialId: null}
2019-10-03 21:11:12,277 [pool-257-thread-1] INFO  server.RaftServerConfigKeys (ConfUtils.java:logGet(43)) - raft.server.log.force.sync.num = 128 (default)
2019-10-03 21:11:12,277 [pool-257-thread-1] INFO  server.RaftServerConfigKeys (ConfUtils.java:logGet(43)) - raft.server.log.statemachine.data.sync = true (default)
2019-10-03 21:11:12,277 [pool-257-thread-1] INFO  server.RaftServerConfigKeys (ConfUtils.java:logGet(43)) - raft.server.log.statemachine.data.sync.timeout = 10s (default)
2019-10-03 21:11:12,277 [pool-257-thread-1] INFO  server.RaftServerConfigKeys (ConfUtils.java:logGet(43)) - raft.server.log.statemachine.data.sync.timeout.retry = -1 (default)
2019-10-03 21:11:12,278 [pool-257-thread-1] INFO  server.RaftServerConfigKeys (ConfUtils.java:logGet(43)) - raft.server.log.statemachine.data.caching.enabled = true (custom)
2019-10-03 21:11:12,278 [pool-257-thread-1] INFO  segmented.SegmentedRaftLogWorker (SegmentedRaftLogWorker.java:lambda$new$0(128)) - fe70dfea-4805-4f28-818f-8095715e39a4@group-50EFDF53FEF7-SegmentedRaftLogWorker: flushIndex: setUnconditionally 0 -> -1
2019-10-03 21:11:12,279 [pool-257-thread-1] INFO  server.RaftServerConfigKeys (ConfUtils.java:logGet(43)) - raft.server.snapshot.auto.trigger.enabled = true (custom)
2019-10-03 21:11:12,279 [pool-257-thread-1] INFO  server.RaftServerConfigKeys (ConfUtils.java:logGet(43)) - raft.server.snapshot.auto.trigger.threshold = 10000 (custom)
2019-10-03 21:11:12,279 [pool-257-thread-1] INFO  server.RaftServerConfigKeys (ConfUtils.java:logGet(43)) - raft.server.snapshot.retention.file.num = 5 (custom)
2019-10-03 21:11:12,279 [pool-257-thread-1] INFO  server.RaftServerConfigKeys (ConfUtils.java:logGet(43)) - raft.server.retrycache.expirytime = 600000ms (custom)
2019-10-03 21:11:12,281 [pool-257-thread-1] INFO  impl.RaftServerImpl (RaftServerImpl.java:start(181)) - fe70dfea-4805-4f28-818f-8095715e39a4@group-50EFDF53FEF7: start as a follower, conf=-1: [fe70dfea-4805-4f28-818f-8095715e39a4:192.168.30.42:33733], old=null
2019-10-03 21:11:12,281 [pool-257-thread-1] INFO  impl.RaftServerImpl (RaftServerImpl.java:setRole(170)) - fe70dfea-4805-4f28-818f-8095715e39a4@group-50EFDF53FEF7: changes role from      null to FOLLOWER at term 0 for startAsFollower
2019-10-03 21:11:12,282 [pool-257-thread-1] INFO  impl.RoleInfo (RoleInfo.java:updateAndGet(143)) - fe70dfea-4805-4f28-818f-8095715e39a4: start FollowerState
2019-10-03 21:11:12,282 [pool-257-thread-1] INFO  util.JmxRegister (JmxRegister.java:tryRegister(44)) - Successfully registered JMX Bean with object name Ratis:service=RaftServer,group=group-50EFDF53FEF7,id=fe70dfea-4805-4f28-818f-8095715e39a4
2019-10-03 21:11:12,282 [main] INFO  ozone.MiniOzoneClusterImpl (MiniOzoneClusterImpl.java:lambda$waitForClusterToBeReady$0(147)) - Cluster is ready. Got 7 of 7 DN Heartbeats.
2019-10-03 21:11:12,290 [RatisPipelineUtilsThread] INFO  pipeline.PipelineStateManager (PipelineStateManager.java:addPipeline(56)) - Created pipeline Pipeline[ Id: 05fc7105-4721-404b-b646-50efdf53fef7, Nodes: fe70dfea-4805-4f28-818f-8095715e39a4{ip: 192.168.30.42, host: pr-hdds-2225-n29jj-1390324493, networkLocation: /default-rack, certSerialId: null}, Type:RATIS, Factor:ONE, State:OPEN]
2019-10-03 21:11:12,329 [grpc-default-executor-4] INFO  impl.RaftServerProxy (RaftServerProxy.java:addNew(89)) - 9536ee1a-5724-4172-9532-94ec92614bef: addNew group-29ED8E7FD1D9:[9536ee1a-5724-4172-9532-94ec92614bef:192.168.30.42:37563] returns group-29ED8E7FD1D9:java.util.concurrent.CompletableFuture@50d63e10[Not completed]
2019-10-03 21:11:12,334 [pool-267-thread-1] INFO  impl.RaftServerImpl (RaftServerImpl.java:<init>(95)) - 9536ee1a-5724-4172-9532-94ec92614bef: new RaftServerImpl for group-29ED8E7FD1D9:[9536ee1a-5724-4172-9532-94ec92614bef:192.168.30.42:37563] with ContainerStateMachine:uninitialized
2019-10-03 21:11:12,334 [pool-267-thread-1] INFO  server.RaftServerConfigKeys (ConfUtils.java:logGet(43)) - raft.server.rpc.timeout.min = 5s (custom)
2019-10-03 21:11:12,334 [pool-267-thread-1] INFO  server.RaftServerConfigKeys (ConfUtils.java:logGet(43)) - raft.server.rpc.timeout.max = 5200ms (custom)
2019-10-03 21:11:12,335 [pool-267-thread-1] INFO  server.RaftServerConfigKeys (ConfUtils.java:logGet(43)) - raft.server.rpcslowness.timeout = 120s (custom)
2019-10-03 21:11:12,335 [pool-267-thread-1] INFO  server.RaftServerConfigKeys (ConfUtils.java:logGet(43)) - raft.server.sleep.deviation.threshold = 300 (default)
2019-10-03 21:11:12,335 [pool-267-thread-1] INFO  server.RaftServerConfigKeys (ConfUtils.java:logGet(43)) - raft.server.log.appender.install.snapshot.enabled = false (custom)
2019-10-03 21:11:12,335 [pool-267-thread-1] INFO  impl.RaftServerImpl (ServerState.java:<init>(103)) - 9536ee1a-5724-4172-9532-94ec92614bef@group-29ED8E7FD1D9: ConfigurationManager, init=-1: [9536ee1a-5724-4172-9532-94ec92614bef:192.168.30.42:37563], old=null, confs=<EMPTY_MAP>
2019-10-03 21:11:12,335 [pool-267-thread-1] INFO  server.RaftServerConfigKeys (ConfUtils.java:logGet(43)) - raft.server.storage.dir = [/workdir/hadoop-ozone/integration-test/target/test-dir/MiniOzoneClusterImpl-eb3927cc-2b10-4a46-9282-313eace86f45/datanode-6/data/ratis] (custom)
2019-10-03 21:11:12,335 [pool-267-thread-1] INFO  server.RaftServerConfigKeys (ConfUtils.java:logGet(43)) - raft.server.log.corruption.policy = EXCEPTION (default)
2019-10-03 21:11:12,336 [pool-267-thread-1] INFO  storage.RaftStorageDirectory (RaftStorageDirectory.java:analyzeStorage(246)) - The storage directory /workdir/hadoop-ozone/integration-test/target/test-dir/MiniOzoneClusterImpl-eb3927cc-2b10-4a46-9282-313eace86f45/datanode-6/data/ratis/ba791a3e-d090-495d-a5ef-29ed8e7fd1d9 does not exist. Creating ...
2019-10-03 21:11:12,345 [main] INFO  rpc.RpcClient (RpcClient.java:createVolume(277)) - Creating Volume: watchforcommithandlingtest, with jenkins1000 as owner.
2019-10-03 21:11:12,350 [IPC Server handler 2 on 41097] INFO  volume.OMVolumeCreateRequest (OMVolumeCreateRequest.java:validateAndUpdateCache(193)) - created volume:watchforcommithandlingtest for user:jenkins1000
2019-10-03 21:11:12,364 [main] INFO  rpc.RpcClient (RpcClient.java:createBucket(416)) - Creating Bucket: watchforcommithandlingtest/watchforcommithandlingtest, with Versioning false and Storage Type set to DISK and Encryption set to false 
2019-10-03 21:11:12,365 [pool-267-thread-1] INFO  storage.RaftStorageDirectory (RaftStorageDirectory.java:tryLock(328)) - Lock on /workdir/hadoop-ozone/integration-test/target/test-dir/MiniOzoneClusterImpl-eb3927cc-2b10-4a46-9282-313eace86f45/datanode-6/data/ratis/ba791a3e-d090-495d-a5ef-29ed8e7fd1d9/in_use.lock acquired by nodename 4957@pr-hdds-2225-n29jj-1390324493
2019-10-03 21:11:12,368 [main] INFO  ozone.MiniOzoneClusterImpl (MiniOzoneClusterImpl.java:getStorageContainerLocationClient(234)) - Creating StorageContainerLocationProtocol RPC client with address /0.0.0.0:34680
2019-10-03 21:11:12,391 [pool-267-thread-1] INFO  storage.RaftStorage (RaftStorage.java:format(84)) - Storage directory /workdir/hadoop-ozone/integration-test/target/test-dir/MiniOzoneClusterImpl-eb3927cc-2b10-4a46-9282-313eace86f45/datanode-6/data/ratis/ba791a3e-d090-495d-a5ef-29ed8e7fd1d9 has been successfully formatted.
2019-10-03 21:11:12,391 [pool-267-thread-1] INFO  ratis.ContainerStateMachine (ContainerStateMachine.java:loadSnapshot(230)) - group-29ED8E7FD1D9: The snapshot info is null. Setting the last applied indexto:(t:0, i:~)
2019-10-03 21:11:12,391 [pool-267-thread-1] INFO  server.RaftServerConfigKeys (ConfUtils.java:logGet(43)) - raft.server.notification.no-leader.timeout = 120s (custom)
2019-10-03 21:11:12,391 [pool-267-thread-1] INFO  server.RaftServerConfigKeys (ConfUtils.java:logGet(43)) - raft.server.log.use.memory = false (default)
2019-10-03 21:11:12,391 [pool-267-thread-1] INFO  server.RaftServerConfigKeys (ConfUtils.java:logGet(43)) - raft.server.log.purge.gap = 1000000 (custom)
2019-10-03 21:11:12,391 [pool-267-thread-1] INFO  server.RaftServerConfigKeys (ConfUtils.java:logGet(43)) - raft.server.log.appender.buffer.byte-limit = 33554432 (custom)
2019-10-03 21:11:12,392 [pool-267-thread-1] INFO  server.RaftServerConfigKeys (ConfUtils.java:logGet(43)) - raft.server.log.segment.size.max = 1048576 (custom)
2019-10-03 21:11:12,393 [pool-267-thread-1] INFO  server.RaftServerConfigKeys (ConfUtils.java:logGet(43)) - raft.server.log.segment.cache.num.max = 2 (custom)
2019-10-03 21:11:12,393 [pool-267-thread-1] INFO  segmented.SegmentedRaftLogWorker (SegmentedRaftLogWorker.java:<init>(173)) - new 9536ee1a-5724-4172-9532-94ec92614bef@group-29ED8E7FD1D9-SegmentedRaftLogWorker for RaftStorage:Storage Directory /workdir/hadoop-ozone/integration-test/target/test-dir/MiniOzoneClusterImpl-eb3927cc-2b10-4a46-9282-313eace86f45/datanode-6/data/ratis/ba791a3e-d090-495d-a5ef-29ed8e7fd1d9
2019-10-03 21:11:12,393 [pool-267-thread-1] INFO  server.RaftServerConfigKeys (ConfUtils.java:logGet(43)) - raft.server.log.queue.byte-limit = 2147483647 (custom)
2019-10-03 21:11:12,393 [pool-267-thread-1] INFO  server.RaftServerConfigKeys (ConfUtils.java:logGet(43)) - raft.server.log.queue.element-limit = 1024 (custom)
2019-10-03 21:11:12,393 [pool-267-thread-1] INFO  server.RaftServerConfigKeys (ConfUtils.java:logGet(43)) - raft.server.log.segment.size.max = 1048576 (custom)
2019-10-03 21:11:12,394 [pool-267-thread-1] INFO  server.RaftServerConfigKeys (ConfUtils.java:logGet(43)) - raft.server.log.preallocated.size = 16384 (custom)
2019-10-03 21:11:12,394 [pool-267-thread-1] INFO  server.RaftServerConfigKeys (ConfUtils.java:logGet(43)) - raft.server.log.write.buffer.size = 33554432 (custom)
2019-10-03 21:11:12,394 [pool-267-thread-1] INFO  server.RaftServerConfigKeys (ConfUtils.java:logGet(43)) - raft.server.log.force.sync.num = 128 (default)
2019-10-03 21:11:12,394 [pool-267-thread-1] INFO  server.RaftServerConfigKeys (ConfUtils.java:logGet(43)) - raft.server.log.statemachine.data.sync = true (default)
2019-10-03 21:11:12,394 [pool-267-thread-1] INFO  server.RaftServerConfigKeys (ConfUtils.java:logGet(43)) - raft.server.log.statemachine.data.sync.timeout = 10s (default)
2019-10-03 21:11:12,394 [pool-267-thread-1] INFO  server.RaftServerConfigKeys (ConfUtils.java:logGet(43)) - raft.server.log.statemachine.data.sync.timeout.retry = -1 (default)
2019-10-03 21:11:12,394 [pool-267-thread-1] INFO  server.RaftServerConfigKeys (ConfUtils.java:logGet(43)) - raft.server.log.statemachine.data.caching.enabled = true (custom)
2019-10-03 21:11:12,395 [pool-267-thread-1] INFO  segmented.SegmentedRaftLogWorker (SegmentedRaftLogWorker.java:lambda$new$0(128)) - 9536ee1a-5724-4172-9532-94ec92614bef@group-29ED8E7FD1D9-SegmentedRaftLogWorker: flushIndex: setUnconditionally 0 -> -1
2019-10-03 21:11:12,395 [pool-267-thread-1] INFO  server.RaftServerConfigKeys (ConfUtils.java:logGet(43)) - raft.server.snapshot.auto.trigger.enabled = true (custom)
2019-10-03 21:11:12,395 [pool-267-thread-1] INFO  server.RaftServerConfigKeys (ConfUtils.java:logGet(43)) - raft.server.snapshot.auto.trigger.threshold = 10000 (custom)
2019-10-03 21:11:12,395 [pool-267-thread-1] INFO  server.RaftServerConfigKeys (ConfUtils.java:logGet(43)) - raft.server.snapshot.retention.file.num = 5 (custom)
2019-10-03 21:11:12,395 [pool-267-thread-1] INFO  server.RaftServerConfigKeys (ConfUtils.java:logGet(43)) - raft.server.retrycache.expirytime = 600000ms (custom)
2019-10-03 21:11:12,396 [pool-267-thread-1] INFO  impl.RaftServerImpl (RaftServerImpl.java:start(181)) - 9536ee1a-5724-4172-9532-94ec92614bef@group-29ED8E7FD1D9: start as a follower, conf=-1: [9536ee1a-5724-4172-9532-94ec92614bef:192.168.30.42:37563], old=null
2019-10-03 21:11:12,396 [pool-267-thread-1] INFO  impl.RaftServerImpl (RaftServerImpl.java:setRole(170)) - 9536ee1a-5724-4172-9532-94ec92614bef@group-29ED8E7FD1D9: changes role from      null to FOLLOWER at term 0 for startAsFollower
2019-10-03 21:11:12,396 [pool-267-thread-1] INFO  impl.RoleInfo (RoleInfo.java:updateAndGet(143)) - 9536ee1a-5724-4172-9532-94ec92614bef: start FollowerState
2019-10-03 21:11:12,397 [pool-267-thread-1] INFO  util.JmxRegister (JmxRegister.java:tryRegister(44)) - Successfully registered JMX Bean with object name Ratis:service=RaftServer,group=group-29ED8E7FD1D9,id=9536ee1a-5724-4172-9532-94ec92614bef
2019-10-03 21:11:12,404 [RatisPipelineUtilsThread] INFO  pipeline.PipelineStateManager (PipelineStateManager.java:addPipeline(56)) - Created pipeline Pipeline[ Id: ba791a3e-d090-495d-a5ef-29ed8e7fd1d9, Nodes: 9536ee1a-5724-4172-9532-94ec92614bef{ip: 192.168.30.42, host: pr-hdds-2225-n29jj-1390324493, networkLocation: /default-rack, certSerialId: null}, Type:RATIS, Factor:ONE, State:OPEN]
2019-10-03 21:11:12,414 [grpc-default-executor-4] INFO  impl.RaftServerProxy (RaftServerProxy.java:addNew(89)) - d9a24089-827a-4a77-b172-8ccf24699869: addNew group-91F740CAB6DB:[d9a24089-827a-4a77-b172-8ccf24699869:192.168.30.42:44992] returns group-91F740CAB6DB:java.util.concurrent.CompletableFuture@32bd046[Not completed]
2019-10-03 21:11:12,415 [pool-227-thread-1] INFO  impl.RaftServerImpl (RaftServerImpl.java:<init>(95)) - d9a24089-827a-4a77-b172-8ccf24699869: new RaftServerImpl for group-91F740CAB6DB:[d9a24089-827a-4a77-b172-8ccf24699869:192.168.30.42:44992] with ContainerStateMachine:uninitialized
2019-10-03 21:11:12,415 [pool-227-thread-1] INFO  server.RaftServerConfigKeys (ConfUtils.java:logGet(43)) - raft.server.rpc.timeout.min = 5s (custom)
2019-10-03 21:11:12,415 [pool-227-thread-1] INFO  server.RaftServerConfigKeys (ConfUtils.java:logGet(43)) - raft.server.rpc.timeout.max = 5200ms (custom)
2019-10-03 21:11:12,415 [pool-227-thread-1] INFO  server.RaftServerConfigKeys (ConfUtils.java:logGet(43)) - raft.server.rpcslowness.timeout = 120s (custom)
2019-10-03 21:11:12,416 [pool-227-thread-1] INFO  server.RaftServerConfigKeys (ConfUtils.java:logGet(43)) - raft.server.sleep.deviation.threshold = 300 (default)
2019-10-03 21:11:12,416 [pool-227-thread-1] INFO  server.RaftServerConfigKeys (ConfUtils.java:logGet(43)) - raft.server.log.appender.install.snapshot.enabled = false (custom)
2019-10-03 21:11:12,416 [pool-227-thread-1] INFO  impl.RaftServerImpl (ServerState.java:<init>(103)) - d9a24089-827a-4a77-b172-8ccf24699869@group-91F740CAB6DB: ConfigurationManager, init=-1: [d9a24089-827a-4a77-b172-8ccf24699869:192.168.30.42:44992], old=null, confs=<EMPTY_MAP>
2019-10-03 21:11:12,416 [pool-227-thread-1] INFO  server.RaftServerConfigKeys (ConfUtils.java:logGet(43)) - raft.server.storage.dir = [/workdir/hadoop-ozone/integration-test/target/test-dir/MiniOzoneClusterImpl-eb3927cc-2b10-4a46-9282-313eace86f45/datanode-2/data/ratis] (custom)
2019-10-03 21:11:12,416 [pool-227-thread-1] INFO  server.RaftServerConfigKeys (ConfUtils.java:logGet(43)) - raft.server.log.corruption.policy = EXCEPTION (default)
2019-10-03 21:11:12,416 [pool-227-thread-1] INFO  storage.RaftStorageDirectory (RaftStorageDirectory.java:analyzeStorage(246)) - The storage directory /workdir/hadoop-ozone/integration-test/target/test-dir/MiniOzoneClusterImpl-eb3927cc-2b10-4a46-9282-313eace86f45/datanode-2/data/ratis/a5f8d764-5223-4b59-b861-91f740cab6db does not exist. Creating ...
2019-10-03 21:11:12,441 [pool-227-thread-1] INFO  storage.RaftStorageDirectory (RaftStorageDirectory.java:tryLock(328)) - Lock on /workdir/hadoop-ozone/integration-test/target/test-dir/MiniOzoneClusterImpl-eb3927cc-2b10-4a46-9282-313eace86f45/datanode-2/data/ratis/a5f8d764-5223-4b59-b861-91f740cab6db/in_use.lock acquired by nodename 4957@pr-hdds-2225-n29jj-1390324493
2019-10-03 21:11:12,467 [pool-227-thread-1] INFO  storage.RaftStorage (RaftStorage.java:format(84)) - Storage directory /workdir/hadoop-ozone/integration-test/target/test-dir/MiniOzoneClusterImpl-eb3927cc-2b10-4a46-9282-313eace86f45/datanode-2/data/ratis/a5f8d764-5223-4b59-b861-91f740cab6db has been successfully formatted.
2019-10-03 21:11:12,467 [pool-227-thread-1] INFO  ratis.ContainerStateMachine (ContainerStateMachine.java:loadSnapshot(230)) - group-91F740CAB6DB: The snapshot info is null. Setting the last applied indexto:(t:0, i:~)
2019-10-03 21:11:12,467 [pool-227-thread-1] INFO  server.RaftServerConfigKeys (ConfUtils.java:logGet(43)) - raft.server.notification.no-leader.timeout = 120s (custom)
2019-10-03 21:11:12,467 [pool-227-thread-1] INFO  server.RaftServerConfigKeys (ConfUtils.java:logGet(43)) - raft.server.log.use.memory = false (default)
2019-10-03 21:11:12,467 [pool-227-thread-1] INFO  server.RaftServerConfigKeys (ConfUtils.java:logGet(43)) - raft.server.log.purge.gap = 1000000 (custom)
2019-10-03 21:11:12,467 [pool-227-thread-1] INFO  server.RaftServerConfigKeys (ConfUtils.java:logGet(43)) - raft.server.log.appender.buffer.byte-limit = 33554432 (custom)
2019-10-03 21:11:12,468 [pool-227-thread-1] INFO  server.RaftServerConfigKeys (ConfUtils.java:logGet(43)) - raft.server.log.segment.size.max = 1048576 (custom)
2019-10-03 21:11:12,470 [pool-227-thread-1] INFO  server.RaftServerConfigKeys (ConfUtils.java:logGet(43)) - raft.server.log.segment.cache.num.max = 2 (custom)
2019-10-03 21:11:12,470 [pool-227-thread-1] INFO  segmented.SegmentedRaftLogWorker (SegmentedRaftLogWorker.java:<init>(173)) - new d9a24089-827a-4a77-b172-8ccf24699869@group-91F740CAB6DB-SegmentedRaftLogWorker for RaftStorage:Storage Directory /workdir/hadoop-ozone/integration-test/target/test-dir/MiniOzoneClusterImpl-eb3927cc-2b10-4a46-9282-313eace86f45/datanode-2/data/ratis/a5f8d764-5223-4b59-b861-91f740cab6db
2019-10-03 21:11:12,470 [pool-227-thread-1] INFO  server.RaftServerConfigKeys (ConfUtils.java:logGet(43)) - raft.server.log.queue.byte-limit = 2147483647 (custom)
2019-10-03 21:11:12,470 [pool-227-thread-1] INFO  server.RaftServerConfigKeys (ConfUtils.java:logGet(43)) - raft.server.log.queue.element-limit = 1024 (custom)
2019-10-03 21:11:12,470 [pool-227-thread-1] INFO  server.RaftServerConfigKeys (ConfUtils.java:logGet(43)) - raft.server.log.segment.size.max = 1048576 (custom)
2019-10-03 21:11:12,470 [pool-227-thread-1] INFO  server.RaftServerConfigKeys (ConfUtils.java:logGet(43)) - raft.server.log.preallocated.size = 16384 (custom)
2019-10-03 21:11:12,470 [pool-227-thread-1] INFO  server.RaftServerConfigKeys (ConfUtils.java:logGet(43)) - raft.server.log.write.buffer.size = 33554432 (custom)
2019-10-03 21:11:12,470 [pool-227-thread-1] INFO  server.RaftServerConfigKeys (ConfUtils.java:logGet(43)) - raft.server.log.force.sync.num = 128 (default)
2019-10-03 21:11:12,470 [pool-227-thread-1] INFO  server.RaftServerConfigKeys (ConfUtils.java:logGet(43)) - raft.server.log.statemachine.data.sync = true (default)
2019-10-03 21:11:12,470 [pool-227-thread-1] INFO  server.RaftServerConfigKeys (ConfUtils.java:logGet(43)) - raft.server.log.statemachine.data.sync.timeout = 10s (default)
2019-10-03 21:11:12,471 [pool-227-thread-1] INFO  server.RaftServerConfigKeys (ConfUtils.java:logGet(43)) - raft.server.log.statemachine.data.sync.timeout.retry = -1 (default)
2019-10-03 21:11:12,471 [pool-227-thread-1] INFO  server.RaftServerConfigKeys (ConfUtils.java:logGet(43)) - raft.server.log.statemachine.data.caching.enabled = true (custom)
2019-10-03 21:11:12,471 [pool-227-thread-1] INFO  segmented.SegmentedRaftLogWorker (SegmentedRaftLogWorker.java:lambda$new$0(128)) - d9a24089-827a-4a77-b172-8ccf24699869@group-91F740CAB6DB-SegmentedRaftLogWorker: flushIndex: setUnconditionally 0 -> -1
2019-10-03 21:11:12,471 [pool-227-thread-1] INFO  server.RaftServerConfigKeys (ConfUtils.java:logGet(43)) - raft.server.snapshot.auto.trigger.enabled = true (custom)
2019-10-03 21:11:12,472 [pool-227-thread-1] INFO  server.RaftServerConfigKeys (ConfUtils.java:logGet(43)) - raft.server.snapshot.auto.trigger.threshold = 10000 (custom)
2019-10-03 21:11:12,472 [pool-227-thread-1] INFO  server.RaftServerConfigKeys (ConfUtils.java:logGet(43)) - raft.server.snapshot.retention.file.num = 5 (custom)
2019-10-03 21:11:12,472 [pool-227-thread-1] INFO  server.RaftServerConfigKeys (ConfUtils.java:logGet(43)) - raft.server.retrycache.expirytime = 600000ms (custom)
2019-10-03 21:11:12,473 [pool-227-thread-1] INFO  impl.RaftServerImpl (RaftServerImpl.java:start(181)) - d9a24089-827a-4a77-b172-8ccf24699869@group-91F740CAB6DB: start as a follower, conf=-1: [d9a24089-827a-4a77-b172-8ccf24699869:192.168.30.42:44992], old=null
2019-10-03 21:11:12,473 [pool-227-thread-1] INFO  impl.RaftServerImpl (RaftServerImpl.java:setRole(170)) - d9a24089-827a-4a77-b172-8ccf24699869@group-91F740CAB6DB: changes role from      null to FOLLOWER at term 0 for startAsFollower
2019-10-03 21:11:12,473 [pool-227-thread-1] INFO  impl.RoleInfo (RoleInfo.java:updateAndGet(143)) - d9a24089-827a-4a77-b172-8ccf24699869: start FollowerState
2019-10-03 21:11:12,473 [pool-227-thread-1] INFO  util.JmxRegister (JmxRegister.java:tryRegister(44)) - Successfully registered JMX Bean with object name Ratis:service=RaftServer,group=group-91F740CAB6DB,id=d9a24089-827a-4a77-b172-8ccf24699869
2019-10-03 21:11:12,480 [RatisPipelineUtilsThread] INFO  pipeline.PipelineStateManager (PipelineStateManager.java:addPipeline(56)) - Created pipeline Pipeline[ Id: a5f8d764-5223-4b59-b861-91f740cab6db, Nodes: d9a24089-827a-4a77-b172-8ccf24699869{ip: 192.168.30.42, host: pr-hdds-2225-n29jj-1390324493, networkLocation: /default-rack, certSerialId: null}, Type:RATIS, Factor:ONE, State:OPEN]
2019-10-03 21:11:12,502 [grpc-default-executor-4] INFO  impl.RaftServerProxy (RaftServerProxy.java:addNew(89)) - 9c318cf7-b60a-4fbf-bf89-edd5e8cfab55: addNew group-CE40E4357BCC:[7c505e6a-9687-4d94-9068-e6b7950a282c:192.168.30.42:38657, 9c318cf7-b60a-4fbf-bf89-edd5e8cfab55:192.168.30.42:45559, f658ebac-deb2-49b4-9f10-33c653d96c5d:192.168.30.42:44839] returns group-CE40E4357BCC:java.util.concurrent.CompletableFuture@97a879a[Not completed]
2019-10-03 21:11:12,502 [grpc-default-executor-2] INFO  impl.RaftServerProxy (RaftServerProxy.java:addNew(89)) - f658ebac-deb2-49b4-9f10-33c653d96c5d: addNew group-CE40E4357BCC:[7c505e6a-9687-4d94-9068-e6b7950a282c:192.168.30.42:38657, 9c318cf7-b60a-4fbf-bf89-edd5e8cfab55:192.168.30.42:45559, f658ebac-deb2-49b4-9f10-33c653d96c5d:192.168.30.42:44839] returns group-CE40E4357BCC:java.util.concurrent.CompletableFuture@632322ea[Not completed]
2019-10-03 21:11:12,502 [grpc-default-executor-0] INFO  impl.RaftServerProxy (RaftServerProxy.java:addNew(89)) - 7c505e6a-9687-4d94-9068-e6b7950a282c: addNew group-CE40E4357BCC:[7c505e6a-9687-4d94-9068-e6b7950a282c:192.168.30.42:38657, 9c318cf7-b60a-4fbf-bf89-edd5e8cfab55:192.168.30.42:45559, f658ebac-deb2-49b4-9f10-33c653d96c5d:192.168.30.42:44839] returns group-CE40E4357BCC:java.util.concurrent.CompletableFuture@189d7a61[Not completed]
2019-10-03 21:11:12,503 [pool-217-thread-1] INFO  impl.RaftServerImpl (RaftServerImpl.java:<init>(95)) - 9c318cf7-b60a-4fbf-bf89-edd5e8cfab55: new RaftServerImpl for group-CE40E4357BCC:[7c505e6a-9687-4d94-9068-e6b7950a282c:192.168.30.42:38657, 9c318cf7-b60a-4fbf-bf89-edd5e8cfab55:192.168.30.42:45559, f658ebac-deb2-49b4-9f10-33c653d96c5d:192.168.30.42:44839] with ContainerStateMachine:uninitialized
2019-10-03 21:11:12,503 [pool-217-thread-1] INFO  server.RaftServerConfigKeys (ConfUtils.java:logGet(43)) - raft.server.rpc.timeout.min = 5s (custom)
2019-10-03 21:11:12,503 [pool-217-thread-1] INFO  server.RaftServerConfigKeys (ConfUtils.java:logGet(43)) - raft.server.rpc.timeout.max = 5200ms (custom)
2019-10-03 21:11:12,503 [pool-217-thread-1] INFO  server.RaftServerConfigKeys (ConfUtils.java:logGet(43)) - raft.server.rpcslowness.timeout = 120s (custom)
2019-10-03 21:11:12,503 [pool-217-thread-1] INFO  server.RaftServerConfigKeys (ConfUtils.java:logGet(43)) - raft.server.sleep.deviation.threshold = 300 (default)
2019-10-03 21:11:12,503 [pool-217-thread-1] INFO  server.RaftServerConfigKeys (ConfUtils.java:logGet(43)) - raft.server.log.appender.install.snapshot.enabled = false (custom)
2019-10-03 21:11:12,503 [pool-207-thread-1] INFO  impl.RaftServerImpl (RaftServerImpl.java:<init>(95)) - f658ebac-deb2-49b4-9f10-33c653d96c5d: new RaftServerImpl for group-CE40E4357BCC:[7c505e6a-9687-4d94-9068-e6b7950a282c:192.168.30.42:38657, 9c318cf7-b60a-4fbf-bf89-edd5e8cfab55:192.168.30.42:45559, f658ebac-deb2-49b4-9f10-33c653d96c5d:192.168.30.42:44839] with ContainerStateMachine:uninitialized
2019-10-03 21:11:12,504 [pool-217-thread-1] INFO  impl.RaftServerImpl (ServerState.java:<init>(103)) - 9c318cf7-b60a-4fbf-bf89-edd5e8cfab55@group-CE40E4357BCC: ConfigurationManager, init=-1: [7c505e6a-9687-4d94-9068-e6b7950a282c:192.168.30.42:38657, 9c318cf7-b60a-4fbf-bf89-edd5e8cfab55:192.168.30.42:45559, f658ebac-deb2-49b4-9f10-33c653d96c5d:192.168.30.42:44839], old=null, confs=<EMPTY_MAP>
2019-10-03 21:11:12,504 [pool-207-thread-1] INFO  server.RaftServerConfigKeys (ConfUtils.java:logGet(43)) - raft.server.rpc.timeout.min = 5s (custom)
2019-10-03 21:11:12,504 [pool-217-thread-1] INFO  server.RaftServerConfigKeys (ConfUtils.java:logGet(43)) - raft.server.storage.dir = [/workdir/hadoop-ozone/integration-test/target/test-dir/MiniOzoneClusterImpl-eb3927cc-2b10-4a46-9282-313eace86f45/datanode-1/data/ratis] (custom)
2019-10-03 21:11:12,504 [pool-207-thread-1] INFO  server.RaftServerConfigKeys (ConfUtils.java:logGet(43)) - raft.server.rpc.timeout.max = 5200ms (custom)
2019-10-03 21:11:12,504 [pool-207-thread-1] INFO  server.RaftServerConfigKeys (ConfUtils.java:logGet(43)) - raft.server.rpcslowness.timeout = 120s (custom)
2019-10-03 21:11:12,504 [pool-217-thread-1] INFO  server.RaftServerConfigKeys (ConfUtils.java:logGet(43)) - raft.server.log.corruption.policy = EXCEPTION (default)
2019-10-03 21:11:12,504 [pool-207-thread-1] INFO  server.RaftServerConfigKeys (ConfUtils.java:logGet(43)) - raft.server.sleep.deviation.threshold = 300 (default)
2019-10-03 21:11:12,504 [pool-217-thread-1] INFO  storage.RaftStorageDirectory (RaftStorageDirectory.java:analyzeStorage(246)) - The storage directory /workdir/hadoop-ozone/integration-test/target/test-dir/MiniOzoneClusterImpl-eb3927cc-2b10-4a46-9282-313eace86f45/datanode-1/data/ratis/a37241db-fe47-4840-8058-ce40e4357bcc does not exist. Creating ...
2019-10-03 21:11:12,505 [pool-207-thread-1] INFO  server.RaftServerConfigKeys (ConfUtils.java:logGet(43)) - raft.server.log.appender.install.snapshot.enabled = false (custom)
2019-10-03 21:11:12,505 [pool-247-thread-1] INFO  impl.RaftServerImpl (RaftServerImpl.java:<init>(95)) - 7c505e6a-9687-4d94-9068-e6b7950a282c: new RaftServerImpl for group-CE40E4357BCC:[7c505e6a-9687-4d94-9068-e6b7950a282c:192.168.30.42:38657, 9c318cf7-b60a-4fbf-bf89-edd5e8cfab55:192.168.30.42:45559, f658ebac-deb2-49b4-9f10-33c653d96c5d:192.168.30.42:44839] with ContainerStateMachine:uninitialized
2019-10-03 21:11:12,505 [pool-207-thread-1] INFO  impl.RaftServerImpl (ServerState.java:<init>(103)) - f658ebac-deb2-49b4-9f10-33c653d96c5d@group-CE40E4357BCC: ConfigurationManager, init=-1: [7c505e6a-9687-4d94-9068-e6b7950a282c:192.168.30.42:38657, 9c318cf7-b60a-4fbf-bf89-edd5e8cfab55:192.168.30.42:45559, f658ebac-deb2-49b4-9f10-33c653d96c5d:192.168.30.42:44839], old=null, confs=<EMPTY_MAP>
2019-10-03 21:11:12,505 [pool-247-thread-1] INFO  server.RaftServerConfigKeys (ConfUtils.java:logGet(43)) - raft.server.rpc.timeout.min = 5s (custom)
2019-10-03 21:11:12,505 [pool-207-thread-1] INFO  server.RaftServerConfigKeys (ConfUtils.java:logGet(43)) - raft.server.storage.dir = [/workdir/hadoop-ozone/integration-test/target/test-dir/MiniOzoneClusterImpl-eb3927cc-2b10-4a46-9282-313eace86f45/datanode-0/data/ratis] (custom)
2019-10-03 21:11:12,505 [pool-247-thread-1] INFO  server.RaftServerConfigKeys (ConfUtils.java:logGet(43)) - raft.server.rpc.timeout.max = 5200ms (custom)
2019-10-03 21:11:12,505 [pool-207-thread-1] INFO  server.RaftServerConfigKeys (ConfUtils.java:logGet(43)) - raft.server.log.corruption.policy = EXCEPTION (default)
2019-10-03 21:11:12,506 [pool-247-thread-1] INFO  server.RaftServerConfigKeys (ConfUtils.java:logGet(43)) - raft.server.rpcslowness.timeout = 120s (custom)
2019-10-03 21:11:12,506 [pool-207-thread-1] INFO  storage.RaftStorageDirectory (RaftStorageDirectory.java:analyzeStorage(246)) - The storage directory /workdir/hadoop-ozone/integration-test/target/test-dir/MiniOzoneClusterImpl-eb3927cc-2b10-4a46-9282-313eace86f45/datanode-0/data/ratis/a37241db-fe47-4840-8058-ce40e4357bcc does not exist. Creating ...
2019-10-03 21:11:12,506 [pool-247-thread-1] INFO  server.RaftServerConfigKeys (ConfUtils.java:logGet(43)) - raft.server.sleep.deviation.threshold = 300 (default)
2019-10-03 21:11:12,506 [pool-247-thread-1] INFO  server.RaftServerConfigKeys (ConfUtils.java:logGet(43)) - raft.server.log.appender.install.snapshot.enabled = false (custom)
2019-10-03 21:11:12,506 [pool-247-thread-1] INFO  impl.RaftServerImpl (ServerState.java:<init>(103)) - 7c505e6a-9687-4d94-9068-e6b7950a282c@group-CE40E4357BCC: ConfigurationManager, init=-1: [7c505e6a-9687-4d94-9068-e6b7950a282c:192.168.30.42:38657, 9c318cf7-b60a-4fbf-bf89-edd5e8cfab55:192.168.30.42:45559, f658ebac-deb2-49b4-9f10-33c653d96c5d:192.168.30.42:44839], old=null, confs=<EMPTY_MAP>
2019-10-03 21:11:12,506 [pool-247-thread-1] INFO  server.RaftServerConfigKeys (ConfUtils.java:logGet(43)) - raft.server.storage.dir = [/workdir/hadoop-ozone/integration-test/target/test-dir/MiniOzoneClusterImpl-eb3927cc-2b10-4a46-9282-313eace86f45/datanode-4/data/ratis] (custom)
2019-10-03 21:11:12,507 [pool-247-thread-1] INFO  server.RaftServerConfigKeys (ConfUtils.java:logGet(43)) - raft.server.log.corruption.policy = EXCEPTION (default)
2019-10-03 21:11:12,507 [pool-247-thread-1] INFO  storage.RaftStorageDirectory (RaftStorageDirectory.java:analyzeStorage(246)) - The storage directory /workdir/hadoop-ozone/integration-test/target/test-dir/MiniOzoneClusterImpl-eb3927cc-2b10-4a46-9282-313eace86f45/datanode-4/data/ratis/a37241db-fe47-4840-8058-ce40e4357bcc does not exist. Creating ...
2019-10-03 21:11:12,534 [pool-207-thread-1] INFO  storage.RaftStorageDirectory (RaftStorageDirectory.java:tryLock(328)) - Lock on /workdir/hadoop-ozone/integration-test/target/test-dir/MiniOzoneClusterImpl-eb3927cc-2b10-4a46-9282-313eace86f45/datanode-0/data/ratis/a37241db-fe47-4840-8058-ce40e4357bcc/in_use.lock acquired by nodename 4957@pr-hdds-2225-n29jj-1390324493
2019-10-03 21:11:12,534 [pool-217-thread-1] INFO  storage.RaftStorageDirectory (RaftStorageDirectory.java:tryLock(328)) - Lock on /workdir/hadoop-ozone/integration-test/target/test-dir/MiniOzoneClusterImpl-eb3927cc-2b10-4a46-9282-313eace86f45/datanode-1/data/ratis/a37241db-fe47-4840-8058-ce40e4357bcc/in_use.lock acquired by nodename 4957@pr-hdds-2225-n29jj-1390324493
2019-10-03 21:11:12,534 [pool-247-thread-1] INFO  storage.RaftStorageDirectory (RaftStorageDirectory.java:tryLock(328)) - Lock on /workdir/hadoop-ozone/integration-test/target/test-dir/MiniOzoneClusterImpl-eb3927cc-2b10-4a46-9282-313eace86f45/datanode-4/data/ratis/a37241db-fe47-4840-8058-ce40e4357bcc/in_use.lock acquired by nodename 4957@pr-hdds-2225-n29jj-1390324493
2019-10-03 21:11:12,560 [pool-217-thread-1] INFO  storage.RaftStorage (RaftStorage.java:format(84)) - Storage directory /workdir/hadoop-ozone/integration-test/target/test-dir/MiniOzoneClusterImpl-eb3927cc-2b10-4a46-9282-313eace86f45/datanode-1/data/ratis/a37241db-fe47-4840-8058-ce40e4357bcc has been successfully formatted.
2019-10-03 21:11:12,560 [pool-247-thread-1] INFO  storage.RaftStorage (RaftStorage.java:format(84)) - Storage directory /workdir/hadoop-ozone/integration-test/target/test-dir/MiniOzoneClusterImpl-eb3927cc-2b10-4a46-9282-313eace86f45/datanode-4/data/ratis/a37241db-fe47-4840-8058-ce40e4357bcc has been successfully formatted.
2019-10-03 21:11:12,560 [pool-207-thread-1] INFO  storage.RaftStorage (RaftStorage.java:format(84)) - Storage directory /workdir/hadoop-ozone/integration-test/target/test-dir/MiniOzoneClusterImpl-eb3927cc-2b10-4a46-9282-313eace86f45/datanode-0/data/ratis/a37241db-fe47-4840-8058-ce40e4357bcc has been successfully formatted.
2019-10-03 21:11:12,560 [pool-217-thread-1] INFO  ratis.ContainerStateMachine (ContainerStateMachine.java:loadSnapshot(230)) - group-CE40E4357BCC: The snapshot info is null. Setting the last applied indexto:(t:0, i:~)
2019-10-03 21:11:12,560 [pool-247-thread-1] INFO  ratis.ContainerStateMachine (ContainerStateMachine.java:loadSnapshot(230)) - group-CE40E4357BCC: The snapshot info is null. Setting the last applied indexto:(t:0, i:~)
2019-10-03 21:11:12,560 [pool-207-thread-1] INFO  ratis.ContainerStateMachine (ContainerStateMachine.java:loadSnapshot(230)) - group-CE40E4357BCC: The snapshot info is null. Setting the last applied indexto:(t:0, i:~)
2019-10-03 21:11:12,560 [pool-217-thread-1] INFO  server.RaftServerConfigKeys (ConfUtils.java:logGet(43)) - raft.server.notification.no-leader.timeout = 120s (custom)
2019-10-03 21:11:12,560 [pool-247-thread-1] INFO  server.RaftServerConfigKeys (ConfUtils.java:logGet(43)) - raft.server.notification.no-leader.timeout = 120s (custom)
2019-10-03 21:11:12,561 [pool-217-thread-1] INFO  server.RaftServerConfigKeys (ConfUtils.java:logGet(43)) - raft.server.log.use.memory = false (default)
2019-10-03 21:11:12,561 [pool-207-thread-1] INFO  server.RaftServerConfigKeys (ConfUtils.java:logGet(43)) - raft.server.notification.no-leader.timeout = 120s (custom)
2019-10-03 21:11:12,561 [pool-217-thread-1] INFO  server.RaftServerConfigKeys (ConfUtils.java:logGet(43)) - raft.server.log.purge.gap = 1000000 (custom)
2019-10-03 21:11:12,561 [pool-247-thread-1] INFO  server.RaftServerConfigKeys (ConfUtils.java:logGet(43)) - raft.server.log.use.memory = false (default)
2019-10-03 21:11:12,561 [pool-217-thread-1] INFO  server.RaftServerConfigKeys (ConfUtils.java:logGet(43)) - raft.server.log.appender.buffer.byte-limit = 33554432 (custom)
2019-10-03 21:11:12,561 [pool-207-thread-1] INFO  server.RaftServerConfigKeys (ConfUtils.java:logGet(43)) - raft.server.log.use.memory = false (default)
2019-10-03 21:11:12,561 [pool-217-thread-1] INFO  server.RaftServerConfigKeys (ConfUtils.java:logGet(43)) - raft.server.log.segment.size.max = 1048576 (custom)
2019-10-03 21:11:12,561 [pool-247-thread-1] INFO  server.RaftServerConfigKeys (ConfUtils.java:logGet(43)) - raft.server.log.purge.gap = 1000000 (custom)
2019-10-03 21:11:12,562 [pool-217-thread-1] INFO  server.RaftServerConfigKeys (ConfUtils.java:logGet(43)) - raft.server.log.segment.cache.num.max = 2 (custom)
2019-10-03 21:11:12,562 [pool-207-thread-1] INFO  server.RaftServerConfigKeys (ConfUtils.java:logGet(43)) - raft.server.log.purge.gap = 1000000 (custom)
2019-10-03 21:11:12,562 [pool-217-thread-1] INFO  segmented.SegmentedRaftLogWorker (SegmentedRaftLogWorker.java:<init>(173)) - new 9c318cf7-b60a-4fbf-bf89-edd5e8cfab55@group-CE40E4357BCC-SegmentedRaftLogWorker for RaftStorage:Storage Directory /workdir/hadoop-ozone/integration-test/target/test-dir/MiniOzoneClusterImpl-eb3927cc-2b10-4a46-9282-313eace86f45/datanode-1/data/ratis/a37241db-fe47-4840-8058-ce40e4357bcc
2019-10-03 21:11:12,562 [pool-247-thread-1] INFO  server.RaftServerConfigKeys (ConfUtils.java:logGet(43)) - raft.server.log.appender.buffer.byte-limit = 33554432 (custom)
2019-10-03 21:11:12,562 [pool-217-thread-1] INFO  server.RaftServerConfigKeys (ConfUtils.java:logGet(43)) - raft.server.log.queue.byte-limit = 2147483647 (custom)
2019-10-03 21:11:12,562 [pool-207-thread-1] INFO  server.RaftServerConfigKeys (ConfUtils.java:logGet(43)) - raft.server.log.appender.buffer.byte-limit = 33554432 (custom)
2019-10-03 21:11:12,563 [pool-217-thread-1] INFO  server.RaftServerConfigKeys (ConfUtils.java:logGet(43)) - raft.server.log.queue.element-limit = 1024 (custom)
2019-10-03 21:11:12,563 [pool-247-thread-1] INFO  server.RaftServerConfigKeys (ConfUtils.java:logGet(43)) - raft.server.log.segment.size.max = 1048576 (custom)
2019-10-03 21:11:12,563 [pool-217-thread-1] INFO  server.RaftServerConfigKeys (ConfUtils.java:logGet(43)) - raft.server.log.segment.size.max = 1048576 (custom)
2019-10-03 21:11:12,563 [pool-207-thread-1] INFO  server.RaftServerConfigKeys (ConfUtils.java:logGet(43)) - raft.server.log.segment.size.max = 1048576 (custom)
2019-10-03 21:11:12,563 [pool-217-thread-1] INFO  server.RaftServerConfigKeys (ConfUtils.java:logGet(43)) - raft.server.log.preallocated.size = 16384 (custom)
2019-10-03 21:11:12,564 [pool-217-thread-1] INFO  server.RaftServerConfigKeys (ConfUtils.java:logGet(43)) - raft.server.log.write.buffer.size = 33554432 (custom)
2019-10-03 21:11:12,563 [pool-247-thread-1] INFO  server.RaftServerConfigKeys (ConfUtils.java:logGet(43)) - raft.server.log.segment.cache.num.max = 2 (custom)
2019-10-03 21:11:12,564 [pool-217-thread-1] INFO  server.RaftServerConfigKeys (ConfUtils.java:logGet(43)) - raft.server.log.force.sync.num = 128 (default)
2019-10-03 21:11:12,564 [pool-207-thread-1] INFO  server.RaftServerConfigKeys (ConfUtils.java:logGet(43)) - raft.server.log.segment.cache.num.max = 2 (custom)
2019-10-03 21:11:12,564 [pool-217-thread-1] INFO  server.RaftServerConfigKeys (ConfUtils.java:logGet(43)) - raft.server.log.statemachine.data.sync = true (default)
2019-10-03 21:11:12,564 [pool-247-thread-1] INFO  segmented.SegmentedRaftLogWorker (SegmentedRaftLogWorker.java:<init>(173)) - new 7c505e6a-9687-4d94-9068-e6b7950a282c@group-CE40E4357BCC-SegmentedRaftLogWorker for RaftStorage:Storage Directory /workdir/hadoop-ozone/integration-test/target/test-dir/MiniOzoneClusterImpl-eb3927cc-2b10-4a46-9282-313eace86f45/datanode-4/data/ratis/a37241db-fe47-4840-8058-ce40e4357bcc
2019-10-03 21:11:12,565 [pool-217-thread-1] INFO  server.RaftServerConfigKeys (ConfUtils.java:logGet(43)) - raft.server.log.statemachine.data.sync.timeout = 10s (default)
2019-10-03 21:11:12,565 [pool-217-thread-1] INFO  server.RaftServerConfigKeys (ConfUtils.java:logGet(43)) - raft.server.log.statemachine.data.sync.timeout.retry = -1 (default)
2019-10-03 21:11:12,564 [pool-207-thread-1] INFO  segmented.SegmentedRaftLogWorker (SegmentedRaftLogWorker.java:<init>(173)) - new f658ebac-deb2-49b4-9f10-33c653d96c5d@group-CE40E4357BCC-SegmentedRaftLogWorker for RaftStorage:Storage Directory /workdir/hadoop-ozone/integration-test/target/test-dir/MiniOzoneClusterImpl-eb3927cc-2b10-4a46-9282-313eace86f45/datanode-0/data/ratis/a37241db-fe47-4840-8058-ce40e4357bcc
2019-10-03 21:11:12,565 [pool-217-thread-1] INFO  server.RaftServerConfigKeys (ConfUtils.java:logGet(43)) - raft.server.log.statemachine.data.caching.enabled = true (custom)
2019-10-03 21:11:12,565 [pool-247-thread-1] INFO  server.RaftServerConfigKeys (ConfUtils.java:logGet(43)) - raft.server.log.queue.byte-limit = 2147483647 (custom)
2019-10-03 21:11:12,565 [pool-207-thread-1] INFO  server.RaftServerConfigKeys (ConfUtils.java:logGet(43)) - raft.server.log.queue.byte-limit = 2147483647 (custom)
2019-10-03 21:11:12,566 [pool-217-thread-1] INFO  segmented.SegmentedRaftLogWorker (SegmentedRaftLogWorker.java:lambda$new$0(128)) - 9c318cf7-b60a-4fbf-bf89-edd5e8cfab55@group-CE40E4357BCC-SegmentedRaftLogWorker: flushIndex: setUnconditionally 0 -> -1
2019-10-03 21:11:12,566 [pool-247-thread-1] INFO  server.RaftServerConfigKeys (ConfUtils.java:logGet(43)) - raft.server.log.queue.element-limit = 1024 (custom)
2019-10-03 21:11:12,566 [pool-207-thread-1] INFO  server.RaftServerConfigKeys (ConfUtils.java:logGet(43)) - raft.server.log.queue.element-limit = 1024 (custom)
2019-10-03 21:11:12,566 [pool-247-thread-1] INFO  server.RaftServerConfigKeys (ConfUtils.java:logGet(43)) - raft.server.log.segment.size.max = 1048576 (custom)
2019-10-03 21:11:12,566 [pool-217-thread-1] INFO  server.RaftServerConfigKeys (ConfUtils.java:logGet(43)) - raft.server.snapshot.auto.trigger.enabled = true (custom)
2019-10-03 21:11:12,566 [pool-247-thread-1] INFO  server.RaftServerConfigKeys (ConfUtils.java:logGet(43)) - raft.server.log.preallocated.size = 16384 (custom)
2019-10-03 21:11:12,566 [pool-207-thread-1] INFO  server.RaftServerConfigKeys (ConfUtils.java:logGet(43)) - raft.server.log.segment.size.max = 1048576 (custom)
2019-10-03 21:11:12,567 [pool-247-thread-1] INFO  server.RaftServerConfigKeys (ConfUtils.java:logGet(43)) - raft.server.log.write.buffer.size = 33554432 (custom)
2019-10-03 21:11:12,567 [pool-217-thread-1] INFO  server.RaftServerConfigKeys (ConfUtils.java:logGet(43)) - raft.server.snapshot.auto.trigger.threshold = 10000 (custom)
2019-10-03 21:11:12,567 [pool-247-thread-1] INFO  server.RaftServerConfigKeys (ConfUtils.java:logGet(43)) - raft.server.log.force.sync.num = 128 (default)
2019-10-03 21:11:12,567 [pool-207-thread-1] INFO  server.RaftServerConfigKeys (ConfUtils.java:logGet(43)) - raft.server.log.preallocated.size = 16384 (custom)
2019-10-03 21:11:12,567 [pool-247-thread-1] INFO  server.RaftServerConfigKeys (ConfUtils.java:logGet(43)) - raft.server.log.statemachine.data.sync = true (default)
2019-10-03 21:11:12,567 [pool-217-thread-1] INFO  server.RaftServerConfigKeys (ConfUtils.java:logGet(43)) - raft.server.snapshot.retention.file.num = 5 (custom)
2019-10-03 21:11:12,568 [pool-247-thread-1] INFO  server.RaftServerConfigKeys (ConfUtils.java:logGet(43)) - raft.server.log.statemachine.data.sync.timeout = 10s (default)
2019-10-03 21:11:12,567 [pool-207-thread-1] INFO  server.RaftServerConfigKeys (ConfUtils.java:logGet(43)) - raft.server.log.write.buffer.size = 33554432 (custom)
2019-10-03 21:11:12,568 [pool-247-thread-1] INFO  server.RaftServerConfigKeys (ConfUtils.java:logGet(43)) - raft.server.log.statemachine.data.sync.timeout.retry = -1 (default)
2019-10-03 21:11:12,568 [pool-217-thread-1] INFO  server.RaftServerConfigKeys (ConfUtils.java:logGet(43)) - raft.server.retrycache.expirytime = 600000ms (custom)
2019-10-03 21:11:12,568 [pool-247-thread-1] INFO  server.RaftServerConfigKeys (ConfUtils.java:logGet(43)) - raft.server.log.statemachine.data.caching.enabled = true (custom)
2019-10-03 21:11:12,568 [pool-207-thread-1] INFO  server.RaftServerConfigKeys (ConfUtils.java:logGet(43)) - raft.server.log.force.sync.num = 128 (default)
2019-10-03 21:11:12,569 [pool-207-thread-1] INFO  server.RaftServerConfigKeys (ConfUtils.java:logGet(43)) - raft.server.log.statemachine.data.sync = true (default)
2019-10-03 21:11:12,569 [pool-247-thread-1] INFO  segmented.SegmentedRaftLogWorker (SegmentedRaftLogWorker.java:lambda$new$0(128)) - 7c505e6a-9687-4d94-9068-e6b7950a282c@group-CE40E4357BCC-SegmentedRaftLogWorker: flushIndex: setUnconditionally 0 -> -1
2019-10-03 21:11:12,569 [pool-207-thread-1] INFO  server.RaftServerConfigKeys (ConfUtils.java:logGet(43)) - raft.server.log.statemachine.data.sync.timeout = 10s (default)
2019-10-03 21:11:12,569 [pool-207-thread-1] INFO  server.RaftServerConfigKeys (ConfUtils.java:logGet(43)) - raft.server.log.statemachine.data.sync.timeout.retry = -1 (default)
2019-10-03 21:11:12,569 [pool-247-thread-1] INFO  server.RaftServerConfigKeys (ConfUtils.java:logGet(43)) - raft.server.snapshot.auto.trigger.enabled = true (custom)
2019-10-03 21:11:12,570 [pool-207-thread-1] INFO  server.RaftServerConfigKeys (ConfUtils.java:logGet(43)) - raft.server.log.statemachine.data.caching.enabled = true (custom)
2019-10-03 21:11:12,570 [pool-247-thread-1] INFO  server.RaftServerConfigKeys (ConfUtils.java:logGet(43)) - raft.server.snapshot.auto.trigger.threshold = 10000 (custom)
2019-10-03 21:11:12,570 [pool-207-thread-1] INFO  segmented.SegmentedRaftLogWorker (SegmentedRaftLogWorker.java:lambda$new$0(128)) - f658ebac-deb2-49b4-9f10-33c653d96c5d@group-CE40E4357BCC-SegmentedRaftLogWorker: flushIndex: setUnconditionally 0 -> -1
2019-10-03 21:11:12,570 [pool-247-thread-1] INFO  server.RaftServerConfigKeys (ConfUtils.java:logGet(43)) - raft.server.snapshot.retention.file.num = 5 (custom)
2019-10-03 21:11:12,570 [pool-247-thread-1] INFO  server.RaftServerConfigKeys (ConfUtils.java:logGet(43)) - raft.server.retrycache.expirytime = 600000ms (custom)
2019-10-03 21:11:12,570 [pool-207-thread-1] INFO  server.RaftServerConfigKeys (ConfUtils.java:logGet(43)) - raft.server.snapshot.auto.trigger.enabled = true (custom)
2019-10-03 21:11:12,571 [pool-207-thread-1] INFO  server.RaftServerConfigKeys (ConfUtils.java:logGet(43)) - raft.server.snapshot.auto.trigger.threshold = 10000 (custom)
2019-10-03 21:11:12,571 [pool-207-thread-1] INFO  server.RaftServerConfigKeys (ConfUtils.java:logGet(43)) - raft.server.snapshot.retention.file.num = 5 (custom)
2019-10-03 21:11:12,571 [pool-217-thread-1] INFO  impl.RaftServerImpl (RaftServerImpl.java:start(181)) - 9c318cf7-b60a-4fbf-bf89-edd5e8cfab55@group-CE40E4357BCC: start as a follower, conf=-1: [7c505e6a-9687-4d94-9068-e6b7950a282c:192.168.30.42:38657, 9c318cf7-b60a-4fbf-bf89-edd5e8cfab55:192.168.30.42:45559, f658ebac-deb2-49b4-9f10-33c653d96c5d:192.168.30.42:44839], old=null
2019-10-03 21:11:12,571 [pool-207-thread-1] INFO  server.RaftServerConfigKeys (ConfUtils.java:logGet(43)) - raft.server.retrycache.expirytime = 600000ms (custom)
2019-10-03 21:11:12,571 [pool-217-thread-1] INFO  impl.RaftServerImpl (RaftServerImpl.java:setRole(170)) - 9c318cf7-b60a-4fbf-bf89-edd5e8cfab55@group-CE40E4357BCC: changes role from      null to FOLLOWER at term 0 for startAsFollower
2019-10-03 21:11:12,571 [pool-217-thread-1] INFO  impl.RoleInfo (RoleInfo.java:updateAndGet(143)) - 9c318cf7-b60a-4fbf-bf89-edd5e8cfab55: start FollowerState
2019-10-03 21:11:12,572 [pool-217-thread-1] INFO  util.JmxRegister (JmxRegister.java:tryRegister(44)) - Successfully registered JMX Bean with object name Ratis:service=RaftServer,group=group-CE40E4357BCC,id=9c318cf7-b60a-4fbf-bf89-edd5e8cfab55
2019-10-03 21:11:12,574 [pool-247-thread-1] INFO  impl.RaftServerImpl (RaftServerImpl.java:start(181)) - 7c505e6a-9687-4d94-9068-e6b7950a282c@group-CE40E4357BCC: start as a follower, conf=-1: [7c505e6a-9687-4d94-9068-e6b7950a282c:192.168.30.42:38657, 9c318cf7-b60a-4fbf-bf89-edd5e8cfab55:192.168.30.42:45559, f658ebac-deb2-49b4-9f10-33c653d96c5d:192.168.30.42:44839], old=null
2019-10-03 21:11:12,574 [pool-247-thread-1] INFO  impl.RaftServerImpl (RaftServerImpl.java:setRole(170)) - 7c505e6a-9687-4d94-9068-e6b7950a282c@group-CE40E4357BCC: changes role from      null to FOLLOWER at term 0 for startAsFollower
2019-10-03 21:11:12,574 [pool-247-thread-1] INFO  impl.RoleInfo (RoleInfo.java:updateAndGet(143)) - 7c505e6a-9687-4d94-9068-e6b7950a282c: start FollowerState
2019-10-03 21:11:12,575 [pool-247-thread-1] INFO  util.JmxRegister (JmxRegister.java:tryRegister(44)) - Successfully registered JMX Bean with object name Ratis:service=RaftServer,group=group-CE40E4357BCC,id=7c505e6a-9687-4d94-9068-e6b7950a282c
2019-10-03 21:11:12,575 [pool-207-thread-1] INFO  impl.RaftServerImpl (RaftServerImpl.java:start(181)) - f658ebac-deb2-49b4-9f10-33c653d96c5d@group-CE40E4357BCC: start as a follower, conf=-1: [7c505e6a-9687-4d94-9068-e6b7950a282c:192.168.30.42:38657, 9c318cf7-b60a-4fbf-bf89-edd5e8cfab55:192.168.30.42:45559, f658ebac-deb2-49b4-9f10-33c653d96c5d:192.168.30.42:44839], old=null
2019-10-03 21:11:12,575 [pool-207-thread-1] INFO  impl.RaftServerImpl (RaftServerImpl.java:setRole(170)) - f658ebac-deb2-49b4-9f10-33c653d96c5d@group-CE40E4357BCC: changes role from      null to FOLLOWER at term 0 for startAsFollower
2019-10-03 21:11:12,575 [pool-207-thread-1] INFO  impl.RoleInfo (RoleInfo.java:updateAndGet(143)) - f658ebac-deb2-49b4-9f10-33c653d96c5d: start FollowerState
2019-10-03 21:11:12,576 [pool-207-thread-1] INFO  util.JmxRegister (JmxRegister.java:tryRegister(44)) - Successfully registered JMX Bean with object name Ratis:service=RaftServer,group=group-CE40E4357BCC,id=f658ebac-deb2-49b4-9f10-33c653d96c5d
2019-10-03 21:11:12,590 [RatisPipelineUtilsThread] INFO  pipeline.PipelineStateManager (PipelineStateManager.java:addPipeline(56)) - Created pipeline Pipeline[ Id: a37241db-fe47-4840-8058-ce40e4357bcc, Nodes: f658ebac-deb2-49b4-9f10-33c653d96c5d{ip: 192.168.30.42, host: pr-hdds-2225-n29jj-1390324493, networkLocation: /default-rack, certSerialId: null}7c505e6a-9687-4d94-9068-e6b7950a282c{ip: 192.168.30.42, host: pr-hdds-2225-n29jj-1390324493, networkLocation: /default-rack, certSerialId: null}9c318cf7-b60a-4fbf-bf89-edd5e8cfab55{ip: 192.168.30.42, host: pr-hdds-2225-n29jj-1390324493, networkLocation: /default-rack, certSerialId: null}, Type:RATIS, Factor:THREE, State:OPEN]
2019-10-03 21:11:12,609 [grpc-default-executor-4] INFO  impl.RaftServerProxy (RaftServerProxy.java:addNew(89)) - c69db473-da19-42bc-b553-45bf783073d2: addNew group-5ECA322FBCF8:[c69db473-da19-42bc-b553-45bf783073d2:192.168.30.42:33680, 9536ee1a-5724-4172-9532-94ec92614bef:192.168.30.42:37563, fe70dfea-4805-4f28-818f-8095715e39a4:192.168.30.42:33733] returns group-5ECA322FBCF8:java.util.concurrent.CompletableFuture@3168b16[Not completed]
2019-10-03 21:11:12,612 [grpc-default-executor-2] INFO  impl.RaftServerProxy (RaftServerProxy.java:addNew(89)) - 9536ee1a-5724-4172-9532-94ec92614bef: addNew group-5ECA322FBCF8:[c69db473-da19-42bc-b553-45bf783073d2:192.168.30.42:33680, 9536ee1a-5724-4172-9532-94ec92614bef:192.168.30.42:37563, fe70dfea-4805-4f28-818f-8095715e39a4:192.168.30.42:33733] returns group-5ECA322FBCF8:java.util.concurrent.CompletableFuture@226d30b3[Not completed]
2019-10-03 21:11:12,615 [grpc-default-executor-2] INFO  impl.RaftServerProxy (RaftServerProxy.java:addNew(89)) - fe70dfea-4805-4f28-818f-8095715e39a4: addNew group-5ECA322FBCF8:[c69db473-da19-42bc-b553-45bf783073d2:192.168.30.42:33680, 9536ee1a-5724-4172-9532-94ec92614bef:192.168.30.42:37563, fe70dfea-4805-4f28-818f-8095715e39a4:192.168.30.42:33733] returns group-5ECA322FBCF8:java.util.concurrent.CompletableFuture@7175f468[Not completed]
2019-10-03 21:11:12,615 [pool-237-thread-1] INFO  impl.RaftServerImpl (RaftServerImpl.java:<init>(95)) - c69db473-da19-42bc-b553-45bf783073d2: new RaftServerImpl for group-5ECA322FBCF8:[c69db473-da19-42bc-b553-45bf783073d2:192.168.30.42:33680, 9536ee1a-5724-4172-9532-94ec92614bef:192.168.30.42:37563, fe70dfea-4805-4f28-818f-8095715e39a4:192.168.30.42:33733] with ContainerStateMachine:uninitialized
2019-10-03 21:11:12,615 [pool-237-thread-1] INFO  server.RaftServerConfigKeys (ConfUtils.java:logGet(43)) - raft.server.rpc.timeout.min = 5s (custom)
2019-10-03 21:11:12,615 [pool-237-thread-1] INFO  server.RaftServerConfigKeys (ConfUtils.java:logGet(43)) - raft.server.rpc.timeout.max = 5200ms (custom)
2019-10-03 21:11:12,616 [pool-237-thread-1] INFO  server.RaftServerConfigKeys (ConfUtils.java:logGet(43)) - raft.server.rpcslowness.timeout = 120s (custom)
2019-10-03 21:11:12,616 [pool-237-thread-1] INFO  server.RaftServerConfigKeys (ConfUtils.java:logGet(43)) - raft.server.sleep.deviation.threshold = 300 (default)
2019-10-03 21:11:12,616 [pool-237-thread-1] INFO  server.RaftServerConfigKeys (ConfUtils.java:logGet(43)) - raft.server.log.appender.install.snapshot.enabled = false (custom)
2019-10-03 21:11:12,616 [pool-237-thread-1] INFO  impl.RaftServerImpl (ServerState.java:<init>(103)) - c69db473-da19-42bc-b553-45bf783073d2@group-5ECA322FBCF8: ConfigurationManager, init=-1: [c69db473-da19-42bc-b553-45bf783073d2:192.168.30.42:33680, 9536ee1a-5724-4172-9532-94ec92614bef:192.168.30.42:37563, fe70dfea-4805-4f28-818f-8095715e39a4:192.168.30.42:33733], old=null, confs=<EMPTY_MAP>
2019-10-03 21:11:12,616 [pool-257-thread-1] INFO  impl.RaftServerImpl (RaftServerImpl.java:<init>(95)) - fe70dfea-4805-4f28-818f-8095715e39a4: new RaftServerImpl for group-5ECA322FBCF8:[c69db473-da19-42bc-b553-45bf783073d2:192.168.30.42:33680, 9536ee1a-5724-4172-9532-94ec92614bef:192.168.30.42:37563, fe70dfea-4805-4f28-818f-8095715e39a4:192.168.30.42:33733] with ContainerStateMachine:uninitialized
2019-10-03 21:11:12,616 [pool-237-thread-1] INFO  server.RaftServerConfigKeys (ConfUtils.java:logGet(43)) - raft.server.storage.dir = [/workdir/hadoop-ozone/integration-test/target/test-dir/MiniOzoneClusterImpl-eb3927cc-2b10-4a46-9282-313eace86f45/datanode-3/data/ratis] (custom)
2019-10-03 21:11:12,616 [pool-257-thread-1] INFO  server.RaftServerConfigKeys (ConfUtils.java:logGet(43)) - raft.server.rpc.timeout.min = 5s (custom)
2019-10-03 21:11:12,616 [pool-267-thread-1] INFO  impl.RaftServerImpl (RaftServerImpl.java:<init>(95)) - 9536ee1a-5724-4172-9532-94ec92614bef: new RaftServerImpl for group-5ECA322FBCF8:[c69db473-da19-42bc-b553-45bf783073d2:192.168.30.42:33680, 9536ee1a-5724-4172-9532-94ec92614bef:192.168.30.42:37563, fe70dfea-4805-4f28-818f-8095715e39a4:192.168.30.42:33733] with ContainerStateMachine:uninitialized
2019-10-03 21:11:12,617 [pool-257-thread-1] INFO  server.RaftServerConfigKeys (ConfUtils.java:logGet(43)) - raft.server.rpc.timeout.max = 5200ms (custom)
2019-10-03 21:11:12,617 [pool-237-thread-1] INFO  server.RaftServerConfigKeys (ConfUtils.java:logGet(43)) - raft.server.log.corruption.policy = EXCEPTION (default)
2019-10-03 21:11:12,617 [pool-257-thread-1] INFO  server.RaftServerConfigKeys (ConfUtils.java:logGet(43)) - raft.server.rpcslowness.timeout = 120s (custom)
2019-10-03 21:11:12,617 [pool-267-thread-1] INFO  server.RaftServerConfigKeys (ConfUtils.java:logGet(43)) - raft.server.rpc.timeout.min = 5s (custom)
2019-10-03 21:11:12,617 [pool-257-thread-1] INFO  server.RaftServerConfigKeys (ConfUtils.java:logGet(43)) - raft.server.sleep.deviation.threshold = 300 (default)
2019-10-03 21:11:12,617 [pool-237-thread-1] INFO  storage.RaftStorageDirectory (RaftStorageDirectory.java:analyzeStorage(246)) - The storage directory /workdir/hadoop-ozone/integration-test/target/test-dir/MiniOzoneClusterImpl-eb3927cc-2b10-4a46-9282-313eace86f45/datanode-3/data/ratis/a83dcfdf-42ef-4148-b995-5eca322fbcf8 does not exist. Creating ...
2019-10-03 21:11:12,618 [pool-257-thread-1] INFO  server.RaftServerConfigKeys (ConfUtils.java:logGet(43)) - raft.server.log.appender.install.snapshot.enabled = false (custom)
2019-10-03 21:11:12,618 [pool-267-thread-1] INFO  server.RaftServerConfigKeys (ConfUtils.java:logGet(43)) - raft.server.rpc.timeout.max = 5200ms (custom)
2019-10-03 21:11:12,618 [pool-257-thread-1] INFO  impl.RaftServerImpl (ServerState.java:<init>(103)) - fe70dfea-4805-4f28-818f-8095715e39a4@group-5ECA322FBCF8: ConfigurationManager, init=-1: [c69db473-da19-42bc-b553-45bf783073d2:192.168.30.42:33680, 9536ee1a-5724-4172-9532-94ec92614bef:192.168.30.42:37563, fe70dfea-4805-4f28-818f-8095715e39a4:192.168.30.42:33733], old=null, confs=<EMPTY_MAP>
2019-10-03 21:11:12,618 [pool-267-thread-1] INFO  server.RaftServerConfigKeys (ConfUtils.java:logGet(43)) - raft.server.rpcslowness.timeout = 120s (custom)
2019-10-03 21:11:12,618 [pool-257-thread-1] INFO  server.RaftServerConfigKeys (ConfUtils.java:logGet(43)) - raft.server.storage.dir = [/workdir/hadoop-ozone/integration-test/target/test-dir/MiniOzoneClusterImpl-eb3927cc-2b10-4a46-9282-313eace86f45/datanode-5/data/ratis] (custom)
2019-10-03 21:11:12,618 [pool-267-thread-1] INFO  server.RaftServerConfigKeys (ConfUtils.java:logGet(43)) - raft.server.sleep.deviation.threshold = 300 (default)
2019-10-03 21:11:12,619 [pool-267-thread-1] INFO  server.RaftServerConfigKeys (ConfUtils.java:logGet(43)) - raft.server.log.appender.install.snapshot.enabled = false (custom)
2019-10-03 21:11:12,619 [pool-257-thread-1] INFO  server.RaftServerConfigKeys (ConfUtils.java:logGet(43)) - raft.server.log.corruption.policy = EXCEPTION (default)
2019-10-03 21:11:12,619 [pool-267-thread-1] INFO  impl.RaftServerImpl (ServerState.java:<init>(103)) - 9536ee1a-5724-4172-9532-94ec92614bef@group-5ECA322FBCF8: ConfigurationManager, init=-1: [c69db473-da19-42bc-b553-45bf783073d2:192.168.30.42:33680, 9536ee1a-5724-4172-9532-94ec92614bef:192.168.30.42:37563, fe70dfea-4805-4f28-818f-8095715e39a4:192.168.30.42:33733], old=null, confs=<EMPTY_MAP>
2019-10-03 21:11:12,619 [pool-257-thread-1] INFO  storage.RaftStorageDirectory (RaftStorageDirectory.java:analyzeStorage(246)) - The storage directory /workdir/hadoop-ozone/integration-test/target/test-dir/MiniOzoneClusterImpl-eb3927cc-2b10-4a46-9282-313eace86f45/datanode-5/data/ratis/a83dcfdf-42ef-4148-b995-5eca322fbcf8 does not exist. Creating ...
2019-10-03 21:11:12,619 [pool-267-thread-1] INFO  server.RaftServerConfigKeys (ConfUtils.java:logGet(43)) - raft.server.storage.dir = [/workdir/hadoop-ozone/integration-test/target/test-dir/MiniOzoneClusterImpl-eb3927cc-2b10-4a46-9282-313eace86f45/datanode-6/data/ratis] (custom)
2019-10-03 21:11:12,620 [pool-267-thread-1] INFO  server.RaftServerConfigKeys (ConfUtils.java:logGet(43)) - raft.server.log.corruption.policy = EXCEPTION (default)
2019-10-03 21:11:12,620 [pool-267-thread-1] INFO  storage.RaftStorageDirectory (RaftStorageDirectory.java:analyzeStorage(246)) - The storage directory /workdir/hadoop-ozone/integration-test/target/test-dir/MiniOzoneClusterImpl-eb3927cc-2b10-4a46-9282-313eace86f45/datanode-6/data/ratis/a83dcfdf-42ef-4148-b995-5eca322fbcf8 does not exist. Creating ...
2019-10-03 21:11:12,644 [pool-257-thread-1] INFO  storage.RaftStorageDirectory (RaftStorageDirectory.java:tryLock(328)) - Lock on /workdir/hadoop-ozone/integration-test/target/test-dir/MiniOzoneClusterImpl-eb3927cc-2b10-4a46-9282-313eace86f45/datanode-5/data/ratis/a83dcfdf-42ef-4148-b995-5eca322fbcf8/in_use.lock acquired by nodename 4957@pr-hdds-2225-n29jj-1390324493
2019-10-03 21:11:12,644 [pool-267-thread-1] INFO  storage.RaftStorageDirectory (RaftStorageDirectory.java:tryLock(328)) - Lock on /workdir/hadoop-ozone/integration-test/target/test-dir/MiniOzoneClusterImpl-eb3927cc-2b10-4a46-9282-313eace86f45/datanode-6/data/ratis/a83dcfdf-42ef-4148-b995-5eca322fbcf8/in_use.lock acquired by nodename 4957@pr-hdds-2225-n29jj-1390324493
2019-10-03 21:11:12,644 [pool-237-thread-1] INFO  storage.RaftStorageDirectory (RaftStorageDirectory.java:tryLock(328)) - Lock on /workdir/hadoop-ozone/integration-test/target/test-dir/MiniOzoneClusterImpl-eb3927cc-2b10-4a46-9282-313eace86f45/datanode-3/data/ratis/a83dcfdf-42ef-4148-b995-5eca322fbcf8/in_use.lock acquired by nodename 4957@pr-hdds-2225-n29jj-1390324493
2019-10-03 21:11:12,669 [pool-257-thread-1] INFO  storage.RaftStorage (RaftStorage.java:format(84)) - Storage directory /workdir/hadoop-ozone/integration-test/target/test-dir/MiniOzoneClusterImpl-eb3927cc-2b10-4a46-9282-313eace86f45/datanode-5/data/ratis/a83dcfdf-42ef-4148-b995-5eca322fbcf8 has been successfully formatted.
2019-10-03 21:11:12,670 [pool-237-thread-1] INFO  storage.RaftStorage (RaftStorage.java:format(84)) - Storage directory /workdir/hadoop-ozone/integration-test/target/test-dir/MiniOzoneClusterImpl-eb3927cc-2b10-4a46-9282-313eace86f45/datanode-3/data/ratis/a83dcfdf-42ef-4148-b995-5eca322fbcf8 has been successfully formatted.
2019-10-03 21:11:12,670 [pool-267-thread-1] INFO  storage.RaftStorage (RaftStorage.java:format(84)) - Storage directory /workdir/hadoop-ozone/integration-test/target/test-dir/MiniOzoneClusterImpl-eb3927cc-2b10-4a46-9282-313eace86f45/datanode-6/data/ratis/a83dcfdf-42ef-4148-b995-5eca322fbcf8 has been successfully formatted.
2019-10-03 21:11:12,670 [pool-237-thread-1] INFO  ratis.ContainerStateMachine (ContainerStateMachine.java:loadSnapshot(230)) - group-5ECA322FBCF8: The snapshot info is null. Setting the last applied indexto:(t:0, i:~)
2019-10-03 21:11:12,670 [pool-257-thread-1] INFO  ratis.ContainerStateMachine (ContainerStateMachine.java:loadSnapshot(230)) - group-5ECA322FBCF8: The snapshot info is null. Setting the last applied indexto:(t:0, i:~)
2019-10-03 21:11:12,670 [pool-237-thread-1] INFO  server.RaftServerConfigKeys (ConfUtils.java:logGet(43)) - raft.server.notification.no-leader.timeout = 120s (custom)
2019-10-03 21:11:12,670 [pool-267-thread-1] INFO  ratis.ContainerStateMachine (ContainerStateMachine.java:loadSnapshot(230)) - group-5ECA322FBCF8: The snapshot info is null. Setting the last applied indexto:(t:0, i:~)
2019-10-03 21:11:12,670 [pool-237-thread-1] INFO  server.RaftServerConfigKeys (ConfUtils.java:logGet(43)) - raft.server.log.use.memory = false (default)
2019-10-03 21:11:12,670 [pool-257-thread-1] INFO  server.RaftServerConfigKeys (ConfUtils.java:logGet(43)) - raft.server.notification.no-leader.timeout = 120s (custom)
2019-10-03 21:11:12,671 [pool-237-thread-1] INFO  server.RaftServerConfigKeys (ConfUtils.java:logGet(43)) - raft.server.log.purge.gap = 1000000 (custom)
2019-10-03 21:11:12,671 [pool-267-thread-1] INFO  server.RaftServerConfigKeys (ConfUtils.java:logGet(43)) - raft.server.notification.no-leader.timeout = 120s (custom)
2019-10-03 21:11:12,671 [pool-237-thread-1] INFO  server.RaftServerConfigKeys (ConfUtils.java:logGet(43)) - raft.server.log.appender.buffer.byte-limit = 33554432 (custom)
2019-10-03 21:11:12,671 [pool-257-thread-1] INFO  server.RaftServerConfigKeys (ConfUtils.java:logGet(43)) - raft.server.log.use.memory = false (default)
2019-10-03 21:11:12,671 [pool-237-thread-1] INFO  server.RaftServerConfigKeys (ConfUtils.java:logGet(43)) - raft.server.log.segment.size.max = 1048576 (custom)
2019-10-03 21:11:12,671 [pool-267-thread-1] INFO  server.RaftServerConfigKeys (ConfUtils.java:logGet(43)) - raft.server.log.use.memory = false (default)
2019-10-03 21:11:12,672 [pool-237-thread-1] INFO  server.RaftServerConfigKeys (ConfUtils.java:logGet(43)) - raft.server.log.segment.cache.num.max = 2 (custom)
2019-10-03 21:11:12,672 [pool-257-thread-1] INFO  server.RaftServerConfigKeys (ConfUtils.java:logGet(43)) - raft.server.log.purge.gap = 1000000 (custom)
2019-10-03 21:11:12,672 [pool-237-thread-1] INFO  segmented.SegmentedRaftLogWorker (SegmentedRaftLogWorker.java:<init>(173)) - new c69db473-da19-42bc-b553-45bf783073d2@group-5ECA322FBCF8-SegmentedRaftLogWorker for RaftStorage:Storage Directory /workdir/hadoop-ozone/integration-test/target/test-dir/MiniOzoneClusterImpl-eb3927cc-2b10-4a46-9282-313eace86f45/datanode-3/data/ratis/a83dcfdf-42ef-4148-b995-5eca322fbcf8
2019-10-03 21:11:12,672 [pool-237-thread-1] INFO  server.RaftServerConfigKeys (ConfUtils.java:logGet(43)) - raft.server.log.queue.byte-limit = 2147483647 (custom)
2019-10-03 21:11:12,672 [pool-267-thread-1] INFO  server.RaftServerConfigKeys (ConfUtils.java:logGet(43)) - raft.server.log.purge.gap = 1000000 (custom)
2019-10-03 21:11:12,672 [pool-237-thread-1] INFO  server.RaftServerConfigKeys (ConfUtils.java:logGet(43)) - raft.server.log.queue.element-limit = 1024 (custom)
2019-10-03 21:11:12,672 [pool-257-thread-1] INFO  server.RaftServerConfigKeys (ConfUtils.java:logGet(43)) - raft.server.log.appender.buffer.byte-limit = 33554432 (custom)
2019-10-03 21:11:12,673 [pool-237-thread-1] INFO  server.RaftServerConfigKeys (ConfUtils.java:logGet(43)) - raft.server.log.segment.size.max = 1048576 (custom)
2019-10-03 21:11:12,673 [pool-267-thread-1] INFO  server.RaftServerConfigKeys (ConfUtils.java:logGet(43)) - raft.server.log.appender.buffer.byte-limit = 33554432 (custom)
2019-10-03 21:11:12,673 [pool-237-thread-1] INFO  server.RaftServerConfigKeys (ConfUtils.java:logGet(43)) - raft.server.log.preallocated.size = 16384 (custom)
2019-10-03 21:11:12,673 [pool-257-thread-1] INFO  server.RaftServerConfigKeys (ConfUtils.java:logGet(43)) - raft.server.log.segment.size.max = 1048576 (custom)
2019-10-03 21:11:12,673 [pool-237-thread-1] INFO  server.RaftServerConfigKeys (ConfUtils.java:logGet(43)) - raft.server.log.write.buffer.size = 33554432 (custom)
2019-10-03 21:11:12,674 [pool-237-thread-1] INFO  server.RaftServerConfigKeys (ConfUtils.java:logGet(43)) - raft.server.log.force.sync.num = 128 (default)
2019-10-03 21:11:12,673 [pool-267-thread-1] INFO  server.RaftServerConfigKeys (ConfUtils.java:logGet(43)) - raft.server.log.segment.size.max = 1048576 (custom)
2019-10-03 21:11:12,674 [pool-237-thread-1] INFO  server.RaftServerConfigKeys (ConfUtils.java:logGet(43)) - raft.server.log.statemachine.data.sync = true (default)
2019-10-03 21:11:12,674 [pool-257-thread-1] INFO  server.RaftServerConfigKeys (ConfUtils.java:logGet(43)) - raft.server.log.segment.cache.num.max = 2 (custom)
2019-10-03 21:11:12,674 [pool-237-thread-1] INFO  server.RaftServerConfigKeys (ConfUtils.java:logGet(43)) - raft.server.log.statemachine.data.sync.timeout = 10s (default)
2019-10-03 21:11:12,674 [pool-267-thread-1] INFO  server.RaftServerConfigKeys (ConfUtils.java:logGet(43)) - raft.server.log.segment.cache.num.max = 2 (custom)
2019-10-03 21:11:12,675 [pool-237-thread-1] INFO  server.RaftServerConfigKeys (ConfUtils.java:logGet(43)) - raft.server.log.statemachine.data.sync.timeout.retry = -1 (default)
2019-10-03 21:11:12,675 [pool-257-thread-1] INFO  segmented.SegmentedRaftLogWorker (SegmentedRaftLogWorker.java:<init>(173)) - new fe70dfea-4805-4f28-818f-8095715e39a4@group-5ECA322FBCF8-SegmentedRaftLogWorker for RaftStorage:Storage Directory /workdir/hadoop-ozone/integration-test/target/test-dir/MiniOzoneClusterImpl-eb3927cc-2b10-4a46-9282-313eace86f45/datanode-5/data/ratis/a83dcfdf-42ef-4148-b995-5eca322fbcf8
2019-10-03 21:11:12,675 [pool-237-thread-1] INFO  server.RaftServerConfigKeys (ConfUtils.java:logGet(43)) - raft.server.log.statemachine.data.caching.enabled = true (custom)
2019-10-03 21:11:12,675 [pool-267-thread-1] INFO  segmented.SegmentedRaftLogWorker (SegmentedRaftLogWorker.java:<init>(173)) - new 9536ee1a-5724-4172-9532-94ec92614bef@group-5ECA322FBCF8-SegmentedRaftLogWorker for RaftStorage:Storage Directory /workdir/hadoop-ozone/integration-test/target/test-dir/MiniOzoneClusterImpl-eb3927cc-2b10-4a46-9282-313eace86f45/datanode-6/data/ratis/a83dcfdf-42ef-4148-b995-5eca322fbcf8
2019-10-03 21:11:12,675 [pool-257-thread-1] INFO  server.RaftServerConfigKeys (ConfUtils.java:logGet(43)) - raft.server.log.queue.byte-limit = 2147483647 (custom)
2019-10-03 21:11:12,676 [pool-237-thread-1] INFO  segmented.SegmentedRaftLogWorker (SegmentedRaftLogWorker.java:lambda$new$0(128)) - c69db473-da19-42bc-b553-45bf783073d2@group-5ECA322FBCF8-SegmentedRaftLogWorker: flushIndex: setUnconditionally 0 -> -1
2019-10-03 21:11:12,675 [pool-267-thread-1] INFO  server.RaftServerConfigKeys (ConfUtils.java:logGet(43)) - raft.server.log.queue.byte-limit = 2147483647 (custom)
2019-10-03 21:11:12,676 [pool-257-thread-1] INFO  server.RaftServerConfigKeys (ConfUtils.java:logGet(43)) - raft.server.log.queue.element-limit = 1024 (custom)
2019-10-03 21:11:12,676 [pool-237-thread-1] INFO  server.RaftServerConfigKeys (ConfUtils.java:logGet(43)) - raft.server.snapshot.auto.trigger.enabled = true (custom)
2019-10-03 21:11:12,676 [pool-267-thread-1] INFO  server.RaftServerConfigKeys (ConfUtils.java:logGet(43)) - raft.server.log.queue.element-limit = 1024 (custom)
2019-10-03 21:11:12,676 [pool-237-thread-1] INFO  server.RaftServerConfigKeys (ConfUtils.java:logGet(43)) - raft.server.snapshot.auto.trigger.threshold = 10000 (custom)
2019-10-03 21:11:12,676 [pool-257-thread-1] INFO  server.RaftServerConfigKeys (ConfUtils.java:logGet(43)) - raft.server.log.segment.size.max = 1048576 (custom)
2019-10-03 21:11:12,677 [pool-237-thread-1] INFO  server.RaftServerConfigKeys (ConfUtils.java:logGet(43)) - raft.server.snapshot.retention.file.num = 5 (custom)
2019-10-03 21:11:12,676 [pool-267-thread-1] INFO  server.RaftServerConfigKeys (ConfUtils.java:logGet(43)) - raft.server.log.segment.size.max = 1048576 (custom)
2019-10-03 21:11:12,677 [pool-237-thread-1] INFO  server.RaftServerConfigKeys (ConfUtils.java:logGet(43)) - raft.server.retrycache.expirytime = 600000ms (custom)
2019-10-03 21:11:12,677 [pool-257-thread-1] INFO  server.RaftServerConfigKeys (ConfUtils.java:logGet(43)) - raft.server.log.preallocated.size = 16384 (custom)
2019-10-03 21:11:12,677 [pool-267-thread-1] INFO  server.RaftServerConfigKeys (ConfUtils.java:logGet(43)) - raft.server.log.preallocated.size = 16384 (custom)
2019-10-03 21:11:12,677 [pool-257-thread-1] INFO  server.RaftServerConfigKeys (ConfUtils.java:logGet(43)) - raft.server.log.write.buffer.size = 33554432 (custom)
2019-10-03 21:11:12,678 [pool-267-thread-1] INFO  server.RaftServerConfigKeys (ConfUtils.java:logGet(43)) - raft.server.log.write.buffer.size = 33554432 (custom)
2019-10-03 21:11:12,678 [pool-257-thread-1] INFO  server.RaftServerConfigKeys (ConfUtils.java:logGet(43)) - raft.server.log.force.sync.num = 128 (default)
2019-10-03 21:11:12,678 [pool-267-thread-1] INFO  server.RaftServerConfigKeys (ConfUtils.java:logGet(43)) - raft.server.log.force.sync.num = 128 (default)
2019-10-03 21:11:12,678 [pool-257-thread-1] INFO  server.RaftServerConfigKeys (ConfUtils.java:logGet(43)) - raft.server.log.statemachine.data.sync = true (default)
2019-10-03 21:11:12,678 [pool-267-thread-1] INFO  server.RaftServerConfigKeys (ConfUtils.java:logGet(43)) - raft.server.log.statemachine.data.sync = true (default)
2019-10-03 21:11:12,678 [pool-257-thread-1] INFO  server.RaftServerConfigKeys (ConfUtils.java:logGet(43)) - raft.server.log.statemachine.data.sync.timeout = 10s (default)
2019-10-03 21:11:12,679 [pool-267-thread-1] INFO  server.RaftServerConfigKeys (ConfUtils.java:logGet(43)) - raft.server.log.statemachine.data.sync.timeout = 10s (default)
2019-10-03 21:11:12,679 [pool-257-thread-1] INFO  server.RaftServerConfigKeys (ConfUtils.java:logGet(43)) - raft.server.log.statemachine.data.sync.timeout.retry = -1 (default)
2019-10-03 21:11:12,679 [pool-267-thread-1] INFO  server.RaftServerConfigKeys (ConfUtils.java:logGet(43)) - raft.server.log.statemachine.data.sync.timeout.retry = -1 (default)
2019-10-03 21:11:12,679 [pool-257-thread-1] INFO  server.RaftServerConfigKeys (ConfUtils.java:logGet(43)) - raft.server.log.statemachine.data.caching.enabled = true (custom)
2019-10-03 21:11:12,679 [pool-237-thread-1] INFO  impl.RaftServerImpl (RaftServerImpl.java:start(181)) - c69db473-da19-42bc-b553-45bf783073d2@group-5ECA322FBCF8: start as a follower, conf=-1: [c69db473-da19-42bc-b553-45bf783073d2:192.168.30.42:33680, 9536ee1a-5724-4172-9532-94ec92614bef:192.168.30.42:37563, fe70dfea-4805-4f28-818f-8095715e39a4:192.168.30.42:33733], old=null
2019-10-03 21:11:12,679 [pool-267-thread-1] INFO  server.RaftServerConfigKeys (ConfUtils.java:logGet(43)) - raft.server.log.statemachine.data.caching.enabled = true (custom)
2019-10-03 21:11:12,680 [pool-257-thread-1] INFO  segmented.SegmentedRaftLogWorker (SegmentedRaftLogWorker.java:lambda$new$0(128)) - fe70dfea-4805-4f28-818f-8095715e39a4@group-5ECA322FBCF8-SegmentedRaftLogWorker: flushIndex: setUnconditionally 0 -> -1
2019-10-03 21:11:12,680 [pool-267-thread-1] INFO  segmented.SegmentedRaftLogWorker (SegmentedRaftLogWorker.java:lambda$new$0(128)) - 9536ee1a-5724-4172-9532-94ec92614bef@group-5ECA322FBCF8-SegmentedRaftLogWorker: flushIndex: setUnconditionally 0 -> -1
2019-10-03 21:11:12,679 [pool-237-thread-1] INFO  impl.RaftServerImpl (RaftServerImpl.java:setRole(170)) - c69db473-da19-42bc-b553-45bf783073d2@group-5ECA322FBCF8: changes role from      null to FOLLOWER at term 0 for startAsFollower
2019-10-03 21:11:12,680 [pool-257-thread-1] INFO  server.RaftServerConfigKeys (ConfUtils.java:logGet(43)) - raft.server.snapshot.auto.trigger.enabled = true (custom)
2019-10-03 21:11:12,680 [pool-267-thread-1] INFO  server.RaftServerConfigKeys (ConfUtils.java:logGet(43)) - raft.server.snapshot.auto.trigger.enabled = true (custom)
2019-10-03 21:11:12,680 [pool-237-thread-1] INFO  impl.RoleInfo (RoleInfo.java:updateAndGet(143)) - c69db473-da19-42bc-b553-45bf783073d2: start FollowerState
2019-10-03 21:11:12,680 [pool-267-thread-1] INFO  server.RaftServerConfigKeys (ConfUtils.java:logGet(43)) - raft.server.snapshot.auto.trigger.threshold = 10000 (custom)
2019-10-03 21:11:12,680 [pool-257-thread-1] INFO  server.RaftServerConfigKeys (ConfUtils.java:logGet(43)) - raft.server.snapshot.auto.trigger.threshold = 10000 (custom)
2019-10-03 21:11:12,681 [pool-237-thread-1] INFO  util.JmxRegister (JmxRegister.java:tryRegister(44)) - Successfully registered JMX Bean with object name Ratis:service=RaftServer,group=group-5ECA322FBCF8,id=c69db473-da19-42bc-b553-45bf783073d2
2019-10-03 21:11:12,681 [pool-267-thread-1] INFO  server.RaftServerConfigKeys (ConfUtils.java:logGet(43)) - raft.server.snapshot.retention.file.num = 5 (custom)
2019-10-03 21:11:12,681 [pool-257-thread-1] INFO  server.RaftServerConfigKeys (ConfUtils.java:logGet(43)) - raft.server.snapshot.retention.file.num = 5 (custom)
2019-10-03 21:11:12,681 [pool-267-thread-1] INFO  server.RaftServerConfigKeys (ConfUtils.java:logGet(43)) - raft.server.retrycache.expirytime = 600000ms (custom)
2019-10-03 21:11:12,681 [pool-257-thread-1] INFO  server.RaftServerConfigKeys (ConfUtils.java:logGet(43)) - raft.server.retrycache.expirytime = 600000ms (custom)
2019-10-03 21:11:12,686 [pool-267-thread-1] INFO  impl.RaftServerImpl (RaftServerImpl.java:start(181)) - 9536ee1a-5724-4172-9532-94ec92614bef@group-5ECA322FBCF8: start as a follower, conf=-1: [c69db473-da19-42bc-b553-45bf783073d2:192.168.30.42:33680, 9536ee1a-5724-4172-9532-94ec92614bef:192.168.30.42:37563, fe70dfea-4805-4f28-818f-8095715e39a4:192.168.30.42:33733], old=null
2019-10-03 21:11:12,686 [pool-257-thread-1] INFO  impl.RaftServerImpl (RaftServerImpl.java:start(181)) - fe70dfea-4805-4f28-818f-8095715e39a4@group-5ECA322FBCF8: start as a follower, conf=-1: [c69db473-da19-42bc-b553-45bf783073d2:192.168.30.42:33680, 9536ee1a-5724-4172-9532-94ec92614bef:192.168.30.42:37563, fe70dfea-4805-4f28-818f-8095715e39a4:192.168.30.42:33733], old=null
2019-10-03 21:11:12,689 [pool-267-thread-1] INFO  impl.RaftServerImpl (RaftServerImpl.java:setRole(170)) - 9536ee1a-5724-4172-9532-94ec92614bef@group-5ECA322FBCF8: changes role from      null to FOLLOWER at term 0 for startAsFollower
2019-10-03 21:11:12,690 [pool-257-thread-1] INFO  impl.RaftServerImpl (RaftServerImpl.java:setRole(170)) - fe70dfea-4805-4f28-818f-8095715e39a4@group-5ECA322FBCF8: changes role from      null to FOLLOWER at term 0 for startAsFollower
2019-10-03 21:11:12,690 [pool-267-thread-1] INFO  impl.RoleInfo (RoleInfo.java:updateAndGet(143)) - 9536ee1a-5724-4172-9532-94ec92614bef: start FollowerState
2019-10-03 21:11:12,690 [pool-257-thread-1] INFO  impl.RoleInfo (RoleInfo.java:updateAndGet(143)) - fe70dfea-4805-4f28-818f-8095715e39a4: start FollowerState
2019-10-03 21:11:12,690 [pool-267-thread-1] INFO  util.JmxRegister (JmxRegister.java:tryRegister(44)) - Successfully registered JMX Bean with object name Ratis:service=RaftServer,group=group-5ECA322FBCF8,id=9536ee1a-5724-4172-9532-94ec92614bef
2019-10-03 21:11:12,690 [pool-257-thread-1] INFO  util.JmxRegister (JmxRegister.java:tryRegister(44)) - Successfully registered JMX Bean with object name Ratis:service=RaftServer,group=group-5ECA322FBCF8,id=fe70dfea-4805-4f28-818f-8095715e39a4
2019-10-03 21:11:12,702 [RatisPipelineUtilsThread] INFO  pipeline.PipelineStateManager (PipelineStateManager.java:addPipeline(56)) - Created pipeline Pipeline[ Id: a83dcfdf-42ef-4148-b995-5eca322fbcf8, Nodes: c69db473-da19-42bc-b553-45bf783073d2{ip: 192.168.30.42, host: pr-hdds-2225-n29jj-1390324493, networkLocation: /default-rack, certSerialId: null}fe70dfea-4805-4f28-818f-8095715e39a4{ip: 192.168.30.42, host: pr-hdds-2225-n29jj-1390324493, networkLocation: /default-rack, certSerialId: null}9536ee1a-5724-4172-9532-94ec92614bef{ip: 192.168.30.42, host: pr-hdds-2225-n29jj-1390324493, networkLocation: /default-rack, certSerialId: null}, Type:RATIS, Factor:THREE, State:OPEN]
2019-10-03 21:11:14,843 [Thread-1485] INFO  container.ReplicationManager (ReplicationManager.java:start(162)) - Starting Replication Monitor Thread.
2019-10-03 21:11:14,845 [ReplicationMonitor] INFO  container.ReplicationManager (ReplicationManager.java:run(225)) - Replication Monitor Thread took 0 milliseconds for processing 1 containers.
2019-10-03 21:11:17,094 [Thread-1487] INFO  impl.FollowerState (FollowerState.java:run(108)) - f658ebac-deb2-49b4-9f10-33c653d96c5d@group-9623F06A7562-FollowerState: change to CANDIDATE, lastRpcTime:5162ms, electionTimeout:5162ms
2019-10-03 21:11:17,095 [Thread-1487] INFO  impl.RoleInfo (RoleInfo.java:shutdownFollowerState(121)) - f658ebac-deb2-49b4-9f10-33c653d96c5d: shutdown FollowerState
2019-10-03 21:11:17,095 [Thread-1487] INFO  impl.RaftServerImpl (RaftServerImpl.java:setRole(170)) - f658ebac-deb2-49b4-9f10-33c653d96c5d@group-9623F06A7562: changes role from  FOLLOWER to CANDIDATE at term 0 for changeToCandidate
2019-10-03 21:11:17,095 [Thread-1487] INFO  impl.RoleInfo (RoleInfo.java:updateAndGet(143)) - f658ebac-deb2-49b4-9f10-33c653d96c5d: start LeaderElection
2019-10-03 21:11:17,123 [Thread-1490] INFO  impl.FollowerState (FollowerState.java:run(108)) - 9c318cf7-b60a-4fbf-bf89-edd5e8cfab55@group-DEA01BAD9E12-FollowerState: change to CANDIDATE, lastRpcTime:5085ms, electionTimeout:5085ms
2019-10-03 21:11:17,123 [Thread-1490] INFO  impl.RoleInfo (RoleInfo.java:shutdownFollowerState(121)) - 9c318cf7-b60a-4fbf-bf89-edd5e8cfab55: shutdown FollowerState
2019-10-03 21:11:17,123 [Thread-1490] INFO  impl.RaftServerImpl (RaftServerImpl.java:setRole(170)) - 9c318cf7-b60a-4fbf-bf89-edd5e8cfab55@group-DEA01BAD9E12: changes role from  FOLLOWER to CANDIDATE at term 0 for changeToCandidate
2019-10-03 21:11:17,124 [Thread-1490] INFO  impl.RoleInfo (RoleInfo.java:updateAndGet(143)) - 9c318cf7-b60a-4fbf-bf89-edd5e8cfab55: start LeaderElection
2019-10-03 21:11:17,129 [f658ebac-deb2-49b4-9f10-33c653d96c5d@group-9623F06A7562-LeaderElection64] INFO  impl.LeaderElection (LeaderElection.java:askForVotes(178)) - f658ebac-deb2-49b4-9f10-33c653d96c5d@group-9623F06A7562-LeaderElection64: begin an election at term 1 for -1: [f658ebac-deb2-49b4-9f10-33c653d96c5d:192.168.30.42:44839], old=null
2019-10-03 21:11:17,130 [f658ebac-deb2-49b4-9f10-33c653d96c5d@group-9623F06A7562-LeaderElection64] INFO  impl.RoleInfo (RoleInfo.java:shutdownLeaderElection(134)) - f658ebac-deb2-49b4-9f10-33c653d96c5d: shutdown LeaderElection
2019-10-03 21:11:17,130 [f658ebac-deb2-49b4-9f10-33c653d96c5d@group-9623F06A7562-LeaderElection64] INFO  impl.RaftServerImpl (RaftServerImpl.java:setRole(170)) - f658ebac-deb2-49b4-9f10-33c653d96c5d@group-9623F06A7562: changes role from CANDIDATE to LEADER at term 1 for changeToLeader
2019-10-03 21:11:17,130 [f658ebac-deb2-49b4-9f10-33c653d96c5d@group-9623F06A7562-LeaderElection64] INFO  impl.RaftServerImpl (ServerState.java:setLeader(255)) - f658ebac-deb2-49b4-9f10-33c653d96c5d@group-9623F06A7562: change Leader from null to f658ebac-deb2-49b4-9f10-33c653d96c5d at term 1 for becomeLeader, leader elected after 5210ms
2019-10-03 21:11:17,131 [f658ebac-deb2-49b4-9f10-33c653d96c5d@group-9623F06A7562-LeaderElection64] INFO  server.RaftServerConfigKeys (ConfUtils.java:logGet(43)) - raft.server.staging.catchup.gap = 1000 (default)
2019-10-03 21:11:17,131 [f658ebac-deb2-49b4-9f10-33c653d96c5d@group-9623F06A7562-LeaderElection64] INFO  server.RaftServerConfigKeys (ConfUtils.java:logGet(43)) - raft.server.rpc.sleep.time = 25ms (default)
2019-10-03 21:11:17,131 [f658ebac-deb2-49b4-9f10-33c653d96c5d@group-9623F06A7562-LeaderElection64] INFO  server.RaftServerConfigKeys (ConfUtils.java:logGet(43)) - raft.server.write.element-limit = 4096 (default)
2019-10-03 21:11:17,131 [f658ebac-deb2-49b4-9f10-33c653d96c5d@group-9623F06A7562-LeaderElection64] INFO  server.RaftServerConfigKeys (ConfUtils.java:logGet(43)) - raft.server.watch.timeout = 10s (default)
2019-10-03 21:11:17,132 [f658ebac-deb2-49b4-9f10-33c653d96c5d@group-9623F06A7562-LeaderElection64] INFO  server.RaftServerConfigKeys (ConfUtils.java:logGet(43)) - raft.server.watch.timeout.denomination = 1s (default)
2019-10-03 21:11:17,132 [f658ebac-deb2-49b4-9f10-33c653d96c5d@group-9623F06A7562-LeaderElection64] INFO  server.RaftServerConfigKeys (ConfUtils.java:logGet(43)) - raft.server.watch.element-limit = 65536 (default)
2019-10-03 21:11:17,136 [f658ebac-deb2-49b4-9f10-33c653d96c5d@group-9623F06A7562-LeaderElection64] INFO  impl.RoleInfo (RoleInfo.java:updateAndGet(143)) - f658ebac-deb2-49b4-9f10-33c653d96c5d: start LeaderState
2019-10-03 21:11:17,137 [f658ebac-deb2-49b4-9f10-33c653d96c5d@group-9623F06A7562-LeaderElection64] INFO  segmented.SegmentedRaftLogWorker (SegmentedRaftLogWorker.java:startLogSegment(385)) - f658ebac-deb2-49b4-9f10-33c653d96c5d@group-9623F06A7562-SegmentedRaftLogWorker: Starting segment from index:0
2019-10-03 21:11:17,138 [f658ebac-deb2-49b4-9f10-33c653d96c5d@group-9623F06A7562-LeaderElection64] INFO  impl.RaftServerImpl (ServerState.java:setRaftConf(356)) - f658ebac-deb2-49b4-9f10-33c653d96c5d@group-9623F06A7562: set configuration 0: [f658ebac-deb2-49b4-9f10-33c653d96c5d:192.168.30.42:44839], old=null at 0
2019-10-03 21:11:17,153 [9c318cf7-b60a-4fbf-bf89-edd5e8cfab55@group-DEA01BAD9E12-LeaderElection65] INFO  impl.LeaderElection (LeaderElection.java:askForVotes(178)) - 9c318cf7-b60a-4fbf-bf89-edd5e8cfab55@group-DEA01BAD9E12-LeaderElection65: begin an election at term 1 for -1: [9c318cf7-b60a-4fbf-bf89-edd5e8cfab55:192.168.30.42:45559], old=null
2019-10-03 21:11:17,153 [9c318cf7-b60a-4fbf-bf89-edd5e8cfab55@group-DEA01BAD9E12-LeaderElection65] INFO  impl.RoleInfo (RoleInfo.java:shutdownLeaderElection(134)) - 9c318cf7-b60a-4fbf-bf89-edd5e8cfab55: shutdown LeaderElection
2019-10-03 21:11:17,153 [9c318cf7-b60a-4fbf-bf89-edd5e8cfab55@group-DEA01BAD9E12-LeaderElection65] INFO  impl.RaftServerImpl (RaftServerImpl.java:setRole(170)) - 9c318cf7-b60a-4fbf-bf89-edd5e8cfab55@group-DEA01BAD9E12: changes role from CANDIDATE to LEADER at term 1 for changeToLeader
2019-10-03 21:11:17,153 [9c318cf7-b60a-4fbf-bf89-edd5e8cfab55@group-DEA01BAD9E12-LeaderElection65] INFO  impl.RaftServerImpl (ServerState.java:setLeader(255)) - 9c318cf7-b60a-4fbf-bf89-edd5e8cfab55@group-DEA01BAD9E12: change Leader from null to 9c318cf7-b60a-4fbf-bf89-edd5e8cfab55 at term 1 for becomeLeader, leader elected after 5123ms
2019-10-03 21:11:17,153 [9c318cf7-b60a-4fbf-bf89-edd5e8cfab55@group-DEA01BAD9E12-LeaderElection65] INFO  server.RaftServerConfigKeys (ConfUtils.java:logGet(43)) - raft.server.staging.catchup.gap = 1000 (default)
2019-10-03 21:11:17,153 [9c318cf7-b60a-4fbf-bf89-edd5e8cfab55@group-DEA01BAD9E12-LeaderElection65] INFO  server.RaftServerConfigKeys (ConfUtils.java:logGet(43)) - raft.server.rpc.sleep.time = 25ms (default)
2019-10-03 21:11:17,154 [9c318cf7-b60a-4fbf-bf89-edd5e8cfab55@group-DEA01BAD9E12-LeaderElection65] INFO  server.RaftServerConfigKeys (ConfUtils.java:logGet(43)) - raft.server.write.element-limit = 4096 (default)
2019-10-03 21:11:17,154 [9c318cf7-b60a-4fbf-bf89-edd5e8cfab55@group-DEA01BAD9E12-LeaderElection65] INFO  server.RaftServerConfigKeys (ConfUtils.java:logGet(43)) - raft.server.watch.timeout = 10s (default)
2019-10-03 21:11:17,154 [9c318cf7-b60a-4fbf-bf89-edd5e8cfab55@group-DEA01BAD9E12-LeaderElection65] INFO  server.RaftServerConfigKeys (ConfUtils.java:logGet(43)) - raft.server.watch.timeout.denomination = 1s (default)
2019-10-03 21:11:17,154 [9c318cf7-b60a-4fbf-bf89-edd5e8cfab55@group-DEA01BAD9E12-LeaderElection65] INFO  server.RaftServerConfigKeys (ConfUtils.java:logGet(43)) - raft.server.watch.element-limit = 65536 (default)
2019-10-03 21:11:17,156 [9c318cf7-b60a-4fbf-bf89-edd5e8cfab55@group-DEA01BAD9E12-LeaderElection65] INFO  impl.RoleInfo (RoleInfo.java:updateAndGet(143)) - 9c318cf7-b60a-4fbf-bf89-edd5e8cfab55: start LeaderState
2019-10-03 21:11:17,156 [Thread-1493] INFO  impl.FollowerState (FollowerState.java:run(108)) - c69db473-da19-42bc-b553-45bf783073d2@group-2C450485653B-FollowerState: change to CANDIDATE, lastRpcTime:5034ms, electionTimeout:5034ms
2019-10-03 21:11:17,156 [9c318cf7-b60a-4fbf-bf89-edd5e8cfab55@group-DEA01BAD9E12-LeaderElection65] INFO  segmented.SegmentedRaftLogWorker (SegmentedRaftLogWorker.java:startLogSegment(385)) - 9c318cf7-b60a-4fbf-bf89-edd5e8cfab55@group-DEA01BAD9E12-SegmentedRaftLogWorker: Starting segment from index:0
2019-10-03 21:11:17,156 [Thread-1493] INFO  impl.RoleInfo (RoleInfo.java:shutdownFollowerState(121)) - c69db473-da19-42bc-b553-45bf783073d2: shutdown FollowerState
2019-10-03 21:11:17,156 [Thread-1493] INFO  impl.RaftServerImpl (RaftServerImpl.java:setRole(170)) - c69db473-da19-42bc-b553-45bf783073d2@group-2C450485653B: changes role from  FOLLOWER to CANDIDATE at term 0 for changeToCandidate
2019-10-03 21:11:17,157 [Thread-1493] INFO  impl.RoleInfo (RoleInfo.java:updateAndGet(143)) - c69db473-da19-42bc-b553-45bf783073d2: start LeaderElection
2019-10-03 21:11:17,157 [9c318cf7-b60a-4fbf-bf89-edd5e8cfab55@group-DEA01BAD9E12-LeaderElection65] INFO  impl.RaftServerImpl (ServerState.java:setRaftConf(356)) - 9c318cf7-b60a-4fbf-bf89-edd5e8cfab55@group-DEA01BAD9E12: set configuration 0: [9c318cf7-b60a-4fbf-bf89-edd5e8cfab55:192.168.30.42:45559], old=null at 0
2019-10-03 21:11:17,221 [f658ebac-deb2-49b4-9f10-33c653d96c5d@group-9623F06A7562-SegmentedRaftLogWorker] INFO  segmented.SegmentedRaftLogWorker (SegmentedRaftLogWorker.java:execute(574)) - f658ebac-deb2-49b4-9f10-33c653d96c5d@group-9623F06A7562-SegmentedRaftLogWorker: created new log segment /workdir/hadoop-ozone/integration-test/target/test-dir/MiniOzoneClusterImpl-eb3927cc-2b10-4a46-9282-313eace86f45/datanode-0/data/ratis/6e3239ac-7d4b-41d6-aa76-9623f06a7562/current/log_inprogress_0
2019-10-03 21:11:17,221 [c69db473-da19-42bc-b553-45bf783073d2@group-2C450485653B-LeaderElection66] INFO  impl.LeaderElection (LeaderElection.java:askForVotes(178)) - c69db473-da19-42bc-b553-45bf783073d2@group-2C450485653B-LeaderElection66: begin an election at term 1 for -1: [c69db473-da19-42bc-b553-45bf783073d2:192.168.30.42:33680], old=null
2019-10-03 21:11:17,221 [9c318cf7-b60a-4fbf-bf89-edd5e8cfab55@group-DEA01BAD9E12-SegmentedRaftLogWorker] INFO  segmented.SegmentedRaftLogWorker (SegmentedRaftLogWorker.java:execute(574)) - 9c318cf7-b60a-4fbf-bf89-edd5e8cfab55@group-DEA01BAD9E12-SegmentedRaftLogWorker: created new log segment /workdir/hadoop-ozone/integration-test/target/test-dir/MiniOzoneClusterImpl-eb3927cc-2b10-4a46-9282-313eace86f45/datanode-1/data/ratis/f18ca758-c9fd-4d25-af3a-dea01bad9e12/current/log_inprogress_0
2019-10-03 21:11:17,222 [c69db473-da19-42bc-b553-45bf783073d2@group-2C450485653B-LeaderElection66] INFO  impl.RoleInfo (RoleInfo.java:shutdownLeaderElection(134)) - c69db473-da19-42bc-b553-45bf783073d2: shutdown LeaderElection
2019-10-03 21:11:17,222 [c69db473-da19-42bc-b553-45bf783073d2@group-2C450485653B-LeaderElection66] INFO  impl.RaftServerImpl (RaftServerImpl.java:setRole(170)) - c69db473-da19-42bc-b553-45bf783073d2@group-2C450485653B: changes role from CANDIDATE to LEADER at term 1 for changeToLeader
2019-10-03 21:11:17,222 [c69db473-da19-42bc-b553-45bf783073d2@group-2C450485653B-LeaderElection66] INFO  impl.RaftServerImpl (ServerState.java:setLeader(255)) - c69db473-da19-42bc-b553-45bf783073d2@group-2C450485653B: change Leader from null to c69db473-da19-42bc-b553-45bf783073d2 at term 1 for becomeLeader, leader elected after 5108ms
2019-10-03 21:11:17,222 [c69db473-da19-42bc-b553-45bf783073d2@group-2C450485653B-LeaderElection66] INFO  server.RaftServerConfigKeys (ConfUtils.java:logGet(43)) - raft.server.staging.catchup.gap = 1000 (default)
2019-10-03 21:11:17,222 [c69db473-da19-42bc-b553-45bf783073d2@group-2C450485653B-LeaderElection66] INFO  server.RaftServerConfigKeys (ConfUtils.java:logGet(43)) - raft.server.rpc.sleep.time = 25ms (default)
2019-10-03 21:11:17,223 [c69db473-da19-42bc-b553-45bf783073d2@group-2C450485653B-LeaderElection66] INFO  server.RaftServerConfigKeys (ConfUtils.java:logGet(43)) - raft.server.write.element-limit = 4096 (default)
2019-10-03 21:11:17,223 [c69db473-da19-42bc-b553-45bf783073d2@group-2C450485653B-LeaderElection66] INFO  server.RaftServerConfigKeys (ConfUtils.java:logGet(43)) - raft.server.watch.timeout = 10s (default)
2019-10-03 21:11:17,223 [c69db473-da19-42bc-b553-45bf783073d2@group-2C450485653B-LeaderElection66] INFO  server.RaftServerConfigKeys (ConfUtils.java:logGet(43)) - raft.server.watch.timeout.denomination = 1s (default)
2019-10-03 21:11:17,223 [c69db473-da19-42bc-b553-45bf783073d2@group-2C450485653B-LeaderElection66] INFO  server.RaftServerConfigKeys (ConfUtils.java:logGet(43)) - raft.server.watch.element-limit = 65536 (default)
2019-10-03 21:11:17,225 [c69db473-da19-42bc-b553-45bf783073d2@group-2C450485653B-LeaderElection66] INFO  impl.RoleInfo (RoleInfo.java:updateAndGet(143)) - c69db473-da19-42bc-b553-45bf783073d2: start LeaderState
2019-10-03 21:11:17,225 [c69db473-da19-42bc-b553-45bf783073d2@group-2C450485653B-LeaderElection66] INFO  segmented.SegmentedRaftLogWorker (SegmentedRaftLogWorker.java:startLogSegment(385)) - c69db473-da19-42bc-b553-45bf783073d2@group-2C450485653B-SegmentedRaftLogWorker: Starting segment from index:0
2019-10-03 21:11:17,226 [c69db473-da19-42bc-b553-45bf783073d2@group-2C450485653B-LeaderElection66] INFO  impl.RaftServerImpl (ServerState.java:setRaftConf(356)) - c69db473-da19-42bc-b553-45bf783073d2@group-2C450485653B: set configuration 0: [c69db473-da19-42bc-b553-45bf783073d2:192.168.30.42:33680], old=null at 0
2019-10-03 21:11:17,276 [c69db473-da19-42bc-b553-45bf783073d2@group-2C450485653B-SegmentedRaftLogWorker] INFO  segmented.SegmentedRaftLogWorker (SegmentedRaftLogWorker.java:execute(574)) - c69db473-da19-42bc-b553-45bf783073d2@group-2C450485653B-SegmentedRaftLogWorker: created new log segment /workdir/hadoop-ozone/integration-test/target/test-dir/MiniOzoneClusterImpl-eb3927cc-2b10-4a46-9282-313eace86f45/datanode-3/data/ratis/8468bed7-e69e-4de7-ba4a-2c450485653b/current/log_inprogress_0
2019-10-03 21:11:17,338 [Thread-1496] INFO  impl.FollowerState (FollowerState.java:run(108)) - 7c505e6a-9687-4d94-9068-e6b7950a282c@group-DCEB13F10011-FollowerState: change to CANDIDATE, lastRpcTime:5133ms, electionTimeout:5133ms
2019-10-03 21:11:17,339 [Thread-1496] INFO  impl.RoleInfo (RoleInfo.java:shutdownFollowerState(121)) - 7c505e6a-9687-4d94-9068-e6b7950a282c: shutdown FollowerState
2019-10-03 21:11:17,339 [Thread-1496] INFO  impl.RaftServerImpl (RaftServerImpl.java:setRole(170)) - 7c505e6a-9687-4d94-9068-e6b7950a282c@group-DCEB13F10011: changes role from  FOLLOWER to CANDIDATE at term 0 for changeToCandidate
2019-10-03 21:11:17,339 [Thread-1496] INFO  impl.RoleInfo (RoleInfo.java:updateAndGet(143)) - 7c505e6a-9687-4d94-9068-e6b7950a282c: start LeaderElection
2019-10-03 21:11:17,359 [7c505e6a-9687-4d94-9068-e6b7950a282c@group-DCEB13F10011-LeaderElection67] INFO  impl.LeaderElection (LeaderElection.java:askForVotes(178)) - 7c505e6a-9687-4d94-9068-e6b7950a282c@group-DCEB13F10011-LeaderElection67: begin an election at term 1 for -1: [7c505e6a-9687-4d94-9068-e6b7950a282c:192.168.30.42:38657], old=null
2019-10-03 21:11:17,360 [7c505e6a-9687-4d94-9068-e6b7950a282c@group-DCEB13F10011-LeaderElection67] INFO  impl.RoleInfo (RoleInfo.java:shutdownLeaderElection(134)) - 7c505e6a-9687-4d94-9068-e6b7950a282c: shutdown LeaderElection
2019-10-03 21:11:17,360 [7c505e6a-9687-4d94-9068-e6b7950a282c@group-DCEB13F10011-LeaderElection67] INFO  impl.RaftServerImpl (RaftServerImpl.java:setRole(170)) - 7c505e6a-9687-4d94-9068-e6b7950a282c@group-DCEB13F10011: changes role from CANDIDATE to LEADER at term 1 for changeToLeader
2019-10-03 21:11:17,360 [7c505e6a-9687-4d94-9068-e6b7950a282c@group-DCEB13F10011-LeaderElection67] INFO  impl.RaftServerImpl (ServerState.java:setLeader(255)) - 7c505e6a-9687-4d94-9068-e6b7950a282c@group-DCEB13F10011: change Leader from null to 7c505e6a-9687-4d94-9068-e6b7950a282c at term 1 for becomeLeader, leader elected after 5162ms
2019-10-03 21:11:17,360 [7c505e6a-9687-4d94-9068-e6b7950a282c@group-DCEB13F10011-LeaderElection67] INFO  server.RaftServerConfigKeys (ConfUtils.java:logGet(43)) - raft.server.staging.catchup.gap = 1000 (default)
2019-10-03 21:11:17,360 [7c505e6a-9687-4d94-9068-e6b7950a282c@group-DCEB13F10011-LeaderElection67] INFO  server.RaftServerConfigKeys (ConfUtils.java:logGet(43)) - raft.server.rpc.sleep.time = 25ms (default)
2019-10-03 21:11:17,360 [7c505e6a-9687-4d94-9068-e6b7950a282c@group-DCEB13F10011-LeaderElection67] INFO  server.RaftServerConfigKeys (ConfUtils.java:logGet(43)) - raft.server.write.element-limit = 4096 (default)
2019-10-03 21:11:17,360 [7c505e6a-9687-4d94-9068-e6b7950a282c@group-DCEB13F10011-LeaderElection67] INFO  server.RaftServerConfigKeys (ConfUtils.java:logGet(43)) - raft.server.watch.timeout = 10s (default)
2019-10-03 21:11:17,361 [7c505e6a-9687-4d94-9068-e6b7950a282c@group-DCEB13F10011-LeaderElection67] INFO  server.RaftServerConfigKeys (ConfUtils.java:logGet(43)) - raft.server.watch.timeout.denomination = 1s (default)
2019-10-03 21:11:17,361 [7c505e6a-9687-4d94-9068-e6b7950a282c@group-DCEB13F10011-LeaderElection67] INFO  server.RaftServerConfigKeys (ConfUtils.java:logGet(43)) - raft.server.watch.element-limit = 65536 (default)
2019-10-03 21:11:17,362 [7c505e6a-9687-4d94-9068-e6b7950a282c@group-DCEB13F10011-LeaderElection67] INFO  impl.RoleInfo (RoleInfo.java:updateAndGet(143)) - 7c505e6a-9687-4d94-9068-e6b7950a282c: start LeaderState
2019-10-03 21:11:17,363 [7c505e6a-9687-4d94-9068-e6b7950a282c@group-DCEB13F10011-LeaderElection67] INFO  segmented.SegmentedRaftLogWorker (SegmentedRaftLogWorker.java:startLogSegment(385)) - 7c505e6a-9687-4d94-9068-e6b7950a282c@group-DCEB13F10011-SegmentedRaftLogWorker: Starting segment from index:0
2019-10-03 21:11:17,363 [7c505e6a-9687-4d94-9068-e6b7950a282c@group-DCEB13F10011-LeaderElection67] INFO  impl.RaftServerImpl (ServerState.java:setRaftConf(356)) - 7c505e6a-9687-4d94-9068-e6b7950a282c@group-DCEB13F10011: set configuration 0: [7c505e6a-9687-4d94-9068-e6b7950a282c:192.168.30.42:38657], old=null at 0
2019-10-03 21:11:17,401 [Thread-1504] INFO  impl.FollowerState (FollowerState.java:run(108)) - 9536ee1a-5724-4172-9532-94ec92614bef@group-29ED8E7FD1D9-FollowerState: change to CANDIDATE, lastRpcTime:5004ms, electionTimeout:5004ms
2019-10-03 21:11:17,401 [Thread-1504] INFO  impl.RoleInfo (RoleInfo.java:shutdownFollowerState(121)) - 9536ee1a-5724-4172-9532-94ec92614bef: shutdown FollowerState
2019-10-03 21:11:17,401 [Thread-1504] INFO  impl.RaftServerImpl (RaftServerImpl.java:setRole(170)) - 9536ee1a-5724-4172-9532-94ec92614bef@group-29ED8E7FD1D9: changes role from  FOLLOWER to CANDIDATE at term 0 for changeToCandidate
2019-10-03 21:11:17,401 [Thread-1504] INFO  impl.RoleInfo (RoleInfo.java:updateAndGet(143)) - 9536ee1a-5724-4172-9532-94ec92614bef: start LeaderElection
2019-10-03 21:11:17,424 [7c505e6a-9687-4d94-9068-e6b7950a282c@group-DCEB13F10011-SegmentedRaftLogWorker] INFO  segmented.SegmentedRaftLogWorker (SegmentedRaftLogWorker.java:execute(574)) - 7c505e6a-9687-4d94-9068-e6b7950a282c@group-DCEB13F10011-SegmentedRaftLogWorker: created new log segment /workdir/hadoop-ozone/integration-test/target/test-dir/MiniOzoneClusterImpl-eb3927cc-2b10-4a46-9282-313eace86f45/datanode-4/data/ratis/41bd20ec-2a00-4177-aff0-dceb13f10011/current/log_inprogress_0
2019-10-03 21:11:17,424 [9536ee1a-5724-4172-9532-94ec92614bef@group-29ED8E7FD1D9-LeaderElection68] INFO  impl.LeaderElection (LeaderElection.java:askForVotes(178)) - 9536ee1a-5724-4172-9532-94ec92614bef@group-29ED8E7FD1D9-LeaderElection68: begin an election at term 1 for -1: [9536ee1a-5724-4172-9532-94ec92614bef:192.168.30.42:37563], old=null
2019-10-03 21:11:17,424 [9536ee1a-5724-4172-9532-94ec92614bef@group-29ED8E7FD1D9-LeaderElection68] INFO  impl.RoleInfo (RoleInfo.java:shutdownLeaderElection(134)) - 9536ee1a-5724-4172-9532-94ec92614bef: shutdown LeaderElection
2019-10-03 21:11:17,424 [9536ee1a-5724-4172-9532-94ec92614bef@group-29ED8E7FD1D9-LeaderElection68] INFO  impl.RaftServerImpl (RaftServerImpl.java:setRole(170)) - 9536ee1a-5724-4172-9532-94ec92614bef@group-29ED8E7FD1D9: changes role from CANDIDATE to LEADER at term 1 for changeToLeader
2019-10-03 21:11:17,424 [9536ee1a-5724-4172-9532-94ec92614bef@group-29ED8E7FD1D9-LeaderElection68] INFO  impl.RaftServerImpl (ServerState.java:setLeader(255)) - 9536ee1a-5724-4172-9532-94ec92614bef@group-29ED8E7FD1D9: change Leader from null to 9536ee1a-5724-4172-9532-94ec92614bef at term 1 for becomeLeader, leader elected after 5033ms
2019-10-03 21:11:17,424 [9536ee1a-5724-4172-9532-94ec92614bef@group-29ED8E7FD1D9-LeaderElection68] INFO  server.RaftServerConfigKeys (ConfUtils.java:logGet(43)) - raft.server.staging.catchup.gap = 1000 (default)
2019-10-03 21:11:17,424 [9536ee1a-5724-4172-9532-94ec92614bef@group-29ED8E7FD1D9-LeaderElection68] INFO  server.RaftServerConfigKeys (ConfUtils.java:logGet(43)) - raft.server.rpc.sleep.time = 25ms (default)
2019-10-03 21:11:17,425 [9536ee1a-5724-4172-9532-94ec92614bef@group-29ED8E7FD1D9-LeaderElection68] INFO  server.RaftServerConfigKeys (ConfUtils.java:logGet(43)) - raft.server.write.element-limit = 4096 (default)
2019-10-03 21:11:17,425 [9536ee1a-5724-4172-9532-94ec92614bef@group-29ED8E7FD1D9-LeaderElection68] INFO  server.RaftServerConfigKeys (ConfUtils.java:logGet(43)) - raft.server.watch.timeout = 10s (default)
2019-10-03 21:11:17,425 [9536ee1a-5724-4172-9532-94ec92614bef@group-29ED8E7FD1D9-LeaderElection68] INFO  server.RaftServerConfigKeys (ConfUtils.java:logGet(43)) - raft.server.watch.timeout.denomination = 1s (default)
2019-10-03 21:11:17,425 [9536ee1a-5724-4172-9532-94ec92614bef@group-29ED8E7FD1D9-LeaderElection68] INFO  server.RaftServerConfigKeys (ConfUtils.java:logGet(43)) - raft.server.watch.element-limit = 65536 (default)
2019-10-03 21:11:17,427 [9536ee1a-5724-4172-9532-94ec92614bef@group-29ED8E7FD1D9-LeaderElection68] INFO  impl.RoleInfo (RoleInfo.java:updateAndGet(143)) - 9536ee1a-5724-4172-9532-94ec92614bef: start LeaderState
2019-10-03 21:11:17,427 [9536ee1a-5724-4172-9532-94ec92614bef@group-29ED8E7FD1D9-LeaderElection68] INFO  segmented.SegmentedRaftLogWorker (SegmentedRaftLogWorker.java:startLogSegment(385)) - 9536ee1a-5724-4172-9532-94ec92614bef@group-29ED8E7FD1D9-SegmentedRaftLogWorker: Starting segment from index:0
2019-10-03 21:11:17,427 [9536ee1a-5724-4172-9532-94ec92614bef@group-29ED8E7FD1D9-LeaderElection68] INFO  impl.RaftServerImpl (ServerState.java:setRaftConf(356)) - 9536ee1a-5724-4172-9532-94ec92614bef@group-29ED8E7FD1D9: set configuration 0: [9536ee1a-5724-4172-9532-94ec92614bef:192.168.30.42:37563], old=null at 0
2019-10-03 21:11:17,434 [Thread-1499] INFO  impl.FollowerState (FollowerState.java:run(108)) - fe70dfea-4805-4f28-818f-8095715e39a4@group-50EFDF53FEF7-FollowerState: change to CANDIDATE, lastRpcTime:5152ms, electionTimeout:5152ms
2019-10-03 21:11:17,434 [Thread-1499] INFO  impl.RoleInfo (RoleInfo.java:shutdownFollowerState(121)) - fe70dfea-4805-4f28-818f-8095715e39a4: shutdown FollowerState
2019-10-03 21:11:17,434 [Thread-1499] INFO  impl.RaftServerImpl (RaftServerImpl.java:setRole(170)) - fe70dfea-4805-4f28-818f-8095715e39a4@group-50EFDF53FEF7: changes role from  FOLLOWER to CANDIDATE at term 0 for changeToCandidate
2019-10-03 21:11:17,434 [Thread-1499] INFO  impl.RoleInfo (RoleInfo.java:updateAndGet(143)) - fe70dfea-4805-4f28-818f-8095715e39a4: start LeaderElection
2019-10-03 21:11:17,487 [9536ee1a-5724-4172-9532-94ec92614bef@group-29ED8E7FD1D9-SegmentedRaftLogWorker] INFO  segmented.SegmentedRaftLogWorker (SegmentedRaftLogWorker.java:execute(574)) - 9536ee1a-5724-4172-9532-94ec92614bef@group-29ED8E7FD1D9-SegmentedRaftLogWorker: created new log segment /workdir/hadoop-ozone/integration-test/target/test-dir/MiniOzoneClusterImpl-eb3927cc-2b10-4a46-9282-313eace86f45/datanode-6/data/ratis/ba791a3e-d090-495d-a5ef-29ed8e7fd1d9/current/log_inprogress_0
2019-10-03 21:11:17,487 [fe70dfea-4805-4f28-818f-8095715e39a4@group-50EFDF53FEF7-LeaderElection69] INFO  impl.LeaderElection (LeaderElection.java:askForVotes(178)) - fe70dfea-4805-4f28-818f-8095715e39a4@group-50EFDF53FEF7-LeaderElection69: begin an election at term 1 for -1: [fe70dfea-4805-4f28-818f-8095715e39a4:192.168.30.42:33733], old=null
2019-10-03 21:11:17,488 [fe70dfea-4805-4f28-818f-8095715e39a4@group-50EFDF53FEF7-LeaderElection69] INFO  impl.RoleInfo (RoleInfo.java:shutdownLeaderElection(134)) - fe70dfea-4805-4f28-818f-8095715e39a4: shutdown LeaderElection
2019-10-03 21:11:17,488 [fe70dfea-4805-4f28-818f-8095715e39a4@group-50EFDF53FEF7-LeaderElection69] INFO  impl.RaftServerImpl (RaftServerImpl.java:setRole(170)) - fe70dfea-4805-4f28-818f-8095715e39a4@group-50EFDF53FEF7: changes role from CANDIDATE to LEADER at term 1 for changeToLeader
2019-10-03 21:11:17,488 [fe70dfea-4805-4f28-818f-8095715e39a4@group-50EFDF53FEF7-LeaderElection69] INFO  impl.RaftServerImpl (ServerState.java:setLeader(255)) - fe70dfea-4805-4f28-818f-8095715e39a4@group-50EFDF53FEF7: change Leader from null to fe70dfea-4805-4f28-818f-8095715e39a4 at term 1 for becomeLeader, leader elected after 5214ms
2019-10-03 21:11:17,488 [fe70dfea-4805-4f28-818f-8095715e39a4@group-50EFDF53FEF7-LeaderElection69] INFO  server.RaftServerConfigKeys (ConfUtils.java:logGet(43)) - raft.server.staging.catchup.gap = 1000 (default)
2019-10-03 21:11:17,488 [fe70dfea-4805-4f28-818f-8095715e39a4@group-50EFDF53FEF7-LeaderElection69] INFO  server.RaftServerConfigKeys (ConfUtils.java:logGet(43)) - raft.server.rpc.sleep.time = 25ms (default)
2019-10-03 21:11:17,489 [fe70dfea-4805-4f28-818f-8095715e39a4@group-50EFDF53FEF7-LeaderElection69] INFO  server.RaftServerConfigKeys (ConfUtils.java:logGet(43)) - raft.server.write.element-limit = 4096 (default)
2019-10-03 21:11:17,489 [fe70dfea-4805-4f28-818f-8095715e39a4@group-50EFDF53FEF7-LeaderElection69] INFO  server.RaftServerConfigKeys (ConfUtils.java:logGet(43)) - raft.server.watch.timeout = 10s (default)
2019-10-03 21:11:17,489 [fe70dfea-4805-4f28-818f-8095715e39a4@group-50EFDF53FEF7-LeaderElection69] INFO  server.RaftServerConfigKeys (ConfUtils.java:logGet(43)) - raft.server.watch.timeout.denomination = 1s (default)
2019-10-03 21:11:17,489 [fe70dfea-4805-4f28-818f-8095715e39a4@group-50EFDF53FEF7-LeaderElection69] INFO  server.RaftServerConfigKeys (ConfUtils.java:logGet(43)) - raft.server.watch.element-limit = 65536 (default)
2019-10-03 21:11:17,492 [fe70dfea-4805-4f28-818f-8095715e39a4@group-50EFDF53FEF7-LeaderElection69] INFO  impl.RoleInfo (RoleInfo.java:updateAndGet(143)) - fe70dfea-4805-4f28-818f-8095715e39a4: start LeaderState
2019-10-03 21:11:17,492 [fe70dfea-4805-4f28-818f-8095715e39a4@group-50EFDF53FEF7-LeaderElection69] INFO  segmented.SegmentedRaftLogWorker (SegmentedRaftLogWorker.java:startLogSegment(385)) - fe70dfea-4805-4f28-818f-8095715e39a4@group-50EFDF53FEF7-SegmentedRaftLogWorker: Starting segment from index:0
2019-10-03 21:11:17,492 [fe70dfea-4805-4f28-818f-8095715e39a4@group-50EFDF53FEF7-LeaderElection69] INFO  impl.RaftServerImpl (ServerState.java:setRaftConf(356)) - fe70dfea-4805-4f28-818f-8095715e39a4@group-50EFDF53FEF7: set configuration 0: [fe70dfea-4805-4f28-818f-8095715e39a4:192.168.30.42:33733], old=null at 0
2019-10-03 21:11:17,499 [Thread-1507] INFO  impl.FollowerState (FollowerState.java:run(108)) - d9a24089-827a-4a77-b172-8ccf24699869@group-91F740CAB6DB-FollowerState: change to CANDIDATE, lastRpcTime:5025ms, electionTimeout:5025ms
2019-10-03 21:11:17,499 [Thread-1507] INFO  impl.RoleInfo (RoleInfo.java:shutdownFollowerState(121)) - d9a24089-827a-4a77-b172-8ccf24699869: shutdown FollowerState
2019-10-03 21:11:17,499 [Thread-1507] INFO  impl.RaftServerImpl (RaftServerImpl.java:setRole(170)) - d9a24089-827a-4a77-b172-8ccf24699869@group-91F740CAB6DB: changes role from  FOLLOWER to CANDIDATE at term 0 for changeToCandidate
2019-10-03 21:11:17,499 [Thread-1507] INFO  impl.RoleInfo (RoleInfo.java:updateAndGet(143)) - d9a24089-827a-4a77-b172-8ccf24699869: start LeaderElection
2019-10-03 21:11:17,565 [fe70dfea-4805-4f28-818f-8095715e39a4@group-50EFDF53FEF7-SegmentedRaftLogWorker] INFO  segmented.SegmentedRaftLogWorker (SegmentedRaftLogWorker.java:execute(574)) - fe70dfea-4805-4f28-818f-8095715e39a4@group-50EFDF53FEF7-SegmentedRaftLogWorker: created new log segment /workdir/hadoop-ozone/integration-test/target/test-dir/MiniOzoneClusterImpl-eb3927cc-2b10-4a46-9282-313eace86f45/datanode-5/data/ratis/05fc7105-4721-404b-b646-50efdf53fef7/current/log_inprogress_0
2019-10-03 21:11:17,565 [d9a24089-827a-4a77-b172-8ccf24699869@group-91F740CAB6DB-LeaderElection70] INFO  impl.LeaderElection (LeaderElection.java:askForVotes(178)) - d9a24089-827a-4a77-b172-8ccf24699869@group-91F740CAB6DB-LeaderElection70: begin an election at term 1 for -1: [d9a24089-827a-4a77-b172-8ccf24699869:192.168.30.42:44992], old=null
2019-10-03 21:11:17,566 [d9a24089-827a-4a77-b172-8ccf24699869@group-91F740CAB6DB-LeaderElection70] INFO  impl.RoleInfo (RoleInfo.java:shutdownLeaderElection(134)) - d9a24089-827a-4a77-b172-8ccf24699869: shutdown LeaderElection
2019-10-03 21:11:17,566 [d9a24089-827a-4a77-b172-8ccf24699869@group-91F740CAB6DB-LeaderElection70] INFO  impl.RaftServerImpl (RaftServerImpl.java:setRole(170)) - d9a24089-827a-4a77-b172-8ccf24699869@group-91F740CAB6DB: changes role from CANDIDATE to LEADER at term 1 for changeToLeader
2019-10-03 21:11:17,566 [d9a24089-827a-4a77-b172-8ccf24699869@group-91F740CAB6DB-LeaderElection70] INFO  impl.RaftServerImpl (ServerState.java:setLeader(255)) - d9a24089-827a-4a77-b172-8ccf24699869@group-91F740CAB6DB: change Leader from null to d9a24089-827a-4a77-b172-8ccf24699869 at term 1 for becomeLeader, leader elected after 5098ms
2019-10-03 21:11:17,566 [d9a24089-827a-4a77-b172-8ccf24699869@group-91F740CAB6DB-LeaderElection70] INFO  server.RaftServerConfigKeys (ConfUtils.java:logGet(43)) - raft.server.staging.catchup.gap = 1000 (default)
2019-10-03 21:11:17,566 [d9a24089-827a-4a77-b172-8ccf24699869@group-91F740CAB6DB-LeaderElection70] INFO  server.RaftServerConfigKeys (ConfUtils.java:logGet(43)) - raft.server.rpc.sleep.time = 25ms (default)
2019-10-03 21:11:17,566 [d9a24089-827a-4a77-b172-8ccf24699869@group-91F740CAB6DB-LeaderElection70] INFO  server.RaftServerConfigKeys (ConfUtils.java:logGet(43)) - raft.server.write.element-limit = 4096 (default)
2019-10-03 21:11:17,567 [d9a24089-827a-4a77-b172-8ccf24699869@group-91F740CAB6DB-LeaderElection70] INFO  server.RaftServerConfigKeys (ConfUtils.java:logGet(43)) - raft.server.watch.timeout = 10s (default)
2019-10-03 21:11:17,567 [d9a24089-827a-4a77-b172-8ccf24699869@group-91F740CAB6DB-LeaderElection70] INFO  server.RaftServerConfigKeys (ConfUtils.java:logGet(43)) - raft.server.watch.timeout.denomination = 1s (default)
2019-10-03 21:11:17,567 [d9a24089-827a-4a77-b172-8ccf24699869@group-91F740CAB6DB-LeaderElection70] INFO  server.RaftServerConfigKeys (ConfUtils.java:logGet(43)) - raft.server.watch.element-limit = 65536 (default)
2019-10-03 21:11:17,569 [d9a24089-827a-4a77-b172-8ccf24699869@group-91F740CAB6DB-LeaderElection70] INFO  impl.RoleInfo (RoleInfo.java:updateAndGet(143)) - d9a24089-827a-4a77-b172-8ccf24699869: start LeaderState
2019-10-03 21:11:17,569 [d9a24089-827a-4a77-b172-8ccf24699869@group-91F740CAB6DB-LeaderElection70] INFO  segmented.SegmentedRaftLogWorker (SegmentedRaftLogWorker.java:startLogSegment(385)) - d9a24089-827a-4a77-b172-8ccf24699869@group-91F740CAB6DB-SegmentedRaftLogWorker: Starting segment from index:0
2019-10-03 21:11:17,569 [d9a24089-827a-4a77-b172-8ccf24699869@group-91F740CAB6DB-LeaderElection70] INFO  impl.RaftServerImpl (ServerState.java:setRaftConf(356)) - d9a24089-827a-4a77-b172-8ccf24699869@group-91F740CAB6DB: set configuration 0: [d9a24089-827a-4a77-b172-8ccf24699869:192.168.30.42:44992], old=null at 0
2019-10-03 21:11:17,633 [d9a24089-827a-4a77-b172-8ccf24699869@group-91F740CAB6DB-SegmentedRaftLogWorker] INFO  segmented.SegmentedRaftLogWorker (SegmentedRaftLogWorker.java:execute(574)) - d9a24089-827a-4a77-b172-8ccf24699869@group-91F740CAB6DB-SegmentedRaftLogWorker: created new log segment /workdir/hadoop-ozone/integration-test/target/test-dir/MiniOzoneClusterImpl-eb3927cc-2b10-4a46-9282-313eace86f45/datanode-2/data/ratis/a5f8d764-5223-4b59-b861-91f740cab6db/current/log_inprogress_0
2019-10-03 21:11:17,655 [Thread-1512] INFO  impl.FollowerState (FollowerState.java:run(108)) - 9c318cf7-b60a-4fbf-bf89-edd5e8cfab55@group-CE40E4357BCC-FollowerState: change to CANDIDATE, lastRpcTime:5083ms, electionTimeout:5083ms
2019-10-03 21:11:17,655 [Thread-1512] INFO  impl.RoleInfo (RoleInfo.java:shutdownFollowerState(121)) - 9c318cf7-b60a-4fbf-bf89-edd5e8cfab55: shutdown FollowerState
2019-10-03 21:11:17,655 [Thread-1512] INFO  impl.RaftServerImpl (RaftServerImpl.java:setRole(170)) - 9c318cf7-b60a-4fbf-bf89-edd5e8cfab55@group-CE40E4357BCC: changes role from  FOLLOWER to CANDIDATE at term 0 for changeToCandidate
2019-10-03 21:11:17,655 [Thread-1512] INFO  impl.RoleInfo (RoleInfo.java:updateAndGet(143)) - 9c318cf7-b60a-4fbf-bf89-edd5e8cfab55: start LeaderElection
2019-10-03 21:11:17,683 [9c318cf7-b60a-4fbf-bf89-edd5e8cfab55@group-CE40E4357BCC-LeaderElection71] INFO  impl.LeaderElection (LeaderElection.java:askForVotes(178)) - 9c318cf7-b60a-4fbf-bf89-edd5e8cfab55@group-CE40E4357BCC-LeaderElection71: begin an election at term 1 for -1: [7c505e6a-9687-4d94-9068-e6b7950a282c:192.168.30.42:38657, 9c318cf7-b60a-4fbf-bf89-edd5e8cfab55:192.168.30.42:45559, f658ebac-deb2-49b4-9f10-33c653d96c5d:192.168.30.42:44839], old=null
2019-10-03 21:11:17,692 [grpc-default-executor-2] INFO  impl.RaftServerImpl (RaftServerImpl.java:setRole(170)) - 7c505e6a-9687-4d94-9068-e6b7950a282c@group-CE40E4357BCC: changes role from  FOLLOWER to FOLLOWER at term 1 for recognizeCandidate:9c318cf7-b60a-4fbf-bf89-edd5e8cfab55
2019-10-03 21:11:17,695 [grpc-default-executor-2] INFO  impl.RoleInfo (RoleInfo.java:shutdownFollowerState(121)) - 7c505e6a-9687-4d94-9068-e6b7950a282c: shutdown FollowerState
2019-10-03 21:11:17,695 [grpc-default-executor-2] INFO  impl.RoleInfo (RoleInfo.java:updateAndGet(143)) - 7c505e6a-9687-4d94-9068-e6b7950a282c: start FollowerState
2019-10-03 21:11:17,695 [grpc-default-executor-0] INFO  impl.RaftServerImpl (RaftServerImpl.java:setRole(170)) - f658ebac-deb2-49b4-9f10-33c653d96c5d@group-CE40E4357BCC: changes role from  FOLLOWER to FOLLOWER at term 1 for recognizeCandidate:9c318cf7-b60a-4fbf-bf89-edd5e8cfab55
2019-10-03 21:11:17,695 [grpc-default-executor-0] INFO  impl.RoleInfo (RoleInfo.java:shutdownFollowerState(121)) - f658ebac-deb2-49b4-9f10-33c653d96c5d: shutdown FollowerState
2019-10-03 21:11:17,695 [Thread-1513] INFO  impl.FollowerState (FollowerState.java:run(117)) - 7c505e6a-9687-4d94-9068-e6b7950a282c@group-CE40E4357BCC-FollowerState was interrupted: java.lang.InterruptedException: sleep interrupted
2019-10-03 21:11:17,695 [grpc-default-executor-0] INFO  impl.RoleInfo (RoleInfo.java:updateAndGet(143)) - f658ebac-deb2-49b4-9f10-33c653d96c5d: start FollowerState
2019-10-03 21:11:17,696 [Thread-1514] INFO  impl.FollowerState (FollowerState.java:run(117)) - f658ebac-deb2-49b4-9f10-33c653d96c5d@group-CE40E4357BCC-FollowerState was interrupted: java.lang.InterruptedException: sleep interrupted
2019-10-03 21:11:17,729 [9c318cf7-b60a-4fbf-bf89-edd5e8cfab55@group-CE40E4357BCC-LeaderElection71] INFO  impl.LeaderElection (LeaderElection.java:logAndReturn(56)) - 9c318cf7-b60a-4fbf-bf89-edd5e8cfab55@group-CE40E4357BCC-LeaderElection71: Election PASSED; received 1 response(s) [9c318cf7-b60a-4fbf-bf89-edd5e8cfab55<-7c505e6a-9687-4d94-9068-e6b7950a282c#0:OK-t1] and 0 exception(s); 9c318cf7-b60a-4fbf-bf89-edd5e8cfab55@group-CE40E4357BCC:t1, leader=null, voted=9c318cf7-b60a-4fbf-bf89-edd5e8cfab55, raftlog=9c318cf7-b60a-4fbf-bf89-edd5e8cfab55@group-CE40E4357BCC-SegmentedRaftLog:OPENED:c-1,f-1,i0, conf=-1: [7c505e6a-9687-4d94-9068-e6b7950a282c:192.168.30.42:38657, 9c318cf7-b60a-4fbf-bf89-edd5e8cfab55:192.168.30.42:45559, f658ebac-deb2-49b4-9f10-33c653d96c5d:192.168.30.42:44839], old=null
2019-10-03 21:11:17,729 [9c318cf7-b60a-4fbf-bf89-edd5e8cfab55@group-CE40E4357BCC-LeaderElection71] INFO  impl.RoleInfo (RoleInfo.java:shutdownLeaderElection(134)) - 9c318cf7-b60a-4fbf-bf89-edd5e8cfab55: shutdown LeaderElection
2019-10-03 21:11:17,730 [9c318cf7-b60a-4fbf-bf89-edd5e8cfab55@group-CE40E4357BCC-LeaderElection71] INFO  impl.RaftServerImpl (RaftServerImpl.java:setRole(170)) - 9c318cf7-b60a-4fbf-bf89-edd5e8cfab55@group-CE40E4357BCC: changes role from CANDIDATE to LEADER at term 1 for changeToLeader
2019-10-03 21:11:17,730 [9c318cf7-b60a-4fbf-bf89-edd5e8cfab55@group-CE40E4357BCC-LeaderElection71] INFO  impl.RaftServerImpl (ServerState.java:setLeader(255)) - 9c318cf7-b60a-4fbf-bf89-edd5e8cfab55@group-CE40E4357BCC: change Leader from null to 9c318cf7-b60a-4fbf-bf89-edd5e8cfab55 at term 1 for becomeLeader, leader elected after 5169ms
2019-10-03 21:11:17,730 [9c318cf7-b60a-4fbf-bf89-edd5e8cfab55@group-CE40E4357BCC-LeaderElection71] INFO  server.RaftServerConfigKeys (ConfUtils.java:logGet(43)) - raft.server.staging.catchup.gap = 1000 (default)
2019-10-03 21:11:17,730 [9c318cf7-b60a-4fbf-bf89-edd5e8cfab55@group-CE40E4357BCC-LeaderElection71] INFO  server.RaftServerConfigKeys (ConfUtils.java:logGet(43)) - raft.server.rpc.sleep.time = 25ms (default)
2019-10-03 21:11:17,730 [9c318cf7-b60a-4fbf-bf89-edd5e8cfab55@group-CE40E4357BCC-LeaderElection71] INFO  server.RaftServerConfigKeys (ConfUtils.java:logGet(43)) - raft.server.write.element-limit = 4096 (default)
2019-10-03 21:11:17,731 [9c318cf7-b60a-4fbf-bf89-edd5e8cfab55@group-CE40E4357BCC-LeaderElection71] INFO  server.RaftServerConfigKeys (ConfUtils.java:logGet(43)) - raft.server.watch.timeout = 10s (default)
2019-10-03 21:11:17,731 [9c318cf7-b60a-4fbf-bf89-edd5e8cfab55@group-CE40E4357BCC-LeaderElection71] INFO  server.RaftServerConfigKeys (ConfUtils.java:logGet(43)) - raft.server.watch.timeout.denomination = 1s (default)
2019-10-03 21:11:17,731 [9c318cf7-b60a-4fbf-bf89-edd5e8cfab55@group-CE40E4357BCC-LeaderElection71] INFO  server.RaftServerConfigKeys (ConfUtils.java:logGet(43)) - raft.server.watch.element-limit = 65536 (default)
2019-10-03 21:11:17,733 [9c318cf7-b60a-4fbf-bf89-edd5e8cfab55@group-CE40E4357BCC-LeaderElection71] INFO  server.RaftServerConfigKeys (ConfUtils.java:logGet(43)) - raft.server.log.appender.snapshot.chunk.size.max = 16MB (=16777216) (default)
2019-10-03 21:11:17,733 [9c318cf7-b60a-4fbf-bf89-edd5e8cfab55@group-CE40E4357BCC-LeaderElection71] INFO  server.RaftServerConfigKeys (ConfUtils.java:logGet(43)) - raft.server.log.appender.buffer.byte-limit = 33554432 (custom)
2019-10-03 21:11:17,733 [9c318cf7-b60a-4fbf-bf89-edd5e8cfab55@group-CE40E4357BCC-LeaderElection71] INFO  server.RaftServerConfigKeys (ConfUtils.java:logGet(43)) - raft.server.log.appender.buffer.element-limit = 1 (custom)
2019-10-03 21:11:17,734 [9c318cf7-b60a-4fbf-bf89-edd5e8cfab55@group-CE40E4357BCC-LeaderElection71] INFO  grpc.GrpcConfigKeys$Server (ConfUtils.java:logGet(43)) - raft.grpc.server.leader.outstanding.appends.max = 128 (default)
2019-10-03 21:11:17,734 [9c318cf7-b60a-4fbf-bf89-edd5e8cfab55@group-CE40E4357BCC-LeaderElection71] INFO  server.RaftServerConfigKeys (ConfUtils.java:logGet(43)) - raft.server.rpc.request.timeout = 3000ms (default)
2019-10-03 21:11:17,734 [9c318cf7-b60a-4fbf-bf89-edd5e8cfab55@group-CE40E4357BCC-LeaderElection71] INFO  server.RaftServerConfigKeys (ConfUtils.java:logGet(43)) - raft.server.log.appender.install.snapshot.enabled = false (custom)
2019-10-03 21:11:17,734 [9c318cf7-b60a-4fbf-bf89-edd5e8cfab55@group-CE40E4357BCC-LeaderElection71] INFO  server.RaftServerConfigKeys (ConfUtils.java:logGet(43)) - raft.server.log.appender.snapshot.chunk.size.max = 16MB (=16777216) (default)
2019-10-03 21:11:17,734 [9c318cf7-b60a-4fbf-bf89-edd5e8cfab55@group-CE40E4357BCC-LeaderElection71] INFO  server.RaftServerConfigKeys (ConfUtils.java:logGet(43)) - raft.server.log.appender.buffer.byte-limit = 33554432 (custom)
2019-10-03 21:11:17,734 [9c318cf7-b60a-4fbf-bf89-edd5e8cfab55@group-CE40E4357BCC-LeaderElection71] INFO  server.RaftServerConfigKeys (ConfUtils.java:logGet(43)) - raft.server.log.appender.buffer.element-limit = 1 (custom)
2019-10-03 21:11:17,735 [9c318cf7-b60a-4fbf-bf89-edd5e8cfab55@group-CE40E4357BCC-LeaderElection71] INFO  grpc.GrpcConfigKeys$Server (ConfUtils.java:logGet(43)) - raft.grpc.server.leader.outstanding.appends.max = 128 (default)
2019-10-03 21:11:17,735 [9c318cf7-b60a-4fbf-bf89-edd5e8cfab55@group-CE40E4357BCC-LeaderElection71] INFO  server.RaftServerConfigKeys (ConfUtils.java:logGet(43)) - raft.server.rpc.request.timeout = 3000ms (default)
2019-10-03 21:11:17,735 [9c318cf7-b60a-4fbf-bf89-edd5e8cfab55@group-CE40E4357BCC-LeaderElection71] INFO  server.RaftServerConfigKeys (ConfUtils.java:logGet(43)) - raft.server.log.appender.install.snapshot.enabled = false (custom)
2019-10-03 21:11:17,735 [9c318cf7-b60a-4fbf-bf89-edd5e8cfab55@group-CE40E4357BCC-LeaderElection71] INFO  impl.RoleInfo (RoleInfo.java:updateAndGet(143)) - 9c318cf7-b60a-4fbf-bf89-edd5e8cfab55: start LeaderState
2019-10-03 21:11:17,736 [9c318cf7-b60a-4fbf-bf89-edd5e8cfab55@group-CE40E4357BCC-LeaderElection71] INFO  segmented.SegmentedRaftLogWorker (SegmentedRaftLogWorker.java:startLogSegment(385)) - 9c318cf7-b60a-4fbf-bf89-edd5e8cfab55@group-CE40E4357BCC-SegmentedRaftLogWorker: Starting segment from index:0
2019-10-03 21:11:17,736 [9c318cf7-b60a-4fbf-bf89-edd5e8cfab55@group-CE40E4357BCC-LeaderElection71] INFO  impl.RaftServerImpl (ServerState.java:setRaftConf(356)) - 9c318cf7-b60a-4fbf-bf89-edd5e8cfab55@group-CE40E4357BCC: set configuration 0: [7c505e6a-9687-4d94-9068-e6b7950a282c:192.168.30.42:38657, 9c318cf7-b60a-4fbf-bf89-edd5e8cfab55:192.168.30.42:45559, f658ebac-deb2-49b4-9f10-33c653d96c5d:192.168.30.42:44839], old=null at 0
2019-10-03 21:11:17,777 [Thread-1524] INFO  impl.FollowerState (FollowerState.java:run(108)) - fe70dfea-4805-4f28-818f-8095715e39a4@group-5ECA322FBCF8-FollowerState: change to CANDIDATE, lastRpcTime:5087ms, electionTimeout:5059ms
2019-10-03 21:11:17,778 [Thread-1524] INFO  impl.RoleInfo (RoleInfo.java:shutdownFollowerState(121)) - fe70dfea-4805-4f28-818f-8095715e39a4: shutdown FollowerState
2019-10-03 21:11:17,778 [Thread-1524] INFO  impl.RaftServerImpl (RaftServerImpl.java:setRole(170)) - fe70dfea-4805-4f28-818f-8095715e39a4@group-5ECA322FBCF8: changes role from  FOLLOWER to CANDIDATE at term 0 for changeToCandidate
2019-10-03 21:11:17,778 [Thread-1524] INFO  impl.RoleInfo (RoleInfo.java:updateAndGet(143)) - fe70dfea-4805-4f28-818f-8095715e39a4: start LeaderElection
2019-10-03 21:11:17,787 [grpc-default-executor-2] INFO  impl.RaftServerImpl (ServerState.java:setLeader(255)) - f658ebac-deb2-49b4-9f10-33c653d96c5d@group-CE40E4357BCC: change Leader from null to 9c318cf7-b60a-4fbf-bf89-edd5e8cfab55 at term 1 for appendEntries, leader elected after 5226ms
2019-10-03 21:11:17,789 [grpc-default-executor-0] INFO  impl.RaftServerImpl (ServerState.java:setLeader(255)) - 7c505e6a-9687-4d94-9068-e6b7950a282c@group-CE40E4357BCC: change Leader from null to 9c318cf7-b60a-4fbf-bf89-edd5e8cfab55 at term 1 for appendEntries, leader elected after 5228ms
2019-10-03 21:11:17,793 [grpc-default-executor-0] INFO  impl.RaftServerImpl (ServerState.java:setRaftConf(356)) - f658ebac-deb2-49b4-9f10-33c653d96c5d@group-CE40E4357BCC: set configuration 0: [7c505e6a-9687-4d94-9068-e6b7950a282c:192.168.30.42:38657, 9c318cf7-b60a-4fbf-bf89-edd5e8cfab55:192.168.30.42:45559, f658ebac-deb2-49b4-9f10-33c653d96c5d:192.168.30.42:44839], old=null at 0
2019-10-03 21:11:17,793 [grpc-default-executor-2] INFO  impl.RaftServerImpl (ServerState.java:setRaftConf(356)) - 7c505e6a-9687-4d94-9068-e6b7950a282c@group-CE40E4357BCC: set configuration 0: [7c505e6a-9687-4d94-9068-e6b7950a282c:192.168.30.42:38657, 9c318cf7-b60a-4fbf-bf89-edd5e8cfab55:192.168.30.42:45559, f658ebac-deb2-49b4-9f10-33c653d96c5d:192.168.30.42:44839], old=null at 0
2019-10-03 21:11:17,793 [grpc-default-executor-0] INFO  segmented.SegmentedRaftLogWorker (SegmentedRaftLogWorker.java:startLogSegment(385)) - f658ebac-deb2-49b4-9f10-33c653d96c5d@group-CE40E4357BCC-SegmentedRaftLogWorker: Starting segment from index:0
2019-10-03 21:11:17,793 [grpc-default-executor-2] INFO  segmented.SegmentedRaftLogWorker (SegmentedRaftLogWorker.java:startLogSegment(385)) - 7c505e6a-9687-4d94-9068-e6b7950a282c@group-CE40E4357BCC-SegmentedRaftLogWorker: Starting segment from index:0
2019-10-03 21:11:17,801 [9c318cf7-b60a-4fbf-bf89-edd5e8cfab55@group-CE40E4357BCC-SegmentedRaftLogWorker] INFO  segmented.SegmentedRaftLogWorker (SegmentedRaftLogWorker.java:execute(574)) - 9c318cf7-b60a-4fbf-bf89-edd5e8cfab55@group-CE40E4357BCC-SegmentedRaftLogWorker: created new log segment /workdir/hadoop-ozone/integration-test/target/test-dir/MiniOzoneClusterImpl-eb3927cc-2b10-4a46-9282-313eace86f45/datanode-1/data/ratis/a37241db-fe47-4840-8058-ce40e4357bcc/current/log_inprogress_0
2019-10-03 21:11:17,818 [fe70dfea-4805-4f28-818f-8095715e39a4@group-5ECA322FBCF8-LeaderElection72] INFO  impl.LeaderElection (LeaderElection.java:askForVotes(178)) - fe70dfea-4805-4f28-818f-8095715e39a4@group-5ECA322FBCF8-LeaderElection72: begin an election at term 1 for -1: [c69db473-da19-42bc-b553-45bf783073d2:192.168.30.42:33680, 9536ee1a-5724-4172-9532-94ec92614bef:192.168.30.42:37563, fe70dfea-4805-4f28-818f-8095715e39a4:192.168.30.42:33733], old=null
2019-10-03 21:11:17,836 [grpc-default-executor-0] INFO  impl.RaftServerImpl (RaftServerImpl.java:setRole(170)) - c69db473-da19-42bc-b553-45bf783073d2@group-5ECA322FBCF8: changes role from  FOLLOWER to FOLLOWER at term 1 for recognizeCandidate:fe70dfea-4805-4f28-818f-8095715e39a4
2019-10-03 21:11:17,836 [grpc-default-executor-2] INFO  impl.RaftServerImpl (RaftServerImpl.java:setRole(170)) - 9536ee1a-5724-4172-9532-94ec92614bef@group-5ECA322FBCF8: changes role from  FOLLOWER to FOLLOWER at term 1 for recognizeCandidate:fe70dfea-4805-4f28-818f-8095715e39a4
2019-10-03 21:11:17,836 [grpc-default-executor-0] INFO  impl.RoleInfo (RoleInfo.java:shutdownFollowerState(121)) - c69db473-da19-42bc-b553-45bf783073d2: shutdown FollowerState
2019-10-03 21:11:17,836 [grpc-default-executor-2] INFO  impl.RoleInfo (RoleInfo.java:shutdownFollowerState(121)) - 9536ee1a-5724-4172-9532-94ec92614bef: shutdown FollowerState
2019-10-03 21:11:17,837 [Thread-1519] INFO  impl.FollowerState (FollowerState.java:run(117)) - c69db473-da19-42bc-b553-45bf783073d2@group-5ECA322FBCF8-FollowerState was interrupted: java.lang.InterruptedException: sleep interrupted
2019-10-03 21:11:17,837 [grpc-default-executor-0] INFO  impl.RoleInfo (RoleInfo.java:updateAndGet(143)) - c69db473-da19-42bc-b553-45bf783073d2: start FollowerState
2019-10-03 21:11:17,837 [Thread-1523] INFO  impl.FollowerState (FollowerState.java:run(117)) - 9536ee1a-5724-4172-9532-94ec92614bef@group-5ECA322FBCF8-FollowerState was interrupted: java.lang.InterruptedException: sleep interrupted
2019-10-03 21:11:17,837 [grpc-default-executor-2] INFO  impl.RoleInfo (RoleInfo.java:updateAndGet(143)) - 9536ee1a-5724-4172-9532-94ec92614bef: start FollowerState
2019-10-03 21:11:17,860 [f658ebac-deb2-49b4-9f10-33c653d96c5d@group-CE40E4357BCC-SegmentedRaftLogWorker] INFO  segmented.SegmentedRaftLogWorker (SegmentedRaftLogWorker.java:execute(574)) - f658ebac-deb2-49b4-9f10-33c653d96c5d@group-CE40E4357BCC-SegmentedRaftLogWorker: created new log segment /workdir/hadoop-ozone/integration-test/target/test-dir/MiniOzoneClusterImpl-eb3927cc-2b10-4a46-9282-313eace86f45/datanode-0/data/ratis/a37241db-fe47-4840-8058-ce40e4357bcc/current/log_inprogress_0
2019-10-03 21:11:17,860 [7c505e6a-9687-4d94-9068-e6b7950a282c@group-CE40E4357BCC-SegmentedRaftLogWorker] INFO  segmented.SegmentedRaftLogWorker (SegmentedRaftLogWorker.java:execute(574)) - 7c505e6a-9687-4d94-9068-e6b7950a282c@group-CE40E4357BCC-SegmentedRaftLogWorker: created new log segment /workdir/hadoop-ozone/integration-test/target/test-dir/MiniOzoneClusterImpl-eb3927cc-2b10-4a46-9282-313eace86f45/datanode-4/data/ratis/a37241db-fe47-4840-8058-ce40e4357bcc/current/log_inprogress_0
2019-10-03 21:11:17,866 [fe70dfea-4805-4f28-818f-8095715e39a4@group-5ECA322FBCF8-LeaderElection72] INFO  impl.LeaderElection (LeaderElection.java:logAndReturn(56)) - fe70dfea-4805-4f28-818f-8095715e39a4@group-5ECA322FBCF8-LeaderElection72: Election PASSED; received 1 response(s) [fe70dfea-4805-4f28-818f-8095715e39a4<-9536ee1a-5724-4172-9532-94ec92614bef#0:OK-t1] and 0 exception(s); fe70dfea-4805-4f28-818f-8095715e39a4@group-5ECA322FBCF8:t1, leader=null, voted=fe70dfea-4805-4f28-818f-8095715e39a4, raftlog=fe70dfea-4805-4f28-818f-8095715e39a4@group-5ECA322FBCF8-SegmentedRaftLog:OPENED:c-1,f-1,i0, conf=-1: [c69db473-da19-42bc-b553-45bf783073d2:192.168.30.42:33680, 9536ee1a-5724-4172-9532-94ec92614bef:192.168.30.42:37563, fe70dfea-4805-4f28-818f-8095715e39a4:192.168.30.42:33733], old=null
2019-10-03 21:11:17,866 [fe70dfea-4805-4f28-818f-8095715e39a4@group-5ECA322FBCF8-LeaderElection72] INFO  impl.RoleInfo (RoleInfo.java:shutdownLeaderElection(134)) - fe70dfea-4805-4f28-818f-8095715e39a4: shutdown LeaderElection
2019-10-03 21:11:17,866 [fe70dfea-4805-4f28-818f-8095715e39a4@group-5ECA322FBCF8-LeaderElection72] INFO  impl.RaftServerImpl (RaftServerImpl.java:setRole(170)) - fe70dfea-4805-4f28-818f-8095715e39a4@group-5ECA322FBCF8: changes role from CANDIDATE to LEADER at term 1 for changeToLeader
2019-10-03 21:11:17,866 [fe70dfea-4805-4f28-818f-8095715e39a4@group-5ECA322FBCF8-LeaderElection72] INFO  impl.RaftServerImpl (ServerState.java:setLeader(255)) - fe70dfea-4805-4f28-818f-8095715e39a4@group-5ECA322FBCF8: change Leader from null to fe70dfea-4805-4f28-818f-8095715e39a4 at term 1 for becomeLeader, leader elected after 5195ms
2019-10-03 21:11:17,866 [fe70dfea-4805-4f28-818f-8095715e39a4@group-5ECA322FBCF8-LeaderElection72] INFO  server.RaftServerConfigKeys (ConfUtils.java:logGet(43)) - raft.server.staging.catchup.gap = 1000 (default)
2019-10-03 21:11:17,866 [fe70dfea-4805-4f28-818f-8095715e39a4@group-5ECA322FBCF8-LeaderElection72] INFO  server.RaftServerConfigKeys (ConfUtils.java:logGet(43)) - raft.server.rpc.sleep.time = 25ms (default)
2019-10-03 21:11:17,866 [fe70dfea-4805-4f28-818f-8095715e39a4@group-5ECA322FBCF8-LeaderElection72] INFO  server.RaftServerConfigKeys (ConfUtils.java:logGet(43)) - raft.server.write.element-limit = 4096 (default)
2019-10-03 21:11:17,866 [fe70dfea-4805-4f28-818f-8095715e39a4@group-5ECA322FBCF8-LeaderElection72] INFO  server.RaftServerConfigKeys (ConfUtils.java:logGet(43)) - raft.server.watch.timeout = 10s (default)
2019-10-03 21:11:17,866 [fe70dfea-4805-4f28-818f-8095715e39a4@group-5ECA322FBCF8-LeaderElection72] INFO  server.RaftServerConfigKeys (ConfUtils.java:logGet(43)) - raft.server.watch.timeout.denomination = 1s (default)
2019-10-03 21:11:17,867 [fe70dfea-4805-4f28-818f-8095715e39a4@group-5ECA322FBCF8-LeaderElection72] INFO  server.RaftServerConfigKeys (ConfUtils.java:logGet(43)) - raft.server.watch.element-limit = 65536 (default)
2019-10-03 21:11:17,868 [fe70dfea-4805-4f28-818f-8095715e39a4@group-5ECA322FBCF8-LeaderElection72] INFO  server.RaftServerConfigKeys (ConfUtils.java:logGet(43)) - raft.server.log.appender.snapshot.chunk.size.max = 16MB (=16777216) (default)
2019-10-03 21:11:17,868 [fe70dfea-4805-4f28-818f-8095715e39a4@group-5ECA322FBCF8-LeaderElection72] INFO  server.RaftServerConfigKeys (ConfUtils.java:logGet(43)) - raft.server.log.appender.buffer.byte-limit = 33554432 (custom)
2019-10-03 21:11:17,868 [fe70dfea-4805-4f28-818f-8095715e39a4@group-5ECA322FBCF8-LeaderElection72] INFO  server.RaftServerConfigKeys (ConfUtils.java:logGet(43)) - raft.server.log.appender.buffer.element-limit = 1 (custom)
2019-10-03 21:11:17,869 [fe70dfea-4805-4f28-818f-8095715e39a4@group-5ECA322FBCF8-LeaderElection72] INFO  grpc.GrpcConfigKeys$Server (ConfUtils.java:logGet(43)) - raft.grpc.server.leader.outstanding.appends.max = 128 (default)
2019-10-03 21:11:17,869 [fe70dfea-4805-4f28-818f-8095715e39a4@group-5ECA322FBCF8-LeaderElection72] INFO  server.RaftServerConfigKeys (ConfUtils.java:logGet(43)) - raft.server.rpc.request.timeout = 3000ms (default)
2019-10-03 21:11:17,869 [fe70dfea-4805-4f28-818f-8095715e39a4@group-5ECA322FBCF8-LeaderElection72] INFO  server.RaftServerConfigKeys (ConfUtils.java:logGet(43)) - raft.server.log.appender.install.snapshot.enabled = false (custom)
2019-10-03 21:11:17,869 [fe70dfea-4805-4f28-818f-8095715e39a4@group-5ECA322FBCF8-LeaderElection72] INFO  server.RaftServerConfigKeys (ConfUtils.java:logGet(43)) - raft.server.log.appender.snapshot.chunk.size.max = 16MB (=16777216) (default)
2019-10-03 21:11:17,869 [fe70dfea-4805-4f28-818f-8095715e39a4@group-5ECA322FBCF8-LeaderElection72] INFO  server.RaftServerConfigKeys (ConfUtils.java:logGet(43)) - raft.server.log.appender.buffer.byte-limit = 33554432 (custom)
2019-10-03 21:11:17,869 [fe70dfea-4805-4f28-818f-8095715e39a4@group-5ECA322FBCF8-LeaderElection72] INFO  server.RaftServerConfigKeys (ConfUtils.java:logGet(43)) - raft.server.log.appender.buffer.element-limit = 1 (custom)
2019-10-03 21:11:17,870 [fe70dfea-4805-4f28-818f-8095715e39a4@group-5ECA322FBCF8-LeaderElection72] INFO  grpc.GrpcConfigKeys$Server (ConfUtils.java:logGet(43)) - raft.grpc.server.leader.outstanding.appends.max = 128 (default)
2019-10-03 21:11:17,870 [fe70dfea-4805-4f28-818f-8095715e39a4@group-5ECA322FBCF8-LeaderElection72] INFO  server.RaftServerConfigKeys (ConfUtils.java:logGet(43)) - raft.server.rpc.request.timeout = 3000ms (default)
2019-10-03 21:11:17,870 [fe70dfea-4805-4f28-818f-8095715e39a4@group-5ECA322FBCF8-LeaderElection72] INFO  server.RaftServerConfigKeys (ConfUtils.java:logGet(43)) - raft.server.log.appender.install.snapshot.enabled = false (custom)
2019-10-03 21:11:17,870 [fe70dfea-4805-4f28-818f-8095715e39a4@group-5ECA322FBCF8-LeaderElection72] INFO  impl.RoleInfo (RoleInfo.java:updateAndGet(143)) - fe70dfea-4805-4f28-818f-8095715e39a4: start LeaderState
2019-10-03 21:11:17,870 [fe70dfea-4805-4f28-818f-8095715e39a4@group-5ECA322FBCF8-LeaderElection72] INFO  segmented.SegmentedRaftLogWorker (SegmentedRaftLogWorker.java:startLogSegment(385)) - fe70dfea-4805-4f28-818f-8095715e39a4@group-5ECA322FBCF8-SegmentedRaftLogWorker: Starting segment from index:0
2019-10-03 21:11:17,913 [fe70dfea-4805-4f28-818f-8095715e39a4@group-5ECA322FBCF8-LeaderElection72] INFO  impl.RaftServerImpl (ServerState.java:setRaftConf(356)) - fe70dfea-4805-4f28-818f-8095715e39a4@group-5ECA322FBCF8: set configuration 0: [c69db473-da19-42bc-b553-45bf783073d2:192.168.30.42:33680, 9536ee1a-5724-4172-9532-94ec92614bef:192.168.30.42:37563, fe70dfea-4805-4f28-818f-8095715e39a4:192.168.30.42:33733], old=null at 0
2019-10-03 21:11:17,917 [grpc-default-executor-2] INFO  impl.RaftServerImpl (ServerState.java:setLeader(255)) - c69db473-da19-42bc-b553-45bf783073d2@group-5ECA322FBCF8: change Leader from null to fe70dfea-4805-4f28-818f-8095715e39a4 at term 1 for appendEntries, leader elected after 5246ms
2019-10-03 21:11:17,921 [grpc-default-executor-0] INFO  impl.RaftServerImpl (ServerState.java:setLeader(255)) - 9536ee1a-5724-4172-9532-94ec92614bef@group-5ECA322FBCF8: change Leader from null to fe70dfea-4805-4f28-818f-8095715e39a4 at term 1 for appendEntries, leader elected after 5250ms
2019-10-03 21:11:17,923 [grpc-default-executor-4] INFO  impl.RaftServerImpl (ServerState.java:setRaftConf(356)) - c69db473-da19-42bc-b553-45bf783073d2@group-5ECA322FBCF8: set configuration 0: [c69db473-da19-42bc-b553-45bf783073d2:192.168.30.42:33680, 9536ee1a-5724-4172-9532-94ec92614bef:192.168.30.42:37563, fe70dfea-4805-4f28-818f-8095715e39a4:192.168.30.42:33733], old=null at 0
2019-10-03 21:11:17,923 [grpc-default-executor-4] INFO  segmented.SegmentedRaftLogWorker (SegmentedRaftLogWorker.java:startLogSegment(385)) - c69db473-da19-42bc-b553-45bf783073d2@group-5ECA322FBCF8-SegmentedRaftLogWorker: Starting segment from index:0
2019-10-03 21:11:17,923 [grpc-default-executor-3] INFO  impl.RaftServerImpl (ServerState.java:setRaftConf(356)) - 9536ee1a-5724-4172-9532-94ec92614bef@group-5ECA322FBCF8: set configuration 0: [c69db473-da19-42bc-b553-45bf783073d2:192.168.30.42:33680, 9536ee1a-5724-4172-9532-94ec92614bef:192.168.30.42:37563, fe70dfea-4805-4f28-818f-8095715e39a4:192.168.30.42:33733], old=null at 0
2019-10-03 21:11:17,924 [grpc-default-executor-3] INFO  segmented.SegmentedRaftLogWorker (SegmentedRaftLogWorker.java:startLogSegment(385)) - 9536ee1a-5724-4172-9532-94ec92614bef@group-5ECA322FBCF8-SegmentedRaftLogWorker: Starting segment from index:0
2019-10-03 21:11:17,935 [fe70dfea-4805-4f28-818f-8095715e39a4@group-5ECA322FBCF8-SegmentedRaftLogWorker] INFO  segmented.SegmentedRaftLogWorker (SegmentedRaftLogWorker.java:execute(574)) - fe70dfea-4805-4f28-818f-8095715e39a4@group-5ECA322FBCF8-SegmentedRaftLogWorker: created new log segment /workdir/hadoop-ozone/integration-test/target/test-dir/MiniOzoneClusterImpl-eb3927cc-2b10-4a46-9282-313eace86f45/datanode-5/data/ratis/a83dcfdf-42ef-4148-b995-5eca322fbcf8/current/log_inprogress_0
2019-10-03 21:11:17,992 [c69db473-da19-42bc-b553-45bf783073d2@group-5ECA322FBCF8-SegmentedRaftLogWorker] INFO  segmented.SegmentedRaftLogWorker (SegmentedRaftLogWorker.java:execute(574)) - c69db473-da19-42bc-b553-45bf783073d2@group-5ECA322FBCF8-SegmentedRaftLogWorker: created new log segment /workdir/hadoop-ozone/integration-test/target/test-dir/MiniOzoneClusterImpl-eb3927cc-2b10-4a46-9282-313eace86f45/datanode-3/data/ratis/a83dcfdf-42ef-4148-b995-5eca322fbcf8/current/log_inprogress_0
2019-10-03 21:11:17,992 [9536ee1a-5724-4172-9532-94ec92614bef@group-5ECA322FBCF8-SegmentedRaftLogWorker] INFO  segmented.SegmentedRaftLogWorker (SegmentedRaftLogWorker.java:execute(574)) - 9536ee1a-5724-4172-9532-94ec92614bef@group-5ECA322FBCF8-SegmentedRaftLogWorker: created new log segment /workdir/hadoop-ozone/integration-test/target/test-dir/MiniOzoneClusterImpl-eb3927cc-2b10-4a46-9282-313eace86f45/datanode-6/data/ratis/a83dcfdf-42ef-4148-b995-5eca322fbcf8/current/log_inprogress_0
2019-10-03 21:11:19,139 [Datanode State Machine Thread - 0] INFO  statemachine.DatanodeStateMachine (DatanodeStateMachine.java:lambda$startDaemon$0(350)) - Ozone container server started.
2019-10-03 21:11:23,153 [main] INFO  ozoneimpl.OzoneContainer (OzoneContainer.java:stop(231)) - Attempting to stop container services.
2019-10-03 21:11:23,154 [main] INFO  impl.RaftServerProxy (RaftServerProxy.java:lambda$close$4(314)) - f658ebac-deb2-49b4-9f10-33c653d96c5d: close
2019-10-03 21:11:23,155 [main] INFO  impl.RaftServerImpl (RaftServerImpl.java:lambda$shutdown$3(247)) - f658ebac-deb2-49b4-9f10-33c653d96c5d@group-9623F06A7562: shutdown
2019-10-03 21:11:23,155 [main] INFO  util.JmxRegister (JmxRegister.java:unregister(73)) - Successfully un-registered JMX Bean with object name Ratis:service=RaftServer,group=group-9623F06A7562,id=f658ebac-deb2-49b4-9f10-33c653d96c5d
2019-10-03 21:11:23,156 [main] INFO  impl.RoleInfo (RoleInfo.java:shutdownLeaderState(104)) - f658ebac-deb2-49b4-9f10-33c653d96c5d: shutdown LeaderState
2019-10-03 21:11:23,156 [main] INFO  impl.PendingRequests (PendingRequests.java:sendNotLeaderResponses(202)) - f658ebac-deb2-49b4-9f10-33c653d96c5d@group-9623F06A7562-PendingRequests: sendNotLeaderResponses
2019-10-03 21:11:23,157 [main] INFO  impl.StateMachineUpdater (StateMachineUpdater.java:stopAndJoin(136)) - f658ebac-deb2-49b4-9f10-33c653d96c5d@group-9623F06A7562-StateMachineUpdater: set stopIndex = 0
2019-10-03 21:11:23,158 [main] INFO  impl.RaftServerImpl (ServerState.java:close(387)) - f658ebac-deb2-49b4-9f10-33c653d96c5d@group-9623F06A7562: closes. applyIndex: 0
2019-10-03 21:11:23,158 [f658ebac-deb2-49b4-9f10-33c653d96c5d@group-9623F06A7562-SegmentedRaftLogWorker] INFO  segmented.SegmentedRaftLogWorker (SegmentedRaftLogWorker.java:run(316)) - f658ebac-deb2-49b4-9f10-33c653d96c5d@group-9623F06A7562-SegmentedRaftLogWorker was interrupted, exiting. There are 0 tasks remaining in the queue.
2019-10-03 21:11:23,166 [main] INFO  segmented.SegmentedRaftLogWorker (SegmentedRaftLogWorker.java:close(224)) - f658ebac-deb2-49b4-9f10-33c653d96c5d@group-9623F06A7562-SegmentedRaftLogWorker close()
2019-10-03 21:11:23,172 [main] INFO  impl.RaftServerImpl (RaftServerImpl.java:lambda$shutdown$3(247)) - f658ebac-deb2-49b4-9f10-33c653d96c5d@group-CE40E4357BCC: shutdown
2019-10-03 21:11:23,173 [main] INFO  util.JmxRegister (JmxRegister.java:unregister(73)) - Successfully un-registered JMX Bean with object name Ratis:service=RaftServer,group=group-CE40E4357BCC,id=f658ebac-deb2-49b4-9f10-33c653d96c5d
2019-10-03 21:11:23,173 [main] INFO  impl.RoleInfo (RoleInfo.java:shutdownFollowerState(121)) - f658ebac-deb2-49b4-9f10-33c653d96c5d: shutdown FollowerState
2019-10-03 21:11:23,173 [main] INFO  impl.StateMachineUpdater (StateMachineUpdater.java:stopAndJoin(136)) - f658ebac-deb2-49b4-9f10-33c653d96c5d@group-CE40E4357BCC-StateMachineUpdater: set stopIndex = 2
2019-10-03 21:11:23,173 [f658ebac-deb2-49b4-9f10-33c653d96c5d@group-CE40E4357BCC-StateMachineUpdater] INFO  ratis.ContainerStateMachine (ContainerStateMachine.java:takeSnapshot(293)) - group-CE40E4357BCC: Taking a snapshot at:(t:1, i:1) file /workdir/hadoop-ozone/integration-test/target/test-dir/MiniOzoneClusterImpl-eb3927cc-2b10-4a46-9282-313eace86f45/datanode-0/data/ratis/a37241db-fe47-4840-8058-ce40e4357bcc/sm/snapshot.1_1
2019-10-03 21:11:23,173 [Thread-1557] INFO  impl.FollowerState (FollowerState.java:run(117)) - f658ebac-deb2-49b4-9f10-33c653d96c5d@group-CE40E4357BCC-FollowerState was interrupted: java.lang.InterruptedException: sleep interrupted
2019-10-03 21:11:23,209 [f658ebac-deb2-49b4-9f10-33c653d96c5d@group-CE40E4357BCC-StateMachineUpdater] INFO  ratis.ContainerStateMachine (ContainerStateMachine.java:takeSnapshot(304)) - group-CE40E4357BCC: Finished taking a snapshot at:(t:1, i:1) file:/workdir/hadoop-ozone/integration-test/target/test-dir/MiniOzoneClusterImpl-eb3927cc-2b10-4a46-9282-313eace86f45/datanode-0/data/ratis/a37241db-fe47-4840-8058-ce40e4357bcc/sm/snapshot.1_1 time:36
2019-10-03 21:11:23,209 [f658ebac-deb2-49b4-9f10-33c653d96c5d@group-CE40E4357BCC-StateMachineUpdater] INFO  impl.StateMachineUpdater (StateMachineUpdater.java:takeSnapshot(269)) - f658ebac-deb2-49b4-9f10-33c653d96c5d@group-CE40E4357BCC-StateMachineUpdater: Took a snapshot at index 1
2019-10-03 21:11:23,209 [f658ebac-deb2-49b4-9f10-33c653d96c5d@group-CE40E4357BCC-StateMachineUpdater] INFO  impl.StateMachineUpdater (StateMachineUpdater.java:lambda$new$0(84)) - f658ebac-deb2-49b4-9f10-33c653d96c5d@group-CE40E4357BCC-StateMachineUpdater: snapshotIndex: updateIncreasingly -1 -> 1
2019-10-03 21:11:23,210 [f658ebac-deb2-49b4-9f10-33c653d96c5d@group-CE40E4357BCC-StateMachineUpdater] INFO  ratis.ContainerStateMachine (ContainerStateMachine.java:takeSnapshot(293)) - group-CE40E4357BCC: Taking a snapshot at:(t:1, i:1) file /workdir/hadoop-ozone/integration-test/target/test-dir/MiniOzoneClusterImpl-eb3927cc-2b10-4a46-9282-313eace86f45/datanode-0/data/ratis/a37241db-fe47-4840-8058-ce40e4357bcc/sm/snapshot.1_1
2019-10-03 21:11:23,234 [f658ebac-deb2-49b4-9f10-33c653d96c5d@group-CE40E4357BCC-StateMachineUpdater] INFO  ratis.ContainerStateMachine (ContainerStateMachine.java:takeSnapshot(304)) - group-CE40E4357BCC: Finished taking a snapshot at:(t:1, i:1) file:/workdir/hadoop-ozone/integration-test/target/test-dir/MiniOzoneClusterImpl-eb3927cc-2b10-4a46-9282-313eace86f45/datanode-0/data/ratis/a37241db-fe47-4840-8058-ce40e4357bcc/sm/snapshot.1_1 time:24
2019-10-03 21:11:23,234 [f658ebac-deb2-49b4-9f10-33c653d96c5d@group-CE40E4357BCC-StateMachineUpdater] INFO  impl.StateMachineUpdater (StateMachineUpdater.java:takeSnapshot(269)) - f658ebac-deb2-49b4-9f10-33c653d96c5d@group-CE40E4357BCC-StateMachineUpdater: Took a snapshot at index 1
2019-10-03 21:11:23,234 [f658ebac-deb2-49b4-9f10-33c653d96c5d@group-CE40E4357BCC-StateMachineUpdater] INFO  impl.StateMachineUpdater (StateMachineUpdater.java:lambda$new$0(84)) - f658ebac-deb2-49b4-9f10-33c653d96c5d@group-CE40E4357BCC-StateMachineUpdater: snapshotIndex: updateIncreasingly 1 -> 1
2019-10-03 21:11:23,234 [main] INFO  impl.RaftServerImpl (ServerState.java:close(387)) - f658ebac-deb2-49b4-9f10-33c653d96c5d@group-CE40E4357BCC: closes. applyIndex: 2
2019-10-03 21:11:23,235 [f658ebac-deb2-49b4-9f10-33c653d96c5d@group-CE40E4357BCC-SegmentedRaftLogWorker] INFO  segmented.SegmentedRaftLogWorker (SegmentedRaftLogWorker.java:run(316)) - f658ebac-deb2-49b4-9f10-33c653d96c5d@group-CE40E4357BCC-SegmentedRaftLogWorker was interrupted, exiting. There are 0 tasks remaining in the queue.
2019-10-03 21:11:23,238 [main] INFO  segmented.SegmentedRaftLogWorker (SegmentedRaftLogWorker.java:close(224)) - f658ebac-deb2-49b4-9f10-33c653d96c5d@group-CE40E4357BCC-SegmentedRaftLogWorker close()
2019-10-03 21:11:23,243 [main] INFO  server.GrpcService (GrpcService.java:closeImpl(164)) - f658ebac-deb2-49b4-9f10-33c653d96c5d: shutdown server with port 44839 now
2019-10-03 21:11:23,248 [grpc-default-executor-4] WARN  server.GrpcServerProtocolService (LogUtils.java:warn(134)) - f658ebac-deb2-49b4-9f10-33c653d96c5d: installSnapshot onError, lastRequest: 9c318cf7-b60a-4fbf-bf89-edd5e8cfab55->f658ebac-deb2-49b4-9f10-33c653d96c5d#5-t1, previous=(t:1, i:2), leaderCommit=2, initializing? false, entries: <empty>: org.apache.ratis.thirdparty.io.grpc.StatusRuntimeException: CANCELLED: cancelled before receiving half close
2019-10-03 21:11:23,248 [main] INFO  server.GrpcService (GrpcService.java:closeImpl(172)) - f658ebac-deb2-49b4-9f10-33c653d96c5d: shutdown server with port 44839 successfully
2019-10-03 21:11:23,248 [grpc-default-executor-0] WARN  server.GrpcLogAppender (LogUtils.java:warn(134)) - 9c318cf7-b60a-4fbf-bf89-edd5e8cfab55@group-CE40E4357BCC->f658ebac-deb2-49b4-9f10-33c653d96c5d-AppendLogResponseHandler: Failed appendEntries: org.apache.ratis.thirdparty.io.grpc.StatusRuntimeException: CANCELLED: HTTP/2 error code: CANCEL
Received Rst Stream
2019-10-03 21:11:23,254 [grpc-default-executor-0] INFO  impl.FollowerInfo (FollowerInfo.java:lambda$new$0(51)) - 9c318cf7-b60a-4fbf-bf89-edd5e8cfab55@group-CE40E4357BCC->f658ebac-deb2-49b4-9f10-33c653d96c5d: nextIndex: updateUnconditionally 3 -> 2
2019-10-03 21:11:23,259 [refreshUsed-/workdir/hadoop-ozone/integration-test/target/test-dir/MiniOzoneClusterImpl-eb3927cc-2b10-4a46-9282-313eace86f45/datanode-0/data/containers] WARN  fs.CachingGetSpaceUsed (CachingGetSpaceUsed.java:run(183)) - Thread Interrupted waiting to refresh disk information: sleep interrupted
2019-10-03 21:11:23,275 [main] INFO  utils.BackgroundService (BackgroundService.java:shutdown(148)) - Shutting down service BlockDeletingService
2019-10-03 21:11:23,285 [main] INFO  statemachine.DatanodeStateMachine (DatanodeStateMachine.java:stopDaemon(395)) - Ozone container server stopped.
2019-10-03 21:11:23,286 [main] INFO  handler.ContextHandler (ContextHandler.java:doStop(910)) - Stopped o.e.j.w.WebAppContext@56b8aaf1{/,null,UNAVAILABLE}{/hddsDatanode}
2019-10-03 21:11:23,287 [main] INFO  server.AbstractConnector (AbstractConnector.java:doStop(318)) - Stopped ServerConnector@5482bcac{HTTP/1.1,[http/1.1]}{0.0.0.0:0}
2019-10-03 21:11:23,288 [main] INFO  handler.ContextHandler (ContextHandler.java:doStop(910)) - Stopped o.e.j.s.ServletContextHandler@3635099{/static,jar:file:/home/user/.m2/repository/org/apache/hadoop/hadoop-hdds-container-service/0.5.0-SNAPSHOT/hadoop-hdds-container-service-0.5.0-SNAPSHOT.jar!/webapps/static,UNAVAILABLE}
2019-10-03 21:11:23,288 [main] INFO  handler.ContextHandler (ContextHandler.java:doStop(910)) - Stopped o.e.j.s.ServletContextHandler@76ff68c5{/logs,file:///workdir/hadoop-ozone/integration-test/target/log,UNAVAILABLE}
2019-10-03 21:11:24,139 [Datanode State Machine Thread - 0] INFO  statemachine.DatanodeStateMachine (DatanodeStateMachine.java:lambda$startDaemon$0(350)) - Ozone container server started.
2019-10-03 21:11:25,468 [grpc-default-executor-3] WARN  server.GrpcLogAppender (LogUtils.java:warn(134)) - 9c318cf7-b60a-4fbf-bf89-edd5e8cfab55@group-CE40E4357BCC->f658ebac-deb2-49b4-9f10-33c653d96c5d-AppendLogResponseHandler: Failed appendEntries: org.apache.ratis.thirdparty.io.grpc.StatusRuntimeException: UNAVAILABLE: io exception
2019-10-03 21:11:25,469 [grpc-default-executor-3] INFO  impl.FollowerInfo (FollowerInfo.java:lambda$new$0(51)) - 9c318cf7-b60a-4fbf-bf89-edd5e8cfab55@group-CE40E4357BCC->f658ebac-deb2-49b4-9f10-33c653d96c5d: nextIndex: updateUnconditionally 2 -> 1
2019-10-03 21:11:27,974 [grpc-default-executor-4] WARN  server.GrpcLogAppender (LogUtils.java:warn(134)) - 9c318cf7-b60a-4fbf-bf89-edd5e8cfab55@group-CE40E4357BCC->f658ebac-deb2-49b4-9f10-33c653d96c5d-AppendLogResponseHandler: Failed appendEntries: org.apache.ratis.thirdparty.io.grpc.StatusRuntimeException: UNAVAILABLE: io exception
2019-10-03 21:11:27,976 [grpc-default-executor-4] INFO  impl.FollowerInfo (FollowerInfo.java:lambda$new$0(51)) - 9c318cf7-b60a-4fbf-bf89-edd5e8cfab55@group-CE40E4357BCC->f658ebac-deb2-49b4-9f10-33c653d96c5d: nextIndex: updateUnconditionally 1 -> 0
2019-10-03 21:11:28,290 [main] INFO  ozoneimpl.OzoneContainer (OzoneContainer.java:stop(231)) - Attempting to stop container services.
2019-10-03 21:11:28,291 [main] INFO  impl.RaftServerProxy (RaftServerProxy.java:lambda$close$4(314)) - 7c505e6a-9687-4d94-9068-e6b7950a282c: close
2019-10-03 21:11:28,291 [main] INFO  impl.RaftServerImpl (RaftServerImpl.java:lambda$shutdown$3(247)) - 7c505e6a-9687-4d94-9068-e6b7950a282c@group-DCEB13F10011: shutdown
2019-10-03 21:11:28,292 [main] INFO  util.JmxRegister (JmxRegister.java:unregister(73)) - Successfully un-registered JMX Bean with object name Ratis:service=RaftServer,group=group-DCEB13F10011,id=7c505e6a-9687-4d94-9068-e6b7950a282c
2019-10-03 21:11:28,292 [main] INFO  impl.RoleInfo (RoleInfo.java:shutdownLeaderState(104)) - 7c505e6a-9687-4d94-9068-e6b7950a282c: shutdown LeaderState
2019-10-03 21:11:28,292 [main] INFO  impl.PendingRequests (PendingRequests.java:sendNotLeaderResponses(202)) - 7c505e6a-9687-4d94-9068-e6b7950a282c@group-DCEB13F10011-PendingRequests: sendNotLeaderResponses
2019-10-03 21:11:28,293 [main] INFO  impl.StateMachineUpdater (StateMachineUpdater.java:stopAndJoin(136)) - 7c505e6a-9687-4d94-9068-e6b7950a282c@group-DCEB13F10011-StateMachineUpdater: set stopIndex = 0
2019-10-03 21:11:28,294 [main] INFO  impl.RaftServerImpl (ServerState.java:close(387)) - 7c505e6a-9687-4d94-9068-e6b7950a282c@group-DCEB13F10011: closes. applyIndex: 0
2019-10-03 21:11:28,294 [7c505e6a-9687-4d94-9068-e6b7950a282c@group-DCEB13F10011-SegmentedRaftLogWorker] INFO  segmented.SegmentedRaftLogWorker (SegmentedRaftLogWorker.java:run(316)) - 7c505e6a-9687-4d94-9068-e6b7950a282c@group-DCEB13F10011-SegmentedRaftLogWorker was interrupted, exiting. There are 0 tasks remaining in the queue.
2019-10-03 21:11:28,297 [main] INFO  segmented.SegmentedRaftLogWorker (SegmentedRaftLogWorker.java:close(224)) - 7c505e6a-9687-4d94-9068-e6b7950a282c@group-DCEB13F10011-SegmentedRaftLogWorker close()
2019-10-03 21:11:28,302 [main] INFO  impl.RaftServerImpl (RaftServerImpl.java:lambda$shutdown$3(247)) - 7c505e6a-9687-4d94-9068-e6b7950a282c@group-CE40E4357BCC: shutdown
2019-10-03 21:11:28,303 [main] INFO  util.JmxRegister (JmxRegister.java:unregister(73)) - Successfully un-registered JMX Bean with object name Ratis:service=RaftServer,group=group-CE40E4357BCC,id=7c505e6a-9687-4d94-9068-e6b7950a282c
2019-10-03 21:11:28,303 [main] INFO  impl.RoleInfo (RoleInfo.java:shutdownFollowerState(121)) - 7c505e6a-9687-4d94-9068-e6b7950a282c: shutdown FollowerState
2019-10-03 21:11:28,303 [main] INFO  impl.StateMachineUpdater (StateMachineUpdater.java:stopAndJoin(136)) - 7c505e6a-9687-4d94-9068-e6b7950a282c@group-CE40E4357BCC-StateMachineUpdater: set stopIndex = 2
2019-10-03 21:11:28,303 [Thread-1556] INFO  impl.FollowerState (FollowerState.java:run(117)) - 7c505e6a-9687-4d94-9068-e6b7950a282c@group-CE40E4357BCC-FollowerState was interrupted: java.lang.InterruptedException: sleep interrupted
2019-10-03 21:11:28,303 [7c505e6a-9687-4d94-9068-e6b7950a282c@group-CE40E4357BCC-StateMachineUpdater] INFO  ratis.ContainerStateMachine (ContainerStateMachine.java:takeSnapshot(293)) - group-CE40E4357BCC: Taking a snapshot at:(t:1, i:1) file /workdir/hadoop-ozone/integration-test/target/test-dir/MiniOzoneClusterImpl-eb3927cc-2b10-4a46-9282-313eace86f45/datanode-4/data/ratis/a37241db-fe47-4840-8058-ce40e4357bcc/sm/snapshot.1_1
2019-10-03 21:11:28,335 [7c505e6a-9687-4d94-9068-e6b7950a282c@group-CE40E4357BCC-StateMachineUpdater] INFO  ratis.ContainerStateMachine (ContainerStateMachine.java:takeSnapshot(304)) - group-CE40E4357BCC: Finished taking a snapshot at:(t:1, i:1) file:/workdir/hadoop-ozone/integration-test/target/test-dir/MiniOzoneClusterImpl-eb3927cc-2b10-4a46-9282-313eace86f45/datanode-4/data/ratis/a37241db-fe47-4840-8058-ce40e4357bcc/sm/snapshot.1_1 time:32
2019-10-03 21:11:28,335 [7c505e6a-9687-4d94-9068-e6b7950a282c@group-CE40E4357BCC-StateMachineUpdater] INFO  impl.StateMachineUpdater (StateMachineUpdater.java:takeSnapshot(269)) - 7c505e6a-9687-4d94-9068-e6b7950a282c@group-CE40E4357BCC-StateMachineUpdater: Took a snapshot at index 1
2019-10-03 21:11:28,335 [7c505e6a-9687-4d94-9068-e6b7950a282c@group-CE40E4357BCC-StateMachineUpdater] INFO  impl.StateMachineUpdater (StateMachineUpdater.java:lambda$new$0(84)) - 7c505e6a-9687-4d94-9068-e6b7950a282c@group-CE40E4357BCC-StateMachineUpdater: snapshotIndex: updateIncreasingly -1 -> 1
2019-10-03 21:11:28,336 [7c505e6a-9687-4d94-9068-e6b7950a282c@group-CE40E4357BCC-StateMachineUpdater] INFO  ratis.ContainerStateMachine (ContainerStateMachine.java:takeSnapshot(293)) - group-CE40E4357BCC: Taking a snapshot at:(t:1, i:1) file /workdir/hadoop-ozone/integration-test/target/test-dir/MiniOzoneClusterImpl-eb3927cc-2b10-4a46-9282-313eace86f45/datanode-4/data/ratis/a37241db-fe47-4840-8058-ce40e4357bcc/sm/snapshot.1_1
2019-10-03 21:11:28,351 [7c505e6a-9687-4d94-9068-e6b7950a282c@group-CE40E4357BCC-StateMachineUpdater] INFO  ratis.ContainerStateMachine (ContainerStateMachine.java:takeSnapshot(304)) - group-CE40E4357BCC: Finished taking a snapshot at:(t:1, i:1) file:/workdir/hadoop-ozone/integration-test/target/test-dir/MiniOzoneClusterImpl-eb3927cc-2b10-4a46-9282-313eace86f45/datanode-4/data/ratis/a37241db-fe47-4840-8058-ce40e4357bcc/sm/snapshot.1_1 time:15
2019-10-03 21:11:28,352 [7c505e6a-9687-4d94-9068-e6b7950a282c@group-CE40E4357BCC-StateMachineUpdater] INFO  impl.StateMachineUpdater (StateMachineUpdater.java:takeSnapshot(269)) - 7c505e6a-9687-4d94-9068-e6b7950a282c@group-CE40E4357BCC-StateMachineUpdater: Took a snapshot at index 1
2019-10-03 21:11:28,352 [7c505e6a-9687-4d94-9068-e6b7950a282c@group-CE40E4357BCC-StateMachineUpdater] INFO  impl.StateMachineUpdater (StateMachineUpdater.java:lambda$new$0(84)) - 7c505e6a-9687-4d94-9068-e6b7950a282c@group-CE40E4357BCC-StateMachineUpdater: snapshotIndex: updateIncreasingly 1 -> 1
2019-10-03 21:11:28,352 [main] INFO  impl.RaftServerImpl (ServerState.java:close(387)) - 7c505e6a-9687-4d94-9068-e6b7950a282c@group-CE40E4357BCC: closes. applyIndex: 2
2019-10-03 21:11:28,353 [7c505e6a-9687-4d94-9068-e6b7950a282c@group-CE40E4357BCC-SegmentedRaftLogWorker] INFO  segmented.SegmentedRaftLogWorker (SegmentedRaftLogWorker.java:run(316)) - 7c505e6a-9687-4d94-9068-e6b7950a282c@group-CE40E4357BCC-SegmentedRaftLogWorker was interrupted, exiting. There are 0 tasks remaining in the queue.
2019-10-03 21:11:28,355 [main] INFO  segmented.SegmentedRaftLogWorker (SegmentedRaftLogWorker.java:close(224)) - 7c505e6a-9687-4d94-9068-e6b7950a282c@group-CE40E4357BCC-SegmentedRaftLogWorker close()
2019-10-03 21:11:28,360 [main] INFO  server.GrpcService (GrpcService.java:closeImpl(164)) - 7c505e6a-9687-4d94-9068-e6b7950a282c: shutdown server with port 38657 now
2019-10-03 21:11:28,362 [grpc-default-executor-4] WARN  server.GrpcServerProtocolService (LogUtils.java:warn(134)) - 7c505e6a-9687-4d94-9068-e6b7950a282c: installSnapshot onError, lastRequest: 9c318cf7-b60a-4fbf-bf89-edd5e8cfab55->7c505e6a-9687-4d94-9068-e6b7950a282c#7-t1, previous=(t:1, i:2), leaderCommit=2, initializing? false, entries: <empty>: org.apache.ratis.thirdparty.io.grpc.StatusRuntimeException: CANCELLED: cancelled before receiving half close
2019-10-03 21:11:28,362 [main] INFO  server.GrpcService (GrpcService.java:closeImpl(172)) - 7c505e6a-9687-4d94-9068-e6b7950a282c: shutdown server with port 38657 successfully
2019-10-03 21:11:28,362 [grpc-default-executor-0] WARN  server.GrpcLogAppender (LogUtils.java:warn(134)) - 9c318cf7-b60a-4fbf-bf89-edd5e8cfab55@group-CE40E4357BCC->7c505e6a-9687-4d94-9068-e6b7950a282c-AppendLogResponseHandler: Failed appendEntries: org.apache.ratis.thirdparty.io.grpc.StatusRuntimeException: CANCELLED: HTTP/2 error code: CANCEL
Received Rst Stream
2019-10-03 21:11:28,365 [grpc-default-executor-0] INFO  impl.FollowerInfo (FollowerInfo.java:lambda$new$0(51)) - 9c318cf7-b60a-4fbf-bf89-edd5e8cfab55@group-CE40E4357BCC->7c505e6a-9687-4d94-9068-e6b7950a282c: nextIndex: updateUnconditionally 3 -> 2
2019-10-03 21:11:28,367 [refreshUsed-/workdir/hadoop-ozone/integration-test/target/test-dir/MiniOzoneClusterImpl-eb3927cc-2b10-4a46-9282-313eace86f45/datanode-4/data/containers] WARN  fs.CachingGetSpaceUsed (CachingGetSpaceUsed.java:run(183)) - Thread Interrupted waiting to refresh disk information: sleep interrupted
2019-10-03 21:11:28,387 [main] INFO  utils.BackgroundService (BackgroundService.java:shutdown(148)) - Shutting down service BlockDeletingService
2019-10-03 21:11:28,411 [main] INFO  statemachine.DatanodeStateMachine (DatanodeStateMachine.java:stopDaemon(395)) - Ozone container server stopped.
2019-10-03 21:11:28,413 [main] INFO  handler.ContextHandler (ContextHandler.java:doStop(910)) - Stopped o.e.j.w.WebAppContext@766a52f5{/,null,UNAVAILABLE}{/hddsDatanode}
2019-10-03 21:11:28,414 [main] INFO  server.AbstractConnector (AbstractConnector.java:doStop(318)) - Stopped ServerConnector@4342c13{HTTP/1.1,[http/1.1]}{0.0.0.0:0}
2019-10-03 21:11:28,414 [main] INFO  handler.ContextHandler (ContextHandler.java:doStop(910)) - Stopped o.e.j.s.ServletContextHandler@1e1232cf{/static,jar:file:/home/user/.m2/repository/org/apache/hadoop/hadoop-hdds-container-service/0.5.0-SNAPSHOT/hadoop-hdds-container-service-0.5.0-SNAPSHOT.jar!/webapps/static,UNAVAILABLE}
2019-10-03 21:11:28,415 [main] INFO  handler.ContextHandler (ContextHandler.java:doStop(910)) - Stopped o.e.j.s.ServletContextHandler@6579cdbb{/logs,file:///workdir/hadoop-ozone/integration-test/target/log,UNAVAILABLE}
2019-10-03 21:11:30,472 [grpc-default-executor-3] WARN  server.GrpcLogAppender (LogUtils.java:warn(134)) - 9c318cf7-b60a-4fbf-bf89-edd5e8cfab55@group-CE40E4357BCC->f658ebac-deb2-49b4-9f10-33c653d96c5d-AppendLogResponseHandler: Failed appendEntries: org.apache.ratis.thirdparty.io.grpc.StatusRuntimeException: UNAVAILABLE: io exception
2019-10-03 21:11:30,473 [grpc-default-executor-3] INFO  impl.FollowerInfo (FollowerInfo.java:lambda$new$0(51)) - 9c318cf7-b60a-4fbf-bf89-edd5e8cfab55@group-CE40E4357BCC->f658ebac-deb2-49b4-9f10-33c653d96c5d: nextIndex: updateUnconditionally 0 -> 0
2019-10-03 21:11:30,477 [grpc-default-executor-0] WARN  server.GrpcLogAppender (LogUtils.java:warn(134)) - 9c318cf7-b60a-4fbf-bf89-edd5e8cfab55@group-CE40E4357BCC->7c505e6a-9687-4d94-9068-e6b7950a282c-AppendLogResponseHandler: Failed appendEntries: org.apache.ratis.thirdparty.io.grpc.StatusRuntimeException: UNAVAILABLE: io exception
2019-10-03 21:11:30,478 [grpc-default-executor-0] INFO  impl.FollowerInfo (FollowerInfo.java:lambda$new$0(51)) - 9c318cf7-b60a-4fbf-bf89-edd5e8cfab55@group-CE40E4357BCC->7c505e6a-9687-4d94-9068-e6b7950a282c: nextIndex: updateUnconditionally 2 -> 1
2019-10-03 21:11:32,974 [grpc-default-executor-3] WARN  server.GrpcLogAppender (LogUtils.java:warn(134)) - 9c318cf7-b60a-4fbf-bf89-edd5e8cfab55@group-CE40E4357BCC->f658ebac-deb2-49b4-9f10-33c653d96c5d-AppendLogResponseHandler: Failed appendEntries: org.apache.ratis.thirdparty.io.grpc.StatusRuntimeException: UNAVAILABLE: io exception
2019-10-03 21:11:32,975 [grpc-default-executor-3] INFO  impl.FollowerInfo (FollowerInfo.java:lambda$new$0(51)) - 9c318cf7-b60a-4fbf-bf89-edd5e8cfab55@group-CE40E4357BCC->f658ebac-deb2-49b4-9f10-33c653d96c5d: nextIndex: updateUnconditionally 0 -> 0
2019-10-03 21:11:32,978 [grpc-default-executor-4] WARN  server.GrpcLogAppender (LogUtils.java:warn(134)) - 9c318cf7-b60a-4fbf-bf89-edd5e8cfab55@group-CE40E4357BCC->7c505e6a-9687-4d94-9068-e6b7950a282c-AppendLogResponseHandler: Failed appendEntries: org.apache.ratis.thirdparty.io.grpc.StatusRuntimeException: UNAVAILABLE: io exception
2019-10-03 21:11:32,979 [grpc-default-executor-4] INFO  impl.FollowerInfo (FollowerInfo.java:lambda$new$0(51)) - 9c318cf7-b60a-4fbf-bf89-edd5e8cfab55@group-CE40E4357BCC->7c505e6a-9687-4d94-9068-e6b7950a282c: nextIndex: updateUnconditionally 1 -> 0
2019-10-03 21:11:35,482 [grpc-default-executor-3] WARN  server.GrpcLogAppender (LogUtils.java:warn(134)) - 9c318cf7-b60a-4fbf-bf89-edd5e8cfab55@group-CE40E4357BCC->7c505e6a-9687-4d94-9068-e6b7950a282c-AppendLogResponseHandler: Failed appendEntries: org.apache.ratis.thirdparty.io.grpc.StatusRuntimeException: UNAVAILABLE: io exception
2019-10-03 21:11:35,482 [grpc-default-executor-4] WARN  server.GrpcLogAppender (LogUtils.java:warn(134)) - 9c318cf7-b60a-4fbf-bf89-edd5e8cfab55@group-CE40E4357BCC->f658ebac-deb2-49b4-9f10-33c653d96c5d-AppendLogResponseHandler: Failed appendEntries: org.apache.ratis.thirdparty.io.grpc.StatusRuntimeException: UNAVAILABLE: io exception
2019-10-03 21:11:35,485 [grpc-default-executor-4] INFO  impl.FollowerInfo (FollowerInfo.java:lambda$new$0(51)) - 9c318cf7-b60a-4fbf-bf89-edd5e8cfab55@group-CE40E4357BCC->f658ebac-deb2-49b4-9f10-33c653d96c5d: nextIndex: updateUnconditionally 0 -> 0
2019-10-03 21:11:35,485 [grpc-default-executor-3] INFO  impl.FollowerInfo (FollowerInfo.java:lambda$new$0(51)) - 9c318cf7-b60a-4fbf-bf89-edd5e8cfab55@group-CE40E4357BCC->7c505e6a-9687-4d94-9068-e6b7950a282c: nextIndex: updateUnconditionally 0 -> 0
2019-10-03 21:11:37,982 [grpc-default-executor-4] WARN  server.GrpcLogAppender (LogUtils.java:warn(134)) - 9c318cf7-b60a-4fbf-bf89-edd5e8cfab55@group-CE40E4357BCC->7c505e6a-9687-4d94-9068-e6b7950a282c-AppendLogResponseHandler: Failed appendEntries: org.apache.ratis.thirdparty.io.grpc.StatusRuntimeException: UNAVAILABLE: io exception
2019-10-03 21:11:37,983 [grpc-default-executor-6] WARN  server.GrpcLogAppender (LogUtils.java:warn(134)) - 9c318cf7-b60a-4fbf-bf89-edd5e8cfab55@group-CE40E4357BCC->f658ebac-deb2-49b4-9f10-33c653d96c5d-AppendLogResponseHandler: Failed appendEntries: org.apache.ratis.thirdparty.io.grpc.StatusRuntimeException: UNAVAILABLE: io exception
2019-10-03 21:11:37,984 [grpc-default-executor-4] INFO  impl.FollowerInfo (FollowerInfo.java:lambda$new$0(51)) - 9c318cf7-b60a-4fbf-bf89-edd5e8cfab55@group-CE40E4357BCC->7c505e6a-9687-4d94-9068-e6b7950a282c: nextIndex: updateUnconditionally 0 -> 0
2019-10-03 21:11:37,984 [grpc-default-executor-6] INFO  impl.FollowerInfo (FollowerInfo.java:lambda$new$0(51)) - 9c318cf7-b60a-4fbf-bf89-edd5e8cfab55@group-CE40E4357BCC->f658ebac-deb2-49b4-9f10-33c653d96c5d: nextIndex: updateUnconditionally 0 -> 0
2019-10-03 21:11:38,566 [Thread-1619] INFO  client.GrpcClientProtocolService (GrpcClientProtocolService.java:lambda$processClientRequest$0(278)) - Failed RaftClientRequest:client-AAE816283FA1->9c318cf7-b60a-4fbf-bf89-edd5e8cfab55@group-CE40E4357BCC, cid=67, seq=0, Watch-ALL_COMMITTED(18), Message:<EMPTY>, reply=RaftClientReply:client-AAE816283FA1->9c318cf7-b60a-4fbf-bf89-edd5e8cfab55@group-CE40E4357BCC, cid=67, FAILED org.apache.ratis.protocol.NotReplicatedException: Request with call Id 67 and log index 18 is not yet replicated to ALL_COMMITTED, logIndex=18, commits[9c318cf7-b60a-4fbf-bf89-edd5e8cfab55:c2, 7c505e6a-9687-4d94-9068-e6b7950a282c:c2, f658ebac-deb2-49b4-9f10-33c653d96c5d:c2]
2019-10-03 21:11:40,481 [grpc-default-executor-2] WARN  server.GrpcLogAppender (LogUtils.java:warn(134)) - 9c318cf7-b60a-4fbf-bf89-edd5e8cfab55@group-CE40E4357BCC->7c505e6a-9687-4d94-9068-e6b7950a282c-AppendLogResponseHandler: Failed appendEntries: org.apache.ratis.thirdparty.io.grpc.StatusRuntimeException: UNAVAILABLE: io exception
2019-10-03 21:11:40,481 [grpc-default-executor-4] WARN  server.GrpcLogAppender (LogUtils.java:warn(134)) - 9c318cf7-b60a-4fbf-bf89-edd5e8cfab55@group-CE40E4357BCC->f658ebac-deb2-49b4-9f10-33c653d96c5d-AppendLogResponseHandler: Failed appendEntries: org.apache.ratis.thirdparty.io.grpc.StatusRuntimeException: UNAVAILABLE: io exception
2019-10-03 21:11:40,482 [grpc-default-executor-2] INFO  impl.FollowerInfo (FollowerInfo.java:lambda$new$0(51)) - 9c318cf7-b60a-4fbf-bf89-edd5e8cfab55@group-CE40E4357BCC->7c505e6a-9687-4d94-9068-e6b7950a282c: nextIndex: updateUnconditionally 0 -> 0
2019-10-03 21:11:40,482 [grpc-default-executor-4] INFO  impl.FollowerInfo (FollowerInfo.java:lambda$new$0(51)) - 9c318cf7-b60a-4fbf-bf89-edd5e8cfab55@group-CE40E4357BCC->f658ebac-deb2-49b4-9f10-33c653d96c5d: nextIndex: updateUnconditionally 0 -> 0
2019-10-03 21:11:42,986 [grpc-default-executor-2] WARN  server.GrpcLogAppender (LogUtils.java:warn(134)) - 9c318cf7-b60a-4fbf-bf89-edd5e8cfab55@group-CE40E4357BCC->f658ebac-deb2-49b4-9f10-33c653d96c5d-AppendLogResponseHandler: Failed appendEntries: org.apache.ratis.thirdparty.io.grpc.StatusRuntimeException: UNAVAILABLE: io exception
2019-10-03 21:11:42,986 [grpc-default-executor-4] WARN  server.GrpcLogAppender (LogUtils.java:warn(134)) - 9c318cf7-b60a-4fbf-bf89-edd5e8cfab55@group-CE40E4357BCC->7c505e6a-9687-4d94-9068-e6b7950a282c-AppendLogResponseHandler: Failed appendEntries: org.apache.ratis.thirdparty.io.grpc.StatusRuntimeException: UNAVAILABLE: io exception
2019-10-03 21:11:42,987 [grpc-default-executor-2] INFO  impl.FollowerInfo (FollowerInfo.java:lambda$new$0(51)) - 9c318cf7-b60a-4fbf-bf89-edd5e8cfab55@group-CE40E4357BCC->f658ebac-deb2-49b4-9f10-33c653d96c5d: nextIndex: updateUnconditionally 0 -> 0
2019-10-03 21:11:42,987 [grpc-default-executor-4] INFO  impl.FollowerInfo (FollowerInfo.java:lambda$new$0(51)) - 9c318cf7-b60a-4fbf-bf89-edd5e8cfab55@group-CE40E4357BCC->7c505e6a-9687-4d94-9068-e6b7950a282c: nextIndex: updateUnconditionally 0 -> 0
2019-10-03 21:11:45,492 [grpc-default-executor-4] WARN  server.GrpcLogAppender (LogUtils.java:warn(134)) - 9c318cf7-b60a-4fbf-bf89-edd5e8cfab55@group-CE40E4357BCC->7c505e6a-9687-4d94-9068-e6b7950a282c-AppendLogResponseHandler: Failed appendEntries: org.apache.ratis.thirdparty.io.grpc.StatusRuntimeException: UNAVAILABLE: io exception
2019-10-03 21:11:45,492 [grpc-default-executor-2] WARN  server.GrpcLogAppender (LogUtils.java:warn(134)) - 9c318cf7-b60a-4fbf-bf89-edd5e8cfab55@group-CE40E4357BCC->f658ebac-deb2-49b4-9f10-33c653d96c5d-AppendLogResponseHandler: Failed appendEntries: org.apache.ratis.thirdparty.io.grpc.StatusRuntimeException: UNAVAILABLE: io exception
2019-10-03 21:11:45,493 [grpc-default-executor-4] INFO  impl.FollowerInfo (FollowerInfo.java:lambda$new$0(51)) - 9c318cf7-b60a-4fbf-bf89-edd5e8cfab55@group-CE40E4357BCC->7c505e6a-9687-4d94-9068-e6b7950a282c: nextIndex: updateUnconditionally 0 -> 0
2019-10-03 21:11:45,493 [grpc-default-executor-2] INFO  impl.FollowerInfo (FollowerInfo.java:lambda$new$0(51)) - 9c318cf7-b60a-4fbf-bf89-edd5e8cfab55@group-CE40E4357BCC->f658ebac-deb2-49b4-9f10-33c653d96c5d: nextIndex: updateUnconditionally 0 -> 0
2019-10-03 21:11:47,994 [grpc-default-executor-2] WARN  server.GrpcLogAppender (LogUtils.java:warn(134)) - 9c318cf7-b60a-4fbf-bf89-edd5e8cfab55@group-CE40E4357BCC->f658ebac-deb2-49b4-9f10-33c653d96c5d-AppendLogResponseHandler: Failed appendEntries: org.apache.ratis.thirdparty.io.grpc.StatusRuntimeException: UNAVAILABLE: io exception
2019-10-03 21:11:47,994 [grpc-default-executor-4] WARN  server.GrpcLogAppender (LogUtils.java:warn(134)) - 9c318cf7-b60a-4fbf-bf89-edd5e8cfab55@group-CE40E4357BCC->7c505e6a-9687-4d94-9068-e6b7950a282c-AppendLogResponseHandler: Failed appendEntries: org.apache.ratis.thirdparty.io.grpc.StatusRuntimeException: UNAVAILABLE: io exception
2019-10-03 21:11:47,995 [grpc-default-executor-2] INFO  impl.FollowerInfo (FollowerInfo.java:lambda$new$0(51)) - 9c318cf7-b60a-4fbf-bf89-edd5e8cfab55@group-CE40E4357BCC->f658ebac-deb2-49b4-9f10-33c653d96c5d: nextIndex: updateUnconditionally 0 -> 0
2019-10-03 21:11:47,995 [grpc-default-executor-4] INFO  impl.FollowerInfo (FollowerInfo.java:lambda$new$0(51)) - 9c318cf7-b60a-4fbf-bf89-edd5e8cfab55@group-CE40E4357BCC->7c505e6a-9687-4d94-9068-e6b7950a282c: nextIndex: updateUnconditionally 0 -> 0
2019-10-03 21:11:48,419 [main] WARN  scm.XceiverClientRatis (XceiverClientRatis.java:watchForCommit(292)) - 3 way commit failed on pipeline Pipeline[ Id: a37241db-fe47-4840-8058-ce40e4357bcc, Nodes: f658ebac-deb2-49b4-9f10-33c653d96c5d{ip: 192.168.30.42, host: pr-hdds-2225-n29jj-1390324493, networkLocation: /default-rack, certSerialId: null}7c505e6a-9687-4d94-9068-e6b7950a282c{ip: 192.168.30.42, host: pr-hdds-2225-n29jj-1390324493, networkLocation: /default-rack, certSerialId: null}9c318cf7-b60a-4fbf-bf89-edd5e8cfab55{ip: 192.168.30.42, host: pr-hdds-2225-n29jj-1390324493, networkLocation: /default-rack, certSerialId: null}, Type:RATIS, Factor:THREE, State:OPEN]
java.util.concurrent.TimeoutException
	at java.util.concurrent.CompletableFuture.timedGet(CompletableFuture.java:1771)
	at java.util.concurrent.CompletableFuture.get(CompletableFuture.java:1915)
	at org.apache.hadoop.hdds.scm.XceiverClientRatis.watchForCommit(XceiverClientRatis.java:289)
	at org.apache.hadoop.ozone.client.rpc.TestWatchForCommit.testWatchForCommitForRetryfailure(TestWatchForCommit.java:345)
	at sun.reflect.NativeMethodAccessorImpl.invoke0(Native Method)
	at sun.reflect.NativeMethodAccessorImpl.invoke(NativeMethodAccessorImpl.java:62)
	at sun.reflect.DelegatingMethodAccessorImpl.invoke(DelegatingMethodAccessorImpl.java:43)
	at java.lang.reflect.Method.invoke(Method.java:498)
	at org.junit.runners.model.FrameworkMethod$1.runReflectiveCall(FrameworkMethod.java:47)
	at org.junit.internal.runners.model.ReflectiveCallable.run(ReflectiveCallable.java:12)
	at org.junit.runners.model.FrameworkMethod.invokeExplosively(FrameworkMethod.java:44)
	at org.junit.internal.runners.statements.InvokeMethod.evaluate(InvokeMethod.java:17)
	at org.junit.runners.ParentRunner.runLeaf(ParentRunner.java:271)
	at org.junit.runners.BlockJUnit4ClassRunner.runChild(BlockJUnit4ClassRunner.java:70)
	at org.junit.runners.BlockJUnit4ClassRunner.runChild(BlockJUnit4ClassRunner.java:50)
	at org.junit.runners.ParentRunner$3.run(ParentRunner.java:238)
	at org.junit.runners.ParentRunner$1.schedule(ParentRunner.java:63)
	at org.junit.runners.ParentRunner.runChildren(ParentRunner.java:236)
	at org.junit.runners.ParentRunner.access$000(ParentRunner.java:53)
	at org.junit.runners.ParentRunner$2.evaluate(ParentRunner.java:229)
	at org.junit.runners.ParentRunner.run(ParentRunner.java:309)
	at org.apache.maven.surefire.junit4.JUnit4Provider.execute(JUnit4Provider.java:365)
	at org.apache.maven.surefire.junit4.JUnit4Provider.executeWithRerun(JUnit4Provider.java:273)
	at org.apache.maven.surefire.junit4.JUnit4Provider.executeTestSet(JUnit4Provider.java:238)
	at org.apache.maven.surefire.junit4.JUnit4Provider.invoke(JUnit4Provider.java:159)
	at org.apache.maven.surefire.booter.ForkedBooter.invokeProviderInSameClassLoader(ForkedBooter.java:384)
	at org.apache.maven.surefire.booter.ForkedBooter.runSuitesInProcess(ForkedBooter.java:345)
	at org.apache.maven.surefire.booter.ForkedBooter.execute(ForkedBooter.java:126)
	at org.apache.maven.surefire.booter.ForkedBooter.main(ForkedBooter.java:418)
2019-10-03 21:11:49,563 [Thread-1638] INFO  client.GrpcClientProtocolService (GrpcClientProtocolService.java:lambda$processClientRequest$0(278)) - Failed RaftClientRequest:client-AAE816283FA1->9c318cf7-b60a-4fbf-bf89-edd5e8cfab55@group-CE40E4357BCC, cid=67, seq=0, Watch-ALL_COMMITTED(18), Message:<EMPTY>, reply=RaftClientReply:client-AAE816283FA1->9c318cf7-b60a-4fbf-bf89-edd5e8cfab55@group-CE40E4357BCC, cid=67, FAILED org.apache.ratis.protocol.NotReplicatedException: Request with call Id 67 and log index 18 is not yet replicated to ALL_COMMITTED, logIndex=18, commits[9c318cf7-b60a-4fbf-bf89-edd5e8cfab55:c2, 7c505e6a-9687-4d94-9068-e6b7950a282c:c2, f658ebac-deb2-49b4-9f10-33c653d96c5d:c2]
2019-10-03 21:11:50,493 [grpc-default-executor-3] WARN  server.GrpcLogAppender (LogUtils.java:warn(134)) - 9c318cf7-b60a-4fbf-bf89-edd5e8cfab55@group-CE40E4357BCC->7c505e6a-9687-4d94-9068-e6b7950a282c-AppendLogResponseHandler: Failed appendEntries: org.apache.ratis.thirdparty.io.grpc.StatusRuntimeException: UNAVAILABLE: io exception
2019-10-03 21:11:50,493 [grpc-default-executor-7] WARN  server.GrpcLogAppender (LogUtils.java:warn(134)) - 9c318cf7-b60a-4fbf-bf89-edd5e8cfab55@group-CE40E4357BCC->f658ebac-deb2-49b4-9f10-33c653d96c5d-AppendLogResponseHandler: Failed appendEntries: org.apache.ratis.thirdparty.io.grpc.StatusRuntimeException: UNAVAILABLE: io exception
2019-10-03 21:11:50,494 [grpc-default-executor-3] INFO  impl.FollowerInfo (FollowerInfo.java:lambda$new$0(51)) - 9c318cf7-b60a-4fbf-bf89-edd5e8cfab55@group-CE40E4357BCC->7c505e6a-9687-4d94-9068-e6b7950a282c: nextIndex: updateUnconditionally 0 -> 0
2019-10-03 21:11:50,494 [grpc-default-executor-7] INFO  impl.FollowerInfo (FollowerInfo.java:lambda$new$0(51)) - 9c318cf7-b60a-4fbf-bf89-edd5e8cfab55@group-CE40E4357BCC->f658ebac-deb2-49b4-9f10-33c653d96c5d: nextIndex: updateUnconditionally 0 -> 0
2019-10-03 21:11:52,999 [grpc-default-executor-0] WARN  server.GrpcLogAppender (LogUtils.java:warn(134)) - 9c318cf7-b60a-4fbf-bf89-edd5e8cfab55@group-CE40E4357BCC->f658ebac-deb2-49b4-9f10-33c653d96c5d-AppendLogResponseHandler: Failed appendEntries: org.apache.ratis.thirdparty.io.grpc.StatusRuntimeException: UNAVAILABLE: io exception
2019-10-03 21:11:52,999 [grpc-default-executor-3] WARN  server.GrpcLogAppender (LogUtils.java:warn(134)) - 9c318cf7-b60a-4fbf-bf89-edd5e8cfab55@group-CE40E4357BCC->7c505e6a-9687-4d94-9068-e6b7950a282c-AppendLogResponseHandler: Failed appendEntries: org.apache.ratis.thirdparty.io.grpc.StatusRuntimeException: UNAVAILABLE: io exception
2019-10-03 21:11:53,000 [grpc-default-executor-0] INFO  impl.FollowerInfo (FollowerInfo.java:lambda$new$0(51)) - 9c318cf7-b60a-4fbf-bf89-edd5e8cfab55@group-CE40E4357BCC->f658ebac-deb2-49b4-9f10-33c653d96c5d: nextIndex: updateUnconditionally 0 -> 0
2019-10-03 21:11:53,000 [grpc-default-executor-3] INFO  impl.FollowerInfo (FollowerInfo.java:lambda$new$0(51)) - 9c318cf7-b60a-4fbf-bf89-edd5e8cfab55@group-CE40E4357BCC->7c505e6a-9687-4d94-9068-e6b7950a282c: nextIndex: updateUnconditionally 0 -> 0
2019-10-03 21:11:55,500 [grpc-default-executor-3] WARN  server.GrpcLogAppender (LogUtils.java:warn(134)) - 9c318cf7-b60a-4fbf-bf89-edd5e8cfab55@group-CE40E4357BCC->f658ebac-deb2-49b4-9f10-33c653d96c5d-AppendLogResponseHandler: Failed appendEntries: org.apache.ratis.thirdparty.io.grpc.StatusRuntimeException: UNAVAILABLE: io exception
2019-10-03 21:11:55,500 [grpc-default-executor-0] WARN  server.GrpcLogAppender (LogUtils.java:warn(134)) - 9c318cf7-b60a-4fbf-bf89-edd5e8cfab55@group-CE40E4357BCC->7c505e6a-9687-4d94-9068-e6b7950a282c-AppendLogResponseHandler: Failed appendEntries: org.apache.ratis.thirdparty.io.grpc.StatusRuntimeException: UNAVAILABLE: io exception
2019-10-03 21:11:55,500 [grpc-default-executor-3] INFO  impl.FollowerInfo (FollowerInfo.java:lambda$new$0(51)) - 9c318cf7-b60a-4fbf-bf89-edd5e8cfab55@group-CE40E4357BCC->f658ebac-deb2-49b4-9f10-33c653d96c5d: nextIndex: updateUnconditionally 0 -> 0
2019-10-03 21:11:55,501 [grpc-default-executor-0] INFO  impl.FollowerInfo (FollowerInfo.java:lambda$new$0(51)) - 9c318cf7-b60a-4fbf-bf89-edd5e8cfab55@group-CE40E4357BCC->7c505e6a-9687-4d94-9068-e6b7950a282c: nextIndex: updateUnconditionally 0 -> 0
2019-10-03 21:11:58,003 [grpc-default-executor-6] WARN  server.GrpcLogAppender (LogUtils.java:warn(134)) - 9c318cf7-b60a-4fbf-bf89-edd5e8cfab55@group-CE40E4357BCC->f658ebac-deb2-49b4-9f10-33c653d96c5d-AppendLogResponseHandler: Failed appendEntries: org.apache.ratis.thirdparty.io.grpc.StatusRuntimeException: UNAVAILABLE: io exception
2019-10-03 21:11:58,003 [grpc-default-executor-2] WARN  server.GrpcLogAppender (LogUtils.java:warn(134)) - 9c318cf7-b60a-4fbf-bf89-edd5e8cfab55@group-CE40E4357BCC->7c505e6a-9687-4d94-9068-e6b7950a282c-AppendLogResponseHandler: Failed appendEntries: org.apache.ratis.thirdparty.io.grpc.StatusRuntimeException: UNAVAILABLE: io exception
2019-10-03 21:11:58,005 [grpc-default-executor-2] INFO  impl.FollowerInfo (FollowerInfo.java:lambda$new$0(51)) - 9c318cf7-b60a-4fbf-bf89-edd5e8cfab55@group-CE40E4357BCC->7c505e6a-9687-4d94-9068-e6b7950a282c: nextIndex: updateUnconditionally 0 -> 0
2019-10-03 21:11:58,005 [grpc-default-executor-6] INFO  impl.FollowerInfo (FollowerInfo.java:lambda$new$0(51)) - 9c318cf7-b60a-4fbf-bf89-edd5e8cfab55@group-CE40E4357BCC->f658ebac-deb2-49b4-9f10-33c653d96c5d: nextIndex: updateUnconditionally 0 -> 0
2019-10-03 21:12:00,501 [grpc-default-executor-2] WARN  server.GrpcLogAppender (LogUtils.java:warn(134)) - 9c318cf7-b60a-4fbf-bf89-edd5e8cfab55@group-CE40E4357BCC->7c505e6a-9687-4d94-9068-e6b7950a282c-AppendLogResponseHandler: Failed appendEntries: org.apache.ratis.thirdparty.io.grpc.StatusRuntimeException: UNAVAILABLE: io exception
2019-10-03 21:12:00,501 [grpc-default-executor-3] WARN  server.GrpcLogAppender (LogUtils.java:warn(134)) - 9c318cf7-b60a-4fbf-bf89-edd5e8cfab55@group-CE40E4357BCC->f658ebac-deb2-49b4-9f10-33c653d96c5d-AppendLogResponseHandler: Failed appendEntries: org.apache.ratis.thirdparty.io.grpc.StatusRuntimeException: UNAVAILABLE: io exception
2019-10-03 21:12:00,502 [grpc-default-executor-2] INFO  impl.FollowerInfo (FollowerInfo.java:lambda$new$0(51)) - 9c318cf7-b60a-4fbf-bf89-edd5e8cfab55@group-CE40E4357BCC->7c505e6a-9687-4d94-9068-e6b7950a282c: nextIndex: updateUnconditionally 0 -> 0
2019-10-03 21:12:00,502 [grpc-default-executor-3] INFO  impl.FollowerInfo (FollowerInfo.java:lambda$new$0(51)) - 9c318cf7-b60a-4fbf-bf89-edd5e8cfab55@group-CE40E4357BCC->f658ebac-deb2-49b4-9f10-33c653d96c5d: nextIndex: updateUnconditionally 0 -> 0
2019-10-03 21:12:00,563 [Thread-1657] INFO  client.GrpcClientProtocolService (GrpcClientProtocolService.java:lambda$processClientRequest$0(278)) - Failed RaftClientRequest:client-AAE816283FA1->9c318cf7-b60a-4fbf-bf89-edd5e8cfab55@group-CE40E4357BCC, cid=68, seq=0, Watch-MAJORITY_COMMITTED(18), Message:<EMPTY>, reply=RaftClientReply:client-AAE816283FA1->9c318cf7-b60a-4fbf-bf89-edd5e8cfab55@group-CE40E4357BCC, cid=68, FAILED org.apache.ratis.protocol.NotReplicatedException: Request with call Id 68 and log index 18 is not yet replicated to MAJORITY_COMMITTED, logIndex=18, commits[9c318cf7-b60a-4fbf-bf89-edd5e8cfab55:c2, 7c505e6a-9687-4d94-9068-e6b7950a282c:c2, f658ebac-deb2-49b4-9f10-33c653d96c5d:c2]
2019-10-03 21:12:00,563 [Thread-1656] INFO  client.GrpcClientProtocolService (GrpcClientProtocolService.java:lambda$processClientRequest$0(278)) - Failed RaftClientRequest:client-AAE816283FA1->9c318cf7-b60a-4fbf-bf89-edd5e8cfab55@group-CE40E4357BCC, cid=67, seq=0, Watch-ALL_COMMITTED(18), Message:<EMPTY>, reply=RaftClientReply:client-AAE816283FA1->9c318cf7-b60a-4fbf-bf89-edd5e8cfab55@group-CE40E4357BCC, cid=67, FAILED org.apache.ratis.protocol.NotReplicatedException: Request with call Id 67 and log index 18 is not yet replicated to ALL_COMMITTED, logIndex=18, commits[9c318cf7-b60a-4fbf-bf89-edd5e8cfab55:c2, 7c505e6a-9687-4d94-9068-e6b7950a282c:c2, f658ebac-deb2-49b4-9f10-33c653d96c5d:c2]
2019-10-03 21:12:03,006 [grpc-default-executor-2] WARN  server.GrpcLogAppender (LogUtils.java:warn(134)) - 9c318cf7-b60a-4fbf-bf89-edd5e8cfab55@group-CE40E4357BCC->7c505e6a-9687-4d94-9068-e6b7950a282c-AppendLogResponseHandler: Failed appendEntries: org.apache.ratis.thirdparty.io.grpc.StatusRuntimeException: UNAVAILABLE: io exception
2019-10-03 21:12:03,006 [grpc-default-executor-0] WARN  server.GrpcLogAppender (LogUtils.java:warn(134)) - 9c318cf7-b60a-4fbf-bf89-edd5e8cfab55@group-CE40E4357BCC->f658ebac-deb2-49b4-9f10-33c653d96c5d-AppendLogResponseHandler: Failed appendEntries: org.apache.ratis.thirdparty.io.grpc.StatusRuntimeException: UNAVAILABLE: io exception
2019-10-03 21:12:03,010 [grpc-default-executor-0] INFO  impl.FollowerInfo (FollowerInfo.java:lambda$new$0(51)) - 9c318cf7-b60a-4fbf-bf89-edd5e8cfab55@group-CE40E4357BCC->f658ebac-deb2-49b4-9f10-33c653d96c5d: nextIndex: updateUnconditionally 0 -> 0
2019-10-03 21:12:03,010 [grpc-default-executor-2] INFO  impl.FollowerInfo (FollowerInfo.java:lambda$new$0(51)) - 9c318cf7-b60a-4fbf-bf89-edd5e8cfab55@group-CE40E4357BCC->7c505e6a-9687-4d94-9068-e6b7950a282c: nextIndex: updateUnconditionally 0 -> 0
2019-10-03 21:12:05,509 [grpc-default-executor-0] WARN  server.GrpcLogAppender (LogUtils.java:warn(134)) - 9c318cf7-b60a-4fbf-bf89-edd5e8cfab55@group-CE40E4357BCC->f658ebac-deb2-49b4-9f10-33c653d96c5d-AppendLogResponseHandler: Failed appendEntries: org.apache.ratis.thirdparty.io.grpc.StatusRuntimeException: UNAVAILABLE: io exception
2019-10-03 21:12:05,509 [grpc-default-executor-2] WARN  server.GrpcLogAppender (LogUtils.java:warn(134)) - 9c318cf7-b60a-4fbf-bf89-edd5e8cfab55@group-CE40E4357BCC->7c505e6a-9687-4d94-9068-e6b7950a282c-AppendLogResponseHandler: Failed appendEntries: org.apache.ratis.thirdparty.io.grpc.StatusRuntimeException: UNAVAILABLE: io exception
2019-10-03 21:12:05,510 [grpc-default-executor-0] INFO  impl.FollowerInfo (FollowerInfo.java:lambda$new$0(51)) - 9c318cf7-b60a-4fbf-bf89-edd5e8cfab55@group-CE40E4357BCC->f658ebac-deb2-49b4-9f10-33c653d96c5d: nextIndex: updateUnconditionally 0 -> 0
2019-10-03 21:12:05,510 [grpc-default-executor-2] INFO  impl.FollowerInfo (FollowerInfo.java:lambda$new$0(51)) - 9c318cf7-b60a-4fbf-bf89-edd5e8cfab55@group-CE40E4357BCC->7c505e6a-9687-4d94-9068-e6b7950a282c: nextIndex: updateUnconditionally 0 -> 0
2019-10-03 21:12:08,009 [grpc-default-executor-2] WARN  server.GrpcLogAppender (LogUtils.java:warn(134)) - 9c318cf7-b60a-4fbf-bf89-edd5e8cfab55@group-CE40E4357BCC->f658ebac-deb2-49b4-9f10-33c653d96c5d-AppendLogResponseHandler: Failed appendEntries: org.apache.ratis.thirdparty.io.grpc.StatusRuntimeException: UNAVAILABLE: io exception
2019-10-03 21:12:08,009 [grpc-default-executor-0] WARN  server.GrpcLogAppender (LogUtils.java:warn(134)) - 9c318cf7-b60a-4fbf-bf89-edd5e8cfab55@group-CE40E4357BCC->7c505e6a-9687-4d94-9068-e6b7950a282c-AppendLogResponseHandler: Failed appendEntries: org.apache.ratis.thirdparty.io.grpc.StatusRuntimeException: UNAVAILABLE: io exception
2019-10-03 21:12:08,009 [grpc-default-executor-2] INFO  impl.FollowerInfo (FollowerInfo.java:lambda$new$0(51)) - 9c318cf7-b60a-4fbf-bf89-edd5e8cfab55@group-CE40E4357BCC->f658ebac-deb2-49b4-9f10-33c653d96c5d: nextIndex: updateUnconditionally 0 -> 0
2019-10-03 21:12:08,010 [grpc-default-executor-0] INFO  impl.FollowerInfo (FollowerInfo.java:lambda$new$0(51)) - 9c318cf7-b60a-4fbf-bf89-edd5e8cfab55@group-CE40E4357BCC->7c505e6a-9687-4d94-9068-e6b7950a282c: nextIndex: updateUnconditionally 0 -> 0
]]></system-out>
    <system-err><![CDATA[Oct 03, 2019 9:11:23 PM org.apache.ratis.thirdparty.io.grpc.internal.SerializingExecutor run
SEVERE: Exception while executing runnable org.apache.ratis.thirdparty.io.grpc.internal.ServerImpl$JumpToApplicationThreadServerStreamListener$1Closed@5e259273
org.apache.ratis.thirdparty.io.grpc.StatusRuntimeException: CANCELLED: call already cancelled
	at org.apache.ratis.thirdparty.io.grpc.Status.asRuntimeException(Status.java:517)
	at org.apache.ratis.thirdparty.io.grpc.stub.ServerCalls$ServerCallStreamObserverImpl.onCompleted(ServerCalls.java:356)
	at org.apache.ratis.grpc.server.GrpcServerProtocolService$ServerRequestStreamObserver.onError(GrpcServerProtocolService.java:121)
	at org.apache.ratis.thirdparty.io.grpc.stub.ServerCalls$StreamingServerCallHandler$StreamingServerCallListener.onCancel(ServerCalls.java:269)
	at org.apache.ratis.thirdparty.io.grpc.internal.ServerCallImpl$ServerStreamListenerImpl.closed(ServerCallImpl.java:293)
	at org.apache.ratis.thirdparty.io.grpc.internal.ServerImpl$JumpToApplicationThreadServerStreamListener$1Closed.runInContext(ServerImpl.java:741)
	at org.apache.ratis.thirdparty.io.grpc.internal.ContextRunnable.run(ContextRunnable.java:37)
	at org.apache.ratis.thirdparty.io.grpc.internal.SerializingExecutor.run(SerializingExecutor.java:123)
	at java.util.concurrent.ThreadPoolExecutor.runWorker(ThreadPoolExecutor.java:1149)
	at java.util.concurrent.ThreadPoolExecutor$Worker.run(ThreadPoolExecutor.java:624)
	at java.lang.Thread.run(Thread.java:748)

Oct 03, 2019 9:11:28 PM org.apache.ratis.thirdparty.io.grpc.internal.SerializingExecutor run
SEVERE: Exception while executing runnable org.apache.ratis.thirdparty.io.grpc.internal.ServerImpl$JumpToApplicationThreadServerStreamListener$1Closed@566a9122
org.apache.ratis.thirdparty.io.grpc.StatusRuntimeException: CANCELLED: call already cancelled
	at org.apache.ratis.thirdparty.io.grpc.Status.asRuntimeException(Status.java:517)
	at org.apache.ratis.thirdparty.io.grpc.stub.ServerCalls$ServerCallStreamObserverImpl.onCompleted(ServerCalls.java:356)
	at org.apache.ratis.grpc.server.GrpcServerProtocolService$ServerRequestStreamObserver.onError(GrpcServerProtocolService.java:121)
	at org.apache.ratis.thirdparty.io.grpc.stub.ServerCalls$StreamingServerCallHandler$StreamingServerCallListener.onCancel(ServerCalls.java:269)
	at org.apache.ratis.thirdparty.io.grpc.internal.ServerCallImpl$ServerStreamListenerImpl.closed(ServerCallImpl.java:293)
	at org.apache.ratis.thirdparty.io.grpc.internal.ServerImpl$JumpToApplicationThreadServerStreamListener$1Closed.runInContext(ServerImpl.java:741)
	at org.apache.ratis.thirdparty.io.grpc.internal.ContextRunnable.run(ContextRunnable.java:37)
	at org.apache.ratis.thirdparty.io.grpc.internal.SerializingExecutor.run(SerializingExecutor.java:123)
	at java.util.concurrent.ThreadPoolExecutor.runWorker(ThreadPoolExecutor.java:1149)
	at java.util.concurrent.ThreadPoolExecutor$Worker.run(ThreadPoolExecutor.java:624)
	at java.lang.Thread.run(Thread.java:748)

]]></system-err>
  </testcase>
  <testcase name="testWatchForCommitForGroupMismatchException" classname="org.apache.hadoop.ozone.client.rpc.TestWatchForCommit" time="44.163"/>
  <testcase name="test2WayCommitForTimeoutException" classname="org.apache.hadoop.ozone.client.rpc.TestWatchForCommit" time="27.758">
    <error message="org.apache.ratis.protocol.RaftRetryFailureException: Failed RaftClientRequest:client-F28E96949F6A-&gt;b895b4bc-e49d-40c9-b477-965546349b55@group-613C9AF13EBF, cid=104, seq=2*, RW, org.apache.hadoop.hdds.scm.XceiverClientRatis$$Lambda$527/108333023@1845145d for 20 attempts with RetryLimited(maxAttempts=20, sleepTime=1000ms)" type="java.util.concurrent.ExecutionException">java.util.concurrent.ExecutionException: org.apache.ratis.protocol.RaftRetryFailureException: Failed RaftClientRequest:client-F28E96949F6A->b895b4bc-e49d-40c9-b477-965546349b55@group-613C9AF13EBF, cid=104, seq=2*, RW, org.apache.hadoop.hdds.scm.XceiverClientRatis$$Lambda$527/108333023@1845145d for 20 attempts with RetryLimited(maxAttempts=20, sleepTime=1000ms)
	at java.util.concurrent.CompletableFuture.reportGet(CompletableFuture.java:357)
	at java.util.concurrent.CompletableFuture.get(CompletableFuture.java:1895)
	at org.apache.hadoop.ozone.client.rpc.TestWatchForCommit.test2WayCommitForTimeoutException(TestWatchForCommit.java:390)
	at sun.reflect.NativeMethodAccessorImpl.invoke0(Native Method)
	at sun.reflect.NativeMethodAccessorImpl.invoke(NativeMethodAccessorImpl.java:62)
	at sun.reflect.DelegatingMethodAccessorImpl.invoke(DelegatingMethodAccessorImpl.java:43)
	at java.lang.reflect.Method.invoke(Method.java:498)
	at org.junit.runners.model.FrameworkMethod$1.runReflectiveCall(FrameworkMethod.java:47)
	at org.junit.internal.runners.model.ReflectiveCallable.run(ReflectiveCallable.java:12)
	at org.junit.runners.model.FrameworkMethod.invokeExplosively(FrameworkMethod.java:44)
	at org.junit.internal.runners.statements.InvokeMethod.evaluate(InvokeMethod.java:17)
	at org.junit.runners.ParentRunner.runLeaf(ParentRunner.java:271)
	at org.junit.runners.BlockJUnit4ClassRunner.runChild(BlockJUnit4ClassRunner.java:70)
	at org.junit.runners.BlockJUnit4ClassRunner.runChild(BlockJUnit4ClassRunner.java:50)
	at org.junit.runners.ParentRunner$3.run(ParentRunner.java:238)
	at org.junit.runners.ParentRunner$1.schedule(ParentRunner.java:63)
	at org.junit.runners.ParentRunner.runChildren(ParentRunner.java:236)
	at org.junit.runners.ParentRunner.access$000(ParentRunner.java:53)
	at org.junit.runners.ParentRunner$2.evaluate(ParentRunner.java:229)
	at org.junit.runners.ParentRunner.run(ParentRunner.java:309)
	at org.apache.maven.surefire.junit4.JUnit4Provider.execute(JUnit4Provider.java:365)
	at org.apache.maven.surefire.junit4.JUnit4Provider.executeWithRerun(JUnit4Provider.java:273)
	at org.apache.maven.surefire.junit4.JUnit4Provider.executeTestSet(JUnit4Provider.java:238)
	at org.apache.maven.surefire.junit4.JUnit4Provider.invoke(JUnit4Provider.java:159)
	at org.apache.maven.surefire.booter.ForkedBooter.invokeProviderInSameClassLoader(ForkedBooter.java:384)
	at org.apache.maven.surefire.booter.ForkedBooter.runSuitesInProcess(ForkedBooter.java:345)
	at org.apache.maven.surefire.booter.ForkedBooter.execute(ForkedBooter.java:126)
	at org.apache.maven.surefire.booter.ForkedBooter.main(ForkedBooter.java:418)
Caused by: org.apache.ratis.protocol.RaftRetryFailureException: Failed RaftClientRequest:client-F28E96949F6A->b895b4bc-e49d-40c9-b477-965546349b55@group-613C9AF13EBF, cid=104, seq=2*, RW, org.apache.hadoop.hdds.scm.XceiverClientRatis$$Lambda$527/108333023@1845145d for 20 attempts with RetryLimited(maxAttempts=20, sleepTime=1000ms)
	at org.apache.ratis.client.impl.RaftClientImpl.noMoreRetries(RaftClientImpl.java:271)
	at org.apache.ratis.client.impl.OrderedAsync.handleAsyncRetryFailure(OrderedAsync.java:138)
	at org.apache.ratis.client.impl.OrderedAsync.lambda$sendRequest$10(OrderedAsync.java:230)
	at java.util.concurrent.CompletableFuture.uniExceptionally(CompletableFuture.java:870)
	at java.util.concurrent.CompletableFuture$UniExceptionally.tryFire(CompletableFuture.java:852)
	at java.util.concurrent.CompletableFuture.postComplete(CompletableFuture.java:474)
	at java.util.concurrent.CompletableFuture.completeExceptionally(CompletableFuture.java:1977)
	at org.apache.ratis.grpc.client.GrpcClientProtocolClient$AsyncStreamObservers.completeReplyExceptionally(GrpcClientProtocolClient.java:345)
	at org.apache.ratis.grpc.client.GrpcClientProtocolClient$AsyncStreamObservers.access$000(GrpcClientProtocolClient.java:261)
	at org.apache.ratis.grpc.client.GrpcClientProtocolClient$AsyncStreamObservers$1.onNext(GrpcClientProtocolClient.java:273)
	at org.apache.ratis.grpc.client.GrpcClientProtocolClient$AsyncStreamObservers$1.onNext(GrpcClientProtocolClient.java:264)
	at org.apache.ratis.thirdparty.io.grpc.stub.ClientCalls$StreamObserverToCallListenerAdapter.onMessage(ClientCalls.java:421)
	at org.apache.ratis.thirdparty.io.grpc.ForwardingClientCallListener.onMessage(ForwardingClientCallListener.java:33)
	at org.apache.ratis.thirdparty.io.grpc.ForwardingClientCallListener.onMessage(ForwardingClientCallListener.java:33)
	at org.apache.ratis.thirdparty.io.grpc.internal.ClientCallImpl$ClientStreamListenerImpl$1MessagesAvailable.runInContext(ClientCallImpl.java:519)
	at org.apache.ratis.thirdparty.io.grpc.internal.ContextRunnable.run(ContextRunnable.java:37)
	at org.apache.ratis.thirdparty.io.grpc.internal.SerializingExecutor.run(SerializingExecutor.java:123)
	at java.util.concurrent.ThreadPoolExecutor.runWorker(ThreadPoolExecutor.java:1149)
	at java.util.concurrent.ThreadPoolExecutor$Worker.run(ThreadPoolExecutor.java:624)
	at java.lang.Thread.run(Thread.java:748)
Caused by: org.apache.ratis.protocol.NotLeaderException: Server b895b4bc-e49d-40c9-b477-965546349b55@group-613C9AF13EBF is not the leader 9ee94575-1721-463e-98a9-5d43f914c816:192.168.30.42:33263
	at org.apache.ratis.client.impl.ClientProtoUtils.toRaftClientReply(ClientProtoUtils.java:243)
	at org.apache.ratis.grpc.client.GrpcClientProtocolClient$AsyncStreamObservers$1.onNext(GrpcClientProtocolClient.java:269)
	... 10 more
</error>
    <system-out><![CDATA[2019-10-03 21:12:52,620 [main] WARN  server.ServerUtils (ServerUtils.java:getScmDbDir(145)) - ozone.scm.db.dirs is not configured. We recommend adding this setting. Falling back to ozone.metadata.dirs instead.
2019-10-03 21:12:52,645 [main] WARN  server.ServerUtils (ServerUtils.java:getScmDbDir(145)) - ozone.scm.db.dirs is not configured. We recommend adding this setting. Falling back to ozone.metadata.dirs instead.
2019-10-03 21:12:52,646 [main] WARN  server.ServerUtils (ServerUtils.java:getScmDbDir(145)) - ozone.scm.db.dirs is not configured. We recommend adding this setting. Falling back to ozone.metadata.dirs instead.
2019-10-03 21:12:52,646 [main] INFO  db.DBStoreBuilder (DBStoreBuilder.java:addTable(110)) - using custom profile for table: deletedBlocks
2019-10-03 21:12:52,646 [main] INFO  db.DBStoreBuilder (DBStoreBuilder.java:processTables(161)) - Using default column profile:DBProfile.DISK for Table:deletedBlocks
2019-10-03 21:12:52,647 [main] INFO  db.DBStoreBuilder (DBStoreBuilder.java:addTable(110)) - using custom profile for table: validCerts
2019-10-03 21:12:52,647 [main] INFO  db.DBStoreBuilder (DBStoreBuilder.java:processTables(161)) - Using default column profile:DBProfile.DISK for Table:validCerts
2019-10-03 21:12:52,647 [main] INFO  db.DBStoreBuilder (DBStoreBuilder.java:addTable(110)) - using custom profile for table: revokedCerts
2019-10-03 21:12:52,647 [main] INFO  db.DBStoreBuilder (DBStoreBuilder.java:processTables(161)) - Using default column profile:DBProfile.DISK for Table:revokedCerts
2019-10-03 21:12:52,648 [main] INFO  db.DBStoreBuilder (DBStoreBuilder.java:addTable(110)) - using custom profile for table: default
2019-10-03 21:12:52,648 [main] INFO  db.DBStoreBuilder (DBStoreBuilder.java:processTables(167)) - Using default column profile:DBProfile.DISK for Table:default
2019-10-03 21:12:52,648 [main] INFO  db.DBStoreBuilder (DBStoreBuilder.java:getDbProfile(198)) - Using default options. DBProfile.DISK
2019-10-03 21:12:52,913 [main] INFO  net.NodeSchemaLoader (NodeSchemaLoader.java:loadSchemaFromFile(125)) - Loading file from sun.misc.CompoundEnumeration@5e85c21b
2019-10-03 21:12:52,913 [main] INFO  net.NodeSchemaLoader (NodeSchemaLoader.java:loadSchema(171)) - Loading network topology layer schema file
2019-10-03 21:12:52,921 [main] WARN  server.ServerUtils (ServerUtils.java:sanitizeUserArgs(70)) - ozone.scm.stale.node.interval value = 300000 is larger than max = 100000 based on the key value of ozone.scm.heartbeat.thread.interval, reset to the max value 100000.
2019-10-03 21:12:52,921 [main] WARN  server.ServerUtils (ServerUtils.java:sanitizeUserArgs(70)) - ozone.scm.stale.node.interval value = 300000 is larger than max = 100000 based on the key value of ozone.scm.heartbeat.thread.interval, reset to the max value 100000.
2019-10-03 21:12:52,922 [main] INFO  node.SCMNodeManager (SCMNodeManager.java:<init>(114)) - Entering startup safe mode.
2019-10-03 21:12:52,923 [main] INFO  algorithms.ContainerPlacementPolicyFactory (ContainerPlacementPolicyFactory.java:getPolicy(57)) - Create container placement policy of type org.apache.hadoop.hdds.scm.container.placement.algorithms.SCMContainerPlacementRandom
2019-10-03 21:12:52,923 [main] WARN  server.ServerUtils (ServerUtils.java:getScmDbDir(145)) - ozone.scm.db.dirs is not configured. We recommend adding this setting. Falling back to ozone.metadata.dirs instead.
2019-10-03 21:12:53,018 [main] INFO  pipeline.SCMPipelineManager (SCMPipelineManager.java:initializePipelineState(132)) - No pipeline exists in current db
2019-10-03 21:12:53,018 [main] WARN  server.ServerUtils (ServerUtils.java:getScmDbDir(145)) - ozone.scm.db.dirs is not configured. We recommend adding this setting. Falling back to ozone.metadata.dirs instead.
2019-10-03 21:12:53,032 [grpc-default-executor-0] WARN  server.GrpcLogAppender (LogUtils.java:warn(134)) - 9c318cf7-b60a-4fbf-bf89-edd5e8cfab55@group-CE40E4357BCC->f658ebac-deb2-49b4-9f10-33c653d96c5d-AppendLogResponseHandler: Failed appendEntries: org.apache.ratis.thirdparty.io.grpc.StatusRuntimeException: UNAVAILABLE: io exception
2019-10-03 21:12:53,032 [grpc-default-executor-2] WARN  server.GrpcLogAppender (LogUtils.java:warn(134)) - 9c318cf7-b60a-4fbf-bf89-edd5e8cfab55@group-CE40E4357BCC->7c505e6a-9687-4d94-9068-e6b7950a282c-AppendLogResponseHandler: Failed appendEntries: org.apache.ratis.thirdparty.io.grpc.StatusRuntimeException: UNAVAILABLE: io exception
2019-10-03 21:12:53,033 [grpc-default-executor-0] INFO  impl.FollowerInfo (FollowerInfo.java:lambda$new$0(51)) - 9c318cf7-b60a-4fbf-bf89-edd5e8cfab55@group-CE40E4357BCC->f658ebac-deb2-49b4-9f10-33c653d96c5d: nextIndex: updateUnconditionally 0 -> 0
2019-10-03 21:12:53,033 [grpc-default-executor-2] INFO  impl.FollowerInfo (FollowerInfo.java:lambda$new$0(51)) - 9c318cf7-b60a-4fbf-bf89-edd5e8cfab55@group-CE40E4357BCC->7c505e6a-9687-4d94-9068-e6b7950a282c: nextIndex: updateUnconditionally 0 -> 0
2019-10-03 21:12:53,121 [main] WARN  events.EventQueue (EventQueue.java:fireEvent(183)) - No event handler registered for event TypedEvent{payloadType=SafeModeStatus, name='SafeModeStatus'}
2019-10-03 21:12:53,123 [main] INFO  ipc.CallQueueManager (CallQueueManager.java:<init>(84)) - Using callQueue: class java.util.concurrent.LinkedBlockingQueue, queueCapacity: 2000, scheduler: class org.apache.hadoop.ipc.DefaultRpcScheduler, ipcBackoff: false.
2019-10-03 21:12:53,124 [Socket Reader #1 for port 33382] INFO  ipc.Server (Server.java:run(1074)) - Starting Socket Reader #1 for port 33382
2019-10-03 21:12:53,129 [main] INFO  ipc.CallQueueManager (CallQueueManager.java:<init>(84)) - Using callQueue: class java.util.concurrent.LinkedBlockingQueue, queueCapacity: 2000, scheduler: class org.apache.hadoop.ipc.DefaultRpcScheduler, ipcBackoff: false.
2019-10-03 21:12:53,130 [Socket Reader #1 for port 41867] INFO  ipc.Server (Server.java:run(1074)) - Starting Socket Reader #1 for port 41867
2019-10-03 21:12:53,132 [main] INFO  ipc.CallQueueManager (CallQueueManager.java:<init>(84)) - Using callQueue: class java.util.concurrent.LinkedBlockingQueue, queueCapacity: 2000, scheduler: class org.apache.hadoop.ipc.DefaultRpcScheduler, ipcBackoff: false.
2019-10-03 21:12:53,133 [Socket Reader #1 for port 42838] INFO  ipc.Server (Server.java:run(1074)) - Starting Socket Reader #1 for port 42838
2019-10-03 21:12:53,138 [main] INFO  hdfs.DFSUtil (DFSUtil.java:httpServerTemplateForNNAndJN(1641)) - Starting Web-server for scm at: http://0.0.0.0:0
2019-10-03 21:12:53,140 [main] INFO  server.AuthenticationFilter (AuthenticationFilter.java:constructSecretProvider(240)) - Unable to initialize FileSignerSecretProvider, falling back to use random secrets.
2019-10-03 21:12:53,141 [main] WARN  http.HttpRequestLog (HttpRequestLog.java:getRequestLog(97)) - Jetty request log can only be enabled using Log4j
2019-10-03 21:12:53,143 [main] INFO  http.HttpServer2 (HttpServer2.java:addGlobalFilter(975)) - Added global filter 'safety' (class=org.apache.hadoop.http.HttpServer2$QuotingInputFilter)
2019-10-03 21:12:53,143 [main] INFO  http.HttpServer2 (HttpServer2.java:addFilter(948)) - Added filter static_user_filter (class=org.apache.hadoop.http.lib.StaticUserWebFilter$StaticUserFilter) to context scm
2019-10-03 21:12:53,144 [main] INFO  http.HttpServer2 (HttpServer2.java:addFilter(958)) - Added filter static_user_filter (class=org.apache.hadoop.http.lib.StaticUserWebFilter$StaticUserFilter) to context static
2019-10-03 21:12:53,144 [main] INFO  http.HttpServer2 (HttpServer2.java:addFilter(958)) - Added filter static_user_filter (class=org.apache.hadoop.http.lib.StaticUserWebFilter$StaticUserFilter) to context logs
2019-10-03 21:12:53,146 [main] INFO  server.StorageContainerManager (StorageContainerManager.java:start(770)) - StorageContainerLocationProtocol RPC server is listening at /0.0.0.0:42838
2019-10-03 21:12:53,148 [main] WARN  impl.MetricsConfig (MetricsConfig.java:loadFirst(134)) - Cannot locate configuration: tried hadoop-metrics2-storagecontainermanager.properties,hadoop-metrics2.properties
2019-10-03 21:12:53,149 [main] INFO  impl.MetricsSystemImpl (MetricsSystemImpl.java:startTimer(374)) - Scheduled Metric snapshot period at 10 second(s).
2019-10-03 21:12:53,149 [main] INFO  impl.MetricsSystemImpl (MetricsSystemImpl.java:start(191)) - StorageContainerManager metrics system started
2019-10-03 21:12:53,428 [main] WARN  impl.MetricsSystemImpl (MetricsSystemImpl.java:register(276)) - Sink prometheus already exists!
2019-10-03 21:12:53,708 [main] INFO  server.SCMClientProtocolServer (SCMClientProtocolServer.java:start(159)) - RPC server for Client  is listening at /0.0.0.0:42838
2019-10-03 21:12:53,708 [IPC Server Responder] INFO  ipc.Server (Server.java:run(1314)) - IPC Server Responder: starting
2019-10-03 21:12:53,708 [IPC Server listener on 42838] INFO  ipc.Server (Server.java:run(1153)) - IPC Server listener on 42838: starting
2019-10-03 21:12:53,719 [main] INFO  server.StorageContainerManager (StorageContainerManager.java:start(780)) - ScmBlockLocationProtocol RPC server is listening at /0.0.0.0:41867
2019-10-03 21:12:53,719 [main] INFO  server.SCMBlockProtocolServer (SCMBlockProtocolServer.java:start(146)) - RPC server for Block Protocol is listening at /0.0.0.0:41867
2019-10-03 21:12:53,719 [IPC Server Responder] INFO  ipc.Server (Server.java:run(1314)) - IPC Server Responder: starting
2019-10-03 21:12:53,719 [IPC Server listener on 41867] INFO  ipc.Server (Server.java:run(1153)) - IPC Server listener on 41867: starting
2019-10-03 21:12:53,726 [main] INFO  server.StorageContainerManager (StorageContainerManager.java:start(784)) - ScmDatanodeProtocl RPC server is listening at /0.0.0.0:33382
2019-10-03 21:12:53,729 [main] INFO  server.SCMDatanodeProtocolServer (SCMDatanodeProtocolServer.java:start(169)) - RPC server for DataNodes is listening at /0.0.0.0:33382
2019-10-03 21:12:53,730 [IPC Server Responder] INFO  ipc.Server (Server.java:run(1314)) - IPC Server Responder: starting
2019-10-03 21:12:53,730 [IPC Server listener on 33382] INFO  ipc.Server (Server.java:run(1153)) - IPC Server listener on 33382: starting
2019-10-03 21:12:53,739 [main] INFO  http.HttpServer2 (HttpServer2.java:bindListener(1191)) - Jetty bound to port 41286
2019-10-03 21:12:53,739 [main] INFO  server.Server (Server.java:doStart(351)) - jetty-9.3.25.v20180904, build timestamp: 2018-09-04T21:11:46Z, git hash: 3ce520221d0240229c862b122d2b06c12a625732
2019-10-03 21:12:53,741 [main] INFO  handler.ContextHandler (ContextHandler.java:doStart(781)) - Started o.e.j.s.ServletContextHandler@7e5efcab{/logs,file:///workdir/hadoop-ozone/integration-test/target/log,AVAILABLE}
2019-10-03 21:12:53,741 [main] INFO  handler.ContextHandler (ContextHandler.java:doStart(781)) - Started o.e.j.s.ServletContextHandler@1d2fb82{/static,file:///workdir/hadoop-ozone/integration-test/target/test-classes/webapps/static,AVAILABLE}
2019-10-03 21:12:53,745 [main] INFO  handler.ContextHandler (ContextHandler.java:doStart(781)) - Started o.e.j.w.WebAppContext@24a0c58b{/,file:///workdir/hadoop-ozone/integration-test/target/test-classes/webapps/scm/,AVAILABLE}{/scm}
2019-10-03 21:12:53,746 [main] INFO  server.AbstractConnector (AbstractConnector.java:doStart(278)) - Started ServerConnector@604d28c6{HTTP/1.1,[http/1.1]}{0.0.0.0:41286}
2019-10-03 21:12:53,748 [main] INFO  server.Server (Server.java:doStart(419)) - Started @217840ms
2019-10-03 21:12:53,748 [main] WARN  impl.MetricsSystemImpl (MetricsSystemImpl.java:register(276)) - Sink prometheus already exists!
2019-10-03 21:12:53,750 [main] INFO  server.BaseHttpServer (BaseHttpServer.java:updateConnectorAddress(215)) - HTTP server of SCM is listening at http://0.0.0.0:41286
2019-10-03 21:12:53,751 [main] WARN  server.ServerUtils (ServerUtils.java:getDBPath(222)) - ozone.om.db.dirs is not configured. We recommend adding this setting. Falling back to ozone.metadata.dirs instead.
2019-10-03 21:12:53,753 [org.apache.hadoop.util.JvmPauseMonitor$Monitor@183fc2fa] INFO  util.JvmPauseMonitor (JvmPauseMonitor.java:run(188)) - Starting JVM pause monitor
2019-10-03 21:12:53,778 [main] INFO  ha.OMHANodeDetails (OMHANodeDetails.java:loadOMHAConfig(190)) - Configuration either no ozone.om.address set. Falling back to the default OM address /127.0.0.1:0
2019-10-03 21:12:53,778 [main] INFO  ha.OMHANodeDetails (OMHANodeDetails.java:getOMNodeDetails(220)) - OM Service ID is not set. Setting it to the default ID: omServiceIdDefault
2019-10-03 21:12:53,779 [main] WARN  server.ServerUtils (ServerUtils.java:getDBPath(222)) - ozone.om.db.dirs is not configured. We recommend adding this setting. Falling back to ozone.metadata.dirs instead.
2019-10-03 21:12:53,779 [main] WARN  server.ServerUtils (ServerUtils.java:getDBPath(222)) - ozone.om.db.dirs is not configured. We recommend adding this setting. Falling back to ozone.metadata.dirs instead.
2019-10-03 21:12:53,828 [main] WARN  server.ServerUtils (ServerUtils.java:getDBPath(222)) - ozone.om.db.dirs is not configured. We recommend adding this setting. Falling back to ozone.metadata.dirs instead.
2019-10-03 21:12:53,829 [main] INFO  db.DBStoreBuilder (DBStoreBuilder.java:addTable(110)) - using custom profile for table: userTable
2019-10-03 21:12:53,829 [main] INFO  db.DBStoreBuilder (DBStoreBuilder.java:processTables(161)) - Using default column profile:DBProfile.DISK for Table:userTable
2019-10-03 21:12:53,830 [main] INFO  db.DBStoreBuilder (DBStoreBuilder.java:addTable(110)) - using custom profile for table: volumeTable
2019-10-03 21:12:53,830 [main] INFO  db.DBStoreBuilder (DBStoreBuilder.java:processTables(161)) - Using default column profile:DBProfile.DISK for Table:volumeTable
2019-10-03 21:12:53,830 [main] INFO  db.DBStoreBuilder (DBStoreBuilder.java:addTable(110)) - using custom profile for table: bucketTable
2019-10-03 21:12:53,830 [main] INFO  db.DBStoreBuilder (DBStoreBuilder.java:processTables(161)) - Using default column profile:DBProfile.DISK for Table:bucketTable
2019-10-03 21:12:53,831 [main] INFO  db.DBStoreBuilder (DBStoreBuilder.java:addTable(110)) - using custom profile for table: keyTable
2019-10-03 21:12:53,831 [main] INFO  db.DBStoreBuilder (DBStoreBuilder.java:processTables(161)) - Using default column profile:DBProfile.DISK for Table:keyTable
2019-10-03 21:12:53,831 [main] INFO  db.DBStoreBuilder (DBStoreBuilder.java:addTable(110)) - using custom profile for table: deletedTable
2019-10-03 21:12:53,831 [main] INFO  db.DBStoreBuilder (DBStoreBuilder.java:processTables(161)) - Using default column profile:DBProfile.DISK for Table:deletedTable
2019-10-03 21:12:53,832 [main] INFO  db.DBStoreBuilder (DBStoreBuilder.java:addTable(110)) - using custom profile for table: openKeyTable
2019-10-03 21:12:53,832 [main] INFO  db.DBStoreBuilder (DBStoreBuilder.java:processTables(161)) - Using default column profile:DBProfile.DISK for Table:openKeyTable
2019-10-03 21:12:53,832 [main] INFO  db.DBStoreBuilder (DBStoreBuilder.java:addTable(110)) - using custom profile for table: s3Table
2019-10-03 21:12:53,832 [main] INFO  db.DBStoreBuilder (DBStoreBuilder.java:processTables(161)) - Using default column profile:DBProfile.DISK for Table:s3Table
2019-10-03 21:12:53,833 [main] INFO  db.DBStoreBuilder (DBStoreBuilder.java:addTable(110)) - using custom profile for table: multipartInfoTable
2019-10-03 21:12:53,833 [main] INFO  db.DBStoreBuilder (DBStoreBuilder.java:processTables(161)) - Using default column profile:DBProfile.DISK for Table:multipartInfoTable
2019-10-03 21:12:53,833 [main] INFO  db.DBStoreBuilder (DBStoreBuilder.java:addTable(110)) - using custom profile for table: dTokenTable
2019-10-03 21:12:53,833 [main] INFO  db.DBStoreBuilder (DBStoreBuilder.java:processTables(161)) - Using default column profile:DBProfile.DISK for Table:dTokenTable
2019-10-03 21:12:53,834 [main] INFO  db.DBStoreBuilder (DBStoreBuilder.java:addTable(110)) - using custom profile for table: s3SecretTable
2019-10-03 21:12:53,834 [main] INFO  db.DBStoreBuilder (DBStoreBuilder.java:processTables(161)) - Using default column profile:DBProfile.DISK for Table:s3SecretTable
2019-10-03 21:12:53,834 [main] INFO  db.DBStoreBuilder (DBStoreBuilder.java:addTable(110)) - using custom profile for table: prefixTable
2019-10-03 21:12:53,834 [main] INFO  db.DBStoreBuilder (DBStoreBuilder.java:processTables(161)) - Using default column profile:DBProfile.DISK for Table:prefixTable
2019-10-03 21:12:53,835 [main] INFO  db.DBStoreBuilder (DBStoreBuilder.java:addTable(110)) - using custom profile for table: default
2019-10-03 21:12:53,835 [main] INFO  db.DBStoreBuilder (DBStoreBuilder.java:processTables(167)) - Using default column profile:DBProfile.DISK for Table:default
2019-10-03 21:12:53,835 [main] INFO  db.DBStoreBuilder (DBStoreBuilder.java:getDbProfile(198)) - Using default options. DBProfile.DISK
2019-10-03 21:12:54,563 [main] INFO  ipc.CallQueueManager (CallQueueManager.java:<init>(84)) - Using callQueue: class java.util.concurrent.LinkedBlockingQueue, queueCapacity: 2000, scheduler: class org.apache.hadoop.ipc.DefaultRpcScheduler, ipcBackoff: false.
2019-10-03 21:12:54,563 [Thread-2301] INFO  client.GrpcClientProtocolService (GrpcClientProtocolService.java:lambda$processClientRequest$0(278)) - Failed RaftClientRequest:client-AAE816283FA1->9c318cf7-b60a-4fbf-bf89-edd5e8cfab55@group-CE40E4357BCC, cid=68, seq=0, Watch-MAJORITY_COMMITTED(18), Message:<EMPTY>, reply=RaftClientReply:client-AAE816283FA1->9c318cf7-b60a-4fbf-bf89-edd5e8cfab55@group-CE40E4357BCC, cid=68, FAILED org.apache.ratis.protocol.NotReplicatedException: Request with call Id 68 and log index 18 is not yet replicated to MAJORITY_COMMITTED, logIndex=18, commits[9c318cf7-b60a-4fbf-bf89-edd5e8cfab55:c2, 7c505e6a-9687-4d94-9068-e6b7950a282c:c2, f658ebac-deb2-49b4-9f10-33c653d96c5d:c2]
2019-10-03 21:12:54,564 [Socket Reader #1 for port 45136] INFO  ipc.Server (Server.java:run(1074)) - Starting Socket Reader #1 for port 45136
2019-10-03 21:12:54,581 [main] INFO  om.OzoneManager (OzoneManager.java:start(1069)) - OzoneManager RPC server is listening at localhost/127.0.0.1:45136
2019-10-03 21:12:54,581 [main] INFO  impl.MetricsSystemImpl (MetricsSystemImpl.java:init(158)) - OzoneManager metrics system started (again)
2019-10-03 21:12:54,582 [IPC Server listener on 45136] INFO  ipc.Server (Server.java:run(1153)) - IPC Server listener on 45136: starting
2019-10-03 21:12:54,582 [IPC Server Responder] INFO  ipc.Server (Server.java:run(1314)) - IPC Server Responder: starting
2019-10-03 21:12:54,599 [main] INFO  hdfs.DFSUtil (DFSUtil.java:httpServerTemplateForNNAndJN(1641)) - Starting Web-server for ozoneManager at: http://0.0.0.0:0
2019-10-03 21:12:54,601 [main] INFO  server.AuthenticationFilter (AuthenticationFilter.java:constructSecretProvider(240)) - Unable to initialize FileSignerSecretProvider, falling back to use random secrets.
2019-10-03 21:12:54,601 [main] WARN  http.HttpRequestLog (HttpRequestLog.java:getRequestLog(97)) - Jetty request log can only be enabled using Log4j
2019-10-03 21:12:54,603 [main] INFO  http.HttpServer2 (HttpServer2.java:addGlobalFilter(975)) - Added global filter 'safety' (class=org.apache.hadoop.http.HttpServer2$QuotingInputFilter)
2019-10-03 21:12:54,604 [main] INFO  http.HttpServer2 (HttpServer2.java:addFilter(948)) - Added filter static_user_filter (class=org.apache.hadoop.http.lib.StaticUserWebFilter$StaticUserFilter) to context ozoneManager
2019-10-03 21:12:54,604 [main] INFO  http.HttpServer2 (HttpServer2.java:addFilter(958)) - Added filter static_user_filter (class=org.apache.hadoop.http.lib.StaticUserWebFilter$StaticUserFilter) to context static
2019-10-03 21:12:54,605 [main] INFO  http.HttpServer2 (HttpServer2.java:addFilter(958)) - Added filter static_user_filter (class=org.apache.hadoop.http.lib.StaticUserWebFilter$StaticUserFilter) to context logs
2019-10-03 21:12:54,605 [main] INFO  http.HttpServer2 (HttpServer2.java:bindListener(1191)) - Jetty bound to port 37457
2019-10-03 21:12:54,606 [main] INFO  server.Server (Server.java:doStart(351)) - jetty-9.3.25.v20180904, build timestamp: 2018-09-04T21:11:46Z, git hash: 3ce520221d0240229c862b122d2b06c12a625732
2019-10-03 21:12:54,608 [main] INFO  handler.ContextHandler (ContextHandler.java:doStart(781)) - Started o.e.j.s.ServletContextHandler@2a8dd942{/logs,file:///workdir/hadoop-ozone/integration-test/target/log,AVAILABLE}
2019-10-03 21:12:54,609 [main] INFO  handler.ContextHandler (ContextHandler.java:doStart(781)) - Started o.e.j.s.ServletContextHandler@35025a0a{/static,file:///workdir/hadoop-ozone/integration-test/target/test-classes/webapps/static,AVAILABLE}
2019-10-03 21:12:54,614 [main] INFO  handler.ContextHandler (ContextHandler.java:doStart(781)) - Started o.e.j.w.WebAppContext@42c0a16e{/,file:///workdir/hadoop-ozone/integration-test/target/test-classes/webapps/ozoneManager/,AVAILABLE}{/ozoneManager}
2019-10-03 21:12:54,614 [main] INFO  server.AbstractConnector (AbstractConnector.java:doStart(278)) - Started ServerConnector@77a0dd63{HTTP/1.1,[http/1.1]}{0.0.0.0:37457}
2019-10-03 21:12:54,617 [main] INFO  server.Server (Server.java:doStart(419)) - Started @218710ms
2019-10-03 21:12:54,617 [main] WARN  impl.MetricsSystemImpl (MetricsSystemImpl.java:register(276)) - Sink prometheus already exists!
2019-10-03 21:12:54,618 [main] INFO  server.BaseHttpServer (BaseHttpServer.java:updateConnectorAddress(215)) - HTTP server of OZONEMANAGER is listening at http://0.0.0.0:37457
2019-10-03 21:12:54,639 [main] INFO  impl.MetricsSystemImpl (MetricsSystemImpl.java:init(158)) - HddsDatanode metrics system started (again)
2019-10-03 21:12:54,660 [main] INFO  ozone.HddsDatanodeService (HddsDatanodeService.java:start(184)) - HddsDatanodeService host:pr-hdds-2225-n29jj-1390324493 ip:192.168.30.42
2019-10-03 21:12:54,672 [main] INFO  volume.HddsVolume (HddsVolume.java:<init>(176)) - Creating Volume: /workdir/hadoop-ozone/integration-test/target/test-dir/MiniOzoneClusterImpl-ed63f357-304f-428a-b49a-7d64402b049a/datanode-0/data/containers/hdds of  storage type : DISK and capacity : 1482555576320
2019-10-03 21:12:54,672 [main] INFO  volume.VolumeSet (VolumeSet.java:initializeVolumeSet(170)) - Added Volume : /workdir/hadoop-ozone/integration-test/target/test-dir/MiniOzoneClusterImpl-ed63f357-304f-428a-b49a-7d64402b049a/datanode-0/data/containers/hdds to VolumeSet
2019-10-03 21:12:54,672 [main] INFO  volume.ThrottledAsyncChecker (ThrottledAsyncChecker.java:schedule(139)) - Scheduling a check for org.apache.hadoop.ozone.container.common.volume.HddsVolume@496cc217
2019-10-03 21:12:54,676 [main] INFO  volume.HddsVolumeChecker (HddsVolumeChecker.java:checkAllVolumes(202)) - Scheduled health check for volume org.apache.hadoop.ozone.container.common.volume.HddsVolume@496cc217
2019-10-03 21:12:54,693 [main] INFO  impl.RaftServerProxy (ConfUtils.java:logGet(43)) - raft.rpc.type = GRPC (default)
2019-10-03 21:12:54,694 [main] INFO  grpc.GrpcFactory (GrpcFactory.java:checkPooledByteBufAllocatorUseCacheForAllThreads(45)) - PERFORMANCE WARNING: useCacheForAllThreads is true that may cause Netty to create a lot garbage objects and, as a result, trigger GC.
	It is recommended to disable useCacheForAllThreads by setting -Dorg.apache.ratis.thirdparty.io.netty.allocator.useCacheForAllThreads=false in command line.
2019-10-03 21:12:54,694 [main] INFO  grpc.GrpcConfigKeys$Server (ConfUtils.java:logGet(43)) - raft.grpc.server.port = 0 (default)
2019-10-03 21:12:54,694 [main] INFO  server.GrpcService (ConfUtils.java:logGet(43)) - raft.grpc.message.size.max = 33570816 (custom)
2019-10-03 21:12:54,695 [main] INFO  server.RaftServerConfigKeys (ConfUtils.java:logGet(43)) - raft.server.log.appender.buffer.byte-limit = 33554432 (custom)
2019-10-03 21:12:54,695 [main] INFO  server.GrpcService (ConfUtils.java:logGet(43)) - raft.grpc.flow.control.window = 1MB (=1048576) (default)
2019-10-03 21:12:54,695 [main] INFO  server.RaftServerConfigKeys (ConfUtils.java:logGet(43)) - raft.server.rpc.request.timeout = 3000ms (default)
2019-10-03 21:12:54,696 [main] INFO  server.RaftServerConfigKeys (ConfUtils.java:logGet(43)) - raft.server.storage.dir = [/workdir/hadoop-ozone/integration-test/target/test-dir/MiniOzoneClusterImpl-ed63f357-304f-428a-b49a-7d64402b049a/datanode-0/data/ratis] (custom)
2019-10-03 21:12:54,699 [main] INFO  hdfs.DFSUtil (DFSUtil.java:httpServerTemplateForNNAndJN(1641)) - Starting Web-server for hddsDatanode at: http://0.0.0.0:0
2019-10-03 21:12:54,701 [main] INFO  server.AuthenticationFilter (AuthenticationFilter.java:constructSecretProvider(240)) - Unable to initialize FileSignerSecretProvider, falling back to use random secrets.
2019-10-03 21:12:54,702 [main] WARN  http.HttpRequestLog (HttpRequestLog.java:getRequestLog(97)) - Jetty request log can only be enabled using Log4j
2019-10-03 21:12:54,704 [main] INFO  http.HttpServer2 (HttpServer2.java:addGlobalFilter(975)) - Added global filter 'safety' (class=org.apache.hadoop.http.HttpServer2$QuotingInputFilter)
2019-10-03 21:12:54,705 [main] INFO  http.HttpServer2 (HttpServer2.java:addFilter(948)) - Added filter static_user_filter (class=org.apache.hadoop.http.lib.StaticUserWebFilter$StaticUserFilter) to context hddsDatanode
2019-10-03 21:12:54,705 [main] INFO  http.HttpServer2 (HttpServer2.java:addFilter(958)) - Added filter static_user_filter (class=org.apache.hadoop.http.lib.StaticUserWebFilter$StaticUserFilter) to context static
2019-10-03 21:12:54,706 [main] INFO  http.HttpServer2 (HttpServer2.java:addFilter(958)) - Added filter static_user_filter (class=org.apache.hadoop.http.lib.StaticUserWebFilter$StaticUserFilter) to context logs
2019-10-03 21:12:54,707 [main] INFO  http.HttpServer2 (HttpServer2.java:bindListener(1191)) - Jetty bound to port 40877
2019-10-03 21:12:54,707 [main] INFO  server.Server (Server.java:doStart(351)) - jetty-9.3.25.v20180904, build timestamp: 2018-09-04T21:11:46Z, git hash: 3ce520221d0240229c862b122d2b06c12a625732
2019-10-03 21:12:54,709 [main] INFO  handler.ContextHandler (ContextHandler.java:doStart(781)) - Started o.e.j.s.ServletContextHandler@6de7778f{/logs,file:///workdir/hadoop-ozone/integration-test/target/log,AVAILABLE}
2019-10-03 21:12:54,710 [main] INFO  handler.ContextHandler (ContextHandler.java:doStart(781)) - Started o.e.j.s.ServletContextHandler@4ce25e47{/static,jar:file:/home/user/.m2/repository/org/apache/hadoop/hadoop-hdds-container-service/0.5.0-SNAPSHOT/hadoop-hdds-container-service-0.5.0-SNAPSHOT.jar!/webapps/static,AVAILABLE}
2019-10-03 21:12:54,740 [main] INFO  handler.ContextHandler (ContextHandler.java:doStart(781)) - Started o.e.j.w.WebAppContext@508ad266{/,file:///tmp/jetty-0.0.0.0-40877-hddsDatanode-_-any-788889545019534749.dir/webapp/,AVAILABLE}{/hddsDatanode}
2019-10-03 21:12:54,740 [main] INFO  server.AbstractConnector (AbstractConnector.java:doStart(278)) - Started ServerConnector@2313db84{HTTP/1.1,[http/1.1]}{0.0.0.0:40877}
2019-10-03 21:12:54,745 [main] INFO  server.Server (Server.java:doStart(419)) - Started @218837ms
2019-10-03 21:12:54,745 [main] WARN  impl.MetricsSystemImpl (MetricsSystemImpl.java:register(276)) - Sink prometheus already exists!
2019-10-03 21:12:54,746 [main] INFO  server.BaseHttpServer (BaseHttpServer.java:updateConnectorAddress(215)) - HTTP server of HDDSDATANODE is listening at http://0.0.0.0:40877
2019-10-03 21:12:54,746 [main] INFO  impl.MetricsSystemImpl (MetricsSystemImpl.java:init(158)) - HddsDatanode metrics system started (again)
2019-10-03 21:12:54,762 [org.apache.hadoop.util.JvmPauseMonitor$Monitor@74049efa] INFO  util.JvmPauseMonitor (JvmPauseMonitor.java:run(188)) - Starting JVM pause monitor
2019-10-03 21:12:54,763 [main] INFO  ozone.HddsDatanodeService (HddsDatanodeService.java:start(184)) - HddsDatanodeService host:pr-hdds-2225-n29jj-1390324493 ip:192.168.30.42
2019-10-03 21:12:54,764 [Datanode State Machine Thread - 0] INFO  datanode.InitDatanodeState (InitDatanodeState.java:persistContainerDatanodeDetails(140)) - DatanodeDetails is persisted to /workdir/hadoop-ozone/integration-test/target/test-dir/MiniOzoneClusterImpl-ed63f357-304f-428a-b49a-7d64402b049a/datanode-0/meta/datanode.id
2019-10-03 21:12:54,772 [main] INFO  volume.HddsVolume (HddsVolume.java:<init>(176)) - Creating Volume: /workdir/hadoop-ozone/integration-test/target/test-dir/MiniOzoneClusterImpl-ed63f357-304f-428a-b49a-7d64402b049a/datanode-1/data/containers/hdds of  storage type : DISK and capacity : 1482555576320
2019-10-03 21:12:54,773 [main] INFO  volume.VolumeSet (VolumeSet.java:initializeVolumeSet(170)) - Added Volume : /workdir/hadoop-ozone/integration-test/target/test-dir/MiniOzoneClusterImpl-ed63f357-304f-428a-b49a-7d64402b049a/datanode-1/data/containers/hdds to VolumeSet
2019-10-03 21:12:54,773 [main] INFO  volume.ThrottledAsyncChecker (ThrottledAsyncChecker.java:schedule(139)) - Scheduling a check for org.apache.hadoop.ozone.container.common.volume.HddsVolume@2dbfa972
2019-10-03 21:12:54,773 [main] INFO  volume.HddsVolumeChecker (HddsVolumeChecker.java:checkAllVolumes(202)) - Scheduled health check for volume org.apache.hadoop.ozone.container.common.volume.HddsVolume@2dbfa972
2019-10-03 21:12:54,789 [main] INFO  impl.RaftServerProxy (ConfUtils.java:logGet(43)) - raft.rpc.type = GRPC (default)
2019-10-03 21:12:54,789 [main] INFO  grpc.GrpcFactory (GrpcFactory.java:checkPooledByteBufAllocatorUseCacheForAllThreads(45)) - PERFORMANCE WARNING: useCacheForAllThreads is true that may cause Netty to create a lot garbage objects and, as a result, trigger GC.
	It is recommended to disable useCacheForAllThreads by setting -Dorg.apache.ratis.thirdparty.io.netty.allocator.useCacheForAllThreads=false in command line.
2019-10-03 21:12:54,789 [main] INFO  grpc.GrpcConfigKeys$Server (ConfUtils.java:logGet(43)) - raft.grpc.server.port = 0 (default)
2019-10-03 21:12:54,789 [main] INFO  server.GrpcService (ConfUtils.java:logGet(43)) - raft.grpc.message.size.max = 33570816 (custom)
2019-10-03 21:12:54,789 [main] INFO  server.RaftServerConfigKeys (ConfUtils.java:logGet(43)) - raft.server.log.appender.buffer.byte-limit = 33554432 (custom)
2019-10-03 21:12:54,790 [main] INFO  server.GrpcService (ConfUtils.java:logGet(43)) - raft.grpc.flow.control.window = 1MB (=1048576) (default)
2019-10-03 21:12:54,790 [main] INFO  server.RaftServerConfigKeys (ConfUtils.java:logGet(43)) - raft.server.rpc.request.timeout = 3000ms (default)
2019-10-03 21:12:54,790 [main] INFO  server.RaftServerConfigKeys (ConfUtils.java:logGet(43)) - raft.server.storage.dir = [/workdir/hadoop-ozone/integration-test/target/test-dir/MiniOzoneClusterImpl-ed63f357-304f-428a-b49a-7d64402b049a/datanode-1/data/ratis] (custom)
2019-10-03 21:12:54,791 [main] INFO  hdfs.DFSUtil (DFSUtil.java:httpServerTemplateForNNAndJN(1641)) - Starting Web-server for hddsDatanode at: http://0.0.0.0:0
2019-10-03 21:12:54,792 [main] INFO  server.AuthenticationFilter (AuthenticationFilter.java:constructSecretProvider(240)) - Unable to initialize FileSignerSecretProvider, falling back to use random secrets.
2019-10-03 21:12:54,792 [main] WARN  http.HttpRequestLog (HttpRequestLog.java:getRequestLog(97)) - Jetty request log can only be enabled using Log4j
2019-10-03 21:12:54,793 [main] INFO  http.HttpServer2 (HttpServer2.java:addGlobalFilter(975)) - Added global filter 'safety' (class=org.apache.hadoop.http.HttpServer2$QuotingInputFilter)
2019-10-03 21:12:54,794 [main] INFO  http.HttpServer2 (HttpServer2.java:addFilter(948)) - Added filter static_user_filter (class=org.apache.hadoop.http.lib.StaticUserWebFilter$StaticUserFilter) to context hddsDatanode
2019-10-03 21:12:54,794 [main] INFO  http.HttpServer2 (HttpServer2.java:addFilter(958)) - Added filter static_user_filter (class=org.apache.hadoop.http.lib.StaticUserWebFilter$StaticUserFilter) to context static
2019-10-03 21:12:54,794 [main] INFO  http.HttpServer2 (HttpServer2.java:addFilter(958)) - Added filter static_user_filter (class=org.apache.hadoop.http.lib.StaticUserWebFilter$StaticUserFilter) to context logs
2019-10-03 21:12:54,795 [main] INFO  http.HttpServer2 (HttpServer2.java:bindListener(1191)) - Jetty bound to port 43577
2019-10-03 21:12:54,795 [main] INFO  server.Server (Server.java:doStart(351)) - jetty-9.3.25.v20180904, build timestamp: 2018-09-04T21:11:46Z, git hash: 3ce520221d0240229c862b122d2b06c12a625732
2019-10-03 21:12:54,796 [main] INFO  handler.ContextHandler (ContextHandler.java:doStart(781)) - Started o.e.j.s.ServletContextHandler@bbb6f0{/logs,file:///workdir/hadoop-ozone/integration-test/target/log,AVAILABLE}
2019-10-03 21:12:54,797 [main] INFO  handler.ContextHandler (ContextHandler.java:doStart(781)) - Started o.e.j.s.ServletContextHandler@2bd8f7db{/static,jar:file:/home/user/.m2/repository/org/apache/hadoop/hadoop-hdds-container-service/0.5.0-SNAPSHOT/hadoop-hdds-container-service-0.5.0-SNAPSHOT.jar!/webapps/static,AVAILABLE}
2019-10-03 21:12:54,822 [main] INFO  handler.ContextHandler (ContextHandler.java:doStart(781)) - Started o.e.j.w.WebAppContext@6b0f266e{/,file:///tmp/jetty-0.0.0.0-43577-hddsDatanode-_-any-3376758068092234565.dir/webapp/,AVAILABLE}{/hddsDatanode}
2019-10-03 21:12:54,822 [main] INFO  server.AbstractConnector (AbstractConnector.java:doStart(278)) - Started ServerConnector@4837f97e{HTTP/1.1,[http/1.1]}{0.0.0.0:43577}
2019-10-03 21:12:54,826 [main] INFO  server.Server (Server.java:doStart(419)) - Started @218918ms
2019-10-03 21:12:54,826 [main] WARN  impl.MetricsSystemImpl (MetricsSystemImpl.java:register(276)) - Sink prometheus already exists!
2019-10-03 21:12:54,826 [main] INFO  server.BaseHttpServer (BaseHttpServer.java:updateConnectorAddress(215)) - HTTP server of HDDSDATANODE is listening at http://0.0.0.0:43577
2019-10-03 21:12:54,826 [main] INFO  impl.MetricsSystemImpl (MetricsSystemImpl.java:init(158)) - HddsDatanode metrics system started (again)
2019-10-03 21:12:54,841 [org.apache.hadoop.util.JvmPauseMonitor$Monitor@1c7b94ab] INFO  util.JvmPauseMonitor (JvmPauseMonitor.java:run(188)) - Starting JVM pause monitor
2019-10-03 21:12:54,842 [main] INFO  ozone.HddsDatanodeService (HddsDatanodeService.java:start(184)) - HddsDatanodeService host:pr-hdds-2225-n29jj-1390324493 ip:192.168.30.42
2019-10-03 21:12:54,843 [Datanode State Machine Thread - 0] INFO  datanode.InitDatanodeState (InitDatanodeState.java:persistContainerDatanodeDetails(140)) - DatanodeDetails is persisted to /workdir/hadoop-ozone/integration-test/target/test-dir/MiniOzoneClusterImpl-ed63f357-304f-428a-b49a-7d64402b049a/datanode-1/meta/datanode.id
2019-10-03 21:12:54,853 [main] INFO  volume.HddsVolume (HddsVolume.java:<init>(176)) - Creating Volume: /workdir/hadoop-ozone/integration-test/target/test-dir/MiniOzoneClusterImpl-ed63f357-304f-428a-b49a-7d64402b049a/datanode-2/data/containers/hdds of  storage type : DISK and capacity : 1482555576320
2019-10-03 21:12:54,853 [main] INFO  volume.VolumeSet (VolumeSet.java:initializeVolumeSet(170)) - Added Volume : /workdir/hadoop-ozone/integration-test/target/test-dir/MiniOzoneClusterImpl-ed63f357-304f-428a-b49a-7d64402b049a/datanode-2/data/containers/hdds to VolumeSet
2019-10-03 21:12:54,853 [main] INFO  volume.ThrottledAsyncChecker (ThrottledAsyncChecker.java:schedule(139)) - Scheduling a check for org.apache.hadoop.ozone.container.common.volume.HddsVolume@486bd064
2019-10-03 21:12:54,853 [main] INFO  volume.HddsVolumeChecker (HddsVolumeChecker.java:checkAllVolumes(202)) - Scheduled health check for volume org.apache.hadoop.ozone.container.common.volume.HddsVolume@486bd064
2019-10-03 21:12:54,874 [main] INFO  impl.RaftServerProxy (ConfUtils.java:logGet(43)) - raft.rpc.type = GRPC (default)
2019-10-03 21:12:54,874 [main] INFO  grpc.GrpcFactory (GrpcFactory.java:checkPooledByteBufAllocatorUseCacheForAllThreads(45)) - PERFORMANCE WARNING: useCacheForAllThreads is true that may cause Netty to create a lot garbage objects and, as a result, trigger GC.
	It is recommended to disable useCacheForAllThreads by setting -Dorg.apache.ratis.thirdparty.io.netty.allocator.useCacheForAllThreads=false in command line.
2019-10-03 21:12:54,875 [main] INFO  grpc.GrpcConfigKeys$Server (ConfUtils.java:logGet(43)) - raft.grpc.server.port = 0 (default)
2019-10-03 21:12:54,875 [main] INFO  server.GrpcService (ConfUtils.java:logGet(43)) - raft.grpc.message.size.max = 33570816 (custom)
2019-10-03 21:12:54,875 [main] INFO  server.RaftServerConfigKeys (ConfUtils.java:logGet(43)) - raft.server.log.appender.buffer.byte-limit = 33554432 (custom)
2019-10-03 21:12:54,875 [main] INFO  server.GrpcService (ConfUtils.java:logGet(43)) - raft.grpc.flow.control.window = 1MB (=1048576) (default)
2019-10-03 21:12:54,876 [main] INFO  server.RaftServerConfigKeys (ConfUtils.java:logGet(43)) - raft.server.rpc.request.timeout = 3000ms (default)
2019-10-03 21:12:54,876 [main] INFO  server.RaftServerConfigKeys (ConfUtils.java:logGet(43)) - raft.server.storage.dir = [/workdir/hadoop-ozone/integration-test/target/test-dir/MiniOzoneClusterImpl-ed63f357-304f-428a-b49a-7d64402b049a/datanode-2/data/ratis] (custom)
2019-10-03 21:12:54,878 [main] INFO  hdfs.DFSUtil (DFSUtil.java:httpServerTemplateForNNAndJN(1641)) - Starting Web-server for hddsDatanode at: http://0.0.0.0:0
2019-10-03 21:12:54,879 [main] INFO  server.AuthenticationFilter (AuthenticationFilter.java:constructSecretProvider(240)) - Unable to initialize FileSignerSecretProvider, falling back to use random secrets.
2019-10-03 21:12:54,880 [main] WARN  http.HttpRequestLog (HttpRequestLog.java:getRequestLog(97)) - Jetty request log can only be enabled using Log4j
2019-10-03 21:12:54,881 [main] INFO  http.HttpServer2 (HttpServer2.java:addGlobalFilter(975)) - Added global filter 'safety' (class=org.apache.hadoop.http.HttpServer2$QuotingInputFilter)
2019-10-03 21:12:54,881 [main] INFO  http.HttpServer2 (HttpServer2.java:addFilter(948)) - Added filter static_user_filter (class=org.apache.hadoop.http.lib.StaticUserWebFilter$StaticUserFilter) to context hddsDatanode
2019-10-03 21:12:54,881 [main] INFO  http.HttpServer2 (HttpServer2.java:addFilter(958)) - Added filter static_user_filter (class=org.apache.hadoop.http.lib.StaticUserWebFilter$StaticUserFilter) to context logs
2019-10-03 21:12:54,881 [main] INFO  http.HttpServer2 (HttpServer2.java:addFilter(958)) - Added filter static_user_filter (class=org.apache.hadoop.http.lib.StaticUserWebFilter$StaticUserFilter) to context static
2019-10-03 21:12:54,882 [main] INFO  http.HttpServer2 (HttpServer2.java:bindListener(1191)) - Jetty bound to port 46013
2019-10-03 21:12:54,882 [main] INFO  server.Server (Server.java:doStart(351)) - jetty-9.3.25.v20180904, build timestamp: 2018-09-04T21:11:46Z, git hash: 3ce520221d0240229c862b122d2b06c12a625732
2019-10-03 21:12:54,884 [main] INFO  handler.ContextHandler (ContextHandler.java:doStart(781)) - Started o.e.j.s.ServletContextHandler@14f060b8{/logs,file:///workdir/hadoop-ozone/integration-test/target/log,AVAILABLE}
2019-10-03 21:12:54,884 [main] INFO  handler.ContextHandler (ContextHandler.java:doStart(781)) - Started o.e.j.s.ServletContextHandler@79df80a4{/static,jar:file:/home/user/.m2/repository/org/apache/hadoop/hadoop-hdds-container-service/0.5.0-SNAPSHOT/hadoop-hdds-container-service-0.5.0-SNAPSHOT.jar!/webapps/static,AVAILABLE}
2019-10-03 21:12:54,909 [main] INFO  handler.ContextHandler (ContextHandler.java:doStart(781)) - Started o.e.j.w.WebAppContext@23bd0c81{/,file:///tmp/jetty-0.0.0.0-46013-hddsDatanode-_-any-5559050311814763554.dir/webapp/,AVAILABLE}{/hddsDatanode}
2019-10-03 21:12:54,909 [main] INFO  server.AbstractConnector (AbstractConnector.java:doStart(278)) - Started ServerConnector@1332dec4{HTTP/1.1,[http/1.1]}{0.0.0.0:46013}
2019-10-03 21:12:54,913 [main] INFO  server.Server (Server.java:doStart(419)) - Started @219005ms
2019-10-03 21:12:54,913 [main] WARN  impl.MetricsSystemImpl (MetricsSystemImpl.java:register(276)) - Sink prometheus already exists!
2019-10-03 21:12:54,913 [main] INFO  server.BaseHttpServer (BaseHttpServer.java:updateConnectorAddress(215)) - HTTP server of HDDSDATANODE is listening at http://0.0.0.0:46013
2019-10-03 21:12:54,913 [main] INFO  impl.MetricsSystemImpl (MetricsSystemImpl.java:init(158)) - HddsDatanode metrics system started (again)
2019-10-03 21:12:54,929 [org.apache.hadoop.util.JvmPauseMonitor$Monitor@31d1c8ca] INFO  util.JvmPauseMonitor (JvmPauseMonitor.java:run(188)) - Starting JVM pause monitor
2019-10-03 21:12:54,931 [main] INFO  ozone.HddsDatanodeService (HddsDatanodeService.java:start(184)) - HddsDatanodeService host:pr-hdds-2225-n29jj-1390324493 ip:192.168.30.42
2019-10-03 21:12:54,931 [Datanode State Machine Thread - 0] INFO  datanode.InitDatanodeState (InitDatanodeState.java:persistContainerDatanodeDetails(140)) - DatanodeDetails is persisted to /workdir/hadoop-ozone/integration-test/target/test-dir/MiniOzoneClusterImpl-ed63f357-304f-428a-b49a-7d64402b049a/datanode-2/meta/datanode.id
2019-10-03 21:12:54,940 [main] INFO  volume.HddsVolume (HddsVolume.java:<init>(176)) - Creating Volume: /workdir/hadoop-ozone/integration-test/target/test-dir/MiniOzoneClusterImpl-ed63f357-304f-428a-b49a-7d64402b049a/datanode-3/data/containers/hdds of  storage type : DISK and capacity : 1482555576320
2019-10-03 21:12:54,940 [main] INFO  volume.VolumeSet (VolumeSet.java:initializeVolumeSet(170)) - Added Volume : /workdir/hadoop-ozone/integration-test/target/test-dir/MiniOzoneClusterImpl-ed63f357-304f-428a-b49a-7d64402b049a/datanode-3/data/containers/hdds to VolumeSet
2019-10-03 21:12:54,941 [main] INFO  volume.ThrottledAsyncChecker (ThrottledAsyncChecker.java:schedule(139)) - Scheduling a check for org.apache.hadoop.ozone.container.common.volume.HddsVolume@5a7b309b
2019-10-03 21:12:54,941 [main] INFO  volume.HddsVolumeChecker (HddsVolumeChecker.java:checkAllVolumes(202)) - Scheduled health check for volume org.apache.hadoop.ozone.container.common.volume.HddsVolume@5a7b309b
2019-10-03 21:12:54,955 [main] INFO  impl.RaftServerProxy (ConfUtils.java:logGet(43)) - raft.rpc.type = GRPC (default)
2019-10-03 21:12:54,956 [main] INFO  grpc.GrpcFactory (GrpcFactory.java:checkPooledByteBufAllocatorUseCacheForAllThreads(45)) - PERFORMANCE WARNING: useCacheForAllThreads is true that may cause Netty to create a lot garbage objects and, as a result, trigger GC.
	It is recommended to disable useCacheForAllThreads by setting -Dorg.apache.ratis.thirdparty.io.netty.allocator.useCacheForAllThreads=false in command line.
2019-10-03 21:12:54,956 [main] INFO  grpc.GrpcConfigKeys$Server (ConfUtils.java:logGet(43)) - raft.grpc.server.port = 0 (default)
2019-10-03 21:12:54,956 [main] INFO  server.GrpcService (ConfUtils.java:logGet(43)) - raft.grpc.message.size.max = 33570816 (custom)
2019-10-03 21:12:54,956 [main] INFO  server.RaftServerConfigKeys (ConfUtils.java:logGet(43)) - raft.server.log.appender.buffer.byte-limit = 33554432 (custom)
2019-10-03 21:12:54,956 [main] INFO  server.GrpcService (ConfUtils.java:logGet(43)) - raft.grpc.flow.control.window = 1MB (=1048576) (default)
2019-10-03 21:12:54,956 [main] INFO  server.RaftServerConfigKeys (ConfUtils.java:logGet(43)) - raft.server.rpc.request.timeout = 3000ms (default)
2019-10-03 21:12:54,957 [main] INFO  server.RaftServerConfigKeys (ConfUtils.java:logGet(43)) - raft.server.storage.dir = [/workdir/hadoop-ozone/integration-test/target/test-dir/MiniOzoneClusterImpl-ed63f357-304f-428a-b49a-7d64402b049a/datanode-3/data/ratis] (custom)
2019-10-03 21:12:54,958 [main] INFO  hdfs.DFSUtil (DFSUtil.java:httpServerTemplateForNNAndJN(1641)) - Starting Web-server for hddsDatanode at: http://0.0.0.0:0
2019-10-03 21:12:54,959 [main] INFO  server.AuthenticationFilter (AuthenticationFilter.java:constructSecretProvider(240)) - Unable to initialize FileSignerSecretProvider, falling back to use random secrets.
2019-10-03 21:12:54,959 [main] WARN  http.HttpRequestLog (HttpRequestLog.java:getRequestLog(97)) - Jetty request log can only be enabled using Log4j
2019-10-03 21:12:54,960 [main] INFO  http.HttpServer2 (HttpServer2.java:addGlobalFilter(975)) - Added global filter 'safety' (class=org.apache.hadoop.http.HttpServer2$QuotingInputFilter)
2019-10-03 21:12:54,961 [main] INFO  http.HttpServer2 (HttpServer2.java:addFilter(948)) - Added filter static_user_filter (class=org.apache.hadoop.http.lib.StaticUserWebFilter$StaticUserFilter) to context hddsDatanode
2019-10-03 21:12:54,961 [main] INFO  http.HttpServer2 (HttpServer2.java:addFilter(958)) - Added filter static_user_filter (class=org.apache.hadoop.http.lib.StaticUserWebFilter$StaticUserFilter) to context logs
2019-10-03 21:12:54,961 [main] INFO  http.HttpServer2 (HttpServer2.java:addFilter(958)) - Added filter static_user_filter (class=org.apache.hadoop.http.lib.StaticUserWebFilter$StaticUserFilter) to context static
2019-10-03 21:12:54,962 [main] INFO  http.HttpServer2 (HttpServer2.java:bindListener(1191)) - Jetty bound to port 42349
2019-10-03 21:12:54,962 [main] INFO  server.Server (Server.java:doStart(351)) - jetty-9.3.25.v20180904, build timestamp: 2018-09-04T21:11:46Z, git hash: 3ce520221d0240229c862b122d2b06c12a625732
2019-10-03 21:12:54,963 [main] INFO  handler.ContextHandler (ContextHandler.java:doStart(781)) - Started o.e.j.s.ServletContextHandler@1785d194{/logs,file:///workdir/hadoop-ozone/integration-test/target/log,AVAILABLE}
2019-10-03 21:12:54,964 [main] INFO  handler.ContextHandler (ContextHandler.java:doStart(781)) - Started o.e.j.s.ServletContextHandler@46a8c2b4{/static,jar:file:/home/user/.m2/repository/org/apache/hadoop/hadoop-hdds-container-service/0.5.0-SNAPSHOT/hadoop-hdds-container-service-0.5.0-SNAPSHOT.jar!/webapps/static,AVAILABLE}
2019-10-03 21:12:55,008 [main] INFO  handler.ContextHandler (ContextHandler.java:doStart(781)) - Started o.e.j.w.WebAppContext@19662208{/,file:///tmp/jetty-0.0.0.0-42349-hddsDatanode-_-any-3097606918737104140.dir/webapp/,AVAILABLE}{/hddsDatanode}
2019-10-03 21:12:55,009 [main] INFO  server.AbstractConnector (AbstractConnector.java:doStart(278)) - Started ServerConnector@216c22ce{HTTP/1.1,[http/1.1]}{0.0.0.0:42349}
2019-10-03 21:12:55,012 [main] INFO  server.Server (Server.java:doStart(419)) - Started @219105ms
2019-10-03 21:12:55,012 [main] WARN  impl.MetricsSystemImpl (MetricsSystemImpl.java:register(276)) - Sink prometheus already exists!
2019-10-03 21:12:55,013 [main] INFO  server.BaseHttpServer (BaseHttpServer.java:updateConnectorAddress(215)) - HTTP server of HDDSDATANODE is listening at http://0.0.0.0:42349
2019-10-03 21:12:55,013 [main] INFO  impl.MetricsSystemImpl (MetricsSystemImpl.java:init(158)) - HddsDatanode metrics system started (again)
2019-10-03 21:12:55,033 [org.apache.hadoop.util.JvmPauseMonitor$Monitor@76a1eca9] INFO  util.JvmPauseMonitor (JvmPauseMonitor.java:run(188)) - Starting JVM pause monitor
2019-10-03 21:12:55,034 [Datanode State Machine Thread - 0] INFO  datanode.InitDatanodeState (InitDatanodeState.java:persistContainerDatanodeDetails(140)) - DatanodeDetails is persisted to /workdir/hadoop-ozone/integration-test/target/test-dir/MiniOzoneClusterImpl-ed63f357-304f-428a-b49a-7d64402b049a/datanode-3/meta/datanode.id
2019-10-03 21:12:55,035 [main] INFO  ozone.HddsDatanodeService (HddsDatanodeService.java:start(184)) - HddsDatanodeService host:pr-hdds-2225-n29jj-1390324493 ip:192.168.30.42
2019-10-03 21:12:55,044 [main] INFO  volume.HddsVolume (HddsVolume.java:<init>(176)) - Creating Volume: /workdir/hadoop-ozone/integration-test/target/test-dir/MiniOzoneClusterImpl-ed63f357-304f-428a-b49a-7d64402b049a/datanode-4/data/containers/hdds of  storage type : DISK and capacity : 1482555576320
2019-10-03 21:12:55,044 [main] INFO  volume.VolumeSet (VolumeSet.java:initializeVolumeSet(170)) - Added Volume : /workdir/hadoop-ozone/integration-test/target/test-dir/MiniOzoneClusterImpl-ed63f357-304f-428a-b49a-7d64402b049a/datanode-4/data/containers/hdds to VolumeSet
2019-10-03 21:12:55,044 [main] INFO  volume.ThrottledAsyncChecker (ThrottledAsyncChecker.java:schedule(139)) - Scheduling a check for org.apache.hadoop.ozone.container.common.volume.HddsVolume@18ffca6c
2019-10-03 21:12:55,045 [main] INFO  volume.HddsVolumeChecker (HddsVolumeChecker.java:checkAllVolumes(202)) - Scheduled health check for volume org.apache.hadoop.ozone.container.common.volume.HddsVolume@18ffca6c
2019-10-03 21:12:55,062 [main] INFO  impl.RaftServerProxy (ConfUtils.java:logGet(43)) - raft.rpc.type = GRPC (default)
2019-10-03 21:12:55,062 [main] INFO  grpc.GrpcFactory (GrpcFactory.java:checkPooledByteBufAllocatorUseCacheForAllThreads(45)) - PERFORMANCE WARNING: useCacheForAllThreads is true that may cause Netty to create a lot garbage objects and, as a result, trigger GC.
	It is recommended to disable useCacheForAllThreads by setting -Dorg.apache.ratis.thirdparty.io.netty.allocator.useCacheForAllThreads=false in command line.
2019-10-03 21:12:55,063 [main] INFO  grpc.GrpcConfigKeys$Server (ConfUtils.java:logGet(43)) - raft.grpc.server.port = 0 (default)
2019-10-03 21:12:55,063 [main] INFO  server.GrpcService (ConfUtils.java:logGet(43)) - raft.grpc.message.size.max = 33570816 (custom)
2019-10-03 21:12:55,063 [main] INFO  server.RaftServerConfigKeys (ConfUtils.java:logGet(43)) - raft.server.log.appender.buffer.byte-limit = 33554432 (custom)
2019-10-03 21:12:55,063 [main] INFO  server.GrpcService (ConfUtils.java:logGet(43)) - raft.grpc.flow.control.window = 1MB (=1048576) (default)
2019-10-03 21:12:55,063 [main] INFO  server.RaftServerConfigKeys (ConfUtils.java:logGet(43)) - raft.server.rpc.request.timeout = 3000ms (default)
2019-10-03 21:12:55,064 [main] INFO  server.RaftServerConfigKeys (ConfUtils.java:logGet(43)) - raft.server.storage.dir = [/workdir/hadoop-ozone/integration-test/target/test-dir/MiniOzoneClusterImpl-ed63f357-304f-428a-b49a-7d64402b049a/datanode-4/data/ratis] (custom)
2019-10-03 21:12:55,065 [main] INFO  hdfs.DFSUtil (DFSUtil.java:httpServerTemplateForNNAndJN(1641)) - Starting Web-server for hddsDatanode at: http://0.0.0.0:0
2019-10-03 21:12:55,067 [main] INFO  server.AuthenticationFilter (AuthenticationFilter.java:constructSecretProvider(240)) - Unable to initialize FileSignerSecretProvider, falling back to use random secrets.
2019-10-03 21:12:55,067 [main] WARN  http.HttpRequestLog (HttpRequestLog.java:getRequestLog(97)) - Jetty request log can only be enabled using Log4j
2019-10-03 21:12:55,069 [main] INFO  http.HttpServer2 (HttpServer2.java:addGlobalFilter(975)) - Added global filter 'safety' (class=org.apache.hadoop.http.HttpServer2$QuotingInputFilter)
2019-10-03 21:12:55,070 [main] INFO  http.HttpServer2 (HttpServer2.java:addFilter(948)) - Added filter static_user_filter (class=org.apache.hadoop.http.lib.StaticUserWebFilter$StaticUserFilter) to context hddsDatanode
2019-10-03 21:12:55,070 [main] INFO  http.HttpServer2 (HttpServer2.java:addFilter(958)) - Added filter static_user_filter (class=org.apache.hadoop.http.lib.StaticUserWebFilter$StaticUserFilter) to context static
2019-10-03 21:12:55,070 [main] INFO  http.HttpServer2 (HttpServer2.java:addFilter(958)) - Added filter static_user_filter (class=org.apache.hadoop.http.lib.StaticUserWebFilter$StaticUserFilter) to context logs
2019-10-03 21:12:55,071 [main] INFO  http.HttpServer2 (HttpServer2.java:bindListener(1191)) - Jetty bound to port 35727
2019-10-03 21:12:55,071 [main] INFO  server.Server (Server.java:doStart(351)) - jetty-9.3.25.v20180904, build timestamp: 2018-09-04T21:11:46Z, git hash: 3ce520221d0240229c862b122d2b06c12a625732
2019-10-03 21:12:55,073 [main] INFO  handler.ContextHandler (ContextHandler.java:doStart(781)) - Started o.e.j.s.ServletContextHandler@78d73b1b{/logs,file:///workdir/hadoop-ozone/integration-test/target/log,AVAILABLE}
2019-10-03 21:12:55,074 [main] INFO  handler.ContextHandler (ContextHandler.java:doStart(781)) - Started o.e.j.s.ServletContextHandler@34edd065{/static,jar:file:/home/user/.m2/repository/org/apache/hadoop/hadoop-hdds-container-service/0.5.0-SNAPSHOT/hadoop-hdds-container-service-0.5.0-SNAPSHOT.jar!/webapps/static,AVAILABLE}
2019-10-03 21:12:55,111 [main] INFO  handler.ContextHandler (ContextHandler.java:doStart(781)) - Started o.e.j.w.WebAppContext@236c098{/,file:///tmp/jetty-0.0.0.0-35727-hddsDatanode-_-any-3968266497805864612.dir/webapp/,AVAILABLE}{/hddsDatanode}
2019-10-03 21:12:55,111 [main] INFO  server.AbstractConnector (AbstractConnector.java:doStart(278)) - Started ServerConnector@68e2d03e{HTTP/1.1,[http/1.1]}{0.0.0.0:35727}
2019-10-03 21:12:55,114 [main] INFO  server.Server (Server.java:doStart(419)) - Started @219207ms
2019-10-03 21:12:55,114 [main] WARN  impl.MetricsSystemImpl (MetricsSystemImpl.java:register(276)) - Sink prometheus already exists!
2019-10-03 21:12:55,115 [main] INFO  server.BaseHttpServer (BaseHttpServer.java:updateConnectorAddress(215)) - HTTP server of HDDSDATANODE is listening at http://0.0.0.0:35727
2019-10-03 21:12:55,115 [main] INFO  impl.MetricsSystemImpl (MetricsSystemImpl.java:init(158)) - HddsDatanode metrics system started (again)
2019-10-03 21:12:55,133 [org.apache.hadoop.util.JvmPauseMonitor$Monitor@fcbc049] INFO  util.JvmPauseMonitor (JvmPauseMonitor.java:run(188)) - Starting JVM pause monitor
2019-10-03 21:12:55,134 [main] INFO  ozone.HddsDatanodeService (HddsDatanodeService.java:start(184)) - HddsDatanodeService host:pr-hdds-2225-n29jj-1390324493 ip:192.168.30.42
2019-10-03 21:12:55,135 [Datanode State Machine Thread - 0] INFO  datanode.InitDatanodeState (InitDatanodeState.java:persistContainerDatanodeDetails(140)) - DatanodeDetails is persisted to /workdir/hadoop-ozone/integration-test/target/test-dir/MiniOzoneClusterImpl-ed63f357-304f-428a-b49a-7d64402b049a/datanode-4/meta/datanode.id
2019-10-03 21:12:55,143 [main] INFO  volume.HddsVolume (HddsVolume.java:<init>(176)) - Creating Volume: /workdir/hadoop-ozone/integration-test/target/test-dir/MiniOzoneClusterImpl-ed63f357-304f-428a-b49a-7d64402b049a/datanode-5/data/containers/hdds of  storage type : DISK and capacity : 1482555576320
2019-10-03 21:12:55,143 [main] INFO  volume.VolumeSet (VolumeSet.java:initializeVolumeSet(170)) - Added Volume : /workdir/hadoop-ozone/integration-test/target/test-dir/MiniOzoneClusterImpl-ed63f357-304f-428a-b49a-7d64402b049a/datanode-5/data/containers/hdds to VolumeSet
2019-10-03 21:12:55,143 [main] INFO  volume.ThrottledAsyncChecker (ThrottledAsyncChecker.java:schedule(139)) - Scheduling a check for org.apache.hadoop.ozone.container.common.volume.HddsVolume@4fb64a52
2019-10-03 21:12:55,143 [main] INFO  volume.HddsVolumeChecker (HddsVolumeChecker.java:checkAllVolumes(202)) - Scheduled health check for volume org.apache.hadoop.ozone.container.common.volume.HddsVolume@4fb64a52
2019-10-03 21:12:55,157 [main] INFO  impl.RaftServerProxy (ConfUtils.java:logGet(43)) - raft.rpc.type = GRPC (default)
2019-10-03 21:12:55,157 [main] INFO  grpc.GrpcFactory (GrpcFactory.java:checkPooledByteBufAllocatorUseCacheForAllThreads(45)) - PERFORMANCE WARNING: useCacheForAllThreads is true that may cause Netty to create a lot garbage objects and, as a result, trigger GC.
	It is recommended to disable useCacheForAllThreads by setting -Dorg.apache.ratis.thirdparty.io.netty.allocator.useCacheForAllThreads=false in command line.
2019-10-03 21:12:55,157 [main] INFO  grpc.GrpcConfigKeys$Server (ConfUtils.java:logGet(43)) - raft.grpc.server.port = 0 (default)
2019-10-03 21:12:55,157 [main] INFO  server.GrpcService (ConfUtils.java:logGet(43)) - raft.grpc.message.size.max = 33570816 (custom)
2019-10-03 21:12:55,157 [main] INFO  server.RaftServerConfigKeys (ConfUtils.java:logGet(43)) - raft.server.log.appender.buffer.byte-limit = 33554432 (custom)
2019-10-03 21:12:55,157 [main] INFO  server.GrpcService (ConfUtils.java:logGet(43)) - raft.grpc.flow.control.window = 1MB (=1048576) (default)
2019-10-03 21:12:55,158 [main] INFO  server.RaftServerConfigKeys (ConfUtils.java:logGet(43)) - raft.server.rpc.request.timeout = 3000ms (default)
2019-10-03 21:12:55,158 [main] INFO  server.RaftServerConfigKeys (ConfUtils.java:logGet(43)) - raft.server.storage.dir = [/workdir/hadoop-ozone/integration-test/target/test-dir/MiniOzoneClusterImpl-ed63f357-304f-428a-b49a-7d64402b049a/datanode-5/data/ratis] (custom)
2019-10-03 21:12:55,159 [main] INFO  hdfs.DFSUtil (DFSUtil.java:httpServerTemplateForNNAndJN(1641)) - Starting Web-server for hddsDatanode at: http://0.0.0.0:0
2019-10-03 21:12:55,160 [main] INFO  server.AuthenticationFilter (AuthenticationFilter.java:constructSecretProvider(240)) - Unable to initialize FileSignerSecretProvider, falling back to use random secrets.
2019-10-03 21:12:55,160 [main] WARN  http.HttpRequestLog (HttpRequestLog.java:getRequestLog(97)) - Jetty request log can only be enabled using Log4j
2019-10-03 21:12:55,162 [main] INFO  http.HttpServer2 (HttpServer2.java:addGlobalFilter(975)) - Added global filter 'safety' (class=org.apache.hadoop.http.HttpServer2$QuotingInputFilter)
2019-10-03 21:12:55,162 [main] INFO  http.HttpServer2 (HttpServer2.java:addFilter(948)) - Added filter static_user_filter (class=org.apache.hadoop.http.lib.StaticUserWebFilter$StaticUserFilter) to context hddsDatanode
2019-10-03 21:12:55,162 [main] INFO  http.HttpServer2 (HttpServer2.java:addFilter(958)) - Added filter static_user_filter (class=org.apache.hadoop.http.lib.StaticUserWebFilter$StaticUserFilter) to context logs
2019-10-03 21:12:55,162 [main] INFO  http.HttpServer2 (HttpServer2.java:addFilter(958)) - Added filter static_user_filter (class=org.apache.hadoop.http.lib.StaticUserWebFilter$StaticUserFilter) to context static
2019-10-03 21:12:55,163 [main] INFO  http.HttpServer2 (HttpServer2.java:bindListener(1191)) - Jetty bound to port 40459
2019-10-03 21:12:55,163 [main] INFO  server.Server (Server.java:doStart(351)) - jetty-9.3.25.v20180904, build timestamp: 2018-09-04T21:11:46Z, git hash: 3ce520221d0240229c862b122d2b06c12a625732
2019-10-03 21:12:55,164 [main] INFO  handler.ContextHandler (ContextHandler.java:doStart(781)) - Started o.e.j.s.ServletContextHandler@2484dbb7{/logs,file:///workdir/hadoop-ozone/integration-test/target/log,AVAILABLE}
2019-10-03 21:12:55,165 [main] INFO  handler.ContextHandler (ContextHandler.java:doStart(781)) - Started o.e.j.s.ServletContextHandler@48e41b5d{/static,jar:file:/home/user/.m2/repository/org/apache/hadoop/hadoop-hdds-container-service/0.5.0-SNAPSHOT/hadoop-hdds-container-service-0.5.0-SNAPSHOT.jar!/webapps/static,AVAILABLE}
2019-10-03 21:12:55,189 [main] INFO  handler.ContextHandler (ContextHandler.java:doStart(781)) - Started o.e.j.w.WebAppContext@279126f5{/,file:///tmp/jetty-0.0.0.0-40459-hddsDatanode-_-any-6041992199504437949.dir/webapp/,AVAILABLE}{/hddsDatanode}
2019-10-03 21:12:55,189 [main] INFO  server.AbstractConnector (AbstractConnector.java:doStart(278)) - Started ServerConnector@7781263c{HTTP/1.1,[http/1.1]}{0.0.0.0:40459}
2019-10-03 21:12:55,193 [main] INFO  server.Server (Server.java:doStart(419)) - Started @219285ms
2019-10-03 21:12:55,193 [main] WARN  impl.MetricsSystemImpl (MetricsSystemImpl.java:register(276)) - Sink prometheus already exists!
2019-10-03 21:12:55,193 [main] INFO  server.BaseHttpServer (BaseHttpServer.java:updateConnectorAddress(215)) - HTTP server of HDDSDATANODE is listening at http://0.0.0.0:40459
2019-10-03 21:12:55,194 [main] INFO  impl.MetricsSystemImpl (MetricsSystemImpl.java:init(158)) - HddsDatanode metrics system started (again)
2019-10-03 21:12:55,213 [org.apache.hadoop.util.JvmPauseMonitor$Monitor@633f0e09] INFO  util.JvmPauseMonitor (JvmPauseMonitor.java:run(188)) - Starting JVM pause monitor
2019-10-03 21:12:55,214 [Datanode State Machine Thread - 0] INFO  datanode.InitDatanodeState (InitDatanodeState.java:persistContainerDatanodeDetails(140)) - DatanodeDetails is persisted to /workdir/hadoop-ozone/integration-test/target/test-dir/MiniOzoneClusterImpl-ed63f357-304f-428a-b49a-7d64402b049a/datanode-5/meta/datanode.id
2019-10-03 21:12:55,216 [main] INFO  ozone.HddsDatanodeService (HddsDatanodeService.java:start(184)) - HddsDatanodeService host:pr-hdds-2225-n29jj-1390324493 ip:192.168.30.42
2019-10-03 21:12:55,228 [main] INFO  volume.HddsVolume (HddsVolume.java:<init>(176)) - Creating Volume: /workdir/hadoop-ozone/integration-test/target/test-dir/MiniOzoneClusterImpl-ed63f357-304f-428a-b49a-7d64402b049a/datanode-6/data/containers/hdds of  storage type : DISK and capacity : 1482555576320
2019-10-03 21:12:55,229 [main] INFO  volume.VolumeSet (VolumeSet.java:initializeVolumeSet(170)) - Added Volume : /workdir/hadoop-ozone/integration-test/target/test-dir/MiniOzoneClusterImpl-ed63f357-304f-428a-b49a-7d64402b049a/datanode-6/data/containers/hdds to VolumeSet
2019-10-03 21:12:55,229 [main] INFO  volume.ThrottledAsyncChecker (ThrottledAsyncChecker.java:schedule(139)) - Scheduling a check for org.apache.hadoop.ozone.container.common.volume.HddsVolume@40bd0f8
2019-10-03 21:12:55,230 [main] INFO  volume.HddsVolumeChecker (HddsVolumeChecker.java:checkAllVolumes(202)) - Scheduled health check for volume org.apache.hadoop.ozone.container.common.volume.HddsVolume@40bd0f8
2019-10-03 21:12:55,249 [main] INFO  impl.RaftServerProxy (ConfUtils.java:logGet(43)) - raft.rpc.type = GRPC (default)
2019-10-03 21:12:55,250 [main] INFO  grpc.GrpcFactory (GrpcFactory.java:checkPooledByteBufAllocatorUseCacheForAllThreads(45)) - PERFORMANCE WARNING: useCacheForAllThreads is true that may cause Netty to create a lot garbage objects and, as a result, trigger GC.
	It is recommended to disable useCacheForAllThreads by setting -Dorg.apache.ratis.thirdparty.io.netty.allocator.useCacheForAllThreads=false in command line.
2019-10-03 21:12:55,250 [main] INFO  grpc.GrpcConfigKeys$Server (ConfUtils.java:logGet(43)) - raft.grpc.server.port = 0 (default)
2019-10-03 21:12:55,250 [main] INFO  server.GrpcService (ConfUtils.java:logGet(43)) - raft.grpc.message.size.max = 33570816 (custom)
2019-10-03 21:12:55,250 [main] INFO  server.RaftServerConfigKeys (ConfUtils.java:logGet(43)) - raft.server.log.appender.buffer.byte-limit = 33554432 (custom)
2019-10-03 21:12:55,251 [main] INFO  server.GrpcService (ConfUtils.java:logGet(43)) - raft.grpc.flow.control.window = 1MB (=1048576) (default)
2019-10-03 21:12:55,251 [main] INFO  server.RaftServerConfigKeys (ConfUtils.java:logGet(43)) - raft.server.rpc.request.timeout = 3000ms (default)
2019-10-03 21:12:55,251 [main] INFO  server.RaftServerConfigKeys (ConfUtils.java:logGet(43)) - raft.server.storage.dir = [/workdir/hadoop-ozone/integration-test/target/test-dir/MiniOzoneClusterImpl-ed63f357-304f-428a-b49a-7d64402b049a/datanode-6/data/ratis] (custom)
2019-10-03 21:12:55,253 [main] INFO  hdfs.DFSUtil (DFSUtil.java:httpServerTemplateForNNAndJN(1641)) - Starting Web-server for hddsDatanode at: http://0.0.0.0:0
2019-10-03 21:12:55,254 [main] INFO  server.AuthenticationFilter (AuthenticationFilter.java:constructSecretProvider(240)) - Unable to initialize FileSignerSecretProvider, falling back to use random secrets.
2019-10-03 21:12:55,255 [main] WARN  http.HttpRequestLog (HttpRequestLog.java:getRequestLog(97)) - Jetty request log can only be enabled using Log4j
2019-10-03 21:12:55,256 [main] INFO  http.HttpServer2 (HttpServer2.java:addGlobalFilter(975)) - Added global filter 'safety' (class=org.apache.hadoop.http.HttpServer2$QuotingInputFilter)
2019-10-03 21:12:55,257 [main] INFO  http.HttpServer2 (HttpServer2.java:addFilter(948)) - Added filter static_user_filter (class=org.apache.hadoop.http.lib.StaticUserWebFilter$StaticUserFilter) to context hddsDatanode
2019-10-03 21:12:55,257 [main] INFO  http.HttpServer2 (HttpServer2.java:addFilter(958)) - Added filter static_user_filter (class=org.apache.hadoop.http.lib.StaticUserWebFilter$StaticUserFilter) to context logs
2019-10-03 21:12:55,257 [main] INFO  http.HttpServer2 (HttpServer2.java:addFilter(958)) - Added filter static_user_filter (class=org.apache.hadoop.http.lib.StaticUserWebFilter$StaticUserFilter) to context static
2019-10-03 21:12:55,258 [main] INFO  http.HttpServer2 (HttpServer2.java:bindListener(1191)) - Jetty bound to port 46518
2019-10-03 21:12:55,258 [main] INFO  server.Server (Server.java:doStart(351)) - jetty-9.3.25.v20180904, build timestamp: 2018-09-04T21:11:46Z, git hash: 3ce520221d0240229c862b122d2b06c12a625732
2019-10-03 21:12:55,261 [main] INFO  handler.ContextHandler (ContextHandler.java:doStart(781)) - Started o.e.j.s.ServletContextHandler@6aae0e6f{/logs,file:///workdir/hadoop-ozone/integration-test/target/log,AVAILABLE}
2019-10-03 21:12:55,261 [main] INFO  handler.ContextHandler (ContextHandler.java:doStart(781)) - Started o.e.j.s.ServletContextHandler@7b9e25bd{/static,jar:file:/home/user/.m2/repository/org/apache/hadoop/hadoop-hdds-container-service/0.5.0-SNAPSHOT/hadoop-hdds-container-service-0.5.0-SNAPSHOT.jar!/webapps/static,AVAILABLE}
2019-10-03 21:12:55,301 [main] INFO  handler.ContextHandler (ContextHandler.java:doStart(781)) - Started o.e.j.w.WebAppContext@34c76167{/,file:///tmp/jetty-0.0.0.0-46518-hddsDatanode-_-any-4813852099918286505.dir/webapp/,AVAILABLE}{/hddsDatanode}
2019-10-03 21:12:55,302 [main] INFO  server.AbstractConnector (AbstractConnector.java:doStart(278)) - Started ServerConnector@30b3d899{HTTP/1.1,[http/1.1]}{0.0.0.0:46518}
2019-10-03 21:12:55,306 [main] INFO  server.Server (Server.java:doStart(419)) - Started @219398ms
2019-10-03 21:12:55,306 [main] WARN  impl.MetricsSystemImpl (MetricsSystemImpl.java:register(276)) - Sink prometheus already exists!
2019-10-03 21:12:55,307 [main] INFO  server.BaseHttpServer (BaseHttpServer.java:updateConnectorAddress(215)) - HTTP server of HDDSDATANODE is listening at http://0.0.0.0:46518
2019-10-03 21:12:55,307 [main] INFO  ozone.MiniOzoneClusterImpl (MiniOzoneClusterImpl.java:lambda$waitForClusterToBeReady$0(147)) - Waiting for cluster to be ready. Got 0 of 7 DN Heartbeats.
2019-10-03 21:12:55,308 [org.apache.hadoop.util.JvmPauseMonitor$Monitor@6256d9a6] INFO  util.JvmPauseMonitor (JvmPauseMonitor.java:run(188)) - Starting JVM pause monitor
2019-10-03 21:12:55,310 [Datanode State Machine Thread - 0] INFO  datanode.InitDatanodeState (InitDatanodeState.java:persistContainerDatanodeDetails(140)) - DatanodeDetails is persisted to /workdir/hadoop-ozone/integration-test/target/test-dir/MiniOzoneClusterImpl-ed63f357-304f-428a-b49a-7d64402b049a/datanode-6/meta/datanode.id
2019-10-03 21:12:55,533 [grpc-default-executor-7] WARN  server.GrpcLogAppender (LogUtils.java:warn(134)) - 9c318cf7-b60a-4fbf-bf89-edd5e8cfab55@group-CE40E4357BCC->f658ebac-deb2-49b4-9f10-33c653d96c5d-AppendLogResponseHandler: Failed appendEntries: org.apache.ratis.thirdparty.io.grpc.StatusRuntimeException: UNAVAILABLE: io exception
2019-10-03 21:12:55,533 [grpc-default-executor-6] WARN  server.GrpcLogAppender (LogUtils.java:warn(134)) - 9c318cf7-b60a-4fbf-bf89-edd5e8cfab55@group-CE40E4357BCC->7c505e6a-9687-4d94-9068-e6b7950a282c-AppendLogResponseHandler: Failed appendEntries: org.apache.ratis.thirdparty.io.grpc.StatusRuntimeException: UNAVAILABLE: io exception
2019-10-03 21:12:55,533 [grpc-default-executor-7] INFO  impl.FollowerInfo (FollowerInfo.java:lambda$new$0(51)) - 9c318cf7-b60a-4fbf-bf89-edd5e8cfab55@group-CE40E4357BCC->f658ebac-deb2-49b4-9f10-33c653d96c5d: nextIndex: updateUnconditionally 0 -> 0
2019-10-03 21:12:55,533 [grpc-default-executor-6] INFO  impl.FollowerInfo (FollowerInfo.java:lambda$new$0(51)) - 9c318cf7-b60a-4fbf-bf89-edd5e8cfab55@group-CE40E4357BCC->7c505e6a-9687-4d94-9068-e6b7950a282c: nextIndex: updateUnconditionally 0 -> 0
2019-10-03 21:12:56,308 [main] INFO  ozone.MiniOzoneClusterImpl (MiniOzoneClusterImpl.java:lambda$waitForClusterToBeReady$0(147)) - Waiting for cluster to be ready. Got 0 of 7 DN Heartbeats.
2019-10-03 21:12:56,804 [Datanode State Machine Thread - 0] INFO  ozoneimpl.OzoneContainer (OzoneContainer.java:start(217)) - Attempting to start container services.
2019-10-03 21:12:56,804 [Datanode State Machine Thread - 0] INFO  ozoneimpl.OzoneContainer (OzoneContainer.java:startContainerScrub(179)) - Background container scanner has been disabled.
2019-10-03 21:12:56,804 [Datanode State Machine Thread - 0] INFO  ratis.XceiverServerRatis (XceiverServerRatis.java:start(417)) - Starting XceiverServerRatis b895b4bc-e49d-40c9-b477-965546349b55 at port 0
2019-10-03 21:12:56,810 [Datanode State Machine Thread - 0] INFO  impl.RaftServerProxy (RaftServerProxy.java:lambda$start$3(299)) - b895b4bc-e49d-40c9-b477-965546349b55: start RPC server
2019-10-03 21:12:56,830 [Datanode State Machine Thread - 0] INFO  server.GrpcService (GrpcService.java:startImpl(158)) - b895b4bc-e49d-40c9-b477-965546349b55: GrpcService started, listening on 0.0.0.0/0.0.0.0:42868
2019-10-03 21:12:56,831 [Datanode State Machine Thread - 0] INFO  ratis.XceiverServerRatis (XceiverServerRatis.java:start(427)) - XceiverServerRatis b895b4bc-e49d-40c9-b477-965546349b55 is started using port 42868
2019-10-03 21:12:56,831 [Datanode State Machine Thread - 0] INFO  server.XceiverServerGrpc (XceiverServerGrpc.java:start(149)) - XceiverServerGrpc b895b4bc-e49d-40c9-b477-965546349b55 is started using port 43468
2019-10-03 21:12:56,873 [Datanode State Machine Thread - 0] INFO  ozoneimpl.OzoneContainer (OzoneContainer.java:start(217)) - Attempting to start container services.
2019-10-03 21:12:56,873 [Datanode State Machine Thread - 0] INFO  ozoneimpl.OzoneContainer (OzoneContainer.java:startContainerScrub(179)) - Background container scanner has been disabled.
2019-10-03 21:12:56,873 [Datanode State Machine Thread - 0] INFO  ratis.XceiverServerRatis (XceiverServerRatis.java:start(417)) - Starting XceiverServerRatis b8d16363-d3e2-4275-8bae-3ae5e62f25db at port 0
2019-10-03 21:12:56,877 [Datanode State Machine Thread - 0] INFO  impl.RaftServerProxy (RaftServerProxy.java:lambda$start$3(299)) - b8d16363-d3e2-4275-8bae-3ae5e62f25db: start RPC server
2019-10-03 21:12:56,878 [Datanode State Machine Thread - 0] INFO  server.GrpcService (GrpcService.java:startImpl(158)) - b8d16363-d3e2-4275-8bae-3ae5e62f25db: GrpcService started, listening on 0.0.0.0/0.0.0.0:37635
2019-10-03 21:12:56,878 [Datanode State Machine Thread - 0] INFO  ratis.XceiverServerRatis (XceiverServerRatis.java:start(427)) - XceiverServerRatis b8d16363-d3e2-4275-8bae-3ae5e62f25db is started using port 37635
2019-10-03 21:12:56,878 [Datanode State Machine Thread - 0] INFO  server.XceiverServerGrpc (XceiverServerGrpc.java:start(149)) - XceiverServerGrpc b8d16363-d3e2-4275-8bae-3ae5e62f25db is started using port 33672
2019-10-03 21:12:56,963 [Datanode State Machine Thread - 0] INFO  ozoneimpl.OzoneContainer (OzoneContainer.java:start(217)) - Attempting to start container services.
2019-10-03 21:12:56,963 [Datanode State Machine Thread - 0] INFO  ozoneimpl.OzoneContainer (OzoneContainer.java:startContainerScrub(179)) - Background container scanner has been disabled.
2019-10-03 21:12:56,963 [Datanode State Machine Thread - 0] INFO  ratis.XceiverServerRatis (XceiverServerRatis.java:start(417)) - Starting XceiverServerRatis 9ee94575-1721-463e-98a9-5d43f914c816 at port 0
2019-10-03 21:12:56,969 [Datanode State Machine Thread - 0] INFO  impl.RaftServerProxy (RaftServerProxy.java:lambda$start$3(299)) - 9ee94575-1721-463e-98a9-5d43f914c816: start RPC server
2019-10-03 21:12:56,970 [Datanode State Machine Thread - 0] INFO  server.GrpcService (GrpcService.java:startImpl(158)) - 9ee94575-1721-463e-98a9-5d43f914c816: GrpcService started, listening on 0.0.0.0/0.0.0.0:33263
2019-10-03 21:12:56,970 [Datanode State Machine Thread - 0] INFO  ratis.XceiverServerRatis (XceiverServerRatis.java:start(427)) - XceiverServerRatis 9ee94575-1721-463e-98a9-5d43f914c816 is started using port 33263
2019-10-03 21:12:56,970 [Datanode State Machine Thread - 0] INFO  server.XceiverServerGrpc (XceiverServerGrpc.java:start(149)) - XceiverServerGrpc 9ee94575-1721-463e-98a9-5d43f914c816 is started using port 35425
2019-10-03 21:12:57,063 [Datanode State Machine Thread - 0] INFO  ozoneimpl.OzoneContainer (OzoneContainer.java:start(217)) - Attempting to start container services.
2019-10-03 21:12:57,064 [Datanode State Machine Thread - 0] INFO  ozoneimpl.OzoneContainer (OzoneContainer.java:startContainerScrub(179)) - Background container scanner has been disabled.
2019-10-03 21:12:57,064 [Datanode State Machine Thread - 0] INFO  ratis.XceiverServerRatis (XceiverServerRatis.java:start(417)) - Starting XceiverServerRatis 0f5d3176-329d-47ce-ae71-974e95fcee4d at port 0
2019-10-03 21:12:57,070 [Datanode State Machine Thread - 0] INFO  impl.RaftServerProxy (RaftServerProxy.java:lambda$start$3(299)) - 0f5d3176-329d-47ce-ae71-974e95fcee4d: start RPC server
2019-10-03 21:12:57,070 [Datanode State Machine Thread - 0] INFO  server.GrpcService (GrpcService.java:startImpl(158)) - 0f5d3176-329d-47ce-ae71-974e95fcee4d: GrpcService started, listening on 0.0.0.0/0.0.0.0:34687
2019-10-03 21:12:57,070 [Datanode State Machine Thread - 0] INFO  ratis.XceiverServerRatis (XceiverServerRatis.java:start(427)) - XceiverServerRatis 0f5d3176-329d-47ce-ae71-974e95fcee4d is started using port 34687
2019-10-03 21:12:57,071 [Datanode State Machine Thread - 0] INFO  server.XceiverServerGrpc (XceiverServerGrpc.java:start(149)) - XceiverServerGrpc 0f5d3176-329d-47ce-ae71-974e95fcee4d is started using port 39207
2019-10-03 21:12:57,164 [Datanode State Machine Thread - 0] INFO  ozoneimpl.OzoneContainer (OzoneContainer.java:start(217)) - Attempting to start container services.
2019-10-03 21:12:57,164 [Datanode State Machine Thread - 0] INFO  ozoneimpl.OzoneContainer (OzoneContainer.java:startContainerScrub(179)) - Background container scanner has been disabled.
2019-10-03 21:12:57,164 [Datanode State Machine Thread - 0] INFO  ratis.XceiverServerRatis (XceiverServerRatis.java:start(417)) - Starting XceiverServerRatis 38073b40-198b-4c22-9695-3d0f0943ba71 at port 0
2019-10-03 21:12:57,170 [Datanode State Machine Thread - 0] INFO  impl.RaftServerProxy (RaftServerProxy.java:lambda$start$3(299)) - 38073b40-198b-4c22-9695-3d0f0943ba71: start RPC server
2019-10-03 21:12:57,171 [Datanode State Machine Thread - 0] INFO  server.GrpcService (GrpcService.java:startImpl(158)) - 38073b40-198b-4c22-9695-3d0f0943ba71: GrpcService started, listening on 0.0.0.0/0.0.0.0:35683
2019-10-03 21:12:57,171 [Datanode State Machine Thread - 0] INFO  ratis.XceiverServerRatis (XceiverServerRatis.java:start(427)) - XceiverServerRatis 38073b40-198b-4c22-9695-3d0f0943ba71 is started using port 35683
2019-10-03 21:12:57,171 [Datanode State Machine Thread - 0] INFO  server.XceiverServerGrpc (XceiverServerGrpc.java:start(149)) - XceiverServerGrpc 38073b40-198b-4c22-9695-3d0f0943ba71 is started using port 45175
2019-10-03 21:12:57,239 [Datanode State Machine Thread - 0] INFO  ozoneimpl.OzoneContainer (OzoneContainer.java:start(217)) - Attempting to start container services.
2019-10-03 21:12:57,239 [Datanode State Machine Thread - 0] INFO  ozoneimpl.OzoneContainer (OzoneContainer.java:startContainerScrub(179)) - Background container scanner has been disabled.
2019-10-03 21:12:57,240 [Datanode State Machine Thread - 0] INFO  ratis.XceiverServerRatis (XceiverServerRatis.java:start(417)) - Starting XceiverServerRatis 1540fd05-efa4-44f9-ba59-fcb16fc11a7a at port 0
2019-10-03 21:12:57,246 [Datanode State Machine Thread - 0] INFO  impl.RaftServerProxy (RaftServerProxy.java:lambda$start$3(299)) - 1540fd05-efa4-44f9-ba59-fcb16fc11a7a: start RPC server
2019-10-03 21:12:57,255 [Datanode State Machine Thread - 0] INFO  server.GrpcService (GrpcService.java:startImpl(158)) - 1540fd05-efa4-44f9-ba59-fcb16fc11a7a: GrpcService started, listening on 0.0.0.0/0.0.0.0:43562
2019-10-03 21:12:57,255 [Datanode State Machine Thread - 0] INFO  ratis.XceiverServerRatis (XceiverServerRatis.java:start(427)) - XceiverServerRatis 1540fd05-efa4-44f9-ba59-fcb16fc11a7a is started using port 43562
2019-10-03 21:12:57,255 [Datanode State Machine Thread - 0] INFO  server.XceiverServerGrpc (XceiverServerGrpc.java:start(149)) - XceiverServerGrpc 1540fd05-efa4-44f9-ba59-fcb16fc11a7a is started using port 46845
2019-10-03 21:12:57,308 [main] INFO  ozone.MiniOzoneClusterImpl (MiniOzoneClusterImpl.java:lambda$waitForClusterToBeReady$0(147)) - Waiting for cluster to be ready. Got 0 of 7 DN Heartbeats.
2019-10-03 21:12:57,331 [Datanode State Machine Thread - 0] INFO  ozoneimpl.OzoneContainer (OzoneContainer.java:start(217)) - Attempting to start container services.
2019-10-03 21:12:57,332 [Datanode State Machine Thread - 0] INFO  ozoneimpl.OzoneContainer (OzoneContainer.java:startContainerScrub(179)) - Background container scanner has been disabled.
2019-10-03 21:12:57,332 [Datanode State Machine Thread - 0] INFO  ratis.XceiverServerRatis (XceiverServerRatis.java:start(417)) - Starting XceiverServerRatis 77817775-8fed-48c7-84b4-cf2f4cfa5b34 at port 0
2019-10-03 21:12:57,338 [Datanode State Machine Thread - 0] INFO  impl.RaftServerProxy (RaftServerProxy.java:lambda$start$3(299)) - 77817775-8fed-48c7-84b4-cf2f4cfa5b34: start RPC server
2019-10-03 21:12:57,339 [Datanode State Machine Thread - 0] INFO  server.GrpcService (GrpcService.java:startImpl(158)) - 77817775-8fed-48c7-84b4-cf2f4cfa5b34: GrpcService started, listening on 0.0.0.0/0.0.0.0:33673
2019-10-03 21:12:57,339 [Datanode State Machine Thread - 0] INFO  ratis.XceiverServerRatis (XceiverServerRatis.java:start(427)) - XceiverServerRatis 77817775-8fed-48c7-84b4-cf2f4cfa5b34 is started using port 33673
2019-10-03 21:12:57,339 [Datanode State Machine Thread - 0] INFO  server.XceiverServerGrpc (XceiverServerGrpc.java:start(149)) - XceiverServerGrpc 77817775-8fed-48c7-84b4-cf2f4cfa5b34 is started using port 45367
2019-10-03 21:12:58,033 [grpc-default-executor-0] WARN  server.GrpcLogAppender (LogUtils.java:warn(134)) - 9c318cf7-b60a-4fbf-bf89-edd5e8cfab55@group-CE40E4357BCC->7c505e6a-9687-4d94-9068-e6b7950a282c-AppendLogResponseHandler: Failed appendEntries: org.apache.ratis.thirdparty.io.grpc.StatusRuntimeException: UNAVAILABLE: io exception
2019-10-03 21:12:58,033 [grpc-default-executor-2] WARN  server.GrpcLogAppender (LogUtils.java:warn(134)) - 9c318cf7-b60a-4fbf-bf89-edd5e8cfab55@group-CE40E4357BCC->f658ebac-deb2-49b4-9f10-33c653d96c5d-AppendLogResponseHandler: Failed appendEntries: org.apache.ratis.thirdparty.io.grpc.StatusRuntimeException: UNAVAILABLE: io exception
2019-10-03 21:12:58,034 [grpc-default-executor-0] INFO  impl.FollowerInfo (FollowerInfo.java:lambda$new$0(51)) - 9c318cf7-b60a-4fbf-bf89-edd5e8cfab55@group-CE40E4357BCC->7c505e6a-9687-4d94-9068-e6b7950a282c: nextIndex: updateUnconditionally 0 -> 0
2019-10-03 21:12:58,034 [grpc-default-executor-2] INFO  impl.FollowerInfo (FollowerInfo.java:lambda$new$0(51)) - 9c318cf7-b60a-4fbf-bf89-edd5e8cfab55@group-CE40E4357BCC->f658ebac-deb2-49b4-9f10-33c653d96c5d: nextIndex: updateUnconditionally 0 -> 0
2019-10-03 21:12:58,232 [EventQueue-StaleNodeForStaleNodeHandler] INFO  node.StaleNodeHandler (StaleNodeHandler.java:onMessage(58)) - Datanode f658ebac-deb2-49b4-9f10-33c653d96c5d{ip: 192.168.30.42, host: pr-hdds-2225-n29jj-1390324493, networkLocation: /default-rack, certSerialId: null} moved to stale state. Finalizing its pipelines [PipelineID=6e3239ac-7d4b-41d6-aa76-9623f06a7562, PipelineID=a37241db-fe47-4840-8058-ce40e4357bcc]
2019-10-03 21:12:58,233 [EventQueue-StaleNodeForStaleNodeHandler] INFO  pipeline.SCMPipelineManager (SCMPipelineManager.java:finalizeAndDestroyPipeline(315)) - destroying pipeline:Pipeline[ Id: 6e3239ac-7d4b-41d6-aa76-9623f06a7562, Nodes: f658ebac-deb2-49b4-9f10-33c653d96c5d{ip: 192.168.30.42, host: pr-hdds-2225-n29jj-1390324493, networkLocation: /default-rack, certSerialId: null}, Type:RATIS, Factor:ONE, State:OPEN]
2019-10-03 21:12:58,233 [EventQueue-StaleNodeForStaleNodeHandler] INFO  pipeline.PipelineStateManager (PipelineStateManager.java:finalizePipeline(123)) - Pipeline Pipeline[ Id: 6e3239ac-7d4b-41d6-aa76-9623f06a7562, Nodes: f658ebac-deb2-49b4-9f10-33c653d96c5d{ip: 192.168.30.42, host: pr-hdds-2225-n29jj-1390324493, networkLocation: /default-rack, certSerialId: null}, Type:RATIS, Factor:ONE, State:CLOSED] moved to CLOSED state
2019-10-03 21:12:58,233 [EventQueue-StaleNodeForStaleNodeHandler] INFO  pipeline.SCMPipelineManager (SCMPipelineManager.java:finalizeAndDestroyPipeline(315)) - destroying pipeline:Pipeline[ Id: a37241db-fe47-4840-8058-ce40e4357bcc, Nodes: f658ebac-deb2-49b4-9f10-33c653d96c5d{ip: 192.168.30.42, host: pr-hdds-2225-n29jj-1390324493, networkLocation: /default-rack, certSerialId: null}7c505e6a-9687-4d94-9068-e6b7950a282c{ip: 192.168.30.42, host: pr-hdds-2225-n29jj-1390324493, networkLocation: /default-rack, certSerialId: null}9c318cf7-b60a-4fbf-bf89-edd5e8cfab55{ip: 192.168.30.42, host: pr-hdds-2225-n29jj-1390324493, networkLocation: /default-rack, certSerialId: null}, Type:RATIS, Factor:THREE, State:OPEN]
2019-10-03 21:12:58,234 [EventQueue-StaleNodeForStaleNodeHandler] INFO  pipeline.PipelineStateManager (PipelineStateManager.java:finalizePipeline(123)) - Pipeline Pipeline[ Id: a37241db-fe47-4840-8058-ce40e4357bcc, Nodes: f658ebac-deb2-49b4-9f10-33c653d96c5d{ip: 192.168.30.42, host: pr-hdds-2225-n29jj-1390324493, networkLocation: /default-rack, certSerialId: null}7c505e6a-9687-4d94-9068-e6b7950a282c{ip: 192.168.30.42, host: pr-hdds-2225-n29jj-1390324493, networkLocation: /default-rack, certSerialId: null}9c318cf7-b60a-4fbf-bf89-edd5e8cfab55{ip: 192.168.30.42, host: pr-hdds-2225-n29jj-1390324493, networkLocation: /default-rack, certSerialId: null}, Type:RATIS, Factor:THREE, State:CLOSED] moved to CLOSED state
2019-10-03 21:12:58,234 [EventQueue-CloseContainerForCloseContainerEventHandler] INFO  container.CloseContainerEventHandler (CloseContainerEventHandler.java:onMessage(61)) - Close container Event triggered for container : #1
2019-10-03 21:12:58,309 [main] INFO  ozone.MiniOzoneClusterImpl (MiniOzoneClusterImpl.java:lambda$waitForClusterToBeReady$0(147)) - Waiting for cluster to be ready. Got 0 of 7 DN Heartbeats.
2019-10-03 21:12:58,770 [IPC Server handler 0 on 33382] INFO  net.NetworkTopology (NetworkTopologyImpl.java:add(111)) - Added a new node: /default-rack/b895b4bc-e49d-40c9-b477-965546349b55
2019-10-03 21:12:58,775 [IPC Server handler 0 on 33382] INFO  node.SCMNodeManager (SCMNodeManager.java:register(266)) - Registered Data node : b895b4bc-e49d-40c9-b477-965546349b55{ip: 192.168.30.42, host: pr-hdds-2225-n29jj-1390324493, networkLocation: /default-rack, certSerialId: null}
2019-10-03 21:12:58,775 [EventQueue-NodeRegistrationContainerReportForDataNodeSafeModeRule] INFO  safemode.SCMSafeModeManager (DataNodeSafeModeRule.java:process(71)) - SCM in safe mode. 1 DataNodes registered, 1 required.
2019-10-03 21:12:58,779 [EventQueue-NodeRegistrationContainerReportForDataNodeSafeModeRule] INFO  safemode.SCMSafeModeManager (SCMSafeModeManager.java:validateSafeModeExitRules(177)) - ScmSafeModeManager, all rules are successfully validated
2019-10-03 21:12:58,779 [EventQueue-NodeRegistrationContainerReportForDataNodeSafeModeRule] INFO  safemode.SCMSafeModeManager (SCMSafeModeManager.java:exitSafeMode(193)) - SCM exiting safe mode.
2019-10-03 21:12:58,789 [grpc-default-executor-2] INFO  impl.RaftServerProxy (RaftServerProxy.java:addNew(89)) - b895b4bc-e49d-40c9-b477-965546349b55: addNew group-1545D24D75AD:[b895b4bc-e49d-40c9-b477-965546349b55:192.168.30.42:42868] returns group-1545D24D75AD:java.util.concurrent.CompletableFuture@11a51603[Not completed]
2019-10-03 21:12:58,790 [pool-383-thread-1] INFO  impl.RaftServerImpl (RaftServerImpl.java:<init>(95)) - b895b4bc-e49d-40c9-b477-965546349b55: new RaftServerImpl for group-1545D24D75AD:[b895b4bc-e49d-40c9-b477-965546349b55:192.168.30.42:42868] with ContainerStateMachine:uninitialized
2019-10-03 21:12:58,791 [pool-383-thread-1] INFO  server.RaftServerConfigKeys (ConfUtils.java:logGet(43)) - raft.server.rpc.timeout.min = 5s (custom)
2019-10-03 21:12:58,791 [pool-383-thread-1] INFO  server.RaftServerConfigKeys (ConfUtils.java:logGet(43)) - raft.server.rpc.timeout.max = 5200ms (custom)
2019-10-03 21:12:58,791 [pool-383-thread-1] INFO  server.RaftServerConfigKeys (ConfUtils.java:logGet(43)) - raft.server.rpcslowness.timeout = 120s (custom)
2019-10-03 21:12:58,791 [pool-383-thread-1] INFO  server.RaftServerConfigKeys (ConfUtils.java:logGet(43)) - raft.server.sleep.deviation.threshold = 300 (default)
2019-10-03 21:12:58,791 [pool-383-thread-1] INFO  server.RaftServerConfigKeys (ConfUtils.java:logGet(43)) - raft.server.log.appender.install.snapshot.enabled = false (custom)
2019-10-03 21:12:58,791 [pool-383-thread-1] INFO  impl.RaftServerImpl (ServerState.java:<init>(103)) - b895b4bc-e49d-40c9-b477-965546349b55@group-1545D24D75AD: ConfigurationManager, init=-1: [b895b4bc-e49d-40c9-b477-965546349b55:192.168.30.42:42868], old=null, confs=<EMPTY_MAP>
2019-10-03 21:12:58,792 [pool-383-thread-1] INFO  server.RaftServerConfigKeys (ConfUtils.java:logGet(43)) - raft.server.storage.dir = [/workdir/hadoop-ozone/integration-test/target/test-dir/MiniOzoneClusterImpl-ed63f357-304f-428a-b49a-7d64402b049a/datanode-0/data/ratis] (custom)
2019-10-03 21:12:58,792 [pool-383-thread-1] INFO  server.RaftServerConfigKeys (ConfUtils.java:logGet(43)) - raft.server.log.corruption.policy = EXCEPTION (default)
2019-10-03 21:12:58,792 [pool-383-thread-1] INFO  storage.RaftStorageDirectory (RaftStorageDirectory.java:analyzeStorage(246)) - The storage directory /workdir/hadoop-ozone/integration-test/target/test-dir/MiniOzoneClusterImpl-ed63f357-304f-428a-b49a-7d64402b049a/datanode-0/data/ratis/379ead4e-90e5-4250-8c31-1545d24d75ad does not exist. Creating ...
2019-10-03 21:12:58,815 [pool-383-thread-1] INFO  storage.RaftStorageDirectory (RaftStorageDirectory.java:tryLock(328)) - Lock on /workdir/hadoop-ozone/integration-test/target/test-dir/MiniOzoneClusterImpl-ed63f357-304f-428a-b49a-7d64402b049a/datanode-0/data/ratis/379ead4e-90e5-4250-8c31-1545d24d75ad/in_use.lock acquired by nodename 4957@pr-hdds-2225-n29jj-1390324493
2019-10-03 21:12:58,830 [pool-383-thread-1] INFO  storage.RaftStorage (RaftStorage.java:format(84)) - Storage directory /workdir/hadoop-ozone/integration-test/target/test-dir/MiniOzoneClusterImpl-ed63f357-304f-428a-b49a-7d64402b049a/datanode-0/data/ratis/379ead4e-90e5-4250-8c31-1545d24d75ad has been successfully formatted.
2019-10-03 21:12:58,830 [pool-383-thread-1] INFO  ratis.ContainerStateMachine (ContainerStateMachine.java:loadSnapshot(230)) - group-1545D24D75AD: The snapshot info is null. Setting the last applied indexto:(t:0, i:~)
2019-10-03 21:12:58,830 [pool-383-thread-1] INFO  server.RaftServerConfigKeys (ConfUtils.java:logGet(43)) - raft.server.notification.no-leader.timeout = 120s (custom)
2019-10-03 21:12:58,830 [pool-383-thread-1] INFO  server.RaftServerConfigKeys (ConfUtils.java:logGet(43)) - raft.server.log.use.memory = false (default)
2019-10-03 21:12:58,831 [pool-383-thread-1] INFO  server.RaftServerConfigKeys (ConfUtils.java:logGet(43)) - raft.server.log.purge.gap = 1000000 (custom)
2019-10-03 21:12:58,831 [pool-383-thread-1] INFO  server.RaftServerConfigKeys (ConfUtils.java:logGet(43)) - raft.server.log.appender.buffer.byte-limit = 33554432 (custom)
2019-10-03 21:12:58,831 [pool-383-thread-1] INFO  server.RaftServerConfigKeys (ConfUtils.java:logGet(43)) - raft.server.log.segment.size.max = 1048576 (custom)
2019-10-03 21:12:58,833 [pool-383-thread-1] INFO  server.RaftServerConfigKeys (ConfUtils.java:logGet(43)) - raft.server.log.segment.cache.num.max = 2 (custom)
2019-10-03 21:12:58,833 [pool-383-thread-1] INFO  segmented.SegmentedRaftLogWorker (SegmentedRaftLogWorker.java:<init>(173)) - new b895b4bc-e49d-40c9-b477-965546349b55@group-1545D24D75AD-SegmentedRaftLogWorker for RaftStorage:Storage Directory /workdir/hadoop-ozone/integration-test/target/test-dir/MiniOzoneClusterImpl-ed63f357-304f-428a-b49a-7d64402b049a/datanode-0/data/ratis/379ead4e-90e5-4250-8c31-1545d24d75ad
2019-10-03 21:12:58,833 [pool-383-thread-1] INFO  server.RaftServerConfigKeys (ConfUtils.java:logGet(43)) - raft.server.log.queue.byte-limit = 2147483647 (custom)
2019-10-03 21:12:58,833 [pool-383-thread-1] INFO  server.RaftServerConfigKeys (ConfUtils.java:logGet(43)) - raft.server.log.queue.element-limit = 1024 (custom)
2019-10-03 21:12:58,833 [pool-383-thread-1] INFO  server.RaftServerConfigKeys (ConfUtils.java:logGet(43)) - raft.server.log.segment.size.max = 1048576 (custom)
2019-10-03 21:12:58,833 [pool-383-thread-1] INFO  server.RaftServerConfigKeys (ConfUtils.java:logGet(43)) - raft.server.log.preallocated.size = 16384 (custom)
2019-10-03 21:12:58,834 [pool-383-thread-1] INFO  server.RaftServerConfigKeys (ConfUtils.java:logGet(43)) - raft.server.log.write.buffer.size = 33554432 (custom)
2019-10-03 21:12:58,834 [pool-383-thread-1] INFO  server.RaftServerConfigKeys (ConfUtils.java:logGet(43)) - raft.server.log.force.sync.num = 128 (default)
2019-10-03 21:12:58,834 [pool-383-thread-1] INFO  server.RaftServerConfigKeys (ConfUtils.java:logGet(43)) - raft.server.log.statemachine.data.sync = true (default)
2019-10-03 21:12:58,834 [pool-383-thread-1] INFO  server.RaftServerConfigKeys (ConfUtils.java:logGet(43)) - raft.server.log.statemachine.data.sync.timeout = 10s (default)
2019-10-03 21:12:58,834 [pool-383-thread-1] INFO  server.RaftServerConfigKeys (ConfUtils.java:logGet(43)) - raft.server.log.statemachine.data.sync.timeout.retry = -1 (default)
2019-10-03 21:12:58,834 [pool-383-thread-1] INFO  server.RaftServerConfigKeys (ConfUtils.java:logGet(43)) - raft.server.log.statemachine.data.caching.enabled = true (custom)
2019-10-03 21:12:58,835 [pool-383-thread-1] INFO  segmented.SegmentedRaftLogWorker (SegmentedRaftLogWorker.java:lambda$new$0(128)) - b895b4bc-e49d-40c9-b477-965546349b55@group-1545D24D75AD-SegmentedRaftLogWorker: flushIndex: setUnconditionally 0 -> -1
2019-10-03 21:12:58,835 [pool-383-thread-1] INFO  server.RaftServerConfigKeys (ConfUtils.java:logGet(43)) - raft.server.snapshot.auto.trigger.enabled = true (custom)
2019-10-03 21:12:58,835 [pool-383-thread-1] INFO  server.RaftServerConfigKeys (ConfUtils.java:logGet(43)) - raft.server.snapshot.auto.trigger.threshold = 10000 (custom)
2019-10-03 21:12:58,835 [pool-383-thread-1] INFO  server.RaftServerConfigKeys (ConfUtils.java:logGet(43)) - raft.server.snapshot.retention.file.num = 5 (custom)
2019-10-03 21:12:58,836 [pool-383-thread-1] INFO  server.RaftServerConfigKeys (ConfUtils.java:logGet(43)) - raft.server.retrycache.expirytime = 600000ms (custom)
2019-10-03 21:12:58,837 [pool-383-thread-1] INFO  impl.RaftServerImpl (RaftServerImpl.java:start(181)) - b895b4bc-e49d-40c9-b477-965546349b55@group-1545D24D75AD: start as a follower, conf=-1: [b895b4bc-e49d-40c9-b477-965546349b55:192.168.30.42:42868], old=null
2019-10-03 21:12:58,837 [pool-383-thread-1] INFO  impl.RaftServerImpl (RaftServerImpl.java:setRole(170)) - b895b4bc-e49d-40c9-b477-965546349b55@group-1545D24D75AD: changes role from      null to FOLLOWER at term 0 for startAsFollower
2019-10-03 21:12:58,837 [pool-383-thread-1] INFO  impl.RoleInfo (RoleInfo.java:updateAndGet(143)) - b895b4bc-e49d-40c9-b477-965546349b55: start FollowerState
2019-10-03 21:12:58,838 [pool-383-thread-1] INFO  util.JmxRegister (JmxRegister.java:tryRegister(44)) - Successfully registered JMX Bean with object name Ratis:service=RaftServer,group=group-1545D24D75AD,id=b895b4bc-e49d-40c9-b477-965546349b55
2019-10-03 21:12:58,842 [IPC Server handler 1 on 33382] INFO  net.NetworkTopology (NetworkTopologyImpl.java:add(111)) - Added a new node: /default-rack/b8d16363-d3e2-4275-8bae-3ae5e62f25db
2019-10-03 21:12:58,842 [RatisPipelineUtilsThread] INFO  pipeline.PipelineStateManager (PipelineStateManager.java:addPipeline(56)) - Created pipeline Pipeline[ Id: 379ead4e-90e5-4250-8c31-1545d24d75ad, Nodes: b895b4bc-e49d-40c9-b477-965546349b55{ip: 192.168.30.42, host: pr-hdds-2225-n29jj-1390324493, networkLocation: /default-rack, certSerialId: null}, Type:RATIS, Factor:ONE, State:OPEN]
2019-10-03 21:12:58,842 [IPC Server handler 1 on 33382] INFO  node.SCMNodeManager (SCMNodeManager.java:register(266)) - Registered Data node : b8d16363-d3e2-4275-8bae-3ae5e62f25db{ip: 192.168.30.42, host: pr-hdds-2225-n29jj-1390324493, networkLocation: /default-rack, certSerialId: null}
2019-10-03 21:12:58,851 [grpc-default-executor-2] INFO  impl.RaftServerProxy (RaftServerProxy.java:addNew(89)) - b8d16363-d3e2-4275-8bae-3ae5e62f25db: addNew group-C613CA90D678:[b8d16363-d3e2-4275-8bae-3ae5e62f25db:192.168.30.42:37635] returns group-C613CA90D678:java.util.concurrent.CompletableFuture@6c19c991[Not completed]
2019-10-03 21:12:58,853 [pool-393-thread-1] INFO  impl.RaftServerImpl (RaftServerImpl.java:<init>(95)) - b8d16363-d3e2-4275-8bae-3ae5e62f25db: new RaftServerImpl for group-C613CA90D678:[b8d16363-d3e2-4275-8bae-3ae5e62f25db:192.168.30.42:37635] with ContainerStateMachine:uninitialized
2019-10-03 21:12:58,853 [pool-393-thread-1] INFO  server.RaftServerConfigKeys (ConfUtils.java:logGet(43)) - raft.server.rpc.timeout.min = 5s (custom)
2019-10-03 21:12:58,853 [pool-393-thread-1] INFO  server.RaftServerConfigKeys (ConfUtils.java:logGet(43)) - raft.server.rpc.timeout.max = 5200ms (custom)
2019-10-03 21:12:58,853 [pool-393-thread-1] INFO  server.RaftServerConfigKeys (ConfUtils.java:logGet(43)) - raft.server.rpcslowness.timeout = 120s (custom)
2019-10-03 21:12:58,853 [pool-393-thread-1] INFO  server.RaftServerConfigKeys (ConfUtils.java:logGet(43)) - raft.server.sleep.deviation.threshold = 300 (default)
2019-10-03 21:12:58,854 [pool-393-thread-1] INFO  server.RaftServerConfigKeys (ConfUtils.java:logGet(43)) - raft.server.log.appender.install.snapshot.enabled = false (custom)
2019-10-03 21:12:58,854 [pool-393-thread-1] INFO  impl.RaftServerImpl (ServerState.java:<init>(103)) - b8d16363-d3e2-4275-8bae-3ae5e62f25db@group-C613CA90D678: ConfigurationManager, init=-1: [b8d16363-d3e2-4275-8bae-3ae5e62f25db:192.168.30.42:37635], old=null, confs=<EMPTY_MAP>
2019-10-03 21:12:58,854 [pool-393-thread-1] INFO  server.RaftServerConfigKeys (ConfUtils.java:logGet(43)) - raft.server.storage.dir = [/workdir/hadoop-ozone/integration-test/target/test-dir/MiniOzoneClusterImpl-ed63f357-304f-428a-b49a-7d64402b049a/datanode-1/data/ratis] (custom)
2019-10-03 21:12:58,854 [pool-393-thread-1] INFO  server.RaftServerConfigKeys (ConfUtils.java:logGet(43)) - raft.server.log.corruption.policy = EXCEPTION (default)
2019-10-03 21:12:58,854 [pool-393-thread-1] INFO  storage.RaftStorageDirectory (RaftStorageDirectory.java:analyzeStorage(246)) - The storage directory /workdir/hadoop-ozone/integration-test/target/test-dir/MiniOzoneClusterImpl-ed63f357-304f-428a-b49a-7d64402b049a/datanode-1/data/ratis/30327528-1f80-4e88-bc19-c613ca90d678 does not exist. Creating ...
2019-10-03 21:12:58,869 [pool-393-thread-1] INFO  storage.RaftStorageDirectory (RaftStorageDirectory.java:tryLock(328)) - Lock on /workdir/hadoop-ozone/integration-test/target/test-dir/MiniOzoneClusterImpl-ed63f357-304f-428a-b49a-7d64402b049a/datanode-1/data/ratis/30327528-1f80-4e88-bc19-c613ca90d678/in_use.lock acquired by nodename 4957@pr-hdds-2225-n29jj-1390324493
2019-10-03 21:12:58,883 [pool-393-thread-1] INFO  storage.RaftStorage (RaftStorage.java:format(84)) - Storage directory /workdir/hadoop-ozone/integration-test/target/test-dir/MiniOzoneClusterImpl-ed63f357-304f-428a-b49a-7d64402b049a/datanode-1/data/ratis/30327528-1f80-4e88-bc19-c613ca90d678 has been successfully formatted.
2019-10-03 21:12:58,883 [pool-393-thread-1] INFO  ratis.ContainerStateMachine (ContainerStateMachine.java:loadSnapshot(230)) - group-C613CA90D678: The snapshot info is null. Setting the last applied indexto:(t:0, i:~)
2019-10-03 21:12:58,884 [pool-393-thread-1] INFO  server.RaftServerConfigKeys (ConfUtils.java:logGet(43)) - raft.server.notification.no-leader.timeout = 120s (custom)
2019-10-03 21:12:58,884 [pool-393-thread-1] INFO  server.RaftServerConfigKeys (ConfUtils.java:logGet(43)) - raft.server.log.use.memory = false (default)
2019-10-03 21:12:58,884 [pool-393-thread-1] INFO  server.RaftServerConfigKeys (ConfUtils.java:logGet(43)) - raft.server.log.purge.gap = 1000000 (custom)
2019-10-03 21:12:58,884 [pool-393-thread-1] INFO  server.RaftServerConfigKeys (ConfUtils.java:logGet(43)) - raft.server.log.appender.buffer.byte-limit = 33554432 (custom)
2019-10-03 21:12:58,884 [pool-393-thread-1] INFO  server.RaftServerConfigKeys (ConfUtils.java:logGet(43)) - raft.server.log.segment.size.max = 1048576 (custom)
2019-10-03 21:12:58,886 [pool-393-thread-1] INFO  server.RaftServerConfigKeys (ConfUtils.java:logGet(43)) - raft.server.log.segment.cache.num.max = 2 (custom)
2019-10-03 21:12:58,886 [pool-393-thread-1] INFO  segmented.SegmentedRaftLogWorker (SegmentedRaftLogWorker.java:<init>(173)) - new b8d16363-d3e2-4275-8bae-3ae5e62f25db@group-C613CA90D678-SegmentedRaftLogWorker for RaftStorage:Storage Directory /workdir/hadoop-ozone/integration-test/target/test-dir/MiniOzoneClusterImpl-ed63f357-304f-428a-b49a-7d64402b049a/datanode-1/data/ratis/30327528-1f80-4e88-bc19-c613ca90d678
2019-10-03 21:12:58,886 [pool-393-thread-1] INFO  server.RaftServerConfigKeys (ConfUtils.java:logGet(43)) - raft.server.log.queue.byte-limit = 2147483647 (custom)
2019-10-03 21:12:58,886 [pool-393-thread-1] INFO  server.RaftServerConfigKeys (ConfUtils.java:logGet(43)) - raft.server.log.queue.element-limit = 1024 (custom)
2019-10-03 21:12:58,887 [pool-393-thread-1] INFO  server.RaftServerConfigKeys (ConfUtils.java:logGet(43)) - raft.server.log.segment.size.max = 1048576 (custom)
2019-10-03 21:12:58,887 [pool-393-thread-1] INFO  server.RaftServerConfigKeys (ConfUtils.java:logGet(43)) - raft.server.log.preallocated.size = 16384 (custom)
2019-10-03 21:12:58,887 [pool-393-thread-1] INFO  server.RaftServerConfigKeys (ConfUtils.java:logGet(43)) - raft.server.log.write.buffer.size = 33554432 (custom)
2019-10-03 21:12:58,887 [pool-393-thread-1] INFO  server.RaftServerConfigKeys (ConfUtils.java:logGet(43)) - raft.server.log.force.sync.num = 128 (default)
2019-10-03 21:12:58,887 [pool-393-thread-1] INFO  server.RaftServerConfigKeys (ConfUtils.java:logGet(43)) - raft.server.log.statemachine.data.sync = true (default)
2019-10-03 21:12:58,887 [pool-393-thread-1] INFO  server.RaftServerConfigKeys (ConfUtils.java:logGet(43)) - raft.server.log.statemachine.data.sync.timeout = 10s (default)
2019-10-03 21:12:58,887 [pool-393-thread-1] INFO  server.RaftServerConfigKeys (ConfUtils.java:logGet(43)) - raft.server.log.statemachine.data.sync.timeout.retry = -1 (default)
2019-10-03 21:12:58,888 [pool-393-thread-1] INFO  server.RaftServerConfigKeys (ConfUtils.java:logGet(43)) - raft.server.log.statemachine.data.caching.enabled = true (custom)
2019-10-03 21:12:58,888 [pool-393-thread-1] INFO  segmented.SegmentedRaftLogWorker (SegmentedRaftLogWorker.java:lambda$new$0(128)) - b8d16363-d3e2-4275-8bae-3ae5e62f25db@group-C613CA90D678-SegmentedRaftLogWorker: flushIndex: setUnconditionally 0 -> -1
2019-10-03 21:12:58,888 [pool-393-thread-1] INFO  server.RaftServerConfigKeys (ConfUtils.java:logGet(43)) - raft.server.snapshot.auto.trigger.enabled = true (custom)
2019-10-03 21:12:58,888 [pool-393-thread-1] INFO  server.RaftServerConfigKeys (ConfUtils.java:logGet(43)) - raft.server.snapshot.auto.trigger.threshold = 10000 (custom)
2019-10-03 21:12:58,889 [pool-393-thread-1] INFO  server.RaftServerConfigKeys (ConfUtils.java:logGet(43)) - raft.server.snapshot.retention.file.num = 5 (custom)
2019-10-03 21:12:58,889 [pool-393-thread-1] INFO  server.RaftServerConfigKeys (ConfUtils.java:logGet(43)) - raft.server.retrycache.expirytime = 600000ms (custom)
2019-10-03 21:12:58,890 [pool-393-thread-1] INFO  impl.RaftServerImpl (RaftServerImpl.java:start(181)) - b8d16363-d3e2-4275-8bae-3ae5e62f25db@group-C613CA90D678: start as a follower, conf=-1: [b8d16363-d3e2-4275-8bae-3ae5e62f25db:192.168.30.42:37635], old=null
2019-10-03 21:12:58,890 [pool-393-thread-1] INFO  impl.RaftServerImpl (RaftServerImpl.java:setRole(170)) - b8d16363-d3e2-4275-8bae-3ae5e62f25db@group-C613CA90D678: changes role from      null to FOLLOWER at term 0 for startAsFollower
2019-10-03 21:12:58,891 [pool-393-thread-1] INFO  impl.RoleInfo (RoleInfo.java:updateAndGet(143)) - b8d16363-d3e2-4275-8bae-3ae5e62f25db: start FollowerState
2019-10-03 21:12:58,891 [pool-393-thread-1] INFO  util.JmxRegister (JmxRegister.java:tryRegister(44)) - Successfully registered JMX Bean with object name Ratis:service=RaftServer,group=group-C613CA90D678,id=b8d16363-d3e2-4275-8bae-3ae5e62f25db
2019-10-03 21:12:58,895 [RatisPipelineUtilsThread] INFO  pipeline.PipelineStateManager (PipelineStateManager.java:addPipeline(56)) - Created pipeline Pipeline[ Id: 30327528-1f80-4e88-bc19-c613ca90d678, Nodes: b8d16363-d3e2-4275-8bae-3ae5e62f25db{ip: 192.168.30.42, host: pr-hdds-2225-n29jj-1390324493, networkLocation: /default-rack, certSerialId: null}, Type:RATIS, Factor:ONE, State:OPEN]
2019-10-03 21:12:58,930 [IPC Server handler 3 on 33382] INFO  net.NetworkTopology (NetworkTopologyImpl.java:add(111)) - Added a new node: /default-rack/9ee94575-1721-463e-98a9-5d43f914c816
2019-10-03 21:12:58,930 [IPC Server handler 3 on 33382] INFO  node.SCMNodeManager (SCMNodeManager.java:register(266)) - Registered Data node : 9ee94575-1721-463e-98a9-5d43f914c816{ip: 192.168.30.42, host: pr-hdds-2225-n29jj-1390324493, networkLocation: /default-rack, certSerialId: null}
2019-10-03 21:12:58,946 [grpc-default-executor-2] INFO  impl.RaftServerProxy (RaftServerProxy.java:addNew(89)) - 9ee94575-1721-463e-98a9-5d43f914c816: addNew group-7032F6F6ABA5:[9ee94575-1721-463e-98a9-5d43f914c816:192.168.30.42:33263] returns group-7032F6F6ABA5:java.util.concurrent.CompletableFuture@654feebf[Not completed]
2019-10-03 21:12:58,946 [pool-403-thread-1] INFO  impl.RaftServerImpl (RaftServerImpl.java:<init>(95)) - 9ee94575-1721-463e-98a9-5d43f914c816: new RaftServerImpl for group-7032F6F6ABA5:[9ee94575-1721-463e-98a9-5d43f914c816:192.168.30.42:33263] with ContainerStateMachine:uninitialized
2019-10-03 21:12:58,947 [pool-403-thread-1] INFO  server.RaftServerConfigKeys (ConfUtils.java:logGet(43)) - raft.server.rpc.timeout.min = 5s (custom)
2019-10-03 21:12:58,947 [pool-403-thread-1] INFO  server.RaftServerConfigKeys (ConfUtils.java:logGet(43)) - raft.server.rpc.timeout.max = 5200ms (custom)
2019-10-03 21:12:58,947 [pool-403-thread-1] INFO  server.RaftServerConfigKeys (ConfUtils.java:logGet(43)) - raft.server.rpcslowness.timeout = 120s (custom)
2019-10-03 21:12:58,947 [pool-403-thread-1] INFO  server.RaftServerConfigKeys (ConfUtils.java:logGet(43)) - raft.server.sleep.deviation.threshold = 300 (default)
2019-10-03 21:12:58,947 [pool-403-thread-1] INFO  server.RaftServerConfigKeys (ConfUtils.java:logGet(43)) - raft.server.log.appender.install.snapshot.enabled = false (custom)
2019-10-03 21:12:58,947 [pool-403-thread-1] INFO  impl.RaftServerImpl (ServerState.java:<init>(103)) - 9ee94575-1721-463e-98a9-5d43f914c816@group-7032F6F6ABA5: ConfigurationManager, init=-1: [9ee94575-1721-463e-98a9-5d43f914c816:192.168.30.42:33263], old=null, confs=<EMPTY_MAP>
2019-10-03 21:12:58,947 [pool-403-thread-1] INFO  server.RaftServerConfigKeys (ConfUtils.java:logGet(43)) - raft.server.storage.dir = [/workdir/hadoop-ozone/integration-test/target/test-dir/MiniOzoneClusterImpl-ed63f357-304f-428a-b49a-7d64402b049a/datanode-2/data/ratis] (custom)
2019-10-03 21:12:58,947 [pool-403-thread-1] INFO  server.RaftServerConfigKeys (ConfUtils.java:logGet(43)) - raft.server.log.corruption.policy = EXCEPTION (default)
2019-10-03 21:12:58,948 [pool-403-thread-1] INFO  storage.RaftStorageDirectory (RaftStorageDirectory.java:analyzeStorage(246)) - The storage directory /workdir/hadoop-ozone/integration-test/target/test-dir/MiniOzoneClusterImpl-ed63f357-304f-428a-b49a-7d64402b049a/datanode-2/data/ratis/593e9675-1823-4f64-bcf9-7032f6f6aba5 does not exist. Creating ...
2019-10-03 21:12:58,961 [pool-403-thread-1] INFO  storage.RaftStorageDirectory (RaftStorageDirectory.java:tryLock(328)) - Lock on /workdir/hadoop-ozone/integration-test/target/test-dir/MiniOzoneClusterImpl-ed63f357-304f-428a-b49a-7d64402b049a/datanode-2/data/ratis/593e9675-1823-4f64-bcf9-7032f6f6aba5/in_use.lock acquired by nodename 4957@pr-hdds-2225-n29jj-1390324493
2019-10-03 21:12:58,976 [pool-403-thread-1] INFO  storage.RaftStorage (RaftStorage.java:format(84)) - Storage directory /workdir/hadoop-ozone/integration-test/target/test-dir/MiniOzoneClusterImpl-ed63f357-304f-428a-b49a-7d64402b049a/datanode-2/data/ratis/593e9675-1823-4f64-bcf9-7032f6f6aba5 has been successfully formatted.
2019-10-03 21:12:58,977 [pool-403-thread-1] INFO  ratis.ContainerStateMachine (ContainerStateMachine.java:loadSnapshot(230)) - group-7032F6F6ABA5: The snapshot info is null. Setting the last applied indexto:(t:0, i:~)
2019-10-03 21:12:58,977 [pool-403-thread-1] INFO  server.RaftServerConfigKeys (ConfUtils.java:logGet(43)) - raft.server.notification.no-leader.timeout = 120s (custom)
2019-10-03 21:12:58,977 [pool-403-thread-1] INFO  server.RaftServerConfigKeys (ConfUtils.java:logGet(43)) - raft.server.log.use.memory = false (default)
2019-10-03 21:12:58,977 [pool-403-thread-1] INFO  server.RaftServerConfigKeys (ConfUtils.java:logGet(43)) - raft.server.log.purge.gap = 1000000 (custom)
2019-10-03 21:12:58,977 [pool-403-thread-1] INFO  server.RaftServerConfigKeys (ConfUtils.java:logGet(43)) - raft.server.log.appender.buffer.byte-limit = 33554432 (custom)
2019-10-03 21:12:58,977 [pool-403-thread-1] INFO  server.RaftServerConfigKeys (ConfUtils.java:logGet(43)) - raft.server.log.segment.size.max = 1048576 (custom)
2019-10-03 21:12:58,978 [pool-403-thread-1] INFO  server.RaftServerConfigKeys (ConfUtils.java:logGet(43)) - raft.server.log.segment.cache.num.max = 2 (custom)
2019-10-03 21:12:58,978 [pool-403-thread-1] INFO  segmented.SegmentedRaftLogWorker (SegmentedRaftLogWorker.java:<init>(173)) - new 9ee94575-1721-463e-98a9-5d43f914c816@group-7032F6F6ABA5-SegmentedRaftLogWorker for RaftStorage:Storage Directory /workdir/hadoop-ozone/integration-test/target/test-dir/MiniOzoneClusterImpl-ed63f357-304f-428a-b49a-7d64402b049a/datanode-2/data/ratis/593e9675-1823-4f64-bcf9-7032f6f6aba5
2019-10-03 21:12:58,978 [pool-403-thread-1] INFO  server.RaftServerConfigKeys (ConfUtils.java:logGet(43)) - raft.server.log.queue.byte-limit = 2147483647 (custom)
2019-10-03 21:12:58,978 [pool-403-thread-1] INFO  server.RaftServerConfigKeys (ConfUtils.java:logGet(43)) - raft.server.log.queue.element-limit = 1024 (custom)
2019-10-03 21:12:58,978 [pool-403-thread-1] INFO  server.RaftServerConfigKeys (ConfUtils.java:logGet(43)) - raft.server.log.segment.size.max = 1048576 (custom)
2019-10-03 21:12:58,979 [pool-403-thread-1] INFO  server.RaftServerConfigKeys (ConfUtils.java:logGet(43)) - raft.server.log.preallocated.size = 16384 (custom)
2019-10-03 21:12:58,979 [pool-403-thread-1] INFO  server.RaftServerConfigKeys (ConfUtils.java:logGet(43)) - raft.server.log.write.buffer.size = 33554432 (custom)
2019-10-03 21:12:58,979 [pool-403-thread-1] INFO  server.RaftServerConfigKeys (ConfUtils.java:logGet(43)) - raft.server.log.force.sync.num = 128 (default)
2019-10-03 21:12:58,979 [pool-403-thread-1] INFO  server.RaftServerConfigKeys (ConfUtils.java:logGet(43)) - raft.server.log.statemachine.data.sync = true (default)
2019-10-03 21:12:58,979 [pool-403-thread-1] INFO  server.RaftServerConfigKeys (ConfUtils.java:logGet(43)) - raft.server.log.statemachine.data.sync.timeout = 10s (default)
2019-10-03 21:12:58,979 [pool-403-thread-1] INFO  server.RaftServerConfigKeys (ConfUtils.java:logGet(43)) - raft.server.log.statemachine.data.sync.timeout.retry = -1 (default)
2019-10-03 21:12:58,979 [pool-403-thread-1] INFO  server.RaftServerConfigKeys (ConfUtils.java:logGet(43)) - raft.server.log.statemachine.data.caching.enabled = true (custom)
2019-10-03 21:12:58,979 [pool-403-thread-1] INFO  segmented.SegmentedRaftLogWorker (SegmentedRaftLogWorker.java:lambda$new$0(128)) - 9ee94575-1721-463e-98a9-5d43f914c816@group-7032F6F6ABA5-SegmentedRaftLogWorker: flushIndex: setUnconditionally 0 -> -1
2019-10-03 21:12:58,980 [pool-403-thread-1] INFO  server.RaftServerConfigKeys (ConfUtils.java:logGet(43)) - raft.server.snapshot.auto.trigger.enabled = true (custom)
2019-10-03 21:12:58,980 [pool-403-thread-1] INFO  server.RaftServerConfigKeys (ConfUtils.java:logGet(43)) - raft.server.snapshot.auto.trigger.threshold = 10000 (custom)
2019-10-03 21:12:58,980 [pool-403-thread-1] INFO  server.RaftServerConfigKeys (ConfUtils.java:logGet(43)) - raft.server.snapshot.retention.file.num = 5 (custom)
2019-10-03 21:12:58,980 [pool-403-thread-1] INFO  server.RaftServerConfigKeys (ConfUtils.java:logGet(43)) - raft.server.retrycache.expirytime = 600000ms (custom)
2019-10-03 21:12:58,981 [pool-403-thread-1] INFO  impl.RaftServerImpl (RaftServerImpl.java:start(181)) - 9ee94575-1721-463e-98a9-5d43f914c816@group-7032F6F6ABA5: start as a follower, conf=-1: [9ee94575-1721-463e-98a9-5d43f914c816:192.168.30.42:33263], old=null
2019-10-03 21:12:58,981 [pool-403-thread-1] INFO  impl.RaftServerImpl (RaftServerImpl.java:setRole(170)) - 9ee94575-1721-463e-98a9-5d43f914c816@group-7032F6F6ABA5: changes role from      null to FOLLOWER at term 0 for startAsFollower
2019-10-03 21:12:58,981 [pool-403-thread-1] INFO  impl.RoleInfo (RoleInfo.java:updateAndGet(143)) - 9ee94575-1721-463e-98a9-5d43f914c816: start FollowerState
2019-10-03 21:12:58,981 [pool-403-thread-1] INFO  util.JmxRegister (JmxRegister.java:tryRegister(44)) - Successfully registered JMX Bean with object name Ratis:service=RaftServer,group=group-7032F6F6ABA5,id=9ee94575-1721-463e-98a9-5d43f914c816
2019-10-03 21:12:58,984 [RatisPipelineUtilsThread] INFO  pipeline.PipelineStateManager (PipelineStateManager.java:addPipeline(56)) - Created pipeline Pipeline[ Id: 593e9675-1823-4f64-bcf9-7032f6f6aba5, Nodes: 9ee94575-1721-463e-98a9-5d43f914c816{ip: 192.168.30.42, host: pr-hdds-2225-n29jj-1390324493, networkLocation: /default-rack, certSerialId: null}, Type:RATIS, Factor:ONE, State:OPEN]
2019-10-03 21:12:59,028 [grpc-default-executor-2] INFO  impl.RaftServerProxy (RaftServerProxy.java:addNew(89)) - 9ee94575-1721-463e-98a9-5d43f914c816: addNew group-613C9AF13EBF:[b8d16363-d3e2-4275-8bae-3ae5e62f25db:192.168.30.42:37635, b895b4bc-e49d-40c9-b477-965546349b55:192.168.30.42:42868, 9ee94575-1721-463e-98a9-5d43f914c816:192.168.30.42:33263] returns group-613C9AF13EBF:java.util.concurrent.CompletableFuture@3c0e0409[Not completed]
2019-10-03 21:12:59,028 [grpc-default-executor-0] INFO  impl.RaftServerProxy (RaftServerProxy.java:addNew(89)) - b8d16363-d3e2-4275-8bae-3ae5e62f25db: addNew group-613C9AF13EBF:[b8d16363-d3e2-4275-8bae-3ae5e62f25db:192.168.30.42:37635, b895b4bc-e49d-40c9-b477-965546349b55:192.168.30.42:42868, 9ee94575-1721-463e-98a9-5d43f914c816:192.168.30.42:33263] returns group-613C9AF13EBF:java.util.concurrent.CompletableFuture@66a65d[Not completed]
2019-10-03 21:12:59,028 [grpc-default-executor-3] INFO  impl.RaftServerProxy (RaftServerProxy.java:addNew(89)) - b895b4bc-e49d-40c9-b477-965546349b55: addNew group-613C9AF13EBF:[b8d16363-d3e2-4275-8bae-3ae5e62f25db:192.168.30.42:37635, b895b4bc-e49d-40c9-b477-965546349b55:192.168.30.42:42868, 9ee94575-1721-463e-98a9-5d43f914c816:192.168.30.42:33263] returns group-613C9AF13EBF:java.util.concurrent.CompletableFuture@4e59e6d5[Not completed]
2019-10-03 21:12:59,029 [pool-393-thread-1] INFO  impl.RaftServerImpl (RaftServerImpl.java:<init>(95)) - b8d16363-d3e2-4275-8bae-3ae5e62f25db: new RaftServerImpl for group-613C9AF13EBF:[b8d16363-d3e2-4275-8bae-3ae5e62f25db:192.168.30.42:37635, b895b4bc-e49d-40c9-b477-965546349b55:192.168.30.42:42868, 9ee94575-1721-463e-98a9-5d43f914c816:192.168.30.42:33263] with ContainerStateMachine:uninitialized
2019-10-03 21:12:59,029 [pool-393-thread-1] INFO  server.RaftServerConfigKeys (ConfUtils.java:logGet(43)) - raft.server.rpc.timeout.min = 5s (custom)
2019-10-03 21:12:59,029 [pool-383-thread-1] INFO  impl.RaftServerImpl (RaftServerImpl.java:<init>(95)) - b895b4bc-e49d-40c9-b477-965546349b55: new RaftServerImpl for group-613C9AF13EBF:[b8d16363-d3e2-4275-8bae-3ae5e62f25db:192.168.30.42:37635, b895b4bc-e49d-40c9-b477-965546349b55:192.168.30.42:42868, 9ee94575-1721-463e-98a9-5d43f914c816:192.168.30.42:33263] with ContainerStateMachine:uninitialized
2019-10-03 21:12:59,029 [pool-393-thread-1] INFO  server.RaftServerConfigKeys (ConfUtils.java:logGet(43)) - raft.server.rpc.timeout.max = 5200ms (custom)
2019-10-03 21:12:59,029 [pool-383-thread-1] INFO  server.RaftServerConfigKeys (ConfUtils.java:logGet(43)) - raft.server.rpc.timeout.min = 5s (custom)
2019-10-03 21:12:59,029 [pool-393-thread-1] INFO  server.RaftServerConfigKeys (ConfUtils.java:logGet(43)) - raft.server.rpcslowness.timeout = 120s (custom)
2019-10-03 21:12:59,030 [pool-383-thread-1] INFO  server.RaftServerConfigKeys (ConfUtils.java:logGet(43)) - raft.server.rpc.timeout.max = 5200ms (custom)
2019-10-03 21:12:59,030 [pool-393-thread-1] INFO  server.RaftServerConfigKeys (ConfUtils.java:logGet(43)) - raft.server.sleep.deviation.threshold = 300 (default)
2019-10-03 21:12:59,030 [pool-403-thread-1] INFO  impl.RaftServerImpl (RaftServerImpl.java:<init>(95)) - 9ee94575-1721-463e-98a9-5d43f914c816: new RaftServerImpl for group-613C9AF13EBF:[b8d16363-d3e2-4275-8bae-3ae5e62f25db:192.168.30.42:37635, b895b4bc-e49d-40c9-b477-965546349b55:192.168.30.42:42868, 9ee94575-1721-463e-98a9-5d43f914c816:192.168.30.42:33263] with ContainerStateMachine:uninitialized
2019-10-03 21:12:59,030 [pool-393-thread-1] INFO  server.RaftServerConfigKeys (ConfUtils.java:logGet(43)) - raft.server.log.appender.install.snapshot.enabled = false (custom)
2019-10-03 21:12:59,030 [pool-383-thread-1] INFO  server.RaftServerConfigKeys (ConfUtils.java:logGet(43)) - raft.server.rpcslowness.timeout = 120s (custom)
2019-10-03 21:12:59,030 [pool-393-thread-1] INFO  impl.RaftServerImpl (ServerState.java:<init>(103)) - b8d16363-d3e2-4275-8bae-3ae5e62f25db@group-613C9AF13EBF: ConfigurationManager, init=-1: [b8d16363-d3e2-4275-8bae-3ae5e62f25db:192.168.30.42:37635, b895b4bc-e49d-40c9-b477-965546349b55:192.168.30.42:42868, 9ee94575-1721-463e-98a9-5d43f914c816:192.168.30.42:33263], old=null, confs=<EMPTY_MAP>
2019-10-03 21:12:59,030 [pool-403-thread-1] INFO  server.RaftServerConfigKeys (ConfUtils.java:logGet(43)) - raft.server.rpc.timeout.min = 5s (custom)
2019-10-03 21:12:59,030 [pool-393-thread-1] INFO  server.RaftServerConfigKeys (ConfUtils.java:logGet(43)) - raft.server.storage.dir = [/workdir/hadoop-ozone/integration-test/target/test-dir/MiniOzoneClusterImpl-ed63f357-304f-428a-b49a-7d64402b049a/datanode-1/data/ratis] (custom)
2019-10-03 21:12:59,030 [pool-383-thread-1] INFO  server.RaftServerConfigKeys (ConfUtils.java:logGet(43)) - raft.server.sleep.deviation.threshold = 300 (default)
2019-10-03 21:12:59,030 [pool-403-thread-1] INFO  server.RaftServerConfigKeys (ConfUtils.java:logGet(43)) - raft.server.rpc.timeout.max = 5200ms (custom)
2019-10-03 21:12:59,031 [pool-383-thread-1] INFO  server.RaftServerConfigKeys (ConfUtils.java:logGet(43)) - raft.server.log.appender.install.snapshot.enabled = false (custom)
2019-10-03 21:12:59,031 [pool-403-thread-1] INFO  server.RaftServerConfigKeys (ConfUtils.java:logGet(43)) - raft.server.rpcslowness.timeout = 120s (custom)
2019-10-03 21:12:59,031 [pool-393-thread-1] INFO  server.RaftServerConfigKeys (ConfUtils.java:logGet(43)) - raft.server.log.corruption.policy = EXCEPTION (default)
2019-10-03 21:12:59,031 [pool-403-thread-1] INFO  server.RaftServerConfigKeys (ConfUtils.java:logGet(43)) - raft.server.sleep.deviation.threshold = 300 (default)
2019-10-03 21:12:59,031 [pool-403-thread-1] INFO  server.RaftServerConfigKeys (ConfUtils.java:logGet(43)) - raft.server.log.appender.install.snapshot.enabled = false (custom)
2019-10-03 21:12:59,031 [pool-383-thread-1] INFO  impl.RaftServerImpl (ServerState.java:<init>(103)) - b895b4bc-e49d-40c9-b477-965546349b55@group-613C9AF13EBF: ConfigurationManager, init=-1: [b8d16363-d3e2-4275-8bae-3ae5e62f25db:192.168.30.42:37635, b895b4bc-e49d-40c9-b477-965546349b55:192.168.30.42:42868, 9ee94575-1721-463e-98a9-5d43f914c816:192.168.30.42:33263], old=null, confs=<EMPTY_MAP>
2019-10-03 21:12:59,031 [pool-403-thread-1] INFO  impl.RaftServerImpl (ServerState.java:<init>(103)) - 9ee94575-1721-463e-98a9-5d43f914c816@group-613C9AF13EBF: ConfigurationManager, init=-1: [b8d16363-d3e2-4275-8bae-3ae5e62f25db:192.168.30.42:37635, b895b4bc-e49d-40c9-b477-965546349b55:192.168.30.42:42868, 9ee94575-1721-463e-98a9-5d43f914c816:192.168.30.42:33263], old=null, confs=<EMPTY_MAP>
2019-10-03 21:12:59,031 [pool-393-thread-1] INFO  storage.RaftStorageDirectory (RaftStorageDirectory.java:analyzeStorage(246)) - The storage directory /workdir/hadoop-ozone/integration-test/target/test-dir/MiniOzoneClusterImpl-ed63f357-304f-428a-b49a-7d64402b049a/datanode-1/data/ratis/8da48e35-81d2-457c-a9ab-613c9af13ebf does not exist. Creating ...
2019-10-03 21:12:59,032 [pool-403-thread-1] INFO  server.RaftServerConfigKeys (ConfUtils.java:logGet(43)) - raft.server.storage.dir = [/workdir/hadoop-ozone/integration-test/target/test-dir/MiniOzoneClusterImpl-ed63f357-304f-428a-b49a-7d64402b049a/datanode-2/data/ratis] (custom)
2019-10-03 21:12:59,031 [pool-383-thread-1] INFO  server.RaftServerConfigKeys (ConfUtils.java:logGet(43)) - raft.server.storage.dir = [/workdir/hadoop-ozone/integration-test/target/test-dir/MiniOzoneClusterImpl-ed63f357-304f-428a-b49a-7d64402b049a/datanode-0/data/ratis] (custom)
2019-10-03 21:12:59,032 [pool-403-thread-1] INFO  server.RaftServerConfigKeys (ConfUtils.java:logGet(43)) - raft.server.log.corruption.policy = EXCEPTION (default)
2019-10-03 21:12:59,032 [pool-383-thread-1] INFO  server.RaftServerConfigKeys (ConfUtils.java:logGet(43)) - raft.server.log.corruption.policy = EXCEPTION (default)
2019-10-03 21:12:59,032 [pool-403-thread-1] INFO  storage.RaftStorageDirectory (RaftStorageDirectory.java:analyzeStorage(246)) - The storage directory /workdir/hadoop-ozone/integration-test/target/test-dir/MiniOzoneClusterImpl-ed63f357-304f-428a-b49a-7d64402b049a/datanode-2/data/ratis/8da48e35-81d2-457c-a9ab-613c9af13ebf does not exist. Creating ...
2019-10-03 21:12:59,032 [pool-383-thread-1] INFO  storage.RaftStorageDirectory (RaftStorageDirectory.java:analyzeStorage(246)) - The storage directory /workdir/hadoop-ozone/integration-test/target/test-dir/MiniOzoneClusterImpl-ed63f357-304f-428a-b49a-7d64402b049a/datanode-0/data/ratis/8da48e35-81d2-457c-a9ab-613c9af13ebf does not exist. Creating ...
2019-10-03 21:12:59,034 [IPC Server handler 4 on 33382] INFO  net.NetworkTopology (NetworkTopologyImpl.java:add(111)) - Added a new node: /default-rack/0f5d3176-329d-47ce-ae71-974e95fcee4d
2019-10-03 21:12:59,034 [IPC Server handler 4 on 33382] INFO  node.SCMNodeManager (SCMNodeManager.java:register(266)) - Registered Data node : 0f5d3176-329d-47ce-ae71-974e95fcee4d{ip: 192.168.30.42, host: pr-hdds-2225-n29jj-1390324493, networkLocation: /default-rack, certSerialId: null}
2019-10-03 21:12:59,047 [pool-393-thread-1] INFO  storage.RaftStorageDirectory (RaftStorageDirectory.java:tryLock(328)) - Lock on /workdir/hadoop-ozone/integration-test/target/test-dir/MiniOzoneClusterImpl-ed63f357-304f-428a-b49a-7d64402b049a/datanode-1/data/ratis/8da48e35-81d2-457c-a9ab-613c9af13ebf/in_use.lock acquired by nodename 4957@pr-hdds-2225-n29jj-1390324493
2019-10-03 21:12:59,047 [pool-403-thread-1] INFO  storage.RaftStorageDirectory (RaftStorageDirectory.java:tryLock(328)) - Lock on /workdir/hadoop-ozone/integration-test/target/test-dir/MiniOzoneClusterImpl-ed63f357-304f-428a-b49a-7d64402b049a/datanode-2/data/ratis/8da48e35-81d2-457c-a9ab-613c9af13ebf/in_use.lock acquired by nodename 4957@pr-hdds-2225-n29jj-1390324493
2019-10-03 21:12:59,047 [pool-383-thread-1] INFO  storage.RaftStorageDirectory (RaftStorageDirectory.java:tryLock(328)) - Lock on /workdir/hadoop-ozone/integration-test/target/test-dir/MiniOzoneClusterImpl-ed63f357-304f-428a-b49a-7d64402b049a/datanode-0/data/ratis/8da48e35-81d2-457c-a9ab-613c9af13ebf/in_use.lock acquired by nodename 4957@pr-hdds-2225-n29jj-1390324493
2019-10-03 21:12:59,063 [pool-383-thread-1] INFO  storage.RaftStorage (RaftStorage.java:format(84)) - Storage directory /workdir/hadoop-ozone/integration-test/target/test-dir/MiniOzoneClusterImpl-ed63f357-304f-428a-b49a-7d64402b049a/datanode-0/data/ratis/8da48e35-81d2-457c-a9ab-613c9af13ebf has been successfully formatted.
2019-10-03 21:12:59,063 [pool-393-thread-1] INFO  storage.RaftStorage (RaftStorage.java:format(84)) - Storage directory /workdir/hadoop-ozone/integration-test/target/test-dir/MiniOzoneClusterImpl-ed63f357-304f-428a-b49a-7d64402b049a/datanode-1/data/ratis/8da48e35-81d2-457c-a9ab-613c9af13ebf has been successfully formatted.
2019-10-03 21:12:59,063 [pool-403-thread-1] INFO  storage.RaftStorage (RaftStorage.java:format(84)) - Storage directory /workdir/hadoop-ozone/integration-test/target/test-dir/MiniOzoneClusterImpl-ed63f357-304f-428a-b49a-7d64402b049a/datanode-2/data/ratis/8da48e35-81d2-457c-a9ab-613c9af13ebf has been successfully formatted.
2019-10-03 21:12:59,064 [pool-393-thread-1] INFO  ratis.ContainerStateMachine (ContainerStateMachine.java:loadSnapshot(230)) - group-613C9AF13EBF: The snapshot info is null. Setting the last applied indexto:(t:0, i:~)
2019-10-03 21:12:59,064 [pool-383-thread-1] INFO  ratis.ContainerStateMachine (ContainerStateMachine.java:loadSnapshot(230)) - group-613C9AF13EBF: The snapshot info is null. Setting the last applied indexto:(t:0, i:~)
2019-10-03 21:12:59,064 [pool-393-thread-1] INFO  server.RaftServerConfigKeys (ConfUtils.java:logGet(43)) - raft.server.notification.no-leader.timeout = 120s (custom)
2019-10-03 21:12:59,064 [pool-403-thread-1] INFO  ratis.ContainerStateMachine (ContainerStateMachine.java:loadSnapshot(230)) - group-613C9AF13EBF: The snapshot info is null. Setting the last applied indexto:(t:0, i:~)
2019-10-03 21:12:59,064 [pool-393-thread-1] INFO  server.RaftServerConfigKeys (ConfUtils.java:logGet(43)) - raft.server.log.use.memory = false (default)
2019-10-03 21:12:59,064 [pool-383-thread-1] INFO  server.RaftServerConfigKeys (ConfUtils.java:logGet(43)) - raft.server.notification.no-leader.timeout = 120s (custom)
2019-10-03 21:12:59,064 [pool-393-thread-1] INFO  server.RaftServerConfigKeys (ConfUtils.java:logGet(43)) - raft.server.log.purge.gap = 1000000 (custom)
2019-10-03 21:12:59,064 [pool-403-thread-1] INFO  server.RaftServerConfigKeys (ConfUtils.java:logGet(43)) - raft.server.notification.no-leader.timeout = 120s (custom)
2019-10-03 21:12:59,065 [pool-393-thread-1] INFO  server.RaftServerConfigKeys (ConfUtils.java:logGet(43)) - raft.server.log.appender.buffer.byte-limit = 33554432 (custom)
2019-10-03 21:12:59,065 [pool-383-thread-1] INFO  server.RaftServerConfigKeys (ConfUtils.java:logGet(43)) - raft.server.log.use.memory = false (default)
2019-10-03 21:12:59,065 [pool-393-thread-1] INFO  server.RaftServerConfigKeys (ConfUtils.java:logGet(43)) - raft.server.log.segment.size.max = 1048576 (custom)
2019-10-03 21:12:59,065 [pool-403-thread-1] INFO  server.RaftServerConfigKeys (ConfUtils.java:logGet(43)) - raft.server.log.use.memory = false (default)
2019-10-03 21:12:59,065 [pool-393-thread-1] INFO  server.RaftServerConfigKeys (ConfUtils.java:logGet(43)) - raft.server.log.segment.cache.num.max = 2 (custom)
2019-10-03 21:12:59,065 [pool-383-thread-1] INFO  server.RaftServerConfigKeys (ConfUtils.java:logGet(43)) - raft.server.log.purge.gap = 1000000 (custom)
2019-10-03 21:12:59,066 [pool-393-thread-1] INFO  segmented.SegmentedRaftLogWorker (SegmentedRaftLogWorker.java:<init>(173)) - new b8d16363-d3e2-4275-8bae-3ae5e62f25db@group-613C9AF13EBF-SegmentedRaftLogWorker for RaftStorage:Storage Directory /workdir/hadoop-ozone/integration-test/target/test-dir/MiniOzoneClusterImpl-ed63f357-304f-428a-b49a-7d64402b049a/datanode-1/data/ratis/8da48e35-81d2-457c-a9ab-613c9af13ebf
2019-10-03 21:12:59,065 [pool-403-thread-1] INFO  server.RaftServerConfigKeys (ConfUtils.java:logGet(43)) - raft.server.log.purge.gap = 1000000 (custom)
2019-10-03 21:12:59,066 [pool-393-thread-1] INFO  server.RaftServerConfigKeys (ConfUtils.java:logGet(43)) - raft.server.log.queue.byte-limit = 2147483647 (custom)
2019-10-03 21:12:59,066 [pool-383-thread-1] INFO  server.RaftServerConfigKeys (ConfUtils.java:logGet(43)) - raft.server.log.appender.buffer.byte-limit = 33554432 (custom)
2019-10-03 21:12:59,066 [pool-393-thread-1] INFO  server.RaftServerConfigKeys (ConfUtils.java:logGet(43)) - raft.server.log.queue.element-limit = 1024 (custom)
2019-10-03 21:12:59,066 [pool-403-thread-1] INFO  server.RaftServerConfigKeys (ConfUtils.java:logGet(43)) - raft.server.log.appender.buffer.byte-limit = 33554432 (custom)
2019-10-03 21:12:59,066 [pool-393-thread-1] INFO  server.RaftServerConfigKeys (ConfUtils.java:logGet(43)) - raft.server.log.segment.size.max = 1048576 (custom)
2019-10-03 21:12:59,066 [pool-383-thread-1] INFO  server.RaftServerConfigKeys (ConfUtils.java:logGet(43)) - raft.server.log.segment.size.max = 1048576 (custom)
2019-10-03 21:12:59,067 [pool-393-thread-1] INFO  server.RaftServerConfigKeys (ConfUtils.java:logGet(43)) - raft.server.log.preallocated.size = 16384 (custom)
2019-10-03 21:12:59,067 [pool-403-thread-1] INFO  server.RaftServerConfigKeys (ConfUtils.java:logGet(43)) - raft.server.log.segment.size.max = 1048576 (custom)
2019-10-03 21:12:59,067 [pool-393-thread-1] INFO  server.RaftServerConfigKeys (ConfUtils.java:logGet(43)) - raft.server.log.write.buffer.size = 33554432 (custom)
2019-10-03 21:12:59,067 [pool-383-thread-1] INFO  server.RaftServerConfigKeys (ConfUtils.java:logGet(43)) - raft.server.log.segment.cache.num.max = 2 (custom)
2019-10-03 21:12:59,067 [pool-393-thread-1] INFO  server.RaftServerConfigKeys (ConfUtils.java:logGet(43)) - raft.server.log.force.sync.num = 128 (default)
2019-10-03 21:12:59,067 [pool-403-thread-1] INFO  server.RaftServerConfigKeys (ConfUtils.java:logGet(43)) - raft.server.log.segment.cache.num.max = 2 (custom)
2019-10-03 21:12:59,067 [pool-393-thread-1] INFO  server.RaftServerConfigKeys (ConfUtils.java:logGet(43)) - raft.server.log.statemachine.data.sync = true (default)
2019-10-03 21:12:59,067 [pool-383-thread-1] INFO  segmented.SegmentedRaftLogWorker (SegmentedRaftLogWorker.java:<init>(173)) - new b895b4bc-e49d-40c9-b477-965546349b55@group-613C9AF13EBF-SegmentedRaftLogWorker for RaftStorage:Storage Directory /workdir/hadoop-ozone/integration-test/target/test-dir/MiniOzoneClusterImpl-ed63f357-304f-428a-b49a-7d64402b049a/datanode-0/data/ratis/8da48e35-81d2-457c-a9ab-613c9af13ebf
2019-10-03 21:12:59,068 [pool-393-thread-1] INFO  server.RaftServerConfigKeys (ConfUtils.java:logGet(43)) - raft.server.log.statemachine.data.sync.timeout = 10s (default)
2019-10-03 21:12:59,068 [pool-403-thread-1] INFO  segmented.SegmentedRaftLogWorker (SegmentedRaftLogWorker.java:<init>(173)) - new 9ee94575-1721-463e-98a9-5d43f914c816@group-613C9AF13EBF-SegmentedRaftLogWorker for RaftStorage:Storage Directory /workdir/hadoop-ozone/integration-test/target/test-dir/MiniOzoneClusterImpl-ed63f357-304f-428a-b49a-7d64402b049a/datanode-2/data/ratis/8da48e35-81d2-457c-a9ab-613c9af13ebf
2019-10-03 21:12:59,068 [pool-393-thread-1] INFO  server.RaftServerConfigKeys (ConfUtils.java:logGet(43)) - raft.server.log.statemachine.data.sync.timeout.retry = -1 (default)
2019-10-03 21:12:59,068 [pool-383-thread-1] INFO  server.RaftServerConfigKeys (ConfUtils.java:logGet(43)) - raft.server.log.queue.byte-limit = 2147483647 (custom)
2019-10-03 21:12:59,068 [pool-393-thread-1] INFO  server.RaftServerConfigKeys (ConfUtils.java:logGet(43)) - raft.server.log.statemachine.data.caching.enabled = true (custom)
2019-10-03 21:12:59,068 [pool-403-thread-1] INFO  server.RaftServerConfigKeys (ConfUtils.java:logGet(43)) - raft.server.log.queue.byte-limit = 2147483647 (custom)
2019-10-03 21:12:59,068 [pool-393-thread-1] INFO  segmented.SegmentedRaftLogWorker (SegmentedRaftLogWorker.java:lambda$new$0(128)) - b8d16363-d3e2-4275-8bae-3ae5e62f25db@group-613C9AF13EBF-SegmentedRaftLogWorker: flushIndex: setUnconditionally 0 -> -1
2019-10-03 21:12:59,068 [pool-383-thread-1] INFO  server.RaftServerConfigKeys (ConfUtils.java:logGet(43)) - raft.server.log.queue.element-limit = 1024 (custom)
2019-10-03 21:12:59,069 [pool-393-thread-1] INFO  server.RaftServerConfigKeys (ConfUtils.java:logGet(43)) - raft.server.snapshot.auto.trigger.enabled = true (custom)
2019-10-03 21:12:59,068 [pool-403-thread-1] INFO  server.RaftServerConfigKeys (ConfUtils.java:logGet(43)) - raft.server.log.queue.element-limit = 1024 (custom)
2019-10-03 21:12:59,069 [pool-393-thread-1] INFO  server.RaftServerConfigKeys (ConfUtils.java:logGet(43)) - raft.server.snapshot.auto.trigger.threshold = 10000 (custom)
2019-10-03 21:12:59,069 [pool-383-thread-1] INFO  server.RaftServerConfigKeys (ConfUtils.java:logGet(43)) - raft.server.log.segment.size.max = 1048576 (custom)
2019-10-03 21:12:59,069 [pool-393-thread-1] INFO  server.RaftServerConfigKeys (ConfUtils.java:logGet(43)) - raft.server.snapshot.retention.file.num = 5 (custom)
2019-10-03 21:12:59,069 [pool-403-thread-1] INFO  server.RaftServerConfigKeys (ConfUtils.java:logGet(43)) - raft.server.log.segment.size.max = 1048576 (custom)
2019-10-03 21:12:59,069 [pool-393-thread-1] INFO  server.RaftServerConfigKeys (ConfUtils.java:logGet(43)) - raft.server.retrycache.expirytime = 600000ms (custom)
2019-10-03 21:12:59,069 [pool-383-thread-1] INFO  server.RaftServerConfigKeys (ConfUtils.java:logGet(43)) - raft.server.log.preallocated.size = 16384 (custom)
2019-10-03 21:12:59,069 [pool-403-thread-1] INFO  server.RaftServerConfigKeys (ConfUtils.java:logGet(43)) - raft.server.log.preallocated.size = 16384 (custom)
2019-10-03 21:12:59,070 [pool-383-thread-1] INFO  server.RaftServerConfigKeys (ConfUtils.java:logGet(43)) - raft.server.log.write.buffer.size = 33554432 (custom)
2019-10-03 21:12:59,070 [pool-403-thread-1] INFO  server.RaftServerConfigKeys (ConfUtils.java:logGet(43)) - raft.server.log.write.buffer.size = 33554432 (custom)
2019-10-03 21:12:59,070 [pool-383-thread-1] INFO  server.RaftServerConfigKeys (ConfUtils.java:logGet(43)) - raft.server.log.force.sync.num = 128 (default)
2019-10-03 21:12:59,070 [pool-403-thread-1] INFO  server.RaftServerConfigKeys (ConfUtils.java:logGet(43)) - raft.server.log.force.sync.num = 128 (default)
2019-10-03 21:12:59,070 [pool-383-thread-1] INFO  server.RaftServerConfigKeys (ConfUtils.java:logGet(43)) - raft.server.log.statemachine.data.sync = true (default)
2019-10-03 21:12:59,070 [pool-403-thread-1] INFO  server.RaftServerConfigKeys (ConfUtils.java:logGet(43)) - raft.server.log.statemachine.data.sync = true (default)
2019-10-03 21:12:59,071 [pool-393-thread-1] INFO  impl.RaftServerImpl (RaftServerImpl.java:start(181)) - b8d16363-d3e2-4275-8bae-3ae5e62f25db@group-613C9AF13EBF: start as a follower, conf=-1: [b8d16363-d3e2-4275-8bae-3ae5e62f25db:192.168.30.42:37635, b895b4bc-e49d-40c9-b477-965546349b55:192.168.30.42:42868, 9ee94575-1721-463e-98a9-5d43f914c816:192.168.30.42:33263], old=null
2019-10-03 21:12:59,070 [pool-383-thread-1] INFO  server.RaftServerConfigKeys (ConfUtils.java:logGet(43)) - raft.server.log.statemachine.data.sync.timeout = 10s (default)
2019-10-03 21:12:59,071 [pool-393-thread-1] INFO  impl.RaftServerImpl (RaftServerImpl.java:setRole(170)) - b8d16363-d3e2-4275-8bae-3ae5e62f25db@group-613C9AF13EBF: changes role from      null to FOLLOWER at term 0 for startAsFollower
2019-10-03 21:12:59,071 [pool-403-thread-1] INFO  server.RaftServerConfigKeys (ConfUtils.java:logGet(43)) - raft.server.log.statemachine.data.sync.timeout = 10s (default)
2019-10-03 21:12:59,071 [pool-393-thread-1] INFO  impl.RoleInfo (RoleInfo.java:updateAndGet(143)) - b8d16363-d3e2-4275-8bae-3ae5e62f25db: start FollowerState
2019-10-03 21:12:59,071 [pool-383-thread-1] INFO  server.RaftServerConfigKeys (ConfUtils.java:logGet(43)) - raft.server.log.statemachine.data.sync.timeout.retry = -1 (default)
2019-10-03 21:12:59,071 [pool-403-thread-1] INFO  server.RaftServerConfigKeys (ConfUtils.java:logGet(43)) - raft.server.log.statemachine.data.sync.timeout.retry = -1 (default)
2019-10-03 21:12:59,071 [pool-383-thread-1] INFO  server.RaftServerConfigKeys (ConfUtils.java:logGet(43)) - raft.server.log.statemachine.data.caching.enabled = true (custom)
2019-10-03 21:12:59,071 [pool-393-thread-1] INFO  util.JmxRegister (JmxRegister.java:tryRegister(44)) - Successfully registered JMX Bean with object name Ratis:service=RaftServer,group=group-613C9AF13EBF,id=b8d16363-d3e2-4275-8bae-3ae5e62f25db
2019-10-03 21:12:59,071 [pool-403-thread-1] INFO  server.RaftServerConfigKeys (ConfUtils.java:logGet(43)) - raft.server.log.statemachine.data.caching.enabled = true (custom)
2019-10-03 21:12:59,072 [pool-383-thread-1] INFO  segmented.SegmentedRaftLogWorker (SegmentedRaftLogWorker.java:lambda$new$0(128)) - b895b4bc-e49d-40c9-b477-965546349b55@group-613C9AF13EBF-SegmentedRaftLogWorker: flushIndex: setUnconditionally 0 -> -1
2019-10-03 21:12:59,072 [pool-403-thread-1] INFO  segmented.SegmentedRaftLogWorker (SegmentedRaftLogWorker.java:lambda$new$0(128)) - 9ee94575-1721-463e-98a9-5d43f914c816@group-613C9AF13EBF-SegmentedRaftLogWorker: flushIndex: setUnconditionally 0 -> -1
2019-10-03 21:12:59,072 [pool-383-thread-1] INFO  server.RaftServerConfigKeys (ConfUtils.java:logGet(43)) - raft.server.snapshot.auto.trigger.enabled = true (custom)
2019-10-03 21:12:59,072 [pool-403-thread-1] INFO  server.RaftServerConfigKeys (ConfUtils.java:logGet(43)) - raft.server.snapshot.auto.trigger.enabled = true (custom)
2019-10-03 21:12:59,072 [pool-383-thread-1] INFO  server.RaftServerConfigKeys (ConfUtils.java:logGet(43)) - raft.server.snapshot.auto.trigger.threshold = 10000 (custom)
2019-10-03 21:12:59,072 [pool-403-thread-1] INFO  server.RaftServerConfigKeys (ConfUtils.java:logGet(43)) - raft.server.snapshot.auto.trigger.threshold = 10000 (custom)
2019-10-03 21:12:59,072 [pool-383-thread-1] INFO  server.RaftServerConfigKeys (ConfUtils.java:logGet(43)) - raft.server.snapshot.retention.file.num = 5 (custom)
2019-10-03 21:12:59,073 [pool-403-thread-1] INFO  server.RaftServerConfigKeys (ConfUtils.java:logGet(43)) - raft.server.snapshot.retention.file.num = 5 (custom)
2019-10-03 21:12:59,073 [pool-383-thread-1] INFO  server.RaftServerConfigKeys (ConfUtils.java:logGet(43)) - raft.server.retrycache.expirytime = 600000ms (custom)
2019-10-03 21:12:59,073 [pool-403-thread-1] INFO  server.RaftServerConfigKeys (ConfUtils.java:logGet(43)) - raft.server.retrycache.expirytime = 600000ms (custom)
2019-10-03 21:12:59,075 [pool-383-thread-1] INFO  impl.RaftServerImpl (RaftServerImpl.java:start(181)) - b895b4bc-e49d-40c9-b477-965546349b55@group-613C9AF13EBF: start as a follower, conf=-1: [b8d16363-d3e2-4275-8bae-3ae5e62f25db:192.168.30.42:37635, b895b4bc-e49d-40c9-b477-965546349b55:192.168.30.42:42868, 9ee94575-1721-463e-98a9-5d43f914c816:192.168.30.42:33263], old=null
2019-10-03 21:12:59,075 [pool-383-thread-1] INFO  impl.RaftServerImpl (RaftServerImpl.java:setRole(170)) - b895b4bc-e49d-40c9-b477-965546349b55@group-613C9AF13EBF: changes role from      null to FOLLOWER at term 0 for startAsFollower
2019-10-03 21:12:59,075 [pool-383-thread-1] INFO  impl.RoleInfo (RoleInfo.java:updateAndGet(143)) - b895b4bc-e49d-40c9-b477-965546349b55: start FollowerState
2019-10-03 21:12:59,075 [pool-403-thread-1] INFO  impl.RaftServerImpl (RaftServerImpl.java:start(181)) - 9ee94575-1721-463e-98a9-5d43f914c816@group-613C9AF13EBF: start as a follower, conf=-1: [b8d16363-d3e2-4275-8bae-3ae5e62f25db:192.168.30.42:37635, b895b4bc-e49d-40c9-b477-965546349b55:192.168.30.42:42868, 9ee94575-1721-463e-98a9-5d43f914c816:192.168.30.42:33263], old=null
2019-10-03 21:12:59,075 [pool-403-thread-1] INFO  impl.RaftServerImpl (RaftServerImpl.java:setRole(170)) - 9ee94575-1721-463e-98a9-5d43f914c816@group-613C9AF13EBF: changes role from      null to FOLLOWER at term 0 for startAsFollower
2019-10-03 21:12:59,076 [pool-383-thread-1] INFO  util.JmxRegister (JmxRegister.java:tryRegister(44)) - Successfully registered JMX Bean with object name Ratis:service=RaftServer,group=group-613C9AF13EBF,id=b895b4bc-e49d-40c9-b477-965546349b55
2019-10-03 21:12:59,076 [pool-403-thread-1] INFO  impl.RoleInfo (RoleInfo.java:updateAndGet(143)) - 9ee94575-1721-463e-98a9-5d43f914c816: start FollowerState
2019-10-03 21:12:59,076 [pool-403-thread-1] INFO  util.JmxRegister (JmxRegister.java:tryRegister(44)) - Successfully registered JMX Bean with object name Ratis:service=RaftServer,group=group-613C9AF13EBF,id=9ee94575-1721-463e-98a9-5d43f914c816
2019-10-03 21:12:59,080 [RatisPipelineUtilsThread] INFO  pipeline.PipelineStateManager (PipelineStateManager.java:addPipeline(56)) - Created pipeline Pipeline[ Id: 8da48e35-81d2-457c-a9ab-613c9af13ebf, Nodes: b8d16363-d3e2-4275-8bae-3ae5e62f25db{ip: 192.168.30.42, host: pr-hdds-2225-n29jj-1390324493, networkLocation: /default-rack, certSerialId: null}9ee94575-1721-463e-98a9-5d43f914c816{ip: 192.168.30.42, host: pr-hdds-2225-n29jj-1390324493, networkLocation: /default-rack, certSerialId: null}b895b4bc-e49d-40c9-b477-965546349b55{ip: 192.168.30.42, host: pr-hdds-2225-n29jj-1390324493, networkLocation: /default-rack, certSerialId: null}, Type:RATIS, Factor:THREE, State:OPEN]
2019-10-03 21:12:59,134 [IPC Server handler 2 on 33382] INFO  net.NetworkTopology (NetworkTopologyImpl.java:add(111)) - Added a new node: /default-rack/38073b40-198b-4c22-9695-3d0f0943ba71
2019-10-03 21:12:59,134 [IPC Server handler 2 on 33382] INFO  node.SCMNodeManager (SCMNodeManager.java:register(266)) - Registered Data node : 38073b40-198b-4c22-9695-3d0f0943ba71{ip: 192.168.30.42, host: pr-hdds-2225-n29jj-1390324493, networkLocation: /default-rack, certSerialId: null}
2019-10-03 21:12:59,143 [grpc-default-executor-3] INFO  impl.RaftServerProxy (RaftServerProxy.java:addNew(89)) - 0f5d3176-329d-47ce-ae71-974e95fcee4d: addNew group-66E7A5138755:[0f5d3176-329d-47ce-ae71-974e95fcee4d:192.168.30.42:34687] returns group-66E7A5138755:java.util.concurrent.CompletableFuture@4a6a6ef1[Not completed]
2019-10-03 21:12:59,143 [pool-413-thread-1] INFO  impl.RaftServerImpl (RaftServerImpl.java:<init>(95)) - 0f5d3176-329d-47ce-ae71-974e95fcee4d: new RaftServerImpl for group-66E7A5138755:[0f5d3176-329d-47ce-ae71-974e95fcee4d:192.168.30.42:34687] with ContainerStateMachine:uninitialized
2019-10-03 21:12:59,143 [pool-413-thread-1] INFO  server.RaftServerConfigKeys (ConfUtils.java:logGet(43)) - raft.server.rpc.timeout.min = 5s (custom)
2019-10-03 21:12:59,144 [pool-413-thread-1] INFO  server.RaftServerConfigKeys (ConfUtils.java:logGet(43)) - raft.server.rpc.timeout.max = 5200ms (custom)
2019-10-03 21:12:59,144 [pool-413-thread-1] INFO  server.RaftServerConfigKeys (ConfUtils.java:logGet(43)) - raft.server.rpcslowness.timeout = 120s (custom)
2019-10-03 21:12:59,144 [pool-413-thread-1] INFO  server.RaftServerConfigKeys (ConfUtils.java:logGet(43)) - raft.server.sleep.deviation.threshold = 300 (default)
2019-10-03 21:12:59,144 [pool-413-thread-1] INFO  server.RaftServerConfigKeys (ConfUtils.java:logGet(43)) - raft.server.log.appender.install.snapshot.enabled = false (custom)
2019-10-03 21:12:59,144 [pool-413-thread-1] INFO  impl.RaftServerImpl (ServerState.java:<init>(103)) - 0f5d3176-329d-47ce-ae71-974e95fcee4d@group-66E7A5138755: ConfigurationManager, init=-1: [0f5d3176-329d-47ce-ae71-974e95fcee4d:192.168.30.42:34687], old=null, confs=<EMPTY_MAP>
2019-10-03 21:12:59,144 [pool-413-thread-1] INFO  server.RaftServerConfigKeys (ConfUtils.java:logGet(43)) - raft.server.storage.dir = [/workdir/hadoop-ozone/integration-test/target/test-dir/MiniOzoneClusterImpl-ed63f357-304f-428a-b49a-7d64402b049a/datanode-3/data/ratis] (custom)
2019-10-03 21:12:59,144 [pool-413-thread-1] INFO  server.RaftServerConfigKeys (ConfUtils.java:logGet(43)) - raft.server.log.corruption.policy = EXCEPTION (default)
2019-10-03 21:12:59,145 [pool-413-thread-1] INFO  storage.RaftStorageDirectory (RaftStorageDirectory.java:analyzeStorage(246)) - The storage directory /workdir/hadoop-ozone/integration-test/target/test-dir/MiniOzoneClusterImpl-ed63f357-304f-428a-b49a-7d64402b049a/datanode-3/data/ratis/68f7ddbe-8dc8-4f2b-a57c-66e7a5138755 does not exist. Creating ...
2019-10-03 21:12:59,168 [pool-413-thread-1] INFO  storage.RaftStorageDirectory (RaftStorageDirectory.java:tryLock(328)) - Lock on /workdir/hadoop-ozone/integration-test/target/test-dir/MiniOzoneClusterImpl-ed63f357-304f-428a-b49a-7d64402b049a/datanode-3/data/ratis/68f7ddbe-8dc8-4f2b-a57c-66e7a5138755/in_use.lock acquired by nodename 4957@pr-hdds-2225-n29jj-1390324493
2019-10-03 21:12:59,202 [pool-413-thread-1] INFO  storage.RaftStorage (RaftStorage.java:format(84)) - Storage directory /workdir/hadoop-ozone/integration-test/target/test-dir/MiniOzoneClusterImpl-ed63f357-304f-428a-b49a-7d64402b049a/datanode-3/data/ratis/68f7ddbe-8dc8-4f2b-a57c-66e7a5138755 has been successfully formatted.
2019-10-03 21:12:59,203 [pool-413-thread-1] INFO  ratis.ContainerStateMachine (ContainerStateMachine.java:loadSnapshot(230)) - group-66E7A5138755: The snapshot info is null. Setting the last applied indexto:(t:0, i:~)
2019-10-03 21:12:59,203 [pool-413-thread-1] INFO  server.RaftServerConfigKeys (ConfUtils.java:logGet(43)) - raft.server.notification.no-leader.timeout = 120s (custom)
2019-10-03 21:12:59,203 [pool-413-thread-1] INFO  server.RaftServerConfigKeys (ConfUtils.java:logGet(43)) - raft.server.log.use.memory = false (default)
2019-10-03 21:12:59,203 [pool-413-thread-1] INFO  server.RaftServerConfigKeys (ConfUtils.java:logGet(43)) - raft.server.log.purge.gap = 1000000 (custom)
2019-10-03 21:12:59,203 [pool-413-thread-1] INFO  server.RaftServerConfigKeys (ConfUtils.java:logGet(43)) - raft.server.log.appender.buffer.byte-limit = 33554432 (custom)
2019-10-03 21:12:59,203 [pool-413-thread-1] INFO  server.RaftServerConfigKeys (ConfUtils.java:logGet(43)) - raft.server.log.segment.size.max = 1048576 (custom)
2019-10-03 21:12:59,204 [pool-413-thread-1] INFO  server.RaftServerConfigKeys (ConfUtils.java:logGet(43)) - raft.server.log.segment.cache.num.max = 2 (custom)
2019-10-03 21:12:59,205 [pool-413-thread-1] INFO  segmented.SegmentedRaftLogWorker (SegmentedRaftLogWorker.java:<init>(173)) - new 0f5d3176-329d-47ce-ae71-974e95fcee4d@group-66E7A5138755-SegmentedRaftLogWorker for RaftStorage:Storage Directory /workdir/hadoop-ozone/integration-test/target/test-dir/MiniOzoneClusterImpl-ed63f357-304f-428a-b49a-7d64402b049a/datanode-3/data/ratis/68f7ddbe-8dc8-4f2b-a57c-66e7a5138755
2019-10-03 21:12:59,205 [pool-413-thread-1] INFO  server.RaftServerConfigKeys (ConfUtils.java:logGet(43)) - raft.server.log.queue.byte-limit = 2147483647 (custom)
2019-10-03 21:12:59,205 [pool-413-thread-1] INFO  server.RaftServerConfigKeys (ConfUtils.java:logGet(43)) - raft.server.log.queue.element-limit = 1024 (custom)
2019-10-03 21:12:59,205 [pool-413-thread-1] INFO  server.RaftServerConfigKeys (ConfUtils.java:logGet(43)) - raft.server.log.segment.size.max = 1048576 (custom)
2019-10-03 21:12:59,205 [pool-413-thread-1] INFO  server.RaftServerConfigKeys (ConfUtils.java:logGet(43)) - raft.server.log.preallocated.size = 16384 (custom)
2019-10-03 21:12:59,205 [pool-413-thread-1] INFO  server.RaftServerConfigKeys (ConfUtils.java:logGet(43)) - raft.server.log.write.buffer.size = 33554432 (custom)
2019-10-03 21:12:59,205 [pool-413-thread-1] INFO  server.RaftServerConfigKeys (ConfUtils.java:logGet(43)) - raft.server.log.force.sync.num = 128 (default)
2019-10-03 21:12:59,205 [pool-413-thread-1] INFO  server.RaftServerConfigKeys (ConfUtils.java:logGet(43)) - raft.server.log.statemachine.data.sync = true (default)
2019-10-03 21:12:59,205 [pool-413-thread-1] INFO  server.RaftServerConfigKeys (ConfUtils.java:logGet(43)) - raft.server.log.statemachine.data.sync.timeout = 10s (default)
2019-10-03 21:12:59,205 [pool-413-thread-1] INFO  server.RaftServerConfigKeys (ConfUtils.java:logGet(43)) - raft.server.log.statemachine.data.sync.timeout.retry = -1 (default)
2019-10-03 21:12:59,206 [pool-413-thread-1] INFO  server.RaftServerConfigKeys (ConfUtils.java:logGet(43)) - raft.server.log.statemachine.data.caching.enabled = true (custom)
2019-10-03 21:12:59,206 [pool-413-thread-1] INFO  segmented.SegmentedRaftLogWorker (SegmentedRaftLogWorker.java:lambda$new$0(128)) - 0f5d3176-329d-47ce-ae71-974e95fcee4d@group-66E7A5138755-SegmentedRaftLogWorker: flushIndex: setUnconditionally 0 -> -1
2019-10-03 21:12:59,207 [pool-413-thread-1] INFO  server.RaftServerConfigKeys (ConfUtils.java:logGet(43)) - raft.server.snapshot.auto.trigger.enabled = true (custom)
2019-10-03 21:12:59,207 [pool-413-thread-1] INFO  server.RaftServerConfigKeys (ConfUtils.java:logGet(43)) - raft.server.snapshot.auto.trigger.threshold = 10000 (custom)
2019-10-03 21:12:59,207 [pool-413-thread-1] INFO  server.RaftServerConfigKeys (ConfUtils.java:logGet(43)) - raft.server.snapshot.retention.file.num = 5 (custom)
2019-10-03 21:12:59,207 [pool-413-thread-1] INFO  server.RaftServerConfigKeys (ConfUtils.java:logGet(43)) - raft.server.retrycache.expirytime = 600000ms (custom)
2019-10-03 21:12:59,208 [pool-413-thread-1] INFO  impl.RaftServerImpl (RaftServerImpl.java:start(181)) - 0f5d3176-329d-47ce-ae71-974e95fcee4d@group-66E7A5138755: start as a follower, conf=-1: [0f5d3176-329d-47ce-ae71-974e95fcee4d:192.168.30.42:34687], old=null
2019-10-03 21:12:59,208 [pool-413-thread-1] INFO  impl.RaftServerImpl (RaftServerImpl.java:setRole(170)) - 0f5d3176-329d-47ce-ae71-974e95fcee4d@group-66E7A5138755: changes role from      null to FOLLOWER at term 0 for startAsFollower
2019-10-03 21:12:59,208 [pool-413-thread-1] INFO  impl.RoleInfo (RoleInfo.java:updateAndGet(143)) - 0f5d3176-329d-47ce-ae71-974e95fcee4d: start FollowerState
2019-10-03 21:12:59,208 [pool-413-thread-1] INFO  util.JmxRegister (JmxRegister.java:tryRegister(44)) - Successfully registered JMX Bean with object name Ratis:service=RaftServer,group=group-66E7A5138755,id=0f5d3176-329d-47ce-ae71-974e95fcee4d
2019-10-03 21:12:59,212 [RatisPipelineUtilsThread] INFO  pipeline.PipelineStateManager (PipelineStateManager.java:addPipeline(56)) - Created pipeline Pipeline[ Id: 68f7ddbe-8dc8-4f2b-a57c-66e7a5138755, Nodes: 0f5d3176-329d-47ce-ae71-974e95fcee4d{ip: 192.168.30.42, host: pr-hdds-2225-n29jj-1390324493, networkLocation: /default-rack, certSerialId: null}, Type:RATIS, Factor:ONE, State:OPEN]
2019-10-03 21:12:59,214 [IPC Server handler 5 on 33382] INFO  net.NetworkTopology (NetworkTopologyImpl.java:add(111)) - Added a new node: /default-rack/1540fd05-efa4-44f9-ba59-fcb16fc11a7a
2019-10-03 21:12:59,214 [IPC Server handler 5 on 33382] INFO  node.SCMNodeManager (SCMNodeManager.java:register(266)) - Registered Data node : 1540fd05-efa4-44f9-ba59-fcb16fc11a7a{ip: 192.168.30.42, host: pr-hdds-2225-n29jj-1390324493, networkLocation: /default-rack, certSerialId: null}
2019-10-03 21:12:59,220 [grpc-default-executor-3] INFO  impl.RaftServerProxy (RaftServerProxy.java:addNew(89)) - 38073b40-198b-4c22-9695-3d0f0943ba71: addNew group-077FA805927E:[38073b40-198b-4c22-9695-3d0f0943ba71:192.168.30.42:35683] returns group-077FA805927E:java.util.concurrent.CompletableFuture@5f62a0fc[Not completed]
2019-10-03 21:12:59,221 [pool-423-thread-1] INFO  impl.RaftServerImpl (RaftServerImpl.java:<init>(95)) - 38073b40-198b-4c22-9695-3d0f0943ba71: new RaftServerImpl for group-077FA805927E:[38073b40-198b-4c22-9695-3d0f0943ba71:192.168.30.42:35683] with ContainerStateMachine:uninitialized
2019-10-03 21:12:59,221 [pool-423-thread-1] INFO  server.RaftServerConfigKeys (ConfUtils.java:logGet(43)) - raft.server.rpc.timeout.min = 5s (custom)
2019-10-03 21:12:59,221 [pool-423-thread-1] INFO  server.RaftServerConfigKeys (ConfUtils.java:logGet(43)) - raft.server.rpc.timeout.max = 5200ms (custom)
2019-10-03 21:12:59,221 [pool-423-thread-1] INFO  server.RaftServerConfigKeys (ConfUtils.java:logGet(43)) - raft.server.rpcslowness.timeout = 120s (custom)
2019-10-03 21:12:59,221 [pool-423-thread-1] INFO  server.RaftServerConfigKeys (ConfUtils.java:logGet(43)) - raft.server.sleep.deviation.threshold = 300 (default)
2019-10-03 21:12:59,221 [pool-423-thread-1] INFO  server.RaftServerConfigKeys (ConfUtils.java:logGet(43)) - raft.server.log.appender.install.snapshot.enabled = false (custom)
2019-10-03 21:12:59,221 [pool-423-thread-1] INFO  impl.RaftServerImpl (ServerState.java:<init>(103)) - 38073b40-198b-4c22-9695-3d0f0943ba71@group-077FA805927E: ConfigurationManager, init=-1: [38073b40-198b-4c22-9695-3d0f0943ba71:192.168.30.42:35683], old=null, confs=<EMPTY_MAP>
2019-10-03 21:12:59,222 [pool-423-thread-1] INFO  server.RaftServerConfigKeys (ConfUtils.java:logGet(43)) - raft.server.storage.dir = [/workdir/hadoop-ozone/integration-test/target/test-dir/MiniOzoneClusterImpl-ed63f357-304f-428a-b49a-7d64402b049a/datanode-4/data/ratis] (custom)
2019-10-03 21:12:59,222 [pool-423-thread-1] INFO  server.RaftServerConfigKeys (ConfUtils.java:logGet(43)) - raft.server.log.corruption.policy = EXCEPTION (default)
2019-10-03 21:12:59,222 [pool-423-thread-1] INFO  storage.RaftStorageDirectory (RaftStorageDirectory.java:analyzeStorage(246)) - The storage directory /workdir/hadoop-ozone/integration-test/target/test-dir/MiniOzoneClusterImpl-ed63f357-304f-428a-b49a-7d64402b049a/datanode-4/data/ratis/36db0d5a-9b37-4d9e-bbb2-077fa805927e does not exist. Creating ...
2019-10-03 21:12:59,244 [pool-423-thread-1] INFO  storage.RaftStorageDirectory (RaftStorageDirectory.java:tryLock(328)) - Lock on /workdir/hadoop-ozone/integration-test/target/test-dir/MiniOzoneClusterImpl-ed63f357-304f-428a-b49a-7d64402b049a/datanode-4/data/ratis/36db0d5a-9b37-4d9e-bbb2-077fa805927e/in_use.lock acquired by nodename 4957@pr-hdds-2225-n29jj-1390324493
2019-10-03 21:12:59,270 [pool-423-thread-1] INFO  storage.RaftStorage (RaftStorage.java:format(84)) - Storage directory /workdir/hadoop-ozone/integration-test/target/test-dir/MiniOzoneClusterImpl-ed63f357-304f-428a-b49a-7d64402b049a/datanode-4/data/ratis/36db0d5a-9b37-4d9e-bbb2-077fa805927e has been successfully formatted.
2019-10-03 21:12:59,271 [pool-423-thread-1] INFO  ratis.ContainerStateMachine (ContainerStateMachine.java:loadSnapshot(230)) - group-077FA805927E: The snapshot info is null. Setting the last applied indexto:(t:0, i:~)
2019-10-03 21:12:59,271 [pool-423-thread-1] INFO  server.RaftServerConfigKeys (ConfUtils.java:logGet(43)) - raft.server.notification.no-leader.timeout = 120s (custom)
2019-10-03 21:12:59,271 [pool-423-thread-1] INFO  server.RaftServerConfigKeys (ConfUtils.java:logGet(43)) - raft.server.log.use.memory = false (default)
2019-10-03 21:12:59,271 [pool-423-thread-1] INFO  server.RaftServerConfigKeys (ConfUtils.java:logGet(43)) - raft.server.log.purge.gap = 1000000 (custom)
2019-10-03 21:12:59,271 [pool-423-thread-1] INFO  server.RaftServerConfigKeys (ConfUtils.java:logGet(43)) - raft.server.log.appender.buffer.byte-limit = 33554432 (custom)
2019-10-03 21:12:59,272 [pool-423-thread-1] INFO  server.RaftServerConfigKeys (ConfUtils.java:logGet(43)) - raft.server.log.segment.size.max = 1048576 (custom)
2019-10-03 21:12:59,281 [pool-423-thread-1] INFO  server.RaftServerConfigKeys (ConfUtils.java:logGet(43)) - raft.server.log.segment.cache.num.max = 2 (custom)
2019-10-03 21:12:59,282 [pool-423-thread-1] INFO  segmented.SegmentedRaftLogWorker (SegmentedRaftLogWorker.java:<init>(173)) - new 38073b40-198b-4c22-9695-3d0f0943ba71@group-077FA805927E-SegmentedRaftLogWorker for RaftStorage:Storage Directory /workdir/hadoop-ozone/integration-test/target/test-dir/MiniOzoneClusterImpl-ed63f357-304f-428a-b49a-7d64402b049a/datanode-4/data/ratis/36db0d5a-9b37-4d9e-bbb2-077fa805927e
2019-10-03 21:12:59,282 [pool-423-thread-1] INFO  server.RaftServerConfigKeys (ConfUtils.java:logGet(43)) - raft.server.log.queue.byte-limit = 2147483647 (custom)
2019-10-03 21:12:59,282 [pool-423-thread-1] INFO  server.RaftServerConfigKeys (ConfUtils.java:logGet(43)) - raft.server.log.queue.element-limit = 1024 (custom)
2019-10-03 21:12:59,282 [pool-423-thread-1] INFO  server.RaftServerConfigKeys (ConfUtils.java:logGet(43)) - raft.server.log.segment.size.max = 1048576 (custom)
2019-10-03 21:12:59,282 [pool-423-thread-1] INFO  server.RaftServerConfigKeys (ConfUtils.java:logGet(43)) - raft.server.log.preallocated.size = 16384 (custom)
2019-10-03 21:12:59,282 [pool-423-thread-1] INFO  server.RaftServerConfigKeys (ConfUtils.java:logGet(43)) - raft.server.log.write.buffer.size = 33554432 (custom)
2019-10-03 21:12:59,282 [pool-423-thread-1] INFO  server.RaftServerConfigKeys (ConfUtils.java:logGet(43)) - raft.server.log.force.sync.num = 128 (default)
2019-10-03 21:12:59,283 [pool-423-thread-1] INFO  server.RaftServerConfigKeys (ConfUtils.java:logGet(43)) - raft.server.log.statemachine.data.sync = true (default)
2019-10-03 21:12:59,283 [pool-423-thread-1] INFO  server.RaftServerConfigKeys (ConfUtils.java:logGet(43)) - raft.server.log.statemachine.data.sync.timeout = 10s (default)
2019-10-03 21:12:59,283 [grpc-default-executor-0] WARN  server.GrpcLogAppender (LogUtils.java:warn(134)) - 9c318cf7-b60a-4fbf-bf89-edd5e8cfab55@group-CE40E4357BCC->f658ebac-deb2-49b4-9f10-33c653d96c5d-AppendLogResponseHandler: Failed appendEntries: org.apache.ratis.thirdparty.io.grpc.StatusRuntimeException: UNAVAILABLE: io exception
2019-10-03 21:12:59,283 [pool-423-thread-1] INFO  server.RaftServerConfigKeys (ConfUtils.java:logGet(43)) - raft.server.log.statemachine.data.sync.timeout.retry = -1 (default)
2019-10-03 21:12:59,283 [grpc-default-executor-6] WARN  server.GrpcLogAppender (LogUtils.java:warn(134)) - 9c318cf7-b60a-4fbf-bf89-edd5e8cfab55@group-CE40E4357BCC->7c505e6a-9687-4d94-9068-e6b7950a282c-AppendLogResponseHandler: Failed appendEntries: org.apache.ratis.thirdparty.io.grpc.StatusRuntimeException: UNAVAILABLE: io exception
2019-10-03 21:12:59,283 [grpc-default-executor-0] INFO  impl.FollowerInfo (FollowerInfo.java:lambda$new$0(51)) - 9c318cf7-b60a-4fbf-bf89-edd5e8cfab55@group-CE40E4357BCC->f658ebac-deb2-49b4-9f10-33c653d96c5d: nextIndex: updateUnconditionally 1 -> 0
2019-10-03 21:12:59,284 [grpc-default-executor-6] INFO  impl.FollowerInfo (FollowerInfo.java:lambda$new$0(51)) - 9c318cf7-b60a-4fbf-bf89-edd5e8cfab55@group-CE40E4357BCC->7c505e6a-9687-4d94-9068-e6b7950a282c: nextIndex: updateUnconditionally 1 -> 0
2019-10-03 21:12:59,284 [pool-423-thread-1] INFO  server.RaftServerConfigKeys (ConfUtils.java:logGet(43)) - raft.server.log.statemachine.data.caching.enabled = true (custom)
2019-10-03 21:12:59,284 [pool-423-thread-1] INFO  segmented.SegmentedRaftLogWorker (SegmentedRaftLogWorker.java:lambda$new$0(128)) - 38073b40-198b-4c22-9695-3d0f0943ba71@group-077FA805927E-SegmentedRaftLogWorker: flushIndex: setUnconditionally 0 -> -1
2019-10-03 21:12:59,285 [pool-423-thread-1] INFO  server.RaftServerConfigKeys (ConfUtils.java:logGet(43)) - raft.server.snapshot.auto.trigger.enabled = true (custom)
2019-10-03 21:12:59,285 [pool-423-thread-1] INFO  server.RaftServerConfigKeys (ConfUtils.java:logGet(43)) - raft.server.snapshot.auto.trigger.threshold = 10000 (custom)
2019-10-03 21:12:59,285 [pool-423-thread-1] INFO  server.RaftServerConfigKeys (ConfUtils.java:logGet(43)) - raft.server.snapshot.retention.file.num = 5 (custom)
2019-10-03 21:12:59,285 [pool-423-thread-1] INFO  server.RaftServerConfigKeys (ConfUtils.java:logGet(43)) - raft.server.retrycache.expirytime = 600000ms (custom)
2019-10-03 21:12:59,287 [pool-423-thread-1] INFO  impl.RaftServerImpl (RaftServerImpl.java:start(181)) - 38073b40-198b-4c22-9695-3d0f0943ba71@group-077FA805927E: start as a follower, conf=-1: [38073b40-198b-4c22-9695-3d0f0943ba71:192.168.30.42:35683], old=null
2019-10-03 21:12:59,287 [pool-423-thread-1] INFO  impl.RaftServerImpl (RaftServerImpl.java:setRole(170)) - 38073b40-198b-4c22-9695-3d0f0943ba71@group-077FA805927E: changes role from      null to FOLLOWER at term 0 for startAsFollower
2019-10-03 21:12:59,288 [pool-423-thread-1] INFO  impl.RoleInfo (RoleInfo.java:updateAndGet(143)) - 38073b40-198b-4c22-9695-3d0f0943ba71: start FollowerState
2019-10-03 21:12:59,288 [pool-423-thread-1] INFO  util.JmxRegister (JmxRegister.java:tryRegister(44)) - Successfully registered JMX Bean with object name Ratis:service=RaftServer,group=group-077FA805927E,id=38073b40-198b-4c22-9695-3d0f0943ba71
2019-10-03 21:12:59,293 [RatisPipelineUtilsThread] INFO  pipeline.PipelineStateManager (PipelineStateManager.java:addPipeline(56)) - Created pipeline Pipeline[ Id: 36db0d5a-9b37-4d9e-bbb2-077fa805927e, Nodes: 38073b40-198b-4c22-9695-3d0f0943ba71{ip: 192.168.30.42, host: pr-hdds-2225-n29jj-1390324493, networkLocation: /default-rack, certSerialId: null}, Type:RATIS, Factor:ONE, State:OPEN]
2019-10-03 21:12:59,303 [grpc-default-executor-6] INFO  impl.RaftServerProxy (RaftServerProxy.java:addNew(89)) - 1540fd05-efa4-44f9-ba59-fcb16fc11a7a: addNew group-B13DE5B42C37:[1540fd05-efa4-44f9-ba59-fcb16fc11a7a:192.168.30.42:43562] returns group-B13DE5B42C37:java.util.concurrent.CompletableFuture@48ed715b[Not completed]
2019-10-03 21:12:59,304 [pool-433-thread-1] INFO  impl.RaftServerImpl (RaftServerImpl.java:<init>(95)) - 1540fd05-efa4-44f9-ba59-fcb16fc11a7a: new RaftServerImpl for group-B13DE5B42C37:[1540fd05-efa4-44f9-ba59-fcb16fc11a7a:192.168.30.42:43562] with ContainerStateMachine:uninitialized
2019-10-03 21:12:59,305 [pool-433-thread-1] INFO  server.RaftServerConfigKeys (ConfUtils.java:logGet(43)) - raft.server.rpc.timeout.min = 5s (custom)
2019-10-03 21:12:59,305 [pool-433-thread-1] INFO  server.RaftServerConfigKeys (ConfUtils.java:logGet(43)) - raft.server.rpc.timeout.max = 5200ms (custom)
2019-10-03 21:12:59,305 [pool-433-thread-1] INFO  server.RaftServerConfigKeys (ConfUtils.java:logGet(43)) - raft.server.rpcslowness.timeout = 120s (custom)
2019-10-03 21:12:59,305 [pool-433-thread-1] INFO  server.RaftServerConfigKeys (ConfUtils.java:logGet(43)) - raft.server.sleep.deviation.threshold = 300 (default)
2019-10-03 21:12:59,305 [pool-433-thread-1] INFO  server.RaftServerConfigKeys (ConfUtils.java:logGet(43)) - raft.server.log.appender.install.snapshot.enabled = false (custom)
2019-10-03 21:12:59,305 [pool-433-thread-1] INFO  impl.RaftServerImpl (ServerState.java:<init>(103)) - 1540fd05-efa4-44f9-ba59-fcb16fc11a7a@group-B13DE5B42C37: ConfigurationManager, init=-1: [1540fd05-efa4-44f9-ba59-fcb16fc11a7a:192.168.30.42:43562], old=null, confs=<EMPTY_MAP>
2019-10-03 21:12:59,306 [pool-433-thread-1] INFO  server.RaftServerConfigKeys (ConfUtils.java:logGet(43)) - raft.server.storage.dir = [/workdir/hadoop-ozone/integration-test/target/test-dir/MiniOzoneClusterImpl-ed63f357-304f-428a-b49a-7d64402b049a/datanode-5/data/ratis] (custom)
2019-10-03 21:12:59,306 [pool-433-thread-1] INFO  server.RaftServerConfigKeys (ConfUtils.java:logGet(43)) - raft.server.log.corruption.policy = EXCEPTION (default)
2019-10-03 21:12:59,306 [pool-433-thread-1] INFO  storage.RaftStorageDirectory (RaftStorageDirectory.java:analyzeStorage(246)) - The storage directory /workdir/hadoop-ozone/integration-test/target/test-dir/MiniOzoneClusterImpl-ed63f357-304f-428a-b49a-7d64402b049a/datanode-5/data/ratis/d9e561de-0662-4bf3-baee-b13de5b42c37 does not exist. Creating ...
2019-10-03 21:12:59,309 [IPC Server handler 6 on 33382] INFO  net.NetworkTopology (NetworkTopologyImpl.java:add(111)) - Added a new node: /default-rack/77817775-8fed-48c7-84b4-cf2f4cfa5b34
2019-10-03 21:12:59,309 [IPC Server handler 6 on 33382] INFO  node.SCMNodeManager (SCMNodeManager.java:register(266)) - Registered Data node : 77817775-8fed-48c7-84b4-cf2f4cfa5b34{ip: 192.168.30.42, host: pr-hdds-2225-n29jj-1390324493, networkLocation: /default-rack, certSerialId: null}
2019-10-03 21:12:59,309 [main] INFO  ozone.MiniOzoneClusterImpl (MiniOzoneClusterImpl.java:lambda$waitForClusterToBeReady$0(147)) - Cluster is ready. Got 7 of 7 DN Heartbeats.
2019-10-03 21:12:59,335 [pool-433-thread-1] INFO  storage.RaftStorageDirectory (RaftStorageDirectory.java:tryLock(328)) - Lock on /workdir/hadoop-ozone/integration-test/target/test-dir/MiniOzoneClusterImpl-ed63f357-304f-428a-b49a-7d64402b049a/datanode-5/data/ratis/d9e561de-0662-4bf3-baee-b13de5b42c37/in_use.lock acquired by nodename 4957@pr-hdds-2225-n29jj-1390324493
2019-10-03 21:12:59,361 [main] INFO  rpc.RpcClient (RpcClient.java:createVolume(277)) - Creating Volume: watchforcommithandlingtest, with jenkins1000 as owner.
2019-10-03 21:12:59,363 [pool-433-thread-1] INFO  storage.RaftStorage (RaftStorage.java:format(84)) - Storage directory /workdir/hadoop-ozone/integration-test/target/test-dir/MiniOzoneClusterImpl-ed63f357-304f-428a-b49a-7d64402b049a/datanode-5/data/ratis/d9e561de-0662-4bf3-baee-b13de5b42c37 has been successfully formatted.
2019-10-03 21:12:59,364 [pool-433-thread-1] INFO  ratis.ContainerStateMachine (ContainerStateMachine.java:loadSnapshot(230)) - group-B13DE5B42C37: The snapshot info is null. Setting the last applied indexto:(t:0, i:~)
2019-10-03 21:12:59,364 [IPC Server handler 1 on 45136] INFO  volume.OMVolumeCreateRequest (OMVolumeCreateRequest.java:validateAndUpdateCache(193)) - created volume:watchforcommithandlingtest for user:jenkins1000
2019-10-03 21:12:59,364 [pool-433-thread-1] INFO  server.RaftServerConfigKeys (ConfUtils.java:logGet(43)) - raft.server.notification.no-leader.timeout = 120s (custom)
2019-10-03 21:12:59,364 [pool-433-thread-1] INFO  server.RaftServerConfigKeys (ConfUtils.java:logGet(43)) - raft.server.log.use.memory = false (default)
2019-10-03 21:12:59,364 [pool-433-thread-1] INFO  server.RaftServerConfigKeys (ConfUtils.java:logGet(43)) - raft.server.log.purge.gap = 1000000 (custom)
2019-10-03 21:12:59,365 [pool-433-thread-1] INFO  server.RaftServerConfigKeys (ConfUtils.java:logGet(43)) - raft.server.log.appender.buffer.byte-limit = 33554432 (custom)
2019-10-03 21:12:59,365 [pool-433-thread-1] INFO  server.RaftServerConfigKeys (ConfUtils.java:logGet(43)) - raft.server.log.segment.size.max = 1048576 (custom)
2019-10-03 21:12:59,380 [pool-433-thread-1] INFO  server.RaftServerConfigKeys (ConfUtils.java:logGet(43)) - raft.server.log.segment.cache.num.max = 2 (custom)
2019-10-03 21:12:59,380 [pool-433-thread-1] INFO  segmented.SegmentedRaftLogWorker (SegmentedRaftLogWorker.java:<init>(173)) - new 1540fd05-efa4-44f9-ba59-fcb16fc11a7a@group-B13DE5B42C37-SegmentedRaftLogWorker for RaftStorage:Storage Directory /workdir/hadoop-ozone/integration-test/target/test-dir/MiniOzoneClusterImpl-ed63f357-304f-428a-b49a-7d64402b049a/datanode-5/data/ratis/d9e561de-0662-4bf3-baee-b13de5b42c37
2019-10-03 21:12:59,380 [pool-433-thread-1] INFO  server.RaftServerConfigKeys (ConfUtils.java:logGet(43)) - raft.server.log.queue.byte-limit = 2147483647 (custom)
2019-10-03 21:12:59,380 [pool-433-thread-1] INFO  server.RaftServerConfigKeys (ConfUtils.java:logGet(43)) - raft.server.log.queue.element-limit = 1024 (custom)
2019-10-03 21:12:59,380 [main] INFO  rpc.RpcClient (RpcClient.java:createBucket(416)) - Creating Bucket: watchforcommithandlingtest/watchforcommithandlingtest, with Versioning false and Storage Type set to DISK and Encryption set to false 
2019-10-03 21:12:59,380 [pool-433-thread-1] INFO  server.RaftServerConfigKeys (ConfUtils.java:logGet(43)) - raft.server.log.segment.size.max = 1048576 (custom)
2019-10-03 21:12:59,381 [pool-433-thread-1] INFO  server.RaftServerConfigKeys (ConfUtils.java:logGet(43)) - raft.server.log.preallocated.size = 16384 (custom)
2019-10-03 21:12:59,381 [pool-433-thread-1] INFO  server.RaftServerConfigKeys (ConfUtils.java:logGet(43)) - raft.server.log.write.buffer.size = 33554432 (custom)
2019-10-03 21:12:59,381 [pool-433-thread-1] INFO  server.RaftServerConfigKeys (ConfUtils.java:logGet(43)) - raft.server.log.force.sync.num = 128 (default)
2019-10-03 21:12:59,381 [pool-433-thread-1] INFO  server.RaftServerConfigKeys (ConfUtils.java:logGet(43)) - raft.server.log.statemachine.data.sync = true (default)
2019-10-03 21:12:59,381 [pool-433-thread-1] INFO  server.RaftServerConfigKeys (ConfUtils.java:logGet(43)) - raft.server.log.statemachine.data.sync.timeout = 10s (default)
2019-10-03 21:12:59,381 [pool-433-thread-1] INFO  server.RaftServerConfigKeys (ConfUtils.java:logGet(43)) - raft.server.log.statemachine.data.sync.timeout.retry = -1 (default)
2019-10-03 21:12:59,382 [pool-433-thread-1] INFO  server.RaftServerConfigKeys (ConfUtils.java:logGet(43)) - raft.server.log.statemachine.data.caching.enabled = true (custom)
2019-10-03 21:12:59,382 [pool-433-thread-1] INFO  segmented.SegmentedRaftLogWorker (SegmentedRaftLogWorker.java:lambda$new$0(128)) - 1540fd05-efa4-44f9-ba59-fcb16fc11a7a@group-B13DE5B42C37-SegmentedRaftLogWorker: flushIndex: setUnconditionally 0 -> -1
2019-10-03 21:12:59,385 [pool-433-thread-1] INFO  server.RaftServerConfigKeys (ConfUtils.java:logGet(43)) - raft.server.snapshot.auto.trigger.enabled = true (custom)
2019-10-03 21:12:59,385 [pool-433-thread-1] INFO  server.RaftServerConfigKeys (ConfUtils.java:logGet(43)) - raft.server.snapshot.auto.trigger.threshold = 10000 (custom)
2019-10-03 21:12:59,385 [main] INFO  ozone.MiniOzoneClusterImpl (MiniOzoneClusterImpl.java:getStorageContainerLocationClient(234)) - Creating StorageContainerLocationProtocol RPC client with address /0.0.0.0:42838
2019-10-03 21:12:59,385 [pool-433-thread-1] INFO  server.RaftServerConfigKeys (ConfUtils.java:logGet(43)) - raft.server.snapshot.retention.file.num = 5 (custom)
2019-10-03 21:12:59,385 [pool-433-thread-1] INFO  server.RaftServerConfigKeys (ConfUtils.java:logGet(43)) - raft.server.retrycache.expirytime = 600000ms (custom)
2019-10-03 21:12:59,387 [pool-433-thread-1] INFO  impl.RaftServerImpl (RaftServerImpl.java:start(181)) - 1540fd05-efa4-44f9-ba59-fcb16fc11a7a@group-B13DE5B42C37: start as a follower, conf=-1: [1540fd05-efa4-44f9-ba59-fcb16fc11a7a:192.168.30.42:43562], old=null
2019-10-03 21:12:59,387 [pool-433-thread-1] INFO  impl.RaftServerImpl (RaftServerImpl.java:setRole(170)) - 1540fd05-efa4-44f9-ba59-fcb16fc11a7a@group-B13DE5B42C37: changes role from      null to FOLLOWER at term 0 for startAsFollower
2019-10-03 21:12:59,387 [pool-433-thread-1] INFO  impl.RoleInfo (RoleInfo.java:updateAndGet(143)) - 1540fd05-efa4-44f9-ba59-fcb16fc11a7a: start FollowerState
2019-10-03 21:12:59,388 [pool-433-thread-1] INFO  util.JmxRegister (JmxRegister.java:tryRegister(44)) - Successfully registered JMX Bean with object name Ratis:service=RaftServer,group=group-B13DE5B42C37,id=1540fd05-efa4-44f9-ba59-fcb16fc11a7a
2019-10-03 21:12:59,392 [RatisPipelineUtilsThread] INFO  pipeline.PipelineStateManager (PipelineStateManager.java:addPipeline(56)) - Created pipeline Pipeline[ Id: d9e561de-0662-4bf3-baee-b13de5b42c37, Nodes: 1540fd05-efa4-44f9-ba59-fcb16fc11a7a{ip: 192.168.30.42, host: pr-hdds-2225-n29jj-1390324493, networkLocation: /default-rack, certSerialId: null}, Type:RATIS, Factor:ONE, State:OPEN]
2019-10-03 21:12:59,399 [grpc-default-executor-6] INFO  impl.RaftServerProxy (RaftServerProxy.java:addNew(89)) - 77817775-8fed-48c7-84b4-cf2f4cfa5b34: addNew group-AB65FA2BE14E:[77817775-8fed-48c7-84b4-cf2f4cfa5b34:192.168.30.42:33673] returns group-AB65FA2BE14E:java.util.concurrent.CompletableFuture@7ef50f10[Not completed]
2019-10-03 21:12:59,400 [pool-443-thread-1] INFO  impl.RaftServerImpl (RaftServerImpl.java:<init>(95)) - 77817775-8fed-48c7-84b4-cf2f4cfa5b34: new RaftServerImpl for group-AB65FA2BE14E:[77817775-8fed-48c7-84b4-cf2f4cfa5b34:192.168.30.42:33673] with ContainerStateMachine:uninitialized
2019-10-03 21:12:59,400 [pool-443-thread-1] INFO  server.RaftServerConfigKeys (ConfUtils.java:logGet(43)) - raft.server.rpc.timeout.min = 5s (custom)
2019-10-03 21:12:59,400 [pool-443-thread-1] INFO  server.RaftServerConfigKeys (ConfUtils.java:logGet(43)) - raft.server.rpc.timeout.max = 5200ms (custom)
2019-10-03 21:12:59,400 [pool-443-thread-1] INFO  server.RaftServerConfigKeys (ConfUtils.java:logGet(43)) - raft.server.rpcslowness.timeout = 120s (custom)
2019-10-03 21:12:59,400 [pool-443-thread-1] INFO  server.RaftServerConfigKeys (ConfUtils.java:logGet(43)) - raft.server.sleep.deviation.threshold = 300 (default)
2019-10-03 21:12:59,400 [pool-443-thread-1] INFO  server.RaftServerConfigKeys (ConfUtils.java:logGet(43)) - raft.server.log.appender.install.snapshot.enabled = false (custom)
2019-10-03 21:12:59,400 [pool-443-thread-1] INFO  impl.RaftServerImpl (ServerState.java:<init>(103)) - 77817775-8fed-48c7-84b4-cf2f4cfa5b34@group-AB65FA2BE14E: ConfigurationManager, init=-1: [77817775-8fed-48c7-84b4-cf2f4cfa5b34:192.168.30.42:33673], old=null, confs=<EMPTY_MAP>
2019-10-03 21:12:59,401 [pool-443-thread-1] INFO  server.RaftServerConfigKeys (ConfUtils.java:logGet(43)) - raft.server.storage.dir = [/workdir/hadoop-ozone/integration-test/target/test-dir/MiniOzoneClusterImpl-ed63f357-304f-428a-b49a-7d64402b049a/datanode-6/data/ratis] (custom)
2019-10-03 21:12:59,401 [pool-443-thread-1] INFO  server.RaftServerConfigKeys (ConfUtils.java:logGet(43)) - raft.server.log.corruption.policy = EXCEPTION (default)
2019-10-03 21:12:59,401 [pool-443-thread-1] INFO  storage.RaftStorageDirectory (RaftStorageDirectory.java:analyzeStorage(246)) - The storage directory /workdir/hadoop-ozone/integration-test/target/test-dir/MiniOzoneClusterImpl-ed63f357-304f-428a-b49a-7d64402b049a/datanode-6/data/ratis/c2473215-e47f-4cd9-a929-ab65fa2be14e does not exist. Creating ...
2019-10-03 21:12:59,422 [pool-443-thread-1] INFO  storage.RaftStorageDirectory (RaftStorageDirectory.java:tryLock(328)) - Lock on /workdir/hadoop-ozone/integration-test/target/test-dir/MiniOzoneClusterImpl-ed63f357-304f-428a-b49a-7d64402b049a/datanode-6/data/ratis/c2473215-e47f-4cd9-a929-ab65fa2be14e/in_use.lock acquired by nodename 4957@pr-hdds-2225-n29jj-1390324493
2019-10-03 21:12:59,462 [pool-443-thread-1] INFO  storage.RaftStorage (RaftStorage.java:format(84)) - Storage directory /workdir/hadoop-ozone/integration-test/target/test-dir/MiniOzoneClusterImpl-ed63f357-304f-428a-b49a-7d64402b049a/datanode-6/data/ratis/c2473215-e47f-4cd9-a929-ab65fa2be14e has been successfully formatted.
2019-10-03 21:12:59,462 [pool-443-thread-1] INFO  ratis.ContainerStateMachine (ContainerStateMachine.java:loadSnapshot(230)) - group-AB65FA2BE14E: The snapshot info is null. Setting the last applied indexto:(t:0, i:~)
2019-10-03 21:12:59,462 [pool-443-thread-1] INFO  server.RaftServerConfigKeys (ConfUtils.java:logGet(43)) - raft.server.notification.no-leader.timeout = 120s (custom)
2019-10-03 21:12:59,462 [pool-443-thread-1] INFO  server.RaftServerConfigKeys (ConfUtils.java:logGet(43)) - raft.server.log.use.memory = false (default)
2019-10-03 21:12:59,462 [pool-443-thread-1] INFO  server.RaftServerConfigKeys (ConfUtils.java:logGet(43)) - raft.server.log.purge.gap = 1000000 (custom)
2019-10-03 21:12:59,462 [pool-443-thread-1] INFO  server.RaftServerConfigKeys (ConfUtils.java:logGet(43)) - raft.server.log.appender.buffer.byte-limit = 33554432 (custom)
2019-10-03 21:12:59,463 [pool-443-thread-1] INFO  server.RaftServerConfigKeys (ConfUtils.java:logGet(43)) - raft.server.log.segment.size.max = 1048576 (custom)
2019-10-03 21:12:59,464 [pool-443-thread-1] INFO  server.RaftServerConfigKeys (ConfUtils.java:logGet(43)) - raft.server.log.segment.cache.num.max = 2 (custom)
2019-10-03 21:12:59,464 [pool-443-thread-1] INFO  segmented.SegmentedRaftLogWorker (SegmentedRaftLogWorker.java:<init>(173)) - new 77817775-8fed-48c7-84b4-cf2f4cfa5b34@group-AB65FA2BE14E-SegmentedRaftLogWorker for RaftStorage:Storage Directory /workdir/hadoop-ozone/integration-test/target/test-dir/MiniOzoneClusterImpl-ed63f357-304f-428a-b49a-7d64402b049a/datanode-6/data/ratis/c2473215-e47f-4cd9-a929-ab65fa2be14e
2019-10-03 21:12:59,464 [pool-443-thread-1] INFO  server.RaftServerConfigKeys (ConfUtils.java:logGet(43)) - raft.server.log.queue.byte-limit = 2147483647 (custom)
2019-10-03 21:12:59,464 [pool-443-thread-1] INFO  server.RaftServerConfigKeys (ConfUtils.java:logGet(43)) - raft.server.log.queue.element-limit = 1024 (custom)
2019-10-03 21:12:59,464 [pool-443-thread-1] INFO  server.RaftServerConfigKeys (ConfUtils.java:logGet(43)) - raft.server.log.segment.size.max = 1048576 (custom)
2019-10-03 21:12:59,464 [pool-443-thread-1] INFO  server.RaftServerConfigKeys (ConfUtils.java:logGet(43)) - raft.server.log.preallocated.size = 16384 (custom)
2019-10-03 21:12:59,464 [pool-443-thread-1] INFO  server.RaftServerConfigKeys (ConfUtils.java:logGet(43)) - raft.server.log.write.buffer.size = 33554432 (custom)
2019-10-03 21:12:59,464 [pool-443-thread-1] INFO  server.RaftServerConfigKeys (ConfUtils.java:logGet(43)) - raft.server.log.force.sync.num = 128 (default)
2019-10-03 21:12:59,465 [pool-443-thread-1] INFO  server.RaftServerConfigKeys (ConfUtils.java:logGet(43)) - raft.server.log.statemachine.data.sync = true (default)
2019-10-03 21:12:59,465 [pool-443-thread-1] INFO  server.RaftServerConfigKeys (ConfUtils.java:logGet(43)) - raft.server.log.statemachine.data.sync.timeout = 10s (default)
2019-10-03 21:12:59,465 [pool-443-thread-1] INFO  server.RaftServerConfigKeys (ConfUtils.java:logGet(43)) - raft.server.log.statemachine.data.sync.timeout.retry = -1 (default)
2019-10-03 21:12:59,465 [pool-443-thread-1] INFO  server.RaftServerConfigKeys (ConfUtils.java:logGet(43)) - raft.server.log.statemachine.data.caching.enabled = true (custom)
2019-10-03 21:12:59,465 [pool-443-thread-1] INFO  segmented.SegmentedRaftLogWorker (SegmentedRaftLogWorker.java:lambda$new$0(128)) - 77817775-8fed-48c7-84b4-cf2f4cfa5b34@group-AB65FA2BE14E-SegmentedRaftLogWorker: flushIndex: setUnconditionally 0 -> -1
2019-10-03 21:12:59,465 [pool-443-thread-1] INFO  server.RaftServerConfigKeys (ConfUtils.java:logGet(43)) - raft.server.snapshot.auto.trigger.enabled = true (custom)
2019-10-03 21:12:59,466 [pool-443-thread-1] INFO  server.RaftServerConfigKeys (ConfUtils.java:logGet(43)) - raft.server.snapshot.auto.trigger.threshold = 10000 (custom)
2019-10-03 21:12:59,466 [pool-443-thread-1] INFO  server.RaftServerConfigKeys (ConfUtils.java:logGet(43)) - raft.server.snapshot.retention.file.num = 5 (custom)
2019-10-03 21:12:59,466 [pool-443-thread-1] INFO  server.RaftServerConfigKeys (ConfUtils.java:logGet(43)) - raft.server.retrycache.expirytime = 600000ms (custom)
2019-10-03 21:12:59,467 [pool-443-thread-1] INFO  impl.RaftServerImpl (RaftServerImpl.java:start(181)) - 77817775-8fed-48c7-84b4-cf2f4cfa5b34@group-AB65FA2BE14E: start as a follower, conf=-1: [77817775-8fed-48c7-84b4-cf2f4cfa5b34:192.168.30.42:33673], old=null
2019-10-03 21:12:59,467 [pool-443-thread-1] INFO  impl.RaftServerImpl (RaftServerImpl.java:setRole(170)) - 77817775-8fed-48c7-84b4-cf2f4cfa5b34@group-AB65FA2BE14E: changes role from      null to FOLLOWER at term 0 for startAsFollower
2019-10-03 21:12:59,467 [pool-443-thread-1] INFO  impl.RoleInfo (RoleInfo.java:updateAndGet(143)) - 77817775-8fed-48c7-84b4-cf2f4cfa5b34: start FollowerState
2019-10-03 21:12:59,467 [pool-443-thread-1] INFO  util.JmxRegister (JmxRegister.java:tryRegister(44)) - Successfully registered JMX Bean with object name Ratis:service=RaftServer,group=group-AB65FA2BE14E,id=77817775-8fed-48c7-84b4-cf2f4cfa5b34
2019-10-03 21:12:59,471 [RatisPipelineUtilsThread] INFO  pipeline.PipelineStateManager (PipelineStateManager.java:addPipeline(56)) - Created pipeline Pipeline[ Id: c2473215-e47f-4cd9-a929-ab65fa2be14e, Nodes: 77817775-8fed-48c7-84b4-cf2f4cfa5b34{ip: 192.168.30.42, host: pr-hdds-2225-n29jj-1390324493, networkLocation: /default-rack, certSerialId: null}, Type:RATIS, Factor:ONE, State:OPEN]
2019-10-03 21:12:59,497 [grpc-default-executor-3] INFO  impl.RaftServerProxy (RaftServerProxy.java:addNew(89)) - 38073b40-198b-4c22-9695-3d0f0943ba71: addNew group-6E5422165F77:[38073b40-198b-4c22-9695-3d0f0943ba71:192.168.30.42:35683, 0f5d3176-329d-47ce-ae71-974e95fcee4d:192.168.30.42:34687, 1540fd05-efa4-44f9-ba59-fcb16fc11a7a:192.168.30.42:43562] returns group-6E5422165F77:java.util.concurrent.CompletableFuture@10fb1a84[Not completed]
2019-10-03 21:12:59,497 [grpc-default-executor-0] INFO  impl.RaftServerProxy (RaftServerProxy.java:addNew(89)) - 0f5d3176-329d-47ce-ae71-974e95fcee4d: addNew group-6E5422165F77:[38073b40-198b-4c22-9695-3d0f0943ba71:192.168.30.42:35683, 0f5d3176-329d-47ce-ae71-974e95fcee4d:192.168.30.42:34687, 1540fd05-efa4-44f9-ba59-fcb16fc11a7a:192.168.30.42:43562] returns group-6E5422165F77:java.util.concurrent.CompletableFuture@d2a51a6[Not completed]
2019-10-03 21:12:59,497 [grpc-default-executor-6] INFO  impl.RaftServerProxy (RaftServerProxy.java:addNew(89)) - 1540fd05-efa4-44f9-ba59-fcb16fc11a7a: addNew group-6E5422165F77:[38073b40-198b-4c22-9695-3d0f0943ba71:192.168.30.42:35683, 0f5d3176-329d-47ce-ae71-974e95fcee4d:192.168.30.42:34687, 1540fd05-efa4-44f9-ba59-fcb16fc11a7a:192.168.30.42:43562] returns group-6E5422165F77:java.util.concurrent.CompletableFuture@1a6504db[Not completed]
2019-10-03 21:12:59,499 [pool-433-thread-1] INFO  impl.RaftServerImpl (RaftServerImpl.java:<init>(95)) - 1540fd05-efa4-44f9-ba59-fcb16fc11a7a: new RaftServerImpl for group-6E5422165F77:[38073b40-198b-4c22-9695-3d0f0943ba71:192.168.30.42:35683, 0f5d3176-329d-47ce-ae71-974e95fcee4d:192.168.30.42:34687, 1540fd05-efa4-44f9-ba59-fcb16fc11a7a:192.168.30.42:43562] with ContainerStateMachine:uninitialized
2019-10-03 21:12:59,499 [pool-433-thread-1] INFO  server.RaftServerConfigKeys (ConfUtils.java:logGet(43)) - raft.server.rpc.timeout.min = 5s (custom)
2019-10-03 21:12:59,499 [pool-433-thread-1] INFO  server.RaftServerConfigKeys (ConfUtils.java:logGet(43)) - raft.server.rpc.timeout.max = 5200ms (custom)
2019-10-03 21:12:59,499 [pool-433-thread-1] INFO  server.RaftServerConfigKeys (ConfUtils.java:logGet(43)) - raft.server.rpcslowness.timeout = 120s (custom)
2019-10-03 21:12:59,499 [pool-433-thread-1] INFO  server.RaftServerConfigKeys (ConfUtils.java:logGet(43)) - raft.server.sleep.deviation.threshold = 300 (default)
2019-10-03 21:12:59,499 [pool-413-thread-1] INFO  impl.RaftServerImpl (RaftServerImpl.java:<init>(95)) - 0f5d3176-329d-47ce-ae71-974e95fcee4d: new RaftServerImpl for group-6E5422165F77:[38073b40-198b-4c22-9695-3d0f0943ba71:192.168.30.42:35683, 0f5d3176-329d-47ce-ae71-974e95fcee4d:192.168.30.42:34687, 1540fd05-efa4-44f9-ba59-fcb16fc11a7a:192.168.30.42:43562] with ContainerStateMachine:uninitialized
2019-10-03 21:12:59,500 [pool-433-thread-1] INFO  server.RaftServerConfigKeys (ConfUtils.java:logGet(43)) - raft.server.log.appender.install.snapshot.enabled = false (custom)
2019-10-03 21:12:59,500 [pool-413-thread-1] INFO  server.RaftServerConfigKeys (ConfUtils.java:logGet(43)) - raft.server.rpc.timeout.min = 5s (custom)
2019-10-03 21:12:59,500 [pool-433-thread-1] INFO  impl.RaftServerImpl (ServerState.java:<init>(103)) - 1540fd05-efa4-44f9-ba59-fcb16fc11a7a@group-6E5422165F77: ConfigurationManager, init=-1: [38073b40-198b-4c22-9695-3d0f0943ba71:192.168.30.42:35683, 0f5d3176-329d-47ce-ae71-974e95fcee4d:192.168.30.42:34687, 1540fd05-efa4-44f9-ba59-fcb16fc11a7a:192.168.30.42:43562], old=null, confs=<EMPTY_MAP>
2019-10-03 21:12:59,500 [pool-413-thread-1] INFO  server.RaftServerConfigKeys (ConfUtils.java:logGet(43)) - raft.server.rpc.timeout.max = 5200ms (custom)
2019-10-03 21:12:59,500 [pool-433-thread-1] INFO  server.RaftServerConfigKeys (ConfUtils.java:logGet(43)) - raft.server.storage.dir = [/workdir/hadoop-ozone/integration-test/target/test-dir/MiniOzoneClusterImpl-ed63f357-304f-428a-b49a-7d64402b049a/datanode-5/data/ratis] (custom)
2019-10-03 21:12:59,500 [pool-423-thread-1] INFO  impl.RaftServerImpl (RaftServerImpl.java:<init>(95)) - 38073b40-198b-4c22-9695-3d0f0943ba71: new RaftServerImpl for group-6E5422165F77:[38073b40-198b-4c22-9695-3d0f0943ba71:192.168.30.42:35683, 0f5d3176-329d-47ce-ae71-974e95fcee4d:192.168.30.42:34687, 1540fd05-efa4-44f9-ba59-fcb16fc11a7a:192.168.30.42:43562] with ContainerStateMachine:uninitialized
2019-10-03 21:12:59,500 [pool-413-thread-1] INFO  server.RaftServerConfigKeys (ConfUtils.java:logGet(43)) - raft.server.rpcslowness.timeout = 120s (custom)
2019-10-03 21:12:59,501 [pool-433-thread-1] INFO  server.RaftServerConfigKeys (ConfUtils.java:logGet(43)) - raft.server.log.corruption.policy = EXCEPTION (default)
2019-10-03 21:12:59,501 [pool-423-thread-1] INFO  server.RaftServerConfigKeys (ConfUtils.java:logGet(43)) - raft.server.rpc.timeout.min = 5s (custom)
2019-10-03 21:12:59,501 [pool-413-thread-1] INFO  server.RaftServerConfigKeys (ConfUtils.java:logGet(43)) - raft.server.sleep.deviation.threshold = 300 (default)
2019-10-03 21:12:59,501 [pool-423-thread-1] INFO  server.RaftServerConfigKeys (ConfUtils.java:logGet(43)) - raft.server.rpc.timeout.max = 5200ms (custom)
2019-10-03 21:12:59,501 [pool-433-thread-1] INFO  storage.RaftStorageDirectory (RaftStorageDirectory.java:analyzeStorage(246)) - The storage directory /workdir/hadoop-ozone/integration-test/target/test-dir/MiniOzoneClusterImpl-ed63f357-304f-428a-b49a-7d64402b049a/datanode-5/data/ratis/38ae9315-9c37-4ee3-8ead-6e5422165f77 does not exist. Creating ...
2019-10-03 21:12:59,501 [pool-423-thread-1] INFO  server.RaftServerConfigKeys (ConfUtils.java:logGet(43)) - raft.server.rpcslowness.timeout = 120s (custom)
2019-10-03 21:12:59,501 [pool-413-thread-1] INFO  server.RaftServerConfigKeys (ConfUtils.java:logGet(43)) - raft.server.log.appender.install.snapshot.enabled = false (custom)
2019-10-03 21:12:59,502 [pool-423-thread-1] INFO  server.RaftServerConfigKeys (ConfUtils.java:logGet(43)) - raft.server.sleep.deviation.threshold = 300 (default)
2019-10-03 21:12:59,502 [pool-413-thread-1] INFO  impl.RaftServerImpl (ServerState.java:<init>(103)) - 0f5d3176-329d-47ce-ae71-974e95fcee4d@group-6E5422165F77: ConfigurationManager, init=-1: [38073b40-198b-4c22-9695-3d0f0943ba71:192.168.30.42:35683, 0f5d3176-329d-47ce-ae71-974e95fcee4d:192.168.30.42:34687, 1540fd05-efa4-44f9-ba59-fcb16fc11a7a:192.168.30.42:43562], old=null, confs=<EMPTY_MAP>
2019-10-03 21:12:59,502 [pool-423-thread-1] INFO  server.RaftServerConfigKeys (ConfUtils.java:logGet(43)) - raft.server.log.appender.install.snapshot.enabled = false (custom)
2019-10-03 21:12:59,502 [pool-413-thread-1] INFO  server.RaftServerConfigKeys (ConfUtils.java:logGet(43)) - raft.server.storage.dir = [/workdir/hadoop-ozone/integration-test/target/test-dir/MiniOzoneClusterImpl-ed63f357-304f-428a-b49a-7d64402b049a/datanode-3/data/ratis] (custom)
2019-10-03 21:12:59,502 [pool-423-thread-1] INFO  impl.RaftServerImpl (ServerState.java:<init>(103)) - 38073b40-198b-4c22-9695-3d0f0943ba71@group-6E5422165F77: ConfigurationManager, init=-1: [38073b40-198b-4c22-9695-3d0f0943ba71:192.168.30.42:35683, 0f5d3176-329d-47ce-ae71-974e95fcee4d:192.168.30.42:34687, 1540fd05-efa4-44f9-ba59-fcb16fc11a7a:192.168.30.42:43562], old=null, confs=<EMPTY_MAP>
2019-10-03 21:12:59,502 [pool-413-thread-1] INFO  server.RaftServerConfigKeys (ConfUtils.java:logGet(43)) - raft.server.log.corruption.policy = EXCEPTION (default)
2019-10-03 21:12:59,502 [pool-423-thread-1] INFO  server.RaftServerConfigKeys (ConfUtils.java:logGet(43)) - raft.server.storage.dir = [/workdir/hadoop-ozone/integration-test/target/test-dir/MiniOzoneClusterImpl-ed63f357-304f-428a-b49a-7d64402b049a/datanode-4/data/ratis] (custom)
2019-10-03 21:12:59,503 [pool-413-thread-1] INFO  storage.RaftStorageDirectory (RaftStorageDirectory.java:analyzeStorage(246)) - The storage directory /workdir/hadoop-ozone/integration-test/target/test-dir/MiniOzoneClusterImpl-ed63f357-304f-428a-b49a-7d64402b049a/datanode-3/data/ratis/38ae9315-9c37-4ee3-8ead-6e5422165f77 does not exist. Creating ...
2019-10-03 21:12:59,503 [pool-423-thread-1] INFO  server.RaftServerConfigKeys (ConfUtils.java:logGet(43)) - raft.server.log.corruption.policy = EXCEPTION (default)
2019-10-03 21:12:59,503 [pool-423-thread-1] INFO  storage.RaftStorageDirectory (RaftStorageDirectory.java:analyzeStorage(246)) - The storage directory /workdir/hadoop-ozone/integration-test/target/test-dir/MiniOzoneClusterImpl-ed63f357-304f-428a-b49a-7d64402b049a/datanode-4/data/ratis/38ae9315-9c37-4ee3-8ead-6e5422165f77 does not exist. Creating ...
2019-10-03 21:12:59,524 [pool-423-thread-1] INFO  storage.RaftStorageDirectory (RaftStorageDirectory.java:tryLock(328)) - Lock on /workdir/hadoop-ozone/integration-test/target/test-dir/MiniOzoneClusterImpl-ed63f357-304f-428a-b49a-7d64402b049a/datanode-4/data/ratis/38ae9315-9c37-4ee3-8ead-6e5422165f77/in_use.lock acquired by nodename 4957@pr-hdds-2225-n29jj-1390324493
2019-10-03 21:12:59,524 [pool-433-thread-1] INFO  storage.RaftStorageDirectory (RaftStorageDirectory.java:tryLock(328)) - Lock on /workdir/hadoop-ozone/integration-test/target/test-dir/MiniOzoneClusterImpl-ed63f357-304f-428a-b49a-7d64402b049a/datanode-5/data/ratis/38ae9315-9c37-4ee3-8ead-6e5422165f77/in_use.lock acquired by nodename 4957@pr-hdds-2225-n29jj-1390324493
2019-10-03 21:12:59,524 [pool-413-thread-1] INFO  storage.RaftStorageDirectory (RaftStorageDirectory.java:tryLock(328)) - Lock on /workdir/hadoop-ozone/integration-test/target/test-dir/MiniOzoneClusterImpl-ed63f357-304f-428a-b49a-7d64402b049a/datanode-3/data/ratis/38ae9315-9c37-4ee3-8ead-6e5422165f77/in_use.lock acquired by nodename 4957@pr-hdds-2225-n29jj-1390324493
2019-10-03 21:12:59,538 [pool-413-thread-1] INFO  storage.RaftStorage (RaftStorage.java:format(84)) - Storage directory /workdir/hadoop-ozone/integration-test/target/test-dir/MiniOzoneClusterImpl-ed63f357-304f-428a-b49a-7d64402b049a/datanode-3/data/ratis/38ae9315-9c37-4ee3-8ead-6e5422165f77 has been successfully formatted.
2019-10-03 21:12:59,538 [pool-423-thread-1] INFO  storage.RaftStorage (RaftStorage.java:format(84)) - Storage directory /workdir/hadoop-ozone/integration-test/target/test-dir/MiniOzoneClusterImpl-ed63f357-304f-428a-b49a-7d64402b049a/datanode-4/data/ratis/38ae9315-9c37-4ee3-8ead-6e5422165f77 has been successfully formatted.
2019-10-03 21:12:59,539 [pool-413-thread-1] INFO  ratis.ContainerStateMachine (ContainerStateMachine.java:loadSnapshot(230)) - group-6E5422165F77: The snapshot info is null. Setting the last applied indexto:(t:0, i:~)
2019-10-03 21:12:59,539 [pool-423-thread-1] INFO  ratis.ContainerStateMachine (ContainerStateMachine.java:loadSnapshot(230)) - group-6E5422165F77: The snapshot info is null. Setting the last applied indexto:(t:0, i:~)
2019-10-03 21:12:59,538 [pool-433-thread-1] INFO  storage.RaftStorage (RaftStorage.java:format(84)) - Storage directory /workdir/hadoop-ozone/integration-test/target/test-dir/MiniOzoneClusterImpl-ed63f357-304f-428a-b49a-7d64402b049a/datanode-5/data/ratis/38ae9315-9c37-4ee3-8ead-6e5422165f77 has been successfully formatted.
2019-10-03 21:12:59,539 [pool-423-thread-1] INFO  server.RaftServerConfigKeys (ConfUtils.java:logGet(43)) - raft.server.notification.no-leader.timeout = 120s (custom)
2019-10-03 21:12:59,539 [pool-413-thread-1] INFO  server.RaftServerConfigKeys (ConfUtils.java:logGet(43)) - raft.server.notification.no-leader.timeout = 120s (custom)
2019-10-03 21:12:59,539 [pool-423-thread-1] INFO  server.RaftServerConfigKeys (ConfUtils.java:logGet(43)) - raft.server.log.use.memory = false (default)
2019-10-03 21:12:59,539 [pool-433-thread-1] INFO  ratis.ContainerStateMachine (ContainerStateMachine.java:loadSnapshot(230)) - group-6E5422165F77: The snapshot info is null. Setting the last applied indexto:(t:0, i:~)
2019-10-03 21:12:59,540 [pool-423-thread-1] INFO  server.RaftServerConfigKeys (ConfUtils.java:logGet(43)) - raft.server.log.purge.gap = 1000000 (custom)
2019-10-03 21:12:59,539 [pool-413-thread-1] INFO  server.RaftServerConfigKeys (ConfUtils.java:logGet(43)) - raft.server.log.use.memory = false (default)
2019-10-03 21:12:59,540 [pool-423-thread-1] INFO  server.RaftServerConfigKeys (ConfUtils.java:logGet(43)) - raft.server.log.appender.buffer.byte-limit = 33554432 (custom)
2019-10-03 21:12:59,540 [pool-433-thread-1] INFO  server.RaftServerConfigKeys (ConfUtils.java:logGet(43)) - raft.server.notification.no-leader.timeout = 120s (custom)
2019-10-03 21:12:59,540 [pool-423-thread-1] INFO  server.RaftServerConfigKeys (ConfUtils.java:logGet(43)) - raft.server.log.segment.size.max = 1048576 (custom)
2019-10-03 21:12:59,540 [pool-413-thread-1] INFO  server.RaftServerConfigKeys (ConfUtils.java:logGet(43)) - raft.server.log.purge.gap = 1000000 (custom)
2019-10-03 21:12:59,541 [pool-423-thread-1] INFO  server.RaftServerConfigKeys (ConfUtils.java:logGet(43)) - raft.server.log.segment.cache.num.max = 2 (custom)
2019-10-03 21:12:59,540 [pool-433-thread-1] INFO  server.RaftServerConfigKeys (ConfUtils.java:logGet(43)) - raft.server.log.use.memory = false (default)
2019-10-03 21:12:59,541 [pool-423-thread-1] INFO  segmented.SegmentedRaftLogWorker (SegmentedRaftLogWorker.java:<init>(173)) - new 38073b40-198b-4c22-9695-3d0f0943ba71@group-6E5422165F77-SegmentedRaftLogWorker for RaftStorage:Storage Directory /workdir/hadoop-ozone/integration-test/target/test-dir/MiniOzoneClusterImpl-ed63f357-304f-428a-b49a-7d64402b049a/datanode-4/data/ratis/38ae9315-9c37-4ee3-8ead-6e5422165f77
2019-10-03 21:12:59,541 [pool-413-thread-1] INFO  server.RaftServerConfigKeys (ConfUtils.java:logGet(43)) - raft.server.log.appender.buffer.byte-limit = 33554432 (custom)
2019-10-03 21:12:59,541 [pool-423-thread-1] INFO  server.RaftServerConfigKeys (ConfUtils.java:logGet(43)) - raft.server.log.queue.byte-limit = 2147483647 (custom)
2019-10-03 21:12:59,541 [pool-433-thread-1] INFO  server.RaftServerConfigKeys (ConfUtils.java:logGet(43)) - raft.server.log.purge.gap = 1000000 (custom)
2019-10-03 21:12:59,541 [pool-423-thread-1] INFO  server.RaftServerConfigKeys (ConfUtils.java:logGet(43)) - raft.server.log.queue.element-limit = 1024 (custom)
2019-10-03 21:12:59,541 [pool-413-thread-1] INFO  server.RaftServerConfigKeys (ConfUtils.java:logGet(43)) - raft.server.log.segment.size.max = 1048576 (custom)
2019-10-03 21:12:59,542 [pool-423-thread-1] INFO  server.RaftServerConfigKeys (ConfUtils.java:logGet(43)) - raft.server.log.segment.size.max = 1048576 (custom)
2019-10-03 21:12:59,542 [pool-433-thread-1] INFO  server.RaftServerConfigKeys (ConfUtils.java:logGet(43)) - raft.server.log.appender.buffer.byte-limit = 33554432 (custom)
2019-10-03 21:12:59,542 [pool-423-thread-1] INFO  server.RaftServerConfigKeys (ConfUtils.java:logGet(43)) - raft.server.log.preallocated.size = 16384 (custom)
2019-10-03 21:12:59,542 [pool-423-thread-1] INFO  server.RaftServerConfigKeys (ConfUtils.java:logGet(43)) - raft.server.log.write.buffer.size = 33554432 (custom)
2019-10-03 21:12:59,542 [pool-413-thread-1] INFO  server.RaftServerConfigKeys (ConfUtils.java:logGet(43)) - raft.server.log.segment.cache.num.max = 2 (custom)
2019-10-03 21:12:59,543 [pool-423-thread-1] INFO  server.RaftServerConfigKeys (ConfUtils.java:logGet(43)) - raft.server.log.force.sync.num = 128 (default)
2019-10-03 21:12:59,543 [pool-423-thread-1] INFO  server.RaftServerConfigKeys (ConfUtils.java:logGet(43)) - raft.server.log.statemachine.data.sync = true (default)
2019-10-03 21:12:59,542 [pool-433-thread-1] INFO  server.RaftServerConfigKeys (ConfUtils.java:logGet(43)) - raft.server.log.segment.size.max = 1048576 (custom)
2019-10-03 21:12:59,543 [pool-423-thread-1] INFO  server.RaftServerConfigKeys (ConfUtils.java:logGet(43)) - raft.server.log.statemachine.data.sync.timeout = 10s (default)
2019-10-03 21:12:59,543 [pool-413-thread-1] INFO  segmented.SegmentedRaftLogWorker (SegmentedRaftLogWorker.java:<init>(173)) - new 0f5d3176-329d-47ce-ae71-974e95fcee4d@group-6E5422165F77-SegmentedRaftLogWorker for RaftStorage:Storage Directory /workdir/hadoop-ozone/integration-test/target/test-dir/MiniOzoneClusterImpl-ed63f357-304f-428a-b49a-7d64402b049a/datanode-3/data/ratis/38ae9315-9c37-4ee3-8ead-6e5422165f77
2019-10-03 21:12:59,543 [pool-423-thread-1] INFO  server.RaftServerConfigKeys (ConfUtils.java:logGet(43)) - raft.server.log.statemachine.data.sync.timeout.retry = -1 (default)
2019-10-03 21:12:59,543 [pool-433-thread-1] INFO  server.RaftServerConfigKeys (ConfUtils.java:logGet(43)) - raft.server.log.segment.cache.num.max = 2 (custom)
2019-10-03 21:12:59,544 [pool-423-thread-1] INFO  server.RaftServerConfigKeys (ConfUtils.java:logGet(43)) - raft.server.log.statemachine.data.caching.enabled = true (custom)
2019-10-03 21:12:59,543 [pool-413-thread-1] INFO  server.RaftServerConfigKeys (ConfUtils.java:logGet(43)) - raft.server.log.queue.byte-limit = 2147483647 (custom)
2019-10-03 21:12:59,544 [pool-433-thread-1] INFO  segmented.SegmentedRaftLogWorker (SegmentedRaftLogWorker.java:<init>(173)) - new 1540fd05-efa4-44f9-ba59-fcb16fc11a7a@group-6E5422165F77-SegmentedRaftLogWorker for RaftStorage:Storage Directory /workdir/hadoop-ozone/integration-test/target/test-dir/MiniOzoneClusterImpl-ed63f357-304f-428a-b49a-7d64402b049a/datanode-5/data/ratis/38ae9315-9c37-4ee3-8ead-6e5422165f77
2019-10-03 21:12:59,544 [pool-413-thread-1] INFO  server.RaftServerConfigKeys (ConfUtils.java:logGet(43)) - raft.server.log.queue.element-limit = 1024 (custom)
2019-10-03 21:12:59,544 [pool-423-thread-1] INFO  segmented.SegmentedRaftLogWorker (SegmentedRaftLogWorker.java:lambda$new$0(128)) - 38073b40-198b-4c22-9695-3d0f0943ba71@group-6E5422165F77-SegmentedRaftLogWorker: flushIndex: setUnconditionally 0 -> -1
2019-10-03 21:12:59,544 [pool-413-thread-1] INFO  server.RaftServerConfigKeys (ConfUtils.java:logGet(43)) - raft.server.log.segment.size.max = 1048576 (custom)
2019-10-03 21:12:59,544 [pool-433-thread-1] INFO  server.RaftServerConfigKeys (ConfUtils.java:logGet(43)) - raft.server.log.queue.byte-limit = 2147483647 (custom)
2019-10-03 21:12:59,545 [pool-423-thread-1] INFO  server.RaftServerConfigKeys (ConfUtils.java:logGet(43)) - raft.server.snapshot.auto.trigger.enabled = true (custom)
2019-10-03 21:12:59,545 [pool-413-thread-1] INFO  server.RaftServerConfigKeys (ConfUtils.java:logGet(43)) - raft.server.log.preallocated.size = 16384 (custom)
2019-10-03 21:12:59,545 [pool-423-thread-1] INFO  server.RaftServerConfigKeys (ConfUtils.java:logGet(43)) - raft.server.snapshot.auto.trigger.threshold = 10000 (custom)
2019-10-03 21:12:59,545 [pool-423-thread-1] INFO  server.RaftServerConfigKeys (ConfUtils.java:logGet(43)) - raft.server.snapshot.retention.file.num = 5 (custom)
2019-10-03 21:12:59,545 [pool-433-thread-1] INFO  server.RaftServerConfigKeys (ConfUtils.java:logGet(43)) - raft.server.log.queue.element-limit = 1024 (custom)
2019-10-03 21:12:59,545 [pool-423-thread-1] INFO  server.RaftServerConfigKeys (ConfUtils.java:logGet(43)) - raft.server.retrycache.expirytime = 600000ms (custom)
2019-10-03 21:12:59,545 [pool-413-thread-1] INFO  server.RaftServerConfigKeys (ConfUtils.java:logGet(43)) - raft.server.log.write.buffer.size = 33554432 (custom)
2019-10-03 21:12:59,546 [pool-433-thread-1] INFO  server.RaftServerConfigKeys (ConfUtils.java:logGet(43)) - raft.server.log.segment.size.max = 1048576 (custom)
2019-10-03 21:12:59,546 [pool-413-thread-1] INFO  server.RaftServerConfigKeys (ConfUtils.java:logGet(43)) - raft.server.log.force.sync.num = 128 (default)
2019-10-03 21:12:59,546 [pool-433-thread-1] INFO  server.RaftServerConfigKeys (ConfUtils.java:logGet(43)) - raft.server.log.preallocated.size = 16384 (custom)
2019-10-03 21:12:59,546 [pool-413-thread-1] INFO  server.RaftServerConfigKeys (ConfUtils.java:logGet(43)) - raft.server.log.statemachine.data.sync = true (default)
2019-10-03 21:12:59,546 [pool-433-thread-1] INFO  server.RaftServerConfigKeys (ConfUtils.java:logGet(43)) - raft.server.log.write.buffer.size = 33554432 (custom)
2019-10-03 21:12:59,546 [pool-413-thread-1] INFO  server.RaftServerConfigKeys (ConfUtils.java:logGet(43)) - raft.server.log.statemachine.data.sync.timeout = 10s (default)
2019-10-03 21:12:59,547 [pool-433-thread-1] INFO  server.RaftServerConfigKeys (ConfUtils.java:logGet(43)) - raft.server.log.force.sync.num = 128 (default)
2019-10-03 21:12:59,547 [pool-413-thread-1] INFO  server.RaftServerConfigKeys (ConfUtils.java:logGet(43)) - raft.server.log.statemachine.data.sync.timeout.retry = -1 (default)
2019-10-03 21:12:59,547 [pool-433-thread-1] INFO  server.RaftServerConfigKeys (ConfUtils.java:logGet(43)) - raft.server.log.statemachine.data.sync = true (default)
2019-10-03 21:12:59,547 [pool-413-thread-1] INFO  server.RaftServerConfigKeys (ConfUtils.java:logGet(43)) - raft.server.log.statemachine.data.caching.enabled = true (custom)
2019-10-03 21:12:59,547 [pool-433-thread-1] INFO  server.RaftServerConfigKeys (ConfUtils.java:logGet(43)) - raft.server.log.statemachine.data.sync.timeout = 10s (default)
2019-10-03 21:12:59,547 [pool-433-thread-1] INFO  server.RaftServerConfigKeys (ConfUtils.java:logGet(43)) - raft.server.log.statemachine.data.sync.timeout.retry = -1 (default)
2019-10-03 21:12:59,547 [pool-423-thread-1] INFO  impl.RaftServerImpl (RaftServerImpl.java:start(181)) - 38073b40-198b-4c22-9695-3d0f0943ba71@group-6E5422165F77: start as a follower, conf=-1: [38073b40-198b-4c22-9695-3d0f0943ba71:192.168.30.42:35683, 0f5d3176-329d-47ce-ae71-974e95fcee4d:192.168.30.42:34687, 1540fd05-efa4-44f9-ba59-fcb16fc11a7a:192.168.30.42:43562], old=null
2019-10-03 21:12:59,547 [pool-413-thread-1] INFO  segmented.SegmentedRaftLogWorker (SegmentedRaftLogWorker.java:lambda$new$0(128)) - 0f5d3176-329d-47ce-ae71-974e95fcee4d@group-6E5422165F77-SegmentedRaftLogWorker: flushIndex: setUnconditionally 0 -> -1
2019-10-03 21:12:59,548 [pool-423-thread-1] INFO  impl.RaftServerImpl (RaftServerImpl.java:setRole(170)) - 38073b40-198b-4c22-9695-3d0f0943ba71@group-6E5422165F77: changes role from      null to FOLLOWER at term 0 for startAsFollower
2019-10-03 21:12:59,547 [pool-433-thread-1] INFO  server.RaftServerConfigKeys (ConfUtils.java:logGet(43)) - raft.server.log.statemachine.data.caching.enabled = true (custom)
2019-10-03 21:12:59,548 [pool-413-thread-1] INFO  server.RaftServerConfigKeys (ConfUtils.java:logGet(43)) - raft.server.snapshot.auto.trigger.enabled = true (custom)
2019-10-03 21:12:59,548 [pool-433-thread-1] INFO  segmented.SegmentedRaftLogWorker (SegmentedRaftLogWorker.java:lambda$new$0(128)) - 1540fd05-efa4-44f9-ba59-fcb16fc11a7a@group-6E5422165F77-SegmentedRaftLogWorker: flushIndex: setUnconditionally 0 -> -1
2019-10-03 21:12:59,548 [pool-423-thread-1] INFO  impl.RoleInfo (RoleInfo.java:updateAndGet(143)) - 38073b40-198b-4c22-9695-3d0f0943ba71: start FollowerState
2019-10-03 21:12:59,548 [pool-413-thread-1] INFO  server.RaftServerConfigKeys (ConfUtils.java:logGet(43)) - raft.server.snapshot.auto.trigger.threshold = 10000 (custom)
2019-10-03 21:12:59,548 [pool-433-thread-1] INFO  server.RaftServerConfigKeys (ConfUtils.java:logGet(43)) - raft.server.snapshot.auto.trigger.enabled = true (custom)
2019-10-03 21:12:59,548 [pool-413-thread-1] INFO  server.RaftServerConfigKeys (ConfUtils.java:logGet(43)) - raft.server.snapshot.retention.file.num = 5 (custom)
2019-10-03 21:12:59,549 [pool-423-thread-1] INFO  util.JmxRegister (JmxRegister.java:tryRegister(44)) - Successfully registered JMX Bean with object name Ratis:service=RaftServer,group=group-6E5422165F77,id=38073b40-198b-4c22-9695-3d0f0943ba71
2019-10-03 21:12:59,549 [pool-433-thread-1] INFO  server.RaftServerConfigKeys (ConfUtils.java:logGet(43)) - raft.server.snapshot.auto.trigger.threshold = 10000 (custom)
2019-10-03 21:12:59,549 [pool-413-thread-1] INFO  server.RaftServerConfigKeys (ConfUtils.java:logGet(43)) - raft.server.retrycache.expirytime = 600000ms (custom)
2019-10-03 21:12:59,549 [pool-433-thread-1] INFO  server.RaftServerConfigKeys (ConfUtils.java:logGet(43)) - raft.server.snapshot.retention.file.num = 5 (custom)
2019-10-03 21:12:59,549 [pool-433-thread-1] INFO  server.RaftServerConfigKeys (ConfUtils.java:logGet(43)) - raft.server.retrycache.expirytime = 600000ms (custom)
2019-10-03 21:12:59,552 [pool-413-thread-1] INFO  impl.RaftServerImpl (RaftServerImpl.java:start(181)) - 0f5d3176-329d-47ce-ae71-974e95fcee4d@group-6E5422165F77: start as a follower, conf=-1: [38073b40-198b-4c22-9695-3d0f0943ba71:192.168.30.42:35683, 0f5d3176-329d-47ce-ae71-974e95fcee4d:192.168.30.42:34687, 1540fd05-efa4-44f9-ba59-fcb16fc11a7a:192.168.30.42:43562], old=null
2019-10-03 21:12:59,552 [pool-433-thread-1] INFO  impl.RaftServerImpl (RaftServerImpl.java:start(181)) - 1540fd05-efa4-44f9-ba59-fcb16fc11a7a@group-6E5422165F77: start as a follower, conf=-1: [38073b40-198b-4c22-9695-3d0f0943ba71:192.168.30.42:35683, 0f5d3176-329d-47ce-ae71-974e95fcee4d:192.168.30.42:34687, 1540fd05-efa4-44f9-ba59-fcb16fc11a7a:192.168.30.42:43562], old=null
2019-10-03 21:12:59,552 [pool-413-thread-1] INFO  impl.RaftServerImpl (RaftServerImpl.java:setRole(170)) - 0f5d3176-329d-47ce-ae71-974e95fcee4d@group-6E5422165F77: changes role from      null to FOLLOWER at term 0 for startAsFollower
2019-10-03 21:12:59,552 [pool-433-thread-1] INFO  impl.RaftServerImpl (RaftServerImpl.java:setRole(170)) - 1540fd05-efa4-44f9-ba59-fcb16fc11a7a@group-6E5422165F77: changes role from      null to FOLLOWER at term 0 for startAsFollower
2019-10-03 21:12:59,552 [pool-413-thread-1] INFO  impl.RoleInfo (RoleInfo.java:updateAndGet(143)) - 0f5d3176-329d-47ce-ae71-974e95fcee4d: start FollowerState
2019-10-03 21:12:59,553 [pool-433-thread-1] INFO  impl.RoleInfo (RoleInfo.java:updateAndGet(143)) - 1540fd05-efa4-44f9-ba59-fcb16fc11a7a: start FollowerState
2019-10-03 21:12:59,553 [pool-413-thread-1] INFO  util.JmxRegister (JmxRegister.java:tryRegister(44)) - Successfully registered JMX Bean with object name Ratis:service=RaftServer,group=group-6E5422165F77,id=0f5d3176-329d-47ce-ae71-974e95fcee4d
2019-10-03 21:12:59,553 [pool-433-thread-1] INFO  util.JmxRegister (JmxRegister.java:tryRegister(44)) - Successfully registered JMX Bean with object name Ratis:service=RaftServer,group=group-6E5422165F77,id=1540fd05-efa4-44f9-ba59-fcb16fc11a7a
2019-10-03 21:12:59,558 [RatisPipelineUtilsThread] INFO  pipeline.PipelineStateManager (PipelineStateManager.java:addPipeline(56)) - Created pipeline Pipeline[ Id: 38ae9315-9c37-4ee3-8ead-6e5422165f77, Nodes: 0f5d3176-329d-47ce-ae71-974e95fcee4d{ip: 192.168.30.42, host: pr-hdds-2225-n29jj-1390324493, networkLocation: /default-rack, certSerialId: null}38073b40-198b-4c22-9695-3d0f0943ba71{ip: 192.168.30.42, host: pr-hdds-2225-n29jj-1390324493, networkLocation: /default-rack, certSerialId: null}1540fd05-efa4-44f9-ba59-fcb16fc11a7a{ip: 192.168.30.42, host: pr-hdds-2225-n29jj-1390324493, networkLocation: /default-rack, certSerialId: null}, Type:RATIS, Factor:THREE, State:OPEN]
2019-10-03 21:13:01,781 [Thread-2456] INFO  container.ReplicationManager (ReplicationManager.java:start(162)) - Starting Replication Monitor Thread.
2019-10-03 21:13:01,787 [ReplicationMonitor] INFO  container.ReplicationManager (ReplicationManager.java:run(225)) - Replication Monitor Thread took 0 milliseconds for processing 1 containers.
2019-10-03 21:13:01,789 [grpc-default-executor-3] WARN  server.GrpcLogAppender (LogUtils.java:warn(134)) - 9c318cf7-b60a-4fbf-bf89-edd5e8cfab55@group-CE40E4357BCC->f658ebac-deb2-49b4-9f10-33c653d96c5d-AppendLogResponseHandler: Failed appendEntries: org.apache.ratis.thirdparty.io.grpc.StatusRuntimeException: UNAVAILABLE: io exception
2019-10-03 21:13:01,789 [grpc-default-executor-7] WARN  server.GrpcLogAppender (LogUtils.java:warn(134)) - 9c318cf7-b60a-4fbf-bf89-edd5e8cfab55@group-CE40E4357BCC->7c505e6a-9687-4d94-9068-e6b7950a282c-AppendLogResponseHandler: Failed appendEntries: org.apache.ratis.thirdparty.io.grpc.StatusRuntimeException: UNAVAILABLE: io exception
2019-10-03 21:13:01,790 [grpc-default-executor-3] INFO  impl.FollowerInfo (FollowerInfo.java:lambda$new$0(51)) - 9c318cf7-b60a-4fbf-bf89-edd5e8cfab55@group-CE40E4357BCC->f658ebac-deb2-49b4-9f10-33c653d96c5d: nextIndex: updateUnconditionally 0 -> 0
2019-10-03 21:13:01,790 [grpc-default-executor-7] INFO  impl.FollowerInfo (FollowerInfo.java:lambda$new$0(51)) - 9c318cf7-b60a-4fbf-bf89-edd5e8cfab55@group-CE40E4357BCC->7c505e6a-9687-4d94-9068-e6b7950a282c: nextIndex: updateUnconditionally 0 -> 0
2019-10-03 21:13:03,154 [EventQueue-StaleNodeForStaleNodeHandler] INFO  node.StaleNodeHandler (StaleNodeHandler.java:onMessage(58)) - Datanode 7c505e6a-9687-4d94-9068-e6b7950a282c{ip: 192.168.30.42, host: pr-hdds-2225-n29jj-1390324493, networkLocation: /default-rack, certSerialId: null} moved to stale state. Finalizing its pipelines [PipelineID=41bd20ec-2a00-4177-aff0-dceb13f10011, PipelineID=a37241db-fe47-4840-8058-ce40e4357bcc]
2019-10-03 21:13:03,154 [EventQueue-StaleNodeForStaleNodeHandler] INFO  pipeline.SCMPipelineManager (SCMPipelineManager.java:finalizeAndDestroyPipeline(315)) - destroying pipeline:Pipeline[ Id: 41bd20ec-2a00-4177-aff0-dceb13f10011, Nodes: 7c505e6a-9687-4d94-9068-e6b7950a282c{ip: 192.168.30.42, host: pr-hdds-2225-n29jj-1390324493, networkLocation: /default-rack, certSerialId: null}, Type:RATIS, Factor:ONE, State:OPEN]
2019-10-03 21:13:03,154 [EventQueue-StaleNodeForStaleNodeHandler] INFO  pipeline.PipelineStateManager (PipelineStateManager.java:finalizePipeline(123)) - Pipeline Pipeline[ Id: 41bd20ec-2a00-4177-aff0-dceb13f10011, Nodes: 7c505e6a-9687-4d94-9068-e6b7950a282c{ip: 192.168.30.42, host: pr-hdds-2225-n29jj-1390324493, networkLocation: /default-rack, certSerialId: null}, Type:RATIS, Factor:ONE, State:CLOSED] moved to CLOSED state
2019-10-03 21:13:03,154 [EventQueue-StaleNodeForStaleNodeHandler] INFO  pipeline.SCMPipelineManager (SCMPipelineManager.java:finalizeAndDestroyPipeline(315)) - destroying pipeline:Pipeline[ Id: a37241db-fe47-4840-8058-ce40e4357bcc, Nodes: f658ebac-deb2-49b4-9f10-33c653d96c5d{ip: 192.168.30.42, host: pr-hdds-2225-n29jj-1390324493, networkLocation: /default-rack, certSerialId: null}7c505e6a-9687-4d94-9068-e6b7950a282c{ip: 192.168.30.42, host: pr-hdds-2225-n29jj-1390324493, networkLocation: /default-rack, certSerialId: null}9c318cf7-b60a-4fbf-bf89-edd5e8cfab55{ip: 192.168.30.42, host: pr-hdds-2225-n29jj-1390324493, networkLocation: /default-rack, certSerialId: null}, Type:RATIS, Factor:THREE, State:CLOSED]
2019-10-03 21:13:03,850 [Thread-2458] INFO  impl.FollowerState (FollowerState.java:run(108)) - b895b4bc-e49d-40c9-b477-965546349b55@group-1545D24D75AD-FollowerState: change to CANDIDATE, lastRpcTime:5012ms, electionTimeout:5012ms
2019-10-03 21:13:03,850 [Thread-2458] INFO  impl.RoleInfo (RoleInfo.java:shutdownFollowerState(121)) - b895b4bc-e49d-40c9-b477-965546349b55: shutdown FollowerState
2019-10-03 21:13:03,850 [Thread-2458] INFO  impl.RaftServerImpl (RaftServerImpl.java:setRole(170)) - b895b4bc-e49d-40c9-b477-965546349b55@group-1545D24D75AD: changes role from  FOLLOWER to CANDIDATE at term 0 for changeToCandidate
2019-10-03 21:13:03,851 [Thread-2458] INFO  impl.RoleInfo (RoleInfo.java:updateAndGet(143)) - b895b4bc-e49d-40c9-b477-965546349b55: start LeaderElection
2019-10-03 21:13:03,884 [b895b4bc-e49d-40c9-b477-965546349b55@group-1545D24D75AD-LeaderElection92] INFO  impl.LeaderElection (LeaderElection.java:askForVotes(178)) - b895b4bc-e49d-40c9-b477-965546349b55@group-1545D24D75AD-LeaderElection92: begin an election at term 1 for -1: [b895b4bc-e49d-40c9-b477-965546349b55:192.168.30.42:42868], old=null
2019-10-03 21:13:03,884 [b895b4bc-e49d-40c9-b477-965546349b55@group-1545D24D75AD-LeaderElection92] INFO  impl.RoleInfo (RoleInfo.java:shutdownLeaderElection(134)) - b895b4bc-e49d-40c9-b477-965546349b55: shutdown LeaderElection
2019-10-03 21:13:03,884 [b895b4bc-e49d-40c9-b477-965546349b55@group-1545D24D75AD-LeaderElection92] INFO  impl.RaftServerImpl (RaftServerImpl.java:setRole(170)) - b895b4bc-e49d-40c9-b477-965546349b55@group-1545D24D75AD: changes role from CANDIDATE to LEADER at term 1 for changeToLeader
2019-10-03 21:13:03,885 [b895b4bc-e49d-40c9-b477-965546349b55@group-1545D24D75AD-LeaderElection92] INFO  impl.RaftServerImpl (ServerState.java:setLeader(255)) - b895b4bc-e49d-40c9-b477-965546349b55@group-1545D24D75AD: change Leader from null to b895b4bc-e49d-40c9-b477-965546349b55 at term 1 for becomeLeader, leader elected after 5054ms
2019-10-03 21:13:03,885 [b895b4bc-e49d-40c9-b477-965546349b55@group-1545D24D75AD-LeaderElection92] INFO  server.RaftServerConfigKeys (ConfUtils.java:logGet(43)) - raft.server.staging.catchup.gap = 1000 (default)
2019-10-03 21:13:03,885 [b895b4bc-e49d-40c9-b477-965546349b55@group-1545D24D75AD-LeaderElection92] INFO  server.RaftServerConfigKeys (ConfUtils.java:logGet(43)) - raft.server.rpc.sleep.time = 25ms (default)
2019-10-03 21:13:03,885 [b895b4bc-e49d-40c9-b477-965546349b55@group-1545D24D75AD-LeaderElection92] INFO  server.RaftServerConfigKeys (ConfUtils.java:logGet(43)) - raft.server.write.element-limit = 4096 (default)
2019-10-03 21:13:03,885 [b895b4bc-e49d-40c9-b477-965546349b55@group-1545D24D75AD-LeaderElection92] INFO  server.RaftServerConfigKeys (ConfUtils.java:logGet(43)) - raft.server.watch.timeout = 10s (default)
2019-10-03 21:13:03,885 [b895b4bc-e49d-40c9-b477-965546349b55@group-1545D24D75AD-LeaderElection92] INFO  server.RaftServerConfigKeys (ConfUtils.java:logGet(43)) - raft.server.watch.timeout.denomination = 1s (default)
2019-10-03 21:13:03,885 [b895b4bc-e49d-40c9-b477-965546349b55@group-1545D24D75AD-LeaderElection92] INFO  server.RaftServerConfigKeys (ConfUtils.java:logGet(43)) - raft.server.watch.element-limit = 65536 (default)
2019-10-03 21:13:03,887 [b895b4bc-e49d-40c9-b477-965546349b55@group-1545D24D75AD-LeaderElection92] INFO  impl.RoleInfo (RoleInfo.java:updateAndGet(143)) - b895b4bc-e49d-40c9-b477-965546349b55: start LeaderState
2019-10-03 21:13:03,887 [b895b4bc-e49d-40c9-b477-965546349b55@group-1545D24D75AD-LeaderElection92] INFO  segmented.SegmentedRaftLogWorker (SegmentedRaftLogWorker.java:startLogSegment(385)) - b895b4bc-e49d-40c9-b477-965546349b55@group-1545D24D75AD-SegmentedRaftLogWorker: Starting segment from index:0
2019-10-03 21:13:03,888 [b895b4bc-e49d-40c9-b477-965546349b55@group-1545D24D75AD-LeaderElection92] INFO  impl.RaftServerImpl (ServerState.java:setRaftConf(356)) - b895b4bc-e49d-40c9-b477-965546349b55@group-1545D24D75AD: set configuration 0: [b895b4bc-e49d-40c9-b477-965546349b55:192.168.30.42:42868], old=null at 0
2019-10-03 21:13:03,940 [b895b4bc-e49d-40c9-b477-965546349b55@group-1545D24D75AD-SegmentedRaftLogWorker] INFO  segmented.SegmentedRaftLogWorker (SegmentedRaftLogWorker.java:execute(574)) - b895b4bc-e49d-40c9-b477-965546349b55@group-1545D24D75AD-SegmentedRaftLogWorker: created new log segment /workdir/hadoop-ozone/integration-test/target/test-dir/MiniOzoneClusterImpl-ed63f357-304f-428a-b49a-7d64402b049a/datanode-0/data/ratis/379ead4e-90e5-4250-8c31-1545d24d75ad/current/log_inprogress_0
2019-10-03 21:13:03,960 [Thread-2461] INFO  impl.FollowerState (FollowerState.java:run(108)) - b8d16363-d3e2-4275-8bae-3ae5e62f25db@group-C613CA90D678-FollowerState: change to CANDIDATE, lastRpcTime:5069ms, electionTimeout:5069ms
2019-10-03 21:13:03,960 [Thread-2461] INFO  impl.RoleInfo (RoleInfo.java:shutdownFollowerState(121)) - b8d16363-d3e2-4275-8bae-3ae5e62f25db: shutdown FollowerState
2019-10-03 21:13:03,961 [Thread-2461] INFO  impl.RaftServerImpl (RaftServerImpl.java:setRole(170)) - b8d16363-d3e2-4275-8bae-3ae5e62f25db@group-C613CA90D678: changes role from  FOLLOWER to CANDIDATE at term 0 for changeToCandidate
2019-10-03 21:13:03,961 [Thread-2461] INFO  impl.RoleInfo (RoleInfo.java:updateAndGet(143)) - b8d16363-d3e2-4275-8bae-3ae5e62f25db: start LeaderElection
2019-10-03 21:13:03,994 [b8d16363-d3e2-4275-8bae-3ae5e62f25db@group-C613CA90D678-LeaderElection93] INFO  impl.LeaderElection (LeaderElection.java:askForVotes(178)) - b8d16363-d3e2-4275-8bae-3ae5e62f25db@group-C613CA90D678-LeaderElection93: begin an election at term 1 for -1: [b8d16363-d3e2-4275-8bae-3ae5e62f25db:192.168.30.42:37635], old=null
2019-10-03 21:13:03,994 [b8d16363-d3e2-4275-8bae-3ae5e62f25db@group-C613CA90D678-LeaderElection93] INFO  impl.RoleInfo (RoleInfo.java:shutdownLeaderElection(134)) - b8d16363-d3e2-4275-8bae-3ae5e62f25db: shutdown LeaderElection
2019-10-03 21:13:03,994 [b8d16363-d3e2-4275-8bae-3ae5e62f25db@group-C613CA90D678-LeaderElection93] INFO  impl.RaftServerImpl (RaftServerImpl.java:setRole(170)) - b8d16363-d3e2-4275-8bae-3ae5e62f25db@group-C613CA90D678: changes role from CANDIDATE to LEADER at term 1 for changeToLeader
2019-10-03 21:13:03,994 [b8d16363-d3e2-4275-8bae-3ae5e62f25db@group-C613CA90D678-LeaderElection93] INFO  impl.RaftServerImpl (ServerState.java:setLeader(255)) - b8d16363-d3e2-4275-8bae-3ae5e62f25db@group-C613CA90D678: change Leader from null to b8d16363-d3e2-4275-8bae-3ae5e62f25db at term 1 for becomeLeader, leader elected after 5110ms
2019-10-03 21:13:03,994 [b8d16363-d3e2-4275-8bae-3ae5e62f25db@group-C613CA90D678-LeaderElection93] INFO  server.RaftServerConfigKeys (ConfUtils.java:logGet(43)) - raft.server.staging.catchup.gap = 1000 (default)
2019-10-03 21:13:03,994 [b8d16363-d3e2-4275-8bae-3ae5e62f25db@group-C613CA90D678-LeaderElection93] INFO  server.RaftServerConfigKeys (ConfUtils.java:logGet(43)) - raft.server.rpc.sleep.time = 25ms (default)
2019-10-03 21:13:03,994 [b8d16363-d3e2-4275-8bae-3ae5e62f25db@group-C613CA90D678-LeaderElection93] INFO  server.RaftServerConfigKeys (ConfUtils.java:logGet(43)) - raft.server.write.element-limit = 4096 (default)
2019-10-03 21:13:03,995 [b8d16363-d3e2-4275-8bae-3ae5e62f25db@group-C613CA90D678-LeaderElection93] INFO  server.RaftServerConfigKeys (ConfUtils.java:logGet(43)) - raft.server.watch.timeout = 10s (default)
2019-10-03 21:13:03,995 [b8d16363-d3e2-4275-8bae-3ae5e62f25db@group-C613CA90D678-LeaderElection93] INFO  server.RaftServerConfigKeys (ConfUtils.java:logGet(43)) - raft.server.watch.timeout.denomination = 1s (default)
2019-10-03 21:13:03,995 [b8d16363-d3e2-4275-8bae-3ae5e62f25db@group-C613CA90D678-LeaderElection93] INFO  server.RaftServerConfigKeys (ConfUtils.java:logGet(43)) - raft.server.watch.element-limit = 65536 (default)
2019-10-03 21:13:03,997 [b8d16363-d3e2-4275-8bae-3ae5e62f25db@group-C613CA90D678-LeaderElection93] INFO  impl.RoleInfo (RoleInfo.java:updateAndGet(143)) - b8d16363-d3e2-4275-8bae-3ae5e62f25db: start LeaderState
2019-10-03 21:13:03,997 [b8d16363-d3e2-4275-8bae-3ae5e62f25db@group-C613CA90D678-LeaderElection93] INFO  segmented.SegmentedRaftLogWorker (SegmentedRaftLogWorker.java:startLogSegment(385)) - b8d16363-d3e2-4275-8bae-3ae5e62f25db@group-C613CA90D678-SegmentedRaftLogWorker: Starting segment from index:0
2019-10-03 21:13:03,998 [b8d16363-d3e2-4275-8bae-3ae5e62f25db@group-C613CA90D678-LeaderElection93] INFO  impl.RaftServerImpl (ServerState.java:setRaftConf(356)) - b8d16363-d3e2-4275-8bae-3ae5e62f25db@group-C613CA90D678: set configuration 0: [b8d16363-d3e2-4275-8bae-3ae5e62f25db:192.168.30.42:37635], old=null at 0
2019-10-03 21:13:04,051 [b8d16363-d3e2-4275-8bae-3ae5e62f25db@group-C613CA90D678-SegmentedRaftLogWorker] INFO  segmented.SegmentedRaftLogWorker (SegmentedRaftLogWorker.java:execute(574)) - b8d16363-d3e2-4275-8bae-3ae5e62f25db@group-C613CA90D678-SegmentedRaftLogWorker: created new log segment /workdir/hadoop-ozone/integration-test/target/test-dir/MiniOzoneClusterImpl-ed63f357-304f-428a-b49a-7d64402b049a/datanode-1/data/ratis/30327528-1f80-4e88-bc19-c613ca90d678/current/log_inprogress_0
2019-10-03 21:13:04,123 [Thread-2464] INFO  impl.FollowerState (FollowerState.java:run(108)) - 9ee94575-1721-463e-98a9-5d43f914c816@group-7032F6F6ABA5-FollowerState: change to CANDIDATE, lastRpcTime:5142ms, electionTimeout:5142ms
2019-10-03 21:13:04,123 [Thread-2464] INFO  impl.RoleInfo (RoleInfo.java:shutdownFollowerState(121)) - 9ee94575-1721-463e-98a9-5d43f914c816: shutdown FollowerState
2019-10-03 21:13:04,124 [Thread-2464] INFO  impl.RaftServerImpl (RaftServerImpl.java:setRole(170)) - 9ee94575-1721-463e-98a9-5d43f914c816@group-7032F6F6ABA5: changes role from  FOLLOWER to CANDIDATE at term 0 for changeToCandidate
2019-10-03 21:13:04,124 [Thread-2464] INFO  impl.RoleInfo (RoleInfo.java:updateAndGet(143)) - 9ee94575-1721-463e-98a9-5d43f914c816: start LeaderElection
2019-10-03 21:13:04,149 [Thread-2467] INFO  impl.FollowerState (FollowerState.java:run(108)) - b8d16363-d3e2-4275-8bae-3ae5e62f25db@group-613C9AF13EBF-FollowerState: change to CANDIDATE, lastRpcTime:5078ms, electionTimeout:5078ms
2019-10-03 21:13:04,149 [Thread-2467] INFO  impl.RoleInfo (RoleInfo.java:shutdownFollowerState(121)) - b8d16363-d3e2-4275-8bae-3ae5e62f25db: shutdown FollowerState
2019-10-03 21:13:04,150 [Thread-2467] INFO  impl.RaftServerImpl (RaftServerImpl.java:setRole(170)) - b8d16363-d3e2-4275-8bae-3ae5e62f25db@group-613C9AF13EBF: changes role from  FOLLOWER to CANDIDATE at term 0 for changeToCandidate
2019-10-03 21:13:04,150 [Thread-2467] INFO  impl.RoleInfo (RoleInfo.java:updateAndGet(143)) - b8d16363-d3e2-4275-8bae-3ae5e62f25db: start LeaderElection
2019-10-03 21:13:04,157 [9ee94575-1721-463e-98a9-5d43f914c816@group-7032F6F6ABA5-LeaderElection94] INFO  impl.LeaderElection (LeaderElection.java:askForVotes(178)) - 9ee94575-1721-463e-98a9-5d43f914c816@group-7032F6F6ABA5-LeaderElection94: begin an election at term 1 for -1: [9ee94575-1721-463e-98a9-5d43f914c816:192.168.30.42:33263], old=null
2019-10-03 21:13:04,157 [9ee94575-1721-463e-98a9-5d43f914c816@group-7032F6F6ABA5-LeaderElection94] INFO  impl.RoleInfo (RoleInfo.java:shutdownLeaderElection(134)) - 9ee94575-1721-463e-98a9-5d43f914c816: shutdown LeaderElection
2019-10-03 21:13:04,157 [9ee94575-1721-463e-98a9-5d43f914c816@group-7032F6F6ABA5-LeaderElection94] INFO  impl.RaftServerImpl (RaftServerImpl.java:setRole(170)) - 9ee94575-1721-463e-98a9-5d43f914c816@group-7032F6F6ABA5: changes role from CANDIDATE to LEADER at term 1 for changeToLeader
2019-10-03 21:13:04,158 [9ee94575-1721-463e-98a9-5d43f914c816@group-7032F6F6ABA5-LeaderElection94] INFO  impl.RaftServerImpl (ServerState.java:setLeader(255)) - 9ee94575-1721-463e-98a9-5d43f914c816@group-7032F6F6ABA5: change Leader from null to 9ee94575-1721-463e-98a9-5d43f914c816 at term 1 for becomeLeader, leader elected after 5180ms
2019-10-03 21:13:04,158 [9ee94575-1721-463e-98a9-5d43f914c816@group-7032F6F6ABA5-LeaderElection94] INFO  server.RaftServerConfigKeys (ConfUtils.java:logGet(43)) - raft.server.staging.catchup.gap = 1000 (default)
2019-10-03 21:13:04,158 [9ee94575-1721-463e-98a9-5d43f914c816@group-7032F6F6ABA5-LeaderElection94] INFO  server.RaftServerConfigKeys (ConfUtils.java:logGet(43)) - raft.server.rpc.sleep.time = 25ms (default)
2019-10-03 21:13:04,158 [9ee94575-1721-463e-98a9-5d43f914c816@group-7032F6F6ABA5-LeaderElection94] INFO  server.RaftServerConfigKeys (ConfUtils.java:logGet(43)) - raft.server.write.element-limit = 4096 (default)
2019-10-03 21:13:04,158 [9ee94575-1721-463e-98a9-5d43f914c816@group-7032F6F6ABA5-LeaderElection94] INFO  server.RaftServerConfigKeys (ConfUtils.java:logGet(43)) - raft.server.watch.timeout = 10s (default)
2019-10-03 21:13:04,158 [9ee94575-1721-463e-98a9-5d43f914c816@group-7032F6F6ABA5-LeaderElection94] INFO  server.RaftServerConfigKeys (ConfUtils.java:logGet(43)) - raft.server.watch.timeout.denomination = 1s (default)
2019-10-03 21:13:04,158 [9ee94575-1721-463e-98a9-5d43f914c816@group-7032F6F6ABA5-LeaderElection94] INFO  server.RaftServerConfigKeys (ConfUtils.java:logGet(43)) - raft.server.watch.element-limit = 65536 (default)
2019-10-03 21:13:04,160 [9ee94575-1721-463e-98a9-5d43f914c816@group-7032F6F6ABA5-LeaderElection94] INFO  impl.RoleInfo (RoleInfo.java:updateAndGet(143)) - 9ee94575-1721-463e-98a9-5d43f914c816: start LeaderState
2019-10-03 21:13:04,161 [9ee94575-1721-463e-98a9-5d43f914c816@group-7032F6F6ABA5-LeaderElection94] INFO  segmented.SegmentedRaftLogWorker (SegmentedRaftLogWorker.java:startLogSegment(385)) - 9ee94575-1721-463e-98a9-5d43f914c816@group-7032F6F6ABA5-SegmentedRaftLogWorker: Starting segment from index:0
2019-10-03 21:13:04,161 [9ee94575-1721-463e-98a9-5d43f914c816@group-7032F6F6ABA5-LeaderElection94] INFO  impl.RaftServerImpl (ServerState.java:setRaftConf(356)) - 9ee94575-1721-463e-98a9-5d43f914c816@group-7032F6F6ABA5: set configuration 0: [9ee94575-1721-463e-98a9-5d43f914c816:192.168.30.42:33263], old=null at 0
2019-10-03 21:13:04,179 [b8d16363-d3e2-4275-8bae-3ae5e62f25db@group-613C9AF13EBF-LeaderElection95] INFO  impl.LeaderElection (LeaderElection.java:askForVotes(178)) - b8d16363-d3e2-4275-8bae-3ae5e62f25db@group-613C9AF13EBF-LeaderElection95: begin an election at term 1 for -1: [b8d16363-d3e2-4275-8bae-3ae5e62f25db:192.168.30.42:37635, b895b4bc-e49d-40c9-b477-965546349b55:192.168.30.42:42868, 9ee94575-1721-463e-98a9-5d43f914c816:192.168.30.42:33263], old=null
2019-10-03 21:13:04,183 [grpc-default-executor-7] INFO  impl.RaftServerImpl (RaftServerImpl.java:setRole(170)) - b895b4bc-e49d-40c9-b477-965546349b55@group-613C9AF13EBF: changes role from  FOLLOWER to FOLLOWER at term 1 for recognizeCandidate:b8d16363-d3e2-4275-8bae-3ae5e62f25db
2019-10-03 21:13:04,183 [grpc-default-executor-3] INFO  impl.RaftServerImpl (RaftServerImpl.java:setRole(170)) - 9ee94575-1721-463e-98a9-5d43f914c816@group-613C9AF13EBF: changes role from  FOLLOWER to FOLLOWER at term 1 for recognizeCandidate:b8d16363-d3e2-4275-8bae-3ae5e62f25db
2019-10-03 21:13:04,183 [grpc-default-executor-7] INFO  impl.RoleInfo (RoleInfo.java:shutdownFollowerState(121)) - b895b4bc-e49d-40c9-b477-965546349b55: shutdown FollowerState
2019-10-03 21:13:04,183 [grpc-default-executor-3] INFO  impl.RoleInfo (RoleInfo.java:shutdownFollowerState(121)) - 9ee94575-1721-463e-98a9-5d43f914c816: shutdown FollowerState
2019-10-03 21:13:04,184 [grpc-default-executor-7] INFO  impl.RoleInfo (RoleInfo.java:updateAndGet(143)) - b895b4bc-e49d-40c9-b477-965546349b55: start FollowerState
2019-10-03 21:13:04,184 [Thread-2472] INFO  impl.FollowerState (FollowerState.java:run(117)) - 9ee94575-1721-463e-98a9-5d43f914c816@group-613C9AF13EBF-FollowerState was interrupted: java.lang.InterruptedException: sleep interrupted
2019-10-03 21:13:04,184 [grpc-default-executor-3] INFO  impl.RoleInfo (RoleInfo.java:updateAndGet(143)) - 9ee94575-1721-463e-98a9-5d43f914c816: start FollowerState
2019-10-03 21:13:04,184 [Thread-2471] INFO  impl.FollowerState (FollowerState.java:run(117)) - b895b4bc-e49d-40c9-b477-965546349b55@group-613C9AF13EBF-FollowerState was interrupted: java.lang.InterruptedException: sleep interrupted
2019-10-03 21:13:04,209 [b8d16363-d3e2-4275-8bae-3ae5e62f25db@group-613C9AF13EBF-LeaderElection95] INFO  impl.LeaderElection (LeaderElection.java:logAndReturn(56)) - b8d16363-d3e2-4275-8bae-3ae5e62f25db@group-613C9AF13EBF-LeaderElection95: Election PASSED; received 1 response(s) [b8d16363-d3e2-4275-8bae-3ae5e62f25db<-9ee94575-1721-463e-98a9-5d43f914c816#0:OK-t1] and 0 exception(s); b8d16363-d3e2-4275-8bae-3ae5e62f25db@group-613C9AF13EBF:t1, leader=null, voted=b8d16363-d3e2-4275-8bae-3ae5e62f25db, raftlog=b8d16363-d3e2-4275-8bae-3ae5e62f25db@group-613C9AF13EBF-SegmentedRaftLog:OPENED:c-1,f-1,i0, conf=-1: [b8d16363-d3e2-4275-8bae-3ae5e62f25db:192.168.30.42:37635, b895b4bc-e49d-40c9-b477-965546349b55:192.168.30.42:42868, 9ee94575-1721-463e-98a9-5d43f914c816:192.168.30.42:33263], old=null
2019-10-03 21:13:04,209 [b8d16363-d3e2-4275-8bae-3ae5e62f25db@group-613C9AF13EBF-LeaderElection95] INFO  impl.RoleInfo (RoleInfo.java:shutdownLeaderElection(134)) - b8d16363-d3e2-4275-8bae-3ae5e62f25db: shutdown LeaderElection
2019-10-03 21:13:04,209 [b8d16363-d3e2-4275-8bae-3ae5e62f25db@group-613C9AF13EBF-LeaderElection95] INFO  impl.RaftServerImpl (RaftServerImpl.java:setRole(170)) - b8d16363-d3e2-4275-8bae-3ae5e62f25db@group-613C9AF13EBF: changes role from CANDIDATE to LEADER at term 1 for changeToLeader
2019-10-03 21:13:04,209 [b8d16363-d3e2-4275-8bae-3ae5e62f25db@group-613C9AF13EBF-LeaderElection95] INFO  impl.RaftServerImpl (ServerState.java:setLeader(255)) - b8d16363-d3e2-4275-8bae-3ae5e62f25db@group-613C9AF13EBF: change Leader from null to b8d16363-d3e2-4275-8bae-3ae5e62f25db at term 1 for becomeLeader, leader elected after 5145ms
2019-10-03 21:13:04,209 [b8d16363-d3e2-4275-8bae-3ae5e62f25db@group-613C9AF13EBF-LeaderElection95] INFO  server.RaftServerConfigKeys (ConfUtils.java:logGet(43)) - raft.server.staging.catchup.gap = 1000 (default)
2019-10-03 21:13:04,210 [b8d16363-d3e2-4275-8bae-3ae5e62f25db@group-613C9AF13EBF-LeaderElection95] INFO  server.RaftServerConfigKeys (ConfUtils.java:logGet(43)) - raft.server.rpc.sleep.time = 25ms (default)
2019-10-03 21:13:04,210 [b8d16363-d3e2-4275-8bae-3ae5e62f25db@group-613C9AF13EBF-LeaderElection95] INFO  server.RaftServerConfigKeys (ConfUtils.java:logGet(43)) - raft.server.write.element-limit = 4096 (default)
2019-10-03 21:13:04,210 [b8d16363-d3e2-4275-8bae-3ae5e62f25db@group-613C9AF13EBF-LeaderElection95] INFO  server.RaftServerConfigKeys (ConfUtils.java:logGet(43)) - raft.server.watch.timeout = 10s (default)
2019-10-03 21:13:04,210 [b8d16363-d3e2-4275-8bae-3ae5e62f25db@group-613C9AF13EBF-LeaderElection95] INFO  server.RaftServerConfigKeys (ConfUtils.java:logGet(43)) - raft.server.watch.timeout.denomination = 1s (default)
2019-10-03 21:13:04,210 [b8d16363-d3e2-4275-8bae-3ae5e62f25db@group-613C9AF13EBF-LeaderElection95] INFO  server.RaftServerConfigKeys (ConfUtils.java:logGet(43)) - raft.server.watch.element-limit = 65536 (default)
2019-10-03 21:13:04,212 [b8d16363-d3e2-4275-8bae-3ae5e62f25db@group-613C9AF13EBF-LeaderElection95] INFO  server.RaftServerConfigKeys (ConfUtils.java:logGet(43)) - raft.server.log.appender.snapshot.chunk.size.max = 16MB (=16777216) (default)
2019-10-03 21:13:04,212 [b8d16363-d3e2-4275-8bae-3ae5e62f25db@group-613C9AF13EBF-LeaderElection95] INFO  server.RaftServerConfigKeys (ConfUtils.java:logGet(43)) - raft.server.log.appender.buffer.byte-limit = 33554432 (custom)
2019-10-03 21:13:04,212 [b8d16363-d3e2-4275-8bae-3ae5e62f25db@group-613C9AF13EBF-LeaderElection95] INFO  server.RaftServerConfigKeys (ConfUtils.java:logGet(43)) - raft.server.log.appender.buffer.element-limit = 1 (custom)
2019-10-03 21:13:04,212 [b8d16363-d3e2-4275-8bae-3ae5e62f25db@group-613C9AF13EBF-LeaderElection95] INFO  grpc.GrpcConfigKeys$Server (ConfUtils.java:logGet(43)) - raft.grpc.server.leader.outstanding.appends.max = 128 (default)
2019-10-03 21:13:04,212 [b8d16363-d3e2-4275-8bae-3ae5e62f25db@group-613C9AF13EBF-LeaderElection95] INFO  server.RaftServerConfigKeys (ConfUtils.java:logGet(43)) - raft.server.rpc.request.timeout = 3000ms (default)
2019-10-03 21:13:04,212 [b8d16363-d3e2-4275-8bae-3ae5e62f25db@group-613C9AF13EBF-LeaderElection95] INFO  server.RaftServerConfigKeys (ConfUtils.java:logGet(43)) - raft.server.log.appender.install.snapshot.enabled = false (custom)
2019-10-03 21:13:04,212 [b8d16363-d3e2-4275-8bae-3ae5e62f25db@group-613C9AF13EBF-LeaderElection95] INFO  server.RaftServerConfigKeys (ConfUtils.java:logGet(43)) - raft.server.log.appender.snapshot.chunk.size.max = 16MB (=16777216) (default)
2019-10-03 21:13:04,213 [b8d16363-d3e2-4275-8bae-3ae5e62f25db@group-613C9AF13EBF-LeaderElection95] INFO  server.RaftServerConfigKeys (ConfUtils.java:logGet(43)) - raft.server.log.appender.buffer.byte-limit = 33554432 (custom)
2019-10-03 21:13:04,213 [b8d16363-d3e2-4275-8bae-3ae5e62f25db@group-613C9AF13EBF-LeaderElection95] INFO  server.RaftServerConfigKeys (ConfUtils.java:logGet(43)) - raft.server.log.appender.buffer.element-limit = 1 (custom)
2019-10-03 21:13:04,213 [b8d16363-d3e2-4275-8bae-3ae5e62f25db@group-613C9AF13EBF-LeaderElection95] INFO  grpc.GrpcConfigKeys$Server (ConfUtils.java:logGet(43)) - raft.grpc.server.leader.outstanding.appends.max = 128 (default)
2019-10-03 21:13:04,213 [b8d16363-d3e2-4275-8bae-3ae5e62f25db@group-613C9AF13EBF-LeaderElection95] INFO  server.RaftServerConfigKeys (ConfUtils.java:logGet(43)) - raft.server.rpc.request.timeout = 3000ms (default)
2019-10-03 21:13:04,213 [b8d16363-d3e2-4275-8bae-3ae5e62f25db@group-613C9AF13EBF-LeaderElection95] INFO  server.RaftServerConfigKeys (ConfUtils.java:logGet(43)) - raft.server.log.appender.install.snapshot.enabled = false (custom)
2019-10-03 21:13:04,213 [b8d16363-d3e2-4275-8bae-3ae5e62f25db@group-613C9AF13EBF-LeaderElection95] INFO  impl.RoleInfo (RoleInfo.java:updateAndGet(143)) - b8d16363-d3e2-4275-8bae-3ae5e62f25db: start LeaderState
2019-10-03 21:13:04,213 [b8d16363-d3e2-4275-8bae-3ae5e62f25db@group-613C9AF13EBF-LeaderElection95] INFO  segmented.SegmentedRaftLogWorker (SegmentedRaftLogWorker.java:startLogSegment(385)) - b8d16363-d3e2-4275-8bae-3ae5e62f25db@group-613C9AF13EBF-SegmentedRaftLogWorker: Starting segment from index:0
2019-10-03 21:13:04,214 [b8d16363-d3e2-4275-8bae-3ae5e62f25db@group-613C9AF13EBF-LeaderElection95] INFO  impl.RaftServerImpl (ServerState.java:setRaftConf(356)) - b8d16363-d3e2-4275-8bae-3ae5e62f25db@group-613C9AF13EBF: set configuration 0: [b8d16363-d3e2-4275-8bae-3ae5e62f25db:192.168.30.42:37635, b895b4bc-e49d-40c9-b477-965546349b55:192.168.30.42:42868, 9ee94575-1721-463e-98a9-5d43f914c816:192.168.30.42:33263], old=null at 0
2019-10-03 21:13:04,251 [grpc-default-executor-3] INFO  impl.RaftServerImpl (ServerState.java:setLeader(255)) - b895b4bc-e49d-40c9-b477-965546349b55@group-613C9AF13EBF: change Leader from null to b8d16363-d3e2-4275-8bae-3ae5e62f25db at term 1 for appendEntries, leader elected after 5186ms
2019-10-03 21:13:04,251 [9ee94575-1721-463e-98a9-5d43f914c816@group-7032F6F6ABA5-SegmentedRaftLogWorker] INFO  segmented.SegmentedRaftLogWorker (SegmentedRaftLogWorker.java:execute(574)) - 9ee94575-1721-463e-98a9-5d43f914c816@group-7032F6F6ABA5-SegmentedRaftLogWorker: created new log segment /workdir/hadoop-ozone/integration-test/target/test-dir/MiniOzoneClusterImpl-ed63f357-304f-428a-b49a-7d64402b049a/datanode-2/data/ratis/593e9675-1823-4f64-bcf9-7032f6f6aba5/current/log_inprogress_0
2019-10-03 21:13:04,256 [grpc-default-executor-7] INFO  impl.RaftServerImpl (ServerState.java:setLeader(255)) - 9ee94575-1721-463e-98a9-5d43f914c816@group-613C9AF13EBF: change Leader from null to b8d16363-d3e2-4275-8bae-3ae5e62f25db at term 1 for appendEntries, leader elected after 5191ms
2019-10-03 21:13:04,263 [grpc-default-executor-7] INFO  impl.RaftServerImpl (ServerState.java:setRaftConf(356)) - b895b4bc-e49d-40c9-b477-965546349b55@group-613C9AF13EBF: set configuration 0: [b8d16363-d3e2-4275-8bae-3ae5e62f25db:192.168.30.42:37635, b895b4bc-e49d-40c9-b477-965546349b55:192.168.30.42:42868, 9ee94575-1721-463e-98a9-5d43f914c816:192.168.30.42:33263], old=null at 0
2019-10-03 21:13:04,263 [grpc-default-executor-3] INFO  impl.RaftServerImpl (ServerState.java:setRaftConf(356)) - 9ee94575-1721-463e-98a9-5d43f914c816@group-613C9AF13EBF: set configuration 0: [b8d16363-d3e2-4275-8bae-3ae5e62f25db:192.168.30.42:37635, b895b4bc-e49d-40c9-b477-965546349b55:192.168.30.42:42868, 9ee94575-1721-463e-98a9-5d43f914c816:192.168.30.42:33263], old=null at 0
2019-10-03 21:13:04,263 [grpc-default-executor-7] INFO  segmented.SegmentedRaftLogWorker (SegmentedRaftLogWorker.java:startLogSegment(385)) - b895b4bc-e49d-40c9-b477-965546349b55@group-613C9AF13EBF-SegmentedRaftLogWorker: Starting segment from index:0
2019-10-03 21:13:04,263 [grpc-default-executor-3] INFO  segmented.SegmentedRaftLogWorker (SegmentedRaftLogWorker.java:startLogSegment(385)) - 9ee94575-1721-463e-98a9-5d43f914c816@group-613C9AF13EBF-SegmentedRaftLogWorker: Starting segment from index:0
2019-10-03 21:13:04,277 [b8d16363-d3e2-4275-8bae-3ae5e62f25db@group-613C9AF13EBF-SegmentedRaftLogWorker] INFO  segmented.SegmentedRaftLogWorker (SegmentedRaftLogWorker.java:execute(574)) - b8d16363-d3e2-4275-8bae-3ae5e62f25db@group-613C9AF13EBF-SegmentedRaftLogWorker: created new log segment /workdir/hadoop-ozone/integration-test/target/test-dir/MiniOzoneClusterImpl-ed63f357-304f-428a-b49a-7d64402b049a/datanode-1/data/ratis/8da48e35-81d2-457c-a9ab-613c9af13ebf/current/log_inprogress_0
2019-10-03 21:13:04,290 [grpc-default-executor-7] WARN  server.GrpcLogAppender (LogUtils.java:warn(134)) - 9c318cf7-b60a-4fbf-bf89-edd5e8cfab55@group-CE40E4357BCC->7c505e6a-9687-4d94-9068-e6b7950a282c-AppendLogResponseHandler: Failed appendEntries: org.apache.ratis.thirdparty.io.grpc.StatusRuntimeException: UNAVAILABLE: io exception
2019-10-03 21:13:04,290 [grpc-default-executor-2] WARN  server.GrpcLogAppender (LogUtils.java:warn(134)) - 9c318cf7-b60a-4fbf-bf89-edd5e8cfab55@group-CE40E4357BCC->f658ebac-deb2-49b4-9f10-33c653d96c5d-AppendLogResponseHandler: Failed appendEntries: org.apache.ratis.thirdparty.io.grpc.StatusRuntimeException: UNAVAILABLE: io exception
2019-10-03 21:13:04,290 [grpc-default-executor-7] INFO  impl.FollowerInfo (FollowerInfo.java:lambda$new$0(51)) - 9c318cf7-b60a-4fbf-bf89-edd5e8cfab55@group-CE40E4357BCC->7c505e6a-9687-4d94-9068-e6b7950a282c: nextIndex: updateUnconditionally 0 -> 0
2019-10-03 21:13:04,290 [grpc-default-executor-2] INFO  impl.FollowerInfo (FollowerInfo.java:lambda$new$0(51)) - 9c318cf7-b60a-4fbf-bf89-edd5e8cfab55@group-CE40E4357BCC->f658ebac-deb2-49b4-9f10-33c653d96c5d: nextIndex: updateUnconditionally 0 -> 0
2019-10-03 21:13:04,320 [Thread-2476] INFO  impl.FollowerState (FollowerState.java:run(108)) - 0f5d3176-329d-47ce-ae71-974e95fcee4d@group-66E7A5138755-FollowerState: change to CANDIDATE, lastRpcTime:5111ms, electionTimeout:5111ms
2019-10-03 21:13:04,320 [Thread-2476] INFO  impl.RoleInfo (RoleInfo.java:shutdownFollowerState(121)) - 0f5d3176-329d-47ce-ae71-974e95fcee4d: shutdown FollowerState
2019-10-03 21:13:04,320 [Thread-2476] INFO  impl.RaftServerImpl (RaftServerImpl.java:setRole(170)) - 0f5d3176-329d-47ce-ae71-974e95fcee4d@group-66E7A5138755: changes role from  FOLLOWER to CANDIDATE at term 0 for changeToCandidate
2019-10-03 21:13:04,320 [Thread-2476] INFO  impl.RoleInfo (RoleInfo.java:updateAndGet(143)) - 0f5d3176-329d-47ce-ae71-974e95fcee4d: start LeaderElection
2019-10-03 21:13:04,329 [9ee94575-1721-463e-98a9-5d43f914c816@group-613C9AF13EBF-SegmentedRaftLogWorker] INFO  segmented.SegmentedRaftLogWorker (SegmentedRaftLogWorker.java:execute(574)) - 9ee94575-1721-463e-98a9-5d43f914c816@group-613C9AF13EBF-SegmentedRaftLogWorker: created new log segment /workdir/hadoop-ozone/integration-test/target/test-dir/MiniOzoneClusterImpl-ed63f357-304f-428a-b49a-7d64402b049a/datanode-2/data/ratis/8da48e35-81d2-457c-a9ab-613c9af13ebf/current/log_inprogress_0
2019-10-03 21:13:04,329 [b895b4bc-e49d-40c9-b477-965546349b55@group-613C9AF13EBF-SegmentedRaftLogWorker] INFO  segmented.SegmentedRaftLogWorker (SegmentedRaftLogWorker.java:execute(574)) - b895b4bc-e49d-40c9-b477-965546349b55@group-613C9AF13EBF-SegmentedRaftLogWorker: created new log segment /workdir/hadoop-ozone/integration-test/target/test-dir/MiniOzoneClusterImpl-ed63f357-304f-428a-b49a-7d64402b049a/datanode-0/data/ratis/8da48e35-81d2-457c-a9ab-613c9af13ebf/current/log_inprogress_0
2019-10-03 21:13:04,352 [0f5d3176-329d-47ce-ae71-974e95fcee4d@group-66E7A5138755-LeaderElection96] INFO  impl.LeaderElection (LeaderElection.java:askForVotes(178)) - 0f5d3176-329d-47ce-ae71-974e95fcee4d@group-66E7A5138755-LeaderElection96: begin an election at term 1 for -1: [0f5d3176-329d-47ce-ae71-974e95fcee4d:192.168.30.42:34687], old=null
2019-10-03 21:13:04,352 [0f5d3176-329d-47ce-ae71-974e95fcee4d@group-66E7A5138755-LeaderElection96] INFO  impl.RoleInfo (RoleInfo.java:shutdownLeaderElection(134)) - 0f5d3176-329d-47ce-ae71-974e95fcee4d: shutdown LeaderElection
2019-10-03 21:13:04,352 [0f5d3176-329d-47ce-ae71-974e95fcee4d@group-66E7A5138755-LeaderElection96] INFO  impl.RaftServerImpl (RaftServerImpl.java:setRole(170)) - 0f5d3176-329d-47ce-ae71-974e95fcee4d@group-66E7A5138755: changes role from CANDIDATE to LEADER at term 1 for changeToLeader
2019-10-03 21:13:04,352 [0f5d3176-329d-47ce-ae71-974e95fcee4d@group-66E7A5138755-LeaderElection96] INFO  impl.RaftServerImpl (ServerState.java:setLeader(255)) - 0f5d3176-329d-47ce-ae71-974e95fcee4d@group-66E7A5138755: change Leader from null to 0f5d3176-329d-47ce-ae71-974e95fcee4d at term 1 for becomeLeader, leader elected after 5149ms
2019-10-03 21:13:04,352 [0f5d3176-329d-47ce-ae71-974e95fcee4d@group-66E7A5138755-LeaderElection96] INFO  server.RaftServerConfigKeys (ConfUtils.java:logGet(43)) - raft.server.staging.catchup.gap = 1000 (default)
2019-10-03 21:13:04,352 [0f5d3176-329d-47ce-ae71-974e95fcee4d@group-66E7A5138755-LeaderElection96] INFO  server.RaftServerConfigKeys (ConfUtils.java:logGet(43)) - raft.server.rpc.sleep.time = 25ms (default)
2019-10-03 21:13:04,352 [0f5d3176-329d-47ce-ae71-974e95fcee4d@group-66E7A5138755-LeaderElection96] INFO  server.RaftServerConfigKeys (ConfUtils.java:logGet(43)) - raft.server.write.element-limit = 4096 (default)
2019-10-03 21:13:04,352 [0f5d3176-329d-47ce-ae71-974e95fcee4d@group-66E7A5138755-LeaderElection96] INFO  server.RaftServerConfigKeys (ConfUtils.java:logGet(43)) - raft.server.watch.timeout = 10s (default)
2019-10-03 21:13:04,353 [0f5d3176-329d-47ce-ae71-974e95fcee4d@group-66E7A5138755-LeaderElection96] INFO  server.RaftServerConfigKeys (ConfUtils.java:logGet(43)) - raft.server.watch.timeout.denomination = 1s (default)
2019-10-03 21:13:04,353 [0f5d3176-329d-47ce-ae71-974e95fcee4d@group-66E7A5138755-LeaderElection96] INFO  server.RaftServerConfigKeys (ConfUtils.java:logGet(43)) - raft.server.watch.element-limit = 65536 (default)
2019-10-03 21:13:04,354 [0f5d3176-329d-47ce-ae71-974e95fcee4d@group-66E7A5138755-LeaderElection96] INFO  impl.RoleInfo (RoleInfo.java:updateAndGet(143)) - 0f5d3176-329d-47ce-ae71-974e95fcee4d: start LeaderState
2019-10-03 21:13:04,354 [0f5d3176-329d-47ce-ae71-974e95fcee4d@group-66E7A5138755-LeaderElection96] INFO  segmented.SegmentedRaftLogWorker (SegmentedRaftLogWorker.java:startLogSegment(385)) - 0f5d3176-329d-47ce-ae71-974e95fcee4d@group-66E7A5138755-SegmentedRaftLogWorker: Starting segment from index:0
2019-10-03 21:13:04,355 [0f5d3176-329d-47ce-ae71-974e95fcee4d@group-66E7A5138755-LeaderElection96] INFO  impl.RaftServerImpl (ServerState.java:setRaftConf(356)) - 0f5d3176-329d-47ce-ae71-974e95fcee4d@group-66E7A5138755: set configuration 0: [0f5d3176-329d-47ce-ae71-974e95fcee4d:192.168.30.42:34687], old=null at 0
2019-10-03 21:13:04,394 [Thread-2479] INFO  impl.FollowerState (FollowerState.java:run(108)) - 38073b40-198b-4c22-9695-3d0f0943ba71@group-077FA805927E-FollowerState: change to CANDIDATE, lastRpcTime:5106ms, electionTimeout:5106ms
2019-10-03 21:13:04,394 [Thread-2479] INFO  impl.RoleInfo (RoleInfo.java:shutdownFollowerState(121)) - 38073b40-198b-4c22-9695-3d0f0943ba71: shutdown FollowerState
2019-10-03 21:13:04,394 [Thread-2479] INFO  impl.RaftServerImpl (RaftServerImpl.java:setRole(170)) - 38073b40-198b-4c22-9695-3d0f0943ba71@group-077FA805927E: changes role from  FOLLOWER to CANDIDATE at term 0 for changeToCandidate
2019-10-03 21:13:04,395 [Thread-2479] INFO  impl.RoleInfo (RoleInfo.java:updateAndGet(143)) - 38073b40-198b-4c22-9695-3d0f0943ba71: start LeaderElection
2019-10-03 21:13:04,404 [0f5d3176-329d-47ce-ae71-974e95fcee4d@group-66E7A5138755-SegmentedRaftLogWorker] INFO  segmented.SegmentedRaftLogWorker (SegmentedRaftLogWorker.java:execute(574)) - 0f5d3176-329d-47ce-ae71-974e95fcee4d@group-66E7A5138755-SegmentedRaftLogWorker: created new log segment /workdir/hadoop-ozone/integration-test/target/test-dir/MiniOzoneClusterImpl-ed63f357-304f-428a-b49a-7d64402b049a/datanode-3/data/ratis/68f7ddbe-8dc8-4f2b-a57c-66e7a5138755/current/log_inprogress_0
2019-10-03 21:13:04,421 [Thread-2484] INFO  impl.FollowerState (FollowerState.java:run(108)) - 1540fd05-efa4-44f9-ba59-fcb16fc11a7a@group-B13DE5B42C37-FollowerState: change to CANDIDATE, lastRpcTime:5033ms, electionTimeout:5033ms
2019-10-03 21:13:04,421 [Thread-2484] INFO  impl.RoleInfo (RoleInfo.java:shutdownFollowerState(121)) - 1540fd05-efa4-44f9-ba59-fcb16fc11a7a: shutdown FollowerState
2019-10-03 21:13:04,421 [Thread-2484] INFO  impl.RaftServerImpl (RaftServerImpl.java:setRole(170)) - 1540fd05-efa4-44f9-ba59-fcb16fc11a7a@group-B13DE5B42C37: changes role from  FOLLOWER to CANDIDATE at term 0 for changeToCandidate
2019-10-03 21:13:04,421 [Thread-2484] INFO  impl.RoleInfo (RoleInfo.java:updateAndGet(143)) - 1540fd05-efa4-44f9-ba59-fcb16fc11a7a: start LeaderElection
2019-10-03 21:13:04,427 [38073b40-198b-4c22-9695-3d0f0943ba71@group-077FA805927E-LeaderElection97] INFO  impl.LeaderElection (LeaderElection.java:askForVotes(178)) - 38073b40-198b-4c22-9695-3d0f0943ba71@group-077FA805927E-LeaderElection97: begin an election at term 1 for -1: [38073b40-198b-4c22-9695-3d0f0943ba71:192.168.30.42:35683], old=null
2019-10-03 21:13:04,427 [38073b40-198b-4c22-9695-3d0f0943ba71@group-077FA805927E-LeaderElection97] INFO  impl.RoleInfo (RoleInfo.java:shutdownLeaderElection(134)) - 38073b40-198b-4c22-9695-3d0f0943ba71: shutdown LeaderElection
2019-10-03 21:13:04,427 [38073b40-198b-4c22-9695-3d0f0943ba71@group-077FA805927E-LeaderElection97] INFO  impl.RaftServerImpl (RaftServerImpl.java:setRole(170)) - 38073b40-198b-4c22-9695-3d0f0943ba71@group-077FA805927E: changes role from CANDIDATE to LEADER at term 1 for changeToLeader
2019-10-03 21:13:04,427 [38073b40-198b-4c22-9695-3d0f0943ba71@group-077FA805927E-LeaderElection97] INFO  impl.RaftServerImpl (ServerState.java:setLeader(255)) - 38073b40-198b-4c22-9695-3d0f0943ba71@group-077FA805927E: change Leader from null to 38073b40-198b-4c22-9695-3d0f0943ba71 at term 1 for becomeLeader, leader elected after 5156ms
2019-10-03 21:13:04,428 [38073b40-198b-4c22-9695-3d0f0943ba71@group-077FA805927E-LeaderElection97] INFO  server.RaftServerConfigKeys (ConfUtils.java:logGet(43)) - raft.server.staging.catchup.gap = 1000 (default)
2019-10-03 21:13:04,428 [38073b40-198b-4c22-9695-3d0f0943ba71@group-077FA805927E-LeaderElection97] INFO  server.RaftServerConfigKeys (ConfUtils.java:logGet(43)) - raft.server.rpc.sleep.time = 25ms (default)
2019-10-03 21:13:04,428 [38073b40-198b-4c22-9695-3d0f0943ba71@group-077FA805927E-LeaderElection97] INFO  server.RaftServerConfigKeys (ConfUtils.java:logGet(43)) - raft.server.write.element-limit = 4096 (default)
2019-10-03 21:13:04,428 [38073b40-198b-4c22-9695-3d0f0943ba71@group-077FA805927E-LeaderElection97] INFO  server.RaftServerConfigKeys (ConfUtils.java:logGet(43)) - raft.server.watch.timeout = 10s (default)
2019-10-03 21:13:04,428 [38073b40-198b-4c22-9695-3d0f0943ba71@group-077FA805927E-LeaderElection97] INFO  server.RaftServerConfigKeys (ConfUtils.java:logGet(43)) - raft.server.watch.timeout.denomination = 1s (default)
2019-10-03 21:13:04,428 [38073b40-198b-4c22-9695-3d0f0943ba71@group-077FA805927E-LeaderElection97] INFO  server.RaftServerConfigKeys (ConfUtils.java:logGet(43)) - raft.server.watch.element-limit = 65536 (default)
2019-10-03 21:13:04,430 [38073b40-198b-4c22-9695-3d0f0943ba71@group-077FA805927E-LeaderElection97] INFO  impl.RoleInfo (RoleInfo.java:updateAndGet(143)) - 38073b40-198b-4c22-9695-3d0f0943ba71: start LeaderState
2019-10-03 21:13:04,430 [38073b40-198b-4c22-9695-3d0f0943ba71@group-077FA805927E-LeaderElection97] INFO  segmented.SegmentedRaftLogWorker (SegmentedRaftLogWorker.java:startLogSegment(385)) - 38073b40-198b-4c22-9695-3d0f0943ba71@group-077FA805927E-SegmentedRaftLogWorker: Starting segment from index:0
2019-10-03 21:13:04,431 [38073b40-198b-4c22-9695-3d0f0943ba71@group-077FA805927E-LeaderElection97] INFO  impl.RaftServerImpl (ServerState.java:setRaftConf(356)) - 38073b40-198b-4c22-9695-3d0f0943ba71@group-077FA805927E: set configuration 0: [38073b40-198b-4c22-9695-3d0f0943ba71:192.168.30.42:35683], old=null at 0
2019-10-03 21:13:04,446 [1540fd05-efa4-44f9-ba59-fcb16fc11a7a@group-B13DE5B42C37-LeaderElection98] INFO  impl.LeaderElection (LeaderElection.java:askForVotes(178)) - 1540fd05-efa4-44f9-ba59-fcb16fc11a7a@group-B13DE5B42C37-LeaderElection98: begin an election at term 1 for -1: [1540fd05-efa4-44f9-ba59-fcb16fc11a7a:192.168.30.42:43562], old=null
2019-10-03 21:13:04,447 [1540fd05-efa4-44f9-ba59-fcb16fc11a7a@group-B13DE5B42C37-LeaderElection98] INFO  impl.RoleInfo (RoleInfo.java:shutdownLeaderElection(134)) - 1540fd05-efa4-44f9-ba59-fcb16fc11a7a: shutdown LeaderElection
2019-10-03 21:13:04,447 [1540fd05-efa4-44f9-ba59-fcb16fc11a7a@group-B13DE5B42C37-LeaderElection98] INFO  impl.RaftServerImpl (RaftServerImpl.java:setRole(170)) - 1540fd05-efa4-44f9-ba59-fcb16fc11a7a@group-B13DE5B42C37: changes role from CANDIDATE to LEADER at term 1 for changeToLeader
2019-10-03 21:13:04,447 [1540fd05-efa4-44f9-ba59-fcb16fc11a7a@group-B13DE5B42C37-LeaderElection98] INFO  impl.RaftServerImpl (ServerState.java:setLeader(255)) - 1540fd05-efa4-44f9-ba59-fcb16fc11a7a@group-B13DE5B42C37: change Leader from null to 1540fd05-efa4-44f9-ba59-fcb16fc11a7a at term 1 for becomeLeader, leader elected after 5082ms
2019-10-03 21:13:04,447 [1540fd05-efa4-44f9-ba59-fcb16fc11a7a@group-B13DE5B42C37-LeaderElection98] INFO  server.RaftServerConfigKeys (ConfUtils.java:logGet(43)) - raft.server.staging.catchup.gap = 1000 (default)
2019-10-03 21:13:04,447 [1540fd05-efa4-44f9-ba59-fcb16fc11a7a@group-B13DE5B42C37-LeaderElection98] INFO  server.RaftServerConfigKeys (ConfUtils.java:logGet(43)) - raft.server.rpc.sleep.time = 25ms (default)
2019-10-03 21:13:04,447 [1540fd05-efa4-44f9-ba59-fcb16fc11a7a@group-B13DE5B42C37-LeaderElection98] INFO  server.RaftServerConfigKeys (ConfUtils.java:logGet(43)) - raft.server.write.element-limit = 4096 (default)
2019-10-03 21:13:04,447 [1540fd05-efa4-44f9-ba59-fcb16fc11a7a@group-B13DE5B42C37-LeaderElection98] INFO  server.RaftServerConfigKeys (ConfUtils.java:logGet(43)) - raft.server.watch.timeout = 10s (default)
2019-10-03 21:13:04,447 [1540fd05-efa4-44f9-ba59-fcb16fc11a7a@group-B13DE5B42C37-LeaderElection98] INFO  server.RaftServerConfigKeys (ConfUtils.java:logGet(43)) - raft.server.watch.timeout.denomination = 1s (default)
2019-10-03 21:13:04,447 [1540fd05-efa4-44f9-ba59-fcb16fc11a7a@group-B13DE5B42C37-LeaderElection98] INFO  server.RaftServerConfigKeys (ConfUtils.java:logGet(43)) - raft.server.watch.element-limit = 65536 (default)
2019-10-03 21:13:04,448 [1540fd05-efa4-44f9-ba59-fcb16fc11a7a@group-B13DE5B42C37-LeaderElection98] INFO  impl.RoleInfo (RoleInfo.java:updateAndGet(143)) - 1540fd05-efa4-44f9-ba59-fcb16fc11a7a: start LeaderState
2019-10-03 21:13:04,448 [1540fd05-efa4-44f9-ba59-fcb16fc11a7a@group-B13DE5B42C37-LeaderElection98] INFO  segmented.SegmentedRaftLogWorker (SegmentedRaftLogWorker.java:startLogSegment(385)) - 1540fd05-efa4-44f9-ba59-fcb16fc11a7a@group-B13DE5B42C37-SegmentedRaftLogWorker: Starting segment from index:0
2019-10-03 21:13:04,449 [1540fd05-efa4-44f9-ba59-fcb16fc11a7a@group-B13DE5B42C37-LeaderElection98] INFO  impl.RaftServerImpl (ServerState.java:setRaftConf(356)) - 1540fd05-efa4-44f9-ba59-fcb16fc11a7a@group-B13DE5B42C37: set configuration 0: [1540fd05-efa4-44f9-ba59-fcb16fc11a7a:192.168.30.42:43562], old=null at 0
2019-10-03 21:13:04,482 [38073b40-198b-4c22-9695-3d0f0943ba71@group-077FA805927E-SegmentedRaftLogWorker] INFO  segmented.SegmentedRaftLogWorker (SegmentedRaftLogWorker.java:execute(574)) - 38073b40-198b-4c22-9695-3d0f0943ba71@group-077FA805927E-SegmentedRaftLogWorker: created new log segment /workdir/hadoop-ozone/integration-test/target/test-dir/MiniOzoneClusterImpl-ed63f357-304f-428a-b49a-7d64402b049a/datanode-4/data/ratis/36db0d5a-9b37-4d9e-bbb2-077fa805927e/current/log_inprogress_0
2019-10-03 21:13:04,504 [1540fd05-efa4-44f9-ba59-fcb16fc11a7a@group-B13DE5B42C37-SegmentedRaftLogWorker] INFO  segmented.SegmentedRaftLogWorker (SegmentedRaftLogWorker.java:execute(574)) - 1540fd05-efa4-44f9-ba59-fcb16fc11a7a@group-B13DE5B42C37-SegmentedRaftLogWorker: created new log segment /workdir/hadoop-ozone/integration-test/target/test-dir/MiniOzoneClusterImpl-ed63f357-304f-428a-b49a-7d64402b049a/datanode-5/data/ratis/d9e561de-0662-4bf3-baee-b13de5b42c37/current/log_inprogress_0
2019-10-03 21:13:04,584 [Thread-2495] INFO  impl.FollowerState (FollowerState.java:run(108)) - 1540fd05-efa4-44f9-ba59-fcb16fc11a7a@group-6E5422165F77-FollowerState: change to CANDIDATE, lastRpcTime:5031ms, electionTimeout:5031ms
2019-10-03 21:13:04,585 [Thread-2495] INFO  impl.RoleInfo (RoleInfo.java:shutdownFollowerState(121)) - 1540fd05-efa4-44f9-ba59-fcb16fc11a7a: shutdown FollowerState
2019-10-03 21:13:04,585 [Thread-2495] INFO  impl.RaftServerImpl (RaftServerImpl.java:setRole(170)) - 1540fd05-efa4-44f9-ba59-fcb16fc11a7a@group-6E5422165F77: changes role from  FOLLOWER to CANDIDATE at term 0 for changeToCandidate
2019-10-03 21:13:04,585 [Thread-2495] INFO  impl.RoleInfo (RoleInfo.java:updateAndGet(143)) - 1540fd05-efa4-44f9-ba59-fcb16fc11a7a: start LeaderElection
2019-10-03 21:13:04,600 [Thread-2487] INFO  impl.FollowerState (FollowerState.java:run(108)) - 77817775-8fed-48c7-84b4-cf2f4cfa5b34@group-AB65FA2BE14E-FollowerState: change to CANDIDATE, lastRpcTime:5132ms, electionTimeout:5132ms
2019-10-03 21:13:04,600 [Thread-2487] INFO  impl.RoleInfo (RoleInfo.java:shutdownFollowerState(121)) - 77817775-8fed-48c7-84b4-cf2f4cfa5b34: shutdown FollowerState
2019-10-03 21:13:04,600 [Thread-2487] INFO  impl.RaftServerImpl (RaftServerImpl.java:setRole(170)) - 77817775-8fed-48c7-84b4-cf2f4cfa5b34@group-AB65FA2BE14E: changes role from  FOLLOWER to CANDIDATE at term 0 for changeToCandidate
2019-10-03 21:13:04,600 [Thread-2487] INFO  impl.RoleInfo (RoleInfo.java:updateAndGet(143)) - 77817775-8fed-48c7-84b4-cf2f4cfa5b34: start LeaderElection
2019-10-03 21:13:04,639 [1540fd05-efa4-44f9-ba59-fcb16fc11a7a@group-6E5422165F77-LeaderElection99] INFO  impl.LeaderElection (LeaderElection.java:askForVotes(178)) - 1540fd05-efa4-44f9-ba59-fcb16fc11a7a@group-6E5422165F77-LeaderElection99: begin an election at term 1 for -1: [38073b40-198b-4c22-9695-3d0f0943ba71:192.168.30.42:35683, 0f5d3176-329d-47ce-ae71-974e95fcee4d:192.168.30.42:34687, 1540fd05-efa4-44f9-ba59-fcb16fc11a7a:192.168.30.42:43562], old=null
2019-10-03 21:13:04,647 [grpc-default-executor-2] INFO  impl.RaftServerImpl (RaftServerImpl.java:setRole(170)) - 38073b40-198b-4c22-9695-3d0f0943ba71@group-6E5422165F77: changes role from  FOLLOWER to FOLLOWER at term 1 for recognizeCandidate:1540fd05-efa4-44f9-ba59-fcb16fc11a7a
2019-10-03 21:13:04,651 [grpc-default-executor-7] INFO  impl.RaftServerImpl (RaftServerImpl.java:setRole(170)) - 0f5d3176-329d-47ce-ae71-974e95fcee4d@group-6E5422165F77: changes role from  FOLLOWER to FOLLOWER at term 1 for recognizeCandidate:1540fd05-efa4-44f9-ba59-fcb16fc11a7a
2019-10-03 21:13:04,652 [grpc-default-executor-2] INFO  impl.RoleInfo (RoleInfo.java:shutdownFollowerState(121)) - 38073b40-198b-4c22-9695-3d0f0943ba71: shutdown FollowerState
2019-10-03 21:13:04,652 [77817775-8fed-48c7-84b4-cf2f4cfa5b34@group-AB65FA2BE14E-LeaderElection100] INFO  impl.LeaderElection (LeaderElection.java:askForVotes(178)) - 77817775-8fed-48c7-84b4-cf2f4cfa5b34@group-AB65FA2BE14E-LeaderElection100: begin an election at term 1 for -1: [77817775-8fed-48c7-84b4-cf2f4cfa5b34:192.168.30.42:33673], old=null
2019-10-03 21:13:04,652 [grpc-default-executor-7] INFO  impl.RoleInfo (RoleInfo.java:shutdownFollowerState(121)) - 0f5d3176-329d-47ce-ae71-974e95fcee4d: shutdown FollowerState
2019-10-03 21:13:04,652 [Thread-2490] INFO  impl.FollowerState (FollowerState.java:run(117)) - 38073b40-198b-4c22-9695-3d0f0943ba71@group-6E5422165F77-FollowerState was interrupted: java.lang.InterruptedException: sleep interrupted
2019-10-03 21:13:04,652 [77817775-8fed-48c7-84b4-cf2f4cfa5b34@group-AB65FA2BE14E-LeaderElection100] INFO  impl.RoleInfo (RoleInfo.java:shutdownLeaderElection(134)) - 77817775-8fed-48c7-84b4-cf2f4cfa5b34: shutdown LeaderElection
2019-10-03 21:13:04,652 [77817775-8fed-48c7-84b4-cf2f4cfa5b34@group-AB65FA2BE14E-LeaderElection100] INFO  impl.RaftServerImpl (RaftServerImpl.java:setRole(170)) - 77817775-8fed-48c7-84b4-cf2f4cfa5b34@group-AB65FA2BE14E: changes role from CANDIDATE to LEADER at term 1 for changeToLeader
2019-10-03 21:13:04,652 [grpc-default-executor-2] INFO  impl.RoleInfo (RoleInfo.java:updateAndGet(143)) - 38073b40-198b-4c22-9695-3d0f0943ba71: start FollowerState
2019-10-03 21:13:04,652 [77817775-8fed-48c7-84b4-cf2f4cfa5b34@group-AB65FA2BE14E-LeaderElection100] INFO  impl.RaftServerImpl (ServerState.java:setLeader(255)) - 77817775-8fed-48c7-84b4-cf2f4cfa5b34@group-AB65FA2BE14E: change Leader from null to 77817775-8fed-48c7-84b4-cf2f4cfa5b34 at term 1 for becomeLeader, leader elected after 5190ms
2019-10-03 21:13:04,652 [Thread-2494] INFO  impl.FollowerState (FollowerState.java:run(117)) - 0f5d3176-329d-47ce-ae71-974e95fcee4d@group-6E5422165F77-FollowerState was interrupted: java.lang.InterruptedException: sleep interrupted
2019-10-03 21:13:04,652 [grpc-default-executor-7] INFO  impl.RoleInfo (RoleInfo.java:updateAndGet(143)) - 0f5d3176-329d-47ce-ae71-974e95fcee4d: start FollowerState
2019-10-03 21:13:04,653 [77817775-8fed-48c7-84b4-cf2f4cfa5b34@group-AB65FA2BE14E-LeaderElection100] INFO  server.RaftServerConfigKeys (ConfUtils.java:logGet(43)) - raft.server.staging.catchup.gap = 1000 (default)
2019-10-03 21:13:04,653 [77817775-8fed-48c7-84b4-cf2f4cfa5b34@group-AB65FA2BE14E-LeaderElection100] INFO  server.RaftServerConfigKeys (ConfUtils.java:logGet(43)) - raft.server.rpc.sleep.time = 25ms (default)
2019-10-03 21:13:04,653 [77817775-8fed-48c7-84b4-cf2f4cfa5b34@group-AB65FA2BE14E-LeaderElection100] INFO  server.RaftServerConfigKeys (ConfUtils.java:logGet(43)) - raft.server.write.element-limit = 4096 (default)
2019-10-03 21:13:04,653 [77817775-8fed-48c7-84b4-cf2f4cfa5b34@group-AB65FA2BE14E-LeaderElection100] INFO  server.RaftServerConfigKeys (ConfUtils.java:logGet(43)) - raft.server.watch.timeout = 10s (default)
2019-10-03 21:13:04,654 [77817775-8fed-48c7-84b4-cf2f4cfa5b34@group-AB65FA2BE14E-LeaderElection100] INFO  server.RaftServerConfigKeys (ConfUtils.java:logGet(43)) - raft.server.watch.timeout.denomination = 1s (default)
2019-10-03 21:13:04,654 [77817775-8fed-48c7-84b4-cf2f4cfa5b34@group-AB65FA2BE14E-LeaderElection100] INFO  server.RaftServerConfigKeys (ConfUtils.java:logGet(43)) - raft.server.watch.element-limit = 65536 (default)
2019-10-03 21:13:04,655 [77817775-8fed-48c7-84b4-cf2f4cfa5b34@group-AB65FA2BE14E-LeaderElection100] INFO  impl.RoleInfo (RoleInfo.java:updateAndGet(143)) - 77817775-8fed-48c7-84b4-cf2f4cfa5b34: start LeaderState
2019-10-03 21:13:04,656 [77817775-8fed-48c7-84b4-cf2f4cfa5b34@group-AB65FA2BE14E-LeaderElection100] INFO  segmented.SegmentedRaftLogWorker (SegmentedRaftLogWorker.java:startLogSegment(385)) - 77817775-8fed-48c7-84b4-cf2f4cfa5b34@group-AB65FA2BE14E-SegmentedRaftLogWorker: Starting segment from index:0
2019-10-03 21:13:04,656 [77817775-8fed-48c7-84b4-cf2f4cfa5b34@group-AB65FA2BE14E-LeaderElection100] INFO  impl.RaftServerImpl (ServerState.java:setRaftConf(356)) - 77817775-8fed-48c7-84b4-cf2f4cfa5b34@group-AB65FA2BE14E: set configuration 0: [77817775-8fed-48c7-84b4-cf2f4cfa5b34:192.168.30.42:33673], old=null at 0
2019-10-03 21:13:04,683 [1540fd05-efa4-44f9-ba59-fcb16fc11a7a@group-6E5422165F77-LeaderElection99] INFO  impl.LeaderElection (LeaderElection.java:logAndReturn(56)) - 1540fd05-efa4-44f9-ba59-fcb16fc11a7a@group-6E5422165F77-LeaderElection99: Election PASSED; received 1 response(s) [1540fd05-efa4-44f9-ba59-fcb16fc11a7a<-38073b40-198b-4c22-9695-3d0f0943ba71#0:OK-t1] and 0 exception(s); 1540fd05-efa4-44f9-ba59-fcb16fc11a7a@group-6E5422165F77:t1, leader=null, voted=1540fd05-efa4-44f9-ba59-fcb16fc11a7a, raftlog=1540fd05-efa4-44f9-ba59-fcb16fc11a7a@group-6E5422165F77-SegmentedRaftLog:OPENED:c-1,f-1,i0, conf=-1: [38073b40-198b-4c22-9695-3d0f0943ba71:192.168.30.42:35683, 0f5d3176-329d-47ce-ae71-974e95fcee4d:192.168.30.42:34687, 1540fd05-efa4-44f9-ba59-fcb16fc11a7a:192.168.30.42:43562], old=null
2019-10-03 21:13:04,683 [1540fd05-efa4-44f9-ba59-fcb16fc11a7a@group-6E5422165F77-LeaderElection99] INFO  impl.RoleInfo (RoleInfo.java:shutdownLeaderElection(134)) - 1540fd05-efa4-44f9-ba59-fcb16fc11a7a: shutdown LeaderElection
2019-10-03 21:13:04,683 [1540fd05-efa4-44f9-ba59-fcb16fc11a7a@group-6E5422165F77-LeaderElection99] INFO  impl.RaftServerImpl (RaftServerImpl.java:setRole(170)) - 1540fd05-efa4-44f9-ba59-fcb16fc11a7a@group-6E5422165F77: changes role from CANDIDATE to LEADER at term 1 for changeToLeader
2019-10-03 21:13:04,683 [1540fd05-efa4-44f9-ba59-fcb16fc11a7a@group-6E5422165F77-LeaderElection99] INFO  impl.RaftServerImpl (ServerState.java:setLeader(255)) - 1540fd05-efa4-44f9-ba59-fcb16fc11a7a@group-6E5422165F77: change Leader from null to 1540fd05-efa4-44f9-ba59-fcb16fc11a7a at term 1 for becomeLeader, leader elected after 5143ms
2019-10-03 21:13:04,684 [1540fd05-efa4-44f9-ba59-fcb16fc11a7a@group-6E5422165F77-LeaderElection99] INFO  server.RaftServerConfigKeys (ConfUtils.java:logGet(43)) - raft.server.staging.catchup.gap = 1000 (default)
2019-10-03 21:13:04,684 [1540fd05-efa4-44f9-ba59-fcb16fc11a7a@group-6E5422165F77-LeaderElection99] INFO  server.RaftServerConfigKeys (ConfUtils.java:logGet(43)) - raft.server.rpc.sleep.time = 25ms (default)
2019-10-03 21:13:04,684 [1540fd05-efa4-44f9-ba59-fcb16fc11a7a@group-6E5422165F77-LeaderElection99] INFO  server.RaftServerConfigKeys (ConfUtils.java:logGet(43)) - raft.server.write.element-limit = 4096 (default)
2019-10-03 21:13:04,684 [1540fd05-efa4-44f9-ba59-fcb16fc11a7a@group-6E5422165F77-LeaderElection99] INFO  server.RaftServerConfigKeys (ConfUtils.java:logGet(43)) - raft.server.watch.timeout = 10s (default)
2019-10-03 21:13:04,684 [1540fd05-efa4-44f9-ba59-fcb16fc11a7a@group-6E5422165F77-LeaderElection99] INFO  server.RaftServerConfigKeys (ConfUtils.java:logGet(43)) - raft.server.watch.timeout.denomination = 1s (default)
2019-10-03 21:13:04,685 [1540fd05-efa4-44f9-ba59-fcb16fc11a7a@group-6E5422165F77-LeaderElection99] INFO  server.RaftServerConfigKeys (ConfUtils.java:logGet(43)) - raft.server.watch.element-limit = 65536 (default)
2019-10-03 21:13:04,687 [1540fd05-efa4-44f9-ba59-fcb16fc11a7a@group-6E5422165F77-LeaderElection99] INFO  server.RaftServerConfigKeys (ConfUtils.java:logGet(43)) - raft.server.log.appender.snapshot.chunk.size.max = 16MB (=16777216) (default)
2019-10-03 21:13:04,687 [1540fd05-efa4-44f9-ba59-fcb16fc11a7a@group-6E5422165F77-LeaderElection99] INFO  server.RaftServerConfigKeys (ConfUtils.java:logGet(43)) - raft.server.log.appender.buffer.byte-limit = 33554432 (custom)
2019-10-03 21:13:04,688 [1540fd05-efa4-44f9-ba59-fcb16fc11a7a@group-6E5422165F77-LeaderElection99] INFO  server.RaftServerConfigKeys (ConfUtils.java:logGet(43)) - raft.server.log.appender.buffer.element-limit = 1 (custom)
2019-10-03 21:13:04,688 [1540fd05-efa4-44f9-ba59-fcb16fc11a7a@group-6E5422165F77-LeaderElection99] INFO  grpc.GrpcConfigKeys$Server (ConfUtils.java:logGet(43)) - raft.grpc.server.leader.outstanding.appends.max = 128 (default)
2019-10-03 21:13:04,688 [1540fd05-efa4-44f9-ba59-fcb16fc11a7a@group-6E5422165F77-LeaderElection99] INFO  server.RaftServerConfigKeys (ConfUtils.java:logGet(43)) - raft.server.rpc.request.timeout = 3000ms (default)
2019-10-03 21:13:04,688 [1540fd05-efa4-44f9-ba59-fcb16fc11a7a@group-6E5422165F77-LeaderElection99] INFO  server.RaftServerConfigKeys (ConfUtils.java:logGet(43)) - raft.server.log.appender.install.snapshot.enabled = false (custom)
2019-10-03 21:13:04,689 [1540fd05-efa4-44f9-ba59-fcb16fc11a7a@group-6E5422165F77-LeaderElection99] INFO  server.RaftServerConfigKeys (ConfUtils.java:logGet(43)) - raft.server.log.appender.snapshot.chunk.size.max = 16MB (=16777216) (default)
2019-10-03 21:13:04,689 [1540fd05-efa4-44f9-ba59-fcb16fc11a7a@group-6E5422165F77-LeaderElection99] INFO  server.RaftServerConfigKeys (ConfUtils.java:logGet(43)) - raft.server.log.appender.buffer.byte-limit = 33554432 (custom)
2019-10-03 21:13:04,689 [1540fd05-efa4-44f9-ba59-fcb16fc11a7a@group-6E5422165F77-LeaderElection99] INFO  server.RaftServerConfigKeys (ConfUtils.java:logGet(43)) - raft.server.log.appender.buffer.element-limit = 1 (custom)
2019-10-03 21:13:04,689 [1540fd05-efa4-44f9-ba59-fcb16fc11a7a@group-6E5422165F77-LeaderElection99] INFO  grpc.GrpcConfigKeys$Server (ConfUtils.java:logGet(43)) - raft.grpc.server.leader.outstanding.appends.max = 128 (default)
2019-10-03 21:13:04,690 [1540fd05-efa4-44f9-ba59-fcb16fc11a7a@group-6E5422165F77-LeaderElection99] INFO  server.RaftServerConfigKeys (ConfUtils.java:logGet(43)) - raft.server.rpc.request.timeout = 3000ms (default)
2019-10-03 21:13:04,690 [1540fd05-efa4-44f9-ba59-fcb16fc11a7a@group-6E5422165F77-LeaderElection99] INFO  server.RaftServerConfigKeys (ConfUtils.java:logGet(43)) - raft.server.log.appender.install.snapshot.enabled = false (custom)
2019-10-03 21:13:04,690 [1540fd05-efa4-44f9-ba59-fcb16fc11a7a@group-6E5422165F77-LeaderElection99] INFO  impl.RoleInfo (RoleInfo.java:updateAndGet(143)) - 1540fd05-efa4-44f9-ba59-fcb16fc11a7a: start LeaderState
2019-10-03 21:13:04,690 [1540fd05-efa4-44f9-ba59-fcb16fc11a7a@group-6E5422165F77-LeaderElection99] INFO  segmented.SegmentedRaftLogWorker (SegmentedRaftLogWorker.java:startLogSegment(385)) - 1540fd05-efa4-44f9-ba59-fcb16fc11a7a@group-6E5422165F77-SegmentedRaftLogWorker: Starting segment from index:0
2019-10-03 21:13:04,691 [1540fd05-efa4-44f9-ba59-fcb16fc11a7a@group-6E5422165F77-LeaderElection99] INFO  impl.RaftServerImpl (ServerState.java:setRaftConf(356)) - 1540fd05-efa4-44f9-ba59-fcb16fc11a7a@group-6E5422165F77: set configuration 0: [38073b40-198b-4c22-9695-3d0f0943ba71:192.168.30.42:35683, 0f5d3176-329d-47ce-ae71-974e95fcee4d:192.168.30.42:34687, 1540fd05-efa4-44f9-ba59-fcb16fc11a7a:192.168.30.42:43562], old=null at 0
2019-10-03 21:13:04,693 [grpc-default-executor-2] INFO  impl.RaftServerImpl (ServerState.java:setLeader(255)) - 38073b40-198b-4c22-9695-3d0f0943ba71@group-6E5422165F77: change Leader from null to 1540fd05-efa4-44f9-ba59-fcb16fc11a7a at term 1 for appendEntries, leader elected after 5153ms
2019-10-03 21:13:04,693 [grpc-default-executor-7] INFO  impl.RaftServerImpl (ServerState.java:setLeader(255)) - 0f5d3176-329d-47ce-ae71-974e95fcee4d@group-6E5422165F77: change Leader from null to 1540fd05-efa4-44f9-ba59-fcb16fc11a7a at term 1 for appendEntries, leader elected after 5153ms
2019-10-03 21:13:04,726 [77817775-8fed-48c7-84b4-cf2f4cfa5b34@group-AB65FA2BE14E-SegmentedRaftLogWorker] INFO  segmented.SegmentedRaftLogWorker (SegmentedRaftLogWorker.java:execute(574)) - 77817775-8fed-48c7-84b4-cf2f4cfa5b34@group-AB65FA2BE14E-SegmentedRaftLogWorker: created new log segment /workdir/hadoop-ozone/integration-test/target/test-dir/MiniOzoneClusterImpl-ed63f357-304f-428a-b49a-7d64402b049a/datanode-6/data/ratis/c2473215-e47f-4cd9-a929-ab65fa2be14e/current/log_inprogress_0
2019-10-03 21:13:04,731 [grpc-default-executor-7] INFO  impl.RaftServerImpl (ServerState.java:setRaftConf(356)) - 38073b40-198b-4c22-9695-3d0f0943ba71@group-6E5422165F77: set configuration 0: [38073b40-198b-4c22-9695-3d0f0943ba71:192.168.30.42:35683, 0f5d3176-329d-47ce-ae71-974e95fcee4d:192.168.30.42:34687, 1540fd05-efa4-44f9-ba59-fcb16fc11a7a:192.168.30.42:43562], old=null at 0
2019-10-03 21:13:04,731 [grpc-default-executor-7] INFO  segmented.SegmentedRaftLogWorker (SegmentedRaftLogWorker.java:startLogSegment(385)) - 38073b40-198b-4c22-9695-3d0f0943ba71@group-6E5422165F77-SegmentedRaftLogWorker: Starting segment from index:0
2019-10-03 21:13:04,732 [grpc-default-executor-7] INFO  impl.RaftServerImpl (ServerState.java:setRaftConf(356)) - 0f5d3176-329d-47ce-ae71-974e95fcee4d@group-6E5422165F77: set configuration 0: [38073b40-198b-4c22-9695-3d0f0943ba71:192.168.30.42:35683, 0f5d3176-329d-47ce-ae71-974e95fcee4d:192.168.30.42:34687, 1540fd05-efa4-44f9-ba59-fcb16fc11a7a:192.168.30.42:43562], old=null at 0
2019-10-03 21:13:04,732 [grpc-default-executor-7] INFO  segmented.SegmentedRaftLogWorker (SegmentedRaftLogWorker.java:startLogSegment(385)) - 0f5d3176-329d-47ce-ae71-974e95fcee4d@group-6E5422165F77-SegmentedRaftLogWorker: Starting segment from index:0
2019-10-03 21:13:04,771 [1540fd05-efa4-44f9-ba59-fcb16fc11a7a@group-6E5422165F77-SegmentedRaftLogWorker] INFO  segmented.SegmentedRaftLogWorker (SegmentedRaftLogWorker.java:execute(574)) - 1540fd05-efa4-44f9-ba59-fcb16fc11a7a@group-6E5422165F77-SegmentedRaftLogWorker: created new log segment /workdir/hadoop-ozone/integration-test/target/test-dir/MiniOzoneClusterImpl-ed63f357-304f-428a-b49a-7d64402b049a/datanode-5/data/ratis/38ae9315-9c37-4ee3-8ead-6e5422165f77/current/log_inprogress_0
2019-10-03 21:13:04,799 [0f5d3176-329d-47ce-ae71-974e95fcee4d@group-6E5422165F77-SegmentedRaftLogWorker] INFO  segmented.SegmentedRaftLogWorker (SegmentedRaftLogWorker.java:execute(574)) - 0f5d3176-329d-47ce-ae71-974e95fcee4d@group-6E5422165F77-SegmentedRaftLogWorker: created new log segment /workdir/hadoop-ozone/integration-test/target/test-dir/MiniOzoneClusterImpl-ed63f357-304f-428a-b49a-7d64402b049a/datanode-3/data/ratis/38ae9315-9c37-4ee3-8ead-6e5422165f77/current/log_inprogress_0
2019-10-03 21:13:04,799 [38073b40-198b-4c22-9695-3d0f0943ba71@group-6E5422165F77-SegmentedRaftLogWorker] INFO  segmented.SegmentedRaftLogWorker (SegmentedRaftLogWorker.java:execute(574)) - 38073b40-198b-4c22-9695-3d0f0943ba71@group-6E5422165F77-SegmentedRaftLogWorker: created new log segment /workdir/hadoop-ozone/integration-test/target/test-dir/MiniOzoneClusterImpl-ed63f357-304f-428a-b49a-7d64402b049a/datanode-4/data/ratis/38ae9315-9c37-4ee3-8ead-6e5422165f77/current/log_inprogress_0
2019-10-03 21:13:05,564 [Thread-2568] INFO  client.GrpcClientProtocolService (GrpcClientProtocolService.java:lambda$processClientRequest$0(278)) - Failed RaftClientRequest:client-AAE816283FA1->9c318cf7-b60a-4fbf-bf89-edd5e8cfab55@group-CE40E4357BCC, cid=68, seq=0, Watch-MAJORITY_COMMITTED(18), Message:<EMPTY>, reply=RaftClientReply:client-AAE816283FA1->9c318cf7-b60a-4fbf-bf89-edd5e8cfab55@group-CE40E4357BCC, cid=68, FAILED org.apache.ratis.protocol.NotReplicatedException: Request with call Id 68 and log index 18 is not yet replicated to MAJORITY_COMMITTED, logIndex=18, commits[9c318cf7-b60a-4fbf-bf89-edd5e8cfab55:c2, 7c505e6a-9687-4d94-9068-e6b7950a282c:c2, f658ebac-deb2-49b4-9f10-33c653d96c5d:c2]
2019-10-03 21:13:05,956 [Datanode State Machine Thread - 0] INFO  statemachine.DatanodeStateMachine (DatanodeStateMachine.java:lambda$startDaemon$0(350)) - Ozone container server started.
2019-10-03 21:13:06,791 [grpc-default-executor-7] WARN  server.GrpcLogAppender (LogUtils.java:warn(134)) - 9c318cf7-b60a-4fbf-bf89-edd5e8cfab55@group-CE40E4357BCC->f658ebac-deb2-49b4-9f10-33c653d96c5d-AppendLogResponseHandler: Failed appendEntries: org.apache.ratis.thirdparty.io.grpc.StatusRuntimeException: UNAVAILABLE: io exception
2019-10-03 21:13:06,791 [grpc-default-executor-2] WARN  server.GrpcLogAppender (LogUtils.java:warn(134)) - 9c318cf7-b60a-4fbf-bf89-edd5e8cfab55@group-CE40E4357BCC->7c505e6a-9687-4d94-9068-e6b7950a282c-AppendLogResponseHandler: Failed appendEntries: org.apache.ratis.thirdparty.io.grpc.StatusRuntimeException: UNAVAILABLE: io exception
2019-10-03 21:13:06,791 [grpc-default-executor-7] INFO  impl.FollowerInfo (FollowerInfo.java:lambda$new$0(51)) - 9c318cf7-b60a-4fbf-bf89-edd5e8cfab55@group-CE40E4357BCC->f658ebac-deb2-49b4-9f10-33c653d96c5d: nextIndex: updateUnconditionally 0 -> 0
2019-10-03 21:13:06,791 [grpc-default-executor-2] INFO  impl.FollowerInfo (FollowerInfo.java:lambda$new$0(51)) - 9c318cf7-b60a-4fbf-bf89-edd5e8cfab55@group-CE40E4357BCC->7c505e6a-9687-4d94-9068-e6b7950a282c: nextIndex: updateUnconditionally 0 -> 0
2019-10-03 21:13:09,291 [grpc-default-executor-2] WARN  server.GrpcLogAppender (LogUtils.java:warn(134)) - 9c318cf7-b60a-4fbf-bf89-edd5e8cfab55@group-CE40E4357BCC->f658ebac-deb2-49b4-9f10-33c653d96c5d-AppendLogResponseHandler: Failed appendEntries: org.apache.ratis.thirdparty.io.grpc.StatusRuntimeException: UNAVAILABLE: io exception
2019-10-03 21:13:09,291 [grpc-default-executor-6] WARN  server.GrpcLogAppender (LogUtils.java:warn(134)) - 9c318cf7-b60a-4fbf-bf89-edd5e8cfab55@group-CE40E4357BCC->7c505e6a-9687-4d94-9068-e6b7950a282c-AppendLogResponseHandler: Failed appendEntries: org.apache.ratis.thirdparty.io.grpc.StatusRuntimeException: UNAVAILABLE: io exception
2019-10-03 21:13:09,292 [grpc-default-executor-2] INFO  impl.FollowerInfo (FollowerInfo.java:lambda$new$0(51)) - 9c318cf7-b60a-4fbf-bf89-edd5e8cfab55@group-CE40E4357BCC->f658ebac-deb2-49b4-9f10-33c653d96c5d: nextIndex: updateUnconditionally 0 -> 0
2019-10-03 21:13:09,292 [grpc-default-executor-6] INFO  impl.FollowerInfo (FollowerInfo.java:lambda$new$0(51)) - 9c318cf7-b60a-4fbf-bf89-edd5e8cfab55@group-CE40E4357BCC->7c505e6a-9687-4d94-9068-e6b7950a282c: nextIndex: updateUnconditionally 0 -> 0
2019-10-03 21:13:09,986 [main] INFO  ozoneimpl.OzoneContainer (OzoneContainer.java:stop(231)) - Attempting to stop container services.
2019-10-03 21:13:09,986 [main] INFO  impl.RaftServerProxy (RaftServerProxy.java:lambda$close$4(314)) - b8d16363-d3e2-4275-8bae-3ae5e62f25db: close
2019-10-03 21:13:09,987 [main] INFO  impl.RaftServerImpl (RaftServerImpl.java:lambda$shutdown$3(247)) - b8d16363-d3e2-4275-8bae-3ae5e62f25db@group-C613CA90D678: shutdown
2019-10-03 21:13:09,987 [main] INFO  util.JmxRegister (JmxRegister.java:unregister(73)) - Successfully un-registered JMX Bean with object name Ratis:service=RaftServer,group=group-C613CA90D678,id=b8d16363-d3e2-4275-8bae-3ae5e62f25db
2019-10-03 21:13:09,987 [main] INFO  impl.RoleInfo (RoleInfo.java:shutdownLeaderState(104)) - b8d16363-d3e2-4275-8bae-3ae5e62f25db: shutdown LeaderState
2019-10-03 21:13:09,987 [main] INFO  impl.PendingRequests (PendingRequests.java:sendNotLeaderResponses(202)) - b8d16363-d3e2-4275-8bae-3ae5e62f25db@group-C613CA90D678-PendingRequests: sendNotLeaderResponses
2019-10-03 21:13:09,988 [main] INFO  impl.StateMachineUpdater (StateMachineUpdater.java:stopAndJoin(136)) - b8d16363-d3e2-4275-8bae-3ae5e62f25db@group-C613CA90D678-StateMachineUpdater: set stopIndex = 0
2019-10-03 21:13:09,988 [main] INFO  impl.RaftServerImpl (ServerState.java:close(387)) - b8d16363-d3e2-4275-8bae-3ae5e62f25db@group-C613CA90D678: closes. applyIndex: 0
2019-10-03 21:13:09,989 [b8d16363-d3e2-4275-8bae-3ae5e62f25db@group-C613CA90D678-SegmentedRaftLogWorker] INFO  segmented.SegmentedRaftLogWorker (SegmentedRaftLogWorker.java:run(316)) - b8d16363-d3e2-4275-8bae-3ae5e62f25db@group-C613CA90D678-SegmentedRaftLogWorker was interrupted, exiting. There are 0 tasks remaining in the queue.
2019-10-03 21:13:09,993 [main] INFO  segmented.SegmentedRaftLogWorker (SegmentedRaftLogWorker.java:close(224)) - b8d16363-d3e2-4275-8bae-3ae5e62f25db@group-C613CA90D678-SegmentedRaftLogWorker close()
2019-10-03 21:13:10,001 [main] INFO  impl.RaftServerImpl (RaftServerImpl.java:lambda$shutdown$3(247)) - b8d16363-d3e2-4275-8bae-3ae5e62f25db@group-613C9AF13EBF: shutdown
2019-10-03 21:13:10,001 [main] INFO  util.JmxRegister (JmxRegister.java:unregister(73)) - Successfully un-registered JMX Bean with object name Ratis:service=RaftServer,group=group-613C9AF13EBF,id=b8d16363-d3e2-4275-8bae-3ae5e62f25db
2019-10-03 21:13:10,001 [main] INFO  impl.RoleInfo (RoleInfo.java:shutdownLeaderState(104)) - b8d16363-d3e2-4275-8bae-3ae5e62f25db: shutdown LeaderState
2019-10-03 21:13:10,020 [main] INFO  impl.PendingRequests (PendingRequests.java:sendNotLeaderResponses(202)) - b8d16363-d3e2-4275-8bae-3ae5e62f25db@group-613C9AF13EBF-PendingRequests: sendNotLeaderResponses
2019-10-03 21:13:10,024 [org.apache.ratis.server.impl.LogAppender$AppenderDaemon$$Lambda$701/77648566@1a1b8cf0] WARN  server.GrpcLogAppender (GrpcLogAppender.java:mayWait(143)) - b8d16363-d3e2-4275-8bae-3ae5e62f25db@group-613C9AF13EBF->b895b4bc-e49d-40c9-b477-965546349b55-GrpcLogAppender: Wait interrupted by java.lang.InterruptedException
2019-10-03 21:13:10,020 [org.apache.ratis.server.impl.LogAppender$AppenderDaemon$$Lambda$701/77648566@443424ee] WARN  server.GrpcLogAppender (GrpcLogAppender.java:mayWait(143)) - b8d16363-d3e2-4275-8bae-3ae5e62f25db@group-613C9AF13EBF->9ee94575-1721-463e-98a9-5d43f914c816-GrpcLogAppender: Wait interrupted by java.lang.InterruptedException
2019-10-03 21:13:10,042 [main] INFO  impl.StateMachineUpdater (StateMachineUpdater.java:stopAndJoin(136)) - b8d16363-d3e2-4275-8bae-3ae5e62f25db@group-613C9AF13EBF-StateMachineUpdater: set stopIndex = 2
2019-10-03 21:13:10,042 [b8d16363-d3e2-4275-8bae-3ae5e62f25db@group-613C9AF13EBF-StateMachineUpdater] INFO  ratis.ContainerStateMachine (ContainerStateMachine.java:takeSnapshot(293)) - group-613C9AF13EBF: Taking a snapshot at:(t:1, i:2) file /workdir/hadoop-ozone/integration-test/target/test-dir/MiniOzoneClusterImpl-ed63f357-304f-428a-b49a-7d64402b049a/datanode-1/data/ratis/8da48e35-81d2-457c-a9ab-613c9af13ebf/sm/snapshot.1_2
2019-10-03 21:13:10,042 [grpc-default-executor-6] INFO  server.GrpcServerProtocolService (GrpcServerProtocolService.java:onCompleted(113)) - b895b4bc-e49d-40c9-b477-965546349b55: Completed APPEND_ENTRIES, lastRequest: b8d16363-d3e2-4275-8bae-3ae5e62f25db->b895b4bc-e49d-40c9-b477-965546349b55#5-t1, previous=(t:1, i:2), leaderCommit=2, initializing? false, entries: <empty>
2019-10-03 21:13:10,042 [grpc-default-executor-2] INFO  server.GrpcServerProtocolService (GrpcServerProtocolService.java:onCompleted(113)) - 9ee94575-1721-463e-98a9-5d43f914c816: Completed APPEND_ENTRIES, lastRequest: b8d16363-d3e2-4275-8bae-3ae5e62f25db->9ee94575-1721-463e-98a9-5d43f914c816#5-t1, previous=(t:1, i:2), leaderCommit=2, initializing? false, entries: <empty>
2019-10-03 21:13:10,043 [grpc-default-executor-2] INFO  server.GrpcLogAppender (GrpcLogAppender.java:onCompleted(293)) - b8d16363-d3e2-4275-8bae-3ae5e62f25db@group-613C9AF13EBF->b895b4bc-e49d-40c9-b477-965546349b55-AppendLogResponseHandler: follower responses appendEntries COMPLETED
2019-10-03 21:13:10,043 [grpc-default-executor-6] INFO  server.GrpcLogAppender (GrpcLogAppender.java:onCompleted(293)) - b8d16363-d3e2-4275-8bae-3ae5e62f25db@group-613C9AF13EBF->9ee94575-1721-463e-98a9-5d43f914c816-AppendLogResponseHandler: follower responses appendEntries COMPLETED
2019-10-03 21:13:10,043 [grpc-default-executor-2] INFO  impl.FollowerInfo (FollowerInfo.java:lambda$new$0(51)) - b8d16363-d3e2-4275-8bae-3ae5e62f25db@group-613C9AF13EBF->b895b4bc-e49d-40c9-b477-965546349b55: nextIndex: updateUnconditionally 3 -> 2
2019-10-03 21:13:10,044 [grpc-default-executor-6] INFO  impl.FollowerInfo (FollowerInfo.java:lambda$new$0(51)) - b8d16363-d3e2-4275-8bae-3ae5e62f25db@group-613C9AF13EBF->9ee94575-1721-463e-98a9-5d43f914c816: nextIndex: updateUnconditionally 3 -> 2
2019-10-03 21:13:10,064 [b8d16363-d3e2-4275-8bae-3ae5e62f25db@group-613C9AF13EBF-StateMachineUpdater] INFO  ratis.ContainerStateMachine (ContainerStateMachine.java:takeSnapshot(304)) - group-613C9AF13EBF: Finished taking a snapshot at:(t:1, i:2) file:/workdir/hadoop-ozone/integration-test/target/test-dir/MiniOzoneClusterImpl-ed63f357-304f-428a-b49a-7d64402b049a/datanode-1/data/ratis/8da48e35-81d2-457c-a9ab-613c9af13ebf/sm/snapshot.1_2 time:22
2019-10-03 21:13:10,065 [b8d16363-d3e2-4275-8bae-3ae5e62f25db@group-613C9AF13EBF-StateMachineUpdater] INFO  impl.StateMachineUpdater (StateMachineUpdater.java:takeSnapshot(269)) - b8d16363-d3e2-4275-8bae-3ae5e62f25db@group-613C9AF13EBF-StateMachineUpdater: Took a snapshot at index 2
2019-10-03 21:13:10,065 [b8d16363-d3e2-4275-8bae-3ae5e62f25db@group-613C9AF13EBF-StateMachineUpdater] INFO  impl.StateMachineUpdater (StateMachineUpdater.java:lambda$new$0(84)) - b8d16363-d3e2-4275-8bae-3ae5e62f25db@group-613C9AF13EBF-StateMachineUpdater: snapshotIndex: updateIncreasingly -1 -> 2
2019-10-03 21:13:10,065 [main] INFO  impl.RaftServerImpl (ServerState.java:close(387)) - b8d16363-d3e2-4275-8bae-3ae5e62f25db@group-613C9AF13EBF: closes. applyIndex: 2
2019-10-03 21:13:10,070 [b8d16363-d3e2-4275-8bae-3ae5e62f25db@group-613C9AF13EBF-SegmentedRaftLogWorker] INFO  segmented.SegmentedRaftLogWorker (SegmentedRaftLogWorker.java:run(316)) - b8d16363-d3e2-4275-8bae-3ae5e62f25db@group-613C9AF13EBF-SegmentedRaftLogWorker was interrupted, exiting. There are 0 tasks remaining in the queue.
2019-10-03 21:13:10,074 [main] INFO  segmented.SegmentedRaftLogWorker (SegmentedRaftLogWorker.java:close(224)) - b8d16363-d3e2-4275-8bae-3ae5e62f25db@group-613C9AF13EBF-SegmentedRaftLogWorker close()
2019-10-03 21:13:10,082 [main] INFO  server.GrpcService (GrpcService.java:closeImpl(164)) - b8d16363-d3e2-4275-8bae-3ae5e62f25db: shutdown server with port 37635 now
2019-10-03 21:13:10,082 [main] INFO  server.GrpcService (GrpcService.java:closeImpl(172)) - b8d16363-d3e2-4275-8bae-3ae5e62f25db: shutdown server with port 37635 successfully
2019-10-03 21:13:10,084 [refreshUsed-/workdir/hadoop-ozone/integration-test/target/test-dir/MiniOzoneClusterImpl-ed63f357-304f-428a-b49a-7d64402b049a/datanode-1/data/containers] WARN  fs.CachingGetSpaceUsed (CachingGetSpaceUsed.java:run(183)) - Thread Interrupted waiting to refresh disk information: sleep interrupted
2019-10-03 21:13:10,107 [main] INFO  utils.BackgroundService (BackgroundService.java:shutdown(148)) - Shutting down service BlockDeletingService
2019-10-03 21:13:10,121 [main] INFO  statemachine.DatanodeStateMachine (DatanodeStateMachine.java:stopDaemon(395)) - Ozone container server stopped.
2019-10-03 21:13:10,122 [main] INFO  handler.ContextHandler (ContextHandler.java:doStop(910)) - Stopped o.e.j.w.WebAppContext@6b0f266e{/,null,UNAVAILABLE}{/hddsDatanode}
2019-10-03 21:13:10,123 [main] INFO  server.AbstractConnector (AbstractConnector.java:doStop(318)) - Stopped ServerConnector@4837f97e{HTTP/1.1,[http/1.1]}{0.0.0.0:0}
2019-10-03 21:13:10,123 [main] INFO  handler.ContextHandler (ContextHandler.java:doStop(910)) - Stopped o.e.j.s.ServletContextHandler@2bd8f7db{/static,jar:file:/home/user/.m2/repository/org/apache/hadoop/hadoop-hdds-container-service/0.5.0-SNAPSHOT/hadoop-hdds-container-service-0.5.0-SNAPSHOT.jar!/webapps/static,UNAVAILABLE}
2019-10-03 21:13:10,123 [main] INFO  handler.ContextHandler (ContextHandler.java:doStop(910)) - Stopped o.e.j.s.ServletContextHandler@bbb6f0{/logs,file:///workdir/hadoop-ozone/integration-test/target/log,UNAVAILABLE}
2019-10-03 21:13:11,792 [grpc-default-executor-3] WARN  server.GrpcLogAppender (LogUtils.java:warn(134)) - 9c318cf7-b60a-4fbf-bf89-edd5e8cfab55@group-CE40E4357BCC->7c505e6a-9687-4d94-9068-e6b7950a282c-AppendLogResponseHandler: Failed appendEntries: org.apache.ratis.thirdparty.io.grpc.StatusRuntimeException: UNAVAILABLE: io exception
2019-10-03 21:13:11,792 [grpc-default-executor-7] WARN  server.GrpcLogAppender (LogUtils.java:warn(134)) - 9c318cf7-b60a-4fbf-bf89-edd5e8cfab55@group-CE40E4357BCC->f658ebac-deb2-49b4-9f10-33c653d96c5d-AppendLogResponseHandler: Failed appendEntries: org.apache.ratis.thirdparty.io.grpc.StatusRuntimeException: UNAVAILABLE: io exception
2019-10-03 21:13:11,793 [grpc-default-executor-3] INFO  impl.FollowerInfo (FollowerInfo.java:lambda$new$0(51)) - 9c318cf7-b60a-4fbf-bf89-edd5e8cfab55@group-CE40E4357BCC->7c505e6a-9687-4d94-9068-e6b7950a282c: nextIndex: updateUnconditionally 0 -> 0
2019-10-03 21:13:11,793 [grpc-default-executor-7] INFO  impl.FollowerInfo (FollowerInfo.java:lambda$new$0(51)) - 9c318cf7-b60a-4fbf-bf89-edd5e8cfab55@group-CE40E4357BCC->f658ebac-deb2-49b4-9f10-33c653d96c5d: nextIndex: updateUnconditionally 0 -> 0
2019-10-03 21:13:14,293 [grpc-default-executor-2] WARN  server.GrpcLogAppender (LogUtils.java:warn(134)) - 9c318cf7-b60a-4fbf-bf89-edd5e8cfab55@group-CE40E4357BCC->f658ebac-deb2-49b4-9f10-33c653d96c5d-AppendLogResponseHandler: Failed appendEntries: org.apache.ratis.thirdparty.io.grpc.StatusRuntimeException: UNAVAILABLE: io exception
2019-10-03 21:13:14,293 [grpc-default-executor-6] WARN  server.GrpcLogAppender (LogUtils.java:warn(134)) - 9c318cf7-b60a-4fbf-bf89-edd5e8cfab55@group-CE40E4357BCC->7c505e6a-9687-4d94-9068-e6b7950a282c-AppendLogResponseHandler: Failed appendEntries: org.apache.ratis.thirdparty.io.grpc.StatusRuntimeException: UNAVAILABLE: io exception
2019-10-03 21:13:14,294 [grpc-default-executor-2] INFO  impl.FollowerInfo (FollowerInfo.java:lambda$new$0(51)) - 9c318cf7-b60a-4fbf-bf89-edd5e8cfab55@group-CE40E4357BCC->f658ebac-deb2-49b4-9f10-33c653d96c5d: nextIndex: updateUnconditionally 0 -> 0
2019-10-03 21:13:14,294 [grpc-default-executor-6] INFO  impl.FollowerInfo (FollowerInfo.java:lambda$new$0(51)) - 9c318cf7-b60a-4fbf-bf89-edd5e8cfab55@group-CE40E4357BCC->7c505e6a-9687-4d94-9068-e6b7950a282c: nextIndex: updateUnconditionally 0 -> 0
2019-10-03 21:13:16,794 [grpc-default-executor-6] WARN  server.GrpcLogAppender (LogUtils.java:warn(134)) - 9c318cf7-b60a-4fbf-bf89-edd5e8cfab55@group-CE40E4357BCC->7c505e6a-9687-4d94-9068-e6b7950a282c-AppendLogResponseHandler: Failed appendEntries: org.apache.ratis.thirdparty.io.grpc.StatusRuntimeException: UNAVAILABLE: io exception
2019-10-03 21:13:16,794 [grpc-default-executor-3] WARN  server.GrpcLogAppender (LogUtils.java:warn(134)) - 9c318cf7-b60a-4fbf-bf89-edd5e8cfab55@group-CE40E4357BCC->f658ebac-deb2-49b4-9f10-33c653d96c5d-AppendLogResponseHandler: Failed appendEntries: org.apache.ratis.thirdparty.io.grpc.StatusRuntimeException: UNAVAILABLE: io exception
2019-10-03 21:13:16,794 [grpc-default-executor-6] INFO  impl.FollowerInfo (FollowerInfo.java:lambda$new$0(51)) - 9c318cf7-b60a-4fbf-bf89-edd5e8cfab55@group-CE40E4357BCC->7c505e6a-9687-4d94-9068-e6b7950a282c: nextIndex: updateUnconditionally 0 -> 0
2019-10-03 21:13:16,794 [grpc-default-executor-3] INFO  impl.FollowerInfo (FollowerInfo.java:lambda$new$0(51)) - 9c318cf7-b60a-4fbf-bf89-edd5e8cfab55@group-CE40E4357BCC->f658ebac-deb2-49b4-9f10-33c653d96c5d: nextIndex: updateUnconditionally 0 -> 0
2019-10-03 21:13:19,298 [grpc-default-executor-6] WARN  server.GrpcLogAppender (LogUtils.java:warn(134)) - 9c318cf7-b60a-4fbf-bf89-edd5e8cfab55@group-CE40E4357BCC->f658ebac-deb2-49b4-9f10-33c653d96c5d-AppendLogResponseHandler: Failed appendEntries: org.apache.ratis.thirdparty.io.grpc.StatusRuntimeException: UNAVAILABLE: io exception
2019-10-03 21:13:19,298 [grpc-default-executor-0] WARN  server.GrpcLogAppender (LogUtils.java:warn(134)) - 9c318cf7-b60a-4fbf-bf89-edd5e8cfab55@group-CE40E4357BCC->7c505e6a-9687-4d94-9068-e6b7950a282c-AppendLogResponseHandler: Failed appendEntries: org.apache.ratis.thirdparty.io.grpc.StatusRuntimeException: UNAVAILABLE: io exception
2019-10-03 21:13:19,309 [grpc-default-executor-6] INFO  impl.FollowerInfo (FollowerInfo.java:lambda$new$0(51)) - 9c318cf7-b60a-4fbf-bf89-edd5e8cfab55@group-CE40E4357BCC->f658ebac-deb2-49b4-9f10-33c653d96c5d: nextIndex: updateUnconditionally 0 -> 0
2019-10-03 21:13:19,310 [grpc-default-executor-0] INFO  impl.FollowerInfo (FollowerInfo.java:lambda$new$0(51)) - 9c318cf7-b60a-4fbf-bf89-edd5e8cfab55@group-CE40E4357BCC->7c505e6a-9687-4d94-9068-e6b7950a282c: nextIndex: updateUnconditionally 0 -> 0
2019-10-03 21:13:19,416 [Thread-2524] INFO  impl.FollowerState (FollowerState.java:run(108)) - 9ee94575-1721-463e-98a9-5d43f914c816@group-613C9AF13EBF-FollowerState: change to CANDIDATE, lastRpcTime:9551ms, electionTimeout:5010ms
2019-10-03 21:13:19,417 [Thread-2524] INFO  impl.RoleInfo (RoleInfo.java:shutdownFollowerState(121)) - 9ee94575-1721-463e-98a9-5d43f914c816: shutdown FollowerState
2019-10-03 21:13:19,417 [Thread-2524] INFO  impl.RaftServerImpl (RaftServerImpl.java:setRole(170)) - 9ee94575-1721-463e-98a9-5d43f914c816@group-613C9AF13EBF: changes role from  FOLLOWER to CANDIDATE at term 1 for changeToCandidate
2019-10-03 21:13:19,417 [Thread-2524] INFO  impl.RoleInfo (RoleInfo.java:updateAndGet(143)) - 9ee94575-1721-463e-98a9-5d43f914c816: start LeaderElection
2019-10-03 21:13:19,417 [9ee94575-1721-463e-98a9-5d43f914c816@group-613C9AF13EBF-LeaderElection101] INFO  impl.RaftServerImpl (ServerState.java:setLeader(255)) - 9ee94575-1721-463e-98a9-5d43f914c816@group-613C9AF13EBF: change Leader from b8d16363-d3e2-4275-8bae-3ae5e62f25db to null at term 1 for initElection
2019-10-03 21:13:19,441 [9ee94575-1721-463e-98a9-5d43f914c816@group-613C9AF13EBF-LeaderElection101] INFO  impl.LeaderElection (LeaderElection.java:askForVotes(178)) - 9ee94575-1721-463e-98a9-5d43f914c816@group-613C9AF13EBF-LeaderElection101: begin an election at term 2 for 0: [b8d16363-d3e2-4275-8bae-3ae5e62f25db:192.168.30.42:37635, b895b4bc-e49d-40c9-b477-965546349b55:192.168.30.42:42868, 9ee94575-1721-463e-98a9-5d43f914c816:192.168.30.42:33263], old=null
2019-10-03 21:13:19,443 [9ee94575-1721-463e-98a9-5d43f914c816@group-613C9AF13EBF-LeaderElection101] INFO  impl.LeaderElection (LogUtils.java:infoOrTrace(149)) - 9ee94575-1721-463e-98a9-5d43f914c816@group-613C9AF13EBF-LeaderElection101 got exception when requesting votes: {}
java.util.concurrent.ExecutionException: org.apache.ratis.thirdparty.io.grpc.StatusRuntimeException: UNAVAILABLE: io exception
	at java.util.concurrent.FutureTask.report(FutureTask.java:122)
	at java.util.concurrent.FutureTask.get(FutureTask.java:192)
	at org.apache.ratis.server.impl.LeaderElection.waitForResults(LeaderElection.java:259)
	at org.apache.ratis.server.impl.LeaderElection.askForVotes(LeaderElection.java:197)
	at org.apache.ratis.server.impl.LeaderElection.run(LeaderElection.java:133)
	at java.lang.Thread.run(Thread.java:748)
Caused by: org.apache.ratis.thirdparty.io.grpc.StatusRuntimeException: UNAVAILABLE: io exception
	at org.apache.ratis.thirdparty.io.grpc.stub.ClientCalls.toStatusRuntimeException(ClientCalls.java:233)
	at org.apache.ratis.thirdparty.io.grpc.stub.ClientCalls.getUnchecked(ClientCalls.java:214)
	at org.apache.ratis.thirdparty.io.grpc.stub.ClientCalls.blockingUnaryCall(ClientCalls.java:139)
	at org.apache.ratis.proto.grpc.RaftServerProtocolServiceGrpc$RaftServerProtocolServiceBlockingStub.requestVote(RaftServerProtocolServiceGrpc.java:265)
	at org.apache.ratis.grpc.server.GrpcServerProtocolClient.requestVote(GrpcServerProtocolClient.java:99)
	at org.apache.ratis.grpc.server.GrpcService.requestVote(GrpcService.java:204)
	at org.apache.ratis.server.impl.LeaderElection.lambda$submitRequests$1(LeaderElection.java:234)
	at java.util.concurrent.FutureTask.run(FutureTask.java:266)
	at java.util.concurrent.Executors$RunnableAdapter.call(Executors.java:511)
	at java.util.concurrent.FutureTask.run(FutureTask.java:266)
	at java.util.concurrent.ThreadPoolExecutor.runWorker(ThreadPoolExecutor.java:1149)
	at java.util.concurrent.ThreadPoolExecutor$Worker.run(ThreadPoolExecutor.java:624)
	... 1 more
Caused by: org.apache.ratis.thirdparty.io.netty.channel.AbstractChannel$AnnotatedConnectException: Connection refused: /192.168.30.42:37635
	at sun.nio.ch.SocketChannelImpl.checkConnect(Native Method)
	at sun.nio.ch.SocketChannelImpl.finishConnect(SocketChannelImpl.java:717)
	at org.apache.ratis.thirdparty.io.netty.channel.socket.nio.NioSocketChannel.doFinishConnect(NioSocketChannel.java:327)
	at org.apache.ratis.thirdparty.io.netty.channel.nio.AbstractNioChannel$AbstractNioUnsafe.finishConnect(AbstractNioChannel.java:340)
	at org.apache.ratis.thirdparty.io.netty.channel.nio.NioEventLoop.processSelectedKey(NioEventLoop.java:632)
	at org.apache.ratis.thirdparty.io.netty.channel.nio.NioEventLoop.processSelectedKeysOptimized(NioEventLoop.java:579)
	at org.apache.ratis.thirdparty.io.netty.channel.nio.NioEventLoop.processSelectedKeys(NioEventLoop.java:496)
	at org.apache.ratis.thirdparty.io.netty.channel.nio.NioEventLoop.run(NioEventLoop.java:458)
	at org.apache.ratis.thirdparty.io.netty.util.concurrent.SingleThreadEventExecutor$5.run(SingleThreadEventExecutor.java:897)
	at org.apache.ratis.thirdparty.io.netty.util.concurrent.FastThreadLocalRunnable.run(FastThreadLocalRunnable.java:30)
	... 1 more
Caused by: java.net.ConnectException: Connection refused
	... 11 more
2019-10-03 21:13:19,445 [grpc-default-executor-0] INFO  impl.RaftServerImpl (ServerState.java:setLeader(255)) - b895b4bc-e49d-40c9-b477-965546349b55@group-613C9AF13EBF: change Leader from b8d16363-d3e2-4275-8bae-3ae5e62f25db to null at term 2 for updateCurrentTerm
2019-10-03 21:13:19,446 [grpc-default-executor-0] INFO  impl.RaftServerImpl (RaftServerImpl.java:setRole(170)) - b895b4bc-e49d-40c9-b477-965546349b55@group-613C9AF13EBF: changes role from  FOLLOWER to FOLLOWER at term 2 for recognizeCandidate:9ee94575-1721-463e-98a9-5d43f914c816
2019-10-03 21:13:19,446 [grpc-default-executor-0] INFO  impl.RoleInfo (RoleInfo.java:shutdownFollowerState(121)) - b895b4bc-e49d-40c9-b477-965546349b55: shutdown FollowerState
2019-10-03 21:13:19,446 [grpc-default-executor-0] INFO  impl.RoleInfo (RoleInfo.java:updateAndGet(143)) - b895b4bc-e49d-40c9-b477-965546349b55: start FollowerState
2019-10-03 21:13:19,446 [Thread-2523] INFO  impl.FollowerState (FollowerState.java:run(117)) - b895b4bc-e49d-40c9-b477-965546349b55@group-613C9AF13EBF-FollowerState was interrupted: java.lang.InterruptedException: sleep interrupted
2019-10-03 21:13:19,470 [9ee94575-1721-463e-98a9-5d43f914c816@group-613C9AF13EBF-LeaderElection101] INFO  impl.LeaderElection (LeaderElection.java:logAndReturn(56)) - 9ee94575-1721-463e-98a9-5d43f914c816@group-613C9AF13EBF-LeaderElection101: Election PASSED; received 1 response(s) [9ee94575-1721-463e-98a9-5d43f914c816<-b895b4bc-e49d-40c9-b477-965546349b55#0:OK-t2] and 1 exception(s); 9ee94575-1721-463e-98a9-5d43f914c816@group-613C9AF13EBF:t2, leader=null, voted=9ee94575-1721-463e-98a9-5d43f914c816, raftlog=9ee94575-1721-463e-98a9-5d43f914c816@group-613C9AF13EBF-SegmentedRaftLog:OPENED:c2,f2,i2, conf=0: [b8d16363-d3e2-4275-8bae-3ae5e62f25db:192.168.30.42:37635, b895b4bc-e49d-40c9-b477-965546349b55:192.168.30.42:42868, 9ee94575-1721-463e-98a9-5d43f914c816:192.168.30.42:33263], old=null
2019-10-03 21:13:19,471 [9ee94575-1721-463e-98a9-5d43f914c816@group-613C9AF13EBF-LeaderElection101] INFO  impl.LeaderElection (LogUtils.java:infoOrTrace(149)) -   Exception 0: {}
java.util.concurrent.ExecutionException: org.apache.ratis.thirdparty.io.grpc.StatusRuntimeException: UNAVAILABLE: io exception
	at java.util.concurrent.FutureTask.report(FutureTask.java:122)
	at java.util.concurrent.FutureTask.get(FutureTask.java:192)
	at org.apache.ratis.server.impl.LeaderElection.waitForResults(LeaderElection.java:259)
	at org.apache.ratis.server.impl.LeaderElection.askForVotes(LeaderElection.java:197)
	at org.apache.ratis.server.impl.LeaderElection.run(LeaderElection.java:133)
	at java.lang.Thread.run(Thread.java:748)
Caused by: org.apache.ratis.thirdparty.io.grpc.StatusRuntimeException: UNAVAILABLE: io exception
	at org.apache.ratis.thirdparty.io.grpc.stub.ClientCalls.toStatusRuntimeException(ClientCalls.java:233)
	at org.apache.ratis.thirdparty.io.grpc.stub.ClientCalls.getUnchecked(ClientCalls.java:214)
	at org.apache.ratis.thirdparty.io.grpc.stub.ClientCalls.blockingUnaryCall(ClientCalls.java:139)
	at org.apache.ratis.proto.grpc.RaftServerProtocolServiceGrpc$RaftServerProtocolServiceBlockingStub.requestVote(RaftServerProtocolServiceGrpc.java:265)
	at org.apache.ratis.grpc.server.GrpcServerProtocolClient.requestVote(GrpcServerProtocolClient.java:99)
	at org.apache.ratis.grpc.server.GrpcService.requestVote(GrpcService.java:204)
	at org.apache.ratis.server.impl.LeaderElection.lambda$submitRequests$1(LeaderElection.java:234)
	at java.util.concurrent.FutureTask.run(FutureTask.java:266)
	at java.util.concurrent.Executors$RunnableAdapter.call(Executors.java:511)
	at java.util.concurrent.FutureTask.run(FutureTask.java:266)
	at java.util.concurrent.ThreadPoolExecutor.runWorker(ThreadPoolExecutor.java:1149)
	at java.util.concurrent.ThreadPoolExecutor$Worker.run(ThreadPoolExecutor.java:624)
	... 1 more
Caused by: org.apache.ratis.thirdparty.io.netty.channel.AbstractChannel$AnnotatedConnectException: Connection refused: /192.168.30.42:37635
	at sun.nio.ch.SocketChannelImpl.checkConnect(Native Method)
	at sun.nio.ch.SocketChannelImpl.finishConnect(SocketChannelImpl.java:717)
	at org.apache.ratis.thirdparty.io.netty.channel.socket.nio.NioSocketChannel.doFinishConnect(NioSocketChannel.java:327)
	at org.apache.ratis.thirdparty.io.netty.channel.nio.AbstractNioChannel$AbstractNioUnsafe.finishConnect(AbstractNioChannel.java:340)
	at org.apache.ratis.thirdparty.io.netty.channel.nio.NioEventLoop.processSelectedKey(NioEventLoop.java:632)
	at org.apache.ratis.thirdparty.io.netty.channel.nio.NioEventLoop.processSelectedKeysOptimized(NioEventLoop.java:579)
	at org.apache.ratis.thirdparty.io.netty.channel.nio.NioEventLoop.processSelectedKeys(NioEventLoop.java:496)
	at org.apache.ratis.thirdparty.io.netty.channel.nio.NioEventLoop.run(NioEventLoop.java:458)
	at org.apache.ratis.thirdparty.io.netty.util.concurrent.SingleThreadEventExecutor$5.run(SingleThreadEventExecutor.java:897)
	at org.apache.ratis.thirdparty.io.netty.util.concurrent.FastThreadLocalRunnable.run(FastThreadLocalRunnable.java:30)
	... 1 more
Caused by: java.net.ConnectException: Connection refused
	... 11 more
2019-10-03 21:13:19,471 [9ee94575-1721-463e-98a9-5d43f914c816@group-613C9AF13EBF-LeaderElection101] INFO  impl.RoleInfo (RoleInfo.java:shutdownLeaderElection(134)) - 9ee94575-1721-463e-98a9-5d43f914c816: shutdown LeaderElection
2019-10-03 21:13:19,471 [9ee94575-1721-463e-98a9-5d43f914c816@group-613C9AF13EBF-LeaderElection101] INFO  impl.RaftServerImpl (RaftServerImpl.java:setRole(170)) - 9ee94575-1721-463e-98a9-5d43f914c816@group-613C9AF13EBF: changes role from CANDIDATE to LEADER at term 2 for changeToLeader
2019-10-03 21:13:19,471 [9ee94575-1721-463e-98a9-5d43f914c816@group-613C9AF13EBF-LeaderElection101] INFO  impl.RaftServerImpl (ServerState.java:setLeader(255)) - 9ee94575-1721-463e-98a9-5d43f914c816@group-613C9AF13EBF: change Leader from null to 9ee94575-1721-463e-98a9-5d43f914c816 at term 2 for becomeLeader, leader elected after 53ms
2019-10-03 21:13:19,471 [9ee94575-1721-463e-98a9-5d43f914c816@group-613C9AF13EBF-LeaderElection101] INFO  server.RaftServerConfigKeys (ConfUtils.java:logGet(43)) - raft.server.staging.catchup.gap = 1000 (default)
2019-10-03 21:13:19,472 [9ee94575-1721-463e-98a9-5d43f914c816@group-613C9AF13EBF-LeaderElection101] INFO  server.RaftServerConfigKeys (ConfUtils.java:logGet(43)) - raft.server.rpc.sleep.time = 25ms (default)
2019-10-03 21:13:19,472 [9ee94575-1721-463e-98a9-5d43f914c816@group-613C9AF13EBF-LeaderElection101] INFO  server.RaftServerConfigKeys (ConfUtils.java:logGet(43)) - raft.server.write.element-limit = 4096 (default)
2019-10-03 21:13:19,472 [9ee94575-1721-463e-98a9-5d43f914c816@group-613C9AF13EBF-LeaderElection101] INFO  server.RaftServerConfigKeys (ConfUtils.java:logGet(43)) - raft.server.watch.timeout = 10s (default)
2019-10-03 21:13:19,472 [9ee94575-1721-463e-98a9-5d43f914c816@group-613C9AF13EBF-LeaderElection101] INFO  server.RaftServerConfigKeys (ConfUtils.java:logGet(43)) - raft.server.watch.timeout.denomination = 1s (default)
2019-10-03 21:13:19,472 [9ee94575-1721-463e-98a9-5d43f914c816@group-613C9AF13EBF-LeaderElection101] INFO  server.RaftServerConfigKeys (ConfUtils.java:logGet(43)) - raft.server.watch.element-limit = 65536 (default)
2019-10-03 21:13:19,474 [9ee94575-1721-463e-98a9-5d43f914c816@group-613C9AF13EBF-LeaderElection101] INFO  server.RaftServerConfigKeys (ConfUtils.java:logGet(43)) - raft.server.log.appender.snapshot.chunk.size.max = 16MB (=16777216) (default)
2019-10-03 21:13:19,475 [9ee94575-1721-463e-98a9-5d43f914c816@group-613C9AF13EBF-LeaderElection101] INFO  server.RaftServerConfigKeys (ConfUtils.java:logGet(43)) - raft.server.log.appender.buffer.byte-limit = 33554432 (custom)
2019-10-03 21:13:19,475 [9ee94575-1721-463e-98a9-5d43f914c816@group-613C9AF13EBF-LeaderElection101] INFO  server.RaftServerConfigKeys (ConfUtils.java:logGet(43)) - raft.server.log.appender.buffer.element-limit = 1 (custom)
2019-10-03 21:13:19,475 [9ee94575-1721-463e-98a9-5d43f914c816@group-613C9AF13EBF-LeaderElection101] INFO  grpc.GrpcConfigKeys$Server (ConfUtils.java:logGet(43)) - raft.grpc.server.leader.outstanding.appends.max = 128 (default)
2019-10-03 21:13:19,475 [9ee94575-1721-463e-98a9-5d43f914c816@group-613C9AF13EBF-LeaderElection101] INFO  server.RaftServerConfigKeys (ConfUtils.java:logGet(43)) - raft.server.rpc.request.timeout = 3000ms (default)
2019-10-03 21:13:19,475 [9ee94575-1721-463e-98a9-5d43f914c816@group-613C9AF13EBF-LeaderElection101] INFO  server.RaftServerConfigKeys (ConfUtils.java:logGet(43)) - raft.server.log.appender.install.snapshot.enabled = false (custom)
2019-10-03 21:13:19,476 [9ee94575-1721-463e-98a9-5d43f914c816@group-613C9AF13EBF-LeaderElection101] INFO  server.RaftServerConfigKeys (ConfUtils.java:logGet(43)) - raft.server.log.appender.snapshot.chunk.size.max = 16MB (=16777216) (default)
2019-10-03 21:13:19,476 [9ee94575-1721-463e-98a9-5d43f914c816@group-613C9AF13EBF-LeaderElection101] INFO  server.RaftServerConfigKeys (ConfUtils.java:logGet(43)) - raft.server.log.appender.buffer.byte-limit = 33554432 (custom)
2019-10-03 21:13:19,476 [9ee94575-1721-463e-98a9-5d43f914c816@group-613C9AF13EBF-LeaderElection101] INFO  server.RaftServerConfigKeys (ConfUtils.java:logGet(43)) - raft.server.log.appender.buffer.element-limit = 1 (custom)
2019-10-03 21:13:19,476 [9ee94575-1721-463e-98a9-5d43f914c816@group-613C9AF13EBF-LeaderElection101] INFO  grpc.GrpcConfigKeys$Server (ConfUtils.java:logGet(43)) - raft.grpc.server.leader.outstanding.appends.max = 128 (default)
2019-10-03 21:13:19,476 [9ee94575-1721-463e-98a9-5d43f914c816@group-613C9AF13EBF-LeaderElection101] INFO  server.RaftServerConfigKeys (ConfUtils.java:logGet(43)) - raft.server.rpc.request.timeout = 3000ms (default)
2019-10-03 21:13:19,476 [9ee94575-1721-463e-98a9-5d43f914c816@group-613C9AF13EBF-LeaderElection101] INFO  server.RaftServerConfigKeys (ConfUtils.java:logGet(43)) - raft.server.log.appender.install.snapshot.enabled = false (custom)
2019-10-03 21:13:19,476 [9ee94575-1721-463e-98a9-5d43f914c816@group-613C9AF13EBF-LeaderElection101] INFO  impl.RoleInfo (RoleInfo.java:updateAndGet(143)) - 9ee94575-1721-463e-98a9-5d43f914c816: start LeaderState
2019-10-03 21:13:19,477 [9ee94575-1721-463e-98a9-5d43f914c816@group-613C9AF13EBF-LeaderElection101] INFO  segmented.SegmentedRaftLogWorker (SegmentedRaftLogWorker.java:rollLogSegment(390)) - 9ee94575-1721-463e-98a9-5d43f914c816@group-613C9AF13EBF-SegmentedRaftLogWorker: Rolling segment log-0_2 to index:2
2019-10-03 21:13:19,478 [9ee94575-1721-463e-98a9-5d43f914c816@group-613C9AF13EBF-LeaderElection101] INFO  impl.RaftServerImpl (ServerState.java:setRaftConf(356)) - 9ee94575-1721-463e-98a9-5d43f914c816@group-613C9AF13EBF: set configuration 3: [b8d16363-d3e2-4275-8bae-3ae5e62f25db:192.168.30.42:37635, b895b4bc-e49d-40c9-b477-965546349b55:192.168.30.42:42868, 9ee94575-1721-463e-98a9-5d43f914c816:192.168.30.42:33263], old=null at 3
2019-10-03 21:13:19,478 [9ee94575-1721-463e-98a9-5d43f914c816@group-613C9AF13EBF-SegmentedRaftLogWorker] INFO  segmented.SegmentedRaftLogWorker (SegmentedRaftLogWorker.java:execute(531)) - 9ee94575-1721-463e-98a9-5d43f914c816@group-613C9AF13EBF-SegmentedRaftLogWorker: Rolled log segment from /workdir/hadoop-ozone/integration-test/target/test-dir/MiniOzoneClusterImpl-ed63f357-304f-428a-b49a-7d64402b049a/datanode-2/data/ratis/8da48e35-81d2-457c-a9ab-613c9af13ebf/current/log_inprogress_0 to /workdir/hadoop-ozone/integration-test/target/test-dir/MiniOzoneClusterImpl-ed63f357-304f-428a-b49a-7d64402b049a/datanode-2/data/ratis/8da48e35-81d2-457c-a9ab-613c9af13ebf/current/log_0-2
2019-10-03 21:13:19,478 [grpc-default-executor-0] WARN  server.GrpcLogAppender (LogUtils.java:warn(134)) - 9ee94575-1721-463e-98a9-5d43f914c816@group-613C9AF13EBF->b8d16363-d3e2-4275-8bae-3ae5e62f25db-AppendLogResponseHandler: Failed appendEntries: org.apache.ratis.thirdparty.io.grpc.StatusRuntimeException: UNAVAILABLE: io exception
2019-10-03 21:13:19,478 [grpc-default-executor-0] INFO  impl.FollowerInfo (FollowerInfo.java:lambda$new$0(51)) - 9ee94575-1721-463e-98a9-5d43f914c816@group-613C9AF13EBF->b8d16363-d3e2-4275-8bae-3ae5e62f25db: nextIndex: updateUnconditionally 3 -> 1
2019-10-03 21:13:19,479 [grpc-default-executor-6] INFO  impl.RaftServerImpl (ServerState.java:setLeader(255)) - b895b4bc-e49d-40c9-b477-965546349b55@group-613C9AF13EBF: change Leader from null to 9ee94575-1721-463e-98a9-5d43f914c816 at term 2 for appendEntries, leader elected after 33ms
2019-10-03 21:13:19,482 [grpc-default-executor-6] INFO  impl.RaftServerImpl (ServerState.java:setRaftConf(356)) - b895b4bc-e49d-40c9-b477-965546349b55@group-613C9AF13EBF: set configuration 3: [b8d16363-d3e2-4275-8bae-3ae5e62f25db:192.168.30.42:37635, b895b4bc-e49d-40c9-b477-965546349b55:192.168.30.42:42868, 9ee94575-1721-463e-98a9-5d43f914c816:192.168.30.42:33263], old=null at 3
2019-10-03 21:13:19,482 [grpc-default-executor-6] INFO  segmented.SegmentedRaftLogWorker (SegmentedRaftLogWorker.java:rollLogSegment(390)) - b895b4bc-e49d-40c9-b477-965546349b55@group-613C9AF13EBF-SegmentedRaftLogWorker: Rolling segment log-0_2 to index:2
2019-10-03 21:13:19,483 [b895b4bc-e49d-40c9-b477-965546349b55@group-613C9AF13EBF-SegmentedRaftLogWorker] INFO  segmented.SegmentedRaftLogWorker (SegmentedRaftLogWorker.java:execute(531)) - b895b4bc-e49d-40c9-b477-965546349b55@group-613C9AF13EBF-SegmentedRaftLogWorker: Rolled log segment from /workdir/hadoop-ozone/integration-test/target/test-dir/MiniOzoneClusterImpl-ed63f357-304f-428a-b49a-7d64402b049a/datanode-0/data/ratis/8da48e35-81d2-457c-a9ab-613c9af13ebf/current/log_inprogress_0 to /workdir/hadoop-ozone/integration-test/target/test-dir/MiniOzoneClusterImpl-ed63f357-304f-428a-b49a-7d64402b049a/datanode-0/data/ratis/8da48e35-81d2-457c-a9ab-613c9af13ebf/current/log_0-2
2019-10-03 21:13:19,526 [9ee94575-1721-463e-98a9-5d43f914c816@group-613C9AF13EBF-SegmentedRaftLogWorker] INFO  segmented.SegmentedRaftLogWorker (SegmentedRaftLogWorker.java:execute(574)) - 9ee94575-1721-463e-98a9-5d43f914c816@group-613C9AF13EBF-SegmentedRaftLogWorker: created new log segment /workdir/hadoop-ozone/integration-test/target/test-dir/MiniOzoneClusterImpl-ed63f357-304f-428a-b49a-7d64402b049a/datanode-2/data/ratis/8da48e35-81d2-457c-a9ab-613c9af13ebf/current/log_inprogress_3
2019-10-03 21:13:19,547 [b895b4bc-e49d-40c9-b477-965546349b55@group-613C9AF13EBF-SegmentedRaftLogWorker] INFO  segmented.SegmentedRaftLogWorker (SegmentedRaftLogWorker.java:execute(574)) - b895b4bc-e49d-40c9-b477-965546349b55@group-613C9AF13EBF-SegmentedRaftLogWorker: created new log segment /workdir/hadoop-ozone/integration-test/target/test-dir/MiniOzoneClusterImpl-ed63f357-304f-428a-b49a-7d64402b049a/datanode-0/data/ratis/8da48e35-81d2-457c-a9ab-613c9af13ebf/current/log_inprogress_3
2019-10-03 21:13:19,568 [grpc-default-executor-0] WARN  server.GrpcLogAppender (LogUtils.java:warn(134)) - 9ee94575-1721-463e-98a9-5d43f914c816@group-613C9AF13EBF->b8d16363-d3e2-4275-8bae-3ae5e62f25db-AppendLogResponseHandler: Failed appendEntries: org.apache.ratis.thirdparty.io.grpc.StatusRuntimeException: UNAVAILABLE: io exception
2019-10-03 21:13:19,568 [grpc-default-executor-0] INFO  impl.FollowerInfo (FollowerInfo.java:lambda$new$0(51)) - 9ee94575-1721-463e-98a9-5d43f914c816@group-613C9AF13EBF->b8d16363-d3e2-4275-8bae-3ae5e62f25db: nextIndex: updateUnconditionally 2 -> 1
2019-10-03 21:13:19,584 [grpc-default-executor-0] WARN  server.GrpcLogAppender (LogUtils.java:warn(134)) - 9ee94575-1721-463e-98a9-5d43f914c816@group-613C9AF13EBF->b8d16363-d3e2-4275-8bae-3ae5e62f25db-AppendLogResponseHandler: Failed appendEntries: org.apache.ratis.thirdparty.io.grpc.StatusRuntimeException: UNAVAILABLE: io exception
2019-10-03 21:13:19,584 [grpc-default-executor-0] INFO  impl.FollowerInfo (FollowerInfo.java:lambda$new$0(51)) - 9ee94575-1721-463e-98a9-5d43f914c816@group-613C9AF13EBF->b8d16363-d3e2-4275-8bae-3ae5e62f25db: nextIndex: updateUnconditionally 2 -> 1
]]></system-out>
  </testcase>
</testsuite>