<?xml version="1.0" encoding="UTF-8"?>
<testsuite xmlns:xsi="http://www.w3.org/2001/XMLSchema-instance" xsi:noNamespaceSchemaLocation="https://maven.apache.org/surefire/maven-surefire-plugin/xsd/surefire-test-report.xsd" name="org.apache.hadoop.hdds.scm.safemode.TestSCMSafeModeManager" time="10.826" tests="11" errors="0" skipped="0" failures="1">
  <properties>
    <property name="awt.toolkit" value="sun.awt.X11.XToolkit"/>
    <property name="file.encoding.pkg" value="sun.io"/>
    <property name="java.specification.version" value="1.8"/>
    <property name="sun.cpu.isalist" value=""/>
    <property name="sun.jnu.encoding" value="UTF-8"/>
    <property name="java.class.path" value="/workdir/hadoop-hdds/server-scm/target/test-classes:/workdir/hadoop-hdds/server-scm/target/classes:/workdir/hadoop-hdds/common/target/classes:/workdir/hadoop-hdds/config/target/classes:/home/user/.m2/repository/javax/annotation/javax.annotation-api/1.2/javax.annotation-api-1.2.jar:/home/user/.m2/repository/org/fusesource/leveldbjni/leveldbjni-all/1.8/leveldbjni-all-1.8.jar:/home/user/.m2/repository/org/apache/ratis/ratis-server/0.4.0/ratis-server-0.4.0.jar:/home/user/.m2/repository/org/apache/ratis/ratis-thirdparty-misc/0.2.0/ratis-thirdparty-misc-0.2.0.jar:/home/user/.m2/repository/org/apache/ratis/ratis-proto/0.4.0/ratis-proto-0.4.0.jar:/home/user/.m2/repository/org/apache/ratis/ratis-common/0.4.0/ratis-common-0.4.0.jar:/home/user/.m2/repository/org/apache/ratis/ratis-client/0.4.0/ratis-client-0.4.0.jar:/home/user/.m2/repository/org/apache/ratis/ratis-metrics/0.4.0/ratis-metrics-0.4.0.jar:/home/user/.m2/repository/com/github/joshelser/dropwizard-metrics-hadoop-metrics2-reporter/0.1.2/dropwizard-metrics-hadoop-metrics2-reporter-0.1.2.jar:/home/user/.m2/repository/io/dropwizard/metrics/metrics-jvm/3.2.5/metrics-jvm-3.2.5.jar:/home/user/.m2/repository/io/dropwizard/metrics/metrics-ganglia/3.2.5/metrics-ganglia-3.2.5.jar:/home/user/.m2/repository/info/ganglia/gmetric4j/gmetric4j/1.0.7/gmetric4j-1.0.7.jar:/home/user/.m2/repository/org/apache/ratis/ratis-netty/0.4.0/ratis-netty-0.4.0.jar:/home/user/.m2/repository/org/apache/ratis/ratis-grpc/0.4.0/ratis-grpc-0.4.0.jar:/home/user/.m2/repository/org/rocksdb/rocksdbjni/6.0.1/rocksdbjni-6.0.1.jar:/home/user/.m2/repository/org/apache/logging/log4j/log4j-api/2.11.0/log4j-api-2.11.0.jar:/home/user/.m2/repository/org/apache/logging/log4j/log4j-core/2.11.0/log4j-core-2.11.0.jar:/home/user/.m2/repository/com/lmax/disruptor/3.4.2/disruptor-3.4.2.jar:/home/user/.m2/repository/org/apache/commons/commons-pool2/2.6.0/commons-pool2-2.6.0.jar:/home/user/.m2/repository/org/bouncycastle/bcpkix-jdk15on/1.60/bcpkix-jdk15on-1.60.jar:/home/user/.m2/repository/commons-validator/commons-validator/1.6/commons-validator-1.6.jar:/home/user/.m2/repository/commons-digester/commons-digester/1.8.1/commons-digester-1.8.1.jar:/home/user/.m2/repository/io/jaegertracing/jaeger-client/0.34.0/jaeger-client-0.34.0.jar:/home/user/.m2/repository/io/jaegertracing/jaeger-thrift/0.34.0/jaeger-thrift-0.34.0.jar:/home/user/.m2/repository/org/apache/thrift/libthrift/0.12.0/libthrift-0.12.0.jar:/home/user/.m2/repository/com/squareup/okhttp3/okhttp/3.9.0/okhttp-3.9.0.jar:/home/user/.m2/repository/com/squareup/okio/okio/1.13.0/okio-1.13.0.jar:/home/user/.m2/repository/io/jaegertracing/jaeger-core/0.34.0/jaeger-core-0.34.0.jar:/home/user/.m2/repository/io/jaegertracing/jaeger-tracerresolver/0.34.0/jaeger-tracerresolver-0.34.0.jar:/home/user/.m2/repository/io/opentracing/contrib/opentracing-tracerresolver/0.1.5/opentracing-tracerresolver-0.1.5.jar:/home/user/.m2/repository/io/opentracing/opentracing-util/0.31.0/opentracing-util-0.31.0.jar:/home/user/.m2/repository/io/opentracing/opentracing-api/0.31.0/opentracing-api-0.31.0.jar:/home/user/.m2/repository/io/opentracing/opentracing-noop/0.31.0/opentracing-noop-0.31.0.jar:/home/user/.m2/repository/org/yaml/snakeyaml/1.16/snakeyaml-1.16.jar:/workdir/hadoop-hdds/container-service/target/classes:/workdir/hadoop-hdds/client/target/classes:/home/user/.m2/repository/io/netty/netty-all/4.0.52.Final/netty-all-4.0.52.Final.jar:/workdir/hadoop-hdds/framework/target/classes:/workdir/hadoop-hdds/docs/target/classes:/workdir/hadoop-hdds/container-service/target/test-classes:/home/user/.m2/repository/org/hamcrest/hamcrest-core/1.3/hamcrest-core-1.3.jar:/home/user/.m2/repository/io/dropwizard/metrics/metrics-core/3.2.4/metrics-core-3.2.4.jar:/home/user/.m2/repository/org/slf4j/slf4j-api/1.7.25/slf4j-api-1.7.25.jar:/home/user/.m2/repository/org/assertj/assertj-core/3.8.0/assertj-core-3.8.0.jar:/home/user/.m2/repository/org/openjdk/jmh/jmh-core/1.19/jmh-core-1.19.jar:/home/user/.m2/repository/net/sf/jopt-simple/jopt-simple/4.6/jopt-simple-4.6.jar:/home/user/.m2/repository/org/apache/commons/commons-math3/3.1.1/commons-math3-3.1.1.jar:/home/user/.m2/repository/org/openjdk/jmh/jmh-generator-annprocess/1.19/jmh-generator-annprocess-1.19.jar:/home/user/.m2/repository/org/mockito/mockito-all/1.8.5/mockito-all-1.8.5.jar:/home/user/.m2/repository/org/hamcrest/hamcrest-all/1.3/hamcrest-all-1.3.jar:/home/user/.m2/repository/org/bouncycastle/bcprov-jdk15on/1.60/bcprov-jdk15on-1.60.jar:/home/user/.m2/repository/com/google/code/findbugs/findbugs/3.0.1/findbugs-3.0.1.jar:/home/user/.m2/repository/net/jcip/jcip-annotations/1.0/jcip-annotations-1.0.jar:/home/user/.m2/repository/com/google/code/findbugs/jsr305/3.0.0/jsr305-3.0.0.jar:/home/user/.m2/repository/com/google/code/findbugs/bcel-findbugs/6.0/bcel-findbugs-6.0.jar:/home/user/.m2/repository/com/google/code/findbugs/jFormatString/2.0.1/jFormatString-2.0.1.jar:/home/user/.m2/repository/dom4j/dom4j/1.6.1/dom4j-1.6.1.jar:/home/user/.m2/repository/xml-apis/xml-apis/1.0.b2/xml-apis-1.0.b2.jar:/home/user/.m2/repository/org/ow2/asm/asm-debug-all/5.0.2/asm-debug-all-5.0.2.jar:/home/user/.m2/repository/org/ow2/asm/asm-commons/5.0.2/asm-commons-5.0.2.jar:/home/user/.m2/repository/org/ow2/asm/asm-tree/5.0.2/asm-tree-5.0.2.jar:/home/user/.m2/repository/org/ow2/asm/asm/5.0.4/asm-5.0.4.jar:/home/user/.m2/repository/commons-lang/commons-lang/2.6/commons-lang-2.6.jar:/home/user/.m2/repository/com/apple/AppleJavaExtensions/1.4/AppleJavaExtensions-1.4.jar:/home/user/.m2/repository/jaxen/jaxen/1.1.6/jaxen-1.1.6.jar:/home/user/.m2/repository/org/apache/hadoop/hadoop-common/3.2.0/hadoop-common-3.2.0.jar:/home/user/.m2/repository/org/apache/hadoop/hadoop-annotations/3.2.0/hadoop-annotations-3.2.0.jar:/usr/lib/jvm/java-1.8-openjdk/jre/../lib/tools.jar:/home/user/.m2/repository/commons-cli/commons-cli/1.2/commons-cli-1.2.jar:/home/user/.m2/repository/org/apache/httpcomponents/httpclient/4.5.2/httpclient-4.5.2.jar:/home/user/.m2/repository/org/apache/httpcomponents/httpcore/4.4.4/httpcore-4.4.4.jar:/home/user/.m2/repository/commons-codec/commons-codec/1.11/commons-codec-1.11.jar:/home/user/.m2/repository/commons-io/commons-io/2.5/commons-io-2.5.jar:/home/user/.m2/repository/commons-net/commons-net/3.6/commons-net-3.6.jar:/home/user/.m2/repository/commons-collections/commons-collections/3.2.2/commons-collections-3.2.2.jar:/home/user/.m2/repository/javax/servlet/javax.servlet-api/3.1.0/javax.servlet-api-3.1.0.jar:/home/user/.m2/repository/org/eclipse/jetty/jetty-server/9.3.25.v20180904/jetty-server-9.3.25.v20180904.jar:/home/user/.m2/repository/org/eclipse/jetty/jetty-http/9.3.25.v20180904/jetty-http-9.3.25.v20180904.jar:/home/user/.m2/repository/org/eclipse/jetty/jetty-io/9.3.25.v20180904/jetty-io-9.3.25.v20180904.jar:/home/user/.m2/repository/org/eclipse/jetty/jetty-util/9.3.25.v20180904/jetty-util-9.3.25.v20180904.jar:/home/user/.m2/repository/org/eclipse/jetty/jetty-servlet/9.3.25.v20180904/jetty-servlet-9.3.25.v20180904.jar:/home/user/.m2/repository/org/eclipse/jetty/jetty-security/9.3.25.v20180904/jetty-security-9.3.25.v20180904.jar:/home/user/.m2/repository/org/eclipse/jetty/jetty-webapp/9.3.25.v20180904/jetty-webapp-9.3.25.v20180904.jar:/home/user/.m2/repository/org/eclipse/jetty/jetty-xml/9.3.25.v20180904/jetty-xml-9.3.25.v20180904.jar:/home/user/.m2/repository/javax/servlet/jsp/jsp-api/2.1/jsp-api-2.1.jar:/home/user/.m2/repository/com/sun/jersey/jersey-core/1.19/jersey-core-1.19.jar:/home/user/.m2/repository/javax/ws/rs/jsr311-api/1.1.1/jsr311-api-1.1.1.jar:/home/user/.m2/repository/com/sun/jersey/jersey-servlet/1.19/jersey-servlet-1.19.jar:/home/user/.m2/repository/com/sun/jersey/jersey-json/1.19/jersey-json-1.19.jar:/home/user/.m2/repository/org/codehaus/jettison/jettison/1.1/jettison-1.1.jar:/home/user/.m2/repository/com/sun/xml/bind/jaxb-impl/2.2.3-1/jaxb-impl-2.2.3-1.jar:/home/user/.m2/repository/javax/xml/bind/jaxb-api/2.2.11/jaxb-api-2.2.11.jar:/home/user/.m2/repository/org/codehaus/jackson/jackson-core-asl/1.9.13/jackson-core-asl-1.9.13.jar:/home/user/.m2/repository/org/codehaus/jackson/jackson-mapper-asl/1.9.13/jackson-mapper-asl-1.9.13.jar:/home/user/.m2/repository/org/codehaus/jackson/jackson-jaxrs/1.9.13/jackson-jaxrs-1.9.13.jar:/home/user/.m2/repository/org/codehaus/jackson/jackson-xc/1.9.13/jackson-xc-1.9.13.jar:/home/user/.m2/repository/com/sun/jersey/jersey-server/1.19/jersey-server-1.19.jar:/home/user/.m2/repository/commons-logging/commons-logging/1.1.3/commons-logging-1.1.3.jar:/home/user/.m2/repository/log4j/log4j/1.2.17/log4j-1.2.17.jar:/home/user/.m2/repository/commons-beanutils/commons-beanutils/1.9.4/commons-beanutils-1.9.4.jar:/home/user/.m2/repository/org/apache/commons/commons-configuration2/2.1.1/commons-configuration2-2.1.1.jar:/home/user/.m2/repository/org/apache/commons/commons-lang3/3.7/commons-lang3-3.7.jar:/home/user/.m2/repository/org/apache/commons/commons-text/1.4/commons-text-1.4.jar:/home/user/.m2/repository/org/slf4j/slf4j-log4j12/1.7.25/slf4j-log4j12-1.7.25.jar:/home/user/.m2/repository/org/apache/avro/avro/1.7.7/avro-1.7.7.jar:/home/user/.m2/repository/com/thoughtworks/paranamer/paranamer/2.3/paranamer-2.3.jar:/home/user/.m2/repository/org/xerial/snappy/snappy-java/1.0.5/snappy-java-1.0.5.jar:/home/user/.m2/repository/com/google/re2j/re2j/1.1/re2j-1.1.jar:/home/user/.m2/repository/com/google/code/gson/gson/2.2.4/gson-2.2.4.jar:/home/user/.m2/repository/org/apache/hadoop/hadoop-auth/3.2.0/hadoop-auth-3.2.0.jar:/home/user/.m2/repository/com/nimbusds/nimbus-jose-jwt/4.41.1/nimbus-jose-jwt-4.41.1.jar:/home/user/.m2/repository/com/github/stephenc/jcip/jcip-annotations/1.0-1/jcip-annotations-1.0-1.jar:/home/user/.m2/repository/net/minidev/json-smart/2.3/json-smart-2.3.jar:/home/user/.m2/repository/net/minidev/accessors-smart/1.2/accessors-smart-1.2.jar:/home/user/.m2/repository/org/apache/curator/curator-framework/2.12.0/curator-framework-2.12.0.jar:/home/user/.m2/repository/com/jcraft/jsch/0.1.54/jsch-0.1.54.jar:/home/user/.m2/repository/org/apache/curator/curator-client/2.12.0/curator-client-2.12.0.jar:/home/user/.m2/repository/org/apache/curator/curator-recipes/2.12.0/curator-recipes-2.12.0.jar:/home/user/.m2/repository/org/apache/htrace/htrace-core4/4.1.0-incubating/htrace-core4-4.1.0-incubating.jar:/home/user/.m2/repository/org/apache/zookeeper/zookeeper/3.4.13/zookeeper-3.4.13.jar:/home/user/.m2/repository/jline/jline/0.9.94/jline-0.9.94.jar:/home/user/.m2/repository/org/apache/yetus/audience-annotations/0.5.0/audience-annotations-0.5.0.jar:/home/user/.m2/repository/org/apache/commons/commons-compress/1.4.1/commons-compress-1.4.1.jar:/home/user/.m2/repository/org/tukaani/xz/1.0/xz-1.0.jar:/home/user/.m2/repository/org/apache/kerby/kerb-simplekdc/1.0.1/kerb-simplekdc-1.0.1.jar:/home/user/.m2/repository/org/apache/kerby/kerb-client/1.0.1/kerb-client-1.0.1.jar:/home/user/.m2/repository/org/apache/kerby/kerby-config/1.0.1/kerby-config-1.0.1.jar:/home/user/.m2/repository/org/apache/kerby/kerb-core/1.0.1/kerb-core-1.0.1.jar:/home/user/.m2/repository/org/apache/kerby/kerby-pkix/1.0.1/kerby-pkix-1.0.1.jar:/home/user/.m2/repository/org/apache/kerby/kerby-asn1/1.0.1/kerby-asn1-1.0.1.jar:/home/user/.m2/repository/org/apache/kerby/kerby-util/1.0.1/kerby-util-1.0.1.jar:/home/user/.m2/repository/org/apache/kerby/kerb-common/1.0.1/kerb-common-1.0.1.jar:/home/user/.m2/repository/org/apache/kerby/kerb-crypto/1.0.1/kerb-crypto-1.0.1.jar:/home/user/.m2/repository/org/apache/kerby/kerb-util/1.0.1/kerb-util-1.0.1.jar:/home/user/.m2/repository/org/apache/kerby/token-provider/1.0.1/token-provider-1.0.1.jar:/home/user/.m2/repository/org/apache/kerby/kerb-admin/1.0.1/kerb-admin-1.0.1.jar:/home/user/.m2/repository/org/apache/kerby/kerb-server/1.0.1/kerb-server-1.0.1.jar:/home/user/.m2/repository/org/apache/kerby/kerb-identity/1.0.1/kerb-identity-1.0.1.jar:/home/user/.m2/repository/org/apache/kerby/kerby-xdr/1.0.1/kerby-xdr-1.0.1.jar:/home/user/.m2/repository/com/fasterxml/jackson/core/jackson-databind/2.9.9/jackson-databind-2.9.9.jar:/home/user/.m2/repository/com/fasterxml/jackson/core/jackson-core/2.9.9/jackson-core-2.9.9.jar:/home/user/.m2/repository/org/codehaus/woodstox/stax2-api/3.1.4/stax2-api-3.1.4.jar:/home/user/.m2/repository/com/fasterxml/woodstox/woodstox-core/5.0.3/woodstox-core-5.0.3.jar:/home/user/.m2/repository/dnsjava/dnsjava/2.1.7/dnsjava-2.1.7.jar:/home/user/.m2/repository/org/apache/hadoop/hadoop-hdfs/3.2.0/hadoop-hdfs-3.2.0.jar:/home/user/.m2/repository/org/eclipse/jetty/jetty-util-ajax/9.3.25.v20180904/jetty-util-ajax-9.3.25.v20180904.jar:/home/user/.m2/repository/commons-daemon/commons-daemon/1.0.13/commons-daemon-1.0.13.jar:/home/user/.m2/repository/io/netty/netty/3.10.5.Final/netty-3.10.5.Final.jar:/home/user/.m2/repository/org/apache/hadoop/hadoop-hdfs-client/3.2.0/hadoop-hdfs-client-3.2.0.jar:/home/user/.m2/repository/com/fasterxml/jackson/core/jackson-annotations/2.9.9/jackson-annotations-2.9.9.jar:/home/user/.m2/repository/org/apache/hadoop/hadoop-common/3.2.0/hadoop-common-3.2.0-tests.jar:/home/user/.m2/repository/org/apache/hadoop/hadoop-hdfs/3.2.0/hadoop-hdfs-3.2.0-tests.jar:/home/user/.m2/repository/info/picocli/picocli/3.9.6/picocli-3.9.6.jar:/home/user/.m2/repository/com/google/protobuf/protobuf-java/2.5.0/protobuf-java-2.5.0.jar:/home/user/.m2/repository/com/google/guava/guava/11.0.2/guava-11.0.2.jar:/home/user/.m2/repository/junit/junit/4.11/junit-4.11.jar:"/>
    <property name="java.vm.vendor" value="IcedTea"/>
    <property name="sun.arch.data.model" value="64"/>
    <property name="test.build.dir" value="/workdir/hadoop-hdds/server-scm/target/test-dir"/>
    <property name="test.cache.data" value=""/>
    <property name="java.vendor.url" value="https://icedtea.classpath.org"/>
    <property name="user.timezone" value=""/>
    <property name="java.vm.specification.version" value="1.8"/>
    <property name="os.name" value="Linux"/>
    <property name="test.build.data" value="/workdir/hadoop-hdds/server-scm/target/test-dir"/>
    <property name="user.country" value="US"/>
    <property name="sun.java.launcher" value="SUN_STANDARD"/>
    <property name="sun.boot.library.path" value="/usr/lib/jvm/java-1.8-openjdk/jre/lib/amd64"/>
    <property name="sun.java.command" value="/workdir/hadoop-hdds/server-scm/target/surefire/surefirebooter7435220641889988760.jar /workdir/hadoop-hdds/server-scm/target/surefire 2019-10-09T10-25-52_144-jvmRun1 surefire8693313993682773649tmp surefire_697204933853607484492tmp"/>
    <property name="surefire.test.class.path" value="/workdir/hadoop-hdds/server-scm/target/test-classes:/workdir/hadoop-hdds/server-scm/target/classes:/workdir/hadoop-hdds/common/target/classes:/workdir/hadoop-hdds/config/target/classes:/home/user/.m2/repository/javax/annotation/javax.annotation-api/1.2/javax.annotation-api-1.2.jar:/home/user/.m2/repository/org/fusesource/leveldbjni/leveldbjni-all/1.8/leveldbjni-all-1.8.jar:/home/user/.m2/repository/org/apache/ratis/ratis-server/0.4.0/ratis-server-0.4.0.jar:/home/user/.m2/repository/org/apache/ratis/ratis-thirdparty-misc/0.2.0/ratis-thirdparty-misc-0.2.0.jar:/home/user/.m2/repository/org/apache/ratis/ratis-proto/0.4.0/ratis-proto-0.4.0.jar:/home/user/.m2/repository/org/apache/ratis/ratis-common/0.4.0/ratis-common-0.4.0.jar:/home/user/.m2/repository/org/apache/ratis/ratis-client/0.4.0/ratis-client-0.4.0.jar:/home/user/.m2/repository/org/apache/ratis/ratis-metrics/0.4.0/ratis-metrics-0.4.0.jar:/home/user/.m2/repository/com/github/joshelser/dropwizard-metrics-hadoop-metrics2-reporter/0.1.2/dropwizard-metrics-hadoop-metrics2-reporter-0.1.2.jar:/home/user/.m2/repository/io/dropwizard/metrics/metrics-jvm/3.2.5/metrics-jvm-3.2.5.jar:/home/user/.m2/repository/io/dropwizard/metrics/metrics-ganglia/3.2.5/metrics-ganglia-3.2.5.jar:/home/user/.m2/repository/info/ganglia/gmetric4j/gmetric4j/1.0.7/gmetric4j-1.0.7.jar:/home/user/.m2/repository/org/apache/ratis/ratis-netty/0.4.0/ratis-netty-0.4.0.jar:/home/user/.m2/repository/org/apache/ratis/ratis-grpc/0.4.0/ratis-grpc-0.4.0.jar:/home/user/.m2/repository/org/rocksdb/rocksdbjni/6.0.1/rocksdbjni-6.0.1.jar:/home/user/.m2/repository/org/apache/logging/log4j/log4j-api/2.11.0/log4j-api-2.11.0.jar:/home/user/.m2/repository/org/apache/logging/log4j/log4j-core/2.11.0/log4j-core-2.11.0.jar:/home/user/.m2/repository/com/lmax/disruptor/3.4.2/disruptor-3.4.2.jar:/home/user/.m2/repository/org/apache/commons/commons-pool2/2.6.0/commons-pool2-2.6.0.jar:/home/user/.m2/repository/org/bouncycastle/bcpkix-jdk15on/1.60/bcpkix-jdk15on-1.60.jar:/home/user/.m2/repository/commons-validator/commons-validator/1.6/commons-validator-1.6.jar:/home/user/.m2/repository/commons-digester/commons-digester/1.8.1/commons-digester-1.8.1.jar:/home/user/.m2/repository/io/jaegertracing/jaeger-client/0.34.0/jaeger-client-0.34.0.jar:/home/user/.m2/repository/io/jaegertracing/jaeger-thrift/0.34.0/jaeger-thrift-0.34.0.jar:/home/user/.m2/repository/org/apache/thrift/libthrift/0.12.0/libthrift-0.12.0.jar:/home/user/.m2/repository/com/squareup/okhttp3/okhttp/3.9.0/okhttp-3.9.0.jar:/home/user/.m2/repository/com/squareup/okio/okio/1.13.0/okio-1.13.0.jar:/home/user/.m2/repository/io/jaegertracing/jaeger-core/0.34.0/jaeger-core-0.34.0.jar:/home/user/.m2/repository/io/jaegertracing/jaeger-tracerresolver/0.34.0/jaeger-tracerresolver-0.34.0.jar:/home/user/.m2/repository/io/opentracing/contrib/opentracing-tracerresolver/0.1.5/opentracing-tracerresolver-0.1.5.jar:/home/user/.m2/repository/io/opentracing/opentracing-util/0.31.0/opentracing-util-0.31.0.jar:/home/user/.m2/repository/io/opentracing/opentracing-api/0.31.0/opentracing-api-0.31.0.jar:/home/user/.m2/repository/io/opentracing/opentracing-noop/0.31.0/opentracing-noop-0.31.0.jar:/home/user/.m2/repository/org/yaml/snakeyaml/1.16/snakeyaml-1.16.jar:/workdir/hadoop-hdds/container-service/target/classes:/workdir/hadoop-hdds/client/target/classes:/home/user/.m2/repository/io/netty/netty-all/4.0.52.Final/netty-all-4.0.52.Final.jar:/workdir/hadoop-hdds/framework/target/classes:/workdir/hadoop-hdds/docs/target/classes:/workdir/hadoop-hdds/container-service/target/test-classes:/home/user/.m2/repository/org/hamcrest/hamcrest-core/1.3/hamcrest-core-1.3.jar:/home/user/.m2/repository/io/dropwizard/metrics/metrics-core/3.2.4/metrics-core-3.2.4.jar:/home/user/.m2/repository/org/slf4j/slf4j-api/1.7.25/slf4j-api-1.7.25.jar:/home/user/.m2/repository/org/assertj/assertj-core/3.8.0/assertj-core-3.8.0.jar:/home/user/.m2/repository/org/openjdk/jmh/jmh-core/1.19/jmh-core-1.19.jar:/home/user/.m2/repository/net/sf/jopt-simple/jopt-simple/4.6/jopt-simple-4.6.jar:/home/user/.m2/repository/org/apache/commons/commons-math3/3.1.1/commons-math3-3.1.1.jar:/home/user/.m2/repository/org/openjdk/jmh/jmh-generator-annprocess/1.19/jmh-generator-annprocess-1.19.jar:/home/user/.m2/repository/org/mockito/mockito-all/1.8.5/mockito-all-1.8.5.jar:/home/user/.m2/repository/org/hamcrest/hamcrest-all/1.3/hamcrest-all-1.3.jar:/home/user/.m2/repository/org/bouncycastle/bcprov-jdk15on/1.60/bcprov-jdk15on-1.60.jar:/home/user/.m2/repository/com/google/code/findbugs/findbugs/3.0.1/findbugs-3.0.1.jar:/home/user/.m2/repository/net/jcip/jcip-annotations/1.0/jcip-annotations-1.0.jar:/home/user/.m2/repository/com/google/code/findbugs/jsr305/3.0.0/jsr305-3.0.0.jar:/home/user/.m2/repository/com/google/code/findbugs/bcel-findbugs/6.0/bcel-findbugs-6.0.jar:/home/user/.m2/repository/com/google/code/findbugs/jFormatString/2.0.1/jFormatString-2.0.1.jar:/home/user/.m2/repository/dom4j/dom4j/1.6.1/dom4j-1.6.1.jar:/home/user/.m2/repository/xml-apis/xml-apis/1.0.b2/xml-apis-1.0.b2.jar:/home/user/.m2/repository/org/ow2/asm/asm-debug-all/5.0.2/asm-debug-all-5.0.2.jar:/home/user/.m2/repository/org/ow2/asm/asm-commons/5.0.2/asm-commons-5.0.2.jar:/home/user/.m2/repository/org/ow2/asm/asm-tree/5.0.2/asm-tree-5.0.2.jar:/home/user/.m2/repository/org/ow2/asm/asm/5.0.4/asm-5.0.4.jar:/home/user/.m2/repository/commons-lang/commons-lang/2.6/commons-lang-2.6.jar:/home/user/.m2/repository/com/apple/AppleJavaExtensions/1.4/AppleJavaExtensions-1.4.jar:/home/user/.m2/repository/jaxen/jaxen/1.1.6/jaxen-1.1.6.jar:/home/user/.m2/repository/org/apache/hadoop/hadoop-common/3.2.0/hadoop-common-3.2.0.jar:/home/user/.m2/repository/org/apache/hadoop/hadoop-annotations/3.2.0/hadoop-annotations-3.2.0.jar:/usr/lib/jvm/java-1.8-openjdk/jre/../lib/tools.jar:/home/user/.m2/repository/commons-cli/commons-cli/1.2/commons-cli-1.2.jar:/home/user/.m2/repository/org/apache/httpcomponents/httpclient/4.5.2/httpclient-4.5.2.jar:/home/user/.m2/repository/org/apache/httpcomponents/httpcore/4.4.4/httpcore-4.4.4.jar:/home/user/.m2/repository/commons-codec/commons-codec/1.11/commons-codec-1.11.jar:/home/user/.m2/repository/commons-io/commons-io/2.5/commons-io-2.5.jar:/home/user/.m2/repository/commons-net/commons-net/3.6/commons-net-3.6.jar:/home/user/.m2/repository/commons-collections/commons-collections/3.2.2/commons-collections-3.2.2.jar:/home/user/.m2/repository/javax/servlet/javax.servlet-api/3.1.0/javax.servlet-api-3.1.0.jar:/home/user/.m2/repository/org/eclipse/jetty/jetty-server/9.3.25.v20180904/jetty-server-9.3.25.v20180904.jar:/home/user/.m2/repository/org/eclipse/jetty/jetty-http/9.3.25.v20180904/jetty-http-9.3.25.v20180904.jar:/home/user/.m2/repository/org/eclipse/jetty/jetty-io/9.3.25.v20180904/jetty-io-9.3.25.v20180904.jar:/home/user/.m2/repository/org/eclipse/jetty/jetty-util/9.3.25.v20180904/jetty-util-9.3.25.v20180904.jar:/home/user/.m2/repository/org/eclipse/jetty/jetty-servlet/9.3.25.v20180904/jetty-servlet-9.3.25.v20180904.jar:/home/user/.m2/repository/org/eclipse/jetty/jetty-security/9.3.25.v20180904/jetty-security-9.3.25.v20180904.jar:/home/user/.m2/repository/org/eclipse/jetty/jetty-webapp/9.3.25.v20180904/jetty-webapp-9.3.25.v20180904.jar:/home/user/.m2/repository/org/eclipse/jetty/jetty-xml/9.3.25.v20180904/jetty-xml-9.3.25.v20180904.jar:/home/user/.m2/repository/javax/servlet/jsp/jsp-api/2.1/jsp-api-2.1.jar:/home/user/.m2/repository/com/sun/jersey/jersey-core/1.19/jersey-core-1.19.jar:/home/user/.m2/repository/javax/ws/rs/jsr311-api/1.1.1/jsr311-api-1.1.1.jar:/home/user/.m2/repository/com/sun/jersey/jersey-servlet/1.19/jersey-servlet-1.19.jar:/home/user/.m2/repository/com/sun/jersey/jersey-json/1.19/jersey-json-1.19.jar:/home/user/.m2/repository/org/codehaus/jettison/jettison/1.1/jettison-1.1.jar:/home/user/.m2/repository/com/sun/xml/bind/jaxb-impl/2.2.3-1/jaxb-impl-2.2.3-1.jar:/home/user/.m2/repository/javax/xml/bind/jaxb-api/2.2.11/jaxb-api-2.2.11.jar:/home/user/.m2/repository/org/codehaus/jackson/jackson-core-asl/1.9.13/jackson-core-asl-1.9.13.jar:/home/user/.m2/repository/org/codehaus/jackson/jackson-mapper-asl/1.9.13/jackson-mapper-asl-1.9.13.jar:/home/user/.m2/repository/org/codehaus/jackson/jackson-jaxrs/1.9.13/jackson-jaxrs-1.9.13.jar:/home/user/.m2/repository/org/codehaus/jackson/jackson-xc/1.9.13/jackson-xc-1.9.13.jar:/home/user/.m2/repository/com/sun/jersey/jersey-server/1.19/jersey-server-1.19.jar:/home/user/.m2/repository/commons-logging/commons-logging/1.1.3/commons-logging-1.1.3.jar:/home/user/.m2/repository/log4j/log4j/1.2.17/log4j-1.2.17.jar:/home/user/.m2/repository/commons-beanutils/commons-beanutils/1.9.4/commons-beanutils-1.9.4.jar:/home/user/.m2/repository/org/apache/commons/commons-configuration2/2.1.1/commons-configuration2-2.1.1.jar:/home/user/.m2/repository/org/apache/commons/commons-lang3/3.7/commons-lang3-3.7.jar:/home/user/.m2/repository/org/apache/commons/commons-text/1.4/commons-text-1.4.jar:/home/user/.m2/repository/org/slf4j/slf4j-log4j12/1.7.25/slf4j-log4j12-1.7.25.jar:/home/user/.m2/repository/org/apache/avro/avro/1.7.7/avro-1.7.7.jar:/home/user/.m2/repository/com/thoughtworks/paranamer/paranamer/2.3/paranamer-2.3.jar:/home/user/.m2/repository/org/xerial/snappy/snappy-java/1.0.5/snappy-java-1.0.5.jar:/home/user/.m2/repository/com/google/re2j/re2j/1.1/re2j-1.1.jar:/home/user/.m2/repository/com/google/code/gson/gson/2.2.4/gson-2.2.4.jar:/home/user/.m2/repository/org/apache/hadoop/hadoop-auth/3.2.0/hadoop-auth-3.2.0.jar:/home/user/.m2/repository/com/nimbusds/nimbus-jose-jwt/4.41.1/nimbus-jose-jwt-4.41.1.jar:/home/user/.m2/repository/com/github/stephenc/jcip/jcip-annotations/1.0-1/jcip-annotations-1.0-1.jar:/home/user/.m2/repository/net/minidev/json-smart/2.3/json-smart-2.3.jar:/home/user/.m2/repository/net/minidev/accessors-smart/1.2/accessors-smart-1.2.jar:/home/user/.m2/repository/org/apache/curator/curator-framework/2.12.0/curator-framework-2.12.0.jar:/home/user/.m2/repository/com/jcraft/jsch/0.1.54/jsch-0.1.54.jar:/home/user/.m2/repository/org/apache/curator/curator-client/2.12.0/curator-client-2.12.0.jar:/home/user/.m2/repository/org/apache/curator/curator-recipes/2.12.0/curator-recipes-2.12.0.jar:/home/user/.m2/repository/org/apache/htrace/htrace-core4/4.1.0-incubating/htrace-core4-4.1.0-incubating.jar:/home/user/.m2/repository/org/apache/zookeeper/zookeeper/3.4.13/zookeeper-3.4.13.jar:/home/user/.m2/repository/jline/jline/0.9.94/jline-0.9.94.jar:/home/user/.m2/repository/org/apache/yetus/audience-annotations/0.5.0/audience-annotations-0.5.0.jar:/home/user/.m2/repository/org/apache/commons/commons-compress/1.4.1/commons-compress-1.4.1.jar:/home/user/.m2/repository/org/tukaani/xz/1.0/xz-1.0.jar:/home/user/.m2/repository/org/apache/kerby/kerb-simplekdc/1.0.1/kerb-simplekdc-1.0.1.jar:/home/user/.m2/repository/org/apache/kerby/kerb-client/1.0.1/kerb-client-1.0.1.jar:/home/user/.m2/repository/org/apache/kerby/kerby-config/1.0.1/kerby-config-1.0.1.jar:/home/user/.m2/repository/org/apache/kerby/kerb-core/1.0.1/kerb-core-1.0.1.jar:/home/user/.m2/repository/org/apache/kerby/kerby-pkix/1.0.1/kerby-pkix-1.0.1.jar:/home/user/.m2/repository/org/apache/kerby/kerby-asn1/1.0.1/kerby-asn1-1.0.1.jar:/home/user/.m2/repository/org/apache/kerby/kerby-util/1.0.1/kerby-util-1.0.1.jar:/home/user/.m2/repository/org/apache/kerby/kerb-common/1.0.1/kerb-common-1.0.1.jar:/home/user/.m2/repository/org/apache/kerby/kerb-crypto/1.0.1/kerb-crypto-1.0.1.jar:/home/user/.m2/repository/org/apache/kerby/kerb-util/1.0.1/kerb-util-1.0.1.jar:/home/user/.m2/repository/org/apache/kerby/token-provider/1.0.1/token-provider-1.0.1.jar:/home/user/.m2/repository/org/apache/kerby/kerb-admin/1.0.1/kerb-admin-1.0.1.jar:/home/user/.m2/repository/org/apache/kerby/kerb-server/1.0.1/kerb-server-1.0.1.jar:/home/user/.m2/repository/org/apache/kerby/kerb-identity/1.0.1/kerb-identity-1.0.1.jar:/home/user/.m2/repository/org/apache/kerby/kerby-xdr/1.0.1/kerby-xdr-1.0.1.jar:/home/user/.m2/repository/com/fasterxml/jackson/core/jackson-databind/2.9.9/jackson-databind-2.9.9.jar:/home/user/.m2/repository/com/fasterxml/jackson/core/jackson-core/2.9.9/jackson-core-2.9.9.jar:/home/user/.m2/repository/org/codehaus/woodstox/stax2-api/3.1.4/stax2-api-3.1.4.jar:/home/user/.m2/repository/com/fasterxml/woodstox/woodstox-core/5.0.3/woodstox-core-5.0.3.jar:/home/user/.m2/repository/dnsjava/dnsjava/2.1.7/dnsjava-2.1.7.jar:/home/user/.m2/repository/org/apache/hadoop/hadoop-hdfs/3.2.0/hadoop-hdfs-3.2.0.jar:/home/user/.m2/repository/org/eclipse/jetty/jetty-util-ajax/9.3.25.v20180904/jetty-util-ajax-9.3.25.v20180904.jar:/home/user/.m2/repository/commons-daemon/commons-daemon/1.0.13/commons-daemon-1.0.13.jar:/home/user/.m2/repository/io/netty/netty/3.10.5.Final/netty-3.10.5.Final.jar:/home/user/.m2/repository/org/apache/hadoop/hadoop-hdfs-client/3.2.0/hadoop-hdfs-client-3.2.0.jar:/home/user/.m2/repository/com/fasterxml/jackson/core/jackson-annotations/2.9.9/jackson-annotations-2.9.9.jar:/home/user/.m2/repository/org/apache/hadoop/hadoop-common/3.2.0/hadoop-common-3.2.0-tests.jar:/home/user/.m2/repository/org/apache/hadoop/hadoop-hdfs/3.2.0/hadoop-hdfs-3.2.0-tests.jar:/home/user/.m2/repository/info/picocli/picocli/3.9.6/picocli-3.9.6.jar:/home/user/.m2/repository/com/google/protobuf/protobuf-java/2.5.0/protobuf-java-2.5.0.jar:/home/user/.m2/repository/com/google/guava/guava/11.0.2/guava-11.0.2.jar:/home/user/.m2/repository/junit/junit/4.11/junit-4.11.jar:"/>
    <property name="sun.cpu.endian" value="little"/>
    <property name="user.home" value="/home/user"/>
    <property name="user.language" value="en"/>
    <property name="java.specification.vendor" value="Oracle Corporation"/>
    <property name="java.home" value="/usr/lib/jvm/java-1.8-openjdk/jre"/>
    <property name="java.security.krb5.conf" value="/workdir/hadoop-hdds/server-scm/target/test-classes/krb5.conf"/>
    <property name="basedir" value="/workdir/hadoop-hdds/server-scm"/>
    <property name="file.separator" value="/"/>
    <property name="line.separator" value="&#10;"/>
    <property name="java.vm.specification.vendor" value="Oracle Corporation"/>
    <property name="java.specification.name" value="Java Platform API Specification"/>
    <property name="java.awt.graphicsenv" value="sun.awt.X11GraphicsEnvironment"/>
    <property name="surefire.real.class.path" value="/workdir/hadoop-hdds/server-scm/target/surefire/surefirebooter7435220641889988760.jar"/>
    <property name="hadoop.log.dir" value="/workdir/hadoop-hdds/server-scm/target/log"/>
    <property name="sun.boot.class.path" value="/usr/lib/jvm/java-1.8-openjdk/jre/lib/resources.jar:/usr/lib/jvm/java-1.8-openjdk/jre/lib/rt.jar:/usr/lib/jvm/java-1.8-openjdk/jre/lib/sunrsasign.jar:/usr/lib/jvm/java-1.8-openjdk/jre/lib/jsse.jar:/usr/lib/jvm/java-1.8-openjdk/jre/lib/jce.jar:/usr/lib/jvm/java-1.8-openjdk/jre/lib/charsets.jar:/usr/lib/jvm/java-1.8-openjdk/jre/lib/jfr.jar:/usr/lib/jvm/java-1.8-openjdk/jre/classes"/>
    <property name="sun.management.compiler" value="HotSpot 64-Bit Tiered Compilers"/>
    <property name="java.runtime.version" value="1.8.0_212-b04"/>
    <property name="java.net.preferIPv4Stack" value="true"/>
    <property name="user.name" value="jenkins1000"/>
    <property name="path.separator" value=":"/>
    <property name="java.security.egd" value="file:///dev/urandom"/>
    <property name="os.version" value="3.10.0-957.12.2.el7.x86_64"/>
    <property name="java.endorsed.dirs" value="/usr/lib/jvm/java-1.8-openjdk/jre/lib/endorsed"/>
    <property name="java.runtime.name" value="OpenJDK Runtime Environment"/>
    <property name="file.encoding" value="UTF-8"/>
    <property name="java.vm.name" value="OpenJDK 64-Bit Server VM"/>
    <property name="test.build.webapps" value=""/>
    <property name="localRepository" value="/home/user/.m2/repository"/>
    <property name="java.vendor.url.bug" value="https://icedtea.classpath.org/bugzilla"/>
    <property name="java.io.tmpdir" value="/tmp"/>
    <property name="require.test.libhadoop" value=""/>
    <property name="java.version" value="1.8.0_212"/>
    <property name="user.dir" value="/workdir/hadoop-hdds/server-scm"/>
    <property name="os.arch" value="amd64"/>
    <property name="java.vm.specification.name" value="Java Virtual Machine Specification"/>
    <property name="test.build.classes" value="/workdir/hadoop-hdds/server-scm/target/test-classes"/>
    <property name="java.awt.printerjob" value="sun.print.PSPrinterJob"/>
    <property name="sun.os.patch.level" value="unknown"/>
    <property name="hadoop.tmp.dir" value="/workdir/hadoop-hdds/server-scm/target/tmp"/>
    <property name="java.library.path" value="/usr/lib/jvm/java-1.8-openjdk/jre/lib/amd64/server:/usr/lib/jvm/java-1.8-openjdk/jre/lib/amd64:/usr/lib/jvm/java-1.8-openjdk/jre/../lib/amd64:/workdir/hadoop-hdds/server-scm/target/native/target/usr/local/lib:/workdir/hadoop-hdds/server-scm/../../hadoop-common-project/hadoop-common/target/native/target/usr/local/lib:/usr/java/packages/lib/amd64:/usr/lib64:/lib64:/lib:/usr/lib"/>
    <property name="java.vm.info" value="mixed mode"/>
    <property name="java.vendor" value="IcedTea"/>
    <property name="java.vm.version" value="25.212-b04"/>
    <property name="java.ext.dirs" value="/usr/lib/jvm/java-1.8-openjdk/jre/lib/ext:/usr/java/packages/lib/ext"/>
    <property name="sun.io.unicode.encoding" value="UnicodeLittle"/>
    <property name="java.class.version" value="52.0"/>
  </properties>
  <testcase name="testSafeModeExitRule" classname="org.apache.hadoop.hdds.scm.safemode.TestSCMSafeModeManager" time="0.829"/>
  <testcase name="testFailWithIncorrectValueForHealthyPipelinePercent" classname="org.apache.hadoop.hdds.scm.safemode.TestSCMSafeModeManager" time="0.504"/>
  <testcase name="testDisableSafeMode" classname="org.apache.hadoop.hdds.scm.safemode.TestSCMSafeModeManager" time="0.151"/>
  <testcase name="testSafeModeExitRuleWithPipelineAvailabilityCheck" classname="org.apache.hadoop.hdds.scm.safemode.TestSCMSafeModeManager" time="8.003">
    <failure message="expected:&lt;9&gt; but was:&lt;8&gt;" type="java.lang.AssertionError"><![CDATA[java.lang.AssertionError: expected:<9> but was:<8>
	at org.junit.Assert.fail(Assert.java:88)
	at org.junit.Assert.failNotEquals(Assert.java:743)
	at org.junit.Assert.assertEquals(Assert.java:118)
	at org.junit.Assert.assertEquals(Assert.java:555)
	at org.junit.Assert.assertEquals(Assert.java:542)
	at org.apache.hadoop.hdds.scm.safemode.TestSCMSafeModeManager.testSafeModeExitRuleWithPipelineAvailabilityCheck(TestSCMSafeModeManager.java:316)
	at org.apache.hadoop.hdds.scm.safemode.TestSCMSafeModeManager.testSafeModeExitRuleWithPipelineAvailabilityCheck(TestSCMSafeModeManager.java:183)
	at sun.reflect.NativeMethodAccessorImpl.invoke0(Native Method)
	at sun.reflect.NativeMethodAccessorImpl.invoke(NativeMethodAccessorImpl.java:62)
	at sun.reflect.DelegatingMethodAccessorImpl.invoke(DelegatingMethodAccessorImpl.java:43)
	at java.lang.reflect.Method.invoke(Method.java:498)
	at org.junit.runners.model.FrameworkMethod$1.runReflectiveCall(FrameworkMethod.java:47)
	at org.junit.internal.runners.model.ReflectiveCallable.run(ReflectiveCallable.java:12)
	at org.junit.runners.model.FrameworkMethod.invokeExplosively(FrameworkMethod.java:44)
	at org.junit.internal.runners.statements.InvokeMethod.evaluate(InvokeMethod.java:17)
	at org.junit.internal.runners.statements.FailOnTimeout$StatementThread.run(FailOnTimeout.java:74)
]]></failure>
    <system-out><![CDATA[2019-10-09 10:33:08,816 INFO  net.NodeSchemaLoader (NodeSchemaLoader.java:loadSchemaFromFile(125)) - Loading file from sun.misc.CompoundEnumeration@7c9542d4
2019-10-09 10:33:08,816 INFO  net.NodeSchemaLoader (NodeSchemaLoader.java:loadSchema(171)) - Loading network topology layer schema file
2019-10-09 10:33:08,820 INFO  net.NetworkTopology (NetworkTopologyImpl.java:add(111)) - Added a new node: /default-rack/3a756eb6-cf36-4a10-9da4-2c706ad401f5
2019-10-09 10:33:08,820 INFO  net.NetworkTopology (NetworkTopologyImpl.java:add(111)) - Added a new node: /default-rack/1ec9c966-c5be-40c0-a72a-8fdb8df0c2ee
2019-10-09 10:33:08,820 INFO  net.NetworkTopology (NetworkTopologyImpl.java:add(111)) - Added a new node: /default-rack/b9e4f9ca-0ccc-4f7b-af9a-98715e87babf
2019-10-09 10:33:08,820 INFO  net.NetworkTopology (NetworkTopologyImpl.java:add(111)) - Added a new node: /default-rack/ed9d0a57-d4c0-4be7-a09c-88e41966ad89
2019-10-09 10:33:08,821 INFO  net.NetworkTopology (NetworkTopologyImpl.java:add(111)) - Added a new node: /default-rack/db629cfc-6621-4a6e-a46f-f5dcedbade1e
2019-10-09 10:33:08,821 INFO  net.NetworkTopology (NetworkTopologyImpl.java:add(111)) - Added a new node: /default-rack/a87ba591-9b2a-4bbe-8112-5a53412a7ffb
2019-10-09 10:33:08,821 INFO  net.NetworkTopology (NetworkTopologyImpl.java:add(111)) - Added a new node: /default-rack/7d0aeff8-7bfa-4d9f-88b4-820857e1665d
2019-10-09 10:33:08,822 INFO  net.NetworkTopology (NetworkTopologyImpl.java:add(111)) - Added a new node: /default-rack/eab94307-5e16-4c27-a456-21ae43f5b5ba
2019-10-09 10:33:08,822 INFO  net.NetworkTopology (NetworkTopologyImpl.java:add(111)) - Added a new node: /default-rack/aa039813-3e8e-4e02-af0c-5b4a35f32d6b
2019-10-09 10:33:08,822 INFO  net.NetworkTopology (NetworkTopologyImpl.java:add(111)) - Added a new node: /default-rack/74c2d3e4-8d53-4638-9979-c0b45d845dc6
2019-10-09 10:33:08,823 INFO  net.NetworkTopology (NetworkTopologyImpl.java:add(111)) - Added a new node: /default-rack/7b4c0006-d97b-43ec-a758-257c76cd099f
2019-10-09 10:33:08,823 INFO  net.NetworkTopology (NetworkTopologyImpl.java:add(111)) - Added a new node: /default-rack/743f61e2-cc9f-4041-8df1-cb475078fbe4
2019-10-09 10:33:08,823 INFO  net.NetworkTopology (NetworkTopologyImpl.java:add(111)) - Added a new node: /default-rack/2b55741b-9a58-4b5b-9862-b6caf382a084
2019-10-09 10:33:08,823 INFO  net.NetworkTopology (NetworkTopologyImpl.java:add(111)) - Added a new node: /default-rack/5cf248e0-601e-49c5-ada2-94f77d0c673b
2019-10-09 10:33:08,824 INFO  net.NetworkTopology (NetworkTopologyImpl.java:add(111)) - Added a new node: /default-rack/9935b185-5a24-489a-8782-5f9c89c7cb7b
2019-10-09 10:33:08,824 INFO  net.NetworkTopology (NetworkTopologyImpl.java:add(111)) - Added a new node: /default-rack/5daa02dd-e346-46c9-bce7-ac6410b2818b
2019-10-09 10:33:08,824 INFO  net.NetworkTopology (NetworkTopologyImpl.java:add(111)) - Added a new node: /default-rack/478ecacb-f175-4aee-813a-df0d937e9924
2019-10-09 10:33:08,824 INFO  net.NetworkTopology (NetworkTopologyImpl.java:add(111)) - Added a new node: /default-rack/f980467c-fa08-4ea2-a456-9126ecd96092
2019-10-09 10:33:08,825 INFO  net.NetworkTopology (NetworkTopologyImpl.java:add(111)) - Added a new node: /default-rack/1aa9b99b-61e5-474f-98d0-8101ded8ab03
2019-10-09 10:33:08,825 INFO  net.NetworkTopology (NetworkTopologyImpl.java:add(111)) - Added a new node: /default-rack/dca63217-e655-4e25-b1d6-e2a723742e36
2019-10-09 10:33:08,825 INFO  net.NetworkTopology (NetworkTopologyImpl.java:add(111)) - Added a new node: /default-rack/3a26d1de-9164-4356-8327-e75644694d9a
2019-10-09 10:33:08,826 INFO  net.NetworkTopology (NetworkTopologyImpl.java:add(111)) - Added a new node: /default-rack/115841d9-2995-4d05-aede-81f07b7fb63d
2019-10-09 10:33:08,826 INFO  net.NetworkTopology (NetworkTopologyImpl.java:add(111)) - Added a new node: /default-rack/8d7a6f19-88e3-4681-aa74-dbbdd28b2283
2019-10-09 10:33:08,826 INFO  net.NetworkTopology (NetworkTopologyImpl.java:add(111)) - Added a new node: /default-rack/a592b2ca-229b-41bb-a13f-5612bcc47ef0
2019-10-09 10:33:08,826 INFO  net.NetworkTopology (NetworkTopologyImpl.java:add(111)) - Added a new node: /default-rack/1c61b367-0296-4222-b313-56bda5d5ad96
2019-10-09 10:33:08,827 INFO  net.NetworkTopology (NetworkTopologyImpl.java:add(111)) - Added a new node: /default-rack/1c020c2b-86dc-4575-9d5d-62641b368d1b
2019-10-09 10:33:08,827 INFO  net.NetworkTopology (NetworkTopologyImpl.java:add(111)) - Added a new node: /default-rack/2244b5c1-2a07-40f2-a10a-c11bbcd5c932
2019-10-09 10:33:08,827 INFO  net.NetworkTopology (NetworkTopologyImpl.java:add(111)) - Added a new node: /default-rack/90b19328-4131-4ccb-99bb-b187f0b262c9
2019-10-09 10:33:08,827 INFO  net.NetworkTopology (NetworkTopologyImpl.java:add(111)) - Added a new node: /default-rack/68ee3687-1a94-4400-8684-5d74b68ce8ff
2019-10-09 10:33:08,828 INFO  net.NetworkTopology (NetworkTopologyImpl.java:add(111)) - Added a new node: /default-rack/88414aef-a5d5-4683-9597-628d8edc74a3
2019-10-09 10:33:08,828 WARN  server.ServerUtils (ServerUtils.java:getScmDbDir(145)) - ozone.scm.db.dirs is not configured. We recommend adding this setting. Falling back to ozone.metadata.dirs instead.
2019-10-09 10:33:08,914 WARN  util.MBeans (MBeans.java:getMBeanName(165)) - Error creating MBean object name: Hadoop:service=SCMPipelineManager,name=SCMPipelineManagerInfo
org.apache.hadoop.metrics2.MetricsException: org.apache.hadoop.metrics2.MetricsException: Hadoop:service=SCMPipelineManager,name=SCMPipelineManagerInfo already exists!
	at org.apache.hadoop.metrics2.lib.DefaultMetricsSystem.newObjectName(DefaultMetricsSystem.java:135)
	at org.apache.hadoop.metrics2.lib.DefaultMetricsSystem.newMBeanName(DefaultMetricsSystem.java:110)
	at org.apache.hadoop.metrics2.util.MBeans.getMBeanName(MBeans.java:163)
	at org.apache.hadoop.metrics2.util.MBeans.register(MBeans.java:95)
	at org.apache.hadoop.metrics2.util.MBeans.register(MBeans.java:72)
	at org.apache.hadoop.hdds.scm.pipeline.SCMPipelineManager.<init>(SCMPipelineManager.java:117)
	at org.apache.hadoop.hdds.scm.safemode.TestSCMSafeModeManager.testSafeModeExitRuleWithPipelineAvailabilityCheck(TestSCMSafeModeManager.java:255)
	at org.apache.hadoop.hdds.scm.safemode.TestSCMSafeModeManager.testSafeModeExitRuleWithPipelineAvailabilityCheck(TestSCMSafeModeManager.java:182)
	at sun.reflect.NativeMethodAccessorImpl.invoke0(Native Method)
	at sun.reflect.NativeMethodAccessorImpl.invoke(NativeMethodAccessorImpl.java:62)
	at sun.reflect.DelegatingMethodAccessorImpl.invoke(DelegatingMethodAccessorImpl.java:43)
	at java.lang.reflect.Method.invoke(Method.java:498)
	at org.junit.runners.model.FrameworkMethod$1.runReflectiveCall(FrameworkMethod.java:47)
	at org.junit.internal.runners.model.ReflectiveCallable.run(ReflectiveCallable.java:12)
	at org.junit.runners.model.FrameworkMethod.invokeExplosively(FrameworkMethod.java:44)
	at org.junit.internal.runners.statements.InvokeMethod.evaluate(InvokeMethod.java:17)
	at org.junit.internal.runners.statements.FailOnTimeout$StatementThread.run(FailOnTimeout.java:74)
Caused by: org.apache.hadoop.metrics2.MetricsException: Hadoop:service=SCMPipelineManager,name=SCMPipelineManagerInfo already exists!
	at org.apache.hadoop.metrics2.lib.DefaultMetricsSystem.newObjectName(DefaultMetricsSystem.java:131)
	... 16 more
2019-10-09 10:33:08,917 INFO  pipeline.SCMPipelineManager (SCMPipelineManager.java:initializePipelineState(144)) - No pipeline exists in current db
2019-10-09 10:33:08,947 INFO  pipeline.RatisPipelineProvider (RatisPipelineProvider.java:lambda$create$4(164)) - Send pipeline:PipelineID=d60af01c-91a2-4003-9d73-283c56c4be76 create command to datanode 3a756eb6-cf36-4a10-9da4-2c706ad401f5
2019-10-09 10:33:08,947 WARN  events.EventQueue (EventQueue.java:fireEvent(183)) - No event handler registered for event TypedEvent{payloadType=CommandForDatanode, name='Datanode_Command'}
2019-10-09 10:33:08,948 INFO  pipeline.RatisPipelineProvider (RatisPipelineProvider.java:lambda$create$4(164)) - Send pipeline:PipelineID=d60af01c-91a2-4003-9d73-283c56c4be76 create command to datanode 1ec9c966-c5be-40c0-a72a-8fdb8df0c2ee
2019-10-09 10:33:08,948 WARN  events.EventQueue (EventQueue.java:fireEvent(183)) - No event handler registered for event TypedEvent{payloadType=CommandForDatanode, name='Datanode_Command'}
2019-10-09 10:33:08,948 INFO  pipeline.RatisPipelineProvider (RatisPipelineProvider.java:lambda$create$4(164)) - Send pipeline:PipelineID=d60af01c-91a2-4003-9d73-283c56c4be76 create command to datanode b9e4f9ca-0ccc-4f7b-af9a-98715e87babf
2019-10-09 10:33:08,948 WARN  events.EventQueue (EventQueue.java:fireEvent(183)) - No event handler registered for event TypedEvent{payloadType=CommandForDatanode, name='Datanode_Command'}
2019-10-09 10:33:08,976 INFO  pipeline.RatisPipelineProvider (RatisPipelineProvider.java:lambda$create$4(164)) - Send pipeline:PipelineID=43a6c241-e2a1-48e6-ac50-1e11aa757ece create command to datanode ed9d0a57-d4c0-4be7-a09c-88e41966ad89
2019-10-09 10:33:08,977 WARN  events.EventQueue (EventQueue.java:fireEvent(183)) - No event handler registered for event TypedEvent{payloadType=CommandForDatanode, name='Datanode_Command'}
2019-10-09 10:33:08,977 INFO  pipeline.RatisPipelineProvider (RatisPipelineProvider.java:lambda$create$4(164)) - Send pipeline:PipelineID=43a6c241-e2a1-48e6-ac50-1e11aa757ece create command to datanode db629cfc-6621-4a6e-a46f-f5dcedbade1e
2019-10-09 10:33:08,977 WARN  events.EventQueue (EventQueue.java:fireEvent(183)) - No event handler registered for event TypedEvent{payloadType=CommandForDatanode, name='Datanode_Command'}
2019-10-09 10:33:08,977 INFO  pipeline.RatisPipelineProvider (RatisPipelineProvider.java:lambda$create$4(164)) - Send pipeline:PipelineID=43a6c241-e2a1-48e6-ac50-1e11aa757ece create command to datanode a87ba591-9b2a-4bbe-8112-5a53412a7ffb
2019-10-09 10:33:08,977 WARN  events.EventQueue (EventQueue.java:fireEvent(183)) - No event handler registered for event TypedEvent{payloadType=CommandForDatanode, name='Datanode_Command'}
2019-10-09 10:33:08,978 INFO  pipeline.RatisPipelineProvider (RatisPipelineProvider.java:lambda$create$4(164)) - Send pipeline:PipelineID=b88f807c-a67a-4c39-90ec-06677eecde2e create command to datanode 7d0aeff8-7bfa-4d9f-88b4-820857e1665d
2019-10-09 10:33:08,979 WARN  events.EventQueue (EventQueue.java:fireEvent(183)) - No event handler registered for event TypedEvent{payloadType=CommandForDatanode, name='Datanode_Command'}
2019-10-09 10:33:08,979 INFO  pipeline.RatisPipelineProvider (RatisPipelineProvider.java:lambda$create$4(164)) - Send pipeline:PipelineID=b88f807c-a67a-4c39-90ec-06677eecde2e create command to datanode eab94307-5e16-4c27-a456-21ae43f5b5ba
2019-10-09 10:33:08,979 WARN  events.EventQueue (EventQueue.java:fireEvent(183)) - No event handler registered for event TypedEvent{payloadType=CommandForDatanode, name='Datanode_Command'}
2019-10-09 10:33:08,979 INFO  pipeline.RatisPipelineProvider (RatisPipelineProvider.java:lambda$create$4(164)) - Send pipeline:PipelineID=b88f807c-a67a-4c39-90ec-06677eecde2e create command to datanode 743f61e2-cc9f-4041-8df1-cb475078fbe4
2019-10-09 10:33:08,979 WARN  events.EventQueue (EventQueue.java:fireEvent(183)) - No event handler registered for event TypedEvent{payloadType=CommandForDatanode, name='Datanode_Command'}
2019-10-09 10:33:08,981 INFO  pipeline.RatisPipelineProvider (RatisPipelineProvider.java:lambda$create$4(164)) - Send pipeline:PipelineID=8854460c-65d0-4c0b-a7c6-fb116fd14ec8 create command to datanode 2b55741b-9a58-4b5b-9862-b6caf382a084
2019-10-09 10:33:08,981 WARN  events.EventQueue (EventQueue.java:fireEvent(183)) - No event handler registered for event TypedEvent{payloadType=CommandForDatanode, name='Datanode_Command'}
2019-10-09 10:33:08,981 INFO  pipeline.RatisPipelineProvider (RatisPipelineProvider.java:lambda$create$4(164)) - Send pipeline:PipelineID=8854460c-65d0-4c0b-a7c6-fb116fd14ec8 create command to datanode 5cf248e0-601e-49c5-ada2-94f77d0c673b
2019-10-09 10:33:08,981 WARN  events.EventQueue (EventQueue.java:fireEvent(183)) - No event handler registered for event TypedEvent{payloadType=CommandForDatanode, name='Datanode_Command'}
2019-10-09 10:33:08,982 INFO  pipeline.RatisPipelineProvider (RatisPipelineProvider.java:lambda$create$4(164)) - Send pipeline:PipelineID=8854460c-65d0-4c0b-a7c6-fb116fd14ec8 create command to datanode 9935b185-5a24-489a-8782-5f9c89c7cb7b
2019-10-09 10:33:08,982 WARN  events.EventQueue (EventQueue.java:fireEvent(183)) - No event handler registered for event TypedEvent{payloadType=CommandForDatanode, name='Datanode_Command'}
2019-10-09 10:33:08,983 INFO  pipeline.RatisPipelineProvider (RatisPipelineProvider.java:lambda$create$4(164)) - Send pipeline:PipelineID=1e7986e4-dcbb-469c-aa7f-a0d4c6170172 create command to datanode 5daa02dd-e346-46c9-bce7-ac6410b2818b
2019-10-09 10:33:08,983 WARN  events.EventQueue (EventQueue.java:fireEvent(183)) - No event handler registered for event TypedEvent{payloadType=CommandForDatanode, name='Datanode_Command'}
2019-10-09 10:33:08,983 INFO  pipeline.RatisPipelineProvider (RatisPipelineProvider.java:lambda$create$4(164)) - Send pipeline:PipelineID=1e7986e4-dcbb-469c-aa7f-a0d4c6170172 create command to datanode 478ecacb-f175-4aee-813a-df0d937e9924
2019-10-09 10:33:08,983 WARN  events.EventQueue (EventQueue.java:fireEvent(183)) - No event handler registered for event TypedEvent{payloadType=CommandForDatanode, name='Datanode_Command'}
2019-10-09 10:33:08,983 INFO  pipeline.RatisPipelineProvider (RatisPipelineProvider.java:lambda$create$4(164)) - Send pipeline:PipelineID=1e7986e4-dcbb-469c-aa7f-a0d4c6170172 create command to datanode f980467c-fa08-4ea2-a456-9126ecd96092
2019-10-09 10:33:08,984 WARN  events.EventQueue (EventQueue.java:fireEvent(183)) - No event handler registered for event TypedEvent{payloadType=CommandForDatanode, name='Datanode_Command'}
2019-10-09 10:33:08,985 INFO  pipeline.RatisPipelineProvider (RatisPipelineProvider.java:lambda$create$4(164)) - Send pipeline:PipelineID=6610f4a1-2805-45f3-9ec1-54dec2a713e2 create command to datanode 1aa9b99b-61e5-474f-98d0-8101ded8ab03
2019-10-09 10:33:08,985 WARN  events.EventQueue (EventQueue.java:fireEvent(183)) - No event handler registered for event TypedEvent{payloadType=CommandForDatanode, name='Datanode_Command'}
2019-10-09 10:33:08,985 INFO  pipeline.RatisPipelineProvider (RatisPipelineProvider.java:lambda$create$4(164)) - Send pipeline:PipelineID=6610f4a1-2805-45f3-9ec1-54dec2a713e2 create command to datanode 8d7a6f19-88e3-4681-aa74-dbbdd28b2283
2019-10-09 10:33:08,985 WARN  events.EventQueue (EventQueue.java:fireEvent(183)) - No event handler registered for event TypedEvent{payloadType=CommandForDatanode, name='Datanode_Command'}
2019-10-09 10:33:08,985 INFO  pipeline.RatisPipelineProvider (RatisPipelineProvider.java:lambda$create$4(164)) - Send pipeline:PipelineID=6610f4a1-2805-45f3-9ec1-54dec2a713e2 create command to datanode a592b2ca-229b-41bb-a13f-5612bcc47ef0
2019-10-09 10:33:08,986 WARN  events.EventQueue (EventQueue.java:fireEvent(183)) - No event handler registered for event TypedEvent{payloadType=CommandForDatanode, name='Datanode_Command'}
2019-10-09 10:33:08,987 INFO  pipeline.RatisPipelineProvider (RatisPipelineProvider.java:lambda$create$4(164)) - Send pipeline:PipelineID=c2d47159-36c5-4a17-9ec5-84069fd1aad4 create command to datanode 1c61b367-0296-4222-b313-56bda5d5ad96
2019-10-09 10:33:08,987 WARN  events.EventQueue (EventQueue.java:fireEvent(183)) - No event handler registered for event TypedEvent{payloadType=CommandForDatanode, name='Datanode_Command'}
2019-10-09 10:33:08,987 INFO  pipeline.RatisPipelineProvider (RatisPipelineProvider.java:lambda$create$4(164)) - Send pipeline:PipelineID=c2d47159-36c5-4a17-9ec5-84069fd1aad4 create command to datanode 1c020c2b-86dc-4575-9d5d-62641b368d1b
2019-10-09 10:33:08,987 WARN  events.EventQueue (EventQueue.java:fireEvent(183)) - No event handler registered for event TypedEvent{payloadType=CommandForDatanode, name='Datanode_Command'}
2019-10-09 10:33:08,987 INFO  pipeline.RatisPipelineProvider (RatisPipelineProvider.java:lambda$create$4(164)) - Send pipeline:PipelineID=c2d47159-36c5-4a17-9ec5-84069fd1aad4 create command to datanode 2244b5c1-2a07-40f2-a10a-c11bbcd5c932
2019-10-09 10:33:08,987 WARN  events.EventQueue (EventQueue.java:fireEvent(183)) - No event handler registered for event TypedEvent{payloadType=CommandForDatanode, name='Datanode_Command'}
2019-10-09 10:33:08,988 INFO  pipeline.RatisPipelineProvider (RatisPipelineProvider.java:lambda$create$4(164)) - Send pipeline:PipelineID=de009037-0070-435e-a2f4-62e6d852feab create command to datanode 90b19328-4131-4ccb-99bb-b187f0b262c9
2019-10-09 10:33:08,989 WARN  events.EventQueue (EventQueue.java:fireEvent(183)) - No event handler registered for event TypedEvent{payloadType=CommandForDatanode, name='Datanode_Command'}
2019-10-09 10:33:08,989 INFO  pipeline.RatisPipelineProvider (RatisPipelineProvider.java:lambda$create$4(164)) - Send pipeline:PipelineID=de009037-0070-435e-a2f4-62e6d852feab create command to datanode 68ee3687-1a94-4400-8684-5d74b68ce8ff
2019-10-09 10:33:08,989 WARN  events.EventQueue (EventQueue.java:fireEvent(183)) - No event handler registered for event TypedEvent{payloadType=CommandForDatanode, name='Datanode_Command'}
2019-10-09 10:33:08,989 INFO  pipeline.RatisPipelineProvider (RatisPipelineProvider.java:lambda$create$4(164)) - Send pipeline:PipelineID=de009037-0070-435e-a2f4-62e6d852feab create command to datanode 88414aef-a5d5-4683-9597-628d8edc74a3
2019-10-09 10:33:08,989 WARN  events.EventQueue (EventQueue.java:fireEvent(183)) - No event handler registered for event TypedEvent{payloadType=CommandForDatanode, name='Datanode_Command'}
2019-10-09 10:33:08,992 INFO  safemode.HealthyPipelineSafeModeRule (HealthyPipelineSafeModeRule.java:<init>(89)) -  Total pipeline count is 8, healthy pipeline threshold count is 8
2019-10-09 10:33:08,993 INFO  safemode.OneReplicaPipelineSafeModeRule (OneReplicaPipelineSafeModeRule.java:<init>(88)) - Total pipeline count is 8, pipeline's with at least one datanode reported threshold count is 8
2019-10-09 10:33:08,993 WARN  events.EventQueue (EventQueue.java:fireEvent(183)) - No event handler registered for event TypedEvent{payloadType=SafeModeStatus, name='SafeModeStatus'}
2019-10-09 10:33:08,995 INFO  safemode.SCMSafeModeManager (DataNodeSafeModeRule.java:process(71)) - SCM in safe mode. 1 DataNodes registered, 1 required.
2019-10-09 10:33:08,995 INFO  safemode.SCMSafeModeManager (SCMSafeModeManager.java:validateSafeModeExitRules(169)) - ContainerSafeModeRule rule is successfully validated
2019-10-09 10:33:08,995 INFO  safemode.SCMSafeModeManager (DataNodeSafeModeRule.java:process(71)) - SCM in safe mode. 1 DataNodes registered, 1 required.
2019-10-09 10:33:08,996 INFO  safemode.SCMSafeModeManager (SCMSafeModeManager.java:validateSafeModeExitRules(169)) - DataNodeSafeModeRule rule is successfully validated
2019-10-09 10:33:08,996 INFO  safemode.SCMSafeModeManager (SCMSafeModeManager.java:validateSafeModeExitRules(178)) - ScmSafeModeManager, all rules are successfully validated
2019-10-09 10:33:08,996 INFO  safemode.SCMSafeModeManager (SCMSafeModeManager.java:exitSafeMode(194)) - SCM exiting safe mode.
2019-10-09 10:33:08,995 INFO  safemode.SCMSafeModeManager (SCMSafeModeManager.java:validateSafeModeExitRules(169)) - DataNodeSafeModeRule rule is successfully validated
2019-10-09 10:33:08,996 WARN  events.EventQueue (EventQueue.java:fireEvent(183)) - No event handler registered for event TypedEvent{payloadType=SafeModeStatus, name='SafeModeStatus'}
2019-10-09 10:33:08,996 INFO  safemode.SCMSafeModeManager (ContainerSafeModeRule.java:process(117)) - SCM in safe mode. 100.0 % containers have at least one reported replica.
2019-10-09 10:33:08,997 INFO  safemode.SCMSafeModeManager (SCMSafeModeManager.java:validateSafeModeExitRules(169)) - ContainerSafeModeRule rule is successfully validated
2019-10-09 10:33:09,010 INFO  pipeline.RatisPipelineProvider (RatisPipelineProvider.java:lambda$create$4(164)) - Send pipeline:PipelineID=9e650cee-5177-46e7-a490-2c96342c4ba1 create command to datanode 128d7ce8-09fb-40e4-98c3-29ad7016a3e3
2019-10-09 10:33:09,010 WARN  events.EventQueue (EventQueue.java:fireEvent(183)) - No event handler registered for event TypedEvent{payloadType=CommandForDatanode, name='Datanode_Command'}
2019-10-09 10:33:09,011 INFO  pipeline.RatisPipelineProvider (RatisPipelineProvider.java:lambda$create$4(164)) - Send pipeline:PipelineID=a52d28ce-2a5d-4db0-811c-e9271531f246 create command to datanode 8fbe9c60-2b15-457c-b991-1bfa1a91a7d8
2019-10-09 10:33:09,011 WARN  events.EventQueue (EventQueue.java:fireEvent(183)) - No event handler registered for event TypedEvent{payloadType=CommandForDatanode, name='Datanode_Command'}
2019-10-09 10:33:09,012 INFO  pipeline.RatisPipelineProvider (RatisPipelineProvider.java:lambda$create$4(164)) - Send pipeline:PipelineID=a19c3ba1-0dc5-4358-9e83-d00f7581ec74 create command to datanode d89a0d62-6a6a-47b5-b65c-f30d2e3b8a58
2019-10-09 10:33:09,012 WARN  events.EventQueue (EventQueue.java:fireEvent(183)) - No event handler registered for event TypedEvent{payloadType=CommandForDatanode, name='Datanode_Command'}
2019-10-09 10:33:09,013 INFO  pipeline.RatisPipelineProvider (RatisPipelineProvider.java:lambda$create$4(164)) - Send pipeline:PipelineID=107c5a1d-35c8-4a99-a325-954d492431bc create command to datanode 3f2b5f00-aa5a-403b-8aff-a9871d119ae1
2019-10-09 10:33:09,013 WARN  events.EventQueue (EventQueue.java:fireEvent(183)) - No event handler registered for event TypedEvent{payloadType=CommandForDatanode, name='Datanode_Command'}
2019-10-09 10:33:09,014 INFO  pipeline.RatisPipelineProvider (RatisPipelineProvider.java:lambda$create$4(164)) - Send pipeline:PipelineID=a36b230b-92e9-4ca6-ae55-049f74a163ec create command to datanode 49c139cb-7c9d-483e-ac62-58e204db5634
2019-10-09 10:33:09,014 WARN  events.EventQueue (EventQueue.java:fireEvent(183)) - No event handler registered for event TypedEvent{payloadType=CommandForDatanode, name='Datanode_Command'}
2019-10-09 10:33:09,015 INFO  pipeline.RatisPipelineProvider (RatisPipelineProvider.java:lambda$create$4(164)) - Send pipeline:PipelineID=67ef24cb-7823-4735-94bb-d56c6cb463f5 create command to datanode 372a728f-64e7-47d4-a6e5-4eb3d567a05b
2019-10-09 10:33:09,015 WARN  events.EventQueue (EventQueue.java:fireEvent(183)) - No event handler registered for event TypedEvent{payloadType=CommandForDatanode, name='Datanode_Command'}
2019-10-09 10:33:09,016 INFO  pipeline.RatisPipelineProvider (RatisPipelineProvider.java:lambda$create$4(164)) - Send pipeline:PipelineID=a10bb3e3-87e7-4444-81ef-f6fff2e713c1 create command to datanode 2f54df0f-1753-40fb-a76c-1ce8fd606b41
2019-10-09 10:33:09,016 WARN  events.EventQueue (EventQueue.java:fireEvent(183)) - No event handler registered for event TypedEvent{payloadType=CommandForDatanode, name='Datanode_Command'}
2019-10-09 10:33:09,017 INFO  pipeline.RatisPipelineProvider (RatisPipelineProvider.java:lambda$create$4(164)) - Send pipeline:PipelineID=21a1249a-027a-4c6e-9a3c-a78375d066f4 create command to datanode 5426ddd9-ab80-4363-9c88-af3ba5ea6b7a
2019-10-09 10:33:09,017 WARN  events.EventQueue (EventQueue.java:fireEvent(183)) - No event handler registered for event TypedEvent{payloadType=CommandForDatanode, name='Datanode_Command'}
2019-10-09 10:33:09,019 INFO  pipeline.RatisPipelineProvider (RatisPipelineProvider.java:lambda$create$4(164)) - Send pipeline:PipelineID=93e604fc-de4f-4c69-a526-af1c04b50d4b create command to datanode 128d7ce8-09fb-40e4-98c3-29ad7016a3e3
2019-10-09 10:33:09,019 WARN  events.EventQueue (EventQueue.java:fireEvent(183)) - No event handler registered for event TypedEvent{payloadType=CommandForDatanode, name='Datanode_Command'}
2019-10-09 10:33:09,019 INFO  pipeline.RatisPipelineProvider (RatisPipelineProvider.java:lambda$create$4(164)) - Send pipeline:PipelineID=93e604fc-de4f-4c69-a526-af1c04b50d4b create command to datanode 8fbe9c60-2b15-457c-b991-1bfa1a91a7d8
2019-10-09 10:33:09,019 WARN  events.EventQueue (EventQueue.java:fireEvent(183)) - No event handler registered for event TypedEvent{payloadType=CommandForDatanode, name='Datanode_Command'}
2019-10-09 10:33:09,019 INFO  pipeline.RatisPipelineProvider (RatisPipelineProvider.java:lambda$create$4(164)) - Send pipeline:PipelineID=93e604fc-de4f-4c69-a526-af1c04b50d4b create command to datanode d89a0d62-6a6a-47b5-b65c-f30d2e3b8a58
2019-10-09 10:33:09,020 WARN  events.EventQueue (EventQueue.java:fireEvent(183)) - No event handler registered for event TypedEvent{payloadType=CommandForDatanode, name='Datanode_Command'}
2019-10-09 10:33:09,021 INFO  pipeline.RatisPipelineProvider (RatisPipelineProvider.java:lambda$create$4(164)) - Send pipeline:PipelineID=17eefde2-998e-4009-8378-5d58015f8b72 create command to datanode 3f2b5f00-aa5a-403b-8aff-a9871d119ae1
2019-10-09 10:33:09,021 WARN  events.EventQueue (EventQueue.java:fireEvent(183)) - No event handler registered for event TypedEvent{payloadType=CommandForDatanode, name='Datanode_Command'}
2019-10-09 10:33:09,021 INFO  pipeline.RatisPipelineProvider (RatisPipelineProvider.java:lambda$create$4(164)) - Send pipeline:PipelineID=17eefde2-998e-4009-8378-5d58015f8b72 create command to datanode 49c139cb-7c9d-483e-ac62-58e204db5634
2019-10-09 10:33:09,021 WARN  events.EventQueue (EventQueue.java:fireEvent(183)) - No event handler registered for event TypedEvent{payloadType=CommandForDatanode, name='Datanode_Command'}
2019-10-09 10:33:09,021 INFO  pipeline.RatisPipelineProvider (RatisPipelineProvider.java:lambda$create$4(164)) - Send pipeline:PipelineID=17eefde2-998e-4009-8378-5d58015f8b72 create command to datanode 372a728f-64e7-47d4-a6e5-4eb3d567a05b
2019-10-09 10:33:09,021 WARN  events.EventQueue (EventQueue.java:fireEvent(183)) - No event handler registered for event TypedEvent{payloadType=CommandForDatanode, name='Datanode_Command'}
2019-10-09 10:33:09,097 INFO  pipeline.PipelineStateManager (PipelineStateManager.java:openPipeline(134)) - Pipeline Pipeline[ Id: de009037-0070-435e-a2f4-62e6d852feab, Nodes: 90b19328-4131-4ccb-99bb-b187f0b262c9{ip: 170.105.135.167, host: localhost-170.105.135.167, networkLocation: /default-rack, certSerialId: null}68ee3687-1a94-4400-8684-5d74b68ce8ff{ip: 10.210.203.9, host: localhost-10.210.203.9, networkLocation: /default-rack, certSerialId: null}88414aef-a5d5-4683-9597-628d8edc74a3{ip: 252.188.219.120, host: localhost-252.188.219.120, networkLocation: /default-rack, certSerialId: null}, Type:RATIS, Factor:THREE, State:ALLOCATED] moved to OPEN state
2019-10-09 10:33:09,100 INFO  safemode.SCMSafeModeManager (HealthyPipelineSafeModeRule.java:process(122)) - SCM in safe mode. Healthy pipelines reported count is 1, required healthy pipeline reported count is 8
2019-10-09 10:33:09,100 INFO  safemode.SCMSafeModeManager (OneReplicaPipelineSafeModeRule.java:process(130)) - SCM in safe mode. Pipelines with at least one datanode reported count is 1, required at least one datanode reported per pipeline count is 8
2019-10-09 10:33:09,102 INFO  pipeline.PipelineStateManager (PipelineStateManager.java:openPipeline(134)) - Pipeline Pipeline[ Id: 1e7986e4-dcbb-469c-aa7f-a0d4c6170172, Nodes: 5daa02dd-e346-46c9-bce7-ac6410b2818b{ip: 106.149.104.45, host: localhost-106.149.104.45, networkLocation: /default-rack, certSerialId: null}478ecacb-f175-4aee-813a-df0d937e9924{ip: 143.31.2.76, host: localhost-143.31.2.76, networkLocation: /default-rack, certSerialId: null}f980467c-fa08-4ea2-a456-9126ecd96092{ip: 162.62.49.65, host: localhost-162.62.49.65, networkLocation: /default-rack, certSerialId: null}, Type:RATIS, Factor:THREE, State:ALLOCATED] moved to OPEN state
2019-10-09 10:33:09,103 INFO  safemode.SCMSafeModeManager (HealthyPipelineSafeModeRule.java:process(122)) - SCM in safe mode. Healthy pipelines reported count is 2, required healthy pipeline reported count is 8
2019-10-09 10:33:09,103 INFO  safemode.SCMSafeModeManager (OneReplicaPipelineSafeModeRule.java:process(130)) - SCM in safe mode. Pipelines with at least one datanode reported count is 2, required at least one datanode reported per pipeline count is 8
2019-10-09 10:33:10,103 INFO  pipeline.PipelineStateManager (PipelineStateManager.java:openPipeline(134)) - Pipeline Pipeline[ Id: b88f807c-a67a-4c39-90ec-06677eecde2e, Nodes: 7d0aeff8-7bfa-4d9f-88b4-820857e1665d{ip: 126.87.101.39, host: localhost-126.87.101.39, networkLocation: /default-rack, certSerialId: null}eab94307-5e16-4c27-a456-21ae43f5b5ba{ip: 173.59.54.101, host: localhost-173.59.54.101, networkLocation: /default-rack, certSerialId: null}743f61e2-cc9f-4041-8df1-cb475078fbe4{ip: 115.59.42.189, host: localhost-115.59.42.189, networkLocation: /default-rack, certSerialId: null}, Type:RATIS, Factor:THREE, State:ALLOCATED] moved to OPEN state
2019-10-09 10:33:10,104 INFO  safemode.SCMSafeModeManager (OneReplicaPipelineSafeModeRule.java:process(130)) - SCM in safe mode. Pipelines with at least one datanode reported count is 3, required at least one datanode reported per pipeline count is 8
2019-10-09 10:33:10,104 INFO  safemode.SCMSafeModeManager (HealthyPipelineSafeModeRule.java:process(122)) - SCM in safe mode. Healthy pipelines reported count is 3, required healthy pipeline reported count is 8
2019-10-09 10:33:10,204 INFO  pipeline.PipelineStateManager (PipelineStateManager.java:openPipeline(134)) - Pipeline Pipeline[ Id: c2d47159-36c5-4a17-9ec5-84069fd1aad4, Nodes: 1c61b367-0296-4222-b313-56bda5d5ad96{ip: 86.42.101.208, host: localhost-86.42.101.208, networkLocation: /default-rack, certSerialId: null}1c020c2b-86dc-4575-9d5d-62641b368d1b{ip: 49.22.4.209, host: localhost-49.22.4.209, networkLocation: /default-rack, certSerialId: null}2244b5c1-2a07-40f2-a10a-c11bbcd5c932{ip: 150.74.171.228, host: localhost-150.74.171.228, networkLocation: /default-rack, certSerialId: null}, Type:RATIS, Factor:THREE, State:ALLOCATED] moved to OPEN state
2019-10-09 10:33:10,205 INFO  safemode.SCMSafeModeManager (HealthyPipelineSafeModeRule.java:process(122)) - SCM in safe mode. Healthy pipelines reported count is 4, required healthy pipeline reported count is 8
2019-10-09 10:33:10,205 INFO  safemode.SCMSafeModeManager (OneReplicaPipelineSafeModeRule.java:process(130)) - SCM in safe mode. Pipelines with at least one datanode reported count is 4, required at least one datanode reported per pipeline count is 8
2019-10-09 10:33:11,205 INFO  pipeline.PipelineStateManager (PipelineStateManager.java:openPipeline(134)) - Pipeline Pipeline[ Id: d60af01c-91a2-4003-9d73-283c56c4be76, Nodes: 3a756eb6-cf36-4a10-9da4-2c706ad401f5{ip: 241.66.85.130, host: localhost-241.66.85.130, networkLocation: /default-rack, certSerialId: null}1ec9c966-c5be-40c0-a72a-8fdb8df0c2ee{ip: 76.29.202.87, host: localhost-76.29.202.87, networkLocation: /default-rack, certSerialId: null}b9e4f9ca-0ccc-4f7b-af9a-98715e87babf{ip: 82.94.184.253, host: localhost-82.94.184.253, networkLocation: /default-rack, certSerialId: null}, Type:RATIS, Factor:THREE, State:ALLOCATED] moved to OPEN state
2019-10-09 10:33:11,206 INFO  safemode.SCMSafeModeManager (HealthyPipelineSafeModeRule.java:process(122)) - SCM in safe mode. Healthy pipelines reported count is 5, required healthy pipeline reported count is 8
2019-10-09 10:33:11,206 INFO  safemode.SCMSafeModeManager (OneReplicaPipelineSafeModeRule.java:process(130)) - SCM in safe mode. Pipelines with at least one datanode reported count is 5, required at least one datanode reported per pipeline count is 8
2019-10-09 10:33:12,206 INFO  pipeline.PipelineStateManager (PipelineStateManager.java:openPipeline(134)) - Pipeline Pipeline[ Id: 43a6c241-e2a1-48e6-ac50-1e11aa757ece, Nodes: ed9d0a57-d4c0-4be7-a09c-88e41966ad89{ip: 217.105.158.24, host: localhost-217.105.158.24, networkLocation: /default-rack, certSerialId: null}db629cfc-6621-4a6e-a46f-f5dcedbade1e{ip: 250.231.196.228, host: localhost-250.231.196.228, networkLocation: /default-rack, certSerialId: null}a87ba591-9b2a-4bbe-8112-5a53412a7ffb{ip: 182.8.138.214, host: localhost-182.8.138.214, networkLocation: /default-rack, certSerialId: null}, Type:RATIS, Factor:THREE, State:ALLOCATED] moved to OPEN state
2019-10-09 10:33:12,207 INFO  safemode.SCMSafeModeManager (HealthyPipelineSafeModeRule.java:process(122)) - SCM in safe mode. Healthy pipelines reported count is 6, required healthy pipeline reported count is 8
2019-10-09 10:33:12,207 INFO  safemode.SCMSafeModeManager (OneReplicaPipelineSafeModeRule.java:process(130)) - SCM in safe mode. Pipelines with at least one datanode reported count is 6, required at least one datanode reported per pipeline count is 8
2019-10-09 10:33:12,307 INFO  pipeline.PipelineStateManager (PipelineStateManager.java:openPipeline(134)) - Pipeline Pipeline[ Id: 8854460c-65d0-4c0b-a7c6-fb116fd14ec8, Nodes: 2b55741b-9a58-4b5b-9862-b6caf382a084{ip: 94.227.88.216, host: localhost-94.227.88.216, networkLocation: /default-rack, certSerialId: null}5cf248e0-601e-49c5-ada2-94f77d0c673b{ip: 58.7.31.209, host: localhost-58.7.31.209, networkLocation: /default-rack, certSerialId: null}9935b185-5a24-489a-8782-5f9c89c7cb7b{ip: 251.40.94.245, host: localhost-251.40.94.245, networkLocation: /default-rack, certSerialId: null}, Type:RATIS, Factor:THREE, State:ALLOCATED] moved to OPEN state
2019-10-09 10:33:12,308 INFO  safemode.SCMSafeModeManager (OneReplicaPipelineSafeModeRule.java:process(130)) - SCM in safe mode. Pipelines with at least one datanode reported count is 7, required at least one datanode reported per pipeline count is 8
2019-10-09 10:33:12,308 INFO  pipeline.PipelineStateManager (PipelineStateManager.java:openPipeline(134)) - Pipeline Pipeline[ Id: 6610f4a1-2805-45f3-9ec1-54dec2a713e2, Nodes: 1aa9b99b-61e5-474f-98d0-8101ded8ab03{ip: 9.150.169.21, host: localhost-9.150.169.21, networkLocation: /default-rack, certSerialId: null}8d7a6f19-88e3-4681-aa74-dbbdd28b2283{ip: 47.81.7.119, host: localhost-47.81.7.119, networkLocation: /default-rack, certSerialId: null}a592b2ca-229b-41bb-a13f-5612bcc47ef0{ip: 0.126.225.214, host: localhost-0.126.225.214, networkLocation: /default-rack, certSerialId: null}, Type:RATIS, Factor:THREE, State:ALLOCATED] moved to OPEN state
2019-10-09 10:33:12,308 INFO  safemode.SCMSafeModeManager (HealthyPipelineSafeModeRule.java:process(122)) - SCM in safe mode. Healthy pipelines reported count is 7, required healthy pipeline reported count is 8
2019-10-09 10:33:12,309 INFO  safemode.SCMSafeModeManager (HealthyPipelineSafeModeRule.java:process(122)) - SCM in safe mode. Healthy pipelines reported count is 8, required healthy pipeline reported count is 8
2019-10-09 10:33:12,309 INFO  safemode.SCMSafeModeManager (OneReplicaPipelineSafeModeRule.java:process(130)) - SCM in safe mode. Pipelines with at least one datanode reported count is 8, required at least one datanode reported per pipeline count is 8
2019-10-09 10:33:12,309 INFO  safemode.SCMSafeModeManager (SCMSafeModeManager.java:validateSafeModeExitRules(169)) - HealthyPipelineSafeModeRule rule is successfully validated
2019-10-09 10:33:12,310 INFO  safemode.SCMSafeModeManager (SCMSafeModeManager.java:validateSafeModeExitRules(169)) - AtleastOneDatanodeReportedRule rule is successfully validated
2019-10-09 10:33:12,310 INFO  safemode.SCMSafeModeManager (SCMSafeModeManager.java:validateSafeModeExitRules(178)) - ScmSafeModeManager, all rules are successfully validated
2019-10-09 10:33:12,310 INFO  safemode.SCMSafeModeManager (SCMSafeModeManager.java:exitSafeMode(194)) - SCM exiting safe mode.
2019-10-09 10:33:12,310 WARN  events.EventQueue (EventQueue.java:fireEvent(183)) - No event handler registered for event TypedEvent{payloadType=SafeModeStatus, name='SafeModeStatus'}
2019-10-09 10:33:12,312 INFO  pipeline.RatisPipelineProvider (RatisPipelineProvider.java:lambda$create$4(164)) - Send pipeline:PipelineID=ccbdd623-8dcf-42e3-b5e2-07cab8088693 create command to datanode 3a756eb6-cf36-4a10-9da4-2c706ad401f5
2019-10-09 10:33:12,312 WARN  events.EventQueue (EventQueue.java:fireEvent(183)) - No event handler registered for event TypedEvent{payloadType=CommandForDatanode, name='Datanode_Command'}
2019-10-09 10:33:12,314 INFO  pipeline.RatisPipelineProvider (RatisPipelineProvider.java:lambda$create$4(164)) - Send pipeline:PipelineID=6f3ca378-8c0b-4c84-aea3-d0fc65f1c8af create command to datanode 1ec9c966-c5be-40c0-a72a-8fdb8df0c2ee
2019-10-09 10:33:12,314 WARN  events.EventQueue (EventQueue.java:fireEvent(183)) - No event handler registered for event TypedEvent{payloadType=CommandForDatanode, name='Datanode_Command'}
2019-10-09 10:33:12,315 INFO  pipeline.RatisPipelineProvider (RatisPipelineProvider.java:lambda$create$4(164)) - Send pipeline:PipelineID=66cb0123-dee0-48c6-9c15-7645de204651 create command to datanode b9e4f9ca-0ccc-4f7b-af9a-98715e87babf
2019-10-09 10:33:12,316 WARN  events.EventQueue (EventQueue.java:fireEvent(183)) - No event handler registered for event TypedEvent{payloadType=CommandForDatanode, name='Datanode_Command'}
2019-10-09 10:33:12,317 INFO  pipeline.RatisPipelineProvider (RatisPipelineProvider.java:lambda$create$4(164)) - Send pipeline:PipelineID=ccaeb930-1aac-487f-aa43-6a421b5b2415 create command to datanode ed9d0a57-d4c0-4be7-a09c-88e41966ad89
2019-10-09 10:33:12,317 WARN  events.EventQueue (EventQueue.java:fireEvent(183)) - No event handler registered for event TypedEvent{payloadType=CommandForDatanode, name='Datanode_Command'}
2019-10-09 10:33:12,319 INFO  pipeline.RatisPipelineProvider (RatisPipelineProvider.java:lambda$create$4(164)) - Send pipeline:PipelineID=9aadc794-29ef-492d-b571-04736fdc2456 create command to datanode db629cfc-6621-4a6e-a46f-f5dcedbade1e
2019-10-09 10:33:12,319 WARN  events.EventQueue (EventQueue.java:fireEvent(183)) - No event handler registered for event TypedEvent{payloadType=CommandForDatanode, name='Datanode_Command'}
2019-10-09 10:33:12,321 INFO  pipeline.RatisPipelineProvider (RatisPipelineProvider.java:lambda$create$4(164)) - Send pipeline:PipelineID=31364293-0e80-49b8-876a-3be55caa4ad8 create command to datanode a87ba591-9b2a-4bbe-8112-5a53412a7ffb
2019-10-09 10:33:12,321 WARN  events.EventQueue (EventQueue.java:fireEvent(183)) - No event handler registered for event TypedEvent{payloadType=CommandForDatanode, name='Datanode_Command'}
2019-10-09 10:33:12,322 INFO  pipeline.RatisPipelineProvider (RatisPipelineProvider.java:lambda$create$4(164)) - Send pipeline:PipelineID=71a1737d-43a3-4544-9296-b3b07de92709 create command to datanode 7d0aeff8-7bfa-4d9f-88b4-820857e1665d
2019-10-09 10:33:12,322 WARN  events.EventQueue (EventQueue.java:fireEvent(183)) - No event handler registered for event TypedEvent{payloadType=CommandForDatanode, name='Datanode_Command'}
2019-10-09 10:33:12,324 INFO  pipeline.RatisPipelineProvider (RatisPipelineProvider.java:lambda$create$4(164)) - Send pipeline:PipelineID=448f567a-80aa-44c8-afcb-21565b0f284b create command to datanode eab94307-5e16-4c27-a456-21ae43f5b5ba
2019-10-09 10:33:12,324 WARN  events.EventQueue (EventQueue.java:fireEvent(183)) - No event handler registered for event TypedEvent{payloadType=CommandForDatanode, name='Datanode_Command'}
2019-10-09 10:33:12,326 INFO  pipeline.RatisPipelineProvider (RatisPipelineProvider.java:lambda$create$4(164)) - Send pipeline:PipelineID=783e1ce2-956c-411f-a1fb-32293dd3bf4e create command to datanode 743f61e2-cc9f-4041-8df1-cb475078fbe4
2019-10-09 10:33:12,326 WARN  events.EventQueue (EventQueue.java:fireEvent(183)) - No event handler registered for event TypedEvent{payloadType=CommandForDatanode, name='Datanode_Command'}
2019-10-09 10:33:12,327 INFO  pipeline.RatisPipelineProvider (RatisPipelineProvider.java:lambda$create$4(164)) - Send pipeline:PipelineID=d85178ed-14b3-4ece-aa6b-d2973eedbea7 create command to datanode 2b55741b-9a58-4b5b-9862-b6caf382a084
2019-10-09 10:33:12,327 WARN  events.EventQueue (EventQueue.java:fireEvent(183)) - No event handler registered for event TypedEvent{payloadType=CommandForDatanode, name='Datanode_Command'}
2019-10-09 10:33:12,329 INFO  pipeline.RatisPipelineProvider (RatisPipelineProvider.java:lambda$create$4(164)) - Send pipeline:PipelineID=e72c1340-152f-4319-a5af-045f5b7af1a1 create command to datanode 5cf248e0-601e-49c5-ada2-94f77d0c673b
2019-10-09 10:33:12,329 WARN  events.EventQueue (EventQueue.java:fireEvent(183)) - No event handler registered for event TypedEvent{payloadType=CommandForDatanode, name='Datanode_Command'}
2019-10-09 10:33:12,330 INFO  pipeline.RatisPipelineProvider (RatisPipelineProvider.java:lambda$create$4(164)) - Send pipeline:PipelineID=84ffb381-fc87-47c5-a08e-98ac4fcb9653 create command to datanode 9935b185-5a24-489a-8782-5f9c89c7cb7b
2019-10-09 10:33:12,330 WARN  events.EventQueue (EventQueue.java:fireEvent(183)) - No event handler registered for event TypedEvent{payloadType=CommandForDatanode, name='Datanode_Command'}
2019-10-09 10:33:12,331 INFO  pipeline.RatisPipelineProvider (RatisPipelineProvider.java:lambda$create$4(164)) - Send pipeline:PipelineID=31f7337e-7f63-4b8a-a216-27c1d572069f create command to datanode 5daa02dd-e346-46c9-bce7-ac6410b2818b
2019-10-09 10:33:12,332 WARN  events.EventQueue (EventQueue.java:fireEvent(183)) - No event handler registered for event TypedEvent{payloadType=CommandForDatanode, name='Datanode_Command'}
2019-10-09 10:33:12,333 INFO  pipeline.RatisPipelineProvider (RatisPipelineProvider.java:lambda$create$4(164)) - Send pipeline:PipelineID=553aedcd-a980-49e6-abde-f9150ade9771 create command to datanode 478ecacb-f175-4aee-813a-df0d937e9924
2019-10-09 10:33:12,333 WARN  events.EventQueue (EventQueue.java:fireEvent(183)) - No event handler registered for event TypedEvent{payloadType=CommandForDatanode, name='Datanode_Command'}
2019-10-09 10:33:12,334 INFO  pipeline.RatisPipelineProvider (RatisPipelineProvider.java:lambda$create$4(164)) - Send pipeline:PipelineID=4caac520-7afc-41be-9aef-c55b6e266123 create command to datanode f980467c-fa08-4ea2-a456-9126ecd96092
2019-10-09 10:33:12,334 WARN  events.EventQueue (EventQueue.java:fireEvent(183)) - No event handler registered for event TypedEvent{payloadType=CommandForDatanode, name='Datanode_Command'}
2019-10-09 10:33:12,336 INFO  pipeline.RatisPipelineProvider (RatisPipelineProvider.java:lambda$create$4(164)) - Send pipeline:PipelineID=cef7f0ef-3752-45a7-a420-bb97f79d5c67 create command to datanode 1aa9b99b-61e5-474f-98d0-8101ded8ab03
2019-10-09 10:33:12,336 WARN  events.EventQueue (EventQueue.java:fireEvent(183)) - No event handler registered for event TypedEvent{payloadType=CommandForDatanode, name='Datanode_Command'}
2019-10-09 10:33:12,337 INFO  pipeline.RatisPipelineProvider (RatisPipelineProvider.java:lambda$create$4(164)) - Send pipeline:PipelineID=ff3f626a-40fb-48b5-acae-f5c093c2d7ea create command to datanode 8d7a6f19-88e3-4681-aa74-dbbdd28b2283
2019-10-09 10:33:12,337 WARN  events.EventQueue (EventQueue.java:fireEvent(183)) - No event handler registered for event TypedEvent{payloadType=CommandForDatanode, name='Datanode_Command'}
2019-10-09 10:33:12,338 INFO  pipeline.RatisPipelineProvider (RatisPipelineProvider.java:lambda$create$4(164)) - Send pipeline:PipelineID=0d9e8430-b85e-4721-bc42-6336e64e60c7 create command to datanode a592b2ca-229b-41bb-a13f-5612bcc47ef0
2019-10-09 10:33:12,338 WARN  events.EventQueue (EventQueue.java:fireEvent(183)) - No event handler registered for event TypedEvent{payloadType=CommandForDatanode, name='Datanode_Command'}
2019-10-09 10:33:12,339 INFO  pipeline.RatisPipelineProvider (RatisPipelineProvider.java:lambda$create$4(164)) - Send pipeline:PipelineID=e24c74f8-139e-47f9-91f5-abc730ddf557 create command to datanode 1c61b367-0296-4222-b313-56bda5d5ad96
2019-10-09 10:33:12,340 WARN  events.EventQueue (EventQueue.java:fireEvent(183)) - No event handler registered for event TypedEvent{payloadType=CommandForDatanode, name='Datanode_Command'}
2019-10-09 10:33:12,341 INFO  pipeline.RatisPipelineProvider (RatisPipelineProvider.java:lambda$create$4(164)) - Send pipeline:PipelineID=0b3e7899-a40f-4eff-8226-04e961fa2107 create command to datanode 1c020c2b-86dc-4575-9d5d-62641b368d1b
2019-10-09 10:33:12,341 WARN  events.EventQueue (EventQueue.java:fireEvent(183)) - No event handler registered for event TypedEvent{payloadType=CommandForDatanode, name='Datanode_Command'}
2019-10-09 10:33:12,342 INFO  pipeline.RatisPipelineProvider (RatisPipelineProvider.java:lambda$create$4(164)) - Send pipeline:PipelineID=39938698-91e6-4980-b55e-acd26029384d create command to datanode 2244b5c1-2a07-40f2-a10a-c11bbcd5c932
2019-10-09 10:33:12,342 WARN  events.EventQueue (EventQueue.java:fireEvent(183)) - No event handler registered for event TypedEvent{payloadType=CommandForDatanode, name='Datanode_Command'}
2019-10-09 10:33:12,343 INFO  pipeline.RatisPipelineProvider (RatisPipelineProvider.java:lambda$create$4(164)) - Send pipeline:PipelineID=69ef8414-3b14-4af4-bc67-7471d2a9a196 create command to datanode 90b19328-4131-4ccb-99bb-b187f0b262c9
2019-10-09 10:33:12,343 WARN  events.EventQueue (EventQueue.java:fireEvent(183)) - No event handler registered for event TypedEvent{payloadType=CommandForDatanode, name='Datanode_Command'}
2019-10-09 10:33:12,344 INFO  pipeline.RatisPipelineProvider (RatisPipelineProvider.java:lambda$create$4(164)) - Send pipeline:PipelineID=97c16acd-e606-4077-b14a-362a678773a1 create command to datanode 68ee3687-1a94-4400-8684-5d74b68ce8ff
2019-10-09 10:33:12,345 WARN  events.EventQueue (EventQueue.java:fireEvent(183)) - No event handler registered for event TypedEvent{payloadType=CommandForDatanode, name='Datanode_Command'}
2019-10-09 10:33:12,346 INFO  pipeline.RatisPipelineProvider (RatisPipelineProvider.java:lambda$create$4(164)) - Send pipeline:PipelineID=c48aa93e-1c02-48b4-8816-7ecf3fb2c071 create command to datanode 88414aef-a5d5-4683-9597-628d8edc74a3
2019-10-09 10:33:12,346 WARN  events.EventQueue (EventQueue.java:fireEvent(183)) - No event handler registered for event TypedEvent{payloadType=CommandForDatanode, name='Datanode_Command'}
2019-10-09 10:33:12,446 INFO  net.NodeSchemaLoader (NodeSchemaLoader.java:loadSchemaFromFile(125)) - Loading file from sun.misc.CompoundEnumeration@11794286
2019-10-09 10:33:12,446 INFO  net.NodeSchemaLoader (NodeSchemaLoader.java:loadSchema(171)) - Loading network topology layer schema file
2019-10-09 10:33:12,451 INFO  net.NetworkTopology (NetworkTopologyImpl.java:add(111)) - Added a new node: /default-rack/d460b94d-6477-48bd-9ed3-03457a4822e7
2019-10-09 10:33:12,451 INFO  net.NetworkTopology (NetworkTopologyImpl.java:add(111)) - Added a new node: /default-rack/fecd0761-64af-4c8b-9bae-f2fd261b3c3a
2019-10-09 10:33:12,452 INFO  net.NetworkTopology (NetworkTopologyImpl.java:add(111)) - Added a new node: /default-rack/7c52f237-c9cc-4f83-b083-469444ff09e8
2019-10-09 10:33:12,452 INFO  net.NetworkTopology (NetworkTopologyImpl.java:add(111)) - Added a new node: /default-rack/9c8cd05d-8b89-4a2f-b200-d3abb1511d36
2019-10-09 10:33:12,452 INFO  net.NetworkTopology (NetworkTopologyImpl.java:add(111)) - Added a new node: /default-rack/5a9bbf7b-7275-48a2-b3d3-6885ef47f676
2019-10-09 10:33:12,453 INFO  net.NetworkTopology (NetworkTopologyImpl.java:add(111)) - Added a new node: /default-rack/ad021710-a978-4e0a-a233-cd75a462f857
2019-10-09 10:33:12,453 INFO  net.NetworkTopology (NetworkTopologyImpl.java:add(111)) - Added a new node: /default-rack/da5fbf2c-ed5e-4e58-9867-a4dbcf338739
2019-10-09 10:33:12,453 INFO  net.NetworkTopology (NetworkTopologyImpl.java:add(111)) - Added a new node: /default-rack/941fca28-3656-49b0-8f18-5f1af95091a5
2019-10-09 10:33:12,454 INFO  net.NetworkTopology (NetworkTopologyImpl.java:add(111)) - Added a new node: /default-rack/79226947-7c00-4318-95b9-aa0fbc479640
2019-10-09 10:33:12,454 INFO  net.NetworkTopology (NetworkTopologyImpl.java:add(111)) - Added a new node: /default-rack/a7d3964d-bee4-491b-bfe6-34fb55cf1cc9
2019-10-09 10:33:12,454 INFO  net.NetworkTopology (NetworkTopologyImpl.java:add(111)) - Added a new node: /default-rack/7a66372b-edce-453d-9c48-3475bf2ba934
2019-10-09 10:33:12,455 INFO  net.NetworkTopology (NetworkTopologyImpl.java:add(111)) - Added a new node: /default-rack/102b2c25-753f-43f2-bacd-5e879abf6657
2019-10-09 10:33:12,455 INFO  net.NetworkTopology (NetworkTopologyImpl.java:add(111)) - Added a new node: /default-rack/20d19d30-3443-42fa-b961-923f6f89f08b
2019-10-09 10:33:12,455 INFO  net.NetworkTopology (NetworkTopologyImpl.java:add(111)) - Added a new node: /default-rack/63ef5b65-c059-4438-9397-f73aef531821
2019-10-09 10:33:12,456 INFO  net.NetworkTopology (NetworkTopologyImpl.java:add(111)) - Added a new node: /default-rack/c8595b3d-0df6-4309-9cad-395dad0ff9a5
2019-10-09 10:33:12,456 INFO  net.NetworkTopology (NetworkTopologyImpl.java:add(111)) - Added a new node: /default-rack/e63c1644-9931-4aa3-962e-979108f51cea
2019-10-09 10:33:12,456 INFO  net.NetworkTopology (NetworkTopologyImpl.java:add(111)) - Added a new node: /default-rack/3489920e-35e7-41d2-8101-d457d50b0efa
2019-10-09 10:33:12,457 INFO  net.NetworkTopology (NetworkTopologyImpl.java:add(111)) - Added a new node: /default-rack/a91f4f22-9e77-4e9b-b8a2-560310bdefe5
2019-10-09 10:33:12,457 INFO  net.NetworkTopology (NetworkTopologyImpl.java:add(111)) - Added a new node: /default-rack/ae1b4776-1e45-483f-a69d-d25858d57e41
2019-10-09 10:33:12,457 INFO  net.NetworkTopology (NetworkTopologyImpl.java:add(111)) - Added a new node: /default-rack/94e059d5-ed85-4f15-9eca-f4172e8d316c
2019-10-09 10:33:12,458 INFO  net.NetworkTopology (NetworkTopologyImpl.java:add(111)) - Added a new node: /default-rack/1ae4de51-5eab-45f3-8854-322ece6da1ba
2019-10-09 10:33:12,458 INFO  net.NetworkTopology (NetworkTopologyImpl.java:add(111)) - Added a new node: /default-rack/769084a4-5738-4cab-b7fb-23a7b454cd54
2019-10-09 10:33:12,458 INFO  net.NetworkTopology (NetworkTopologyImpl.java:add(111)) - Added a new node: /default-rack/231aa6ef-35f7-43ef-8cfc-9b973be80693
2019-10-09 10:33:12,459 INFO  net.NetworkTopology (NetworkTopologyImpl.java:add(111)) - Added a new node: /default-rack/1c9d07ec-6248-4c3f-b80a-1c3859977238
2019-10-09 10:33:12,459 INFO  net.NetworkTopology (NetworkTopologyImpl.java:add(111)) - Added a new node: /default-rack/4b171224-f938-4059-a863-c2785e3ede56
2019-10-09 10:33:12,460 INFO  net.NetworkTopology (NetworkTopologyImpl.java:add(111)) - Added a new node: /default-rack/ed7e9bc3-f03e-4260-8cbc-690eee329f1b
2019-10-09 10:33:12,460 INFO  net.NetworkTopology (NetworkTopologyImpl.java:add(111)) - Added a new node: /default-rack/04d16d35-04de-42cc-a7be-0d9a175ea8a8
2019-10-09 10:33:12,460 INFO  net.NetworkTopology (NetworkTopologyImpl.java:add(111)) - Added a new node: /default-rack/de43d54b-4b7c-4023-aeff-1f2e65df8c22
2019-10-09 10:33:12,461 INFO  net.NetworkTopology (NetworkTopologyImpl.java:add(111)) - Added a new node: /default-rack/ff73ee62-e9e7-4323-9f67-b7c5346e8777
2019-10-09 10:33:12,461 INFO  net.NetworkTopology (NetworkTopologyImpl.java:add(111)) - Added a new node: /default-rack/d5d5fa23-61c1-449f-b381-b04ac3bcb78f
2019-10-09 10:33:12,462 INFO  net.NetworkTopology (NetworkTopologyImpl.java:add(111)) - Added a new node: /default-rack/dd2fe7f9-130f-49c5-9979-0bc92e2a88f7
2019-10-09 10:33:12,462 INFO  net.NetworkTopology (NetworkTopologyImpl.java:add(111)) - Added a new node: /default-rack/0d2be1c0-e08b-469b-8463-8dd21f939f2a
2019-10-09 10:33:12,462 INFO  net.NetworkTopology (NetworkTopologyImpl.java:add(111)) - Added a new node: /default-rack/39db14bd-3f2f-4bd8-a0ec-9a5ec1bfd5fa
2019-10-09 10:33:12,463 INFO  net.NetworkTopology (NetworkTopologyImpl.java:add(111)) - Added a new node: /default-rack/810d6dcb-b704-4c13-93cf-9deb9b6aab57
2019-10-09 10:33:12,463 INFO  net.NetworkTopology (NetworkTopologyImpl.java:add(111)) - Added a new node: /default-rack/f4f12d75-aefc-498e-85b4-c744cf36d4d7
2019-10-09 10:33:12,464 INFO  net.NetworkTopology (NetworkTopologyImpl.java:add(111)) - Added a new node: /default-rack/1b62bf42-047c-4b70-b537-72563c538f6c
2019-10-09 10:33:12,464 INFO  net.NetworkTopology (NetworkTopologyImpl.java:add(111)) - Added a new node: /default-rack/7fa1e653-4ee4-4562-9881-a5f7d4b51095
2019-10-09 10:33:12,464 INFO  net.NetworkTopology (NetworkTopologyImpl.java:add(111)) - Added a new node: /default-rack/1ee929bf-4292-4eb5-b5de-c1f9e2bc08b6
2019-10-09 10:33:12,465 INFO  net.NetworkTopology (NetworkTopologyImpl.java:add(111)) - Added a new node: /default-rack/533537e2-7c0f-4793-a497-c74732912121
2019-10-09 10:33:12,465 INFO  net.NetworkTopology (NetworkTopologyImpl.java:add(111)) - Added a new node: /default-rack/87fdeb13-f2c1-4a85-b1dd-aabdc10ba07b
2019-10-09 10:33:12,466 INFO  net.NetworkTopology (NetworkTopologyImpl.java:add(111)) - Added a new node: /default-rack/89fb4bf1-96b1-48c3-aebd-baf07f3ead7b
2019-10-09 10:33:12,466 INFO  net.NetworkTopology (NetworkTopologyImpl.java:add(111)) - Added a new node: /default-rack/9ac3f84e-ec97-47f9-bb73-b921d2c4676e
2019-10-09 10:33:12,466 INFO  net.NetworkTopology (NetworkTopologyImpl.java:add(111)) - Added a new node: /default-rack/bcc503ea-8175-4470-979c-9f920fe14275
2019-10-09 10:33:12,467 INFO  net.NetworkTopology (NetworkTopologyImpl.java:add(111)) - Added a new node: /default-rack/0193d4a4-7ff1-4c25-8eed-c52976ec1e04
2019-10-09 10:33:12,467 INFO  net.NetworkTopology (NetworkTopologyImpl.java:add(111)) - Added a new node: /default-rack/ddb28d16-4f9c-407e-b0aa-d57ff9896f83
2019-10-09 10:33:12,467 INFO  net.NetworkTopology (NetworkTopologyImpl.java:add(111)) - Added a new node: /default-rack/93dbc6fb-7afe-41b1-a496-9f56ddc939f0
2019-10-09 10:33:12,468 INFO  net.NetworkTopology (NetworkTopologyImpl.java:add(111)) - Added a new node: /default-rack/9438a501-9b9d-4bbe-9290-2d9f218e8e61
2019-10-09 10:33:12,468 INFO  net.NetworkTopology (NetworkTopologyImpl.java:add(111)) - Added a new node: /default-rack/54f7ebd5-763f-4382-b859-a0db6f5ff96a
2019-10-09 10:33:12,469 INFO  net.NetworkTopology (NetworkTopologyImpl.java:add(111)) - Added a new node: /default-rack/a42e2ba4-0279-4469-844a-c45f7d9a3108
2019-10-09 10:33:12,469 INFO  net.NetworkTopology (NetworkTopologyImpl.java:add(111)) - Added a new node: /default-rack/62fc241b-c118-4c79-ba99-b552fac149b7
2019-10-09 10:33:12,469 INFO  net.NetworkTopology (NetworkTopologyImpl.java:add(111)) - Added a new node: /default-rack/2dfbc442-4218-4233-8a1c-e11ba9d88b5d
2019-10-09 10:33:12,470 INFO  net.NetworkTopology (NetworkTopologyImpl.java:add(111)) - Added a new node: /default-rack/73af22f4-c556-49b2-81f4-dd5711cb53f9
2019-10-09 10:33:12,470 INFO  net.NetworkTopology (NetworkTopologyImpl.java:add(111)) - Added a new node: /default-rack/5c3ff3f7-0f35-4d0b-a2dd-97f8e4ee0b76
2019-10-09 10:33:12,471 INFO  net.NetworkTopology (NetworkTopologyImpl.java:add(111)) - Added a new node: /default-rack/183fdbf3-d888-4635-b878-dfa4b32e369e
2019-10-09 10:33:12,471 INFO  net.NetworkTopology (NetworkTopologyImpl.java:add(111)) - Added a new node: /default-rack/1d274167-7f14-436c-9eee-394c5ccff506
2019-10-09 10:33:12,471 INFO  net.NetworkTopology (NetworkTopologyImpl.java:add(111)) - Added a new node: /default-rack/4957482d-48b9-4fd7-aa5b-c0243c5c0ee5
2019-10-09 10:33:12,472 INFO  net.NetworkTopology (NetworkTopologyImpl.java:add(111)) - Added a new node: /default-rack/fd79781d-5e0e-49a2-8ff0-95cdb6fab358
2019-10-09 10:33:12,472 INFO  net.NetworkTopology (NetworkTopologyImpl.java:add(111)) - Added a new node: /default-rack/49abbfa2-a1d6-45e3-8102-79c5e00ab5cc
2019-10-09 10:33:12,472 INFO  net.NetworkTopology (NetworkTopologyImpl.java:add(111)) - Added a new node: /default-rack/3fbaf10b-70a9-492c-b036-57394484a43a
2019-10-09 10:33:12,473 INFO  net.NetworkTopology (NetworkTopologyImpl.java:add(111)) - Added a new node: /default-rack/2481a9e9-874a-40a7-851e-f8e64d2a162a
2019-10-09 10:33:12,473 INFO  net.NetworkTopology (NetworkTopologyImpl.java:add(111)) - Added a new node: /default-rack/ab039128-95ef-4659-9a57-989a182d2dad
2019-10-09 10:33:12,474 INFO  net.NetworkTopology (NetworkTopologyImpl.java:add(111)) - Added a new node: /default-rack/5bc637de-f839-4afd-af6f-3b6d7bafbee1
2019-10-09 10:33:12,474 INFO  net.NetworkTopology (NetworkTopologyImpl.java:add(111)) - Added a new node: /default-rack/b5c70a16-9dad-41f3-adf9-b226e01a8ac1
2019-10-09 10:33:12,474 INFO  net.NetworkTopology (NetworkTopologyImpl.java:add(111)) - Added a new node: /default-rack/12b77679-c3c4-4a7d-9d68-b0cb0a9b3005
2019-10-09 10:33:12,475 INFO  net.NetworkTopology (NetworkTopologyImpl.java:add(111)) - Added a new node: /default-rack/636ac482-284d-40d7-9b00-64c95927db11
2019-10-09 10:33:12,475 INFO  net.NetworkTopology (NetworkTopologyImpl.java:add(111)) - Added a new node: /default-rack/b6c570a2-3e6a-4cf7-bf2f-ffddc94c0c5d
2019-10-09 10:33:12,475 INFO  net.NetworkTopology (NetworkTopologyImpl.java:add(111)) - Added a new node: /default-rack/afb8504d-029c-4702-b700-7889db2b4b1a
2019-10-09 10:33:12,476 INFO  net.NetworkTopology (NetworkTopologyImpl.java:add(111)) - Added a new node: /default-rack/af9dfc3f-be93-424a-852f-622d97e148cd
2019-10-09 10:33:12,476 INFO  net.NetworkTopology (NetworkTopologyImpl.java:add(111)) - Added a new node: /default-rack/8b11ae46-e25c-423c-a1bf-b97342151031
2019-10-09 10:33:12,476 INFO  net.NetworkTopology (NetworkTopologyImpl.java:add(111)) - Added a new node: /default-rack/aea2dd21-4310-4337-901c-602438811e31
2019-10-09 10:33:12,477 INFO  net.NetworkTopology (NetworkTopologyImpl.java:add(111)) - Added a new node: /default-rack/496c3d71-67ee-423d-8b83-60661cb42626
2019-10-09 10:33:12,477 INFO  net.NetworkTopology (NetworkTopologyImpl.java:add(111)) - Added a new node: /default-rack/ec495527-d2e1-409f-ac3b-e66be03ae517
2019-10-09 10:33:12,477 INFO  net.NetworkTopology (NetworkTopologyImpl.java:add(111)) - Added a new node: /default-rack/93e6b043-9090-4221-a974-74767d91b3de
2019-10-09 10:33:12,478 INFO  net.NetworkTopology (NetworkTopologyImpl.java:add(111)) - Added a new node: /default-rack/cc078406-3255-4973-9055-f60fe9ee12c9
2019-10-09 10:33:12,478 INFO  net.NetworkTopology (NetworkTopologyImpl.java:add(111)) - Added a new node: /default-rack/19faa19c-71e0-4f65-9bf1-9b17f331cf87
2019-10-09 10:33:12,478 INFO  net.NetworkTopology (NetworkTopologyImpl.java:add(111)) - Added a new node: /default-rack/5756b23f-6125-4e82-bf40-484bfc0d6d28
2019-10-09 10:33:12,479 INFO  net.NetworkTopology (NetworkTopologyImpl.java:add(111)) - Added a new node: /default-rack/2142d5b5-9e29-404a-824b-7326eccaf9c9
2019-10-09 10:33:12,479 INFO  net.NetworkTopology (NetworkTopologyImpl.java:add(111)) - Added a new node: /default-rack/fe6a5fbe-131b-4769-9417-0cf2937dc379
2019-10-09 10:33:12,479 INFO  net.NetworkTopology (NetworkTopologyImpl.java:add(111)) - Added a new node: /default-rack/621b2f73-f388-4cae-ae46-3ebf4522177a
2019-10-09 10:33:12,480 INFO  net.NetworkTopology (NetworkTopologyImpl.java:add(111)) - Added a new node: /default-rack/5980df0b-4fac-433c-a6f1-d994ef726ea9
2019-10-09 10:33:12,480 INFO  net.NetworkTopology (NetworkTopologyImpl.java:add(111)) - Added a new node: /default-rack/2b6f6b0f-ee3e-4871-84ee-1be7cd91d8d1
2019-10-09 10:33:12,480 INFO  net.NetworkTopology (NetworkTopologyImpl.java:add(111)) - Added a new node: /default-rack/58ed23fe-1a9d-4c46-b4d9-44723bff3303
2019-10-09 10:33:12,481 INFO  net.NetworkTopology (NetworkTopologyImpl.java:add(111)) - Added a new node: /default-rack/e8df3470-0c0a-4ab2-9ffa-9f9a20762bbb
2019-10-09 10:33:12,481 INFO  net.NetworkTopology (NetworkTopologyImpl.java:add(111)) - Added a new node: /default-rack/41f80f41-fddc-4f30-a6fb-b839ea374710
2019-10-09 10:33:12,481 INFO  net.NetworkTopology (NetworkTopologyImpl.java:add(111)) - Added a new node: /default-rack/5845aaec-4b85-42e9-8af1-14ecd47f2116
2019-10-09 10:33:12,482 INFO  net.NetworkTopology (NetworkTopologyImpl.java:add(111)) - Added a new node: /default-rack/a79716cd-2600-4c52-ad1c-784c476e9199
2019-10-09 10:33:12,482 INFO  net.NetworkTopology (NetworkTopologyImpl.java:add(111)) - Added a new node: /default-rack/49c75dc2-9b73-4a0a-8ff9-6dab1b8fc54e
2019-10-09 10:33:12,483 INFO  net.NetworkTopology (NetworkTopologyImpl.java:add(111)) - Added a new node: /default-rack/9a94753a-e98a-44e3-9031-ffcb0d2db48b
2019-10-09 10:33:12,483 INFO  net.NetworkTopology (NetworkTopologyImpl.java:add(111)) - Added a new node: /default-rack/84e55e93-2a1c-4d77-9f2d-8d6edfe0a9dc
2019-10-09 10:33:12,483 INFO  net.NetworkTopology (NetworkTopologyImpl.java:add(111)) - Added a new node: /default-rack/1d5f5171-8774-4597-a333-0c9f45475f2a
2019-10-09 10:33:12,484 WARN  server.ServerUtils (ServerUtils.java:getScmDbDir(145)) - ozone.scm.db.dirs is not configured. We recommend adding this setting. Falling back to ozone.metadata.dirs instead.
2019-10-09 10:33:12,611 WARN  util.MBeans (MBeans.java:getMBeanName(165)) - Error creating MBean object name: Hadoop:service=SCMPipelineManager,name=SCMPipelineManagerInfo
org.apache.hadoop.metrics2.MetricsException: org.apache.hadoop.metrics2.MetricsException: Hadoop:service=SCMPipelineManager,name=SCMPipelineManagerInfo already exists!
	at org.apache.hadoop.metrics2.lib.DefaultMetricsSystem.newObjectName(DefaultMetricsSystem.java:135)
	at org.apache.hadoop.metrics2.lib.DefaultMetricsSystem.newMBeanName(DefaultMetricsSystem.java:110)
	at org.apache.hadoop.metrics2.util.MBeans.getMBeanName(MBeans.java:163)
	at org.apache.hadoop.metrics2.util.MBeans.register(MBeans.java:95)
	at org.apache.hadoop.metrics2.util.MBeans.register(MBeans.java:72)
	at org.apache.hadoop.hdds.scm.pipeline.SCMPipelineManager.<init>(SCMPipelineManager.java:117)
	at org.apache.hadoop.hdds.scm.safemode.TestSCMSafeModeManager.testSafeModeExitRuleWithPipelineAvailabilityCheck(TestSCMSafeModeManager.java:255)
	at org.apache.hadoop.hdds.scm.safemode.TestSCMSafeModeManager.testSafeModeExitRuleWithPipelineAvailabilityCheck(TestSCMSafeModeManager.java:183)
	at sun.reflect.NativeMethodAccessorImpl.invoke0(Native Method)
	at sun.reflect.NativeMethodAccessorImpl.invoke(NativeMethodAccessorImpl.java:62)
	at sun.reflect.DelegatingMethodAccessorImpl.invoke(DelegatingMethodAccessorImpl.java:43)
	at java.lang.reflect.Method.invoke(Method.java:498)
	at org.junit.runners.model.FrameworkMethod$1.runReflectiveCall(FrameworkMethod.java:47)
	at org.junit.internal.runners.model.ReflectiveCallable.run(ReflectiveCallable.java:12)
	at org.junit.runners.model.FrameworkMethod.invokeExplosively(FrameworkMethod.java:44)
	at org.junit.internal.runners.statements.InvokeMethod.evaluate(InvokeMethod.java:17)
	at org.junit.internal.runners.statements.FailOnTimeout$StatementThread.run(FailOnTimeout.java:74)
Caused by: org.apache.hadoop.metrics2.MetricsException: Hadoop:service=SCMPipelineManager,name=SCMPipelineManagerInfo already exists!
	at org.apache.hadoop.metrics2.lib.DefaultMetricsSystem.newObjectName(DefaultMetricsSystem.java:131)
	... 16 more
2019-10-09 10:33:12,612 INFO  pipeline.SCMPipelineManager (SCMPipelineManager.java:initializePipelineState(144)) - No pipeline exists in current db
2019-10-09 10:33:12,613 INFO  pipeline.RatisPipelineProvider (RatisPipelineProvider.java:lambda$create$4(164)) - Send pipeline:PipelineID=17a038c2-890f-45d1-a1fe-e66a1ceba2d8 create command to datanode d460b94d-6477-48bd-9ed3-03457a4822e7
2019-10-09 10:33:12,614 WARN  events.EventQueue (EventQueue.java:fireEvent(183)) - No event handler registered for event TypedEvent{payloadType=CommandForDatanode, name='Datanode_Command'}
2019-10-09 10:33:12,614 INFO  pipeline.RatisPipelineProvider (RatisPipelineProvider.java:lambda$create$4(164)) - Send pipeline:PipelineID=17a038c2-890f-45d1-a1fe-e66a1ceba2d8 create command to datanode fecd0761-64af-4c8b-9bae-f2fd261b3c3a
2019-10-09 10:33:12,614 WARN  events.EventQueue (EventQueue.java:fireEvent(183)) - No event handler registered for event TypedEvent{payloadType=CommandForDatanode, name='Datanode_Command'}
2019-10-09 10:33:12,614 INFO  pipeline.RatisPipelineProvider (RatisPipelineProvider.java:lambda$create$4(164)) - Send pipeline:PipelineID=17a038c2-890f-45d1-a1fe-e66a1ceba2d8 create command to datanode 7c52f237-c9cc-4f83-b083-469444ff09e8
2019-10-09 10:33:12,614 WARN  events.EventQueue (EventQueue.java:fireEvent(183)) - No event handler registered for event TypedEvent{payloadType=CommandForDatanode, name='Datanode_Command'}
2019-10-09 10:33:12,616 INFO  pipeline.RatisPipelineProvider (RatisPipelineProvider.java:lambda$create$4(164)) - Send pipeline:PipelineID=f829f198-890f-4ff8-adfa-f0303e3e4485 create command to datanode 9c8cd05d-8b89-4a2f-b200-d3abb1511d36
2019-10-09 10:33:12,616 WARN  events.EventQueue (EventQueue.java:fireEvent(183)) - No event handler registered for event TypedEvent{payloadType=CommandForDatanode, name='Datanode_Command'}
2019-10-09 10:33:12,617 INFO  pipeline.RatisPipelineProvider (RatisPipelineProvider.java:lambda$create$4(164)) - Send pipeline:PipelineID=f829f198-890f-4ff8-adfa-f0303e3e4485 create command to datanode 5a9bbf7b-7275-48a2-b3d3-6885ef47f676
2019-10-09 10:33:12,617 WARN  events.EventQueue (EventQueue.java:fireEvent(183)) - No event handler registered for event TypedEvent{payloadType=CommandForDatanode, name='Datanode_Command'}
2019-10-09 10:33:12,617 INFO  pipeline.RatisPipelineProvider (RatisPipelineProvider.java:lambda$create$4(164)) - Send pipeline:PipelineID=f829f198-890f-4ff8-adfa-f0303e3e4485 create command to datanode ad021710-a978-4e0a-a233-cd75a462f857
2019-10-09 10:33:12,617 WARN  events.EventQueue (EventQueue.java:fireEvent(183)) - No event handler registered for event TypedEvent{payloadType=CommandForDatanode, name='Datanode_Command'}
2019-10-09 10:33:12,619 INFO  pipeline.RatisPipelineProvider (RatisPipelineProvider.java:lambda$create$4(164)) - Send pipeline:PipelineID=86c4b7f0-8b13-4eae-bd96-5062b4802e5a create command to datanode da5fbf2c-ed5e-4e58-9867-a4dbcf338739
2019-10-09 10:33:12,619 WARN  events.EventQueue (EventQueue.java:fireEvent(183)) - No event handler registered for event TypedEvent{payloadType=CommandForDatanode, name='Datanode_Command'}
2019-10-09 10:33:12,619 INFO  pipeline.RatisPipelineProvider (RatisPipelineProvider.java:lambda$create$4(164)) - Send pipeline:PipelineID=86c4b7f0-8b13-4eae-bd96-5062b4802e5a create command to datanode 941fca28-3656-49b0-8f18-5f1af95091a5
2019-10-09 10:33:12,619 WARN  events.EventQueue (EventQueue.java:fireEvent(183)) - No event handler registered for event TypedEvent{payloadType=CommandForDatanode, name='Datanode_Command'}
2019-10-09 10:33:12,619 INFO  pipeline.RatisPipelineProvider (RatisPipelineProvider.java:lambda$create$4(164)) - Send pipeline:PipelineID=86c4b7f0-8b13-4eae-bd96-5062b4802e5a create command to datanode 102b2c25-753f-43f2-bacd-5e879abf6657
2019-10-09 10:33:12,620 WARN  events.EventQueue (EventQueue.java:fireEvent(183)) - No event handler registered for event TypedEvent{payloadType=CommandForDatanode, name='Datanode_Command'}
2019-10-09 10:33:12,621 INFO  pipeline.RatisPipelineProvider (RatisPipelineProvider.java:lambda$create$4(164)) - Send pipeline:PipelineID=b6616602-6bcc-451b-8a92-61b8f29c71ee create command to datanode 20d19d30-3443-42fa-b961-923f6f89f08b
2019-10-09 10:33:12,621 WARN  events.EventQueue (EventQueue.java:fireEvent(183)) - No event handler registered for event TypedEvent{payloadType=CommandForDatanode, name='Datanode_Command'}
2019-10-09 10:33:12,622 INFO  pipeline.RatisPipelineProvider (RatisPipelineProvider.java:lambda$create$4(164)) - Send pipeline:PipelineID=b6616602-6bcc-451b-8a92-61b8f29c71ee create command to datanode 63ef5b65-c059-4438-9397-f73aef531821
2019-10-09 10:33:12,622 WARN  events.EventQueue (EventQueue.java:fireEvent(183)) - No event handler registered for event TypedEvent{payloadType=CommandForDatanode, name='Datanode_Command'}
2019-10-09 10:33:12,622 INFO  pipeline.RatisPipelineProvider (RatisPipelineProvider.java:lambda$create$4(164)) - Send pipeline:PipelineID=b6616602-6bcc-451b-8a92-61b8f29c71ee create command to datanode c8595b3d-0df6-4309-9cad-395dad0ff9a5
2019-10-09 10:33:12,622 WARN  events.EventQueue (EventQueue.java:fireEvent(183)) - No event handler registered for event TypedEvent{payloadType=CommandForDatanode, name='Datanode_Command'}
2019-10-09 10:33:12,623 INFO  pipeline.RatisPipelineProvider (RatisPipelineProvider.java:lambda$create$4(164)) - Send pipeline:PipelineID=634dafa6-5793-4aa5-b6c7-d52f12a15dc3 create command to datanode e63c1644-9931-4aa3-962e-979108f51cea
2019-10-09 10:33:12,624 WARN  events.EventQueue (EventQueue.java:fireEvent(183)) - No event handler registered for event TypedEvent{payloadType=CommandForDatanode, name='Datanode_Command'}
2019-10-09 10:33:12,624 INFO  pipeline.RatisPipelineProvider (RatisPipelineProvider.java:lambda$create$4(164)) - Send pipeline:PipelineID=634dafa6-5793-4aa5-b6c7-d52f12a15dc3 create command to datanode 3489920e-35e7-41d2-8101-d457d50b0efa
2019-10-09 10:33:12,624 WARN  events.EventQueue (EventQueue.java:fireEvent(183)) - No event handler registered for event TypedEvent{payloadType=CommandForDatanode, name='Datanode_Command'}
2019-10-09 10:33:12,624 INFO  pipeline.RatisPipelineProvider (RatisPipelineProvider.java:lambda$create$4(164)) - Send pipeline:PipelineID=634dafa6-5793-4aa5-b6c7-d52f12a15dc3 create command to datanode a91f4f22-9e77-4e9b-b8a2-560310bdefe5
2019-10-09 10:33:12,624 WARN  events.EventQueue (EventQueue.java:fireEvent(183)) - No event handler registered for event TypedEvent{payloadType=CommandForDatanode, name='Datanode_Command'}
2019-10-09 10:33:12,626 INFO  pipeline.RatisPipelineProvider (RatisPipelineProvider.java:lambda$create$4(164)) - Send pipeline:PipelineID=49122fa6-f82c-4610-b2f3-9c0eac9bb916 create command to datanode ae1b4776-1e45-483f-a69d-d25858d57e41
2019-10-09 10:33:12,627 WARN  events.EventQueue (EventQueue.java:fireEvent(183)) - No event handler registered for event TypedEvent{payloadType=CommandForDatanode, name='Datanode_Command'}
2019-10-09 10:33:12,627 INFO  pipeline.RatisPipelineProvider (RatisPipelineProvider.java:lambda$create$4(164)) - Send pipeline:PipelineID=49122fa6-f82c-4610-b2f3-9c0eac9bb916 create command to datanode 231aa6ef-35f7-43ef-8cfc-9b973be80693
2019-10-09 10:33:12,627 WARN  events.EventQueue (EventQueue.java:fireEvent(183)) - No event handler registered for event TypedEvent{payloadType=CommandForDatanode, name='Datanode_Command'}
2019-10-09 10:33:12,627 INFO  pipeline.RatisPipelineProvider (RatisPipelineProvider.java:lambda$create$4(164)) - Send pipeline:PipelineID=49122fa6-f82c-4610-b2f3-9c0eac9bb916 create command to datanode 1c9d07ec-6248-4c3f-b80a-1c3859977238
2019-10-09 10:33:12,627 WARN  events.EventQueue (EventQueue.java:fireEvent(183)) - No event handler registered for event TypedEvent{payloadType=CommandForDatanode, name='Datanode_Command'}
2019-10-09 10:33:12,629 INFO  pipeline.RatisPipelineProvider (RatisPipelineProvider.java:lambda$create$4(164)) - Send pipeline:PipelineID=c93e3d9e-6b8a-4ed6-8682-df3acf5eeaf5 create command to datanode 4b171224-f938-4059-a863-c2785e3ede56
2019-10-09 10:33:12,629 WARN  events.EventQueue (EventQueue.java:fireEvent(183)) - No event handler registered for event TypedEvent{payloadType=CommandForDatanode, name='Datanode_Command'}
2019-10-09 10:33:12,629 INFO  pipeline.RatisPipelineProvider (RatisPipelineProvider.java:lambda$create$4(164)) - Send pipeline:PipelineID=c93e3d9e-6b8a-4ed6-8682-df3acf5eeaf5 create command to datanode ed7e9bc3-f03e-4260-8cbc-690eee329f1b
2019-10-09 10:33:12,629 WARN  events.EventQueue (EventQueue.java:fireEvent(183)) - No event handler registered for event TypedEvent{payloadType=CommandForDatanode, name='Datanode_Command'}
2019-10-09 10:33:12,629 INFO  pipeline.RatisPipelineProvider (RatisPipelineProvider.java:lambda$create$4(164)) - Send pipeline:PipelineID=c93e3d9e-6b8a-4ed6-8682-df3acf5eeaf5 create command to datanode 04d16d35-04de-42cc-a7be-0d9a175ea8a8
2019-10-09 10:33:12,630 WARN  events.EventQueue (EventQueue.java:fireEvent(183)) - No event handler registered for event TypedEvent{payloadType=CommandForDatanode, name='Datanode_Command'}
2019-10-09 10:33:12,631 INFO  pipeline.RatisPipelineProvider (RatisPipelineProvider.java:lambda$create$4(164)) - Send pipeline:PipelineID=956db741-c34a-48b2-8e5d-8fd4d19a5f0f create command to datanode de43d54b-4b7c-4023-aeff-1f2e65df8c22
2019-10-09 10:33:12,631 WARN  events.EventQueue (EventQueue.java:fireEvent(183)) - No event handler registered for event TypedEvent{payloadType=CommandForDatanode, name='Datanode_Command'}
2019-10-09 10:33:12,631 INFO  pipeline.RatisPipelineProvider (RatisPipelineProvider.java:lambda$create$4(164)) - Send pipeline:PipelineID=956db741-c34a-48b2-8e5d-8fd4d19a5f0f create command to datanode ff73ee62-e9e7-4323-9f67-b7c5346e8777
2019-10-09 10:33:12,632 WARN  events.EventQueue (EventQueue.java:fireEvent(183)) - No event handler registered for event TypedEvent{payloadType=CommandForDatanode, name='Datanode_Command'}
2019-10-09 10:33:12,632 INFO  pipeline.RatisPipelineProvider (RatisPipelineProvider.java:lambda$create$4(164)) - Send pipeline:PipelineID=956db741-c34a-48b2-8e5d-8fd4d19a5f0f create command to datanode d5d5fa23-61c1-449f-b381-b04ac3bcb78f
2019-10-09 10:33:12,632 WARN  events.EventQueue (EventQueue.java:fireEvent(183)) - No event handler registered for event TypedEvent{payloadType=CommandForDatanode, name='Datanode_Command'}
2019-10-09 10:33:12,633 INFO  pipeline.RatisPipelineProvider (RatisPipelineProvider.java:lambda$create$4(164)) - Send pipeline:PipelineID=8346b9a6-4b1c-4f3e-bfaf-7f156fbdfcf6 create command to datanode 810d6dcb-b704-4c13-93cf-9deb9b6aab57
2019-10-09 10:33:12,633 WARN  events.EventQueue (EventQueue.java:fireEvent(183)) - No event handler registered for event TypedEvent{payloadType=CommandForDatanode, name='Datanode_Command'}
2019-10-09 10:33:12,634 INFO  pipeline.RatisPipelineProvider (RatisPipelineProvider.java:lambda$create$4(164)) - Send pipeline:PipelineID=8346b9a6-4b1c-4f3e-bfaf-7f156fbdfcf6 create command to datanode f4f12d75-aefc-498e-85b4-c744cf36d4d7
2019-10-09 10:33:12,634 WARN  events.EventQueue (EventQueue.java:fireEvent(183)) - No event handler registered for event TypedEvent{payloadType=CommandForDatanode, name='Datanode_Command'}
2019-10-09 10:33:12,634 INFO  pipeline.RatisPipelineProvider (RatisPipelineProvider.java:lambda$create$4(164)) - Send pipeline:PipelineID=8346b9a6-4b1c-4f3e-bfaf-7f156fbdfcf6 create command to datanode 1b62bf42-047c-4b70-b537-72563c538f6c
2019-10-09 10:33:12,634 WARN  events.EventQueue (EventQueue.java:fireEvent(183)) - No event handler registered for event TypedEvent{payloadType=CommandForDatanode, name='Datanode_Command'}
2019-10-09 10:33:12,635 INFO  pipeline.RatisPipelineProvider (RatisPipelineProvider.java:lambda$create$4(164)) - Send pipeline:PipelineID=54391cc5-2d88-461a-a379-8983fa96c354 create command to datanode 7fa1e653-4ee4-4562-9881-a5f7d4b51095
2019-10-09 10:33:12,636 WARN  events.EventQueue (EventQueue.java:fireEvent(183)) - No event handler registered for event TypedEvent{payloadType=CommandForDatanode, name='Datanode_Command'}
2019-10-09 10:33:12,636 INFO  pipeline.RatisPipelineProvider (RatisPipelineProvider.java:lambda$create$4(164)) - Send pipeline:PipelineID=54391cc5-2d88-461a-a379-8983fa96c354 create command to datanode 1ee929bf-4292-4eb5-b5de-c1f9e2bc08b6
2019-10-09 10:33:12,636 WARN  events.EventQueue (EventQueue.java:fireEvent(183)) - No event handler registered for event TypedEvent{payloadType=CommandForDatanode, name='Datanode_Command'}
2019-10-09 10:33:12,636 INFO  pipeline.RatisPipelineProvider (RatisPipelineProvider.java:lambda$create$4(164)) - Send pipeline:PipelineID=54391cc5-2d88-461a-a379-8983fa96c354 create command to datanode 533537e2-7c0f-4793-a497-c74732912121
2019-10-09 10:33:12,636 WARN  events.EventQueue (EventQueue.java:fireEvent(183)) - No event handler registered for event TypedEvent{payloadType=CommandForDatanode, name='Datanode_Command'}
2019-10-09 10:33:12,637 INFO  pipeline.RatisPipelineProvider (RatisPipelineProvider.java:lambda$create$4(164)) - Send pipeline:PipelineID=d4c267d4-338c-4566-a319-51ff4f3a0d64 create command to datanode 87fdeb13-f2c1-4a85-b1dd-aabdc10ba07b
2019-10-09 10:33:12,638 WARN  events.EventQueue (EventQueue.java:fireEvent(183)) - No event handler registered for event TypedEvent{payloadType=CommandForDatanode, name='Datanode_Command'}
2019-10-09 10:33:12,638 INFO  pipeline.RatisPipelineProvider (RatisPipelineProvider.java:lambda$create$4(164)) - Send pipeline:PipelineID=d4c267d4-338c-4566-a319-51ff4f3a0d64 create command to datanode 89fb4bf1-96b1-48c3-aebd-baf07f3ead7b
2019-10-09 10:33:12,638 WARN  events.EventQueue (EventQueue.java:fireEvent(183)) - No event handler registered for event TypedEvent{payloadType=CommandForDatanode, name='Datanode_Command'}
2019-10-09 10:33:12,638 INFO  pipeline.RatisPipelineProvider (RatisPipelineProvider.java:lambda$create$4(164)) - Send pipeline:PipelineID=d4c267d4-338c-4566-a319-51ff4f3a0d64 create command to datanode ddb28d16-4f9c-407e-b0aa-d57ff9896f83
2019-10-09 10:33:12,638 WARN  events.EventQueue (EventQueue.java:fireEvent(183)) - No event handler registered for event TypedEvent{payloadType=CommandForDatanode, name='Datanode_Command'}
2019-10-09 10:33:12,640 INFO  pipeline.RatisPipelineProvider (RatisPipelineProvider.java:lambda$create$4(164)) - Send pipeline:PipelineID=e5b21506-180b-401f-ab4e-2012e57ca8f8 create command to datanode 93dbc6fb-7afe-41b1-a496-9f56ddc939f0
2019-10-09 10:33:12,640 WARN  events.EventQueue (EventQueue.java:fireEvent(183)) - No event handler registered for event TypedEvent{payloadType=CommandForDatanode, name='Datanode_Command'}
2019-10-09 10:33:12,640 INFO  pipeline.RatisPipelineProvider (RatisPipelineProvider.java:lambda$create$4(164)) - Send pipeline:PipelineID=e5b21506-180b-401f-ab4e-2012e57ca8f8 create command to datanode 9438a501-9b9d-4bbe-9290-2d9f218e8e61
2019-10-09 10:33:12,640 WARN  events.EventQueue (EventQueue.java:fireEvent(183)) - No event handler registered for event TypedEvent{payloadType=CommandForDatanode, name='Datanode_Command'}
2019-10-09 10:33:12,641 INFO  pipeline.RatisPipelineProvider (RatisPipelineProvider.java:lambda$create$4(164)) - Send pipeline:PipelineID=e5b21506-180b-401f-ab4e-2012e57ca8f8 create command to datanode 54f7ebd5-763f-4382-b859-a0db6f5ff96a
2019-10-09 10:33:12,641 WARN  events.EventQueue (EventQueue.java:fireEvent(183)) - No event handler registered for event TypedEvent{payloadType=CommandForDatanode, name='Datanode_Command'}
2019-10-09 10:33:12,642 INFO  pipeline.RatisPipelineProvider (RatisPipelineProvider.java:lambda$create$4(164)) - Send pipeline:PipelineID=0fb538e2-d350-4fe5-8c77-97cfbe641658 create command to datanode a42e2ba4-0279-4469-844a-c45f7d9a3108
2019-10-09 10:33:12,642 WARN  events.EventQueue (EventQueue.java:fireEvent(183)) - No event handler registered for event TypedEvent{payloadType=CommandForDatanode, name='Datanode_Command'}
2019-10-09 10:33:12,642 INFO  pipeline.RatisPipelineProvider (RatisPipelineProvider.java:lambda$create$4(164)) - Send pipeline:PipelineID=0fb538e2-d350-4fe5-8c77-97cfbe641658 create command to datanode 62fc241b-c118-4c79-ba99-b552fac149b7
2019-10-09 10:33:12,642 WARN  events.EventQueue (EventQueue.java:fireEvent(183)) - No event handler registered for event TypedEvent{payloadType=CommandForDatanode, name='Datanode_Command'}
2019-10-09 10:33:12,643 INFO  pipeline.RatisPipelineProvider (RatisPipelineProvider.java:lambda$create$4(164)) - Send pipeline:PipelineID=0fb538e2-d350-4fe5-8c77-97cfbe641658 create command to datanode 2dfbc442-4218-4233-8a1c-e11ba9d88b5d
2019-10-09 10:33:12,643 WARN  events.EventQueue (EventQueue.java:fireEvent(183)) - No event handler registered for event TypedEvent{payloadType=CommandForDatanode, name='Datanode_Command'}
2019-10-09 10:33:12,644 INFO  pipeline.RatisPipelineProvider (RatisPipelineProvider.java:lambda$create$4(164)) - Send pipeline:PipelineID=3e6f40ba-df6e-4a2e-aae5-a1288fc72d29 create command to datanode 73af22f4-c556-49b2-81f4-dd5711cb53f9
2019-10-09 10:33:12,644 WARN  events.EventQueue (EventQueue.java:fireEvent(183)) - No event handler registered for event TypedEvent{payloadType=CommandForDatanode, name='Datanode_Command'}
2019-10-09 10:33:12,644 INFO  pipeline.RatisPipelineProvider (RatisPipelineProvider.java:lambda$create$4(164)) - Send pipeline:PipelineID=3e6f40ba-df6e-4a2e-aae5-a1288fc72d29 create command to datanode 4957482d-48b9-4fd7-aa5b-c0243c5c0ee5
2019-10-09 10:33:12,644 WARN  events.EventQueue (EventQueue.java:fireEvent(183)) - No event handler registered for event TypedEvent{payloadType=CommandForDatanode, name='Datanode_Command'}
2019-10-09 10:33:12,644 INFO  pipeline.RatisPipelineProvider (RatisPipelineProvider.java:lambda$create$4(164)) - Send pipeline:PipelineID=3e6f40ba-df6e-4a2e-aae5-a1288fc72d29 create command to datanode fd79781d-5e0e-49a2-8ff0-95cdb6fab358
2019-10-09 10:33:12,645 WARN  events.EventQueue (EventQueue.java:fireEvent(183)) - No event handler registered for event TypedEvent{payloadType=CommandForDatanode, name='Datanode_Command'}
2019-10-09 10:33:12,646 INFO  pipeline.RatisPipelineProvider (RatisPipelineProvider.java:lambda$create$4(164)) - Send pipeline:PipelineID=4576c7a3-7160-4fbb-ab5f-b8326173e2f5 create command to datanode 49abbfa2-a1d6-45e3-8102-79c5e00ab5cc
2019-10-09 10:33:12,646 WARN  events.EventQueue (EventQueue.java:fireEvent(183)) - No event handler registered for event TypedEvent{payloadType=CommandForDatanode, name='Datanode_Command'}
2019-10-09 10:33:12,646 INFO  pipeline.RatisPipelineProvider (RatisPipelineProvider.java:lambda$create$4(164)) - Send pipeline:PipelineID=4576c7a3-7160-4fbb-ab5f-b8326173e2f5 create command to datanode 3fbaf10b-70a9-492c-b036-57394484a43a
2019-10-09 10:33:12,646 WARN  events.EventQueue (EventQueue.java:fireEvent(183)) - No event handler registered for event TypedEvent{payloadType=CommandForDatanode, name='Datanode_Command'}
2019-10-09 10:33:12,646 INFO  pipeline.RatisPipelineProvider (RatisPipelineProvider.java:lambda$create$4(164)) - Send pipeline:PipelineID=4576c7a3-7160-4fbb-ab5f-b8326173e2f5 create command to datanode 2481a9e9-874a-40a7-851e-f8e64d2a162a
2019-10-09 10:33:12,647 WARN  events.EventQueue (EventQueue.java:fireEvent(183)) - No event handler registered for event TypedEvent{payloadType=CommandForDatanode, name='Datanode_Command'}
2019-10-09 10:33:12,648 INFO  pipeline.RatisPipelineProvider (RatisPipelineProvider.java:lambda$create$4(164)) - Send pipeline:PipelineID=fad39e4b-9684-4ea3-8489-078c8c957f79 create command to datanode ab039128-95ef-4659-9a57-989a182d2dad
2019-10-09 10:33:12,648 WARN  events.EventQueue (EventQueue.java:fireEvent(183)) - No event handler registered for event TypedEvent{payloadType=CommandForDatanode, name='Datanode_Command'}
2019-10-09 10:33:12,648 INFO  pipeline.RatisPipelineProvider (RatisPipelineProvider.java:lambda$create$4(164)) - Send pipeline:PipelineID=fad39e4b-9684-4ea3-8489-078c8c957f79 create command to datanode 5bc637de-f839-4afd-af6f-3b6d7bafbee1
2019-10-09 10:33:12,648 WARN  events.EventQueue (EventQueue.java:fireEvent(183)) - No event handler registered for event TypedEvent{payloadType=CommandForDatanode, name='Datanode_Command'}
2019-10-09 10:33:12,649 INFO  pipeline.RatisPipelineProvider (RatisPipelineProvider.java:lambda$create$4(164)) - Send pipeline:PipelineID=fad39e4b-9684-4ea3-8489-078c8c957f79 create command to datanode b5c70a16-9dad-41f3-adf9-b226e01a8ac1
2019-10-09 10:33:12,649 WARN  events.EventQueue (EventQueue.java:fireEvent(183)) - No event handler registered for event TypedEvent{payloadType=CommandForDatanode, name='Datanode_Command'}
2019-10-09 10:33:12,650 INFO  pipeline.RatisPipelineProvider (RatisPipelineProvider.java:lambda$create$4(164)) - Send pipeline:PipelineID=1fc90eee-59e4-46a8-a9ef-e6eee6b96f87 create command to datanode afb8504d-029c-4702-b700-7889db2b4b1a
2019-10-09 10:33:12,650 WARN  events.EventQueue (EventQueue.java:fireEvent(183)) - No event handler registered for event TypedEvent{payloadType=CommandForDatanode, name='Datanode_Command'}
2019-10-09 10:33:12,650 INFO  pipeline.RatisPipelineProvider (RatisPipelineProvider.java:lambda$create$4(164)) - Send pipeline:PipelineID=1fc90eee-59e4-46a8-a9ef-e6eee6b96f87 create command to datanode af9dfc3f-be93-424a-852f-622d97e148cd
2019-10-09 10:33:12,650 WARN  events.EventQueue (EventQueue.java:fireEvent(183)) - No event handler registered for event TypedEvent{payloadType=CommandForDatanode, name='Datanode_Command'}
2019-10-09 10:33:12,650 INFO  pipeline.RatisPipelineProvider (RatisPipelineProvider.java:lambda$create$4(164)) - Send pipeline:PipelineID=1fc90eee-59e4-46a8-a9ef-e6eee6b96f87 create command to datanode 8b11ae46-e25c-423c-a1bf-b97342151031
2019-10-09 10:33:12,651 WARN  events.EventQueue (EventQueue.java:fireEvent(183)) - No event handler registered for event TypedEvent{payloadType=CommandForDatanode, name='Datanode_Command'}
2019-10-09 10:33:12,651 INFO  pipeline.RatisPipelineProvider (RatisPipelineProvider.java:lambda$create$4(164)) - Send pipeline:PipelineID=93599f60-93f2-4aad-a78b-b89040ba9de0 create command to datanode aea2dd21-4310-4337-901c-602438811e31
2019-10-09 10:33:12,652 WARN  events.EventQueue (EventQueue.java:fireEvent(183)) - No event handler registered for event TypedEvent{payloadType=CommandForDatanode, name='Datanode_Command'}
2019-10-09 10:33:12,652 INFO  pipeline.RatisPipelineProvider (RatisPipelineProvider.java:lambda$create$4(164)) - Send pipeline:PipelineID=93599f60-93f2-4aad-a78b-b89040ba9de0 create command to datanode 496c3d71-67ee-423d-8b83-60661cb42626
2019-10-09 10:33:12,652 WARN  events.EventQueue (EventQueue.java:fireEvent(183)) - No event handler registered for event TypedEvent{payloadType=CommandForDatanode, name='Datanode_Command'}
2019-10-09 10:33:12,652 INFO  pipeline.RatisPipelineProvider (RatisPipelineProvider.java:lambda$create$4(164)) - Send pipeline:PipelineID=93599f60-93f2-4aad-a78b-b89040ba9de0 create command to datanode ec495527-d2e1-409f-ac3b-e66be03ae517
2019-10-09 10:33:12,652 WARN  events.EventQueue (EventQueue.java:fireEvent(183)) - No event handler registered for event TypedEvent{payloadType=CommandForDatanode, name='Datanode_Command'}
2019-10-09 10:33:12,653 INFO  pipeline.RatisPipelineProvider (RatisPipelineProvider.java:lambda$create$4(164)) - Send pipeline:PipelineID=1cc61779-dbc7-408e-8cfd-d67972657166 create command to datanode 93e6b043-9090-4221-a974-74767d91b3de
2019-10-09 10:33:12,654 WARN  events.EventQueue (EventQueue.java:fireEvent(183)) - No event handler registered for event TypedEvent{payloadType=CommandForDatanode, name='Datanode_Command'}
2019-10-09 10:33:12,654 INFO  pipeline.RatisPipelineProvider (RatisPipelineProvider.java:lambda$create$4(164)) - Send pipeline:PipelineID=1cc61779-dbc7-408e-8cfd-d67972657166 create command to datanode cc078406-3255-4973-9055-f60fe9ee12c9
2019-10-09 10:33:12,654 WARN  events.EventQueue (EventQueue.java:fireEvent(183)) - No event handler registered for event TypedEvent{payloadType=CommandForDatanode, name='Datanode_Command'}
2019-10-09 10:33:12,654 INFO  pipeline.RatisPipelineProvider (RatisPipelineProvider.java:lambda$create$4(164)) - Send pipeline:PipelineID=1cc61779-dbc7-408e-8cfd-d67972657166 create command to datanode fe6a5fbe-131b-4769-9417-0cf2937dc379
2019-10-09 10:33:12,654 WARN  events.EventQueue (EventQueue.java:fireEvent(183)) - No event handler registered for event TypedEvent{payloadType=CommandForDatanode, name='Datanode_Command'}
2019-10-09 10:33:12,655 INFO  pipeline.RatisPipelineProvider (RatisPipelineProvider.java:lambda$create$4(164)) - Send pipeline:PipelineID=b7ddd804-d4f9-4807-b1df-b2d4d46a477b create command to datanode 621b2f73-f388-4cae-ae46-3ebf4522177a
2019-10-09 10:33:12,655 WARN  events.EventQueue (EventQueue.java:fireEvent(183)) - No event handler registered for event TypedEvent{payloadType=CommandForDatanode, name='Datanode_Command'}
2019-10-09 10:33:12,656 INFO  pipeline.RatisPipelineProvider (RatisPipelineProvider.java:lambda$create$4(164)) - Send pipeline:PipelineID=b7ddd804-d4f9-4807-b1df-b2d4d46a477b create command to datanode 5980df0b-4fac-433c-a6f1-d994ef726ea9
2019-10-09 10:33:12,656 WARN  events.EventQueue (EventQueue.java:fireEvent(183)) - No event handler registered for event TypedEvent{payloadType=CommandForDatanode, name='Datanode_Command'}
2019-10-09 10:33:12,656 INFO  pipeline.RatisPipelineProvider (RatisPipelineProvider.java:lambda$create$4(164)) - Send pipeline:PipelineID=b7ddd804-d4f9-4807-b1df-b2d4d46a477b create command to datanode 2b6f6b0f-ee3e-4871-84ee-1be7cd91d8d1
2019-10-09 10:33:12,656 WARN  events.EventQueue (EventQueue.java:fireEvent(183)) - No event handler registered for event TypedEvent{payloadType=CommandForDatanode, name='Datanode_Command'}
2019-10-09 10:33:12,657 INFO  pipeline.RatisPipelineProvider (RatisPipelineProvider.java:lambda$create$4(164)) - Send pipeline:PipelineID=23ef29b0-34d0-4c40-8e36-9294512a3cc8 create command to datanode 58ed23fe-1a9d-4c46-b4d9-44723bff3303
2019-10-09 10:33:12,657 WARN  events.EventQueue (EventQueue.java:fireEvent(183)) - No event handler registered for event TypedEvent{payloadType=CommandForDatanode, name='Datanode_Command'}
2019-10-09 10:33:12,657 INFO  pipeline.RatisPipelineProvider (RatisPipelineProvider.java:lambda$create$4(164)) - Send pipeline:PipelineID=23ef29b0-34d0-4c40-8e36-9294512a3cc8 create command to datanode e8df3470-0c0a-4ab2-9ffa-9f9a20762bbb
2019-10-09 10:33:12,657 WARN  events.EventQueue (EventQueue.java:fireEvent(183)) - No event handler registered for event TypedEvent{payloadType=CommandForDatanode, name='Datanode_Command'}
2019-10-09 10:33:12,658 INFO  pipeline.RatisPipelineProvider (RatisPipelineProvider.java:lambda$create$4(164)) - Send pipeline:PipelineID=23ef29b0-34d0-4c40-8e36-9294512a3cc8 create command to datanode 41f80f41-fddc-4f30-a6fb-b839ea374710
2019-10-09 10:33:12,658 WARN  events.EventQueue (EventQueue.java:fireEvent(183)) - No event handler registered for event TypedEvent{payloadType=CommandForDatanode, name='Datanode_Command'}
2019-10-09 10:33:12,659 INFO  pipeline.RatisPipelineProvider (RatisPipelineProvider.java:lambda$create$4(164)) - Send pipeline:PipelineID=4da56e3b-1d7a-4af8-9298-cd2915495942 create command to datanode 5845aaec-4b85-42e9-8af1-14ecd47f2116
2019-10-09 10:33:12,659 WARN  events.EventQueue (EventQueue.java:fireEvent(183)) - No event handler registered for event TypedEvent{payloadType=CommandForDatanode, name='Datanode_Command'}
2019-10-09 10:33:12,660 INFO  pipeline.RatisPipelineProvider (RatisPipelineProvider.java:lambda$create$4(164)) - Send pipeline:PipelineID=4da56e3b-1d7a-4af8-9298-cd2915495942 create command to datanode 84e55e93-2a1c-4d77-9f2d-8d6edfe0a9dc
2019-10-09 10:33:12,660 WARN  events.EventQueue (EventQueue.java:fireEvent(183)) - No event handler registered for event TypedEvent{payloadType=CommandForDatanode, name='Datanode_Command'}
2019-10-09 10:33:12,660 INFO  pipeline.RatisPipelineProvider (RatisPipelineProvider.java:lambda$create$4(164)) - Send pipeline:PipelineID=4da56e3b-1d7a-4af8-9298-cd2915495942 create command to datanode 1d5f5171-8774-4597-a333-0c9f45475f2a
2019-10-09 10:33:12,660 WARN  events.EventQueue (EventQueue.java:fireEvent(183)) - No event handler registered for event TypedEvent{payloadType=CommandForDatanode, name='Datanode_Command'}
2019-10-09 10:33:12,662 INFO  safemode.HealthyPipelineSafeModeRule (HealthyPipelineSafeModeRule.java:<init>(89)) -  Total pipeline count is 22, healthy pipeline threshold count is 3
2019-10-09 10:33:12,663 INFO  safemode.OneReplicaPipelineSafeModeRule (OneReplicaPipelineSafeModeRule.java:<init>(88)) - Total pipeline count is 22, pipeline's with at least one datanode reported threshold count is 20
2019-10-09 10:33:12,663 WARN  events.EventQueue (EventQueue.java:fireEvent(183)) - No event handler registered for event TypedEvent{payloadType=SafeModeStatus, name='SafeModeStatus'}
2019-10-09 10:33:12,665 INFO  safemode.SCMSafeModeManager (DataNodeSafeModeRule.java:process(71)) - SCM in safe mode. 1 DataNodes registered, 1 required.
2019-10-09 10:33:12,665 INFO  safemode.SCMSafeModeManager (SCMSafeModeManager.java:validateSafeModeExitRules(169)) - DataNodeSafeModeRule rule is successfully validated
2019-10-09 10:33:12,668 INFO  safemode.SCMSafeModeManager (ContainerSafeModeRule.java:process(117)) - SCM in safe mode. 100.0 % containers have at least one reported replica.
2019-10-09 10:33:12,669 INFO  safemode.SCMSafeModeManager (SCMSafeModeManager.java:validateSafeModeExitRules(169)) - ContainerSafeModeRule rule is successfully validated
2019-10-09 10:33:12,765 INFO  pipeline.PipelineStateManager (PipelineStateManager.java:openPipeline(134)) - Pipeline Pipeline[ Id: d4c267d4-338c-4566-a319-51ff4f3a0d64, Nodes: 87fdeb13-f2c1-4a85-b1dd-aabdc10ba07b{ip: 216.140.224.3, host: localhost-216.140.224.3, networkLocation: /default-rack, certSerialId: null}89fb4bf1-96b1-48c3-aebd-baf07f3ead7b{ip: 1.116.228.156, host: localhost-1.116.228.156, networkLocation: /default-rack, certSerialId: null}ddb28d16-4f9c-407e-b0aa-d57ff9896f83{ip: 136.129.185.72, host: localhost-136.129.185.72, networkLocation: /default-rack, certSerialId: null}, Type:RATIS, Factor:THREE, State:ALLOCATED] moved to OPEN state
2019-10-09 10:33:12,766 INFO  safemode.SCMSafeModeManager (HealthyPipelineSafeModeRule.java:process(122)) - SCM in safe mode. Healthy pipelines reported count is 1, required healthy pipeline reported count is 3
2019-10-09 10:33:12,766 INFO  safemode.SCMSafeModeManager (OneReplicaPipelineSafeModeRule.java:process(130)) - SCM in safe mode. Pipelines with at least one datanode reported count is 1, required at least one datanode reported per pipeline count is 20
2019-10-09 10:33:13,767 INFO  pipeline.PipelineStateManager (PipelineStateManager.java:openPipeline(134)) - Pipeline Pipeline[ Id: 4576c7a3-7160-4fbb-ab5f-b8326173e2f5, Nodes: 49abbfa2-a1d6-45e3-8102-79c5e00ab5cc{ip: 42.48.131.255, host: localhost-42.48.131.255, networkLocation: /default-rack, certSerialId: null}3fbaf10b-70a9-492c-b036-57394484a43a{ip: 14.151.180.232, host: localhost-14.151.180.232, networkLocation: /default-rack, certSerialId: null}2481a9e9-874a-40a7-851e-f8e64d2a162a{ip: 192.61.173.62, host: localhost-192.61.173.62, networkLocation: /default-rack, certSerialId: null}, Type:RATIS, Factor:THREE, State:ALLOCATED] moved to OPEN state
2019-10-09 10:33:13,767 INFO  safemode.SCMSafeModeManager (HealthyPipelineSafeModeRule.java:process(122)) - SCM in safe mode. Healthy pipelines reported count is 2, required healthy pipeline reported count is 3
2019-10-09 10:33:13,767 INFO  pipeline.PipelineStateManager (PipelineStateManager.java:openPipeline(134)) - Pipeline Pipeline[ Id: 0fb538e2-d350-4fe5-8c77-97cfbe641658, Nodes: a42e2ba4-0279-4469-844a-c45f7d9a3108{ip: 91.243.221.213, host: localhost-91.243.221.213, networkLocation: /default-rack, certSerialId: null}62fc241b-c118-4c79-ba99-b552fac149b7{ip: 76.56.53.187, host: localhost-76.56.53.187, networkLocation: /default-rack, certSerialId: null}2dfbc442-4218-4233-8a1c-e11ba9d88b5d{ip: 41.117.227.50, host: localhost-41.117.227.50, networkLocation: /default-rack, certSerialId: null}, Type:RATIS, Factor:THREE, State:ALLOCATED] moved to OPEN state
2019-10-09 10:33:13,767 INFO  safemode.SCMSafeModeManager (OneReplicaPipelineSafeModeRule.java:process(130)) - SCM in safe mode. Pipelines with at least one datanode reported count is 2, required at least one datanode reported per pipeline count is 20
2019-10-09 10:33:13,768 INFO  safemode.SCMSafeModeManager (HealthyPipelineSafeModeRule.java:process(122)) - SCM in safe mode. Healthy pipelines reported count is 3, required healthy pipeline reported count is 3
2019-10-09 10:33:13,768 INFO  safemode.SCMSafeModeManager (OneReplicaPipelineSafeModeRule.java:process(130)) - SCM in safe mode. Pipelines with at least one datanode reported count is 3, required at least one datanode reported per pipeline count is 20
2019-10-09 10:33:13,769 INFO  safemode.SCMSafeModeManager (SCMSafeModeManager.java:validateSafeModeExitRules(169)) - HealthyPipelineSafeModeRule rule is successfully validated
2019-10-09 10:33:14,768 INFO  pipeline.PipelineStateManager (PipelineStateManager.java:openPipeline(134)) - Pipeline Pipeline[ Id: 4da56e3b-1d7a-4af8-9298-cd2915495942, Nodes: 5845aaec-4b85-42e9-8af1-14ecd47f2116{ip: 135.209.93.198, host: localhost-135.209.93.198, networkLocation: /default-rack, certSerialId: null}84e55e93-2a1c-4d77-9f2d-8d6edfe0a9dc{ip: 207.54.16.250, host: localhost-207.54.16.250, networkLocation: /default-rack, certSerialId: null}1d5f5171-8774-4597-a333-0c9f45475f2a{ip: 120.90.120.77, host: localhost-120.90.120.77, networkLocation: /default-rack, certSerialId: null}, Type:RATIS, Factor:THREE, State:ALLOCATED] moved to OPEN state
2019-10-09 10:33:14,769 INFO  safemode.SCMSafeModeManager (OneReplicaPipelineSafeModeRule.java:process(130)) - SCM in safe mode. Pipelines with at least one datanode reported count is 4, required at least one datanode reported per pipeline count is 20
2019-10-09 10:33:14,769 INFO  safemode.SCMSafeModeManager (SCMSafeModeManager.java:validateSafeModeExitRules(169)) - HealthyPipelineSafeModeRule rule is successfully validated
2019-10-09 10:33:14,769 INFO  pipeline.PipelineStateManager (PipelineStateManager.java:openPipeline(134)) - Pipeline Pipeline[ Id: 86c4b7f0-8b13-4eae-bd96-5062b4802e5a, Nodes: da5fbf2c-ed5e-4e58-9867-a4dbcf338739{ip: 118.178.37.231, host: localhost-118.178.37.231, networkLocation: /default-rack, certSerialId: null}941fca28-3656-49b0-8f18-5f1af95091a5{ip: 2.237.146.85, host: localhost-2.237.146.85, networkLocation: /default-rack, certSerialId: null}102b2c25-753f-43f2-bacd-5e879abf6657{ip: 163.20.124.61, host: localhost-163.20.124.61, networkLocation: /default-rack, certSerialId: null}, Type:RATIS, Factor:THREE, State:ALLOCATED] moved to OPEN state
2019-10-09 10:33:14,770 INFO  safemode.SCMSafeModeManager (SCMSafeModeManager.java:validateSafeModeExitRules(169)) - HealthyPipelineSafeModeRule rule is successfully validated
2019-10-09 10:33:14,770 INFO  pipeline.PipelineStateManager (PipelineStateManager.java:openPipeline(134)) - Pipeline Pipeline[ Id: 93599f60-93f2-4aad-a78b-b89040ba9de0, Nodes: aea2dd21-4310-4337-901c-602438811e31{ip: 85.196.97.205, host: localhost-85.196.97.205, networkLocation: /default-rack, certSerialId: null}496c3d71-67ee-423d-8b83-60661cb42626{ip: 210.4.49.90, host: localhost-210.4.49.90, networkLocation: /default-rack, certSerialId: null}ec495527-d2e1-409f-ac3b-e66be03ae517{ip: 215.107.218.87, host: localhost-215.107.218.87, networkLocation: /default-rack, certSerialId: null}, Type:RATIS, Factor:THREE, State:ALLOCATED] moved to OPEN state
2019-10-09 10:33:14,770 INFO  safemode.SCMSafeModeManager (OneReplicaPipelineSafeModeRule.java:process(130)) - SCM in safe mode. Pipelines with at least one datanode reported count is 5, required at least one datanode reported per pipeline count is 20
2019-10-09 10:33:14,771 INFO  safemode.SCMSafeModeManager (SCMSafeModeManager.java:validateSafeModeExitRules(169)) - HealthyPipelineSafeModeRule rule is successfully validated
2019-10-09 10:33:14,772 INFO  safemode.SCMSafeModeManager (OneReplicaPipelineSafeModeRule.java:process(130)) - SCM in safe mode. Pipelines with at least one datanode reported count is 6, required at least one datanode reported per pipeline count is 20
2019-10-09 10:33:15,771 INFO  pipeline.PipelineStateManager (PipelineStateManager.java:openPipeline(134)) - Pipeline Pipeline[ Id: 956db741-c34a-48b2-8e5d-8fd4d19a5f0f, Nodes: de43d54b-4b7c-4023-aeff-1f2e65df8c22{ip: 63.107.252.11, host: localhost-63.107.252.11, networkLocation: /default-rack, certSerialId: null}ff73ee62-e9e7-4323-9f67-b7c5346e8777{ip: 23.73.166.84, host: localhost-23.73.166.84, networkLocation: /default-rack, certSerialId: null}d5d5fa23-61c1-449f-b381-b04ac3bcb78f{ip: 55.85.40.70, host: localhost-55.85.40.70, networkLocation: /default-rack, certSerialId: null}, Type:RATIS, Factor:THREE, State:ALLOCATED] moved to OPEN state
2019-10-09 10:33:15,772 INFO  safemode.SCMSafeModeManager (SCMSafeModeManager.java:validateSafeModeExitRules(169)) - HealthyPipelineSafeModeRule rule is successfully validated
2019-10-09 10:33:15,772 INFO  pipeline.PipelineStateManager (PipelineStateManager.java:openPipeline(134)) - Pipeline Pipeline[ Id: b6616602-6bcc-451b-8a92-61b8f29c71ee, Nodes: 20d19d30-3443-42fa-b961-923f6f89f08b{ip: 206.80.100.20, host: localhost-206.80.100.20, networkLocation: /default-rack, certSerialId: null}63ef5b65-c059-4438-9397-f73aef531821{ip: 193.75.200.90, host: localhost-193.75.200.90, networkLocation: /default-rack, certSerialId: null}c8595b3d-0df6-4309-9cad-395dad0ff9a5{ip: 156.77.56.184, host: localhost-156.77.56.184, networkLocation: /default-rack, certSerialId: null}, Type:RATIS, Factor:THREE, State:ALLOCATED] moved to OPEN state
2019-10-09 10:33:15,772 INFO  safemode.SCMSafeModeManager (OneReplicaPipelineSafeModeRule.java:process(130)) - SCM in safe mode. Pipelines with at least one datanode reported count is 7, required at least one datanode reported per pipeline count is 20
2019-10-09 10:33:15,773 INFO  safemode.SCMSafeModeManager (SCMSafeModeManager.java:validateSafeModeExitRules(169)) - HealthyPipelineSafeModeRule rule is successfully validated
2019-10-09 10:33:15,774 INFO  safemode.SCMSafeModeManager (OneReplicaPipelineSafeModeRule.java:process(130)) - SCM in safe mode. Pipelines with at least one datanode reported count is 8, required at least one datanode reported per pipeline count is 20
2019-10-09 10:33:16,774 INFO  pipeline.PipelineStateManager (PipelineStateManager.java:openPipeline(134)) - Pipeline Pipeline[ Id: c93e3d9e-6b8a-4ed6-8682-df3acf5eeaf5, Nodes: 4b171224-f938-4059-a863-c2785e3ede56{ip: 3.33.155.238, host: localhost-3.33.155.238, networkLocation: /default-rack, certSerialId: null}ed7e9bc3-f03e-4260-8cbc-690eee329f1b{ip: 159.192.165.185, host: localhost-159.192.165.185, networkLocation: /default-rack, certSerialId: null}04d16d35-04de-42cc-a7be-0d9a175ea8a8{ip: 241.20.106.13, host: localhost-241.20.106.13, networkLocation: /default-rack, certSerialId: null}, Type:RATIS, Factor:THREE, State:ALLOCATED] moved to OPEN state
2019-10-09 10:33:16,774 INFO  safemode.SCMSafeModeManager (SCMSafeModeManager.java:validateSafeModeExitRules(169)) - HealthyPipelineSafeModeRule rule is successfully validated
2019-10-09 10:33:16,774 INFO  safemode.SCMSafeModeManager (OneReplicaPipelineSafeModeRule.java:process(130)) - SCM in safe mode. Pipelines with at least one datanode reported count is 9, required at least one datanode reported per pipeline count is 20
]]></system-out>
  </testcase>
  <testcase name="testSafeModePipelineExitRule" classname="org.apache.hadoop.hdds.scm.safemode.TestSCMSafeModeManager" time="0.24"/>
  <testcase name="testSafeModeState" classname="org.apache.hadoop.hdds.scm.safemode.TestSCMSafeModeManager" time="0.209"/>
  <testcase name="testFailWithIncorrectValueForOneReplicaPipelinePercent" classname="org.apache.hadoop.hdds.scm.safemode.TestSCMSafeModeManager" time="0.165"/>
  <testcase name="testFailWithIncorrectValueForSafeModePercent" classname="org.apache.hadoop.hdds.scm.safemode.TestSCMSafeModeManager" time="0.186"/>
  <testcase name="testSafeModeDataNodeExitRule" classname="org.apache.hadoop.hdds.scm.safemode.TestSCMSafeModeManager" time="0.035"/>
  <testcase name="testContainerSafeModeRule" classname="org.apache.hadoop.hdds.scm.safemode.TestSCMSafeModeManager" time="0.107"/>
  <testcase name="testSafeModeStateWithNullContainers" classname="org.apache.hadoop.hdds.scm.safemode.TestSCMSafeModeManager" time="0.002"/>
</testsuite>