<?xml version="1.0" encoding="UTF-8"?>
<testsuite xmlns:xsi="http://www.w3.org/2001/XMLSchema-instance" xsi:noNamespaceSchemaLocation="https://maven.apache.org/surefire/maven-surefire-plugin/xsd/surefire-test-report.xsd" name="org.apache.hadoop.ozone.client.rpc.TestWatchForCommit" time="246.484" tests="5" errors="1" skipped="0" failures="1">
  <properties>
    <property name="awt.toolkit" value="sun.awt.X11.XToolkit"/>
    <property name="file.encoding.pkg" value="sun.io"/>
    <property name="java.specification.version" value="1.8"/>
    <property name="sun.cpu.isalist" value=""/>
    <property name="sun.jnu.encoding" value="UTF-8"/>
    <property name="java.class.path" value="/workdir/hadoop-ozone/integration-test/target/test-classes:/workdir/hadoop-ozone/integration-test/target/classes:/home/user/.m2/repository/org/apache/hadoop/hadoop-ozone-common/0.5.0-SNAPSHOT/hadoop-ozone-common-0.5.0-SNAPSHOT.jar:/home/user/.m2/repository/org/apache/commons/commons-compress/1.4.1/commons-compress-1.4.1.jar:/home/user/.m2/repository/org/tukaani/xz/1.0/xz-1.0.jar:/home/user/.m2/repository/org/apache/hadoop/hadoop-common/3.2.0/hadoop-common-3.2.0.jar:/home/user/.m2/repository/org/apache/hadoop/hadoop-hdfs/3.2.0/hadoop-hdfs-3.2.0.jar:/home/user/.m2/repository/org/apache/hadoop/hadoop-hdfs-client/3.2.0/hadoop-hdfs-client-3.2.0.jar:/home/user/.m2/repository/com/fasterxml/jackson/core/jackson-annotations/2.9.9/jackson-annotations-2.9.9.jar:/home/user/.m2/repository/org/apache/hadoop/hadoop-hdds-common/0.5.0-SNAPSHOT/hadoop-hdds-common-0.5.0-SNAPSHOT.jar:/home/user/.m2/repository/javax/annotation/javax.annotation-api/1.2/javax.annotation-api-1.2.jar:/home/user/.m2/repository/org/apache/ratis/ratis-server/0.5.0-201fc85-SNAPSHOT/ratis-server-0.5.0-201fc85-SNAPSHOT.jar:/home/user/.m2/repository/org/apache/ratis/ratis-thirdparty-misc/0.2.0/ratis-thirdparty-misc-0.2.0.jar:/home/user/.m2/repository/org/apache/ratis/ratis-proto/0.5.0-201fc85-SNAPSHOT/ratis-proto-0.5.0-201fc85-SNAPSHOT.jar:/home/user/.m2/repository/org/apache/ratis/ratis-common/0.5.0-201fc85-SNAPSHOT/ratis-common-0.5.0-201fc85-SNAPSHOT.jar:/home/user/.m2/repository/org/apache/ratis/ratis-client/0.5.0-201fc85-SNAPSHOT/ratis-client-0.5.0-201fc85-SNAPSHOT.jar:/home/user/.m2/repository/org/apache/ratis/ratis-metrics/0.5.0-201fc85-SNAPSHOT/ratis-metrics-0.5.0-201fc85-SNAPSHOT.jar:/home/user/.m2/repository/com/github/joshelser/dropwizard-metrics-hadoop-metrics2-reporter/0.1.2/dropwizard-metrics-hadoop-metrics2-reporter-0.1.2.jar:/home/user/.m2/repository/io/dropwizard/metrics/metrics-jvm/3.2.5/metrics-jvm-3.2.5.jar:/home/user/.m2/repository/io/dropwizard/metrics/metrics-ganglia/3.2.5/metrics-ganglia-3.2.5.jar:/home/user/.m2/repository/info/ganglia/gmetric4j/gmetric4j/1.0.7/gmetric4j-1.0.7.jar:/home/user/.m2/repository/org/apache/ratis/ratis-netty/0.5.0-201fc85-SNAPSHOT/ratis-netty-0.5.0-201fc85-SNAPSHOT.jar:/home/user/.m2/repository/org/apache/ratis/ratis-grpc/0.5.0-201fc85-SNAPSHOT/ratis-grpc-0.5.0-201fc85-SNAPSHOT.jar:/home/user/.m2/repository/org/rocksdb/rocksdbjni/6.0.1/rocksdbjni-6.0.1.jar:/home/user/.m2/repository/org/apache/logging/log4j/log4j-api/2.11.0/log4j-api-2.11.0.jar:/home/user/.m2/repository/org/apache/logging/log4j/log4j-core/2.11.0/log4j-core-2.11.0.jar:/home/user/.m2/repository/com/lmax/disruptor/3.4.2/disruptor-3.4.2.jar:/home/user/.m2/repository/org/apache/commons/commons-pool2/2.6.0/commons-pool2-2.6.0.jar:/home/user/.m2/repository/org/bouncycastle/bcpkix-jdk15on/1.60/bcpkix-jdk15on-1.60.jar:/home/user/.m2/repository/commons-validator/commons-validator/1.6/commons-validator-1.6.jar:/home/user/.m2/repository/commons-digester/commons-digester/1.8.1/commons-digester-1.8.1.jar:/home/user/.m2/repository/io/jaegertracing/jaeger-client/0.34.0/jaeger-client-0.34.0.jar:/home/user/.m2/repository/io/jaegertracing/jaeger-thrift/0.34.0/jaeger-thrift-0.34.0.jar:/home/user/.m2/repository/org/apache/thrift/libthrift/0.12.0/libthrift-0.12.0.jar:/home/user/.m2/repository/com/squareup/okhttp3/okhttp/3.9.0/okhttp-3.9.0.jar:/home/user/.m2/repository/com/squareup/okio/okio/1.13.0/okio-1.13.0.jar:/home/user/.m2/repository/io/jaegertracing/jaeger-core/0.34.0/jaeger-core-0.34.0.jar:/home/user/.m2/repository/io/jaegertracing/jaeger-tracerresolver/0.34.0/jaeger-tracerresolver-0.34.0.jar:/home/user/.m2/repository/io/opentracing/contrib/opentracing-tracerresolver/0.1.5/opentracing-tracerresolver-0.1.5.jar:/home/user/.m2/repository/io/opentracing/opentracing-util/0.31.0/opentracing-util-0.31.0.jar:/home/user/.m2/repository/io/opentracing/opentracing-api/0.31.0/opentracing-api-0.31.0.jar:/home/user/.m2/repository/io/opentracing/opentracing-noop/0.31.0/opentracing-noop-0.31.0.jar:/home/user/.m2/repository/org/apache/hadoop/hadoop-hdds-server-framework/0.5.0-SNAPSHOT/hadoop-hdds-server-framework-0.5.0-SNAPSHOT.jar:/home/user/.m2/repository/org/apache/hadoop/hadoop-hdds-container-service/0.5.0-SNAPSHOT/hadoop-hdds-container-service-0.5.0-SNAPSHOT.jar:/home/user/.m2/repository/org/apache/hadoop/hadoop-hdds-client/0.5.0-SNAPSHOT/hadoop-hdds-client-0.5.0-SNAPSHOT.jar:/home/user/.m2/repository/org/apache/hadoop/hadoop-hdds-tools/0.5.0-SNAPSHOT/hadoop-hdds-tools-0.5.0-SNAPSHOT.jar:/home/user/.m2/repository/org/apache/hadoop/hadoop-hdds-server-scm/0.5.0-SNAPSHOT/hadoop-hdds-server-scm-0.5.0-SNAPSHOT.jar:/home/user/.m2/repository/org/apache/hadoop/hadoop-hdds-docs/0.5.0-SNAPSHOT/hadoop-hdds-docs-0.5.0-SNAPSHOT.jar:/home/user/.m2/repository/io/dropwizard/metrics/metrics-core/3.2.4/metrics-core-3.2.4.jar:/home/user/.m2/repository/org/hamcrest/hamcrest-all/1.3/hamcrest-all-1.3.jar:/home/user/.m2/repository/org/bouncycastle/bcprov-jdk15on/1.60/bcprov-jdk15on-1.60.jar:/home/user/.m2/repository/info/picocli/picocli/3.9.6/picocli-3.9.6.jar:/home/user/.m2/repository/com/google/protobuf/protobuf-java/2.5.0/protobuf-java-2.5.0.jar:/home/user/.m2/repository/com/google/guava/guava/11.0.2/guava-11.0.2.jar:/home/user/.m2/repository/org/apache/hadoop/hadoop-ozone-ozone-manager/0.5.0-SNAPSHOT/hadoop-ozone-ozone-manager-0.5.0-SNAPSHOT.jar:/home/user/.m2/repository/org/apache/hadoop/hadoop-minikdc/3.2.0/hadoop-minikdc-3.2.0.jar:/home/user/.m2/repository/commons-io/commons-io/2.5/commons-io-2.5.jar:/home/user/.m2/repository/org/apache/kerby/kerb-simplekdc/1.0.1/kerb-simplekdc-1.0.1.jar:/home/user/.m2/repository/org/apache/kerby/kerb-client/1.0.1/kerb-client-1.0.1.jar:/home/user/.m2/repository/org/apache/kerby/kerby-config/1.0.1/kerby-config-1.0.1.jar:/home/user/.m2/repository/org/apache/kerby/kerb-core/1.0.1/kerb-core-1.0.1.jar:/home/user/.m2/repository/org/apache/kerby/kerby-pkix/1.0.1/kerby-pkix-1.0.1.jar:/home/user/.m2/repository/org/apache/kerby/kerby-asn1/1.0.1/kerby-asn1-1.0.1.jar:/home/user/.m2/repository/org/apache/kerby/kerby-util/1.0.1/kerby-util-1.0.1.jar:/home/user/.m2/repository/org/apache/kerby/kerb-common/1.0.1/kerb-common-1.0.1.jar:/home/user/.m2/repository/org/apache/kerby/kerb-crypto/1.0.1/kerb-crypto-1.0.1.jar:/home/user/.m2/repository/org/apache/kerby/kerb-util/1.0.1/kerb-util-1.0.1.jar:/home/user/.m2/repository/org/apache/kerby/token-provider/1.0.1/token-provider-1.0.1.jar:/home/user/.m2/repository/org/apache/kerby/kerb-admin/1.0.1/kerb-admin-1.0.1.jar:/home/user/.m2/repository/org/apache/kerby/kerb-server/1.0.1/kerb-server-1.0.1.jar:/home/user/.m2/repository/org/apache/kerby/kerb-identity/1.0.1/kerb-identity-1.0.1.jar:/home/user/.m2/repository/org/apache/kerby/kerby-xdr/1.0.1/kerby-xdr-1.0.1.jar:/home/user/.m2/repository/org/slf4j/slf4j-log4j12/1.7.25/slf4j-log4j12-1.7.25.jar:/home/user/.m2/repository/org/apache/hadoop/hadoop-ozone-s3gateway/0.5.0-SNAPSHOT/hadoop-ozone-s3gateway-0.5.0-SNAPSHOT.jar:/home/user/.m2/repository/org/jboss/weld/servlet/weld-servlet/2.4.7.Final/weld-servlet-2.4.7.Final.jar:/home/user/.m2/repository/org/glassfish/jersey/containers/jersey-container-servlet-core/2.27/jersey-container-servlet-core-2.27.jar:/home/user/.m2/repository/org/glassfish/hk2/external/javax.inject/2.5.0-b42/javax.inject-2.5.0-b42.jar:/home/user/.m2/repository/org/glassfish/jersey/core/jersey-common/2.27/jersey-common-2.27.jar:/home/user/.m2/repository/org/glassfish/hk2/osgi-resource-locator/1.0.1/osgi-resource-locator-1.0.1.jar:/home/user/.m2/repository/javax/ws/rs/javax.ws.rs-api/2.1/javax.ws.rs-api-2.1.jar:/home/user/.m2/repository/org/glassfish/jersey/ext/cdi/jersey-cdi1x/2.27/jersey-cdi1x-2.27.jar:/home/user/.m2/repository/org/glassfish/jersey/inject/jersey-hk2/2.27/jersey-hk2-2.27.jar:/home/user/.m2/repository/org/glassfish/hk2/hk2-locator/2.5.0-b42/hk2-locator-2.5.0-b42.jar:/home/user/.m2/repository/org/javassist/javassist/3.22.0-CR2/javassist-3.22.0-CR2.jar:/home/user/.m2/repository/org/glassfish/hk2/hk2-api/2.5.0/hk2-api-2.5.0.jar:/home/user/.m2/repository/org/glassfish/hk2/external/jakarta.inject/2.5.0/jakarta.inject-2.5.0.jar:/home/user/.m2/repository/org/glassfish/hk2/hk2-utils/2.5.0/hk2-utils-2.5.0.jar:/home/user/.m2/repository/jakarta/annotation/jakarta.annotation-api/1.3.4/jakarta.annotation-api-1.3.4.jar:/home/user/.m2/repository/org/glassfish/hk2/external/aopalliance-repackaged/2.5.0/aopalliance-repackaged-2.5.0.jar:/home/user/.m2/repository/com/fasterxml/jackson/dataformat/jackson-dataformat-xml/2.9.0/jackson-dataformat-xml-2.9.0.jar:/home/user/.m2/repository/com/fasterxml/jackson/core/jackson-core/2.9.9/jackson-core-2.9.9.jar:/home/user/.m2/repository/com/fasterxml/jackson/module/jackson-module-jaxb-annotations/2.9.9/jackson-module-jaxb-annotations-2.9.9.jar:/home/user/.m2/repository/javax/enterprise/cdi-api/1.2/cdi-api-1.2.jar:/home/user/.m2/repository/javax/el/javax.el-api/3.0.0/javax.el-api-3.0.0.jar:/home/user/.m2/repository/javax/interceptor/javax.interceptor-api/1.2/javax.interceptor-api-1.2.jar:/home/user/.m2/repository/javax/inject/javax.inject/1/javax.inject-1.jar:/home/user/.m2/repository/com/sun/xml/bind/jaxb-impl/2.3.0.1/jaxb-impl-2.3.0.1.jar:/home/user/.m2/repository/com/sun/xml/bind/jaxb-core/2.3.0.1/jaxb-core-2.3.0.1.jar:/home/user/.m2/repository/javax/xml/bind/jaxb-api/2.3.0/jaxb-api-2.3.0.jar:/home/user/.m2/repository/javax/activation/activation/1.1.1/activation-1.1.1.jar:/home/user/.m2/repository/org/apache/hadoop/hadoop-ozone-csi/0.5.0-SNAPSHOT/hadoop-ozone-csi-0.5.0-SNAPSHOT.jar:/home/user/.m2/repository/com/google/protobuf/protobuf-java-util/3.5.1/protobuf-java-util-3.5.1.jar:/home/user/.m2/repository/org/apache/hadoop/hadoop-hdds-config/0.5.0-SNAPSHOT/hadoop-hdds-config-0.5.0-SNAPSHOT.jar:/home/user/.m2/repository/io/grpc/grpc-netty/1.17.1/grpc-netty-1.17.1.jar:/home/user/.m2/repository/io/grpc/grpc-core/1.17.1/grpc-core-1.17.1.jar:/home/user/.m2/repository/io/grpc/grpc-context/1.17.1/grpc-context-1.17.1.jar:/home/user/.m2/repository/com/google/errorprone/error_prone_annotations/2.2.0/error_prone_annotations-2.2.0.jar:/home/user/.m2/repository/org/codehaus/mojo/animal-sniffer-annotations/1.17/animal-sniffer-annotations-1.17.jar:/home/user/.m2/repository/io/opencensus/opencensus-api/0.17.0/opencensus-api-0.17.0.jar:/home/user/.m2/repository/io/opencensus/opencensus-contrib-grpc-metrics/0.17.0/opencensus-contrib-grpc-metrics-0.17.0.jar:/home/user/.m2/repository/io/netty/netty-codec-http2/4.1.30.Final/netty-codec-http2-4.1.30.Final.jar:/home/user/.m2/repository/io/netty/netty-codec-http/4.1.30.Final/netty-codec-http-4.1.30.Final.jar:/home/user/.m2/repository/io/netty/netty-codec/4.1.30.Final/netty-codec-4.1.30.Final.jar:/home/user/.m2/repository/io/netty/netty-handler/4.1.30.Final/netty-handler-4.1.30.Final.jar:/home/user/.m2/repository/io/netty/netty-handler-proxy/4.1.30.Final/netty-handler-proxy-4.1.30.Final.jar:/home/user/.m2/repository/io/netty/netty-codec-socks/4.1.30.Final/netty-codec-socks-4.1.30.Final.jar:/home/user/.m2/repository/io/netty/netty-transport-native-epoll/4.1.30.Final/netty-transport-native-epoll-4.1.30.Final.jar:/home/user/.m2/repository/io/netty/netty-common/4.1.30.Final/netty-common-4.1.30.Final.jar:/home/user/.m2/repository/io/netty/netty-buffer/4.1.30.Final/netty-buffer-4.1.30.Final.jar:/home/user/.m2/repository/io/netty/netty-transport/4.1.30.Final/netty-transport-4.1.30.Final.jar:/home/user/.m2/repository/io/netty/netty-resolver/4.1.30.Final/netty-resolver-4.1.30.Final.jar:/home/user/.m2/repository/io/netty/netty-transport-native-unix-common/4.1.30.Final/netty-transport-native-unix-common-4.1.30.Final.jar:/home/user/.m2/repository/io/grpc/grpc-protobuf/1.17.1/grpc-protobuf-1.17.1.jar:/home/user/.m2/repository/com/google/api/grpc/proto-google-common-protos/1.0.0/proto-google-common-protos-1.0.0.jar:/home/user/.m2/repository/io/grpc/grpc-protobuf-lite/1.17.1/grpc-protobuf-lite-1.17.1.jar:/home/user/.m2/repository/io/grpc/grpc-stub/1.17.1/grpc-stub-1.17.1.jar:/home/user/.m2/repository/org/apache/hadoop/hadoop-ozone-recon/0.5.0-SNAPSHOT/hadoop-ozone-recon-0.5.0-SNAPSHOT.jar:/home/user/.m2/repository/org/apache/hadoop/hadoop-ozone-reconcodegen/0.5.0-SNAPSHOT/hadoop-ozone-reconcodegen-0.5.0-SNAPSHOT.jar:/home/user/.m2/repository/com/google/inject/extensions/guice-multibindings/4.0/guice-multibindings-4.0.jar:/home/user/.m2/repository/com/google/inject/guice/4.0/guice-4.0.jar:/home/user/.m2/repository/aopalliance/aopalliance/1.0/aopalliance-1.0.jar:/home/user/.m2/repository/com/google/inject/extensions/guice-servlet/4.0/guice-servlet-4.0.jar:/home/user/.m2/repository/org/glassfish/jersey/containers/jersey-container-servlet/2.27/jersey-container-servlet-2.27.jar:/home/user/.m2/repository/org/glassfish/hk2/guice-bridge/2.5.0/guice-bridge-2.5.0.jar:/home/user/.m2/repository/org/glassfish/jersey/core/jersey-server/2.27/jersey-server-2.27.jar:/home/user/.m2/repository/org/glassfish/jersey/core/jersey-client/2.27/jersey-client-2.27.jar:/home/user/.m2/repository/org/glassfish/jersey/media/jersey-media-jaxb/2.27/jersey-media-jaxb-2.27.jar:/home/user/.m2/repository/javax/validation/validation-api/1.1.0.Final/validation-api-1.1.0.Final.jar:/home/user/.m2/repository/org/glassfish/jersey/media/jersey-media-json-jackson/2.27/jersey-media-json-jackson-2.27.jar:/home/user/.m2/repository/org/glassfish/jersey/ext/jersey-entity-filtering/2.27/jersey-entity-filtering-2.27.jar:/home/user/.m2/repository/com/google/inject/extensions/guice-assistedinject/4.0/guice-assistedinject-4.0.jar:/home/user/.m2/repository/org/jooq/jooq/3.11.10/jooq-3.11.10.jar:/home/user/.m2/repository/org/jooq/jooq-meta/3.11.10/jooq-meta-3.11.10.jar:/home/user/.m2/repository/org/jooq/jooq-codegen/3.11.10/jooq-codegen-3.11.10.jar:/home/user/.m2/repository/com/jolbox/bonecp/0.8.0.RELEASE/bonecp-0.8.0.RELEASE.jar:/home/user/.m2/repository/org/xerial/sqlite-jdbc/3.25.2/sqlite-jdbc-3.25.2.jar:/home/user/.m2/repository/org/springframework/spring-jdbc/5.1.3.RELEASE/spring-jdbc-5.1.3.RELEASE.jar:/home/user/.m2/repository/org/springframework/spring-beans/5.1.3.RELEASE/spring-beans-5.1.3.RELEASE.jar:/home/user/.m2/repository/org/springframework/spring-core/5.1.3.RELEASE/spring-core-5.1.3.RELEASE.jar:/home/user/.m2/repository/org/springframework/spring-jcl/5.1.3.RELEASE/spring-jcl-5.1.3.RELEASE.jar:/home/user/.m2/repository/org/springframework/spring-tx/5.1.3.RELEASE/spring-tx-5.1.3.RELEASE.jar:/home/user/.m2/repository/org/apache/hadoop/hadoop-ozone-client/0.5.0-SNAPSHOT/hadoop-ozone-client-0.5.0-SNAPSHOT.jar:/home/user/.m2/repository/commons-lang/commons-lang/2.6/commons-lang-2.6.jar:/home/user/.m2/repository/org/apache/hadoop/hadoop-ozone-ozone-manager/0.5.0-SNAPSHOT/hadoop-ozone-ozone-manager-0.5.0-SNAPSHOT-tests.jar:/home/user/.m2/repository/junit/junit/4.11/junit-4.11.jar:/home/user/.m2/repository/org/hamcrest/hamcrest-core/1.3/hamcrest-core-1.3.jar:/home/user/.m2/repository/org/openjdk/jmh/jmh-core/1.19/jmh-core-1.19.jar:/home/user/.m2/repository/net/sf/jopt-simple/jopt-simple/4.6/jopt-simple-4.6.jar:/home/user/.m2/repository/org/apache/commons/commons-math3/3.1.1/commons-math3-3.1.1.jar:/home/user/.m2/repository/org/openjdk/jmh/jmh-generator-annprocess/1.19/jmh-generator-annprocess-1.19.jar:/home/user/.m2/repository/org/mockito/mockito-all/1.8.5/mockito-all-1.8.5.jar:/home/user/.m2/repository/org/apache/hadoop/hadoop-kms/3.2.0/hadoop-kms-3.2.0.jar:/home/user/.m2/repository/org/apache/hadoop/hadoop-auth/3.2.0/hadoop-auth-3.2.0.jar:/home/user/.m2/repository/com/nimbusds/nimbus-jose-jwt/4.41.1/nimbus-jose-jwt-4.41.1.jar:/home/user/.m2/repository/com/github/stephenc/jcip/jcip-annotations/1.0-1/jcip-annotations-1.0-1.jar:/home/user/.m2/repository/net/minidev/json-smart/2.3/json-smart-2.3.jar:/home/user/.m2/repository/net/minidev/accessors-smart/1.2/accessors-smart-1.2.jar:/home/user/.m2/repository/org/ow2/asm/asm/5.0.4/asm-5.0.4.jar:/home/user/.m2/repository/org/apache/curator/curator-framework/2.12.0/curator-framework-2.12.0.jar:/home/user/.m2/repository/com/sun/jersey/jersey-core/1.19/jersey-core-1.19.jar:/home/user/.m2/repository/javax/ws/rs/jsr311-api/1.1.1/jsr311-api-1.1.1.jar:/home/user/.m2/repository/com/sun/jersey/jersey-server/1.19/jersey-server-1.19.jar:/home/user/.m2/repository/javax/servlet/javax.servlet-api/3.1.0/javax.servlet-api-3.1.0.jar:/home/user/.m2/repository/org/eclipse/jetty/jetty-server/9.3.25.v20180904/jetty-server-9.3.25.v20180904.jar:/home/user/.m2/repository/org/eclipse/jetty/jetty-http/9.3.25.v20180904/jetty-http-9.3.25.v20180904.jar:/home/user/.m2/repository/org/eclipse/jetty/jetty-io/9.3.25.v20180904/jetty-io-9.3.25.v20180904.jar:/home/user/.m2/repository/org/eclipse/jetty/jetty-webapp/9.3.25.v20180904/jetty-webapp-9.3.25.v20180904.jar:/home/user/.m2/repository/org/eclipse/jetty/jetty-xml/9.3.25.v20180904/jetty-xml-9.3.25.v20180904.jar:/home/user/.m2/repository/log4j/log4j/1.2.17/log4j-1.2.17.jar:/home/user/.m2/repository/org/slf4j/slf4j-api/1.7.25/slf4j-api-1.7.25.jar:/home/user/.m2/repository/org/slf4j/jul-to-slf4j/1.7.25/jul-to-slf4j-1.7.25.jar:/home/user/.m2/repository/org/eclipse/jetty/jetty-util/9.3.25.v20180904/jetty-util-9.3.25.v20180904.jar:/home/user/.m2/repository/com/fasterxml/jackson/core/jackson-databind/2.9.9/jackson-databind-2.9.9.jar:/home/user/.m2/repository/org/apache/hadoop/hadoop-kms/3.2.0/hadoop-kms-3.2.0-tests.jar:/home/user/.m2/repository/org/apache/hadoop/hadoop-hdds-server-scm/0.5.0-SNAPSHOT/hadoop-hdds-server-scm-0.5.0-SNAPSHOT-tests.jar:/home/user/.m2/repository/org/apache/hadoop/hadoop-hdds-container-service/0.5.0-SNAPSHOT/hadoop-hdds-container-service-0.5.0-SNAPSHOT-tests.jar:/home/user/.m2/repository/org/yaml/snakeyaml/1.16/snakeyaml-1.16.jar:/home/user/.m2/repository/org/apache/hadoop/hadoop-common/3.2.0/hadoop-common-3.2.0-tests.jar:/home/user/.m2/repository/org/apache/hadoop/hadoop-annotations/3.2.0/hadoop-annotations-3.2.0.jar:/usr/lib/jvm/java-1.8-openjdk/jre/../lib/tools.jar:/home/user/.m2/repository/commons-cli/commons-cli/1.2/commons-cli-1.2.jar:/home/user/.m2/repository/org/apache/httpcomponents/httpclient/4.5.2/httpclient-4.5.2.jar:/home/user/.m2/repository/org/apache/httpcomponents/httpcore/4.4.4/httpcore-4.4.4.jar:/home/user/.m2/repository/commons-codec/commons-codec/1.11/commons-codec-1.11.jar:/home/user/.m2/repository/commons-net/commons-net/3.6/commons-net-3.6.jar:/home/user/.m2/repository/commons-collections/commons-collections/3.2.2/commons-collections-3.2.2.jar:/home/user/.m2/repository/org/eclipse/jetty/jetty-servlet/9.3.25.v20180904/jetty-servlet-9.3.25.v20180904.jar:/home/user/.m2/repository/org/eclipse/jetty/jetty-security/9.3.25.v20180904/jetty-security-9.3.25.v20180904.jar:/home/user/.m2/repository/javax/servlet/jsp/jsp-api/2.1/jsp-api-2.1.jar:/home/user/.m2/repository/com/sun/jersey/jersey-servlet/1.19/jersey-servlet-1.19.jar:/home/user/.m2/repository/com/sun/jersey/jersey-json/1.19/jersey-json-1.19.jar:/home/user/.m2/repository/org/codehaus/jettison/jettison/1.1/jettison-1.1.jar:/home/user/.m2/repository/org/codehaus/jackson/jackson-core-asl/1.9.13/jackson-core-asl-1.9.13.jar:/home/user/.m2/repository/org/codehaus/jackson/jackson-mapper-asl/1.9.13/jackson-mapper-asl-1.9.13.jar:/home/user/.m2/repository/org/codehaus/jackson/jackson-jaxrs/1.9.13/jackson-jaxrs-1.9.13.jar:/home/user/.m2/repository/org/codehaus/jackson/jackson-xc/1.9.13/jackson-xc-1.9.13.jar:/home/user/.m2/repository/commons-logging/commons-logging/1.1.3/commons-logging-1.1.3.jar:/home/user/.m2/repository/commons-beanutils/commons-beanutils/1.9.4/commons-beanutils-1.9.4.jar:/home/user/.m2/repository/org/apache/commons/commons-configuration2/2.1.1/commons-configuration2-2.1.1.jar:/home/user/.m2/repository/org/apache/commons/commons-lang3/3.7/commons-lang3-3.7.jar:/home/user/.m2/repository/org/apache/commons/commons-text/1.4/commons-text-1.4.jar:/home/user/.m2/repository/org/apache/avro/avro/1.7.7/avro-1.7.7.jar:/home/user/.m2/repository/com/thoughtworks/paranamer/paranamer/2.3/paranamer-2.3.jar:/home/user/.m2/repository/org/xerial/snappy/snappy-java/1.0.5/snappy-java-1.0.5.jar:/home/user/.m2/repository/com/google/re2j/re2j/1.1/re2j-1.1.jar:/home/user/.m2/repository/com/google/code/gson/gson/2.2.4/gson-2.2.4.jar:/home/user/.m2/repository/com/jcraft/jsch/0.1.54/jsch-0.1.54.jar:/home/user/.m2/repository/org/apache/curator/curator-client/2.12.0/curator-client-2.12.0.jar:/home/user/.m2/repository/org/apache/curator/curator-recipes/2.12.0/curator-recipes-2.12.0.jar:/home/user/.m2/repository/com/google/code/findbugs/jsr305/3.0.0/jsr305-3.0.0.jar:/home/user/.m2/repository/org/apache/htrace/htrace-core4/4.1.0-incubating/htrace-core4-4.1.0-incubating.jar:/home/user/.m2/repository/org/apache/zookeeper/zookeeper/3.4.13/zookeeper-3.4.13.jar:/home/user/.m2/repository/jline/jline/0.9.94/jline-0.9.94.jar:/home/user/.m2/repository/org/apache/yetus/audience-annotations/0.5.0/audience-annotations-0.5.0.jar:/home/user/.m2/repository/org/codehaus/woodstox/stax2-api/3.1.4/stax2-api-3.1.4.jar:/home/user/.m2/repository/com/fasterxml/woodstox/woodstox-core/5.0.3/woodstox-core-5.0.3.jar:/home/user/.m2/repository/dnsjava/dnsjava/2.1.7/dnsjava-2.1.7.jar:/home/user/.m2/repository/org/apache/hadoop/hadoop-hdfs/3.2.0/hadoop-hdfs-3.2.0-tests.jar:/home/user/.m2/repository/org/eclipse/jetty/jetty-util-ajax/9.3.25.v20180904/jetty-util-ajax-9.3.25.v20180904.jar:/home/user/.m2/repository/commons-daemon/commons-daemon/1.0.13/commons-daemon-1.0.13.jar:/home/user/.m2/repository/io/netty/netty/3.10.5.Final/netty-3.10.5.Final.jar:/home/user/.m2/repository/io/netty/netty-all/4.0.52.Final/netty-all-4.0.52.Final.jar:/home/user/.m2/repository/org/fusesource/leveldbjni/leveldbjni-all/1.8/leveldbjni-all-1.8.jar:"/>
    <property name="java.vm.vendor" value="IcedTea"/>
    <property name="sun.arch.data.model" value="64"/>
    <property name="test.build.dir" value="/workdir/hadoop-ozone/integration-test/target/test-dir"/>
    <property name="test.cache.data" value=""/>
    <property name="java.vendor.url" value="https://icedtea.classpath.org"/>
    <property name="user.timezone" value=""/>
    <property name="java.vm.specification.version" value="1.8"/>
    <property name="os.name" value="Linux"/>
    <property name="test.build.data" value="/workdir/hadoop-ozone/integration-test/target/test-dir"/>
    <property name="user.country" value="US"/>
    <property name="sun.java.launcher" value="SUN_STANDARD"/>
    <property name="sun.boot.library.path" value="/usr/lib/jvm/java-1.8-openjdk/jre/lib/amd64"/>
    <property name="sun.java.command" value="/workdir/hadoop-ozone/integration-test/target/surefire/surefirebooter5773109990924259579.jar /workdir/hadoop-ozone/integration-test/target/surefire 2019-10-06T05-12-40_053-jvmRun1 surefire1641029503560431106tmp surefire_558250733382399768847tmp"/>
    <property name="test" value="!TestMiniChaosOzoneCluster"/>
    <property name="surefire.test.class.path" value="/workdir/hadoop-ozone/integration-test/target/test-classes:/workdir/hadoop-ozone/integration-test/target/classes:/home/user/.m2/repository/org/apache/hadoop/hadoop-ozone-common/0.5.0-SNAPSHOT/hadoop-ozone-common-0.5.0-SNAPSHOT.jar:/home/user/.m2/repository/org/apache/commons/commons-compress/1.4.1/commons-compress-1.4.1.jar:/home/user/.m2/repository/org/tukaani/xz/1.0/xz-1.0.jar:/home/user/.m2/repository/org/apache/hadoop/hadoop-common/3.2.0/hadoop-common-3.2.0.jar:/home/user/.m2/repository/org/apache/hadoop/hadoop-hdfs/3.2.0/hadoop-hdfs-3.2.0.jar:/home/user/.m2/repository/org/apache/hadoop/hadoop-hdfs-client/3.2.0/hadoop-hdfs-client-3.2.0.jar:/home/user/.m2/repository/com/fasterxml/jackson/core/jackson-annotations/2.9.9/jackson-annotations-2.9.9.jar:/home/user/.m2/repository/org/apache/hadoop/hadoop-hdds-common/0.5.0-SNAPSHOT/hadoop-hdds-common-0.5.0-SNAPSHOT.jar:/home/user/.m2/repository/javax/annotation/javax.annotation-api/1.2/javax.annotation-api-1.2.jar:/home/user/.m2/repository/org/apache/ratis/ratis-server/0.5.0-201fc85-SNAPSHOT/ratis-server-0.5.0-201fc85-SNAPSHOT.jar:/home/user/.m2/repository/org/apache/ratis/ratis-thirdparty-misc/0.2.0/ratis-thirdparty-misc-0.2.0.jar:/home/user/.m2/repository/org/apache/ratis/ratis-proto/0.5.0-201fc85-SNAPSHOT/ratis-proto-0.5.0-201fc85-SNAPSHOT.jar:/home/user/.m2/repository/org/apache/ratis/ratis-common/0.5.0-201fc85-SNAPSHOT/ratis-common-0.5.0-201fc85-SNAPSHOT.jar:/home/user/.m2/repository/org/apache/ratis/ratis-client/0.5.0-201fc85-SNAPSHOT/ratis-client-0.5.0-201fc85-SNAPSHOT.jar:/home/user/.m2/repository/org/apache/ratis/ratis-metrics/0.5.0-201fc85-SNAPSHOT/ratis-metrics-0.5.0-201fc85-SNAPSHOT.jar:/home/user/.m2/repository/com/github/joshelser/dropwizard-metrics-hadoop-metrics2-reporter/0.1.2/dropwizard-metrics-hadoop-metrics2-reporter-0.1.2.jar:/home/user/.m2/repository/io/dropwizard/metrics/metrics-jvm/3.2.5/metrics-jvm-3.2.5.jar:/home/user/.m2/repository/io/dropwizard/metrics/metrics-ganglia/3.2.5/metrics-ganglia-3.2.5.jar:/home/user/.m2/repository/info/ganglia/gmetric4j/gmetric4j/1.0.7/gmetric4j-1.0.7.jar:/home/user/.m2/repository/org/apache/ratis/ratis-netty/0.5.0-201fc85-SNAPSHOT/ratis-netty-0.5.0-201fc85-SNAPSHOT.jar:/home/user/.m2/repository/org/apache/ratis/ratis-grpc/0.5.0-201fc85-SNAPSHOT/ratis-grpc-0.5.0-201fc85-SNAPSHOT.jar:/home/user/.m2/repository/org/rocksdb/rocksdbjni/6.0.1/rocksdbjni-6.0.1.jar:/home/user/.m2/repository/org/apache/logging/log4j/log4j-api/2.11.0/log4j-api-2.11.0.jar:/home/user/.m2/repository/org/apache/logging/log4j/log4j-core/2.11.0/log4j-core-2.11.0.jar:/home/user/.m2/repository/com/lmax/disruptor/3.4.2/disruptor-3.4.2.jar:/home/user/.m2/repository/org/apache/commons/commons-pool2/2.6.0/commons-pool2-2.6.0.jar:/home/user/.m2/repository/org/bouncycastle/bcpkix-jdk15on/1.60/bcpkix-jdk15on-1.60.jar:/home/user/.m2/repository/commons-validator/commons-validator/1.6/commons-validator-1.6.jar:/home/user/.m2/repository/commons-digester/commons-digester/1.8.1/commons-digester-1.8.1.jar:/home/user/.m2/repository/io/jaegertracing/jaeger-client/0.34.0/jaeger-client-0.34.0.jar:/home/user/.m2/repository/io/jaegertracing/jaeger-thrift/0.34.0/jaeger-thrift-0.34.0.jar:/home/user/.m2/repository/org/apache/thrift/libthrift/0.12.0/libthrift-0.12.0.jar:/home/user/.m2/repository/com/squareup/okhttp3/okhttp/3.9.0/okhttp-3.9.0.jar:/home/user/.m2/repository/com/squareup/okio/okio/1.13.0/okio-1.13.0.jar:/home/user/.m2/repository/io/jaegertracing/jaeger-core/0.34.0/jaeger-core-0.34.0.jar:/home/user/.m2/repository/io/jaegertracing/jaeger-tracerresolver/0.34.0/jaeger-tracerresolver-0.34.0.jar:/home/user/.m2/repository/io/opentracing/contrib/opentracing-tracerresolver/0.1.5/opentracing-tracerresolver-0.1.5.jar:/home/user/.m2/repository/io/opentracing/opentracing-util/0.31.0/opentracing-util-0.31.0.jar:/home/user/.m2/repository/io/opentracing/opentracing-api/0.31.0/opentracing-api-0.31.0.jar:/home/user/.m2/repository/io/opentracing/opentracing-noop/0.31.0/opentracing-noop-0.31.0.jar:/home/user/.m2/repository/org/apache/hadoop/hadoop-hdds-server-framework/0.5.0-SNAPSHOT/hadoop-hdds-server-framework-0.5.0-SNAPSHOT.jar:/home/user/.m2/repository/org/apache/hadoop/hadoop-hdds-container-service/0.5.0-SNAPSHOT/hadoop-hdds-container-service-0.5.0-SNAPSHOT.jar:/home/user/.m2/repository/org/apache/hadoop/hadoop-hdds-client/0.5.0-SNAPSHOT/hadoop-hdds-client-0.5.0-SNAPSHOT.jar:/home/user/.m2/repository/org/apache/hadoop/hadoop-hdds-tools/0.5.0-SNAPSHOT/hadoop-hdds-tools-0.5.0-SNAPSHOT.jar:/home/user/.m2/repository/org/apache/hadoop/hadoop-hdds-server-scm/0.5.0-SNAPSHOT/hadoop-hdds-server-scm-0.5.0-SNAPSHOT.jar:/home/user/.m2/repository/org/apache/hadoop/hadoop-hdds-docs/0.5.0-SNAPSHOT/hadoop-hdds-docs-0.5.0-SNAPSHOT.jar:/home/user/.m2/repository/io/dropwizard/metrics/metrics-core/3.2.4/metrics-core-3.2.4.jar:/home/user/.m2/repository/org/hamcrest/hamcrest-all/1.3/hamcrest-all-1.3.jar:/home/user/.m2/repository/org/bouncycastle/bcprov-jdk15on/1.60/bcprov-jdk15on-1.60.jar:/home/user/.m2/repository/info/picocli/picocli/3.9.6/picocli-3.9.6.jar:/home/user/.m2/repository/com/google/protobuf/protobuf-java/2.5.0/protobuf-java-2.5.0.jar:/home/user/.m2/repository/com/google/guava/guava/11.0.2/guava-11.0.2.jar:/home/user/.m2/repository/org/apache/hadoop/hadoop-ozone-ozone-manager/0.5.0-SNAPSHOT/hadoop-ozone-ozone-manager-0.5.0-SNAPSHOT.jar:/home/user/.m2/repository/org/apache/hadoop/hadoop-minikdc/3.2.0/hadoop-minikdc-3.2.0.jar:/home/user/.m2/repository/commons-io/commons-io/2.5/commons-io-2.5.jar:/home/user/.m2/repository/org/apache/kerby/kerb-simplekdc/1.0.1/kerb-simplekdc-1.0.1.jar:/home/user/.m2/repository/org/apache/kerby/kerb-client/1.0.1/kerb-client-1.0.1.jar:/home/user/.m2/repository/org/apache/kerby/kerby-config/1.0.1/kerby-config-1.0.1.jar:/home/user/.m2/repository/org/apache/kerby/kerb-core/1.0.1/kerb-core-1.0.1.jar:/home/user/.m2/repository/org/apache/kerby/kerby-pkix/1.0.1/kerby-pkix-1.0.1.jar:/home/user/.m2/repository/org/apache/kerby/kerby-asn1/1.0.1/kerby-asn1-1.0.1.jar:/home/user/.m2/repository/org/apache/kerby/kerby-util/1.0.1/kerby-util-1.0.1.jar:/home/user/.m2/repository/org/apache/kerby/kerb-common/1.0.1/kerb-common-1.0.1.jar:/home/user/.m2/repository/org/apache/kerby/kerb-crypto/1.0.1/kerb-crypto-1.0.1.jar:/home/user/.m2/repository/org/apache/kerby/kerb-util/1.0.1/kerb-util-1.0.1.jar:/home/user/.m2/repository/org/apache/kerby/token-provider/1.0.1/token-provider-1.0.1.jar:/home/user/.m2/repository/org/apache/kerby/kerb-admin/1.0.1/kerb-admin-1.0.1.jar:/home/user/.m2/repository/org/apache/kerby/kerb-server/1.0.1/kerb-server-1.0.1.jar:/home/user/.m2/repository/org/apache/kerby/kerb-identity/1.0.1/kerb-identity-1.0.1.jar:/home/user/.m2/repository/org/apache/kerby/kerby-xdr/1.0.1/kerby-xdr-1.0.1.jar:/home/user/.m2/repository/org/slf4j/slf4j-log4j12/1.7.25/slf4j-log4j12-1.7.25.jar:/home/user/.m2/repository/org/apache/hadoop/hadoop-ozone-s3gateway/0.5.0-SNAPSHOT/hadoop-ozone-s3gateway-0.5.0-SNAPSHOT.jar:/home/user/.m2/repository/org/jboss/weld/servlet/weld-servlet/2.4.7.Final/weld-servlet-2.4.7.Final.jar:/home/user/.m2/repository/org/glassfish/jersey/containers/jersey-container-servlet-core/2.27/jersey-container-servlet-core-2.27.jar:/home/user/.m2/repository/org/glassfish/hk2/external/javax.inject/2.5.0-b42/javax.inject-2.5.0-b42.jar:/home/user/.m2/repository/org/glassfish/jersey/core/jersey-common/2.27/jersey-common-2.27.jar:/home/user/.m2/repository/org/glassfish/hk2/osgi-resource-locator/1.0.1/osgi-resource-locator-1.0.1.jar:/home/user/.m2/repository/javax/ws/rs/javax.ws.rs-api/2.1/javax.ws.rs-api-2.1.jar:/home/user/.m2/repository/org/glassfish/jersey/ext/cdi/jersey-cdi1x/2.27/jersey-cdi1x-2.27.jar:/home/user/.m2/repository/org/glassfish/jersey/inject/jersey-hk2/2.27/jersey-hk2-2.27.jar:/home/user/.m2/repository/org/glassfish/hk2/hk2-locator/2.5.0-b42/hk2-locator-2.5.0-b42.jar:/home/user/.m2/repository/org/javassist/javassist/3.22.0-CR2/javassist-3.22.0-CR2.jar:/home/user/.m2/repository/org/glassfish/hk2/hk2-api/2.5.0/hk2-api-2.5.0.jar:/home/user/.m2/repository/org/glassfish/hk2/external/jakarta.inject/2.5.0/jakarta.inject-2.5.0.jar:/home/user/.m2/repository/org/glassfish/hk2/hk2-utils/2.5.0/hk2-utils-2.5.0.jar:/home/user/.m2/repository/jakarta/annotation/jakarta.annotation-api/1.3.4/jakarta.annotation-api-1.3.4.jar:/home/user/.m2/repository/org/glassfish/hk2/external/aopalliance-repackaged/2.5.0/aopalliance-repackaged-2.5.0.jar:/home/user/.m2/repository/com/fasterxml/jackson/dataformat/jackson-dataformat-xml/2.9.0/jackson-dataformat-xml-2.9.0.jar:/home/user/.m2/repository/com/fasterxml/jackson/core/jackson-core/2.9.9/jackson-core-2.9.9.jar:/home/user/.m2/repository/com/fasterxml/jackson/module/jackson-module-jaxb-annotations/2.9.9/jackson-module-jaxb-annotations-2.9.9.jar:/home/user/.m2/repository/javax/enterprise/cdi-api/1.2/cdi-api-1.2.jar:/home/user/.m2/repository/javax/el/javax.el-api/3.0.0/javax.el-api-3.0.0.jar:/home/user/.m2/repository/javax/interceptor/javax.interceptor-api/1.2/javax.interceptor-api-1.2.jar:/home/user/.m2/repository/javax/inject/javax.inject/1/javax.inject-1.jar:/home/user/.m2/repository/com/sun/xml/bind/jaxb-impl/2.3.0.1/jaxb-impl-2.3.0.1.jar:/home/user/.m2/repository/com/sun/xml/bind/jaxb-core/2.3.0.1/jaxb-core-2.3.0.1.jar:/home/user/.m2/repository/javax/xml/bind/jaxb-api/2.3.0/jaxb-api-2.3.0.jar:/home/user/.m2/repository/javax/activation/activation/1.1.1/activation-1.1.1.jar:/home/user/.m2/repository/org/apache/hadoop/hadoop-ozone-csi/0.5.0-SNAPSHOT/hadoop-ozone-csi-0.5.0-SNAPSHOT.jar:/home/user/.m2/repository/com/google/protobuf/protobuf-java-util/3.5.1/protobuf-java-util-3.5.1.jar:/home/user/.m2/repository/org/apache/hadoop/hadoop-hdds-config/0.5.0-SNAPSHOT/hadoop-hdds-config-0.5.0-SNAPSHOT.jar:/home/user/.m2/repository/io/grpc/grpc-netty/1.17.1/grpc-netty-1.17.1.jar:/home/user/.m2/repository/io/grpc/grpc-core/1.17.1/grpc-core-1.17.1.jar:/home/user/.m2/repository/io/grpc/grpc-context/1.17.1/grpc-context-1.17.1.jar:/home/user/.m2/repository/com/google/errorprone/error_prone_annotations/2.2.0/error_prone_annotations-2.2.0.jar:/home/user/.m2/repository/org/codehaus/mojo/animal-sniffer-annotations/1.17/animal-sniffer-annotations-1.17.jar:/home/user/.m2/repository/io/opencensus/opencensus-api/0.17.0/opencensus-api-0.17.0.jar:/home/user/.m2/repository/io/opencensus/opencensus-contrib-grpc-metrics/0.17.0/opencensus-contrib-grpc-metrics-0.17.0.jar:/home/user/.m2/repository/io/netty/netty-codec-http2/4.1.30.Final/netty-codec-http2-4.1.30.Final.jar:/home/user/.m2/repository/io/netty/netty-codec-http/4.1.30.Final/netty-codec-http-4.1.30.Final.jar:/home/user/.m2/repository/io/netty/netty-codec/4.1.30.Final/netty-codec-4.1.30.Final.jar:/home/user/.m2/repository/io/netty/netty-handler/4.1.30.Final/netty-handler-4.1.30.Final.jar:/home/user/.m2/repository/io/netty/netty-handler-proxy/4.1.30.Final/netty-handler-proxy-4.1.30.Final.jar:/home/user/.m2/repository/io/netty/netty-codec-socks/4.1.30.Final/netty-codec-socks-4.1.30.Final.jar:/home/user/.m2/repository/io/netty/netty-transport-native-epoll/4.1.30.Final/netty-transport-native-epoll-4.1.30.Final.jar:/home/user/.m2/repository/io/netty/netty-common/4.1.30.Final/netty-common-4.1.30.Final.jar:/home/user/.m2/repository/io/netty/netty-buffer/4.1.30.Final/netty-buffer-4.1.30.Final.jar:/home/user/.m2/repository/io/netty/netty-transport/4.1.30.Final/netty-transport-4.1.30.Final.jar:/home/user/.m2/repository/io/netty/netty-resolver/4.1.30.Final/netty-resolver-4.1.30.Final.jar:/home/user/.m2/repository/io/netty/netty-transport-native-unix-common/4.1.30.Final/netty-transport-native-unix-common-4.1.30.Final.jar:/home/user/.m2/repository/io/grpc/grpc-protobuf/1.17.1/grpc-protobuf-1.17.1.jar:/home/user/.m2/repository/com/google/api/grpc/proto-google-common-protos/1.0.0/proto-google-common-protos-1.0.0.jar:/home/user/.m2/repository/io/grpc/grpc-protobuf-lite/1.17.1/grpc-protobuf-lite-1.17.1.jar:/home/user/.m2/repository/io/grpc/grpc-stub/1.17.1/grpc-stub-1.17.1.jar:/home/user/.m2/repository/org/apache/hadoop/hadoop-ozone-recon/0.5.0-SNAPSHOT/hadoop-ozone-recon-0.5.0-SNAPSHOT.jar:/home/user/.m2/repository/org/apache/hadoop/hadoop-ozone-reconcodegen/0.5.0-SNAPSHOT/hadoop-ozone-reconcodegen-0.5.0-SNAPSHOT.jar:/home/user/.m2/repository/com/google/inject/extensions/guice-multibindings/4.0/guice-multibindings-4.0.jar:/home/user/.m2/repository/com/google/inject/guice/4.0/guice-4.0.jar:/home/user/.m2/repository/aopalliance/aopalliance/1.0/aopalliance-1.0.jar:/home/user/.m2/repository/com/google/inject/extensions/guice-servlet/4.0/guice-servlet-4.0.jar:/home/user/.m2/repository/org/glassfish/jersey/containers/jersey-container-servlet/2.27/jersey-container-servlet-2.27.jar:/home/user/.m2/repository/org/glassfish/hk2/guice-bridge/2.5.0/guice-bridge-2.5.0.jar:/home/user/.m2/repository/org/glassfish/jersey/core/jersey-server/2.27/jersey-server-2.27.jar:/home/user/.m2/repository/org/glassfish/jersey/core/jersey-client/2.27/jersey-client-2.27.jar:/home/user/.m2/repository/org/glassfish/jersey/media/jersey-media-jaxb/2.27/jersey-media-jaxb-2.27.jar:/home/user/.m2/repository/javax/validation/validation-api/1.1.0.Final/validation-api-1.1.0.Final.jar:/home/user/.m2/repository/org/glassfish/jersey/media/jersey-media-json-jackson/2.27/jersey-media-json-jackson-2.27.jar:/home/user/.m2/repository/org/glassfish/jersey/ext/jersey-entity-filtering/2.27/jersey-entity-filtering-2.27.jar:/home/user/.m2/repository/com/google/inject/extensions/guice-assistedinject/4.0/guice-assistedinject-4.0.jar:/home/user/.m2/repository/org/jooq/jooq/3.11.10/jooq-3.11.10.jar:/home/user/.m2/repository/org/jooq/jooq-meta/3.11.10/jooq-meta-3.11.10.jar:/home/user/.m2/repository/org/jooq/jooq-codegen/3.11.10/jooq-codegen-3.11.10.jar:/home/user/.m2/repository/com/jolbox/bonecp/0.8.0.RELEASE/bonecp-0.8.0.RELEASE.jar:/home/user/.m2/repository/org/xerial/sqlite-jdbc/3.25.2/sqlite-jdbc-3.25.2.jar:/home/user/.m2/repository/org/springframework/spring-jdbc/5.1.3.RELEASE/spring-jdbc-5.1.3.RELEASE.jar:/home/user/.m2/repository/org/springframework/spring-beans/5.1.3.RELEASE/spring-beans-5.1.3.RELEASE.jar:/home/user/.m2/repository/org/springframework/spring-core/5.1.3.RELEASE/spring-core-5.1.3.RELEASE.jar:/home/user/.m2/repository/org/springframework/spring-jcl/5.1.3.RELEASE/spring-jcl-5.1.3.RELEASE.jar:/home/user/.m2/repository/org/springframework/spring-tx/5.1.3.RELEASE/spring-tx-5.1.3.RELEASE.jar:/home/user/.m2/repository/org/apache/hadoop/hadoop-ozone-client/0.5.0-SNAPSHOT/hadoop-ozone-client-0.5.0-SNAPSHOT.jar:/home/user/.m2/repository/commons-lang/commons-lang/2.6/commons-lang-2.6.jar:/home/user/.m2/repository/org/apache/hadoop/hadoop-ozone-ozone-manager/0.5.0-SNAPSHOT/hadoop-ozone-ozone-manager-0.5.0-SNAPSHOT-tests.jar:/home/user/.m2/repository/junit/junit/4.11/junit-4.11.jar:/home/user/.m2/repository/org/hamcrest/hamcrest-core/1.3/hamcrest-core-1.3.jar:/home/user/.m2/repository/org/openjdk/jmh/jmh-core/1.19/jmh-core-1.19.jar:/home/user/.m2/repository/net/sf/jopt-simple/jopt-simple/4.6/jopt-simple-4.6.jar:/home/user/.m2/repository/org/apache/commons/commons-math3/3.1.1/commons-math3-3.1.1.jar:/home/user/.m2/repository/org/openjdk/jmh/jmh-generator-annprocess/1.19/jmh-generator-annprocess-1.19.jar:/home/user/.m2/repository/org/mockito/mockito-all/1.8.5/mockito-all-1.8.5.jar:/home/user/.m2/repository/org/apache/hadoop/hadoop-kms/3.2.0/hadoop-kms-3.2.0.jar:/home/user/.m2/repository/org/apache/hadoop/hadoop-auth/3.2.0/hadoop-auth-3.2.0.jar:/home/user/.m2/repository/com/nimbusds/nimbus-jose-jwt/4.41.1/nimbus-jose-jwt-4.41.1.jar:/home/user/.m2/repository/com/github/stephenc/jcip/jcip-annotations/1.0-1/jcip-annotations-1.0-1.jar:/home/user/.m2/repository/net/minidev/json-smart/2.3/json-smart-2.3.jar:/home/user/.m2/repository/net/minidev/accessors-smart/1.2/accessors-smart-1.2.jar:/home/user/.m2/repository/org/ow2/asm/asm/5.0.4/asm-5.0.4.jar:/home/user/.m2/repository/org/apache/curator/curator-framework/2.12.0/curator-framework-2.12.0.jar:/home/user/.m2/repository/com/sun/jersey/jersey-core/1.19/jersey-core-1.19.jar:/home/user/.m2/repository/javax/ws/rs/jsr311-api/1.1.1/jsr311-api-1.1.1.jar:/home/user/.m2/repository/com/sun/jersey/jersey-server/1.19/jersey-server-1.19.jar:/home/user/.m2/repository/javax/servlet/javax.servlet-api/3.1.0/javax.servlet-api-3.1.0.jar:/home/user/.m2/repository/org/eclipse/jetty/jetty-server/9.3.25.v20180904/jetty-server-9.3.25.v20180904.jar:/home/user/.m2/repository/org/eclipse/jetty/jetty-http/9.3.25.v20180904/jetty-http-9.3.25.v20180904.jar:/home/user/.m2/repository/org/eclipse/jetty/jetty-io/9.3.25.v20180904/jetty-io-9.3.25.v20180904.jar:/home/user/.m2/repository/org/eclipse/jetty/jetty-webapp/9.3.25.v20180904/jetty-webapp-9.3.25.v20180904.jar:/home/user/.m2/repository/org/eclipse/jetty/jetty-xml/9.3.25.v20180904/jetty-xml-9.3.25.v20180904.jar:/home/user/.m2/repository/log4j/log4j/1.2.17/log4j-1.2.17.jar:/home/user/.m2/repository/org/slf4j/slf4j-api/1.7.25/slf4j-api-1.7.25.jar:/home/user/.m2/repository/org/slf4j/jul-to-slf4j/1.7.25/jul-to-slf4j-1.7.25.jar:/home/user/.m2/repository/org/eclipse/jetty/jetty-util/9.3.25.v20180904/jetty-util-9.3.25.v20180904.jar:/home/user/.m2/repository/com/fasterxml/jackson/core/jackson-databind/2.9.9/jackson-databind-2.9.9.jar:/home/user/.m2/repository/org/apache/hadoop/hadoop-kms/3.2.0/hadoop-kms-3.2.0-tests.jar:/home/user/.m2/repository/org/apache/hadoop/hadoop-hdds-server-scm/0.5.0-SNAPSHOT/hadoop-hdds-server-scm-0.5.0-SNAPSHOT-tests.jar:/home/user/.m2/repository/org/apache/hadoop/hadoop-hdds-container-service/0.5.0-SNAPSHOT/hadoop-hdds-container-service-0.5.0-SNAPSHOT-tests.jar:/home/user/.m2/repository/org/yaml/snakeyaml/1.16/snakeyaml-1.16.jar:/home/user/.m2/repository/org/apache/hadoop/hadoop-common/3.2.0/hadoop-common-3.2.0-tests.jar:/home/user/.m2/repository/org/apache/hadoop/hadoop-annotations/3.2.0/hadoop-annotations-3.2.0.jar:/usr/lib/jvm/java-1.8-openjdk/jre/../lib/tools.jar:/home/user/.m2/repository/commons-cli/commons-cli/1.2/commons-cli-1.2.jar:/home/user/.m2/repository/org/apache/httpcomponents/httpclient/4.5.2/httpclient-4.5.2.jar:/home/user/.m2/repository/org/apache/httpcomponents/httpcore/4.4.4/httpcore-4.4.4.jar:/home/user/.m2/repository/commons-codec/commons-codec/1.11/commons-codec-1.11.jar:/home/user/.m2/repository/commons-net/commons-net/3.6/commons-net-3.6.jar:/home/user/.m2/repository/commons-collections/commons-collections/3.2.2/commons-collections-3.2.2.jar:/home/user/.m2/repository/org/eclipse/jetty/jetty-servlet/9.3.25.v20180904/jetty-servlet-9.3.25.v20180904.jar:/home/user/.m2/repository/org/eclipse/jetty/jetty-security/9.3.25.v20180904/jetty-security-9.3.25.v20180904.jar:/home/user/.m2/repository/javax/servlet/jsp/jsp-api/2.1/jsp-api-2.1.jar:/home/user/.m2/repository/com/sun/jersey/jersey-servlet/1.19/jersey-servlet-1.19.jar:/home/user/.m2/repository/com/sun/jersey/jersey-json/1.19/jersey-json-1.19.jar:/home/user/.m2/repository/org/codehaus/jettison/jettison/1.1/jettison-1.1.jar:/home/user/.m2/repository/org/codehaus/jackson/jackson-core-asl/1.9.13/jackson-core-asl-1.9.13.jar:/home/user/.m2/repository/org/codehaus/jackson/jackson-mapper-asl/1.9.13/jackson-mapper-asl-1.9.13.jar:/home/user/.m2/repository/org/codehaus/jackson/jackson-jaxrs/1.9.13/jackson-jaxrs-1.9.13.jar:/home/user/.m2/repository/org/codehaus/jackson/jackson-xc/1.9.13/jackson-xc-1.9.13.jar:/home/user/.m2/repository/commons-logging/commons-logging/1.1.3/commons-logging-1.1.3.jar:/home/user/.m2/repository/commons-beanutils/commons-beanutils/1.9.4/commons-beanutils-1.9.4.jar:/home/user/.m2/repository/org/apache/commons/commons-configuration2/2.1.1/commons-configuration2-2.1.1.jar:/home/user/.m2/repository/org/apache/commons/commons-lang3/3.7/commons-lang3-3.7.jar:/home/user/.m2/repository/org/apache/commons/commons-text/1.4/commons-text-1.4.jar:/home/user/.m2/repository/org/apache/avro/avro/1.7.7/avro-1.7.7.jar:/home/user/.m2/repository/com/thoughtworks/paranamer/paranamer/2.3/paranamer-2.3.jar:/home/user/.m2/repository/org/xerial/snappy/snappy-java/1.0.5/snappy-java-1.0.5.jar:/home/user/.m2/repository/com/google/re2j/re2j/1.1/re2j-1.1.jar:/home/user/.m2/repository/com/google/code/gson/gson/2.2.4/gson-2.2.4.jar:/home/user/.m2/repository/com/jcraft/jsch/0.1.54/jsch-0.1.54.jar:/home/user/.m2/repository/org/apache/curator/curator-client/2.12.0/curator-client-2.12.0.jar:/home/user/.m2/repository/org/apache/curator/curator-recipes/2.12.0/curator-recipes-2.12.0.jar:/home/user/.m2/repository/com/google/code/findbugs/jsr305/3.0.0/jsr305-3.0.0.jar:/home/user/.m2/repository/org/apache/htrace/htrace-core4/4.1.0-incubating/htrace-core4-4.1.0-incubating.jar:/home/user/.m2/repository/org/apache/zookeeper/zookeeper/3.4.13/zookeeper-3.4.13.jar:/home/user/.m2/repository/jline/jline/0.9.94/jline-0.9.94.jar:/home/user/.m2/repository/org/apache/yetus/audience-annotations/0.5.0/audience-annotations-0.5.0.jar:/home/user/.m2/repository/org/codehaus/woodstox/stax2-api/3.1.4/stax2-api-3.1.4.jar:/home/user/.m2/repository/com/fasterxml/woodstox/woodstox-core/5.0.3/woodstox-core-5.0.3.jar:/home/user/.m2/repository/dnsjava/dnsjava/2.1.7/dnsjava-2.1.7.jar:/home/user/.m2/repository/org/apache/hadoop/hadoop-hdfs/3.2.0/hadoop-hdfs-3.2.0-tests.jar:/home/user/.m2/repository/org/eclipse/jetty/jetty-util-ajax/9.3.25.v20180904/jetty-util-ajax-9.3.25.v20180904.jar:/home/user/.m2/repository/commons-daemon/commons-daemon/1.0.13/commons-daemon-1.0.13.jar:/home/user/.m2/repository/io/netty/netty/3.10.5.Final/netty-3.10.5.Final.jar:/home/user/.m2/repository/io/netty/netty-all/4.0.52.Final/netty-all-4.0.52.Final.jar:/home/user/.m2/repository/org/fusesource/leveldbjni/leveldbjni-all/1.8/leveldbjni-all-1.8.jar:"/>
    <property name="sun.cpu.endian" value="little"/>
    <property name="user.home" value="/home/user"/>
    <property name="user.language" value="en"/>
    <property name="java.specification.vendor" value="Oracle Corporation"/>
    <property name="java.home" value="/usr/lib/jvm/java-1.8-openjdk/jre"/>
    <property name="java.security.krb5.conf" value="/workdir/hadoop-ozone/integration-test/target/test-classes/krb5.conf"/>
    <property name="basedir" value="/workdir/hadoop-ozone/integration-test"/>
    <property name="file.separator" value="/"/>
    <property name="line.separator" value="&#10;"/>
    <property name="java.vm.specification.vendor" value="Oracle Corporation"/>
    <property name="java.specification.name" value="Java Platform API Specification"/>
    <property name="java.awt.graphicsenv" value="sun.awt.X11GraphicsEnvironment"/>
    <property name="surefire.real.class.path" value="/workdir/hadoop-ozone/integration-test/target/surefire/surefirebooter5773109990924259579.jar"/>
    <property name="hadoop.log.dir" value="/workdir/hadoop-ozone/integration-test/target/log"/>
    <property name="sun.boot.class.path" value="/usr/lib/jvm/java-1.8-openjdk/jre/lib/resources.jar:/usr/lib/jvm/java-1.8-openjdk/jre/lib/rt.jar:/usr/lib/jvm/java-1.8-openjdk/jre/lib/sunrsasign.jar:/usr/lib/jvm/java-1.8-openjdk/jre/lib/jsse.jar:/usr/lib/jvm/java-1.8-openjdk/jre/lib/jce.jar:/usr/lib/jvm/java-1.8-openjdk/jre/lib/charsets.jar:/usr/lib/jvm/java-1.8-openjdk/jre/lib/jfr.jar:/usr/lib/jvm/java-1.8-openjdk/jre/classes"/>
    <property name="sun.management.compiler" value="HotSpot 64-Bit Tiered Compilers"/>
    <property name="java.runtime.version" value="1.8.0_212-b04"/>
    <property name="java.net.preferIPv4Stack" value="true"/>
    <property name="user.name" value="jenkins1000"/>
    <property name="path.separator" value=":"/>
    <property name="java.security.egd" value="file:///dev/urandom"/>
    <property name="os.version" value="3.10.0-957.12.2.el7.x86_64"/>
    <property name="java.endorsed.dirs" value="/usr/lib/jvm/java-1.8-openjdk/jre/lib/endorsed"/>
    <property name="java.runtime.name" value="OpenJDK Runtime Environment"/>
    <property name="file.encoding" value="UTF-8"/>
    <property name="java.vm.name" value="OpenJDK 64-Bit Server VM"/>
    <property name="test.build.webapps" value=""/>
    <property name="localRepository" value="/home/user/.m2/repository"/>
    <property name="java.vendor.url.bug" value="https://icedtea.classpath.org/bugzilla"/>
    <property name="java.io.tmpdir" value="/tmp"/>
    <property name="require.test.libhadoop" value=""/>
    <property name="java.version" value="1.8.0_212"/>
    <property name="user.dir" value="/workdir/hadoop-ozone/integration-test"/>
    <property name="os.arch" value="amd64"/>
    <property name="java.vm.specification.name" value="Java Virtual Machine Specification"/>
    <property name="test.build.classes" value="/workdir/hadoop-ozone/integration-test/target/test-classes"/>
    <property name="java.awt.printerjob" value="sun.print.PSPrinterJob"/>
    <property name="sun.os.patch.level" value="unknown"/>
    <property name="hadoop.tmp.dir" value="/workdir/hadoop-ozone/integration-test/target/tmp"/>
    <property name="java.library.path" value="/usr/lib/jvm/java-1.8-openjdk/jre/lib/amd64/server:/usr/lib/jvm/java-1.8-openjdk/jre/lib/amd64:/usr/lib/jvm/java-1.8-openjdk/jre/../lib/amd64:/workdir/hadoop-ozone/integration-test/target/native/target/usr/local/lib:/workdir/hadoop-ozone/integration-test/../../hadoop-common-project/hadoop-common/target/native/target/usr/local/lib:/usr/java/packages/lib/amd64:/usr/lib64:/lib64:/lib:/usr/lib"/>
    <property name="java.vm.info" value="mixed mode"/>
    <property name="java.vendor" value="IcedTea"/>
    <property name="java.vm.version" value="25.212-b04"/>
    <property name="java.ext.dirs" value="/usr/lib/jvm/java-1.8-openjdk/jre/lib/ext:/usr/java/packages/lib/ext"/>
    <property name="sun.io.unicode.encoding" value="UnicodeLittle"/>
    <property name="java.class.version" value="52.0"/>
  </properties>
  <testcase name="testWatchForCommitWithKeyWrite" classname="org.apache.hadoop.ozone.client.rpc.TestWatchForCommit" time="77.805"/>
  <testcase name="testWatchForCommitWithSmallerTimeoutValue" classname="org.apache.hadoop.ozone.client.rpc.TestWatchForCommit" time="47.461"/>
  <testcase name="testWatchForCommitForRetryfailure" classname="org.apache.hadoop.ozone.client.rpc.TestWatchForCommit" time="66.019">
    <failure type="java.lang.AssertionError">java.lang.AssertionError
	at org.junit.Assert.fail(Assert.java:86)
	at org.junit.Assert.assertTrue(Assert.java:41)
	at org.junit.Assert.assertTrue(Assert.java:52)
	at org.apache.hadoop.ozone.client.rpc.TestWatchForCommit.testWatchForCommitForRetryfailure(TestWatchForCommit.java:348)
	at sun.reflect.NativeMethodAccessorImpl.invoke0(Native Method)
	at sun.reflect.NativeMethodAccessorImpl.invoke(NativeMethodAccessorImpl.java:62)
	at sun.reflect.DelegatingMethodAccessorImpl.invoke(DelegatingMethodAccessorImpl.java:43)
	at java.lang.reflect.Method.invoke(Method.java:498)
	at org.junit.runners.model.FrameworkMethod$1.runReflectiveCall(FrameworkMethod.java:47)
	at org.junit.internal.runners.model.ReflectiveCallable.run(ReflectiveCallable.java:12)
	at org.junit.runners.model.FrameworkMethod.invokeExplosively(FrameworkMethod.java:44)
	at org.junit.internal.runners.statements.InvokeMethod.evaluate(InvokeMethod.java:17)
	at org.junit.runners.ParentRunner.runLeaf(ParentRunner.java:271)
	at org.junit.runners.BlockJUnit4ClassRunner.runChild(BlockJUnit4ClassRunner.java:70)
	at org.junit.runners.BlockJUnit4ClassRunner.runChild(BlockJUnit4ClassRunner.java:50)
	at org.junit.runners.ParentRunner$3.run(ParentRunner.java:238)
	at org.junit.runners.ParentRunner$1.schedule(ParentRunner.java:63)
	at org.junit.runners.ParentRunner.runChildren(ParentRunner.java:236)
	at org.junit.runners.ParentRunner.access$000(ParentRunner.java:53)
	at org.junit.runners.ParentRunner$2.evaluate(ParentRunner.java:229)
	at org.junit.runners.ParentRunner.run(ParentRunner.java:309)
	at org.apache.maven.surefire.junit4.JUnit4Provider.execute(JUnit4Provider.java:365)
	at org.apache.maven.surefire.junit4.JUnit4Provider.executeWithRerun(JUnit4Provider.java:273)
	at org.apache.maven.surefire.junit4.JUnit4Provider.executeTestSet(JUnit4Provider.java:238)
	at org.apache.maven.surefire.junit4.JUnit4Provider.invoke(JUnit4Provider.java:159)
	at org.apache.maven.surefire.booter.ForkedBooter.invokeProviderInSameClassLoader(ForkedBooter.java:384)
	at org.apache.maven.surefire.booter.ForkedBooter.runSuitesInProcess(ForkedBooter.java:345)
	at org.apache.maven.surefire.booter.ForkedBooter.execute(ForkedBooter.java:126)
	at org.apache.maven.surefire.booter.ForkedBooter.main(ForkedBooter.java:418)
</failure>
    <system-out><![CDATA[2019-10-06 05:57:38,234 [main] WARN  server.ServerUtils (ServerUtils.java:getScmDbDir(145)) - ozone.scm.db.dirs is not configured. We recommend adding this setting. Falling back to ozone.metadata.dirs instead.
2019-10-06 05:57:38,248 [main] WARN  server.ServerUtils (ServerUtils.java:getScmDbDir(145)) - ozone.scm.db.dirs is not configured. We recommend adding this setting. Falling back to ozone.metadata.dirs instead.
2019-10-06 05:57:38,249 [main] WARN  server.ServerUtils (ServerUtils.java:getScmDbDir(145)) - ozone.scm.db.dirs is not configured. We recommend adding this setting. Falling back to ozone.metadata.dirs instead.
2019-10-06 05:57:38,249 [main] INFO  db.DBStoreBuilder (DBStoreBuilder.java:addTable(117)) - using custom profile for table: deletedBlocks
2019-10-06 05:57:38,249 [main] INFO  db.DBStoreBuilder (DBStoreBuilder.java:processTables(168)) - Using default column profile:DBProfile.DISK for Table:deletedBlocks
2019-10-06 05:57:38,249 [main] INFO  db.DBStoreBuilder (DBStoreBuilder.java:addTable(117)) - using custom profile for table: validCerts
2019-10-06 05:57:38,250 [main] INFO  db.DBStoreBuilder (DBStoreBuilder.java:processTables(168)) - Using default column profile:DBProfile.DISK for Table:validCerts
2019-10-06 05:57:38,250 [main] INFO  db.DBStoreBuilder (DBStoreBuilder.java:addTable(117)) - using custom profile for table: revokedCerts
2019-10-06 05:57:38,250 [main] INFO  db.DBStoreBuilder (DBStoreBuilder.java:processTables(168)) - Using default column profile:DBProfile.DISK for Table:revokedCerts
2019-10-06 05:57:38,250 [main] INFO  db.DBStoreBuilder (DBStoreBuilder.java:addTable(117)) - using custom profile for table: default
2019-10-06 05:57:38,250 [main] INFO  db.DBStoreBuilder (DBStoreBuilder.java:processTables(174)) - Using default column profile:DBProfile.DISK for Table:default
2019-10-06 05:57:38,250 [main] INFO  db.DBStoreBuilder (DBStoreBuilder.java:getDbProfile(205)) - Using default options. DBProfile.DISK
2019-10-06 05:57:38,393 [main] INFO  net.NodeSchemaLoader (NodeSchemaLoader.java:loadSchemaFromFile(125)) - Loading file from sun.misc.CompoundEnumeration@7f323b3a
2019-10-06 05:57:38,394 [main] INFO  net.NodeSchemaLoader (NodeSchemaLoader.java:loadSchema(171)) - Loading network topology layer schema file
2019-10-06 05:57:38,399 [main] WARN  server.ServerUtils (ServerUtils.java:sanitizeUserArgs(70)) - ozone.scm.stale.node.interval value = 300000 is larger than max = 100000 based on the key value of ozone.scm.heartbeat.thread.interval, reset to the max value 100000.
2019-10-06 05:57:38,399 [main] WARN  server.ServerUtils (ServerUtils.java:sanitizeUserArgs(70)) - ozone.scm.stale.node.interval value = 300000 is larger than max = 100000 based on the key value of ozone.scm.heartbeat.thread.interval, reset to the max value 100000.
2019-10-06 05:57:38,399 [main] INFO  node.SCMNodeManager (SCMNodeManager.java:<init>(116)) - Entering startup safe mode.
2019-10-06 05:57:38,400 [main] INFO  algorithms.ContainerPlacementPolicyFactory (ContainerPlacementPolicyFactory.java:getPolicy(57)) - Create container placement policy of type org.apache.hadoop.hdds.scm.container.placement.algorithms.SCMContainerPlacementRandom
2019-10-06 05:57:38,401 [main] WARN  server.ServerUtils (ServerUtils.java:getScmDbDir(145)) - ozone.scm.db.dirs is not configured. We recommend adding this setting. Falling back to ozone.metadata.dirs instead.
2019-10-06 05:57:38,450 [main] INFO  pipeline.SCMPipelineManager (SCMPipelineManager.java:initializePipelineState(132)) - No pipeline exists in current db
2019-10-06 05:57:38,450 [main] WARN  server.ServerUtils (ServerUtils.java:getScmDbDir(145)) - ozone.scm.db.dirs is not configured. We recommend adding this setting. Falling back to ozone.metadata.dirs instead.
2019-10-06 05:57:38,501 [main] WARN  events.EventQueue (EventQueue.java:fireEvent(183)) - No event handler registered for event TypedEvent{payloadType=SafeModeStatus, name='SafeModeStatus'}
2019-10-06 05:57:38,501 [main] INFO  ipc.CallQueueManager (CallQueueManager.java:<init>(84)) - Using callQueue: class java.util.concurrent.LinkedBlockingQueue, queueCapacity: 2000, scheduler: class org.apache.hadoop.ipc.DefaultRpcScheduler, ipcBackoff: false.
2019-10-06 05:57:38,503 [Socket Reader #1 for port 39569] INFO  ipc.Server (Server.java:run(1074)) - Starting Socket Reader #1 for port 39569
2019-10-06 05:57:38,505 [main] INFO  ipc.CallQueueManager (CallQueueManager.java:<init>(84)) - Using callQueue: class java.util.concurrent.LinkedBlockingQueue, queueCapacity: 2000, scheduler: class org.apache.hadoop.ipc.DefaultRpcScheduler, ipcBackoff: false.
2019-10-06 05:57:38,506 [Socket Reader #1 for port 35255] INFO  ipc.Server (Server.java:run(1074)) - Starting Socket Reader #1 for port 35255
2019-10-06 05:57:38,507 [main] INFO  ipc.CallQueueManager (CallQueueManager.java:<init>(84)) - Using callQueue: class java.util.concurrent.LinkedBlockingQueue, queueCapacity: 2000, scheduler: class org.apache.hadoop.ipc.DefaultRpcScheduler, ipcBackoff: false.
2019-10-06 05:57:38,508 [Socket Reader #1 for port 42799] INFO  ipc.Server (Server.java:run(1074)) - Starting Socket Reader #1 for port 42799
2019-10-06 05:57:38,511 [main] INFO  hdfs.DFSUtil (DFSUtil.java:httpServerTemplateForNNAndJN(1641)) - Starting Web-server for scm at: http://0.0.0.0:0
2019-10-06 05:57:38,514 [main] INFO  server.AuthenticationFilter (AuthenticationFilter.java:constructSecretProvider(240)) - Unable to initialize FileSignerSecretProvider, falling back to use random secrets.
2019-10-06 05:57:38,514 [main] WARN  http.HttpRequestLog (HttpRequestLog.java:getRequestLog(97)) - Jetty request log can only be enabled using Log4j
2019-10-06 05:57:38,516 [main] INFO  http.HttpServer2 (HttpServer2.java:addGlobalFilter(975)) - Added global filter 'safety' (class=org.apache.hadoop.http.HttpServer2$QuotingInputFilter)
2019-10-06 05:57:38,517 [main] INFO  http.HttpServer2 (HttpServer2.java:addFilter(948)) - Added filter static_user_filter (class=org.apache.hadoop.http.lib.StaticUserWebFilter$StaticUserFilter) to context scm
2019-10-06 05:57:38,517 [main] INFO  http.HttpServer2 (HttpServer2.java:addFilter(958)) - Added filter static_user_filter (class=org.apache.hadoop.http.lib.StaticUserWebFilter$StaticUserFilter) to context static
2019-10-06 05:57:38,517 [main] INFO  http.HttpServer2 (HttpServer2.java:addFilter(958)) - Added filter static_user_filter (class=org.apache.hadoop.http.lib.StaticUserWebFilter$StaticUserFilter) to context logs
2019-10-06 05:57:38,520 [main] INFO  server.StorageContainerManager (StorageContainerManager.java:start(770)) - StorageContainerLocationProtocol RPC server is listening at /0.0.0.0:42799
2019-10-06 05:57:38,523 [main] WARN  impl.MetricsConfig (MetricsConfig.java:loadFirst(134)) - Cannot locate configuration: tried hadoop-metrics2-storagecontainermanager.properties,hadoop-metrics2.properties
2019-10-06 05:57:38,524 [main] INFO  impl.MetricsSystemImpl (MetricsSystemImpl.java:startTimer(374)) - Scheduled Metric snapshot period at 10 second(s).
2019-10-06 05:57:38,524 [main] INFO  impl.MetricsSystemImpl (MetricsSystemImpl.java:start(191)) - StorageContainerManager metrics system started
2019-10-06 05:57:38,565 [main] INFO  lib.Interns (Interns.java:removeEldestEntry(50)) - Metrics intern cache overflow at 2011 for MetricsSystem={MetricsSystem=MetricsInfoImpl{name=MetricsSystem, description=MetricsSystem}, MetricsSystem record=MetricsInfoImpl{name=MetricsSystem, description=MetricsSystem record}}
2019-10-06 05:57:38,583 [main] WARN  impl.MetricsSystemImpl (MetricsSystemImpl.java:register(276)) - Sink prometheus already exists!
2019-10-06 05:57:38,629 [main] INFO  server.SCMClientProtocolServer (SCMClientProtocolServer.java:start(159)) - RPC server for Client  is listening at /0.0.0.0:42799
2019-10-06 05:57:38,630 [IPC Server Responder] INFO  ipc.Server (Server.java:run(1314)) - IPC Server Responder: starting
2019-10-06 05:57:38,631 [IPC Server listener on 42799] INFO  ipc.Server (Server.java:run(1153)) - IPC Server listener on 42799: starting
2019-10-06 05:57:38,634 [main] INFO  server.StorageContainerManager (StorageContainerManager.java:start(780)) - ScmBlockLocationProtocol RPC server is listening at /0.0.0.0:35255
2019-10-06 05:57:38,635 [main] INFO  server.SCMBlockProtocolServer (SCMBlockProtocolServer.java:start(146)) - RPC server for Block Protocol is listening at /0.0.0.0:35255
2019-10-06 05:57:38,635 [IPC Server Responder] INFO  ipc.Server (Server.java:run(1314)) - IPC Server Responder: starting
2019-10-06 05:57:38,635 [IPC Server listener on 35255] INFO  ipc.Server (Server.java:run(1153)) - IPC Server listener on 35255: starting
2019-10-06 05:57:38,639 [main] INFO  server.StorageContainerManager (StorageContainerManager.java:start(784)) - ScmDatanodeProtocl RPC server is listening at /0.0.0.0:39569
2019-10-06 05:57:38,639 [main] INFO  server.SCMDatanodeProtocolServer (SCMDatanodeProtocolServer.java:start(169)) - RPC server for DataNodes is listening at /0.0.0.0:39569
2019-10-06 05:57:38,639 [IPC Server Responder] INFO  ipc.Server (Server.java:run(1314)) - IPC Server Responder: starting
2019-10-06 05:57:38,640 [IPC Server listener on 39569] INFO  ipc.Server (Server.java:run(1153)) - IPC Server listener on 39569: starting
2019-10-06 05:57:38,644 [main] INFO  http.HttpServer2 (HttpServer2.java:bindListener(1191)) - Jetty bound to port 44578
2019-10-06 05:57:38,644 [main] INFO  server.Server (Server.java:doStart(351)) - jetty-9.3.25.v20180904, build timestamp: 2018-09-04T21:11:46Z, git hash: 3ce520221d0240229c862b122d2b06c12a625732
2019-10-06 05:57:38,646 [main] INFO  handler.ContextHandler (ContextHandler.java:doStart(781)) - Started o.e.j.s.ServletContextHandler@6dee8ae6{/logs,file:///workdir/hadoop-ozone/integration-test/target/log,AVAILABLE}
2019-10-06 05:57:38,646 [main] INFO  handler.ContextHandler (ContextHandler.java:doStart(781)) - Started o.e.j.s.ServletContextHandler@7e7e962d{/static,file:///workdir/hadoop-ozone/integration-test/target/test-classes/webapps/static,AVAILABLE}
2019-10-06 05:57:38,650 [main] INFO  handler.ContextHandler (ContextHandler.java:doStart(781)) - Started o.e.j.w.WebAppContext@1b90fee4{/,file:///workdir/hadoop-ozone/integration-test/target/test-classes/webapps/scm/,AVAILABLE}{/scm}
2019-10-06 05:57:38,650 [main] INFO  server.AbstractConnector (AbstractConnector.java:doStart(278)) - Started ServerConnector@3513c84c{HTTP/1.1,[http/1.1]}{0.0.0.0:44578}
2019-10-06 05:57:38,652 [main] INFO  server.Server (Server.java:doStart(419)) - Started @126234ms
2019-10-06 05:57:38,652 [main] WARN  impl.MetricsSystemImpl (MetricsSystemImpl.java:register(276)) - Sink prometheus already exists!
2019-10-06 05:57:38,652 [main] INFO  server.BaseHttpServer (BaseHttpServer.java:updateConnectorAddress(215)) - HTTP server of SCM is listening at http://0.0.0.0:44578
2019-10-06 05:57:38,654 [main] WARN  server.ServerUtils (ServerUtils.java:getDBPath(222)) - ozone.om.db.dirs is not configured. We recommend adding this setting. Falling back to ozone.metadata.dirs instead.
2019-10-06 05:57:38,654 [org.apache.hadoop.util.JvmPauseMonitor$Monitor@7bc6935c] INFO  util.JvmPauseMonitor (JvmPauseMonitor.java:run(188)) - Starting JVM pause monitor
2019-10-06 05:57:38,675 [main] INFO  ha.OMHANodeDetails (OMHANodeDetails.java:loadOMHAConfig(190)) - Configuration either no ozone.om.address set. Falling back to the default OM address /127.0.0.1:0
2019-10-06 05:57:38,675 [main] INFO  ha.OMHANodeDetails (OMHANodeDetails.java:getOMNodeDetails(220)) - OM Service ID is not set. Setting it to the default ID: omServiceIdDefault
2019-10-06 05:57:38,675 [main] WARN  server.ServerUtils (ServerUtils.java:getDBPath(222)) - ozone.om.db.dirs is not configured. We recommend adding this setting. Falling back to ozone.metadata.dirs instead.
2019-10-06 05:57:38,676 [main] WARN  server.ServerUtils (ServerUtils.java:getDBPath(222)) - ozone.om.db.dirs is not configured. We recommend adding this setting. Falling back to ozone.metadata.dirs instead.
2019-10-06 05:57:38,685 [main] WARN  server.ServerUtils (ServerUtils.java:getDBPath(222)) - ozone.om.db.dirs is not configured. We recommend adding this setting. Falling back to ozone.metadata.dirs instead.
2019-10-06 05:57:38,685 [main] INFO  db.DBStoreBuilder (DBStoreBuilder.java:addTable(117)) - using custom profile for table: userTable
2019-10-06 05:57:38,686 [main] INFO  db.DBStoreBuilder (DBStoreBuilder.java:processTables(168)) - Using default column profile:DBProfile.DISK for Table:userTable
2019-10-06 05:57:38,686 [main] INFO  db.DBStoreBuilder (DBStoreBuilder.java:addTable(117)) - using custom profile for table: volumeTable
2019-10-06 05:57:38,686 [main] INFO  db.DBStoreBuilder (DBStoreBuilder.java:processTables(168)) - Using default column profile:DBProfile.DISK for Table:volumeTable
2019-10-06 05:57:38,686 [main] INFO  db.DBStoreBuilder (DBStoreBuilder.java:addTable(117)) - using custom profile for table: bucketTable
2019-10-06 05:57:38,686 [main] INFO  db.DBStoreBuilder (DBStoreBuilder.java:processTables(168)) - Using default column profile:DBProfile.DISK for Table:bucketTable
2019-10-06 05:57:38,686 [main] INFO  db.DBStoreBuilder (DBStoreBuilder.java:addTable(117)) - using custom profile for table: keyTable
2019-10-06 05:57:38,687 [main] INFO  db.DBStoreBuilder (DBStoreBuilder.java:processTables(168)) - Using default column profile:DBProfile.DISK for Table:keyTable
2019-10-06 05:57:38,687 [main] INFO  db.DBStoreBuilder (DBStoreBuilder.java:addTable(117)) - using custom profile for table: deletedTable
2019-10-06 05:57:38,687 [main] INFO  db.DBStoreBuilder (DBStoreBuilder.java:processTables(168)) - Using default column profile:DBProfile.DISK for Table:deletedTable
2019-10-06 05:57:38,687 [main] INFO  db.DBStoreBuilder (DBStoreBuilder.java:addTable(117)) - using custom profile for table: openKeyTable
2019-10-06 05:57:38,687 [main] INFO  db.DBStoreBuilder (DBStoreBuilder.java:processTables(168)) - Using default column profile:DBProfile.DISK for Table:openKeyTable
2019-10-06 05:57:38,688 [main] INFO  db.DBStoreBuilder (DBStoreBuilder.java:addTable(117)) - using custom profile for table: s3Table
2019-10-06 05:57:38,688 [main] INFO  db.DBStoreBuilder (DBStoreBuilder.java:processTables(168)) - Using default column profile:DBProfile.DISK for Table:s3Table
2019-10-06 05:57:38,688 [main] INFO  db.DBStoreBuilder (DBStoreBuilder.java:addTable(117)) - using custom profile for table: multipartInfoTable
2019-10-06 05:57:38,688 [main] INFO  db.DBStoreBuilder (DBStoreBuilder.java:processTables(168)) - Using default column profile:DBProfile.DISK for Table:multipartInfoTable
2019-10-06 05:57:38,688 [main] INFO  db.DBStoreBuilder (DBStoreBuilder.java:addTable(117)) - using custom profile for table: dTokenTable
2019-10-06 05:57:38,688 [main] INFO  db.DBStoreBuilder (DBStoreBuilder.java:processTables(168)) - Using default column profile:DBProfile.DISK for Table:dTokenTable
2019-10-06 05:57:38,689 [main] INFO  db.DBStoreBuilder (DBStoreBuilder.java:addTable(117)) - using custom profile for table: s3SecretTable
2019-10-06 05:57:38,689 [main] INFO  db.DBStoreBuilder (DBStoreBuilder.java:processTables(168)) - Using default column profile:DBProfile.DISK for Table:s3SecretTable
2019-10-06 05:57:38,689 [main] INFO  db.DBStoreBuilder (DBStoreBuilder.java:addTable(117)) - using custom profile for table: prefixTable
2019-10-06 05:57:38,689 [main] INFO  db.DBStoreBuilder (DBStoreBuilder.java:processTables(168)) - Using default column profile:DBProfile.DISK for Table:prefixTable
2019-10-06 05:57:38,689 [main] INFO  db.DBStoreBuilder (DBStoreBuilder.java:addTable(117)) - using custom profile for table: default
2019-10-06 05:57:38,690 [main] INFO  db.DBStoreBuilder (DBStoreBuilder.java:processTables(174)) - Using default column profile:DBProfile.DISK for Table:default
2019-10-06 05:57:38,690 [main] INFO  db.DBStoreBuilder (DBStoreBuilder.java:getDbProfile(205)) - Using default options. DBProfile.DISK
2019-10-06 05:57:39,115 [main] INFO  ipc.CallQueueManager (CallQueueManager.java:<init>(84)) - Using callQueue: class java.util.concurrent.LinkedBlockingQueue, queueCapacity: 2000, scheduler: class org.apache.hadoop.ipc.DefaultRpcScheduler, ipcBackoff: false.
2019-10-06 05:57:39,116 [Socket Reader #1 for port 46631] INFO  ipc.Server (Server.java:run(1074)) - Starting Socket Reader #1 for port 46631
2019-10-06 05:57:39,145 [main] INFO  om.OzoneManager (OzoneManager.java:start(1069)) - OzoneManager RPC server is listening at localhost/127.0.0.1:46631
2019-10-06 05:57:39,145 [main] INFO  impl.MetricsSystemImpl (MetricsSystemImpl.java:init(158)) - OzoneManager metrics system started (again)
2019-10-06 05:57:39,148 [IPC Server Responder] INFO  ipc.Server (Server.java:run(1314)) - IPC Server Responder: starting
2019-10-06 05:57:39,149 [IPC Server listener on 46631] INFO  ipc.Server (Server.java:run(1153)) - IPC Server listener on 46631: starting
2019-10-06 05:57:39,156 [main] INFO  hdfs.DFSUtil (DFSUtil.java:httpServerTemplateForNNAndJN(1641)) - Starting Web-server for ozoneManager at: http://0.0.0.0:0
2019-10-06 05:57:39,158 [main] INFO  server.AuthenticationFilter (AuthenticationFilter.java:constructSecretProvider(240)) - Unable to initialize FileSignerSecretProvider, falling back to use random secrets.
2019-10-06 05:57:39,158 [main] WARN  http.HttpRequestLog (HttpRequestLog.java:getRequestLog(97)) - Jetty request log can only be enabled using Log4j
2019-10-06 05:57:39,161 [main] INFO  http.HttpServer2 (HttpServer2.java:addGlobalFilter(975)) - Added global filter 'safety' (class=org.apache.hadoop.http.HttpServer2$QuotingInputFilter)
2019-10-06 05:57:39,162 [main] INFO  http.HttpServer2 (HttpServer2.java:addFilter(948)) - Added filter static_user_filter (class=org.apache.hadoop.http.lib.StaticUserWebFilter$StaticUserFilter) to context ozoneManager
2019-10-06 05:57:39,162 [main] INFO  http.HttpServer2 (HttpServer2.java:addFilter(958)) - Added filter static_user_filter (class=org.apache.hadoop.http.lib.StaticUserWebFilter$StaticUserFilter) to context logs
2019-10-06 05:57:39,162 [main] INFO  http.HttpServer2 (HttpServer2.java:addFilter(958)) - Added filter static_user_filter (class=org.apache.hadoop.http.lib.StaticUserWebFilter$StaticUserFilter) to context static
2019-10-06 05:57:39,163 [main] INFO  http.HttpServer2 (HttpServer2.java:bindListener(1191)) - Jetty bound to port 34684
2019-10-06 05:57:39,163 [main] INFO  server.Server (Server.java:doStart(351)) - jetty-9.3.25.v20180904, build timestamp: 2018-09-04T21:11:46Z, git hash: 3ce520221d0240229c862b122d2b06c12a625732
2019-10-06 05:57:39,165 [main] INFO  handler.ContextHandler (ContextHandler.java:doStart(781)) - Started o.e.j.s.ServletContextHandler@f557c37{/logs,file:///workdir/hadoop-ozone/integration-test/target/log,AVAILABLE}
2019-10-06 05:57:39,166 [main] INFO  handler.ContextHandler (ContextHandler.java:doStart(781)) - Started o.e.j.s.ServletContextHandler@5856dbe4{/static,file:///workdir/hadoop-ozone/integration-test/target/test-classes/webapps/static,AVAILABLE}
2019-10-06 05:57:39,172 [main] INFO  handler.ContextHandler (ContextHandler.java:doStart(781)) - Started o.e.j.w.WebAppContext@664632e9{/,file:///workdir/hadoop-ozone/integration-test/target/test-classes/webapps/ozoneManager/,AVAILABLE}{/ozoneManager}
2019-10-06 05:57:39,172 [main] INFO  server.AbstractConnector (AbstractConnector.java:doStart(278)) - Started ServerConnector@494c8f29{HTTP/1.1,[http/1.1]}{0.0.0.0:34684}
2019-10-06 05:57:39,173 [main] INFO  server.Server (Server.java:doStart(419)) - Started @126756ms
2019-10-06 05:57:39,174 [main] WARN  impl.MetricsSystemImpl (MetricsSystemImpl.java:register(276)) - Sink prometheus already exists!
2019-10-06 05:57:39,174 [main] INFO  server.BaseHttpServer (BaseHttpServer.java:updateConnectorAddress(215)) - HTTP server of OZONEMANAGER is listening at http://0.0.0.0:34684
2019-10-06 05:57:39,194 [main] INFO  impl.MetricsSystemImpl (MetricsSystemImpl.java:init(158)) - HddsDatanode metrics system started (again)
2019-10-06 05:57:39,196 [main] INFO  ozone.HddsDatanodeService (HddsDatanodeService.java:start(184)) - HddsDatanodeService host:trunk-nightly-20191006-mzxw6-951422410 ip:192.168.164.217
2019-10-06 05:57:39,202 [main] INFO  volume.HddsVolume (HddsVolume.java:<init>(176)) - Creating Volume: /workdir/hadoop-ozone/integration-test/target/test-dir/MiniOzoneClusterImpl-302fbd6a-0a7c-4e79-9456-5e178ffa3b85/datanode-0/data/containers/hdds of  storage type : DISK and capacity : 1482555576320
2019-10-06 05:57:39,203 [main] INFO  volume.VolumeSet (VolumeSet.java:initializeVolumeSet(170)) - Added Volume : /workdir/hadoop-ozone/integration-test/target/test-dir/MiniOzoneClusterImpl-302fbd6a-0a7c-4e79-9456-5e178ffa3b85/datanode-0/data/containers/hdds to VolumeSet
2019-10-06 05:57:39,203 [main] INFO  volume.ThrottledAsyncChecker (ThrottledAsyncChecker.java:schedule(139)) - Scheduling a check for org.apache.hadoop.ozone.container.common.volume.HddsVolume@3635099
2019-10-06 05:57:39,204 [main] INFO  volume.HddsVolumeChecker (HddsVolumeChecker.java:checkAllVolumes(202)) - Scheduled health check for volume org.apache.hadoop.ozone.container.common.volume.HddsVolume@3635099
2019-10-06 05:57:39,220 [main] INFO  impl.RaftServerProxy (ConfUtils.java:logGet(43)) - raft.rpc.type = GRPC (default)
2019-10-06 05:57:39,220 [main] INFO  grpc.GrpcFactory (GrpcFactory.java:checkPooledByteBufAllocatorUseCacheForAllThreads(45)) - PERFORMANCE WARNING: useCacheForAllThreads is true that may cause Netty to create a lot garbage objects and, as a result, trigger GC.
	It is recommended to disable useCacheForAllThreads by setting -Dorg.apache.ratis.thirdparty.io.netty.allocator.useCacheForAllThreads=false in command line.
2019-10-06 05:57:39,220 [main] INFO  grpc.GrpcConfigKeys$Server (ConfUtils.java:logGet(43)) - raft.grpc.server.port = 0 (default)
2019-10-06 05:57:39,221 [main] INFO  server.GrpcService (ConfUtils.java:logGet(43)) - raft.grpc.message.size.max = 33570816 (custom)
2019-10-06 05:57:39,221 [main] INFO  server.RaftServerConfigKeys (ConfUtils.java:logGet(43)) - raft.server.log.appender.buffer.byte-limit = 33554432 (custom)
2019-10-06 05:57:39,221 [main] INFO  server.GrpcService (ConfUtils.java:logGet(43)) - raft.grpc.flow.control.window = 1MB (=1048576) (default)
2019-10-06 05:57:39,221 [main] INFO  server.RaftServerConfigKeys (ConfUtils.java:logGet(43)) - raft.server.rpc.request.timeout = 3000ms (default)
2019-10-06 05:57:39,222 [main] INFO  server.RaftServerConfigKeys (ConfUtils.java:logGet(43)) - raft.server.storage.dir = [/workdir/hadoop-ozone/integration-test/target/test-dir/MiniOzoneClusterImpl-302fbd6a-0a7c-4e79-9456-5e178ffa3b85/datanode-0/data/ratis] (custom)
2019-10-06 05:57:39,224 [main] INFO  hdfs.DFSUtil (DFSUtil.java:httpServerTemplateForNNAndJN(1641)) - Starting Web-server for hddsDatanode at: http://0.0.0.0:0
2019-10-06 05:57:39,228 [main] INFO  server.AuthenticationFilter (AuthenticationFilter.java:constructSecretProvider(240)) - Unable to initialize FileSignerSecretProvider, falling back to use random secrets.
2019-10-06 05:57:39,228 [main] WARN  http.HttpRequestLog (HttpRequestLog.java:getRequestLog(97)) - Jetty request log can only be enabled using Log4j
2019-10-06 05:57:39,229 [main] INFO  http.HttpServer2 (HttpServer2.java:addGlobalFilter(975)) - Added global filter 'safety' (class=org.apache.hadoop.http.HttpServer2$QuotingInputFilter)
2019-10-06 05:57:39,230 [main] INFO  http.HttpServer2 (HttpServer2.java:addFilter(948)) - Added filter static_user_filter (class=org.apache.hadoop.http.lib.StaticUserWebFilter$StaticUserFilter) to context hddsDatanode
2019-10-06 05:57:39,230 [main] INFO  http.HttpServer2 (HttpServer2.java:addFilter(958)) - Added filter static_user_filter (class=org.apache.hadoop.http.lib.StaticUserWebFilter$StaticUserFilter) to context logs
2019-10-06 05:57:39,230 [main] INFO  http.HttpServer2 (HttpServer2.java:addFilter(958)) - Added filter static_user_filter (class=org.apache.hadoop.http.lib.StaticUserWebFilter$StaticUserFilter) to context static
2019-10-06 05:57:39,231 [main] INFO  http.HttpServer2 (HttpServer2.java:bindListener(1191)) - Jetty bound to port 35007
2019-10-06 05:57:39,231 [main] INFO  server.Server (Server.java:doStart(351)) - jetty-9.3.25.v20180904, build timestamp: 2018-09-04T21:11:46Z, git hash: 3ce520221d0240229c862b122d2b06c12a625732
2019-10-06 05:57:39,233 [main] INFO  handler.ContextHandler (ContextHandler.java:doStart(781)) - Started o.e.j.s.ServletContextHandler@6ddee60f{/logs,file:///workdir/hadoop-ozone/integration-test/target/log,AVAILABLE}
2019-10-06 05:57:39,233 [main] INFO  handler.ContextHandler (ContextHandler.java:doStart(781)) - Started o.e.j.s.ServletContextHandler@4aa2877c{/static,jar:file:/home/user/.m2/repository/org/apache/hadoop/hadoop-hdds-container-service/0.5.0-SNAPSHOT/hadoop-hdds-container-service-0.5.0-SNAPSHOT.jar!/webapps/static,AVAILABLE}
2019-10-06 05:57:39,263 [main] INFO  handler.ContextHandler (ContextHandler.java:doStart(781)) - Started o.e.j.w.WebAppContext@4be0a27d{/,file:///tmp/jetty-0.0.0.0-35007-hddsDatanode-_-any-1857029034633288073.dir/webapp/,AVAILABLE}{/hddsDatanode}
2019-10-06 05:57:39,264 [main] INFO  server.AbstractConnector (AbstractConnector.java:doStart(278)) - Started ServerConnector@5f366587{HTTP/1.1,[http/1.1]}{0.0.0.0:35007}
2019-10-06 05:57:39,266 [main] INFO  server.Server (Server.java:doStart(419)) - Started @126848ms
2019-10-06 05:57:39,267 [main] WARN  impl.MetricsSystemImpl (MetricsSystemImpl.java:register(276)) - Sink prometheus already exists!
2019-10-06 05:57:39,267 [main] INFO  server.BaseHttpServer (BaseHttpServer.java:updateConnectorAddress(215)) - HTTP server of HDDSDATANODE is listening at http://0.0.0.0:35007
2019-10-06 05:57:39,267 [main] INFO  impl.MetricsSystemImpl (MetricsSystemImpl.java:init(158)) - HddsDatanode metrics system started (again)
2019-10-06 05:57:39,270 [org.apache.hadoop.util.JvmPauseMonitor$Monitor@31aba155] INFO  util.JvmPauseMonitor (JvmPauseMonitor.java:run(188)) - Starting JVM pause monitor
2019-10-06 05:57:39,271 [main] INFO  ozone.HddsDatanodeService (HddsDatanodeService.java:start(184)) - HddsDatanodeService host:trunk-nightly-20191006-mzxw6-951422410 ip:192.168.164.217
2019-10-06 05:57:39,273 [Datanode State Machine Thread - 0] INFO  datanode.InitDatanodeState (InitDatanodeState.java:persistContainerDatanodeDetails(140)) - DatanodeDetails is persisted to /workdir/hadoop-ozone/integration-test/target/test-dir/MiniOzoneClusterImpl-302fbd6a-0a7c-4e79-9456-5e178ffa3b85/datanode-0/meta/datanode.id
2019-10-06 05:57:39,276 [main] INFO  volume.HddsVolume (HddsVolume.java:<init>(176)) - Creating Volume: /workdir/hadoop-ozone/integration-test/target/test-dir/MiniOzoneClusterImpl-302fbd6a-0a7c-4e79-9456-5e178ffa3b85/datanode-1/data/containers/hdds of  storage type : DISK and capacity : 1482555576320
2019-10-06 05:57:39,277 [main] INFO  volume.VolumeSet (VolumeSet.java:initializeVolumeSet(170)) - Added Volume : /workdir/hadoop-ozone/integration-test/target/test-dir/MiniOzoneClusterImpl-302fbd6a-0a7c-4e79-9456-5e178ffa3b85/datanode-1/data/containers/hdds to VolumeSet
2019-10-06 05:57:39,277 [main] INFO  volume.ThrottledAsyncChecker (ThrottledAsyncChecker.java:schedule(139)) - Scheduling a check for org.apache.hadoop.ozone.container.common.volume.HddsVolume@34414ffc
2019-10-06 05:57:39,277 [main] INFO  volume.HddsVolumeChecker (HddsVolumeChecker.java:checkAllVolumes(202)) - Scheduled health check for volume org.apache.hadoop.ozone.container.common.volume.HddsVolume@34414ffc
2019-10-06 05:57:39,291 [main] INFO  impl.RaftServerProxy (ConfUtils.java:logGet(43)) - raft.rpc.type = GRPC (default)
2019-10-06 05:57:39,292 [main] INFO  grpc.GrpcFactory (GrpcFactory.java:checkPooledByteBufAllocatorUseCacheForAllThreads(45)) - PERFORMANCE WARNING: useCacheForAllThreads is true that may cause Netty to create a lot garbage objects and, as a result, trigger GC.
	It is recommended to disable useCacheForAllThreads by setting -Dorg.apache.ratis.thirdparty.io.netty.allocator.useCacheForAllThreads=false in command line.
2019-10-06 05:57:39,292 [main] INFO  grpc.GrpcConfigKeys$Server (ConfUtils.java:logGet(43)) - raft.grpc.server.port = 0 (default)
2019-10-06 05:57:39,292 [main] INFO  server.GrpcService (ConfUtils.java:logGet(43)) - raft.grpc.message.size.max = 33570816 (custom)
2019-10-06 05:57:39,292 [main] INFO  server.RaftServerConfigKeys (ConfUtils.java:logGet(43)) - raft.server.log.appender.buffer.byte-limit = 33554432 (custom)
2019-10-06 05:57:39,292 [main] INFO  server.GrpcService (ConfUtils.java:logGet(43)) - raft.grpc.flow.control.window = 1MB (=1048576) (default)
2019-10-06 05:57:39,293 [main] INFO  server.RaftServerConfigKeys (ConfUtils.java:logGet(43)) - raft.server.rpc.request.timeout = 3000ms (default)
2019-10-06 05:57:39,293 [main] INFO  server.RaftServerConfigKeys (ConfUtils.java:logGet(43)) - raft.server.storage.dir = [/workdir/hadoop-ozone/integration-test/target/test-dir/MiniOzoneClusterImpl-302fbd6a-0a7c-4e79-9456-5e178ffa3b85/datanode-1/data/ratis] (custom)
2019-10-06 05:57:39,295 [main] INFO  hdfs.DFSUtil (DFSUtil.java:httpServerTemplateForNNAndJN(1641)) - Starting Web-server for hddsDatanode at: http://0.0.0.0:0
2019-10-06 05:57:39,297 [main] INFO  server.AuthenticationFilter (AuthenticationFilter.java:constructSecretProvider(240)) - Unable to initialize FileSignerSecretProvider, falling back to use random secrets.
2019-10-06 05:57:39,297 [main] WARN  http.HttpRequestLog (HttpRequestLog.java:getRequestLog(97)) - Jetty request log can only be enabled using Log4j
2019-10-06 05:57:39,298 [main] INFO  http.HttpServer2 (HttpServer2.java:addGlobalFilter(975)) - Added global filter 'safety' (class=org.apache.hadoop.http.HttpServer2$QuotingInputFilter)
2019-10-06 05:57:39,299 [main] INFO  http.HttpServer2 (HttpServer2.java:addFilter(948)) - Added filter static_user_filter (class=org.apache.hadoop.http.lib.StaticUserWebFilter$StaticUserFilter) to context hddsDatanode
2019-10-06 05:57:39,299 [main] INFO  http.HttpServer2 (HttpServer2.java:addFilter(958)) - Added filter static_user_filter (class=org.apache.hadoop.http.lib.StaticUserWebFilter$StaticUserFilter) to context static
2019-10-06 05:57:39,299 [main] INFO  http.HttpServer2 (HttpServer2.java:addFilter(958)) - Added filter static_user_filter (class=org.apache.hadoop.http.lib.StaticUserWebFilter$StaticUserFilter) to context logs
2019-10-06 05:57:39,300 [main] INFO  http.HttpServer2 (HttpServer2.java:bindListener(1191)) - Jetty bound to port 33116
2019-10-06 05:57:39,300 [main] INFO  server.Server (Server.java:doStart(351)) - jetty-9.3.25.v20180904, build timestamp: 2018-09-04T21:11:46Z, git hash: 3ce520221d0240229c862b122d2b06c12a625732
2019-10-06 05:57:39,301 [main] INFO  handler.ContextHandler (ContextHandler.java:doStart(781)) - Started o.e.j.s.ServletContextHandler@22bf9122{/logs,file:///workdir/hadoop-ozone/integration-test/target/log,AVAILABLE}
2019-10-06 05:57:39,302 [main] INFO  handler.ContextHandler (ContextHandler.java:doStart(781)) - Started o.e.j.s.ServletContextHandler@73afe2b7{/static,jar:file:/home/user/.m2/repository/org/apache/hadoop/hadoop-hdds-container-service/0.5.0-SNAPSHOT/hadoop-hdds-container-service-0.5.0-SNAPSHOT.jar!/webapps/static,AVAILABLE}
2019-10-06 05:57:39,330 [main] INFO  handler.ContextHandler (ContextHandler.java:doStart(781)) - Started o.e.j.w.WebAppContext@773014d3{/,file:///tmp/jetty-0.0.0.0-33116-hddsDatanode-_-any-8717888772724696320.dir/webapp/,AVAILABLE}{/hddsDatanode}
2019-10-06 05:57:39,331 [main] INFO  server.AbstractConnector (AbstractConnector.java:doStart(278)) - Started ServerConnector@7fedb795{HTTP/1.1,[http/1.1]}{0.0.0.0:33116}
2019-10-06 05:57:39,332 [main] INFO  server.Server (Server.java:doStart(419)) - Started @126914ms
2019-10-06 05:57:39,332 [main] WARN  impl.MetricsSystemImpl (MetricsSystemImpl.java:register(276)) - Sink prometheus already exists!
2019-10-06 05:57:39,333 [main] INFO  server.BaseHttpServer (BaseHttpServer.java:updateConnectorAddress(215)) - HTTP server of HDDSDATANODE is listening at http://0.0.0.0:33116
2019-10-06 05:57:39,333 [main] INFO  impl.MetricsSystemImpl (MetricsSystemImpl.java:init(158)) - HddsDatanode metrics system started (again)
2019-10-06 05:57:39,336 [org.apache.hadoop.util.JvmPauseMonitor$Monitor@161d908a] INFO  util.JvmPauseMonitor (JvmPauseMonitor.java:run(188)) - Starting JVM pause monitor
2019-10-06 05:57:39,337 [main] INFO  ozone.HddsDatanodeService (HddsDatanodeService.java:start(184)) - HddsDatanodeService host:trunk-nightly-20191006-mzxw6-951422410 ip:192.168.164.217
2019-10-06 05:57:39,340 [Datanode State Machine Thread - 0] INFO  datanode.InitDatanodeState (InitDatanodeState.java:persistContainerDatanodeDetails(140)) - DatanodeDetails is persisted to /workdir/hadoop-ozone/integration-test/target/test-dir/MiniOzoneClusterImpl-302fbd6a-0a7c-4e79-9456-5e178ffa3b85/datanode-1/meta/datanode.id
2019-10-06 05:57:39,343 [main] INFO  volume.HddsVolume (HddsVolume.java:<init>(176)) - Creating Volume: /workdir/hadoop-ozone/integration-test/target/test-dir/MiniOzoneClusterImpl-302fbd6a-0a7c-4e79-9456-5e178ffa3b85/datanode-2/data/containers/hdds of  storage type : DISK and capacity : 1482555576320
2019-10-06 05:57:39,343 [main] INFO  volume.VolumeSet (VolumeSet.java:initializeVolumeSet(170)) - Added Volume : /workdir/hadoop-ozone/integration-test/target/test-dir/MiniOzoneClusterImpl-302fbd6a-0a7c-4e79-9456-5e178ffa3b85/datanode-2/data/containers/hdds to VolumeSet
2019-10-06 05:57:39,343 [main] INFO  volume.ThrottledAsyncChecker (ThrottledAsyncChecker.java:schedule(139)) - Scheduling a check for org.apache.hadoop.ozone.container.common.volume.HddsVolume@603cabc4
2019-10-06 05:57:39,344 [main] INFO  volume.HddsVolumeChecker (HddsVolumeChecker.java:checkAllVolumes(202)) - Scheduled health check for volume org.apache.hadoop.ozone.container.common.volume.HddsVolume@603cabc4
2019-10-06 05:57:39,356 [main] INFO  impl.RaftServerProxy (ConfUtils.java:logGet(43)) - raft.rpc.type = GRPC (default)
2019-10-06 05:57:39,357 [main] INFO  grpc.GrpcFactory (GrpcFactory.java:checkPooledByteBufAllocatorUseCacheForAllThreads(45)) - PERFORMANCE WARNING: useCacheForAllThreads is true that may cause Netty to create a lot garbage objects and, as a result, trigger GC.
	It is recommended to disable useCacheForAllThreads by setting -Dorg.apache.ratis.thirdparty.io.netty.allocator.useCacheForAllThreads=false in command line.
2019-10-06 05:57:39,357 [main] INFO  grpc.GrpcConfigKeys$Server (ConfUtils.java:logGet(43)) - raft.grpc.server.port = 0 (default)
2019-10-06 05:57:39,357 [main] INFO  server.GrpcService (ConfUtils.java:logGet(43)) - raft.grpc.message.size.max = 33570816 (custom)
2019-10-06 05:57:39,357 [main] INFO  server.RaftServerConfigKeys (ConfUtils.java:logGet(43)) - raft.server.log.appender.buffer.byte-limit = 33554432 (custom)
2019-10-06 05:57:39,357 [main] INFO  server.GrpcService (ConfUtils.java:logGet(43)) - raft.grpc.flow.control.window = 1MB (=1048576) (default)
2019-10-06 05:57:39,358 [main] INFO  server.RaftServerConfigKeys (ConfUtils.java:logGet(43)) - raft.server.rpc.request.timeout = 3000ms (default)
2019-10-06 05:57:39,358 [main] INFO  server.RaftServerConfigKeys (ConfUtils.java:logGet(43)) - raft.server.storage.dir = [/workdir/hadoop-ozone/integration-test/target/test-dir/MiniOzoneClusterImpl-302fbd6a-0a7c-4e79-9456-5e178ffa3b85/datanode-2/data/ratis] (custom)
2019-10-06 05:57:39,359 [main] INFO  hdfs.DFSUtil (DFSUtil.java:httpServerTemplateForNNAndJN(1641)) - Starting Web-server for hddsDatanode at: http://0.0.0.0:0
2019-10-06 05:57:39,360 [main] INFO  server.AuthenticationFilter (AuthenticationFilter.java:constructSecretProvider(240)) - Unable to initialize FileSignerSecretProvider, falling back to use random secrets.
2019-10-06 05:57:39,361 [main] WARN  http.HttpRequestLog (HttpRequestLog.java:getRequestLog(97)) - Jetty request log can only be enabled using Log4j
2019-10-06 05:57:39,362 [main] INFO  http.HttpServer2 (HttpServer2.java:addGlobalFilter(975)) - Added global filter 'safety' (class=org.apache.hadoop.http.HttpServer2$QuotingInputFilter)
2019-10-06 05:57:39,362 [main] INFO  http.HttpServer2 (HttpServer2.java:addFilter(948)) - Added filter static_user_filter (class=org.apache.hadoop.http.lib.StaticUserWebFilter$StaticUserFilter) to context hddsDatanode
2019-10-06 05:57:39,363 [main] INFO  http.HttpServer2 (HttpServer2.java:addFilter(958)) - Added filter static_user_filter (class=org.apache.hadoop.http.lib.StaticUserWebFilter$StaticUserFilter) to context static
2019-10-06 05:57:39,363 [main] INFO  http.HttpServer2 (HttpServer2.java:addFilter(958)) - Added filter static_user_filter (class=org.apache.hadoop.http.lib.StaticUserWebFilter$StaticUserFilter) to context logs
2019-10-06 05:57:39,363 [main] INFO  http.HttpServer2 (HttpServer2.java:bindListener(1191)) - Jetty bound to port 39817
2019-10-06 05:57:39,364 [main] INFO  server.Server (Server.java:doStart(351)) - jetty-9.3.25.v20180904, build timestamp: 2018-09-04T21:11:46Z, git hash: 3ce520221d0240229c862b122d2b06c12a625732
2019-10-06 05:57:39,365 [main] INFO  handler.ContextHandler (ContextHandler.java:doStart(781)) - Started o.e.j.s.ServletContextHandler@6cae2e4d{/logs,file:///workdir/hadoop-ozone/integration-test/target/log,AVAILABLE}
2019-10-06 05:57:39,366 [main] INFO  handler.ContextHandler (ContextHandler.java:doStart(781)) - Started o.e.j.s.ServletContextHandler@1cc8416a{/static,jar:file:/home/user/.m2/repository/org/apache/hadoop/hadoop-hdds-container-service/0.5.0-SNAPSHOT/hadoop-hdds-container-service-0.5.0-SNAPSHOT.jar!/webapps/static,AVAILABLE}
2019-10-06 05:57:39,394 [main] INFO  handler.ContextHandler (ContextHandler.java:doStart(781)) - Started o.e.j.w.WebAppContext@576b7c74{/,file:///tmp/jetty-0.0.0.0-39817-hddsDatanode-_-any-5050910801316110720.dir/webapp/,AVAILABLE}{/hddsDatanode}
2019-10-06 05:57:39,394 [main] INFO  server.AbstractConnector (AbstractConnector.java:doStart(278)) - Started ServerConnector@21de60a7{HTTP/1.1,[http/1.1]}{0.0.0.0:39817}
2019-10-06 05:57:39,396 [main] INFO  server.Server (Server.java:doStart(419)) - Started @126978ms
2019-10-06 05:57:39,396 [main] WARN  impl.MetricsSystemImpl (MetricsSystemImpl.java:register(276)) - Sink prometheus already exists!
2019-10-06 05:57:39,396 [main] INFO  server.BaseHttpServer (BaseHttpServer.java:updateConnectorAddress(215)) - HTTP server of HDDSDATANODE is listening at http://0.0.0.0:39817
2019-10-06 05:57:39,397 [main] INFO  impl.MetricsSystemImpl (MetricsSystemImpl.java:init(158)) - HddsDatanode metrics system started (again)
2019-10-06 05:57:39,400 [org.apache.hadoop.util.JvmPauseMonitor$Monitor@2a40de7f] INFO  util.JvmPauseMonitor (JvmPauseMonitor.java:run(188)) - Starting JVM pause monitor
2019-10-06 05:57:39,400 [main] INFO  ozone.HddsDatanodeService (HddsDatanodeService.java:start(184)) - HddsDatanodeService host:trunk-nightly-20191006-mzxw6-951422410 ip:192.168.164.217
2019-10-06 05:57:39,402 [Datanode State Machine Thread - 0] INFO  datanode.InitDatanodeState (InitDatanodeState.java:persistContainerDatanodeDetails(140)) - DatanodeDetails is persisted to /workdir/hadoop-ozone/integration-test/target/test-dir/MiniOzoneClusterImpl-302fbd6a-0a7c-4e79-9456-5e178ffa3b85/datanode-2/meta/datanode.id
2019-10-06 05:57:39,406 [main] INFO  volume.HddsVolume (HddsVolume.java:<init>(176)) - Creating Volume: /workdir/hadoop-ozone/integration-test/target/test-dir/MiniOzoneClusterImpl-302fbd6a-0a7c-4e79-9456-5e178ffa3b85/datanode-3/data/containers/hdds of  storage type : DISK and capacity : 1482555576320
2019-10-06 05:57:39,407 [main] INFO  volume.VolumeSet (VolumeSet.java:initializeVolumeSet(170)) - Added Volume : /workdir/hadoop-ozone/integration-test/target/test-dir/MiniOzoneClusterImpl-302fbd6a-0a7c-4e79-9456-5e178ffa3b85/datanode-3/data/containers/hdds to VolumeSet
2019-10-06 05:57:39,407 [main] INFO  volume.ThrottledAsyncChecker (ThrottledAsyncChecker.java:schedule(139)) - Scheduling a check for org.apache.hadoop.ozone.container.common.volume.HddsVolume@6042d663
2019-10-06 05:57:39,407 [main] INFO  volume.HddsVolumeChecker (HddsVolumeChecker.java:checkAllVolumes(202)) - Scheduled health check for volume org.apache.hadoop.ozone.container.common.volume.HddsVolume@6042d663
2019-10-06 05:57:39,419 [main] INFO  impl.RaftServerProxy (ConfUtils.java:logGet(43)) - raft.rpc.type = GRPC (default)
2019-10-06 05:57:39,420 [main] INFO  grpc.GrpcFactory (GrpcFactory.java:checkPooledByteBufAllocatorUseCacheForAllThreads(45)) - PERFORMANCE WARNING: useCacheForAllThreads is true that may cause Netty to create a lot garbage objects and, as a result, trigger GC.
	It is recommended to disable useCacheForAllThreads by setting -Dorg.apache.ratis.thirdparty.io.netty.allocator.useCacheForAllThreads=false in command line.
2019-10-06 05:57:39,420 [main] INFO  grpc.GrpcConfigKeys$Server (ConfUtils.java:logGet(43)) - raft.grpc.server.port = 0 (default)
2019-10-06 05:57:39,420 [main] INFO  server.GrpcService (ConfUtils.java:logGet(43)) - raft.grpc.message.size.max = 33570816 (custom)
2019-10-06 05:57:39,420 [main] INFO  server.RaftServerConfigKeys (ConfUtils.java:logGet(43)) - raft.server.log.appender.buffer.byte-limit = 33554432 (custom)
2019-10-06 05:57:39,420 [main] INFO  server.GrpcService (ConfUtils.java:logGet(43)) - raft.grpc.flow.control.window = 1MB (=1048576) (default)
2019-10-06 05:57:39,421 [main] INFO  server.RaftServerConfigKeys (ConfUtils.java:logGet(43)) - raft.server.rpc.request.timeout = 3000ms (default)
2019-10-06 05:57:39,421 [main] INFO  server.RaftServerConfigKeys (ConfUtils.java:logGet(43)) - raft.server.storage.dir = [/workdir/hadoop-ozone/integration-test/target/test-dir/MiniOzoneClusterImpl-302fbd6a-0a7c-4e79-9456-5e178ffa3b85/datanode-3/data/ratis] (custom)
2019-10-06 05:57:39,422 [main] INFO  hdfs.DFSUtil (DFSUtil.java:httpServerTemplateForNNAndJN(1641)) - Starting Web-server for hddsDatanode at: http://0.0.0.0:0
2019-10-06 05:57:39,423 [main] INFO  server.AuthenticationFilter (AuthenticationFilter.java:constructSecretProvider(240)) - Unable to initialize FileSignerSecretProvider, falling back to use random secrets.
2019-10-06 05:57:39,424 [main] WARN  http.HttpRequestLog (HttpRequestLog.java:getRequestLog(97)) - Jetty request log can only be enabled using Log4j
2019-10-06 05:57:39,425 [main] INFO  http.HttpServer2 (HttpServer2.java:addGlobalFilter(975)) - Added global filter 'safety' (class=org.apache.hadoop.http.HttpServer2$QuotingInputFilter)
2019-10-06 05:57:39,425 [main] INFO  http.HttpServer2 (HttpServer2.java:addFilter(948)) - Added filter static_user_filter (class=org.apache.hadoop.http.lib.StaticUserWebFilter$StaticUserFilter) to context hddsDatanode
2019-10-06 05:57:39,426 [main] INFO  http.HttpServer2 (HttpServer2.java:addFilter(958)) - Added filter static_user_filter (class=org.apache.hadoop.http.lib.StaticUserWebFilter$StaticUserFilter) to context static
2019-10-06 05:57:39,426 [main] INFO  http.HttpServer2 (HttpServer2.java:addFilter(958)) - Added filter static_user_filter (class=org.apache.hadoop.http.lib.StaticUserWebFilter$StaticUserFilter) to context logs
2019-10-06 05:57:39,426 [main] INFO  http.HttpServer2 (HttpServer2.java:bindListener(1191)) - Jetty bound to port 34946
2019-10-06 05:57:39,427 [main] INFO  server.Server (Server.java:doStart(351)) - jetty-9.3.25.v20180904, build timestamp: 2018-09-04T21:11:46Z, git hash: 3ce520221d0240229c862b122d2b06c12a625732
2019-10-06 05:57:39,428 [main] INFO  handler.ContextHandler (ContextHandler.java:doStart(781)) - Started o.e.j.s.ServletContextHandler@da4cf09{/logs,file:///workdir/hadoop-ozone/integration-test/target/log,AVAILABLE}
2019-10-06 05:57:39,429 [main] INFO  handler.ContextHandler (ContextHandler.java:doStart(781)) - Started o.e.j.s.ServletContextHandler@67f63d26{/static,jar:file:/home/user/.m2/repository/org/apache/hadoop/hadoop-hdds-container-service/0.5.0-SNAPSHOT/hadoop-hdds-container-service-0.5.0-SNAPSHOT.jar!/webapps/static,AVAILABLE}
2019-10-06 05:57:39,458 [main] INFO  handler.ContextHandler (ContextHandler.java:doStart(781)) - Started o.e.j.w.WebAppContext@59fc6d05{/,file:///tmp/jetty-0.0.0.0-34946-hddsDatanode-_-any-6484912686873479227.dir/webapp/,AVAILABLE}{/hddsDatanode}
2019-10-06 05:57:39,458 [main] INFO  server.AbstractConnector (AbstractConnector.java:doStart(278)) - Started ServerConnector@78307a56{HTTP/1.1,[http/1.1]}{0.0.0.0:34946}
2019-10-06 05:57:39,459 [main] INFO  server.Server (Server.java:doStart(419)) - Started @127042ms
2019-10-06 05:57:39,460 [main] WARN  impl.MetricsSystemImpl (MetricsSystemImpl.java:register(276)) - Sink prometheus already exists!
2019-10-06 05:57:39,460 [main] INFO  server.BaseHttpServer (BaseHttpServer.java:updateConnectorAddress(215)) - HTTP server of HDDSDATANODE is listening at http://0.0.0.0:34946
2019-10-06 05:57:39,461 [main] INFO  impl.MetricsSystemImpl (MetricsSystemImpl.java:init(158)) - HddsDatanode metrics system started (again)
2019-10-06 05:57:39,464 [org.apache.hadoop.util.JvmPauseMonitor$Monitor@19a62a6e] INFO  util.JvmPauseMonitor (JvmPauseMonitor.java:run(188)) - Starting JVM pause monitor
2019-10-06 05:57:39,464 [main] INFO  ozone.HddsDatanodeService (HddsDatanodeService.java:start(184)) - HddsDatanodeService host:trunk-nightly-20191006-mzxw6-951422410 ip:192.168.164.217
2019-10-06 05:57:39,466 [Datanode State Machine Thread - 0] INFO  datanode.InitDatanodeState (InitDatanodeState.java:persistContainerDatanodeDetails(140)) - DatanodeDetails is persisted to /workdir/hadoop-ozone/integration-test/target/test-dir/MiniOzoneClusterImpl-302fbd6a-0a7c-4e79-9456-5e178ffa3b85/datanode-3/meta/datanode.id
2019-10-06 05:57:39,474 [main] INFO  volume.HddsVolume (HddsVolume.java:<init>(176)) - Creating Volume: /workdir/hadoop-ozone/integration-test/target/test-dir/MiniOzoneClusterImpl-302fbd6a-0a7c-4e79-9456-5e178ffa3b85/datanode-4/data/containers/hdds of  storage type : DISK and capacity : 1482555576320
2019-10-06 05:57:39,474 [main] INFO  volume.VolumeSet (VolumeSet.java:initializeVolumeSet(170)) - Added Volume : /workdir/hadoop-ozone/integration-test/target/test-dir/MiniOzoneClusterImpl-302fbd6a-0a7c-4e79-9456-5e178ffa3b85/datanode-4/data/containers/hdds to VolumeSet
2019-10-06 05:57:39,474 [main] INFO  volume.ThrottledAsyncChecker (ThrottledAsyncChecker.java:schedule(139)) - Scheduling a check for org.apache.hadoop.ozone.container.common.volume.HddsVolume@1e1232cf
2019-10-06 05:57:39,475 [main] INFO  volume.HddsVolumeChecker (HddsVolumeChecker.java:checkAllVolumes(202)) - Scheduled health check for volume org.apache.hadoop.ozone.container.common.volume.HddsVolume@1e1232cf
2019-10-06 05:57:39,487 [main] INFO  impl.RaftServerProxy (ConfUtils.java:logGet(43)) - raft.rpc.type = GRPC (default)
2019-10-06 05:57:39,487 [main] INFO  grpc.GrpcFactory (GrpcFactory.java:checkPooledByteBufAllocatorUseCacheForAllThreads(45)) - PERFORMANCE WARNING: useCacheForAllThreads is true that may cause Netty to create a lot garbage objects and, as a result, trigger GC.
	It is recommended to disable useCacheForAllThreads by setting -Dorg.apache.ratis.thirdparty.io.netty.allocator.useCacheForAllThreads=false in command line.
2019-10-06 05:57:39,488 [main] INFO  grpc.GrpcConfigKeys$Server (ConfUtils.java:logGet(43)) - raft.grpc.server.port = 0 (default)
2019-10-06 05:57:39,488 [main] INFO  server.GrpcService (ConfUtils.java:logGet(43)) - raft.grpc.message.size.max = 33570816 (custom)
2019-10-06 05:57:39,488 [main] INFO  server.RaftServerConfigKeys (ConfUtils.java:logGet(43)) - raft.server.log.appender.buffer.byte-limit = 33554432 (custom)
2019-10-06 05:57:39,488 [main] INFO  server.GrpcService (ConfUtils.java:logGet(43)) - raft.grpc.flow.control.window = 1MB (=1048576) (default)
2019-10-06 05:57:39,488 [main] INFO  server.RaftServerConfigKeys (ConfUtils.java:logGet(43)) - raft.server.rpc.request.timeout = 3000ms (default)
2019-10-06 05:57:39,489 [main] INFO  server.RaftServerConfigKeys (ConfUtils.java:logGet(43)) - raft.server.storage.dir = [/workdir/hadoop-ozone/integration-test/target/test-dir/MiniOzoneClusterImpl-302fbd6a-0a7c-4e79-9456-5e178ffa3b85/datanode-4/data/ratis] (custom)
2019-10-06 05:57:39,490 [main] INFO  hdfs.DFSUtil (DFSUtil.java:httpServerTemplateForNNAndJN(1641)) - Starting Web-server for hddsDatanode at: http://0.0.0.0:0
2019-10-06 05:57:39,491 [main] INFO  server.AuthenticationFilter (AuthenticationFilter.java:constructSecretProvider(240)) - Unable to initialize FileSignerSecretProvider, falling back to use random secrets.
2019-10-06 05:57:39,492 [main] WARN  http.HttpRequestLog (HttpRequestLog.java:getRequestLog(97)) - Jetty request log can only be enabled using Log4j
2019-10-06 05:57:39,493 [main] INFO  http.HttpServer2 (HttpServer2.java:addGlobalFilter(975)) - Added global filter 'safety' (class=org.apache.hadoop.http.HttpServer2$QuotingInputFilter)
2019-10-06 05:57:39,494 [main] INFO  http.HttpServer2 (HttpServer2.java:addFilter(948)) - Added filter static_user_filter (class=org.apache.hadoop.http.lib.StaticUserWebFilter$StaticUserFilter) to context hddsDatanode
2019-10-06 05:57:39,494 [main] INFO  http.HttpServer2 (HttpServer2.java:addFilter(958)) - Added filter static_user_filter (class=org.apache.hadoop.http.lib.StaticUserWebFilter$StaticUserFilter) to context static
2019-10-06 05:57:39,494 [main] INFO  http.HttpServer2 (HttpServer2.java:addFilter(958)) - Added filter static_user_filter (class=org.apache.hadoop.http.lib.StaticUserWebFilter$StaticUserFilter) to context logs
2019-10-06 05:57:39,494 [main] INFO  http.HttpServer2 (HttpServer2.java:bindListener(1191)) - Jetty bound to port 40484
2019-10-06 05:57:39,495 [main] INFO  server.Server (Server.java:doStart(351)) - jetty-9.3.25.v20180904, build timestamp: 2018-09-04T21:11:46Z, git hash: 3ce520221d0240229c862b122d2b06c12a625732
2019-10-06 05:57:39,496 [main] INFO  handler.ContextHandler (ContextHandler.java:doStart(781)) - Started o.e.j.s.ServletContextHandler@67e0ff3a{/logs,file:///workdir/hadoop-ozone/integration-test/target/log,AVAILABLE}
2019-10-06 05:57:39,497 [main] INFO  handler.ContextHandler (ContextHandler.java:doStart(781)) - Started o.e.j.s.ServletContextHandler@6fe595dc{/static,jar:file:/home/user/.m2/repository/org/apache/hadoop/hadoop-hdds-container-service/0.5.0-SNAPSHOT/hadoop-hdds-container-service-0.5.0-SNAPSHOT.jar!/webapps/static,AVAILABLE}
2019-10-06 05:57:39,525 [main] INFO  handler.ContextHandler (ContextHandler.java:doStart(781)) - Started o.e.j.w.WebAppContext@575cabf0{/,file:///tmp/jetty-0.0.0.0-40484-hddsDatanode-_-any-5514839010594654654.dir/webapp/,AVAILABLE}{/hddsDatanode}
2019-10-06 05:57:39,525 [main] INFO  server.AbstractConnector (AbstractConnector.java:doStart(278)) - Started ServerConnector@433d9680{HTTP/1.1,[http/1.1]}{0.0.0.0:40484}
2019-10-06 05:57:39,527 [main] INFO  server.Server (Server.java:doStart(419)) - Started @127109ms
2019-10-06 05:57:39,527 [main] WARN  impl.MetricsSystemImpl (MetricsSystemImpl.java:register(276)) - Sink prometheus already exists!
2019-10-06 05:57:39,527 [main] INFO  server.BaseHttpServer (BaseHttpServer.java:updateConnectorAddress(215)) - HTTP server of HDDSDATANODE is listening at http://0.0.0.0:40484
2019-10-06 05:57:39,528 [main] INFO  impl.MetricsSystemImpl (MetricsSystemImpl.java:init(158)) - HddsDatanode metrics system started (again)
2019-10-06 05:57:39,531 [org.apache.hadoop.util.JvmPauseMonitor$Monitor@684c3f3d] INFO  util.JvmPauseMonitor (JvmPauseMonitor.java:run(188)) - Starting JVM pause monitor
2019-10-06 05:57:39,532 [main] INFO  ozone.HddsDatanodeService (HddsDatanodeService.java:start(184)) - HddsDatanodeService host:trunk-nightly-20191006-mzxw6-951422410 ip:192.168.164.217
2019-10-06 05:57:39,533 [Datanode State Machine Thread - 0] INFO  datanode.InitDatanodeState (InitDatanodeState.java:persistContainerDatanodeDetails(140)) - DatanodeDetails is persisted to /workdir/hadoop-ozone/integration-test/target/test-dir/MiniOzoneClusterImpl-302fbd6a-0a7c-4e79-9456-5e178ffa3b85/datanode-4/meta/datanode.id
2019-10-06 05:57:39,538 [main] INFO  volume.HddsVolume (HddsVolume.java:<init>(176)) - Creating Volume: /workdir/hadoop-ozone/integration-test/target/test-dir/MiniOzoneClusterImpl-302fbd6a-0a7c-4e79-9456-5e178ffa3b85/datanode-5/data/containers/hdds of  storage type : DISK and capacity : 1482555576320
2019-10-06 05:57:39,538 [main] INFO  volume.VolumeSet (VolumeSet.java:initializeVolumeSet(170)) - Added Volume : /workdir/hadoop-ozone/integration-test/target/test-dir/MiniOzoneClusterImpl-302fbd6a-0a7c-4e79-9456-5e178ffa3b85/datanode-5/data/containers/hdds to VolumeSet
2019-10-06 05:57:39,538 [main] INFO  volume.ThrottledAsyncChecker (ThrottledAsyncChecker.java:schedule(139)) - Scheduling a check for org.apache.hadoop.ozone.container.common.volume.HddsVolume@159424e2
2019-10-06 05:57:39,539 [main] INFO  volume.HddsVolumeChecker (HddsVolumeChecker.java:checkAllVolumes(202)) - Scheduled health check for volume org.apache.hadoop.ozone.container.common.volume.HddsVolume@159424e2
2019-10-06 05:57:39,551 [main] INFO  impl.RaftServerProxy (ConfUtils.java:logGet(43)) - raft.rpc.type = GRPC (default)
2019-10-06 05:57:39,552 [main] INFO  grpc.GrpcFactory (GrpcFactory.java:checkPooledByteBufAllocatorUseCacheForAllThreads(45)) - PERFORMANCE WARNING: useCacheForAllThreads is true that may cause Netty to create a lot garbage objects and, as a result, trigger GC.
	It is recommended to disable useCacheForAllThreads by setting -Dorg.apache.ratis.thirdparty.io.netty.allocator.useCacheForAllThreads=false in command line.
2019-10-06 05:57:39,552 [main] INFO  grpc.GrpcConfigKeys$Server (ConfUtils.java:logGet(43)) - raft.grpc.server.port = 0 (default)
2019-10-06 05:57:39,552 [main] INFO  server.GrpcService (ConfUtils.java:logGet(43)) - raft.grpc.message.size.max = 33570816 (custom)
2019-10-06 05:57:39,552 [main] INFO  server.RaftServerConfigKeys (ConfUtils.java:logGet(43)) - raft.server.log.appender.buffer.byte-limit = 33554432 (custom)
2019-10-06 05:57:39,552 [main] INFO  server.GrpcService (ConfUtils.java:logGet(43)) - raft.grpc.flow.control.window = 1MB (=1048576) (default)
2019-10-06 05:57:39,553 [main] INFO  server.RaftServerConfigKeys (ConfUtils.java:logGet(43)) - raft.server.rpc.request.timeout = 3000ms (default)
2019-10-06 05:57:39,553 [main] INFO  server.RaftServerConfigKeys (ConfUtils.java:logGet(43)) - raft.server.storage.dir = [/workdir/hadoop-ozone/integration-test/target/test-dir/MiniOzoneClusterImpl-302fbd6a-0a7c-4e79-9456-5e178ffa3b85/datanode-5/data/ratis] (custom)
2019-10-06 05:57:39,554 [main] INFO  hdfs.DFSUtil (DFSUtil.java:httpServerTemplateForNNAndJN(1641)) - Starting Web-server for hddsDatanode at: http://0.0.0.0:0
2019-10-06 05:57:39,555 [main] INFO  server.AuthenticationFilter (AuthenticationFilter.java:constructSecretProvider(240)) - Unable to initialize FileSignerSecretProvider, falling back to use random secrets.
2019-10-06 05:57:39,556 [main] WARN  http.HttpRequestLog (HttpRequestLog.java:getRequestLog(97)) - Jetty request log can only be enabled using Log4j
2019-10-06 05:57:39,557 [main] INFO  http.HttpServer2 (HttpServer2.java:addGlobalFilter(975)) - Added global filter 'safety' (class=org.apache.hadoop.http.HttpServer2$QuotingInputFilter)
2019-10-06 05:57:39,557 [main] INFO  http.HttpServer2 (HttpServer2.java:addFilter(948)) - Added filter static_user_filter (class=org.apache.hadoop.http.lib.StaticUserWebFilter$StaticUserFilter) to context hddsDatanode
2019-10-06 05:57:39,558 [main] INFO  http.HttpServer2 (HttpServer2.java:addFilter(958)) - Added filter static_user_filter (class=org.apache.hadoop.http.lib.StaticUserWebFilter$StaticUserFilter) to context logs
2019-10-06 05:57:39,558 [main] INFO  http.HttpServer2 (HttpServer2.java:addFilter(958)) - Added filter static_user_filter (class=org.apache.hadoop.http.lib.StaticUserWebFilter$StaticUserFilter) to context static
2019-10-06 05:57:39,558 [main] INFO  http.HttpServer2 (HttpServer2.java:bindListener(1191)) - Jetty bound to port 43908
2019-10-06 05:57:39,559 [main] INFO  server.Server (Server.java:doStart(351)) - jetty-9.3.25.v20180904, build timestamp: 2018-09-04T21:11:46Z, git hash: 3ce520221d0240229c862b122d2b06c12a625732
2019-10-06 05:57:39,560 [main] INFO  handler.ContextHandler (ContextHandler.java:doStart(781)) - Started o.e.j.s.ServletContextHandler@18b6d3c1{/logs,file:///workdir/hadoop-ozone/integration-test/target/log,AVAILABLE}
2019-10-06 05:57:39,561 [main] INFO  handler.ContextHandler (ContextHandler.java:doStart(781)) - Started o.e.j.s.ServletContextHandler@3fe512d2{/static,jar:file:/home/user/.m2/repository/org/apache/hadoop/hadoop-hdds-container-service/0.5.0-SNAPSHOT/hadoop-hdds-container-service-0.5.0-SNAPSHOT.jar!/webapps/static,AVAILABLE}
2019-10-06 05:57:39,589 [main] INFO  handler.ContextHandler (ContextHandler.java:doStart(781)) - Started o.e.j.w.WebAppContext@33d60b7e{/,file:///tmp/jetty-0.0.0.0-43908-hddsDatanode-_-any-2230350332131101368.dir/webapp/,AVAILABLE}{/hddsDatanode}
2019-10-06 05:57:39,590 [main] INFO  server.AbstractConnector (AbstractConnector.java:doStart(278)) - Started ServerConnector@1fecfaea{HTTP/1.1,[http/1.1]}{0.0.0.0:43908}
2019-10-06 05:57:39,592 [main] INFO  server.Server (Server.java:doStart(419)) - Started @127174ms
2019-10-06 05:57:39,592 [main] WARN  impl.MetricsSystemImpl (MetricsSystemImpl.java:register(276)) - Sink prometheus already exists!
2019-10-06 05:57:39,593 [main] INFO  server.BaseHttpServer (BaseHttpServer.java:updateConnectorAddress(215)) - HTTP server of HDDSDATANODE is listening at http://0.0.0.0:43908
2019-10-06 05:57:39,593 [main] INFO  impl.MetricsSystemImpl (MetricsSystemImpl.java:init(158)) - HddsDatanode metrics system started (again)
2019-10-06 05:57:39,597 [org.apache.hadoop.util.JvmPauseMonitor$Monitor@2b537158] INFO  util.JvmPauseMonitor (JvmPauseMonitor.java:run(188)) - Starting JVM pause monitor
2019-10-06 05:57:39,597 [main] INFO  ozone.HddsDatanodeService (HddsDatanodeService.java:start(184)) - HddsDatanodeService host:trunk-nightly-20191006-mzxw6-951422410 ip:192.168.164.217
2019-10-06 05:57:39,598 [Datanode State Machine Thread - 0] INFO  datanode.InitDatanodeState (InitDatanodeState.java:persistContainerDatanodeDetails(140)) - DatanodeDetails is persisted to /workdir/hadoop-ozone/integration-test/target/test-dir/MiniOzoneClusterImpl-302fbd6a-0a7c-4e79-9456-5e178ffa3b85/datanode-5/meta/datanode.id
2019-10-06 05:57:39,604 [main] INFO  volume.HddsVolume (HddsVolume.java:<init>(176)) - Creating Volume: /workdir/hadoop-ozone/integration-test/target/test-dir/MiniOzoneClusterImpl-302fbd6a-0a7c-4e79-9456-5e178ffa3b85/datanode-6/data/containers/hdds of  storage type : DISK and capacity : 1482555576320
2019-10-06 05:57:39,605 [main] INFO  volume.VolumeSet (VolumeSet.java:initializeVolumeSet(170)) - Added Volume : /workdir/hadoop-ozone/integration-test/target/test-dir/MiniOzoneClusterImpl-302fbd6a-0a7c-4e79-9456-5e178ffa3b85/datanode-6/data/containers/hdds to VolumeSet
2019-10-06 05:57:39,605 [main] INFO  volume.ThrottledAsyncChecker (ThrottledAsyncChecker.java:schedule(139)) - Scheduling a check for org.apache.hadoop.ozone.container.common.volume.HddsVolume@4aeb0e2b
2019-10-06 05:57:39,605 [main] INFO  volume.HddsVolumeChecker (HddsVolumeChecker.java:checkAllVolumes(202)) - Scheduled health check for volume org.apache.hadoop.ozone.container.common.volume.HddsVolume@4aeb0e2b
2019-10-06 05:57:39,618 [main] INFO  impl.RaftServerProxy (ConfUtils.java:logGet(43)) - raft.rpc.type = GRPC (default)
2019-10-06 05:57:39,618 [main] INFO  grpc.GrpcFactory (GrpcFactory.java:checkPooledByteBufAllocatorUseCacheForAllThreads(45)) - PERFORMANCE WARNING: useCacheForAllThreads is true that may cause Netty to create a lot garbage objects and, as a result, trigger GC.
	It is recommended to disable useCacheForAllThreads by setting -Dorg.apache.ratis.thirdparty.io.netty.allocator.useCacheForAllThreads=false in command line.
2019-10-06 05:57:39,618 [main] INFO  grpc.GrpcConfigKeys$Server (ConfUtils.java:logGet(43)) - raft.grpc.server.port = 0 (default)
2019-10-06 05:57:39,619 [main] INFO  server.GrpcService (ConfUtils.java:logGet(43)) - raft.grpc.message.size.max = 33570816 (custom)
2019-10-06 05:57:39,619 [main] INFO  server.RaftServerConfigKeys (ConfUtils.java:logGet(43)) - raft.server.log.appender.buffer.byte-limit = 33554432 (custom)
2019-10-06 05:57:39,619 [main] INFO  server.GrpcService (ConfUtils.java:logGet(43)) - raft.grpc.flow.control.window = 1MB (=1048576) (default)
2019-10-06 05:57:39,619 [main] INFO  server.RaftServerConfigKeys (ConfUtils.java:logGet(43)) - raft.server.rpc.request.timeout = 3000ms (default)
2019-10-06 05:57:39,620 [main] INFO  server.RaftServerConfigKeys (ConfUtils.java:logGet(43)) - raft.server.storage.dir = [/workdir/hadoop-ozone/integration-test/target/test-dir/MiniOzoneClusterImpl-302fbd6a-0a7c-4e79-9456-5e178ffa3b85/datanode-6/data/ratis] (custom)
2019-10-06 05:57:39,621 [main] INFO  hdfs.DFSUtil (DFSUtil.java:httpServerTemplateForNNAndJN(1641)) - Starting Web-server for hddsDatanode at: http://0.0.0.0:0
2019-10-06 05:57:39,622 [main] INFO  server.AuthenticationFilter (AuthenticationFilter.java:constructSecretProvider(240)) - Unable to initialize FileSignerSecretProvider, falling back to use random secrets.
2019-10-06 05:57:39,622 [main] WARN  http.HttpRequestLog (HttpRequestLog.java:getRequestLog(97)) - Jetty request log can only be enabled using Log4j
2019-10-06 05:57:39,624 [main] INFO  http.HttpServer2 (HttpServer2.java:addGlobalFilter(975)) - Added global filter 'safety' (class=org.apache.hadoop.http.HttpServer2$QuotingInputFilter)
2019-10-06 05:57:39,624 [main] INFO  http.HttpServer2 (HttpServer2.java:addFilter(948)) - Added filter static_user_filter (class=org.apache.hadoop.http.lib.StaticUserWebFilter$StaticUserFilter) to context hddsDatanode
2019-10-06 05:57:39,624 [main] INFO  http.HttpServer2 (HttpServer2.java:addFilter(958)) - Added filter static_user_filter (class=org.apache.hadoop.http.lib.StaticUserWebFilter$StaticUserFilter) to context static
2019-10-06 05:57:39,624 [main] INFO  http.HttpServer2 (HttpServer2.java:addFilter(958)) - Added filter static_user_filter (class=org.apache.hadoop.http.lib.StaticUserWebFilter$StaticUserFilter) to context logs
2019-10-06 05:57:39,625 [main] INFO  http.HttpServer2 (HttpServer2.java:bindListener(1191)) - Jetty bound to port 46489
2019-10-06 05:57:39,625 [main] INFO  server.Server (Server.java:doStart(351)) - jetty-9.3.25.v20180904, build timestamp: 2018-09-04T21:11:46Z, git hash: 3ce520221d0240229c862b122d2b06c12a625732
2019-10-06 05:57:39,627 [main] INFO  handler.ContextHandler (ContextHandler.java:doStart(781)) - Started o.e.j.s.ServletContextHandler@5809fa26{/logs,file:///workdir/hadoop-ozone/integration-test/target/log,AVAILABLE}
2019-10-06 05:57:39,627 [main] INFO  handler.ContextHandler (ContextHandler.java:doStart(781)) - Started o.e.j.s.ServletContextHandler@23468512{/static,jar:file:/home/user/.m2/repository/org/apache/hadoop/hadoop-hdds-container-service/0.5.0-SNAPSHOT/hadoop-hdds-container-service-0.5.0-SNAPSHOT.jar!/webapps/static,AVAILABLE}
2019-10-06 05:57:39,655 [main] INFO  handler.ContextHandler (ContextHandler.java:doStart(781)) - Started o.e.j.w.WebAppContext@3e046e39{/,file:///tmp/jetty-0.0.0.0-46489-hddsDatanode-_-any-8507027073475577586.dir/webapp/,AVAILABLE}{/hddsDatanode}
2019-10-06 05:57:39,656 [main] INFO  server.AbstractConnector (AbstractConnector.java:doStart(278)) - Started ServerConnector@61cda923{HTTP/1.1,[http/1.1]}{0.0.0.0:46489}
2019-10-06 05:57:39,658 [main] INFO  server.Server (Server.java:doStart(419)) - Started @127240ms
2019-10-06 05:57:39,658 [main] WARN  impl.MetricsSystemImpl (MetricsSystemImpl.java:register(276)) - Sink prometheus already exists!
2019-10-06 05:57:39,658 [main] INFO  server.BaseHttpServer (BaseHttpServer.java:updateConnectorAddress(215)) - HTTP server of HDDSDATANODE is listening at http://0.0.0.0:46489
2019-10-06 05:57:39,659 [main] INFO  ozone.MiniOzoneClusterImpl (MiniOzoneClusterImpl.java:lambda$waitForClusterToBeReady$0(147)) - Waiting for cluster to be ready. Got 0 of 7 DN Heartbeats.
2019-10-06 05:57:39,660 [org.apache.hadoop.util.JvmPauseMonitor$Monitor@1da709] INFO  util.JvmPauseMonitor (JvmPauseMonitor.java:run(188)) - Starting JVM pause monitor
2019-10-06 05:57:39,662 [Datanode State Machine Thread - 0] INFO  datanode.InitDatanodeState (InitDatanodeState.java:persistContainerDatanodeDetails(140)) - DatanodeDetails is persisted to /workdir/hadoop-ozone/integration-test/target/test-dir/MiniOzoneClusterImpl-302fbd6a-0a7c-4e79-9456-5e178ffa3b85/datanode-6/meta/datanode.id
2019-10-06 05:57:40,659 [main] INFO  ozone.MiniOzoneClusterImpl (MiniOzoneClusterImpl.java:lambda$waitForClusterToBeReady$0(147)) - Waiting for cluster to be ready. Got 0 of 7 DN Heartbeats.
2019-10-06 05:57:41,293 [Datanode State Machine Thread - 0] INFO  ozoneimpl.OzoneContainer (OzoneContainer.java:start(217)) - Attempting to start container services.
2019-10-06 05:57:41,293 [Datanode State Machine Thread - 0] INFO  ozoneimpl.OzoneContainer (OzoneContainer.java:startContainerScrub(179)) - Background container scanner has been disabled.
2019-10-06 05:57:41,293 [Datanode State Machine Thread - 0] INFO  ratis.XceiverServerRatis (XceiverServerRatis.java:start(417)) - Starting XceiverServerRatis 3e9c116c-e13a-4d69-bdab-06bfa97df644 at port 0
2019-10-06 05:57:41,300 [Datanode State Machine Thread - 0] INFO  impl.RaftServerProxy (RaftServerProxy.java:lambda$start$3(299)) - 3e9c116c-e13a-4d69-bdab-06bfa97df644: start RPC server
2019-10-06 05:57:41,303 [Datanode State Machine Thread - 0] INFO  server.GrpcService (GrpcService.java:startImpl(158)) - 3e9c116c-e13a-4d69-bdab-06bfa97df644: GrpcService started, listening on 0.0.0.0/0.0.0.0:39233
2019-10-06 05:57:41,303 [Datanode State Machine Thread - 0] INFO  ratis.XceiverServerRatis (XceiverServerRatis.java:start(427)) - XceiverServerRatis 3e9c116c-e13a-4d69-bdab-06bfa97df644 is started using port 39233
2019-10-06 05:57:41,303 [Datanode State Machine Thread - 0] INFO  server.XceiverServerGrpc (XceiverServerGrpc.java:start(149)) - XceiverServerGrpc 3e9c116c-e13a-4d69-bdab-06bfa97df644 is started using port 37222
2019-10-06 05:57:41,357 [Datanode State Machine Thread - 0] INFO  ozoneimpl.OzoneContainer (OzoneContainer.java:start(217)) - Attempting to start container services.
2019-10-06 05:57:41,359 [Datanode State Machine Thread - 0] INFO  ozoneimpl.OzoneContainer (OzoneContainer.java:startContainerScrub(179)) - Background container scanner has been disabled.
2019-10-06 05:57:41,359 [Datanode State Machine Thread - 0] INFO  ratis.XceiverServerRatis (XceiverServerRatis.java:start(417)) - Starting XceiverServerRatis 58960bb6-1791-4bb0-9c36-a998f9195181 at port 0
2019-10-06 05:57:41,366 [Datanode State Machine Thread - 0] INFO  impl.RaftServerProxy (RaftServerProxy.java:lambda$start$3(299)) - 58960bb6-1791-4bb0-9c36-a998f9195181: start RPC server
2019-10-06 05:57:41,369 [Datanode State Machine Thread - 0] INFO  server.GrpcService (GrpcService.java:startImpl(158)) - 58960bb6-1791-4bb0-9c36-a998f9195181: GrpcService started, listening on 0.0.0.0/0.0.0.0:45542
2019-10-06 05:57:41,369 [Datanode State Machine Thread - 0] INFO  ratis.XceiverServerRatis (XceiverServerRatis.java:start(427)) - XceiverServerRatis 58960bb6-1791-4bb0-9c36-a998f9195181 is started using port 45542
2019-10-06 05:57:41,369 [Datanode State Machine Thread - 0] INFO  server.XceiverServerGrpc (XceiverServerGrpc.java:start(149)) - XceiverServerGrpc 58960bb6-1791-4bb0-9c36-a998f9195181 is started using port 40154
2019-10-06 05:57:41,415 [Datanode State Machine Thread - 0] INFO  ozoneimpl.OzoneContainer (OzoneContainer.java:start(217)) - Attempting to start container services.
2019-10-06 05:57:41,415 [Datanode State Machine Thread - 0] INFO  ozoneimpl.OzoneContainer (OzoneContainer.java:startContainerScrub(179)) - Background container scanner has been disabled.
2019-10-06 05:57:41,416 [Datanode State Machine Thread - 0] INFO  ratis.XceiverServerRatis (XceiverServerRatis.java:start(417)) - Starting XceiverServerRatis c2fbd6fe-546b-4c5d-8829-05959505a398 at port 0
2019-10-06 05:57:41,421 [Datanode State Machine Thread - 0] INFO  impl.RaftServerProxy (RaftServerProxy.java:lambda$start$3(299)) - c2fbd6fe-546b-4c5d-8829-05959505a398: start RPC server
2019-10-06 05:57:41,424 [Datanode State Machine Thread - 0] INFO  server.GrpcService (GrpcService.java:startImpl(158)) - c2fbd6fe-546b-4c5d-8829-05959505a398: GrpcService started, listening on 0.0.0.0/0.0.0.0:37082
2019-10-06 05:57:41,424 [Datanode State Machine Thread - 0] INFO  ratis.XceiverServerRatis (XceiverServerRatis.java:start(427)) - XceiverServerRatis c2fbd6fe-546b-4c5d-8829-05959505a398 is started using port 37082
2019-10-06 05:57:41,424 [Datanode State Machine Thread - 0] INFO  server.XceiverServerGrpc (XceiverServerGrpc.java:start(149)) - XceiverServerGrpc c2fbd6fe-546b-4c5d-8829-05959505a398 is started using port 44693
2019-10-06 05:57:41,478 [Datanode State Machine Thread - 0] INFO  ozoneimpl.OzoneContainer (OzoneContainer.java:start(217)) - Attempting to start container services.
2019-10-06 05:57:41,478 [Datanode State Machine Thread - 0] INFO  ozoneimpl.OzoneContainer (OzoneContainer.java:startContainerScrub(179)) - Background container scanner has been disabled.
2019-10-06 05:57:41,478 [Datanode State Machine Thread - 0] INFO  ratis.XceiverServerRatis (XceiverServerRatis.java:start(417)) - Starting XceiverServerRatis f92d2d06-16ca-476c-af7f-960d805fe056 at port 0
2019-10-06 05:57:41,485 [Datanode State Machine Thread - 0] INFO  impl.RaftServerProxy (RaftServerProxy.java:lambda$start$3(299)) - f92d2d06-16ca-476c-af7f-960d805fe056: start RPC server
2019-10-06 05:57:41,486 [Datanode State Machine Thread - 0] INFO  server.GrpcService (GrpcService.java:startImpl(158)) - f92d2d06-16ca-476c-af7f-960d805fe056: GrpcService started, listening on 0.0.0.0/0.0.0.0:42158
2019-10-06 05:57:41,486 [Datanode State Machine Thread - 0] INFO  ratis.XceiverServerRatis (XceiverServerRatis.java:start(427)) - XceiverServerRatis f92d2d06-16ca-476c-af7f-960d805fe056 is started using port 42158
2019-10-06 05:57:41,486 [Datanode State Machine Thread - 0] INFO  server.XceiverServerGrpc (XceiverServerGrpc.java:start(149)) - XceiverServerGrpc f92d2d06-16ca-476c-af7f-960d805fe056 is started using port 41614
2019-10-06 05:57:41,545 [Datanode State Machine Thread - 0] INFO  ozoneimpl.OzoneContainer (OzoneContainer.java:start(217)) - Attempting to start container services.
2019-10-06 05:57:41,546 [Datanode State Machine Thread - 0] INFO  ozoneimpl.OzoneContainer (OzoneContainer.java:startContainerScrub(179)) - Background container scanner has been disabled.
2019-10-06 05:57:41,546 [Datanode State Machine Thread - 0] INFO  ratis.XceiverServerRatis (XceiverServerRatis.java:start(417)) - Starting XceiverServerRatis f2452b49-01e5-4276-a6f4-22abb7003ab4 at port 0
2019-10-06 05:57:41,553 [Datanode State Machine Thread - 0] INFO  impl.RaftServerProxy (RaftServerProxy.java:lambda$start$3(299)) - f2452b49-01e5-4276-a6f4-22abb7003ab4: start RPC server
2019-10-06 05:57:41,556 [Datanode State Machine Thread - 0] INFO  server.GrpcService (GrpcService.java:startImpl(158)) - f2452b49-01e5-4276-a6f4-22abb7003ab4: GrpcService started, listening on 0.0.0.0/0.0.0.0:36281
2019-10-06 05:57:41,556 [Datanode State Machine Thread - 0] INFO  ratis.XceiverServerRatis (XceiverServerRatis.java:start(427)) - XceiverServerRatis f2452b49-01e5-4276-a6f4-22abb7003ab4 is started using port 36281
2019-10-06 05:57:41,557 [Datanode State Machine Thread - 0] INFO  server.XceiverServerGrpc (XceiverServerGrpc.java:start(149)) - XceiverServerGrpc f2452b49-01e5-4276-a6f4-22abb7003ab4 is started using port 46215
2019-10-06 05:57:41,614 [Datanode State Machine Thread - 0] INFO  ozoneimpl.OzoneContainer (OzoneContainer.java:start(217)) - Attempting to start container services.
2019-10-06 05:57:41,614 [Datanode State Machine Thread - 0] INFO  ozoneimpl.OzoneContainer (OzoneContainer.java:startContainerScrub(179)) - Background container scanner has been disabled.
2019-10-06 05:57:41,615 [Datanode State Machine Thread - 0] INFO  ratis.XceiverServerRatis (XceiverServerRatis.java:start(417)) - Starting XceiverServerRatis 93b28853-314b-4cca-996b-58706c8865a9 at port 0
2019-10-06 05:57:41,623 [Datanode State Machine Thread - 0] INFO  impl.RaftServerProxy (RaftServerProxy.java:lambda$start$3(299)) - 93b28853-314b-4cca-996b-58706c8865a9: start RPC server
2019-10-06 05:57:41,625 [Datanode State Machine Thread - 0] INFO  server.GrpcService (GrpcService.java:startImpl(158)) - 93b28853-314b-4cca-996b-58706c8865a9: GrpcService started, listening on 0.0.0.0/0.0.0.0:39115
2019-10-06 05:57:41,625 [Datanode State Machine Thread - 0] INFO  ratis.XceiverServerRatis (XceiverServerRatis.java:start(427)) - XceiverServerRatis 93b28853-314b-4cca-996b-58706c8865a9 is started using port 39115
2019-10-06 05:57:41,626 [Datanode State Machine Thread - 0] INFO  server.XceiverServerGrpc (XceiverServerGrpc.java:start(149)) - XceiverServerGrpc 93b28853-314b-4cca-996b-58706c8865a9 is started using port 37576
2019-10-06 05:57:41,660 [main] INFO  ozone.MiniOzoneClusterImpl (MiniOzoneClusterImpl.java:lambda$waitForClusterToBeReady$0(147)) - Waiting for cluster to be ready. Got 0 of 7 DN Heartbeats.
2019-10-06 05:57:41,675 [Datanode State Machine Thread - 0] INFO  ozoneimpl.OzoneContainer (OzoneContainer.java:start(217)) - Attempting to start container services.
2019-10-06 05:57:41,675 [Datanode State Machine Thread - 0] INFO  ozoneimpl.OzoneContainer (OzoneContainer.java:startContainerScrub(179)) - Background container scanner has been disabled.
2019-10-06 05:57:41,675 [Datanode State Machine Thread - 0] INFO  ratis.XceiverServerRatis (XceiverServerRatis.java:start(417)) - Starting XceiverServerRatis e9442dbb-ac44-4013-9e4d-46822cde08e6 at port 0
2019-10-06 05:57:41,683 [Datanode State Machine Thread - 0] INFO  impl.RaftServerProxy (RaftServerProxy.java:lambda$start$3(299)) - e9442dbb-ac44-4013-9e4d-46822cde08e6: start RPC server
2019-10-06 05:57:41,684 [Datanode State Machine Thread - 0] INFO  server.GrpcService (GrpcService.java:startImpl(158)) - e9442dbb-ac44-4013-9e4d-46822cde08e6: GrpcService started, listening on 0.0.0.0/0.0.0.0:43213
2019-10-06 05:57:41,684 [Datanode State Machine Thread - 0] INFO  ratis.XceiverServerRatis (XceiverServerRatis.java:start(427)) - XceiverServerRatis e9442dbb-ac44-4013-9e4d-46822cde08e6 is started using port 43213
2019-10-06 05:57:41,685 [Datanode State Machine Thread - 0] INFO  server.XceiverServerGrpc (XceiverServerGrpc.java:start(149)) - XceiverServerGrpc e9442dbb-ac44-4013-9e4d-46822cde08e6 is started using port 34388
2019-10-06 05:57:42,661 [main] INFO  ozone.MiniOzoneClusterImpl (MiniOzoneClusterImpl.java:lambda$waitForClusterToBeReady$0(147)) - Waiting for cluster to be ready. Got 0 of 7 DN Heartbeats.
2019-10-06 05:57:43,280 [IPC Server handler 1 on 39569] INFO  net.NetworkTopology (NetworkTopologyImpl.java:add(111)) - Added a new node: /default-rack/3e9c116c-e13a-4d69-bdab-06bfa97df644
2019-10-06 05:57:43,283 [IPC Server handler 1 on 39569] INFO  node.SCMNodeManager (SCMNodeManager.java:register(268)) - Registered Data node : 3e9c116c-e13a-4d69-bdab-06bfa97df644{ip: 192.168.164.217, host: trunk-nightly-20191006-mzxw6-951422410, networkLocation: /default-rack, certSerialId: null}
2019-10-06 05:57:43,284 [EventQueue-NodeRegistrationContainerReportForDataNodeSafeModeRule] INFO  safemode.SCMSafeModeManager (DataNodeSafeModeRule.java:process(71)) - SCM in safe mode. 1 DataNodes registered, 1 required.
2019-10-06 05:57:43,287 [EventQueue-NodeRegistrationContainerReportForDataNodeSafeModeRule] INFO  safemode.SCMSafeModeManager (SCMSafeModeManager.java:validateSafeModeExitRules(177)) - ScmSafeModeManager, all rules are successfully validated
2019-10-06 05:57:43,287 [EventQueue-NodeRegistrationContainerReportForDataNodeSafeModeRule] INFO  safemode.SCMSafeModeManager (SCMSafeModeManager.java:exitSafeMode(193)) - SCM exiting safe mode.
2019-10-06 05:57:43,301 [grpc-default-executor-4] INFO  impl.RaftServerProxy (RaftServerProxy.java:addNew(89)) - 3e9c116c-e13a-4d69-bdab-06bfa97df644: addNew group-23BD21ECA12F:[3e9c116c-e13a-4d69-bdab-06bfa97df644:192.168.164.217:39233] returns group-23BD21ECA12F:java.util.concurrent.CompletableFuture@1c3cc571[Not completed]
2019-10-06 05:57:43,305 [pool-207-thread-1] INFO  impl.RaftServerImpl (RaftServerImpl.java:<init>(95)) - 3e9c116c-e13a-4d69-bdab-06bfa97df644: new RaftServerImpl for group-23BD21ECA12F:[3e9c116c-e13a-4d69-bdab-06bfa97df644:192.168.164.217:39233] with ContainerStateMachine:uninitialized
2019-10-06 05:57:43,305 [pool-207-thread-1] INFO  server.RaftServerConfigKeys (ConfUtils.java:logGet(43)) - raft.server.rpc.timeout.min = 5s (custom)
2019-10-06 05:57:43,306 [pool-207-thread-1] INFO  server.RaftServerConfigKeys (ConfUtils.java:logGet(43)) - raft.server.rpc.timeout.max = 5200ms (custom)
2019-10-06 05:57:43,306 [pool-207-thread-1] INFO  server.RaftServerConfigKeys (ConfUtils.java:logGet(43)) - raft.server.rpcslowness.timeout = 120s (custom)
2019-10-06 05:57:43,306 [pool-207-thread-1] INFO  server.RaftServerConfigKeys (ConfUtils.java:logGet(43)) - raft.server.sleep.deviation.threshold = 300 (default)
2019-10-06 05:57:43,306 [pool-207-thread-1] INFO  server.RaftServerConfigKeys (ConfUtils.java:logGet(43)) - raft.server.log.appender.install.snapshot.enabled = false (custom)
2019-10-06 05:57:43,306 [pool-207-thread-1] INFO  impl.RaftServerImpl (ServerState.java:<init>(103)) - 3e9c116c-e13a-4d69-bdab-06bfa97df644@group-23BD21ECA12F: ConfigurationManager, init=-1: [3e9c116c-e13a-4d69-bdab-06bfa97df644:192.168.164.217:39233], old=null, confs=<EMPTY_MAP>
2019-10-06 05:57:43,307 [pool-207-thread-1] INFO  server.RaftServerConfigKeys (ConfUtils.java:logGet(43)) - raft.server.storage.dir = [/workdir/hadoop-ozone/integration-test/target/test-dir/MiniOzoneClusterImpl-302fbd6a-0a7c-4e79-9456-5e178ffa3b85/datanode-0/data/ratis] (custom)
2019-10-06 05:57:43,307 [pool-207-thread-1] INFO  server.RaftServerConfigKeys (ConfUtils.java:logGet(43)) - raft.server.log.corruption.policy = EXCEPTION (default)
2019-10-06 05:57:43,308 [pool-207-thread-1] INFO  storage.RaftStorageDirectory (RaftStorageDirectory.java:analyzeStorage(246)) - The storage directory /workdir/hadoop-ozone/integration-test/target/test-dir/MiniOzoneClusterImpl-302fbd6a-0a7c-4e79-9456-5e178ffa3b85/datanode-0/data/ratis/e7c6e322-6198-4b57-b688-23bd21eca12f does not exist. Creating ...
2019-10-06 05:57:43,322 [pool-207-thread-1] INFO  storage.RaftStorageDirectory (RaftStorageDirectory.java:tryLock(328)) - Lock on /workdir/hadoop-ozone/integration-test/target/test-dir/MiniOzoneClusterImpl-302fbd6a-0a7c-4e79-9456-5e178ffa3b85/datanode-0/data/ratis/e7c6e322-6198-4b57-b688-23bd21eca12f/in_use.lock acquired by nodename 10974@trunk-nightly-20191006-mzxw6-951422410
2019-10-06 05:57:43,336 [pool-207-thread-1] INFO  storage.RaftStorage (RaftStorage.java:format(84)) - Storage directory /workdir/hadoop-ozone/integration-test/target/test-dir/MiniOzoneClusterImpl-302fbd6a-0a7c-4e79-9456-5e178ffa3b85/datanode-0/data/ratis/e7c6e322-6198-4b57-b688-23bd21eca12f has been successfully formatted.
2019-10-06 05:57:43,337 [pool-207-thread-1] INFO  ratis.ContainerStateMachine (ContainerStateMachine.java:loadSnapshot(230)) - group-23BD21ECA12F: The snapshot info is null. Setting the last applied indexto:(t:0, i:~)
2019-10-06 05:57:43,337 [pool-207-thread-1] INFO  server.RaftServerConfigKeys (ConfUtils.java:logGet(43)) - raft.server.notification.no-leader.timeout = 120s (custom)
2019-10-06 05:57:43,337 [pool-207-thread-1] INFO  server.RaftServerConfigKeys (ConfUtils.java:logGet(43)) - raft.server.log.use.memory = false (default)
2019-10-06 05:57:43,338 [pool-207-thread-1] INFO  server.RaftServerConfigKeys (ConfUtils.java:logGet(43)) - raft.server.log.purge.gap = 1000000 (custom)
2019-10-06 05:57:43,338 [pool-207-thread-1] INFO  server.RaftServerConfigKeys (ConfUtils.java:logGet(43)) - raft.server.log.appender.buffer.byte-limit = 33554432 (custom)
2019-10-06 05:57:43,338 [pool-207-thread-1] INFO  server.RaftServerConfigKeys (ConfUtils.java:logGet(43)) - raft.server.log.segment.size.max = 1048576 (custom)
2019-10-06 05:57:43,339 [IPC Server handler 3 on 39569] INFO  net.NetworkTopology (NetworkTopologyImpl.java:add(111)) - Added a new node: /default-rack/58960bb6-1791-4bb0-9c36-a998f9195181
2019-10-06 05:57:43,339 [IPC Server handler 3 on 39569] INFO  node.SCMNodeManager (SCMNodeManager.java:register(268)) - Registered Data node : 58960bb6-1791-4bb0-9c36-a998f9195181{ip: 192.168.164.217, host: trunk-nightly-20191006-mzxw6-951422410, networkLocation: /default-rack, certSerialId: null}
2019-10-06 05:57:43,342 [pool-207-thread-1] INFO  server.RaftServerConfigKeys (ConfUtils.java:logGet(43)) - raft.server.log.segment.cache.num.max = 2 (custom)
2019-10-06 05:57:43,343 [pool-207-thread-1] INFO  segmented.SegmentedRaftLogWorker (SegmentedRaftLogWorker.java:<init>(173)) - new 3e9c116c-e13a-4d69-bdab-06bfa97df644@group-23BD21ECA12F-SegmentedRaftLogWorker for RaftStorage:Storage Directory /workdir/hadoop-ozone/integration-test/target/test-dir/MiniOzoneClusterImpl-302fbd6a-0a7c-4e79-9456-5e178ffa3b85/datanode-0/data/ratis/e7c6e322-6198-4b57-b688-23bd21eca12f
2019-10-06 05:57:43,343 [pool-207-thread-1] INFO  server.RaftServerConfigKeys (ConfUtils.java:logGet(43)) - raft.server.log.queue.byte-limit = 2147483647 (custom)
2019-10-06 05:57:43,343 [pool-207-thread-1] INFO  server.RaftServerConfigKeys (ConfUtils.java:logGet(43)) - raft.server.log.queue.element-limit = 1024 (custom)
2019-10-06 05:57:43,343 [pool-207-thread-1] INFO  server.RaftServerConfigKeys (ConfUtils.java:logGet(43)) - raft.server.log.segment.size.max = 1048576 (custom)
2019-10-06 05:57:43,343 [pool-207-thread-1] INFO  server.RaftServerConfigKeys (ConfUtils.java:logGet(43)) - raft.server.log.preallocated.size = 16384 (custom)
2019-10-06 05:57:43,343 [pool-207-thread-1] INFO  server.RaftServerConfigKeys (ConfUtils.java:logGet(43)) - raft.server.log.write.buffer.size = 33554432 (custom)
2019-10-06 05:57:43,343 [pool-207-thread-1] INFO  server.RaftServerConfigKeys (ConfUtils.java:logGet(43)) - raft.server.log.force.sync.num = 128 (default)
2019-10-06 05:57:43,344 [pool-207-thread-1] INFO  server.RaftServerConfigKeys (ConfUtils.java:logGet(43)) - raft.server.log.statemachine.data.sync = true (default)
2019-10-06 05:57:43,344 [pool-207-thread-1] INFO  server.RaftServerConfigKeys (ConfUtils.java:logGet(43)) - raft.server.log.statemachine.data.sync.timeout = 10s (default)
2019-10-06 05:57:43,344 [pool-207-thread-1] INFO  server.RaftServerConfigKeys (ConfUtils.java:logGet(43)) - raft.server.log.statemachine.data.sync.timeout.retry = -1 (default)
2019-10-06 05:57:43,345 [pool-207-thread-1] INFO  server.RaftServerConfigKeys (ConfUtils.java:logGet(43)) - raft.server.log.statemachine.data.caching.enabled = true (custom)
2019-10-06 05:57:43,345 [pool-207-thread-1] INFO  segmented.SegmentedRaftLogWorker (SegmentedRaftLogWorker.java:lambda$new$0(128)) - 3e9c116c-e13a-4d69-bdab-06bfa97df644@group-23BD21ECA12F-SegmentedRaftLogWorker: flushIndex: setUnconditionally 0 -> -1
2019-10-06 05:57:43,346 [pool-207-thread-1] INFO  server.RaftServerConfigKeys (ConfUtils.java:logGet(43)) - raft.server.snapshot.auto.trigger.enabled = true (custom)
2019-10-06 05:57:43,346 [pool-207-thread-1] INFO  server.RaftServerConfigKeys (ConfUtils.java:logGet(43)) - raft.server.snapshot.auto.trigger.threshold = 10000 (custom)
2019-10-06 05:57:43,346 [pool-207-thread-1] INFO  server.RaftServerConfigKeys (ConfUtils.java:logGet(43)) - raft.server.snapshot.retention.file.num = 5 (custom)
2019-10-06 05:57:43,346 [pool-207-thread-1] INFO  server.RaftServerConfigKeys (ConfUtils.java:logGet(43)) - raft.server.retrycache.expirytime = 600000ms (custom)
2019-10-06 05:57:43,348 [pool-207-thread-1] INFO  impl.RaftServerImpl (RaftServerImpl.java:start(181)) - 3e9c116c-e13a-4d69-bdab-06bfa97df644@group-23BD21ECA12F: start as a follower, conf=-1: [3e9c116c-e13a-4d69-bdab-06bfa97df644:192.168.164.217:39233], old=null
2019-10-06 05:57:43,348 [pool-207-thread-1] INFO  impl.RaftServerImpl (RaftServerImpl.java:setRole(170)) - 3e9c116c-e13a-4d69-bdab-06bfa97df644@group-23BD21ECA12F: changes role from      null to FOLLOWER at term 0 for startAsFollower
2019-10-06 05:57:43,349 [pool-207-thread-1] INFO  impl.RoleInfo (RoleInfo.java:updateAndGet(143)) - 3e9c116c-e13a-4d69-bdab-06bfa97df644: start FollowerState
2019-10-06 05:57:43,349 [pool-207-thread-1] INFO  util.JmxRegister (JmxRegister.java:tryRegister(44)) - Successfully registered JMX Bean with object name Ratis:service=RaftServer,group=group-23BD21ECA12F,id=3e9c116c-e13a-4d69-bdab-06bfa97df644
2019-10-06 05:57:43,356 [RatisPipelineUtilsThread] INFO  pipeline.PipelineStateManager (PipelineStateManager.java:addPipeline(56)) - Created pipeline Pipeline[ Id: e7c6e322-6198-4b57-b688-23bd21eca12f, Nodes: 3e9c116c-e13a-4d69-bdab-06bfa97df644{ip: 192.168.164.217, host: trunk-nightly-20191006-mzxw6-951422410, networkLocation: /default-rack, certSerialId: null}, Type:RATIS, Factor:ONE, State:OPEN]
2019-10-06 05:57:43,380 [grpc-default-executor-4] INFO  impl.RaftServerProxy (RaftServerProxy.java:addNew(89)) - 58960bb6-1791-4bb0-9c36-a998f9195181: addNew group-C3B8A0A80423:[58960bb6-1791-4bb0-9c36-a998f9195181:192.168.164.217:45542] returns group-C3B8A0A80423:java.util.concurrent.CompletableFuture@5b25e8b9[Not completed]
2019-10-06 05:57:43,382 [pool-217-thread-1] INFO  impl.RaftServerImpl (RaftServerImpl.java:<init>(95)) - 58960bb6-1791-4bb0-9c36-a998f9195181: new RaftServerImpl for group-C3B8A0A80423:[58960bb6-1791-4bb0-9c36-a998f9195181:192.168.164.217:45542] with ContainerStateMachine:uninitialized
2019-10-06 05:57:43,382 [pool-217-thread-1] INFO  server.RaftServerConfigKeys (ConfUtils.java:logGet(43)) - raft.server.rpc.timeout.min = 5s (custom)
2019-10-06 05:57:43,382 [pool-217-thread-1] INFO  server.RaftServerConfigKeys (ConfUtils.java:logGet(43)) - raft.server.rpc.timeout.max = 5200ms (custom)
2019-10-06 05:57:43,382 [pool-217-thread-1] INFO  server.RaftServerConfigKeys (ConfUtils.java:logGet(43)) - raft.server.rpcslowness.timeout = 120s (custom)
2019-10-06 05:57:43,382 [pool-217-thread-1] INFO  server.RaftServerConfigKeys (ConfUtils.java:logGet(43)) - raft.server.sleep.deviation.threshold = 300 (default)
2019-10-06 05:57:43,382 [pool-217-thread-1] INFO  server.RaftServerConfigKeys (ConfUtils.java:logGet(43)) - raft.server.log.appender.install.snapshot.enabled = false (custom)
2019-10-06 05:57:43,383 [pool-217-thread-1] INFO  impl.RaftServerImpl (ServerState.java:<init>(103)) - 58960bb6-1791-4bb0-9c36-a998f9195181@group-C3B8A0A80423: ConfigurationManager, init=-1: [58960bb6-1791-4bb0-9c36-a998f9195181:192.168.164.217:45542], old=null, confs=<EMPTY_MAP>
2019-10-06 05:57:43,383 [pool-217-thread-1] INFO  server.RaftServerConfigKeys (ConfUtils.java:logGet(43)) - raft.server.storage.dir = [/workdir/hadoop-ozone/integration-test/target/test-dir/MiniOzoneClusterImpl-302fbd6a-0a7c-4e79-9456-5e178ffa3b85/datanode-1/data/ratis] (custom)
2019-10-06 05:57:43,383 [pool-217-thread-1] INFO  server.RaftServerConfigKeys (ConfUtils.java:logGet(43)) - raft.server.log.corruption.policy = EXCEPTION (default)
2019-10-06 05:57:43,383 [pool-217-thread-1] INFO  storage.RaftStorageDirectory (RaftStorageDirectory.java:analyzeStorage(246)) - The storage directory /workdir/hadoop-ozone/integration-test/target/test-dir/MiniOzoneClusterImpl-302fbd6a-0a7c-4e79-9456-5e178ffa3b85/datanode-1/data/ratis/f11aa900-7b0d-442d-b3ac-c3b8a0a80423 does not exist. Creating ...
2019-10-06 05:57:43,397 [pool-217-thread-1] INFO  storage.RaftStorageDirectory (RaftStorageDirectory.java:tryLock(328)) - Lock on /workdir/hadoop-ozone/integration-test/target/test-dir/MiniOzoneClusterImpl-302fbd6a-0a7c-4e79-9456-5e178ffa3b85/datanode-1/data/ratis/f11aa900-7b0d-442d-b3ac-c3b8a0a80423/in_use.lock acquired by nodename 10974@trunk-nightly-20191006-mzxw6-951422410
2019-10-06 05:57:43,402 [IPC Server handler 4 on 39569] INFO  net.NetworkTopology (NetworkTopologyImpl.java:add(111)) - Added a new node: /default-rack/c2fbd6fe-546b-4c5d-8829-05959505a398
2019-10-06 05:57:43,403 [IPC Server handler 4 on 39569] INFO  node.SCMNodeManager (SCMNodeManager.java:register(268)) - Registered Data node : c2fbd6fe-546b-4c5d-8829-05959505a398{ip: 192.168.164.217, host: trunk-nightly-20191006-mzxw6-951422410, networkLocation: /default-rack, certSerialId: null}
2019-10-06 05:57:43,409 [pool-217-thread-1] INFO  storage.RaftStorage (RaftStorage.java:format(84)) - Storage directory /workdir/hadoop-ozone/integration-test/target/test-dir/MiniOzoneClusterImpl-302fbd6a-0a7c-4e79-9456-5e178ffa3b85/datanode-1/data/ratis/f11aa900-7b0d-442d-b3ac-c3b8a0a80423 has been successfully formatted.
2019-10-06 05:57:43,410 [pool-217-thread-1] INFO  ratis.ContainerStateMachine (ContainerStateMachine.java:loadSnapshot(230)) - group-C3B8A0A80423: The snapshot info is null. Setting the last applied indexto:(t:0, i:~)
2019-10-06 05:57:43,410 [pool-217-thread-1] INFO  server.RaftServerConfigKeys (ConfUtils.java:logGet(43)) - raft.server.notification.no-leader.timeout = 120s (custom)
2019-10-06 05:57:43,410 [pool-217-thread-1] INFO  server.RaftServerConfigKeys (ConfUtils.java:logGet(43)) - raft.server.log.use.memory = false (default)
2019-10-06 05:57:43,410 [pool-217-thread-1] INFO  server.RaftServerConfigKeys (ConfUtils.java:logGet(43)) - raft.server.log.purge.gap = 1000000 (custom)
2019-10-06 05:57:43,411 [pool-217-thread-1] INFO  server.RaftServerConfigKeys (ConfUtils.java:logGet(43)) - raft.server.log.appender.buffer.byte-limit = 33554432 (custom)
2019-10-06 05:57:43,411 [pool-217-thread-1] INFO  server.RaftServerConfigKeys (ConfUtils.java:logGet(43)) - raft.server.log.segment.size.max = 1048576 (custom)
2019-10-06 05:57:43,413 [pool-217-thread-1] INFO  server.RaftServerConfigKeys (ConfUtils.java:logGet(43)) - raft.server.log.segment.cache.num.max = 2 (custom)
2019-10-06 05:57:43,413 [pool-217-thread-1] INFO  segmented.SegmentedRaftLogWorker (SegmentedRaftLogWorker.java:<init>(173)) - new 58960bb6-1791-4bb0-9c36-a998f9195181@group-C3B8A0A80423-SegmentedRaftLogWorker for RaftStorage:Storage Directory /workdir/hadoop-ozone/integration-test/target/test-dir/MiniOzoneClusterImpl-302fbd6a-0a7c-4e79-9456-5e178ffa3b85/datanode-1/data/ratis/f11aa900-7b0d-442d-b3ac-c3b8a0a80423
2019-10-06 05:57:43,413 [pool-217-thread-1] INFO  server.RaftServerConfigKeys (ConfUtils.java:logGet(43)) - raft.server.log.queue.byte-limit = 2147483647 (custom)
2019-10-06 05:57:43,413 [pool-217-thread-1] INFO  server.RaftServerConfigKeys (ConfUtils.java:logGet(43)) - raft.server.log.queue.element-limit = 1024 (custom)
2019-10-06 05:57:43,413 [pool-217-thread-1] INFO  server.RaftServerConfigKeys (ConfUtils.java:logGet(43)) - raft.server.log.segment.size.max = 1048576 (custom)
2019-10-06 05:57:43,413 [pool-217-thread-1] INFO  server.RaftServerConfigKeys (ConfUtils.java:logGet(43)) - raft.server.log.preallocated.size = 16384 (custom)
2019-10-06 05:57:43,413 [pool-217-thread-1] INFO  server.RaftServerConfigKeys (ConfUtils.java:logGet(43)) - raft.server.log.write.buffer.size = 33554432 (custom)
2019-10-06 05:57:43,414 [pool-217-thread-1] INFO  server.RaftServerConfigKeys (ConfUtils.java:logGet(43)) - raft.server.log.force.sync.num = 128 (default)
2019-10-06 05:57:43,414 [pool-217-thread-1] INFO  server.RaftServerConfigKeys (ConfUtils.java:logGet(43)) - raft.server.log.statemachine.data.sync = true (default)
2019-10-06 05:57:43,414 [pool-217-thread-1] INFO  server.RaftServerConfigKeys (ConfUtils.java:logGet(43)) - raft.server.log.statemachine.data.sync.timeout = 10s (default)
2019-10-06 05:57:43,414 [pool-217-thread-1] INFO  server.RaftServerConfigKeys (ConfUtils.java:logGet(43)) - raft.server.log.statemachine.data.sync.timeout.retry = -1 (default)
2019-10-06 05:57:43,414 [pool-217-thread-1] INFO  server.RaftServerConfigKeys (ConfUtils.java:logGet(43)) - raft.server.log.statemachine.data.caching.enabled = true (custom)
2019-10-06 05:57:43,415 [pool-217-thread-1] INFO  segmented.SegmentedRaftLogWorker (SegmentedRaftLogWorker.java:lambda$new$0(128)) - 58960bb6-1791-4bb0-9c36-a998f9195181@group-C3B8A0A80423-SegmentedRaftLogWorker: flushIndex: setUnconditionally 0 -> -1
2019-10-06 05:57:43,415 [pool-217-thread-1] INFO  server.RaftServerConfigKeys (ConfUtils.java:logGet(43)) - raft.server.snapshot.auto.trigger.enabled = true (custom)
2019-10-06 05:57:43,415 [pool-217-thread-1] INFO  server.RaftServerConfigKeys (ConfUtils.java:logGet(43)) - raft.server.snapshot.auto.trigger.threshold = 10000 (custom)
2019-10-06 05:57:43,415 [pool-217-thread-1] INFO  server.RaftServerConfigKeys (ConfUtils.java:logGet(43)) - raft.server.snapshot.retention.file.num = 5 (custom)
2019-10-06 05:57:43,415 [pool-217-thread-1] INFO  server.RaftServerConfigKeys (ConfUtils.java:logGet(43)) - raft.server.retrycache.expirytime = 600000ms (custom)
2019-10-06 05:57:43,417 [pool-217-thread-1] INFO  impl.RaftServerImpl (RaftServerImpl.java:start(181)) - 58960bb6-1791-4bb0-9c36-a998f9195181@group-C3B8A0A80423: start as a follower, conf=-1: [58960bb6-1791-4bb0-9c36-a998f9195181:192.168.164.217:45542], old=null
2019-10-06 05:57:43,417 [pool-217-thread-1] INFO  impl.RaftServerImpl (RaftServerImpl.java:setRole(170)) - 58960bb6-1791-4bb0-9c36-a998f9195181@group-C3B8A0A80423: changes role from      null to FOLLOWER at term 0 for startAsFollower
2019-10-06 05:57:43,417 [pool-217-thread-1] INFO  impl.RoleInfo (RoleInfo.java:updateAndGet(143)) - 58960bb6-1791-4bb0-9c36-a998f9195181: start FollowerState
2019-10-06 05:57:43,418 [pool-217-thread-1] INFO  util.JmxRegister (JmxRegister.java:tryRegister(44)) - Successfully registered JMX Bean with object name Ratis:service=RaftServer,group=group-C3B8A0A80423,id=58960bb6-1791-4bb0-9c36-a998f9195181
2019-10-06 05:57:43,422 [RatisPipelineUtilsThread] INFO  pipeline.PipelineStateManager (PipelineStateManager.java:addPipeline(56)) - Created pipeline Pipeline[ Id: f11aa900-7b0d-442d-b3ac-c3b8a0a80423, Nodes: 58960bb6-1791-4bb0-9c36-a998f9195181{ip: 192.168.164.217, host: trunk-nightly-20191006-mzxw6-951422410, networkLocation: /default-rack, certSerialId: null}, Type:RATIS, Factor:ONE, State:OPEN]
2019-10-06 05:57:43,430 [grpc-default-executor-4] INFO  impl.RaftServerProxy (RaftServerProxy.java:addNew(89)) - c2fbd6fe-546b-4c5d-8829-05959505a398: addNew group-56E5CFAECE6E:[c2fbd6fe-546b-4c5d-8829-05959505a398:192.168.164.217:37082] returns group-56E5CFAECE6E:java.util.concurrent.CompletableFuture@70603e23[Not completed]
2019-10-06 05:57:43,433 [pool-227-thread-1] INFO  impl.RaftServerImpl (RaftServerImpl.java:<init>(95)) - c2fbd6fe-546b-4c5d-8829-05959505a398: new RaftServerImpl for group-56E5CFAECE6E:[c2fbd6fe-546b-4c5d-8829-05959505a398:192.168.164.217:37082] with ContainerStateMachine:uninitialized
2019-10-06 05:57:43,433 [pool-227-thread-1] INFO  server.RaftServerConfigKeys (ConfUtils.java:logGet(43)) - raft.server.rpc.timeout.min = 5s (custom)
2019-10-06 05:57:43,433 [pool-227-thread-1] INFO  server.RaftServerConfigKeys (ConfUtils.java:logGet(43)) - raft.server.rpc.timeout.max = 5200ms (custom)
2019-10-06 05:57:43,433 [pool-227-thread-1] INFO  server.RaftServerConfigKeys (ConfUtils.java:logGet(43)) - raft.server.rpcslowness.timeout = 120s (custom)
2019-10-06 05:57:43,433 [pool-227-thread-1] INFO  server.RaftServerConfigKeys (ConfUtils.java:logGet(43)) - raft.server.sleep.deviation.threshold = 300 (default)
2019-10-06 05:57:43,434 [pool-227-thread-1] INFO  server.RaftServerConfigKeys (ConfUtils.java:logGet(43)) - raft.server.log.appender.install.snapshot.enabled = false (custom)
2019-10-06 05:57:43,434 [pool-227-thread-1] INFO  impl.RaftServerImpl (ServerState.java:<init>(103)) - c2fbd6fe-546b-4c5d-8829-05959505a398@group-56E5CFAECE6E: ConfigurationManager, init=-1: [c2fbd6fe-546b-4c5d-8829-05959505a398:192.168.164.217:37082], old=null, confs=<EMPTY_MAP>
2019-10-06 05:57:43,434 [pool-227-thread-1] INFO  server.RaftServerConfigKeys (ConfUtils.java:logGet(43)) - raft.server.storage.dir = [/workdir/hadoop-ozone/integration-test/target/test-dir/MiniOzoneClusterImpl-302fbd6a-0a7c-4e79-9456-5e178ffa3b85/datanode-2/data/ratis] (custom)
2019-10-06 05:57:43,434 [pool-227-thread-1] INFO  server.RaftServerConfigKeys (ConfUtils.java:logGet(43)) - raft.server.log.corruption.policy = EXCEPTION (default)
2019-10-06 05:57:43,435 [pool-227-thread-1] INFO  storage.RaftStorageDirectory (RaftStorageDirectory.java:analyzeStorage(246)) - The storage directory /workdir/hadoop-ozone/integration-test/target/test-dir/MiniOzoneClusterImpl-302fbd6a-0a7c-4e79-9456-5e178ffa3b85/datanode-2/data/ratis/1ffcd2fa-a8ea-445e-a418-56e5cfaece6e does not exist. Creating ...
2019-10-06 05:57:43,448 [pool-227-thread-1] INFO  storage.RaftStorageDirectory (RaftStorageDirectory.java:tryLock(328)) - Lock on /workdir/hadoop-ozone/integration-test/target/test-dir/MiniOzoneClusterImpl-302fbd6a-0a7c-4e79-9456-5e178ffa3b85/datanode-2/data/ratis/1ffcd2fa-a8ea-445e-a418-56e5cfaece6e/in_use.lock acquired by nodename 10974@trunk-nightly-20191006-mzxw6-951422410
2019-10-06 05:57:43,461 [pool-227-thread-1] INFO  storage.RaftStorage (RaftStorage.java:format(84)) - Storage directory /workdir/hadoop-ozone/integration-test/target/test-dir/MiniOzoneClusterImpl-302fbd6a-0a7c-4e79-9456-5e178ffa3b85/datanode-2/data/ratis/1ffcd2fa-a8ea-445e-a418-56e5cfaece6e has been successfully formatted.
2019-10-06 05:57:43,462 [pool-227-thread-1] INFO  ratis.ContainerStateMachine (ContainerStateMachine.java:loadSnapshot(230)) - group-56E5CFAECE6E: The snapshot info is null. Setting the last applied indexto:(t:0, i:~)
2019-10-06 05:57:43,462 [pool-227-thread-1] INFO  server.RaftServerConfigKeys (ConfUtils.java:logGet(43)) - raft.server.notification.no-leader.timeout = 120s (custom)
2019-10-06 05:57:43,462 [pool-227-thread-1] INFO  server.RaftServerConfigKeys (ConfUtils.java:logGet(43)) - raft.server.log.use.memory = false (default)
2019-10-06 05:57:43,462 [pool-227-thread-1] INFO  server.RaftServerConfigKeys (ConfUtils.java:logGet(43)) - raft.server.log.purge.gap = 1000000 (custom)
2019-10-06 05:57:43,462 [pool-227-thread-1] INFO  server.RaftServerConfigKeys (ConfUtils.java:logGet(43)) - raft.server.log.appender.buffer.byte-limit = 33554432 (custom)
2019-10-06 05:57:43,463 [pool-227-thread-1] INFO  server.RaftServerConfigKeys (ConfUtils.java:logGet(43)) - raft.server.log.segment.size.max = 1048576 (custom)
2019-10-06 05:57:43,465 [pool-227-thread-1] INFO  server.RaftServerConfigKeys (ConfUtils.java:logGet(43)) - raft.server.log.segment.cache.num.max = 2 (custom)
2019-10-06 05:57:43,465 [pool-227-thread-1] INFO  segmented.SegmentedRaftLogWorker (SegmentedRaftLogWorker.java:<init>(173)) - new c2fbd6fe-546b-4c5d-8829-05959505a398@group-56E5CFAECE6E-SegmentedRaftLogWorker for RaftStorage:Storage Directory /workdir/hadoop-ozone/integration-test/target/test-dir/MiniOzoneClusterImpl-302fbd6a-0a7c-4e79-9456-5e178ffa3b85/datanode-2/data/ratis/1ffcd2fa-a8ea-445e-a418-56e5cfaece6e
2019-10-06 05:57:43,466 [IPC Server handler 2 on 39569] INFO  net.NetworkTopology (NetworkTopologyImpl.java:add(111)) - Added a new node: /default-rack/f92d2d06-16ca-476c-af7f-960d805fe056
2019-10-06 05:57:43,466 [pool-227-thread-1] INFO  server.RaftServerConfigKeys (ConfUtils.java:logGet(43)) - raft.server.log.queue.byte-limit = 2147483647 (custom)
2019-10-06 05:57:43,466 [IPC Server handler 2 on 39569] INFO  node.SCMNodeManager (SCMNodeManager.java:register(268)) - Registered Data node : f92d2d06-16ca-476c-af7f-960d805fe056{ip: 192.168.164.217, host: trunk-nightly-20191006-mzxw6-951422410, networkLocation: /default-rack, certSerialId: null}
2019-10-06 05:57:43,466 [pool-227-thread-1] INFO  server.RaftServerConfigKeys (ConfUtils.java:logGet(43)) - raft.server.log.queue.element-limit = 1024 (custom)
2019-10-06 05:57:43,466 [pool-227-thread-1] INFO  server.RaftServerConfigKeys (ConfUtils.java:logGet(43)) - raft.server.log.segment.size.max = 1048576 (custom)
2019-10-06 05:57:43,466 [pool-227-thread-1] INFO  server.RaftServerConfigKeys (ConfUtils.java:logGet(43)) - raft.server.log.preallocated.size = 16384 (custom)
2019-10-06 05:57:43,467 [pool-227-thread-1] INFO  server.RaftServerConfigKeys (ConfUtils.java:logGet(43)) - raft.server.log.write.buffer.size = 33554432 (custom)
2019-10-06 05:57:43,467 [pool-227-thread-1] INFO  server.RaftServerConfigKeys (ConfUtils.java:logGet(43)) - raft.server.log.force.sync.num = 128 (default)
2019-10-06 05:57:43,467 [pool-227-thread-1] INFO  server.RaftServerConfigKeys (ConfUtils.java:logGet(43)) - raft.server.log.statemachine.data.sync = true (default)
2019-10-06 05:57:43,467 [pool-227-thread-1] INFO  server.RaftServerConfigKeys (ConfUtils.java:logGet(43)) - raft.server.log.statemachine.data.sync.timeout = 10s (default)
2019-10-06 05:57:43,467 [pool-227-thread-1] INFO  server.RaftServerConfigKeys (ConfUtils.java:logGet(43)) - raft.server.log.statemachine.data.sync.timeout.retry = -1 (default)
2019-10-06 05:57:43,468 [pool-227-thread-1] INFO  server.RaftServerConfigKeys (ConfUtils.java:logGet(43)) - raft.server.log.statemachine.data.caching.enabled = true (custom)
2019-10-06 05:57:43,468 [pool-227-thread-1] INFO  segmented.SegmentedRaftLogWorker (SegmentedRaftLogWorker.java:lambda$new$0(128)) - c2fbd6fe-546b-4c5d-8829-05959505a398@group-56E5CFAECE6E-SegmentedRaftLogWorker: flushIndex: setUnconditionally 0 -> -1
2019-10-06 05:57:43,469 [pool-227-thread-1] INFO  server.RaftServerConfigKeys (ConfUtils.java:logGet(43)) - raft.server.snapshot.auto.trigger.enabled = true (custom)
2019-10-06 05:57:43,469 [pool-227-thread-1] INFO  server.RaftServerConfigKeys (ConfUtils.java:logGet(43)) - raft.server.snapshot.auto.trigger.threshold = 10000 (custom)
2019-10-06 05:57:43,469 [pool-227-thread-1] INFO  server.RaftServerConfigKeys (ConfUtils.java:logGet(43)) - raft.server.snapshot.retention.file.num = 5 (custom)
2019-10-06 05:57:43,469 [pool-227-thread-1] INFO  server.RaftServerConfigKeys (ConfUtils.java:logGet(43)) - raft.server.retrycache.expirytime = 600000ms (custom)
2019-10-06 05:57:43,472 [pool-227-thread-1] INFO  impl.RaftServerImpl (RaftServerImpl.java:start(181)) - c2fbd6fe-546b-4c5d-8829-05959505a398@group-56E5CFAECE6E: start as a follower, conf=-1: [c2fbd6fe-546b-4c5d-8829-05959505a398:192.168.164.217:37082], old=null
2019-10-06 05:57:43,472 [pool-227-thread-1] INFO  impl.RaftServerImpl (RaftServerImpl.java:setRole(170)) - c2fbd6fe-546b-4c5d-8829-05959505a398@group-56E5CFAECE6E: changes role from      null to FOLLOWER at term 0 for startAsFollower
2019-10-06 05:57:43,472 [pool-227-thread-1] INFO  impl.RoleInfo (RoleInfo.java:updateAndGet(143)) - c2fbd6fe-546b-4c5d-8829-05959505a398: start FollowerState
2019-10-06 05:57:43,473 [pool-227-thread-1] INFO  util.JmxRegister (JmxRegister.java:tryRegister(44)) - Successfully registered JMX Bean with object name Ratis:service=RaftServer,group=group-56E5CFAECE6E,id=c2fbd6fe-546b-4c5d-8829-05959505a398
2019-10-06 05:57:43,477 [RatisPipelineUtilsThread] INFO  pipeline.PipelineStateManager (PipelineStateManager.java:addPipeline(56)) - Created pipeline Pipeline[ Id: 1ffcd2fa-a8ea-445e-a418-56e5cfaece6e, Nodes: c2fbd6fe-546b-4c5d-8829-05959505a398{ip: 192.168.164.217, host: trunk-nightly-20191006-mzxw6-951422410, networkLocation: /default-rack, certSerialId: null}, Type:RATIS, Factor:ONE, State:OPEN]
2019-10-06 05:57:43,485 [grpc-default-executor-4] INFO  impl.RaftServerProxy (RaftServerProxy.java:addNew(89)) - f92d2d06-16ca-476c-af7f-960d805fe056: addNew group-2C5A0C8343AB:[f92d2d06-16ca-476c-af7f-960d805fe056:192.168.164.217:42158] returns group-2C5A0C8343AB:java.util.concurrent.CompletableFuture@611cab39[Not completed]
2019-10-06 05:57:43,486 [pool-237-thread-1] INFO  impl.RaftServerImpl (RaftServerImpl.java:<init>(95)) - f92d2d06-16ca-476c-af7f-960d805fe056: new RaftServerImpl for group-2C5A0C8343AB:[f92d2d06-16ca-476c-af7f-960d805fe056:192.168.164.217:42158] with ContainerStateMachine:uninitialized
2019-10-06 05:57:43,486 [pool-237-thread-1] INFO  server.RaftServerConfigKeys (ConfUtils.java:logGet(43)) - raft.server.rpc.timeout.min = 5s (custom)
2019-10-06 05:57:43,486 [pool-237-thread-1] INFO  server.RaftServerConfigKeys (ConfUtils.java:logGet(43)) - raft.server.rpc.timeout.max = 5200ms (custom)
2019-10-06 05:57:43,486 [pool-237-thread-1] INFO  server.RaftServerConfigKeys (ConfUtils.java:logGet(43)) - raft.server.rpcslowness.timeout = 120s (custom)
2019-10-06 05:57:43,487 [pool-237-thread-1] INFO  server.RaftServerConfigKeys (ConfUtils.java:logGet(43)) - raft.server.sleep.deviation.threshold = 300 (default)
2019-10-06 05:57:43,487 [pool-237-thread-1] INFO  server.RaftServerConfigKeys (ConfUtils.java:logGet(43)) - raft.server.log.appender.install.snapshot.enabled = false (custom)
2019-10-06 05:57:43,487 [pool-237-thread-1] INFO  impl.RaftServerImpl (ServerState.java:<init>(103)) - f92d2d06-16ca-476c-af7f-960d805fe056@group-2C5A0C8343AB: ConfigurationManager, init=-1: [f92d2d06-16ca-476c-af7f-960d805fe056:192.168.164.217:42158], old=null, confs=<EMPTY_MAP>
2019-10-06 05:57:43,487 [pool-237-thread-1] INFO  server.RaftServerConfigKeys (ConfUtils.java:logGet(43)) - raft.server.storage.dir = [/workdir/hadoop-ozone/integration-test/target/test-dir/MiniOzoneClusterImpl-302fbd6a-0a7c-4e79-9456-5e178ffa3b85/datanode-3/data/ratis] (custom)
2019-10-06 05:57:43,487 [pool-237-thread-1] INFO  server.RaftServerConfigKeys (ConfUtils.java:logGet(43)) - raft.server.log.corruption.policy = EXCEPTION (default)
2019-10-06 05:57:43,487 [pool-237-thread-1] INFO  storage.RaftStorageDirectory (RaftStorageDirectory.java:analyzeStorage(246)) - The storage directory /workdir/hadoop-ozone/integration-test/target/test-dir/MiniOzoneClusterImpl-302fbd6a-0a7c-4e79-9456-5e178ffa3b85/datanode-3/data/ratis/222eded9-6655-41bd-bb91-2c5a0c8343ab does not exist. Creating ...
2019-10-06 05:57:43,500 [pool-237-thread-1] INFO  storage.RaftStorageDirectory (RaftStorageDirectory.java:tryLock(328)) - Lock on /workdir/hadoop-ozone/integration-test/target/test-dir/MiniOzoneClusterImpl-302fbd6a-0a7c-4e79-9456-5e178ffa3b85/datanode-3/data/ratis/222eded9-6655-41bd-bb91-2c5a0c8343ab/in_use.lock acquired by nodename 10974@trunk-nightly-20191006-mzxw6-951422410
2019-10-06 05:57:43,513 [pool-237-thread-1] INFO  storage.RaftStorage (RaftStorage.java:format(84)) - Storage directory /workdir/hadoop-ozone/integration-test/target/test-dir/MiniOzoneClusterImpl-302fbd6a-0a7c-4e79-9456-5e178ffa3b85/datanode-3/data/ratis/222eded9-6655-41bd-bb91-2c5a0c8343ab has been successfully formatted.
2019-10-06 05:57:43,514 [pool-237-thread-1] INFO  ratis.ContainerStateMachine (ContainerStateMachine.java:loadSnapshot(230)) - group-2C5A0C8343AB: The snapshot info is null. Setting the last applied indexto:(t:0, i:~)
2019-10-06 05:57:43,514 [pool-237-thread-1] INFO  server.RaftServerConfigKeys (ConfUtils.java:logGet(43)) - raft.server.notification.no-leader.timeout = 120s (custom)
2019-10-06 05:57:43,514 [pool-237-thread-1] INFO  server.RaftServerConfigKeys (ConfUtils.java:logGet(43)) - raft.server.log.use.memory = false (default)
2019-10-06 05:57:43,514 [pool-237-thread-1] INFO  server.RaftServerConfigKeys (ConfUtils.java:logGet(43)) - raft.server.log.purge.gap = 1000000 (custom)
2019-10-06 05:57:43,514 [pool-237-thread-1] INFO  server.RaftServerConfigKeys (ConfUtils.java:logGet(43)) - raft.server.log.appender.buffer.byte-limit = 33554432 (custom)
2019-10-06 05:57:43,514 [pool-237-thread-1] INFO  server.RaftServerConfigKeys (ConfUtils.java:logGet(43)) - raft.server.log.segment.size.max = 1048576 (custom)
2019-10-06 05:57:43,516 [pool-237-thread-1] INFO  server.RaftServerConfigKeys (ConfUtils.java:logGet(43)) - raft.server.log.segment.cache.num.max = 2 (custom)
2019-10-06 05:57:43,516 [pool-237-thread-1] INFO  segmented.SegmentedRaftLogWorker (SegmentedRaftLogWorker.java:<init>(173)) - new f92d2d06-16ca-476c-af7f-960d805fe056@group-2C5A0C8343AB-SegmentedRaftLogWorker for RaftStorage:Storage Directory /workdir/hadoop-ozone/integration-test/target/test-dir/MiniOzoneClusterImpl-302fbd6a-0a7c-4e79-9456-5e178ffa3b85/datanode-3/data/ratis/222eded9-6655-41bd-bb91-2c5a0c8343ab
2019-10-06 05:57:43,516 [pool-237-thread-1] INFO  server.RaftServerConfigKeys (ConfUtils.java:logGet(43)) - raft.server.log.queue.byte-limit = 2147483647 (custom)
2019-10-06 05:57:43,516 [pool-237-thread-1] INFO  server.RaftServerConfigKeys (ConfUtils.java:logGet(43)) - raft.server.log.queue.element-limit = 1024 (custom)
2019-10-06 05:57:43,516 [pool-237-thread-1] INFO  server.RaftServerConfigKeys (ConfUtils.java:logGet(43)) - raft.server.log.segment.size.max = 1048576 (custom)
2019-10-06 05:57:43,516 [pool-237-thread-1] INFO  server.RaftServerConfigKeys (ConfUtils.java:logGet(43)) - raft.server.log.preallocated.size = 16384 (custom)
2019-10-06 05:57:43,516 [pool-237-thread-1] INFO  server.RaftServerConfigKeys (ConfUtils.java:logGet(43)) - raft.server.log.write.buffer.size = 33554432 (custom)
2019-10-06 05:57:43,516 [pool-237-thread-1] INFO  server.RaftServerConfigKeys (ConfUtils.java:logGet(43)) - raft.server.log.force.sync.num = 128 (default)
2019-10-06 05:57:43,517 [pool-237-thread-1] INFO  server.RaftServerConfigKeys (ConfUtils.java:logGet(43)) - raft.server.log.statemachine.data.sync = true (default)
2019-10-06 05:57:43,517 [pool-237-thread-1] INFO  server.RaftServerConfigKeys (ConfUtils.java:logGet(43)) - raft.server.log.statemachine.data.sync.timeout = 10s (default)
2019-10-06 05:57:43,517 [pool-237-thread-1] INFO  server.RaftServerConfigKeys (ConfUtils.java:logGet(43)) - raft.server.log.statemachine.data.sync.timeout.retry = -1 (default)
2019-10-06 05:57:43,517 [pool-237-thread-1] INFO  server.RaftServerConfigKeys (ConfUtils.java:logGet(43)) - raft.server.log.statemachine.data.caching.enabled = true (custom)
2019-10-06 05:57:43,517 [pool-237-thread-1] INFO  segmented.SegmentedRaftLogWorker (SegmentedRaftLogWorker.java:lambda$new$0(128)) - f92d2d06-16ca-476c-af7f-960d805fe056@group-2C5A0C8343AB-SegmentedRaftLogWorker: flushIndex: setUnconditionally 0 -> -1
2019-10-06 05:57:43,518 [pool-237-thread-1] INFO  server.RaftServerConfigKeys (ConfUtils.java:logGet(43)) - raft.server.snapshot.auto.trigger.enabled = true (custom)
2019-10-06 05:57:43,518 [pool-237-thread-1] INFO  server.RaftServerConfigKeys (ConfUtils.java:logGet(43)) - raft.server.snapshot.auto.trigger.threshold = 10000 (custom)
2019-10-06 05:57:43,518 [pool-237-thread-1] INFO  server.RaftServerConfigKeys (ConfUtils.java:logGet(43)) - raft.server.snapshot.retention.file.num = 5 (custom)
2019-10-06 05:57:43,518 [pool-237-thread-1] INFO  server.RaftServerConfigKeys (ConfUtils.java:logGet(43)) - raft.server.retrycache.expirytime = 600000ms (custom)
2019-10-06 05:57:43,520 [pool-237-thread-1] INFO  impl.RaftServerImpl (RaftServerImpl.java:start(181)) - f92d2d06-16ca-476c-af7f-960d805fe056@group-2C5A0C8343AB: start as a follower, conf=-1: [f92d2d06-16ca-476c-af7f-960d805fe056:192.168.164.217:42158], old=null
2019-10-06 05:57:43,520 [pool-237-thread-1] INFO  impl.RaftServerImpl (RaftServerImpl.java:setRole(170)) - f92d2d06-16ca-476c-af7f-960d805fe056@group-2C5A0C8343AB: changes role from      null to FOLLOWER at term 0 for startAsFollower
2019-10-06 05:57:43,520 [pool-237-thread-1] INFO  impl.RoleInfo (RoleInfo.java:updateAndGet(143)) - f92d2d06-16ca-476c-af7f-960d805fe056: start FollowerState
2019-10-06 05:57:43,520 [pool-237-thread-1] INFO  util.JmxRegister (JmxRegister.java:tryRegister(44)) - Successfully registered JMX Bean with object name Ratis:service=RaftServer,group=group-2C5A0C8343AB,id=f92d2d06-16ca-476c-af7f-960d805fe056
2019-10-06 05:57:43,524 [RatisPipelineUtilsThread] INFO  pipeline.PipelineStateManager (PipelineStateManager.java:addPipeline(56)) - Created pipeline Pipeline[ Id: 222eded9-6655-41bd-bb91-2c5a0c8343ab, Nodes: f92d2d06-16ca-476c-af7f-960d805fe056{ip: 192.168.164.217, host: trunk-nightly-20191006-mzxw6-951422410, networkLocation: /default-rack, certSerialId: null}, Type:RATIS, Factor:ONE, State:OPEN]
2019-10-06 05:57:43,532 [IPC Server handler 5 on 39569] INFO  net.NetworkTopology (NetworkTopologyImpl.java:add(111)) - Added a new node: /default-rack/f2452b49-01e5-4276-a6f4-22abb7003ab4
2019-10-06 05:57:43,532 [IPC Server handler 5 on 39569] INFO  node.SCMNodeManager (SCMNodeManager.java:register(268)) - Registered Data node : f2452b49-01e5-4276-a6f4-22abb7003ab4{ip: 192.168.164.217, host: trunk-nightly-20191006-mzxw6-951422410, networkLocation: /default-rack, certSerialId: null}
2019-10-06 05:57:43,533 [grpc-default-executor-5] INFO  impl.RaftServerProxy (RaftServerProxy.java:addNew(89)) - c2fbd6fe-546b-4c5d-8829-05959505a398: addNew group-CC1B921A8CA5:[c2fbd6fe-546b-4c5d-8829-05959505a398:192.168.164.217:37082, f92d2d06-16ca-476c-af7f-960d805fe056:192.168.164.217:42158, 58960bb6-1791-4bb0-9c36-a998f9195181:192.168.164.217:45542] returns group-CC1B921A8CA5:java.util.concurrent.CompletableFuture@5382c944[Not completed]
2019-10-06 05:57:43,533 [grpc-default-executor-4] INFO  impl.RaftServerProxy (RaftServerProxy.java:addNew(89)) - f92d2d06-16ca-476c-af7f-960d805fe056: addNew group-CC1B921A8CA5:[c2fbd6fe-546b-4c5d-8829-05959505a398:192.168.164.217:37082, f92d2d06-16ca-476c-af7f-960d805fe056:192.168.164.217:42158, 58960bb6-1791-4bb0-9c36-a998f9195181:192.168.164.217:45542] returns group-CC1B921A8CA5:java.util.concurrent.CompletableFuture@37aaa376[Not completed]
2019-10-06 05:57:43,533 [grpc-default-executor-5] INFO  impl.RaftServerProxy (RaftServerProxy.java:addNew(89)) - 58960bb6-1791-4bb0-9c36-a998f9195181: addNew group-CC1B921A8CA5:[c2fbd6fe-546b-4c5d-8829-05959505a398:192.168.164.217:37082, f92d2d06-16ca-476c-af7f-960d805fe056:192.168.164.217:42158, 58960bb6-1791-4bb0-9c36-a998f9195181:192.168.164.217:45542] returns group-CC1B921A8CA5:java.util.concurrent.CompletableFuture@622e4d99[Not completed]
2019-10-06 05:57:43,533 [pool-227-thread-1] INFO  impl.RaftServerImpl (RaftServerImpl.java:<init>(95)) - c2fbd6fe-546b-4c5d-8829-05959505a398: new RaftServerImpl for group-CC1B921A8CA5:[c2fbd6fe-546b-4c5d-8829-05959505a398:192.168.164.217:37082, f92d2d06-16ca-476c-af7f-960d805fe056:192.168.164.217:42158, 58960bb6-1791-4bb0-9c36-a998f9195181:192.168.164.217:45542] with ContainerStateMachine:uninitialized
2019-10-06 05:57:43,534 [pool-227-thread-1] INFO  server.RaftServerConfigKeys (ConfUtils.java:logGet(43)) - raft.server.rpc.timeout.min = 5s (custom)
2019-10-06 05:57:43,534 [pool-227-thread-1] INFO  server.RaftServerConfigKeys (ConfUtils.java:logGet(43)) - raft.server.rpc.timeout.max = 5200ms (custom)
2019-10-06 05:57:43,534 [pool-227-thread-1] INFO  server.RaftServerConfigKeys (ConfUtils.java:logGet(43)) - raft.server.rpcslowness.timeout = 120s (custom)
2019-10-06 05:57:43,534 [pool-227-thread-1] INFO  server.RaftServerConfigKeys (ConfUtils.java:logGet(43)) - raft.server.sleep.deviation.threshold = 300 (default)
2019-10-06 05:57:43,534 [pool-227-thread-1] INFO  server.RaftServerConfigKeys (ConfUtils.java:logGet(43)) - raft.server.log.appender.install.snapshot.enabled = false (custom)
2019-10-06 05:57:43,534 [pool-227-thread-1] INFO  impl.RaftServerImpl (ServerState.java:<init>(103)) - c2fbd6fe-546b-4c5d-8829-05959505a398@group-CC1B921A8CA5: ConfigurationManager, init=-1: [c2fbd6fe-546b-4c5d-8829-05959505a398:192.168.164.217:37082, f92d2d06-16ca-476c-af7f-960d805fe056:192.168.164.217:42158, 58960bb6-1791-4bb0-9c36-a998f9195181:192.168.164.217:45542], old=null, confs=<EMPTY_MAP>
2019-10-06 05:57:43,534 [pool-227-thread-1] INFO  server.RaftServerConfigKeys (ConfUtils.java:logGet(43)) - raft.server.storage.dir = [/workdir/hadoop-ozone/integration-test/target/test-dir/MiniOzoneClusterImpl-302fbd6a-0a7c-4e79-9456-5e178ffa3b85/datanode-2/data/ratis] (custom)
2019-10-06 05:57:43,534 [pool-237-thread-1] INFO  impl.RaftServerImpl (RaftServerImpl.java:<init>(95)) - f92d2d06-16ca-476c-af7f-960d805fe056: new RaftServerImpl for group-CC1B921A8CA5:[c2fbd6fe-546b-4c5d-8829-05959505a398:192.168.164.217:37082, f92d2d06-16ca-476c-af7f-960d805fe056:192.168.164.217:42158, 58960bb6-1791-4bb0-9c36-a998f9195181:192.168.164.217:45542] with ContainerStateMachine:uninitialized
2019-10-06 05:57:43,534 [pool-227-thread-1] INFO  server.RaftServerConfigKeys (ConfUtils.java:logGet(43)) - raft.server.log.corruption.policy = EXCEPTION (default)
2019-10-06 05:57:43,534 [pool-237-thread-1] INFO  server.RaftServerConfigKeys (ConfUtils.java:logGet(43)) - raft.server.rpc.timeout.min = 5s (custom)
2019-10-06 05:57:43,534 [pool-227-thread-1] INFO  storage.RaftStorageDirectory (RaftStorageDirectory.java:analyzeStorage(246)) - The storage directory /workdir/hadoop-ozone/integration-test/target/test-dir/MiniOzoneClusterImpl-302fbd6a-0a7c-4e79-9456-5e178ffa3b85/datanode-2/data/ratis/40491d0b-dc2e-4c96-9cc1-cc1b921a8ca5 does not exist. Creating ...
2019-10-06 05:57:43,535 [pool-237-thread-1] INFO  server.RaftServerConfigKeys (ConfUtils.java:logGet(43)) - raft.server.rpc.timeout.max = 5200ms (custom)
2019-10-06 05:57:43,535 [pool-237-thread-1] INFO  server.RaftServerConfigKeys (ConfUtils.java:logGet(43)) - raft.server.rpcslowness.timeout = 120s (custom)
2019-10-06 05:57:43,535 [pool-237-thread-1] INFO  server.RaftServerConfigKeys (ConfUtils.java:logGet(43)) - raft.server.sleep.deviation.threshold = 300 (default)
2019-10-06 05:57:43,535 [pool-217-thread-1] INFO  impl.RaftServerImpl (RaftServerImpl.java:<init>(95)) - 58960bb6-1791-4bb0-9c36-a998f9195181: new RaftServerImpl for group-CC1B921A8CA5:[c2fbd6fe-546b-4c5d-8829-05959505a398:192.168.164.217:37082, f92d2d06-16ca-476c-af7f-960d805fe056:192.168.164.217:42158, 58960bb6-1791-4bb0-9c36-a998f9195181:192.168.164.217:45542] with ContainerStateMachine:uninitialized
2019-10-06 05:57:43,535 [pool-237-thread-1] INFO  server.RaftServerConfigKeys (ConfUtils.java:logGet(43)) - raft.server.log.appender.install.snapshot.enabled = false (custom)
2019-10-06 05:57:43,535 [pool-217-thread-1] INFO  server.RaftServerConfigKeys (ConfUtils.java:logGet(43)) - raft.server.rpc.timeout.min = 5s (custom)
2019-10-06 05:57:43,535 [pool-237-thread-1] INFO  impl.RaftServerImpl (ServerState.java:<init>(103)) - f92d2d06-16ca-476c-af7f-960d805fe056@group-CC1B921A8CA5: ConfigurationManager, init=-1: [c2fbd6fe-546b-4c5d-8829-05959505a398:192.168.164.217:37082, f92d2d06-16ca-476c-af7f-960d805fe056:192.168.164.217:42158, 58960bb6-1791-4bb0-9c36-a998f9195181:192.168.164.217:45542], old=null, confs=<EMPTY_MAP>
2019-10-06 05:57:43,536 [pool-217-thread-1] INFO  server.RaftServerConfigKeys (ConfUtils.java:logGet(43)) - raft.server.rpc.timeout.max = 5200ms (custom)
2019-10-06 05:57:43,536 [pool-237-thread-1] INFO  server.RaftServerConfigKeys (ConfUtils.java:logGet(43)) - raft.server.storage.dir = [/workdir/hadoop-ozone/integration-test/target/test-dir/MiniOzoneClusterImpl-302fbd6a-0a7c-4e79-9456-5e178ffa3b85/datanode-3/data/ratis] (custom)
2019-10-06 05:57:43,536 [pool-217-thread-1] INFO  server.RaftServerConfigKeys (ConfUtils.java:logGet(43)) - raft.server.rpcslowness.timeout = 120s (custom)
2019-10-06 05:57:43,536 [pool-217-thread-1] INFO  server.RaftServerConfigKeys (ConfUtils.java:logGet(43)) - raft.server.sleep.deviation.threshold = 300 (default)
2019-10-06 05:57:43,536 [pool-237-thread-1] INFO  server.RaftServerConfigKeys (ConfUtils.java:logGet(43)) - raft.server.log.corruption.policy = EXCEPTION (default)
2019-10-06 05:57:43,536 [pool-217-thread-1] INFO  server.RaftServerConfigKeys (ConfUtils.java:logGet(43)) - raft.server.log.appender.install.snapshot.enabled = false (custom)
2019-10-06 05:57:43,536 [pool-237-thread-1] INFO  storage.RaftStorageDirectory (RaftStorageDirectory.java:analyzeStorage(246)) - The storage directory /workdir/hadoop-ozone/integration-test/target/test-dir/MiniOzoneClusterImpl-302fbd6a-0a7c-4e79-9456-5e178ffa3b85/datanode-3/data/ratis/40491d0b-dc2e-4c96-9cc1-cc1b921a8ca5 does not exist. Creating ...
2019-10-06 05:57:43,536 [pool-217-thread-1] INFO  impl.RaftServerImpl (ServerState.java:<init>(103)) - 58960bb6-1791-4bb0-9c36-a998f9195181@group-CC1B921A8CA5: ConfigurationManager, init=-1: [c2fbd6fe-546b-4c5d-8829-05959505a398:192.168.164.217:37082, f92d2d06-16ca-476c-af7f-960d805fe056:192.168.164.217:42158, 58960bb6-1791-4bb0-9c36-a998f9195181:192.168.164.217:45542], old=null, confs=<EMPTY_MAP>
2019-10-06 05:57:43,537 [pool-217-thread-1] INFO  server.RaftServerConfigKeys (ConfUtils.java:logGet(43)) - raft.server.storage.dir = [/workdir/hadoop-ozone/integration-test/target/test-dir/MiniOzoneClusterImpl-302fbd6a-0a7c-4e79-9456-5e178ffa3b85/datanode-1/data/ratis] (custom)
2019-10-06 05:57:43,537 [pool-217-thread-1] INFO  server.RaftServerConfigKeys (ConfUtils.java:logGet(43)) - raft.server.log.corruption.policy = EXCEPTION (default)
2019-10-06 05:57:43,537 [pool-217-thread-1] INFO  storage.RaftStorageDirectory (RaftStorageDirectory.java:analyzeStorage(246)) - The storage directory /workdir/hadoop-ozone/integration-test/target/test-dir/MiniOzoneClusterImpl-302fbd6a-0a7c-4e79-9456-5e178ffa3b85/datanode-1/data/ratis/40491d0b-dc2e-4c96-9cc1-cc1b921a8ca5 does not exist. Creating ...
2019-10-06 05:57:43,548 [pool-217-thread-1] INFO  storage.RaftStorageDirectory (RaftStorageDirectory.java:tryLock(328)) - Lock on /workdir/hadoop-ozone/integration-test/target/test-dir/MiniOzoneClusterImpl-302fbd6a-0a7c-4e79-9456-5e178ffa3b85/datanode-1/data/ratis/40491d0b-dc2e-4c96-9cc1-cc1b921a8ca5/in_use.lock acquired by nodename 10974@trunk-nightly-20191006-mzxw6-951422410
2019-10-06 05:57:43,548 [pool-237-thread-1] INFO  storage.RaftStorageDirectory (RaftStorageDirectory.java:tryLock(328)) - Lock on /workdir/hadoop-ozone/integration-test/target/test-dir/MiniOzoneClusterImpl-302fbd6a-0a7c-4e79-9456-5e178ffa3b85/datanode-3/data/ratis/40491d0b-dc2e-4c96-9cc1-cc1b921a8ca5/in_use.lock acquired by nodename 10974@trunk-nightly-20191006-mzxw6-951422410
2019-10-06 05:57:43,548 [pool-227-thread-1] INFO  storage.RaftStorageDirectory (RaftStorageDirectory.java:tryLock(328)) - Lock on /workdir/hadoop-ozone/integration-test/target/test-dir/MiniOzoneClusterImpl-302fbd6a-0a7c-4e79-9456-5e178ffa3b85/datanode-2/data/ratis/40491d0b-dc2e-4c96-9cc1-cc1b921a8ca5/in_use.lock acquired by nodename 10974@trunk-nightly-20191006-mzxw6-951422410
2019-10-06 05:57:43,552 [pool-217-thread-1] INFO  storage.RaftStorage (RaftStorage.java:format(84)) - Storage directory /workdir/hadoop-ozone/integration-test/target/test-dir/MiniOzoneClusterImpl-302fbd6a-0a7c-4e79-9456-5e178ffa3b85/datanode-1/data/ratis/40491d0b-dc2e-4c96-9cc1-cc1b921a8ca5 has been successfully formatted.
2019-10-06 05:57:43,552 [pool-237-thread-1] INFO  storage.RaftStorage (RaftStorage.java:format(84)) - Storage directory /workdir/hadoop-ozone/integration-test/target/test-dir/MiniOzoneClusterImpl-302fbd6a-0a7c-4e79-9456-5e178ffa3b85/datanode-3/data/ratis/40491d0b-dc2e-4c96-9cc1-cc1b921a8ca5 has been successfully formatted.
2019-10-06 05:57:43,552 [pool-227-thread-1] INFO  storage.RaftStorage (RaftStorage.java:format(84)) - Storage directory /workdir/hadoop-ozone/integration-test/target/test-dir/MiniOzoneClusterImpl-302fbd6a-0a7c-4e79-9456-5e178ffa3b85/datanode-2/data/ratis/40491d0b-dc2e-4c96-9cc1-cc1b921a8ca5 has been successfully formatted.
2019-10-06 05:57:43,552 [pool-217-thread-1] INFO  ratis.ContainerStateMachine (ContainerStateMachine.java:loadSnapshot(230)) - group-CC1B921A8CA5: The snapshot info is null. Setting the last applied indexto:(t:0, i:~)
2019-10-06 05:57:43,552 [pool-227-thread-1] INFO  ratis.ContainerStateMachine (ContainerStateMachine.java:loadSnapshot(230)) - group-CC1B921A8CA5: The snapshot info is null. Setting the last applied indexto:(t:0, i:~)
2019-10-06 05:57:43,552 [pool-237-thread-1] INFO  ratis.ContainerStateMachine (ContainerStateMachine.java:loadSnapshot(230)) - group-CC1B921A8CA5: The snapshot info is null. Setting the last applied indexto:(t:0, i:~)
2019-10-06 05:57:43,552 [pool-227-thread-1] INFO  server.RaftServerConfigKeys (ConfUtils.java:logGet(43)) - raft.server.notification.no-leader.timeout = 120s (custom)
2019-10-06 05:57:43,552 [pool-217-thread-1] INFO  server.RaftServerConfigKeys (ConfUtils.java:logGet(43)) - raft.server.notification.no-leader.timeout = 120s (custom)
2019-10-06 05:57:43,553 [pool-227-thread-1] INFO  server.RaftServerConfigKeys (ConfUtils.java:logGet(43)) - raft.server.log.use.memory = false (default)
2019-10-06 05:57:43,553 [pool-237-thread-1] INFO  server.RaftServerConfigKeys (ConfUtils.java:logGet(43)) - raft.server.notification.no-leader.timeout = 120s (custom)
2019-10-06 05:57:43,553 [pool-227-thread-1] INFO  server.RaftServerConfigKeys (ConfUtils.java:logGet(43)) - raft.server.log.purge.gap = 1000000 (custom)
2019-10-06 05:57:43,553 [pool-217-thread-1] INFO  server.RaftServerConfigKeys (ConfUtils.java:logGet(43)) - raft.server.log.use.memory = false (default)
2019-10-06 05:57:43,553 [pool-227-thread-1] INFO  server.RaftServerConfigKeys (ConfUtils.java:logGet(43)) - raft.server.log.appender.buffer.byte-limit = 33554432 (custom)
2019-10-06 05:57:43,553 [pool-237-thread-1] INFO  server.RaftServerConfigKeys (ConfUtils.java:logGet(43)) - raft.server.log.use.memory = false (default)
2019-10-06 05:57:43,553 [pool-227-thread-1] INFO  server.RaftServerConfigKeys (ConfUtils.java:logGet(43)) - raft.server.log.segment.size.max = 1048576 (custom)
2019-10-06 05:57:43,553 [pool-217-thread-1] INFO  server.RaftServerConfigKeys (ConfUtils.java:logGet(43)) - raft.server.log.purge.gap = 1000000 (custom)
2019-10-06 05:57:43,554 [pool-227-thread-1] INFO  server.RaftServerConfigKeys (ConfUtils.java:logGet(43)) - raft.server.log.segment.cache.num.max = 2 (custom)
2019-10-06 05:57:43,553 [pool-237-thread-1] INFO  server.RaftServerConfigKeys (ConfUtils.java:logGet(43)) - raft.server.log.purge.gap = 1000000 (custom)
2019-10-06 05:57:43,554 [pool-227-thread-1] INFO  segmented.SegmentedRaftLogWorker (SegmentedRaftLogWorker.java:<init>(173)) - new c2fbd6fe-546b-4c5d-8829-05959505a398@group-CC1B921A8CA5-SegmentedRaftLogWorker for RaftStorage:Storage Directory /workdir/hadoop-ozone/integration-test/target/test-dir/MiniOzoneClusterImpl-302fbd6a-0a7c-4e79-9456-5e178ffa3b85/datanode-2/data/ratis/40491d0b-dc2e-4c96-9cc1-cc1b921a8ca5
2019-10-06 05:57:43,554 [pool-217-thread-1] INFO  server.RaftServerConfigKeys (ConfUtils.java:logGet(43)) - raft.server.log.appender.buffer.byte-limit = 33554432 (custom)
2019-10-06 05:57:43,554 [pool-227-thread-1] INFO  server.RaftServerConfigKeys (ConfUtils.java:logGet(43)) - raft.server.log.queue.byte-limit = 2147483647 (custom)
2019-10-06 05:57:43,554 [pool-227-thread-1] INFO  server.RaftServerConfigKeys (ConfUtils.java:logGet(43)) - raft.server.log.queue.element-limit = 1024 (custom)
2019-10-06 05:57:43,554 [pool-237-thread-1] INFO  server.RaftServerConfigKeys (ConfUtils.java:logGet(43)) - raft.server.log.appender.buffer.byte-limit = 33554432 (custom)
2019-10-06 05:57:43,554 [pool-227-thread-1] INFO  server.RaftServerConfigKeys (ConfUtils.java:logGet(43)) - raft.server.log.segment.size.max = 1048576 (custom)
2019-10-06 05:57:43,554 [pool-227-thread-1] INFO  server.RaftServerConfigKeys (ConfUtils.java:logGet(43)) - raft.server.log.preallocated.size = 16384 (custom)
2019-10-06 05:57:43,554 [pool-217-thread-1] INFO  server.RaftServerConfigKeys (ConfUtils.java:logGet(43)) - raft.server.log.segment.size.max = 1048576 (custom)
2019-10-06 05:57:43,555 [pool-227-thread-1] INFO  server.RaftServerConfigKeys (ConfUtils.java:logGet(43)) - raft.server.log.write.buffer.size = 33554432 (custom)
2019-10-06 05:57:43,554 [pool-237-thread-1] INFO  server.RaftServerConfigKeys (ConfUtils.java:logGet(43)) - raft.server.log.segment.size.max = 1048576 (custom)
2019-10-06 05:57:43,555 [pool-227-thread-1] INFO  server.RaftServerConfigKeys (ConfUtils.java:logGet(43)) - raft.server.log.force.sync.num = 128 (default)
2019-10-06 05:57:43,555 [pool-217-thread-1] INFO  server.RaftServerConfigKeys (ConfUtils.java:logGet(43)) - raft.server.log.segment.cache.num.max = 2 (custom)
2019-10-06 05:57:43,555 [pool-227-thread-1] INFO  server.RaftServerConfigKeys (ConfUtils.java:logGet(43)) - raft.server.log.statemachine.data.sync = true (default)
2019-10-06 05:57:43,555 [pool-237-thread-1] INFO  server.RaftServerConfigKeys (ConfUtils.java:logGet(43)) - raft.server.log.segment.cache.num.max = 2 (custom)
2019-10-06 05:57:43,555 [pool-227-thread-1] INFO  server.RaftServerConfigKeys (ConfUtils.java:logGet(43)) - raft.server.log.statemachine.data.sync.timeout = 10s (default)
2019-10-06 05:57:43,555 [pool-217-thread-1] INFO  segmented.SegmentedRaftLogWorker (SegmentedRaftLogWorker.java:<init>(173)) - new 58960bb6-1791-4bb0-9c36-a998f9195181@group-CC1B921A8CA5-SegmentedRaftLogWorker for RaftStorage:Storage Directory /workdir/hadoop-ozone/integration-test/target/test-dir/MiniOzoneClusterImpl-302fbd6a-0a7c-4e79-9456-5e178ffa3b85/datanode-1/data/ratis/40491d0b-dc2e-4c96-9cc1-cc1b921a8ca5
2019-10-06 05:57:43,555 [pool-227-thread-1] INFO  server.RaftServerConfigKeys (ConfUtils.java:logGet(43)) - raft.server.log.statemachine.data.sync.timeout.retry = -1 (default)
2019-10-06 05:57:43,555 [pool-237-thread-1] INFO  segmented.SegmentedRaftLogWorker (SegmentedRaftLogWorker.java:<init>(173)) - new f92d2d06-16ca-476c-af7f-960d805fe056@group-CC1B921A8CA5-SegmentedRaftLogWorker for RaftStorage:Storage Directory /workdir/hadoop-ozone/integration-test/target/test-dir/MiniOzoneClusterImpl-302fbd6a-0a7c-4e79-9456-5e178ffa3b85/datanode-3/data/ratis/40491d0b-dc2e-4c96-9cc1-cc1b921a8ca5
2019-10-06 05:57:43,556 [pool-227-thread-1] INFO  server.RaftServerConfigKeys (ConfUtils.java:logGet(43)) - raft.server.log.statemachine.data.caching.enabled = true (custom)
2019-10-06 05:57:43,556 [pool-217-thread-1] INFO  server.RaftServerConfigKeys (ConfUtils.java:logGet(43)) - raft.server.log.queue.byte-limit = 2147483647 (custom)
2019-10-06 05:57:43,556 [pool-227-thread-1] INFO  segmented.SegmentedRaftLogWorker (SegmentedRaftLogWorker.java:lambda$new$0(128)) - c2fbd6fe-546b-4c5d-8829-05959505a398@group-CC1B921A8CA5-SegmentedRaftLogWorker: flushIndex: setUnconditionally 0 -> -1
2019-10-06 05:57:43,556 [pool-237-thread-1] INFO  server.RaftServerConfigKeys (ConfUtils.java:logGet(43)) - raft.server.log.queue.byte-limit = 2147483647 (custom)
2019-10-06 05:57:43,556 [pool-227-thread-1] INFO  server.RaftServerConfigKeys (ConfUtils.java:logGet(43)) - raft.server.snapshot.auto.trigger.enabled = true (custom)
2019-10-06 05:57:43,556 [pool-217-thread-1] INFO  server.RaftServerConfigKeys (ConfUtils.java:logGet(43)) - raft.server.log.queue.element-limit = 1024 (custom)
2019-10-06 05:57:43,556 [pool-227-thread-1] INFO  server.RaftServerConfigKeys (ConfUtils.java:logGet(43)) - raft.server.snapshot.auto.trigger.threshold = 10000 (custom)
2019-10-06 05:57:43,556 [pool-237-thread-1] INFO  server.RaftServerConfigKeys (ConfUtils.java:logGet(43)) - raft.server.log.queue.element-limit = 1024 (custom)
2019-10-06 05:57:43,556 [pool-227-thread-1] INFO  server.RaftServerConfigKeys (ConfUtils.java:logGet(43)) - raft.server.snapshot.retention.file.num = 5 (custom)
2019-10-06 05:57:43,556 [pool-217-thread-1] INFO  server.RaftServerConfigKeys (ConfUtils.java:logGet(43)) - raft.server.log.segment.size.max = 1048576 (custom)
2019-10-06 05:57:43,557 [pool-227-thread-1] INFO  server.RaftServerConfigKeys (ConfUtils.java:logGet(43)) - raft.server.retrycache.expirytime = 600000ms (custom)
2019-10-06 05:57:43,557 [pool-237-thread-1] INFO  server.RaftServerConfigKeys (ConfUtils.java:logGet(43)) - raft.server.log.segment.size.max = 1048576 (custom)
2019-10-06 05:57:43,557 [pool-217-thread-1] INFO  server.RaftServerConfigKeys (ConfUtils.java:logGet(43)) - raft.server.log.preallocated.size = 16384 (custom)
2019-10-06 05:57:43,557 [pool-237-thread-1] INFO  server.RaftServerConfigKeys (ConfUtils.java:logGet(43)) - raft.server.log.preallocated.size = 16384 (custom)
2019-10-06 05:57:43,557 [pool-217-thread-1] INFO  server.RaftServerConfigKeys (ConfUtils.java:logGet(43)) - raft.server.log.write.buffer.size = 33554432 (custom)
2019-10-06 05:57:43,557 [pool-237-thread-1] INFO  server.RaftServerConfigKeys (ConfUtils.java:logGet(43)) - raft.server.log.write.buffer.size = 33554432 (custom)
2019-10-06 05:57:43,557 [pool-217-thread-1] INFO  server.RaftServerConfigKeys (ConfUtils.java:logGet(43)) - raft.server.log.force.sync.num = 128 (default)
2019-10-06 05:57:43,558 [pool-237-thread-1] INFO  server.RaftServerConfigKeys (ConfUtils.java:logGet(43)) - raft.server.log.force.sync.num = 128 (default)
2019-10-06 05:57:43,558 [pool-217-thread-1] INFO  server.RaftServerConfigKeys (ConfUtils.java:logGet(43)) - raft.server.log.statemachine.data.sync = true (default)
2019-10-06 05:57:43,558 [pool-237-thread-1] INFO  server.RaftServerConfigKeys (ConfUtils.java:logGet(43)) - raft.server.log.statemachine.data.sync = true (default)
2019-10-06 05:57:43,558 [pool-227-thread-1] INFO  impl.RaftServerImpl (RaftServerImpl.java:start(181)) - c2fbd6fe-546b-4c5d-8829-05959505a398@group-CC1B921A8CA5: start as a follower, conf=-1: [c2fbd6fe-546b-4c5d-8829-05959505a398:192.168.164.217:37082, f92d2d06-16ca-476c-af7f-960d805fe056:192.168.164.217:42158, 58960bb6-1791-4bb0-9c36-a998f9195181:192.168.164.217:45542], old=null
2019-10-06 05:57:43,558 [pool-217-thread-1] INFO  server.RaftServerConfigKeys (ConfUtils.java:logGet(43)) - raft.server.log.statemachine.data.sync.timeout = 10s (default)
2019-10-06 05:57:43,558 [pool-227-thread-1] INFO  impl.RaftServerImpl (RaftServerImpl.java:setRole(170)) - c2fbd6fe-546b-4c5d-8829-05959505a398@group-CC1B921A8CA5: changes role from      null to FOLLOWER at term 0 for startAsFollower
2019-10-06 05:57:43,558 [pool-237-thread-1] INFO  server.RaftServerConfigKeys (ConfUtils.java:logGet(43)) - raft.server.log.statemachine.data.sync.timeout = 10s (default)
2019-10-06 05:57:43,558 [pool-227-thread-1] INFO  impl.RoleInfo (RoleInfo.java:updateAndGet(143)) - c2fbd6fe-546b-4c5d-8829-05959505a398: start FollowerState
2019-10-06 05:57:43,558 [pool-217-thread-1] INFO  server.RaftServerConfigKeys (ConfUtils.java:logGet(43)) - raft.server.log.statemachine.data.sync.timeout.retry = -1 (default)
2019-10-06 05:57:43,558 [pool-237-thread-1] INFO  server.RaftServerConfigKeys (ConfUtils.java:logGet(43)) - raft.server.log.statemachine.data.sync.timeout.retry = -1 (default)
2019-10-06 05:57:43,559 [pool-227-thread-1] INFO  util.JmxRegister (JmxRegister.java:tryRegister(44)) - Successfully registered JMX Bean with object name Ratis:service=RaftServer,group=group-CC1B921A8CA5,id=c2fbd6fe-546b-4c5d-8829-05959505a398
2019-10-06 05:57:43,559 [pool-237-thread-1] INFO  server.RaftServerConfigKeys (ConfUtils.java:logGet(43)) - raft.server.log.statemachine.data.caching.enabled = true (custom)
2019-10-06 05:57:43,559 [pool-217-thread-1] INFO  server.RaftServerConfigKeys (ConfUtils.java:logGet(43)) - raft.server.log.statemachine.data.caching.enabled = true (custom)
2019-10-06 05:57:43,559 [pool-237-thread-1] INFO  segmented.SegmentedRaftLogWorker (SegmentedRaftLogWorker.java:lambda$new$0(128)) - f92d2d06-16ca-476c-af7f-960d805fe056@group-CC1B921A8CA5-SegmentedRaftLogWorker: flushIndex: setUnconditionally 0 -> -1
2019-10-06 05:57:43,559 [pool-217-thread-1] INFO  segmented.SegmentedRaftLogWorker (SegmentedRaftLogWorker.java:lambda$new$0(128)) - 58960bb6-1791-4bb0-9c36-a998f9195181@group-CC1B921A8CA5-SegmentedRaftLogWorker: flushIndex: setUnconditionally 0 -> -1
2019-10-06 05:57:43,559 [pool-237-thread-1] INFO  server.RaftServerConfigKeys (ConfUtils.java:logGet(43)) - raft.server.snapshot.auto.trigger.enabled = true (custom)
2019-10-06 05:57:43,560 [pool-217-thread-1] INFO  server.RaftServerConfigKeys (ConfUtils.java:logGet(43)) - raft.server.snapshot.auto.trigger.enabled = true (custom)
2019-10-06 05:57:43,560 [pool-237-thread-1] INFO  server.RaftServerConfigKeys (ConfUtils.java:logGet(43)) - raft.server.snapshot.auto.trigger.threshold = 10000 (custom)
2019-10-06 05:57:43,560 [pool-217-thread-1] INFO  server.RaftServerConfigKeys (ConfUtils.java:logGet(43)) - raft.server.snapshot.auto.trigger.threshold = 10000 (custom)
2019-10-06 05:57:43,560 [pool-237-thread-1] INFO  server.RaftServerConfigKeys (ConfUtils.java:logGet(43)) - raft.server.snapshot.retention.file.num = 5 (custom)
2019-10-06 05:57:43,560 [pool-217-thread-1] INFO  server.RaftServerConfigKeys (ConfUtils.java:logGet(43)) - raft.server.snapshot.retention.file.num = 5 (custom)
2019-10-06 05:57:43,560 [pool-237-thread-1] INFO  server.RaftServerConfigKeys (ConfUtils.java:logGet(43)) - raft.server.retrycache.expirytime = 600000ms (custom)
2019-10-06 05:57:43,560 [pool-217-thread-1] INFO  server.RaftServerConfigKeys (ConfUtils.java:logGet(43)) - raft.server.retrycache.expirytime = 600000ms (custom)
2019-10-06 05:57:43,563 [pool-237-thread-1] INFO  impl.RaftServerImpl (RaftServerImpl.java:start(181)) - f92d2d06-16ca-476c-af7f-960d805fe056@group-CC1B921A8CA5: start as a follower, conf=-1: [c2fbd6fe-546b-4c5d-8829-05959505a398:192.168.164.217:37082, f92d2d06-16ca-476c-af7f-960d805fe056:192.168.164.217:42158, 58960bb6-1791-4bb0-9c36-a998f9195181:192.168.164.217:45542], old=null
2019-10-06 05:57:43,563 [pool-237-thread-1] INFO  impl.RaftServerImpl (RaftServerImpl.java:setRole(170)) - f92d2d06-16ca-476c-af7f-960d805fe056@group-CC1B921A8CA5: changes role from      null to FOLLOWER at term 0 for startAsFollower
2019-10-06 05:57:43,563 [pool-217-thread-1] INFO  impl.RaftServerImpl (RaftServerImpl.java:start(181)) - 58960bb6-1791-4bb0-9c36-a998f9195181@group-CC1B921A8CA5: start as a follower, conf=-1: [c2fbd6fe-546b-4c5d-8829-05959505a398:192.168.164.217:37082, f92d2d06-16ca-476c-af7f-960d805fe056:192.168.164.217:42158, 58960bb6-1791-4bb0-9c36-a998f9195181:192.168.164.217:45542], old=null
2019-10-06 05:57:43,563 [pool-237-thread-1] INFO  impl.RoleInfo (RoleInfo.java:updateAndGet(143)) - f92d2d06-16ca-476c-af7f-960d805fe056: start FollowerState
2019-10-06 05:57:43,563 [pool-217-thread-1] INFO  impl.RaftServerImpl (RaftServerImpl.java:setRole(170)) - 58960bb6-1791-4bb0-9c36-a998f9195181@group-CC1B921A8CA5: changes role from      null to FOLLOWER at term 0 for startAsFollower
2019-10-06 05:57:43,564 [pool-217-thread-1] INFO  impl.RoleInfo (RoleInfo.java:updateAndGet(143)) - 58960bb6-1791-4bb0-9c36-a998f9195181: start FollowerState
2019-10-06 05:57:43,564 [pool-237-thread-1] INFO  util.JmxRegister (JmxRegister.java:tryRegister(44)) - Successfully registered JMX Bean with object name Ratis:service=RaftServer,group=group-CC1B921A8CA5,id=f92d2d06-16ca-476c-af7f-960d805fe056
2019-10-06 05:57:43,564 [pool-217-thread-1] INFO  util.JmxRegister (JmxRegister.java:tryRegister(44)) - Successfully registered JMX Bean with object name Ratis:service=RaftServer,group=group-CC1B921A8CA5,id=58960bb6-1791-4bb0-9c36-a998f9195181
2019-10-06 05:57:43,569 [RatisPipelineUtilsThread] INFO  pipeline.PipelineStateManager (PipelineStateManager.java:addPipeline(56)) - Created pipeline Pipeline[ Id: 40491d0b-dc2e-4c96-9cc1-cc1b921a8ca5, Nodes: c2fbd6fe-546b-4c5d-8829-05959505a398{ip: 192.168.164.217, host: trunk-nightly-20191006-mzxw6-951422410, networkLocation: /default-rack, certSerialId: null}f92d2d06-16ca-476c-af7f-960d805fe056{ip: 192.168.164.217, host: trunk-nightly-20191006-mzxw6-951422410, networkLocation: /default-rack, certSerialId: null}58960bb6-1791-4bb0-9c36-a998f9195181{ip: 192.168.164.217, host: trunk-nightly-20191006-mzxw6-951422410, networkLocation: /default-rack, certSerialId: null}, Type:RATIS, Factor:THREE, State:OPEN]
2019-10-06 05:57:43,579 [grpc-default-executor-5] INFO  impl.RaftServerProxy (RaftServerProxy.java:addNew(89)) - f2452b49-01e5-4276-a6f4-22abb7003ab4: addNew group-DFD70D494CB6:[f2452b49-01e5-4276-a6f4-22abb7003ab4:192.168.164.217:36281] returns group-DFD70D494CB6:java.util.concurrent.CompletableFuture@380c12f8[Not completed]
2019-10-06 05:57:43,580 [pool-247-thread-1] INFO  impl.RaftServerImpl (RaftServerImpl.java:<init>(95)) - f2452b49-01e5-4276-a6f4-22abb7003ab4: new RaftServerImpl for group-DFD70D494CB6:[f2452b49-01e5-4276-a6f4-22abb7003ab4:192.168.164.217:36281] with ContainerStateMachine:uninitialized
2019-10-06 05:57:43,582 [pool-247-thread-1] INFO  server.RaftServerConfigKeys (ConfUtils.java:logGet(43)) - raft.server.rpc.timeout.min = 5s (custom)
2019-10-06 05:57:43,582 [pool-247-thread-1] INFO  server.RaftServerConfigKeys (ConfUtils.java:logGet(43)) - raft.server.rpc.timeout.max = 5200ms (custom)
2019-10-06 05:57:43,582 [pool-247-thread-1] INFO  server.RaftServerConfigKeys (ConfUtils.java:logGet(43)) - raft.server.rpcslowness.timeout = 120s (custom)
2019-10-06 05:57:43,582 [pool-247-thread-1] INFO  server.RaftServerConfigKeys (ConfUtils.java:logGet(43)) - raft.server.sleep.deviation.threshold = 300 (default)
2019-10-06 05:57:43,582 [pool-247-thread-1] INFO  server.RaftServerConfigKeys (ConfUtils.java:logGet(43)) - raft.server.log.appender.install.snapshot.enabled = false (custom)
2019-10-06 05:57:43,582 [pool-247-thread-1] INFO  impl.RaftServerImpl (ServerState.java:<init>(103)) - f2452b49-01e5-4276-a6f4-22abb7003ab4@group-DFD70D494CB6: ConfigurationManager, init=-1: [f2452b49-01e5-4276-a6f4-22abb7003ab4:192.168.164.217:36281], old=null, confs=<EMPTY_MAP>
2019-10-06 05:57:43,582 [pool-247-thread-1] INFO  server.RaftServerConfigKeys (ConfUtils.java:logGet(43)) - raft.server.storage.dir = [/workdir/hadoop-ozone/integration-test/target/test-dir/MiniOzoneClusterImpl-302fbd6a-0a7c-4e79-9456-5e178ffa3b85/datanode-4/data/ratis] (custom)
2019-10-06 05:57:43,582 [pool-247-thread-1] INFO  server.RaftServerConfigKeys (ConfUtils.java:logGet(43)) - raft.server.log.corruption.policy = EXCEPTION (default)
2019-10-06 05:57:43,582 [pool-247-thread-1] INFO  storage.RaftStorageDirectory (RaftStorageDirectory.java:analyzeStorage(246)) - The storage directory /workdir/hadoop-ozone/integration-test/target/test-dir/MiniOzoneClusterImpl-302fbd6a-0a7c-4e79-9456-5e178ffa3b85/datanode-4/data/ratis/5c8b7e5f-6b0c-4cce-95fd-dfd70d494cb6 does not exist. Creating ...
2019-10-06 05:57:43,597 [pool-247-thread-1] INFO  storage.RaftStorageDirectory (RaftStorageDirectory.java:tryLock(328)) - Lock on /workdir/hadoop-ozone/integration-test/target/test-dir/MiniOzoneClusterImpl-302fbd6a-0a7c-4e79-9456-5e178ffa3b85/datanode-4/data/ratis/5c8b7e5f-6b0c-4cce-95fd-dfd70d494cb6/in_use.lock acquired by nodename 10974@trunk-nightly-20191006-mzxw6-951422410
2019-10-06 05:57:43,599 [IPC Server handler 7 on 39569] INFO  net.NetworkTopology (NetworkTopologyImpl.java:add(111)) - Added a new node: /default-rack/93b28853-314b-4cca-996b-58706c8865a9
2019-10-06 05:57:43,599 [IPC Server handler 7 on 39569] INFO  node.SCMNodeManager (SCMNodeManager.java:register(268)) - Registered Data node : 93b28853-314b-4cca-996b-58706c8865a9{ip: 192.168.164.217, host: trunk-nightly-20191006-mzxw6-951422410, networkLocation: /default-rack, certSerialId: null}
2019-10-06 05:57:43,611 [pool-247-thread-1] INFO  storage.RaftStorage (RaftStorage.java:format(84)) - Storage directory /workdir/hadoop-ozone/integration-test/target/test-dir/MiniOzoneClusterImpl-302fbd6a-0a7c-4e79-9456-5e178ffa3b85/datanode-4/data/ratis/5c8b7e5f-6b0c-4cce-95fd-dfd70d494cb6 has been successfully formatted.
2019-10-06 05:57:43,611 [pool-247-thread-1] INFO  ratis.ContainerStateMachine (ContainerStateMachine.java:loadSnapshot(230)) - group-DFD70D494CB6: The snapshot info is null. Setting the last applied indexto:(t:0, i:~)
2019-10-06 05:57:43,611 [pool-247-thread-1] INFO  server.RaftServerConfigKeys (ConfUtils.java:logGet(43)) - raft.server.notification.no-leader.timeout = 120s (custom)
2019-10-06 05:57:43,611 [pool-247-thread-1] INFO  server.RaftServerConfigKeys (ConfUtils.java:logGet(43)) - raft.server.log.use.memory = false (default)
2019-10-06 05:57:43,611 [pool-247-thread-1] INFO  server.RaftServerConfigKeys (ConfUtils.java:logGet(43)) - raft.server.log.purge.gap = 1000000 (custom)
2019-10-06 05:57:43,611 [pool-247-thread-1] INFO  server.RaftServerConfigKeys (ConfUtils.java:logGet(43)) - raft.server.log.appender.buffer.byte-limit = 33554432 (custom)
2019-10-06 05:57:43,611 [pool-247-thread-1] INFO  server.RaftServerConfigKeys (ConfUtils.java:logGet(43)) - raft.server.log.segment.size.max = 1048576 (custom)
2019-10-06 05:57:43,612 [pool-247-thread-1] INFO  server.RaftServerConfigKeys (ConfUtils.java:logGet(43)) - raft.server.log.segment.cache.num.max = 2 (custom)
2019-10-06 05:57:43,612 [pool-247-thread-1] INFO  segmented.SegmentedRaftLogWorker (SegmentedRaftLogWorker.java:<init>(173)) - new f2452b49-01e5-4276-a6f4-22abb7003ab4@group-DFD70D494CB6-SegmentedRaftLogWorker for RaftStorage:Storage Directory /workdir/hadoop-ozone/integration-test/target/test-dir/MiniOzoneClusterImpl-302fbd6a-0a7c-4e79-9456-5e178ffa3b85/datanode-4/data/ratis/5c8b7e5f-6b0c-4cce-95fd-dfd70d494cb6
2019-10-06 05:57:43,613 [pool-247-thread-1] INFO  server.RaftServerConfigKeys (ConfUtils.java:logGet(43)) - raft.server.log.queue.byte-limit = 2147483647 (custom)
2019-10-06 05:57:43,613 [pool-247-thread-1] INFO  server.RaftServerConfigKeys (ConfUtils.java:logGet(43)) - raft.server.log.queue.element-limit = 1024 (custom)
2019-10-06 05:57:43,613 [pool-247-thread-1] INFO  server.RaftServerConfigKeys (ConfUtils.java:logGet(43)) - raft.server.log.segment.size.max = 1048576 (custom)
2019-10-06 05:57:43,613 [pool-247-thread-1] INFO  server.RaftServerConfigKeys (ConfUtils.java:logGet(43)) - raft.server.log.preallocated.size = 16384 (custom)
2019-10-06 05:57:43,613 [pool-247-thread-1] INFO  server.RaftServerConfigKeys (ConfUtils.java:logGet(43)) - raft.server.log.write.buffer.size = 33554432 (custom)
2019-10-06 05:57:43,613 [pool-247-thread-1] INFO  server.RaftServerConfigKeys (ConfUtils.java:logGet(43)) - raft.server.log.force.sync.num = 128 (default)
2019-10-06 05:57:43,613 [pool-247-thread-1] INFO  server.RaftServerConfigKeys (ConfUtils.java:logGet(43)) - raft.server.log.statemachine.data.sync = true (default)
2019-10-06 05:57:43,613 [pool-247-thread-1] INFO  server.RaftServerConfigKeys (ConfUtils.java:logGet(43)) - raft.server.log.statemachine.data.sync.timeout = 10s (default)
2019-10-06 05:57:43,613 [pool-247-thread-1] INFO  server.RaftServerConfigKeys (ConfUtils.java:logGet(43)) - raft.server.log.statemachine.data.sync.timeout.retry = -1 (default)
2019-10-06 05:57:43,614 [pool-247-thread-1] INFO  server.RaftServerConfigKeys (ConfUtils.java:logGet(43)) - raft.server.log.statemachine.data.caching.enabled = true (custom)
2019-10-06 05:57:43,614 [pool-247-thread-1] INFO  segmented.SegmentedRaftLogWorker (SegmentedRaftLogWorker.java:lambda$new$0(128)) - f2452b49-01e5-4276-a6f4-22abb7003ab4@group-DFD70D494CB6-SegmentedRaftLogWorker: flushIndex: setUnconditionally 0 -> -1
2019-10-06 05:57:43,614 [pool-247-thread-1] INFO  server.RaftServerConfigKeys (ConfUtils.java:logGet(43)) - raft.server.snapshot.auto.trigger.enabled = true (custom)
2019-10-06 05:57:43,614 [pool-247-thread-1] INFO  server.RaftServerConfigKeys (ConfUtils.java:logGet(43)) - raft.server.snapshot.auto.trigger.threshold = 10000 (custom)
2019-10-06 05:57:43,614 [pool-247-thread-1] INFO  server.RaftServerConfigKeys (ConfUtils.java:logGet(43)) - raft.server.snapshot.retention.file.num = 5 (custom)
2019-10-06 05:57:43,614 [pool-247-thread-1] INFO  server.RaftServerConfigKeys (ConfUtils.java:logGet(43)) - raft.server.retrycache.expirytime = 600000ms (custom)
2019-10-06 05:57:43,616 [pool-247-thread-1] INFO  impl.RaftServerImpl (RaftServerImpl.java:start(181)) - f2452b49-01e5-4276-a6f4-22abb7003ab4@group-DFD70D494CB6: start as a follower, conf=-1: [f2452b49-01e5-4276-a6f4-22abb7003ab4:192.168.164.217:36281], old=null
2019-10-06 05:57:43,616 [pool-247-thread-1] INFO  impl.RaftServerImpl (RaftServerImpl.java:setRole(170)) - f2452b49-01e5-4276-a6f4-22abb7003ab4@group-DFD70D494CB6: changes role from      null to FOLLOWER at term 0 for startAsFollower
2019-10-06 05:57:43,616 [pool-247-thread-1] INFO  impl.RoleInfo (RoleInfo.java:updateAndGet(143)) - f2452b49-01e5-4276-a6f4-22abb7003ab4: start FollowerState
2019-10-06 05:57:43,616 [pool-247-thread-1] INFO  util.JmxRegister (JmxRegister.java:tryRegister(44)) - Successfully registered JMX Bean with object name Ratis:service=RaftServer,group=group-DFD70D494CB6,id=f2452b49-01e5-4276-a6f4-22abb7003ab4
2019-10-06 05:57:43,619 [RatisPipelineUtilsThread] INFO  pipeline.PipelineStateManager (PipelineStateManager.java:addPipeline(56)) - Created pipeline Pipeline[ Id: 5c8b7e5f-6b0c-4cce-95fd-dfd70d494cb6, Nodes: f2452b49-01e5-4276-a6f4-22abb7003ab4{ip: 192.168.164.217, host: trunk-nightly-20191006-mzxw6-951422410, networkLocation: /default-rack, certSerialId: null}, Type:RATIS, Factor:ONE, State:OPEN]
2019-10-06 05:57:43,636 [grpc-default-executor-5] INFO  impl.RaftServerProxy (RaftServerProxy.java:addNew(89)) - 93b28853-314b-4cca-996b-58706c8865a9: addNew group-CCFCFC521FB7:[93b28853-314b-4cca-996b-58706c8865a9:192.168.164.217:39115] returns group-CCFCFC521FB7:java.util.concurrent.CompletableFuture@f960b7a[Not completed]
2019-10-06 05:57:43,637 [pool-257-thread-1] INFO  impl.RaftServerImpl (RaftServerImpl.java:<init>(95)) - 93b28853-314b-4cca-996b-58706c8865a9: new RaftServerImpl for group-CCFCFC521FB7:[93b28853-314b-4cca-996b-58706c8865a9:192.168.164.217:39115] with ContainerStateMachine:uninitialized
2019-10-06 05:57:43,637 [pool-257-thread-1] INFO  server.RaftServerConfigKeys (ConfUtils.java:logGet(43)) - raft.server.rpc.timeout.min = 5s (custom)
2019-10-06 05:57:43,637 [pool-257-thread-1] INFO  server.RaftServerConfigKeys (ConfUtils.java:logGet(43)) - raft.server.rpc.timeout.max = 5200ms (custom)
2019-10-06 05:57:43,637 [pool-257-thread-1] INFO  server.RaftServerConfigKeys (ConfUtils.java:logGet(43)) - raft.server.rpcslowness.timeout = 120s (custom)
2019-10-06 05:57:43,637 [pool-257-thread-1] INFO  server.RaftServerConfigKeys (ConfUtils.java:logGet(43)) - raft.server.sleep.deviation.threshold = 300 (default)
2019-10-06 05:57:43,637 [pool-257-thread-1] INFO  server.RaftServerConfigKeys (ConfUtils.java:logGet(43)) - raft.server.log.appender.install.snapshot.enabled = false (custom)
2019-10-06 05:57:43,637 [pool-257-thread-1] INFO  impl.RaftServerImpl (ServerState.java:<init>(103)) - 93b28853-314b-4cca-996b-58706c8865a9@group-CCFCFC521FB7: ConfigurationManager, init=-1: [93b28853-314b-4cca-996b-58706c8865a9:192.168.164.217:39115], old=null, confs=<EMPTY_MAP>
2019-10-06 05:57:43,637 [pool-257-thread-1] INFO  server.RaftServerConfigKeys (ConfUtils.java:logGet(43)) - raft.server.storage.dir = [/workdir/hadoop-ozone/integration-test/target/test-dir/MiniOzoneClusterImpl-302fbd6a-0a7c-4e79-9456-5e178ffa3b85/datanode-5/data/ratis] (custom)
2019-10-06 05:57:43,637 [pool-257-thread-1] INFO  server.RaftServerConfigKeys (ConfUtils.java:logGet(43)) - raft.server.log.corruption.policy = EXCEPTION (default)
2019-10-06 05:57:43,638 [pool-257-thread-1] INFO  storage.RaftStorageDirectory (RaftStorageDirectory.java:analyzeStorage(246)) - The storage directory /workdir/hadoop-ozone/integration-test/target/test-dir/MiniOzoneClusterImpl-302fbd6a-0a7c-4e79-9456-5e178ffa3b85/datanode-5/data/ratis/7c3328c0-12e9-4cd2-911e-ccfcfc521fb7 does not exist. Creating ...
2019-10-06 05:57:43,650 [pool-257-thread-1] INFO  storage.RaftStorageDirectory (RaftStorageDirectory.java:tryLock(328)) - Lock on /workdir/hadoop-ozone/integration-test/target/test-dir/MiniOzoneClusterImpl-302fbd6a-0a7c-4e79-9456-5e178ffa3b85/datanode-5/data/ratis/7c3328c0-12e9-4cd2-911e-ccfcfc521fb7/in_use.lock acquired by nodename 10974@trunk-nightly-20191006-mzxw6-951422410
2019-10-06 05:57:43,661 [main] INFO  ozone.MiniOzoneClusterImpl (MiniOzoneClusterImpl.java:lambda$waitForClusterToBeReady$0(147)) - Waiting for cluster to be ready. Got 6 of 7 DN Heartbeats.
2019-10-06 05:57:43,662 [IPC Server handler 0 on 39569] INFO  net.NetworkTopology (NetworkTopologyImpl.java:add(111)) - Added a new node: /default-rack/e9442dbb-ac44-4013-9e4d-46822cde08e6
2019-10-06 05:57:43,662 [IPC Server handler 0 on 39569] INFO  node.SCMNodeManager (SCMNodeManager.java:register(268)) - Registered Data node : e9442dbb-ac44-4013-9e4d-46822cde08e6{ip: 192.168.164.217, host: trunk-nightly-20191006-mzxw6-951422410, networkLocation: /default-rack, certSerialId: null}
2019-10-06 05:57:43,663 [pool-257-thread-1] INFO  storage.RaftStorage (RaftStorage.java:format(84)) - Storage directory /workdir/hadoop-ozone/integration-test/target/test-dir/MiniOzoneClusterImpl-302fbd6a-0a7c-4e79-9456-5e178ffa3b85/datanode-5/data/ratis/7c3328c0-12e9-4cd2-911e-ccfcfc521fb7 has been successfully formatted.
2019-10-06 05:57:43,663 [pool-257-thread-1] INFO  ratis.ContainerStateMachine (ContainerStateMachine.java:loadSnapshot(230)) - group-CCFCFC521FB7: The snapshot info is null. Setting the last applied indexto:(t:0, i:~)
2019-10-06 05:57:43,663 [pool-257-thread-1] INFO  server.RaftServerConfigKeys (ConfUtils.java:logGet(43)) - raft.server.notification.no-leader.timeout = 120s (custom)
2019-10-06 05:57:43,663 [pool-257-thread-1] INFO  server.RaftServerConfigKeys (ConfUtils.java:logGet(43)) - raft.server.log.use.memory = false (default)
2019-10-06 05:57:43,663 [pool-257-thread-1] INFO  server.RaftServerConfigKeys (ConfUtils.java:logGet(43)) - raft.server.log.purge.gap = 1000000 (custom)
2019-10-06 05:57:43,663 [pool-257-thread-1] INFO  server.RaftServerConfigKeys (ConfUtils.java:logGet(43)) - raft.server.log.appender.buffer.byte-limit = 33554432 (custom)
2019-10-06 05:57:43,664 [pool-257-thread-1] INFO  server.RaftServerConfigKeys (ConfUtils.java:logGet(43)) - raft.server.log.segment.size.max = 1048576 (custom)
2019-10-06 05:57:43,665 [pool-257-thread-1] INFO  server.RaftServerConfigKeys (ConfUtils.java:logGet(43)) - raft.server.log.segment.cache.num.max = 2 (custom)
2019-10-06 05:57:43,665 [pool-257-thread-1] INFO  segmented.SegmentedRaftLogWorker (SegmentedRaftLogWorker.java:<init>(173)) - new 93b28853-314b-4cca-996b-58706c8865a9@group-CCFCFC521FB7-SegmentedRaftLogWorker for RaftStorage:Storage Directory /workdir/hadoop-ozone/integration-test/target/test-dir/MiniOzoneClusterImpl-302fbd6a-0a7c-4e79-9456-5e178ffa3b85/datanode-5/data/ratis/7c3328c0-12e9-4cd2-911e-ccfcfc521fb7
2019-10-06 05:57:43,665 [pool-257-thread-1] INFO  server.RaftServerConfigKeys (ConfUtils.java:logGet(43)) - raft.server.log.queue.byte-limit = 2147483647 (custom)
2019-10-06 05:57:43,665 [pool-257-thread-1] INFO  server.RaftServerConfigKeys (ConfUtils.java:logGet(43)) - raft.server.log.queue.element-limit = 1024 (custom)
2019-10-06 05:57:43,665 [pool-257-thread-1] INFO  server.RaftServerConfigKeys (ConfUtils.java:logGet(43)) - raft.server.log.segment.size.max = 1048576 (custom)
2019-10-06 05:57:43,665 [pool-257-thread-1] INFO  server.RaftServerConfigKeys (ConfUtils.java:logGet(43)) - raft.server.log.preallocated.size = 16384 (custom)
2019-10-06 05:57:43,665 [pool-257-thread-1] INFO  server.RaftServerConfigKeys (ConfUtils.java:logGet(43)) - raft.server.log.write.buffer.size = 33554432 (custom)
2019-10-06 05:57:43,665 [pool-257-thread-1] INFO  server.RaftServerConfigKeys (ConfUtils.java:logGet(43)) - raft.server.log.force.sync.num = 128 (default)
2019-10-06 05:57:43,666 [pool-257-thread-1] INFO  server.RaftServerConfigKeys (ConfUtils.java:logGet(43)) - raft.server.log.statemachine.data.sync = true (default)
2019-10-06 05:57:43,666 [pool-257-thread-1] INFO  server.RaftServerConfigKeys (ConfUtils.java:logGet(43)) - raft.server.log.statemachine.data.sync.timeout = 10s (default)
2019-10-06 05:57:43,666 [pool-257-thread-1] INFO  server.RaftServerConfigKeys (ConfUtils.java:logGet(43)) - raft.server.log.statemachine.data.sync.timeout.retry = -1 (default)
2019-10-06 05:57:43,666 [pool-257-thread-1] INFO  server.RaftServerConfigKeys (ConfUtils.java:logGet(43)) - raft.server.log.statemachine.data.caching.enabled = true (custom)
2019-10-06 05:57:43,666 [pool-257-thread-1] INFO  segmented.SegmentedRaftLogWorker (SegmentedRaftLogWorker.java:lambda$new$0(128)) - 93b28853-314b-4cca-996b-58706c8865a9@group-CCFCFC521FB7-SegmentedRaftLogWorker: flushIndex: setUnconditionally 0 -> -1
2019-10-06 05:57:43,667 [pool-257-thread-1] INFO  server.RaftServerConfigKeys (ConfUtils.java:logGet(43)) - raft.server.snapshot.auto.trigger.enabled = true (custom)
2019-10-06 05:57:43,667 [pool-257-thread-1] INFO  server.RaftServerConfigKeys (ConfUtils.java:logGet(43)) - raft.server.snapshot.auto.trigger.threshold = 10000 (custom)
2019-10-06 05:57:43,667 [pool-257-thread-1] INFO  server.RaftServerConfigKeys (ConfUtils.java:logGet(43)) - raft.server.snapshot.retention.file.num = 5 (custom)
2019-10-06 05:57:43,667 [pool-257-thread-1] INFO  server.RaftServerConfigKeys (ConfUtils.java:logGet(43)) - raft.server.retrycache.expirytime = 600000ms (custom)
2019-10-06 05:57:43,668 [pool-257-thread-1] INFO  impl.RaftServerImpl (RaftServerImpl.java:start(181)) - 93b28853-314b-4cca-996b-58706c8865a9@group-CCFCFC521FB7: start as a follower, conf=-1: [93b28853-314b-4cca-996b-58706c8865a9:192.168.164.217:39115], old=null
2019-10-06 05:57:43,668 [pool-257-thread-1] INFO  impl.RaftServerImpl (RaftServerImpl.java:setRole(170)) - 93b28853-314b-4cca-996b-58706c8865a9@group-CCFCFC521FB7: changes role from      null to FOLLOWER at term 0 for startAsFollower
2019-10-06 05:57:43,668 [pool-257-thread-1] INFO  impl.RoleInfo (RoleInfo.java:updateAndGet(143)) - 93b28853-314b-4cca-996b-58706c8865a9: start FollowerState
2019-10-06 05:57:43,669 [pool-257-thread-1] INFO  util.JmxRegister (JmxRegister.java:tryRegister(44)) - Successfully registered JMX Bean with object name Ratis:service=RaftServer,group=group-CCFCFC521FB7,id=93b28853-314b-4cca-996b-58706c8865a9
2019-10-06 05:57:43,672 [RatisPipelineUtilsThread] INFO  pipeline.PipelineStateManager (PipelineStateManager.java:addPipeline(56)) - Created pipeline Pipeline[ Id: 7c3328c0-12e9-4cd2-911e-ccfcfc521fb7, Nodes: 93b28853-314b-4cca-996b-58706c8865a9{ip: 192.168.164.217, host: trunk-nightly-20191006-mzxw6-951422410, networkLocation: /default-rack, certSerialId: null}, Type:RATIS, Factor:ONE, State:OPEN]
2019-10-06 05:57:43,679 [grpc-default-executor-5] INFO  impl.RaftServerProxy (RaftServerProxy.java:addNew(89)) - e9442dbb-ac44-4013-9e4d-46822cde08e6: addNew group-8C613BFB0814:[e9442dbb-ac44-4013-9e4d-46822cde08e6:192.168.164.217:43213] returns group-8C613BFB0814:java.util.concurrent.CompletableFuture@5129662a[Not completed]
2019-10-06 05:57:43,680 [pool-267-thread-1] INFO  impl.RaftServerImpl (RaftServerImpl.java:<init>(95)) - e9442dbb-ac44-4013-9e4d-46822cde08e6: new RaftServerImpl for group-8C613BFB0814:[e9442dbb-ac44-4013-9e4d-46822cde08e6:192.168.164.217:43213] with ContainerStateMachine:uninitialized
2019-10-06 05:57:43,680 [pool-267-thread-1] INFO  server.RaftServerConfigKeys (ConfUtils.java:logGet(43)) - raft.server.rpc.timeout.min = 5s (custom)
2019-10-06 05:57:43,680 [pool-267-thread-1] INFO  server.RaftServerConfigKeys (ConfUtils.java:logGet(43)) - raft.server.rpc.timeout.max = 5200ms (custom)
2019-10-06 05:57:43,680 [pool-267-thread-1] INFO  server.RaftServerConfigKeys (ConfUtils.java:logGet(43)) - raft.server.rpcslowness.timeout = 120s (custom)
2019-10-06 05:57:43,680 [pool-267-thread-1] INFO  server.RaftServerConfigKeys (ConfUtils.java:logGet(43)) - raft.server.sleep.deviation.threshold = 300 (default)
2019-10-06 05:57:43,680 [pool-267-thread-1] INFO  server.RaftServerConfigKeys (ConfUtils.java:logGet(43)) - raft.server.log.appender.install.snapshot.enabled = false (custom)
2019-10-06 05:57:43,681 [pool-267-thread-1] INFO  impl.RaftServerImpl (ServerState.java:<init>(103)) - e9442dbb-ac44-4013-9e4d-46822cde08e6@group-8C613BFB0814: ConfigurationManager, init=-1: [e9442dbb-ac44-4013-9e4d-46822cde08e6:192.168.164.217:43213], old=null, confs=<EMPTY_MAP>
2019-10-06 05:57:43,681 [pool-267-thread-1] INFO  server.RaftServerConfigKeys (ConfUtils.java:logGet(43)) - raft.server.storage.dir = [/workdir/hadoop-ozone/integration-test/target/test-dir/MiniOzoneClusterImpl-302fbd6a-0a7c-4e79-9456-5e178ffa3b85/datanode-6/data/ratis] (custom)
2019-10-06 05:57:43,681 [pool-267-thread-1] INFO  server.RaftServerConfigKeys (ConfUtils.java:logGet(43)) - raft.server.log.corruption.policy = EXCEPTION (default)
2019-10-06 05:57:43,681 [pool-267-thread-1] INFO  storage.RaftStorageDirectory (RaftStorageDirectory.java:analyzeStorage(246)) - The storage directory /workdir/hadoop-ozone/integration-test/target/test-dir/MiniOzoneClusterImpl-302fbd6a-0a7c-4e79-9456-5e178ffa3b85/datanode-6/data/ratis/8b69b706-b287-4d6d-94de-8c613bfb0814 does not exist. Creating ...
2019-10-06 05:57:43,694 [pool-267-thread-1] INFO  storage.RaftStorageDirectory (RaftStorageDirectory.java:tryLock(328)) - Lock on /workdir/hadoop-ozone/integration-test/target/test-dir/MiniOzoneClusterImpl-302fbd6a-0a7c-4e79-9456-5e178ffa3b85/datanode-6/data/ratis/8b69b706-b287-4d6d-94de-8c613bfb0814/in_use.lock acquired by nodename 10974@trunk-nightly-20191006-mzxw6-951422410
2019-10-06 05:57:43,707 [pool-267-thread-1] INFO  storage.RaftStorage (RaftStorage.java:format(84)) - Storage directory /workdir/hadoop-ozone/integration-test/target/test-dir/MiniOzoneClusterImpl-302fbd6a-0a7c-4e79-9456-5e178ffa3b85/datanode-6/data/ratis/8b69b706-b287-4d6d-94de-8c613bfb0814 has been successfully formatted.
2019-10-06 05:57:43,707 [pool-267-thread-1] INFO  ratis.ContainerStateMachine (ContainerStateMachine.java:loadSnapshot(230)) - group-8C613BFB0814: The snapshot info is null. Setting the last applied indexto:(t:0, i:~)
2019-10-06 05:57:43,707 [pool-267-thread-1] INFO  server.RaftServerConfigKeys (ConfUtils.java:logGet(43)) - raft.server.notification.no-leader.timeout = 120s (custom)
2019-10-06 05:57:43,707 [pool-267-thread-1] INFO  server.RaftServerConfigKeys (ConfUtils.java:logGet(43)) - raft.server.log.use.memory = false (default)
2019-10-06 05:57:43,707 [pool-267-thread-1] INFO  server.RaftServerConfigKeys (ConfUtils.java:logGet(43)) - raft.server.log.purge.gap = 1000000 (custom)
2019-10-06 05:57:43,707 [pool-267-thread-1] INFO  server.RaftServerConfigKeys (ConfUtils.java:logGet(43)) - raft.server.log.appender.buffer.byte-limit = 33554432 (custom)
2019-10-06 05:57:43,707 [pool-267-thread-1] INFO  server.RaftServerConfigKeys (ConfUtils.java:logGet(43)) - raft.server.log.segment.size.max = 1048576 (custom)
2019-10-06 05:57:43,708 [pool-267-thread-1] INFO  server.RaftServerConfigKeys (ConfUtils.java:logGet(43)) - raft.server.log.segment.cache.num.max = 2 (custom)
2019-10-06 05:57:43,709 [pool-267-thread-1] INFO  segmented.SegmentedRaftLogWorker (SegmentedRaftLogWorker.java:<init>(173)) - new e9442dbb-ac44-4013-9e4d-46822cde08e6@group-8C613BFB0814-SegmentedRaftLogWorker for RaftStorage:Storage Directory /workdir/hadoop-ozone/integration-test/target/test-dir/MiniOzoneClusterImpl-302fbd6a-0a7c-4e79-9456-5e178ffa3b85/datanode-6/data/ratis/8b69b706-b287-4d6d-94de-8c613bfb0814
2019-10-06 05:57:43,709 [pool-267-thread-1] INFO  server.RaftServerConfigKeys (ConfUtils.java:logGet(43)) - raft.server.log.queue.byte-limit = 2147483647 (custom)
2019-10-06 05:57:43,709 [pool-267-thread-1] INFO  server.RaftServerConfigKeys (ConfUtils.java:logGet(43)) - raft.server.log.queue.element-limit = 1024 (custom)
2019-10-06 05:57:43,709 [pool-267-thread-1] INFO  server.RaftServerConfigKeys (ConfUtils.java:logGet(43)) - raft.server.log.segment.size.max = 1048576 (custom)
2019-10-06 05:57:43,709 [pool-267-thread-1] INFO  server.RaftServerConfigKeys (ConfUtils.java:logGet(43)) - raft.server.log.preallocated.size = 16384 (custom)
2019-10-06 05:57:43,709 [pool-267-thread-1] INFO  server.RaftServerConfigKeys (ConfUtils.java:logGet(43)) - raft.server.log.write.buffer.size = 33554432 (custom)
2019-10-06 05:57:43,709 [pool-267-thread-1] INFO  server.RaftServerConfigKeys (ConfUtils.java:logGet(43)) - raft.server.log.force.sync.num = 128 (default)
2019-10-06 05:57:43,709 [pool-267-thread-1] INFO  server.RaftServerConfigKeys (ConfUtils.java:logGet(43)) - raft.server.log.statemachine.data.sync = true (default)
2019-10-06 05:57:43,709 [pool-267-thread-1] INFO  server.RaftServerConfigKeys (ConfUtils.java:logGet(43)) - raft.server.log.statemachine.data.sync.timeout = 10s (default)
2019-10-06 05:57:43,709 [pool-267-thread-1] INFO  server.RaftServerConfigKeys (ConfUtils.java:logGet(43)) - raft.server.log.statemachine.data.sync.timeout.retry = -1 (default)
2019-10-06 05:57:43,710 [pool-267-thread-1] INFO  server.RaftServerConfigKeys (ConfUtils.java:logGet(43)) - raft.server.log.statemachine.data.caching.enabled = true (custom)
2019-10-06 05:57:43,710 [pool-267-thread-1] INFO  segmented.SegmentedRaftLogWorker (SegmentedRaftLogWorker.java:lambda$new$0(128)) - e9442dbb-ac44-4013-9e4d-46822cde08e6@group-8C613BFB0814-SegmentedRaftLogWorker: flushIndex: setUnconditionally 0 -> -1
2019-10-06 05:57:43,710 [pool-267-thread-1] INFO  server.RaftServerConfigKeys (ConfUtils.java:logGet(43)) - raft.server.snapshot.auto.trigger.enabled = true (custom)
2019-10-06 05:57:43,710 [pool-267-thread-1] INFO  server.RaftServerConfigKeys (ConfUtils.java:logGet(43)) - raft.server.snapshot.auto.trigger.threshold = 10000 (custom)
2019-10-06 05:57:43,710 [pool-267-thread-1] INFO  server.RaftServerConfigKeys (ConfUtils.java:logGet(43)) - raft.server.snapshot.retention.file.num = 5 (custom)
2019-10-06 05:57:43,710 [pool-267-thread-1] INFO  server.RaftServerConfigKeys (ConfUtils.java:logGet(43)) - raft.server.retrycache.expirytime = 600000ms (custom)
2019-10-06 05:57:43,712 [pool-267-thread-1] INFO  impl.RaftServerImpl (RaftServerImpl.java:start(181)) - e9442dbb-ac44-4013-9e4d-46822cde08e6@group-8C613BFB0814: start as a follower, conf=-1: [e9442dbb-ac44-4013-9e4d-46822cde08e6:192.168.164.217:43213], old=null
2019-10-06 05:57:43,712 [pool-267-thread-1] INFO  impl.RaftServerImpl (RaftServerImpl.java:setRole(170)) - e9442dbb-ac44-4013-9e4d-46822cde08e6@group-8C613BFB0814: changes role from      null to FOLLOWER at term 0 for startAsFollower
2019-10-06 05:57:43,712 [pool-267-thread-1] INFO  impl.RoleInfo (RoleInfo.java:updateAndGet(143)) - e9442dbb-ac44-4013-9e4d-46822cde08e6: start FollowerState
2019-10-06 05:57:43,712 [pool-267-thread-1] INFO  util.JmxRegister (JmxRegister.java:tryRegister(44)) - Successfully registered JMX Bean with object name Ratis:service=RaftServer,group=group-8C613BFB0814,id=e9442dbb-ac44-4013-9e4d-46822cde08e6
2019-10-06 05:57:43,716 [RatisPipelineUtilsThread] INFO  pipeline.PipelineStateManager (PipelineStateManager.java:addPipeline(56)) - Created pipeline Pipeline[ Id: 8b69b706-b287-4d6d-94de-8c613bfb0814, Nodes: e9442dbb-ac44-4013-9e4d-46822cde08e6{ip: 192.168.164.217, host: trunk-nightly-20191006-mzxw6-951422410, networkLocation: /default-rack, certSerialId: null}, Type:RATIS, Factor:ONE, State:OPEN]
2019-10-06 05:57:43,728 [grpc-default-executor-4] INFO  impl.RaftServerProxy (RaftServerProxy.java:addNew(89)) - 3e9c116c-e13a-4d69-bdab-06bfa97df644: addNew group-619831DA685A:[93b28853-314b-4cca-996b-58706c8865a9:192.168.164.217:39115, 3e9c116c-e13a-4d69-bdab-06bfa97df644:192.168.164.217:39233, f2452b49-01e5-4276-a6f4-22abb7003ab4:192.168.164.217:36281] returns group-619831DA685A:java.util.concurrent.CompletableFuture@6d913c1d[Not completed]
2019-10-06 05:57:43,731 [grpc-default-executor-1] INFO  impl.RaftServerProxy (RaftServerProxy.java:addNew(89)) - 93b28853-314b-4cca-996b-58706c8865a9: addNew group-619831DA685A:[93b28853-314b-4cca-996b-58706c8865a9:192.168.164.217:39115, 3e9c116c-e13a-4d69-bdab-06bfa97df644:192.168.164.217:39233, f2452b49-01e5-4276-a6f4-22abb7003ab4:192.168.164.217:36281] returns group-619831DA685A:java.util.concurrent.CompletableFuture@15ec6ac9[Not completed]
2019-10-06 05:57:43,731 [grpc-default-executor-1] INFO  impl.RaftServerProxy (RaftServerProxy.java:addNew(89)) - f2452b49-01e5-4276-a6f4-22abb7003ab4: addNew group-619831DA685A:[93b28853-314b-4cca-996b-58706c8865a9:192.168.164.217:39115, 3e9c116c-e13a-4d69-bdab-06bfa97df644:192.168.164.217:39233, f2452b49-01e5-4276-a6f4-22abb7003ab4:192.168.164.217:36281] returns group-619831DA685A:java.util.concurrent.CompletableFuture@4531761b[Not completed]
2019-10-06 05:57:43,732 [pool-257-thread-1] INFO  impl.RaftServerImpl (RaftServerImpl.java:<init>(95)) - 93b28853-314b-4cca-996b-58706c8865a9: new RaftServerImpl for group-619831DA685A:[93b28853-314b-4cca-996b-58706c8865a9:192.168.164.217:39115, 3e9c116c-e13a-4d69-bdab-06bfa97df644:192.168.164.217:39233, f2452b49-01e5-4276-a6f4-22abb7003ab4:192.168.164.217:36281] with ContainerStateMachine:uninitialized
2019-10-06 05:57:43,732 [pool-257-thread-1] INFO  server.RaftServerConfigKeys (ConfUtils.java:logGet(43)) - raft.server.rpc.timeout.min = 5s (custom)
2019-10-06 05:57:43,732 [pool-257-thread-1] INFO  server.RaftServerConfigKeys (ConfUtils.java:logGet(43)) - raft.server.rpc.timeout.max = 5200ms (custom)
2019-10-06 05:57:43,732 [pool-257-thread-1] INFO  server.RaftServerConfigKeys (ConfUtils.java:logGet(43)) - raft.server.rpcslowness.timeout = 120s (custom)
2019-10-06 05:57:43,732 [pool-257-thread-1] INFO  server.RaftServerConfigKeys (ConfUtils.java:logGet(43)) - raft.server.sleep.deviation.threshold = 300 (default)
2019-10-06 05:57:43,732 [pool-257-thread-1] INFO  server.RaftServerConfigKeys (ConfUtils.java:logGet(43)) - raft.server.log.appender.install.snapshot.enabled = false (custom)
2019-10-06 05:57:43,732 [pool-257-thread-1] INFO  impl.RaftServerImpl (ServerState.java:<init>(103)) - 93b28853-314b-4cca-996b-58706c8865a9@group-619831DA685A: ConfigurationManager, init=-1: [93b28853-314b-4cca-996b-58706c8865a9:192.168.164.217:39115, 3e9c116c-e13a-4d69-bdab-06bfa97df644:192.168.164.217:39233, f2452b49-01e5-4276-a6f4-22abb7003ab4:192.168.164.217:36281], old=null, confs=<EMPTY_MAP>
2019-10-06 05:57:43,732 [pool-257-thread-1] INFO  server.RaftServerConfigKeys (ConfUtils.java:logGet(43)) - raft.server.storage.dir = [/workdir/hadoop-ozone/integration-test/target/test-dir/MiniOzoneClusterImpl-302fbd6a-0a7c-4e79-9456-5e178ffa3b85/datanode-5/data/ratis] (custom)
2019-10-06 05:57:43,733 [pool-207-thread-1] INFO  impl.RaftServerImpl (RaftServerImpl.java:<init>(95)) - 3e9c116c-e13a-4d69-bdab-06bfa97df644: new RaftServerImpl for group-619831DA685A:[93b28853-314b-4cca-996b-58706c8865a9:192.168.164.217:39115, 3e9c116c-e13a-4d69-bdab-06bfa97df644:192.168.164.217:39233, f2452b49-01e5-4276-a6f4-22abb7003ab4:192.168.164.217:36281] with ContainerStateMachine:uninitialized
2019-10-06 05:57:43,733 [pool-257-thread-1] INFO  server.RaftServerConfigKeys (ConfUtils.java:logGet(43)) - raft.server.log.corruption.policy = EXCEPTION (default)
2019-10-06 05:57:43,733 [pool-207-thread-1] INFO  server.RaftServerConfigKeys (ConfUtils.java:logGet(43)) - raft.server.rpc.timeout.min = 5s (custom)
2019-10-06 05:57:43,733 [pool-257-thread-1] INFO  storage.RaftStorageDirectory (RaftStorageDirectory.java:analyzeStorage(246)) - The storage directory /workdir/hadoop-ozone/integration-test/target/test-dir/MiniOzoneClusterImpl-302fbd6a-0a7c-4e79-9456-5e178ffa3b85/datanode-5/data/ratis/1ab42825-fffa-4991-b5cc-619831da685a does not exist. Creating ...
2019-10-06 05:57:43,733 [pool-207-thread-1] INFO  server.RaftServerConfigKeys (ConfUtils.java:logGet(43)) - raft.server.rpc.timeout.max = 5200ms (custom)
2019-10-06 05:57:43,733 [pool-207-thread-1] INFO  server.RaftServerConfigKeys (ConfUtils.java:logGet(43)) - raft.server.rpcslowness.timeout = 120s (custom)
2019-10-06 05:57:43,733 [pool-247-thread-1] INFO  impl.RaftServerImpl (RaftServerImpl.java:<init>(95)) - f2452b49-01e5-4276-a6f4-22abb7003ab4: new RaftServerImpl for group-619831DA685A:[93b28853-314b-4cca-996b-58706c8865a9:192.168.164.217:39115, 3e9c116c-e13a-4d69-bdab-06bfa97df644:192.168.164.217:39233, f2452b49-01e5-4276-a6f4-22abb7003ab4:192.168.164.217:36281] with ContainerStateMachine:uninitialized
2019-10-06 05:57:43,733 [pool-207-thread-1] INFO  server.RaftServerConfigKeys (ConfUtils.java:logGet(43)) - raft.server.sleep.deviation.threshold = 300 (default)
2019-10-06 05:57:43,734 [pool-247-thread-1] INFO  server.RaftServerConfigKeys (ConfUtils.java:logGet(43)) - raft.server.rpc.timeout.min = 5s (custom)
2019-10-06 05:57:43,734 [pool-207-thread-1] INFO  server.RaftServerConfigKeys (ConfUtils.java:logGet(43)) - raft.server.log.appender.install.snapshot.enabled = false (custom)
2019-10-06 05:57:43,734 [pool-247-thread-1] INFO  server.RaftServerConfigKeys (ConfUtils.java:logGet(43)) - raft.server.rpc.timeout.max = 5200ms (custom)
2019-10-06 05:57:43,734 [pool-207-thread-1] INFO  impl.RaftServerImpl (ServerState.java:<init>(103)) - 3e9c116c-e13a-4d69-bdab-06bfa97df644@group-619831DA685A: ConfigurationManager, init=-1: [93b28853-314b-4cca-996b-58706c8865a9:192.168.164.217:39115, 3e9c116c-e13a-4d69-bdab-06bfa97df644:192.168.164.217:39233, f2452b49-01e5-4276-a6f4-22abb7003ab4:192.168.164.217:36281], old=null, confs=<EMPTY_MAP>
2019-10-06 05:57:43,734 [pool-247-thread-1] INFO  server.RaftServerConfigKeys (ConfUtils.java:logGet(43)) - raft.server.rpcslowness.timeout = 120s (custom)
2019-10-06 05:57:43,734 [pool-207-thread-1] INFO  server.RaftServerConfigKeys (ConfUtils.java:logGet(43)) - raft.server.storage.dir = [/workdir/hadoop-ozone/integration-test/target/test-dir/MiniOzoneClusterImpl-302fbd6a-0a7c-4e79-9456-5e178ffa3b85/datanode-0/data/ratis] (custom)
2019-10-06 05:57:43,734 [pool-247-thread-1] INFO  server.RaftServerConfigKeys (ConfUtils.java:logGet(43)) - raft.server.sleep.deviation.threshold = 300 (default)
2019-10-06 05:57:43,735 [pool-247-thread-1] INFO  server.RaftServerConfigKeys (ConfUtils.java:logGet(43)) - raft.server.log.appender.install.snapshot.enabled = false (custom)
2019-10-06 05:57:43,735 [pool-207-thread-1] INFO  server.RaftServerConfigKeys (ConfUtils.java:logGet(43)) - raft.server.log.corruption.policy = EXCEPTION (default)
2019-10-06 05:57:43,735 [pool-247-thread-1] INFO  impl.RaftServerImpl (ServerState.java:<init>(103)) - f2452b49-01e5-4276-a6f4-22abb7003ab4@group-619831DA685A: ConfigurationManager, init=-1: [93b28853-314b-4cca-996b-58706c8865a9:192.168.164.217:39115, 3e9c116c-e13a-4d69-bdab-06bfa97df644:192.168.164.217:39233, f2452b49-01e5-4276-a6f4-22abb7003ab4:192.168.164.217:36281], old=null, confs=<EMPTY_MAP>
2019-10-06 05:57:43,735 [pool-207-thread-1] INFO  storage.RaftStorageDirectory (RaftStorageDirectory.java:analyzeStorage(246)) - The storage directory /workdir/hadoop-ozone/integration-test/target/test-dir/MiniOzoneClusterImpl-302fbd6a-0a7c-4e79-9456-5e178ffa3b85/datanode-0/data/ratis/1ab42825-fffa-4991-b5cc-619831da685a does not exist. Creating ...
2019-10-06 05:57:43,735 [pool-247-thread-1] INFO  server.RaftServerConfigKeys (ConfUtils.java:logGet(43)) - raft.server.storage.dir = [/workdir/hadoop-ozone/integration-test/target/test-dir/MiniOzoneClusterImpl-302fbd6a-0a7c-4e79-9456-5e178ffa3b85/datanode-4/data/ratis] (custom)
2019-10-06 05:57:43,736 [pool-247-thread-1] INFO  server.RaftServerConfigKeys (ConfUtils.java:logGet(43)) - raft.server.log.corruption.policy = EXCEPTION (default)
2019-10-06 05:57:43,736 [pool-247-thread-1] INFO  storage.RaftStorageDirectory (RaftStorageDirectory.java:analyzeStorage(246)) - The storage directory /workdir/hadoop-ozone/integration-test/target/test-dir/MiniOzoneClusterImpl-302fbd6a-0a7c-4e79-9456-5e178ffa3b85/datanode-4/data/ratis/1ab42825-fffa-4991-b5cc-619831da685a does not exist. Creating ...
2019-10-06 05:57:43,746 [pool-207-thread-1] INFO  storage.RaftStorageDirectory (RaftStorageDirectory.java:tryLock(328)) - Lock on /workdir/hadoop-ozone/integration-test/target/test-dir/MiniOzoneClusterImpl-302fbd6a-0a7c-4e79-9456-5e178ffa3b85/datanode-0/data/ratis/1ab42825-fffa-4991-b5cc-619831da685a/in_use.lock acquired by nodename 10974@trunk-nightly-20191006-mzxw6-951422410
2019-10-06 05:57:43,746 [pool-247-thread-1] INFO  storage.RaftStorageDirectory (RaftStorageDirectory.java:tryLock(328)) - Lock on /workdir/hadoop-ozone/integration-test/target/test-dir/MiniOzoneClusterImpl-302fbd6a-0a7c-4e79-9456-5e178ffa3b85/datanode-4/data/ratis/1ab42825-fffa-4991-b5cc-619831da685a/in_use.lock acquired by nodename 10974@trunk-nightly-20191006-mzxw6-951422410
2019-10-06 05:57:43,746 [pool-257-thread-1] INFO  storage.RaftStorageDirectory (RaftStorageDirectory.java:tryLock(328)) - Lock on /workdir/hadoop-ozone/integration-test/target/test-dir/MiniOzoneClusterImpl-302fbd6a-0a7c-4e79-9456-5e178ffa3b85/datanode-5/data/ratis/1ab42825-fffa-4991-b5cc-619831da685a/in_use.lock acquired by nodename 10974@trunk-nightly-20191006-mzxw6-951422410
2019-10-06 05:57:43,767 [pool-207-thread-1] INFO  storage.RaftStorage (RaftStorage.java:format(84)) - Storage directory /workdir/hadoop-ozone/integration-test/target/test-dir/MiniOzoneClusterImpl-302fbd6a-0a7c-4e79-9456-5e178ffa3b85/datanode-0/data/ratis/1ab42825-fffa-4991-b5cc-619831da685a has been successfully formatted.
2019-10-06 05:57:43,767 [pool-247-thread-1] INFO  storage.RaftStorage (RaftStorage.java:format(84)) - Storage directory /workdir/hadoop-ozone/integration-test/target/test-dir/MiniOzoneClusterImpl-302fbd6a-0a7c-4e79-9456-5e178ffa3b85/datanode-4/data/ratis/1ab42825-fffa-4991-b5cc-619831da685a has been successfully formatted.
2019-10-06 05:57:43,767 [pool-257-thread-1] INFO  storage.RaftStorage (RaftStorage.java:format(84)) - Storage directory /workdir/hadoop-ozone/integration-test/target/test-dir/MiniOzoneClusterImpl-302fbd6a-0a7c-4e79-9456-5e178ffa3b85/datanode-5/data/ratis/1ab42825-fffa-4991-b5cc-619831da685a has been successfully formatted.
2019-10-06 05:57:43,767 [pool-207-thread-1] INFO  ratis.ContainerStateMachine (ContainerStateMachine.java:loadSnapshot(230)) - group-619831DA685A: The snapshot info is null. Setting the last applied indexto:(t:0, i:~)
2019-10-06 05:57:43,767 [pool-257-thread-1] INFO  ratis.ContainerStateMachine (ContainerStateMachine.java:loadSnapshot(230)) - group-619831DA685A: The snapshot info is null. Setting the last applied indexto:(t:0, i:~)
2019-10-06 05:57:43,767 [pool-247-thread-1] INFO  ratis.ContainerStateMachine (ContainerStateMachine.java:loadSnapshot(230)) - group-619831DA685A: The snapshot info is null. Setting the last applied indexto:(t:0, i:~)
2019-10-06 05:57:43,768 [pool-257-thread-1] INFO  server.RaftServerConfigKeys (ConfUtils.java:logGet(43)) - raft.server.notification.no-leader.timeout = 120s (custom)
2019-10-06 05:57:43,768 [pool-207-thread-1] INFO  server.RaftServerConfigKeys (ConfUtils.java:logGet(43)) - raft.server.notification.no-leader.timeout = 120s (custom)
2019-10-06 05:57:43,768 [pool-257-thread-1] INFO  server.RaftServerConfigKeys (ConfUtils.java:logGet(43)) - raft.server.log.use.memory = false (default)
2019-10-06 05:57:43,768 [pool-247-thread-1] INFO  server.RaftServerConfigKeys (ConfUtils.java:logGet(43)) - raft.server.notification.no-leader.timeout = 120s (custom)
2019-10-06 05:57:43,768 [pool-257-thread-1] INFO  server.RaftServerConfigKeys (ConfUtils.java:logGet(43)) - raft.server.log.purge.gap = 1000000 (custom)
2019-10-06 05:57:43,768 [pool-207-thread-1] INFO  server.RaftServerConfigKeys (ConfUtils.java:logGet(43)) - raft.server.log.use.memory = false (default)
2019-10-06 05:57:43,768 [pool-257-thread-1] INFO  server.RaftServerConfigKeys (ConfUtils.java:logGet(43)) - raft.server.log.appender.buffer.byte-limit = 33554432 (custom)
2019-10-06 05:57:43,768 [pool-247-thread-1] INFO  server.RaftServerConfigKeys (ConfUtils.java:logGet(43)) - raft.server.log.use.memory = false (default)
2019-10-06 05:57:43,769 [pool-257-thread-1] INFO  server.RaftServerConfigKeys (ConfUtils.java:logGet(43)) - raft.server.log.segment.size.max = 1048576 (custom)
2019-10-06 05:57:43,768 [pool-207-thread-1] INFO  server.RaftServerConfigKeys (ConfUtils.java:logGet(43)) - raft.server.log.purge.gap = 1000000 (custom)
2019-10-06 05:57:43,769 [pool-257-thread-1] INFO  server.RaftServerConfigKeys (ConfUtils.java:logGet(43)) - raft.server.log.segment.cache.num.max = 2 (custom)
2019-10-06 05:57:43,769 [pool-247-thread-1] INFO  server.RaftServerConfigKeys (ConfUtils.java:logGet(43)) - raft.server.log.purge.gap = 1000000 (custom)
2019-10-06 05:57:43,769 [pool-257-thread-1] INFO  segmented.SegmentedRaftLogWorker (SegmentedRaftLogWorker.java:<init>(173)) - new 93b28853-314b-4cca-996b-58706c8865a9@group-619831DA685A-SegmentedRaftLogWorker for RaftStorage:Storage Directory /workdir/hadoop-ozone/integration-test/target/test-dir/MiniOzoneClusterImpl-302fbd6a-0a7c-4e79-9456-5e178ffa3b85/datanode-5/data/ratis/1ab42825-fffa-4991-b5cc-619831da685a
2019-10-06 05:57:43,769 [pool-207-thread-1] INFO  server.RaftServerConfigKeys (ConfUtils.java:logGet(43)) - raft.server.log.appender.buffer.byte-limit = 33554432 (custom)
2019-10-06 05:57:43,769 [pool-257-thread-1] INFO  server.RaftServerConfigKeys (ConfUtils.java:logGet(43)) - raft.server.log.queue.byte-limit = 2147483647 (custom)
2019-10-06 05:57:43,769 [pool-247-thread-1] INFO  server.RaftServerConfigKeys (ConfUtils.java:logGet(43)) - raft.server.log.appender.buffer.byte-limit = 33554432 (custom)
2019-10-06 05:57:43,769 [pool-257-thread-1] INFO  server.RaftServerConfigKeys (ConfUtils.java:logGet(43)) - raft.server.log.queue.element-limit = 1024 (custom)
2019-10-06 05:57:43,769 [pool-207-thread-1] INFO  server.RaftServerConfigKeys (ConfUtils.java:logGet(43)) - raft.server.log.segment.size.max = 1048576 (custom)
2019-10-06 05:57:43,770 [pool-257-thread-1] INFO  server.RaftServerConfigKeys (ConfUtils.java:logGet(43)) - raft.server.log.segment.size.max = 1048576 (custom)
2019-10-06 05:57:43,770 [pool-247-thread-1] INFO  server.RaftServerConfigKeys (ConfUtils.java:logGet(43)) - raft.server.log.segment.size.max = 1048576 (custom)
2019-10-06 05:57:43,770 [pool-257-thread-1] INFO  server.RaftServerConfigKeys (ConfUtils.java:logGet(43)) - raft.server.log.preallocated.size = 16384 (custom)
2019-10-06 05:57:43,770 [pool-207-thread-1] INFO  server.RaftServerConfigKeys (ConfUtils.java:logGet(43)) - raft.server.log.segment.cache.num.max = 2 (custom)
2019-10-06 05:57:43,770 [pool-257-thread-1] INFO  server.RaftServerConfigKeys (ConfUtils.java:logGet(43)) - raft.server.log.write.buffer.size = 33554432 (custom)
2019-10-06 05:57:43,770 [pool-247-thread-1] INFO  server.RaftServerConfigKeys (ConfUtils.java:logGet(43)) - raft.server.log.segment.cache.num.max = 2 (custom)
2019-10-06 05:57:43,770 [pool-257-thread-1] INFO  server.RaftServerConfigKeys (ConfUtils.java:logGet(43)) - raft.server.log.force.sync.num = 128 (default)
2019-10-06 05:57:43,770 [pool-207-thread-1] INFO  segmented.SegmentedRaftLogWorker (SegmentedRaftLogWorker.java:<init>(173)) - new 3e9c116c-e13a-4d69-bdab-06bfa97df644@group-619831DA685A-SegmentedRaftLogWorker for RaftStorage:Storage Directory /workdir/hadoop-ozone/integration-test/target/test-dir/MiniOzoneClusterImpl-302fbd6a-0a7c-4e79-9456-5e178ffa3b85/datanode-0/data/ratis/1ab42825-fffa-4991-b5cc-619831da685a
2019-10-06 05:57:43,771 [pool-257-thread-1] INFO  server.RaftServerConfigKeys (ConfUtils.java:logGet(43)) - raft.server.log.statemachine.data.sync = true (default)
2019-10-06 05:57:43,771 [pool-247-thread-1] INFO  segmented.SegmentedRaftLogWorker (SegmentedRaftLogWorker.java:<init>(173)) - new f2452b49-01e5-4276-a6f4-22abb7003ab4@group-619831DA685A-SegmentedRaftLogWorker for RaftStorage:Storage Directory /workdir/hadoop-ozone/integration-test/target/test-dir/MiniOzoneClusterImpl-302fbd6a-0a7c-4e79-9456-5e178ffa3b85/datanode-4/data/ratis/1ab42825-fffa-4991-b5cc-619831da685a
2019-10-06 05:57:43,771 [pool-257-thread-1] INFO  server.RaftServerConfigKeys (ConfUtils.java:logGet(43)) - raft.server.log.statemachine.data.sync.timeout = 10s (default)
2019-10-06 05:57:43,771 [pool-207-thread-1] INFO  server.RaftServerConfigKeys (ConfUtils.java:logGet(43)) - raft.server.log.queue.byte-limit = 2147483647 (custom)
2019-10-06 05:57:43,771 [pool-257-thread-1] INFO  server.RaftServerConfigKeys (ConfUtils.java:logGet(43)) - raft.server.log.statemachine.data.sync.timeout.retry = -1 (default)
2019-10-06 05:57:43,771 [pool-247-thread-1] INFO  server.RaftServerConfigKeys (ConfUtils.java:logGet(43)) - raft.server.log.queue.byte-limit = 2147483647 (custom)
2019-10-06 05:57:43,771 [pool-257-thread-1] INFO  server.RaftServerConfigKeys (ConfUtils.java:logGet(43)) - raft.server.log.statemachine.data.caching.enabled = true (custom)
2019-10-06 05:57:43,771 [pool-207-thread-1] INFO  server.RaftServerConfigKeys (ConfUtils.java:logGet(43)) - raft.server.log.queue.element-limit = 1024 (custom)
2019-10-06 05:57:43,772 [pool-257-thread-1] INFO  segmented.SegmentedRaftLogWorker (SegmentedRaftLogWorker.java:lambda$new$0(128)) - 93b28853-314b-4cca-996b-58706c8865a9@group-619831DA685A-SegmentedRaftLogWorker: flushIndex: setUnconditionally 0 -> -1
2019-10-06 05:57:43,772 [pool-247-thread-1] INFO  server.RaftServerConfigKeys (ConfUtils.java:logGet(43)) - raft.server.log.queue.element-limit = 1024 (custom)
2019-10-06 05:57:43,772 [pool-257-thread-1] INFO  server.RaftServerConfigKeys (ConfUtils.java:logGet(43)) - raft.server.snapshot.auto.trigger.enabled = true (custom)
2019-10-06 05:57:43,772 [pool-207-thread-1] INFO  server.RaftServerConfigKeys (ConfUtils.java:logGet(43)) - raft.server.log.segment.size.max = 1048576 (custom)
2019-10-06 05:57:43,772 [pool-257-thread-1] INFO  server.RaftServerConfigKeys (ConfUtils.java:logGet(43)) - raft.server.snapshot.auto.trigger.threshold = 10000 (custom)
2019-10-06 05:57:43,772 [pool-247-thread-1] INFO  server.RaftServerConfigKeys (ConfUtils.java:logGet(43)) - raft.server.log.segment.size.max = 1048576 (custom)
2019-10-06 05:57:43,772 [pool-257-thread-1] INFO  server.RaftServerConfigKeys (ConfUtils.java:logGet(43)) - raft.server.snapshot.retention.file.num = 5 (custom)
2019-10-06 05:57:43,772 [pool-207-thread-1] INFO  server.RaftServerConfigKeys (ConfUtils.java:logGet(43)) - raft.server.log.preallocated.size = 16384 (custom)
2019-10-06 05:57:43,773 [pool-257-thread-1] INFO  server.RaftServerConfigKeys (ConfUtils.java:logGet(43)) - raft.server.retrycache.expirytime = 600000ms (custom)
2019-10-06 05:57:43,773 [pool-247-thread-1] INFO  server.RaftServerConfigKeys (ConfUtils.java:logGet(43)) - raft.server.log.preallocated.size = 16384 (custom)
2019-10-06 05:57:43,773 [pool-207-thread-1] INFO  server.RaftServerConfigKeys (ConfUtils.java:logGet(43)) - raft.server.log.write.buffer.size = 33554432 (custom)
2019-10-06 05:57:43,773 [pool-247-thread-1] INFO  server.RaftServerConfigKeys (ConfUtils.java:logGet(43)) - raft.server.log.write.buffer.size = 33554432 (custom)
2019-10-06 05:57:43,773 [pool-207-thread-1] INFO  server.RaftServerConfigKeys (ConfUtils.java:logGet(43)) - raft.server.log.force.sync.num = 128 (default)
2019-10-06 05:57:43,773 [pool-247-thread-1] INFO  server.RaftServerConfigKeys (ConfUtils.java:logGet(43)) - raft.server.log.force.sync.num = 128 (default)
2019-10-06 05:57:43,774 [pool-207-thread-1] INFO  server.RaftServerConfigKeys (ConfUtils.java:logGet(43)) - raft.server.log.statemachine.data.sync = true (default)
2019-10-06 05:57:43,774 [pool-247-thread-1] INFO  server.RaftServerConfigKeys (ConfUtils.java:logGet(43)) - raft.server.log.statemachine.data.sync = true (default)
2019-10-06 05:57:43,774 [pool-207-thread-1] INFO  server.RaftServerConfigKeys (ConfUtils.java:logGet(43)) - raft.server.log.statemachine.data.sync.timeout = 10s (default)
2019-10-06 05:57:43,774 [pool-247-thread-1] INFO  server.RaftServerConfigKeys (ConfUtils.java:logGet(43)) - raft.server.log.statemachine.data.sync.timeout = 10s (default)
2019-10-06 05:57:43,774 [pool-207-thread-1] INFO  server.RaftServerConfigKeys (ConfUtils.java:logGet(43)) - raft.server.log.statemachine.data.sync.timeout.retry = -1 (default)
2019-10-06 05:57:43,774 [pool-257-thread-1] INFO  impl.RaftServerImpl (RaftServerImpl.java:start(181)) - 93b28853-314b-4cca-996b-58706c8865a9@group-619831DA685A: start as a follower, conf=-1: [93b28853-314b-4cca-996b-58706c8865a9:192.168.164.217:39115, 3e9c116c-e13a-4d69-bdab-06bfa97df644:192.168.164.217:39233, f2452b49-01e5-4276-a6f4-22abb7003ab4:192.168.164.217:36281], old=null
2019-10-06 05:57:43,774 [pool-207-thread-1] INFO  server.RaftServerConfigKeys (ConfUtils.java:logGet(43)) - raft.server.log.statemachine.data.caching.enabled = true (custom)
2019-10-06 05:57:43,774 [pool-247-thread-1] INFO  server.RaftServerConfigKeys (ConfUtils.java:logGet(43)) - raft.server.log.statemachine.data.sync.timeout.retry = -1 (default)
2019-10-06 05:57:43,774 [pool-257-thread-1] INFO  impl.RaftServerImpl (RaftServerImpl.java:setRole(170)) - 93b28853-314b-4cca-996b-58706c8865a9@group-619831DA685A: changes role from      null to FOLLOWER at term 0 for startAsFollower
2019-10-06 05:57:43,775 [pool-207-thread-1] INFO  segmented.SegmentedRaftLogWorker (SegmentedRaftLogWorker.java:lambda$new$0(128)) - 3e9c116c-e13a-4d69-bdab-06bfa97df644@group-619831DA685A-SegmentedRaftLogWorker: flushIndex: setUnconditionally 0 -> -1
2019-10-06 05:57:43,775 [pool-257-thread-1] INFO  impl.RoleInfo (RoleInfo.java:updateAndGet(143)) - 93b28853-314b-4cca-996b-58706c8865a9: start FollowerState
2019-10-06 05:57:43,775 [pool-247-thread-1] INFO  server.RaftServerConfigKeys (ConfUtils.java:logGet(43)) - raft.server.log.statemachine.data.caching.enabled = true (custom)
2019-10-06 05:57:43,775 [pool-207-thread-1] INFO  server.RaftServerConfigKeys (ConfUtils.java:logGet(43)) - raft.server.snapshot.auto.trigger.enabled = true (custom)
2019-10-06 05:57:43,775 [pool-207-thread-1] INFO  server.RaftServerConfigKeys (ConfUtils.java:logGet(43)) - raft.server.snapshot.auto.trigger.threshold = 10000 (custom)
2019-10-06 05:57:43,775 [pool-257-thread-1] INFO  util.JmxRegister (JmxRegister.java:tryRegister(44)) - Successfully registered JMX Bean with object name Ratis:service=RaftServer,group=group-619831DA685A,id=93b28853-314b-4cca-996b-58706c8865a9
2019-10-06 05:57:43,775 [pool-247-thread-1] INFO  segmented.SegmentedRaftLogWorker (SegmentedRaftLogWorker.java:lambda$new$0(128)) - f2452b49-01e5-4276-a6f4-22abb7003ab4@group-619831DA685A-SegmentedRaftLogWorker: flushIndex: setUnconditionally 0 -> -1
2019-10-06 05:57:43,776 [pool-207-thread-1] INFO  server.RaftServerConfigKeys (ConfUtils.java:logGet(43)) - raft.server.snapshot.retention.file.num = 5 (custom)
2019-10-06 05:57:43,776 [pool-207-thread-1] INFO  server.RaftServerConfigKeys (ConfUtils.java:logGet(43)) - raft.server.retrycache.expirytime = 600000ms (custom)
2019-10-06 05:57:43,776 [pool-247-thread-1] INFO  server.RaftServerConfigKeys (ConfUtils.java:logGet(43)) - raft.server.snapshot.auto.trigger.enabled = true (custom)
2019-10-06 05:57:43,776 [pool-247-thread-1] INFO  server.RaftServerConfigKeys (ConfUtils.java:logGet(43)) - raft.server.snapshot.auto.trigger.threshold = 10000 (custom)
2019-10-06 05:57:43,776 [pool-247-thread-1] INFO  server.RaftServerConfigKeys (ConfUtils.java:logGet(43)) - raft.server.snapshot.retention.file.num = 5 (custom)
2019-10-06 05:57:43,777 [pool-247-thread-1] INFO  server.RaftServerConfigKeys (ConfUtils.java:logGet(43)) - raft.server.retrycache.expirytime = 600000ms (custom)
2019-10-06 05:57:43,779 [pool-207-thread-1] INFO  impl.RaftServerImpl (RaftServerImpl.java:start(181)) - 3e9c116c-e13a-4d69-bdab-06bfa97df644@group-619831DA685A: start as a follower, conf=-1: [93b28853-314b-4cca-996b-58706c8865a9:192.168.164.217:39115, 3e9c116c-e13a-4d69-bdab-06bfa97df644:192.168.164.217:39233, f2452b49-01e5-4276-a6f4-22abb7003ab4:192.168.164.217:36281], old=null
2019-10-06 05:57:43,780 [pool-207-thread-1] INFO  impl.RaftServerImpl (RaftServerImpl.java:setRole(170)) - 3e9c116c-e13a-4d69-bdab-06bfa97df644@group-619831DA685A: changes role from      null to FOLLOWER at term 0 for startAsFollower
2019-10-06 05:57:43,780 [pool-247-thread-1] INFO  impl.RaftServerImpl (RaftServerImpl.java:start(181)) - f2452b49-01e5-4276-a6f4-22abb7003ab4@group-619831DA685A: start as a follower, conf=-1: [93b28853-314b-4cca-996b-58706c8865a9:192.168.164.217:39115, 3e9c116c-e13a-4d69-bdab-06bfa97df644:192.168.164.217:39233, f2452b49-01e5-4276-a6f4-22abb7003ab4:192.168.164.217:36281], old=null
2019-10-06 05:57:43,780 [pool-207-thread-1] INFO  impl.RoleInfo (RoleInfo.java:updateAndGet(143)) - 3e9c116c-e13a-4d69-bdab-06bfa97df644: start FollowerState
2019-10-06 05:57:43,780 [pool-247-thread-1] INFO  impl.RaftServerImpl (RaftServerImpl.java:setRole(170)) - f2452b49-01e5-4276-a6f4-22abb7003ab4@group-619831DA685A: changes role from      null to FOLLOWER at term 0 for startAsFollower
2019-10-06 05:57:43,780 [pool-247-thread-1] INFO  impl.RoleInfo (RoleInfo.java:updateAndGet(143)) - f2452b49-01e5-4276-a6f4-22abb7003ab4: start FollowerState
2019-10-06 05:57:43,780 [pool-207-thread-1] INFO  util.JmxRegister (JmxRegister.java:tryRegister(44)) - Successfully registered JMX Bean with object name Ratis:service=RaftServer,group=group-619831DA685A,id=3e9c116c-e13a-4d69-bdab-06bfa97df644
2019-10-06 05:57:43,781 [pool-247-thread-1] INFO  util.JmxRegister (JmxRegister.java:tryRegister(44)) - Successfully registered JMX Bean with object name Ratis:service=RaftServer,group=group-619831DA685A,id=f2452b49-01e5-4276-a6f4-22abb7003ab4
2019-10-06 05:57:43,787 [RatisPipelineUtilsThread] INFO  pipeline.PipelineStateManager (PipelineStateManager.java:addPipeline(56)) - Created pipeline Pipeline[ Id: 1ab42825-fffa-4991-b5cc-619831da685a, Nodes: f2452b49-01e5-4276-a6f4-22abb7003ab4{ip: 192.168.164.217, host: trunk-nightly-20191006-mzxw6-951422410, networkLocation: /default-rack, certSerialId: null}93b28853-314b-4cca-996b-58706c8865a9{ip: 192.168.164.217, host: trunk-nightly-20191006-mzxw6-951422410, networkLocation: /default-rack, certSerialId: null}3e9c116c-e13a-4d69-bdab-06bfa97df644{ip: 192.168.164.217, host: trunk-nightly-20191006-mzxw6-951422410, networkLocation: /default-rack, certSerialId: null}, Type:RATIS, Factor:THREE, State:OPEN]
2019-10-06 05:57:44,662 [main] INFO  ozone.MiniOzoneClusterImpl (MiniOzoneClusterImpl.java:lambda$waitForClusterToBeReady$0(147)) - Cluster is ready. Got 7 of 7 DN Heartbeats.
2019-10-06 05:57:44,697 [main] INFO  rpc.RpcClient (RpcClient.java:createVolume(277)) - Creating Volume: watchforcommithandlingtest, with jenkins1000 as owner.
2019-10-06 05:57:44,700 [IPC Server handler 1 on 46631] INFO  volume.OMVolumeCreateRequest (OMVolumeCreateRequest.java:validateAndUpdateCache(193)) - created volume:watchforcommithandlingtest for user:jenkins1000
2019-10-06 05:57:44,712 [main] INFO  rpc.RpcClient (RpcClient.java:createBucket(416)) - Creating Bucket: watchforcommithandlingtest/watchforcommithandlingtest, with Versioning false and Storage Type set to DISK and Encryption set to false 
2019-10-06 05:57:44,716 [main] INFO  ozone.MiniOzoneClusterImpl (MiniOzoneClusterImpl.java:getStorageContainerLocationClient(234)) - Creating StorageContainerLocationProtocol RPC client with address /0.0.0.0:42799
2019-10-06 05:57:46,289 [Thread-1427] INFO  container.ReplicationManager (ReplicationManager.java:start(162)) - Starting Replication Monitor Thread.
2019-10-06 05:57:46,294 [ReplicationMonitor] INFO  container.ReplicationManager (ReplicationManager.java:run(225)) - Replication Monitor Thread took 0 milliseconds for processing 1 containers.
2019-10-06 05:57:48,360 [Thread-1429] INFO  impl.FollowerState (FollowerState.java:run(108)) - 3e9c116c-e13a-4d69-bdab-06bfa97df644@group-23BD21ECA12F-FollowerState: change to CANDIDATE, lastRpcTime:5011ms, electionTimeout:5011ms
2019-10-06 05:57:48,361 [Thread-1429] INFO  impl.RoleInfo (RoleInfo.java:shutdownFollowerState(121)) - 3e9c116c-e13a-4d69-bdab-06bfa97df644: shutdown FollowerState
2019-10-06 05:57:48,361 [Thread-1429] INFO  impl.RaftServerImpl (RaftServerImpl.java:setRole(170)) - 3e9c116c-e13a-4d69-bdab-06bfa97df644@group-23BD21ECA12F: changes role from  FOLLOWER to CANDIDATE at term 0 for changeToCandidate
2019-10-06 05:57:48,362 [Thread-1429] INFO  impl.RoleInfo (RoleInfo.java:updateAndGet(143)) - 3e9c116c-e13a-4d69-bdab-06bfa97df644: start LeaderElection
2019-10-06 05:57:48,384 [3e9c116c-e13a-4d69-bdab-06bfa97df644@group-23BD21ECA12F-LeaderElection29] INFO  impl.LeaderElection (LeaderElection.java:askForVotes(178)) - 3e9c116c-e13a-4d69-bdab-06bfa97df644@group-23BD21ECA12F-LeaderElection29: begin an election at term 1 for -1: [3e9c116c-e13a-4d69-bdab-06bfa97df644:192.168.164.217:39233], old=null
2019-10-06 05:57:48,385 [3e9c116c-e13a-4d69-bdab-06bfa97df644@group-23BD21ECA12F-LeaderElection29] INFO  impl.RoleInfo (RoleInfo.java:shutdownLeaderElection(134)) - 3e9c116c-e13a-4d69-bdab-06bfa97df644: shutdown LeaderElection
2019-10-06 05:57:48,385 [3e9c116c-e13a-4d69-bdab-06bfa97df644@group-23BD21ECA12F-LeaderElection29] INFO  impl.RaftServerImpl (RaftServerImpl.java:setRole(170)) - 3e9c116c-e13a-4d69-bdab-06bfa97df644@group-23BD21ECA12F: changes role from CANDIDATE to LEADER at term 1 for changeToLeader
2019-10-06 05:57:48,385 [3e9c116c-e13a-4d69-bdab-06bfa97df644@group-23BD21ECA12F-LeaderElection29] INFO  impl.RaftServerImpl (ServerState.java:setLeader(255)) - 3e9c116c-e13a-4d69-bdab-06bfa97df644@group-23BD21ECA12F: change Leader from null to 3e9c116c-e13a-4d69-bdab-06bfa97df644 at term 1 for becomeLeader, leader elected after 5048ms
2019-10-06 05:57:48,385 [3e9c116c-e13a-4d69-bdab-06bfa97df644@group-23BD21ECA12F-LeaderElection29] INFO  server.RaftServerConfigKeys (ConfUtils.java:logGet(43)) - raft.server.staging.catchup.gap = 1000 (default)
2019-10-06 05:57:48,386 [3e9c116c-e13a-4d69-bdab-06bfa97df644@group-23BD21ECA12F-LeaderElection29] INFO  server.RaftServerConfigKeys (ConfUtils.java:logGet(43)) - raft.server.rpc.sleep.time = 25ms (default)
2019-10-06 05:57:48,386 [3e9c116c-e13a-4d69-bdab-06bfa97df644@group-23BD21ECA12F-LeaderElection29] INFO  server.RaftServerConfigKeys (ConfUtils.java:logGet(43)) - raft.server.write.element-limit = 4096 (default)
2019-10-06 05:57:48,386 [3e9c116c-e13a-4d69-bdab-06bfa97df644@group-23BD21ECA12F-LeaderElection29] INFO  server.RaftServerConfigKeys (ConfUtils.java:logGet(43)) - raft.server.watch.timeout = 10s (default)
2019-10-06 05:57:48,386 [3e9c116c-e13a-4d69-bdab-06bfa97df644@group-23BD21ECA12F-LeaderElection29] INFO  server.RaftServerConfigKeys (ConfUtils.java:logGet(43)) - raft.server.watch.timeout.denomination = 1s (default)
2019-10-06 05:57:48,386 [3e9c116c-e13a-4d69-bdab-06bfa97df644@group-23BD21ECA12F-LeaderElection29] INFO  server.RaftServerConfigKeys (ConfUtils.java:logGet(43)) - raft.server.watch.element-limit = 65536 (default)
2019-10-06 05:57:48,389 [3e9c116c-e13a-4d69-bdab-06bfa97df644@group-23BD21ECA12F-LeaderElection29] INFO  impl.RoleInfo (RoleInfo.java:updateAndGet(143)) - 3e9c116c-e13a-4d69-bdab-06bfa97df644: start LeaderState
2019-10-06 05:57:48,390 [3e9c116c-e13a-4d69-bdab-06bfa97df644@group-23BD21ECA12F-LeaderElection29] INFO  segmented.SegmentedRaftLogWorker (SegmentedRaftLogWorker.java:startLogSegment(385)) - 3e9c116c-e13a-4d69-bdab-06bfa97df644@group-23BD21ECA12F-SegmentedRaftLogWorker: Starting segment from index:0
2019-10-06 05:57:48,391 [3e9c116c-e13a-4d69-bdab-06bfa97df644@group-23BD21ECA12F-LeaderElection29] INFO  impl.RaftServerImpl (ServerState.java:setRaftConf(356)) - 3e9c116c-e13a-4d69-bdab-06bfa97df644@group-23BD21ECA12F: set configuration 0: [3e9c116c-e13a-4d69-bdab-06bfa97df644:192.168.164.217:39233], old=null at 0
2019-10-06 05:57:48,432 [3e9c116c-e13a-4d69-bdab-06bfa97df644@group-23BD21ECA12F-SegmentedRaftLogWorker] INFO  segmented.SegmentedRaftLogWorker (SegmentedRaftLogWorker.java:execute(574)) - 3e9c116c-e13a-4d69-bdab-06bfa97df644@group-23BD21ECA12F-SegmentedRaftLogWorker: created new log segment /workdir/hadoop-ozone/integration-test/target/test-dir/MiniOzoneClusterImpl-302fbd6a-0a7c-4e79-9456-5e178ffa3b85/datanode-0/data/ratis/e7c6e322-6198-4b57-b688-23bd21eca12f/current/log_inprogress_0
2019-10-06 05:57:48,499 [Thread-1432] INFO  impl.FollowerState (FollowerState.java:run(108)) - 58960bb6-1791-4bb0-9c36-a998f9195181@group-C3B8A0A80423-FollowerState: change to CANDIDATE, lastRpcTime:5081ms, electionTimeout:5081ms
2019-10-06 05:57:48,499 [Thread-1432] INFO  impl.RoleInfo (RoleInfo.java:shutdownFollowerState(121)) - 58960bb6-1791-4bb0-9c36-a998f9195181: shutdown FollowerState
2019-10-06 05:57:48,499 [Thread-1432] INFO  impl.RaftServerImpl (RaftServerImpl.java:setRole(170)) - 58960bb6-1791-4bb0-9c36-a998f9195181@group-C3B8A0A80423: changes role from  FOLLOWER to CANDIDATE at term 0 for changeToCandidate
2019-10-06 05:57:48,499 [Thread-1432] INFO  impl.RoleInfo (RoleInfo.java:updateAndGet(143)) - 58960bb6-1791-4bb0-9c36-a998f9195181: start LeaderElection
2019-10-06 05:57:48,517 [58960bb6-1791-4bb0-9c36-a998f9195181@group-C3B8A0A80423-LeaderElection30] INFO  impl.LeaderElection (LeaderElection.java:askForVotes(178)) - 58960bb6-1791-4bb0-9c36-a998f9195181@group-C3B8A0A80423-LeaderElection30: begin an election at term 1 for -1: [58960bb6-1791-4bb0-9c36-a998f9195181:192.168.164.217:45542], old=null
2019-10-06 05:57:48,517 [58960bb6-1791-4bb0-9c36-a998f9195181@group-C3B8A0A80423-LeaderElection30] INFO  impl.RoleInfo (RoleInfo.java:shutdownLeaderElection(134)) - 58960bb6-1791-4bb0-9c36-a998f9195181: shutdown LeaderElection
2019-10-06 05:57:48,517 [58960bb6-1791-4bb0-9c36-a998f9195181@group-C3B8A0A80423-LeaderElection30] INFO  impl.RaftServerImpl (RaftServerImpl.java:setRole(170)) - 58960bb6-1791-4bb0-9c36-a998f9195181@group-C3B8A0A80423: changes role from CANDIDATE to LEADER at term 1 for changeToLeader
2019-10-06 05:57:48,517 [58960bb6-1791-4bb0-9c36-a998f9195181@group-C3B8A0A80423-LeaderElection30] INFO  impl.RaftServerImpl (ServerState.java:setLeader(255)) - 58960bb6-1791-4bb0-9c36-a998f9195181@group-C3B8A0A80423: change Leader from null to 58960bb6-1791-4bb0-9c36-a998f9195181 at term 1 for becomeLeader, leader elected after 5107ms
2019-10-06 05:57:48,517 [58960bb6-1791-4bb0-9c36-a998f9195181@group-C3B8A0A80423-LeaderElection30] INFO  server.RaftServerConfigKeys (ConfUtils.java:logGet(43)) - raft.server.staging.catchup.gap = 1000 (default)
2019-10-06 05:57:48,518 [58960bb6-1791-4bb0-9c36-a998f9195181@group-C3B8A0A80423-LeaderElection30] INFO  server.RaftServerConfigKeys (ConfUtils.java:logGet(43)) - raft.server.rpc.sleep.time = 25ms (default)
2019-10-06 05:57:48,518 [58960bb6-1791-4bb0-9c36-a998f9195181@group-C3B8A0A80423-LeaderElection30] INFO  server.RaftServerConfigKeys (ConfUtils.java:logGet(43)) - raft.server.write.element-limit = 4096 (default)
2019-10-06 05:57:48,518 [58960bb6-1791-4bb0-9c36-a998f9195181@group-C3B8A0A80423-LeaderElection30] INFO  server.RaftServerConfigKeys (ConfUtils.java:logGet(43)) - raft.server.watch.timeout = 10s (default)
2019-10-06 05:57:48,518 [58960bb6-1791-4bb0-9c36-a998f9195181@group-C3B8A0A80423-LeaderElection30] INFO  server.RaftServerConfigKeys (ConfUtils.java:logGet(43)) - raft.server.watch.timeout.denomination = 1s (default)
2019-10-06 05:57:48,518 [58960bb6-1791-4bb0-9c36-a998f9195181@group-C3B8A0A80423-LeaderElection30] INFO  server.RaftServerConfigKeys (ConfUtils.java:logGet(43)) - raft.server.watch.element-limit = 65536 (default)
2019-10-06 05:57:48,520 [58960bb6-1791-4bb0-9c36-a998f9195181@group-C3B8A0A80423-LeaderElection30] INFO  impl.RoleInfo (RoleInfo.java:updateAndGet(143)) - 58960bb6-1791-4bb0-9c36-a998f9195181: start LeaderState
2019-10-06 05:57:48,520 [58960bb6-1791-4bb0-9c36-a998f9195181@group-C3B8A0A80423-LeaderElection30] INFO  segmented.SegmentedRaftLogWorker (SegmentedRaftLogWorker.java:startLogSegment(385)) - 58960bb6-1791-4bb0-9c36-a998f9195181@group-C3B8A0A80423-SegmentedRaftLogWorker: Starting segment from index:0
2019-10-06 05:57:48,520 [58960bb6-1791-4bb0-9c36-a998f9195181@group-C3B8A0A80423-LeaderElection30] INFO  impl.RaftServerImpl (ServerState.java:setRaftConf(356)) - 58960bb6-1791-4bb0-9c36-a998f9195181@group-C3B8A0A80423: set configuration 0: [58960bb6-1791-4bb0-9c36-a998f9195181:192.168.164.217:45542], old=null at 0
2019-10-06 05:57:48,537 [Thread-1435] INFO  impl.FollowerState (FollowerState.java:run(108)) - c2fbd6fe-546b-4c5d-8829-05959505a398@group-56E5CFAECE6E-FollowerState: change to CANDIDATE, lastRpcTime:5064ms, electionTimeout:5064ms
2019-10-06 05:57:48,537 [Thread-1435] INFO  impl.RoleInfo (RoleInfo.java:shutdownFollowerState(121)) - c2fbd6fe-546b-4c5d-8829-05959505a398: shutdown FollowerState
2019-10-06 05:57:48,537 [Thread-1435] INFO  impl.RaftServerImpl (RaftServerImpl.java:setRole(170)) - c2fbd6fe-546b-4c5d-8829-05959505a398@group-56E5CFAECE6E: changes role from  FOLLOWER to CANDIDATE at term 0 for changeToCandidate
2019-10-06 05:57:48,537 [Thread-1435] INFO  impl.RoleInfo (RoleInfo.java:updateAndGet(143)) - c2fbd6fe-546b-4c5d-8829-05959505a398: start LeaderElection
2019-10-06 05:57:48,566 [58960bb6-1791-4bb0-9c36-a998f9195181@group-C3B8A0A80423-SegmentedRaftLogWorker] INFO  segmented.SegmentedRaftLogWorker (SegmentedRaftLogWorker.java:execute(574)) - 58960bb6-1791-4bb0-9c36-a998f9195181@group-C3B8A0A80423-SegmentedRaftLogWorker: created new log segment /workdir/hadoop-ozone/integration-test/target/test-dir/MiniOzoneClusterImpl-302fbd6a-0a7c-4e79-9456-5e178ffa3b85/datanode-1/data/ratis/f11aa900-7b0d-442d-b3ac-c3b8a0a80423/current/log_inprogress_0
2019-10-06 05:57:48,566 [c2fbd6fe-546b-4c5d-8829-05959505a398@group-56E5CFAECE6E-LeaderElection31] INFO  impl.LeaderElection (LeaderElection.java:askForVotes(178)) - c2fbd6fe-546b-4c5d-8829-05959505a398@group-56E5CFAECE6E-LeaderElection31: begin an election at term 1 for -1: [c2fbd6fe-546b-4c5d-8829-05959505a398:192.168.164.217:37082], old=null
2019-10-06 05:57:48,567 [c2fbd6fe-546b-4c5d-8829-05959505a398@group-56E5CFAECE6E-LeaderElection31] INFO  impl.RoleInfo (RoleInfo.java:shutdownLeaderElection(134)) - c2fbd6fe-546b-4c5d-8829-05959505a398: shutdown LeaderElection
2019-10-06 05:57:48,567 [c2fbd6fe-546b-4c5d-8829-05959505a398@group-56E5CFAECE6E-LeaderElection31] INFO  impl.RaftServerImpl (RaftServerImpl.java:setRole(170)) - c2fbd6fe-546b-4c5d-8829-05959505a398@group-56E5CFAECE6E: changes role from CANDIDATE to LEADER at term 1 for changeToLeader
2019-10-06 05:57:48,567 [c2fbd6fe-546b-4c5d-8829-05959505a398@group-56E5CFAECE6E-LeaderElection31] INFO  impl.RaftServerImpl (ServerState.java:setLeader(255)) - c2fbd6fe-546b-4c5d-8829-05959505a398@group-56E5CFAECE6E: change Leader from null to c2fbd6fe-546b-4c5d-8829-05959505a398 at term 1 for becomeLeader, leader elected after 5104ms
2019-10-06 05:57:48,567 [c2fbd6fe-546b-4c5d-8829-05959505a398@group-56E5CFAECE6E-LeaderElection31] INFO  server.RaftServerConfigKeys (ConfUtils.java:logGet(43)) - raft.server.staging.catchup.gap = 1000 (default)
2019-10-06 05:57:48,567 [c2fbd6fe-546b-4c5d-8829-05959505a398@group-56E5CFAECE6E-LeaderElection31] INFO  server.RaftServerConfigKeys (ConfUtils.java:logGet(43)) - raft.server.rpc.sleep.time = 25ms (default)
2019-10-06 05:57:48,567 [c2fbd6fe-546b-4c5d-8829-05959505a398@group-56E5CFAECE6E-LeaderElection31] INFO  server.RaftServerConfigKeys (ConfUtils.java:logGet(43)) - raft.server.write.element-limit = 4096 (default)
2019-10-06 05:57:48,568 [c2fbd6fe-546b-4c5d-8829-05959505a398@group-56E5CFAECE6E-LeaderElection31] INFO  server.RaftServerConfigKeys (ConfUtils.java:logGet(43)) - raft.server.watch.timeout = 10s (default)
2019-10-06 05:57:48,568 [c2fbd6fe-546b-4c5d-8829-05959505a398@group-56E5CFAECE6E-LeaderElection31] INFO  server.RaftServerConfigKeys (ConfUtils.java:logGet(43)) - raft.server.watch.timeout.denomination = 1s (default)
2019-10-06 05:57:48,568 [c2fbd6fe-546b-4c5d-8829-05959505a398@group-56E5CFAECE6E-LeaderElection31] INFO  server.RaftServerConfigKeys (ConfUtils.java:logGet(43)) - raft.server.watch.element-limit = 65536 (default)
2019-10-06 05:57:48,570 [c2fbd6fe-546b-4c5d-8829-05959505a398@group-56E5CFAECE6E-LeaderElection31] INFO  impl.RoleInfo (RoleInfo.java:updateAndGet(143)) - c2fbd6fe-546b-4c5d-8829-05959505a398: start LeaderState
2019-10-06 05:57:48,570 [c2fbd6fe-546b-4c5d-8829-05959505a398@group-56E5CFAECE6E-LeaderElection31] INFO  segmented.SegmentedRaftLogWorker (SegmentedRaftLogWorker.java:startLogSegment(385)) - c2fbd6fe-546b-4c5d-8829-05959505a398@group-56E5CFAECE6E-SegmentedRaftLogWorker: Starting segment from index:0
2019-10-06 05:57:48,571 [c2fbd6fe-546b-4c5d-8829-05959505a398@group-56E5CFAECE6E-LeaderElection31] INFO  impl.RaftServerImpl (ServerState.java:setRaftConf(356)) - c2fbd6fe-546b-4c5d-8829-05959505a398@group-56E5CFAECE6E: set configuration 0: [c2fbd6fe-546b-4c5d-8829-05959505a398:192.168.164.217:37082], old=null at 0
2019-10-06 05:57:48,615 [c2fbd6fe-546b-4c5d-8829-05959505a398@group-56E5CFAECE6E-SegmentedRaftLogWorker] INFO  segmented.SegmentedRaftLogWorker (SegmentedRaftLogWorker.java:execute(574)) - c2fbd6fe-546b-4c5d-8829-05959505a398@group-56E5CFAECE6E-SegmentedRaftLogWorker: created new log segment /workdir/hadoop-ozone/integration-test/target/test-dir/MiniOzoneClusterImpl-302fbd6a-0a7c-4e79-9456-5e178ffa3b85/datanode-2/data/ratis/1ffcd2fa-a8ea-445e-a418-56e5cfaece6e/current/log_inprogress_0
2019-10-06 05:57:48,668 [Thread-1445] INFO  impl.FollowerState (FollowerState.java:run(108)) - f92d2d06-16ca-476c-af7f-960d805fe056@group-CC1B921A8CA5-FollowerState: change to CANDIDATE, lastRpcTime:5104ms, electionTimeout:5104ms
2019-10-06 05:57:48,668 [Thread-1445] INFO  impl.RoleInfo (RoleInfo.java:shutdownFollowerState(121)) - f92d2d06-16ca-476c-af7f-960d805fe056: shutdown FollowerState
2019-10-06 05:57:48,668 [Thread-1445] INFO  impl.RaftServerImpl (RaftServerImpl.java:setRole(170)) - f92d2d06-16ca-476c-af7f-960d805fe056@group-CC1B921A8CA5: changes role from  FOLLOWER to CANDIDATE at term 0 for changeToCandidate
2019-10-06 05:57:48,669 [Thread-1445] INFO  impl.RoleInfo (RoleInfo.java:updateAndGet(143)) - f92d2d06-16ca-476c-af7f-960d805fe056: start LeaderElection
2019-10-06 05:57:48,681 [Thread-1441] INFO  impl.FollowerState (FollowerState.java:run(108)) - c2fbd6fe-546b-4c5d-8829-05959505a398@group-CC1B921A8CA5-FollowerState: change to CANDIDATE, lastRpcTime:5122ms, electionTimeout:5122ms
2019-10-06 05:57:48,681 [Thread-1441] INFO  impl.RoleInfo (RoleInfo.java:shutdownFollowerState(121)) - c2fbd6fe-546b-4c5d-8829-05959505a398: shutdown FollowerState
2019-10-06 05:57:48,681 [Thread-1441] INFO  impl.RaftServerImpl (RaftServerImpl.java:setRole(170)) - c2fbd6fe-546b-4c5d-8829-05959505a398@group-CC1B921A8CA5: changes role from  FOLLOWER to CANDIDATE at term 0 for changeToCandidate
2019-10-06 05:57:48,681 [Thread-1441] INFO  impl.RoleInfo (RoleInfo.java:updateAndGet(143)) - c2fbd6fe-546b-4c5d-8829-05959505a398: start LeaderElection
2019-10-06 05:57:48,688 [f92d2d06-16ca-476c-af7f-960d805fe056@group-CC1B921A8CA5-LeaderElection32] INFO  impl.LeaderElection (LeaderElection.java:askForVotes(178)) - f92d2d06-16ca-476c-af7f-960d805fe056@group-CC1B921A8CA5-LeaderElection32: begin an election at term 1 for -1: [c2fbd6fe-546b-4c5d-8829-05959505a398:192.168.164.217:37082, f92d2d06-16ca-476c-af7f-960d805fe056:192.168.164.217:42158, 58960bb6-1791-4bb0-9c36-a998f9195181:192.168.164.217:45542], old=null
2019-10-06 05:57:48,691 [c2fbd6fe-546b-4c5d-8829-05959505a398@group-CC1B921A8CA5-LeaderElection33] INFO  impl.LeaderElection (LeaderElection.java:askForVotes(178)) - c2fbd6fe-546b-4c5d-8829-05959505a398@group-CC1B921A8CA5-LeaderElection33: begin an election at term 1 for -1: [c2fbd6fe-546b-4c5d-8829-05959505a398:192.168.164.217:37082, f92d2d06-16ca-476c-af7f-960d805fe056:192.168.164.217:42158, 58960bb6-1791-4bb0-9c36-a998f9195181:192.168.164.217:45542], old=null
2019-10-06 05:57:48,696 [Thread-1446] INFO  impl.FollowerState (FollowerState.java:run(108)) - 58960bb6-1791-4bb0-9c36-a998f9195181@group-CC1B921A8CA5-FollowerState: change to CANDIDATE, lastRpcTime:5132ms, electionTimeout:5132ms
2019-10-06 05:57:48,696 [Thread-1446] INFO  impl.RoleInfo (RoleInfo.java:shutdownFollowerState(121)) - 58960bb6-1791-4bb0-9c36-a998f9195181: shutdown FollowerState
2019-10-06 05:57:48,697 [Thread-1446] INFO  impl.RaftServerImpl (RaftServerImpl.java:setRole(170)) - 58960bb6-1791-4bb0-9c36-a998f9195181@group-CC1B921A8CA5: changes role from  FOLLOWER to CANDIDATE at term 0 for changeToCandidate
2019-10-06 05:57:48,697 [Thread-1446] INFO  impl.RoleInfo (RoleInfo.java:updateAndGet(143)) - 58960bb6-1791-4bb0-9c36-a998f9195181: start LeaderElection
2019-10-06 05:57:48,700 [Thread-1450] INFO  impl.FollowerState (FollowerState.java:run(108)) - f2452b49-01e5-4276-a6f4-22abb7003ab4@group-DFD70D494CB6-FollowerState: change to CANDIDATE, lastRpcTime:5084ms, electionTimeout:5082ms
2019-10-06 05:57:48,703 [Thread-1438] INFO  impl.FollowerState (FollowerState.java:run(108)) - f92d2d06-16ca-476c-af7f-960d805fe056@group-2C5A0C8343AB-FollowerState: change to CANDIDATE, lastRpcTime:5182ms, electionTimeout:5177ms
2019-10-06 05:57:48,703 [Thread-1450] INFO  impl.RoleInfo (RoleInfo.java:shutdownFollowerState(121)) - f2452b49-01e5-4276-a6f4-22abb7003ab4: shutdown FollowerState
2019-10-06 05:57:48,703 [Thread-1438] INFO  impl.RoleInfo (RoleInfo.java:shutdownFollowerState(121)) - f92d2d06-16ca-476c-af7f-960d805fe056: shutdown FollowerState
2019-10-06 05:57:48,703 [Thread-1450] INFO  impl.RaftServerImpl (RaftServerImpl.java:setRole(170)) - f2452b49-01e5-4276-a6f4-22abb7003ab4@group-DFD70D494CB6: changes role from  FOLLOWER to CANDIDATE at term 0 for changeToCandidate
2019-10-06 05:57:48,704 [Thread-1438] INFO  impl.RaftServerImpl (RaftServerImpl.java:setRole(170)) - f92d2d06-16ca-476c-af7f-960d805fe056@group-2C5A0C8343AB: changes role from  FOLLOWER to CANDIDATE at term 0 for changeToCandidate
2019-10-06 05:57:48,704 [Thread-1450] INFO  impl.RoleInfo (RoleInfo.java:updateAndGet(143)) - f2452b49-01e5-4276-a6f4-22abb7003ab4: start LeaderElection
2019-10-06 05:57:48,704 [Thread-1438] INFO  impl.RoleInfo (RoleInfo.java:updateAndGet(143)) - f92d2d06-16ca-476c-af7f-960d805fe056: start LeaderElection
2019-10-06 05:57:48,719 [58960bb6-1791-4bb0-9c36-a998f9195181@group-CC1B921A8CA5-LeaderElection34] INFO  impl.LeaderElection (LeaderElection.java:askForVotes(178)) - 58960bb6-1791-4bb0-9c36-a998f9195181@group-CC1B921A8CA5-LeaderElection34: begin an election at term 1 for -1: [c2fbd6fe-546b-4c5d-8829-05959505a398:192.168.164.217:37082, f92d2d06-16ca-476c-af7f-960d805fe056:192.168.164.217:42158, 58960bb6-1791-4bb0-9c36-a998f9195181:192.168.164.217:45542], old=null
2019-10-06 05:57:48,721 [c2fbd6fe-546b-4c5d-8829-05959505a398@group-CC1B921A8CA5-LeaderElection33] INFO  impl.LeaderElection (LeaderElection.java:logAndReturn(56)) - c2fbd6fe-546b-4c5d-8829-05959505a398@group-CC1B921A8CA5-LeaderElection33: Election REJECTED; received 2 response(s) [c2fbd6fe-546b-4c5d-8829-05959505a398<-f92d2d06-16ca-476c-af7f-960d805fe056#0:FAIL-t1, c2fbd6fe-546b-4c5d-8829-05959505a398<-58960bb6-1791-4bb0-9c36-a998f9195181#0:FAIL-t1] and 0 exception(s); c2fbd6fe-546b-4c5d-8829-05959505a398@group-CC1B921A8CA5:t1, leader=null, voted=c2fbd6fe-546b-4c5d-8829-05959505a398, raftlog=c2fbd6fe-546b-4c5d-8829-05959505a398@group-CC1B921A8CA5-SegmentedRaftLog:OPENED:c-1,f-1,i0, conf=-1: [c2fbd6fe-546b-4c5d-8829-05959505a398:192.168.164.217:37082, f92d2d06-16ca-476c-af7f-960d805fe056:192.168.164.217:42158, 58960bb6-1791-4bb0-9c36-a998f9195181:192.168.164.217:45542], old=null
2019-10-06 05:57:48,721 [f92d2d06-16ca-476c-af7f-960d805fe056@group-CC1B921A8CA5-LeaderElection32] INFO  impl.LeaderElection (LeaderElection.java:logAndReturn(56)) - f92d2d06-16ca-476c-af7f-960d805fe056@group-CC1B921A8CA5-LeaderElection32: Election REJECTED; received 2 response(s) [f92d2d06-16ca-476c-af7f-960d805fe056<-c2fbd6fe-546b-4c5d-8829-05959505a398#0:FAIL-t1, f92d2d06-16ca-476c-af7f-960d805fe056<-58960bb6-1791-4bb0-9c36-a998f9195181#0:FAIL-t1] and 0 exception(s); f92d2d06-16ca-476c-af7f-960d805fe056@group-CC1B921A8CA5:t1, leader=null, voted=f92d2d06-16ca-476c-af7f-960d805fe056, raftlog=f92d2d06-16ca-476c-af7f-960d805fe056@group-CC1B921A8CA5-SegmentedRaftLog:OPENED:c-1,f-1,i0, conf=-1: [c2fbd6fe-546b-4c5d-8829-05959505a398:192.168.164.217:37082, f92d2d06-16ca-476c-af7f-960d805fe056:192.168.164.217:42158, 58960bb6-1791-4bb0-9c36-a998f9195181:192.168.164.217:45542], old=null
2019-10-06 05:57:48,721 [c2fbd6fe-546b-4c5d-8829-05959505a398@group-CC1B921A8CA5-LeaderElection33] INFO  impl.RaftServerImpl (RaftServerImpl.java:setRole(170)) - c2fbd6fe-546b-4c5d-8829-05959505a398@group-CC1B921A8CA5: changes role from CANDIDATE to FOLLOWER at term 1 for DISCOVERED_A_NEW_TERM
2019-10-06 05:57:48,724 [c2fbd6fe-546b-4c5d-8829-05959505a398@group-CC1B921A8CA5-LeaderElection33] INFO  impl.RoleInfo (RoleInfo.java:shutdownLeaderElection(134)) - c2fbd6fe-546b-4c5d-8829-05959505a398: shutdown LeaderElection
2019-10-06 05:57:48,724 [c2fbd6fe-546b-4c5d-8829-05959505a398@group-CC1B921A8CA5-LeaderElection33] INFO  impl.RoleInfo (RoleInfo.java:updateAndGet(143)) - c2fbd6fe-546b-4c5d-8829-05959505a398: start FollowerState
2019-10-06 05:57:48,724 [f92d2d06-16ca-476c-af7f-960d805fe056@group-CC1B921A8CA5-LeaderElection32] INFO  impl.RaftServerImpl (RaftServerImpl.java:setRole(170)) - f92d2d06-16ca-476c-af7f-960d805fe056@group-CC1B921A8CA5: changes role from CANDIDATE to FOLLOWER at term 1 for DISCOVERED_A_NEW_TERM
2019-10-06 05:57:48,727 [f92d2d06-16ca-476c-af7f-960d805fe056@group-CC1B921A8CA5-LeaderElection32] INFO  impl.RoleInfo (RoleInfo.java:shutdownLeaderElection(134)) - f92d2d06-16ca-476c-af7f-960d805fe056: shutdown LeaderElection
2019-10-06 05:57:48,727 [f92d2d06-16ca-476c-af7f-960d805fe056@group-CC1B921A8CA5-LeaderElection32] INFO  impl.RoleInfo (RoleInfo.java:updateAndGet(143)) - f92d2d06-16ca-476c-af7f-960d805fe056: start FollowerState
2019-10-06 05:57:48,730 [58960bb6-1791-4bb0-9c36-a998f9195181@group-CC1B921A8CA5-LeaderElection34] INFO  impl.LeaderElection (LeaderElection.java:logAndReturn(56)) - 58960bb6-1791-4bb0-9c36-a998f9195181@group-CC1B921A8CA5-LeaderElection34: Election REJECTED; received 2 response(s) [58960bb6-1791-4bb0-9c36-a998f9195181<-c2fbd6fe-546b-4c5d-8829-05959505a398#0:FAIL-t1, 58960bb6-1791-4bb0-9c36-a998f9195181<-f92d2d06-16ca-476c-af7f-960d805fe056#0:FAIL-t1] and 0 exception(s); 58960bb6-1791-4bb0-9c36-a998f9195181@group-CC1B921A8CA5:t1, leader=null, voted=58960bb6-1791-4bb0-9c36-a998f9195181, raftlog=58960bb6-1791-4bb0-9c36-a998f9195181@group-CC1B921A8CA5-SegmentedRaftLog:OPENED:c-1,f-1,i0, conf=-1: [c2fbd6fe-546b-4c5d-8829-05959505a398:192.168.164.217:37082, f92d2d06-16ca-476c-af7f-960d805fe056:192.168.164.217:42158, 58960bb6-1791-4bb0-9c36-a998f9195181:192.168.164.217:45542], old=null
2019-10-06 05:57:48,731 [58960bb6-1791-4bb0-9c36-a998f9195181@group-CC1B921A8CA5-LeaderElection34] INFO  impl.RaftServerImpl (RaftServerImpl.java:setRole(170)) - 58960bb6-1791-4bb0-9c36-a998f9195181@group-CC1B921A8CA5: changes role from CANDIDATE to FOLLOWER at term 1 for DISCOVERED_A_NEW_TERM
2019-10-06 05:57:48,731 [58960bb6-1791-4bb0-9c36-a998f9195181@group-CC1B921A8CA5-LeaderElection34] INFO  impl.RoleInfo (RoleInfo.java:shutdownLeaderElection(134)) - 58960bb6-1791-4bb0-9c36-a998f9195181: shutdown LeaderElection
2019-10-06 05:57:48,731 [58960bb6-1791-4bb0-9c36-a998f9195181@group-CC1B921A8CA5-LeaderElection34] INFO  impl.RoleInfo (RoleInfo.java:updateAndGet(143)) - 58960bb6-1791-4bb0-9c36-a998f9195181: start FollowerState
2019-10-06 05:57:48,732 [f92d2d06-16ca-476c-af7f-960d805fe056@group-2C5A0C8343AB-LeaderElection36] INFO  impl.LeaderElection (LeaderElection.java:askForVotes(178)) - f92d2d06-16ca-476c-af7f-960d805fe056@group-2C5A0C8343AB-LeaderElection36: begin an election at term 1 for -1: [f92d2d06-16ca-476c-af7f-960d805fe056:192.168.164.217:42158], old=null
2019-10-06 05:57:48,732 [f2452b49-01e5-4276-a6f4-22abb7003ab4@group-DFD70D494CB6-LeaderElection35] INFO  impl.LeaderElection (LeaderElection.java:askForVotes(178)) - f2452b49-01e5-4276-a6f4-22abb7003ab4@group-DFD70D494CB6-LeaderElection35: begin an election at term 1 for -1: [f2452b49-01e5-4276-a6f4-22abb7003ab4:192.168.164.217:36281], old=null
2019-10-06 05:57:48,734 [f92d2d06-16ca-476c-af7f-960d805fe056@group-2C5A0C8343AB-LeaderElection36] INFO  impl.RoleInfo (RoleInfo.java:shutdownLeaderElection(134)) - f92d2d06-16ca-476c-af7f-960d805fe056: shutdown LeaderElection
2019-10-06 05:57:48,734 [f2452b49-01e5-4276-a6f4-22abb7003ab4@group-DFD70D494CB6-LeaderElection35] INFO  impl.RoleInfo (RoleInfo.java:shutdownLeaderElection(134)) - f2452b49-01e5-4276-a6f4-22abb7003ab4: shutdown LeaderElection
2019-10-06 05:57:48,735 [f92d2d06-16ca-476c-af7f-960d805fe056@group-2C5A0C8343AB-LeaderElection36] INFO  impl.RaftServerImpl (RaftServerImpl.java:setRole(170)) - f92d2d06-16ca-476c-af7f-960d805fe056@group-2C5A0C8343AB: changes role from CANDIDATE to LEADER at term 1 for changeToLeader
2019-10-06 05:57:48,735 [f2452b49-01e5-4276-a6f4-22abb7003ab4@group-DFD70D494CB6-LeaderElection35] INFO  impl.RaftServerImpl (RaftServerImpl.java:setRole(170)) - f2452b49-01e5-4276-a6f4-22abb7003ab4@group-DFD70D494CB6: changes role from CANDIDATE to LEADER at term 1 for changeToLeader
2019-10-06 05:57:48,735 [f92d2d06-16ca-476c-af7f-960d805fe056@group-2C5A0C8343AB-LeaderElection36] INFO  impl.RaftServerImpl (ServerState.java:setLeader(255)) - f92d2d06-16ca-476c-af7f-960d805fe056@group-2C5A0C8343AB: change Leader from null to f92d2d06-16ca-476c-af7f-960d805fe056 at term 1 for becomeLeader, leader elected after 5221ms
2019-10-06 05:57:48,735 [f2452b49-01e5-4276-a6f4-22abb7003ab4@group-DFD70D494CB6-LeaderElection35] INFO  impl.RaftServerImpl (ServerState.java:setLeader(255)) - f2452b49-01e5-4276-a6f4-22abb7003ab4@group-DFD70D494CB6: change Leader from null to f2452b49-01e5-4276-a6f4-22abb7003ab4 at term 1 for becomeLeader, leader elected after 5124ms
2019-10-06 05:57:48,735 [f92d2d06-16ca-476c-af7f-960d805fe056@group-2C5A0C8343AB-LeaderElection36] INFO  server.RaftServerConfigKeys (ConfUtils.java:logGet(43)) - raft.server.staging.catchup.gap = 1000 (default)
2019-10-06 05:57:48,735 [f2452b49-01e5-4276-a6f4-22abb7003ab4@group-DFD70D494CB6-LeaderElection35] INFO  server.RaftServerConfigKeys (ConfUtils.java:logGet(43)) - raft.server.staging.catchup.gap = 1000 (default)
2019-10-06 05:57:48,735 [f92d2d06-16ca-476c-af7f-960d805fe056@group-2C5A0C8343AB-LeaderElection36] INFO  server.RaftServerConfigKeys (ConfUtils.java:logGet(43)) - raft.server.rpc.sleep.time = 25ms (default)
2019-10-06 05:57:48,735 [f2452b49-01e5-4276-a6f4-22abb7003ab4@group-DFD70D494CB6-LeaderElection35] INFO  server.RaftServerConfigKeys (ConfUtils.java:logGet(43)) - raft.server.rpc.sleep.time = 25ms (default)
2019-10-06 05:57:48,736 [f92d2d06-16ca-476c-af7f-960d805fe056@group-2C5A0C8343AB-LeaderElection36] INFO  server.RaftServerConfigKeys (ConfUtils.java:logGet(43)) - raft.server.write.element-limit = 4096 (default)
2019-10-06 05:57:48,736 [f2452b49-01e5-4276-a6f4-22abb7003ab4@group-DFD70D494CB6-LeaderElection35] INFO  server.RaftServerConfigKeys (ConfUtils.java:logGet(43)) - raft.server.write.element-limit = 4096 (default)
2019-10-06 05:57:48,736 [f92d2d06-16ca-476c-af7f-960d805fe056@group-2C5A0C8343AB-LeaderElection36] INFO  server.RaftServerConfigKeys (ConfUtils.java:logGet(43)) - raft.server.watch.timeout = 10s (default)
2019-10-06 05:57:48,736 [f2452b49-01e5-4276-a6f4-22abb7003ab4@group-DFD70D494CB6-LeaderElection35] INFO  server.RaftServerConfigKeys (ConfUtils.java:logGet(43)) - raft.server.watch.timeout = 10s (default)
2019-10-06 05:57:48,736 [f92d2d06-16ca-476c-af7f-960d805fe056@group-2C5A0C8343AB-LeaderElection36] INFO  server.RaftServerConfigKeys (ConfUtils.java:logGet(43)) - raft.server.watch.timeout.denomination = 1s (default)
2019-10-06 05:57:48,736 [f2452b49-01e5-4276-a6f4-22abb7003ab4@group-DFD70D494CB6-LeaderElection35] INFO  server.RaftServerConfigKeys (ConfUtils.java:logGet(43)) - raft.server.watch.timeout.denomination = 1s (default)
2019-10-06 05:57:48,736 [f92d2d06-16ca-476c-af7f-960d805fe056@group-2C5A0C8343AB-LeaderElection36] INFO  server.RaftServerConfigKeys (ConfUtils.java:logGet(43)) - raft.server.watch.element-limit = 65536 (default)
2019-10-06 05:57:48,737 [f2452b49-01e5-4276-a6f4-22abb7003ab4@group-DFD70D494CB6-LeaderElection35] INFO  server.RaftServerConfigKeys (ConfUtils.java:logGet(43)) - raft.server.watch.element-limit = 65536 (default)
2019-10-06 05:57:48,739 [Thread-1456] INFO  impl.FollowerState (FollowerState.java:run(108)) - e9442dbb-ac44-4013-9e4d-46822cde08e6@group-8C613BFB0814-FollowerState: change to CANDIDATE, lastRpcTime:5027ms, electionTimeout:5027ms
2019-10-06 05:57:48,740 [Thread-1456] INFO  impl.RoleInfo (RoleInfo.java:shutdownFollowerState(121)) - e9442dbb-ac44-4013-9e4d-46822cde08e6: shutdown FollowerState
2019-10-06 05:57:48,740 [Thread-1456] INFO  impl.RaftServerImpl (RaftServerImpl.java:setRole(170)) - e9442dbb-ac44-4013-9e4d-46822cde08e6@group-8C613BFB0814: changes role from  FOLLOWER to CANDIDATE at term 0 for changeToCandidate
2019-10-06 05:57:48,740 [Thread-1456] INFO  impl.RoleInfo (RoleInfo.java:updateAndGet(143)) - e9442dbb-ac44-4013-9e4d-46822cde08e6: start LeaderElection
2019-10-06 05:57:48,740 [f92d2d06-16ca-476c-af7f-960d805fe056@group-2C5A0C8343AB-LeaderElection36] INFO  impl.RoleInfo (RoleInfo.java:updateAndGet(143)) - f92d2d06-16ca-476c-af7f-960d805fe056: start LeaderState
2019-10-06 05:57:48,743 [f2452b49-01e5-4276-a6f4-22abb7003ab4@group-DFD70D494CB6-LeaderElection35] INFO  impl.RoleInfo (RoleInfo.java:updateAndGet(143)) - f2452b49-01e5-4276-a6f4-22abb7003ab4: start LeaderState
2019-10-06 05:57:48,745 [f92d2d06-16ca-476c-af7f-960d805fe056@group-2C5A0C8343AB-LeaderElection36] INFO  segmented.SegmentedRaftLogWorker (SegmentedRaftLogWorker.java:startLogSegment(385)) - f92d2d06-16ca-476c-af7f-960d805fe056@group-2C5A0C8343AB-SegmentedRaftLogWorker: Starting segment from index:0
2019-10-06 05:57:48,745 [f2452b49-01e5-4276-a6f4-22abb7003ab4@group-DFD70D494CB6-LeaderElection35] INFO  segmented.SegmentedRaftLogWorker (SegmentedRaftLogWorker.java:startLogSegment(385)) - f2452b49-01e5-4276-a6f4-22abb7003ab4@group-DFD70D494CB6-SegmentedRaftLogWorker: Starting segment from index:0
2019-10-06 05:57:48,746 [f92d2d06-16ca-476c-af7f-960d805fe056@group-2C5A0C8343AB-LeaderElection36] INFO  impl.RaftServerImpl (ServerState.java:setRaftConf(356)) - f92d2d06-16ca-476c-af7f-960d805fe056@group-2C5A0C8343AB: set configuration 0: [f92d2d06-16ca-476c-af7f-960d805fe056:192.168.164.217:42158], old=null at 0
2019-10-06 05:57:48,746 [f2452b49-01e5-4276-a6f4-22abb7003ab4@group-DFD70D494CB6-LeaderElection35] INFO  impl.RaftServerImpl (ServerState.java:setRaftConf(356)) - f2452b49-01e5-4276-a6f4-22abb7003ab4@group-DFD70D494CB6: set configuration 0: [f2452b49-01e5-4276-a6f4-22abb7003ab4:192.168.164.217:36281], old=null at 0
2019-10-06 05:57:48,758 [e9442dbb-ac44-4013-9e4d-46822cde08e6@group-8C613BFB0814-LeaderElection37] INFO  impl.LeaderElection (LeaderElection.java:askForVotes(178)) - e9442dbb-ac44-4013-9e4d-46822cde08e6@group-8C613BFB0814-LeaderElection37: begin an election at term 1 for -1: [e9442dbb-ac44-4013-9e4d-46822cde08e6:192.168.164.217:43213], old=null
2019-10-06 05:57:48,759 [e9442dbb-ac44-4013-9e4d-46822cde08e6@group-8C613BFB0814-LeaderElection37] INFO  impl.RoleInfo (RoleInfo.java:shutdownLeaderElection(134)) - e9442dbb-ac44-4013-9e4d-46822cde08e6: shutdown LeaderElection
2019-10-06 05:57:48,759 [e9442dbb-ac44-4013-9e4d-46822cde08e6@group-8C613BFB0814-LeaderElection37] INFO  impl.RaftServerImpl (RaftServerImpl.java:setRole(170)) - e9442dbb-ac44-4013-9e4d-46822cde08e6@group-8C613BFB0814: changes role from CANDIDATE to LEADER at term 1 for changeToLeader
2019-10-06 05:57:48,759 [e9442dbb-ac44-4013-9e4d-46822cde08e6@group-8C613BFB0814-LeaderElection37] INFO  impl.RaftServerImpl (ServerState.java:setLeader(255)) - e9442dbb-ac44-4013-9e4d-46822cde08e6@group-8C613BFB0814: change Leader from null to e9442dbb-ac44-4013-9e4d-46822cde08e6 at term 1 for becomeLeader, leader elected after 5051ms
2019-10-06 05:57:48,759 [e9442dbb-ac44-4013-9e4d-46822cde08e6@group-8C613BFB0814-LeaderElection37] INFO  server.RaftServerConfigKeys (ConfUtils.java:logGet(43)) - raft.server.staging.catchup.gap = 1000 (default)
2019-10-06 05:57:48,759 [e9442dbb-ac44-4013-9e4d-46822cde08e6@group-8C613BFB0814-LeaderElection37] INFO  server.RaftServerConfigKeys (ConfUtils.java:logGet(43)) - raft.server.rpc.sleep.time = 25ms (default)
2019-10-06 05:57:48,759 [e9442dbb-ac44-4013-9e4d-46822cde08e6@group-8C613BFB0814-LeaderElection37] INFO  server.RaftServerConfigKeys (ConfUtils.java:logGet(43)) - raft.server.write.element-limit = 4096 (default)
2019-10-06 05:57:48,759 [e9442dbb-ac44-4013-9e4d-46822cde08e6@group-8C613BFB0814-LeaderElection37] INFO  server.RaftServerConfigKeys (ConfUtils.java:logGet(43)) - raft.server.watch.timeout = 10s (default)
2019-10-06 05:57:48,759 [e9442dbb-ac44-4013-9e4d-46822cde08e6@group-8C613BFB0814-LeaderElection37] INFO  server.RaftServerConfigKeys (ConfUtils.java:logGet(43)) - raft.server.watch.timeout.denomination = 1s (default)
2019-10-06 05:57:48,760 [e9442dbb-ac44-4013-9e4d-46822cde08e6@group-8C613BFB0814-LeaderElection37] INFO  server.RaftServerConfigKeys (ConfUtils.java:logGet(43)) - raft.server.watch.element-limit = 65536 (default)
2019-10-06 05:57:48,761 [e9442dbb-ac44-4013-9e4d-46822cde08e6@group-8C613BFB0814-LeaderElection37] INFO  impl.RoleInfo (RoleInfo.java:updateAndGet(143)) - e9442dbb-ac44-4013-9e4d-46822cde08e6: start LeaderState
2019-10-06 05:57:48,762 [e9442dbb-ac44-4013-9e4d-46822cde08e6@group-8C613BFB0814-LeaderElection37] INFO  segmented.SegmentedRaftLogWorker (SegmentedRaftLogWorker.java:startLogSegment(385)) - e9442dbb-ac44-4013-9e4d-46822cde08e6@group-8C613BFB0814-SegmentedRaftLogWorker: Starting segment from index:0
2019-10-06 05:57:48,762 [e9442dbb-ac44-4013-9e4d-46822cde08e6@group-8C613BFB0814-LeaderElection37] INFO  impl.RaftServerImpl (ServerState.java:setRaftConf(356)) - e9442dbb-ac44-4013-9e4d-46822cde08e6@group-8C613BFB0814: set configuration 0: [e9442dbb-ac44-4013-9e4d-46822cde08e6:192.168.164.217:43213], old=null at 0
2019-10-06 05:57:48,787 [f2452b49-01e5-4276-a6f4-22abb7003ab4@group-DFD70D494CB6-SegmentedRaftLogWorker] INFO  segmented.SegmentedRaftLogWorker (SegmentedRaftLogWorker.java:execute(574)) - f2452b49-01e5-4276-a6f4-22abb7003ab4@group-DFD70D494CB6-SegmentedRaftLogWorker: created new log segment /workdir/hadoop-ozone/integration-test/target/test-dir/MiniOzoneClusterImpl-302fbd6a-0a7c-4e79-9456-5e178ffa3b85/datanode-4/data/ratis/5c8b7e5f-6b0c-4cce-95fd-dfd70d494cb6/current/log_inprogress_0
2019-10-06 05:57:48,787 [f92d2d06-16ca-476c-af7f-960d805fe056@group-2C5A0C8343AB-SegmentedRaftLogWorker] INFO  segmented.SegmentedRaftLogWorker (SegmentedRaftLogWorker.java:execute(574)) - f92d2d06-16ca-476c-af7f-960d805fe056@group-2C5A0C8343AB-SegmentedRaftLogWorker: created new log segment /workdir/hadoop-ozone/integration-test/target/test-dir/MiniOzoneClusterImpl-302fbd6a-0a7c-4e79-9456-5e178ffa3b85/datanode-3/data/ratis/222eded9-6655-41bd-bb91-2c5a0c8343ab/current/log_inprogress_0
2019-10-06 05:57:48,800 [e9442dbb-ac44-4013-9e4d-46822cde08e6@group-8C613BFB0814-SegmentedRaftLogWorker] INFO  segmented.SegmentedRaftLogWorker (SegmentedRaftLogWorker.java:execute(574)) - e9442dbb-ac44-4013-9e4d-46822cde08e6@group-8C613BFB0814-SegmentedRaftLogWorker: created new log segment /workdir/hadoop-ozone/integration-test/target/test-dir/MiniOzoneClusterImpl-302fbd6a-0a7c-4e79-9456-5e178ffa3b85/datanode-6/data/ratis/8b69b706-b287-4d6d-94de-8c613bfb0814/current/log_inprogress_0
2019-10-06 05:57:48,812 [Thread-1459] INFO  impl.FollowerState (FollowerState.java:run(108)) - 93b28853-314b-4cca-996b-58706c8865a9@group-619831DA685A-FollowerState: change to CANDIDATE, lastRpcTime:5036ms, electionTimeout:5036ms
2019-10-06 05:57:48,812 [Thread-1459] INFO  impl.RoleInfo (RoleInfo.java:shutdownFollowerState(121)) - 93b28853-314b-4cca-996b-58706c8865a9: shutdown FollowerState
2019-10-06 05:57:48,812 [Thread-1459] INFO  impl.RaftServerImpl (RaftServerImpl.java:setRole(170)) - 93b28853-314b-4cca-996b-58706c8865a9@group-619831DA685A: changes role from  FOLLOWER to CANDIDATE at term 0 for changeToCandidate
2019-10-06 05:57:48,812 [Thread-1459] INFO  impl.RoleInfo (RoleInfo.java:updateAndGet(143)) - 93b28853-314b-4cca-996b-58706c8865a9: start LeaderElection
2019-10-06 05:57:48,826 [Thread-1453] INFO  impl.FollowerState (FollowerState.java:run(108)) - 93b28853-314b-4cca-996b-58706c8865a9@group-CCFCFC521FB7-FollowerState: change to CANDIDATE, lastRpcTime:5157ms, electionTimeout:5157ms
2019-10-06 05:57:48,826 [Thread-1453] INFO  impl.RoleInfo (RoleInfo.java:shutdownFollowerState(121)) - 93b28853-314b-4cca-996b-58706c8865a9: shutdown FollowerState
2019-10-06 05:57:48,826 [Thread-1453] INFO  impl.RaftServerImpl (RaftServerImpl.java:setRole(170)) - 93b28853-314b-4cca-996b-58706c8865a9@group-CCFCFC521FB7: changes role from  FOLLOWER to CANDIDATE at term 0 for changeToCandidate
2019-10-06 05:57:48,826 [Thread-1453] INFO  impl.RoleInfo (RoleInfo.java:updateAndGet(143)) - 93b28853-314b-4cca-996b-58706c8865a9: start LeaderElection
2019-10-06 05:57:48,834 [93b28853-314b-4cca-996b-58706c8865a9@group-619831DA685A-LeaderElection38] INFO  impl.LeaderElection (LeaderElection.java:askForVotes(178)) - 93b28853-314b-4cca-996b-58706c8865a9@group-619831DA685A-LeaderElection38: begin an election at term 1 for -1: [93b28853-314b-4cca-996b-58706c8865a9:192.168.164.217:39115, 3e9c116c-e13a-4d69-bdab-06bfa97df644:192.168.164.217:39233, f2452b49-01e5-4276-a6f4-22abb7003ab4:192.168.164.217:36281], old=null
2019-10-06 05:57:48,842 [grpc-default-executor-6] INFO  impl.RaftServerImpl (RaftServerImpl.java:setRole(170)) - 3e9c116c-e13a-4d69-bdab-06bfa97df644@group-619831DA685A: changes role from  FOLLOWER to FOLLOWER at term 1 for recognizeCandidate:93b28853-314b-4cca-996b-58706c8865a9
2019-10-06 05:57:48,842 [grpc-default-executor-1] INFO  impl.RaftServerImpl (RaftServerImpl.java:setRole(170)) - f2452b49-01e5-4276-a6f4-22abb7003ab4@group-619831DA685A: changes role from  FOLLOWER to FOLLOWER at term 1 for recognizeCandidate:93b28853-314b-4cca-996b-58706c8865a9
2019-10-06 05:57:48,842 [grpc-default-executor-6] INFO  impl.RoleInfo (RoleInfo.java:shutdownFollowerState(121)) - 3e9c116c-e13a-4d69-bdab-06bfa97df644: shutdown FollowerState
2019-10-06 05:57:48,842 [grpc-default-executor-1] INFO  impl.RoleInfo (RoleInfo.java:shutdownFollowerState(121)) - f2452b49-01e5-4276-a6f4-22abb7003ab4: shutdown FollowerState
2019-10-06 05:57:48,842 [Thread-1463] INFO  impl.FollowerState (FollowerState.java:run(117)) - 3e9c116c-e13a-4d69-bdab-06bfa97df644@group-619831DA685A-FollowerState was interrupted: java.lang.InterruptedException: sleep interrupted
2019-10-06 05:57:48,842 [grpc-default-executor-6] INFO  impl.RoleInfo (RoleInfo.java:updateAndGet(143)) - 3e9c116c-e13a-4d69-bdab-06bfa97df644: start FollowerState
2019-10-06 05:57:48,848 [Thread-1464] INFO  impl.FollowerState (FollowerState.java:run(117)) - f2452b49-01e5-4276-a6f4-22abb7003ab4@group-619831DA685A-FollowerState was interrupted: java.lang.InterruptedException: sleep interrupted
2019-10-06 05:57:48,845 [grpc-default-executor-1] INFO  impl.RoleInfo (RoleInfo.java:updateAndGet(143)) - f2452b49-01e5-4276-a6f4-22abb7003ab4: start FollowerState
2019-10-06 05:57:48,848 [93b28853-314b-4cca-996b-58706c8865a9@group-CCFCFC521FB7-LeaderElection39] INFO  impl.LeaderElection (LeaderElection.java:askForVotes(178)) - 93b28853-314b-4cca-996b-58706c8865a9@group-CCFCFC521FB7-LeaderElection39: begin an election at term 1 for -1: [93b28853-314b-4cca-996b-58706c8865a9:192.168.164.217:39115], old=null
2019-10-06 05:57:48,851 [93b28853-314b-4cca-996b-58706c8865a9@group-CCFCFC521FB7-LeaderElection39] INFO  impl.RoleInfo (RoleInfo.java:shutdownLeaderElection(134)) - 93b28853-314b-4cca-996b-58706c8865a9: shutdown LeaderElection
2019-10-06 05:57:48,851 [93b28853-314b-4cca-996b-58706c8865a9@group-CCFCFC521FB7-LeaderElection39] INFO  impl.RaftServerImpl (RaftServerImpl.java:setRole(170)) - 93b28853-314b-4cca-996b-58706c8865a9@group-CCFCFC521FB7: changes role from CANDIDATE to LEADER at term 1 for changeToLeader
2019-10-06 05:57:48,852 [93b28853-314b-4cca-996b-58706c8865a9@group-CCFCFC521FB7-LeaderElection39] INFO  impl.RaftServerImpl (ServerState.java:setLeader(255)) - 93b28853-314b-4cca-996b-58706c8865a9@group-CCFCFC521FB7: change Leader from null to 93b28853-314b-4cca-996b-58706c8865a9 at term 1 for becomeLeader, leader elected after 5188ms
2019-10-06 05:57:48,852 [93b28853-314b-4cca-996b-58706c8865a9@group-CCFCFC521FB7-LeaderElection39] INFO  server.RaftServerConfigKeys (ConfUtils.java:logGet(43)) - raft.server.staging.catchup.gap = 1000 (default)
2019-10-06 05:57:48,852 [93b28853-314b-4cca-996b-58706c8865a9@group-CCFCFC521FB7-LeaderElection39] INFO  server.RaftServerConfigKeys (ConfUtils.java:logGet(43)) - raft.server.rpc.sleep.time = 25ms (default)
2019-10-06 05:57:48,856 [93b28853-314b-4cca-996b-58706c8865a9@group-CCFCFC521FB7-LeaderElection39] INFO  server.RaftServerConfigKeys (ConfUtils.java:logGet(43)) - raft.server.write.element-limit = 4096 (default)
2019-10-06 05:57:48,860 [93b28853-314b-4cca-996b-58706c8865a9@group-CCFCFC521FB7-LeaderElection39] INFO  server.RaftServerConfigKeys (ConfUtils.java:logGet(43)) - raft.server.watch.timeout = 10s (default)
2019-10-06 05:57:48,861 [93b28853-314b-4cca-996b-58706c8865a9@group-CCFCFC521FB7-LeaderElection39] INFO  server.RaftServerConfigKeys (ConfUtils.java:logGet(43)) - raft.server.watch.timeout.denomination = 1s (default)
2019-10-06 05:57:48,861 [93b28853-314b-4cca-996b-58706c8865a9@group-CCFCFC521FB7-LeaderElection39] INFO  server.RaftServerConfigKeys (ConfUtils.java:logGet(43)) - raft.server.watch.element-limit = 65536 (default)
2019-10-06 05:57:48,864 [93b28853-314b-4cca-996b-58706c8865a9@group-CCFCFC521FB7-LeaderElection39] INFO  impl.RoleInfo (RoleInfo.java:updateAndGet(143)) - 93b28853-314b-4cca-996b-58706c8865a9: start LeaderState
2019-10-06 05:57:48,864 [93b28853-314b-4cca-996b-58706c8865a9@group-CCFCFC521FB7-LeaderElection39] INFO  segmented.SegmentedRaftLogWorker (SegmentedRaftLogWorker.java:startLogSegment(385)) - 93b28853-314b-4cca-996b-58706c8865a9@group-CCFCFC521FB7-SegmentedRaftLogWorker: Starting segment from index:0
2019-10-06 05:57:48,865 [93b28853-314b-4cca-996b-58706c8865a9@group-CCFCFC521FB7-LeaderElection39] INFO  impl.RaftServerImpl (ServerState.java:setRaftConf(356)) - 93b28853-314b-4cca-996b-58706c8865a9@group-CCFCFC521FB7: set configuration 0: [93b28853-314b-4cca-996b-58706c8865a9:192.168.164.217:39115], old=null at 0
2019-10-06 05:57:48,866 [93b28853-314b-4cca-996b-58706c8865a9@group-619831DA685A-LeaderElection38] INFO  impl.LeaderElection (LeaderElection.java:logAndReturn(56)) - 93b28853-314b-4cca-996b-58706c8865a9@group-619831DA685A-LeaderElection38: Election PASSED; received 1 response(s) [93b28853-314b-4cca-996b-58706c8865a9<-3e9c116c-e13a-4d69-bdab-06bfa97df644#0:OK-t1] and 0 exception(s); 93b28853-314b-4cca-996b-58706c8865a9@group-619831DA685A:t1, leader=null, voted=93b28853-314b-4cca-996b-58706c8865a9, raftlog=93b28853-314b-4cca-996b-58706c8865a9@group-619831DA685A-SegmentedRaftLog:OPENED:c-1,f-1,i0, conf=-1: [93b28853-314b-4cca-996b-58706c8865a9:192.168.164.217:39115, 3e9c116c-e13a-4d69-bdab-06bfa97df644:192.168.164.217:39233, f2452b49-01e5-4276-a6f4-22abb7003ab4:192.168.164.217:36281], old=null
2019-10-06 05:57:48,866 [93b28853-314b-4cca-996b-58706c8865a9@group-619831DA685A-LeaderElection38] INFO  impl.RoleInfo (RoleInfo.java:shutdownLeaderElection(134)) - 93b28853-314b-4cca-996b-58706c8865a9: shutdown LeaderElection
2019-10-06 05:57:48,866 [93b28853-314b-4cca-996b-58706c8865a9@group-619831DA685A-LeaderElection38] INFO  impl.RaftServerImpl (RaftServerImpl.java:setRole(170)) - 93b28853-314b-4cca-996b-58706c8865a9@group-619831DA685A: changes role from CANDIDATE to LEADER at term 1 for changeToLeader
2019-10-06 05:57:48,866 [93b28853-314b-4cca-996b-58706c8865a9@group-619831DA685A-LeaderElection38] INFO  impl.RaftServerImpl (ServerState.java:setLeader(255)) - 93b28853-314b-4cca-996b-58706c8865a9@group-619831DA685A: change Leader from null to 93b28853-314b-4cca-996b-58706c8865a9 at term 1 for becomeLeader, leader elected after 5098ms
2019-10-06 05:57:48,866 [93b28853-314b-4cca-996b-58706c8865a9@group-619831DA685A-LeaderElection38] INFO  server.RaftServerConfigKeys (ConfUtils.java:logGet(43)) - raft.server.staging.catchup.gap = 1000 (default)
2019-10-06 05:57:48,866 [93b28853-314b-4cca-996b-58706c8865a9@group-619831DA685A-LeaderElection38] INFO  server.RaftServerConfigKeys (ConfUtils.java:logGet(43)) - raft.server.rpc.sleep.time = 25ms (default)
2019-10-06 05:57:48,867 [93b28853-314b-4cca-996b-58706c8865a9@group-619831DA685A-LeaderElection38] INFO  server.RaftServerConfigKeys (ConfUtils.java:logGet(43)) - raft.server.write.element-limit = 4096 (default)
2019-10-06 05:57:48,867 [93b28853-314b-4cca-996b-58706c8865a9@group-619831DA685A-LeaderElection38] INFO  server.RaftServerConfigKeys (ConfUtils.java:logGet(43)) - raft.server.watch.timeout = 10s (default)
2019-10-06 05:57:48,867 [93b28853-314b-4cca-996b-58706c8865a9@group-619831DA685A-LeaderElection38] INFO  server.RaftServerConfigKeys (ConfUtils.java:logGet(43)) - raft.server.watch.timeout.denomination = 1s (default)
2019-10-06 05:57:48,867 [93b28853-314b-4cca-996b-58706c8865a9@group-619831DA685A-LeaderElection38] INFO  server.RaftServerConfigKeys (ConfUtils.java:logGet(43)) - raft.server.watch.element-limit = 65536 (default)
2019-10-06 05:57:48,869 [93b28853-314b-4cca-996b-58706c8865a9@group-619831DA685A-LeaderElection38] INFO  server.RaftServerConfigKeys (ConfUtils.java:logGet(43)) - raft.server.log.appender.snapshot.chunk.size.max = 16MB (=16777216) (default)
2019-10-06 05:57:48,870 [93b28853-314b-4cca-996b-58706c8865a9@group-619831DA685A-LeaderElection38] INFO  server.RaftServerConfigKeys (ConfUtils.java:logGet(43)) - raft.server.log.appender.buffer.byte-limit = 33554432 (custom)
2019-10-06 05:57:48,870 [93b28853-314b-4cca-996b-58706c8865a9@group-619831DA685A-LeaderElection38] INFO  server.RaftServerConfigKeys (ConfUtils.java:logGet(43)) - raft.server.log.appender.buffer.element-limit = 1 (custom)
2019-10-06 05:57:48,870 [93b28853-314b-4cca-996b-58706c8865a9@group-619831DA685A-LeaderElection38] INFO  grpc.GrpcConfigKeys$Server (ConfUtils.java:logGet(43)) - raft.grpc.server.leader.outstanding.appends.max = 128 (default)
2019-10-06 05:57:48,870 [93b28853-314b-4cca-996b-58706c8865a9@group-619831DA685A-LeaderElection38] INFO  server.RaftServerConfigKeys (ConfUtils.java:logGet(43)) - raft.server.rpc.request.timeout = 3000ms (default)
2019-10-06 05:57:48,870 [93b28853-314b-4cca-996b-58706c8865a9@group-619831DA685A-LeaderElection38] INFO  server.RaftServerConfigKeys (ConfUtils.java:logGet(43)) - raft.server.log.appender.install.snapshot.enabled = false (custom)
2019-10-06 05:57:48,871 [93b28853-314b-4cca-996b-58706c8865a9@group-619831DA685A-LeaderElection38] INFO  server.RaftServerConfigKeys (ConfUtils.java:logGet(43)) - raft.server.log.appender.snapshot.chunk.size.max = 16MB (=16777216) (default)
2019-10-06 05:57:48,871 [93b28853-314b-4cca-996b-58706c8865a9@group-619831DA685A-LeaderElection38] INFO  server.RaftServerConfigKeys (ConfUtils.java:logGet(43)) - raft.server.log.appender.buffer.byte-limit = 33554432 (custom)
2019-10-06 05:57:48,871 [93b28853-314b-4cca-996b-58706c8865a9@group-619831DA685A-LeaderElection38] INFO  server.RaftServerConfigKeys (ConfUtils.java:logGet(43)) - raft.server.log.appender.buffer.element-limit = 1 (custom)
2019-10-06 05:57:48,871 [93b28853-314b-4cca-996b-58706c8865a9@group-619831DA685A-LeaderElection38] INFO  grpc.GrpcConfigKeys$Server (ConfUtils.java:logGet(43)) - raft.grpc.server.leader.outstanding.appends.max = 128 (default)
2019-10-06 05:57:48,871 [93b28853-314b-4cca-996b-58706c8865a9@group-619831DA685A-LeaderElection38] INFO  server.RaftServerConfigKeys (ConfUtils.java:logGet(43)) - raft.server.rpc.request.timeout = 3000ms (default)
2019-10-06 05:57:48,872 [93b28853-314b-4cca-996b-58706c8865a9@group-619831DA685A-LeaderElection38] INFO  server.RaftServerConfigKeys (ConfUtils.java:logGet(43)) - raft.server.log.appender.install.snapshot.enabled = false (custom)
2019-10-06 05:57:48,872 [93b28853-314b-4cca-996b-58706c8865a9@group-619831DA685A-LeaderElection38] INFO  impl.RoleInfo (RoleInfo.java:updateAndGet(143)) - 93b28853-314b-4cca-996b-58706c8865a9: start LeaderState
2019-10-06 05:57:48,872 [93b28853-314b-4cca-996b-58706c8865a9@group-619831DA685A-LeaderElection38] INFO  segmented.SegmentedRaftLogWorker (SegmentedRaftLogWorker.java:startLogSegment(385)) - 93b28853-314b-4cca-996b-58706c8865a9@group-619831DA685A-SegmentedRaftLogWorker: Starting segment from index:0
2019-10-06 05:57:48,873 [93b28853-314b-4cca-996b-58706c8865a9@group-619831DA685A-LeaderElection38] INFO  impl.RaftServerImpl (ServerState.java:setRaftConf(356)) - 93b28853-314b-4cca-996b-58706c8865a9@group-619831DA685A: set configuration 0: [93b28853-314b-4cca-996b-58706c8865a9:192.168.164.217:39115, 3e9c116c-e13a-4d69-bdab-06bfa97df644:192.168.164.217:39233, f2452b49-01e5-4276-a6f4-22abb7003ab4:192.168.164.217:36281], old=null at 0
2019-10-06 05:57:48,914 [grpc-default-executor-1] INFO  impl.RaftServerImpl (ServerState.java:setLeader(255)) - 3e9c116c-e13a-4d69-bdab-06bfa97df644@group-619831DA685A: change Leader from null to 93b28853-314b-4cca-996b-58706c8865a9 at term 1 for appendEntries, leader elected after 5146ms
2019-10-06 05:57:48,918 [grpc-default-executor-6] INFO  impl.RaftServerImpl (ServerState.java:setLeader(255)) - f2452b49-01e5-4276-a6f4-22abb7003ab4@group-619831DA685A: change Leader from null to 93b28853-314b-4cca-996b-58706c8865a9 at term 1 for appendEntries, leader elected after 5150ms
2019-10-06 05:57:48,921 [grpc-default-executor-6] INFO  impl.RaftServerImpl (ServerState.java:setRaftConf(356)) - f2452b49-01e5-4276-a6f4-22abb7003ab4@group-619831DA685A: set configuration 0: [93b28853-314b-4cca-996b-58706c8865a9:192.168.164.217:39115, 3e9c116c-e13a-4d69-bdab-06bfa97df644:192.168.164.217:39233, f2452b49-01e5-4276-a6f4-22abb7003ab4:192.168.164.217:36281], old=null at 0
2019-10-06 05:57:48,921 [grpc-default-executor-1] INFO  impl.RaftServerImpl (ServerState.java:setRaftConf(356)) - 3e9c116c-e13a-4d69-bdab-06bfa97df644@group-619831DA685A: set configuration 0: [93b28853-314b-4cca-996b-58706c8865a9:192.168.164.217:39115, 3e9c116c-e13a-4d69-bdab-06bfa97df644:192.168.164.217:39233, f2452b49-01e5-4276-a6f4-22abb7003ab4:192.168.164.217:36281], old=null at 0
2019-10-06 05:57:48,921 [grpc-default-executor-6] INFO  segmented.SegmentedRaftLogWorker (SegmentedRaftLogWorker.java:startLogSegment(385)) - f2452b49-01e5-4276-a6f4-22abb7003ab4@group-619831DA685A-SegmentedRaftLogWorker: Starting segment from index:0
2019-10-06 05:57:48,921 [grpc-default-executor-1] INFO  segmented.SegmentedRaftLogWorker (SegmentedRaftLogWorker.java:startLogSegment(385)) - 3e9c116c-e13a-4d69-bdab-06bfa97df644@group-619831DA685A-SegmentedRaftLogWorker: Starting segment from index:0
2019-10-06 05:57:48,929 [93b28853-314b-4cca-996b-58706c8865a9@group-CCFCFC521FB7-SegmentedRaftLogWorker] INFO  segmented.SegmentedRaftLogWorker (SegmentedRaftLogWorker.java:execute(574)) - 93b28853-314b-4cca-996b-58706c8865a9@group-CCFCFC521FB7-SegmentedRaftLogWorker: created new log segment /workdir/hadoop-ozone/integration-test/target/test-dir/MiniOzoneClusterImpl-302fbd6a-0a7c-4e79-9456-5e178ffa3b85/datanode-5/data/ratis/7c3328c0-12e9-4cd2-911e-ccfcfc521fb7/current/log_inprogress_0
2019-10-06 05:57:48,929 [93b28853-314b-4cca-996b-58706c8865a9@group-619831DA685A-SegmentedRaftLogWorker] INFO  segmented.SegmentedRaftLogWorker (SegmentedRaftLogWorker.java:execute(574)) - 93b28853-314b-4cca-996b-58706c8865a9@group-619831DA685A-SegmentedRaftLogWorker: created new log segment /workdir/hadoop-ozone/integration-test/target/test-dir/MiniOzoneClusterImpl-302fbd6a-0a7c-4e79-9456-5e178ffa3b85/datanode-5/data/ratis/1ab42825-fffa-4991-b5cc-619831da685a/current/log_inprogress_0
2019-10-06 05:57:48,961 [3e9c116c-e13a-4d69-bdab-06bfa97df644@group-619831DA685A-SegmentedRaftLogWorker] INFO  segmented.SegmentedRaftLogWorker (SegmentedRaftLogWorker.java:execute(574)) - 3e9c116c-e13a-4d69-bdab-06bfa97df644@group-619831DA685A-SegmentedRaftLogWorker: created new log segment /workdir/hadoop-ozone/integration-test/target/test-dir/MiniOzoneClusterImpl-302fbd6a-0a7c-4e79-9456-5e178ffa3b85/datanode-0/data/ratis/1ab42825-fffa-4991-b5cc-619831da685a/current/log_inprogress_0
2019-10-06 05:57:48,961 [f2452b49-01e5-4276-a6f4-22abb7003ab4@group-619831DA685A-SegmentedRaftLogWorker] INFO  segmented.SegmentedRaftLogWorker (SegmentedRaftLogWorker.java:execute(574)) - f2452b49-01e5-4276-a6f4-22abb7003ab4@group-619831DA685A-SegmentedRaftLogWorker: created new log segment /workdir/hadoop-ozone/integration-test/target/test-dir/MiniOzoneClusterImpl-302fbd6a-0a7c-4e79-9456-5e178ffa3b85/datanode-4/data/ratis/1ab42825-fffa-4991-b5cc-619831da685a/current/log_inprogress_0
2019-10-06 05:57:53,794 [Thread-1498] INFO  impl.FollowerState (FollowerState.java:run(108)) - 58960bb6-1791-4bb0-9c36-a998f9195181@group-CC1B921A8CA5-FollowerState: change to CANDIDATE, lastRpcTime:5062ms, electionTimeout:5062ms
2019-10-06 05:57:53,794 [Thread-1498] INFO  impl.RoleInfo (RoleInfo.java:shutdownFollowerState(121)) - 58960bb6-1791-4bb0-9c36-a998f9195181: shutdown FollowerState
2019-10-06 05:57:53,795 [Thread-1498] INFO  impl.RaftServerImpl (RaftServerImpl.java:setRole(170)) - 58960bb6-1791-4bb0-9c36-a998f9195181@group-CC1B921A8CA5: changes role from  FOLLOWER to CANDIDATE at term 1 for changeToCandidate
2019-10-06 05:57:53,795 [Thread-1498] INFO  impl.RoleInfo (RoleInfo.java:updateAndGet(143)) - 58960bb6-1791-4bb0-9c36-a998f9195181: start LeaderElection
2019-10-06 05:57:53,813 [58960bb6-1791-4bb0-9c36-a998f9195181@group-CC1B921A8CA5-LeaderElection40] INFO  impl.LeaderElection (LeaderElection.java:askForVotes(178)) - 58960bb6-1791-4bb0-9c36-a998f9195181@group-CC1B921A8CA5-LeaderElection40: begin an election at term 2 for -1: [c2fbd6fe-546b-4c5d-8829-05959505a398:192.168.164.217:37082, f92d2d06-16ca-476c-af7f-960d805fe056:192.168.164.217:42158, 58960bb6-1791-4bb0-9c36-a998f9195181:192.168.164.217:45542], old=null
2019-10-06 05:57:53,817 [grpc-default-executor-1] INFO  impl.RaftServerImpl (RaftServerImpl.java:setRole(170)) - c2fbd6fe-546b-4c5d-8829-05959505a398@group-CC1B921A8CA5: changes role from  FOLLOWER to FOLLOWER at term 2 for recognizeCandidate:58960bb6-1791-4bb0-9c36-a998f9195181
2019-10-06 05:57:53,817 [grpc-default-executor-6] INFO  impl.RaftServerImpl (RaftServerImpl.java:setRole(170)) - f92d2d06-16ca-476c-af7f-960d805fe056@group-CC1B921A8CA5: changes role from  FOLLOWER to FOLLOWER at term 2 for recognizeCandidate:58960bb6-1791-4bb0-9c36-a998f9195181
2019-10-06 05:57:53,817 [grpc-default-executor-1] INFO  impl.RoleInfo (RoleInfo.java:shutdownFollowerState(121)) - c2fbd6fe-546b-4c5d-8829-05959505a398: shutdown FollowerState
2019-10-06 05:57:53,817 [grpc-default-executor-6] INFO  impl.RoleInfo (RoleInfo.java:shutdownFollowerState(121)) - f92d2d06-16ca-476c-af7f-960d805fe056: shutdown FollowerState
2019-10-06 05:57:53,818 [Thread-1496] INFO  impl.FollowerState (FollowerState.java:run(117)) - c2fbd6fe-546b-4c5d-8829-05959505a398@group-CC1B921A8CA5-FollowerState was interrupted: java.lang.InterruptedException: sleep interrupted
2019-10-06 05:57:53,818 [grpc-default-executor-1] INFO  impl.RoleInfo (RoleInfo.java:updateAndGet(143)) - c2fbd6fe-546b-4c5d-8829-05959505a398: start FollowerState
2019-10-06 05:57:53,818 [Thread-1497] INFO  impl.FollowerState (FollowerState.java:run(117)) - f92d2d06-16ca-476c-af7f-960d805fe056@group-CC1B921A8CA5-FollowerState was interrupted: java.lang.InterruptedException: sleep interrupted
2019-10-06 05:57:53,818 [grpc-default-executor-6] INFO  impl.RoleInfo (RoleInfo.java:updateAndGet(143)) - f92d2d06-16ca-476c-af7f-960d805fe056: start FollowerState
2019-10-06 05:57:53,849 [58960bb6-1791-4bb0-9c36-a998f9195181@group-CC1B921A8CA5-LeaderElection40] INFO  impl.LeaderElection (LeaderElection.java:logAndReturn(56)) - 58960bb6-1791-4bb0-9c36-a998f9195181@group-CC1B921A8CA5-LeaderElection40: Election PASSED; received 1 response(s) [58960bb6-1791-4bb0-9c36-a998f9195181<-c2fbd6fe-546b-4c5d-8829-05959505a398#0:OK-t2] and 0 exception(s); 58960bb6-1791-4bb0-9c36-a998f9195181@group-CC1B921A8CA5:t2, leader=null, voted=58960bb6-1791-4bb0-9c36-a998f9195181, raftlog=58960bb6-1791-4bb0-9c36-a998f9195181@group-CC1B921A8CA5-SegmentedRaftLog:OPENED:c-1,f-1,i0, conf=-1: [c2fbd6fe-546b-4c5d-8829-05959505a398:192.168.164.217:37082, f92d2d06-16ca-476c-af7f-960d805fe056:192.168.164.217:42158, 58960bb6-1791-4bb0-9c36-a998f9195181:192.168.164.217:45542], old=null
2019-10-06 05:57:53,849 [58960bb6-1791-4bb0-9c36-a998f9195181@group-CC1B921A8CA5-LeaderElection40] INFO  impl.RoleInfo (RoleInfo.java:shutdownLeaderElection(134)) - 58960bb6-1791-4bb0-9c36-a998f9195181: shutdown LeaderElection
2019-10-06 05:57:53,849 [58960bb6-1791-4bb0-9c36-a998f9195181@group-CC1B921A8CA5-LeaderElection40] INFO  impl.RaftServerImpl (RaftServerImpl.java:setRole(170)) - 58960bb6-1791-4bb0-9c36-a998f9195181@group-CC1B921A8CA5: changes role from CANDIDATE to LEADER at term 2 for changeToLeader
2019-10-06 05:57:53,850 [58960bb6-1791-4bb0-9c36-a998f9195181@group-CC1B921A8CA5-LeaderElection40] INFO  impl.RaftServerImpl (ServerState.java:setLeader(255)) - 58960bb6-1791-4bb0-9c36-a998f9195181@group-CC1B921A8CA5: change Leader from null to 58960bb6-1791-4bb0-9c36-a998f9195181 at term 2 for becomeLeader, leader elected after 10297ms
2019-10-06 05:57:53,850 [58960bb6-1791-4bb0-9c36-a998f9195181@group-CC1B921A8CA5-LeaderElection40] INFO  server.RaftServerConfigKeys (ConfUtils.java:logGet(43)) - raft.server.staging.catchup.gap = 1000 (default)
2019-10-06 05:57:53,850 [58960bb6-1791-4bb0-9c36-a998f9195181@group-CC1B921A8CA5-LeaderElection40] INFO  server.RaftServerConfigKeys (ConfUtils.java:logGet(43)) - raft.server.rpc.sleep.time = 25ms (default)
2019-10-06 05:57:53,850 [58960bb6-1791-4bb0-9c36-a998f9195181@group-CC1B921A8CA5-LeaderElection40] INFO  server.RaftServerConfigKeys (ConfUtils.java:logGet(43)) - raft.server.write.element-limit = 4096 (default)
2019-10-06 05:57:53,851 [58960bb6-1791-4bb0-9c36-a998f9195181@group-CC1B921A8CA5-LeaderElection40] INFO  server.RaftServerConfigKeys (ConfUtils.java:logGet(43)) - raft.server.watch.timeout = 10s (default)
2019-10-06 05:57:53,851 [58960bb6-1791-4bb0-9c36-a998f9195181@group-CC1B921A8CA5-LeaderElection40] INFO  server.RaftServerConfigKeys (ConfUtils.java:logGet(43)) - raft.server.watch.timeout.denomination = 1s (default)
2019-10-06 05:57:53,851 [58960bb6-1791-4bb0-9c36-a998f9195181@group-CC1B921A8CA5-LeaderElection40] INFO  server.RaftServerConfigKeys (ConfUtils.java:logGet(43)) - raft.server.watch.element-limit = 65536 (default)
2019-10-06 05:57:53,854 [58960bb6-1791-4bb0-9c36-a998f9195181@group-CC1B921A8CA5-LeaderElection40] INFO  server.RaftServerConfigKeys (ConfUtils.java:logGet(43)) - raft.server.log.appender.snapshot.chunk.size.max = 16MB (=16777216) (default)
2019-10-06 05:57:53,854 [58960bb6-1791-4bb0-9c36-a998f9195181@group-CC1B921A8CA5-LeaderElection40] INFO  server.RaftServerConfigKeys (ConfUtils.java:logGet(43)) - raft.server.log.appender.buffer.byte-limit = 33554432 (custom)
2019-10-06 05:57:53,855 [58960bb6-1791-4bb0-9c36-a998f9195181@group-CC1B921A8CA5-LeaderElection40] INFO  server.RaftServerConfigKeys (ConfUtils.java:logGet(43)) - raft.server.log.appender.buffer.element-limit = 1 (custom)
2019-10-06 05:57:53,855 [58960bb6-1791-4bb0-9c36-a998f9195181@group-CC1B921A8CA5-LeaderElection40] INFO  grpc.GrpcConfigKeys$Server (ConfUtils.java:logGet(43)) - raft.grpc.server.leader.outstanding.appends.max = 128 (default)
2019-10-06 05:57:53,855 [58960bb6-1791-4bb0-9c36-a998f9195181@group-CC1B921A8CA5-LeaderElection40] INFO  server.RaftServerConfigKeys (ConfUtils.java:logGet(43)) - raft.server.rpc.request.timeout = 3000ms (default)
2019-10-06 05:57:53,855 [58960bb6-1791-4bb0-9c36-a998f9195181@group-CC1B921A8CA5-LeaderElection40] INFO  server.RaftServerConfigKeys (ConfUtils.java:logGet(43)) - raft.server.log.appender.install.snapshot.enabled = false (custom)
2019-10-06 05:57:53,855 [58960bb6-1791-4bb0-9c36-a998f9195181@group-CC1B921A8CA5-LeaderElection40] INFO  server.RaftServerConfigKeys (ConfUtils.java:logGet(43)) - raft.server.log.appender.snapshot.chunk.size.max = 16MB (=16777216) (default)
2019-10-06 05:57:53,856 [58960bb6-1791-4bb0-9c36-a998f9195181@group-CC1B921A8CA5-LeaderElection40] INFO  server.RaftServerConfigKeys (ConfUtils.java:logGet(43)) - raft.server.log.appender.buffer.byte-limit = 33554432 (custom)
2019-10-06 05:57:53,856 [58960bb6-1791-4bb0-9c36-a998f9195181@group-CC1B921A8CA5-LeaderElection40] INFO  server.RaftServerConfigKeys (ConfUtils.java:logGet(43)) - raft.server.log.appender.buffer.element-limit = 1 (custom)
2019-10-06 05:57:53,856 [58960bb6-1791-4bb0-9c36-a998f9195181@group-CC1B921A8CA5-LeaderElection40] INFO  grpc.GrpcConfigKeys$Server (ConfUtils.java:logGet(43)) - raft.grpc.server.leader.outstanding.appends.max = 128 (default)
2019-10-06 05:57:53,856 [58960bb6-1791-4bb0-9c36-a998f9195181@group-CC1B921A8CA5-LeaderElection40] INFO  server.RaftServerConfigKeys (ConfUtils.java:logGet(43)) - raft.server.rpc.request.timeout = 3000ms (default)
2019-10-06 05:57:53,856 [58960bb6-1791-4bb0-9c36-a998f9195181@group-CC1B921A8CA5-LeaderElection40] INFO  server.RaftServerConfigKeys (ConfUtils.java:logGet(43)) - raft.server.log.appender.install.snapshot.enabled = false (custom)
2019-10-06 05:57:53,856 [58960bb6-1791-4bb0-9c36-a998f9195181@group-CC1B921A8CA5-LeaderElection40] INFO  impl.RoleInfo (RoleInfo.java:updateAndGet(143)) - 58960bb6-1791-4bb0-9c36-a998f9195181: start LeaderState
2019-10-06 05:57:53,857 [58960bb6-1791-4bb0-9c36-a998f9195181@group-CC1B921A8CA5-LeaderElection40] INFO  segmented.SegmentedRaftLogWorker (SegmentedRaftLogWorker.java:startLogSegment(385)) - 58960bb6-1791-4bb0-9c36-a998f9195181@group-CC1B921A8CA5-SegmentedRaftLogWorker: Starting segment from index:0
2019-10-06 05:57:53,858 [58960bb6-1791-4bb0-9c36-a998f9195181@group-CC1B921A8CA5-LeaderElection40] INFO  impl.RaftServerImpl (ServerState.java:setRaftConf(356)) - 58960bb6-1791-4bb0-9c36-a998f9195181@group-CC1B921A8CA5: set configuration 0: [c2fbd6fe-546b-4c5d-8829-05959505a398:192.168.164.217:37082, f92d2d06-16ca-476c-af7f-960d805fe056:192.168.164.217:42158, 58960bb6-1791-4bb0-9c36-a998f9195181:192.168.164.217:45542], old=null at 0
2019-10-06 05:57:53,861 [grpc-default-executor-1] INFO  impl.RaftServerImpl (ServerState.java:setLeader(255)) - f92d2d06-16ca-476c-af7f-960d805fe056@group-CC1B921A8CA5: change Leader from null to 58960bb6-1791-4bb0-9c36-a998f9195181 at term 2 for appendEntries, leader elected after 10308ms
2019-10-06 05:57:53,896 [grpc-default-executor-1] INFO  impl.RaftServerImpl (ServerState.java:setLeader(255)) - c2fbd6fe-546b-4c5d-8829-05959505a398@group-CC1B921A8CA5: change Leader from null to 58960bb6-1791-4bb0-9c36-a998f9195181 at term 2 for appendEntries, leader elected after 10343ms
2019-10-06 05:57:53,897 [grpc-default-executor-1] INFO  impl.RaftServerImpl (ServerState.java:setRaftConf(356)) - f92d2d06-16ca-476c-af7f-960d805fe056@group-CC1B921A8CA5: set configuration 0: [c2fbd6fe-546b-4c5d-8829-05959505a398:192.168.164.217:37082, f92d2d06-16ca-476c-af7f-960d805fe056:192.168.164.217:42158, 58960bb6-1791-4bb0-9c36-a998f9195181:192.168.164.217:45542], old=null at 0
2019-10-06 05:57:53,898 [grpc-default-executor-1] INFO  segmented.SegmentedRaftLogWorker (SegmentedRaftLogWorker.java:startLogSegment(385)) - f92d2d06-16ca-476c-af7f-960d805fe056@group-CC1B921A8CA5-SegmentedRaftLogWorker: Starting segment from index:0
2019-10-06 05:57:53,898 [grpc-default-executor-6] INFO  impl.RaftServerImpl (ServerState.java:setRaftConf(356)) - c2fbd6fe-546b-4c5d-8829-05959505a398@group-CC1B921A8CA5: set configuration 0: [c2fbd6fe-546b-4c5d-8829-05959505a398:192.168.164.217:37082, f92d2d06-16ca-476c-af7f-960d805fe056:192.168.164.217:42158, 58960bb6-1791-4bb0-9c36-a998f9195181:192.168.164.217:45542], old=null at 0
2019-10-06 05:57:53,899 [grpc-default-executor-6] INFO  segmented.SegmentedRaftLogWorker (SegmentedRaftLogWorker.java:startLogSegment(385)) - c2fbd6fe-546b-4c5d-8829-05959505a398@group-CC1B921A8CA5-SegmentedRaftLogWorker: Starting segment from index:0
2019-10-06 05:57:53,907 [58960bb6-1791-4bb0-9c36-a998f9195181@group-CC1B921A8CA5-SegmentedRaftLogWorker] INFO  segmented.SegmentedRaftLogWorker (SegmentedRaftLogWorker.java:execute(574)) - 58960bb6-1791-4bb0-9c36-a998f9195181@group-CC1B921A8CA5-SegmentedRaftLogWorker: created new log segment /workdir/hadoop-ozone/integration-test/target/test-dir/MiniOzoneClusterImpl-302fbd6a-0a7c-4e79-9456-5e178ffa3b85/datanode-1/data/ratis/40491d0b-dc2e-4c96-9cc1-cc1b921a8ca5/current/log_inprogress_0
2019-10-06 05:57:53,942 [f92d2d06-16ca-476c-af7f-960d805fe056@group-CC1B921A8CA5-SegmentedRaftLogWorker] INFO  segmented.SegmentedRaftLogWorker (SegmentedRaftLogWorker.java:execute(574)) - f92d2d06-16ca-476c-af7f-960d805fe056@group-CC1B921A8CA5-SegmentedRaftLogWorker: created new log segment /workdir/hadoop-ozone/integration-test/target/test-dir/MiniOzoneClusterImpl-302fbd6a-0a7c-4e79-9456-5e178ffa3b85/datanode-3/data/ratis/40491d0b-dc2e-4c96-9cc1-cc1b921a8ca5/current/log_inprogress_0
2019-10-06 05:57:53,942 [c2fbd6fe-546b-4c5d-8829-05959505a398@group-CC1B921A8CA5-SegmentedRaftLogWorker] INFO  segmented.SegmentedRaftLogWorker (SegmentedRaftLogWorker.java:execute(574)) - c2fbd6fe-546b-4c5d-8829-05959505a398@group-CC1B921A8CA5-SegmentedRaftLogWorker: created new log segment /workdir/hadoop-ozone/integration-test/target/test-dir/MiniOzoneClusterImpl-302fbd6a-0a7c-4e79-9456-5e178ffa3b85/datanode-2/data/ratis/40491d0b-dc2e-4c96-9cc1-cc1b921a8ca5/current/log_inprogress_0
2019-10-06 05:57:54,037 [Datanode State Machine Thread - 0] INFO  statemachine.DatanodeStateMachine (DatanodeStateMachine.java:lambda$startDaemon$0(350)) - Ozone container server started.
2019-10-06 05:57:59,032 [main] INFO  ozoneimpl.OzoneContainer (OzoneContainer.java:stop(231)) - Attempting to stop container services.
2019-10-06 05:57:59,033 [main] INFO  impl.RaftServerProxy (RaftServerProxy.java:lambda$close$4(314)) - c2fbd6fe-546b-4c5d-8829-05959505a398: close
2019-10-06 05:57:59,034 [main] INFO  impl.RaftServerImpl (RaftServerImpl.java:lambda$shutdown$3(247)) - c2fbd6fe-546b-4c5d-8829-05959505a398@group-56E5CFAECE6E: shutdown
2019-10-06 05:57:59,035 [main] INFO  util.JmxRegister (JmxRegister.java:unregister(73)) - Successfully un-registered JMX Bean with object name Ratis:service=RaftServer,group=group-56E5CFAECE6E,id=c2fbd6fe-546b-4c5d-8829-05959505a398
2019-10-06 05:57:59,035 [main] INFO  impl.RoleInfo (RoleInfo.java:shutdownLeaderState(104)) - c2fbd6fe-546b-4c5d-8829-05959505a398: shutdown LeaderState
2019-10-06 05:57:59,035 [main] INFO  impl.PendingRequests (PendingRequests.java:sendNotLeaderResponses(202)) - c2fbd6fe-546b-4c5d-8829-05959505a398@group-56E5CFAECE6E-PendingRequests: sendNotLeaderResponses
2019-10-06 05:57:59,036 [main] INFO  impl.StateMachineUpdater (StateMachineUpdater.java:stopAndJoin(136)) - c2fbd6fe-546b-4c5d-8829-05959505a398@group-56E5CFAECE6E-StateMachineUpdater: set stopIndex = 0
2019-10-06 05:57:59,036 [main] INFO  impl.RaftServerImpl (ServerState.java:close(387)) - c2fbd6fe-546b-4c5d-8829-05959505a398@group-56E5CFAECE6E: closes. applyIndex: 0
2019-10-06 05:57:59,037 [c2fbd6fe-546b-4c5d-8829-05959505a398@group-56E5CFAECE6E-SegmentedRaftLogWorker] INFO  segmented.SegmentedRaftLogWorker (SegmentedRaftLogWorker.java:run(316)) - c2fbd6fe-546b-4c5d-8829-05959505a398@group-56E5CFAECE6E-SegmentedRaftLogWorker was interrupted, exiting. There are 0 tasks remaining in the queue.
2019-10-06 05:57:59,044 [main] INFO  segmented.SegmentedRaftLogWorker (SegmentedRaftLogWorker.java:close(224)) - c2fbd6fe-546b-4c5d-8829-05959505a398@group-56E5CFAECE6E-SegmentedRaftLogWorker close()
2019-10-06 05:57:59,050 [main] INFO  impl.RaftServerImpl (RaftServerImpl.java:lambda$shutdown$3(247)) - c2fbd6fe-546b-4c5d-8829-05959505a398@group-CC1B921A8CA5: shutdown
2019-10-06 05:57:59,051 [main] INFO  util.JmxRegister (JmxRegister.java:unregister(73)) - Successfully un-registered JMX Bean with object name Ratis:service=RaftServer,group=group-CC1B921A8CA5,id=c2fbd6fe-546b-4c5d-8829-05959505a398
2019-10-06 05:57:59,051 [main] INFO  impl.RoleInfo (RoleInfo.java:shutdownFollowerState(121)) - c2fbd6fe-546b-4c5d-8829-05959505a398: shutdown FollowerState
2019-10-06 05:57:59,051 [main] INFO  impl.StateMachineUpdater (StateMachineUpdater.java:stopAndJoin(136)) - c2fbd6fe-546b-4c5d-8829-05959505a398@group-CC1B921A8CA5-StateMachineUpdater: set stopIndex = 2
2019-10-06 05:57:59,052 [Thread-1534] INFO  impl.FollowerState (FollowerState.java:run(117)) - c2fbd6fe-546b-4c5d-8829-05959505a398@group-CC1B921A8CA5-FollowerState was interrupted: java.lang.InterruptedException: sleep interrupted
2019-10-06 05:57:59,054 [c2fbd6fe-546b-4c5d-8829-05959505a398@group-CC1B921A8CA5-StateMachineUpdater] INFO  ratis.ContainerStateMachine (ContainerStateMachine.java:takeSnapshot(293)) - group-CC1B921A8CA5: Taking a snapshot at:(t:2, i:1) file /workdir/hadoop-ozone/integration-test/target/test-dir/MiniOzoneClusterImpl-302fbd6a-0a7c-4e79-9456-5e178ffa3b85/datanode-2/data/ratis/40491d0b-dc2e-4c96-9cc1-cc1b921a8ca5/sm/snapshot.2_1
2019-10-06 05:57:59,057 [c2fbd6fe-546b-4c5d-8829-05959505a398@group-CC1B921A8CA5-StateMachineUpdater] INFO  ratis.ContainerStateMachine (ContainerStateMachine.java:takeSnapshot(304)) - group-CC1B921A8CA5: Finished taking a snapshot at:(t:2, i:1) file:/workdir/hadoop-ozone/integration-test/target/test-dir/MiniOzoneClusterImpl-302fbd6a-0a7c-4e79-9456-5e178ffa3b85/datanode-2/data/ratis/40491d0b-dc2e-4c96-9cc1-cc1b921a8ca5/sm/snapshot.2_1 time:6
2019-10-06 05:57:59,058 [c2fbd6fe-546b-4c5d-8829-05959505a398@group-CC1B921A8CA5-StateMachineUpdater] INFO  impl.StateMachineUpdater (StateMachineUpdater.java:takeSnapshot(269)) - c2fbd6fe-546b-4c5d-8829-05959505a398@group-CC1B921A8CA5-StateMachineUpdater: Took a snapshot at index 1
2019-10-06 05:57:59,058 [c2fbd6fe-546b-4c5d-8829-05959505a398@group-CC1B921A8CA5-StateMachineUpdater] INFO  impl.StateMachineUpdater (StateMachineUpdater.java:lambda$new$0(84)) - c2fbd6fe-546b-4c5d-8829-05959505a398@group-CC1B921A8CA5-StateMachineUpdater: snapshotIndex: updateIncreasingly -1 -> 1
2019-10-06 05:57:59,059 [c2fbd6fe-546b-4c5d-8829-05959505a398@group-CC1B921A8CA5-StateMachineUpdater] INFO  ratis.ContainerStateMachine (ContainerStateMachine.java:takeSnapshot(293)) - group-CC1B921A8CA5: Taking a snapshot at:(t:2, i:1) file /workdir/hadoop-ozone/integration-test/target/test-dir/MiniOzoneClusterImpl-302fbd6a-0a7c-4e79-9456-5e178ffa3b85/datanode-2/data/ratis/40491d0b-dc2e-4c96-9cc1-cc1b921a8ca5/sm/snapshot.2_1
2019-10-06 05:57:59,073 [c2fbd6fe-546b-4c5d-8829-05959505a398@group-CC1B921A8CA5-StateMachineUpdater] INFO  ratis.ContainerStateMachine (ContainerStateMachine.java:takeSnapshot(304)) - group-CC1B921A8CA5: Finished taking a snapshot at:(t:2, i:1) file:/workdir/hadoop-ozone/integration-test/target/test-dir/MiniOzoneClusterImpl-302fbd6a-0a7c-4e79-9456-5e178ffa3b85/datanode-2/data/ratis/40491d0b-dc2e-4c96-9cc1-cc1b921a8ca5/sm/snapshot.2_1 time:15
2019-10-06 05:57:59,074 [c2fbd6fe-546b-4c5d-8829-05959505a398@group-CC1B921A8CA5-StateMachineUpdater] INFO  impl.StateMachineUpdater (StateMachineUpdater.java:takeSnapshot(269)) - c2fbd6fe-546b-4c5d-8829-05959505a398@group-CC1B921A8CA5-StateMachineUpdater: Took a snapshot at index 1
2019-10-06 05:57:59,074 [c2fbd6fe-546b-4c5d-8829-05959505a398@group-CC1B921A8CA5-StateMachineUpdater] INFO  impl.StateMachineUpdater (StateMachineUpdater.java:lambda$new$0(84)) - c2fbd6fe-546b-4c5d-8829-05959505a398@group-CC1B921A8CA5-StateMachineUpdater: snapshotIndex: updateIncreasingly 1 -> 1
2019-10-06 05:57:59,074 [main] INFO  impl.RaftServerImpl (ServerState.java:close(387)) - c2fbd6fe-546b-4c5d-8829-05959505a398@group-CC1B921A8CA5: closes. applyIndex: 2
2019-10-06 05:57:59,075 [c2fbd6fe-546b-4c5d-8829-05959505a398@group-CC1B921A8CA5-SegmentedRaftLogWorker] INFO  segmented.SegmentedRaftLogWorker (SegmentedRaftLogWorker.java:run(316)) - c2fbd6fe-546b-4c5d-8829-05959505a398@group-CC1B921A8CA5-SegmentedRaftLogWorker was interrupted, exiting. There are 0 tasks remaining in the queue.
2019-10-06 05:57:59,084 [main] INFO  segmented.SegmentedRaftLogWorker (SegmentedRaftLogWorker.java:close(224)) - c2fbd6fe-546b-4c5d-8829-05959505a398@group-CC1B921A8CA5-SegmentedRaftLogWorker close()
2019-10-06 05:57:59,093 [main] INFO  server.GrpcService (GrpcService.java:closeImpl(164)) - c2fbd6fe-546b-4c5d-8829-05959505a398: shutdown server with port 37082 now
2019-10-06 05:57:59,095 [grpc-default-executor-6] WARN  server.GrpcServerProtocolService (LogUtils.java:warn(134)) - c2fbd6fe-546b-4c5d-8829-05959505a398: installSnapshot onError, lastRequest: 58960bb6-1791-4bb0-9c36-a998f9195181->c2fbd6fe-546b-4c5d-8829-05959505a398#5-t2, previous=(t:2, i:2), leaderCommit=2, initializing? false, entries: <empty>: org.apache.ratis.thirdparty.io.grpc.StatusRuntimeException: CANCELLED: cancelled before receiving half close
2019-10-06 05:57:59,095 [grpc-default-executor-4] WARN  server.GrpcLogAppender (LogUtils.java:warn(134)) - 58960bb6-1791-4bb0-9c36-a998f9195181@group-CC1B921A8CA5->c2fbd6fe-546b-4c5d-8829-05959505a398-AppendLogResponseHandler: Failed appendEntries: org.apache.ratis.thirdparty.io.grpc.StatusRuntimeException: CANCELLED: HTTP/2 error code: CANCEL
Received Rst Stream
2019-10-06 05:57:59,095 [main] INFO  server.GrpcService (GrpcService.java:closeImpl(172)) - c2fbd6fe-546b-4c5d-8829-05959505a398: shutdown server with port 37082 successfully
2019-10-06 05:57:59,096 [grpc-default-executor-4] INFO  impl.FollowerInfo (FollowerInfo.java:lambda$new$0(51)) - 58960bb6-1791-4bb0-9c36-a998f9195181@group-CC1B921A8CA5->c2fbd6fe-546b-4c5d-8829-05959505a398: nextIndex: updateUnconditionally 3 -> 2
2019-10-06 05:57:59,097 [refreshUsed-/workdir/hadoop-ozone/integration-test/target/test-dir/MiniOzoneClusterImpl-302fbd6a-0a7c-4e79-9456-5e178ffa3b85/datanode-2/data/containers] WARN  fs.CachingGetSpaceUsed (CachingGetSpaceUsed.java:run(183)) - Thread Interrupted waiting to refresh disk information: sleep interrupted
2019-10-06 05:57:59,112 [main] INFO  utils.BackgroundService (BackgroundService.java:shutdown(148)) - Shutting down service BlockDeletingService
2019-10-06 05:57:59,120 [main] INFO  statemachine.DatanodeStateMachine (DatanodeStateMachine.java:stopDaemon(395)) - Ozone container server stopped.
2019-10-06 05:57:59,121 [main] INFO  handler.ContextHandler (ContextHandler.java:doStop(910)) - Stopped o.e.j.w.WebAppContext@576b7c74{/,null,UNAVAILABLE}{/hddsDatanode}
2019-10-06 05:57:59,122 [main] INFO  server.AbstractConnector (AbstractConnector.java:doStop(318)) - Stopped ServerConnector@21de60a7{HTTP/1.1,[http/1.1]}{0.0.0.0:0}
2019-10-06 05:57:59,123 [main] INFO  handler.ContextHandler (ContextHandler.java:doStop(910)) - Stopped o.e.j.s.ServletContextHandler@1cc8416a{/static,jar:file:/home/user/.m2/repository/org/apache/hadoop/hadoop-hdds-container-service/0.5.0-SNAPSHOT/hadoop-hdds-container-service-0.5.0-SNAPSHOT.jar!/webapps/static,UNAVAILABLE}
2019-10-06 05:57:59,123 [main] INFO  handler.ContextHandler (ContextHandler.java:doStop(910)) - Stopped o.e.j.s.ServletContextHandler@6cae2e4d{/logs,file:///workdir/hadoop-ozone/integration-test/target/log,UNAVAILABLE}
2019-10-06 05:58:00,044 [Datanode State Machine Thread - 0] INFO  statemachine.DatanodeStateMachine (DatanodeStateMachine.java:lambda$startDaemon$0(350)) - Ozone container server started.
2019-10-06 05:58:01,487 [grpc-default-executor-4] WARN  server.GrpcLogAppender (LogUtils.java:warn(134)) - 58960bb6-1791-4bb0-9c36-a998f9195181@group-CC1B921A8CA5->c2fbd6fe-546b-4c5d-8829-05959505a398-AppendLogResponseHandler: Failed appendEntries: org.apache.ratis.thirdparty.io.grpc.StatusRuntimeException: UNAVAILABLE: io exception
2019-10-06 05:58:01,489 [grpc-default-executor-4] INFO  impl.FollowerInfo (FollowerInfo.java:lambda$new$0(51)) - 58960bb6-1791-4bb0-9c36-a998f9195181@group-CC1B921A8CA5->c2fbd6fe-546b-4c5d-8829-05959505a398: nextIndex: updateUnconditionally 2 -> 1
2019-10-06 05:58:03,994 [grpc-default-executor-4] WARN  server.GrpcLogAppender (LogUtils.java:warn(134)) - 58960bb6-1791-4bb0-9c36-a998f9195181@group-CC1B921A8CA5->c2fbd6fe-546b-4c5d-8829-05959505a398-AppendLogResponseHandler: Failed appendEntries: org.apache.ratis.thirdparty.io.grpc.StatusRuntimeException: UNAVAILABLE: io exception
2019-10-06 05:58:03,996 [grpc-default-executor-4] INFO  impl.FollowerInfo (FollowerInfo.java:lambda$new$0(51)) - 58960bb6-1791-4bb0-9c36-a998f9195181@group-CC1B921A8CA5->c2fbd6fe-546b-4c5d-8829-05959505a398: nextIndex: updateUnconditionally 1 -> 0
2019-10-06 05:58:04,125 [main] INFO  ozoneimpl.OzoneContainer (OzoneContainer.java:stop(231)) - Attempting to stop container services.
2019-10-06 05:58:04,126 [main] INFO  impl.RaftServerProxy (RaftServerProxy.java:lambda$close$4(314)) - f92d2d06-16ca-476c-af7f-960d805fe056: close
2019-10-06 05:58:04,129 [main] INFO  impl.RaftServerImpl (RaftServerImpl.java:lambda$shutdown$3(247)) - f92d2d06-16ca-476c-af7f-960d805fe056@group-2C5A0C8343AB: shutdown
2019-10-06 05:58:04,130 [main] INFO  util.JmxRegister (JmxRegister.java:unregister(73)) - Successfully un-registered JMX Bean with object name Ratis:service=RaftServer,group=group-2C5A0C8343AB,id=f92d2d06-16ca-476c-af7f-960d805fe056
2019-10-06 05:58:04,130 [main] INFO  impl.RoleInfo (RoleInfo.java:shutdownLeaderState(104)) - f92d2d06-16ca-476c-af7f-960d805fe056: shutdown LeaderState
2019-10-06 05:58:04,130 [main] INFO  impl.PendingRequests (PendingRequests.java:sendNotLeaderResponses(202)) - f92d2d06-16ca-476c-af7f-960d805fe056@group-2C5A0C8343AB-PendingRequests: sendNotLeaderResponses
2019-10-06 05:58:04,131 [main] INFO  impl.StateMachineUpdater (StateMachineUpdater.java:stopAndJoin(136)) - f92d2d06-16ca-476c-af7f-960d805fe056@group-2C5A0C8343AB-StateMachineUpdater: set stopIndex = 0
2019-10-06 05:58:04,132 [main] INFO  impl.RaftServerImpl (ServerState.java:close(387)) - f92d2d06-16ca-476c-af7f-960d805fe056@group-2C5A0C8343AB: closes. applyIndex: 0
2019-10-06 05:58:04,132 [f92d2d06-16ca-476c-af7f-960d805fe056@group-2C5A0C8343AB-SegmentedRaftLogWorker] INFO  segmented.SegmentedRaftLogWorker (SegmentedRaftLogWorker.java:run(316)) - f92d2d06-16ca-476c-af7f-960d805fe056@group-2C5A0C8343AB-SegmentedRaftLogWorker was interrupted, exiting. There are 0 tasks remaining in the queue.
2019-10-06 05:58:04,136 [main] INFO  segmented.SegmentedRaftLogWorker (SegmentedRaftLogWorker.java:close(224)) - f92d2d06-16ca-476c-af7f-960d805fe056@group-2C5A0C8343AB-SegmentedRaftLogWorker close()
2019-10-06 05:58:04,138 [main] INFO  impl.RaftServerImpl (RaftServerImpl.java:lambda$shutdown$3(247)) - f92d2d06-16ca-476c-af7f-960d805fe056@group-CC1B921A8CA5: shutdown
2019-10-06 05:58:04,139 [main] INFO  util.JmxRegister (JmxRegister.java:unregister(73)) - Successfully un-registered JMX Bean with object name Ratis:service=RaftServer,group=group-CC1B921A8CA5,id=f92d2d06-16ca-476c-af7f-960d805fe056
2019-10-06 05:58:04,139 [main] INFO  impl.RoleInfo (RoleInfo.java:shutdownFollowerState(121)) - f92d2d06-16ca-476c-af7f-960d805fe056: shutdown FollowerState
2019-10-06 05:58:04,139 [main] INFO  impl.StateMachineUpdater (StateMachineUpdater.java:stopAndJoin(136)) - f92d2d06-16ca-476c-af7f-960d805fe056@group-CC1B921A8CA5-StateMachineUpdater: set stopIndex = 2
2019-10-06 05:58:04,139 [Thread-1535] INFO  impl.FollowerState (FollowerState.java:run(117)) - f92d2d06-16ca-476c-af7f-960d805fe056@group-CC1B921A8CA5-FollowerState was interrupted: java.lang.InterruptedException: sleep interrupted
2019-10-06 05:58:04,139 [f92d2d06-16ca-476c-af7f-960d805fe056@group-CC1B921A8CA5-StateMachineUpdater] INFO  ratis.ContainerStateMachine (ContainerStateMachine.java:takeSnapshot(293)) - group-CC1B921A8CA5: Taking a snapshot at:(t:2, i:1) file /workdir/hadoop-ozone/integration-test/target/test-dir/MiniOzoneClusterImpl-302fbd6a-0a7c-4e79-9456-5e178ffa3b85/datanode-3/data/ratis/40491d0b-dc2e-4c96-9cc1-cc1b921a8ca5/sm/snapshot.2_1
2019-10-06 05:58:04,150 [f92d2d06-16ca-476c-af7f-960d805fe056@group-CC1B921A8CA5-StateMachineUpdater] INFO  ratis.ContainerStateMachine (ContainerStateMachine.java:takeSnapshot(304)) - group-CC1B921A8CA5: Finished taking a snapshot at:(t:2, i:1) file:/workdir/hadoop-ozone/integration-test/target/test-dir/MiniOzoneClusterImpl-302fbd6a-0a7c-4e79-9456-5e178ffa3b85/datanode-3/data/ratis/40491d0b-dc2e-4c96-9cc1-cc1b921a8ca5/sm/snapshot.2_1 time:11
2019-10-06 05:58:04,150 [f92d2d06-16ca-476c-af7f-960d805fe056@group-CC1B921A8CA5-StateMachineUpdater] INFO  impl.StateMachineUpdater (StateMachineUpdater.java:takeSnapshot(269)) - f92d2d06-16ca-476c-af7f-960d805fe056@group-CC1B921A8CA5-StateMachineUpdater: Took a snapshot at index 1
2019-10-06 05:58:04,150 [f92d2d06-16ca-476c-af7f-960d805fe056@group-CC1B921A8CA5-StateMachineUpdater] INFO  impl.StateMachineUpdater (StateMachineUpdater.java:lambda$new$0(84)) - f92d2d06-16ca-476c-af7f-960d805fe056@group-CC1B921A8CA5-StateMachineUpdater: snapshotIndex: updateIncreasingly -1 -> 1
2019-10-06 05:58:04,151 [f92d2d06-16ca-476c-af7f-960d805fe056@group-CC1B921A8CA5-StateMachineUpdater] INFO  ratis.ContainerStateMachine (ContainerStateMachine.java:takeSnapshot(293)) - group-CC1B921A8CA5: Taking a snapshot at:(t:2, i:1) file /workdir/hadoop-ozone/integration-test/target/test-dir/MiniOzoneClusterImpl-302fbd6a-0a7c-4e79-9456-5e178ffa3b85/datanode-3/data/ratis/40491d0b-dc2e-4c96-9cc1-cc1b921a8ca5/sm/snapshot.2_1
2019-10-06 05:58:04,164 [f92d2d06-16ca-476c-af7f-960d805fe056@group-CC1B921A8CA5-StateMachineUpdater] INFO  ratis.ContainerStateMachine (ContainerStateMachine.java:takeSnapshot(304)) - group-CC1B921A8CA5: Finished taking a snapshot at:(t:2, i:1) file:/workdir/hadoop-ozone/integration-test/target/test-dir/MiniOzoneClusterImpl-302fbd6a-0a7c-4e79-9456-5e178ffa3b85/datanode-3/data/ratis/40491d0b-dc2e-4c96-9cc1-cc1b921a8ca5/sm/snapshot.2_1 time:12
2019-10-06 05:58:04,164 [f92d2d06-16ca-476c-af7f-960d805fe056@group-CC1B921A8CA5-StateMachineUpdater] INFO  impl.StateMachineUpdater (StateMachineUpdater.java:takeSnapshot(269)) - f92d2d06-16ca-476c-af7f-960d805fe056@group-CC1B921A8CA5-StateMachineUpdater: Took a snapshot at index 1
2019-10-06 05:58:04,164 [f92d2d06-16ca-476c-af7f-960d805fe056@group-CC1B921A8CA5-StateMachineUpdater] INFO  impl.StateMachineUpdater (StateMachineUpdater.java:lambda$new$0(84)) - f92d2d06-16ca-476c-af7f-960d805fe056@group-CC1B921A8CA5-StateMachineUpdater: snapshotIndex: updateIncreasingly 1 -> 1
2019-10-06 05:58:04,164 [main] INFO  impl.RaftServerImpl (ServerState.java:close(387)) - f92d2d06-16ca-476c-af7f-960d805fe056@group-CC1B921A8CA5: closes. applyIndex: 2
2019-10-06 05:58:04,165 [f92d2d06-16ca-476c-af7f-960d805fe056@group-CC1B921A8CA5-SegmentedRaftLogWorker] INFO  segmented.SegmentedRaftLogWorker (SegmentedRaftLogWorker.java:run(316)) - f92d2d06-16ca-476c-af7f-960d805fe056@group-CC1B921A8CA5-SegmentedRaftLogWorker was interrupted, exiting. There are 0 tasks remaining in the queue.
2019-10-06 05:58:04,167 [main] INFO  segmented.SegmentedRaftLogWorker (SegmentedRaftLogWorker.java:close(224)) - f92d2d06-16ca-476c-af7f-960d805fe056@group-CC1B921A8CA5-SegmentedRaftLogWorker close()
2019-10-06 05:58:04,169 [main] INFO  server.GrpcService (GrpcService.java:closeImpl(164)) - f92d2d06-16ca-476c-af7f-960d805fe056: shutdown server with port 42158 now
2019-10-06 05:58:04,171 [grpc-default-executor-1] WARN  server.GrpcServerProtocolService (LogUtils.java:warn(134)) - f92d2d06-16ca-476c-af7f-960d805fe056: installSnapshot onError, lastRequest: 58960bb6-1791-4bb0-9c36-a998f9195181->f92d2d06-16ca-476c-af7f-960d805fe056#7-t2, previous=(t:2, i:2), leaderCommit=2, initializing? false, entries: <empty>: org.apache.ratis.thirdparty.io.grpc.StatusRuntimeException: CANCELLED: cancelled before receiving half close
2019-10-06 05:58:04,171 [main] INFO  server.GrpcService (GrpcService.java:closeImpl(172)) - f92d2d06-16ca-476c-af7f-960d805fe056: shutdown server with port 42158 successfully
2019-10-06 05:58:04,171 [grpc-default-executor-4] WARN  server.GrpcLogAppender (LogUtils.java:warn(134)) - 58960bb6-1791-4bb0-9c36-a998f9195181@group-CC1B921A8CA5->f92d2d06-16ca-476c-af7f-960d805fe056-AppendLogResponseHandler: Failed appendEntries: org.apache.ratis.thirdparty.io.grpc.StatusRuntimeException: CANCELLED: HTTP/2 error code: CANCEL
Received Rst Stream
2019-10-06 05:58:04,172 [grpc-default-executor-4] INFO  impl.FollowerInfo (FollowerInfo.java:lambda$new$0(51)) - 58960bb6-1791-4bb0-9c36-a998f9195181@group-CC1B921A8CA5->f92d2d06-16ca-476c-af7f-960d805fe056: nextIndex: updateUnconditionally 3 -> 2
2019-10-06 05:58:04,174 [refreshUsed-/workdir/hadoop-ozone/integration-test/target/test-dir/MiniOzoneClusterImpl-302fbd6a-0a7c-4e79-9456-5e178ffa3b85/datanode-3/data/containers] WARN  fs.CachingGetSpaceUsed (CachingGetSpaceUsed.java:run(183)) - Thread Interrupted waiting to refresh disk information: sleep interrupted
2019-10-06 05:58:04,196 [main] INFO  utils.BackgroundService (BackgroundService.java:shutdown(148)) - Shutting down service BlockDeletingService
2019-10-06 05:58:04,210 [main] INFO  statemachine.DatanodeStateMachine (DatanodeStateMachine.java:stopDaemon(395)) - Ozone container server stopped.
2019-10-06 05:58:04,212 [main] INFO  handler.ContextHandler (ContextHandler.java:doStop(910)) - Stopped o.e.j.w.WebAppContext@59fc6d05{/,null,UNAVAILABLE}{/hddsDatanode}
2019-10-06 05:58:04,213 [main] INFO  server.AbstractConnector (AbstractConnector.java:doStop(318)) - Stopped ServerConnector@78307a56{HTTP/1.1,[http/1.1]}{0.0.0.0:0}
2019-10-06 05:58:04,214 [main] INFO  handler.ContextHandler (ContextHandler.java:doStop(910)) - Stopped o.e.j.s.ServletContextHandler@67f63d26{/static,jar:file:/home/user/.m2/repository/org/apache/hadoop/hadoop-hdds-container-service/0.5.0-SNAPSHOT/hadoop-hdds-container-service-0.5.0-SNAPSHOT.jar!/webapps/static,UNAVAILABLE}
2019-10-06 05:58:04,214 [main] INFO  handler.ContextHandler (ContextHandler.java:doStop(910)) - Stopped o.e.j.s.ServletContextHandler@da4cf09{/logs,file:///workdir/hadoop-ozone/integration-test/target/log,UNAVAILABLE}
2019-10-06 05:58:06,490 [grpc-default-executor-1] WARN  server.GrpcLogAppender (LogUtils.java:warn(134)) - 58960bb6-1791-4bb0-9c36-a998f9195181@group-CC1B921A8CA5->c2fbd6fe-546b-4c5d-8829-05959505a398-AppendLogResponseHandler: Failed appendEntries: org.apache.ratis.thirdparty.io.grpc.StatusRuntimeException: UNAVAILABLE: io exception
2019-10-06 05:58:06,491 [grpc-default-executor-1] INFO  impl.FollowerInfo (FollowerInfo.java:lambda$new$0(51)) - 58960bb6-1791-4bb0-9c36-a998f9195181@group-CC1B921A8CA5->c2fbd6fe-546b-4c5d-8829-05959505a398: nextIndex: updateUnconditionally 0 -> 0
2019-10-06 05:58:06,496 [grpc-default-executor-5] WARN  server.GrpcLogAppender (LogUtils.java:warn(134)) - 58960bb6-1791-4bb0-9c36-a998f9195181@group-CC1B921A8CA5->f92d2d06-16ca-476c-af7f-960d805fe056-AppendLogResponseHandler: Failed appendEntries: org.apache.ratis.thirdparty.io.grpc.StatusRuntimeException: UNAVAILABLE: io exception
2019-10-06 05:58:06,497 [grpc-default-executor-5] INFO  impl.FollowerInfo (FollowerInfo.java:lambda$new$0(51)) - 58960bb6-1791-4bb0-9c36-a998f9195181@group-CC1B921A8CA5->f92d2d06-16ca-476c-af7f-960d805fe056: nextIndex: updateUnconditionally 2 -> 1
2019-10-06 05:58:08,992 [grpc-default-executor-5] WARN  server.GrpcLogAppender (LogUtils.java:warn(134)) - 58960bb6-1791-4bb0-9c36-a998f9195181@group-CC1B921A8CA5->c2fbd6fe-546b-4c5d-8829-05959505a398-AppendLogResponseHandler: Failed appendEntries: org.apache.ratis.thirdparty.io.grpc.StatusRuntimeException: UNAVAILABLE: io exception
2019-10-06 05:58:08,993 [grpc-default-executor-5] INFO  impl.FollowerInfo (FollowerInfo.java:lambda$new$0(51)) - 58960bb6-1791-4bb0-9c36-a998f9195181@group-CC1B921A8CA5->c2fbd6fe-546b-4c5d-8829-05959505a398: nextIndex: updateUnconditionally 0 -> 0
2019-10-06 05:58:08,997 [grpc-default-executor-6] WARN  server.GrpcLogAppender (LogUtils.java:warn(134)) - 58960bb6-1791-4bb0-9c36-a998f9195181@group-CC1B921A8CA5->f92d2d06-16ca-476c-af7f-960d805fe056-AppendLogResponseHandler: Failed appendEntries: org.apache.ratis.thirdparty.io.grpc.StatusRuntimeException: UNAVAILABLE: io exception
2019-10-06 05:58:08,998 [grpc-default-executor-6] INFO  impl.FollowerInfo (FollowerInfo.java:lambda$new$0(51)) - 58960bb6-1791-4bb0-9c36-a998f9195181@group-CC1B921A8CA5->f92d2d06-16ca-476c-af7f-960d805fe056: nextIndex: updateUnconditionally 1 -> 0
2019-10-06 05:58:11,492 [grpc-default-executor-5] WARN  server.GrpcLogAppender (LogUtils.java:warn(134)) - 58960bb6-1791-4bb0-9c36-a998f9195181@group-CC1B921A8CA5->c2fbd6fe-546b-4c5d-8829-05959505a398-AppendLogResponseHandler: Failed appendEntries: org.apache.ratis.thirdparty.io.grpc.StatusRuntimeException: UNAVAILABLE: io exception
2019-10-06 05:58:11,497 [grpc-default-executor-5] INFO  impl.FollowerInfo (FollowerInfo.java:lambda$new$0(51)) - 58960bb6-1791-4bb0-9c36-a998f9195181@group-CC1B921A8CA5->c2fbd6fe-546b-4c5d-8829-05959505a398: nextIndex: updateUnconditionally 0 -> 0
2019-10-06 05:58:11,499 [grpc-default-executor-5] WARN  server.GrpcLogAppender (LogUtils.java:warn(134)) - 58960bb6-1791-4bb0-9c36-a998f9195181@group-CC1B921A8CA5->f92d2d06-16ca-476c-af7f-960d805fe056-AppendLogResponseHandler: Failed appendEntries: org.apache.ratis.thirdparty.io.grpc.StatusRuntimeException: UNAVAILABLE: io exception
2019-10-06 05:58:11,500 [grpc-default-executor-5] INFO  impl.FollowerInfo (FollowerInfo.java:lambda$new$0(51)) - 58960bb6-1791-4bb0-9c36-a998f9195181@group-CC1B921A8CA5->f92d2d06-16ca-476c-af7f-960d805fe056: nextIndex: updateUnconditionally 0 -> 0
2019-10-06 05:58:13,993 [grpc-default-executor-5] WARN  server.GrpcLogAppender (LogUtils.java:warn(134)) - 58960bb6-1791-4bb0-9c36-a998f9195181@group-CC1B921A8CA5->c2fbd6fe-546b-4c5d-8829-05959505a398-AppendLogResponseHandler: Failed appendEntries: org.apache.ratis.thirdparty.io.grpc.StatusRuntimeException: UNAVAILABLE: io exception
2019-10-06 05:58:13,994 [grpc-default-executor-5] INFO  impl.FollowerInfo (FollowerInfo.java:lambda$new$0(51)) - 58960bb6-1791-4bb0-9c36-a998f9195181@group-CC1B921A8CA5->c2fbd6fe-546b-4c5d-8829-05959505a398: nextIndex: updateUnconditionally 0 -> 0
2019-10-06 05:58:13,999 [grpc-default-executor-7] WARN  server.GrpcLogAppender (LogUtils.java:warn(134)) - 58960bb6-1791-4bb0-9c36-a998f9195181@group-CC1B921A8CA5->f92d2d06-16ca-476c-af7f-960d805fe056-AppendLogResponseHandler: Failed appendEntries: org.apache.ratis.thirdparty.io.grpc.StatusRuntimeException: UNAVAILABLE: io exception
2019-10-06 05:58:14,000 [grpc-default-executor-7] INFO  impl.FollowerInfo (FollowerInfo.java:lambda$new$0(51)) - 58960bb6-1791-4bb0-9c36-a998f9195181@group-CC1B921A8CA5->f92d2d06-16ca-476c-af7f-960d805fe056: nextIndex: updateUnconditionally 0 -> 0
2019-10-06 05:58:14,696 [Thread-1585] INFO  client.GrpcClientProtocolService (GrpcClientProtocolService.java:lambda$processClientRequest$0(278)) - Failed RaftClientRequest:client-17CE65E7B44D->58960bb6-1791-4bb0-9c36-a998f9195181@group-CC1B921A8CA5, cid=67, seq=0, Watch-ALL_COMMITTED(108), Message:<EMPTY>, reply=RaftClientReply:client-17CE65E7B44D->58960bb6-1791-4bb0-9c36-a998f9195181@group-CC1B921A8CA5, cid=67, FAILED org.apache.ratis.protocol.NotReplicatedException: Request with call Id 67 and log index 108 is not yet replicated to ALL_COMMITTED, logIndex=108, commits[58960bb6-1791-4bb0-9c36-a998f9195181:c2, c2fbd6fe-546b-4c5d-8829-05959505a398:c2, f92d2d06-16ca-476c-af7f-960d805fe056:c2]
2019-10-06 05:58:16,495 [grpc-default-executor-7] WARN  server.GrpcLogAppender (LogUtils.java:warn(134)) - 58960bb6-1791-4bb0-9c36-a998f9195181@group-CC1B921A8CA5->c2fbd6fe-546b-4c5d-8829-05959505a398-AppendLogResponseHandler: Failed appendEntries: org.apache.ratis.thirdparty.io.grpc.StatusRuntimeException: UNAVAILABLE: io exception
2019-10-06 05:58:16,496 [grpc-default-executor-7] INFO  impl.FollowerInfo (FollowerInfo.java:lambda$new$0(51)) - 58960bb6-1791-4bb0-9c36-a998f9195181@group-CC1B921A8CA5->c2fbd6fe-546b-4c5d-8829-05959505a398: nextIndex: updateUnconditionally 0 -> 0
2019-10-06 05:58:16,501 [grpc-default-executor-5] WARN  server.GrpcLogAppender (LogUtils.java:warn(134)) - 58960bb6-1791-4bb0-9c36-a998f9195181@group-CC1B921A8CA5->f92d2d06-16ca-476c-af7f-960d805fe056-AppendLogResponseHandler: Failed appendEntries: org.apache.ratis.thirdparty.io.grpc.StatusRuntimeException: UNAVAILABLE: io exception
2019-10-06 05:58:16,503 [grpc-default-executor-5] INFO  impl.FollowerInfo (FollowerInfo.java:lambda$new$0(51)) - 58960bb6-1791-4bb0-9c36-a998f9195181@group-CC1B921A8CA5->f92d2d06-16ca-476c-af7f-960d805fe056: nextIndex: updateUnconditionally 0 -> 0
2019-10-06 05:58:19,000 [grpc-default-executor-6] WARN  server.GrpcLogAppender (LogUtils.java:warn(134)) - 58960bb6-1791-4bb0-9c36-a998f9195181@group-CC1B921A8CA5->c2fbd6fe-546b-4c5d-8829-05959505a398-AppendLogResponseHandler: Failed appendEntries: org.apache.ratis.thirdparty.io.grpc.StatusRuntimeException: UNAVAILABLE: io exception
2019-10-06 05:58:19,001 [grpc-default-executor-6] INFO  impl.FollowerInfo (FollowerInfo.java:lambda$new$0(51)) - 58960bb6-1791-4bb0-9c36-a998f9195181@group-CC1B921A8CA5->c2fbd6fe-546b-4c5d-8829-05959505a398: nextIndex: updateUnconditionally 0 -> 0
2019-10-06 05:58:19,001 [grpc-default-executor-6] WARN  server.GrpcLogAppender (LogUtils.java:warn(134)) - 58960bb6-1791-4bb0-9c36-a998f9195181@group-CC1B921A8CA5->f92d2d06-16ca-476c-af7f-960d805fe056-AppendLogResponseHandler: Failed appendEntries: org.apache.ratis.thirdparty.io.grpc.StatusRuntimeException: UNAVAILABLE: io exception
2019-10-06 05:58:19,002 [grpc-default-executor-6] INFO  impl.FollowerInfo (FollowerInfo.java:lambda$new$0(51)) - 58960bb6-1791-4bb0-9c36-a998f9195181@group-CC1B921A8CA5->f92d2d06-16ca-476c-af7f-960d805fe056: nextIndex: updateUnconditionally 0 -> 0
2019-10-06 05:58:21,503 [grpc-default-executor-5] WARN  server.GrpcLogAppender (LogUtils.java:warn(134)) - 58960bb6-1791-4bb0-9c36-a998f9195181@group-CC1B921A8CA5->f92d2d06-16ca-476c-af7f-960d805fe056-AppendLogResponseHandler: Failed appendEntries: org.apache.ratis.thirdparty.io.grpc.StatusRuntimeException: UNAVAILABLE: io exception
2019-10-06 05:58:21,503 [grpc-default-executor-6] WARN  server.GrpcLogAppender (LogUtils.java:warn(134)) - 58960bb6-1791-4bb0-9c36-a998f9195181@group-CC1B921A8CA5->c2fbd6fe-546b-4c5d-8829-05959505a398-AppendLogResponseHandler: Failed appendEntries: org.apache.ratis.thirdparty.io.grpc.StatusRuntimeException: UNAVAILABLE: io exception
2019-10-06 05:58:21,504 [grpc-default-executor-6] INFO  impl.FollowerInfo (FollowerInfo.java:lambda$new$0(51)) - 58960bb6-1791-4bb0-9c36-a998f9195181@group-CC1B921A8CA5->c2fbd6fe-546b-4c5d-8829-05959505a398: nextIndex: updateUnconditionally 0 -> 0
2019-10-06 05:58:21,504 [grpc-default-executor-5] INFO  impl.FollowerInfo (FollowerInfo.java:lambda$new$0(51)) - 58960bb6-1791-4bb0-9c36-a998f9195181@group-CC1B921A8CA5->f92d2d06-16ca-476c-af7f-960d805fe056: nextIndex: updateUnconditionally 0 -> 0
2019-10-06 05:58:24,007 [grpc-default-executor-5] WARN  server.GrpcLogAppender (LogUtils.java:warn(134)) - 58960bb6-1791-4bb0-9c36-a998f9195181@group-CC1B921A8CA5->c2fbd6fe-546b-4c5d-8829-05959505a398-AppendLogResponseHandler: Failed appendEntries: org.apache.ratis.thirdparty.io.grpc.StatusRuntimeException: UNAVAILABLE: io exception
2019-10-06 05:58:24,007 [grpc-default-executor-6] WARN  server.GrpcLogAppender (LogUtils.java:warn(134)) - 58960bb6-1791-4bb0-9c36-a998f9195181@group-CC1B921A8CA5->f92d2d06-16ca-476c-af7f-960d805fe056-AppendLogResponseHandler: Failed appendEntries: org.apache.ratis.thirdparty.io.grpc.StatusRuntimeException: UNAVAILABLE: io exception
2019-10-06 05:58:24,008 [grpc-default-executor-5] INFO  impl.FollowerInfo (FollowerInfo.java:lambda$new$0(51)) - 58960bb6-1791-4bb0-9c36-a998f9195181@group-CC1B921A8CA5->c2fbd6fe-546b-4c5d-8829-05959505a398: nextIndex: updateUnconditionally 0 -> 0
2019-10-06 05:58:24,008 [grpc-default-executor-6] INFO  impl.FollowerInfo (FollowerInfo.java:lambda$new$0(51)) - 58960bb6-1791-4bb0-9c36-a998f9195181@group-CC1B921A8CA5->f92d2d06-16ca-476c-af7f-960d805fe056: nextIndex: updateUnconditionally 0 -> 0
2019-10-06 05:58:24,217 [main] WARN  scm.XceiverClientRatis (XceiverClientRatis.java:watchForCommit(292)) - 3 way commit failed on pipeline Pipeline[ Id: 40491d0b-dc2e-4c96-9cc1-cc1b921a8ca5, Nodes: c2fbd6fe-546b-4c5d-8829-05959505a398{ip: 192.168.164.217, host: trunk-nightly-20191006-mzxw6-951422410, networkLocation: /default-rack, certSerialId: null}f92d2d06-16ca-476c-af7f-960d805fe056{ip: 192.168.164.217, host: trunk-nightly-20191006-mzxw6-951422410, networkLocation: /default-rack, certSerialId: null}58960bb6-1791-4bb0-9c36-a998f9195181{ip: 192.168.164.217, host: trunk-nightly-20191006-mzxw6-951422410, networkLocation: /default-rack, certSerialId: null}, Type:RATIS, Factor:THREE, State:OPEN]
java.util.concurrent.TimeoutException
	at java.util.concurrent.CompletableFuture.timedGet(CompletableFuture.java:1771)
	at java.util.concurrent.CompletableFuture.get(CompletableFuture.java:1915)
	at org.apache.hadoop.hdds.scm.XceiverClientRatis.watchForCommit(XceiverClientRatis.java:289)
	at org.apache.hadoop.ozone.client.rpc.TestWatchForCommit.testWatchForCommitForRetryfailure(TestWatchForCommit.java:345)
	at sun.reflect.NativeMethodAccessorImpl.invoke0(Native Method)
	at sun.reflect.NativeMethodAccessorImpl.invoke(NativeMethodAccessorImpl.java:62)
	at sun.reflect.DelegatingMethodAccessorImpl.invoke(DelegatingMethodAccessorImpl.java:43)
	at java.lang.reflect.Method.invoke(Method.java:498)
	at org.junit.runners.model.FrameworkMethod$1.runReflectiveCall(FrameworkMethod.java:47)
	at org.junit.internal.runners.model.ReflectiveCallable.run(ReflectiveCallable.java:12)
	at org.junit.runners.model.FrameworkMethod.invokeExplosively(FrameworkMethod.java:44)
	at org.junit.internal.runners.statements.InvokeMethod.evaluate(InvokeMethod.java:17)
	at org.junit.runners.ParentRunner.runLeaf(ParentRunner.java:271)
	at org.junit.runners.BlockJUnit4ClassRunner.runChild(BlockJUnit4ClassRunner.java:70)
	at org.junit.runners.BlockJUnit4ClassRunner.runChild(BlockJUnit4ClassRunner.java:50)
	at org.junit.runners.ParentRunner$3.run(ParentRunner.java:238)
	at org.junit.runners.ParentRunner$1.schedule(ParentRunner.java:63)
	at org.junit.runners.ParentRunner.runChildren(ParentRunner.java:236)
	at org.junit.runners.ParentRunner.access$000(ParentRunner.java:53)
	at org.junit.runners.ParentRunner$2.evaluate(ParentRunner.java:229)
	at org.junit.runners.ParentRunner.run(ParentRunner.java:309)
	at org.apache.maven.surefire.junit4.JUnit4Provider.execute(JUnit4Provider.java:365)
	at org.apache.maven.surefire.junit4.JUnit4Provider.executeWithRerun(JUnit4Provider.java:273)
	at org.apache.maven.surefire.junit4.JUnit4Provider.executeTestSet(JUnit4Provider.java:238)
	at org.apache.maven.surefire.junit4.JUnit4Provider.invoke(JUnit4Provider.java:159)
	at org.apache.maven.surefire.booter.ForkedBooter.invokeProviderInSameClassLoader(ForkedBooter.java:384)
	at org.apache.maven.surefire.booter.ForkedBooter.runSuitesInProcess(ForkedBooter.java:345)
	at org.apache.maven.surefire.booter.ForkedBooter.execute(ForkedBooter.java:126)
	at org.apache.maven.surefire.booter.ForkedBooter.main(ForkedBooter.java:418)
2019-10-06 05:58:26,508 [grpc-default-executor-5] WARN  server.GrpcLogAppender (LogUtils.java:warn(134)) - 58960bb6-1791-4bb0-9c36-a998f9195181@group-CC1B921A8CA5->c2fbd6fe-546b-4c5d-8829-05959505a398-AppendLogResponseHandler: Failed appendEntries: org.apache.ratis.thirdparty.io.grpc.StatusRuntimeException: UNAVAILABLE: io exception
2019-10-06 05:58:26,508 [grpc-default-executor-6] WARN  server.GrpcLogAppender (LogUtils.java:warn(134)) - 58960bb6-1791-4bb0-9c36-a998f9195181@group-CC1B921A8CA5->f92d2d06-16ca-476c-af7f-960d805fe056-AppendLogResponseHandler: Failed appendEntries: org.apache.ratis.thirdparty.io.grpc.StatusRuntimeException: UNAVAILABLE: io exception
2019-10-06 05:58:26,513 [grpc-default-executor-5] INFO  impl.FollowerInfo (FollowerInfo.java:lambda$new$0(51)) - 58960bb6-1791-4bb0-9c36-a998f9195181@group-CC1B921A8CA5->c2fbd6fe-546b-4c5d-8829-05959505a398: nextIndex: updateUnconditionally 0 -> 0
2019-10-06 05:58:26,513 [grpc-default-executor-6] INFO  impl.FollowerInfo (FollowerInfo.java:lambda$new$0(51)) - 58960bb6-1791-4bb0-9c36-a998f9195181@group-CC1B921A8CA5->f92d2d06-16ca-476c-af7f-960d805fe056: nextIndex: updateUnconditionally 0 -> 0
2019-10-06 05:58:27,683 [Thread-1608] INFO  client.GrpcClientProtocolService (GrpcClientProtocolService.java:lambda$processClientRequest$0(278)) - Failed RaftClientRequest:client-17CE65E7B44D->58960bb6-1791-4bb0-9c36-a998f9195181@group-CC1B921A8CA5, cid=67, seq=0, Watch-ALL_COMMITTED(108), Message:<EMPTY>, reply=RaftClientReply:client-17CE65E7B44D->58960bb6-1791-4bb0-9c36-a998f9195181@group-CC1B921A8CA5, cid=67, FAILED org.apache.ratis.protocol.NotReplicatedException: Request with call Id 67 and log index 108 is not yet replicated to ALL_COMMITTED, logIndex=108, commits[58960bb6-1791-4bb0-9c36-a998f9195181:c2, c2fbd6fe-546b-4c5d-8829-05959505a398:c2, f92d2d06-16ca-476c-af7f-960d805fe056:c2]
2019-10-06 05:58:29,009 [grpc-default-executor-6] WARN  server.GrpcLogAppender (LogUtils.java:warn(134)) - 58960bb6-1791-4bb0-9c36-a998f9195181@group-CC1B921A8CA5->c2fbd6fe-546b-4c5d-8829-05959505a398-AppendLogResponseHandler: Failed appendEntries: org.apache.ratis.thirdparty.io.grpc.StatusRuntimeException: UNAVAILABLE: io exception
2019-10-06 05:58:29,009 [grpc-default-executor-7] WARN  server.GrpcLogAppender (LogUtils.java:warn(134)) - 58960bb6-1791-4bb0-9c36-a998f9195181@group-CC1B921A8CA5->f92d2d06-16ca-476c-af7f-960d805fe056-AppendLogResponseHandler: Failed appendEntries: org.apache.ratis.thirdparty.io.grpc.StatusRuntimeException: UNAVAILABLE: io exception
2019-10-06 05:58:29,015 [grpc-default-executor-6] INFO  impl.FollowerInfo (FollowerInfo.java:lambda$new$0(51)) - 58960bb6-1791-4bb0-9c36-a998f9195181@group-CC1B921A8CA5->c2fbd6fe-546b-4c5d-8829-05959505a398: nextIndex: updateUnconditionally 0 -> 0
2019-10-06 05:58:29,015 [grpc-default-executor-7] INFO  impl.FollowerInfo (FollowerInfo.java:lambda$new$0(51)) - 58960bb6-1791-4bb0-9c36-a998f9195181@group-CC1B921A8CA5->f92d2d06-16ca-476c-af7f-960d805fe056: nextIndex: updateUnconditionally 0 -> 0
2019-10-06 05:58:31,513 [grpc-default-executor-7] WARN  server.GrpcLogAppender (LogUtils.java:warn(134)) - 58960bb6-1791-4bb0-9c36-a998f9195181@group-CC1B921A8CA5->f92d2d06-16ca-476c-af7f-960d805fe056-AppendLogResponseHandler: Failed appendEntries: org.apache.ratis.thirdparty.io.grpc.StatusRuntimeException: UNAVAILABLE: io exception
2019-10-06 05:58:31,513 [grpc-default-executor-6] WARN  server.GrpcLogAppender (LogUtils.java:warn(134)) - 58960bb6-1791-4bb0-9c36-a998f9195181@group-CC1B921A8CA5->c2fbd6fe-546b-4c5d-8829-05959505a398-AppendLogResponseHandler: Failed appendEntries: org.apache.ratis.thirdparty.io.grpc.StatusRuntimeException: UNAVAILABLE: io exception
2019-10-06 05:58:31,515 [grpc-default-executor-7] INFO  impl.FollowerInfo (FollowerInfo.java:lambda$new$0(51)) - 58960bb6-1791-4bb0-9c36-a998f9195181@group-CC1B921A8CA5->f92d2d06-16ca-476c-af7f-960d805fe056: nextIndex: updateUnconditionally 0 -> 0
2019-10-06 05:58:31,515 [grpc-default-executor-6] INFO  impl.FollowerInfo (FollowerInfo.java:lambda$new$0(51)) - 58960bb6-1791-4bb0-9c36-a998f9195181@group-CC1B921A8CA5->c2fbd6fe-546b-4c5d-8829-05959505a398: nextIndex: updateUnconditionally 0 -> 0
2019-10-06 05:58:34,018 [grpc-default-executor-6] WARN  server.GrpcLogAppender (LogUtils.java:warn(134)) - 58960bb6-1791-4bb0-9c36-a998f9195181@group-CC1B921A8CA5->c2fbd6fe-546b-4c5d-8829-05959505a398-AppendLogResponseHandler: Failed appendEntries: org.apache.ratis.thirdparty.io.grpc.StatusRuntimeException: UNAVAILABLE: io exception
2019-10-06 05:58:34,018 [grpc-default-executor-7] WARN  server.GrpcLogAppender (LogUtils.java:warn(134)) - 58960bb6-1791-4bb0-9c36-a998f9195181@group-CC1B921A8CA5->f92d2d06-16ca-476c-af7f-960d805fe056-AppendLogResponseHandler: Failed appendEntries: org.apache.ratis.thirdparty.io.grpc.StatusRuntimeException: UNAVAILABLE: io exception
2019-10-06 05:58:34,019 [grpc-default-executor-6] INFO  impl.FollowerInfo (FollowerInfo.java:lambda$new$0(51)) - 58960bb6-1791-4bb0-9c36-a998f9195181@group-CC1B921A8CA5->c2fbd6fe-546b-4c5d-8829-05959505a398: nextIndex: updateUnconditionally 0 -> 0
2019-10-06 05:58:34,019 [grpc-default-executor-7] INFO  impl.FollowerInfo (FollowerInfo.java:lambda$new$0(51)) - 58960bb6-1791-4bb0-9c36-a998f9195181@group-CC1B921A8CA5->f92d2d06-16ca-476c-af7f-960d805fe056: nextIndex: updateUnconditionally 0 -> 0
2019-10-06 05:58:36,516 [grpc-default-executor-7] WARN  server.GrpcLogAppender (LogUtils.java:warn(134)) - 58960bb6-1791-4bb0-9c36-a998f9195181@group-CC1B921A8CA5->c2fbd6fe-546b-4c5d-8829-05959505a398-AppendLogResponseHandler: Failed appendEntries: org.apache.ratis.thirdparty.io.grpc.StatusRuntimeException: UNAVAILABLE: io exception
2019-10-06 05:58:36,516 [grpc-default-executor-6] WARN  server.GrpcLogAppender (LogUtils.java:warn(134)) - 58960bb6-1791-4bb0-9c36-a998f9195181@group-CC1B921A8CA5->f92d2d06-16ca-476c-af7f-960d805fe056-AppendLogResponseHandler: Failed appendEntries: org.apache.ratis.thirdparty.io.grpc.StatusRuntimeException: UNAVAILABLE: io exception
2019-10-06 05:58:36,517 [grpc-default-executor-7] INFO  impl.FollowerInfo (FollowerInfo.java:lambda$new$0(51)) - 58960bb6-1791-4bb0-9c36-a998f9195181@group-CC1B921A8CA5->c2fbd6fe-546b-4c5d-8829-05959505a398: nextIndex: updateUnconditionally 0 -> 0
2019-10-06 05:58:36,517 [grpc-default-executor-6] INFO  impl.FollowerInfo (FollowerInfo.java:lambda$new$0(51)) - 58960bb6-1791-4bb0-9c36-a998f9195181@group-CC1B921A8CA5->f92d2d06-16ca-476c-af7f-960d805fe056: nextIndex: updateUnconditionally 0 -> 0
2019-10-06 05:58:37,683 [Thread-1626] INFO  client.GrpcClientProtocolService (GrpcClientProtocolService.java:lambda$processClientRequest$0(278)) - Failed RaftClientRequest:client-17CE65E7B44D->58960bb6-1791-4bb0-9c36-a998f9195181@group-CC1B921A8CA5, cid=68, seq=0, Watch-MAJORITY_COMMITTED(108), Message:<EMPTY>, reply=RaftClientReply:client-17CE65E7B44D->58960bb6-1791-4bb0-9c36-a998f9195181@group-CC1B921A8CA5, cid=68, FAILED org.apache.ratis.protocol.NotReplicatedException: Request with call Id 68 and log index 108 is not yet replicated to MAJORITY_COMMITTED, logIndex=108, commits[58960bb6-1791-4bb0-9c36-a998f9195181:c2, c2fbd6fe-546b-4c5d-8829-05959505a398:c2, f92d2d06-16ca-476c-af7f-960d805fe056:c2]
2019-10-06 05:58:37,683 [Thread-1625] INFO  client.GrpcClientProtocolService (GrpcClientProtocolService.java:lambda$processClientRequest$0(278)) - Failed RaftClientRequest:client-17CE65E7B44D->58960bb6-1791-4bb0-9c36-a998f9195181@group-CC1B921A8CA5, cid=67, seq=0, Watch-ALL_COMMITTED(108), Message:<EMPTY>, reply=RaftClientReply:client-17CE65E7B44D->58960bb6-1791-4bb0-9c36-a998f9195181@group-CC1B921A8CA5, cid=67, FAILED org.apache.ratis.protocol.NotReplicatedException: Request with call Id 67 and log index 108 is not yet replicated to ALL_COMMITTED, logIndex=108, commits[58960bb6-1791-4bb0-9c36-a998f9195181:c2, c2fbd6fe-546b-4c5d-8829-05959505a398:c2, f92d2d06-16ca-476c-af7f-960d805fe056:c2]
2019-10-06 05:58:39,017 [grpc-default-executor-6] WARN  server.GrpcLogAppender (LogUtils.java:warn(134)) - 58960bb6-1791-4bb0-9c36-a998f9195181@group-CC1B921A8CA5->f92d2d06-16ca-476c-af7f-960d805fe056-AppendLogResponseHandler: Failed appendEntries: org.apache.ratis.thirdparty.io.grpc.StatusRuntimeException: UNAVAILABLE: io exception
2019-10-06 05:58:39,017 [grpc-default-executor-7] WARN  server.GrpcLogAppender (LogUtils.java:warn(134)) - 58960bb6-1791-4bb0-9c36-a998f9195181@group-CC1B921A8CA5->c2fbd6fe-546b-4c5d-8829-05959505a398-AppendLogResponseHandler: Failed appendEntries: org.apache.ratis.thirdparty.io.grpc.StatusRuntimeException: UNAVAILABLE: io exception
2019-10-06 05:58:39,021 [grpc-default-executor-6] INFO  impl.FollowerInfo (FollowerInfo.java:lambda$new$0(51)) - 58960bb6-1791-4bb0-9c36-a998f9195181@group-CC1B921A8CA5->f92d2d06-16ca-476c-af7f-960d805fe056: nextIndex: updateUnconditionally 0 -> 0
2019-10-06 05:58:39,022 [grpc-default-executor-7] INFO  impl.FollowerInfo (FollowerInfo.java:lambda$new$0(51)) - 58960bb6-1791-4bb0-9c36-a998f9195181@group-CC1B921A8CA5->c2fbd6fe-546b-4c5d-8829-05959505a398: nextIndex: updateUnconditionally 0 -> 0
2019-10-06 05:58:41,521 [grpc-default-executor-6] WARN  server.GrpcLogAppender (LogUtils.java:warn(134)) - 58960bb6-1791-4bb0-9c36-a998f9195181@group-CC1B921A8CA5->f92d2d06-16ca-476c-af7f-960d805fe056-AppendLogResponseHandler: Failed appendEntries: org.apache.ratis.thirdparty.io.grpc.StatusRuntimeException: UNAVAILABLE: io exception
2019-10-06 05:58:41,521 [grpc-default-executor-7] WARN  server.GrpcLogAppender (LogUtils.java:warn(134)) - 58960bb6-1791-4bb0-9c36-a998f9195181@group-CC1B921A8CA5->c2fbd6fe-546b-4c5d-8829-05959505a398-AppendLogResponseHandler: Failed appendEntries: org.apache.ratis.thirdparty.io.grpc.StatusRuntimeException: UNAVAILABLE: io exception
2019-10-06 05:58:41,522 [grpc-default-executor-6] INFO  impl.FollowerInfo (FollowerInfo.java:lambda$new$0(51)) - 58960bb6-1791-4bb0-9c36-a998f9195181@group-CC1B921A8CA5->f92d2d06-16ca-476c-af7f-960d805fe056: nextIndex: updateUnconditionally 0 -> 0
2019-10-06 05:58:41,522 [grpc-default-executor-7] INFO  impl.FollowerInfo (FollowerInfo.java:lambda$new$0(51)) - 58960bb6-1791-4bb0-9c36-a998f9195181@group-CC1B921A8CA5->c2fbd6fe-546b-4c5d-8829-05959505a398: nextIndex: updateUnconditionally 0 -> 0
2019-10-06 05:58:44,021 [grpc-default-executor-6] WARN  server.GrpcLogAppender (LogUtils.java:warn(134)) - 58960bb6-1791-4bb0-9c36-a998f9195181@group-CC1B921A8CA5->c2fbd6fe-546b-4c5d-8829-05959505a398-AppendLogResponseHandler: Failed appendEntries: org.apache.ratis.thirdparty.io.grpc.StatusRuntimeException: UNAVAILABLE: io exception
2019-10-06 05:58:44,021 [grpc-default-executor-5] WARN  server.GrpcLogAppender (LogUtils.java:warn(134)) - 58960bb6-1791-4bb0-9c36-a998f9195181@group-CC1B921A8CA5->f92d2d06-16ca-476c-af7f-960d805fe056-AppendLogResponseHandler: Failed appendEntries: org.apache.ratis.thirdparty.io.grpc.StatusRuntimeException: UNAVAILABLE: io exception
2019-10-06 05:58:44,021 [grpc-default-executor-6] INFO  impl.FollowerInfo (FollowerInfo.java:lambda$new$0(51)) - 58960bb6-1791-4bb0-9c36-a998f9195181@group-CC1B921A8CA5->c2fbd6fe-546b-4c5d-8829-05959505a398: nextIndex: updateUnconditionally 0 -> 0
2019-10-06 05:58:44,022 [grpc-default-executor-5] INFO  impl.FollowerInfo (FollowerInfo.java:lambda$new$0(51)) - 58960bb6-1791-4bb0-9c36-a998f9195181@group-CC1B921A8CA5->f92d2d06-16ca-476c-af7f-960d805fe056: nextIndex: updateUnconditionally 0 -> 0
]]></system-out>
    <system-err><![CDATA[Oct 06, 2019 5:57:59 AM org.apache.ratis.thirdparty.io.grpc.internal.SerializingExecutor run
SEVERE: Exception while executing runnable org.apache.ratis.thirdparty.io.grpc.internal.ServerImpl$JumpToApplicationThreadServerStreamListener$1Closed@d435b97
org.apache.ratis.thirdparty.io.grpc.StatusRuntimeException: CANCELLED: call already cancelled
	at org.apache.ratis.thirdparty.io.grpc.Status.asRuntimeException(Status.java:517)
	at org.apache.ratis.thirdparty.io.grpc.stub.ServerCalls$ServerCallStreamObserverImpl.onCompleted(ServerCalls.java:356)
	at org.apache.ratis.grpc.server.GrpcServerProtocolService$ServerRequestStreamObserver.onError(GrpcServerProtocolService.java:121)
	at org.apache.ratis.thirdparty.io.grpc.stub.ServerCalls$StreamingServerCallHandler$StreamingServerCallListener.onCancel(ServerCalls.java:269)
	at org.apache.ratis.thirdparty.io.grpc.internal.ServerCallImpl$ServerStreamListenerImpl.closed(ServerCallImpl.java:293)
	at org.apache.ratis.thirdparty.io.grpc.internal.ServerImpl$JumpToApplicationThreadServerStreamListener$1Closed.runInContext(ServerImpl.java:741)
	at org.apache.ratis.thirdparty.io.grpc.internal.ContextRunnable.run(ContextRunnable.java:37)
	at org.apache.ratis.thirdparty.io.grpc.internal.SerializingExecutor.run(SerializingExecutor.java:123)
	at java.util.concurrent.ThreadPoolExecutor.runWorker(ThreadPoolExecutor.java:1149)
	at java.util.concurrent.ThreadPoolExecutor$Worker.run(ThreadPoolExecutor.java:624)
	at java.lang.Thread.run(Thread.java:748)

Oct 06, 2019 5:58:04 AM org.apache.ratis.thirdparty.io.grpc.internal.SerializingExecutor run
SEVERE: Exception while executing runnable org.apache.ratis.thirdparty.io.grpc.internal.ServerImpl$JumpToApplicationThreadServerStreamListener$1Closed@5df69263
org.apache.ratis.thirdparty.io.grpc.StatusRuntimeException: CANCELLED: call already cancelled
	at org.apache.ratis.thirdparty.io.grpc.Status.asRuntimeException(Status.java:517)
	at org.apache.ratis.thirdparty.io.grpc.stub.ServerCalls$ServerCallStreamObserverImpl.onCompleted(ServerCalls.java:356)
	at org.apache.ratis.grpc.server.GrpcServerProtocolService$ServerRequestStreamObserver.onError(GrpcServerProtocolService.java:121)
	at org.apache.ratis.thirdparty.io.grpc.stub.ServerCalls$StreamingServerCallHandler$StreamingServerCallListener.onCancel(ServerCalls.java:269)
	at org.apache.ratis.thirdparty.io.grpc.internal.ServerCallImpl$ServerStreamListenerImpl.closed(ServerCallImpl.java:293)
	at org.apache.ratis.thirdparty.io.grpc.internal.ServerImpl$JumpToApplicationThreadServerStreamListener$1Closed.runInContext(ServerImpl.java:741)
	at org.apache.ratis.thirdparty.io.grpc.internal.ContextRunnable.run(ContextRunnable.java:37)
	at org.apache.ratis.thirdparty.io.grpc.internal.SerializingExecutor.run(SerializingExecutor.java:123)
	at java.util.concurrent.ThreadPoolExecutor.runWorker(ThreadPoolExecutor.java:1149)
	at java.util.concurrent.ThreadPoolExecutor$Worker.run(ThreadPoolExecutor.java:624)
	at java.lang.Thread.run(Thread.java:748)

]]></system-err>
  </testcase>
  <testcase name="testWatchForCommitForGroupMismatchException" classname="org.apache.hadoop.ozone.client.rpc.TestWatchForCommit" time="32.311"/>
  <testcase name="test2WayCommitForTimeoutException" classname="org.apache.hadoop.ozone.client.rpc.TestWatchForCommit" time="22.801">
    <error type="java.util.concurrent.TimeoutException">java.util.concurrent.TimeoutException
	at java.util.concurrent.CompletableFuture.timedGet(CompletableFuture.java:1771)
	at java.util.concurrent.CompletableFuture.get(CompletableFuture.java:1915)
	at org.apache.hadoop.hdds.scm.XceiverClientRatis.watchForCommit(XceiverClientRatis.java:298)
	at org.apache.hadoop.ozone.client.rpc.TestWatchForCommit.test2WayCommitForTimeoutException(TestWatchForCommit.java:391)
	at sun.reflect.NativeMethodAccessorImpl.invoke0(Native Method)
	at sun.reflect.NativeMethodAccessorImpl.invoke(NativeMethodAccessorImpl.java:62)
	at sun.reflect.DelegatingMethodAccessorImpl.invoke(DelegatingMethodAccessorImpl.java:43)
	at java.lang.reflect.Method.invoke(Method.java:498)
	at org.junit.runners.model.FrameworkMethod$1.runReflectiveCall(FrameworkMethod.java:47)
	at org.junit.internal.runners.model.ReflectiveCallable.run(ReflectiveCallable.java:12)
	at org.junit.runners.model.FrameworkMethod.invokeExplosively(FrameworkMethod.java:44)
	at org.junit.internal.runners.statements.InvokeMethod.evaluate(InvokeMethod.java:17)
	at org.junit.runners.ParentRunner.runLeaf(ParentRunner.java:271)
	at org.junit.runners.BlockJUnit4ClassRunner.runChild(BlockJUnit4ClassRunner.java:70)
	at org.junit.runners.BlockJUnit4ClassRunner.runChild(BlockJUnit4ClassRunner.java:50)
	at org.junit.runners.ParentRunner$3.run(ParentRunner.java:238)
	at org.junit.runners.ParentRunner$1.schedule(ParentRunner.java:63)
	at org.junit.runners.ParentRunner.runChildren(ParentRunner.java:236)
	at org.junit.runners.ParentRunner.access$000(ParentRunner.java:53)
	at org.junit.runners.ParentRunner$2.evaluate(ParentRunner.java:229)
	at org.junit.runners.ParentRunner.run(ParentRunner.java:309)
	at org.apache.maven.surefire.junit4.JUnit4Provider.execute(JUnit4Provider.java:365)
	at org.apache.maven.surefire.junit4.JUnit4Provider.executeWithRerun(JUnit4Provider.java:273)
	at org.apache.maven.surefire.junit4.JUnit4Provider.executeTestSet(JUnit4Provider.java:238)
	at org.apache.maven.surefire.junit4.JUnit4Provider.invoke(JUnit4Provider.java:159)
	at org.apache.maven.surefire.booter.ForkedBooter.invokeProviderInSameClassLoader(ForkedBooter.java:384)
	at org.apache.maven.surefire.booter.ForkedBooter.runSuitesInProcess(ForkedBooter.java:345)
	at org.apache.maven.surefire.booter.ForkedBooter.execute(ForkedBooter.java:126)
	at org.apache.maven.surefire.booter.ForkedBooter.main(ForkedBooter.java:418)
</error>
    <system-out><![CDATA[2019-10-06 05:59:16,566 [main] WARN  server.ServerUtils (ServerUtils.java:getScmDbDir(145)) - ozone.scm.db.dirs is not configured. We recommend adding this setting. Falling back to ozone.metadata.dirs instead.
2019-10-06 05:59:16,581 [main] WARN  server.ServerUtils (ServerUtils.java:getScmDbDir(145)) - ozone.scm.db.dirs is not configured. We recommend adding this setting. Falling back to ozone.metadata.dirs instead.
2019-10-06 05:59:16,581 [main] WARN  server.ServerUtils (ServerUtils.java:getScmDbDir(145)) - ozone.scm.db.dirs is not configured. We recommend adding this setting. Falling back to ozone.metadata.dirs instead.
2019-10-06 05:59:16,582 [main] INFO  db.DBStoreBuilder (DBStoreBuilder.java:addTable(117)) - using custom profile for table: deletedBlocks
2019-10-06 05:59:16,582 [main] INFO  db.DBStoreBuilder (DBStoreBuilder.java:processTables(168)) - Using default column profile:DBProfile.DISK for Table:deletedBlocks
2019-10-06 05:59:16,582 [main] INFO  db.DBStoreBuilder (DBStoreBuilder.java:addTable(117)) - using custom profile for table: validCerts
2019-10-06 05:59:16,582 [main] INFO  db.DBStoreBuilder (DBStoreBuilder.java:processTables(168)) - Using default column profile:DBProfile.DISK for Table:validCerts
2019-10-06 05:59:16,582 [main] INFO  db.DBStoreBuilder (DBStoreBuilder.java:addTable(117)) - using custom profile for table: revokedCerts
2019-10-06 05:59:16,582 [main] INFO  db.DBStoreBuilder (DBStoreBuilder.java:processTables(168)) - Using default column profile:DBProfile.DISK for Table:revokedCerts
2019-10-06 05:59:16,583 [main] INFO  db.DBStoreBuilder (DBStoreBuilder.java:addTable(117)) - using custom profile for table: default
2019-10-06 05:59:16,583 [main] INFO  db.DBStoreBuilder (DBStoreBuilder.java:processTables(174)) - Using default column profile:DBProfile.DISK for Table:default
2019-10-06 05:59:16,583 [main] INFO  db.DBStoreBuilder (DBStoreBuilder.java:getDbProfile(205)) - Using default options. DBProfile.DISK
2019-10-06 05:59:16,742 [main] INFO  net.NodeSchemaLoader (NodeSchemaLoader.java:loadSchemaFromFile(125)) - Loading file from sun.misc.CompoundEnumeration@11a3a45f
2019-10-06 05:59:16,743 [main] INFO  net.NodeSchemaLoader (NodeSchemaLoader.java:loadSchema(171)) - Loading network topology layer schema file
2019-10-06 05:59:16,748 [main] WARN  server.ServerUtils (ServerUtils.java:sanitizeUserArgs(70)) - ozone.scm.stale.node.interval value = 300000 is larger than max = 100000 based on the key value of ozone.scm.heartbeat.thread.interval, reset to the max value 100000.
2019-10-06 05:59:16,749 [main] WARN  server.ServerUtils (ServerUtils.java:sanitizeUserArgs(70)) - ozone.scm.stale.node.interval value = 300000 is larger than max = 100000 based on the key value of ozone.scm.heartbeat.thread.interval, reset to the max value 100000.
2019-10-06 05:59:16,749 [main] INFO  node.SCMNodeManager (SCMNodeManager.java:<init>(116)) - Entering startup safe mode.
2019-10-06 05:59:16,750 [main] INFO  algorithms.ContainerPlacementPolicyFactory (ContainerPlacementPolicyFactory.java:getPolicy(57)) - Create container placement policy of type org.apache.hadoop.hdds.scm.container.placement.algorithms.SCMContainerPlacementRandom
2019-10-06 05:59:16,750 [main] WARN  server.ServerUtils (ServerUtils.java:getScmDbDir(145)) - ozone.scm.db.dirs is not configured. We recommend adding this setting. Falling back to ozone.metadata.dirs instead.
2019-10-06 05:59:16,773 [main] INFO  pipeline.SCMPipelineManager (SCMPipelineManager.java:initializePipelineState(132)) - No pipeline exists in current db
2019-10-06 05:59:16,773 [main] WARN  server.ServerUtils (ServerUtils.java:getScmDbDir(145)) - ozone.scm.db.dirs is not configured. We recommend adding this setting. Falling back to ozone.metadata.dirs instead.
2019-10-06 05:59:16,804 [main] WARN  events.EventQueue (EventQueue.java:fireEvent(183)) - No event handler registered for event TypedEvent{payloadType=SafeModeStatus, name='SafeModeStatus'}
2019-10-06 05:59:16,805 [main] INFO  ipc.CallQueueManager (CallQueueManager.java:<init>(84)) - Using callQueue: class java.util.concurrent.LinkedBlockingQueue, queueCapacity: 2000, scheduler: class org.apache.hadoop.ipc.DefaultRpcScheduler, ipcBackoff: false.
2019-10-06 05:59:16,807 [Socket Reader #1 for port 42941] INFO  ipc.Server (Server.java:run(1074)) - Starting Socket Reader #1 for port 42941
2019-10-06 05:59:16,811 [main] INFO  ipc.CallQueueManager (CallQueueManager.java:<init>(84)) - Using callQueue: class java.util.concurrent.LinkedBlockingQueue, queueCapacity: 2000, scheduler: class org.apache.hadoop.ipc.DefaultRpcScheduler, ipcBackoff: false.
2019-10-06 05:59:16,812 [Socket Reader #1 for port 42458] INFO  ipc.Server (Server.java:run(1074)) - Starting Socket Reader #1 for port 42458
2019-10-06 05:59:16,815 [main] INFO  ipc.CallQueueManager (CallQueueManager.java:<init>(84)) - Using callQueue: class java.util.concurrent.LinkedBlockingQueue, queueCapacity: 2000, scheduler: class org.apache.hadoop.ipc.DefaultRpcScheduler, ipcBackoff: false.
2019-10-06 05:59:16,816 [Socket Reader #1 for port 33937] INFO  ipc.Server (Server.java:run(1074)) - Starting Socket Reader #1 for port 33937
2019-10-06 05:59:16,820 [main] INFO  hdfs.DFSUtil (DFSUtil.java:httpServerTemplateForNNAndJN(1641)) - Starting Web-server for scm at: http://0.0.0.0:0
2019-10-06 05:59:16,823 [main] INFO  server.AuthenticationFilter (AuthenticationFilter.java:constructSecretProvider(240)) - Unable to initialize FileSignerSecretProvider, falling back to use random secrets.
2019-10-06 05:59:16,823 [main] WARN  http.HttpRequestLog (HttpRequestLog.java:getRequestLog(97)) - Jetty request log can only be enabled using Log4j
2019-10-06 05:59:16,826 [main] INFO  http.HttpServer2 (HttpServer2.java:addGlobalFilter(975)) - Added global filter 'safety' (class=org.apache.hadoop.http.HttpServer2$QuotingInputFilter)
2019-10-06 05:59:16,826 [main] INFO  http.HttpServer2 (HttpServer2.java:addFilter(948)) - Added filter static_user_filter (class=org.apache.hadoop.http.lib.StaticUserWebFilter$StaticUserFilter) to context scm
2019-10-06 05:59:16,827 [main] INFO  http.HttpServer2 (HttpServer2.java:addFilter(958)) - Added filter static_user_filter (class=org.apache.hadoop.http.lib.StaticUserWebFilter$StaticUserFilter) to context logs
2019-10-06 05:59:16,827 [main] INFO  http.HttpServer2 (HttpServer2.java:addFilter(958)) - Added filter static_user_filter (class=org.apache.hadoop.http.lib.StaticUserWebFilter$StaticUserFilter) to context static
2019-10-06 05:59:16,830 [main] INFO  server.StorageContainerManager (StorageContainerManager.java:start(770)) - StorageContainerLocationProtocol RPC server is listening at /0.0.0.0:33937
2019-10-06 05:59:16,832 [main] WARN  impl.MetricsConfig (MetricsConfig.java:loadFirst(134)) - Cannot locate configuration: tried hadoop-metrics2-storagecontainermanager.properties,hadoop-metrics2.properties
2019-10-06 05:59:16,833 [main] INFO  impl.MetricsSystemImpl (MetricsSystemImpl.java:startTimer(374)) - Scheduled Metric snapshot period at 10 second(s).
2019-10-06 05:59:16,834 [main] INFO  impl.MetricsSystemImpl (MetricsSystemImpl.java:start(191)) - StorageContainerManager metrics system started
2019-10-06 05:59:17,172 [main] WARN  impl.MetricsSystemImpl (MetricsSystemImpl.java:register(276)) - Sink prometheus already exists!
2019-10-06 05:59:17,455 [main] INFO  server.SCMClientProtocolServer (SCMClientProtocolServer.java:start(159)) - RPC server for Client  is listening at /0.0.0.0:33937
2019-10-06 05:59:17,456 [IPC Server Responder] INFO  ipc.Server (Server.java:run(1314)) - IPC Server Responder: starting
2019-10-06 05:59:17,456 [IPC Server listener on 33937] INFO  ipc.Server (Server.java:run(1153)) - IPC Server listener on 33937: starting
2019-10-06 05:59:17,467 [main] INFO  server.StorageContainerManager (StorageContainerManager.java:start(780)) - ScmBlockLocationProtocol RPC server is listening at /0.0.0.0:42458
2019-10-06 05:59:17,467 [main] INFO  server.SCMBlockProtocolServer (SCMBlockProtocolServer.java:start(146)) - RPC server for Block Protocol is listening at /0.0.0.0:42458
2019-10-06 05:59:17,468 [IPC Server Responder] INFO  ipc.Server (Server.java:run(1314)) - IPC Server Responder: starting
2019-10-06 05:59:17,468 [IPC Server listener on 42458] INFO  ipc.Server (Server.java:run(1153)) - IPC Server listener on 42458: starting
2019-10-06 05:59:17,473 [main] INFO  server.StorageContainerManager (StorageContainerManager.java:start(784)) - ScmDatanodeProtocl RPC server is listening at /0.0.0.0:42941
2019-10-06 05:59:17,473 [main] INFO  server.SCMDatanodeProtocolServer (SCMDatanodeProtocolServer.java:start(169)) - RPC server for DataNodes is listening at /0.0.0.0:42941
2019-10-06 05:59:17,474 [IPC Server Responder] INFO  ipc.Server (Server.java:run(1314)) - IPC Server Responder: starting
2019-10-06 05:59:17,474 [IPC Server listener on 42941] INFO  ipc.Server (Server.java:run(1153)) - IPC Server listener on 42941: starting
2019-10-06 05:59:17,479 [main] INFO  http.HttpServer2 (HttpServer2.java:bindListener(1191)) - Jetty bound to port 33449
2019-10-06 05:59:17,479 [main] INFO  server.Server (Server.java:doStart(351)) - jetty-9.3.25.v20180904, build timestamp: 2018-09-04T21:11:46Z, git hash: 3ce520221d0240229c862b122d2b06c12a625732
2019-10-06 05:59:17,481 [main] INFO  handler.ContextHandler (ContextHandler.java:doStart(781)) - Started o.e.j.s.ServletContextHandler@4a216eb4{/logs,file:///workdir/hadoop-ozone/integration-test/target/log,AVAILABLE}
2019-10-06 05:59:17,482 [main] INFO  handler.ContextHandler (ContextHandler.java:doStart(781)) - Started o.e.j.s.ServletContextHandler@5ec88f9e{/static,file:///workdir/hadoop-ozone/integration-test/target/test-classes/webapps/static,AVAILABLE}
2019-10-06 05:59:17,487 [main] INFO  handler.ContextHandler (ContextHandler.java:doStart(781)) - Started o.e.j.w.WebAppContext@5b1c32e4{/,file:///workdir/hadoop-ozone/integration-test/target/test-classes/webapps/scm/,AVAILABLE}{/scm}
2019-10-06 05:59:17,488 [main] INFO  server.AbstractConnector (AbstractConnector.java:doStart(278)) - Started ServerConnector@2bab618{HTTP/1.1,[http/1.1]}{0.0.0.0:33449}
2019-10-06 05:59:17,490 [main] INFO  server.Server (Server.java:doStart(419)) - Started @225072ms
2019-10-06 05:59:17,490 [main] WARN  impl.MetricsSystemImpl (MetricsSystemImpl.java:register(276)) - Sink prometheus already exists!
2019-10-06 05:59:17,491 [main] INFO  server.BaseHttpServer (BaseHttpServer.java:updateConnectorAddress(215)) - HTTP server of SCM is listening at http://0.0.0.0:33449
2019-10-06 05:59:17,491 [main] WARN  server.ServerUtils (ServerUtils.java:getDBPath(222)) - ozone.om.db.dirs is not configured. We recommend adding this setting. Falling back to ozone.metadata.dirs instead.
2019-10-06 05:59:17,493 [org.apache.hadoop.util.JvmPauseMonitor$Monitor@1eca3ea7] INFO  util.JvmPauseMonitor (JvmPauseMonitor.java:run(188)) - Starting JVM pause monitor
2019-10-06 05:59:17,507 [main] INFO  ha.OMHANodeDetails (OMHANodeDetails.java:loadOMHAConfig(190)) - Configuration either no ozone.om.address set. Falling back to the default OM address /127.0.0.1:0
2019-10-06 05:59:17,507 [main] INFO  ha.OMHANodeDetails (OMHANodeDetails.java:getOMNodeDetails(220)) - OM Service ID is not set. Setting it to the default ID: omServiceIdDefault
2019-10-06 05:59:17,507 [main] WARN  server.ServerUtils (ServerUtils.java:getDBPath(222)) - ozone.om.db.dirs is not configured. We recommend adding this setting. Falling back to ozone.metadata.dirs instead.
2019-10-06 05:59:17,508 [main] WARN  server.ServerUtils (ServerUtils.java:getDBPath(222)) - ozone.om.db.dirs is not configured. We recommend adding this setting. Falling back to ozone.metadata.dirs instead.
2019-10-06 05:59:17,521 [main] WARN  server.ServerUtils (ServerUtils.java:getDBPath(222)) - ozone.om.db.dirs is not configured. We recommend adding this setting. Falling back to ozone.metadata.dirs instead.
2019-10-06 05:59:17,522 [main] INFO  db.DBStoreBuilder (DBStoreBuilder.java:addTable(117)) - using custom profile for table: userTable
2019-10-06 05:59:17,522 [main] INFO  db.DBStoreBuilder (DBStoreBuilder.java:processTables(168)) - Using default column profile:DBProfile.DISK for Table:userTable
2019-10-06 05:59:17,522 [main] INFO  db.DBStoreBuilder (DBStoreBuilder.java:addTable(117)) - using custom profile for table: volumeTable
2019-10-06 05:59:17,523 [main] INFO  db.DBStoreBuilder (DBStoreBuilder.java:processTables(168)) - Using default column profile:DBProfile.DISK for Table:volumeTable
2019-10-06 05:59:17,523 [main] INFO  db.DBStoreBuilder (DBStoreBuilder.java:addTable(117)) - using custom profile for table: bucketTable
2019-10-06 05:59:17,523 [main] INFO  db.DBStoreBuilder (DBStoreBuilder.java:processTables(168)) - Using default column profile:DBProfile.DISK for Table:bucketTable
2019-10-06 05:59:17,523 [main] INFO  db.DBStoreBuilder (DBStoreBuilder.java:addTable(117)) - using custom profile for table: keyTable
2019-10-06 05:59:17,524 [main] INFO  db.DBStoreBuilder (DBStoreBuilder.java:processTables(168)) - Using default column profile:DBProfile.DISK for Table:keyTable
2019-10-06 05:59:17,524 [main] INFO  db.DBStoreBuilder (DBStoreBuilder.java:addTable(117)) - using custom profile for table: deletedTable
2019-10-06 05:59:17,524 [main] INFO  db.DBStoreBuilder (DBStoreBuilder.java:processTables(168)) - Using default column profile:DBProfile.DISK for Table:deletedTable
2019-10-06 05:59:17,524 [main] INFO  db.DBStoreBuilder (DBStoreBuilder.java:addTable(117)) - using custom profile for table: openKeyTable
2019-10-06 05:59:17,524 [main] INFO  db.DBStoreBuilder (DBStoreBuilder.java:processTables(168)) - Using default column profile:DBProfile.DISK for Table:openKeyTable
2019-10-06 05:59:17,525 [main] INFO  db.DBStoreBuilder (DBStoreBuilder.java:addTable(117)) - using custom profile for table: s3Table
2019-10-06 05:59:17,525 [main] INFO  db.DBStoreBuilder (DBStoreBuilder.java:processTables(168)) - Using default column profile:DBProfile.DISK for Table:s3Table
2019-10-06 05:59:17,525 [main] INFO  db.DBStoreBuilder (DBStoreBuilder.java:addTable(117)) - using custom profile for table: multipartInfoTable
2019-10-06 05:59:17,525 [main] INFO  db.DBStoreBuilder (DBStoreBuilder.java:processTables(168)) - Using default column profile:DBProfile.DISK for Table:multipartInfoTable
2019-10-06 05:59:17,526 [main] INFO  db.DBStoreBuilder (DBStoreBuilder.java:addTable(117)) - using custom profile for table: dTokenTable
2019-10-06 05:59:17,526 [main] INFO  db.DBStoreBuilder (DBStoreBuilder.java:processTables(168)) - Using default column profile:DBProfile.DISK for Table:dTokenTable
2019-10-06 05:59:17,526 [main] INFO  db.DBStoreBuilder (DBStoreBuilder.java:addTable(117)) - using custom profile for table: s3SecretTable
2019-10-06 05:59:17,526 [main] INFO  db.DBStoreBuilder (DBStoreBuilder.java:processTables(168)) - Using default column profile:DBProfile.DISK for Table:s3SecretTable
2019-10-06 05:59:17,526 [main] INFO  db.DBStoreBuilder (DBStoreBuilder.java:addTable(117)) - using custom profile for table: prefixTable
2019-10-06 05:59:17,527 [main] INFO  db.DBStoreBuilder (DBStoreBuilder.java:processTables(168)) - Using default column profile:DBProfile.DISK for Table:prefixTable
2019-10-06 05:59:17,527 [main] INFO  db.DBStoreBuilder (DBStoreBuilder.java:addTable(117)) - using custom profile for table: default
2019-10-06 05:59:17,527 [main] INFO  db.DBStoreBuilder (DBStoreBuilder.java:processTables(174)) - Using default column profile:DBProfile.DISK for Table:default
2019-10-06 05:59:17,527 [main] INFO  db.DBStoreBuilder (DBStoreBuilder.java:getDbProfile(205)) - Using default options. DBProfile.DISK
2019-10-06 05:59:17,961 [main] INFO  ipc.CallQueueManager (CallQueueManager.java:<init>(84)) - Using callQueue: class java.util.concurrent.LinkedBlockingQueue, queueCapacity: 2000, scheduler: class org.apache.hadoop.ipc.DefaultRpcScheduler, ipcBackoff: false.
2019-10-06 05:59:17,962 [Socket Reader #1 for port 37176] INFO  ipc.Server (Server.java:run(1074)) - Starting Socket Reader #1 for port 37176
2019-10-06 05:59:17,977 [main] INFO  om.OzoneManager (OzoneManager.java:start(1069)) - OzoneManager RPC server is listening at localhost/127.0.0.1:37176
2019-10-06 05:59:17,978 [main] INFO  impl.MetricsSystemImpl (MetricsSystemImpl.java:init(158)) - OzoneManager metrics system started (again)
2019-10-06 05:59:17,982 [IPC Server listener on 37176] INFO  ipc.Server (Server.java:run(1153)) - IPC Server listener on 37176: starting
2019-10-06 05:59:17,983 [IPC Server Responder] INFO  ipc.Server (Server.java:run(1314)) - IPC Server Responder: starting
2019-10-06 05:59:17,989 [main] INFO  hdfs.DFSUtil (DFSUtil.java:httpServerTemplateForNNAndJN(1641)) - Starting Web-server for ozoneManager at: http://0.0.0.0:0
2019-10-06 05:59:17,990 [main] INFO  server.AuthenticationFilter (AuthenticationFilter.java:constructSecretProvider(240)) - Unable to initialize FileSignerSecretProvider, falling back to use random secrets.
2019-10-06 05:59:17,991 [main] WARN  http.HttpRequestLog (HttpRequestLog.java:getRequestLog(97)) - Jetty request log can only be enabled using Log4j
2019-10-06 05:59:17,992 [main] INFO  http.HttpServer2 (HttpServer2.java:addGlobalFilter(975)) - Added global filter 'safety' (class=org.apache.hadoop.http.HttpServer2$QuotingInputFilter)
2019-10-06 05:59:17,992 [main] INFO  http.HttpServer2 (HttpServer2.java:addFilter(948)) - Added filter static_user_filter (class=org.apache.hadoop.http.lib.StaticUserWebFilter$StaticUserFilter) to context ozoneManager
2019-10-06 05:59:17,993 [main] INFO  http.HttpServer2 (HttpServer2.java:addFilter(958)) - Added filter static_user_filter (class=org.apache.hadoop.http.lib.StaticUserWebFilter$StaticUserFilter) to context static
2019-10-06 05:59:17,993 [main] INFO  http.HttpServer2 (HttpServer2.java:addFilter(958)) - Added filter static_user_filter (class=org.apache.hadoop.http.lib.StaticUserWebFilter$StaticUserFilter) to context logs
2019-10-06 05:59:17,993 [main] INFO  http.HttpServer2 (HttpServer2.java:bindListener(1191)) - Jetty bound to port 41764
2019-10-06 05:59:17,994 [main] INFO  server.Server (Server.java:doStart(351)) - jetty-9.3.25.v20180904, build timestamp: 2018-09-04T21:11:46Z, git hash: 3ce520221d0240229c862b122d2b06c12a625732
2019-10-06 05:59:17,995 [main] INFO  handler.ContextHandler (ContextHandler.java:doStart(781)) - Started o.e.j.s.ServletContextHandler@6ddd1c51{/logs,file:///workdir/hadoop-ozone/integration-test/target/log,AVAILABLE}
2019-10-06 05:59:17,995 [main] INFO  handler.ContextHandler (ContextHandler.java:doStart(781)) - Started o.e.j.s.ServletContextHandler@15605d83{/static,file:///workdir/hadoop-ozone/integration-test/target/test-classes/webapps/static,AVAILABLE}
2019-10-06 05:59:17,999 [main] INFO  handler.ContextHandler (ContextHandler.java:doStart(781)) - Started o.e.j.w.WebAppContext@6d0e45a5{/,file:///workdir/hadoop-ozone/integration-test/target/test-classes/webapps/ozoneManager/,AVAILABLE}{/ozoneManager}
2019-10-06 05:59:17,999 [main] INFO  server.AbstractConnector (AbstractConnector.java:doStart(278)) - Started ServerConnector@7e7740a5{HTTP/1.1,[http/1.1]}{0.0.0.0:41764}
2019-10-06 05:59:18,002 [main] INFO  server.Server (Server.java:doStart(419)) - Started @225584ms
2019-10-06 05:59:18,002 [main] WARN  impl.MetricsSystemImpl (MetricsSystemImpl.java:register(276)) - Sink prometheus already exists!
2019-10-06 05:59:18,003 [main] INFO  server.BaseHttpServer (BaseHttpServer.java:updateConnectorAddress(215)) - HTTP server of OZONEMANAGER is listening at http://0.0.0.0:41764
2019-10-06 05:59:18,015 [main] INFO  impl.MetricsSystemImpl (MetricsSystemImpl.java:init(158)) - HddsDatanode metrics system started (again)
2019-10-06 05:59:18,033 [main] INFO  ozone.HddsDatanodeService (HddsDatanodeService.java:start(184)) - HddsDatanodeService host:trunk-nightly-20191006-mzxw6-951422410 ip:192.168.164.217
2019-10-06 05:59:18,042 [main] INFO  volume.HddsVolume (HddsVolume.java:<init>(176)) - Creating Volume: /workdir/hadoop-ozone/integration-test/target/test-dir/MiniOzoneClusterImpl-ffb3f97d-e333-4a69-b12a-19fbc7342164/datanode-0/data/containers/hdds of  storage type : DISK and capacity : 1482555576320
2019-10-06 05:59:18,043 [main] INFO  volume.VolumeSet (VolumeSet.java:initializeVolumeSet(170)) - Added Volume : /workdir/hadoop-ozone/integration-test/target/test-dir/MiniOzoneClusterImpl-ffb3f97d-e333-4a69-b12a-19fbc7342164/datanode-0/data/containers/hdds to VolumeSet
2019-10-06 05:59:18,043 [main] INFO  volume.ThrottledAsyncChecker (ThrottledAsyncChecker.java:schedule(139)) - Scheduling a check for org.apache.hadoop.ozone.container.common.volume.HddsVolume@6de7778f
2019-10-06 05:59:18,045 [main] INFO  volume.HddsVolumeChecker (HddsVolumeChecker.java:checkAllVolumes(202)) - Scheduled health check for volume org.apache.hadoop.ozone.container.common.volume.HddsVolume@6de7778f
2019-10-06 05:59:18,057 [main] INFO  impl.RaftServerProxy (ConfUtils.java:logGet(43)) - raft.rpc.type = GRPC (default)
2019-10-06 05:59:18,057 [main] INFO  grpc.GrpcFactory (GrpcFactory.java:checkPooledByteBufAllocatorUseCacheForAllThreads(45)) - PERFORMANCE WARNING: useCacheForAllThreads is true that may cause Netty to create a lot garbage objects and, as a result, trigger GC.
	It is recommended to disable useCacheForAllThreads by setting -Dorg.apache.ratis.thirdparty.io.netty.allocator.useCacheForAllThreads=false in command line.
2019-10-06 05:59:18,057 [main] INFO  grpc.GrpcConfigKeys$Server (ConfUtils.java:logGet(43)) - raft.grpc.server.port = 0 (default)
2019-10-06 05:59:18,057 [main] INFO  server.GrpcService (ConfUtils.java:logGet(43)) - raft.grpc.message.size.max = 33570816 (custom)
2019-10-06 05:59:18,058 [main] INFO  server.RaftServerConfigKeys (ConfUtils.java:logGet(43)) - raft.server.log.appender.buffer.byte-limit = 33554432 (custom)
2019-10-06 05:59:18,058 [main] INFO  server.GrpcService (ConfUtils.java:logGet(43)) - raft.grpc.flow.control.window = 1MB (=1048576) (default)
2019-10-06 05:59:18,058 [main] INFO  server.RaftServerConfigKeys (ConfUtils.java:logGet(43)) - raft.server.rpc.request.timeout = 3000ms (default)
2019-10-06 05:59:18,058 [main] INFO  server.RaftServerConfigKeys (ConfUtils.java:logGet(43)) - raft.server.storage.dir = [/workdir/hadoop-ozone/integration-test/target/test-dir/MiniOzoneClusterImpl-ffb3f97d-e333-4a69-b12a-19fbc7342164/datanode-0/data/ratis] (custom)
2019-10-06 05:59:18,060 [main] INFO  hdfs.DFSUtil (DFSUtil.java:httpServerTemplateForNNAndJN(1641)) - Starting Web-server for hddsDatanode at: http://0.0.0.0:0
2019-10-06 05:59:18,061 [main] INFO  server.AuthenticationFilter (AuthenticationFilter.java:constructSecretProvider(240)) - Unable to initialize FileSignerSecretProvider, falling back to use random secrets.
2019-10-06 05:59:18,061 [main] WARN  http.HttpRequestLog (HttpRequestLog.java:getRequestLog(97)) - Jetty request log can only be enabled using Log4j
2019-10-06 05:59:18,062 [main] INFO  http.HttpServer2 (HttpServer2.java:addGlobalFilter(975)) - Added global filter 'safety' (class=org.apache.hadoop.http.HttpServer2$QuotingInputFilter)
2019-10-06 05:59:18,063 [main] INFO  http.HttpServer2 (HttpServer2.java:addFilter(948)) - Added filter static_user_filter (class=org.apache.hadoop.http.lib.StaticUserWebFilter$StaticUserFilter) to context hddsDatanode
2019-10-06 05:59:18,063 [main] INFO  http.HttpServer2 (HttpServer2.java:addFilter(958)) - Added filter static_user_filter (class=org.apache.hadoop.http.lib.StaticUserWebFilter$StaticUserFilter) to context static
2019-10-06 05:59:18,063 [main] INFO  http.HttpServer2 (HttpServer2.java:addFilter(958)) - Added filter static_user_filter (class=org.apache.hadoop.http.lib.StaticUserWebFilter$StaticUserFilter) to context logs
2019-10-06 05:59:18,063 [main] INFO  http.HttpServer2 (HttpServer2.java:bindListener(1191)) - Jetty bound to port 35159
2019-10-06 05:59:18,064 [main] INFO  server.Server (Server.java:doStart(351)) - jetty-9.3.25.v20180904, build timestamp: 2018-09-04T21:11:46Z, git hash: 3ce520221d0240229c862b122d2b06c12a625732
2019-10-06 05:59:18,065 [main] INFO  handler.ContextHandler (ContextHandler.java:doStart(781)) - Started o.e.j.s.ServletContextHandler@3dfd6220{/logs,file:///workdir/hadoop-ozone/integration-test/target/log,AVAILABLE}
2019-10-06 05:59:18,065 [main] INFO  handler.ContextHandler (ContextHandler.java:doStart(781)) - Started o.e.j.s.ServletContextHandler@6de43bc1{/static,jar:file:/home/user/.m2/repository/org/apache/hadoop/hadoop-hdds-container-service/0.5.0-SNAPSHOT/hadoop-hdds-container-service-0.5.0-SNAPSHOT.jar!/webapps/static,AVAILABLE}
2019-10-06 05:59:18,094 [main] INFO  handler.ContextHandler (ContextHandler.java:doStart(781)) - Started o.e.j.w.WebAppContext@5a592c70{/,file:///tmp/jetty-0.0.0.0-35159-hddsDatanode-_-any-6695585747947580354.dir/webapp/,AVAILABLE}{/hddsDatanode}
2019-10-06 05:59:18,094 [main] INFO  server.AbstractConnector (AbstractConnector.java:doStart(278)) - Started ServerConnector@252ec02e{HTTP/1.1,[http/1.1]}{0.0.0.0:35159}
2019-10-06 05:59:18,097 [main] INFO  server.Server (Server.java:doStart(419)) - Started @225679ms
2019-10-06 05:59:18,097 [main] WARN  impl.MetricsSystemImpl (MetricsSystemImpl.java:register(276)) - Sink prometheus already exists!
2019-10-06 05:59:18,097 [main] INFO  server.BaseHttpServer (BaseHttpServer.java:updateConnectorAddress(215)) - HTTP server of HDDSDATANODE is listening at http://0.0.0.0:35159
2019-10-06 05:59:18,098 [main] INFO  impl.MetricsSystemImpl (MetricsSystemImpl.java:init(158)) - HddsDatanode metrics system started (again)
2019-10-06 05:59:18,113 [org.apache.hadoop.util.JvmPauseMonitor$Monitor@472341d8] INFO  util.JvmPauseMonitor (JvmPauseMonitor.java:run(188)) - Starting JVM pause monitor
2019-10-06 05:59:18,115 [main] INFO  ozone.HddsDatanodeService (HddsDatanodeService.java:start(184)) - HddsDatanodeService host:trunk-nightly-20191006-mzxw6-951422410 ip:192.168.164.217
2019-10-06 05:59:18,116 [Datanode State Machine Thread - 0] INFO  datanode.InitDatanodeState (InitDatanodeState.java:persistContainerDatanodeDetails(140)) - DatanodeDetails is persisted to /workdir/hadoop-ozone/integration-test/target/test-dir/MiniOzoneClusterImpl-ffb3f97d-e333-4a69-b12a-19fbc7342164/datanode-0/meta/datanode.id
2019-10-06 05:59:18,123 [main] INFO  volume.HddsVolume (HddsVolume.java:<init>(176)) - Creating Volume: /workdir/hadoop-ozone/integration-test/target/test-dir/MiniOzoneClusterImpl-ffb3f97d-e333-4a69-b12a-19fbc7342164/datanode-1/data/containers/hdds of  storage type : DISK and capacity : 1482555576320
2019-10-06 05:59:18,123 [main] INFO  volume.VolumeSet (VolumeSet.java:initializeVolumeSet(170)) - Added Volume : /workdir/hadoop-ozone/integration-test/target/test-dir/MiniOzoneClusterImpl-ffb3f97d-e333-4a69-b12a-19fbc7342164/datanode-1/data/containers/hdds to VolumeSet
2019-10-06 05:59:18,123 [main] INFO  volume.ThrottledAsyncChecker (ThrottledAsyncChecker.java:schedule(139)) - Scheduling a check for org.apache.hadoop.ozone.container.common.volume.HddsVolume@bbb6f0
2019-10-06 05:59:18,124 [main] INFO  volume.HddsVolumeChecker (HddsVolumeChecker.java:checkAllVolumes(202)) - Scheduled health check for volume org.apache.hadoop.ozone.container.common.volume.HddsVolume@bbb6f0
2019-10-06 05:59:18,138 [main] INFO  impl.RaftServerProxy (ConfUtils.java:logGet(43)) - raft.rpc.type = GRPC (default)
2019-10-06 05:59:18,138 [main] INFO  grpc.GrpcFactory (GrpcFactory.java:checkPooledByteBufAllocatorUseCacheForAllThreads(45)) - PERFORMANCE WARNING: useCacheForAllThreads is true that may cause Netty to create a lot garbage objects and, as a result, trigger GC.
	It is recommended to disable useCacheForAllThreads by setting -Dorg.apache.ratis.thirdparty.io.netty.allocator.useCacheForAllThreads=false in command line.
2019-10-06 05:59:18,139 [main] INFO  grpc.GrpcConfigKeys$Server (ConfUtils.java:logGet(43)) - raft.grpc.server.port = 0 (default)
2019-10-06 05:59:18,139 [main] INFO  server.GrpcService (ConfUtils.java:logGet(43)) - raft.grpc.message.size.max = 33570816 (custom)
2019-10-06 05:59:18,139 [main] INFO  server.RaftServerConfigKeys (ConfUtils.java:logGet(43)) - raft.server.log.appender.buffer.byte-limit = 33554432 (custom)
2019-10-06 05:59:18,139 [main] INFO  server.GrpcService (ConfUtils.java:logGet(43)) - raft.grpc.flow.control.window = 1MB (=1048576) (default)
2019-10-06 05:59:18,139 [main] INFO  server.RaftServerConfigKeys (ConfUtils.java:logGet(43)) - raft.server.rpc.request.timeout = 3000ms (default)
2019-10-06 05:59:18,140 [main] INFO  server.RaftServerConfigKeys (ConfUtils.java:logGet(43)) - raft.server.storage.dir = [/workdir/hadoop-ozone/integration-test/target/test-dir/MiniOzoneClusterImpl-ffb3f97d-e333-4a69-b12a-19fbc7342164/datanode-1/data/ratis] (custom)
2019-10-06 05:59:18,141 [main] INFO  hdfs.DFSUtil (DFSUtil.java:httpServerTemplateForNNAndJN(1641)) - Starting Web-server for hddsDatanode at: http://0.0.0.0:0
2019-10-06 05:59:18,142 [main] INFO  server.AuthenticationFilter (AuthenticationFilter.java:constructSecretProvider(240)) - Unable to initialize FileSignerSecretProvider, falling back to use random secrets.
2019-10-06 05:59:18,142 [main] WARN  http.HttpRequestLog (HttpRequestLog.java:getRequestLog(97)) - Jetty request log can only be enabled using Log4j
2019-10-06 05:59:18,143 [main] INFO  http.HttpServer2 (HttpServer2.java:addGlobalFilter(975)) - Added global filter 'safety' (class=org.apache.hadoop.http.HttpServer2$QuotingInputFilter)
2019-10-06 05:59:18,144 [main] INFO  http.HttpServer2 (HttpServer2.java:addFilter(948)) - Added filter static_user_filter (class=org.apache.hadoop.http.lib.StaticUserWebFilter$StaticUserFilter) to context hddsDatanode
2019-10-06 05:59:18,144 [main] INFO  http.HttpServer2 (HttpServer2.java:addFilter(958)) - Added filter static_user_filter (class=org.apache.hadoop.http.lib.StaticUserWebFilter$StaticUserFilter) to context logs
2019-10-06 05:59:18,144 [main] INFO  http.HttpServer2 (HttpServer2.java:addFilter(958)) - Added filter static_user_filter (class=org.apache.hadoop.http.lib.StaticUserWebFilter$StaticUserFilter) to context static
2019-10-06 05:59:18,145 [main] INFO  http.HttpServer2 (HttpServer2.java:bindListener(1191)) - Jetty bound to port 45418
2019-10-06 05:59:18,145 [main] INFO  server.Server (Server.java:doStart(351)) - jetty-9.3.25.v20180904, build timestamp: 2018-09-04T21:11:46Z, git hash: 3ce520221d0240229c862b122d2b06c12a625732
2019-10-06 05:59:18,146 [main] INFO  handler.ContextHandler (ContextHandler.java:doStart(781)) - Started o.e.j.s.ServletContextHandler@6314df3c{/logs,file:///workdir/hadoop-ozone/integration-test/target/log,AVAILABLE}
2019-10-06 05:59:18,147 [main] INFO  handler.ContextHandler (ContextHandler.java:doStart(781)) - Started o.e.j.s.ServletContextHandler@10b8b900{/static,jar:file:/home/user/.m2/repository/org/apache/hadoop/hadoop-hdds-container-service/0.5.0-SNAPSHOT/hadoop-hdds-container-service-0.5.0-SNAPSHOT.jar!/webapps/static,AVAILABLE}
2019-10-06 05:59:18,175 [main] INFO  handler.ContextHandler (ContextHandler.java:doStart(781)) - Started o.e.j.w.WebAppContext@476fde05{/,file:///tmp/jetty-0.0.0.0-45418-hddsDatanode-_-any-231641155811248966.dir/webapp/,AVAILABLE}{/hddsDatanode}
2019-10-06 05:59:18,175 [main] INFO  server.AbstractConnector (AbstractConnector.java:doStart(278)) - Started ServerConnector@5111de7c{HTTP/1.1,[http/1.1]}{0.0.0.0:45418}
2019-10-06 05:59:18,178 [main] INFO  server.Server (Server.java:doStart(419)) - Started @225760ms
2019-10-06 05:59:18,178 [main] WARN  impl.MetricsSystemImpl (MetricsSystemImpl.java:register(276)) - Sink prometheus already exists!
2019-10-06 05:59:18,179 [main] INFO  server.BaseHttpServer (BaseHttpServer.java:updateConnectorAddress(215)) - HTTP server of HDDSDATANODE is listening at http://0.0.0.0:45418
2019-10-06 05:59:18,179 [main] INFO  impl.MetricsSystemImpl (MetricsSystemImpl.java:init(158)) - HddsDatanode metrics system started (again)
2019-10-06 05:59:18,196 [org.apache.hadoop.util.JvmPauseMonitor$Monitor@45bfe843] INFO  util.JvmPauseMonitor (JvmPauseMonitor.java:run(188)) - Starting JVM pause monitor
2019-10-06 05:59:18,197 [Datanode State Machine Thread - 0] INFO  datanode.InitDatanodeState (InitDatanodeState.java:persistContainerDatanodeDetails(140)) - DatanodeDetails is persisted to /workdir/hadoop-ozone/integration-test/target/test-dir/MiniOzoneClusterImpl-ffb3f97d-e333-4a69-b12a-19fbc7342164/datanode-1/meta/datanode.id
2019-10-06 05:59:18,198 [main] INFO  ozone.HddsDatanodeService (HddsDatanodeService.java:start(184)) - HddsDatanodeService host:trunk-nightly-20191006-mzxw6-951422410 ip:192.168.164.217
2019-10-06 05:59:18,205 [main] INFO  volume.HddsVolume (HddsVolume.java:<init>(176)) - Creating Volume: /workdir/hadoop-ozone/integration-test/target/test-dir/MiniOzoneClusterImpl-ffb3f97d-e333-4a69-b12a-19fbc7342164/datanode-2/data/containers/hdds of  storage type : DISK and capacity : 1482555576320
2019-10-06 05:59:18,206 [main] INFO  volume.VolumeSet (VolumeSet.java:initializeVolumeSet(170)) - Added Volume : /workdir/hadoop-ozone/integration-test/target/test-dir/MiniOzoneClusterImpl-ffb3f97d-e333-4a69-b12a-19fbc7342164/datanode-2/data/containers/hdds to VolumeSet
2019-10-06 05:59:18,206 [main] INFO  volume.ThrottledAsyncChecker (ThrottledAsyncChecker.java:schedule(139)) - Scheduling a check for org.apache.hadoop.ozone.container.common.volume.HddsVolume@14f060b8
2019-10-06 05:59:18,206 [main] INFO  volume.HddsVolumeChecker (HddsVolumeChecker.java:checkAllVolumes(202)) - Scheduled health check for volume org.apache.hadoop.ozone.container.common.volume.HddsVolume@14f060b8
2019-10-06 05:59:18,219 [main] INFO  impl.RaftServerProxy (ConfUtils.java:logGet(43)) - raft.rpc.type = GRPC (default)
2019-10-06 05:59:18,220 [main] INFO  grpc.GrpcFactory (GrpcFactory.java:checkPooledByteBufAllocatorUseCacheForAllThreads(45)) - PERFORMANCE WARNING: useCacheForAllThreads is true that may cause Netty to create a lot garbage objects and, as a result, trigger GC.
	It is recommended to disable useCacheForAllThreads by setting -Dorg.apache.ratis.thirdparty.io.netty.allocator.useCacheForAllThreads=false in command line.
2019-10-06 05:59:18,220 [main] INFO  grpc.GrpcConfigKeys$Server (ConfUtils.java:logGet(43)) - raft.grpc.server.port = 0 (default)
2019-10-06 05:59:18,220 [main] INFO  server.GrpcService (ConfUtils.java:logGet(43)) - raft.grpc.message.size.max = 33570816 (custom)
2019-10-06 05:59:18,220 [main] INFO  server.RaftServerConfigKeys (ConfUtils.java:logGet(43)) - raft.server.log.appender.buffer.byte-limit = 33554432 (custom)
2019-10-06 05:59:18,220 [main] INFO  server.GrpcService (ConfUtils.java:logGet(43)) - raft.grpc.flow.control.window = 1MB (=1048576) (default)
2019-10-06 05:59:18,221 [main] INFO  server.RaftServerConfigKeys (ConfUtils.java:logGet(43)) - raft.server.rpc.request.timeout = 3000ms (default)
2019-10-06 05:59:18,221 [main] INFO  server.RaftServerConfigKeys (ConfUtils.java:logGet(43)) - raft.server.storage.dir = [/workdir/hadoop-ozone/integration-test/target/test-dir/MiniOzoneClusterImpl-ffb3f97d-e333-4a69-b12a-19fbc7342164/datanode-2/data/ratis] (custom)
2019-10-06 05:59:18,222 [main] INFO  hdfs.DFSUtil (DFSUtil.java:httpServerTemplateForNNAndJN(1641)) - Starting Web-server for hddsDatanode at: http://0.0.0.0:0
2019-10-06 05:59:18,223 [main] INFO  server.AuthenticationFilter (AuthenticationFilter.java:constructSecretProvider(240)) - Unable to initialize FileSignerSecretProvider, falling back to use random secrets.
2019-10-06 05:59:18,223 [main] WARN  http.HttpRequestLog (HttpRequestLog.java:getRequestLog(97)) - Jetty request log can only be enabled using Log4j
2019-10-06 05:59:18,225 [main] INFO  http.HttpServer2 (HttpServer2.java:addGlobalFilter(975)) - Added global filter 'safety' (class=org.apache.hadoop.http.HttpServer2$QuotingInputFilter)
2019-10-06 05:59:18,225 [main] INFO  http.HttpServer2 (HttpServer2.java:addFilter(948)) - Added filter static_user_filter (class=org.apache.hadoop.http.lib.StaticUserWebFilter$StaticUserFilter) to context hddsDatanode
2019-10-06 05:59:18,225 [main] INFO  http.HttpServer2 (HttpServer2.java:addFilter(958)) - Added filter static_user_filter (class=org.apache.hadoop.http.lib.StaticUserWebFilter$StaticUserFilter) to context logs
2019-10-06 05:59:18,225 [main] INFO  http.HttpServer2 (HttpServer2.java:addFilter(958)) - Added filter static_user_filter (class=org.apache.hadoop.http.lib.StaticUserWebFilter$StaticUserFilter) to context static
2019-10-06 05:59:18,226 [main] INFO  http.HttpServer2 (HttpServer2.java:bindListener(1191)) - Jetty bound to port 37497
2019-10-06 05:59:18,226 [main] INFO  server.Server (Server.java:doStart(351)) - jetty-9.3.25.v20180904, build timestamp: 2018-09-04T21:11:46Z, git hash: 3ce520221d0240229c862b122d2b06c12a625732
2019-10-06 05:59:18,227 [main] INFO  handler.ContextHandler (ContextHandler.java:doStart(781)) - Started o.e.j.s.ServletContextHandler@7e3d2ebd{/logs,file:///workdir/hadoop-ozone/integration-test/target/log,AVAILABLE}
2019-10-06 05:59:18,228 [main] INFO  handler.ContextHandler (ContextHandler.java:doStart(781)) - Started o.e.j.s.ServletContextHandler@3a4a5f3c{/static,jar:file:/home/user/.m2/repository/org/apache/hadoop/hadoop-hdds-container-service/0.5.0-SNAPSHOT/hadoop-hdds-container-service-0.5.0-SNAPSHOT.jar!/webapps/static,AVAILABLE}
2019-10-06 05:59:18,256 [main] INFO  handler.ContextHandler (ContextHandler.java:doStart(781)) - Started o.e.j.w.WebAppContext@353c6da1{/,file:///tmp/jetty-0.0.0.0-37497-hddsDatanode-_-any-8027781210095663991.dir/webapp/,AVAILABLE}{/hddsDatanode}
2019-10-06 05:59:18,256 [main] INFO  server.AbstractConnector (AbstractConnector.java:doStart(278)) - Started ServerConnector@36c07c75{HTTP/1.1,[http/1.1]}{0.0.0.0:37497}
2019-10-06 05:59:18,259 [main] INFO  server.Server (Server.java:doStart(419)) - Started @225841ms
2019-10-06 05:59:18,259 [main] WARN  impl.MetricsSystemImpl (MetricsSystemImpl.java:register(276)) - Sink prometheus already exists!
2019-10-06 05:59:18,260 [main] INFO  server.BaseHttpServer (BaseHttpServer.java:updateConnectorAddress(215)) - HTTP server of HDDSDATANODE is listening at http://0.0.0.0:37497
2019-10-06 05:59:18,260 [main] INFO  impl.MetricsSystemImpl (MetricsSystemImpl.java:init(158)) - HddsDatanode metrics system started (again)
2019-10-06 05:59:18,278 [org.apache.hadoop.util.JvmPauseMonitor$Monitor@46b35d67] INFO  util.JvmPauseMonitor (JvmPauseMonitor.java:run(188)) - Starting JVM pause monitor
2019-10-06 05:59:18,279 [Datanode State Machine Thread - 0] INFO  datanode.InitDatanodeState (InitDatanodeState.java:persistContainerDatanodeDetails(140)) - DatanodeDetails is persisted to /workdir/hadoop-ozone/integration-test/target/test-dir/MiniOzoneClusterImpl-ffb3f97d-e333-4a69-b12a-19fbc7342164/datanode-2/meta/datanode.id
2019-10-06 05:59:18,279 [main] INFO  ozone.HddsDatanodeService (HddsDatanodeService.java:start(184)) - HddsDatanodeService host:trunk-nightly-20191006-mzxw6-951422410 ip:192.168.164.217
2019-10-06 05:59:18,287 [main] INFO  volume.HddsVolume (HddsVolume.java:<init>(176)) - Creating Volume: /workdir/hadoop-ozone/integration-test/target/test-dir/MiniOzoneClusterImpl-ffb3f97d-e333-4a69-b12a-19fbc7342164/datanode-3/data/containers/hdds of  storage type : DISK and capacity : 1482555576320
2019-10-06 05:59:18,287 [main] INFO  volume.VolumeSet (VolumeSet.java:initializeVolumeSet(170)) - Added Volume : /workdir/hadoop-ozone/integration-test/target/test-dir/MiniOzoneClusterImpl-ffb3f97d-e333-4a69-b12a-19fbc7342164/datanode-3/data/containers/hdds to VolumeSet
2019-10-06 05:59:18,287 [main] INFO  volume.ThrottledAsyncChecker (ThrottledAsyncChecker.java:schedule(139)) - Scheduling a check for org.apache.hadoop.ozone.container.common.volume.HddsVolume@1785d194
2019-10-06 05:59:18,287 [main] INFO  volume.HddsVolumeChecker (HddsVolumeChecker.java:checkAllVolumes(202)) - Scheduled health check for volume org.apache.hadoop.ozone.container.common.volume.HddsVolume@1785d194
2019-10-06 05:59:18,300 [main] INFO  impl.RaftServerProxy (ConfUtils.java:logGet(43)) - raft.rpc.type = GRPC (default)
2019-10-06 05:59:18,300 [main] INFO  grpc.GrpcFactory (GrpcFactory.java:checkPooledByteBufAllocatorUseCacheForAllThreads(45)) - PERFORMANCE WARNING: useCacheForAllThreads is true that may cause Netty to create a lot garbage objects and, as a result, trigger GC.
	It is recommended to disable useCacheForAllThreads by setting -Dorg.apache.ratis.thirdparty.io.netty.allocator.useCacheForAllThreads=false in command line.
2019-10-06 05:59:18,300 [main] INFO  grpc.GrpcConfigKeys$Server (ConfUtils.java:logGet(43)) - raft.grpc.server.port = 0 (default)
2019-10-06 05:59:18,301 [main] INFO  server.GrpcService (ConfUtils.java:logGet(43)) - raft.grpc.message.size.max = 33570816 (custom)
2019-10-06 05:59:18,301 [main] INFO  server.RaftServerConfigKeys (ConfUtils.java:logGet(43)) - raft.server.log.appender.buffer.byte-limit = 33554432 (custom)
2019-10-06 05:59:18,301 [main] INFO  server.GrpcService (ConfUtils.java:logGet(43)) - raft.grpc.flow.control.window = 1MB (=1048576) (default)
2019-10-06 05:59:18,301 [main] INFO  server.RaftServerConfigKeys (ConfUtils.java:logGet(43)) - raft.server.rpc.request.timeout = 3000ms (default)
2019-10-06 05:59:18,301 [main] INFO  server.RaftServerConfigKeys (ConfUtils.java:logGet(43)) - raft.server.storage.dir = [/workdir/hadoop-ozone/integration-test/target/test-dir/MiniOzoneClusterImpl-ffb3f97d-e333-4a69-b12a-19fbc7342164/datanode-3/data/ratis] (custom)
2019-10-06 05:59:18,302 [main] INFO  hdfs.DFSUtil (DFSUtil.java:httpServerTemplateForNNAndJN(1641)) - Starting Web-server for hddsDatanode at: http://0.0.0.0:0
2019-10-06 05:59:18,304 [main] INFO  server.AuthenticationFilter (AuthenticationFilter.java:constructSecretProvider(240)) - Unable to initialize FileSignerSecretProvider, falling back to use random secrets.
2019-10-06 05:59:18,304 [main] WARN  http.HttpRequestLog (HttpRequestLog.java:getRequestLog(97)) - Jetty request log can only be enabled using Log4j
2019-10-06 05:59:18,305 [main] INFO  http.HttpServer2 (HttpServer2.java:addGlobalFilter(975)) - Added global filter 'safety' (class=org.apache.hadoop.http.HttpServer2$QuotingInputFilter)
2019-10-06 05:59:18,305 [main] INFO  http.HttpServer2 (HttpServer2.java:addFilter(948)) - Added filter static_user_filter (class=org.apache.hadoop.http.lib.StaticUserWebFilter$StaticUserFilter) to context hddsDatanode
2019-10-06 05:59:18,306 [main] INFO  http.HttpServer2 (HttpServer2.java:addFilter(958)) - Added filter static_user_filter (class=org.apache.hadoop.http.lib.StaticUserWebFilter$StaticUserFilter) to context logs
2019-10-06 05:59:18,306 [main] INFO  http.HttpServer2 (HttpServer2.java:addFilter(958)) - Added filter static_user_filter (class=org.apache.hadoop.http.lib.StaticUserWebFilter$StaticUserFilter) to context static
2019-10-06 05:59:18,306 [main] INFO  http.HttpServer2 (HttpServer2.java:bindListener(1191)) - Jetty bound to port 44705
2019-10-06 05:59:18,306 [main] INFO  server.Server (Server.java:doStart(351)) - jetty-9.3.25.v20180904, build timestamp: 2018-09-04T21:11:46Z, git hash: 3ce520221d0240229c862b122d2b06c12a625732
2019-10-06 05:59:18,308 [main] INFO  handler.ContextHandler (ContextHandler.java:doStart(781)) - Started o.e.j.s.ServletContextHandler@682e422c{/logs,file:///workdir/hadoop-ozone/integration-test/target/log,AVAILABLE}
2019-10-06 05:59:18,308 [main] INFO  handler.ContextHandler (ContextHandler.java:doStart(781)) - Started o.e.j.s.ServletContextHandler@2726a511{/static,jar:file:/home/user/.m2/repository/org/apache/hadoop/hadoop-hdds-container-service/0.5.0-SNAPSHOT/hadoop-hdds-container-service-0.5.0-SNAPSHOT.jar!/webapps/static,AVAILABLE}
2019-10-06 05:59:18,336 [main] INFO  handler.ContextHandler (ContextHandler.java:doStart(781)) - Started o.e.j.w.WebAppContext@34a6d9db{/,file:///tmp/jetty-0.0.0.0-44705-hddsDatanode-_-any-5459576074553252264.dir/webapp/,AVAILABLE}{/hddsDatanode}
2019-10-06 05:59:18,337 [main] INFO  server.AbstractConnector (AbstractConnector.java:doStart(278)) - Started ServerConnector@52ecc989{HTTP/1.1,[http/1.1]}{0.0.0.0:44705}
2019-10-06 05:59:18,340 [main] INFO  server.Server (Server.java:doStart(419)) - Started @225922ms
2019-10-06 05:59:18,340 [main] WARN  impl.MetricsSystemImpl (MetricsSystemImpl.java:register(276)) - Sink prometheus already exists!
2019-10-06 05:59:18,340 [main] INFO  server.BaseHttpServer (BaseHttpServer.java:updateConnectorAddress(215)) - HTTP server of HDDSDATANODE is listening at http://0.0.0.0:44705
2019-10-06 05:59:18,341 [main] INFO  impl.MetricsSystemImpl (MetricsSystemImpl.java:init(158)) - HddsDatanode metrics system started (again)
2019-10-06 05:59:18,359 [org.apache.hadoop.util.JvmPauseMonitor$Monitor@7fec4f7d] INFO  util.JvmPauseMonitor (JvmPauseMonitor.java:run(188)) - Starting JVM pause monitor
2019-10-06 05:59:18,361 [Datanode State Machine Thread - 0] INFO  datanode.InitDatanodeState (InitDatanodeState.java:persistContainerDatanodeDetails(140)) - DatanodeDetails is persisted to /workdir/hadoop-ozone/integration-test/target/test-dir/MiniOzoneClusterImpl-ffb3f97d-e333-4a69-b12a-19fbc7342164/datanode-3/meta/datanode.id
2019-10-06 05:59:18,361 [main] INFO  ozone.HddsDatanodeService (HddsDatanodeService.java:start(184)) - HddsDatanodeService host:trunk-nightly-20191006-mzxw6-951422410 ip:192.168.164.217
2019-10-06 05:59:18,369 [main] INFO  volume.HddsVolume (HddsVolume.java:<init>(176)) - Creating Volume: /workdir/hadoop-ozone/integration-test/target/test-dir/MiniOzoneClusterImpl-ffb3f97d-e333-4a69-b12a-19fbc7342164/datanode-4/data/containers/hdds of  storage type : DISK and capacity : 1482555576320
2019-10-06 05:59:18,369 [main] INFO  volume.VolumeSet (VolumeSet.java:initializeVolumeSet(170)) - Added Volume : /workdir/hadoop-ozone/integration-test/target/test-dir/MiniOzoneClusterImpl-ffb3f97d-e333-4a69-b12a-19fbc7342164/datanode-4/data/containers/hdds to VolumeSet
2019-10-06 05:59:18,369 [main] INFO  volume.ThrottledAsyncChecker (ThrottledAsyncChecker.java:schedule(139)) - Scheduling a check for org.apache.hadoop.ozone.container.common.volume.HddsVolume@78d73b1b
2019-10-06 05:59:18,369 [main] INFO  volume.HddsVolumeChecker (HddsVolumeChecker.java:checkAllVolumes(202)) - Scheduled health check for volume org.apache.hadoop.ozone.container.common.volume.HddsVolume@78d73b1b
2019-10-06 05:59:18,382 [main] INFO  impl.RaftServerProxy (ConfUtils.java:logGet(43)) - raft.rpc.type = GRPC (default)
2019-10-06 05:59:18,383 [main] INFO  grpc.GrpcFactory (GrpcFactory.java:checkPooledByteBufAllocatorUseCacheForAllThreads(45)) - PERFORMANCE WARNING: useCacheForAllThreads is true that may cause Netty to create a lot garbage objects and, as a result, trigger GC.
	It is recommended to disable useCacheForAllThreads by setting -Dorg.apache.ratis.thirdparty.io.netty.allocator.useCacheForAllThreads=false in command line.
2019-10-06 05:59:18,383 [main] INFO  grpc.GrpcConfigKeys$Server (ConfUtils.java:logGet(43)) - raft.grpc.server.port = 0 (default)
2019-10-06 05:59:18,383 [main] INFO  server.GrpcService (ConfUtils.java:logGet(43)) - raft.grpc.message.size.max = 33570816 (custom)
2019-10-06 05:59:18,383 [main] INFO  server.RaftServerConfigKeys (ConfUtils.java:logGet(43)) - raft.server.log.appender.buffer.byte-limit = 33554432 (custom)
2019-10-06 05:59:18,383 [main] INFO  server.GrpcService (ConfUtils.java:logGet(43)) - raft.grpc.flow.control.window = 1MB (=1048576) (default)
2019-10-06 05:59:18,383 [main] INFO  server.RaftServerConfigKeys (ConfUtils.java:logGet(43)) - raft.server.rpc.request.timeout = 3000ms (default)
2019-10-06 05:59:18,384 [main] INFO  server.RaftServerConfigKeys (ConfUtils.java:logGet(43)) - raft.server.storage.dir = [/workdir/hadoop-ozone/integration-test/target/test-dir/MiniOzoneClusterImpl-ffb3f97d-e333-4a69-b12a-19fbc7342164/datanode-4/data/ratis] (custom)
2019-10-06 05:59:18,385 [main] INFO  hdfs.DFSUtil (DFSUtil.java:httpServerTemplateForNNAndJN(1641)) - Starting Web-server for hddsDatanode at: http://0.0.0.0:0
2019-10-06 05:59:18,386 [main] INFO  server.AuthenticationFilter (AuthenticationFilter.java:constructSecretProvider(240)) - Unable to initialize FileSignerSecretProvider, falling back to use random secrets.
2019-10-06 05:59:18,386 [main] WARN  http.HttpRequestLog (HttpRequestLog.java:getRequestLog(97)) - Jetty request log can only be enabled using Log4j
2019-10-06 05:59:18,388 [main] INFO  http.HttpServer2 (HttpServer2.java:addGlobalFilter(975)) - Added global filter 'safety' (class=org.apache.hadoop.http.HttpServer2$QuotingInputFilter)
2019-10-06 05:59:18,388 [main] INFO  http.HttpServer2 (HttpServer2.java:addFilter(948)) - Added filter static_user_filter (class=org.apache.hadoop.http.lib.StaticUserWebFilter$StaticUserFilter) to context hddsDatanode
2019-10-06 05:59:18,388 [main] INFO  http.HttpServer2 (HttpServer2.java:addFilter(958)) - Added filter static_user_filter (class=org.apache.hadoop.http.lib.StaticUserWebFilter$StaticUserFilter) to context static
2019-10-06 05:59:18,388 [main] INFO  http.HttpServer2 (HttpServer2.java:addFilter(958)) - Added filter static_user_filter (class=org.apache.hadoop.http.lib.StaticUserWebFilter$StaticUserFilter) to context logs
2019-10-06 05:59:18,389 [main] INFO  http.HttpServer2 (HttpServer2.java:bindListener(1191)) - Jetty bound to port 46549
2019-10-06 05:59:18,389 [main] INFO  server.Server (Server.java:doStart(351)) - jetty-9.3.25.v20180904, build timestamp: 2018-09-04T21:11:46Z, git hash: 3ce520221d0240229c862b122d2b06c12a625732
2019-10-06 05:59:18,391 [main] INFO  handler.ContextHandler (ContextHandler.java:doStart(781)) - Started o.e.j.s.ServletContextHandler@6c4ce583{/logs,file:///workdir/hadoop-ozone/integration-test/target/log,AVAILABLE}
2019-10-06 05:59:18,391 [main] INFO  handler.ContextHandler (ContextHandler.java:doStart(781)) - Started o.e.j.s.ServletContextHandler@29bbc63c{/static,jar:file:/home/user/.m2/repository/org/apache/hadoop/hadoop-hdds-container-service/0.5.0-SNAPSHOT/hadoop-hdds-container-service-0.5.0-SNAPSHOT.jar!/webapps/static,AVAILABLE}
2019-10-06 05:59:18,426 [main] INFO  handler.ContextHandler (ContextHandler.java:doStart(781)) - Started o.e.j.w.WebAppContext@a91119b{/,file:///tmp/jetty-0.0.0.0-46549-hddsDatanode-_-any-2797804832883771413.dir/webapp/,AVAILABLE}{/hddsDatanode}
2019-10-06 05:59:18,426 [main] INFO  server.AbstractConnector (AbstractConnector.java:doStart(278)) - Started ServerConnector@77083e41{HTTP/1.1,[http/1.1]}{0.0.0.0:46549}
2019-10-06 05:59:18,429 [main] INFO  server.Server (Server.java:doStart(419)) - Started @226011ms
2019-10-06 05:59:18,429 [main] WARN  impl.MetricsSystemImpl (MetricsSystemImpl.java:register(276)) - Sink prometheus already exists!
2019-10-06 05:59:18,430 [main] INFO  server.BaseHttpServer (BaseHttpServer.java:updateConnectorAddress(215)) - HTTP server of HDDSDATANODE is listening at http://0.0.0.0:46549
2019-10-06 05:59:18,430 [main] INFO  impl.MetricsSystemImpl (MetricsSystemImpl.java:init(158)) - HddsDatanode metrics system started (again)
2019-10-06 05:59:18,449 [org.apache.hadoop.util.JvmPauseMonitor$Monitor@714bd658] INFO  util.JvmPauseMonitor (JvmPauseMonitor.java:run(188)) - Starting JVM pause monitor
2019-10-06 05:59:18,451 [main] INFO  ozone.HddsDatanodeService (HddsDatanodeService.java:start(184)) - HddsDatanodeService host:trunk-nightly-20191006-mzxw6-951422410 ip:192.168.164.217
2019-10-06 05:59:18,451 [Datanode State Machine Thread - 0] INFO  datanode.InitDatanodeState (InitDatanodeState.java:persistContainerDatanodeDetails(140)) - DatanodeDetails is persisted to /workdir/hadoop-ozone/integration-test/target/test-dir/MiniOzoneClusterImpl-ffb3f97d-e333-4a69-b12a-19fbc7342164/datanode-4/meta/datanode.id
2019-10-06 05:59:18,459 [main] INFO  volume.HddsVolume (HddsVolume.java:<init>(176)) - Creating Volume: /workdir/hadoop-ozone/integration-test/target/test-dir/MiniOzoneClusterImpl-ffb3f97d-e333-4a69-b12a-19fbc7342164/datanode-5/data/containers/hdds of  storage type : DISK and capacity : 1482555576320
2019-10-06 05:59:18,459 [main] INFO  volume.VolumeSet (VolumeSet.java:initializeVolumeSet(170)) - Added Volume : /workdir/hadoop-ozone/integration-test/target/test-dir/MiniOzoneClusterImpl-ffb3f97d-e333-4a69-b12a-19fbc7342164/datanode-5/data/containers/hdds to VolumeSet
2019-10-06 05:59:18,459 [main] INFO  volume.ThrottledAsyncChecker (ThrottledAsyncChecker.java:schedule(139)) - Scheduling a check for org.apache.hadoop.ozone.container.common.volume.HddsVolume@2484dbb7
2019-10-06 05:59:18,460 [main] INFO  volume.HddsVolumeChecker (HddsVolumeChecker.java:checkAllVolumes(202)) - Scheduled health check for volume org.apache.hadoop.ozone.container.common.volume.HddsVolume@2484dbb7
2019-10-06 05:59:18,473 [main] INFO  impl.RaftServerProxy (ConfUtils.java:logGet(43)) - raft.rpc.type = GRPC (default)
2019-10-06 05:59:18,473 [main] INFO  grpc.GrpcFactory (GrpcFactory.java:checkPooledByteBufAllocatorUseCacheForAllThreads(45)) - PERFORMANCE WARNING: useCacheForAllThreads is true that may cause Netty to create a lot garbage objects and, as a result, trigger GC.
	It is recommended to disable useCacheForAllThreads by setting -Dorg.apache.ratis.thirdparty.io.netty.allocator.useCacheForAllThreads=false in command line.
2019-10-06 05:59:18,473 [main] INFO  grpc.GrpcConfigKeys$Server (ConfUtils.java:logGet(43)) - raft.grpc.server.port = 0 (default)
2019-10-06 05:59:18,473 [main] INFO  server.GrpcService (ConfUtils.java:logGet(43)) - raft.grpc.message.size.max = 33570816 (custom)
2019-10-06 05:59:18,474 [main] INFO  server.RaftServerConfigKeys (ConfUtils.java:logGet(43)) - raft.server.log.appender.buffer.byte-limit = 33554432 (custom)
2019-10-06 05:59:18,474 [main] INFO  server.GrpcService (ConfUtils.java:logGet(43)) - raft.grpc.flow.control.window = 1MB (=1048576) (default)
2019-10-06 05:59:18,474 [main] INFO  server.RaftServerConfigKeys (ConfUtils.java:logGet(43)) - raft.server.rpc.request.timeout = 3000ms (default)
2019-10-06 05:59:18,474 [main] INFO  server.RaftServerConfigKeys (ConfUtils.java:logGet(43)) - raft.server.storage.dir = [/workdir/hadoop-ozone/integration-test/target/test-dir/MiniOzoneClusterImpl-ffb3f97d-e333-4a69-b12a-19fbc7342164/datanode-5/data/ratis] (custom)
2019-10-06 05:59:18,475 [main] INFO  hdfs.DFSUtil (DFSUtil.java:httpServerTemplateForNNAndJN(1641)) - Starting Web-server for hddsDatanode at: http://0.0.0.0:0
2019-10-06 05:59:18,477 [main] INFO  server.AuthenticationFilter (AuthenticationFilter.java:constructSecretProvider(240)) - Unable to initialize FileSignerSecretProvider, falling back to use random secrets.
2019-10-06 05:59:18,477 [main] WARN  http.HttpRequestLog (HttpRequestLog.java:getRequestLog(97)) - Jetty request log can only be enabled using Log4j
2019-10-06 05:59:18,478 [main] INFO  http.HttpServer2 (HttpServer2.java:addGlobalFilter(975)) - Added global filter 'safety' (class=org.apache.hadoop.http.HttpServer2$QuotingInputFilter)
2019-10-06 05:59:18,478 [main] INFO  http.HttpServer2 (HttpServer2.java:addFilter(948)) - Added filter static_user_filter (class=org.apache.hadoop.http.lib.StaticUserWebFilter$StaticUserFilter) to context hddsDatanode
2019-10-06 05:59:18,479 [main] INFO  http.HttpServer2 (HttpServer2.java:addFilter(958)) - Added filter static_user_filter (class=org.apache.hadoop.http.lib.StaticUserWebFilter$StaticUserFilter) to context static
2019-10-06 05:59:18,479 [main] INFO  http.HttpServer2 (HttpServer2.java:addFilter(958)) - Added filter static_user_filter (class=org.apache.hadoop.http.lib.StaticUserWebFilter$StaticUserFilter) to context logs
2019-10-06 05:59:18,479 [main] INFO  http.HttpServer2 (HttpServer2.java:bindListener(1191)) - Jetty bound to port 34368
2019-10-06 05:59:18,479 [main] INFO  server.Server (Server.java:doStart(351)) - jetty-9.3.25.v20180904, build timestamp: 2018-09-04T21:11:46Z, git hash: 3ce520221d0240229c862b122d2b06c12a625732
2019-10-06 05:59:18,481 [main] INFO  handler.ContextHandler (ContextHandler.java:doStart(781)) - Started o.e.j.s.ServletContextHandler@57cabdc3{/logs,file:///workdir/hadoop-ozone/integration-test/target/log,AVAILABLE}
2019-10-06 05:59:18,481 [main] INFO  handler.ContextHandler (ContextHandler.java:doStart(781)) - Started o.e.j.s.ServletContextHandler@129c4d19{/static,jar:file:/home/user/.m2/repository/org/apache/hadoop/hadoop-hdds-container-service/0.5.0-SNAPSHOT/hadoop-hdds-container-service-0.5.0-SNAPSHOT.jar!/webapps/static,AVAILABLE}
2019-10-06 05:59:18,507 [main] INFO  handler.ContextHandler (ContextHandler.java:doStart(781)) - Started o.e.j.w.WebAppContext@5e3db14{/,file:///tmp/jetty-0.0.0.0-34368-hddsDatanode-_-any-6674216803748002718.dir/webapp/,AVAILABLE}{/hddsDatanode}
2019-10-06 05:59:18,507 [main] INFO  server.AbstractConnector (AbstractConnector.java:doStart(278)) - Started ServerConnector@5fb54740{HTTP/1.1,[http/1.1]}{0.0.0.0:34368}
2019-10-06 05:59:18,511 [main] INFO  server.Server (Server.java:doStart(419)) - Started @226093ms
2019-10-06 05:59:18,511 [main] WARN  impl.MetricsSystemImpl (MetricsSystemImpl.java:register(276)) - Sink prometheus already exists!
2019-10-06 05:59:18,511 [main] INFO  server.BaseHttpServer (BaseHttpServer.java:updateConnectorAddress(215)) - HTTP server of HDDSDATANODE is listening at http://0.0.0.0:34368
2019-10-06 05:59:18,511 [main] INFO  impl.MetricsSystemImpl (MetricsSystemImpl.java:init(158)) - HddsDatanode metrics system started (again)
2019-10-06 05:59:18,531 [org.apache.hadoop.util.JvmPauseMonitor$Monitor@52548dec] INFO  util.JvmPauseMonitor (JvmPauseMonitor.java:run(188)) - Starting JVM pause monitor
2019-10-06 05:59:18,533 [main] INFO  ozone.HddsDatanodeService (HddsDatanodeService.java:start(184)) - HddsDatanodeService host:trunk-nightly-20191006-mzxw6-951422410 ip:192.168.164.217
2019-10-06 05:59:18,533 [Datanode State Machine Thread - 0] INFO  datanode.InitDatanodeState (InitDatanodeState.java:persistContainerDatanodeDetails(140)) - DatanodeDetails is persisted to /workdir/hadoop-ozone/integration-test/target/test-dir/MiniOzoneClusterImpl-ffb3f97d-e333-4a69-b12a-19fbc7342164/datanode-5/meta/datanode.id
2019-10-06 05:59:18,542 [main] INFO  volume.HddsVolume (HddsVolume.java:<init>(176)) - Creating Volume: /workdir/hadoop-ozone/integration-test/target/test-dir/MiniOzoneClusterImpl-ffb3f97d-e333-4a69-b12a-19fbc7342164/datanode-6/data/containers/hdds of  storage type : DISK and capacity : 1482555576320
2019-10-06 05:59:18,542 [main] INFO  volume.VolumeSet (VolumeSet.java:initializeVolumeSet(170)) - Added Volume : /workdir/hadoop-ozone/integration-test/target/test-dir/MiniOzoneClusterImpl-ffb3f97d-e333-4a69-b12a-19fbc7342164/datanode-6/data/containers/hdds to VolumeSet
2019-10-06 05:59:18,542 [main] INFO  volume.ThrottledAsyncChecker (ThrottledAsyncChecker.java:schedule(139)) - Scheduling a check for org.apache.hadoop.ozone.container.common.volume.HddsVolume@6aae0e6f
2019-10-06 05:59:18,543 [main] INFO  volume.HddsVolumeChecker (HddsVolumeChecker.java:checkAllVolumes(202)) - Scheduled health check for volume org.apache.hadoop.ozone.container.common.volume.HddsVolume@6aae0e6f
2019-10-06 05:59:18,566 [main] INFO  impl.RaftServerProxy (ConfUtils.java:logGet(43)) - raft.rpc.type = GRPC (default)
2019-10-06 05:59:18,566 [main] INFO  grpc.GrpcFactory (GrpcFactory.java:checkPooledByteBufAllocatorUseCacheForAllThreads(45)) - PERFORMANCE WARNING: useCacheForAllThreads is true that may cause Netty to create a lot garbage objects and, as a result, trigger GC.
	It is recommended to disable useCacheForAllThreads by setting -Dorg.apache.ratis.thirdparty.io.netty.allocator.useCacheForAllThreads=false in command line.
2019-10-06 05:59:18,567 [main] INFO  grpc.GrpcConfigKeys$Server (ConfUtils.java:logGet(43)) - raft.grpc.server.port = 0 (default)
2019-10-06 05:59:18,567 [main] INFO  server.GrpcService (ConfUtils.java:logGet(43)) - raft.grpc.message.size.max = 33570816 (custom)
2019-10-06 05:59:18,567 [main] INFO  server.RaftServerConfigKeys (ConfUtils.java:logGet(43)) - raft.server.log.appender.buffer.byte-limit = 33554432 (custom)
2019-10-06 05:59:18,567 [main] INFO  server.GrpcService (ConfUtils.java:logGet(43)) - raft.grpc.flow.control.window = 1MB (=1048576) (default)
2019-10-06 05:59:18,567 [main] INFO  server.RaftServerConfigKeys (ConfUtils.java:logGet(43)) - raft.server.rpc.request.timeout = 3000ms (default)
2019-10-06 05:59:18,567 [main] INFO  server.RaftServerConfigKeys (ConfUtils.java:logGet(43)) - raft.server.storage.dir = [/workdir/hadoop-ozone/integration-test/target/test-dir/MiniOzoneClusterImpl-ffb3f97d-e333-4a69-b12a-19fbc7342164/datanode-6/data/ratis] (custom)
2019-10-06 05:59:18,568 [main] INFO  hdfs.DFSUtil (DFSUtil.java:httpServerTemplateForNNAndJN(1641)) - Starting Web-server for hddsDatanode at: http://0.0.0.0:0
2019-10-06 05:59:18,569 [main] INFO  server.AuthenticationFilter (AuthenticationFilter.java:constructSecretProvider(240)) - Unable to initialize FileSignerSecretProvider, falling back to use random secrets.
2019-10-06 05:59:18,570 [main] WARN  http.HttpRequestLog (HttpRequestLog.java:getRequestLog(97)) - Jetty request log can only be enabled using Log4j
2019-10-06 05:59:18,571 [main] INFO  http.HttpServer2 (HttpServer2.java:addGlobalFilter(975)) - Added global filter 'safety' (class=org.apache.hadoop.http.HttpServer2$QuotingInputFilter)
2019-10-06 05:59:18,571 [main] INFO  http.HttpServer2 (HttpServer2.java:addFilter(948)) - Added filter static_user_filter (class=org.apache.hadoop.http.lib.StaticUserWebFilter$StaticUserFilter) to context hddsDatanode
2019-10-06 05:59:18,571 [main] INFO  http.HttpServer2 (HttpServer2.java:addFilter(958)) - Added filter static_user_filter (class=org.apache.hadoop.http.lib.StaticUserWebFilter$StaticUserFilter) to context logs
2019-10-06 05:59:18,571 [main] INFO  http.HttpServer2 (HttpServer2.java:addFilter(958)) - Added filter static_user_filter (class=org.apache.hadoop.http.lib.StaticUserWebFilter$StaticUserFilter) to context static
2019-10-06 05:59:18,572 [main] INFO  http.HttpServer2 (HttpServer2.java:bindListener(1191)) - Jetty bound to port 42931
2019-10-06 05:59:18,572 [main] INFO  server.Server (Server.java:doStart(351)) - jetty-9.3.25.v20180904, build timestamp: 2018-09-04T21:11:46Z, git hash: 3ce520221d0240229c862b122d2b06c12a625732
2019-10-06 05:59:18,573 [main] INFO  handler.ContextHandler (ContextHandler.java:doStart(781)) - Started o.e.j.s.ServletContextHandler@78c74647{/logs,file:///workdir/hadoop-ozone/integration-test/target/log,AVAILABLE}
2019-10-06 05:59:18,574 [main] INFO  handler.ContextHandler (ContextHandler.java:doStart(781)) - Started o.e.j.s.ServletContextHandler@5763a655{/static,jar:file:/home/user/.m2/repository/org/apache/hadoop/hadoop-hdds-container-service/0.5.0-SNAPSHOT/hadoop-hdds-container-service-0.5.0-SNAPSHOT.jar!/webapps/static,AVAILABLE}
2019-10-06 05:59:18,602 [main] INFO  handler.ContextHandler (ContextHandler.java:doStart(781)) - Started o.e.j.w.WebAppContext@21274afe{/,file:///tmp/jetty-0.0.0.0-42931-hddsDatanode-_-any-299459645450516034.dir/webapp/,AVAILABLE}{/hddsDatanode}
2019-10-06 05:59:18,602 [main] INFO  server.AbstractConnector (AbstractConnector.java:doStart(278)) - Started ServerConnector@76a362a4{HTTP/1.1,[http/1.1]}{0.0.0.0:42931}
2019-10-06 05:59:18,606 [main] INFO  server.Server (Server.java:doStart(419)) - Started @226188ms
2019-10-06 05:59:18,606 [main] WARN  impl.MetricsSystemImpl (MetricsSystemImpl.java:register(276)) - Sink prometheus already exists!
2019-10-06 05:59:18,607 [main] INFO  server.BaseHttpServer (BaseHttpServer.java:updateConnectorAddress(215)) - HTTP server of HDDSDATANODE is listening at http://0.0.0.0:42931
2019-10-06 05:59:18,607 [main] INFO  ozone.MiniOzoneClusterImpl (MiniOzoneClusterImpl.java:lambda$waitForClusterToBeReady$0(147)) - Waiting for cluster to be ready. Got 0 of 7 DN Heartbeats.
2019-10-06 05:59:18,609 [org.apache.hadoop.util.JvmPauseMonitor$Monitor@2b6ff955] INFO  util.JvmPauseMonitor (JvmPauseMonitor.java:run(188)) - Starting JVM pause monitor
2019-10-06 05:59:18,613 [Datanode State Machine Thread - 0] INFO  datanode.InitDatanodeState (InitDatanodeState.java:persistContainerDatanodeDetails(140)) - DatanodeDetails is persisted to /workdir/hadoop-ozone/integration-test/target/test-dir/MiniOzoneClusterImpl-ffb3f97d-e333-4a69-b12a-19fbc7342164/datanode-6/meta/datanode.id
2019-10-06 05:59:19,035 [grpc-default-executor-6] WARN  server.GrpcLogAppender (LogUtils.java:warn(134)) - 58960bb6-1791-4bb0-9c36-a998f9195181@group-CC1B921A8CA5->f92d2d06-16ca-476c-af7f-960d805fe056-AppendLogResponseHandler: Failed appendEntries: org.apache.ratis.thirdparty.io.grpc.StatusRuntimeException: UNAVAILABLE: io exception
2019-10-06 05:59:19,035 [grpc-default-executor-1] WARN  server.GrpcLogAppender (LogUtils.java:warn(134)) - 58960bb6-1791-4bb0-9c36-a998f9195181@group-CC1B921A8CA5->c2fbd6fe-546b-4c5d-8829-05959505a398-AppendLogResponseHandler: Failed appendEntries: org.apache.ratis.thirdparty.io.grpc.StatusRuntimeException: UNAVAILABLE: io exception
2019-10-06 05:59:19,036 [grpc-default-executor-6] INFO  impl.FollowerInfo (FollowerInfo.java:lambda$new$0(51)) - 58960bb6-1791-4bb0-9c36-a998f9195181@group-CC1B921A8CA5->f92d2d06-16ca-476c-af7f-960d805fe056: nextIndex: updateUnconditionally 0 -> 0
2019-10-06 05:59:19,036 [grpc-default-executor-1] INFO  impl.FollowerInfo (FollowerInfo.java:lambda$new$0(51)) - 58960bb6-1791-4bb0-9c36-a998f9195181@group-CC1B921A8CA5->c2fbd6fe-546b-4c5d-8829-05959505a398: nextIndex: updateUnconditionally 0 -> 0
2019-10-06 05:59:19,608 [main] INFO  ozone.MiniOzoneClusterImpl (MiniOzoneClusterImpl.java:lambda$waitForClusterToBeReady$0(147)) - Waiting for cluster to be ready. Got 0 of 7 DN Heartbeats.
2019-10-06 05:59:19,682 [Thread-2295] INFO  client.GrpcClientProtocolService (GrpcClientProtocolService.java:lambda$processClientRequest$0(278)) - Failed RaftClientRequest:client-17CE65E7B44D->58960bb6-1791-4bb0-9c36-a998f9195181@group-CC1B921A8CA5, cid=68, seq=0, Watch-MAJORITY_COMMITTED(108), Message:<EMPTY>, reply=RaftClientReply:client-17CE65E7B44D->58960bb6-1791-4bb0-9c36-a998f9195181@group-CC1B921A8CA5, cid=68, FAILED org.apache.ratis.protocol.NotReplicatedException: Request with call Id 68 and log index 108 is not yet replicated to MAJORITY_COMMITTED, logIndex=108, commits[58960bb6-1791-4bb0-9c36-a998f9195181:c2, c2fbd6fe-546b-4c5d-8829-05959505a398:c2, f92d2d06-16ca-476c-af7f-960d805fe056:c2]
2019-10-06 05:59:19,682 [Thread-2296] INFO  client.GrpcClientProtocolService (GrpcClientProtocolService.java:lambda$processClientRequest$0(278)) - Failed RaftClientRequest:client-17CE65E7B44D->58960bb6-1791-4bb0-9c36-a998f9195181@group-CC1B921A8CA5, cid=67, seq=0, Watch-ALL_COMMITTED(108), Message:<EMPTY>, reply=RaftClientReply:client-17CE65E7B44D->58960bb6-1791-4bb0-9c36-a998f9195181@group-CC1B921A8CA5, cid=67, FAILED org.apache.ratis.protocol.NotReplicatedException: Request with call Id 67 and log index 108 is not yet replicated to ALL_COMMITTED, logIndex=108, commits[58960bb6-1791-4bb0-9c36-a998f9195181:c2, c2fbd6fe-546b-4c5d-8829-05959505a398:c2, f92d2d06-16ca-476c-af7f-960d805fe056:c2]
2019-10-06 05:59:20,162 [Datanode State Machine Thread - 0] INFO  ozoneimpl.OzoneContainer (OzoneContainer.java:start(217)) - Attempting to start container services.
2019-10-06 05:59:20,162 [Datanode State Machine Thread - 0] INFO  ozoneimpl.OzoneContainer (OzoneContainer.java:startContainerScrub(179)) - Background container scanner has been disabled.
2019-10-06 05:59:20,163 [Datanode State Machine Thread - 0] INFO  ratis.XceiverServerRatis (XceiverServerRatis.java:start(417)) - Starting XceiverServerRatis e89dc92b-54a0-4ec0-9610-04001e22a467 at port 0
2019-10-06 05:59:20,169 [Datanode State Machine Thread - 0] INFO  impl.RaftServerProxy (RaftServerProxy.java:lambda$start$3(299)) - e89dc92b-54a0-4ec0-9610-04001e22a467: start RPC server
2019-10-06 05:59:20,170 [Datanode State Machine Thread - 0] INFO  server.GrpcService (GrpcService.java:startImpl(158)) - e89dc92b-54a0-4ec0-9610-04001e22a467: GrpcService started, listening on 0.0.0.0/0.0.0.0:41470
2019-10-06 05:59:20,170 [Datanode State Machine Thread - 0] INFO  ratis.XceiverServerRatis (XceiverServerRatis.java:start(427)) - XceiverServerRatis e89dc92b-54a0-4ec0-9610-04001e22a467 is started using port 41470
2019-10-06 05:59:20,170 [Datanode State Machine Thread - 0] INFO  server.XceiverServerGrpc (XceiverServerGrpc.java:start(149)) - XceiverServerGrpc e89dc92b-54a0-4ec0-9610-04001e22a467 is started using port 38526
2019-10-06 05:59:20,211 [Datanode State Machine Thread - 0] INFO  ozoneimpl.OzoneContainer (OzoneContainer.java:start(217)) - Attempting to start container services.
2019-10-06 05:59:20,212 [Datanode State Machine Thread - 0] INFO  ozoneimpl.OzoneContainer (OzoneContainer.java:startContainerScrub(179)) - Background container scanner has been disabled.
2019-10-06 05:59:20,212 [Datanode State Machine Thread - 0] INFO  ratis.XceiverServerRatis (XceiverServerRatis.java:start(417)) - Starting XceiverServerRatis 14f26cba-7472-4fda-959b-ca0322e7817b at port 0
2019-10-06 05:59:20,216 [Datanode State Machine Thread - 0] INFO  impl.RaftServerProxy (RaftServerProxy.java:lambda$start$3(299)) - 14f26cba-7472-4fda-959b-ca0322e7817b: start RPC server
2019-10-06 05:59:20,218 [Datanode State Machine Thread - 0] INFO  server.GrpcService (GrpcService.java:startImpl(158)) - 14f26cba-7472-4fda-959b-ca0322e7817b: GrpcService started, listening on 0.0.0.0/0.0.0.0:35801
2019-10-06 05:59:20,219 [Datanode State Machine Thread - 0] INFO  ratis.XceiverServerRatis (XceiverServerRatis.java:start(427)) - XceiverServerRatis 14f26cba-7472-4fda-959b-ca0322e7817b is started using port 35801
2019-10-06 05:59:20,227 [Datanode State Machine Thread - 0] INFO  server.XceiverServerGrpc (XceiverServerGrpc.java:start(149)) - XceiverServerGrpc 14f26cba-7472-4fda-959b-ca0322e7817b is started using port 41655
2019-10-06 05:59:20,293 [Datanode State Machine Thread - 0] INFO  ozoneimpl.OzoneContainer (OzoneContainer.java:start(217)) - Attempting to start container services.
2019-10-06 05:59:20,293 [Datanode State Machine Thread - 0] INFO  ozoneimpl.OzoneContainer (OzoneContainer.java:startContainerScrub(179)) - Background container scanner has been disabled.
2019-10-06 05:59:20,293 [Datanode State Machine Thread - 0] INFO  ratis.XceiverServerRatis (XceiverServerRatis.java:start(417)) - Starting XceiverServerRatis abc6fc2d-41b0-4520-9617-20c39a7e0ca7 at port 0
2019-10-06 05:59:20,297 [Datanode State Machine Thread - 0] INFO  impl.RaftServerProxy (RaftServerProxy.java:lambda$start$3(299)) - abc6fc2d-41b0-4520-9617-20c39a7e0ca7: start RPC server
2019-10-06 05:59:20,298 [Datanode State Machine Thread - 0] INFO  server.GrpcService (GrpcService.java:startImpl(158)) - abc6fc2d-41b0-4520-9617-20c39a7e0ca7: GrpcService started, listening on 0.0.0.0/0.0.0.0:46425
2019-10-06 05:59:20,298 [Datanode State Machine Thread - 0] INFO  ratis.XceiverServerRatis (XceiverServerRatis.java:start(427)) - XceiverServerRatis abc6fc2d-41b0-4520-9617-20c39a7e0ca7 is started using port 46425
2019-10-06 05:59:20,298 [Datanode State Machine Thread - 0] INFO  server.XceiverServerGrpc (XceiverServerGrpc.java:start(149)) - XceiverServerGrpc abc6fc2d-41b0-4520-9617-20c39a7e0ca7 is started using port 45329
2019-10-06 05:59:20,373 [Datanode State Machine Thread - 0] INFO  ozoneimpl.OzoneContainer (OzoneContainer.java:start(217)) - Attempting to start container services.
2019-10-06 05:59:20,374 [Datanode State Machine Thread - 0] INFO  ozoneimpl.OzoneContainer (OzoneContainer.java:startContainerScrub(179)) - Background container scanner has been disabled.
2019-10-06 05:59:20,374 [Datanode State Machine Thread - 0] INFO  ratis.XceiverServerRatis (XceiverServerRatis.java:start(417)) - Starting XceiverServerRatis 99b8f8e6-ad60-4026-8951-ac8842382515 at port 0
2019-10-06 05:59:20,380 [Datanode State Machine Thread - 0] INFO  impl.RaftServerProxy (RaftServerProxy.java:lambda$start$3(299)) - 99b8f8e6-ad60-4026-8951-ac8842382515: start RPC server
2019-10-06 05:59:20,381 [Datanode State Machine Thread - 0] INFO  server.GrpcService (GrpcService.java:startImpl(158)) - 99b8f8e6-ad60-4026-8951-ac8842382515: GrpcService started, listening on 0.0.0.0/0.0.0.0:44770
2019-10-06 05:59:20,381 [Datanode State Machine Thread - 0] INFO  ratis.XceiverServerRatis (XceiverServerRatis.java:start(427)) - XceiverServerRatis 99b8f8e6-ad60-4026-8951-ac8842382515 is started using port 44770
2019-10-06 05:59:20,382 [Datanode State Machine Thread - 0] INFO  server.XceiverServerGrpc (XceiverServerGrpc.java:start(149)) - XceiverServerGrpc 99b8f8e6-ad60-4026-8951-ac8842382515 is started using port 35436
2019-10-06 05:59:20,465 [Datanode State Machine Thread - 0] INFO  ozoneimpl.OzoneContainer (OzoneContainer.java:start(217)) - Attempting to start container services.
2019-10-06 05:59:20,465 [Datanode State Machine Thread - 0] INFO  ozoneimpl.OzoneContainer (OzoneContainer.java:startContainerScrub(179)) - Background container scanner has been disabled.
2019-10-06 05:59:20,465 [Datanode State Machine Thread - 0] INFO  ratis.XceiverServerRatis (XceiverServerRatis.java:start(417)) - Starting XceiverServerRatis aa92a106-0c47-45bf-a1dd-99d47ca5d92d at port 0
2019-10-06 05:59:20,471 [Datanode State Machine Thread - 0] INFO  impl.RaftServerProxy (RaftServerProxy.java:lambda$start$3(299)) - aa92a106-0c47-45bf-a1dd-99d47ca5d92d: start RPC server
2019-10-06 05:59:20,472 [Datanode State Machine Thread - 0] INFO  server.GrpcService (GrpcService.java:startImpl(158)) - aa92a106-0c47-45bf-a1dd-99d47ca5d92d: GrpcService started, listening on 0.0.0.0/0.0.0.0:38679
2019-10-06 05:59:20,472 [Datanode State Machine Thread - 0] INFO  ratis.XceiverServerRatis (XceiverServerRatis.java:start(427)) - XceiverServerRatis aa92a106-0c47-45bf-a1dd-99d47ca5d92d is started using port 38679
2019-10-06 05:59:20,472 [Datanode State Machine Thread - 0] INFO  server.XceiverServerGrpc (XceiverServerGrpc.java:start(149)) - XceiverServerGrpc aa92a106-0c47-45bf-a1dd-99d47ca5d92d is started using port 34011
2019-10-06 05:59:20,545 [Datanode State Machine Thread - 0] INFO  ozoneimpl.OzoneContainer (OzoneContainer.java:start(217)) - Attempting to start container services.
2019-10-06 05:59:20,545 [Datanode State Machine Thread - 0] INFO  ozoneimpl.OzoneContainer (OzoneContainer.java:startContainerScrub(179)) - Background container scanner has been disabled.
2019-10-06 05:59:20,545 [Datanode State Machine Thread - 0] INFO  ratis.XceiverServerRatis (XceiverServerRatis.java:start(417)) - Starting XceiverServerRatis 705adbea-0084-48de-adcb-5cab9b4c0df3 at port 0
2019-10-06 05:59:20,552 [Datanode State Machine Thread - 0] INFO  impl.RaftServerProxy (RaftServerProxy.java:lambda$start$3(299)) - 705adbea-0084-48de-adcb-5cab9b4c0df3: start RPC server
2019-10-06 05:59:20,559 [Datanode State Machine Thread - 0] INFO  server.GrpcService (GrpcService.java:startImpl(158)) - 705adbea-0084-48de-adcb-5cab9b4c0df3: GrpcService started, listening on 0.0.0.0/0.0.0.0:36886
2019-10-06 05:59:20,559 [Datanode State Machine Thread - 0] INFO  ratis.XceiverServerRatis (XceiverServerRatis.java:start(427)) - XceiverServerRatis 705adbea-0084-48de-adcb-5cab9b4c0df3 is started using port 36886
2019-10-06 05:59:20,559 [Datanode State Machine Thread - 0] INFO  server.XceiverServerGrpc (XceiverServerGrpc.java:start(149)) - XceiverServerGrpc 705adbea-0084-48de-adcb-5cab9b4c0df3 is started using port 35122
2019-10-06 05:59:20,608 [main] INFO  ozone.MiniOzoneClusterImpl (MiniOzoneClusterImpl.java:lambda$waitForClusterToBeReady$0(147)) - Waiting for cluster to be ready. Got 0 of 7 DN Heartbeats.
2019-10-06 05:59:20,623 [Datanode State Machine Thread - 0] INFO  ozoneimpl.OzoneContainer (OzoneContainer.java:start(217)) - Attempting to start container services.
2019-10-06 05:59:20,623 [Datanode State Machine Thread - 0] INFO  ozoneimpl.OzoneContainer (OzoneContainer.java:startContainerScrub(179)) - Background container scanner has been disabled.
2019-10-06 05:59:20,623 [Datanode State Machine Thread - 0] INFO  ratis.XceiverServerRatis (XceiverServerRatis.java:start(417)) - Starting XceiverServerRatis 508923bd-d53d-4d82-ad05-e0d71d3ae4fa at port 0
2019-10-06 05:59:20,630 [Datanode State Machine Thread - 0] INFO  impl.RaftServerProxy (RaftServerProxy.java:lambda$start$3(299)) - 508923bd-d53d-4d82-ad05-e0d71d3ae4fa: start RPC server
2019-10-06 05:59:20,631 [Datanode State Machine Thread - 0] INFO  server.GrpcService (GrpcService.java:startImpl(158)) - 508923bd-d53d-4d82-ad05-e0d71d3ae4fa: GrpcService started, listening on 0.0.0.0/0.0.0.0:40067
2019-10-06 05:59:20,631 [Datanode State Machine Thread - 0] INFO  ratis.XceiverServerRatis (XceiverServerRatis.java:start(427)) - XceiverServerRatis 508923bd-d53d-4d82-ad05-e0d71d3ae4fa is started using port 40067
2019-10-06 05:59:20,632 [Datanode State Machine Thread - 0] INFO  server.XceiverServerGrpc (XceiverServerGrpc.java:start(149)) - XceiverServerGrpc 508923bd-d53d-4d82-ad05-e0d71d3ae4fa is started using port 32779
2019-10-06 05:59:21,535 [grpc-default-executor-6] WARN  server.GrpcLogAppender (LogUtils.java:warn(134)) - 58960bb6-1791-4bb0-9c36-a998f9195181@group-CC1B921A8CA5->c2fbd6fe-546b-4c5d-8829-05959505a398-AppendLogResponseHandler: Failed appendEntries: org.apache.ratis.thirdparty.io.grpc.StatusRuntimeException: UNAVAILABLE: io exception
2019-10-06 05:59:21,535 [grpc-default-executor-7] WARN  server.GrpcLogAppender (LogUtils.java:warn(134)) - 58960bb6-1791-4bb0-9c36-a998f9195181@group-CC1B921A8CA5->f92d2d06-16ca-476c-af7f-960d805fe056-AppendLogResponseHandler: Failed appendEntries: org.apache.ratis.thirdparty.io.grpc.StatusRuntimeException: UNAVAILABLE: io exception
2019-10-06 05:59:21,535 [grpc-default-executor-6] INFO  impl.FollowerInfo (FollowerInfo.java:lambda$new$0(51)) - 58960bb6-1791-4bb0-9c36-a998f9195181@group-CC1B921A8CA5->c2fbd6fe-546b-4c5d-8829-05959505a398: nextIndex: updateUnconditionally 0 -> 0
2019-10-06 05:59:21,535 [grpc-default-executor-7] INFO  impl.FollowerInfo (FollowerInfo.java:lambda$new$0(51)) - 58960bb6-1791-4bb0-9c36-a998f9195181@group-CC1B921A8CA5->f92d2d06-16ca-476c-af7f-960d805fe056: nextIndex: updateUnconditionally 0 -> 0
2019-10-06 05:59:21,608 [main] INFO  ozone.MiniOzoneClusterImpl (MiniOzoneClusterImpl.java:lambda$waitForClusterToBeReady$0(147)) - Waiting for cluster to be ready. Got 0 of 7 DN Heartbeats.
2019-10-06 05:59:22,120 [IPC Server handler 3 on 42941] INFO  net.NetworkTopology (NetworkTopologyImpl.java:add(111)) - Added a new node: /default-rack/e89dc92b-54a0-4ec0-9610-04001e22a467
2019-10-06 05:59:22,123 [IPC Server handler 3 on 42941] INFO  node.SCMNodeManager (SCMNodeManager.java:register(268)) - Registered Data node : e89dc92b-54a0-4ec0-9610-04001e22a467{ip: 192.168.164.217, host: trunk-nightly-20191006-mzxw6-951422410, networkLocation: /default-rack, certSerialId: null}
2019-10-06 05:59:22,124 [EventQueue-NodeRegistrationContainerReportForDataNodeSafeModeRule] INFO  safemode.SCMSafeModeManager (DataNodeSafeModeRule.java:process(71)) - SCM in safe mode. 1 DataNodes registered, 1 required.
2019-10-06 05:59:22,129 [EventQueue-NodeRegistrationContainerReportForDataNodeSafeModeRule] INFO  safemode.SCMSafeModeManager (SCMSafeModeManager.java:validateSafeModeExitRules(177)) - ScmSafeModeManager, all rules are successfully validated
2019-10-06 05:59:22,129 [EventQueue-NodeRegistrationContainerReportForDataNodeSafeModeRule] INFO  safemode.SCMSafeModeManager (SCMSafeModeManager.java:exitSafeMode(193)) - SCM exiting safe mode.
2019-10-06 05:59:22,139 [grpc-default-executor-7] INFO  impl.RaftServerProxy (RaftServerProxy.java:addNew(89)) - e89dc92b-54a0-4ec0-9610-04001e22a467: addNew group-A737D54BD720:[e89dc92b-54a0-4ec0-9610-04001e22a467:192.168.164.217:41470] returns group-A737D54BD720:java.util.concurrent.CompletableFuture@757d16b1[Not completed]
2019-10-06 05:59:22,141 [pool-383-thread-1] INFO  impl.RaftServerImpl (RaftServerImpl.java:<init>(95)) - e89dc92b-54a0-4ec0-9610-04001e22a467: new RaftServerImpl for group-A737D54BD720:[e89dc92b-54a0-4ec0-9610-04001e22a467:192.168.164.217:41470] with ContainerStateMachine:uninitialized
2019-10-06 05:59:22,141 [pool-383-thread-1] INFO  server.RaftServerConfigKeys (ConfUtils.java:logGet(43)) - raft.server.rpc.timeout.min = 5s (custom)
2019-10-06 05:59:22,141 [pool-383-thread-1] INFO  server.RaftServerConfigKeys (ConfUtils.java:logGet(43)) - raft.server.rpc.timeout.max = 5200ms (custom)
2019-10-06 05:59:22,141 [pool-383-thread-1] INFO  server.RaftServerConfigKeys (ConfUtils.java:logGet(43)) - raft.server.rpcslowness.timeout = 120s (custom)
2019-10-06 05:59:22,141 [pool-383-thread-1] INFO  server.RaftServerConfigKeys (ConfUtils.java:logGet(43)) - raft.server.sleep.deviation.threshold = 300 (default)
2019-10-06 05:59:22,141 [pool-383-thread-1] INFO  server.RaftServerConfigKeys (ConfUtils.java:logGet(43)) - raft.server.log.appender.install.snapshot.enabled = false (custom)
2019-10-06 05:59:22,142 [pool-383-thread-1] INFO  impl.RaftServerImpl (ServerState.java:<init>(103)) - e89dc92b-54a0-4ec0-9610-04001e22a467@group-A737D54BD720: ConfigurationManager, init=-1: [e89dc92b-54a0-4ec0-9610-04001e22a467:192.168.164.217:41470], old=null, confs=<EMPTY_MAP>
2019-10-06 05:59:22,142 [pool-383-thread-1] INFO  server.RaftServerConfigKeys (ConfUtils.java:logGet(43)) - raft.server.storage.dir = [/workdir/hadoop-ozone/integration-test/target/test-dir/MiniOzoneClusterImpl-ffb3f97d-e333-4a69-b12a-19fbc7342164/datanode-0/data/ratis] (custom)
2019-10-06 05:59:22,142 [pool-383-thread-1] INFO  server.RaftServerConfigKeys (ConfUtils.java:logGet(43)) - raft.server.log.corruption.policy = EXCEPTION (default)
2019-10-06 05:59:22,142 [pool-383-thread-1] INFO  storage.RaftStorageDirectory (RaftStorageDirectory.java:analyzeStorage(246)) - The storage directory /workdir/hadoop-ozone/integration-test/target/test-dir/MiniOzoneClusterImpl-ffb3f97d-e333-4a69-b12a-19fbc7342164/datanode-0/data/ratis/ae8ffb74-10f5-4d0a-98e9-a737d54bd720 does not exist. Creating ...
2019-10-06 05:59:22,156 [pool-383-thread-1] INFO  storage.RaftStorageDirectory (RaftStorageDirectory.java:tryLock(328)) - Lock on /workdir/hadoop-ozone/integration-test/target/test-dir/MiniOzoneClusterImpl-ffb3f97d-e333-4a69-b12a-19fbc7342164/datanode-0/data/ratis/ae8ffb74-10f5-4d0a-98e9-a737d54bd720/in_use.lock acquired by nodename 10974@trunk-nightly-20191006-mzxw6-951422410
2019-10-06 05:59:22,168 [pool-383-thread-1] INFO  storage.RaftStorage (RaftStorage.java:format(84)) - Storage directory /workdir/hadoop-ozone/integration-test/target/test-dir/MiniOzoneClusterImpl-ffb3f97d-e333-4a69-b12a-19fbc7342164/datanode-0/data/ratis/ae8ffb74-10f5-4d0a-98e9-a737d54bd720 has been successfully formatted.
2019-10-06 05:59:22,169 [pool-383-thread-1] INFO  ratis.ContainerStateMachine (ContainerStateMachine.java:loadSnapshot(230)) - group-A737D54BD720: The snapshot info is null. Setting the last applied indexto:(t:0, i:~)
2019-10-06 05:59:22,169 [pool-383-thread-1] INFO  server.RaftServerConfigKeys (ConfUtils.java:logGet(43)) - raft.server.notification.no-leader.timeout = 120s (custom)
2019-10-06 05:59:22,169 [pool-383-thread-1] INFO  server.RaftServerConfigKeys (ConfUtils.java:logGet(43)) - raft.server.log.use.memory = false (default)
2019-10-06 05:59:22,169 [pool-383-thread-1] INFO  server.RaftServerConfigKeys (ConfUtils.java:logGet(43)) - raft.server.log.purge.gap = 1000000 (custom)
2019-10-06 05:59:22,169 [pool-383-thread-1] INFO  server.RaftServerConfigKeys (ConfUtils.java:logGet(43)) - raft.server.log.appender.buffer.byte-limit = 33554432 (custom)
2019-10-06 05:59:22,170 [pool-383-thread-1] INFO  server.RaftServerConfigKeys (ConfUtils.java:logGet(43)) - raft.server.log.segment.size.max = 1048576 (custom)
2019-10-06 05:59:22,172 [pool-383-thread-1] INFO  server.RaftServerConfigKeys (ConfUtils.java:logGet(43)) - raft.server.log.segment.cache.num.max = 2 (custom)
2019-10-06 05:59:22,172 [pool-383-thread-1] INFO  segmented.SegmentedRaftLogWorker (SegmentedRaftLogWorker.java:<init>(173)) - new e89dc92b-54a0-4ec0-9610-04001e22a467@group-A737D54BD720-SegmentedRaftLogWorker for RaftStorage:Storage Directory /workdir/hadoop-ozone/integration-test/target/test-dir/MiniOzoneClusterImpl-ffb3f97d-e333-4a69-b12a-19fbc7342164/datanode-0/data/ratis/ae8ffb74-10f5-4d0a-98e9-a737d54bd720
2019-10-06 05:59:22,173 [pool-383-thread-1] INFO  server.RaftServerConfigKeys (ConfUtils.java:logGet(43)) - raft.server.log.queue.byte-limit = 2147483647 (custom)
2019-10-06 05:59:22,173 [pool-383-thread-1] INFO  server.RaftServerConfigKeys (ConfUtils.java:logGet(43)) - raft.server.log.queue.element-limit = 1024 (custom)
2019-10-06 05:59:22,173 [pool-383-thread-1] INFO  server.RaftServerConfigKeys (ConfUtils.java:logGet(43)) - raft.server.log.segment.size.max = 1048576 (custom)
2019-10-06 05:59:22,173 [pool-383-thread-1] INFO  server.RaftServerConfigKeys (ConfUtils.java:logGet(43)) - raft.server.log.preallocated.size = 16384 (custom)
2019-10-06 05:59:22,173 [pool-383-thread-1] INFO  server.RaftServerConfigKeys (ConfUtils.java:logGet(43)) - raft.server.log.write.buffer.size = 33554432 (custom)
2019-10-06 05:59:22,173 [pool-383-thread-1] INFO  server.RaftServerConfigKeys (ConfUtils.java:logGet(43)) - raft.server.log.force.sync.num = 128 (default)
2019-10-06 05:59:22,173 [pool-383-thread-1] INFO  server.RaftServerConfigKeys (ConfUtils.java:logGet(43)) - raft.server.log.statemachine.data.sync = true (default)
2019-10-06 05:59:22,174 [pool-383-thread-1] INFO  server.RaftServerConfigKeys (ConfUtils.java:logGet(43)) - raft.server.log.statemachine.data.sync.timeout = 10s (default)
2019-10-06 05:59:22,174 [pool-383-thread-1] INFO  server.RaftServerConfigKeys (ConfUtils.java:logGet(43)) - raft.server.log.statemachine.data.sync.timeout.retry = -1 (default)
2019-10-06 05:59:22,174 [pool-383-thread-1] INFO  server.RaftServerConfigKeys (ConfUtils.java:logGet(43)) - raft.server.log.statemachine.data.caching.enabled = true (custom)
2019-10-06 05:59:22,175 [pool-383-thread-1] INFO  segmented.SegmentedRaftLogWorker (SegmentedRaftLogWorker.java:lambda$new$0(128)) - e89dc92b-54a0-4ec0-9610-04001e22a467@group-A737D54BD720-SegmentedRaftLogWorker: flushIndex: setUnconditionally 0 -> -1
2019-10-06 05:59:22,175 [pool-383-thread-1] INFO  server.RaftServerConfigKeys (ConfUtils.java:logGet(43)) - raft.server.snapshot.auto.trigger.enabled = true (custom)
2019-10-06 05:59:22,175 [pool-383-thread-1] INFO  server.RaftServerConfigKeys (ConfUtils.java:logGet(43)) - raft.server.snapshot.auto.trigger.threshold = 10000 (custom)
2019-10-06 05:59:22,175 [pool-383-thread-1] INFO  server.RaftServerConfigKeys (ConfUtils.java:logGet(43)) - raft.server.snapshot.retention.file.num = 5 (custom)
2019-10-06 05:59:22,175 [pool-383-thread-1] INFO  server.RaftServerConfigKeys (ConfUtils.java:logGet(43)) - raft.server.retrycache.expirytime = 600000ms (custom)
2019-10-06 05:59:22,177 [pool-383-thread-1] INFO  impl.RaftServerImpl (RaftServerImpl.java:start(181)) - e89dc92b-54a0-4ec0-9610-04001e22a467@group-A737D54BD720: start as a follower, conf=-1: [e89dc92b-54a0-4ec0-9610-04001e22a467:192.168.164.217:41470], old=null
2019-10-06 05:59:22,177 [pool-383-thread-1] INFO  impl.RaftServerImpl (RaftServerImpl.java:setRole(170)) - e89dc92b-54a0-4ec0-9610-04001e22a467@group-A737D54BD720: changes role from      null to FOLLOWER at term 0 for startAsFollower
2019-10-06 05:59:22,177 [pool-383-thread-1] INFO  impl.RoleInfo (RoleInfo.java:updateAndGet(143)) - e89dc92b-54a0-4ec0-9610-04001e22a467: start FollowerState
2019-10-06 05:59:22,178 [pool-383-thread-1] INFO  util.JmxRegister (JmxRegister.java:tryRegister(44)) - Successfully registered JMX Bean with object name Ratis:service=RaftServer,group=group-A737D54BD720,id=e89dc92b-54a0-4ec0-9610-04001e22a467
2019-10-06 05:59:22,182 [RatisPipelineUtilsThread] INFO  pipeline.PipelineStateManager (PipelineStateManager.java:addPipeline(56)) - Created pipeline Pipeline[ Id: ae8ffb74-10f5-4d0a-98e9-a737d54bd720, Nodes: e89dc92b-54a0-4ec0-9610-04001e22a467{ip: 192.168.164.217, host: trunk-nightly-20191006-mzxw6-951422410, networkLocation: /default-rack, certSerialId: null}, Type:RATIS, Factor:ONE, State:OPEN]
2019-10-06 05:59:22,197 [IPC Server handler 2 on 42941] INFO  net.NetworkTopology (NetworkTopologyImpl.java:add(111)) - Added a new node: /default-rack/14f26cba-7472-4fda-959b-ca0322e7817b
2019-10-06 05:59:22,197 [IPC Server handler 2 on 42941] INFO  node.SCMNodeManager (SCMNodeManager.java:register(268)) - Registered Data node : 14f26cba-7472-4fda-959b-ca0322e7817b{ip: 192.168.164.217, host: trunk-nightly-20191006-mzxw6-951422410, networkLocation: /default-rack, certSerialId: null}
2019-10-06 05:59:22,205 [grpc-default-executor-7] INFO  impl.RaftServerProxy (RaftServerProxy.java:addNew(89)) - 14f26cba-7472-4fda-959b-ca0322e7817b: addNew group-86465CC4BABE:[14f26cba-7472-4fda-959b-ca0322e7817b:192.168.164.217:35801] returns group-86465CC4BABE:java.util.concurrent.CompletableFuture@3cbec637[Not completed]
2019-10-06 05:59:22,206 [pool-393-thread-1] INFO  impl.RaftServerImpl (RaftServerImpl.java:<init>(95)) - 14f26cba-7472-4fda-959b-ca0322e7817b: new RaftServerImpl for group-86465CC4BABE:[14f26cba-7472-4fda-959b-ca0322e7817b:192.168.164.217:35801] with ContainerStateMachine:uninitialized
2019-10-06 05:59:22,206 [pool-393-thread-1] INFO  server.RaftServerConfigKeys (ConfUtils.java:logGet(43)) - raft.server.rpc.timeout.min = 5s (custom)
2019-10-06 05:59:22,206 [pool-393-thread-1] INFO  server.RaftServerConfigKeys (ConfUtils.java:logGet(43)) - raft.server.rpc.timeout.max = 5200ms (custom)
2019-10-06 05:59:22,206 [pool-393-thread-1] INFO  server.RaftServerConfigKeys (ConfUtils.java:logGet(43)) - raft.server.rpcslowness.timeout = 120s (custom)
2019-10-06 05:59:22,206 [pool-393-thread-1] INFO  server.RaftServerConfigKeys (ConfUtils.java:logGet(43)) - raft.server.sleep.deviation.threshold = 300 (default)
2019-10-06 05:59:22,206 [pool-393-thread-1] INFO  server.RaftServerConfigKeys (ConfUtils.java:logGet(43)) - raft.server.log.appender.install.snapshot.enabled = false (custom)
2019-10-06 05:59:22,206 [pool-393-thread-1] INFO  impl.RaftServerImpl (ServerState.java:<init>(103)) - 14f26cba-7472-4fda-959b-ca0322e7817b@group-86465CC4BABE: ConfigurationManager, init=-1: [14f26cba-7472-4fda-959b-ca0322e7817b:192.168.164.217:35801], old=null, confs=<EMPTY_MAP>
2019-10-06 05:59:22,207 [pool-393-thread-1] INFO  server.RaftServerConfigKeys (ConfUtils.java:logGet(43)) - raft.server.storage.dir = [/workdir/hadoop-ozone/integration-test/target/test-dir/MiniOzoneClusterImpl-ffb3f97d-e333-4a69-b12a-19fbc7342164/datanode-1/data/ratis] (custom)
2019-10-06 05:59:22,207 [pool-393-thread-1] INFO  server.RaftServerConfigKeys (ConfUtils.java:logGet(43)) - raft.server.log.corruption.policy = EXCEPTION (default)
2019-10-06 05:59:22,207 [pool-393-thread-1] INFO  storage.RaftStorageDirectory (RaftStorageDirectory.java:analyzeStorage(246)) - The storage directory /workdir/hadoop-ozone/integration-test/target/test-dir/MiniOzoneClusterImpl-ffb3f97d-e333-4a69-b12a-19fbc7342164/datanode-1/data/ratis/8bcd6cc0-3d98-467b-bee6-86465cc4babe does not exist. Creating ...
2019-10-06 05:59:22,219 [pool-393-thread-1] INFO  storage.RaftStorageDirectory (RaftStorageDirectory.java:tryLock(328)) - Lock on /workdir/hadoop-ozone/integration-test/target/test-dir/MiniOzoneClusterImpl-ffb3f97d-e333-4a69-b12a-19fbc7342164/datanode-1/data/ratis/8bcd6cc0-3d98-467b-bee6-86465cc4babe/in_use.lock acquired by nodename 10974@trunk-nightly-20191006-mzxw6-951422410
2019-10-06 05:59:22,232 [pool-393-thread-1] INFO  storage.RaftStorage (RaftStorage.java:format(84)) - Storage directory /workdir/hadoop-ozone/integration-test/target/test-dir/MiniOzoneClusterImpl-ffb3f97d-e333-4a69-b12a-19fbc7342164/datanode-1/data/ratis/8bcd6cc0-3d98-467b-bee6-86465cc4babe has been successfully formatted.
2019-10-06 05:59:22,232 [pool-393-thread-1] INFO  ratis.ContainerStateMachine (ContainerStateMachine.java:loadSnapshot(230)) - group-86465CC4BABE: The snapshot info is null. Setting the last applied indexto:(t:0, i:~)
2019-10-06 05:59:22,232 [pool-393-thread-1] INFO  server.RaftServerConfigKeys (ConfUtils.java:logGet(43)) - raft.server.notification.no-leader.timeout = 120s (custom)
2019-10-06 05:59:22,232 [pool-393-thread-1] INFO  server.RaftServerConfigKeys (ConfUtils.java:logGet(43)) - raft.server.log.use.memory = false (default)
2019-10-06 05:59:22,232 [pool-393-thread-1] INFO  server.RaftServerConfigKeys (ConfUtils.java:logGet(43)) - raft.server.log.purge.gap = 1000000 (custom)
2019-10-06 05:59:22,232 [pool-393-thread-1] INFO  server.RaftServerConfigKeys (ConfUtils.java:logGet(43)) - raft.server.log.appender.buffer.byte-limit = 33554432 (custom)
2019-10-06 05:59:22,232 [pool-393-thread-1] INFO  server.RaftServerConfigKeys (ConfUtils.java:logGet(43)) - raft.server.log.segment.size.max = 1048576 (custom)
2019-10-06 05:59:22,234 [pool-393-thread-1] INFO  server.RaftServerConfigKeys (ConfUtils.java:logGet(43)) - raft.server.log.segment.cache.num.max = 2 (custom)
2019-10-06 05:59:22,234 [pool-393-thread-1] INFO  segmented.SegmentedRaftLogWorker (SegmentedRaftLogWorker.java:<init>(173)) - new 14f26cba-7472-4fda-959b-ca0322e7817b@group-86465CC4BABE-SegmentedRaftLogWorker for RaftStorage:Storage Directory /workdir/hadoop-ozone/integration-test/target/test-dir/MiniOzoneClusterImpl-ffb3f97d-e333-4a69-b12a-19fbc7342164/datanode-1/data/ratis/8bcd6cc0-3d98-467b-bee6-86465cc4babe
2019-10-06 05:59:22,234 [pool-393-thread-1] INFO  server.RaftServerConfigKeys (ConfUtils.java:logGet(43)) - raft.server.log.queue.byte-limit = 2147483647 (custom)
2019-10-06 05:59:22,234 [pool-393-thread-1] INFO  server.RaftServerConfigKeys (ConfUtils.java:logGet(43)) - raft.server.log.queue.element-limit = 1024 (custom)
2019-10-06 05:59:22,234 [pool-393-thread-1] INFO  server.RaftServerConfigKeys (ConfUtils.java:logGet(43)) - raft.server.log.segment.size.max = 1048576 (custom)
2019-10-06 05:59:22,234 [pool-393-thread-1] INFO  server.RaftServerConfigKeys (ConfUtils.java:logGet(43)) - raft.server.log.preallocated.size = 16384 (custom)
2019-10-06 05:59:22,234 [pool-393-thread-1] INFO  server.RaftServerConfigKeys (ConfUtils.java:logGet(43)) - raft.server.log.write.buffer.size = 33554432 (custom)
2019-10-06 05:59:22,234 [pool-393-thread-1] INFO  server.RaftServerConfigKeys (ConfUtils.java:logGet(43)) - raft.server.log.force.sync.num = 128 (default)
2019-10-06 05:59:22,234 [pool-393-thread-1] INFO  server.RaftServerConfigKeys (ConfUtils.java:logGet(43)) - raft.server.log.statemachine.data.sync = true (default)
2019-10-06 05:59:22,234 [pool-393-thread-1] INFO  server.RaftServerConfigKeys (ConfUtils.java:logGet(43)) - raft.server.log.statemachine.data.sync.timeout = 10s (default)
2019-10-06 05:59:22,234 [pool-393-thread-1] INFO  server.RaftServerConfigKeys (ConfUtils.java:logGet(43)) - raft.server.log.statemachine.data.sync.timeout.retry = -1 (default)
2019-10-06 05:59:22,235 [pool-393-thread-1] INFO  server.RaftServerConfigKeys (ConfUtils.java:logGet(43)) - raft.server.log.statemachine.data.caching.enabled = true (custom)
2019-10-06 05:59:22,235 [pool-393-thread-1] INFO  segmented.SegmentedRaftLogWorker (SegmentedRaftLogWorker.java:lambda$new$0(128)) - 14f26cba-7472-4fda-959b-ca0322e7817b@group-86465CC4BABE-SegmentedRaftLogWorker: flushIndex: setUnconditionally 0 -> -1
2019-10-06 05:59:22,235 [pool-393-thread-1] INFO  server.RaftServerConfigKeys (ConfUtils.java:logGet(43)) - raft.server.snapshot.auto.trigger.enabled = true (custom)
2019-10-06 05:59:22,235 [pool-393-thread-1] INFO  server.RaftServerConfigKeys (ConfUtils.java:logGet(43)) - raft.server.snapshot.auto.trigger.threshold = 10000 (custom)
2019-10-06 05:59:22,235 [pool-393-thread-1] INFO  server.RaftServerConfigKeys (ConfUtils.java:logGet(43)) - raft.server.snapshot.retention.file.num = 5 (custom)
2019-10-06 05:59:22,235 [pool-393-thread-1] INFO  server.RaftServerConfigKeys (ConfUtils.java:logGet(43)) - raft.server.retrycache.expirytime = 600000ms (custom)
2019-10-06 05:59:22,236 [pool-393-thread-1] INFO  impl.RaftServerImpl (RaftServerImpl.java:start(181)) - 14f26cba-7472-4fda-959b-ca0322e7817b@group-86465CC4BABE: start as a follower, conf=-1: [14f26cba-7472-4fda-959b-ca0322e7817b:192.168.164.217:35801], old=null
2019-10-06 05:59:22,236 [pool-393-thread-1] INFO  impl.RaftServerImpl (RaftServerImpl.java:setRole(170)) - 14f26cba-7472-4fda-959b-ca0322e7817b@group-86465CC4BABE: changes role from      null to FOLLOWER at term 0 for startAsFollower
2019-10-06 05:59:22,236 [pool-393-thread-1] INFO  impl.RoleInfo (RoleInfo.java:updateAndGet(143)) - 14f26cba-7472-4fda-959b-ca0322e7817b: start FollowerState
2019-10-06 05:59:22,237 [pool-393-thread-1] INFO  util.JmxRegister (JmxRegister.java:tryRegister(44)) - Successfully registered JMX Bean with object name Ratis:service=RaftServer,group=group-86465CC4BABE,id=14f26cba-7472-4fda-959b-ca0322e7817b
2019-10-06 05:59:22,240 [RatisPipelineUtilsThread] INFO  pipeline.PipelineStateManager (PipelineStateManager.java:addPipeline(56)) - Created pipeline Pipeline[ Id: 8bcd6cc0-3d98-467b-bee6-86465cc4babe, Nodes: 14f26cba-7472-4fda-959b-ca0322e7817b{ip: 192.168.164.217, host: trunk-nightly-20191006-mzxw6-951422410, networkLocation: /default-rack, certSerialId: null}, Type:RATIS, Factor:ONE, State:OPEN]
2019-10-06 05:59:22,279 [IPC Server handler 4 on 42941] INFO  net.NetworkTopology (NetworkTopologyImpl.java:add(111)) - Added a new node: /default-rack/abc6fc2d-41b0-4520-9617-20c39a7e0ca7
2019-10-06 05:59:22,279 [IPC Server handler 4 on 42941] INFO  node.SCMNodeManager (SCMNodeManager.java:register(268)) - Registered Data node : abc6fc2d-41b0-4520-9617-20c39a7e0ca7{ip: 192.168.164.217, host: trunk-nightly-20191006-mzxw6-951422410, networkLocation: /default-rack, certSerialId: null}
2019-10-06 05:59:22,288 [grpc-default-executor-7] INFO  impl.RaftServerProxy (RaftServerProxy.java:addNew(89)) - abc6fc2d-41b0-4520-9617-20c39a7e0ca7: addNew group-23FAD13D315E:[abc6fc2d-41b0-4520-9617-20c39a7e0ca7:192.168.164.217:46425] returns group-23FAD13D315E:java.util.concurrent.CompletableFuture@f4d999e[Not completed]
2019-10-06 05:59:22,289 [pool-403-thread-1] INFO  impl.RaftServerImpl (RaftServerImpl.java:<init>(95)) - abc6fc2d-41b0-4520-9617-20c39a7e0ca7: new RaftServerImpl for group-23FAD13D315E:[abc6fc2d-41b0-4520-9617-20c39a7e0ca7:192.168.164.217:46425] with ContainerStateMachine:uninitialized
2019-10-06 05:59:22,289 [pool-403-thread-1] INFO  server.RaftServerConfigKeys (ConfUtils.java:logGet(43)) - raft.server.rpc.timeout.min = 5s (custom)
2019-10-06 05:59:22,289 [pool-403-thread-1] INFO  server.RaftServerConfigKeys (ConfUtils.java:logGet(43)) - raft.server.rpc.timeout.max = 5200ms (custom)
2019-10-06 05:59:22,290 [pool-403-thread-1] INFO  server.RaftServerConfigKeys (ConfUtils.java:logGet(43)) - raft.server.rpcslowness.timeout = 120s (custom)
2019-10-06 05:59:22,290 [pool-403-thread-1] INFO  server.RaftServerConfigKeys (ConfUtils.java:logGet(43)) - raft.server.sleep.deviation.threshold = 300 (default)
2019-10-06 05:59:22,290 [pool-403-thread-1] INFO  server.RaftServerConfigKeys (ConfUtils.java:logGet(43)) - raft.server.log.appender.install.snapshot.enabled = false (custom)
2019-10-06 05:59:22,290 [pool-403-thread-1] INFO  impl.RaftServerImpl (ServerState.java:<init>(103)) - abc6fc2d-41b0-4520-9617-20c39a7e0ca7@group-23FAD13D315E: ConfigurationManager, init=-1: [abc6fc2d-41b0-4520-9617-20c39a7e0ca7:192.168.164.217:46425], old=null, confs=<EMPTY_MAP>
2019-10-06 05:59:22,290 [pool-403-thread-1] INFO  server.RaftServerConfigKeys (ConfUtils.java:logGet(43)) - raft.server.storage.dir = [/workdir/hadoop-ozone/integration-test/target/test-dir/MiniOzoneClusterImpl-ffb3f97d-e333-4a69-b12a-19fbc7342164/datanode-2/data/ratis] (custom)
2019-10-06 05:59:22,290 [pool-403-thread-1] INFO  server.RaftServerConfigKeys (ConfUtils.java:logGet(43)) - raft.server.log.corruption.policy = EXCEPTION (default)
2019-10-06 05:59:22,290 [pool-403-thread-1] INFO  storage.RaftStorageDirectory (RaftStorageDirectory.java:analyzeStorage(246)) - The storage directory /workdir/hadoop-ozone/integration-test/target/test-dir/MiniOzoneClusterImpl-ffb3f97d-e333-4a69-b12a-19fbc7342164/datanode-2/data/ratis/2daa4d9f-7965-458f-b5a4-23fad13d315e does not exist. Creating ...
2019-10-06 05:59:22,303 [pool-403-thread-1] INFO  storage.RaftStorageDirectory (RaftStorageDirectory.java:tryLock(328)) - Lock on /workdir/hadoop-ozone/integration-test/target/test-dir/MiniOzoneClusterImpl-ffb3f97d-e333-4a69-b12a-19fbc7342164/datanode-2/data/ratis/2daa4d9f-7965-458f-b5a4-23fad13d315e/in_use.lock acquired by nodename 10974@trunk-nightly-20191006-mzxw6-951422410
2019-10-06 05:59:22,316 [pool-403-thread-1] INFO  storage.RaftStorage (RaftStorage.java:format(84)) - Storage directory /workdir/hadoop-ozone/integration-test/target/test-dir/MiniOzoneClusterImpl-ffb3f97d-e333-4a69-b12a-19fbc7342164/datanode-2/data/ratis/2daa4d9f-7965-458f-b5a4-23fad13d315e has been successfully formatted.
2019-10-06 05:59:22,316 [pool-403-thread-1] INFO  ratis.ContainerStateMachine (ContainerStateMachine.java:loadSnapshot(230)) - group-23FAD13D315E: The snapshot info is null. Setting the last applied indexto:(t:0, i:~)
2019-10-06 05:59:22,316 [pool-403-thread-1] INFO  server.RaftServerConfigKeys (ConfUtils.java:logGet(43)) - raft.server.notification.no-leader.timeout = 120s (custom)
2019-10-06 05:59:22,316 [pool-403-thread-1] INFO  server.RaftServerConfigKeys (ConfUtils.java:logGet(43)) - raft.server.log.use.memory = false (default)
2019-10-06 05:59:22,316 [pool-403-thread-1] INFO  server.RaftServerConfigKeys (ConfUtils.java:logGet(43)) - raft.server.log.purge.gap = 1000000 (custom)
2019-10-06 05:59:22,317 [pool-403-thread-1] INFO  server.RaftServerConfigKeys (ConfUtils.java:logGet(43)) - raft.server.log.appender.buffer.byte-limit = 33554432 (custom)
2019-10-06 05:59:22,317 [pool-403-thread-1] INFO  server.RaftServerConfigKeys (ConfUtils.java:logGet(43)) - raft.server.log.segment.size.max = 1048576 (custom)
2019-10-06 05:59:22,318 [pool-403-thread-1] INFO  server.RaftServerConfigKeys (ConfUtils.java:logGet(43)) - raft.server.log.segment.cache.num.max = 2 (custom)
2019-10-06 05:59:22,318 [pool-403-thread-1] INFO  segmented.SegmentedRaftLogWorker (SegmentedRaftLogWorker.java:<init>(173)) - new abc6fc2d-41b0-4520-9617-20c39a7e0ca7@group-23FAD13D315E-SegmentedRaftLogWorker for RaftStorage:Storage Directory /workdir/hadoop-ozone/integration-test/target/test-dir/MiniOzoneClusterImpl-ffb3f97d-e333-4a69-b12a-19fbc7342164/datanode-2/data/ratis/2daa4d9f-7965-458f-b5a4-23fad13d315e
2019-10-06 05:59:22,318 [pool-403-thread-1] INFO  server.RaftServerConfigKeys (ConfUtils.java:logGet(43)) - raft.server.log.queue.byte-limit = 2147483647 (custom)
2019-10-06 05:59:22,318 [pool-403-thread-1] INFO  server.RaftServerConfigKeys (ConfUtils.java:logGet(43)) - raft.server.log.queue.element-limit = 1024 (custom)
2019-10-06 05:59:22,318 [pool-403-thread-1] INFO  server.RaftServerConfigKeys (ConfUtils.java:logGet(43)) - raft.server.log.segment.size.max = 1048576 (custom)
2019-10-06 05:59:22,319 [pool-403-thread-1] INFO  server.RaftServerConfigKeys (ConfUtils.java:logGet(43)) - raft.server.log.preallocated.size = 16384 (custom)
2019-10-06 05:59:22,319 [pool-403-thread-1] INFO  server.RaftServerConfigKeys (ConfUtils.java:logGet(43)) - raft.server.log.write.buffer.size = 33554432 (custom)
2019-10-06 05:59:22,319 [pool-403-thread-1] INFO  server.RaftServerConfigKeys (ConfUtils.java:logGet(43)) - raft.server.log.force.sync.num = 128 (default)
2019-10-06 05:59:22,319 [pool-403-thread-1] INFO  server.RaftServerConfigKeys (ConfUtils.java:logGet(43)) - raft.server.log.statemachine.data.sync = true (default)
2019-10-06 05:59:22,319 [pool-403-thread-1] INFO  server.RaftServerConfigKeys (ConfUtils.java:logGet(43)) - raft.server.log.statemachine.data.sync.timeout = 10s (default)
2019-10-06 05:59:22,319 [pool-403-thread-1] INFO  server.RaftServerConfigKeys (ConfUtils.java:logGet(43)) - raft.server.log.statemachine.data.sync.timeout.retry = -1 (default)
2019-10-06 05:59:22,319 [pool-403-thread-1] INFO  server.RaftServerConfigKeys (ConfUtils.java:logGet(43)) - raft.server.log.statemachine.data.caching.enabled = true (custom)
2019-10-06 05:59:22,320 [pool-403-thread-1] INFO  segmented.SegmentedRaftLogWorker (SegmentedRaftLogWorker.java:lambda$new$0(128)) - abc6fc2d-41b0-4520-9617-20c39a7e0ca7@group-23FAD13D315E-SegmentedRaftLogWorker: flushIndex: setUnconditionally 0 -> -1
2019-10-06 05:59:22,320 [pool-403-thread-1] INFO  server.RaftServerConfigKeys (ConfUtils.java:logGet(43)) - raft.server.snapshot.auto.trigger.enabled = true (custom)
2019-10-06 05:59:22,320 [pool-403-thread-1] INFO  server.RaftServerConfigKeys (ConfUtils.java:logGet(43)) - raft.server.snapshot.auto.trigger.threshold = 10000 (custom)
2019-10-06 05:59:22,320 [pool-403-thread-1] INFO  server.RaftServerConfigKeys (ConfUtils.java:logGet(43)) - raft.server.snapshot.retention.file.num = 5 (custom)
2019-10-06 05:59:22,320 [pool-403-thread-1] INFO  server.RaftServerConfigKeys (ConfUtils.java:logGet(43)) - raft.server.retrycache.expirytime = 600000ms (custom)
2019-10-06 05:59:22,322 [pool-403-thread-1] INFO  impl.RaftServerImpl (RaftServerImpl.java:start(181)) - abc6fc2d-41b0-4520-9617-20c39a7e0ca7@group-23FAD13D315E: start as a follower, conf=-1: [abc6fc2d-41b0-4520-9617-20c39a7e0ca7:192.168.164.217:46425], old=null
2019-10-06 05:59:22,322 [pool-403-thread-1] INFO  impl.RaftServerImpl (RaftServerImpl.java:setRole(170)) - abc6fc2d-41b0-4520-9617-20c39a7e0ca7@group-23FAD13D315E: changes role from      null to FOLLOWER at term 0 for startAsFollower
2019-10-06 05:59:22,322 [pool-403-thread-1] INFO  impl.RoleInfo (RoleInfo.java:updateAndGet(143)) - abc6fc2d-41b0-4520-9617-20c39a7e0ca7: start FollowerState
2019-10-06 05:59:22,322 [pool-403-thread-1] INFO  util.JmxRegister (JmxRegister.java:tryRegister(44)) - Successfully registered JMX Bean with object name Ratis:service=RaftServer,group=group-23FAD13D315E,id=abc6fc2d-41b0-4520-9617-20c39a7e0ca7
2019-10-06 05:59:22,326 [RatisPipelineUtilsThread] INFO  pipeline.PipelineStateManager (PipelineStateManager.java:addPipeline(56)) - Created pipeline Pipeline[ Id: 2daa4d9f-7965-458f-b5a4-23fad13d315e, Nodes: abc6fc2d-41b0-4520-9617-20c39a7e0ca7{ip: 192.168.164.217, host: trunk-nightly-20191006-mzxw6-951422410, networkLocation: /default-rack, certSerialId: null}, Type:RATIS, Factor:ONE, State:OPEN]
2019-10-06 05:59:22,349 [grpc-default-executor-5] INFO  impl.RaftServerProxy (RaftServerProxy.java:addNew(89)) - 14f26cba-7472-4fda-959b-ca0322e7817b: addNew group-C755B63E424D:[14f26cba-7472-4fda-959b-ca0322e7817b:192.168.164.217:35801, e89dc92b-54a0-4ec0-9610-04001e22a467:192.168.164.217:41470, abc6fc2d-41b0-4520-9617-20c39a7e0ca7:192.168.164.217:46425] returns group-C755B63E424D:java.util.concurrent.CompletableFuture@644afca8[Not completed]
2019-10-06 05:59:22,350 [grpc-default-executor-7] INFO  impl.RaftServerProxy (RaftServerProxy.java:addNew(89)) - e89dc92b-54a0-4ec0-9610-04001e22a467: addNew group-C755B63E424D:[14f26cba-7472-4fda-959b-ca0322e7817b:192.168.164.217:35801, e89dc92b-54a0-4ec0-9610-04001e22a467:192.168.164.217:41470, abc6fc2d-41b0-4520-9617-20c39a7e0ca7:192.168.164.217:46425] returns group-C755B63E424D:java.util.concurrent.CompletableFuture@38a249ff[Not completed]
2019-10-06 05:59:22,350 [grpc-default-executor-5] INFO  impl.RaftServerProxy (RaftServerProxy.java:addNew(89)) - abc6fc2d-41b0-4520-9617-20c39a7e0ca7: addNew group-C755B63E424D:[14f26cba-7472-4fda-959b-ca0322e7817b:192.168.164.217:35801, e89dc92b-54a0-4ec0-9610-04001e22a467:192.168.164.217:41470, abc6fc2d-41b0-4520-9617-20c39a7e0ca7:192.168.164.217:46425] returns group-C755B63E424D:java.util.concurrent.CompletableFuture@1b6b04da[Not completed]
2019-10-06 05:59:22,350 [pool-393-thread-1] INFO  impl.RaftServerImpl (RaftServerImpl.java:<init>(95)) - 14f26cba-7472-4fda-959b-ca0322e7817b: new RaftServerImpl for group-C755B63E424D:[14f26cba-7472-4fda-959b-ca0322e7817b:192.168.164.217:35801, e89dc92b-54a0-4ec0-9610-04001e22a467:192.168.164.217:41470, abc6fc2d-41b0-4520-9617-20c39a7e0ca7:192.168.164.217:46425] with ContainerStateMachine:uninitialized
2019-10-06 05:59:22,350 [pool-393-thread-1] INFO  server.RaftServerConfigKeys (ConfUtils.java:logGet(43)) - raft.server.rpc.timeout.min = 5s (custom)
2019-10-06 05:59:22,351 [pool-393-thread-1] INFO  server.RaftServerConfigKeys (ConfUtils.java:logGet(43)) - raft.server.rpc.timeout.max = 5200ms (custom)
2019-10-06 05:59:22,351 [pool-393-thread-1] INFO  server.RaftServerConfigKeys (ConfUtils.java:logGet(43)) - raft.server.rpcslowness.timeout = 120s (custom)
2019-10-06 05:59:22,351 [pool-393-thread-1] INFO  server.RaftServerConfigKeys (ConfUtils.java:logGet(43)) - raft.server.sleep.deviation.threshold = 300 (default)
2019-10-06 05:59:22,351 [pool-393-thread-1] INFO  server.RaftServerConfigKeys (ConfUtils.java:logGet(43)) - raft.server.log.appender.install.snapshot.enabled = false (custom)
2019-10-06 05:59:22,351 [pool-393-thread-1] INFO  impl.RaftServerImpl (ServerState.java:<init>(103)) - 14f26cba-7472-4fda-959b-ca0322e7817b@group-C755B63E424D: ConfigurationManager, init=-1: [14f26cba-7472-4fda-959b-ca0322e7817b:192.168.164.217:35801, e89dc92b-54a0-4ec0-9610-04001e22a467:192.168.164.217:41470, abc6fc2d-41b0-4520-9617-20c39a7e0ca7:192.168.164.217:46425], old=null, confs=<EMPTY_MAP>
2019-10-06 05:59:22,351 [pool-383-thread-1] INFO  impl.RaftServerImpl (RaftServerImpl.java:<init>(95)) - e89dc92b-54a0-4ec0-9610-04001e22a467: new RaftServerImpl for group-C755B63E424D:[14f26cba-7472-4fda-959b-ca0322e7817b:192.168.164.217:35801, e89dc92b-54a0-4ec0-9610-04001e22a467:192.168.164.217:41470, abc6fc2d-41b0-4520-9617-20c39a7e0ca7:192.168.164.217:46425] with ContainerStateMachine:uninitialized
2019-10-06 05:59:22,351 [pool-393-thread-1] INFO  server.RaftServerConfigKeys (ConfUtils.java:logGet(43)) - raft.server.storage.dir = [/workdir/hadoop-ozone/integration-test/target/test-dir/MiniOzoneClusterImpl-ffb3f97d-e333-4a69-b12a-19fbc7342164/datanode-1/data/ratis] (custom)
2019-10-06 05:59:22,351 [pool-383-thread-1] INFO  server.RaftServerConfigKeys (ConfUtils.java:logGet(43)) - raft.server.rpc.timeout.min = 5s (custom)
2019-10-06 05:59:22,351 [pool-393-thread-1] INFO  server.RaftServerConfigKeys (ConfUtils.java:logGet(43)) - raft.server.log.corruption.policy = EXCEPTION (default)
2019-10-06 05:59:22,351 [pool-383-thread-1] INFO  server.RaftServerConfigKeys (ConfUtils.java:logGet(43)) - raft.server.rpc.timeout.max = 5200ms (custom)
2019-10-06 05:59:22,352 [pool-393-thread-1] INFO  storage.RaftStorageDirectory (RaftStorageDirectory.java:analyzeStorage(246)) - The storage directory /workdir/hadoop-ozone/integration-test/target/test-dir/MiniOzoneClusterImpl-ffb3f97d-e333-4a69-b12a-19fbc7342164/datanode-1/data/ratis/21ce28cc-61b7-4c76-a200-c755b63e424d does not exist. Creating ...
2019-10-06 05:59:22,352 [pool-403-thread-1] INFO  impl.RaftServerImpl (RaftServerImpl.java:<init>(95)) - abc6fc2d-41b0-4520-9617-20c39a7e0ca7: new RaftServerImpl for group-C755B63E424D:[14f26cba-7472-4fda-959b-ca0322e7817b:192.168.164.217:35801, e89dc92b-54a0-4ec0-9610-04001e22a467:192.168.164.217:41470, abc6fc2d-41b0-4520-9617-20c39a7e0ca7:192.168.164.217:46425] with ContainerStateMachine:uninitialized
2019-10-06 05:59:22,352 [pool-383-thread-1] INFO  server.RaftServerConfigKeys (ConfUtils.java:logGet(43)) - raft.server.rpcslowness.timeout = 120s (custom)
2019-10-06 05:59:22,352 [pool-403-thread-1] INFO  server.RaftServerConfigKeys (ConfUtils.java:logGet(43)) - raft.server.rpc.timeout.min = 5s (custom)
2019-10-06 05:59:22,352 [pool-383-thread-1] INFO  server.RaftServerConfigKeys (ConfUtils.java:logGet(43)) - raft.server.sleep.deviation.threshold = 300 (default)
2019-10-06 05:59:22,352 [pool-403-thread-1] INFO  server.RaftServerConfigKeys (ConfUtils.java:logGet(43)) - raft.server.rpc.timeout.max = 5200ms (custom)
2019-10-06 05:59:22,352 [pool-383-thread-1] INFO  server.RaftServerConfigKeys (ConfUtils.java:logGet(43)) - raft.server.log.appender.install.snapshot.enabled = false (custom)
2019-10-06 05:59:22,352 [pool-403-thread-1] INFO  server.RaftServerConfigKeys (ConfUtils.java:logGet(43)) - raft.server.rpcslowness.timeout = 120s (custom)
2019-10-06 05:59:22,352 [pool-383-thread-1] INFO  impl.RaftServerImpl (ServerState.java:<init>(103)) - e89dc92b-54a0-4ec0-9610-04001e22a467@group-C755B63E424D: ConfigurationManager, init=-1: [14f26cba-7472-4fda-959b-ca0322e7817b:192.168.164.217:35801, e89dc92b-54a0-4ec0-9610-04001e22a467:192.168.164.217:41470, abc6fc2d-41b0-4520-9617-20c39a7e0ca7:192.168.164.217:46425], old=null, confs=<EMPTY_MAP>
2019-10-06 05:59:22,353 [pool-403-thread-1] INFO  server.RaftServerConfigKeys (ConfUtils.java:logGet(43)) - raft.server.sleep.deviation.threshold = 300 (default)
2019-10-06 05:59:22,353 [pool-383-thread-1] INFO  server.RaftServerConfigKeys (ConfUtils.java:logGet(43)) - raft.server.storage.dir = [/workdir/hadoop-ozone/integration-test/target/test-dir/MiniOzoneClusterImpl-ffb3f97d-e333-4a69-b12a-19fbc7342164/datanode-0/data/ratis] (custom)
2019-10-06 05:59:22,353 [pool-403-thread-1] INFO  server.RaftServerConfigKeys (ConfUtils.java:logGet(43)) - raft.server.log.appender.install.snapshot.enabled = false (custom)
2019-10-06 05:59:22,353 [pool-383-thread-1] INFO  server.RaftServerConfigKeys (ConfUtils.java:logGet(43)) - raft.server.log.corruption.policy = EXCEPTION (default)
2019-10-06 05:59:22,353 [pool-403-thread-1] INFO  impl.RaftServerImpl (ServerState.java:<init>(103)) - abc6fc2d-41b0-4520-9617-20c39a7e0ca7@group-C755B63E424D: ConfigurationManager, init=-1: [14f26cba-7472-4fda-959b-ca0322e7817b:192.168.164.217:35801, e89dc92b-54a0-4ec0-9610-04001e22a467:192.168.164.217:41470, abc6fc2d-41b0-4520-9617-20c39a7e0ca7:192.168.164.217:46425], old=null, confs=<EMPTY_MAP>
2019-10-06 05:59:22,353 [pool-383-thread-1] INFO  storage.RaftStorageDirectory (RaftStorageDirectory.java:analyzeStorage(246)) - The storage directory /workdir/hadoop-ozone/integration-test/target/test-dir/MiniOzoneClusterImpl-ffb3f97d-e333-4a69-b12a-19fbc7342164/datanode-0/data/ratis/21ce28cc-61b7-4c76-a200-c755b63e424d does not exist. Creating ...
2019-10-06 05:59:22,353 [pool-403-thread-1] INFO  server.RaftServerConfigKeys (ConfUtils.java:logGet(43)) - raft.server.storage.dir = [/workdir/hadoop-ozone/integration-test/target/test-dir/MiniOzoneClusterImpl-ffb3f97d-e333-4a69-b12a-19fbc7342164/datanode-2/data/ratis] (custom)
2019-10-06 05:59:22,353 [pool-403-thread-1] INFO  server.RaftServerConfigKeys (ConfUtils.java:logGet(43)) - raft.server.log.corruption.policy = EXCEPTION (default)
2019-10-06 05:59:22,354 [pool-403-thread-1] INFO  storage.RaftStorageDirectory (RaftStorageDirectory.java:analyzeStorage(246)) - The storage directory /workdir/hadoop-ozone/integration-test/target/test-dir/MiniOzoneClusterImpl-ffb3f97d-e333-4a69-b12a-19fbc7342164/datanode-2/data/ratis/21ce28cc-61b7-4c76-a200-c755b63e424d does not exist. Creating ...
2019-10-06 05:59:22,360 [IPC Server handler 8 on 42941] INFO  net.NetworkTopology (NetworkTopologyImpl.java:add(111)) - Added a new node: /default-rack/99b8f8e6-ad60-4026-8951-ac8842382515
2019-10-06 05:59:22,360 [IPC Server handler 8 on 42941] INFO  node.SCMNodeManager (SCMNodeManager.java:register(268)) - Registered Data node : 99b8f8e6-ad60-4026-8951-ac8842382515{ip: 192.168.164.217, host: trunk-nightly-20191006-mzxw6-951422410, networkLocation: /default-rack, certSerialId: null}
2019-10-06 05:59:22,365 [pool-383-thread-1] INFO  storage.RaftStorageDirectory (RaftStorageDirectory.java:tryLock(328)) - Lock on /workdir/hadoop-ozone/integration-test/target/test-dir/MiniOzoneClusterImpl-ffb3f97d-e333-4a69-b12a-19fbc7342164/datanode-0/data/ratis/21ce28cc-61b7-4c76-a200-c755b63e424d/in_use.lock acquired by nodename 10974@trunk-nightly-20191006-mzxw6-951422410
2019-10-06 05:59:22,365 [pool-403-thread-1] INFO  storage.RaftStorageDirectory (RaftStorageDirectory.java:tryLock(328)) - Lock on /workdir/hadoop-ozone/integration-test/target/test-dir/MiniOzoneClusterImpl-ffb3f97d-e333-4a69-b12a-19fbc7342164/datanode-2/data/ratis/21ce28cc-61b7-4c76-a200-c755b63e424d/in_use.lock acquired by nodename 10974@trunk-nightly-20191006-mzxw6-951422410
2019-10-06 05:59:22,365 [pool-393-thread-1] INFO  storage.RaftStorageDirectory (RaftStorageDirectory.java:tryLock(328)) - Lock on /workdir/hadoop-ozone/integration-test/target/test-dir/MiniOzoneClusterImpl-ffb3f97d-e333-4a69-b12a-19fbc7342164/datanode-1/data/ratis/21ce28cc-61b7-4c76-a200-c755b63e424d/in_use.lock acquired by nodename 10974@trunk-nightly-20191006-mzxw6-951422410
2019-10-06 05:59:22,378 [pool-403-thread-1] INFO  storage.RaftStorage (RaftStorage.java:format(84)) - Storage directory /workdir/hadoop-ozone/integration-test/target/test-dir/MiniOzoneClusterImpl-ffb3f97d-e333-4a69-b12a-19fbc7342164/datanode-2/data/ratis/21ce28cc-61b7-4c76-a200-c755b63e424d has been successfully formatted.
2019-10-06 05:59:22,378 [pool-393-thread-1] INFO  storage.RaftStorage (RaftStorage.java:format(84)) - Storage directory /workdir/hadoop-ozone/integration-test/target/test-dir/MiniOzoneClusterImpl-ffb3f97d-e333-4a69-b12a-19fbc7342164/datanode-1/data/ratis/21ce28cc-61b7-4c76-a200-c755b63e424d has been successfully formatted.
2019-10-06 05:59:22,378 [pool-403-thread-1] INFO  ratis.ContainerStateMachine (ContainerStateMachine.java:loadSnapshot(230)) - group-C755B63E424D: The snapshot info is null. Setting the last applied indexto:(t:0, i:~)
2019-10-06 05:59:22,379 [pool-393-thread-1] INFO  ratis.ContainerStateMachine (ContainerStateMachine.java:loadSnapshot(230)) - group-C755B63E424D: The snapshot info is null. Setting the last applied indexto:(t:0, i:~)
2019-10-06 05:59:22,378 [pool-383-thread-1] INFO  storage.RaftStorage (RaftStorage.java:format(84)) - Storage directory /workdir/hadoop-ozone/integration-test/target/test-dir/MiniOzoneClusterImpl-ffb3f97d-e333-4a69-b12a-19fbc7342164/datanode-0/data/ratis/21ce28cc-61b7-4c76-a200-c755b63e424d has been successfully formatted.
2019-10-06 05:59:22,379 [pool-393-thread-1] INFO  server.RaftServerConfigKeys (ConfUtils.java:logGet(43)) - raft.server.notification.no-leader.timeout = 120s (custom)
2019-10-06 05:59:22,379 [pool-403-thread-1] INFO  server.RaftServerConfigKeys (ConfUtils.java:logGet(43)) - raft.server.notification.no-leader.timeout = 120s (custom)
2019-10-06 05:59:22,379 [pool-383-thread-1] INFO  ratis.ContainerStateMachine (ContainerStateMachine.java:loadSnapshot(230)) - group-C755B63E424D: The snapshot info is null. Setting the last applied indexto:(t:0, i:~)
2019-10-06 05:59:22,379 [pool-393-thread-1] INFO  server.RaftServerConfigKeys (ConfUtils.java:logGet(43)) - raft.server.log.use.memory = false (default)
2019-10-06 05:59:22,379 [pool-383-thread-1] INFO  server.RaftServerConfigKeys (ConfUtils.java:logGet(43)) - raft.server.notification.no-leader.timeout = 120s (custom)
2019-10-06 05:59:22,379 [pool-403-thread-1] INFO  server.RaftServerConfigKeys (ConfUtils.java:logGet(43)) - raft.server.log.use.memory = false (default)
2019-10-06 05:59:22,380 [pool-383-thread-1] INFO  server.RaftServerConfigKeys (ConfUtils.java:logGet(43)) - raft.server.log.use.memory = false (default)
2019-10-06 05:59:22,379 [pool-393-thread-1] INFO  server.RaftServerConfigKeys (ConfUtils.java:logGet(43)) - raft.server.log.purge.gap = 1000000 (custom)
2019-10-06 05:59:22,380 [pool-383-thread-1] INFO  server.RaftServerConfigKeys (ConfUtils.java:logGet(43)) - raft.server.log.purge.gap = 1000000 (custom)
2019-10-06 05:59:22,380 [pool-403-thread-1] INFO  server.RaftServerConfigKeys (ConfUtils.java:logGet(43)) - raft.server.log.purge.gap = 1000000 (custom)
2019-10-06 05:59:22,380 [pool-383-thread-1] INFO  server.RaftServerConfigKeys (ConfUtils.java:logGet(43)) - raft.server.log.appender.buffer.byte-limit = 33554432 (custom)
2019-10-06 05:59:22,380 [pool-393-thread-1] INFO  server.RaftServerConfigKeys (ConfUtils.java:logGet(43)) - raft.server.log.appender.buffer.byte-limit = 33554432 (custom)
2019-10-06 05:59:22,380 [pool-383-thread-1] INFO  server.RaftServerConfigKeys (ConfUtils.java:logGet(43)) - raft.server.log.segment.size.max = 1048576 (custom)
2019-10-06 05:59:22,380 [pool-403-thread-1] INFO  server.RaftServerConfigKeys (ConfUtils.java:logGet(43)) - raft.server.log.appender.buffer.byte-limit = 33554432 (custom)
2019-10-06 05:59:22,381 [pool-383-thread-1] INFO  server.RaftServerConfigKeys (ConfUtils.java:logGet(43)) - raft.server.log.segment.cache.num.max = 2 (custom)
2019-10-06 05:59:22,380 [pool-393-thread-1] INFO  server.RaftServerConfigKeys (ConfUtils.java:logGet(43)) - raft.server.log.segment.size.max = 1048576 (custom)
2019-10-06 05:59:22,381 [pool-383-thread-1] INFO  segmented.SegmentedRaftLogWorker (SegmentedRaftLogWorker.java:<init>(173)) - new e89dc92b-54a0-4ec0-9610-04001e22a467@group-C755B63E424D-SegmentedRaftLogWorker for RaftStorage:Storage Directory /workdir/hadoop-ozone/integration-test/target/test-dir/MiniOzoneClusterImpl-ffb3f97d-e333-4a69-b12a-19fbc7342164/datanode-0/data/ratis/21ce28cc-61b7-4c76-a200-c755b63e424d
2019-10-06 05:59:22,381 [pool-403-thread-1] INFO  server.RaftServerConfigKeys (ConfUtils.java:logGet(43)) - raft.server.log.segment.size.max = 1048576 (custom)
2019-10-06 05:59:22,381 [pool-383-thread-1] INFO  server.RaftServerConfigKeys (ConfUtils.java:logGet(43)) - raft.server.log.queue.byte-limit = 2147483647 (custom)
2019-10-06 05:59:22,381 [pool-393-thread-1] INFO  server.RaftServerConfigKeys (ConfUtils.java:logGet(43)) - raft.server.log.segment.cache.num.max = 2 (custom)
2019-10-06 05:59:22,381 [pool-383-thread-1] INFO  server.RaftServerConfigKeys (ConfUtils.java:logGet(43)) - raft.server.log.queue.element-limit = 1024 (custom)
2019-10-06 05:59:22,381 [pool-403-thread-1] INFO  server.RaftServerConfigKeys (ConfUtils.java:logGet(43)) - raft.server.log.segment.cache.num.max = 2 (custom)
2019-10-06 05:59:22,382 [pool-383-thread-1] INFO  server.RaftServerConfigKeys (ConfUtils.java:logGet(43)) - raft.server.log.segment.size.max = 1048576 (custom)
2019-10-06 05:59:22,381 [pool-393-thread-1] INFO  segmented.SegmentedRaftLogWorker (SegmentedRaftLogWorker.java:<init>(173)) - new 14f26cba-7472-4fda-959b-ca0322e7817b@group-C755B63E424D-SegmentedRaftLogWorker for RaftStorage:Storage Directory /workdir/hadoop-ozone/integration-test/target/test-dir/MiniOzoneClusterImpl-ffb3f97d-e333-4a69-b12a-19fbc7342164/datanode-1/data/ratis/21ce28cc-61b7-4c76-a200-c755b63e424d
2019-10-06 05:59:22,382 [pool-383-thread-1] INFO  server.RaftServerConfigKeys (ConfUtils.java:logGet(43)) - raft.server.log.preallocated.size = 16384 (custom)
2019-10-06 05:59:22,382 [pool-403-thread-1] INFO  segmented.SegmentedRaftLogWorker (SegmentedRaftLogWorker.java:<init>(173)) - new abc6fc2d-41b0-4520-9617-20c39a7e0ca7@group-C755B63E424D-SegmentedRaftLogWorker for RaftStorage:Storage Directory /workdir/hadoop-ozone/integration-test/target/test-dir/MiniOzoneClusterImpl-ffb3f97d-e333-4a69-b12a-19fbc7342164/datanode-2/data/ratis/21ce28cc-61b7-4c76-a200-c755b63e424d
2019-10-06 05:59:22,382 [pool-383-thread-1] INFO  server.RaftServerConfigKeys (ConfUtils.java:logGet(43)) - raft.server.log.write.buffer.size = 33554432 (custom)
2019-10-06 05:59:22,382 [pool-393-thread-1] INFO  server.RaftServerConfigKeys (ConfUtils.java:logGet(43)) - raft.server.log.queue.byte-limit = 2147483647 (custom)
2019-10-06 05:59:22,382 [pool-383-thread-1] INFO  server.RaftServerConfigKeys (ConfUtils.java:logGet(43)) - raft.server.log.force.sync.num = 128 (default)
2019-10-06 05:59:22,382 [pool-403-thread-1] INFO  server.RaftServerConfigKeys (ConfUtils.java:logGet(43)) - raft.server.log.queue.byte-limit = 2147483647 (custom)
2019-10-06 05:59:22,383 [pool-383-thread-1] INFO  server.RaftServerConfigKeys (ConfUtils.java:logGet(43)) - raft.server.log.statemachine.data.sync = true (default)
2019-10-06 05:59:22,382 [pool-393-thread-1] INFO  server.RaftServerConfigKeys (ConfUtils.java:logGet(43)) - raft.server.log.queue.element-limit = 1024 (custom)
2019-10-06 05:59:22,383 [pool-383-thread-1] INFO  server.RaftServerConfigKeys (ConfUtils.java:logGet(43)) - raft.server.log.statemachine.data.sync.timeout = 10s (default)
2019-10-06 05:59:22,383 [pool-403-thread-1] INFO  server.RaftServerConfigKeys (ConfUtils.java:logGet(43)) - raft.server.log.queue.element-limit = 1024 (custom)
2019-10-06 05:59:22,383 [pool-383-thread-1] INFO  server.RaftServerConfigKeys (ConfUtils.java:logGet(43)) - raft.server.log.statemachine.data.sync.timeout.retry = -1 (default)
2019-10-06 05:59:22,383 [pool-393-thread-1] INFO  server.RaftServerConfigKeys (ConfUtils.java:logGet(43)) - raft.server.log.segment.size.max = 1048576 (custom)
2019-10-06 05:59:22,383 [pool-383-thread-1] INFO  server.RaftServerConfigKeys (ConfUtils.java:logGet(43)) - raft.server.log.statemachine.data.caching.enabled = true (custom)
2019-10-06 05:59:22,383 [pool-403-thread-1] INFO  server.RaftServerConfigKeys (ConfUtils.java:logGet(43)) - raft.server.log.segment.size.max = 1048576 (custom)
2019-10-06 05:59:22,383 [pool-393-thread-1] INFO  server.RaftServerConfigKeys (ConfUtils.java:logGet(43)) - raft.server.log.preallocated.size = 16384 (custom)
2019-10-06 05:59:22,384 [pool-383-thread-1] INFO  segmented.SegmentedRaftLogWorker (SegmentedRaftLogWorker.java:lambda$new$0(128)) - e89dc92b-54a0-4ec0-9610-04001e22a467@group-C755B63E424D-SegmentedRaftLogWorker: flushIndex: setUnconditionally 0 -> -1
2019-10-06 05:59:22,384 [pool-403-thread-1] INFO  server.RaftServerConfigKeys (ConfUtils.java:logGet(43)) - raft.server.log.preallocated.size = 16384 (custom)
2019-10-06 05:59:22,384 [pool-393-thread-1] INFO  server.RaftServerConfigKeys (ConfUtils.java:logGet(43)) - raft.server.log.write.buffer.size = 33554432 (custom)
2019-10-06 05:59:22,384 [pool-403-thread-1] INFO  server.RaftServerConfigKeys (ConfUtils.java:logGet(43)) - raft.server.log.write.buffer.size = 33554432 (custom)
2019-10-06 05:59:22,384 [pool-383-thread-1] INFO  server.RaftServerConfigKeys (ConfUtils.java:logGet(43)) - raft.server.snapshot.auto.trigger.enabled = true (custom)
2019-10-06 05:59:22,384 [pool-393-thread-1] INFO  server.RaftServerConfigKeys (ConfUtils.java:logGet(43)) - raft.server.log.force.sync.num = 128 (default)
2019-10-06 05:59:22,384 [pool-383-thread-1] INFO  server.RaftServerConfigKeys (ConfUtils.java:logGet(43)) - raft.server.snapshot.auto.trigger.threshold = 10000 (custom)
2019-10-06 05:59:22,384 [pool-403-thread-1] INFO  server.RaftServerConfigKeys (ConfUtils.java:logGet(43)) - raft.server.log.force.sync.num = 128 (default)
2019-10-06 05:59:22,385 [pool-383-thread-1] INFO  server.RaftServerConfigKeys (ConfUtils.java:logGet(43)) - raft.server.snapshot.retention.file.num = 5 (custom)
2019-10-06 05:59:22,384 [pool-393-thread-1] INFO  server.RaftServerConfigKeys (ConfUtils.java:logGet(43)) - raft.server.log.statemachine.data.sync = true (default)
2019-10-06 05:59:22,385 [pool-383-thread-1] INFO  server.RaftServerConfigKeys (ConfUtils.java:logGet(43)) - raft.server.retrycache.expirytime = 600000ms (custom)
2019-10-06 05:59:22,385 [pool-403-thread-1] INFO  server.RaftServerConfigKeys (ConfUtils.java:logGet(43)) - raft.server.log.statemachine.data.sync = true (default)
2019-10-06 05:59:22,385 [pool-393-thread-1] INFO  server.RaftServerConfigKeys (ConfUtils.java:logGet(43)) - raft.server.log.statemachine.data.sync.timeout = 10s (default)
2019-10-06 05:59:22,385 [pool-403-thread-1] INFO  server.RaftServerConfigKeys (ConfUtils.java:logGet(43)) - raft.server.log.statemachine.data.sync.timeout = 10s (default)
2019-10-06 05:59:22,385 [pool-393-thread-1] INFO  server.RaftServerConfigKeys (ConfUtils.java:logGet(43)) - raft.server.log.statemachine.data.sync.timeout.retry = -1 (default)
2019-10-06 05:59:22,385 [pool-403-thread-1] INFO  server.RaftServerConfigKeys (ConfUtils.java:logGet(43)) - raft.server.log.statemachine.data.sync.timeout.retry = -1 (default)
2019-10-06 05:59:22,386 [pool-403-thread-1] INFO  server.RaftServerConfigKeys (ConfUtils.java:logGet(43)) - raft.server.log.statemachine.data.caching.enabled = true (custom)
2019-10-06 05:59:22,386 [pool-393-thread-1] INFO  server.RaftServerConfigKeys (ConfUtils.java:logGet(43)) - raft.server.log.statemachine.data.caching.enabled = true (custom)
2019-10-06 05:59:22,386 [pool-403-thread-1] INFO  segmented.SegmentedRaftLogWorker (SegmentedRaftLogWorker.java:lambda$new$0(128)) - abc6fc2d-41b0-4520-9617-20c39a7e0ca7@group-C755B63E424D-SegmentedRaftLogWorker: flushIndex: setUnconditionally 0 -> -1
2019-10-06 05:59:22,386 [pool-393-thread-1] INFO  segmented.SegmentedRaftLogWorker (SegmentedRaftLogWorker.java:lambda$new$0(128)) - 14f26cba-7472-4fda-959b-ca0322e7817b@group-C755B63E424D-SegmentedRaftLogWorker: flushIndex: setUnconditionally 0 -> -1
2019-10-06 05:59:22,386 [pool-403-thread-1] INFO  server.RaftServerConfigKeys (ConfUtils.java:logGet(43)) - raft.server.snapshot.auto.trigger.enabled = true (custom)
2019-10-06 05:59:22,386 [pool-403-thread-1] INFO  server.RaftServerConfigKeys (ConfUtils.java:logGet(43)) - raft.server.snapshot.auto.trigger.threshold = 10000 (custom)
2019-10-06 05:59:22,386 [pool-393-thread-1] INFO  server.RaftServerConfigKeys (ConfUtils.java:logGet(43)) - raft.server.snapshot.auto.trigger.enabled = true (custom)
2019-10-06 05:59:22,386 [pool-403-thread-1] INFO  server.RaftServerConfigKeys (ConfUtils.java:logGet(43)) - raft.server.snapshot.retention.file.num = 5 (custom)
2019-10-06 05:59:22,386 [pool-393-thread-1] INFO  server.RaftServerConfigKeys (ConfUtils.java:logGet(43)) - raft.server.snapshot.auto.trigger.threshold = 10000 (custom)
2019-10-06 05:59:22,386 [pool-403-thread-1] INFO  server.RaftServerConfigKeys (ConfUtils.java:logGet(43)) - raft.server.retrycache.expirytime = 600000ms (custom)
2019-10-06 05:59:22,386 [pool-393-thread-1] INFO  server.RaftServerConfigKeys (ConfUtils.java:logGet(43)) - raft.server.snapshot.retention.file.num = 5 (custom)
2019-10-06 05:59:22,387 [pool-393-thread-1] INFO  server.RaftServerConfigKeys (ConfUtils.java:logGet(43)) - raft.server.retrycache.expirytime = 600000ms (custom)
2019-10-06 05:59:22,387 [pool-383-thread-1] INFO  impl.RaftServerImpl (RaftServerImpl.java:start(181)) - e89dc92b-54a0-4ec0-9610-04001e22a467@group-C755B63E424D: start as a follower, conf=-1: [14f26cba-7472-4fda-959b-ca0322e7817b:192.168.164.217:35801, e89dc92b-54a0-4ec0-9610-04001e22a467:192.168.164.217:41470, abc6fc2d-41b0-4520-9617-20c39a7e0ca7:192.168.164.217:46425], old=null
2019-10-06 05:59:22,387 [pool-383-thread-1] INFO  impl.RaftServerImpl (RaftServerImpl.java:setRole(170)) - e89dc92b-54a0-4ec0-9610-04001e22a467@group-C755B63E424D: changes role from      null to FOLLOWER at term 0 for startAsFollower
2019-10-06 05:59:22,387 [pool-383-thread-1] INFO  impl.RoleInfo (RoleInfo.java:updateAndGet(143)) - e89dc92b-54a0-4ec0-9610-04001e22a467: start FollowerState
2019-10-06 05:59:22,388 [pool-383-thread-1] INFO  util.JmxRegister (JmxRegister.java:tryRegister(44)) - Successfully registered JMX Bean with object name Ratis:service=RaftServer,group=group-C755B63E424D,id=e89dc92b-54a0-4ec0-9610-04001e22a467
2019-10-06 05:59:22,388 [pool-403-thread-1] INFO  impl.RaftServerImpl (RaftServerImpl.java:start(181)) - abc6fc2d-41b0-4520-9617-20c39a7e0ca7@group-C755B63E424D: start as a follower, conf=-1: [14f26cba-7472-4fda-959b-ca0322e7817b:192.168.164.217:35801, e89dc92b-54a0-4ec0-9610-04001e22a467:192.168.164.217:41470, abc6fc2d-41b0-4520-9617-20c39a7e0ca7:192.168.164.217:46425], old=null
2019-10-06 05:59:22,388 [pool-403-thread-1] INFO  impl.RaftServerImpl (RaftServerImpl.java:setRole(170)) - abc6fc2d-41b0-4520-9617-20c39a7e0ca7@group-C755B63E424D: changes role from      null to FOLLOWER at term 0 for startAsFollower
2019-10-06 05:59:22,388 [pool-403-thread-1] INFO  impl.RoleInfo (RoleInfo.java:updateAndGet(143)) - abc6fc2d-41b0-4520-9617-20c39a7e0ca7: start FollowerState
2019-10-06 05:59:22,388 [pool-393-thread-1] INFO  impl.RaftServerImpl (RaftServerImpl.java:start(181)) - 14f26cba-7472-4fda-959b-ca0322e7817b@group-C755B63E424D: start as a follower, conf=-1: [14f26cba-7472-4fda-959b-ca0322e7817b:192.168.164.217:35801, e89dc92b-54a0-4ec0-9610-04001e22a467:192.168.164.217:41470, abc6fc2d-41b0-4520-9617-20c39a7e0ca7:192.168.164.217:46425], old=null
2019-10-06 05:59:22,388 [pool-393-thread-1] INFO  impl.RaftServerImpl (RaftServerImpl.java:setRole(170)) - 14f26cba-7472-4fda-959b-ca0322e7817b@group-C755B63E424D: changes role from      null to FOLLOWER at term 0 for startAsFollower
2019-10-06 05:59:22,389 [pool-403-thread-1] INFO  util.JmxRegister (JmxRegister.java:tryRegister(44)) - Successfully registered JMX Bean with object name Ratis:service=RaftServer,group=group-C755B63E424D,id=abc6fc2d-41b0-4520-9617-20c39a7e0ca7
2019-10-06 05:59:22,389 [pool-393-thread-1] INFO  impl.RoleInfo (RoleInfo.java:updateAndGet(143)) - 14f26cba-7472-4fda-959b-ca0322e7817b: start FollowerState
2019-10-06 05:59:22,389 [pool-393-thread-1] INFO  util.JmxRegister (JmxRegister.java:tryRegister(44)) - Successfully registered JMX Bean with object name Ratis:service=RaftServer,group=group-C755B63E424D,id=14f26cba-7472-4fda-959b-ca0322e7817b
2019-10-06 05:59:22,393 [RatisPipelineUtilsThread] INFO  pipeline.PipelineStateManager (PipelineStateManager.java:addPipeline(56)) - Created pipeline Pipeline[ Id: 21ce28cc-61b7-4c76-a200-c755b63e424d, Nodes: e89dc92b-54a0-4ec0-9610-04001e22a467{ip: 192.168.164.217, host: trunk-nightly-20191006-mzxw6-951422410, networkLocation: /default-rack, certSerialId: null}14f26cba-7472-4fda-959b-ca0322e7817b{ip: 192.168.164.217, host: trunk-nightly-20191006-mzxw6-951422410, networkLocation: /default-rack, certSerialId: null}abc6fc2d-41b0-4520-9617-20c39a7e0ca7{ip: 192.168.164.217, host: trunk-nightly-20191006-mzxw6-951422410, networkLocation: /default-rack, certSerialId: null}, Type:RATIS, Factor:THREE, State:OPEN]
2019-10-06 05:59:22,450 [IPC Server handler 7 on 42941] INFO  net.NetworkTopology (NetworkTopologyImpl.java:add(111)) - Added a new node: /default-rack/aa92a106-0c47-45bf-a1dd-99d47ca5d92d
2019-10-06 05:59:22,450 [IPC Server handler 7 on 42941] INFO  node.SCMNodeManager (SCMNodeManager.java:register(268)) - Registered Data node : aa92a106-0c47-45bf-a1dd-99d47ca5d92d{ip: 192.168.164.217, host: trunk-nightly-20191006-mzxw6-951422410, networkLocation: /default-rack, certSerialId: null}
2019-10-06 05:59:22,459 [grpc-default-executor-5] INFO  impl.RaftServerProxy (RaftServerProxy.java:addNew(89)) - 99b8f8e6-ad60-4026-8951-ac8842382515: addNew group-C9C0E7C9DA8B:[99b8f8e6-ad60-4026-8951-ac8842382515:192.168.164.217:44770] returns group-C9C0E7C9DA8B:java.util.concurrent.CompletableFuture@2dbc8ebf[Not completed]
2019-10-06 05:59:22,460 [pool-413-thread-1] INFO  impl.RaftServerImpl (RaftServerImpl.java:<init>(95)) - 99b8f8e6-ad60-4026-8951-ac8842382515: new RaftServerImpl for group-C9C0E7C9DA8B:[99b8f8e6-ad60-4026-8951-ac8842382515:192.168.164.217:44770] with ContainerStateMachine:uninitialized
2019-10-06 05:59:22,460 [pool-413-thread-1] INFO  server.RaftServerConfigKeys (ConfUtils.java:logGet(43)) - raft.server.rpc.timeout.min = 5s (custom)
2019-10-06 05:59:22,460 [pool-413-thread-1] INFO  server.RaftServerConfigKeys (ConfUtils.java:logGet(43)) - raft.server.rpc.timeout.max = 5200ms (custom)
2019-10-06 05:59:22,460 [pool-413-thread-1] INFO  server.RaftServerConfigKeys (ConfUtils.java:logGet(43)) - raft.server.rpcslowness.timeout = 120s (custom)
2019-10-06 05:59:22,460 [pool-413-thread-1] INFO  server.RaftServerConfigKeys (ConfUtils.java:logGet(43)) - raft.server.sleep.deviation.threshold = 300 (default)
2019-10-06 05:59:22,460 [pool-413-thread-1] INFO  server.RaftServerConfigKeys (ConfUtils.java:logGet(43)) - raft.server.log.appender.install.snapshot.enabled = false (custom)
2019-10-06 05:59:22,460 [pool-413-thread-1] INFO  impl.RaftServerImpl (ServerState.java:<init>(103)) - 99b8f8e6-ad60-4026-8951-ac8842382515@group-C9C0E7C9DA8B: ConfigurationManager, init=-1: [99b8f8e6-ad60-4026-8951-ac8842382515:192.168.164.217:44770], old=null, confs=<EMPTY_MAP>
2019-10-06 05:59:22,460 [pool-413-thread-1] INFO  server.RaftServerConfigKeys (ConfUtils.java:logGet(43)) - raft.server.storage.dir = [/workdir/hadoop-ozone/integration-test/target/test-dir/MiniOzoneClusterImpl-ffb3f97d-e333-4a69-b12a-19fbc7342164/datanode-3/data/ratis] (custom)
2019-10-06 05:59:22,461 [pool-413-thread-1] INFO  server.RaftServerConfigKeys (ConfUtils.java:logGet(43)) - raft.server.log.corruption.policy = EXCEPTION (default)
2019-10-06 05:59:22,461 [pool-413-thread-1] INFO  storage.RaftStorageDirectory (RaftStorageDirectory.java:analyzeStorage(246)) - The storage directory /workdir/hadoop-ozone/integration-test/target/test-dir/MiniOzoneClusterImpl-ffb3f97d-e333-4a69-b12a-19fbc7342164/datanode-3/data/ratis/64989b6f-143c-405b-8f81-c9c0e7c9da8b does not exist. Creating ...
2019-10-06 05:59:22,474 [pool-413-thread-1] INFO  storage.RaftStorageDirectory (RaftStorageDirectory.java:tryLock(328)) - Lock on /workdir/hadoop-ozone/integration-test/target/test-dir/MiniOzoneClusterImpl-ffb3f97d-e333-4a69-b12a-19fbc7342164/datanode-3/data/ratis/64989b6f-143c-405b-8f81-c9c0e7c9da8b/in_use.lock acquired by nodename 10974@trunk-nightly-20191006-mzxw6-951422410
2019-10-06 05:59:22,487 [pool-413-thread-1] INFO  storage.RaftStorage (RaftStorage.java:format(84)) - Storage directory /workdir/hadoop-ozone/integration-test/target/test-dir/MiniOzoneClusterImpl-ffb3f97d-e333-4a69-b12a-19fbc7342164/datanode-3/data/ratis/64989b6f-143c-405b-8f81-c9c0e7c9da8b has been successfully formatted.
2019-10-06 05:59:22,487 [pool-413-thread-1] INFO  ratis.ContainerStateMachine (ContainerStateMachine.java:loadSnapshot(230)) - group-C9C0E7C9DA8B: The snapshot info is null. Setting the last applied indexto:(t:0, i:~)
2019-10-06 05:59:22,487 [pool-413-thread-1] INFO  server.RaftServerConfigKeys (ConfUtils.java:logGet(43)) - raft.server.notification.no-leader.timeout = 120s (custom)
2019-10-06 05:59:22,488 [pool-413-thread-1] INFO  server.RaftServerConfigKeys (ConfUtils.java:logGet(43)) - raft.server.log.use.memory = false (default)
2019-10-06 05:59:22,488 [pool-413-thread-1] INFO  server.RaftServerConfigKeys (ConfUtils.java:logGet(43)) - raft.server.log.purge.gap = 1000000 (custom)
2019-10-06 05:59:22,488 [pool-413-thread-1] INFO  server.RaftServerConfigKeys (ConfUtils.java:logGet(43)) - raft.server.log.appender.buffer.byte-limit = 33554432 (custom)
2019-10-06 05:59:22,488 [pool-413-thread-1] INFO  server.RaftServerConfigKeys (ConfUtils.java:logGet(43)) - raft.server.log.segment.size.max = 1048576 (custom)
2019-10-06 05:59:22,490 [pool-413-thread-1] INFO  server.RaftServerConfigKeys (ConfUtils.java:logGet(43)) - raft.server.log.segment.cache.num.max = 2 (custom)
2019-10-06 05:59:22,490 [pool-413-thread-1] INFO  segmented.SegmentedRaftLogWorker (SegmentedRaftLogWorker.java:<init>(173)) - new 99b8f8e6-ad60-4026-8951-ac8842382515@group-C9C0E7C9DA8B-SegmentedRaftLogWorker for RaftStorage:Storage Directory /workdir/hadoop-ozone/integration-test/target/test-dir/MiniOzoneClusterImpl-ffb3f97d-e333-4a69-b12a-19fbc7342164/datanode-3/data/ratis/64989b6f-143c-405b-8f81-c9c0e7c9da8b
2019-10-06 05:59:22,490 [pool-413-thread-1] INFO  server.RaftServerConfigKeys (ConfUtils.java:logGet(43)) - raft.server.log.queue.byte-limit = 2147483647 (custom)
2019-10-06 05:59:22,490 [pool-413-thread-1] INFO  server.RaftServerConfigKeys (ConfUtils.java:logGet(43)) - raft.server.log.queue.element-limit = 1024 (custom)
2019-10-06 05:59:22,490 [pool-413-thread-1] INFO  server.RaftServerConfigKeys (ConfUtils.java:logGet(43)) - raft.server.log.segment.size.max = 1048576 (custom)
2019-10-06 05:59:22,490 [pool-413-thread-1] INFO  server.RaftServerConfigKeys (ConfUtils.java:logGet(43)) - raft.server.log.preallocated.size = 16384 (custom)
2019-10-06 05:59:22,490 [pool-413-thread-1] INFO  server.RaftServerConfigKeys (ConfUtils.java:logGet(43)) - raft.server.log.write.buffer.size = 33554432 (custom)
2019-10-06 05:59:22,491 [pool-413-thread-1] INFO  server.RaftServerConfigKeys (ConfUtils.java:logGet(43)) - raft.server.log.force.sync.num = 128 (default)
2019-10-06 05:59:22,491 [pool-413-thread-1] INFO  server.RaftServerConfigKeys (ConfUtils.java:logGet(43)) - raft.server.log.statemachine.data.sync = true (default)
2019-10-06 05:59:22,491 [pool-413-thread-1] INFO  server.RaftServerConfigKeys (ConfUtils.java:logGet(43)) - raft.server.log.statemachine.data.sync.timeout = 10s (default)
2019-10-06 05:59:22,491 [pool-413-thread-1] INFO  server.RaftServerConfigKeys (ConfUtils.java:logGet(43)) - raft.server.log.statemachine.data.sync.timeout.retry = -1 (default)
2019-10-06 05:59:22,491 [pool-413-thread-1] INFO  server.RaftServerConfigKeys (ConfUtils.java:logGet(43)) - raft.server.log.statemachine.data.caching.enabled = true (custom)
2019-10-06 05:59:22,492 [pool-413-thread-1] INFO  segmented.SegmentedRaftLogWorker (SegmentedRaftLogWorker.java:lambda$new$0(128)) - 99b8f8e6-ad60-4026-8951-ac8842382515@group-C9C0E7C9DA8B-SegmentedRaftLogWorker: flushIndex: setUnconditionally 0 -> -1
2019-10-06 05:59:22,492 [pool-413-thread-1] INFO  server.RaftServerConfigKeys (ConfUtils.java:logGet(43)) - raft.server.snapshot.auto.trigger.enabled = true (custom)
2019-10-06 05:59:22,492 [pool-413-thread-1] INFO  server.RaftServerConfigKeys (ConfUtils.java:logGet(43)) - raft.server.snapshot.auto.trigger.threshold = 10000 (custom)
2019-10-06 05:59:22,493 [pool-413-thread-1] INFO  server.RaftServerConfigKeys (ConfUtils.java:logGet(43)) - raft.server.snapshot.retention.file.num = 5 (custom)
2019-10-06 05:59:22,493 [pool-413-thread-1] INFO  server.RaftServerConfigKeys (ConfUtils.java:logGet(43)) - raft.server.retrycache.expirytime = 600000ms (custom)
2019-10-06 05:59:22,494 [pool-413-thread-1] INFO  impl.RaftServerImpl (RaftServerImpl.java:start(181)) - 99b8f8e6-ad60-4026-8951-ac8842382515@group-C9C0E7C9DA8B: start as a follower, conf=-1: [99b8f8e6-ad60-4026-8951-ac8842382515:192.168.164.217:44770], old=null
2019-10-06 05:59:22,494 [pool-413-thread-1] INFO  impl.RaftServerImpl (RaftServerImpl.java:setRole(170)) - 99b8f8e6-ad60-4026-8951-ac8842382515@group-C9C0E7C9DA8B: changes role from      null to FOLLOWER at term 0 for startAsFollower
2019-10-06 05:59:22,495 [pool-413-thread-1] INFO  impl.RoleInfo (RoleInfo.java:updateAndGet(143)) - 99b8f8e6-ad60-4026-8951-ac8842382515: start FollowerState
2019-10-06 05:59:22,495 [pool-413-thread-1] INFO  util.JmxRegister (JmxRegister.java:tryRegister(44)) - Successfully registered JMX Bean with object name Ratis:service=RaftServer,group=group-C9C0E7C9DA8B,id=99b8f8e6-ad60-4026-8951-ac8842382515
2019-10-06 05:59:22,499 [RatisPipelineUtilsThread] INFO  pipeline.PipelineStateManager (PipelineStateManager.java:addPipeline(56)) - Created pipeline Pipeline[ Id: 64989b6f-143c-405b-8f81-c9c0e7c9da8b, Nodes: 99b8f8e6-ad60-4026-8951-ac8842382515{ip: 192.168.164.217, host: trunk-nightly-20191006-mzxw6-951422410, networkLocation: /default-rack, certSerialId: null}, Type:RATIS, Factor:ONE, State:OPEN]
2019-10-06 05:59:22,512 [grpc-default-executor-5] INFO  impl.RaftServerProxy (RaftServerProxy.java:addNew(89)) - aa92a106-0c47-45bf-a1dd-99d47ca5d92d: addNew group-F726EF570F08:[aa92a106-0c47-45bf-a1dd-99d47ca5d92d:192.168.164.217:38679] returns group-F726EF570F08:java.util.concurrent.CompletableFuture@3989a88[Not completed]
2019-10-06 05:59:22,513 [pool-423-thread-1] INFO  impl.RaftServerImpl (RaftServerImpl.java:<init>(95)) - aa92a106-0c47-45bf-a1dd-99d47ca5d92d: new RaftServerImpl for group-F726EF570F08:[aa92a106-0c47-45bf-a1dd-99d47ca5d92d:192.168.164.217:38679] with ContainerStateMachine:uninitialized
2019-10-06 05:59:22,513 [pool-423-thread-1] INFO  server.RaftServerConfigKeys (ConfUtils.java:logGet(43)) - raft.server.rpc.timeout.min = 5s (custom)
2019-10-06 05:59:22,513 [pool-423-thread-1] INFO  server.RaftServerConfigKeys (ConfUtils.java:logGet(43)) - raft.server.rpc.timeout.max = 5200ms (custom)
2019-10-06 05:59:22,513 [pool-423-thread-1] INFO  server.RaftServerConfigKeys (ConfUtils.java:logGet(43)) - raft.server.rpcslowness.timeout = 120s (custom)
2019-10-06 05:59:22,514 [pool-423-thread-1] INFO  server.RaftServerConfigKeys (ConfUtils.java:logGet(43)) - raft.server.sleep.deviation.threshold = 300 (default)
2019-10-06 05:59:22,514 [pool-423-thread-1] INFO  server.RaftServerConfigKeys (ConfUtils.java:logGet(43)) - raft.server.log.appender.install.snapshot.enabled = false (custom)
2019-10-06 05:59:22,514 [pool-423-thread-1] INFO  impl.RaftServerImpl (ServerState.java:<init>(103)) - aa92a106-0c47-45bf-a1dd-99d47ca5d92d@group-F726EF570F08: ConfigurationManager, init=-1: [aa92a106-0c47-45bf-a1dd-99d47ca5d92d:192.168.164.217:38679], old=null, confs=<EMPTY_MAP>
2019-10-06 05:59:22,514 [pool-423-thread-1] INFO  server.RaftServerConfigKeys (ConfUtils.java:logGet(43)) - raft.server.storage.dir = [/workdir/hadoop-ozone/integration-test/target/test-dir/MiniOzoneClusterImpl-ffb3f97d-e333-4a69-b12a-19fbc7342164/datanode-4/data/ratis] (custom)
2019-10-06 05:59:22,514 [pool-423-thread-1] INFO  server.RaftServerConfigKeys (ConfUtils.java:logGet(43)) - raft.server.log.corruption.policy = EXCEPTION (default)
2019-10-06 05:59:22,514 [pool-423-thread-1] INFO  storage.RaftStorageDirectory (RaftStorageDirectory.java:analyzeStorage(246)) - The storage directory /workdir/hadoop-ozone/integration-test/target/test-dir/MiniOzoneClusterImpl-ffb3f97d-e333-4a69-b12a-19fbc7342164/datanode-4/data/ratis/86338e3f-317f-4d78-9fc0-f726ef570f08 does not exist. Creating ...
2019-10-06 05:59:22,527 [pool-423-thread-1] INFO  storage.RaftStorageDirectory (RaftStorageDirectory.java:tryLock(328)) - Lock on /workdir/hadoop-ozone/integration-test/target/test-dir/MiniOzoneClusterImpl-ffb3f97d-e333-4a69-b12a-19fbc7342164/datanode-4/data/ratis/86338e3f-317f-4d78-9fc0-f726ef570f08/in_use.lock acquired by nodename 10974@trunk-nightly-20191006-mzxw6-951422410
2019-10-06 05:59:22,532 [IPC Server handler 0 on 42941] INFO  net.NetworkTopology (NetworkTopologyImpl.java:add(111)) - Added a new node: /default-rack/705adbea-0084-48de-adcb-5cab9b4c0df3
2019-10-06 05:59:22,532 [IPC Server handler 0 on 42941] INFO  node.SCMNodeManager (SCMNodeManager.java:register(268)) - Registered Data node : 705adbea-0084-48de-adcb-5cab9b4c0df3{ip: 192.168.164.217, host: trunk-nightly-20191006-mzxw6-951422410, networkLocation: /default-rack, certSerialId: null}
2019-10-06 05:59:22,540 [pool-423-thread-1] INFO  storage.RaftStorage (RaftStorage.java:format(84)) - Storage directory /workdir/hadoop-ozone/integration-test/target/test-dir/MiniOzoneClusterImpl-ffb3f97d-e333-4a69-b12a-19fbc7342164/datanode-4/data/ratis/86338e3f-317f-4d78-9fc0-f726ef570f08 has been successfully formatted.
2019-10-06 05:59:22,540 [pool-423-thread-1] INFO  ratis.ContainerStateMachine (ContainerStateMachine.java:loadSnapshot(230)) - group-F726EF570F08: The snapshot info is null. Setting the last applied indexto:(t:0, i:~)
2019-10-06 05:59:22,540 [pool-423-thread-1] INFO  server.RaftServerConfigKeys (ConfUtils.java:logGet(43)) - raft.server.notification.no-leader.timeout = 120s (custom)
2019-10-06 05:59:22,540 [pool-423-thread-1] INFO  server.RaftServerConfigKeys (ConfUtils.java:logGet(43)) - raft.server.log.use.memory = false (default)
2019-10-06 05:59:22,540 [pool-423-thread-1] INFO  server.RaftServerConfigKeys (ConfUtils.java:logGet(43)) - raft.server.log.purge.gap = 1000000 (custom)
2019-10-06 05:59:22,540 [pool-423-thread-1] INFO  server.RaftServerConfigKeys (ConfUtils.java:logGet(43)) - raft.server.log.appender.buffer.byte-limit = 33554432 (custom)
2019-10-06 05:59:22,541 [pool-423-thread-1] INFO  server.RaftServerConfigKeys (ConfUtils.java:logGet(43)) - raft.server.log.segment.size.max = 1048576 (custom)
2019-10-06 05:59:22,542 [pool-423-thread-1] INFO  server.RaftServerConfigKeys (ConfUtils.java:logGet(43)) - raft.server.log.segment.cache.num.max = 2 (custom)
2019-10-06 05:59:22,542 [pool-423-thread-1] INFO  segmented.SegmentedRaftLogWorker (SegmentedRaftLogWorker.java:<init>(173)) - new aa92a106-0c47-45bf-a1dd-99d47ca5d92d@group-F726EF570F08-SegmentedRaftLogWorker for RaftStorage:Storage Directory /workdir/hadoop-ozone/integration-test/target/test-dir/MiniOzoneClusterImpl-ffb3f97d-e333-4a69-b12a-19fbc7342164/datanode-4/data/ratis/86338e3f-317f-4d78-9fc0-f726ef570f08
2019-10-06 05:59:22,542 [pool-423-thread-1] INFO  server.RaftServerConfigKeys (ConfUtils.java:logGet(43)) - raft.server.log.queue.byte-limit = 2147483647 (custom)
2019-10-06 05:59:22,543 [pool-423-thread-1] INFO  server.RaftServerConfigKeys (ConfUtils.java:logGet(43)) - raft.server.log.queue.element-limit = 1024 (custom)
2019-10-06 05:59:22,543 [pool-423-thread-1] INFO  server.RaftServerConfigKeys (ConfUtils.java:logGet(43)) - raft.server.log.segment.size.max = 1048576 (custom)
2019-10-06 05:59:22,543 [pool-423-thread-1] INFO  server.RaftServerConfigKeys (ConfUtils.java:logGet(43)) - raft.server.log.preallocated.size = 16384 (custom)
2019-10-06 05:59:22,543 [pool-423-thread-1] INFO  server.RaftServerConfigKeys (ConfUtils.java:logGet(43)) - raft.server.log.write.buffer.size = 33554432 (custom)
2019-10-06 05:59:22,543 [pool-423-thread-1] INFO  server.RaftServerConfigKeys (ConfUtils.java:logGet(43)) - raft.server.log.force.sync.num = 128 (default)
2019-10-06 05:59:22,543 [pool-423-thread-1] INFO  server.RaftServerConfigKeys (ConfUtils.java:logGet(43)) - raft.server.log.statemachine.data.sync = true (default)
2019-10-06 05:59:22,543 [pool-423-thread-1] INFO  server.RaftServerConfigKeys (ConfUtils.java:logGet(43)) - raft.server.log.statemachine.data.sync.timeout = 10s (default)
2019-10-06 05:59:22,543 [pool-423-thread-1] INFO  server.RaftServerConfigKeys (ConfUtils.java:logGet(43)) - raft.server.log.statemachine.data.sync.timeout.retry = -1 (default)
2019-10-06 05:59:22,544 [pool-423-thread-1] INFO  server.RaftServerConfigKeys (ConfUtils.java:logGet(43)) - raft.server.log.statemachine.data.caching.enabled = true (custom)
2019-10-06 05:59:22,544 [pool-423-thread-1] INFO  segmented.SegmentedRaftLogWorker (SegmentedRaftLogWorker.java:lambda$new$0(128)) - aa92a106-0c47-45bf-a1dd-99d47ca5d92d@group-F726EF570F08-SegmentedRaftLogWorker: flushIndex: setUnconditionally 0 -> -1
2019-10-06 05:59:22,544 [pool-423-thread-1] INFO  server.RaftServerConfigKeys (ConfUtils.java:logGet(43)) - raft.server.snapshot.auto.trigger.enabled = true (custom)
2019-10-06 05:59:22,544 [pool-423-thread-1] INFO  server.RaftServerConfigKeys (ConfUtils.java:logGet(43)) - raft.server.snapshot.auto.trigger.threshold = 10000 (custom)
2019-10-06 05:59:22,545 [pool-423-thread-1] INFO  server.RaftServerConfigKeys (ConfUtils.java:logGet(43)) - raft.server.snapshot.retention.file.num = 5 (custom)
2019-10-06 05:59:22,545 [pool-423-thread-1] INFO  server.RaftServerConfigKeys (ConfUtils.java:logGet(43)) - raft.server.retrycache.expirytime = 600000ms (custom)
2019-10-06 05:59:22,546 [pool-423-thread-1] INFO  impl.RaftServerImpl (RaftServerImpl.java:start(181)) - aa92a106-0c47-45bf-a1dd-99d47ca5d92d@group-F726EF570F08: start as a follower, conf=-1: [aa92a106-0c47-45bf-a1dd-99d47ca5d92d:192.168.164.217:38679], old=null
2019-10-06 05:59:22,546 [pool-423-thread-1] INFO  impl.RaftServerImpl (RaftServerImpl.java:setRole(170)) - aa92a106-0c47-45bf-a1dd-99d47ca5d92d@group-F726EF570F08: changes role from      null to FOLLOWER at term 0 for startAsFollower
2019-10-06 05:59:22,547 [pool-423-thread-1] INFO  impl.RoleInfo (RoleInfo.java:updateAndGet(143)) - aa92a106-0c47-45bf-a1dd-99d47ca5d92d: start FollowerState
2019-10-06 05:59:22,547 [pool-423-thread-1] INFO  util.JmxRegister (JmxRegister.java:tryRegister(44)) - Successfully registered JMX Bean with object name Ratis:service=RaftServer,group=group-F726EF570F08,id=aa92a106-0c47-45bf-a1dd-99d47ca5d92d
2019-10-06 05:59:22,551 [RatisPipelineUtilsThread] INFO  pipeline.PipelineStateManager (PipelineStateManager.java:addPipeline(56)) - Created pipeline Pipeline[ Id: 86338e3f-317f-4d78-9fc0-f726ef570f08, Nodes: aa92a106-0c47-45bf-a1dd-99d47ca5d92d{ip: 192.168.164.217, host: trunk-nightly-20191006-mzxw6-951422410, networkLocation: /default-rack, certSerialId: null}, Type:RATIS, Factor:ONE, State:OPEN]
2019-10-06 05:59:22,576 [grpc-default-executor-5] INFO  impl.RaftServerProxy (RaftServerProxy.java:addNew(89)) - 705adbea-0084-48de-adcb-5cab9b4c0df3: addNew group-579B242D96A2:[705adbea-0084-48de-adcb-5cab9b4c0df3:192.168.164.217:36886] returns group-579B242D96A2:java.util.concurrent.CompletableFuture@20e46a82[Not completed]
2019-10-06 05:59:22,577 [pool-433-thread-1] INFO  impl.RaftServerImpl (RaftServerImpl.java:<init>(95)) - 705adbea-0084-48de-adcb-5cab9b4c0df3: new RaftServerImpl for group-579B242D96A2:[705adbea-0084-48de-adcb-5cab9b4c0df3:192.168.164.217:36886] with ContainerStateMachine:uninitialized
2019-10-06 05:59:22,577 [pool-433-thread-1] INFO  server.RaftServerConfigKeys (ConfUtils.java:logGet(43)) - raft.server.rpc.timeout.min = 5s (custom)
2019-10-06 05:59:22,577 [pool-433-thread-1] INFO  server.RaftServerConfigKeys (ConfUtils.java:logGet(43)) - raft.server.rpc.timeout.max = 5200ms (custom)
2019-10-06 05:59:22,577 [pool-433-thread-1] INFO  server.RaftServerConfigKeys (ConfUtils.java:logGet(43)) - raft.server.rpcslowness.timeout = 120s (custom)
2019-10-06 05:59:22,577 [pool-433-thread-1] INFO  server.RaftServerConfigKeys (ConfUtils.java:logGet(43)) - raft.server.sleep.deviation.threshold = 300 (default)
2019-10-06 05:59:22,577 [pool-433-thread-1] INFO  server.RaftServerConfigKeys (ConfUtils.java:logGet(43)) - raft.server.log.appender.install.snapshot.enabled = false (custom)
2019-10-06 05:59:22,577 [pool-433-thread-1] INFO  impl.RaftServerImpl (ServerState.java:<init>(103)) - 705adbea-0084-48de-adcb-5cab9b4c0df3@group-579B242D96A2: ConfigurationManager, init=-1: [705adbea-0084-48de-adcb-5cab9b4c0df3:192.168.164.217:36886], old=null, confs=<EMPTY_MAP>
2019-10-06 05:59:22,577 [pool-433-thread-1] INFO  server.RaftServerConfigKeys (ConfUtils.java:logGet(43)) - raft.server.storage.dir = [/workdir/hadoop-ozone/integration-test/target/test-dir/MiniOzoneClusterImpl-ffb3f97d-e333-4a69-b12a-19fbc7342164/datanode-5/data/ratis] (custom)
2019-10-06 05:59:22,578 [pool-433-thread-1] INFO  server.RaftServerConfigKeys (ConfUtils.java:logGet(43)) - raft.server.log.corruption.policy = EXCEPTION (default)
2019-10-06 05:59:22,578 [pool-433-thread-1] INFO  storage.RaftStorageDirectory (RaftStorageDirectory.java:analyzeStorage(246)) - The storage directory /workdir/hadoop-ozone/integration-test/target/test-dir/MiniOzoneClusterImpl-ffb3f97d-e333-4a69-b12a-19fbc7342164/datanode-5/data/ratis/42e90e2c-0f50-4a68-9817-579b242d96a2 does not exist. Creating ...
2019-10-06 05:59:22,590 [pool-433-thread-1] INFO  storage.RaftStorageDirectory (RaftStorageDirectory.java:tryLock(328)) - Lock on /workdir/hadoop-ozone/integration-test/target/test-dir/MiniOzoneClusterImpl-ffb3f97d-e333-4a69-b12a-19fbc7342164/datanode-5/data/ratis/42e90e2c-0f50-4a68-9817-579b242d96a2/in_use.lock acquired by nodename 10974@trunk-nightly-20191006-mzxw6-951422410
2019-10-06 05:59:22,602 [pool-433-thread-1] INFO  storage.RaftStorage (RaftStorage.java:format(84)) - Storage directory /workdir/hadoop-ozone/integration-test/target/test-dir/MiniOzoneClusterImpl-ffb3f97d-e333-4a69-b12a-19fbc7342164/datanode-5/data/ratis/42e90e2c-0f50-4a68-9817-579b242d96a2 has been successfully formatted.
2019-10-06 05:59:22,603 [pool-433-thread-1] INFO  ratis.ContainerStateMachine (ContainerStateMachine.java:loadSnapshot(230)) - group-579B242D96A2: The snapshot info is null. Setting the last applied indexto:(t:0, i:~)
2019-10-06 05:59:22,603 [pool-433-thread-1] INFO  server.RaftServerConfigKeys (ConfUtils.java:logGet(43)) - raft.server.notification.no-leader.timeout = 120s (custom)
2019-10-06 05:59:22,603 [pool-433-thread-1] INFO  server.RaftServerConfigKeys (ConfUtils.java:logGet(43)) - raft.server.log.use.memory = false (default)
2019-10-06 05:59:22,603 [pool-433-thread-1] INFO  server.RaftServerConfigKeys (ConfUtils.java:logGet(43)) - raft.server.log.purge.gap = 1000000 (custom)
2019-10-06 05:59:22,603 [pool-433-thread-1] INFO  server.RaftServerConfigKeys (ConfUtils.java:logGet(43)) - raft.server.log.appender.buffer.byte-limit = 33554432 (custom)
2019-10-06 05:59:22,603 [pool-433-thread-1] INFO  server.RaftServerConfigKeys (ConfUtils.java:logGet(43)) - raft.server.log.segment.size.max = 1048576 (custom)
2019-10-06 05:59:22,605 [pool-433-thread-1] INFO  server.RaftServerConfigKeys (ConfUtils.java:logGet(43)) - raft.server.log.segment.cache.num.max = 2 (custom)
2019-10-06 05:59:22,605 [pool-433-thread-1] INFO  segmented.SegmentedRaftLogWorker (SegmentedRaftLogWorker.java:<init>(173)) - new 705adbea-0084-48de-adcb-5cab9b4c0df3@group-579B242D96A2-SegmentedRaftLogWorker for RaftStorage:Storage Directory /workdir/hadoop-ozone/integration-test/target/test-dir/MiniOzoneClusterImpl-ffb3f97d-e333-4a69-b12a-19fbc7342164/datanode-5/data/ratis/42e90e2c-0f50-4a68-9817-579b242d96a2
2019-10-06 05:59:22,605 [pool-433-thread-1] INFO  server.RaftServerConfigKeys (ConfUtils.java:logGet(43)) - raft.server.log.queue.byte-limit = 2147483647 (custom)
2019-10-06 05:59:22,605 [pool-433-thread-1] INFO  server.RaftServerConfigKeys (ConfUtils.java:logGet(43)) - raft.server.log.queue.element-limit = 1024 (custom)
2019-10-06 05:59:22,605 [pool-433-thread-1] INFO  server.RaftServerConfigKeys (ConfUtils.java:logGet(43)) - raft.server.log.segment.size.max = 1048576 (custom)
2019-10-06 05:59:22,605 [pool-433-thread-1] INFO  server.RaftServerConfigKeys (ConfUtils.java:logGet(43)) - raft.server.log.preallocated.size = 16384 (custom)
2019-10-06 05:59:22,606 [pool-433-thread-1] INFO  server.RaftServerConfigKeys (ConfUtils.java:logGet(43)) - raft.server.log.write.buffer.size = 33554432 (custom)
2019-10-06 05:59:22,606 [pool-433-thread-1] INFO  server.RaftServerConfigKeys (ConfUtils.java:logGet(43)) - raft.server.log.force.sync.num = 128 (default)
2019-10-06 05:59:22,606 [pool-433-thread-1] INFO  server.RaftServerConfigKeys (ConfUtils.java:logGet(43)) - raft.server.log.statemachine.data.sync = true (default)
2019-10-06 05:59:22,606 [pool-433-thread-1] INFO  server.RaftServerConfigKeys (ConfUtils.java:logGet(43)) - raft.server.log.statemachine.data.sync.timeout = 10s (default)
2019-10-06 05:59:22,606 [pool-433-thread-1] INFO  server.RaftServerConfigKeys (ConfUtils.java:logGet(43)) - raft.server.log.statemachine.data.sync.timeout.retry = -1 (default)
2019-10-06 05:59:22,606 [pool-433-thread-1] INFO  server.RaftServerConfigKeys (ConfUtils.java:logGet(43)) - raft.server.log.statemachine.data.caching.enabled = true (custom)
2019-10-06 05:59:22,606 [pool-433-thread-1] INFO  segmented.SegmentedRaftLogWorker (SegmentedRaftLogWorker.java:lambda$new$0(128)) - 705adbea-0084-48de-adcb-5cab9b4c0df3@group-579B242D96A2-SegmentedRaftLogWorker: flushIndex: setUnconditionally 0 -> -1
2019-10-06 05:59:22,607 [pool-433-thread-1] INFO  server.RaftServerConfigKeys (ConfUtils.java:logGet(43)) - raft.server.snapshot.auto.trigger.enabled = true (custom)
2019-10-06 05:59:22,607 [pool-433-thread-1] INFO  server.RaftServerConfigKeys (ConfUtils.java:logGet(43)) - raft.server.snapshot.auto.trigger.threshold = 10000 (custom)
2019-10-06 05:59:22,607 [pool-433-thread-1] INFO  server.RaftServerConfigKeys (ConfUtils.java:logGet(43)) - raft.server.snapshot.retention.file.num = 5 (custom)
2019-10-06 05:59:22,607 [pool-433-thread-1] INFO  server.RaftServerConfigKeys (ConfUtils.java:logGet(43)) - raft.server.retrycache.expirytime = 600000ms (custom)
2019-10-06 05:59:22,609 [pool-433-thread-1] INFO  impl.RaftServerImpl (RaftServerImpl.java:start(181)) - 705adbea-0084-48de-adcb-5cab9b4c0df3@group-579B242D96A2: start as a follower, conf=-1: [705adbea-0084-48de-adcb-5cab9b4c0df3:192.168.164.217:36886], old=null
2019-10-06 05:59:22,609 [pool-433-thread-1] INFO  impl.RaftServerImpl (RaftServerImpl.java:setRole(170)) - 705adbea-0084-48de-adcb-5cab9b4c0df3@group-579B242D96A2: changes role from      null to FOLLOWER at term 0 for startAsFollower
2019-10-06 05:59:22,609 [pool-433-thread-1] INFO  impl.RoleInfo (RoleInfo.java:updateAndGet(143)) - 705adbea-0084-48de-adcb-5cab9b4c0df3: start FollowerState
2019-10-06 05:59:22,609 [main] INFO  ozone.MiniOzoneClusterImpl (MiniOzoneClusterImpl.java:lambda$waitForClusterToBeReady$0(147)) - Waiting for cluster to be ready. Got 6 of 7 DN Heartbeats.
2019-10-06 05:59:22,609 [pool-433-thread-1] INFO  util.JmxRegister (JmxRegister.java:tryRegister(44)) - Successfully registered JMX Bean with object name Ratis:service=RaftServer,group=group-579B242D96A2,id=705adbea-0084-48de-adcb-5cab9b4c0df3
2019-10-06 05:59:22,610 [IPC Server handler 1 on 42941] INFO  net.NetworkTopology (NetworkTopologyImpl.java:add(111)) - Added a new node: /default-rack/508923bd-d53d-4d82-ad05-e0d71d3ae4fa
2019-10-06 05:59:22,610 [IPC Server handler 1 on 42941] INFO  node.SCMNodeManager (SCMNodeManager.java:register(268)) - Registered Data node : 508923bd-d53d-4d82-ad05-e0d71d3ae4fa{ip: 192.168.164.217, host: trunk-nightly-20191006-mzxw6-951422410, networkLocation: /default-rack, certSerialId: null}
2019-10-06 05:59:22,614 [RatisPipelineUtilsThread] INFO  pipeline.PipelineStateManager (PipelineStateManager.java:addPipeline(56)) - Created pipeline Pipeline[ Id: 42e90e2c-0f50-4a68-9817-579b242d96a2, Nodes: 705adbea-0084-48de-adcb-5cab9b4c0df3{ip: 192.168.164.217, host: trunk-nightly-20191006-mzxw6-951422410, networkLocation: /default-rack, certSerialId: null}, Type:RATIS, Factor:ONE, State:OPEN]
2019-10-06 05:59:22,622 [grpc-default-executor-5] INFO  impl.RaftServerProxy (RaftServerProxy.java:addNew(89)) - 508923bd-d53d-4d82-ad05-e0d71d3ae4fa: addNew group-40A746DE1F0A:[508923bd-d53d-4d82-ad05-e0d71d3ae4fa:192.168.164.217:40067] returns group-40A746DE1F0A:java.util.concurrent.CompletableFuture@79665f6d[Not completed]
2019-10-06 05:59:22,624 [pool-443-thread-1] INFO  impl.RaftServerImpl (RaftServerImpl.java:<init>(95)) - 508923bd-d53d-4d82-ad05-e0d71d3ae4fa: new RaftServerImpl for group-40A746DE1F0A:[508923bd-d53d-4d82-ad05-e0d71d3ae4fa:192.168.164.217:40067] with ContainerStateMachine:uninitialized
2019-10-06 05:59:22,625 [pool-443-thread-1] INFO  server.RaftServerConfigKeys (ConfUtils.java:logGet(43)) - raft.server.rpc.timeout.min = 5s (custom)
2019-10-06 05:59:22,625 [pool-443-thread-1] INFO  server.RaftServerConfigKeys (ConfUtils.java:logGet(43)) - raft.server.rpc.timeout.max = 5200ms (custom)
2019-10-06 05:59:22,625 [pool-443-thread-1] INFO  server.RaftServerConfigKeys (ConfUtils.java:logGet(43)) - raft.server.rpcslowness.timeout = 120s (custom)
2019-10-06 05:59:22,625 [pool-443-thread-1] INFO  server.RaftServerConfigKeys (ConfUtils.java:logGet(43)) - raft.server.sleep.deviation.threshold = 300 (default)
2019-10-06 05:59:22,625 [pool-443-thread-1] INFO  server.RaftServerConfigKeys (ConfUtils.java:logGet(43)) - raft.server.log.appender.install.snapshot.enabled = false (custom)
2019-10-06 05:59:22,625 [pool-443-thread-1] INFO  impl.RaftServerImpl (ServerState.java:<init>(103)) - 508923bd-d53d-4d82-ad05-e0d71d3ae4fa@group-40A746DE1F0A: ConfigurationManager, init=-1: [508923bd-d53d-4d82-ad05-e0d71d3ae4fa:192.168.164.217:40067], old=null, confs=<EMPTY_MAP>
2019-10-06 05:59:22,625 [pool-443-thread-1] INFO  server.RaftServerConfigKeys (ConfUtils.java:logGet(43)) - raft.server.storage.dir = [/workdir/hadoop-ozone/integration-test/target/test-dir/MiniOzoneClusterImpl-ffb3f97d-e333-4a69-b12a-19fbc7342164/datanode-6/data/ratis] (custom)
2019-10-06 05:59:22,626 [pool-443-thread-1] INFO  server.RaftServerConfigKeys (ConfUtils.java:logGet(43)) - raft.server.log.corruption.policy = EXCEPTION (default)
2019-10-06 05:59:22,626 [pool-443-thread-1] INFO  storage.RaftStorageDirectory (RaftStorageDirectory.java:analyzeStorage(246)) - The storage directory /workdir/hadoop-ozone/integration-test/target/test-dir/MiniOzoneClusterImpl-ffb3f97d-e333-4a69-b12a-19fbc7342164/datanode-6/data/ratis/f9e2d32b-cbcf-4bc5-839a-40a746de1f0a does not exist. Creating ...
2019-10-06 05:59:22,639 [pool-443-thread-1] INFO  storage.RaftStorageDirectory (RaftStorageDirectory.java:tryLock(328)) - Lock on /workdir/hadoop-ozone/integration-test/target/test-dir/MiniOzoneClusterImpl-ffb3f97d-e333-4a69-b12a-19fbc7342164/datanode-6/data/ratis/f9e2d32b-cbcf-4bc5-839a-40a746de1f0a/in_use.lock acquired by nodename 10974@trunk-nightly-20191006-mzxw6-951422410
2019-10-06 05:59:22,652 [pool-443-thread-1] INFO  storage.RaftStorage (RaftStorage.java:format(84)) - Storage directory /workdir/hadoop-ozone/integration-test/target/test-dir/MiniOzoneClusterImpl-ffb3f97d-e333-4a69-b12a-19fbc7342164/datanode-6/data/ratis/f9e2d32b-cbcf-4bc5-839a-40a746de1f0a has been successfully formatted.
2019-10-06 05:59:22,652 [pool-443-thread-1] INFO  ratis.ContainerStateMachine (ContainerStateMachine.java:loadSnapshot(230)) - group-40A746DE1F0A: The snapshot info is null. Setting the last applied indexto:(t:0, i:~)
2019-10-06 05:59:22,652 [pool-443-thread-1] INFO  server.RaftServerConfigKeys (ConfUtils.java:logGet(43)) - raft.server.notification.no-leader.timeout = 120s (custom)
2019-10-06 05:59:22,652 [pool-443-thread-1] INFO  server.RaftServerConfigKeys (ConfUtils.java:logGet(43)) - raft.server.log.use.memory = false (default)
2019-10-06 05:59:22,652 [pool-443-thread-1] INFO  server.RaftServerConfigKeys (ConfUtils.java:logGet(43)) - raft.server.log.purge.gap = 1000000 (custom)
2019-10-06 05:59:22,652 [pool-443-thread-1] INFO  server.RaftServerConfigKeys (ConfUtils.java:logGet(43)) - raft.server.log.appender.buffer.byte-limit = 33554432 (custom)
2019-10-06 05:59:22,652 [pool-443-thread-1] INFO  server.RaftServerConfigKeys (ConfUtils.java:logGet(43)) - raft.server.log.segment.size.max = 1048576 (custom)
2019-10-06 05:59:22,654 [pool-443-thread-1] INFO  server.RaftServerConfigKeys (ConfUtils.java:logGet(43)) - raft.server.log.segment.cache.num.max = 2 (custom)
2019-10-06 05:59:22,654 [pool-443-thread-1] INFO  segmented.SegmentedRaftLogWorker (SegmentedRaftLogWorker.java:<init>(173)) - new 508923bd-d53d-4d82-ad05-e0d71d3ae4fa@group-40A746DE1F0A-SegmentedRaftLogWorker for RaftStorage:Storage Directory /workdir/hadoop-ozone/integration-test/target/test-dir/MiniOzoneClusterImpl-ffb3f97d-e333-4a69-b12a-19fbc7342164/datanode-6/data/ratis/f9e2d32b-cbcf-4bc5-839a-40a746de1f0a
2019-10-06 05:59:22,654 [pool-443-thread-1] INFO  server.RaftServerConfigKeys (ConfUtils.java:logGet(43)) - raft.server.log.queue.byte-limit = 2147483647 (custom)
2019-10-06 05:59:22,655 [pool-443-thread-1] INFO  server.RaftServerConfigKeys (ConfUtils.java:logGet(43)) - raft.server.log.queue.element-limit = 1024 (custom)
2019-10-06 05:59:22,655 [pool-443-thread-1] INFO  server.RaftServerConfigKeys (ConfUtils.java:logGet(43)) - raft.server.log.segment.size.max = 1048576 (custom)
2019-10-06 05:59:22,655 [pool-443-thread-1] INFO  server.RaftServerConfigKeys (ConfUtils.java:logGet(43)) - raft.server.log.preallocated.size = 16384 (custom)
2019-10-06 05:59:22,655 [pool-443-thread-1] INFO  server.RaftServerConfigKeys (ConfUtils.java:logGet(43)) - raft.server.log.write.buffer.size = 33554432 (custom)
2019-10-06 05:59:22,655 [pool-443-thread-1] INFO  server.RaftServerConfigKeys (ConfUtils.java:logGet(43)) - raft.server.log.force.sync.num = 128 (default)
2019-10-06 05:59:22,655 [pool-443-thread-1] INFO  server.RaftServerConfigKeys (ConfUtils.java:logGet(43)) - raft.server.log.statemachine.data.sync = true (default)
2019-10-06 05:59:22,655 [pool-443-thread-1] INFO  server.RaftServerConfigKeys (ConfUtils.java:logGet(43)) - raft.server.log.statemachine.data.sync.timeout = 10s (default)
2019-10-06 05:59:22,656 [pool-443-thread-1] INFO  server.RaftServerConfigKeys (ConfUtils.java:logGet(43)) - raft.server.log.statemachine.data.sync.timeout.retry = -1 (default)
2019-10-06 05:59:22,656 [pool-443-thread-1] INFO  server.RaftServerConfigKeys (ConfUtils.java:logGet(43)) - raft.server.log.statemachine.data.caching.enabled = true (custom)
2019-10-06 05:59:22,656 [pool-443-thread-1] INFO  segmented.SegmentedRaftLogWorker (SegmentedRaftLogWorker.java:lambda$new$0(128)) - 508923bd-d53d-4d82-ad05-e0d71d3ae4fa@group-40A746DE1F0A-SegmentedRaftLogWorker: flushIndex: setUnconditionally 0 -> -1
2019-10-06 05:59:22,657 [pool-443-thread-1] INFO  server.RaftServerConfigKeys (ConfUtils.java:logGet(43)) - raft.server.snapshot.auto.trigger.enabled = true (custom)
2019-10-06 05:59:22,657 [pool-443-thread-1] INFO  server.RaftServerConfigKeys (ConfUtils.java:logGet(43)) - raft.server.snapshot.auto.trigger.threshold = 10000 (custom)
2019-10-06 05:59:22,657 [pool-443-thread-1] INFO  server.RaftServerConfigKeys (ConfUtils.java:logGet(43)) - raft.server.snapshot.retention.file.num = 5 (custom)
2019-10-06 05:59:22,657 [pool-443-thread-1] INFO  server.RaftServerConfigKeys (ConfUtils.java:logGet(43)) - raft.server.retrycache.expirytime = 600000ms (custom)
2019-10-06 05:59:22,659 [pool-443-thread-1] INFO  impl.RaftServerImpl (RaftServerImpl.java:start(181)) - 508923bd-d53d-4d82-ad05-e0d71d3ae4fa@group-40A746DE1F0A: start as a follower, conf=-1: [508923bd-d53d-4d82-ad05-e0d71d3ae4fa:192.168.164.217:40067], old=null
2019-10-06 05:59:22,659 [pool-443-thread-1] INFO  impl.RaftServerImpl (RaftServerImpl.java:setRole(170)) - 508923bd-d53d-4d82-ad05-e0d71d3ae4fa@group-40A746DE1F0A: changes role from      null to FOLLOWER at term 0 for startAsFollower
2019-10-06 05:59:22,659 [pool-443-thread-1] INFO  impl.RoleInfo (RoleInfo.java:updateAndGet(143)) - 508923bd-d53d-4d82-ad05-e0d71d3ae4fa: start FollowerState
2019-10-06 05:59:22,659 [pool-443-thread-1] INFO  util.JmxRegister (JmxRegister.java:tryRegister(44)) - Successfully registered JMX Bean with object name Ratis:service=RaftServer,group=group-40A746DE1F0A,id=508923bd-d53d-4d82-ad05-e0d71d3ae4fa
2019-10-06 05:59:22,663 [RatisPipelineUtilsThread] INFO  pipeline.PipelineStateManager (PipelineStateManager.java:addPipeline(56)) - Created pipeline Pipeline[ Id: f9e2d32b-cbcf-4bc5-839a-40a746de1f0a, Nodes: 508923bd-d53d-4d82-ad05-e0d71d3ae4fa{ip: 192.168.164.217, host: trunk-nightly-20191006-mzxw6-951422410, networkLocation: /default-rack, certSerialId: null}, Type:RATIS, Factor:ONE, State:OPEN]
2019-10-06 05:59:22,680 [grpc-default-executor-5] INFO  impl.RaftServerProxy (RaftServerProxy.java:addNew(89)) - 99b8f8e6-ad60-4026-8951-ac8842382515: addNew group-BB3D729D26A5:[508923bd-d53d-4d82-ad05-e0d71d3ae4fa:192.168.164.217:40067, 99b8f8e6-ad60-4026-8951-ac8842382515:192.168.164.217:44770, 705adbea-0084-48de-adcb-5cab9b4c0df3:192.168.164.217:36886] returns group-BB3D729D26A5:java.util.concurrent.CompletableFuture@62e4a4b7[Not completed]
2019-10-06 05:59:22,681 [grpc-default-executor-6] INFO  impl.RaftServerProxy (RaftServerProxy.java:addNew(89)) - 705adbea-0084-48de-adcb-5cab9b4c0df3: addNew group-BB3D729D26A5:[508923bd-d53d-4d82-ad05-e0d71d3ae4fa:192.168.164.217:40067, 99b8f8e6-ad60-4026-8951-ac8842382515:192.168.164.217:44770, 705adbea-0084-48de-adcb-5cab9b4c0df3:192.168.164.217:36886] returns group-BB3D729D26A5:java.util.concurrent.CompletableFuture@2fc68c09[Not completed]
2019-10-06 05:59:22,681 [grpc-default-executor-7] INFO  impl.RaftServerProxy (RaftServerProxy.java:addNew(89)) - 508923bd-d53d-4d82-ad05-e0d71d3ae4fa: addNew group-BB3D729D26A5:[508923bd-d53d-4d82-ad05-e0d71d3ae4fa:192.168.164.217:40067, 99b8f8e6-ad60-4026-8951-ac8842382515:192.168.164.217:44770, 705adbea-0084-48de-adcb-5cab9b4c0df3:192.168.164.217:36886] returns group-BB3D729D26A5:java.util.concurrent.CompletableFuture@263c8e00[Not completed]
2019-10-06 05:59:22,683 [pool-443-thread-1] INFO  impl.RaftServerImpl (RaftServerImpl.java:<init>(95)) - 508923bd-d53d-4d82-ad05-e0d71d3ae4fa: new RaftServerImpl for group-BB3D729D26A5:[508923bd-d53d-4d82-ad05-e0d71d3ae4fa:192.168.164.217:40067, 99b8f8e6-ad60-4026-8951-ac8842382515:192.168.164.217:44770, 705adbea-0084-48de-adcb-5cab9b4c0df3:192.168.164.217:36886] with ContainerStateMachine:uninitialized
2019-10-06 05:59:22,683 [pool-443-thread-1] INFO  server.RaftServerConfigKeys (ConfUtils.java:logGet(43)) - raft.server.rpc.timeout.min = 5s (custom)
2019-10-06 05:59:22,683 [pool-443-thread-1] INFO  server.RaftServerConfigKeys (ConfUtils.java:logGet(43)) - raft.server.rpc.timeout.max = 5200ms (custom)
2019-10-06 05:59:22,683 [pool-443-thread-1] INFO  server.RaftServerConfigKeys (ConfUtils.java:logGet(43)) - raft.server.rpcslowness.timeout = 120s (custom)
2019-10-06 05:59:22,683 [pool-443-thread-1] INFO  server.RaftServerConfigKeys (ConfUtils.java:logGet(43)) - raft.server.sleep.deviation.threshold = 300 (default)
2019-10-06 05:59:22,683 [pool-443-thread-1] INFO  server.RaftServerConfigKeys (ConfUtils.java:logGet(43)) - raft.server.log.appender.install.snapshot.enabled = false (custom)
2019-10-06 05:59:22,683 [pool-443-thread-1] INFO  impl.RaftServerImpl (ServerState.java:<init>(103)) - 508923bd-d53d-4d82-ad05-e0d71d3ae4fa@group-BB3D729D26A5: ConfigurationManager, init=-1: [508923bd-d53d-4d82-ad05-e0d71d3ae4fa:192.168.164.217:40067, 99b8f8e6-ad60-4026-8951-ac8842382515:192.168.164.217:44770, 705adbea-0084-48de-adcb-5cab9b4c0df3:192.168.164.217:36886], old=null, confs=<EMPTY_MAP>
2019-10-06 05:59:22,684 [pool-443-thread-1] INFO  server.RaftServerConfigKeys (ConfUtils.java:logGet(43)) - raft.server.storage.dir = [/workdir/hadoop-ozone/integration-test/target/test-dir/MiniOzoneClusterImpl-ffb3f97d-e333-4a69-b12a-19fbc7342164/datanode-6/data/ratis] (custom)
2019-10-06 05:59:22,684 [pool-433-thread-1] INFO  impl.RaftServerImpl (RaftServerImpl.java:<init>(95)) - 705adbea-0084-48de-adcb-5cab9b4c0df3: new RaftServerImpl for group-BB3D729D26A5:[508923bd-d53d-4d82-ad05-e0d71d3ae4fa:192.168.164.217:40067, 99b8f8e6-ad60-4026-8951-ac8842382515:192.168.164.217:44770, 705adbea-0084-48de-adcb-5cab9b4c0df3:192.168.164.217:36886] with ContainerStateMachine:uninitialized
2019-10-06 05:59:22,684 [pool-443-thread-1] INFO  server.RaftServerConfigKeys (ConfUtils.java:logGet(43)) - raft.server.log.corruption.policy = EXCEPTION (default)
2019-10-06 05:59:22,684 [pool-433-thread-1] INFO  server.RaftServerConfigKeys (ConfUtils.java:logGet(43)) - raft.server.rpc.timeout.min = 5s (custom)
2019-10-06 05:59:22,684 [pool-443-thread-1] INFO  storage.RaftStorageDirectory (RaftStorageDirectory.java:analyzeStorage(246)) - The storage directory /workdir/hadoop-ozone/integration-test/target/test-dir/MiniOzoneClusterImpl-ffb3f97d-e333-4a69-b12a-19fbc7342164/datanode-6/data/ratis/3b4ef3fe-b283-4758-8dd7-bb3d729d26a5 does not exist. Creating ...
2019-10-06 05:59:22,684 [pool-433-thread-1] INFO  server.RaftServerConfigKeys (ConfUtils.java:logGet(43)) - raft.server.rpc.timeout.max = 5200ms (custom)
2019-10-06 05:59:22,684 [pool-433-thread-1] INFO  server.RaftServerConfigKeys (ConfUtils.java:logGet(43)) - raft.server.rpcslowness.timeout = 120s (custom)
2019-10-06 05:59:22,684 [pool-413-thread-1] INFO  impl.RaftServerImpl (RaftServerImpl.java:<init>(95)) - 99b8f8e6-ad60-4026-8951-ac8842382515: new RaftServerImpl for group-BB3D729D26A5:[508923bd-d53d-4d82-ad05-e0d71d3ae4fa:192.168.164.217:40067, 99b8f8e6-ad60-4026-8951-ac8842382515:192.168.164.217:44770, 705adbea-0084-48de-adcb-5cab9b4c0df3:192.168.164.217:36886] with ContainerStateMachine:uninitialized
2019-10-06 05:59:22,685 [pool-433-thread-1] INFO  server.RaftServerConfigKeys (ConfUtils.java:logGet(43)) - raft.server.sleep.deviation.threshold = 300 (default)
2019-10-06 05:59:22,685 [pool-413-thread-1] INFO  server.RaftServerConfigKeys (ConfUtils.java:logGet(43)) - raft.server.rpc.timeout.min = 5s (custom)
2019-10-06 05:59:22,685 [pool-433-thread-1] INFO  server.RaftServerConfigKeys (ConfUtils.java:logGet(43)) - raft.server.log.appender.install.snapshot.enabled = false (custom)
2019-10-06 05:59:22,685 [pool-413-thread-1] INFO  server.RaftServerConfigKeys (ConfUtils.java:logGet(43)) - raft.server.rpc.timeout.max = 5200ms (custom)
2019-10-06 05:59:22,685 [pool-433-thread-1] INFO  impl.RaftServerImpl (ServerState.java:<init>(103)) - 705adbea-0084-48de-adcb-5cab9b4c0df3@group-BB3D729D26A5: ConfigurationManager, init=-1: [508923bd-d53d-4d82-ad05-e0d71d3ae4fa:192.168.164.217:40067, 99b8f8e6-ad60-4026-8951-ac8842382515:192.168.164.217:44770, 705adbea-0084-48de-adcb-5cab9b4c0df3:192.168.164.217:36886], old=null, confs=<EMPTY_MAP>
2019-10-06 05:59:22,685 [pool-413-thread-1] INFO  server.RaftServerConfigKeys (ConfUtils.java:logGet(43)) - raft.server.rpcslowness.timeout = 120s (custom)
2019-10-06 05:59:22,685 [pool-433-thread-1] INFO  server.RaftServerConfigKeys (ConfUtils.java:logGet(43)) - raft.server.storage.dir = [/workdir/hadoop-ozone/integration-test/target/test-dir/MiniOzoneClusterImpl-ffb3f97d-e333-4a69-b12a-19fbc7342164/datanode-5/data/ratis] (custom)
2019-10-06 05:59:22,686 [pool-413-thread-1] INFO  server.RaftServerConfigKeys (ConfUtils.java:logGet(43)) - raft.server.sleep.deviation.threshold = 300 (default)
2019-10-06 05:59:22,686 [pool-433-thread-1] INFO  server.RaftServerConfigKeys (ConfUtils.java:logGet(43)) - raft.server.log.corruption.policy = EXCEPTION (default)
2019-10-06 05:59:22,686 [pool-413-thread-1] INFO  server.RaftServerConfigKeys (ConfUtils.java:logGet(43)) - raft.server.log.appender.install.snapshot.enabled = false (custom)
2019-10-06 05:59:22,686 [pool-433-thread-1] INFO  storage.RaftStorageDirectory (RaftStorageDirectory.java:analyzeStorage(246)) - The storage directory /workdir/hadoop-ozone/integration-test/target/test-dir/MiniOzoneClusterImpl-ffb3f97d-e333-4a69-b12a-19fbc7342164/datanode-5/data/ratis/3b4ef3fe-b283-4758-8dd7-bb3d729d26a5 does not exist. Creating ...
2019-10-06 05:59:22,686 [pool-413-thread-1] INFO  impl.RaftServerImpl (ServerState.java:<init>(103)) - 99b8f8e6-ad60-4026-8951-ac8842382515@group-BB3D729D26A5: ConfigurationManager, init=-1: [508923bd-d53d-4d82-ad05-e0d71d3ae4fa:192.168.164.217:40067, 99b8f8e6-ad60-4026-8951-ac8842382515:192.168.164.217:44770, 705adbea-0084-48de-adcb-5cab9b4c0df3:192.168.164.217:36886], old=null, confs=<EMPTY_MAP>
2019-10-06 05:59:22,686 [pool-413-thread-1] INFO  server.RaftServerConfigKeys (ConfUtils.java:logGet(43)) - raft.server.storage.dir = [/workdir/hadoop-ozone/integration-test/target/test-dir/MiniOzoneClusterImpl-ffb3f97d-e333-4a69-b12a-19fbc7342164/datanode-3/data/ratis] (custom)
2019-10-06 05:59:22,687 [pool-413-thread-1] INFO  server.RaftServerConfigKeys (ConfUtils.java:logGet(43)) - raft.server.log.corruption.policy = EXCEPTION (default)
2019-10-06 05:59:22,687 [pool-413-thread-1] INFO  storage.RaftStorageDirectory (RaftStorageDirectory.java:analyzeStorage(246)) - The storage directory /workdir/hadoop-ozone/integration-test/target/test-dir/MiniOzoneClusterImpl-ffb3f97d-e333-4a69-b12a-19fbc7342164/datanode-3/data/ratis/3b4ef3fe-b283-4758-8dd7-bb3d729d26a5 does not exist. Creating ...
2019-10-06 05:59:22,698 [pool-433-thread-1] INFO  storage.RaftStorageDirectory (RaftStorageDirectory.java:tryLock(328)) - Lock on /workdir/hadoop-ozone/integration-test/target/test-dir/MiniOzoneClusterImpl-ffb3f97d-e333-4a69-b12a-19fbc7342164/datanode-5/data/ratis/3b4ef3fe-b283-4758-8dd7-bb3d729d26a5/in_use.lock acquired by nodename 10974@trunk-nightly-20191006-mzxw6-951422410
2019-10-06 05:59:22,698 [pool-413-thread-1] INFO  storage.RaftStorageDirectory (RaftStorageDirectory.java:tryLock(328)) - Lock on /workdir/hadoop-ozone/integration-test/target/test-dir/MiniOzoneClusterImpl-ffb3f97d-e333-4a69-b12a-19fbc7342164/datanode-3/data/ratis/3b4ef3fe-b283-4758-8dd7-bb3d729d26a5/in_use.lock acquired by nodename 10974@trunk-nightly-20191006-mzxw6-951422410
2019-10-06 05:59:22,698 [pool-443-thread-1] INFO  storage.RaftStorageDirectory (RaftStorageDirectory.java:tryLock(328)) - Lock on /workdir/hadoop-ozone/integration-test/target/test-dir/MiniOzoneClusterImpl-ffb3f97d-e333-4a69-b12a-19fbc7342164/datanode-6/data/ratis/3b4ef3fe-b283-4758-8dd7-bb3d729d26a5/in_use.lock acquired by nodename 10974@trunk-nightly-20191006-mzxw6-951422410
2019-10-06 05:59:22,718 [pool-413-thread-1] INFO  storage.RaftStorage (RaftStorage.java:format(84)) - Storage directory /workdir/hadoop-ozone/integration-test/target/test-dir/MiniOzoneClusterImpl-ffb3f97d-e333-4a69-b12a-19fbc7342164/datanode-3/data/ratis/3b4ef3fe-b283-4758-8dd7-bb3d729d26a5 has been successfully formatted.
2019-10-06 05:59:22,718 [pool-443-thread-1] INFO  storage.RaftStorage (RaftStorage.java:format(84)) - Storage directory /workdir/hadoop-ozone/integration-test/target/test-dir/MiniOzoneClusterImpl-ffb3f97d-e333-4a69-b12a-19fbc7342164/datanode-6/data/ratis/3b4ef3fe-b283-4758-8dd7-bb3d729d26a5 has been successfully formatted.
2019-10-06 05:59:22,718 [pool-433-thread-1] INFO  storage.RaftStorage (RaftStorage.java:format(84)) - Storage directory /workdir/hadoop-ozone/integration-test/target/test-dir/MiniOzoneClusterImpl-ffb3f97d-e333-4a69-b12a-19fbc7342164/datanode-5/data/ratis/3b4ef3fe-b283-4758-8dd7-bb3d729d26a5 has been successfully formatted.
2019-10-06 05:59:22,719 [pool-443-thread-1] INFO  ratis.ContainerStateMachine (ContainerStateMachine.java:loadSnapshot(230)) - group-BB3D729D26A5: The snapshot info is null. Setting the last applied indexto:(t:0, i:~)
2019-10-06 05:59:22,719 [pool-433-thread-1] INFO  ratis.ContainerStateMachine (ContainerStateMachine.java:loadSnapshot(230)) - group-BB3D729D26A5: The snapshot info is null. Setting the last applied indexto:(t:0, i:~)
2019-10-06 05:59:22,718 [pool-413-thread-1] INFO  ratis.ContainerStateMachine (ContainerStateMachine.java:loadSnapshot(230)) - group-BB3D729D26A5: The snapshot info is null. Setting the last applied indexto:(t:0, i:~)
2019-10-06 05:59:22,719 [pool-433-thread-1] INFO  server.RaftServerConfigKeys (ConfUtils.java:logGet(43)) - raft.server.notification.no-leader.timeout = 120s (custom)
2019-10-06 05:59:22,719 [pool-443-thread-1] INFO  server.RaftServerConfigKeys (ConfUtils.java:logGet(43)) - raft.server.notification.no-leader.timeout = 120s (custom)
2019-10-06 05:59:22,719 [pool-433-thread-1] INFO  server.RaftServerConfigKeys (ConfUtils.java:logGet(43)) - raft.server.log.use.memory = false (default)
2019-10-06 05:59:22,719 [pool-413-thread-1] INFO  server.RaftServerConfigKeys (ConfUtils.java:logGet(43)) - raft.server.notification.no-leader.timeout = 120s (custom)
2019-10-06 05:59:22,720 [pool-433-thread-1] INFO  server.RaftServerConfigKeys (ConfUtils.java:logGet(43)) - raft.server.log.purge.gap = 1000000 (custom)
2019-10-06 05:59:22,719 [pool-443-thread-1] INFO  server.RaftServerConfigKeys (ConfUtils.java:logGet(43)) - raft.server.log.use.memory = false (default)
2019-10-06 05:59:22,720 [pool-433-thread-1] INFO  server.RaftServerConfigKeys (ConfUtils.java:logGet(43)) - raft.server.log.appender.buffer.byte-limit = 33554432 (custom)
2019-10-06 05:59:22,720 [pool-413-thread-1] INFO  server.RaftServerConfigKeys (ConfUtils.java:logGet(43)) - raft.server.log.use.memory = false (default)
2019-10-06 05:59:22,720 [pool-433-thread-1] INFO  server.RaftServerConfigKeys (ConfUtils.java:logGet(43)) - raft.server.log.segment.size.max = 1048576 (custom)
2019-10-06 05:59:22,720 [pool-443-thread-1] INFO  server.RaftServerConfigKeys (ConfUtils.java:logGet(43)) - raft.server.log.purge.gap = 1000000 (custom)
2019-10-06 05:59:22,720 [pool-433-thread-1] INFO  server.RaftServerConfigKeys (ConfUtils.java:logGet(43)) - raft.server.log.segment.cache.num.max = 2 (custom)
2019-10-06 05:59:22,720 [pool-413-thread-1] INFO  server.RaftServerConfigKeys (ConfUtils.java:logGet(43)) - raft.server.log.purge.gap = 1000000 (custom)
2019-10-06 05:59:22,721 [pool-433-thread-1] INFO  segmented.SegmentedRaftLogWorker (SegmentedRaftLogWorker.java:<init>(173)) - new 705adbea-0084-48de-adcb-5cab9b4c0df3@group-BB3D729D26A5-SegmentedRaftLogWorker for RaftStorage:Storage Directory /workdir/hadoop-ozone/integration-test/target/test-dir/MiniOzoneClusterImpl-ffb3f97d-e333-4a69-b12a-19fbc7342164/datanode-5/data/ratis/3b4ef3fe-b283-4758-8dd7-bb3d729d26a5
2019-10-06 05:59:22,721 [pool-443-thread-1] INFO  server.RaftServerConfigKeys (ConfUtils.java:logGet(43)) - raft.server.log.appender.buffer.byte-limit = 33554432 (custom)
2019-10-06 05:59:22,721 [pool-433-thread-1] INFO  server.RaftServerConfigKeys (ConfUtils.java:logGet(43)) - raft.server.log.queue.byte-limit = 2147483647 (custom)
2019-10-06 05:59:22,721 [pool-413-thread-1] INFO  server.RaftServerConfigKeys (ConfUtils.java:logGet(43)) - raft.server.log.appender.buffer.byte-limit = 33554432 (custom)
2019-10-06 05:59:22,721 [pool-433-thread-1] INFO  server.RaftServerConfigKeys (ConfUtils.java:logGet(43)) - raft.server.log.queue.element-limit = 1024 (custom)
2019-10-06 05:59:22,721 [pool-443-thread-1] INFO  server.RaftServerConfigKeys (ConfUtils.java:logGet(43)) - raft.server.log.segment.size.max = 1048576 (custom)
2019-10-06 05:59:22,722 [pool-433-thread-1] INFO  server.RaftServerConfigKeys (ConfUtils.java:logGet(43)) - raft.server.log.segment.size.max = 1048576 (custom)
2019-10-06 05:59:22,721 [pool-413-thread-1] INFO  server.RaftServerConfigKeys (ConfUtils.java:logGet(43)) - raft.server.log.segment.size.max = 1048576 (custom)
2019-10-06 05:59:22,722 [pool-433-thread-1] INFO  server.RaftServerConfigKeys (ConfUtils.java:logGet(43)) - raft.server.log.preallocated.size = 16384 (custom)
2019-10-06 05:59:22,722 [pool-443-thread-1] INFO  server.RaftServerConfigKeys (ConfUtils.java:logGet(43)) - raft.server.log.segment.cache.num.max = 2 (custom)
2019-10-06 05:59:22,722 [pool-433-thread-1] INFO  server.RaftServerConfigKeys (ConfUtils.java:logGet(43)) - raft.server.log.write.buffer.size = 33554432 (custom)
2019-10-06 05:59:22,723 [pool-433-thread-1] INFO  server.RaftServerConfigKeys (ConfUtils.java:logGet(43)) - raft.server.log.force.sync.num = 128 (default)
2019-10-06 05:59:22,722 [pool-413-thread-1] INFO  server.RaftServerConfigKeys (ConfUtils.java:logGet(43)) - raft.server.log.segment.cache.num.max = 2 (custom)
2019-10-06 05:59:22,723 [pool-433-thread-1] INFO  server.RaftServerConfigKeys (ConfUtils.java:logGet(43)) - raft.server.log.statemachine.data.sync = true (default)
2019-10-06 05:59:22,722 [pool-443-thread-1] INFO  segmented.SegmentedRaftLogWorker (SegmentedRaftLogWorker.java:<init>(173)) - new 508923bd-d53d-4d82-ad05-e0d71d3ae4fa@group-BB3D729D26A5-SegmentedRaftLogWorker for RaftStorage:Storage Directory /workdir/hadoop-ozone/integration-test/target/test-dir/MiniOzoneClusterImpl-ffb3f97d-e333-4a69-b12a-19fbc7342164/datanode-6/data/ratis/3b4ef3fe-b283-4758-8dd7-bb3d729d26a5
2019-10-06 05:59:22,723 [pool-433-thread-1] INFO  server.RaftServerConfigKeys (ConfUtils.java:logGet(43)) - raft.server.log.statemachine.data.sync.timeout = 10s (default)
2019-10-06 05:59:22,723 [pool-413-thread-1] INFO  segmented.SegmentedRaftLogWorker (SegmentedRaftLogWorker.java:<init>(173)) - new 99b8f8e6-ad60-4026-8951-ac8842382515@group-BB3D729D26A5-SegmentedRaftLogWorker for RaftStorage:Storage Directory /workdir/hadoop-ozone/integration-test/target/test-dir/MiniOzoneClusterImpl-ffb3f97d-e333-4a69-b12a-19fbc7342164/datanode-3/data/ratis/3b4ef3fe-b283-4758-8dd7-bb3d729d26a5
2019-10-06 05:59:22,723 [pool-433-thread-1] INFO  server.RaftServerConfigKeys (ConfUtils.java:logGet(43)) - raft.server.log.statemachine.data.sync.timeout.retry = -1 (default)
2019-10-06 05:59:22,723 [pool-443-thread-1] INFO  server.RaftServerConfigKeys (ConfUtils.java:logGet(43)) - raft.server.log.queue.byte-limit = 2147483647 (custom)
2019-10-06 05:59:22,724 [pool-433-thread-1] INFO  server.RaftServerConfigKeys (ConfUtils.java:logGet(43)) - raft.server.log.statemachine.data.caching.enabled = true (custom)
2019-10-06 05:59:22,723 [pool-413-thread-1] INFO  server.RaftServerConfigKeys (ConfUtils.java:logGet(43)) - raft.server.log.queue.byte-limit = 2147483647 (custom)
2019-10-06 05:59:22,724 [pool-443-thread-1] INFO  server.RaftServerConfigKeys (ConfUtils.java:logGet(43)) - raft.server.log.queue.element-limit = 1024 (custom)
2019-10-06 05:59:22,724 [pool-433-thread-1] INFO  segmented.SegmentedRaftLogWorker (SegmentedRaftLogWorker.java:lambda$new$0(128)) - 705adbea-0084-48de-adcb-5cab9b4c0df3@group-BB3D729D26A5-SegmentedRaftLogWorker: flushIndex: setUnconditionally 0 -> -1
2019-10-06 05:59:22,724 [pool-413-thread-1] INFO  server.RaftServerConfigKeys (ConfUtils.java:logGet(43)) - raft.server.log.queue.element-limit = 1024 (custom)
2019-10-06 05:59:22,724 [pool-443-thread-1] INFO  server.RaftServerConfigKeys (ConfUtils.java:logGet(43)) - raft.server.log.segment.size.max = 1048576 (custom)
2019-10-06 05:59:22,725 [pool-433-thread-1] INFO  server.RaftServerConfigKeys (ConfUtils.java:logGet(43)) - raft.server.snapshot.auto.trigger.enabled = true (custom)
2019-10-06 05:59:22,725 [pool-413-thread-1] INFO  server.RaftServerConfigKeys (ConfUtils.java:logGet(43)) - raft.server.log.segment.size.max = 1048576 (custom)
2019-10-06 05:59:22,725 [pool-433-thread-1] INFO  server.RaftServerConfigKeys (ConfUtils.java:logGet(43)) - raft.server.snapshot.auto.trigger.threshold = 10000 (custom)
2019-10-06 05:59:22,725 [pool-433-thread-1] INFO  server.RaftServerConfigKeys (ConfUtils.java:logGet(43)) - raft.server.snapshot.retention.file.num = 5 (custom)
2019-10-06 05:59:22,725 [pool-443-thread-1] INFO  server.RaftServerConfigKeys (ConfUtils.java:logGet(43)) - raft.server.log.preallocated.size = 16384 (custom)
2019-10-06 05:59:22,725 [pool-433-thread-1] INFO  server.RaftServerConfigKeys (ConfUtils.java:logGet(43)) - raft.server.retrycache.expirytime = 600000ms (custom)
2019-10-06 05:59:22,725 [pool-413-thread-1] INFO  server.RaftServerConfigKeys (ConfUtils.java:logGet(43)) - raft.server.log.preallocated.size = 16384 (custom)
2019-10-06 05:59:22,725 [pool-443-thread-1] INFO  server.RaftServerConfigKeys (ConfUtils.java:logGet(43)) - raft.server.log.write.buffer.size = 33554432 (custom)
2019-10-06 05:59:22,726 [pool-413-thread-1] INFO  server.RaftServerConfigKeys (ConfUtils.java:logGet(43)) - raft.server.log.write.buffer.size = 33554432 (custom)
2019-10-06 05:59:22,726 [pool-443-thread-1] INFO  server.RaftServerConfigKeys (ConfUtils.java:logGet(43)) - raft.server.log.force.sync.num = 128 (default)
2019-10-06 05:59:22,726 [pool-443-thread-1] INFO  server.RaftServerConfigKeys (ConfUtils.java:logGet(43)) - raft.server.log.statemachine.data.sync = true (default)
2019-10-06 05:59:22,726 [pool-413-thread-1] INFO  server.RaftServerConfigKeys (ConfUtils.java:logGet(43)) - raft.server.log.force.sync.num = 128 (default)
2019-10-06 05:59:22,726 [pool-443-thread-1] INFO  server.RaftServerConfigKeys (ConfUtils.java:logGet(43)) - raft.server.log.statemachine.data.sync.timeout = 10s (default)
2019-10-06 05:59:22,727 [pool-413-thread-1] INFO  server.RaftServerConfigKeys (ConfUtils.java:logGet(43)) - raft.server.log.statemachine.data.sync = true (default)
2019-10-06 05:59:22,727 [pool-443-thread-1] INFO  server.RaftServerConfigKeys (ConfUtils.java:logGet(43)) - raft.server.log.statemachine.data.sync.timeout.retry = -1 (default)
2019-10-06 05:59:22,727 [pool-413-thread-1] INFO  server.RaftServerConfigKeys (ConfUtils.java:logGet(43)) - raft.server.log.statemachine.data.sync.timeout = 10s (default)
2019-10-06 05:59:22,727 [pool-443-thread-1] INFO  server.RaftServerConfigKeys (ConfUtils.java:logGet(43)) - raft.server.log.statemachine.data.caching.enabled = true (custom)
2019-10-06 05:59:22,727 [pool-413-thread-1] INFO  server.RaftServerConfigKeys (ConfUtils.java:logGet(43)) - raft.server.log.statemachine.data.sync.timeout.retry = -1 (default)
2019-10-06 05:59:22,728 [pool-443-thread-1] INFO  segmented.SegmentedRaftLogWorker (SegmentedRaftLogWorker.java:lambda$new$0(128)) - 508923bd-d53d-4d82-ad05-e0d71d3ae4fa@group-BB3D729D26A5-SegmentedRaftLogWorker: flushIndex: setUnconditionally 0 -> -1
2019-10-06 05:59:22,728 [pool-413-thread-1] INFO  server.RaftServerConfigKeys (ConfUtils.java:logGet(43)) - raft.server.log.statemachine.data.caching.enabled = true (custom)
2019-10-06 05:59:22,728 [pool-433-thread-1] INFO  impl.RaftServerImpl (RaftServerImpl.java:start(181)) - 705adbea-0084-48de-adcb-5cab9b4c0df3@group-BB3D729D26A5: start as a follower, conf=-1: [508923bd-d53d-4d82-ad05-e0d71d3ae4fa:192.168.164.217:40067, 99b8f8e6-ad60-4026-8951-ac8842382515:192.168.164.217:44770, 705adbea-0084-48de-adcb-5cab9b4c0df3:192.168.164.217:36886], old=null
2019-10-06 05:59:22,728 [pool-443-thread-1] INFO  server.RaftServerConfigKeys (ConfUtils.java:logGet(43)) - raft.server.snapshot.auto.trigger.enabled = true (custom)
2019-10-06 05:59:22,728 [pool-433-thread-1] INFO  impl.RaftServerImpl (RaftServerImpl.java:setRole(170)) - 705adbea-0084-48de-adcb-5cab9b4c0df3@group-BB3D729D26A5: changes role from      null to FOLLOWER at term 0 for startAsFollower
2019-10-06 05:59:22,728 [pool-413-thread-1] INFO  segmented.SegmentedRaftLogWorker (SegmentedRaftLogWorker.java:lambda$new$0(128)) - 99b8f8e6-ad60-4026-8951-ac8842382515@group-BB3D729D26A5-SegmentedRaftLogWorker: flushIndex: setUnconditionally 0 -> -1
2019-10-06 05:59:22,729 [pool-433-thread-1] INFO  impl.RoleInfo (RoleInfo.java:updateAndGet(143)) - 705adbea-0084-48de-adcb-5cab9b4c0df3: start FollowerState
2019-10-06 05:59:22,728 [pool-443-thread-1] INFO  server.RaftServerConfigKeys (ConfUtils.java:logGet(43)) - raft.server.snapshot.auto.trigger.threshold = 10000 (custom)
2019-10-06 05:59:22,729 [pool-413-thread-1] INFO  server.RaftServerConfigKeys (ConfUtils.java:logGet(43)) - raft.server.snapshot.auto.trigger.enabled = true (custom)
2019-10-06 05:59:22,729 [pool-433-thread-1] INFO  util.JmxRegister (JmxRegister.java:tryRegister(44)) - Successfully registered JMX Bean with object name Ratis:service=RaftServer,group=group-BB3D729D26A5,id=705adbea-0084-48de-adcb-5cab9b4c0df3
2019-10-06 05:59:22,729 [pool-443-thread-1] INFO  server.RaftServerConfigKeys (ConfUtils.java:logGet(43)) - raft.server.snapshot.retention.file.num = 5 (custom)
2019-10-06 05:59:22,729 [pool-413-thread-1] INFO  server.RaftServerConfigKeys (ConfUtils.java:logGet(43)) - raft.server.snapshot.auto.trigger.threshold = 10000 (custom)
2019-10-06 05:59:22,730 [pool-443-thread-1] INFO  server.RaftServerConfigKeys (ConfUtils.java:logGet(43)) - raft.server.retrycache.expirytime = 600000ms (custom)
2019-10-06 05:59:22,730 [pool-413-thread-1] INFO  server.RaftServerConfigKeys (ConfUtils.java:logGet(43)) - raft.server.snapshot.retention.file.num = 5 (custom)
2019-10-06 05:59:22,730 [pool-413-thread-1] INFO  server.RaftServerConfigKeys (ConfUtils.java:logGet(43)) - raft.server.retrycache.expirytime = 600000ms (custom)
2019-10-06 05:59:22,734 [pool-443-thread-1] INFO  impl.RaftServerImpl (RaftServerImpl.java:start(181)) - 508923bd-d53d-4d82-ad05-e0d71d3ae4fa@group-BB3D729D26A5: start as a follower, conf=-1: [508923bd-d53d-4d82-ad05-e0d71d3ae4fa:192.168.164.217:40067, 99b8f8e6-ad60-4026-8951-ac8842382515:192.168.164.217:44770, 705adbea-0084-48de-adcb-5cab9b4c0df3:192.168.164.217:36886], old=null
2019-10-06 05:59:22,734 [pool-413-thread-1] INFO  impl.RaftServerImpl (RaftServerImpl.java:start(181)) - 99b8f8e6-ad60-4026-8951-ac8842382515@group-BB3D729D26A5: start as a follower, conf=-1: [508923bd-d53d-4d82-ad05-e0d71d3ae4fa:192.168.164.217:40067, 99b8f8e6-ad60-4026-8951-ac8842382515:192.168.164.217:44770, 705adbea-0084-48de-adcb-5cab9b4c0df3:192.168.164.217:36886], old=null
2019-10-06 05:59:22,734 [pool-443-thread-1] INFO  impl.RaftServerImpl (RaftServerImpl.java:setRole(170)) - 508923bd-d53d-4d82-ad05-e0d71d3ae4fa@group-BB3D729D26A5: changes role from      null to FOLLOWER at term 0 for startAsFollower
2019-10-06 05:59:22,734 [pool-413-thread-1] INFO  impl.RaftServerImpl (RaftServerImpl.java:setRole(170)) - 99b8f8e6-ad60-4026-8951-ac8842382515@group-BB3D729D26A5: changes role from      null to FOLLOWER at term 0 for startAsFollower
2019-10-06 05:59:22,735 [pool-443-thread-1] INFO  impl.RoleInfo (RoleInfo.java:updateAndGet(143)) - 508923bd-d53d-4d82-ad05-e0d71d3ae4fa: start FollowerState
2019-10-06 05:59:22,735 [pool-413-thread-1] INFO  impl.RoleInfo (RoleInfo.java:updateAndGet(143)) - 99b8f8e6-ad60-4026-8951-ac8842382515: start FollowerState
2019-10-06 05:59:22,735 [pool-443-thread-1] INFO  util.JmxRegister (JmxRegister.java:tryRegister(44)) - Successfully registered JMX Bean with object name Ratis:service=RaftServer,group=group-BB3D729D26A5,id=508923bd-d53d-4d82-ad05-e0d71d3ae4fa
2019-10-06 05:59:22,735 [pool-413-thread-1] INFO  util.JmxRegister (JmxRegister.java:tryRegister(44)) - Successfully registered JMX Bean with object name Ratis:service=RaftServer,group=group-BB3D729D26A5,id=99b8f8e6-ad60-4026-8951-ac8842382515
2019-10-06 05:59:22,740 [RatisPipelineUtilsThread] INFO  pipeline.PipelineStateManager (PipelineStateManager.java:addPipeline(56)) - Created pipeline Pipeline[ Id: 3b4ef3fe-b283-4758-8dd7-bb3d729d26a5, Nodes: 705adbea-0084-48de-adcb-5cab9b4c0df3{ip: 192.168.164.217, host: trunk-nightly-20191006-mzxw6-951422410, networkLocation: /default-rack, certSerialId: null}508923bd-d53d-4d82-ad05-e0d71d3ae4fa{ip: 192.168.164.217, host: trunk-nightly-20191006-mzxw6-951422410, networkLocation: /default-rack, certSerialId: null}99b8f8e6-ad60-4026-8951-ac8842382515{ip: 192.168.164.217, host: trunk-nightly-20191006-mzxw6-951422410, networkLocation: /default-rack, certSerialId: null}, Type:RATIS, Factor:THREE, State:OPEN]
2019-10-06 05:59:23,609 [main] INFO  ozone.MiniOzoneClusterImpl (MiniOzoneClusterImpl.java:lambda$waitForClusterToBeReady$0(147)) - Cluster is ready. Got 7 of 7 DN Heartbeats.
2019-10-06 05:59:23,695 [main] INFO  rpc.RpcClient (RpcClient.java:createVolume(277)) - Creating Volume: watchforcommithandlingtest, with jenkins1000 as owner.
2019-10-06 05:59:23,698 [IPC Server handler 1 on 37176] INFO  volume.OMVolumeCreateRequest (OMVolumeCreateRequest.java:validateAndUpdateCache(193)) - created volume:watchforcommithandlingtest for user:jenkins1000
2019-10-06 05:59:23,722 [main] INFO  rpc.RpcClient (RpcClient.java:createBucket(416)) - Creating Bucket: watchforcommithandlingtest/watchforcommithandlingtest, with Versioning false and Storage Type set to DISK and Encryption set to false 
2019-10-06 05:59:23,729 [main] INFO  ozone.MiniOzoneClusterImpl (MiniOzoneClusterImpl.java:getStorageContainerLocationClient(234)) - Creating StorageContainerLocationProtocol RPC client with address /0.0.0.0:33937
2019-10-06 05:59:24,035 [grpc-default-executor-4] WARN  server.GrpcLogAppender (LogUtils.java:warn(134)) - 58960bb6-1791-4bb0-9c36-a998f9195181@group-CC1B921A8CA5->f92d2d06-16ca-476c-af7f-960d805fe056-AppendLogResponseHandler: Failed appendEntries: org.apache.ratis.thirdparty.io.grpc.StatusRuntimeException: UNAVAILABLE: io exception
2019-10-06 05:59:24,035 [grpc-default-executor-7] WARN  server.GrpcLogAppender (LogUtils.java:warn(134)) - 58960bb6-1791-4bb0-9c36-a998f9195181@group-CC1B921A8CA5->c2fbd6fe-546b-4c5d-8829-05959505a398-AppendLogResponseHandler: Failed appendEntries: org.apache.ratis.thirdparty.io.grpc.StatusRuntimeException: UNAVAILABLE: io exception
2019-10-06 05:59:24,036 [grpc-default-executor-4] INFO  impl.FollowerInfo (FollowerInfo.java:lambda$new$0(51)) - 58960bb6-1791-4bb0-9c36-a998f9195181@group-CC1B921A8CA5->f92d2d06-16ca-476c-af7f-960d805fe056: nextIndex: updateUnconditionally 0 -> 0
2019-10-06 05:59:24,036 [grpc-default-executor-7] INFO  impl.FollowerInfo (FollowerInfo.java:lambda$new$0(51)) - 58960bb6-1791-4bb0-9c36-a998f9195181@group-CC1B921A8CA5->c2fbd6fe-546b-4c5d-8829-05959505a398: nextIndex: updateUnconditionally 0 -> 0
2019-10-06 05:59:25,130 [Thread-2321] INFO  container.ReplicationManager (ReplicationManager.java:start(162)) - Starting Replication Monitor Thread.
2019-10-06 05:59:25,135 [ReplicationMonitor] INFO  container.ReplicationManager (ReplicationManager.java:run(225)) - Replication Monitor Thread took 0 milliseconds for processing 1 containers.
2019-10-06 05:59:26,536 [grpc-default-executor-6] WARN  server.GrpcLogAppender (LogUtils.java:warn(134)) - 58960bb6-1791-4bb0-9c36-a998f9195181@group-CC1B921A8CA5->c2fbd6fe-546b-4c5d-8829-05959505a398-AppendLogResponseHandler: Failed appendEntries: org.apache.ratis.thirdparty.io.grpc.StatusRuntimeException: UNAVAILABLE: io exception
2019-10-06 05:59:26,536 [grpc-default-executor-1] WARN  server.GrpcLogAppender (LogUtils.java:warn(134)) - 58960bb6-1791-4bb0-9c36-a998f9195181@group-CC1B921A8CA5->f92d2d06-16ca-476c-af7f-960d805fe056-AppendLogResponseHandler: Failed appendEntries: org.apache.ratis.thirdparty.io.grpc.StatusRuntimeException: UNAVAILABLE: io exception
2019-10-06 05:59:26,536 [grpc-default-executor-6] INFO  impl.FollowerInfo (FollowerInfo.java:lambda$new$0(51)) - 58960bb6-1791-4bb0-9c36-a998f9195181@group-CC1B921A8CA5->c2fbd6fe-546b-4c5d-8829-05959505a398: nextIndex: updateUnconditionally 0 -> 0
2019-10-06 05:59:26,537 [grpc-default-executor-1] INFO  impl.FollowerInfo (FollowerInfo.java:lambda$new$0(51)) - 58960bb6-1791-4bb0-9c36-a998f9195181@group-CC1B921A8CA5->f92d2d06-16ca-476c-af7f-960d805fe056: nextIndex: updateUnconditionally 0 -> 0
2019-10-06 05:59:27,252 [Thread-2326] INFO  impl.FollowerState (FollowerState.java:run(108)) - 14f26cba-7472-4fda-959b-ca0322e7817b@group-86465CC4BABE-FollowerState: change to CANDIDATE, lastRpcTime:5015ms, electionTimeout:5015ms
2019-10-06 05:59:27,252 [Thread-2326] INFO  impl.RoleInfo (RoleInfo.java:shutdownFollowerState(121)) - 14f26cba-7472-4fda-959b-ca0322e7817b: shutdown FollowerState
2019-10-06 05:59:27,252 [Thread-2326] INFO  impl.RaftServerImpl (RaftServerImpl.java:setRole(170)) - 14f26cba-7472-4fda-959b-ca0322e7817b@group-86465CC4BABE: changes role from  FOLLOWER to CANDIDATE at term 0 for changeToCandidate
2019-10-06 05:59:27,252 [Thread-2326] INFO  impl.RoleInfo (RoleInfo.java:updateAndGet(143)) - 14f26cba-7472-4fda-959b-ca0322e7817b: start LeaderElection
2019-10-06 05:59:27,279 [14f26cba-7472-4fda-959b-ca0322e7817b@group-86465CC4BABE-LeaderElection56] INFO  impl.LeaderElection (LeaderElection.java:askForVotes(178)) - 14f26cba-7472-4fda-959b-ca0322e7817b@group-86465CC4BABE-LeaderElection56: begin an election at term 1 for -1: [14f26cba-7472-4fda-959b-ca0322e7817b:192.168.164.217:35801], old=null
2019-10-06 05:59:27,279 [14f26cba-7472-4fda-959b-ca0322e7817b@group-86465CC4BABE-LeaderElection56] INFO  impl.RoleInfo (RoleInfo.java:shutdownLeaderElection(134)) - 14f26cba-7472-4fda-959b-ca0322e7817b: shutdown LeaderElection
2019-10-06 05:59:27,279 [14f26cba-7472-4fda-959b-ca0322e7817b@group-86465CC4BABE-LeaderElection56] INFO  impl.RaftServerImpl (RaftServerImpl.java:setRole(170)) - 14f26cba-7472-4fda-959b-ca0322e7817b@group-86465CC4BABE: changes role from CANDIDATE to LEADER at term 1 for changeToLeader
2019-10-06 05:59:27,279 [14f26cba-7472-4fda-959b-ca0322e7817b@group-86465CC4BABE-LeaderElection56] INFO  impl.RaftServerImpl (ServerState.java:setLeader(255)) - 14f26cba-7472-4fda-959b-ca0322e7817b@group-86465CC4BABE: change Leader from null to 14f26cba-7472-4fda-959b-ca0322e7817b at term 1 for becomeLeader, leader elected after 5047ms
2019-10-06 05:59:27,279 [14f26cba-7472-4fda-959b-ca0322e7817b@group-86465CC4BABE-LeaderElection56] INFO  server.RaftServerConfigKeys (ConfUtils.java:logGet(43)) - raft.server.staging.catchup.gap = 1000 (default)
2019-10-06 05:59:27,280 [14f26cba-7472-4fda-959b-ca0322e7817b@group-86465CC4BABE-LeaderElection56] INFO  server.RaftServerConfigKeys (ConfUtils.java:logGet(43)) - raft.server.rpc.sleep.time = 25ms (default)
2019-10-06 05:59:27,280 [14f26cba-7472-4fda-959b-ca0322e7817b@group-86465CC4BABE-LeaderElection56] INFO  server.RaftServerConfigKeys (ConfUtils.java:logGet(43)) - raft.server.write.element-limit = 4096 (default)
2019-10-06 05:59:27,280 [14f26cba-7472-4fda-959b-ca0322e7817b@group-86465CC4BABE-LeaderElection56] INFO  server.RaftServerConfigKeys (ConfUtils.java:logGet(43)) - raft.server.watch.timeout = 10s (default)
2019-10-06 05:59:27,280 [14f26cba-7472-4fda-959b-ca0322e7817b@group-86465CC4BABE-LeaderElection56] INFO  server.RaftServerConfigKeys (ConfUtils.java:logGet(43)) - raft.server.watch.timeout.denomination = 1s (default)
2019-10-06 05:59:27,280 [14f26cba-7472-4fda-959b-ca0322e7817b@group-86465CC4BABE-LeaderElection56] INFO  server.RaftServerConfigKeys (ConfUtils.java:logGet(43)) - raft.server.watch.element-limit = 65536 (default)
2019-10-06 05:59:27,282 [14f26cba-7472-4fda-959b-ca0322e7817b@group-86465CC4BABE-LeaderElection56] INFO  impl.RoleInfo (RoleInfo.java:updateAndGet(143)) - 14f26cba-7472-4fda-959b-ca0322e7817b: start LeaderState
2019-10-06 05:59:27,282 [14f26cba-7472-4fda-959b-ca0322e7817b@group-86465CC4BABE-LeaderElection56] INFO  segmented.SegmentedRaftLogWorker (SegmentedRaftLogWorker.java:startLogSegment(385)) - 14f26cba-7472-4fda-959b-ca0322e7817b@group-86465CC4BABE-SegmentedRaftLogWorker: Starting segment from index:0
2019-10-06 05:59:27,283 [14f26cba-7472-4fda-959b-ca0322e7817b@group-86465CC4BABE-LeaderElection56] INFO  impl.RaftServerImpl (ServerState.java:setRaftConf(356)) - 14f26cba-7472-4fda-959b-ca0322e7817b@group-86465CC4BABE: set configuration 0: [14f26cba-7472-4fda-959b-ca0322e7817b:192.168.164.217:35801], old=null at 0
2019-10-06 05:59:27,287 [Thread-2323] INFO  impl.FollowerState (FollowerState.java:run(108)) - e89dc92b-54a0-4ec0-9610-04001e22a467@group-A737D54BD720-FollowerState: change to CANDIDATE, lastRpcTime:5109ms, electionTimeout:5109ms
2019-10-06 05:59:27,287 [Thread-2323] INFO  impl.RoleInfo (RoleInfo.java:shutdownFollowerState(121)) - e89dc92b-54a0-4ec0-9610-04001e22a467: shutdown FollowerState
2019-10-06 05:59:27,287 [Thread-2323] INFO  impl.RaftServerImpl (RaftServerImpl.java:setRole(170)) - e89dc92b-54a0-4ec0-9610-04001e22a467@group-A737D54BD720: changes role from  FOLLOWER to CANDIDATE at term 0 for changeToCandidate
2019-10-06 05:59:27,287 [Thread-2323] INFO  impl.RoleInfo (RoleInfo.java:updateAndGet(143)) - e89dc92b-54a0-4ec0-9610-04001e22a467: start LeaderElection
2019-10-06 05:59:27,322 [14f26cba-7472-4fda-959b-ca0322e7817b@group-86465CC4BABE-SegmentedRaftLogWorker] INFO  segmented.SegmentedRaftLogWorker (SegmentedRaftLogWorker.java:execute(574)) - 14f26cba-7472-4fda-959b-ca0322e7817b@group-86465CC4BABE-SegmentedRaftLogWorker: created new log segment /workdir/hadoop-ozone/integration-test/target/test-dir/MiniOzoneClusterImpl-ffb3f97d-e333-4a69-b12a-19fbc7342164/datanode-1/data/ratis/8bcd6cc0-3d98-467b-bee6-86465cc4babe/current/log_inprogress_0
2019-10-06 05:59:27,323 [e89dc92b-54a0-4ec0-9610-04001e22a467@group-A737D54BD720-LeaderElection57] INFO  impl.LeaderElection (LeaderElection.java:askForVotes(178)) - e89dc92b-54a0-4ec0-9610-04001e22a467@group-A737D54BD720-LeaderElection57: begin an election at term 1 for -1: [e89dc92b-54a0-4ec0-9610-04001e22a467:192.168.164.217:41470], old=null
2019-10-06 05:59:27,323 [e89dc92b-54a0-4ec0-9610-04001e22a467@group-A737D54BD720-LeaderElection57] INFO  impl.RoleInfo (RoleInfo.java:shutdownLeaderElection(134)) - e89dc92b-54a0-4ec0-9610-04001e22a467: shutdown LeaderElection
2019-10-06 05:59:27,323 [e89dc92b-54a0-4ec0-9610-04001e22a467@group-A737D54BD720-LeaderElection57] INFO  impl.RaftServerImpl (RaftServerImpl.java:setRole(170)) - e89dc92b-54a0-4ec0-9610-04001e22a467@group-A737D54BD720: changes role from CANDIDATE to LEADER at term 1 for changeToLeader
2019-10-06 05:59:27,323 [e89dc92b-54a0-4ec0-9610-04001e22a467@group-A737D54BD720-LeaderElection57] INFO  impl.RaftServerImpl (ServerState.java:setLeader(255)) - e89dc92b-54a0-4ec0-9610-04001e22a467@group-A737D54BD720: change Leader from null to e89dc92b-54a0-4ec0-9610-04001e22a467 at term 1 for becomeLeader, leader elected after 5154ms
2019-10-06 05:59:27,323 [e89dc92b-54a0-4ec0-9610-04001e22a467@group-A737D54BD720-LeaderElection57] INFO  server.RaftServerConfigKeys (ConfUtils.java:logGet(43)) - raft.server.staging.catchup.gap = 1000 (default)
2019-10-06 05:59:27,323 [e89dc92b-54a0-4ec0-9610-04001e22a467@group-A737D54BD720-LeaderElection57] INFO  server.RaftServerConfigKeys (ConfUtils.java:logGet(43)) - raft.server.rpc.sleep.time = 25ms (default)
2019-10-06 05:59:27,323 [e89dc92b-54a0-4ec0-9610-04001e22a467@group-A737D54BD720-LeaderElection57] INFO  server.RaftServerConfigKeys (ConfUtils.java:logGet(43)) - raft.server.write.element-limit = 4096 (default)
2019-10-06 05:59:27,324 [e89dc92b-54a0-4ec0-9610-04001e22a467@group-A737D54BD720-LeaderElection57] INFO  server.RaftServerConfigKeys (ConfUtils.java:logGet(43)) - raft.server.watch.timeout = 10s (default)
2019-10-06 05:59:27,324 [e89dc92b-54a0-4ec0-9610-04001e22a467@group-A737D54BD720-LeaderElection57] INFO  server.RaftServerConfigKeys (ConfUtils.java:logGet(43)) - raft.server.watch.timeout.denomination = 1s (default)
2019-10-06 05:59:27,324 [e89dc92b-54a0-4ec0-9610-04001e22a467@group-A737D54BD720-LeaderElection57] INFO  server.RaftServerConfigKeys (ConfUtils.java:logGet(43)) - raft.server.watch.element-limit = 65536 (default)
2019-10-06 05:59:27,326 [e89dc92b-54a0-4ec0-9610-04001e22a467@group-A737D54BD720-LeaderElection57] INFO  impl.RoleInfo (RoleInfo.java:updateAndGet(143)) - e89dc92b-54a0-4ec0-9610-04001e22a467: start LeaderState
2019-10-06 05:59:27,326 [e89dc92b-54a0-4ec0-9610-04001e22a467@group-A737D54BD720-LeaderElection57] INFO  segmented.SegmentedRaftLogWorker (SegmentedRaftLogWorker.java:startLogSegment(385)) - e89dc92b-54a0-4ec0-9610-04001e22a467@group-A737D54BD720-SegmentedRaftLogWorker: Starting segment from index:0
2019-10-06 05:59:27,327 [e89dc92b-54a0-4ec0-9610-04001e22a467@group-A737D54BD720-LeaderElection57] INFO  impl.RaftServerImpl (ServerState.java:setRaftConf(356)) - e89dc92b-54a0-4ec0-9610-04001e22a467@group-A737D54BD720: set configuration 0: [e89dc92b-54a0-4ec0-9610-04001e22a467:192.168.164.217:41470], old=null at 0
2019-10-06 05:59:27,375 [e89dc92b-54a0-4ec0-9610-04001e22a467@group-A737D54BD720-SegmentedRaftLogWorker] INFO  segmented.SegmentedRaftLogWorker (SegmentedRaftLogWorker.java:execute(574)) - e89dc92b-54a0-4ec0-9610-04001e22a467@group-A737D54BD720-SegmentedRaftLogWorker: created new log segment /workdir/hadoop-ozone/integration-test/target/test-dir/MiniOzoneClusterImpl-ffb3f97d-e333-4a69-b12a-19fbc7342164/datanode-0/data/ratis/ae8ffb74-10f5-4d0a-98e9-a737d54bd720/current/log_inprogress_0
2019-10-06 05:59:27,499 [Thread-2336] INFO  impl.FollowerState (FollowerState.java:run(108)) - 14f26cba-7472-4fda-959b-ca0322e7817b@group-C755B63E424D-FollowerState: change to CANDIDATE, lastRpcTime:5110ms, electionTimeout:5110ms
2019-10-06 05:59:27,499 [Thread-2336] INFO  impl.RoleInfo (RoleInfo.java:shutdownFollowerState(121)) - 14f26cba-7472-4fda-959b-ca0322e7817b: shutdown FollowerState
2019-10-06 05:59:27,499 [Thread-2336] INFO  impl.RaftServerImpl (RaftServerImpl.java:setRole(170)) - 14f26cba-7472-4fda-959b-ca0322e7817b@group-C755B63E424D: changes role from  FOLLOWER to CANDIDATE at term 0 for changeToCandidate
2019-10-06 05:59:27,499 [Thread-2329] INFO  impl.FollowerState (FollowerState.java:run(108)) - abc6fc2d-41b0-4520-9617-20c39a7e0ca7@group-23FAD13D315E-FollowerState: change to CANDIDATE, lastRpcTime:5177ms, electionTimeout:5177ms
2019-10-06 05:59:27,499 [Thread-2336] INFO  impl.RoleInfo (RoleInfo.java:updateAndGet(143)) - 14f26cba-7472-4fda-959b-ca0322e7817b: start LeaderElection
2019-10-06 05:59:27,500 [Thread-2329] INFO  impl.RoleInfo (RoleInfo.java:shutdownFollowerState(121)) - abc6fc2d-41b0-4520-9617-20c39a7e0ca7: shutdown FollowerState
2019-10-06 05:59:27,500 [Thread-2329] INFO  impl.RaftServerImpl (RaftServerImpl.java:setRole(170)) - abc6fc2d-41b0-4520-9617-20c39a7e0ca7@group-23FAD13D315E: changes role from  FOLLOWER to CANDIDATE at term 0 for changeToCandidate
2019-10-06 05:59:27,500 [Thread-2329] INFO  impl.RoleInfo (RoleInfo.java:updateAndGet(143)) - abc6fc2d-41b0-4520-9617-20c39a7e0ca7: start LeaderElection
2019-10-06 05:59:27,507 [Thread-2335] INFO  impl.FollowerState (FollowerState.java:run(108)) - abc6fc2d-41b0-4520-9617-20c39a7e0ca7@group-C755B63E424D-FollowerState: change to CANDIDATE, lastRpcTime:5118ms, electionTimeout:5118ms
2019-10-06 05:59:27,507 [Thread-2335] INFO  impl.RoleInfo (RoleInfo.java:shutdownFollowerState(121)) - abc6fc2d-41b0-4520-9617-20c39a7e0ca7: shutdown FollowerState
2019-10-06 05:59:27,510 [Thread-2335] INFO  impl.RaftServerImpl (RaftServerImpl.java:setRole(170)) - abc6fc2d-41b0-4520-9617-20c39a7e0ca7@group-C755B63E424D: changes role from  FOLLOWER to CANDIDATE at term 0 for changeToCandidate
2019-10-06 05:59:27,515 [Thread-2335] INFO  impl.RoleInfo (RoleInfo.java:updateAndGet(143)) - abc6fc2d-41b0-4520-9617-20c39a7e0ca7: start LeaderElection
2019-10-06 05:59:27,534 [abc6fc2d-41b0-4520-9617-20c39a7e0ca7@group-23FAD13D315E-LeaderElection59] INFO  impl.LeaderElection (LeaderElection.java:askForVotes(178)) - abc6fc2d-41b0-4520-9617-20c39a7e0ca7@group-23FAD13D315E-LeaderElection59: begin an election at term 1 for -1: [abc6fc2d-41b0-4520-9617-20c39a7e0ca7:192.168.164.217:46425], old=null
2019-10-06 05:59:27,534 [14f26cba-7472-4fda-959b-ca0322e7817b@group-C755B63E424D-LeaderElection58] INFO  impl.LeaderElection (LeaderElection.java:askForVotes(178)) - 14f26cba-7472-4fda-959b-ca0322e7817b@group-C755B63E424D-LeaderElection58: begin an election at term 1 for -1: [14f26cba-7472-4fda-959b-ca0322e7817b:192.168.164.217:35801, e89dc92b-54a0-4ec0-9610-04001e22a467:192.168.164.217:41470, abc6fc2d-41b0-4520-9617-20c39a7e0ca7:192.168.164.217:46425], old=null
2019-10-06 05:59:27,534 [abc6fc2d-41b0-4520-9617-20c39a7e0ca7@group-23FAD13D315E-LeaderElection59] INFO  impl.RoleInfo (RoleInfo.java:shutdownLeaderElection(134)) - abc6fc2d-41b0-4520-9617-20c39a7e0ca7: shutdown LeaderElection
2019-10-06 05:59:27,534 [abc6fc2d-41b0-4520-9617-20c39a7e0ca7@group-C755B63E424D-LeaderElection60] INFO  impl.LeaderElection (LeaderElection.java:askForVotes(178)) - abc6fc2d-41b0-4520-9617-20c39a7e0ca7@group-C755B63E424D-LeaderElection60: begin an election at term 1 for -1: [14f26cba-7472-4fda-959b-ca0322e7817b:192.168.164.217:35801, e89dc92b-54a0-4ec0-9610-04001e22a467:192.168.164.217:41470, abc6fc2d-41b0-4520-9617-20c39a7e0ca7:192.168.164.217:46425], old=null
2019-10-06 05:59:27,534 [abc6fc2d-41b0-4520-9617-20c39a7e0ca7@group-23FAD13D315E-LeaderElection59] INFO  impl.RaftServerImpl (RaftServerImpl.java:setRole(170)) - abc6fc2d-41b0-4520-9617-20c39a7e0ca7@group-23FAD13D315E: changes role from CANDIDATE to LEADER at term 1 for changeToLeader
2019-10-06 05:59:27,534 [abc6fc2d-41b0-4520-9617-20c39a7e0ca7@group-23FAD13D315E-LeaderElection59] INFO  impl.RaftServerImpl (ServerState.java:setLeader(255)) - abc6fc2d-41b0-4520-9617-20c39a7e0ca7@group-23FAD13D315E: change Leader from null to abc6fc2d-41b0-4520-9617-20c39a7e0ca7 at term 1 for becomeLeader, leader elected after 5218ms
2019-10-06 05:59:27,534 [abc6fc2d-41b0-4520-9617-20c39a7e0ca7@group-23FAD13D315E-LeaderElection59] INFO  server.RaftServerConfigKeys (ConfUtils.java:logGet(43)) - raft.server.staging.catchup.gap = 1000 (default)
2019-10-06 05:59:27,535 [abc6fc2d-41b0-4520-9617-20c39a7e0ca7@group-23FAD13D315E-LeaderElection59] INFO  server.RaftServerConfigKeys (ConfUtils.java:logGet(43)) - raft.server.rpc.sleep.time = 25ms (default)
2019-10-06 05:59:27,535 [abc6fc2d-41b0-4520-9617-20c39a7e0ca7@group-23FAD13D315E-LeaderElection59] INFO  server.RaftServerConfigKeys (ConfUtils.java:logGet(43)) - raft.server.write.element-limit = 4096 (default)
2019-10-06 05:59:27,535 [abc6fc2d-41b0-4520-9617-20c39a7e0ca7@group-23FAD13D315E-LeaderElection59] INFO  server.RaftServerConfigKeys (ConfUtils.java:logGet(43)) - raft.server.watch.timeout = 10s (default)
2019-10-06 05:59:27,535 [abc6fc2d-41b0-4520-9617-20c39a7e0ca7@group-23FAD13D315E-LeaderElection59] INFO  server.RaftServerConfigKeys (ConfUtils.java:logGet(43)) - raft.server.watch.timeout.denomination = 1s (default)
2019-10-06 05:59:27,535 [abc6fc2d-41b0-4520-9617-20c39a7e0ca7@group-23FAD13D315E-LeaderElection59] INFO  server.RaftServerConfigKeys (ConfUtils.java:logGet(43)) - raft.server.watch.element-limit = 65536 (default)
2019-10-06 05:59:27,537 [abc6fc2d-41b0-4520-9617-20c39a7e0ca7@group-23FAD13D315E-LeaderElection59] INFO  impl.RoleInfo (RoleInfo.java:updateAndGet(143)) - abc6fc2d-41b0-4520-9617-20c39a7e0ca7: start LeaderState
2019-10-06 05:59:27,537 [abc6fc2d-41b0-4520-9617-20c39a7e0ca7@group-23FAD13D315E-LeaderElection59] INFO  segmented.SegmentedRaftLogWorker (SegmentedRaftLogWorker.java:startLogSegment(385)) - abc6fc2d-41b0-4520-9617-20c39a7e0ca7@group-23FAD13D315E-SegmentedRaftLogWorker: Starting segment from index:0
2019-10-06 05:59:27,538 [abc6fc2d-41b0-4520-9617-20c39a7e0ca7@group-23FAD13D315E-LeaderElection59] INFO  impl.RaftServerImpl (ServerState.java:setRaftConf(356)) - abc6fc2d-41b0-4520-9617-20c39a7e0ca7@group-23FAD13D315E: set configuration 0: [abc6fc2d-41b0-4520-9617-20c39a7e0ca7:192.168.164.217:46425], old=null at 0
2019-10-06 05:59:27,538 [grpc-default-executor-6] INFO  impl.RaftServerImpl (RaftServerImpl.java:setRole(170)) - e89dc92b-54a0-4ec0-9610-04001e22a467@group-C755B63E424D: changes role from  FOLLOWER to FOLLOWER at term 1 for recognizeCandidate:14f26cba-7472-4fda-959b-ca0322e7817b
2019-10-06 05:59:27,538 [grpc-default-executor-6] INFO  impl.RoleInfo (RoleInfo.java:shutdownFollowerState(121)) - e89dc92b-54a0-4ec0-9610-04001e22a467: shutdown FollowerState
2019-10-06 05:59:27,539 [grpc-default-executor-6] INFO  impl.RoleInfo (RoleInfo.java:updateAndGet(143)) - e89dc92b-54a0-4ec0-9610-04001e22a467: start FollowerState
2019-10-06 05:59:27,539 [Thread-2334] INFO  impl.FollowerState (FollowerState.java:run(117)) - e89dc92b-54a0-4ec0-9610-04001e22a467@group-C755B63E424D-FollowerState was interrupted: java.lang.InterruptedException: sleep interrupted
2019-10-06 05:59:27,578 [abc6fc2d-41b0-4520-9617-20c39a7e0ca7@group-23FAD13D315E-SegmentedRaftLogWorker] INFO  segmented.SegmentedRaftLogWorker (SegmentedRaftLogWorker.java:execute(574)) - abc6fc2d-41b0-4520-9617-20c39a7e0ca7@group-23FAD13D315E-SegmentedRaftLogWorker: created new log segment /workdir/hadoop-ozone/integration-test/target/test-dir/MiniOzoneClusterImpl-ffb3f97d-e333-4a69-b12a-19fbc7342164/datanode-2/data/ratis/2daa4d9f-7965-458f-b5a4-23fad13d315e/current/log_inprogress_0
2019-10-06 05:59:27,580 [abc6fc2d-41b0-4520-9617-20c39a7e0ca7@group-C755B63E424D-LeaderElection60] INFO  impl.LeaderElection (LeaderElection.java:logAndReturn(56)) - abc6fc2d-41b0-4520-9617-20c39a7e0ca7@group-C755B63E424D-LeaderElection60: Election REJECTED; received 2 response(s) [abc6fc2d-41b0-4520-9617-20c39a7e0ca7<-14f26cba-7472-4fda-959b-ca0322e7817b#0:FAIL-t1, abc6fc2d-41b0-4520-9617-20c39a7e0ca7<-e89dc92b-54a0-4ec0-9610-04001e22a467#0:FAIL-t1] and 0 exception(s); abc6fc2d-41b0-4520-9617-20c39a7e0ca7@group-C755B63E424D:t1, leader=null, voted=abc6fc2d-41b0-4520-9617-20c39a7e0ca7, raftlog=abc6fc2d-41b0-4520-9617-20c39a7e0ca7@group-C755B63E424D-SegmentedRaftLog:OPENED:c-1,f-1,i0, conf=-1: [14f26cba-7472-4fda-959b-ca0322e7817b:192.168.164.217:35801, e89dc92b-54a0-4ec0-9610-04001e22a467:192.168.164.217:41470, abc6fc2d-41b0-4520-9617-20c39a7e0ca7:192.168.164.217:46425], old=null
2019-10-06 05:59:27,580 [14f26cba-7472-4fda-959b-ca0322e7817b@group-C755B63E424D-LeaderElection58] INFO  impl.LeaderElection (LeaderElection.java:logAndReturn(56)) - 14f26cba-7472-4fda-959b-ca0322e7817b@group-C755B63E424D-LeaderElection58: Election PASSED; received 2 response(s) [14f26cba-7472-4fda-959b-ca0322e7817b<-abc6fc2d-41b0-4520-9617-20c39a7e0ca7#0:FAIL-t1, 14f26cba-7472-4fda-959b-ca0322e7817b<-e89dc92b-54a0-4ec0-9610-04001e22a467#0:OK-t1] and 0 exception(s); 14f26cba-7472-4fda-959b-ca0322e7817b@group-C755B63E424D:t1, leader=null, voted=14f26cba-7472-4fda-959b-ca0322e7817b, raftlog=14f26cba-7472-4fda-959b-ca0322e7817b@group-C755B63E424D-SegmentedRaftLog:OPENED:c-1,f-1,i0, conf=-1: [14f26cba-7472-4fda-959b-ca0322e7817b:192.168.164.217:35801, e89dc92b-54a0-4ec0-9610-04001e22a467:192.168.164.217:41470, abc6fc2d-41b0-4520-9617-20c39a7e0ca7:192.168.164.217:46425], old=null
2019-10-06 05:59:27,580 [abc6fc2d-41b0-4520-9617-20c39a7e0ca7@group-C755B63E424D-LeaderElection60] INFO  impl.RaftServerImpl (RaftServerImpl.java:setRole(170)) - abc6fc2d-41b0-4520-9617-20c39a7e0ca7@group-C755B63E424D: changes role from CANDIDATE to FOLLOWER at term 1 for DISCOVERED_A_NEW_TERM
2019-10-06 05:59:27,580 [14f26cba-7472-4fda-959b-ca0322e7817b@group-C755B63E424D-LeaderElection58] INFO  impl.RoleInfo (RoleInfo.java:shutdownLeaderElection(134)) - 14f26cba-7472-4fda-959b-ca0322e7817b: shutdown LeaderElection
2019-10-06 05:59:27,580 [abc6fc2d-41b0-4520-9617-20c39a7e0ca7@group-C755B63E424D-LeaderElection60] INFO  impl.RoleInfo (RoleInfo.java:shutdownLeaderElection(134)) - abc6fc2d-41b0-4520-9617-20c39a7e0ca7: shutdown LeaderElection
2019-10-06 05:59:27,580 [14f26cba-7472-4fda-959b-ca0322e7817b@group-C755B63E424D-LeaderElection58] INFO  impl.RaftServerImpl (RaftServerImpl.java:setRole(170)) - 14f26cba-7472-4fda-959b-ca0322e7817b@group-C755B63E424D: changes role from CANDIDATE to LEADER at term 1 for changeToLeader
2019-10-06 05:59:27,581 [abc6fc2d-41b0-4520-9617-20c39a7e0ca7@group-C755B63E424D-LeaderElection60] INFO  impl.RoleInfo (RoleInfo.java:updateAndGet(143)) - abc6fc2d-41b0-4520-9617-20c39a7e0ca7: start FollowerState
2019-10-06 05:59:27,581 [14f26cba-7472-4fda-959b-ca0322e7817b@group-C755B63E424D-LeaderElection58] INFO  impl.RaftServerImpl (ServerState.java:setLeader(255)) - 14f26cba-7472-4fda-959b-ca0322e7817b@group-C755B63E424D: change Leader from null to 14f26cba-7472-4fda-959b-ca0322e7817b at term 1 for becomeLeader, leader elected after 5201ms
2019-10-06 05:59:27,581 [14f26cba-7472-4fda-959b-ca0322e7817b@group-C755B63E424D-LeaderElection58] INFO  server.RaftServerConfigKeys (ConfUtils.java:logGet(43)) - raft.server.staging.catchup.gap = 1000 (default)
2019-10-06 05:59:27,581 [14f26cba-7472-4fda-959b-ca0322e7817b@group-C755B63E424D-LeaderElection58] INFO  server.RaftServerConfigKeys (ConfUtils.java:logGet(43)) - raft.server.rpc.sleep.time = 25ms (default)
2019-10-06 05:59:27,581 [14f26cba-7472-4fda-959b-ca0322e7817b@group-C755B63E424D-LeaderElection58] INFO  server.RaftServerConfigKeys (ConfUtils.java:logGet(43)) - raft.server.write.element-limit = 4096 (default)
2019-10-06 05:59:27,581 [14f26cba-7472-4fda-959b-ca0322e7817b@group-C755B63E424D-LeaderElection58] INFO  server.RaftServerConfigKeys (ConfUtils.java:logGet(43)) - raft.server.watch.timeout = 10s (default)
2019-10-06 05:59:27,582 [14f26cba-7472-4fda-959b-ca0322e7817b@group-C755B63E424D-LeaderElection58] INFO  server.RaftServerConfigKeys (ConfUtils.java:logGet(43)) - raft.server.watch.timeout.denomination = 1s (default)
2019-10-06 05:59:27,582 [14f26cba-7472-4fda-959b-ca0322e7817b@group-C755B63E424D-LeaderElection58] INFO  server.RaftServerConfigKeys (ConfUtils.java:logGet(43)) - raft.server.watch.element-limit = 65536 (default)
2019-10-06 05:59:27,584 [14f26cba-7472-4fda-959b-ca0322e7817b@group-C755B63E424D-LeaderElection58] INFO  server.RaftServerConfigKeys (ConfUtils.java:logGet(43)) - raft.server.log.appender.snapshot.chunk.size.max = 16MB (=16777216) (default)
2019-10-06 05:59:27,584 [14f26cba-7472-4fda-959b-ca0322e7817b@group-C755B63E424D-LeaderElection58] INFO  server.RaftServerConfigKeys (ConfUtils.java:logGet(43)) - raft.server.log.appender.buffer.byte-limit = 33554432 (custom)
2019-10-06 05:59:27,584 [14f26cba-7472-4fda-959b-ca0322e7817b@group-C755B63E424D-LeaderElection58] INFO  server.RaftServerConfigKeys (ConfUtils.java:logGet(43)) - raft.server.log.appender.buffer.element-limit = 1 (custom)
2019-10-06 05:59:27,584 [14f26cba-7472-4fda-959b-ca0322e7817b@group-C755B63E424D-LeaderElection58] INFO  grpc.GrpcConfigKeys$Server (ConfUtils.java:logGet(43)) - raft.grpc.server.leader.outstanding.appends.max = 128 (default)
2019-10-06 05:59:27,585 [14f26cba-7472-4fda-959b-ca0322e7817b@group-C755B63E424D-LeaderElection58] INFO  server.RaftServerConfigKeys (ConfUtils.java:logGet(43)) - raft.server.rpc.request.timeout = 3000ms (default)
2019-10-06 05:59:27,585 [14f26cba-7472-4fda-959b-ca0322e7817b@group-C755B63E424D-LeaderElection58] INFO  server.RaftServerConfigKeys (ConfUtils.java:logGet(43)) - raft.server.log.appender.install.snapshot.enabled = false (custom)
2019-10-06 05:59:27,585 [14f26cba-7472-4fda-959b-ca0322e7817b@group-C755B63E424D-LeaderElection58] INFO  server.RaftServerConfigKeys (ConfUtils.java:logGet(43)) - raft.server.log.appender.snapshot.chunk.size.max = 16MB (=16777216) (default)
2019-10-06 05:59:27,585 [14f26cba-7472-4fda-959b-ca0322e7817b@group-C755B63E424D-LeaderElection58] INFO  server.RaftServerConfigKeys (ConfUtils.java:logGet(43)) - raft.server.log.appender.buffer.byte-limit = 33554432 (custom)
2019-10-06 05:59:27,585 [14f26cba-7472-4fda-959b-ca0322e7817b@group-C755B63E424D-LeaderElection58] INFO  server.RaftServerConfigKeys (ConfUtils.java:logGet(43)) - raft.server.log.appender.buffer.element-limit = 1 (custom)
2019-10-06 05:59:27,586 [14f26cba-7472-4fda-959b-ca0322e7817b@group-C755B63E424D-LeaderElection58] INFO  grpc.GrpcConfigKeys$Server (ConfUtils.java:logGet(43)) - raft.grpc.server.leader.outstanding.appends.max = 128 (default)
2019-10-06 05:59:27,586 [14f26cba-7472-4fda-959b-ca0322e7817b@group-C755B63E424D-LeaderElection58] INFO  server.RaftServerConfigKeys (ConfUtils.java:logGet(43)) - raft.server.rpc.request.timeout = 3000ms (default)
2019-10-06 05:59:27,586 [14f26cba-7472-4fda-959b-ca0322e7817b@group-C755B63E424D-LeaderElection58] INFO  server.RaftServerConfigKeys (ConfUtils.java:logGet(43)) - raft.server.log.appender.install.snapshot.enabled = false (custom)
2019-10-06 05:59:27,586 [14f26cba-7472-4fda-959b-ca0322e7817b@group-C755B63E424D-LeaderElection58] INFO  impl.RoleInfo (RoleInfo.java:updateAndGet(143)) - 14f26cba-7472-4fda-959b-ca0322e7817b: start LeaderState
2019-10-06 05:59:27,586 [14f26cba-7472-4fda-959b-ca0322e7817b@group-C755B63E424D-LeaderElection58] INFO  segmented.SegmentedRaftLogWorker (SegmentedRaftLogWorker.java:startLogSegment(385)) - 14f26cba-7472-4fda-959b-ca0322e7817b@group-C755B63E424D-SegmentedRaftLogWorker: Starting segment from index:0
2019-10-06 05:59:27,587 [14f26cba-7472-4fda-959b-ca0322e7817b@group-C755B63E424D-LeaderElection58] INFO  impl.RaftServerImpl (ServerState.java:setRaftConf(356)) - 14f26cba-7472-4fda-959b-ca0322e7817b@group-C755B63E424D: set configuration 0: [14f26cba-7472-4fda-959b-ca0322e7817b:192.168.164.217:35801, e89dc92b-54a0-4ec0-9610-04001e22a467:192.168.164.217:41470, abc6fc2d-41b0-4520-9617-20c39a7e0ca7:192.168.164.217:46425], old=null at 0
2019-10-06 05:59:27,589 [grpc-default-executor-7] INFO  impl.RaftServerImpl (ServerState.java:setLeader(255)) - e89dc92b-54a0-4ec0-9610-04001e22a467@group-C755B63E424D: change Leader from null to 14f26cba-7472-4fda-959b-ca0322e7817b at term 1 for appendEntries, leader elected after 5209ms
2019-10-06 05:59:27,589 [grpc-default-executor-6] INFO  impl.RaftServerImpl (ServerState.java:setLeader(255)) - abc6fc2d-41b0-4520-9617-20c39a7e0ca7@group-C755B63E424D: change Leader from null to 14f26cba-7472-4fda-959b-ca0322e7817b at term 1 for appendEntries, leader elected after 5210ms
2019-10-06 05:59:27,591 [grpc-default-executor-6] INFO  impl.RaftServerImpl (ServerState.java:setRaftConf(356)) - e89dc92b-54a0-4ec0-9610-04001e22a467@group-C755B63E424D: set configuration 0: [14f26cba-7472-4fda-959b-ca0322e7817b:192.168.164.217:35801, e89dc92b-54a0-4ec0-9610-04001e22a467:192.168.164.217:41470, abc6fc2d-41b0-4520-9617-20c39a7e0ca7:192.168.164.217:46425], old=null at 0
2019-10-06 05:59:27,591 [grpc-default-executor-7] INFO  impl.RaftServerImpl (ServerState.java:setRaftConf(356)) - abc6fc2d-41b0-4520-9617-20c39a7e0ca7@group-C755B63E424D: set configuration 0: [14f26cba-7472-4fda-959b-ca0322e7817b:192.168.164.217:35801, e89dc92b-54a0-4ec0-9610-04001e22a467:192.168.164.217:41470, abc6fc2d-41b0-4520-9617-20c39a7e0ca7:192.168.164.217:46425], old=null at 0
2019-10-06 05:59:27,591 [grpc-default-executor-6] INFO  segmented.SegmentedRaftLogWorker (SegmentedRaftLogWorker.java:startLogSegment(385)) - e89dc92b-54a0-4ec0-9610-04001e22a467@group-C755B63E424D-SegmentedRaftLogWorker: Starting segment from index:0
2019-10-06 05:59:27,592 [grpc-default-executor-7] INFO  segmented.SegmentedRaftLogWorker (SegmentedRaftLogWorker.java:startLogSegment(385)) - abc6fc2d-41b0-4520-9617-20c39a7e0ca7@group-C755B63E424D-SegmentedRaftLogWorker: Starting segment from index:0
2019-10-06 05:59:27,625 [e89dc92b-54a0-4ec0-9610-04001e22a467@group-C755B63E424D-SegmentedRaftLogWorker] INFO  segmented.SegmentedRaftLogWorker (SegmentedRaftLogWorker.java:execute(574)) - e89dc92b-54a0-4ec0-9610-04001e22a467@group-C755B63E424D-SegmentedRaftLogWorker: created new log segment /workdir/hadoop-ozone/integration-test/target/test-dir/MiniOzoneClusterImpl-ffb3f97d-e333-4a69-b12a-19fbc7342164/datanode-0/data/ratis/21ce28cc-61b7-4c76-a200-c755b63e424d/current/log_inprogress_0
2019-10-06 05:59:27,625 [abc6fc2d-41b0-4520-9617-20c39a7e0ca7@group-C755B63E424D-SegmentedRaftLogWorker] INFO  segmented.SegmentedRaftLogWorker (SegmentedRaftLogWorker.java:execute(574)) - abc6fc2d-41b0-4520-9617-20c39a7e0ca7@group-C755B63E424D-SegmentedRaftLogWorker: created new log segment /workdir/hadoop-ozone/integration-test/target/test-dir/MiniOzoneClusterImpl-ffb3f97d-e333-4a69-b12a-19fbc7342164/datanode-2/data/ratis/21ce28cc-61b7-4c76-a200-c755b63e424d/current/log_inprogress_0
2019-10-06 05:59:27,625 [14f26cba-7472-4fda-959b-ca0322e7817b@group-C755B63E424D-SegmentedRaftLogWorker] INFO  segmented.SegmentedRaftLogWorker (SegmentedRaftLogWorker.java:execute(574)) - 14f26cba-7472-4fda-959b-ca0322e7817b@group-C755B63E424D-SegmentedRaftLogWorker: created new log segment /workdir/hadoop-ozone/integration-test/target/test-dir/MiniOzoneClusterImpl-ffb3f97d-e333-4a69-b12a-19fbc7342164/datanode-1/data/ratis/21ce28cc-61b7-4c76-a200-c755b63e424d/current/log_inprogress_0
2019-10-06 05:59:27,645 [Thread-2344] INFO  impl.FollowerState (FollowerState.java:run(108)) - aa92a106-0c47-45bf-a1dd-99d47ca5d92d@group-F726EF570F08-FollowerState: change to CANDIDATE, lastRpcTime:5098ms, electionTimeout:5098ms
2019-10-06 05:59:27,645 [Thread-2344] INFO  impl.RoleInfo (RoleInfo.java:shutdownFollowerState(121)) - aa92a106-0c47-45bf-a1dd-99d47ca5d92d: shutdown FollowerState
2019-10-06 05:59:27,645 [Thread-2344] INFO  impl.RaftServerImpl (RaftServerImpl.java:setRole(170)) - aa92a106-0c47-45bf-a1dd-99d47ca5d92d@group-F726EF570F08: changes role from  FOLLOWER to CANDIDATE at term 0 for changeToCandidate
2019-10-06 05:59:27,645 [Thread-2344] INFO  impl.RoleInfo (RoleInfo.java:updateAndGet(143)) - aa92a106-0c47-45bf-a1dd-99d47ca5d92d: start LeaderElection
2019-10-06 05:59:27,662 [Thread-2348] INFO  impl.FollowerState (FollowerState.java:run(108)) - 705adbea-0084-48de-adcb-5cab9b4c0df3@group-579B242D96A2-FollowerState: change to CANDIDATE, lastRpcTime:5053ms, electionTimeout:5053ms
2019-10-06 05:59:27,663 [Thread-2348] INFO  impl.RoleInfo (RoleInfo.java:shutdownFollowerState(121)) - 705adbea-0084-48de-adcb-5cab9b4c0df3: shutdown FollowerState
2019-10-06 05:59:27,663 [Thread-2348] INFO  impl.RaftServerImpl (RaftServerImpl.java:setRole(170)) - 705adbea-0084-48de-adcb-5cab9b4c0df3@group-579B242D96A2: changes role from  FOLLOWER to CANDIDATE at term 0 for changeToCandidate
2019-10-06 05:59:27,663 [Thread-2348] INFO  impl.RoleInfo (RoleInfo.java:updateAndGet(143)) - 705adbea-0084-48de-adcb-5cab9b4c0df3: start LeaderElection
2019-10-06 05:59:27,674 [aa92a106-0c47-45bf-a1dd-99d47ca5d92d@group-F726EF570F08-LeaderElection61] INFO  impl.LeaderElection (LeaderElection.java:askForVotes(178)) - aa92a106-0c47-45bf-a1dd-99d47ca5d92d@group-F726EF570F08-LeaderElection61: begin an election at term 1 for -1: [aa92a106-0c47-45bf-a1dd-99d47ca5d92d:192.168.164.217:38679], old=null
2019-10-06 05:59:27,674 [aa92a106-0c47-45bf-a1dd-99d47ca5d92d@group-F726EF570F08-LeaderElection61] INFO  impl.RoleInfo (RoleInfo.java:shutdownLeaderElection(134)) - aa92a106-0c47-45bf-a1dd-99d47ca5d92d: shutdown LeaderElection
2019-10-06 05:59:27,674 [aa92a106-0c47-45bf-a1dd-99d47ca5d92d@group-F726EF570F08-LeaderElection61] INFO  impl.RaftServerImpl (RaftServerImpl.java:setRole(170)) - aa92a106-0c47-45bf-a1dd-99d47ca5d92d@group-F726EF570F08: changes role from CANDIDATE to LEADER at term 1 for changeToLeader
2019-10-06 05:59:27,674 [aa92a106-0c47-45bf-a1dd-99d47ca5d92d@group-F726EF570F08-LeaderElection61] INFO  impl.RaftServerImpl (ServerState.java:setLeader(255)) - aa92a106-0c47-45bf-a1dd-99d47ca5d92d@group-F726EF570F08: change Leader from null to aa92a106-0c47-45bf-a1dd-99d47ca5d92d at term 1 for becomeLeader, leader elected after 5134ms
2019-10-06 05:59:27,674 [aa92a106-0c47-45bf-a1dd-99d47ca5d92d@group-F726EF570F08-LeaderElection61] INFO  server.RaftServerConfigKeys (ConfUtils.java:logGet(43)) - raft.server.staging.catchup.gap = 1000 (default)
2019-10-06 05:59:27,674 [aa92a106-0c47-45bf-a1dd-99d47ca5d92d@group-F726EF570F08-LeaderElection61] INFO  server.RaftServerConfigKeys (ConfUtils.java:logGet(43)) - raft.server.rpc.sleep.time = 25ms (default)
2019-10-06 05:59:27,675 [aa92a106-0c47-45bf-a1dd-99d47ca5d92d@group-F726EF570F08-LeaderElection61] INFO  server.RaftServerConfigKeys (ConfUtils.java:logGet(43)) - raft.server.write.element-limit = 4096 (default)
2019-10-06 05:59:27,675 [aa92a106-0c47-45bf-a1dd-99d47ca5d92d@group-F726EF570F08-LeaderElection61] INFO  server.RaftServerConfigKeys (ConfUtils.java:logGet(43)) - raft.server.watch.timeout = 10s (default)
2019-10-06 05:59:27,675 [aa92a106-0c47-45bf-a1dd-99d47ca5d92d@group-F726EF570F08-LeaderElection61] INFO  server.RaftServerConfigKeys (ConfUtils.java:logGet(43)) - raft.server.watch.timeout.denomination = 1s (default)
2019-10-06 05:59:27,675 [aa92a106-0c47-45bf-a1dd-99d47ca5d92d@group-F726EF570F08-LeaderElection61] INFO  server.RaftServerConfigKeys (ConfUtils.java:logGet(43)) - raft.server.watch.element-limit = 65536 (default)
2019-10-06 05:59:27,678 [aa92a106-0c47-45bf-a1dd-99d47ca5d92d@group-F726EF570F08-LeaderElection61] INFO  impl.RoleInfo (RoleInfo.java:updateAndGet(143)) - aa92a106-0c47-45bf-a1dd-99d47ca5d92d: start LeaderState
2019-10-06 05:59:27,678 [aa92a106-0c47-45bf-a1dd-99d47ca5d92d@group-F726EF570F08-LeaderElection61] INFO  segmented.SegmentedRaftLogWorker (SegmentedRaftLogWorker.java:startLogSegment(385)) - aa92a106-0c47-45bf-a1dd-99d47ca5d92d@group-F726EF570F08-SegmentedRaftLogWorker: Starting segment from index:0
2019-10-06 05:59:27,679 [aa92a106-0c47-45bf-a1dd-99d47ca5d92d@group-F726EF570F08-LeaderElection61] INFO  impl.RaftServerImpl (ServerState.java:setRaftConf(356)) - aa92a106-0c47-45bf-a1dd-99d47ca5d92d@group-F726EF570F08: set configuration 0: [aa92a106-0c47-45bf-a1dd-99d47ca5d92d:192.168.164.217:38679], old=null at 0
2019-10-06 05:59:27,686 [705adbea-0084-48de-adcb-5cab9b4c0df3@group-579B242D96A2-LeaderElection62] INFO  impl.LeaderElection (LeaderElection.java:askForVotes(178)) - 705adbea-0084-48de-adcb-5cab9b4c0df3@group-579B242D96A2-LeaderElection62: begin an election at term 1 for -1: [705adbea-0084-48de-adcb-5cab9b4c0df3:192.168.164.217:36886], old=null
2019-10-06 05:59:27,686 [705adbea-0084-48de-adcb-5cab9b4c0df3@group-579B242D96A2-LeaderElection62] INFO  impl.RoleInfo (RoleInfo.java:shutdownLeaderElection(134)) - 705adbea-0084-48de-adcb-5cab9b4c0df3: shutdown LeaderElection
2019-10-06 05:59:27,686 [705adbea-0084-48de-adcb-5cab9b4c0df3@group-579B242D96A2-LeaderElection62] INFO  impl.RaftServerImpl (RaftServerImpl.java:setRole(170)) - 705adbea-0084-48de-adcb-5cab9b4c0df3@group-579B242D96A2: changes role from CANDIDATE to LEADER at term 1 for changeToLeader
2019-10-06 05:59:27,686 [705adbea-0084-48de-adcb-5cab9b4c0df3@group-579B242D96A2-LeaderElection62] INFO  impl.RaftServerImpl (ServerState.java:setLeader(255)) - 705adbea-0084-48de-adcb-5cab9b4c0df3@group-579B242D96A2: change Leader from null to 705adbea-0084-48de-adcb-5cab9b4c0df3 at term 1 for becomeLeader, leader elected after 5083ms
2019-10-06 05:59:27,686 [705adbea-0084-48de-adcb-5cab9b4c0df3@group-579B242D96A2-LeaderElection62] INFO  server.RaftServerConfigKeys (ConfUtils.java:logGet(43)) - raft.server.staging.catchup.gap = 1000 (default)
2019-10-06 05:59:27,686 [705adbea-0084-48de-adcb-5cab9b4c0df3@group-579B242D96A2-LeaderElection62] INFO  server.RaftServerConfigKeys (ConfUtils.java:logGet(43)) - raft.server.rpc.sleep.time = 25ms (default)
2019-10-06 05:59:27,686 [705adbea-0084-48de-adcb-5cab9b4c0df3@group-579B242D96A2-LeaderElection62] INFO  server.RaftServerConfigKeys (ConfUtils.java:logGet(43)) - raft.server.write.element-limit = 4096 (default)
2019-10-06 05:59:27,686 [705adbea-0084-48de-adcb-5cab9b4c0df3@group-579B242D96A2-LeaderElection62] INFO  server.RaftServerConfigKeys (ConfUtils.java:logGet(43)) - raft.server.watch.timeout = 10s (default)
2019-10-06 05:59:27,686 [705adbea-0084-48de-adcb-5cab9b4c0df3@group-579B242D96A2-LeaderElection62] INFO  server.RaftServerConfigKeys (ConfUtils.java:logGet(43)) - raft.server.watch.timeout.denomination = 1s (default)
2019-10-06 05:59:27,687 [705adbea-0084-48de-adcb-5cab9b4c0df3@group-579B242D96A2-LeaderElection62] INFO  server.RaftServerConfigKeys (ConfUtils.java:logGet(43)) - raft.server.watch.element-limit = 65536 (default)
2019-10-06 05:59:27,688 [705adbea-0084-48de-adcb-5cab9b4c0df3@group-579B242D96A2-LeaderElection62] INFO  impl.RoleInfo (RoleInfo.java:updateAndGet(143)) - 705adbea-0084-48de-adcb-5cab9b4c0df3: start LeaderState
2019-10-06 05:59:27,688 [705adbea-0084-48de-adcb-5cab9b4c0df3@group-579B242D96A2-LeaderElection62] INFO  segmented.SegmentedRaftLogWorker (SegmentedRaftLogWorker.java:startLogSegment(385)) - 705adbea-0084-48de-adcb-5cab9b4c0df3@group-579B242D96A2-SegmentedRaftLogWorker: Starting segment from index:0
2019-10-06 05:59:27,688 [705adbea-0084-48de-adcb-5cab9b4c0df3@group-579B242D96A2-LeaderElection62] INFO  impl.RaftServerImpl (ServerState.java:setRaftConf(356)) - 705adbea-0084-48de-adcb-5cab9b4c0df3@group-579B242D96A2: set configuration 0: [705adbea-0084-48de-adcb-5cab9b4c0df3:192.168.164.217:36886], old=null at 0
2019-10-06 05:59:27,689 [Thread-2341] INFO  impl.FollowerState (FollowerState.java:run(108)) - 99b8f8e6-ad60-4026-8951-ac8842382515@group-C9C0E7C9DA8B-FollowerState: change to CANDIDATE, lastRpcTime:5194ms, electionTimeout:5194ms
2019-10-06 05:59:27,689 [Thread-2341] INFO  impl.RoleInfo (RoleInfo.java:shutdownFollowerState(121)) - 99b8f8e6-ad60-4026-8951-ac8842382515: shutdown FollowerState
2019-10-06 05:59:27,689 [Thread-2341] INFO  impl.RaftServerImpl (RaftServerImpl.java:setRole(170)) - 99b8f8e6-ad60-4026-8951-ac8842382515@group-C9C0E7C9DA8B: changes role from  FOLLOWER to CANDIDATE at term 0 for changeToCandidate
2019-10-06 05:59:27,689 [Thread-2341] INFO  impl.RoleInfo (RoleInfo.java:updateAndGet(143)) - 99b8f8e6-ad60-4026-8951-ac8842382515: start LeaderElection
2019-10-06 05:59:27,740 [aa92a106-0c47-45bf-a1dd-99d47ca5d92d@group-F726EF570F08-SegmentedRaftLogWorker] INFO  segmented.SegmentedRaftLogWorker (SegmentedRaftLogWorker.java:execute(574)) - aa92a106-0c47-45bf-a1dd-99d47ca5d92d@group-F726EF570F08-SegmentedRaftLogWorker: created new log segment /workdir/hadoop-ozone/integration-test/target/test-dir/MiniOzoneClusterImpl-ffb3f97d-e333-4a69-b12a-19fbc7342164/datanode-4/data/ratis/86338e3f-317f-4d78-9fc0-f726ef570f08/current/log_inprogress_0
2019-10-06 05:59:27,740 [99b8f8e6-ad60-4026-8951-ac8842382515@group-C9C0E7C9DA8B-LeaderElection63] INFO  impl.LeaderElection (LeaderElection.java:askForVotes(178)) - 99b8f8e6-ad60-4026-8951-ac8842382515@group-C9C0E7C9DA8B-LeaderElection63: begin an election at term 1 for -1: [99b8f8e6-ad60-4026-8951-ac8842382515:192.168.164.217:44770], old=null
2019-10-06 05:59:27,740 [705adbea-0084-48de-adcb-5cab9b4c0df3@group-579B242D96A2-SegmentedRaftLogWorker] INFO  segmented.SegmentedRaftLogWorker (SegmentedRaftLogWorker.java:execute(574)) - 705adbea-0084-48de-adcb-5cab9b4c0df3@group-579B242D96A2-SegmentedRaftLogWorker: created new log segment /workdir/hadoop-ozone/integration-test/target/test-dir/MiniOzoneClusterImpl-ffb3f97d-e333-4a69-b12a-19fbc7342164/datanode-5/data/ratis/42e90e2c-0f50-4a68-9817-579b242d96a2/current/log_inprogress_0
2019-10-06 05:59:27,740 [99b8f8e6-ad60-4026-8951-ac8842382515@group-C9C0E7C9DA8B-LeaderElection63] INFO  impl.RoleInfo (RoleInfo.java:shutdownLeaderElection(134)) - 99b8f8e6-ad60-4026-8951-ac8842382515: shutdown LeaderElection
2019-10-06 05:59:27,741 [99b8f8e6-ad60-4026-8951-ac8842382515@group-C9C0E7C9DA8B-LeaderElection63] INFO  impl.RaftServerImpl (RaftServerImpl.java:setRole(170)) - 99b8f8e6-ad60-4026-8951-ac8842382515@group-C9C0E7C9DA8B: changes role from CANDIDATE to LEADER at term 1 for changeToLeader
2019-10-06 05:59:27,741 [99b8f8e6-ad60-4026-8951-ac8842382515@group-C9C0E7C9DA8B-LeaderElection63] INFO  impl.RaftServerImpl (ServerState.java:setLeader(255)) - 99b8f8e6-ad60-4026-8951-ac8842382515@group-C9C0E7C9DA8B: change Leader from null to 99b8f8e6-ad60-4026-8951-ac8842382515 at term 1 for becomeLeader, leader elected after 5253ms
2019-10-06 05:59:27,741 [99b8f8e6-ad60-4026-8951-ac8842382515@group-C9C0E7C9DA8B-LeaderElection63] INFO  server.RaftServerConfigKeys (ConfUtils.java:logGet(43)) - raft.server.staging.catchup.gap = 1000 (default)
2019-10-06 05:59:27,741 [99b8f8e6-ad60-4026-8951-ac8842382515@group-C9C0E7C9DA8B-LeaderElection63] INFO  server.RaftServerConfigKeys (ConfUtils.java:logGet(43)) - raft.server.rpc.sleep.time = 25ms (default)
2019-10-06 05:59:27,741 [99b8f8e6-ad60-4026-8951-ac8842382515@group-C9C0E7C9DA8B-LeaderElection63] INFO  server.RaftServerConfigKeys (ConfUtils.java:logGet(43)) - raft.server.write.element-limit = 4096 (default)
2019-10-06 05:59:27,741 [99b8f8e6-ad60-4026-8951-ac8842382515@group-C9C0E7C9DA8B-LeaderElection63] INFO  server.RaftServerConfigKeys (ConfUtils.java:logGet(43)) - raft.server.watch.timeout = 10s (default)
2019-10-06 05:59:27,742 [99b8f8e6-ad60-4026-8951-ac8842382515@group-C9C0E7C9DA8B-LeaderElection63] INFO  server.RaftServerConfigKeys (ConfUtils.java:logGet(43)) - raft.server.watch.timeout.denomination = 1s (default)
2019-10-06 05:59:27,742 [99b8f8e6-ad60-4026-8951-ac8842382515@group-C9C0E7C9DA8B-LeaderElection63] INFO  server.RaftServerConfigKeys (ConfUtils.java:logGet(43)) - raft.server.watch.element-limit = 65536 (default)
2019-10-06 05:59:27,744 [99b8f8e6-ad60-4026-8951-ac8842382515@group-C9C0E7C9DA8B-LeaderElection63] INFO  impl.RoleInfo (RoleInfo.java:updateAndGet(143)) - 99b8f8e6-ad60-4026-8951-ac8842382515: start LeaderState
2019-10-06 05:59:27,744 [99b8f8e6-ad60-4026-8951-ac8842382515@group-C9C0E7C9DA8B-LeaderElection63] INFO  segmented.SegmentedRaftLogWorker (SegmentedRaftLogWorker.java:startLogSegment(385)) - 99b8f8e6-ad60-4026-8951-ac8842382515@group-C9C0E7C9DA8B-SegmentedRaftLogWorker: Starting segment from index:0
2019-10-06 05:59:27,744 [99b8f8e6-ad60-4026-8951-ac8842382515@group-C9C0E7C9DA8B-LeaderElection63] INFO  impl.RaftServerImpl (ServerState.java:setRaftConf(356)) - 99b8f8e6-ad60-4026-8951-ac8842382515@group-C9C0E7C9DA8B: set configuration 0: [99b8f8e6-ad60-4026-8951-ac8842382515:192.168.164.217:44770], old=null at 0
2019-10-06 05:59:27,749 [Thread-2351] INFO  impl.FollowerState (FollowerState.java:run(108)) - 508923bd-d53d-4d82-ad05-e0d71d3ae4fa@group-40A746DE1F0A-FollowerState: change to CANDIDATE, lastRpcTime:5089ms, electionTimeout:5089ms
2019-10-06 05:59:27,749 [Thread-2351] INFO  impl.RoleInfo (RoleInfo.java:shutdownFollowerState(121)) - 508923bd-d53d-4d82-ad05-e0d71d3ae4fa: shutdown FollowerState
2019-10-06 05:59:27,749 [Thread-2351] INFO  impl.RaftServerImpl (RaftServerImpl.java:setRole(170)) - 508923bd-d53d-4d82-ad05-e0d71d3ae4fa@group-40A746DE1F0A: changes role from  FOLLOWER to CANDIDATE at term 0 for changeToCandidate
2019-10-06 05:59:27,749 [Thread-2351] INFO  impl.RoleInfo (RoleInfo.java:updateAndGet(143)) - 508923bd-d53d-4d82-ad05-e0d71d3ae4fa: start LeaderElection
2019-10-06 05:59:27,784 [Thread-2359] INFO  impl.FollowerState (FollowerState.java:run(108)) - 99b8f8e6-ad60-4026-8951-ac8842382515@group-BB3D729D26A5-FollowerState: change to CANDIDATE, lastRpcTime:5049ms, electionTimeout:5030ms
2019-10-06 05:59:27,785 [Thread-2359] INFO  impl.RoleInfo (RoleInfo.java:shutdownFollowerState(121)) - 99b8f8e6-ad60-4026-8951-ac8842382515: shutdown FollowerState
2019-10-06 05:59:27,785 [Thread-2359] INFO  impl.RaftServerImpl (RaftServerImpl.java:setRole(170)) - 99b8f8e6-ad60-4026-8951-ac8842382515@group-BB3D729D26A5: changes role from  FOLLOWER to CANDIDATE at term 0 for changeToCandidate
2019-10-06 05:59:27,785 [Thread-2359] INFO  impl.RoleInfo (RoleInfo.java:updateAndGet(143)) - 99b8f8e6-ad60-4026-8951-ac8842382515: start LeaderElection
2019-10-06 05:59:27,799 [99b8f8e6-ad60-4026-8951-ac8842382515@group-C9C0E7C9DA8B-SegmentedRaftLogWorker] INFO  segmented.SegmentedRaftLogWorker (SegmentedRaftLogWorker.java:execute(574)) - 99b8f8e6-ad60-4026-8951-ac8842382515@group-C9C0E7C9DA8B-SegmentedRaftLogWorker: created new log segment /workdir/hadoop-ozone/integration-test/target/test-dir/MiniOzoneClusterImpl-ffb3f97d-e333-4a69-b12a-19fbc7342164/datanode-3/data/ratis/64989b6f-143c-405b-8f81-c9c0e7c9da8b/current/log_inprogress_0
2019-10-06 05:59:27,799 [508923bd-d53d-4d82-ad05-e0d71d3ae4fa@group-40A746DE1F0A-LeaderElection64] INFO  impl.LeaderElection (LeaderElection.java:askForVotes(178)) - 508923bd-d53d-4d82-ad05-e0d71d3ae4fa@group-40A746DE1F0A-LeaderElection64: begin an election at term 1 for -1: [508923bd-d53d-4d82-ad05-e0d71d3ae4fa:192.168.164.217:40067], old=null
2019-10-06 05:59:27,800 [508923bd-d53d-4d82-ad05-e0d71d3ae4fa@group-40A746DE1F0A-LeaderElection64] INFO  impl.RoleInfo (RoleInfo.java:shutdownLeaderElection(134)) - 508923bd-d53d-4d82-ad05-e0d71d3ae4fa: shutdown LeaderElection
2019-10-06 05:59:27,800 [508923bd-d53d-4d82-ad05-e0d71d3ae4fa@group-40A746DE1F0A-LeaderElection64] INFO  impl.RaftServerImpl (RaftServerImpl.java:setRole(170)) - 508923bd-d53d-4d82-ad05-e0d71d3ae4fa@group-40A746DE1F0A: changes role from CANDIDATE to LEADER at term 1 for changeToLeader
2019-10-06 05:59:27,800 [508923bd-d53d-4d82-ad05-e0d71d3ae4fa@group-40A746DE1F0A-LeaderElection64] INFO  impl.RaftServerImpl (ServerState.java:setLeader(255)) - 508923bd-d53d-4d82-ad05-e0d71d3ae4fa@group-40A746DE1F0A: change Leader from null to 508923bd-d53d-4d82-ad05-e0d71d3ae4fa at term 1 for becomeLeader, leader elected after 5147ms
2019-10-06 05:59:27,800 [508923bd-d53d-4d82-ad05-e0d71d3ae4fa@group-40A746DE1F0A-LeaderElection64] INFO  server.RaftServerConfigKeys (ConfUtils.java:logGet(43)) - raft.server.staging.catchup.gap = 1000 (default)
2019-10-06 05:59:27,800 [508923bd-d53d-4d82-ad05-e0d71d3ae4fa@group-40A746DE1F0A-LeaderElection64] INFO  server.RaftServerConfigKeys (ConfUtils.java:logGet(43)) - raft.server.rpc.sleep.time = 25ms (default)
2019-10-06 05:59:27,800 [508923bd-d53d-4d82-ad05-e0d71d3ae4fa@group-40A746DE1F0A-LeaderElection64] INFO  server.RaftServerConfigKeys (ConfUtils.java:logGet(43)) - raft.server.write.element-limit = 4096 (default)
2019-10-06 05:59:27,800 [508923bd-d53d-4d82-ad05-e0d71d3ae4fa@group-40A746DE1F0A-LeaderElection64] INFO  server.RaftServerConfigKeys (ConfUtils.java:logGet(43)) - raft.server.watch.timeout = 10s (default)
2019-10-06 05:59:27,801 [508923bd-d53d-4d82-ad05-e0d71d3ae4fa@group-40A746DE1F0A-LeaderElection64] INFO  server.RaftServerConfigKeys (ConfUtils.java:logGet(43)) - raft.server.watch.timeout.denomination = 1s (default)
2019-10-06 05:59:27,801 [508923bd-d53d-4d82-ad05-e0d71d3ae4fa@group-40A746DE1F0A-LeaderElection64] INFO  server.RaftServerConfigKeys (ConfUtils.java:logGet(43)) - raft.server.watch.element-limit = 65536 (default)
2019-10-06 05:59:27,802 [508923bd-d53d-4d82-ad05-e0d71d3ae4fa@group-40A746DE1F0A-LeaderElection64] INFO  impl.RoleInfo (RoleInfo.java:updateAndGet(143)) - 508923bd-d53d-4d82-ad05-e0d71d3ae4fa: start LeaderState
2019-10-06 05:59:27,803 [508923bd-d53d-4d82-ad05-e0d71d3ae4fa@group-40A746DE1F0A-LeaderElection64] INFO  segmented.SegmentedRaftLogWorker (SegmentedRaftLogWorker.java:startLogSegment(385)) - 508923bd-d53d-4d82-ad05-e0d71d3ae4fa@group-40A746DE1F0A-SegmentedRaftLogWorker: Starting segment from index:0
2019-10-06 05:59:27,803 [508923bd-d53d-4d82-ad05-e0d71d3ae4fa@group-40A746DE1F0A-LeaderElection64] INFO  impl.RaftServerImpl (ServerState.java:setRaftConf(356)) - 508923bd-d53d-4d82-ad05-e0d71d3ae4fa@group-40A746DE1F0A: set configuration 0: [508923bd-d53d-4d82-ad05-e0d71d3ae4fa:192.168.164.217:40067], old=null at 0
2019-10-06 05:59:27,818 [99b8f8e6-ad60-4026-8951-ac8842382515@group-BB3D729D26A5-LeaderElection65] INFO  impl.LeaderElection (LeaderElection.java:askForVotes(178)) - 99b8f8e6-ad60-4026-8951-ac8842382515@group-BB3D729D26A5-LeaderElection65: begin an election at term 1 for -1: [508923bd-d53d-4d82-ad05-e0d71d3ae4fa:192.168.164.217:40067, 99b8f8e6-ad60-4026-8951-ac8842382515:192.168.164.217:44770, 705adbea-0084-48de-adcb-5cab9b4c0df3:192.168.164.217:36886], old=null
2019-10-06 05:59:27,855 [grpc-default-executor-7] INFO  impl.RaftServerImpl (RaftServerImpl.java:setRole(170)) - 705adbea-0084-48de-adcb-5cab9b4c0df3@group-BB3D729D26A5: changes role from  FOLLOWER to FOLLOWER at term 1 for recognizeCandidate:99b8f8e6-ad60-4026-8951-ac8842382515
2019-10-06 05:59:27,856 [grpc-default-executor-7] INFO  impl.RoleInfo (RoleInfo.java:shutdownFollowerState(121)) - 705adbea-0084-48de-adcb-5cab9b4c0df3: shutdown FollowerState
2019-10-06 05:59:27,856 [grpc-default-executor-7] INFO  impl.RoleInfo (RoleInfo.java:updateAndGet(143)) - 705adbea-0084-48de-adcb-5cab9b4c0df3: start FollowerState
2019-10-06 05:59:27,856 [Thread-2354] INFO  impl.FollowerState (FollowerState.java:run(117)) - 705adbea-0084-48de-adcb-5cab9b4c0df3@group-BB3D729D26A5-FollowerState was interrupted: java.lang.InterruptedException: sleep interrupted
2019-10-06 05:59:27,865 [grpc-default-executor-6] INFO  impl.RaftServerImpl (RaftServerImpl.java:setRole(170)) - 508923bd-d53d-4d82-ad05-e0d71d3ae4fa@group-BB3D729D26A5: changes role from  FOLLOWER to FOLLOWER at term 1 for recognizeCandidate:99b8f8e6-ad60-4026-8951-ac8842382515
2019-10-06 05:59:27,865 [508923bd-d53d-4d82-ad05-e0d71d3ae4fa@group-40A746DE1F0A-SegmentedRaftLogWorker] INFO  segmented.SegmentedRaftLogWorker (SegmentedRaftLogWorker.java:execute(574)) - 508923bd-d53d-4d82-ad05-e0d71d3ae4fa@group-40A746DE1F0A-SegmentedRaftLogWorker: created new log segment /workdir/hadoop-ozone/integration-test/target/test-dir/MiniOzoneClusterImpl-ffb3f97d-e333-4a69-b12a-19fbc7342164/datanode-6/data/ratis/f9e2d32b-cbcf-4bc5-839a-40a746de1f0a/current/log_inprogress_0
2019-10-06 05:59:27,865 [grpc-default-executor-6] INFO  impl.RoleInfo (RoleInfo.java:shutdownFollowerState(121)) - 508923bd-d53d-4d82-ad05-e0d71d3ae4fa: shutdown FollowerState
2019-10-06 05:59:27,866 [grpc-default-executor-6] INFO  impl.RoleInfo (RoleInfo.java:updateAndGet(143)) - 508923bd-d53d-4d82-ad05-e0d71d3ae4fa: start FollowerState
2019-10-06 05:59:27,866 [Thread-2358] INFO  impl.FollowerState (FollowerState.java:run(117)) - 508923bd-d53d-4d82-ad05-e0d71d3ae4fa@group-BB3D729D26A5-FollowerState was interrupted: java.lang.InterruptedException: sleep interrupted
2019-10-06 05:59:27,880 [99b8f8e6-ad60-4026-8951-ac8842382515@group-BB3D729D26A5-LeaderElection65] INFO  impl.LeaderElection (LeaderElection.java:logAndReturn(56)) - 99b8f8e6-ad60-4026-8951-ac8842382515@group-BB3D729D26A5-LeaderElection65: Election PASSED; received 1 response(s) [99b8f8e6-ad60-4026-8951-ac8842382515<-508923bd-d53d-4d82-ad05-e0d71d3ae4fa#0:OK-t1] and 0 exception(s); 99b8f8e6-ad60-4026-8951-ac8842382515@group-BB3D729D26A5:t1, leader=null, voted=99b8f8e6-ad60-4026-8951-ac8842382515, raftlog=99b8f8e6-ad60-4026-8951-ac8842382515@group-BB3D729D26A5-SegmentedRaftLog:OPENED:c-1,f-1,i0, conf=-1: [508923bd-d53d-4d82-ad05-e0d71d3ae4fa:192.168.164.217:40067, 99b8f8e6-ad60-4026-8951-ac8842382515:192.168.164.217:44770, 705adbea-0084-48de-adcb-5cab9b4c0df3:192.168.164.217:36886], old=null
2019-10-06 05:59:27,881 [99b8f8e6-ad60-4026-8951-ac8842382515@group-BB3D729D26A5-LeaderElection65] INFO  impl.RoleInfo (RoleInfo.java:shutdownLeaderElection(134)) - 99b8f8e6-ad60-4026-8951-ac8842382515: shutdown LeaderElection
2019-10-06 05:59:27,881 [99b8f8e6-ad60-4026-8951-ac8842382515@group-BB3D729D26A5-LeaderElection65] INFO  impl.RaftServerImpl (RaftServerImpl.java:setRole(170)) - 99b8f8e6-ad60-4026-8951-ac8842382515@group-BB3D729D26A5: changes role from CANDIDATE to LEADER at term 1 for changeToLeader
2019-10-06 05:59:27,881 [99b8f8e6-ad60-4026-8951-ac8842382515@group-BB3D729D26A5-LeaderElection65] INFO  impl.RaftServerImpl (ServerState.java:setLeader(255)) - 99b8f8e6-ad60-4026-8951-ac8842382515@group-BB3D729D26A5: change Leader from null to 99b8f8e6-ad60-4026-8951-ac8842382515 at term 1 for becomeLeader, leader elected after 5161ms
2019-10-06 05:59:27,881 [99b8f8e6-ad60-4026-8951-ac8842382515@group-BB3D729D26A5-LeaderElection65] INFO  server.RaftServerConfigKeys (ConfUtils.java:logGet(43)) - raft.server.staging.catchup.gap = 1000 (default)
2019-10-06 05:59:27,881 [99b8f8e6-ad60-4026-8951-ac8842382515@group-BB3D729D26A5-LeaderElection65] INFO  server.RaftServerConfigKeys (ConfUtils.java:logGet(43)) - raft.server.rpc.sleep.time = 25ms (default)
2019-10-06 05:59:27,881 [99b8f8e6-ad60-4026-8951-ac8842382515@group-BB3D729D26A5-LeaderElection65] INFO  server.RaftServerConfigKeys (ConfUtils.java:logGet(43)) - raft.server.write.element-limit = 4096 (default)
2019-10-06 05:59:27,881 [99b8f8e6-ad60-4026-8951-ac8842382515@group-BB3D729D26A5-LeaderElection65] INFO  server.RaftServerConfigKeys (ConfUtils.java:logGet(43)) - raft.server.watch.timeout = 10s (default)
2019-10-06 05:59:27,881 [99b8f8e6-ad60-4026-8951-ac8842382515@group-BB3D729D26A5-LeaderElection65] INFO  server.RaftServerConfigKeys (ConfUtils.java:logGet(43)) - raft.server.watch.timeout.denomination = 1s (default)
2019-10-06 05:59:27,882 [99b8f8e6-ad60-4026-8951-ac8842382515@group-BB3D729D26A5-LeaderElection65] INFO  server.RaftServerConfigKeys (ConfUtils.java:logGet(43)) - raft.server.watch.element-limit = 65536 (default)
2019-10-06 05:59:27,883 [99b8f8e6-ad60-4026-8951-ac8842382515@group-BB3D729D26A5-LeaderElection65] INFO  server.RaftServerConfigKeys (ConfUtils.java:logGet(43)) - raft.server.log.appender.snapshot.chunk.size.max = 16MB (=16777216) (default)
2019-10-06 05:59:27,883 [99b8f8e6-ad60-4026-8951-ac8842382515@group-BB3D729D26A5-LeaderElection65] INFO  server.RaftServerConfigKeys (ConfUtils.java:logGet(43)) - raft.server.log.appender.buffer.byte-limit = 33554432 (custom)
2019-10-06 05:59:27,883 [99b8f8e6-ad60-4026-8951-ac8842382515@group-BB3D729D26A5-LeaderElection65] INFO  server.RaftServerConfigKeys (ConfUtils.java:logGet(43)) - raft.server.log.appender.buffer.element-limit = 1 (custom)
2019-10-06 05:59:27,883 [99b8f8e6-ad60-4026-8951-ac8842382515@group-BB3D729D26A5-LeaderElection65] INFO  grpc.GrpcConfigKeys$Server (ConfUtils.java:logGet(43)) - raft.grpc.server.leader.outstanding.appends.max = 128 (default)
2019-10-06 05:59:27,884 [99b8f8e6-ad60-4026-8951-ac8842382515@group-BB3D729D26A5-LeaderElection65] INFO  server.RaftServerConfigKeys (ConfUtils.java:logGet(43)) - raft.server.rpc.request.timeout = 3000ms (default)
2019-10-06 05:59:27,884 [99b8f8e6-ad60-4026-8951-ac8842382515@group-BB3D729D26A5-LeaderElection65] INFO  server.RaftServerConfigKeys (ConfUtils.java:logGet(43)) - raft.server.log.appender.install.snapshot.enabled = false (custom)
2019-10-06 05:59:27,884 [99b8f8e6-ad60-4026-8951-ac8842382515@group-BB3D729D26A5-LeaderElection65] INFO  server.RaftServerConfigKeys (ConfUtils.java:logGet(43)) - raft.server.log.appender.snapshot.chunk.size.max = 16MB (=16777216) (default)
2019-10-06 05:59:27,884 [99b8f8e6-ad60-4026-8951-ac8842382515@group-BB3D729D26A5-LeaderElection65] INFO  server.RaftServerConfigKeys (ConfUtils.java:logGet(43)) - raft.server.log.appender.buffer.byte-limit = 33554432 (custom)
2019-10-06 05:59:27,884 [99b8f8e6-ad60-4026-8951-ac8842382515@group-BB3D729D26A5-LeaderElection65] INFO  server.RaftServerConfigKeys (ConfUtils.java:logGet(43)) - raft.server.log.appender.buffer.element-limit = 1 (custom)
2019-10-06 05:59:27,884 [99b8f8e6-ad60-4026-8951-ac8842382515@group-BB3D729D26A5-LeaderElection65] INFO  grpc.GrpcConfigKeys$Server (ConfUtils.java:logGet(43)) - raft.grpc.server.leader.outstanding.appends.max = 128 (default)
2019-10-06 05:59:27,884 [99b8f8e6-ad60-4026-8951-ac8842382515@group-BB3D729D26A5-LeaderElection65] INFO  server.RaftServerConfigKeys (ConfUtils.java:logGet(43)) - raft.server.rpc.request.timeout = 3000ms (default)
2019-10-06 05:59:27,885 [99b8f8e6-ad60-4026-8951-ac8842382515@group-BB3D729D26A5-LeaderElection65] INFO  server.RaftServerConfigKeys (ConfUtils.java:logGet(43)) - raft.server.log.appender.install.snapshot.enabled = false (custom)
2019-10-06 05:59:27,885 [99b8f8e6-ad60-4026-8951-ac8842382515@group-BB3D729D26A5-LeaderElection65] INFO  impl.RoleInfo (RoleInfo.java:updateAndGet(143)) - 99b8f8e6-ad60-4026-8951-ac8842382515: start LeaderState
2019-10-06 05:59:27,885 [99b8f8e6-ad60-4026-8951-ac8842382515@group-BB3D729D26A5-LeaderElection65] INFO  segmented.SegmentedRaftLogWorker (SegmentedRaftLogWorker.java:startLogSegment(385)) - 99b8f8e6-ad60-4026-8951-ac8842382515@group-BB3D729D26A5-SegmentedRaftLogWorker: Starting segment from index:0
2019-10-06 05:59:27,886 [99b8f8e6-ad60-4026-8951-ac8842382515@group-BB3D729D26A5-LeaderElection65] INFO  impl.RaftServerImpl (ServerState.java:setRaftConf(356)) - 99b8f8e6-ad60-4026-8951-ac8842382515@group-BB3D729D26A5: set configuration 0: [508923bd-d53d-4d82-ad05-e0d71d3ae4fa:192.168.164.217:40067, 99b8f8e6-ad60-4026-8951-ac8842382515:192.168.164.217:44770, 705adbea-0084-48de-adcb-5cab9b4c0df3:192.168.164.217:36886], old=null at 0
2019-10-06 05:59:27,937 [grpc-default-executor-7] INFO  impl.RaftServerImpl (ServerState.java:setLeader(255)) - 705adbea-0084-48de-adcb-5cab9b4c0df3@group-BB3D729D26A5: change Leader from null to 99b8f8e6-ad60-4026-8951-ac8842382515 at term 1 for appendEntries, leader elected after 5217ms
2019-10-06 05:59:27,937 [grpc-default-executor-6] INFO  impl.RaftServerImpl (ServerState.java:setLeader(255)) - 508923bd-d53d-4d82-ad05-e0d71d3ae4fa@group-BB3D729D26A5: change Leader from null to 99b8f8e6-ad60-4026-8951-ac8842382515 at term 1 for appendEntries, leader elected after 5217ms
2019-10-06 05:59:27,947 [grpc-default-executor-6] INFO  impl.RaftServerImpl (ServerState.java:setRaftConf(356)) - 705adbea-0084-48de-adcb-5cab9b4c0df3@group-BB3D729D26A5: set configuration 0: [508923bd-d53d-4d82-ad05-e0d71d3ae4fa:192.168.164.217:40067, 99b8f8e6-ad60-4026-8951-ac8842382515:192.168.164.217:44770, 705adbea-0084-48de-adcb-5cab9b4c0df3:192.168.164.217:36886], old=null at 0
2019-10-06 05:59:27,953 [99b8f8e6-ad60-4026-8951-ac8842382515@group-BB3D729D26A5-SegmentedRaftLogWorker] INFO  segmented.SegmentedRaftLogWorker (SegmentedRaftLogWorker.java:execute(574)) - 99b8f8e6-ad60-4026-8951-ac8842382515@group-BB3D729D26A5-SegmentedRaftLogWorker: created new log segment /workdir/hadoop-ozone/integration-test/target/test-dir/MiniOzoneClusterImpl-ffb3f97d-e333-4a69-b12a-19fbc7342164/datanode-3/data/ratis/3b4ef3fe-b283-4758-8dd7-bb3d729d26a5/current/log_inprogress_0
2019-10-06 05:59:27,947 [grpc-default-executor-7] INFO  impl.RaftServerImpl (ServerState.java:setRaftConf(356)) - 508923bd-d53d-4d82-ad05-e0d71d3ae4fa@group-BB3D729D26A5: set configuration 0: [508923bd-d53d-4d82-ad05-e0d71d3ae4fa:192.168.164.217:40067, 99b8f8e6-ad60-4026-8951-ac8842382515:192.168.164.217:44770, 705adbea-0084-48de-adcb-5cab9b4c0df3:192.168.164.217:36886], old=null at 0
2019-10-06 05:59:27,954 [grpc-default-executor-6] INFO  segmented.SegmentedRaftLogWorker (SegmentedRaftLogWorker.java:startLogSegment(385)) - 705adbea-0084-48de-adcb-5cab9b4c0df3@group-BB3D729D26A5-SegmentedRaftLogWorker: Starting segment from index:0
2019-10-06 05:59:27,954 [grpc-default-executor-7] INFO  segmented.SegmentedRaftLogWorker (SegmentedRaftLogWorker.java:startLogSegment(385)) - 508923bd-d53d-4d82-ad05-e0d71d3ae4fa@group-BB3D729D26A5-SegmentedRaftLogWorker: Starting segment from index:0
2019-10-06 05:59:28,004 [705adbea-0084-48de-adcb-5cab9b4c0df3@group-BB3D729D26A5-SegmentedRaftLogWorker] INFO  segmented.SegmentedRaftLogWorker (SegmentedRaftLogWorker.java:execute(574)) - 705adbea-0084-48de-adcb-5cab9b4c0df3@group-BB3D729D26A5-SegmentedRaftLogWorker: created new log segment /workdir/hadoop-ozone/integration-test/target/test-dir/MiniOzoneClusterImpl-ffb3f97d-e333-4a69-b12a-19fbc7342164/datanode-5/data/ratis/3b4ef3fe-b283-4758-8dd7-bb3d729d26a5/current/log_inprogress_0
2019-10-06 05:59:28,007 [508923bd-d53d-4d82-ad05-e0d71d3ae4fa@group-BB3D729D26A5-SegmentedRaftLogWorker] INFO  segmented.SegmentedRaftLogWorker (SegmentedRaftLogWorker.java:execute(574)) - 508923bd-d53d-4d82-ad05-e0d71d3ae4fa@group-BB3D729D26A5-SegmentedRaftLogWorker: created new log segment /workdir/hadoop-ozone/integration-test/target/test-dir/MiniOzoneClusterImpl-ffb3f97d-e333-4a69-b12a-19fbc7342164/datanode-6/data/ratis/3b4ef3fe-b283-4758-8dd7-bb3d729d26a5/current/log_inprogress_0
2019-10-06 05:59:28,105 [Datanode State Machine Thread - 0] INFO  statemachine.DatanodeStateMachine (DatanodeStateMachine.java:lambda$startDaemon$0(350)) - Ozone container server started.
2019-10-06 05:59:29,036 [grpc-default-executor-7] WARN  server.GrpcLogAppender (LogUtils.java:warn(134)) - 58960bb6-1791-4bb0-9c36-a998f9195181@group-CC1B921A8CA5->c2fbd6fe-546b-4c5d-8829-05959505a398-AppendLogResponseHandler: Failed appendEntries: org.apache.ratis.thirdparty.io.grpc.StatusRuntimeException: UNAVAILABLE: io exception
2019-10-06 05:59:29,036 [grpc-default-executor-1] WARN  server.GrpcLogAppender (LogUtils.java:warn(134)) - 58960bb6-1791-4bb0-9c36-a998f9195181@group-CC1B921A8CA5->f92d2d06-16ca-476c-af7f-960d805fe056-AppendLogResponseHandler: Failed appendEntries: org.apache.ratis.thirdparty.io.grpc.StatusRuntimeException: UNAVAILABLE: io exception
2019-10-06 05:59:29,037 [grpc-default-executor-7] INFO  impl.FollowerInfo (FollowerInfo.java:lambda$new$0(51)) - 58960bb6-1791-4bb0-9c36-a998f9195181@group-CC1B921A8CA5->c2fbd6fe-546b-4c5d-8829-05959505a398: nextIndex: updateUnconditionally 0 -> 0
2019-10-06 05:59:29,037 [grpc-default-executor-1] INFO  impl.FollowerInfo (FollowerInfo.java:lambda$new$0(51)) - 58960bb6-1791-4bb0-9c36-a998f9195181@group-CC1B921A8CA5->f92d2d06-16ca-476c-af7f-960d805fe056: nextIndex: updateUnconditionally 0 -> 0
2019-10-06 05:59:29,682 [Thread-2440] INFO  client.GrpcClientProtocolService (GrpcClientProtocolService.java:lambda$processClientRequest$0(278)) - Failed RaftClientRequest:client-17CE65E7B44D->58960bb6-1791-4bb0-9c36-a998f9195181@group-CC1B921A8CA5, cid=68, seq=0, Watch-MAJORITY_COMMITTED(108), Message:<EMPTY>, reply=RaftClientReply:client-17CE65E7B44D->58960bb6-1791-4bb0-9c36-a998f9195181@group-CC1B921A8CA5, cid=68, FAILED org.apache.ratis.protocol.NotReplicatedException: Request with call Id 68 and log index 108 is not yet replicated to MAJORITY_COMMITTED, logIndex=108, commits[58960bb6-1791-4bb0-9c36-a998f9195181:c2, c2fbd6fe-546b-4c5d-8829-05959505a398:c2, f92d2d06-16ca-476c-af7f-960d805fe056:c2]
2019-10-06 05:59:31,541 [grpc-default-executor-1] WARN  server.GrpcLogAppender (LogUtils.java:warn(134)) - 58960bb6-1791-4bb0-9c36-a998f9195181@group-CC1B921A8CA5->f92d2d06-16ca-476c-af7f-960d805fe056-AppendLogResponseHandler: Failed appendEntries: org.apache.ratis.thirdparty.io.grpc.StatusRuntimeException: UNAVAILABLE: io exception
2019-10-06 05:59:31,541 [grpc-default-executor-4] WARN  server.GrpcLogAppender (LogUtils.java:warn(134)) - 58960bb6-1791-4bb0-9c36-a998f9195181@group-CC1B921A8CA5->c2fbd6fe-546b-4c5d-8829-05959505a398-AppendLogResponseHandler: Failed appendEntries: org.apache.ratis.thirdparty.io.grpc.StatusRuntimeException: UNAVAILABLE: io exception
2019-10-06 05:59:31,542 [grpc-default-executor-4] INFO  impl.FollowerInfo (FollowerInfo.java:lambda$new$0(51)) - 58960bb6-1791-4bb0-9c36-a998f9195181@group-CC1B921A8CA5->c2fbd6fe-546b-4c5d-8829-05959505a398: nextIndex: updateUnconditionally 0 -> 0
2019-10-06 05:59:31,542 [grpc-default-executor-1] INFO  impl.FollowerInfo (FollowerInfo.java:lambda$new$0(51)) - 58960bb6-1791-4bb0-9c36-a998f9195181@group-CC1B921A8CA5->f92d2d06-16ca-476c-af7f-960d805fe056: nextIndex: updateUnconditionally 0 -> 0
2019-10-06 05:59:33,086 [main] INFO  ozoneimpl.OzoneContainer (OzoneContainer.java:stop(231)) - Attempting to stop container services.
2019-10-06 05:59:33,086 [main] INFO  impl.RaftServerProxy (RaftServerProxy.java:lambda$close$4(314)) - e89dc92b-54a0-4ec0-9610-04001e22a467: close
2019-10-06 05:59:33,087 [main] INFO  impl.RaftServerImpl (RaftServerImpl.java:lambda$shutdown$3(247)) - e89dc92b-54a0-4ec0-9610-04001e22a467@group-A737D54BD720: shutdown
2019-10-06 05:59:33,088 [main] INFO  util.JmxRegister (JmxRegister.java:unregister(73)) - Successfully un-registered JMX Bean with object name Ratis:service=RaftServer,group=group-A737D54BD720,id=e89dc92b-54a0-4ec0-9610-04001e22a467
2019-10-06 05:59:33,088 [main] INFO  impl.RoleInfo (RoleInfo.java:shutdownLeaderState(104)) - e89dc92b-54a0-4ec0-9610-04001e22a467: shutdown LeaderState
2019-10-06 05:59:33,088 [main] INFO  impl.PendingRequests (PendingRequests.java:sendNotLeaderResponses(202)) - e89dc92b-54a0-4ec0-9610-04001e22a467@group-A737D54BD720-PendingRequests: sendNotLeaderResponses
2019-10-06 05:59:33,089 [main] INFO  impl.StateMachineUpdater (StateMachineUpdater.java:stopAndJoin(136)) - e89dc92b-54a0-4ec0-9610-04001e22a467@group-A737D54BD720-StateMachineUpdater: set stopIndex = 0
2019-10-06 05:59:33,090 [main] INFO  impl.RaftServerImpl (ServerState.java:close(387)) - e89dc92b-54a0-4ec0-9610-04001e22a467@group-A737D54BD720: closes. applyIndex: 0
2019-10-06 05:59:33,090 [e89dc92b-54a0-4ec0-9610-04001e22a467@group-A737D54BD720-SegmentedRaftLogWorker] INFO  segmented.SegmentedRaftLogWorker (SegmentedRaftLogWorker.java:run(316)) - e89dc92b-54a0-4ec0-9610-04001e22a467@group-A737D54BD720-SegmentedRaftLogWorker was interrupted, exiting. There are 0 tasks remaining in the queue.
2019-10-06 05:59:33,107 [main] INFO  segmented.SegmentedRaftLogWorker (SegmentedRaftLogWorker.java:close(224)) - e89dc92b-54a0-4ec0-9610-04001e22a467@group-A737D54BD720-SegmentedRaftLogWorker close()
2019-10-06 05:59:33,116 [main] INFO  impl.RaftServerImpl (RaftServerImpl.java:lambda$shutdown$3(247)) - e89dc92b-54a0-4ec0-9610-04001e22a467@group-C755B63E424D: shutdown
2019-10-06 05:59:33,116 [main] INFO  util.JmxRegister (JmxRegister.java:unregister(73)) - Successfully un-registered JMX Bean with object name Ratis:service=RaftServer,group=group-C755B63E424D,id=e89dc92b-54a0-4ec0-9610-04001e22a467
2019-10-06 05:59:33,116 [main] INFO  impl.RoleInfo (RoleInfo.java:shutdownFollowerState(121)) - e89dc92b-54a0-4ec0-9610-04001e22a467: shutdown FollowerState
2019-10-06 05:59:33,117 [main] INFO  impl.StateMachineUpdater (StateMachineUpdater.java:stopAndJoin(136)) - e89dc92b-54a0-4ec0-9610-04001e22a467@group-C755B63E424D-StateMachineUpdater: set stopIndex = 2
2019-10-06 05:59:33,117 [Thread-2390] INFO  impl.FollowerState (FollowerState.java:run(117)) - e89dc92b-54a0-4ec0-9610-04001e22a467@group-C755B63E424D-FollowerState was interrupted: java.lang.InterruptedException: sleep interrupted
2019-10-06 05:59:33,117 [e89dc92b-54a0-4ec0-9610-04001e22a467@group-C755B63E424D-StateMachineUpdater] INFO  ratis.ContainerStateMachine (ContainerStateMachine.java:takeSnapshot(293)) - group-C755B63E424D: Taking a snapshot at:(t:1, i:1) file /workdir/hadoop-ozone/integration-test/target/test-dir/MiniOzoneClusterImpl-ffb3f97d-e333-4a69-b12a-19fbc7342164/datanode-0/data/ratis/21ce28cc-61b7-4c76-a200-c755b63e424d/sm/snapshot.1_1
2019-10-06 05:59:33,134 [e89dc92b-54a0-4ec0-9610-04001e22a467@group-C755B63E424D-StateMachineUpdater] INFO  ratis.ContainerStateMachine (ContainerStateMachine.java:takeSnapshot(304)) - group-C755B63E424D: Finished taking a snapshot at:(t:1, i:1) file:/workdir/hadoop-ozone/integration-test/target/test-dir/MiniOzoneClusterImpl-ffb3f97d-e333-4a69-b12a-19fbc7342164/datanode-0/data/ratis/21ce28cc-61b7-4c76-a200-c755b63e424d/sm/snapshot.1_1 time:18
2019-10-06 05:59:33,135 [e89dc92b-54a0-4ec0-9610-04001e22a467@group-C755B63E424D-StateMachineUpdater] INFO  impl.StateMachineUpdater (StateMachineUpdater.java:takeSnapshot(269)) - e89dc92b-54a0-4ec0-9610-04001e22a467@group-C755B63E424D-StateMachineUpdater: Took a snapshot at index 1
2019-10-06 05:59:33,135 [e89dc92b-54a0-4ec0-9610-04001e22a467@group-C755B63E424D-StateMachineUpdater] INFO  impl.StateMachineUpdater (StateMachineUpdater.java:lambda$new$0(84)) - e89dc92b-54a0-4ec0-9610-04001e22a467@group-C755B63E424D-StateMachineUpdater: snapshotIndex: updateIncreasingly -1 -> 1
2019-10-06 05:59:33,135 [e89dc92b-54a0-4ec0-9610-04001e22a467@group-C755B63E424D-StateMachineUpdater] INFO  ratis.ContainerStateMachine (ContainerStateMachine.java:takeSnapshot(293)) - group-C755B63E424D: Taking a snapshot at:(t:1, i:1) file /workdir/hadoop-ozone/integration-test/target/test-dir/MiniOzoneClusterImpl-ffb3f97d-e333-4a69-b12a-19fbc7342164/datanode-0/data/ratis/21ce28cc-61b7-4c76-a200-c755b63e424d/sm/snapshot.1_1
2019-10-06 05:59:33,148 [e89dc92b-54a0-4ec0-9610-04001e22a467@group-C755B63E424D-StateMachineUpdater] INFO  ratis.ContainerStateMachine (ContainerStateMachine.java:takeSnapshot(304)) - group-C755B63E424D: Finished taking a snapshot at:(t:1, i:1) file:/workdir/hadoop-ozone/integration-test/target/test-dir/MiniOzoneClusterImpl-ffb3f97d-e333-4a69-b12a-19fbc7342164/datanode-0/data/ratis/21ce28cc-61b7-4c76-a200-c755b63e424d/sm/snapshot.1_1 time:12
2019-10-06 05:59:33,148 [e89dc92b-54a0-4ec0-9610-04001e22a467@group-C755B63E424D-StateMachineUpdater] INFO  impl.StateMachineUpdater (StateMachineUpdater.java:takeSnapshot(269)) - e89dc92b-54a0-4ec0-9610-04001e22a467@group-C755B63E424D-StateMachineUpdater: Took a snapshot at index 1
2019-10-06 05:59:33,148 [e89dc92b-54a0-4ec0-9610-04001e22a467@group-C755B63E424D-StateMachineUpdater] INFO  impl.StateMachineUpdater (StateMachineUpdater.java:lambda$new$0(84)) - e89dc92b-54a0-4ec0-9610-04001e22a467@group-C755B63E424D-StateMachineUpdater: snapshotIndex: updateIncreasingly 1 -> 1
2019-10-06 05:59:33,149 [main] INFO  impl.RaftServerImpl (ServerState.java:close(387)) - e89dc92b-54a0-4ec0-9610-04001e22a467@group-C755B63E424D: closes. applyIndex: 2
2019-10-06 05:59:33,149 [e89dc92b-54a0-4ec0-9610-04001e22a467@group-C755B63E424D-SegmentedRaftLogWorker] INFO  segmented.SegmentedRaftLogWorker (SegmentedRaftLogWorker.java:run(316)) - e89dc92b-54a0-4ec0-9610-04001e22a467@group-C755B63E424D-SegmentedRaftLogWorker was interrupted, exiting. There are 0 tasks remaining in the queue.
2019-10-06 05:59:33,154 [main] INFO  segmented.SegmentedRaftLogWorker (SegmentedRaftLogWorker.java:close(224)) - e89dc92b-54a0-4ec0-9610-04001e22a467@group-C755B63E424D-SegmentedRaftLogWorker close()
2019-10-06 05:59:33,162 [main] INFO  server.GrpcService (GrpcService.java:closeImpl(164)) - e89dc92b-54a0-4ec0-9610-04001e22a467: shutdown server with port 41470 now
2019-10-06 05:59:33,163 [grpc-default-executor-1] WARN  server.GrpcServerProtocolService (LogUtils.java:warn(134)) - e89dc92b-54a0-4ec0-9610-04001e22a467: installSnapshot onError, lastRequest: 14f26cba-7472-4fda-959b-ca0322e7817b->e89dc92b-54a0-4ec0-9610-04001e22a467#5-t1, previous=(t:1, i:2), leaderCommit=2, initializing? false, entries: <empty>: org.apache.ratis.thirdparty.io.grpc.StatusRuntimeException: CANCELLED: cancelled before receiving half close
2019-10-06 05:59:33,163 [main] INFO  server.GrpcService (GrpcService.java:closeImpl(172)) - e89dc92b-54a0-4ec0-9610-04001e22a467: shutdown server with port 41470 successfully
2019-10-06 05:59:33,164 [grpc-default-executor-4] WARN  server.GrpcLogAppender (LogUtils.java:warn(134)) - 14f26cba-7472-4fda-959b-ca0322e7817b@group-C755B63E424D->e89dc92b-54a0-4ec0-9610-04001e22a467-AppendLogResponseHandler: Failed appendEntries: org.apache.ratis.thirdparty.io.grpc.StatusRuntimeException: CANCELLED: HTTP/2 error code: CANCEL
Received Rst Stream
2019-10-06 05:59:33,165 [grpc-default-executor-4] INFO  impl.FollowerInfo (FollowerInfo.java:lambda$new$0(51)) - 14f26cba-7472-4fda-959b-ca0322e7817b@group-C755B63E424D->e89dc92b-54a0-4ec0-9610-04001e22a467: nextIndex: updateUnconditionally 3 -> 2
2019-10-06 05:59:33,166 [refreshUsed-/workdir/hadoop-ozone/integration-test/target/test-dir/MiniOzoneClusterImpl-ffb3f97d-e333-4a69-b12a-19fbc7342164/datanode-0/data/containers] WARN  fs.CachingGetSpaceUsed (CachingGetSpaceUsed.java:run(183)) - Thread Interrupted waiting to refresh disk information: sleep interrupted
2019-10-06 05:59:33,183 [main] INFO  utils.BackgroundService (BackgroundService.java:shutdown(148)) - Shutting down service BlockDeletingService
2019-10-06 05:59:33,197 [main] INFO  statemachine.DatanodeStateMachine (DatanodeStateMachine.java:stopDaemon(395)) - Ozone container server stopped.
2019-10-06 05:59:33,198 [main] INFO  handler.ContextHandler (ContextHandler.java:doStop(910)) - Stopped o.e.j.w.WebAppContext@5a592c70{/,null,UNAVAILABLE}{/hddsDatanode}
2019-10-06 05:59:33,199 [main] INFO  server.AbstractConnector (AbstractConnector.java:doStop(318)) - Stopped ServerConnector@252ec02e{HTTP/1.1,[http/1.1]}{0.0.0.0:0}
2019-10-06 05:59:33,199 [main] INFO  handler.ContextHandler (ContextHandler.java:doStop(910)) - Stopped o.e.j.s.ServletContextHandler@6de43bc1{/static,jar:file:/home/user/.m2/repository/org/apache/hadoop/hadoop-hdds-container-service/0.5.0-SNAPSHOT/hadoop-hdds-container-service-0.5.0-SNAPSHOT.jar!/webapps/static,UNAVAILABLE}
2019-10-06 05:59:33,200 [main] INFO  handler.ContextHandler (ContextHandler.java:doStop(910)) - Stopped o.e.j.s.ServletContextHandler@3dfd6220{/logs,file:///workdir/hadoop-ozone/integration-test/target/log,UNAVAILABLE}
2019-10-06 05:59:33,214 [grpc-default-executor-4] WARN  server.GrpcLogAppender (LogUtils.java:warn(134)) - 14f26cba-7472-4fda-959b-ca0322e7817b@group-C755B63E424D->e89dc92b-54a0-4ec0-9610-04001e22a467-AppendLogResponseHandler: Failed appendEntries: org.apache.ratis.thirdparty.io.grpc.StatusRuntimeException: UNAVAILABLE: io exception
2019-10-06 05:59:33,214 [grpc-default-executor-4] INFO  impl.FollowerInfo (FollowerInfo.java:lambda$new$0(51)) - 14f26cba-7472-4fda-959b-ca0322e7817b@group-C755B63E424D->e89dc92b-54a0-4ec0-9610-04001e22a467: nextIndex: updateUnconditionally 3 -> 2
2019-10-06 05:59:33,235 [grpc-default-executor-7] WARN  server.GrpcLogAppender (LogUtils.java:warn(134)) - 14f26cba-7472-4fda-959b-ca0322e7817b@group-C755B63E424D->e89dc92b-54a0-4ec0-9610-04001e22a467-AppendLogResponseHandler: Failed appendEntries: org.apache.ratis.thirdparty.io.grpc.StatusRuntimeException: UNAVAILABLE: io exception
2019-10-06 05:59:33,235 [grpc-default-executor-7] INFO  impl.FollowerInfo (FollowerInfo.java:lambda$new$0(51)) - 14f26cba-7472-4fda-959b-ca0322e7817b@group-C755B63E424D->e89dc92b-54a0-4ec0-9610-04001e22a467: nextIndex: updateUnconditionally 3 -> 2
2019-10-06 05:59:33,238 [grpc-default-executor-4] WARN  server.GrpcLogAppender (LogUtils.java:warn(134)) - 14f26cba-7472-4fda-959b-ca0322e7817b@group-C755B63E424D->e89dc92b-54a0-4ec0-9610-04001e22a467-AppendLogResponseHandler: Failed appendEntries: org.apache.ratis.thirdparty.io.grpc.StatusRuntimeException: UNAVAILABLE: io exception
2019-10-06 05:59:33,238 [grpc-default-executor-4] INFO  impl.FollowerInfo (FollowerInfo.java:lambda$new$0(51)) - 14f26cba-7472-4fda-959b-ca0322e7817b@group-C755B63E424D->e89dc92b-54a0-4ec0-9610-04001e22a467: nextIndex: updateUnconditionally 3 -> 2
2019-10-06 05:59:33,243 [EventQueue-IncrementalContainerReportForIncrementalContainerReportHandler] WARN  container.IncrementalContainerReportHandler (AbstractContainerReportHandler.java:updateContainerState(143)) - Container #1 is in OPEN state, but the datanode 14f26cba-7472-4fda-959b-ca0322e7817b{ip: 192.168.164.217, host: trunk-nightly-20191006-mzxw6-951422410, networkLocation: /default-rack, certSerialId: null} reports an CLOSING replica.
2019-10-06 05:59:33,243 [EventQueue-IncrementalContainerReportForIncrementalContainerReportHandler] WARN  container.IncrementalContainerReportHandler (AbstractContainerReportHandler.java:updateContainerState(143)) - Container #1 is in OPEN state, but the datanode abc6fc2d-41b0-4520-9617-20c39a7e0ca7{ip: 192.168.164.217, host: trunk-nightly-20191006-mzxw6-951422410, networkLocation: /default-rack, certSerialId: null} reports an CLOSING replica.
2019-10-06 05:59:33,263 [RatisApplyTransactionExecutor 1] INFO  interfaces.Container (KeyValueContainer.java:flushAndSyncDB(386)) - Container 1 is synced with bcsId 0.
2019-10-06 05:59:33,281 [RatisApplyTransactionExecutor 1] INFO  interfaces.Container (KeyValueContainer.java:flushAndSyncDB(386)) - Container 1 is synced with bcsId 0.
2019-10-06 05:59:33,283 [RatisApplyTransactionExecutor 1] INFO  interfaces.Container (KeyValueContainer.java:flushAndSyncDB(386)) - Container 1 is synced with bcsId 0.
2019-10-06 05:59:33,283 [RatisApplyTransactionExecutor 1] INFO  interfaces.Container (KeyValueContainer.java:flushAndSyncDB(386)) - Container 1 is synced with bcsId 0.
2019-10-06 05:59:33,289 [RatisApplyTransactionExecutor 1] INFO  interfaces.Container (KeyValueContainer.java:close(335)) - Container 1 is closed with bcsId 0.
2019-10-06 05:59:33,289 [RatisApplyTransactionExecutor 1] INFO  interfaces.Container (KeyValueContainer.java:close(335)) - Container 1 is closed with bcsId 0.
2019-10-06 05:59:33,298 [EventQueue-IncrementalContainerReportForIncrementalContainerReportHandler] WARN  container.IncrementalContainerReportHandler (AbstractContainerReportHandler.java:updateContainerState(143)) - Container #1 is in OPEN state, but the datanode abc6fc2d-41b0-4520-9617-20c39a7e0ca7{ip: 192.168.164.217, host: trunk-nightly-20191006-mzxw6-951422410, networkLocation: /default-rack, certSerialId: null} reports an CLOSED replica.
2019-10-06 05:59:33,302 [EventQueue-IncrementalContainerReportForIncrementalContainerReportHandler] WARN  container.IncrementalContainerReportHandler (AbstractContainerReportHandler.java:updateContainerState(143)) - Container #1 is in OPEN state, but the datanode 14f26cba-7472-4fda-959b-ca0322e7817b{ip: 192.168.164.217, host: trunk-nightly-20191006-mzxw6-951422410, networkLocation: /default-rack, certSerialId: null} reports an CLOSED replica.
2019-10-06 05:59:33,464 [EventQueue-StaleNodeForStaleNodeHandler] INFO  node.StaleNodeHandler (StaleNodeHandler.java:onMessage(58)) - Datanode c2fbd6fe-546b-4c5d-8829-05959505a398{ip: 192.168.164.217, host: trunk-nightly-20191006-mzxw6-951422410, networkLocation: /default-rack, certSerialId: null} moved to stale state. Finalizing its pipelines [PipelineID=1ffcd2fa-a8ea-445e-a418-56e5cfaece6e, PipelineID=40491d0b-dc2e-4c96-9cc1-cc1b921a8ca5]
2019-10-06 05:59:33,464 [EventQueue-StaleNodeForStaleNodeHandler] INFO  pipeline.SCMPipelineManager (SCMPipelineManager.java:finalizeAndDestroyPipeline(315)) - destroying pipeline:Pipeline[ Id: 1ffcd2fa-a8ea-445e-a418-56e5cfaece6e, Nodes: c2fbd6fe-546b-4c5d-8829-05959505a398{ip: 192.168.164.217, host: trunk-nightly-20191006-mzxw6-951422410, networkLocation: /default-rack, certSerialId: null}, Type:RATIS, Factor:ONE, State:OPEN]
2019-10-06 05:59:33,464 [EventQueue-StaleNodeForStaleNodeHandler] INFO  pipeline.PipelineStateManager (PipelineStateManager.java:finalizePipeline(123)) - Pipeline Pipeline[ Id: 1ffcd2fa-a8ea-445e-a418-56e5cfaece6e, Nodes: c2fbd6fe-546b-4c5d-8829-05959505a398{ip: 192.168.164.217, host: trunk-nightly-20191006-mzxw6-951422410, networkLocation: /default-rack, certSerialId: null}, Type:RATIS, Factor:ONE, State:CLOSED] moved to CLOSED state
2019-10-06 05:59:33,464 [EventQueue-StaleNodeForStaleNodeHandler] INFO  pipeline.SCMPipelineManager (SCMPipelineManager.java:finalizeAndDestroyPipeline(315)) - destroying pipeline:Pipeline[ Id: 40491d0b-dc2e-4c96-9cc1-cc1b921a8ca5, Nodes: c2fbd6fe-546b-4c5d-8829-05959505a398{ip: 192.168.164.217, host: trunk-nightly-20191006-mzxw6-951422410, networkLocation: /default-rack, certSerialId: null}f92d2d06-16ca-476c-af7f-960d805fe056{ip: 192.168.164.217, host: trunk-nightly-20191006-mzxw6-951422410, networkLocation: /default-rack, certSerialId: null}58960bb6-1791-4bb0-9c36-a998f9195181{ip: 192.168.164.217, host: trunk-nightly-20191006-mzxw6-951422410, networkLocation: /default-rack, certSerialId: null}, Type:RATIS, Factor:THREE, State:OPEN]
2019-10-06 05:59:33,465 [EventQueue-StaleNodeForStaleNodeHandler] INFO  pipeline.PipelineStateManager (PipelineStateManager.java:finalizePipeline(123)) - Pipeline Pipeline[ Id: 40491d0b-dc2e-4c96-9cc1-cc1b921a8ca5, Nodes: c2fbd6fe-546b-4c5d-8829-05959505a398{ip: 192.168.164.217, host: trunk-nightly-20191006-mzxw6-951422410, networkLocation: /default-rack, certSerialId: null}f92d2d06-16ca-476c-af7f-960d805fe056{ip: 192.168.164.217, host: trunk-nightly-20191006-mzxw6-951422410, networkLocation: /default-rack, certSerialId: null}58960bb6-1791-4bb0-9c36-a998f9195181{ip: 192.168.164.217, host: trunk-nightly-20191006-mzxw6-951422410, networkLocation: /default-rack, certSerialId: null}, Type:RATIS, Factor:THREE, State:CLOSED] moved to CLOSED state
2019-10-06 05:59:33,465 [EventQueue-CloseContainerForCloseContainerEventHandler] INFO  container.CloseContainerEventHandler (CloseContainerEventHandler.java:onMessage(61)) - Close container Event triggered for container : #1
2019-10-06 05:59:34,040 [grpc-default-executor-1] WARN  server.GrpcLogAppender (LogUtils.java:warn(134)) - 58960bb6-1791-4bb0-9c36-a998f9195181@group-CC1B921A8CA5->c2fbd6fe-546b-4c5d-8829-05959505a398-AppendLogResponseHandler: Failed appendEntries: org.apache.ratis.thirdparty.io.grpc.StatusRuntimeException: UNAVAILABLE: io exception
2019-10-06 05:59:34,040 [grpc-default-executor-6] WARN  server.GrpcLogAppender (LogUtils.java:warn(134)) - 58960bb6-1791-4bb0-9c36-a998f9195181@group-CC1B921A8CA5->f92d2d06-16ca-476c-af7f-960d805fe056-AppendLogResponseHandler: Failed appendEntries: org.apache.ratis.thirdparty.io.grpc.StatusRuntimeException: UNAVAILABLE: io exception
2019-10-06 05:59:34,040 [grpc-default-executor-1] INFO  impl.FollowerInfo (FollowerInfo.java:lambda$new$0(51)) - 58960bb6-1791-4bb0-9c36-a998f9195181@group-CC1B921A8CA5->c2fbd6fe-546b-4c5d-8829-05959505a398: nextIndex: updateUnconditionally 0 -> 0
2019-10-06 05:59:34,040 [grpc-default-executor-6] INFO  impl.FollowerInfo (FollowerInfo.java:lambda$new$0(51)) - 58960bb6-1791-4bb0-9c36-a998f9195181@group-CC1B921A8CA5->f92d2d06-16ca-476c-af7f-960d805fe056: nextIndex: updateUnconditionally 0 -> 0
2019-10-06 05:59:35,067 [grpc-default-executor-1] WARN  server.GrpcLogAppender (LogUtils.java:warn(134)) - 58960bb6-1791-4bb0-9c36-a998f9195181@group-CC1B921A8CA5->c2fbd6fe-546b-4c5d-8829-05959505a398-AppendLogResponseHandler: Failed appendEntries: org.apache.ratis.thirdparty.io.grpc.StatusRuntimeException: UNAVAILABLE: io exception
2019-10-06 05:59:35,067 [grpc-default-executor-5] WARN  server.GrpcLogAppender (LogUtils.java:warn(134)) - 58960bb6-1791-4bb0-9c36-a998f9195181@group-CC1B921A8CA5->f92d2d06-16ca-476c-af7f-960d805fe056-AppendLogResponseHandler: Failed appendEntries: org.apache.ratis.thirdparty.io.grpc.StatusRuntimeException: UNAVAILABLE: io exception
2019-10-06 05:59:35,068 [grpc-default-executor-1] INFO  impl.FollowerInfo (FollowerInfo.java:lambda$new$0(51)) - 58960bb6-1791-4bb0-9c36-a998f9195181@group-CC1B921A8CA5->c2fbd6fe-546b-4c5d-8829-05959505a398: nextIndex: updateUnconditionally 1 -> 0
2019-10-06 05:59:35,068 [grpc-default-executor-5] INFO  impl.FollowerInfo (FollowerInfo.java:lambda$new$0(51)) - 58960bb6-1791-4bb0-9c36-a998f9195181@group-CC1B921A8CA5->f92d2d06-16ca-476c-af7f-960d805fe056: nextIndex: updateUnconditionally 1 -> 0
2019-10-06 05:59:35,742 [grpc-default-executor-5] WARN  server.GrpcLogAppender (LogUtils.java:warn(134)) - 14f26cba-7472-4fda-959b-ca0322e7817b@group-C755B63E424D->e89dc92b-54a0-4ec0-9610-04001e22a467-AppendLogResponseHandler: Failed appendEntries: org.apache.ratis.thirdparty.io.grpc.StatusRuntimeException: UNAVAILABLE: io exception
2019-10-06 05:59:35,743 [grpc-default-executor-5] INFO  impl.FollowerInfo (FollowerInfo.java:lambda$new$0(51)) - 14f26cba-7472-4fda-959b-ca0322e7817b@group-C755B63E424D->e89dc92b-54a0-4ec0-9610-04001e22a467: nextIndex: updateUnconditionally 2 -> 1
2019-10-06 05:59:36,326 [main] WARN  scm.XceiverClientRatis (XceiverClientRatis.java:watchForCommit(292)) - 3 way commit failed on pipeline Pipeline[ Id: 21ce28cc-61b7-4c76-a200-c755b63e424d, Nodes: e89dc92b-54a0-4ec0-9610-04001e22a467{ip: 192.168.164.217, host: trunk-nightly-20191006-mzxw6-951422410, networkLocation: /default-rack, certSerialId: null}14f26cba-7472-4fda-959b-ca0322e7817b{ip: 192.168.164.217, host: trunk-nightly-20191006-mzxw6-951422410, networkLocation: /default-rack, certSerialId: null}abc6fc2d-41b0-4520-9617-20c39a7e0ca7{ip: 192.168.164.217, host: trunk-nightly-20191006-mzxw6-951422410, networkLocation: /default-rack, certSerialId: null}, Type:RATIS, Factor:THREE, State:OPEN]
java.util.concurrent.TimeoutException
	at java.util.concurrent.CompletableFuture.timedGet(CompletableFuture.java:1771)
	at java.util.concurrent.CompletableFuture.get(CompletableFuture.java:1915)
	at org.apache.hadoop.hdds.scm.XceiverClientRatis.watchForCommit(XceiverClientRatis.java:289)
	at org.apache.hadoop.ozone.client.rpc.TestWatchForCommit.test2WayCommitForTimeoutException(TestWatchForCommit.java:391)
	at sun.reflect.NativeMethodAccessorImpl.invoke0(Native Method)
	at sun.reflect.NativeMethodAccessorImpl.invoke(NativeMethodAccessorImpl.java:62)
	at sun.reflect.DelegatingMethodAccessorImpl.invoke(DelegatingMethodAccessorImpl.java:43)
	at java.lang.reflect.Method.invoke(Method.java:498)
	at org.junit.runners.model.FrameworkMethod$1.runReflectiveCall(FrameworkMethod.java:47)
	at org.junit.internal.runners.model.ReflectiveCallable.run(ReflectiveCallable.java:12)
	at org.junit.runners.model.FrameworkMethod.invokeExplosively(FrameworkMethod.java:44)
	at org.junit.internal.runners.statements.InvokeMethod.evaluate(InvokeMethod.java:17)
	at org.junit.runners.ParentRunner.runLeaf(ParentRunner.java:271)
	at org.junit.runners.BlockJUnit4ClassRunner.runChild(BlockJUnit4ClassRunner.java:70)
	at org.junit.runners.BlockJUnit4ClassRunner.runChild(BlockJUnit4ClassRunner.java:50)
	at org.junit.runners.ParentRunner$3.run(ParentRunner.java:238)
	at org.junit.runners.ParentRunner$1.schedule(ParentRunner.java:63)
	at org.junit.runners.ParentRunner.runChildren(ParentRunner.java:236)
	at org.junit.runners.ParentRunner.access$000(ParentRunner.java:53)
	at org.junit.runners.ParentRunner$2.evaluate(ParentRunner.java:229)
	at org.junit.runners.ParentRunner.run(ParentRunner.java:309)
	at org.apache.maven.surefire.junit4.JUnit4Provider.execute(JUnit4Provider.java:365)
	at org.apache.maven.surefire.junit4.JUnit4Provider.executeWithRerun(JUnit4Provider.java:273)
	at org.apache.maven.surefire.junit4.JUnit4Provider.executeTestSet(JUnit4Provider.java:238)
	at org.apache.maven.surefire.junit4.JUnit4Provider.invoke(JUnit4Provider.java:159)
	at org.apache.maven.surefire.booter.ForkedBooter.invokeProviderInSameClassLoader(ForkedBooter.java:384)
	at org.apache.maven.surefire.booter.ForkedBooter.runSuitesInProcess(ForkedBooter.java:345)
	at org.apache.maven.surefire.booter.ForkedBooter.execute(ForkedBooter.java:126)
	at org.apache.maven.surefire.booter.ForkedBooter.main(ForkedBooter.java:418)
2019-10-06 05:59:36,341 [Thread-2466] INFO  client.GrpcClientProtocolService (GrpcClientProtocolService.java:lambda$processClientRequest$0(278)) - Failed RaftClientRequest:client-C6045DED94C8->abc6fc2d-41b0-4520-9617-20c39a7e0ca7@group-C755B63E424D, cid=106, seq=0, Watch-MAJORITY_COMMITTED(3), Message:<EMPTY>, reply=RaftClientReply:client-C6045DED94C8->abc6fc2d-41b0-4520-9617-20c39a7e0ca7@group-C755B63E424D, cid=106, FAILED org.apache.ratis.protocol.NotLeaderException: Server abc6fc2d-41b0-4520-9617-20c39a7e0ca7@group-C755B63E424D is not the leader 14f26cba-7472-4fda-959b-ca0322e7817b:192.168.164.217:35801, logIndex=0, commits[abc6fc2d-41b0-4520-9617-20c39a7e0ca7:c4, 14f26cba-7472-4fda-959b-ca0322e7817b:c4, e89dc92b-54a0-4ec0-9610-04001e22a467:c2]
2019-10-06 05:59:37,570 [grpc-default-executor-1] WARN  server.GrpcLogAppender (LogUtils.java:warn(134)) - 58960bb6-1791-4bb0-9c36-a998f9195181@group-CC1B921A8CA5->f92d2d06-16ca-476c-af7f-960d805fe056-AppendLogResponseHandler: Failed appendEntries: org.apache.ratis.thirdparty.io.grpc.StatusRuntimeException: UNAVAILABLE: io exception
2019-10-06 05:59:37,570 [grpc-default-executor-7] WARN  server.GrpcLogAppender (LogUtils.java:warn(134)) - 58960bb6-1791-4bb0-9c36-a998f9195181@group-CC1B921A8CA5->c2fbd6fe-546b-4c5d-8829-05959505a398-AppendLogResponseHandler: Failed appendEntries: org.apache.ratis.thirdparty.io.grpc.StatusRuntimeException: UNAVAILABLE: io exception
2019-10-06 05:59:37,571 [grpc-default-executor-7] INFO  impl.FollowerInfo (FollowerInfo.java:lambda$new$0(51)) - 58960bb6-1791-4bb0-9c36-a998f9195181@group-CC1B921A8CA5->c2fbd6fe-546b-4c5d-8829-05959505a398: nextIndex: updateUnconditionally 0 -> 0
2019-10-06 05:59:37,571 [grpc-default-executor-1] INFO  impl.FollowerInfo (FollowerInfo.java:lambda$new$0(51)) - 58960bb6-1791-4bb0-9c36-a998f9195181@group-CC1B921A8CA5->f92d2d06-16ca-476c-af7f-960d805fe056: nextIndex: updateUnconditionally 0 -> 0
2019-10-06 05:59:38,240 [grpc-default-executor-1] WARN  server.GrpcLogAppender (LogUtils.java:warn(134)) - 14f26cba-7472-4fda-959b-ca0322e7817b@group-C755B63E424D->e89dc92b-54a0-4ec0-9610-04001e22a467-AppendLogResponseHandler: Failed appendEntries: org.apache.ratis.thirdparty.io.grpc.StatusRuntimeException: UNAVAILABLE: io exception
2019-10-06 05:59:38,241 [grpc-default-executor-1] INFO  impl.FollowerInfo (FollowerInfo.java:lambda$new$0(51)) - 14f26cba-7472-4fda-959b-ca0322e7817b@group-C755B63E424D->e89dc92b-54a0-4ec0-9610-04001e22a467: nextIndex: updateUnconditionally 1 -> 0
2019-10-06 05:59:39,070 [EventQueue-StaleNodeForStaleNodeHandler] INFO  node.StaleNodeHandler (StaleNodeHandler.java:onMessage(58)) - Datanode f92d2d06-16ca-476c-af7f-960d805fe056{ip: 192.168.164.217, host: trunk-nightly-20191006-mzxw6-951422410, networkLocation: /default-rack, certSerialId: null} moved to stale state. Finalizing its pipelines [PipelineID=222eded9-6655-41bd-bb91-2c5a0c8343ab, PipelineID=40491d0b-dc2e-4c96-9cc1-cc1b921a8ca5]
2019-10-06 05:59:39,071 [EventQueue-StaleNodeForStaleNodeHandler] INFO  pipeline.SCMPipelineManager (SCMPipelineManager.java:finalizeAndDestroyPipeline(315)) - destroying pipeline:Pipeline[ Id: 222eded9-6655-41bd-bb91-2c5a0c8343ab, Nodes: f92d2d06-16ca-476c-af7f-960d805fe056{ip: 192.168.164.217, host: trunk-nightly-20191006-mzxw6-951422410, networkLocation: /default-rack, certSerialId: null}, Type:RATIS, Factor:ONE, State:OPEN]
2019-10-06 05:59:39,071 [EventQueue-StaleNodeForStaleNodeHandler] INFO  pipeline.PipelineStateManager (PipelineStateManager.java:finalizePipeline(123)) - Pipeline Pipeline[ Id: 222eded9-6655-41bd-bb91-2c5a0c8343ab, Nodes: f92d2d06-16ca-476c-af7f-960d805fe056{ip: 192.168.164.217, host: trunk-nightly-20191006-mzxw6-951422410, networkLocation: /default-rack, certSerialId: null}, Type:RATIS, Factor:ONE, State:CLOSED] moved to CLOSED state
2019-10-06 05:59:39,071 [EventQueue-StaleNodeForStaleNodeHandler] INFO  pipeline.SCMPipelineManager (SCMPipelineManager.java:finalizeAndDestroyPipeline(315)) - destroying pipeline:Pipeline[ Id: 40491d0b-dc2e-4c96-9cc1-cc1b921a8ca5, Nodes: c2fbd6fe-546b-4c5d-8829-05959505a398{ip: 192.168.164.217, host: trunk-nightly-20191006-mzxw6-951422410, networkLocation: /default-rack, certSerialId: null}f92d2d06-16ca-476c-af7f-960d805fe056{ip: 192.168.164.217, host: trunk-nightly-20191006-mzxw6-951422410, networkLocation: /default-rack, certSerialId: null}58960bb6-1791-4bb0-9c36-a998f9195181{ip: 192.168.164.217, host: trunk-nightly-20191006-mzxw6-951422410, networkLocation: /default-rack, certSerialId: null}, Type:RATIS, Factor:THREE, State:CLOSED]
]]></system-out>
    <system-err><![CDATA[Oct 06, 2019 5:59:33 AM org.apache.ratis.thirdparty.io.grpc.internal.SerializingExecutor run
SEVERE: Exception while executing runnable org.apache.ratis.thirdparty.io.grpc.internal.ServerImpl$JumpToApplicationThreadServerStreamListener$1Closed@352cf154
org.apache.ratis.thirdparty.io.grpc.StatusRuntimeException: CANCELLED: call already cancelled
	at org.apache.ratis.thirdparty.io.grpc.Status.asRuntimeException(Status.java:517)
	at org.apache.ratis.thirdparty.io.grpc.stub.ServerCalls$ServerCallStreamObserverImpl.onCompleted(ServerCalls.java:356)
	at org.apache.ratis.grpc.server.GrpcServerProtocolService$ServerRequestStreamObserver.onError(GrpcServerProtocolService.java:121)
	at org.apache.ratis.thirdparty.io.grpc.stub.ServerCalls$StreamingServerCallHandler$StreamingServerCallListener.onCancel(ServerCalls.java:269)
	at org.apache.ratis.thirdparty.io.grpc.internal.ServerCallImpl$ServerStreamListenerImpl.closed(ServerCallImpl.java:293)
	at org.apache.ratis.thirdparty.io.grpc.internal.ServerImpl$JumpToApplicationThreadServerStreamListener$1Closed.runInContext(ServerImpl.java:741)
	at org.apache.ratis.thirdparty.io.grpc.internal.ContextRunnable.run(ContextRunnable.java:37)
	at org.apache.ratis.thirdparty.io.grpc.internal.SerializingExecutor.run(SerializingExecutor.java:123)
	at java.util.concurrent.ThreadPoolExecutor.runWorker(ThreadPoolExecutor.java:1149)
	at java.util.concurrent.ThreadPoolExecutor$Worker.run(ThreadPoolExecutor.java:624)
	at java.lang.Thread.run(Thread.java:748)

]]></system-err>
  </testcase>
</testsuite>