<?xml version="1.0" encoding="UTF-8"?>
<testsuite xmlns:xsi="http://www.w3.org/2001/XMLSchema-instance" xsi:noNamespaceSchemaLocation="https://maven.apache.org/surefire/maven-surefire-plugin/xsd/surefire-test-report.xsd" name="org.apache.hadoop.ozone.client.rpc.TestBlockOutputStreamWithFailures" time="744.275" tests="8" errors="0" skipped="0" failures="1">
  <properties>
    <property name="awt.toolkit" value="sun.awt.X11.XToolkit"/>
    <property name="file.encoding.pkg" value="sun.io"/>
    <property name="java.specification.version" value="1.8"/>
    <property name="sun.cpu.isalist" value=""/>
    <property name="sun.jnu.encoding" value="UTF-8"/>
    <property name="java.class.path" value="/workdir/hadoop-ozone/integration-test/target/test-classes:/workdir/hadoop-ozone/integration-test/target/classes:/home/user/.m2/repository/org/apache/hadoop/hadoop-ozone-common/0.5.0-SNAPSHOT/hadoop-ozone-common-0.5.0-SNAPSHOT.jar:/home/user/.m2/repository/org/apache/commons/commons-compress/1.4.1/commons-compress-1.4.1.jar:/home/user/.m2/repository/org/tukaani/xz/1.0/xz-1.0.jar:/home/user/.m2/repository/org/apache/hadoop/hadoop-common/3.2.0/hadoop-common-3.2.0.jar:/home/user/.m2/repository/org/apache/hadoop/hadoop-hdfs/3.2.0/hadoop-hdfs-3.2.0.jar:/home/user/.m2/repository/org/apache/hadoop/hadoop-hdfs-client/3.2.0/hadoop-hdfs-client-3.2.0.jar:/home/user/.m2/repository/com/fasterxml/jackson/core/jackson-annotations/2.9.9/jackson-annotations-2.9.9.jar:/home/user/.m2/repository/org/apache/hadoop/hadoop-hdds-common/0.5.0-SNAPSHOT/hadoop-hdds-common-0.5.0-SNAPSHOT.jar:/home/user/.m2/repository/javax/annotation/javax.annotation-api/1.2/javax.annotation-api-1.2.jar:/home/user/.m2/repository/org/apache/ratis/ratis-server/0.5.0-201fc85-SNAPSHOT/ratis-server-0.5.0-201fc85-SNAPSHOT.jar:/home/user/.m2/repository/org/apache/ratis/ratis-thirdparty-misc/0.2.0/ratis-thirdparty-misc-0.2.0.jar:/home/user/.m2/repository/org/apache/ratis/ratis-proto/0.5.0-201fc85-SNAPSHOT/ratis-proto-0.5.0-201fc85-SNAPSHOT.jar:/home/user/.m2/repository/org/apache/ratis/ratis-common/0.5.0-201fc85-SNAPSHOT/ratis-common-0.5.0-201fc85-SNAPSHOT.jar:/home/user/.m2/repository/org/apache/ratis/ratis-client/0.5.0-201fc85-SNAPSHOT/ratis-client-0.5.0-201fc85-SNAPSHOT.jar:/home/user/.m2/repository/org/apache/ratis/ratis-metrics/0.5.0-201fc85-SNAPSHOT/ratis-metrics-0.5.0-201fc85-SNAPSHOT.jar:/home/user/.m2/repository/com/github/joshelser/dropwizard-metrics-hadoop-metrics2-reporter/0.1.2/dropwizard-metrics-hadoop-metrics2-reporter-0.1.2.jar:/home/user/.m2/repository/io/dropwizard/metrics/metrics-jvm/3.2.5/metrics-jvm-3.2.5.jar:/home/user/.m2/repository/io/dropwizard/metrics/metrics-ganglia/3.2.5/metrics-ganglia-3.2.5.jar:/home/user/.m2/repository/info/ganglia/gmetric4j/gmetric4j/1.0.7/gmetric4j-1.0.7.jar:/home/user/.m2/repository/org/apache/ratis/ratis-netty/0.5.0-201fc85-SNAPSHOT/ratis-netty-0.5.0-201fc85-SNAPSHOT.jar:/home/user/.m2/repository/org/apache/ratis/ratis-grpc/0.5.0-201fc85-SNAPSHOT/ratis-grpc-0.5.0-201fc85-SNAPSHOT.jar:/home/user/.m2/repository/org/rocksdb/rocksdbjni/6.0.1/rocksdbjni-6.0.1.jar:/home/user/.m2/repository/org/apache/logging/log4j/log4j-api/2.11.0/log4j-api-2.11.0.jar:/home/user/.m2/repository/org/apache/logging/log4j/log4j-core/2.11.0/log4j-core-2.11.0.jar:/home/user/.m2/repository/com/lmax/disruptor/3.4.2/disruptor-3.4.2.jar:/home/user/.m2/repository/org/apache/commons/commons-pool2/2.6.0/commons-pool2-2.6.0.jar:/home/user/.m2/repository/org/bouncycastle/bcpkix-jdk15on/1.60/bcpkix-jdk15on-1.60.jar:/home/user/.m2/repository/commons-validator/commons-validator/1.6/commons-validator-1.6.jar:/home/user/.m2/repository/commons-digester/commons-digester/1.8.1/commons-digester-1.8.1.jar:/home/user/.m2/repository/io/jaegertracing/jaeger-client/0.34.0/jaeger-client-0.34.0.jar:/home/user/.m2/repository/io/jaegertracing/jaeger-thrift/0.34.0/jaeger-thrift-0.34.0.jar:/home/user/.m2/repository/org/apache/thrift/libthrift/0.12.0/libthrift-0.12.0.jar:/home/user/.m2/repository/com/squareup/okhttp3/okhttp/3.9.0/okhttp-3.9.0.jar:/home/user/.m2/repository/com/squareup/okio/okio/1.13.0/okio-1.13.0.jar:/home/user/.m2/repository/io/jaegertracing/jaeger-core/0.34.0/jaeger-core-0.34.0.jar:/home/user/.m2/repository/io/jaegertracing/jaeger-tracerresolver/0.34.0/jaeger-tracerresolver-0.34.0.jar:/home/user/.m2/repository/io/opentracing/contrib/opentracing-tracerresolver/0.1.5/opentracing-tracerresolver-0.1.5.jar:/home/user/.m2/repository/io/opentracing/opentracing-util/0.31.0/opentracing-util-0.31.0.jar:/home/user/.m2/repository/io/opentracing/opentracing-api/0.31.0/opentracing-api-0.31.0.jar:/home/user/.m2/repository/io/opentracing/opentracing-noop/0.31.0/opentracing-noop-0.31.0.jar:/home/user/.m2/repository/org/apache/hadoop/hadoop-hdds-server-framework/0.5.0-SNAPSHOT/hadoop-hdds-server-framework-0.5.0-SNAPSHOT.jar:/home/user/.m2/repository/org/apache/hadoop/hadoop-hdds-container-service/0.5.0-SNAPSHOT/hadoop-hdds-container-service-0.5.0-SNAPSHOT.jar:/home/user/.m2/repository/org/apache/hadoop/hadoop-hdds-client/0.5.0-SNAPSHOT/hadoop-hdds-client-0.5.0-SNAPSHOT.jar:/home/user/.m2/repository/org/apache/hadoop/hadoop-hdds-tools/0.5.0-SNAPSHOT/hadoop-hdds-tools-0.5.0-SNAPSHOT.jar:/home/user/.m2/repository/org/apache/hadoop/hadoop-hdds-server-scm/0.5.0-SNAPSHOT/hadoop-hdds-server-scm-0.5.0-SNAPSHOT.jar:/home/user/.m2/repository/org/apache/hadoop/hadoop-hdds-docs/0.5.0-SNAPSHOT/hadoop-hdds-docs-0.5.0-SNAPSHOT.jar:/home/user/.m2/repository/io/dropwizard/metrics/metrics-core/3.2.4/metrics-core-3.2.4.jar:/home/user/.m2/repository/org/hamcrest/hamcrest-all/1.3/hamcrest-all-1.3.jar:/home/user/.m2/repository/org/bouncycastle/bcprov-jdk15on/1.60/bcprov-jdk15on-1.60.jar:/home/user/.m2/repository/info/picocli/picocli/3.9.6/picocli-3.9.6.jar:/home/user/.m2/repository/com/google/protobuf/protobuf-java/2.5.0/protobuf-java-2.5.0.jar:/home/user/.m2/repository/com/google/guava/guava/11.0.2/guava-11.0.2.jar:/home/user/.m2/repository/org/apache/hadoop/hadoop-ozone-ozone-manager/0.5.0-SNAPSHOT/hadoop-ozone-ozone-manager-0.5.0-SNAPSHOT.jar:/home/user/.m2/repository/org/apache/hadoop/hadoop-minikdc/3.2.0/hadoop-minikdc-3.2.0.jar:/home/user/.m2/repository/commons-io/commons-io/2.5/commons-io-2.5.jar:/home/user/.m2/repository/org/apache/kerby/kerb-simplekdc/1.0.1/kerb-simplekdc-1.0.1.jar:/home/user/.m2/repository/org/apache/kerby/kerb-client/1.0.1/kerb-client-1.0.1.jar:/home/user/.m2/repository/org/apache/kerby/kerby-config/1.0.1/kerby-config-1.0.1.jar:/home/user/.m2/repository/org/apache/kerby/kerb-core/1.0.1/kerb-core-1.0.1.jar:/home/user/.m2/repository/org/apache/kerby/kerby-pkix/1.0.1/kerby-pkix-1.0.1.jar:/home/user/.m2/repository/org/apache/kerby/kerby-asn1/1.0.1/kerby-asn1-1.0.1.jar:/home/user/.m2/repository/org/apache/kerby/kerby-util/1.0.1/kerby-util-1.0.1.jar:/home/user/.m2/repository/org/apache/kerby/kerb-common/1.0.1/kerb-common-1.0.1.jar:/home/user/.m2/repository/org/apache/kerby/kerb-crypto/1.0.1/kerb-crypto-1.0.1.jar:/home/user/.m2/repository/org/apache/kerby/kerb-util/1.0.1/kerb-util-1.0.1.jar:/home/user/.m2/repository/org/apache/kerby/token-provider/1.0.1/token-provider-1.0.1.jar:/home/user/.m2/repository/org/apache/kerby/kerb-admin/1.0.1/kerb-admin-1.0.1.jar:/home/user/.m2/repository/org/apache/kerby/kerb-server/1.0.1/kerb-server-1.0.1.jar:/home/user/.m2/repository/org/apache/kerby/kerb-identity/1.0.1/kerb-identity-1.0.1.jar:/home/user/.m2/repository/org/apache/kerby/kerby-xdr/1.0.1/kerby-xdr-1.0.1.jar:/home/user/.m2/repository/org/slf4j/slf4j-log4j12/1.7.25/slf4j-log4j12-1.7.25.jar:/home/user/.m2/repository/org/apache/hadoop/hadoop-ozone-s3gateway/0.5.0-SNAPSHOT/hadoop-ozone-s3gateway-0.5.0-SNAPSHOT.jar:/home/user/.m2/repository/org/jboss/weld/servlet/weld-servlet/2.4.7.Final/weld-servlet-2.4.7.Final.jar:/home/user/.m2/repository/org/glassfish/jersey/containers/jersey-container-servlet-core/2.27/jersey-container-servlet-core-2.27.jar:/home/user/.m2/repository/org/glassfish/hk2/external/javax.inject/2.5.0-b42/javax.inject-2.5.0-b42.jar:/home/user/.m2/repository/org/glassfish/jersey/core/jersey-common/2.27/jersey-common-2.27.jar:/home/user/.m2/repository/org/glassfish/hk2/osgi-resource-locator/1.0.1/osgi-resource-locator-1.0.1.jar:/home/user/.m2/repository/javax/ws/rs/javax.ws.rs-api/2.1/javax.ws.rs-api-2.1.jar:/home/user/.m2/repository/org/glassfish/jersey/ext/cdi/jersey-cdi1x/2.27/jersey-cdi1x-2.27.jar:/home/user/.m2/repository/org/glassfish/jersey/inject/jersey-hk2/2.27/jersey-hk2-2.27.jar:/home/user/.m2/repository/org/glassfish/hk2/hk2-locator/2.5.0-b42/hk2-locator-2.5.0-b42.jar:/home/user/.m2/repository/org/javassist/javassist/3.22.0-CR2/javassist-3.22.0-CR2.jar:/home/user/.m2/repository/org/glassfish/hk2/hk2-api/2.5.0/hk2-api-2.5.0.jar:/home/user/.m2/repository/org/glassfish/hk2/external/jakarta.inject/2.5.0/jakarta.inject-2.5.0.jar:/home/user/.m2/repository/org/glassfish/hk2/hk2-utils/2.5.0/hk2-utils-2.5.0.jar:/home/user/.m2/repository/jakarta/annotation/jakarta.annotation-api/1.3.4/jakarta.annotation-api-1.3.4.jar:/home/user/.m2/repository/org/glassfish/hk2/external/aopalliance-repackaged/2.5.0/aopalliance-repackaged-2.5.0.jar:/home/user/.m2/repository/com/fasterxml/jackson/dataformat/jackson-dataformat-xml/2.9.0/jackson-dataformat-xml-2.9.0.jar:/home/user/.m2/repository/com/fasterxml/jackson/core/jackson-core/2.9.9/jackson-core-2.9.9.jar:/home/user/.m2/repository/com/fasterxml/jackson/module/jackson-module-jaxb-annotations/2.9.9/jackson-module-jaxb-annotations-2.9.9.jar:/home/user/.m2/repository/javax/enterprise/cdi-api/1.2/cdi-api-1.2.jar:/home/user/.m2/repository/javax/el/javax.el-api/3.0.0/javax.el-api-3.0.0.jar:/home/user/.m2/repository/javax/interceptor/javax.interceptor-api/1.2/javax.interceptor-api-1.2.jar:/home/user/.m2/repository/javax/inject/javax.inject/1/javax.inject-1.jar:/home/user/.m2/repository/com/sun/xml/bind/jaxb-impl/2.3.0.1/jaxb-impl-2.3.0.1.jar:/home/user/.m2/repository/com/sun/xml/bind/jaxb-core/2.3.0.1/jaxb-core-2.3.0.1.jar:/home/user/.m2/repository/javax/xml/bind/jaxb-api/2.3.0/jaxb-api-2.3.0.jar:/home/user/.m2/repository/javax/activation/activation/1.1.1/activation-1.1.1.jar:/home/user/.m2/repository/org/apache/hadoop/hadoop-ozone-csi/0.5.0-SNAPSHOT/hadoop-ozone-csi-0.5.0-SNAPSHOT.jar:/home/user/.m2/repository/com/google/protobuf/protobuf-java-util/3.5.1/protobuf-java-util-3.5.1.jar:/home/user/.m2/repository/org/apache/hadoop/hadoop-hdds-config/0.5.0-SNAPSHOT/hadoop-hdds-config-0.5.0-SNAPSHOT.jar:/home/user/.m2/repository/io/grpc/grpc-netty/1.17.1/grpc-netty-1.17.1.jar:/home/user/.m2/repository/io/grpc/grpc-core/1.17.1/grpc-core-1.17.1.jar:/home/user/.m2/repository/io/grpc/grpc-context/1.17.1/grpc-context-1.17.1.jar:/home/user/.m2/repository/com/google/errorprone/error_prone_annotations/2.2.0/error_prone_annotations-2.2.0.jar:/home/user/.m2/repository/org/codehaus/mojo/animal-sniffer-annotations/1.17/animal-sniffer-annotations-1.17.jar:/home/user/.m2/repository/io/opencensus/opencensus-api/0.17.0/opencensus-api-0.17.0.jar:/home/user/.m2/repository/io/opencensus/opencensus-contrib-grpc-metrics/0.17.0/opencensus-contrib-grpc-metrics-0.17.0.jar:/home/user/.m2/repository/io/netty/netty-codec-http2/4.1.30.Final/netty-codec-http2-4.1.30.Final.jar:/home/user/.m2/repository/io/netty/netty-codec-http/4.1.30.Final/netty-codec-http-4.1.30.Final.jar:/home/user/.m2/repository/io/netty/netty-codec/4.1.30.Final/netty-codec-4.1.30.Final.jar:/home/user/.m2/repository/io/netty/netty-handler/4.1.30.Final/netty-handler-4.1.30.Final.jar:/home/user/.m2/repository/io/netty/netty-handler-proxy/4.1.30.Final/netty-handler-proxy-4.1.30.Final.jar:/home/user/.m2/repository/io/netty/netty-codec-socks/4.1.30.Final/netty-codec-socks-4.1.30.Final.jar:/home/user/.m2/repository/io/netty/netty-transport-native-epoll/4.1.30.Final/netty-transport-native-epoll-4.1.30.Final.jar:/home/user/.m2/repository/io/netty/netty-common/4.1.30.Final/netty-common-4.1.30.Final.jar:/home/user/.m2/repository/io/netty/netty-buffer/4.1.30.Final/netty-buffer-4.1.30.Final.jar:/home/user/.m2/repository/io/netty/netty-transport/4.1.30.Final/netty-transport-4.1.30.Final.jar:/home/user/.m2/repository/io/netty/netty-resolver/4.1.30.Final/netty-resolver-4.1.30.Final.jar:/home/user/.m2/repository/io/netty/netty-transport-native-unix-common/4.1.30.Final/netty-transport-native-unix-common-4.1.30.Final.jar:/home/user/.m2/repository/io/grpc/grpc-protobuf/1.17.1/grpc-protobuf-1.17.1.jar:/home/user/.m2/repository/com/google/api/grpc/proto-google-common-protos/1.0.0/proto-google-common-protos-1.0.0.jar:/home/user/.m2/repository/io/grpc/grpc-protobuf-lite/1.17.1/grpc-protobuf-lite-1.17.1.jar:/home/user/.m2/repository/io/grpc/grpc-stub/1.17.1/grpc-stub-1.17.1.jar:/home/user/.m2/repository/org/apache/hadoop/hadoop-ozone-recon/0.5.0-SNAPSHOT/hadoop-ozone-recon-0.5.0-SNAPSHOT.jar:/home/user/.m2/repository/org/apache/hadoop/hadoop-ozone-reconcodegen/0.5.0-SNAPSHOT/hadoop-ozone-reconcodegen-0.5.0-SNAPSHOT.jar:/home/user/.m2/repository/com/google/inject/extensions/guice-multibindings/4.0/guice-multibindings-4.0.jar:/home/user/.m2/repository/com/google/inject/guice/4.0/guice-4.0.jar:/home/user/.m2/repository/aopalliance/aopalliance/1.0/aopalliance-1.0.jar:/home/user/.m2/repository/com/google/inject/extensions/guice-servlet/4.0/guice-servlet-4.0.jar:/home/user/.m2/repository/org/glassfish/jersey/containers/jersey-container-servlet/2.27/jersey-container-servlet-2.27.jar:/home/user/.m2/repository/org/glassfish/hk2/guice-bridge/2.5.0/guice-bridge-2.5.0.jar:/home/user/.m2/repository/org/glassfish/jersey/core/jersey-server/2.27/jersey-server-2.27.jar:/home/user/.m2/repository/org/glassfish/jersey/core/jersey-client/2.27/jersey-client-2.27.jar:/home/user/.m2/repository/org/glassfish/jersey/media/jersey-media-jaxb/2.27/jersey-media-jaxb-2.27.jar:/home/user/.m2/repository/javax/validation/validation-api/1.1.0.Final/validation-api-1.1.0.Final.jar:/home/user/.m2/repository/org/glassfish/jersey/media/jersey-media-json-jackson/2.27/jersey-media-json-jackson-2.27.jar:/home/user/.m2/repository/org/glassfish/jersey/ext/jersey-entity-filtering/2.27/jersey-entity-filtering-2.27.jar:/home/user/.m2/repository/com/google/inject/extensions/guice-assistedinject/4.0/guice-assistedinject-4.0.jar:/home/user/.m2/repository/org/jooq/jooq/3.11.10/jooq-3.11.10.jar:/home/user/.m2/repository/org/jooq/jooq-meta/3.11.10/jooq-meta-3.11.10.jar:/home/user/.m2/repository/org/jooq/jooq-codegen/3.11.10/jooq-codegen-3.11.10.jar:/home/user/.m2/repository/com/jolbox/bonecp/0.8.0.RELEASE/bonecp-0.8.0.RELEASE.jar:/home/user/.m2/repository/org/xerial/sqlite-jdbc/3.25.2/sqlite-jdbc-3.25.2.jar:/home/user/.m2/repository/org/springframework/spring-jdbc/5.1.3.RELEASE/spring-jdbc-5.1.3.RELEASE.jar:/home/user/.m2/repository/org/springframework/spring-beans/5.1.3.RELEASE/spring-beans-5.1.3.RELEASE.jar:/home/user/.m2/repository/org/springframework/spring-core/5.1.3.RELEASE/spring-core-5.1.3.RELEASE.jar:/home/user/.m2/repository/org/springframework/spring-jcl/5.1.3.RELEASE/spring-jcl-5.1.3.RELEASE.jar:/home/user/.m2/repository/org/springframework/spring-tx/5.1.3.RELEASE/spring-tx-5.1.3.RELEASE.jar:/home/user/.m2/repository/org/apache/hadoop/hadoop-ozone-client/0.5.0-SNAPSHOT/hadoop-ozone-client-0.5.0-SNAPSHOT.jar:/home/user/.m2/repository/commons-lang/commons-lang/2.6/commons-lang-2.6.jar:/home/user/.m2/repository/org/apache/hadoop/hadoop-ozone-ozone-manager/0.5.0-SNAPSHOT/hadoop-ozone-ozone-manager-0.5.0-SNAPSHOT-tests.jar:/home/user/.m2/repository/junit/junit/4.11/junit-4.11.jar:/home/user/.m2/repository/org/hamcrest/hamcrest-core/1.3/hamcrest-core-1.3.jar:/home/user/.m2/repository/org/openjdk/jmh/jmh-core/1.19/jmh-core-1.19.jar:/home/user/.m2/repository/net/sf/jopt-simple/jopt-simple/4.6/jopt-simple-4.6.jar:/home/user/.m2/repository/org/apache/commons/commons-math3/3.1.1/commons-math3-3.1.1.jar:/home/user/.m2/repository/org/openjdk/jmh/jmh-generator-annprocess/1.19/jmh-generator-annprocess-1.19.jar:/home/user/.m2/repository/org/mockito/mockito-all/1.8.5/mockito-all-1.8.5.jar:/home/user/.m2/repository/org/apache/hadoop/hadoop-kms/3.2.0/hadoop-kms-3.2.0.jar:/home/user/.m2/repository/org/apache/hadoop/hadoop-auth/3.2.0/hadoop-auth-3.2.0.jar:/home/user/.m2/repository/com/nimbusds/nimbus-jose-jwt/4.41.1/nimbus-jose-jwt-4.41.1.jar:/home/user/.m2/repository/com/github/stephenc/jcip/jcip-annotations/1.0-1/jcip-annotations-1.0-1.jar:/home/user/.m2/repository/net/minidev/json-smart/2.3/json-smart-2.3.jar:/home/user/.m2/repository/net/minidev/accessors-smart/1.2/accessors-smart-1.2.jar:/home/user/.m2/repository/org/ow2/asm/asm/5.0.4/asm-5.0.4.jar:/home/user/.m2/repository/org/apache/curator/curator-framework/2.12.0/curator-framework-2.12.0.jar:/home/user/.m2/repository/com/sun/jersey/jersey-core/1.19/jersey-core-1.19.jar:/home/user/.m2/repository/javax/ws/rs/jsr311-api/1.1.1/jsr311-api-1.1.1.jar:/home/user/.m2/repository/com/sun/jersey/jersey-server/1.19/jersey-server-1.19.jar:/home/user/.m2/repository/javax/servlet/javax.servlet-api/3.1.0/javax.servlet-api-3.1.0.jar:/home/user/.m2/repository/org/eclipse/jetty/jetty-server/9.3.25.v20180904/jetty-server-9.3.25.v20180904.jar:/home/user/.m2/repository/org/eclipse/jetty/jetty-http/9.3.25.v20180904/jetty-http-9.3.25.v20180904.jar:/home/user/.m2/repository/org/eclipse/jetty/jetty-io/9.3.25.v20180904/jetty-io-9.3.25.v20180904.jar:/home/user/.m2/repository/org/eclipse/jetty/jetty-webapp/9.3.25.v20180904/jetty-webapp-9.3.25.v20180904.jar:/home/user/.m2/repository/org/eclipse/jetty/jetty-xml/9.3.25.v20180904/jetty-xml-9.3.25.v20180904.jar:/home/user/.m2/repository/log4j/log4j/1.2.17/log4j-1.2.17.jar:/home/user/.m2/repository/org/slf4j/slf4j-api/1.7.25/slf4j-api-1.7.25.jar:/home/user/.m2/repository/org/slf4j/jul-to-slf4j/1.7.25/jul-to-slf4j-1.7.25.jar:/home/user/.m2/repository/org/eclipse/jetty/jetty-util/9.3.25.v20180904/jetty-util-9.3.25.v20180904.jar:/home/user/.m2/repository/com/fasterxml/jackson/core/jackson-databind/2.9.9/jackson-databind-2.9.9.jar:/home/user/.m2/repository/org/apache/hadoop/hadoop-kms/3.2.0/hadoop-kms-3.2.0-tests.jar:/home/user/.m2/repository/org/apache/hadoop/hadoop-hdds-server-scm/0.5.0-SNAPSHOT/hadoop-hdds-server-scm-0.5.0-SNAPSHOT-tests.jar:/home/user/.m2/repository/org/apache/hadoop/hadoop-hdds-container-service/0.5.0-SNAPSHOT/hadoop-hdds-container-service-0.5.0-SNAPSHOT-tests.jar:/home/user/.m2/repository/org/yaml/snakeyaml/1.16/snakeyaml-1.16.jar:/home/user/.m2/repository/org/apache/hadoop/hadoop-common/3.2.0/hadoop-common-3.2.0-tests.jar:/home/user/.m2/repository/org/apache/hadoop/hadoop-annotations/3.2.0/hadoop-annotations-3.2.0.jar:/usr/lib/jvm/java-1.8-openjdk/jre/../lib/tools.jar:/home/user/.m2/repository/commons-cli/commons-cli/1.2/commons-cli-1.2.jar:/home/user/.m2/repository/org/apache/httpcomponents/httpclient/4.5.2/httpclient-4.5.2.jar:/home/user/.m2/repository/org/apache/httpcomponents/httpcore/4.4.4/httpcore-4.4.4.jar:/home/user/.m2/repository/commons-codec/commons-codec/1.11/commons-codec-1.11.jar:/home/user/.m2/repository/commons-net/commons-net/3.6/commons-net-3.6.jar:/home/user/.m2/repository/commons-collections/commons-collections/3.2.2/commons-collections-3.2.2.jar:/home/user/.m2/repository/org/eclipse/jetty/jetty-servlet/9.3.25.v20180904/jetty-servlet-9.3.25.v20180904.jar:/home/user/.m2/repository/org/eclipse/jetty/jetty-security/9.3.25.v20180904/jetty-security-9.3.25.v20180904.jar:/home/user/.m2/repository/javax/servlet/jsp/jsp-api/2.1/jsp-api-2.1.jar:/home/user/.m2/repository/com/sun/jersey/jersey-servlet/1.19/jersey-servlet-1.19.jar:/home/user/.m2/repository/com/sun/jersey/jersey-json/1.19/jersey-json-1.19.jar:/home/user/.m2/repository/org/codehaus/jettison/jettison/1.1/jettison-1.1.jar:/home/user/.m2/repository/org/codehaus/jackson/jackson-core-asl/1.9.13/jackson-core-asl-1.9.13.jar:/home/user/.m2/repository/org/codehaus/jackson/jackson-mapper-asl/1.9.13/jackson-mapper-asl-1.9.13.jar:/home/user/.m2/repository/org/codehaus/jackson/jackson-jaxrs/1.9.13/jackson-jaxrs-1.9.13.jar:/home/user/.m2/repository/org/codehaus/jackson/jackson-xc/1.9.13/jackson-xc-1.9.13.jar:/home/user/.m2/repository/commons-logging/commons-logging/1.1.3/commons-logging-1.1.3.jar:/home/user/.m2/repository/commons-beanutils/commons-beanutils/1.9.4/commons-beanutils-1.9.4.jar:/home/user/.m2/repository/org/apache/commons/commons-configuration2/2.1.1/commons-configuration2-2.1.1.jar:/home/user/.m2/repository/org/apache/commons/commons-lang3/3.7/commons-lang3-3.7.jar:/home/user/.m2/repository/org/apache/commons/commons-text/1.4/commons-text-1.4.jar:/home/user/.m2/repository/org/apache/avro/avro/1.7.7/avro-1.7.7.jar:/home/user/.m2/repository/com/thoughtworks/paranamer/paranamer/2.3/paranamer-2.3.jar:/home/user/.m2/repository/org/xerial/snappy/snappy-java/1.0.5/snappy-java-1.0.5.jar:/home/user/.m2/repository/com/google/re2j/re2j/1.1/re2j-1.1.jar:/home/user/.m2/repository/com/google/code/gson/gson/2.2.4/gson-2.2.4.jar:/home/user/.m2/repository/com/jcraft/jsch/0.1.54/jsch-0.1.54.jar:/home/user/.m2/repository/org/apache/curator/curator-client/2.12.0/curator-client-2.12.0.jar:/home/user/.m2/repository/org/apache/curator/curator-recipes/2.12.0/curator-recipes-2.12.0.jar:/home/user/.m2/repository/com/google/code/findbugs/jsr305/3.0.0/jsr305-3.0.0.jar:/home/user/.m2/repository/org/apache/htrace/htrace-core4/4.1.0-incubating/htrace-core4-4.1.0-incubating.jar:/home/user/.m2/repository/org/apache/zookeeper/zookeeper/3.4.13/zookeeper-3.4.13.jar:/home/user/.m2/repository/jline/jline/0.9.94/jline-0.9.94.jar:/home/user/.m2/repository/org/apache/yetus/audience-annotations/0.5.0/audience-annotations-0.5.0.jar:/home/user/.m2/repository/org/codehaus/woodstox/stax2-api/3.1.4/stax2-api-3.1.4.jar:/home/user/.m2/repository/com/fasterxml/woodstox/woodstox-core/5.0.3/woodstox-core-5.0.3.jar:/home/user/.m2/repository/dnsjava/dnsjava/2.1.7/dnsjava-2.1.7.jar:/home/user/.m2/repository/org/apache/hadoop/hadoop-hdfs/3.2.0/hadoop-hdfs-3.2.0-tests.jar:/home/user/.m2/repository/org/eclipse/jetty/jetty-util-ajax/9.3.25.v20180904/jetty-util-ajax-9.3.25.v20180904.jar:/home/user/.m2/repository/commons-daemon/commons-daemon/1.0.13/commons-daemon-1.0.13.jar:/home/user/.m2/repository/io/netty/netty/3.10.5.Final/netty-3.10.5.Final.jar:/home/user/.m2/repository/io/netty/netty-all/4.0.52.Final/netty-all-4.0.52.Final.jar:/home/user/.m2/repository/org/fusesource/leveldbjni/leveldbjni-all/1.8/leveldbjni-all-1.8.jar:"/>
    <property name="java.vm.vendor" value="IcedTea"/>
    <property name="sun.arch.data.model" value="64"/>
    <property name="test.build.dir" value="/workdir/hadoop-ozone/integration-test/target/test-dir"/>
    <property name="test.cache.data" value=""/>
    <property name="java.vendor.url" value="https://icedtea.classpath.org"/>
    <property name="user.timezone" value=""/>
    <property name="java.vm.specification.version" value="1.8"/>
    <property name="os.name" value="Linux"/>
    <property name="test.build.data" value="/workdir/hadoop-ozone/integration-test/target/test-dir"/>
    <property name="user.country" value="US"/>
    <property name="sun.java.launcher" value="SUN_STANDARD"/>
    <property name="sun.boot.library.path" value="/usr/lib/jvm/java-1.8-openjdk/jre/lib/amd64"/>
    <property name="sun.java.command" value="/workdir/hadoop-ozone/integration-test/target/surefire/surefirebooter918287833094823065.jar /workdir/hadoop-ozone/integration-test/target/surefire 2019-10-06T05-12-40_053-jvmRun1 surefire9012549256612083296tmp surefire_661623137356147875661tmp"/>
    <property name="test" value="!TestMiniChaosOzoneCluster"/>
    <property name="surefire.test.class.path" value="/workdir/hadoop-ozone/integration-test/target/test-classes:/workdir/hadoop-ozone/integration-test/target/classes:/home/user/.m2/repository/org/apache/hadoop/hadoop-ozone-common/0.5.0-SNAPSHOT/hadoop-ozone-common-0.5.0-SNAPSHOT.jar:/home/user/.m2/repository/org/apache/commons/commons-compress/1.4.1/commons-compress-1.4.1.jar:/home/user/.m2/repository/org/tukaani/xz/1.0/xz-1.0.jar:/home/user/.m2/repository/org/apache/hadoop/hadoop-common/3.2.0/hadoop-common-3.2.0.jar:/home/user/.m2/repository/org/apache/hadoop/hadoop-hdfs/3.2.0/hadoop-hdfs-3.2.0.jar:/home/user/.m2/repository/org/apache/hadoop/hadoop-hdfs-client/3.2.0/hadoop-hdfs-client-3.2.0.jar:/home/user/.m2/repository/com/fasterxml/jackson/core/jackson-annotations/2.9.9/jackson-annotations-2.9.9.jar:/home/user/.m2/repository/org/apache/hadoop/hadoop-hdds-common/0.5.0-SNAPSHOT/hadoop-hdds-common-0.5.0-SNAPSHOT.jar:/home/user/.m2/repository/javax/annotation/javax.annotation-api/1.2/javax.annotation-api-1.2.jar:/home/user/.m2/repository/org/apache/ratis/ratis-server/0.5.0-201fc85-SNAPSHOT/ratis-server-0.5.0-201fc85-SNAPSHOT.jar:/home/user/.m2/repository/org/apache/ratis/ratis-thirdparty-misc/0.2.0/ratis-thirdparty-misc-0.2.0.jar:/home/user/.m2/repository/org/apache/ratis/ratis-proto/0.5.0-201fc85-SNAPSHOT/ratis-proto-0.5.0-201fc85-SNAPSHOT.jar:/home/user/.m2/repository/org/apache/ratis/ratis-common/0.5.0-201fc85-SNAPSHOT/ratis-common-0.5.0-201fc85-SNAPSHOT.jar:/home/user/.m2/repository/org/apache/ratis/ratis-client/0.5.0-201fc85-SNAPSHOT/ratis-client-0.5.0-201fc85-SNAPSHOT.jar:/home/user/.m2/repository/org/apache/ratis/ratis-metrics/0.5.0-201fc85-SNAPSHOT/ratis-metrics-0.5.0-201fc85-SNAPSHOT.jar:/home/user/.m2/repository/com/github/joshelser/dropwizard-metrics-hadoop-metrics2-reporter/0.1.2/dropwizard-metrics-hadoop-metrics2-reporter-0.1.2.jar:/home/user/.m2/repository/io/dropwizard/metrics/metrics-jvm/3.2.5/metrics-jvm-3.2.5.jar:/home/user/.m2/repository/io/dropwizard/metrics/metrics-ganglia/3.2.5/metrics-ganglia-3.2.5.jar:/home/user/.m2/repository/info/ganglia/gmetric4j/gmetric4j/1.0.7/gmetric4j-1.0.7.jar:/home/user/.m2/repository/org/apache/ratis/ratis-netty/0.5.0-201fc85-SNAPSHOT/ratis-netty-0.5.0-201fc85-SNAPSHOT.jar:/home/user/.m2/repository/org/apache/ratis/ratis-grpc/0.5.0-201fc85-SNAPSHOT/ratis-grpc-0.5.0-201fc85-SNAPSHOT.jar:/home/user/.m2/repository/org/rocksdb/rocksdbjni/6.0.1/rocksdbjni-6.0.1.jar:/home/user/.m2/repository/org/apache/logging/log4j/log4j-api/2.11.0/log4j-api-2.11.0.jar:/home/user/.m2/repository/org/apache/logging/log4j/log4j-core/2.11.0/log4j-core-2.11.0.jar:/home/user/.m2/repository/com/lmax/disruptor/3.4.2/disruptor-3.4.2.jar:/home/user/.m2/repository/org/apache/commons/commons-pool2/2.6.0/commons-pool2-2.6.0.jar:/home/user/.m2/repository/org/bouncycastle/bcpkix-jdk15on/1.60/bcpkix-jdk15on-1.60.jar:/home/user/.m2/repository/commons-validator/commons-validator/1.6/commons-validator-1.6.jar:/home/user/.m2/repository/commons-digester/commons-digester/1.8.1/commons-digester-1.8.1.jar:/home/user/.m2/repository/io/jaegertracing/jaeger-client/0.34.0/jaeger-client-0.34.0.jar:/home/user/.m2/repository/io/jaegertracing/jaeger-thrift/0.34.0/jaeger-thrift-0.34.0.jar:/home/user/.m2/repository/org/apache/thrift/libthrift/0.12.0/libthrift-0.12.0.jar:/home/user/.m2/repository/com/squareup/okhttp3/okhttp/3.9.0/okhttp-3.9.0.jar:/home/user/.m2/repository/com/squareup/okio/okio/1.13.0/okio-1.13.0.jar:/home/user/.m2/repository/io/jaegertracing/jaeger-core/0.34.0/jaeger-core-0.34.0.jar:/home/user/.m2/repository/io/jaegertracing/jaeger-tracerresolver/0.34.0/jaeger-tracerresolver-0.34.0.jar:/home/user/.m2/repository/io/opentracing/contrib/opentracing-tracerresolver/0.1.5/opentracing-tracerresolver-0.1.5.jar:/home/user/.m2/repository/io/opentracing/opentracing-util/0.31.0/opentracing-util-0.31.0.jar:/home/user/.m2/repository/io/opentracing/opentracing-api/0.31.0/opentracing-api-0.31.0.jar:/home/user/.m2/repository/io/opentracing/opentracing-noop/0.31.0/opentracing-noop-0.31.0.jar:/home/user/.m2/repository/org/apache/hadoop/hadoop-hdds-server-framework/0.5.0-SNAPSHOT/hadoop-hdds-server-framework-0.5.0-SNAPSHOT.jar:/home/user/.m2/repository/org/apache/hadoop/hadoop-hdds-container-service/0.5.0-SNAPSHOT/hadoop-hdds-container-service-0.5.0-SNAPSHOT.jar:/home/user/.m2/repository/org/apache/hadoop/hadoop-hdds-client/0.5.0-SNAPSHOT/hadoop-hdds-client-0.5.0-SNAPSHOT.jar:/home/user/.m2/repository/org/apache/hadoop/hadoop-hdds-tools/0.5.0-SNAPSHOT/hadoop-hdds-tools-0.5.0-SNAPSHOT.jar:/home/user/.m2/repository/org/apache/hadoop/hadoop-hdds-server-scm/0.5.0-SNAPSHOT/hadoop-hdds-server-scm-0.5.0-SNAPSHOT.jar:/home/user/.m2/repository/org/apache/hadoop/hadoop-hdds-docs/0.5.0-SNAPSHOT/hadoop-hdds-docs-0.5.0-SNAPSHOT.jar:/home/user/.m2/repository/io/dropwizard/metrics/metrics-core/3.2.4/metrics-core-3.2.4.jar:/home/user/.m2/repository/org/hamcrest/hamcrest-all/1.3/hamcrest-all-1.3.jar:/home/user/.m2/repository/org/bouncycastle/bcprov-jdk15on/1.60/bcprov-jdk15on-1.60.jar:/home/user/.m2/repository/info/picocli/picocli/3.9.6/picocli-3.9.6.jar:/home/user/.m2/repository/com/google/protobuf/protobuf-java/2.5.0/protobuf-java-2.5.0.jar:/home/user/.m2/repository/com/google/guava/guava/11.0.2/guava-11.0.2.jar:/home/user/.m2/repository/org/apache/hadoop/hadoop-ozone-ozone-manager/0.5.0-SNAPSHOT/hadoop-ozone-ozone-manager-0.5.0-SNAPSHOT.jar:/home/user/.m2/repository/org/apache/hadoop/hadoop-minikdc/3.2.0/hadoop-minikdc-3.2.0.jar:/home/user/.m2/repository/commons-io/commons-io/2.5/commons-io-2.5.jar:/home/user/.m2/repository/org/apache/kerby/kerb-simplekdc/1.0.1/kerb-simplekdc-1.0.1.jar:/home/user/.m2/repository/org/apache/kerby/kerb-client/1.0.1/kerb-client-1.0.1.jar:/home/user/.m2/repository/org/apache/kerby/kerby-config/1.0.1/kerby-config-1.0.1.jar:/home/user/.m2/repository/org/apache/kerby/kerb-core/1.0.1/kerb-core-1.0.1.jar:/home/user/.m2/repository/org/apache/kerby/kerby-pkix/1.0.1/kerby-pkix-1.0.1.jar:/home/user/.m2/repository/org/apache/kerby/kerby-asn1/1.0.1/kerby-asn1-1.0.1.jar:/home/user/.m2/repository/org/apache/kerby/kerby-util/1.0.1/kerby-util-1.0.1.jar:/home/user/.m2/repository/org/apache/kerby/kerb-common/1.0.1/kerb-common-1.0.1.jar:/home/user/.m2/repository/org/apache/kerby/kerb-crypto/1.0.1/kerb-crypto-1.0.1.jar:/home/user/.m2/repository/org/apache/kerby/kerb-util/1.0.1/kerb-util-1.0.1.jar:/home/user/.m2/repository/org/apache/kerby/token-provider/1.0.1/token-provider-1.0.1.jar:/home/user/.m2/repository/org/apache/kerby/kerb-admin/1.0.1/kerb-admin-1.0.1.jar:/home/user/.m2/repository/org/apache/kerby/kerb-server/1.0.1/kerb-server-1.0.1.jar:/home/user/.m2/repository/org/apache/kerby/kerb-identity/1.0.1/kerb-identity-1.0.1.jar:/home/user/.m2/repository/org/apache/kerby/kerby-xdr/1.0.1/kerby-xdr-1.0.1.jar:/home/user/.m2/repository/org/slf4j/slf4j-log4j12/1.7.25/slf4j-log4j12-1.7.25.jar:/home/user/.m2/repository/org/apache/hadoop/hadoop-ozone-s3gateway/0.5.0-SNAPSHOT/hadoop-ozone-s3gateway-0.5.0-SNAPSHOT.jar:/home/user/.m2/repository/org/jboss/weld/servlet/weld-servlet/2.4.7.Final/weld-servlet-2.4.7.Final.jar:/home/user/.m2/repository/org/glassfish/jersey/containers/jersey-container-servlet-core/2.27/jersey-container-servlet-core-2.27.jar:/home/user/.m2/repository/org/glassfish/hk2/external/javax.inject/2.5.0-b42/javax.inject-2.5.0-b42.jar:/home/user/.m2/repository/org/glassfish/jersey/core/jersey-common/2.27/jersey-common-2.27.jar:/home/user/.m2/repository/org/glassfish/hk2/osgi-resource-locator/1.0.1/osgi-resource-locator-1.0.1.jar:/home/user/.m2/repository/javax/ws/rs/javax.ws.rs-api/2.1/javax.ws.rs-api-2.1.jar:/home/user/.m2/repository/org/glassfish/jersey/ext/cdi/jersey-cdi1x/2.27/jersey-cdi1x-2.27.jar:/home/user/.m2/repository/org/glassfish/jersey/inject/jersey-hk2/2.27/jersey-hk2-2.27.jar:/home/user/.m2/repository/org/glassfish/hk2/hk2-locator/2.5.0-b42/hk2-locator-2.5.0-b42.jar:/home/user/.m2/repository/org/javassist/javassist/3.22.0-CR2/javassist-3.22.0-CR2.jar:/home/user/.m2/repository/org/glassfish/hk2/hk2-api/2.5.0/hk2-api-2.5.0.jar:/home/user/.m2/repository/org/glassfish/hk2/external/jakarta.inject/2.5.0/jakarta.inject-2.5.0.jar:/home/user/.m2/repository/org/glassfish/hk2/hk2-utils/2.5.0/hk2-utils-2.5.0.jar:/home/user/.m2/repository/jakarta/annotation/jakarta.annotation-api/1.3.4/jakarta.annotation-api-1.3.4.jar:/home/user/.m2/repository/org/glassfish/hk2/external/aopalliance-repackaged/2.5.0/aopalliance-repackaged-2.5.0.jar:/home/user/.m2/repository/com/fasterxml/jackson/dataformat/jackson-dataformat-xml/2.9.0/jackson-dataformat-xml-2.9.0.jar:/home/user/.m2/repository/com/fasterxml/jackson/core/jackson-core/2.9.9/jackson-core-2.9.9.jar:/home/user/.m2/repository/com/fasterxml/jackson/module/jackson-module-jaxb-annotations/2.9.9/jackson-module-jaxb-annotations-2.9.9.jar:/home/user/.m2/repository/javax/enterprise/cdi-api/1.2/cdi-api-1.2.jar:/home/user/.m2/repository/javax/el/javax.el-api/3.0.0/javax.el-api-3.0.0.jar:/home/user/.m2/repository/javax/interceptor/javax.interceptor-api/1.2/javax.interceptor-api-1.2.jar:/home/user/.m2/repository/javax/inject/javax.inject/1/javax.inject-1.jar:/home/user/.m2/repository/com/sun/xml/bind/jaxb-impl/2.3.0.1/jaxb-impl-2.3.0.1.jar:/home/user/.m2/repository/com/sun/xml/bind/jaxb-core/2.3.0.1/jaxb-core-2.3.0.1.jar:/home/user/.m2/repository/javax/xml/bind/jaxb-api/2.3.0/jaxb-api-2.3.0.jar:/home/user/.m2/repository/javax/activation/activation/1.1.1/activation-1.1.1.jar:/home/user/.m2/repository/org/apache/hadoop/hadoop-ozone-csi/0.5.0-SNAPSHOT/hadoop-ozone-csi-0.5.0-SNAPSHOT.jar:/home/user/.m2/repository/com/google/protobuf/protobuf-java-util/3.5.1/protobuf-java-util-3.5.1.jar:/home/user/.m2/repository/org/apache/hadoop/hadoop-hdds-config/0.5.0-SNAPSHOT/hadoop-hdds-config-0.5.0-SNAPSHOT.jar:/home/user/.m2/repository/io/grpc/grpc-netty/1.17.1/grpc-netty-1.17.1.jar:/home/user/.m2/repository/io/grpc/grpc-core/1.17.1/grpc-core-1.17.1.jar:/home/user/.m2/repository/io/grpc/grpc-context/1.17.1/grpc-context-1.17.1.jar:/home/user/.m2/repository/com/google/errorprone/error_prone_annotations/2.2.0/error_prone_annotations-2.2.0.jar:/home/user/.m2/repository/org/codehaus/mojo/animal-sniffer-annotations/1.17/animal-sniffer-annotations-1.17.jar:/home/user/.m2/repository/io/opencensus/opencensus-api/0.17.0/opencensus-api-0.17.0.jar:/home/user/.m2/repository/io/opencensus/opencensus-contrib-grpc-metrics/0.17.0/opencensus-contrib-grpc-metrics-0.17.0.jar:/home/user/.m2/repository/io/netty/netty-codec-http2/4.1.30.Final/netty-codec-http2-4.1.30.Final.jar:/home/user/.m2/repository/io/netty/netty-codec-http/4.1.30.Final/netty-codec-http-4.1.30.Final.jar:/home/user/.m2/repository/io/netty/netty-codec/4.1.30.Final/netty-codec-4.1.30.Final.jar:/home/user/.m2/repository/io/netty/netty-handler/4.1.30.Final/netty-handler-4.1.30.Final.jar:/home/user/.m2/repository/io/netty/netty-handler-proxy/4.1.30.Final/netty-handler-proxy-4.1.30.Final.jar:/home/user/.m2/repository/io/netty/netty-codec-socks/4.1.30.Final/netty-codec-socks-4.1.30.Final.jar:/home/user/.m2/repository/io/netty/netty-transport-native-epoll/4.1.30.Final/netty-transport-native-epoll-4.1.30.Final.jar:/home/user/.m2/repository/io/netty/netty-common/4.1.30.Final/netty-common-4.1.30.Final.jar:/home/user/.m2/repository/io/netty/netty-buffer/4.1.30.Final/netty-buffer-4.1.30.Final.jar:/home/user/.m2/repository/io/netty/netty-transport/4.1.30.Final/netty-transport-4.1.30.Final.jar:/home/user/.m2/repository/io/netty/netty-resolver/4.1.30.Final/netty-resolver-4.1.30.Final.jar:/home/user/.m2/repository/io/netty/netty-transport-native-unix-common/4.1.30.Final/netty-transport-native-unix-common-4.1.30.Final.jar:/home/user/.m2/repository/io/grpc/grpc-protobuf/1.17.1/grpc-protobuf-1.17.1.jar:/home/user/.m2/repository/com/google/api/grpc/proto-google-common-protos/1.0.0/proto-google-common-protos-1.0.0.jar:/home/user/.m2/repository/io/grpc/grpc-protobuf-lite/1.17.1/grpc-protobuf-lite-1.17.1.jar:/home/user/.m2/repository/io/grpc/grpc-stub/1.17.1/grpc-stub-1.17.1.jar:/home/user/.m2/repository/org/apache/hadoop/hadoop-ozone-recon/0.5.0-SNAPSHOT/hadoop-ozone-recon-0.5.0-SNAPSHOT.jar:/home/user/.m2/repository/org/apache/hadoop/hadoop-ozone-reconcodegen/0.5.0-SNAPSHOT/hadoop-ozone-reconcodegen-0.5.0-SNAPSHOT.jar:/home/user/.m2/repository/com/google/inject/extensions/guice-multibindings/4.0/guice-multibindings-4.0.jar:/home/user/.m2/repository/com/google/inject/guice/4.0/guice-4.0.jar:/home/user/.m2/repository/aopalliance/aopalliance/1.0/aopalliance-1.0.jar:/home/user/.m2/repository/com/google/inject/extensions/guice-servlet/4.0/guice-servlet-4.0.jar:/home/user/.m2/repository/org/glassfish/jersey/containers/jersey-container-servlet/2.27/jersey-container-servlet-2.27.jar:/home/user/.m2/repository/org/glassfish/hk2/guice-bridge/2.5.0/guice-bridge-2.5.0.jar:/home/user/.m2/repository/org/glassfish/jersey/core/jersey-server/2.27/jersey-server-2.27.jar:/home/user/.m2/repository/org/glassfish/jersey/core/jersey-client/2.27/jersey-client-2.27.jar:/home/user/.m2/repository/org/glassfish/jersey/media/jersey-media-jaxb/2.27/jersey-media-jaxb-2.27.jar:/home/user/.m2/repository/javax/validation/validation-api/1.1.0.Final/validation-api-1.1.0.Final.jar:/home/user/.m2/repository/org/glassfish/jersey/media/jersey-media-json-jackson/2.27/jersey-media-json-jackson-2.27.jar:/home/user/.m2/repository/org/glassfish/jersey/ext/jersey-entity-filtering/2.27/jersey-entity-filtering-2.27.jar:/home/user/.m2/repository/com/google/inject/extensions/guice-assistedinject/4.0/guice-assistedinject-4.0.jar:/home/user/.m2/repository/org/jooq/jooq/3.11.10/jooq-3.11.10.jar:/home/user/.m2/repository/org/jooq/jooq-meta/3.11.10/jooq-meta-3.11.10.jar:/home/user/.m2/repository/org/jooq/jooq-codegen/3.11.10/jooq-codegen-3.11.10.jar:/home/user/.m2/repository/com/jolbox/bonecp/0.8.0.RELEASE/bonecp-0.8.0.RELEASE.jar:/home/user/.m2/repository/org/xerial/sqlite-jdbc/3.25.2/sqlite-jdbc-3.25.2.jar:/home/user/.m2/repository/org/springframework/spring-jdbc/5.1.3.RELEASE/spring-jdbc-5.1.3.RELEASE.jar:/home/user/.m2/repository/org/springframework/spring-beans/5.1.3.RELEASE/spring-beans-5.1.3.RELEASE.jar:/home/user/.m2/repository/org/springframework/spring-core/5.1.3.RELEASE/spring-core-5.1.3.RELEASE.jar:/home/user/.m2/repository/org/springframework/spring-jcl/5.1.3.RELEASE/spring-jcl-5.1.3.RELEASE.jar:/home/user/.m2/repository/org/springframework/spring-tx/5.1.3.RELEASE/spring-tx-5.1.3.RELEASE.jar:/home/user/.m2/repository/org/apache/hadoop/hadoop-ozone-client/0.5.0-SNAPSHOT/hadoop-ozone-client-0.5.0-SNAPSHOT.jar:/home/user/.m2/repository/commons-lang/commons-lang/2.6/commons-lang-2.6.jar:/home/user/.m2/repository/org/apache/hadoop/hadoop-ozone-ozone-manager/0.5.0-SNAPSHOT/hadoop-ozone-ozone-manager-0.5.0-SNAPSHOT-tests.jar:/home/user/.m2/repository/junit/junit/4.11/junit-4.11.jar:/home/user/.m2/repository/org/hamcrest/hamcrest-core/1.3/hamcrest-core-1.3.jar:/home/user/.m2/repository/org/openjdk/jmh/jmh-core/1.19/jmh-core-1.19.jar:/home/user/.m2/repository/net/sf/jopt-simple/jopt-simple/4.6/jopt-simple-4.6.jar:/home/user/.m2/repository/org/apache/commons/commons-math3/3.1.1/commons-math3-3.1.1.jar:/home/user/.m2/repository/org/openjdk/jmh/jmh-generator-annprocess/1.19/jmh-generator-annprocess-1.19.jar:/home/user/.m2/repository/org/mockito/mockito-all/1.8.5/mockito-all-1.8.5.jar:/home/user/.m2/repository/org/apache/hadoop/hadoop-kms/3.2.0/hadoop-kms-3.2.0.jar:/home/user/.m2/repository/org/apache/hadoop/hadoop-auth/3.2.0/hadoop-auth-3.2.0.jar:/home/user/.m2/repository/com/nimbusds/nimbus-jose-jwt/4.41.1/nimbus-jose-jwt-4.41.1.jar:/home/user/.m2/repository/com/github/stephenc/jcip/jcip-annotations/1.0-1/jcip-annotations-1.0-1.jar:/home/user/.m2/repository/net/minidev/json-smart/2.3/json-smart-2.3.jar:/home/user/.m2/repository/net/minidev/accessors-smart/1.2/accessors-smart-1.2.jar:/home/user/.m2/repository/org/ow2/asm/asm/5.0.4/asm-5.0.4.jar:/home/user/.m2/repository/org/apache/curator/curator-framework/2.12.0/curator-framework-2.12.0.jar:/home/user/.m2/repository/com/sun/jersey/jersey-core/1.19/jersey-core-1.19.jar:/home/user/.m2/repository/javax/ws/rs/jsr311-api/1.1.1/jsr311-api-1.1.1.jar:/home/user/.m2/repository/com/sun/jersey/jersey-server/1.19/jersey-server-1.19.jar:/home/user/.m2/repository/javax/servlet/javax.servlet-api/3.1.0/javax.servlet-api-3.1.0.jar:/home/user/.m2/repository/org/eclipse/jetty/jetty-server/9.3.25.v20180904/jetty-server-9.3.25.v20180904.jar:/home/user/.m2/repository/org/eclipse/jetty/jetty-http/9.3.25.v20180904/jetty-http-9.3.25.v20180904.jar:/home/user/.m2/repository/org/eclipse/jetty/jetty-io/9.3.25.v20180904/jetty-io-9.3.25.v20180904.jar:/home/user/.m2/repository/org/eclipse/jetty/jetty-webapp/9.3.25.v20180904/jetty-webapp-9.3.25.v20180904.jar:/home/user/.m2/repository/org/eclipse/jetty/jetty-xml/9.3.25.v20180904/jetty-xml-9.3.25.v20180904.jar:/home/user/.m2/repository/log4j/log4j/1.2.17/log4j-1.2.17.jar:/home/user/.m2/repository/org/slf4j/slf4j-api/1.7.25/slf4j-api-1.7.25.jar:/home/user/.m2/repository/org/slf4j/jul-to-slf4j/1.7.25/jul-to-slf4j-1.7.25.jar:/home/user/.m2/repository/org/eclipse/jetty/jetty-util/9.3.25.v20180904/jetty-util-9.3.25.v20180904.jar:/home/user/.m2/repository/com/fasterxml/jackson/core/jackson-databind/2.9.9/jackson-databind-2.9.9.jar:/home/user/.m2/repository/org/apache/hadoop/hadoop-kms/3.2.0/hadoop-kms-3.2.0-tests.jar:/home/user/.m2/repository/org/apache/hadoop/hadoop-hdds-server-scm/0.5.0-SNAPSHOT/hadoop-hdds-server-scm-0.5.0-SNAPSHOT-tests.jar:/home/user/.m2/repository/org/apache/hadoop/hadoop-hdds-container-service/0.5.0-SNAPSHOT/hadoop-hdds-container-service-0.5.0-SNAPSHOT-tests.jar:/home/user/.m2/repository/org/yaml/snakeyaml/1.16/snakeyaml-1.16.jar:/home/user/.m2/repository/org/apache/hadoop/hadoop-common/3.2.0/hadoop-common-3.2.0-tests.jar:/home/user/.m2/repository/org/apache/hadoop/hadoop-annotations/3.2.0/hadoop-annotations-3.2.0.jar:/usr/lib/jvm/java-1.8-openjdk/jre/../lib/tools.jar:/home/user/.m2/repository/commons-cli/commons-cli/1.2/commons-cli-1.2.jar:/home/user/.m2/repository/org/apache/httpcomponents/httpclient/4.5.2/httpclient-4.5.2.jar:/home/user/.m2/repository/org/apache/httpcomponents/httpcore/4.4.4/httpcore-4.4.4.jar:/home/user/.m2/repository/commons-codec/commons-codec/1.11/commons-codec-1.11.jar:/home/user/.m2/repository/commons-net/commons-net/3.6/commons-net-3.6.jar:/home/user/.m2/repository/commons-collections/commons-collections/3.2.2/commons-collections-3.2.2.jar:/home/user/.m2/repository/org/eclipse/jetty/jetty-servlet/9.3.25.v20180904/jetty-servlet-9.3.25.v20180904.jar:/home/user/.m2/repository/org/eclipse/jetty/jetty-security/9.3.25.v20180904/jetty-security-9.3.25.v20180904.jar:/home/user/.m2/repository/javax/servlet/jsp/jsp-api/2.1/jsp-api-2.1.jar:/home/user/.m2/repository/com/sun/jersey/jersey-servlet/1.19/jersey-servlet-1.19.jar:/home/user/.m2/repository/com/sun/jersey/jersey-json/1.19/jersey-json-1.19.jar:/home/user/.m2/repository/org/codehaus/jettison/jettison/1.1/jettison-1.1.jar:/home/user/.m2/repository/org/codehaus/jackson/jackson-core-asl/1.9.13/jackson-core-asl-1.9.13.jar:/home/user/.m2/repository/org/codehaus/jackson/jackson-mapper-asl/1.9.13/jackson-mapper-asl-1.9.13.jar:/home/user/.m2/repository/org/codehaus/jackson/jackson-jaxrs/1.9.13/jackson-jaxrs-1.9.13.jar:/home/user/.m2/repository/org/codehaus/jackson/jackson-xc/1.9.13/jackson-xc-1.9.13.jar:/home/user/.m2/repository/commons-logging/commons-logging/1.1.3/commons-logging-1.1.3.jar:/home/user/.m2/repository/commons-beanutils/commons-beanutils/1.9.4/commons-beanutils-1.9.4.jar:/home/user/.m2/repository/org/apache/commons/commons-configuration2/2.1.1/commons-configuration2-2.1.1.jar:/home/user/.m2/repository/org/apache/commons/commons-lang3/3.7/commons-lang3-3.7.jar:/home/user/.m2/repository/org/apache/commons/commons-text/1.4/commons-text-1.4.jar:/home/user/.m2/repository/org/apache/avro/avro/1.7.7/avro-1.7.7.jar:/home/user/.m2/repository/com/thoughtworks/paranamer/paranamer/2.3/paranamer-2.3.jar:/home/user/.m2/repository/org/xerial/snappy/snappy-java/1.0.5/snappy-java-1.0.5.jar:/home/user/.m2/repository/com/google/re2j/re2j/1.1/re2j-1.1.jar:/home/user/.m2/repository/com/google/code/gson/gson/2.2.4/gson-2.2.4.jar:/home/user/.m2/repository/com/jcraft/jsch/0.1.54/jsch-0.1.54.jar:/home/user/.m2/repository/org/apache/curator/curator-client/2.12.0/curator-client-2.12.0.jar:/home/user/.m2/repository/org/apache/curator/curator-recipes/2.12.0/curator-recipes-2.12.0.jar:/home/user/.m2/repository/com/google/code/findbugs/jsr305/3.0.0/jsr305-3.0.0.jar:/home/user/.m2/repository/org/apache/htrace/htrace-core4/4.1.0-incubating/htrace-core4-4.1.0-incubating.jar:/home/user/.m2/repository/org/apache/zookeeper/zookeeper/3.4.13/zookeeper-3.4.13.jar:/home/user/.m2/repository/jline/jline/0.9.94/jline-0.9.94.jar:/home/user/.m2/repository/org/apache/yetus/audience-annotations/0.5.0/audience-annotations-0.5.0.jar:/home/user/.m2/repository/org/codehaus/woodstox/stax2-api/3.1.4/stax2-api-3.1.4.jar:/home/user/.m2/repository/com/fasterxml/woodstox/woodstox-core/5.0.3/woodstox-core-5.0.3.jar:/home/user/.m2/repository/dnsjava/dnsjava/2.1.7/dnsjava-2.1.7.jar:/home/user/.m2/repository/org/apache/hadoop/hadoop-hdfs/3.2.0/hadoop-hdfs-3.2.0-tests.jar:/home/user/.m2/repository/org/eclipse/jetty/jetty-util-ajax/9.3.25.v20180904/jetty-util-ajax-9.3.25.v20180904.jar:/home/user/.m2/repository/commons-daemon/commons-daemon/1.0.13/commons-daemon-1.0.13.jar:/home/user/.m2/repository/io/netty/netty/3.10.5.Final/netty-3.10.5.Final.jar:/home/user/.m2/repository/io/netty/netty-all/4.0.52.Final/netty-all-4.0.52.Final.jar:/home/user/.m2/repository/org/fusesource/leveldbjni/leveldbjni-all/1.8/leveldbjni-all-1.8.jar:"/>
    <property name="sun.cpu.endian" value="little"/>
    <property name="user.home" value="/home/user"/>
    <property name="user.language" value="en"/>
    <property name="java.specification.vendor" value="Oracle Corporation"/>
    <property name="java.home" value="/usr/lib/jvm/java-1.8-openjdk/jre"/>
    <property name="java.security.krb5.conf" value="/workdir/hadoop-ozone/integration-test/target/test-classes/krb5.conf"/>
    <property name="basedir" value="/workdir/hadoop-ozone/integration-test"/>
    <property name="file.separator" value="/"/>
    <property name="line.separator" value="&#10;"/>
    <property name="java.vm.specification.vendor" value="Oracle Corporation"/>
    <property name="java.specification.name" value="Java Platform API Specification"/>
    <property name="java.awt.graphicsenv" value="sun.awt.X11GraphicsEnvironment"/>
    <property name="surefire.real.class.path" value="/workdir/hadoop-ozone/integration-test/target/surefire/surefirebooter918287833094823065.jar"/>
    <property name="hadoop.log.dir" value="/workdir/hadoop-ozone/integration-test/target/log"/>
    <property name="sun.boot.class.path" value="/usr/lib/jvm/java-1.8-openjdk/jre/lib/resources.jar:/usr/lib/jvm/java-1.8-openjdk/jre/lib/rt.jar:/usr/lib/jvm/java-1.8-openjdk/jre/lib/sunrsasign.jar:/usr/lib/jvm/java-1.8-openjdk/jre/lib/jsse.jar:/usr/lib/jvm/java-1.8-openjdk/jre/lib/jce.jar:/usr/lib/jvm/java-1.8-openjdk/jre/lib/charsets.jar:/usr/lib/jvm/java-1.8-openjdk/jre/lib/jfr.jar:/usr/lib/jvm/java-1.8-openjdk/jre/classes"/>
    <property name="sun.management.compiler" value="HotSpot 64-Bit Tiered Compilers"/>
    <property name="java.runtime.version" value="1.8.0_212-b04"/>
    <property name="java.net.preferIPv4Stack" value="true"/>
    <property name="user.name" value="jenkins1000"/>
    <property name="path.separator" value=":"/>
    <property name="java.security.egd" value="file:///dev/urandom"/>
    <property name="os.version" value="3.10.0-957.12.2.el7.x86_64"/>
    <property name="java.endorsed.dirs" value="/usr/lib/jvm/java-1.8-openjdk/jre/lib/endorsed"/>
    <property name="java.runtime.name" value="OpenJDK Runtime Environment"/>
    <property name="file.encoding" value="UTF-8"/>
    <property name="java.vm.name" value="OpenJDK 64-Bit Server VM"/>
    <property name="test.build.webapps" value=""/>
    <property name="localRepository" value="/home/user/.m2/repository"/>
    <property name="java.vendor.url.bug" value="https://icedtea.classpath.org/bugzilla"/>
    <property name="java.io.tmpdir" value="/tmp"/>
    <property name="require.test.libhadoop" value=""/>
    <property name="java.version" value="1.8.0_212"/>
    <property name="user.dir" value="/workdir/hadoop-ozone/integration-test"/>
    <property name="os.arch" value="amd64"/>
    <property name="java.vm.specification.name" value="Java Virtual Machine Specification"/>
    <property name="test.build.classes" value="/workdir/hadoop-ozone/integration-test/target/test-classes"/>
    <property name="java.awt.printerjob" value="sun.print.PSPrinterJob"/>
    <property name="sun.os.patch.level" value="unknown"/>
    <property name="hadoop.tmp.dir" value="/workdir/hadoop-ozone/integration-test/target/tmp"/>
    <property name="java.library.path" value="/usr/lib/jvm/java-1.8-openjdk/jre/lib/amd64/server:/usr/lib/jvm/java-1.8-openjdk/jre/lib/amd64:/usr/lib/jvm/java-1.8-openjdk/jre/../lib/amd64:/workdir/hadoop-ozone/integration-test/target/native/target/usr/local/lib:/workdir/hadoop-ozone/integration-test/../../hadoop-common-project/hadoop-common/target/native/target/usr/local/lib:/usr/java/packages/lib/amd64:/usr/lib64:/lib64:/lib:/usr/lib"/>
    <property name="java.vm.info" value="mixed mode"/>
    <property name="java.vendor" value="IcedTea"/>
    <property name="java.vm.version" value="25.212-b04"/>
    <property name="java.ext.dirs" value="/usr/lib/jvm/java-1.8-openjdk/jre/lib/ext:/usr/java/packages/lib/ext"/>
    <property name="sun.io.unicode.encoding" value="UnicodeLittle"/>
    <property name="java.class.version" value="52.0"/>
  </properties>
  <testcase name="test2DatanodesFailure" classname="org.apache.hadoop.ozone.client.rpc.TestBlockOutputStreamWithFailures" time="105.387"/>
  <testcase name="testDatanodeFailureWithPreAllocation" classname="org.apache.hadoop.ozone.client.rpc.TestBlockOutputStreamWithFailures" time="222.836"/>
  <testcase name="testDatanodeFailureWithSingleNodeRatis" classname="org.apache.hadoop.ozone.client.rpc.TestBlockOutputStreamWithFailures" time="226.626"/>
  <testcase name="testWatchForCommitWithSingleNodeRatis" classname="org.apache.hadoop.ozone.client.rpc.TestBlockOutputStreamWithFailures" time="38.398"/>
  <testcase name="testWatchForCommitDatanodeFailure" classname="org.apache.hadoop.ozone.client.rpc.TestBlockOutputStreamWithFailures" time="40.428">
    <failure message="expected:&lt;2&gt; but was:&lt;3&gt;" type="java.lang.AssertionError"><![CDATA[java.lang.AssertionError: expected:<2> but was:<3>
	at org.junit.Assert.fail(Assert.java:88)
	at org.junit.Assert.failNotEquals(Assert.java:743)
	at org.junit.Assert.assertEquals(Assert.java:118)
	at org.junit.Assert.assertEquals(Assert.java:555)
	at org.junit.Assert.assertEquals(Assert.java:542)
	at org.apache.hadoop.ozone.client.rpc.TestBlockOutputStreamWithFailures.testWatchForCommitDatanodeFailure(TestBlockOutputStreamWithFailures.java:366)
	at sun.reflect.NativeMethodAccessorImpl.invoke0(Native Method)
	at sun.reflect.NativeMethodAccessorImpl.invoke(NativeMethodAccessorImpl.java:62)
	at sun.reflect.DelegatingMethodAccessorImpl.invoke(DelegatingMethodAccessorImpl.java:43)
	at java.lang.reflect.Method.invoke(Method.java:498)
	at org.junit.runners.model.FrameworkMethod$1.runReflectiveCall(FrameworkMethod.java:47)
	at org.junit.internal.runners.model.ReflectiveCallable.run(ReflectiveCallable.java:12)
	at org.junit.runners.model.FrameworkMethod.invokeExplosively(FrameworkMethod.java:44)
	at org.junit.internal.runners.statements.InvokeMethod.evaluate(InvokeMethod.java:17)
	at org.junit.internal.runners.statements.RunBefores.evaluate(RunBefores.java:26)
	at org.junit.internal.runners.statements.RunAfters.evaluate(RunAfters.java:27)
	at org.junit.runners.ParentRunner.runLeaf(ParentRunner.java:271)
	at org.junit.runners.BlockJUnit4ClassRunner.runChild(BlockJUnit4ClassRunner.java:70)
	at org.junit.runners.BlockJUnit4ClassRunner.runChild(BlockJUnit4ClassRunner.java:50)
	at org.junit.runners.ParentRunner$3.run(ParentRunner.java:238)
	at org.junit.runners.ParentRunner$1.schedule(ParentRunner.java:63)
	at org.junit.runners.ParentRunner.runChildren(ParentRunner.java:236)
	at org.junit.runners.ParentRunner.access$000(ParentRunner.java:53)
	at org.junit.runners.ParentRunner$2.evaluate(ParentRunner.java:229)
	at org.junit.runners.ParentRunner.run(ParentRunner.java:309)
	at org.apache.maven.surefire.junit4.JUnit4Provider.execute(JUnit4Provider.java:365)
	at org.apache.maven.surefire.junit4.JUnit4Provider.executeWithRerun(JUnit4Provider.java:273)
	at org.apache.maven.surefire.junit4.JUnit4Provider.executeTestSet(JUnit4Provider.java:238)
	at org.apache.maven.surefire.junit4.JUnit4Provider.invoke(JUnit4Provider.java:159)
	at org.apache.maven.surefire.booter.ForkedBooter.invokeProviderInSameClassLoader(ForkedBooter.java:384)
	at org.apache.maven.surefire.booter.ForkedBooter.runSuitesInProcess(ForkedBooter.java:345)
	at org.apache.maven.surefire.booter.ForkedBooter.execute(ForkedBooter.java:126)
	at org.apache.maven.surefire.booter.ForkedBooter.main(ForkedBooter.java:418)
]]></failure>
    <system-out><![CDATA[2019-10-06 06:19:40,960 [main] WARN  server.ServerUtils (ServerUtils.java:getScmDbDir(145)) - ozone.scm.db.dirs is not configured. We recommend adding this setting. Falling back to ozone.metadata.dirs instead.
2019-10-06 06:19:41,204 [main] WARN  server.ServerUtils (ServerUtils.java:getScmDbDir(145)) - ozone.scm.db.dirs is not configured. We recommend adding this setting. Falling back to ozone.metadata.dirs instead.
2019-10-06 06:19:41,205 [main] WARN  server.ServerUtils (ServerUtils.java:getScmDbDir(145)) - ozone.scm.db.dirs is not configured. We recommend adding this setting. Falling back to ozone.metadata.dirs instead.
2019-10-06 06:19:41,206 [main] INFO  db.DBStoreBuilder (DBStoreBuilder.java:addTable(117)) - using custom profile for table: deletedBlocks
2019-10-06 06:19:41,206 [main] INFO  db.DBStoreBuilder (DBStoreBuilder.java:processTables(168)) - Using default column profile:DBProfile.DISK for Table:deletedBlocks
2019-10-06 06:19:41,206 [main] INFO  db.DBStoreBuilder (DBStoreBuilder.java:addTable(117)) - using custom profile for table: validCerts
2019-10-06 06:19:41,206 [main] INFO  db.DBStoreBuilder (DBStoreBuilder.java:processTables(168)) - Using default column profile:DBProfile.DISK for Table:validCerts
2019-10-06 06:19:41,206 [main] INFO  db.DBStoreBuilder (DBStoreBuilder.java:addTable(117)) - using custom profile for table: revokedCerts
2019-10-06 06:19:41,207 [main] INFO  db.DBStoreBuilder (DBStoreBuilder.java:processTables(168)) - Using default column profile:DBProfile.DISK for Table:revokedCerts
2019-10-06 06:19:41,207 [main] INFO  db.DBStoreBuilder (DBStoreBuilder.java:addTable(117)) - using custom profile for table: default
2019-10-06 06:19:41,207 [main] INFO  db.DBStoreBuilder (DBStoreBuilder.java:processTables(174)) - Using default column profile:DBProfile.DISK for Table:default
2019-10-06 06:19:41,207 [main] INFO  db.DBStoreBuilder (DBStoreBuilder.java:getDbProfile(205)) - Using default options. DBProfile.DISK
2019-10-06 06:19:41,393 [main] INFO  net.NodeSchemaLoader (NodeSchemaLoader.java:loadSchemaFromFile(125)) - Loading file from sun.misc.CompoundEnumeration@17c4dc5b
2019-10-06 06:19:41,393 [main] INFO  net.NodeSchemaLoader (NodeSchemaLoader.java:loadSchema(171)) - Loading network topology layer schema file
2019-10-06 06:19:41,397 [main] INFO  node.SCMNodeManager (SCMNodeManager.java:<init>(116)) - Entering startup safe mode.
2019-10-06 06:19:41,397 [main] INFO  algorithms.ContainerPlacementPolicyFactory (ContainerPlacementPolicyFactory.java:getPolicy(57)) - Create container placement policy of type org.apache.hadoop.hdds.scm.container.placement.algorithms.SCMContainerPlacementRandom
2019-10-06 06:19:41,397 [main] WARN  server.ServerUtils (ServerUtils.java:getScmDbDir(145)) - ozone.scm.db.dirs is not configured. We recommend adding this setting. Falling back to ozone.metadata.dirs instead.
2019-10-06 06:19:41,471 [main] INFO  pipeline.SCMPipelineManager (SCMPipelineManager.java:initializePipelineState(132)) - No pipeline exists in current db
2019-10-06 06:19:41,471 [main] WARN  server.ServerUtils (ServerUtils.java:getScmDbDir(145)) - ozone.scm.db.dirs is not configured. We recommend adding this setting. Falling back to ozone.metadata.dirs instead.
2019-10-06 06:19:41,552 [main] WARN  events.EventQueue (EventQueue.java:fireEvent(183)) - No event handler registered for event TypedEvent{payloadType=SafeModeStatus, name='SafeModeStatus'}
2019-10-06 06:19:41,553 [main] INFO  ipc.CallQueueManager (CallQueueManager.java:<init>(84)) - Using callQueue: class java.util.concurrent.LinkedBlockingQueue, queueCapacity: 2000, scheduler: class org.apache.hadoop.ipc.DefaultRpcScheduler, ipcBackoff: false.
2019-10-06 06:19:41,554 [Socket Reader #1 for port 39859] INFO  ipc.Server (Server.java:run(1074)) - Starting Socket Reader #1 for port 39859
2019-10-06 06:19:41,556 [main] INFO  ipc.CallQueueManager (CallQueueManager.java:<init>(84)) - Using callQueue: class java.util.concurrent.LinkedBlockingQueue, queueCapacity: 2000, scheduler: class org.apache.hadoop.ipc.DefaultRpcScheduler, ipcBackoff: false.
2019-10-06 06:19:41,557 [Socket Reader #1 for port 44012] INFO  ipc.Server (Server.java:run(1074)) - Starting Socket Reader #1 for port 44012
2019-10-06 06:19:41,559 [main] INFO  ipc.CallQueueManager (CallQueueManager.java:<init>(84)) - Using callQueue: class java.util.concurrent.LinkedBlockingQueue, queueCapacity: 2000, scheduler: class org.apache.hadoop.ipc.DefaultRpcScheduler, ipcBackoff: false.
2019-10-06 06:19:41,560 [Socket Reader #1 for port 36682] INFO  ipc.Server (Server.java:run(1074)) - Starting Socket Reader #1 for port 36682
2019-10-06 06:19:41,564 [main] INFO  hdfs.DFSUtil (DFSUtil.java:httpServerTemplateForNNAndJN(1641)) - Starting Web-server for scm at: http://0.0.0.0:0
2019-10-06 06:19:41,566 [main] INFO  server.AuthenticationFilter (AuthenticationFilter.java:constructSecretProvider(240)) - Unable to initialize FileSignerSecretProvider, falling back to use random secrets.
2019-10-06 06:19:41,566 [main] WARN  http.HttpRequestLog (HttpRequestLog.java:getRequestLog(97)) - Jetty request log can only be enabled using Log4j
2019-10-06 06:19:41,568 [main] INFO  http.HttpServer2 (HttpServer2.java:addGlobalFilter(975)) - Added global filter 'safety' (class=org.apache.hadoop.http.HttpServer2$QuotingInputFilter)
2019-10-06 06:19:41,569 [main] INFO  http.HttpServer2 (HttpServer2.java:addFilter(948)) - Added filter static_user_filter (class=org.apache.hadoop.http.lib.StaticUserWebFilter$StaticUserFilter) to context scm
2019-10-06 06:19:41,569 [main] INFO  http.HttpServer2 (HttpServer2.java:addFilter(958)) - Added filter static_user_filter (class=org.apache.hadoop.http.lib.StaticUserWebFilter$StaticUserFilter) to context logs
2019-10-06 06:19:41,569 [main] INFO  http.HttpServer2 (HttpServer2.java:addFilter(958)) - Added filter static_user_filter (class=org.apache.hadoop.http.lib.StaticUserWebFilter$StaticUserFilter) to context static
2019-10-06 06:19:41,572 [main] INFO  server.StorageContainerManager (StorageContainerManager.java:start(770)) - StorageContainerLocationProtocol RPC server is listening at /0.0.0.0:36682
2019-10-06 06:19:41,574 [main] WARN  impl.MetricsConfig (MetricsConfig.java:loadFirst(134)) - Cannot locate configuration: tried hadoop-metrics2-storagecontainermanager.properties,hadoop-metrics2.properties
2019-10-06 06:19:41,575 [main] INFO  impl.MetricsSystemImpl (MetricsSystemImpl.java:startTimer(374)) - Scheduled Metric snapshot period at 10 second(s).
2019-10-06 06:19:41,575 [main] INFO  impl.MetricsSystemImpl (MetricsSystemImpl.java:start(191)) - StorageContainerManager metrics system started
2019-10-06 06:19:41,670 [main] WARN  impl.MetricsSystemImpl (MetricsSystemImpl.java:register(276)) - Sink prometheus already exists!
2019-10-06 06:19:41,736 [main] INFO  server.SCMClientProtocolServer (SCMClientProtocolServer.java:start(159)) - RPC server for Client  is listening at /0.0.0.0:36682
2019-10-06 06:19:41,737 [IPC Server Responder] INFO  ipc.Server (Server.java:run(1314)) - IPC Server Responder: starting
2019-10-06 06:19:41,737 [IPC Server listener on 36682] INFO  ipc.Server (Server.java:run(1153)) - IPC Server listener on 36682: starting
2019-10-06 06:19:41,741 [main] INFO  server.StorageContainerManager (StorageContainerManager.java:start(780)) - ScmBlockLocationProtocol RPC server is listening at /0.0.0.0:44012
2019-10-06 06:19:41,741 [main] INFO  server.SCMBlockProtocolServer (SCMBlockProtocolServer.java:start(146)) - RPC server for Block Protocol is listening at /0.0.0.0:44012
2019-10-06 06:19:41,742 [IPC Server Responder] INFO  ipc.Server (Server.java:run(1314)) - IPC Server Responder: starting
2019-10-06 06:19:41,742 [IPC Server listener on 44012] INFO  ipc.Server (Server.java:run(1153)) - IPC Server listener on 44012: starting
2019-10-06 06:19:41,747 [main] INFO  server.StorageContainerManager (StorageContainerManager.java:start(784)) - ScmDatanodeProtocl RPC server is listening at /0.0.0.0:39859
2019-10-06 06:19:41,747 [main] INFO  server.SCMDatanodeProtocolServer (SCMDatanodeProtocolServer.java:start(169)) - RPC server for DataNodes is listening at /0.0.0.0:39859
2019-10-06 06:19:41,747 [IPC Server Responder] INFO  ipc.Server (Server.java:run(1314)) - IPC Server Responder: starting
2019-10-06 06:19:41,747 [IPC Server listener on 39859] INFO  ipc.Server (Server.java:run(1153)) - IPC Server listener on 39859: starting
2019-10-06 06:19:41,752 [main] INFO  http.HttpServer2 (HttpServer2.java:bindListener(1191)) - Jetty bound to port 41553
2019-10-06 06:19:41,752 [main] INFO  server.Server (Server.java:doStart(351)) - jetty-9.3.25.v20180904, build timestamp: 2018-09-04T21:11:46Z, git hash: 3ce520221d0240229c862b122d2b06c12a625732
2019-10-06 06:19:41,753 [main] INFO  handler.ContextHandler (ContextHandler.java:doStart(781)) - Started o.e.j.s.ServletContextHandler@740b9a50{/logs,file:///workdir/hadoop-ozone/integration-test/target/log,AVAILABLE}
2019-10-06 06:19:41,754 [main] INFO  handler.ContextHandler (ContextHandler.java:doStart(781)) - Started o.e.j.s.ServletContextHandler@5111de7c{/static,file:///workdir/hadoop-ozone/integration-test/target/test-classes/webapps/static,AVAILABLE}
2019-10-06 06:19:44,442 [main] INFO  handler.ContextHandler (ContextHandler.java:doStart(781)) - Started o.e.j.w.WebAppContext@5b48f0f4{/,file:///workdir/hadoop-ozone/integration-test/target/test-classes/webapps/scm/,AVAILABLE}{/scm}
2019-10-06 06:19:44,443 [main] INFO  server.AbstractConnector (AbstractConnector.java:doStart(278)) - Started ServerConnector@546ed2a0{HTTP/1.1,[http/1.1]}{0.0.0.0:41553}
2019-10-06 06:19:44,445 [main] INFO  server.Server (Server.java:doStart(419)) - Started @597323ms
2019-10-06 06:19:44,445 [main] WARN  impl.MetricsSystemImpl (MetricsSystemImpl.java:register(276)) - Sink prometheus already exists!
2019-10-06 06:19:44,446 [main] INFO  server.BaseHttpServer (BaseHttpServer.java:updateConnectorAddress(215)) - HTTP server of SCM is listening at http://0.0.0.0:41553
2019-10-06 06:19:44,449 [main] WARN  server.ServerUtils (ServerUtils.java:getDBPath(222)) - ozone.om.db.dirs is not configured. We recommend adding this setting. Falling back to ozone.metadata.dirs instead.
2019-10-06 06:19:44,449 [org.apache.hadoop.util.JvmPauseMonitor$Monitor@27ec8754] INFO  util.JvmPauseMonitor (JvmPauseMonitor.java:run(188)) - Starting JVM pause monitor
2019-10-06 06:19:44,802 [main] INFO  ha.OMHANodeDetails (OMHANodeDetails.java:loadOMHAConfig(190)) - Configuration either no ozone.om.address set. Falling back to the default OM address /127.0.0.1:0
2019-10-06 06:19:44,802 [main] INFO  ha.OMHANodeDetails (OMHANodeDetails.java:getOMNodeDetails(220)) - OM Service ID is not set. Setting it to the default ID: omServiceIdDefault
2019-10-06 06:19:44,803 [main] WARN  server.ServerUtils (ServerUtils.java:getDBPath(222)) - ozone.om.db.dirs is not configured. We recommend adding this setting. Falling back to ozone.metadata.dirs instead.
2019-10-06 06:19:44,804 [main] WARN  server.ServerUtils (ServerUtils.java:getDBPath(222)) - ozone.om.db.dirs is not configured. We recommend adding this setting. Falling back to ozone.metadata.dirs instead.
2019-10-06 06:19:44,814 [main] WARN  server.ServerUtils (ServerUtils.java:getDBPath(222)) - ozone.om.db.dirs is not configured. We recommend adding this setting. Falling back to ozone.metadata.dirs instead.
2019-10-06 06:19:44,815 [main] INFO  db.DBStoreBuilder (DBStoreBuilder.java:addTable(117)) - using custom profile for table: userTable
2019-10-06 06:19:44,815 [main] INFO  db.DBStoreBuilder (DBStoreBuilder.java:processTables(168)) - Using default column profile:DBProfile.DISK for Table:userTable
2019-10-06 06:19:44,815 [main] INFO  db.DBStoreBuilder (DBStoreBuilder.java:addTable(117)) - using custom profile for table: volumeTable
2019-10-06 06:19:44,815 [main] INFO  db.DBStoreBuilder (DBStoreBuilder.java:processTables(168)) - Using default column profile:DBProfile.DISK for Table:volumeTable
2019-10-06 06:19:44,816 [main] INFO  db.DBStoreBuilder (DBStoreBuilder.java:addTable(117)) - using custom profile for table: bucketTable
2019-10-06 06:19:44,816 [main] INFO  db.DBStoreBuilder (DBStoreBuilder.java:processTables(168)) - Using default column profile:DBProfile.DISK for Table:bucketTable
2019-10-06 06:19:44,816 [main] INFO  db.DBStoreBuilder (DBStoreBuilder.java:addTable(117)) - using custom profile for table: keyTable
2019-10-06 06:19:44,816 [main] INFO  db.DBStoreBuilder (DBStoreBuilder.java:processTables(168)) - Using default column profile:DBProfile.DISK for Table:keyTable
2019-10-06 06:19:44,817 [main] INFO  db.DBStoreBuilder (DBStoreBuilder.java:addTable(117)) - using custom profile for table: deletedTable
2019-10-06 06:19:44,817 [main] INFO  db.DBStoreBuilder (DBStoreBuilder.java:processTables(168)) - Using default column profile:DBProfile.DISK for Table:deletedTable
2019-10-06 06:19:44,817 [main] INFO  db.DBStoreBuilder (DBStoreBuilder.java:addTable(117)) - using custom profile for table: openKeyTable
2019-10-06 06:19:44,817 [main] INFO  db.DBStoreBuilder (DBStoreBuilder.java:processTables(168)) - Using default column profile:DBProfile.DISK for Table:openKeyTable
2019-10-06 06:19:44,818 [main] INFO  db.DBStoreBuilder (DBStoreBuilder.java:addTable(117)) - using custom profile for table: s3Table
2019-10-06 06:19:44,818 [main] INFO  db.DBStoreBuilder (DBStoreBuilder.java:processTables(168)) - Using default column profile:DBProfile.DISK for Table:s3Table
2019-10-06 06:19:44,818 [main] INFO  db.DBStoreBuilder (DBStoreBuilder.java:addTable(117)) - using custom profile for table: multipartInfoTable
2019-10-06 06:19:44,818 [main] INFO  db.DBStoreBuilder (DBStoreBuilder.java:processTables(168)) - Using default column profile:DBProfile.DISK for Table:multipartInfoTable
2019-10-06 06:19:44,819 [main] INFO  db.DBStoreBuilder (DBStoreBuilder.java:addTable(117)) - using custom profile for table: dTokenTable
2019-10-06 06:19:44,819 [main] INFO  db.DBStoreBuilder (DBStoreBuilder.java:processTables(168)) - Using default column profile:DBProfile.DISK for Table:dTokenTable
2019-10-06 06:19:44,819 [main] INFO  db.DBStoreBuilder (DBStoreBuilder.java:addTable(117)) - using custom profile for table: s3SecretTable
2019-10-06 06:19:44,819 [main] INFO  db.DBStoreBuilder (DBStoreBuilder.java:processTables(168)) - Using default column profile:DBProfile.DISK for Table:s3SecretTable
2019-10-06 06:19:44,820 [main] INFO  db.DBStoreBuilder (DBStoreBuilder.java:addTable(117)) - using custom profile for table: prefixTable
2019-10-06 06:19:44,820 [main] INFO  db.DBStoreBuilder (DBStoreBuilder.java:processTables(168)) - Using default column profile:DBProfile.DISK for Table:prefixTable
2019-10-06 06:19:44,820 [main] INFO  db.DBStoreBuilder (DBStoreBuilder.java:addTable(117)) - using custom profile for table: default
2019-10-06 06:19:44,820 [main] INFO  db.DBStoreBuilder (DBStoreBuilder.java:processTables(174)) - Using default column profile:DBProfile.DISK for Table:default
2019-10-06 06:19:44,821 [main] INFO  db.DBStoreBuilder (DBStoreBuilder.java:getDbProfile(205)) - Using default options. DBProfile.DISK
2019-10-06 06:19:45,398 [main] INFO  ipc.CallQueueManager (CallQueueManager.java:<init>(84)) - Using callQueue: class java.util.concurrent.LinkedBlockingQueue, queueCapacity: 2000, scheduler: class org.apache.hadoop.ipc.DefaultRpcScheduler, ipcBackoff: false.
2019-10-06 06:19:45,399 [Socket Reader #1 for port 42244] INFO  ipc.Server (Server.java:run(1074)) - Starting Socket Reader #1 for port 42244
2019-10-06 06:19:45,415 [main] INFO  om.OzoneManager (OzoneManager.java:start(1069)) - OzoneManager RPC server is listening at localhost/127.0.0.1:42244
2019-10-06 06:19:45,415 [main] INFO  impl.MetricsSystemImpl (MetricsSystemImpl.java:init(158)) - OzoneManager metrics system started (again)
2019-10-06 06:19:45,416 [IPC Server Responder] INFO  ipc.Server (Server.java:run(1314)) - IPC Server Responder: starting
2019-10-06 06:19:45,418 [IPC Server listener on 42244] INFO  ipc.Server (Server.java:run(1153)) - IPC Server listener on 42244: starting
2019-10-06 06:19:45,423 [main] INFO  hdfs.DFSUtil (DFSUtil.java:httpServerTemplateForNNAndJN(1641)) - Starting Web-server for ozoneManager at: http://0.0.0.0:0
2019-10-06 06:19:45,425 [main] INFO  server.AuthenticationFilter (AuthenticationFilter.java:constructSecretProvider(240)) - Unable to initialize FileSignerSecretProvider, falling back to use random secrets.
2019-10-06 06:19:45,426 [main] WARN  http.HttpRequestLog (HttpRequestLog.java:getRequestLog(97)) - Jetty request log can only be enabled using Log4j
2019-10-06 06:19:45,428 [main] INFO  http.HttpServer2 (HttpServer2.java:addGlobalFilter(975)) - Added global filter 'safety' (class=org.apache.hadoop.http.HttpServer2$QuotingInputFilter)
2019-10-06 06:19:45,429 [main] INFO  http.HttpServer2 (HttpServer2.java:addFilter(948)) - Added filter static_user_filter (class=org.apache.hadoop.http.lib.StaticUserWebFilter$StaticUserFilter) to context ozoneManager
2019-10-06 06:19:45,429 [main] INFO  http.HttpServer2 (HttpServer2.java:addFilter(958)) - Added filter static_user_filter (class=org.apache.hadoop.http.lib.StaticUserWebFilter$StaticUserFilter) to context logs
2019-10-06 06:19:45,429 [main] INFO  http.HttpServer2 (HttpServer2.java:addFilter(958)) - Added filter static_user_filter (class=org.apache.hadoop.http.lib.StaticUserWebFilter$StaticUserFilter) to context static
2019-10-06 06:19:45,430 [main] INFO  http.HttpServer2 (HttpServer2.java:bindListener(1191)) - Jetty bound to port 40713
2019-10-06 06:19:45,430 [main] INFO  server.Server (Server.java:doStart(351)) - jetty-9.3.25.v20180904, build timestamp: 2018-09-04T21:11:46Z, git hash: 3ce520221d0240229c862b122d2b06c12a625732
2019-10-06 06:19:45,432 [main] INFO  handler.ContextHandler (ContextHandler.java:doStart(781)) - Started o.e.j.s.ServletContextHandler@451e2fa9{/logs,file:///workdir/hadoop-ozone/integration-test/target/log,AVAILABLE}
2019-10-06 06:19:45,433 [main] INFO  handler.ContextHandler (ContextHandler.java:doStart(781)) - Started o.e.j.s.ServletContextHandler@3cb6e0ee{/static,file:///workdir/hadoop-ozone/integration-test/target/test-classes/webapps/static,AVAILABLE}
2019-10-06 06:19:45,438 [main] INFO  handler.ContextHandler (ContextHandler.java:doStart(781)) - Started o.e.j.w.WebAppContext@4a1a412e{/,file:///workdir/hadoop-ozone/integration-test/target/test-classes/webapps/ozoneManager/,AVAILABLE}{/ozoneManager}
2019-10-06 06:19:45,438 [main] INFO  server.AbstractConnector (AbstractConnector.java:doStart(278)) - Started ServerConnector@c568f91{HTTP/1.1,[http/1.1]}{0.0.0.0:40713}
2019-10-06 06:19:45,439 [main] INFO  server.Server (Server.java:doStart(419)) - Started @598318ms
2019-10-06 06:19:45,440 [main] WARN  impl.MetricsSystemImpl (MetricsSystemImpl.java:register(276)) - Sink prometheus already exists!
2019-10-06 06:19:45,440 [main] INFO  server.BaseHttpServer (BaseHttpServer.java:updateConnectorAddress(215)) - HTTP server of OZONEMANAGER is listening at http://0.0.0.0:40713
2019-10-06 06:19:45,459 [main] INFO  impl.MetricsSystemImpl (MetricsSystemImpl.java:init(158)) - HddsDatanode metrics system started (again)
2019-10-06 06:19:45,463 [main] INFO  ozone.HddsDatanodeService (HddsDatanodeService.java:start(184)) - HddsDatanodeService host:trunk-nightly-20191006-mzxw6-951422410 ip:192.168.164.217
2019-10-06 06:19:45,470 [main] INFO  volume.HddsVolume (HddsVolume.java:<init>(176)) - Creating Volume: /workdir/hadoop-ozone/integration-test/target/test-dir/MiniOzoneClusterImpl-efd31f5e-5046-467b-a5e6-3c9a329b9d05/datanode-0/data/containers/hdds of  storage type : DISK and capacity : 1482555576320
2019-10-06 06:19:45,471 [main] INFO  volume.VolumeSet (VolumeSet.java:initializeVolumeSet(170)) - Added Volume : /workdir/hadoop-ozone/integration-test/target/test-dir/MiniOzoneClusterImpl-efd31f5e-5046-467b-a5e6-3c9a329b9d05/datanode-0/data/containers/hdds to VolumeSet
2019-10-06 06:19:45,471 [main] INFO  volume.ThrottledAsyncChecker (ThrottledAsyncChecker.java:schedule(139)) - Scheduling a check for org.apache.hadoop.ozone.container.common.volume.HddsVolume@a3cba3a
2019-10-06 06:19:45,471 [main] INFO  volume.HddsVolumeChecker (HddsVolumeChecker.java:checkAllVolumes(202)) - Scheduled health check for volume org.apache.hadoop.ozone.container.common.volume.HddsVolume@a3cba3a
2019-10-06 06:19:45,488 [main] INFO  impl.RaftServerProxy (ConfUtils.java:logGet(43)) - raft.rpc.type = GRPC (default)
2019-10-06 06:19:45,489 [main] INFO  grpc.GrpcFactory (GrpcFactory.java:checkPooledByteBufAllocatorUseCacheForAllThreads(45)) - PERFORMANCE WARNING: useCacheForAllThreads is true that may cause Netty to create a lot garbage objects and, as a result, trigger GC.
	It is recommended to disable useCacheForAllThreads by setting -Dorg.apache.ratis.thirdparty.io.netty.allocator.useCacheForAllThreads=false in command line.
2019-10-06 06:19:45,489 [main] INFO  grpc.GrpcConfigKeys$Server (ConfUtils.java:logGet(43)) - raft.grpc.server.port = 0 (default)
2019-10-06 06:19:45,489 [main] INFO  server.GrpcService (ConfUtils.java:logGet(43)) - raft.grpc.message.size.max = 33570816 (custom)
2019-10-06 06:19:45,490 [main] INFO  server.RaftServerConfigKeys (ConfUtils.java:logGet(43)) - raft.server.log.appender.buffer.byte-limit = 33554432 (custom)
2019-10-06 06:19:45,490 [main] INFO  server.GrpcService (ConfUtils.java:logGet(43)) - raft.grpc.flow.control.window = 1MB (=1048576) (default)
2019-10-06 06:19:45,490 [main] INFO  server.RaftServerConfigKeys (ConfUtils.java:logGet(43)) - raft.server.rpc.request.timeout = 3000ms (default)
2019-10-06 06:19:45,491 [main] INFO  server.RaftServerConfigKeys (ConfUtils.java:logGet(43)) - raft.server.storage.dir = [/workdir/hadoop-ozone/integration-test/target/test-dir/MiniOzoneClusterImpl-efd31f5e-5046-467b-a5e6-3c9a329b9d05/datanode-0/data/ratis] (custom)
2019-10-06 06:19:45,492 [main] INFO  hdfs.DFSUtil (DFSUtil.java:httpServerTemplateForNNAndJN(1641)) - Starting Web-server for hddsDatanode at: http://0.0.0.0:0
2019-10-06 06:19:45,493 [main] INFO  server.AuthenticationFilter (AuthenticationFilter.java:constructSecretProvider(240)) - Unable to initialize FileSignerSecretProvider, falling back to use random secrets.
2019-10-06 06:19:45,493 [main] WARN  http.HttpRequestLog (HttpRequestLog.java:getRequestLog(97)) - Jetty request log can only be enabled using Log4j
2019-10-06 06:19:45,495 [main] INFO  http.HttpServer2 (HttpServer2.java:addGlobalFilter(975)) - Added global filter 'safety' (class=org.apache.hadoop.http.HttpServer2$QuotingInputFilter)
2019-10-06 06:19:45,496 [main] INFO  http.HttpServer2 (HttpServer2.java:addFilter(948)) - Added filter static_user_filter (class=org.apache.hadoop.http.lib.StaticUserWebFilter$StaticUserFilter) to context hddsDatanode
2019-10-06 06:19:45,496 [main] INFO  http.HttpServer2 (HttpServer2.java:addFilter(958)) - Added filter static_user_filter (class=org.apache.hadoop.http.lib.StaticUserWebFilter$StaticUserFilter) to context static
2019-10-06 06:19:45,496 [main] INFO  http.HttpServer2 (HttpServer2.java:addFilter(958)) - Added filter static_user_filter (class=org.apache.hadoop.http.lib.StaticUserWebFilter$StaticUserFilter) to context logs
2019-10-06 06:19:45,497 [main] INFO  http.HttpServer2 (HttpServer2.java:bindListener(1191)) - Jetty bound to port 42743
2019-10-06 06:19:45,497 [main] INFO  server.Server (Server.java:doStart(351)) - jetty-9.3.25.v20180904, build timestamp: 2018-09-04T21:11:46Z, git hash: 3ce520221d0240229c862b122d2b06c12a625732
2019-10-06 06:19:45,499 [main] INFO  handler.ContextHandler (ContextHandler.java:doStart(781)) - Started o.e.j.s.ServletContextHandler@10817f46{/logs,file:///workdir/hadoop-ozone/integration-test/target/log,AVAILABLE}
2019-10-06 06:19:45,499 [main] INFO  handler.ContextHandler (ContextHandler.java:doStart(781)) - Started o.e.j.s.ServletContextHandler@4a22e4d7{/static,jar:file:/home/user/.m2/repository/org/apache/hadoop/hadoop-hdds-container-service/0.5.0-SNAPSHOT/hadoop-hdds-container-service-0.5.0-SNAPSHOT.jar!/webapps/static,AVAILABLE}
2019-10-06 06:19:45,530 [main] INFO  handler.ContextHandler (ContextHandler.java:doStart(781)) - Started o.e.j.w.WebAppContext@7ceb6c45{/,file:///tmp/jetty-0.0.0.0-42743-hddsDatanode-_-any-4282850656387008642.dir/webapp/,AVAILABLE}{/hddsDatanode}
2019-10-06 06:19:45,530 [main] INFO  server.AbstractConnector (AbstractConnector.java:doStart(278)) - Started ServerConnector@629075f4{HTTP/1.1,[http/1.1]}{0.0.0.0:42743}
2019-10-06 06:19:45,532 [main] INFO  server.Server (Server.java:doStart(419)) - Started @598409ms
2019-10-06 06:19:45,532 [main] WARN  impl.MetricsSystemImpl (MetricsSystemImpl.java:register(276)) - Sink prometheus already exists!
2019-10-06 06:19:45,534 [main] INFO  server.BaseHttpServer (BaseHttpServer.java:updateConnectorAddress(215)) - HTTP server of HDDSDATANODE is listening at http://0.0.0.0:42743
2019-10-06 06:19:45,534 [main] INFO  impl.MetricsSystemImpl (MetricsSystemImpl.java:init(158)) - HddsDatanode metrics system started (again)
2019-10-06 06:19:45,539 [main] INFO  ozone.HddsDatanodeService (HddsDatanodeService.java:start(184)) - HddsDatanodeService host:trunk-nightly-20191006-mzxw6-951422410 ip:192.168.164.217
2019-10-06 06:19:45,539 [org.apache.hadoop.util.JvmPauseMonitor$Monitor@214aad47] INFO  util.JvmPauseMonitor (JvmPauseMonitor.java:run(188)) - Starting JVM pause monitor
2019-10-06 06:19:45,540 [Datanode State Machine Thread - 0] INFO  datanode.InitDatanodeState (InitDatanodeState.java:persistContainerDatanodeDetails(140)) - DatanodeDetails is persisted to /workdir/hadoop-ozone/integration-test/target/test-dir/MiniOzoneClusterImpl-efd31f5e-5046-467b-a5e6-3c9a329b9d05/datanode-0/meta/datanode.id
2019-10-06 06:19:45,544 [main] INFO  volume.HddsVolume (HddsVolume.java:<init>(176)) - Creating Volume: /workdir/hadoop-ozone/integration-test/target/test-dir/MiniOzoneClusterImpl-efd31f5e-5046-467b-a5e6-3c9a329b9d05/datanode-1/data/containers/hdds of  storage type : DISK and capacity : 1482555576320
2019-10-06 06:19:45,544 [main] INFO  volume.VolumeSet (VolumeSet.java:initializeVolumeSet(170)) - Added Volume : /workdir/hadoop-ozone/integration-test/target/test-dir/MiniOzoneClusterImpl-efd31f5e-5046-467b-a5e6-3c9a329b9d05/datanode-1/data/containers/hdds to VolumeSet
2019-10-06 06:19:45,544 [main] INFO  volume.ThrottledAsyncChecker (ThrottledAsyncChecker.java:schedule(139)) - Scheduling a check for org.apache.hadoop.ozone.container.common.volume.HddsVolume@2c9fdb64
2019-10-06 06:19:45,545 [main] INFO  volume.HddsVolumeChecker (HddsVolumeChecker.java:checkAllVolumes(202)) - Scheduled health check for volume org.apache.hadoop.ozone.container.common.volume.HddsVolume@2c9fdb64
2019-10-06 06:19:45,557 [main] INFO  impl.RaftServerProxy (ConfUtils.java:logGet(43)) - raft.rpc.type = GRPC (default)
2019-10-06 06:19:45,557 [main] INFO  grpc.GrpcFactory (GrpcFactory.java:checkPooledByteBufAllocatorUseCacheForAllThreads(45)) - PERFORMANCE WARNING: useCacheForAllThreads is true that may cause Netty to create a lot garbage objects and, as a result, trigger GC.
	It is recommended to disable useCacheForAllThreads by setting -Dorg.apache.ratis.thirdparty.io.netty.allocator.useCacheForAllThreads=false in command line.
2019-10-06 06:19:45,557 [main] INFO  grpc.GrpcConfigKeys$Server (ConfUtils.java:logGet(43)) - raft.grpc.server.port = 0 (default)
2019-10-06 06:19:45,557 [main] INFO  server.GrpcService (ConfUtils.java:logGet(43)) - raft.grpc.message.size.max = 33570816 (custom)
2019-10-06 06:19:45,557 [main] INFO  server.RaftServerConfigKeys (ConfUtils.java:logGet(43)) - raft.server.log.appender.buffer.byte-limit = 33554432 (custom)
2019-10-06 06:19:45,557 [main] INFO  server.GrpcService (ConfUtils.java:logGet(43)) - raft.grpc.flow.control.window = 1MB (=1048576) (default)
2019-10-06 06:19:45,558 [main] INFO  server.RaftServerConfigKeys (ConfUtils.java:logGet(43)) - raft.server.rpc.request.timeout = 3000ms (default)
2019-10-06 06:19:45,558 [main] INFO  server.RaftServerConfigKeys (ConfUtils.java:logGet(43)) - raft.server.storage.dir = [/workdir/hadoop-ozone/integration-test/target/test-dir/MiniOzoneClusterImpl-efd31f5e-5046-467b-a5e6-3c9a329b9d05/datanode-1/data/ratis] (custom)
2019-10-06 06:19:45,559 [main] INFO  hdfs.DFSUtil (DFSUtil.java:httpServerTemplateForNNAndJN(1641)) - Starting Web-server for hddsDatanode at: http://0.0.0.0:0
2019-10-06 06:19:45,560 [main] INFO  server.AuthenticationFilter (AuthenticationFilter.java:constructSecretProvider(240)) - Unable to initialize FileSignerSecretProvider, falling back to use random secrets.
2019-10-06 06:19:45,561 [main] WARN  http.HttpRequestLog (HttpRequestLog.java:getRequestLog(97)) - Jetty request log can only be enabled using Log4j
2019-10-06 06:19:45,562 [main] INFO  http.HttpServer2 (HttpServer2.java:addGlobalFilter(975)) - Added global filter 'safety' (class=org.apache.hadoop.http.HttpServer2$QuotingInputFilter)
2019-10-06 06:19:45,562 [main] INFO  http.HttpServer2 (HttpServer2.java:addFilter(948)) - Added filter static_user_filter (class=org.apache.hadoop.http.lib.StaticUserWebFilter$StaticUserFilter) to context hddsDatanode
2019-10-06 06:19:45,562 [main] INFO  http.HttpServer2 (HttpServer2.java:addFilter(958)) - Added filter static_user_filter (class=org.apache.hadoop.http.lib.StaticUserWebFilter$StaticUserFilter) to context static
2019-10-06 06:19:45,563 [main] INFO  http.HttpServer2 (HttpServer2.java:addFilter(958)) - Added filter static_user_filter (class=org.apache.hadoop.http.lib.StaticUserWebFilter$StaticUserFilter) to context logs
2019-10-06 06:19:45,563 [main] INFO  http.HttpServer2 (HttpServer2.java:bindListener(1191)) - Jetty bound to port 37099
2019-10-06 06:19:45,563 [main] INFO  server.Server (Server.java:doStart(351)) - jetty-9.3.25.v20180904, build timestamp: 2018-09-04T21:11:46Z, git hash: 3ce520221d0240229c862b122d2b06c12a625732
2019-10-06 06:19:45,565 [main] INFO  handler.ContextHandler (ContextHandler.java:doStart(781)) - Started o.e.j.s.ServletContextHandler@3e43f049{/logs,file:///workdir/hadoop-ozone/integration-test/target/log,AVAILABLE}
2019-10-06 06:19:45,566 [main] INFO  handler.ContextHandler (ContextHandler.java:doStart(781)) - Started o.e.j.s.ServletContextHandler@755a7218{/static,jar:file:/home/user/.m2/repository/org/apache/hadoop/hadoop-hdds-container-service/0.5.0-SNAPSHOT/hadoop-hdds-container-service-0.5.0-SNAPSHOT.jar!/webapps/static,AVAILABLE}
2019-10-06 06:19:45,594 [main] INFO  handler.ContextHandler (ContextHandler.java:doStart(781)) - Started o.e.j.w.WebAppContext@78116659{/,file:///tmp/jetty-0.0.0.0-37099-hddsDatanode-_-any-654897747447411568.dir/webapp/,AVAILABLE}{/hddsDatanode}
2019-10-06 06:19:45,594 [main] INFO  server.AbstractConnector (AbstractConnector.java:doStart(278)) - Started ServerConnector@712e787e{HTTP/1.1,[http/1.1]}{0.0.0.0:37099}
2019-10-06 06:19:45,596 [main] INFO  server.Server (Server.java:doStart(419)) - Started @598474ms
2019-10-06 06:19:45,596 [main] WARN  impl.MetricsSystemImpl (MetricsSystemImpl.java:register(276)) - Sink prometheus already exists!
2019-10-06 06:19:45,596 [main] INFO  server.BaseHttpServer (BaseHttpServer.java:updateConnectorAddress(215)) - HTTP server of HDDSDATANODE is listening at http://0.0.0.0:37099
2019-10-06 06:19:45,596 [main] INFO  impl.MetricsSystemImpl (MetricsSystemImpl.java:init(158)) - HddsDatanode metrics system started (again)
2019-10-06 06:19:45,600 [org.apache.hadoop.util.JvmPauseMonitor$Monitor@2de3cef] INFO  util.JvmPauseMonitor (JvmPauseMonitor.java:run(188)) - Starting JVM pause monitor
2019-10-06 06:19:45,601 [main] INFO  ozone.HddsDatanodeService (HddsDatanodeService.java:start(184)) - HddsDatanodeService host:trunk-nightly-20191006-mzxw6-951422410 ip:192.168.164.217
2019-10-06 06:19:45,602 [Datanode State Machine Thread - 0] INFO  datanode.InitDatanodeState (InitDatanodeState.java:persistContainerDatanodeDetails(140)) - DatanodeDetails is persisted to /workdir/hadoop-ozone/integration-test/target/test-dir/MiniOzoneClusterImpl-efd31f5e-5046-467b-a5e6-3c9a329b9d05/datanode-1/meta/datanode.id
2019-10-06 06:19:45,606 [main] INFO  volume.HddsVolume (HddsVolume.java:<init>(176)) - Creating Volume: /workdir/hadoop-ozone/integration-test/target/test-dir/MiniOzoneClusterImpl-efd31f5e-5046-467b-a5e6-3c9a329b9d05/datanode-2/data/containers/hdds of  storage type : DISK and capacity : 1482555576320
2019-10-06 06:19:45,606 [main] INFO  volume.VolumeSet (VolumeSet.java:initializeVolumeSet(170)) - Added Volume : /workdir/hadoop-ozone/integration-test/target/test-dir/MiniOzoneClusterImpl-efd31f5e-5046-467b-a5e6-3c9a329b9d05/datanode-2/data/containers/hdds to VolumeSet
2019-10-06 06:19:45,607 [main] INFO  volume.ThrottledAsyncChecker (ThrottledAsyncChecker.java:schedule(139)) - Scheduling a check for org.apache.hadoop.ozone.container.common.volume.HddsVolume@11c581a0
2019-10-06 06:19:45,607 [main] INFO  volume.HddsVolumeChecker (HddsVolumeChecker.java:checkAllVolumes(202)) - Scheduled health check for volume org.apache.hadoop.ozone.container.common.volume.HddsVolume@11c581a0
2019-10-06 06:19:45,619 [main] INFO  impl.RaftServerProxy (ConfUtils.java:logGet(43)) - raft.rpc.type = GRPC (default)
2019-10-06 06:19:45,619 [main] INFO  grpc.GrpcFactory (GrpcFactory.java:checkPooledByteBufAllocatorUseCacheForAllThreads(45)) - PERFORMANCE WARNING: useCacheForAllThreads is true that may cause Netty to create a lot garbage objects and, as a result, trigger GC.
	It is recommended to disable useCacheForAllThreads by setting -Dorg.apache.ratis.thirdparty.io.netty.allocator.useCacheForAllThreads=false in command line.
2019-10-06 06:19:45,620 [main] INFO  grpc.GrpcConfigKeys$Server (ConfUtils.java:logGet(43)) - raft.grpc.server.port = 0 (default)
2019-10-06 06:19:45,620 [main] INFO  server.GrpcService (ConfUtils.java:logGet(43)) - raft.grpc.message.size.max = 33570816 (custom)
2019-10-06 06:19:45,620 [main] INFO  server.RaftServerConfigKeys (ConfUtils.java:logGet(43)) - raft.server.log.appender.buffer.byte-limit = 33554432 (custom)
2019-10-06 06:19:45,620 [main] INFO  server.GrpcService (ConfUtils.java:logGet(43)) - raft.grpc.flow.control.window = 1MB (=1048576) (default)
2019-10-06 06:19:45,620 [main] INFO  server.RaftServerConfigKeys (ConfUtils.java:logGet(43)) - raft.server.rpc.request.timeout = 3000ms (default)
2019-10-06 06:19:45,621 [main] INFO  server.RaftServerConfigKeys (ConfUtils.java:logGet(43)) - raft.server.storage.dir = [/workdir/hadoop-ozone/integration-test/target/test-dir/MiniOzoneClusterImpl-efd31f5e-5046-467b-a5e6-3c9a329b9d05/datanode-2/data/ratis] (custom)
2019-10-06 06:19:45,622 [main] INFO  hdfs.DFSUtil (DFSUtil.java:httpServerTemplateForNNAndJN(1641)) - Starting Web-server for hddsDatanode at: http://0.0.0.0:0
2019-10-06 06:19:45,623 [main] INFO  server.AuthenticationFilter (AuthenticationFilter.java:constructSecretProvider(240)) - Unable to initialize FileSignerSecretProvider, falling back to use random secrets.
2019-10-06 06:19:45,623 [main] WARN  http.HttpRequestLog (HttpRequestLog.java:getRequestLog(97)) - Jetty request log can only be enabled using Log4j
2019-10-06 06:19:45,624 [main] INFO  http.HttpServer2 (HttpServer2.java:addGlobalFilter(975)) - Added global filter 'safety' (class=org.apache.hadoop.http.HttpServer2$QuotingInputFilter)
2019-10-06 06:19:45,625 [main] INFO  http.HttpServer2 (HttpServer2.java:addFilter(948)) - Added filter static_user_filter (class=org.apache.hadoop.http.lib.StaticUserWebFilter$StaticUserFilter) to context hddsDatanode
2019-10-06 06:19:45,625 [main] INFO  http.HttpServer2 (HttpServer2.java:addFilter(958)) - Added filter static_user_filter (class=org.apache.hadoop.http.lib.StaticUserWebFilter$StaticUserFilter) to context static
2019-10-06 06:19:45,625 [main] INFO  http.HttpServer2 (HttpServer2.java:addFilter(958)) - Added filter static_user_filter (class=org.apache.hadoop.http.lib.StaticUserWebFilter$StaticUserFilter) to context logs
2019-10-06 06:19:45,626 [main] INFO  http.HttpServer2 (HttpServer2.java:bindListener(1191)) - Jetty bound to port 34091
2019-10-06 06:19:45,626 [main] INFO  server.Server (Server.java:doStart(351)) - jetty-9.3.25.v20180904, build timestamp: 2018-09-04T21:11:46Z, git hash: 3ce520221d0240229c862b122d2b06c12a625732
2019-10-06 06:19:45,627 [main] INFO  handler.ContextHandler (ContextHandler.java:doStart(781)) - Started o.e.j.s.ServletContextHandler@7f0766ef{/logs,file:///workdir/hadoop-ozone/integration-test/target/log,AVAILABLE}
2019-10-06 06:19:45,627 [main] INFO  handler.ContextHandler (ContextHandler.java:doStart(781)) - Started o.e.j.s.ServletContextHandler@6f3bd37f{/static,jar:file:/home/user/.m2/repository/org/apache/hadoop/hadoop-hdds-container-service/0.5.0-SNAPSHOT/hadoop-hdds-container-service-0.5.0-SNAPSHOT.jar!/webapps/static,AVAILABLE}
2019-10-06 06:19:45,655 [main] INFO  handler.ContextHandler (ContextHandler.java:doStart(781)) - Started o.e.j.w.WebAppContext@7dbae40{/,file:///tmp/jetty-0.0.0.0-34091-hddsDatanode-_-any-2772911578872632400.dir/webapp/,AVAILABLE}{/hddsDatanode}
2019-10-06 06:19:45,655 [main] INFO  server.AbstractConnector (AbstractConnector.java:doStart(278)) - Started ServerConnector@34f7b44f{HTTP/1.1,[http/1.1]}{0.0.0.0:34091}
2019-10-06 06:19:45,656 [main] INFO  server.Server (Server.java:doStart(419)) - Started @598535ms
2019-10-06 06:19:45,656 [main] WARN  impl.MetricsSystemImpl (MetricsSystemImpl.java:register(276)) - Sink prometheus already exists!
2019-10-06 06:19:45,657 [main] INFO  server.BaseHttpServer (BaseHttpServer.java:updateConnectorAddress(215)) - HTTP server of HDDSDATANODE is listening at http://0.0.0.0:34091
2019-10-06 06:19:45,657 [main] INFO  impl.MetricsSystemImpl (MetricsSystemImpl.java:init(158)) - HddsDatanode metrics system started (again)
2019-10-06 06:19:45,661 [org.apache.hadoop.util.JvmPauseMonitor$Monitor@4d808754] INFO  util.JvmPauseMonitor (JvmPauseMonitor.java:run(188)) - Starting JVM pause monitor
2019-10-06 06:19:45,662 [main] INFO  ozone.HddsDatanodeService (HddsDatanodeService.java:start(184)) - HddsDatanodeService host:trunk-nightly-20191006-mzxw6-951422410 ip:192.168.164.217
2019-10-06 06:19:45,663 [Datanode State Machine Thread - 0] INFO  datanode.InitDatanodeState (InitDatanodeState.java:persistContainerDatanodeDetails(140)) - DatanodeDetails is persisted to /workdir/hadoop-ozone/integration-test/target/test-dir/MiniOzoneClusterImpl-efd31f5e-5046-467b-a5e6-3c9a329b9d05/datanode-2/meta/datanode.id
2019-10-06 06:19:45,667 [main] INFO  volume.HddsVolume (HddsVolume.java:<init>(176)) - Creating Volume: /workdir/hadoop-ozone/integration-test/target/test-dir/MiniOzoneClusterImpl-efd31f5e-5046-467b-a5e6-3c9a329b9d05/datanode-3/data/containers/hdds of  storage type : DISK and capacity : 1482555576320
2019-10-06 06:19:45,667 [main] INFO  volume.VolumeSet (VolumeSet.java:initializeVolumeSet(170)) - Added Volume : /workdir/hadoop-ozone/integration-test/target/test-dir/MiniOzoneClusterImpl-efd31f5e-5046-467b-a5e6-3c9a329b9d05/datanode-3/data/containers/hdds to VolumeSet
2019-10-06 06:19:45,668 [main] INFO  volume.ThrottledAsyncChecker (ThrottledAsyncChecker.java:schedule(139)) - Scheduling a check for org.apache.hadoop.ozone.container.common.volume.HddsVolume@66713605
2019-10-06 06:19:45,668 [main] INFO  volume.HddsVolumeChecker (HddsVolumeChecker.java:checkAllVolumes(202)) - Scheduled health check for volume org.apache.hadoop.ozone.container.common.volume.HddsVolume@66713605
2019-10-06 06:19:45,680 [main] INFO  impl.RaftServerProxy (ConfUtils.java:logGet(43)) - raft.rpc.type = GRPC (default)
2019-10-06 06:19:45,680 [main] INFO  grpc.GrpcFactory (GrpcFactory.java:checkPooledByteBufAllocatorUseCacheForAllThreads(45)) - PERFORMANCE WARNING: useCacheForAllThreads is true that may cause Netty to create a lot garbage objects and, as a result, trigger GC.
	It is recommended to disable useCacheForAllThreads by setting -Dorg.apache.ratis.thirdparty.io.netty.allocator.useCacheForAllThreads=false in command line.
2019-10-06 06:19:45,681 [main] INFO  grpc.GrpcConfigKeys$Server (ConfUtils.java:logGet(43)) - raft.grpc.server.port = 0 (default)
2019-10-06 06:19:45,681 [main] INFO  server.GrpcService (ConfUtils.java:logGet(43)) - raft.grpc.message.size.max = 33570816 (custom)
2019-10-06 06:19:45,681 [main] INFO  server.RaftServerConfigKeys (ConfUtils.java:logGet(43)) - raft.server.log.appender.buffer.byte-limit = 33554432 (custom)
2019-10-06 06:19:45,681 [main] INFO  server.GrpcService (ConfUtils.java:logGet(43)) - raft.grpc.flow.control.window = 1MB (=1048576) (default)
2019-10-06 06:19:45,681 [main] INFO  server.RaftServerConfigKeys (ConfUtils.java:logGet(43)) - raft.server.rpc.request.timeout = 3000ms (default)
2019-10-06 06:19:45,682 [main] INFO  server.RaftServerConfigKeys (ConfUtils.java:logGet(43)) - raft.server.storage.dir = [/workdir/hadoop-ozone/integration-test/target/test-dir/MiniOzoneClusterImpl-efd31f5e-5046-467b-a5e6-3c9a329b9d05/datanode-3/data/ratis] (custom)
2019-10-06 06:19:45,683 [main] INFO  hdfs.DFSUtil (DFSUtil.java:httpServerTemplateForNNAndJN(1641)) - Starting Web-server for hddsDatanode at: http://0.0.0.0:0
2019-10-06 06:19:45,684 [main] INFO  server.AuthenticationFilter (AuthenticationFilter.java:constructSecretProvider(240)) - Unable to initialize FileSignerSecretProvider, falling back to use random secrets.
2019-10-06 06:19:45,684 [main] WARN  http.HttpRequestLog (HttpRequestLog.java:getRequestLog(97)) - Jetty request log can only be enabled using Log4j
2019-10-06 06:19:45,685 [main] INFO  http.HttpServer2 (HttpServer2.java:addGlobalFilter(975)) - Added global filter 'safety' (class=org.apache.hadoop.http.HttpServer2$QuotingInputFilter)
2019-10-06 06:19:45,686 [main] INFO  http.HttpServer2 (HttpServer2.java:addFilter(948)) - Added filter static_user_filter (class=org.apache.hadoop.http.lib.StaticUserWebFilter$StaticUserFilter) to context hddsDatanode
2019-10-06 06:19:45,686 [main] INFO  http.HttpServer2 (HttpServer2.java:addFilter(958)) - Added filter static_user_filter (class=org.apache.hadoop.http.lib.StaticUserWebFilter$StaticUserFilter) to context static
2019-10-06 06:19:45,686 [main] INFO  http.HttpServer2 (HttpServer2.java:addFilter(958)) - Added filter static_user_filter (class=org.apache.hadoop.http.lib.StaticUserWebFilter$StaticUserFilter) to context logs
2019-10-06 06:19:45,686 [main] INFO  http.HttpServer2 (HttpServer2.java:bindListener(1191)) - Jetty bound to port 36080
2019-10-06 06:19:45,687 [main] INFO  server.Server (Server.java:doStart(351)) - jetty-9.3.25.v20180904, build timestamp: 2018-09-04T21:11:46Z, git hash: 3ce520221d0240229c862b122d2b06c12a625732
2019-10-06 06:19:45,688 [main] INFO  handler.ContextHandler (ContextHandler.java:doStart(781)) - Started o.e.j.s.ServletContextHandler@53125718{/logs,file:///workdir/hadoop-ozone/integration-test/target/log,AVAILABLE}
2019-10-06 06:19:45,688 [main] INFO  handler.ContextHandler (ContextHandler.java:doStart(781)) - Started o.e.j.s.ServletContextHandler@7af327e3{/static,jar:file:/home/user/.m2/repository/org/apache/hadoop/hadoop-hdds-container-service/0.5.0-SNAPSHOT/hadoop-hdds-container-service-0.5.0-SNAPSHOT.jar!/webapps/static,AVAILABLE}
2019-10-06 06:19:45,716 [main] INFO  handler.ContextHandler (ContextHandler.java:doStart(781)) - Started o.e.j.w.WebAppContext@4f811029{/,file:///tmp/jetty-0.0.0.0-36080-hddsDatanode-_-any-6821831322621329642.dir/webapp/,AVAILABLE}{/hddsDatanode}
2019-10-06 06:19:45,717 [main] INFO  server.AbstractConnector (AbstractConnector.java:doStart(278)) - Started ServerConnector@7f2b584b{HTTP/1.1,[http/1.1]}{0.0.0.0:36080}
2019-10-06 06:19:45,718 [main] INFO  server.Server (Server.java:doStart(419)) - Started @598596ms
2019-10-06 06:19:45,718 [main] WARN  impl.MetricsSystemImpl (MetricsSystemImpl.java:register(276)) - Sink prometheus already exists!
2019-10-06 06:19:45,719 [main] INFO  server.BaseHttpServer (BaseHttpServer.java:updateConnectorAddress(215)) - HTTP server of HDDSDATANODE is listening at http://0.0.0.0:36080
2019-10-06 06:19:45,719 [main] INFO  impl.MetricsSystemImpl (MetricsSystemImpl.java:init(158)) - HddsDatanode metrics system started (again)
2019-10-06 06:19:45,723 [org.apache.hadoop.util.JvmPauseMonitor$Monitor@240d2256] INFO  util.JvmPauseMonitor (JvmPauseMonitor.java:run(188)) - Starting JVM pause monitor
2019-10-06 06:19:45,724 [main] INFO  ozone.HddsDatanodeService (HddsDatanodeService.java:start(184)) - HddsDatanodeService host:trunk-nightly-20191006-mzxw6-951422410 ip:192.168.164.217
2019-10-06 06:19:45,724 [Datanode State Machine Thread - 0] INFO  datanode.InitDatanodeState (InitDatanodeState.java:persistContainerDatanodeDetails(140)) - DatanodeDetails is persisted to /workdir/hadoop-ozone/integration-test/target/test-dir/MiniOzoneClusterImpl-efd31f5e-5046-467b-a5e6-3c9a329b9d05/datanode-3/meta/datanode.id
2019-10-06 06:19:45,729 [main] INFO  volume.HddsVolume (HddsVolume.java:<init>(176)) - Creating Volume: /workdir/hadoop-ozone/integration-test/target/test-dir/MiniOzoneClusterImpl-efd31f5e-5046-467b-a5e6-3c9a329b9d05/datanode-4/data/containers/hdds of  storage type : DISK and capacity : 1482555576320
2019-10-06 06:19:45,729 [main] INFO  volume.VolumeSet (VolumeSet.java:initializeVolumeSet(170)) - Added Volume : /workdir/hadoop-ozone/integration-test/target/test-dir/MiniOzoneClusterImpl-efd31f5e-5046-467b-a5e6-3c9a329b9d05/datanode-4/data/containers/hdds to VolumeSet
2019-10-06 06:19:45,729 [main] INFO  volume.ThrottledAsyncChecker (ThrottledAsyncChecker.java:schedule(139)) - Scheduling a check for org.apache.hadoop.ozone.container.common.volume.HddsVolume@3bbb8c16
2019-10-06 06:19:45,730 [main] INFO  volume.HddsVolumeChecker (HddsVolumeChecker.java:checkAllVolumes(202)) - Scheduled health check for volume org.apache.hadoop.ozone.container.common.volume.HddsVolume@3bbb8c16
2019-10-06 06:19:45,742 [main] INFO  impl.RaftServerProxy (ConfUtils.java:logGet(43)) - raft.rpc.type = GRPC (default)
2019-10-06 06:19:45,742 [main] INFO  grpc.GrpcFactory (GrpcFactory.java:checkPooledByteBufAllocatorUseCacheForAllThreads(45)) - PERFORMANCE WARNING: useCacheForAllThreads is true that may cause Netty to create a lot garbage objects and, as a result, trigger GC.
	It is recommended to disable useCacheForAllThreads by setting -Dorg.apache.ratis.thirdparty.io.netty.allocator.useCacheForAllThreads=false in command line.
2019-10-06 06:19:45,742 [main] INFO  grpc.GrpcConfigKeys$Server (ConfUtils.java:logGet(43)) - raft.grpc.server.port = 0 (default)
2019-10-06 06:19:45,742 [main] INFO  server.GrpcService (ConfUtils.java:logGet(43)) - raft.grpc.message.size.max = 33570816 (custom)
2019-10-06 06:19:45,742 [main] INFO  server.RaftServerConfigKeys (ConfUtils.java:logGet(43)) - raft.server.log.appender.buffer.byte-limit = 33554432 (custom)
2019-10-06 06:19:45,742 [main] INFO  server.GrpcService (ConfUtils.java:logGet(43)) - raft.grpc.flow.control.window = 1MB (=1048576) (default)
2019-10-06 06:19:45,743 [main] INFO  server.RaftServerConfigKeys (ConfUtils.java:logGet(43)) - raft.server.rpc.request.timeout = 3000ms (default)
2019-10-06 06:19:45,743 [main] INFO  server.RaftServerConfigKeys (ConfUtils.java:logGet(43)) - raft.server.storage.dir = [/workdir/hadoop-ozone/integration-test/target/test-dir/MiniOzoneClusterImpl-efd31f5e-5046-467b-a5e6-3c9a329b9d05/datanode-4/data/ratis] (custom)
2019-10-06 06:19:45,744 [main] INFO  hdfs.DFSUtil (DFSUtil.java:httpServerTemplateForNNAndJN(1641)) - Starting Web-server for hddsDatanode at: http://0.0.0.0:0
2019-10-06 06:19:45,745 [main] INFO  server.AuthenticationFilter (AuthenticationFilter.java:constructSecretProvider(240)) - Unable to initialize FileSignerSecretProvider, falling back to use random secrets.
2019-10-06 06:19:45,745 [main] WARN  http.HttpRequestLog (HttpRequestLog.java:getRequestLog(97)) - Jetty request log can only be enabled using Log4j
2019-10-06 06:19:45,746 [main] INFO  http.HttpServer2 (HttpServer2.java:addGlobalFilter(975)) - Added global filter 'safety' (class=org.apache.hadoop.http.HttpServer2$QuotingInputFilter)
2019-10-06 06:19:45,747 [main] INFO  http.HttpServer2 (HttpServer2.java:addFilter(948)) - Added filter static_user_filter (class=org.apache.hadoop.http.lib.StaticUserWebFilter$StaticUserFilter) to context hddsDatanode
2019-10-06 06:19:45,747 [main] INFO  http.HttpServer2 (HttpServer2.java:addFilter(958)) - Added filter static_user_filter (class=org.apache.hadoop.http.lib.StaticUserWebFilter$StaticUserFilter) to context static
2019-10-06 06:19:45,747 [main] INFO  http.HttpServer2 (HttpServer2.java:addFilter(958)) - Added filter static_user_filter (class=org.apache.hadoop.http.lib.StaticUserWebFilter$StaticUserFilter) to context logs
2019-10-06 06:19:45,747 [main] INFO  http.HttpServer2 (HttpServer2.java:bindListener(1191)) - Jetty bound to port 41239
2019-10-06 06:19:45,748 [main] INFO  server.Server (Server.java:doStart(351)) - jetty-9.3.25.v20180904, build timestamp: 2018-09-04T21:11:46Z, git hash: 3ce520221d0240229c862b122d2b06c12a625732
2019-10-06 06:19:45,749 [main] INFO  handler.ContextHandler (ContextHandler.java:doStart(781)) - Started o.e.j.s.ServletContextHandler@4703c998{/logs,file:///workdir/hadoop-ozone/integration-test/target/log,AVAILABLE}
2019-10-06 06:19:45,749 [main] INFO  handler.ContextHandler (ContextHandler.java:doStart(781)) - Started o.e.j.s.ServletContextHandler@6d874695{/static,jar:file:/home/user/.m2/repository/org/apache/hadoop/hadoop-hdds-container-service/0.5.0-SNAPSHOT/hadoop-hdds-container-service-0.5.0-SNAPSHOT.jar!/webapps/static,AVAILABLE}
2019-10-06 06:19:45,777 [main] INFO  handler.ContextHandler (ContextHandler.java:doStart(781)) - Started o.e.j.w.WebAppContext@632cf7d3{/,file:///tmp/jetty-0.0.0.0-41239-hddsDatanode-_-any-8732713818761482859.dir/webapp/,AVAILABLE}{/hddsDatanode}
2019-10-06 06:19:45,777 [main] INFO  server.AbstractConnector (AbstractConnector.java:doStart(278)) - Started ServerConnector@51b87df7{HTTP/1.1,[http/1.1]}{0.0.0.0:41239}
2019-10-06 06:19:45,777 [main] INFO  server.Server (Server.java:doStart(419)) - Started @598655ms
2019-10-06 06:19:45,779 [main] WARN  impl.MetricsSystemImpl (MetricsSystemImpl.java:register(276)) - Sink prometheus already exists!
2019-10-06 06:19:45,780 [main] INFO  server.BaseHttpServer (BaseHttpServer.java:updateConnectorAddress(215)) - HTTP server of HDDSDATANODE is listening at http://0.0.0.0:41239
2019-10-06 06:19:45,780 [main] INFO  impl.MetricsSystemImpl (MetricsSystemImpl.java:init(158)) - HddsDatanode metrics system started (again)
2019-10-06 06:19:45,785 [org.apache.hadoop.util.JvmPauseMonitor$Monitor@6da6d02f] INFO  util.JvmPauseMonitor (JvmPauseMonitor.java:run(188)) - Starting JVM pause monitor
2019-10-06 06:19:45,786 [main] INFO  ozone.HddsDatanodeService (HddsDatanodeService.java:start(184)) - HddsDatanodeService host:trunk-nightly-20191006-mzxw6-951422410 ip:192.168.164.217
2019-10-06 06:19:45,787 [Datanode State Machine Thread - 0] INFO  datanode.InitDatanodeState (InitDatanodeState.java:persistContainerDatanodeDetails(140)) - DatanodeDetails is persisted to /workdir/hadoop-ozone/integration-test/target/test-dir/MiniOzoneClusterImpl-efd31f5e-5046-467b-a5e6-3c9a329b9d05/datanode-4/meta/datanode.id
2019-10-06 06:19:45,794 [main] INFO  volume.HddsVolume (HddsVolume.java:<init>(176)) - Creating Volume: /workdir/hadoop-ozone/integration-test/target/test-dir/MiniOzoneClusterImpl-efd31f5e-5046-467b-a5e6-3c9a329b9d05/datanode-5/data/containers/hdds of  storage type : DISK and capacity : 1482555576320
2019-10-06 06:19:45,794 [main] INFO  volume.VolumeSet (VolumeSet.java:initializeVolumeSet(170)) - Added Volume : /workdir/hadoop-ozone/integration-test/target/test-dir/MiniOzoneClusterImpl-efd31f5e-5046-467b-a5e6-3c9a329b9d05/datanode-5/data/containers/hdds to VolumeSet
2019-10-06 06:19:45,794 [main] INFO  volume.ThrottledAsyncChecker (ThrottledAsyncChecker.java:schedule(139)) - Scheduling a check for org.apache.hadoop.ozone.container.common.volume.HddsVolume@3b57dba4
2019-10-06 06:19:45,794 [main] INFO  volume.HddsVolumeChecker (HddsVolumeChecker.java:checkAllVolumes(202)) - Scheduled health check for volume org.apache.hadoop.ozone.container.common.volume.HddsVolume@3b57dba4
2019-10-06 06:19:45,810 [main] INFO  impl.RaftServerProxy (ConfUtils.java:logGet(43)) - raft.rpc.type = GRPC (default)
2019-10-06 06:19:45,810 [main] INFO  grpc.GrpcFactory (GrpcFactory.java:checkPooledByteBufAllocatorUseCacheForAllThreads(45)) - PERFORMANCE WARNING: useCacheForAllThreads is true that may cause Netty to create a lot garbage objects and, as a result, trigger GC.
	It is recommended to disable useCacheForAllThreads by setting -Dorg.apache.ratis.thirdparty.io.netty.allocator.useCacheForAllThreads=false in command line.
2019-10-06 06:19:45,810 [main] INFO  grpc.GrpcConfigKeys$Server (ConfUtils.java:logGet(43)) - raft.grpc.server.port = 0 (default)
2019-10-06 06:19:45,810 [main] INFO  server.GrpcService (ConfUtils.java:logGet(43)) - raft.grpc.message.size.max = 33570816 (custom)
2019-10-06 06:19:45,810 [main] INFO  server.RaftServerConfigKeys (ConfUtils.java:logGet(43)) - raft.server.log.appender.buffer.byte-limit = 33554432 (custom)
2019-10-06 06:19:45,811 [main] INFO  server.GrpcService (ConfUtils.java:logGet(43)) - raft.grpc.flow.control.window = 1MB (=1048576) (default)
2019-10-06 06:19:45,811 [main] INFO  server.RaftServerConfigKeys (ConfUtils.java:logGet(43)) - raft.server.rpc.request.timeout = 3000ms (default)
2019-10-06 06:19:45,811 [main] INFO  server.RaftServerConfigKeys (ConfUtils.java:logGet(43)) - raft.server.storage.dir = [/workdir/hadoop-ozone/integration-test/target/test-dir/MiniOzoneClusterImpl-efd31f5e-5046-467b-a5e6-3c9a329b9d05/datanode-5/data/ratis] (custom)
2019-10-06 06:19:45,812 [main] INFO  hdfs.DFSUtil (DFSUtil.java:httpServerTemplateForNNAndJN(1641)) - Starting Web-server for hddsDatanode at: http://0.0.0.0:0
2019-10-06 06:19:45,813 [main] INFO  server.AuthenticationFilter (AuthenticationFilter.java:constructSecretProvider(240)) - Unable to initialize FileSignerSecretProvider, falling back to use random secrets.
2019-10-06 06:19:45,814 [main] WARN  http.HttpRequestLog (HttpRequestLog.java:getRequestLog(97)) - Jetty request log can only be enabled using Log4j
2019-10-06 06:19:45,815 [main] INFO  http.HttpServer2 (HttpServer2.java:addGlobalFilter(975)) - Added global filter 'safety' (class=org.apache.hadoop.http.HttpServer2$QuotingInputFilter)
2019-10-06 06:19:45,815 [main] INFO  http.HttpServer2 (HttpServer2.java:addFilter(948)) - Added filter static_user_filter (class=org.apache.hadoop.http.lib.StaticUserWebFilter$StaticUserFilter) to context hddsDatanode
2019-10-06 06:19:45,816 [main] INFO  http.HttpServer2 (HttpServer2.java:addFilter(958)) - Added filter static_user_filter (class=org.apache.hadoop.http.lib.StaticUserWebFilter$StaticUserFilter) to context static
2019-10-06 06:19:45,816 [main] INFO  http.HttpServer2 (HttpServer2.java:addFilter(958)) - Added filter static_user_filter (class=org.apache.hadoop.http.lib.StaticUserWebFilter$StaticUserFilter) to context logs
2019-10-06 06:19:45,816 [main] INFO  http.HttpServer2 (HttpServer2.java:bindListener(1191)) - Jetty bound to port 43640
2019-10-06 06:19:45,816 [main] INFO  server.Server (Server.java:doStart(351)) - jetty-9.3.25.v20180904, build timestamp: 2018-09-04T21:11:46Z, git hash: 3ce520221d0240229c862b122d2b06c12a625732
2019-10-06 06:19:45,818 [main] INFO  handler.ContextHandler (ContextHandler.java:doStart(781)) - Started o.e.j.s.ServletContextHandler@38811103{/logs,file:///workdir/hadoop-ozone/integration-test/target/log,AVAILABLE}
2019-10-06 06:19:45,818 [main] INFO  handler.ContextHandler (ContextHandler.java:doStart(781)) - Started o.e.j.s.ServletContextHandler@2becfd4c{/static,jar:file:/home/user/.m2/repository/org/apache/hadoop/hadoop-hdds-container-service/0.5.0-SNAPSHOT/hadoop-hdds-container-service-0.5.0-SNAPSHOT.jar!/webapps/static,AVAILABLE}
2019-10-06 06:19:45,846 [main] INFO  handler.ContextHandler (ContextHandler.java:doStart(781)) - Started o.e.j.w.WebAppContext@4d69d288{/,file:///tmp/jetty-0.0.0.0-43640-hddsDatanode-_-any-4361813458097846217.dir/webapp/,AVAILABLE}{/hddsDatanode}
2019-10-06 06:19:45,847 [main] INFO  server.AbstractConnector (AbstractConnector.java:doStart(278)) - Started ServerConnector@437281c5{HTTP/1.1,[http/1.1]}{0.0.0.0:43640}
2019-10-06 06:19:45,849 [main] INFO  server.Server (Server.java:doStart(419)) - Started @598725ms
2019-10-06 06:19:45,849 [main] WARN  impl.MetricsSystemImpl (MetricsSystemImpl.java:register(276)) - Sink prometheus already exists!
2019-10-06 06:19:45,849 [main] INFO  server.BaseHttpServer (BaseHttpServer.java:updateConnectorAddress(215)) - HTTP server of HDDSDATANODE is listening at http://0.0.0.0:43640
2019-10-06 06:19:45,850 [main] INFO  impl.MetricsSystemImpl (MetricsSystemImpl.java:init(158)) - HddsDatanode metrics system started (again)
2019-10-06 06:19:45,855 [org.apache.hadoop.util.JvmPauseMonitor$Monitor@e607995] INFO  util.JvmPauseMonitor (JvmPauseMonitor.java:run(188)) - Starting JVM pause monitor
2019-10-06 06:19:45,856 [main] INFO  ozone.HddsDatanodeService (HddsDatanodeService.java:start(184)) - HddsDatanodeService host:trunk-nightly-20191006-mzxw6-951422410 ip:192.168.164.217
2019-10-06 06:19:45,857 [Datanode State Machine Thread - 0] INFO  datanode.InitDatanodeState (InitDatanodeState.java:persistContainerDatanodeDetails(140)) - DatanodeDetails is persisted to /workdir/hadoop-ozone/integration-test/target/test-dir/MiniOzoneClusterImpl-efd31f5e-5046-467b-a5e6-3c9a329b9d05/datanode-5/meta/datanode.id
2019-10-06 06:19:45,862 [main] INFO  volume.HddsVolume (HddsVolume.java:<init>(176)) - Creating Volume: /workdir/hadoop-ozone/integration-test/target/test-dir/MiniOzoneClusterImpl-efd31f5e-5046-467b-a5e6-3c9a329b9d05/datanode-6/data/containers/hdds of  storage type : DISK and capacity : 1482555576320
2019-10-06 06:19:45,863 [main] INFO  volume.VolumeSet (VolumeSet.java:initializeVolumeSet(170)) - Added Volume : /workdir/hadoop-ozone/integration-test/target/test-dir/MiniOzoneClusterImpl-efd31f5e-5046-467b-a5e6-3c9a329b9d05/datanode-6/data/containers/hdds to VolumeSet
2019-10-06 06:19:45,863 [main] INFO  volume.ThrottledAsyncChecker (ThrottledAsyncChecker.java:schedule(139)) - Scheduling a check for org.apache.hadoop.ozone.container.common.volume.HddsVolume@433ef204
2019-10-06 06:19:45,863 [main] INFO  volume.HddsVolumeChecker (HddsVolumeChecker.java:checkAllVolumes(202)) - Scheduled health check for volume org.apache.hadoop.ozone.container.common.volume.HddsVolume@433ef204
2019-10-06 06:19:45,876 [main] INFO  impl.RaftServerProxy (ConfUtils.java:logGet(43)) - raft.rpc.type = GRPC (default)
2019-10-06 06:19:45,876 [main] INFO  grpc.GrpcFactory (GrpcFactory.java:checkPooledByteBufAllocatorUseCacheForAllThreads(45)) - PERFORMANCE WARNING: useCacheForAllThreads is true that may cause Netty to create a lot garbage objects and, as a result, trigger GC.
	It is recommended to disable useCacheForAllThreads by setting -Dorg.apache.ratis.thirdparty.io.netty.allocator.useCacheForAllThreads=false in command line.
2019-10-06 06:19:45,876 [main] INFO  grpc.GrpcConfigKeys$Server (ConfUtils.java:logGet(43)) - raft.grpc.server.port = 0 (default)
2019-10-06 06:19:45,876 [main] INFO  server.GrpcService (ConfUtils.java:logGet(43)) - raft.grpc.message.size.max = 33570816 (custom)
2019-10-06 06:19:45,876 [main] INFO  server.RaftServerConfigKeys (ConfUtils.java:logGet(43)) - raft.server.log.appender.buffer.byte-limit = 33554432 (custom)
2019-10-06 06:19:45,876 [main] INFO  server.GrpcService (ConfUtils.java:logGet(43)) - raft.grpc.flow.control.window = 1MB (=1048576) (default)
2019-10-06 06:19:45,877 [main] INFO  server.RaftServerConfigKeys (ConfUtils.java:logGet(43)) - raft.server.rpc.request.timeout = 3000ms (default)
2019-10-06 06:19:45,877 [main] INFO  server.RaftServerConfigKeys (ConfUtils.java:logGet(43)) - raft.server.storage.dir = [/workdir/hadoop-ozone/integration-test/target/test-dir/MiniOzoneClusterImpl-efd31f5e-5046-467b-a5e6-3c9a329b9d05/datanode-6/data/ratis] (custom)
2019-10-06 06:19:45,878 [main] INFO  hdfs.DFSUtil (DFSUtil.java:httpServerTemplateForNNAndJN(1641)) - Starting Web-server for hddsDatanode at: http://0.0.0.0:0
2019-10-06 06:19:45,879 [main] INFO  server.AuthenticationFilter (AuthenticationFilter.java:constructSecretProvider(240)) - Unable to initialize FileSignerSecretProvider, falling back to use random secrets.
2019-10-06 06:19:45,879 [main] WARN  http.HttpRequestLog (HttpRequestLog.java:getRequestLog(97)) - Jetty request log can only be enabled using Log4j
2019-10-06 06:19:45,881 [main] INFO  http.HttpServer2 (HttpServer2.java:addGlobalFilter(975)) - Added global filter 'safety' (class=org.apache.hadoop.http.HttpServer2$QuotingInputFilter)
2019-10-06 06:19:45,881 [main] INFO  http.HttpServer2 (HttpServer2.java:addFilter(948)) - Added filter static_user_filter (class=org.apache.hadoop.http.lib.StaticUserWebFilter$StaticUserFilter) to context hddsDatanode
2019-10-06 06:19:45,881 [main] INFO  http.HttpServer2 (HttpServer2.java:addFilter(958)) - Added filter static_user_filter (class=org.apache.hadoop.http.lib.StaticUserWebFilter$StaticUserFilter) to context logs
2019-10-06 06:19:45,881 [main] INFO  http.HttpServer2 (HttpServer2.java:addFilter(958)) - Added filter static_user_filter (class=org.apache.hadoop.http.lib.StaticUserWebFilter$StaticUserFilter) to context static
2019-10-06 06:19:45,882 [main] INFO  http.HttpServer2 (HttpServer2.java:bindListener(1191)) - Jetty bound to port 45365
2019-10-06 06:19:45,882 [main] INFO  server.Server (Server.java:doStart(351)) - jetty-9.3.25.v20180904, build timestamp: 2018-09-04T21:11:46Z, git hash: 3ce520221d0240229c862b122d2b06c12a625732
2019-10-06 06:19:45,884 [main] INFO  handler.ContextHandler (ContextHandler.java:doStart(781)) - Started o.e.j.s.ServletContextHandler@5c1b89ac{/logs,file:///workdir/hadoop-ozone/integration-test/target/log,AVAILABLE}
2019-10-06 06:19:45,885 [main] INFO  handler.ContextHandler (ContextHandler.java:doStart(781)) - Started o.e.j.s.ServletContextHandler@175581eb{/static,jar:file:/home/user/.m2/repository/org/apache/hadoop/hadoop-hdds-container-service/0.5.0-SNAPSHOT/hadoop-hdds-container-service-0.5.0-SNAPSHOT.jar!/webapps/static,AVAILABLE}
2019-10-06 06:19:45,926 [main] INFO  handler.ContextHandler (ContextHandler.java:doStart(781)) - Started o.e.j.w.WebAppContext@407b8435{/,file:///tmp/jetty-0.0.0.0-45365-hddsDatanode-_-any-1106736786936807633.dir/webapp/,AVAILABLE}{/hddsDatanode}
2019-10-06 06:19:45,927 [main] INFO  server.AbstractConnector (AbstractConnector.java:doStart(278)) - Started ServerConnector@1282e98{HTTP/1.1,[http/1.1]}{0.0.0.0:45365}
2019-10-06 06:19:45,934 [main] INFO  server.Server (Server.java:doStart(419)) - Started @598813ms
2019-10-06 06:19:45,934 [main] WARN  impl.MetricsSystemImpl (MetricsSystemImpl.java:register(276)) - Sink prometheus already exists!
2019-10-06 06:19:45,935 [main] INFO  server.BaseHttpServer (BaseHttpServer.java:updateConnectorAddress(215)) - HTTP server of HDDSDATANODE is listening at http://0.0.0.0:45365
2019-10-06 06:19:45,935 [main] INFO  ozone.MiniOzoneClusterImpl (MiniOzoneClusterImpl.java:lambda$waitForClusterToBeReady$0(147)) - Waiting for cluster to be ready. Got 0 of 7 DN Heartbeats.
2019-10-06 06:19:45,937 [org.apache.hadoop.util.JvmPauseMonitor$Monitor@7ea9afb8] INFO  util.JvmPauseMonitor (JvmPauseMonitor.java:run(188)) - Starting JVM pause monitor
2019-10-06 06:19:45,938 [Datanode State Machine Thread - 0] INFO  datanode.InitDatanodeState (InitDatanodeState.java:persistContainerDatanodeDetails(140)) - DatanodeDetails is persisted to /workdir/hadoop-ozone/integration-test/target/test-dir/MiniOzoneClusterImpl-efd31f5e-5046-467b-a5e6-3c9a329b9d05/datanode-6/meta/datanode.id
2019-10-06 06:19:46,936 [main] INFO  ozone.MiniOzoneClusterImpl (MiniOzoneClusterImpl.java:lambda$waitForClusterToBeReady$0(147)) - Waiting for cluster to be ready. Got 0 of 7 DN Heartbeats.
2019-10-06 06:19:47,583 [Datanode State Machine Thread - 0] INFO  ozoneimpl.OzoneContainer (OzoneContainer.java:start(217)) - Attempting to start container services.
2019-10-06 06:19:47,583 [Datanode State Machine Thread - 0] INFO  ozoneimpl.OzoneContainer (OzoneContainer.java:startContainerScrub(179)) - Background container scanner has been disabled.
2019-10-06 06:19:47,584 [Datanode State Machine Thread - 0] INFO  ratis.XceiverServerRatis (XceiverServerRatis.java:start(417)) - Starting XceiverServerRatis da6e0ba0-5177-4cde-b4b7-39822dda109b at port 0
2019-10-06 06:19:47,591 [Datanode State Machine Thread - 0] INFO  impl.RaftServerProxy (RaftServerProxy.java:lambda$start$3(299)) - da6e0ba0-5177-4cde-b4b7-39822dda109b: start RPC server
2019-10-06 06:19:47,593 [Datanode State Machine Thread - 0] INFO  server.GrpcService (GrpcService.java:startImpl(158)) - da6e0ba0-5177-4cde-b4b7-39822dda109b: GrpcService started, listening on 0.0.0.0/0.0.0.0:38044
2019-10-06 06:19:47,593 [Datanode State Machine Thread - 0] INFO  ratis.XceiverServerRatis (XceiverServerRatis.java:start(427)) - XceiverServerRatis da6e0ba0-5177-4cde-b4b7-39822dda109b is started using port 38044
2019-10-06 06:19:47,593 [Datanode State Machine Thread - 0] INFO  server.XceiverServerGrpc (XceiverServerGrpc.java:start(149)) - XceiverServerGrpc da6e0ba0-5177-4cde-b4b7-39822dda109b is started using port 40510
2019-10-06 06:19:47,615 [Datanode State Machine Thread - 0] INFO  ozoneimpl.OzoneContainer (OzoneContainer.java:start(217)) - Attempting to start container services.
2019-10-06 06:19:47,616 [Datanode State Machine Thread - 0] INFO  ozoneimpl.OzoneContainer (OzoneContainer.java:startContainerScrub(179)) - Background container scanner has been disabled.
2019-10-06 06:19:47,616 [Datanode State Machine Thread - 0] INFO  ratis.XceiverServerRatis (XceiverServerRatis.java:start(417)) - Starting XceiverServerRatis 1d025d5d-4a97-4ef4-a1d1-848d8e540210 at port 0
2019-10-06 06:19:47,622 [Datanode State Machine Thread - 0] INFO  impl.RaftServerProxy (RaftServerProxy.java:lambda$start$3(299)) - 1d025d5d-4a97-4ef4-a1d1-848d8e540210: start RPC server
2019-10-06 06:19:47,623 [Datanode State Machine Thread - 0] INFO  server.GrpcService (GrpcService.java:startImpl(158)) - 1d025d5d-4a97-4ef4-a1d1-848d8e540210: GrpcService started, listening on 0.0.0.0/0.0.0.0:37171
2019-10-06 06:19:47,623 [Datanode State Machine Thread - 0] INFO  ratis.XceiverServerRatis (XceiverServerRatis.java:start(427)) - XceiverServerRatis 1d025d5d-4a97-4ef4-a1d1-848d8e540210 is started using port 37171
2019-10-06 06:19:47,623 [Datanode State Machine Thread - 0] INFO  server.XceiverServerGrpc (XceiverServerGrpc.java:start(149)) - XceiverServerGrpc 1d025d5d-4a97-4ef4-a1d1-848d8e540210 is started using port 41546
2019-10-06 06:19:47,675 [Datanode State Machine Thread - 0] INFO  ozoneimpl.OzoneContainer (OzoneContainer.java:start(217)) - Attempting to start container services.
2019-10-06 06:19:47,676 [Datanode State Machine Thread - 0] INFO  ozoneimpl.OzoneContainer (OzoneContainer.java:startContainerScrub(179)) - Background container scanner has been disabled.
2019-10-06 06:19:47,676 [Datanode State Machine Thread - 0] INFO  ratis.XceiverServerRatis (XceiverServerRatis.java:start(417)) - Starting XceiverServerRatis 11461bfb-5012-47ea-8ef6-3ae69d061b3b at port 0
2019-10-06 06:19:47,685 [Datanode State Machine Thread - 0] INFO  impl.RaftServerProxy (RaftServerProxy.java:lambda$start$3(299)) - 11461bfb-5012-47ea-8ef6-3ae69d061b3b: start RPC server
2019-10-06 06:19:47,687 [Datanode State Machine Thread - 0] INFO  server.GrpcService (GrpcService.java:startImpl(158)) - 11461bfb-5012-47ea-8ef6-3ae69d061b3b: GrpcService started, listening on 0.0.0.0/0.0.0.0:42066
2019-10-06 06:19:47,687 [Datanode State Machine Thread - 0] INFO  ratis.XceiverServerRatis (XceiverServerRatis.java:start(427)) - XceiverServerRatis 11461bfb-5012-47ea-8ef6-3ae69d061b3b is started using port 42066
2019-10-06 06:19:47,688 [Datanode State Machine Thread - 0] INFO  server.XceiverServerGrpc (XceiverServerGrpc.java:start(149)) - XceiverServerGrpc 11461bfb-5012-47ea-8ef6-3ae69d061b3b is started using port 45611
2019-10-06 06:19:47,738 [Datanode State Machine Thread - 0] INFO  ozoneimpl.OzoneContainer (OzoneContainer.java:start(217)) - Attempting to start container services.
2019-10-06 06:19:47,738 [Datanode State Machine Thread - 0] INFO  ozoneimpl.OzoneContainer (OzoneContainer.java:startContainerScrub(179)) - Background container scanner has been disabled.
2019-10-06 06:19:47,738 [Datanode State Machine Thread - 0] INFO  ratis.XceiverServerRatis (XceiverServerRatis.java:start(417)) - Starting XceiverServerRatis f3a61cbf-6fbf-4694-8557-fbf2e6e8faeb at port 0
2019-10-06 06:19:47,747 [Datanode State Machine Thread - 0] INFO  impl.RaftServerProxy (RaftServerProxy.java:lambda$start$3(299)) - f3a61cbf-6fbf-4694-8557-fbf2e6e8faeb: start RPC server
2019-10-06 06:19:47,749 [Datanode State Machine Thread - 0] INFO  server.GrpcService (GrpcService.java:startImpl(158)) - f3a61cbf-6fbf-4694-8557-fbf2e6e8faeb: GrpcService started, listening on 0.0.0.0/0.0.0.0:44272
2019-10-06 06:19:47,750 [Datanode State Machine Thread - 0] INFO  ratis.XceiverServerRatis (XceiverServerRatis.java:start(427)) - XceiverServerRatis f3a61cbf-6fbf-4694-8557-fbf2e6e8faeb is started using port 44272
2019-10-06 06:19:47,751 [Datanode State Machine Thread - 0] INFO  server.XceiverServerGrpc (XceiverServerGrpc.java:start(149)) - XceiverServerGrpc f3a61cbf-6fbf-4694-8557-fbf2e6e8faeb is started using port 37108
2019-10-06 06:19:47,800 [Datanode State Machine Thread - 0] INFO  ozoneimpl.OzoneContainer (OzoneContainer.java:start(217)) - Attempting to start container services.
2019-10-06 06:19:47,800 [Datanode State Machine Thread - 0] INFO  ozoneimpl.OzoneContainer (OzoneContainer.java:startContainerScrub(179)) - Background container scanner has been disabled.
2019-10-06 06:19:47,800 [Datanode State Machine Thread - 0] INFO  ratis.XceiverServerRatis (XceiverServerRatis.java:start(417)) - Starting XceiverServerRatis d9cd26b1-985e-4dec-adee-0a29c7d0d5c5 at port 0
2019-10-06 06:19:47,807 [Datanode State Machine Thread - 0] INFO  impl.RaftServerProxy (RaftServerProxy.java:lambda$start$3(299)) - d9cd26b1-985e-4dec-adee-0a29c7d0d5c5: start RPC server
2019-10-06 06:19:47,808 [Datanode State Machine Thread - 0] INFO  server.GrpcService (GrpcService.java:startImpl(158)) - d9cd26b1-985e-4dec-adee-0a29c7d0d5c5: GrpcService started, listening on 0.0.0.0/0.0.0.0:36649
2019-10-06 06:19:47,808 [Datanode State Machine Thread - 0] INFO  ratis.XceiverServerRatis (XceiverServerRatis.java:start(427)) - XceiverServerRatis d9cd26b1-985e-4dec-adee-0a29c7d0d5c5 is started using port 36649
2019-10-06 06:19:47,809 [Datanode State Machine Thread - 0] INFO  server.XceiverServerGrpc (XceiverServerGrpc.java:start(149)) - XceiverServerGrpc d9cd26b1-985e-4dec-adee-0a29c7d0d5c5 is started using port 37008
2019-10-06 06:19:47,871 [Datanode State Machine Thread - 0] INFO  ozoneimpl.OzoneContainer (OzoneContainer.java:start(217)) - Attempting to start container services.
2019-10-06 06:19:47,872 [Datanode State Machine Thread - 0] INFO  ozoneimpl.OzoneContainer (OzoneContainer.java:startContainerScrub(179)) - Background container scanner has been disabled.
2019-10-06 06:19:47,872 [Datanode State Machine Thread - 0] INFO  ratis.XceiverServerRatis (XceiverServerRatis.java:start(417)) - Starting XceiverServerRatis b5140278-da64-4b2c-aedb-8ab830e5d74a at port 0
2019-10-06 06:19:47,879 [Datanode State Machine Thread - 0] INFO  impl.RaftServerProxy (RaftServerProxy.java:lambda$start$3(299)) - b5140278-da64-4b2c-aedb-8ab830e5d74a: start RPC server
2019-10-06 06:19:47,880 [Datanode State Machine Thread - 0] INFO  server.GrpcService (GrpcService.java:startImpl(158)) - b5140278-da64-4b2c-aedb-8ab830e5d74a: GrpcService started, listening on 0.0.0.0/0.0.0.0:38704
2019-10-06 06:19:47,880 [Datanode State Machine Thread - 0] INFO  ratis.XceiverServerRatis (XceiverServerRatis.java:start(427)) - XceiverServerRatis b5140278-da64-4b2c-aedb-8ab830e5d74a is started using port 38704
2019-10-06 06:19:47,881 [Datanode State Machine Thread - 0] INFO  server.XceiverServerGrpc (XceiverServerGrpc.java:start(149)) - XceiverServerGrpc b5140278-da64-4b2c-aedb-8ab830e5d74a is started using port 37376
2019-10-06 06:19:47,936 [main] INFO  ozone.MiniOzoneClusterImpl (MiniOzoneClusterImpl.java:lambda$waitForClusterToBeReady$0(147)) - Waiting for cluster to be ready. Got 0 of 7 DN Heartbeats.
2019-10-06 06:19:47,951 [Datanode State Machine Thread - 0] INFO  ozoneimpl.OzoneContainer (OzoneContainer.java:start(217)) - Attempting to start container services.
2019-10-06 06:19:47,951 [Datanode State Machine Thread - 0] INFO  ozoneimpl.OzoneContainer (OzoneContainer.java:startContainerScrub(179)) - Background container scanner has been disabled.
2019-10-06 06:19:47,951 [Datanode State Machine Thread - 0] INFO  ratis.XceiverServerRatis (XceiverServerRatis.java:start(417)) - Starting XceiverServerRatis 772c9a02-e62b-47e6-a397-b61907783579 at port 0
2019-10-06 06:19:47,959 [Datanode State Machine Thread - 0] INFO  impl.RaftServerProxy (RaftServerProxy.java:lambda$start$3(299)) - 772c9a02-e62b-47e6-a397-b61907783579: start RPC server
2019-10-06 06:19:47,960 [Datanode State Machine Thread - 0] INFO  server.GrpcService (GrpcService.java:startImpl(158)) - 772c9a02-e62b-47e6-a397-b61907783579: GrpcService started, listening on 0.0.0.0/0.0.0.0:33773
2019-10-06 06:19:47,960 [Datanode State Machine Thread - 0] INFO  ratis.XceiverServerRatis (XceiverServerRatis.java:start(427)) - XceiverServerRatis 772c9a02-e62b-47e6-a397-b61907783579 is started using port 33773
2019-10-06 06:19:47,961 [Datanode State Machine Thread - 0] INFO  server.XceiverServerGrpc (XceiverServerGrpc.java:start(149)) - XceiverServerGrpc 772c9a02-e62b-47e6-a397-b61907783579 is started using port 36421
2019-10-06 06:19:48,937 [main] INFO  ozone.MiniOzoneClusterImpl (MiniOzoneClusterImpl.java:lambda$waitForClusterToBeReady$0(147)) - Waiting for cluster to be ready. Got 0 of 7 DN Heartbeats.
2019-10-06 06:19:49,544 [IPC Server handler 3 on 39859] INFO  net.NetworkTopology (NetworkTopologyImpl.java:add(111)) - Added a new node: /default-rack/da6e0ba0-5177-4cde-b4b7-39822dda109b
2019-10-06 06:19:49,548 [IPC Server handler 3 on 39859] INFO  node.SCMNodeManager (SCMNodeManager.java:register(268)) - Registered Data node : da6e0ba0-5177-4cde-b4b7-39822dda109b{ip: 192.168.164.217, host: trunk-nightly-20191006-mzxw6-951422410, networkLocation: /default-rack, certSerialId: null}
2019-10-06 06:19:49,549 [EventQueue-NodeRegistrationContainerReportForDataNodeSafeModeRule] INFO  safemode.SCMSafeModeManager (DataNodeSafeModeRule.java:process(71)) - SCM in safe mode. 1 DataNodes registered, 1 required.
2019-10-06 06:19:49,551 [EventQueue-NodeRegistrationContainerReportForDataNodeSafeModeRule] INFO  safemode.SCMSafeModeManager (SCMSafeModeManager.java:validateSafeModeExitRules(177)) - ScmSafeModeManager, all rules are successfully validated
2019-10-06 06:19:49,552 [EventQueue-NodeRegistrationContainerReportForDataNodeSafeModeRule] INFO  safemode.SCMSafeModeManager (SCMSafeModeManager.java:exitSafeMode(193)) - SCM exiting safe mode.
2019-10-06 06:19:49,561 [grpc-default-executor-3] INFO  impl.RaftServerProxy (RaftServerProxy.java:addNew(89)) - da6e0ba0-5177-4cde-b4b7-39822dda109b: addNew group-BFDADAAB0F7A:[da6e0ba0-5177-4cde-b4b7-39822dda109b:192.168.164.217:38044] returns group-BFDADAAB0F7A:java.util.concurrent.CompletableFuture@5cf1d4d8[Not completed]
2019-10-06 06:19:49,563 [pool-409-thread-1] INFO  impl.RaftServerImpl (RaftServerImpl.java:<init>(95)) - da6e0ba0-5177-4cde-b4b7-39822dda109b: new RaftServerImpl for group-BFDADAAB0F7A:[da6e0ba0-5177-4cde-b4b7-39822dda109b:192.168.164.217:38044] with ContainerStateMachine:uninitialized
2019-10-06 06:19:49,563 [pool-409-thread-1] INFO  server.RaftServerConfigKeys (ConfUtils.java:logGet(43)) - raft.server.rpc.timeout.min = 5s (custom)
2019-10-06 06:19:49,564 [pool-409-thread-1] INFO  server.RaftServerConfigKeys (ConfUtils.java:logGet(43)) - raft.server.rpc.timeout.max = 5200ms (custom)
2019-10-06 06:19:49,564 [pool-409-thread-1] INFO  server.RaftServerConfigKeys (ConfUtils.java:logGet(43)) - raft.server.rpcslowness.timeout = 120s (custom)
2019-10-06 06:19:49,564 [pool-409-thread-1] INFO  server.RaftServerConfigKeys (ConfUtils.java:logGet(43)) - raft.server.sleep.deviation.threshold = 300 (default)
2019-10-06 06:19:49,564 [pool-409-thread-1] INFO  server.RaftServerConfigKeys (ConfUtils.java:logGet(43)) - raft.server.log.appender.install.snapshot.enabled = false (custom)
2019-10-06 06:19:49,564 [pool-409-thread-1] INFO  impl.RaftServerImpl (ServerState.java:<init>(103)) - da6e0ba0-5177-4cde-b4b7-39822dda109b@group-BFDADAAB0F7A: ConfigurationManager, init=-1: [da6e0ba0-5177-4cde-b4b7-39822dda109b:192.168.164.217:38044], old=null, confs=<EMPTY_MAP>
2019-10-06 06:19:49,565 [pool-409-thread-1] INFO  server.RaftServerConfigKeys (ConfUtils.java:logGet(43)) - raft.server.storage.dir = [/workdir/hadoop-ozone/integration-test/target/test-dir/MiniOzoneClusterImpl-efd31f5e-5046-467b-a5e6-3c9a329b9d05/datanode-0/data/ratis] (custom)
2019-10-06 06:19:49,565 [pool-409-thread-1] INFO  server.RaftServerConfigKeys (ConfUtils.java:logGet(43)) - raft.server.log.corruption.policy = EXCEPTION (default)
2019-10-06 06:19:49,565 [pool-409-thread-1] INFO  storage.RaftStorageDirectory (RaftStorageDirectory.java:analyzeStorage(246)) - The storage directory /workdir/hadoop-ozone/integration-test/target/test-dir/MiniOzoneClusterImpl-efd31f5e-5046-467b-a5e6-3c9a329b9d05/datanode-0/data/ratis/86c001bf-2dba-4dbd-aab7-bfdadaab0f7a does not exist. Creating ...
2019-10-06 06:19:49,579 [pool-409-thread-1] INFO  storage.RaftStorageDirectory (RaftStorageDirectory.java:tryLock(328)) - Lock on /workdir/hadoop-ozone/integration-test/target/test-dir/MiniOzoneClusterImpl-efd31f5e-5046-467b-a5e6-3c9a329b9d05/datanode-0/data/ratis/86c001bf-2dba-4dbd-aab7-bfdadaab0f7a/in_use.lock acquired by nodename 8769@trunk-nightly-20191006-mzxw6-951422410
2019-10-06 06:19:49,592 [pool-409-thread-1] INFO  storage.RaftStorage (RaftStorage.java:format(84)) - Storage directory /workdir/hadoop-ozone/integration-test/target/test-dir/MiniOzoneClusterImpl-efd31f5e-5046-467b-a5e6-3c9a329b9d05/datanode-0/data/ratis/86c001bf-2dba-4dbd-aab7-bfdadaab0f7a has been successfully formatted.
2019-10-06 06:19:49,593 [pool-409-thread-1] INFO  ratis.ContainerStateMachine (ContainerStateMachine.java:loadSnapshot(230)) - group-BFDADAAB0F7A: The snapshot info is null. Setting the last applied indexto:(t:0, i:~)
2019-10-06 06:19:49,593 [pool-409-thread-1] INFO  server.RaftServerConfigKeys (ConfUtils.java:logGet(43)) - raft.server.notification.no-leader.timeout = 120s (custom)
2019-10-06 06:19:49,593 [pool-409-thread-1] INFO  server.RaftServerConfigKeys (ConfUtils.java:logGet(43)) - raft.server.log.use.memory = false (default)
2019-10-06 06:19:49,593 [pool-409-thread-1] INFO  server.RaftServerConfigKeys (ConfUtils.java:logGet(43)) - raft.server.log.purge.gap = 1000000 (custom)
2019-10-06 06:19:49,594 [pool-409-thread-1] INFO  server.RaftServerConfigKeys (ConfUtils.java:logGet(43)) - raft.server.log.appender.buffer.byte-limit = 33554432 (custom)
2019-10-06 06:19:49,594 [pool-409-thread-1] INFO  server.RaftServerConfigKeys (ConfUtils.java:logGet(43)) - raft.server.log.segment.size.max = 1048576 (custom)
2019-10-06 06:19:49,596 [pool-409-thread-1] INFO  server.RaftServerConfigKeys (ConfUtils.java:logGet(43)) - raft.server.log.segment.cache.num.max = 2 (custom)
2019-10-06 06:19:49,596 [pool-409-thread-1] INFO  segmented.SegmentedRaftLogWorker (SegmentedRaftLogWorker.java:<init>(173)) - new da6e0ba0-5177-4cde-b4b7-39822dda109b@group-BFDADAAB0F7A-SegmentedRaftLogWorker for RaftStorage:Storage Directory /workdir/hadoop-ozone/integration-test/target/test-dir/MiniOzoneClusterImpl-efd31f5e-5046-467b-a5e6-3c9a329b9d05/datanode-0/data/ratis/86c001bf-2dba-4dbd-aab7-bfdadaab0f7a
2019-10-06 06:19:49,596 [pool-409-thread-1] INFO  server.RaftServerConfigKeys (ConfUtils.java:logGet(43)) - raft.server.log.queue.byte-limit = 2147483647 (custom)
2019-10-06 06:19:49,597 [pool-409-thread-1] INFO  server.RaftServerConfigKeys (ConfUtils.java:logGet(43)) - raft.server.log.queue.element-limit = 1024 (custom)
2019-10-06 06:19:49,597 [pool-409-thread-1] INFO  server.RaftServerConfigKeys (ConfUtils.java:logGet(43)) - raft.server.log.segment.size.max = 1048576 (custom)
2019-10-06 06:19:49,597 [pool-409-thread-1] INFO  server.RaftServerConfigKeys (ConfUtils.java:logGet(43)) - raft.server.log.preallocated.size = 16384 (custom)
2019-10-06 06:19:49,597 [pool-409-thread-1] INFO  server.RaftServerConfigKeys (ConfUtils.java:logGet(43)) - raft.server.log.write.buffer.size = 33554432 (custom)
2019-10-06 06:19:49,597 [pool-409-thread-1] INFO  server.RaftServerConfigKeys (ConfUtils.java:logGet(43)) - raft.server.log.force.sync.num = 128 (default)
2019-10-06 06:19:49,597 [pool-409-thread-1] INFO  server.RaftServerConfigKeys (ConfUtils.java:logGet(43)) - raft.server.log.statemachine.data.sync = true (default)
2019-10-06 06:19:49,598 [pool-409-thread-1] INFO  server.RaftServerConfigKeys (ConfUtils.java:logGet(43)) - raft.server.log.statemachine.data.sync.timeout = 10s (default)
2019-10-06 06:19:49,598 [pool-409-thread-1] INFO  server.RaftServerConfigKeys (ConfUtils.java:logGet(43)) - raft.server.log.statemachine.data.sync.timeout.retry = -1 (default)
2019-10-06 06:19:49,598 [pool-409-thread-1] INFO  server.RaftServerConfigKeys (ConfUtils.java:logGet(43)) - raft.server.log.statemachine.data.caching.enabled = true (custom)
2019-10-06 06:19:49,599 [pool-409-thread-1] INFO  segmented.SegmentedRaftLogWorker (SegmentedRaftLogWorker.java:lambda$new$0(128)) - da6e0ba0-5177-4cde-b4b7-39822dda109b@group-BFDADAAB0F7A-SegmentedRaftLogWorker: flushIndex: setUnconditionally 0 -> -1
2019-10-06 06:19:49,599 [pool-409-thread-1] INFO  server.RaftServerConfigKeys (ConfUtils.java:logGet(43)) - raft.server.snapshot.auto.trigger.enabled = true (custom)
2019-10-06 06:19:49,599 [pool-409-thread-1] INFO  server.RaftServerConfigKeys (ConfUtils.java:logGet(43)) - raft.server.snapshot.auto.trigger.threshold = 10000 (custom)
2019-10-06 06:19:49,599 [pool-409-thread-1] INFO  server.RaftServerConfigKeys (ConfUtils.java:logGet(43)) - raft.server.snapshot.retention.file.num = 5 (custom)
2019-10-06 06:19:49,600 [pool-409-thread-1] INFO  server.RaftServerConfigKeys (ConfUtils.java:logGet(43)) - raft.server.retrycache.expirytime = 600000ms (custom)
2019-10-06 06:19:49,601 [IPC Server handler 6 on 39859] INFO  net.NetworkTopology (NetworkTopologyImpl.java:add(111)) - Added a new node: /default-rack/1d025d5d-4a97-4ef4-a1d1-848d8e540210
2019-10-06 06:19:49,601 [IPC Server handler 6 on 39859] INFO  node.SCMNodeManager (SCMNodeManager.java:register(268)) - Registered Data node : 1d025d5d-4a97-4ef4-a1d1-848d8e540210{ip: 192.168.164.217, host: trunk-nightly-20191006-mzxw6-951422410, networkLocation: /default-rack, certSerialId: null}
2019-10-06 06:19:49,602 [pool-409-thread-1] INFO  impl.RaftServerImpl (RaftServerImpl.java:start(181)) - da6e0ba0-5177-4cde-b4b7-39822dda109b@group-BFDADAAB0F7A: start as a follower, conf=-1: [da6e0ba0-5177-4cde-b4b7-39822dda109b:192.168.164.217:38044], old=null
2019-10-06 06:19:49,602 [pool-409-thread-1] INFO  impl.RaftServerImpl (RaftServerImpl.java:setRole(170)) - da6e0ba0-5177-4cde-b4b7-39822dda109b@group-BFDADAAB0F7A: changes role from      null to FOLLOWER at term 0 for startAsFollower
2019-10-06 06:19:49,602 [pool-409-thread-1] INFO  impl.RoleInfo (RoleInfo.java:updateAndGet(143)) - da6e0ba0-5177-4cde-b4b7-39822dda109b: start FollowerState
2019-10-06 06:19:49,603 [pool-409-thread-1] INFO  util.JmxRegister (JmxRegister.java:tryRegister(44)) - Successfully registered JMX Bean with object name Ratis:service=RaftServer,group=group-BFDADAAB0F7A,id=da6e0ba0-5177-4cde-b4b7-39822dda109b
2019-10-06 06:19:49,610 [RatisPipelineUtilsThread] INFO  pipeline.PipelineStateManager (PipelineStateManager.java:addPipeline(56)) - Created pipeline Pipeline[ Id: 86c001bf-2dba-4dbd-aab7-bfdadaab0f7a, Nodes: da6e0ba0-5177-4cde-b4b7-39822dda109b{ip: 192.168.164.217, host: trunk-nightly-20191006-mzxw6-951422410, networkLocation: /default-rack, certSerialId: null}, Type:RATIS, Factor:ONE, State:OPEN]
2019-10-06 06:19:49,616 [grpc-default-executor-3] INFO  impl.RaftServerProxy (RaftServerProxy.java:addNew(89)) - 1d025d5d-4a97-4ef4-a1d1-848d8e540210: addNew group-4472FBDC39EE:[1d025d5d-4a97-4ef4-a1d1-848d8e540210:192.168.164.217:37171] returns group-4472FBDC39EE:java.util.concurrent.CompletableFuture@17e486aa[Not completed]
2019-10-06 06:19:49,617 [pool-419-thread-1] INFO  impl.RaftServerImpl (RaftServerImpl.java:<init>(95)) - 1d025d5d-4a97-4ef4-a1d1-848d8e540210: new RaftServerImpl for group-4472FBDC39EE:[1d025d5d-4a97-4ef4-a1d1-848d8e540210:192.168.164.217:37171] with ContainerStateMachine:uninitialized
2019-10-06 06:19:49,617 [pool-419-thread-1] INFO  server.RaftServerConfigKeys (ConfUtils.java:logGet(43)) - raft.server.rpc.timeout.min = 5s (custom)
2019-10-06 06:19:49,617 [pool-419-thread-1] INFO  server.RaftServerConfigKeys (ConfUtils.java:logGet(43)) - raft.server.rpc.timeout.max = 5200ms (custom)
2019-10-06 06:19:49,617 [pool-419-thread-1] INFO  server.RaftServerConfigKeys (ConfUtils.java:logGet(43)) - raft.server.rpcslowness.timeout = 120s (custom)
2019-10-06 06:19:49,617 [pool-419-thread-1] INFO  server.RaftServerConfigKeys (ConfUtils.java:logGet(43)) - raft.server.sleep.deviation.threshold = 300 (default)
2019-10-06 06:19:49,617 [pool-419-thread-1] INFO  server.RaftServerConfigKeys (ConfUtils.java:logGet(43)) - raft.server.log.appender.install.snapshot.enabled = false (custom)
2019-10-06 06:19:49,617 [pool-419-thread-1] INFO  impl.RaftServerImpl (ServerState.java:<init>(103)) - 1d025d5d-4a97-4ef4-a1d1-848d8e540210@group-4472FBDC39EE: ConfigurationManager, init=-1: [1d025d5d-4a97-4ef4-a1d1-848d8e540210:192.168.164.217:37171], old=null, confs=<EMPTY_MAP>
2019-10-06 06:19:49,617 [pool-419-thread-1] INFO  server.RaftServerConfigKeys (ConfUtils.java:logGet(43)) - raft.server.storage.dir = [/workdir/hadoop-ozone/integration-test/target/test-dir/MiniOzoneClusterImpl-efd31f5e-5046-467b-a5e6-3c9a329b9d05/datanode-1/data/ratis] (custom)
2019-10-06 06:19:49,618 [pool-419-thread-1] INFO  server.RaftServerConfigKeys (ConfUtils.java:logGet(43)) - raft.server.log.corruption.policy = EXCEPTION (default)
2019-10-06 06:19:49,618 [pool-419-thread-1] INFO  storage.RaftStorageDirectory (RaftStorageDirectory.java:analyzeStorage(246)) - The storage directory /workdir/hadoop-ozone/integration-test/target/test-dir/MiniOzoneClusterImpl-efd31f5e-5046-467b-a5e6-3c9a329b9d05/datanode-1/data/ratis/3048d10a-4207-40ee-9870-4472fbdc39ee does not exist. Creating ...
2019-10-06 06:19:49,630 [pool-419-thread-1] INFO  storage.RaftStorageDirectory (RaftStorageDirectory.java:tryLock(328)) - Lock on /workdir/hadoop-ozone/integration-test/target/test-dir/MiniOzoneClusterImpl-efd31f5e-5046-467b-a5e6-3c9a329b9d05/datanode-1/data/ratis/3048d10a-4207-40ee-9870-4472fbdc39ee/in_use.lock acquired by nodename 8769@trunk-nightly-20191006-mzxw6-951422410
2019-10-06 06:19:49,644 [pool-419-thread-1] INFO  storage.RaftStorage (RaftStorage.java:format(84)) - Storage directory /workdir/hadoop-ozone/integration-test/target/test-dir/MiniOzoneClusterImpl-efd31f5e-5046-467b-a5e6-3c9a329b9d05/datanode-1/data/ratis/3048d10a-4207-40ee-9870-4472fbdc39ee has been successfully formatted.
2019-10-06 06:19:49,644 [pool-419-thread-1] INFO  ratis.ContainerStateMachine (ContainerStateMachine.java:loadSnapshot(230)) - group-4472FBDC39EE: The snapshot info is null. Setting the last applied indexto:(t:0, i:~)
2019-10-06 06:19:49,644 [pool-419-thread-1] INFO  server.RaftServerConfigKeys (ConfUtils.java:logGet(43)) - raft.server.notification.no-leader.timeout = 120s (custom)
2019-10-06 06:19:49,644 [pool-419-thread-1] INFO  server.RaftServerConfigKeys (ConfUtils.java:logGet(43)) - raft.server.log.use.memory = false (default)
2019-10-06 06:19:49,644 [pool-419-thread-1] INFO  server.RaftServerConfigKeys (ConfUtils.java:logGet(43)) - raft.server.log.purge.gap = 1000000 (custom)
2019-10-06 06:19:49,644 [pool-419-thread-1] INFO  server.RaftServerConfigKeys (ConfUtils.java:logGet(43)) - raft.server.log.appender.buffer.byte-limit = 33554432 (custom)
2019-10-06 06:19:49,644 [pool-419-thread-1] INFO  server.RaftServerConfigKeys (ConfUtils.java:logGet(43)) - raft.server.log.segment.size.max = 1048576 (custom)
2019-10-06 06:19:49,646 [pool-419-thread-1] INFO  server.RaftServerConfigKeys (ConfUtils.java:logGet(43)) - raft.server.log.segment.cache.num.max = 2 (custom)
2019-10-06 06:19:49,646 [pool-419-thread-1] INFO  segmented.SegmentedRaftLogWorker (SegmentedRaftLogWorker.java:<init>(173)) - new 1d025d5d-4a97-4ef4-a1d1-848d8e540210@group-4472FBDC39EE-SegmentedRaftLogWorker for RaftStorage:Storage Directory /workdir/hadoop-ozone/integration-test/target/test-dir/MiniOzoneClusterImpl-efd31f5e-5046-467b-a5e6-3c9a329b9d05/datanode-1/data/ratis/3048d10a-4207-40ee-9870-4472fbdc39ee
2019-10-06 06:19:49,646 [pool-419-thread-1] INFO  server.RaftServerConfigKeys (ConfUtils.java:logGet(43)) - raft.server.log.queue.byte-limit = 2147483647 (custom)
2019-10-06 06:19:49,646 [pool-419-thread-1] INFO  server.RaftServerConfigKeys (ConfUtils.java:logGet(43)) - raft.server.log.queue.element-limit = 1024 (custom)
2019-10-06 06:19:49,646 [pool-419-thread-1] INFO  server.RaftServerConfigKeys (ConfUtils.java:logGet(43)) - raft.server.log.segment.size.max = 1048576 (custom)
2019-10-06 06:19:49,646 [pool-419-thread-1] INFO  server.RaftServerConfigKeys (ConfUtils.java:logGet(43)) - raft.server.log.preallocated.size = 16384 (custom)
2019-10-06 06:19:49,646 [pool-419-thread-1] INFO  server.RaftServerConfigKeys (ConfUtils.java:logGet(43)) - raft.server.log.write.buffer.size = 33554432 (custom)
2019-10-06 06:19:49,646 [pool-419-thread-1] INFO  server.RaftServerConfigKeys (ConfUtils.java:logGet(43)) - raft.server.log.force.sync.num = 128 (default)
2019-10-06 06:19:49,646 [pool-419-thread-1] INFO  server.RaftServerConfigKeys (ConfUtils.java:logGet(43)) - raft.server.log.statemachine.data.sync = true (default)
2019-10-06 06:19:49,646 [pool-419-thread-1] INFO  server.RaftServerConfigKeys (ConfUtils.java:logGet(43)) - raft.server.log.statemachine.data.sync.timeout = 10s (default)
2019-10-06 06:19:49,647 [pool-419-thread-1] INFO  server.RaftServerConfigKeys (ConfUtils.java:logGet(43)) - raft.server.log.statemachine.data.sync.timeout.retry = -1 (default)
2019-10-06 06:19:49,647 [pool-419-thread-1] INFO  server.RaftServerConfigKeys (ConfUtils.java:logGet(43)) - raft.server.log.statemachine.data.caching.enabled = true (custom)
2019-10-06 06:19:49,647 [pool-419-thread-1] INFO  segmented.SegmentedRaftLogWorker (SegmentedRaftLogWorker.java:lambda$new$0(128)) - 1d025d5d-4a97-4ef4-a1d1-848d8e540210@group-4472FBDC39EE-SegmentedRaftLogWorker: flushIndex: setUnconditionally 0 -> -1
2019-10-06 06:19:49,647 [pool-419-thread-1] INFO  server.RaftServerConfigKeys (ConfUtils.java:logGet(43)) - raft.server.snapshot.auto.trigger.enabled = true (custom)
2019-10-06 06:19:49,647 [pool-419-thread-1] INFO  server.RaftServerConfigKeys (ConfUtils.java:logGet(43)) - raft.server.snapshot.auto.trigger.threshold = 10000 (custom)
2019-10-06 06:19:49,647 [pool-419-thread-1] INFO  server.RaftServerConfigKeys (ConfUtils.java:logGet(43)) - raft.server.snapshot.retention.file.num = 5 (custom)
2019-10-06 06:19:49,648 [pool-419-thread-1] INFO  server.RaftServerConfigKeys (ConfUtils.java:logGet(43)) - raft.server.retrycache.expirytime = 600000ms (custom)
2019-10-06 06:19:49,649 [pool-419-thread-1] INFO  impl.RaftServerImpl (RaftServerImpl.java:start(181)) - 1d025d5d-4a97-4ef4-a1d1-848d8e540210@group-4472FBDC39EE: start as a follower, conf=-1: [1d025d5d-4a97-4ef4-a1d1-848d8e540210:192.168.164.217:37171], old=null
2019-10-06 06:19:49,649 [pool-419-thread-1] INFO  impl.RaftServerImpl (RaftServerImpl.java:setRole(170)) - 1d025d5d-4a97-4ef4-a1d1-848d8e540210@group-4472FBDC39EE: changes role from      null to FOLLOWER at term 0 for startAsFollower
2019-10-06 06:19:49,649 [pool-419-thread-1] INFO  impl.RoleInfo (RoleInfo.java:updateAndGet(143)) - 1d025d5d-4a97-4ef4-a1d1-848d8e540210: start FollowerState
2019-10-06 06:19:49,649 [pool-419-thread-1] INFO  util.JmxRegister (JmxRegister.java:tryRegister(44)) - Successfully registered JMX Bean with object name Ratis:service=RaftServer,group=group-4472FBDC39EE,id=1d025d5d-4a97-4ef4-a1d1-848d8e540210
2019-10-06 06:19:49,655 [RatisPipelineUtilsThread] INFO  pipeline.PipelineStateManager (PipelineStateManager.java:addPipeline(56)) - Created pipeline Pipeline[ Id: 3048d10a-4207-40ee-9870-4472fbdc39ee, Nodes: 1d025d5d-4a97-4ef4-a1d1-848d8e540210{ip: 192.168.164.217, host: trunk-nightly-20191006-mzxw6-951422410, networkLocation: /default-rack, certSerialId: null}, Type:RATIS, Factor:ONE, State:OPEN]
2019-10-06 06:19:49,662 [IPC Server handler 8 on 39859] INFO  net.NetworkTopology (NetworkTopologyImpl.java:add(111)) - Added a new node: /default-rack/11461bfb-5012-47ea-8ef6-3ae69d061b3b
2019-10-06 06:19:49,662 [IPC Server handler 8 on 39859] INFO  node.SCMNodeManager (SCMNodeManager.java:register(268)) - Registered Data node : 11461bfb-5012-47ea-8ef6-3ae69d061b3b{ip: 192.168.164.217, host: trunk-nightly-20191006-mzxw6-951422410, networkLocation: /default-rack, certSerialId: null}
2019-10-06 06:19:49,668 [grpc-default-executor-3] INFO  impl.RaftServerProxy (RaftServerProxy.java:addNew(89)) - 11461bfb-5012-47ea-8ef6-3ae69d061b3b: addNew group-58E2C6E4D316:[11461bfb-5012-47ea-8ef6-3ae69d061b3b:192.168.164.217:42066] returns group-58E2C6E4D316:java.util.concurrent.CompletableFuture@48d1ee[Not completed]
2019-10-06 06:19:49,669 [pool-429-thread-1] INFO  impl.RaftServerImpl (RaftServerImpl.java:<init>(95)) - 11461bfb-5012-47ea-8ef6-3ae69d061b3b: new RaftServerImpl for group-58E2C6E4D316:[11461bfb-5012-47ea-8ef6-3ae69d061b3b:192.168.164.217:42066] with ContainerStateMachine:uninitialized
2019-10-06 06:19:49,669 [pool-429-thread-1] INFO  server.RaftServerConfigKeys (ConfUtils.java:logGet(43)) - raft.server.rpc.timeout.min = 5s (custom)
2019-10-06 06:19:49,669 [pool-429-thread-1] INFO  server.RaftServerConfigKeys (ConfUtils.java:logGet(43)) - raft.server.rpc.timeout.max = 5200ms (custom)
2019-10-06 06:19:49,670 [pool-429-thread-1] INFO  server.RaftServerConfigKeys (ConfUtils.java:logGet(43)) - raft.server.rpcslowness.timeout = 120s (custom)
2019-10-06 06:19:49,670 [pool-429-thread-1] INFO  server.RaftServerConfigKeys (ConfUtils.java:logGet(43)) - raft.server.sleep.deviation.threshold = 300 (default)
2019-10-06 06:19:49,670 [pool-429-thread-1] INFO  server.RaftServerConfigKeys (ConfUtils.java:logGet(43)) - raft.server.log.appender.install.snapshot.enabled = false (custom)
2019-10-06 06:19:49,670 [pool-429-thread-1] INFO  impl.RaftServerImpl (ServerState.java:<init>(103)) - 11461bfb-5012-47ea-8ef6-3ae69d061b3b@group-58E2C6E4D316: ConfigurationManager, init=-1: [11461bfb-5012-47ea-8ef6-3ae69d061b3b:192.168.164.217:42066], old=null, confs=<EMPTY_MAP>
2019-10-06 06:19:49,670 [pool-429-thread-1] INFO  server.RaftServerConfigKeys (ConfUtils.java:logGet(43)) - raft.server.storage.dir = [/workdir/hadoop-ozone/integration-test/target/test-dir/MiniOzoneClusterImpl-efd31f5e-5046-467b-a5e6-3c9a329b9d05/datanode-2/data/ratis] (custom)
2019-10-06 06:19:49,670 [pool-429-thread-1] INFO  server.RaftServerConfigKeys (ConfUtils.java:logGet(43)) - raft.server.log.corruption.policy = EXCEPTION (default)
2019-10-06 06:19:49,670 [pool-429-thread-1] INFO  storage.RaftStorageDirectory (RaftStorageDirectory.java:analyzeStorage(246)) - The storage directory /workdir/hadoop-ozone/integration-test/target/test-dir/MiniOzoneClusterImpl-efd31f5e-5046-467b-a5e6-3c9a329b9d05/datanode-2/data/ratis/75791748-cf67-46d7-b368-58e2c6e4d316 does not exist. Creating ...
2019-10-06 06:19:49,682 [pool-429-thread-1] INFO  storage.RaftStorageDirectory (RaftStorageDirectory.java:tryLock(328)) - Lock on /workdir/hadoop-ozone/integration-test/target/test-dir/MiniOzoneClusterImpl-efd31f5e-5046-467b-a5e6-3c9a329b9d05/datanode-2/data/ratis/75791748-cf67-46d7-b368-58e2c6e4d316/in_use.lock acquired by nodename 8769@trunk-nightly-20191006-mzxw6-951422410
2019-10-06 06:19:49,695 [pool-429-thread-1] INFO  storage.RaftStorage (RaftStorage.java:format(84)) - Storage directory /workdir/hadoop-ozone/integration-test/target/test-dir/MiniOzoneClusterImpl-efd31f5e-5046-467b-a5e6-3c9a329b9d05/datanode-2/data/ratis/75791748-cf67-46d7-b368-58e2c6e4d316 has been successfully formatted.
2019-10-06 06:19:49,696 [pool-429-thread-1] INFO  ratis.ContainerStateMachine (ContainerStateMachine.java:loadSnapshot(230)) - group-58E2C6E4D316: The snapshot info is null. Setting the last applied indexto:(t:0, i:~)
2019-10-06 06:19:49,696 [pool-429-thread-1] INFO  server.RaftServerConfigKeys (ConfUtils.java:logGet(43)) - raft.server.notification.no-leader.timeout = 120s (custom)
2019-10-06 06:19:49,696 [pool-429-thread-1] INFO  server.RaftServerConfigKeys (ConfUtils.java:logGet(43)) - raft.server.log.use.memory = false (default)
2019-10-06 06:19:49,696 [pool-429-thread-1] INFO  server.RaftServerConfigKeys (ConfUtils.java:logGet(43)) - raft.server.log.purge.gap = 1000000 (custom)
2019-10-06 06:19:49,696 [pool-429-thread-1] INFO  server.RaftServerConfigKeys (ConfUtils.java:logGet(43)) - raft.server.log.appender.buffer.byte-limit = 33554432 (custom)
2019-10-06 06:19:49,696 [pool-429-thread-1] INFO  server.RaftServerConfigKeys (ConfUtils.java:logGet(43)) - raft.server.log.segment.size.max = 1048576 (custom)
2019-10-06 06:19:49,697 [pool-429-thread-1] INFO  server.RaftServerConfigKeys (ConfUtils.java:logGet(43)) - raft.server.log.segment.cache.num.max = 2 (custom)
2019-10-06 06:19:49,697 [pool-429-thread-1] INFO  segmented.SegmentedRaftLogWorker (SegmentedRaftLogWorker.java:<init>(173)) - new 11461bfb-5012-47ea-8ef6-3ae69d061b3b@group-58E2C6E4D316-SegmentedRaftLogWorker for RaftStorage:Storage Directory /workdir/hadoop-ozone/integration-test/target/test-dir/MiniOzoneClusterImpl-efd31f5e-5046-467b-a5e6-3c9a329b9d05/datanode-2/data/ratis/75791748-cf67-46d7-b368-58e2c6e4d316
2019-10-06 06:19:49,697 [pool-429-thread-1] INFO  server.RaftServerConfigKeys (ConfUtils.java:logGet(43)) - raft.server.log.queue.byte-limit = 2147483647 (custom)
2019-10-06 06:19:49,698 [pool-429-thread-1] INFO  server.RaftServerConfigKeys (ConfUtils.java:logGet(43)) - raft.server.log.queue.element-limit = 1024 (custom)
2019-10-06 06:19:49,698 [pool-429-thread-1] INFO  server.RaftServerConfigKeys (ConfUtils.java:logGet(43)) - raft.server.log.segment.size.max = 1048576 (custom)
2019-10-06 06:19:49,698 [pool-429-thread-1] INFO  server.RaftServerConfigKeys (ConfUtils.java:logGet(43)) - raft.server.log.preallocated.size = 16384 (custom)
2019-10-06 06:19:49,698 [pool-429-thread-1] INFO  server.RaftServerConfigKeys (ConfUtils.java:logGet(43)) - raft.server.log.write.buffer.size = 33554432 (custom)
2019-10-06 06:19:49,698 [pool-429-thread-1] INFO  server.RaftServerConfigKeys (ConfUtils.java:logGet(43)) - raft.server.log.force.sync.num = 128 (default)
2019-10-06 06:19:49,698 [pool-429-thread-1] INFO  server.RaftServerConfigKeys (ConfUtils.java:logGet(43)) - raft.server.log.statemachine.data.sync = true (default)
2019-10-06 06:19:49,698 [pool-429-thread-1] INFO  server.RaftServerConfigKeys (ConfUtils.java:logGet(43)) - raft.server.log.statemachine.data.sync.timeout = 10s (default)
2019-10-06 06:19:49,698 [pool-429-thread-1] INFO  server.RaftServerConfigKeys (ConfUtils.java:logGet(43)) - raft.server.log.statemachine.data.sync.timeout.retry = -1 (default)
2019-10-06 06:19:49,699 [pool-429-thread-1] INFO  server.RaftServerConfigKeys (ConfUtils.java:logGet(43)) - raft.server.log.statemachine.data.caching.enabled = true (custom)
2019-10-06 06:19:49,699 [pool-429-thread-1] INFO  segmented.SegmentedRaftLogWorker (SegmentedRaftLogWorker.java:lambda$new$0(128)) - 11461bfb-5012-47ea-8ef6-3ae69d061b3b@group-58E2C6E4D316-SegmentedRaftLogWorker: flushIndex: setUnconditionally 0 -> -1
2019-10-06 06:19:49,699 [pool-429-thread-1] INFO  server.RaftServerConfigKeys (ConfUtils.java:logGet(43)) - raft.server.snapshot.auto.trigger.enabled = true (custom)
2019-10-06 06:19:49,699 [pool-429-thread-1] INFO  server.RaftServerConfigKeys (ConfUtils.java:logGet(43)) - raft.server.snapshot.auto.trigger.threshold = 10000 (custom)
2019-10-06 06:19:49,699 [pool-429-thread-1] INFO  server.RaftServerConfigKeys (ConfUtils.java:logGet(43)) - raft.server.snapshot.retention.file.num = 5 (custom)
2019-10-06 06:19:49,699 [pool-429-thread-1] INFO  server.RaftServerConfigKeys (ConfUtils.java:logGet(43)) - raft.server.retrycache.expirytime = 600000ms (custom)
2019-10-06 06:19:49,700 [pool-429-thread-1] INFO  impl.RaftServerImpl (RaftServerImpl.java:start(181)) - 11461bfb-5012-47ea-8ef6-3ae69d061b3b@group-58E2C6E4D316: start as a follower, conf=-1: [11461bfb-5012-47ea-8ef6-3ae69d061b3b:192.168.164.217:42066], old=null
2019-10-06 06:19:49,700 [pool-429-thread-1] INFO  impl.RaftServerImpl (RaftServerImpl.java:setRole(170)) - 11461bfb-5012-47ea-8ef6-3ae69d061b3b@group-58E2C6E4D316: changes role from      null to FOLLOWER at term 0 for startAsFollower
2019-10-06 06:19:49,701 [pool-429-thread-1] INFO  impl.RoleInfo (RoleInfo.java:updateAndGet(143)) - 11461bfb-5012-47ea-8ef6-3ae69d061b3b: start FollowerState
2019-10-06 06:19:49,701 [pool-429-thread-1] INFO  util.JmxRegister (JmxRegister.java:tryRegister(44)) - Successfully registered JMX Bean with object name Ratis:service=RaftServer,group=group-58E2C6E4D316,id=11461bfb-5012-47ea-8ef6-3ae69d061b3b
2019-10-06 06:19:49,707 [RatisPipelineUtilsThread] INFO  pipeline.PipelineStateManager (PipelineStateManager.java:addPipeline(56)) - Created pipeline Pipeline[ Id: 75791748-cf67-46d7-b368-58e2c6e4d316, Nodes: 11461bfb-5012-47ea-8ef6-3ae69d061b3b{ip: 192.168.164.217, host: trunk-nightly-20191006-mzxw6-951422410, networkLocation: /default-rack, certSerialId: null}, Type:RATIS, Factor:ONE, State:OPEN]
2019-10-06 06:19:49,716 [grpc-default-executor-7] INFO  impl.RaftServerProxy (RaftServerProxy.java:addNew(89)) - da6e0ba0-5177-4cde-b4b7-39822dda109b: addNew group-0FC2B571AED8:[11461bfb-5012-47ea-8ef6-3ae69d061b3b:192.168.164.217:42066, da6e0ba0-5177-4cde-b4b7-39822dda109b:192.168.164.217:38044, 1d025d5d-4a97-4ef4-a1d1-848d8e540210:192.168.164.217:37171] returns group-0FC2B571AED8:java.util.concurrent.CompletableFuture@5bd3aba7[Not completed]
2019-10-06 06:19:49,716 [grpc-default-executor-3] INFO  impl.RaftServerProxy (RaftServerProxy.java:addNew(89)) - 1d025d5d-4a97-4ef4-a1d1-848d8e540210: addNew group-0FC2B571AED8:[11461bfb-5012-47ea-8ef6-3ae69d061b3b:192.168.164.217:42066, da6e0ba0-5177-4cde-b4b7-39822dda109b:192.168.164.217:38044, 1d025d5d-4a97-4ef4-a1d1-848d8e540210:192.168.164.217:37171] returns group-0FC2B571AED8:java.util.concurrent.CompletableFuture@78bc1a63[Not completed]
2019-10-06 06:19:49,717 [grpc-default-executor-3] INFO  impl.RaftServerProxy (RaftServerProxy.java:addNew(89)) - 11461bfb-5012-47ea-8ef6-3ae69d061b3b: addNew group-0FC2B571AED8:[11461bfb-5012-47ea-8ef6-3ae69d061b3b:192.168.164.217:42066, da6e0ba0-5177-4cde-b4b7-39822dda109b:192.168.164.217:38044, 1d025d5d-4a97-4ef4-a1d1-848d8e540210:192.168.164.217:37171] returns group-0FC2B571AED8:java.util.concurrent.CompletableFuture@580784f6[Not completed]
2019-10-06 06:19:49,718 [pool-419-thread-1] INFO  impl.RaftServerImpl (RaftServerImpl.java:<init>(95)) - 1d025d5d-4a97-4ef4-a1d1-848d8e540210: new RaftServerImpl for group-0FC2B571AED8:[11461bfb-5012-47ea-8ef6-3ae69d061b3b:192.168.164.217:42066, da6e0ba0-5177-4cde-b4b7-39822dda109b:192.168.164.217:38044, 1d025d5d-4a97-4ef4-a1d1-848d8e540210:192.168.164.217:37171] with ContainerStateMachine:uninitialized
2019-10-06 06:19:49,718 [pool-419-thread-1] INFO  server.RaftServerConfigKeys (ConfUtils.java:logGet(43)) - raft.server.rpc.timeout.min = 5s (custom)
2019-10-06 06:19:49,718 [pool-419-thread-1] INFO  server.RaftServerConfigKeys (ConfUtils.java:logGet(43)) - raft.server.rpc.timeout.max = 5200ms (custom)
2019-10-06 06:19:49,718 [pool-419-thread-1] INFO  server.RaftServerConfigKeys (ConfUtils.java:logGet(43)) - raft.server.rpcslowness.timeout = 120s (custom)
2019-10-06 06:19:49,718 [pool-419-thread-1] INFO  server.RaftServerConfigKeys (ConfUtils.java:logGet(43)) - raft.server.sleep.deviation.threshold = 300 (default)
2019-10-06 06:19:49,718 [pool-419-thread-1] INFO  server.RaftServerConfigKeys (ConfUtils.java:logGet(43)) - raft.server.log.appender.install.snapshot.enabled = false (custom)
2019-10-06 06:19:49,719 [pool-419-thread-1] INFO  impl.RaftServerImpl (ServerState.java:<init>(103)) - 1d025d5d-4a97-4ef4-a1d1-848d8e540210@group-0FC2B571AED8: ConfigurationManager, init=-1: [11461bfb-5012-47ea-8ef6-3ae69d061b3b:192.168.164.217:42066, da6e0ba0-5177-4cde-b4b7-39822dda109b:192.168.164.217:38044, 1d025d5d-4a97-4ef4-a1d1-848d8e540210:192.168.164.217:37171], old=null, confs=<EMPTY_MAP>
2019-10-06 06:19:49,719 [pool-409-thread-1] INFO  impl.RaftServerImpl (RaftServerImpl.java:<init>(95)) - da6e0ba0-5177-4cde-b4b7-39822dda109b: new RaftServerImpl for group-0FC2B571AED8:[11461bfb-5012-47ea-8ef6-3ae69d061b3b:192.168.164.217:42066, da6e0ba0-5177-4cde-b4b7-39822dda109b:192.168.164.217:38044, 1d025d5d-4a97-4ef4-a1d1-848d8e540210:192.168.164.217:37171] with ContainerStateMachine:uninitialized
2019-10-06 06:19:49,719 [pool-419-thread-1] INFO  server.RaftServerConfigKeys (ConfUtils.java:logGet(43)) - raft.server.storage.dir = [/workdir/hadoop-ozone/integration-test/target/test-dir/MiniOzoneClusterImpl-efd31f5e-5046-467b-a5e6-3c9a329b9d05/datanode-1/data/ratis] (custom)
2019-10-06 06:19:49,719 [pool-409-thread-1] INFO  server.RaftServerConfigKeys (ConfUtils.java:logGet(43)) - raft.server.rpc.timeout.min = 5s (custom)
2019-10-06 06:19:49,719 [pool-409-thread-1] INFO  server.RaftServerConfigKeys (ConfUtils.java:logGet(43)) - raft.server.rpc.timeout.max = 5200ms (custom)
2019-10-06 06:19:49,719 [pool-419-thread-1] INFO  server.RaftServerConfigKeys (ConfUtils.java:logGet(43)) - raft.server.log.corruption.policy = EXCEPTION (default)
2019-10-06 06:19:49,719 [pool-429-thread-1] INFO  impl.RaftServerImpl (RaftServerImpl.java:<init>(95)) - 11461bfb-5012-47ea-8ef6-3ae69d061b3b: new RaftServerImpl for group-0FC2B571AED8:[11461bfb-5012-47ea-8ef6-3ae69d061b3b:192.168.164.217:42066, da6e0ba0-5177-4cde-b4b7-39822dda109b:192.168.164.217:38044, 1d025d5d-4a97-4ef4-a1d1-848d8e540210:192.168.164.217:37171] with ContainerStateMachine:uninitialized
2019-10-06 06:19:49,720 [pool-419-thread-1] INFO  storage.RaftStorageDirectory (RaftStorageDirectory.java:analyzeStorage(246)) - The storage directory /workdir/hadoop-ozone/integration-test/target/test-dir/MiniOzoneClusterImpl-efd31f5e-5046-467b-a5e6-3c9a329b9d05/datanode-1/data/ratis/29e0806c-adad-4b33-84ef-0fc2b571aed8 does not exist. Creating ...
2019-10-06 06:19:49,719 [pool-409-thread-1] INFO  server.RaftServerConfigKeys (ConfUtils.java:logGet(43)) - raft.server.rpcslowness.timeout = 120s (custom)
2019-10-06 06:19:49,720 [pool-429-thread-1] INFO  server.RaftServerConfigKeys (ConfUtils.java:logGet(43)) - raft.server.rpc.timeout.min = 5s (custom)
2019-10-06 06:19:49,720 [pool-409-thread-1] INFO  server.RaftServerConfigKeys (ConfUtils.java:logGet(43)) - raft.server.sleep.deviation.threshold = 300 (default)
2019-10-06 06:19:49,720 [pool-429-thread-1] INFO  server.RaftServerConfigKeys (ConfUtils.java:logGet(43)) - raft.server.rpc.timeout.max = 5200ms (custom)
2019-10-06 06:19:49,720 [pool-409-thread-1] INFO  server.RaftServerConfigKeys (ConfUtils.java:logGet(43)) - raft.server.log.appender.install.snapshot.enabled = false (custom)
2019-10-06 06:19:49,720 [pool-429-thread-1] INFO  server.RaftServerConfigKeys (ConfUtils.java:logGet(43)) - raft.server.rpcslowness.timeout = 120s (custom)
2019-10-06 06:19:49,720 [pool-409-thread-1] INFO  impl.RaftServerImpl (ServerState.java:<init>(103)) - da6e0ba0-5177-4cde-b4b7-39822dda109b@group-0FC2B571AED8: ConfigurationManager, init=-1: [11461bfb-5012-47ea-8ef6-3ae69d061b3b:192.168.164.217:42066, da6e0ba0-5177-4cde-b4b7-39822dda109b:192.168.164.217:38044, 1d025d5d-4a97-4ef4-a1d1-848d8e540210:192.168.164.217:37171], old=null, confs=<EMPTY_MAP>
2019-10-06 06:19:49,720 [pool-429-thread-1] INFO  server.RaftServerConfigKeys (ConfUtils.java:logGet(43)) - raft.server.sleep.deviation.threshold = 300 (default)
2019-10-06 06:19:49,721 [pool-409-thread-1] INFO  server.RaftServerConfigKeys (ConfUtils.java:logGet(43)) - raft.server.storage.dir = [/workdir/hadoop-ozone/integration-test/target/test-dir/MiniOzoneClusterImpl-efd31f5e-5046-467b-a5e6-3c9a329b9d05/datanode-0/data/ratis] (custom)
2019-10-06 06:19:49,721 [pool-429-thread-1] INFO  server.RaftServerConfigKeys (ConfUtils.java:logGet(43)) - raft.server.log.appender.install.snapshot.enabled = false (custom)
2019-10-06 06:19:49,721 [pool-429-thread-1] INFO  impl.RaftServerImpl (ServerState.java:<init>(103)) - 11461bfb-5012-47ea-8ef6-3ae69d061b3b@group-0FC2B571AED8: ConfigurationManager, init=-1: [11461bfb-5012-47ea-8ef6-3ae69d061b3b:192.168.164.217:42066, da6e0ba0-5177-4cde-b4b7-39822dda109b:192.168.164.217:38044, 1d025d5d-4a97-4ef4-a1d1-848d8e540210:192.168.164.217:37171], old=null, confs=<EMPTY_MAP>
2019-10-06 06:19:49,721 [pool-409-thread-1] INFO  server.RaftServerConfigKeys (ConfUtils.java:logGet(43)) - raft.server.log.corruption.policy = EXCEPTION (default)
2019-10-06 06:19:49,721 [pool-429-thread-1] INFO  server.RaftServerConfigKeys (ConfUtils.java:logGet(43)) - raft.server.storage.dir = [/workdir/hadoop-ozone/integration-test/target/test-dir/MiniOzoneClusterImpl-efd31f5e-5046-467b-a5e6-3c9a329b9d05/datanode-2/data/ratis] (custom)
2019-10-06 06:19:49,721 [pool-409-thread-1] INFO  storage.RaftStorageDirectory (RaftStorageDirectory.java:analyzeStorage(246)) - The storage directory /workdir/hadoop-ozone/integration-test/target/test-dir/MiniOzoneClusterImpl-efd31f5e-5046-467b-a5e6-3c9a329b9d05/datanode-0/data/ratis/29e0806c-adad-4b33-84ef-0fc2b571aed8 does not exist. Creating ...
2019-10-06 06:19:49,721 [pool-429-thread-1] INFO  server.RaftServerConfigKeys (ConfUtils.java:logGet(43)) - raft.server.log.corruption.policy = EXCEPTION (default)
2019-10-06 06:19:49,721 [pool-429-thread-1] INFO  storage.RaftStorageDirectory (RaftStorageDirectory.java:analyzeStorage(246)) - The storage directory /workdir/hadoop-ozone/integration-test/target/test-dir/MiniOzoneClusterImpl-efd31f5e-5046-467b-a5e6-3c9a329b9d05/datanode-2/data/ratis/29e0806c-adad-4b33-84ef-0fc2b571aed8 does not exist. Creating ...
2019-10-06 06:19:49,725 [IPC Server handler 5 on 39859] INFO  net.NetworkTopology (NetworkTopologyImpl.java:add(111)) - Added a new node: /default-rack/f3a61cbf-6fbf-4694-8557-fbf2e6e8faeb
2019-10-06 06:19:49,726 [IPC Server handler 5 on 39859] INFO  node.SCMNodeManager (SCMNodeManager.java:register(268)) - Registered Data node : f3a61cbf-6fbf-4694-8557-fbf2e6e8faeb{ip: 192.168.164.217, host: trunk-nightly-20191006-mzxw6-951422410, networkLocation: /default-rack, certSerialId: null}
2019-10-06 06:19:49,733 [pool-409-thread-1] INFO  storage.RaftStorageDirectory (RaftStorageDirectory.java:tryLock(328)) - Lock on /workdir/hadoop-ozone/integration-test/target/test-dir/MiniOzoneClusterImpl-efd31f5e-5046-467b-a5e6-3c9a329b9d05/datanode-0/data/ratis/29e0806c-adad-4b33-84ef-0fc2b571aed8/in_use.lock acquired by nodename 8769@trunk-nightly-20191006-mzxw6-951422410
2019-10-06 06:19:49,733 [pool-419-thread-1] INFO  storage.RaftStorageDirectory (RaftStorageDirectory.java:tryLock(328)) - Lock on /workdir/hadoop-ozone/integration-test/target/test-dir/MiniOzoneClusterImpl-efd31f5e-5046-467b-a5e6-3c9a329b9d05/datanode-1/data/ratis/29e0806c-adad-4b33-84ef-0fc2b571aed8/in_use.lock acquired by nodename 8769@trunk-nightly-20191006-mzxw6-951422410
2019-10-06 06:19:49,733 [pool-429-thread-1] INFO  storage.RaftStorageDirectory (RaftStorageDirectory.java:tryLock(328)) - Lock on /workdir/hadoop-ozone/integration-test/target/test-dir/MiniOzoneClusterImpl-efd31f5e-5046-467b-a5e6-3c9a329b9d05/datanode-2/data/ratis/29e0806c-adad-4b33-84ef-0fc2b571aed8/in_use.lock acquired by nodename 8769@trunk-nightly-20191006-mzxw6-951422410
2019-10-06 06:19:49,746 [pool-419-thread-1] INFO  storage.RaftStorage (RaftStorage.java:format(84)) - Storage directory /workdir/hadoop-ozone/integration-test/target/test-dir/MiniOzoneClusterImpl-efd31f5e-5046-467b-a5e6-3c9a329b9d05/datanode-1/data/ratis/29e0806c-adad-4b33-84ef-0fc2b571aed8 has been successfully formatted.
2019-10-06 06:19:49,746 [pool-409-thread-1] INFO  storage.RaftStorage (RaftStorage.java:format(84)) - Storage directory /workdir/hadoop-ozone/integration-test/target/test-dir/MiniOzoneClusterImpl-efd31f5e-5046-467b-a5e6-3c9a329b9d05/datanode-0/data/ratis/29e0806c-adad-4b33-84ef-0fc2b571aed8 has been successfully formatted.
2019-10-06 06:19:49,746 [pool-429-thread-1] INFO  storage.RaftStorage (RaftStorage.java:format(84)) - Storage directory /workdir/hadoop-ozone/integration-test/target/test-dir/MiniOzoneClusterImpl-efd31f5e-5046-467b-a5e6-3c9a329b9d05/datanode-2/data/ratis/29e0806c-adad-4b33-84ef-0fc2b571aed8 has been successfully formatted.
2019-10-06 06:19:49,747 [pool-409-thread-1] INFO  ratis.ContainerStateMachine (ContainerStateMachine.java:loadSnapshot(230)) - group-0FC2B571AED8: The snapshot info is null. Setting the last applied indexto:(t:0, i:~)
2019-10-06 06:19:49,747 [pool-429-thread-1] INFO  ratis.ContainerStateMachine (ContainerStateMachine.java:loadSnapshot(230)) - group-0FC2B571AED8: The snapshot info is null. Setting the last applied indexto:(t:0, i:~)
2019-10-06 06:19:49,747 [pool-419-thread-1] INFO  ratis.ContainerStateMachine (ContainerStateMachine.java:loadSnapshot(230)) - group-0FC2B571AED8: The snapshot info is null. Setting the last applied indexto:(t:0, i:~)
2019-10-06 06:19:49,747 [pool-429-thread-1] INFO  server.RaftServerConfigKeys (ConfUtils.java:logGet(43)) - raft.server.notification.no-leader.timeout = 120s (custom)
2019-10-06 06:19:49,747 [pool-409-thread-1] INFO  server.RaftServerConfigKeys (ConfUtils.java:logGet(43)) - raft.server.notification.no-leader.timeout = 120s (custom)
2019-10-06 06:19:49,747 [pool-429-thread-1] INFO  server.RaftServerConfigKeys (ConfUtils.java:logGet(43)) - raft.server.log.use.memory = false (default)
2019-10-06 06:19:49,747 [pool-419-thread-1] INFO  server.RaftServerConfigKeys (ConfUtils.java:logGet(43)) - raft.server.notification.no-leader.timeout = 120s (custom)
2019-10-06 06:19:49,748 [pool-429-thread-1] INFO  server.RaftServerConfigKeys (ConfUtils.java:logGet(43)) - raft.server.log.purge.gap = 1000000 (custom)
2019-10-06 06:19:49,748 [pool-409-thread-1] INFO  server.RaftServerConfigKeys (ConfUtils.java:logGet(43)) - raft.server.log.use.memory = false (default)
2019-10-06 06:19:49,748 [pool-429-thread-1] INFO  server.RaftServerConfigKeys (ConfUtils.java:logGet(43)) - raft.server.log.appender.buffer.byte-limit = 33554432 (custom)
2019-10-06 06:19:49,748 [pool-419-thread-1] INFO  server.RaftServerConfigKeys (ConfUtils.java:logGet(43)) - raft.server.log.use.memory = false (default)
2019-10-06 06:19:49,748 [pool-429-thread-1] INFO  server.RaftServerConfigKeys (ConfUtils.java:logGet(43)) - raft.server.log.segment.size.max = 1048576 (custom)
2019-10-06 06:19:49,749 [pool-429-thread-1] INFO  server.RaftServerConfigKeys (ConfUtils.java:logGet(43)) - raft.server.log.segment.cache.num.max = 2 (custom)
2019-10-06 06:19:49,748 [pool-409-thread-1] INFO  server.RaftServerConfigKeys (ConfUtils.java:logGet(43)) - raft.server.log.purge.gap = 1000000 (custom)
2019-10-06 06:19:49,749 [pool-429-thread-1] INFO  segmented.SegmentedRaftLogWorker (SegmentedRaftLogWorker.java:<init>(173)) - new 11461bfb-5012-47ea-8ef6-3ae69d061b3b@group-0FC2B571AED8-SegmentedRaftLogWorker for RaftStorage:Storage Directory /workdir/hadoop-ozone/integration-test/target/test-dir/MiniOzoneClusterImpl-efd31f5e-5046-467b-a5e6-3c9a329b9d05/datanode-2/data/ratis/29e0806c-adad-4b33-84ef-0fc2b571aed8
2019-10-06 06:19:49,749 [pool-429-thread-1] INFO  server.RaftServerConfigKeys (ConfUtils.java:logGet(43)) - raft.server.log.queue.byte-limit = 2147483647 (custom)
2019-10-06 06:19:49,748 [pool-419-thread-1] INFO  server.RaftServerConfigKeys (ConfUtils.java:logGet(43)) - raft.server.log.purge.gap = 1000000 (custom)
2019-10-06 06:19:49,749 [pool-429-thread-1] INFO  server.RaftServerConfigKeys (ConfUtils.java:logGet(43)) - raft.server.log.queue.element-limit = 1024 (custom)
2019-10-06 06:19:49,749 [pool-409-thread-1] INFO  server.RaftServerConfigKeys (ConfUtils.java:logGet(43)) - raft.server.log.appender.buffer.byte-limit = 33554432 (custom)
2019-10-06 06:19:49,749 [pool-429-thread-1] INFO  server.RaftServerConfigKeys (ConfUtils.java:logGet(43)) - raft.server.log.segment.size.max = 1048576 (custom)
2019-10-06 06:19:49,749 [pool-419-thread-1] INFO  server.RaftServerConfigKeys (ConfUtils.java:logGet(43)) - raft.server.log.appender.buffer.byte-limit = 33554432 (custom)
2019-10-06 06:19:49,750 [pool-429-thread-1] INFO  server.RaftServerConfigKeys (ConfUtils.java:logGet(43)) - raft.server.log.preallocated.size = 16384 (custom)
2019-10-06 06:19:49,750 [pool-429-thread-1] INFO  server.RaftServerConfigKeys (ConfUtils.java:logGet(43)) - raft.server.log.write.buffer.size = 33554432 (custom)
2019-10-06 06:19:49,750 [pool-409-thread-1] INFO  server.RaftServerConfigKeys (ConfUtils.java:logGet(43)) - raft.server.log.segment.size.max = 1048576 (custom)
2019-10-06 06:19:49,750 [pool-429-thread-1] INFO  server.RaftServerConfigKeys (ConfUtils.java:logGet(43)) - raft.server.log.force.sync.num = 128 (default)
2019-10-06 06:19:49,750 [pool-419-thread-1] INFO  server.RaftServerConfigKeys (ConfUtils.java:logGet(43)) - raft.server.log.segment.size.max = 1048576 (custom)
2019-10-06 06:19:49,750 [pool-429-thread-1] INFO  server.RaftServerConfigKeys (ConfUtils.java:logGet(43)) - raft.server.log.statemachine.data.sync = true (default)
2019-10-06 06:19:49,750 [pool-409-thread-1] INFO  server.RaftServerConfigKeys (ConfUtils.java:logGet(43)) - raft.server.log.segment.cache.num.max = 2 (custom)
2019-10-06 06:19:49,751 [pool-429-thread-1] INFO  server.RaftServerConfigKeys (ConfUtils.java:logGet(43)) - raft.server.log.statemachine.data.sync.timeout = 10s (default)
2019-10-06 06:19:49,751 [pool-419-thread-1] INFO  server.RaftServerConfigKeys (ConfUtils.java:logGet(43)) - raft.server.log.segment.cache.num.max = 2 (custom)
2019-10-06 06:19:49,751 [pool-429-thread-1] INFO  server.RaftServerConfigKeys (ConfUtils.java:logGet(43)) - raft.server.log.statemachine.data.sync.timeout.retry = -1 (default)
2019-10-06 06:19:49,751 [pool-409-thread-1] INFO  segmented.SegmentedRaftLogWorker (SegmentedRaftLogWorker.java:<init>(173)) - new da6e0ba0-5177-4cde-b4b7-39822dda109b@group-0FC2B571AED8-SegmentedRaftLogWorker for RaftStorage:Storage Directory /workdir/hadoop-ozone/integration-test/target/test-dir/MiniOzoneClusterImpl-efd31f5e-5046-467b-a5e6-3c9a329b9d05/datanode-0/data/ratis/29e0806c-adad-4b33-84ef-0fc2b571aed8
2019-10-06 06:19:49,751 [pool-429-thread-1] INFO  server.RaftServerConfigKeys (ConfUtils.java:logGet(43)) - raft.server.log.statemachine.data.caching.enabled = true (custom)
2019-10-06 06:19:49,751 [pool-419-thread-1] INFO  segmented.SegmentedRaftLogWorker (SegmentedRaftLogWorker.java:<init>(173)) - new 1d025d5d-4a97-4ef4-a1d1-848d8e540210@group-0FC2B571AED8-SegmentedRaftLogWorker for RaftStorage:Storage Directory /workdir/hadoop-ozone/integration-test/target/test-dir/MiniOzoneClusterImpl-efd31f5e-5046-467b-a5e6-3c9a329b9d05/datanode-1/data/ratis/29e0806c-adad-4b33-84ef-0fc2b571aed8
2019-10-06 06:19:49,752 [pool-429-thread-1] INFO  segmented.SegmentedRaftLogWorker (SegmentedRaftLogWorker.java:lambda$new$0(128)) - 11461bfb-5012-47ea-8ef6-3ae69d061b3b@group-0FC2B571AED8-SegmentedRaftLogWorker: flushIndex: setUnconditionally 0 -> -1
2019-10-06 06:19:49,752 [pool-409-thread-1] INFO  server.RaftServerConfigKeys (ConfUtils.java:logGet(43)) - raft.server.log.queue.byte-limit = 2147483647 (custom)
2019-10-06 06:19:49,752 [pool-419-thread-1] INFO  server.RaftServerConfigKeys (ConfUtils.java:logGet(43)) - raft.server.log.queue.byte-limit = 2147483647 (custom)
2019-10-06 06:19:49,752 [pool-429-thread-1] INFO  server.RaftServerConfigKeys (ConfUtils.java:logGet(43)) - raft.server.snapshot.auto.trigger.enabled = true (custom)
2019-10-06 06:19:49,752 [pool-409-thread-1] INFO  server.RaftServerConfigKeys (ConfUtils.java:logGet(43)) - raft.server.log.queue.element-limit = 1024 (custom)
2019-10-06 06:19:49,752 [pool-429-thread-1] INFO  server.RaftServerConfigKeys (ConfUtils.java:logGet(43)) - raft.server.snapshot.auto.trigger.threshold = 10000 (custom)
2019-10-06 06:19:49,752 [pool-419-thread-1] INFO  server.RaftServerConfigKeys (ConfUtils.java:logGet(43)) - raft.server.log.queue.element-limit = 1024 (custom)
2019-10-06 06:19:49,753 [pool-429-thread-1] INFO  server.RaftServerConfigKeys (ConfUtils.java:logGet(43)) - raft.server.snapshot.retention.file.num = 5 (custom)
2019-10-06 06:19:49,753 [pool-409-thread-1] INFO  server.RaftServerConfigKeys (ConfUtils.java:logGet(43)) - raft.server.log.segment.size.max = 1048576 (custom)
2019-10-06 06:19:49,753 [pool-429-thread-1] INFO  server.RaftServerConfigKeys (ConfUtils.java:logGet(43)) - raft.server.retrycache.expirytime = 600000ms (custom)
2019-10-06 06:19:49,753 [pool-419-thread-1] INFO  server.RaftServerConfigKeys (ConfUtils.java:logGet(43)) - raft.server.log.segment.size.max = 1048576 (custom)
2019-10-06 06:19:49,753 [pool-409-thread-1] INFO  server.RaftServerConfigKeys (ConfUtils.java:logGet(43)) - raft.server.log.preallocated.size = 16384 (custom)
2019-10-06 06:19:49,753 [pool-419-thread-1] INFO  server.RaftServerConfigKeys (ConfUtils.java:logGet(43)) - raft.server.log.preallocated.size = 16384 (custom)
2019-10-06 06:19:49,753 [pool-409-thread-1] INFO  server.RaftServerConfigKeys (ConfUtils.java:logGet(43)) - raft.server.log.write.buffer.size = 33554432 (custom)
2019-10-06 06:19:49,754 [pool-419-thread-1] INFO  server.RaftServerConfigKeys (ConfUtils.java:logGet(43)) - raft.server.log.write.buffer.size = 33554432 (custom)
2019-10-06 06:19:49,754 [pool-409-thread-1] INFO  server.RaftServerConfigKeys (ConfUtils.java:logGet(43)) - raft.server.log.force.sync.num = 128 (default)
2019-10-06 06:19:49,754 [pool-419-thread-1] INFO  server.RaftServerConfigKeys (ConfUtils.java:logGet(43)) - raft.server.log.force.sync.num = 128 (default)
2019-10-06 06:19:49,754 [pool-409-thread-1] INFO  server.RaftServerConfigKeys (ConfUtils.java:logGet(43)) - raft.server.log.statemachine.data.sync = true (default)
2019-10-06 06:19:49,754 [pool-419-thread-1] INFO  server.RaftServerConfigKeys (ConfUtils.java:logGet(43)) - raft.server.log.statemachine.data.sync = true (default)
2019-10-06 06:19:49,754 [pool-409-thread-1] INFO  server.RaftServerConfigKeys (ConfUtils.java:logGet(43)) - raft.server.log.statemachine.data.sync.timeout = 10s (default)
2019-10-06 06:19:49,754 [pool-429-thread-1] INFO  impl.RaftServerImpl (RaftServerImpl.java:start(181)) - 11461bfb-5012-47ea-8ef6-3ae69d061b3b@group-0FC2B571AED8: start as a follower, conf=-1: [11461bfb-5012-47ea-8ef6-3ae69d061b3b:192.168.164.217:42066, da6e0ba0-5177-4cde-b4b7-39822dda109b:192.168.164.217:38044, 1d025d5d-4a97-4ef4-a1d1-848d8e540210:192.168.164.217:37171], old=null
2019-10-06 06:19:49,755 [pool-409-thread-1] INFO  server.RaftServerConfigKeys (ConfUtils.java:logGet(43)) - raft.server.log.statemachine.data.sync.timeout.retry = -1 (default)
2019-10-06 06:19:49,754 [pool-419-thread-1] INFO  server.RaftServerConfigKeys (ConfUtils.java:logGet(43)) - raft.server.log.statemachine.data.sync.timeout = 10s (default)
2019-10-06 06:19:49,755 [pool-409-thread-1] INFO  server.RaftServerConfigKeys (ConfUtils.java:logGet(43)) - raft.server.log.statemachine.data.caching.enabled = true (custom)
2019-10-06 06:19:49,755 [pool-429-thread-1] INFO  impl.RaftServerImpl (RaftServerImpl.java:setRole(170)) - 11461bfb-5012-47ea-8ef6-3ae69d061b3b@group-0FC2B571AED8: changes role from      null to FOLLOWER at term 0 for startAsFollower
2019-10-06 06:19:49,755 [pool-419-thread-1] INFO  server.RaftServerConfigKeys (ConfUtils.java:logGet(43)) - raft.server.log.statemachine.data.sync.timeout.retry = -1 (default)
2019-10-06 06:19:49,755 [pool-429-thread-1] INFO  impl.RoleInfo (RoleInfo.java:updateAndGet(143)) - 11461bfb-5012-47ea-8ef6-3ae69d061b3b: start FollowerState
2019-10-06 06:19:49,755 [pool-409-thread-1] INFO  segmented.SegmentedRaftLogWorker (SegmentedRaftLogWorker.java:lambda$new$0(128)) - da6e0ba0-5177-4cde-b4b7-39822dda109b@group-0FC2B571AED8-SegmentedRaftLogWorker: flushIndex: setUnconditionally 0 -> -1
2019-10-06 06:19:49,755 [pool-419-thread-1] INFO  server.RaftServerConfigKeys (ConfUtils.java:logGet(43)) - raft.server.log.statemachine.data.caching.enabled = true (custom)
2019-10-06 06:19:49,774 [pool-429-thread-1] INFO  util.JmxRegister (JmxRegister.java:tryRegister(44)) - Successfully registered JMX Bean with object name Ratis:service=RaftServer,group=group-0FC2B571AED8,id=11461bfb-5012-47ea-8ef6-3ae69d061b3b
2019-10-06 06:19:49,774 [pool-409-thread-1] INFO  server.RaftServerConfigKeys (ConfUtils.java:logGet(43)) - raft.server.snapshot.auto.trigger.enabled = true (custom)
2019-10-06 06:19:49,774 [pool-419-thread-1] INFO  segmented.SegmentedRaftLogWorker (SegmentedRaftLogWorker.java:lambda$new$0(128)) - 1d025d5d-4a97-4ef4-a1d1-848d8e540210@group-0FC2B571AED8-SegmentedRaftLogWorker: flushIndex: setUnconditionally 0 -> -1
2019-10-06 06:19:49,774 [pool-409-thread-1] INFO  server.RaftServerConfigKeys (ConfUtils.java:logGet(43)) - raft.server.snapshot.auto.trigger.threshold = 10000 (custom)
2019-10-06 06:19:49,774 [pool-409-thread-1] INFO  server.RaftServerConfigKeys (ConfUtils.java:logGet(43)) - raft.server.snapshot.retention.file.num = 5 (custom)
2019-10-06 06:19:49,775 [pool-419-thread-1] INFO  server.RaftServerConfigKeys (ConfUtils.java:logGet(43)) - raft.server.snapshot.auto.trigger.enabled = true (custom)
2019-10-06 06:19:49,775 [pool-409-thread-1] INFO  server.RaftServerConfigKeys (ConfUtils.java:logGet(43)) - raft.server.retrycache.expirytime = 600000ms (custom)
2019-10-06 06:19:49,775 [pool-419-thread-1] INFO  server.RaftServerConfigKeys (ConfUtils.java:logGet(43)) - raft.server.snapshot.auto.trigger.threshold = 10000 (custom)
2019-10-06 06:19:49,775 [pool-419-thread-1] INFO  server.RaftServerConfigKeys (ConfUtils.java:logGet(43)) - raft.server.snapshot.retention.file.num = 5 (custom)
2019-10-06 06:19:49,775 [pool-419-thread-1] INFO  server.RaftServerConfigKeys (ConfUtils.java:logGet(43)) - raft.server.retrycache.expirytime = 600000ms (custom)
2019-10-06 06:19:49,789 [IPC Server handler 2 on 39859] INFO  net.NetworkTopology (NetworkTopologyImpl.java:add(111)) - Added a new node: /default-rack/d9cd26b1-985e-4dec-adee-0a29c7d0d5c5
2019-10-06 06:19:49,792 [IPC Server handler 2 on 39859] INFO  node.SCMNodeManager (SCMNodeManager.java:register(268)) - Registered Data node : d9cd26b1-985e-4dec-adee-0a29c7d0d5c5{ip: 192.168.164.217, host: trunk-nightly-20191006-mzxw6-951422410, networkLocation: /default-rack, certSerialId: null}
2019-10-06 06:19:49,793 [pool-409-thread-1] INFO  impl.RaftServerImpl (RaftServerImpl.java:start(181)) - da6e0ba0-5177-4cde-b4b7-39822dda109b@group-0FC2B571AED8: start as a follower, conf=-1: [11461bfb-5012-47ea-8ef6-3ae69d061b3b:192.168.164.217:42066, da6e0ba0-5177-4cde-b4b7-39822dda109b:192.168.164.217:38044, 1d025d5d-4a97-4ef4-a1d1-848d8e540210:192.168.164.217:37171], old=null
2019-10-06 06:19:49,793 [pool-409-thread-1] INFO  impl.RaftServerImpl (RaftServerImpl.java:setRole(170)) - da6e0ba0-5177-4cde-b4b7-39822dda109b@group-0FC2B571AED8: changes role from      null to FOLLOWER at term 0 for startAsFollower
2019-10-06 06:19:49,793 [pool-419-thread-1] INFO  impl.RaftServerImpl (RaftServerImpl.java:start(181)) - 1d025d5d-4a97-4ef4-a1d1-848d8e540210@group-0FC2B571AED8: start as a follower, conf=-1: [11461bfb-5012-47ea-8ef6-3ae69d061b3b:192.168.164.217:42066, da6e0ba0-5177-4cde-b4b7-39822dda109b:192.168.164.217:38044, 1d025d5d-4a97-4ef4-a1d1-848d8e540210:192.168.164.217:37171], old=null
2019-10-06 06:19:49,793 [pool-409-thread-1] INFO  impl.RoleInfo (RoleInfo.java:updateAndGet(143)) - da6e0ba0-5177-4cde-b4b7-39822dda109b: start FollowerState
2019-10-06 06:19:49,793 [pool-419-thread-1] INFO  impl.RaftServerImpl (RaftServerImpl.java:setRole(170)) - 1d025d5d-4a97-4ef4-a1d1-848d8e540210@group-0FC2B571AED8: changes role from      null to FOLLOWER at term 0 for startAsFollower
2019-10-06 06:19:49,793 [pool-419-thread-1] INFO  impl.RoleInfo (RoleInfo.java:updateAndGet(143)) - 1d025d5d-4a97-4ef4-a1d1-848d8e540210: start FollowerState
2019-10-06 06:19:49,793 [pool-409-thread-1] INFO  util.JmxRegister (JmxRegister.java:tryRegister(44)) - Successfully registered JMX Bean with object name Ratis:service=RaftServer,group=group-0FC2B571AED8,id=da6e0ba0-5177-4cde-b4b7-39822dda109b
2019-10-06 06:19:49,794 [pool-419-thread-1] INFO  util.JmxRegister (JmxRegister.java:tryRegister(44)) - Successfully registered JMX Bean with object name Ratis:service=RaftServer,group=group-0FC2B571AED8,id=1d025d5d-4a97-4ef4-a1d1-848d8e540210
2019-10-06 06:19:49,802 [RatisPipelineUtilsThread] INFO  pipeline.PipelineStateManager (PipelineStateManager.java:addPipeline(56)) - Created pipeline Pipeline[ Id: 29e0806c-adad-4b33-84ef-0fc2b571aed8, Nodes: da6e0ba0-5177-4cde-b4b7-39822dda109b{ip: 192.168.164.217, host: trunk-nightly-20191006-mzxw6-951422410, networkLocation: /default-rack, certSerialId: null}1d025d5d-4a97-4ef4-a1d1-848d8e540210{ip: 192.168.164.217, host: trunk-nightly-20191006-mzxw6-951422410, networkLocation: /default-rack, certSerialId: null}11461bfb-5012-47ea-8ef6-3ae69d061b3b{ip: 192.168.164.217, host: trunk-nightly-20191006-mzxw6-951422410, networkLocation: /default-rack, certSerialId: null}, Type:RATIS, Factor:THREE, State:OPEN]
2019-10-06 06:19:49,855 [IPC Server handler 1 on 39859] INFO  net.NetworkTopology (NetworkTopologyImpl.java:add(111)) - Added a new node: /default-rack/b5140278-da64-4b2c-aedb-8ab830e5d74a
2019-10-06 06:19:49,856 [IPC Server handler 1 on 39859] INFO  node.SCMNodeManager (SCMNodeManager.java:register(268)) - Registered Data node : b5140278-da64-4b2c-aedb-8ab830e5d74a{ip: 192.168.164.217, host: trunk-nightly-20191006-mzxw6-951422410, networkLocation: /default-rack, certSerialId: null}
2019-10-06 06:19:49,864 [grpc-default-executor-3] INFO  impl.RaftServerProxy (RaftServerProxy.java:addNew(89)) - f3a61cbf-6fbf-4694-8557-fbf2e6e8faeb: addNew group-C8C6111C5A04:[f3a61cbf-6fbf-4694-8557-fbf2e6e8faeb:192.168.164.217:44272] returns group-C8C6111C5A04:java.util.concurrent.CompletableFuture@638a88f2[Not completed]
2019-10-06 06:19:49,867 [pool-439-thread-1] INFO  impl.RaftServerImpl (RaftServerImpl.java:<init>(95)) - f3a61cbf-6fbf-4694-8557-fbf2e6e8faeb: new RaftServerImpl for group-C8C6111C5A04:[f3a61cbf-6fbf-4694-8557-fbf2e6e8faeb:192.168.164.217:44272] with ContainerStateMachine:uninitialized
2019-10-06 06:19:49,868 [pool-439-thread-1] INFO  server.RaftServerConfigKeys (ConfUtils.java:logGet(43)) - raft.server.rpc.timeout.min = 5s (custom)
2019-10-06 06:19:49,868 [pool-439-thread-1] INFO  server.RaftServerConfigKeys (ConfUtils.java:logGet(43)) - raft.server.rpc.timeout.max = 5200ms (custom)
2019-10-06 06:19:49,868 [pool-439-thread-1] INFO  server.RaftServerConfigKeys (ConfUtils.java:logGet(43)) - raft.server.rpcslowness.timeout = 120s (custom)
2019-10-06 06:19:49,868 [pool-439-thread-1] INFO  server.RaftServerConfigKeys (ConfUtils.java:logGet(43)) - raft.server.sleep.deviation.threshold = 300 (default)
2019-10-06 06:19:49,868 [pool-439-thread-1] INFO  server.RaftServerConfigKeys (ConfUtils.java:logGet(43)) - raft.server.log.appender.install.snapshot.enabled = false (custom)
2019-10-06 06:19:49,868 [pool-439-thread-1] INFO  impl.RaftServerImpl (ServerState.java:<init>(103)) - f3a61cbf-6fbf-4694-8557-fbf2e6e8faeb@group-C8C6111C5A04: ConfigurationManager, init=-1: [f3a61cbf-6fbf-4694-8557-fbf2e6e8faeb:192.168.164.217:44272], old=null, confs=<EMPTY_MAP>
2019-10-06 06:19:49,868 [pool-439-thread-1] INFO  server.RaftServerConfigKeys (ConfUtils.java:logGet(43)) - raft.server.storage.dir = [/workdir/hadoop-ozone/integration-test/target/test-dir/MiniOzoneClusterImpl-efd31f5e-5046-467b-a5e6-3c9a329b9d05/datanode-3/data/ratis] (custom)
2019-10-06 06:19:49,869 [pool-439-thread-1] INFO  server.RaftServerConfigKeys (ConfUtils.java:logGet(43)) - raft.server.log.corruption.policy = EXCEPTION (default)
2019-10-06 06:19:49,869 [pool-439-thread-1] INFO  storage.RaftStorageDirectory (RaftStorageDirectory.java:analyzeStorage(246)) - The storage directory /workdir/hadoop-ozone/integration-test/target/test-dir/MiniOzoneClusterImpl-efd31f5e-5046-467b-a5e6-3c9a329b9d05/datanode-3/data/ratis/66e4af66-d0eb-4801-8e69-c8c6111c5a04 does not exist. Creating ...
2019-10-06 06:19:49,882 [pool-439-thread-1] INFO  storage.RaftStorageDirectory (RaftStorageDirectory.java:tryLock(328)) - Lock on /workdir/hadoop-ozone/integration-test/target/test-dir/MiniOzoneClusterImpl-efd31f5e-5046-467b-a5e6-3c9a329b9d05/datanode-3/data/ratis/66e4af66-d0eb-4801-8e69-c8c6111c5a04/in_use.lock acquired by nodename 8769@trunk-nightly-20191006-mzxw6-951422410
2019-10-06 06:19:49,896 [pool-439-thread-1] INFO  storage.RaftStorage (RaftStorage.java:format(84)) - Storage directory /workdir/hadoop-ozone/integration-test/target/test-dir/MiniOzoneClusterImpl-efd31f5e-5046-467b-a5e6-3c9a329b9d05/datanode-3/data/ratis/66e4af66-d0eb-4801-8e69-c8c6111c5a04 has been successfully formatted.
2019-10-06 06:19:49,896 [pool-439-thread-1] INFO  ratis.ContainerStateMachine (ContainerStateMachine.java:loadSnapshot(230)) - group-C8C6111C5A04: The snapshot info is null. Setting the last applied indexto:(t:0, i:~)
2019-10-06 06:19:49,896 [pool-439-thread-1] INFO  server.RaftServerConfigKeys (ConfUtils.java:logGet(43)) - raft.server.notification.no-leader.timeout = 120s (custom)
2019-10-06 06:19:49,896 [pool-439-thread-1] INFO  server.RaftServerConfigKeys (ConfUtils.java:logGet(43)) - raft.server.log.use.memory = false (default)
2019-10-06 06:19:49,896 [pool-439-thread-1] INFO  server.RaftServerConfigKeys (ConfUtils.java:logGet(43)) - raft.server.log.purge.gap = 1000000 (custom)
2019-10-06 06:19:49,896 [pool-439-thread-1] INFO  server.RaftServerConfigKeys (ConfUtils.java:logGet(43)) - raft.server.log.appender.buffer.byte-limit = 33554432 (custom)
2019-10-06 06:19:49,897 [pool-439-thread-1] INFO  server.RaftServerConfigKeys (ConfUtils.java:logGet(43)) - raft.server.log.segment.size.max = 1048576 (custom)
2019-10-06 06:19:49,898 [pool-439-thread-1] INFO  server.RaftServerConfigKeys (ConfUtils.java:logGet(43)) - raft.server.log.segment.cache.num.max = 2 (custom)
2019-10-06 06:19:49,898 [pool-439-thread-1] INFO  segmented.SegmentedRaftLogWorker (SegmentedRaftLogWorker.java:<init>(173)) - new f3a61cbf-6fbf-4694-8557-fbf2e6e8faeb@group-C8C6111C5A04-SegmentedRaftLogWorker for RaftStorage:Storage Directory /workdir/hadoop-ozone/integration-test/target/test-dir/MiniOzoneClusterImpl-efd31f5e-5046-467b-a5e6-3c9a329b9d05/datanode-3/data/ratis/66e4af66-d0eb-4801-8e69-c8c6111c5a04
2019-10-06 06:19:49,898 [pool-439-thread-1] INFO  server.RaftServerConfigKeys (ConfUtils.java:logGet(43)) - raft.server.log.queue.byte-limit = 2147483647 (custom)
2019-10-06 06:19:49,898 [pool-439-thread-1] INFO  server.RaftServerConfigKeys (ConfUtils.java:logGet(43)) - raft.server.log.queue.element-limit = 1024 (custom)
2019-10-06 06:19:49,898 [pool-439-thread-1] INFO  server.RaftServerConfigKeys (ConfUtils.java:logGet(43)) - raft.server.log.segment.size.max = 1048576 (custom)
2019-10-06 06:19:49,898 [pool-439-thread-1] INFO  server.RaftServerConfigKeys (ConfUtils.java:logGet(43)) - raft.server.log.preallocated.size = 16384 (custom)
2019-10-06 06:19:49,898 [pool-439-thread-1] INFO  server.RaftServerConfigKeys (ConfUtils.java:logGet(43)) - raft.server.log.write.buffer.size = 33554432 (custom)
2019-10-06 06:19:49,898 [pool-439-thread-1] INFO  server.RaftServerConfigKeys (ConfUtils.java:logGet(43)) - raft.server.log.force.sync.num = 128 (default)
2019-10-06 06:19:49,899 [pool-439-thread-1] INFO  server.RaftServerConfigKeys (ConfUtils.java:logGet(43)) - raft.server.log.statemachine.data.sync = true (default)
2019-10-06 06:19:49,899 [pool-439-thread-1] INFO  server.RaftServerConfigKeys (ConfUtils.java:logGet(43)) - raft.server.log.statemachine.data.sync.timeout = 10s (default)
2019-10-06 06:19:49,899 [pool-439-thread-1] INFO  server.RaftServerConfigKeys (ConfUtils.java:logGet(43)) - raft.server.log.statemachine.data.sync.timeout.retry = -1 (default)
2019-10-06 06:19:49,899 [pool-439-thread-1] INFO  server.RaftServerConfigKeys (ConfUtils.java:logGet(43)) - raft.server.log.statemachine.data.caching.enabled = true (custom)
2019-10-06 06:19:49,899 [pool-439-thread-1] INFO  segmented.SegmentedRaftLogWorker (SegmentedRaftLogWorker.java:lambda$new$0(128)) - f3a61cbf-6fbf-4694-8557-fbf2e6e8faeb@group-C8C6111C5A04-SegmentedRaftLogWorker: flushIndex: setUnconditionally 0 -> -1
2019-10-06 06:19:49,899 [pool-439-thread-1] INFO  server.RaftServerConfigKeys (ConfUtils.java:logGet(43)) - raft.server.snapshot.auto.trigger.enabled = true (custom)
2019-10-06 06:19:49,900 [pool-439-thread-1] INFO  server.RaftServerConfigKeys (ConfUtils.java:logGet(43)) - raft.server.snapshot.auto.trigger.threshold = 10000 (custom)
2019-10-06 06:19:49,900 [pool-439-thread-1] INFO  server.RaftServerConfigKeys (ConfUtils.java:logGet(43)) - raft.server.snapshot.retention.file.num = 5 (custom)
2019-10-06 06:19:49,900 [pool-439-thread-1] INFO  server.RaftServerConfigKeys (ConfUtils.java:logGet(43)) - raft.server.retrycache.expirytime = 600000ms (custom)
2019-10-06 06:19:49,901 [pool-439-thread-1] INFO  impl.RaftServerImpl (RaftServerImpl.java:start(181)) - f3a61cbf-6fbf-4694-8557-fbf2e6e8faeb@group-C8C6111C5A04: start as a follower, conf=-1: [f3a61cbf-6fbf-4694-8557-fbf2e6e8faeb:192.168.164.217:44272], old=null
2019-10-06 06:19:49,901 [pool-439-thread-1] INFO  impl.RaftServerImpl (RaftServerImpl.java:setRole(170)) - f3a61cbf-6fbf-4694-8557-fbf2e6e8faeb@group-C8C6111C5A04: changes role from      null to FOLLOWER at term 0 for startAsFollower
2019-10-06 06:19:49,901 [pool-439-thread-1] INFO  impl.RoleInfo (RoleInfo.java:updateAndGet(143)) - f3a61cbf-6fbf-4694-8557-fbf2e6e8faeb: start FollowerState
2019-10-06 06:19:49,901 [pool-439-thread-1] INFO  util.JmxRegister (JmxRegister.java:tryRegister(44)) - Successfully registered JMX Bean with object name Ratis:service=RaftServer,group=group-C8C6111C5A04,id=f3a61cbf-6fbf-4694-8557-fbf2e6e8faeb
2019-10-06 06:19:49,906 [RatisPipelineUtilsThread] INFO  pipeline.PipelineStateManager (PipelineStateManager.java:addPipeline(56)) - Created pipeline Pipeline[ Id: 66e4af66-d0eb-4801-8e69-c8c6111c5a04, Nodes: f3a61cbf-6fbf-4694-8557-fbf2e6e8faeb{ip: 192.168.164.217, host: trunk-nightly-20191006-mzxw6-951422410, networkLocation: /default-rack, certSerialId: null}, Type:RATIS, Factor:ONE, State:OPEN]
2019-10-06 06:19:49,911 [grpc-default-executor-3] INFO  impl.RaftServerProxy (RaftServerProxy.java:addNew(89)) - b5140278-da64-4b2c-aedb-8ab830e5d74a: addNew group-3A8B86A78A52:[b5140278-da64-4b2c-aedb-8ab830e5d74a:192.168.164.217:38704] returns group-3A8B86A78A52:java.util.concurrent.CompletableFuture@3a925f03[Not completed]
2019-10-06 06:19:49,912 [pool-459-thread-1] INFO  impl.RaftServerImpl (RaftServerImpl.java:<init>(95)) - b5140278-da64-4b2c-aedb-8ab830e5d74a: new RaftServerImpl for group-3A8B86A78A52:[b5140278-da64-4b2c-aedb-8ab830e5d74a:192.168.164.217:38704] with ContainerStateMachine:uninitialized
2019-10-06 06:19:49,912 [pool-459-thread-1] INFO  server.RaftServerConfigKeys (ConfUtils.java:logGet(43)) - raft.server.rpc.timeout.min = 5s (custom)
2019-10-06 06:19:49,913 [pool-459-thread-1] INFO  server.RaftServerConfigKeys (ConfUtils.java:logGet(43)) - raft.server.rpc.timeout.max = 5200ms (custom)
2019-10-06 06:19:49,913 [pool-459-thread-1] INFO  server.RaftServerConfigKeys (ConfUtils.java:logGet(43)) - raft.server.rpcslowness.timeout = 120s (custom)
2019-10-06 06:19:49,913 [pool-459-thread-1] INFO  server.RaftServerConfigKeys (ConfUtils.java:logGet(43)) - raft.server.sleep.deviation.threshold = 300 (default)
2019-10-06 06:19:49,913 [pool-459-thread-1] INFO  server.RaftServerConfigKeys (ConfUtils.java:logGet(43)) - raft.server.log.appender.install.snapshot.enabled = false (custom)
2019-10-06 06:19:49,913 [pool-459-thread-1] INFO  impl.RaftServerImpl (ServerState.java:<init>(103)) - b5140278-da64-4b2c-aedb-8ab830e5d74a@group-3A8B86A78A52: ConfigurationManager, init=-1: [b5140278-da64-4b2c-aedb-8ab830e5d74a:192.168.164.217:38704], old=null, confs=<EMPTY_MAP>
2019-10-06 06:19:49,913 [pool-459-thread-1] INFO  server.RaftServerConfigKeys (ConfUtils.java:logGet(43)) - raft.server.storage.dir = [/workdir/hadoop-ozone/integration-test/target/test-dir/MiniOzoneClusterImpl-efd31f5e-5046-467b-a5e6-3c9a329b9d05/datanode-5/data/ratis] (custom)
2019-10-06 06:19:49,913 [pool-459-thread-1] INFO  server.RaftServerConfigKeys (ConfUtils.java:logGet(43)) - raft.server.log.corruption.policy = EXCEPTION (default)
2019-10-06 06:19:49,913 [pool-459-thread-1] INFO  storage.RaftStorageDirectory (RaftStorageDirectory.java:analyzeStorage(246)) - The storage directory /workdir/hadoop-ozone/integration-test/target/test-dir/MiniOzoneClusterImpl-efd31f5e-5046-467b-a5e6-3c9a329b9d05/datanode-5/data/ratis/e0dfdfad-665a-4b8e-bef1-3a8b86a78a52 does not exist. Creating ...
2019-10-06 06:19:49,926 [pool-459-thread-1] INFO  storage.RaftStorageDirectory (RaftStorageDirectory.java:tryLock(328)) - Lock on /workdir/hadoop-ozone/integration-test/target/test-dir/MiniOzoneClusterImpl-efd31f5e-5046-467b-a5e6-3c9a329b9d05/datanode-5/data/ratis/e0dfdfad-665a-4b8e-bef1-3a8b86a78a52/in_use.lock acquired by nodename 8769@trunk-nightly-20191006-mzxw6-951422410
2019-10-06 06:19:49,937 [main] INFO  ozone.MiniOzoneClusterImpl (MiniOzoneClusterImpl.java:lambda$waitForClusterToBeReady$0(147)) - Cluster is ready. Got 7 of 7 DN Heartbeats.
2019-10-06 06:19:49,937 [IPC Server handler 3 on 39859] INFO  net.NetworkTopology (NetworkTopologyImpl.java:add(111)) - Added a new node: /default-rack/772c9a02-e62b-47e6-a397-b61907783579
2019-10-06 06:19:49,938 [IPC Server handler 3 on 39859] INFO  node.SCMNodeManager (SCMNodeManager.java:register(268)) - Registered Data node : 772c9a02-e62b-47e6-a397-b61907783579{ip: 192.168.164.217, host: trunk-nightly-20191006-mzxw6-951422410, networkLocation: /default-rack, certSerialId: null}
2019-10-06 06:19:49,939 [pool-459-thread-1] INFO  storage.RaftStorage (RaftStorage.java:format(84)) - Storage directory /workdir/hadoop-ozone/integration-test/target/test-dir/MiniOzoneClusterImpl-efd31f5e-5046-467b-a5e6-3c9a329b9d05/datanode-5/data/ratis/e0dfdfad-665a-4b8e-bef1-3a8b86a78a52 has been successfully formatted.
2019-10-06 06:19:49,939 [pool-459-thread-1] INFO  ratis.ContainerStateMachine (ContainerStateMachine.java:loadSnapshot(230)) - group-3A8B86A78A52: The snapshot info is null. Setting the last applied indexto:(t:0, i:~)
2019-10-06 06:19:49,939 [pool-459-thread-1] INFO  server.RaftServerConfigKeys (ConfUtils.java:logGet(43)) - raft.server.notification.no-leader.timeout = 120s (custom)
2019-10-06 06:19:49,939 [pool-459-thread-1] INFO  server.RaftServerConfigKeys (ConfUtils.java:logGet(43)) - raft.server.log.use.memory = false (default)
2019-10-06 06:19:49,939 [pool-459-thread-1] INFO  server.RaftServerConfigKeys (ConfUtils.java:logGet(43)) - raft.server.log.purge.gap = 1000000 (custom)
2019-10-06 06:19:49,940 [pool-459-thread-1] INFO  server.RaftServerConfigKeys (ConfUtils.java:logGet(43)) - raft.server.log.appender.buffer.byte-limit = 33554432 (custom)
2019-10-06 06:19:49,940 [pool-459-thread-1] INFO  server.RaftServerConfigKeys (ConfUtils.java:logGet(43)) - raft.server.log.segment.size.max = 1048576 (custom)
2019-10-06 06:19:49,944 [pool-459-thread-1] INFO  server.RaftServerConfigKeys (ConfUtils.java:logGet(43)) - raft.server.log.segment.cache.num.max = 2 (custom)
2019-10-06 06:19:49,944 [pool-459-thread-1] INFO  segmented.SegmentedRaftLogWorker (SegmentedRaftLogWorker.java:<init>(173)) - new b5140278-da64-4b2c-aedb-8ab830e5d74a@group-3A8B86A78A52-SegmentedRaftLogWorker for RaftStorage:Storage Directory /workdir/hadoop-ozone/integration-test/target/test-dir/MiniOzoneClusterImpl-efd31f5e-5046-467b-a5e6-3c9a329b9d05/datanode-5/data/ratis/e0dfdfad-665a-4b8e-bef1-3a8b86a78a52
2019-10-06 06:19:49,944 [pool-459-thread-1] INFO  server.RaftServerConfigKeys (ConfUtils.java:logGet(43)) - raft.server.log.queue.byte-limit = 2147483647 (custom)
2019-10-06 06:19:49,944 [pool-459-thread-1] INFO  server.RaftServerConfigKeys (ConfUtils.java:logGet(43)) - raft.server.log.queue.element-limit = 1024 (custom)
2019-10-06 06:19:49,944 [pool-459-thread-1] INFO  server.RaftServerConfigKeys (ConfUtils.java:logGet(43)) - raft.server.log.segment.size.max = 1048576 (custom)
2019-10-06 06:19:49,945 [pool-459-thread-1] INFO  server.RaftServerConfigKeys (ConfUtils.java:logGet(43)) - raft.server.log.preallocated.size = 16384 (custom)
2019-10-06 06:19:49,945 [pool-459-thread-1] INFO  server.RaftServerConfigKeys (ConfUtils.java:logGet(43)) - raft.server.log.write.buffer.size = 33554432 (custom)
2019-10-06 06:19:49,945 [pool-459-thread-1] INFO  server.RaftServerConfigKeys (ConfUtils.java:logGet(43)) - raft.server.log.force.sync.num = 128 (default)
2019-10-06 06:19:49,945 [pool-459-thread-1] INFO  server.RaftServerConfigKeys (ConfUtils.java:logGet(43)) - raft.server.log.statemachine.data.sync = true (default)
2019-10-06 06:19:49,945 [pool-459-thread-1] INFO  server.RaftServerConfigKeys (ConfUtils.java:logGet(43)) - raft.server.log.statemachine.data.sync.timeout = 10s (default)
2019-10-06 06:19:49,945 [pool-459-thread-1] INFO  server.RaftServerConfigKeys (ConfUtils.java:logGet(43)) - raft.server.log.statemachine.data.sync.timeout.retry = -1 (default)
2019-10-06 06:19:49,945 [pool-459-thread-1] INFO  server.RaftServerConfigKeys (ConfUtils.java:logGet(43)) - raft.server.log.statemachine.data.caching.enabled = true (custom)
2019-10-06 06:19:49,945 [pool-459-thread-1] INFO  segmented.SegmentedRaftLogWorker (SegmentedRaftLogWorker.java:lambda$new$0(128)) - b5140278-da64-4b2c-aedb-8ab830e5d74a@group-3A8B86A78A52-SegmentedRaftLogWorker: flushIndex: setUnconditionally 0 -> -1
2019-10-06 06:19:49,946 [pool-459-thread-1] INFO  server.RaftServerConfigKeys (ConfUtils.java:logGet(43)) - raft.server.snapshot.auto.trigger.enabled = true (custom)
2019-10-06 06:19:49,946 [pool-459-thread-1] INFO  server.RaftServerConfigKeys (ConfUtils.java:logGet(43)) - raft.server.snapshot.auto.trigger.threshold = 10000 (custom)
2019-10-06 06:19:49,949 [pool-459-thread-1] INFO  server.RaftServerConfigKeys (ConfUtils.java:logGet(43)) - raft.server.snapshot.retention.file.num = 5 (custom)
2019-10-06 06:19:49,949 [pool-459-thread-1] INFO  server.RaftServerConfigKeys (ConfUtils.java:logGet(43)) - raft.server.retrycache.expirytime = 600000ms (custom)
2019-10-06 06:19:49,953 [pool-459-thread-1] INFO  impl.RaftServerImpl (RaftServerImpl.java:start(181)) - b5140278-da64-4b2c-aedb-8ab830e5d74a@group-3A8B86A78A52: start as a follower, conf=-1: [b5140278-da64-4b2c-aedb-8ab830e5d74a:192.168.164.217:38704], old=null
2019-10-06 06:19:49,956 [pool-459-thread-1] INFO  impl.RaftServerImpl (RaftServerImpl.java:setRole(170)) - b5140278-da64-4b2c-aedb-8ab830e5d74a@group-3A8B86A78A52: changes role from      null to FOLLOWER at term 0 for startAsFollower
2019-10-06 06:19:49,966 [pool-459-thread-1] INFO  impl.RoleInfo (RoleInfo.java:updateAndGet(143)) - b5140278-da64-4b2c-aedb-8ab830e5d74a: start FollowerState
2019-10-06 06:19:49,967 [pool-459-thread-1] INFO  util.JmxRegister (JmxRegister.java:tryRegister(44)) - Successfully registered JMX Bean with object name Ratis:service=RaftServer,group=group-3A8B86A78A52,id=b5140278-da64-4b2c-aedb-8ab830e5d74a
2019-10-06 06:19:49,974 [RatisPipelineUtilsThread] INFO  pipeline.PipelineStateManager (PipelineStateManager.java:addPipeline(56)) - Created pipeline Pipeline[ Id: e0dfdfad-665a-4b8e-bef1-3a8b86a78a52, Nodes: b5140278-da64-4b2c-aedb-8ab830e5d74a{ip: 192.168.164.217, host: trunk-nightly-20191006-mzxw6-951422410, networkLocation: /default-rack, certSerialId: null}, Type:RATIS, Factor:ONE, State:OPEN]
2019-10-06 06:19:49,985 [main] INFO  rpc.RpcClient (RpcClient.java:createVolume(277)) - Creating Volume: testblockoutputstream, with jenkins1000 as owner.
2019-10-06 06:19:49,989 [grpc-default-executor-3] INFO  impl.RaftServerProxy (RaftServerProxy.java:addNew(89)) - d9cd26b1-985e-4dec-adee-0a29c7d0d5c5: addNew group-7B72D4D6154D:[d9cd26b1-985e-4dec-adee-0a29c7d0d5c5:192.168.164.217:36649] returns group-7B72D4D6154D:java.util.concurrent.CompletableFuture@376340df[Not completed]
2019-10-06 06:19:49,990 [pool-449-thread-1] INFO  impl.RaftServerImpl (RaftServerImpl.java:<init>(95)) - d9cd26b1-985e-4dec-adee-0a29c7d0d5c5: new RaftServerImpl for group-7B72D4D6154D:[d9cd26b1-985e-4dec-adee-0a29c7d0d5c5:192.168.164.217:36649] with ContainerStateMachine:uninitialized
2019-10-06 06:19:49,990 [pool-449-thread-1] INFO  server.RaftServerConfigKeys (ConfUtils.java:logGet(43)) - raft.server.rpc.timeout.min = 5s (custom)
2019-10-06 06:19:49,990 [pool-449-thread-1] INFO  server.RaftServerConfigKeys (ConfUtils.java:logGet(43)) - raft.server.rpc.timeout.max = 5200ms (custom)
2019-10-06 06:19:49,990 [pool-449-thread-1] INFO  server.RaftServerConfigKeys (ConfUtils.java:logGet(43)) - raft.server.rpcslowness.timeout = 120s (custom)
2019-10-06 06:19:49,990 [pool-449-thread-1] INFO  server.RaftServerConfigKeys (ConfUtils.java:logGet(43)) - raft.server.sleep.deviation.threshold = 300 (default)
2019-10-06 06:19:49,991 [pool-449-thread-1] INFO  server.RaftServerConfigKeys (ConfUtils.java:logGet(43)) - raft.server.log.appender.install.snapshot.enabled = false (custom)
2019-10-06 06:19:49,991 [IPC Server handler 2 on 42244] INFO  volume.OMVolumeCreateRequest (OMVolumeCreateRequest.java:validateAndUpdateCache(193)) - created volume:testblockoutputstream for user:jenkins1000
2019-10-06 06:19:49,991 [pool-449-thread-1] INFO  impl.RaftServerImpl (ServerState.java:<init>(103)) - d9cd26b1-985e-4dec-adee-0a29c7d0d5c5@group-7B72D4D6154D: ConfigurationManager, init=-1: [d9cd26b1-985e-4dec-adee-0a29c7d0d5c5:192.168.164.217:36649], old=null, confs=<EMPTY_MAP>
2019-10-06 06:19:49,991 [pool-449-thread-1] INFO  server.RaftServerConfigKeys (ConfUtils.java:logGet(43)) - raft.server.storage.dir = [/workdir/hadoop-ozone/integration-test/target/test-dir/MiniOzoneClusterImpl-efd31f5e-5046-467b-a5e6-3c9a329b9d05/datanode-4/data/ratis] (custom)
2019-10-06 06:19:49,991 [pool-449-thread-1] INFO  server.RaftServerConfigKeys (ConfUtils.java:logGet(43)) - raft.server.log.corruption.policy = EXCEPTION (default)
2019-10-06 06:19:49,991 [pool-449-thread-1] INFO  storage.RaftStorageDirectory (RaftStorageDirectory.java:analyzeStorage(246)) - The storage directory /workdir/hadoop-ozone/integration-test/target/test-dir/MiniOzoneClusterImpl-efd31f5e-5046-467b-a5e6-3c9a329b9d05/datanode-4/data/ratis/565117dd-35b3-44d8-bb70-7b72d4d6154d does not exist. Creating ...
2019-10-06 06:19:50,004 [main] INFO  rpc.RpcClient (RpcClient.java:createBucket(416)) - Creating Bucket: testblockoutputstream/testblockoutputstream, with Versioning false and Storage Type set to DISK and Encryption set to false 
2019-10-06 06:19:50,005 [pool-449-thread-1] INFO  storage.RaftStorageDirectory (RaftStorageDirectory.java:tryLock(328)) - Lock on /workdir/hadoop-ozone/integration-test/target/test-dir/MiniOzoneClusterImpl-efd31f5e-5046-467b-a5e6-3c9a329b9d05/datanode-4/data/ratis/565117dd-35b3-44d8-bb70-7b72d4d6154d/in_use.lock acquired by nodename 8769@trunk-nightly-20191006-mzxw6-951422410
2019-10-06 06:19:50,018 [pool-449-thread-1] INFO  storage.RaftStorage (RaftStorage.java:format(84)) - Storage directory /workdir/hadoop-ozone/integration-test/target/test-dir/MiniOzoneClusterImpl-efd31f5e-5046-467b-a5e6-3c9a329b9d05/datanode-4/data/ratis/565117dd-35b3-44d8-bb70-7b72d4d6154d has been successfully formatted.
2019-10-06 06:19:50,018 [pool-449-thread-1] INFO  ratis.ContainerStateMachine (ContainerStateMachine.java:loadSnapshot(230)) - group-7B72D4D6154D: The snapshot info is null. Setting the last applied indexto:(t:0, i:~)
2019-10-06 06:19:50,018 [pool-449-thread-1] INFO  server.RaftServerConfigKeys (ConfUtils.java:logGet(43)) - raft.server.notification.no-leader.timeout = 120s (custom)
2019-10-06 06:19:50,018 [pool-449-thread-1] INFO  server.RaftServerConfigKeys (ConfUtils.java:logGet(43)) - raft.server.log.use.memory = false (default)
2019-10-06 06:19:50,018 [pool-449-thread-1] INFO  server.RaftServerConfigKeys (ConfUtils.java:logGet(43)) - raft.server.log.purge.gap = 1000000 (custom)
2019-10-06 06:19:50,018 [pool-449-thread-1] INFO  server.RaftServerConfigKeys (ConfUtils.java:logGet(43)) - raft.server.log.appender.buffer.byte-limit = 33554432 (custom)
2019-10-06 06:19:50,018 [pool-449-thread-1] INFO  server.RaftServerConfigKeys (ConfUtils.java:logGet(43)) - raft.server.log.segment.size.max = 1048576 (custom)
2019-10-06 06:19:50,019 [pool-449-thread-1] INFO  server.RaftServerConfigKeys (ConfUtils.java:logGet(43)) - raft.server.log.segment.cache.num.max = 2 (custom)
2019-10-06 06:19:50,020 [pool-449-thread-1] INFO  segmented.SegmentedRaftLogWorker (SegmentedRaftLogWorker.java:<init>(173)) - new d9cd26b1-985e-4dec-adee-0a29c7d0d5c5@group-7B72D4D6154D-SegmentedRaftLogWorker for RaftStorage:Storage Directory /workdir/hadoop-ozone/integration-test/target/test-dir/MiniOzoneClusterImpl-efd31f5e-5046-467b-a5e6-3c9a329b9d05/datanode-4/data/ratis/565117dd-35b3-44d8-bb70-7b72d4d6154d
2019-10-06 06:19:50,020 [pool-449-thread-1] INFO  server.RaftServerConfigKeys (ConfUtils.java:logGet(43)) - raft.server.log.queue.byte-limit = 2147483647 (custom)
2019-10-06 06:19:50,020 [pool-449-thread-1] INFO  server.RaftServerConfigKeys (ConfUtils.java:logGet(43)) - raft.server.log.queue.element-limit = 1024 (custom)
2019-10-06 06:19:50,020 [pool-449-thread-1] INFO  server.RaftServerConfigKeys (ConfUtils.java:logGet(43)) - raft.server.log.segment.size.max = 1048576 (custom)
2019-10-06 06:19:50,020 [pool-449-thread-1] INFO  server.RaftServerConfigKeys (ConfUtils.java:logGet(43)) - raft.server.log.preallocated.size = 16384 (custom)
2019-10-06 06:19:50,020 [pool-449-thread-1] INFO  server.RaftServerConfigKeys (ConfUtils.java:logGet(43)) - raft.server.log.write.buffer.size = 33554432 (custom)
2019-10-06 06:19:50,020 [pool-449-thread-1] INFO  server.RaftServerConfigKeys (ConfUtils.java:logGet(43)) - raft.server.log.force.sync.num = 128 (default)
2019-10-06 06:19:50,020 [pool-449-thread-1] INFO  server.RaftServerConfigKeys (ConfUtils.java:logGet(43)) - raft.server.log.statemachine.data.sync = true (default)
2019-10-06 06:19:50,020 [pool-449-thread-1] INFO  server.RaftServerConfigKeys (ConfUtils.java:logGet(43)) - raft.server.log.statemachine.data.sync.timeout = 10s (default)
2019-10-06 06:19:50,020 [pool-449-thread-1] INFO  server.RaftServerConfigKeys (ConfUtils.java:logGet(43)) - raft.server.log.statemachine.data.sync.timeout.retry = -1 (default)
2019-10-06 06:19:50,021 [pool-449-thread-1] INFO  server.RaftServerConfigKeys (ConfUtils.java:logGet(43)) - raft.server.log.statemachine.data.caching.enabled = true (custom)
2019-10-06 06:19:50,021 [pool-449-thread-1] INFO  segmented.SegmentedRaftLogWorker (SegmentedRaftLogWorker.java:lambda$new$0(128)) - d9cd26b1-985e-4dec-adee-0a29c7d0d5c5@group-7B72D4D6154D-SegmentedRaftLogWorker: flushIndex: setUnconditionally 0 -> -1
2019-10-06 06:19:50,021 [pool-449-thread-1] INFO  server.RaftServerConfigKeys (ConfUtils.java:logGet(43)) - raft.server.snapshot.auto.trigger.enabled = true (custom)
2019-10-06 06:19:50,021 [pool-449-thread-1] INFO  server.RaftServerConfigKeys (ConfUtils.java:logGet(43)) - raft.server.snapshot.auto.trigger.threshold = 10000 (custom)
2019-10-06 06:19:50,021 [pool-449-thread-1] INFO  server.RaftServerConfigKeys (ConfUtils.java:logGet(43)) - raft.server.snapshot.retention.file.num = 5 (custom)
2019-10-06 06:19:50,021 [pool-449-thread-1] INFO  server.RaftServerConfigKeys (ConfUtils.java:logGet(43)) - raft.server.retrycache.expirytime = 600000ms (custom)
2019-10-06 06:19:50,022 [pool-449-thread-1] INFO  impl.RaftServerImpl (RaftServerImpl.java:start(181)) - d9cd26b1-985e-4dec-adee-0a29c7d0d5c5@group-7B72D4D6154D: start as a follower, conf=-1: [d9cd26b1-985e-4dec-adee-0a29c7d0d5c5:192.168.164.217:36649], old=null
2019-10-06 06:19:50,022 [pool-449-thread-1] INFO  impl.RaftServerImpl (RaftServerImpl.java:setRole(170)) - d9cd26b1-985e-4dec-adee-0a29c7d0d5c5@group-7B72D4D6154D: changes role from      null to FOLLOWER at term 0 for startAsFollower
2019-10-06 06:19:50,022 [pool-449-thread-1] INFO  impl.RoleInfo (RoleInfo.java:updateAndGet(143)) - d9cd26b1-985e-4dec-adee-0a29c7d0d5c5: start FollowerState
2019-10-06 06:19:50,023 [pool-449-thread-1] INFO  util.JmxRegister (JmxRegister.java:tryRegister(44)) - Successfully registered JMX Bean with object name Ratis:service=RaftServer,group=group-7B72D4D6154D,id=d9cd26b1-985e-4dec-adee-0a29c7d0d5c5
2019-10-06 06:19:50,028 [RatisPipelineUtilsThread] INFO  pipeline.PipelineStateManager (PipelineStateManager.java:addPipeline(56)) - Created pipeline Pipeline[ Id: 565117dd-35b3-44d8-bb70-7b72d4d6154d, Nodes: d9cd26b1-985e-4dec-adee-0a29c7d0d5c5{ip: 192.168.164.217, host: trunk-nightly-20191006-mzxw6-951422410, networkLocation: /default-rack, certSerialId: null}, Type:RATIS, Factor:ONE, State:OPEN]
2019-10-06 06:19:50,035 [grpc-default-executor-3] INFO  impl.RaftServerProxy (RaftServerProxy.java:addNew(89)) - 772c9a02-e62b-47e6-a397-b61907783579: addNew group-F6996B3C9C1C:[772c9a02-e62b-47e6-a397-b61907783579:192.168.164.217:33773] returns group-F6996B3C9C1C:java.util.concurrent.CompletableFuture@12b8034f[Not completed]
2019-10-06 06:19:50,036 [pool-469-thread-1] INFO  impl.RaftServerImpl (RaftServerImpl.java:<init>(95)) - 772c9a02-e62b-47e6-a397-b61907783579: new RaftServerImpl for group-F6996B3C9C1C:[772c9a02-e62b-47e6-a397-b61907783579:192.168.164.217:33773] with ContainerStateMachine:uninitialized
2019-10-06 06:19:50,036 [pool-469-thread-1] INFO  server.RaftServerConfigKeys (ConfUtils.java:logGet(43)) - raft.server.rpc.timeout.min = 5s (custom)
2019-10-06 06:19:50,036 [pool-469-thread-1] INFO  server.RaftServerConfigKeys (ConfUtils.java:logGet(43)) - raft.server.rpc.timeout.max = 5200ms (custom)
2019-10-06 06:19:50,036 [pool-469-thread-1] INFO  server.RaftServerConfigKeys (ConfUtils.java:logGet(43)) - raft.server.rpcslowness.timeout = 120s (custom)
2019-10-06 06:19:50,036 [pool-469-thread-1] INFO  server.RaftServerConfigKeys (ConfUtils.java:logGet(43)) - raft.server.sleep.deviation.threshold = 300 (default)
2019-10-06 06:19:50,036 [pool-469-thread-1] INFO  server.RaftServerConfigKeys (ConfUtils.java:logGet(43)) - raft.server.log.appender.install.snapshot.enabled = false (custom)
2019-10-06 06:19:50,036 [pool-469-thread-1] INFO  impl.RaftServerImpl (ServerState.java:<init>(103)) - 772c9a02-e62b-47e6-a397-b61907783579@group-F6996B3C9C1C: ConfigurationManager, init=-1: [772c9a02-e62b-47e6-a397-b61907783579:192.168.164.217:33773], old=null, confs=<EMPTY_MAP>
2019-10-06 06:19:50,036 [pool-469-thread-1] INFO  server.RaftServerConfigKeys (ConfUtils.java:logGet(43)) - raft.server.storage.dir = [/workdir/hadoop-ozone/integration-test/target/test-dir/MiniOzoneClusterImpl-efd31f5e-5046-467b-a5e6-3c9a329b9d05/datanode-6/data/ratis] (custom)
2019-10-06 06:19:50,037 [pool-469-thread-1] INFO  server.RaftServerConfigKeys (ConfUtils.java:logGet(43)) - raft.server.log.corruption.policy = EXCEPTION (default)
2019-10-06 06:19:50,037 [pool-469-thread-1] INFO  storage.RaftStorageDirectory (RaftStorageDirectory.java:analyzeStorage(246)) - The storage directory /workdir/hadoop-ozone/integration-test/target/test-dir/MiniOzoneClusterImpl-efd31f5e-5046-467b-a5e6-3c9a329b9d05/datanode-6/data/ratis/d33ec4e6-0ff6-4082-a968-f6996b3c9c1c does not exist. Creating ...
2019-10-06 06:19:50,049 [pool-469-thread-1] INFO  storage.RaftStorageDirectory (RaftStorageDirectory.java:tryLock(328)) - Lock on /workdir/hadoop-ozone/integration-test/target/test-dir/MiniOzoneClusterImpl-efd31f5e-5046-467b-a5e6-3c9a329b9d05/datanode-6/data/ratis/d33ec4e6-0ff6-4082-a968-f6996b3c9c1c/in_use.lock acquired by nodename 8769@trunk-nightly-20191006-mzxw6-951422410
2019-10-06 06:19:50,071 [pool-469-thread-1] INFO  storage.RaftStorage (RaftStorage.java:format(84)) - Storage directory /workdir/hadoop-ozone/integration-test/target/test-dir/MiniOzoneClusterImpl-efd31f5e-5046-467b-a5e6-3c9a329b9d05/datanode-6/data/ratis/d33ec4e6-0ff6-4082-a968-f6996b3c9c1c has been successfully formatted.
2019-10-06 06:19:50,071 [pool-469-thread-1] INFO  ratis.ContainerStateMachine (ContainerStateMachine.java:loadSnapshot(230)) - group-F6996B3C9C1C: The snapshot info is null. Setting the last applied indexto:(t:0, i:~)
2019-10-06 06:19:50,072 [pool-469-thread-1] INFO  server.RaftServerConfigKeys (ConfUtils.java:logGet(43)) - raft.server.notification.no-leader.timeout = 120s (custom)
2019-10-06 06:19:50,072 [pool-469-thread-1] INFO  server.RaftServerConfigKeys (ConfUtils.java:logGet(43)) - raft.server.log.use.memory = false (default)
2019-10-06 06:19:50,072 [pool-469-thread-1] INFO  server.RaftServerConfigKeys (ConfUtils.java:logGet(43)) - raft.server.log.purge.gap = 1000000 (custom)
2019-10-06 06:19:50,072 [pool-469-thread-1] INFO  server.RaftServerConfigKeys (ConfUtils.java:logGet(43)) - raft.server.log.appender.buffer.byte-limit = 33554432 (custom)
2019-10-06 06:19:50,072 [pool-469-thread-1] INFO  server.RaftServerConfigKeys (ConfUtils.java:logGet(43)) - raft.server.log.segment.size.max = 1048576 (custom)
2019-10-06 06:19:50,073 [pool-469-thread-1] INFO  server.RaftServerConfigKeys (ConfUtils.java:logGet(43)) - raft.server.log.segment.cache.num.max = 2 (custom)
2019-10-06 06:19:50,073 [pool-469-thread-1] INFO  segmented.SegmentedRaftLogWorker (SegmentedRaftLogWorker.java:<init>(173)) - new 772c9a02-e62b-47e6-a397-b61907783579@group-F6996B3C9C1C-SegmentedRaftLogWorker for RaftStorage:Storage Directory /workdir/hadoop-ozone/integration-test/target/test-dir/MiniOzoneClusterImpl-efd31f5e-5046-467b-a5e6-3c9a329b9d05/datanode-6/data/ratis/d33ec4e6-0ff6-4082-a968-f6996b3c9c1c
2019-10-06 06:19:50,073 [pool-469-thread-1] INFO  server.RaftServerConfigKeys (ConfUtils.java:logGet(43)) - raft.server.log.queue.byte-limit = 2147483647 (custom)
2019-10-06 06:19:50,074 [pool-469-thread-1] INFO  server.RaftServerConfigKeys (ConfUtils.java:logGet(43)) - raft.server.log.queue.element-limit = 1024 (custom)
2019-10-06 06:19:50,074 [pool-469-thread-1] INFO  server.RaftServerConfigKeys (ConfUtils.java:logGet(43)) - raft.server.log.segment.size.max = 1048576 (custom)
2019-10-06 06:19:50,074 [pool-469-thread-1] INFO  server.RaftServerConfigKeys (ConfUtils.java:logGet(43)) - raft.server.log.preallocated.size = 16384 (custom)
2019-10-06 06:19:50,074 [pool-469-thread-1] INFO  server.RaftServerConfigKeys (ConfUtils.java:logGet(43)) - raft.server.log.write.buffer.size = 33554432 (custom)
2019-10-06 06:19:50,074 [pool-469-thread-1] INFO  server.RaftServerConfigKeys (ConfUtils.java:logGet(43)) - raft.server.log.force.sync.num = 128 (default)
2019-10-06 06:19:50,074 [pool-469-thread-1] INFO  server.RaftServerConfigKeys (ConfUtils.java:logGet(43)) - raft.server.log.statemachine.data.sync = true (default)
2019-10-06 06:19:50,074 [pool-469-thread-1] INFO  server.RaftServerConfigKeys (ConfUtils.java:logGet(43)) - raft.server.log.statemachine.data.sync.timeout = 10s (default)
2019-10-06 06:19:50,074 [pool-469-thread-1] INFO  server.RaftServerConfigKeys (ConfUtils.java:logGet(43)) - raft.server.log.statemachine.data.sync.timeout.retry = -1 (default)
2019-10-06 06:19:50,074 [pool-469-thread-1] INFO  server.RaftServerConfigKeys (ConfUtils.java:logGet(43)) - raft.server.log.statemachine.data.caching.enabled = true (custom)
2019-10-06 06:19:50,075 [pool-469-thread-1] INFO  segmented.SegmentedRaftLogWorker (SegmentedRaftLogWorker.java:lambda$new$0(128)) - 772c9a02-e62b-47e6-a397-b61907783579@group-F6996B3C9C1C-SegmentedRaftLogWorker: flushIndex: setUnconditionally 0 -> -1
2019-10-06 06:19:50,075 [pool-469-thread-1] INFO  server.RaftServerConfigKeys (ConfUtils.java:logGet(43)) - raft.server.snapshot.auto.trigger.enabled = true (custom)
2019-10-06 06:19:50,075 [pool-469-thread-1] INFO  server.RaftServerConfigKeys (ConfUtils.java:logGet(43)) - raft.server.snapshot.auto.trigger.threshold = 10000 (custom)
2019-10-06 06:19:50,075 [pool-469-thread-1] INFO  server.RaftServerConfigKeys (ConfUtils.java:logGet(43)) - raft.server.snapshot.retention.file.num = 5 (custom)
2019-10-06 06:19:50,075 [pool-469-thread-1] INFO  server.RaftServerConfigKeys (ConfUtils.java:logGet(43)) - raft.server.retrycache.expirytime = 600000ms (custom)
2019-10-06 06:19:50,076 [pool-469-thread-1] INFO  impl.RaftServerImpl (RaftServerImpl.java:start(181)) - 772c9a02-e62b-47e6-a397-b61907783579@group-F6996B3C9C1C: start as a follower, conf=-1: [772c9a02-e62b-47e6-a397-b61907783579:192.168.164.217:33773], old=null
2019-10-06 06:19:50,077 [pool-469-thread-1] INFO  impl.RaftServerImpl (RaftServerImpl.java:setRole(170)) - 772c9a02-e62b-47e6-a397-b61907783579@group-F6996B3C9C1C: changes role from      null to FOLLOWER at term 0 for startAsFollower
2019-10-06 06:19:50,077 [pool-469-thread-1] INFO  impl.RoleInfo (RoleInfo.java:updateAndGet(143)) - 772c9a02-e62b-47e6-a397-b61907783579: start FollowerState
2019-10-06 06:19:50,077 [pool-469-thread-1] INFO  util.JmxRegister (JmxRegister.java:tryRegister(44)) - Successfully registered JMX Bean with object name Ratis:service=RaftServer,group=group-F6996B3C9C1C,id=772c9a02-e62b-47e6-a397-b61907783579
2019-10-06 06:19:50,082 [RatisPipelineUtilsThread] INFO  pipeline.PipelineStateManager (PipelineStateManager.java:addPipeline(56)) - Created pipeline Pipeline[ Id: d33ec4e6-0ff6-4082-a968-f6996b3c9c1c, Nodes: 772c9a02-e62b-47e6-a397-b61907783579{ip: 192.168.164.217, host: trunk-nightly-20191006-mzxw6-951422410, networkLocation: /default-rack, certSerialId: null}, Type:RATIS, Factor:ONE, State:OPEN]
2019-10-06 06:19:50,093 [grpc-default-executor-7] INFO  impl.RaftServerProxy (RaftServerProxy.java:addNew(89)) - b5140278-da64-4b2c-aedb-8ab830e5d74a: addNew group-93184F4D6E99:[f3a61cbf-6fbf-4694-8557-fbf2e6e8faeb:192.168.164.217:44272, d9cd26b1-985e-4dec-adee-0a29c7d0d5c5:192.168.164.217:36649, b5140278-da64-4b2c-aedb-8ab830e5d74a:192.168.164.217:38704] returns group-93184F4D6E99:java.util.concurrent.CompletableFuture@5fd3d966[Not completed]
2019-10-06 06:19:50,093 [grpc-default-executor-3] INFO  impl.RaftServerProxy (RaftServerProxy.java:addNew(89)) - f3a61cbf-6fbf-4694-8557-fbf2e6e8faeb: addNew group-93184F4D6E99:[f3a61cbf-6fbf-4694-8557-fbf2e6e8faeb:192.168.164.217:44272, d9cd26b1-985e-4dec-adee-0a29c7d0d5c5:192.168.164.217:36649, b5140278-da64-4b2c-aedb-8ab830e5d74a:192.168.164.217:38704] returns group-93184F4D6E99:java.util.concurrent.CompletableFuture@100b89fb[Not completed]
2019-10-06 06:19:50,093 [grpc-default-executor-9] INFO  impl.RaftServerProxy (RaftServerProxy.java:addNew(89)) - d9cd26b1-985e-4dec-adee-0a29c7d0d5c5: addNew group-93184F4D6E99:[f3a61cbf-6fbf-4694-8557-fbf2e6e8faeb:192.168.164.217:44272, d9cd26b1-985e-4dec-adee-0a29c7d0d5c5:192.168.164.217:36649, b5140278-da64-4b2c-aedb-8ab830e5d74a:192.168.164.217:38704] returns group-93184F4D6E99:java.util.concurrent.CompletableFuture@465af20[Not completed]
2019-10-06 06:19:50,095 [pool-439-thread-1] INFO  impl.RaftServerImpl (RaftServerImpl.java:<init>(95)) - f3a61cbf-6fbf-4694-8557-fbf2e6e8faeb: new RaftServerImpl for group-93184F4D6E99:[f3a61cbf-6fbf-4694-8557-fbf2e6e8faeb:192.168.164.217:44272, d9cd26b1-985e-4dec-adee-0a29c7d0d5c5:192.168.164.217:36649, b5140278-da64-4b2c-aedb-8ab830e5d74a:192.168.164.217:38704] with ContainerStateMachine:uninitialized
2019-10-06 06:19:50,095 [pool-439-thread-1] INFO  server.RaftServerConfigKeys (ConfUtils.java:logGet(43)) - raft.server.rpc.timeout.min = 5s (custom)
2019-10-06 06:19:50,095 [pool-439-thread-1] INFO  server.RaftServerConfigKeys (ConfUtils.java:logGet(43)) - raft.server.rpc.timeout.max = 5200ms (custom)
2019-10-06 06:19:50,095 [pool-439-thread-1] INFO  server.RaftServerConfigKeys (ConfUtils.java:logGet(43)) - raft.server.rpcslowness.timeout = 120s (custom)
2019-10-06 06:19:50,095 [pool-439-thread-1] INFO  server.RaftServerConfigKeys (ConfUtils.java:logGet(43)) - raft.server.sleep.deviation.threshold = 300 (default)
2019-10-06 06:19:50,095 [pool-439-thread-1] INFO  server.RaftServerConfigKeys (ConfUtils.java:logGet(43)) - raft.server.log.appender.install.snapshot.enabled = false (custom)
2019-10-06 06:19:50,095 [pool-449-thread-1] INFO  impl.RaftServerImpl (RaftServerImpl.java:<init>(95)) - d9cd26b1-985e-4dec-adee-0a29c7d0d5c5: new RaftServerImpl for group-93184F4D6E99:[f3a61cbf-6fbf-4694-8557-fbf2e6e8faeb:192.168.164.217:44272, d9cd26b1-985e-4dec-adee-0a29c7d0d5c5:192.168.164.217:36649, b5140278-da64-4b2c-aedb-8ab830e5d74a:192.168.164.217:38704] with ContainerStateMachine:uninitialized
2019-10-06 06:19:50,095 [pool-439-thread-1] INFO  impl.RaftServerImpl (ServerState.java:<init>(103)) - f3a61cbf-6fbf-4694-8557-fbf2e6e8faeb@group-93184F4D6E99: ConfigurationManager, init=-1: [f3a61cbf-6fbf-4694-8557-fbf2e6e8faeb:192.168.164.217:44272, d9cd26b1-985e-4dec-adee-0a29c7d0d5c5:192.168.164.217:36649, b5140278-da64-4b2c-aedb-8ab830e5d74a:192.168.164.217:38704], old=null, confs=<EMPTY_MAP>
2019-10-06 06:19:50,095 [pool-449-thread-1] INFO  server.RaftServerConfigKeys (ConfUtils.java:logGet(43)) - raft.server.rpc.timeout.min = 5s (custom)
2019-10-06 06:19:50,096 [pool-439-thread-1] INFO  server.RaftServerConfigKeys (ConfUtils.java:logGet(43)) - raft.server.storage.dir = [/workdir/hadoop-ozone/integration-test/target/test-dir/MiniOzoneClusterImpl-efd31f5e-5046-467b-a5e6-3c9a329b9d05/datanode-3/data/ratis] (custom)
2019-10-06 06:19:50,096 [pool-449-thread-1] INFO  server.RaftServerConfigKeys (ConfUtils.java:logGet(43)) - raft.server.rpc.timeout.max = 5200ms (custom)
2019-10-06 06:19:50,096 [pool-459-thread-1] INFO  impl.RaftServerImpl (RaftServerImpl.java:<init>(95)) - b5140278-da64-4b2c-aedb-8ab830e5d74a: new RaftServerImpl for group-93184F4D6E99:[f3a61cbf-6fbf-4694-8557-fbf2e6e8faeb:192.168.164.217:44272, d9cd26b1-985e-4dec-adee-0a29c7d0d5c5:192.168.164.217:36649, b5140278-da64-4b2c-aedb-8ab830e5d74a:192.168.164.217:38704] with ContainerStateMachine:uninitialized
2019-10-06 06:19:50,096 [pool-449-thread-1] INFO  server.RaftServerConfigKeys (ConfUtils.java:logGet(43)) - raft.server.rpcslowness.timeout = 120s (custom)
2019-10-06 06:19:50,096 [pool-439-thread-1] INFO  server.RaftServerConfigKeys (ConfUtils.java:logGet(43)) - raft.server.log.corruption.policy = EXCEPTION (default)
2019-10-06 06:19:50,096 [pool-449-thread-1] INFO  server.RaftServerConfigKeys (ConfUtils.java:logGet(43)) - raft.server.sleep.deviation.threshold = 300 (default)
2019-10-06 06:19:50,096 [pool-459-thread-1] INFO  server.RaftServerConfigKeys (ConfUtils.java:logGet(43)) - raft.server.rpc.timeout.min = 5s (custom)
2019-10-06 06:19:50,097 [pool-449-thread-1] INFO  server.RaftServerConfigKeys (ConfUtils.java:logGet(43)) - raft.server.log.appender.install.snapshot.enabled = false (custom)
2019-10-06 06:19:50,097 [pool-439-thread-1] INFO  storage.RaftStorageDirectory (RaftStorageDirectory.java:analyzeStorage(246)) - The storage directory /workdir/hadoop-ozone/integration-test/target/test-dir/MiniOzoneClusterImpl-efd31f5e-5046-467b-a5e6-3c9a329b9d05/datanode-3/data/ratis/662f2256-fcf8-42b2-8e9a-93184f4d6e99 does not exist. Creating ...
2019-10-06 06:19:50,097 [pool-449-thread-1] INFO  impl.RaftServerImpl (ServerState.java:<init>(103)) - d9cd26b1-985e-4dec-adee-0a29c7d0d5c5@group-93184F4D6E99: ConfigurationManager, init=-1: [f3a61cbf-6fbf-4694-8557-fbf2e6e8faeb:192.168.164.217:44272, d9cd26b1-985e-4dec-adee-0a29c7d0d5c5:192.168.164.217:36649, b5140278-da64-4b2c-aedb-8ab830e5d74a:192.168.164.217:38704], old=null, confs=<EMPTY_MAP>
2019-10-06 06:19:50,097 [pool-459-thread-1] INFO  server.RaftServerConfigKeys (ConfUtils.java:logGet(43)) - raft.server.rpc.timeout.max = 5200ms (custom)
2019-10-06 06:19:50,097 [pool-449-thread-1] INFO  server.RaftServerConfigKeys (ConfUtils.java:logGet(43)) - raft.server.storage.dir = [/workdir/hadoop-ozone/integration-test/target/test-dir/MiniOzoneClusterImpl-efd31f5e-5046-467b-a5e6-3c9a329b9d05/datanode-4/data/ratis] (custom)
2019-10-06 06:19:50,097 [pool-459-thread-1] INFO  server.RaftServerConfigKeys (ConfUtils.java:logGet(43)) - raft.server.rpcslowness.timeout = 120s (custom)
2019-10-06 06:19:50,098 [pool-449-thread-1] INFO  server.RaftServerConfigKeys (ConfUtils.java:logGet(43)) - raft.server.log.corruption.policy = EXCEPTION (default)
2019-10-06 06:19:50,098 [pool-459-thread-1] INFO  server.RaftServerConfigKeys (ConfUtils.java:logGet(43)) - raft.server.sleep.deviation.threshold = 300 (default)
2019-10-06 06:19:50,098 [pool-449-thread-1] INFO  storage.RaftStorageDirectory (RaftStorageDirectory.java:analyzeStorage(246)) - The storage directory /workdir/hadoop-ozone/integration-test/target/test-dir/MiniOzoneClusterImpl-efd31f5e-5046-467b-a5e6-3c9a329b9d05/datanode-4/data/ratis/662f2256-fcf8-42b2-8e9a-93184f4d6e99 does not exist. Creating ...
2019-10-06 06:19:50,098 [pool-459-thread-1] INFO  server.RaftServerConfigKeys (ConfUtils.java:logGet(43)) - raft.server.log.appender.install.snapshot.enabled = false (custom)
2019-10-06 06:19:50,099 [pool-459-thread-1] INFO  impl.RaftServerImpl (ServerState.java:<init>(103)) - b5140278-da64-4b2c-aedb-8ab830e5d74a@group-93184F4D6E99: ConfigurationManager, init=-1: [f3a61cbf-6fbf-4694-8557-fbf2e6e8faeb:192.168.164.217:44272, d9cd26b1-985e-4dec-adee-0a29c7d0d5c5:192.168.164.217:36649, b5140278-da64-4b2c-aedb-8ab830e5d74a:192.168.164.217:38704], old=null, confs=<EMPTY_MAP>
2019-10-06 06:19:50,099 [pool-459-thread-1] INFO  server.RaftServerConfigKeys (ConfUtils.java:logGet(43)) - raft.server.storage.dir = [/workdir/hadoop-ozone/integration-test/target/test-dir/MiniOzoneClusterImpl-efd31f5e-5046-467b-a5e6-3c9a329b9d05/datanode-5/data/ratis] (custom)
2019-10-06 06:19:50,100 [pool-459-thread-1] INFO  server.RaftServerConfigKeys (ConfUtils.java:logGet(43)) - raft.server.log.corruption.policy = EXCEPTION (default)
2019-10-06 06:19:50,100 [pool-459-thread-1] INFO  storage.RaftStorageDirectory (RaftStorageDirectory.java:analyzeStorage(246)) - The storage directory /workdir/hadoop-ozone/integration-test/target/test-dir/MiniOzoneClusterImpl-efd31f5e-5046-467b-a5e6-3c9a329b9d05/datanode-5/data/ratis/662f2256-fcf8-42b2-8e9a-93184f4d6e99 does not exist. Creating ...
2019-10-06 06:19:50,100 [pool-439-thread-1] INFO  storage.RaftStorageDirectory (RaftStorageDirectory.java:tryLock(328)) - Lock on /workdir/hadoop-ozone/integration-test/target/test-dir/MiniOzoneClusterImpl-efd31f5e-5046-467b-a5e6-3c9a329b9d05/datanode-3/data/ratis/662f2256-fcf8-42b2-8e9a-93184f4d6e99/in_use.lock acquired by nodename 8769@trunk-nightly-20191006-mzxw6-951422410
2019-10-06 06:19:50,102 [pool-459-thread-1] INFO  storage.RaftStorageDirectory (RaftStorageDirectory.java:tryLock(328)) - Lock on /workdir/hadoop-ozone/integration-test/target/test-dir/MiniOzoneClusterImpl-efd31f5e-5046-467b-a5e6-3c9a329b9d05/datanode-5/data/ratis/662f2256-fcf8-42b2-8e9a-93184f4d6e99/in_use.lock acquired by nodename 8769@trunk-nightly-20191006-mzxw6-951422410
2019-10-06 06:19:50,102 [pool-449-thread-1] INFO  storage.RaftStorageDirectory (RaftStorageDirectory.java:tryLock(328)) - Lock on /workdir/hadoop-ozone/integration-test/target/test-dir/MiniOzoneClusterImpl-efd31f5e-5046-467b-a5e6-3c9a329b9d05/datanode-4/data/ratis/662f2256-fcf8-42b2-8e9a-93184f4d6e99/in_use.lock acquired by nodename 8769@trunk-nightly-20191006-mzxw6-951422410
2019-10-06 06:19:50,106 [pool-439-thread-1] INFO  storage.RaftStorage (RaftStorage.java:format(84)) - Storage directory /workdir/hadoop-ozone/integration-test/target/test-dir/MiniOzoneClusterImpl-efd31f5e-5046-467b-a5e6-3c9a329b9d05/datanode-3/data/ratis/662f2256-fcf8-42b2-8e9a-93184f4d6e99 has been successfully formatted.
2019-10-06 06:19:50,106 [pool-459-thread-1] INFO  storage.RaftStorage (RaftStorage.java:format(84)) - Storage directory /workdir/hadoop-ozone/integration-test/target/test-dir/MiniOzoneClusterImpl-efd31f5e-5046-467b-a5e6-3c9a329b9d05/datanode-5/data/ratis/662f2256-fcf8-42b2-8e9a-93184f4d6e99 has been successfully formatted.
2019-10-06 06:19:50,106 [pool-439-thread-1] INFO  ratis.ContainerStateMachine (ContainerStateMachine.java:loadSnapshot(230)) - group-93184F4D6E99: The snapshot info is null. Setting the last applied indexto:(t:0, i:~)
2019-10-06 06:19:50,106 [pool-459-thread-1] INFO  ratis.ContainerStateMachine (ContainerStateMachine.java:loadSnapshot(230)) - group-93184F4D6E99: The snapshot info is null. Setting the last applied indexto:(t:0, i:~)
2019-10-06 06:19:50,106 [pool-439-thread-1] INFO  server.RaftServerConfigKeys (ConfUtils.java:logGet(43)) - raft.server.notification.no-leader.timeout = 120s (custom)
2019-10-06 06:19:50,106 [pool-439-thread-1] INFO  server.RaftServerConfigKeys (ConfUtils.java:logGet(43)) - raft.server.log.use.memory = false (default)
2019-10-06 06:19:50,106 [pool-459-thread-1] INFO  server.RaftServerConfigKeys (ConfUtils.java:logGet(43)) - raft.server.notification.no-leader.timeout = 120s (custom)
2019-10-06 06:19:50,106 [pool-439-thread-1] INFO  server.RaftServerConfigKeys (ConfUtils.java:logGet(43)) - raft.server.log.purge.gap = 1000000 (custom)
2019-10-06 06:19:50,107 [pool-459-thread-1] INFO  server.RaftServerConfigKeys (ConfUtils.java:logGet(43)) - raft.server.log.use.memory = false (default)
2019-10-06 06:19:50,107 [pool-439-thread-1] INFO  server.RaftServerConfigKeys (ConfUtils.java:logGet(43)) - raft.server.log.appender.buffer.byte-limit = 33554432 (custom)
2019-10-06 06:19:50,107 [pool-459-thread-1] INFO  server.RaftServerConfigKeys (ConfUtils.java:logGet(43)) - raft.server.log.purge.gap = 1000000 (custom)
2019-10-06 06:19:50,107 [pool-439-thread-1] INFO  server.RaftServerConfigKeys (ConfUtils.java:logGet(43)) - raft.server.log.segment.size.max = 1048576 (custom)
2019-10-06 06:19:50,107 [pool-459-thread-1] INFO  server.RaftServerConfigKeys (ConfUtils.java:logGet(43)) - raft.server.log.appender.buffer.byte-limit = 33554432 (custom)
2019-10-06 06:19:50,107 [pool-449-thread-1] INFO  storage.RaftStorage (RaftStorage.java:format(84)) - Storage directory /workdir/hadoop-ozone/integration-test/target/test-dir/MiniOzoneClusterImpl-efd31f5e-5046-467b-a5e6-3c9a329b9d05/datanode-4/data/ratis/662f2256-fcf8-42b2-8e9a-93184f4d6e99 has been successfully formatted.
2019-10-06 06:19:50,107 [pool-439-thread-1] INFO  server.RaftServerConfigKeys (ConfUtils.java:logGet(43)) - raft.server.log.segment.cache.num.max = 2 (custom)
2019-10-06 06:19:50,107 [pool-449-thread-1] INFO  ratis.ContainerStateMachine (ContainerStateMachine.java:loadSnapshot(230)) - group-93184F4D6E99: The snapshot info is null. Setting the last applied indexto:(t:0, i:~)
2019-10-06 06:19:50,107 [pool-459-thread-1] INFO  server.RaftServerConfigKeys (ConfUtils.java:logGet(43)) - raft.server.log.segment.size.max = 1048576 (custom)
2019-10-06 06:19:50,108 [pool-449-thread-1] INFO  server.RaftServerConfigKeys (ConfUtils.java:logGet(43)) - raft.server.notification.no-leader.timeout = 120s (custom)
2019-10-06 06:19:50,108 [pool-449-thread-1] INFO  server.RaftServerConfigKeys (ConfUtils.java:logGet(43)) - raft.server.log.use.memory = false (default)
2019-10-06 06:19:50,108 [pool-439-thread-1] INFO  segmented.SegmentedRaftLogWorker (SegmentedRaftLogWorker.java:<init>(173)) - new f3a61cbf-6fbf-4694-8557-fbf2e6e8faeb@group-93184F4D6E99-SegmentedRaftLogWorker for RaftStorage:Storage Directory /workdir/hadoop-ozone/integration-test/target/test-dir/MiniOzoneClusterImpl-efd31f5e-5046-467b-a5e6-3c9a329b9d05/datanode-3/data/ratis/662f2256-fcf8-42b2-8e9a-93184f4d6e99
2019-10-06 06:19:50,108 [pool-449-thread-1] INFO  server.RaftServerConfigKeys (ConfUtils.java:logGet(43)) - raft.server.log.purge.gap = 1000000 (custom)
2019-10-06 06:19:50,108 [pool-449-thread-1] INFO  server.RaftServerConfigKeys (ConfUtils.java:logGet(43)) - raft.server.log.appender.buffer.byte-limit = 33554432 (custom)
2019-10-06 06:19:50,108 [pool-459-thread-1] INFO  server.RaftServerConfigKeys (ConfUtils.java:logGet(43)) - raft.server.log.segment.cache.num.max = 2 (custom)
2019-10-06 06:19:50,108 [pool-449-thread-1] INFO  server.RaftServerConfigKeys (ConfUtils.java:logGet(43)) - raft.server.log.segment.size.max = 1048576 (custom)
2019-10-06 06:19:50,108 [pool-439-thread-1] INFO  server.RaftServerConfigKeys (ConfUtils.java:logGet(43)) - raft.server.log.queue.byte-limit = 2147483647 (custom)
2019-10-06 06:19:50,108 [pool-449-thread-1] INFO  server.RaftServerConfigKeys (ConfUtils.java:logGet(43)) - raft.server.log.segment.cache.num.max = 2 (custom)
2019-10-06 06:19:50,108 [pool-459-thread-1] INFO  segmented.SegmentedRaftLogWorker (SegmentedRaftLogWorker.java:<init>(173)) - new b5140278-da64-4b2c-aedb-8ab830e5d74a@group-93184F4D6E99-SegmentedRaftLogWorker for RaftStorage:Storage Directory /workdir/hadoop-ozone/integration-test/target/test-dir/MiniOzoneClusterImpl-efd31f5e-5046-467b-a5e6-3c9a329b9d05/datanode-5/data/ratis/662f2256-fcf8-42b2-8e9a-93184f4d6e99
2019-10-06 06:19:50,109 [pool-449-thread-1] INFO  segmented.SegmentedRaftLogWorker (SegmentedRaftLogWorker.java:<init>(173)) - new d9cd26b1-985e-4dec-adee-0a29c7d0d5c5@group-93184F4D6E99-SegmentedRaftLogWorker for RaftStorage:Storage Directory /workdir/hadoop-ozone/integration-test/target/test-dir/MiniOzoneClusterImpl-efd31f5e-5046-467b-a5e6-3c9a329b9d05/datanode-4/data/ratis/662f2256-fcf8-42b2-8e9a-93184f4d6e99
2019-10-06 06:19:50,109 [pool-449-thread-1] INFO  server.RaftServerConfigKeys (ConfUtils.java:logGet(43)) - raft.server.log.queue.byte-limit = 2147483647 (custom)
2019-10-06 06:19:50,109 [pool-439-thread-1] INFO  server.RaftServerConfigKeys (ConfUtils.java:logGet(43)) - raft.server.log.queue.element-limit = 1024 (custom)
2019-10-06 06:19:50,109 [pool-449-thread-1] INFO  server.RaftServerConfigKeys (ConfUtils.java:logGet(43)) - raft.server.log.queue.element-limit = 1024 (custom)
2019-10-06 06:19:50,109 [pool-459-thread-1] INFO  server.RaftServerConfigKeys (ConfUtils.java:logGet(43)) - raft.server.log.queue.byte-limit = 2147483647 (custom)
2019-10-06 06:19:50,109 [pool-449-thread-1] INFO  server.RaftServerConfigKeys (ConfUtils.java:logGet(43)) - raft.server.log.segment.size.max = 1048576 (custom)
2019-10-06 06:19:50,109 [pool-439-thread-1] INFO  server.RaftServerConfigKeys (ConfUtils.java:logGet(43)) - raft.server.log.segment.size.max = 1048576 (custom)
2019-10-06 06:19:50,109 [pool-449-thread-1] INFO  server.RaftServerConfigKeys (ConfUtils.java:logGet(43)) - raft.server.log.preallocated.size = 16384 (custom)
2019-10-06 06:19:50,109 [pool-459-thread-1] INFO  server.RaftServerConfigKeys (ConfUtils.java:logGet(43)) - raft.server.log.queue.element-limit = 1024 (custom)
2019-10-06 06:19:50,110 [pool-449-thread-1] INFO  server.RaftServerConfigKeys (ConfUtils.java:logGet(43)) - raft.server.log.write.buffer.size = 33554432 (custom)
2019-10-06 06:19:50,110 [pool-439-thread-1] INFO  server.RaftServerConfigKeys (ConfUtils.java:logGet(43)) - raft.server.log.preallocated.size = 16384 (custom)
2019-10-06 06:19:50,110 [pool-449-thread-1] INFO  server.RaftServerConfigKeys (ConfUtils.java:logGet(43)) - raft.server.log.force.sync.num = 128 (default)
2019-10-06 06:19:50,110 [pool-459-thread-1] INFO  server.RaftServerConfigKeys (ConfUtils.java:logGet(43)) - raft.server.log.segment.size.max = 1048576 (custom)
2019-10-06 06:19:50,110 [pool-449-thread-1] INFO  server.RaftServerConfigKeys (ConfUtils.java:logGet(43)) - raft.server.log.statemachine.data.sync = true (default)
2019-10-06 06:19:50,110 [pool-439-thread-1] INFO  server.RaftServerConfigKeys (ConfUtils.java:logGet(43)) - raft.server.log.write.buffer.size = 33554432 (custom)
2019-10-06 06:19:50,110 [pool-449-thread-1] INFO  server.RaftServerConfigKeys (ConfUtils.java:logGet(43)) - raft.server.log.statemachine.data.sync.timeout = 10s (default)
2019-10-06 06:19:50,110 [pool-459-thread-1] INFO  server.RaftServerConfigKeys (ConfUtils.java:logGet(43)) - raft.server.log.preallocated.size = 16384 (custom)
2019-10-06 06:19:50,110 [pool-449-thread-1] INFO  server.RaftServerConfigKeys (ConfUtils.java:logGet(43)) - raft.server.log.statemachine.data.sync.timeout.retry = -1 (default)
2019-10-06 06:19:50,110 [pool-439-thread-1] INFO  server.RaftServerConfigKeys (ConfUtils.java:logGet(43)) - raft.server.log.force.sync.num = 128 (default)
2019-10-06 06:19:50,111 [pool-449-thread-1] INFO  server.RaftServerConfigKeys (ConfUtils.java:logGet(43)) - raft.server.log.statemachine.data.caching.enabled = true (custom)
2019-10-06 06:19:50,111 [pool-459-thread-1] INFO  server.RaftServerConfigKeys (ConfUtils.java:logGet(43)) - raft.server.log.write.buffer.size = 33554432 (custom)
2019-10-06 06:19:50,111 [pool-439-thread-1] INFO  server.RaftServerConfigKeys (ConfUtils.java:logGet(43)) - raft.server.log.statemachine.data.sync = true (default)
2019-10-06 06:19:50,111 [pool-449-thread-1] INFO  segmented.SegmentedRaftLogWorker (SegmentedRaftLogWorker.java:lambda$new$0(128)) - d9cd26b1-985e-4dec-adee-0a29c7d0d5c5@group-93184F4D6E99-SegmentedRaftLogWorker: flushIndex: setUnconditionally 0 -> -1
2019-10-06 06:19:50,111 [pool-459-thread-1] INFO  server.RaftServerConfigKeys (ConfUtils.java:logGet(43)) - raft.server.log.force.sync.num = 128 (default)
2019-10-06 06:19:50,111 [pool-459-thread-1] INFO  server.RaftServerConfigKeys (ConfUtils.java:logGet(43)) - raft.server.log.statemachine.data.sync = true (default)
2019-10-06 06:19:50,111 [pool-439-thread-1] INFO  server.RaftServerConfigKeys (ConfUtils.java:logGet(43)) - raft.server.log.statemachine.data.sync.timeout = 10s (default)
2019-10-06 06:19:50,111 [pool-459-thread-1] INFO  server.RaftServerConfigKeys (ConfUtils.java:logGet(43)) - raft.server.log.statemachine.data.sync.timeout = 10s (default)
2019-10-06 06:19:50,111 [pool-449-thread-1] INFO  server.RaftServerConfigKeys (ConfUtils.java:logGet(43)) - raft.server.snapshot.auto.trigger.enabled = true (custom)
2019-10-06 06:19:50,112 [pool-459-thread-1] INFO  server.RaftServerConfigKeys (ConfUtils.java:logGet(43)) - raft.server.log.statemachine.data.sync.timeout.retry = -1 (default)
2019-10-06 06:19:50,112 [pool-439-thread-1] INFO  server.RaftServerConfigKeys (ConfUtils.java:logGet(43)) - raft.server.log.statemachine.data.sync.timeout.retry = -1 (default)
2019-10-06 06:19:50,112 [pool-459-thread-1] INFO  server.RaftServerConfigKeys (ConfUtils.java:logGet(43)) - raft.server.log.statemachine.data.caching.enabled = true (custom)
2019-10-06 06:19:50,112 [pool-449-thread-1] INFO  server.RaftServerConfigKeys (ConfUtils.java:logGet(43)) - raft.server.snapshot.auto.trigger.threshold = 10000 (custom)
2019-10-06 06:19:50,112 [pool-439-thread-1] INFO  server.RaftServerConfigKeys (ConfUtils.java:logGet(43)) - raft.server.log.statemachine.data.caching.enabled = true (custom)
2019-10-06 06:19:50,112 [pool-459-thread-1] INFO  segmented.SegmentedRaftLogWorker (SegmentedRaftLogWorker.java:lambda$new$0(128)) - b5140278-da64-4b2c-aedb-8ab830e5d74a@group-93184F4D6E99-SegmentedRaftLogWorker: flushIndex: setUnconditionally 0 -> -1
2019-10-06 06:19:50,112 [pool-449-thread-1] INFO  server.RaftServerConfigKeys (ConfUtils.java:logGet(43)) - raft.server.snapshot.retention.file.num = 5 (custom)
2019-10-06 06:19:50,112 [pool-439-thread-1] INFO  segmented.SegmentedRaftLogWorker (SegmentedRaftLogWorker.java:lambda$new$0(128)) - f3a61cbf-6fbf-4694-8557-fbf2e6e8faeb@group-93184F4D6E99-SegmentedRaftLogWorker: flushIndex: setUnconditionally 0 -> -1
2019-10-06 06:19:50,112 [pool-459-thread-1] INFO  server.RaftServerConfigKeys (ConfUtils.java:logGet(43)) - raft.server.snapshot.auto.trigger.enabled = true (custom)
2019-10-06 06:19:50,112 [pool-449-thread-1] INFO  server.RaftServerConfigKeys (ConfUtils.java:logGet(43)) - raft.server.retrycache.expirytime = 600000ms (custom)
2019-10-06 06:19:50,113 [pool-439-thread-1] INFO  server.RaftServerConfigKeys (ConfUtils.java:logGet(43)) - raft.server.snapshot.auto.trigger.enabled = true (custom)
2019-10-06 06:19:50,113 [pool-459-thread-1] INFO  server.RaftServerConfigKeys (ConfUtils.java:logGet(43)) - raft.server.snapshot.auto.trigger.threshold = 10000 (custom)
2019-10-06 06:19:50,113 [pool-439-thread-1] INFO  server.RaftServerConfigKeys (ConfUtils.java:logGet(43)) - raft.server.snapshot.auto.trigger.threshold = 10000 (custom)
2019-10-06 06:19:50,113 [pool-459-thread-1] INFO  server.RaftServerConfigKeys (ConfUtils.java:logGet(43)) - raft.server.snapshot.retention.file.num = 5 (custom)
2019-10-06 06:19:50,113 [pool-439-thread-1] INFO  server.RaftServerConfigKeys (ConfUtils.java:logGet(43)) - raft.server.snapshot.retention.file.num = 5 (custom)
2019-10-06 06:19:50,113 [pool-459-thread-1] INFO  server.RaftServerConfigKeys (ConfUtils.java:logGet(43)) - raft.server.retrycache.expirytime = 600000ms (custom)
2019-10-06 06:19:50,113 [pool-439-thread-1] INFO  server.RaftServerConfigKeys (ConfUtils.java:logGet(43)) - raft.server.retrycache.expirytime = 600000ms (custom)
2019-10-06 06:19:50,116 [pool-449-thread-1] INFO  impl.RaftServerImpl (RaftServerImpl.java:start(181)) - d9cd26b1-985e-4dec-adee-0a29c7d0d5c5@group-93184F4D6E99: start as a follower, conf=-1: [f3a61cbf-6fbf-4694-8557-fbf2e6e8faeb:192.168.164.217:44272, d9cd26b1-985e-4dec-adee-0a29c7d0d5c5:192.168.164.217:36649, b5140278-da64-4b2c-aedb-8ab830e5d74a:192.168.164.217:38704], old=null
2019-10-06 06:19:50,116 [pool-449-thread-1] INFO  impl.RaftServerImpl (RaftServerImpl.java:setRole(170)) - d9cd26b1-985e-4dec-adee-0a29c7d0d5c5@group-93184F4D6E99: changes role from      null to FOLLOWER at term 0 for startAsFollower
2019-10-06 06:19:50,116 [pool-449-thread-1] INFO  impl.RoleInfo (RoleInfo.java:updateAndGet(143)) - d9cd26b1-985e-4dec-adee-0a29c7d0d5c5: start FollowerState
2019-10-06 06:19:50,117 [pool-459-thread-1] INFO  impl.RaftServerImpl (RaftServerImpl.java:start(181)) - b5140278-da64-4b2c-aedb-8ab830e5d74a@group-93184F4D6E99: start as a follower, conf=-1: [f3a61cbf-6fbf-4694-8557-fbf2e6e8faeb:192.168.164.217:44272, d9cd26b1-985e-4dec-adee-0a29c7d0d5c5:192.168.164.217:36649, b5140278-da64-4b2c-aedb-8ab830e5d74a:192.168.164.217:38704], old=null
2019-10-06 06:19:50,117 [pool-449-thread-1] INFO  util.JmxRegister (JmxRegister.java:tryRegister(44)) - Successfully registered JMX Bean with object name Ratis:service=RaftServer,group=group-93184F4D6E99,id=d9cd26b1-985e-4dec-adee-0a29c7d0d5c5
2019-10-06 06:19:50,117 [pool-439-thread-1] INFO  impl.RaftServerImpl (RaftServerImpl.java:start(181)) - f3a61cbf-6fbf-4694-8557-fbf2e6e8faeb@group-93184F4D6E99: start as a follower, conf=-1: [f3a61cbf-6fbf-4694-8557-fbf2e6e8faeb:192.168.164.217:44272, d9cd26b1-985e-4dec-adee-0a29c7d0d5c5:192.168.164.217:36649, b5140278-da64-4b2c-aedb-8ab830e5d74a:192.168.164.217:38704], old=null
2019-10-06 06:19:50,117 [pool-459-thread-1] INFO  impl.RaftServerImpl (RaftServerImpl.java:setRole(170)) - b5140278-da64-4b2c-aedb-8ab830e5d74a@group-93184F4D6E99: changes role from      null to FOLLOWER at term 0 for startAsFollower
2019-10-06 06:19:50,117 [pool-439-thread-1] INFO  impl.RaftServerImpl (RaftServerImpl.java:setRole(170)) - f3a61cbf-6fbf-4694-8557-fbf2e6e8faeb@group-93184F4D6E99: changes role from      null to FOLLOWER at term 0 for startAsFollower
2019-10-06 06:19:50,117 [pool-459-thread-1] INFO  impl.RoleInfo (RoleInfo.java:updateAndGet(143)) - b5140278-da64-4b2c-aedb-8ab830e5d74a: start FollowerState
2019-10-06 06:19:50,117 [pool-439-thread-1] INFO  impl.RoleInfo (RoleInfo.java:updateAndGet(143)) - f3a61cbf-6fbf-4694-8557-fbf2e6e8faeb: start FollowerState
2019-10-06 06:19:50,117 [pool-459-thread-1] INFO  util.JmxRegister (JmxRegister.java:tryRegister(44)) - Successfully registered JMX Bean with object name Ratis:service=RaftServer,group=group-93184F4D6E99,id=b5140278-da64-4b2c-aedb-8ab830e5d74a
2019-10-06 06:19:50,118 [pool-439-thread-1] INFO  util.JmxRegister (JmxRegister.java:tryRegister(44)) - Successfully registered JMX Bean with object name Ratis:service=RaftServer,group=group-93184F4D6E99,id=f3a61cbf-6fbf-4694-8557-fbf2e6e8faeb
2019-10-06 06:19:50,127 [RatisPipelineUtilsThread] INFO  pipeline.PipelineStateManager (PipelineStateManager.java:addPipeline(56)) - Created pipeline Pipeline[ Id: 662f2256-fcf8-42b2-8e9a-93184f4d6e99, Nodes: f3a61cbf-6fbf-4694-8557-fbf2e6e8faeb{ip: 192.168.164.217, host: trunk-nightly-20191006-mzxw6-951422410, networkLocation: /default-rack, certSerialId: null}b5140278-da64-4b2c-aedb-8ab830e5d74a{ip: 192.168.164.217, host: trunk-nightly-20191006-mzxw6-951422410, networkLocation: /default-rack, certSerialId: null}d9cd26b1-985e-4dec-adee-0a29c7d0d5c5{ip: 192.168.164.217, host: trunk-nightly-20191006-mzxw6-951422410, networkLocation: /default-rack, certSerialId: null}, Type:RATIS, Factor:THREE, State:OPEN]
2019-10-06 06:19:52,553 [Thread-3071] INFO  container.ReplicationManager (ReplicationManager.java:start(162)) - Starting Replication Monitor Thread.
2019-10-06 06:19:52,557 [ReplicationMonitor] INFO  container.ReplicationManager (ReplicationManager.java:run(225)) - Replication Monitor Thread took 0 milliseconds for processing 1 containers.
2019-10-06 06:19:54,615 [Thread-3073] INFO  impl.FollowerState (FollowerState.java:run(108)) - da6e0ba0-5177-4cde-b4b7-39822dda109b@group-BFDADAAB0F7A-FollowerState: change to CANDIDATE, lastRpcTime:5012ms, electionTimeout:5012ms
2019-10-06 06:19:54,615 [Thread-3073] INFO  impl.RoleInfo (RoleInfo.java:shutdownFollowerState(121)) - da6e0ba0-5177-4cde-b4b7-39822dda109b: shutdown FollowerState
2019-10-06 06:19:54,615 [Thread-3073] INFO  impl.RaftServerImpl (RaftServerImpl.java:setRole(170)) - da6e0ba0-5177-4cde-b4b7-39822dda109b@group-BFDADAAB0F7A: changes role from  FOLLOWER to CANDIDATE at term 0 for changeToCandidate
2019-10-06 06:19:54,615 [Thread-3073] INFO  impl.RoleInfo (RoleInfo.java:updateAndGet(143)) - da6e0ba0-5177-4cde-b4b7-39822dda109b: start LeaderElection
2019-10-06 06:19:54,639 [da6e0ba0-5177-4cde-b4b7-39822dda109b@group-BFDADAAB0F7A-LeaderElection76] INFO  impl.LeaderElection (LeaderElection.java:askForVotes(178)) - da6e0ba0-5177-4cde-b4b7-39822dda109b@group-BFDADAAB0F7A-LeaderElection76: begin an election at term 1 for -1: [da6e0ba0-5177-4cde-b4b7-39822dda109b:192.168.164.217:38044], old=null
2019-10-06 06:19:54,639 [da6e0ba0-5177-4cde-b4b7-39822dda109b@group-BFDADAAB0F7A-LeaderElection76] INFO  impl.RoleInfo (RoleInfo.java:shutdownLeaderElection(134)) - da6e0ba0-5177-4cde-b4b7-39822dda109b: shutdown LeaderElection
2019-10-06 06:19:54,639 [da6e0ba0-5177-4cde-b4b7-39822dda109b@group-BFDADAAB0F7A-LeaderElection76] INFO  impl.RaftServerImpl (RaftServerImpl.java:setRole(170)) - da6e0ba0-5177-4cde-b4b7-39822dda109b@group-BFDADAAB0F7A: changes role from CANDIDATE to LEADER at term 1 for changeToLeader
2019-10-06 06:19:54,639 [da6e0ba0-5177-4cde-b4b7-39822dda109b@group-BFDADAAB0F7A-LeaderElection76] INFO  impl.RaftServerImpl (ServerState.java:setLeader(255)) - da6e0ba0-5177-4cde-b4b7-39822dda109b@group-BFDADAAB0F7A: change Leader from null to da6e0ba0-5177-4cde-b4b7-39822dda109b at term 1 for becomeLeader, leader elected after 5046ms
2019-10-06 06:19:54,639 [da6e0ba0-5177-4cde-b4b7-39822dda109b@group-BFDADAAB0F7A-LeaderElection76] INFO  server.RaftServerConfigKeys (ConfUtils.java:logGet(43)) - raft.server.staging.catchup.gap = 1000 (default)
2019-10-06 06:19:54,639 [da6e0ba0-5177-4cde-b4b7-39822dda109b@group-BFDADAAB0F7A-LeaderElection76] INFO  server.RaftServerConfigKeys (ConfUtils.java:logGet(43)) - raft.server.rpc.sleep.time = 25ms (default)
2019-10-06 06:19:54,639 [da6e0ba0-5177-4cde-b4b7-39822dda109b@group-BFDADAAB0F7A-LeaderElection76] INFO  server.RaftServerConfigKeys (ConfUtils.java:logGet(43)) - raft.server.write.element-limit = 4096 (default)
2019-10-06 06:19:54,640 [da6e0ba0-5177-4cde-b4b7-39822dda109b@group-BFDADAAB0F7A-LeaderElection76] INFO  server.RaftServerConfigKeys (ConfUtils.java:logGet(43)) - raft.server.watch.timeout = 10s (default)
2019-10-06 06:19:54,640 [da6e0ba0-5177-4cde-b4b7-39822dda109b@group-BFDADAAB0F7A-LeaderElection76] INFO  server.RaftServerConfigKeys (ConfUtils.java:logGet(43)) - raft.server.watch.timeout.denomination = 1s (default)
2019-10-06 06:19:54,640 [da6e0ba0-5177-4cde-b4b7-39822dda109b@group-BFDADAAB0F7A-LeaderElection76] INFO  server.RaftServerConfigKeys (ConfUtils.java:logGet(43)) - raft.server.watch.element-limit = 65536 (default)
2019-10-06 06:19:54,641 [da6e0ba0-5177-4cde-b4b7-39822dda109b@group-BFDADAAB0F7A-LeaderElection76] INFO  impl.RoleInfo (RoleInfo.java:updateAndGet(143)) - da6e0ba0-5177-4cde-b4b7-39822dda109b: start LeaderState
2019-10-06 06:19:54,641 [da6e0ba0-5177-4cde-b4b7-39822dda109b@group-BFDADAAB0F7A-LeaderElection76] INFO  segmented.SegmentedRaftLogWorker (SegmentedRaftLogWorker.java:startLogSegment(385)) - da6e0ba0-5177-4cde-b4b7-39822dda109b@group-BFDADAAB0F7A-SegmentedRaftLogWorker: Starting segment from index:0
2019-10-06 06:19:54,642 [da6e0ba0-5177-4cde-b4b7-39822dda109b@group-BFDADAAB0F7A-LeaderElection76] INFO  impl.RaftServerImpl (ServerState.java:setRaftConf(356)) - da6e0ba0-5177-4cde-b4b7-39822dda109b@group-BFDADAAB0F7A: set configuration 0: [da6e0ba0-5177-4cde-b4b7-39822dda109b:192.168.164.217:38044], old=null at 0
2019-10-06 06:19:54,681 [Thread-3076] INFO  impl.FollowerState (FollowerState.java:run(108)) - 1d025d5d-4a97-4ef4-a1d1-848d8e540210@group-4472FBDC39EE-FollowerState: change to CANDIDATE, lastRpcTime:5032ms, electionTimeout:5032ms
2019-10-06 06:19:54,682 [Thread-3076] INFO  impl.RoleInfo (RoleInfo.java:shutdownFollowerState(121)) - 1d025d5d-4a97-4ef4-a1d1-848d8e540210: shutdown FollowerState
2019-10-06 06:19:54,682 [Thread-3076] INFO  impl.RaftServerImpl (RaftServerImpl.java:setRole(170)) - 1d025d5d-4a97-4ef4-a1d1-848d8e540210@group-4472FBDC39EE: changes role from  FOLLOWER to CANDIDATE at term 0 for changeToCandidate
2019-10-06 06:19:54,682 [Thread-3076] INFO  impl.RoleInfo (RoleInfo.java:updateAndGet(143)) - 1d025d5d-4a97-4ef4-a1d1-848d8e540210: start LeaderElection
2019-10-06 06:19:54,684 [da6e0ba0-5177-4cde-b4b7-39822dda109b@group-BFDADAAB0F7A-SegmentedRaftLogWorker] INFO  segmented.SegmentedRaftLogWorker (SegmentedRaftLogWorker.java:execute(574)) - da6e0ba0-5177-4cde-b4b7-39822dda109b@group-BFDADAAB0F7A-SegmentedRaftLogWorker: created new log segment /workdir/hadoop-ozone/integration-test/target/test-dir/MiniOzoneClusterImpl-efd31f5e-5046-467b-a5e6-3c9a329b9d05/datanode-0/data/ratis/86c001bf-2dba-4dbd-aab7-bfdadaab0f7a/current/log_inprogress_0
2019-10-06 06:19:54,699 [1d025d5d-4a97-4ef4-a1d1-848d8e540210@group-4472FBDC39EE-LeaderElection77] INFO  impl.LeaderElection (LeaderElection.java:askForVotes(178)) - 1d025d5d-4a97-4ef4-a1d1-848d8e540210@group-4472FBDC39EE-LeaderElection77: begin an election at term 1 for -1: [1d025d5d-4a97-4ef4-a1d1-848d8e540210:192.168.164.217:37171], old=null
2019-10-06 06:19:54,699 [1d025d5d-4a97-4ef4-a1d1-848d8e540210@group-4472FBDC39EE-LeaderElection77] INFO  impl.RoleInfo (RoleInfo.java:shutdownLeaderElection(134)) - 1d025d5d-4a97-4ef4-a1d1-848d8e540210: shutdown LeaderElection
2019-10-06 06:19:54,699 [1d025d5d-4a97-4ef4-a1d1-848d8e540210@group-4472FBDC39EE-LeaderElection77] INFO  impl.RaftServerImpl (RaftServerImpl.java:setRole(170)) - 1d025d5d-4a97-4ef4-a1d1-848d8e540210@group-4472FBDC39EE: changes role from CANDIDATE to LEADER at term 1 for changeToLeader
2019-10-06 06:19:54,699 [1d025d5d-4a97-4ef4-a1d1-848d8e540210@group-4472FBDC39EE-LeaderElection77] INFO  impl.RaftServerImpl (ServerState.java:setLeader(255)) - 1d025d5d-4a97-4ef4-a1d1-848d8e540210@group-4472FBDC39EE: change Leader from null to 1d025d5d-4a97-4ef4-a1d1-848d8e540210 at term 1 for becomeLeader, leader elected after 5055ms
2019-10-06 06:19:54,700 [1d025d5d-4a97-4ef4-a1d1-848d8e540210@group-4472FBDC39EE-LeaderElection77] INFO  server.RaftServerConfigKeys (ConfUtils.java:logGet(43)) - raft.server.staging.catchup.gap = 1000 (default)
2019-10-06 06:19:54,700 [1d025d5d-4a97-4ef4-a1d1-848d8e540210@group-4472FBDC39EE-LeaderElection77] INFO  server.RaftServerConfigKeys (ConfUtils.java:logGet(43)) - raft.server.rpc.sleep.time = 25ms (default)
2019-10-06 06:19:54,700 [1d025d5d-4a97-4ef4-a1d1-848d8e540210@group-4472FBDC39EE-LeaderElection77] INFO  server.RaftServerConfigKeys (ConfUtils.java:logGet(43)) - raft.server.write.element-limit = 4096 (default)
2019-10-06 06:19:54,700 [1d025d5d-4a97-4ef4-a1d1-848d8e540210@group-4472FBDC39EE-LeaderElection77] INFO  server.RaftServerConfigKeys (ConfUtils.java:logGet(43)) - raft.server.watch.timeout = 10s (default)
2019-10-06 06:19:54,700 [1d025d5d-4a97-4ef4-a1d1-848d8e540210@group-4472FBDC39EE-LeaderElection77] INFO  server.RaftServerConfigKeys (ConfUtils.java:logGet(43)) - raft.server.watch.timeout.denomination = 1s (default)
2019-10-06 06:19:54,700 [1d025d5d-4a97-4ef4-a1d1-848d8e540210@group-4472FBDC39EE-LeaderElection77] INFO  server.RaftServerConfigKeys (ConfUtils.java:logGet(43)) - raft.server.watch.element-limit = 65536 (default)
2019-10-06 06:19:54,701 [1d025d5d-4a97-4ef4-a1d1-848d8e540210@group-4472FBDC39EE-LeaderElection77] INFO  impl.RoleInfo (RoleInfo.java:updateAndGet(143)) - 1d025d5d-4a97-4ef4-a1d1-848d8e540210: start LeaderState
2019-10-06 06:19:54,701 [1d025d5d-4a97-4ef4-a1d1-848d8e540210@group-4472FBDC39EE-LeaderElection77] INFO  segmented.SegmentedRaftLogWorker (SegmentedRaftLogWorker.java:startLogSegment(385)) - 1d025d5d-4a97-4ef4-a1d1-848d8e540210@group-4472FBDC39EE-SegmentedRaftLogWorker: Starting segment from index:0
2019-10-06 06:19:54,702 [1d025d5d-4a97-4ef4-a1d1-848d8e540210@group-4472FBDC39EE-LeaderElection77] INFO  impl.RaftServerImpl (ServerState.java:setRaftConf(356)) - 1d025d5d-4a97-4ef4-a1d1-848d8e540210@group-4472FBDC39EE: set configuration 0: [1d025d5d-4a97-4ef4-a1d1-848d8e540210:192.168.164.217:37171], old=null at 0
2019-10-06 06:19:54,741 [1d025d5d-4a97-4ef4-a1d1-848d8e540210@group-4472FBDC39EE-SegmentedRaftLogWorker] INFO  segmented.SegmentedRaftLogWorker (SegmentedRaftLogWorker.java:execute(574)) - 1d025d5d-4a97-4ef4-a1d1-848d8e540210@group-4472FBDC39EE-SegmentedRaftLogWorker: created new log segment /workdir/hadoop-ozone/integration-test/target/test-dir/MiniOzoneClusterImpl-efd31f5e-5046-467b-a5e6-3c9a329b9d05/datanode-1/data/ratis/3048d10a-4207-40ee-9870-4472fbdc39ee/current/log_inprogress_0
2019-10-06 06:19:54,846 [Thread-3082] INFO  impl.FollowerState (FollowerState.java:run(108)) - 11461bfb-5012-47ea-8ef6-3ae69d061b3b@group-0FC2B571AED8-FollowerState: change to CANDIDATE, lastRpcTime:5090ms, electionTimeout:5090ms
2019-10-06 06:19:54,846 [Thread-3082] INFO  impl.RoleInfo (RoleInfo.java:shutdownFollowerState(121)) - 11461bfb-5012-47ea-8ef6-3ae69d061b3b: shutdown FollowerState
2019-10-06 06:19:54,846 [Thread-3082] INFO  impl.RaftServerImpl (RaftServerImpl.java:setRole(170)) - 11461bfb-5012-47ea-8ef6-3ae69d061b3b@group-0FC2B571AED8: changes role from  FOLLOWER to CANDIDATE at term 0 for changeToCandidate
2019-10-06 06:19:54,846 [Thread-3082] INFO  impl.RoleInfo (RoleInfo.java:updateAndGet(143)) - 11461bfb-5012-47ea-8ef6-3ae69d061b3b: start LeaderElection
2019-10-06 06:19:54,866 [11461bfb-5012-47ea-8ef6-3ae69d061b3b@group-0FC2B571AED8-LeaderElection78] INFO  impl.LeaderElection (LeaderElection.java:askForVotes(178)) - 11461bfb-5012-47ea-8ef6-3ae69d061b3b@group-0FC2B571AED8-LeaderElection78: begin an election at term 1 for -1: [11461bfb-5012-47ea-8ef6-3ae69d061b3b:192.168.164.217:42066, da6e0ba0-5177-4cde-b4b7-39822dda109b:192.168.164.217:38044, 1d025d5d-4a97-4ef4-a1d1-848d8e540210:192.168.164.217:37171], old=null
2019-10-06 06:19:54,869 [grpc-default-executor-9] INFO  impl.RaftServerImpl (RaftServerImpl.java:setRole(170)) - 1d025d5d-4a97-4ef4-a1d1-848d8e540210@group-0FC2B571AED8: changes role from  FOLLOWER to FOLLOWER at term 1 for recognizeCandidate:11461bfb-5012-47ea-8ef6-3ae69d061b3b
2019-10-06 06:19:54,869 [grpc-default-executor-3] INFO  impl.RaftServerImpl (RaftServerImpl.java:setRole(170)) - da6e0ba0-5177-4cde-b4b7-39822dda109b@group-0FC2B571AED8: changes role from  FOLLOWER to FOLLOWER at term 1 for recognizeCandidate:11461bfb-5012-47ea-8ef6-3ae69d061b3b
2019-10-06 06:19:54,869 [grpc-default-executor-9] INFO  impl.RoleInfo (RoleInfo.java:shutdownFollowerState(121)) - 1d025d5d-4a97-4ef4-a1d1-848d8e540210: shutdown FollowerState
2019-10-06 06:19:54,870 [grpc-default-executor-3] INFO  impl.RoleInfo (RoleInfo.java:shutdownFollowerState(121)) - da6e0ba0-5177-4cde-b4b7-39822dda109b: shutdown FollowerState
2019-10-06 06:19:54,870 [Thread-3087] INFO  impl.FollowerState (FollowerState.java:run(117)) - 1d025d5d-4a97-4ef4-a1d1-848d8e540210@group-0FC2B571AED8-FollowerState was interrupted: java.lang.InterruptedException: sleep interrupted
2019-10-06 06:19:54,870 [grpc-default-executor-9] INFO  impl.RoleInfo (RoleInfo.java:updateAndGet(143)) - 1d025d5d-4a97-4ef4-a1d1-848d8e540210: start FollowerState
2019-10-06 06:19:54,870 [Thread-3086] INFO  impl.FollowerState (FollowerState.java:run(117)) - da6e0ba0-5177-4cde-b4b7-39822dda109b@group-0FC2B571AED8-FollowerState was interrupted: java.lang.InterruptedException: sleep interrupted
2019-10-06 06:19:54,870 [grpc-default-executor-3] INFO  impl.RoleInfo (RoleInfo.java:updateAndGet(143)) - da6e0ba0-5177-4cde-b4b7-39822dda109b: start FollowerState
2019-10-06 06:19:54,884 [Thread-3079] INFO  impl.FollowerState (FollowerState.java:run(108)) - 11461bfb-5012-47ea-8ef6-3ae69d061b3b@group-58E2C6E4D316-FollowerState: change to CANDIDATE, lastRpcTime:5183ms, electionTimeout:5183ms
2019-10-06 06:19:54,884 [Thread-3079] INFO  impl.RoleInfo (RoleInfo.java:shutdownFollowerState(121)) - 11461bfb-5012-47ea-8ef6-3ae69d061b3b: shutdown FollowerState
2019-10-06 06:19:54,884 [Thread-3079] INFO  impl.RaftServerImpl (RaftServerImpl.java:setRole(170)) - 11461bfb-5012-47ea-8ef6-3ae69d061b3b@group-58E2C6E4D316: changes role from  FOLLOWER to CANDIDATE at term 0 for changeToCandidate
2019-10-06 06:19:54,884 [Thread-3079] INFO  impl.RoleInfo (RoleInfo.java:updateAndGet(143)) - 11461bfb-5012-47ea-8ef6-3ae69d061b3b: start LeaderElection
2019-10-06 06:19:54,898 [11461bfb-5012-47ea-8ef6-3ae69d061b3b@group-0FC2B571AED8-LeaderElection78] INFO  impl.LeaderElection (LeaderElection.java:logAndReturn(56)) - 11461bfb-5012-47ea-8ef6-3ae69d061b3b@group-0FC2B571AED8-LeaderElection78: Election PASSED; received 1 response(s) [11461bfb-5012-47ea-8ef6-3ae69d061b3b<-1d025d5d-4a97-4ef4-a1d1-848d8e540210#0:OK-t1] and 0 exception(s); 11461bfb-5012-47ea-8ef6-3ae69d061b3b@group-0FC2B571AED8:t1, leader=null, voted=11461bfb-5012-47ea-8ef6-3ae69d061b3b, raftlog=11461bfb-5012-47ea-8ef6-3ae69d061b3b@group-0FC2B571AED8-SegmentedRaftLog:OPENED:c-1,f-1,i0, conf=-1: [11461bfb-5012-47ea-8ef6-3ae69d061b3b:192.168.164.217:42066, da6e0ba0-5177-4cde-b4b7-39822dda109b:192.168.164.217:38044, 1d025d5d-4a97-4ef4-a1d1-848d8e540210:192.168.164.217:37171], old=null
2019-10-06 06:19:54,898 [11461bfb-5012-47ea-8ef6-3ae69d061b3b@group-0FC2B571AED8-LeaderElection78] INFO  impl.RoleInfo (RoleInfo.java:shutdownLeaderElection(134)) - 11461bfb-5012-47ea-8ef6-3ae69d061b3b: shutdown LeaderElection
2019-10-06 06:19:54,899 [11461bfb-5012-47ea-8ef6-3ae69d061b3b@group-0FC2B571AED8-LeaderElection78] INFO  impl.RaftServerImpl (RaftServerImpl.java:setRole(170)) - 11461bfb-5012-47ea-8ef6-3ae69d061b3b@group-0FC2B571AED8: changes role from CANDIDATE to LEADER at term 1 for changeToLeader
2019-10-06 06:19:54,899 [11461bfb-5012-47ea-8ef6-3ae69d061b3b@group-0FC2B571AED8-LeaderElection78] INFO  impl.RaftServerImpl (ServerState.java:setLeader(255)) - 11461bfb-5012-47ea-8ef6-3ae69d061b3b@group-0FC2B571AED8: change Leader from null to 11461bfb-5012-47ea-8ef6-3ae69d061b3b at term 1 for becomeLeader, leader elected after 5151ms
2019-10-06 06:19:54,899 [11461bfb-5012-47ea-8ef6-3ae69d061b3b@group-0FC2B571AED8-LeaderElection78] INFO  server.RaftServerConfigKeys (ConfUtils.java:logGet(43)) - raft.server.staging.catchup.gap = 1000 (default)
2019-10-06 06:19:54,899 [11461bfb-5012-47ea-8ef6-3ae69d061b3b@group-0FC2B571AED8-LeaderElection78] INFO  server.RaftServerConfigKeys (ConfUtils.java:logGet(43)) - raft.server.rpc.sleep.time = 25ms (default)
2019-10-06 06:19:54,899 [11461bfb-5012-47ea-8ef6-3ae69d061b3b@group-0FC2B571AED8-LeaderElection78] INFO  server.RaftServerConfigKeys (ConfUtils.java:logGet(43)) - raft.server.write.element-limit = 4096 (default)
2019-10-06 06:19:54,899 [11461bfb-5012-47ea-8ef6-3ae69d061b3b@group-0FC2B571AED8-LeaderElection78] INFO  server.RaftServerConfigKeys (ConfUtils.java:logGet(43)) - raft.server.watch.timeout = 10s (default)
2019-10-06 06:19:54,900 [11461bfb-5012-47ea-8ef6-3ae69d061b3b@group-0FC2B571AED8-LeaderElection78] INFO  server.RaftServerConfigKeys (ConfUtils.java:logGet(43)) - raft.server.watch.timeout.denomination = 1s (default)
2019-10-06 06:19:54,900 [11461bfb-5012-47ea-8ef6-3ae69d061b3b@group-0FC2B571AED8-LeaderElection78] INFO  server.RaftServerConfigKeys (ConfUtils.java:logGet(43)) - raft.server.watch.element-limit = 65536 (default)
2019-10-06 06:19:54,902 [11461bfb-5012-47ea-8ef6-3ae69d061b3b@group-0FC2B571AED8-LeaderElection78] INFO  server.RaftServerConfigKeys (ConfUtils.java:logGet(43)) - raft.server.log.appender.snapshot.chunk.size.max = 16MB (=16777216) (default)
2019-10-06 06:19:54,902 [11461bfb-5012-47ea-8ef6-3ae69d061b3b@group-0FC2B571AED8-LeaderElection78] INFO  server.RaftServerConfigKeys (ConfUtils.java:logGet(43)) - raft.server.log.appender.buffer.byte-limit = 33554432 (custom)
2019-10-06 06:19:54,902 [11461bfb-5012-47ea-8ef6-3ae69d061b3b@group-0FC2B571AED8-LeaderElection78] INFO  server.RaftServerConfigKeys (ConfUtils.java:logGet(43)) - raft.server.log.appender.buffer.element-limit = 1 (custom)
2019-10-06 06:19:54,902 [11461bfb-5012-47ea-8ef6-3ae69d061b3b@group-0FC2B571AED8-LeaderElection78] INFO  grpc.GrpcConfigKeys$Server (ConfUtils.java:logGet(43)) - raft.grpc.server.leader.outstanding.appends.max = 128 (default)
2019-10-06 06:19:54,903 [11461bfb-5012-47ea-8ef6-3ae69d061b3b@group-0FC2B571AED8-LeaderElection78] INFO  server.RaftServerConfigKeys (ConfUtils.java:logGet(43)) - raft.server.rpc.request.timeout = 3000ms (default)
2019-10-06 06:19:54,903 [11461bfb-5012-47ea-8ef6-3ae69d061b3b@group-0FC2B571AED8-LeaderElection78] INFO  server.RaftServerConfigKeys (ConfUtils.java:logGet(43)) - raft.server.log.appender.install.snapshot.enabled = false (custom)
2019-10-06 06:19:54,903 [11461bfb-5012-47ea-8ef6-3ae69d061b3b@group-0FC2B571AED8-LeaderElection78] INFO  server.RaftServerConfigKeys (ConfUtils.java:logGet(43)) - raft.server.log.appender.snapshot.chunk.size.max = 16MB (=16777216) (default)
2019-10-06 06:19:54,903 [11461bfb-5012-47ea-8ef6-3ae69d061b3b@group-0FC2B571AED8-LeaderElection78] INFO  server.RaftServerConfigKeys (ConfUtils.java:logGet(43)) - raft.server.log.appender.buffer.byte-limit = 33554432 (custom)
2019-10-06 06:19:54,903 [11461bfb-5012-47ea-8ef6-3ae69d061b3b@group-0FC2B571AED8-LeaderElection78] INFO  server.RaftServerConfigKeys (ConfUtils.java:logGet(43)) - raft.server.log.appender.buffer.element-limit = 1 (custom)
2019-10-06 06:19:54,903 [11461bfb-5012-47ea-8ef6-3ae69d061b3b@group-0FC2B571AED8-LeaderElection78] INFO  grpc.GrpcConfigKeys$Server (ConfUtils.java:logGet(43)) - raft.grpc.server.leader.outstanding.appends.max = 128 (default)
2019-10-06 06:19:54,904 [11461bfb-5012-47ea-8ef6-3ae69d061b3b@group-0FC2B571AED8-LeaderElection78] INFO  server.RaftServerConfigKeys (ConfUtils.java:logGet(43)) - raft.server.rpc.request.timeout = 3000ms (default)
2019-10-06 06:19:54,904 [11461bfb-5012-47ea-8ef6-3ae69d061b3b@group-0FC2B571AED8-LeaderElection78] INFO  server.RaftServerConfigKeys (ConfUtils.java:logGet(43)) - raft.server.log.appender.install.snapshot.enabled = false (custom)
2019-10-06 06:19:54,904 [11461bfb-5012-47ea-8ef6-3ae69d061b3b@group-0FC2B571AED8-LeaderElection78] INFO  impl.RoleInfo (RoleInfo.java:updateAndGet(143)) - 11461bfb-5012-47ea-8ef6-3ae69d061b3b: start LeaderState
2019-10-06 06:19:54,904 [11461bfb-5012-47ea-8ef6-3ae69d061b3b@group-0FC2B571AED8-LeaderElection78] INFO  segmented.SegmentedRaftLogWorker (SegmentedRaftLogWorker.java:startLogSegment(385)) - 11461bfb-5012-47ea-8ef6-3ae69d061b3b@group-0FC2B571AED8-SegmentedRaftLogWorker: Starting segment from index:0
2019-10-06 06:19:54,905 [11461bfb-5012-47ea-8ef6-3ae69d061b3b@group-0FC2B571AED8-LeaderElection78] INFO  impl.RaftServerImpl (ServerState.java:setRaftConf(356)) - 11461bfb-5012-47ea-8ef6-3ae69d061b3b@group-0FC2B571AED8: set configuration 0: [11461bfb-5012-47ea-8ef6-3ae69d061b3b:192.168.164.217:42066, da6e0ba0-5177-4cde-b4b7-39822dda109b:192.168.164.217:38044, 1d025d5d-4a97-4ef4-a1d1-848d8e540210:192.168.164.217:37171], old=null at 0
2019-10-06 06:19:54,939 [11461bfb-5012-47ea-8ef6-3ae69d061b3b@group-58E2C6E4D316-LeaderElection79] INFO  impl.LeaderElection (LeaderElection.java:askForVotes(178)) - 11461bfb-5012-47ea-8ef6-3ae69d061b3b@group-58E2C6E4D316-LeaderElection79: begin an election at term 1 for -1: [11461bfb-5012-47ea-8ef6-3ae69d061b3b:192.168.164.217:42066], old=null
2019-10-06 06:19:54,941 [11461bfb-5012-47ea-8ef6-3ae69d061b3b@group-58E2C6E4D316-LeaderElection79] INFO  impl.RoleInfo (RoleInfo.java:shutdownLeaderElection(134)) - 11461bfb-5012-47ea-8ef6-3ae69d061b3b: shutdown LeaderElection
2019-10-06 06:19:54,942 [11461bfb-5012-47ea-8ef6-3ae69d061b3b@group-58E2C6E4D316-LeaderElection79] INFO  impl.RaftServerImpl (RaftServerImpl.java:setRole(170)) - 11461bfb-5012-47ea-8ef6-3ae69d061b3b@group-58E2C6E4D316: changes role from CANDIDATE to LEADER at term 1 for changeToLeader
2019-10-06 06:19:54,944 [11461bfb-5012-47ea-8ef6-3ae69d061b3b@group-58E2C6E4D316-LeaderElection79] INFO  impl.RaftServerImpl (ServerState.java:setLeader(255)) - 11461bfb-5012-47ea-8ef6-3ae69d061b3b@group-58E2C6E4D316: change Leader from null to 11461bfb-5012-47ea-8ef6-3ae69d061b3b at term 1 for becomeLeader, leader elected after 5248ms
2019-10-06 06:19:54,945 [11461bfb-5012-47ea-8ef6-3ae69d061b3b@group-58E2C6E4D316-LeaderElection79] INFO  server.RaftServerConfigKeys (ConfUtils.java:logGet(43)) - raft.server.staging.catchup.gap = 1000 (default)
2019-10-06 06:19:54,945 [11461bfb-5012-47ea-8ef6-3ae69d061b3b@group-58E2C6E4D316-LeaderElection79] INFO  server.RaftServerConfigKeys (ConfUtils.java:logGet(43)) - raft.server.rpc.sleep.time = 25ms (default)
2019-10-06 06:19:54,945 [11461bfb-5012-47ea-8ef6-3ae69d061b3b@group-58E2C6E4D316-LeaderElection79] INFO  server.RaftServerConfigKeys (ConfUtils.java:logGet(43)) - raft.server.write.element-limit = 4096 (default)
2019-10-06 06:19:54,945 [11461bfb-5012-47ea-8ef6-3ae69d061b3b@group-58E2C6E4D316-LeaderElection79] INFO  server.RaftServerConfigKeys (ConfUtils.java:logGet(43)) - raft.server.watch.timeout = 10s (default)
2019-10-06 06:19:54,945 [11461bfb-5012-47ea-8ef6-3ae69d061b3b@group-58E2C6E4D316-LeaderElection79] INFO  server.RaftServerConfigKeys (ConfUtils.java:logGet(43)) - raft.server.watch.timeout.denomination = 1s (default)
2019-10-06 06:19:54,959 [grpc-default-executor-3] INFO  impl.RaftServerImpl (ServerState.java:setLeader(255)) - 1d025d5d-4a97-4ef4-a1d1-848d8e540210@group-0FC2B571AED8: change Leader from null to 11461bfb-5012-47ea-8ef6-3ae69d061b3b at term 1 for appendEntries, leader elected after 5208ms
2019-10-06 06:19:54,959 [grpc-default-executor-9] INFO  impl.RaftServerImpl (ServerState.java:setLeader(255)) - da6e0ba0-5177-4cde-b4b7-39822dda109b@group-0FC2B571AED8: change Leader from null to 11461bfb-5012-47ea-8ef6-3ae69d061b3b at term 1 for appendEntries, leader elected after 5208ms
2019-10-06 06:19:54,959 [11461bfb-5012-47ea-8ef6-3ae69d061b3b@group-0FC2B571AED8-SegmentedRaftLogWorker] INFO  segmented.SegmentedRaftLogWorker (SegmentedRaftLogWorker.java:execute(574)) - 11461bfb-5012-47ea-8ef6-3ae69d061b3b@group-0FC2B571AED8-SegmentedRaftLogWorker: created new log segment /workdir/hadoop-ozone/integration-test/target/test-dir/MiniOzoneClusterImpl-efd31f5e-5046-467b-a5e6-3c9a329b9d05/datanode-2/data/ratis/29e0806c-adad-4b33-84ef-0fc2b571aed8/current/log_inprogress_0
2019-10-06 06:19:54,959 [11461bfb-5012-47ea-8ef6-3ae69d061b3b@group-58E2C6E4D316-LeaderElection79] INFO  server.RaftServerConfigKeys (ConfUtils.java:logGet(43)) - raft.server.watch.element-limit = 65536 (default)
2019-10-06 06:19:54,964 [grpc-default-executor-9] INFO  impl.RaftServerImpl (ServerState.java:setRaftConf(356)) - 1d025d5d-4a97-4ef4-a1d1-848d8e540210@group-0FC2B571AED8: set configuration 0: [11461bfb-5012-47ea-8ef6-3ae69d061b3b:192.168.164.217:42066, da6e0ba0-5177-4cde-b4b7-39822dda109b:192.168.164.217:38044, 1d025d5d-4a97-4ef4-a1d1-848d8e540210:192.168.164.217:37171], old=null at 0
2019-10-06 06:19:54,964 [grpc-default-executor-3] INFO  impl.RaftServerImpl (ServerState.java:setRaftConf(356)) - da6e0ba0-5177-4cde-b4b7-39822dda109b@group-0FC2B571AED8: set configuration 0: [11461bfb-5012-47ea-8ef6-3ae69d061b3b:192.168.164.217:42066, da6e0ba0-5177-4cde-b4b7-39822dda109b:192.168.164.217:38044, 1d025d5d-4a97-4ef4-a1d1-848d8e540210:192.168.164.217:37171], old=null at 0
2019-10-06 06:19:54,964 [grpc-default-executor-9] INFO  segmented.SegmentedRaftLogWorker (SegmentedRaftLogWorker.java:startLogSegment(385)) - 1d025d5d-4a97-4ef4-a1d1-848d8e540210@group-0FC2B571AED8-SegmentedRaftLogWorker: Starting segment from index:0
2019-10-06 06:19:54,964 [11461bfb-5012-47ea-8ef6-3ae69d061b3b@group-58E2C6E4D316-LeaderElection79] INFO  impl.RoleInfo (RoleInfo.java:updateAndGet(143)) - 11461bfb-5012-47ea-8ef6-3ae69d061b3b: start LeaderState
2019-10-06 06:19:54,964 [grpc-default-executor-3] INFO  segmented.SegmentedRaftLogWorker (SegmentedRaftLogWorker.java:startLogSegment(385)) - da6e0ba0-5177-4cde-b4b7-39822dda109b@group-0FC2B571AED8-SegmentedRaftLogWorker: Starting segment from index:0
2019-10-06 06:19:54,965 [11461bfb-5012-47ea-8ef6-3ae69d061b3b@group-58E2C6E4D316-LeaderElection79] INFO  segmented.SegmentedRaftLogWorker (SegmentedRaftLogWorker.java:startLogSegment(385)) - 11461bfb-5012-47ea-8ef6-3ae69d061b3b@group-58E2C6E4D316-SegmentedRaftLogWorker: Starting segment from index:0
2019-10-06 06:19:54,966 [11461bfb-5012-47ea-8ef6-3ae69d061b3b@group-58E2C6E4D316-LeaderElection79] INFO  impl.RaftServerImpl (ServerState.java:setRaftConf(356)) - 11461bfb-5012-47ea-8ef6-3ae69d061b3b@group-58E2C6E4D316: set configuration 0: [11461bfb-5012-47ea-8ef6-3ae69d061b3b:192.168.164.217:42066], old=null at 0
2019-10-06 06:19:55,005 [Thread-3096] INFO  impl.FollowerState (FollowerState.java:run(108)) - b5140278-da64-4b2c-aedb-8ab830e5d74a@group-3A8B86A78A52-FollowerState: change to CANDIDATE, lastRpcTime:5038ms, electionTimeout:5027ms
2019-10-06 06:19:55,005 [Thread-3096] INFO  impl.RoleInfo (RoleInfo.java:shutdownFollowerState(121)) - b5140278-da64-4b2c-aedb-8ab830e5d74a: shutdown FollowerState
2019-10-06 06:19:55,005 [Thread-3096] INFO  impl.RaftServerImpl (RaftServerImpl.java:setRole(170)) - b5140278-da64-4b2c-aedb-8ab830e5d74a@group-3A8B86A78A52: changes role from  FOLLOWER to CANDIDATE at term 0 for changeToCandidate
2019-10-06 06:19:55,005 [Thread-3096] INFO  impl.RoleInfo (RoleInfo.java:updateAndGet(143)) - b5140278-da64-4b2c-aedb-8ab830e5d74a: start LeaderElection
2019-10-06 06:19:55,018 [11461bfb-5012-47ea-8ef6-3ae69d061b3b@group-58E2C6E4D316-SegmentedRaftLogWorker] INFO  segmented.SegmentedRaftLogWorker (SegmentedRaftLogWorker.java:execute(574)) - 11461bfb-5012-47ea-8ef6-3ae69d061b3b@group-58E2C6E4D316-SegmentedRaftLogWorker: created new log segment /workdir/hadoop-ozone/integration-test/target/test-dir/MiniOzoneClusterImpl-efd31f5e-5046-467b-a5e6-3c9a329b9d05/datanode-2/data/ratis/75791748-cf67-46d7-b368-58e2c6e4d316/current/log_inprogress_0
2019-10-06 06:19:55,018 [b5140278-da64-4b2c-aedb-8ab830e5d74a@group-3A8B86A78A52-LeaderElection80] INFO  impl.LeaderElection (LeaderElection.java:askForVotes(178)) - b5140278-da64-4b2c-aedb-8ab830e5d74a@group-3A8B86A78A52-LeaderElection80: begin an election at term 1 for -1: [b5140278-da64-4b2c-aedb-8ab830e5d74a:192.168.164.217:38704], old=null
2019-10-06 06:19:55,018 [1d025d5d-4a97-4ef4-a1d1-848d8e540210@group-0FC2B571AED8-SegmentedRaftLogWorker] INFO  segmented.SegmentedRaftLogWorker (SegmentedRaftLogWorker.java:execute(574)) - 1d025d5d-4a97-4ef4-a1d1-848d8e540210@group-0FC2B571AED8-SegmentedRaftLogWorker: created new log segment /workdir/hadoop-ozone/integration-test/target/test-dir/MiniOzoneClusterImpl-efd31f5e-5046-467b-a5e6-3c9a329b9d05/datanode-1/data/ratis/29e0806c-adad-4b33-84ef-0fc2b571aed8/current/log_inprogress_0
2019-10-06 06:19:55,018 [da6e0ba0-5177-4cde-b4b7-39822dda109b@group-0FC2B571AED8-SegmentedRaftLogWorker] INFO  segmented.SegmentedRaftLogWorker (SegmentedRaftLogWorker.java:execute(574)) - da6e0ba0-5177-4cde-b4b7-39822dda109b@group-0FC2B571AED8-SegmentedRaftLogWorker: created new log segment /workdir/hadoop-ozone/integration-test/target/test-dir/MiniOzoneClusterImpl-efd31f5e-5046-467b-a5e6-3c9a329b9d05/datanode-0/data/ratis/29e0806c-adad-4b33-84ef-0fc2b571aed8/current/log_inprogress_0
2019-10-06 06:19:55,018 [b5140278-da64-4b2c-aedb-8ab830e5d74a@group-3A8B86A78A52-LeaderElection80] INFO  impl.RoleInfo (RoleInfo.java:shutdownLeaderElection(134)) - b5140278-da64-4b2c-aedb-8ab830e5d74a: shutdown LeaderElection
2019-10-06 06:19:55,018 [b5140278-da64-4b2c-aedb-8ab830e5d74a@group-3A8B86A78A52-LeaderElection80] INFO  impl.RaftServerImpl (RaftServerImpl.java:setRole(170)) - b5140278-da64-4b2c-aedb-8ab830e5d74a@group-3A8B86A78A52: changes role from CANDIDATE to LEADER at term 1 for changeToLeader
2019-10-06 06:19:55,019 [b5140278-da64-4b2c-aedb-8ab830e5d74a@group-3A8B86A78A52-LeaderElection80] INFO  impl.RaftServerImpl (ServerState.java:setLeader(255)) - b5140278-da64-4b2c-aedb-8ab830e5d74a@group-3A8B86A78A52: change Leader from null to b5140278-da64-4b2c-aedb-8ab830e5d74a at term 1 for becomeLeader, leader elected after 5079ms
2019-10-06 06:19:55,019 [b5140278-da64-4b2c-aedb-8ab830e5d74a@group-3A8B86A78A52-LeaderElection80] INFO  server.RaftServerConfigKeys (ConfUtils.java:logGet(43)) - raft.server.staging.catchup.gap = 1000 (default)
2019-10-06 06:19:55,019 [b5140278-da64-4b2c-aedb-8ab830e5d74a@group-3A8B86A78A52-LeaderElection80] INFO  server.RaftServerConfigKeys (ConfUtils.java:logGet(43)) - raft.server.rpc.sleep.time = 25ms (default)
2019-10-06 06:19:55,019 [b5140278-da64-4b2c-aedb-8ab830e5d74a@group-3A8B86A78A52-LeaderElection80] INFO  server.RaftServerConfigKeys (ConfUtils.java:logGet(43)) - raft.server.write.element-limit = 4096 (default)
2019-10-06 06:19:55,019 [b5140278-da64-4b2c-aedb-8ab830e5d74a@group-3A8B86A78A52-LeaderElection80] INFO  server.RaftServerConfigKeys (ConfUtils.java:logGet(43)) - raft.server.watch.timeout = 10s (default)
2019-10-06 06:19:55,019 [b5140278-da64-4b2c-aedb-8ab830e5d74a@group-3A8B86A78A52-LeaderElection80] INFO  server.RaftServerConfigKeys (ConfUtils.java:logGet(43)) - raft.server.watch.timeout.denomination = 1s (default)
2019-10-06 06:19:55,019 [b5140278-da64-4b2c-aedb-8ab830e5d74a@group-3A8B86A78A52-LeaderElection80] INFO  server.RaftServerConfigKeys (ConfUtils.java:logGet(43)) - raft.server.watch.element-limit = 65536 (default)
2019-10-06 06:19:55,021 [b5140278-da64-4b2c-aedb-8ab830e5d74a@group-3A8B86A78A52-LeaderElection80] INFO  impl.RoleInfo (RoleInfo.java:updateAndGet(143)) - b5140278-da64-4b2c-aedb-8ab830e5d74a: start LeaderState
2019-10-06 06:19:55,021 [b5140278-da64-4b2c-aedb-8ab830e5d74a@group-3A8B86A78A52-LeaderElection80] INFO  segmented.SegmentedRaftLogWorker (SegmentedRaftLogWorker.java:startLogSegment(385)) - b5140278-da64-4b2c-aedb-8ab830e5d74a@group-3A8B86A78A52-SegmentedRaftLogWorker: Starting segment from index:0
2019-10-06 06:19:55,022 [b5140278-da64-4b2c-aedb-8ab830e5d74a@group-3A8B86A78A52-LeaderElection80] INFO  impl.RaftServerImpl (ServerState.java:setRaftConf(356)) - b5140278-da64-4b2c-aedb-8ab830e5d74a@group-3A8B86A78A52: set configuration 0: [b5140278-da64-4b2c-aedb-8ab830e5d74a:192.168.164.217:38704], old=null at 0
2019-10-06 06:19:55,058 [Thread-3091] INFO  impl.FollowerState (FollowerState.java:run(108)) - f3a61cbf-6fbf-4694-8557-fbf2e6e8faeb@group-C8C6111C5A04-FollowerState: change to CANDIDATE, lastRpcTime:5157ms, electionTimeout:5157ms
2019-10-06 06:19:55,059 [Thread-3091] INFO  impl.RoleInfo (RoleInfo.java:shutdownFollowerState(121)) - f3a61cbf-6fbf-4694-8557-fbf2e6e8faeb: shutdown FollowerState
2019-10-06 06:19:55,059 [Thread-3091] INFO  impl.RaftServerImpl (RaftServerImpl.java:setRole(170)) - f3a61cbf-6fbf-4694-8557-fbf2e6e8faeb@group-C8C6111C5A04: changes role from  FOLLOWER to CANDIDATE at term 0 for changeToCandidate
2019-10-06 06:19:55,059 [Thread-3091] INFO  impl.RoleInfo (RoleInfo.java:updateAndGet(143)) - f3a61cbf-6fbf-4694-8557-fbf2e6e8faeb: start LeaderElection
2019-10-06 06:19:55,069 [b5140278-da64-4b2c-aedb-8ab830e5d74a@group-3A8B86A78A52-SegmentedRaftLogWorker] INFO  segmented.SegmentedRaftLogWorker (SegmentedRaftLogWorker.java:execute(574)) - b5140278-da64-4b2c-aedb-8ab830e5d74a@group-3A8B86A78A52-SegmentedRaftLogWorker: created new log segment /workdir/hadoop-ozone/integration-test/target/test-dir/MiniOzoneClusterImpl-efd31f5e-5046-467b-a5e6-3c9a329b9d05/datanode-5/data/ratis/e0dfdfad-665a-4b8e-bef1-3a8b86a78a52/current/log_inprogress_0
2019-10-06 06:19:55,069 [f3a61cbf-6fbf-4694-8557-fbf2e6e8faeb@group-C8C6111C5A04-LeaderElection81] INFO  impl.LeaderElection (LeaderElection.java:askForVotes(178)) - f3a61cbf-6fbf-4694-8557-fbf2e6e8faeb@group-C8C6111C5A04-LeaderElection81: begin an election at term 1 for -1: [f3a61cbf-6fbf-4694-8557-fbf2e6e8faeb:192.168.164.217:44272], old=null
2019-10-06 06:19:55,070 [f3a61cbf-6fbf-4694-8557-fbf2e6e8faeb@group-C8C6111C5A04-LeaderElection81] INFO  impl.RoleInfo (RoleInfo.java:shutdownLeaderElection(134)) - f3a61cbf-6fbf-4694-8557-fbf2e6e8faeb: shutdown LeaderElection
2019-10-06 06:19:55,070 [f3a61cbf-6fbf-4694-8557-fbf2e6e8faeb@group-C8C6111C5A04-LeaderElection81] INFO  impl.RaftServerImpl (RaftServerImpl.java:setRole(170)) - f3a61cbf-6fbf-4694-8557-fbf2e6e8faeb@group-C8C6111C5A04: changes role from CANDIDATE to LEADER at term 1 for changeToLeader
2019-10-06 06:19:55,070 [f3a61cbf-6fbf-4694-8557-fbf2e6e8faeb@group-C8C6111C5A04-LeaderElection81] INFO  impl.RaftServerImpl (ServerState.java:setLeader(255)) - f3a61cbf-6fbf-4694-8557-fbf2e6e8faeb@group-C8C6111C5A04: change Leader from null to f3a61cbf-6fbf-4694-8557-fbf2e6e8faeb at term 1 for becomeLeader, leader elected after 5173ms
2019-10-06 06:19:55,070 [f3a61cbf-6fbf-4694-8557-fbf2e6e8faeb@group-C8C6111C5A04-LeaderElection81] INFO  server.RaftServerConfigKeys (ConfUtils.java:logGet(43)) - raft.server.staging.catchup.gap = 1000 (default)
2019-10-06 06:19:55,070 [f3a61cbf-6fbf-4694-8557-fbf2e6e8faeb@group-C8C6111C5A04-LeaderElection81] INFO  server.RaftServerConfigKeys (ConfUtils.java:logGet(43)) - raft.server.rpc.sleep.time = 25ms (default)
2019-10-06 06:19:55,070 [f3a61cbf-6fbf-4694-8557-fbf2e6e8faeb@group-C8C6111C5A04-LeaderElection81] INFO  server.RaftServerConfigKeys (ConfUtils.java:logGet(43)) - raft.server.write.element-limit = 4096 (default)
2019-10-06 06:19:55,070 [f3a61cbf-6fbf-4694-8557-fbf2e6e8faeb@group-C8C6111C5A04-LeaderElection81] INFO  server.RaftServerConfigKeys (ConfUtils.java:logGet(43)) - raft.server.watch.timeout = 10s (default)
2019-10-06 06:19:55,070 [f3a61cbf-6fbf-4694-8557-fbf2e6e8faeb@group-C8C6111C5A04-LeaderElection81] INFO  server.RaftServerConfigKeys (ConfUtils.java:logGet(43)) - raft.server.watch.timeout.denomination = 1s (default)
2019-10-06 06:19:55,071 [f3a61cbf-6fbf-4694-8557-fbf2e6e8faeb@group-C8C6111C5A04-LeaderElection81] INFO  server.RaftServerConfigKeys (ConfUtils.java:logGet(43)) - raft.server.watch.element-limit = 65536 (default)
2019-10-06 06:19:55,072 [f3a61cbf-6fbf-4694-8557-fbf2e6e8faeb@group-C8C6111C5A04-LeaderElection81] INFO  impl.RoleInfo (RoleInfo.java:updateAndGet(143)) - f3a61cbf-6fbf-4694-8557-fbf2e6e8faeb: start LeaderState
2019-10-06 06:19:55,073 [f3a61cbf-6fbf-4694-8557-fbf2e6e8faeb@group-C8C6111C5A04-LeaderElection81] INFO  segmented.SegmentedRaftLogWorker (SegmentedRaftLogWorker.java:startLogSegment(385)) - f3a61cbf-6fbf-4694-8557-fbf2e6e8faeb@group-C8C6111C5A04-SegmentedRaftLogWorker: Starting segment from index:0
2019-10-06 06:19:55,073 [f3a61cbf-6fbf-4694-8557-fbf2e6e8faeb@group-C8C6111C5A04-LeaderElection81] INFO  impl.RaftServerImpl (ServerState.java:setRaftConf(356)) - f3a61cbf-6fbf-4694-8557-fbf2e6e8faeb@group-C8C6111C5A04: set configuration 0: [f3a61cbf-6fbf-4694-8557-fbf2e6e8faeb:192.168.164.217:44272], old=null at 0
2019-10-06 06:19:55,105 [Thread-3099] INFO  impl.FollowerState (FollowerState.java:run(108)) - d9cd26b1-985e-4dec-adee-0a29c7d0d5c5@group-7B72D4D6154D-FollowerState: change to CANDIDATE, lastRpcTime:5082ms, electionTimeout:5073ms
2019-10-06 06:19:55,105 [Thread-3099] INFO  impl.RoleInfo (RoleInfo.java:shutdownFollowerState(121)) - d9cd26b1-985e-4dec-adee-0a29c7d0d5c5: shutdown FollowerState
2019-10-06 06:19:55,105 [Thread-3099] INFO  impl.RaftServerImpl (RaftServerImpl.java:setRole(170)) - d9cd26b1-985e-4dec-adee-0a29c7d0d5c5@group-7B72D4D6154D: changes role from  FOLLOWER to CANDIDATE at term 0 for changeToCandidate
2019-10-06 06:19:55,105 [Thread-3099] INFO  impl.RoleInfo (RoleInfo.java:updateAndGet(143)) - d9cd26b1-985e-4dec-adee-0a29c7d0d5c5: start LeaderElection
2019-10-06 06:19:55,117 [f3a61cbf-6fbf-4694-8557-fbf2e6e8faeb@group-C8C6111C5A04-SegmentedRaftLogWorker] INFO  segmented.SegmentedRaftLogWorker (SegmentedRaftLogWorker.java:execute(574)) - f3a61cbf-6fbf-4694-8557-fbf2e6e8faeb@group-C8C6111C5A04-SegmentedRaftLogWorker: created new log segment /workdir/hadoop-ozone/integration-test/target/test-dir/MiniOzoneClusterImpl-efd31f5e-5046-467b-a5e6-3c9a329b9d05/datanode-3/data/ratis/66e4af66-d0eb-4801-8e69-c8c6111c5a04/current/log_inprogress_0
2019-10-06 06:19:55,117 [d9cd26b1-985e-4dec-adee-0a29c7d0d5c5@group-7B72D4D6154D-LeaderElection82] INFO  impl.LeaderElection (LeaderElection.java:askForVotes(178)) - d9cd26b1-985e-4dec-adee-0a29c7d0d5c5@group-7B72D4D6154D-LeaderElection82: begin an election at term 1 for -1: [d9cd26b1-985e-4dec-adee-0a29c7d0d5c5:192.168.164.217:36649], old=null
2019-10-06 06:19:55,117 [d9cd26b1-985e-4dec-adee-0a29c7d0d5c5@group-7B72D4D6154D-LeaderElection82] INFO  impl.RoleInfo (RoleInfo.java:shutdownLeaderElection(134)) - d9cd26b1-985e-4dec-adee-0a29c7d0d5c5: shutdown LeaderElection
2019-10-06 06:19:55,118 [d9cd26b1-985e-4dec-adee-0a29c7d0d5c5@group-7B72D4D6154D-LeaderElection82] INFO  impl.RaftServerImpl (RaftServerImpl.java:setRole(170)) - d9cd26b1-985e-4dec-adee-0a29c7d0d5c5@group-7B72D4D6154D: changes role from CANDIDATE to LEADER at term 1 for changeToLeader
2019-10-06 06:19:55,118 [d9cd26b1-985e-4dec-adee-0a29c7d0d5c5@group-7B72D4D6154D-LeaderElection82] INFO  impl.RaftServerImpl (ServerState.java:setLeader(255)) - d9cd26b1-985e-4dec-adee-0a29c7d0d5c5@group-7B72D4D6154D: change Leader from null to d9cd26b1-985e-4dec-adee-0a29c7d0d5c5 at term 1 for becomeLeader, leader elected after 5099ms
2019-10-06 06:19:55,118 [d9cd26b1-985e-4dec-adee-0a29c7d0d5c5@group-7B72D4D6154D-LeaderElection82] INFO  server.RaftServerConfigKeys (ConfUtils.java:logGet(43)) - raft.server.staging.catchup.gap = 1000 (default)
2019-10-06 06:19:55,118 [d9cd26b1-985e-4dec-adee-0a29c7d0d5c5@group-7B72D4D6154D-LeaderElection82] INFO  server.RaftServerConfigKeys (ConfUtils.java:logGet(43)) - raft.server.rpc.sleep.time = 25ms (default)
2019-10-06 06:19:55,118 [d9cd26b1-985e-4dec-adee-0a29c7d0d5c5@group-7B72D4D6154D-LeaderElection82] INFO  server.RaftServerConfigKeys (ConfUtils.java:logGet(43)) - raft.server.write.element-limit = 4096 (default)
2019-10-06 06:19:55,118 [d9cd26b1-985e-4dec-adee-0a29c7d0d5c5@group-7B72D4D6154D-LeaderElection82] INFO  server.RaftServerConfigKeys (ConfUtils.java:logGet(43)) - raft.server.watch.timeout = 10s (default)
2019-10-06 06:19:55,118 [d9cd26b1-985e-4dec-adee-0a29c7d0d5c5@group-7B72D4D6154D-LeaderElection82] INFO  server.RaftServerConfigKeys (ConfUtils.java:logGet(43)) - raft.server.watch.timeout.denomination = 1s (default)
2019-10-06 06:19:55,118 [d9cd26b1-985e-4dec-adee-0a29c7d0d5c5@group-7B72D4D6154D-LeaderElection82] INFO  server.RaftServerConfigKeys (ConfUtils.java:logGet(43)) - raft.server.watch.element-limit = 65536 (default)
2019-10-06 06:19:55,120 [d9cd26b1-985e-4dec-adee-0a29c7d0d5c5@group-7B72D4D6154D-LeaderElection82] INFO  impl.RoleInfo (RoleInfo.java:updateAndGet(143)) - d9cd26b1-985e-4dec-adee-0a29c7d0d5c5: start LeaderState
2019-10-06 06:19:55,120 [d9cd26b1-985e-4dec-adee-0a29c7d0d5c5@group-7B72D4D6154D-LeaderElection82] INFO  segmented.SegmentedRaftLogWorker (SegmentedRaftLogWorker.java:startLogSegment(385)) - d9cd26b1-985e-4dec-adee-0a29c7d0d5c5@group-7B72D4D6154D-SegmentedRaftLogWorker: Starting segment from index:0
2019-10-06 06:19:55,120 [d9cd26b1-985e-4dec-adee-0a29c7d0d5c5@group-7B72D4D6154D-LeaderElection82] INFO  impl.RaftServerImpl (ServerState.java:setRaftConf(356)) - d9cd26b1-985e-4dec-adee-0a29c7d0d5c5@group-7B72D4D6154D: set configuration 0: [d9cd26b1-985e-4dec-adee-0a29c7d0d5c5:192.168.164.217:36649], old=null at 0
2019-10-06 06:19:55,152 [Thread-3107] INFO  impl.FollowerState (FollowerState.java:run(108)) - d9cd26b1-985e-4dec-adee-0a29c7d0d5c5@group-93184F4D6E99-FollowerState: change to CANDIDATE, lastRpcTime:5035ms, electionTimeout:5035ms
2019-10-06 06:19:55,152 [Thread-3107] INFO  impl.RoleInfo (RoleInfo.java:shutdownFollowerState(121)) - d9cd26b1-985e-4dec-adee-0a29c7d0d5c5: shutdown FollowerState
2019-10-06 06:19:55,152 [Thread-3107] INFO  impl.RaftServerImpl (RaftServerImpl.java:setRole(170)) - d9cd26b1-985e-4dec-adee-0a29c7d0d5c5@group-93184F4D6E99: changes role from  FOLLOWER to CANDIDATE at term 0 for changeToCandidate
2019-10-06 06:19:55,152 [Thread-3107] INFO  impl.RoleInfo (RoleInfo.java:updateAndGet(143)) - d9cd26b1-985e-4dec-adee-0a29c7d0d5c5: start LeaderElection
2019-10-06 06:19:55,160 [d9cd26b1-985e-4dec-adee-0a29c7d0d5c5@group-7B72D4D6154D-SegmentedRaftLogWorker] INFO  segmented.SegmentedRaftLogWorker (SegmentedRaftLogWorker.java:execute(574)) - d9cd26b1-985e-4dec-adee-0a29c7d0d5c5@group-7B72D4D6154D-SegmentedRaftLogWorker: created new log segment /workdir/hadoop-ozone/integration-test/target/test-dir/MiniOzoneClusterImpl-efd31f5e-5046-467b-a5e6-3c9a329b9d05/datanode-4/data/ratis/565117dd-35b3-44d8-bb70-7b72d4d6154d/current/log_inprogress_0
2019-10-06 06:19:55,160 [d9cd26b1-985e-4dec-adee-0a29c7d0d5c5@group-93184F4D6E99-LeaderElection83] INFO  impl.LeaderElection (LeaderElection.java:askForVotes(178)) - d9cd26b1-985e-4dec-adee-0a29c7d0d5c5@group-93184F4D6E99-LeaderElection83: begin an election at term 1 for -1: [f3a61cbf-6fbf-4694-8557-fbf2e6e8faeb:192.168.164.217:44272, d9cd26b1-985e-4dec-adee-0a29c7d0d5c5:192.168.164.217:36649, b5140278-da64-4b2c-aedb-8ab830e5d74a:192.168.164.217:38704], old=null
2019-10-06 06:19:55,164 [grpc-default-executor-9] INFO  impl.RaftServerImpl (RaftServerImpl.java:setRole(170)) - b5140278-da64-4b2c-aedb-8ab830e5d74a@group-93184F4D6E99: changes role from  FOLLOWER to FOLLOWER at term 1 for recognizeCandidate:d9cd26b1-985e-4dec-adee-0a29c7d0d5c5
2019-10-06 06:19:55,164 [grpc-default-executor-3] INFO  impl.RaftServerImpl (RaftServerImpl.java:setRole(170)) - f3a61cbf-6fbf-4694-8557-fbf2e6e8faeb@group-93184F4D6E99: changes role from  FOLLOWER to FOLLOWER at term 1 for recognizeCandidate:d9cd26b1-985e-4dec-adee-0a29c7d0d5c5
2019-10-06 06:19:55,164 [grpc-default-executor-9] INFO  impl.RoleInfo (RoleInfo.java:shutdownFollowerState(121)) - b5140278-da64-4b2c-aedb-8ab830e5d74a: shutdown FollowerState
2019-10-06 06:19:55,164 [grpc-default-executor-3] INFO  impl.RoleInfo (RoleInfo.java:shutdownFollowerState(121)) - f3a61cbf-6fbf-4694-8557-fbf2e6e8faeb: shutdown FollowerState
2019-10-06 06:19:55,164 [Thread-3108] INFO  impl.FollowerState (FollowerState.java:run(117)) - b5140278-da64-4b2c-aedb-8ab830e5d74a@group-93184F4D6E99-FollowerState was interrupted: java.lang.InterruptedException: sleep interrupted
2019-10-06 06:19:55,164 [grpc-default-executor-9] INFO  impl.RoleInfo (RoleInfo.java:updateAndGet(143)) - b5140278-da64-4b2c-aedb-8ab830e5d74a: start FollowerState
2019-10-06 06:19:55,165 [Thread-3109] INFO  impl.FollowerState (FollowerState.java:run(117)) - f3a61cbf-6fbf-4694-8557-fbf2e6e8faeb@group-93184F4D6E99-FollowerState was interrupted: java.lang.InterruptedException: sleep interrupted
2019-10-06 06:19:55,164 [grpc-default-executor-3] INFO  impl.RoleInfo (RoleInfo.java:updateAndGet(143)) - f3a61cbf-6fbf-4694-8557-fbf2e6e8faeb: start FollowerState
2019-10-06 06:19:55,185 [d9cd26b1-985e-4dec-adee-0a29c7d0d5c5@group-93184F4D6E99-LeaderElection83] INFO  impl.LeaderElection (LeaderElection.java:logAndReturn(56)) - d9cd26b1-985e-4dec-adee-0a29c7d0d5c5@group-93184F4D6E99-LeaderElection83: Election PASSED; received 1 response(s) [d9cd26b1-985e-4dec-adee-0a29c7d0d5c5<-b5140278-da64-4b2c-aedb-8ab830e5d74a#0:OK-t1] and 0 exception(s); d9cd26b1-985e-4dec-adee-0a29c7d0d5c5@group-93184F4D6E99:t1, leader=null, voted=d9cd26b1-985e-4dec-adee-0a29c7d0d5c5, raftlog=d9cd26b1-985e-4dec-adee-0a29c7d0d5c5@group-93184F4D6E99-SegmentedRaftLog:OPENED:c-1,f-1,i0, conf=-1: [f3a61cbf-6fbf-4694-8557-fbf2e6e8faeb:192.168.164.217:44272, d9cd26b1-985e-4dec-adee-0a29c7d0d5c5:192.168.164.217:36649, b5140278-da64-4b2c-aedb-8ab830e5d74a:192.168.164.217:38704], old=null
2019-10-06 06:19:55,185 [d9cd26b1-985e-4dec-adee-0a29c7d0d5c5@group-93184F4D6E99-LeaderElection83] INFO  impl.RoleInfo (RoleInfo.java:shutdownLeaderElection(134)) - d9cd26b1-985e-4dec-adee-0a29c7d0d5c5: shutdown LeaderElection
2019-10-06 06:19:55,185 [d9cd26b1-985e-4dec-adee-0a29c7d0d5c5@group-93184F4D6E99-LeaderElection83] INFO  impl.RaftServerImpl (RaftServerImpl.java:setRole(170)) - d9cd26b1-985e-4dec-adee-0a29c7d0d5c5@group-93184F4D6E99: changes role from CANDIDATE to LEADER at term 1 for changeToLeader
2019-10-06 06:19:55,186 [d9cd26b1-985e-4dec-adee-0a29c7d0d5c5@group-93184F4D6E99-LeaderElection83] INFO  impl.RaftServerImpl (ServerState.java:setLeader(255)) - d9cd26b1-985e-4dec-adee-0a29c7d0d5c5@group-93184F4D6E99: change Leader from null to d9cd26b1-985e-4dec-adee-0a29c7d0d5c5 at term 1 for becomeLeader, leader elected after 5077ms
2019-10-06 06:19:55,186 [d9cd26b1-985e-4dec-adee-0a29c7d0d5c5@group-93184F4D6E99-LeaderElection83] INFO  server.RaftServerConfigKeys (ConfUtils.java:logGet(43)) - raft.server.staging.catchup.gap = 1000 (default)
2019-10-06 06:19:55,186 [d9cd26b1-985e-4dec-adee-0a29c7d0d5c5@group-93184F4D6E99-LeaderElection83] INFO  server.RaftServerConfigKeys (ConfUtils.java:logGet(43)) - raft.server.rpc.sleep.time = 25ms (default)
2019-10-06 06:19:55,186 [d9cd26b1-985e-4dec-adee-0a29c7d0d5c5@group-93184F4D6E99-LeaderElection83] INFO  server.RaftServerConfigKeys (ConfUtils.java:logGet(43)) - raft.server.write.element-limit = 4096 (default)
2019-10-06 06:19:55,186 [d9cd26b1-985e-4dec-adee-0a29c7d0d5c5@group-93184F4D6E99-LeaderElection83] INFO  server.RaftServerConfigKeys (ConfUtils.java:logGet(43)) - raft.server.watch.timeout = 10s (default)
2019-10-06 06:19:55,186 [d9cd26b1-985e-4dec-adee-0a29c7d0d5c5@group-93184F4D6E99-LeaderElection83] INFO  server.RaftServerConfigKeys (ConfUtils.java:logGet(43)) - raft.server.watch.timeout.denomination = 1s (default)
2019-10-06 06:19:55,186 [d9cd26b1-985e-4dec-adee-0a29c7d0d5c5@group-93184F4D6E99-LeaderElection83] INFO  server.RaftServerConfigKeys (ConfUtils.java:logGet(43)) - raft.server.watch.element-limit = 65536 (default)
2019-10-06 06:19:55,187 [d9cd26b1-985e-4dec-adee-0a29c7d0d5c5@group-93184F4D6E99-LeaderElection83] INFO  server.RaftServerConfigKeys (ConfUtils.java:logGet(43)) - raft.server.log.appender.snapshot.chunk.size.max = 16MB (=16777216) (default)
2019-10-06 06:19:55,188 [d9cd26b1-985e-4dec-adee-0a29c7d0d5c5@group-93184F4D6E99-LeaderElection83] INFO  server.RaftServerConfigKeys (ConfUtils.java:logGet(43)) - raft.server.log.appender.buffer.byte-limit = 33554432 (custom)
2019-10-06 06:19:55,188 [d9cd26b1-985e-4dec-adee-0a29c7d0d5c5@group-93184F4D6E99-LeaderElection83] INFO  server.RaftServerConfigKeys (ConfUtils.java:logGet(43)) - raft.server.log.appender.buffer.element-limit = 1 (custom)
2019-10-06 06:19:55,188 [d9cd26b1-985e-4dec-adee-0a29c7d0d5c5@group-93184F4D6E99-LeaderElection83] INFO  grpc.GrpcConfigKeys$Server (ConfUtils.java:logGet(43)) - raft.grpc.server.leader.outstanding.appends.max = 128 (default)
2019-10-06 06:19:55,188 [d9cd26b1-985e-4dec-adee-0a29c7d0d5c5@group-93184F4D6E99-LeaderElection83] INFO  server.RaftServerConfigKeys (ConfUtils.java:logGet(43)) - raft.server.rpc.request.timeout = 3000ms (default)
2019-10-06 06:19:55,188 [d9cd26b1-985e-4dec-adee-0a29c7d0d5c5@group-93184F4D6E99-LeaderElection83] INFO  server.RaftServerConfigKeys (ConfUtils.java:logGet(43)) - raft.server.log.appender.install.snapshot.enabled = false (custom)
2019-10-06 06:19:55,188 [d9cd26b1-985e-4dec-adee-0a29c7d0d5c5@group-93184F4D6E99-LeaderElection83] INFO  server.RaftServerConfigKeys (ConfUtils.java:logGet(43)) - raft.server.log.appender.snapshot.chunk.size.max = 16MB (=16777216) (default)
2019-10-06 06:19:55,188 [d9cd26b1-985e-4dec-adee-0a29c7d0d5c5@group-93184F4D6E99-LeaderElection83] INFO  server.RaftServerConfigKeys (ConfUtils.java:logGet(43)) - raft.server.log.appender.buffer.byte-limit = 33554432 (custom)
2019-10-06 06:19:55,188 [d9cd26b1-985e-4dec-adee-0a29c7d0d5c5@group-93184F4D6E99-LeaderElection83] INFO  server.RaftServerConfigKeys (ConfUtils.java:logGet(43)) - raft.server.log.appender.buffer.element-limit = 1 (custom)
2019-10-06 06:19:55,188 [d9cd26b1-985e-4dec-adee-0a29c7d0d5c5@group-93184F4D6E99-LeaderElection83] INFO  grpc.GrpcConfigKeys$Server (ConfUtils.java:logGet(43)) - raft.grpc.server.leader.outstanding.appends.max = 128 (default)
2019-10-06 06:19:55,189 [d9cd26b1-985e-4dec-adee-0a29c7d0d5c5@group-93184F4D6E99-LeaderElection83] INFO  server.RaftServerConfigKeys (ConfUtils.java:logGet(43)) - raft.server.rpc.request.timeout = 3000ms (default)
2019-10-06 06:19:55,189 [d9cd26b1-985e-4dec-adee-0a29c7d0d5c5@group-93184F4D6E99-LeaderElection83] INFO  server.RaftServerConfigKeys (ConfUtils.java:logGet(43)) - raft.server.log.appender.install.snapshot.enabled = false (custom)
2019-10-06 06:19:55,189 [d9cd26b1-985e-4dec-adee-0a29c7d0d5c5@group-93184F4D6E99-LeaderElection83] INFO  impl.RoleInfo (RoleInfo.java:updateAndGet(143)) - d9cd26b1-985e-4dec-adee-0a29c7d0d5c5: start LeaderState
2019-10-06 06:19:55,189 [d9cd26b1-985e-4dec-adee-0a29c7d0d5c5@group-93184F4D6E99-LeaderElection83] INFO  segmented.SegmentedRaftLogWorker (SegmentedRaftLogWorker.java:startLogSegment(385)) - d9cd26b1-985e-4dec-adee-0a29c7d0d5c5@group-93184F4D6E99-SegmentedRaftLogWorker: Starting segment from index:0
2019-10-06 06:19:55,189 [d9cd26b1-985e-4dec-adee-0a29c7d0d5c5@group-93184F4D6E99-LeaderElection83] INFO  impl.RaftServerImpl (ServerState.java:setRaftConf(356)) - d9cd26b1-985e-4dec-adee-0a29c7d0d5c5@group-93184F4D6E99: set configuration 0: [f3a61cbf-6fbf-4694-8557-fbf2e6e8faeb:192.168.164.217:44272, d9cd26b1-985e-4dec-adee-0a29c7d0d5c5:192.168.164.217:36649, b5140278-da64-4b2c-aedb-8ab830e5d74a:192.168.164.217:38704], old=null at 0
2019-10-06 06:19:55,191 [grpc-default-executor-3] INFO  impl.RaftServerImpl (ServerState.java:setLeader(255)) - f3a61cbf-6fbf-4694-8557-fbf2e6e8faeb@group-93184F4D6E99: change Leader from null to d9cd26b1-985e-4dec-adee-0a29c7d0d5c5 at term 1 for appendEntries, leader elected after 5084ms
2019-10-06 06:19:55,191 [grpc-default-executor-9] INFO  impl.RaftServerImpl (ServerState.java:setLeader(255)) - b5140278-da64-4b2c-aedb-8ab830e5d74a@group-93184F4D6E99: change Leader from null to d9cd26b1-985e-4dec-adee-0a29c7d0d5c5 at term 1 for appendEntries, leader elected after 5084ms
2019-10-06 06:19:55,222 [grpc-default-executor-3] INFO  impl.RaftServerImpl (ServerState.java:setRaftConf(356)) - f3a61cbf-6fbf-4694-8557-fbf2e6e8faeb@group-93184F4D6E99: set configuration 0: [f3a61cbf-6fbf-4694-8557-fbf2e6e8faeb:192.168.164.217:44272, d9cd26b1-985e-4dec-adee-0a29c7d0d5c5:192.168.164.217:36649, b5140278-da64-4b2c-aedb-8ab830e5d74a:192.168.164.217:38704], old=null at 0
2019-10-06 06:19:55,222 [grpc-default-executor-9] INFO  impl.RaftServerImpl (ServerState.java:setRaftConf(356)) - b5140278-da64-4b2c-aedb-8ab830e5d74a@group-93184F4D6E99: set configuration 0: [f3a61cbf-6fbf-4694-8557-fbf2e6e8faeb:192.168.164.217:44272, d9cd26b1-985e-4dec-adee-0a29c7d0d5c5:192.168.164.217:36649, b5140278-da64-4b2c-aedb-8ab830e5d74a:192.168.164.217:38704], old=null at 0
2019-10-06 06:19:55,222 [grpc-default-executor-3] INFO  segmented.SegmentedRaftLogWorker (SegmentedRaftLogWorker.java:startLogSegment(385)) - f3a61cbf-6fbf-4694-8557-fbf2e6e8faeb@group-93184F4D6E99-SegmentedRaftLogWorker: Starting segment from index:0
2019-10-06 06:19:55,222 [grpc-default-executor-9] INFO  segmented.SegmentedRaftLogWorker (SegmentedRaftLogWorker.java:startLogSegment(385)) - b5140278-da64-4b2c-aedb-8ab830e5d74a@group-93184F4D6E99-SegmentedRaftLogWorker: Starting segment from index:0
2019-10-06 06:19:55,261 [Thread-3102] INFO  impl.FollowerState (FollowerState.java:run(108)) - 772c9a02-e62b-47e6-a397-b61907783579@group-F6996B3C9C1C-FollowerState: change to CANDIDATE, lastRpcTime:5184ms, electionTimeout:5163ms
2019-10-06 06:19:55,261 [d9cd26b1-985e-4dec-adee-0a29c7d0d5c5@group-93184F4D6E99-SegmentedRaftLogWorker] INFO  segmented.SegmentedRaftLogWorker (SegmentedRaftLogWorker.java:execute(574)) - d9cd26b1-985e-4dec-adee-0a29c7d0d5c5@group-93184F4D6E99-SegmentedRaftLogWorker: created new log segment /workdir/hadoop-ozone/integration-test/target/test-dir/MiniOzoneClusterImpl-efd31f5e-5046-467b-a5e6-3c9a329b9d05/datanode-4/data/ratis/662f2256-fcf8-42b2-8e9a-93184f4d6e99/current/log_inprogress_0
2019-10-06 06:19:55,261 [Thread-3102] INFO  impl.RoleInfo (RoleInfo.java:shutdownFollowerState(121)) - 772c9a02-e62b-47e6-a397-b61907783579: shutdown FollowerState
2019-10-06 06:19:55,261 [Thread-3102] INFO  impl.RaftServerImpl (RaftServerImpl.java:setRole(170)) - 772c9a02-e62b-47e6-a397-b61907783579@group-F6996B3C9C1C: changes role from  FOLLOWER to CANDIDATE at term 0 for changeToCandidate
2019-10-06 06:19:55,261 [Thread-3102] INFO  impl.RoleInfo (RoleInfo.java:updateAndGet(143)) - 772c9a02-e62b-47e6-a397-b61907783579: start LeaderElection
2019-10-06 06:19:55,274 [b5140278-da64-4b2c-aedb-8ab830e5d74a@group-93184F4D6E99-SegmentedRaftLogWorker] INFO  segmented.SegmentedRaftLogWorker (SegmentedRaftLogWorker.java:execute(574)) - b5140278-da64-4b2c-aedb-8ab830e5d74a@group-93184F4D6E99-SegmentedRaftLogWorker: created new log segment /workdir/hadoop-ozone/integration-test/target/test-dir/MiniOzoneClusterImpl-efd31f5e-5046-467b-a5e6-3c9a329b9d05/datanode-5/data/ratis/662f2256-fcf8-42b2-8e9a-93184f4d6e99/current/log_inprogress_0
2019-10-06 06:19:55,274 [f3a61cbf-6fbf-4694-8557-fbf2e6e8faeb@group-93184F4D6E99-SegmentedRaftLogWorker] INFO  segmented.SegmentedRaftLogWorker (SegmentedRaftLogWorker.java:execute(574)) - f3a61cbf-6fbf-4694-8557-fbf2e6e8faeb@group-93184F4D6E99-SegmentedRaftLogWorker: created new log segment /workdir/hadoop-ozone/integration-test/target/test-dir/MiniOzoneClusterImpl-efd31f5e-5046-467b-a5e6-3c9a329b9d05/datanode-3/data/ratis/662f2256-fcf8-42b2-8e9a-93184f4d6e99/current/log_inprogress_0
2019-10-06 06:19:55,274 [772c9a02-e62b-47e6-a397-b61907783579@group-F6996B3C9C1C-LeaderElection84] INFO  impl.LeaderElection (LeaderElection.java:askForVotes(178)) - 772c9a02-e62b-47e6-a397-b61907783579@group-F6996B3C9C1C-LeaderElection84: begin an election at term 1 for -1: [772c9a02-e62b-47e6-a397-b61907783579:192.168.164.217:33773], old=null
2019-10-06 06:19:55,274 [772c9a02-e62b-47e6-a397-b61907783579@group-F6996B3C9C1C-LeaderElection84] INFO  impl.RoleInfo (RoleInfo.java:shutdownLeaderElection(134)) - 772c9a02-e62b-47e6-a397-b61907783579: shutdown LeaderElection
2019-10-06 06:19:55,274 [772c9a02-e62b-47e6-a397-b61907783579@group-F6996B3C9C1C-LeaderElection84] INFO  impl.RaftServerImpl (RaftServerImpl.java:setRole(170)) - 772c9a02-e62b-47e6-a397-b61907783579@group-F6996B3C9C1C: changes role from CANDIDATE to LEADER at term 1 for changeToLeader
2019-10-06 06:19:55,274 [772c9a02-e62b-47e6-a397-b61907783579@group-F6996B3C9C1C-LeaderElection84] INFO  impl.RaftServerImpl (ServerState.java:setLeader(255)) - 772c9a02-e62b-47e6-a397-b61907783579@group-F6996B3C9C1C: change Leader from null to 772c9a02-e62b-47e6-a397-b61907783579 at term 1 for becomeLeader, leader elected after 5202ms
2019-10-06 06:19:55,274 [772c9a02-e62b-47e6-a397-b61907783579@group-F6996B3C9C1C-LeaderElection84] INFO  server.RaftServerConfigKeys (ConfUtils.java:logGet(43)) - raft.server.staging.catchup.gap = 1000 (default)
2019-10-06 06:19:55,275 [772c9a02-e62b-47e6-a397-b61907783579@group-F6996B3C9C1C-LeaderElection84] INFO  server.RaftServerConfigKeys (ConfUtils.java:logGet(43)) - raft.server.rpc.sleep.time = 25ms (default)
2019-10-06 06:19:55,275 [772c9a02-e62b-47e6-a397-b61907783579@group-F6996B3C9C1C-LeaderElection84] INFO  server.RaftServerConfigKeys (ConfUtils.java:logGet(43)) - raft.server.write.element-limit = 4096 (default)
2019-10-06 06:19:55,275 [772c9a02-e62b-47e6-a397-b61907783579@group-F6996B3C9C1C-LeaderElection84] INFO  server.RaftServerConfigKeys (ConfUtils.java:logGet(43)) - raft.server.watch.timeout = 10s (default)
2019-10-06 06:19:55,275 [772c9a02-e62b-47e6-a397-b61907783579@group-F6996B3C9C1C-LeaderElection84] INFO  server.RaftServerConfigKeys (ConfUtils.java:logGet(43)) - raft.server.watch.timeout.denomination = 1s (default)
2019-10-06 06:19:55,275 [772c9a02-e62b-47e6-a397-b61907783579@group-F6996B3C9C1C-LeaderElection84] INFO  server.RaftServerConfigKeys (ConfUtils.java:logGet(43)) - raft.server.watch.element-limit = 65536 (default)
2019-10-06 06:19:55,277 [772c9a02-e62b-47e6-a397-b61907783579@group-F6996B3C9C1C-LeaderElection84] INFO  impl.RoleInfo (RoleInfo.java:updateAndGet(143)) - 772c9a02-e62b-47e6-a397-b61907783579: start LeaderState
2019-10-06 06:19:55,277 [772c9a02-e62b-47e6-a397-b61907783579@group-F6996B3C9C1C-LeaderElection84] INFO  segmented.SegmentedRaftLogWorker (SegmentedRaftLogWorker.java:startLogSegment(385)) - 772c9a02-e62b-47e6-a397-b61907783579@group-F6996B3C9C1C-SegmentedRaftLogWorker: Starting segment from index:0
2019-10-06 06:19:55,277 [772c9a02-e62b-47e6-a397-b61907783579@group-F6996B3C9C1C-LeaderElection84] INFO  impl.RaftServerImpl (ServerState.java:setRaftConf(356)) - 772c9a02-e62b-47e6-a397-b61907783579@group-F6996B3C9C1C: set configuration 0: [772c9a02-e62b-47e6-a397-b61907783579:192.168.164.217:33773], old=null at 0
2019-10-06 06:19:55,322 [772c9a02-e62b-47e6-a397-b61907783579@group-F6996B3C9C1C-SegmentedRaftLogWorker] INFO  segmented.SegmentedRaftLogWorker (SegmentedRaftLogWorker.java:execute(574)) - 772c9a02-e62b-47e6-a397-b61907783579@group-F6996B3C9C1C-SegmentedRaftLogWorker: created new log segment /workdir/hadoop-ozone/integration-test/target/test-dir/MiniOzoneClusterImpl-efd31f5e-5046-467b-a5e6-3c9a329b9d05/datanode-6/data/ratis/d33ec4e6-0ff6-4082-a968-f6996b3c9c1c/current/log_inprogress_0
2019-10-06 06:19:56,408 [Datanode State Machine Thread - 0] INFO  statemachine.DatanodeStateMachine (DatanodeStateMachine.java:lambda$startDaemon$0(350)) - Ozone container server started.
2019-10-06 06:20:00,467 [EventQueue-StaleNodeForStaleNodeHandler] INFO  node.StaleNodeHandler (StaleNodeHandler.java:onMessage(58)) - Datanode f3a61cbf-6fbf-4694-8557-fbf2e6e8faeb{ip: 192.168.164.217, host: trunk-nightly-20191006-mzxw6-951422410, networkLocation: /default-rack, certSerialId: null} moved to stale state. Finalizing its pipelines [PipelineID=662f2256-fcf8-42b2-8e9a-93184f4d6e99, PipelineID=66e4af66-d0eb-4801-8e69-c8c6111c5a04]
2019-10-06 06:20:00,468 [EventQueue-StaleNodeForStaleNodeHandler] INFO  pipeline.SCMPipelineManager (SCMPipelineManager.java:finalizeAndDestroyPipeline(315)) - destroying pipeline:Pipeline[ Id: 662f2256-fcf8-42b2-8e9a-93184f4d6e99, Nodes: f3a61cbf-6fbf-4694-8557-fbf2e6e8faeb{ip: 192.168.164.217, host: trunk-nightly-20191006-mzxw6-951422410, networkLocation: /default-rack, certSerialId: null}b5140278-da64-4b2c-aedb-8ab830e5d74a{ip: 192.168.164.217, host: trunk-nightly-20191006-mzxw6-951422410, networkLocation: /default-rack, certSerialId: null}d9cd26b1-985e-4dec-adee-0a29c7d0d5c5{ip: 192.168.164.217, host: trunk-nightly-20191006-mzxw6-951422410, networkLocation: /default-rack, certSerialId: null}, Type:RATIS, Factor:THREE, State:OPEN]
2019-10-06 06:20:00,469 [EventQueue-StaleNodeForStaleNodeHandler] INFO  pipeline.PipelineStateManager (PipelineStateManager.java:finalizePipeline(123)) - Pipeline Pipeline[ Id: 662f2256-fcf8-42b2-8e9a-93184f4d6e99, Nodes: f3a61cbf-6fbf-4694-8557-fbf2e6e8faeb{ip: 192.168.164.217, host: trunk-nightly-20191006-mzxw6-951422410, networkLocation: /default-rack, certSerialId: null}b5140278-da64-4b2c-aedb-8ab830e5d74a{ip: 192.168.164.217, host: trunk-nightly-20191006-mzxw6-951422410, networkLocation: /default-rack, certSerialId: null}d9cd26b1-985e-4dec-adee-0a29c7d0d5c5{ip: 192.168.164.217, host: trunk-nightly-20191006-mzxw6-951422410, networkLocation: /default-rack, certSerialId: null}, Type:RATIS, Factor:THREE, State:CLOSED] moved to CLOSED state
2019-10-06 06:20:00,469 [EventQueue-CloseContainerForCloseContainerEventHandler] INFO  container.CloseContainerEventHandler (CloseContainerEventHandler.java:onMessage(61)) - Close container Event triggered for container : #1
2019-10-06 06:20:00,474 [EventQueue-StaleNodeForStaleNodeHandler] INFO  pipeline.SCMPipelineManager (SCMPipelineManager.java:finalizeAndDestroyPipeline(315)) - destroying pipeline:Pipeline[ Id: 66e4af66-d0eb-4801-8e69-c8c6111c5a04, Nodes: f3a61cbf-6fbf-4694-8557-fbf2e6e8faeb{ip: 192.168.164.217, host: trunk-nightly-20191006-mzxw6-951422410, networkLocation: /default-rack, certSerialId: null}, Type:RATIS, Factor:ONE, State:OPEN]
2019-10-06 06:20:00,477 [EventQueue-StaleNodeForStaleNodeHandler] INFO  pipeline.PipelineStateManager (PipelineStateManager.java:finalizePipeline(123)) - Pipeline Pipeline[ Id: 66e4af66-d0eb-4801-8e69-c8c6111c5a04, Nodes: f3a61cbf-6fbf-4694-8557-fbf2e6e8faeb{ip: 192.168.164.217, host: trunk-nightly-20191006-mzxw6-951422410, networkLocation: /default-rack, certSerialId: null}, Type:RATIS, Factor:ONE, State:CLOSED] moved to CLOSED state
2019-10-06 06:20:00,599 [main] INFO  ozoneimpl.OzoneContainer (OzoneContainer.java:stop(231)) - Attempting to stop container services.
2019-10-06 06:20:00,600 [main] INFO  impl.RaftServerProxy (RaftServerProxy.java:lambda$close$4(314)) - f3a61cbf-6fbf-4694-8557-fbf2e6e8faeb: close
2019-10-06 06:20:00,601 [main] INFO  impl.RaftServerImpl (RaftServerImpl.java:lambda$shutdown$3(247)) - f3a61cbf-6fbf-4694-8557-fbf2e6e8faeb@group-93184F4D6E99: shutdown
2019-10-06 06:20:00,601 [ForkJoinPool.commonPool-worker-1] INFO  impl.RaftServerImpl (RaftServerImpl.java:lambda$shutdown$3(247)) - f3a61cbf-6fbf-4694-8557-fbf2e6e8faeb@group-C8C6111C5A04: shutdown
2019-10-06 06:20:00,601 [main] INFO  util.JmxRegister (JmxRegister.java:unregister(73)) - Successfully un-registered JMX Bean with object name Ratis:service=RaftServer,group=group-93184F4D6E99,id=f3a61cbf-6fbf-4694-8557-fbf2e6e8faeb
2019-10-06 06:20:00,602 [ForkJoinPool.commonPool-worker-1] INFO  util.JmxRegister (JmxRegister.java:unregister(73)) - Successfully un-registered JMX Bean with object name Ratis:service=RaftServer,group=group-C8C6111C5A04,id=f3a61cbf-6fbf-4694-8557-fbf2e6e8faeb
2019-10-06 06:20:00,602 [main] INFO  impl.RoleInfo (RoleInfo.java:shutdownFollowerState(121)) - f3a61cbf-6fbf-4694-8557-fbf2e6e8faeb: shutdown FollowerState
2019-10-06 06:20:00,602 [ForkJoinPool.commonPool-worker-1] INFO  impl.RoleInfo (RoleInfo.java:shutdownLeaderState(104)) - f3a61cbf-6fbf-4694-8557-fbf2e6e8faeb: shutdown LeaderState
2019-10-06 06:20:00,603 [Thread-3155] INFO  impl.FollowerState (FollowerState.java:run(117)) - f3a61cbf-6fbf-4694-8557-fbf2e6e8faeb@group-93184F4D6E99-FollowerState was interrupted: java.lang.InterruptedException: sleep interrupted
2019-10-06 06:20:00,603 [f3a61cbf-6fbf-4694-8557-fbf2e6e8faeb@group-93184F4D6E99-StateMachineUpdater] INFO  ratis.ContainerStateMachine (ContainerStateMachine.java:takeSnapshot(293)) - group-93184F4D6E99: Taking a snapshot at:(t:1, i:14) file /workdir/hadoop-ozone/integration-test/target/test-dir/MiniOzoneClusterImpl-efd31f5e-5046-467b-a5e6-3c9a329b9d05/datanode-3/data/ratis/662f2256-fcf8-42b2-8e9a-93184f4d6e99/sm/snapshot.1_14
2019-10-06 06:20:00,602 [main] INFO  impl.StateMachineUpdater (StateMachineUpdater.java:stopAndJoin(136)) - f3a61cbf-6fbf-4694-8557-fbf2e6e8faeb@group-93184F4D6E99-StateMachineUpdater: set stopIndex = 16
2019-10-06 06:20:00,603 [ForkJoinPool.commonPool-worker-1] INFO  impl.PendingRequests (PendingRequests.java:sendNotLeaderResponses(202)) - f3a61cbf-6fbf-4694-8557-fbf2e6e8faeb@group-C8C6111C5A04-PendingRequests: sendNotLeaderResponses
2019-10-06 06:20:00,607 [ForkJoinPool.commonPool-worker-1] INFO  impl.StateMachineUpdater (StateMachineUpdater.java:stopAndJoin(136)) - f3a61cbf-6fbf-4694-8557-fbf2e6e8faeb@group-C8C6111C5A04-StateMachineUpdater: set stopIndex = 0
2019-10-06 06:20:00,607 [ForkJoinPool.commonPool-worker-1] INFO  impl.RaftServerImpl (ServerState.java:close(387)) - f3a61cbf-6fbf-4694-8557-fbf2e6e8faeb@group-C8C6111C5A04: closes. applyIndex: 0
2019-10-06 06:20:00,608 [f3a61cbf-6fbf-4694-8557-fbf2e6e8faeb@group-C8C6111C5A04-SegmentedRaftLogWorker] INFO  segmented.SegmentedRaftLogWorker (SegmentedRaftLogWorker.java:run(316)) - f3a61cbf-6fbf-4694-8557-fbf2e6e8faeb@group-C8C6111C5A04-SegmentedRaftLogWorker was interrupted, exiting. There are 0 tasks remaining in the queue.
2019-10-06 06:20:00,618 [ForkJoinPool.commonPool-worker-1] INFO  segmented.SegmentedRaftLogWorker (SegmentedRaftLogWorker.java:close(224)) - f3a61cbf-6fbf-4694-8557-fbf2e6e8faeb@group-C8C6111C5A04-SegmentedRaftLogWorker close()
2019-10-06 06:20:00,621 [f3a61cbf-6fbf-4694-8557-fbf2e6e8faeb@group-93184F4D6E99-StateMachineUpdater] INFO  ratis.ContainerStateMachine (ContainerStateMachine.java:takeSnapshot(304)) - group-93184F4D6E99: Finished taking a snapshot at:(t:1, i:14) file:/workdir/hadoop-ozone/integration-test/target/test-dir/MiniOzoneClusterImpl-efd31f5e-5046-467b-a5e6-3c9a329b9d05/datanode-3/data/ratis/662f2256-fcf8-42b2-8e9a-93184f4d6e99/sm/snapshot.1_14 time:18
2019-10-06 06:20:00,624 [f3a61cbf-6fbf-4694-8557-fbf2e6e8faeb@group-93184F4D6E99-StateMachineUpdater] INFO  impl.StateMachineUpdater (StateMachineUpdater.java:takeSnapshot(269)) - f3a61cbf-6fbf-4694-8557-fbf2e6e8faeb@group-93184F4D6E99-StateMachineUpdater: Took a snapshot at index 14
2019-10-06 06:20:00,624 [f3a61cbf-6fbf-4694-8557-fbf2e6e8faeb@group-93184F4D6E99-StateMachineUpdater] INFO  impl.StateMachineUpdater (StateMachineUpdater.java:lambda$new$0(84)) - f3a61cbf-6fbf-4694-8557-fbf2e6e8faeb@group-93184F4D6E99-StateMachineUpdater: snapshotIndex: updateIncreasingly -1 -> 14
2019-10-06 06:20:00,625 [f3a61cbf-6fbf-4694-8557-fbf2e6e8faeb@group-93184F4D6E99-StateMachineUpdater] INFO  ratis.ContainerStateMachine (ContainerStateMachine.java:takeSnapshot(293)) - group-93184F4D6E99: Taking a snapshot at:(t:1, i:14) file /workdir/hadoop-ozone/integration-test/target/test-dir/MiniOzoneClusterImpl-efd31f5e-5046-467b-a5e6-3c9a329b9d05/datanode-3/data/ratis/662f2256-fcf8-42b2-8e9a-93184f4d6e99/sm/snapshot.1_14
2019-10-06 06:20:00,637 [f3a61cbf-6fbf-4694-8557-fbf2e6e8faeb@group-93184F4D6E99-StateMachineUpdater] INFO  ratis.ContainerStateMachine (ContainerStateMachine.java:takeSnapshot(304)) - group-93184F4D6E99: Finished taking a snapshot at:(t:1, i:14) file:/workdir/hadoop-ozone/integration-test/target/test-dir/MiniOzoneClusterImpl-efd31f5e-5046-467b-a5e6-3c9a329b9d05/datanode-3/data/ratis/662f2256-fcf8-42b2-8e9a-93184f4d6e99/sm/snapshot.1_14 time:12
2019-10-06 06:20:00,637 [f3a61cbf-6fbf-4694-8557-fbf2e6e8faeb@group-93184F4D6E99-StateMachineUpdater] INFO  impl.StateMachineUpdater (StateMachineUpdater.java:takeSnapshot(269)) - f3a61cbf-6fbf-4694-8557-fbf2e6e8faeb@group-93184F4D6E99-StateMachineUpdater: Took a snapshot at index 14
2019-10-06 06:20:00,638 [f3a61cbf-6fbf-4694-8557-fbf2e6e8faeb@group-93184F4D6E99-StateMachineUpdater] INFO  impl.StateMachineUpdater (StateMachineUpdater.java:lambda$new$0(84)) - f3a61cbf-6fbf-4694-8557-fbf2e6e8faeb@group-93184F4D6E99-StateMachineUpdater: snapshotIndex: updateIncreasingly 14 -> 14
2019-10-06 06:20:00,638 [main] INFO  impl.RaftServerImpl (ServerState.java:close(387)) - f3a61cbf-6fbf-4694-8557-fbf2e6e8faeb@group-93184F4D6E99: closes. applyIndex: 16
2019-10-06 06:20:00,638 [f3a61cbf-6fbf-4694-8557-fbf2e6e8faeb@group-93184F4D6E99-SegmentedRaftLogWorker] INFO  segmented.SegmentedRaftLogWorker (SegmentedRaftLogWorker.java:run(316)) - f3a61cbf-6fbf-4694-8557-fbf2e6e8faeb@group-93184F4D6E99-SegmentedRaftLogWorker was interrupted, exiting. There are 0 tasks remaining in the queue.
2019-10-06 06:20:00,641 [main] INFO  segmented.SegmentedRaftLogWorker (SegmentedRaftLogWorker.java:close(224)) - f3a61cbf-6fbf-4694-8557-fbf2e6e8faeb@group-93184F4D6E99-SegmentedRaftLogWorker close()
2019-10-06 06:20:00,646 [main] INFO  server.GrpcService (GrpcService.java:closeImpl(164)) - f3a61cbf-6fbf-4694-8557-fbf2e6e8faeb: shutdown server with port 44272 now
2019-10-06 06:20:00,647 [grpc-default-executor-10] WARN  server.GrpcServerProtocolService (LogUtils.java:warn(134)) - f3a61cbf-6fbf-4694-8557-fbf2e6e8faeb: installSnapshot onError, lastRequest: d9cd26b1-985e-4dec-adee-0a29c7d0d5c5->f3a61cbf-6fbf-4694-8557-fbf2e6e8faeb#19-t1, previous=(t:1, i:16), leaderCommit=16, initializing? false, entries: <empty>: org.apache.ratis.thirdparty.io.grpc.StatusRuntimeException: CANCELLED: cancelled before receiving half close
2019-10-06 06:20:00,648 [grpc-default-executor-11] WARN  server.GrpcLogAppender (LogUtils.java:warn(134)) - d9cd26b1-985e-4dec-adee-0a29c7d0d5c5@group-93184F4D6E99->f3a61cbf-6fbf-4694-8557-fbf2e6e8faeb-AppendLogResponseHandler: Failed appendEntries: org.apache.ratis.thirdparty.io.grpc.StatusRuntimeException: CANCELLED: HTTP/2 error code: CANCEL
Received Rst Stream
2019-10-06 06:20:00,648 [main] INFO  server.GrpcService (GrpcService.java:closeImpl(172)) - f3a61cbf-6fbf-4694-8557-fbf2e6e8faeb: shutdown server with port 44272 successfully
2019-10-06 06:20:00,648 [grpc-default-executor-11] INFO  impl.FollowerInfo (FollowerInfo.java:lambda$new$0(51)) - d9cd26b1-985e-4dec-adee-0a29c7d0d5c5@group-93184F4D6E99->f3a61cbf-6fbf-4694-8557-fbf2e6e8faeb: nextIndex: updateUnconditionally 17 -> 16
2019-10-06 06:20:00,653 [refreshUsed-/workdir/hadoop-ozone/integration-test/target/test-dir/MiniOzoneClusterImpl-efd31f5e-5046-467b-a5e6-3c9a329b9d05/datanode-3/data/containers] WARN  fs.CachingGetSpaceUsed (CachingGetSpaceUsed.java:run(183)) - Thread Interrupted waiting to refresh disk information: sleep interrupted
2019-10-06 06:20:00,671 [main] INFO  utils.BackgroundService (BackgroundService.java:shutdown(148)) - Shutting down service BlockDeletingService
2019-10-06 06:20:00,690 [main] INFO  statemachine.DatanodeStateMachine (DatanodeStateMachine.java:stopDaemon(395)) - Ozone container server stopped.
2019-10-06 06:20:02,411 [grpc-default-executor-11] WARN  server.GrpcLogAppender (LogUtils.java:warn(134)) - d9cd26b1-985e-4dec-adee-0a29c7d0d5c5@group-93184F4D6E99->f3a61cbf-6fbf-4694-8557-fbf2e6e8faeb-AppendLogResponseHandler: Failed appendEntries: org.apache.ratis.thirdparty.io.grpc.StatusRuntimeException: UNAVAILABLE: io exception
2019-10-06 06:20:02,411 [grpc-default-executor-11] INFO  impl.FollowerInfo (FollowerInfo.java:lambda$new$0(51)) - d9cd26b1-985e-4dec-adee-0a29c7d0d5c5@group-93184F4D6E99->f3a61cbf-6fbf-4694-8557-fbf2e6e8faeb: nextIndex: updateUnconditionally 17 -> 16
2019-10-06 06:20:02,422 [grpc-default-executor-9] WARN  server.GrpcLogAppender (LogUtils.java:warn(134)) - d9cd26b1-985e-4dec-adee-0a29c7d0d5c5@group-93184F4D6E99->f3a61cbf-6fbf-4694-8557-fbf2e6e8faeb-AppendLogResponseHandler: Failed appendEntries: org.apache.ratis.thirdparty.io.grpc.StatusRuntimeException: UNAVAILABLE: io exception
2019-10-06 06:20:02,422 [grpc-default-executor-9] INFO  impl.FollowerInfo (FollowerInfo.java:lambda$new$0(51)) - d9cd26b1-985e-4dec-adee-0a29c7d0d5c5@group-93184F4D6E99->f3a61cbf-6fbf-4694-8557-fbf2e6e8faeb: nextIndex: updateUnconditionally 17 -> 16
2019-10-06 06:20:02,424 [grpc-default-executor-9] WARN  server.GrpcLogAppender (LogUtils.java:warn(134)) - d9cd26b1-985e-4dec-adee-0a29c7d0d5c5@group-93184F4D6E99->f3a61cbf-6fbf-4694-8557-fbf2e6e8faeb-AppendLogResponseHandler: Failed appendEntries: org.apache.ratis.thirdparty.io.grpc.StatusRuntimeException: UNAVAILABLE: io exception
2019-10-06 06:20:02,424 [grpc-default-executor-9] INFO  impl.FollowerInfo (FollowerInfo.java:lambda$new$0(51)) - d9cd26b1-985e-4dec-adee-0a29c7d0d5c5@group-93184F4D6E99->f3a61cbf-6fbf-4694-8557-fbf2e6e8faeb: nextIndex: updateUnconditionally 17 -> 16
2019-10-06 06:20:02,444 [RatisApplyTransactionExecutor 1] INFO  interfaces.Container (KeyValueContainer.java:flushAndSyncDB(386)) - Container 1 is synced with bcsId 14.
2019-10-06 06:20:02,444 [RatisApplyTransactionExecutor 1] INFO  interfaces.Container (KeyValueContainer.java:flushAndSyncDB(386)) - Container 1 is synced with bcsId 14.
2019-10-06 06:20:02,444 [RatisApplyTransactionExecutor 1] INFO  interfaces.Container (KeyValueContainer.java:flushAndSyncDB(386)) - Container 1 is synced with bcsId 14.
2019-10-06 06:20:02,445 [RatisApplyTransactionExecutor 1] INFO  interfaces.Container (KeyValueContainer.java:flushAndSyncDB(386)) - Container 1 is synced with bcsId 14.
2019-10-06 06:20:02,459 [RatisApplyTransactionExecutor 1] INFO  interfaces.Container (KeyValueContainer.java:close(335)) - Container 1 is closed with bcsId 14.
2019-10-06 06:20:02,459 [RatisApplyTransactionExecutor 1] INFO  interfaces.Container (KeyValueContainer.java:close(335)) - Container 1 is closed with bcsId 14.
2019-10-06 06:20:02,460 [EventQueue-IncrementalContainerReportForIncrementalContainerReportHandler] INFO  container.IncrementalContainerReportHandler (AbstractContainerReportHandler.java:updateContainerState(176)) - Moving container #1 to CLOSED state, datanode d9cd26b1-985e-4dec-adee-0a29c7d0d5c5{ip: 192.168.164.217, host: trunk-nightly-20191006-mzxw6-951422410, networkLocation: /default-rack, certSerialId: null} reported CLOSED replica.
2019-10-06 06:20:04,926 [grpc-default-executor-3] WARN  server.GrpcLogAppender (LogUtils.java:warn(134)) - d9cd26b1-985e-4dec-adee-0a29c7d0d5c5@group-93184F4D6E99->f3a61cbf-6fbf-4694-8557-fbf2e6e8faeb-AppendLogResponseHandler: Failed appendEntries: org.apache.ratis.thirdparty.io.grpc.StatusRuntimeException: UNAVAILABLE: io exception
2019-10-06 06:20:04,927 [grpc-default-executor-3] INFO  impl.FollowerInfo (FollowerInfo.java:lambda$new$0(51)) - d9cd26b1-985e-4dec-adee-0a29c7d0d5c5@group-93184F4D6E99->f3a61cbf-6fbf-4694-8557-fbf2e6e8faeb: nextIndex: updateUnconditionally 16 -> 15
2019-10-06 06:20:05,410 [main] INFO  handler.ContextHandler (ContextHandler.java:doStop(910)) - Stopped o.e.j.w.WebAppContext@4f811029{/,null,UNAVAILABLE}{/hddsDatanode}
2019-10-06 06:20:05,412 [main] INFO  server.AbstractConnector (AbstractConnector.java:doStop(318)) - Stopped ServerConnector@7f2b584b{HTTP/1.1,[http/1.1]}{0.0.0.0:0}
2019-10-06 06:20:05,412 [main] INFO  handler.ContextHandler (ContextHandler.java:doStop(910)) - Stopped o.e.j.s.ServletContextHandler@7af327e3{/static,jar:file:/home/user/.m2/repository/org/apache/hadoop/hadoop-hdds-container-service/0.5.0-SNAPSHOT/hadoop-hdds-container-service-0.5.0-SNAPSHOT.jar!/webapps/static,UNAVAILABLE}
2019-10-06 06:20:05,413 [main] INFO  handler.ContextHandler (ContextHandler.java:doStop(910)) - Stopped o.e.j.s.ServletContextHandler@53125718{/logs,file:///workdir/hadoop-ozone/integration-test/target/log,UNAVAILABLE}
06:20:05.417 [grpc-default-executor-9] ERROR DNAudit - user=null | ip=null | op=WRITE_CHUNK {blockData=conID: 1 locID: 102913985093828621 bcsId: 14} | ret=FAILURE
org.apache.hadoop.hdds.scm.container.common.helpers.ContainerNotOpenException: Container 1 in CLOSED state
	at org.apache.hadoop.ozone.container.common.impl.HddsDispatcher.validateContainerCommand(HddsDispatcher.java:434) ~[hadoop-hdds-container-service-0.5.0-SNAPSHOT.jar:?]
	at org.apache.hadoop.ozone.container.common.transport.server.ratis.ContainerStateMachine.startTransaction(ContainerStateMachine.java:319) ~[hadoop-hdds-container-service-0.5.0-SNAPSHOT.jar:?]
	at org.apache.ratis.server.impl.RaftServerImpl.submitClientRequestAsync(RaftServerImpl.java:569) ~[ratis-server-0.5.0-201fc85-SNAPSHOT.jar:0.5.0-201fc85-SNAPSHOT]
	at org.apache.ratis.server.impl.RaftServerProxy.lambda$submitClientRequestAsync$7(RaftServerProxy.java:333) ~[ratis-server-0.5.0-201fc85-SNAPSHOT.jar:0.5.0-201fc85-SNAPSHOT]
	at org.apache.ratis.server.impl.RaftServerProxy.lambda$null$5(RaftServerProxy.java:328) ~[ratis-server-0.5.0-201fc85-SNAPSHOT.jar:0.5.0-201fc85-SNAPSHOT]
	at org.apache.ratis.util.JavaUtils.callAsUnchecked(JavaUtils.java:109) ~[ratis-common-0.5.0-201fc85-SNAPSHOT.jar:0.5.0-201fc85-SNAPSHOT]
	at org.apache.ratis.server.impl.RaftServerProxy.lambda$submitRequest$6(RaftServerProxy.java:328) ~[ratis-server-0.5.0-201fc85-SNAPSHOT.jar:0.5.0-201fc85-SNAPSHOT]
	at java.util.concurrent.CompletableFuture.uniComposeStage(CompletableFuture.java:981) ~[?:1.8.0_212]
	at java.util.concurrent.CompletableFuture.thenCompose(CompletableFuture.java:2124) ~[?:1.8.0_212]
	at org.apache.ratis.server.impl.RaftServerProxy.submitRequest(RaftServerProxy.java:327) ~[ratis-server-0.5.0-201fc85-SNAPSHOT.jar:0.5.0-201fc85-SNAPSHOT]
	at org.apache.ratis.server.impl.RaftServerProxy.submitClientRequestAsync(RaftServerProxy.java:333) ~[ratis-server-0.5.0-201fc85-SNAPSHOT.jar:0.5.0-201fc85-SNAPSHOT]
	at org.apache.ratis.grpc.client.GrpcClientProtocolService$RequestStreamObserver.processClientRequest(GrpcClientProtocolService.java:220) ~[ratis-grpc-0.5.0-201fc85-SNAPSHOT.jar:0.5.0-201fc85-SNAPSHOT]
	at org.apache.ratis.grpc.client.GrpcClientProtocolService$OrderedRequestStreamObserver.processClientRequest(GrpcClientProtocolService.java:326) ~[ratis-grpc-0.5.0-201fc85-SNAPSHOT.jar:0.5.0-201fc85-SNAPSHOT]
	at org.apache.ratis.util.SlidingWindow$Server.processRequestsFromHead(SlidingWindow.java:429) [ratis-common-0.5.0-201fc85-SNAPSHOT.jar:0.5.0-201fc85-SNAPSHOT]
	at org.apache.ratis.util.SlidingWindow$Server.receivedRequest(SlidingWindow.java:421) [ratis-common-0.5.0-201fc85-SNAPSHOT.jar:0.5.0-201fc85-SNAPSHOT]
	at org.apache.ratis.grpc.client.GrpcClientProtocolService$OrderedRequestStreamObserver.processClientRequest(GrpcClientProtocolService.java:345) [ratis-grpc-0.5.0-201fc85-SNAPSHOT.jar:0.5.0-201fc85-SNAPSHOT]
	at org.apache.ratis.grpc.client.GrpcClientProtocolService$RequestStreamObserver.onNext(GrpcClientProtocolService.java:240) [ratis-grpc-0.5.0-201fc85-SNAPSHOT.jar:0.5.0-201fc85-SNAPSHOT]
	at org.apache.ratis.grpc.client.GrpcClientProtocolService$RequestStreamObserver.onNext(GrpcClientProtocolService.java:168) [ratis-grpc-0.5.0-201fc85-SNAPSHOT.jar:0.5.0-201fc85-SNAPSHOT]
	at org.apache.ratis.thirdparty.io.grpc.stub.ServerCalls$StreamingServerCallHandler$StreamingServerCallListener.onMessage(ServerCalls.java:248) [ratis-thirdparty-misc-0.2.0.jar:0.2.0]
	at org.apache.ratis.thirdparty.io.grpc.internal.ServerCallImpl$ServerStreamListenerImpl.messagesAvailable(ServerCallImpl.java:263) [ratis-thirdparty-misc-0.2.0.jar:0.2.0]
	at org.apache.ratis.thirdparty.io.grpc.internal.ServerImpl$JumpToApplicationThreadServerStreamListener$1MessagesAvailable.runInContext(ServerImpl.java:686) [ratis-thirdparty-misc-0.2.0.jar:0.2.0]
	at org.apache.ratis.thirdparty.io.grpc.internal.ContextRunnable.run(ContextRunnable.java:37) [ratis-thirdparty-misc-0.2.0.jar:0.2.0]
	at org.apache.ratis.thirdparty.io.grpc.internal.SerializingExecutor.run(SerializingExecutor.java:123) [ratis-thirdparty-misc-0.2.0.jar:0.2.0]
	at java.util.concurrent.ThreadPoolExecutor.runWorker(ThreadPoolExecutor.java:1149) [?:1.8.0_212]
	at java.util.concurrent.ThreadPoolExecutor$Worker.run(ThreadPoolExecutor.java:624) [?:1.8.0_212]
	at java.lang.Thread.run(Thread.java:748) [?:1.8.0_212]
06:20:05.420 [grpc-default-executor-9] ERROR DNAudit - user=null | ip=null | op=WRITE_CHUNK {blockData=conID: 1 locID: 102913985093828621 bcsId: 14} | ret=FAILURE
org.apache.hadoop.hdds.scm.container.common.helpers.ContainerNotOpenException: Container 1 in CLOSED state
	at org.apache.hadoop.ozone.container.common.impl.HddsDispatcher.validateContainerCommand(HddsDispatcher.java:434) ~[hadoop-hdds-container-service-0.5.0-SNAPSHOT.jar:?]
	at org.apache.hadoop.ozone.container.common.transport.server.ratis.ContainerStateMachine.startTransaction(ContainerStateMachine.java:319) ~[hadoop-hdds-container-service-0.5.0-SNAPSHOT.jar:?]
	at org.apache.ratis.server.impl.RaftServerImpl.submitClientRequestAsync(RaftServerImpl.java:569) ~[ratis-server-0.5.0-201fc85-SNAPSHOT.jar:0.5.0-201fc85-SNAPSHOT]
	at org.apache.ratis.server.impl.RaftServerProxy.lambda$submitClientRequestAsync$7(RaftServerProxy.java:333) ~[ratis-server-0.5.0-201fc85-SNAPSHOT.jar:0.5.0-201fc85-SNAPSHOT]
	at org.apache.ratis.server.impl.RaftServerProxy.lambda$null$5(RaftServerProxy.java:328) ~[ratis-server-0.5.0-201fc85-SNAPSHOT.jar:0.5.0-201fc85-SNAPSHOT]
	at org.apache.ratis.util.JavaUtils.callAsUnchecked(JavaUtils.java:109) ~[ratis-common-0.5.0-201fc85-SNAPSHOT.jar:0.5.0-201fc85-SNAPSHOT]
	at org.apache.ratis.server.impl.RaftServerProxy.lambda$submitRequest$6(RaftServerProxy.java:328) ~[ratis-server-0.5.0-201fc85-SNAPSHOT.jar:0.5.0-201fc85-SNAPSHOT]
	at java.util.concurrent.CompletableFuture.uniComposeStage(CompletableFuture.java:981) ~[?:1.8.0_212]
	at java.util.concurrent.CompletableFuture.thenCompose(CompletableFuture.java:2124) ~[?:1.8.0_212]
	at org.apache.ratis.server.impl.RaftServerProxy.submitRequest(RaftServerProxy.java:327) ~[ratis-server-0.5.0-201fc85-SNAPSHOT.jar:0.5.0-201fc85-SNAPSHOT]
	at org.apache.ratis.server.impl.RaftServerProxy.submitClientRequestAsync(RaftServerProxy.java:333) ~[ratis-server-0.5.0-201fc85-SNAPSHOT.jar:0.5.0-201fc85-SNAPSHOT]
	at org.apache.ratis.grpc.client.GrpcClientProtocolService$RequestStreamObserver.processClientRequest(GrpcClientProtocolService.java:220) ~[ratis-grpc-0.5.0-201fc85-SNAPSHOT.jar:0.5.0-201fc85-SNAPSHOT]
	at org.apache.ratis.grpc.client.GrpcClientProtocolService$OrderedRequestStreamObserver.processClientRequest(GrpcClientProtocolService.java:326) ~[ratis-grpc-0.5.0-201fc85-SNAPSHOT.jar:0.5.0-201fc85-SNAPSHOT]
	at org.apache.ratis.util.SlidingWindow$Server.processRequestsFromHead(SlidingWindow.java:429) [ratis-common-0.5.0-201fc85-SNAPSHOT.jar:0.5.0-201fc85-SNAPSHOT]
	at org.apache.ratis.util.SlidingWindow$Server.receivedRequest(SlidingWindow.java:421) [ratis-common-0.5.0-201fc85-SNAPSHOT.jar:0.5.0-201fc85-SNAPSHOT]
	at org.apache.ratis.grpc.client.GrpcClientProtocolService$OrderedRequestStreamObserver.processClientRequest(GrpcClientProtocolService.java:345) [ratis-grpc-0.5.0-201fc85-SNAPSHOT.jar:0.5.0-201fc85-SNAPSHOT]
	at org.apache.ratis.grpc.client.GrpcClientProtocolService$RequestStreamObserver.onNext(GrpcClientProtocolService.java:240) [ratis-grpc-0.5.0-201fc85-SNAPSHOT.jar:0.5.0-201fc85-SNAPSHOT]
	at org.apache.ratis.grpc.client.GrpcClientProtocolService$RequestStreamObserver.onNext(GrpcClientProtocolService.java:168) [ratis-grpc-0.5.0-201fc85-SNAPSHOT.jar:0.5.0-201fc85-SNAPSHOT]
	at org.apache.ratis.thirdparty.io.grpc.stub.ServerCalls$StreamingServerCallHandler$StreamingServerCallListener.onMessage(ServerCalls.java:248) [ratis-thirdparty-misc-0.2.0.jar:0.2.0]
	at org.apache.ratis.thirdparty.io.grpc.internal.ServerCallImpl$ServerStreamListenerImpl.messagesAvailable(ServerCallImpl.java:263) [ratis-thirdparty-misc-0.2.0.jar:0.2.0]
	at org.apache.ratis.thirdparty.io.grpc.internal.ServerImpl$JumpToApplicationThreadServerStreamListener$1MessagesAvailable.runInContext(ServerImpl.java:686) [ratis-thirdparty-misc-0.2.0.jar:0.2.0]
	at org.apache.ratis.thirdparty.io.grpc.internal.ContextRunnable.run(ContextRunnable.java:37) [ratis-thirdparty-misc-0.2.0.jar:0.2.0]
	at org.apache.ratis.thirdparty.io.grpc.internal.SerializingExecutor.run(SerializingExecutor.java:123) [ratis-thirdparty-misc-0.2.0.jar:0.2.0]
	at java.util.concurrent.ThreadPoolExecutor.runWorker(ThreadPoolExecutor.java:1149) [?:1.8.0_212]
	at java.util.concurrent.ThreadPoolExecutor$Worker.run(ThreadPoolExecutor.java:624) [?:1.8.0_212]
	at java.lang.Thread.run(Thread.java:748) [?:1.8.0_212]
06:20:05.434 [grpc-default-executor-9] ERROR DNAudit - user=null | ip=null | op=PUT_BLOCK {blockData=[blockId=conID: 1 locID: 102913985093828621 bcsId: 0,size=650]} | ret=FAILURE
org.apache.hadoop.hdds.scm.container.common.helpers.ContainerNotOpenException: Container 1 in CLOSED state
	at org.apache.hadoop.ozone.container.common.impl.HddsDispatcher.validateContainerCommand(HddsDispatcher.java:434) ~[hadoop-hdds-container-service-0.5.0-SNAPSHOT.jar:?]
	at org.apache.hadoop.ozone.container.common.transport.server.ratis.ContainerStateMachine.startTransaction(ContainerStateMachine.java:319) ~[hadoop-hdds-container-service-0.5.0-SNAPSHOT.jar:?]
	at org.apache.ratis.server.impl.RaftServerImpl.submitClientRequestAsync(RaftServerImpl.java:569) ~[ratis-server-0.5.0-201fc85-SNAPSHOT.jar:0.5.0-201fc85-SNAPSHOT]
	at org.apache.ratis.server.impl.RaftServerProxy.lambda$submitClientRequestAsync$7(RaftServerProxy.java:333) ~[ratis-server-0.5.0-201fc85-SNAPSHOT.jar:0.5.0-201fc85-SNAPSHOT]
	at org.apache.ratis.server.impl.RaftServerProxy.lambda$null$5(RaftServerProxy.java:328) ~[ratis-server-0.5.0-201fc85-SNAPSHOT.jar:0.5.0-201fc85-SNAPSHOT]
	at org.apache.ratis.util.JavaUtils.callAsUnchecked(JavaUtils.java:109) ~[ratis-common-0.5.0-201fc85-SNAPSHOT.jar:0.5.0-201fc85-SNAPSHOT]
	at org.apache.ratis.server.impl.RaftServerProxy.lambda$submitRequest$6(RaftServerProxy.java:328) ~[ratis-server-0.5.0-201fc85-SNAPSHOT.jar:0.5.0-201fc85-SNAPSHOT]
	at java.util.concurrent.CompletableFuture.uniComposeStage(CompletableFuture.java:981) ~[?:1.8.0_212]
	at java.util.concurrent.CompletableFuture.thenCompose(CompletableFuture.java:2124) ~[?:1.8.0_212]
	at org.apache.ratis.server.impl.RaftServerProxy.submitRequest(RaftServerProxy.java:327) ~[ratis-server-0.5.0-201fc85-SNAPSHOT.jar:0.5.0-201fc85-SNAPSHOT]
	at org.apache.ratis.server.impl.RaftServerProxy.submitClientRequestAsync(RaftServerProxy.java:333) ~[ratis-server-0.5.0-201fc85-SNAPSHOT.jar:0.5.0-201fc85-SNAPSHOT]
	at org.apache.ratis.grpc.client.GrpcClientProtocolService$RequestStreamObserver.processClientRequest(GrpcClientProtocolService.java:220) ~[ratis-grpc-0.5.0-201fc85-SNAPSHOT.jar:0.5.0-201fc85-SNAPSHOT]
	at org.apache.ratis.grpc.client.GrpcClientProtocolService$OrderedRequestStreamObserver.processClientRequest(GrpcClientProtocolService.java:326) ~[ratis-grpc-0.5.0-201fc85-SNAPSHOT.jar:0.5.0-201fc85-SNAPSHOT]
	at org.apache.ratis.util.SlidingWindow$Server.processRequestsFromHead(SlidingWindow.java:429) [ratis-common-0.5.0-201fc85-SNAPSHOT.jar:0.5.0-201fc85-SNAPSHOT]
	at org.apache.ratis.util.SlidingWindow$Server.receivedRequest(SlidingWindow.java:421) [ratis-common-0.5.0-201fc85-SNAPSHOT.jar:0.5.0-201fc85-SNAPSHOT]
	at org.apache.ratis.grpc.client.GrpcClientProtocolService$OrderedRequestStreamObserver.processClientRequest(GrpcClientProtocolService.java:345) [ratis-grpc-0.5.0-201fc85-SNAPSHOT.jar:0.5.0-201fc85-SNAPSHOT]
	at org.apache.ratis.grpc.client.GrpcClientProtocolService$RequestStreamObserver.onNext(GrpcClientProtocolService.java:240) [ratis-grpc-0.5.0-201fc85-SNAPSHOT.jar:0.5.0-201fc85-SNAPSHOT]
	at org.apache.ratis.grpc.client.GrpcClientProtocolService$RequestStreamObserver.onNext(GrpcClientProtocolService.java:168) [ratis-grpc-0.5.0-201fc85-SNAPSHOT.jar:0.5.0-201fc85-SNAPSHOT]
	at org.apache.ratis.thirdparty.io.grpc.stub.ServerCalls$StreamingServerCallHandler$StreamingServerCallListener.onMessage(ServerCalls.java:248) [ratis-thirdparty-misc-0.2.0.jar:0.2.0]
	at org.apache.ratis.thirdparty.io.grpc.internal.ServerCallImpl$ServerStreamListenerImpl.messagesAvailable(ServerCallImpl.java:263) [ratis-thirdparty-misc-0.2.0.jar:0.2.0]
	at org.apache.ratis.thirdparty.io.grpc.internal.ServerImpl$JumpToApplicationThreadServerStreamListener$1MessagesAvailable.runInContext(ServerImpl.java:686) [ratis-thirdparty-misc-0.2.0.jar:0.2.0]
	at org.apache.ratis.thirdparty.io.grpc.internal.ContextRunnable.run(ContextRunnable.java:37) [ratis-thirdparty-misc-0.2.0.jar:0.2.0]
	at org.apache.ratis.thirdparty.io.grpc.internal.SerializingExecutor.run(SerializingExecutor.java:123) [ratis-thirdparty-misc-0.2.0.jar:0.2.0]
	at java.util.concurrent.ThreadPoolExecutor.runWorker(ThreadPoolExecutor.java:1149) [?:1.8.0_212]
	at java.util.concurrent.ThreadPoolExecutor$Worker.run(ThreadPoolExecutor.java:624) [?:1.8.0_212]
	at java.lang.Thread.run(Thread.java:748) [?:1.8.0_212]
06:20:05.436 [grpc-default-executor-9] ERROR DNAudit - user=null | ip=null | op=WRITE_CHUNK {blockData=conID: 1 locID: 102913985093828621 bcsId: 14} | ret=FAILURE
org.apache.hadoop.hdds.scm.container.common.helpers.ContainerNotOpenException: Container 1 in CLOSED state
	at org.apache.hadoop.ozone.container.common.impl.HddsDispatcher.validateContainerCommand(HddsDispatcher.java:434) ~[hadoop-hdds-container-service-0.5.0-SNAPSHOT.jar:?]
	at org.apache.hadoop.ozone.container.common.transport.server.ratis.ContainerStateMachine.startTransaction(ContainerStateMachine.java:319) ~[hadoop-hdds-container-service-0.5.0-SNAPSHOT.jar:?]
	at org.apache.ratis.server.impl.RaftServerImpl.submitClientRequestAsync(RaftServerImpl.java:569) ~[ratis-server-0.5.0-201fc85-SNAPSHOT.jar:0.5.0-201fc85-SNAPSHOT]
	at org.apache.ratis.server.impl.RaftServerProxy.lambda$submitClientRequestAsync$7(RaftServerProxy.java:333) ~[ratis-server-0.5.0-201fc85-SNAPSHOT.jar:0.5.0-201fc85-SNAPSHOT]
	at org.apache.ratis.server.impl.RaftServerProxy.lambda$null$5(RaftServerProxy.java:328) ~[ratis-server-0.5.0-201fc85-SNAPSHOT.jar:0.5.0-201fc85-SNAPSHOT]
	at org.apache.ratis.util.JavaUtils.callAsUnchecked(JavaUtils.java:109) ~[ratis-common-0.5.0-201fc85-SNAPSHOT.jar:0.5.0-201fc85-SNAPSHOT]
	at org.apache.ratis.server.impl.RaftServerProxy.lambda$submitRequest$6(RaftServerProxy.java:328) ~[ratis-server-0.5.0-201fc85-SNAPSHOT.jar:0.5.0-201fc85-SNAPSHOT]
	at java.util.concurrent.CompletableFuture.uniComposeStage(CompletableFuture.java:981) ~[?:1.8.0_212]
	at java.util.concurrent.CompletableFuture.thenCompose(CompletableFuture.java:2124) ~[?:1.8.0_212]
	at org.apache.ratis.server.impl.RaftServerProxy.submitRequest(RaftServerProxy.java:327) ~[ratis-server-0.5.0-201fc85-SNAPSHOT.jar:0.5.0-201fc85-SNAPSHOT]
	at org.apache.ratis.server.impl.RaftServerProxy.submitClientRequestAsync(RaftServerProxy.java:333) ~[ratis-server-0.5.0-201fc85-SNAPSHOT.jar:0.5.0-201fc85-SNAPSHOT]
	at org.apache.ratis.grpc.client.GrpcClientProtocolService$RequestStreamObserver.processClientRequest(GrpcClientProtocolService.java:220) ~[ratis-grpc-0.5.0-201fc85-SNAPSHOT.jar:0.5.0-201fc85-SNAPSHOT]
	at org.apache.ratis.grpc.client.GrpcClientProtocolService$OrderedRequestStreamObserver.processClientRequest(GrpcClientProtocolService.java:326) ~[ratis-grpc-0.5.0-201fc85-SNAPSHOT.jar:0.5.0-201fc85-SNAPSHOT]
	at org.apache.ratis.util.SlidingWindow$Server.processRequestsFromHead(SlidingWindow.java:429) [ratis-common-0.5.0-201fc85-SNAPSHOT.jar:0.5.0-201fc85-SNAPSHOT]
	at org.apache.ratis.util.SlidingWindow$Server.receivedRequest(SlidingWindow.java:421) [ratis-common-0.5.0-201fc85-SNAPSHOT.jar:0.5.0-201fc85-SNAPSHOT]
	at org.apache.ratis.grpc.client.GrpcClientProtocolService$OrderedRequestStreamObserver.processClientRequest(GrpcClientProtocolService.java:345) [ratis-grpc-0.5.0-201fc85-SNAPSHOT.jar:0.5.0-201fc85-SNAPSHOT]
	at org.apache.ratis.grpc.client.GrpcClientProtocolService$RequestStreamObserver.onNext(GrpcClientProtocolService.java:240) [ratis-grpc-0.5.0-201fc85-SNAPSHOT.jar:0.5.0-201fc85-SNAPSHOT]
	at org.apache.ratis.grpc.client.GrpcClientProtocolService$RequestStreamObserver.onNext(GrpcClientProtocolService.java:168) [ratis-grpc-0.5.0-201fc85-SNAPSHOT.jar:0.5.0-201fc85-SNAPSHOT]
	at org.apache.ratis.thirdparty.io.grpc.stub.ServerCalls$StreamingServerCallHandler$StreamingServerCallListener.onMessage(ServerCalls.java:248) [ratis-thirdparty-misc-0.2.0.jar:0.2.0]
	at org.apache.ratis.thirdparty.io.grpc.internal.ServerCallImpl$ServerStreamListenerImpl.messagesAvailable(ServerCallImpl.java:263) [ratis-thirdparty-misc-0.2.0.jar:0.2.0]
	at org.apache.ratis.thirdparty.io.grpc.internal.ServerImpl$JumpToApplicationThreadServerStreamListener$1MessagesAvailable.runInContext(ServerImpl.java:686) [ratis-thirdparty-misc-0.2.0.jar:0.2.0]
	at org.apache.ratis.thirdparty.io.grpc.internal.ContextRunnable.run(ContextRunnable.java:37) [ratis-thirdparty-misc-0.2.0.jar:0.2.0]
	at org.apache.ratis.thirdparty.io.grpc.internal.SerializingExecutor.run(SerializingExecutor.java:123) [ratis-thirdparty-misc-0.2.0.jar:0.2.0]
	at java.util.concurrent.ThreadPoolExecutor.runWorker(ThreadPoolExecutor.java:1149) [?:1.8.0_212]
	at java.util.concurrent.ThreadPoolExecutor$Worker.run(ThreadPoolExecutor.java:624) [?:1.8.0_212]
	at java.lang.Thread.run(Thread.java:748) [?:1.8.0_212]
06:20:05.450 [grpc-default-executor-9] ERROR DNAudit - user=null | ip=null | op=WRITE_CHUNK {blockData=conID: 1 locID: 102913985093828621 bcsId: 14} | ret=FAILURE
org.apache.hadoop.hdds.scm.container.common.helpers.ContainerNotOpenException: Container 1 in CLOSED state
	at org.apache.hadoop.ozone.container.common.impl.HddsDispatcher.validateContainerCommand(HddsDispatcher.java:434) ~[hadoop-hdds-container-service-0.5.0-SNAPSHOT.jar:?]
	at org.apache.hadoop.ozone.container.common.transport.server.ratis.ContainerStateMachine.startTransaction(ContainerStateMachine.java:319) ~[hadoop-hdds-container-service-0.5.0-SNAPSHOT.jar:?]
	at org.apache.ratis.server.impl.RaftServerImpl.submitClientRequestAsync(RaftServerImpl.java:569) ~[ratis-server-0.5.0-201fc85-SNAPSHOT.jar:0.5.0-201fc85-SNAPSHOT]
	at org.apache.ratis.server.impl.RaftServerProxy.lambda$submitClientRequestAsync$7(RaftServerProxy.java:333) ~[ratis-server-0.5.0-201fc85-SNAPSHOT.jar:0.5.0-201fc85-SNAPSHOT]
	at org.apache.ratis.server.impl.RaftServerProxy.lambda$null$5(RaftServerProxy.java:328) ~[ratis-server-0.5.0-201fc85-SNAPSHOT.jar:0.5.0-201fc85-SNAPSHOT]
	at org.apache.ratis.util.JavaUtils.callAsUnchecked(JavaUtils.java:109) ~[ratis-common-0.5.0-201fc85-SNAPSHOT.jar:0.5.0-201fc85-SNAPSHOT]
	at org.apache.ratis.server.impl.RaftServerProxy.lambda$submitRequest$6(RaftServerProxy.java:328) ~[ratis-server-0.5.0-201fc85-SNAPSHOT.jar:0.5.0-201fc85-SNAPSHOT]
	at java.util.concurrent.CompletableFuture.uniComposeStage(CompletableFuture.java:981) ~[?:1.8.0_212]
	at java.util.concurrent.CompletableFuture.thenCompose(CompletableFuture.java:2124) ~[?:1.8.0_212]
	at org.apache.ratis.server.impl.RaftServerProxy.submitRequest(RaftServerProxy.java:327) ~[ratis-server-0.5.0-201fc85-SNAPSHOT.jar:0.5.0-201fc85-SNAPSHOT]
	at org.apache.ratis.server.impl.RaftServerProxy.submitClientRequestAsync(RaftServerProxy.java:333) ~[ratis-server-0.5.0-201fc85-SNAPSHOT.jar:0.5.0-201fc85-SNAPSHOT]
	at org.apache.ratis.grpc.client.GrpcClientProtocolService$RequestStreamObserver.processClientRequest(GrpcClientProtocolService.java:220) ~[ratis-grpc-0.5.0-201fc85-SNAPSHOT.jar:0.5.0-201fc85-SNAPSHOT]
	at org.apache.ratis.grpc.client.GrpcClientProtocolService$OrderedRequestStreamObserver.processClientRequest(GrpcClientProtocolService.java:326) ~[ratis-grpc-0.5.0-201fc85-SNAPSHOT.jar:0.5.0-201fc85-SNAPSHOT]
	at org.apache.ratis.util.SlidingWindow$Server.processRequestsFromHead(SlidingWindow.java:429) [ratis-common-0.5.0-201fc85-SNAPSHOT.jar:0.5.0-201fc85-SNAPSHOT]
	at org.apache.ratis.util.SlidingWindow$Server.receivedRequest(SlidingWindow.java:421) [ratis-common-0.5.0-201fc85-SNAPSHOT.jar:0.5.0-201fc85-SNAPSHOT]
	at org.apache.ratis.grpc.client.GrpcClientProtocolService$OrderedRequestStreamObserver.processClientRequest(GrpcClientProtocolService.java:345) [ratis-grpc-0.5.0-201fc85-SNAPSHOT.jar:0.5.0-201fc85-SNAPSHOT]
	at org.apache.ratis.grpc.client.GrpcClientProtocolService$RequestStreamObserver.onNext(GrpcClientProtocolService.java:240) [ratis-grpc-0.5.0-201fc85-SNAPSHOT.jar:0.5.0-201fc85-SNAPSHOT]
	at org.apache.ratis.grpc.client.GrpcClientProtocolService$RequestStreamObserver.onNext(GrpcClientProtocolService.java:168) [ratis-grpc-0.5.0-201fc85-SNAPSHOT.jar:0.5.0-201fc85-SNAPSHOT]
	at org.apache.ratis.thirdparty.io.grpc.stub.ServerCalls$StreamingServerCallHandler$StreamingServerCallListener.onMessage(ServerCalls.java:248) [ratis-thirdparty-misc-0.2.0.jar:0.2.0]
	at org.apache.ratis.thirdparty.io.grpc.internal.ServerCallImpl$ServerStreamListenerImpl.messagesAvailable(ServerCallImpl.java:263) [ratis-thirdparty-misc-0.2.0.jar:0.2.0]
	at org.apache.ratis.thirdparty.io.grpc.internal.ServerImpl$JumpToApplicationThreadServerStreamListener$1MessagesAvailable.runInContext(ServerImpl.java:686) [ratis-thirdparty-misc-0.2.0.jar:0.2.0]
	at org.apache.ratis.thirdparty.io.grpc.internal.ContextRunnable.run(ContextRunnable.java:37) [ratis-thirdparty-misc-0.2.0.jar:0.2.0]
	at org.apache.ratis.thirdparty.io.grpc.internal.SerializingExecutor.run(SerializingExecutor.java:123) [ratis-thirdparty-misc-0.2.0.jar:0.2.0]
	at java.util.concurrent.ThreadPoolExecutor.runWorker(ThreadPoolExecutor.java:1149) [?:1.8.0_212]
	at java.util.concurrent.ThreadPoolExecutor$Worker.run(ThreadPoolExecutor.java:624) [?:1.8.0_212]
	at java.lang.Thread.run(Thread.java:748) [?:1.8.0_212]
06:20:05.471 [grpc-default-executor-9] ERROR DNAudit - user=null | ip=null | op=PUT_BLOCK {blockData=[blockId=conID: 1 locID: 102913985093828621 bcsId: 0,size=800]} | ret=FAILURE
org.apache.hadoop.hdds.scm.container.common.helpers.ContainerNotOpenException: Container 1 in CLOSED state
	at org.apache.hadoop.ozone.container.common.impl.HddsDispatcher.validateContainerCommand(HddsDispatcher.java:434) ~[hadoop-hdds-container-service-0.5.0-SNAPSHOT.jar:?]
	at org.apache.hadoop.ozone.container.common.transport.server.ratis.ContainerStateMachine.startTransaction(ContainerStateMachine.java:319) ~[hadoop-hdds-container-service-0.5.0-SNAPSHOT.jar:?]
	at org.apache.ratis.server.impl.RaftServerImpl.submitClientRequestAsync(RaftServerImpl.java:569) ~[ratis-server-0.5.0-201fc85-SNAPSHOT.jar:0.5.0-201fc85-SNAPSHOT]
	at org.apache.ratis.server.impl.RaftServerProxy.lambda$submitClientRequestAsync$7(RaftServerProxy.java:333) ~[ratis-server-0.5.0-201fc85-SNAPSHOT.jar:0.5.0-201fc85-SNAPSHOT]
	at org.apache.ratis.server.impl.RaftServerProxy.lambda$null$5(RaftServerProxy.java:328) ~[ratis-server-0.5.0-201fc85-SNAPSHOT.jar:0.5.0-201fc85-SNAPSHOT]
	at org.apache.ratis.util.JavaUtils.callAsUnchecked(JavaUtils.java:109) ~[ratis-common-0.5.0-201fc85-SNAPSHOT.jar:0.5.0-201fc85-SNAPSHOT]
	at org.apache.ratis.server.impl.RaftServerProxy.lambda$submitRequest$6(RaftServerProxy.java:328) ~[ratis-server-0.5.0-201fc85-SNAPSHOT.jar:0.5.0-201fc85-SNAPSHOT]
	at java.util.concurrent.CompletableFuture.uniComposeStage(CompletableFuture.java:981) ~[?:1.8.0_212]
	at java.util.concurrent.CompletableFuture.thenCompose(CompletableFuture.java:2124) ~[?:1.8.0_212]
	at org.apache.ratis.server.impl.RaftServerProxy.submitRequest(RaftServerProxy.java:327) ~[ratis-server-0.5.0-201fc85-SNAPSHOT.jar:0.5.0-201fc85-SNAPSHOT]
	at org.apache.ratis.server.impl.RaftServerProxy.submitClientRequestAsync(RaftServerProxy.java:333) ~[ratis-server-0.5.0-201fc85-SNAPSHOT.jar:0.5.0-201fc85-SNAPSHOT]
	at org.apache.ratis.grpc.client.GrpcClientProtocolService$RequestStreamObserver.processClientRequest(GrpcClientProtocolService.java:220) ~[ratis-grpc-0.5.0-201fc85-SNAPSHOT.jar:0.5.0-201fc85-SNAPSHOT]
	at org.apache.ratis.grpc.client.GrpcClientProtocolService$OrderedRequestStreamObserver.processClientRequest(GrpcClientProtocolService.java:326) ~[ratis-grpc-0.5.0-201fc85-SNAPSHOT.jar:0.5.0-201fc85-SNAPSHOT]
	at org.apache.ratis.util.SlidingWindow$Server.processRequestsFromHead(SlidingWindow.java:429) [ratis-common-0.5.0-201fc85-SNAPSHOT.jar:0.5.0-201fc85-SNAPSHOT]
	at org.apache.ratis.util.SlidingWindow$Server.receivedRequest(SlidingWindow.java:421) [ratis-common-0.5.0-201fc85-SNAPSHOT.jar:0.5.0-201fc85-SNAPSHOT]
	at org.apache.ratis.grpc.client.GrpcClientProtocolService$OrderedRequestStreamObserver.processClientRequest(GrpcClientProtocolService.java:345) [ratis-grpc-0.5.0-201fc85-SNAPSHOT.jar:0.5.0-201fc85-SNAPSHOT]
	at org.apache.ratis.grpc.client.GrpcClientProtocolService$RequestStreamObserver.onNext(GrpcClientProtocolService.java:240) [ratis-grpc-0.5.0-201fc85-SNAPSHOT.jar:0.5.0-201fc85-SNAPSHOT]
	at org.apache.ratis.grpc.client.GrpcClientProtocolService$RequestStreamObserver.onNext(GrpcClientProtocolService.java:168) [ratis-grpc-0.5.0-201fc85-SNAPSHOT.jar:0.5.0-201fc85-SNAPSHOT]
	at org.apache.ratis.thirdparty.io.grpc.stub.ServerCalls$StreamingServerCallHandler$StreamingServerCallListener.onMessage(ServerCalls.java:248) [ratis-thirdparty-misc-0.2.0.jar:0.2.0]
	at org.apache.ratis.thirdparty.io.grpc.internal.ServerCallImpl$ServerStreamListenerImpl.messagesAvailable(ServerCallImpl.java:263) [ratis-thirdparty-misc-0.2.0.jar:0.2.0]
	at org.apache.ratis.thirdparty.io.grpc.internal.ServerImpl$JumpToApplicationThreadServerStreamListener$1MessagesAvailable.runInContext(ServerImpl.java:686) [ratis-thirdparty-misc-0.2.0.jar:0.2.0]
	at org.apache.ratis.thirdparty.io.grpc.internal.ContextRunnable.run(ContextRunnable.java:37) [ratis-thirdparty-misc-0.2.0.jar:0.2.0]
	at org.apache.ratis.thirdparty.io.grpc.internal.SerializingExecutor.run(SerializingExecutor.java:123) [ratis-thirdparty-misc-0.2.0.jar:0.2.0]
	at java.util.concurrent.ThreadPoolExecutor.runWorker(ThreadPoolExecutor.java:1149) [?:1.8.0_212]
	at java.util.concurrent.ThreadPoolExecutor$Worker.run(ThreadPoolExecutor.java:624) [?:1.8.0_212]
	at java.lang.Thread.run(Thread.java:748) [?:1.8.0_212]
2019-10-06 06:20:05,888 [main] INFO  ozone.MiniOzoneClusterImpl (MiniOzoneClusterImpl.java:shutdown(314)) - Shutting down the Mini Ozone Cluster
2019-10-06 06:20:05,888 [main] INFO  ozone.MiniOzoneClusterImpl (MiniOzoneClusterImpl.java:stop(330)) - Stopping the Mini Ozone Cluster
2019-10-06 06:20:05,888 [main] INFO  ozone.MiniOzoneClusterImpl (MiniOzoneClusterImpl.java:stopOM(400)) - Stopping the OzoneManager
2019-10-06 06:20:05,888 [main] INFO  ipc.Server (Server.java:stop(3082)) - Stopping server on 42244
2019-10-06 06:20:05,896 [IPC Server listener on 42244] INFO  ipc.Server (Server.java:run(1185)) - Stopping IPC Server listener on 42244
2019-10-06 06:20:05,896 [main] INFO  ratis.OzoneManagerDoubleBuffer (OzoneManagerDoubleBuffer.java:stop(248)) - Stopping OMDoubleBuffer flush thread
2019-10-06 06:20:05,896 [IPC Server Responder] INFO  ipc.Server (Server.java:run(1319)) - Stopping IPC Server Responder
2019-10-06 06:20:05,902 [OMDoubleBufferFlushThread] INFO  ratis.OzoneManagerDoubleBuffer (OzoneManagerDoubleBuffer.java:flushTransactions(191)) - OMDoubleBuffer flush thread OMDoubleBufferFlushThread is interrupted and will exit. OMDoubleBufferFlushThread
2019-10-06 06:20:05,905 [main] INFO  utils.BackgroundService (BackgroundService.java:shutdown(148)) - Shutting down service KeyDeletingService
2019-10-06 06:20:05,917 [main] INFO  handler.ContextHandler (ContextHandler.java:doStop(910)) - Stopped o.e.j.w.WebAppContext@4a1a412e{/,null,UNAVAILABLE}{/ozoneManager}
2019-10-06 06:20:05,917 [main] INFO  server.AbstractConnector (AbstractConnector.java:doStop(318)) - Stopped ServerConnector@c568f91{HTTP/1.1,[http/1.1]}{0.0.0.0:0}
2019-10-06 06:20:05,918 [main] INFO  handler.ContextHandler (ContextHandler.java:doStop(910)) - Stopped o.e.j.s.ServletContextHandler@3cb6e0ee{/static,file:///workdir/hadoop-ozone/integration-test/target/test-classes/webapps/static,UNAVAILABLE}
2019-10-06 06:20:05,918 [main] INFO  handler.ContextHandler (ContextHandler.java:doStop(910)) - Stopped o.e.j.s.ServletContextHandler@451e2fa9{/logs,file:///workdir/hadoop-ozone/integration-test/target/log,UNAVAILABLE}
2019-10-06 06:20:05,920 [main] INFO  ozone.MiniOzoneClusterImpl (MiniOzoneClusterImpl.java:stopDatanodes(377)) - Stopping the HddsDatanodes
2019-10-06 06:20:06,471 [Datanode State Machine Thread - 0] INFO  statemachine.DatanodeStateMachine (DatanodeStateMachine.java:lambda$startDaemon$0(350)) - Ozone container server started.
2019-10-06 06:20:06,716 [Datanode State Machine Thread - 0] INFO  statemachine.DatanodeStateMachine (DatanodeStateMachine.java:lambda$startDaemon$0(350)) - Ozone container server started.
2019-10-06 06:20:07,433 [grpc-default-executor-9] WARN  server.GrpcLogAppender (LogUtils.java:warn(134)) - d9cd26b1-985e-4dec-adee-0a29c7d0d5c5@group-93184F4D6E99->f3a61cbf-6fbf-4694-8557-fbf2e6e8faeb-AppendLogResponseHandler: Failed appendEntries: org.apache.ratis.thirdparty.io.grpc.StatusRuntimeException: UNAVAILABLE: io exception
2019-10-06 06:20:07,434 [grpc-default-executor-9] INFO  impl.FollowerInfo (FollowerInfo.java:lambda$new$0(51)) - d9cd26b1-985e-4dec-adee-0a29c7d0d5c5@group-93184F4D6E99->f3a61cbf-6fbf-4694-8557-fbf2e6e8faeb: nextIndex: updateUnconditionally 15 -> 14
2019-10-06 06:20:09,931 [grpc-default-executor-3] WARN  server.GrpcLogAppender (LogUtils.java:warn(134)) - d9cd26b1-985e-4dec-adee-0a29c7d0d5c5@group-93184F4D6E99->f3a61cbf-6fbf-4694-8557-fbf2e6e8faeb-AppendLogResponseHandler: Failed appendEntries: org.apache.ratis.thirdparty.io.grpc.StatusRuntimeException: UNAVAILABLE: io exception
2019-10-06 06:20:09,932 [grpc-default-executor-3] INFO  impl.FollowerInfo (FollowerInfo.java:lambda$new$0(51)) - d9cd26b1-985e-4dec-adee-0a29c7d0d5c5@group-93184F4D6E99->f3a61cbf-6fbf-4694-8557-fbf2e6e8faeb: nextIndex: updateUnconditionally 14 -> 13
2019-10-06 06:20:10,477 [EventQueue-StaleNodeForStaleNodeHandler] INFO  node.StaleNodeHandler (StaleNodeHandler.java:onMessage(58)) - Datanode d9cd26b1-985e-4dec-adee-0a29c7d0d5c5{ip: 192.168.164.217, host: trunk-nightly-20191006-mzxw6-951422410, networkLocation: /default-rack, certSerialId: null} moved to stale state. Finalizing its pipelines [PipelineID=662f2256-fcf8-42b2-8e9a-93184f4d6e99, PipelineID=565117dd-35b3-44d8-bb70-7b72d4d6154d]
2019-10-06 06:20:10,477 [EventQueue-StaleNodeForStaleNodeHandler] INFO  pipeline.SCMPipelineManager (SCMPipelineManager.java:finalizeAndDestroyPipeline(315)) - destroying pipeline:Pipeline[ Id: 662f2256-fcf8-42b2-8e9a-93184f4d6e99, Nodes: f3a61cbf-6fbf-4694-8557-fbf2e6e8faeb{ip: 192.168.164.217, host: trunk-nightly-20191006-mzxw6-951422410, networkLocation: /default-rack, certSerialId: null}b5140278-da64-4b2c-aedb-8ab830e5d74a{ip: 192.168.164.217, host: trunk-nightly-20191006-mzxw6-951422410, networkLocation: /default-rack, certSerialId: null}d9cd26b1-985e-4dec-adee-0a29c7d0d5c5{ip: 192.168.164.217, host: trunk-nightly-20191006-mzxw6-951422410, networkLocation: /default-rack, certSerialId: null}, Type:RATIS, Factor:THREE, State:CLOSED]
2019-10-06 06:20:10,477 [EventQueue-StaleNodeForStaleNodeHandler] INFO  pipeline.SCMPipelineManager (SCMPipelineManager.java:finalizeAndDestroyPipeline(315)) - destroying pipeline:Pipeline[ Id: 565117dd-35b3-44d8-bb70-7b72d4d6154d, Nodes: d9cd26b1-985e-4dec-adee-0a29c7d0d5c5{ip: 192.168.164.217, host: trunk-nightly-20191006-mzxw6-951422410, networkLocation: /default-rack, certSerialId: null}, Type:RATIS, Factor:ONE, State:OPEN]
2019-10-06 06:20:10,478 [EventQueue-StaleNodeForStaleNodeHandler] INFO  pipeline.PipelineStateManager (PipelineStateManager.java:finalizePipeline(123)) - Pipeline Pipeline[ Id: 565117dd-35b3-44d8-bb70-7b72d4d6154d, Nodes: d9cd26b1-985e-4dec-adee-0a29c7d0d5c5{ip: 192.168.164.217, host: trunk-nightly-20191006-mzxw6-951422410, networkLocation: /default-rack, certSerialId: null}, Type:RATIS, Factor:ONE, State:CLOSED] moved to CLOSED state
2019-10-06 06:20:10,777 [EventQueue-StaleNodeForStaleNodeHandler] INFO  node.StaleNodeHandler (StaleNodeHandler.java:onMessage(58)) - Datanode 1d025d5d-4a97-4ef4-a1d1-848d8e540210{ip: 192.168.164.217, host: trunk-nightly-20191006-mzxw6-951422410, networkLocation: /default-rack, certSerialId: null} moved to stale state. Finalizing its pipelines [PipelineID=29e0806c-adad-4b33-84ef-0fc2b571aed8, PipelineID=3048d10a-4207-40ee-9870-4472fbdc39ee]
2019-10-06 06:20:10,777 [EventQueue-StaleNodeForStaleNodeHandler] INFO  pipeline.SCMPipelineManager (SCMPipelineManager.java:finalizeAndDestroyPipeline(315)) - destroying pipeline:Pipeline[ Id: 29e0806c-adad-4b33-84ef-0fc2b571aed8, Nodes: da6e0ba0-5177-4cde-b4b7-39822dda109b{ip: 192.168.164.217, host: trunk-nightly-20191006-mzxw6-951422410, networkLocation: /default-rack, certSerialId: null}1d025d5d-4a97-4ef4-a1d1-848d8e540210{ip: 192.168.164.217, host: trunk-nightly-20191006-mzxw6-951422410, networkLocation: /default-rack, certSerialId: null}11461bfb-5012-47ea-8ef6-3ae69d061b3b{ip: 192.168.164.217, host: trunk-nightly-20191006-mzxw6-951422410, networkLocation: /default-rack, certSerialId: null}, Type:RATIS, Factor:THREE, State:OPEN]
2019-10-06 06:20:10,777 [EventQueue-StaleNodeForStaleNodeHandler] INFO  pipeline.PipelineStateManager (PipelineStateManager.java:finalizePipeline(123)) - Pipeline Pipeline[ Id: 29e0806c-adad-4b33-84ef-0fc2b571aed8, Nodes: da6e0ba0-5177-4cde-b4b7-39822dda109b{ip: 192.168.164.217, host: trunk-nightly-20191006-mzxw6-951422410, networkLocation: /default-rack, certSerialId: null}1d025d5d-4a97-4ef4-a1d1-848d8e540210{ip: 192.168.164.217, host: trunk-nightly-20191006-mzxw6-951422410, networkLocation: /default-rack, certSerialId: null}11461bfb-5012-47ea-8ef6-3ae69d061b3b{ip: 192.168.164.217, host: trunk-nightly-20191006-mzxw6-951422410, networkLocation: /default-rack, certSerialId: null}, Type:RATIS, Factor:THREE, State:CLOSED] moved to CLOSED state
2019-10-06 06:20:10,778 [EventQueue-StaleNodeForStaleNodeHandler] INFO  pipeline.SCMPipelineManager (SCMPipelineManager.java:finalizeAndDestroyPipeline(315)) - destroying pipeline:Pipeline[ Id: 3048d10a-4207-40ee-9870-4472fbdc39ee, Nodes: 1d025d5d-4a97-4ef4-a1d1-848d8e540210{ip: 192.168.164.217, host: trunk-nightly-20191006-mzxw6-951422410, networkLocation: /default-rack, certSerialId: null}, Type:RATIS, Factor:ONE, State:OPEN]
2019-10-06 06:20:10,778 [EventQueue-CloseContainerForCloseContainerEventHandler] INFO  container.CloseContainerEventHandler (CloseContainerEventHandler.java:onMessage(61)) - Close container Event triggered for container : #2
2019-10-06 06:20:10,778 [EventQueue-StaleNodeForStaleNodeHandler] INFO  pipeline.PipelineStateManager (PipelineStateManager.java:finalizePipeline(123)) - Pipeline Pipeline[ Id: 3048d10a-4207-40ee-9870-4472fbdc39ee, Nodes: 1d025d5d-4a97-4ef4-a1d1-848d8e540210{ip: 192.168.164.217, host: trunk-nightly-20191006-mzxw6-951422410, networkLocation: /default-rack, certSerialId: null}, Type:RATIS, Factor:ONE, State:CLOSED] moved to CLOSED state
2019-10-06 06:20:10,922 [main] INFO  ozoneimpl.OzoneContainer (OzoneContainer.java:stop(231)) - Attempting to stop container services.
2019-10-06 06:20:10,922 [ForkJoinPool.commonPool-worker-0] INFO  ozoneimpl.OzoneContainer (OzoneContainer.java:stop(231)) - Attempting to stop container services.
2019-10-06 06:20:10,922 [main] INFO  impl.RaftServerProxy (RaftServerProxy.java:lambda$close$4(314)) - d9cd26b1-985e-4dec-adee-0a29c7d0d5c5: close
2019-10-06 06:20:10,922 [ForkJoinPool.commonPool-worker-0] INFO  impl.RaftServerProxy (RaftServerProxy.java:lambda$close$4(314)) - 1d025d5d-4a97-4ef4-a1d1-848d8e540210: close
2019-10-06 06:20:10,923 [main] INFO  impl.RaftServerImpl (RaftServerImpl.java:lambda$shutdown$3(247)) - d9cd26b1-985e-4dec-adee-0a29c7d0d5c5@group-93184F4D6E99: shutdown
2019-10-06 06:20:10,923 [ForkJoinPool.commonPool-worker-0] INFO  impl.RaftServerImpl (RaftServerImpl.java:lambda$shutdown$3(247)) - 1d025d5d-4a97-4ef4-a1d1-848d8e540210@group-0FC2B571AED8: shutdown
2019-10-06 06:20:10,923 [main] INFO  util.JmxRegister (JmxRegister.java:unregister(73)) - Successfully un-registered JMX Bean with object name Ratis:service=RaftServer,group=group-93184F4D6E99,id=d9cd26b1-985e-4dec-adee-0a29c7d0d5c5
2019-10-06 06:20:10,923 [ForkJoinPool.commonPool-worker-0] INFO  util.JmxRegister (JmxRegister.java:unregister(73)) - Successfully un-registered JMX Bean with object name Ratis:service=RaftServer,group=group-0FC2B571AED8,id=1d025d5d-4a97-4ef4-a1d1-848d8e540210
2019-10-06 06:20:10,924 [main] INFO  impl.RoleInfo (RoleInfo.java:shutdownLeaderState(104)) - d9cd26b1-985e-4dec-adee-0a29c7d0d5c5: shutdown LeaderState
2019-10-06 06:20:10,924 [ForkJoinPool.commonPool-worker-0] INFO  impl.RoleInfo (RoleInfo.java:shutdownFollowerState(121)) - 1d025d5d-4a97-4ef4-a1d1-848d8e540210: shutdown FollowerState
2019-10-06 06:20:10,928 [org.apache.ratis.server.impl.LogAppender$AppenderDaemon$$Lambda$510/1101742383@1fe5e8e3] WARN  server.GrpcLogAppender (GrpcLogAppender.java:mayWait(143)) - d9cd26b1-985e-4dec-adee-0a29c7d0d5c5@group-93184F4D6E99->f3a61cbf-6fbf-4694-8557-fbf2e6e8faeb-GrpcLogAppender: Wait interrupted by java.lang.InterruptedException
2019-10-06 06:20:10,928 [org.apache.ratis.server.impl.LogAppender$AppenderDaemon$$Lambda$510/1101742383@37e79fea] WARN  server.GrpcLogAppender (GrpcLogAppender.java:mayWait(143)) - d9cd26b1-985e-4dec-adee-0a29c7d0d5c5@group-93184F4D6E99->b5140278-da64-4b2c-aedb-8ab830e5d74a-GrpcLogAppender: Wait interrupted by java.lang.InterruptedException
2019-10-06 06:20:10,928 [main] INFO  impl.PendingRequests (PendingRequests.java:sendNotLeaderResponses(202)) - d9cd26b1-985e-4dec-adee-0a29c7d0d5c5@group-93184F4D6E99-PendingRequests: sendNotLeaderResponses
2019-10-06 06:20:10,929 [1d025d5d-4a97-4ef4-a1d1-848d8e540210@group-0FC2B571AED8-StateMachineUpdater] INFO  ratis.ContainerStateMachine (ContainerStateMachine.java:takeSnapshot(293)) - group-0FC2B571AED8: Taking a snapshot at:(t:1, i:13) file /workdir/hadoop-ozone/integration-test/target/test-dir/MiniOzoneClusterImpl-efd31f5e-5046-467b-a5e6-3c9a329b9d05/datanode-1/data/ratis/29e0806c-adad-4b33-84ef-0fc2b571aed8/sm/snapshot.1_13
2019-10-06 06:20:10,929 [Thread-3132] INFO  impl.FollowerState (FollowerState.java:run(117)) - 1d025d5d-4a97-4ef4-a1d1-848d8e540210@group-0FC2B571AED8-FollowerState was interrupted: java.lang.InterruptedException: sleep interrupted
2019-10-06 06:20:10,929 [ForkJoinPool.commonPool-worker-0] INFO  impl.StateMachineUpdater (StateMachineUpdater.java:stopAndJoin(136)) - 1d025d5d-4a97-4ef4-a1d1-848d8e540210@group-0FC2B571AED8-StateMachineUpdater: set stopIndex = 15
2019-10-06 06:20:10,948 [grpc-default-executor-9] INFO  server.GrpcServerProtocolService (GrpcServerProtocolService.java:onCompleted(113)) - b5140278-da64-4b2c-aedb-8ab830e5d74a: Completed APPEND_ENTRIES, lastRequest: d9cd26b1-985e-4dec-adee-0a29c7d0d5c5->b5140278-da64-4b2c-aedb-8ab830e5d74a#24-t1, previous=(t:1, i:18), leaderCommit=18, initializing? false, entries: <empty>
2019-10-06 06:20:10,948 [d9cd26b1-985e-4dec-adee-0a29c7d0d5c5@group-93184F4D6E99-StateMachineUpdater] INFO  ratis.ContainerStateMachine (ContainerStateMachine.java:takeSnapshot(293)) - group-93184F4D6E99: Taking a snapshot at:(t:1, i:18) file /workdir/hadoop-ozone/integration-test/target/test-dir/MiniOzoneClusterImpl-efd31f5e-5046-467b-a5e6-3c9a329b9d05/datanode-4/data/ratis/662f2256-fcf8-42b2-8e9a-93184f4d6e99/sm/snapshot.1_18
2019-10-06 06:20:10,946 [main] INFO  impl.StateMachineUpdater (StateMachineUpdater.java:stopAndJoin(136)) - d9cd26b1-985e-4dec-adee-0a29c7d0d5c5@group-93184F4D6E99-StateMachineUpdater: set stopIndex = 18
2019-10-06 06:20:10,949 [grpc-default-executor-3] INFO  server.GrpcLogAppender (GrpcLogAppender.java:onCompleted(293)) - d9cd26b1-985e-4dec-adee-0a29c7d0d5c5@group-93184F4D6E99->b5140278-da64-4b2c-aedb-8ab830e5d74a-AppendLogResponseHandler: follower responses appendEntries COMPLETED
2019-10-06 06:20:10,950 [grpc-default-executor-3] INFO  impl.FollowerInfo (FollowerInfo.java:lambda$new$0(51)) - d9cd26b1-985e-4dec-adee-0a29c7d0d5c5@group-93184F4D6E99->b5140278-da64-4b2c-aedb-8ab830e5d74a: nextIndex: updateUnconditionally 19 -> 18
2019-10-06 06:20:10,961 [d9cd26b1-985e-4dec-adee-0a29c7d0d5c5@group-93184F4D6E99-StateMachineUpdater] INFO  ratis.ContainerStateMachine (ContainerStateMachine.java:takeSnapshot(304)) - group-93184F4D6E99: Finished taking a snapshot at:(t:1, i:18) file:/workdir/hadoop-ozone/integration-test/target/test-dir/MiniOzoneClusterImpl-efd31f5e-5046-467b-a5e6-3c9a329b9d05/datanode-4/data/ratis/662f2256-fcf8-42b2-8e9a-93184f4d6e99/sm/snapshot.1_18 time:14
2019-10-06 06:20:10,961 [1d025d5d-4a97-4ef4-a1d1-848d8e540210@group-0FC2B571AED8-StateMachineUpdater] INFO  ratis.ContainerStateMachine (ContainerStateMachine.java:takeSnapshot(304)) - group-0FC2B571AED8: Finished taking a snapshot at:(t:1, i:13) file:/workdir/hadoop-ozone/integration-test/target/test-dir/MiniOzoneClusterImpl-efd31f5e-5046-467b-a5e6-3c9a329b9d05/datanode-1/data/ratis/29e0806c-adad-4b33-84ef-0fc2b571aed8/sm/snapshot.1_13 time:33
2019-10-06 06:20:10,962 [d9cd26b1-985e-4dec-adee-0a29c7d0d5c5@group-93184F4D6E99-StateMachineUpdater] INFO  impl.StateMachineUpdater (StateMachineUpdater.java:takeSnapshot(269)) - d9cd26b1-985e-4dec-adee-0a29c7d0d5c5@group-93184F4D6E99-StateMachineUpdater: Took a snapshot at index 18
2019-10-06 06:20:10,962 [1d025d5d-4a97-4ef4-a1d1-848d8e540210@group-0FC2B571AED8-StateMachineUpdater] INFO  impl.StateMachineUpdater (StateMachineUpdater.java:takeSnapshot(269)) - 1d025d5d-4a97-4ef4-a1d1-848d8e540210@group-0FC2B571AED8-StateMachineUpdater: Took a snapshot at index 13
2019-10-06 06:20:10,962 [d9cd26b1-985e-4dec-adee-0a29c7d0d5c5@group-93184F4D6E99-StateMachineUpdater] INFO  impl.StateMachineUpdater (StateMachineUpdater.java:lambda$new$0(84)) - d9cd26b1-985e-4dec-adee-0a29c7d0d5c5@group-93184F4D6E99-StateMachineUpdater: snapshotIndex: updateIncreasingly -1 -> 18
2019-10-06 06:20:10,962 [1d025d5d-4a97-4ef4-a1d1-848d8e540210@group-0FC2B571AED8-StateMachineUpdater] INFO  impl.StateMachineUpdater (StateMachineUpdater.java:lambda$new$0(84)) - 1d025d5d-4a97-4ef4-a1d1-848d8e540210@group-0FC2B571AED8-StateMachineUpdater: snapshotIndex: updateIncreasingly -1 -> 13
2019-10-06 06:20:10,962 [main] INFO  impl.RaftServerImpl (ServerState.java:close(387)) - d9cd26b1-985e-4dec-adee-0a29c7d0d5c5@group-93184F4D6E99: closes. applyIndex: 18
2019-10-06 06:20:10,962 [1d025d5d-4a97-4ef4-a1d1-848d8e540210@group-0FC2B571AED8-StateMachineUpdater] INFO  ratis.ContainerStateMachine (ContainerStateMachine.java:takeSnapshot(293)) - group-0FC2B571AED8: Taking a snapshot at:(t:1, i:13) file /workdir/hadoop-ozone/integration-test/target/test-dir/MiniOzoneClusterImpl-efd31f5e-5046-467b-a5e6-3c9a329b9d05/datanode-1/data/ratis/29e0806c-adad-4b33-84ef-0fc2b571aed8/sm/snapshot.1_13
2019-10-06 06:20:10,963 [d9cd26b1-985e-4dec-adee-0a29c7d0d5c5@group-93184F4D6E99-SegmentedRaftLogWorker] INFO  segmented.SegmentedRaftLogWorker (SegmentedRaftLogWorker.java:run(316)) - d9cd26b1-985e-4dec-adee-0a29c7d0d5c5@group-93184F4D6E99-SegmentedRaftLogWorker was interrupted, exiting. There are 0 tasks remaining in the queue.
2019-10-06 06:20:10,965 [main] INFO  segmented.SegmentedRaftLogWorker (SegmentedRaftLogWorker.java:close(224)) - d9cd26b1-985e-4dec-adee-0a29c7d0d5c5@group-93184F4D6E99-SegmentedRaftLogWorker close()
2019-10-06 06:20:10,969 [main] INFO  impl.RaftServerImpl (RaftServerImpl.java:lambda$shutdown$3(247)) - d9cd26b1-985e-4dec-adee-0a29c7d0d5c5@group-7B72D4D6154D: shutdown
2019-10-06 06:20:10,969 [main] INFO  util.JmxRegister (JmxRegister.java:unregister(73)) - Successfully un-registered JMX Bean with object name Ratis:service=RaftServer,group=group-7B72D4D6154D,id=d9cd26b1-985e-4dec-adee-0a29c7d0d5c5
2019-10-06 06:20:10,969 [main] INFO  impl.RoleInfo (RoleInfo.java:shutdownLeaderState(104)) - d9cd26b1-985e-4dec-adee-0a29c7d0d5c5: shutdown LeaderState
2019-10-06 06:20:10,970 [main] INFO  impl.PendingRequests (PendingRequests.java:sendNotLeaderResponses(202)) - d9cd26b1-985e-4dec-adee-0a29c7d0d5c5@group-7B72D4D6154D-PendingRequests: sendNotLeaderResponses
2019-10-06 06:20:10,970 [main] INFO  impl.StateMachineUpdater (StateMachineUpdater.java:stopAndJoin(136)) - d9cd26b1-985e-4dec-adee-0a29c7d0d5c5@group-7B72D4D6154D-StateMachineUpdater: set stopIndex = 0
2019-10-06 06:20:10,970 [main] INFO  impl.RaftServerImpl (ServerState.java:close(387)) - d9cd26b1-985e-4dec-adee-0a29c7d0d5c5@group-7B72D4D6154D: closes. applyIndex: 0
2019-10-06 06:20:10,971 [d9cd26b1-985e-4dec-adee-0a29c7d0d5c5@group-7B72D4D6154D-SegmentedRaftLogWorker] INFO  segmented.SegmentedRaftLogWorker (SegmentedRaftLogWorker.java:run(316)) - d9cd26b1-985e-4dec-adee-0a29c7d0d5c5@group-7B72D4D6154D-SegmentedRaftLogWorker was interrupted, exiting. There are 0 tasks remaining in the queue.
2019-10-06 06:20:10,972 [main] INFO  segmented.SegmentedRaftLogWorker (SegmentedRaftLogWorker.java:close(224)) - d9cd26b1-985e-4dec-adee-0a29c7d0d5c5@group-7B72D4D6154D-SegmentedRaftLogWorker close()
2019-10-06 06:20:10,976 [main] INFO  server.GrpcService (GrpcService.java:closeImpl(164)) - d9cd26b1-985e-4dec-adee-0a29c7d0d5c5: shutdown server with port 36649 now
2019-10-06 06:20:10,976 [1d025d5d-4a97-4ef4-a1d1-848d8e540210@group-0FC2B571AED8-StateMachineUpdater] INFO  ratis.ContainerStateMachine (ContainerStateMachine.java:takeSnapshot(304)) - group-0FC2B571AED8: Finished taking a snapshot at:(t:1, i:13) file:/workdir/hadoop-ozone/integration-test/target/test-dir/MiniOzoneClusterImpl-efd31f5e-5046-467b-a5e6-3c9a329b9d05/datanode-1/data/ratis/29e0806c-adad-4b33-84ef-0fc2b571aed8/sm/snapshot.1_13 time:13
2019-10-06 06:20:10,976 [1d025d5d-4a97-4ef4-a1d1-848d8e540210@group-0FC2B571AED8-StateMachineUpdater] INFO  impl.StateMachineUpdater (StateMachineUpdater.java:takeSnapshot(269)) - 1d025d5d-4a97-4ef4-a1d1-848d8e540210@group-0FC2B571AED8-StateMachineUpdater: Took a snapshot at index 13
2019-10-06 06:20:10,976 [main] INFO  server.GrpcService (GrpcService.java:closeImpl(172)) - d9cd26b1-985e-4dec-adee-0a29c7d0d5c5: shutdown server with port 36649 successfully
2019-10-06 06:20:10,976 [grpc-default-executor-9] WARN  client.GrpcClientProtocolService (LogUtils.java:warn(134)) - 2-UnorderedRequestStreamObserver2: onError: org.apache.ratis.thirdparty.io.grpc.StatusRuntimeException: CANCELLED: cancelled before receiving half close
2019-10-06 06:20:10,976 [1d025d5d-4a97-4ef4-a1d1-848d8e540210@group-0FC2B571AED8-StateMachineUpdater] INFO  impl.StateMachineUpdater (StateMachineUpdater.java:lambda$new$0(84)) - 1d025d5d-4a97-4ef4-a1d1-848d8e540210@group-0FC2B571AED8-StateMachineUpdater: snapshotIndex: updateIncreasingly 13 -> 13
2019-10-06 06:20:10,978 [ForkJoinPool.commonPool-worker-0] INFO  impl.RaftServerImpl (ServerState.java:close(387)) - 1d025d5d-4a97-4ef4-a1d1-848d8e540210@group-0FC2B571AED8: closes. applyIndex: 15
2019-10-06 06:20:10,978 [1d025d5d-4a97-4ef4-a1d1-848d8e540210@group-0FC2B571AED8-SegmentedRaftLogWorker] INFO  segmented.SegmentedRaftLogWorker (SegmentedRaftLogWorker.java:run(316)) - 1d025d5d-4a97-4ef4-a1d1-848d8e540210@group-0FC2B571AED8-SegmentedRaftLogWorker was interrupted, exiting. There are 0 tasks remaining in the queue.
2019-10-06 06:20:10,980 [ForkJoinPool.commonPool-worker-0] INFO  segmented.SegmentedRaftLogWorker (SegmentedRaftLogWorker.java:close(224)) - 1d025d5d-4a97-4ef4-a1d1-848d8e540210@group-0FC2B571AED8-SegmentedRaftLogWorker close()
2019-10-06 06:20:10,983 [ForkJoinPool.commonPool-worker-0] INFO  impl.RaftServerImpl (RaftServerImpl.java:lambda$shutdown$3(247)) - 1d025d5d-4a97-4ef4-a1d1-848d8e540210@group-4472FBDC39EE: shutdown
2019-10-06 06:20:10,983 [refreshUsed-/workdir/hadoop-ozone/integration-test/target/test-dir/MiniOzoneClusterImpl-efd31f5e-5046-467b-a5e6-3c9a329b9d05/datanode-4/data/containers] WARN  fs.CachingGetSpaceUsed (CachingGetSpaceUsed.java:run(183)) - Thread Interrupted waiting to refresh disk information: sleep interrupted
2019-10-06 06:20:10,983 [ForkJoinPool.commonPool-worker-0] INFO  util.JmxRegister (JmxRegister.java:unregister(73)) - Successfully un-registered JMX Bean with object name Ratis:service=RaftServer,group=group-4472FBDC39EE,id=1d025d5d-4a97-4ef4-a1d1-848d8e540210
2019-10-06 06:20:10,983 [ForkJoinPool.commonPool-worker-0] INFO  impl.RoleInfo (RoleInfo.java:shutdownLeaderState(104)) - 1d025d5d-4a97-4ef4-a1d1-848d8e540210: shutdown LeaderState
2019-10-06 06:20:10,984 [ForkJoinPool.commonPool-worker-0] INFO  impl.PendingRequests (PendingRequests.java:sendNotLeaderResponses(202)) - 1d025d5d-4a97-4ef4-a1d1-848d8e540210@group-4472FBDC39EE-PendingRequests: sendNotLeaderResponses
2019-10-06 06:20:10,984 [ForkJoinPool.commonPool-worker-0] INFO  impl.StateMachineUpdater (StateMachineUpdater.java:stopAndJoin(136)) - 1d025d5d-4a97-4ef4-a1d1-848d8e540210@group-4472FBDC39EE-StateMachineUpdater: set stopIndex = 0
2019-10-06 06:20:10,986 [ForkJoinPool.commonPool-worker-0] INFO  impl.RaftServerImpl (ServerState.java:close(387)) - 1d025d5d-4a97-4ef4-a1d1-848d8e540210@group-4472FBDC39EE: closes. applyIndex: 0
2019-10-06 06:20:10,986 [1d025d5d-4a97-4ef4-a1d1-848d8e540210@group-4472FBDC39EE-SegmentedRaftLogWorker] INFO  segmented.SegmentedRaftLogWorker (SegmentedRaftLogWorker.java:run(316)) - 1d025d5d-4a97-4ef4-a1d1-848d8e540210@group-4472FBDC39EE-SegmentedRaftLogWorker was interrupted, exiting. There are 0 tasks remaining in the queue.
2019-10-06 06:20:10,987 [ForkJoinPool.commonPool-worker-0] INFO  segmented.SegmentedRaftLogWorker (SegmentedRaftLogWorker.java:close(224)) - 1d025d5d-4a97-4ef4-a1d1-848d8e540210@group-4472FBDC39EE-SegmentedRaftLogWorker close()
2019-10-06 06:20:10,990 [ForkJoinPool.commonPool-worker-0] INFO  server.GrpcService (GrpcService.java:closeImpl(164)) - 1d025d5d-4a97-4ef4-a1d1-848d8e540210: shutdown server with port 37171 now
2019-10-06 06:20:10,991 [grpc-default-executor-10] WARN  server.GrpcServerProtocolService (LogUtils.java:warn(134)) - 1d025d5d-4a97-4ef4-a1d1-848d8e540210: installSnapshot onError, lastRequest: 11461bfb-5012-47ea-8ef6-3ae69d061b3b->1d025d5d-4a97-4ef4-a1d1-848d8e540210#22-t1, previous=(t:1, i:15), leaderCommit=15, initializing? false, entries: <empty>: org.apache.ratis.thirdparty.io.grpc.StatusRuntimeException: CANCELLED: cancelled before receiving half close
2019-10-06 06:20:10,991 [grpc-default-executor-9] WARN  server.GrpcLogAppender (LogUtils.java:warn(134)) - 11461bfb-5012-47ea-8ef6-3ae69d061b3b@group-0FC2B571AED8->1d025d5d-4a97-4ef4-a1d1-848d8e540210-AppendLogResponseHandler: Failed appendEntries: org.apache.ratis.thirdparty.io.grpc.StatusRuntimeException: CANCELLED: HTTP/2 error code: CANCEL
Received Rst Stream
2019-10-06 06:20:10,991 [ForkJoinPool.commonPool-worker-0] INFO  server.GrpcService (GrpcService.java:closeImpl(172)) - 1d025d5d-4a97-4ef4-a1d1-848d8e540210: shutdown server with port 37171 successfully
2019-10-06 06:20:10,991 [grpc-default-executor-9] INFO  impl.FollowerInfo (FollowerInfo.java:lambda$new$0(51)) - 11461bfb-5012-47ea-8ef6-3ae69d061b3b@group-0FC2B571AED8->1d025d5d-4a97-4ef4-a1d1-848d8e540210: nextIndex: updateUnconditionally 16 -> 15
2019-10-06 06:20:10,994 [refreshUsed-/workdir/hadoop-ozone/integration-test/target/test-dir/MiniOzoneClusterImpl-efd31f5e-5046-467b-a5e6-3c9a329b9d05/datanode-1/data/containers] WARN  fs.CachingGetSpaceUsed (CachingGetSpaceUsed.java:run(183)) - Thread Interrupted waiting to refresh disk information: sleep interrupted
2019-10-06 06:20:11,004 [main] INFO  utils.BackgroundService (BackgroundService.java:shutdown(148)) - Shutting down service BlockDeletingService
2019-10-06 06:20:11,004 [ForkJoinPool.commonPool-worker-0] INFO  utils.BackgroundService (BackgroundService.java:shutdown(148)) - Shutting down service BlockDeletingService
2019-10-06 06:20:11,008 [main] INFO  statemachine.DatanodeStateMachine (DatanodeStateMachine.java:stopDaemon(395)) - Ozone container server stopped.
2019-10-06 06:20:11,011 [ForkJoinPool.commonPool-worker-0] INFO  statemachine.DatanodeStateMachine (DatanodeStateMachine.java:stopDaemon(395)) - Ozone container server stopped.
2019-10-06 06:20:11,016 [main] INFO  handler.ContextHandler (ContextHandler.java:doStop(910)) - Stopped o.e.j.w.WebAppContext@632cf7d3{/,null,UNAVAILABLE}{/hddsDatanode}
2019-10-06 06:20:11,016 [ForkJoinPool.commonPool-worker-0] INFO  handler.ContextHandler (ContextHandler.java:doStop(910)) - Stopped o.e.j.w.WebAppContext@78116659{/,null,UNAVAILABLE}{/hddsDatanode}
2019-10-06 06:20:11,017 [main] INFO  server.AbstractConnector (AbstractConnector.java:doStop(318)) - Stopped ServerConnector@51b87df7{HTTP/1.1,[http/1.1]}{0.0.0.0:0}
2019-10-06 06:20:11,017 [main] INFO  handler.ContextHandler (ContextHandler.java:doStop(910)) - Stopped o.e.j.s.ServletContextHandler@6d874695{/static,jar:file:/home/user/.m2/repository/org/apache/hadoop/hadoop-hdds-container-service/0.5.0-SNAPSHOT/hadoop-hdds-container-service-0.5.0-SNAPSHOT.jar!/webapps/static,UNAVAILABLE}
2019-10-06 06:20:11,018 [main] INFO  handler.ContextHandler (ContextHandler.java:doStop(910)) - Stopped o.e.j.s.ServletContextHandler@4703c998{/logs,file:///workdir/hadoop-ozone/integration-test/target/log,UNAVAILABLE}
2019-10-06 06:20:11,019 [ForkJoinPool.commonPool-worker-0] INFO  server.AbstractConnector (AbstractConnector.java:doStop(318)) - Stopped ServerConnector@712e787e{HTTP/1.1,[http/1.1]}{0.0.0.0:0}
2019-10-06 06:20:11,024 [ForkJoinPool.commonPool-worker-0] INFO  handler.ContextHandler (ContextHandler.java:doStop(910)) - Stopped o.e.j.s.ServletContextHandler@755a7218{/static,jar:file:/home/user/.m2/repository/org/apache/hadoop/hadoop-hdds-container-service/0.5.0-SNAPSHOT/hadoop-hdds-container-service-0.5.0-SNAPSHOT.jar!/webapps/static,UNAVAILABLE}
2019-10-06 06:20:11,025 [ForkJoinPool.commonPool-worker-0] INFO  handler.ContextHandler (ContextHandler.java:doStop(910)) - Stopped o.e.j.s.ServletContextHandler@3e43f049{/logs,file:///workdir/hadoop-ozone/integration-test/target/log,UNAVAILABLE}
2019-10-06 06:20:11,715 [Datanode State Machine Thread - 0] INFO  statemachine.DatanodeStateMachine (DatanodeStateMachine.java:lambda$startDaemon$0(350)) - Ozone container server started.
2019-10-06 06:20:11,946 [Datanode State Machine Thread - 0] INFO  statemachine.DatanodeStateMachine (DatanodeStateMachine.java:lambda$startDaemon$0(350)) - Ozone container server started.
2019-10-06 06:20:13,393 [grpc-default-executor-3] WARN  server.GrpcLogAppender (LogUtils.java:warn(134)) - 11461bfb-5012-47ea-8ef6-3ae69d061b3b@group-0FC2B571AED8->1d025d5d-4a97-4ef4-a1d1-848d8e540210-AppendLogResponseHandler: Failed appendEntries: org.apache.ratis.thirdparty.io.grpc.StatusRuntimeException: UNAVAILABLE: io exception
2019-10-06 06:20:13,394 [grpc-default-executor-3] INFO  impl.FollowerInfo (FollowerInfo.java:lambda$new$0(51)) - 11461bfb-5012-47ea-8ef6-3ae69d061b3b@group-0FC2B571AED8->1d025d5d-4a97-4ef4-a1d1-848d8e540210: nextIndex: updateUnconditionally 15 -> 14
2019-10-06 06:20:15,777 [Thread-3154] INFO  impl.FollowerState (FollowerState.java:run(108)) - b5140278-da64-4b2c-aedb-8ab830e5d74a@group-93184F4D6E99-FollowerState: change to CANDIDATE, lastRpcTime:5842ms, electionTimeout:5200ms
2019-10-06 06:20:15,778 [Thread-3154] INFO  impl.RoleInfo (RoleInfo.java:shutdownFollowerState(121)) - b5140278-da64-4b2c-aedb-8ab830e5d74a: shutdown FollowerState
2019-10-06 06:20:15,778 [Thread-3154] INFO  impl.RaftServerImpl (RaftServerImpl.java:setRole(170)) - b5140278-da64-4b2c-aedb-8ab830e5d74a@group-93184F4D6E99: changes role from  FOLLOWER to CANDIDATE at term 1 for changeToCandidate
2019-10-06 06:20:15,779 [Thread-3154] INFO  impl.RoleInfo (RoleInfo.java:updateAndGet(143)) - b5140278-da64-4b2c-aedb-8ab830e5d74a: start LeaderElection
2019-10-06 06:20:15,782 [b5140278-da64-4b2c-aedb-8ab830e5d74a@group-93184F4D6E99-LeaderElection85] INFO  impl.RaftServerImpl (ServerState.java:setLeader(255)) - b5140278-da64-4b2c-aedb-8ab830e5d74a@group-93184F4D6E99: change Leader from d9cd26b1-985e-4dec-adee-0a29c7d0d5c5 to null at term 1 for initElection
2019-10-06 06:20:15,783 [EventQueue-StaleNodeForStaleNodeHandler] INFO  node.StaleNodeHandler (StaleNodeHandler.java:onMessage(58)) - Datanode 11461bfb-5012-47ea-8ef6-3ae69d061b3b{ip: 192.168.164.217, host: trunk-nightly-20191006-mzxw6-951422410, networkLocation: /default-rack, certSerialId: null} moved to stale state. Finalizing its pipelines [PipelineID=29e0806c-adad-4b33-84ef-0fc2b571aed8, PipelineID=75791748-cf67-46d7-b368-58e2c6e4d316]
2019-10-06 06:20:15,784 [EventQueue-StaleNodeForStaleNodeHandler] INFO  pipeline.SCMPipelineManager (SCMPipelineManager.java:finalizeAndDestroyPipeline(315)) - destroying pipeline:Pipeline[ Id: 29e0806c-adad-4b33-84ef-0fc2b571aed8, Nodes: da6e0ba0-5177-4cde-b4b7-39822dda109b{ip: 192.168.164.217, host: trunk-nightly-20191006-mzxw6-951422410, networkLocation: /default-rack, certSerialId: null}1d025d5d-4a97-4ef4-a1d1-848d8e540210{ip: 192.168.164.217, host: trunk-nightly-20191006-mzxw6-951422410, networkLocation: /default-rack, certSerialId: null}11461bfb-5012-47ea-8ef6-3ae69d061b3b{ip: 192.168.164.217, host: trunk-nightly-20191006-mzxw6-951422410, networkLocation: /default-rack, certSerialId: null}, Type:RATIS, Factor:THREE, State:CLOSED]
2019-10-06 06:20:15,784 [EventQueue-StaleNodeForStaleNodeHandler] INFO  pipeline.SCMPipelineManager (SCMPipelineManager.java:finalizeAndDestroyPipeline(315)) - destroying pipeline:Pipeline[ Id: 75791748-cf67-46d7-b368-58e2c6e4d316, Nodes: 11461bfb-5012-47ea-8ef6-3ae69d061b3b{ip: 192.168.164.217, host: trunk-nightly-20191006-mzxw6-951422410, networkLocation: /default-rack, certSerialId: null}, Type:RATIS, Factor:ONE, State:OPEN]
2019-10-06 06:20:15,785 [EventQueue-StaleNodeForStaleNodeHandler] INFO  pipeline.PipelineStateManager (PipelineStateManager.java:finalizePipeline(123)) - Pipeline Pipeline[ Id: 75791748-cf67-46d7-b368-58e2c6e4d316, Nodes: 11461bfb-5012-47ea-8ef6-3ae69d061b3b{ip: 192.168.164.217, host: trunk-nightly-20191006-mzxw6-951422410, networkLocation: /default-rack, certSerialId: null}, Type:RATIS, Factor:ONE, State:CLOSED] moved to CLOSED state
2019-10-06 06:20:15,787 [b5140278-da64-4b2c-aedb-8ab830e5d74a@group-93184F4D6E99-LeaderElection85] INFO  impl.LeaderElection (LeaderElection.java:askForVotes(178)) - b5140278-da64-4b2c-aedb-8ab830e5d74a@group-93184F4D6E99-LeaderElection85: begin an election at term 2 for 0: [f3a61cbf-6fbf-4694-8557-fbf2e6e8faeb:192.168.164.217:44272, d9cd26b1-985e-4dec-adee-0a29c7d0d5c5:192.168.164.217:36649, b5140278-da64-4b2c-aedb-8ab830e5d74a:192.168.164.217:38704], old=null
2019-10-06 06:20:15,796 [b5140278-da64-4b2c-aedb-8ab830e5d74a@group-93184F4D6E99-LeaderElection85] INFO  impl.LeaderElection (LogUtils.java:infoOrTrace(149)) - b5140278-da64-4b2c-aedb-8ab830e5d74a@group-93184F4D6E99-LeaderElection85 got exception when requesting votes: {}
java.util.concurrent.ExecutionException: org.apache.ratis.thirdparty.io.grpc.StatusRuntimeException: UNAVAILABLE: io exception
	at java.util.concurrent.FutureTask.report(FutureTask.java:122)
	at java.util.concurrent.FutureTask.get(FutureTask.java:192)
	at org.apache.ratis.server.impl.LeaderElection.waitForResults(LeaderElection.java:259)
	at org.apache.ratis.server.impl.LeaderElection.askForVotes(LeaderElection.java:197)
	at org.apache.ratis.server.impl.LeaderElection.run(LeaderElection.java:133)
	at java.lang.Thread.run(Thread.java:748)
Caused by: org.apache.ratis.thirdparty.io.grpc.StatusRuntimeException: UNAVAILABLE: io exception
	at org.apache.ratis.thirdparty.io.grpc.stub.ClientCalls.toStatusRuntimeException(ClientCalls.java:233)
	at org.apache.ratis.thirdparty.io.grpc.stub.ClientCalls.getUnchecked(ClientCalls.java:214)
	at org.apache.ratis.thirdparty.io.grpc.stub.ClientCalls.blockingUnaryCall(ClientCalls.java:139)
	at org.apache.ratis.proto.grpc.RaftServerProtocolServiceGrpc$RaftServerProtocolServiceBlockingStub.requestVote(RaftServerProtocolServiceGrpc.java:265)
	at org.apache.ratis.grpc.server.GrpcServerProtocolClient.requestVote(GrpcServerProtocolClient.java:99)
	at org.apache.ratis.grpc.server.GrpcService.requestVote(GrpcService.java:204)
	at org.apache.ratis.server.impl.LeaderElection.lambda$submitRequests$1(LeaderElection.java:234)
	at java.util.concurrent.FutureTask.run(FutureTask.java:266)
	at java.util.concurrent.Executors$RunnableAdapter.call(Executors.java:511)
	at java.util.concurrent.FutureTask.run(FutureTask.java:266)
	at java.util.concurrent.ThreadPoolExecutor.runWorker(ThreadPoolExecutor.java:1149)
	at java.util.concurrent.ThreadPoolExecutor$Worker.run(ThreadPoolExecutor.java:624)
	... 1 more
Caused by: org.apache.ratis.thirdparty.io.netty.channel.AbstractChannel$AnnotatedConnectException: Connection refused: /192.168.164.217:36649
	at sun.nio.ch.SocketChannelImpl.checkConnect(Native Method)
	at sun.nio.ch.SocketChannelImpl.finishConnect(SocketChannelImpl.java:717)
	at org.apache.ratis.thirdparty.io.netty.channel.socket.nio.NioSocketChannel.doFinishConnect(NioSocketChannel.java:327)
	at org.apache.ratis.thirdparty.io.netty.channel.nio.AbstractNioChannel$AbstractNioUnsafe.finishConnect(AbstractNioChannel.java:340)
	at org.apache.ratis.thirdparty.io.netty.channel.nio.NioEventLoop.processSelectedKey(NioEventLoop.java:632)
	at org.apache.ratis.thirdparty.io.netty.channel.nio.NioEventLoop.processSelectedKeysOptimized(NioEventLoop.java:579)
	at org.apache.ratis.thirdparty.io.netty.channel.nio.NioEventLoop.processSelectedKeys(NioEventLoop.java:496)
	at org.apache.ratis.thirdparty.io.netty.channel.nio.NioEventLoop.run(NioEventLoop.java:458)
	at org.apache.ratis.thirdparty.io.netty.util.concurrent.SingleThreadEventExecutor$5.run(SingleThreadEventExecutor.java:897)
	at org.apache.ratis.thirdparty.io.netty.util.concurrent.FastThreadLocalRunnable.run(FastThreadLocalRunnable.java:30)
	... 1 more
Caused by: java.net.ConnectException: Connection refused
	... 11 more
2019-10-06 06:20:15,799 [b5140278-da64-4b2c-aedb-8ab830e5d74a@group-93184F4D6E99-LeaderElection85] INFO  impl.LeaderElection (LogUtils.java:infoOrTrace(149)) - b5140278-da64-4b2c-aedb-8ab830e5d74a@group-93184F4D6E99-LeaderElection85 got exception when requesting votes: {}
java.util.concurrent.ExecutionException: org.apache.ratis.thirdparty.io.grpc.StatusRuntimeException: UNAVAILABLE: io exception
	at java.util.concurrent.FutureTask.report(FutureTask.java:122)
	at java.util.concurrent.FutureTask.get(FutureTask.java:192)
	at org.apache.ratis.server.impl.LeaderElection.waitForResults(LeaderElection.java:259)
	at org.apache.ratis.server.impl.LeaderElection.askForVotes(LeaderElection.java:197)
	at org.apache.ratis.server.impl.LeaderElection.run(LeaderElection.java:133)
	at java.lang.Thread.run(Thread.java:748)
Caused by: org.apache.ratis.thirdparty.io.grpc.StatusRuntimeException: UNAVAILABLE: io exception
	at org.apache.ratis.thirdparty.io.grpc.stub.ClientCalls.toStatusRuntimeException(ClientCalls.java:233)
	at org.apache.ratis.thirdparty.io.grpc.stub.ClientCalls.getUnchecked(ClientCalls.java:214)
	at org.apache.ratis.thirdparty.io.grpc.stub.ClientCalls.blockingUnaryCall(ClientCalls.java:139)
	at org.apache.ratis.proto.grpc.RaftServerProtocolServiceGrpc$RaftServerProtocolServiceBlockingStub.requestVote(RaftServerProtocolServiceGrpc.java:265)
	at org.apache.ratis.grpc.server.GrpcServerProtocolClient.requestVote(GrpcServerProtocolClient.java:99)
	at org.apache.ratis.grpc.server.GrpcService.requestVote(GrpcService.java:204)
	at org.apache.ratis.server.impl.LeaderElection.lambda$submitRequests$1(LeaderElection.java:234)
	at java.util.concurrent.FutureTask.run(FutureTask.java:266)
	at java.util.concurrent.Executors$RunnableAdapter.call(Executors.java:511)
	at java.util.concurrent.FutureTask.run(FutureTask.java:266)
	at java.util.concurrent.ThreadPoolExecutor.runWorker(ThreadPoolExecutor.java:1149)
	at java.util.concurrent.ThreadPoolExecutor$Worker.run(ThreadPoolExecutor.java:624)
	... 1 more
Caused by: org.apache.ratis.thirdparty.io.netty.channel.AbstractChannel$AnnotatedConnectException: Connection refused: /192.168.164.217:44272
	at sun.nio.ch.SocketChannelImpl.checkConnect(Native Method)
	at sun.nio.ch.SocketChannelImpl.finishConnect(SocketChannelImpl.java:717)
	at org.apache.ratis.thirdparty.io.netty.channel.socket.nio.NioSocketChannel.doFinishConnect(NioSocketChannel.java:327)
	at org.apache.ratis.thirdparty.io.netty.channel.nio.AbstractNioChannel$AbstractNioUnsafe.finishConnect(AbstractNioChannel.java:340)
	at org.apache.ratis.thirdparty.io.netty.channel.nio.NioEventLoop.processSelectedKey(NioEventLoop.java:632)
	at org.apache.ratis.thirdparty.io.netty.channel.nio.NioEventLoop.processSelectedKeysOptimized(NioEventLoop.java:579)
	at org.apache.ratis.thirdparty.io.netty.channel.nio.NioEventLoop.processSelectedKeys(NioEventLoop.java:496)
	at org.apache.ratis.thirdparty.io.netty.channel.nio.NioEventLoop.run(NioEventLoop.java:458)
	at org.apache.ratis.thirdparty.io.netty.util.concurrent.SingleThreadEventExecutor$5.run(SingleThreadEventExecutor.java:897)
	at org.apache.ratis.thirdparty.io.netty.util.concurrent.FastThreadLocalRunnable.run(FastThreadLocalRunnable.java:30)
	... 1 more
Caused by: java.net.ConnectException: Connection refused
	... 11 more
2019-10-06 06:20:15,802 [b5140278-da64-4b2c-aedb-8ab830e5d74a@group-93184F4D6E99-LeaderElection85] INFO  impl.LeaderElection (LeaderElection.java:logAndReturn(56)) - b5140278-da64-4b2c-aedb-8ab830e5d74a@group-93184F4D6E99-LeaderElection85: Election REJECTED; received 0 response(s) [] and 2 exception(s); b5140278-da64-4b2c-aedb-8ab830e5d74a@group-93184F4D6E99:t2, leader=null, voted=b5140278-da64-4b2c-aedb-8ab830e5d74a, raftlog=b5140278-da64-4b2c-aedb-8ab830e5d74a@group-93184F4D6E99-SegmentedRaftLog:OPENED:c18,f18,i18, conf=0: [f3a61cbf-6fbf-4694-8557-fbf2e6e8faeb:192.168.164.217:44272, d9cd26b1-985e-4dec-adee-0a29c7d0d5c5:192.168.164.217:36649, b5140278-da64-4b2c-aedb-8ab830e5d74a:192.168.164.217:38704], old=null
2019-10-06 06:20:15,802 [b5140278-da64-4b2c-aedb-8ab830e5d74a@group-93184F4D6E99-LeaderElection85] INFO  impl.LeaderElection (LogUtils.java:infoOrTrace(149)) -   Exception 0: {}
java.util.concurrent.ExecutionException: org.apache.ratis.thirdparty.io.grpc.StatusRuntimeException: UNAVAILABLE: io exception
	at java.util.concurrent.FutureTask.report(FutureTask.java:122)
	at java.util.concurrent.FutureTask.get(FutureTask.java:192)
	at org.apache.ratis.server.impl.LeaderElection.waitForResults(LeaderElection.java:259)
	at org.apache.ratis.server.impl.LeaderElection.askForVotes(LeaderElection.java:197)
	at org.apache.ratis.server.impl.LeaderElection.run(LeaderElection.java:133)
	at java.lang.Thread.run(Thread.java:748)
Caused by: org.apache.ratis.thirdparty.io.grpc.StatusRuntimeException: UNAVAILABLE: io exception
	at org.apache.ratis.thirdparty.io.grpc.stub.ClientCalls.toStatusRuntimeException(ClientCalls.java:233)
	at org.apache.ratis.thirdparty.io.grpc.stub.ClientCalls.getUnchecked(ClientCalls.java:214)
	at org.apache.ratis.thirdparty.io.grpc.stub.ClientCalls.blockingUnaryCall(ClientCalls.java:139)
	at org.apache.ratis.proto.grpc.RaftServerProtocolServiceGrpc$RaftServerProtocolServiceBlockingStub.requestVote(RaftServerProtocolServiceGrpc.java:265)
	at org.apache.ratis.grpc.server.GrpcServerProtocolClient.requestVote(GrpcServerProtocolClient.java:99)
	at org.apache.ratis.grpc.server.GrpcService.requestVote(GrpcService.java:204)
	at org.apache.ratis.server.impl.LeaderElection.lambda$submitRequests$1(LeaderElection.java:234)
	at java.util.concurrent.FutureTask.run(FutureTask.java:266)
	at java.util.concurrent.Executors$RunnableAdapter.call(Executors.java:511)
	at java.util.concurrent.FutureTask.run(FutureTask.java:266)
	at java.util.concurrent.ThreadPoolExecutor.runWorker(ThreadPoolExecutor.java:1149)
	at java.util.concurrent.ThreadPoolExecutor$Worker.run(ThreadPoolExecutor.java:624)
	... 1 more
Caused by: org.apache.ratis.thirdparty.io.netty.channel.AbstractChannel$AnnotatedConnectException: Connection refused: /192.168.164.217:36649
	at sun.nio.ch.SocketChannelImpl.checkConnect(Native Method)
	at sun.nio.ch.SocketChannelImpl.finishConnect(SocketChannelImpl.java:717)
	at org.apache.ratis.thirdparty.io.netty.channel.socket.nio.NioSocketChannel.doFinishConnect(NioSocketChannel.java:327)
	at org.apache.ratis.thirdparty.io.netty.channel.nio.AbstractNioChannel$AbstractNioUnsafe.finishConnect(AbstractNioChannel.java:340)
	at org.apache.ratis.thirdparty.io.netty.channel.nio.NioEventLoop.processSelectedKey(NioEventLoop.java:632)
	at org.apache.ratis.thirdparty.io.netty.channel.nio.NioEventLoop.processSelectedKeysOptimized(NioEventLoop.java:579)
	at org.apache.ratis.thirdparty.io.netty.channel.nio.NioEventLoop.processSelectedKeys(NioEventLoop.java:496)
	at org.apache.ratis.thirdparty.io.netty.channel.nio.NioEventLoop.run(NioEventLoop.java:458)
	at org.apache.ratis.thirdparty.io.netty.util.concurrent.SingleThreadEventExecutor$5.run(SingleThreadEventExecutor.java:897)
	at org.apache.ratis.thirdparty.io.netty.util.concurrent.FastThreadLocalRunnable.run(FastThreadLocalRunnable.java:30)
	... 1 more
Caused by: java.net.ConnectException: Connection refused
	... 11 more
2019-10-06 06:20:15,803 [b5140278-da64-4b2c-aedb-8ab830e5d74a@group-93184F4D6E99-LeaderElection85] INFO  impl.LeaderElection (LogUtils.java:infoOrTrace(149)) -   Exception 1: {}
java.util.concurrent.ExecutionException: org.apache.ratis.thirdparty.io.grpc.StatusRuntimeException: UNAVAILABLE: io exception
	at java.util.concurrent.FutureTask.report(FutureTask.java:122)
	at java.util.concurrent.FutureTask.get(FutureTask.java:192)
	at org.apache.ratis.server.impl.LeaderElection.waitForResults(LeaderElection.java:259)
	at org.apache.ratis.server.impl.LeaderElection.askForVotes(LeaderElection.java:197)
	at org.apache.ratis.server.impl.LeaderElection.run(LeaderElection.java:133)
	at java.lang.Thread.run(Thread.java:748)
Caused by: org.apache.ratis.thirdparty.io.grpc.StatusRuntimeException: UNAVAILABLE: io exception
	at org.apache.ratis.thirdparty.io.grpc.stub.ClientCalls.toStatusRuntimeException(ClientCalls.java:233)
	at org.apache.ratis.thirdparty.io.grpc.stub.ClientCalls.getUnchecked(ClientCalls.java:214)
	at org.apache.ratis.thirdparty.io.grpc.stub.ClientCalls.blockingUnaryCall(ClientCalls.java:139)
	at org.apache.ratis.proto.grpc.RaftServerProtocolServiceGrpc$RaftServerProtocolServiceBlockingStub.requestVote(RaftServerProtocolServiceGrpc.java:265)
	at org.apache.ratis.grpc.server.GrpcServerProtocolClient.requestVote(GrpcServerProtocolClient.java:99)
	at org.apache.ratis.grpc.server.GrpcService.requestVote(GrpcService.java:204)
	at org.apache.ratis.server.impl.LeaderElection.lambda$submitRequests$1(LeaderElection.java:234)
	at java.util.concurrent.FutureTask.run(FutureTask.java:266)
	at java.util.concurrent.Executors$RunnableAdapter.call(Executors.java:511)
	at java.util.concurrent.FutureTask.run(FutureTask.java:266)
	at java.util.concurrent.ThreadPoolExecutor.runWorker(ThreadPoolExecutor.java:1149)
	at java.util.concurrent.ThreadPoolExecutor$Worker.run(ThreadPoolExecutor.java:624)
	... 1 more
Caused by: org.apache.ratis.thirdparty.io.netty.channel.AbstractChannel$AnnotatedConnectException: Connection refused: /192.168.164.217:44272
	at sun.nio.ch.SocketChannelImpl.checkConnect(Native Method)
	at sun.nio.ch.SocketChannelImpl.finishConnect(SocketChannelImpl.java:717)
	at org.apache.ratis.thirdparty.io.netty.channel.socket.nio.NioSocketChannel.doFinishConnect(NioSocketChannel.java:327)
	at org.apache.ratis.thirdparty.io.netty.channel.nio.AbstractNioChannel$AbstractNioUnsafe.finishConnect(AbstractNioChannel.java:340)
	at org.apache.ratis.thirdparty.io.netty.channel.nio.NioEventLoop.processSelectedKey(NioEventLoop.java:632)
	at org.apache.ratis.thirdparty.io.netty.channel.nio.NioEventLoop.processSelectedKeysOptimized(NioEventLoop.java:579)
	at org.apache.ratis.thirdparty.io.netty.channel.nio.NioEventLoop.processSelectedKeys(NioEventLoop.java:496)
	at org.apache.ratis.thirdparty.io.netty.channel.nio.NioEventLoop.run(NioEventLoop.java:458)
	at org.apache.ratis.thirdparty.io.netty.util.concurrent.SingleThreadEventExecutor$5.run(SingleThreadEventExecutor.java:897)
	at org.apache.ratis.thirdparty.io.netty.util.concurrent.FastThreadLocalRunnable.run(FastThreadLocalRunnable.java:30)
	... 1 more
Caused by: java.net.ConnectException: Connection refused
	... 11 more
2019-10-06 06:20:15,803 [b5140278-da64-4b2c-aedb-8ab830e5d74a@group-93184F4D6E99-LeaderElection85] INFO  impl.RaftServerImpl (RaftServerImpl.java:setRole(170)) - b5140278-da64-4b2c-aedb-8ab830e5d74a@group-93184F4D6E99: changes role from CANDIDATE to FOLLOWER at term 2 for DISCOVERED_A_NEW_TERM
2019-10-06 06:20:15,803 [b5140278-da64-4b2c-aedb-8ab830e5d74a@group-93184F4D6E99-LeaderElection85] INFO  impl.RoleInfo (RoleInfo.java:shutdownLeaderElection(134)) - b5140278-da64-4b2c-aedb-8ab830e5d74a: shutdown LeaderElection
2019-10-06 06:20:15,803 [b5140278-da64-4b2c-aedb-8ab830e5d74a@group-93184F4D6E99-LeaderElection85] INFO  impl.RoleInfo (RoleInfo.java:updateAndGet(143)) - b5140278-da64-4b2c-aedb-8ab830e5d74a: start FollowerState
2019-10-06 06:20:15,894 [grpc-default-executor-10] WARN  server.GrpcLogAppender (LogUtils.java:warn(134)) - 11461bfb-5012-47ea-8ef6-3ae69d061b3b@group-0FC2B571AED8->1d025d5d-4a97-4ef4-a1d1-848d8e540210-AppendLogResponseHandler: Failed appendEntries: org.apache.ratis.thirdparty.io.grpc.StatusRuntimeException: UNAVAILABLE: io exception
2019-10-06 06:20:15,897 [grpc-default-executor-10] INFO  impl.FollowerInfo (FollowerInfo.java:lambda$new$0(51)) - 11461bfb-5012-47ea-8ef6-3ae69d061b3b@group-0FC2B571AED8->1d025d5d-4a97-4ef4-a1d1-848d8e540210: nextIndex: updateUnconditionally 14 -> 13
2019-10-06 06:20:15,983 [EventQueue-StaleNodeForStaleNodeHandler] INFO  node.StaleNodeHandler (StaleNodeHandler.java:onMessage(58)) - Datanode 772c9a02-e62b-47e6-a397-b61907783579{ip: 192.168.164.217, host: trunk-nightly-20191006-mzxw6-951422410, networkLocation: /default-rack, certSerialId: null} moved to stale state. Finalizing its pipelines [PipelineID=d33ec4e6-0ff6-4082-a968-f6996b3c9c1c]
2019-10-06 06:20:15,983 [EventQueue-StaleNodeForStaleNodeHandler] INFO  pipeline.SCMPipelineManager (SCMPipelineManager.java:finalizeAndDestroyPipeline(315)) - destroying pipeline:Pipeline[ Id: d33ec4e6-0ff6-4082-a968-f6996b3c9c1c, Nodes: 772c9a02-e62b-47e6-a397-b61907783579{ip: 192.168.164.217, host: trunk-nightly-20191006-mzxw6-951422410, networkLocation: /default-rack, certSerialId: null}, Type:RATIS, Factor:ONE, State:OPEN]
2019-10-06 06:20:15,984 [EventQueue-StaleNodeForStaleNodeHandler] INFO  pipeline.PipelineStateManager (PipelineStateManager.java:finalizePipeline(123)) - Pipeline Pipeline[ Id: d33ec4e6-0ff6-4082-a968-f6996b3c9c1c, Nodes: 772c9a02-e62b-47e6-a397-b61907783579{ip: 192.168.164.217, host: trunk-nightly-20191006-mzxw6-951422410, networkLocation: /default-rack, certSerialId: null}, Type:RATIS, Factor:ONE, State:CLOSED] moved to CLOSED state
2019-10-06 06:20:16,021 [main] INFO  ozoneimpl.OzoneContainer (OzoneContainer.java:stop(231)) - Attempting to stop container services.
2019-10-06 06:20:16,022 [main] INFO  impl.RaftServerProxy (RaftServerProxy.java:lambda$close$4(314)) - 772c9a02-e62b-47e6-a397-b61907783579: close
2019-10-06 06:20:16,023 [main] INFO  impl.RaftServerImpl (RaftServerImpl.java:lambda$shutdown$3(247)) - 772c9a02-e62b-47e6-a397-b61907783579@group-F6996B3C9C1C: shutdown
2019-10-06 06:20:16,023 [main] INFO  util.JmxRegister (JmxRegister.java:unregister(73)) - Successfully un-registered JMX Bean with object name Ratis:service=RaftServer,group=group-F6996B3C9C1C,id=772c9a02-e62b-47e6-a397-b61907783579
2019-10-06 06:20:16,023 [main] INFO  impl.RoleInfo (RoleInfo.java:shutdownLeaderState(104)) - 772c9a02-e62b-47e6-a397-b61907783579: shutdown LeaderState
2019-10-06 06:20:16,024 [main] INFO  impl.PendingRequests (PendingRequests.java:sendNotLeaderResponses(202)) - 772c9a02-e62b-47e6-a397-b61907783579@group-F6996B3C9C1C-PendingRequests: sendNotLeaderResponses
2019-10-06 06:20:16,024 [main] INFO  impl.StateMachineUpdater (StateMachineUpdater.java:stopAndJoin(136)) - 772c9a02-e62b-47e6-a397-b61907783579@group-F6996B3C9C1C-StateMachineUpdater: set stopIndex = 0
2019-10-06 06:20:16,025 [main] INFO  impl.RaftServerImpl (ServerState.java:close(387)) - 772c9a02-e62b-47e6-a397-b61907783579@group-F6996B3C9C1C: closes. applyIndex: 0
2019-10-06 06:20:16,025 [772c9a02-e62b-47e6-a397-b61907783579@group-F6996B3C9C1C-SegmentedRaftLogWorker] INFO  segmented.SegmentedRaftLogWorker (SegmentedRaftLogWorker.java:run(316)) - 772c9a02-e62b-47e6-a397-b61907783579@group-F6996B3C9C1C-SegmentedRaftLogWorker was interrupted, exiting. There are 0 tasks remaining in the queue.
2019-10-06 06:20:16,028 [main] INFO  segmented.SegmentedRaftLogWorker (SegmentedRaftLogWorker.java:close(224)) - 772c9a02-e62b-47e6-a397-b61907783579@group-F6996B3C9C1C-SegmentedRaftLogWorker close()
2019-10-06 06:20:16,028 [ForkJoinPool.commonPool-worker-0] INFO  ozoneimpl.OzoneContainer (OzoneContainer.java:stop(231)) - Attempting to stop container services.
2019-10-06 06:20:16,031 [main] INFO  server.GrpcService (GrpcService.java:closeImpl(164)) - 772c9a02-e62b-47e6-a397-b61907783579: shutdown server with port 33773 now
2019-10-06 06:20:16,031 [ForkJoinPool.commonPool-worker-0] INFO  impl.RaftServerProxy (RaftServerProxy.java:lambda$close$4(314)) - 11461bfb-5012-47ea-8ef6-3ae69d061b3b: close
2019-10-06 06:20:16,032 [ForkJoinPool.commonPool-worker-0] INFO  impl.RaftServerImpl (RaftServerImpl.java:lambda$shutdown$3(247)) - 11461bfb-5012-47ea-8ef6-3ae69d061b3b@group-0FC2B571AED8: shutdown
2019-10-06 06:20:16,032 [main] INFO  server.GrpcService (GrpcService.java:closeImpl(172)) - 772c9a02-e62b-47e6-a397-b61907783579: shutdown server with port 33773 successfully
2019-10-06 06:20:16,032 [ForkJoinPool.commonPool-worker-0] INFO  util.JmxRegister (JmxRegister.java:unregister(73)) - Successfully un-registered JMX Bean with object name Ratis:service=RaftServer,group=group-0FC2B571AED8,id=11461bfb-5012-47ea-8ef6-3ae69d061b3b
2019-10-06 06:20:16,033 [ForkJoinPool.commonPool-worker-0] INFO  impl.RoleInfo (RoleInfo.java:shutdownLeaderState(104)) - 11461bfb-5012-47ea-8ef6-3ae69d061b3b: shutdown LeaderState
2019-10-06 06:20:16,034 [org.apache.ratis.server.impl.LogAppender$AppenderDaemon$$Lambda$510/1101742383@7fba8754] WARN  server.GrpcLogAppender (GrpcLogAppender.java:mayWait(143)) - 11461bfb-5012-47ea-8ef6-3ae69d061b3b@group-0FC2B571AED8->da6e0ba0-5177-4cde-b4b7-39822dda109b-GrpcLogAppender: Wait interrupted by java.lang.InterruptedException
2019-10-06 06:20:16,037 [ForkJoinPool.commonPool-worker-0] INFO  impl.PendingRequests (PendingRequests.java:sendNotLeaderResponses(202)) - 11461bfb-5012-47ea-8ef6-3ae69d061b3b@group-0FC2B571AED8-PendingRequests: sendNotLeaderResponses
2019-10-06 06:20:16,037 [org.apache.ratis.server.impl.LogAppender$AppenderDaemon$$Lambda$510/1101742383@4c61bd79] WARN  server.GrpcLogAppender (GrpcLogAppender.java:mayWait(143)) - 11461bfb-5012-47ea-8ef6-3ae69d061b3b@group-0FC2B571AED8->1d025d5d-4a97-4ef4-a1d1-848d8e540210-GrpcLogAppender: Wait interrupted by java.lang.InterruptedException
2019-10-06 06:20:16,037 [grpc-default-executor-9] INFO  server.GrpcServerProtocolService (GrpcServerProtocolService.java:onCompleted(113)) - da6e0ba0-5177-4cde-b4b7-39822dda109b: Completed APPEND_ENTRIES, lastRequest: 11461bfb-5012-47ea-8ef6-3ae69d061b3b->da6e0ba0-5177-4cde-b4b7-39822dda109b#24-t1, previous=(t:1, i:15), leaderCommit=15, initializing? false, entries: <empty>
2019-10-06 06:20:16,038 [ForkJoinPool.commonPool-worker-0] INFO  impl.StateMachineUpdater (StateMachineUpdater.java:stopAndJoin(136)) - 11461bfb-5012-47ea-8ef6-3ae69d061b3b@group-0FC2B571AED8-StateMachineUpdater: set stopIndex = 15
2019-10-06 06:20:16,040 [11461bfb-5012-47ea-8ef6-3ae69d061b3b@group-0FC2B571AED8-StateMachineUpdater] INFO  ratis.ContainerStateMachine (ContainerStateMachine.java:takeSnapshot(293)) - group-0FC2B571AED8: Taking a snapshot at:(t:1, i:13) file /workdir/hadoop-ozone/integration-test/target/test-dir/MiniOzoneClusterImpl-efd31f5e-5046-467b-a5e6-3c9a329b9d05/datanode-2/data/ratis/29e0806c-adad-4b33-84ef-0fc2b571aed8/sm/snapshot.1_13
2019-10-06 06:20:16,040 [grpc-default-executor-10] INFO  server.GrpcLogAppender (GrpcLogAppender.java:onCompleted(293)) - 11461bfb-5012-47ea-8ef6-3ae69d061b3b@group-0FC2B571AED8->da6e0ba0-5177-4cde-b4b7-39822dda109b-AppendLogResponseHandler: follower responses appendEntries COMPLETED
2019-10-06 06:20:16,040 [refreshUsed-/workdir/hadoop-ozone/integration-test/target/test-dir/MiniOzoneClusterImpl-efd31f5e-5046-467b-a5e6-3c9a329b9d05/datanode-6/data/containers] WARN  fs.CachingGetSpaceUsed (CachingGetSpaceUsed.java:run(183)) - Thread Interrupted waiting to refresh disk information: sleep interrupted
2019-10-06 06:20:16,041 [grpc-default-executor-10] INFO  impl.FollowerInfo (FollowerInfo.java:lambda$new$0(51)) - 11461bfb-5012-47ea-8ef6-3ae69d061b3b@group-0FC2B571AED8->da6e0ba0-5177-4cde-b4b7-39822dda109b: nextIndex: updateUnconditionally 16 -> 15
2019-10-06 06:20:16,054 [11461bfb-5012-47ea-8ef6-3ae69d061b3b@group-0FC2B571AED8-StateMachineUpdater] INFO  ratis.ContainerStateMachine (ContainerStateMachine.java:takeSnapshot(304)) - group-0FC2B571AED8: Finished taking a snapshot at:(t:1, i:13) file:/workdir/hadoop-ozone/integration-test/target/test-dir/MiniOzoneClusterImpl-efd31f5e-5046-467b-a5e6-3c9a329b9d05/datanode-2/data/ratis/29e0806c-adad-4b33-84ef-0fc2b571aed8/sm/snapshot.1_13 time:14
2019-10-06 06:20:16,054 [main] INFO  utils.BackgroundService (BackgroundService.java:shutdown(148)) - Shutting down service BlockDeletingService
2019-10-06 06:20:16,054 [11461bfb-5012-47ea-8ef6-3ae69d061b3b@group-0FC2B571AED8-StateMachineUpdater] INFO  impl.StateMachineUpdater (StateMachineUpdater.java:takeSnapshot(269)) - 11461bfb-5012-47ea-8ef6-3ae69d061b3b@group-0FC2B571AED8-StateMachineUpdater: Took a snapshot at index 13
2019-10-06 06:20:16,054 [11461bfb-5012-47ea-8ef6-3ae69d061b3b@group-0FC2B571AED8-StateMachineUpdater] INFO  impl.StateMachineUpdater (StateMachineUpdater.java:lambda$new$0(84)) - 11461bfb-5012-47ea-8ef6-3ae69d061b3b@group-0FC2B571AED8-StateMachineUpdater: snapshotIndex: updateIncreasingly -1 -> 13
2019-10-06 06:20:16,056 [11461bfb-5012-47ea-8ef6-3ae69d061b3b@group-0FC2B571AED8-StateMachineUpdater] INFO  ratis.ContainerStateMachine (ContainerStateMachine.java:takeSnapshot(293)) - group-0FC2B571AED8: Taking a snapshot at:(t:1, i:13) file /workdir/hadoop-ozone/integration-test/target/test-dir/MiniOzoneClusterImpl-efd31f5e-5046-467b-a5e6-3c9a329b9d05/datanode-2/data/ratis/29e0806c-adad-4b33-84ef-0fc2b571aed8/sm/snapshot.1_13
2019-10-06 06:20:16,057 [main] INFO  statemachine.DatanodeStateMachine (DatanodeStateMachine.java:stopDaemon(395)) - Ozone container server stopped.
2019-10-06 06:20:16,059 [main] INFO  handler.ContextHandler (ContextHandler.java:doStop(910)) - Stopped o.e.j.w.WebAppContext@407b8435{/,null,UNAVAILABLE}{/hddsDatanode}
2019-10-06 06:20:16,061 [main] INFO  server.AbstractConnector (AbstractConnector.java:doStop(318)) - Stopped ServerConnector@1282e98{HTTP/1.1,[http/1.1]}{0.0.0.0:0}
2019-10-06 06:20:16,061 [main] INFO  handler.ContextHandler (ContextHandler.java:doStop(910)) - Stopped o.e.j.s.ServletContextHandler@175581eb{/static,jar:file:/home/user/.m2/repository/org/apache/hadoop/hadoop-hdds-container-service/0.5.0-SNAPSHOT/hadoop-hdds-container-service-0.5.0-SNAPSHOT.jar!/webapps/static,UNAVAILABLE}
2019-10-06 06:20:16,062 [main] INFO  handler.ContextHandler (ContextHandler.java:doStop(910)) - Stopped o.e.j.s.ServletContextHandler@5c1b89ac{/logs,file:///workdir/hadoop-ozone/integration-test/target/log,UNAVAILABLE}
2019-10-06 06:20:16,070 [11461bfb-5012-47ea-8ef6-3ae69d061b3b@group-0FC2B571AED8-StateMachineUpdater] INFO  ratis.ContainerStateMachine (ContainerStateMachine.java:takeSnapshot(304)) - group-0FC2B571AED8: Finished taking a snapshot at:(t:1, i:13) file:/workdir/hadoop-ozone/integration-test/target/test-dir/MiniOzoneClusterImpl-efd31f5e-5046-467b-a5e6-3c9a329b9d05/datanode-2/data/ratis/29e0806c-adad-4b33-84ef-0fc2b571aed8/sm/snapshot.1_13 time:15
2019-10-06 06:20:16,071 [11461bfb-5012-47ea-8ef6-3ae69d061b3b@group-0FC2B571AED8-StateMachineUpdater] INFO  impl.StateMachineUpdater (StateMachineUpdater.java:takeSnapshot(269)) - 11461bfb-5012-47ea-8ef6-3ae69d061b3b@group-0FC2B571AED8-StateMachineUpdater: Took a snapshot at index 13
2019-10-06 06:20:16,071 [11461bfb-5012-47ea-8ef6-3ae69d061b3b@group-0FC2B571AED8-StateMachineUpdater] INFO  impl.StateMachineUpdater (StateMachineUpdater.java:lambda$new$0(84)) - 11461bfb-5012-47ea-8ef6-3ae69d061b3b@group-0FC2B571AED8-StateMachineUpdater: snapshotIndex: updateIncreasingly 13 -> 13
2019-10-06 06:20:16,071 [ForkJoinPool.commonPool-worker-0] INFO  impl.RaftServerImpl (ServerState.java:close(387)) - 11461bfb-5012-47ea-8ef6-3ae69d061b3b@group-0FC2B571AED8: closes. applyIndex: 15
2019-10-06 06:20:16,071 [11461bfb-5012-47ea-8ef6-3ae69d061b3b@group-0FC2B571AED8-SegmentedRaftLogWorker] INFO  segmented.SegmentedRaftLogWorker (SegmentedRaftLogWorker.java:run(316)) - 11461bfb-5012-47ea-8ef6-3ae69d061b3b@group-0FC2B571AED8-SegmentedRaftLogWorker was interrupted, exiting. There are 0 tasks remaining in the queue.
2019-10-06 06:20:16,073 [ForkJoinPool.commonPool-worker-0] INFO  segmented.SegmentedRaftLogWorker (SegmentedRaftLogWorker.java:close(224)) - 11461bfb-5012-47ea-8ef6-3ae69d061b3b@group-0FC2B571AED8-SegmentedRaftLogWorker close()
2019-10-06 06:20:16,076 [ForkJoinPool.commonPool-worker-0] INFO  impl.RaftServerImpl (RaftServerImpl.java:lambda$shutdown$3(247)) - 11461bfb-5012-47ea-8ef6-3ae69d061b3b@group-58E2C6E4D316: shutdown
2019-10-06 06:20:16,076 [ForkJoinPool.commonPool-worker-0] INFO  util.JmxRegister (JmxRegister.java:unregister(73)) - Successfully un-registered JMX Bean with object name Ratis:service=RaftServer,group=group-58E2C6E4D316,id=11461bfb-5012-47ea-8ef6-3ae69d061b3b
2019-10-06 06:20:16,076 [ForkJoinPool.commonPool-worker-0] INFO  impl.RoleInfo (RoleInfo.java:shutdownLeaderState(104)) - 11461bfb-5012-47ea-8ef6-3ae69d061b3b: shutdown LeaderState
2019-10-06 06:20:16,076 [ForkJoinPool.commonPool-worker-0] INFO  impl.PendingRequests (PendingRequests.java:sendNotLeaderResponses(202)) - 11461bfb-5012-47ea-8ef6-3ae69d061b3b@group-58E2C6E4D316-PendingRequests: sendNotLeaderResponses
2019-10-06 06:20:16,077 [ForkJoinPool.commonPool-worker-0] INFO  impl.StateMachineUpdater (StateMachineUpdater.java:stopAndJoin(136)) - 11461bfb-5012-47ea-8ef6-3ae69d061b3b@group-58E2C6E4D316-StateMachineUpdater: set stopIndex = 0
2019-10-06 06:20:16,077 [ForkJoinPool.commonPool-worker-0] INFO  impl.RaftServerImpl (ServerState.java:close(387)) - 11461bfb-5012-47ea-8ef6-3ae69d061b3b@group-58E2C6E4D316: closes. applyIndex: 0
2019-10-06 06:20:16,077 [11461bfb-5012-47ea-8ef6-3ae69d061b3b@group-58E2C6E4D316-SegmentedRaftLogWorker] INFO  segmented.SegmentedRaftLogWorker (SegmentedRaftLogWorker.java:run(316)) - 11461bfb-5012-47ea-8ef6-3ae69d061b3b@group-58E2C6E4D316-SegmentedRaftLogWorker was interrupted, exiting. There are 0 tasks remaining in the queue.
2019-10-06 06:20:16,079 [ForkJoinPool.commonPool-worker-0] INFO  segmented.SegmentedRaftLogWorker (SegmentedRaftLogWorker.java:close(224)) - 11461bfb-5012-47ea-8ef6-3ae69d061b3b@group-58E2C6E4D316-SegmentedRaftLogWorker close()
2019-10-06 06:20:16,081 [ForkJoinPool.commonPool-worker-0] INFO  server.GrpcService (GrpcService.java:closeImpl(164)) - 11461bfb-5012-47ea-8ef6-3ae69d061b3b: shutdown server with port 42066 now
2019-10-06 06:20:16,083 [grpc-default-executor-9] WARN  client.GrpcClientProtocolService (LogUtils.java:warn(134)) - 1-UnorderedRequestStreamObserver1: onError: org.apache.ratis.thirdparty.io.grpc.StatusRuntimeException: CANCELLED: cancelled before receiving half close
2019-10-06 06:20:16,083 [ForkJoinPool.commonPool-worker-0] INFO  server.GrpcService (GrpcService.java:closeImpl(172)) - 11461bfb-5012-47ea-8ef6-3ae69d061b3b: shutdown server with port 42066 successfully
2019-10-06 06:20:16,085 [refreshUsed-/workdir/hadoop-ozone/integration-test/target/test-dir/MiniOzoneClusterImpl-efd31f5e-5046-467b-a5e6-3c9a329b9d05/datanode-2/data/containers] WARN  fs.CachingGetSpaceUsed (CachingGetSpaceUsed.java:run(183)) - Thread Interrupted waiting to refresh disk information: sleep interrupted
2019-10-06 06:20:16,104 [ForkJoinPool.commonPool-worker-0] INFO  utils.BackgroundService (BackgroundService.java:shutdown(148)) - Shutting down service BlockDeletingService
2019-10-06 06:20:16,107 [ForkJoinPool.commonPool-worker-0] INFO  statemachine.DatanodeStateMachine (DatanodeStateMachine.java:stopDaemon(395)) - Ozone container server stopped.
2019-10-06 06:20:16,145 [ForkJoinPool.commonPool-worker-0] INFO  handler.ContextHandler (ContextHandler.java:doStop(910)) - Stopped o.e.j.w.WebAppContext@7dbae40{/,null,UNAVAILABLE}{/hddsDatanode}
2019-10-06 06:20:16,146 [ForkJoinPool.commonPool-worker-0] INFO  server.AbstractConnector (AbstractConnector.java:doStop(318)) - Stopped ServerConnector@34f7b44f{HTTP/1.1,[http/1.1]}{0.0.0.0:0}
2019-10-06 06:20:16,147 [ForkJoinPool.commonPool-worker-0] INFO  handler.ContextHandler (ContextHandler.java:doStop(910)) - Stopped o.e.j.s.ServletContextHandler@6f3bd37f{/static,jar:file:/home/user/.m2/repository/org/apache/hadoop/hadoop-hdds-container-service/0.5.0-SNAPSHOT/hadoop-hdds-container-service-0.5.0-SNAPSHOT.jar!/webapps/static,UNAVAILABLE}
2019-10-06 06:20:16,148 [ForkJoinPool.commonPool-worker-0] INFO  handler.ContextHandler (ContextHandler.java:doStop(910)) - Stopped o.e.j.s.ServletContextHandler@7f0766ef{/logs,file:///workdir/hadoop-ozone/integration-test/target/log,UNAVAILABLE}
2019-10-06 06:20:16,473 [Datanode State Machine Thread - 0] INFO  statemachine.DatanodeStateMachine (DatanodeStateMachine.java:lambda$startDaemon$0(350)) - Ozone container server started.
2019-10-06 06:20:16,743 [Datanode State Machine Thread - 0] INFO  statemachine.DatanodeStateMachine (DatanodeStateMachine.java:lambda$startDaemon$0(350)) - Ozone container server started.
2019-10-06 06:20:20,489 [EventQueue-StaleNodeForStaleNodeHandler] INFO  node.StaleNodeHandler (StaleNodeHandler.java:onMessage(58)) - Datanode b5140278-da64-4b2c-aedb-8ab830e5d74a{ip: 192.168.164.217, host: trunk-nightly-20191006-mzxw6-951422410, networkLocation: /default-rack, certSerialId: null} moved to stale state. Finalizing its pipelines [PipelineID=662f2256-fcf8-42b2-8e9a-93184f4d6e99, PipelineID=e0dfdfad-665a-4b8e-bef1-3a8b86a78a52]
2019-10-06 06:20:20,490 [EventQueue-StaleNodeForStaleNodeHandler] INFO  pipeline.SCMPipelineManager (SCMPipelineManager.java:finalizeAndDestroyPipeline(315)) - destroying pipeline:Pipeline[ Id: 662f2256-fcf8-42b2-8e9a-93184f4d6e99, Nodes: f3a61cbf-6fbf-4694-8557-fbf2e6e8faeb{ip: 192.168.164.217, host: trunk-nightly-20191006-mzxw6-951422410, networkLocation: /default-rack, certSerialId: null}b5140278-da64-4b2c-aedb-8ab830e5d74a{ip: 192.168.164.217, host: trunk-nightly-20191006-mzxw6-951422410, networkLocation: /default-rack, certSerialId: null}d9cd26b1-985e-4dec-adee-0a29c7d0d5c5{ip: 192.168.164.217, host: trunk-nightly-20191006-mzxw6-951422410, networkLocation: /default-rack, certSerialId: null}, Type:RATIS, Factor:THREE, State:CLOSED]
2019-10-06 06:20:20,491 [EventQueue-StaleNodeForStaleNodeHandler] INFO  pipeline.SCMPipelineManager (SCMPipelineManager.java:finalizeAndDestroyPipeline(315)) - destroying pipeline:Pipeline[ Id: e0dfdfad-665a-4b8e-bef1-3a8b86a78a52, Nodes: b5140278-da64-4b2c-aedb-8ab830e5d74a{ip: 192.168.164.217, host: trunk-nightly-20191006-mzxw6-951422410, networkLocation: /default-rack, certSerialId: null}, Type:RATIS, Factor:ONE, State:OPEN]
2019-10-06 06:20:20,491 [EventQueue-StaleNodeForStaleNodeHandler] INFO  pipeline.PipelineStateManager (PipelineStateManager.java:finalizePipeline(123)) - Pipeline Pipeline[ Id: e0dfdfad-665a-4b8e-bef1-3a8b86a78a52, Nodes: b5140278-da64-4b2c-aedb-8ab830e5d74a{ip: 192.168.164.217, host: trunk-nightly-20191006-mzxw6-951422410, networkLocation: /default-rack, certSerialId: null}, Type:RATIS, Factor:ONE, State:CLOSED] moved to CLOSED state
2019-10-06 06:20:20,789 [EventQueue-StaleNodeForStaleNodeHandler] INFO  node.StaleNodeHandler (StaleNodeHandler.java:onMessage(58)) - Datanode da6e0ba0-5177-4cde-b4b7-39822dda109b{ip: 192.168.164.217, host: trunk-nightly-20191006-mzxw6-951422410, networkLocation: /default-rack, certSerialId: null} moved to stale state. Finalizing its pipelines [PipelineID=86c001bf-2dba-4dbd-aab7-bfdadaab0f7a, PipelineID=29e0806c-adad-4b33-84ef-0fc2b571aed8]
2019-10-06 06:20:20,789 [EventQueue-StaleNodeForStaleNodeHandler] INFO  pipeline.SCMPipelineManager (SCMPipelineManager.java:finalizeAndDestroyPipeline(315)) - destroying pipeline:Pipeline[ Id: 86c001bf-2dba-4dbd-aab7-bfdadaab0f7a, Nodes: da6e0ba0-5177-4cde-b4b7-39822dda109b{ip: 192.168.164.217, host: trunk-nightly-20191006-mzxw6-951422410, networkLocation: /default-rack, certSerialId: null}, Type:RATIS, Factor:ONE, State:OPEN]
2019-10-06 06:20:20,790 [EventQueue-StaleNodeForStaleNodeHandler] INFO  pipeline.PipelineStateManager (PipelineStateManager.java:finalizePipeline(123)) - Pipeline Pipeline[ Id: 86c001bf-2dba-4dbd-aab7-bfdadaab0f7a, Nodes: da6e0ba0-5177-4cde-b4b7-39822dda109b{ip: 192.168.164.217, host: trunk-nightly-20191006-mzxw6-951422410, networkLocation: /default-rack, certSerialId: null}, Type:RATIS, Factor:ONE, State:CLOSED] moved to CLOSED state
2019-10-06 06:20:20,790 [EventQueue-StaleNodeForStaleNodeHandler] INFO  pipeline.SCMPipelineManager (SCMPipelineManager.java:finalizeAndDestroyPipeline(315)) - destroying pipeline:Pipeline[ Id: 29e0806c-adad-4b33-84ef-0fc2b571aed8, Nodes: da6e0ba0-5177-4cde-b4b7-39822dda109b{ip: 192.168.164.217, host: trunk-nightly-20191006-mzxw6-951422410, networkLocation: /default-rack, certSerialId: null}1d025d5d-4a97-4ef4-a1d1-848d8e540210{ip: 192.168.164.217, host: trunk-nightly-20191006-mzxw6-951422410, networkLocation: /default-rack, certSerialId: null}11461bfb-5012-47ea-8ef6-3ae69d061b3b{ip: 192.168.164.217, host: trunk-nightly-20191006-mzxw6-951422410, networkLocation: /default-rack, certSerialId: null}, Type:RATIS, Factor:THREE, State:CLOSED]
2019-10-06 06:20:20,887 [Thread-3300] INFO  impl.FollowerState (FollowerState.java:run(108)) - b5140278-da64-4b2c-aedb-8ab830e5d74a@group-93184F4D6E99-FollowerState: change to CANDIDATE, lastRpcTime:5083ms, electionTimeout:5083ms
2019-10-06 06:20:20,892 [Thread-3300] INFO  impl.RoleInfo (RoleInfo.java:shutdownFollowerState(121)) - b5140278-da64-4b2c-aedb-8ab830e5d74a: shutdown FollowerState
2019-10-06 06:20:20,893 [Thread-3300] INFO  impl.RaftServerImpl (RaftServerImpl.java:setRole(170)) - b5140278-da64-4b2c-aedb-8ab830e5d74a@group-93184F4D6E99: changes role from  FOLLOWER to CANDIDATE at term 2 for changeToCandidate
2019-10-06 06:20:20,893 [Thread-3300] INFO  impl.RoleInfo (RoleInfo.java:updateAndGet(143)) - b5140278-da64-4b2c-aedb-8ab830e5d74a: start LeaderElection
2019-10-06 06:20:20,909 [b5140278-da64-4b2c-aedb-8ab830e5d74a@group-93184F4D6E99-LeaderElection86] INFO  impl.LeaderElection (LeaderElection.java:askForVotes(178)) - b5140278-da64-4b2c-aedb-8ab830e5d74a@group-93184F4D6E99-LeaderElection86: begin an election at term 3 for 0: [f3a61cbf-6fbf-4694-8557-fbf2e6e8faeb:192.168.164.217:44272, d9cd26b1-985e-4dec-adee-0a29c7d0d5c5:192.168.164.217:36649, b5140278-da64-4b2c-aedb-8ab830e5d74a:192.168.164.217:38704], old=null
2019-10-06 06:20:20,914 [b5140278-da64-4b2c-aedb-8ab830e5d74a@group-93184F4D6E99-LeaderElection86] INFO  impl.LeaderElection (LogUtils.java:infoOrTrace(149)) - b5140278-da64-4b2c-aedb-8ab830e5d74a@group-93184F4D6E99-LeaderElection86 got exception when requesting votes: {}
java.util.concurrent.ExecutionException: org.apache.ratis.thirdparty.io.grpc.StatusRuntimeException: UNAVAILABLE: io exception
	at java.util.concurrent.FutureTask.report(FutureTask.java:122)
	at java.util.concurrent.FutureTask.get(FutureTask.java:192)
	at org.apache.ratis.server.impl.LeaderElection.waitForResults(LeaderElection.java:259)
	at org.apache.ratis.server.impl.LeaderElection.askForVotes(LeaderElection.java:197)
	at org.apache.ratis.server.impl.LeaderElection.run(LeaderElection.java:133)
	at java.lang.Thread.run(Thread.java:748)
Caused by: org.apache.ratis.thirdparty.io.grpc.StatusRuntimeException: UNAVAILABLE: io exception
	at org.apache.ratis.thirdparty.io.grpc.stub.ClientCalls.toStatusRuntimeException(ClientCalls.java:233)
	at org.apache.ratis.thirdparty.io.grpc.stub.ClientCalls.getUnchecked(ClientCalls.java:214)
	at org.apache.ratis.thirdparty.io.grpc.stub.ClientCalls.blockingUnaryCall(ClientCalls.java:139)
	at org.apache.ratis.proto.grpc.RaftServerProtocolServiceGrpc$RaftServerProtocolServiceBlockingStub.requestVote(RaftServerProtocolServiceGrpc.java:265)
	at org.apache.ratis.grpc.server.GrpcServerProtocolClient.requestVote(GrpcServerProtocolClient.java:99)
	at org.apache.ratis.grpc.server.GrpcService.requestVote(GrpcService.java:204)
	at org.apache.ratis.server.impl.LeaderElection.lambda$submitRequests$1(LeaderElection.java:234)
	at java.util.concurrent.FutureTask.run(FutureTask.java:266)
	at java.util.concurrent.Executors$RunnableAdapter.call(Executors.java:511)
	at java.util.concurrent.FutureTask.run(FutureTask.java:266)
	at java.util.concurrent.ThreadPoolExecutor.runWorker(ThreadPoolExecutor.java:1149)
	at java.util.concurrent.ThreadPoolExecutor$Worker.run(ThreadPoolExecutor.java:624)
	... 1 more
Caused by: org.apache.ratis.thirdparty.io.netty.channel.AbstractChannel$AnnotatedConnectException: Connection refused: /192.168.164.217:44272
	at sun.nio.ch.SocketChannelImpl.checkConnect(Native Method)
	at sun.nio.ch.SocketChannelImpl.finishConnect(SocketChannelImpl.java:717)
	at org.apache.ratis.thirdparty.io.netty.channel.socket.nio.NioSocketChannel.doFinishConnect(NioSocketChannel.java:327)
	at org.apache.ratis.thirdparty.io.netty.channel.nio.AbstractNioChannel$AbstractNioUnsafe.finishConnect(AbstractNioChannel.java:340)
	at org.apache.ratis.thirdparty.io.netty.channel.nio.NioEventLoop.processSelectedKey(NioEventLoop.java:632)
	at org.apache.ratis.thirdparty.io.netty.channel.nio.NioEventLoop.processSelectedKeysOptimized(NioEventLoop.java:579)
	at org.apache.ratis.thirdparty.io.netty.channel.nio.NioEventLoop.processSelectedKeys(NioEventLoop.java:496)
	at org.apache.ratis.thirdparty.io.netty.channel.nio.NioEventLoop.run(NioEventLoop.java:458)
	at org.apache.ratis.thirdparty.io.netty.util.concurrent.SingleThreadEventExecutor$5.run(SingleThreadEventExecutor.java:897)
	at org.apache.ratis.thirdparty.io.netty.util.concurrent.FastThreadLocalRunnable.run(FastThreadLocalRunnable.java:30)
	... 1 more
Caused by: java.net.ConnectException: Connection refused
	... 11 more
2019-10-06 06:20:20,916 [b5140278-da64-4b2c-aedb-8ab830e5d74a@group-93184F4D6E99-LeaderElection86] INFO  impl.LeaderElection (LogUtils.java:infoOrTrace(149)) - b5140278-da64-4b2c-aedb-8ab830e5d74a@group-93184F4D6E99-LeaderElection86 got exception when requesting votes: {}
java.util.concurrent.ExecutionException: org.apache.ratis.thirdparty.io.grpc.StatusRuntimeException: UNAVAILABLE: io exception
	at java.util.concurrent.FutureTask.report(FutureTask.java:122)
	at java.util.concurrent.FutureTask.get(FutureTask.java:192)
	at org.apache.ratis.server.impl.LeaderElection.waitForResults(LeaderElection.java:259)
	at org.apache.ratis.server.impl.LeaderElection.askForVotes(LeaderElection.java:197)
	at org.apache.ratis.server.impl.LeaderElection.run(LeaderElection.java:133)
	at java.lang.Thread.run(Thread.java:748)
Caused by: org.apache.ratis.thirdparty.io.grpc.StatusRuntimeException: UNAVAILABLE: io exception
	at org.apache.ratis.thirdparty.io.grpc.stub.ClientCalls.toStatusRuntimeException(ClientCalls.java:233)
	at org.apache.ratis.thirdparty.io.grpc.stub.ClientCalls.getUnchecked(ClientCalls.java:214)
	at org.apache.ratis.thirdparty.io.grpc.stub.ClientCalls.blockingUnaryCall(ClientCalls.java:139)
	at org.apache.ratis.proto.grpc.RaftServerProtocolServiceGrpc$RaftServerProtocolServiceBlockingStub.requestVote(RaftServerProtocolServiceGrpc.java:265)
	at org.apache.ratis.grpc.server.GrpcServerProtocolClient.requestVote(GrpcServerProtocolClient.java:99)
	at org.apache.ratis.grpc.server.GrpcService.requestVote(GrpcService.java:204)
	at org.apache.ratis.server.impl.LeaderElection.lambda$submitRequests$1(LeaderElection.java:234)
	at java.util.concurrent.FutureTask.run(FutureTask.java:266)
	at java.util.concurrent.Executors$RunnableAdapter.call(Executors.java:511)
	at java.util.concurrent.FutureTask.run(FutureTask.java:266)
	at java.util.concurrent.ThreadPoolExecutor.runWorker(ThreadPoolExecutor.java:1149)
	at java.util.concurrent.ThreadPoolExecutor$Worker.run(ThreadPoolExecutor.java:624)
	... 1 more
Caused by: org.apache.ratis.thirdparty.io.netty.channel.AbstractChannel$AnnotatedConnectException: Connection refused: /192.168.164.217:36649
	at sun.nio.ch.SocketChannelImpl.checkConnect(Native Method)
	at sun.nio.ch.SocketChannelImpl.finishConnect(SocketChannelImpl.java:717)
	at org.apache.ratis.thirdparty.io.netty.channel.socket.nio.NioSocketChannel.doFinishConnect(NioSocketChannel.java:327)
	at org.apache.ratis.thirdparty.io.netty.channel.nio.AbstractNioChannel$AbstractNioUnsafe.finishConnect(AbstractNioChannel.java:340)
	at org.apache.ratis.thirdparty.io.netty.channel.nio.NioEventLoop.processSelectedKey(NioEventLoop.java:632)
	at org.apache.ratis.thirdparty.io.netty.channel.nio.NioEventLoop.processSelectedKeysOptimized(NioEventLoop.java:579)
	at org.apache.ratis.thirdparty.io.netty.channel.nio.NioEventLoop.processSelectedKeys(NioEventLoop.java:496)
	at org.apache.ratis.thirdparty.io.netty.channel.nio.NioEventLoop.run(NioEventLoop.java:458)
	at org.apache.ratis.thirdparty.io.netty.util.concurrent.SingleThreadEventExecutor$5.run(SingleThreadEventExecutor.java:897)
	at org.apache.ratis.thirdparty.io.netty.util.concurrent.FastThreadLocalRunnable.run(FastThreadLocalRunnable.java:30)
	... 1 more
Caused by: java.net.ConnectException: Connection refused
	... 11 more
2019-10-06 06:20:20,919 [b5140278-da64-4b2c-aedb-8ab830e5d74a@group-93184F4D6E99-LeaderElection86] INFO  impl.LeaderElection (LeaderElection.java:logAndReturn(56)) - b5140278-da64-4b2c-aedb-8ab830e5d74a@group-93184F4D6E99-LeaderElection86: Election REJECTED; received 0 response(s) [] and 2 exception(s); b5140278-da64-4b2c-aedb-8ab830e5d74a@group-93184F4D6E99:t3, leader=null, voted=b5140278-da64-4b2c-aedb-8ab830e5d74a, raftlog=b5140278-da64-4b2c-aedb-8ab830e5d74a@group-93184F4D6E99-SegmentedRaftLog:OPENED:c18,f18,i18, conf=0: [f3a61cbf-6fbf-4694-8557-fbf2e6e8faeb:192.168.164.217:44272, d9cd26b1-985e-4dec-adee-0a29c7d0d5c5:192.168.164.217:36649, b5140278-da64-4b2c-aedb-8ab830e5d74a:192.168.164.217:38704], old=null
2019-10-06 06:20:20,919 [b5140278-da64-4b2c-aedb-8ab830e5d74a@group-93184F4D6E99-LeaderElection86] INFO  impl.LeaderElection (LogUtils.java:infoOrTrace(149)) -   Exception 0: {}
java.util.concurrent.ExecutionException: org.apache.ratis.thirdparty.io.grpc.StatusRuntimeException: UNAVAILABLE: io exception
	at java.util.concurrent.FutureTask.report(FutureTask.java:122)
	at java.util.concurrent.FutureTask.get(FutureTask.java:192)
	at org.apache.ratis.server.impl.LeaderElection.waitForResults(LeaderElection.java:259)
	at org.apache.ratis.server.impl.LeaderElection.askForVotes(LeaderElection.java:197)
	at org.apache.ratis.server.impl.LeaderElection.run(LeaderElection.java:133)
	at java.lang.Thread.run(Thread.java:748)
Caused by: org.apache.ratis.thirdparty.io.grpc.StatusRuntimeException: UNAVAILABLE: io exception
	at org.apache.ratis.thirdparty.io.grpc.stub.ClientCalls.toStatusRuntimeException(ClientCalls.java:233)
	at org.apache.ratis.thirdparty.io.grpc.stub.ClientCalls.getUnchecked(ClientCalls.java:214)
	at org.apache.ratis.thirdparty.io.grpc.stub.ClientCalls.blockingUnaryCall(ClientCalls.java:139)
	at org.apache.ratis.proto.grpc.RaftServerProtocolServiceGrpc$RaftServerProtocolServiceBlockingStub.requestVote(RaftServerProtocolServiceGrpc.java:265)
	at org.apache.ratis.grpc.server.GrpcServerProtocolClient.requestVote(GrpcServerProtocolClient.java:99)
	at org.apache.ratis.grpc.server.GrpcService.requestVote(GrpcService.java:204)
	at org.apache.ratis.server.impl.LeaderElection.lambda$submitRequests$1(LeaderElection.java:234)
	at java.util.concurrent.FutureTask.run(FutureTask.java:266)
	at java.util.concurrent.Executors$RunnableAdapter.call(Executors.java:511)
	at java.util.concurrent.FutureTask.run(FutureTask.java:266)
	at java.util.concurrent.ThreadPoolExecutor.runWorker(ThreadPoolExecutor.java:1149)
	at java.util.concurrent.ThreadPoolExecutor$Worker.run(ThreadPoolExecutor.java:624)
	... 1 more
Caused by: org.apache.ratis.thirdparty.io.netty.channel.AbstractChannel$AnnotatedConnectException: Connection refused: /192.168.164.217:44272
	at sun.nio.ch.SocketChannelImpl.checkConnect(Native Method)
	at sun.nio.ch.SocketChannelImpl.finishConnect(SocketChannelImpl.java:717)
	at org.apache.ratis.thirdparty.io.netty.channel.socket.nio.NioSocketChannel.doFinishConnect(NioSocketChannel.java:327)
	at org.apache.ratis.thirdparty.io.netty.channel.nio.AbstractNioChannel$AbstractNioUnsafe.finishConnect(AbstractNioChannel.java:340)
	at org.apache.ratis.thirdparty.io.netty.channel.nio.NioEventLoop.processSelectedKey(NioEventLoop.java:632)
	at org.apache.ratis.thirdparty.io.netty.channel.nio.NioEventLoop.processSelectedKeysOptimized(NioEventLoop.java:579)
	at org.apache.ratis.thirdparty.io.netty.channel.nio.NioEventLoop.processSelectedKeys(NioEventLoop.java:496)
	at org.apache.ratis.thirdparty.io.netty.channel.nio.NioEventLoop.run(NioEventLoop.java:458)
	at org.apache.ratis.thirdparty.io.netty.util.concurrent.SingleThreadEventExecutor$5.run(SingleThreadEventExecutor.java:897)
	at org.apache.ratis.thirdparty.io.netty.util.concurrent.FastThreadLocalRunnable.run(FastThreadLocalRunnable.java:30)
	... 1 more
Caused by: java.net.ConnectException: Connection refused
	... 11 more
2019-10-06 06:20:20,919 [b5140278-da64-4b2c-aedb-8ab830e5d74a@group-93184F4D6E99-LeaderElection86] INFO  impl.LeaderElection (LogUtils.java:infoOrTrace(149)) -   Exception 1: {}
java.util.concurrent.ExecutionException: org.apache.ratis.thirdparty.io.grpc.StatusRuntimeException: UNAVAILABLE: io exception
	at java.util.concurrent.FutureTask.report(FutureTask.java:122)
	at java.util.concurrent.FutureTask.get(FutureTask.java:192)
	at org.apache.ratis.server.impl.LeaderElection.waitForResults(LeaderElection.java:259)
	at org.apache.ratis.server.impl.LeaderElection.askForVotes(LeaderElection.java:197)
	at org.apache.ratis.server.impl.LeaderElection.run(LeaderElection.java:133)
	at java.lang.Thread.run(Thread.java:748)
Caused by: org.apache.ratis.thirdparty.io.grpc.StatusRuntimeException: UNAVAILABLE: io exception
	at org.apache.ratis.thirdparty.io.grpc.stub.ClientCalls.toStatusRuntimeException(ClientCalls.java:233)
	at org.apache.ratis.thirdparty.io.grpc.stub.ClientCalls.getUnchecked(ClientCalls.java:214)
	at org.apache.ratis.thirdparty.io.grpc.stub.ClientCalls.blockingUnaryCall(ClientCalls.java:139)
	at org.apache.ratis.proto.grpc.RaftServerProtocolServiceGrpc$RaftServerProtocolServiceBlockingStub.requestVote(RaftServerProtocolServiceGrpc.java:265)
	at org.apache.ratis.grpc.server.GrpcServerProtocolClient.requestVote(GrpcServerProtocolClient.java:99)
	at org.apache.ratis.grpc.server.GrpcService.requestVote(GrpcService.java:204)
	at org.apache.ratis.server.impl.LeaderElection.lambda$submitRequests$1(LeaderElection.java:234)
	at java.util.concurrent.FutureTask.run(FutureTask.java:266)
	at java.util.concurrent.Executors$RunnableAdapter.call(Executors.java:511)
	at java.util.concurrent.FutureTask.run(FutureTask.java:266)
	at java.util.concurrent.ThreadPoolExecutor.runWorker(ThreadPoolExecutor.java:1149)
	at java.util.concurrent.ThreadPoolExecutor$Worker.run(ThreadPoolExecutor.java:624)
	... 1 more
Caused by: org.apache.ratis.thirdparty.io.netty.channel.AbstractChannel$AnnotatedConnectException: Connection refused: /192.168.164.217:36649
	at sun.nio.ch.SocketChannelImpl.checkConnect(Native Method)
	at sun.nio.ch.SocketChannelImpl.finishConnect(SocketChannelImpl.java:717)
	at org.apache.ratis.thirdparty.io.netty.channel.socket.nio.NioSocketChannel.doFinishConnect(NioSocketChannel.java:327)
	at org.apache.ratis.thirdparty.io.netty.channel.nio.AbstractNioChannel$AbstractNioUnsafe.finishConnect(AbstractNioChannel.java:340)
	at org.apache.ratis.thirdparty.io.netty.channel.nio.NioEventLoop.processSelectedKey(NioEventLoop.java:632)
	at org.apache.ratis.thirdparty.io.netty.channel.nio.NioEventLoop.processSelectedKeysOptimized(NioEventLoop.java:579)
	at org.apache.ratis.thirdparty.io.netty.channel.nio.NioEventLoop.processSelectedKeys(NioEventLoop.java:496)
	at org.apache.ratis.thirdparty.io.netty.channel.nio.NioEventLoop.run(NioEventLoop.java:458)
	at org.apache.ratis.thirdparty.io.netty.util.concurrent.SingleThreadEventExecutor$5.run(SingleThreadEventExecutor.java:897)
	at org.apache.ratis.thirdparty.io.netty.util.concurrent.FastThreadLocalRunnable.run(FastThreadLocalRunnable.java:30)
	... 1 more
Caused by: java.net.ConnectException: Connection refused
	... 11 more
2019-10-06 06:20:20,920 [b5140278-da64-4b2c-aedb-8ab830e5d74a@group-93184F4D6E99-LeaderElection86] INFO  impl.RaftServerImpl (RaftServerImpl.java:setRole(170)) - b5140278-da64-4b2c-aedb-8ab830e5d74a@group-93184F4D6E99: changes role from CANDIDATE to FOLLOWER at term 3 for DISCOVERED_A_NEW_TERM
2019-10-06 06:20:20,920 [b5140278-da64-4b2c-aedb-8ab830e5d74a@group-93184F4D6E99-LeaderElection86] INFO  impl.RoleInfo (RoleInfo.java:shutdownLeaderElection(134)) - b5140278-da64-4b2c-aedb-8ab830e5d74a: shutdown LeaderElection
2019-10-06 06:20:20,920 [b5140278-da64-4b2c-aedb-8ab830e5d74a@group-93184F4D6E99-LeaderElection86] INFO  impl.RoleInfo (RoleInfo.java:updateAndGet(143)) - b5140278-da64-4b2c-aedb-8ab830e5d74a: start FollowerState
2019-10-06 06:20:21,064 [main] INFO  ozoneimpl.OzoneContainer (OzoneContainer.java:stop(231)) - Attempting to stop container services.
2019-10-06 06:20:21,066 [main] INFO  impl.RaftServerProxy (RaftServerProxy.java:lambda$close$4(314)) - b5140278-da64-4b2c-aedb-8ab830e5d74a: close
2019-10-06 06:20:21,066 [main] INFO  impl.RaftServerImpl (RaftServerImpl.java:lambda$shutdown$3(247)) - b5140278-da64-4b2c-aedb-8ab830e5d74a@group-93184F4D6E99: shutdown
2019-10-06 06:20:21,067 [main] INFO  util.JmxRegister (JmxRegister.java:unregister(73)) - Successfully un-registered JMX Bean with object name Ratis:service=RaftServer,group=group-93184F4D6E99,id=b5140278-da64-4b2c-aedb-8ab830e5d74a
2019-10-06 06:20:21,067 [main] INFO  impl.RoleInfo (RoleInfo.java:shutdownFollowerState(121)) - b5140278-da64-4b2c-aedb-8ab830e5d74a: shutdown FollowerState
2019-10-06 06:20:21,067 [main] INFO  impl.StateMachineUpdater (StateMachineUpdater.java:stopAndJoin(136)) - b5140278-da64-4b2c-aedb-8ab830e5d74a@group-93184F4D6E99-StateMachineUpdater: set stopIndex = 18
2019-10-06 06:20:21,067 [b5140278-da64-4b2c-aedb-8ab830e5d74a@group-93184F4D6E99-StateMachineUpdater] INFO  ratis.ContainerStateMachine (ContainerStateMachine.java:takeSnapshot(293)) - group-93184F4D6E99: Taking a snapshot at:(t:1, i:17) file /workdir/hadoop-ozone/integration-test/target/test-dir/MiniOzoneClusterImpl-efd31f5e-5046-467b-a5e6-3c9a329b9d05/datanode-5/data/ratis/662f2256-fcf8-42b2-8e9a-93184f4d6e99/sm/snapshot.1_17
2019-10-06 06:20:21,067 [Thread-3305] INFO  impl.FollowerState (FollowerState.java:run(117)) - b5140278-da64-4b2c-aedb-8ab830e5d74a@group-93184F4D6E99-FollowerState was interrupted: java.lang.InterruptedException: sleep interrupted
2019-10-06 06:20:21,080 [b5140278-da64-4b2c-aedb-8ab830e5d74a@group-93184F4D6E99-StateMachineUpdater] INFO  ratis.ContainerStateMachine (ContainerStateMachine.java:takeSnapshot(304)) - group-93184F4D6E99: Finished taking a snapshot at:(t:1, i:17) file:/workdir/hadoop-ozone/integration-test/target/test-dir/MiniOzoneClusterImpl-efd31f5e-5046-467b-a5e6-3c9a329b9d05/datanode-5/data/ratis/662f2256-fcf8-42b2-8e9a-93184f4d6e99/sm/snapshot.1_17 time:13
2019-10-06 06:20:21,081 [b5140278-da64-4b2c-aedb-8ab830e5d74a@group-93184F4D6E99-StateMachineUpdater] INFO  impl.StateMachineUpdater (StateMachineUpdater.java:takeSnapshot(269)) - b5140278-da64-4b2c-aedb-8ab830e5d74a@group-93184F4D6E99-StateMachineUpdater: Took a snapshot at index 17
2019-10-06 06:20:21,081 [b5140278-da64-4b2c-aedb-8ab830e5d74a@group-93184F4D6E99-StateMachineUpdater] INFO  impl.StateMachineUpdater (StateMachineUpdater.java:lambda$new$0(84)) - b5140278-da64-4b2c-aedb-8ab830e5d74a@group-93184F4D6E99-StateMachineUpdater: snapshotIndex: updateIncreasingly -1 -> 17
2019-10-06 06:20:21,081 [b5140278-da64-4b2c-aedb-8ab830e5d74a@group-93184F4D6E99-StateMachineUpdater] INFO  ratis.ContainerStateMachine (ContainerStateMachine.java:takeSnapshot(293)) - group-93184F4D6E99: Taking a snapshot at:(t:1, i:17) file /workdir/hadoop-ozone/integration-test/target/test-dir/MiniOzoneClusterImpl-efd31f5e-5046-467b-a5e6-3c9a329b9d05/datanode-5/data/ratis/662f2256-fcf8-42b2-8e9a-93184f4d6e99/sm/snapshot.1_17
2019-10-06 06:20:21,106 [b5140278-da64-4b2c-aedb-8ab830e5d74a@group-93184F4D6E99-StateMachineUpdater] INFO  ratis.ContainerStateMachine (ContainerStateMachine.java:takeSnapshot(304)) - group-93184F4D6E99: Finished taking a snapshot at:(t:1, i:17) file:/workdir/hadoop-ozone/integration-test/target/test-dir/MiniOzoneClusterImpl-efd31f5e-5046-467b-a5e6-3c9a329b9d05/datanode-5/data/ratis/662f2256-fcf8-42b2-8e9a-93184f4d6e99/sm/snapshot.1_17 time:25
2019-10-06 06:20:21,107 [b5140278-da64-4b2c-aedb-8ab830e5d74a@group-93184F4D6E99-StateMachineUpdater] INFO  impl.StateMachineUpdater (StateMachineUpdater.java:takeSnapshot(269)) - b5140278-da64-4b2c-aedb-8ab830e5d74a@group-93184F4D6E99-StateMachineUpdater: Took a snapshot at index 17
2019-10-06 06:20:21,107 [b5140278-da64-4b2c-aedb-8ab830e5d74a@group-93184F4D6E99-StateMachineUpdater] INFO  impl.StateMachineUpdater (StateMachineUpdater.java:lambda$new$0(84)) - b5140278-da64-4b2c-aedb-8ab830e5d74a@group-93184F4D6E99-StateMachineUpdater: snapshotIndex: updateIncreasingly 17 -> 17
2019-10-06 06:20:21,107 [main] INFO  impl.RaftServerImpl (ServerState.java:close(387)) - b5140278-da64-4b2c-aedb-8ab830e5d74a@group-93184F4D6E99: closes. applyIndex: 18
2019-10-06 06:20:21,107 [b5140278-da64-4b2c-aedb-8ab830e5d74a@group-93184F4D6E99-SegmentedRaftLogWorker] INFO  segmented.SegmentedRaftLogWorker (SegmentedRaftLogWorker.java:run(316)) - b5140278-da64-4b2c-aedb-8ab830e5d74a@group-93184F4D6E99-SegmentedRaftLogWorker was interrupted, exiting. There are 0 tasks remaining in the queue.
2019-10-06 06:20:21,109 [main] INFO  segmented.SegmentedRaftLogWorker (SegmentedRaftLogWorker.java:close(224)) - b5140278-da64-4b2c-aedb-8ab830e5d74a@group-93184F4D6E99-SegmentedRaftLogWorker close()
2019-10-06 06:20:21,122 [main] INFO  impl.RaftServerImpl (RaftServerImpl.java:lambda$shutdown$3(247)) - b5140278-da64-4b2c-aedb-8ab830e5d74a@group-3A8B86A78A52: shutdown
2019-10-06 06:20:21,122 [main] INFO  util.JmxRegister (JmxRegister.java:unregister(73)) - Successfully un-registered JMX Bean with object name Ratis:service=RaftServer,group=group-3A8B86A78A52,id=b5140278-da64-4b2c-aedb-8ab830e5d74a
2019-10-06 06:20:21,122 [main] INFO  impl.RoleInfo (RoleInfo.java:shutdownLeaderState(104)) - b5140278-da64-4b2c-aedb-8ab830e5d74a: shutdown LeaderState
2019-10-06 06:20:21,122 [main] INFO  impl.PendingRequests (PendingRequests.java:sendNotLeaderResponses(202)) - b5140278-da64-4b2c-aedb-8ab830e5d74a@group-3A8B86A78A52-PendingRequests: sendNotLeaderResponses
2019-10-06 06:20:21,123 [main] INFO  impl.StateMachineUpdater (StateMachineUpdater.java:stopAndJoin(136)) - b5140278-da64-4b2c-aedb-8ab830e5d74a@group-3A8B86A78A52-StateMachineUpdater: set stopIndex = 0
2019-10-06 06:20:21,123 [main] INFO  impl.RaftServerImpl (ServerState.java:close(387)) - b5140278-da64-4b2c-aedb-8ab830e5d74a@group-3A8B86A78A52: closes. applyIndex: 0
2019-10-06 06:20:21,123 [b5140278-da64-4b2c-aedb-8ab830e5d74a@group-3A8B86A78A52-SegmentedRaftLogWorker] INFO  segmented.SegmentedRaftLogWorker (SegmentedRaftLogWorker.java:run(316)) - b5140278-da64-4b2c-aedb-8ab830e5d74a@group-3A8B86A78A52-SegmentedRaftLogWorker was interrupted, exiting. There are 0 tasks remaining in the queue.
2019-10-06 06:20:21,124 [main] INFO  segmented.SegmentedRaftLogWorker (SegmentedRaftLogWorker.java:close(224)) - b5140278-da64-4b2c-aedb-8ab830e5d74a@group-3A8B86A78A52-SegmentedRaftLogWorker close()
2019-10-06 06:20:21,125 [main] INFO  server.GrpcService (GrpcService.java:closeImpl(164)) - b5140278-da64-4b2c-aedb-8ab830e5d74a: shutdown server with port 38704 now
2019-10-06 06:20:21,126 [main] INFO  server.GrpcService (GrpcService.java:closeImpl(172)) - b5140278-da64-4b2c-aedb-8ab830e5d74a: shutdown server with port 38704 successfully
2019-10-06 06:20:21,128 [refreshUsed-/workdir/hadoop-ozone/integration-test/target/test-dir/MiniOzoneClusterImpl-efd31f5e-5046-467b-a5e6-3c9a329b9d05/datanode-5/data/containers] WARN  fs.CachingGetSpaceUsed (CachingGetSpaceUsed.java:run(183)) - Thread Interrupted waiting to refresh disk information: sleep interrupted
2019-10-06 06:20:21,143 [main] INFO  utils.BackgroundService (BackgroundService.java:shutdown(148)) - Shutting down service BlockDeletingService
2019-10-06 06:20:21,146 [main] INFO  statemachine.DatanodeStateMachine (DatanodeStateMachine.java:stopDaemon(395)) - Ozone container server stopped.
2019-10-06 06:20:21,148 [main] INFO  handler.ContextHandler (ContextHandler.java:doStop(910)) - Stopped o.e.j.w.WebAppContext@4d69d288{/,null,UNAVAILABLE}{/hddsDatanode}
2019-10-06 06:20:21,149 [main] INFO  server.AbstractConnector (AbstractConnector.java:doStop(318)) - Stopped ServerConnector@437281c5{HTTP/1.1,[http/1.1]}{0.0.0.0:0}
2019-10-06 06:20:21,149 [main] INFO  handler.ContextHandler (ContextHandler.java:doStop(910)) - Stopped o.e.j.s.ServletContextHandler@2becfd4c{/static,jar:file:/home/user/.m2/repository/org/apache/hadoop/hadoop-hdds-container-service/0.5.0-SNAPSHOT/hadoop-hdds-container-service-0.5.0-SNAPSHOT.jar!/webapps/static,UNAVAILABLE}
2019-10-06 06:20:21,149 [ForkJoinPool.commonPool-worker-0] INFO  ozoneimpl.OzoneContainer (OzoneContainer.java:stop(231)) - Attempting to stop container services.
2019-10-06 06:20:21,150 [main] INFO  handler.ContextHandler (ContextHandler.java:doStop(910)) - Stopped o.e.j.s.ServletContextHandler@38811103{/logs,file:///workdir/hadoop-ozone/integration-test/target/log,UNAVAILABLE}
2019-10-06 06:20:21,150 [ForkJoinPool.commonPool-worker-0] INFO  impl.RaftServerProxy (RaftServerProxy.java:lambda$close$4(314)) - da6e0ba0-5177-4cde-b4b7-39822dda109b: close
2019-10-06 06:20:21,150 [ForkJoinPool.commonPool-worker-0] INFO  impl.RaftServerImpl (RaftServerImpl.java:lambda$shutdown$3(247)) - da6e0ba0-5177-4cde-b4b7-39822dda109b@group-BFDADAAB0F7A: shutdown
2019-10-06 06:20:21,151 [ForkJoinPool.commonPool-worker-0] INFO  util.JmxRegister (JmxRegister.java:unregister(73)) - Successfully un-registered JMX Bean with object name Ratis:service=RaftServer,group=group-BFDADAAB0F7A,id=da6e0ba0-5177-4cde-b4b7-39822dda109b
2019-10-06 06:20:21,151 [ForkJoinPool.commonPool-worker-0] INFO  impl.RoleInfo (RoleInfo.java:shutdownLeaderState(104)) - da6e0ba0-5177-4cde-b4b7-39822dda109b: shutdown LeaderState
2019-10-06 06:20:21,152 [ForkJoinPool.commonPool-worker-0] INFO  impl.PendingRequests (PendingRequests.java:sendNotLeaderResponses(202)) - da6e0ba0-5177-4cde-b4b7-39822dda109b@group-BFDADAAB0F7A-PendingRequests: sendNotLeaderResponses
2019-10-06 06:20:21,152 [ForkJoinPool.commonPool-worker-0] INFO  impl.StateMachineUpdater (StateMachineUpdater.java:stopAndJoin(136)) - da6e0ba0-5177-4cde-b4b7-39822dda109b@group-BFDADAAB0F7A-StateMachineUpdater: set stopIndex = 0
2019-10-06 06:20:21,152 [ForkJoinPool.commonPool-worker-0] INFO  impl.RaftServerImpl (ServerState.java:close(387)) - da6e0ba0-5177-4cde-b4b7-39822dda109b@group-BFDADAAB0F7A: closes. applyIndex: 0
2019-10-06 06:20:21,153 [da6e0ba0-5177-4cde-b4b7-39822dda109b@group-BFDADAAB0F7A-SegmentedRaftLogWorker] INFO  segmented.SegmentedRaftLogWorker (SegmentedRaftLogWorker.java:run(316)) - da6e0ba0-5177-4cde-b4b7-39822dda109b@group-BFDADAAB0F7A-SegmentedRaftLogWorker was interrupted, exiting. There are 0 tasks remaining in the queue.
2019-10-06 06:20:21,153 [ForkJoinPool.commonPool-worker-0] INFO  segmented.SegmentedRaftLogWorker (SegmentedRaftLogWorker.java:close(224)) - da6e0ba0-5177-4cde-b4b7-39822dda109b@group-BFDADAAB0F7A-SegmentedRaftLogWorker close()
2019-10-06 06:20:21,154 [ForkJoinPool.commonPool-worker-0] INFO  impl.RaftServerImpl (RaftServerImpl.java:lambda$shutdown$3(247)) - da6e0ba0-5177-4cde-b4b7-39822dda109b@group-0FC2B571AED8: shutdown
2019-10-06 06:20:21,154 [ForkJoinPool.commonPool-worker-0] INFO  util.JmxRegister (JmxRegister.java:unregister(73)) - Successfully un-registered JMX Bean with object name Ratis:service=RaftServer,group=group-0FC2B571AED8,id=da6e0ba0-5177-4cde-b4b7-39822dda109b
2019-10-06 06:20:21,155 [ForkJoinPool.commonPool-worker-0] INFO  impl.RoleInfo (RoleInfo.java:shutdownFollowerState(121)) - da6e0ba0-5177-4cde-b4b7-39822dda109b: shutdown FollowerState
2019-10-06 06:20:21,155 [ForkJoinPool.commonPool-worker-0] INFO  impl.StateMachineUpdater (StateMachineUpdater.java:stopAndJoin(136)) - da6e0ba0-5177-4cde-b4b7-39822dda109b@group-0FC2B571AED8-StateMachineUpdater: set stopIndex = 15
2019-10-06 06:20:21,155 [da6e0ba0-5177-4cde-b4b7-39822dda109b@group-0FC2B571AED8-StateMachineUpdater] INFO  ratis.ContainerStateMachine (ContainerStateMachine.java:takeSnapshot(293)) - group-0FC2B571AED8: Taking a snapshot at:(t:1, i:13) file /workdir/hadoop-ozone/integration-test/target/test-dir/MiniOzoneClusterImpl-efd31f5e-5046-467b-a5e6-3c9a329b9d05/datanode-0/data/ratis/29e0806c-adad-4b33-84ef-0fc2b571aed8/sm/snapshot.1_13
2019-10-06 06:20:21,155 [Thread-3133] INFO  impl.FollowerState (FollowerState.java:run(117)) - da6e0ba0-5177-4cde-b4b7-39822dda109b@group-0FC2B571AED8-FollowerState was interrupted: java.lang.InterruptedException: sleep interrupted
2019-10-06 06:20:21,172 [da6e0ba0-5177-4cde-b4b7-39822dda109b@group-0FC2B571AED8-StateMachineUpdater] INFO  ratis.ContainerStateMachine (ContainerStateMachine.java:takeSnapshot(304)) - group-0FC2B571AED8: Finished taking a snapshot at:(t:1, i:13) file:/workdir/hadoop-ozone/integration-test/target/test-dir/MiniOzoneClusterImpl-efd31f5e-5046-467b-a5e6-3c9a329b9d05/datanode-0/data/ratis/29e0806c-adad-4b33-84ef-0fc2b571aed8/sm/snapshot.1_13 time:17
2019-10-06 06:20:21,172 [da6e0ba0-5177-4cde-b4b7-39822dda109b@group-0FC2B571AED8-StateMachineUpdater] INFO  impl.StateMachineUpdater (StateMachineUpdater.java:takeSnapshot(269)) - da6e0ba0-5177-4cde-b4b7-39822dda109b@group-0FC2B571AED8-StateMachineUpdater: Took a snapshot at index 13
2019-10-06 06:20:21,172 [da6e0ba0-5177-4cde-b4b7-39822dda109b@group-0FC2B571AED8-StateMachineUpdater] INFO  impl.StateMachineUpdater (StateMachineUpdater.java:lambda$new$0(84)) - da6e0ba0-5177-4cde-b4b7-39822dda109b@group-0FC2B571AED8-StateMachineUpdater: snapshotIndex: updateIncreasingly -1 -> 13
2019-10-06 06:20:21,172 [da6e0ba0-5177-4cde-b4b7-39822dda109b@group-0FC2B571AED8-StateMachineUpdater] INFO  ratis.ContainerStateMachine (ContainerStateMachine.java:takeSnapshot(293)) - group-0FC2B571AED8: Taking a snapshot at:(t:1, i:13) file /workdir/hadoop-ozone/integration-test/target/test-dir/MiniOzoneClusterImpl-efd31f5e-5046-467b-a5e6-3c9a329b9d05/datanode-0/data/ratis/29e0806c-adad-4b33-84ef-0fc2b571aed8/sm/snapshot.1_13
2019-10-06 06:20:21,184 [da6e0ba0-5177-4cde-b4b7-39822dda109b@group-0FC2B571AED8-StateMachineUpdater] INFO  ratis.ContainerStateMachine (ContainerStateMachine.java:takeSnapshot(304)) - group-0FC2B571AED8: Finished taking a snapshot at:(t:1, i:13) file:/workdir/hadoop-ozone/integration-test/target/test-dir/MiniOzoneClusterImpl-efd31f5e-5046-467b-a5e6-3c9a329b9d05/datanode-0/data/ratis/29e0806c-adad-4b33-84ef-0fc2b571aed8/sm/snapshot.1_13 time:12
2019-10-06 06:20:21,184 [da6e0ba0-5177-4cde-b4b7-39822dda109b@group-0FC2B571AED8-StateMachineUpdater] INFO  impl.StateMachineUpdater (StateMachineUpdater.java:takeSnapshot(269)) - da6e0ba0-5177-4cde-b4b7-39822dda109b@group-0FC2B571AED8-StateMachineUpdater: Took a snapshot at index 13
2019-10-06 06:20:21,184 [da6e0ba0-5177-4cde-b4b7-39822dda109b@group-0FC2B571AED8-StateMachineUpdater] INFO  impl.StateMachineUpdater (StateMachineUpdater.java:lambda$new$0(84)) - da6e0ba0-5177-4cde-b4b7-39822dda109b@group-0FC2B571AED8-StateMachineUpdater: snapshotIndex: updateIncreasingly 13 -> 13
2019-10-06 06:20:21,185 [ForkJoinPool.commonPool-worker-0] INFO  impl.RaftServerImpl (ServerState.java:close(387)) - da6e0ba0-5177-4cde-b4b7-39822dda109b@group-0FC2B571AED8: closes. applyIndex: 15
2019-10-06 06:20:21,185 [da6e0ba0-5177-4cde-b4b7-39822dda109b@group-0FC2B571AED8-SegmentedRaftLogWorker] INFO  segmented.SegmentedRaftLogWorker (SegmentedRaftLogWorker.java:run(316)) - da6e0ba0-5177-4cde-b4b7-39822dda109b@group-0FC2B571AED8-SegmentedRaftLogWorker was interrupted, exiting. There are 0 tasks remaining in the queue.
2019-10-06 06:20:21,185 [ForkJoinPool.commonPool-worker-0] INFO  segmented.SegmentedRaftLogWorker (SegmentedRaftLogWorker.java:close(224)) - da6e0ba0-5177-4cde-b4b7-39822dda109b@group-0FC2B571AED8-SegmentedRaftLogWorker close()
2019-10-06 06:20:21,186 [ForkJoinPool.commonPool-worker-0] INFO  server.GrpcService (GrpcService.java:closeImpl(164)) - da6e0ba0-5177-4cde-b4b7-39822dda109b: shutdown server with port 38044 now
2019-10-06 06:20:21,186 [ForkJoinPool.commonPool-worker-0] INFO  server.GrpcService (GrpcService.java:closeImpl(172)) - da6e0ba0-5177-4cde-b4b7-39822dda109b: shutdown server with port 38044 successfully
2019-10-06 06:20:21,189 [refreshUsed-/workdir/hadoop-ozone/integration-test/target/test-dir/MiniOzoneClusterImpl-efd31f5e-5046-467b-a5e6-3c9a329b9d05/datanode-0/data/containers] WARN  fs.CachingGetSpaceUsed (CachingGetSpaceUsed.java:run(183)) - Thread Interrupted waiting to refresh disk information: sleep interrupted
2019-10-06 06:20:21,203 [ForkJoinPool.commonPool-worker-0] INFO  utils.BackgroundService (BackgroundService.java:shutdown(148)) - Shutting down service BlockDeletingService
2019-10-06 06:20:21,205 [ForkJoinPool.commonPool-worker-0] INFO  statemachine.DatanodeStateMachine (DatanodeStateMachine.java:stopDaemon(395)) - Ozone container server stopped.
2019-10-06 06:20:21,208 [ForkJoinPool.commonPool-worker-0] INFO  handler.ContextHandler (ContextHandler.java:doStop(910)) - Stopped o.e.j.w.WebAppContext@7ceb6c45{/,null,UNAVAILABLE}{/hddsDatanode}
2019-10-06 06:20:21,209 [ForkJoinPool.commonPool-worker-0] INFO  server.AbstractConnector (AbstractConnector.java:doStop(318)) - Stopped ServerConnector@629075f4{HTTP/1.1,[http/1.1]}{0.0.0.0:0}
2019-10-06 06:20:21,210 [ForkJoinPool.commonPool-worker-0] INFO  handler.ContextHandler (ContextHandler.java:doStop(910)) - Stopped o.e.j.s.ServletContextHandler@4a22e4d7{/static,jar:file:/home/user/.m2/repository/org/apache/hadoop/hadoop-hdds-container-service/0.5.0-SNAPSHOT/hadoop-hdds-container-service-0.5.0-SNAPSHOT.jar!/webapps/static,UNAVAILABLE}
2019-10-06 06:20:21,211 [ForkJoinPool.commonPool-worker-0] INFO  handler.ContextHandler (ContextHandler.java:doStop(910)) - Stopped o.e.j.s.ServletContextHandler@10817f46{/logs,file:///workdir/hadoop-ozone/integration-test/target/log,UNAVAILABLE}
2019-10-06 06:20:21,212 [main] INFO  ozone.MiniOzoneClusterImpl (MiniOzoneClusterImpl.java:stopSCM(392)) - Stopping the StorageContainerManager
2019-10-06 06:20:21,212 [main] INFO  server.StorageContainerManager (StorageContainerManager.java:stop(808)) - Stopping Replication Manager Service.
2019-10-06 06:20:21,212 [main] INFO  container.ReplicationManager (ReplicationManager.java:stop(203)) - Stopping Replication Monitor Thread.
2019-10-06 06:20:21,212 [main] INFO  server.StorageContainerManager (StorageContainerManager.java:stop(815)) - Stopping Lease Manager of the command watchers
2019-10-06 06:20:21,212 [main] INFO  server.StorageContainerManager (StorageContainerManager.java:stop(822)) - Stopping datanode service RPC server
2019-10-06 06:20:21,213 [main] INFO  server.SCMDatanodeProtocolServer (SCMDatanodeProtocolServer.java:stop(346)) - Stopping the RPC server for DataNodes
2019-10-06 06:20:21,213 [main] INFO  ipc.Server (Server.java:stop(3082)) - Stopping server on 39859
2019-10-06 06:20:21,215 [IPC Server listener on 39859] INFO  ipc.Server (Server.java:run(1185)) - Stopping IPC Server listener on 39859
2019-10-06 06:20:21,215 [IPC Server Responder] INFO  ipc.Server (Server.java:run(1319)) - Stopping IPC Server Responder
2019-10-06 06:20:21,293 [SCM Heartbeat Processing Thread - 0] WARN  node.NodeStateManager (NodeStateManager.java:scheduleNextHealthCheck(646)) - Current Thread is interrupted, shutting down HB processing thread for Node Manager.
2019-10-06 06:20:21,293 [main] INFO  server.StorageContainerManager (StorageContainerManager.java:stop(830)) - Stopping block service RPC server
2019-10-06 06:20:21,293 [main] INFO  server.SCMBlockProtocolServer (SCMBlockProtocolServer.java:stop(155)) - Stopping the RPC server for Block Protocol
2019-10-06 06:20:21,293 [main] INFO  ipc.Server (Server.java:stop(3082)) - Stopping server on 44012
2019-10-06 06:20:21,295 [IPC Server listener on 44012] INFO  ipc.Server (Server.java:run(1185)) - Stopping IPC Server listener on 44012
2019-10-06 06:20:21,295 [main] INFO  server.StorageContainerManager (StorageContainerManager.java:stop(837)) - Stopping the StorageContainerLocationProtocol RPC server
2019-10-06 06:20:21,296 [IPC Server Responder] INFO  ipc.Server (Server.java:run(1319)) - Stopping IPC Server Responder
2019-10-06 06:20:21,298 [main] INFO  server.SCMClientProtocolServer (SCMClientProtocolServer.java:stop(168)) - Stopping the RPC server for Client Protocol
2019-10-06 06:20:21,298 [main] INFO  ipc.Server (Server.java:stop(3082)) - Stopping server on 36682
2019-10-06 06:20:21,300 [IPC Server listener on 36682] INFO  ipc.Server (Server.java:run(1185)) - Stopping IPC Server listener on 36682
2019-10-06 06:20:21,300 [main] INFO  server.StorageContainerManager (StorageContainerManager.java:stop(844)) - Stopping Storage Container Manager HTTP server.
2019-10-06 06:20:21,300 [IPC Server Responder] INFO  ipc.Server (Server.java:run(1319)) - Stopping IPC Server Responder
2019-10-06 06:20:21,303 [main] INFO  handler.ContextHandler (ContextHandler.java:doStop(910)) - Stopped o.e.j.w.WebAppContext@5b48f0f4{/,null,UNAVAILABLE}{/scm}
2019-10-06 06:20:21,303 [main] INFO  server.AbstractConnector (AbstractConnector.java:doStop(318)) - Stopped ServerConnector@546ed2a0{HTTP/1.1,[http/1.1]}{0.0.0.0:0}
2019-10-06 06:20:21,303 [main] INFO  handler.ContextHandler (ContextHandler.java:doStop(910)) - Stopped o.e.j.s.ServletContextHandler@5111de7c{/static,file:///workdir/hadoop-ozone/integration-test/target/test-classes/webapps/static,UNAVAILABLE}
2019-10-06 06:20:21,304 [main] INFO  handler.ContextHandler (ContextHandler.java:doStop(910)) - Stopped o.e.j.s.ServletContextHandler@740b9a50{/logs,file:///workdir/hadoop-ozone/integration-test/target/log,UNAVAILABLE}
2019-10-06 06:20:21,304 [main] INFO  server.StorageContainerManager (StorageContainerManager.java:stop(855)) - Stopping Block Manager Service.
2019-10-06 06:20:21,305 [main] INFO  utils.BackgroundService (BackgroundService.java:shutdown(148)) - Shutting down service SCMBlockDeletingService
2019-10-06 06:20:21,305 [main] INFO  utils.BackgroundService (BackgroundService.java:shutdown(148)) - Shutting down service SCMBlockDeletingService
2019-10-06 06:20:21,305 [main] INFO  server.StorageContainerManager (StorageContainerManager.java:stop(877)) - Stopping SCM Event Queue.
2019-10-06 06:20:21,309 [main] INFO  impl.MetricsSystemImpl (MetricsSystemImpl.java:stop(210)) - Stopping HddsDatanode metrics system...
2019-10-06 06:20:21,341 [main] INFO  impl.MetricsSystemImpl (MetricsSystemImpl.java:stop(216)) - HddsDatanode metrics system stopped.
]]></system-out>
    <system-err><![CDATA[Oct 06, 2019 6:20:00 AM org.apache.ratis.thirdparty.io.grpc.internal.SerializingExecutor run
SEVERE: Exception while executing runnable org.apache.ratis.thirdparty.io.grpc.internal.ServerImpl$JumpToApplicationThreadServerStreamListener$1Closed@55ad1323
org.apache.ratis.thirdparty.io.grpc.StatusRuntimeException: CANCELLED: call already cancelled
	at org.apache.ratis.thirdparty.io.grpc.Status.asRuntimeException(Status.java:517)
	at org.apache.ratis.thirdparty.io.grpc.stub.ServerCalls$ServerCallStreamObserverImpl.onCompleted(ServerCalls.java:356)
	at org.apache.ratis.grpc.server.GrpcServerProtocolService$ServerRequestStreamObserver.onError(GrpcServerProtocolService.java:121)
	at org.apache.ratis.thirdparty.io.grpc.stub.ServerCalls$StreamingServerCallHandler$StreamingServerCallListener.onCancel(ServerCalls.java:269)
	at org.apache.ratis.thirdparty.io.grpc.internal.ServerCallImpl$ServerStreamListenerImpl.closed(ServerCallImpl.java:293)
	at org.apache.ratis.thirdparty.io.grpc.internal.ServerImpl$JumpToApplicationThreadServerStreamListener$1Closed.runInContext(ServerImpl.java:741)
	at org.apache.ratis.thirdparty.io.grpc.internal.ContextRunnable.run(ContextRunnable.java:37)
	at org.apache.ratis.thirdparty.io.grpc.internal.SerializingExecutor.run(SerializingExecutor.java:123)
	at java.util.concurrent.ThreadPoolExecutor.runWorker(ThreadPoolExecutor.java:1149)
	at java.util.concurrent.ThreadPoolExecutor$Worker.run(ThreadPoolExecutor.java:624)
	at java.lang.Thread.run(Thread.java:748)

Oct 06, 2019 6:20:10 AM org.apache.ratis.thirdparty.io.grpc.internal.SerializingExecutor run
SEVERE: Exception while executing runnable org.apache.ratis.thirdparty.io.grpc.internal.ServerImpl$JumpToApplicationThreadServerStreamListener$1Closed@1a57fddd
org.apache.ratis.thirdparty.io.grpc.StatusRuntimeException: CANCELLED: call already cancelled
	at org.apache.ratis.thirdparty.io.grpc.Status.asRuntimeException(Status.java:517)
	at org.apache.ratis.thirdparty.io.grpc.stub.ServerCalls$ServerCallStreamObserverImpl.onCompleted(ServerCalls.java:356)
	at org.apache.ratis.grpc.server.GrpcServerProtocolService$ServerRequestStreamObserver.onError(GrpcServerProtocolService.java:121)
	at org.apache.ratis.thirdparty.io.grpc.stub.ServerCalls$StreamingServerCallHandler$StreamingServerCallListener.onCancel(ServerCalls.java:269)
	at org.apache.ratis.thirdparty.io.grpc.internal.ServerCallImpl$ServerStreamListenerImpl.closed(ServerCallImpl.java:293)
	at org.apache.ratis.thirdparty.io.grpc.internal.ServerImpl$JumpToApplicationThreadServerStreamListener$1Closed.runInContext(ServerImpl.java:741)
	at org.apache.ratis.thirdparty.io.grpc.internal.ContextRunnable.run(ContextRunnable.java:37)
	at org.apache.ratis.thirdparty.io.grpc.internal.SerializingExecutor.run(SerializingExecutor.java:123)
	at java.util.concurrent.ThreadPoolExecutor.runWorker(ThreadPoolExecutor.java:1149)
	at java.util.concurrent.ThreadPoolExecutor$Worker.run(ThreadPoolExecutor.java:624)
	at java.lang.Thread.run(Thread.java:748)

]]></system-err>
  </testcase>
  <testcase name="testFailureWithPrimeSizedData" classname="org.apache.hadoop.ozone.client.rpc.TestBlockOutputStreamWithFailures" time="35.776"/>
  <testcase name="testWatchForCommitWithCloseContainerException" classname="org.apache.hadoop.ozone.client.rpc.TestBlockOutputStreamWithFailures" time="40.867"/>
  <testcase name="testExceptionDuringClose" classname="org.apache.hadoop.ozone.client.rpc.TestBlockOutputStreamWithFailures" time="33.7"/>
</testsuite>