<?xml version="1.0" encoding="UTF-8"?>
<testsuite xmlns:xsi="http://www.w3.org/2001/XMLSchema-instance" xsi:noNamespaceSchemaLocation="https://maven.apache.org/surefire/maven-surefire-plugin/xsd/surefire-test-report.xsd" name="org.apache.hadoop.ozone.freon.TestFreonWithPipelineDestroy" time="51.229" tests="1" errors="1" skipped="0" failures="0">
  <properties>
    <property name="awt.toolkit" value="sun.awt.X11.XToolkit"/>
    <property name="file.encoding.pkg" value="sun.io"/>
    <property name="java.specification.version" value="1.8"/>
    <property name="sun.cpu.isalist" value=""/>
    <property name="sun.jnu.encoding" value="UTF-8"/>
    <property name="java.class.path" value="/workdir/hadoop-ozone/tools/target/test-classes:/workdir/hadoop-ozone/tools/target/classes:/home/user/.m2/repository/org/apache/hadoop/hadoop-ozone-ozone-manager/0.5.0-SNAPSHOT/hadoop-ozone-ozone-manager-0.5.0-SNAPSHOT.jar:/home/user/.m2/repository/org/apache/hadoop/hadoop-hdds-docs/0.5.0-SNAPSHOT/hadoop-hdds-docs-0.5.0-SNAPSHOT.jar:/home/user/.m2/repository/org/bouncycastle/bcprov-jdk15on/1.60/bcprov-jdk15on-1.60.jar:/home/user/.m2/repository/org/apache/hadoop/hadoop-ozone-common/0.5.0-SNAPSHOT/hadoop-ozone-common-0.5.0-SNAPSHOT.jar:/home/user/.m2/repository/org/apache/commons/commons-compress/1.4.1/commons-compress-1.4.1.jar:/home/user/.m2/repository/org/tukaani/xz/1.0/xz-1.0.jar:/home/user/.m2/repository/org/apache/hadoop/hadoop-hdfs-client/3.2.0/hadoop-hdfs-client-3.2.0.jar:/home/user/.m2/repository/com/fasterxml/jackson/core/jackson-annotations/2.9.9/jackson-annotations-2.9.9.jar:/home/user/.m2/repository/org/apache/hadoop/hadoop-hdds-common/0.5.0-SNAPSHOT/hadoop-hdds-common-0.5.0-SNAPSHOT.jar:/home/user/.m2/repository/org/apache/hadoop/hadoop-hdds-config/0.5.0-SNAPSHOT/hadoop-hdds-config-0.5.0-SNAPSHOT.jar:/home/user/.m2/repository/javax/annotation/javax.annotation-api/1.2/javax.annotation-api-1.2.jar:/home/user/.m2/repository/org/apache/ratis/ratis-server/0.4.0/ratis-server-0.4.0.jar:/home/user/.m2/repository/org/apache/ratis/ratis-thirdparty-misc/0.2.0/ratis-thirdparty-misc-0.2.0.jar:/home/user/.m2/repository/org/apache/ratis/ratis-proto/0.4.0/ratis-proto-0.4.0.jar:/home/user/.m2/repository/org/apache/ratis/ratis-common/0.4.0/ratis-common-0.4.0.jar:/home/user/.m2/repository/org/apache/ratis/ratis-client/0.4.0/ratis-client-0.4.0.jar:/home/user/.m2/repository/org/apache/ratis/ratis-metrics/0.4.0/ratis-metrics-0.4.0.jar:/home/user/.m2/repository/com/github/joshelser/dropwizard-metrics-hadoop-metrics2-reporter/0.1.2/dropwizard-metrics-hadoop-metrics2-reporter-0.1.2.jar:/home/user/.m2/repository/io/dropwizard/metrics/metrics-jvm/3.2.5/metrics-jvm-3.2.5.jar:/home/user/.m2/repository/io/dropwizard/metrics/metrics-ganglia/3.2.5/metrics-ganglia-3.2.5.jar:/home/user/.m2/repository/info/ganglia/gmetric4j/gmetric4j/1.0.7/gmetric4j-1.0.7.jar:/home/user/.m2/repository/org/apache/ratis/ratis-netty/0.4.0/ratis-netty-0.4.0.jar:/home/user/.m2/repository/org/apache/ratis/ratis-grpc/0.4.0/ratis-grpc-0.4.0.jar:/home/user/.m2/repository/org/rocksdb/rocksdbjni/6.0.1/rocksdbjni-6.0.1.jar:/home/user/.m2/repository/org/apache/logging/log4j/log4j-api/2.11.0/log4j-api-2.11.0.jar:/home/user/.m2/repository/org/apache/logging/log4j/log4j-core/2.11.0/log4j-core-2.11.0.jar:/home/user/.m2/repository/com/lmax/disruptor/3.4.2/disruptor-3.4.2.jar:/home/user/.m2/repository/org/apache/commons/commons-pool2/2.6.0/commons-pool2-2.6.0.jar:/home/user/.m2/repository/org/bouncycastle/bcpkix-jdk15on/1.60/bcpkix-jdk15on-1.60.jar:/home/user/.m2/repository/commons-validator/commons-validator/1.6/commons-validator-1.6.jar:/home/user/.m2/repository/commons-digester/commons-digester/1.8.1/commons-digester-1.8.1.jar:/home/user/.m2/repository/io/jaegertracing/jaeger-client/0.34.0/jaeger-client-0.34.0.jar:/home/user/.m2/repository/io/jaegertracing/jaeger-thrift/0.34.0/jaeger-thrift-0.34.0.jar:/home/user/.m2/repository/org/apache/thrift/libthrift/0.12.0/libthrift-0.12.0.jar:/home/user/.m2/repository/com/squareup/okhttp3/okhttp/3.9.0/okhttp-3.9.0.jar:/home/user/.m2/repository/com/squareup/okio/okio/1.13.0/okio-1.13.0.jar:/home/user/.m2/repository/io/jaegertracing/jaeger-core/0.34.0/jaeger-core-0.34.0.jar:/home/user/.m2/repository/io/jaegertracing/jaeger-tracerresolver/0.34.0/jaeger-tracerresolver-0.34.0.jar:/home/user/.m2/repository/io/opentracing/contrib/opentracing-tracerresolver/0.1.5/opentracing-tracerresolver-0.1.5.jar:/home/user/.m2/repository/io/opentracing/opentracing-util/0.31.0/opentracing-util-0.31.0.jar:/home/user/.m2/repository/io/opentracing/opentracing-api/0.31.0/opentracing-api-0.31.0.jar:/home/user/.m2/repository/io/opentracing/opentracing-noop/0.31.0/opentracing-noop-0.31.0.jar:/home/user/.m2/repository/org/yaml/snakeyaml/1.16/snakeyaml-1.16.jar:/home/user/.m2/repository/org/apache/hadoop/hadoop-hdds-container-service/0.5.0-SNAPSHOT/hadoop-hdds-container-service-0.5.0-SNAPSHOT.jar:/home/user/.m2/repository/org/apache/hadoop/hadoop-hdds-client/0.5.0-SNAPSHOT/hadoop-hdds-client-0.5.0-SNAPSHOT.jar:/home/user/.m2/repository/org/apache/hadoop/hadoop-hdds-tools/0.5.0-SNAPSHOT/hadoop-hdds-tools-0.5.0-SNAPSHOT.jar:/home/user/.m2/repository/org/xerial/sqlite-jdbc/3.25.2/sqlite-jdbc-3.25.2.jar:/home/user/.m2/repository/org/apache/hadoop/hadoop-hdds-server-scm/0.5.0-SNAPSHOT/hadoop-hdds-server-scm-0.5.0-SNAPSHOT.jar:/home/user/.m2/repository/org/hamcrest/hamcrest-all/1.3/hamcrest-all-1.3.jar:/home/user/.m2/repository/info/picocli/picocli/3.9.6/picocli-3.9.6.jar:/home/user/.m2/repository/com/google/protobuf/protobuf-java/2.5.0/protobuf-java-2.5.0.jar:/home/user/.m2/repository/com/google/guava/guava/11.0.2/guava-11.0.2.jar:/home/user/.m2/repository/org/apache/hadoop/hadoop-ozone-client/0.5.0-SNAPSHOT/hadoop-ozone-client-0.5.0-SNAPSHOT.jar:/workdir/hadoop-ozone/ozonefs/target/classes:/home/user/.m2/repository/org/apache/hadoop/hadoop-hdds-server-framework/0.5.0-SNAPSHOT/hadoop-hdds-server-framework-0.5.0-SNAPSHOT.jar:/home/user/.m2/repository/org/apache/hadoop/hadoop-common/3.2.0/hadoop-common-3.2.0.jar:/home/user/.m2/repository/org/apache/hadoop/hadoop-annotations/3.2.0/hadoop-annotations-3.2.0.jar:/usr/lib/jvm/java-1.8-openjdk/jre/../lib/tools.jar:/home/user/.m2/repository/commons-cli/commons-cli/1.2/commons-cli-1.2.jar:/home/user/.m2/repository/org/apache/commons/commons-math3/3.1.1/commons-math3-3.1.1.jar:/home/user/.m2/repository/org/apache/httpcomponents/httpclient/4.5.2/httpclient-4.5.2.jar:/home/user/.m2/repository/org/apache/httpcomponents/httpcore/4.4.4/httpcore-4.4.4.jar:/home/user/.m2/repository/commons-codec/commons-codec/1.11/commons-codec-1.11.jar:/home/user/.m2/repository/commons-io/commons-io/2.5/commons-io-2.5.jar:/home/user/.m2/repository/commons-net/commons-net/3.6/commons-net-3.6.jar:/home/user/.m2/repository/commons-collections/commons-collections/3.2.2/commons-collections-3.2.2.jar:/home/user/.m2/repository/javax/servlet/javax.servlet-api/3.1.0/javax.servlet-api-3.1.0.jar:/home/user/.m2/repository/org/eclipse/jetty/jetty-server/9.3.25.v20180904/jetty-server-9.3.25.v20180904.jar:/home/user/.m2/repository/org/eclipse/jetty/jetty-http/9.3.25.v20180904/jetty-http-9.3.25.v20180904.jar:/home/user/.m2/repository/org/eclipse/jetty/jetty-io/9.3.25.v20180904/jetty-io-9.3.25.v20180904.jar:/home/user/.m2/repository/org/eclipse/jetty/jetty-util/9.3.25.v20180904/jetty-util-9.3.25.v20180904.jar:/home/user/.m2/repository/org/eclipse/jetty/jetty-servlet/9.3.25.v20180904/jetty-servlet-9.3.25.v20180904.jar:/home/user/.m2/repository/org/eclipse/jetty/jetty-security/9.3.25.v20180904/jetty-security-9.3.25.v20180904.jar:/home/user/.m2/repository/org/eclipse/jetty/jetty-webapp/9.3.25.v20180904/jetty-webapp-9.3.25.v20180904.jar:/home/user/.m2/repository/org/eclipse/jetty/jetty-xml/9.3.25.v20180904/jetty-xml-9.3.25.v20180904.jar:/home/user/.m2/repository/javax/servlet/jsp/jsp-api/2.1/jsp-api-2.1.jar:/home/user/.m2/repository/com/sun/jersey/jersey-core/1.19/jersey-core-1.19.jar:/home/user/.m2/repository/javax/ws/rs/jsr311-api/1.1.1/jsr311-api-1.1.1.jar:/home/user/.m2/repository/com/sun/jersey/jersey-servlet/1.19/jersey-servlet-1.19.jar:/home/user/.m2/repository/com/sun/jersey/jersey-json/1.19/jersey-json-1.19.jar:/home/user/.m2/repository/org/codehaus/jettison/jettison/1.1/jettison-1.1.jar:/home/user/.m2/repository/com/sun/xml/bind/jaxb-impl/2.3.0.1/jaxb-impl-2.3.0.1.jar:/home/user/.m2/repository/org/codehaus/jackson/jackson-core-asl/1.9.13/jackson-core-asl-1.9.13.jar:/home/user/.m2/repository/org/codehaus/jackson/jackson-mapper-asl/1.9.13/jackson-mapper-asl-1.9.13.jar:/home/user/.m2/repository/org/codehaus/jackson/jackson-jaxrs/1.9.13/jackson-jaxrs-1.9.13.jar:/home/user/.m2/repository/org/codehaus/jackson/jackson-xc/1.9.13/jackson-xc-1.9.13.jar:/home/user/.m2/repository/com/sun/jersey/jersey-server/1.19/jersey-server-1.19.jar:/home/user/.m2/repository/commons-logging/commons-logging/1.1.3/commons-logging-1.1.3.jar:/home/user/.m2/repository/log4j/log4j/1.2.17/log4j-1.2.17.jar:/home/user/.m2/repository/commons-beanutils/commons-beanutils/1.9.4/commons-beanutils-1.9.4.jar:/home/user/.m2/repository/org/apache/commons/commons-configuration2/2.1.1/commons-configuration2-2.1.1.jar:/home/user/.m2/repository/org/apache/commons/commons-lang3/3.7/commons-lang3-3.7.jar:/home/user/.m2/repository/org/apache/commons/commons-text/1.4/commons-text-1.4.jar:/home/user/.m2/repository/org/slf4j/slf4j-api/1.7.25/slf4j-api-1.7.25.jar:/home/user/.m2/repository/org/slf4j/slf4j-log4j12/1.7.25/slf4j-log4j12-1.7.25.jar:/home/user/.m2/repository/org/apache/avro/avro/1.7.7/avro-1.7.7.jar:/home/user/.m2/repository/com/thoughtworks/paranamer/paranamer/2.3/paranamer-2.3.jar:/home/user/.m2/repository/org/xerial/snappy/snappy-java/1.0.5/snappy-java-1.0.5.jar:/home/user/.m2/repository/com/google/re2j/re2j/1.1/re2j-1.1.jar:/home/user/.m2/repository/com/google/code/gson/gson/2.2.4/gson-2.2.4.jar:/home/user/.m2/repository/org/apache/hadoop/hadoop-auth/3.2.0/hadoop-auth-3.2.0.jar:/home/user/.m2/repository/com/nimbusds/nimbus-jose-jwt/4.41.1/nimbus-jose-jwt-4.41.1.jar:/home/user/.m2/repository/com/github/stephenc/jcip/jcip-annotations/1.0-1/jcip-annotations-1.0-1.jar:/home/user/.m2/repository/net/minidev/json-smart/2.3/json-smart-2.3.jar:/home/user/.m2/repository/net/minidev/accessors-smart/1.2/accessors-smart-1.2.jar:/home/user/.m2/repository/org/apache/curator/curator-framework/2.12.0/curator-framework-2.12.0.jar:/home/user/.m2/repository/com/jcraft/jsch/0.1.54/jsch-0.1.54.jar:/home/user/.m2/repository/org/apache/curator/curator-client/2.12.0/curator-client-2.12.0.jar:/home/user/.m2/repository/org/apache/curator/curator-recipes/2.12.0/curator-recipes-2.12.0.jar:/home/user/.m2/repository/com/google/code/findbugs/jsr305/3.0.0/jsr305-3.0.0.jar:/home/user/.m2/repository/org/apache/htrace/htrace-core4/4.1.0-incubating/htrace-core4-4.1.0-incubating.jar:/home/user/.m2/repository/org/apache/zookeeper/zookeeper/3.4.13/zookeeper-3.4.13.jar:/home/user/.m2/repository/jline/jline/0.9.94/jline-0.9.94.jar:/home/user/.m2/repository/org/apache/yetus/audience-annotations/0.5.0/audience-annotations-0.5.0.jar:/home/user/.m2/repository/org/apache/kerby/kerb-simplekdc/1.0.1/kerb-simplekdc-1.0.1.jar:/home/user/.m2/repository/org/apache/kerby/kerb-client/1.0.1/kerb-client-1.0.1.jar:/home/user/.m2/repository/org/apache/kerby/kerby-config/1.0.1/kerby-config-1.0.1.jar:/home/user/.m2/repository/org/apache/kerby/kerb-core/1.0.1/kerb-core-1.0.1.jar:/home/user/.m2/repository/org/apache/kerby/kerby-pkix/1.0.1/kerby-pkix-1.0.1.jar:/home/user/.m2/repository/org/apache/kerby/kerby-asn1/1.0.1/kerby-asn1-1.0.1.jar:/home/user/.m2/repository/org/apache/kerby/kerby-util/1.0.1/kerby-util-1.0.1.jar:/home/user/.m2/repository/org/apache/kerby/kerb-common/1.0.1/kerb-common-1.0.1.jar:/home/user/.m2/repository/org/apache/kerby/kerb-crypto/1.0.1/kerb-crypto-1.0.1.jar:/home/user/.m2/repository/org/apache/kerby/kerb-util/1.0.1/kerb-util-1.0.1.jar:/home/user/.m2/repository/org/apache/kerby/token-provider/1.0.1/token-provider-1.0.1.jar:/home/user/.m2/repository/org/apache/kerby/kerb-admin/1.0.1/kerb-admin-1.0.1.jar:/home/user/.m2/repository/org/apache/kerby/kerb-server/1.0.1/kerb-server-1.0.1.jar:/home/user/.m2/repository/org/apache/kerby/kerb-identity/1.0.1/kerb-identity-1.0.1.jar:/home/user/.m2/repository/org/apache/kerby/kerby-xdr/1.0.1/kerby-xdr-1.0.1.jar:/home/user/.m2/repository/com/fasterxml/jackson/core/jackson-databind/2.9.9/jackson-databind-2.9.9.jar:/home/user/.m2/repository/com/fasterxml/jackson/core/jackson-core/2.9.9/jackson-core-2.9.9.jar:/home/user/.m2/repository/org/codehaus/woodstox/stax2-api/3.1.4/stax2-api-3.1.4.jar:/home/user/.m2/repository/com/fasterxml/woodstox/woodstox-core/5.0.3/woodstox-core-5.0.3.jar:/home/user/.m2/repository/dnsjava/dnsjava/2.1.7/dnsjava-2.1.7.jar:/home/user/.m2/repository/org/apache/hadoop/hadoop-hdfs/3.2.0/hadoop-hdfs-3.2.0.jar:/home/user/.m2/repository/org/eclipse/jetty/jetty-util-ajax/9.3.25.v20180904/jetty-util-ajax-9.3.25.v20180904.jar:/home/user/.m2/repository/commons-daemon/commons-daemon/1.0.13/commons-daemon-1.0.13.jar:/home/user/.m2/repository/io/netty/netty/3.10.5.Final/netty-3.10.5.Final.jar:/home/user/.m2/repository/io/netty/netty-all/4.0.52.Final/netty-all-4.0.52.Final.jar:/home/user/.m2/repository/org/fusesource/leveldbjni/leveldbjni-all/1.8/leveldbjni-all-1.8.jar:/home/user/.m2/repository/com/sun/xml/bind/jaxb-core/2.3.0.1/jaxb-core-2.3.0.1.jar:/home/user/.m2/repository/javax/xml/bind/jaxb-api/2.3.0/jaxb-api-2.3.0.jar:/home/user/.m2/repository/javax/activation/activation/1.1.1/activation-1.1.1.jar:/home/user/.m2/repository/io/dropwizard/metrics/metrics-core/3.2.4/metrics-core-3.2.4.jar:/home/user/.m2/repository/org/openjdk/jmh/jmh-core/1.19/jmh-core-1.19.jar:/home/user/.m2/repository/net/sf/jopt-simple/jopt-simple/4.6/jopt-simple-4.6.jar:/home/user/.m2/repository/org/openjdk/jmh/jmh-generator-annprocess/1.19/jmh-generator-annprocess-1.19.jar:/home/user/.m2/repository/com/amazonaws/aws-java-sdk-s3/1.11.615/aws-java-sdk-s3-1.11.615.jar:/home/user/.m2/repository/com/amazonaws/aws-java-sdk-kms/1.11.615/aws-java-sdk-kms-1.11.615.jar:/home/user/.m2/repository/com/amazonaws/aws-java-sdk-core/1.11.615/aws-java-sdk-core-1.11.615.jar:/home/user/.m2/repository/software/amazon/ion/ion-java/1.0.2/ion-java-1.0.2.jar:/home/user/.m2/repository/com/fasterxml/jackson/dataformat/jackson-dataformat-cbor/2.9.9/jackson-dataformat-cbor-2.9.9.jar:/home/user/.m2/repository/joda-time/joda-time/2.9.9/joda-time-2.9.9.jar:/home/user/.m2/repository/com/amazonaws/jmespath-java/1.11.615/jmespath-java-1.11.615.jar:/home/user/.m2/repository/com/google/code/findbugs/findbugs/3.0.1/findbugs-3.0.1.jar:/home/user/.m2/repository/net/jcip/jcip-annotations/1.0/jcip-annotations-1.0.jar:/home/user/.m2/repository/com/google/code/findbugs/bcel-findbugs/6.0/bcel-findbugs-6.0.jar:/home/user/.m2/repository/com/google/code/findbugs/jFormatString/2.0.1/jFormatString-2.0.1.jar:/home/user/.m2/repository/dom4j/dom4j/1.6.1/dom4j-1.6.1.jar:/home/user/.m2/repository/xml-apis/xml-apis/1.0.b2/xml-apis-1.0.b2.jar:/home/user/.m2/repository/org/ow2/asm/asm-debug-all/5.0.2/asm-debug-all-5.0.2.jar:/home/user/.m2/repository/org/ow2/asm/asm-commons/5.0.2/asm-commons-5.0.2.jar:/home/user/.m2/repository/org/ow2/asm/asm-tree/5.0.2/asm-tree-5.0.2.jar:/home/user/.m2/repository/org/ow2/asm/asm/5.0.4/asm-5.0.4.jar:/home/user/.m2/repository/commons-lang/commons-lang/2.6/commons-lang-2.6.jar:/home/user/.m2/repository/com/apple/AppleJavaExtensions/1.4/AppleJavaExtensions-1.4.jar:/home/user/.m2/repository/jaxen/jaxen/1.1.6/jaxen-1.1.6.jar:/home/user/.m2/repository/junit/junit/4.11/junit-4.11.jar:/home/user/.m2/repository/org/hamcrest/hamcrest-core/1.3/hamcrest-core-1.3.jar:/home/user/.m2/repository/org/apache/hadoop/hadoop-common/3.2.0/hadoop-common-3.2.0-tests.jar:/workdir/hadoop-ozone/integration-test/target/test-classes:/home/user/.m2/repository/org/apache/hadoop/hadoop-ozone-s3gateway/0.5.0-SNAPSHOT/hadoop-ozone-s3gateway-0.5.0-SNAPSHOT.jar:/home/user/.m2/repository/org/jboss/weld/servlet/weld-servlet/2.4.7.Final/weld-servlet-2.4.7.Final.jar:/home/user/.m2/repository/org/glassfish/jersey/containers/jersey-container-servlet-core/2.27/jersey-container-servlet-core-2.27.jar:/home/user/.m2/repository/org/glassfish/hk2/external/javax.inject/2.5.0-b42/javax.inject-2.5.0-b42.jar:/home/user/.m2/repository/org/glassfish/jersey/core/jersey-common/2.27/jersey-common-2.27.jar:/home/user/.m2/repository/org/glassfish/hk2/osgi-resource-locator/1.0.1/osgi-resource-locator-1.0.1.jar:/home/user/.m2/repository/javax/ws/rs/javax.ws.rs-api/2.1/javax.ws.rs-api-2.1.jar:/home/user/.m2/repository/org/glassfish/jersey/ext/cdi/jersey-cdi1x/2.27/jersey-cdi1x-2.27.jar:/home/user/.m2/repository/org/glassfish/jersey/inject/jersey-hk2/2.27/jersey-hk2-2.27.jar:/home/user/.m2/repository/org/glassfish/hk2/hk2-locator/2.5.0-b42/hk2-locator-2.5.0-b42.jar:/home/user/.m2/repository/org/javassist/javassist/3.22.0-CR2/javassist-3.22.0-CR2.jar:/home/user/.m2/repository/org/glassfish/hk2/hk2-api/2.5.0/hk2-api-2.5.0.jar:/home/user/.m2/repository/org/glassfish/hk2/external/jakarta.inject/2.5.0/jakarta.inject-2.5.0.jar:/home/user/.m2/repository/org/glassfish/hk2/hk2-utils/2.5.0/hk2-utils-2.5.0.jar:/home/user/.m2/repository/jakarta/annotation/jakarta.annotation-api/1.3.4/jakarta.annotation-api-1.3.4.jar:/home/user/.m2/repository/org/glassfish/hk2/external/aopalliance-repackaged/2.5.0/aopalliance-repackaged-2.5.0.jar:/home/user/.m2/repository/com/fasterxml/jackson/dataformat/jackson-dataformat-xml/2.9.0/jackson-dataformat-xml-2.9.0.jar:/home/user/.m2/repository/com/fasterxml/jackson/module/jackson-module-jaxb-annotations/2.9.9/jackson-module-jaxb-annotations-2.9.9.jar:/home/user/.m2/repository/javax/enterprise/cdi-api/1.2/cdi-api-1.2.jar:/home/user/.m2/repository/javax/el/javax.el-api/3.0.0/javax.el-api-3.0.0.jar:/home/user/.m2/repository/javax/interceptor/javax.interceptor-api/1.2/javax.interceptor-api-1.2.jar:/home/user/.m2/repository/javax/inject/javax.inject/1/javax.inject-1.jar:/home/user/.m2/repository/org/apache/hadoop/hadoop-ozone-csi/0.5.0-SNAPSHOT/hadoop-ozone-csi-0.5.0-SNAPSHOT.jar:/home/user/.m2/repository/com/google/protobuf/protobuf-java-util/3.5.1/protobuf-java-util-3.5.1.jar:/home/user/.m2/repository/io/grpc/grpc-netty/1.17.1/grpc-netty-1.17.1.jar:/home/user/.m2/repository/io/grpc/grpc-core/1.17.1/grpc-core-1.17.1.jar:/home/user/.m2/repository/io/grpc/grpc-context/1.17.1/grpc-context-1.17.1.jar:/home/user/.m2/repository/com/google/errorprone/error_prone_annotations/2.2.0/error_prone_annotations-2.2.0.jar:/home/user/.m2/repository/org/codehaus/mojo/animal-sniffer-annotations/1.17/animal-sniffer-annotations-1.17.jar:/home/user/.m2/repository/io/opencensus/opencensus-api/0.17.0/opencensus-api-0.17.0.jar:/home/user/.m2/repository/io/opencensus/opencensus-contrib-grpc-metrics/0.17.0/opencensus-contrib-grpc-metrics-0.17.0.jar:/home/user/.m2/repository/io/netty/netty-codec-http2/4.1.30.Final/netty-codec-http2-4.1.30.Final.jar:/home/user/.m2/repository/io/netty/netty-codec-http/4.1.30.Final/netty-codec-http-4.1.30.Final.jar:/home/user/.m2/repository/io/netty/netty-codec/4.1.30.Final/netty-codec-4.1.30.Final.jar:/home/user/.m2/repository/io/netty/netty-handler/4.1.30.Final/netty-handler-4.1.30.Final.jar:/home/user/.m2/repository/io/netty/netty-handler-proxy/4.1.30.Final/netty-handler-proxy-4.1.30.Final.jar:/home/user/.m2/repository/io/netty/netty-codec-socks/4.1.30.Final/netty-codec-socks-4.1.30.Final.jar:/home/user/.m2/repository/io/netty/netty-transport-native-epoll/4.1.30.Final/netty-transport-native-epoll-4.1.30.Final.jar:/home/user/.m2/repository/io/netty/netty-common/4.1.30.Final/netty-common-4.1.30.Final.jar:/home/user/.m2/repository/io/netty/netty-buffer/4.1.30.Final/netty-buffer-4.1.30.Final.jar:/home/user/.m2/repository/io/netty/netty-transport/4.1.30.Final/netty-transport-4.1.30.Final.jar:/home/user/.m2/repository/io/netty/netty-resolver/4.1.30.Final/netty-resolver-4.1.30.Final.jar:/home/user/.m2/repository/io/netty/netty-transport-native-unix-common/4.1.30.Final/netty-transport-native-unix-common-4.1.30.Final.jar:/home/user/.m2/repository/io/grpc/grpc-protobuf/1.17.1/grpc-protobuf-1.17.1.jar:/home/user/.m2/repository/com/google/api/grpc/proto-google-common-protos/1.0.0/proto-google-common-protos-1.0.0.jar:/home/user/.m2/repository/io/grpc/grpc-protobuf-lite/1.17.1/grpc-protobuf-lite-1.17.1.jar:/home/user/.m2/repository/io/grpc/grpc-stub/1.17.1/grpc-stub-1.17.1.jar:/home/user/.m2/repository/org/apache/hadoop/hadoop-ozone-recon/0.5.0-SNAPSHOT/hadoop-ozone-recon-0.5.0-SNAPSHOT.jar:/home/user/.m2/repository/org/apache/hadoop/hadoop-ozone-reconcodegen/0.5.0-SNAPSHOT/hadoop-ozone-reconcodegen-0.5.0-SNAPSHOT.jar:/home/user/.m2/repository/com/google/inject/extensions/guice-multibindings/4.0/guice-multibindings-4.0.jar:/home/user/.m2/repository/com/google/inject/guice/4.0/guice-4.0.jar:/home/user/.m2/repository/aopalliance/aopalliance/1.0/aopalliance-1.0.jar:/home/user/.m2/repository/com/google/inject/extensions/guice-servlet/4.0/guice-servlet-4.0.jar:/home/user/.m2/repository/org/glassfish/jersey/containers/jersey-container-servlet/2.27/jersey-container-servlet-2.27.jar:/home/user/.m2/repository/org/glassfish/hk2/guice-bridge/2.5.0/guice-bridge-2.5.0.jar:/home/user/.m2/repository/org/glassfish/jersey/core/jersey-server/2.27/jersey-server-2.27.jar:/home/user/.m2/repository/org/glassfish/jersey/core/jersey-client/2.27/jersey-client-2.27.jar:/home/user/.m2/repository/org/glassfish/jersey/media/jersey-media-jaxb/2.27/jersey-media-jaxb-2.27.jar:/home/user/.m2/repository/javax/validation/validation-api/1.1.0.Final/validation-api-1.1.0.Final.jar:/home/user/.m2/repository/org/glassfish/jersey/media/jersey-media-json-jackson/2.27/jersey-media-json-jackson-2.27.jar:/home/user/.m2/repository/org/glassfish/jersey/ext/jersey-entity-filtering/2.27/jersey-entity-filtering-2.27.jar:/home/user/.m2/repository/com/google/inject/extensions/guice-assistedinject/4.0/guice-assistedinject-4.0.jar:/home/user/.m2/repository/org/jooq/jooq/3.11.10/jooq-3.11.10.jar:/home/user/.m2/repository/org/jooq/jooq-meta/3.11.10/jooq-meta-3.11.10.jar:/home/user/.m2/repository/org/jooq/jooq-codegen/3.11.10/jooq-codegen-3.11.10.jar:/home/user/.m2/repository/com/jolbox/bonecp/0.8.0.RELEASE/bonecp-0.8.0.RELEASE.jar:/home/user/.m2/repository/org/springframework/spring-jdbc/5.1.3.RELEASE/spring-jdbc-5.1.3.RELEASE.jar:/home/user/.m2/repository/org/springframework/spring-beans/5.1.3.RELEASE/spring-beans-5.1.3.RELEASE.jar:/home/user/.m2/repository/org/springframework/spring-core/5.1.3.RELEASE/spring-core-5.1.3.RELEASE.jar:/home/user/.m2/repository/org/springframework/spring-jcl/5.1.3.RELEASE/spring-jcl-5.1.3.RELEASE.jar:/home/user/.m2/repository/org/springframework/spring-tx/5.1.3.RELEASE/spring-tx-5.1.3.RELEASE.jar:/home/user/.m2/repository/org/mockito/mockito-core/2.15.0/mockito-core-2.15.0.jar:/home/user/.m2/repository/net/bytebuddy/byte-buddy/1.7.9/byte-buddy-1.7.9.jar:/home/user/.m2/repository/net/bytebuddy/byte-buddy-agent/1.7.9/byte-buddy-agent-1.7.9.jar:/home/user/.m2/repository/org/objenesis/objenesis/1.0/objenesis-1.0.jar:"/>
    <property name="java.vm.vendor" value="IcedTea"/>
    <property name="sun.arch.data.model" value="64"/>
    <property name="test.build.dir" value="/workdir/hadoop-ozone/tools/target/test-dir"/>
    <property name="test.cache.data" value=""/>
    <property name="java.vendor.url" value="https://icedtea.classpath.org"/>
    <property name="user.timezone" value=""/>
    <property name="java.vm.specification.version" value="1.8"/>
    <property name="os.name" value="Linux"/>
    <property name="test.build.data" value="/workdir/hadoop-ozone/tools/target/test-dir"/>
    <property name="user.country" value="US"/>
    <property name="sun.java.launcher" value="SUN_STANDARD"/>
    <property name="sun.boot.library.path" value="/usr/lib/jvm/java-1.8-openjdk/jre/lib/amd64"/>
    <property name="sun.java.command" value="/workdir/hadoop-ozone/tools/target/surefire/surefirebooter2563644139403600304.jar /workdir/hadoop-ozone/tools/target/surefire 2019-09-27T08-08-30_107-jvmRun1 surefire582929101431768713tmp surefire_1096304732965734544228tmp"/>
    <property name="test" value="!TestMiniChaosOzoneCluster"/>
    <property name="surefire.test.class.path" value="/workdir/hadoop-ozone/tools/target/test-classes:/workdir/hadoop-ozone/tools/target/classes:/home/user/.m2/repository/org/apache/hadoop/hadoop-ozone-ozone-manager/0.5.0-SNAPSHOT/hadoop-ozone-ozone-manager-0.5.0-SNAPSHOT.jar:/home/user/.m2/repository/org/apache/hadoop/hadoop-hdds-docs/0.5.0-SNAPSHOT/hadoop-hdds-docs-0.5.0-SNAPSHOT.jar:/home/user/.m2/repository/org/bouncycastle/bcprov-jdk15on/1.60/bcprov-jdk15on-1.60.jar:/home/user/.m2/repository/org/apache/hadoop/hadoop-ozone-common/0.5.0-SNAPSHOT/hadoop-ozone-common-0.5.0-SNAPSHOT.jar:/home/user/.m2/repository/org/apache/commons/commons-compress/1.4.1/commons-compress-1.4.1.jar:/home/user/.m2/repository/org/tukaani/xz/1.0/xz-1.0.jar:/home/user/.m2/repository/org/apache/hadoop/hadoop-hdfs-client/3.2.0/hadoop-hdfs-client-3.2.0.jar:/home/user/.m2/repository/com/fasterxml/jackson/core/jackson-annotations/2.9.9/jackson-annotations-2.9.9.jar:/home/user/.m2/repository/org/apache/hadoop/hadoop-hdds-common/0.5.0-SNAPSHOT/hadoop-hdds-common-0.5.0-SNAPSHOT.jar:/home/user/.m2/repository/org/apache/hadoop/hadoop-hdds-config/0.5.0-SNAPSHOT/hadoop-hdds-config-0.5.0-SNAPSHOT.jar:/home/user/.m2/repository/javax/annotation/javax.annotation-api/1.2/javax.annotation-api-1.2.jar:/home/user/.m2/repository/org/apache/ratis/ratis-server/0.4.0/ratis-server-0.4.0.jar:/home/user/.m2/repository/org/apache/ratis/ratis-thirdparty-misc/0.2.0/ratis-thirdparty-misc-0.2.0.jar:/home/user/.m2/repository/org/apache/ratis/ratis-proto/0.4.0/ratis-proto-0.4.0.jar:/home/user/.m2/repository/org/apache/ratis/ratis-common/0.4.0/ratis-common-0.4.0.jar:/home/user/.m2/repository/org/apache/ratis/ratis-client/0.4.0/ratis-client-0.4.0.jar:/home/user/.m2/repository/org/apache/ratis/ratis-metrics/0.4.0/ratis-metrics-0.4.0.jar:/home/user/.m2/repository/com/github/joshelser/dropwizard-metrics-hadoop-metrics2-reporter/0.1.2/dropwizard-metrics-hadoop-metrics2-reporter-0.1.2.jar:/home/user/.m2/repository/io/dropwizard/metrics/metrics-jvm/3.2.5/metrics-jvm-3.2.5.jar:/home/user/.m2/repository/io/dropwizard/metrics/metrics-ganglia/3.2.5/metrics-ganglia-3.2.5.jar:/home/user/.m2/repository/info/ganglia/gmetric4j/gmetric4j/1.0.7/gmetric4j-1.0.7.jar:/home/user/.m2/repository/org/apache/ratis/ratis-netty/0.4.0/ratis-netty-0.4.0.jar:/home/user/.m2/repository/org/apache/ratis/ratis-grpc/0.4.0/ratis-grpc-0.4.0.jar:/home/user/.m2/repository/org/rocksdb/rocksdbjni/6.0.1/rocksdbjni-6.0.1.jar:/home/user/.m2/repository/org/apache/logging/log4j/log4j-api/2.11.0/log4j-api-2.11.0.jar:/home/user/.m2/repository/org/apache/logging/log4j/log4j-core/2.11.0/log4j-core-2.11.0.jar:/home/user/.m2/repository/com/lmax/disruptor/3.4.2/disruptor-3.4.2.jar:/home/user/.m2/repository/org/apache/commons/commons-pool2/2.6.0/commons-pool2-2.6.0.jar:/home/user/.m2/repository/org/bouncycastle/bcpkix-jdk15on/1.60/bcpkix-jdk15on-1.60.jar:/home/user/.m2/repository/commons-validator/commons-validator/1.6/commons-validator-1.6.jar:/home/user/.m2/repository/commons-digester/commons-digester/1.8.1/commons-digester-1.8.1.jar:/home/user/.m2/repository/io/jaegertracing/jaeger-client/0.34.0/jaeger-client-0.34.0.jar:/home/user/.m2/repository/io/jaegertracing/jaeger-thrift/0.34.0/jaeger-thrift-0.34.0.jar:/home/user/.m2/repository/org/apache/thrift/libthrift/0.12.0/libthrift-0.12.0.jar:/home/user/.m2/repository/com/squareup/okhttp3/okhttp/3.9.0/okhttp-3.9.0.jar:/home/user/.m2/repository/com/squareup/okio/okio/1.13.0/okio-1.13.0.jar:/home/user/.m2/repository/io/jaegertracing/jaeger-core/0.34.0/jaeger-core-0.34.0.jar:/home/user/.m2/repository/io/jaegertracing/jaeger-tracerresolver/0.34.0/jaeger-tracerresolver-0.34.0.jar:/home/user/.m2/repository/io/opentracing/contrib/opentracing-tracerresolver/0.1.5/opentracing-tracerresolver-0.1.5.jar:/home/user/.m2/repository/io/opentracing/opentracing-util/0.31.0/opentracing-util-0.31.0.jar:/home/user/.m2/repository/io/opentracing/opentracing-api/0.31.0/opentracing-api-0.31.0.jar:/home/user/.m2/repository/io/opentracing/opentracing-noop/0.31.0/opentracing-noop-0.31.0.jar:/home/user/.m2/repository/org/yaml/snakeyaml/1.16/snakeyaml-1.16.jar:/home/user/.m2/repository/org/apache/hadoop/hadoop-hdds-container-service/0.5.0-SNAPSHOT/hadoop-hdds-container-service-0.5.0-SNAPSHOT.jar:/home/user/.m2/repository/org/apache/hadoop/hadoop-hdds-client/0.5.0-SNAPSHOT/hadoop-hdds-client-0.5.0-SNAPSHOT.jar:/home/user/.m2/repository/org/apache/hadoop/hadoop-hdds-tools/0.5.0-SNAPSHOT/hadoop-hdds-tools-0.5.0-SNAPSHOT.jar:/home/user/.m2/repository/org/xerial/sqlite-jdbc/3.25.2/sqlite-jdbc-3.25.2.jar:/home/user/.m2/repository/org/apache/hadoop/hadoop-hdds-server-scm/0.5.0-SNAPSHOT/hadoop-hdds-server-scm-0.5.0-SNAPSHOT.jar:/home/user/.m2/repository/org/hamcrest/hamcrest-all/1.3/hamcrest-all-1.3.jar:/home/user/.m2/repository/info/picocli/picocli/3.9.6/picocli-3.9.6.jar:/home/user/.m2/repository/com/google/protobuf/protobuf-java/2.5.0/protobuf-java-2.5.0.jar:/home/user/.m2/repository/com/google/guava/guava/11.0.2/guava-11.0.2.jar:/home/user/.m2/repository/org/apache/hadoop/hadoop-ozone-client/0.5.0-SNAPSHOT/hadoop-ozone-client-0.5.0-SNAPSHOT.jar:/workdir/hadoop-ozone/ozonefs/target/classes:/home/user/.m2/repository/org/apache/hadoop/hadoop-hdds-server-framework/0.5.0-SNAPSHOT/hadoop-hdds-server-framework-0.5.0-SNAPSHOT.jar:/home/user/.m2/repository/org/apache/hadoop/hadoop-common/3.2.0/hadoop-common-3.2.0.jar:/home/user/.m2/repository/org/apache/hadoop/hadoop-annotations/3.2.0/hadoop-annotations-3.2.0.jar:/usr/lib/jvm/java-1.8-openjdk/jre/../lib/tools.jar:/home/user/.m2/repository/commons-cli/commons-cli/1.2/commons-cli-1.2.jar:/home/user/.m2/repository/org/apache/commons/commons-math3/3.1.1/commons-math3-3.1.1.jar:/home/user/.m2/repository/org/apache/httpcomponents/httpclient/4.5.2/httpclient-4.5.2.jar:/home/user/.m2/repository/org/apache/httpcomponents/httpcore/4.4.4/httpcore-4.4.4.jar:/home/user/.m2/repository/commons-codec/commons-codec/1.11/commons-codec-1.11.jar:/home/user/.m2/repository/commons-io/commons-io/2.5/commons-io-2.5.jar:/home/user/.m2/repository/commons-net/commons-net/3.6/commons-net-3.6.jar:/home/user/.m2/repository/commons-collections/commons-collections/3.2.2/commons-collections-3.2.2.jar:/home/user/.m2/repository/javax/servlet/javax.servlet-api/3.1.0/javax.servlet-api-3.1.0.jar:/home/user/.m2/repository/org/eclipse/jetty/jetty-server/9.3.25.v20180904/jetty-server-9.3.25.v20180904.jar:/home/user/.m2/repository/org/eclipse/jetty/jetty-http/9.3.25.v20180904/jetty-http-9.3.25.v20180904.jar:/home/user/.m2/repository/org/eclipse/jetty/jetty-io/9.3.25.v20180904/jetty-io-9.3.25.v20180904.jar:/home/user/.m2/repository/org/eclipse/jetty/jetty-util/9.3.25.v20180904/jetty-util-9.3.25.v20180904.jar:/home/user/.m2/repository/org/eclipse/jetty/jetty-servlet/9.3.25.v20180904/jetty-servlet-9.3.25.v20180904.jar:/home/user/.m2/repository/org/eclipse/jetty/jetty-security/9.3.25.v20180904/jetty-security-9.3.25.v20180904.jar:/home/user/.m2/repository/org/eclipse/jetty/jetty-webapp/9.3.25.v20180904/jetty-webapp-9.3.25.v20180904.jar:/home/user/.m2/repository/org/eclipse/jetty/jetty-xml/9.3.25.v20180904/jetty-xml-9.3.25.v20180904.jar:/home/user/.m2/repository/javax/servlet/jsp/jsp-api/2.1/jsp-api-2.1.jar:/home/user/.m2/repository/com/sun/jersey/jersey-core/1.19/jersey-core-1.19.jar:/home/user/.m2/repository/javax/ws/rs/jsr311-api/1.1.1/jsr311-api-1.1.1.jar:/home/user/.m2/repository/com/sun/jersey/jersey-servlet/1.19/jersey-servlet-1.19.jar:/home/user/.m2/repository/com/sun/jersey/jersey-json/1.19/jersey-json-1.19.jar:/home/user/.m2/repository/org/codehaus/jettison/jettison/1.1/jettison-1.1.jar:/home/user/.m2/repository/com/sun/xml/bind/jaxb-impl/2.3.0.1/jaxb-impl-2.3.0.1.jar:/home/user/.m2/repository/org/codehaus/jackson/jackson-core-asl/1.9.13/jackson-core-asl-1.9.13.jar:/home/user/.m2/repository/org/codehaus/jackson/jackson-mapper-asl/1.9.13/jackson-mapper-asl-1.9.13.jar:/home/user/.m2/repository/org/codehaus/jackson/jackson-jaxrs/1.9.13/jackson-jaxrs-1.9.13.jar:/home/user/.m2/repository/org/codehaus/jackson/jackson-xc/1.9.13/jackson-xc-1.9.13.jar:/home/user/.m2/repository/com/sun/jersey/jersey-server/1.19/jersey-server-1.19.jar:/home/user/.m2/repository/commons-logging/commons-logging/1.1.3/commons-logging-1.1.3.jar:/home/user/.m2/repository/log4j/log4j/1.2.17/log4j-1.2.17.jar:/home/user/.m2/repository/commons-beanutils/commons-beanutils/1.9.4/commons-beanutils-1.9.4.jar:/home/user/.m2/repository/org/apache/commons/commons-configuration2/2.1.1/commons-configuration2-2.1.1.jar:/home/user/.m2/repository/org/apache/commons/commons-lang3/3.7/commons-lang3-3.7.jar:/home/user/.m2/repository/org/apache/commons/commons-text/1.4/commons-text-1.4.jar:/home/user/.m2/repository/org/slf4j/slf4j-api/1.7.25/slf4j-api-1.7.25.jar:/home/user/.m2/repository/org/slf4j/slf4j-log4j12/1.7.25/slf4j-log4j12-1.7.25.jar:/home/user/.m2/repository/org/apache/avro/avro/1.7.7/avro-1.7.7.jar:/home/user/.m2/repository/com/thoughtworks/paranamer/paranamer/2.3/paranamer-2.3.jar:/home/user/.m2/repository/org/xerial/snappy/snappy-java/1.0.5/snappy-java-1.0.5.jar:/home/user/.m2/repository/com/google/re2j/re2j/1.1/re2j-1.1.jar:/home/user/.m2/repository/com/google/code/gson/gson/2.2.4/gson-2.2.4.jar:/home/user/.m2/repository/org/apache/hadoop/hadoop-auth/3.2.0/hadoop-auth-3.2.0.jar:/home/user/.m2/repository/com/nimbusds/nimbus-jose-jwt/4.41.1/nimbus-jose-jwt-4.41.1.jar:/home/user/.m2/repository/com/github/stephenc/jcip/jcip-annotations/1.0-1/jcip-annotations-1.0-1.jar:/home/user/.m2/repository/net/minidev/json-smart/2.3/json-smart-2.3.jar:/home/user/.m2/repository/net/minidev/accessors-smart/1.2/accessors-smart-1.2.jar:/home/user/.m2/repository/org/apache/curator/curator-framework/2.12.0/curator-framework-2.12.0.jar:/home/user/.m2/repository/com/jcraft/jsch/0.1.54/jsch-0.1.54.jar:/home/user/.m2/repository/org/apache/curator/curator-client/2.12.0/curator-client-2.12.0.jar:/home/user/.m2/repository/org/apache/curator/curator-recipes/2.12.0/curator-recipes-2.12.0.jar:/home/user/.m2/repository/com/google/code/findbugs/jsr305/3.0.0/jsr305-3.0.0.jar:/home/user/.m2/repository/org/apache/htrace/htrace-core4/4.1.0-incubating/htrace-core4-4.1.0-incubating.jar:/home/user/.m2/repository/org/apache/zookeeper/zookeeper/3.4.13/zookeeper-3.4.13.jar:/home/user/.m2/repository/jline/jline/0.9.94/jline-0.9.94.jar:/home/user/.m2/repository/org/apache/yetus/audience-annotations/0.5.0/audience-annotations-0.5.0.jar:/home/user/.m2/repository/org/apache/kerby/kerb-simplekdc/1.0.1/kerb-simplekdc-1.0.1.jar:/home/user/.m2/repository/org/apache/kerby/kerb-client/1.0.1/kerb-client-1.0.1.jar:/home/user/.m2/repository/org/apache/kerby/kerby-config/1.0.1/kerby-config-1.0.1.jar:/home/user/.m2/repository/org/apache/kerby/kerb-core/1.0.1/kerb-core-1.0.1.jar:/home/user/.m2/repository/org/apache/kerby/kerby-pkix/1.0.1/kerby-pkix-1.0.1.jar:/home/user/.m2/repository/org/apache/kerby/kerby-asn1/1.0.1/kerby-asn1-1.0.1.jar:/home/user/.m2/repository/org/apache/kerby/kerby-util/1.0.1/kerby-util-1.0.1.jar:/home/user/.m2/repository/org/apache/kerby/kerb-common/1.0.1/kerb-common-1.0.1.jar:/home/user/.m2/repository/org/apache/kerby/kerb-crypto/1.0.1/kerb-crypto-1.0.1.jar:/home/user/.m2/repository/org/apache/kerby/kerb-util/1.0.1/kerb-util-1.0.1.jar:/home/user/.m2/repository/org/apache/kerby/token-provider/1.0.1/token-provider-1.0.1.jar:/home/user/.m2/repository/org/apache/kerby/kerb-admin/1.0.1/kerb-admin-1.0.1.jar:/home/user/.m2/repository/org/apache/kerby/kerb-server/1.0.1/kerb-server-1.0.1.jar:/home/user/.m2/repository/org/apache/kerby/kerb-identity/1.0.1/kerb-identity-1.0.1.jar:/home/user/.m2/repository/org/apache/kerby/kerby-xdr/1.0.1/kerby-xdr-1.0.1.jar:/home/user/.m2/repository/com/fasterxml/jackson/core/jackson-databind/2.9.9/jackson-databind-2.9.9.jar:/home/user/.m2/repository/com/fasterxml/jackson/core/jackson-core/2.9.9/jackson-core-2.9.9.jar:/home/user/.m2/repository/org/codehaus/woodstox/stax2-api/3.1.4/stax2-api-3.1.4.jar:/home/user/.m2/repository/com/fasterxml/woodstox/woodstox-core/5.0.3/woodstox-core-5.0.3.jar:/home/user/.m2/repository/dnsjava/dnsjava/2.1.7/dnsjava-2.1.7.jar:/home/user/.m2/repository/org/apache/hadoop/hadoop-hdfs/3.2.0/hadoop-hdfs-3.2.0.jar:/home/user/.m2/repository/org/eclipse/jetty/jetty-util-ajax/9.3.25.v20180904/jetty-util-ajax-9.3.25.v20180904.jar:/home/user/.m2/repository/commons-daemon/commons-daemon/1.0.13/commons-daemon-1.0.13.jar:/home/user/.m2/repository/io/netty/netty/3.10.5.Final/netty-3.10.5.Final.jar:/home/user/.m2/repository/io/netty/netty-all/4.0.52.Final/netty-all-4.0.52.Final.jar:/home/user/.m2/repository/org/fusesource/leveldbjni/leveldbjni-all/1.8/leveldbjni-all-1.8.jar:/home/user/.m2/repository/com/sun/xml/bind/jaxb-core/2.3.0.1/jaxb-core-2.3.0.1.jar:/home/user/.m2/repository/javax/xml/bind/jaxb-api/2.3.0/jaxb-api-2.3.0.jar:/home/user/.m2/repository/javax/activation/activation/1.1.1/activation-1.1.1.jar:/home/user/.m2/repository/io/dropwizard/metrics/metrics-core/3.2.4/metrics-core-3.2.4.jar:/home/user/.m2/repository/org/openjdk/jmh/jmh-core/1.19/jmh-core-1.19.jar:/home/user/.m2/repository/net/sf/jopt-simple/jopt-simple/4.6/jopt-simple-4.6.jar:/home/user/.m2/repository/org/openjdk/jmh/jmh-generator-annprocess/1.19/jmh-generator-annprocess-1.19.jar:/home/user/.m2/repository/com/amazonaws/aws-java-sdk-s3/1.11.615/aws-java-sdk-s3-1.11.615.jar:/home/user/.m2/repository/com/amazonaws/aws-java-sdk-kms/1.11.615/aws-java-sdk-kms-1.11.615.jar:/home/user/.m2/repository/com/amazonaws/aws-java-sdk-core/1.11.615/aws-java-sdk-core-1.11.615.jar:/home/user/.m2/repository/software/amazon/ion/ion-java/1.0.2/ion-java-1.0.2.jar:/home/user/.m2/repository/com/fasterxml/jackson/dataformat/jackson-dataformat-cbor/2.9.9/jackson-dataformat-cbor-2.9.9.jar:/home/user/.m2/repository/joda-time/joda-time/2.9.9/joda-time-2.9.9.jar:/home/user/.m2/repository/com/amazonaws/jmespath-java/1.11.615/jmespath-java-1.11.615.jar:/home/user/.m2/repository/com/google/code/findbugs/findbugs/3.0.1/findbugs-3.0.1.jar:/home/user/.m2/repository/net/jcip/jcip-annotations/1.0/jcip-annotations-1.0.jar:/home/user/.m2/repository/com/google/code/findbugs/bcel-findbugs/6.0/bcel-findbugs-6.0.jar:/home/user/.m2/repository/com/google/code/findbugs/jFormatString/2.0.1/jFormatString-2.0.1.jar:/home/user/.m2/repository/dom4j/dom4j/1.6.1/dom4j-1.6.1.jar:/home/user/.m2/repository/xml-apis/xml-apis/1.0.b2/xml-apis-1.0.b2.jar:/home/user/.m2/repository/org/ow2/asm/asm-debug-all/5.0.2/asm-debug-all-5.0.2.jar:/home/user/.m2/repository/org/ow2/asm/asm-commons/5.0.2/asm-commons-5.0.2.jar:/home/user/.m2/repository/org/ow2/asm/asm-tree/5.0.2/asm-tree-5.0.2.jar:/home/user/.m2/repository/org/ow2/asm/asm/5.0.4/asm-5.0.4.jar:/home/user/.m2/repository/commons-lang/commons-lang/2.6/commons-lang-2.6.jar:/home/user/.m2/repository/com/apple/AppleJavaExtensions/1.4/AppleJavaExtensions-1.4.jar:/home/user/.m2/repository/jaxen/jaxen/1.1.6/jaxen-1.1.6.jar:/home/user/.m2/repository/junit/junit/4.11/junit-4.11.jar:/home/user/.m2/repository/org/hamcrest/hamcrest-core/1.3/hamcrest-core-1.3.jar:/home/user/.m2/repository/org/apache/hadoop/hadoop-common/3.2.0/hadoop-common-3.2.0-tests.jar:/workdir/hadoop-ozone/integration-test/target/test-classes:/home/user/.m2/repository/org/apache/hadoop/hadoop-ozone-s3gateway/0.5.0-SNAPSHOT/hadoop-ozone-s3gateway-0.5.0-SNAPSHOT.jar:/home/user/.m2/repository/org/jboss/weld/servlet/weld-servlet/2.4.7.Final/weld-servlet-2.4.7.Final.jar:/home/user/.m2/repository/org/glassfish/jersey/containers/jersey-container-servlet-core/2.27/jersey-container-servlet-core-2.27.jar:/home/user/.m2/repository/org/glassfish/hk2/external/javax.inject/2.5.0-b42/javax.inject-2.5.0-b42.jar:/home/user/.m2/repository/org/glassfish/jersey/core/jersey-common/2.27/jersey-common-2.27.jar:/home/user/.m2/repository/org/glassfish/hk2/osgi-resource-locator/1.0.1/osgi-resource-locator-1.0.1.jar:/home/user/.m2/repository/javax/ws/rs/javax.ws.rs-api/2.1/javax.ws.rs-api-2.1.jar:/home/user/.m2/repository/org/glassfish/jersey/ext/cdi/jersey-cdi1x/2.27/jersey-cdi1x-2.27.jar:/home/user/.m2/repository/org/glassfish/jersey/inject/jersey-hk2/2.27/jersey-hk2-2.27.jar:/home/user/.m2/repository/org/glassfish/hk2/hk2-locator/2.5.0-b42/hk2-locator-2.5.0-b42.jar:/home/user/.m2/repository/org/javassist/javassist/3.22.0-CR2/javassist-3.22.0-CR2.jar:/home/user/.m2/repository/org/glassfish/hk2/hk2-api/2.5.0/hk2-api-2.5.0.jar:/home/user/.m2/repository/org/glassfish/hk2/external/jakarta.inject/2.5.0/jakarta.inject-2.5.0.jar:/home/user/.m2/repository/org/glassfish/hk2/hk2-utils/2.5.0/hk2-utils-2.5.0.jar:/home/user/.m2/repository/jakarta/annotation/jakarta.annotation-api/1.3.4/jakarta.annotation-api-1.3.4.jar:/home/user/.m2/repository/org/glassfish/hk2/external/aopalliance-repackaged/2.5.0/aopalliance-repackaged-2.5.0.jar:/home/user/.m2/repository/com/fasterxml/jackson/dataformat/jackson-dataformat-xml/2.9.0/jackson-dataformat-xml-2.9.0.jar:/home/user/.m2/repository/com/fasterxml/jackson/module/jackson-module-jaxb-annotations/2.9.9/jackson-module-jaxb-annotations-2.9.9.jar:/home/user/.m2/repository/javax/enterprise/cdi-api/1.2/cdi-api-1.2.jar:/home/user/.m2/repository/javax/el/javax.el-api/3.0.0/javax.el-api-3.0.0.jar:/home/user/.m2/repository/javax/interceptor/javax.interceptor-api/1.2/javax.interceptor-api-1.2.jar:/home/user/.m2/repository/javax/inject/javax.inject/1/javax.inject-1.jar:/home/user/.m2/repository/org/apache/hadoop/hadoop-ozone-csi/0.5.0-SNAPSHOT/hadoop-ozone-csi-0.5.0-SNAPSHOT.jar:/home/user/.m2/repository/com/google/protobuf/protobuf-java-util/3.5.1/protobuf-java-util-3.5.1.jar:/home/user/.m2/repository/io/grpc/grpc-netty/1.17.1/grpc-netty-1.17.1.jar:/home/user/.m2/repository/io/grpc/grpc-core/1.17.1/grpc-core-1.17.1.jar:/home/user/.m2/repository/io/grpc/grpc-context/1.17.1/grpc-context-1.17.1.jar:/home/user/.m2/repository/com/google/errorprone/error_prone_annotations/2.2.0/error_prone_annotations-2.2.0.jar:/home/user/.m2/repository/org/codehaus/mojo/animal-sniffer-annotations/1.17/animal-sniffer-annotations-1.17.jar:/home/user/.m2/repository/io/opencensus/opencensus-api/0.17.0/opencensus-api-0.17.0.jar:/home/user/.m2/repository/io/opencensus/opencensus-contrib-grpc-metrics/0.17.0/opencensus-contrib-grpc-metrics-0.17.0.jar:/home/user/.m2/repository/io/netty/netty-codec-http2/4.1.30.Final/netty-codec-http2-4.1.30.Final.jar:/home/user/.m2/repository/io/netty/netty-codec-http/4.1.30.Final/netty-codec-http-4.1.30.Final.jar:/home/user/.m2/repository/io/netty/netty-codec/4.1.30.Final/netty-codec-4.1.30.Final.jar:/home/user/.m2/repository/io/netty/netty-handler/4.1.30.Final/netty-handler-4.1.30.Final.jar:/home/user/.m2/repository/io/netty/netty-handler-proxy/4.1.30.Final/netty-handler-proxy-4.1.30.Final.jar:/home/user/.m2/repository/io/netty/netty-codec-socks/4.1.30.Final/netty-codec-socks-4.1.30.Final.jar:/home/user/.m2/repository/io/netty/netty-transport-native-epoll/4.1.30.Final/netty-transport-native-epoll-4.1.30.Final.jar:/home/user/.m2/repository/io/netty/netty-common/4.1.30.Final/netty-common-4.1.30.Final.jar:/home/user/.m2/repository/io/netty/netty-buffer/4.1.30.Final/netty-buffer-4.1.30.Final.jar:/home/user/.m2/repository/io/netty/netty-transport/4.1.30.Final/netty-transport-4.1.30.Final.jar:/home/user/.m2/repository/io/netty/netty-resolver/4.1.30.Final/netty-resolver-4.1.30.Final.jar:/home/user/.m2/repository/io/netty/netty-transport-native-unix-common/4.1.30.Final/netty-transport-native-unix-common-4.1.30.Final.jar:/home/user/.m2/repository/io/grpc/grpc-protobuf/1.17.1/grpc-protobuf-1.17.1.jar:/home/user/.m2/repository/com/google/api/grpc/proto-google-common-protos/1.0.0/proto-google-common-protos-1.0.0.jar:/home/user/.m2/repository/io/grpc/grpc-protobuf-lite/1.17.1/grpc-protobuf-lite-1.17.1.jar:/home/user/.m2/repository/io/grpc/grpc-stub/1.17.1/grpc-stub-1.17.1.jar:/home/user/.m2/repository/org/apache/hadoop/hadoop-ozone-recon/0.5.0-SNAPSHOT/hadoop-ozone-recon-0.5.0-SNAPSHOT.jar:/home/user/.m2/repository/org/apache/hadoop/hadoop-ozone-reconcodegen/0.5.0-SNAPSHOT/hadoop-ozone-reconcodegen-0.5.0-SNAPSHOT.jar:/home/user/.m2/repository/com/google/inject/extensions/guice-multibindings/4.0/guice-multibindings-4.0.jar:/home/user/.m2/repository/com/google/inject/guice/4.0/guice-4.0.jar:/home/user/.m2/repository/aopalliance/aopalliance/1.0/aopalliance-1.0.jar:/home/user/.m2/repository/com/google/inject/extensions/guice-servlet/4.0/guice-servlet-4.0.jar:/home/user/.m2/repository/org/glassfish/jersey/containers/jersey-container-servlet/2.27/jersey-container-servlet-2.27.jar:/home/user/.m2/repository/org/glassfish/hk2/guice-bridge/2.5.0/guice-bridge-2.5.0.jar:/home/user/.m2/repository/org/glassfish/jersey/core/jersey-server/2.27/jersey-server-2.27.jar:/home/user/.m2/repository/org/glassfish/jersey/core/jersey-client/2.27/jersey-client-2.27.jar:/home/user/.m2/repository/org/glassfish/jersey/media/jersey-media-jaxb/2.27/jersey-media-jaxb-2.27.jar:/home/user/.m2/repository/javax/validation/validation-api/1.1.0.Final/validation-api-1.1.0.Final.jar:/home/user/.m2/repository/org/glassfish/jersey/media/jersey-media-json-jackson/2.27/jersey-media-json-jackson-2.27.jar:/home/user/.m2/repository/org/glassfish/jersey/ext/jersey-entity-filtering/2.27/jersey-entity-filtering-2.27.jar:/home/user/.m2/repository/com/google/inject/extensions/guice-assistedinject/4.0/guice-assistedinject-4.0.jar:/home/user/.m2/repository/org/jooq/jooq/3.11.10/jooq-3.11.10.jar:/home/user/.m2/repository/org/jooq/jooq-meta/3.11.10/jooq-meta-3.11.10.jar:/home/user/.m2/repository/org/jooq/jooq-codegen/3.11.10/jooq-codegen-3.11.10.jar:/home/user/.m2/repository/com/jolbox/bonecp/0.8.0.RELEASE/bonecp-0.8.0.RELEASE.jar:/home/user/.m2/repository/org/springframework/spring-jdbc/5.1.3.RELEASE/spring-jdbc-5.1.3.RELEASE.jar:/home/user/.m2/repository/org/springframework/spring-beans/5.1.3.RELEASE/spring-beans-5.1.3.RELEASE.jar:/home/user/.m2/repository/org/springframework/spring-core/5.1.3.RELEASE/spring-core-5.1.3.RELEASE.jar:/home/user/.m2/repository/org/springframework/spring-jcl/5.1.3.RELEASE/spring-jcl-5.1.3.RELEASE.jar:/home/user/.m2/repository/org/springframework/spring-tx/5.1.3.RELEASE/spring-tx-5.1.3.RELEASE.jar:/home/user/.m2/repository/org/mockito/mockito-core/2.15.0/mockito-core-2.15.0.jar:/home/user/.m2/repository/net/bytebuddy/byte-buddy/1.7.9/byte-buddy-1.7.9.jar:/home/user/.m2/repository/net/bytebuddy/byte-buddy-agent/1.7.9/byte-buddy-agent-1.7.9.jar:/home/user/.m2/repository/org/objenesis/objenesis/1.0/objenesis-1.0.jar:"/>
    <property name="sun.cpu.endian" value="little"/>
    <property name="user.home" value="/home/user"/>
    <property name="user.language" value="en"/>
    <property name="java.specification.vendor" value="Oracle Corporation"/>
    <property name="java.home" value="/usr/lib/jvm/java-1.8-openjdk/jre"/>
    <property name="java.security.krb5.conf" value="/workdir/hadoop-ozone/tools/target/test-classes/krb5.conf"/>
    <property name="basedir" value="/workdir/hadoop-ozone/tools"/>
    <property name="file.separator" value="/"/>
    <property name="line.separator" value="&#10;"/>
    <property name="java.vm.specification.vendor" value="Oracle Corporation"/>
    <property name="java.specification.name" value="Java Platform API Specification"/>
    <property name="java.awt.graphicsenv" value="sun.awt.X11GraphicsEnvironment"/>
    <property name="surefire.real.class.path" value="/workdir/hadoop-ozone/tools/target/surefire/surefirebooter2563644139403600304.jar"/>
    <property name="hadoop.log.dir" value="/workdir/hadoop-ozone/tools/target/log"/>
    <property name="sun.boot.class.path" value="/usr/lib/jvm/java-1.8-openjdk/jre/lib/resources.jar:/usr/lib/jvm/java-1.8-openjdk/jre/lib/rt.jar:/usr/lib/jvm/java-1.8-openjdk/jre/lib/sunrsasign.jar:/usr/lib/jvm/java-1.8-openjdk/jre/lib/jsse.jar:/usr/lib/jvm/java-1.8-openjdk/jre/lib/jce.jar:/usr/lib/jvm/java-1.8-openjdk/jre/lib/charsets.jar:/usr/lib/jvm/java-1.8-openjdk/jre/lib/jfr.jar:/usr/lib/jvm/java-1.8-openjdk/jre/classes"/>
    <property name="sun.management.compiler" value="HotSpot 64-Bit Tiered Compilers"/>
    <property name="java.runtime.version" value="1.8.0_212-b04"/>
    <property name="java.net.preferIPv4Stack" value="true"/>
    <property name="user.name" value="jenkins1000"/>
    <property name="path.separator" value=":"/>
    <property name="java.security.egd" value="file:///dev/urandom"/>
    <property name="os.version" value="3.10.0-957.12.2.el7.x86_64"/>
    <property name="java.endorsed.dirs" value="/usr/lib/jvm/java-1.8-openjdk/jre/lib/endorsed"/>
    <property name="java.runtime.name" value="OpenJDK Runtime Environment"/>
    <property name="file.encoding" value="UTF-8"/>
    <property name="java.vm.name" value="OpenJDK 64-Bit Server VM"/>
    <property name="test.build.webapps" value=""/>
    <property name="localRepository" value="/home/user/.m2/repository"/>
    <property name="java.vendor.url.bug" value="https://icedtea.classpath.org/bugzilla"/>
    <property name="java.io.tmpdir" value="/tmp"/>
    <property name="require.test.libhadoop" value=""/>
    <property name="java.version" value="1.8.0_212"/>
    <property name="user.dir" value="/workdir/hadoop-ozone/tools"/>
    <property name="os.arch" value="amd64"/>
    <property name="java.vm.specification.name" value="Java Virtual Machine Specification"/>
    <property name="test.build.classes" value="/workdir/hadoop-ozone/tools/target/test-classes"/>
    <property name="java.awt.printerjob" value="sun.print.PSPrinterJob"/>
    <property name="sun.os.patch.level" value="unknown"/>
    <property name="hadoop.tmp.dir" value="/workdir/hadoop-ozone/tools/target/tmp"/>
    <property name="java.library.path" value="/usr/lib/jvm/java-1.8-openjdk/jre/lib/amd64/server:/usr/lib/jvm/java-1.8-openjdk/jre/lib/amd64:/usr/lib/jvm/java-1.8-openjdk/jre/../lib/amd64:/workdir/hadoop-ozone/tools/target/native/target/usr/local/lib:/workdir/hadoop-ozone/tools/../../hadoop-common-project/hadoop-common/target/native/target/usr/local/lib:/usr/java/packages/lib/amd64:/usr/lib64:/lib64:/lib:/usr/lib"/>
    <property name="java.vm.info" value="mixed mode"/>
    <property name="java.vendor" value="IcedTea"/>
    <property name="java.vm.version" value="25.212-b04"/>
    <property name="java.ext.dirs" value="/usr/lib/jvm/java-1.8-openjdk/jre/lib/ext:/usr/java/packages/lib/ext"/>
    <property name="sun.io.unicode.encoding" value="UnicodeLittle"/>
    <property name="java.class.version" value="52.0"/>
  </properties>
  <testcase name="testRestart" classname="org.apache.hadoop.ozone.freon.TestFreonWithPipelineDestroy" time="23.65">
    <error message="Allocated 0 blocks. Requested 5 blocks" type="INTERNAL_ERROR org.apache.hadoop.ozone.om.exceptions.OMException">INTERNAL_ERROR org.apache.hadoop.ozone.om.exceptions.OMException: Allocated 0 blocks. Requested 5 blocks
	at org.apache.hadoop.ozone.om.protocolPB.OzoneManagerProtocolClientSideTranslatorPB.handleError(OzoneManagerProtocolClientSideTranslatorPB.java:732)
	at org.apache.hadoop.ozone.om.protocolPB.OzoneManagerProtocolClientSideTranslatorPB.openKey(OzoneManagerProtocolClientSideTranslatorPB.java:723)
	at sun.reflect.NativeMethodAccessorImpl.invoke0(Native Method)
	at sun.reflect.NativeMethodAccessorImpl.invoke(NativeMethodAccessorImpl.java:62)
	at sun.reflect.DelegatingMethodAccessorImpl.invoke(DelegatingMethodAccessorImpl.java:43)
	at java.lang.reflect.Method.invoke(Method.java:498)
	at org.apache.hadoop.hdds.tracing.TraceAllMethod.invoke(TraceAllMethod.java:66)
	at com.sun.proxy.$Proxy37.openKey(Unknown Source)
	at org.apache.hadoop.ozone.client.rpc.RpcClient.createKey(RpcClient.java:614)
	at org.apache.hadoop.ozone.client.OzoneBucket.createKey(OzoneBucket.java:325)
	at org.apache.hadoop.ozone.freon.RandomKeyGenerator.createKey(RandomKeyGenerator.java:695)
	at org.apache.hadoop.ozone.freon.RandomKeyGenerator.access$1100(RandomKeyGenerator.java:88)
	at org.apache.hadoop.ozone.freon.RandomKeyGenerator$ObjectCreator.run(RandomKeyGenerator.java:615)
	at java.util.concurrent.Executors$RunnableAdapter.call(Executors.java:511)
	at java.util.concurrent.FutureTask.run(FutureTask.java:266)
	at java.util.concurrent.ThreadPoolExecutor.runWorker(ThreadPoolExecutor.java:1149)
	at java.util.concurrent.ThreadPoolExecutor$Worker.run(ThreadPoolExecutor.java:624)
	at java.lang.Thread.run(Thread.java:748)
</error>
    <system-out><![CDATA[2019-09-27 10:07:31,146 [main] WARN  server.ServerUtils (ServerUtils.java:getScmDbDir(145)) - ozone.scm.db.dirs is not configured. We recommend adding this setting. Falling back to ozone.metadata.dirs instead.
2019-09-27 10:07:31,272 [main] WARN  server.ServerUtils (ServerUtils.java:getScmDbDir(145)) - ozone.scm.db.dirs is not configured. We recommend adding this setting. Falling back to ozone.metadata.dirs instead.
2019-09-27 10:07:31,274 [main] WARN  server.ServerUtils (ServerUtils.java:getScmDbDir(145)) - ozone.scm.db.dirs is not configured. We recommend adding this setting. Falling back to ozone.metadata.dirs instead.
2019-09-27 10:07:31,298 [main] INFO  util.log (Log.java:initialized(192)) - Logging initialized @888ms
2019-09-27 10:07:31,406 [main] INFO  db.DBStoreBuilder (DBStoreBuilder.java:addTable(110)) - using custom profile for table: deletedBlocks
2019-09-27 10:07:31,407 [main] INFO  db.DBStoreBuilder (DBStoreBuilder.java:processTables(161)) - Using default column profile:DBProfile.DISK for Table:deletedBlocks
2019-09-27 10:07:31,407 [main] INFO  db.DBStoreBuilder (DBStoreBuilder.java:addTable(110)) - using custom profile for table: validCerts
2019-09-27 10:07:31,408 [main] INFO  db.DBStoreBuilder (DBStoreBuilder.java:processTables(161)) - Using default column profile:DBProfile.DISK for Table:validCerts
2019-09-27 10:07:31,408 [main] INFO  db.DBStoreBuilder (DBStoreBuilder.java:addTable(110)) - using custom profile for table: revokedCerts
2019-09-27 10:07:31,408 [main] INFO  db.DBStoreBuilder (DBStoreBuilder.java:processTables(161)) - Using default column profile:DBProfile.DISK for Table:revokedCerts
2019-09-27 10:07:31,420 [main] INFO  db.DBStoreBuilder (DBStoreBuilder.java:addTable(110)) - using custom profile for table: default
2019-09-27 10:07:31,420 [main] INFO  db.DBStoreBuilder (DBStoreBuilder.java:processTables(167)) - Using default column profile:DBProfile.DISK for Table:default
2019-09-27 10:07:31,422 [main] INFO  db.DBStoreBuilder (DBStoreBuilder.java:getDbProfile(198)) - Using default options. DBProfile.DISK
2019-09-27 10:07:31,662 [main] INFO  net.NodeSchemaLoader (NodeSchemaLoader.java:loadSchemaFromFile(125)) - Loading file from sun.misc.CompoundEnumeration@65fb9ffc
2019-09-27 10:07:31,664 [main] INFO  net.NodeSchemaLoader (NodeSchemaLoader.java:loadSchema(171)) - Loading network topology layer schema file
2019-09-27 10:07:31,741 [main] INFO  node.SCMNodeManager (SCMNodeManager.java:<init>(114)) - Entering startup safe mode.
2019-09-27 10:07:31,823 [main] INFO  algorithms.ContainerPlacementPolicyFactory (ContainerPlacementPolicyFactory.java:getPolicy(59)) - Create container placement policy of type org.apache.hadoop.hdds.scm.container.placement.algorithms.SCMContainerPlacementRandom
2019-09-27 10:07:31,838 [main] WARN  server.ServerUtils (ServerUtils.java:getScmDbDir(145)) - ozone.scm.db.dirs is not configured. We recommend adding this setting. Falling back to ozone.metadata.dirs instead.
2019-09-27 10:07:31,893 [main] INFO  pipeline.SCMPipelineManager (SCMPipelineManager.java:initializePipelineState(147)) - No pipeline exists in current db
2019-09-27 10:07:31,896 [main] WARN  server.ServerUtils (ServerUtils.java:getScmDbDir(145)) - ozone.scm.db.dirs is not configured. We recommend adding this setting. Falling back to ozone.metadata.dirs instead.
2019-09-27 10:07:31,999 [main] INFO  safemode.HealthyPipelineSafeModeRule (HealthyPipelineSafeModeRule.java:<init>(89)) -  Total pipeline count is 0, healthy pipeline threshold count is 1
2019-09-27 10:07:32,001 [main] INFO  safemode.OneReplicaPipelineSafeModeRule (OneReplicaPipelineSafeModeRule.java:<init>(80)) - Total pipeline count is 0, pipeline's with at least one datanode reported threshold count is 0
2019-09-27 10:07:32,001 [main] WARN  events.EventQueue (EventQueue.java:fireEvent(183)) - No event handler registered for event TypedEvent{payloadType=SafeModeStatus, name='SafeModeStatus'}
2019-09-27 10:07:32,359 [main] INFO  ipc.CallQueueManager (CallQueueManager.java:<init>(84)) - Using callQueue: class java.util.concurrent.LinkedBlockingQueue, queueCapacity: 2000, scheduler: class org.apache.hadoop.ipc.DefaultRpcScheduler, ipcBackoff: false.
2019-09-27 10:07:32,492 [Socket Reader #1 for port 42023] INFO  ipc.Server (Server.java:run(1074)) - Starting Socket Reader #1 for port 42023
2019-09-27 10:07:32,529 [main] INFO  ipc.CallQueueManager (CallQueueManager.java:<init>(84)) - Using callQueue: class java.util.concurrent.LinkedBlockingQueue, queueCapacity: 2000, scheduler: class org.apache.hadoop.ipc.DefaultRpcScheduler, ipcBackoff: false.
2019-09-27 10:07:32,530 [Socket Reader #1 for port 46306] INFO  ipc.Server (Server.java:run(1074)) - Starting Socket Reader #1 for port 46306
2019-09-27 10:07:32,540 [main] INFO  ipc.CallQueueManager (CallQueueManager.java:<init>(84)) - Using callQueue: class java.util.concurrent.LinkedBlockingQueue, queueCapacity: 2000, scheduler: class org.apache.hadoop.ipc.DefaultRpcScheduler, ipcBackoff: false.
2019-09-27 10:07:32,541 [Socket Reader #1 for port 33674] INFO  ipc.Server (Server.java:run(1074)) - Starting Socket Reader #1 for port 33674
2019-09-27 10:07:32,566 [main] INFO  hdfs.DFSUtil (DFSUtil.java:httpServerTemplateForNNAndJN(1641)) - Starting Web-server for scm at: http://0.0.0.0:0
2019-09-27 10:07:32,710 [main] INFO  server.AuthenticationFilter (AuthenticationFilter.java:constructSecretProvider(240)) - Unable to initialize FileSignerSecretProvider, falling back to use random secrets.
2019-09-27 10:07:32,730 [main] WARN  http.HttpRequestLog (HttpRequestLog.java:getRequestLog(97)) - Jetty request log can only be enabled using Log4j
2019-09-27 10:07:32,740 [main] INFO  http.HttpServer2 (HttpServer2.java:addGlobalFilter(975)) - Added global filter 'safety' (class=org.apache.hadoop.http.HttpServer2$QuotingInputFilter)
2019-09-27 10:07:32,744 [main] INFO  http.HttpServer2 (HttpServer2.java:addFilter(948)) - Added filter static_user_filter (class=org.apache.hadoop.http.lib.StaticUserWebFilter$StaticUserFilter) to context scm
2019-09-27 10:07:32,744 [main] INFO  http.HttpServer2 (HttpServer2.java:addFilter(958)) - Added filter static_user_filter (class=org.apache.hadoop.http.lib.StaticUserWebFilter$StaticUserFilter) to context logs
2019-09-27 10:07:32,745 [main] INFO  http.HttpServer2 (HttpServer2.java:addFilter(958)) - Added filter static_user_filter (class=org.apache.hadoop.http.lib.StaticUserWebFilter$StaticUserFilter) to context static
2019-09-27 10:07:32,781 [main] INFO  server.StorageContainerManager (StorageContainerManager.java:start(770)) - StorageContainerLocationProtocol RPC server is listening at /0.0.0.0:33674
2019-09-27 10:07:32,862 [main] WARN  impl.MetricsConfig (MetricsConfig.java:loadFirst(134)) - Cannot locate configuration: tried hadoop-metrics2-storagecontainermanager.properties,hadoop-metrics2.properties
2019-09-27 10:07:32,881 [main] INFO  impl.MetricsSystemImpl (MetricsSystemImpl.java:startTimer(374)) - Scheduled Metric snapshot period at 10 second(s).
2019-09-27 10:07:32,882 [main] INFO  impl.MetricsSystemImpl (MetricsSystemImpl.java:start(191)) - StorageContainerManager metrics system started
2019-09-27 10:07:33,126 [main] INFO  server.SCMClientProtocolServer (SCMClientProtocolServer.java:start(151)) - RPC server for Client  is listening at /0.0.0.0:33674
2019-09-27 10:07:33,127 [IPC Server Responder] INFO  ipc.Server (Server.java:run(1314)) - IPC Server Responder: starting
2019-09-27 10:07:33,127 [IPC Server listener on 33674] INFO  ipc.Server (Server.java:run(1153)) - IPC Server listener on 33674: starting
2019-09-27 10:07:33,129 [main] INFO  server.StorageContainerManager (StorageContainerManager.java:start(780)) - ScmBlockLocationProtocol RPC server is listening at /0.0.0.0:46306
2019-09-27 10:07:33,131 [main] INFO  server.SCMBlockProtocolServer (SCMBlockProtocolServer.java:start(146)) - RPC server for Block Protocol is listening at /0.0.0.0:46306
2019-09-27 10:07:33,131 [IPC Server Responder] INFO  ipc.Server (Server.java:run(1314)) - IPC Server Responder: starting
2019-09-27 10:07:33,131 [IPC Server listener on 46306] INFO  ipc.Server (Server.java:run(1153)) - IPC Server listener on 46306: starting
2019-09-27 10:07:33,135 [main] INFO  server.StorageContainerManager (StorageContainerManager.java:start(784)) - ScmDatanodeProtocl RPC server is listening at /0.0.0.0:42023
2019-09-27 10:07:33,135 [main] INFO  server.SCMDatanodeProtocolServer (SCMDatanodeProtocolServer.java:start(199)) - RPC server for DataNodes is listening at /0.0.0.0:42023
2019-09-27 10:07:33,135 [IPC Server Responder] INFO  ipc.Server (Server.java:run(1314)) - IPC Server Responder: starting
2019-09-27 10:07:33,135 [IPC Server listener on 42023] INFO  ipc.Server (Server.java:run(1153)) - IPC Server listener on 42023: starting
2019-09-27 10:07:33,139 [main] INFO  http.HttpServer2 (HttpServer2.java:bindListener(1191)) - Jetty bound to port 34965
2019-09-27 10:07:33,141 [main] INFO  server.Server (Server.java:doStart(351)) - jetty-9.3.25.v20180904, build timestamp: 2018-09-04T21:11:46Z, git hash: 3ce520221d0240229c862b122d2b06c12a625732
2019-09-27 10:07:33,176 [main] INFO  handler.ContextHandler (ContextHandler.java:doStart(781)) - Started o.e.j.s.ServletContextHandler@101639ae{/logs,file:///workdir/hadoop-ozone/tools/target/log,AVAILABLE}
2019-09-27 10:07:33,176 [main] INFO  handler.ContextHandler (ContextHandler.java:doStart(781)) - Started o.e.j.s.ServletContextHandler@65fe9e33{/static,jar:file:/home/user/.m2/repository/org/apache/hadoop/hadoop-hdds-server-scm/0.5.0-SNAPSHOT/hadoop-hdds-server-scm-0.5.0-SNAPSHOT.jar!/webapps/static,AVAILABLE}
2019-09-27 10:07:33,246 [main] INFO  handler.ContextHandler (ContextHandler.java:doStart(781)) - Started o.e.j.w.WebAppContext@1095f122{/,file:///tmp/jetty-0.0.0.0-34965-scm-_-any-6425768794234212785.dir/webapp/,AVAILABLE}{/scm}
2019-09-27 10:07:33,251 [main] INFO  server.AbstractConnector (AbstractConnector.java:doStart(278)) - Started ServerConnector@6970140a{HTTP/1.1,[http/1.1]}{0.0.0.0:34965}
2019-09-27 10:07:33,251 [main] INFO  server.Server (Server.java:doStart(419)) - Started @2841ms
2019-09-27 10:07:33,254 [main] INFO  impl.MetricsSinkAdapter (MetricsSinkAdapter.java:start(204)) - Sink prometheus started
2019-09-27 10:07:33,254 [main] INFO  impl.MetricsSystemImpl (MetricsSystemImpl.java:registerSink(301)) - Registered sink prometheus
2019-09-27 10:07:33,255 [main] INFO  server.BaseHttpServer (BaseHttpServer.java:updateConnectorAddress(215)) - HTTP server of SCM is listening at http://0.0.0.0:34965
2019-09-27 10:07:33,261 [org.apache.hadoop.util.JvmPauseMonitor$Monitor@7689ddef] INFO  util.JvmPauseMonitor (JvmPauseMonitor.java:run(188)) - Starting JVM pause monitor
2019-09-27 10:07:33,264 [main] WARN  server.ServerUtils (ServerUtils.java:getDBPath(222)) - ozone.om.db.dirs is not configured. We recommend adding this setting. Falling back to ozone.metadata.dirs instead.
2019-09-27 10:07:33,364 [main] WARN  server.ServerUtils (ServerUtils.java:getDBPath(222)) - ozone.om.db.dirs is not configured. We recommend adding this setting. Falling back to ozone.metadata.dirs instead.
2019-09-27 10:07:33,364 [main] WARN  server.ServerUtils (ServerUtils.java:getDBPath(222)) - ozone.om.db.dirs is not configured. We recommend adding this setting. Falling back to ozone.metadata.dirs instead.
2019-09-27 10:07:33,365 [main] INFO  om.OzoneManager (OzoneManager.java:setOMNodeDetails(652)) - OM Service ID is not set. Setting it to the default ID: omServiceIdDefault
2019-09-27 10:07:33,365 [main] INFO  om.OzoneManager (OzoneManager.java:setOMNodeDetails(658)) - OM Node ID is not set. Setting it to the OmStorage's OmID: e6f506ea-b858-478e-8c00-b601b6d1d271
2019-09-27 10:07:33,366 [main] INFO  om.OzoneManager (OzoneManager.java:loadOMHAConfigs(609)) - Found matching OM address with OMServiceId: null, OMNodeId: null, RPC Address: localhost:0 and Ratis port: 9872
2019-09-27 10:07:34,048 [main] WARN  server.ServerUtils (ServerUtils.java:getDBPath(222)) - ozone.om.db.dirs is not configured. We recommend adding this setting. Falling back to ozone.metadata.dirs instead.
2019-09-27 10:07:34,056 [main] INFO  db.DBStoreBuilder (DBStoreBuilder.java:addTable(110)) - using custom profile for table: userTable
2019-09-27 10:07:34,056 [main] INFO  db.DBStoreBuilder (DBStoreBuilder.java:processTables(161)) - Using default column profile:DBProfile.DISK for Table:userTable
2019-09-27 10:07:34,056 [main] INFO  db.DBStoreBuilder (DBStoreBuilder.java:addTable(110)) - using custom profile for table: volumeTable
2019-09-27 10:07:34,056 [main] INFO  db.DBStoreBuilder (DBStoreBuilder.java:processTables(161)) - Using default column profile:DBProfile.DISK for Table:volumeTable
2019-09-27 10:07:34,057 [main] INFO  db.DBStoreBuilder (DBStoreBuilder.java:addTable(110)) - using custom profile for table: bucketTable
2019-09-27 10:07:34,057 [main] INFO  db.DBStoreBuilder (DBStoreBuilder.java:processTables(161)) - Using default column profile:DBProfile.DISK for Table:bucketTable
2019-09-27 10:07:34,057 [main] INFO  db.DBStoreBuilder (DBStoreBuilder.java:addTable(110)) - using custom profile for table: keyTable
2019-09-27 10:07:34,057 [main] INFO  db.DBStoreBuilder (DBStoreBuilder.java:processTables(161)) - Using default column profile:DBProfile.DISK for Table:keyTable
2019-09-27 10:07:34,058 [main] INFO  db.DBStoreBuilder (DBStoreBuilder.java:addTable(110)) - using custom profile for table: deletedTable
2019-09-27 10:07:34,058 [main] INFO  db.DBStoreBuilder (DBStoreBuilder.java:processTables(161)) - Using default column profile:DBProfile.DISK for Table:deletedTable
2019-09-27 10:07:34,058 [main] INFO  db.DBStoreBuilder (DBStoreBuilder.java:addTable(110)) - using custom profile for table: openKeyTable
2019-09-27 10:07:34,058 [main] INFO  db.DBStoreBuilder (DBStoreBuilder.java:processTables(161)) - Using default column profile:DBProfile.DISK for Table:openKeyTable
2019-09-27 10:07:34,059 [main] INFO  db.DBStoreBuilder (DBStoreBuilder.java:addTable(110)) - using custom profile for table: s3Table
2019-09-27 10:07:34,059 [main] INFO  db.DBStoreBuilder (DBStoreBuilder.java:processTables(161)) - Using default column profile:DBProfile.DISK for Table:s3Table
2019-09-27 10:07:34,059 [main] INFO  db.DBStoreBuilder (DBStoreBuilder.java:addTable(110)) - using custom profile for table: multipartInfoTable
2019-09-27 10:07:34,059 [main] INFO  db.DBStoreBuilder (DBStoreBuilder.java:processTables(161)) - Using default column profile:DBProfile.DISK for Table:multipartInfoTable
2019-09-27 10:07:34,060 [main] INFO  db.DBStoreBuilder (DBStoreBuilder.java:addTable(110)) - using custom profile for table: dTokenTable
2019-09-27 10:07:34,060 [main] INFO  db.DBStoreBuilder (DBStoreBuilder.java:processTables(161)) - Using default column profile:DBProfile.DISK for Table:dTokenTable
2019-09-27 10:07:34,060 [main] INFO  db.DBStoreBuilder (DBStoreBuilder.java:addTable(110)) - using custom profile for table: s3SecretTable
2019-09-27 10:07:34,060 [main] INFO  db.DBStoreBuilder (DBStoreBuilder.java:processTables(161)) - Using default column profile:DBProfile.DISK for Table:s3SecretTable
2019-09-27 10:07:34,061 [main] INFO  db.DBStoreBuilder (DBStoreBuilder.java:addTable(110)) - using custom profile for table: prefixTable
2019-09-27 10:07:34,061 [main] INFO  db.DBStoreBuilder (DBStoreBuilder.java:processTables(161)) - Using default column profile:DBProfile.DISK for Table:prefixTable
2019-09-27 10:07:34,061 [main] INFO  db.DBStoreBuilder (DBStoreBuilder.java:addTable(110)) - using custom profile for table: default
2019-09-27 10:07:34,061 [main] INFO  db.DBStoreBuilder (DBStoreBuilder.java:processTables(167)) - Using default column profile:DBProfile.DISK for Table:default
2019-09-27 10:07:34,061 [main] INFO  db.DBStoreBuilder (DBStoreBuilder.java:getDbProfile(198)) - Using default options. DBProfile.DISK
2019-09-27 10:07:34,521 [main] INFO  ipc.CallQueueManager (CallQueueManager.java:<init>(84)) - Using callQueue: class java.util.concurrent.LinkedBlockingQueue, queueCapacity: 2000, scheduler: class org.apache.hadoop.ipc.DefaultRpcScheduler, ipcBackoff: false.
2019-09-27 10:07:34,521 [Socket Reader #1 for port 45790] INFO  ipc.Server (Server.java:run(1074)) - Starting Socket Reader #1 for port 45790
2019-09-27 10:07:34,542 [main] INFO  om.OzoneManager (OzoneManager.java:start(1243)) - OzoneManager RPC server is listening at localhost/127.0.0.1:45790
2019-09-27 10:07:34,542 [main] INFO  impl.MetricsSystemImpl (MetricsSystemImpl.java:init(158)) - OzoneManager metrics system started (again)
2019-09-27 10:07:34,544 [IPC Server Responder] INFO  ipc.Server (Server.java:run(1314)) - IPC Server Responder: starting
2019-09-27 10:07:34,544 [IPC Server listener on 45790] INFO  ipc.Server (Server.java:run(1153)) - IPC Server listener on 45790: starting
2019-09-27 10:07:34,547 [main] INFO  hdfs.DFSUtil (DFSUtil.java:httpServerTemplateForNNAndJN(1641)) - Starting Web-server for ozoneManager at: http://0.0.0.0:0
2019-09-27 10:07:34,548 [main] INFO  server.AuthenticationFilter (AuthenticationFilter.java:constructSecretProvider(240)) - Unable to initialize FileSignerSecretProvider, falling back to use random secrets.
2019-09-27 10:07:34,549 [main] WARN  http.HttpRequestLog (HttpRequestLog.java:getRequestLog(97)) - Jetty request log can only be enabled using Log4j
2019-09-27 10:07:34,551 [main] INFO  http.HttpServer2 (HttpServer2.java:addGlobalFilter(975)) - Added global filter 'safety' (class=org.apache.hadoop.http.HttpServer2$QuotingInputFilter)
2019-09-27 10:07:34,552 [main] INFO  http.HttpServer2 (HttpServer2.java:addFilter(948)) - Added filter static_user_filter (class=org.apache.hadoop.http.lib.StaticUserWebFilter$StaticUserFilter) to context ozoneManager
2019-09-27 10:07:34,552 [main] INFO  http.HttpServer2 (HttpServer2.java:addFilter(958)) - Added filter static_user_filter (class=org.apache.hadoop.http.lib.StaticUserWebFilter$StaticUserFilter) to context logs
2019-09-27 10:07:34,552 [main] INFO  http.HttpServer2 (HttpServer2.java:addFilter(958)) - Added filter static_user_filter (class=org.apache.hadoop.http.lib.StaticUserWebFilter$StaticUserFilter) to context static
2019-09-27 10:07:34,554 [main] INFO  http.HttpServer2 (HttpServer2.java:bindListener(1191)) - Jetty bound to port 33124
2019-09-27 10:07:34,554 [main] INFO  server.Server (Server.java:doStart(351)) - jetty-9.3.25.v20180904, build timestamp: 2018-09-04T21:11:46Z, git hash: 3ce520221d0240229c862b122d2b06c12a625732
2019-09-27 10:07:34,661 [main] INFO  handler.ContextHandler (ContextHandler.java:doStart(781)) - Started o.e.j.s.ServletContextHandler@55b8dbda{/logs,file:///workdir/hadoop-ozone/tools/target/log,AVAILABLE}
2019-09-27 10:07:34,662 [main] INFO  handler.ContextHandler (ContextHandler.java:doStart(781)) - Started o.e.j.s.ServletContextHandler@3a022576{/static,jar:file:/home/user/.m2/repository/org/apache/hadoop/hadoop-ozone-ozone-manager/0.5.0-SNAPSHOT/hadoop-ozone-ozone-manager-0.5.0-SNAPSHOT.jar!/webapps/static,AVAILABLE}
2019-09-27 10:07:34,707 [main] INFO  handler.ContextHandler (ContextHandler.java:doStart(781)) - Started o.e.j.w.WebAppContext@388b401d{/,file:///tmp/jetty-0.0.0.0-33124-ozoneManager-_-any-1772476011550515570.dir/webapp/,AVAILABLE}{/ozoneManager}
2019-09-27 10:07:34,708 [main] INFO  server.AbstractConnector (AbstractConnector.java:doStart(278)) - Started ServerConnector@2bcec6a6{HTTP/1.1,[http/1.1]}{0.0.0.0:33124}
2019-09-27 10:07:34,708 [main] INFO  server.Server (Server.java:doStart(419)) - Started @4298ms
2019-09-27 10:07:34,709 [main] WARN  impl.MetricsSystemImpl (MetricsSystemImpl.java:register(276)) - Sink prometheus already exists!
2019-09-27 10:07:34,711 [main] INFO  server.BaseHttpServer (BaseHttpServer.java:updateConnectorAddress(215)) - HTTP server of OZONEMANAGER is listening at http://0.0.0.0:33124
2019-09-27 10:07:34,877 [main] INFO  impl.MetricsSystemImpl (MetricsSystemImpl.java:init(158)) - HddsDatanode metrics system started (again)
2019-09-27 10:07:34,930 [main] INFO  ozone.HddsDatanodeService (HddsDatanodeService.java:start(184)) - HddsDatanodeService host:pr-hdds2034-jk2kc-152962534 ip:192.168.164.207
2019-09-27 10:07:34,963 [main] INFO  volume.HddsVolume (HddsVolume.java:<init>(176)) - Creating Volume: /workdir/hadoop-ozone/tools/target/test-dir/MiniOzoneClusterImpl-ab03b5f4-ba7d-41ab-a40f-aec5b371f622/datanode-0/data/containers/hdds of  storage type : DISK and capacity : 1482555576320
2019-09-27 10:07:34,965 [main] INFO  volume.VolumeSet (VolumeSet.java:initializeVolumeSet(170)) - Added Volume : /workdir/hadoop-ozone/tools/target/test-dir/MiniOzoneClusterImpl-ab03b5f4-ba7d-41ab-a40f-aec5b371f622/datanode-0/data/containers/hdds to VolumeSet
2019-09-27 10:07:34,968 [main] INFO  volume.ThrottledAsyncChecker (ThrottledAsyncChecker.java:schedule(139)) - Scheduling a check for org.apache.hadoop.ozone.container.common.volume.HddsVolume@7d0cc890
2019-09-27 10:07:34,984 [main] INFO  volume.HddsVolumeChecker (HddsVolumeChecker.java:checkAllVolumes(202)) - Scheduled health check for volume org.apache.hadoop.ozone.container.common.volume.HddsVolume@7d0cc890
2019-09-27 10:07:35,081 [main] INFO  impl.RaftServerProxy (ConfUtils.java:logGet(43)) - raft.rpc.type = GRPC (default)
2019-09-27 10:07:35,142 [main] INFO  grpc.GrpcFactory (GrpcFactory.java:checkPooledByteBufAllocatorUseCacheForAllThreads(45)) - PERFORMANCE WARNING: useCacheForAllThreads is true that may cause Netty to create a lot garbage objects and, as a result, trigger GC.
	It is recommended to disable useCacheForAllThreads by setting -Dorg.apache.ratis.thirdparty.io.netty.allocator.useCacheForAllThreads=false in command line.
2019-09-27 10:07:35,147 [main] INFO  grpc.GrpcConfigKeys$Server (ConfUtils.java:logGet(43)) - raft.grpc.server.port = 0 (default)
2019-09-27 10:07:35,148 [main] INFO  server.GrpcService (ConfUtils.java:logGet(43)) - raft.grpc.message.size.max = 33570816 (custom)
2019-09-27 10:07:35,149 [main] INFO  server.RaftServerConfigKeys (ConfUtils.java:logGet(43)) - raft.server.log.appender.buffer.byte-limit = 33554432 (custom)
2019-09-27 10:07:35,150 [main] INFO  server.GrpcService (ConfUtils.java:logGet(43)) - raft.grpc.flow.control.window = 1MB (=1048576) (default)
2019-09-27 10:07:35,151 [main] INFO  server.RaftServerConfigKeys (ConfUtils.java:logGet(43)) - raft.server.rpc.request.timeout = 3000ms (default)
2019-09-27 10:07:35,308 [main] INFO  server.RaftServerConfigKeys (ConfUtils.java:logGet(43)) - raft.server.storage.dir = [/workdir/hadoop-ozone/tools/target/test-dir/MiniOzoneClusterImpl-ab03b5f4-ba7d-41ab-a40f-aec5b371f622/datanode-0/data/ratis] (custom)
2019-09-27 10:07:35,382 [main] INFO  hdfs.DFSUtil (DFSUtil.java:httpServerTemplateForNNAndJN(1641)) - Starting Web-server for hddsDatanode at: http://0.0.0.0:0
2019-09-27 10:07:35,388 [main] INFO  server.AuthenticationFilter (AuthenticationFilter.java:constructSecretProvider(240)) - Unable to initialize FileSignerSecretProvider, falling back to use random secrets.
2019-09-27 10:07:35,390 [main] WARN  http.HttpRequestLog (HttpRequestLog.java:getRequestLog(97)) - Jetty request log can only be enabled using Log4j
2019-09-27 10:07:35,394 [main] INFO  http.HttpServer2 (HttpServer2.java:addGlobalFilter(975)) - Added global filter 'safety' (class=org.apache.hadoop.http.HttpServer2$QuotingInputFilter)
2019-09-27 10:07:35,396 [main] INFO  http.HttpServer2 (HttpServer2.java:addFilter(948)) - Added filter static_user_filter (class=org.apache.hadoop.http.lib.StaticUserWebFilter$StaticUserFilter) to context hddsDatanode
2019-09-27 10:07:35,396 [main] INFO  http.HttpServer2 (HttpServer2.java:addFilter(958)) - Added filter static_user_filter (class=org.apache.hadoop.http.lib.StaticUserWebFilter$StaticUserFilter) to context static
2019-09-27 10:07:35,396 [main] INFO  http.HttpServer2 (HttpServer2.java:addFilter(958)) - Added filter static_user_filter (class=org.apache.hadoop.http.lib.StaticUserWebFilter$StaticUserFilter) to context logs
2019-09-27 10:07:35,399 [main] INFO  http.HttpServer2 (HttpServer2.java:bindListener(1191)) - Jetty bound to port 40402
2019-09-27 10:07:35,399 [main] INFO  server.Server (Server.java:doStart(351)) - jetty-9.3.25.v20180904, build timestamp: 2018-09-04T21:11:46Z, git hash: 3ce520221d0240229c862b122d2b06c12a625732
2019-09-27 10:07:35,402 [main] INFO  handler.ContextHandler (ContextHandler.java:doStart(781)) - Started o.e.j.s.ServletContextHandler@63c12e52{/logs,file:///workdir/hadoop-ozone/tools/target/log,AVAILABLE}
2019-09-27 10:07:35,403 [main] INFO  handler.ContextHandler (ContextHandler.java:doStart(781)) - Started o.e.j.s.ServletContextHandler@26c47874{/static,jar:file:/home/user/.m2/repository/org/apache/hadoop/hadoop-hdds-container-service/0.5.0-SNAPSHOT/hadoop-hdds-container-service-0.5.0-SNAPSHOT.jar!/webapps/static,AVAILABLE}
2019-09-27 10:07:35,438 [main] INFO  handler.ContextHandler (ContextHandler.java:doStart(781)) - Started o.e.j.w.WebAppContext@3804a9a8{/,file:///tmp/jetty-0.0.0.0-40402-hddsDatanode-_-any-4425671414823177581.dir/webapp/,AVAILABLE}{/hddsDatanode}
2019-09-27 10:07:35,441 [main] INFO  server.AbstractConnector (AbstractConnector.java:doStart(278)) - Started ServerConnector@117525fe{HTTP/1.1,[http/1.1]}{0.0.0.0:40402}
2019-09-27 10:07:35,441 [main] INFO  server.Server (Server.java:doStart(419)) - Started @5031ms
2019-09-27 10:07:35,442 [main] WARN  impl.MetricsSystemImpl (MetricsSystemImpl.java:register(276)) - Sink prometheus already exists!
2019-09-27 10:07:35,443 [main] INFO  server.BaseHttpServer (BaseHttpServer.java:updateConnectorAddress(215)) - HTTP server of HDDSDATANODE is listening at http://0.0.0.0:40402
2019-09-27 10:07:35,444 [main] INFO  impl.MetricsSystemImpl (MetricsSystemImpl.java:init(158)) - HddsDatanode metrics system started (again)
2019-09-27 10:07:35,450 [main] INFO  ozone.HddsDatanodeService (HddsDatanodeService.java:start(184)) - HddsDatanodeService host:pr-hdds2034-jk2kc-152962534 ip:192.168.164.207
2019-09-27 10:07:35,450 [org.apache.hadoop.util.JvmPauseMonitor$Monitor@73d9911] INFO  util.JvmPauseMonitor (JvmPauseMonitor.java:run(188)) - Starting JVM pause monitor
2019-09-27 10:07:35,459 [main] INFO  volume.HddsVolume (HddsVolume.java:<init>(176)) - Creating Volume: /workdir/hadoop-ozone/tools/target/test-dir/MiniOzoneClusterImpl-ab03b5f4-ba7d-41ab-a40f-aec5b371f622/datanode-1/data/containers/hdds of  storage type : DISK and capacity : 1482555576320
2019-09-27 10:07:35,460 [main] INFO  volume.VolumeSet (VolumeSet.java:initializeVolumeSet(170)) - Added Volume : /workdir/hadoop-ozone/tools/target/test-dir/MiniOzoneClusterImpl-ab03b5f4-ba7d-41ab-a40f-aec5b371f622/datanode-1/data/containers/hdds to VolumeSet
2019-09-27 10:07:35,461 [main] INFO  volume.ThrottledAsyncChecker (ThrottledAsyncChecker.java:schedule(139)) - Scheduling a check for org.apache.hadoop.ozone.container.common.volume.HddsVolume@625d9132
2019-09-27 10:07:35,462 [main] INFO  volume.HddsVolumeChecker (HddsVolumeChecker.java:checkAllVolumes(202)) - Scheduled health check for volume org.apache.hadoop.ozone.container.common.volume.HddsVolume@625d9132
2019-09-27 10:07:35,477 [main] INFO  impl.RaftServerProxy (ConfUtils.java:logGet(43)) - raft.rpc.type = GRPC (default)
2019-09-27 10:07:35,477 [main] INFO  grpc.GrpcFactory (GrpcFactory.java:checkPooledByteBufAllocatorUseCacheForAllThreads(45)) - PERFORMANCE WARNING: useCacheForAllThreads is true that may cause Netty to create a lot garbage objects and, as a result, trigger GC.
	It is recommended to disable useCacheForAllThreads by setting -Dorg.apache.ratis.thirdparty.io.netty.allocator.useCacheForAllThreads=false in command line.
2019-09-27 10:07:35,477 [main] INFO  grpc.GrpcConfigKeys$Server (ConfUtils.java:logGet(43)) - raft.grpc.server.port = 0 (default)
2019-09-27 10:07:35,478 [main] INFO  server.GrpcService (ConfUtils.java:logGet(43)) - raft.grpc.message.size.max = 33570816 (custom)
2019-09-27 10:07:35,478 [main] INFO  server.RaftServerConfigKeys (ConfUtils.java:logGet(43)) - raft.server.log.appender.buffer.byte-limit = 33554432 (custom)
2019-09-27 10:07:35,478 [main] INFO  server.GrpcService (ConfUtils.java:logGet(43)) - raft.grpc.flow.control.window = 1MB (=1048576) (default)
2019-09-27 10:07:35,478 [main] INFO  server.RaftServerConfigKeys (ConfUtils.java:logGet(43)) - raft.server.rpc.request.timeout = 3000ms (default)
2019-09-27 10:07:35,479 [main] INFO  server.RaftServerConfigKeys (ConfUtils.java:logGet(43)) - raft.server.storage.dir = [/workdir/hadoop-ozone/tools/target/test-dir/MiniOzoneClusterImpl-ab03b5f4-ba7d-41ab-a40f-aec5b371f622/datanode-1/data/ratis] (custom)
2019-09-27 10:07:35,481 [main] INFO  hdfs.DFSUtil (DFSUtil.java:httpServerTemplateForNNAndJN(1641)) - Starting Web-server for hddsDatanode at: http://0.0.0.0:0
2019-09-27 10:07:35,482 [main] INFO  server.AuthenticationFilter (AuthenticationFilter.java:constructSecretProvider(240)) - Unable to initialize FileSignerSecretProvider, falling back to use random secrets.
2019-09-27 10:07:35,484 [main] WARN  http.HttpRequestLog (HttpRequestLog.java:getRequestLog(97)) - Jetty request log can only be enabled using Log4j
2019-09-27 10:07:35,486 [main] INFO  http.HttpServer2 (HttpServer2.java:addGlobalFilter(975)) - Added global filter 'safety' (class=org.apache.hadoop.http.HttpServer2$QuotingInputFilter)
2019-09-27 10:07:35,487 [main] INFO  http.HttpServer2 (HttpServer2.java:addFilter(948)) - Added filter static_user_filter (class=org.apache.hadoop.http.lib.StaticUserWebFilter$StaticUserFilter) to context hddsDatanode
2019-09-27 10:07:35,487 [main] INFO  http.HttpServer2 (HttpServer2.java:addFilter(958)) - Added filter static_user_filter (class=org.apache.hadoop.http.lib.StaticUserWebFilter$StaticUserFilter) to context static
2019-09-27 10:07:35,487 [main] INFO  http.HttpServer2 (HttpServer2.java:addFilter(958)) - Added filter static_user_filter (class=org.apache.hadoop.http.lib.StaticUserWebFilter$StaticUserFilter) to context logs
2019-09-27 10:07:35,488 [main] INFO  http.HttpServer2 (HttpServer2.java:bindListener(1191)) - Jetty bound to port 39694
2019-09-27 10:07:35,489 [main] INFO  server.Server (Server.java:doStart(351)) - jetty-9.3.25.v20180904, build timestamp: 2018-09-04T21:11:46Z, git hash: 3ce520221d0240229c862b122d2b06c12a625732
2019-09-27 10:07:35,492 [main] INFO  handler.ContextHandler (ContextHandler.java:doStart(781)) - Started o.e.j.s.ServletContextHandler@4d41ba0f{/logs,file:///workdir/hadoop-ozone/tools/target/log,AVAILABLE}
2019-09-27 10:07:35,493 [main] INFO  handler.ContextHandler (ContextHandler.java:doStart(781)) - Started o.e.j.s.ServletContextHandler@77bbadc{/static,jar:file:/home/user/.m2/repository/org/apache/hadoop/hadoop-hdds-container-service/0.5.0-SNAPSHOT/hadoop-hdds-container-service-0.5.0-SNAPSHOT.jar!/webapps/static,AVAILABLE}
2019-09-27 10:07:35,527 [main] INFO  handler.ContextHandler (ContextHandler.java:doStart(781)) - Started o.e.j.w.WebAppContext@611a990b{/,file:///tmp/jetty-0.0.0.0-39694-hddsDatanode-_-any-2394133884518360455.dir/webapp/,AVAILABLE}{/hddsDatanode}
2019-09-27 10:07:35,528 [main] INFO  server.AbstractConnector (AbstractConnector.java:doStart(278)) - Started ServerConnector@7cbeac65{HTTP/1.1,[http/1.1]}{0.0.0.0:39694}
2019-09-27 10:07:35,530 [main] INFO  server.Server (Server.java:doStart(419)) - Started @5120ms
2019-09-27 10:07:35,530 [main] WARN  impl.MetricsSystemImpl (MetricsSystemImpl.java:register(276)) - Sink prometheus already exists!
2019-09-27 10:07:35,531 [main] INFO  server.BaseHttpServer (BaseHttpServer.java:updateConnectorAddress(215)) - HTTP server of HDDSDATANODE is listening at http://0.0.0.0:39694
2019-09-27 10:07:35,531 [main] INFO  impl.MetricsSystemImpl (MetricsSystemImpl.java:init(158)) - HddsDatanode metrics system started (again)
2019-09-27 10:07:35,534 [org.apache.hadoop.util.JvmPauseMonitor$Monitor@dda7f1b] INFO  util.JvmPauseMonitor (JvmPauseMonitor.java:run(188)) - Starting JVM pause monitor
2019-09-27 10:07:35,534 [main] INFO  ozone.HddsDatanodeService (HddsDatanodeService.java:start(184)) - HddsDatanodeService host:pr-hdds2034-jk2kc-152962534 ip:192.168.164.207
2019-09-27 10:07:35,542 [main] INFO  volume.HddsVolume (HddsVolume.java:<init>(176)) - Creating Volume: /workdir/hadoop-ozone/tools/target/test-dir/MiniOzoneClusterImpl-ab03b5f4-ba7d-41ab-a40f-aec5b371f622/datanode-2/data/containers/hdds of  storage type : DISK and capacity : 1482555576320
2019-09-27 10:07:35,542 [main] INFO  volume.VolumeSet (VolumeSet.java:initializeVolumeSet(170)) - Added Volume : /workdir/hadoop-ozone/tools/target/test-dir/MiniOzoneClusterImpl-ab03b5f4-ba7d-41ab-a40f-aec5b371f622/datanode-2/data/containers/hdds to VolumeSet
2019-09-27 10:07:35,542 [main] INFO  volume.ThrottledAsyncChecker (ThrottledAsyncChecker.java:schedule(139)) - Scheduling a check for org.apache.hadoop.ozone.container.common.volume.HddsVolume@5fcfde70
2019-09-27 10:07:35,543 [main] INFO  volume.HddsVolumeChecker (HddsVolumeChecker.java:checkAllVolumes(202)) - Scheduled health check for volume org.apache.hadoop.ozone.container.common.volume.HddsVolume@5fcfde70
2019-09-27 10:07:35,558 [main] INFO  impl.RaftServerProxy (ConfUtils.java:logGet(43)) - raft.rpc.type = GRPC (default)
2019-09-27 10:07:35,558 [main] INFO  grpc.GrpcFactory (GrpcFactory.java:checkPooledByteBufAllocatorUseCacheForAllThreads(45)) - PERFORMANCE WARNING: useCacheForAllThreads is true that may cause Netty to create a lot garbage objects and, as a result, trigger GC.
	It is recommended to disable useCacheForAllThreads by setting -Dorg.apache.ratis.thirdparty.io.netty.allocator.useCacheForAllThreads=false in command line.
2019-09-27 10:07:35,558 [main] INFO  grpc.GrpcConfigKeys$Server (ConfUtils.java:logGet(43)) - raft.grpc.server.port = 0 (default)
2019-09-27 10:07:35,559 [main] INFO  server.GrpcService (ConfUtils.java:logGet(43)) - raft.grpc.message.size.max = 33570816 (custom)
2019-09-27 10:07:35,559 [main] INFO  server.RaftServerConfigKeys (ConfUtils.java:logGet(43)) - raft.server.log.appender.buffer.byte-limit = 33554432 (custom)
2019-09-27 10:07:35,559 [main] INFO  server.GrpcService (ConfUtils.java:logGet(43)) - raft.grpc.flow.control.window = 1MB (=1048576) (default)
2019-09-27 10:07:35,559 [main] INFO  server.RaftServerConfigKeys (ConfUtils.java:logGet(43)) - raft.server.rpc.request.timeout = 3000ms (default)
2019-09-27 10:07:35,560 [main] INFO  server.RaftServerConfigKeys (ConfUtils.java:logGet(43)) - raft.server.storage.dir = [/workdir/hadoop-ozone/tools/target/test-dir/MiniOzoneClusterImpl-ab03b5f4-ba7d-41ab-a40f-aec5b371f622/datanode-2/data/ratis] (custom)
2019-09-27 10:07:35,562 [main] INFO  hdfs.DFSUtil (DFSUtil.java:httpServerTemplateForNNAndJN(1641)) - Starting Web-server for hddsDatanode at: http://0.0.0.0:0
2019-09-27 10:07:35,563 [main] INFO  server.AuthenticationFilter (AuthenticationFilter.java:constructSecretProvider(240)) - Unable to initialize FileSignerSecretProvider, falling back to use random secrets.
2019-09-27 10:07:35,564 [main] WARN  http.HttpRequestLog (HttpRequestLog.java:getRequestLog(97)) - Jetty request log can only be enabled using Log4j
2019-09-27 10:07:35,566 [main] INFO  http.HttpServer2 (HttpServer2.java:addGlobalFilter(975)) - Added global filter 'safety' (class=org.apache.hadoop.http.HttpServer2$QuotingInputFilter)
2019-09-27 10:07:35,566 [main] INFO  http.HttpServer2 (HttpServer2.java:addFilter(948)) - Added filter static_user_filter (class=org.apache.hadoop.http.lib.StaticUserWebFilter$StaticUserFilter) to context hddsDatanode
2019-09-27 10:07:35,567 [main] INFO  http.HttpServer2 (HttpServer2.java:addFilter(958)) - Added filter static_user_filter (class=org.apache.hadoop.http.lib.StaticUserWebFilter$StaticUserFilter) to context logs
2019-09-27 10:07:35,567 [main] INFO  http.HttpServer2 (HttpServer2.java:addFilter(958)) - Added filter static_user_filter (class=org.apache.hadoop.http.lib.StaticUserWebFilter$StaticUserFilter) to context static
2019-09-27 10:07:35,567 [main] INFO  http.HttpServer2 (HttpServer2.java:bindListener(1191)) - Jetty bound to port 36555
2019-09-27 10:07:35,568 [main] INFO  server.Server (Server.java:doStart(351)) - jetty-9.3.25.v20180904, build timestamp: 2018-09-04T21:11:46Z, git hash: 3ce520221d0240229c862b122d2b06c12a625732
2019-09-27 10:07:35,569 [main] INFO  handler.ContextHandler (ContextHandler.java:doStart(781)) - Started o.e.j.s.ServletContextHandler@6dcc40f5{/logs,file:///workdir/hadoop-ozone/tools/target/log,AVAILABLE}
2019-09-27 10:07:35,570 [main] INFO  handler.ContextHandler (ContextHandler.java:doStart(781)) - Started o.e.j.s.ServletContextHandler@70887727{/static,jar:file:/home/user/.m2/repository/org/apache/hadoop/hadoop-hdds-container-service/0.5.0-SNAPSHOT/hadoop-hdds-container-service-0.5.0-SNAPSHOT.jar!/webapps/static,AVAILABLE}
2019-09-27 10:07:35,577 [Datanode State Machine Thread - 0] INFO  datanode.InitDatanodeState (InitDatanodeState.java:persistContainerDatanodeDetails(140)) - DatanodeDetails is persisted to /workdir/hadoop-ozone/tools/target/test-dir/MiniOzoneClusterImpl-ab03b5f4-ba7d-41ab-a40f-aec5b371f622/datanode-0/meta/datanode.id
2019-09-27 10:07:35,581 [Datanode State Machine Thread - 0] INFO  datanode.InitDatanodeState (InitDatanodeState.java:persistContainerDatanodeDetails(140)) - DatanodeDetails is persisted to /workdir/hadoop-ozone/tools/target/test-dir/MiniOzoneClusterImpl-ab03b5f4-ba7d-41ab-a40f-aec5b371f622/datanode-1/meta/datanode.id
2019-09-27 10:07:35,603 [main] INFO  handler.ContextHandler (ContextHandler.java:doStart(781)) - Started o.e.j.w.WebAppContext@6540cf1d{/,file:///tmp/jetty-0.0.0.0-36555-hddsDatanode-_-any-7051789236362978206.dir/webapp/,AVAILABLE}{/hddsDatanode}
2019-09-27 10:07:35,604 [main] INFO  server.AbstractConnector (AbstractConnector.java:doStart(278)) - Started ServerConnector@ec8f4b9{HTTP/1.1,[http/1.1]}{0.0.0.0:36555}
2019-09-27 10:07:35,604 [main] INFO  server.Server (Server.java:doStart(419)) - Started @5195ms
2019-09-27 10:07:35,605 [main] WARN  impl.MetricsSystemImpl (MetricsSystemImpl.java:register(276)) - Sink prometheus already exists!
2019-09-27 10:07:35,606 [main] INFO  server.BaseHttpServer (BaseHttpServer.java:updateConnectorAddress(215)) - HTTP server of HDDSDATANODE is listening at http://0.0.0.0:36555
2019-09-27 10:07:35,608 [main] INFO  ozone.MiniOzoneClusterImpl (MiniOzoneClusterImpl.java:lambda$waitForClusterToBeReady$0(150)) - Waiting for nodes to be ready. Got 0 of 3 DN Heartbeats.
2019-09-27 10:07:35,608 [main] INFO  ozone.MiniOzoneClusterImpl (MiniOzoneClusterImpl.java:lambda$waitForClusterToBeReady$0(153)) - Waiting for cluster to exit safe mode
2019-09-27 10:07:35,608 [org.apache.hadoop.util.JvmPauseMonitor$Monitor@46cfdf7] INFO  util.JvmPauseMonitor (JvmPauseMonitor.java:run(188)) - Starting JVM pause monitor
2019-09-27 10:07:35,611 [Datanode State Machine Thread - 0] INFO  datanode.InitDatanodeState (InitDatanodeState.java:persistContainerDatanodeDetails(140)) - DatanodeDetails is persisted to /workdir/hadoop-ozone/tools/target/test-dir/MiniOzoneClusterImpl-ab03b5f4-ba7d-41ab-a40f-aec5b371f622/datanode-2/meta/datanode.id
2019-09-27 10:07:36,610 [main] INFO  ozone.MiniOzoneClusterImpl (MiniOzoneClusterImpl.java:lambda$waitForClusterToBeReady$0(150)) - Waiting for nodes to be ready. Got 0 of 3 DN Heartbeats.
2019-09-27 10:07:36,612 [main] INFO  ozone.MiniOzoneClusterImpl (MiniOzoneClusterImpl.java:lambda$waitForClusterToBeReady$0(153)) - Waiting for cluster to exit safe mode
2019-09-27 10:07:37,514 [Datanode State Machine Thread - 0] INFO  ozoneimpl.OzoneContainer (OzoneContainer.java:start(217)) - Attempting to start container services.
2019-09-27 10:07:37,517 [Datanode State Machine Thread - 0] INFO  ozoneimpl.OzoneContainer (OzoneContainer.java:startContainerScrub(179)) - Background container scanner has been disabled.
2019-09-27 10:07:37,517 [Datanode State Machine Thread - 0] INFO  ratis.XceiverServerRatis (XceiverServerRatis.java:start(411)) - Starting XceiverServerRatis 8b41b560-2f66-41da-8bcf-7a114e13a3cd at port 0
2019-09-27 10:07:37,543 [Datanode State Machine Thread - 0] INFO  impl.RaftServerProxy (RaftServerProxy.java:lambda$start$3(299)) - 8b41b560-2f66-41da-8bcf-7a114e13a3cd: start RPC server
2019-09-27 10:07:37,556 [Datanode State Machine Thread - 0] INFO  ozoneimpl.OzoneContainer (OzoneContainer.java:start(217)) - Attempting to start container services.
2019-09-27 10:07:37,561 [Datanode State Machine Thread - 0] INFO  ozoneimpl.OzoneContainer (OzoneContainer.java:startContainerScrub(179)) - Background container scanner has been disabled.
2019-09-27 10:07:37,561 [Datanode State Machine Thread - 0] INFO  ratis.XceiverServerRatis (XceiverServerRatis.java:start(411)) - Starting XceiverServerRatis 48e846be-65ac-46a0-adaf-cb2d27a9ede7 at port 0
2019-09-27 10:07:37,573 [Datanode State Machine Thread - 0] INFO  impl.RaftServerProxy (RaftServerProxy.java:lambda$start$3(299)) - 48e846be-65ac-46a0-adaf-cb2d27a9ede7: start RPC server
2019-09-27 10:07:37,613 [main] INFO  ozone.MiniOzoneClusterImpl (MiniOzoneClusterImpl.java:lambda$waitForClusterToBeReady$0(150)) - Waiting for nodes to be ready. Got 0 of 3 DN Heartbeats.
2019-09-27 10:07:37,613 [main] INFO  ozone.MiniOzoneClusterImpl (MiniOzoneClusterImpl.java:lambda$waitForClusterToBeReady$0(153)) - Waiting for cluster to exit safe mode
2019-09-27 10:07:37,624 [Datanode State Machine Thread - 0] INFO  ozoneimpl.OzoneContainer (OzoneContainer.java:start(217)) - Attempting to start container services.
2019-09-27 10:07:37,626 [Datanode State Machine Thread - 0] INFO  ozoneimpl.OzoneContainer (OzoneContainer.java:startContainerScrub(179)) - Background container scanner has been disabled.
2019-09-27 10:07:37,626 [Datanode State Machine Thread - 0] INFO  ratis.XceiverServerRatis (XceiverServerRatis.java:start(411)) - Starting XceiverServerRatis f91defaf-508c-4a2c-8b09-b8173efbe788 at port 0
2019-09-27 10:07:37,634 [Datanode State Machine Thread - 0] INFO  impl.RaftServerProxy (RaftServerProxy.java:lambda$start$3(299)) - f91defaf-508c-4a2c-8b09-b8173efbe788: start RPC server
2019-09-27 10:07:37,689 [Datanode State Machine Thread - 0] INFO  server.GrpcService (GrpcService.java:startImpl(158)) - f91defaf-508c-4a2c-8b09-b8173efbe788: GrpcService started, listening on 0.0.0.0/0.0.0.0:32847
2019-09-27 10:07:37,689 [Datanode State Machine Thread - 0] INFO  server.GrpcService (GrpcService.java:startImpl(158)) - 8b41b560-2f66-41da-8bcf-7a114e13a3cd: GrpcService started, listening on 0.0.0.0/0.0.0.0:42021
2019-09-27 10:07:37,689 [Datanode State Machine Thread - 0] INFO  server.GrpcService (GrpcService.java:startImpl(158)) - 48e846be-65ac-46a0-adaf-cb2d27a9ede7: GrpcService started, listening on 0.0.0.0/0.0.0.0:45638
2019-09-27 10:07:37,690 [Datanode State Machine Thread - 0] INFO  ratis.XceiverServerRatis (XceiverServerRatis.java:start(421)) - XceiverServerRatis 8b41b560-2f66-41da-8bcf-7a114e13a3cd is started using port 42021
2019-09-27 10:07:37,690 [Datanode State Machine Thread - 0] INFO  ratis.XceiverServerRatis (XceiverServerRatis.java:start(421)) - XceiverServerRatis f91defaf-508c-4a2c-8b09-b8173efbe788 is started using port 32847
2019-09-27 10:07:37,690 [Datanode State Machine Thread - 0] INFO  ratis.XceiverServerRatis (XceiverServerRatis.java:start(421)) - XceiverServerRatis 48e846be-65ac-46a0-adaf-cb2d27a9ede7 is started using port 45638
2019-09-27 10:07:37,695 [Datanode State Machine Thread - 0] INFO  server.XceiverServerGrpc (XceiverServerGrpc.java:start(149)) - XceiverServerGrpc 8b41b560-2f66-41da-8bcf-7a114e13a3cd is started using port 37878
2019-09-27 10:07:37,695 [Datanode State Machine Thread - 0] INFO  server.XceiverServerGrpc (XceiverServerGrpc.java:start(149)) - XceiverServerGrpc f91defaf-508c-4a2c-8b09-b8173efbe788 is started using port 39913
2019-09-27 10:07:37,696 [Datanode State Machine Thread - 0] INFO  server.XceiverServerGrpc (XceiverServerGrpc.java:start(149)) - XceiverServerGrpc 48e846be-65ac-46a0-adaf-cb2d27a9ede7 is started using port 39262
2019-09-27 10:07:38,613 [main] INFO  ozone.MiniOzoneClusterImpl (MiniOzoneClusterImpl.java:lambda$waitForClusterToBeReady$0(150)) - Waiting for nodes to be ready. Got 0 of 3 DN Heartbeats.
2019-09-27 10:07:38,614 [main] INFO  ozone.MiniOzoneClusterImpl (MiniOzoneClusterImpl.java:lambda$waitForClusterToBeReady$0(153)) - Waiting for cluster to exit safe mode
2019-09-27 10:07:39,482 [IPC Server handler 0 on 42023] INFO  net.NetworkTopology (NetworkTopologyImpl.java:add(111)) - Added a new node: /default-rack/8b41b560-2f66-41da-8bcf-7a114e13a3cd
2019-09-27 10:07:39,482 [IPC Server handler 0 on 42023] INFO  node.SCMNodeManager (SCMNodeManager.java:register(266)) - Registered Data node : 8b41b560-2f66-41da-8bcf-7a114e13a3cd{ip: 192.168.164.207, host: pr-hdds2034-jk2kc-152962534, networkLocation: /default-rack, certSerialId: null}
2019-09-27 10:07:39,485 [EventQueue-NodeRegistrationContainerReportForContainerSafeModeRule] INFO  safemode.SCMSafeModeManager (SCMSafeModeManager.java:validateSafeModeExitRules(169)) - ContainerSafeModeRule rule is successfully validated
2019-09-27 10:07:39,485 [EventQueue-NodeRegistrationContainerReportForDataNodeSafeModeRule] INFO  safemode.SCMSafeModeManager (DataNodeSafeModeRule.java:process(71)) - SCM in safe mode. 1 DataNodes registered, 1 required.
2019-09-27 10:07:39,486 [EventQueue-NodeRegistrationContainerReportForDataNodeSafeModeRule] INFO  safemode.SCMSafeModeManager (SCMSafeModeManager.java:validateSafeModeExitRules(169)) - DataNodeSafeModeRule rule is successfully validated
2019-09-27 10:07:39,488 [RatisPipelineUtilsThread] INFO  pipeline.RatisPipelineProvider (RatisPipelineProvider.java:lambda$create$4(164)) - Send pipeline:PipelineID=710c5d02-838b-42e5-b327-f98ed24e327b create command to datanode 8b41b560-2f66-41da-8bcf-7a114e13a3cd
2019-09-27 10:07:39,537 [IPC Server handler 1 on 42023] INFO  net.NetworkTopology (NetworkTopologyImpl.java:add(111)) - Added a new node: /default-rack/48e846be-65ac-46a0-adaf-cb2d27a9ede7
2019-09-27 10:07:39,537 [IPC Server handler 1 on 42023] INFO  node.SCMNodeManager (SCMNodeManager.java:register(266)) - Registered Data node : 48e846be-65ac-46a0-adaf-cb2d27a9ede7{ip: 192.168.164.207, host: pr-hdds2034-jk2kc-152962534, networkLocation: /default-rack, certSerialId: null}
2019-09-27 10:07:39,537 [EventQueue-NodeRegistrationContainerReportForContainerSafeModeRule] INFO  safemode.SCMSafeModeManager (SCMSafeModeManager.java:validateSafeModeExitRules(169)) - ContainerSafeModeRule rule is successfully validated
2019-09-27 10:07:39,537 [EventQueue-NodeRegistrationContainerReportForDataNodeSafeModeRule] INFO  safemode.SCMSafeModeManager (SCMSafeModeManager.java:validateSafeModeExitRules(169)) - DataNodeSafeModeRule rule is successfully validated
2019-09-27 10:07:39,539 [RatisPipelineUtilsThread] INFO  pipeline.RatisPipelineProvider (RatisPipelineProvider.java:lambda$create$4(164)) - Send pipeline:PipelineID=8c11baba-e125-4cf5-ae69-222bef006ac1 create command to datanode 48e846be-65ac-46a0-adaf-cb2d27a9ede7
2019-09-27 10:07:39,611 [IPC Server handler 2 on 42023] INFO  net.NetworkTopology (NetworkTopologyImpl.java:add(111)) - Added a new node: /default-rack/f91defaf-508c-4a2c-8b09-b8173efbe788
2019-09-27 10:07:39,612 [IPC Server handler 2 on 42023] INFO  node.SCMNodeManager (SCMNodeManager.java:register(266)) - Registered Data node : f91defaf-508c-4a2c-8b09-b8173efbe788{ip: 192.168.164.207, host: pr-hdds2034-jk2kc-152962534, networkLocation: /default-rack, certSerialId: null}
2019-09-27 10:07:39,613 [RatisPipelineUtilsThread] INFO  pipeline.RatisPipelineProvider (RatisPipelineProvider.java:lambda$create$4(164)) - Send pipeline:PipelineID=f1f201fc-6630-4ce4-aeb3-65ab115b84cd create command to datanode f91defaf-508c-4a2c-8b09-b8173efbe788
2019-09-27 10:07:39,614 [EventQueue-NodeRegistrationContainerReportForContainerSafeModeRule] INFO  safemode.SCMSafeModeManager (SCMSafeModeManager.java:validateSafeModeExitRules(169)) - ContainerSafeModeRule rule is successfully validated
2019-09-27 10:07:39,614 [EventQueue-NodeRegistrationContainerReportForDataNodeSafeModeRule] INFO  safemode.SCMSafeModeManager (SCMSafeModeManager.java:validateSafeModeExitRules(169)) - DataNodeSafeModeRule rule is successfully validated
2019-09-27 10:07:39,614 [main] INFO  ozone.MiniOzoneClusterImpl (MiniOzoneClusterImpl.java:lambda$waitForClusterToBeReady$0(150)) - Nodes are ready. Got 3 of 3 DN Heartbeats.
2019-09-27 10:07:39,614 [main] INFO  ozone.MiniOzoneClusterImpl (MiniOzoneClusterImpl.java:lambda$waitForClusterToBeReady$0(153)) - Waiting for cluster to exit safe mode
2019-09-27 10:07:39,614 [RatisPipelineUtilsThread] INFO  pipeline.RatisPipelineProvider (RatisPipelineProvider.java:lambda$create$4(164)) - Send pipeline:PipelineID=598c3609-29ad-4542-ab8a-53235962596b create command to datanode 48e846be-65ac-46a0-adaf-cb2d27a9ede7
2019-09-27 10:07:39,615 [RatisPipelineUtilsThread] INFO  pipeline.RatisPipelineProvider (RatisPipelineProvider.java:lambda$create$4(164)) - Send pipeline:PipelineID=598c3609-29ad-4542-ab8a-53235962596b create command to datanode 8b41b560-2f66-41da-8bcf-7a114e13a3cd
2019-09-27 10:07:39,615 [RatisPipelineUtilsThread] INFO  pipeline.RatisPipelineProvider (RatisPipelineProvider.java:lambda$create$4(164)) - Send pipeline:PipelineID=598c3609-29ad-4542-ab8a-53235962596b create command to datanode f91defaf-508c-4a2c-8b09-b8173efbe788
2019-09-27 10:07:40,615 [main] INFO  ozone.MiniOzoneClusterImpl (MiniOzoneClusterImpl.java:lambda$waitForClusterToBeReady$0(150)) - Nodes are ready. Got 3 of 3 DN Heartbeats.
2019-09-27 10:07:40,615 [main] INFO  ozone.MiniOzoneClusterImpl (MiniOzoneClusterImpl.java:lambda$waitForClusterToBeReady$0(153)) - Waiting for cluster to exit safe mode
2019-09-27 10:07:41,615 [main] INFO  ozone.MiniOzoneClusterImpl (MiniOzoneClusterImpl.java:lambda$waitForClusterToBeReady$0(150)) - Nodes are ready. Got 3 of 3 DN Heartbeats.
2019-09-27 10:07:41,616 [main] INFO  ozone.MiniOzoneClusterImpl (MiniOzoneClusterImpl.java:lambda$waitForClusterToBeReady$0(153)) - Waiting for cluster to exit safe mode
2019-09-27 10:07:42,616 [main] INFO  ozone.MiniOzoneClusterImpl (MiniOzoneClusterImpl.java:lambda$waitForClusterToBeReady$0(150)) - Nodes are ready. Got 3 of 3 DN Heartbeats.
2019-09-27 10:07:42,616 [main] INFO  ozone.MiniOzoneClusterImpl (MiniOzoneClusterImpl.java:lambda$waitForClusterToBeReady$0(153)) - Waiting for cluster to exit safe mode
2019-09-27 10:07:42,868 [grpc-default-executor-0] INFO  impl.RaftServerProxy (RaftServerProxy.java:addNew(89)) - 8b41b560-2f66-41da-8bcf-7a114e13a3cd: addNew group-F98ED24E327B:[8b41b560-2f66-41da-8bcf-7a114e13a3cd:192.168.164.207:42021] returns group-F98ED24E327B:java.util.concurrent.CompletableFuture@ce35531[Not completed]
2019-09-27 10:07:42,868 [grpc-default-executor-1] INFO  impl.RaftServerProxy (RaftServerProxy.java:addNew(89)) - 48e846be-65ac-46a0-adaf-cb2d27a9ede7: addNew group-222BEF006AC1:[48e846be-65ac-46a0-adaf-cb2d27a9ede7:192.168.164.207:45638] returns group-222BEF006AC1:java.util.concurrent.CompletableFuture@564d875[Not completed]
2019-09-27 10:07:42,868 [grpc-default-executor-2] INFO  impl.RaftServerProxy (RaftServerProxy.java:addNew(89)) - f91defaf-508c-4a2c-8b09-b8173efbe788: addNew group-65AB115B84CD:[f91defaf-508c-4a2c-8b09-b8173efbe788:192.168.164.207:32847] returns group-65AB115B84CD:java.util.concurrent.CompletableFuture@1c3049e0[Not completed]
2019-09-27 10:07:42,901 [pool-47-thread-1] INFO  impl.RaftServerImpl (RaftServerImpl.java:<init>(95)) - f91defaf-508c-4a2c-8b09-b8173efbe788: new RaftServerImpl for group-65AB115B84CD:[f91defaf-508c-4a2c-8b09-b8173efbe788:192.168.164.207:32847] with ContainerStateMachine:uninitialized
2019-09-27 10:07:42,901 [pool-27-thread-1] INFO  impl.RaftServerImpl (RaftServerImpl.java:<init>(95)) - 8b41b560-2f66-41da-8bcf-7a114e13a3cd: new RaftServerImpl for group-F98ED24E327B:[8b41b560-2f66-41da-8bcf-7a114e13a3cd:192.168.164.207:42021] with ContainerStateMachine:uninitialized
2019-09-27 10:07:42,916 [pool-27-thread-1] INFO  server.RaftServerConfigKeys (ConfUtils.java:logGet(43)) - raft.server.rpc.timeout.min = 5s (custom)
2019-09-27 10:07:42,916 [pool-47-thread-1] INFO  server.RaftServerConfigKeys (ConfUtils.java:logGet(43)) - raft.server.rpc.timeout.min = 5s (custom)
2019-09-27 10:07:42,917 [pool-27-thread-1] INFO  server.RaftServerConfigKeys (ConfUtils.java:logGet(43)) - raft.server.rpc.timeout.max = 5200ms (custom)
2019-09-27 10:07:42,917 [pool-47-thread-1] INFO  server.RaftServerConfigKeys (ConfUtils.java:logGet(43)) - raft.server.rpc.timeout.max = 5200ms (custom)
2019-09-27 10:07:42,917 [pool-27-thread-1] INFO  server.RaftServerConfigKeys (ConfUtils.java:logGet(43)) - raft.server.rpcslowness.timeout = 120s (custom)
2019-09-27 10:07:42,917 [pool-47-thread-1] INFO  server.RaftServerConfigKeys (ConfUtils.java:logGet(43)) - raft.server.rpcslowness.timeout = 120s (custom)
2019-09-27 10:07:42,917 [pool-37-thread-1] INFO  impl.RaftServerImpl (RaftServerImpl.java:<init>(95)) - 48e846be-65ac-46a0-adaf-cb2d27a9ede7: new RaftServerImpl for group-222BEF006AC1:[48e846be-65ac-46a0-adaf-cb2d27a9ede7:192.168.164.207:45638] with ContainerStateMachine:uninitialized
2019-09-27 10:07:42,918 [pool-37-thread-1] INFO  server.RaftServerConfigKeys (ConfUtils.java:logGet(43)) - raft.server.rpc.timeout.min = 5s (custom)
2019-09-27 10:07:42,918 [pool-47-thread-1] INFO  server.RaftServerConfigKeys (ConfUtils.java:logGet(43)) - raft.server.sleep.deviation.threshold = 300 (default)
2019-09-27 10:07:42,918 [pool-37-thread-1] INFO  server.RaftServerConfigKeys (ConfUtils.java:logGet(43)) - raft.server.rpc.timeout.max = 5200ms (custom)
2019-09-27 10:07:42,918 [pool-27-thread-1] INFO  server.RaftServerConfigKeys (ConfUtils.java:logGet(43)) - raft.server.sleep.deviation.threshold = 300 (default)
2019-09-27 10:07:42,919 [pool-37-thread-1] INFO  server.RaftServerConfigKeys (ConfUtils.java:logGet(43)) - raft.server.rpcslowness.timeout = 120s (custom)
2019-09-27 10:07:42,919 [pool-37-thread-1] INFO  server.RaftServerConfigKeys (ConfUtils.java:logGet(43)) - raft.server.sleep.deviation.threshold = 300 (default)
2019-09-27 10:07:42,919 [pool-47-thread-1] INFO  server.RaftServerConfigKeys (ConfUtils.java:logGet(43)) - raft.server.log.appender.install.snapshot.enabled = false (custom)
2019-09-27 10:07:42,919 [pool-37-thread-1] INFO  server.RaftServerConfigKeys (ConfUtils.java:logGet(43)) - raft.server.log.appender.install.snapshot.enabled = false (custom)
2019-09-27 10:07:42,919 [pool-27-thread-1] INFO  server.RaftServerConfigKeys (ConfUtils.java:logGet(43)) - raft.server.log.appender.install.snapshot.enabled = false (custom)
2019-09-27 10:07:42,931 [pool-47-thread-1] INFO  impl.RaftServerImpl (ServerState.java:<init>(103)) - f91defaf-508c-4a2c-8b09-b8173efbe788@group-65AB115B84CD: ConfigurationManager, init=-1: [f91defaf-508c-4a2c-8b09-b8173efbe788:192.168.164.207:32847], old=null, confs=<EMPTY_MAP>
2019-09-27 10:07:42,931 [pool-37-thread-1] INFO  impl.RaftServerImpl (ServerState.java:<init>(103)) - 48e846be-65ac-46a0-adaf-cb2d27a9ede7@group-222BEF006AC1: ConfigurationManager, init=-1: [48e846be-65ac-46a0-adaf-cb2d27a9ede7:192.168.164.207:45638], old=null, confs=<EMPTY_MAP>
2019-09-27 10:07:42,931 [pool-47-thread-1] INFO  server.RaftServerConfigKeys (ConfUtils.java:logGet(43)) - raft.server.storage.dir = [/workdir/hadoop-ozone/tools/target/test-dir/MiniOzoneClusterImpl-ab03b5f4-ba7d-41ab-a40f-aec5b371f622/datanode-2/data/ratis] (custom)
2019-09-27 10:07:42,931 [pool-27-thread-1] INFO  impl.RaftServerImpl (ServerState.java:<init>(103)) - 8b41b560-2f66-41da-8bcf-7a114e13a3cd@group-F98ED24E327B: ConfigurationManager, init=-1: [8b41b560-2f66-41da-8bcf-7a114e13a3cd:192.168.164.207:42021], old=null, confs=<EMPTY_MAP>
2019-09-27 10:07:42,931 [pool-37-thread-1] INFO  server.RaftServerConfigKeys (ConfUtils.java:logGet(43)) - raft.server.storage.dir = [/workdir/hadoop-ozone/tools/target/test-dir/MiniOzoneClusterImpl-ab03b5f4-ba7d-41ab-a40f-aec5b371f622/datanode-1/data/ratis] (custom)
2019-09-27 10:07:42,932 [pool-27-thread-1] INFO  server.RaftServerConfigKeys (ConfUtils.java:logGet(43)) - raft.server.storage.dir = [/workdir/hadoop-ozone/tools/target/test-dir/MiniOzoneClusterImpl-ab03b5f4-ba7d-41ab-a40f-aec5b371f622/datanode-0/data/ratis] (custom)
2019-09-27 10:07:42,947 [pool-27-thread-1] INFO  storage.RaftStorageDirectory (RaftStorageDirectory.java:analyzeStorage(246)) - The storage directory /workdir/hadoop-ozone/tools/target/test-dir/MiniOzoneClusterImpl-ab03b5f4-ba7d-41ab-a40f-aec5b371f622/datanode-0/data/ratis/710c5d02-838b-42e5-b327-f98ed24e327b does not exist. Creating ...
2019-09-27 10:07:42,947 [pool-47-thread-1] INFO  storage.RaftStorageDirectory (RaftStorageDirectory.java:analyzeStorage(246)) - The storage directory /workdir/hadoop-ozone/tools/target/test-dir/MiniOzoneClusterImpl-ab03b5f4-ba7d-41ab-a40f-aec5b371f622/datanode-2/data/ratis/f1f201fc-6630-4ce4-aeb3-65ab115b84cd does not exist. Creating ...
2019-09-27 10:07:42,947 [pool-37-thread-1] INFO  storage.RaftStorageDirectory (RaftStorageDirectory.java:analyzeStorage(246)) - The storage directory /workdir/hadoop-ozone/tools/target/test-dir/MiniOzoneClusterImpl-ab03b5f4-ba7d-41ab-a40f-aec5b371f622/datanode-1/data/ratis/8c11baba-e125-4cf5-ae69-222bef006ac1 does not exist. Creating ...
2019-09-27 10:07:42,981 [pool-27-thread-1] INFO  storage.RaftStorageDirectory (RaftStorageDirectory.java:tryLock(328)) - Lock on /workdir/hadoop-ozone/tools/target/test-dir/MiniOzoneClusterImpl-ab03b5f4-ba7d-41ab-a40f-aec5b371f622/datanode-0/data/ratis/710c5d02-838b-42e5-b327-f98ed24e327b/in_use.lock acquired by nodename 22879@pr-hdds2034-jk2kc-152962534
2019-09-27 10:07:42,981 [pool-47-thread-1] INFO  storage.RaftStorageDirectory (RaftStorageDirectory.java:tryLock(328)) - Lock on /workdir/hadoop-ozone/tools/target/test-dir/MiniOzoneClusterImpl-ab03b5f4-ba7d-41ab-a40f-aec5b371f622/datanode-2/data/ratis/f1f201fc-6630-4ce4-aeb3-65ab115b84cd/in_use.lock acquired by nodename 22879@pr-hdds2034-jk2kc-152962534
2019-09-27 10:07:42,981 [pool-37-thread-1] INFO  storage.RaftStorageDirectory (RaftStorageDirectory.java:tryLock(328)) - Lock on /workdir/hadoop-ozone/tools/target/test-dir/MiniOzoneClusterImpl-ab03b5f4-ba7d-41ab-a40f-aec5b371f622/datanode-1/data/ratis/8c11baba-e125-4cf5-ae69-222bef006ac1/in_use.lock acquired by nodename 22879@pr-hdds2034-jk2kc-152962534
2019-09-27 10:07:42,996 [pool-27-thread-1] INFO  storage.RaftStorage (RaftStorage.java:format(72)) - Storage directory /workdir/hadoop-ozone/tools/target/test-dir/MiniOzoneClusterImpl-ab03b5f4-ba7d-41ab-a40f-aec5b371f622/datanode-0/data/ratis/710c5d02-838b-42e5-b327-f98ed24e327b has been successfully formatted.
2019-09-27 10:07:42,996 [pool-37-thread-1] INFO  storage.RaftStorage (RaftStorage.java:format(72)) - Storage directory /workdir/hadoop-ozone/tools/target/test-dir/MiniOzoneClusterImpl-ab03b5f4-ba7d-41ab-a40f-aec5b371f622/datanode-1/data/ratis/8c11baba-e125-4cf5-ae69-222bef006ac1 has been successfully formatted.
2019-09-27 10:07:42,996 [pool-47-thread-1] INFO  storage.RaftStorage (RaftStorage.java:format(72)) - Storage directory /workdir/hadoop-ozone/tools/target/test-dir/MiniOzoneClusterImpl-ab03b5f4-ba7d-41ab-a40f-aec5b371f622/datanode-2/data/ratis/f1f201fc-6630-4ce4-aeb3-65ab115b84cd has been successfully formatted.
2019-09-27 10:07:43,000 [pool-27-thread-1] INFO  ratis.ContainerStateMachine (ContainerStateMachine.java:loadSnapshot(230)) - group-F98ED24E327B: The snapshot info is null. Setting the last applied indexto:(t:0, i:~)
2019-09-27 10:07:43,000 [pool-37-thread-1] INFO  ratis.ContainerStateMachine (ContainerStateMachine.java:loadSnapshot(230)) - group-222BEF006AC1: The snapshot info is null. Setting the last applied indexto:(t:0, i:~)
2019-09-27 10:07:43,000 [pool-47-thread-1] INFO  ratis.ContainerStateMachine (ContainerStateMachine.java:loadSnapshot(230)) - group-65AB115B84CD: The snapshot info is null. Setting the last applied indexto:(t:0, i:~)
2019-09-27 10:07:43,001 [pool-37-thread-1] INFO  server.RaftServerConfigKeys (ConfUtils.java:logGet(43)) - raft.server.notification.no-leader.timeout = 120s (custom)
2019-09-27 10:07:43,001 [pool-27-thread-1] INFO  server.RaftServerConfigKeys (ConfUtils.java:logGet(43)) - raft.server.notification.no-leader.timeout = 120s (custom)
2019-09-27 10:07:43,001 [pool-47-thread-1] INFO  server.RaftServerConfigKeys (ConfUtils.java:logGet(43)) - raft.server.notification.no-leader.timeout = 120s (custom)
2019-09-27 10:07:43,004 [pool-47-thread-1] INFO  server.RaftServerConfigKeys (ConfUtils.java:logGet(43)) - raft.server.log.use.memory = false (default)
2019-09-27 10:07:43,004 [pool-37-thread-1] INFO  server.RaftServerConfigKeys (ConfUtils.java:logGet(43)) - raft.server.log.use.memory = false (default)
2019-09-27 10:07:43,004 [pool-27-thread-1] INFO  server.RaftServerConfigKeys (ConfUtils.java:logGet(43)) - raft.server.log.use.memory = false (default)
2019-09-27 10:07:43,009 [pool-47-thread-1] INFO  server.RaftServerConfigKeys (ConfUtils.java:logGet(43)) - raft.server.log.purge.gap = 1000000 (custom)
2019-09-27 10:07:43,009 [pool-27-thread-1] INFO  server.RaftServerConfigKeys (ConfUtils.java:logGet(43)) - raft.server.log.purge.gap = 1000000 (custom)
2019-09-27 10:07:43,009 [pool-37-thread-1] INFO  server.RaftServerConfigKeys (ConfUtils.java:logGet(43)) - raft.server.log.purge.gap = 1000000 (custom)
2019-09-27 10:07:43,009 [pool-27-thread-1] INFO  server.RaftServerConfigKeys (ConfUtils.java:logGet(43)) - raft.server.log.appender.buffer.byte-limit = 33554432 (custom)
2019-09-27 10:07:43,009 [pool-47-thread-1] INFO  server.RaftServerConfigKeys (ConfUtils.java:logGet(43)) - raft.server.log.appender.buffer.byte-limit = 33554432 (custom)
2019-09-27 10:07:43,009 [pool-37-thread-1] INFO  server.RaftServerConfigKeys (ConfUtils.java:logGet(43)) - raft.server.log.appender.buffer.byte-limit = 33554432 (custom)
2019-09-27 10:07:43,012 [pool-47-thread-1] INFO  server.RaftServerConfigKeys (ConfUtils.java:logGet(43)) - raft.server.log.segment.size.max = 1048576 (custom)
2019-09-27 10:07:43,012 [pool-27-thread-1] INFO  server.RaftServerConfigKeys (ConfUtils.java:logGet(43)) - raft.server.log.segment.size.max = 1048576 (custom)
2019-09-27 10:07:43,012 [pool-37-thread-1] INFO  server.RaftServerConfigKeys (ConfUtils.java:logGet(43)) - raft.server.log.segment.size.max = 1048576 (custom)
2019-09-27 10:07:43,016 [pool-47-thread-1] INFO  server.RaftServerConfigKeys (ConfUtils.java:logGet(43)) - raft.server.log.segment.cache.num.max = 2 (custom)
2019-09-27 10:07:43,017 [pool-37-thread-1] INFO  server.RaftServerConfigKeys (ConfUtils.java:logGet(43)) - raft.server.log.segment.cache.num.max = 2 (custom)
2019-09-27 10:07:43,017 [pool-27-thread-1] INFO  server.RaftServerConfigKeys (ConfUtils.java:logGet(43)) - raft.server.log.segment.cache.num.max = 2 (custom)
2019-09-27 10:07:43,022 [pool-47-thread-1] INFO  segmented.SegmentedRaftLogWorker (SegmentedRaftLogWorker.java:<init>(172)) - new f91defaf-508c-4a2c-8b09-b8173efbe788@group-65AB115B84CD-SegmentedRaftLogWorker for RaftStorage:Storage Directory /workdir/hadoop-ozone/tools/target/test-dir/MiniOzoneClusterImpl-ab03b5f4-ba7d-41ab-a40f-aec5b371f622/datanode-2/data/ratis/f1f201fc-6630-4ce4-aeb3-65ab115b84cd
2019-09-27 10:07:43,022 [pool-37-thread-1] INFO  segmented.SegmentedRaftLogWorker (SegmentedRaftLogWorker.java:<init>(172)) - new 48e846be-65ac-46a0-adaf-cb2d27a9ede7@group-222BEF006AC1-SegmentedRaftLogWorker for RaftStorage:Storage Directory /workdir/hadoop-ozone/tools/target/test-dir/MiniOzoneClusterImpl-ab03b5f4-ba7d-41ab-a40f-aec5b371f622/datanode-1/data/ratis/8c11baba-e125-4cf5-ae69-222bef006ac1
2019-09-27 10:07:43,022 [pool-27-thread-1] INFO  segmented.SegmentedRaftLogWorker (SegmentedRaftLogWorker.java:<init>(172)) - new 8b41b560-2f66-41da-8bcf-7a114e13a3cd@group-F98ED24E327B-SegmentedRaftLogWorker for RaftStorage:Storage Directory /workdir/hadoop-ozone/tools/target/test-dir/MiniOzoneClusterImpl-ab03b5f4-ba7d-41ab-a40f-aec5b371f622/datanode-0/data/ratis/710c5d02-838b-42e5-b327-f98ed24e327b
2019-09-27 10:07:43,024 [pool-47-thread-1] INFO  impl.MetricsSystemImpl (MetricsSystemImpl.java:init(158)) - ratis metrics system started (again)
2019-09-27 10:07:43,030 [pool-47-thread-1] INFO  metrics.MetricRegistries (MetricRegistriesLoader.java:load(64)) - Loaded MetricRegistries class org.apache.ratis.metrics.impl.MetricRegistriesImpl
2019-09-27 10:07:43,072 [pool-47-thread-1] INFO  server.RaftServerConfigKeys (ConfUtils.java:logGet(43)) - raft.server.log.queue.byte-limit = 2147483647 (custom)
2019-09-27 10:07:43,072 [pool-37-thread-1] INFO  server.RaftServerConfigKeys (ConfUtils.java:logGet(43)) - raft.server.log.queue.byte-limit = 2147483647 (custom)
2019-09-27 10:07:43,072 [pool-47-thread-1] INFO  server.RaftServerConfigKeys (ConfUtils.java:logGet(43)) - raft.server.log.queue.element-limit = 1024 (custom)
2019-09-27 10:07:43,072 [pool-37-thread-1] INFO  server.RaftServerConfigKeys (ConfUtils.java:logGet(43)) - raft.server.log.queue.element-limit = 1024 (custom)
2019-09-27 10:07:43,073 [pool-27-thread-1] INFO  server.RaftServerConfigKeys (ConfUtils.java:logGet(43)) - raft.server.log.queue.byte-limit = 2147483647 (custom)
2019-09-27 10:07:43,073 [pool-27-thread-1] INFO  server.RaftServerConfigKeys (ConfUtils.java:logGet(43)) - raft.server.log.queue.element-limit = 1024 (custom)
2019-09-27 10:07:43,075 [pool-47-thread-1] INFO  server.RaftServerConfigKeys (ConfUtils.java:logGet(43)) - raft.server.log.segment.size.max = 1048576 (custom)
2019-09-27 10:07:43,075 [pool-27-thread-1] INFO  server.RaftServerConfigKeys (ConfUtils.java:logGet(43)) - raft.server.log.segment.size.max = 1048576 (custom)
2019-09-27 10:07:43,075 [pool-37-thread-1] INFO  server.RaftServerConfigKeys (ConfUtils.java:logGet(43)) - raft.server.log.segment.size.max = 1048576 (custom)
2019-09-27 10:07:43,076 [pool-47-thread-1] INFO  server.RaftServerConfigKeys (ConfUtils.java:logGet(43)) - raft.server.log.preallocated.size = 16384 (custom)
2019-09-27 10:07:43,076 [pool-37-thread-1] INFO  server.RaftServerConfigKeys (ConfUtils.java:logGet(43)) - raft.server.log.preallocated.size = 16384 (custom)
2019-09-27 10:07:43,076 [pool-27-thread-1] INFO  server.RaftServerConfigKeys (ConfUtils.java:logGet(43)) - raft.server.log.preallocated.size = 16384 (custom)
2019-09-27 10:07:43,076 [pool-37-thread-1] INFO  server.RaftServerConfigKeys (ConfUtils.java:logGet(43)) - raft.server.log.write.buffer.size = 33554432 (custom)
2019-09-27 10:07:43,076 [pool-47-thread-1] INFO  server.RaftServerConfigKeys (ConfUtils.java:logGet(43)) - raft.server.log.write.buffer.size = 33554432 (custom)
2019-09-27 10:07:43,076 [pool-27-thread-1] INFO  server.RaftServerConfigKeys (ConfUtils.java:logGet(43)) - raft.server.log.write.buffer.size = 33554432 (custom)
2019-09-27 10:07:43,077 [pool-37-thread-1] INFO  server.RaftServerConfigKeys (ConfUtils.java:logGet(43)) - raft.server.log.force.sync.num = 128 (default)
2019-09-27 10:07:43,077 [pool-47-thread-1] INFO  server.RaftServerConfigKeys (ConfUtils.java:logGet(43)) - raft.server.log.force.sync.num = 128 (default)
2019-09-27 10:07:43,077 [pool-27-thread-1] INFO  server.RaftServerConfigKeys (ConfUtils.java:logGet(43)) - raft.server.log.force.sync.num = 128 (default)
2019-09-27 10:07:43,078 [pool-47-thread-1] INFO  server.RaftServerConfigKeys (ConfUtils.java:logGet(43)) - raft.server.log.statemachine.data.sync = true (default)
2019-09-27 10:07:43,078 [pool-37-thread-1] INFO  server.RaftServerConfigKeys (ConfUtils.java:logGet(43)) - raft.server.log.statemachine.data.sync = true (default)
2019-09-27 10:07:43,078 [pool-47-thread-1] INFO  server.RaftServerConfigKeys (ConfUtils.java:logGet(43)) - raft.server.log.statemachine.data.sync.timeout = 10s (default)
2019-09-27 10:07:43,078 [pool-27-thread-1] INFO  server.RaftServerConfigKeys (ConfUtils.java:logGet(43)) - raft.server.log.statemachine.data.sync = true (default)
2019-09-27 10:07:43,078 [pool-37-thread-1] INFO  server.RaftServerConfigKeys (ConfUtils.java:logGet(43)) - raft.server.log.statemachine.data.sync.timeout = 10s (default)
2019-09-27 10:07:43,078 [pool-47-thread-1] INFO  server.RaftServerConfigKeys (ConfUtils.java:logGet(43)) - raft.server.log.statemachine.data.sync.timeout.retry = -1 (default)
2019-09-27 10:07:43,078 [pool-27-thread-1] INFO  server.RaftServerConfigKeys (ConfUtils.java:logGet(43)) - raft.server.log.statemachine.data.sync.timeout = 10s (default)
2019-09-27 10:07:43,078 [pool-37-thread-1] INFO  server.RaftServerConfigKeys (ConfUtils.java:logGet(43)) - raft.server.log.statemachine.data.sync.timeout.retry = -1 (default)
2019-09-27 10:07:43,079 [pool-27-thread-1] INFO  server.RaftServerConfigKeys (ConfUtils.java:logGet(43)) - raft.server.log.statemachine.data.sync.timeout.retry = -1 (default)
2019-09-27 10:07:43,089 [pool-47-thread-1] INFO  server.RaftServerConfigKeys (ConfUtils.java:logGet(43)) - raft.server.log.statemachine.data.caching.enabled = true (custom)
2019-09-27 10:07:43,089 [pool-37-thread-1] INFO  server.RaftServerConfigKeys (ConfUtils.java:logGet(43)) - raft.server.log.statemachine.data.caching.enabled = true (custom)
2019-09-27 10:07:43,089 [pool-27-thread-1] INFO  server.RaftServerConfigKeys (ConfUtils.java:logGet(43)) - raft.server.log.statemachine.data.caching.enabled = true (custom)
2019-09-27 10:07:43,097 [pool-47-thread-1] INFO  segmented.SegmentedRaftLogWorker (SegmentedRaftLogWorker.java:lambda$new$0(132)) - f91defaf-508c-4a2c-8b09-b8173efbe788@group-65AB115B84CD-SegmentedRaftLogWorker: flushIndex: setUnconditionally 0 -> -1
2019-09-27 10:07:43,097 [pool-37-thread-1] INFO  segmented.SegmentedRaftLogWorker (SegmentedRaftLogWorker.java:lambda$new$0(132)) - 48e846be-65ac-46a0-adaf-cb2d27a9ede7@group-222BEF006AC1-SegmentedRaftLogWorker: flushIndex: setUnconditionally 0 -> -1
2019-09-27 10:07:43,097 [pool-27-thread-1] INFO  segmented.SegmentedRaftLogWorker (SegmentedRaftLogWorker.java:lambda$new$0(132)) - 8b41b560-2f66-41da-8bcf-7a114e13a3cd@group-F98ED24E327B-SegmentedRaftLogWorker: flushIndex: setUnconditionally 0 -> -1
2019-09-27 10:07:43,101 [pool-47-thread-1] INFO  server.RaftServerConfigKeys (ConfUtils.java:logGet(43)) - raft.server.snapshot.auto.trigger.enabled = true (custom)
2019-09-27 10:07:43,101 [pool-37-thread-1] INFO  server.RaftServerConfigKeys (ConfUtils.java:logGet(43)) - raft.server.snapshot.auto.trigger.enabled = true (custom)
2019-09-27 10:07:43,101 [pool-27-thread-1] INFO  server.RaftServerConfigKeys (ConfUtils.java:logGet(43)) - raft.server.snapshot.auto.trigger.enabled = true (custom)
2019-09-27 10:07:43,102 [pool-47-thread-1] INFO  server.RaftServerConfigKeys (ConfUtils.java:logGet(43)) - raft.server.snapshot.auto.trigger.threshold = 10000 (custom)
2019-09-27 10:07:43,102 [pool-37-thread-1] INFO  server.RaftServerConfigKeys (ConfUtils.java:logGet(43)) - raft.server.snapshot.auto.trigger.threshold = 10000 (custom)
2019-09-27 10:07:43,103 [pool-27-thread-1] INFO  server.RaftServerConfigKeys (ConfUtils.java:logGet(43)) - raft.server.snapshot.auto.trigger.threshold = 10000 (custom)
2019-09-27 10:07:43,103 [pool-47-thread-1] INFO  server.RaftServerConfigKeys (ConfUtils.java:logGet(43)) - raft.server.snapshot.retention.num.files = 5 (custom)
2019-09-27 10:07:43,103 [pool-37-thread-1] INFO  server.RaftServerConfigKeys (ConfUtils.java:logGet(43)) - raft.server.snapshot.retention.num.files = 5 (custom)
2019-09-27 10:07:43,103 [pool-27-thread-1] INFO  server.RaftServerConfigKeys (ConfUtils.java:logGet(43)) - raft.server.snapshot.retention.num.files = 5 (custom)
2019-09-27 10:07:43,103 [pool-47-thread-1] INFO  server.RaftServerConfigKeys (ConfUtils.java:logGet(43)) - raft.server.retrycache.expirytime = 600000ms (custom)
2019-09-27 10:07:43,103 [pool-27-thread-1] INFO  server.RaftServerConfigKeys (ConfUtils.java:logGet(43)) - raft.server.retrycache.expirytime = 600000ms (custom)
2019-09-27 10:07:43,103 [pool-37-thread-1] INFO  server.RaftServerConfigKeys (ConfUtils.java:logGet(43)) - raft.server.retrycache.expirytime = 600000ms (custom)
2019-09-27 10:07:43,131 [pool-37-thread-1] INFO  impl.RaftServerImpl (RaftServerImpl.java:start(185)) - 48e846be-65ac-46a0-adaf-cb2d27a9ede7@group-222BEF006AC1: start as a follower, conf=-1: [48e846be-65ac-46a0-adaf-cb2d27a9ede7:192.168.164.207:45638], old=null
2019-09-27 10:07:43,131 [pool-27-thread-1] INFO  impl.RaftServerImpl (RaftServerImpl.java:start(185)) - 8b41b560-2f66-41da-8bcf-7a114e13a3cd@group-F98ED24E327B: start as a follower, conf=-1: [8b41b560-2f66-41da-8bcf-7a114e13a3cd:192.168.164.207:42021], old=null
2019-09-27 10:07:43,131 [pool-47-thread-1] INFO  impl.RaftServerImpl (RaftServerImpl.java:start(185)) - f91defaf-508c-4a2c-8b09-b8173efbe788@group-65AB115B84CD: start as a follower, conf=-1: [f91defaf-508c-4a2c-8b09-b8173efbe788:192.168.164.207:32847], old=null
2019-09-27 10:07:43,132 [pool-27-thread-1] INFO  impl.RaftServerImpl (RaftServerImpl.java:setRole(174)) - 8b41b560-2f66-41da-8bcf-7a114e13a3cd@group-F98ED24E327B: changes role from      null to FOLLOWER at term 0 for startAsFollower
2019-09-27 10:07:43,132 [pool-47-thread-1] INFO  impl.RaftServerImpl (RaftServerImpl.java:setRole(174)) - f91defaf-508c-4a2c-8b09-b8173efbe788@group-65AB115B84CD: changes role from      null to FOLLOWER at term 0 for startAsFollower
2019-09-27 10:07:43,132 [pool-37-thread-1] INFO  impl.RaftServerImpl (RaftServerImpl.java:setRole(174)) - 48e846be-65ac-46a0-adaf-cb2d27a9ede7@group-222BEF006AC1: changes role from      null to FOLLOWER at term 0 for startAsFollower
2019-09-27 10:07:43,133 [pool-37-thread-1] INFO  impl.RoleInfo (RoleInfo.java:updateAndGet(143)) - 48e846be-65ac-46a0-adaf-cb2d27a9ede7: start FollowerState
2019-09-27 10:07:43,133 [pool-27-thread-1] INFO  impl.RoleInfo (RoleInfo.java:updateAndGet(143)) - 8b41b560-2f66-41da-8bcf-7a114e13a3cd: start FollowerState
2019-09-27 10:07:43,133 [pool-47-thread-1] INFO  impl.RoleInfo (RoleInfo.java:updateAndGet(143)) - f91defaf-508c-4a2c-8b09-b8173efbe788: start FollowerState
2019-09-27 10:07:43,140 [pool-47-thread-1] INFO  util.JmxRegister (JmxRegister.java:tryRegister(44)) - Successfully registered JMX Bean with object name Ratis:service=RaftServer,group=group-65AB115B84CD,id=f91defaf-508c-4a2c-8b09-b8173efbe788
2019-09-27 10:07:43,140 [pool-27-thread-1] INFO  util.JmxRegister (JmxRegister.java:tryRegister(44)) - Successfully registered JMX Bean with object name Ratis:service=RaftServer,group=group-F98ED24E327B,id=8b41b560-2f66-41da-8bcf-7a114e13a3cd
2019-09-27 10:07:43,140 [pool-37-thread-1] INFO  util.JmxRegister (JmxRegister.java:tryRegister(44)) - Successfully registered JMX Bean with object name Ratis:service=RaftServer,group=group-222BEF006AC1,id=48e846be-65ac-46a0-adaf-cb2d27a9ede7
2019-09-27 10:07:43,194 [Command processor thread] INFO  commandhandler.CreatePipelineCommandHandler (CreatePipelineCommandHandler.java:handle(116)) - Create Pipeline RATIS ONE #PipelineID=f1f201fc-6630-4ce4-aeb3-65ab115b84cd command succeed on datanode f91defaf-508c-4a2c-8b09-b8173efbe788.
2019-09-27 10:07:43,194 [Command processor thread] INFO  commandhandler.CreatePipelineCommandHandler (CreatePipelineCommandHandler.java:handle(116)) - Create Pipeline RATIS ONE #PipelineID=8c11baba-e125-4cf5-ae69-222bef006ac1 command succeed on datanode 48e846be-65ac-46a0-adaf-cb2d27a9ede7.
2019-09-27 10:07:43,194 [Command processor thread] INFO  commandhandler.CreatePipelineCommandHandler (CreatePipelineCommandHandler.java:handle(116)) - Create Pipeline RATIS ONE #PipelineID=710c5d02-838b-42e5-b327-f98ed24e327b command succeed on datanode 8b41b560-2f66-41da-8bcf-7a114e13a3cd.
2019-09-27 10:07:43,219 [grpc-default-executor-0] INFO  impl.RaftServerProxy (RaftServerProxy.java:addNew(89)) - f91defaf-508c-4a2c-8b09-b8173efbe788: addNew group-53235962596B:[48e846be-65ac-46a0-adaf-cb2d27a9ede7:192.168.164.207:45638, 8b41b560-2f66-41da-8bcf-7a114e13a3cd:192.168.164.207:42021, f91defaf-508c-4a2c-8b09-b8173efbe788:192.168.164.207:32847] returns group-53235962596B:java.util.concurrent.CompletableFuture@14145c3e[Not completed]
2019-09-27 10:07:43,220 [grpc-default-executor-2] INFO  impl.RaftServerProxy (RaftServerProxy.java:addNew(89)) - 48e846be-65ac-46a0-adaf-cb2d27a9ede7: addNew group-53235962596B:[48e846be-65ac-46a0-adaf-cb2d27a9ede7:192.168.164.207:45638, 8b41b560-2f66-41da-8bcf-7a114e13a3cd:192.168.164.207:42021, f91defaf-508c-4a2c-8b09-b8173efbe788:192.168.164.207:32847] returns group-53235962596B:java.util.concurrent.CompletableFuture@1414c1f6[Not completed]
2019-09-27 10:07:43,221 [grpc-default-executor-1] INFO  impl.RaftServerProxy (RaftServerProxy.java:addNew(89)) - 8b41b560-2f66-41da-8bcf-7a114e13a3cd: addNew group-53235962596B:[48e846be-65ac-46a0-adaf-cb2d27a9ede7:192.168.164.207:45638, 8b41b560-2f66-41da-8bcf-7a114e13a3cd:192.168.164.207:42021, f91defaf-508c-4a2c-8b09-b8173efbe788:192.168.164.207:32847] returns group-53235962596B:java.util.concurrent.CompletableFuture@3785b827[Not completed]
2019-09-27 10:07:43,221 [pool-47-thread-1] INFO  impl.RaftServerImpl (RaftServerImpl.java:<init>(95)) - f91defaf-508c-4a2c-8b09-b8173efbe788: new RaftServerImpl for group-53235962596B:[48e846be-65ac-46a0-adaf-cb2d27a9ede7:192.168.164.207:45638, 8b41b560-2f66-41da-8bcf-7a114e13a3cd:192.168.164.207:42021, f91defaf-508c-4a2c-8b09-b8173efbe788:192.168.164.207:32847] with ContainerStateMachine:uninitialized
2019-09-27 10:07:43,221 [pool-47-thread-1] INFO  server.RaftServerConfigKeys (ConfUtils.java:logGet(43)) - raft.server.rpc.timeout.min = 5s (custom)
2019-09-27 10:07:43,222 [pool-47-thread-1] INFO  server.RaftServerConfigKeys (ConfUtils.java:logGet(43)) - raft.server.rpc.timeout.max = 5200ms (custom)
2019-09-27 10:07:43,222 [pool-47-thread-1] INFO  server.RaftServerConfigKeys (ConfUtils.java:logGet(43)) - raft.server.rpcslowness.timeout = 120s (custom)
2019-09-27 10:07:43,222 [pool-47-thread-1] INFO  server.RaftServerConfigKeys (ConfUtils.java:logGet(43)) - raft.server.sleep.deviation.threshold = 300 (default)
2019-09-27 10:07:43,222 [pool-47-thread-1] INFO  server.RaftServerConfigKeys (ConfUtils.java:logGet(43)) - raft.server.log.appender.install.snapshot.enabled = false (custom)
2019-09-27 10:07:43,222 [pool-47-thread-1] INFO  impl.RaftServerImpl (ServerState.java:<init>(103)) - f91defaf-508c-4a2c-8b09-b8173efbe788@group-53235962596B: ConfigurationManager, init=-1: [48e846be-65ac-46a0-adaf-cb2d27a9ede7:192.168.164.207:45638, 8b41b560-2f66-41da-8bcf-7a114e13a3cd:192.168.164.207:42021, f91defaf-508c-4a2c-8b09-b8173efbe788:192.168.164.207:32847], old=null, confs=<EMPTY_MAP>
2019-09-27 10:07:43,222 [pool-37-thread-1] INFO  impl.RaftServerImpl (RaftServerImpl.java:<init>(95)) - 48e846be-65ac-46a0-adaf-cb2d27a9ede7: new RaftServerImpl for group-53235962596B:[48e846be-65ac-46a0-adaf-cb2d27a9ede7:192.168.164.207:45638, 8b41b560-2f66-41da-8bcf-7a114e13a3cd:192.168.164.207:42021, f91defaf-508c-4a2c-8b09-b8173efbe788:192.168.164.207:32847] with ContainerStateMachine:uninitialized
2019-09-27 10:07:43,222 [pool-47-thread-1] INFO  server.RaftServerConfigKeys (ConfUtils.java:logGet(43)) - raft.server.storage.dir = [/workdir/hadoop-ozone/tools/target/test-dir/MiniOzoneClusterImpl-ab03b5f4-ba7d-41ab-a40f-aec5b371f622/datanode-2/data/ratis] (custom)
2019-09-27 10:07:43,222 [pool-37-thread-1] INFO  server.RaftServerConfigKeys (ConfUtils.java:logGet(43)) - raft.server.rpc.timeout.min = 5s (custom)
2019-09-27 10:07:43,222 [pool-37-thread-1] INFO  server.RaftServerConfigKeys (ConfUtils.java:logGet(43)) - raft.server.rpc.timeout.max = 5200ms (custom)
2019-09-27 10:07:43,222 [pool-47-thread-1] INFO  storage.RaftStorageDirectory (RaftStorageDirectory.java:analyzeStorage(246)) - The storage directory /workdir/hadoop-ozone/tools/target/test-dir/MiniOzoneClusterImpl-ab03b5f4-ba7d-41ab-a40f-aec5b371f622/datanode-2/data/ratis/598c3609-29ad-4542-ab8a-53235962596b does not exist. Creating ...
2019-09-27 10:07:43,223 [pool-37-thread-1] INFO  server.RaftServerConfigKeys (ConfUtils.java:logGet(43)) - raft.server.rpcslowness.timeout = 120s (custom)
2019-09-27 10:07:43,223 [pool-37-thread-1] INFO  server.RaftServerConfigKeys (ConfUtils.java:logGet(43)) - raft.server.sleep.deviation.threshold = 300 (default)
2019-09-27 10:07:43,223 [pool-27-thread-1] INFO  impl.RaftServerImpl (RaftServerImpl.java:<init>(95)) - 8b41b560-2f66-41da-8bcf-7a114e13a3cd: new RaftServerImpl for group-53235962596B:[48e846be-65ac-46a0-adaf-cb2d27a9ede7:192.168.164.207:45638, 8b41b560-2f66-41da-8bcf-7a114e13a3cd:192.168.164.207:42021, f91defaf-508c-4a2c-8b09-b8173efbe788:192.168.164.207:32847] with ContainerStateMachine:uninitialized
2019-09-27 10:07:43,223 [pool-37-thread-1] INFO  server.RaftServerConfigKeys (ConfUtils.java:logGet(43)) - raft.server.log.appender.install.snapshot.enabled = false (custom)
2019-09-27 10:07:43,223 [pool-27-thread-1] INFO  server.RaftServerConfigKeys (ConfUtils.java:logGet(43)) - raft.server.rpc.timeout.min = 5s (custom)
2019-09-27 10:07:43,223 [pool-37-thread-1] INFO  impl.RaftServerImpl (ServerState.java:<init>(103)) - 48e846be-65ac-46a0-adaf-cb2d27a9ede7@group-53235962596B: ConfigurationManager, init=-1: [48e846be-65ac-46a0-adaf-cb2d27a9ede7:192.168.164.207:45638, 8b41b560-2f66-41da-8bcf-7a114e13a3cd:192.168.164.207:42021, f91defaf-508c-4a2c-8b09-b8173efbe788:192.168.164.207:32847], old=null, confs=<EMPTY_MAP>
2019-09-27 10:07:43,223 [pool-27-thread-1] INFO  server.RaftServerConfigKeys (ConfUtils.java:logGet(43)) - raft.server.rpc.timeout.max = 5200ms (custom)
2019-09-27 10:07:43,223 [pool-37-thread-1] INFO  server.RaftServerConfigKeys (ConfUtils.java:logGet(43)) - raft.server.storage.dir = [/workdir/hadoop-ozone/tools/target/test-dir/MiniOzoneClusterImpl-ab03b5f4-ba7d-41ab-a40f-aec5b371f622/datanode-1/data/ratis] (custom)
2019-09-27 10:07:43,223 [pool-27-thread-1] INFO  server.RaftServerConfigKeys (ConfUtils.java:logGet(43)) - raft.server.rpcslowness.timeout = 120s (custom)
2019-09-27 10:07:43,224 [pool-27-thread-1] INFO  server.RaftServerConfigKeys (ConfUtils.java:logGet(43)) - raft.server.sleep.deviation.threshold = 300 (default)
2019-09-27 10:07:43,224 [pool-37-thread-1] INFO  storage.RaftStorageDirectory (RaftStorageDirectory.java:analyzeStorage(246)) - The storage directory /workdir/hadoop-ozone/tools/target/test-dir/MiniOzoneClusterImpl-ab03b5f4-ba7d-41ab-a40f-aec5b371f622/datanode-1/data/ratis/598c3609-29ad-4542-ab8a-53235962596b does not exist. Creating ...
2019-09-27 10:07:43,224 [pool-27-thread-1] INFO  server.RaftServerConfigKeys (ConfUtils.java:logGet(43)) - raft.server.log.appender.install.snapshot.enabled = false (custom)
2019-09-27 10:07:43,224 [pool-27-thread-1] INFO  impl.RaftServerImpl (ServerState.java:<init>(103)) - 8b41b560-2f66-41da-8bcf-7a114e13a3cd@group-53235962596B: ConfigurationManager, init=-1: [48e846be-65ac-46a0-adaf-cb2d27a9ede7:192.168.164.207:45638, 8b41b560-2f66-41da-8bcf-7a114e13a3cd:192.168.164.207:42021, f91defaf-508c-4a2c-8b09-b8173efbe788:192.168.164.207:32847], old=null, confs=<EMPTY_MAP>
2019-09-27 10:07:43,224 [pool-27-thread-1] INFO  server.RaftServerConfigKeys (ConfUtils.java:logGet(43)) - raft.server.storage.dir = [/workdir/hadoop-ozone/tools/target/test-dir/MiniOzoneClusterImpl-ab03b5f4-ba7d-41ab-a40f-aec5b371f622/datanode-0/data/ratis] (custom)
2019-09-27 10:07:43,224 [pool-27-thread-1] INFO  storage.RaftStorageDirectory (RaftStorageDirectory.java:analyzeStorage(246)) - The storage directory /workdir/hadoop-ozone/tools/target/test-dir/MiniOzoneClusterImpl-ab03b5f4-ba7d-41ab-a40f-aec5b371f622/datanode-0/data/ratis/598c3609-29ad-4542-ab8a-53235962596b does not exist. Creating ...
2019-09-27 10:07:43,236 [pool-47-thread-1] INFO  storage.RaftStorageDirectory (RaftStorageDirectory.java:tryLock(328)) - Lock on /workdir/hadoop-ozone/tools/target/test-dir/MiniOzoneClusterImpl-ab03b5f4-ba7d-41ab-a40f-aec5b371f622/datanode-2/data/ratis/598c3609-29ad-4542-ab8a-53235962596b/in_use.lock acquired by nodename 22879@pr-hdds2034-jk2kc-152962534
2019-09-27 10:07:43,236 [pool-37-thread-1] INFO  storage.RaftStorageDirectory (RaftStorageDirectory.java:tryLock(328)) - Lock on /workdir/hadoop-ozone/tools/target/test-dir/MiniOzoneClusterImpl-ab03b5f4-ba7d-41ab-a40f-aec5b371f622/datanode-1/data/ratis/598c3609-29ad-4542-ab8a-53235962596b/in_use.lock acquired by nodename 22879@pr-hdds2034-jk2kc-152962534
2019-09-27 10:07:43,236 [pool-27-thread-1] INFO  storage.RaftStorageDirectory (RaftStorageDirectory.java:tryLock(328)) - Lock on /workdir/hadoop-ozone/tools/target/test-dir/MiniOzoneClusterImpl-ab03b5f4-ba7d-41ab-a40f-aec5b371f622/datanode-0/data/ratis/598c3609-29ad-4542-ab8a-53235962596b/in_use.lock acquired by nodename 22879@pr-hdds2034-jk2kc-152962534
2019-09-27 10:07:43,249 [pool-27-thread-1] INFO  storage.RaftStorage (RaftStorage.java:format(72)) - Storage directory /workdir/hadoop-ozone/tools/target/test-dir/MiniOzoneClusterImpl-ab03b5f4-ba7d-41ab-a40f-aec5b371f622/datanode-0/data/ratis/598c3609-29ad-4542-ab8a-53235962596b has been successfully formatted.
2019-09-27 10:07:43,249 [pool-37-thread-1] INFO  storage.RaftStorage (RaftStorage.java:format(72)) - Storage directory /workdir/hadoop-ozone/tools/target/test-dir/MiniOzoneClusterImpl-ab03b5f4-ba7d-41ab-a40f-aec5b371f622/datanode-1/data/ratis/598c3609-29ad-4542-ab8a-53235962596b has been successfully formatted.
2019-09-27 10:07:43,249 [pool-47-thread-1] INFO  storage.RaftStorage (RaftStorage.java:format(72)) - Storage directory /workdir/hadoop-ozone/tools/target/test-dir/MiniOzoneClusterImpl-ab03b5f4-ba7d-41ab-a40f-aec5b371f622/datanode-2/data/ratis/598c3609-29ad-4542-ab8a-53235962596b has been successfully formatted.
2019-09-27 10:07:43,250 [pool-27-thread-1] INFO  ratis.ContainerStateMachine (ContainerStateMachine.java:loadSnapshot(230)) - group-53235962596B: The snapshot info is null. Setting the last applied indexto:(t:0, i:~)
2019-09-27 10:07:43,250 [pool-37-thread-1] INFO  ratis.ContainerStateMachine (ContainerStateMachine.java:loadSnapshot(230)) - group-53235962596B: The snapshot info is null. Setting the last applied indexto:(t:0, i:~)
2019-09-27 10:07:43,250 [pool-27-thread-1] INFO  server.RaftServerConfigKeys (ConfUtils.java:logGet(43)) - raft.server.notification.no-leader.timeout = 120s (custom)
2019-09-27 10:07:43,250 [pool-47-thread-1] INFO  ratis.ContainerStateMachine (ContainerStateMachine.java:loadSnapshot(230)) - group-53235962596B: The snapshot info is null. Setting the last applied indexto:(t:0, i:~)
2019-09-27 10:07:43,250 [pool-27-thread-1] INFO  server.RaftServerConfigKeys (ConfUtils.java:logGet(43)) - raft.server.log.use.memory = false (default)
2019-09-27 10:07:43,250 [pool-37-thread-1] INFO  server.RaftServerConfigKeys (ConfUtils.java:logGet(43)) - raft.server.notification.no-leader.timeout = 120s (custom)
2019-09-27 10:07:43,250 [pool-27-thread-1] INFO  server.RaftServerConfigKeys (ConfUtils.java:logGet(43)) - raft.server.log.purge.gap = 1000000 (custom)
2019-09-27 10:07:43,250 [pool-47-thread-1] INFO  server.RaftServerConfigKeys (ConfUtils.java:logGet(43)) - raft.server.notification.no-leader.timeout = 120s (custom)
2019-09-27 10:07:43,251 [pool-27-thread-1] INFO  server.RaftServerConfigKeys (ConfUtils.java:logGet(43)) - raft.server.log.appender.buffer.byte-limit = 33554432 (custom)
2019-09-27 10:07:43,251 [pool-37-thread-1] INFO  server.RaftServerConfigKeys (ConfUtils.java:logGet(43)) - raft.server.log.use.memory = false (default)
2019-09-27 10:07:43,251 [pool-27-thread-1] INFO  server.RaftServerConfigKeys (ConfUtils.java:logGet(43)) - raft.server.log.segment.size.max = 1048576 (custom)
2019-09-27 10:07:43,251 [pool-47-thread-1] INFO  server.RaftServerConfigKeys (ConfUtils.java:logGet(43)) - raft.server.log.use.memory = false (default)
2019-09-27 10:07:43,251 [pool-27-thread-1] INFO  server.RaftServerConfigKeys (ConfUtils.java:logGet(43)) - raft.server.log.segment.cache.num.max = 2 (custom)
2019-09-27 10:07:43,251 [pool-37-thread-1] INFO  server.RaftServerConfigKeys (ConfUtils.java:logGet(43)) - raft.server.log.purge.gap = 1000000 (custom)
2019-09-27 10:07:43,251 [pool-27-thread-1] INFO  segmented.SegmentedRaftLogWorker (SegmentedRaftLogWorker.java:<init>(172)) - new 8b41b560-2f66-41da-8bcf-7a114e13a3cd@group-53235962596B-SegmentedRaftLogWorker for RaftStorage:Storage Directory /workdir/hadoop-ozone/tools/target/test-dir/MiniOzoneClusterImpl-ab03b5f4-ba7d-41ab-a40f-aec5b371f622/datanode-0/data/ratis/598c3609-29ad-4542-ab8a-53235962596b
2019-09-27 10:07:43,251 [pool-47-thread-1] INFO  server.RaftServerConfigKeys (ConfUtils.java:logGet(43)) - raft.server.log.purge.gap = 1000000 (custom)
2019-09-27 10:07:43,251 [pool-27-thread-1] INFO  server.RaftServerConfigKeys (ConfUtils.java:logGet(43)) - raft.server.log.queue.byte-limit = 2147483647 (custom)
2019-09-27 10:07:43,251 [pool-37-thread-1] INFO  server.RaftServerConfigKeys (ConfUtils.java:logGet(43)) - raft.server.log.appender.buffer.byte-limit = 33554432 (custom)
2019-09-27 10:07:43,252 [pool-27-thread-1] INFO  server.RaftServerConfigKeys (ConfUtils.java:logGet(43)) - raft.server.log.queue.element-limit = 1024 (custom)
2019-09-27 10:07:43,252 [pool-47-thread-1] INFO  server.RaftServerConfigKeys (ConfUtils.java:logGet(43)) - raft.server.log.appender.buffer.byte-limit = 33554432 (custom)
2019-09-27 10:07:43,252 [pool-27-thread-1] INFO  server.RaftServerConfigKeys (ConfUtils.java:logGet(43)) - raft.server.log.segment.size.max = 1048576 (custom)
2019-09-27 10:07:43,252 [pool-37-thread-1] INFO  server.RaftServerConfigKeys (ConfUtils.java:logGet(43)) - raft.server.log.segment.size.max = 1048576 (custom)
2019-09-27 10:07:43,252 [pool-27-thread-1] INFO  server.RaftServerConfigKeys (ConfUtils.java:logGet(43)) - raft.server.log.preallocated.size = 16384 (custom)
2019-09-27 10:07:43,252 [pool-47-thread-1] INFO  server.RaftServerConfigKeys (ConfUtils.java:logGet(43)) - raft.server.log.segment.size.max = 1048576 (custom)
2019-09-27 10:07:43,252 [pool-27-thread-1] INFO  server.RaftServerConfigKeys (ConfUtils.java:logGet(43)) - raft.server.log.write.buffer.size = 33554432 (custom)
2019-09-27 10:07:43,252 [pool-37-thread-1] INFO  server.RaftServerConfigKeys (ConfUtils.java:logGet(43)) - raft.server.log.segment.cache.num.max = 2 (custom)
2019-09-27 10:07:43,252 [pool-27-thread-1] INFO  server.RaftServerConfigKeys (ConfUtils.java:logGet(43)) - raft.server.log.force.sync.num = 128 (default)
2019-09-27 10:07:43,252 [pool-47-thread-1] INFO  server.RaftServerConfigKeys (ConfUtils.java:logGet(43)) - raft.server.log.segment.cache.num.max = 2 (custom)
2019-09-27 10:07:43,253 [pool-27-thread-1] INFO  server.RaftServerConfigKeys (ConfUtils.java:logGet(43)) - raft.server.log.statemachine.data.sync = true (default)
2019-09-27 10:07:43,252 [pool-37-thread-1] INFO  segmented.SegmentedRaftLogWorker (SegmentedRaftLogWorker.java:<init>(172)) - new 48e846be-65ac-46a0-adaf-cb2d27a9ede7@group-53235962596B-SegmentedRaftLogWorker for RaftStorage:Storage Directory /workdir/hadoop-ozone/tools/target/test-dir/MiniOzoneClusterImpl-ab03b5f4-ba7d-41ab-a40f-aec5b371f622/datanode-1/data/ratis/598c3609-29ad-4542-ab8a-53235962596b
2019-09-27 10:07:43,253 [pool-27-thread-1] INFO  server.RaftServerConfigKeys (ConfUtils.java:logGet(43)) - raft.server.log.statemachine.data.sync.timeout = 10s (default)
2019-09-27 10:07:43,253 [pool-47-thread-1] INFO  segmented.SegmentedRaftLogWorker (SegmentedRaftLogWorker.java:<init>(172)) - new f91defaf-508c-4a2c-8b09-b8173efbe788@group-53235962596B-SegmentedRaftLogWorker for RaftStorage:Storage Directory /workdir/hadoop-ozone/tools/target/test-dir/MiniOzoneClusterImpl-ab03b5f4-ba7d-41ab-a40f-aec5b371f622/datanode-2/data/ratis/598c3609-29ad-4542-ab8a-53235962596b
2019-09-27 10:07:43,253 [pool-27-thread-1] INFO  server.RaftServerConfigKeys (ConfUtils.java:logGet(43)) - raft.server.log.statemachine.data.sync.timeout.retry = -1 (default)
2019-09-27 10:07:43,253 [pool-37-thread-1] INFO  server.RaftServerConfigKeys (ConfUtils.java:logGet(43)) - raft.server.log.queue.byte-limit = 2147483647 (custom)
2019-09-27 10:07:43,253 [pool-27-thread-1] INFO  server.RaftServerConfigKeys (ConfUtils.java:logGet(43)) - raft.server.log.statemachine.data.caching.enabled = true (custom)
2019-09-27 10:07:43,253 [pool-47-thread-1] INFO  server.RaftServerConfigKeys (ConfUtils.java:logGet(43)) - raft.server.log.queue.byte-limit = 2147483647 (custom)
2019-09-27 10:07:43,253 [pool-37-thread-1] INFO  server.RaftServerConfigKeys (ConfUtils.java:logGet(43)) - raft.server.log.queue.element-limit = 1024 (custom)
2019-09-27 10:07:43,254 [pool-27-thread-1] INFO  segmented.SegmentedRaftLogWorker (SegmentedRaftLogWorker.java:lambda$new$0(132)) - 8b41b560-2f66-41da-8bcf-7a114e13a3cd@group-53235962596B-SegmentedRaftLogWorker: flushIndex: setUnconditionally 0 -> -1
2019-09-27 10:07:43,254 [pool-47-thread-1] INFO  server.RaftServerConfigKeys (ConfUtils.java:logGet(43)) - raft.server.log.queue.element-limit = 1024 (custom)
2019-09-27 10:07:43,254 [pool-37-thread-1] INFO  server.RaftServerConfigKeys (ConfUtils.java:logGet(43)) - raft.server.log.segment.size.max = 1048576 (custom)
2019-09-27 10:07:43,254 [pool-47-thread-1] INFO  server.RaftServerConfigKeys (ConfUtils.java:logGet(43)) - raft.server.log.segment.size.max = 1048576 (custom)
2019-09-27 10:07:43,254 [pool-27-thread-1] INFO  server.RaftServerConfigKeys (ConfUtils.java:logGet(43)) - raft.server.snapshot.auto.trigger.enabled = true (custom)
2019-09-27 10:07:43,254 [pool-47-thread-1] INFO  server.RaftServerConfigKeys (ConfUtils.java:logGet(43)) - raft.server.log.preallocated.size = 16384 (custom)
2019-09-27 10:07:43,254 [pool-37-thread-1] INFO  server.RaftServerConfigKeys (ConfUtils.java:logGet(43)) - raft.server.log.preallocated.size = 16384 (custom)
2019-09-27 10:07:43,254 [pool-47-thread-1] INFO  server.RaftServerConfigKeys (ConfUtils.java:logGet(43)) - raft.server.log.write.buffer.size = 33554432 (custom)
2019-09-27 10:07:43,254 [pool-27-thread-1] INFO  server.RaftServerConfigKeys (ConfUtils.java:logGet(43)) - raft.server.snapshot.auto.trigger.threshold = 10000 (custom)
2019-09-27 10:07:43,255 [pool-47-thread-1] INFO  server.RaftServerConfigKeys (ConfUtils.java:logGet(43)) - raft.server.log.force.sync.num = 128 (default)
2019-09-27 10:07:43,255 [pool-37-thread-1] INFO  server.RaftServerConfigKeys (ConfUtils.java:logGet(43)) - raft.server.log.write.buffer.size = 33554432 (custom)
2019-09-27 10:07:43,255 [pool-47-thread-1] INFO  server.RaftServerConfigKeys (ConfUtils.java:logGet(43)) - raft.server.log.statemachine.data.sync = true (default)
2019-09-27 10:07:43,255 [pool-27-thread-1] INFO  server.RaftServerConfigKeys (ConfUtils.java:logGet(43)) - raft.server.snapshot.retention.num.files = 5 (custom)
2019-09-27 10:07:43,255 [pool-47-thread-1] INFO  server.RaftServerConfigKeys (ConfUtils.java:logGet(43)) - raft.server.log.statemachine.data.sync.timeout = 10s (default)
2019-09-27 10:07:43,255 [pool-37-thread-1] INFO  server.RaftServerConfigKeys (ConfUtils.java:logGet(43)) - raft.server.log.force.sync.num = 128 (default)
2019-09-27 10:07:43,255 [pool-47-thread-1] INFO  server.RaftServerConfigKeys (ConfUtils.java:logGet(43)) - raft.server.log.statemachine.data.sync.timeout.retry = -1 (default)
2019-09-27 10:07:43,255 [pool-27-thread-1] INFO  server.RaftServerConfigKeys (ConfUtils.java:logGet(43)) - raft.server.retrycache.expirytime = 600000ms (custom)
2019-09-27 10:07:43,255 [pool-47-thread-1] INFO  server.RaftServerConfigKeys (ConfUtils.java:logGet(43)) - raft.server.log.statemachine.data.caching.enabled = true (custom)
2019-09-27 10:07:43,255 [pool-37-thread-1] INFO  server.RaftServerConfigKeys (ConfUtils.java:logGet(43)) - raft.server.log.statemachine.data.sync = true (default)
2019-09-27 10:07:43,256 [pool-37-thread-1] INFO  server.RaftServerConfigKeys (ConfUtils.java:logGet(43)) - raft.server.log.statemachine.data.sync.timeout = 10s (default)
2019-09-27 10:07:43,256 [pool-47-thread-1] INFO  segmented.SegmentedRaftLogWorker (SegmentedRaftLogWorker.java:lambda$new$0(132)) - f91defaf-508c-4a2c-8b09-b8173efbe788@group-53235962596B-SegmentedRaftLogWorker: flushIndex: setUnconditionally 0 -> -1
2019-09-27 10:07:43,256 [pool-37-thread-1] INFO  server.RaftServerConfigKeys (ConfUtils.java:logGet(43)) - raft.server.log.statemachine.data.sync.timeout.retry = -1 (default)
2019-09-27 10:07:43,256 [pool-47-thread-1] INFO  server.RaftServerConfigKeys (ConfUtils.java:logGet(43)) - raft.server.snapshot.auto.trigger.enabled = true (custom)
2019-09-27 10:07:43,256 [pool-37-thread-1] INFO  server.RaftServerConfigKeys (ConfUtils.java:logGet(43)) - raft.server.log.statemachine.data.caching.enabled = true (custom)
2019-09-27 10:07:43,256 [pool-47-thread-1] INFO  server.RaftServerConfigKeys (ConfUtils.java:logGet(43)) - raft.server.snapshot.auto.trigger.threshold = 10000 (custom)
2019-09-27 10:07:43,257 [pool-47-thread-1] INFO  server.RaftServerConfigKeys (ConfUtils.java:logGet(43)) - raft.server.snapshot.retention.num.files = 5 (custom)
2019-09-27 10:07:43,257 [pool-37-thread-1] INFO  segmented.SegmentedRaftLogWorker (SegmentedRaftLogWorker.java:lambda$new$0(132)) - 48e846be-65ac-46a0-adaf-cb2d27a9ede7@group-53235962596B-SegmentedRaftLogWorker: flushIndex: setUnconditionally 0 -> -1
2019-09-27 10:07:43,257 [pool-47-thread-1] INFO  server.RaftServerConfigKeys (ConfUtils.java:logGet(43)) - raft.server.retrycache.expirytime = 600000ms (custom)
2019-09-27 10:07:43,257 [pool-37-thread-1] INFO  server.RaftServerConfigKeys (ConfUtils.java:logGet(43)) - raft.server.snapshot.auto.trigger.enabled = true (custom)
2019-09-27 10:07:43,257 [pool-37-thread-1] INFO  server.RaftServerConfigKeys (ConfUtils.java:logGet(43)) - raft.server.snapshot.auto.trigger.threshold = 10000 (custom)
2019-09-27 10:07:43,257 [pool-37-thread-1] INFO  server.RaftServerConfigKeys (ConfUtils.java:logGet(43)) - raft.server.snapshot.retention.num.files = 5 (custom)
2019-09-27 10:07:43,257 [pool-37-thread-1] INFO  server.RaftServerConfigKeys (ConfUtils.java:logGet(43)) - raft.server.retrycache.expirytime = 600000ms (custom)
2019-09-27 10:07:43,260 [pool-27-thread-1] INFO  impl.RaftServerImpl (RaftServerImpl.java:start(185)) - 8b41b560-2f66-41da-8bcf-7a114e13a3cd@group-53235962596B: start as a follower, conf=-1: [48e846be-65ac-46a0-adaf-cb2d27a9ede7:192.168.164.207:45638, 8b41b560-2f66-41da-8bcf-7a114e13a3cd:192.168.164.207:42021, f91defaf-508c-4a2c-8b09-b8173efbe788:192.168.164.207:32847], old=null
2019-09-27 10:07:43,260 [pool-27-thread-1] INFO  impl.RaftServerImpl (RaftServerImpl.java:setRole(174)) - 8b41b560-2f66-41da-8bcf-7a114e13a3cd@group-53235962596B: changes role from      null to FOLLOWER at term 0 for startAsFollower
2019-09-27 10:07:43,260 [pool-27-thread-1] INFO  impl.RoleInfo (RoleInfo.java:updateAndGet(143)) - 8b41b560-2f66-41da-8bcf-7a114e13a3cd: start FollowerState
2019-09-27 10:07:43,261 [pool-27-thread-1] INFO  util.JmxRegister (JmxRegister.java:tryRegister(44)) - Successfully registered JMX Bean with object name Ratis:service=RaftServer,group=group-53235962596B,id=8b41b560-2f66-41da-8bcf-7a114e13a3cd
2019-09-27 10:07:43,264 [pool-47-thread-1] INFO  impl.RaftServerImpl (RaftServerImpl.java:start(185)) - f91defaf-508c-4a2c-8b09-b8173efbe788@group-53235962596B: start as a follower, conf=-1: [48e846be-65ac-46a0-adaf-cb2d27a9ede7:192.168.164.207:45638, 8b41b560-2f66-41da-8bcf-7a114e13a3cd:192.168.164.207:42021, f91defaf-508c-4a2c-8b09-b8173efbe788:192.168.164.207:32847], old=null
2019-09-27 10:07:43,264 [pool-37-thread-1] INFO  impl.RaftServerImpl (RaftServerImpl.java:start(185)) - 48e846be-65ac-46a0-adaf-cb2d27a9ede7@group-53235962596B: start as a follower, conf=-1: [48e846be-65ac-46a0-adaf-cb2d27a9ede7:192.168.164.207:45638, 8b41b560-2f66-41da-8bcf-7a114e13a3cd:192.168.164.207:42021, f91defaf-508c-4a2c-8b09-b8173efbe788:192.168.164.207:32847], old=null
2019-09-27 10:07:43,264 [pool-47-thread-1] INFO  impl.RaftServerImpl (RaftServerImpl.java:setRole(174)) - f91defaf-508c-4a2c-8b09-b8173efbe788@group-53235962596B: changes role from      null to FOLLOWER at term 0 for startAsFollower
2019-09-27 10:07:43,264 [pool-37-thread-1] INFO  impl.RaftServerImpl (RaftServerImpl.java:setRole(174)) - 48e846be-65ac-46a0-adaf-cb2d27a9ede7@group-53235962596B: changes role from      null to FOLLOWER at term 0 for startAsFollower
2019-09-27 10:07:43,265 [pool-47-thread-1] INFO  impl.RoleInfo (RoleInfo.java:updateAndGet(143)) - f91defaf-508c-4a2c-8b09-b8173efbe788: start FollowerState
2019-09-27 10:07:43,266 [pool-37-thread-1] INFO  impl.RoleInfo (RoleInfo.java:updateAndGet(143)) - 48e846be-65ac-46a0-adaf-cb2d27a9ede7: start FollowerState
2019-09-27 10:07:43,267 [pool-47-thread-1] INFO  util.JmxRegister (JmxRegister.java:tryRegister(44)) - Successfully registered JMX Bean with object name Ratis:service=RaftServer,group=group-53235962596B,id=f91defaf-508c-4a2c-8b09-b8173efbe788
2019-09-27 10:07:43,267 [pool-37-thread-1] INFO  util.JmxRegister (JmxRegister.java:tryRegister(44)) - Successfully registered JMX Bean with object name Ratis:service=RaftServer,group=group-53235962596B,id=48e846be-65ac-46a0-adaf-cb2d27a9ede7
2019-09-27 10:07:43,268 [Command processor thread] INFO  commandhandler.CreatePipelineCommandHandler (CreatePipelineCommandHandler.java:handle(116)) - Create Pipeline RATIS THREE #PipelineID=598c3609-29ad-4542-ab8a-53235962596b command succeed on datanode 8b41b560-2f66-41da-8bcf-7a114e13a3cd.
2019-09-27 10:07:43,278 [Command processor thread] INFO  commandhandler.CreatePipelineCommandHandler (CreatePipelineCommandHandler.java:handle(116)) - Create Pipeline RATIS THREE #PipelineID=598c3609-29ad-4542-ab8a-53235962596b command succeed on datanode 48e846be-65ac-46a0-adaf-cb2d27a9ede7.
2019-09-27 10:07:43,281 [Command processor thread] INFO  commandhandler.CreatePipelineCommandHandler (CreatePipelineCommandHandler.java:handle(116)) - Create Pipeline RATIS THREE #PipelineID=598c3609-29ad-4542-ab8a-53235962596b command succeed on datanode f91defaf-508c-4a2c-8b09-b8173efbe788.
2019-09-27 10:07:43,617 [main] INFO  ozone.MiniOzoneClusterImpl (MiniOzoneClusterImpl.java:lambda$waitForClusterToBeReady$0(150)) - Nodes are ready. Got 3 of 3 DN Heartbeats.
2019-09-27 10:07:43,617 [main] INFO  ozone.MiniOzoneClusterImpl (MiniOzoneClusterImpl.java:lambda$waitForClusterToBeReady$0(153)) - Waiting for cluster to exit safe mode
2019-09-27 10:07:43,625 [EventQueue-CreatePipelineStatusForSCMPipelineManager] INFO  pipeline.SCMPipelineManager (SCMPipelineManager.java:onMessage(505)) - receive pipeline PipelineID=598c3609-29ad-4542-ab8a-53235962596b create status EXECUTED
2019-09-27 10:07:43,628 [EventQueue-CreatePipelineStatusForSCMPipelineManager] INFO  pipeline.PipelineStateManager (PipelineStateManager.java:openPipeline(134)) - Pipeline Pipeline[ Id: 598c3609-29ad-4542-ab8a-53235962596b, Nodes: 48e846be-65ac-46a0-adaf-cb2d27a9ede7{ip: 192.168.164.207, host: pr-hdds2034-jk2kc-152962534, networkLocation: /default-rack, certSerialId: null}8b41b560-2f66-41da-8bcf-7a114e13a3cd{ip: 192.168.164.207, host: pr-hdds2034-jk2kc-152962534, networkLocation: /default-rack, certSerialId: null}f91defaf-508c-4a2c-8b09-b8173efbe788{ip: 192.168.164.207, host: pr-hdds2034-jk2kc-152962534, networkLocation: /default-rack, certSerialId: null}, Type:RATIS, Factor:THREE, State:ALLOCATED] moved to OPEN state
add pipeline PipelineID=598c3609-29ad-4542-ab8a-53235962596b to metrics map
2019-09-27 10:07:43,630 [EventQueue-OpenPipelineForOneReplicaPipelineSafeModeRule] INFO  safemode.OneReplicaPipelineSafeModeRule (OneReplicaPipelineSafeModeRule.java:validate(96)) - OneReplicaPipelineSafeModeRule rule satisfied
2019-09-27 10:07:43,630 [EventQueue-CreatePipelineStatusForSCMPipelineManager] INFO  pipeline.SCMPipelineManager (SCMPipelineManager.java:onMessage(505)) - receive pipeline PipelineID=f1f201fc-6630-4ce4-aeb3-65ab115b84cd create status EXECUTED
2019-09-27 10:07:43,630 [EventQueue-OpenPipelineForOneReplicaPipelineSafeModeRule] INFO  safemode.SCMSafeModeManager (SCMSafeModeManager.java:validateSafeModeExitRules(169)) - AtleastOneDatanodeReportedRule rule is successfully validated
2019-09-27 10:07:43,630 [EventQueue-OpenPipelineForHealthyPipelineSafeModeRule] INFO  safemode.SCMSafeModeManager (HealthyPipelineSafeModeRule.java:process(123)) - SCM in safe mode. Healthy pipelines reported count is 1, required healthy pipeline reported count is 1
2019-09-27 10:07:43,631 [EventQueue-CreatePipelineStatusForSCMPipelineManager] INFO  pipeline.PipelineStateManager (PipelineStateManager.java:openPipeline(134)) - Pipeline Pipeline[ Id: f1f201fc-6630-4ce4-aeb3-65ab115b84cd, Nodes: f91defaf-508c-4a2c-8b09-b8173efbe788{ip: 192.168.164.207, host: pr-hdds2034-jk2kc-152962534, networkLocation: /default-rack, certSerialId: null}, Type:RATIS, Factor:ONE, State:ALLOCATED] moved to OPEN state
2019-09-27 10:07:43,631 [EventQueue-OpenPipelineForHealthyPipelineSafeModeRule] INFO  safemode.HealthyPipelineSafeModeRule (HealthyPipelineSafeModeRule.java:validate(104)) - HealthyPipelineSafeModeRule rule satisfied
add pipeline PipelineID=f1f201fc-6630-4ce4-aeb3-65ab115b84cd to metrics map
2019-09-27 10:07:43,631 [EventQueue-OpenPipelineForHealthyPipelineSafeModeRule] INFO  safemode.SCMSafeModeManager (SCMSafeModeManager.java:validateSafeModeExitRules(169)) - HealthyPipelineSafeModeRule rule is successfully validated
2019-09-27 10:07:43,631 [EventQueue-OpenPipelineForHealthyPipelineSafeModeRule] INFO  safemode.SCMSafeModeManager (SCMSafeModeManager.java:validateSafeModeExitRules(178)) - ScmSafeModeManager, all rules are successfully validated
2019-09-27 10:07:43,631 [EventQueue-OpenPipelineForHealthyPipelineSafeModeRule] INFO  safemode.SCMSafeModeManager (SCMSafeModeManager.java:exitSafeMode(194)) - SCM exiting safe mode.
2019-09-27 10:07:43,631 [EventQueue-OpenPipelineForOneReplicaPipelineSafeModeRule] INFO  safemode.OneReplicaPipelineSafeModeRule (OneReplicaPipelineSafeModeRule.java:validate(96)) - OneReplicaPipelineSafeModeRule rule satisfied
2019-09-27 10:07:43,632 [EventQueue-OpenPipelineForOneReplicaPipelineSafeModeRule] INFO  safemode.SCMSafeModeManager (SCMSafeModeManager.java:validateSafeModeExitRules(169)) - AtleastOneDatanodeReportedRule rule is successfully validated
2019-09-27 10:07:43,632 [EventQueue-OpenPipelineForOneReplicaPipelineSafeModeRule] INFO  safemode.SCMSafeModeManager (SCMSafeModeManager.java:validateSafeModeExitRules(178)) - ScmSafeModeManager, all rules are successfully validated
2019-09-27 10:07:43,632 [EventQueue-OpenPipelineForOneReplicaPipelineSafeModeRule] INFO  safemode.SCMSafeModeManager (SCMSafeModeManager.java:exitSafeMode(194)) - SCM exiting safe mode.
2019-09-27 10:07:44,454 [EventQueue-CreatePipelineStatusForSCMPipelineManager] INFO  pipeline.SCMPipelineManager (SCMPipelineManager.java:onMessage(505)) - receive pipeline PipelineID=710c5d02-838b-42e5-b327-f98ed24e327b create status EXECUTED
2019-09-27 10:07:44,454 [EventQueue-CreatePipelineStatusForSCMPipelineManager] INFO  pipeline.PipelineStateManager (PipelineStateManager.java:openPipeline(134)) - Pipeline Pipeline[ Id: 710c5d02-838b-42e5-b327-f98ed24e327b, Nodes: 8b41b560-2f66-41da-8bcf-7a114e13a3cd{ip: 192.168.164.207, host: pr-hdds2034-jk2kc-152962534, networkLocation: /default-rack, certSerialId: null}, Type:RATIS, Factor:ONE, State:ALLOCATED] moved to OPEN state
add pipeline PipelineID=710c5d02-838b-42e5-b327-f98ed24e327b to metrics map
2019-09-27 10:07:44,455 [EventQueue-CreatePipelineStatusForSCMPipelineManager] INFO  pipeline.SCMPipelineManager (SCMPipelineManager.java:onMessage(505)) - receive pipeline PipelineID=598c3609-29ad-4542-ab8a-53235962596b create status EXECUTED
2019-09-27 10:07:44,537 [EventQueue-CreatePipelineStatusForSCMPipelineManager] INFO  pipeline.SCMPipelineManager (SCMPipelineManager.java:onMessage(505)) - receive pipeline PipelineID=8c11baba-e125-4cf5-ae69-222bef006ac1 create status EXECUTED
2019-09-27 10:07:44,537 [EventQueue-CreatePipelineStatusForSCMPipelineManager] INFO  pipeline.PipelineStateManager (PipelineStateManager.java:openPipeline(134)) - Pipeline Pipeline[ Id: 8c11baba-e125-4cf5-ae69-222bef006ac1, Nodes: 48e846be-65ac-46a0-adaf-cb2d27a9ede7{ip: 192.168.164.207, host: pr-hdds2034-jk2kc-152962534, networkLocation: /default-rack, certSerialId: null}, Type:RATIS, Factor:ONE, State:ALLOCATED] moved to OPEN state
add pipeline PipelineID=8c11baba-e125-4cf5-ae69-222bef006ac1 to metrics map
2019-09-27 10:07:44,537 [EventQueue-CreatePipelineStatusForSCMPipelineManager] INFO  pipeline.SCMPipelineManager (SCMPipelineManager.java:onMessage(505)) - receive pipeline PipelineID=598c3609-29ad-4542-ab8a-53235962596b create status EXECUTED
add pipeline PipelineID=598c3609-29ad-4542-ab8a-53235962596b to metrics map
2019-09-27 10:07:44,618 [main] INFO  ozone.MiniOzoneClusterImpl (MiniOzoneClusterImpl.java:lambda$waitForClusterToBeReady$0(150)) - Nodes are ready. Got 3 of 3 DN Heartbeats.
2019-09-27 10:07:44,618 [main] INFO  ozone.MiniOzoneClusterImpl (MiniOzoneClusterImpl.java:lambda$waitForClusterToBeReady$0(153)) - Cluster exits safe mode
2019-09-27 10:07:45,135 [main] INFO  freon.RandomKeyGenerator (RandomKeyGenerator.java:call(283)) - Number of Threads: 10
2019-09-27 10:07:45,136 [main] INFO  freon.RandomKeyGenerator (RandomKeyGenerator.java:call(288)) - Number of Volumes: 1.
2019-09-27 10:07:45,136 [main] INFO  freon.RandomKeyGenerator (RandomKeyGenerator.java:call(289)) - Number of Buckets per Volume: 1.
2019-09-27 10:07:45,136 [main] INFO  freon.RandomKeyGenerator (RandomKeyGenerator.java:call(290)) - Number of Keys per Bucket: 1.
2019-09-27 10:07:45,136 [main] INFO  freon.RandomKeyGenerator (RandomKeyGenerator.java:call(291)) - Key size: 20971520 bytes
2019-09-27 10:07:45,136 [main] INFO  freon.RandomKeyGenerator (RandomKeyGenerator.java:call(292)) - Buffer size: 4096 bytes
2019-09-27 10:07:45,136 [main] INFO  freon.RandomKeyGenerator (RandomKeyGenerator.java:call(293)) - validateWrites : true
2019-09-27 10:07:45,141 [main] INFO  freon.RandomKeyGenerator (RandomKeyGenerator.java:call(307)) - Data validation is enabled.
2019-09-27 10:07:45,142 [main] INFO  freon.RandomKeyGenerator (RandomKeyGenerator.java:call(313)) - Starting progress bar Thread.

 0.00% |█                                                                                                    |  0/1 Time: 0:00:002019-09-27 10:07:45,165 [pool-53-thread-1] INFO  rpc.RpcClient (RpcClient.java:createVolume(276)) - Creating Volume: vol-0-45841, with jenkins1000 as owner.
2019-09-27 10:07:45,523 [IPC Server handler 13 on 45790] INFO  volume.OMVolumeCreateRequest (OMVolumeCreateRequest.java:validateAndUpdateCache(189)) - created volume:vol-0-45841 for user:jenkins1000
2019-09-27 10:07:45,552 [pool-53-thread-2] INFO  rpc.RpcClient (RpcClient.java:createBucket(415)) - Creating Bucket: vol-0-45841/bucket-0-85294, with Versioning false and Storage Type set to DISK and Encryption set to false 
2019-09-27 10:07:45,692 [pool-53-thread-3] INFO  impl.MetricsSystemImpl (MetricsSystemImpl.java:init(158)) - XceiverClientMetrics metrics system started (again)
 0.00% |█                                                                                                    |  0/1 Time: 0:00:012019-09-27 10:07:46,636 [Thread-201] INFO  container.ReplicationManager (ReplicationManager.java:start(163)) - Starting Replication Monitor Thread.
2019-09-27 10:07:46,637 [Thread-202] INFO  container.ReplicationManager (ReplicationManager.java:start(170)) - Replication Monitor Thread is already running.
2019-09-27 10:07:46,639 [ReplicationMonitor] INFO  container.ReplicationManager (ReplicationManager.java:run(226)) - Replication Monitor Thread took 1 milliseconds for processing 3 containers.
 0.00% |█                                                                                                    |  0/1 Time: 0:00:02 0.00% |█                                                                                                    |  0/1 Time: 0:00:032019-09-27 10:07:48,257 [Thread-181] INFO  impl.FollowerState (FollowerState.java:run(106)) - 8b41b560-2f66-41da-8bcf-7a114e13a3cd:group-F98ED24E327B changes to CANDIDATE, lastRpcTime:5123, electionTimeout:5119ms
2019-09-27 10:07:48,260 [Thread-181] INFO  impl.RoleInfo (RoleInfo.java:shutdownFollowerState(121)) - 8b41b560-2f66-41da-8bcf-7a114e13a3cd: shutdown FollowerState
2019-09-27 10:07:48,260 [Thread-181] INFO  impl.RaftServerImpl (RaftServerImpl.java:setRole(174)) - 8b41b560-2f66-41da-8bcf-7a114e13a3cd@group-F98ED24E327B: changes role from  FOLLOWER to CANDIDATE at term 0 for changeToCandidate
2019-09-27 10:07:48,264 [Thread-181] INFO  impl.RoleInfo (RoleInfo.java:updateAndGet(143)) - 8b41b560-2f66-41da-8bcf-7a114e13a3cd: start LeaderElection
2019-09-27 10:07:48,281 [8b41b560-2f66-41da-8bcf-7a114e13a3cd@group-F98ED24E327B:LeaderElection1] INFO  impl.LeaderElection (LeaderElection.java:askForVotes(182)) - 8b41b560-2f66-41da-8bcf-7a114e13a3cd@group-F98ED24E327B:LeaderElection1: begin an election at term 1 for -1: [8b41b560-2f66-41da-8bcf-7a114e13a3cd:192.168.164.207:42021], old=null
2019-09-27 10:07:48,282 [8b41b560-2f66-41da-8bcf-7a114e13a3cd@group-F98ED24E327B:LeaderElection1] INFO  impl.RoleInfo (RoleInfo.java:shutdownLeaderElection(134)) - 8b41b560-2f66-41da-8bcf-7a114e13a3cd: shutdown LeaderElection
2019-09-27 10:07:48,283 [8b41b560-2f66-41da-8bcf-7a114e13a3cd@group-F98ED24E327B:LeaderElection1] INFO  impl.RaftServerImpl (RaftServerImpl.java:setRole(174)) - 8b41b560-2f66-41da-8bcf-7a114e13a3cd@group-F98ED24E327B: changes role from CANDIDATE to LEADER at term 1 for changeToLeader
2019-09-27 10:07:48,283 [8b41b560-2f66-41da-8bcf-7a114e13a3cd@group-F98ED24E327B:LeaderElection1] INFO  impl.RaftServerImpl (ServerState.java:setLeader(253)) - 8b41b560-2f66-41da-8bcf-7a114e13a3cd@group-F98ED24E327B: change Leader from null to 8b41b560-2f66-41da-8bcf-7a114e13a3cd at term 1 for becomeLeader, leader elected after 5281ms
2019-09-27 10:07:48,284 [Thread-182] INFO  impl.FollowerState (FollowerState.java:run(106)) - 48e846be-65ac-46a0-adaf-cb2d27a9ede7:group-222BEF006AC1 changes to CANDIDATE, lastRpcTime:5150, electionTimeout:5146ms
2019-09-27 10:07:48,285 [Thread-182] INFO  impl.RoleInfo (RoleInfo.java:shutdownFollowerState(121)) - 48e846be-65ac-46a0-adaf-cb2d27a9ede7: shutdown FollowerState
2019-09-27 10:07:48,286 [Thread-182] INFO  impl.RaftServerImpl (RaftServerImpl.java:setRole(174)) - 48e846be-65ac-46a0-adaf-cb2d27a9ede7@group-222BEF006AC1: changes role from  FOLLOWER to CANDIDATE at term 0 for changeToCandidate
2019-09-27 10:07:48,286 [Thread-182] INFO  impl.RoleInfo (RoleInfo.java:updateAndGet(143)) - 48e846be-65ac-46a0-adaf-cb2d27a9ede7: start LeaderElection
2019-09-27 10:07:48,290 [8b41b560-2f66-41da-8bcf-7a114e13a3cd@group-F98ED24E327B:LeaderElection1] INFO  server.RaftServerConfigKeys (ConfUtils.java:logGet(43)) - raft.server.staging.catchup.gap = 1000 (default)
2019-09-27 10:07:48,291 [8b41b560-2f66-41da-8bcf-7a114e13a3cd@group-F98ED24E327B:LeaderElection1] INFO  server.RaftServerConfigKeys (ConfUtils.java:logGet(43)) - raft.server.rpc.sleep.time = 25ms (default)
2019-09-27 10:07:48,293 [8b41b560-2f66-41da-8bcf-7a114e13a3cd@group-F98ED24E327B:LeaderElection1] INFO  server.RaftServerConfigKeys (ConfUtils.java:logGet(43)) - raft.server.write.element-limit = 4096 (default)
2019-09-27 10:07:48,295 [8b41b560-2f66-41da-8bcf-7a114e13a3cd@group-F98ED24E327B:LeaderElection1] INFO  server.RaftServerConfigKeys (ConfUtils.java:logGet(43)) - raft.server.watch.timeout = 10s (default)
2019-09-27 10:07:48,295 [8b41b560-2f66-41da-8bcf-7a114e13a3cd@group-F98ED24E327B:LeaderElection1] INFO  server.RaftServerConfigKeys (ConfUtils.java:logGet(43)) - raft.server.watch.timeout.denomination = 1s (default)
2019-09-27 10:07:48,295 [48e846be-65ac-46a0-adaf-cb2d27a9ede7@group-222BEF006AC1:LeaderElection2] INFO  impl.LeaderElection (LeaderElection.java:askForVotes(182)) - 48e846be-65ac-46a0-adaf-cb2d27a9ede7@group-222BEF006AC1:LeaderElection2: begin an election at term 1 for -1: [48e846be-65ac-46a0-adaf-cb2d27a9ede7:192.168.164.207:45638], old=null
2019-09-27 10:07:48,296 [48e846be-65ac-46a0-adaf-cb2d27a9ede7@group-222BEF006AC1:LeaderElection2] INFO  impl.RoleInfo (RoleInfo.java:shutdownLeaderElection(134)) - 48e846be-65ac-46a0-adaf-cb2d27a9ede7: shutdown LeaderElection
2019-09-27 10:07:48,296 [48e846be-65ac-46a0-adaf-cb2d27a9ede7@group-222BEF006AC1:LeaderElection2] INFO  impl.RaftServerImpl (RaftServerImpl.java:setRole(174)) - 48e846be-65ac-46a0-adaf-cb2d27a9ede7@group-222BEF006AC1: changes role from CANDIDATE to LEADER at term 1 for changeToLeader
2019-09-27 10:07:48,296 [8b41b560-2f66-41da-8bcf-7a114e13a3cd@group-F98ED24E327B:LeaderElection1] INFO  server.RaftServerConfigKeys (ConfUtils.java:logGet(43)) - raft.server.watch.element-limit = 65536 (default)
2019-09-27 10:07:48,296 [48e846be-65ac-46a0-adaf-cb2d27a9ede7@group-222BEF006AC1:LeaderElection2] INFO  impl.RaftServerImpl (ServerState.java:setLeader(253)) - 48e846be-65ac-46a0-adaf-cb2d27a9ede7@group-222BEF006AC1: change Leader from null to 48e846be-65ac-46a0-adaf-cb2d27a9ede7 at term 1 for becomeLeader, leader elected after 5295ms
2019-09-27 10:07:48,297 [48e846be-65ac-46a0-adaf-cb2d27a9ede7@group-222BEF006AC1:LeaderElection2] INFO  server.RaftServerConfigKeys (ConfUtils.java:logGet(43)) - raft.server.staging.catchup.gap = 1000 (default)
2019-09-27 10:07:48,297 [48e846be-65ac-46a0-adaf-cb2d27a9ede7@group-222BEF006AC1:LeaderElection2] INFO  server.RaftServerConfigKeys (ConfUtils.java:logGet(43)) - raft.server.rpc.sleep.time = 25ms (default)
2019-09-27 10:07:48,297 [48e846be-65ac-46a0-adaf-cb2d27a9ede7@group-222BEF006AC1:LeaderElection2] INFO  server.RaftServerConfigKeys (ConfUtils.java:logGet(43)) - raft.server.write.element-limit = 4096 (default)
2019-09-27 10:07:48,297 [48e846be-65ac-46a0-adaf-cb2d27a9ede7@group-222BEF006AC1:LeaderElection2] INFO  server.RaftServerConfigKeys (ConfUtils.java:logGet(43)) - raft.server.watch.timeout = 10s (default)
2019-09-27 10:07:48,297 [48e846be-65ac-46a0-adaf-cb2d27a9ede7@group-222BEF006AC1:LeaderElection2] INFO  server.RaftServerConfigKeys (ConfUtils.java:logGet(43)) - raft.server.watch.timeout.denomination = 1s (default)
2019-09-27 10:07:48,297 [48e846be-65ac-46a0-adaf-cb2d27a9ede7@group-222BEF006AC1:LeaderElection2] INFO  server.RaftServerConfigKeys (ConfUtils.java:logGet(43)) - raft.server.watch.element-limit = 65536 (default)
2019-09-27 10:07:48,306 [Thread-183] INFO  impl.FollowerState (FollowerState.java:run(106)) - f91defaf-508c-4a2c-8b09-b8173efbe788:group-65AB115B84CD changes to CANDIDATE, lastRpcTime:5172, electionTimeout:5168ms
2019-09-27 10:07:48,306 [Thread-183] INFO  impl.RoleInfo (RoleInfo.java:shutdownFollowerState(121)) - f91defaf-508c-4a2c-8b09-b8173efbe788: shutdown FollowerState
2019-09-27 10:07:48,306 [Thread-183] INFO  impl.RaftServerImpl (RaftServerImpl.java:setRole(174)) - f91defaf-508c-4a2c-8b09-b8173efbe788@group-65AB115B84CD: changes role from  FOLLOWER to CANDIDATE at term 0 for changeToCandidate
2019-09-27 10:07:48,306 [Thread-183] INFO  impl.RoleInfo (RoleInfo.java:updateAndGet(143)) - f91defaf-508c-4a2c-8b09-b8173efbe788: start LeaderElection
2019-09-27 10:07:48,310 [Thread-193] INFO  impl.FollowerState (FollowerState.java:run(106)) - 48e846be-65ac-46a0-adaf-cb2d27a9ede7:group-53235962596B changes to CANDIDATE, lastRpcTime:5042, electionTimeout:5041ms
2019-09-27 10:07:48,311 [Thread-193] INFO  impl.RoleInfo (RoleInfo.java:shutdownFollowerState(121)) - 48e846be-65ac-46a0-adaf-cb2d27a9ede7: shutdown FollowerState
2019-09-27 10:07:48,311 [Thread-193] INFO  impl.RaftServerImpl (RaftServerImpl.java:setRole(174)) - 48e846be-65ac-46a0-adaf-cb2d27a9ede7@group-53235962596B: changes role from  FOLLOWER to CANDIDATE at term 0 for changeToCandidate
2019-09-27 10:07:48,312 [Thread-193] INFO  impl.RoleInfo (RoleInfo.java:updateAndGet(143)) - 48e846be-65ac-46a0-adaf-cb2d27a9ede7: start LeaderElection
2019-09-27 10:07:48,314 [8b41b560-2f66-41da-8bcf-7a114e13a3cd@group-F98ED24E327B:LeaderElection1] INFO  impl.RoleInfo (RoleInfo.java:updateAndGet(143)) - 8b41b560-2f66-41da-8bcf-7a114e13a3cd: start LeaderState
2019-09-27 10:07:48,314 [48e846be-65ac-46a0-adaf-cb2d27a9ede7@group-222BEF006AC1:LeaderElection2] INFO  impl.RoleInfo (RoleInfo.java:updateAndGet(143)) - 48e846be-65ac-46a0-adaf-cb2d27a9ede7: start LeaderState
2019-09-27 10:07:48,324 [Thread-192] INFO  impl.FollowerState (FollowerState.java:run(106)) - f91defaf-508c-4a2c-8b09-b8173efbe788:group-53235962596B changes to CANDIDATE, lastRpcTime:5059, electionTimeout:5057ms
2019-09-27 10:07:48,324 [Thread-192] INFO  impl.RoleInfo (RoleInfo.java:shutdownFollowerState(121)) - f91defaf-508c-4a2c-8b09-b8173efbe788: shutdown FollowerState
2019-09-27 10:07:48,324 [Thread-192] INFO  impl.RaftServerImpl (RaftServerImpl.java:setRole(174)) - f91defaf-508c-4a2c-8b09-b8173efbe788@group-53235962596B: changes role from  FOLLOWER to CANDIDATE at term 0 for changeToCandidate
2019-09-27 10:07:48,325 [Thread-192] INFO  impl.RoleInfo (RoleInfo.java:updateAndGet(143)) - f91defaf-508c-4a2c-8b09-b8173efbe788: start LeaderElection
2019-09-27 10:07:48,332 [8b41b560-2f66-41da-8bcf-7a114e13a3cd@group-F98ED24E327B:LeaderElection1] INFO  segmented.SegmentedRaftLogWorker (SegmentedRaftLogWorker.java:startLogSegment(380)) - 8b41b560-2f66-41da-8bcf-7a114e13a3cd@group-F98ED24E327B-SegmentedRaftLogWorker: Starting segment from index:0
2019-09-27 10:07:48,332 [48e846be-65ac-46a0-adaf-cb2d27a9ede7@group-222BEF006AC1:LeaderElection2] INFO  segmented.SegmentedRaftLogWorker (SegmentedRaftLogWorker.java:startLogSegment(380)) - 48e846be-65ac-46a0-adaf-cb2d27a9ede7@group-222BEF006AC1-SegmentedRaftLogWorker: Starting segment from index:0
2019-09-27 10:07:48,338 [8b41b560-2f66-41da-8bcf-7a114e13a3cd@group-F98ED24E327B:LeaderElection1] INFO  impl.RaftServerImpl (ServerState.java:setRaftConf(354)) - 8b41b560-2f66-41da-8bcf-7a114e13a3cd@group-F98ED24E327B: set configuration 0: [8b41b560-2f66-41da-8bcf-7a114e13a3cd:192.168.164.207:42021], old=null at 0
2019-09-27 10:07:48,338 [48e846be-65ac-46a0-adaf-cb2d27a9ede7@group-222BEF006AC1:LeaderElection2] INFO  impl.RaftServerImpl (ServerState.java:setRaftConf(354)) - 48e846be-65ac-46a0-adaf-cb2d27a9ede7@group-222BEF006AC1: set configuration 0: [48e846be-65ac-46a0-adaf-cb2d27a9ede7:192.168.164.207:45638], old=null at 0
2019-09-27 10:07:48,348 [48e846be-65ac-46a0-adaf-cb2d27a9ede7@group-53235962596B:LeaderElection4] INFO  impl.LeaderElection (LeaderElection.java:askForVotes(182)) - 48e846be-65ac-46a0-adaf-cb2d27a9ede7@group-53235962596B:LeaderElection4: begin an election at term 1 for -1: [48e846be-65ac-46a0-adaf-cb2d27a9ede7:192.168.164.207:45638, 8b41b560-2f66-41da-8bcf-7a114e13a3cd:192.168.164.207:42021, f91defaf-508c-4a2c-8b09-b8173efbe788:192.168.164.207:32847], old=null
2019-09-27 10:07:48,348 [f91defaf-508c-4a2c-8b09-b8173efbe788@group-53235962596B:LeaderElection5] INFO  impl.LeaderElection (LeaderElection.java:askForVotes(182)) - f91defaf-508c-4a2c-8b09-b8173efbe788@group-53235962596B:LeaderElection5: begin an election at term 1 for -1: [48e846be-65ac-46a0-adaf-cb2d27a9ede7:192.168.164.207:45638, 8b41b560-2f66-41da-8bcf-7a114e13a3cd:192.168.164.207:42021, f91defaf-508c-4a2c-8b09-b8173efbe788:192.168.164.207:32847], old=null
2019-09-27 10:07:48,348 [f91defaf-508c-4a2c-8b09-b8173efbe788@group-65AB115B84CD:LeaderElection3] INFO  impl.LeaderElection (LeaderElection.java:askForVotes(182)) - f91defaf-508c-4a2c-8b09-b8173efbe788@group-65AB115B84CD:LeaderElection3: begin an election at term 1 for -1: [f91defaf-508c-4a2c-8b09-b8173efbe788:192.168.164.207:32847], old=null
2019-09-27 10:07:48,349 [f91defaf-508c-4a2c-8b09-b8173efbe788@group-65AB115B84CD:LeaderElection3] INFO  impl.RoleInfo (RoleInfo.java:shutdownLeaderElection(134)) - f91defaf-508c-4a2c-8b09-b8173efbe788: shutdown LeaderElection
2019-09-27 10:07:48,349 [f91defaf-508c-4a2c-8b09-b8173efbe788@group-65AB115B84CD:LeaderElection3] INFO  impl.RaftServerImpl (RaftServerImpl.java:setRole(174)) - f91defaf-508c-4a2c-8b09-b8173efbe788@group-65AB115B84CD: changes role from CANDIDATE to LEADER at term 1 for changeToLeader
2019-09-27 10:07:48,349 [f91defaf-508c-4a2c-8b09-b8173efbe788@group-65AB115B84CD:LeaderElection3] INFO  impl.RaftServerImpl (ServerState.java:setLeader(253)) - f91defaf-508c-4a2c-8b09-b8173efbe788@group-65AB115B84CD: change Leader from null to f91defaf-508c-4a2c-8b09-b8173efbe788 at term 1 for becomeLeader, leader elected after 5347ms
2019-09-27 10:07:48,349 [f91defaf-508c-4a2c-8b09-b8173efbe788@group-65AB115B84CD:LeaderElection3] INFO  server.RaftServerConfigKeys (ConfUtils.java:logGet(43)) - raft.server.staging.catchup.gap = 1000 (default)
2019-09-27 10:07:48,349 [f91defaf-508c-4a2c-8b09-b8173efbe788@group-65AB115B84CD:LeaderElection3] INFO  server.RaftServerConfigKeys (ConfUtils.java:logGet(43)) - raft.server.rpc.sleep.time = 25ms (default)
2019-09-27 10:07:48,350 [f91defaf-508c-4a2c-8b09-b8173efbe788@group-65AB115B84CD:LeaderElection3] INFO  server.RaftServerConfigKeys (ConfUtils.java:logGet(43)) - raft.server.write.element-limit = 4096 (default)
2019-09-27 10:07:48,350 [f91defaf-508c-4a2c-8b09-b8173efbe788@group-65AB115B84CD:LeaderElection3] INFO  server.RaftServerConfigKeys (ConfUtils.java:logGet(43)) - raft.server.watch.timeout = 10s (default)
2019-09-27 10:07:48,350 [f91defaf-508c-4a2c-8b09-b8173efbe788@group-65AB115B84CD:LeaderElection3] INFO  server.RaftServerConfigKeys (ConfUtils.java:logGet(43)) - raft.server.watch.timeout.denomination = 1s (default)
2019-09-27 10:07:48,350 [f91defaf-508c-4a2c-8b09-b8173efbe788@group-65AB115B84CD:LeaderElection3] INFO  server.RaftServerConfigKeys (ConfUtils.java:logGet(43)) - raft.server.watch.element-limit = 65536 (default)
2019-09-27 10:07:48,355 [f91defaf-508c-4a2c-8b09-b8173efbe788@group-65AB115B84CD:LeaderElection3] INFO  impl.RoleInfo (RoleInfo.java:updateAndGet(143)) - f91defaf-508c-4a2c-8b09-b8173efbe788: start LeaderState
2019-09-27 10:07:48,356 [f91defaf-508c-4a2c-8b09-b8173efbe788@group-65AB115B84CD:LeaderElection3] INFO  segmented.SegmentedRaftLogWorker (SegmentedRaftLogWorker.java:startLogSegment(380)) - f91defaf-508c-4a2c-8b09-b8173efbe788@group-65AB115B84CD-SegmentedRaftLogWorker: Starting segment from index:0
2019-09-27 10:07:48,359 [f91defaf-508c-4a2c-8b09-b8173efbe788@group-65AB115B84CD:LeaderElection3] INFO  impl.RaftServerImpl (ServerState.java:setRaftConf(354)) - f91defaf-508c-4a2c-8b09-b8173efbe788@group-65AB115B84CD: set configuration 0: [f91defaf-508c-4a2c-8b09-b8173efbe788:192.168.164.207:32847], old=null at 0
2019-09-27 10:07:48,373 [grpc-default-executor-0] INFO  impl.RaftServerImpl (RaftServerImpl.java:setRole(174)) - 8b41b560-2f66-41da-8bcf-7a114e13a3cd@group-53235962596B: changes role from  FOLLOWER to FOLLOWER at term 1 for recognizeCandidate:f91defaf-508c-4a2c-8b09-b8173efbe788
2019-09-27 10:07:48,373 [grpc-default-executor-0] INFO  impl.RoleInfo (RoleInfo.java:shutdownFollowerState(121)) - 8b41b560-2f66-41da-8bcf-7a114e13a3cd: shutdown FollowerState
2019-09-27 10:07:48,373 [grpc-default-executor-0] INFO  impl.RoleInfo (RoleInfo.java:updateAndGet(143)) - 8b41b560-2f66-41da-8bcf-7a114e13a3cd: start FollowerState
2019-09-27 10:07:48,373 [Thread-190] INFO  impl.FollowerState (FollowerState.java:run(115)) - 8b41b560-2f66-41da-8bcf-7a114e13a3cd: FollowerState was interrupted: java.lang.InterruptedException: sleep interrupted
2019-09-27 10:07:48,401 [48e846be-65ac-46a0-adaf-cb2d27a9ede7@group-53235962596B:LeaderElection4] INFO  impl.LeaderElection (LeaderElection.java:logAndReturn(56)) - 48e846be-65ac-46a0-adaf-cb2d27a9ede7@group-53235962596B:LeaderElection4: Election REJECTED; received 2 response(s) [48e846be-65ac-46a0-adaf-cb2d27a9ede7<-8b41b560-2f66-41da-8bcf-7a114e13a3cd#0:FAIL-t1, 48e846be-65ac-46a0-adaf-cb2d27a9ede7<-f91defaf-508c-4a2c-8b09-b8173efbe788#0:FAIL-t1] and 0 exception(s); 48e846be-65ac-46a0-adaf-cb2d27a9ede7@group-53235962596B:t1, leader=null, voted=48e846be-65ac-46a0-adaf-cb2d27a9ede7, raftlog=48e846be-65ac-46a0-adaf-cb2d27a9ede7@group-53235962596B-SegmentedRaftLog:OPENED:c-1,f-1,i0, conf=-1: [48e846be-65ac-46a0-adaf-cb2d27a9ede7:192.168.164.207:45638, 8b41b560-2f66-41da-8bcf-7a114e13a3cd:192.168.164.207:42021, f91defaf-508c-4a2c-8b09-b8173efbe788:192.168.164.207:32847], old=null
2019-09-27 10:07:48,401 [f91defaf-508c-4a2c-8b09-b8173efbe788@group-53235962596B:LeaderElection5] INFO  impl.LeaderElection (LeaderElection.java:logAndReturn(56)) - f91defaf-508c-4a2c-8b09-b8173efbe788@group-53235962596B:LeaderElection5: Election PASSED; received 2 response(s) [f91defaf-508c-4a2c-8b09-b8173efbe788<-48e846be-65ac-46a0-adaf-cb2d27a9ede7#0:FAIL-t1, f91defaf-508c-4a2c-8b09-b8173efbe788<-8b41b560-2f66-41da-8bcf-7a114e13a3cd#0:OK-t1] and 0 exception(s); f91defaf-508c-4a2c-8b09-b8173efbe788@group-53235962596B:t1, leader=null, voted=f91defaf-508c-4a2c-8b09-b8173efbe788, raftlog=f91defaf-508c-4a2c-8b09-b8173efbe788@group-53235962596B-SegmentedRaftLog:OPENED:c-1,f-1,i0, conf=-1: [48e846be-65ac-46a0-adaf-cb2d27a9ede7:192.168.164.207:45638, 8b41b560-2f66-41da-8bcf-7a114e13a3cd:192.168.164.207:42021, f91defaf-508c-4a2c-8b09-b8173efbe788:192.168.164.207:32847], old=null
2019-09-27 10:07:48,402 [48e846be-65ac-46a0-adaf-cb2d27a9ede7@group-53235962596B:LeaderElection4] INFO  impl.RaftServerImpl (RaftServerImpl.java:setRole(174)) - 48e846be-65ac-46a0-adaf-cb2d27a9ede7@group-53235962596B: changes role from CANDIDATE to FOLLOWER at term 1 for DISCOVERED_A_NEW_TERM
2019-09-27 10:07:48,402 [f91defaf-508c-4a2c-8b09-b8173efbe788@group-53235962596B:LeaderElection5] INFO  impl.RoleInfo (RoleInfo.java:shutdownLeaderElection(134)) - f91defaf-508c-4a2c-8b09-b8173efbe788: shutdown LeaderElection
2019-09-27 10:07:48,406 [48e846be-65ac-46a0-adaf-cb2d27a9ede7@group-53235962596B:LeaderElection4] INFO  impl.RoleInfo (RoleInfo.java:shutdownLeaderElection(134)) - 48e846be-65ac-46a0-adaf-cb2d27a9ede7: shutdown LeaderElection
2019-09-27 10:07:48,406 [f91defaf-508c-4a2c-8b09-b8173efbe788@group-53235962596B:LeaderElection5] INFO  impl.RaftServerImpl (RaftServerImpl.java:setRole(174)) - f91defaf-508c-4a2c-8b09-b8173efbe788@group-53235962596B: changes role from CANDIDATE to LEADER at term 1 for changeToLeader
2019-09-27 10:07:48,406 [48e846be-65ac-46a0-adaf-cb2d27a9ede7@group-53235962596B:LeaderElection4] INFO  impl.RoleInfo (RoleInfo.java:updateAndGet(143)) - 48e846be-65ac-46a0-adaf-cb2d27a9ede7: start FollowerState
2019-09-27 10:07:48,406 [f91defaf-508c-4a2c-8b09-b8173efbe788@group-53235962596B:LeaderElection5] INFO  impl.RaftServerImpl (ServerState.java:setLeader(253)) - f91defaf-508c-4a2c-8b09-b8173efbe788@group-53235962596B: change Leader from null to f91defaf-508c-4a2c-8b09-b8173efbe788 at term 1 for becomeLeader, leader elected after 5155ms
2019-09-27 10:07:48,407 [f91defaf-508c-4a2c-8b09-b8173efbe788@group-53235962596B:LeaderElection5] INFO  server.RaftServerConfigKeys (ConfUtils.java:logGet(43)) - raft.server.staging.catchup.gap = 1000 (default)
2019-09-27 10:07:48,407 [f91defaf-508c-4a2c-8b09-b8173efbe788@group-53235962596B:LeaderElection5] INFO  server.RaftServerConfigKeys (ConfUtils.java:logGet(43)) - raft.server.rpc.sleep.time = 25ms (default)
2019-09-27 10:07:48,407 [f91defaf-508c-4a2c-8b09-b8173efbe788@group-53235962596B:LeaderElection5] INFO  server.RaftServerConfigKeys (ConfUtils.java:logGet(43)) - raft.server.write.element-limit = 4096 (default)
2019-09-27 10:07:48,407 [f91defaf-508c-4a2c-8b09-b8173efbe788@group-53235962596B:LeaderElection5] INFO  server.RaftServerConfigKeys (ConfUtils.java:logGet(43)) - raft.server.watch.timeout = 10s (default)
2019-09-27 10:07:48,407 [f91defaf-508c-4a2c-8b09-b8173efbe788@group-53235962596B:LeaderElection5] INFO  server.RaftServerConfigKeys (ConfUtils.java:logGet(43)) - raft.server.watch.timeout.denomination = 1s (default)
2019-09-27 10:07:48,407 [f91defaf-508c-4a2c-8b09-b8173efbe788@group-53235962596B:LeaderElection5] INFO  server.RaftServerConfigKeys (ConfUtils.java:logGet(43)) - raft.server.watch.element-limit = 65536 (default)
2019-09-27 10:07:48,413 [f91defaf-508c-4a2c-8b09-b8173efbe788@group-53235962596B:LeaderElection5] INFO  server.RaftServerConfigKeys (ConfUtils.java:logGet(43)) - raft.server.log.appender.snapshot.chunk.size.max = 16MB (=16777216) (default)
2019-09-27 10:07:48,413 [f91defaf-508c-4a2c-8b09-b8173efbe788@group-53235962596B:LeaderElection5] INFO  server.RaftServerConfigKeys (ConfUtils.java:logGet(43)) - raft.server.log.appender.buffer.byte-limit = 33554432 (custom)
2019-09-27 10:07:48,414 [f91defaf-508c-4a2c-8b09-b8173efbe788@group-53235962596B:LeaderElection5] INFO  server.RaftServerConfigKeys (ConfUtils.java:logGet(43)) - raft.server.log.appender.buffer.element-limit = 1 (custom)
2019-09-27 10:07:48,417 [f91defaf-508c-4a2c-8b09-b8173efbe788@group-53235962596B:LeaderElection5] INFO  grpc.GrpcConfigKeys$Server (ConfUtils.java:logGet(43)) - raft.grpc.server.leader.outstanding.appends.max = 128 (default)
2019-09-27 10:07:48,417 [f91defaf-508c-4a2c-8b09-b8173efbe788@group-53235962596B:LeaderElection5] INFO  server.RaftServerConfigKeys (ConfUtils.java:logGet(43)) - raft.server.rpc.request.timeout = 3000ms (default)
2019-09-27 10:07:48,417 [f91defaf-508c-4a2c-8b09-b8173efbe788@group-53235962596B:LeaderElection5] INFO  server.RaftServerConfigKeys (ConfUtils.java:logGet(43)) - raft.server.log.appender.install.snapshot.enabled = false (custom)
2019-09-27 10:07:48,419 [f91defaf-508c-4a2c-8b09-b8173efbe788@group-53235962596B:LeaderElection5] INFO  server.RaftServerConfigKeys (ConfUtils.java:logGet(43)) - raft.server.log.appender.snapshot.chunk.size.max = 16MB (=16777216) (default)
2019-09-27 10:07:48,419 [f91defaf-508c-4a2c-8b09-b8173efbe788@group-53235962596B:LeaderElection5] INFO  server.RaftServerConfigKeys (ConfUtils.java:logGet(43)) - raft.server.log.appender.buffer.byte-limit = 33554432 (custom)
2019-09-27 10:07:48,419 [f91defaf-508c-4a2c-8b09-b8173efbe788@group-53235962596B:LeaderElection5] INFO  server.RaftServerConfigKeys (ConfUtils.java:logGet(43)) - raft.server.log.appender.buffer.element-limit = 1 (custom)
2019-09-27 10:07:48,419 [f91defaf-508c-4a2c-8b09-b8173efbe788@group-53235962596B:LeaderElection5] INFO  grpc.GrpcConfigKeys$Server (ConfUtils.java:logGet(43)) - raft.grpc.server.leader.outstanding.appends.max = 128 (default)
2019-09-27 10:07:48,419 [f91defaf-508c-4a2c-8b09-b8173efbe788@group-53235962596B:LeaderElection5] INFO  server.RaftServerConfigKeys (ConfUtils.java:logGet(43)) - raft.server.rpc.request.timeout = 3000ms (default)
2019-09-27 10:07:48,420 [f91defaf-508c-4a2c-8b09-b8173efbe788@group-53235962596B:LeaderElection5] INFO  server.RaftServerConfigKeys (ConfUtils.java:logGet(43)) - raft.server.log.appender.install.snapshot.enabled = false (custom)
2019-09-27 10:07:48,421 [f91defaf-508c-4a2c-8b09-b8173efbe788@group-53235962596B:LeaderElection5] INFO  impl.RoleInfo (RoleInfo.java:updateAndGet(143)) - f91defaf-508c-4a2c-8b09-b8173efbe788: start LeaderState
2019-09-27 10:07:48,421 [f91defaf-508c-4a2c-8b09-b8173efbe788@group-53235962596B:LeaderElection5] INFO  segmented.SegmentedRaftLogWorker (SegmentedRaftLogWorker.java:startLogSegment(380)) - f91defaf-508c-4a2c-8b09-b8173efbe788@group-53235962596B-SegmentedRaftLogWorker: Starting segment from index:0
2019-09-27 10:07:48,422 [f91defaf-508c-4a2c-8b09-b8173efbe788@group-53235962596B:LeaderElection5] INFO  impl.RaftServerImpl (ServerState.java:setRaftConf(354)) - f91defaf-508c-4a2c-8b09-b8173efbe788@group-53235962596B: set configuration 0: [48e846be-65ac-46a0-adaf-cb2d27a9ede7:192.168.164.207:45638, 8b41b560-2f66-41da-8bcf-7a114e13a3cd:192.168.164.207:42021, f91defaf-508c-4a2c-8b09-b8173efbe788:192.168.164.207:32847], old=null at 0
2019-09-27 10:07:48,439 [grpc-default-executor-3] INFO  impl.RaftServerImpl (ServerState.java:setLeader(253)) - 8b41b560-2f66-41da-8bcf-7a114e13a3cd@group-53235962596B: change Leader from null to f91defaf-508c-4a2c-8b09-b8173efbe788 at term 1 for appendEntries, leader elected after 5189ms
2019-09-27 10:07:48,439 [grpc-default-executor-0] INFO  impl.RaftServerImpl (ServerState.java:setLeader(253)) - 48e846be-65ac-46a0-adaf-cb2d27a9ede7@group-53235962596B: change Leader from null to f91defaf-508c-4a2c-8b09-b8173efbe788 at term 1 for appendEntries, leader elected after 5188ms
2019-09-27 10:07:48,465 [grpc-default-executor-3] INFO  impl.RaftServerImpl (ServerState.java:setRaftConf(354)) - 8b41b560-2f66-41da-8bcf-7a114e13a3cd@group-53235962596B: set configuration 0: [48e846be-65ac-46a0-adaf-cb2d27a9ede7:192.168.164.207:45638, 8b41b560-2f66-41da-8bcf-7a114e13a3cd:192.168.164.207:42021, f91defaf-508c-4a2c-8b09-b8173efbe788:192.168.164.207:32847], old=null at 0
2019-09-27 10:07:48,465 [grpc-default-executor-0] INFO  impl.RaftServerImpl (ServerState.java:setRaftConf(354)) - 48e846be-65ac-46a0-adaf-cb2d27a9ede7@group-53235962596B: set configuration 0: [48e846be-65ac-46a0-adaf-cb2d27a9ede7:192.168.164.207:45638, 8b41b560-2f66-41da-8bcf-7a114e13a3cd:192.168.164.207:42021, f91defaf-508c-4a2c-8b09-b8173efbe788:192.168.164.207:32847], old=null at 0
2019-09-27 10:07:48,465 [grpc-default-executor-3] INFO  segmented.SegmentedRaftLogWorker (SegmentedRaftLogWorker.java:startLogSegment(380)) - 8b41b560-2f66-41da-8bcf-7a114e13a3cd@group-53235962596B-SegmentedRaftLogWorker: Starting segment from index:0
2019-09-27 10:07:48,466 [grpc-default-executor-0] INFO  segmented.SegmentedRaftLogWorker (SegmentedRaftLogWorker.java:startLogSegment(380)) - 48e846be-65ac-46a0-adaf-cb2d27a9ede7@group-53235962596B-SegmentedRaftLogWorker: Starting segment from index:0
2019-09-27 10:07:48,582 [f91defaf-508c-4a2c-8b09-b8173efbe788@group-65AB115B84CD-SegmentedRaftLogWorker] INFO  segmented.SegmentedRaftLogWorker (SegmentedRaftLogWorker.java:execute(569)) - f91defaf-508c-4a2c-8b09-b8173efbe788@group-65AB115B84CD-SegmentedRaftLogWorker: created new log segment /workdir/hadoop-ozone/tools/target/test-dir/MiniOzoneClusterImpl-ab03b5f4-ba7d-41ab-a40f-aec5b371f622/datanode-2/data/ratis/f1f201fc-6630-4ce4-aeb3-65ab115b84cd/current/log_inprogress_0
2019-09-27 10:07:48,582 [48e846be-65ac-46a0-adaf-cb2d27a9ede7@group-53235962596B-SegmentedRaftLogWorker] INFO  segmented.SegmentedRaftLogWorker (SegmentedRaftLogWorker.java:execute(569)) - 48e846be-65ac-46a0-adaf-cb2d27a9ede7@group-53235962596B-SegmentedRaftLogWorker: created new log segment /workdir/hadoop-ozone/tools/target/test-dir/MiniOzoneClusterImpl-ab03b5f4-ba7d-41ab-a40f-aec5b371f622/datanode-1/data/ratis/598c3609-29ad-4542-ab8a-53235962596b/current/log_inprogress_0
2019-09-27 10:07:48,582 [48e846be-65ac-46a0-adaf-cb2d27a9ede7@group-222BEF006AC1-SegmentedRaftLogWorker] INFO  segmented.SegmentedRaftLogWorker (SegmentedRaftLogWorker.java:execute(569)) - 48e846be-65ac-46a0-adaf-cb2d27a9ede7@group-222BEF006AC1-SegmentedRaftLogWorker: created new log segment /workdir/hadoop-ozone/tools/target/test-dir/MiniOzoneClusterImpl-ab03b5f4-ba7d-41ab-a40f-aec5b371f622/datanode-1/data/ratis/8c11baba-e125-4cf5-ae69-222bef006ac1/current/log_inprogress_0
2019-09-27 10:07:48,582 [f91defaf-508c-4a2c-8b09-b8173efbe788@group-53235962596B-SegmentedRaftLogWorker] INFO  segmented.SegmentedRaftLogWorker (SegmentedRaftLogWorker.java:execute(569)) - f91defaf-508c-4a2c-8b09-b8173efbe788@group-53235962596B-SegmentedRaftLogWorker: created new log segment /workdir/hadoop-ozone/tools/target/test-dir/MiniOzoneClusterImpl-ab03b5f4-ba7d-41ab-a40f-aec5b371f622/datanode-2/data/ratis/598c3609-29ad-4542-ab8a-53235962596b/current/log_inprogress_0
2019-09-27 10:07:48,582 [8b41b560-2f66-41da-8bcf-7a114e13a3cd@group-F98ED24E327B-SegmentedRaftLogWorker] INFO  segmented.SegmentedRaftLogWorker (SegmentedRaftLogWorker.java:execute(569)) - 8b41b560-2f66-41da-8bcf-7a114e13a3cd@group-F98ED24E327B-SegmentedRaftLogWorker: created new log segment /workdir/hadoop-ozone/tools/target/test-dir/MiniOzoneClusterImpl-ab03b5f4-ba7d-41ab-a40f-aec5b371f622/datanode-0/data/ratis/710c5d02-838b-42e5-b327-f98ed24e327b/current/log_inprogress_0
2019-09-27 10:07:48,582 [8b41b560-2f66-41da-8bcf-7a114e13a3cd@group-53235962596B-SegmentedRaftLogWorker] INFO  segmented.SegmentedRaftLogWorker (SegmentedRaftLogWorker.java:execute(569)) - 8b41b560-2f66-41da-8bcf-7a114e13a3cd@group-53235962596B-SegmentedRaftLogWorker: created new log segment /workdir/hadoop-ozone/tools/target/test-dir/MiniOzoneClusterImpl-ab03b5f4-ba7d-41ab-a40f-aec5b371f622/datanode-0/data/ratis/598c3609-29ad-4542-ab8a-53235962596b/current/log_inprogress_0
 0.00% |█                                                                                                    |  0/1 Time: 0:00:04 0.00% |█                                                                                                    |  0/1 Time: 0:00:05 0.00% |█                                                                                                    |  0/1 Time: 0:00:06 0.00% |█                                                                                                    |  0/1 Time: 0:00:07 100.00% |█████████████████████████████████████████████████████████████████████████████████████████████████████|  1/1 Time: 0:00:08
2019-09-27 10:07:58,159 [main] INFO  pipeline.SCMPipelineManager (SCMPipelineManager.java:finalizeAndDestroyPipeline(348)) - destroying pipeline:Pipeline[ Id: 598c3609-29ad-4542-ab8a-53235962596b, Nodes: 48e846be-65ac-46a0-adaf-cb2d27a9ede7{ip: 192.168.164.207, host: pr-hdds2034-jk2kc-152962534, networkLocation: /default-rack, certSerialId: null}8b41b560-2f66-41da-8bcf-7a114e13a3cd{ip: 192.168.164.207, host: pr-hdds2034-jk2kc-152962534, networkLocation: /default-rack, certSerialId: null}f91defaf-508c-4a2c-8b09-b8173efbe788{ip: 192.168.164.207, host: pr-hdds2034-jk2kc-152962534, networkLocation: /default-rack, certSerialId: null}, Type:RATIS, Factor:THREE, State:OPEN]
2019-09-27 10:07:58,160 [main] INFO  pipeline.PipelineStateManager (PipelineStateManager.java:finalizePipeline(123)) - Pipeline Pipeline[ Id: 598c3609-29ad-4542-ab8a-53235962596b, Nodes: 48e846be-65ac-46a0-adaf-cb2d27a9ede7{ip: 192.168.164.207, host: pr-hdds2034-jk2kc-152962534, networkLocation: /default-rack, certSerialId: null}8b41b560-2f66-41da-8bcf-7a114e13a3cd{ip: 192.168.164.207, host: pr-hdds2034-jk2kc-152962534, networkLocation: /default-rack, certSerialId: null}f91defaf-508c-4a2c-8b09-b8173efbe788{ip: 192.168.164.207, host: pr-hdds2034-jk2kc-152962534, networkLocation: /default-rack, certSerialId: null}, Type:RATIS, Factor:THREE, State:CLOSED] moved to CLOSED state
2019-09-27 10:07:58,160 [EventQueue-CloseContainerForCloseContainerEventHandler] INFO  container.CloseContainerEventHandler (CloseContainerEventHandler.java:onMessage(61)) - Close container Event triggered for container : #1
2019-09-27 10:07:58,162 [main] INFO  pipeline.RatisPipelineProvider (RatisPipelineProvider.java:lambda$close$5(211)) - Send pipeline:PipelineID=598c3609-29ad-4542-ab8a-53235962596b close command to datanode 48e846be-65ac-46a0-adaf-cb2d27a9ede7
2019-09-27 10:07:58,163 [main] INFO  pipeline.RatisPipelineProvider (RatisPipelineProvider.java:lambda$close$5(211)) - Send pipeline:PipelineID=598c3609-29ad-4542-ab8a-53235962596b close command to datanode 8b41b560-2f66-41da-8bcf-7a114e13a3cd
2019-09-27 10:07:58,163 [main] INFO  pipeline.RatisPipelineProvider (RatisPipelineProvider.java:lambda$close$5(211)) - Send pipeline:PipelineID=598c3609-29ad-4542-ab8a-53235962596b close command to datanode f91defaf-508c-4a2c-8b09-b8173efbe788
2019-09-27 10:07:58,163 [EventQueue-CloseContainerForCloseContainerEventHandler] INFO  container.CloseContainerEventHandler (CloseContainerEventHandler.java:onMessage(61)) - Close container Event triggered for container : #2
2019-09-27 10:07:58,163 [main] INFO  pipeline.PipelineStateManager (PipelineStateManager.java:removePipeline(108)) - Pipeline Pipeline[ Id: 598c3609-29ad-4542-ab8a-53235962596b, Nodes: 48e846be-65ac-46a0-adaf-cb2d27a9ede7{ip: 192.168.164.207, host: pr-hdds2034-jk2kc-152962534, networkLocation: /default-rack, certSerialId: null}8b41b560-2f66-41da-8bcf-7a114e13a3cd{ip: 192.168.164.207, host: pr-hdds2034-jk2kc-152962534, networkLocation: /default-rack, certSerialId: null}f91defaf-508c-4a2c-8b09-b8173efbe788{ip: 192.168.164.207, host: pr-hdds2034-jk2kc-152962534, networkLocation: /default-rack, certSerialId: null}, Type:RATIS, Factor:THREE, State:CLOSED] removed from db
2019-09-27 10:07:58,166 [EventQueue-CloseContainerForCloseContainerEventHandler] ERROR container.CloseContainerEventHandler (CloseContainerEventHandler.java:onMessage(89)) - Failed to close the container #2.
org.apache.hadoop.hdds.scm.pipeline.PipelineNotFoundException: PipelineID=598c3609-29ad-4542-ab8a-53235962596b not found
	at org.apache.hadoop.hdds.scm.pipeline.PipelineStateMap.removeContainerFromPipeline(PipelineStateMap.java:351)
	at org.apache.hadoop.hdds.scm.pipeline.PipelineStateManager.removeContainerFromPipeline(PipelineStateManager.java:114)
	at org.apache.hadoop.hdds.scm.pipeline.SCMPipelineManager.removeContainerFromPipeline(SCMPipelineManager.java:300)
	at org.apache.hadoop.hdds.scm.container.SCMContainerManager.updateContainerState(SCMContainerManager.java:317)
	at org.apache.hadoop.hdds.scm.container.CloseContainerEventHandler.onMessage(CloseContainerEventHandler.java:66)
	at org.apache.hadoop.hdds.scm.container.CloseContainerEventHandler.onMessage(CloseContainerEventHandler.java:45)
	at org.apache.hadoop.hdds.server.events.SingleThreadExecutor.lambda$onMessage$1(SingleThreadExecutor.java:85)
	at java.util.concurrent.ThreadPoolExecutor.runWorker(ThreadPoolExecutor.java:1149)
	at java.util.concurrent.ThreadPoolExecutor$Worker.run(ThreadPoolExecutor.java:624)
	at java.lang.Thread.run(Thread.java:748)
2019-09-27 10:07:58,166 [RatisPipelineUtilsThread] INFO  pipeline.RatisPipelineProvider (RatisPipelineProvider.java:lambda$create$4(164)) - Send pipeline:PipelineID=eec51411-8321-4b16-8a88-16f964cf3db9 create command to datanode 48e846be-65ac-46a0-adaf-cb2d27a9ede7
2019-09-27 10:07:58,167 [EventQueue-CloseContainerForCloseContainerEventHandler] INFO  container.CloseContainerEventHandler (CloseContainerEventHandler.java:onMessage(61)) - Close container Event triggered for container : #3
2019-09-27 10:07:58,169 [RatisPipelineUtilsThread] INFO  pipeline.RatisPipelineProvider (RatisPipelineProvider.java:lambda$create$4(164)) - Send pipeline:PipelineID=eec51411-8321-4b16-8a88-16f964cf3db9 create command to datanode 8b41b560-2f66-41da-8bcf-7a114e13a3cd
2019-09-27 10:07:58,169 [RatisPipelineUtilsThread] INFO  pipeline.RatisPipelineProvider (RatisPipelineProvider.java:lambda$create$4(164)) - Send pipeline:PipelineID=eec51411-8321-4b16-8a88-16f964cf3db9 create command to datanode f91defaf-508c-4a2c-8b09-b8173efbe788
2019-09-27 10:07:58,172 [EventQueue-CloseContainerForCloseContainerEventHandler] ERROR container.CloseContainerEventHandler (CloseContainerEventHandler.java:onMessage(89)) - Failed to close the container #3.
org.apache.hadoop.hdds.scm.pipeline.PipelineNotFoundException: PipelineID=598c3609-29ad-4542-ab8a-53235962596b not found
	at org.apache.hadoop.hdds.scm.pipeline.PipelineStateMap.removeContainerFromPipeline(PipelineStateMap.java:351)
	at org.apache.hadoop.hdds.scm.pipeline.PipelineStateManager.removeContainerFromPipeline(PipelineStateManager.java:114)
	at org.apache.hadoop.hdds.scm.pipeline.SCMPipelineManager.removeContainerFromPipeline(SCMPipelineManager.java:300)
	at org.apache.hadoop.hdds.scm.container.SCMContainerManager.updateContainerState(SCMContainerManager.java:317)
	at org.apache.hadoop.hdds.scm.container.CloseContainerEventHandler.onMessage(CloseContainerEventHandler.java:66)
	at org.apache.hadoop.hdds.scm.container.CloseContainerEventHandler.onMessage(CloseContainerEventHandler.java:45)
	at org.apache.hadoop.hdds.server.events.SingleThreadExecutor.lambda$onMessage$1(SingleThreadExecutor.java:85)
	at java.util.concurrent.ThreadPoolExecutor.runWorker(ThreadPoolExecutor.java:1149)
	at java.util.concurrent.ThreadPoolExecutor$Worker.run(ThreadPoolExecutor.java:624)
	at java.lang.Thread.run(Thread.java:748)
2019-09-27 10:07:58,256 [main] INFO  freon.RandomKeyGenerator (RandomKeyGenerator.java:call(283)) - Number of Threads: 10
2019-09-27 10:07:58,256 [main] INFO  freon.RandomKeyGenerator (RandomKeyGenerator.java:call(288)) - Number of Volumes: 1.
2019-09-27 10:07:58,256 [main] INFO  freon.RandomKeyGenerator (RandomKeyGenerator.java:call(289)) - Number of Buckets per Volume: 1.
2019-09-27 10:07:58,256 [main] INFO  freon.RandomKeyGenerator (RandomKeyGenerator.java:call(290)) - Number of Keys per Bucket: 1.
2019-09-27 10:07:58,256 [main] INFO  freon.RandomKeyGenerator (RandomKeyGenerator.java:call(291)) - Key size: 20971520 bytes
2019-09-27 10:07:58,256 [main] INFO  freon.RandomKeyGenerator (RandomKeyGenerator.java:call(292)) - Buffer size: 4096 bytes
2019-09-27 10:07:58,256 [main] INFO  freon.RandomKeyGenerator (RandomKeyGenerator.java:call(293)) - validateWrites : true
2019-09-27 10:07:58,258 [main] INFO  freon.RandomKeyGenerator (RandomKeyGenerator.java:call(307)) - Data validation is enabled.
2019-09-27 10:07:58,258 [pool-59-thread-1] INFO  rpc.RpcClient (RpcClient.java:createVolume(276)) - Creating Volume: vol-0-66439, with jenkins1000 as owner.
2019-09-27 10:07:58,258 [main] INFO  freon.RandomKeyGenerator (RandomKeyGenerator.java:call(313)) - Starting progress bar Thread.

 0.00% |█                                                                                                    |  0/1 Time: 0:00:002019-09-27 10:07:58,263 [IPC Server handler 1 on 45790] INFO  volume.OMVolumeCreateRequest (OMVolumeCreateRequest.java:validateAndUpdateCache(189)) - created volume:vol-0-66439 for user:jenkins1000
2019-09-27 10:07:58,277 [pool-59-thread-2] INFO  rpc.RpcClient (RpcClient.java:createBucket(415)) - Creating Bucket: vol-0-66439/bucket-0-91743, with Versioning false and Storage Type set to DISK and Encryption set to false 
2019-09-27 10:07:58,294 [IPC Server handler 0 on 46306] WARN  block.BlockManagerImpl (BlockManagerImpl.java:allocateBlock(221)) - Pipeline creation failed for type:RATIS factor:THREE. Retrying get pipelines call once.
org.apache.hadoop.hdds.scm.pipeline.InsufficientDatanodesException: Cannot create pipeline of factor 3 using 0 nodes.
	at org.apache.hadoop.hdds.scm.pipeline.RatisPipelineProvider.create(RatisPipelineProvider.java:145)
	at org.apache.hadoop.hdds.scm.pipeline.PipelineFactory.create(PipelineFactory.java:60)
	at org.apache.hadoop.hdds.scm.pipeline.SCMPipelineManager.createPipeline(SCMPipelineManager.java:173)
	at org.apache.hadoop.hdds.scm.block.BlockManagerImpl.allocateBlock(BlockManagerImpl.java:210)
	at org.apache.hadoop.hdds.scm.server.SCMBlockProtocolServer.allocateBlock(SCMBlockProtocolServer.java:182)
	at org.apache.hadoop.ozone.protocolPB.ScmBlockLocationProtocolServerSideTranslatorPB.allocateScmBlock(ScmBlockLocationProtocolServerSideTranslatorPB.java:183)
	at org.apache.hadoop.ozone.protocolPB.ScmBlockLocationProtocolServerSideTranslatorPB.processMessage(ScmBlockLocationProtocolServerSideTranslatorPB.java:141)
	at org.apache.hadoop.ozone.protocolPB.ScmBlockLocationProtocolServerSideTranslatorPB.send(ScmBlockLocationProtocolServerSideTranslatorPB.java:116)
	at org.apache.hadoop.hdds.protocol.proto.ScmBlockLocationProtocolProtos$ScmBlockLocationProtocolService$2.callBlockingMethod(ScmBlockLocationProtocolProtos.java:13157)
	at org.apache.hadoop.ipc.ProtobufRpcEngine$Server$ProtoBufRpcInvoker.call(ProtobufRpcEngine.java:524)
	at org.apache.hadoop.ipc.RPC$Server.call(RPC.java:1025)
	at org.apache.hadoop.ipc.Server$RpcCall.run(Server.java:876)
	at org.apache.hadoop.ipc.Server$RpcCall.run(Server.java:822)
	at java.security.AccessController.doPrivileged(Native Method)
	at javax.security.auth.Subject.doAs(Subject.java:422)
	at org.apache.hadoop.security.UserGroupInformation.doAs(UserGroupInformation.java:1730)
	at org.apache.hadoop.ipc.Server$Handler.run(Server.java:2682)
2019-09-27 10:07:58,294 [IPC Server handler 0 on 46306] INFO  block.BlockManagerImpl (BlockManagerImpl.java:allocateBlock(227)) - Could not find available pipeline of type:RATIS and factor:THREE even after retrying
2019-09-27 10:07:58,294 [IPC Server handler 0 on 46306] ERROR block.BlockManagerImpl (BlockManagerImpl.java:allocateBlock(251)) - Unable to allocate a block for the size: 4194304, type: RATIS, factor: THREE
2019-09-27 10:07:58,295 [IPC Server handler 0 on 46306] WARN  block.BlockManagerImpl (BlockManagerImpl.java:allocateBlock(221)) - Pipeline creation failed for type:RATIS factor:THREE. Retrying get pipelines call once.
org.apache.hadoop.hdds.scm.pipeline.InsufficientDatanodesException: Cannot create pipeline of factor 3 using 0 nodes.
	at org.apache.hadoop.hdds.scm.pipeline.RatisPipelineProvider.create(RatisPipelineProvider.java:145)
	at org.apache.hadoop.hdds.scm.pipeline.PipelineFactory.create(PipelineFactory.java:60)
	at org.apache.hadoop.hdds.scm.pipeline.SCMPipelineManager.createPipeline(SCMPipelineManager.java:173)
	at org.apache.hadoop.hdds.scm.block.BlockManagerImpl.allocateBlock(BlockManagerImpl.java:210)
	at org.apache.hadoop.hdds.scm.server.SCMBlockProtocolServer.allocateBlock(SCMBlockProtocolServer.java:182)
	at org.apache.hadoop.ozone.protocolPB.ScmBlockLocationProtocolServerSideTranslatorPB.allocateScmBlock(ScmBlockLocationProtocolServerSideTranslatorPB.java:183)
	at org.apache.hadoop.ozone.protocolPB.ScmBlockLocationProtocolServerSideTranslatorPB.processMessage(ScmBlockLocationProtocolServerSideTranslatorPB.java:141)
	at org.apache.hadoop.ozone.protocolPB.ScmBlockLocationProtocolServerSideTranslatorPB.send(ScmBlockLocationProtocolServerSideTranslatorPB.java:116)
	at org.apache.hadoop.hdds.protocol.proto.ScmBlockLocationProtocolProtos$ScmBlockLocationProtocolService$2.callBlockingMethod(ScmBlockLocationProtocolProtos.java:13157)
	at org.apache.hadoop.ipc.ProtobufRpcEngine$Server$ProtoBufRpcInvoker.call(ProtobufRpcEngine.java:524)
	at org.apache.hadoop.ipc.RPC$Server.call(RPC.java:1025)
	at org.apache.hadoop.ipc.Server$RpcCall.run(Server.java:876)
	at org.apache.hadoop.ipc.Server$RpcCall.run(Server.java:822)
	at java.security.AccessController.doPrivileged(Native Method)
	at javax.security.auth.Subject.doAs(Subject.java:422)
	at org.apache.hadoop.security.UserGroupInformation.doAs(UserGroupInformation.java:1730)
	at org.apache.hadoop.ipc.Server$Handler.run(Server.java:2682)
2019-09-27 10:07:58,295 [IPC Server handler 0 on 46306] INFO  block.BlockManagerImpl (BlockManagerImpl.java:allocateBlock(227)) - Could not find available pipeline of type:RATIS and factor:THREE even after retrying
2019-09-27 10:07:58,295 [IPC Server handler 0 on 46306] ERROR block.BlockManagerImpl (BlockManagerImpl.java:allocateBlock(251)) - Unable to allocate a block for the size: 4194304, type: RATIS, factor: THREE
2019-09-27 10:07:58,295 [IPC Server handler 0 on 46306] WARN  block.BlockManagerImpl (BlockManagerImpl.java:allocateBlock(221)) - Pipeline creation failed for type:RATIS factor:THREE. Retrying get pipelines call once.
org.apache.hadoop.hdds.scm.pipeline.InsufficientDatanodesException: Cannot create pipeline of factor 3 using 0 nodes.
	at org.apache.hadoop.hdds.scm.pipeline.RatisPipelineProvider.create(RatisPipelineProvider.java:145)
	at org.apache.hadoop.hdds.scm.pipeline.PipelineFactory.create(PipelineFactory.java:60)
	at org.apache.hadoop.hdds.scm.pipeline.SCMPipelineManager.createPipeline(SCMPipelineManager.java:173)
	at org.apache.hadoop.hdds.scm.block.BlockManagerImpl.allocateBlock(BlockManagerImpl.java:210)
	at org.apache.hadoop.hdds.scm.server.SCMBlockProtocolServer.allocateBlock(SCMBlockProtocolServer.java:182)
	at org.apache.hadoop.ozone.protocolPB.ScmBlockLocationProtocolServerSideTranslatorPB.allocateScmBlock(ScmBlockLocationProtocolServerSideTranslatorPB.java:183)
	at org.apache.hadoop.ozone.protocolPB.ScmBlockLocationProtocolServerSideTranslatorPB.processMessage(ScmBlockLocationProtocolServerSideTranslatorPB.java:141)
	at org.apache.hadoop.ozone.protocolPB.ScmBlockLocationProtocolServerSideTranslatorPB.send(ScmBlockLocationProtocolServerSideTranslatorPB.java:116)
	at org.apache.hadoop.hdds.protocol.proto.ScmBlockLocationProtocolProtos$ScmBlockLocationProtocolService$2.callBlockingMethod(ScmBlockLocationProtocolProtos.java:13157)
	at org.apache.hadoop.ipc.ProtobufRpcEngine$Server$ProtoBufRpcInvoker.call(ProtobufRpcEngine.java:524)
	at org.apache.hadoop.ipc.RPC$Server.call(RPC.java:1025)
	at org.apache.hadoop.ipc.Server$RpcCall.run(Server.java:876)
	at org.apache.hadoop.ipc.Server$RpcCall.run(Server.java:822)
	at java.security.AccessController.doPrivileged(Native Method)
	at javax.security.auth.Subject.doAs(Subject.java:422)
	at org.apache.hadoop.security.UserGroupInformation.doAs(UserGroupInformation.java:1730)
	at org.apache.hadoop.ipc.Server$Handler.run(Server.java:2682)
2019-09-27 10:07:58,296 [IPC Server handler 0 on 46306] INFO  block.BlockManagerImpl (BlockManagerImpl.java:allocateBlock(227)) - Could not find available pipeline of type:RATIS and factor:THREE even after retrying
2019-09-27 10:07:58,296 [IPC Server handler 0 on 46306] ERROR block.BlockManagerImpl (BlockManagerImpl.java:allocateBlock(251)) - Unable to allocate a block for the size: 4194304, type: RATIS, factor: THREE
2019-09-27 10:07:58,296 [IPC Server handler 0 on 46306] WARN  block.BlockManagerImpl (BlockManagerImpl.java:allocateBlock(221)) - Pipeline creation failed for type:RATIS factor:THREE. Retrying get pipelines call once.
org.apache.hadoop.hdds.scm.pipeline.InsufficientDatanodesException: Cannot create pipeline of factor 3 using 0 nodes.
	at org.apache.hadoop.hdds.scm.pipeline.RatisPipelineProvider.create(RatisPipelineProvider.java:145)
	at org.apache.hadoop.hdds.scm.pipeline.PipelineFactory.create(PipelineFactory.java:60)
	at org.apache.hadoop.hdds.scm.pipeline.SCMPipelineManager.createPipeline(SCMPipelineManager.java:173)
	at org.apache.hadoop.hdds.scm.block.BlockManagerImpl.allocateBlock(BlockManagerImpl.java:210)
	at org.apache.hadoop.hdds.scm.server.SCMBlockProtocolServer.allocateBlock(SCMBlockProtocolServer.java:182)
	at org.apache.hadoop.ozone.protocolPB.ScmBlockLocationProtocolServerSideTranslatorPB.allocateScmBlock(ScmBlockLocationProtocolServerSideTranslatorPB.java:183)
	at org.apache.hadoop.ozone.protocolPB.ScmBlockLocationProtocolServerSideTranslatorPB.processMessage(ScmBlockLocationProtocolServerSideTranslatorPB.java:141)
	at org.apache.hadoop.ozone.protocolPB.ScmBlockLocationProtocolServerSideTranslatorPB.send(ScmBlockLocationProtocolServerSideTranslatorPB.java:116)
	at org.apache.hadoop.hdds.protocol.proto.ScmBlockLocationProtocolProtos$ScmBlockLocationProtocolService$2.callBlockingMethod(ScmBlockLocationProtocolProtos.java:13157)
	at org.apache.hadoop.ipc.ProtobufRpcEngine$Server$ProtoBufRpcInvoker.call(ProtobufRpcEngine.java:524)
	at org.apache.hadoop.ipc.RPC$Server.call(RPC.java:1025)
	at org.apache.hadoop.ipc.Server$RpcCall.run(Server.java:876)
	at org.apache.hadoop.ipc.Server$RpcCall.run(Server.java:822)
	at java.security.AccessController.doPrivileged(Native Method)
	at javax.security.auth.Subject.doAs(Subject.java:422)
	at org.apache.hadoop.security.UserGroupInformation.doAs(UserGroupInformation.java:1730)
	at org.apache.hadoop.ipc.Server$Handler.run(Server.java:2682)
2019-09-27 10:07:58,296 [IPC Server handler 0 on 46306] INFO  block.BlockManagerImpl (BlockManagerImpl.java:allocateBlock(227)) - Could not find available pipeline of type:RATIS and factor:THREE even after retrying
2019-09-27 10:07:58,296 [IPC Server handler 0 on 46306] ERROR block.BlockManagerImpl (BlockManagerImpl.java:allocateBlock(251)) - Unable to allocate a block for the size: 4194304, type: RATIS, factor: THREE
2019-09-27 10:07:58,297 [IPC Server handler 0 on 46306] WARN  block.BlockManagerImpl (BlockManagerImpl.java:allocateBlock(221)) - Pipeline creation failed for type:RATIS factor:THREE. Retrying get pipelines call once.
org.apache.hadoop.hdds.scm.pipeline.InsufficientDatanodesException: Cannot create pipeline of factor 3 using 0 nodes.
	at org.apache.hadoop.hdds.scm.pipeline.RatisPipelineProvider.create(RatisPipelineProvider.java:145)
	at org.apache.hadoop.hdds.scm.pipeline.PipelineFactory.create(PipelineFactory.java:60)
	at org.apache.hadoop.hdds.scm.pipeline.SCMPipelineManager.createPipeline(SCMPipelineManager.java:173)
	at org.apache.hadoop.hdds.scm.block.BlockManagerImpl.allocateBlock(BlockManagerImpl.java:210)
	at org.apache.hadoop.hdds.scm.server.SCMBlockProtocolServer.allocateBlock(SCMBlockProtocolServer.java:182)
	at org.apache.hadoop.ozone.protocolPB.ScmBlockLocationProtocolServerSideTranslatorPB.allocateScmBlock(ScmBlockLocationProtocolServerSideTranslatorPB.java:183)
	at org.apache.hadoop.ozone.protocolPB.ScmBlockLocationProtocolServerSideTranslatorPB.processMessage(ScmBlockLocationProtocolServerSideTranslatorPB.java:141)
	at org.apache.hadoop.ozone.protocolPB.ScmBlockLocationProtocolServerSideTranslatorPB.send(ScmBlockLocationProtocolServerSideTranslatorPB.java:116)
	at org.apache.hadoop.hdds.protocol.proto.ScmBlockLocationProtocolProtos$ScmBlockLocationProtocolService$2.callBlockingMethod(ScmBlockLocationProtocolProtos.java:13157)
	at org.apache.hadoop.ipc.ProtobufRpcEngine$Server$ProtoBufRpcInvoker.call(ProtobufRpcEngine.java:524)
	at org.apache.hadoop.ipc.RPC$Server.call(RPC.java:1025)
	at org.apache.hadoop.ipc.Server$RpcCall.run(Server.java:876)
	at org.apache.hadoop.ipc.Server$RpcCall.run(Server.java:822)
	at java.security.AccessController.doPrivileged(Native Method)
	at javax.security.auth.Subject.doAs(Subject.java:422)
	at org.apache.hadoop.security.UserGroupInformation.doAs(UserGroupInformation.java:1730)
	at org.apache.hadoop.ipc.Server$Handler.run(Server.java:2682)
2019-09-27 10:07:58,297 [IPC Server handler 0 on 46306] INFO  block.BlockManagerImpl (BlockManagerImpl.java:allocateBlock(227)) - Could not find available pipeline of type:RATIS and factor:THREE even after retrying
2019-09-27 10:07:58,297 [IPC Server handler 0 on 46306] ERROR block.BlockManagerImpl (BlockManagerImpl.java:allocateBlock(251)) - Unable to allocate a block for the size: 4194304, type: RATIS, factor: THREE
2019-09-27 10:07:58,300 [pool-59-thread-3] ERROR freon.RandomKeyGenerator (RandomKeyGenerator.java:createKey(733)) - Exception while adding key: key-0-45977 in bucket: bucket-0-91743 of volume: vol-0-66439.
INTERNAL_ERROR org.apache.hadoop.ozone.om.exceptions.OMException: Allocated 0 blocks. Requested 5 blocks
	at org.apache.hadoop.ozone.om.protocolPB.OzoneManagerProtocolClientSideTranslatorPB.handleError(OzoneManagerProtocolClientSideTranslatorPB.java:732)
	at org.apache.hadoop.ozone.om.protocolPB.OzoneManagerProtocolClientSideTranslatorPB.openKey(OzoneManagerProtocolClientSideTranslatorPB.java:723)
	at sun.reflect.NativeMethodAccessorImpl.invoke0(Native Method)
	at sun.reflect.NativeMethodAccessorImpl.invoke(NativeMethodAccessorImpl.java:62)
	at sun.reflect.DelegatingMethodAccessorImpl.invoke(DelegatingMethodAccessorImpl.java:43)
	at java.lang.reflect.Method.invoke(Method.java:498)
	at org.apache.hadoop.hdds.tracing.TraceAllMethod.invoke(TraceAllMethod.java:66)
	at com.sun.proxy.$Proxy37.openKey(Unknown Source)
	at org.apache.hadoop.ozone.client.rpc.RpcClient.createKey(RpcClient.java:614)
	at org.apache.hadoop.ozone.client.OzoneBucket.createKey(OzoneBucket.java:325)
	at org.apache.hadoop.ozone.freon.RandomKeyGenerator.createKey(RandomKeyGenerator.java:695)
	at org.apache.hadoop.ozone.freon.RandomKeyGenerator.access$1100(RandomKeyGenerator.java:88)
	at org.apache.hadoop.ozone.freon.RandomKeyGenerator$ObjectCreator.run(RandomKeyGenerator.java:615)
	at java.util.concurrent.Executors$RunnableAdapter.call(Executors.java:511)
	at java.util.concurrent.FutureTask.run(FutureTask.java:266)
	at java.util.concurrent.ThreadPoolExecutor.runWorker(ThreadPoolExecutor.java:1149)
	at java.util.concurrent.ThreadPoolExecutor$Worker.run(ThreadPoolExecutor.java:624)
	at java.lang.Thread.run(Thread.java:748)
2019-09-27 10:07:59,203 [grpc-default-executor-1] INFO  impl.RaftServerProxy (RaftServerProxy.java:remove(95)) - 48e846be-65ac-46a0-adaf-cb2d27a9ede7: remove  FOLLOWER 48e846be-65ac-46a0-adaf-cb2d27a9ede7@group-53235962596B:t1, leader=f91defaf-508c-4a2c-8b09-b8173efbe788, voted=48e846be-65ac-46a0-adaf-cb2d27a9ede7, raftlog=48e846be-65ac-46a0-adaf-cb2d27a9ede7@group-53235962596B-SegmentedRaftLog:OPENED:c78,f78,i78, conf=0: [48e846be-65ac-46a0-adaf-cb2d27a9ede7:192.168.164.207:45638, 8b41b560-2f66-41da-8bcf-7a114e13a3cd:192.168.164.207:42021, f91defaf-508c-4a2c-8b09-b8173efbe788:192.168.164.207:32847], old=null RUNNING
2019-09-27 10:07:59,205 [grpc-default-executor-1] INFO  impl.RaftServerImpl (RaftServerImpl.java:lambda$shutdown$3(251)) - 48e846be-65ac-46a0-adaf-cb2d27a9ede7@group-53235962596B: shutdown
2019-09-27 10:07:59,205 [grpc-default-executor-1] INFO  util.JmxRegister (JmxRegister.java:unregister(73)) - Successfully un-registered JMX Bean with object name Ratis:service=RaftServer,group=group-53235962596B,id=48e846be-65ac-46a0-adaf-cb2d27a9ede7
2019-09-27 10:07:59,205 [grpc-default-executor-1] INFO  impl.RoleInfo (RoleInfo.java:shutdownFollowerState(121)) - 48e846be-65ac-46a0-adaf-cb2d27a9ede7: shutdown FollowerState
2019-09-27 10:07:59,206 [Thread-231] INFO  impl.FollowerState (FollowerState.java:run(115)) - 48e846be-65ac-46a0-adaf-cb2d27a9ede7: FollowerState was interrupted: java.lang.InterruptedException: sleep interrupted
2019-09-27 10:07:59,206 [grpc-default-executor-1] INFO  impl.StateMachineUpdater (StateMachineUpdater.java:stopAndJoin(125)) - 48e846be-65ac-46a0-adaf-cb2d27a9ede7@group-53235962596B-StateMachineUpdater: set stopIndex = 78
2019-09-27 10:07:59,207 [48e846be-65ac-46a0-adaf-cb2d27a9ede7@group-53235962596B-StateMachineUpdater] INFO  ratis.ContainerStateMachine (ContainerStateMachine.java:takeSnapshot(289)) - group-53235962596B: Taking a snapshot at:(t:1, i:76) file /workdir/hadoop-ozone/tools/target/test-dir/MiniOzoneClusterImpl-ab03b5f4-ba7d-41ab-a40f-aec5b371f622/datanode-1/data/ratis/598c3609-29ad-4542-ab8a-53235962596b/sm/snapshot.1_76
2019-09-27 10:07:59,236 [48e846be-65ac-46a0-adaf-cb2d27a9ede7@group-53235962596B-StateMachineUpdater] INFO  ratis.ContainerStateMachine (ContainerStateMachine.java:takeSnapshot(300)) - group-53235962596B: Finished taking a snapshot at:(t:1, i:76) file:/workdir/hadoop-ozone/tools/target/test-dir/MiniOzoneClusterImpl-ab03b5f4-ba7d-41ab-a40f-aec5b371f622/datanode-1/data/ratis/598c3609-29ad-4542-ab8a-53235962596b/sm/snapshot.1_76 time:30
2019-09-27 10:07:59,238 [48e846be-65ac-46a0-adaf-cb2d27a9ede7@group-53235962596B-StateMachineUpdater] INFO  impl.StateMachineUpdater (StateMachineUpdater.java:takeSnapshot(258)) - 48e846be-65ac-46a0-adaf-cb2d27a9ede7@group-53235962596B-StateMachineUpdater: Took a snapshot at index 76
2019-09-27 10:07:59,239 [48e846be-65ac-46a0-adaf-cb2d27a9ede7@group-53235962596B-StateMachineUpdater] INFO  impl.StateMachineUpdater (StateMachineUpdater.java:lambda$new$0(83)) - 48e846be-65ac-46a0-adaf-cb2d27a9ede7@group-53235962596B-StateMachineUpdater: snapshotIndex: updateIncreasingly -1 -> 76
2019-09-27 10:07:59,242 [48e846be-65ac-46a0-adaf-cb2d27a9ede7@group-53235962596B-StateMachineUpdater] INFO  ratis.ContainerStateMachine (ContainerStateMachine.java:takeSnapshot(289)) - group-53235962596B: Taking a snapshot at:(t:1, i:76) file /workdir/hadoop-ozone/tools/target/test-dir/MiniOzoneClusterImpl-ab03b5f4-ba7d-41ab-a40f-aec5b371f622/datanode-1/data/ratis/598c3609-29ad-4542-ab8a-53235962596b/sm/snapshot.1_76
2019-09-27 10:07:59,254 [48e846be-65ac-46a0-adaf-cb2d27a9ede7@group-53235962596B-StateMachineUpdater] INFO  ratis.ContainerStateMachine (ContainerStateMachine.java:takeSnapshot(300)) - group-53235962596B: Finished taking a snapshot at:(t:1, i:76) file:/workdir/hadoop-ozone/tools/target/test-dir/MiniOzoneClusterImpl-ab03b5f4-ba7d-41ab-a40f-aec5b371f622/datanode-1/data/ratis/598c3609-29ad-4542-ab8a-53235962596b/sm/snapshot.1_76 time:13
2019-09-27 10:07:59,255 [48e846be-65ac-46a0-adaf-cb2d27a9ede7@group-53235962596B-StateMachineUpdater] INFO  impl.StateMachineUpdater (StateMachineUpdater.java:takeSnapshot(258)) - 48e846be-65ac-46a0-adaf-cb2d27a9ede7@group-53235962596B-StateMachineUpdater: Took a snapshot at index 76
2019-09-27 10:07:59,255 [48e846be-65ac-46a0-adaf-cb2d27a9ede7@group-53235962596B-StateMachineUpdater] INFO  impl.StateMachineUpdater (StateMachineUpdater.java:lambda$new$0(83)) - 48e846be-65ac-46a0-adaf-cb2d27a9ede7@group-53235962596B-StateMachineUpdater: snapshotIndex: updateIncreasingly 76 -> 76
2019-09-27 10:07:59,255 [grpc-default-executor-1] INFO  impl.RaftServerImpl (ServerState.java:close(385)) - 48e846be-65ac-46a0-adaf-cb2d27a9ede7@group-53235962596B: closes. applyIndex: 78
2019-09-27 10:07:59,257 [48e846be-65ac-46a0-adaf-cb2d27a9ede7@group-53235962596B-SegmentedRaftLogWorker] INFO  segmented.SegmentedRaftLogWorker (SegmentedRaftLogWorker.java:run(313)) - 48e846be-65ac-46a0-adaf-cb2d27a9ede7@group-53235962596B-SegmentedRaftLogWorker was interrupted, exiting. There are 0 tasks remaining in the queue.
2019-09-27 10:07:59,259 [grpc-default-executor-1] INFO  segmented.SegmentedRaftLogWorker (SegmentedRaftLogWorker.java:close(228)) - 48e846be-65ac-46a0-adaf-cb2d27a9ede7@group-53235962596B-SegmentedRaftLogWorker close()
 0.00% |█                                                                                                    |  0/1 Time: 0:00:012019-09-27 10:07:59,292 [grpc-default-executor-1] INFO  interfaces.Container (KeyValueContainer.java:flushAndSyncDB(386)) - Container 1 is synced with bcsId 60.
2019-09-27 10:07:59,292 [grpc-default-executor-1] INFO  interfaces.Container (KeyValueContainer.java:flushAndSyncDB(386)) - Container 1 is synced with bcsId 60.
2019-09-27 10:07:59,307 [EventQueue-IncrementalContainerReportForIncrementalContainerReportHandler] INFO  container.IncrementalContainerReportHandler (AbstractContainerReportHandler.java:updateContainerState(169)) - Moving container #1 to QUASI_CLOSED state, datanode 48e846be-65ac-46a0-adaf-cb2d27a9ede7{ip: 192.168.164.207, host: pr-hdds2034-jk2kc-152962534, networkLocation: /default-rack, certSerialId: null} reported QUASI_CLOSED replica.
2019-09-27 10:07:59,322 [grpc-default-executor-1] INFO  interfaces.Container (KeyValueContainer.java:flushAndSyncDB(386)) - Container 2 is synced with bcsId 76.
2019-09-27 10:07:59,323 [grpc-default-executor-1] INFO  interfaces.Container (KeyValueContainer.java:flushAndSyncDB(386)) - Container 2 is synced with bcsId 76.
2019-09-27 10:07:59,342 [EventQueue-IncrementalContainerReportForIncrementalContainerReportHandler] INFO  container.IncrementalContainerReportHandler (AbstractContainerReportHandler.java:updateContainerState(169)) - Moving container #2 to QUASI_CLOSED state, datanode 48e846be-65ac-46a0-adaf-cb2d27a9ede7{ip: 192.168.164.207, host: pr-hdds2034-jk2kc-152962534, networkLocation: /default-rack, certSerialId: null} reported QUASI_CLOSED replica.
2019-09-27 10:07:59,355 [grpc-default-executor-1] INFO  interfaces.Container (KeyValueContainer.java:flushAndSyncDB(386)) - Container 3 is synced with bcsId 42.
2019-09-27 10:07:59,355 [grpc-default-executor-1] INFO  interfaces.Container (KeyValueContainer.java:flushAndSyncDB(386)) - Container 3 is synced with bcsId 42.
2019-09-27 10:07:59,371 [EventQueue-IncrementalContainerReportForIncrementalContainerReportHandler] INFO  container.IncrementalContainerReportHandler (AbstractContainerReportHandler.java:updateContainerState(169)) - Moving container #3 to QUASI_CLOSED state, datanode 48e846be-65ac-46a0-adaf-cb2d27a9ede7{ip: 192.168.164.207, host: pr-hdds2034-jk2kc-152962534, networkLocation: /default-rack, certSerialId: null} reported QUASI_CLOSED replica.
2019-09-27 10:07:59,376 [Command processor thread] INFO  commandhandler.ClosePipelineCommandHandler (ClosePipelineCommandHandler.java:handle(91)) - Close Pipeline #PipelineID=598c3609-29ad-4542-ab8a-53235962596b command on datanode #48e846be-65ac-46a0-adaf-cb2d27a9ede7.
2019-09-27 10:07:59,384 [grpc-default-executor-1] INFO  impl.RaftServerProxy (RaftServerProxy.java:addNew(89)) - 48e846be-65ac-46a0-adaf-cb2d27a9ede7: addNew group-16F964CF3DB9:[48e846be-65ac-46a0-adaf-cb2d27a9ede7:192.168.164.207:45638, 8b41b560-2f66-41da-8bcf-7a114e13a3cd:192.168.164.207:42021, f91defaf-508c-4a2c-8b09-b8173efbe788:192.168.164.207:32847] returns group-16F964CF3DB9:java.util.concurrent.CompletableFuture@60447a29[Not completed]
2019-09-27 10:07:59,386 [pool-37-thread-1] INFO  impl.RaftServerImpl (RaftServerImpl.java:<init>(95)) - 48e846be-65ac-46a0-adaf-cb2d27a9ede7: new RaftServerImpl for group-16F964CF3DB9:[48e846be-65ac-46a0-adaf-cb2d27a9ede7:192.168.164.207:45638, 8b41b560-2f66-41da-8bcf-7a114e13a3cd:192.168.164.207:42021, f91defaf-508c-4a2c-8b09-b8173efbe788:192.168.164.207:32847] with ContainerStateMachine:uninitialized
2019-09-27 10:07:59,386 [pool-37-thread-1] INFO  server.RaftServerConfigKeys (ConfUtils.java:logGet(43)) - raft.server.rpc.timeout.min = 5s (custom)
2019-09-27 10:07:59,386 [pool-37-thread-1] INFO  server.RaftServerConfigKeys (ConfUtils.java:logGet(43)) - raft.server.rpc.timeout.max = 5200ms (custom)
2019-09-27 10:07:59,386 [pool-37-thread-1] INFO  server.RaftServerConfigKeys (ConfUtils.java:logGet(43)) - raft.server.rpcslowness.timeout = 120s (custom)
2019-09-27 10:07:59,386 [pool-37-thread-1] INFO  server.RaftServerConfigKeys (ConfUtils.java:logGet(43)) - raft.server.sleep.deviation.threshold = 300 (default)
2019-09-27 10:07:59,387 [pool-37-thread-1] INFO  server.RaftServerConfigKeys (ConfUtils.java:logGet(43)) - raft.server.log.appender.install.snapshot.enabled = false (custom)
2019-09-27 10:07:59,387 [pool-37-thread-1] INFO  impl.RaftServerImpl (ServerState.java:<init>(103)) - 48e846be-65ac-46a0-adaf-cb2d27a9ede7@group-16F964CF3DB9: ConfigurationManager, init=-1: [48e846be-65ac-46a0-adaf-cb2d27a9ede7:192.168.164.207:45638, 8b41b560-2f66-41da-8bcf-7a114e13a3cd:192.168.164.207:42021, f91defaf-508c-4a2c-8b09-b8173efbe788:192.168.164.207:32847], old=null, confs=<EMPTY_MAP>
2019-09-27 10:07:59,387 [pool-37-thread-1] INFO  server.RaftServerConfigKeys (ConfUtils.java:logGet(43)) - raft.server.storage.dir = [/workdir/hadoop-ozone/tools/target/test-dir/MiniOzoneClusterImpl-ab03b5f4-ba7d-41ab-a40f-aec5b371f622/datanode-1/data/ratis] (custom)
2019-09-27 10:07:59,387 [pool-37-thread-1] INFO  storage.RaftStorageDirectory (RaftStorageDirectory.java:analyzeStorage(246)) - The storage directory /workdir/hadoop-ozone/tools/target/test-dir/MiniOzoneClusterImpl-ab03b5f4-ba7d-41ab-a40f-aec5b371f622/datanode-1/data/ratis/eec51411-8321-4b16-8a88-16f964cf3db9 does not exist. Creating ...
2019-09-27 10:07:59,400 [pool-37-thread-1] INFO  storage.RaftStorageDirectory (RaftStorageDirectory.java:tryLock(328)) - Lock on /workdir/hadoop-ozone/tools/target/test-dir/MiniOzoneClusterImpl-ab03b5f4-ba7d-41ab-a40f-aec5b371f622/datanode-1/data/ratis/eec51411-8321-4b16-8a88-16f964cf3db9/in_use.lock acquired by nodename 22879@pr-hdds2034-jk2kc-152962534
2019-09-27 10:07:59,413 [pool-37-thread-1] INFO  storage.RaftStorage (RaftStorage.java:format(72)) - Storage directory /workdir/hadoop-ozone/tools/target/test-dir/MiniOzoneClusterImpl-ab03b5f4-ba7d-41ab-a40f-aec5b371f622/datanode-1/data/ratis/eec51411-8321-4b16-8a88-16f964cf3db9 has been successfully formatted.
2019-09-27 10:07:59,413 [pool-37-thread-1] INFO  ratis.ContainerStateMachine (ContainerStateMachine.java:loadSnapshot(230)) - group-16F964CF3DB9: The snapshot info is null. Setting the last applied indexto:(t:0, i:~)
2019-09-27 10:07:59,413 [pool-37-thread-1] INFO  server.RaftServerConfigKeys (ConfUtils.java:logGet(43)) - raft.server.notification.no-leader.timeout = 120s (custom)
2019-09-27 10:07:59,414 [pool-37-thread-1] INFO  server.RaftServerConfigKeys (ConfUtils.java:logGet(43)) - raft.server.log.use.memory = false (default)
2019-09-27 10:07:59,414 [pool-37-thread-1] INFO  server.RaftServerConfigKeys (ConfUtils.java:logGet(43)) - raft.server.log.purge.gap = 1000000 (custom)
2019-09-27 10:07:59,414 [pool-37-thread-1] INFO  server.RaftServerConfigKeys (ConfUtils.java:logGet(43)) - raft.server.log.appender.buffer.byte-limit = 33554432 (custom)
2019-09-27 10:07:59,414 [pool-37-thread-1] INFO  server.RaftServerConfigKeys (ConfUtils.java:logGet(43)) - raft.server.log.segment.size.max = 1048576 (custom)
2019-09-27 10:07:59,414 [pool-37-thread-1] INFO  server.RaftServerConfigKeys (ConfUtils.java:logGet(43)) - raft.server.log.segment.cache.num.max = 2 (custom)
2019-09-27 10:07:59,414 [pool-37-thread-1] INFO  segmented.SegmentedRaftLogWorker (SegmentedRaftLogWorker.java:<init>(172)) - new 48e846be-65ac-46a0-adaf-cb2d27a9ede7@group-16F964CF3DB9-SegmentedRaftLogWorker for RaftStorage:Storage Directory /workdir/hadoop-ozone/tools/target/test-dir/MiniOzoneClusterImpl-ab03b5f4-ba7d-41ab-a40f-aec5b371f622/datanode-1/data/ratis/eec51411-8321-4b16-8a88-16f964cf3db9
2019-09-27 10:07:59,415 [pool-37-thread-1] INFO  server.RaftServerConfigKeys (ConfUtils.java:logGet(43)) - raft.server.log.queue.byte-limit = 2147483647 (custom)
2019-09-27 10:07:59,415 [pool-37-thread-1] INFO  server.RaftServerConfigKeys (ConfUtils.java:logGet(43)) - raft.server.log.queue.element-limit = 1024 (custom)
2019-09-27 10:07:59,415 [pool-37-thread-1] INFO  server.RaftServerConfigKeys (ConfUtils.java:logGet(43)) - raft.server.log.segment.size.max = 1048576 (custom)
2019-09-27 10:07:59,415 [pool-37-thread-1] INFO  server.RaftServerConfigKeys (ConfUtils.java:logGet(43)) - raft.server.log.preallocated.size = 16384 (custom)
2019-09-27 10:07:59,415 [pool-37-thread-1] INFO  server.RaftServerConfigKeys (ConfUtils.java:logGet(43)) - raft.server.log.write.buffer.size = 33554432 (custom)
2019-09-27 10:07:59,415 [pool-37-thread-1] INFO  server.RaftServerConfigKeys (ConfUtils.java:logGet(43)) - raft.server.log.force.sync.num = 128 (default)
2019-09-27 10:07:59,416 [pool-37-thread-1] INFO  server.RaftServerConfigKeys (ConfUtils.java:logGet(43)) - raft.server.log.statemachine.data.sync = true (default)
2019-09-27 10:07:59,416 [pool-37-thread-1] INFO  server.RaftServerConfigKeys (ConfUtils.java:logGet(43)) - raft.server.log.statemachine.data.sync.timeout = 10s (default)
2019-09-27 10:07:59,416 [pool-37-thread-1] INFO  server.RaftServerConfigKeys (ConfUtils.java:logGet(43)) - raft.server.log.statemachine.data.sync.timeout.retry = -1 (default)
2019-09-27 10:07:59,416 [pool-37-thread-1] INFO  server.RaftServerConfigKeys (ConfUtils.java:logGet(43)) - raft.server.log.statemachine.data.caching.enabled = true (custom)
2019-09-27 10:07:59,416 [pool-37-thread-1] INFO  segmented.SegmentedRaftLogWorker (SegmentedRaftLogWorker.java:lambda$new$0(132)) - 48e846be-65ac-46a0-adaf-cb2d27a9ede7@group-16F964CF3DB9-SegmentedRaftLogWorker: flushIndex: setUnconditionally 0 -> -1
2019-09-27 10:07:59,417 [pool-37-thread-1] INFO  server.RaftServerConfigKeys (ConfUtils.java:logGet(43)) - raft.server.snapshot.auto.trigger.enabled = true (custom)
2019-09-27 10:07:59,417 [pool-37-thread-1] INFO  server.RaftServerConfigKeys (ConfUtils.java:logGet(43)) - raft.server.snapshot.auto.trigger.threshold = 10000 (custom)
2019-09-27 10:07:59,417 [pool-37-thread-1] INFO  server.RaftServerConfigKeys (ConfUtils.java:logGet(43)) - raft.server.snapshot.retention.num.files = 5 (custom)
2019-09-27 10:07:59,417 [pool-37-thread-1] INFO  server.RaftServerConfigKeys (ConfUtils.java:logGet(43)) - raft.server.retrycache.expirytime = 600000ms (custom)
2019-09-27 10:07:59,420 [pool-37-thread-1] INFO  impl.RaftServerImpl (RaftServerImpl.java:start(185)) - 48e846be-65ac-46a0-adaf-cb2d27a9ede7@group-16F964CF3DB9: start as a follower, conf=-1: [48e846be-65ac-46a0-adaf-cb2d27a9ede7:192.168.164.207:45638, 8b41b560-2f66-41da-8bcf-7a114e13a3cd:192.168.164.207:42021, f91defaf-508c-4a2c-8b09-b8173efbe788:192.168.164.207:32847], old=null
2019-09-27 10:07:59,420 [pool-37-thread-1] INFO  impl.RaftServerImpl (RaftServerImpl.java:setRole(174)) - 48e846be-65ac-46a0-adaf-cb2d27a9ede7@group-16F964CF3DB9: changes role from      null to FOLLOWER at term 0 for startAsFollower
2019-09-27 10:07:59,420 [pool-37-thread-1] INFO  impl.RoleInfo (RoleInfo.java:updateAndGet(143)) - 48e846be-65ac-46a0-adaf-cb2d27a9ede7: start FollowerState
2019-09-27 10:07:59,421 [pool-37-thread-1] INFO  util.JmxRegister (JmxRegister.java:tryRegister(44)) - Successfully registered JMX Bean with object name Ratis:service=RaftServer,group=group-16F964CF3DB9,id=48e846be-65ac-46a0-adaf-cb2d27a9ede7
2019-09-27 10:07:59,428 [Command processor thread] INFO  commandhandler.CreatePipelineCommandHandler (CreatePipelineCommandHandler.java:handle(116)) - Create Pipeline RATIS THREE #PipelineID=eec51411-8321-4b16-8a88-16f964cf3db9 command succeed on datanode 48e846be-65ac-46a0-adaf-cb2d27a9ede7.
2019-09-27 10:08:00,198 [grpc-default-executor-3] INFO  impl.RaftServerProxy (RaftServerProxy.java:remove(95)) - 8b41b560-2f66-41da-8bcf-7a114e13a3cd: remove  FOLLOWER 8b41b560-2f66-41da-8bcf-7a114e13a3cd@group-53235962596B:t1, leader=f91defaf-508c-4a2c-8b09-b8173efbe788, voted=f91defaf-508c-4a2c-8b09-b8173efbe788, raftlog=8b41b560-2f66-41da-8bcf-7a114e13a3cd@group-53235962596B-SegmentedRaftLog:OPENED:c78,f78,i78, conf=0: [48e846be-65ac-46a0-adaf-cb2d27a9ede7:192.168.164.207:45638, 8b41b560-2f66-41da-8bcf-7a114e13a3cd:192.168.164.207:42021, f91defaf-508c-4a2c-8b09-b8173efbe788:192.168.164.207:32847], old=null RUNNING
2019-09-27 10:08:00,198 [grpc-default-executor-1] INFO  impl.RaftServerProxy (RaftServerProxy.java:remove(95)) - f91defaf-508c-4a2c-8b09-b8173efbe788: remove    LEADER f91defaf-508c-4a2c-8b09-b8173efbe788@group-53235962596B:t1, leader=f91defaf-508c-4a2c-8b09-b8173efbe788, voted=f91defaf-508c-4a2c-8b09-b8173efbe788, raftlog=f91defaf-508c-4a2c-8b09-b8173efbe788@group-53235962596B-SegmentedRaftLog:OPENED:c78,f78,i78, conf=0: [48e846be-65ac-46a0-adaf-cb2d27a9ede7:192.168.164.207:45638, 8b41b560-2f66-41da-8bcf-7a114e13a3cd:192.168.164.207:42021, f91defaf-508c-4a2c-8b09-b8173efbe788:192.168.164.207:32847], old=null RUNNING
2019-09-27 10:08:00,198 [grpc-default-executor-3] INFO  impl.RaftServerImpl (RaftServerImpl.java:lambda$shutdown$3(251)) - 8b41b560-2f66-41da-8bcf-7a114e13a3cd@group-53235962596B: shutdown
2019-09-27 10:08:00,199 [grpc-default-executor-1] INFO  impl.RaftServerImpl (RaftServerImpl.java:lambda$shutdown$3(251)) - f91defaf-508c-4a2c-8b09-b8173efbe788@group-53235962596B: shutdown
2019-09-27 10:08:00,200 [grpc-default-executor-3] INFO  util.JmxRegister (JmxRegister.java:unregister(73)) - Successfully un-registered JMX Bean with object name Ratis:service=RaftServer,group=group-53235962596B,id=8b41b560-2f66-41da-8bcf-7a114e13a3cd
2019-09-27 10:08:00,200 [grpc-default-executor-1] INFO  util.JmxRegister (JmxRegister.java:unregister(73)) - Successfully un-registered JMX Bean with object name Ratis:service=RaftServer,group=group-53235962596B,id=f91defaf-508c-4a2c-8b09-b8173efbe788
2019-09-27 10:08:00,200 [grpc-default-executor-3] INFO  impl.RoleInfo (RoleInfo.java:shutdownFollowerState(121)) - 8b41b560-2f66-41da-8bcf-7a114e13a3cd: shutdown FollowerState
2019-09-27 10:08:00,200 [grpc-default-executor-1] INFO  impl.RoleInfo (RoleInfo.java:shutdownLeaderState(104)) - f91defaf-508c-4a2c-8b09-b8173efbe788: shutdown LeaderState
2019-09-27 10:08:00,200 [Thread-230] INFO  impl.FollowerState (FollowerState.java:run(115)) - 8b41b560-2f66-41da-8bcf-7a114e13a3cd: FollowerState was interrupted: java.lang.InterruptedException: sleep interrupted
2019-09-27 10:08:00,200 [grpc-default-executor-3] INFO  impl.StateMachineUpdater (StateMachineUpdater.java:stopAndJoin(125)) - 8b41b560-2f66-41da-8bcf-7a114e13a3cd@group-53235962596B-StateMachineUpdater: set stopIndex = 78
2019-09-27 10:08:00,201 [8b41b560-2f66-41da-8bcf-7a114e13a3cd@group-53235962596B-StateMachineUpdater] INFO  ratis.ContainerStateMachine (ContainerStateMachine.java:takeSnapshot(289)) - group-53235962596B: Taking a snapshot at:(t:1, i:76) file /workdir/hadoop-ozone/tools/target/test-dir/MiniOzoneClusterImpl-ab03b5f4-ba7d-41ab-a40f-aec5b371f622/datanode-0/data/ratis/598c3609-29ad-4542-ab8a-53235962596b/sm/snapshot.1_76
2019-09-27 10:08:00,203 [grpc-default-executor-1] INFO  impl.PendingRequests (PendingRequests.java:sendNotLeaderResponses(202)) - f91defaf-508c-4a2c-8b09-b8173efbe788-PendingRequests: sendNotLeaderResponses
2019-09-27 10:08:00,203 [org.apache.ratis.server.impl.LogAppender$AppenderDaemon$$Lambda$637/561409935@70af5217] WARN  server.GrpcLogAppender (GrpcLogAppender.java:mayWait(143)) - f91defaf-508c-4a2c-8b09-b8173efbe788@group-53235962596B->8b41b560-2f66-41da-8bcf-7a114e13a3cd-GrpcLogAppender: Wait interrupted by java.lang.InterruptedException
2019-09-27 10:08:00,203 [org.apache.ratis.server.impl.LogAppender$AppenderDaemon$$Lambda$637/561409935@76d8f098] WARN  server.GrpcLogAppender (GrpcLogAppender.java:mayWait(143)) - f91defaf-508c-4a2c-8b09-b8173efbe788@group-53235962596B->48e846be-65ac-46a0-adaf-cb2d27a9ede7-GrpcLogAppender: Wait interrupted by java.lang.InterruptedException
2019-09-27 10:08:00,207 [grpc-default-executor-1] INFO  impl.StateMachineUpdater (StateMachineUpdater.java:stopAndJoin(125)) - f91defaf-508c-4a2c-8b09-b8173efbe788@group-53235962596B-StateMachineUpdater: set stopIndex = 78
2019-09-27 10:08:00,207 [grpc-default-executor-0] INFO  server.GrpcServerProtocolService (GrpcServerProtocolService.java:onCompleted(113)) - 8b41b560-2f66-41da-8bcf-7a114e13a3cd: Completed APPEND_ENTRIES, lastRequest: f91defaf-508c-4a2c-8b09-b8173efbe788->8b41b560-2f66-41da-8bcf-7a114e13a3cd#83-t1, previous=(t:1, i:78), leaderCommit=78, initializing? false, entries: <empty>
2019-09-27 10:08:00,207 [f91defaf-508c-4a2c-8b09-b8173efbe788@group-53235962596B-StateMachineUpdater] INFO  ratis.ContainerStateMachine (ContainerStateMachine.java:takeSnapshot(289)) - group-53235962596B: Taking a snapshot at:(t:1, i:76) file /workdir/hadoop-ozone/tools/target/test-dir/MiniOzoneClusterImpl-ab03b5f4-ba7d-41ab-a40f-aec5b371f622/datanode-2/data/ratis/598c3609-29ad-4542-ab8a-53235962596b/sm/snapshot.1_76
2019-09-27 10:08:00,207 [grpc-default-executor-2] INFO  server.GrpcServerProtocolService (GrpcServerProtocolService.java:onCompleted(113)) - 48e846be-65ac-46a0-adaf-cb2d27a9ede7: Completed APPEND_ENTRIES, lastRequest: f91defaf-508c-4a2c-8b09-b8173efbe788->48e846be-65ac-46a0-adaf-cb2d27a9ede7#83-t1, previous=(t:1, i:78), leaderCommit=78, initializing? false, entries: <empty>
2019-09-27 10:08:00,209 [grpc-default-executor-2] INFO  server.GrpcLogAppender (GrpcLogAppender.java:onCompleted(293)) - f91defaf-508c-4a2c-8b09-b8173efbe788@group-53235962596B->8b41b560-2f66-41da-8bcf-7a114e13a3cd-AppendLogResponseHandler: follower responses appendEntries COMPLETED
2019-09-27 10:08:00,210 [grpc-default-executor-0] INFO  server.GrpcLogAppender (GrpcLogAppender.java:onCompleted(293)) - f91defaf-508c-4a2c-8b09-b8173efbe788@group-53235962596B->48e846be-65ac-46a0-adaf-cb2d27a9ede7-AppendLogResponseHandler: follower responses appendEntries COMPLETED
2019-09-27 10:08:00,215 [grpc-default-executor-2] INFO  impl.FollowerInfo (FollowerInfo.java:lambda$new$0(51)) - f91defaf-508c-4a2c-8b09-b8173efbe788@group-53235962596B->8b41b560-2f66-41da-8bcf-7a114e13a3cd: nextIndex: updateUnconditionally 79 -> 78
2019-09-27 10:08:00,215 [grpc-default-executor-0] INFO  impl.FollowerInfo (FollowerInfo.java:lambda$new$0(51)) - f91defaf-508c-4a2c-8b09-b8173efbe788@group-53235962596B->48e846be-65ac-46a0-adaf-cb2d27a9ede7: nextIndex: updateUnconditionally 79 -> 78
2019-09-27 10:08:00,217 [f91defaf-508c-4a2c-8b09-b8173efbe788@group-53235962596B-StateMachineUpdater] INFO  ratis.ContainerStateMachine (ContainerStateMachine.java:takeSnapshot(300)) - group-53235962596B: Finished taking a snapshot at:(t:1, i:76) file:/workdir/hadoop-ozone/tools/target/test-dir/MiniOzoneClusterImpl-ab03b5f4-ba7d-41ab-a40f-aec5b371f622/datanode-2/data/ratis/598c3609-29ad-4542-ab8a-53235962596b/sm/snapshot.1_76 time:9
2019-09-27 10:08:00,217 [8b41b560-2f66-41da-8bcf-7a114e13a3cd@group-53235962596B-StateMachineUpdater] INFO  ratis.ContainerStateMachine (ContainerStateMachine.java:takeSnapshot(300)) - group-53235962596B: Finished taking a snapshot at:(t:1, i:76) file:/workdir/hadoop-ozone/tools/target/test-dir/MiniOzoneClusterImpl-ab03b5f4-ba7d-41ab-a40f-aec5b371f622/datanode-0/data/ratis/598c3609-29ad-4542-ab8a-53235962596b/sm/snapshot.1_76 time:15
2019-09-27 10:08:00,217 [f91defaf-508c-4a2c-8b09-b8173efbe788@group-53235962596B-StateMachineUpdater] INFO  impl.StateMachineUpdater (StateMachineUpdater.java:takeSnapshot(258)) - f91defaf-508c-4a2c-8b09-b8173efbe788@group-53235962596B-StateMachineUpdater: Took a snapshot at index 76
2019-09-27 10:08:00,217 [f91defaf-508c-4a2c-8b09-b8173efbe788@group-53235962596B-StateMachineUpdater] INFO  impl.StateMachineUpdater (StateMachineUpdater.java:lambda$new$0(83)) - f91defaf-508c-4a2c-8b09-b8173efbe788@group-53235962596B-StateMachineUpdater: snapshotIndex: updateIncreasingly -1 -> 76
2019-09-27 10:08:00,217 [8b41b560-2f66-41da-8bcf-7a114e13a3cd@group-53235962596B-StateMachineUpdater] INFO  impl.StateMachineUpdater (StateMachineUpdater.java:takeSnapshot(258)) - 8b41b560-2f66-41da-8bcf-7a114e13a3cd@group-53235962596B-StateMachineUpdater: Took a snapshot at index 76
2019-09-27 10:08:00,218 [8b41b560-2f66-41da-8bcf-7a114e13a3cd@group-53235962596B-StateMachineUpdater] INFO  impl.StateMachineUpdater (StateMachineUpdater.java:lambda$new$0(83)) - 8b41b560-2f66-41da-8bcf-7a114e13a3cd@group-53235962596B-StateMachineUpdater: snapshotIndex: updateIncreasingly -1 -> 76
2019-09-27 10:08:00,218 [f91defaf-508c-4a2c-8b09-b8173efbe788@group-53235962596B-StateMachineUpdater] INFO  ratis.ContainerStateMachine (ContainerStateMachine.java:takeSnapshot(289)) - group-53235962596B: Taking a snapshot at:(t:1, i:76) file /workdir/hadoop-ozone/tools/target/test-dir/MiniOzoneClusterImpl-ab03b5f4-ba7d-41ab-a40f-aec5b371f622/datanode-2/data/ratis/598c3609-29ad-4542-ab8a-53235962596b/sm/snapshot.1_76
2019-09-27 10:08:00,218 [8b41b560-2f66-41da-8bcf-7a114e13a3cd@group-53235962596B-StateMachineUpdater] INFO  ratis.ContainerStateMachine (ContainerStateMachine.java:takeSnapshot(289)) - group-53235962596B: Taking a snapshot at:(t:1, i:76) file /workdir/hadoop-ozone/tools/target/test-dir/MiniOzoneClusterImpl-ab03b5f4-ba7d-41ab-a40f-aec5b371f622/datanode-0/data/ratis/598c3609-29ad-4542-ab8a-53235962596b/sm/snapshot.1_76
2019-09-27 10:08:00,235 [f91defaf-508c-4a2c-8b09-b8173efbe788@group-53235962596B-StateMachineUpdater] INFO  ratis.ContainerStateMachine (ContainerStateMachine.java:takeSnapshot(300)) - group-53235962596B: Finished taking a snapshot at:(t:1, i:76) file:/workdir/hadoop-ozone/tools/target/test-dir/MiniOzoneClusterImpl-ab03b5f4-ba7d-41ab-a40f-aec5b371f622/datanode-2/data/ratis/598c3609-29ad-4542-ab8a-53235962596b/sm/snapshot.1_76 time:17
2019-09-27 10:08:00,235 [8b41b560-2f66-41da-8bcf-7a114e13a3cd@group-53235962596B-StateMachineUpdater] INFO  ratis.ContainerStateMachine (ContainerStateMachine.java:takeSnapshot(300)) - group-53235962596B: Finished taking a snapshot at:(t:1, i:76) file:/workdir/hadoop-ozone/tools/target/test-dir/MiniOzoneClusterImpl-ab03b5f4-ba7d-41ab-a40f-aec5b371f622/datanode-0/data/ratis/598c3609-29ad-4542-ab8a-53235962596b/sm/snapshot.1_76 time:17
2019-09-27 10:08:00,235 [f91defaf-508c-4a2c-8b09-b8173efbe788@group-53235962596B-StateMachineUpdater] INFO  impl.StateMachineUpdater (StateMachineUpdater.java:takeSnapshot(258)) - f91defaf-508c-4a2c-8b09-b8173efbe788@group-53235962596B-StateMachineUpdater: Took a snapshot at index 76
2019-09-27 10:08:00,236 [f91defaf-508c-4a2c-8b09-b8173efbe788@group-53235962596B-StateMachineUpdater] INFO  impl.StateMachineUpdater (StateMachineUpdater.java:lambda$new$0(83)) - f91defaf-508c-4a2c-8b09-b8173efbe788@group-53235962596B-StateMachineUpdater: snapshotIndex: updateIncreasingly 76 -> 76
2019-09-27 10:08:00,236 [8b41b560-2f66-41da-8bcf-7a114e13a3cd@group-53235962596B-StateMachineUpdater] INFO  impl.StateMachineUpdater (StateMachineUpdater.java:takeSnapshot(258)) - 8b41b560-2f66-41da-8bcf-7a114e13a3cd@group-53235962596B-StateMachineUpdater: Took a snapshot at index 76
2019-09-27 10:08:00,236 [8b41b560-2f66-41da-8bcf-7a114e13a3cd@group-53235962596B-StateMachineUpdater] INFO  impl.StateMachineUpdater (StateMachineUpdater.java:lambda$new$0(83)) - 8b41b560-2f66-41da-8bcf-7a114e13a3cd@group-53235962596B-StateMachineUpdater: snapshotIndex: updateIncreasingly 76 -> 76
2019-09-27 10:08:00,236 [grpc-default-executor-1] INFO  impl.RaftServerImpl (ServerState.java:close(385)) - f91defaf-508c-4a2c-8b09-b8173efbe788@group-53235962596B: closes. applyIndex: 78
2019-09-27 10:08:00,236 [f91defaf-508c-4a2c-8b09-b8173efbe788@group-53235962596B-SegmentedRaftLogWorker] INFO  segmented.SegmentedRaftLogWorker (SegmentedRaftLogWorker.java:run(313)) - f91defaf-508c-4a2c-8b09-b8173efbe788@group-53235962596B-SegmentedRaftLogWorker was interrupted, exiting. There are 0 tasks remaining in the queue.
2019-09-27 10:08:00,236 [grpc-default-executor-3] INFO  impl.RaftServerImpl (ServerState.java:close(385)) - 8b41b560-2f66-41da-8bcf-7a114e13a3cd@group-53235962596B: closes. applyIndex: 78
2019-09-27 10:08:00,243 [grpc-default-executor-1] INFO  segmented.SegmentedRaftLogWorker (SegmentedRaftLogWorker.java:close(228)) - f91defaf-508c-4a2c-8b09-b8173efbe788@group-53235962596B-SegmentedRaftLogWorker close()
2019-09-27 10:08:00,243 [8b41b560-2f66-41da-8bcf-7a114e13a3cd@group-53235962596B-SegmentedRaftLogWorker] INFO  segmented.SegmentedRaftLogWorker (SegmentedRaftLogWorker.java:run(313)) - 8b41b560-2f66-41da-8bcf-7a114e13a3cd@group-53235962596B-SegmentedRaftLogWorker was interrupted, exiting. There are 0 tasks remaining in the queue.
2019-09-27 10:08:00,247 [grpc-default-executor-3] INFO  segmented.SegmentedRaftLogWorker (SegmentedRaftLogWorker.java:close(228)) - 8b41b560-2f66-41da-8bcf-7a114e13a3cd@group-53235962596B-SegmentedRaftLogWorker close()
 0.00% |█                                                                                                    |  0/1 Time: 0:00:022019-09-27 10:08:00,267 [grpc-default-executor-1] INFO  interfaces.Container (KeyValueContainer.java:flushAndSyncDB(386)) - Container 1 is synced with bcsId 60.
2019-09-27 10:08:00,267 [grpc-default-executor-3] INFO  interfaces.Container (KeyValueContainer.java:flushAndSyncDB(386)) - Container 1 is synced with bcsId 60.
2019-09-27 10:08:00,269 [grpc-default-executor-1] INFO  interfaces.Container (KeyValueContainer.java:flushAndSyncDB(386)) - Container 1 is synced with bcsId 60.
2019-09-27 10:08:00,269 [grpc-default-executor-3] INFO  interfaces.Container (KeyValueContainer.java:flushAndSyncDB(386)) - Container 1 is synced with bcsId 60.
2019-09-27 10:08:00,301 [grpc-default-executor-1] INFO  interfaces.Container (KeyValueContainer.java:flushAndSyncDB(386)) - Container 2 is synced with bcsId 76.
2019-09-27 10:08:00,301 [grpc-default-executor-3] INFO  interfaces.Container (KeyValueContainer.java:flushAndSyncDB(386)) - Container 2 is synced with bcsId 76.
2019-09-27 10:08:00,301 [grpc-default-executor-1] INFO  interfaces.Container (KeyValueContainer.java:flushAndSyncDB(386)) - Container 2 is synced with bcsId 76.
2019-09-27 10:08:00,301 [grpc-default-executor-3] INFO  interfaces.Container (KeyValueContainer.java:flushAndSyncDB(386)) - Container 2 is synced with bcsId 76.
2019-09-27 10:08:00,331 [grpc-default-executor-3] INFO  interfaces.Container (KeyValueContainer.java:flushAndSyncDB(386)) - Container 3 is synced with bcsId 42.
2019-09-27 10:08:00,331 [grpc-default-executor-1] INFO  interfaces.Container (KeyValueContainer.java:flushAndSyncDB(386)) - Container 3 is synced with bcsId 42.
2019-09-27 10:08:00,332 [grpc-default-executor-3] INFO  interfaces.Container (KeyValueContainer.java:flushAndSyncDB(386)) - Container 3 is synced with bcsId 42.
2019-09-27 10:08:00,332 [grpc-default-executor-1] INFO  interfaces.Container (KeyValueContainer.java:flushAndSyncDB(386)) - Container 3 is synced with bcsId 42.
2019-09-27 10:08:00,352 [Command processor thread] INFO  commandhandler.ClosePipelineCommandHandler (ClosePipelineCommandHandler.java:handle(91)) - Close Pipeline #PipelineID=598c3609-29ad-4542-ab8a-53235962596b command on datanode #8b41b560-2f66-41da-8bcf-7a114e13a3cd.
2019-09-27 10:08:00,353 [Command processor thread] INFO  commandhandler.ClosePipelineCommandHandler (ClosePipelineCommandHandler.java:handle(91)) - Close Pipeline #PipelineID=598c3609-29ad-4542-ab8a-53235962596b command on datanode #f91defaf-508c-4a2c-8b09-b8173efbe788.
2019-09-27 10:08:00,359 [grpc-default-executor-3] INFO  impl.RaftServerProxy (RaftServerProxy.java:addNew(89)) - f91defaf-508c-4a2c-8b09-b8173efbe788: addNew group-16F964CF3DB9:[48e846be-65ac-46a0-adaf-cb2d27a9ede7:192.168.164.207:45638, 8b41b560-2f66-41da-8bcf-7a114e13a3cd:192.168.164.207:42021, f91defaf-508c-4a2c-8b09-b8173efbe788:192.168.164.207:32847] returns group-16F964CF3DB9:java.util.concurrent.CompletableFuture@3498257a[Not completed]
2019-09-27 10:08:00,361 [pool-47-thread-1] INFO  impl.RaftServerImpl (RaftServerImpl.java:<init>(95)) - f91defaf-508c-4a2c-8b09-b8173efbe788: new RaftServerImpl for group-16F964CF3DB9:[48e846be-65ac-46a0-adaf-cb2d27a9ede7:192.168.164.207:45638, 8b41b560-2f66-41da-8bcf-7a114e13a3cd:192.168.164.207:42021, f91defaf-508c-4a2c-8b09-b8173efbe788:192.168.164.207:32847] with ContainerStateMachine:uninitialized
2019-09-27 10:08:00,361 [pool-47-thread-1] INFO  server.RaftServerConfigKeys (ConfUtils.java:logGet(43)) - raft.server.rpc.timeout.min = 5s (custom)
2019-09-27 10:08:00,362 [pool-47-thread-1] INFO  server.RaftServerConfigKeys (ConfUtils.java:logGet(43)) - raft.server.rpc.timeout.max = 5200ms (custom)
2019-09-27 10:08:00,362 [pool-47-thread-1] INFO  server.RaftServerConfigKeys (ConfUtils.java:logGet(43)) - raft.server.rpcslowness.timeout = 120s (custom)
2019-09-27 10:08:00,362 [grpc-default-executor-3] INFO  impl.RaftServerProxy (RaftServerProxy.java:addNew(89)) - 8b41b560-2f66-41da-8bcf-7a114e13a3cd: addNew group-16F964CF3DB9:[48e846be-65ac-46a0-adaf-cb2d27a9ede7:192.168.164.207:45638, 8b41b560-2f66-41da-8bcf-7a114e13a3cd:192.168.164.207:42021, f91defaf-508c-4a2c-8b09-b8173efbe788:192.168.164.207:32847] returns group-16F964CF3DB9:java.util.concurrent.CompletableFuture@4ff85f8c[Not completed]
2019-09-27 10:08:00,362 [pool-47-thread-1] INFO  server.RaftServerConfigKeys (ConfUtils.java:logGet(43)) - raft.server.sleep.deviation.threshold = 300 (default)
2019-09-27 10:08:00,362 [pool-47-thread-1] INFO  server.RaftServerConfigKeys (ConfUtils.java:logGet(43)) - raft.server.log.appender.install.snapshot.enabled = false (custom)
2019-09-27 10:08:00,362 [pool-47-thread-1] INFO  impl.RaftServerImpl (ServerState.java:<init>(103)) - f91defaf-508c-4a2c-8b09-b8173efbe788@group-16F964CF3DB9: ConfigurationManager, init=-1: [48e846be-65ac-46a0-adaf-cb2d27a9ede7:192.168.164.207:45638, 8b41b560-2f66-41da-8bcf-7a114e13a3cd:192.168.164.207:42021, f91defaf-508c-4a2c-8b09-b8173efbe788:192.168.164.207:32847], old=null, confs=<EMPTY_MAP>
2019-09-27 10:08:00,362 [pool-47-thread-1] INFO  server.RaftServerConfigKeys (ConfUtils.java:logGet(43)) - raft.server.storage.dir = [/workdir/hadoop-ozone/tools/target/test-dir/MiniOzoneClusterImpl-ab03b5f4-ba7d-41ab-a40f-aec5b371f622/datanode-2/data/ratis] (custom)
2019-09-27 10:08:00,363 [pool-47-thread-1] INFO  storage.RaftStorageDirectory (RaftStorageDirectory.java:analyzeStorage(246)) - The storage directory /workdir/hadoop-ozone/tools/target/test-dir/MiniOzoneClusterImpl-ab03b5f4-ba7d-41ab-a40f-aec5b371f622/datanode-2/data/ratis/eec51411-8321-4b16-8a88-16f964cf3db9 does not exist. Creating ...
2019-09-27 10:08:00,363 [pool-27-thread-1] INFO  impl.RaftServerImpl (RaftServerImpl.java:<init>(95)) - 8b41b560-2f66-41da-8bcf-7a114e13a3cd: new RaftServerImpl for group-16F964CF3DB9:[48e846be-65ac-46a0-adaf-cb2d27a9ede7:192.168.164.207:45638, 8b41b560-2f66-41da-8bcf-7a114e13a3cd:192.168.164.207:42021, f91defaf-508c-4a2c-8b09-b8173efbe788:192.168.164.207:32847] with ContainerStateMachine:uninitialized
2019-09-27 10:08:00,363 [pool-27-thread-1] INFO  server.RaftServerConfigKeys (ConfUtils.java:logGet(43)) - raft.server.rpc.timeout.min = 5s (custom)
2019-09-27 10:08:00,363 [pool-27-thread-1] INFO  server.RaftServerConfigKeys (ConfUtils.java:logGet(43)) - raft.server.rpc.timeout.max = 5200ms (custom)
2019-09-27 10:08:00,363 [pool-27-thread-1] INFO  server.RaftServerConfigKeys (ConfUtils.java:logGet(43)) - raft.server.rpcslowness.timeout = 120s (custom)
2019-09-27 10:08:00,364 [pool-27-thread-1] INFO  server.RaftServerConfigKeys (ConfUtils.java:logGet(43)) - raft.server.sleep.deviation.threshold = 300 (default)
2019-09-27 10:08:00,364 [pool-27-thread-1] INFO  server.RaftServerConfigKeys (ConfUtils.java:logGet(43)) - raft.server.log.appender.install.snapshot.enabled = false (custom)
2019-09-27 10:08:00,364 [pool-27-thread-1] INFO  impl.RaftServerImpl (ServerState.java:<init>(103)) - 8b41b560-2f66-41da-8bcf-7a114e13a3cd@group-16F964CF3DB9: ConfigurationManager, init=-1: [48e846be-65ac-46a0-adaf-cb2d27a9ede7:192.168.164.207:45638, 8b41b560-2f66-41da-8bcf-7a114e13a3cd:192.168.164.207:42021, f91defaf-508c-4a2c-8b09-b8173efbe788:192.168.164.207:32847], old=null, confs=<EMPTY_MAP>
2019-09-27 10:08:00,364 [pool-27-thread-1] INFO  server.RaftServerConfigKeys (ConfUtils.java:logGet(43)) - raft.server.storage.dir = [/workdir/hadoop-ozone/tools/target/test-dir/MiniOzoneClusterImpl-ab03b5f4-ba7d-41ab-a40f-aec5b371f622/datanode-0/data/ratis] (custom)
2019-09-27 10:08:00,364 [pool-27-thread-1] INFO  storage.RaftStorageDirectory (RaftStorageDirectory.java:analyzeStorage(246)) - The storage directory /workdir/hadoop-ozone/tools/target/test-dir/MiniOzoneClusterImpl-ab03b5f4-ba7d-41ab-a40f-aec5b371f622/datanode-0/data/ratis/eec51411-8321-4b16-8a88-16f964cf3db9 does not exist. Creating ...
2019-09-27 10:08:00,371 [EventQueue-CreatePipelineStatusForSCMPipelineManager] INFO  pipeline.SCMPipelineManager (SCMPipelineManager.java:onMessage(505)) - receive pipeline PipelineID=eec51411-8321-4b16-8a88-16f964cf3db9 create status EXECUTED
2019-09-27 10:08:00,372 [EventQueue-CreatePipelineStatusForSCMPipelineManager] INFO  pipeline.PipelineStateManager (PipelineStateManager.java:openPipeline(134)) - Pipeline Pipeline[ Id: eec51411-8321-4b16-8a88-16f964cf3db9, Nodes: 48e846be-65ac-46a0-adaf-cb2d27a9ede7{ip: 192.168.164.207, host: pr-hdds2034-jk2kc-152962534, networkLocation: /default-rack, certSerialId: null}8b41b560-2f66-41da-8bcf-7a114e13a3cd{ip: 192.168.164.207, host: pr-hdds2034-jk2kc-152962534, networkLocation: /default-rack, certSerialId: null}f91defaf-508c-4a2c-8b09-b8173efbe788{ip: 192.168.164.207, host: pr-hdds2034-jk2kc-152962534, networkLocation: /default-rack, certSerialId: null}, Type:RATIS, Factor:THREE, State:ALLOCATED] moved to OPEN state
add pipeline PipelineID=eec51411-8321-4b16-8a88-16f964cf3db9 to metrics map
2019-09-27 10:08:00,376 [pool-27-thread-1] INFO  storage.RaftStorageDirectory (RaftStorageDirectory.java:tryLock(328)) - Lock on /workdir/hadoop-ozone/tools/target/test-dir/MiniOzoneClusterImpl-ab03b5f4-ba7d-41ab-a40f-aec5b371f622/datanode-0/data/ratis/eec51411-8321-4b16-8a88-16f964cf3db9/in_use.lock acquired by nodename 22879@pr-hdds2034-jk2kc-152962534
2019-09-27 10:08:00,376 [pool-47-thread-1] INFO  storage.RaftStorageDirectory (RaftStorageDirectory.java:tryLock(328)) - Lock on /workdir/hadoop-ozone/tools/target/test-dir/MiniOzoneClusterImpl-ab03b5f4-ba7d-41ab-a40f-aec5b371f622/datanode-2/data/ratis/eec51411-8321-4b16-8a88-16f964cf3db9/in_use.lock acquired by nodename 22879@pr-hdds2034-jk2kc-152962534
2019-09-27 10:08:00,390 [pool-47-thread-1] INFO  storage.RaftStorage (RaftStorage.java:format(72)) - Storage directory /workdir/hadoop-ozone/tools/target/test-dir/MiniOzoneClusterImpl-ab03b5f4-ba7d-41ab-a40f-aec5b371f622/datanode-2/data/ratis/eec51411-8321-4b16-8a88-16f964cf3db9 has been successfully formatted.
2019-09-27 10:08:00,390 [pool-27-thread-1] INFO  storage.RaftStorage (RaftStorage.java:format(72)) - Storage directory /workdir/hadoop-ozone/tools/target/test-dir/MiniOzoneClusterImpl-ab03b5f4-ba7d-41ab-a40f-aec5b371f622/datanode-0/data/ratis/eec51411-8321-4b16-8a88-16f964cf3db9 has been successfully formatted.
2019-09-27 10:08:00,390 [pool-47-thread-1] INFO  ratis.ContainerStateMachine (ContainerStateMachine.java:loadSnapshot(230)) - group-16F964CF3DB9: The snapshot info is null. Setting the last applied indexto:(t:0, i:~)
2019-09-27 10:08:00,390 [pool-27-thread-1] INFO  ratis.ContainerStateMachine (ContainerStateMachine.java:loadSnapshot(230)) - group-16F964CF3DB9: The snapshot info is null. Setting the last applied indexto:(t:0, i:~)
2019-09-27 10:08:00,390 [pool-47-thread-1] INFO  server.RaftServerConfigKeys (ConfUtils.java:logGet(43)) - raft.server.notification.no-leader.timeout = 120s (custom)
2019-09-27 10:08:00,390 [pool-27-thread-1] INFO  server.RaftServerConfigKeys (ConfUtils.java:logGet(43)) - raft.server.notification.no-leader.timeout = 120s (custom)
2019-09-27 10:08:00,390 [pool-47-thread-1] INFO  server.RaftServerConfigKeys (ConfUtils.java:logGet(43)) - raft.server.log.use.memory = false (default)
2019-09-27 10:08:00,390 [pool-27-thread-1] INFO  server.RaftServerConfigKeys (ConfUtils.java:logGet(43)) - raft.server.log.use.memory = false (default)
2019-09-27 10:08:00,391 [pool-47-thread-1] INFO  server.RaftServerConfigKeys (ConfUtils.java:logGet(43)) - raft.server.log.purge.gap = 1000000 (custom)
2019-09-27 10:08:00,391 [pool-27-thread-1] INFO  server.RaftServerConfigKeys (ConfUtils.java:logGet(43)) - raft.server.log.purge.gap = 1000000 (custom)
2019-09-27 10:08:00,391 [pool-47-thread-1] INFO  server.RaftServerConfigKeys (ConfUtils.java:logGet(43)) - raft.server.log.appender.buffer.byte-limit = 33554432 (custom)
2019-09-27 10:08:00,391 [pool-27-thread-1] INFO  server.RaftServerConfigKeys (ConfUtils.java:logGet(43)) - raft.server.log.appender.buffer.byte-limit = 33554432 (custom)
2019-09-27 10:08:00,391 [pool-47-thread-1] INFO  server.RaftServerConfigKeys (ConfUtils.java:logGet(43)) - raft.server.log.segment.size.max = 1048576 (custom)
2019-09-27 10:08:00,391 [pool-27-thread-1] INFO  server.RaftServerConfigKeys (ConfUtils.java:logGet(43)) - raft.server.log.segment.size.max = 1048576 (custom)
2019-09-27 10:08:00,391 [pool-47-thread-1] INFO  server.RaftServerConfigKeys (ConfUtils.java:logGet(43)) - raft.server.log.segment.cache.num.max = 2 (custom)
2019-09-27 10:08:00,391 [pool-27-thread-1] INFO  server.RaftServerConfigKeys (ConfUtils.java:logGet(43)) - raft.server.log.segment.cache.num.max = 2 (custom)
2019-09-27 10:08:00,391 [pool-47-thread-1] INFO  segmented.SegmentedRaftLogWorker (SegmentedRaftLogWorker.java:<init>(172)) - new f91defaf-508c-4a2c-8b09-b8173efbe788@group-16F964CF3DB9-SegmentedRaftLogWorker for RaftStorage:Storage Directory /workdir/hadoop-ozone/tools/target/test-dir/MiniOzoneClusterImpl-ab03b5f4-ba7d-41ab-a40f-aec5b371f622/datanode-2/data/ratis/eec51411-8321-4b16-8a88-16f964cf3db9
2019-09-27 10:08:00,392 [pool-27-thread-1] INFO  segmented.SegmentedRaftLogWorker (SegmentedRaftLogWorker.java:<init>(172)) - new 8b41b560-2f66-41da-8bcf-7a114e13a3cd@group-16F964CF3DB9-SegmentedRaftLogWorker for RaftStorage:Storage Directory /workdir/hadoop-ozone/tools/target/test-dir/MiniOzoneClusterImpl-ab03b5f4-ba7d-41ab-a40f-aec5b371f622/datanode-0/data/ratis/eec51411-8321-4b16-8a88-16f964cf3db9
2019-09-27 10:08:00,392 [pool-47-thread-1] INFO  server.RaftServerConfigKeys (ConfUtils.java:logGet(43)) - raft.server.log.queue.byte-limit = 2147483647 (custom)
2019-09-27 10:08:00,392 [pool-27-thread-1] INFO  server.RaftServerConfigKeys (ConfUtils.java:logGet(43)) - raft.server.log.queue.byte-limit = 2147483647 (custom)
2019-09-27 10:08:00,392 [pool-47-thread-1] INFO  server.RaftServerConfigKeys (ConfUtils.java:logGet(43)) - raft.server.log.queue.element-limit = 1024 (custom)
2019-09-27 10:08:00,392 [pool-27-thread-1] INFO  server.RaftServerConfigKeys (ConfUtils.java:logGet(43)) - raft.server.log.queue.element-limit = 1024 (custom)
2019-09-27 10:08:00,392 [pool-47-thread-1] INFO  server.RaftServerConfigKeys (ConfUtils.java:logGet(43)) - raft.server.log.segment.size.max = 1048576 (custom)
2019-09-27 10:08:00,392 [pool-27-thread-1] INFO  server.RaftServerConfigKeys (ConfUtils.java:logGet(43)) - raft.server.log.segment.size.max = 1048576 (custom)
2019-09-27 10:08:00,392 [pool-47-thread-1] INFO  server.RaftServerConfigKeys (ConfUtils.java:logGet(43)) - raft.server.log.preallocated.size = 16384 (custom)
2019-09-27 10:08:00,392 [pool-27-thread-1] INFO  server.RaftServerConfigKeys (ConfUtils.java:logGet(43)) - raft.server.log.preallocated.size = 16384 (custom)
2019-09-27 10:08:00,392 [pool-47-thread-1] INFO  server.RaftServerConfigKeys (ConfUtils.java:logGet(43)) - raft.server.log.write.buffer.size = 33554432 (custom)
2019-09-27 10:08:00,393 [pool-27-thread-1] INFO  server.RaftServerConfigKeys (ConfUtils.java:logGet(43)) - raft.server.log.write.buffer.size = 33554432 (custom)
2019-09-27 10:08:00,393 [pool-47-thread-1] INFO  server.RaftServerConfigKeys (ConfUtils.java:logGet(43)) - raft.server.log.force.sync.num = 128 (default)
2019-09-27 10:08:00,393 [pool-27-thread-1] INFO  server.RaftServerConfigKeys (ConfUtils.java:logGet(43)) - raft.server.log.force.sync.num = 128 (default)
2019-09-27 10:08:00,393 [pool-47-thread-1] INFO  server.RaftServerConfigKeys (ConfUtils.java:logGet(43)) - raft.server.log.statemachine.data.sync = true (default)
2019-09-27 10:08:00,393 [pool-27-thread-1] INFO  server.RaftServerConfigKeys (ConfUtils.java:logGet(43)) - raft.server.log.statemachine.data.sync = true (default)
2019-09-27 10:08:00,393 [pool-47-thread-1] INFO  server.RaftServerConfigKeys (ConfUtils.java:logGet(43)) - raft.server.log.statemachine.data.sync.timeout = 10s (default)
2019-09-27 10:08:00,393 [pool-47-thread-1] INFO  server.RaftServerConfigKeys (ConfUtils.java:logGet(43)) - raft.server.log.statemachine.data.sync.timeout.retry = -1 (default)
2019-09-27 10:08:00,393 [pool-27-thread-1] INFO  server.RaftServerConfigKeys (ConfUtils.java:logGet(43)) - raft.server.log.statemachine.data.sync.timeout = 10s (default)
2019-09-27 10:08:00,394 [pool-47-thread-1] INFO  server.RaftServerConfigKeys (ConfUtils.java:logGet(43)) - raft.server.log.statemachine.data.caching.enabled = true (custom)
2019-09-27 10:08:00,394 [pool-27-thread-1] INFO  server.RaftServerConfigKeys (ConfUtils.java:logGet(43)) - raft.server.log.statemachine.data.sync.timeout.retry = -1 (default)
2019-09-27 10:08:00,394 [pool-47-thread-1] INFO  segmented.SegmentedRaftLogWorker (SegmentedRaftLogWorker.java:lambda$new$0(132)) - f91defaf-508c-4a2c-8b09-b8173efbe788@group-16F964CF3DB9-SegmentedRaftLogWorker: flushIndex: setUnconditionally 0 -> -1
2019-09-27 10:08:00,394 [pool-27-thread-1] INFO  server.RaftServerConfigKeys (ConfUtils.java:logGet(43)) - raft.server.log.statemachine.data.caching.enabled = true (custom)
2019-09-27 10:08:00,394 [pool-47-thread-1] INFO  server.RaftServerConfigKeys (ConfUtils.java:logGet(43)) - raft.server.snapshot.auto.trigger.enabled = true (custom)
2019-09-27 10:08:00,394 [pool-27-thread-1] INFO  segmented.SegmentedRaftLogWorker (SegmentedRaftLogWorker.java:lambda$new$0(132)) - 8b41b560-2f66-41da-8bcf-7a114e13a3cd@group-16F964CF3DB9-SegmentedRaftLogWorker: flushIndex: setUnconditionally 0 -> -1
2019-09-27 10:08:00,394 [pool-47-thread-1] INFO  server.RaftServerConfigKeys (ConfUtils.java:logGet(43)) - raft.server.snapshot.auto.trigger.threshold = 10000 (custom)
2019-09-27 10:08:00,395 [pool-47-thread-1] INFO  server.RaftServerConfigKeys (ConfUtils.java:logGet(43)) - raft.server.snapshot.retention.num.files = 5 (custom)
2019-09-27 10:08:00,395 [pool-27-thread-1] INFO  server.RaftServerConfigKeys (ConfUtils.java:logGet(43)) - raft.server.snapshot.auto.trigger.enabled = true (custom)
2019-09-27 10:08:00,395 [pool-47-thread-1] INFO  server.RaftServerConfigKeys (ConfUtils.java:logGet(43)) - raft.server.retrycache.expirytime = 600000ms (custom)
2019-09-27 10:08:00,395 [pool-27-thread-1] INFO  server.RaftServerConfigKeys (ConfUtils.java:logGet(43)) - raft.server.snapshot.auto.trigger.threshold = 10000 (custom)
2019-09-27 10:08:00,395 [pool-27-thread-1] INFO  server.RaftServerConfigKeys (ConfUtils.java:logGet(43)) - raft.server.snapshot.retention.num.files = 5 (custom)
2019-09-27 10:08:00,395 [pool-27-thread-1] INFO  server.RaftServerConfigKeys (ConfUtils.java:logGet(43)) - raft.server.retrycache.expirytime = 600000ms (custom)
2019-09-27 10:08:00,397 [pool-47-thread-1] INFO  impl.RaftServerImpl (RaftServerImpl.java:start(185)) - f91defaf-508c-4a2c-8b09-b8173efbe788@group-16F964CF3DB9: start as a follower, conf=-1: [48e846be-65ac-46a0-adaf-cb2d27a9ede7:192.168.164.207:45638, 8b41b560-2f66-41da-8bcf-7a114e13a3cd:192.168.164.207:42021, f91defaf-508c-4a2c-8b09-b8173efbe788:192.168.164.207:32847], old=null
2019-09-27 10:08:00,397 [pool-47-thread-1] INFO  impl.RaftServerImpl (RaftServerImpl.java:setRole(174)) - f91defaf-508c-4a2c-8b09-b8173efbe788@group-16F964CF3DB9: changes role from      null to FOLLOWER at term 0 for startAsFollower
2019-09-27 10:08:00,397 [pool-47-thread-1] INFO  impl.RoleInfo (RoleInfo.java:updateAndGet(143)) - f91defaf-508c-4a2c-8b09-b8173efbe788: start FollowerState
2019-09-27 10:08:00,398 [pool-27-thread-1] INFO  impl.RaftServerImpl (RaftServerImpl.java:start(185)) - 8b41b560-2f66-41da-8bcf-7a114e13a3cd@group-16F964CF3DB9: start as a follower, conf=-1: [48e846be-65ac-46a0-adaf-cb2d27a9ede7:192.168.164.207:45638, 8b41b560-2f66-41da-8bcf-7a114e13a3cd:192.168.164.207:42021, f91defaf-508c-4a2c-8b09-b8173efbe788:192.168.164.207:32847], old=null
2019-09-27 10:08:00,398 [pool-27-thread-1] INFO  impl.RaftServerImpl (RaftServerImpl.java:setRole(174)) - 8b41b560-2f66-41da-8bcf-7a114e13a3cd@group-16F964CF3DB9: changes role from      null to FOLLOWER at term 0 for startAsFollower
2019-09-27 10:08:00,398 [pool-47-thread-1] INFO  util.JmxRegister (JmxRegister.java:tryRegister(44)) - Successfully registered JMX Bean with object name Ratis:service=RaftServer,group=group-16F964CF3DB9,id=f91defaf-508c-4a2c-8b09-b8173efbe788
2019-09-27 10:08:00,398 [pool-27-thread-1] INFO  impl.RoleInfo (RoleInfo.java:updateAndGet(143)) - 8b41b560-2f66-41da-8bcf-7a114e13a3cd: start FollowerState
2019-09-27 10:08:00,398 [pool-27-thread-1] INFO  util.JmxRegister (JmxRegister.java:tryRegister(44)) - Successfully registered JMX Bean with object name Ratis:service=RaftServer,group=group-16F964CF3DB9,id=8b41b560-2f66-41da-8bcf-7a114e13a3cd
2019-09-27 10:08:00,401 [Command processor thread] INFO  commandhandler.CreatePipelineCommandHandler (CreatePipelineCommandHandler.java:handle(116)) - Create Pipeline RATIS THREE #PipelineID=eec51411-8321-4b16-8a88-16f964cf3db9 command succeed on datanode f91defaf-508c-4a2c-8b09-b8173efbe788.
2019-09-27 10:08:00,402 [Command processor thread] INFO  commandhandler.CreatePipelineCommandHandler (CreatePipelineCommandHandler.java:handle(116)) - Create Pipeline RATIS THREE #PipelineID=eec51411-8321-4b16-8a88-16f964cf3db9 command succeed on datanode 8b41b560-2f66-41da-8bcf-7a114e13a3cd.
 0.00% |█                                                                                                    |  0/1 Time: 0:00:032019-09-27 10:08:01,347 [EventQueue-CreatePipelineStatusForSCMPipelineManager] INFO  pipeline.SCMPipelineManager (SCMPipelineManager.java:onMessage(505)) - receive pipeline PipelineID=eec51411-8321-4b16-8a88-16f964cf3db9 create status EXECUTED
2019-09-27 10:08:01,348 [EventQueue-CreatePipelineStatusForSCMPipelineManager] INFO  pipeline.SCMPipelineManager (SCMPipelineManager.java:onMessage(505)) - receive pipeline PipelineID=eec51411-8321-4b16-8a88-16f964cf3db9 create status EXECUTED
add pipeline PipelineID=eec51411-8321-4b16-8a88-16f964cf3db9 to metrics map
 0.00% |█                                                                                                    |  0/1 Time: 0:00:04 100.00% |█████████████████████████████████████████████████████████████████████████████████████████████████████|  1/1 Time: 0:00:05
2019-09-27 10:08:04,530 [Thread-476] INFO  impl.FollowerState (FollowerState.java:run(106)) - 48e846be-65ac-46a0-adaf-cb2d27a9ede7:group-16F964CF3DB9 changes to CANDIDATE, lastRpcTime:5109, electionTimeout:5109ms
2019-09-27 10:08:04,530 [Thread-476] INFO  impl.RoleInfo (RoleInfo.java:shutdownFollowerState(121)) - 48e846be-65ac-46a0-adaf-cb2d27a9ede7: shutdown FollowerState
2019-09-27 10:08:04,530 [Thread-476] INFO  impl.RaftServerImpl (RaftServerImpl.java:setRole(174)) - 48e846be-65ac-46a0-adaf-cb2d27a9ede7@group-16F964CF3DB9: changes role from  FOLLOWER to CANDIDATE at term 0 for changeToCandidate
2019-09-27 10:08:04,531 [Thread-476] INFO  impl.RoleInfo (RoleInfo.java:updateAndGet(143)) - 48e846be-65ac-46a0-adaf-cb2d27a9ede7: start LeaderElection
2019-09-27 10:08:05,422 [Thread-483] INFO  impl.FollowerState (FollowerState.java:run(106)) - f91defaf-508c-4a2c-8b09-b8173efbe788:group-16F964CF3DB9 changes to CANDIDATE, lastRpcTime:5024, electionTimeout:5024ms
2019-09-27 10:08:05,423 [Thread-483] INFO  impl.RoleInfo (RoleInfo.java:shutdownFollowerState(121)) - f91defaf-508c-4a2c-8b09-b8173efbe788: shutdown FollowerState
2019-09-27 10:08:05,423 [Thread-483] INFO  impl.RaftServerImpl (RaftServerImpl.java:setRole(174)) - f91defaf-508c-4a2c-8b09-b8173efbe788@group-16F964CF3DB9: changes role from  FOLLOWER to CANDIDATE at term 0 for changeToCandidate
2019-09-27 10:08:05,423 [Thread-483] INFO  impl.RoleInfo (RoleInfo.java:updateAndGet(143)) - f91defaf-508c-4a2c-8b09-b8173efbe788: start LeaderElection
2019-09-27 10:08:05,497 [Thread-484] INFO  impl.FollowerState (FollowerState.java:run(106)) - 8b41b560-2f66-41da-8bcf-7a114e13a3cd:group-16F964CF3DB9 changes to CANDIDATE, lastRpcTime:5098, electionTimeout:5098ms
2019-09-27 10:08:05,497 [Thread-484] INFO  impl.RoleInfo (RoleInfo.java:shutdownFollowerState(121)) - 8b41b560-2f66-41da-8bcf-7a114e13a3cd: shutdown FollowerState
2019-09-27 10:08:05,497 [Thread-484] INFO  impl.RaftServerImpl (RaftServerImpl.java:setRole(174)) - 8b41b560-2f66-41da-8bcf-7a114e13a3cd@group-16F964CF3DB9: changes role from  FOLLOWER to CANDIDATE at term 0 for changeToCandidate
2019-09-27 10:08:05,497 [Thread-484] INFO  impl.RoleInfo (RoleInfo.java:updateAndGet(143)) - 8b41b560-2f66-41da-8bcf-7a114e13a3cd: start LeaderElection
]]></system-out>
    <system-err><![CDATA[ERROR StatusLogger No Log4j 2 configuration file found. Using default configuration (logging only errors to the console), or user programmatically provided configurations. Set system property 'log4j2.debug' to show Log4j 2 internal initialization logging. See https://logging.apache.org/log4j/2.x/manual/configuration.html for instructions on how to configure Log4j 2
]]></system-err>
  </testcase>
</testsuite>