<?xml version="1.0" encoding="UTF-8"?>
<testsuite xmlns:xsi="http://www.w3.org/2001/XMLSchema-instance" xsi:noNamespaceSchemaLocation="https://maven.apache.org/surefire/maven-surefire-plugin/xsd/surefire-test-report.xsd" name="org.apache.hadoop.ozone.client.rpc.TestOzoneClientRetriesOnException" time="177.597" tests="2" errors="1" skipped="0" failures="0">
  <properties>
    <property name="awt.toolkit" value="sun.awt.X11.XToolkit"/>
    <property name="file.encoding.pkg" value="sun.io"/>
    <property name="java.specification.version" value="1.8"/>
    <property name="sun.cpu.isalist" value=""/>
    <property name="sun.jnu.encoding" value="UTF-8"/>
    <property name="java.class.path" value="/workdir/hadoop-ozone/integration-test/target/test-classes:/workdir/hadoop-ozone/integration-test/target/classes:/home/user/.m2/repository/org/apache/hadoop/hadoop-ozone-common/0.5.0-SNAPSHOT/hadoop-ozone-common-0.5.0-SNAPSHOT.jar:/home/user/.m2/repository/org/apache/commons/commons-compress/1.4.1/commons-compress-1.4.1.jar:/home/user/.m2/repository/org/tukaani/xz/1.0/xz-1.0.jar:/home/user/.m2/repository/org/apache/hadoop/hadoop-common/3.2.0/hadoop-common-3.2.0.jar:/home/user/.m2/repository/org/apache/hadoop/hadoop-hdfs/3.2.0/hadoop-hdfs-3.2.0.jar:/home/user/.m2/repository/org/apache/hadoop/hadoop-hdfs-client/3.2.0/hadoop-hdfs-client-3.2.0.jar:/home/user/.m2/repository/com/fasterxml/jackson/core/jackson-annotations/2.9.9/jackson-annotations-2.9.9.jar:/home/user/.m2/repository/org/apache/hadoop/hadoop-hdds-common/0.5.0-SNAPSHOT/hadoop-hdds-common-0.5.0-SNAPSHOT.jar:/home/user/.m2/repository/javax/annotation/javax.annotation-api/1.2/javax.annotation-api-1.2.jar:/home/user/.m2/repository/org/apache/ratis/ratis-server/0.5.0-201fc85-SNAPSHOT/ratis-server-0.5.0-201fc85-SNAPSHOT.jar:/home/user/.m2/repository/org/apache/ratis/ratis-thirdparty-misc/0.2.0/ratis-thirdparty-misc-0.2.0.jar:/home/user/.m2/repository/org/apache/ratis/ratis-proto/0.5.0-201fc85-SNAPSHOT/ratis-proto-0.5.0-201fc85-SNAPSHOT.jar:/home/user/.m2/repository/org/apache/ratis/ratis-common/0.5.0-201fc85-SNAPSHOT/ratis-common-0.5.0-201fc85-SNAPSHOT.jar:/home/user/.m2/repository/org/apache/ratis/ratis-client/0.5.0-201fc85-SNAPSHOT/ratis-client-0.5.0-201fc85-SNAPSHOT.jar:/home/user/.m2/repository/org/apache/ratis/ratis-metrics/0.5.0-201fc85-SNAPSHOT/ratis-metrics-0.5.0-201fc85-SNAPSHOT.jar:/home/user/.m2/repository/com/github/joshelser/dropwizard-metrics-hadoop-metrics2-reporter/0.1.2/dropwizard-metrics-hadoop-metrics2-reporter-0.1.2.jar:/home/user/.m2/repository/io/dropwizard/metrics/metrics-jvm/3.2.5/metrics-jvm-3.2.5.jar:/home/user/.m2/repository/io/dropwizard/metrics/metrics-ganglia/3.2.5/metrics-ganglia-3.2.5.jar:/home/user/.m2/repository/info/ganglia/gmetric4j/gmetric4j/1.0.7/gmetric4j-1.0.7.jar:/home/user/.m2/repository/org/apache/ratis/ratis-netty/0.5.0-201fc85-SNAPSHOT/ratis-netty-0.5.0-201fc85-SNAPSHOT.jar:/home/user/.m2/repository/org/apache/ratis/ratis-grpc/0.5.0-201fc85-SNAPSHOT/ratis-grpc-0.5.0-201fc85-SNAPSHOT.jar:/home/user/.m2/repository/org/rocksdb/rocksdbjni/6.0.1/rocksdbjni-6.0.1.jar:/home/user/.m2/repository/org/apache/logging/log4j/log4j-api/2.11.0/log4j-api-2.11.0.jar:/home/user/.m2/repository/org/apache/logging/log4j/log4j-core/2.11.0/log4j-core-2.11.0.jar:/home/user/.m2/repository/com/lmax/disruptor/3.4.2/disruptor-3.4.2.jar:/home/user/.m2/repository/org/apache/commons/commons-pool2/2.6.0/commons-pool2-2.6.0.jar:/home/user/.m2/repository/org/bouncycastle/bcpkix-jdk15on/1.60/bcpkix-jdk15on-1.60.jar:/home/user/.m2/repository/commons-validator/commons-validator/1.6/commons-validator-1.6.jar:/home/user/.m2/repository/commons-digester/commons-digester/1.8.1/commons-digester-1.8.1.jar:/home/user/.m2/repository/io/jaegertracing/jaeger-client/0.34.0/jaeger-client-0.34.0.jar:/home/user/.m2/repository/io/jaegertracing/jaeger-thrift/0.34.0/jaeger-thrift-0.34.0.jar:/home/user/.m2/repository/org/apache/thrift/libthrift/0.12.0/libthrift-0.12.0.jar:/home/user/.m2/repository/com/squareup/okhttp3/okhttp/3.9.0/okhttp-3.9.0.jar:/home/user/.m2/repository/com/squareup/okio/okio/1.13.0/okio-1.13.0.jar:/home/user/.m2/repository/io/jaegertracing/jaeger-core/0.34.0/jaeger-core-0.34.0.jar:/home/user/.m2/repository/io/jaegertracing/jaeger-tracerresolver/0.34.0/jaeger-tracerresolver-0.34.0.jar:/home/user/.m2/repository/io/opentracing/contrib/opentracing-tracerresolver/0.1.5/opentracing-tracerresolver-0.1.5.jar:/home/user/.m2/repository/io/opentracing/opentracing-util/0.31.0/opentracing-util-0.31.0.jar:/home/user/.m2/repository/io/opentracing/opentracing-api/0.31.0/opentracing-api-0.31.0.jar:/home/user/.m2/repository/io/opentracing/opentracing-noop/0.31.0/opentracing-noop-0.31.0.jar:/home/user/.m2/repository/org/apache/hadoop/hadoop-hdds-server-framework/0.5.0-SNAPSHOT/hadoop-hdds-server-framework-0.5.0-SNAPSHOT.jar:/home/user/.m2/repository/org/apache/hadoop/hadoop-hdds-container-service/0.5.0-SNAPSHOT/hadoop-hdds-container-service-0.5.0-SNAPSHOT.jar:/home/user/.m2/repository/org/apache/hadoop/hadoop-hdds-client/0.5.0-SNAPSHOT/hadoop-hdds-client-0.5.0-SNAPSHOT.jar:/home/user/.m2/repository/org/apache/hadoop/hadoop-hdds-tools/0.5.0-SNAPSHOT/hadoop-hdds-tools-0.5.0-SNAPSHOT.jar:/home/user/.m2/repository/org/apache/hadoop/hadoop-hdds-server-scm/0.5.0-SNAPSHOT/hadoop-hdds-server-scm-0.5.0-SNAPSHOT.jar:/home/user/.m2/repository/org/apache/hadoop/hadoop-hdds-docs/0.5.0-SNAPSHOT/hadoop-hdds-docs-0.5.0-SNAPSHOT.jar:/home/user/.m2/repository/io/dropwizard/metrics/metrics-core/3.2.4/metrics-core-3.2.4.jar:/home/user/.m2/repository/org/hamcrest/hamcrest-all/1.3/hamcrest-all-1.3.jar:/home/user/.m2/repository/org/bouncycastle/bcprov-jdk15on/1.60/bcprov-jdk15on-1.60.jar:/home/user/.m2/repository/info/picocli/picocli/3.9.6/picocli-3.9.6.jar:/home/user/.m2/repository/com/google/protobuf/protobuf-java/2.5.0/protobuf-java-2.5.0.jar:/home/user/.m2/repository/com/google/guava/guava/11.0.2/guava-11.0.2.jar:/home/user/.m2/repository/org/apache/hadoop/hadoop-ozone-ozone-manager/0.5.0-SNAPSHOT/hadoop-ozone-ozone-manager-0.5.0-SNAPSHOT.jar:/home/user/.m2/repository/org/apache/hadoop/hadoop-minikdc/3.2.0/hadoop-minikdc-3.2.0.jar:/home/user/.m2/repository/commons-io/commons-io/2.5/commons-io-2.5.jar:/home/user/.m2/repository/org/apache/kerby/kerb-simplekdc/1.0.1/kerb-simplekdc-1.0.1.jar:/home/user/.m2/repository/org/apache/kerby/kerb-client/1.0.1/kerb-client-1.0.1.jar:/home/user/.m2/repository/org/apache/kerby/kerby-config/1.0.1/kerby-config-1.0.1.jar:/home/user/.m2/repository/org/apache/kerby/kerb-core/1.0.1/kerb-core-1.0.1.jar:/home/user/.m2/repository/org/apache/kerby/kerby-pkix/1.0.1/kerby-pkix-1.0.1.jar:/home/user/.m2/repository/org/apache/kerby/kerby-asn1/1.0.1/kerby-asn1-1.0.1.jar:/home/user/.m2/repository/org/apache/kerby/kerby-util/1.0.1/kerby-util-1.0.1.jar:/home/user/.m2/repository/org/apache/kerby/kerb-common/1.0.1/kerb-common-1.0.1.jar:/home/user/.m2/repository/org/apache/kerby/kerb-crypto/1.0.1/kerb-crypto-1.0.1.jar:/home/user/.m2/repository/org/apache/kerby/kerb-util/1.0.1/kerb-util-1.0.1.jar:/home/user/.m2/repository/org/apache/kerby/token-provider/1.0.1/token-provider-1.0.1.jar:/home/user/.m2/repository/org/apache/kerby/kerb-admin/1.0.1/kerb-admin-1.0.1.jar:/home/user/.m2/repository/org/apache/kerby/kerb-server/1.0.1/kerb-server-1.0.1.jar:/home/user/.m2/repository/org/apache/kerby/kerb-identity/1.0.1/kerb-identity-1.0.1.jar:/home/user/.m2/repository/org/apache/kerby/kerby-xdr/1.0.1/kerby-xdr-1.0.1.jar:/home/user/.m2/repository/org/slf4j/slf4j-log4j12/1.7.25/slf4j-log4j12-1.7.25.jar:/home/user/.m2/repository/org/apache/hadoop/hadoop-ozone-s3gateway/0.5.0-SNAPSHOT/hadoop-ozone-s3gateway-0.5.0-SNAPSHOT.jar:/home/user/.m2/repository/org/jboss/weld/servlet/weld-servlet/2.4.7.Final/weld-servlet-2.4.7.Final.jar:/home/user/.m2/repository/org/glassfish/jersey/containers/jersey-container-servlet-core/2.27/jersey-container-servlet-core-2.27.jar:/home/user/.m2/repository/org/glassfish/hk2/external/javax.inject/2.5.0-b42/javax.inject-2.5.0-b42.jar:/home/user/.m2/repository/org/glassfish/jersey/core/jersey-common/2.27/jersey-common-2.27.jar:/home/user/.m2/repository/org/glassfish/hk2/osgi-resource-locator/1.0.1/osgi-resource-locator-1.0.1.jar:/home/user/.m2/repository/javax/ws/rs/javax.ws.rs-api/2.1/javax.ws.rs-api-2.1.jar:/home/user/.m2/repository/org/glassfish/jersey/ext/cdi/jersey-cdi1x/2.27/jersey-cdi1x-2.27.jar:/home/user/.m2/repository/org/glassfish/jersey/inject/jersey-hk2/2.27/jersey-hk2-2.27.jar:/home/user/.m2/repository/org/glassfish/hk2/hk2-locator/2.5.0-b42/hk2-locator-2.5.0-b42.jar:/home/user/.m2/repository/org/javassist/javassist/3.22.0-CR2/javassist-3.22.0-CR2.jar:/home/user/.m2/repository/org/glassfish/hk2/hk2-api/2.5.0/hk2-api-2.5.0.jar:/home/user/.m2/repository/org/glassfish/hk2/external/jakarta.inject/2.5.0/jakarta.inject-2.5.0.jar:/home/user/.m2/repository/org/glassfish/hk2/hk2-utils/2.5.0/hk2-utils-2.5.0.jar:/home/user/.m2/repository/jakarta/annotation/jakarta.annotation-api/1.3.4/jakarta.annotation-api-1.3.4.jar:/home/user/.m2/repository/org/glassfish/hk2/external/aopalliance-repackaged/2.5.0/aopalliance-repackaged-2.5.0.jar:/home/user/.m2/repository/com/fasterxml/jackson/dataformat/jackson-dataformat-xml/2.9.0/jackson-dataformat-xml-2.9.0.jar:/home/user/.m2/repository/com/fasterxml/jackson/core/jackson-core/2.9.9/jackson-core-2.9.9.jar:/home/user/.m2/repository/com/fasterxml/jackson/module/jackson-module-jaxb-annotations/2.9.9/jackson-module-jaxb-annotations-2.9.9.jar:/home/user/.m2/repository/javax/enterprise/cdi-api/1.2/cdi-api-1.2.jar:/home/user/.m2/repository/javax/el/javax.el-api/3.0.0/javax.el-api-3.0.0.jar:/home/user/.m2/repository/javax/interceptor/javax.interceptor-api/1.2/javax.interceptor-api-1.2.jar:/home/user/.m2/repository/javax/inject/javax.inject/1/javax.inject-1.jar:/home/user/.m2/repository/com/sun/xml/bind/jaxb-impl/2.3.0.1/jaxb-impl-2.3.0.1.jar:/home/user/.m2/repository/com/sun/xml/bind/jaxb-core/2.3.0.1/jaxb-core-2.3.0.1.jar:/home/user/.m2/repository/javax/xml/bind/jaxb-api/2.3.0/jaxb-api-2.3.0.jar:/home/user/.m2/repository/javax/activation/activation/1.1.1/activation-1.1.1.jar:/home/user/.m2/repository/org/apache/hadoop/hadoop-ozone-csi/0.5.0-SNAPSHOT/hadoop-ozone-csi-0.5.0-SNAPSHOT.jar:/home/user/.m2/repository/com/google/protobuf/protobuf-java-util/3.5.1/protobuf-java-util-3.5.1.jar:/home/user/.m2/repository/org/apache/hadoop/hadoop-hdds-config/0.5.0-SNAPSHOT/hadoop-hdds-config-0.5.0-SNAPSHOT.jar:/home/user/.m2/repository/io/grpc/grpc-netty/1.17.1/grpc-netty-1.17.1.jar:/home/user/.m2/repository/io/grpc/grpc-core/1.17.1/grpc-core-1.17.1.jar:/home/user/.m2/repository/io/grpc/grpc-context/1.17.1/grpc-context-1.17.1.jar:/home/user/.m2/repository/com/google/errorprone/error_prone_annotations/2.2.0/error_prone_annotations-2.2.0.jar:/home/user/.m2/repository/org/codehaus/mojo/animal-sniffer-annotations/1.17/animal-sniffer-annotations-1.17.jar:/home/user/.m2/repository/io/opencensus/opencensus-api/0.17.0/opencensus-api-0.17.0.jar:/home/user/.m2/repository/io/opencensus/opencensus-contrib-grpc-metrics/0.17.0/opencensus-contrib-grpc-metrics-0.17.0.jar:/home/user/.m2/repository/io/netty/netty-codec-http2/4.1.30.Final/netty-codec-http2-4.1.30.Final.jar:/home/user/.m2/repository/io/netty/netty-codec-http/4.1.30.Final/netty-codec-http-4.1.30.Final.jar:/home/user/.m2/repository/io/netty/netty-codec/4.1.30.Final/netty-codec-4.1.30.Final.jar:/home/user/.m2/repository/io/netty/netty-handler/4.1.30.Final/netty-handler-4.1.30.Final.jar:/home/user/.m2/repository/io/netty/netty-handler-proxy/4.1.30.Final/netty-handler-proxy-4.1.30.Final.jar:/home/user/.m2/repository/io/netty/netty-codec-socks/4.1.30.Final/netty-codec-socks-4.1.30.Final.jar:/home/user/.m2/repository/io/netty/netty-transport-native-epoll/4.1.30.Final/netty-transport-native-epoll-4.1.30.Final.jar:/home/user/.m2/repository/io/netty/netty-common/4.1.30.Final/netty-common-4.1.30.Final.jar:/home/user/.m2/repository/io/netty/netty-buffer/4.1.30.Final/netty-buffer-4.1.30.Final.jar:/home/user/.m2/repository/io/netty/netty-transport/4.1.30.Final/netty-transport-4.1.30.Final.jar:/home/user/.m2/repository/io/netty/netty-resolver/4.1.30.Final/netty-resolver-4.1.30.Final.jar:/home/user/.m2/repository/io/netty/netty-transport-native-unix-common/4.1.30.Final/netty-transport-native-unix-common-4.1.30.Final.jar:/home/user/.m2/repository/io/grpc/grpc-protobuf/1.17.1/grpc-protobuf-1.17.1.jar:/home/user/.m2/repository/com/google/api/grpc/proto-google-common-protos/1.0.0/proto-google-common-protos-1.0.0.jar:/home/user/.m2/repository/io/grpc/grpc-protobuf-lite/1.17.1/grpc-protobuf-lite-1.17.1.jar:/home/user/.m2/repository/io/grpc/grpc-stub/1.17.1/grpc-stub-1.17.1.jar:/home/user/.m2/repository/org/apache/hadoop/hadoop-ozone-recon/0.5.0-SNAPSHOT/hadoop-ozone-recon-0.5.0-SNAPSHOT.jar:/home/user/.m2/repository/org/apache/hadoop/hadoop-ozone-reconcodegen/0.5.0-SNAPSHOT/hadoop-ozone-reconcodegen-0.5.0-SNAPSHOT.jar:/home/user/.m2/repository/com/google/inject/extensions/guice-multibindings/4.0/guice-multibindings-4.0.jar:/home/user/.m2/repository/com/google/inject/guice/4.0/guice-4.0.jar:/home/user/.m2/repository/aopalliance/aopalliance/1.0/aopalliance-1.0.jar:/home/user/.m2/repository/com/google/inject/extensions/guice-servlet/4.0/guice-servlet-4.0.jar:/home/user/.m2/repository/org/glassfish/jersey/containers/jersey-container-servlet/2.27/jersey-container-servlet-2.27.jar:/home/user/.m2/repository/org/glassfish/hk2/guice-bridge/2.5.0/guice-bridge-2.5.0.jar:/home/user/.m2/repository/org/glassfish/jersey/core/jersey-server/2.27/jersey-server-2.27.jar:/home/user/.m2/repository/org/glassfish/jersey/core/jersey-client/2.27/jersey-client-2.27.jar:/home/user/.m2/repository/org/glassfish/jersey/media/jersey-media-jaxb/2.27/jersey-media-jaxb-2.27.jar:/home/user/.m2/repository/javax/validation/validation-api/1.1.0.Final/validation-api-1.1.0.Final.jar:/home/user/.m2/repository/org/glassfish/jersey/media/jersey-media-json-jackson/2.27/jersey-media-json-jackson-2.27.jar:/home/user/.m2/repository/org/glassfish/jersey/ext/jersey-entity-filtering/2.27/jersey-entity-filtering-2.27.jar:/home/user/.m2/repository/com/google/inject/extensions/guice-assistedinject/4.0/guice-assistedinject-4.0.jar:/home/user/.m2/repository/org/jooq/jooq/3.11.10/jooq-3.11.10.jar:/home/user/.m2/repository/org/jooq/jooq-meta/3.11.10/jooq-meta-3.11.10.jar:/home/user/.m2/repository/org/jooq/jooq-codegen/3.11.10/jooq-codegen-3.11.10.jar:/home/user/.m2/repository/com/jolbox/bonecp/0.8.0.RELEASE/bonecp-0.8.0.RELEASE.jar:/home/user/.m2/repository/org/xerial/sqlite-jdbc/3.25.2/sqlite-jdbc-3.25.2.jar:/home/user/.m2/repository/org/springframework/spring-jdbc/5.1.3.RELEASE/spring-jdbc-5.1.3.RELEASE.jar:/home/user/.m2/repository/org/springframework/spring-beans/5.1.3.RELEASE/spring-beans-5.1.3.RELEASE.jar:/home/user/.m2/repository/org/springframework/spring-core/5.1.3.RELEASE/spring-core-5.1.3.RELEASE.jar:/home/user/.m2/repository/org/springframework/spring-jcl/5.1.3.RELEASE/spring-jcl-5.1.3.RELEASE.jar:/home/user/.m2/repository/org/springframework/spring-tx/5.1.3.RELEASE/spring-tx-5.1.3.RELEASE.jar:/home/user/.m2/repository/org/apache/hadoop/hadoop-ozone-client/0.5.0-SNAPSHOT/hadoop-ozone-client-0.5.0-SNAPSHOT.jar:/home/user/.m2/repository/commons-lang/commons-lang/2.6/commons-lang-2.6.jar:/home/user/.m2/repository/org/apache/hadoop/hadoop-ozone-ozone-manager/0.5.0-SNAPSHOT/hadoop-ozone-ozone-manager-0.5.0-SNAPSHOT-tests.jar:/home/user/.m2/repository/junit/junit/4.11/junit-4.11.jar:/home/user/.m2/repository/org/hamcrest/hamcrest-core/1.3/hamcrest-core-1.3.jar:/home/user/.m2/repository/org/openjdk/jmh/jmh-core/1.19/jmh-core-1.19.jar:/home/user/.m2/repository/net/sf/jopt-simple/jopt-simple/4.6/jopt-simple-4.6.jar:/home/user/.m2/repository/org/apache/commons/commons-math3/3.1.1/commons-math3-3.1.1.jar:/home/user/.m2/repository/org/openjdk/jmh/jmh-generator-annprocess/1.19/jmh-generator-annprocess-1.19.jar:/home/user/.m2/repository/org/mockito/mockito-all/1.8.5/mockito-all-1.8.5.jar:/home/user/.m2/repository/org/apache/hadoop/hadoop-kms/3.2.0/hadoop-kms-3.2.0.jar:/home/user/.m2/repository/org/apache/hadoop/hadoop-auth/3.2.0/hadoop-auth-3.2.0.jar:/home/user/.m2/repository/com/nimbusds/nimbus-jose-jwt/4.41.1/nimbus-jose-jwt-4.41.1.jar:/home/user/.m2/repository/com/github/stephenc/jcip/jcip-annotations/1.0-1/jcip-annotations-1.0-1.jar:/home/user/.m2/repository/net/minidev/json-smart/2.3/json-smart-2.3.jar:/home/user/.m2/repository/net/minidev/accessors-smart/1.2/accessors-smart-1.2.jar:/home/user/.m2/repository/org/ow2/asm/asm/5.0.4/asm-5.0.4.jar:/home/user/.m2/repository/org/apache/curator/curator-framework/2.12.0/curator-framework-2.12.0.jar:/home/user/.m2/repository/com/sun/jersey/jersey-core/1.19/jersey-core-1.19.jar:/home/user/.m2/repository/javax/ws/rs/jsr311-api/1.1.1/jsr311-api-1.1.1.jar:/home/user/.m2/repository/com/sun/jersey/jersey-server/1.19/jersey-server-1.19.jar:/home/user/.m2/repository/javax/servlet/javax.servlet-api/3.1.0/javax.servlet-api-3.1.0.jar:/home/user/.m2/repository/org/eclipse/jetty/jetty-server/9.3.25.v20180904/jetty-server-9.3.25.v20180904.jar:/home/user/.m2/repository/org/eclipse/jetty/jetty-http/9.3.25.v20180904/jetty-http-9.3.25.v20180904.jar:/home/user/.m2/repository/org/eclipse/jetty/jetty-io/9.3.25.v20180904/jetty-io-9.3.25.v20180904.jar:/home/user/.m2/repository/org/eclipse/jetty/jetty-webapp/9.3.25.v20180904/jetty-webapp-9.3.25.v20180904.jar:/home/user/.m2/repository/org/eclipse/jetty/jetty-xml/9.3.25.v20180904/jetty-xml-9.3.25.v20180904.jar:/home/user/.m2/repository/log4j/log4j/1.2.17/log4j-1.2.17.jar:/home/user/.m2/repository/org/slf4j/slf4j-api/1.7.25/slf4j-api-1.7.25.jar:/home/user/.m2/repository/org/slf4j/jul-to-slf4j/1.7.25/jul-to-slf4j-1.7.25.jar:/home/user/.m2/repository/org/eclipse/jetty/jetty-util/9.3.25.v20180904/jetty-util-9.3.25.v20180904.jar:/home/user/.m2/repository/com/fasterxml/jackson/core/jackson-databind/2.9.9/jackson-databind-2.9.9.jar:/home/user/.m2/repository/org/apache/hadoop/hadoop-kms/3.2.0/hadoop-kms-3.2.0-tests.jar:/home/user/.m2/repository/org/apache/hadoop/hadoop-hdds-server-scm/0.5.0-SNAPSHOT/hadoop-hdds-server-scm-0.5.0-SNAPSHOT-tests.jar:/home/user/.m2/repository/org/apache/hadoop/hadoop-hdds-container-service/0.5.0-SNAPSHOT/hadoop-hdds-container-service-0.5.0-SNAPSHOT-tests.jar:/home/user/.m2/repository/org/yaml/snakeyaml/1.16/snakeyaml-1.16.jar:/home/user/.m2/repository/org/apache/hadoop/hadoop-common/3.2.0/hadoop-common-3.2.0-tests.jar:/home/user/.m2/repository/org/apache/hadoop/hadoop-annotations/3.2.0/hadoop-annotations-3.2.0.jar:/usr/lib/jvm/java-1.8-openjdk/jre/../lib/tools.jar:/home/user/.m2/repository/commons-cli/commons-cli/1.2/commons-cli-1.2.jar:/home/user/.m2/repository/org/apache/httpcomponents/httpclient/4.5.2/httpclient-4.5.2.jar:/home/user/.m2/repository/org/apache/httpcomponents/httpcore/4.4.4/httpcore-4.4.4.jar:/home/user/.m2/repository/commons-codec/commons-codec/1.11/commons-codec-1.11.jar:/home/user/.m2/repository/commons-net/commons-net/3.6/commons-net-3.6.jar:/home/user/.m2/repository/commons-collections/commons-collections/3.2.2/commons-collections-3.2.2.jar:/home/user/.m2/repository/org/eclipse/jetty/jetty-servlet/9.3.25.v20180904/jetty-servlet-9.3.25.v20180904.jar:/home/user/.m2/repository/org/eclipse/jetty/jetty-security/9.3.25.v20180904/jetty-security-9.3.25.v20180904.jar:/home/user/.m2/repository/javax/servlet/jsp/jsp-api/2.1/jsp-api-2.1.jar:/home/user/.m2/repository/com/sun/jersey/jersey-servlet/1.19/jersey-servlet-1.19.jar:/home/user/.m2/repository/com/sun/jersey/jersey-json/1.19/jersey-json-1.19.jar:/home/user/.m2/repository/org/codehaus/jettison/jettison/1.1/jettison-1.1.jar:/home/user/.m2/repository/org/codehaus/jackson/jackson-core-asl/1.9.13/jackson-core-asl-1.9.13.jar:/home/user/.m2/repository/org/codehaus/jackson/jackson-mapper-asl/1.9.13/jackson-mapper-asl-1.9.13.jar:/home/user/.m2/repository/org/codehaus/jackson/jackson-jaxrs/1.9.13/jackson-jaxrs-1.9.13.jar:/home/user/.m2/repository/org/codehaus/jackson/jackson-xc/1.9.13/jackson-xc-1.9.13.jar:/home/user/.m2/repository/commons-logging/commons-logging/1.1.3/commons-logging-1.1.3.jar:/home/user/.m2/repository/commons-beanutils/commons-beanutils/1.9.4/commons-beanutils-1.9.4.jar:/home/user/.m2/repository/org/apache/commons/commons-configuration2/2.1.1/commons-configuration2-2.1.1.jar:/home/user/.m2/repository/org/apache/commons/commons-lang3/3.7/commons-lang3-3.7.jar:/home/user/.m2/repository/org/apache/commons/commons-text/1.4/commons-text-1.4.jar:/home/user/.m2/repository/org/apache/avro/avro/1.7.7/avro-1.7.7.jar:/home/user/.m2/repository/com/thoughtworks/paranamer/paranamer/2.3/paranamer-2.3.jar:/home/user/.m2/repository/org/xerial/snappy/snappy-java/1.0.5/snappy-java-1.0.5.jar:/home/user/.m2/repository/com/google/re2j/re2j/1.1/re2j-1.1.jar:/home/user/.m2/repository/com/google/code/gson/gson/2.2.4/gson-2.2.4.jar:/home/user/.m2/repository/com/jcraft/jsch/0.1.54/jsch-0.1.54.jar:/home/user/.m2/repository/org/apache/curator/curator-client/2.12.0/curator-client-2.12.0.jar:/home/user/.m2/repository/org/apache/curator/curator-recipes/2.12.0/curator-recipes-2.12.0.jar:/home/user/.m2/repository/com/google/code/findbugs/jsr305/3.0.0/jsr305-3.0.0.jar:/home/user/.m2/repository/org/apache/htrace/htrace-core4/4.1.0-incubating/htrace-core4-4.1.0-incubating.jar:/home/user/.m2/repository/org/apache/zookeeper/zookeeper/3.4.13/zookeeper-3.4.13.jar:/home/user/.m2/repository/jline/jline/0.9.94/jline-0.9.94.jar:/home/user/.m2/repository/org/apache/yetus/audience-annotations/0.5.0/audience-annotations-0.5.0.jar:/home/user/.m2/repository/org/codehaus/woodstox/stax2-api/3.1.4/stax2-api-3.1.4.jar:/home/user/.m2/repository/com/fasterxml/woodstox/woodstox-core/5.0.3/woodstox-core-5.0.3.jar:/home/user/.m2/repository/dnsjava/dnsjava/2.1.7/dnsjava-2.1.7.jar:/home/user/.m2/repository/org/apache/hadoop/hadoop-hdfs/3.2.0/hadoop-hdfs-3.2.0-tests.jar:/home/user/.m2/repository/org/eclipse/jetty/jetty-util-ajax/9.3.25.v20180904/jetty-util-ajax-9.3.25.v20180904.jar:/home/user/.m2/repository/commons-daemon/commons-daemon/1.0.13/commons-daemon-1.0.13.jar:/home/user/.m2/repository/io/netty/netty/3.10.5.Final/netty-3.10.5.Final.jar:/home/user/.m2/repository/io/netty/netty-all/4.0.52.Final/netty-all-4.0.52.Final.jar:/home/user/.m2/repository/org/fusesource/leveldbjni/leveldbjni-all/1.8/leveldbjni-all-1.8.jar:"/>
    <property name="java.vm.vendor" value="IcedTea"/>
    <property name="sun.arch.data.model" value="64"/>
    <property name="test.build.dir" value="/workdir/hadoop-ozone/integration-test/target/test-dir"/>
    <property name="test.cache.data" value=""/>
    <property name="java.vendor.url" value="https://icedtea.classpath.org"/>
    <property name="user.timezone" value=""/>
    <property name="java.vm.specification.version" value="1.8"/>
    <property name="os.name" value="Linux"/>
    <property name="test.build.data" value="/workdir/hadoop-ozone/integration-test/target/test-dir"/>
    <property name="user.country" value="US"/>
    <property name="sun.java.launcher" value="SUN_STANDARD"/>
    <property name="sun.boot.library.path" value="/usr/lib/jvm/java-1.8-openjdk/jre/lib/amd64"/>
    <property name="sun.java.command" value="/workdir/hadoop-ozone/integration-test/target/surefire/surefirebooter6125381779747665002.jar /workdir/hadoop-ozone/integration-test/target/surefire 2019-10-01T20-30-59_783-jvmRun1 surefire6135731481203470080tmp surefire_252950293081350997375tmp"/>
    <property name="test" value="!TestMiniChaosOzoneCluster"/>
    <property name="surefire.test.class.path" value="/workdir/hadoop-ozone/integration-test/target/test-classes:/workdir/hadoop-ozone/integration-test/target/classes:/home/user/.m2/repository/org/apache/hadoop/hadoop-ozone-common/0.5.0-SNAPSHOT/hadoop-ozone-common-0.5.0-SNAPSHOT.jar:/home/user/.m2/repository/org/apache/commons/commons-compress/1.4.1/commons-compress-1.4.1.jar:/home/user/.m2/repository/org/tukaani/xz/1.0/xz-1.0.jar:/home/user/.m2/repository/org/apache/hadoop/hadoop-common/3.2.0/hadoop-common-3.2.0.jar:/home/user/.m2/repository/org/apache/hadoop/hadoop-hdfs/3.2.0/hadoop-hdfs-3.2.0.jar:/home/user/.m2/repository/org/apache/hadoop/hadoop-hdfs-client/3.2.0/hadoop-hdfs-client-3.2.0.jar:/home/user/.m2/repository/com/fasterxml/jackson/core/jackson-annotations/2.9.9/jackson-annotations-2.9.9.jar:/home/user/.m2/repository/org/apache/hadoop/hadoop-hdds-common/0.5.0-SNAPSHOT/hadoop-hdds-common-0.5.0-SNAPSHOT.jar:/home/user/.m2/repository/javax/annotation/javax.annotation-api/1.2/javax.annotation-api-1.2.jar:/home/user/.m2/repository/org/apache/ratis/ratis-server/0.5.0-201fc85-SNAPSHOT/ratis-server-0.5.0-201fc85-SNAPSHOT.jar:/home/user/.m2/repository/org/apache/ratis/ratis-thirdparty-misc/0.2.0/ratis-thirdparty-misc-0.2.0.jar:/home/user/.m2/repository/org/apache/ratis/ratis-proto/0.5.0-201fc85-SNAPSHOT/ratis-proto-0.5.0-201fc85-SNAPSHOT.jar:/home/user/.m2/repository/org/apache/ratis/ratis-common/0.5.0-201fc85-SNAPSHOT/ratis-common-0.5.0-201fc85-SNAPSHOT.jar:/home/user/.m2/repository/org/apache/ratis/ratis-client/0.5.0-201fc85-SNAPSHOT/ratis-client-0.5.0-201fc85-SNAPSHOT.jar:/home/user/.m2/repository/org/apache/ratis/ratis-metrics/0.5.0-201fc85-SNAPSHOT/ratis-metrics-0.5.0-201fc85-SNAPSHOT.jar:/home/user/.m2/repository/com/github/joshelser/dropwizard-metrics-hadoop-metrics2-reporter/0.1.2/dropwizard-metrics-hadoop-metrics2-reporter-0.1.2.jar:/home/user/.m2/repository/io/dropwizard/metrics/metrics-jvm/3.2.5/metrics-jvm-3.2.5.jar:/home/user/.m2/repository/io/dropwizard/metrics/metrics-ganglia/3.2.5/metrics-ganglia-3.2.5.jar:/home/user/.m2/repository/info/ganglia/gmetric4j/gmetric4j/1.0.7/gmetric4j-1.0.7.jar:/home/user/.m2/repository/org/apache/ratis/ratis-netty/0.5.0-201fc85-SNAPSHOT/ratis-netty-0.5.0-201fc85-SNAPSHOT.jar:/home/user/.m2/repository/org/apache/ratis/ratis-grpc/0.5.0-201fc85-SNAPSHOT/ratis-grpc-0.5.0-201fc85-SNAPSHOT.jar:/home/user/.m2/repository/org/rocksdb/rocksdbjni/6.0.1/rocksdbjni-6.0.1.jar:/home/user/.m2/repository/org/apache/logging/log4j/log4j-api/2.11.0/log4j-api-2.11.0.jar:/home/user/.m2/repository/org/apache/logging/log4j/log4j-core/2.11.0/log4j-core-2.11.0.jar:/home/user/.m2/repository/com/lmax/disruptor/3.4.2/disruptor-3.4.2.jar:/home/user/.m2/repository/org/apache/commons/commons-pool2/2.6.0/commons-pool2-2.6.0.jar:/home/user/.m2/repository/org/bouncycastle/bcpkix-jdk15on/1.60/bcpkix-jdk15on-1.60.jar:/home/user/.m2/repository/commons-validator/commons-validator/1.6/commons-validator-1.6.jar:/home/user/.m2/repository/commons-digester/commons-digester/1.8.1/commons-digester-1.8.1.jar:/home/user/.m2/repository/io/jaegertracing/jaeger-client/0.34.0/jaeger-client-0.34.0.jar:/home/user/.m2/repository/io/jaegertracing/jaeger-thrift/0.34.0/jaeger-thrift-0.34.0.jar:/home/user/.m2/repository/org/apache/thrift/libthrift/0.12.0/libthrift-0.12.0.jar:/home/user/.m2/repository/com/squareup/okhttp3/okhttp/3.9.0/okhttp-3.9.0.jar:/home/user/.m2/repository/com/squareup/okio/okio/1.13.0/okio-1.13.0.jar:/home/user/.m2/repository/io/jaegertracing/jaeger-core/0.34.0/jaeger-core-0.34.0.jar:/home/user/.m2/repository/io/jaegertracing/jaeger-tracerresolver/0.34.0/jaeger-tracerresolver-0.34.0.jar:/home/user/.m2/repository/io/opentracing/contrib/opentracing-tracerresolver/0.1.5/opentracing-tracerresolver-0.1.5.jar:/home/user/.m2/repository/io/opentracing/opentracing-util/0.31.0/opentracing-util-0.31.0.jar:/home/user/.m2/repository/io/opentracing/opentracing-api/0.31.0/opentracing-api-0.31.0.jar:/home/user/.m2/repository/io/opentracing/opentracing-noop/0.31.0/opentracing-noop-0.31.0.jar:/home/user/.m2/repository/org/apache/hadoop/hadoop-hdds-server-framework/0.5.0-SNAPSHOT/hadoop-hdds-server-framework-0.5.0-SNAPSHOT.jar:/home/user/.m2/repository/org/apache/hadoop/hadoop-hdds-container-service/0.5.0-SNAPSHOT/hadoop-hdds-container-service-0.5.0-SNAPSHOT.jar:/home/user/.m2/repository/org/apache/hadoop/hadoop-hdds-client/0.5.0-SNAPSHOT/hadoop-hdds-client-0.5.0-SNAPSHOT.jar:/home/user/.m2/repository/org/apache/hadoop/hadoop-hdds-tools/0.5.0-SNAPSHOT/hadoop-hdds-tools-0.5.0-SNAPSHOT.jar:/home/user/.m2/repository/org/apache/hadoop/hadoop-hdds-server-scm/0.5.0-SNAPSHOT/hadoop-hdds-server-scm-0.5.0-SNAPSHOT.jar:/home/user/.m2/repository/org/apache/hadoop/hadoop-hdds-docs/0.5.0-SNAPSHOT/hadoop-hdds-docs-0.5.0-SNAPSHOT.jar:/home/user/.m2/repository/io/dropwizard/metrics/metrics-core/3.2.4/metrics-core-3.2.4.jar:/home/user/.m2/repository/org/hamcrest/hamcrest-all/1.3/hamcrest-all-1.3.jar:/home/user/.m2/repository/org/bouncycastle/bcprov-jdk15on/1.60/bcprov-jdk15on-1.60.jar:/home/user/.m2/repository/info/picocli/picocli/3.9.6/picocli-3.9.6.jar:/home/user/.m2/repository/com/google/protobuf/protobuf-java/2.5.0/protobuf-java-2.5.0.jar:/home/user/.m2/repository/com/google/guava/guava/11.0.2/guava-11.0.2.jar:/home/user/.m2/repository/org/apache/hadoop/hadoop-ozone-ozone-manager/0.5.0-SNAPSHOT/hadoop-ozone-ozone-manager-0.5.0-SNAPSHOT.jar:/home/user/.m2/repository/org/apache/hadoop/hadoop-minikdc/3.2.0/hadoop-minikdc-3.2.0.jar:/home/user/.m2/repository/commons-io/commons-io/2.5/commons-io-2.5.jar:/home/user/.m2/repository/org/apache/kerby/kerb-simplekdc/1.0.1/kerb-simplekdc-1.0.1.jar:/home/user/.m2/repository/org/apache/kerby/kerb-client/1.0.1/kerb-client-1.0.1.jar:/home/user/.m2/repository/org/apache/kerby/kerby-config/1.0.1/kerby-config-1.0.1.jar:/home/user/.m2/repository/org/apache/kerby/kerb-core/1.0.1/kerb-core-1.0.1.jar:/home/user/.m2/repository/org/apache/kerby/kerby-pkix/1.0.1/kerby-pkix-1.0.1.jar:/home/user/.m2/repository/org/apache/kerby/kerby-asn1/1.0.1/kerby-asn1-1.0.1.jar:/home/user/.m2/repository/org/apache/kerby/kerby-util/1.0.1/kerby-util-1.0.1.jar:/home/user/.m2/repository/org/apache/kerby/kerb-common/1.0.1/kerb-common-1.0.1.jar:/home/user/.m2/repository/org/apache/kerby/kerb-crypto/1.0.1/kerb-crypto-1.0.1.jar:/home/user/.m2/repository/org/apache/kerby/kerb-util/1.0.1/kerb-util-1.0.1.jar:/home/user/.m2/repository/org/apache/kerby/token-provider/1.0.1/token-provider-1.0.1.jar:/home/user/.m2/repository/org/apache/kerby/kerb-admin/1.0.1/kerb-admin-1.0.1.jar:/home/user/.m2/repository/org/apache/kerby/kerb-server/1.0.1/kerb-server-1.0.1.jar:/home/user/.m2/repository/org/apache/kerby/kerb-identity/1.0.1/kerb-identity-1.0.1.jar:/home/user/.m2/repository/org/apache/kerby/kerby-xdr/1.0.1/kerby-xdr-1.0.1.jar:/home/user/.m2/repository/org/slf4j/slf4j-log4j12/1.7.25/slf4j-log4j12-1.7.25.jar:/home/user/.m2/repository/org/apache/hadoop/hadoop-ozone-s3gateway/0.5.0-SNAPSHOT/hadoop-ozone-s3gateway-0.5.0-SNAPSHOT.jar:/home/user/.m2/repository/org/jboss/weld/servlet/weld-servlet/2.4.7.Final/weld-servlet-2.4.7.Final.jar:/home/user/.m2/repository/org/glassfish/jersey/containers/jersey-container-servlet-core/2.27/jersey-container-servlet-core-2.27.jar:/home/user/.m2/repository/org/glassfish/hk2/external/javax.inject/2.5.0-b42/javax.inject-2.5.0-b42.jar:/home/user/.m2/repository/org/glassfish/jersey/core/jersey-common/2.27/jersey-common-2.27.jar:/home/user/.m2/repository/org/glassfish/hk2/osgi-resource-locator/1.0.1/osgi-resource-locator-1.0.1.jar:/home/user/.m2/repository/javax/ws/rs/javax.ws.rs-api/2.1/javax.ws.rs-api-2.1.jar:/home/user/.m2/repository/org/glassfish/jersey/ext/cdi/jersey-cdi1x/2.27/jersey-cdi1x-2.27.jar:/home/user/.m2/repository/org/glassfish/jersey/inject/jersey-hk2/2.27/jersey-hk2-2.27.jar:/home/user/.m2/repository/org/glassfish/hk2/hk2-locator/2.5.0-b42/hk2-locator-2.5.0-b42.jar:/home/user/.m2/repository/org/javassist/javassist/3.22.0-CR2/javassist-3.22.0-CR2.jar:/home/user/.m2/repository/org/glassfish/hk2/hk2-api/2.5.0/hk2-api-2.5.0.jar:/home/user/.m2/repository/org/glassfish/hk2/external/jakarta.inject/2.5.0/jakarta.inject-2.5.0.jar:/home/user/.m2/repository/org/glassfish/hk2/hk2-utils/2.5.0/hk2-utils-2.5.0.jar:/home/user/.m2/repository/jakarta/annotation/jakarta.annotation-api/1.3.4/jakarta.annotation-api-1.3.4.jar:/home/user/.m2/repository/org/glassfish/hk2/external/aopalliance-repackaged/2.5.0/aopalliance-repackaged-2.5.0.jar:/home/user/.m2/repository/com/fasterxml/jackson/dataformat/jackson-dataformat-xml/2.9.0/jackson-dataformat-xml-2.9.0.jar:/home/user/.m2/repository/com/fasterxml/jackson/core/jackson-core/2.9.9/jackson-core-2.9.9.jar:/home/user/.m2/repository/com/fasterxml/jackson/module/jackson-module-jaxb-annotations/2.9.9/jackson-module-jaxb-annotations-2.9.9.jar:/home/user/.m2/repository/javax/enterprise/cdi-api/1.2/cdi-api-1.2.jar:/home/user/.m2/repository/javax/el/javax.el-api/3.0.0/javax.el-api-3.0.0.jar:/home/user/.m2/repository/javax/interceptor/javax.interceptor-api/1.2/javax.interceptor-api-1.2.jar:/home/user/.m2/repository/javax/inject/javax.inject/1/javax.inject-1.jar:/home/user/.m2/repository/com/sun/xml/bind/jaxb-impl/2.3.0.1/jaxb-impl-2.3.0.1.jar:/home/user/.m2/repository/com/sun/xml/bind/jaxb-core/2.3.0.1/jaxb-core-2.3.0.1.jar:/home/user/.m2/repository/javax/xml/bind/jaxb-api/2.3.0/jaxb-api-2.3.0.jar:/home/user/.m2/repository/javax/activation/activation/1.1.1/activation-1.1.1.jar:/home/user/.m2/repository/org/apache/hadoop/hadoop-ozone-csi/0.5.0-SNAPSHOT/hadoop-ozone-csi-0.5.0-SNAPSHOT.jar:/home/user/.m2/repository/com/google/protobuf/protobuf-java-util/3.5.1/protobuf-java-util-3.5.1.jar:/home/user/.m2/repository/org/apache/hadoop/hadoop-hdds-config/0.5.0-SNAPSHOT/hadoop-hdds-config-0.5.0-SNAPSHOT.jar:/home/user/.m2/repository/io/grpc/grpc-netty/1.17.1/grpc-netty-1.17.1.jar:/home/user/.m2/repository/io/grpc/grpc-core/1.17.1/grpc-core-1.17.1.jar:/home/user/.m2/repository/io/grpc/grpc-context/1.17.1/grpc-context-1.17.1.jar:/home/user/.m2/repository/com/google/errorprone/error_prone_annotations/2.2.0/error_prone_annotations-2.2.0.jar:/home/user/.m2/repository/org/codehaus/mojo/animal-sniffer-annotations/1.17/animal-sniffer-annotations-1.17.jar:/home/user/.m2/repository/io/opencensus/opencensus-api/0.17.0/opencensus-api-0.17.0.jar:/home/user/.m2/repository/io/opencensus/opencensus-contrib-grpc-metrics/0.17.0/opencensus-contrib-grpc-metrics-0.17.0.jar:/home/user/.m2/repository/io/netty/netty-codec-http2/4.1.30.Final/netty-codec-http2-4.1.30.Final.jar:/home/user/.m2/repository/io/netty/netty-codec-http/4.1.30.Final/netty-codec-http-4.1.30.Final.jar:/home/user/.m2/repository/io/netty/netty-codec/4.1.30.Final/netty-codec-4.1.30.Final.jar:/home/user/.m2/repository/io/netty/netty-handler/4.1.30.Final/netty-handler-4.1.30.Final.jar:/home/user/.m2/repository/io/netty/netty-handler-proxy/4.1.30.Final/netty-handler-proxy-4.1.30.Final.jar:/home/user/.m2/repository/io/netty/netty-codec-socks/4.1.30.Final/netty-codec-socks-4.1.30.Final.jar:/home/user/.m2/repository/io/netty/netty-transport-native-epoll/4.1.30.Final/netty-transport-native-epoll-4.1.30.Final.jar:/home/user/.m2/repository/io/netty/netty-common/4.1.30.Final/netty-common-4.1.30.Final.jar:/home/user/.m2/repository/io/netty/netty-buffer/4.1.30.Final/netty-buffer-4.1.30.Final.jar:/home/user/.m2/repository/io/netty/netty-transport/4.1.30.Final/netty-transport-4.1.30.Final.jar:/home/user/.m2/repository/io/netty/netty-resolver/4.1.30.Final/netty-resolver-4.1.30.Final.jar:/home/user/.m2/repository/io/netty/netty-transport-native-unix-common/4.1.30.Final/netty-transport-native-unix-common-4.1.30.Final.jar:/home/user/.m2/repository/io/grpc/grpc-protobuf/1.17.1/grpc-protobuf-1.17.1.jar:/home/user/.m2/repository/com/google/api/grpc/proto-google-common-protos/1.0.0/proto-google-common-protos-1.0.0.jar:/home/user/.m2/repository/io/grpc/grpc-protobuf-lite/1.17.1/grpc-protobuf-lite-1.17.1.jar:/home/user/.m2/repository/io/grpc/grpc-stub/1.17.1/grpc-stub-1.17.1.jar:/home/user/.m2/repository/org/apache/hadoop/hadoop-ozone-recon/0.5.0-SNAPSHOT/hadoop-ozone-recon-0.5.0-SNAPSHOT.jar:/home/user/.m2/repository/org/apache/hadoop/hadoop-ozone-reconcodegen/0.5.0-SNAPSHOT/hadoop-ozone-reconcodegen-0.5.0-SNAPSHOT.jar:/home/user/.m2/repository/com/google/inject/extensions/guice-multibindings/4.0/guice-multibindings-4.0.jar:/home/user/.m2/repository/com/google/inject/guice/4.0/guice-4.0.jar:/home/user/.m2/repository/aopalliance/aopalliance/1.0/aopalliance-1.0.jar:/home/user/.m2/repository/com/google/inject/extensions/guice-servlet/4.0/guice-servlet-4.0.jar:/home/user/.m2/repository/org/glassfish/jersey/containers/jersey-container-servlet/2.27/jersey-container-servlet-2.27.jar:/home/user/.m2/repository/org/glassfish/hk2/guice-bridge/2.5.0/guice-bridge-2.5.0.jar:/home/user/.m2/repository/org/glassfish/jersey/core/jersey-server/2.27/jersey-server-2.27.jar:/home/user/.m2/repository/org/glassfish/jersey/core/jersey-client/2.27/jersey-client-2.27.jar:/home/user/.m2/repository/org/glassfish/jersey/media/jersey-media-jaxb/2.27/jersey-media-jaxb-2.27.jar:/home/user/.m2/repository/javax/validation/validation-api/1.1.0.Final/validation-api-1.1.0.Final.jar:/home/user/.m2/repository/org/glassfish/jersey/media/jersey-media-json-jackson/2.27/jersey-media-json-jackson-2.27.jar:/home/user/.m2/repository/org/glassfish/jersey/ext/jersey-entity-filtering/2.27/jersey-entity-filtering-2.27.jar:/home/user/.m2/repository/com/google/inject/extensions/guice-assistedinject/4.0/guice-assistedinject-4.0.jar:/home/user/.m2/repository/org/jooq/jooq/3.11.10/jooq-3.11.10.jar:/home/user/.m2/repository/org/jooq/jooq-meta/3.11.10/jooq-meta-3.11.10.jar:/home/user/.m2/repository/org/jooq/jooq-codegen/3.11.10/jooq-codegen-3.11.10.jar:/home/user/.m2/repository/com/jolbox/bonecp/0.8.0.RELEASE/bonecp-0.8.0.RELEASE.jar:/home/user/.m2/repository/org/xerial/sqlite-jdbc/3.25.2/sqlite-jdbc-3.25.2.jar:/home/user/.m2/repository/org/springframework/spring-jdbc/5.1.3.RELEASE/spring-jdbc-5.1.3.RELEASE.jar:/home/user/.m2/repository/org/springframework/spring-beans/5.1.3.RELEASE/spring-beans-5.1.3.RELEASE.jar:/home/user/.m2/repository/org/springframework/spring-core/5.1.3.RELEASE/spring-core-5.1.3.RELEASE.jar:/home/user/.m2/repository/org/springframework/spring-jcl/5.1.3.RELEASE/spring-jcl-5.1.3.RELEASE.jar:/home/user/.m2/repository/org/springframework/spring-tx/5.1.3.RELEASE/spring-tx-5.1.3.RELEASE.jar:/home/user/.m2/repository/org/apache/hadoop/hadoop-ozone-client/0.5.0-SNAPSHOT/hadoop-ozone-client-0.5.0-SNAPSHOT.jar:/home/user/.m2/repository/commons-lang/commons-lang/2.6/commons-lang-2.6.jar:/home/user/.m2/repository/org/apache/hadoop/hadoop-ozone-ozone-manager/0.5.0-SNAPSHOT/hadoop-ozone-ozone-manager-0.5.0-SNAPSHOT-tests.jar:/home/user/.m2/repository/junit/junit/4.11/junit-4.11.jar:/home/user/.m2/repository/org/hamcrest/hamcrest-core/1.3/hamcrest-core-1.3.jar:/home/user/.m2/repository/org/openjdk/jmh/jmh-core/1.19/jmh-core-1.19.jar:/home/user/.m2/repository/net/sf/jopt-simple/jopt-simple/4.6/jopt-simple-4.6.jar:/home/user/.m2/repository/org/apache/commons/commons-math3/3.1.1/commons-math3-3.1.1.jar:/home/user/.m2/repository/org/openjdk/jmh/jmh-generator-annprocess/1.19/jmh-generator-annprocess-1.19.jar:/home/user/.m2/repository/org/mockito/mockito-all/1.8.5/mockito-all-1.8.5.jar:/home/user/.m2/repository/org/apache/hadoop/hadoop-kms/3.2.0/hadoop-kms-3.2.0.jar:/home/user/.m2/repository/org/apache/hadoop/hadoop-auth/3.2.0/hadoop-auth-3.2.0.jar:/home/user/.m2/repository/com/nimbusds/nimbus-jose-jwt/4.41.1/nimbus-jose-jwt-4.41.1.jar:/home/user/.m2/repository/com/github/stephenc/jcip/jcip-annotations/1.0-1/jcip-annotations-1.0-1.jar:/home/user/.m2/repository/net/minidev/json-smart/2.3/json-smart-2.3.jar:/home/user/.m2/repository/net/minidev/accessors-smart/1.2/accessors-smart-1.2.jar:/home/user/.m2/repository/org/ow2/asm/asm/5.0.4/asm-5.0.4.jar:/home/user/.m2/repository/org/apache/curator/curator-framework/2.12.0/curator-framework-2.12.0.jar:/home/user/.m2/repository/com/sun/jersey/jersey-core/1.19/jersey-core-1.19.jar:/home/user/.m2/repository/javax/ws/rs/jsr311-api/1.1.1/jsr311-api-1.1.1.jar:/home/user/.m2/repository/com/sun/jersey/jersey-server/1.19/jersey-server-1.19.jar:/home/user/.m2/repository/javax/servlet/javax.servlet-api/3.1.0/javax.servlet-api-3.1.0.jar:/home/user/.m2/repository/org/eclipse/jetty/jetty-server/9.3.25.v20180904/jetty-server-9.3.25.v20180904.jar:/home/user/.m2/repository/org/eclipse/jetty/jetty-http/9.3.25.v20180904/jetty-http-9.3.25.v20180904.jar:/home/user/.m2/repository/org/eclipse/jetty/jetty-io/9.3.25.v20180904/jetty-io-9.3.25.v20180904.jar:/home/user/.m2/repository/org/eclipse/jetty/jetty-webapp/9.3.25.v20180904/jetty-webapp-9.3.25.v20180904.jar:/home/user/.m2/repository/org/eclipse/jetty/jetty-xml/9.3.25.v20180904/jetty-xml-9.3.25.v20180904.jar:/home/user/.m2/repository/log4j/log4j/1.2.17/log4j-1.2.17.jar:/home/user/.m2/repository/org/slf4j/slf4j-api/1.7.25/slf4j-api-1.7.25.jar:/home/user/.m2/repository/org/slf4j/jul-to-slf4j/1.7.25/jul-to-slf4j-1.7.25.jar:/home/user/.m2/repository/org/eclipse/jetty/jetty-util/9.3.25.v20180904/jetty-util-9.3.25.v20180904.jar:/home/user/.m2/repository/com/fasterxml/jackson/core/jackson-databind/2.9.9/jackson-databind-2.9.9.jar:/home/user/.m2/repository/org/apache/hadoop/hadoop-kms/3.2.0/hadoop-kms-3.2.0-tests.jar:/home/user/.m2/repository/org/apache/hadoop/hadoop-hdds-server-scm/0.5.0-SNAPSHOT/hadoop-hdds-server-scm-0.5.0-SNAPSHOT-tests.jar:/home/user/.m2/repository/org/apache/hadoop/hadoop-hdds-container-service/0.5.0-SNAPSHOT/hadoop-hdds-container-service-0.5.0-SNAPSHOT-tests.jar:/home/user/.m2/repository/org/yaml/snakeyaml/1.16/snakeyaml-1.16.jar:/home/user/.m2/repository/org/apache/hadoop/hadoop-common/3.2.0/hadoop-common-3.2.0-tests.jar:/home/user/.m2/repository/org/apache/hadoop/hadoop-annotations/3.2.0/hadoop-annotations-3.2.0.jar:/usr/lib/jvm/java-1.8-openjdk/jre/../lib/tools.jar:/home/user/.m2/repository/commons-cli/commons-cli/1.2/commons-cli-1.2.jar:/home/user/.m2/repository/org/apache/httpcomponents/httpclient/4.5.2/httpclient-4.5.2.jar:/home/user/.m2/repository/org/apache/httpcomponents/httpcore/4.4.4/httpcore-4.4.4.jar:/home/user/.m2/repository/commons-codec/commons-codec/1.11/commons-codec-1.11.jar:/home/user/.m2/repository/commons-net/commons-net/3.6/commons-net-3.6.jar:/home/user/.m2/repository/commons-collections/commons-collections/3.2.2/commons-collections-3.2.2.jar:/home/user/.m2/repository/org/eclipse/jetty/jetty-servlet/9.3.25.v20180904/jetty-servlet-9.3.25.v20180904.jar:/home/user/.m2/repository/org/eclipse/jetty/jetty-security/9.3.25.v20180904/jetty-security-9.3.25.v20180904.jar:/home/user/.m2/repository/javax/servlet/jsp/jsp-api/2.1/jsp-api-2.1.jar:/home/user/.m2/repository/com/sun/jersey/jersey-servlet/1.19/jersey-servlet-1.19.jar:/home/user/.m2/repository/com/sun/jersey/jersey-json/1.19/jersey-json-1.19.jar:/home/user/.m2/repository/org/codehaus/jettison/jettison/1.1/jettison-1.1.jar:/home/user/.m2/repository/org/codehaus/jackson/jackson-core-asl/1.9.13/jackson-core-asl-1.9.13.jar:/home/user/.m2/repository/org/codehaus/jackson/jackson-mapper-asl/1.9.13/jackson-mapper-asl-1.9.13.jar:/home/user/.m2/repository/org/codehaus/jackson/jackson-jaxrs/1.9.13/jackson-jaxrs-1.9.13.jar:/home/user/.m2/repository/org/codehaus/jackson/jackson-xc/1.9.13/jackson-xc-1.9.13.jar:/home/user/.m2/repository/commons-logging/commons-logging/1.1.3/commons-logging-1.1.3.jar:/home/user/.m2/repository/commons-beanutils/commons-beanutils/1.9.4/commons-beanutils-1.9.4.jar:/home/user/.m2/repository/org/apache/commons/commons-configuration2/2.1.1/commons-configuration2-2.1.1.jar:/home/user/.m2/repository/org/apache/commons/commons-lang3/3.7/commons-lang3-3.7.jar:/home/user/.m2/repository/org/apache/commons/commons-text/1.4/commons-text-1.4.jar:/home/user/.m2/repository/org/apache/avro/avro/1.7.7/avro-1.7.7.jar:/home/user/.m2/repository/com/thoughtworks/paranamer/paranamer/2.3/paranamer-2.3.jar:/home/user/.m2/repository/org/xerial/snappy/snappy-java/1.0.5/snappy-java-1.0.5.jar:/home/user/.m2/repository/com/google/re2j/re2j/1.1/re2j-1.1.jar:/home/user/.m2/repository/com/google/code/gson/gson/2.2.4/gson-2.2.4.jar:/home/user/.m2/repository/com/jcraft/jsch/0.1.54/jsch-0.1.54.jar:/home/user/.m2/repository/org/apache/curator/curator-client/2.12.0/curator-client-2.12.0.jar:/home/user/.m2/repository/org/apache/curator/curator-recipes/2.12.0/curator-recipes-2.12.0.jar:/home/user/.m2/repository/com/google/code/findbugs/jsr305/3.0.0/jsr305-3.0.0.jar:/home/user/.m2/repository/org/apache/htrace/htrace-core4/4.1.0-incubating/htrace-core4-4.1.0-incubating.jar:/home/user/.m2/repository/org/apache/zookeeper/zookeeper/3.4.13/zookeeper-3.4.13.jar:/home/user/.m2/repository/jline/jline/0.9.94/jline-0.9.94.jar:/home/user/.m2/repository/org/apache/yetus/audience-annotations/0.5.0/audience-annotations-0.5.0.jar:/home/user/.m2/repository/org/codehaus/woodstox/stax2-api/3.1.4/stax2-api-3.1.4.jar:/home/user/.m2/repository/com/fasterxml/woodstox/woodstox-core/5.0.3/woodstox-core-5.0.3.jar:/home/user/.m2/repository/dnsjava/dnsjava/2.1.7/dnsjava-2.1.7.jar:/home/user/.m2/repository/org/apache/hadoop/hadoop-hdfs/3.2.0/hadoop-hdfs-3.2.0-tests.jar:/home/user/.m2/repository/org/eclipse/jetty/jetty-util-ajax/9.3.25.v20180904/jetty-util-ajax-9.3.25.v20180904.jar:/home/user/.m2/repository/commons-daemon/commons-daemon/1.0.13/commons-daemon-1.0.13.jar:/home/user/.m2/repository/io/netty/netty/3.10.5.Final/netty-3.10.5.Final.jar:/home/user/.m2/repository/io/netty/netty-all/4.0.52.Final/netty-all-4.0.52.Final.jar:/home/user/.m2/repository/org/fusesource/leveldbjni/leveldbjni-all/1.8/leveldbjni-all-1.8.jar:"/>
    <property name="sun.cpu.endian" value="little"/>
    <property name="user.home" value="/home/user"/>
    <property name="user.language" value="en"/>
    <property name="java.specification.vendor" value="Oracle Corporation"/>
    <property name="java.home" value="/usr/lib/jvm/java-1.8-openjdk/jre"/>
    <property name="java.security.krb5.conf" value="/workdir/hadoop-ozone/integration-test/target/test-classes/krb5.conf"/>
    <property name="basedir" value="/workdir/hadoop-ozone/integration-test"/>
    <property name="file.separator" value="/"/>
    <property name="line.separator" value="&#10;"/>
    <property name="java.vm.specification.vendor" value="Oracle Corporation"/>
    <property name="java.specification.name" value="Java Platform API Specification"/>
    <property name="java.awt.graphicsenv" value="sun.awt.X11GraphicsEnvironment"/>
    <property name="surefire.real.class.path" value="/workdir/hadoop-ozone/integration-test/target/surefire/surefirebooter6125381779747665002.jar"/>
    <property name="hadoop.log.dir" value="/workdir/hadoop-ozone/integration-test/target/log"/>
    <property name="sun.boot.class.path" value="/usr/lib/jvm/java-1.8-openjdk/jre/lib/resources.jar:/usr/lib/jvm/java-1.8-openjdk/jre/lib/rt.jar:/usr/lib/jvm/java-1.8-openjdk/jre/lib/sunrsasign.jar:/usr/lib/jvm/java-1.8-openjdk/jre/lib/jsse.jar:/usr/lib/jvm/java-1.8-openjdk/jre/lib/jce.jar:/usr/lib/jvm/java-1.8-openjdk/jre/lib/charsets.jar:/usr/lib/jvm/java-1.8-openjdk/jre/lib/jfr.jar:/usr/lib/jvm/java-1.8-openjdk/jre/classes"/>
    <property name="sun.management.compiler" value="HotSpot 64-Bit Tiered Compilers"/>
    <property name="java.runtime.version" value="1.8.0_212-b04"/>
    <property name="java.net.preferIPv4Stack" value="true"/>
    <property name="user.name" value="jenkins1000"/>
    <property name="path.separator" value=":"/>
    <property name="java.security.egd" value="file:///dev/urandom"/>
    <property name="os.version" value="3.10.0-957.12.2.el7.x86_64"/>
    <property name="java.endorsed.dirs" value="/usr/lib/jvm/java-1.8-openjdk/jre/lib/endorsed"/>
    <property name="java.runtime.name" value="OpenJDK Runtime Environment"/>
    <property name="file.encoding" value="UTF-8"/>
    <property name="java.vm.name" value="OpenJDK 64-Bit Server VM"/>
    <property name="test.build.webapps" value=""/>
    <property name="localRepository" value="/home/user/.m2/repository"/>
    <property name="java.vendor.url.bug" value="https://icedtea.classpath.org/bugzilla"/>
    <property name="java.io.tmpdir" value="/tmp"/>
    <property name="require.test.libhadoop" value=""/>
    <property name="java.version" value="1.8.0_212"/>
    <property name="user.dir" value="/workdir/hadoop-ozone/integration-test"/>
    <property name="os.arch" value="amd64"/>
    <property name="java.vm.specification.name" value="Java Virtual Machine Specification"/>
    <property name="test.build.classes" value="/workdir/hadoop-ozone/integration-test/target/test-classes"/>
    <property name="java.awt.printerjob" value="sun.print.PSPrinterJob"/>
    <property name="sun.os.patch.level" value="unknown"/>
    <property name="hadoop.tmp.dir" value="/workdir/hadoop-ozone/integration-test/target/tmp"/>
    <property name="java.library.path" value="/usr/lib/jvm/java-1.8-openjdk/jre/lib/amd64/server:/usr/lib/jvm/java-1.8-openjdk/jre/lib/amd64:/usr/lib/jvm/java-1.8-openjdk/jre/../lib/amd64:/workdir/hadoop-ozone/integration-test/target/native/target/usr/local/lib:/workdir/hadoop-ozone/integration-test/../../hadoop-common-project/hadoop-common/target/native/target/usr/local/lib:/usr/java/packages/lib/amd64:/usr/lib64:/lib64:/lib:/usr/lib"/>
    <property name="java.vm.info" value="mixed mode"/>
    <property name="java.vendor" value="IcedTea"/>
    <property name="java.vm.version" value="25.212-b04"/>
    <property name="java.ext.dirs" value="/usr/lib/jvm/java-1.8-openjdk/jre/lib/ext:/usr/java/packages/lib/ext"/>
    <property name="sun.io.unicode.encoding" value="UnicodeLittle"/>
    <property name="java.class.version" value="52.0"/>
  </properties>
  <testcase name="testGroupMismatchExceptionHandling" classname="org.apache.hadoop.ozone.client.rpc.TestOzoneClientRetriesOnException" time="53.8"/>
  <testcase name="testMaxRetriesByOzoneClient" classname="org.apache.hadoop.ozone.client.rpc.TestOzoneClientRetriesOnException" time="123.555">
    <error message="Failed to command cmdType: CreateContainer&#10;containerID: 1&#10;datanodeUuid: &quot;bcd46168-679d-4a79-8dbc-a2d812c19c0f&quot;&#10;createContainer {&#10;}&#10;" type="java.io.IOException">java.io.IOException: 
Failed to command cmdType: CreateContainer
containerID: 1
datanodeUuid: "bcd46168-679d-4a79-8dbc-a2d812c19c0f"
createContainer {
}

	at org.apache.hadoop.hdds.scm.XceiverClientSpi.sendCommand(XceiverClientSpi.java:113)
	at org.apache.hadoop.ozone.client.rpc.TestOzoneClientRetriesOnException.testMaxRetriesByOzoneClient(TestOzoneClientRetriesOnException.java:190)
	at sun.reflect.NativeMethodAccessorImpl.invoke0(Native Method)
	at sun.reflect.NativeMethodAccessorImpl.invoke(NativeMethodAccessorImpl.java:62)
	at sun.reflect.DelegatingMethodAccessorImpl.invoke(DelegatingMethodAccessorImpl.java:43)
	at java.lang.reflect.Method.invoke(Method.java:498)
	at org.junit.runners.model.FrameworkMethod$1.runReflectiveCall(FrameworkMethod.java:47)
	at org.junit.internal.runners.model.ReflectiveCallable.run(ReflectiveCallable.java:12)
	at org.junit.runners.model.FrameworkMethod.invokeExplosively(FrameworkMethod.java:44)
	at org.junit.internal.runners.statements.InvokeMethod.evaluate(InvokeMethod.java:17)
	at org.junit.internal.runners.statements.RunBefores.evaluate(RunBefores.java:26)
	at org.junit.internal.runners.statements.RunAfters.evaluate(RunAfters.java:27)
	at org.junit.runners.ParentRunner.runLeaf(ParentRunner.java:271)
	at org.junit.runners.BlockJUnit4ClassRunner.runChild(BlockJUnit4ClassRunner.java:70)
	at org.junit.runners.BlockJUnit4ClassRunner.runChild(BlockJUnit4ClassRunner.java:50)
	at org.junit.runners.ParentRunner$3.run(ParentRunner.java:238)
	at org.junit.runners.ParentRunner$1.schedule(ParentRunner.java:63)
	at org.junit.runners.ParentRunner.runChildren(ParentRunner.java:236)
	at org.junit.runners.ParentRunner.access$000(ParentRunner.java:53)
	at org.junit.runners.ParentRunner$2.evaluate(ParentRunner.java:229)
	at org.junit.runners.ParentRunner.run(ParentRunner.java:309)
	at org.apache.maven.surefire.junit4.JUnit4Provider.execute(JUnit4Provider.java:365)
	at org.apache.maven.surefire.junit4.JUnit4Provider.executeWithRerun(JUnit4Provider.java:273)
	at org.apache.maven.surefire.junit4.JUnit4Provider.executeTestSet(JUnit4Provider.java:238)
	at org.apache.maven.surefire.junit4.JUnit4Provider.invoke(JUnit4Provider.java:159)
	at org.apache.maven.surefire.booter.ForkedBooter.invokeProviderInSameClassLoader(ForkedBooter.java:384)
	at org.apache.maven.surefire.booter.ForkedBooter.runSuitesInProcess(ForkedBooter.java:345)
	at org.apache.maven.surefire.booter.ForkedBooter.execute(ForkedBooter.java:126)
	at org.apache.maven.surefire.booter.ForkedBooter.main(ForkedBooter.java:418)
Caused by: java.util.concurrent.ExecutionException: org.apache.ratis.protocol.RaftRetryFailureException: Failed RaftClientRequest:client-8BA0A2C16FA5->dbc555b8-9764-4f6e-9002-a515bdafc4eb@group-0C0BB0EAF733, cid=44, seq=4*, RW, org.apache.hadoop.hdds.scm.XceiverClientRatis$$Lambda$364/1432687668@373e42fd for 180 attempts with RetryLimited(maxAttempts=180, sleepTime=1000ms)
	at java.util.concurrent.CompletableFuture.reportGet(CompletableFuture.java:357)
	at java.util.concurrent.CompletableFuture.get(CompletableFuture.java:1895)
	at org.apache.hadoop.hdds.scm.XceiverClientSpi.sendCommand(XceiverClientSpi.java:110)
	... 28 more
Caused by: org.apache.ratis.protocol.RaftRetryFailureException: Failed RaftClientRequest:client-8BA0A2C16FA5->dbc555b8-9764-4f6e-9002-a515bdafc4eb@group-0C0BB0EAF733, cid=44, seq=4*, RW, org.apache.hadoop.hdds.scm.XceiverClientRatis$$Lambda$364/1432687668@373e42fd for 180 attempts with RetryLimited(maxAttempts=180, sleepTime=1000ms)
	at org.apache.ratis.client.impl.RaftClientImpl.noMoreRetries(RaftClientImpl.java:271)
	at org.apache.ratis.client.impl.OrderedAsync.handleAsyncRetryFailure(OrderedAsync.java:138)
	at org.apache.ratis.client.impl.OrderedAsync.lambda$sendRequest$10(OrderedAsync.java:230)
	at java.util.concurrent.CompletableFuture.uniExceptionally(CompletableFuture.java:870)
	at java.util.concurrent.CompletableFuture$UniExceptionally.tryFire(CompletableFuture.java:852)
	at java.util.concurrent.CompletableFuture.postComplete(CompletableFuture.java:474)
	at java.util.concurrent.CompletableFuture.completeExceptionally(CompletableFuture.java:1977)
	at org.apache.ratis.grpc.client.GrpcClientProtocolClient$AsyncStreamObservers.completeReplyExceptionally(GrpcClientProtocolClient.java:345)
	at org.apache.ratis.grpc.client.GrpcClientProtocolClient$AsyncStreamObservers.access$000(GrpcClientProtocolClient.java:261)
	at org.apache.ratis.grpc.client.GrpcClientProtocolClient$AsyncStreamObservers$1.onNext(GrpcClientProtocolClient.java:273)
	at org.apache.ratis.grpc.client.GrpcClientProtocolClient$AsyncStreamObservers$1.onNext(GrpcClientProtocolClient.java:264)
	at org.apache.ratis.thirdparty.io.grpc.stub.ClientCalls$StreamObserverToCallListenerAdapter.onMessage(ClientCalls.java:421)
	at org.apache.ratis.thirdparty.io.grpc.ForwardingClientCallListener.onMessage(ForwardingClientCallListener.java:33)
	at org.apache.ratis.thirdparty.io.grpc.ForwardingClientCallListener.onMessage(ForwardingClientCallListener.java:33)
	at org.apache.ratis.thirdparty.io.grpc.internal.ClientCallImpl$ClientStreamListenerImpl$1MessagesAvailable.runInContext(ClientCallImpl.java:519)
	at org.apache.ratis.thirdparty.io.grpc.internal.ContextRunnable.run(ContextRunnable.java:37)
	at org.apache.ratis.thirdparty.io.grpc.internal.SerializingExecutor.run(SerializingExecutor.java:123)
	at java.util.concurrent.ThreadPoolExecutor.runWorker(ThreadPoolExecutor.java:1149)
	at java.util.concurrent.ThreadPoolExecutor$Worker.run(ThreadPoolExecutor.java:624)
	at java.lang.Thread.run(Thread.java:748)
Caused by: org.apache.ratis.protocol.NotLeaderException: Server dbc555b8-9764-4f6e-9002-a515bdafc4eb@group-0C0BB0EAF733 is not the leader bb36cdf8-c471-492b-b357-37f3d92a881f:192.168.5.177:40031
	at org.apache.ratis.client.impl.ClientProtoUtils.toRaftClientReply(ClientProtoUtils.java:243)
	at org.apache.ratis.grpc.client.GrpcClientProtocolClient$AsyncStreamObservers$1.onNext(GrpcClientProtocolClient.java:269)
	... 10 more
</error>
    <system-out><![CDATA[2019-10-01 21:07:58,375 [main] WARN  server.ServerUtils (ServerUtils.java:getScmDbDir(145)) - ozone.scm.db.dirs is not configured. We recommend adding this setting. Falling back to ozone.metadata.dirs instead.
2019-10-01 21:07:58,390 [main] WARN  server.ServerUtils (ServerUtils.java:getScmDbDir(145)) - ozone.scm.db.dirs is not configured. We recommend adding this setting. Falling back to ozone.metadata.dirs instead.
2019-10-01 21:07:58,391 [main] WARN  server.ServerUtils (ServerUtils.java:getScmDbDir(145)) - ozone.scm.db.dirs is not configured. We recommend adding this setting. Falling back to ozone.metadata.dirs instead.
2019-10-01 21:07:58,391 [main] INFO  db.DBStoreBuilder (DBStoreBuilder.java:addTable(110)) - using custom profile for table: deletedBlocks
2019-10-01 21:07:58,391 [main] INFO  db.DBStoreBuilder (DBStoreBuilder.java:processTables(161)) - Using default column profile:DBProfile.DISK for Table:deletedBlocks
2019-10-01 21:07:58,392 [main] INFO  db.DBStoreBuilder (DBStoreBuilder.java:addTable(110)) - using custom profile for table: validCerts
2019-10-01 21:07:58,392 [main] INFO  db.DBStoreBuilder (DBStoreBuilder.java:processTables(161)) - Using default column profile:DBProfile.DISK for Table:validCerts
2019-10-01 21:07:58,392 [main] INFO  db.DBStoreBuilder (DBStoreBuilder.java:addTable(110)) - using custom profile for table: revokedCerts
2019-10-01 21:07:58,392 [main] INFO  db.DBStoreBuilder (DBStoreBuilder.java:processTables(161)) - Using default column profile:DBProfile.DISK for Table:revokedCerts
2019-10-01 21:07:58,392 [main] INFO  db.DBStoreBuilder (DBStoreBuilder.java:addTable(110)) - using custom profile for table: default
2019-10-01 21:07:58,392 [main] INFO  db.DBStoreBuilder (DBStoreBuilder.java:processTables(167)) - Using default column profile:DBProfile.DISK for Table:default
2019-10-01 21:07:58,393 [main] INFO  db.DBStoreBuilder (DBStoreBuilder.java:getDbProfile(198)) - Using default options. DBProfile.DISK
2019-10-01 21:07:58,537 [main] INFO  net.NodeSchemaLoader (NodeSchemaLoader.java:loadSchemaFromFile(125)) - Loading file from sun.misc.CompoundEnumeration@6198e9b5
2019-10-01 21:07:58,537 [main] INFO  net.NodeSchemaLoader (NodeSchemaLoader.java:loadSchema(171)) - Loading network topology layer schema file
2019-10-01 21:07:58,544 [main] WARN  server.ServerUtils (ServerUtils.java:sanitizeUserArgs(70)) - ozone.scm.stale.node.interval value = 300000 is larger than max = 100000 based on the key value of ozone.scm.heartbeat.thread.interval, reset to the max value 100000.
2019-10-01 21:07:58,544 [main] WARN  server.ServerUtils (ServerUtils.java:sanitizeUserArgs(70)) - ozone.scm.stale.node.interval value = 300000 is larger than max = 100000 based on the key value of ozone.scm.heartbeat.thread.interval, reset to the max value 100000.
2019-10-01 21:07:58,545 [main] INFO  node.SCMNodeManager (SCMNodeManager.java:<init>(114)) - Entering startup safe mode.
2019-10-01 21:07:58,546 [main] INFO  algorithms.ContainerPlacementPolicyFactory (ContainerPlacementPolicyFactory.java:getPolicy(57)) - Create container placement policy of type org.apache.hadoop.hdds.scm.container.placement.algorithms.SCMContainerPlacementRandom
2019-10-01 21:07:58,546 [main] WARN  server.ServerUtils (ServerUtils.java:getScmDbDir(145)) - ozone.scm.db.dirs is not configured. We recommend adding this setting. Falling back to ozone.metadata.dirs instead.
2019-10-01 21:07:58,585 [main] INFO  pipeline.SCMPipelineManager (SCMPipelineManager.java:initializePipelineState(132)) - No pipeline exists in current db
2019-10-01 21:07:58,586 [main] WARN  server.ServerUtils (ServerUtils.java:getScmDbDir(145)) - ozone.scm.db.dirs is not configured. We recommend adding this setting. Falling back to ozone.metadata.dirs instead.
2019-10-01 21:07:58,619 [main] WARN  events.EventQueue (EventQueue.java:fireEvent(183)) - No event handler registered for event TypedEvent{payloadType=SafeModeStatus, name='SafeModeStatus'}
2019-10-01 21:07:58,620 [main] INFO  ipc.CallQueueManager (CallQueueManager.java:<init>(84)) - Using callQueue: class java.util.concurrent.LinkedBlockingQueue, queueCapacity: 2000, scheduler: class org.apache.hadoop.ipc.DefaultRpcScheduler, ipcBackoff: false.
2019-10-01 21:07:58,622 [Socket Reader #1 for port 35764] INFO  ipc.Server (Server.java:run(1074)) - Starting Socket Reader #1 for port 35764
2019-10-01 21:07:58,624 [main] INFO  ipc.CallQueueManager (CallQueueManager.java:<init>(84)) - Using callQueue: class java.util.concurrent.LinkedBlockingQueue, queueCapacity: 2000, scheduler: class org.apache.hadoop.ipc.DefaultRpcScheduler, ipcBackoff: false.
2019-10-01 21:07:58,625 [Socket Reader #1 for port 38570] INFO  ipc.Server (Server.java:run(1074)) - Starting Socket Reader #1 for port 38570
2019-10-01 21:07:58,627 [main] INFO  ipc.CallQueueManager (CallQueueManager.java:<init>(84)) - Using callQueue: class java.util.concurrent.LinkedBlockingQueue, queueCapacity: 2000, scheduler: class org.apache.hadoop.ipc.DefaultRpcScheduler, ipcBackoff: false.
2019-10-01 21:07:58,629 [Socket Reader #1 for port 35176] INFO  ipc.Server (Server.java:run(1074)) - Starting Socket Reader #1 for port 35176
2019-10-01 21:07:58,631 [main] INFO  hdfs.DFSUtil (DFSUtil.java:httpServerTemplateForNNAndJN(1641)) - Starting Web-server for scm at: http://0.0.0.0:0
2019-10-01 21:07:58,633 [main] INFO  server.AuthenticationFilter (AuthenticationFilter.java:constructSecretProvider(240)) - Unable to initialize FileSignerSecretProvider, falling back to use random secrets.
2019-10-01 21:07:58,634 [main] WARN  http.HttpRequestLog (HttpRequestLog.java:getRequestLog(97)) - Jetty request log can only be enabled using Log4j
2019-10-01 21:07:58,635 [main] INFO  http.HttpServer2 (HttpServer2.java:addGlobalFilter(975)) - Added global filter 'safety' (class=org.apache.hadoop.http.HttpServer2$QuotingInputFilter)
2019-10-01 21:07:58,636 [main] INFO  http.HttpServer2 (HttpServer2.java:addFilter(948)) - Added filter static_user_filter (class=org.apache.hadoop.http.lib.StaticUserWebFilter$StaticUserFilter) to context scm
2019-10-01 21:07:58,636 [main] INFO  http.HttpServer2 (HttpServer2.java:addFilter(958)) - Added filter static_user_filter (class=org.apache.hadoop.http.lib.StaticUserWebFilter$StaticUserFilter) to context logs
2019-10-01 21:07:58,636 [main] INFO  http.HttpServer2 (HttpServer2.java:addFilter(958)) - Added filter static_user_filter (class=org.apache.hadoop.http.lib.StaticUserWebFilter$StaticUserFilter) to context static
2019-10-01 21:07:58,638 [main] INFO  server.StorageContainerManager (StorageContainerManager.java:start(770)) - StorageContainerLocationProtocol RPC server is listening at /0.0.0.0:35176
2019-10-01 21:07:58,640 [main] WARN  impl.MetricsConfig (MetricsConfig.java:loadFirst(134)) - Cannot locate configuration: tried hadoop-metrics2-storagecontainermanager.properties,hadoop-metrics2.properties
2019-10-01 21:07:58,641 [main] INFO  impl.MetricsSystemImpl (MetricsSystemImpl.java:startTimer(374)) - Scheduled Metric snapshot period at 10 second(s).
2019-10-01 21:07:58,641 [main] INFO  impl.MetricsSystemImpl (MetricsSystemImpl.java:start(191)) - StorageContainerManager metrics system started
2019-10-01 21:07:58,687 [main] WARN  impl.MetricsSystemImpl (MetricsSystemImpl.java:register(276)) - Sink prometheus already exists!
2019-10-01 21:07:58,694 [main] INFO  server.SCMClientProtocolServer (SCMClientProtocolServer.java:start(150)) - RPC server for Client  is listening at /0.0.0.0:35176
2019-10-01 21:07:58,695 [IPC Server Responder] INFO  ipc.Server (Server.java:run(1314)) - IPC Server Responder: starting
2019-10-01 21:07:58,695 [IPC Server listener on 35176] INFO  ipc.Server (Server.java:run(1153)) - IPC Server listener on 35176: starting
2019-10-01 21:07:58,699 [main] INFO  server.StorageContainerManager (StorageContainerManager.java:start(780)) - ScmBlockLocationProtocol RPC server is listening at /0.0.0.0:38570
2019-10-01 21:07:58,699 [main] INFO  server.SCMBlockProtocolServer (SCMBlockProtocolServer.java:start(146)) - RPC server for Block Protocol is listening at /0.0.0.0:38570
2019-10-01 21:07:58,700 [IPC Server Responder] INFO  ipc.Server (Server.java:run(1314)) - IPC Server Responder: starting
2019-10-01 21:07:58,700 [IPC Server listener on 38570] INFO  ipc.Server (Server.java:run(1153)) - IPC Server listener on 38570: starting
2019-10-01 21:07:58,704 [main] INFO  server.StorageContainerManager (StorageContainerManager.java:start(784)) - ScmDatanodeProtocl RPC server is listening at /0.0.0.0:35764
2019-10-01 21:07:58,704 [main] INFO  server.SCMDatanodeProtocolServer (SCMDatanodeProtocolServer.java:start(191)) - RPC server for DataNodes is listening at /0.0.0.0:35764
2019-10-01 21:07:58,704 [IPC Server Responder] INFO  ipc.Server (Server.java:run(1314)) - IPC Server Responder: starting
2019-10-01 21:07:58,705 [IPC Server listener on 35764] INFO  ipc.Server (Server.java:run(1153)) - IPC Server listener on 35764: starting
2019-10-01 21:07:58,709 [main] INFO  http.HttpServer2 (HttpServer2.java:bindListener(1191)) - Jetty bound to port 38055
2019-10-01 21:07:58,709 [main] INFO  server.Server (Server.java:doStart(351)) - jetty-9.3.25.v20180904, build timestamp: 2018-09-04T21:11:46Z, git hash: 3ce520221d0240229c862b122d2b06c12a625732
2019-10-01 21:07:58,711 [main] INFO  handler.ContextHandler (ContextHandler.java:doStart(781)) - Started o.e.j.s.ServletContextHandler@2d760326{/logs,file:///workdir/hadoop-ozone/integration-test/target/log,AVAILABLE}
2019-10-01 21:07:58,712 [main] INFO  handler.ContextHandler (ContextHandler.java:doStart(781)) - Started o.e.j.s.ServletContextHandler@5dbb50f3{/static,file:///workdir/hadoop-ozone/integration-test/target/test-classes/webapps/static,AVAILABLE}
2019-10-01 21:07:58,718 [main] INFO  handler.ContextHandler (ContextHandler.java:doStart(781)) - Started o.e.j.w.WebAppContext@12b5736c{/,file:///workdir/hadoop-ozone/integration-test/target/test-classes/webapps/scm/,AVAILABLE}{/scm}
2019-10-01 21:07:58,718 [main] INFO  server.AbstractConnector (AbstractConnector.java:doStart(278)) - Started ServerConnector@539a138b{HTTP/1.1,[http/1.1]}{0.0.0.0:38055}
2019-10-01 21:07:58,719 [main] INFO  server.Server (Server.java:doStart(419)) - Started @54756ms
2019-10-01 21:07:58,719 [main] WARN  impl.MetricsSystemImpl (MetricsSystemImpl.java:register(276)) - Sink prometheus already exists!
2019-10-01 21:07:58,720 [main] INFO  server.BaseHttpServer (BaseHttpServer.java:updateConnectorAddress(215)) - HTTP server of SCM is listening at http://0.0.0.0:38055
2019-10-01 21:07:58,721 [main] WARN  server.ServerUtils (ServerUtils.java:getDBPath(222)) - ozone.om.db.dirs is not configured. We recommend adding this setting. Falling back to ozone.metadata.dirs instead.
2019-10-01 21:07:58,722 [org.apache.hadoop.util.JvmPauseMonitor$Monitor@42505474] INFO  util.JvmPauseMonitor (JvmPauseMonitor.java:run(188)) - Starting JVM pause monitor
2019-10-01 21:07:58,736 [main] WARN  server.ServerUtils (ServerUtils.java:getDBPath(222)) - ozone.om.db.dirs is not configured. We recommend adding this setting. Falling back to ozone.metadata.dirs instead.
2019-10-01 21:07:58,736 [main] WARN  server.ServerUtils (ServerUtils.java:getDBPath(222)) - ozone.om.db.dirs is not configured. We recommend adding this setting. Falling back to ozone.metadata.dirs instead.
2019-10-01 21:07:58,737 [main] INFO  om.OzoneManager (OzoneManager.java:setOMNodeDetails(652)) - OM Service ID is not set. Setting it to the default ID: omServiceIdDefault
2019-10-01 21:07:58,737 [main] INFO  om.OzoneManager (OzoneManager.java:setOMNodeDetails(658)) - OM Node ID is not set. Setting it to the OmStorage's OmID: 7dde6e5a-cf49-4226-b6f1-50747504b7f0
2019-10-01 21:07:58,737 [main] INFO  om.OzoneManager (OzoneManager.java:loadOMHAConfigs(609)) - Found matching OM address with OMServiceId: null, OMNodeId: null, RPC Address: localhost:0 and Ratis port: 9872
2019-10-01 21:07:58,745 [main] WARN  server.ServerUtils (ServerUtils.java:getDBPath(222)) - ozone.om.db.dirs is not configured. We recommend adding this setting. Falling back to ozone.metadata.dirs instead.
2019-10-01 21:07:58,745 [main] INFO  db.DBStoreBuilder (DBStoreBuilder.java:addTable(110)) - using custom profile for table: userTable
2019-10-01 21:07:58,745 [main] INFO  db.DBStoreBuilder (DBStoreBuilder.java:processTables(161)) - Using default column profile:DBProfile.DISK for Table:userTable
2019-10-01 21:07:58,745 [main] INFO  db.DBStoreBuilder (DBStoreBuilder.java:addTable(110)) - using custom profile for table: volumeTable
2019-10-01 21:07:58,746 [main] INFO  db.DBStoreBuilder (DBStoreBuilder.java:processTables(161)) - Using default column profile:DBProfile.DISK for Table:volumeTable
2019-10-01 21:07:58,746 [main] INFO  db.DBStoreBuilder (DBStoreBuilder.java:addTable(110)) - using custom profile for table: bucketTable
2019-10-01 21:07:58,746 [main] INFO  db.DBStoreBuilder (DBStoreBuilder.java:processTables(161)) - Using default column profile:DBProfile.DISK for Table:bucketTable
2019-10-01 21:07:58,746 [main] INFO  db.DBStoreBuilder (DBStoreBuilder.java:addTable(110)) - using custom profile for table: keyTable
2019-10-01 21:07:58,746 [main] INFO  db.DBStoreBuilder (DBStoreBuilder.java:processTables(161)) - Using default column profile:DBProfile.DISK for Table:keyTable
2019-10-01 21:07:58,746 [main] INFO  db.DBStoreBuilder (DBStoreBuilder.java:addTable(110)) - using custom profile for table: deletedTable
2019-10-01 21:07:58,747 [main] INFO  db.DBStoreBuilder (DBStoreBuilder.java:processTables(161)) - Using default column profile:DBProfile.DISK for Table:deletedTable
2019-10-01 21:07:58,747 [main] INFO  db.DBStoreBuilder (DBStoreBuilder.java:addTable(110)) - using custom profile for table: openKeyTable
2019-10-01 21:07:58,747 [main] INFO  db.DBStoreBuilder (DBStoreBuilder.java:processTables(161)) - Using default column profile:DBProfile.DISK for Table:openKeyTable
2019-10-01 21:07:58,747 [main] INFO  db.DBStoreBuilder (DBStoreBuilder.java:addTable(110)) - using custom profile for table: s3Table
2019-10-01 21:07:58,747 [main] INFO  db.DBStoreBuilder (DBStoreBuilder.java:processTables(161)) - Using default column profile:DBProfile.DISK for Table:s3Table
2019-10-01 21:07:58,748 [main] INFO  db.DBStoreBuilder (DBStoreBuilder.java:addTable(110)) - using custom profile for table: multipartInfoTable
2019-10-01 21:07:58,748 [main] INFO  db.DBStoreBuilder (DBStoreBuilder.java:processTables(161)) - Using default column profile:DBProfile.DISK for Table:multipartInfoTable
2019-10-01 21:07:58,748 [main] INFO  db.DBStoreBuilder (DBStoreBuilder.java:addTable(110)) - using custom profile for table: dTokenTable
2019-10-01 21:07:58,748 [main] INFO  db.DBStoreBuilder (DBStoreBuilder.java:processTables(161)) - Using default column profile:DBProfile.DISK for Table:dTokenTable
2019-10-01 21:07:58,748 [main] INFO  db.DBStoreBuilder (DBStoreBuilder.java:addTable(110)) - using custom profile for table: s3SecretTable
2019-10-01 21:07:58,748 [main] INFO  db.DBStoreBuilder (DBStoreBuilder.java:processTables(161)) - Using default column profile:DBProfile.DISK for Table:s3SecretTable
2019-10-01 21:07:58,749 [main] INFO  db.DBStoreBuilder (DBStoreBuilder.java:addTable(110)) - using custom profile for table: prefixTable
2019-10-01 21:07:58,749 [main] INFO  db.DBStoreBuilder (DBStoreBuilder.java:processTables(161)) - Using default column profile:DBProfile.DISK for Table:prefixTable
2019-10-01 21:07:58,749 [main] INFO  db.DBStoreBuilder (DBStoreBuilder.java:addTable(110)) - using custom profile for table: default
2019-10-01 21:07:58,749 [main] INFO  db.DBStoreBuilder (DBStoreBuilder.java:processTables(167)) - Using default column profile:DBProfile.DISK for Table:default
2019-10-01 21:07:58,749 [main] INFO  db.DBStoreBuilder (DBStoreBuilder.java:getDbProfile(198)) - Using default options. DBProfile.DISK
2019-10-01 21:07:59,208 [main] INFO  ipc.CallQueueManager (CallQueueManager.java:<init>(84)) - Using callQueue: class java.util.concurrent.LinkedBlockingQueue, queueCapacity: 2000, scheduler: class org.apache.hadoop.ipc.DefaultRpcScheduler, ipcBackoff: false.
2019-10-01 21:07:59,209 [Socket Reader #1 for port 34047] INFO  ipc.Server (Server.java:run(1074)) - Starting Socket Reader #1 for port 34047
2019-10-01 21:07:59,221 [main] INFO  om.OzoneManager (OzoneManager.java:start(1243)) - OzoneManager RPC server is listening at localhost/127.0.0.1:34047
2019-10-01 21:07:59,221 [main] INFO  impl.MetricsSystemImpl (MetricsSystemImpl.java:init(158)) - OzoneManager metrics system started (again)
2019-10-01 21:07:59,222 [IPC Server Responder] INFO  ipc.Server (Server.java:run(1314)) - IPC Server Responder: starting
2019-10-01 21:07:59,222 [IPC Server listener on 34047] INFO  ipc.Server (Server.java:run(1153)) - IPC Server listener on 34047: starting
2019-10-01 21:07:59,228 [main] INFO  hdfs.DFSUtil (DFSUtil.java:httpServerTemplateForNNAndJN(1641)) - Starting Web-server for ozoneManager at: http://0.0.0.0:0
2019-10-01 21:07:59,229 [main] INFO  server.AuthenticationFilter (AuthenticationFilter.java:constructSecretProvider(240)) - Unable to initialize FileSignerSecretProvider, falling back to use random secrets.
2019-10-01 21:07:59,230 [main] WARN  http.HttpRequestLog (HttpRequestLog.java:getRequestLog(97)) - Jetty request log can only be enabled using Log4j
2019-10-01 21:07:59,231 [main] INFO  http.HttpServer2 (HttpServer2.java:addGlobalFilter(975)) - Added global filter 'safety' (class=org.apache.hadoop.http.HttpServer2$QuotingInputFilter)
2019-10-01 21:07:59,232 [main] INFO  http.HttpServer2 (HttpServer2.java:addFilter(948)) - Added filter static_user_filter (class=org.apache.hadoop.http.lib.StaticUserWebFilter$StaticUserFilter) to context ozoneManager
2019-10-01 21:07:59,232 [main] INFO  http.HttpServer2 (HttpServer2.java:addFilter(958)) - Added filter static_user_filter (class=org.apache.hadoop.http.lib.StaticUserWebFilter$StaticUserFilter) to context logs
2019-10-01 21:07:59,232 [main] INFO  http.HttpServer2 (HttpServer2.java:addFilter(958)) - Added filter static_user_filter (class=org.apache.hadoop.http.lib.StaticUserWebFilter$StaticUserFilter) to context static
2019-10-01 21:07:59,233 [main] INFO  http.HttpServer2 (HttpServer2.java:bindListener(1191)) - Jetty bound to port 43359
2019-10-01 21:07:59,233 [main] INFO  server.Server (Server.java:doStart(351)) - jetty-9.3.25.v20180904, build timestamp: 2018-09-04T21:11:46Z, git hash: 3ce520221d0240229c862b122d2b06c12a625732
2019-10-01 21:07:59,234 [main] INFO  handler.ContextHandler (ContextHandler.java:doStart(781)) - Started o.e.j.s.ServletContextHandler@708eb310{/logs,file:///workdir/hadoop-ozone/integration-test/target/log,AVAILABLE}
2019-10-01 21:07:59,235 [main] INFO  handler.ContextHandler (ContextHandler.java:doStart(781)) - Started o.e.j.s.ServletContextHandler@1e977098{/static,file:///workdir/hadoop-ozone/integration-test/target/test-classes/webapps/static,AVAILABLE}
2019-10-01 21:07:59,239 [main] INFO  handler.ContextHandler (ContextHandler.java:doStart(781)) - Started o.e.j.w.WebAppContext@6d091cad{/,file:///workdir/hadoop-ozone/integration-test/target/test-classes/webapps/ozoneManager/,AVAILABLE}{/ozoneManager}
2019-10-01 21:07:59,239 [main] INFO  server.AbstractConnector (AbstractConnector.java:doStart(278)) - Started ServerConnector@7c663eaf{HTTP/1.1,[http/1.1]}{0.0.0.0:43359}
2019-10-01 21:07:59,240 [main] INFO  server.Server (Server.java:doStart(419)) - Started @55277ms
2019-10-01 21:07:59,240 [main] WARN  impl.MetricsSystemImpl (MetricsSystemImpl.java:register(276)) - Sink prometheus already exists!
2019-10-01 21:07:59,241 [main] INFO  server.BaseHttpServer (BaseHttpServer.java:updateConnectorAddress(215)) - HTTP server of OZONEMANAGER is listening at http://0.0.0.0:43359
2019-10-01 21:07:59,254 [main] INFO  impl.MetricsSystemImpl (MetricsSystemImpl.java:init(158)) - HddsDatanode metrics system started (again)
2019-10-01 21:07:59,256 [main] INFO  ozone.HddsDatanodeService (HddsDatanodeService.java:start(184)) - HddsDatanodeService host:pr-hdds-2213-2l6tc-3189445122 ip:192.168.5.177
2019-10-01 21:07:59,262 [main] INFO  volume.HddsVolume (HddsVolume.java:<init>(176)) - Creating Volume: /workdir/hadoop-ozone/integration-test/target/test-dir/MiniOzoneClusterImpl-37790afc-6890-41f5-9aa1-2f370bad822b/datanode-0/data/containers/hdds of  storage type : DISK and capacity : 1482555576320
2019-10-01 21:07:59,262 [main] INFO  volume.VolumeSet (VolumeSet.java:initializeVolumeSet(170)) - Added Volume : /workdir/hadoop-ozone/integration-test/target/test-dir/MiniOzoneClusterImpl-37790afc-6890-41f5-9aa1-2f370bad822b/datanode-0/data/containers/hdds to VolumeSet
2019-10-01 21:07:59,262 [main] INFO  volume.ThrottledAsyncChecker (ThrottledAsyncChecker.java:schedule(139)) - Scheduling a check for org.apache.hadoop.ozone.container.common.volume.HddsVolume@4ceff87d
2019-10-01 21:07:59,264 [main] INFO  volume.HddsVolumeChecker (HddsVolumeChecker.java:checkAllVolumes(202)) - Scheduled health check for volume org.apache.hadoop.ozone.container.common.volume.HddsVolume@4ceff87d
2019-10-01 21:07:59,276 [main] INFO  impl.RaftServerProxy (ConfUtils.java:logGet(43)) - raft.rpc.type = GRPC (default)
2019-10-01 21:07:59,276 [main] INFO  grpc.GrpcFactory (GrpcFactory.java:checkPooledByteBufAllocatorUseCacheForAllThreads(45)) - PERFORMANCE WARNING: useCacheForAllThreads is true that may cause Netty to create a lot garbage objects and, as a result, trigger GC.
	It is recommended to disable useCacheForAllThreads by setting -Dorg.apache.ratis.thirdparty.io.netty.allocator.useCacheForAllThreads=false in command line.
2019-10-01 21:07:59,276 [main] INFO  grpc.GrpcConfigKeys$Server (ConfUtils.java:logGet(43)) - raft.grpc.server.port = 0 (default)
2019-10-01 21:07:59,276 [main] INFO  server.GrpcService (ConfUtils.java:logGet(43)) - raft.grpc.message.size.max = 33570816 (custom)
2019-10-01 21:07:59,276 [main] INFO  server.RaftServerConfigKeys (ConfUtils.java:logGet(43)) - raft.server.log.appender.buffer.byte-limit = 33554432 (custom)
2019-10-01 21:07:59,277 [main] INFO  server.GrpcService (ConfUtils.java:logGet(43)) - raft.grpc.flow.control.window = 1MB (=1048576) (default)
2019-10-01 21:07:59,277 [main] INFO  server.RaftServerConfigKeys (ConfUtils.java:logGet(43)) - raft.server.rpc.request.timeout = 3000ms (default)
2019-10-01 21:07:59,278 [main] INFO  server.RaftServerConfigKeys (ConfUtils.java:logGet(43)) - raft.server.storage.dir = [/workdir/hadoop-ozone/integration-test/target/test-dir/MiniOzoneClusterImpl-37790afc-6890-41f5-9aa1-2f370bad822b/datanode-0/data/ratis] (custom)
2019-10-01 21:07:59,279 [main] INFO  hdfs.DFSUtil (DFSUtil.java:httpServerTemplateForNNAndJN(1641)) - Starting Web-server for hddsDatanode at: http://0.0.0.0:0
2019-10-01 21:07:59,280 [main] INFO  server.AuthenticationFilter (AuthenticationFilter.java:constructSecretProvider(240)) - Unable to initialize FileSignerSecretProvider, falling back to use random secrets.
2019-10-01 21:07:59,280 [main] WARN  http.HttpRequestLog (HttpRequestLog.java:getRequestLog(97)) - Jetty request log can only be enabled using Log4j
2019-10-01 21:07:59,282 [main] INFO  http.HttpServer2 (HttpServer2.java:addGlobalFilter(975)) - Added global filter 'safety' (class=org.apache.hadoop.http.HttpServer2$QuotingInputFilter)
2019-10-01 21:07:59,282 [main] INFO  http.HttpServer2 (HttpServer2.java:addFilter(948)) - Added filter static_user_filter (class=org.apache.hadoop.http.lib.StaticUserWebFilter$StaticUserFilter) to context hddsDatanode
2019-10-01 21:07:59,282 [main] INFO  http.HttpServer2 (HttpServer2.java:addFilter(958)) - Added filter static_user_filter (class=org.apache.hadoop.http.lib.StaticUserWebFilter$StaticUserFilter) to context static
2019-10-01 21:07:59,282 [main] INFO  http.HttpServer2 (HttpServer2.java:addFilter(958)) - Added filter static_user_filter (class=org.apache.hadoop.http.lib.StaticUserWebFilter$StaticUserFilter) to context logs
2019-10-01 21:07:59,283 [main] INFO  http.HttpServer2 (HttpServer2.java:bindListener(1191)) - Jetty bound to port 37987
2019-10-01 21:07:59,283 [main] INFO  server.Server (Server.java:doStart(351)) - jetty-9.3.25.v20180904, build timestamp: 2018-09-04T21:11:46Z, git hash: 3ce520221d0240229c862b122d2b06c12a625732
2019-10-01 21:07:59,285 [main] INFO  handler.ContextHandler (ContextHandler.java:doStart(781)) - Started o.e.j.s.ServletContextHandler@d3f4505{/logs,file:///workdir/hadoop-ozone/integration-test/target/log,AVAILABLE}
2019-10-01 21:07:59,285 [main] INFO  handler.ContextHandler (ContextHandler.java:doStart(781)) - Started o.e.j.s.ServletContextHandler@7fd987ef{/static,jar:file:/home/user/.m2/repository/org/apache/hadoop/hadoop-hdds-container-service/0.5.0-SNAPSHOT/hadoop-hdds-container-service-0.5.0-SNAPSHOT.jar!/webapps/static,AVAILABLE}
2019-10-01 21:07:59,309 [main] INFO  handler.ContextHandler (ContextHandler.java:doStart(781)) - Started o.e.j.w.WebAppContext@1d8b0500{/,file:///tmp/jetty-0.0.0.0-37987-hddsDatanode-_-any-4188714215550116093.dir/webapp/,AVAILABLE}{/hddsDatanode}
2019-10-01 21:07:59,309 [main] INFO  server.AbstractConnector (AbstractConnector.java:doStart(278)) - Started ServerConnector@76544c0a{HTTP/1.1,[http/1.1]}{0.0.0.0:37987}
2019-10-01 21:07:59,310 [main] INFO  server.Server (Server.java:doStart(419)) - Started @55348ms
2019-10-01 21:07:59,310 [main] WARN  impl.MetricsSystemImpl (MetricsSystemImpl.java:register(276)) - Sink prometheus already exists!
2019-10-01 21:07:59,311 [main] INFO  server.BaseHttpServer (BaseHttpServer.java:updateConnectorAddress(215)) - HTTP server of HDDSDATANODE is listening at http://0.0.0.0:37987
2019-10-01 21:07:59,311 [main] INFO  impl.MetricsSystemImpl (MetricsSystemImpl.java:init(158)) - HddsDatanode metrics system started (again)
2019-10-01 21:07:59,315 [main] INFO  ozone.HddsDatanodeService (HddsDatanodeService.java:start(184)) - HddsDatanodeService host:pr-hdds-2213-2l6tc-3189445122 ip:192.168.5.177
2019-10-01 21:07:59,315 [org.apache.hadoop.util.JvmPauseMonitor$Monitor@a8c9de4] INFO  util.JvmPauseMonitor (JvmPauseMonitor.java:run(188)) - Starting JVM pause monitor
2019-10-01 21:07:59,317 [Datanode State Machine Thread - 0] INFO  datanode.InitDatanodeState (InitDatanodeState.java:persistContainerDatanodeDetails(140)) - DatanodeDetails is persisted to /workdir/hadoop-ozone/integration-test/target/test-dir/MiniOzoneClusterImpl-37790afc-6890-41f5-9aa1-2f370bad822b/datanode-0/meta/datanode.id
2019-10-01 21:07:59,321 [main] INFO  volume.HddsVolume (HddsVolume.java:<init>(176)) - Creating Volume: /workdir/hadoop-ozone/integration-test/target/test-dir/MiniOzoneClusterImpl-37790afc-6890-41f5-9aa1-2f370bad822b/datanode-1/data/containers/hdds of  storage type : DISK and capacity : 1482555576320
2019-10-01 21:07:59,321 [main] INFO  volume.VolumeSet (VolumeSet.java:initializeVolumeSet(170)) - Added Volume : /workdir/hadoop-ozone/integration-test/target/test-dir/MiniOzoneClusterImpl-37790afc-6890-41f5-9aa1-2f370bad822b/datanode-1/data/containers/hdds to VolumeSet
2019-10-01 21:07:59,321 [main] INFO  volume.ThrottledAsyncChecker (ThrottledAsyncChecker.java:schedule(139)) - Scheduling a check for org.apache.hadoop.ozone.container.common.volume.HddsVolume@d902300
2019-10-01 21:07:59,322 [main] INFO  volume.HddsVolumeChecker (HddsVolumeChecker.java:checkAllVolumes(202)) - Scheduled health check for volume org.apache.hadoop.ozone.container.common.volume.HddsVolume@d902300
2019-10-01 21:07:59,332 [main] INFO  impl.RaftServerProxy (ConfUtils.java:logGet(43)) - raft.rpc.type = GRPC (default)
2019-10-01 21:07:59,332 [main] INFO  grpc.GrpcFactory (GrpcFactory.java:checkPooledByteBufAllocatorUseCacheForAllThreads(45)) - PERFORMANCE WARNING: useCacheForAllThreads is true that may cause Netty to create a lot garbage objects and, as a result, trigger GC.
	It is recommended to disable useCacheForAllThreads by setting -Dorg.apache.ratis.thirdparty.io.netty.allocator.useCacheForAllThreads=false in command line.
2019-10-01 21:07:59,332 [main] INFO  grpc.GrpcConfigKeys$Server (ConfUtils.java:logGet(43)) - raft.grpc.server.port = 0 (default)
2019-10-01 21:07:59,333 [main] INFO  server.GrpcService (ConfUtils.java:logGet(43)) - raft.grpc.message.size.max = 33570816 (custom)
2019-10-01 21:07:59,333 [main] INFO  server.RaftServerConfigKeys (ConfUtils.java:logGet(43)) - raft.server.log.appender.buffer.byte-limit = 33554432 (custom)
2019-10-01 21:07:59,333 [main] INFO  server.GrpcService (ConfUtils.java:logGet(43)) - raft.grpc.flow.control.window = 1MB (=1048576) (default)
2019-10-01 21:07:59,333 [main] INFO  server.RaftServerConfigKeys (ConfUtils.java:logGet(43)) - raft.server.rpc.request.timeout = 3000ms (default)
2019-10-01 21:07:59,334 [main] INFO  server.RaftServerConfigKeys (ConfUtils.java:logGet(43)) - raft.server.storage.dir = [/workdir/hadoop-ozone/integration-test/target/test-dir/MiniOzoneClusterImpl-37790afc-6890-41f5-9aa1-2f370bad822b/datanode-1/data/ratis] (custom)
2019-10-01 21:07:59,335 [main] INFO  hdfs.DFSUtil (DFSUtil.java:httpServerTemplateForNNAndJN(1641)) - Starting Web-server for hddsDatanode at: http://0.0.0.0:0
2019-10-01 21:07:59,336 [main] INFO  server.AuthenticationFilter (AuthenticationFilter.java:constructSecretProvider(240)) - Unable to initialize FileSignerSecretProvider, falling back to use random secrets.
2019-10-01 21:07:59,336 [main] WARN  http.HttpRequestLog (HttpRequestLog.java:getRequestLog(97)) - Jetty request log can only be enabled using Log4j
2019-10-01 21:07:59,337 [main] INFO  http.HttpServer2 (HttpServer2.java:addGlobalFilter(975)) - Added global filter 'safety' (class=org.apache.hadoop.http.HttpServer2$QuotingInputFilter)
2019-10-01 21:07:59,338 [main] INFO  http.HttpServer2 (HttpServer2.java:addFilter(948)) - Added filter static_user_filter (class=org.apache.hadoop.http.lib.StaticUserWebFilter$StaticUserFilter) to context hddsDatanode
2019-10-01 21:07:59,338 [main] INFO  http.HttpServer2 (HttpServer2.java:addFilter(958)) - Added filter static_user_filter (class=org.apache.hadoop.http.lib.StaticUserWebFilter$StaticUserFilter) to context logs
2019-10-01 21:07:59,338 [main] INFO  http.HttpServer2 (HttpServer2.java:addFilter(958)) - Added filter static_user_filter (class=org.apache.hadoop.http.lib.StaticUserWebFilter$StaticUserFilter) to context static
2019-10-01 21:07:59,339 [main] INFO  http.HttpServer2 (HttpServer2.java:bindListener(1191)) - Jetty bound to port 42269
2019-10-01 21:07:59,339 [main] INFO  server.Server (Server.java:doStart(351)) - jetty-9.3.25.v20180904, build timestamp: 2018-09-04T21:11:46Z, git hash: 3ce520221d0240229c862b122d2b06c12a625732
2019-10-01 21:07:59,340 [main] INFO  handler.ContextHandler (ContextHandler.java:doStart(781)) - Started o.e.j.s.ServletContextHandler@b73433{/logs,file:///workdir/hadoop-ozone/integration-test/target/log,AVAILABLE}
2019-10-01 21:07:59,341 [main] INFO  handler.ContextHandler (ContextHandler.java:doStart(781)) - Started o.e.j.s.ServletContextHandler@5a545b0f{/static,jar:file:/home/user/.m2/repository/org/apache/hadoop/hadoop-hdds-container-service/0.5.0-SNAPSHOT/hadoop-hdds-container-service-0.5.0-SNAPSHOT.jar!/webapps/static,AVAILABLE}
2019-10-01 21:07:59,364 [main] INFO  handler.ContextHandler (ContextHandler.java:doStart(781)) - Started o.e.j.w.WebAppContext@70025b99{/,file:///tmp/jetty-0.0.0.0-42269-hddsDatanode-_-any-8331446287107858929.dir/webapp/,AVAILABLE}{/hddsDatanode}
2019-10-01 21:07:59,364 [main] INFO  server.AbstractConnector (AbstractConnector.java:doStart(278)) - Started ServerConnector@7efa3f63{HTTP/1.1,[http/1.1]}{0.0.0.0:42269}
2019-10-01 21:07:59,365 [main] INFO  server.Server (Server.java:doStart(419)) - Started @55403ms
2019-10-01 21:07:59,366 [main] WARN  impl.MetricsSystemImpl (MetricsSystemImpl.java:register(276)) - Sink prometheus already exists!
2019-10-01 21:07:59,366 [main] INFO  server.BaseHttpServer (BaseHttpServer.java:updateConnectorAddress(215)) - HTTP server of HDDSDATANODE is listening at http://0.0.0.0:42269
2019-10-01 21:07:59,367 [main] INFO  impl.MetricsSystemImpl (MetricsSystemImpl.java:init(158)) - HddsDatanode metrics system started (again)
2019-10-01 21:07:59,371 [org.apache.hadoop.util.JvmPauseMonitor$Monitor@c7be974] INFO  util.JvmPauseMonitor (JvmPauseMonitor.java:run(188)) - Starting JVM pause monitor
2019-10-01 21:07:59,371 [main] INFO  ozone.HddsDatanodeService (HddsDatanodeService.java:start(184)) - HddsDatanodeService host:pr-hdds-2213-2l6tc-3189445122 ip:192.168.5.177
2019-10-01 21:07:59,373 [Datanode State Machine Thread - 0] INFO  datanode.InitDatanodeState (InitDatanodeState.java:persistContainerDatanodeDetails(140)) - DatanodeDetails is persisted to /workdir/hadoop-ozone/integration-test/target/test-dir/MiniOzoneClusterImpl-37790afc-6890-41f5-9aa1-2f370bad822b/datanode-1/meta/datanode.id
2019-10-01 21:07:59,376 [main] INFO  volume.HddsVolume (HddsVolume.java:<init>(176)) - Creating Volume: /workdir/hadoop-ozone/integration-test/target/test-dir/MiniOzoneClusterImpl-37790afc-6890-41f5-9aa1-2f370bad822b/datanode-2/data/containers/hdds of  storage type : DISK and capacity : 1482555576320
2019-10-01 21:07:59,377 [main] INFO  volume.VolumeSet (VolumeSet.java:initializeVolumeSet(170)) - Added Volume : /workdir/hadoop-ozone/integration-test/target/test-dir/MiniOzoneClusterImpl-37790afc-6890-41f5-9aa1-2f370bad822b/datanode-2/data/containers/hdds to VolumeSet
2019-10-01 21:07:59,377 [main] INFO  volume.ThrottledAsyncChecker (ThrottledAsyncChecker.java:schedule(139)) - Scheduling a check for org.apache.hadoop.ozone.container.common.volume.HddsVolume@a09303
2019-10-01 21:07:59,377 [main] INFO  volume.HddsVolumeChecker (HddsVolumeChecker.java:checkAllVolumes(202)) - Scheduled health check for volume org.apache.hadoop.ozone.container.common.volume.HddsVolume@a09303
2019-10-01 21:07:59,393 [main] INFO  impl.RaftServerProxy (ConfUtils.java:logGet(43)) - raft.rpc.type = GRPC (default)
2019-10-01 21:07:59,393 [main] INFO  grpc.GrpcFactory (GrpcFactory.java:checkPooledByteBufAllocatorUseCacheForAllThreads(45)) - PERFORMANCE WARNING: useCacheForAllThreads is true that may cause Netty to create a lot garbage objects and, as a result, trigger GC.
	It is recommended to disable useCacheForAllThreads by setting -Dorg.apache.ratis.thirdparty.io.netty.allocator.useCacheForAllThreads=false in command line.
2019-10-01 21:07:59,394 [main] INFO  grpc.GrpcConfigKeys$Server (ConfUtils.java:logGet(43)) - raft.grpc.server.port = 0 (default)
2019-10-01 21:07:59,394 [main] INFO  server.GrpcService (ConfUtils.java:logGet(43)) - raft.grpc.message.size.max = 33570816 (custom)
2019-10-01 21:07:59,394 [main] INFO  server.RaftServerConfigKeys (ConfUtils.java:logGet(43)) - raft.server.log.appender.buffer.byte-limit = 33554432 (custom)
2019-10-01 21:07:59,394 [main] INFO  server.GrpcService (ConfUtils.java:logGet(43)) - raft.grpc.flow.control.window = 1MB (=1048576) (default)
2019-10-01 21:07:59,394 [main] INFO  server.RaftServerConfigKeys (ConfUtils.java:logGet(43)) - raft.server.rpc.request.timeout = 3000ms (default)
2019-10-01 21:07:59,395 [main] INFO  server.RaftServerConfigKeys (ConfUtils.java:logGet(43)) - raft.server.storage.dir = [/workdir/hadoop-ozone/integration-test/target/test-dir/MiniOzoneClusterImpl-37790afc-6890-41f5-9aa1-2f370bad822b/datanode-2/data/ratis] (custom)
2019-10-01 21:07:59,396 [main] INFO  hdfs.DFSUtil (DFSUtil.java:httpServerTemplateForNNAndJN(1641)) - Starting Web-server for hddsDatanode at: http://0.0.0.0:0
2019-10-01 21:07:59,397 [main] INFO  server.AuthenticationFilter (AuthenticationFilter.java:constructSecretProvider(240)) - Unable to initialize FileSignerSecretProvider, falling back to use random secrets.
2019-10-01 21:07:59,397 [main] WARN  http.HttpRequestLog (HttpRequestLog.java:getRequestLog(97)) - Jetty request log can only be enabled using Log4j
2019-10-01 21:07:59,398 [main] INFO  http.HttpServer2 (HttpServer2.java:addGlobalFilter(975)) - Added global filter 'safety' (class=org.apache.hadoop.http.HttpServer2$QuotingInputFilter)
2019-10-01 21:07:59,400 [main] INFO  http.HttpServer2 (HttpServer2.java:addFilter(948)) - Added filter static_user_filter (class=org.apache.hadoop.http.lib.StaticUserWebFilter$StaticUserFilter) to context hddsDatanode
2019-10-01 21:07:59,400 [main] INFO  http.HttpServer2 (HttpServer2.java:addFilter(958)) - Added filter static_user_filter (class=org.apache.hadoop.http.lib.StaticUserWebFilter$StaticUserFilter) to context logs
2019-10-01 21:07:59,400 [main] INFO  http.HttpServer2 (HttpServer2.java:addFilter(958)) - Added filter static_user_filter (class=org.apache.hadoop.http.lib.StaticUserWebFilter$StaticUserFilter) to context static
2019-10-01 21:07:59,401 [main] INFO  http.HttpServer2 (HttpServer2.java:bindListener(1191)) - Jetty bound to port 39363
2019-10-01 21:07:59,401 [main] INFO  server.Server (Server.java:doStart(351)) - jetty-9.3.25.v20180904, build timestamp: 2018-09-04T21:11:46Z, git hash: 3ce520221d0240229c862b122d2b06c12a625732
2019-10-01 21:07:59,403 [main] INFO  handler.ContextHandler (ContextHandler.java:doStart(781)) - Started o.e.j.s.ServletContextHandler@3a7e365{/logs,file:///workdir/hadoop-ozone/integration-test/target/log,AVAILABLE}
2019-10-01 21:07:59,404 [main] INFO  handler.ContextHandler (ContextHandler.java:doStart(781)) - Started o.e.j.s.ServletContextHandler@12a470dd{/static,jar:file:/home/user/.m2/repository/org/apache/hadoop/hadoop-hdds-container-service/0.5.0-SNAPSHOT/hadoop-hdds-container-service-0.5.0-SNAPSHOT.jar!/webapps/static,AVAILABLE}
2019-10-01 21:07:59,427 [main] INFO  handler.ContextHandler (ContextHandler.java:doStart(781)) - Started o.e.j.w.WebAppContext@3af58f76{/,file:///tmp/jetty-0.0.0.0-39363-hddsDatanode-_-any-2030151806030522602.dir/webapp/,AVAILABLE}{/hddsDatanode}
2019-10-01 21:07:59,427 [main] INFO  server.AbstractConnector (AbstractConnector.java:doStart(278)) - Started ServerConnector@2ead6ba4{HTTP/1.1,[http/1.1]}{0.0.0.0:39363}
2019-10-01 21:07:59,428 [main] INFO  server.Server (Server.java:doStart(419)) - Started @55466ms
2019-10-01 21:07:59,429 [main] WARN  impl.MetricsSystemImpl (MetricsSystemImpl.java:register(276)) - Sink prometheus already exists!
2019-10-01 21:07:59,429 [main] INFO  server.BaseHttpServer (BaseHttpServer.java:updateConnectorAddress(215)) - HTTP server of HDDSDATANODE is listening at http://0.0.0.0:39363
2019-10-01 21:07:59,429 [main] INFO  impl.MetricsSystemImpl (MetricsSystemImpl.java:init(158)) - HddsDatanode metrics system started (again)
2019-10-01 21:07:59,433 [org.apache.hadoop.util.JvmPauseMonitor$Monitor@5e62ab72] INFO  util.JvmPauseMonitor (JvmPauseMonitor.java:run(188)) - Starting JVM pause monitor
2019-10-01 21:07:59,433 [main] INFO  ozone.HddsDatanodeService (HddsDatanodeService.java:start(184)) - HddsDatanodeService host:pr-hdds-2213-2l6tc-3189445122 ip:192.168.5.177
2019-10-01 21:07:59,436 [Datanode State Machine Thread - 0] INFO  datanode.InitDatanodeState (InitDatanodeState.java:persistContainerDatanodeDetails(140)) - DatanodeDetails is persisted to /workdir/hadoop-ozone/integration-test/target/test-dir/MiniOzoneClusterImpl-37790afc-6890-41f5-9aa1-2f370bad822b/datanode-2/meta/datanode.id
2019-10-01 21:07:59,440 [main] INFO  volume.HddsVolume (HddsVolume.java:<init>(176)) - Creating Volume: /workdir/hadoop-ozone/integration-test/target/test-dir/MiniOzoneClusterImpl-37790afc-6890-41f5-9aa1-2f370bad822b/datanode-3/data/containers/hdds of  storage type : DISK and capacity : 1482555576320
2019-10-01 21:07:59,441 [main] INFO  volume.VolumeSet (VolumeSet.java:initializeVolumeSet(170)) - Added Volume : /workdir/hadoop-ozone/integration-test/target/test-dir/MiniOzoneClusterImpl-37790afc-6890-41f5-9aa1-2f370bad822b/datanode-3/data/containers/hdds to VolumeSet
2019-10-01 21:07:59,441 [main] INFO  volume.ThrottledAsyncChecker (ThrottledAsyncChecker.java:schedule(139)) - Scheduling a check for org.apache.hadoop.ozone.container.common.volume.HddsVolume@80b122b
2019-10-01 21:07:59,442 [main] INFO  volume.HddsVolumeChecker (HddsVolumeChecker.java:checkAllVolumes(202)) - Scheduled health check for volume org.apache.hadoop.ozone.container.common.volume.HddsVolume@80b122b
2019-10-01 21:07:59,460 [main] INFO  impl.RaftServerProxy (ConfUtils.java:logGet(43)) - raft.rpc.type = GRPC (default)
2019-10-01 21:07:59,460 [main] INFO  grpc.GrpcFactory (GrpcFactory.java:checkPooledByteBufAllocatorUseCacheForAllThreads(45)) - PERFORMANCE WARNING: useCacheForAllThreads is true that may cause Netty to create a lot garbage objects and, as a result, trigger GC.
	It is recommended to disable useCacheForAllThreads by setting -Dorg.apache.ratis.thirdparty.io.netty.allocator.useCacheForAllThreads=false in command line.
2019-10-01 21:07:59,460 [main] INFO  grpc.GrpcConfigKeys$Server (ConfUtils.java:logGet(43)) - raft.grpc.server.port = 0 (default)
2019-10-01 21:07:59,461 [main] INFO  server.GrpcService (ConfUtils.java:logGet(43)) - raft.grpc.message.size.max = 33570816 (custom)
2019-10-01 21:07:59,461 [main] INFO  server.RaftServerConfigKeys (ConfUtils.java:logGet(43)) - raft.server.log.appender.buffer.byte-limit = 33554432 (custom)
2019-10-01 21:07:59,461 [main] INFO  server.GrpcService (ConfUtils.java:logGet(43)) - raft.grpc.flow.control.window = 1MB (=1048576) (default)
2019-10-01 21:07:59,461 [main] INFO  server.RaftServerConfigKeys (ConfUtils.java:logGet(43)) - raft.server.rpc.request.timeout = 3000ms (default)
2019-10-01 21:07:59,462 [main] INFO  server.RaftServerConfigKeys (ConfUtils.java:logGet(43)) - raft.server.storage.dir = [/workdir/hadoop-ozone/integration-test/target/test-dir/MiniOzoneClusterImpl-37790afc-6890-41f5-9aa1-2f370bad822b/datanode-3/data/ratis] (custom)
2019-10-01 21:07:59,463 [main] INFO  hdfs.DFSUtil (DFSUtil.java:httpServerTemplateForNNAndJN(1641)) - Starting Web-server for hddsDatanode at: http://0.0.0.0:0
2019-10-01 21:07:59,464 [main] INFO  server.AuthenticationFilter (AuthenticationFilter.java:constructSecretProvider(240)) - Unable to initialize FileSignerSecretProvider, falling back to use random secrets.
2019-10-01 21:07:59,465 [main] WARN  http.HttpRequestLog (HttpRequestLog.java:getRequestLog(97)) - Jetty request log can only be enabled using Log4j
2019-10-01 21:07:59,466 [main] INFO  http.HttpServer2 (HttpServer2.java:addGlobalFilter(975)) - Added global filter 'safety' (class=org.apache.hadoop.http.HttpServer2$QuotingInputFilter)
2019-10-01 21:07:59,467 [main] INFO  http.HttpServer2 (HttpServer2.java:addFilter(948)) - Added filter static_user_filter (class=org.apache.hadoop.http.lib.StaticUserWebFilter$StaticUserFilter) to context hddsDatanode
2019-10-01 21:07:59,467 [main] INFO  http.HttpServer2 (HttpServer2.java:addFilter(958)) - Added filter static_user_filter (class=org.apache.hadoop.http.lib.StaticUserWebFilter$StaticUserFilter) to context logs
2019-10-01 21:07:59,467 [main] INFO  http.HttpServer2 (HttpServer2.java:addFilter(958)) - Added filter static_user_filter (class=org.apache.hadoop.http.lib.StaticUserWebFilter$StaticUserFilter) to context static
2019-10-01 21:07:59,468 [main] INFO  http.HttpServer2 (HttpServer2.java:bindListener(1191)) - Jetty bound to port 37249
2019-10-01 21:07:59,468 [main] INFO  server.Server (Server.java:doStart(351)) - jetty-9.3.25.v20180904, build timestamp: 2018-09-04T21:11:46Z, git hash: 3ce520221d0240229c862b122d2b06c12a625732
2019-10-01 21:07:59,469 [main] INFO  handler.ContextHandler (ContextHandler.java:doStart(781)) - Started o.e.j.s.ServletContextHandler@6870c3c2{/logs,file:///workdir/hadoop-ozone/integration-test/target/log,AVAILABLE}
2019-10-01 21:07:59,470 [main] INFO  handler.ContextHandler (ContextHandler.java:doStart(781)) - Started o.e.j.s.ServletContextHandler@1faf386c{/static,jar:file:/home/user/.m2/repository/org/apache/hadoop/hadoop-hdds-container-service/0.5.0-SNAPSHOT/hadoop-hdds-container-service-0.5.0-SNAPSHOT.jar!/webapps/static,AVAILABLE}
2019-10-01 21:07:59,497 [main] INFO  handler.ContextHandler (ContextHandler.java:doStart(781)) - Started o.e.j.w.WebAppContext@3c0e00a8{/,file:///tmp/jetty-0.0.0.0-37249-hddsDatanode-_-any-2052621279609325643.dir/webapp/,AVAILABLE}{/hddsDatanode}
2019-10-01 21:07:59,497 [main] INFO  server.AbstractConnector (AbstractConnector.java:doStart(278)) - Started ServerConnector@1860f3be{HTTP/1.1,[http/1.1]}{0.0.0.0:37249}
2019-10-01 21:07:59,499 [main] INFO  server.Server (Server.java:doStart(419)) - Started @55536ms
2019-10-01 21:07:59,499 [main] WARN  impl.MetricsSystemImpl (MetricsSystemImpl.java:register(276)) - Sink prometheus already exists!
2019-10-01 21:07:59,500 [main] INFO  server.BaseHttpServer (BaseHttpServer.java:updateConnectorAddress(215)) - HTTP server of HDDSDATANODE is listening at http://0.0.0.0:37249
2019-10-01 21:07:59,500 [main] INFO  impl.MetricsSystemImpl (MetricsSystemImpl.java:init(158)) - HddsDatanode metrics system started (again)
2019-10-01 21:07:59,504 [org.apache.hadoop.util.JvmPauseMonitor$Monitor@5f7a5f1c] INFO  util.JvmPauseMonitor (JvmPauseMonitor.java:run(188)) - Starting JVM pause monitor
2019-10-01 21:07:59,504 [main] INFO  ozone.HddsDatanodeService (HddsDatanodeService.java:start(184)) - HddsDatanodeService host:pr-hdds-2213-2l6tc-3189445122 ip:192.168.5.177
2019-10-01 21:07:59,505 [Datanode State Machine Thread - 0] INFO  datanode.InitDatanodeState (InitDatanodeState.java:persistContainerDatanodeDetails(140)) - DatanodeDetails is persisted to /workdir/hadoop-ozone/integration-test/target/test-dir/MiniOzoneClusterImpl-37790afc-6890-41f5-9aa1-2f370bad822b/datanode-3/meta/datanode.id
2019-10-01 21:07:59,509 [main] INFO  volume.HddsVolume (HddsVolume.java:<init>(176)) - Creating Volume: /workdir/hadoop-ozone/integration-test/target/test-dir/MiniOzoneClusterImpl-37790afc-6890-41f5-9aa1-2f370bad822b/datanode-4/data/containers/hdds of  storage type : DISK and capacity : 1482555576320
2019-10-01 21:07:59,510 [main] INFO  volume.VolumeSet (VolumeSet.java:initializeVolumeSet(170)) - Added Volume : /workdir/hadoop-ozone/integration-test/target/test-dir/MiniOzoneClusterImpl-37790afc-6890-41f5-9aa1-2f370bad822b/datanode-4/data/containers/hdds to VolumeSet
2019-10-01 21:07:59,510 [main] INFO  volume.ThrottledAsyncChecker (ThrottledAsyncChecker.java:schedule(139)) - Scheduling a check for org.apache.hadoop.ozone.container.common.volume.HddsVolume@70721c12
2019-10-01 21:07:59,510 [main] INFO  volume.HddsVolumeChecker (HddsVolumeChecker.java:checkAllVolumes(202)) - Scheduled health check for volume org.apache.hadoop.ozone.container.common.volume.HddsVolume@70721c12
2019-10-01 21:07:59,522 [main] INFO  impl.RaftServerProxy (ConfUtils.java:logGet(43)) - raft.rpc.type = GRPC (default)
2019-10-01 21:07:59,522 [main] INFO  grpc.GrpcFactory (GrpcFactory.java:checkPooledByteBufAllocatorUseCacheForAllThreads(45)) - PERFORMANCE WARNING: useCacheForAllThreads is true that may cause Netty to create a lot garbage objects and, as a result, trigger GC.
	It is recommended to disable useCacheForAllThreads by setting -Dorg.apache.ratis.thirdparty.io.netty.allocator.useCacheForAllThreads=false in command line.
2019-10-01 21:07:59,522 [main] INFO  grpc.GrpcConfigKeys$Server (ConfUtils.java:logGet(43)) - raft.grpc.server.port = 0 (default)
2019-10-01 21:07:59,523 [main] INFO  server.GrpcService (ConfUtils.java:logGet(43)) - raft.grpc.message.size.max = 33570816 (custom)
2019-10-01 21:07:59,523 [main] INFO  server.RaftServerConfigKeys (ConfUtils.java:logGet(43)) - raft.server.log.appender.buffer.byte-limit = 33554432 (custom)
2019-10-01 21:07:59,523 [main] INFO  server.GrpcService (ConfUtils.java:logGet(43)) - raft.grpc.flow.control.window = 1MB (=1048576) (default)
2019-10-01 21:07:59,523 [main] INFO  server.RaftServerConfigKeys (ConfUtils.java:logGet(43)) - raft.server.rpc.request.timeout = 3000ms (default)
2019-10-01 21:07:59,523 [main] INFO  server.RaftServerConfigKeys (ConfUtils.java:logGet(43)) - raft.server.storage.dir = [/workdir/hadoop-ozone/integration-test/target/test-dir/MiniOzoneClusterImpl-37790afc-6890-41f5-9aa1-2f370bad822b/datanode-4/data/ratis] (custom)
2019-10-01 21:07:59,525 [main] INFO  hdfs.DFSUtil (DFSUtil.java:httpServerTemplateForNNAndJN(1641)) - Starting Web-server for hddsDatanode at: http://0.0.0.0:0
2019-10-01 21:07:59,526 [main] INFO  server.AuthenticationFilter (AuthenticationFilter.java:constructSecretProvider(240)) - Unable to initialize FileSignerSecretProvider, falling back to use random secrets.
2019-10-01 21:07:59,526 [main] WARN  http.HttpRequestLog (HttpRequestLog.java:getRequestLog(97)) - Jetty request log can only be enabled using Log4j
2019-10-01 21:07:59,527 [main] INFO  http.HttpServer2 (HttpServer2.java:addGlobalFilter(975)) - Added global filter 'safety' (class=org.apache.hadoop.http.HttpServer2$QuotingInputFilter)
2019-10-01 21:07:59,528 [main] INFO  http.HttpServer2 (HttpServer2.java:addFilter(948)) - Added filter static_user_filter (class=org.apache.hadoop.http.lib.StaticUserWebFilter$StaticUserFilter) to context hddsDatanode
2019-10-01 21:07:59,528 [main] INFO  http.HttpServer2 (HttpServer2.java:addFilter(958)) - Added filter static_user_filter (class=org.apache.hadoop.http.lib.StaticUserWebFilter$StaticUserFilter) to context static
2019-10-01 21:07:59,528 [main] INFO  http.HttpServer2 (HttpServer2.java:addFilter(958)) - Added filter static_user_filter (class=org.apache.hadoop.http.lib.StaticUserWebFilter$StaticUserFilter) to context logs
2019-10-01 21:07:59,529 [main] INFO  http.HttpServer2 (HttpServer2.java:bindListener(1191)) - Jetty bound to port 33077
2019-10-01 21:07:59,529 [main] INFO  server.Server (Server.java:doStart(351)) - jetty-9.3.25.v20180904, build timestamp: 2018-09-04T21:11:46Z, git hash: 3ce520221d0240229c862b122d2b06c12a625732
2019-10-01 21:07:59,531 [main] INFO  handler.ContextHandler (ContextHandler.java:doStart(781)) - Started o.e.j.s.ServletContextHandler@4997552e{/logs,file:///workdir/hadoop-ozone/integration-test/target/log,AVAILABLE}
2019-10-01 21:07:59,531 [main] INFO  handler.ContextHandler (ContextHandler.java:doStart(781)) - Started o.e.j.s.ServletContextHandler@46046c06{/static,jar:file:/home/user/.m2/repository/org/apache/hadoop/hadoop-hdds-container-service/0.5.0-SNAPSHOT/hadoop-hdds-container-service-0.5.0-SNAPSHOT.jar!/webapps/static,AVAILABLE}
2019-10-01 21:07:59,554 [main] INFO  handler.ContextHandler (ContextHandler.java:doStart(781)) - Started o.e.j.w.WebAppContext@79696332{/,file:///tmp/jetty-0.0.0.0-33077-hddsDatanode-_-any-3340030111375605339.dir/webapp/,AVAILABLE}{/hddsDatanode}
2019-10-01 21:07:59,555 [main] INFO  server.AbstractConnector (AbstractConnector.java:doStart(278)) - Started ServerConnector@ed2f2f6{HTTP/1.1,[http/1.1]}{0.0.0.0:33077}
2019-10-01 21:07:59,556 [main] INFO  server.Server (Server.java:doStart(419)) - Started @55593ms
2019-10-01 21:07:59,556 [main] WARN  impl.MetricsSystemImpl (MetricsSystemImpl.java:register(276)) - Sink prometheus already exists!
2019-10-01 21:07:59,557 [main] INFO  server.BaseHttpServer (BaseHttpServer.java:updateConnectorAddress(215)) - HTTP server of HDDSDATANODE is listening at http://0.0.0.0:33077
2019-10-01 21:07:59,557 [main] INFO  impl.MetricsSystemImpl (MetricsSystemImpl.java:init(158)) - HddsDatanode metrics system started (again)
2019-10-01 21:07:59,562 [org.apache.hadoop.util.JvmPauseMonitor$Monitor@7465163e] INFO  util.JvmPauseMonitor (JvmPauseMonitor.java:run(188)) - Starting JVM pause monitor
2019-10-01 21:07:59,562 [main] INFO  ozone.HddsDatanodeService (HddsDatanodeService.java:start(184)) - HddsDatanodeService host:pr-hdds-2213-2l6tc-3189445122 ip:192.168.5.177
2019-10-01 21:07:59,563 [Datanode State Machine Thread - 0] INFO  datanode.InitDatanodeState (InitDatanodeState.java:persistContainerDatanodeDetails(140)) - DatanodeDetails is persisted to /workdir/hadoop-ozone/integration-test/target/test-dir/MiniOzoneClusterImpl-37790afc-6890-41f5-9aa1-2f370bad822b/datanode-4/meta/datanode.id
2019-10-01 21:07:59,569 [main] INFO  volume.HddsVolume (HddsVolume.java:<init>(176)) - Creating Volume: /workdir/hadoop-ozone/integration-test/target/test-dir/MiniOzoneClusterImpl-37790afc-6890-41f5-9aa1-2f370bad822b/datanode-5/data/containers/hdds of  storage type : DISK and capacity : 1482555576320
2019-10-01 21:07:59,569 [main] INFO  volume.VolumeSet (VolumeSet.java:initializeVolumeSet(170)) - Added Volume : /workdir/hadoop-ozone/integration-test/target/test-dir/MiniOzoneClusterImpl-37790afc-6890-41f5-9aa1-2f370bad822b/datanode-5/data/containers/hdds to VolumeSet
2019-10-01 21:07:59,569 [main] INFO  volume.ThrottledAsyncChecker (ThrottledAsyncChecker.java:schedule(139)) - Scheduling a check for org.apache.hadoop.ozone.container.common.volume.HddsVolume@9f674ac
2019-10-01 21:07:59,570 [main] INFO  volume.HddsVolumeChecker (HddsVolumeChecker.java:checkAllVolumes(202)) - Scheduled health check for volume org.apache.hadoop.ozone.container.common.volume.HddsVolume@9f674ac
2019-10-01 21:07:59,582 [main] INFO  impl.RaftServerProxy (ConfUtils.java:logGet(43)) - raft.rpc.type = GRPC (default)
2019-10-01 21:07:59,582 [main] INFO  grpc.GrpcFactory (GrpcFactory.java:checkPooledByteBufAllocatorUseCacheForAllThreads(45)) - PERFORMANCE WARNING: useCacheForAllThreads is true that may cause Netty to create a lot garbage objects and, as a result, trigger GC.
	It is recommended to disable useCacheForAllThreads by setting -Dorg.apache.ratis.thirdparty.io.netty.allocator.useCacheForAllThreads=false in command line.
2019-10-01 21:07:59,582 [main] INFO  grpc.GrpcConfigKeys$Server (ConfUtils.java:logGet(43)) - raft.grpc.server.port = 0 (default)
2019-10-01 21:07:59,582 [main] INFO  server.GrpcService (ConfUtils.java:logGet(43)) - raft.grpc.message.size.max = 33570816 (custom)
2019-10-01 21:07:59,583 [main] INFO  server.RaftServerConfigKeys (ConfUtils.java:logGet(43)) - raft.server.log.appender.buffer.byte-limit = 33554432 (custom)
2019-10-01 21:07:59,583 [main] INFO  server.GrpcService (ConfUtils.java:logGet(43)) - raft.grpc.flow.control.window = 1MB (=1048576) (default)
2019-10-01 21:07:59,583 [main] INFO  server.RaftServerConfigKeys (ConfUtils.java:logGet(43)) - raft.server.rpc.request.timeout = 3000ms (default)
2019-10-01 21:07:59,583 [main] INFO  server.RaftServerConfigKeys (ConfUtils.java:logGet(43)) - raft.server.storage.dir = [/workdir/hadoop-ozone/integration-test/target/test-dir/MiniOzoneClusterImpl-37790afc-6890-41f5-9aa1-2f370bad822b/datanode-5/data/ratis] (custom)
2019-10-01 21:07:59,585 [main] INFO  hdfs.DFSUtil (DFSUtil.java:httpServerTemplateForNNAndJN(1641)) - Starting Web-server for hddsDatanode at: http://0.0.0.0:0
2019-10-01 21:07:59,586 [main] INFO  server.AuthenticationFilter (AuthenticationFilter.java:constructSecretProvider(240)) - Unable to initialize FileSignerSecretProvider, falling back to use random secrets.
2019-10-01 21:07:59,586 [main] WARN  http.HttpRequestLog (HttpRequestLog.java:getRequestLog(97)) - Jetty request log can only be enabled using Log4j
2019-10-01 21:07:59,587 [main] INFO  http.HttpServer2 (HttpServer2.java:addGlobalFilter(975)) - Added global filter 'safety' (class=org.apache.hadoop.http.HttpServer2$QuotingInputFilter)
2019-10-01 21:07:59,588 [main] INFO  http.HttpServer2 (HttpServer2.java:addFilter(948)) - Added filter static_user_filter (class=org.apache.hadoop.http.lib.StaticUserWebFilter$StaticUserFilter) to context hddsDatanode
2019-10-01 21:07:59,588 [main] INFO  http.HttpServer2 (HttpServer2.java:addFilter(958)) - Added filter static_user_filter (class=org.apache.hadoop.http.lib.StaticUserWebFilter$StaticUserFilter) to context logs
2019-10-01 21:07:59,588 [main] INFO  http.HttpServer2 (HttpServer2.java:addFilter(958)) - Added filter static_user_filter (class=org.apache.hadoop.http.lib.StaticUserWebFilter$StaticUserFilter) to context static
2019-10-01 21:07:59,589 [main] INFO  http.HttpServer2 (HttpServer2.java:bindListener(1191)) - Jetty bound to port 42764
2019-10-01 21:07:59,589 [main] INFO  server.Server (Server.java:doStart(351)) - jetty-9.3.25.v20180904, build timestamp: 2018-09-04T21:11:46Z, git hash: 3ce520221d0240229c862b122d2b06c12a625732
2019-10-01 21:07:59,590 [main] INFO  handler.ContextHandler (ContextHandler.java:doStart(781)) - Started o.e.j.s.ServletContextHandler@75023c53{/logs,file:///workdir/hadoop-ozone/integration-test/target/log,AVAILABLE}
2019-10-01 21:07:59,591 [main] INFO  handler.ContextHandler (ContextHandler.java:doStart(781)) - Started o.e.j.s.ServletContextHandler@dab1f89{/static,jar:file:/home/user/.m2/repository/org/apache/hadoop/hadoop-hdds-container-service/0.5.0-SNAPSHOT/hadoop-hdds-container-service-0.5.0-SNAPSHOT.jar!/webapps/static,AVAILABLE}
2019-10-01 21:07:59,614 [main] INFO  handler.ContextHandler (ContextHandler.java:doStart(781)) - Started o.e.j.w.WebAppContext@4dac121d{/,file:///tmp/jetty-0.0.0.0-42764-hddsDatanode-_-any-920896799864918649.dir/webapp/,AVAILABLE}{/hddsDatanode}
2019-10-01 21:07:59,615 [main] INFO  server.AbstractConnector (AbstractConnector.java:doStart(278)) - Started ServerConnector@568750b7{HTTP/1.1,[http/1.1]}{0.0.0.0:42764}
2019-10-01 21:07:59,616 [main] INFO  server.Server (Server.java:doStart(419)) - Started @55653ms
2019-10-01 21:07:59,616 [main] WARN  impl.MetricsSystemImpl (MetricsSystemImpl.java:register(276)) - Sink prometheus already exists!
2019-10-01 21:07:59,617 [main] INFO  server.BaseHttpServer (BaseHttpServer.java:updateConnectorAddress(215)) - HTTP server of HDDSDATANODE is listening at http://0.0.0.0:42764
2019-10-01 21:07:59,617 [main] INFO  impl.MetricsSystemImpl (MetricsSystemImpl.java:init(158)) - HddsDatanode metrics system started (again)
2019-10-01 21:07:59,622 [org.apache.hadoop.util.JvmPauseMonitor$Monitor@183c3120] INFO  util.JvmPauseMonitor (JvmPauseMonitor.java:run(188)) - Starting JVM pause monitor
2019-10-01 21:07:59,623 [main] INFO  ozone.HddsDatanodeService (HddsDatanodeService.java:start(184)) - HddsDatanodeService host:pr-hdds-2213-2l6tc-3189445122 ip:192.168.5.177
2019-10-01 21:07:59,624 [Datanode State Machine Thread - 0] INFO  datanode.InitDatanodeState (InitDatanodeState.java:persistContainerDatanodeDetails(140)) - DatanodeDetails is persisted to /workdir/hadoop-ozone/integration-test/target/test-dir/MiniOzoneClusterImpl-37790afc-6890-41f5-9aa1-2f370bad822b/datanode-5/meta/datanode.id
2019-10-01 21:07:59,629 [main] INFO  volume.HddsVolume (HddsVolume.java:<init>(176)) - Creating Volume: /workdir/hadoop-ozone/integration-test/target/test-dir/MiniOzoneClusterImpl-37790afc-6890-41f5-9aa1-2f370bad822b/datanode-6/data/containers/hdds of  storage type : DISK and capacity : 1482555576320
2019-10-01 21:07:59,629 [main] INFO  volume.VolumeSet (VolumeSet.java:initializeVolumeSet(170)) - Added Volume : /workdir/hadoop-ozone/integration-test/target/test-dir/MiniOzoneClusterImpl-37790afc-6890-41f5-9aa1-2f370bad822b/datanode-6/data/containers/hdds to VolumeSet
2019-10-01 21:07:59,629 [main] INFO  volume.ThrottledAsyncChecker (ThrottledAsyncChecker.java:schedule(139)) - Scheduling a check for org.apache.hadoop.ozone.container.common.volume.HddsVolume@294aba23
2019-10-01 21:07:59,629 [main] INFO  volume.HddsVolumeChecker (HddsVolumeChecker.java:checkAllVolumes(202)) - Scheduled health check for volume org.apache.hadoop.ozone.container.common.volume.HddsVolume@294aba23
2019-10-01 21:07:59,641 [main] INFO  impl.RaftServerProxy (ConfUtils.java:logGet(43)) - raft.rpc.type = GRPC (default)
2019-10-01 21:07:59,641 [main] INFO  grpc.GrpcFactory (GrpcFactory.java:checkPooledByteBufAllocatorUseCacheForAllThreads(45)) - PERFORMANCE WARNING: useCacheForAllThreads is true that may cause Netty to create a lot garbage objects and, as a result, trigger GC.
	It is recommended to disable useCacheForAllThreads by setting -Dorg.apache.ratis.thirdparty.io.netty.allocator.useCacheForAllThreads=false in command line.
2019-10-01 21:07:59,641 [main] INFO  grpc.GrpcConfigKeys$Server (ConfUtils.java:logGet(43)) - raft.grpc.server.port = 0 (default)
2019-10-01 21:07:59,641 [main] INFO  server.GrpcService (ConfUtils.java:logGet(43)) - raft.grpc.message.size.max = 33570816 (custom)
2019-10-01 21:07:59,641 [main] INFO  server.RaftServerConfigKeys (ConfUtils.java:logGet(43)) - raft.server.log.appender.buffer.byte-limit = 33554432 (custom)
2019-10-01 21:07:59,642 [main] INFO  server.GrpcService (ConfUtils.java:logGet(43)) - raft.grpc.flow.control.window = 1MB (=1048576) (default)
2019-10-01 21:07:59,642 [main] INFO  server.RaftServerConfigKeys (ConfUtils.java:logGet(43)) - raft.server.rpc.request.timeout = 3000ms (default)
2019-10-01 21:07:59,642 [main] INFO  server.RaftServerConfigKeys (ConfUtils.java:logGet(43)) - raft.server.storage.dir = [/workdir/hadoop-ozone/integration-test/target/test-dir/MiniOzoneClusterImpl-37790afc-6890-41f5-9aa1-2f370bad822b/datanode-6/data/ratis] (custom)
2019-10-01 21:07:59,643 [main] INFO  hdfs.DFSUtil (DFSUtil.java:httpServerTemplateForNNAndJN(1641)) - Starting Web-server for hddsDatanode at: http://0.0.0.0:0
2019-10-01 21:07:59,645 [main] INFO  server.AuthenticationFilter (AuthenticationFilter.java:constructSecretProvider(240)) - Unable to initialize FileSignerSecretProvider, falling back to use random secrets.
2019-10-01 21:07:59,645 [main] WARN  http.HttpRequestLog (HttpRequestLog.java:getRequestLog(97)) - Jetty request log can only be enabled using Log4j
2019-10-01 21:07:59,646 [main] INFO  http.HttpServer2 (HttpServer2.java:addGlobalFilter(975)) - Added global filter 'safety' (class=org.apache.hadoop.http.HttpServer2$QuotingInputFilter)
2019-10-01 21:07:59,647 [main] INFO  http.HttpServer2 (HttpServer2.java:addFilter(948)) - Added filter static_user_filter (class=org.apache.hadoop.http.lib.StaticUserWebFilter$StaticUserFilter) to context hddsDatanode
2019-10-01 21:07:59,647 [main] INFO  http.HttpServer2 (HttpServer2.java:addFilter(958)) - Added filter static_user_filter (class=org.apache.hadoop.http.lib.StaticUserWebFilter$StaticUserFilter) to context static
2019-10-01 21:07:59,647 [main] INFO  http.HttpServer2 (HttpServer2.java:addFilter(958)) - Added filter static_user_filter (class=org.apache.hadoop.http.lib.StaticUserWebFilter$StaticUserFilter) to context logs
2019-10-01 21:07:59,648 [main] INFO  http.HttpServer2 (HttpServer2.java:bindListener(1191)) - Jetty bound to port 38237
2019-10-01 21:07:59,648 [main] INFO  server.Server (Server.java:doStart(351)) - jetty-9.3.25.v20180904, build timestamp: 2018-09-04T21:11:46Z, git hash: 3ce520221d0240229c862b122d2b06c12a625732
2019-10-01 21:07:59,649 [main] INFO  handler.ContextHandler (ContextHandler.java:doStart(781)) - Started o.e.j.s.ServletContextHandler@59c04bee{/logs,file:///workdir/hadoop-ozone/integration-test/target/log,AVAILABLE}
2019-10-01 21:07:59,650 [main] INFO  handler.ContextHandler (ContextHandler.java:doStart(781)) - Started o.e.j.s.ServletContextHandler@f2a1813{/static,jar:file:/home/user/.m2/repository/org/apache/hadoop/hadoop-hdds-container-service/0.5.0-SNAPSHOT/hadoop-hdds-container-service-0.5.0-SNAPSHOT.jar!/webapps/static,AVAILABLE}
2019-10-01 21:07:59,673 [main] INFO  handler.ContextHandler (ContextHandler.java:doStart(781)) - Started o.e.j.w.WebAppContext@4b432e53{/,file:///tmp/jetty-0.0.0.0-38237-hddsDatanode-_-any-4185304913680661024.dir/webapp/,AVAILABLE}{/hddsDatanode}
2019-10-01 21:07:59,674 [main] INFO  server.AbstractConnector (AbstractConnector.java:doStart(278)) - Started ServerConnector@2b916808{HTTP/1.1,[http/1.1]}{0.0.0.0:38237}
2019-10-01 21:07:59,675 [main] INFO  server.Server (Server.java:doStart(419)) - Started @55712ms
2019-10-01 21:07:59,675 [main] WARN  impl.MetricsSystemImpl (MetricsSystemImpl.java:register(276)) - Sink prometheus already exists!
2019-10-01 21:07:59,676 [main] INFO  server.BaseHttpServer (BaseHttpServer.java:updateConnectorAddress(215)) - HTTP server of HDDSDATANODE is listening at http://0.0.0.0:38237
2019-10-01 21:07:59,676 [main] INFO  ozone.MiniOzoneClusterImpl (MiniOzoneClusterImpl.java:lambda$waitForClusterToBeReady$0(147)) - Waiting for cluster to be ready. Got 0 of 7 DN Heartbeats.
2019-10-01 21:07:59,680 [org.apache.hadoop.util.JvmPauseMonitor$Monitor@63f83339] INFO  util.JvmPauseMonitor (JvmPauseMonitor.java:run(188)) - Starting JVM pause monitor
2019-10-01 21:07:59,681 [Datanode State Machine Thread - 0] INFO  datanode.InitDatanodeState (InitDatanodeState.java:persistContainerDatanodeDetails(140)) - DatanodeDetails is persisted to /workdir/hadoop-ozone/integration-test/target/test-dir/MiniOzoneClusterImpl-37790afc-6890-41f5-9aa1-2f370bad822b/datanode-6/meta/datanode.id
2019-10-01 21:08:00,679 [main] INFO  ozone.MiniOzoneClusterImpl (MiniOzoneClusterImpl.java:lambda$waitForClusterToBeReady$0(147)) - Waiting for cluster to be ready. Got 0 of 7 DN Heartbeats.
2019-10-01 21:08:01,337 [Datanode State Machine Thread - 0] INFO  ozoneimpl.OzoneContainer (OzoneContainer.java:start(217)) - Attempting to start container services.
2019-10-01 21:08:01,340 [Datanode State Machine Thread - 0] INFO  ozoneimpl.OzoneContainer (OzoneContainer.java:startContainerScrub(179)) - Background container scanner has been disabled.
2019-10-01 21:08:01,340 [Datanode State Machine Thread - 0] INFO  ratis.XceiverServerRatis (XceiverServerRatis.java:start(417)) - Starting XceiverServerRatis bcd46168-679d-4a79-8dbc-a2d812c19c0f at port 0
2019-10-01 21:08:01,345 [Datanode State Machine Thread - 0] INFO  impl.RaftServerProxy (RaftServerProxy.java:lambda$start$3(299)) - bcd46168-679d-4a79-8dbc-a2d812c19c0f: start RPC server
2019-10-01 21:08:01,347 [Datanode State Machine Thread - 0] INFO  server.GrpcService (GrpcService.java:startImpl(158)) - bcd46168-679d-4a79-8dbc-a2d812c19c0f: GrpcService started, listening on 0.0.0.0/0.0.0.0:43272
2019-10-01 21:08:01,347 [Datanode State Machine Thread - 0] INFO  ratis.XceiverServerRatis (XceiverServerRatis.java:start(427)) - XceiverServerRatis bcd46168-679d-4a79-8dbc-a2d812c19c0f is started using port 43272
2019-10-01 21:08:01,348 [Datanode State Machine Thread - 0] INFO  server.XceiverServerGrpc (XceiverServerGrpc.java:start(149)) - XceiverServerGrpc bcd46168-679d-4a79-8dbc-a2d812c19c0f is started using port 39903
2019-10-01 21:08:01,387 [Datanode State Machine Thread - 0] INFO  ozoneimpl.OzoneContainer (OzoneContainer.java:start(217)) - Attempting to start container services.
2019-10-01 21:08:01,390 [Datanode State Machine Thread - 0] INFO  ozoneimpl.OzoneContainer (OzoneContainer.java:startContainerScrub(179)) - Background container scanner has been disabled.
2019-10-01 21:08:01,390 [Datanode State Machine Thread - 0] INFO  ratis.XceiverServerRatis (XceiverServerRatis.java:start(417)) - Starting XceiverServerRatis bb36cdf8-c471-492b-b357-37f3d92a881f at port 0
2019-10-01 21:08:01,396 [Datanode State Machine Thread - 0] INFO  impl.RaftServerProxy (RaftServerProxy.java:lambda$start$3(299)) - bb36cdf8-c471-492b-b357-37f3d92a881f: start RPC server
2019-10-01 21:08:01,397 [Datanode State Machine Thread - 0] INFO  server.GrpcService (GrpcService.java:startImpl(158)) - bb36cdf8-c471-492b-b357-37f3d92a881f: GrpcService started, listening on 0.0.0.0/0.0.0.0:40031
2019-10-01 21:08:01,397 [Datanode State Machine Thread - 0] INFO  ratis.XceiverServerRatis (XceiverServerRatis.java:start(427)) - XceiverServerRatis bb36cdf8-c471-492b-b357-37f3d92a881f is started using port 40031
2019-10-01 21:08:01,399 [Datanode State Machine Thread - 0] INFO  server.XceiverServerGrpc (XceiverServerGrpc.java:start(149)) - XceiverServerGrpc bb36cdf8-c471-492b-b357-37f3d92a881f is started using port 40413
2019-10-01 21:08:01,447 [Datanode State Machine Thread - 0] INFO  ozoneimpl.OzoneContainer (OzoneContainer.java:start(217)) - Attempting to start container services.
2019-10-01 21:08:01,455 [Datanode State Machine Thread - 0] INFO  ozoneimpl.OzoneContainer (OzoneContainer.java:startContainerScrub(179)) - Background container scanner has been disabled.
2019-10-01 21:08:01,455 [Datanode State Machine Thread - 0] INFO  ratis.XceiverServerRatis (XceiverServerRatis.java:start(417)) - Starting XceiverServerRatis dbc555b8-9764-4f6e-9002-a515bdafc4eb at port 0
2019-10-01 21:08:01,462 [Datanode State Machine Thread - 0] INFO  impl.RaftServerProxy (RaftServerProxy.java:lambda$start$3(299)) - dbc555b8-9764-4f6e-9002-a515bdafc4eb: start RPC server
2019-10-01 21:08:01,468 [Datanode State Machine Thread - 0] INFO  server.GrpcService (GrpcService.java:startImpl(158)) - dbc555b8-9764-4f6e-9002-a515bdafc4eb: GrpcService started, listening on 0.0.0.0/0.0.0.0:39096
2019-10-01 21:08:01,469 [Datanode State Machine Thread - 0] INFO  ratis.XceiverServerRatis (XceiverServerRatis.java:start(427)) - XceiverServerRatis dbc555b8-9764-4f6e-9002-a515bdafc4eb is started using port 39096
2019-10-01 21:08:01,473 [Datanode State Machine Thread - 0] INFO  server.XceiverServerGrpc (XceiverServerGrpc.java:start(149)) - XceiverServerGrpc dbc555b8-9764-4f6e-9002-a515bdafc4eb is started using port 36015
2019-10-01 21:08:01,519 [Datanode State Machine Thread - 0] INFO  ozoneimpl.OzoneContainer (OzoneContainer.java:start(217)) - Attempting to start container services.
2019-10-01 21:08:01,520 [Datanode State Machine Thread - 0] INFO  ozoneimpl.OzoneContainer (OzoneContainer.java:startContainerScrub(179)) - Background container scanner has been disabled.
2019-10-01 21:08:01,520 [Datanode State Machine Thread - 0] INFO  ratis.XceiverServerRatis (XceiverServerRatis.java:start(417)) - Starting XceiverServerRatis 38ed4df7-2972-4264-9226-bd7ce605656a at port 0
2019-10-01 21:08:01,529 [Datanode State Machine Thread - 0] INFO  impl.RaftServerProxy (RaftServerProxy.java:lambda$start$3(299)) - 38ed4df7-2972-4264-9226-bd7ce605656a: start RPC server
2019-10-01 21:08:01,531 [Datanode State Machine Thread - 0] INFO  server.GrpcService (GrpcService.java:startImpl(158)) - 38ed4df7-2972-4264-9226-bd7ce605656a: GrpcService started, listening on 0.0.0.0/0.0.0.0:43975
2019-10-01 21:08:01,531 [Datanode State Machine Thread - 0] INFO  ratis.XceiverServerRatis (XceiverServerRatis.java:start(427)) - XceiverServerRatis 38ed4df7-2972-4264-9226-bd7ce605656a is started using port 43975
2019-10-01 21:08:01,536 [Datanode State Machine Thread - 0] INFO  server.XceiverServerGrpc (XceiverServerGrpc.java:start(149)) - XceiverServerGrpc 38ed4df7-2972-4264-9226-bd7ce605656a is started using port 42851
2019-10-01 21:08:01,578 [Datanode State Machine Thread - 0] INFO  ozoneimpl.OzoneContainer (OzoneContainer.java:start(217)) - Attempting to start container services.
2019-10-01 21:08:01,578 [Datanode State Machine Thread - 0] INFO  ozoneimpl.OzoneContainer (OzoneContainer.java:startContainerScrub(179)) - Background container scanner has been disabled.
2019-10-01 21:08:01,578 [Datanode State Machine Thread - 0] INFO  ratis.XceiverServerRatis (XceiverServerRatis.java:start(417)) - Starting XceiverServerRatis f2db16a1-f388-443d-a7ae-c224f468f361 at port 0
2019-10-01 21:08:01,587 [Datanode State Machine Thread - 0] INFO  impl.RaftServerProxy (RaftServerProxy.java:lambda$start$3(299)) - f2db16a1-f388-443d-a7ae-c224f468f361: start RPC server
2019-10-01 21:08:01,588 [Datanode State Machine Thread - 0] INFO  server.GrpcService (GrpcService.java:startImpl(158)) - f2db16a1-f388-443d-a7ae-c224f468f361: GrpcService started, listening on 0.0.0.0/0.0.0.0:39337
2019-10-01 21:08:01,588 [Datanode State Machine Thread - 0] INFO  ratis.XceiverServerRatis (XceiverServerRatis.java:start(427)) - XceiverServerRatis f2db16a1-f388-443d-a7ae-c224f468f361 is started using port 39337
2019-10-01 21:08:01,590 [Datanode State Machine Thread - 0] INFO  server.XceiverServerGrpc (XceiverServerGrpc.java:start(149)) - XceiverServerGrpc f2db16a1-f388-443d-a7ae-c224f468f361 is started using port 39646
2019-10-01 21:08:01,637 [Datanode State Machine Thread - 0] INFO  ozoneimpl.OzoneContainer (OzoneContainer.java:start(217)) - Attempting to start container services.
2019-10-01 21:08:01,637 [Datanode State Machine Thread - 0] INFO  ozoneimpl.OzoneContainer (OzoneContainer.java:startContainerScrub(179)) - Background container scanner has been disabled.
2019-10-01 21:08:01,637 [Datanode State Machine Thread - 0] INFO  ratis.XceiverServerRatis (XceiverServerRatis.java:start(417)) - Starting XceiverServerRatis e661b9e5-9005-4795-83ab-67c790a4fd6e at port 0
2019-10-01 21:08:01,644 [Datanode State Machine Thread - 0] INFO  impl.RaftServerProxy (RaftServerProxy.java:lambda$start$3(299)) - e661b9e5-9005-4795-83ab-67c790a4fd6e: start RPC server
2019-10-01 21:08:01,645 [Datanode State Machine Thread - 0] INFO  server.GrpcService (GrpcService.java:startImpl(158)) - e661b9e5-9005-4795-83ab-67c790a4fd6e: GrpcService started, listening on 0.0.0.0/0.0.0.0:33435
2019-10-01 21:08:01,645 [Datanode State Machine Thread - 0] INFO  ratis.XceiverServerRatis (XceiverServerRatis.java:start(427)) - XceiverServerRatis e661b9e5-9005-4795-83ab-67c790a4fd6e is started using port 33435
2019-10-01 21:08:01,646 [Datanode State Machine Thread - 0] INFO  server.XceiverServerGrpc (XceiverServerGrpc.java:start(149)) - XceiverServerGrpc e661b9e5-9005-4795-83ab-67c790a4fd6e is started using port 33497
2019-10-01 21:08:01,680 [main] INFO  ozone.MiniOzoneClusterImpl (MiniOzoneClusterImpl.java:lambda$waitForClusterToBeReady$0(147)) - Waiting for cluster to be ready. Got 0 of 7 DN Heartbeats.
2019-10-01 21:08:01,695 [Datanode State Machine Thread - 0] INFO  ozoneimpl.OzoneContainer (OzoneContainer.java:start(217)) - Attempting to start container services.
2019-10-01 21:08:01,695 [Datanode State Machine Thread - 0] INFO  ozoneimpl.OzoneContainer (OzoneContainer.java:startContainerScrub(179)) - Background container scanner has been disabled.
2019-10-01 21:08:01,695 [Datanode State Machine Thread - 0] INFO  ratis.XceiverServerRatis (XceiverServerRatis.java:start(417)) - Starting XceiverServerRatis e41c68bc-da26-41ad-a2a9-43c33cda68f5 at port 0
2019-10-01 21:08:01,870 [Datanode State Machine Thread - 0] INFO  impl.RaftServerProxy (RaftServerProxy.java:lambda$start$3(299)) - e41c68bc-da26-41ad-a2a9-43c33cda68f5: start RPC server
2019-10-01 21:08:01,957 [Datanode State Machine Thread - 0] INFO  server.GrpcService (GrpcService.java:startImpl(158)) - e41c68bc-da26-41ad-a2a9-43c33cda68f5: GrpcService started, listening on 0.0.0.0/0.0.0.0:46787
2019-10-01 21:08:01,958 [Datanode State Machine Thread - 0] INFO  ratis.XceiverServerRatis (XceiverServerRatis.java:start(427)) - XceiverServerRatis e41c68bc-da26-41ad-a2a9-43c33cda68f5 is started using port 46787
2019-10-01 21:08:01,958 [Datanode State Machine Thread - 0] INFO  server.XceiverServerGrpc (XceiverServerGrpc.java:start(149)) - XceiverServerGrpc e41c68bc-da26-41ad-a2a9-43c33cda68f5 is started using port 35097
2019-10-01 21:08:02,680 [main] INFO  ozone.MiniOzoneClusterImpl (MiniOzoneClusterImpl.java:lambda$waitForClusterToBeReady$0(147)) - Waiting for cluster to be ready. Got 0 of 7 DN Heartbeats.
2019-10-01 21:08:03,327 [IPC Server handler 0 on 35764] INFO  net.NetworkTopology (NetworkTopologyImpl.java:add(111)) - Added a new node: /default-rack/bcd46168-679d-4a79-8dbc-a2d812c19c0f
2019-10-01 21:08:03,331 [IPC Server handler 0 on 35764] INFO  node.SCMNodeManager (SCMNodeManager.java:register(266)) - Registered Data node : bcd46168-679d-4a79-8dbc-a2d812c19c0f{ip: 192.168.5.177, host: pr-hdds-2213-2l6tc-3189445122, networkLocation: /default-rack, certSerialId: null}
2019-10-01 21:08:03,332 [EventQueue-NodeRegistrationContainerReportForDataNodeSafeModeRule] INFO  safemode.SCMSafeModeManager (DataNodeSafeModeRule.java:process(71)) - SCM in safe mode. 1 DataNodes registered, 1 required.
2019-10-01 21:08:03,334 [EventQueue-NodeRegistrationContainerReportForDataNodeSafeModeRule] INFO  safemode.SCMSafeModeManager (SCMSafeModeManager.java:validateSafeModeExitRules(177)) - ScmSafeModeManager, all rules are successfully validated
2019-10-01 21:08:03,335 [EventQueue-NodeRegistrationContainerReportForDataNodeSafeModeRule] INFO  safemode.SCMSafeModeManager (SCMSafeModeManager.java:exitSafeMode(193)) - SCM exiting safe mode.
2019-10-01 21:08:03,356 [grpc-default-executor-2] INFO  impl.RaftServerProxy (RaftServerProxy.java:addNew(89)) - bcd46168-679d-4a79-8dbc-a2d812c19c0f: addNew group-165B449AA2A9:[bcd46168-679d-4a79-8dbc-a2d812c19c0f:192.168.5.177:43272] returns group-165B449AA2A9:java.util.concurrent.CompletableFuture@1cb44205[Not completed]
2019-10-01 21:08:03,357 [pool-119-thread-1] INFO  impl.RaftServerImpl (RaftServerImpl.java:<init>(95)) - bcd46168-679d-4a79-8dbc-a2d812c19c0f: new RaftServerImpl for group-165B449AA2A9:[bcd46168-679d-4a79-8dbc-a2d812c19c0f:192.168.5.177:43272] with ContainerStateMachine:uninitialized
2019-10-01 21:08:03,357 [pool-119-thread-1] INFO  server.RaftServerConfigKeys (ConfUtils.java:logGet(43)) - raft.server.rpc.timeout.min = 5s (custom)
2019-10-01 21:08:03,357 [pool-119-thread-1] INFO  server.RaftServerConfigKeys (ConfUtils.java:logGet(43)) - raft.server.rpc.timeout.max = 5200ms (custom)
2019-10-01 21:08:03,358 [pool-119-thread-1] INFO  server.RaftServerConfigKeys (ConfUtils.java:logGet(43)) - raft.server.rpcslowness.timeout = 120s (custom)
2019-10-01 21:08:03,358 [pool-119-thread-1] INFO  server.RaftServerConfigKeys (ConfUtils.java:logGet(43)) - raft.server.sleep.deviation.threshold = 300 (default)
2019-10-01 21:08:03,358 [pool-119-thread-1] INFO  server.RaftServerConfigKeys (ConfUtils.java:logGet(43)) - raft.server.log.appender.install.snapshot.enabled = false (custom)
2019-10-01 21:08:03,358 [pool-119-thread-1] INFO  impl.RaftServerImpl (ServerState.java:<init>(103)) - bcd46168-679d-4a79-8dbc-a2d812c19c0f@group-165B449AA2A9: ConfigurationManager, init=-1: [bcd46168-679d-4a79-8dbc-a2d812c19c0f:192.168.5.177:43272], old=null, confs=<EMPTY_MAP>
2019-10-01 21:08:03,358 [pool-119-thread-1] INFO  server.RaftServerConfigKeys (ConfUtils.java:logGet(43)) - raft.server.storage.dir = [/workdir/hadoop-ozone/integration-test/target/test-dir/MiniOzoneClusterImpl-37790afc-6890-41f5-9aa1-2f370bad822b/datanode-0/data/ratis] (custom)
2019-10-01 21:08:03,358 [pool-119-thread-1] INFO  server.RaftServerConfigKeys (ConfUtils.java:logGet(43)) - raft.server.log.corruption.policy = EXCEPTION (default)
2019-10-01 21:08:03,358 [pool-119-thread-1] INFO  storage.RaftStorageDirectory (RaftStorageDirectory.java:analyzeStorage(246)) - The storage directory /workdir/hadoop-ozone/integration-test/target/test-dir/MiniOzoneClusterImpl-37790afc-6890-41f5-9aa1-2f370bad822b/datanode-0/data/ratis/9074ddb3-9ec1-4b05-bb48-165b449aa2a9 does not exist. Creating ...
2019-10-01 21:08:03,371 [pool-119-thread-1] INFO  storage.RaftStorageDirectory (RaftStorageDirectory.java:tryLock(328)) - Lock on /workdir/hadoop-ozone/integration-test/target/test-dir/MiniOzoneClusterImpl-37790afc-6890-41f5-9aa1-2f370bad822b/datanode-0/data/ratis/9074ddb3-9ec1-4b05-bb48-165b449aa2a9/in_use.lock acquired by nodename 18441@pr-hdds-2213-2l6tc-3189445122
2019-10-01 21:08:03,373 [IPC Server handler 1 on 35764] INFO  net.NetworkTopology (NetworkTopologyImpl.java:add(111)) - Added a new node: /default-rack/bb36cdf8-c471-492b-b357-37f3d92a881f
2019-10-01 21:08:03,373 [IPC Server handler 1 on 35764] INFO  node.SCMNodeManager (SCMNodeManager.java:register(266)) - Registered Data node : bb36cdf8-c471-492b-b357-37f3d92a881f{ip: 192.168.5.177, host: pr-hdds-2213-2l6tc-3189445122, networkLocation: /default-rack, certSerialId: null}
2019-10-01 21:08:03,385 [pool-119-thread-1] INFO  storage.RaftStorage (RaftStorage.java:format(84)) - Storage directory /workdir/hadoop-ozone/integration-test/target/test-dir/MiniOzoneClusterImpl-37790afc-6890-41f5-9aa1-2f370bad822b/datanode-0/data/ratis/9074ddb3-9ec1-4b05-bb48-165b449aa2a9 has been successfully formatted.
2019-10-01 21:08:03,385 [pool-119-thread-1] INFO  ratis.ContainerStateMachine (ContainerStateMachine.java:loadSnapshot(230)) - group-165B449AA2A9: The snapshot info is null. Setting the last applied indexto:(t:0, i:~)
2019-10-01 21:08:03,385 [pool-119-thread-1] INFO  server.RaftServerConfigKeys (ConfUtils.java:logGet(43)) - raft.server.notification.no-leader.timeout = 120s (custom)
2019-10-01 21:08:03,385 [pool-119-thread-1] INFO  server.RaftServerConfigKeys (ConfUtils.java:logGet(43)) - raft.server.log.use.memory = false (default)
2019-10-01 21:08:03,386 [pool-119-thread-1] INFO  server.RaftServerConfigKeys (ConfUtils.java:logGet(43)) - raft.server.log.purge.gap = 1000000 (custom)
2019-10-01 21:08:03,386 [pool-119-thread-1] INFO  server.RaftServerConfigKeys (ConfUtils.java:logGet(43)) - raft.server.log.appender.buffer.byte-limit = 33554432 (custom)
2019-10-01 21:08:03,386 [pool-119-thread-1] INFO  server.RaftServerConfigKeys (ConfUtils.java:logGet(43)) - raft.server.log.segment.size.max = 1048576 (custom)
2019-10-01 21:08:03,389 [pool-119-thread-1] INFO  server.RaftServerConfigKeys (ConfUtils.java:logGet(43)) - raft.server.log.segment.cache.num.max = 2 (custom)
2019-10-01 21:08:03,389 [pool-119-thread-1] INFO  segmented.SegmentedRaftLogWorker (SegmentedRaftLogWorker.java:<init>(173)) - new bcd46168-679d-4a79-8dbc-a2d812c19c0f@group-165B449AA2A9-SegmentedRaftLogWorker for RaftStorage:Storage Directory /workdir/hadoop-ozone/integration-test/target/test-dir/MiniOzoneClusterImpl-37790afc-6890-41f5-9aa1-2f370bad822b/datanode-0/data/ratis/9074ddb3-9ec1-4b05-bb48-165b449aa2a9
2019-10-01 21:08:03,389 [pool-119-thread-1] INFO  server.RaftServerConfigKeys (ConfUtils.java:logGet(43)) - raft.server.log.queue.byte-limit = 2147483647 (custom)
2019-10-01 21:08:03,390 [pool-119-thread-1] INFO  server.RaftServerConfigKeys (ConfUtils.java:logGet(43)) - raft.server.log.queue.element-limit = 1024 (custom)
2019-10-01 21:08:03,390 [pool-119-thread-1] INFO  server.RaftServerConfigKeys (ConfUtils.java:logGet(43)) - raft.server.log.segment.size.max = 1048576 (custom)
2019-10-01 21:08:03,390 [pool-119-thread-1] INFO  server.RaftServerConfigKeys (ConfUtils.java:logGet(43)) - raft.server.log.preallocated.size = 16384 (custom)
2019-10-01 21:08:03,390 [pool-119-thread-1] INFO  server.RaftServerConfigKeys (ConfUtils.java:logGet(43)) - raft.server.log.write.buffer.size = 33554432 (custom)
2019-10-01 21:08:03,390 [pool-119-thread-1] INFO  server.RaftServerConfigKeys (ConfUtils.java:logGet(43)) - raft.server.log.force.sync.num = 128 (default)
2019-10-01 21:08:03,390 [pool-119-thread-1] INFO  server.RaftServerConfigKeys (ConfUtils.java:logGet(43)) - raft.server.log.statemachine.data.sync = true (default)
2019-10-01 21:08:03,390 [pool-119-thread-1] INFO  server.RaftServerConfigKeys (ConfUtils.java:logGet(43)) - raft.server.log.statemachine.data.sync.timeout = 10s (default)
2019-10-01 21:08:03,391 [pool-119-thread-1] INFO  server.RaftServerConfigKeys (ConfUtils.java:logGet(43)) - raft.server.log.statemachine.data.sync.timeout.retry = -1 (default)
2019-10-01 21:08:03,391 [pool-119-thread-1] INFO  server.RaftServerConfigKeys (ConfUtils.java:logGet(43)) - raft.server.log.statemachine.data.caching.enabled = true (custom)
2019-10-01 21:08:03,391 [pool-119-thread-1] INFO  segmented.SegmentedRaftLogWorker (SegmentedRaftLogWorker.java:lambda$new$0(128)) - bcd46168-679d-4a79-8dbc-a2d812c19c0f@group-165B449AA2A9-SegmentedRaftLogWorker: flushIndex: setUnconditionally 0 -> -1
2019-10-01 21:08:03,392 [pool-119-thread-1] INFO  server.RaftServerConfigKeys (ConfUtils.java:logGet(43)) - raft.server.snapshot.auto.trigger.enabled = true (custom)
2019-10-01 21:08:03,392 [pool-119-thread-1] INFO  server.RaftServerConfigKeys (ConfUtils.java:logGet(43)) - raft.server.snapshot.auto.trigger.threshold = 10000 (custom)
2019-10-01 21:08:03,392 [pool-119-thread-1] INFO  server.RaftServerConfigKeys (ConfUtils.java:logGet(43)) - raft.server.snapshot.retention.file.num = 5 (custom)
2019-10-01 21:08:03,392 [pool-119-thread-1] INFO  server.RaftServerConfigKeys (ConfUtils.java:logGet(43)) - raft.server.retrycache.expirytime = 600000ms (custom)
2019-10-01 21:08:03,394 [pool-119-thread-1] INFO  impl.RaftServerImpl (RaftServerImpl.java:start(181)) - bcd46168-679d-4a79-8dbc-a2d812c19c0f@group-165B449AA2A9: start as a follower, conf=-1: [bcd46168-679d-4a79-8dbc-a2d812c19c0f:192.168.5.177:43272], old=null
2019-10-01 21:08:03,395 [pool-119-thread-1] INFO  impl.RaftServerImpl (RaftServerImpl.java:setRole(170)) - bcd46168-679d-4a79-8dbc-a2d812c19c0f@group-165B449AA2A9: changes role from      null to FOLLOWER at term 0 for startAsFollower
2019-10-01 21:08:03,395 [pool-119-thread-1] INFO  impl.RoleInfo (RoleInfo.java:updateAndGet(143)) - bcd46168-679d-4a79-8dbc-a2d812c19c0f: start FollowerState
2019-10-01 21:08:03,395 [pool-119-thread-1] INFO  util.JmxRegister (JmxRegister.java:tryRegister(44)) - Successfully registered JMX Bean with object name Ratis:service=RaftServer,group=group-165B449AA2A9,id=bcd46168-679d-4a79-8dbc-a2d812c19c0f
2019-10-01 21:08:03,401 [RatisPipelineUtilsThread] INFO  pipeline.PipelineStateManager (PipelineStateManager.java:addPipeline(56)) - Created pipeline Pipeline[ Id: 9074ddb3-9ec1-4b05-bb48-165b449aa2a9, Nodes: bcd46168-679d-4a79-8dbc-a2d812c19c0f{ip: 192.168.5.177, host: pr-hdds-2213-2l6tc-3189445122, networkLocation: /default-rack, certSerialId: null}, Type:RATIS, Factor:ONE, State:OPEN]
2019-10-01 21:08:03,408 [grpc-default-executor-2] INFO  impl.RaftServerProxy (RaftServerProxy.java:addNew(89)) - bb36cdf8-c471-492b-b357-37f3d92a881f: addNew group-7D974FAA4E34:[bb36cdf8-c471-492b-b357-37f3d92a881f:192.168.5.177:40031] returns group-7D974FAA4E34:java.util.concurrent.CompletableFuture@221f0d22[Not completed]
2019-10-01 21:08:03,409 [pool-129-thread-1] INFO  impl.RaftServerImpl (RaftServerImpl.java:<init>(95)) - bb36cdf8-c471-492b-b357-37f3d92a881f: new RaftServerImpl for group-7D974FAA4E34:[bb36cdf8-c471-492b-b357-37f3d92a881f:192.168.5.177:40031] with ContainerStateMachine:uninitialized
2019-10-01 21:08:03,409 [pool-129-thread-1] INFO  server.RaftServerConfigKeys (ConfUtils.java:logGet(43)) - raft.server.rpc.timeout.min = 5s (custom)
2019-10-01 21:08:03,409 [pool-129-thread-1] INFO  server.RaftServerConfigKeys (ConfUtils.java:logGet(43)) - raft.server.rpc.timeout.max = 5200ms (custom)
2019-10-01 21:08:03,409 [pool-129-thread-1] INFO  server.RaftServerConfigKeys (ConfUtils.java:logGet(43)) - raft.server.rpcslowness.timeout = 120s (custom)
2019-10-01 21:08:03,410 [pool-129-thread-1] INFO  server.RaftServerConfigKeys (ConfUtils.java:logGet(43)) - raft.server.sleep.deviation.threshold = 300 (default)
2019-10-01 21:08:03,410 [pool-129-thread-1] INFO  server.RaftServerConfigKeys (ConfUtils.java:logGet(43)) - raft.server.log.appender.install.snapshot.enabled = false (custom)
2019-10-01 21:08:03,410 [pool-129-thread-1] INFO  impl.RaftServerImpl (ServerState.java:<init>(103)) - bb36cdf8-c471-492b-b357-37f3d92a881f@group-7D974FAA4E34: ConfigurationManager, init=-1: [bb36cdf8-c471-492b-b357-37f3d92a881f:192.168.5.177:40031], old=null, confs=<EMPTY_MAP>
2019-10-01 21:08:03,410 [pool-129-thread-1] INFO  server.RaftServerConfigKeys (ConfUtils.java:logGet(43)) - raft.server.storage.dir = [/workdir/hadoop-ozone/integration-test/target/test-dir/MiniOzoneClusterImpl-37790afc-6890-41f5-9aa1-2f370bad822b/datanode-1/data/ratis] (custom)
2019-10-01 21:08:03,410 [pool-129-thread-1] INFO  server.RaftServerConfigKeys (ConfUtils.java:logGet(43)) - raft.server.log.corruption.policy = EXCEPTION (default)
2019-10-01 21:08:03,410 [pool-129-thread-1] INFO  storage.RaftStorageDirectory (RaftStorageDirectory.java:analyzeStorage(246)) - The storage directory /workdir/hadoop-ozone/integration-test/target/test-dir/MiniOzoneClusterImpl-37790afc-6890-41f5-9aa1-2f370bad822b/datanode-1/data/ratis/23a913cc-52bb-4ac7-954a-7d974faa4e34 does not exist. Creating ...
2019-10-01 21:08:03,423 [pool-129-thread-1] INFO  storage.RaftStorageDirectory (RaftStorageDirectory.java:tryLock(328)) - Lock on /workdir/hadoop-ozone/integration-test/target/test-dir/MiniOzoneClusterImpl-37790afc-6890-41f5-9aa1-2f370bad822b/datanode-1/data/ratis/23a913cc-52bb-4ac7-954a-7d974faa4e34/in_use.lock acquired by nodename 18441@pr-hdds-2213-2l6tc-3189445122
2019-10-01 21:08:03,434 [IPC Server handler 2 on 35764] INFO  net.NetworkTopology (NetworkTopologyImpl.java:add(111)) - Added a new node: /default-rack/dbc555b8-9764-4f6e-9002-a515bdafc4eb
2019-10-01 21:08:03,434 [IPC Server handler 2 on 35764] INFO  node.SCMNodeManager (SCMNodeManager.java:register(266)) - Registered Data node : dbc555b8-9764-4f6e-9002-a515bdafc4eb{ip: 192.168.5.177, host: pr-hdds-2213-2l6tc-3189445122, networkLocation: /default-rack, certSerialId: null}
2019-10-01 21:08:03,435 [pool-129-thread-1] INFO  storage.RaftStorage (RaftStorage.java:format(84)) - Storage directory /workdir/hadoop-ozone/integration-test/target/test-dir/MiniOzoneClusterImpl-37790afc-6890-41f5-9aa1-2f370bad822b/datanode-1/data/ratis/23a913cc-52bb-4ac7-954a-7d974faa4e34 has been successfully formatted.
2019-10-01 21:08:03,435 [pool-129-thread-1] INFO  ratis.ContainerStateMachine (ContainerStateMachine.java:loadSnapshot(230)) - group-7D974FAA4E34: The snapshot info is null. Setting the last applied indexto:(t:0, i:~)
2019-10-01 21:08:03,436 [pool-129-thread-1] INFO  server.RaftServerConfigKeys (ConfUtils.java:logGet(43)) - raft.server.notification.no-leader.timeout = 120s (custom)
2019-10-01 21:08:03,436 [pool-129-thread-1] INFO  server.RaftServerConfigKeys (ConfUtils.java:logGet(43)) - raft.server.log.use.memory = false (default)
2019-10-01 21:08:03,436 [pool-129-thread-1] INFO  server.RaftServerConfigKeys (ConfUtils.java:logGet(43)) - raft.server.log.purge.gap = 1000000 (custom)
2019-10-01 21:08:03,436 [pool-129-thread-1] INFO  server.RaftServerConfigKeys (ConfUtils.java:logGet(43)) - raft.server.log.appender.buffer.byte-limit = 33554432 (custom)
2019-10-01 21:08:03,436 [pool-129-thread-1] INFO  server.RaftServerConfigKeys (ConfUtils.java:logGet(43)) - raft.server.log.segment.size.max = 1048576 (custom)
2019-10-01 21:08:03,437 [pool-129-thread-1] INFO  server.RaftServerConfigKeys (ConfUtils.java:logGet(43)) - raft.server.log.segment.cache.num.max = 2 (custom)
2019-10-01 21:08:03,437 [pool-129-thread-1] INFO  segmented.SegmentedRaftLogWorker (SegmentedRaftLogWorker.java:<init>(173)) - new bb36cdf8-c471-492b-b357-37f3d92a881f@group-7D974FAA4E34-SegmentedRaftLogWorker for RaftStorage:Storage Directory /workdir/hadoop-ozone/integration-test/target/test-dir/MiniOzoneClusterImpl-37790afc-6890-41f5-9aa1-2f370bad822b/datanode-1/data/ratis/23a913cc-52bb-4ac7-954a-7d974faa4e34
2019-10-01 21:08:03,437 [pool-129-thread-1] INFO  server.RaftServerConfigKeys (ConfUtils.java:logGet(43)) - raft.server.log.queue.byte-limit = 2147483647 (custom)
2019-10-01 21:08:03,437 [pool-129-thread-1] INFO  server.RaftServerConfigKeys (ConfUtils.java:logGet(43)) - raft.server.log.queue.element-limit = 1024 (custom)
2019-10-01 21:08:03,438 [pool-129-thread-1] INFO  server.RaftServerConfigKeys (ConfUtils.java:logGet(43)) - raft.server.log.segment.size.max = 1048576 (custom)
2019-10-01 21:08:03,438 [pool-129-thread-1] INFO  server.RaftServerConfigKeys (ConfUtils.java:logGet(43)) - raft.server.log.preallocated.size = 16384 (custom)
2019-10-01 21:08:03,438 [pool-129-thread-1] INFO  server.RaftServerConfigKeys (ConfUtils.java:logGet(43)) - raft.server.log.write.buffer.size = 33554432 (custom)
2019-10-01 21:08:03,438 [pool-129-thread-1] INFO  server.RaftServerConfigKeys (ConfUtils.java:logGet(43)) - raft.server.log.force.sync.num = 128 (default)
2019-10-01 21:08:03,438 [pool-129-thread-1] INFO  server.RaftServerConfigKeys (ConfUtils.java:logGet(43)) - raft.server.log.statemachine.data.sync = true (default)
2019-10-01 21:08:03,438 [pool-129-thread-1] INFO  server.RaftServerConfigKeys (ConfUtils.java:logGet(43)) - raft.server.log.statemachine.data.sync.timeout = 10s (default)
2019-10-01 21:08:03,438 [pool-129-thread-1] INFO  server.RaftServerConfigKeys (ConfUtils.java:logGet(43)) - raft.server.log.statemachine.data.sync.timeout.retry = -1 (default)
2019-10-01 21:08:03,438 [pool-129-thread-1] INFO  server.RaftServerConfigKeys (ConfUtils.java:logGet(43)) - raft.server.log.statemachine.data.caching.enabled = true (custom)
2019-10-01 21:08:03,439 [pool-129-thread-1] INFO  segmented.SegmentedRaftLogWorker (SegmentedRaftLogWorker.java:lambda$new$0(128)) - bb36cdf8-c471-492b-b357-37f3d92a881f@group-7D974FAA4E34-SegmentedRaftLogWorker: flushIndex: setUnconditionally 0 -> -1
2019-10-01 21:08:03,439 [pool-129-thread-1] INFO  server.RaftServerConfigKeys (ConfUtils.java:logGet(43)) - raft.server.snapshot.auto.trigger.enabled = true (custom)
2019-10-01 21:08:03,439 [pool-129-thread-1] INFO  server.RaftServerConfigKeys (ConfUtils.java:logGet(43)) - raft.server.snapshot.auto.trigger.threshold = 10000 (custom)
2019-10-01 21:08:03,439 [pool-129-thread-1] INFO  server.RaftServerConfigKeys (ConfUtils.java:logGet(43)) - raft.server.snapshot.retention.file.num = 5 (custom)
2019-10-01 21:08:03,439 [pool-129-thread-1] INFO  server.RaftServerConfigKeys (ConfUtils.java:logGet(43)) - raft.server.retrycache.expirytime = 600000ms (custom)
2019-10-01 21:08:03,440 [pool-129-thread-1] INFO  impl.RaftServerImpl (RaftServerImpl.java:start(181)) - bb36cdf8-c471-492b-b357-37f3d92a881f@group-7D974FAA4E34: start as a follower, conf=-1: [bb36cdf8-c471-492b-b357-37f3d92a881f:192.168.5.177:40031], old=null
2019-10-01 21:08:03,440 [pool-129-thread-1] INFO  impl.RaftServerImpl (RaftServerImpl.java:setRole(170)) - bb36cdf8-c471-492b-b357-37f3d92a881f@group-7D974FAA4E34: changes role from      null to FOLLOWER at term 0 for startAsFollower
2019-10-01 21:08:03,441 [pool-129-thread-1] INFO  impl.RoleInfo (RoleInfo.java:updateAndGet(143)) - bb36cdf8-c471-492b-b357-37f3d92a881f: start FollowerState
2019-10-01 21:08:03,441 [pool-129-thread-1] INFO  util.JmxRegister (JmxRegister.java:tryRegister(44)) - Successfully registered JMX Bean with object name Ratis:service=RaftServer,group=group-7D974FAA4E34,id=bb36cdf8-c471-492b-b357-37f3d92a881f
2019-10-01 21:08:03,445 [RatisPipelineUtilsThread] INFO  pipeline.PipelineStateManager (PipelineStateManager.java:addPipeline(56)) - Created pipeline Pipeline[ Id: 23a913cc-52bb-4ac7-954a-7d974faa4e34, Nodes: bb36cdf8-c471-492b-b357-37f3d92a881f{ip: 192.168.5.177, host: pr-hdds-2213-2l6tc-3189445122, networkLocation: /default-rack, certSerialId: null}, Type:RATIS, Factor:ONE, State:OPEN]
2019-10-01 21:08:03,453 [grpc-default-executor-2] INFO  impl.RaftServerProxy (RaftServerProxy.java:addNew(89)) - dbc555b8-9764-4f6e-9002-a515bdafc4eb: addNew group-EE48C7D59182:[dbc555b8-9764-4f6e-9002-a515bdafc4eb:192.168.5.177:39096] returns group-EE48C7D59182:java.util.concurrent.CompletableFuture@591541ff[Not completed]
2019-10-01 21:08:03,456 [pool-139-thread-1] INFO  impl.RaftServerImpl (RaftServerImpl.java:<init>(95)) - dbc555b8-9764-4f6e-9002-a515bdafc4eb: new RaftServerImpl for group-EE48C7D59182:[dbc555b8-9764-4f6e-9002-a515bdafc4eb:192.168.5.177:39096] with ContainerStateMachine:uninitialized
2019-10-01 21:08:03,456 [pool-139-thread-1] INFO  server.RaftServerConfigKeys (ConfUtils.java:logGet(43)) - raft.server.rpc.timeout.min = 5s (custom)
2019-10-01 21:08:03,456 [pool-139-thread-1] INFO  server.RaftServerConfigKeys (ConfUtils.java:logGet(43)) - raft.server.rpc.timeout.max = 5200ms (custom)
2019-10-01 21:08:03,456 [pool-139-thread-1] INFO  server.RaftServerConfigKeys (ConfUtils.java:logGet(43)) - raft.server.rpcslowness.timeout = 120s (custom)
2019-10-01 21:08:03,456 [pool-139-thread-1] INFO  server.RaftServerConfigKeys (ConfUtils.java:logGet(43)) - raft.server.sleep.deviation.threshold = 300 (default)
2019-10-01 21:08:03,456 [pool-139-thread-1] INFO  server.RaftServerConfigKeys (ConfUtils.java:logGet(43)) - raft.server.log.appender.install.snapshot.enabled = false (custom)
2019-10-01 21:08:03,456 [pool-139-thread-1] INFO  impl.RaftServerImpl (ServerState.java:<init>(103)) - dbc555b8-9764-4f6e-9002-a515bdafc4eb@group-EE48C7D59182: ConfigurationManager, init=-1: [dbc555b8-9764-4f6e-9002-a515bdafc4eb:192.168.5.177:39096], old=null, confs=<EMPTY_MAP>
2019-10-01 21:08:03,456 [pool-139-thread-1] INFO  server.RaftServerConfigKeys (ConfUtils.java:logGet(43)) - raft.server.storage.dir = [/workdir/hadoop-ozone/integration-test/target/test-dir/MiniOzoneClusterImpl-37790afc-6890-41f5-9aa1-2f370bad822b/datanode-2/data/ratis] (custom)
2019-10-01 21:08:03,456 [pool-139-thread-1] INFO  server.RaftServerConfigKeys (ConfUtils.java:logGet(43)) - raft.server.log.corruption.policy = EXCEPTION (default)
2019-10-01 21:08:03,456 [pool-139-thread-1] INFO  storage.RaftStorageDirectory (RaftStorageDirectory.java:analyzeStorage(246)) - The storage directory /workdir/hadoop-ozone/integration-test/target/test-dir/MiniOzoneClusterImpl-37790afc-6890-41f5-9aa1-2f370bad822b/datanode-2/data/ratis/4e294f85-dc96-4f23-9a0d-ee48c7d59182 does not exist. Creating ...
2019-10-01 21:08:03,469 [pool-139-thread-1] INFO  storage.RaftStorageDirectory (RaftStorageDirectory.java:tryLock(328)) - Lock on /workdir/hadoop-ozone/integration-test/target/test-dir/MiniOzoneClusterImpl-37790afc-6890-41f5-9aa1-2f370bad822b/datanode-2/data/ratis/4e294f85-dc96-4f23-9a0d-ee48c7d59182/in_use.lock acquired by nodename 18441@pr-hdds-2213-2l6tc-3189445122
2019-10-01 21:08:03,481 [pool-139-thread-1] INFO  storage.RaftStorage (RaftStorage.java:format(84)) - Storage directory /workdir/hadoop-ozone/integration-test/target/test-dir/MiniOzoneClusterImpl-37790afc-6890-41f5-9aa1-2f370bad822b/datanode-2/data/ratis/4e294f85-dc96-4f23-9a0d-ee48c7d59182 has been successfully formatted.
2019-10-01 21:08:03,482 [pool-139-thread-1] INFO  ratis.ContainerStateMachine (ContainerStateMachine.java:loadSnapshot(230)) - group-EE48C7D59182: The snapshot info is null. Setting the last applied indexto:(t:0, i:~)
2019-10-01 21:08:03,482 [pool-139-thread-1] INFO  server.RaftServerConfigKeys (ConfUtils.java:logGet(43)) - raft.server.notification.no-leader.timeout = 120s (custom)
2019-10-01 21:08:03,482 [pool-139-thread-1] INFO  server.RaftServerConfigKeys (ConfUtils.java:logGet(43)) - raft.server.log.use.memory = false (default)
2019-10-01 21:08:03,482 [pool-139-thread-1] INFO  server.RaftServerConfigKeys (ConfUtils.java:logGet(43)) - raft.server.log.purge.gap = 1000000 (custom)
2019-10-01 21:08:03,482 [pool-139-thread-1] INFO  server.RaftServerConfigKeys (ConfUtils.java:logGet(43)) - raft.server.log.appender.buffer.byte-limit = 33554432 (custom)
2019-10-01 21:08:03,482 [pool-139-thread-1] INFO  server.RaftServerConfigKeys (ConfUtils.java:logGet(43)) - raft.server.log.segment.size.max = 1048576 (custom)
2019-10-01 21:08:03,483 [pool-139-thread-1] INFO  server.RaftServerConfigKeys (ConfUtils.java:logGet(43)) - raft.server.log.segment.cache.num.max = 2 (custom)
2019-10-01 21:08:03,483 [pool-139-thread-1] INFO  segmented.SegmentedRaftLogWorker (SegmentedRaftLogWorker.java:<init>(173)) - new dbc555b8-9764-4f6e-9002-a515bdafc4eb@group-EE48C7D59182-SegmentedRaftLogWorker for RaftStorage:Storage Directory /workdir/hadoop-ozone/integration-test/target/test-dir/MiniOzoneClusterImpl-37790afc-6890-41f5-9aa1-2f370bad822b/datanode-2/data/ratis/4e294f85-dc96-4f23-9a0d-ee48c7d59182
2019-10-01 21:08:03,484 [pool-139-thread-1] INFO  server.RaftServerConfigKeys (ConfUtils.java:logGet(43)) - raft.server.log.queue.byte-limit = 2147483647 (custom)
2019-10-01 21:08:03,484 [pool-139-thread-1] INFO  server.RaftServerConfigKeys (ConfUtils.java:logGet(43)) - raft.server.log.queue.element-limit = 1024 (custom)
2019-10-01 21:08:03,484 [pool-139-thread-1] INFO  server.RaftServerConfigKeys (ConfUtils.java:logGet(43)) - raft.server.log.segment.size.max = 1048576 (custom)
2019-10-01 21:08:03,484 [pool-139-thread-1] INFO  server.RaftServerConfigKeys (ConfUtils.java:logGet(43)) - raft.server.log.preallocated.size = 16384 (custom)
2019-10-01 21:08:03,484 [pool-139-thread-1] INFO  server.RaftServerConfigKeys (ConfUtils.java:logGet(43)) - raft.server.log.write.buffer.size = 33554432 (custom)
2019-10-01 21:08:03,484 [pool-139-thread-1] INFO  server.RaftServerConfigKeys (ConfUtils.java:logGet(43)) - raft.server.log.force.sync.num = 128 (default)
2019-10-01 21:08:03,484 [pool-139-thread-1] INFO  server.RaftServerConfigKeys (ConfUtils.java:logGet(43)) - raft.server.log.statemachine.data.sync = true (default)
2019-10-01 21:08:03,484 [pool-139-thread-1] INFO  server.RaftServerConfigKeys (ConfUtils.java:logGet(43)) - raft.server.log.statemachine.data.sync.timeout = 10s (default)
2019-10-01 21:08:03,484 [pool-139-thread-1] INFO  server.RaftServerConfigKeys (ConfUtils.java:logGet(43)) - raft.server.log.statemachine.data.sync.timeout.retry = -1 (default)
2019-10-01 21:08:03,485 [pool-139-thread-1] INFO  server.RaftServerConfigKeys (ConfUtils.java:logGet(43)) - raft.server.log.statemachine.data.caching.enabled = true (custom)
2019-10-01 21:08:03,485 [pool-139-thread-1] INFO  segmented.SegmentedRaftLogWorker (SegmentedRaftLogWorker.java:lambda$new$0(128)) - dbc555b8-9764-4f6e-9002-a515bdafc4eb@group-EE48C7D59182-SegmentedRaftLogWorker: flushIndex: setUnconditionally 0 -> -1
2019-10-01 21:08:03,485 [pool-139-thread-1] INFO  server.RaftServerConfigKeys (ConfUtils.java:logGet(43)) - raft.server.snapshot.auto.trigger.enabled = true (custom)
2019-10-01 21:08:03,485 [pool-139-thread-1] INFO  server.RaftServerConfigKeys (ConfUtils.java:logGet(43)) - raft.server.snapshot.auto.trigger.threshold = 10000 (custom)
2019-10-01 21:08:03,485 [pool-139-thread-1] INFO  server.RaftServerConfigKeys (ConfUtils.java:logGet(43)) - raft.server.snapshot.retention.file.num = 5 (custom)
2019-10-01 21:08:03,485 [pool-139-thread-1] INFO  server.RaftServerConfigKeys (ConfUtils.java:logGet(43)) - raft.server.retrycache.expirytime = 600000ms (custom)
2019-10-01 21:08:03,487 [pool-139-thread-1] INFO  impl.RaftServerImpl (RaftServerImpl.java:start(181)) - dbc555b8-9764-4f6e-9002-a515bdafc4eb@group-EE48C7D59182: start as a follower, conf=-1: [dbc555b8-9764-4f6e-9002-a515bdafc4eb:192.168.5.177:39096], old=null
2019-10-01 21:08:03,487 [pool-139-thread-1] INFO  impl.RaftServerImpl (RaftServerImpl.java:setRole(170)) - dbc555b8-9764-4f6e-9002-a515bdafc4eb@group-EE48C7D59182: changes role from      null to FOLLOWER at term 0 for startAsFollower
2019-10-01 21:08:03,487 [pool-139-thread-1] INFO  impl.RoleInfo (RoleInfo.java:updateAndGet(143)) - dbc555b8-9764-4f6e-9002-a515bdafc4eb: start FollowerState
2019-10-01 21:08:03,487 [pool-139-thread-1] INFO  util.JmxRegister (JmxRegister.java:tryRegister(44)) - Successfully registered JMX Bean with object name Ratis:service=RaftServer,group=group-EE48C7D59182,id=dbc555b8-9764-4f6e-9002-a515bdafc4eb
2019-10-01 21:08:03,491 [RatisPipelineUtilsThread] INFO  pipeline.PipelineStateManager (PipelineStateManager.java:addPipeline(56)) - Created pipeline Pipeline[ Id: 4e294f85-dc96-4f23-9a0d-ee48c7d59182, Nodes: dbc555b8-9764-4f6e-9002-a515bdafc4eb{ip: 192.168.5.177, host: pr-hdds-2213-2l6tc-3189445122, networkLocation: /default-rack, certSerialId: null}, Type:RATIS, Factor:ONE, State:OPEN]
2019-10-01 21:08:03,501 [grpc-default-executor-4] INFO  impl.RaftServerProxy (RaftServerProxy.java:addNew(89)) - bcd46168-679d-4a79-8dbc-a2d812c19c0f: addNew group-0C0BB0EAF733:[bcd46168-679d-4a79-8dbc-a2d812c19c0f:192.168.5.177:43272, bb36cdf8-c471-492b-b357-37f3d92a881f:192.168.5.177:40031, dbc555b8-9764-4f6e-9002-a515bdafc4eb:192.168.5.177:39096] returns group-0C0BB0EAF733:java.util.concurrent.CompletableFuture@7b29442b[Not completed]
2019-10-01 21:08:03,501 [grpc-default-executor-2] INFO  impl.RaftServerProxy (RaftServerProxy.java:addNew(89)) - dbc555b8-9764-4f6e-9002-a515bdafc4eb: addNew group-0C0BB0EAF733:[bcd46168-679d-4a79-8dbc-a2d812c19c0f:192.168.5.177:43272, bb36cdf8-c471-492b-b357-37f3d92a881f:192.168.5.177:40031, dbc555b8-9764-4f6e-9002-a515bdafc4eb:192.168.5.177:39096] returns group-0C0BB0EAF733:java.util.concurrent.CompletableFuture@5724cc4f[Not completed]
2019-10-01 21:08:03,502 [pool-139-thread-1] INFO  impl.RaftServerImpl (RaftServerImpl.java:<init>(95)) - dbc555b8-9764-4f6e-9002-a515bdafc4eb: new RaftServerImpl for group-0C0BB0EAF733:[bcd46168-679d-4a79-8dbc-a2d812c19c0f:192.168.5.177:43272, bb36cdf8-c471-492b-b357-37f3d92a881f:192.168.5.177:40031, dbc555b8-9764-4f6e-9002-a515bdafc4eb:192.168.5.177:39096] with ContainerStateMachine:uninitialized
2019-10-01 21:08:03,502 [pool-139-thread-1] INFO  server.RaftServerConfigKeys (ConfUtils.java:logGet(43)) - raft.server.rpc.timeout.min = 5s (custom)
2019-10-01 21:08:03,502 [pool-139-thread-1] INFO  server.RaftServerConfigKeys (ConfUtils.java:logGet(43)) - raft.server.rpc.timeout.max = 5200ms (custom)
2019-10-01 21:08:03,502 [pool-139-thread-1] INFO  server.RaftServerConfigKeys (ConfUtils.java:logGet(43)) - raft.server.rpcslowness.timeout = 120s (custom)
2019-10-01 21:08:03,502 [pool-139-thread-1] INFO  server.RaftServerConfigKeys (ConfUtils.java:logGet(43)) - raft.server.sleep.deviation.threshold = 300 (default)
2019-10-01 21:08:03,502 [pool-139-thread-1] INFO  server.RaftServerConfigKeys (ConfUtils.java:logGet(43)) - raft.server.log.appender.install.snapshot.enabled = false (custom)
2019-10-01 21:08:03,502 [pool-139-thread-1] INFO  impl.RaftServerImpl (ServerState.java:<init>(103)) - dbc555b8-9764-4f6e-9002-a515bdafc4eb@group-0C0BB0EAF733: ConfigurationManager, init=-1: [bcd46168-679d-4a79-8dbc-a2d812c19c0f:192.168.5.177:43272, bb36cdf8-c471-492b-b357-37f3d92a881f:192.168.5.177:40031, dbc555b8-9764-4f6e-9002-a515bdafc4eb:192.168.5.177:39096], old=null, confs=<EMPTY_MAP>
2019-10-01 21:08:03,502 [pool-139-thread-1] INFO  server.RaftServerConfigKeys (ConfUtils.java:logGet(43)) - raft.server.storage.dir = [/workdir/hadoop-ozone/integration-test/target/test-dir/MiniOzoneClusterImpl-37790afc-6890-41f5-9aa1-2f370bad822b/datanode-2/data/ratis] (custom)
2019-10-01 21:08:03,502 [pool-139-thread-1] INFO  server.RaftServerConfigKeys (ConfUtils.java:logGet(43)) - raft.server.log.corruption.policy = EXCEPTION (default)
2019-10-01 21:08:03,502 [grpc-default-executor-2] INFO  impl.RaftServerProxy (RaftServerProxy.java:addNew(89)) - bb36cdf8-c471-492b-b357-37f3d92a881f: addNew group-0C0BB0EAF733:[bcd46168-679d-4a79-8dbc-a2d812c19c0f:192.168.5.177:43272, bb36cdf8-c471-492b-b357-37f3d92a881f:192.168.5.177:40031, dbc555b8-9764-4f6e-9002-a515bdafc4eb:192.168.5.177:39096] returns group-0C0BB0EAF733:java.util.concurrent.CompletableFuture@244d75ed[Not completed]
2019-10-01 21:08:03,502 [pool-119-thread-1] INFO  impl.RaftServerImpl (RaftServerImpl.java:<init>(95)) - bcd46168-679d-4a79-8dbc-a2d812c19c0f: new RaftServerImpl for group-0C0BB0EAF733:[bcd46168-679d-4a79-8dbc-a2d812c19c0f:192.168.5.177:43272, bb36cdf8-c471-492b-b357-37f3d92a881f:192.168.5.177:40031, dbc555b8-9764-4f6e-9002-a515bdafc4eb:192.168.5.177:39096] with ContainerStateMachine:uninitialized
2019-10-01 21:08:03,502 [pool-139-thread-1] INFO  storage.RaftStorageDirectory (RaftStorageDirectory.java:analyzeStorage(246)) - The storage directory /workdir/hadoop-ozone/integration-test/target/test-dir/MiniOzoneClusterImpl-37790afc-6890-41f5-9aa1-2f370bad822b/datanode-2/data/ratis/4428b5f6-7853-466e-8f1d-0c0bb0eaf733 does not exist. Creating ...
2019-10-01 21:08:03,503 [pool-119-thread-1] INFO  server.RaftServerConfigKeys (ConfUtils.java:logGet(43)) - raft.server.rpc.timeout.min = 5s (custom)
2019-10-01 21:08:03,503 [pool-119-thread-1] INFO  server.RaftServerConfigKeys (ConfUtils.java:logGet(43)) - raft.server.rpc.timeout.max = 5200ms (custom)
2019-10-01 21:08:03,503 [pool-119-thread-1] INFO  server.RaftServerConfigKeys (ConfUtils.java:logGet(43)) - raft.server.rpcslowness.timeout = 120s (custom)
2019-10-01 21:08:03,503 [pool-119-thread-1] INFO  server.RaftServerConfigKeys (ConfUtils.java:logGet(43)) - raft.server.sleep.deviation.threshold = 300 (default)
2019-10-01 21:08:03,503 [pool-119-thread-1] INFO  server.RaftServerConfigKeys (ConfUtils.java:logGet(43)) - raft.server.log.appender.install.snapshot.enabled = false (custom)
2019-10-01 21:08:03,504 [pool-119-thread-1] INFO  impl.RaftServerImpl (ServerState.java:<init>(103)) - bcd46168-679d-4a79-8dbc-a2d812c19c0f@group-0C0BB0EAF733: ConfigurationManager, init=-1: [bcd46168-679d-4a79-8dbc-a2d812c19c0f:192.168.5.177:43272, bb36cdf8-c471-492b-b357-37f3d92a881f:192.168.5.177:40031, dbc555b8-9764-4f6e-9002-a515bdafc4eb:192.168.5.177:39096], old=null, confs=<EMPTY_MAP>
2019-10-01 21:08:03,504 [pool-129-thread-1] INFO  impl.RaftServerImpl (RaftServerImpl.java:<init>(95)) - bb36cdf8-c471-492b-b357-37f3d92a881f: new RaftServerImpl for group-0C0BB0EAF733:[bcd46168-679d-4a79-8dbc-a2d812c19c0f:192.168.5.177:43272, bb36cdf8-c471-492b-b357-37f3d92a881f:192.168.5.177:40031, dbc555b8-9764-4f6e-9002-a515bdafc4eb:192.168.5.177:39096] with ContainerStateMachine:uninitialized
2019-10-01 21:08:03,504 [pool-119-thread-1] INFO  server.RaftServerConfigKeys (ConfUtils.java:logGet(43)) - raft.server.storage.dir = [/workdir/hadoop-ozone/integration-test/target/test-dir/MiniOzoneClusterImpl-37790afc-6890-41f5-9aa1-2f370bad822b/datanode-0/data/ratis] (custom)
2019-10-01 21:08:03,504 [pool-129-thread-1] INFO  server.RaftServerConfigKeys (ConfUtils.java:logGet(43)) - raft.server.rpc.timeout.min = 5s (custom)
2019-10-01 21:08:03,504 [pool-119-thread-1] INFO  server.RaftServerConfigKeys (ConfUtils.java:logGet(43)) - raft.server.log.corruption.policy = EXCEPTION (default)
2019-10-01 21:08:03,504 [pool-129-thread-1] INFO  server.RaftServerConfigKeys (ConfUtils.java:logGet(43)) - raft.server.rpc.timeout.max = 5200ms (custom)
2019-10-01 21:08:03,505 [pool-119-thread-1] INFO  storage.RaftStorageDirectory (RaftStorageDirectory.java:analyzeStorage(246)) - The storage directory /workdir/hadoop-ozone/integration-test/target/test-dir/MiniOzoneClusterImpl-37790afc-6890-41f5-9aa1-2f370bad822b/datanode-0/data/ratis/4428b5f6-7853-466e-8f1d-0c0bb0eaf733 does not exist. Creating ...
2019-10-01 21:08:03,505 [pool-129-thread-1] INFO  server.RaftServerConfigKeys (ConfUtils.java:logGet(43)) - raft.server.rpcslowness.timeout = 120s (custom)
2019-10-01 21:08:03,505 [IPC Server handler 4 on 35764] INFO  net.NetworkTopology (NetworkTopologyImpl.java:add(111)) - Added a new node: /default-rack/38ed4df7-2972-4264-9226-bd7ce605656a
2019-10-01 21:08:03,505 [pool-129-thread-1] INFO  server.RaftServerConfigKeys (ConfUtils.java:logGet(43)) - raft.server.sleep.deviation.threshold = 300 (default)
2019-10-01 21:08:03,505 [IPC Server handler 4 on 35764] INFO  node.SCMNodeManager (SCMNodeManager.java:register(266)) - Registered Data node : 38ed4df7-2972-4264-9226-bd7ce605656a{ip: 192.168.5.177, host: pr-hdds-2213-2l6tc-3189445122, networkLocation: /default-rack, certSerialId: null}
2019-10-01 21:08:03,505 [pool-129-thread-1] INFO  server.RaftServerConfigKeys (ConfUtils.java:logGet(43)) - raft.server.log.appender.install.snapshot.enabled = false (custom)
2019-10-01 21:08:03,506 [pool-129-thread-1] INFO  impl.RaftServerImpl (ServerState.java:<init>(103)) - bb36cdf8-c471-492b-b357-37f3d92a881f@group-0C0BB0EAF733: ConfigurationManager, init=-1: [bcd46168-679d-4a79-8dbc-a2d812c19c0f:192.168.5.177:43272, bb36cdf8-c471-492b-b357-37f3d92a881f:192.168.5.177:40031, dbc555b8-9764-4f6e-9002-a515bdafc4eb:192.168.5.177:39096], old=null, confs=<EMPTY_MAP>
2019-10-01 21:08:03,506 [pool-129-thread-1] INFO  server.RaftServerConfigKeys (ConfUtils.java:logGet(43)) - raft.server.storage.dir = [/workdir/hadoop-ozone/integration-test/target/test-dir/MiniOzoneClusterImpl-37790afc-6890-41f5-9aa1-2f370bad822b/datanode-1/data/ratis] (custom)
2019-10-01 21:08:03,506 [pool-129-thread-1] INFO  server.RaftServerConfigKeys (ConfUtils.java:logGet(43)) - raft.server.log.corruption.policy = EXCEPTION (default)
2019-10-01 21:08:03,507 [pool-129-thread-1] INFO  storage.RaftStorageDirectory (RaftStorageDirectory.java:analyzeStorage(246)) - The storage directory /workdir/hadoop-ozone/integration-test/target/test-dir/MiniOzoneClusterImpl-37790afc-6890-41f5-9aa1-2f370bad822b/datanode-1/data/ratis/4428b5f6-7853-466e-8f1d-0c0bb0eaf733 does not exist. Creating ...
2019-10-01 21:08:03,516 [pool-139-thread-1] INFO  storage.RaftStorageDirectory (RaftStorageDirectory.java:tryLock(328)) - Lock on /workdir/hadoop-ozone/integration-test/target/test-dir/MiniOzoneClusterImpl-37790afc-6890-41f5-9aa1-2f370bad822b/datanode-2/data/ratis/4428b5f6-7853-466e-8f1d-0c0bb0eaf733/in_use.lock acquired by nodename 18441@pr-hdds-2213-2l6tc-3189445122
2019-10-01 21:08:03,516 [pool-119-thread-1] INFO  storage.RaftStorageDirectory (RaftStorageDirectory.java:tryLock(328)) - Lock on /workdir/hadoop-ozone/integration-test/target/test-dir/MiniOzoneClusterImpl-37790afc-6890-41f5-9aa1-2f370bad822b/datanode-0/data/ratis/4428b5f6-7853-466e-8f1d-0c0bb0eaf733/in_use.lock acquired by nodename 18441@pr-hdds-2213-2l6tc-3189445122
2019-10-01 21:08:03,516 [pool-129-thread-1] INFO  storage.RaftStorageDirectory (RaftStorageDirectory.java:tryLock(328)) - Lock on /workdir/hadoop-ozone/integration-test/target/test-dir/MiniOzoneClusterImpl-37790afc-6890-41f5-9aa1-2f370bad822b/datanode-1/data/ratis/4428b5f6-7853-466e-8f1d-0c0bb0eaf733/in_use.lock acquired by nodename 18441@pr-hdds-2213-2l6tc-3189445122
2019-10-01 21:08:03,529 [pool-139-thread-1] INFO  storage.RaftStorage (RaftStorage.java:format(84)) - Storage directory /workdir/hadoop-ozone/integration-test/target/test-dir/MiniOzoneClusterImpl-37790afc-6890-41f5-9aa1-2f370bad822b/datanode-2/data/ratis/4428b5f6-7853-466e-8f1d-0c0bb0eaf733 has been successfully formatted.
2019-10-01 21:08:03,529 [pool-119-thread-1] INFO  storage.RaftStorage (RaftStorage.java:format(84)) - Storage directory /workdir/hadoop-ozone/integration-test/target/test-dir/MiniOzoneClusterImpl-37790afc-6890-41f5-9aa1-2f370bad822b/datanode-0/data/ratis/4428b5f6-7853-466e-8f1d-0c0bb0eaf733 has been successfully formatted.
2019-10-01 21:08:03,529 [pool-129-thread-1] INFO  storage.RaftStorage (RaftStorage.java:format(84)) - Storage directory /workdir/hadoop-ozone/integration-test/target/test-dir/MiniOzoneClusterImpl-37790afc-6890-41f5-9aa1-2f370bad822b/datanode-1/data/ratis/4428b5f6-7853-466e-8f1d-0c0bb0eaf733 has been successfully formatted.
2019-10-01 21:08:03,530 [pool-119-thread-1] INFO  ratis.ContainerStateMachine (ContainerStateMachine.java:loadSnapshot(230)) - group-0C0BB0EAF733: The snapshot info is null. Setting the last applied indexto:(t:0, i:~)
2019-10-01 21:08:03,530 [pool-129-thread-1] INFO  ratis.ContainerStateMachine (ContainerStateMachine.java:loadSnapshot(230)) - group-0C0BB0EAF733: The snapshot info is null. Setting the last applied indexto:(t:0, i:~)
2019-10-01 21:08:03,529 [pool-139-thread-1] INFO  ratis.ContainerStateMachine (ContainerStateMachine.java:loadSnapshot(230)) - group-0C0BB0EAF733: The snapshot info is null. Setting the last applied indexto:(t:0, i:~)
2019-10-01 21:08:03,530 [pool-129-thread-1] INFO  server.RaftServerConfigKeys (ConfUtils.java:logGet(43)) - raft.server.notification.no-leader.timeout = 120s (custom)
2019-10-01 21:08:03,530 [pool-119-thread-1] INFO  server.RaftServerConfigKeys (ConfUtils.java:logGet(43)) - raft.server.notification.no-leader.timeout = 120s (custom)
2019-10-01 21:08:03,530 [pool-129-thread-1] INFO  server.RaftServerConfigKeys (ConfUtils.java:logGet(43)) - raft.server.log.use.memory = false (default)
2019-10-01 21:08:03,530 [pool-139-thread-1] INFO  server.RaftServerConfigKeys (ConfUtils.java:logGet(43)) - raft.server.notification.no-leader.timeout = 120s (custom)
2019-10-01 21:08:03,531 [pool-129-thread-1] INFO  server.RaftServerConfigKeys (ConfUtils.java:logGet(43)) - raft.server.log.purge.gap = 1000000 (custom)
2019-10-01 21:08:03,531 [pool-139-thread-1] INFO  server.RaftServerConfigKeys (ConfUtils.java:logGet(43)) - raft.server.log.use.memory = false (default)
2019-10-01 21:08:03,531 [pool-119-thread-1] INFO  server.RaftServerConfigKeys (ConfUtils.java:logGet(43)) - raft.server.log.use.memory = false (default)
2019-10-01 21:08:03,531 [pool-139-thread-1] INFO  server.RaftServerConfigKeys (ConfUtils.java:logGet(43)) - raft.server.log.purge.gap = 1000000 (custom)
2019-10-01 21:08:03,531 [pool-129-thread-1] INFO  server.RaftServerConfigKeys (ConfUtils.java:logGet(43)) - raft.server.log.appender.buffer.byte-limit = 33554432 (custom)
2019-10-01 21:08:03,531 [pool-139-thread-1] INFO  server.RaftServerConfigKeys (ConfUtils.java:logGet(43)) - raft.server.log.appender.buffer.byte-limit = 33554432 (custom)
2019-10-01 21:08:03,531 [pool-119-thread-1] INFO  server.RaftServerConfigKeys (ConfUtils.java:logGet(43)) - raft.server.log.purge.gap = 1000000 (custom)
2019-10-01 21:08:03,531 [pool-139-thread-1] INFO  server.RaftServerConfigKeys (ConfUtils.java:logGet(43)) - raft.server.log.segment.size.max = 1048576 (custom)
2019-10-01 21:08:03,531 [pool-129-thread-1] INFO  server.RaftServerConfigKeys (ConfUtils.java:logGet(43)) - raft.server.log.segment.size.max = 1048576 (custom)
2019-10-01 21:08:03,532 [pool-139-thread-1] INFO  server.RaftServerConfigKeys (ConfUtils.java:logGet(43)) - raft.server.log.segment.cache.num.max = 2 (custom)
2019-10-01 21:08:03,532 [pool-119-thread-1] INFO  server.RaftServerConfigKeys (ConfUtils.java:logGet(43)) - raft.server.log.appender.buffer.byte-limit = 33554432 (custom)
2019-10-01 21:08:03,532 [pool-139-thread-1] INFO  segmented.SegmentedRaftLogWorker (SegmentedRaftLogWorker.java:<init>(173)) - new dbc555b8-9764-4f6e-9002-a515bdafc4eb@group-0C0BB0EAF733-SegmentedRaftLogWorker for RaftStorage:Storage Directory /workdir/hadoop-ozone/integration-test/target/test-dir/MiniOzoneClusterImpl-37790afc-6890-41f5-9aa1-2f370bad822b/datanode-2/data/ratis/4428b5f6-7853-466e-8f1d-0c0bb0eaf733
2019-10-01 21:08:03,532 [pool-129-thread-1] INFO  server.RaftServerConfigKeys (ConfUtils.java:logGet(43)) - raft.server.log.segment.cache.num.max = 2 (custom)
2019-10-01 21:08:03,532 [pool-119-thread-1] INFO  server.RaftServerConfigKeys (ConfUtils.java:logGet(43)) - raft.server.log.segment.size.max = 1048576 (custom)
2019-10-01 21:08:03,532 [pool-139-thread-1] INFO  server.RaftServerConfigKeys (ConfUtils.java:logGet(43)) - raft.server.log.queue.byte-limit = 2147483647 (custom)
2019-10-01 21:08:03,533 [pool-119-thread-1] INFO  server.RaftServerConfigKeys (ConfUtils.java:logGet(43)) - raft.server.log.segment.cache.num.max = 2 (custom)
2019-10-01 21:08:03,532 [pool-129-thread-1] INFO  segmented.SegmentedRaftLogWorker (SegmentedRaftLogWorker.java:<init>(173)) - new bb36cdf8-c471-492b-b357-37f3d92a881f@group-0C0BB0EAF733-SegmentedRaftLogWorker for RaftStorage:Storage Directory /workdir/hadoop-ozone/integration-test/target/test-dir/MiniOzoneClusterImpl-37790afc-6890-41f5-9aa1-2f370bad822b/datanode-1/data/ratis/4428b5f6-7853-466e-8f1d-0c0bb0eaf733
2019-10-01 21:08:03,533 [pool-119-thread-1] INFO  segmented.SegmentedRaftLogWorker (SegmentedRaftLogWorker.java:<init>(173)) - new bcd46168-679d-4a79-8dbc-a2d812c19c0f@group-0C0BB0EAF733-SegmentedRaftLogWorker for RaftStorage:Storage Directory /workdir/hadoop-ozone/integration-test/target/test-dir/MiniOzoneClusterImpl-37790afc-6890-41f5-9aa1-2f370bad822b/datanode-0/data/ratis/4428b5f6-7853-466e-8f1d-0c0bb0eaf733
2019-10-01 21:08:03,533 [pool-139-thread-1] INFO  server.RaftServerConfigKeys (ConfUtils.java:logGet(43)) - raft.server.log.queue.element-limit = 1024 (custom)
2019-10-01 21:08:03,533 [pool-119-thread-1] INFO  server.RaftServerConfigKeys (ConfUtils.java:logGet(43)) - raft.server.log.queue.byte-limit = 2147483647 (custom)
2019-10-01 21:08:03,533 [pool-129-thread-1] INFO  server.RaftServerConfigKeys (ConfUtils.java:logGet(43)) - raft.server.log.queue.byte-limit = 2147483647 (custom)
2019-10-01 21:08:03,533 [pool-119-thread-1] INFO  server.RaftServerConfigKeys (ConfUtils.java:logGet(43)) - raft.server.log.queue.element-limit = 1024 (custom)
2019-10-01 21:08:03,533 [pool-139-thread-1] INFO  server.RaftServerConfigKeys (ConfUtils.java:logGet(43)) - raft.server.log.segment.size.max = 1048576 (custom)
2019-10-01 21:08:03,534 [pool-119-thread-1] INFO  server.RaftServerConfigKeys (ConfUtils.java:logGet(43)) - raft.server.log.segment.size.max = 1048576 (custom)
2019-10-01 21:08:03,534 [pool-129-thread-1] INFO  server.RaftServerConfigKeys (ConfUtils.java:logGet(43)) - raft.server.log.queue.element-limit = 1024 (custom)
2019-10-01 21:08:03,534 [pool-119-thread-1] INFO  server.RaftServerConfigKeys (ConfUtils.java:logGet(43)) - raft.server.log.preallocated.size = 16384 (custom)
2019-10-01 21:08:03,534 [pool-139-thread-1] INFO  server.RaftServerConfigKeys (ConfUtils.java:logGet(43)) - raft.server.log.preallocated.size = 16384 (custom)
2019-10-01 21:08:03,534 [pool-119-thread-1] INFO  server.RaftServerConfigKeys (ConfUtils.java:logGet(43)) - raft.server.log.write.buffer.size = 33554432 (custom)
2019-10-01 21:08:03,534 [pool-129-thread-1] INFO  server.RaftServerConfigKeys (ConfUtils.java:logGet(43)) - raft.server.log.segment.size.max = 1048576 (custom)
2019-10-01 21:08:03,534 [pool-119-thread-1] INFO  server.RaftServerConfigKeys (ConfUtils.java:logGet(43)) - raft.server.log.force.sync.num = 128 (default)
2019-10-01 21:08:03,534 [pool-139-thread-1] INFO  server.RaftServerConfigKeys (ConfUtils.java:logGet(43)) - raft.server.log.write.buffer.size = 33554432 (custom)
2019-10-01 21:08:03,535 [pool-119-thread-1] INFO  server.RaftServerConfigKeys (ConfUtils.java:logGet(43)) - raft.server.log.statemachine.data.sync = true (default)
2019-10-01 21:08:03,535 [pool-129-thread-1] INFO  server.RaftServerConfigKeys (ConfUtils.java:logGet(43)) - raft.server.log.preallocated.size = 16384 (custom)
2019-10-01 21:08:03,535 [pool-119-thread-1] INFO  server.RaftServerConfigKeys (ConfUtils.java:logGet(43)) - raft.server.log.statemachine.data.sync.timeout = 10s (default)
2019-10-01 21:08:03,535 [pool-139-thread-1] INFO  server.RaftServerConfigKeys (ConfUtils.java:logGet(43)) - raft.server.log.force.sync.num = 128 (default)
2019-10-01 21:08:03,535 [pool-119-thread-1] INFO  server.RaftServerConfigKeys (ConfUtils.java:logGet(43)) - raft.server.log.statemachine.data.sync.timeout.retry = -1 (default)
2019-10-01 21:08:03,535 [pool-129-thread-1] INFO  server.RaftServerConfigKeys (ConfUtils.java:logGet(43)) - raft.server.log.write.buffer.size = 33554432 (custom)
2019-10-01 21:08:03,536 [pool-119-thread-1] INFO  server.RaftServerConfigKeys (ConfUtils.java:logGet(43)) - raft.server.log.statemachine.data.caching.enabled = true (custom)
2019-10-01 21:08:03,535 [pool-139-thread-1] INFO  server.RaftServerConfigKeys (ConfUtils.java:logGet(43)) - raft.server.log.statemachine.data.sync = true (default)
2019-10-01 21:08:03,536 [pool-129-thread-1] INFO  server.RaftServerConfigKeys (ConfUtils.java:logGet(43)) - raft.server.log.force.sync.num = 128 (default)
2019-10-01 21:08:03,536 [pool-119-thread-1] INFO  segmented.SegmentedRaftLogWorker (SegmentedRaftLogWorker.java:lambda$new$0(128)) - bcd46168-679d-4a79-8dbc-a2d812c19c0f@group-0C0BB0EAF733-SegmentedRaftLogWorker: flushIndex: setUnconditionally 0 -> -1
2019-10-01 21:08:03,536 [pool-139-thread-1] INFO  server.RaftServerConfigKeys (ConfUtils.java:logGet(43)) - raft.server.log.statemachine.data.sync.timeout = 10s (default)
2019-10-01 21:08:03,536 [pool-129-thread-1] INFO  server.RaftServerConfigKeys (ConfUtils.java:logGet(43)) - raft.server.log.statemachine.data.sync = true (default)
2019-10-01 21:08:03,536 [pool-119-thread-1] INFO  server.RaftServerConfigKeys (ConfUtils.java:logGet(43)) - raft.server.snapshot.auto.trigger.enabled = true (custom)
2019-10-01 21:08:03,536 [pool-139-thread-1] INFO  server.RaftServerConfigKeys (ConfUtils.java:logGet(43)) - raft.server.log.statemachine.data.sync.timeout.retry = -1 (default)
2019-10-01 21:08:03,537 [pool-119-thread-1] INFO  server.RaftServerConfigKeys (ConfUtils.java:logGet(43)) - raft.server.snapshot.auto.trigger.threshold = 10000 (custom)
2019-10-01 21:08:03,537 [pool-129-thread-1] INFO  server.RaftServerConfigKeys (ConfUtils.java:logGet(43)) - raft.server.log.statemachine.data.sync.timeout = 10s (default)
2019-10-01 21:08:03,537 [pool-119-thread-1] INFO  server.RaftServerConfigKeys (ConfUtils.java:logGet(43)) - raft.server.snapshot.retention.file.num = 5 (custom)
2019-10-01 21:08:03,537 [pool-139-thread-1] INFO  server.RaftServerConfigKeys (ConfUtils.java:logGet(43)) - raft.server.log.statemachine.data.caching.enabled = true (custom)
2019-10-01 21:08:03,537 [pool-119-thread-1] INFO  server.RaftServerConfigKeys (ConfUtils.java:logGet(43)) - raft.server.retrycache.expirytime = 600000ms (custom)
2019-10-01 21:08:03,537 [pool-129-thread-1] INFO  server.RaftServerConfigKeys (ConfUtils.java:logGet(43)) - raft.server.log.statemachine.data.sync.timeout.retry = -1 (default)
2019-10-01 21:08:03,537 [pool-139-thread-1] INFO  segmented.SegmentedRaftLogWorker (SegmentedRaftLogWorker.java:lambda$new$0(128)) - dbc555b8-9764-4f6e-9002-a515bdafc4eb@group-0C0BB0EAF733-SegmentedRaftLogWorker: flushIndex: setUnconditionally 0 -> -1
2019-10-01 21:08:03,538 [pool-129-thread-1] INFO  server.RaftServerConfigKeys (ConfUtils.java:logGet(43)) - raft.server.log.statemachine.data.caching.enabled = true (custom)
2019-10-01 21:08:03,538 [pool-139-thread-1] INFO  server.RaftServerConfigKeys (ConfUtils.java:logGet(43)) - raft.server.snapshot.auto.trigger.enabled = true (custom)
2019-10-01 21:08:03,538 [pool-139-thread-1] INFO  server.RaftServerConfigKeys (ConfUtils.java:logGet(43)) - raft.server.snapshot.auto.trigger.threshold = 10000 (custom)
2019-10-01 21:08:03,538 [pool-139-thread-1] INFO  server.RaftServerConfigKeys (ConfUtils.java:logGet(43)) - raft.server.snapshot.retention.file.num = 5 (custom)
2019-10-01 21:08:03,538 [pool-129-thread-1] INFO  segmented.SegmentedRaftLogWorker (SegmentedRaftLogWorker.java:lambda$new$0(128)) - bb36cdf8-c471-492b-b357-37f3d92a881f@group-0C0BB0EAF733-SegmentedRaftLogWorker: flushIndex: setUnconditionally 0 -> -1
2019-10-01 21:08:03,538 [pool-139-thread-1] INFO  server.RaftServerConfigKeys (ConfUtils.java:logGet(43)) - raft.server.retrycache.expirytime = 600000ms (custom)
2019-10-01 21:08:03,539 [pool-129-thread-1] INFO  server.RaftServerConfigKeys (ConfUtils.java:logGet(43)) - raft.server.snapshot.auto.trigger.enabled = true (custom)
2019-10-01 21:08:03,539 [pool-129-thread-1] INFO  server.RaftServerConfigKeys (ConfUtils.java:logGet(43)) - raft.server.snapshot.auto.trigger.threshold = 10000 (custom)
2019-10-01 21:08:03,539 [pool-129-thread-1] INFO  server.RaftServerConfigKeys (ConfUtils.java:logGet(43)) - raft.server.snapshot.retention.file.num = 5 (custom)
2019-10-01 21:08:03,539 [pool-129-thread-1] INFO  server.RaftServerConfigKeys (ConfUtils.java:logGet(43)) - raft.server.retrycache.expirytime = 600000ms (custom)
2019-10-01 21:08:03,541 [pool-119-thread-1] INFO  impl.RaftServerImpl (RaftServerImpl.java:start(181)) - bcd46168-679d-4a79-8dbc-a2d812c19c0f@group-0C0BB0EAF733: start as a follower, conf=-1: [bcd46168-679d-4a79-8dbc-a2d812c19c0f:192.168.5.177:43272, bb36cdf8-c471-492b-b357-37f3d92a881f:192.168.5.177:40031, dbc555b8-9764-4f6e-9002-a515bdafc4eb:192.168.5.177:39096], old=null
2019-10-01 21:08:03,541 [pool-119-thread-1] INFO  impl.RaftServerImpl (RaftServerImpl.java:setRole(170)) - bcd46168-679d-4a79-8dbc-a2d812c19c0f@group-0C0BB0EAF733: changes role from      null to FOLLOWER at term 0 for startAsFollower
2019-10-01 21:08:03,541 [pool-119-thread-1] INFO  impl.RoleInfo (RoleInfo.java:updateAndGet(143)) - bcd46168-679d-4a79-8dbc-a2d812c19c0f: start FollowerState
2019-10-01 21:08:03,541 [pool-139-thread-1] INFO  impl.RaftServerImpl (RaftServerImpl.java:start(181)) - dbc555b8-9764-4f6e-9002-a515bdafc4eb@group-0C0BB0EAF733: start as a follower, conf=-1: [bcd46168-679d-4a79-8dbc-a2d812c19c0f:192.168.5.177:43272, bb36cdf8-c471-492b-b357-37f3d92a881f:192.168.5.177:40031, dbc555b8-9764-4f6e-9002-a515bdafc4eb:192.168.5.177:39096], old=null
2019-10-01 21:08:03,541 [pool-139-thread-1] INFO  impl.RaftServerImpl (RaftServerImpl.java:setRole(170)) - dbc555b8-9764-4f6e-9002-a515bdafc4eb@group-0C0BB0EAF733: changes role from      null to FOLLOWER at term 0 for startAsFollower
2019-10-01 21:08:03,548 [pool-139-thread-1] INFO  impl.RoleInfo (RoleInfo.java:updateAndGet(143)) - dbc555b8-9764-4f6e-9002-a515bdafc4eb: start FollowerState
2019-10-01 21:08:03,548 [pool-119-thread-1] INFO  util.JmxRegister (JmxRegister.java:tryRegister(44)) - Successfully registered JMX Bean with object name Ratis:service=RaftServer,group=group-0C0BB0EAF733,id=bcd46168-679d-4a79-8dbc-a2d812c19c0f
2019-10-01 21:08:03,548 [pool-139-thread-1] INFO  util.JmxRegister (JmxRegister.java:tryRegister(44)) - Successfully registered JMX Bean with object name Ratis:service=RaftServer,group=group-0C0BB0EAF733,id=dbc555b8-9764-4f6e-9002-a515bdafc4eb
2019-10-01 21:08:03,549 [pool-129-thread-1] INFO  impl.RaftServerImpl (RaftServerImpl.java:start(181)) - bb36cdf8-c471-492b-b357-37f3d92a881f@group-0C0BB0EAF733: start as a follower, conf=-1: [bcd46168-679d-4a79-8dbc-a2d812c19c0f:192.168.5.177:43272, bb36cdf8-c471-492b-b357-37f3d92a881f:192.168.5.177:40031, dbc555b8-9764-4f6e-9002-a515bdafc4eb:192.168.5.177:39096], old=null
2019-10-01 21:08:03,549 [pool-129-thread-1] INFO  impl.RaftServerImpl (RaftServerImpl.java:setRole(170)) - bb36cdf8-c471-492b-b357-37f3d92a881f@group-0C0BB0EAF733: changes role from      null to FOLLOWER at term 0 for startAsFollower
2019-10-01 21:08:03,549 [pool-129-thread-1] INFO  impl.RoleInfo (RoleInfo.java:updateAndGet(143)) - bb36cdf8-c471-492b-b357-37f3d92a881f: start FollowerState
2019-10-01 21:08:03,550 [pool-129-thread-1] INFO  util.JmxRegister (JmxRegister.java:tryRegister(44)) - Successfully registered JMX Bean with object name Ratis:service=RaftServer,group=group-0C0BB0EAF733,id=bb36cdf8-c471-492b-b357-37f3d92a881f
2019-10-01 21:08:03,561 [RatisPipelineUtilsThread] INFO  pipeline.PipelineStateManager (PipelineStateManager.java:addPipeline(56)) - Created pipeline Pipeline[ Id: 4428b5f6-7853-466e-8f1d-0c0bb0eaf733, Nodes: bcd46168-679d-4a79-8dbc-a2d812c19c0f{ip: 192.168.5.177, host: pr-hdds-2213-2l6tc-3189445122, networkLocation: /default-rack, certSerialId: null}dbc555b8-9764-4f6e-9002-a515bdafc4eb{ip: 192.168.5.177, host: pr-hdds-2213-2l6tc-3189445122, networkLocation: /default-rack, certSerialId: null}bb36cdf8-c471-492b-b357-37f3d92a881f{ip: 192.168.5.177, host: pr-hdds-2213-2l6tc-3189445122, networkLocation: /default-rack, certSerialId: null}, Type:RATIS, Factor:THREE, State:OPEN]
2019-10-01 21:08:03,563 [IPC Server handler 3 on 35764] INFO  net.NetworkTopology (NetworkTopologyImpl.java:add(111)) - Added a new node: /default-rack/f2db16a1-f388-443d-a7ae-c224f468f361
2019-10-01 21:08:03,564 [IPC Server handler 3 on 35764] INFO  node.SCMNodeManager (SCMNodeManager.java:register(266)) - Registered Data node : f2db16a1-f388-443d-a7ae-c224f468f361{ip: 192.168.5.177, host: pr-hdds-2213-2l6tc-3189445122, networkLocation: /default-rack, certSerialId: null}
2019-10-01 21:08:03,569 [grpc-default-executor-2] INFO  impl.RaftServerProxy (RaftServerProxy.java:addNew(89)) - 38ed4df7-2972-4264-9226-bd7ce605656a: addNew group-054112D807A6:[38ed4df7-2972-4264-9226-bd7ce605656a:192.168.5.177:43975] returns group-054112D807A6:java.util.concurrent.CompletableFuture@1beda036[Not completed]
2019-10-01 21:08:03,573 [pool-149-thread-1] INFO  impl.RaftServerImpl (RaftServerImpl.java:<init>(95)) - 38ed4df7-2972-4264-9226-bd7ce605656a: new RaftServerImpl for group-054112D807A6:[38ed4df7-2972-4264-9226-bd7ce605656a:192.168.5.177:43975] with ContainerStateMachine:uninitialized
2019-10-01 21:08:03,573 [pool-149-thread-1] INFO  server.RaftServerConfigKeys (ConfUtils.java:logGet(43)) - raft.server.rpc.timeout.min = 5s (custom)
2019-10-01 21:08:03,573 [pool-149-thread-1] INFO  server.RaftServerConfigKeys (ConfUtils.java:logGet(43)) - raft.server.rpc.timeout.max = 5200ms (custom)
2019-10-01 21:08:03,573 [pool-149-thread-1] INFO  server.RaftServerConfigKeys (ConfUtils.java:logGet(43)) - raft.server.rpcslowness.timeout = 120s (custom)
2019-10-01 21:08:03,574 [pool-149-thread-1] INFO  server.RaftServerConfigKeys (ConfUtils.java:logGet(43)) - raft.server.sleep.deviation.threshold = 300 (default)
2019-10-01 21:08:03,574 [pool-149-thread-1] INFO  server.RaftServerConfigKeys (ConfUtils.java:logGet(43)) - raft.server.log.appender.install.snapshot.enabled = false (custom)
2019-10-01 21:08:03,574 [pool-149-thread-1] INFO  impl.RaftServerImpl (ServerState.java:<init>(103)) - 38ed4df7-2972-4264-9226-bd7ce605656a@group-054112D807A6: ConfigurationManager, init=-1: [38ed4df7-2972-4264-9226-bd7ce605656a:192.168.5.177:43975], old=null, confs=<EMPTY_MAP>
2019-10-01 21:08:03,574 [pool-149-thread-1] INFO  server.RaftServerConfigKeys (ConfUtils.java:logGet(43)) - raft.server.storage.dir = [/workdir/hadoop-ozone/integration-test/target/test-dir/MiniOzoneClusterImpl-37790afc-6890-41f5-9aa1-2f370bad822b/datanode-3/data/ratis] (custom)
2019-10-01 21:08:03,574 [pool-149-thread-1] INFO  server.RaftServerConfigKeys (ConfUtils.java:logGet(43)) - raft.server.log.corruption.policy = EXCEPTION (default)
2019-10-01 21:08:03,574 [pool-149-thread-1] INFO  storage.RaftStorageDirectory (RaftStorageDirectory.java:analyzeStorage(246)) - The storage directory /workdir/hadoop-ozone/integration-test/target/test-dir/MiniOzoneClusterImpl-37790afc-6890-41f5-9aa1-2f370bad822b/datanode-3/data/ratis/5493a210-0cb4-4ea5-9803-054112d807a6 does not exist. Creating ...
2019-10-01 21:08:03,587 [pool-149-thread-1] INFO  storage.RaftStorageDirectory (RaftStorageDirectory.java:tryLock(328)) - Lock on /workdir/hadoop-ozone/integration-test/target/test-dir/MiniOzoneClusterImpl-37790afc-6890-41f5-9aa1-2f370bad822b/datanode-3/data/ratis/5493a210-0cb4-4ea5-9803-054112d807a6/in_use.lock acquired by nodename 18441@pr-hdds-2213-2l6tc-3189445122
2019-10-01 21:08:03,600 [pool-149-thread-1] INFO  storage.RaftStorage (RaftStorage.java:format(84)) - Storage directory /workdir/hadoop-ozone/integration-test/target/test-dir/MiniOzoneClusterImpl-37790afc-6890-41f5-9aa1-2f370bad822b/datanode-3/data/ratis/5493a210-0cb4-4ea5-9803-054112d807a6 has been successfully formatted.
2019-10-01 21:08:03,600 [pool-149-thread-1] INFO  ratis.ContainerStateMachine (ContainerStateMachine.java:loadSnapshot(230)) - group-054112D807A6: The snapshot info is null. Setting the last applied indexto:(t:0, i:~)
2019-10-01 21:08:03,600 [pool-149-thread-1] INFO  server.RaftServerConfigKeys (ConfUtils.java:logGet(43)) - raft.server.notification.no-leader.timeout = 120s (custom)
2019-10-01 21:08:03,600 [pool-149-thread-1] INFO  server.RaftServerConfigKeys (ConfUtils.java:logGet(43)) - raft.server.log.use.memory = false (default)
2019-10-01 21:08:03,600 [pool-149-thread-1] INFO  server.RaftServerConfigKeys (ConfUtils.java:logGet(43)) - raft.server.log.purge.gap = 1000000 (custom)
2019-10-01 21:08:03,600 [pool-149-thread-1] INFO  server.RaftServerConfigKeys (ConfUtils.java:logGet(43)) - raft.server.log.appender.buffer.byte-limit = 33554432 (custom)
2019-10-01 21:08:03,600 [pool-149-thread-1] INFO  server.RaftServerConfigKeys (ConfUtils.java:logGet(43)) - raft.server.log.segment.size.max = 1048576 (custom)
2019-10-01 21:08:03,602 [pool-149-thread-1] INFO  server.RaftServerConfigKeys (ConfUtils.java:logGet(43)) - raft.server.log.segment.cache.num.max = 2 (custom)
2019-10-01 21:08:03,602 [pool-149-thread-1] INFO  segmented.SegmentedRaftLogWorker (SegmentedRaftLogWorker.java:<init>(173)) - new 38ed4df7-2972-4264-9226-bd7ce605656a@group-054112D807A6-SegmentedRaftLogWorker for RaftStorage:Storage Directory /workdir/hadoop-ozone/integration-test/target/test-dir/MiniOzoneClusterImpl-37790afc-6890-41f5-9aa1-2f370bad822b/datanode-3/data/ratis/5493a210-0cb4-4ea5-9803-054112d807a6
2019-10-01 21:08:03,602 [pool-149-thread-1] INFO  server.RaftServerConfigKeys (ConfUtils.java:logGet(43)) - raft.server.log.queue.byte-limit = 2147483647 (custom)
2019-10-01 21:08:03,602 [pool-149-thread-1] INFO  server.RaftServerConfigKeys (ConfUtils.java:logGet(43)) - raft.server.log.queue.element-limit = 1024 (custom)
2019-10-01 21:08:03,602 [pool-149-thread-1] INFO  server.RaftServerConfigKeys (ConfUtils.java:logGet(43)) - raft.server.log.segment.size.max = 1048576 (custom)
2019-10-01 21:08:03,602 [pool-149-thread-1] INFO  server.RaftServerConfigKeys (ConfUtils.java:logGet(43)) - raft.server.log.preallocated.size = 16384 (custom)
2019-10-01 21:08:03,602 [pool-149-thread-1] INFO  server.RaftServerConfigKeys (ConfUtils.java:logGet(43)) - raft.server.log.write.buffer.size = 33554432 (custom)
2019-10-01 21:08:03,602 [pool-149-thread-1] INFO  server.RaftServerConfigKeys (ConfUtils.java:logGet(43)) - raft.server.log.force.sync.num = 128 (default)
2019-10-01 21:08:03,602 [pool-149-thread-1] INFO  server.RaftServerConfigKeys (ConfUtils.java:logGet(43)) - raft.server.log.statemachine.data.sync = true (default)
2019-10-01 21:08:03,602 [pool-149-thread-1] INFO  server.RaftServerConfigKeys (ConfUtils.java:logGet(43)) - raft.server.log.statemachine.data.sync.timeout = 10s (default)
2019-10-01 21:08:03,603 [pool-149-thread-1] INFO  server.RaftServerConfigKeys (ConfUtils.java:logGet(43)) - raft.server.log.statemachine.data.sync.timeout.retry = -1 (default)
2019-10-01 21:08:03,603 [pool-149-thread-1] INFO  server.RaftServerConfigKeys (ConfUtils.java:logGet(43)) - raft.server.log.statemachine.data.caching.enabled = true (custom)
2019-10-01 21:08:03,603 [pool-149-thread-1] INFO  segmented.SegmentedRaftLogWorker (SegmentedRaftLogWorker.java:lambda$new$0(128)) - 38ed4df7-2972-4264-9226-bd7ce605656a@group-054112D807A6-SegmentedRaftLogWorker: flushIndex: setUnconditionally 0 -> -1
2019-10-01 21:08:03,603 [pool-149-thread-1] INFO  server.RaftServerConfigKeys (ConfUtils.java:logGet(43)) - raft.server.snapshot.auto.trigger.enabled = true (custom)
2019-10-01 21:08:03,603 [pool-149-thread-1] INFO  server.RaftServerConfigKeys (ConfUtils.java:logGet(43)) - raft.server.snapshot.auto.trigger.threshold = 10000 (custom)
2019-10-01 21:08:03,603 [pool-149-thread-1] INFO  server.RaftServerConfigKeys (ConfUtils.java:logGet(43)) - raft.server.snapshot.retention.file.num = 5 (custom)
2019-10-01 21:08:03,604 [pool-149-thread-1] INFO  server.RaftServerConfigKeys (ConfUtils.java:logGet(43)) - raft.server.retrycache.expirytime = 600000ms (custom)
2019-10-01 21:08:03,605 [pool-149-thread-1] INFO  impl.RaftServerImpl (RaftServerImpl.java:start(181)) - 38ed4df7-2972-4264-9226-bd7ce605656a@group-054112D807A6: start as a follower, conf=-1: [38ed4df7-2972-4264-9226-bd7ce605656a:192.168.5.177:43975], old=null
2019-10-01 21:08:03,605 [pool-149-thread-1] INFO  impl.RaftServerImpl (RaftServerImpl.java:setRole(170)) - 38ed4df7-2972-4264-9226-bd7ce605656a@group-054112D807A6: changes role from      null to FOLLOWER at term 0 for startAsFollower
2019-10-01 21:08:03,605 [pool-149-thread-1] INFO  impl.RoleInfo (RoleInfo.java:updateAndGet(143)) - 38ed4df7-2972-4264-9226-bd7ce605656a: start FollowerState
2019-10-01 21:08:03,605 [pool-149-thread-1] INFO  util.JmxRegister (JmxRegister.java:tryRegister(44)) - Successfully registered JMX Bean with object name Ratis:service=RaftServer,group=group-054112D807A6,id=38ed4df7-2972-4264-9226-bd7ce605656a
2019-10-01 21:08:03,610 [RatisPipelineUtilsThread] INFO  pipeline.PipelineStateManager (PipelineStateManager.java:addPipeline(56)) - Created pipeline Pipeline[ Id: 5493a210-0cb4-4ea5-9803-054112d807a6, Nodes: 38ed4df7-2972-4264-9226-bd7ce605656a{ip: 192.168.5.177, host: pr-hdds-2213-2l6tc-3189445122, networkLocation: /default-rack, certSerialId: null}, Type:RATIS, Factor:ONE, State:OPEN]
2019-10-01 21:08:03,617 [grpc-default-executor-2] INFO  impl.RaftServerProxy (RaftServerProxy.java:addNew(89)) - f2db16a1-f388-443d-a7ae-c224f468f361: addNew group-44B4A5890101:[f2db16a1-f388-443d-a7ae-c224f468f361:192.168.5.177:39337] returns group-44B4A5890101:java.util.concurrent.CompletableFuture@dbb4317[Not completed]
2019-10-01 21:08:03,619 [pool-159-thread-1] INFO  impl.RaftServerImpl (RaftServerImpl.java:<init>(95)) - f2db16a1-f388-443d-a7ae-c224f468f361: new RaftServerImpl for group-44B4A5890101:[f2db16a1-f388-443d-a7ae-c224f468f361:192.168.5.177:39337] with ContainerStateMachine:uninitialized
2019-10-01 21:08:03,620 [pool-159-thread-1] INFO  server.RaftServerConfigKeys (ConfUtils.java:logGet(43)) - raft.server.rpc.timeout.min = 5s (custom)
2019-10-01 21:08:03,620 [pool-159-thread-1] INFO  server.RaftServerConfigKeys (ConfUtils.java:logGet(43)) - raft.server.rpc.timeout.max = 5200ms (custom)
2019-10-01 21:08:03,620 [pool-159-thread-1] INFO  server.RaftServerConfigKeys (ConfUtils.java:logGet(43)) - raft.server.rpcslowness.timeout = 120s (custom)
2019-10-01 21:08:03,620 [pool-159-thread-1] INFO  server.RaftServerConfigKeys (ConfUtils.java:logGet(43)) - raft.server.sleep.deviation.threshold = 300 (default)
2019-10-01 21:08:03,620 [pool-159-thread-1] INFO  server.RaftServerConfigKeys (ConfUtils.java:logGet(43)) - raft.server.log.appender.install.snapshot.enabled = false (custom)
2019-10-01 21:08:03,620 [pool-159-thread-1] INFO  impl.RaftServerImpl (ServerState.java:<init>(103)) - f2db16a1-f388-443d-a7ae-c224f468f361@group-44B4A5890101: ConfigurationManager, init=-1: [f2db16a1-f388-443d-a7ae-c224f468f361:192.168.5.177:39337], old=null, confs=<EMPTY_MAP>
2019-10-01 21:08:03,620 [pool-159-thread-1] INFO  server.RaftServerConfigKeys (ConfUtils.java:logGet(43)) - raft.server.storage.dir = [/workdir/hadoop-ozone/integration-test/target/test-dir/MiniOzoneClusterImpl-37790afc-6890-41f5-9aa1-2f370bad822b/datanode-4/data/ratis] (custom)
2019-10-01 21:08:03,620 [pool-159-thread-1] INFO  server.RaftServerConfigKeys (ConfUtils.java:logGet(43)) - raft.server.log.corruption.policy = EXCEPTION (default)
2019-10-01 21:08:03,620 [pool-159-thread-1] INFO  storage.RaftStorageDirectory (RaftStorageDirectory.java:analyzeStorage(246)) - The storage directory /workdir/hadoop-ozone/integration-test/target/test-dir/MiniOzoneClusterImpl-37790afc-6890-41f5-9aa1-2f370bad822b/datanode-4/data/ratis/589579ec-0c57-4865-855a-44b4a5890101 does not exist. Creating ...
2019-10-01 21:08:03,623 [IPC Server handler 5 on 35764] INFO  net.NetworkTopology (NetworkTopologyImpl.java:add(111)) - Added a new node: /default-rack/e661b9e5-9005-4795-83ab-67c790a4fd6e
2019-10-01 21:08:03,624 [pool-159-thread-1] INFO  storage.RaftStorageDirectory (RaftStorageDirectory.java:tryLock(328)) - Lock on /workdir/hadoop-ozone/integration-test/target/test-dir/MiniOzoneClusterImpl-37790afc-6890-41f5-9aa1-2f370bad822b/datanode-4/data/ratis/589579ec-0c57-4865-855a-44b4a5890101/in_use.lock acquired by nodename 18441@pr-hdds-2213-2l6tc-3189445122
2019-10-01 21:08:03,624 [IPC Server handler 5 on 35764] INFO  node.SCMNodeManager (SCMNodeManager.java:register(266)) - Registered Data node : e661b9e5-9005-4795-83ab-67c790a4fd6e{ip: 192.168.5.177, host: pr-hdds-2213-2l6tc-3189445122, networkLocation: /default-rack, certSerialId: null}
2019-10-01 21:08:03,626 [pool-159-thread-1] INFO  storage.RaftStorage (RaftStorage.java:format(84)) - Storage directory /workdir/hadoop-ozone/integration-test/target/test-dir/MiniOzoneClusterImpl-37790afc-6890-41f5-9aa1-2f370bad822b/datanode-4/data/ratis/589579ec-0c57-4865-855a-44b4a5890101 has been successfully formatted.
2019-10-01 21:08:03,626 [pool-159-thread-1] INFO  ratis.ContainerStateMachine (ContainerStateMachine.java:loadSnapshot(230)) - group-44B4A5890101: The snapshot info is null. Setting the last applied indexto:(t:0, i:~)
2019-10-01 21:08:03,626 [pool-159-thread-1] INFO  server.RaftServerConfigKeys (ConfUtils.java:logGet(43)) - raft.server.notification.no-leader.timeout = 120s (custom)
2019-10-01 21:08:03,626 [pool-159-thread-1] INFO  server.RaftServerConfigKeys (ConfUtils.java:logGet(43)) - raft.server.log.use.memory = false (default)
2019-10-01 21:08:03,626 [pool-159-thread-1] INFO  server.RaftServerConfigKeys (ConfUtils.java:logGet(43)) - raft.server.log.purge.gap = 1000000 (custom)
2019-10-01 21:08:03,627 [pool-159-thread-1] INFO  server.RaftServerConfigKeys (ConfUtils.java:logGet(43)) - raft.server.log.appender.buffer.byte-limit = 33554432 (custom)
2019-10-01 21:08:03,627 [pool-159-thread-1] INFO  server.RaftServerConfigKeys (ConfUtils.java:logGet(43)) - raft.server.log.segment.size.max = 1048576 (custom)
2019-10-01 21:08:03,628 [pool-159-thread-1] INFO  server.RaftServerConfigKeys (ConfUtils.java:logGet(43)) - raft.server.log.segment.cache.num.max = 2 (custom)
2019-10-01 21:08:03,628 [pool-159-thread-1] INFO  segmented.SegmentedRaftLogWorker (SegmentedRaftLogWorker.java:<init>(173)) - new f2db16a1-f388-443d-a7ae-c224f468f361@group-44B4A5890101-SegmentedRaftLogWorker for RaftStorage:Storage Directory /workdir/hadoop-ozone/integration-test/target/test-dir/MiniOzoneClusterImpl-37790afc-6890-41f5-9aa1-2f370bad822b/datanode-4/data/ratis/589579ec-0c57-4865-855a-44b4a5890101
2019-10-01 21:08:03,628 [pool-159-thread-1] INFO  server.RaftServerConfigKeys (ConfUtils.java:logGet(43)) - raft.server.log.queue.byte-limit = 2147483647 (custom)
2019-10-01 21:08:03,628 [pool-159-thread-1] INFO  server.RaftServerConfigKeys (ConfUtils.java:logGet(43)) - raft.server.log.queue.element-limit = 1024 (custom)
2019-10-01 21:08:03,628 [pool-159-thread-1] INFO  server.RaftServerConfigKeys (ConfUtils.java:logGet(43)) - raft.server.log.segment.size.max = 1048576 (custom)
2019-10-01 21:08:03,628 [pool-159-thread-1] INFO  server.RaftServerConfigKeys (ConfUtils.java:logGet(43)) - raft.server.log.preallocated.size = 16384 (custom)
2019-10-01 21:08:03,628 [pool-159-thread-1] INFO  server.RaftServerConfigKeys (ConfUtils.java:logGet(43)) - raft.server.log.write.buffer.size = 33554432 (custom)
2019-10-01 21:08:03,629 [pool-159-thread-1] INFO  server.RaftServerConfigKeys (ConfUtils.java:logGet(43)) - raft.server.log.force.sync.num = 128 (default)
2019-10-01 21:08:03,629 [pool-159-thread-1] INFO  server.RaftServerConfigKeys (ConfUtils.java:logGet(43)) - raft.server.log.statemachine.data.sync = true (default)
2019-10-01 21:08:03,629 [pool-159-thread-1] INFO  server.RaftServerConfigKeys (ConfUtils.java:logGet(43)) - raft.server.log.statemachine.data.sync.timeout = 10s (default)
2019-10-01 21:08:03,629 [pool-159-thread-1] INFO  server.RaftServerConfigKeys (ConfUtils.java:logGet(43)) - raft.server.log.statemachine.data.sync.timeout.retry = -1 (default)
2019-10-01 21:08:03,629 [pool-159-thread-1] INFO  server.RaftServerConfigKeys (ConfUtils.java:logGet(43)) - raft.server.log.statemachine.data.caching.enabled = true (custom)
2019-10-01 21:08:03,629 [pool-159-thread-1] INFO  segmented.SegmentedRaftLogWorker (SegmentedRaftLogWorker.java:lambda$new$0(128)) - f2db16a1-f388-443d-a7ae-c224f468f361@group-44B4A5890101-SegmentedRaftLogWorker: flushIndex: setUnconditionally 0 -> -1
2019-10-01 21:08:03,630 [pool-159-thread-1] INFO  server.RaftServerConfigKeys (ConfUtils.java:logGet(43)) - raft.server.snapshot.auto.trigger.enabled = true (custom)
2019-10-01 21:08:03,630 [pool-159-thread-1] INFO  server.RaftServerConfigKeys (ConfUtils.java:logGet(43)) - raft.server.snapshot.auto.trigger.threshold = 10000 (custom)
2019-10-01 21:08:03,630 [pool-159-thread-1] INFO  server.RaftServerConfigKeys (ConfUtils.java:logGet(43)) - raft.server.snapshot.retention.file.num = 5 (custom)
2019-10-01 21:08:03,630 [pool-159-thread-1] INFO  server.RaftServerConfigKeys (ConfUtils.java:logGet(43)) - raft.server.retrycache.expirytime = 600000ms (custom)
2019-10-01 21:08:03,631 [pool-159-thread-1] INFO  impl.RaftServerImpl (RaftServerImpl.java:start(181)) - f2db16a1-f388-443d-a7ae-c224f468f361@group-44B4A5890101: start as a follower, conf=-1: [f2db16a1-f388-443d-a7ae-c224f468f361:192.168.5.177:39337], old=null
2019-10-01 21:08:03,631 [pool-159-thread-1] INFO  impl.RaftServerImpl (RaftServerImpl.java:setRole(170)) - f2db16a1-f388-443d-a7ae-c224f468f361@group-44B4A5890101: changes role from      null to FOLLOWER at term 0 for startAsFollower
2019-10-01 21:08:03,631 [pool-159-thread-1] INFO  impl.RoleInfo (RoleInfo.java:updateAndGet(143)) - f2db16a1-f388-443d-a7ae-c224f468f361: start FollowerState
2019-10-01 21:08:03,631 [pool-159-thread-1] INFO  util.JmxRegister (JmxRegister.java:tryRegister(44)) - Successfully registered JMX Bean with object name Ratis:service=RaftServer,group=group-44B4A5890101,id=f2db16a1-f388-443d-a7ae-c224f468f361
2019-10-01 21:08:03,636 [RatisPipelineUtilsThread] INFO  pipeline.PipelineStateManager (PipelineStateManager.java:addPipeline(56)) - Created pipeline Pipeline[ Id: 589579ec-0c57-4865-855a-44b4a5890101, Nodes: f2db16a1-f388-443d-a7ae-c224f468f361{ip: 192.168.5.177, host: pr-hdds-2213-2l6tc-3189445122, networkLocation: /default-rack, certSerialId: null}, Type:RATIS, Factor:ONE, State:OPEN]
2019-10-01 21:08:03,643 [grpc-default-executor-2] INFO  impl.RaftServerProxy (RaftServerProxy.java:addNew(89)) - e661b9e5-9005-4795-83ab-67c790a4fd6e: addNew group-A8E9988135DA:[e661b9e5-9005-4795-83ab-67c790a4fd6e:192.168.5.177:33435] returns group-A8E9988135DA:java.util.concurrent.CompletableFuture@348c8ee1[Not completed]
2019-10-01 21:08:03,646 [pool-169-thread-1] INFO  impl.RaftServerImpl (RaftServerImpl.java:<init>(95)) - e661b9e5-9005-4795-83ab-67c790a4fd6e: new RaftServerImpl for group-A8E9988135DA:[e661b9e5-9005-4795-83ab-67c790a4fd6e:192.168.5.177:33435] with ContainerStateMachine:uninitialized
2019-10-01 21:08:03,646 [pool-169-thread-1] INFO  server.RaftServerConfigKeys (ConfUtils.java:logGet(43)) - raft.server.rpc.timeout.min = 5s (custom)
2019-10-01 21:08:03,646 [pool-169-thread-1] INFO  server.RaftServerConfigKeys (ConfUtils.java:logGet(43)) - raft.server.rpc.timeout.max = 5200ms (custom)
2019-10-01 21:08:03,646 [pool-169-thread-1] INFO  server.RaftServerConfigKeys (ConfUtils.java:logGet(43)) - raft.server.rpcslowness.timeout = 120s (custom)
2019-10-01 21:08:03,646 [pool-169-thread-1] INFO  server.RaftServerConfigKeys (ConfUtils.java:logGet(43)) - raft.server.sleep.deviation.threshold = 300 (default)
2019-10-01 21:08:03,646 [pool-169-thread-1] INFO  server.RaftServerConfigKeys (ConfUtils.java:logGet(43)) - raft.server.log.appender.install.snapshot.enabled = false (custom)
2019-10-01 21:08:03,647 [pool-169-thread-1] INFO  impl.RaftServerImpl (ServerState.java:<init>(103)) - e661b9e5-9005-4795-83ab-67c790a4fd6e@group-A8E9988135DA: ConfigurationManager, init=-1: [e661b9e5-9005-4795-83ab-67c790a4fd6e:192.168.5.177:33435], old=null, confs=<EMPTY_MAP>
2019-10-01 21:08:03,647 [pool-169-thread-1] INFO  server.RaftServerConfigKeys (ConfUtils.java:logGet(43)) - raft.server.storage.dir = [/workdir/hadoop-ozone/integration-test/target/test-dir/MiniOzoneClusterImpl-37790afc-6890-41f5-9aa1-2f370bad822b/datanode-5/data/ratis] (custom)
2019-10-01 21:08:03,647 [pool-169-thread-1] INFO  server.RaftServerConfigKeys (ConfUtils.java:logGet(43)) - raft.server.log.corruption.policy = EXCEPTION (default)
2019-10-01 21:08:03,647 [pool-169-thread-1] INFO  storage.RaftStorageDirectory (RaftStorageDirectory.java:analyzeStorage(246)) - The storage directory /workdir/hadoop-ozone/integration-test/target/test-dir/MiniOzoneClusterImpl-37790afc-6890-41f5-9aa1-2f370bad822b/datanode-5/data/ratis/e0b16da9-4fda-4d87-aee8-a8e9988135da does not exist. Creating ...
2019-10-01 21:08:03,653 [pool-169-thread-1] INFO  storage.RaftStorageDirectory (RaftStorageDirectory.java:tryLock(328)) - Lock on /workdir/hadoop-ozone/integration-test/target/test-dir/MiniOzoneClusterImpl-37790afc-6890-41f5-9aa1-2f370bad822b/datanode-5/data/ratis/e0b16da9-4fda-4d87-aee8-a8e9988135da/in_use.lock acquired by nodename 18441@pr-hdds-2213-2l6tc-3189445122
2019-10-01 21:08:03,666 [pool-169-thread-1] INFO  storage.RaftStorage (RaftStorage.java:format(84)) - Storage directory /workdir/hadoop-ozone/integration-test/target/test-dir/MiniOzoneClusterImpl-37790afc-6890-41f5-9aa1-2f370bad822b/datanode-5/data/ratis/e0b16da9-4fda-4d87-aee8-a8e9988135da has been successfully formatted.
2019-10-01 21:08:03,666 [pool-169-thread-1] INFO  ratis.ContainerStateMachine (ContainerStateMachine.java:loadSnapshot(230)) - group-A8E9988135DA: The snapshot info is null. Setting the last applied indexto:(t:0, i:~)
2019-10-01 21:08:03,667 [pool-169-thread-1] INFO  server.RaftServerConfigKeys (ConfUtils.java:logGet(43)) - raft.server.notification.no-leader.timeout = 120s (custom)
2019-10-01 21:08:03,667 [pool-169-thread-1] INFO  server.RaftServerConfigKeys (ConfUtils.java:logGet(43)) - raft.server.log.use.memory = false (default)
2019-10-01 21:08:03,667 [pool-169-thread-1] INFO  server.RaftServerConfigKeys (ConfUtils.java:logGet(43)) - raft.server.log.purge.gap = 1000000 (custom)
2019-10-01 21:08:03,667 [pool-169-thread-1] INFO  server.RaftServerConfigKeys (ConfUtils.java:logGet(43)) - raft.server.log.appender.buffer.byte-limit = 33554432 (custom)
2019-10-01 21:08:03,667 [pool-169-thread-1] INFO  server.RaftServerConfigKeys (ConfUtils.java:logGet(43)) - raft.server.log.segment.size.max = 1048576 (custom)
2019-10-01 21:08:03,670 [pool-169-thread-1] INFO  server.RaftServerConfigKeys (ConfUtils.java:logGet(43)) - raft.server.log.segment.cache.num.max = 2 (custom)
2019-10-01 21:08:03,670 [pool-169-thread-1] INFO  segmented.SegmentedRaftLogWorker (SegmentedRaftLogWorker.java:<init>(173)) - new e661b9e5-9005-4795-83ab-67c790a4fd6e@group-A8E9988135DA-SegmentedRaftLogWorker for RaftStorage:Storage Directory /workdir/hadoop-ozone/integration-test/target/test-dir/MiniOzoneClusterImpl-37790afc-6890-41f5-9aa1-2f370bad822b/datanode-5/data/ratis/e0b16da9-4fda-4d87-aee8-a8e9988135da
2019-10-01 21:08:03,670 [pool-169-thread-1] INFO  server.RaftServerConfigKeys (ConfUtils.java:logGet(43)) - raft.server.log.queue.byte-limit = 2147483647 (custom)
2019-10-01 21:08:03,670 [pool-169-thread-1] INFO  server.RaftServerConfigKeys (ConfUtils.java:logGet(43)) - raft.server.log.queue.element-limit = 1024 (custom)
2019-10-01 21:08:03,671 [pool-169-thread-1] INFO  server.RaftServerConfigKeys (ConfUtils.java:logGet(43)) - raft.server.log.segment.size.max = 1048576 (custom)
2019-10-01 21:08:03,671 [pool-169-thread-1] INFO  server.RaftServerConfigKeys (ConfUtils.java:logGet(43)) - raft.server.log.preallocated.size = 16384 (custom)
2019-10-01 21:08:03,671 [pool-169-thread-1] INFO  server.RaftServerConfigKeys (ConfUtils.java:logGet(43)) - raft.server.log.write.buffer.size = 33554432 (custom)
2019-10-01 21:08:03,671 [pool-169-thread-1] INFO  server.RaftServerConfigKeys (ConfUtils.java:logGet(43)) - raft.server.log.force.sync.num = 128 (default)
2019-10-01 21:08:03,671 [pool-169-thread-1] INFO  server.RaftServerConfigKeys (ConfUtils.java:logGet(43)) - raft.server.log.statemachine.data.sync = true (default)
2019-10-01 21:08:03,671 [pool-169-thread-1] INFO  server.RaftServerConfigKeys (ConfUtils.java:logGet(43)) - raft.server.log.statemachine.data.sync.timeout = 10s (default)
2019-10-01 21:08:03,671 [pool-169-thread-1] INFO  server.RaftServerConfigKeys (ConfUtils.java:logGet(43)) - raft.server.log.statemachine.data.sync.timeout.retry = -1 (default)
2019-10-01 21:08:03,671 [pool-169-thread-1] INFO  server.RaftServerConfigKeys (ConfUtils.java:logGet(43)) - raft.server.log.statemachine.data.caching.enabled = true (custom)
2019-10-01 21:08:03,672 [pool-169-thread-1] INFO  segmented.SegmentedRaftLogWorker (SegmentedRaftLogWorker.java:lambda$new$0(128)) - e661b9e5-9005-4795-83ab-67c790a4fd6e@group-A8E9988135DA-SegmentedRaftLogWorker: flushIndex: setUnconditionally 0 -> -1
2019-10-01 21:08:03,672 [pool-169-thread-1] INFO  server.RaftServerConfigKeys (ConfUtils.java:logGet(43)) - raft.server.snapshot.auto.trigger.enabled = true (custom)
2019-10-01 21:08:03,672 [pool-169-thread-1] INFO  server.RaftServerConfigKeys (ConfUtils.java:logGet(43)) - raft.server.snapshot.auto.trigger.threshold = 10000 (custom)
2019-10-01 21:08:03,672 [pool-169-thread-1] INFO  server.RaftServerConfigKeys (ConfUtils.java:logGet(43)) - raft.server.snapshot.retention.file.num = 5 (custom)
2019-10-01 21:08:03,672 [pool-169-thread-1] INFO  server.RaftServerConfigKeys (ConfUtils.java:logGet(43)) - raft.server.retrycache.expirytime = 600000ms (custom)
2019-10-01 21:08:03,673 [pool-169-thread-1] INFO  impl.RaftServerImpl (RaftServerImpl.java:start(181)) - e661b9e5-9005-4795-83ab-67c790a4fd6e@group-A8E9988135DA: start as a follower, conf=-1: [e661b9e5-9005-4795-83ab-67c790a4fd6e:192.168.5.177:33435], old=null
2019-10-01 21:08:03,673 [pool-169-thread-1] INFO  impl.RaftServerImpl (RaftServerImpl.java:setRole(170)) - e661b9e5-9005-4795-83ab-67c790a4fd6e@group-A8E9988135DA: changes role from      null to FOLLOWER at term 0 for startAsFollower
2019-10-01 21:08:03,673 [pool-169-thread-1] INFO  impl.RoleInfo (RoleInfo.java:updateAndGet(143)) - e661b9e5-9005-4795-83ab-67c790a4fd6e: start FollowerState
2019-10-01 21:08:03,674 [pool-169-thread-1] INFO  util.JmxRegister (JmxRegister.java:tryRegister(44)) - Successfully registered JMX Bean with object name Ratis:service=RaftServer,group=group-A8E9988135DA,id=e661b9e5-9005-4795-83ab-67c790a4fd6e
2019-10-01 21:08:03,678 [RatisPipelineUtilsThread] INFO  pipeline.PipelineStateManager (PipelineStateManager.java:addPipeline(56)) - Created pipeline Pipeline[ Id: e0b16da9-4fda-4d87-aee8-a8e9988135da, Nodes: e661b9e5-9005-4795-83ab-67c790a4fd6e{ip: 192.168.5.177, host: pr-hdds-2213-2l6tc-3189445122, networkLocation: /default-rack, certSerialId: null}, Type:RATIS, Factor:ONE, State:OPEN]
2019-10-01 21:08:03,682 [main] INFO  ozone.MiniOzoneClusterImpl (MiniOzoneClusterImpl.java:lambda$waitForClusterToBeReady$0(147)) - Waiting for cluster to be ready. Got 6 of 7 DN Heartbeats.
2019-10-01 21:08:03,683 [IPC Server handler 19 on 35764] INFO  net.NetworkTopology (NetworkTopologyImpl.java:add(111)) - Added a new node: /default-rack/e41c68bc-da26-41ad-a2a9-43c33cda68f5
2019-10-01 21:08:03,683 [IPC Server handler 19 on 35764] INFO  node.SCMNodeManager (SCMNodeManager.java:register(266)) - Registered Data node : e41c68bc-da26-41ad-a2a9-43c33cda68f5{ip: 192.168.5.177, host: pr-hdds-2213-2l6tc-3189445122, networkLocation: /default-rack, certSerialId: null}
2019-10-01 21:08:03,689 [grpc-default-executor-3] INFO  impl.RaftServerProxy (RaftServerProxy.java:addNew(89)) - f2db16a1-f388-443d-a7ae-c224f468f361: addNew group-5BB5F28A794E:[38ed4df7-2972-4264-9226-bd7ce605656a:192.168.5.177:43975, f2db16a1-f388-443d-a7ae-c224f468f361:192.168.5.177:39337, e661b9e5-9005-4795-83ab-67c790a4fd6e:192.168.5.177:33435] returns group-5BB5F28A794E:java.util.concurrent.CompletableFuture@172e829d[Not completed]
2019-10-01 21:08:03,689 [grpc-default-executor-4] INFO  impl.RaftServerProxy (RaftServerProxy.java:addNew(89)) - 38ed4df7-2972-4264-9226-bd7ce605656a: addNew group-5BB5F28A794E:[38ed4df7-2972-4264-9226-bd7ce605656a:192.168.5.177:43975, f2db16a1-f388-443d-a7ae-c224f468f361:192.168.5.177:39337, e661b9e5-9005-4795-83ab-67c790a4fd6e:192.168.5.177:33435] returns group-5BB5F28A794E:java.util.concurrent.CompletableFuture@61d0343c[Not completed]
2019-10-01 21:08:03,690 [pool-159-thread-1] INFO  impl.RaftServerImpl (RaftServerImpl.java:<init>(95)) - f2db16a1-f388-443d-a7ae-c224f468f361: new RaftServerImpl for group-5BB5F28A794E:[38ed4df7-2972-4264-9226-bd7ce605656a:192.168.5.177:43975, f2db16a1-f388-443d-a7ae-c224f468f361:192.168.5.177:39337, e661b9e5-9005-4795-83ab-67c790a4fd6e:192.168.5.177:33435] with ContainerStateMachine:uninitialized
2019-10-01 21:08:03,690 [grpc-default-executor-4] INFO  impl.RaftServerProxy (RaftServerProxy.java:addNew(89)) - e661b9e5-9005-4795-83ab-67c790a4fd6e: addNew group-5BB5F28A794E:[38ed4df7-2972-4264-9226-bd7ce605656a:192.168.5.177:43975, f2db16a1-f388-443d-a7ae-c224f468f361:192.168.5.177:39337, e661b9e5-9005-4795-83ab-67c790a4fd6e:192.168.5.177:33435] returns group-5BB5F28A794E:java.util.concurrent.CompletableFuture@74aa6b4d[Not completed]
2019-10-01 21:08:03,690 [pool-159-thread-1] INFO  server.RaftServerConfigKeys (ConfUtils.java:logGet(43)) - raft.server.rpc.timeout.min = 5s (custom)
2019-10-01 21:08:03,690 [pool-159-thread-1] INFO  server.RaftServerConfigKeys (ConfUtils.java:logGet(43)) - raft.server.rpc.timeout.max = 5200ms (custom)
2019-10-01 21:08:03,690 [pool-159-thread-1] INFO  server.RaftServerConfigKeys (ConfUtils.java:logGet(43)) - raft.server.rpcslowness.timeout = 120s (custom)
2019-10-01 21:08:03,690 [pool-159-thread-1] INFO  server.RaftServerConfigKeys (ConfUtils.java:logGet(43)) - raft.server.sleep.deviation.threshold = 300 (default)
2019-10-01 21:08:03,690 [pool-159-thread-1] INFO  server.RaftServerConfigKeys (ConfUtils.java:logGet(43)) - raft.server.log.appender.install.snapshot.enabled = false (custom)
2019-10-01 21:08:03,691 [pool-159-thread-1] INFO  impl.RaftServerImpl (ServerState.java:<init>(103)) - f2db16a1-f388-443d-a7ae-c224f468f361@group-5BB5F28A794E: ConfigurationManager, init=-1: [38ed4df7-2972-4264-9226-bd7ce605656a:192.168.5.177:43975, f2db16a1-f388-443d-a7ae-c224f468f361:192.168.5.177:39337, e661b9e5-9005-4795-83ab-67c790a4fd6e:192.168.5.177:33435], old=null, confs=<EMPTY_MAP>
2019-10-01 21:08:03,691 [pool-159-thread-1] INFO  server.RaftServerConfigKeys (ConfUtils.java:logGet(43)) - raft.server.storage.dir = [/workdir/hadoop-ozone/integration-test/target/test-dir/MiniOzoneClusterImpl-37790afc-6890-41f5-9aa1-2f370bad822b/datanode-4/data/ratis] (custom)
2019-10-01 21:08:03,691 [pool-149-thread-1] INFO  impl.RaftServerImpl (RaftServerImpl.java:<init>(95)) - 38ed4df7-2972-4264-9226-bd7ce605656a: new RaftServerImpl for group-5BB5F28A794E:[38ed4df7-2972-4264-9226-bd7ce605656a:192.168.5.177:43975, f2db16a1-f388-443d-a7ae-c224f468f361:192.168.5.177:39337, e661b9e5-9005-4795-83ab-67c790a4fd6e:192.168.5.177:33435] with ContainerStateMachine:uninitialized
2019-10-01 21:08:03,691 [pool-159-thread-1] INFO  server.RaftServerConfigKeys (ConfUtils.java:logGet(43)) - raft.server.log.corruption.policy = EXCEPTION (default)
2019-10-01 21:08:03,691 [pool-149-thread-1] INFO  server.RaftServerConfigKeys (ConfUtils.java:logGet(43)) - raft.server.rpc.timeout.min = 5s (custom)
2019-10-01 21:08:03,691 [pool-159-thread-1] INFO  storage.RaftStorageDirectory (RaftStorageDirectory.java:analyzeStorage(246)) - The storage directory /workdir/hadoop-ozone/integration-test/target/test-dir/MiniOzoneClusterImpl-37790afc-6890-41f5-9aa1-2f370bad822b/datanode-4/data/ratis/e06d7d2c-87a0-47e0-800b-5bb5f28a794e does not exist. Creating ...
2019-10-01 21:08:03,691 [pool-149-thread-1] INFO  server.RaftServerConfigKeys (ConfUtils.java:logGet(43)) - raft.server.rpc.timeout.max = 5200ms (custom)
2019-10-01 21:08:03,691 [pool-149-thread-1] INFO  server.RaftServerConfigKeys (ConfUtils.java:logGet(43)) - raft.server.rpcslowness.timeout = 120s (custom)
2019-10-01 21:08:03,691 [pool-169-thread-1] INFO  impl.RaftServerImpl (RaftServerImpl.java:<init>(95)) - e661b9e5-9005-4795-83ab-67c790a4fd6e: new RaftServerImpl for group-5BB5F28A794E:[38ed4df7-2972-4264-9226-bd7ce605656a:192.168.5.177:43975, f2db16a1-f388-443d-a7ae-c224f468f361:192.168.5.177:39337, e661b9e5-9005-4795-83ab-67c790a4fd6e:192.168.5.177:33435] with ContainerStateMachine:uninitialized
2019-10-01 21:08:03,692 [pool-149-thread-1] INFO  server.RaftServerConfigKeys (ConfUtils.java:logGet(43)) - raft.server.sleep.deviation.threshold = 300 (default)
2019-10-01 21:08:03,692 [pool-169-thread-1] INFO  server.RaftServerConfigKeys (ConfUtils.java:logGet(43)) - raft.server.rpc.timeout.min = 5s (custom)
2019-10-01 21:08:03,692 [pool-149-thread-1] INFO  server.RaftServerConfigKeys (ConfUtils.java:logGet(43)) - raft.server.log.appender.install.snapshot.enabled = false (custom)
2019-10-01 21:08:03,692 [pool-169-thread-1] INFO  server.RaftServerConfigKeys (ConfUtils.java:logGet(43)) - raft.server.rpc.timeout.max = 5200ms (custom)
2019-10-01 21:08:03,692 [pool-149-thread-1] INFO  impl.RaftServerImpl (ServerState.java:<init>(103)) - 38ed4df7-2972-4264-9226-bd7ce605656a@group-5BB5F28A794E: ConfigurationManager, init=-1: [38ed4df7-2972-4264-9226-bd7ce605656a:192.168.5.177:43975, f2db16a1-f388-443d-a7ae-c224f468f361:192.168.5.177:39337, e661b9e5-9005-4795-83ab-67c790a4fd6e:192.168.5.177:33435], old=null, confs=<EMPTY_MAP>
2019-10-01 21:08:03,692 [pool-169-thread-1] INFO  server.RaftServerConfigKeys (ConfUtils.java:logGet(43)) - raft.server.rpcslowness.timeout = 120s (custom)
2019-10-01 21:08:03,692 [pool-149-thread-1] INFO  server.RaftServerConfigKeys (ConfUtils.java:logGet(43)) - raft.server.storage.dir = [/workdir/hadoop-ozone/integration-test/target/test-dir/MiniOzoneClusterImpl-37790afc-6890-41f5-9aa1-2f370bad822b/datanode-3/data/ratis] (custom)
2019-10-01 21:08:03,692 [pool-169-thread-1] INFO  server.RaftServerConfigKeys (ConfUtils.java:logGet(43)) - raft.server.sleep.deviation.threshold = 300 (default)
2019-10-01 21:08:03,693 [pool-169-thread-1] INFO  server.RaftServerConfigKeys (ConfUtils.java:logGet(43)) - raft.server.log.appender.install.snapshot.enabled = false (custom)
2019-10-01 21:08:03,693 [pool-149-thread-1] INFO  server.RaftServerConfigKeys (ConfUtils.java:logGet(43)) - raft.server.log.corruption.policy = EXCEPTION (default)
2019-10-01 21:08:03,693 [pool-169-thread-1] INFO  impl.RaftServerImpl (ServerState.java:<init>(103)) - e661b9e5-9005-4795-83ab-67c790a4fd6e@group-5BB5F28A794E: ConfigurationManager, init=-1: [38ed4df7-2972-4264-9226-bd7ce605656a:192.168.5.177:43975, f2db16a1-f388-443d-a7ae-c224f468f361:192.168.5.177:39337, e661b9e5-9005-4795-83ab-67c790a4fd6e:192.168.5.177:33435], old=null, confs=<EMPTY_MAP>
2019-10-01 21:08:03,693 [pool-149-thread-1] INFO  storage.RaftStorageDirectory (RaftStorageDirectory.java:analyzeStorage(246)) - The storage directory /workdir/hadoop-ozone/integration-test/target/test-dir/MiniOzoneClusterImpl-37790afc-6890-41f5-9aa1-2f370bad822b/datanode-3/data/ratis/e06d7d2c-87a0-47e0-800b-5bb5f28a794e does not exist. Creating ...
2019-10-01 21:08:03,693 [pool-169-thread-1] INFO  server.RaftServerConfigKeys (ConfUtils.java:logGet(43)) - raft.server.storage.dir = [/workdir/hadoop-ozone/integration-test/target/test-dir/MiniOzoneClusterImpl-37790afc-6890-41f5-9aa1-2f370bad822b/datanode-5/data/ratis] (custom)
2019-10-01 21:08:03,694 [pool-169-thread-1] INFO  server.RaftServerConfigKeys (ConfUtils.java:logGet(43)) - raft.server.log.corruption.policy = EXCEPTION (default)
2019-10-01 21:08:03,694 [pool-169-thread-1] INFO  storage.RaftStorageDirectory (RaftStorageDirectory.java:analyzeStorage(246)) - The storage directory /workdir/hadoop-ozone/integration-test/target/test-dir/MiniOzoneClusterImpl-37790afc-6890-41f5-9aa1-2f370bad822b/datanode-5/data/ratis/e06d7d2c-87a0-47e0-800b-5bb5f28a794e does not exist. Creating ...
2019-10-01 21:08:03,704 [pool-159-thread-1] INFO  storage.RaftStorageDirectory (RaftStorageDirectory.java:tryLock(328)) - Lock on /workdir/hadoop-ozone/integration-test/target/test-dir/MiniOzoneClusterImpl-37790afc-6890-41f5-9aa1-2f370bad822b/datanode-4/data/ratis/e06d7d2c-87a0-47e0-800b-5bb5f28a794e/in_use.lock acquired by nodename 18441@pr-hdds-2213-2l6tc-3189445122
2019-10-01 21:08:03,704 [pool-169-thread-1] INFO  storage.RaftStorageDirectory (RaftStorageDirectory.java:tryLock(328)) - Lock on /workdir/hadoop-ozone/integration-test/target/test-dir/MiniOzoneClusterImpl-37790afc-6890-41f5-9aa1-2f370bad822b/datanode-5/data/ratis/e06d7d2c-87a0-47e0-800b-5bb5f28a794e/in_use.lock acquired by nodename 18441@pr-hdds-2213-2l6tc-3189445122
2019-10-01 21:08:03,704 [pool-149-thread-1] INFO  storage.RaftStorageDirectory (RaftStorageDirectory.java:tryLock(328)) - Lock on /workdir/hadoop-ozone/integration-test/target/test-dir/MiniOzoneClusterImpl-37790afc-6890-41f5-9aa1-2f370bad822b/datanode-3/data/ratis/e06d7d2c-87a0-47e0-800b-5bb5f28a794e/in_use.lock acquired by nodename 18441@pr-hdds-2213-2l6tc-3189445122
2019-10-01 21:08:03,717 [pool-159-thread-1] INFO  storage.RaftStorage (RaftStorage.java:format(84)) - Storage directory /workdir/hadoop-ozone/integration-test/target/test-dir/MiniOzoneClusterImpl-37790afc-6890-41f5-9aa1-2f370bad822b/datanode-4/data/ratis/e06d7d2c-87a0-47e0-800b-5bb5f28a794e has been successfully formatted.
2019-10-01 21:08:03,718 [pool-169-thread-1] INFO  storage.RaftStorage (RaftStorage.java:format(84)) - Storage directory /workdir/hadoop-ozone/integration-test/target/test-dir/MiniOzoneClusterImpl-37790afc-6890-41f5-9aa1-2f370bad822b/datanode-5/data/ratis/e06d7d2c-87a0-47e0-800b-5bb5f28a794e has been successfully formatted.
2019-10-01 21:08:03,717 [pool-149-thread-1] INFO  storage.RaftStorage (RaftStorage.java:format(84)) - Storage directory /workdir/hadoop-ozone/integration-test/target/test-dir/MiniOzoneClusterImpl-37790afc-6890-41f5-9aa1-2f370bad822b/datanode-3/data/ratis/e06d7d2c-87a0-47e0-800b-5bb5f28a794e has been successfully formatted.
2019-10-01 21:08:03,718 [pool-169-thread-1] INFO  ratis.ContainerStateMachine (ContainerStateMachine.java:loadSnapshot(230)) - group-5BB5F28A794E: The snapshot info is null. Setting the last applied indexto:(t:0, i:~)
2019-10-01 21:08:03,718 [pool-149-thread-1] INFO  ratis.ContainerStateMachine (ContainerStateMachine.java:loadSnapshot(230)) - group-5BB5F28A794E: The snapshot info is null. Setting the last applied indexto:(t:0, i:~)
2019-10-01 21:08:03,718 [pool-159-thread-1] INFO  ratis.ContainerStateMachine (ContainerStateMachine.java:loadSnapshot(230)) - group-5BB5F28A794E: The snapshot info is null. Setting the last applied indexto:(t:0, i:~)
2019-10-01 21:08:03,718 [pool-149-thread-1] INFO  server.RaftServerConfigKeys (ConfUtils.java:logGet(43)) - raft.server.notification.no-leader.timeout = 120s (custom)
2019-10-01 21:08:03,718 [pool-169-thread-1] INFO  server.RaftServerConfigKeys (ConfUtils.java:logGet(43)) - raft.server.notification.no-leader.timeout = 120s (custom)
2019-10-01 21:08:03,718 [pool-149-thread-1] INFO  server.RaftServerConfigKeys (ConfUtils.java:logGet(43)) - raft.server.log.use.memory = false (default)
2019-10-01 21:08:03,718 [pool-159-thread-1] INFO  server.RaftServerConfigKeys (ConfUtils.java:logGet(43)) - raft.server.notification.no-leader.timeout = 120s (custom)
2019-10-01 21:08:03,719 [pool-149-thread-1] INFO  server.RaftServerConfigKeys (ConfUtils.java:logGet(43)) - raft.server.log.purge.gap = 1000000 (custom)
2019-10-01 21:08:03,719 [pool-169-thread-1] INFO  server.RaftServerConfigKeys (ConfUtils.java:logGet(43)) - raft.server.log.use.memory = false (default)
2019-10-01 21:08:03,719 [pool-149-thread-1] INFO  server.RaftServerConfigKeys (ConfUtils.java:logGet(43)) - raft.server.log.appender.buffer.byte-limit = 33554432 (custom)
2019-10-01 21:08:03,719 [pool-159-thread-1] INFO  server.RaftServerConfigKeys (ConfUtils.java:logGet(43)) - raft.server.log.use.memory = false (default)
2019-10-01 21:08:03,719 [pool-149-thread-1] INFO  server.RaftServerConfigKeys (ConfUtils.java:logGet(43)) - raft.server.log.segment.size.max = 1048576 (custom)
2019-10-01 21:08:03,719 [pool-169-thread-1] INFO  server.RaftServerConfigKeys (ConfUtils.java:logGet(43)) - raft.server.log.purge.gap = 1000000 (custom)
2019-10-01 21:08:03,720 [pool-149-thread-1] INFO  server.RaftServerConfigKeys (ConfUtils.java:logGet(43)) - raft.server.log.segment.cache.num.max = 2 (custom)
2019-10-01 21:08:03,719 [pool-159-thread-1] INFO  server.RaftServerConfigKeys (ConfUtils.java:logGet(43)) - raft.server.log.purge.gap = 1000000 (custom)
2019-10-01 21:08:03,720 [pool-149-thread-1] INFO  segmented.SegmentedRaftLogWorker (SegmentedRaftLogWorker.java:<init>(173)) - new 38ed4df7-2972-4264-9226-bd7ce605656a@group-5BB5F28A794E-SegmentedRaftLogWorker for RaftStorage:Storage Directory /workdir/hadoop-ozone/integration-test/target/test-dir/MiniOzoneClusterImpl-37790afc-6890-41f5-9aa1-2f370bad822b/datanode-3/data/ratis/e06d7d2c-87a0-47e0-800b-5bb5f28a794e
2019-10-01 21:08:03,720 [pool-169-thread-1] INFO  server.RaftServerConfigKeys (ConfUtils.java:logGet(43)) - raft.server.log.appender.buffer.byte-limit = 33554432 (custom)
2019-10-01 21:08:03,720 [pool-149-thread-1] INFO  server.RaftServerConfigKeys (ConfUtils.java:logGet(43)) - raft.server.log.queue.byte-limit = 2147483647 (custom)
2019-10-01 21:08:03,720 [pool-159-thread-1] INFO  server.RaftServerConfigKeys (ConfUtils.java:logGet(43)) - raft.server.log.appender.buffer.byte-limit = 33554432 (custom)
2019-10-01 21:08:03,720 [pool-149-thread-1] INFO  server.RaftServerConfigKeys (ConfUtils.java:logGet(43)) - raft.server.log.queue.element-limit = 1024 (custom)
2019-10-01 21:08:03,720 [pool-169-thread-1] INFO  server.RaftServerConfigKeys (ConfUtils.java:logGet(43)) - raft.server.log.segment.size.max = 1048576 (custom)
2019-10-01 21:08:03,721 [pool-149-thread-1] INFO  server.RaftServerConfigKeys (ConfUtils.java:logGet(43)) - raft.server.log.segment.size.max = 1048576 (custom)
2019-10-01 21:08:03,720 [pool-159-thread-1] INFO  server.RaftServerConfigKeys (ConfUtils.java:logGet(43)) - raft.server.log.segment.size.max = 1048576 (custom)
2019-10-01 21:08:03,721 [pool-149-thread-1] INFO  server.RaftServerConfigKeys (ConfUtils.java:logGet(43)) - raft.server.log.preallocated.size = 16384 (custom)
2019-10-01 21:08:03,721 [pool-169-thread-1] INFO  server.RaftServerConfigKeys (ConfUtils.java:logGet(43)) - raft.server.log.segment.cache.num.max = 2 (custom)
2019-10-01 21:08:03,721 [pool-149-thread-1] INFO  server.RaftServerConfigKeys (ConfUtils.java:logGet(43)) - raft.server.log.write.buffer.size = 33554432 (custom)
2019-10-01 21:08:03,721 [pool-159-thread-1] INFO  server.RaftServerConfigKeys (ConfUtils.java:logGet(43)) - raft.server.log.segment.cache.num.max = 2 (custom)
2019-10-01 21:08:03,721 [pool-149-thread-1] INFO  server.RaftServerConfigKeys (ConfUtils.java:logGet(43)) - raft.server.log.force.sync.num = 128 (default)
2019-10-01 21:08:03,721 [pool-169-thread-1] INFO  segmented.SegmentedRaftLogWorker (SegmentedRaftLogWorker.java:<init>(173)) - new e661b9e5-9005-4795-83ab-67c790a4fd6e@group-5BB5F28A794E-SegmentedRaftLogWorker for RaftStorage:Storage Directory /workdir/hadoop-ozone/integration-test/target/test-dir/MiniOzoneClusterImpl-37790afc-6890-41f5-9aa1-2f370bad822b/datanode-5/data/ratis/e06d7d2c-87a0-47e0-800b-5bb5f28a794e
2019-10-01 21:08:03,722 [pool-149-thread-1] INFO  server.RaftServerConfigKeys (ConfUtils.java:logGet(43)) - raft.server.log.statemachine.data.sync = true (default)
2019-10-01 21:08:03,722 [pool-159-thread-1] INFO  segmented.SegmentedRaftLogWorker (SegmentedRaftLogWorker.java:<init>(173)) - new f2db16a1-f388-443d-a7ae-c224f468f361@group-5BB5F28A794E-SegmentedRaftLogWorker for RaftStorage:Storage Directory /workdir/hadoop-ozone/integration-test/target/test-dir/MiniOzoneClusterImpl-37790afc-6890-41f5-9aa1-2f370bad822b/datanode-4/data/ratis/e06d7d2c-87a0-47e0-800b-5bb5f28a794e
2019-10-01 21:08:03,722 [pool-149-thread-1] INFO  server.RaftServerConfigKeys (ConfUtils.java:logGet(43)) - raft.server.log.statemachine.data.sync.timeout = 10s (default)
2019-10-01 21:08:03,722 [pool-169-thread-1] INFO  server.RaftServerConfigKeys (ConfUtils.java:logGet(43)) - raft.server.log.queue.byte-limit = 2147483647 (custom)
2019-10-01 21:08:03,722 [pool-149-thread-1] INFO  server.RaftServerConfigKeys (ConfUtils.java:logGet(43)) - raft.server.log.statemachine.data.sync.timeout.retry = -1 (default)
2019-10-01 21:08:03,722 [pool-159-thread-1] INFO  server.RaftServerConfigKeys (ConfUtils.java:logGet(43)) - raft.server.log.queue.byte-limit = 2147483647 (custom)
2019-10-01 21:08:03,723 [pool-149-thread-1] INFO  server.RaftServerConfigKeys (ConfUtils.java:logGet(43)) - raft.server.log.statemachine.data.caching.enabled = true (custom)
2019-10-01 21:08:03,723 [pool-159-thread-1] INFO  server.RaftServerConfigKeys (ConfUtils.java:logGet(43)) - raft.server.log.queue.element-limit = 1024 (custom)
2019-10-01 21:08:03,722 [pool-169-thread-1] INFO  server.RaftServerConfigKeys (ConfUtils.java:logGet(43)) - raft.server.log.queue.element-limit = 1024 (custom)
2019-10-01 21:08:03,723 [pool-149-thread-1] INFO  segmented.SegmentedRaftLogWorker (SegmentedRaftLogWorker.java:lambda$new$0(128)) - 38ed4df7-2972-4264-9226-bd7ce605656a@group-5BB5F28A794E-SegmentedRaftLogWorker: flushIndex: setUnconditionally 0 -> -1
2019-10-01 21:08:03,723 [pool-159-thread-1] INFO  server.RaftServerConfigKeys (ConfUtils.java:logGet(43)) - raft.server.log.segment.size.max = 1048576 (custom)
2019-10-01 21:08:03,723 [pool-169-thread-1] INFO  server.RaftServerConfigKeys (ConfUtils.java:logGet(43)) - raft.server.log.segment.size.max = 1048576 (custom)
2019-10-01 21:08:03,723 [pool-149-thread-1] INFO  server.RaftServerConfigKeys (ConfUtils.java:logGet(43)) - raft.server.snapshot.auto.trigger.enabled = true (custom)
2019-10-01 21:08:03,723 [pool-159-thread-1] INFO  server.RaftServerConfigKeys (ConfUtils.java:logGet(43)) - raft.server.log.preallocated.size = 16384 (custom)
2019-10-01 21:08:03,724 [pool-149-thread-1] INFO  server.RaftServerConfigKeys (ConfUtils.java:logGet(43)) - raft.server.snapshot.auto.trigger.threshold = 10000 (custom)
2019-10-01 21:08:03,723 [pool-169-thread-1] INFO  server.RaftServerConfigKeys (ConfUtils.java:logGet(43)) - raft.server.log.preallocated.size = 16384 (custom)
2019-10-01 21:08:03,724 [pool-149-thread-1] INFO  server.RaftServerConfigKeys (ConfUtils.java:logGet(43)) - raft.server.snapshot.retention.file.num = 5 (custom)
2019-10-01 21:08:03,724 [pool-159-thread-1] INFO  server.RaftServerConfigKeys (ConfUtils.java:logGet(43)) - raft.server.log.write.buffer.size = 33554432 (custom)
2019-10-01 21:08:03,724 [pool-149-thread-1] INFO  server.RaftServerConfigKeys (ConfUtils.java:logGet(43)) - raft.server.retrycache.expirytime = 600000ms (custom)
2019-10-01 21:08:03,724 [pool-169-thread-1] INFO  server.RaftServerConfigKeys (ConfUtils.java:logGet(43)) - raft.server.log.write.buffer.size = 33554432 (custom)
2019-10-01 21:08:03,724 [pool-159-thread-1] INFO  server.RaftServerConfigKeys (ConfUtils.java:logGet(43)) - raft.server.log.force.sync.num = 128 (default)
2019-10-01 21:08:03,725 [pool-169-thread-1] INFO  server.RaftServerConfigKeys (ConfUtils.java:logGet(43)) - raft.server.log.force.sync.num = 128 (default)
2019-10-01 21:08:03,725 [pool-159-thread-1] INFO  server.RaftServerConfigKeys (ConfUtils.java:logGet(43)) - raft.server.log.statemachine.data.sync = true (default)
2019-10-01 21:08:03,725 [pool-169-thread-1] INFO  server.RaftServerConfigKeys (ConfUtils.java:logGet(43)) - raft.server.log.statemachine.data.sync = true (default)
2019-10-01 21:08:03,725 [pool-159-thread-1] INFO  server.RaftServerConfigKeys (ConfUtils.java:logGet(43)) - raft.server.log.statemachine.data.sync.timeout = 10s (default)
2019-10-01 21:08:03,725 [pool-169-thread-1] INFO  server.RaftServerConfigKeys (ConfUtils.java:logGet(43)) - raft.server.log.statemachine.data.sync.timeout = 10s (default)
2019-10-01 21:08:03,725 [pool-159-thread-1] INFO  server.RaftServerConfigKeys (ConfUtils.java:logGet(43)) - raft.server.log.statemachine.data.sync.timeout.retry = -1 (default)
2019-10-01 21:08:03,725 [pool-169-thread-1] INFO  server.RaftServerConfigKeys (ConfUtils.java:logGet(43)) - raft.server.log.statemachine.data.sync.timeout.retry = -1 (default)
2019-10-01 21:08:03,725 [pool-159-thread-1] INFO  server.RaftServerConfigKeys (ConfUtils.java:logGet(43)) - raft.server.log.statemachine.data.caching.enabled = true (custom)
2019-10-01 21:08:03,726 [pool-169-thread-1] INFO  server.RaftServerConfigKeys (ConfUtils.java:logGet(43)) - raft.server.log.statemachine.data.caching.enabled = true (custom)
2019-10-01 21:08:03,726 [pool-159-thread-1] INFO  segmented.SegmentedRaftLogWorker (SegmentedRaftLogWorker.java:lambda$new$0(128)) - f2db16a1-f388-443d-a7ae-c224f468f361@group-5BB5F28A794E-SegmentedRaftLogWorker: flushIndex: setUnconditionally 0 -> -1
2019-10-01 21:08:03,726 [pool-169-thread-1] INFO  segmented.SegmentedRaftLogWorker (SegmentedRaftLogWorker.java:lambda$new$0(128)) - e661b9e5-9005-4795-83ab-67c790a4fd6e@group-5BB5F28A794E-SegmentedRaftLogWorker: flushIndex: setUnconditionally 0 -> -1
2019-10-01 21:08:03,726 [pool-159-thread-1] INFO  server.RaftServerConfigKeys (ConfUtils.java:logGet(43)) - raft.server.snapshot.auto.trigger.enabled = true (custom)
2019-10-01 21:08:03,726 [pool-159-thread-1] INFO  server.RaftServerConfigKeys (ConfUtils.java:logGet(43)) - raft.server.snapshot.auto.trigger.threshold = 10000 (custom)
2019-10-01 21:08:03,726 [pool-169-thread-1] INFO  server.RaftServerConfigKeys (ConfUtils.java:logGet(43)) - raft.server.snapshot.auto.trigger.enabled = true (custom)
2019-10-01 21:08:03,726 [pool-159-thread-1] INFO  server.RaftServerConfigKeys (ConfUtils.java:logGet(43)) - raft.server.snapshot.retention.file.num = 5 (custom)
2019-10-01 21:08:03,726 [pool-169-thread-1] INFO  server.RaftServerConfigKeys (ConfUtils.java:logGet(43)) - raft.server.snapshot.auto.trigger.threshold = 10000 (custom)
2019-10-01 21:08:03,727 [pool-159-thread-1] INFO  server.RaftServerConfigKeys (ConfUtils.java:logGet(43)) - raft.server.retrycache.expirytime = 600000ms (custom)
2019-10-01 21:08:03,727 [pool-169-thread-1] INFO  server.RaftServerConfigKeys (ConfUtils.java:logGet(43)) - raft.server.snapshot.retention.file.num = 5 (custom)
2019-10-01 21:08:03,727 [pool-149-thread-1] INFO  impl.RaftServerImpl (RaftServerImpl.java:start(181)) - 38ed4df7-2972-4264-9226-bd7ce605656a@group-5BB5F28A794E: start as a follower, conf=-1: [38ed4df7-2972-4264-9226-bd7ce605656a:192.168.5.177:43975, f2db16a1-f388-443d-a7ae-c224f468f361:192.168.5.177:39337, e661b9e5-9005-4795-83ab-67c790a4fd6e:192.168.5.177:33435], old=null
2019-10-01 21:08:03,727 [pool-169-thread-1] INFO  server.RaftServerConfigKeys (ConfUtils.java:logGet(43)) - raft.server.retrycache.expirytime = 600000ms (custom)
2019-10-01 21:08:03,727 [pool-149-thread-1] INFO  impl.RaftServerImpl (RaftServerImpl.java:setRole(170)) - 38ed4df7-2972-4264-9226-bd7ce605656a@group-5BB5F28A794E: changes role from      null to FOLLOWER at term 0 for startAsFollower
2019-10-01 21:08:03,727 [pool-149-thread-1] INFO  impl.RoleInfo (RoleInfo.java:updateAndGet(143)) - 38ed4df7-2972-4264-9226-bd7ce605656a: start FollowerState
2019-10-01 21:08:03,728 [pool-149-thread-1] INFO  util.JmxRegister (JmxRegister.java:tryRegister(44)) - Successfully registered JMX Bean with object name Ratis:service=RaftServer,group=group-5BB5F28A794E,id=38ed4df7-2972-4264-9226-bd7ce605656a
2019-10-01 21:08:03,729 [pool-159-thread-1] INFO  impl.RaftServerImpl (RaftServerImpl.java:start(181)) - f2db16a1-f388-443d-a7ae-c224f468f361@group-5BB5F28A794E: start as a follower, conf=-1: [38ed4df7-2972-4264-9226-bd7ce605656a:192.168.5.177:43975, f2db16a1-f388-443d-a7ae-c224f468f361:192.168.5.177:39337, e661b9e5-9005-4795-83ab-67c790a4fd6e:192.168.5.177:33435], old=null
2019-10-01 21:08:03,729 [pool-159-thread-1] INFO  impl.RaftServerImpl (RaftServerImpl.java:setRole(170)) - f2db16a1-f388-443d-a7ae-c224f468f361@group-5BB5F28A794E: changes role from      null to FOLLOWER at term 0 for startAsFollower
2019-10-01 21:08:03,729 [pool-159-thread-1] INFO  impl.RoleInfo (RoleInfo.java:updateAndGet(143)) - f2db16a1-f388-443d-a7ae-c224f468f361: start FollowerState
2019-10-01 21:08:03,729 [pool-159-thread-1] INFO  util.JmxRegister (JmxRegister.java:tryRegister(44)) - Successfully registered JMX Bean with object name Ratis:service=RaftServer,group=group-5BB5F28A794E,id=f2db16a1-f388-443d-a7ae-c224f468f361
2019-10-01 21:08:03,731 [pool-169-thread-1] INFO  impl.RaftServerImpl (RaftServerImpl.java:start(181)) - e661b9e5-9005-4795-83ab-67c790a4fd6e@group-5BB5F28A794E: start as a follower, conf=-1: [38ed4df7-2972-4264-9226-bd7ce605656a:192.168.5.177:43975, f2db16a1-f388-443d-a7ae-c224f468f361:192.168.5.177:39337, e661b9e5-9005-4795-83ab-67c790a4fd6e:192.168.5.177:33435], old=null
2019-10-01 21:08:03,731 [pool-169-thread-1] INFO  impl.RaftServerImpl (RaftServerImpl.java:setRole(170)) - e661b9e5-9005-4795-83ab-67c790a4fd6e@group-5BB5F28A794E: changes role from      null to FOLLOWER at term 0 for startAsFollower
2019-10-01 21:08:03,732 [pool-169-thread-1] INFO  impl.RoleInfo (RoleInfo.java:updateAndGet(143)) - e661b9e5-9005-4795-83ab-67c790a4fd6e: start FollowerState
2019-10-01 21:08:03,732 [pool-169-thread-1] INFO  util.JmxRegister (JmxRegister.java:tryRegister(44)) - Successfully registered JMX Bean with object name Ratis:service=RaftServer,group=group-5BB5F28A794E,id=e661b9e5-9005-4795-83ab-67c790a4fd6e
2019-10-01 21:08:03,738 [RatisPipelineUtilsThread] INFO  pipeline.PipelineStateManager (PipelineStateManager.java:addPipeline(56)) - Created pipeline Pipeline[ Id: e06d7d2c-87a0-47e0-800b-5bb5f28a794e, Nodes: e661b9e5-9005-4795-83ab-67c790a4fd6e{ip: 192.168.5.177, host: pr-hdds-2213-2l6tc-3189445122, networkLocation: /default-rack, certSerialId: null}38ed4df7-2972-4264-9226-bd7ce605656a{ip: 192.168.5.177, host: pr-hdds-2213-2l6tc-3189445122, networkLocation: /default-rack, certSerialId: null}f2db16a1-f388-443d-a7ae-c224f468f361{ip: 192.168.5.177, host: pr-hdds-2213-2l6tc-3189445122, networkLocation: /default-rack, certSerialId: null}, Type:RATIS, Factor:THREE, State:OPEN]
2019-10-01 21:08:04,682 [main] INFO  ozone.MiniOzoneClusterImpl (MiniOzoneClusterImpl.java:lambda$waitForClusterToBeReady$0(147)) - Cluster is ready. Got 7 of 7 DN Heartbeats.
2019-10-01 21:08:04,723 [main] INFO  rpc.RpcClient (RpcClient.java:createVolume(276)) - Creating Volume: testblockoutputstreamwithretries, with jenkins1000 as owner.
2019-10-01 21:08:04,727 [IPC Server handler 1 on 34047] INFO  volume.OMVolumeCreateRequest (OMVolumeCreateRequest.java:validateAndUpdateCache(194)) - created volume:testblockoutputstreamwithretries for user:jenkins1000
2019-10-01 21:08:04,744 [main] INFO  rpc.RpcClient (RpcClient.java:createBucket(415)) - Creating Bucket: testblockoutputstreamwithretries/testblockoutputstreamwithretries, with Versioning false and Storage Type set to DISK and Encryption set to false 
2019-10-01 21:08:06,341 [Thread-734] INFO  container.ReplicationManager (ReplicationManager.java:start(162)) - Starting Replication Monitor Thread.
2019-10-01 21:08:06,345 [ReplicationMonitor] INFO  container.ReplicationManager (ReplicationManager.java:run(225)) - Replication Monitor Thread took 0 milliseconds for processing 3 containers.
2019-10-01 21:08:08,533 [Thread-736] INFO  impl.FollowerState (FollowerState.java:run(108)) - bcd46168-679d-4a79-8dbc-a2d812c19c0f@group-165B449AA2A9-FollowerState: change to CANDIDATE, lastRpcTime:5137ms, electionTimeout:5137ms
2019-10-01 21:08:08,534 [Thread-736] INFO  impl.RoleInfo (RoleInfo.java:shutdownFollowerState(121)) - bcd46168-679d-4a79-8dbc-a2d812c19c0f: shutdown FollowerState
2019-10-01 21:08:08,535 [Thread-736] INFO  impl.RaftServerImpl (RaftServerImpl.java:setRole(170)) - bcd46168-679d-4a79-8dbc-a2d812c19c0f@group-165B449AA2A9: changes role from  FOLLOWER to CANDIDATE at term 0 for changeToCandidate
2019-10-01 21:08:08,535 [Thread-736] INFO  impl.RoleInfo (RoleInfo.java:updateAndGet(143)) - bcd46168-679d-4a79-8dbc-a2d812c19c0f: start LeaderElection
2019-10-01 21:08:08,557 [Thread-749] INFO  impl.FollowerState (FollowerState.java:run(108)) - bb36cdf8-c471-492b-b357-37f3d92a881f@group-0C0BB0EAF733-FollowerState: change to CANDIDATE, lastRpcTime:5007ms, electionTimeout:5007ms
2019-10-01 21:08:08,557 [Thread-749] INFO  impl.RoleInfo (RoleInfo.java:shutdownFollowerState(121)) - bb36cdf8-c471-492b-b357-37f3d92a881f: shutdown FollowerState
2019-10-01 21:08:08,557 [Thread-749] INFO  impl.RaftServerImpl (RaftServerImpl.java:setRole(170)) - bb36cdf8-c471-492b-b357-37f3d92a881f@group-0C0BB0EAF733: changes role from  FOLLOWER to CANDIDATE at term 0 for changeToCandidate
2019-10-01 21:08:08,558 [Thread-749] INFO  impl.RoleInfo (RoleInfo.java:updateAndGet(143)) - bb36cdf8-c471-492b-b357-37f3d92a881f: start LeaderElection
2019-10-01 21:08:08,566 [bcd46168-679d-4a79-8dbc-a2d812c19c0f@group-165B449AA2A9-LeaderElection19] INFO  impl.LeaderElection (LeaderElection.java:askForVotes(178)) - bcd46168-679d-4a79-8dbc-a2d812c19c0f@group-165B449AA2A9-LeaderElection19: begin an election at term 1 for -1: [bcd46168-679d-4a79-8dbc-a2d812c19c0f:192.168.5.177:43272], old=null
2019-10-01 21:08:08,566 [bb36cdf8-c471-492b-b357-37f3d92a881f@group-0C0BB0EAF733-LeaderElection20] INFO  impl.LeaderElection (LeaderElection.java:askForVotes(178)) - bb36cdf8-c471-492b-b357-37f3d92a881f@group-0C0BB0EAF733-LeaderElection20: begin an election at term 1 for -1: [bcd46168-679d-4a79-8dbc-a2d812c19c0f:192.168.5.177:43272, bb36cdf8-c471-492b-b357-37f3d92a881f:192.168.5.177:40031, dbc555b8-9764-4f6e-9002-a515bdafc4eb:192.168.5.177:39096], old=null
2019-10-01 21:08:08,567 [bcd46168-679d-4a79-8dbc-a2d812c19c0f@group-165B449AA2A9-LeaderElection19] INFO  impl.RoleInfo (RoleInfo.java:shutdownLeaderElection(134)) - bcd46168-679d-4a79-8dbc-a2d812c19c0f: shutdown LeaderElection
2019-10-01 21:08:08,567 [bcd46168-679d-4a79-8dbc-a2d812c19c0f@group-165B449AA2A9-LeaderElection19] INFO  impl.RaftServerImpl (RaftServerImpl.java:setRole(170)) - bcd46168-679d-4a79-8dbc-a2d812c19c0f@group-165B449AA2A9: changes role from CANDIDATE to LEADER at term 1 for changeToLeader
2019-10-01 21:08:08,567 [bcd46168-679d-4a79-8dbc-a2d812c19c0f@group-165B449AA2A9-LeaderElection19] INFO  impl.RaftServerImpl (ServerState.java:setLeader(255)) - bcd46168-679d-4a79-8dbc-a2d812c19c0f@group-165B449AA2A9: change Leader from null to bcd46168-679d-4a79-8dbc-a2d812c19c0f at term 1 for becomeLeader, leader elected after 5182ms
2019-10-01 21:08:08,570 [bcd46168-679d-4a79-8dbc-a2d812c19c0f@group-165B449AA2A9-LeaderElection19] INFO  server.RaftServerConfigKeys (ConfUtils.java:logGet(43)) - raft.server.staging.catchup.gap = 1000 (default)
2019-10-01 21:08:08,570 [bcd46168-679d-4a79-8dbc-a2d812c19c0f@group-165B449AA2A9-LeaderElection19] INFO  server.RaftServerConfigKeys (ConfUtils.java:logGet(43)) - raft.server.rpc.sleep.time = 25ms (default)
2019-10-01 21:08:08,571 [bcd46168-679d-4a79-8dbc-a2d812c19c0f@group-165B449AA2A9-LeaderElection19] INFO  server.RaftServerConfigKeys (ConfUtils.java:logGet(43)) - raft.server.write.element-limit = 4096 (default)
2019-10-01 21:08:08,571 [bcd46168-679d-4a79-8dbc-a2d812c19c0f@group-165B449AA2A9-LeaderElection19] INFO  server.RaftServerConfigKeys (ConfUtils.java:logGet(43)) - raft.server.watch.timeout = 10s (default)
2019-10-01 21:08:08,571 [bcd46168-679d-4a79-8dbc-a2d812c19c0f@group-165B449AA2A9-LeaderElection19] INFO  server.RaftServerConfigKeys (ConfUtils.java:logGet(43)) - raft.server.watch.timeout.denomination = 1s (default)
2019-10-01 21:08:08,571 [bcd46168-679d-4a79-8dbc-a2d812c19c0f@group-165B449AA2A9-LeaderElection19] INFO  server.RaftServerConfigKeys (ConfUtils.java:logGet(43)) - raft.server.watch.element-limit = 65536 (default)
2019-10-01 21:08:08,576 [bcd46168-679d-4a79-8dbc-a2d812c19c0f@group-165B449AA2A9-LeaderElection19] INFO  impl.RoleInfo (RoleInfo.java:updateAndGet(143)) - bcd46168-679d-4a79-8dbc-a2d812c19c0f: start LeaderState
2019-10-01 21:08:08,577 [bcd46168-679d-4a79-8dbc-a2d812c19c0f@group-165B449AA2A9-LeaderElection19] INFO  segmented.SegmentedRaftLogWorker (SegmentedRaftLogWorker.java:startLogSegment(385)) - bcd46168-679d-4a79-8dbc-a2d812c19c0f@group-165B449AA2A9-SegmentedRaftLogWorker: Starting segment from index:0
2019-10-01 21:08:08,578 [bcd46168-679d-4a79-8dbc-a2d812c19c0f@group-165B449AA2A9-LeaderElection19] INFO  impl.RaftServerImpl (ServerState.java:setRaftConf(356)) - bcd46168-679d-4a79-8dbc-a2d812c19c0f@group-165B449AA2A9: set configuration 0: [bcd46168-679d-4a79-8dbc-a2d812c19c0f:192.168.5.177:43272], old=null at 0
2019-10-01 21:08:08,636 [grpc-default-executor-4] INFO  impl.RaftServerImpl (RaftServerImpl.java:setRole(170)) - dbc555b8-9764-4f6e-9002-a515bdafc4eb@group-0C0BB0EAF733: changes role from  FOLLOWER to FOLLOWER at term 1 for recognizeCandidate:bb36cdf8-c471-492b-b357-37f3d92a881f
2019-10-01 21:08:08,636 [grpc-default-executor-4] INFO  impl.RoleInfo (RoleInfo.java:shutdownFollowerState(121)) - dbc555b8-9764-4f6e-9002-a515bdafc4eb: shutdown FollowerState
2019-10-01 21:08:08,637 [grpc-default-executor-3] INFO  impl.RaftServerImpl (RaftServerImpl.java:setRole(170)) - bcd46168-679d-4a79-8dbc-a2d812c19c0f@group-0C0BB0EAF733: changes role from  FOLLOWER to FOLLOWER at term 1 for recognizeCandidate:bb36cdf8-c471-492b-b357-37f3d92a881f
2019-10-01 21:08:08,637 [Thread-748] INFO  impl.FollowerState (FollowerState.java:run(117)) - dbc555b8-9764-4f6e-9002-a515bdafc4eb@group-0C0BB0EAF733-FollowerState was interrupted: java.lang.InterruptedException: sleep interrupted
2019-10-01 21:08:08,640 [Thread-739] INFO  impl.FollowerState (FollowerState.java:run(108)) - bb36cdf8-c471-492b-b357-37f3d92a881f@group-7D974FAA4E34-FollowerState: change to CANDIDATE, lastRpcTime:5199ms, electionTimeout:5147ms
2019-10-01 21:08:08,637 [grpc-default-executor-3] INFO  impl.RoleInfo (RoleInfo.java:shutdownFollowerState(121)) - bcd46168-679d-4a79-8dbc-a2d812c19c0f: shutdown FollowerState
2019-10-01 21:08:08,637 [grpc-default-executor-4] INFO  impl.RoleInfo (RoleInfo.java:updateAndGet(143)) - dbc555b8-9764-4f6e-9002-a515bdafc4eb: start FollowerState
2019-10-01 21:08:08,643 [grpc-default-executor-3] INFO  impl.RoleInfo (RoleInfo.java:updateAndGet(143)) - bcd46168-679d-4a79-8dbc-a2d812c19c0f: start FollowerState
2019-10-01 21:08:08,643 [Thread-739] INFO  impl.RoleInfo (RoleInfo.java:shutdownFollowerState(121)) - bb36cdf8-c471-492b-b357-37f3d92a881f: shutdown FollowerState
2019-10-01 21:08:08,644 [Thread-739] INFO  impl.RaftServerImpl (RaftServerImpl.java:setRole(170)) - bb36cdf8-c471-492b-b357-37f3d92a881f@group-7D974FAA4E34: changes role from  FOLLOWER to CANDIDATE at term 0 for changeToCandidate
2019-10-01 21:08:08,644 [Thread-739] INFO  impl.RoleInfo (RoleInfo.java:updateAndGet(143)) - bb36cdf8-c471-492b-b357-37f3d92a881f: start LeaderElection
2019-10-01 21:08:08,655 [bcd46168-679d-4a79-8dbc-a2d812c19c0f@group-165B449AA2A9-SegmentedRaftLogWorker] INFO  segmented.SegmentedRaftLogWorker (SegmentedRaftLogWorker.java:execute(574)) - bcd46168-679d-4a79-8dbc-a2d812c19c0f@group-165B449AA2A9-SegmentedRaftLogWorker: created new log segment /workdir/hadoop-ozone/integration-test/target/test-dir/MiniOzoneClusterImpl-37790afc-6890-41f5-9aa1-2f370bad822b/datanode-0/data/ratis/9074ddb3-9ec1-4b05-bb48-165b449aa2a9/current/log_inprogress_0
2019-10-01 21:08:08,669 [bb36cdf8-c471-492b-b357-37f3d92a881f@group-7D974FAA4E34-LeaderElection21] INFO  impl.LeaderElection (LeaderElection.java:askForVotes(178)) - bb36cdf8-c471-492b-b357-37f3d92a881f@group-7D974FAA4E34-LeaderElection21: begin an election at term 1 for -1: [bb36cdf8-c471-492b-b357-37f3d92a881f:192.168.5.177:40031], old=null
2019-10-01 21:08:08,672 [bb36cdf8-c471-492b-b357-37f3d92a881f@group-7D974FAA4E34-LeaderElection21] INFO  impl.RoleInfo (RoleInfo.java:shutdownLeaderElection(134)) - bb36cdf8-c471-492b-b357-37f3d92a881f: shutdown LeaderElection
2019-10-01 21:08:08,672 [bb36cdf8-c471-492b-b357-37f3d92a881f@group-7D974FAA4E34-LeaderElection21] INFO  impl.RaftServerImpl (RaftServerImpl.java:setRole(170)) - bb36cdf8-c471-492b-b357-37f3d92a881f@group-7D974FAA4E34: changes role from CANDIDATE to LEADER at term 1 for changeToLeader
2019-10-01 21:08:08,672 [bb36cdf8-c471-492b-b357-37f3d92a881f@group-7D974FAA4E34-LeaderElection21] INFO  impl.RaftServerImpl (ServerState.java:setLeader(255)) - bb36cdf8-c471-492b-b357-37f3d92a881f@group-7D974FAA4E34: change Leader from null to bb36cdf8-c471-492b-b357-37f3d92a881f at term 1 for becomeLeader, leader elected after 5236ms
2019-10-01 21:08:08,675 [bb36cdf8-c471-492b-b357-37f3d92a881f@group-7D974FAA4E34-LeaderElection21] INFO  server.RaftServerConfigKeys (ConfUtils.java:logGet(43)) - raft.server.staging.catchup.gap = 1000 (default)
2019-10-01 21:08:08,675 [bb36cdf8-c471-492b-b357-37f3d92a881f@group-7D974FAA4E34-LeaderElection21] INFO  server.RaftServerConfigKeys (ConfUtils.java:logGet(43)) - raft.server.rpc.sleep.time = 25ms (default)
2019-10-01 21:08:08,675 [bb36cdf8-c471-492b-b357-37f3d92a881f@group-7D974FAA4E34-LeaderElection21] INFO  server.RaftServerConfigKeys (ConfUtils.java:logGet(43)) - raft.server.write.element-limit = 4096 (default)
2019-10-01 21:08:08,675 [Thread-742] INFO  impl.FollowerState (FollowerState.java:run(108)) - dbc555b8-9764-4f6e-9002-a515bdafc4eb@group-EE48C7D59182-FollowerState: change to CANDIDATE, lastRpcTime:5188ms, electionTimeout:5188ms
2019-10-01 21:08:08,675 [bb36cdf8-c471-492b-b357-37f3d92a881f@group-7D974FAA4E34-LeaderElection21] INFO  server.RaftServerConfigKeys (ConfUtils.java:logGet(43)) - raft.server.watch.timeout = 10s (default)
2019-10-01 21:08:08,676 [Thread-742] INFO  impl.RoleInfo (RoleInfo.java:shutdownFollowerState(121)) - dbc555b8-9764-4f6e-9002-a515bdafc4eb: shutdown FollowerState
2019-10-01 21:08:08,676 [bb36cdf8-c471-492b-b357-37f3d92a881f@group-7D974FAA4E34-LeaderElection21] INFO  server.RaftServerConfigKeys (ConfUtils.java:logGet(43)) - raft.server.watch.timeout.denomination = 1s (default)
2019-10-01 21:08:08,676 [Thread-742] INFO  impl.RaftServerImpl (RaftServerImpl.java:setRole(170)) - dbc555b8-9764-4f6e-9002-a515bdafc4eb@group-EE48C7D59182: changes role from  FOLLOWER to CANDIDATE at term 0 for changeToCandidate
2019-10-01 21:08:08,676 [bb36cdf8-c471-492b-b357-37f3d92a881f@group-7D974FAA4E34-LeaderElection21] INFO  server.RaftServerConfigKeys (ConfUtils.java:logGet(43)) - raft.server.watch.element-limit = 65536 (default)
2019-10-01 21:08:08,676 [bb36cdf8-c471-492b-b357-37f3d92a881f@group-0C0BB0EAF733-LeaderElection20] INFO  impl.LeaderElection (LeaderElection.java:logAndReturn(56)) - bb36cdf8-c471-492b-b357-37f3d92a881f@group-0C0BB0EAF733-LeaderElection20: Election PASSED; received 1 response(s) [bb36cdf8-c471-492b-b357-37f3d92a881f<-bcd46168-679d-4a79-8dbc-a2d812c19c0f#0:OK-t1] and 0 exception(s); bb36cdf8-c471-492b-b357-37f3d92a881f@group-0C0BB0EAF733:t1, leader=null, voted=bb36cdf8-c471-492b-b357-37f3d92a881f, raftlog=bb36cdf8-c471-492b-b357-37f3d92a881f@group-0C0BB0EAF733-SegmentedRaftLog:OPENED:c-1,f-1,i0, conf=-1: [bcd46168-679d-4a79-8dbc-a2d812c19c0f:192.168.5.177:43272, bb36cdf8-c471-492b-b357-37f3d92a881f:192.168.5.177:40031, dbc555b8-9764-4f6e-9002-a515bdafc4eb:192.168.5.177:39096], old=null
2019-10-01 21:08:08,676 [Thread-742] INFO  impl.RoleInfo (RoleInfo.java:updateAndGet(143)) - dbc555b8-9764-4f6e-9002-a515bdafc4eb: start LeaderElection
2019-10-01 21:08:08,676 [bb36cdf8-c471-492b-b357-37f3d92a881f@group-0C0BB0EAF733-LeaderElection20] INFO  impl.RoleInfo (RoleInfo.java:shutdownLeaderElection(134)) - bb36cdf8-c471-492b-b357-37f3d92a881f: shutdown LeaderElection
2019-10-01 21:08:08,681 [Thread-754] INFO  impl.FollowerState (FollowerState.java:run(108)) - 38ed4df7-2972-4264-9226-bd7ce605656a@group-054112D807A6-FollowerState: change to CANDIDATE, lastRpcTime:5076ms, electionTimeout:5074ms
2019-10-01 21:08:08,682 [bb36cdf8-c471-492b-b357-37f3d92a881f@group-0C0BB0EAF733-LeaderElection20] INFO  impl.RaftServerImpl (RaftServerImpl.java:setRole(170)) - bb36cdf8-c471-492b-b357-37f3d92a881f@group-0C0BB0EAF733: changes role from CANDIDATE to LEADER at term 1 for changeToLeader
2019-10-01 21:08:08,684 [Thread-754] INFO  impl.RoleInfo (RoleInfo.java:shutdownFollowerState(121)) - 38ed4df7-2972-4264-9226-bd7ce605656a: shutdown FollowerState
2019-10-01 21:08:08,684 [bb36cdf8-c471-492b-b357-37f3d92a881f@group-0C0BB0EAF733-LeaderElection20] INFO  impl.RaftServerImpl (ServerState.java:setLeader(255)) - bb36cdf8-c471-492b-b357-37f3d92a881f@group-0C0BB0EAF733: change Leader from null to bb36cdf8-c471-492b-b357-37f3d92a881f at term 1 for becomeLeader, leader elected after 5154ms
2019-10-01 21:08:08,684 [Thread-754] INFO  impl.RaftServerImpl (RaftServerImpl.java:setRole(170)) - 38ed4df7-2972-4264-9226-bd7ce605656a@group-054112D807A6: changes role from  FOLLOWER to CANDIDATE at term 0 for changeToCandidate
2019-10-01 21:08:08,685 [bb36cdf8-c471-492b-b357-37f3d92a881f@group-0C0BB0EAF733-LeaderElection20] INFO  server.RaftServerConfigKeys (ConfUtils.java:logGet(43)) - raft.server.staging.catchup.gap = 1000 (default)
2019-10-01 21:08:08,685 [Thread-754] INFO  impl.RoleInfo (RoleInfo.java:updateAndGet(143)) - 38ed4df7-2972-4264-9226-bd7ce605656a: start LeaderElection
2019-10-01 21:08:08,685 [bb36cdf8-c471-492b-b357-37f3d92a881f@group-0C0BB0EAF733-LeaderElection20] INFO  server.RaftServerConfigKeys (ConfUtils.java:logGet(43)) - raft.server.rpc.sleep.time = 25ms (default)
2019-10-01 21:08:08,685 [bb36cdf8-c471-492b-b357-37f3d92a881f@group-0C0BB0EAF733-LeaderElection20] INFO  server.RaftServerConfigKeys (ConfUtils.java:logGet(43)) - raft.server.write.element-limit = 4096 (default)
2019-10-01 21:08:08,688 [bb36cdf8-c471-492b-b357-37f3d92a881f@group-0C0BB0EAF733-LeaderElection20] INFO  server.RaftServerConfigKeys (ConfUtils.java:logGet(43)) - raft.server.watch.timeout = 10s (default)
2019-10-01 21:08:08,690 [bb36cdf8-c471-492b-b357-37f3d92a881f@group-0C0BB0EAF733-LeaderElection20] INFO  server.RaftServerConfigKeys (ConfUtils.java:logGet(43)) - raft.server.watch.timeout.denomination = 1s (default)
2019-10-01 21:08:08,690 [bb36cdf8-c471-492b-b357-37f3d92a881f@group-0C0BB0EAF733-LeaderElection20] INFO  server.RaftServerConfigKeys (ConfUtils.java:logGet(43)) - raft.server.watch.element-limit = 65536 (default)
2019-10-01 21:08:08,691 [bb36cdf8-c471-492b-b357-37f3d92a881f@group-7D974FAA4E34-LeaderElection21] INFO  impl.RoleInfo (RoleInfo.java:updateAndGet(143)) - bb36cdf8-c471-492b-b357-37f3d92a881f: start LeaderState
2019-10-01 21:08:08,691 [bb36cdf8-c471-492b-b357-37f3d92a881f@group-7D974FAA4E34-LeaderElection21] INFO  segmented.SegmentedRaftLogWorker (SegmentedRaftLogWorker.java:startLogSegment(385)) - bb36cdf8-c471-492b-b357-37f3d92a881f@group-7D974FAA4E34-SegmentedRaftLogWorker: Starting segment from index:0
2019-10-01 21:08:08,692 [bb36cdf8-c471-492b-b357-37f3d92a881f@group-7D974FAA4E34-LeaderElection21] INFO  impl.RaftServerImpl (ServerState.java:setRaftConf(356)) - bb36cdf8-c471-492b-b357-37f3d92a881f@group-7D974FAA4E34: set configuration 0: [bb36cdf8-c471-492b-b357-37f3d92a881f:192.168.5.177:40031], old=null at 0
2019-10-01 21:08:08,726 [38ed4df7-2972-4264-9226-bd7ce605656a@group-054112D807A6-LeaderElection23] INFO  impl.LeaderElection (LeaderElection.java:askForVotes(178)) - 38ed4df7-2972-4264-9226-bd7ce605656a@group-054112D807A6-LeaderElection23: begin an election at term 1 for -1: [38ed4df7-2972-4264-9226-bd7ce605656a:192.168.5.177:43975], old=null
2019-10-01 21:08:08,726 [dbc555b8-9764-4f6e-9002-a515bdafc4eb@group-EE48C7D59182-LeaderElection22] INFO  impl.LeaderElection (LeaderElection.java:askForVotes(178)) - dbc555b8-9764-4f6e-9002-a515bdafc4eb@group-EE48C7D59182-LeaderElection22: begin an election at term 1 for -1: [dbc555b8-9764-4f6e-9002-a515bdafc4eb:192.168.5.177:39096], old=null
2019-10-01 21:08:08,726 [38ed4df7-2972-4264-9226-bd7ce605656a@group-054112D807A6-LeaderElection23] INFO  impl.RoleInfo (RoleInfo.java:shutdownLeaderElection(134)) - 38ed4df7-2972-4264-9226-bd7ce605656a: shutdown LeaderElection
2019-10-01 21:08:08,727 [dbc555b8-9764-4f6e-9002-a515bdafc4eb@group-EE48C7D59182-LeaderElection22] INFO  impl.RoleInfo (RoleInfo.java:shutdownLeaderElection(134)) - dbc555b8-9764-4f6e-9002-a515bdafc4eb: shutdown LeaderElection
2019-10-01 21:08:08,727 [38ed4df7-2972-4264-9226-bd7ce605656a@group-054112D807A6-LeaderElection23] INFO  impl.RaftServerImpl (RaftServerImpl.java:setRole(170)) - 38ed4df7-2972-4264-9226-bd7ce605656a@group-054112D807A6: changes role from CANDIDATE to LEADER at term 1 for changeToLeader
2019-10-01 21:08:08,727 [dbc555b8-9764-4f6e-9002-a515bdafc4eb@group-EE48C7D59182-LeaderElection22] INFO  impl.RaftServerImpl (RaftServerImpl.java:setRole(170)) - dbc555b8-9764-4f6e-9002-a515bdafc4eb@group-EE48C7D59182: changes role from CANDIDATE to LEADER at term 1 for changeToLeader
2019-10-01 21:08:08,727 [38ed4df7-2972-4264-9226-bd7ce605656a@group-054112D807A6-LeaderElection23] INFO  impl.RaftServerImpl (ServerState.java:setLeader(255)) - 38ed4df7-2972-4264-9226-bd7ce605656a@group-054112D807A6: change Leader from null to 38ed4df7-2972-4264-9226-bd7ce605656a at term 1 for becomeLeader, leader elected after 5127ms
2019-10-01 21:08:08,727 [dbc555b8-9764-4f6e-9002-a515bdafc4eb@group-EE48C7D59182-LeaderElection22] INFO  impl.RaftServerImpl (ServerState.java:setLeader(255)) - dbc555b8-9764-4f6e-9002-a515bdafc4eb@group-EE48C7D59182: change Leader from null to dbc555b8-9764-4f6e-9002-a515bdafc4eb at term 1 for becomeLeader, leader elected after 5245ms
2019-10-01 21:08:08,730 [38ed4df7-2972-4264-9226-bd7ce605656a@group-054112D807A6-LeaderElection23] INFO  server.RaftServerConfigKeys (ConfUtils.java:logGet(43)) - raft.server.staging.catchup.gap = 1000 (default)
2019-10-01 21:08:08,732 [bb36cdf8-c471-492b-b357-37f3d92a881f@group-0C0BB0EAF733-LeaderElection20] INFO  server.RaftServerConfigKeys (ConfUtils.java:logGet(43)) - raft.server.log.appender.snapshot.chunk.size.max = 16MB (=16777216) (default)
2019-10-01 21:08:08,732 [dbc555b8-9764-4f6e-9002-a515bdafc4eb@group-EE48C7D59182-LeaderElection22] INFO  server.RaftServerConfigKeys (ConfUtils.java:logGet(43)) - raft.server.staging.catchup.gap = 1000 (default)
2019-10-01 21:08:08,733 [bb36cdf8-c471-492b-b357-37f3d92a881f@group-0C0BB0EAF733-LeaderElection20] INFO  server.RaftServerConfigKeys (ConfUtils.java:logGet(43)) - raft.server.log.appender.buffer.byte-limit = 33554432 (custom)
2019-10-01 21:08:08,733 [38ed4df7-2972-4264-9226-bd7ce605656a@group-054112D807A6-LeaderElection23] INFO  server.RaftServerConfigKeys (ConfUtils.java:logGet(43)) - raft.server.rpc.sleep.time = 25ms (default)
2019-10-01 21:08:08,733 [bb36cdf8-c471-492b-b357-37f3d92a881f@group-0C0BB0EAF733-LeaderElection20] INFO  server.RaftServerConfigKeys (ConfUtils.java:logGet(43)) - raft.server.log.appender.buffer.element-limit = 1 (custom)
2019-10-01 21:08:08,733 [dbc555b8-9764-4f6e-9002-a515bdafc4eb@group-EE48C7D59182-LeaderElection22] INFO  server.RaftServerConfigKeys (ConfUtils.java:logGet(43)) - raft.server.rpc.sleep.time = 25ms (default)
2019-10-01 21:08:08,734 [bb36cdf8-c471-492b-b357-37f3d92a881f@group-0C0BB0EAF733-LeaderElection20] INFO  grpc.GrpcConfigKeys$Server (ConfUtils.java:logGet(43)) - raft.grpc.server.leader.outstanding.appends.max = 128 (default)
2019-10-01 21:08:08,734 [dbc555b8-9764-4f6e-9002-a515bdafc4eb@group-EE48C7D59182-LeaderElection22] INFO  server.RaftServerConfigKeys (ConfUtils.java:logGet(43)) - raft.server.write.element-limit = 4096 (default)
2019-10-01 21:08:08,734 [38ed4df7-2972-4264-9226-bd7ce605656a@group-054112D807A6-LeaderElection23] INFO  server.RaftServerConfigKeys (ConfUtils.java:logGet(43)) - raft.server.write.element-limit = 4096 (default)
2019-10-01 21:08:08,734 [dbc555b8-9764-4f6e-9002-a515bdafc4eb@group-EE48C7D59182-LeaderElection22] INFO  server.RaftServerConfigKeys (ConfUtils.java:logGet(43)) - raft.server.watch.timeout = 10s (default)
2019-10-01 21:08:08,734 [bb36cdf8-c471-492b-b357-37f3d92a881f@group-0C0BB0EAF733-LeaderElection20] INFO  server.RaftServerConfigKeys (ConfUtils.java:logGet(43)) - raft.server.rpc.request.timeout = 3000ms (default)
2019-10-01 21:08:08,734 [Thread-760] INFO  impl.FollowerState (FollowerState.java:run(108)) - e661b9e5-9005-4795-83ab-67c790a4fd6e@group-A8E9988135DA-FollowerState: change to CANDIDATE, lastRpcTime:5060ms, electionTimeout:5060ms
2019-10-01 21:08:08,735 [bb36cdf8-c471-492b-b357-37f3d92a881f@group-0C0BB0EAF733-LeaderElection20] INFO  server.RaftServerConfigKeys (ConfUtils.java:logGet(43)) - raft.server.log.appender.install.snapshot.enabled = false (custom)
2019-10-01 21:08:08,735 [dbc555b8-9764-4f6e-9002-a515bdafc4eb@group-EE48C7D59182-LeaderElection22] INFO  server.RaftServerConfigKeys (ConfUtils.java:logGet(43)) - raft.server.watch.timeout.denomination = 1s (default)
2019-10-01 21:08:08,736 [bb36cdf8-c471-492b-b357-37f3d92a881f@group-0C0BB0EAF733-LeaderElection20] INFO  server.RaftServerConfigKeys (ConfUtils.java:logGet(43)) - raft.server.log.appender.snapshot.chunk.size.max = 16MB (=16777216) (default)
2019-10-01 21:08:08,735 [38ed4df7-2972-4264-9226-bd7ce605656a@group-054112D807A6-LeaderElection23] INFO  server.RaftServerConfigKeys (ConfUtils.java:logGet(43)) - raft.server.watch.timeout = 10s (default)
2019-10-01 21:08:08,736 [bb36cdf8-c471-492b-b357-37f3d92a881f@group-0C0BB0EAF733-LeaderElection20] INFO  server.RaftServerConfigKeys (ConfUtils.java:logGet(43)) - raft.server.log.appender.buffer.byte-limit = 33554432 (custom)
2019-10-01 21:08:08,736 [dbc555b8-9764-4f6e-9002-a515bdafc4eb@group-EE48C7D59182-LeaderElection22] INFO  server.RaftServerConfigKeys (ConfUtils.java:logGet(43)) - raft.server.watch.element-limit = 65536 (default)
2019-10-01 21:08:08,735 [Thread-760] INFO  impl.RoleInfo (RoleInfo.java:shutdownFollowerState(121)) - e661b9e5-9005-4795-83ab-67c790a4fd6e: shutdown FollowerState
2019-10-01 21:08:08,736 [bb36cdf8-c471-492b-b357-37f3d92a881f@group-0C0BB0EAF733-LeaderElection20] INFO  server.RaftServerConfigKeys (ConfUtils.java:logGet(43)) - raft.server.log.appender.buffer.element-limit = 1 (custom)
2019-10-01 21:08:08,736 [38ed4df7-2972-4264-9226-bd7ce605656a@group-054112D807A6-LeaderElection23] INFO  server.RaftServerConfigKeys (ConfUtils.java:logGet(43)) - raft.server.watch.timeout.denomination = 1s (default)
2019-10-01 21:08:08,737 [bb36cdf8-c471-492b-b357-37f3d92a881f@group-0C0BB0EAF733-LeaderElection20] INFO  grpc.GrpcConfigKeys$Server (ConfUtils.java:logGet(43)) - raft.grpc.server.leader.outstanding.appends.max = 128 (default)
2019-10-01 21:08:08,737 [Thread-760] INFO  impl.RaftServerImpl (RaftServerImpl.java:setRole(170)) - e661b9e5-9005-4795-83ab-67c790a4fd6e@group-A8E9988135DA: changes role from  FOLLOWER to CANDIDATE at term 0 for changeToCandidate
2019-10-01 21:08:08,737 [bb36cdf8-c471-492b-b357-37f3d92a881f@group-0C0BB0EAF733-LeaderElection20] INFO  server.RaftServerConfigKeys (ConfUtils.java:logGet(43)) - raft.server.rpc.request.timeout = 3000ms (default)
2019-10-01 21:08:08,737 [38ed4df7-2972-4264-9226-bd7ce605656a@group-054112D807A6-LeaderElection23] INFO  server.RaftServerConfigKeys (ConfUtils.java:logGet(43)) - raft.server.watch.element-limit = 65536 (default)
2019-10-01 21:08:08,738 [bb36cdf8-c471-492b-b357-37f3d92a881f@group-0C0BB0EAF733-LeaderElection20] INFO  server.RaftServerConfigKeys (ConfUtils.java:logGet(43)) - raft.server.log.appender.install.snapshot.enabled = false (custom)
2019-10-01 21:08:08,737 [Thread-760] INFO  impl.RoleInfo (RoleInfo.java:updateAndGet(143)) - e661b9e5-9005-4795-83ab-67c790a4fd6e: start LeaderElection
2019-10-01 21:08:08,738 [bb36cdf8-c471-492b-b357-37f3d92a881f@group-0C0BB0EAF733-LeaderElection20] INFO  impl.RoleInfo (RoleInfo.java:updateAndGet(143)) - bb36cdf8-c471-492b-b357-37f3d92a881f: start LeaderState
2019-10-01 21:08:08,740 [bb36cdf8-c471-492b-b357-37f3d92a881f@group-7D974FAA4E34-SegmentedRaftLogWorker] INFO  segmented.SegmentedRaftLogWorker (SegmentedRaftLogWorker.java:execute(574)) - bb36cdf8-c471-492b-b357-37f3d92a881f@group-7D974FAA4E34-SegmentedRaftLogWorker: created new log segment /workdir/hadoop-ozone/integration-test/target/test-dir/MiniOzoneClusterImpl-37790afc-6890-41f5-9aa1-2f370bad822b/datanode-1/data/ratis/23a913cc-52bb-4ac7-954a-7d974faa4e34/current/log_inprogress_0
2019-10-01 21:08:08,741 [bb36cdf8-c471-492b-b357-37f3d92a881f@group-0C0BB0EAF733-LeaderElection20] INFO  segmented.SegmentedRaftLogWorker (SegmentedRaftLogWorker.java:startLogSegment(385)) - bb36cdf8-c471-492b-b357-37f3d92a881f@group-0C0BB0EAF733-SegmentedRaftLogWorker: Starting segment from index:0
2019-10-01 21:08:08,742 [bb36cdf8-c471-492b-b357-37f3d92a881f@group-0C0BB0EAF733-LeaderElection20] INFO  impl.RaftServerImpl (ServerState.java:setRaftConf(356)) - bb36cdf8-c471-492b-b357-37f3d92a881f@group-0C0BB0EAF733: set configuration 0: [bcd46168-679d-4a79-8dbc-a2d812c19c0f:192.168.5.177:43272, bb36cdf8-c471-492b-b357-37f3d92a881f:192.168.5.177:40031, dbc555b8-9764-4f6e-9002-a515bdafc4eb:192.168.5.177:39096], old=null at 0
2019-10-01 21:08:08,743 [dbc555b8-9764-4f6e-9002-a515bdafc4eb@group-EE48C7D59182-LeaderElection22] INFO  impl.RoleInfo (RoleInfo.java:updateAndGet(143)) - dbc555b8-9764-4f6e-9002-a515bdafc4eb: start LeaderState
2019-10-01 21:08:08,744 [dbc555b8-9764-4f6e-9002-a515bdafc4eb@group-EE48C7D59182-LeaderElection22] INFO  segmented.SegmentedRaftLogWorker (SegmentedRaftLogWorker.java:startLogSegment(385)) - dbc555b8-9764-4f6e-9002-a515bdafc4eb@group-EE48C7D59182-SegmentedRaftLogWorker: Starting segment from index:0
2019-10-01 21:08:08,744 [38ed4df7-2972-4264-9226-bd7ce605656a@group-054112D807A6-LeaderElection23] INFO  impl.RoleInfo (RoleInfo.java:updateAndGet(143)) - 38ed4df7-2972-4264-9226-bd7ce605656a: start LeaderState
2019-10-01 21:08:08,745 [38ed4df7-2972-4264-9226-bd7ce605656a@group-054112D807A6-LeaderElection23] INFO  segmented.SegmentedRaftLogWorker (SegmentedRaftLogWorker.java:startLogSegment(385)) - 38ed4df7-2972-4264-9226-bd7ce605656a@group-054112D807A6-SegmentedRaftLogWorker: Starting segment from index:0
2019-10-01 21:08:08,745 [dbc555b8-9764-4f6e-9002-a515bdafc4eb@group-EE48C7D59182-LeaderElection22] INFO  impl.RaftServerImpl (ServerState.java:setRaftConf(356)) - dbc555b8-9764-4f6e-9002-a515bdafc4eb@group-EE48C7D59182: set configuration 0: [dbc555b8-9764-4f6e-9002-a515bdafc4eb:192.168.5.177:39096], old=null at 0
2019-10-01 21:08:08,745 [grpc-default-executor-4] INFO  impl.RaftServerImpl (ServerState.java:setLeader(255)) - dbc555b8-9764-4f6e-9002-a515bdafc4eb@group-0C0BB0EAF733: change Leader from null to bb36cdf8-c471-492b-b357-37f3d92a881f at term 1 for appendEntries, leader elected after 5214ms
2019-10-01 21:08:08,783 [e661b9e5-9005-4795-83ab-67c790a4fd6e@group-A8E9988135DA-LeaderElection24] INFO  impl.LeaderElection (LeaderElection.java:askForVotes(178)) - e661b9e5-9005-4795-83ab-67c790a4fd6e@group-A8E9988135DA-LeaderElection24: begin an election at term 1 for -1: [e661b9e5-9005-4795-83ab-67c790a4fd6e:192.168.5.177:33435], old=null
2019-10-01 21:08:08,783 [grpc-default-executor-3] INFO  impl.RaftServerImpl (ServerState.java:setLeader(255)) - bcd46168-679d-4a79-8dbc-a2d812c19c0f@group-0C0BB0EAF733: change Leader from null to bb36cdf8-c471-492b-b357-37f3d92a881f at term 1 for appendEntries, leader elected after 5252ms
2019-10-01 21:08:08,783 [Thread-765] INFO  impl.FollowerState (FollowerState.java:run(108)) - 38ed4df7-2972-4264-9226-bd7ce605656a@group-5BB5F28A794E-FollowerState: change to CANDIDATE, lastRpcTime:5055ms, electionTimeout:5034ms
2019-10-01 21:08:08,784 [e661b9e5-9005-4795-83ab-67c790a4fd6e@group-A8E9988135DA-LeaderElection24] INFO  impl.RoleInfo (RoleInfo.java:shutdownLeaderElection(134)) - e661b9e5-9005-4795-83ab-67c790a4fd6e: shutdown LeaderElection
2019-10-01 21:08:08,783 [38ed4df7-2972-4264-9226-bd7ce605656a@group-054112D807A6-LeaderElection23] INFO  impl.RaftServerImpl (ServerState.java:setRaftConf(356)) - 38ed4df7-2972-4264-9226-bd7ce605656a@group-054112D807A6: set configuration 0: [38ed4df7-2972-4264-9226-bd7ce605656a:192.168.5.177:43975], old=null at 0
2019-10-01 21:08:08,824 [e661b9e5-9005-4795-83ab-67c790a4fd6e@group-A8E9988135DA-LeaderElection24] INFO  impl.RaftServerImpl (RaftServerImpl.java:setRole(170)) - e661b9e5-9005-4795-83ab-67c790a4fd6e@group-A8E9988135DA: changes role from CANDIDATE to LEADER at term 1 for changeToLeader
2019-10-01 21:08:08,823 [Thread-767] INFO  impl.FollowerState (FollowerState.java:run(108)) - e661b9e5-9005-4795-83ab-67c790a4fd6e@group-5BB5F28A794E-FollowerState: change to CANDIDATE, lastRpcTime:5091ms, electionTimeout:5080ms
2019-10-01 21:08:08,823 [Thread-765] INFO  impl.RoleInfo (RoleInfo.java:shutdownFollowerState(121)) - 38ed4df7-2972-4264-9226-bd7ce605656a: shutdown FollowerState
2019-10-01 21:08:08,823 [Thread-766] INFO  impl.FollowerState (FollowerState.java:run(108)) - f2db16a1-f388-443d-a7ae-c224f468f361@group-5BB5F28A794E-FollowerState: change to CANDIDATE, lastRpcTime:5094ms, electionTimeout:5059ms
2019-10-01 21:08:08,823 [Thread-757] INFO  impl.FollowerState (FollowerState.java:run(108)) - f2db16a1-f388-443d-a7ae-c224f468f361@group-44B4A5890101-FollowerState: change to CANDIDATE, lastRpcTime:5192ms, electionTimeout:5169ms
2019-10-01 21:08:08,823 [dbc555b8-9764-4f6e-9002-a515bdafc4eb@group-EE48C7D59182-SegmentedRaftLogWorker] INFO  segmented.SegmentedRaftLogWorker (SegmentedRaftLogWorker.java:execute(574)) - dbc555b8-9764-4f6e-9002-a515bdafc4eb@group-EE48C7D59182-SegmentedRaftLogWorker: created new log segment /workdir/hadoop-ozone/integration-test/target/test-dir/MiniOzoneClusterImpl-37790afc-6890-41f5-9aa1-2f370bad822b/datanode-2/data/ratis/4e294f85-dc96-4f23-9a0d-ee48c7d59182/current/log_inprogress_0
2019-10-01 21:08:08,823 [bb36cdf8-c471-492b-b357-37f3d92a881f@group-0C0BB0EAF733-SegmentedRaftLogWorker] INFO  segmented.SegmentedRaftLogWorker (SegmentedRaftLogWorker.java:execute(574)) - bb36cdf8-c471-492b-b357-37f3d92a881f@group-0C0BB0EAF733-SegmentedRaftLogWorker: created new log segment /workdir/hadoop-ozone/integration-test/target/test-dir/MiniOzoneClusterImpl-37790afc-6890-41f5-9aa1-2f370bad822b/datanode-1/data/ratis/4428b5f6-7853-466e-8f1d-0c0bb0eaf733/current/log_inprogress_0
2019-10-01 21:08:08,828 [Thread-757] INFO  impl.RoleInfo (RoleInfo.java:shutdownFollowerState(121)) - f2db16a1-f388-443d-a7ae-c224f468f361: shutdown FollowerState
2019-10-01 21:08:08,828 [Thread-766] INFO  impl.RoleInfo (RoleInfo.java:shutdownFollowerState(121)) - f2db16a1-f388-443d-a7ae-c224f468f361: shutdown FollowerState
2019-10-01 21:08:08,827 [Thread-765] INFO  impl.RaftServerImpl (RaftServerImpl.java:setRole(170)) - 38ed4df7-2972-4264-9226-bd7ce605656a@group-5BB5F28A794E: changes role from  FOLLOWER to CANDIDATE at term 0 for changeToCandidate
2019-10-01 21:08:08,827 [Thread-767] INFO  impl.RoleInfo (RoleInfo.java:shutdownFollowerState(121)) - e661b9e5-9005-4795-83ab-67c790a4fd6e: shutdown FollowerState
2019-10-01 21:08:08,827 [e661b9e5-9005-4795-83ab-67c790a4fd6e@group-A8E9988135DA-LeaderElection24] INFO  impl.RaftServerImpl (ServerState.java:setLeader(255)) - e661b9e5-9005-4795-83ab-67c790a4fd6e@group-A8E9988135DA: change Leader from null to e661b9e5-9005-4795-83ab-67c790a4fd6e at term 1 for becomeLeader, leader elected after 5160ms
2019-10-01 21:08:08,831 [Thread-767] INFO  impl.RaftServerImpl (RaftServerImpl.java:setRole(170)) - e661b9e5-9005-4795-83ab-67c790a4fd6e@group-5BB5F28A794E: changes role from  FOLLOWER to CANDIDATE at term 0 for changeToCandidate
2019-10-01 21:08:08,834 [e661b9e5-9005-4795-83ab-67c790a4fd6e@group-A8E9988135DA-LeaderElection24] INFO  server.RaftServerConfigKeys (ConfUtils.java:logGet(43)) - raft.server.staging.catchup.gap = 1000 (default)
2019-10-01 21:08:08,834 [e661b9e5-9005-4795-83ab-67c790a4fd6e@group-A8E9988135DA-LeaderElection24] INFO  server.RaftServerConfigKeys (ConfUtils.java:logGet(43)) - raft.server.rpc.sleep.time = 25ms (default)
2019-10-01 21:08:08,831 [grpc-default-executor-3] INFO  impl.RaftServerImpl (ServerState.java:setRaftConf(356)) - dbc555b8-9764-4f6e-9002-a515bdafc4eb@group-0C0BB0EAF733: set configuration 0: [bcd46168-679d-4a79-8dbc-a2d812c19c0f:192.168.5.177:43272, bb36cdf8-c471-492b-b357-37f3d92a881f:192.168.5.177:40031, dbc555b8-9764-4f6e-9002-a515bdafc4eb:192.168.5.177:39096], old=null at 0
2019-10-01 21:08:08,829 [Thread-765] INFO  impl.RoleInfo (RoleInfo.java:updateAndGet(143)) - 38ed4df7-2972-4264-9226-bd7ce605656a: start LeaderElection
2019-10-01 21:08:08,828 [Thread-766] INFO  impl.RaftServerImpl (RaftServerImpl.java:setRole(170)) - f2db16a1-f388-443d-a7ae-c224f468f361@group-5BB5F28A794E: changes role from  FOLLOWER to CANDIDATE at term 0 for changeToCandidate
2019-10-01 21:08:08,828 [Thread-757] INFO  impl.RaftServerImpl (RaftServerImpl.java:setRole(170)) - f2db16a1-f388-443d-a7ae-c224f468f361@group-44B4A5890101: changes role from  FOLLOWER to CANDIDATE at term 0 for changeToCandidate
2019-10-01 21:08:08,835 [Thread-766] INFO  impl.RoleInfo (RoleInfo.java:updateAndGet(143)) - f2db16a1-f388-443d-a7ae-c224f468f361: start LeaderElection
2019-10-01 21:08:08,835 [grpc-default-executor-3] INFO  segmented.SegmentedRaftLogWorker (SegmentedRaftLogWorker.java:startLogSegment(385)) - dbc555b8-9764-4f6e-9002-a515bdafc4eb@group-0C0BB0EAF733-SegmentedRaftLogWorker: Starting segment from index:0
2019-10-01 21:08:08,834 [grpc-default-executor-4] INFO  impl.RaftServerImpl (ServerState.java:setRaftConf(356)) - bcd46168-679d-4a79-8dbc-a2d812c19c0f@group-0C0BB0EAF733: set configuration 0: [bcd46168-679d-4a79-8dbc-a2d812c19c0f:192.168.5.177:43272, bb36cdf8-c471-492b-b357-37f3d92a881f:192.168.5.177:40031, dbc555b8-9764-4f6e-9002-a515bdafc4eb:192.168.5.177:39096], old=null at 0
2019-10-01 21:08:08,834 [e661b9e5-9005-4795-83ab-67c790a4fd6e@group-A8E9988135DA-LeaderElection24] INFO  server.RaftServerConfigKeys (ConfUtils.java:logGet(43)) - raft.server.write.element-limit = 4096 (default)
2019-10-01 21:08:08,834 [Thread-767] INFO  impl.RoleInfo (RoleInfo.java:updateAndGet(143)) - e661b9e5-9005-4795-83ab-67c790a4fd6e: start LeaderElection
2019-10-01 21:08:08,834 [38ed4df7-2972-4264-9226-bd7ce605656a@group-054112D807A6-SegmentedRaftLogWorker] INFO  segmented.SegmentedRaftLogWorker (SegmentedRaftLogWorker.java:execute(574)) - 38ed4df7-2972-4264-9226-bd7ce605656a@group-054112D807A6-SegmentedRaftLogWorker: created new log segment /workdir/hadoop-ozone/integration-test/target/test-dir/MiniOzoneClusterImpl-37790afc-6890-41f5-9aa1-2f370bad822b/datanode-3/data/ratis/5493a210-0cb4-4ea5-9803-054112d807a6/current/log_inprogress_0
2019-10-01 21:08:08,842 [e661b9e5-9005-4795-83ab-67c790a4fd6e@group-A8E9988135DA-LeaderElection24] INFO  server.RaftServerConfigKeys (ConfUtils.java:logGet(43)) - raft.server.watch.timeout = 10s (default)
2019-10-01 21:08:08,842 [grpc-default-executor-4] INFO  segmented.SegmentedRaftLogWorker (SegmentedRaftLogWorker.java:startLogSegment(385)) - bcd46168-679d-4a79-8dbc-a2d812c19c0f@group-0C0BB0EAF733-SegmentedRaftLogWorker: Starting segment from index:0
2019-10-01 21:08:08,835 [Thread-757] INFO  impl.RoleInfo (RoleInfo.java:updateAndGet(143)) - f2db16a1-f388-443d-a7ae-c224f468f361: start LeaderElection
2019-10-01 21:08:08,884 [e661b9e5-9005-4795-83ab-67c790a4fd6e@group-A8E9988135DA-LeaderElection24] INFO  server.RaftServerConfigKeys (ConfUtils.java:logGet(43)) - raft.server.watch.timeout.denomination = 1s (default)
2019-10-01 21:08:08,885 [e661b9e5-9005-4795-83ab-67c790a4fd6e@group-A8E9988135DA-LeaderElection24] INFO  server.RaftServerConfigKeys (ConfUtils.java:logGet(43)) - raft.server.watch.element-limit = 65536 (default)
2019-10-01 21:08:08,889 [e661b9e5-9005-4795-83ab-67c790a4fd6e@group-A8E9988135DA-LeaderElection24] INFO  impl.RoleInfo (RoleInfo.java:updateAndGet(143)) - e661b9e5-9005-4795-83ab-67c790a4fd6e: start LeaderState
2019-10-01 21:08:08,922 [dbc555b8-9764-4f6e-9002-a515bdafc4eb@group-0C0BB0EAF733-SegmentedRaftLogWorker] INFO  segmented.SegmentedRaftLogWorker (SegmentedRaftLogWorker.java:execute(574)) - dbc555b8-9764-4f6e-9002-a515bdafc4eb@group-0C0BB0EAF733-SegmentedRaftLogWorker: created new log segment /workdir/hadoop-ozone/integration-test/target/test-dir/MiniOzoneClusterImpl-37790afc-6890-41f5-9aa1-2f370bad822b/datanode-2/data/ratis/4428b5f6-7853-466e-8f1d-0c0bb0eaf733/current/log_inprogress_0
2019-10-01 21:08:08,922 [38ed4df7-2972-4264-9226-bd7ce605656a@group-5BB5F28A794E-LeaderElection25] INFO  impl.LeaderElection (LeaderElection.java:askForVotes(178)) - 38ed4df7-2972-4264-9226-bd7ce605656a@group-5BB5F28A794E-LeaderElection25: begin an election at term 1 for -1: [38ed4df7-2972-4264-9226-bd7ce605656a:192.168.5.177:43975, f2db16a1-f388-443d-a7ae-c224f468f361:192.168.5.177:39337, e661b9e5-9005-4795-83ab-67c790a4fd6e:192.168.5.177:33435], old=null
2019-10-01 21:08:08,922 [e661b9e5-9005-4795-83ab-67c790a4fd6e@group-A8E9988135DA-LeaderElection24] INFO  segmented.SegmentedRaftLogWorker (SegmentedRaftLogWorker.java:startLogSegment(385)) - e661b9e5-9005-4795-83ab-67c790a4fd6e@group-A8E9988135DA-SegmentedRaftLogWorker: Starting segment from index:0
2019-10-01 21:08:08,922 [e661b9e5-9005-4795-83ab-67c790a4fd6e@group-5BB5F28A794E-LeaderElection26] INFO  impl.LeaderElection (LeaderElection.java:askForVotes(178)) - e661b9e5-9005-4795-83ab-67c790a4fd6e@group-5BB5F28A794E-LeaderElection26: begin an election at term 1 for -1: [38ed4df7-2972-4264-9226-bd7ce605656a:192.168.5.177:43975, f2db16a1-f388-443d-a7ae-c224f468f361:192.168.5.177:39337, e661b9e5-9005-4795-83ab-67c790a4fd6e:192.168.5.177:33435], old=null
2019-10-01 21:08:08,922 [f2db16a1-f388-443d-a7ae-c224f468f361@group-44B4A5890101-LeaderElection28] INFO  impl.LeaderElection (LeaderElection.java:askForVotes(178)) - f2db16a1-f388-443d-a7ae-c224f468f361@group-44B4A5890101-LeaderElection28: begin an election at term 1 for -1: [f2db16a1-f388-443d-a7ae-c224f468f361:192.168.5.177:39337], old=null
2019-10-01 21:08:08,922 [f2db16a1-f388-443d-a7ae-c224f468f361@group-5BB5F28A794E-LeaderElection27] INFO  impl.LeaderElection (LeaderElection.java:askForVotes(178)) - f2db16a1-f388-443d-a7ae-c224f468f361@group-5BB5F28A794E-LeaderElection27: begin an election at term 1 for -1: [38ed4df7-2972-4264-9226-bd7ce605656a:192.168.5.177:43975, f2db16a1-f388-443d-a7ae-c224f468f361:192.168.5.177:39337, e661b9e5-9005-4795-83ab-67c790a4fd6e:192.168.5.177:33435], old=null
2019-10-01 21:08:08,923 [f2db16a1-f388-443d-a7ae-c224f468f361@group-44B4A5890101-LeaderElection28] INFO  impl.RoleInfo (RoleInfo.java:shutdownLeaderElection(134)) - f2db16a1-f388-443d-a7ae-c224f468f361: shutdown LeaderElection
2019-10-01 21:08:08,924 [e661b9e5-9005-4795-83ab-67c790a4fd6e@group-A8E9988135DA-LeaderElection24] INFO  impl.RaftServerImpl (ServerState.java:setRaftConf(356)) - e661b9e5-9005-4795-83ab-67c790a4fd6e@group-A8E9988135DA: set configuration 0: [e661b9e5-9005-4795-83ab-67c790a4fd6e:192.168.5.177:33435], old=null at 0
2019-10-01 21:08:08,924 [f2db16a1-f388-443d-a7ae-c224f468f361@group-44B4A5890101-LeaderElection28] INFO  impl.RaftServerImpl (RaftServerImpl.java:setRole(170)) - f2db16a1-f388-443d-a7ae-c224f468f361@group-44B4A5890101: changes role from CANDIDATE to LEADER at term 1 for changeToLeader
2019-10-01 21:08:08,954 [bcd46168-679d-4a79-8dbc-a2d812c19c0f@group-0C0BB0EAF733-SegmentedRaftLogWorker] INFO  segmented.SegmentedRaftLogWorker (SegmentedRaftLogWorker.java:execute(574)) - bcd46168-679d-4a79-8dbc-a2d812c19c0f@group-0C0BB0EAF733-SegmentedRaftLogWorker: created new log segment /workdir/hadoop-ozone/integration-test/target/test-dir/MiniOzoneClusterImpl-37790afc-6890-41f5-9aa1-2f370bad822b/datanode-0/data/ratis/4428b5f6-7853-466e-8f1d-0c0bb0eaf733/current/log_inprogress_0
2019-10-01 21:08:08,954 [f2db16a1-f388-443d-a7ae-c224f468f361@group-44B4A5890101-LeaderElection28] INFO  impl.RaftServerImpl (ServerState.java:setLeader(255)) - f2db16a1-f388-443d-a7ae-c224f468f361@group-44B4A5890101: change Leader from null to f2db16a1-f388-443d-a7ae-c224f468f361 at term 1 for becomeLeader, leader elected after 5327ms
2019-10-01 21:08:08,956 [f2db16a1-f388-443d-a7ae-c224f468f361@group-44B4A5890101-LeaderElection28] INFO  server.RaftServerConfigKeys (ConfUtils.java:logGet(43)) - raft.server.staging.catchup.gap = 1000 (default)
2019-10-01 21:08:08,956 [f2db16a1-f388-443d-a7ae-c224f468f361@group-44B4A5890101-LeaderElection28] INFO  server.RaftServerConfigKeys (ConfUtils.java:logGet(43)) - raft.server.rpc.sleep.time = 25ms (default)
2019-10-01 21:08:08,957 [f2db16a1-f388-443d-a7ae-c224f468f361@group-44B4A5890101-LeaderElection28] INFO  server.RaftServerConfigKeys (ConfUtils.java:logGet(43)) - raft.server.write.element-limit = 4096 (default)
2019-10-01 21:08:08,957 [f2db16a1-f388-443d-a7ae-c224f468f361@group-44B4A5890101-LeaderElection28] INFO  server.RaftServerConfigKeys (ConfUtils.java:logGet(43)) - raft.server.watch.timeout = 10s (default)
2019-10-01 21:08:08,957 [f2db16a1-f388-443d-a7ae-c224f468f361@group-44B4A5890101-LeaderElection28] INFO  server.RaftServerConfigKeys (ConfUtils.java:logGet(43)) - raft.server.watch.timeout.denomination = 1s (default)
2019-10-01 21:08:08,957 [f2db16a1-f388-443d-a7ae-c224f468f361@group-44B4A5890101-LeaderElection28] INFO  server.RaftServerConfigKeys (ConfUtils.java:logGet(43)) - raft.server.watch.element-limit = 65536 (default)
2019-10-01 21:08:08,966 [e661b9e5-9005-4795-83ab-67c790a4fd6e@group-A8E9988135DA-SegmentedRaftLogWorker] INFO  segmented.SegmentedRaftLogWorker (SegmentedRaftLogWorker.java:execute(574)) - e661b9e5-9005-4795-83ab-67c790a4fd6e@group-A8E9988135DA-SegmentedRaftLogWorker: created new log segment /workdir/hadoop-ozone/integration-test/target/test-dir/MiniOzoneClusterImpl-37790afc-6890-41f5-9aa1-2f370bad822b/datanode-5/data/ratis/e0b16da9-4fda-4d87-aee8-a8e9988135da/current/log_inprogress_0
2019-10-01 21:08:08,967 [f2db16a1-f388-443d-a7ae-c224f468f361@group-44B4A5890101-LeaderElection28] INFO  impl.RoleInfo (RoleInfo.java:updateAndGet(143)) - f2db16a1-f388-443d-a7ae-c224f468f361: start LeaderState
2019-10-01 21:08:08,967 [f2db16a1-f388-443d-a7ae-c224f468f361@group-44B4A5890101-LeaderElection28] INFO  segmented.SegmentedRaftLogWorker (SegmentedRaftLogWorker.java:startLogSegment(385)) - f2db16a1-f388-443d-a7ae-c224f468f361@group-44B4A5890101-SegmentedRaftLogWorker: Starting segment from index:0
2019-10-01 21:08:08,974 [f2db16a1-f388-443d-a7ae-c224f468f361@group-44B4A5890101-LeaderElection28] INFO  impl.RaftServerImpl (ServerState.java:setRaftConf(356)) - f2db16a1-f388-443d-a7ae-c224f468f361@group-44B4A5890101: set configuration 0: [f2db16a1-f388-443d-a7ae-c224f468f361:192.168.5.177:39337], old=null at 0
2019-10-01 21:08:09,012 [38ed4df7-2972-4264-9226-bd7ce605656a@group-5BB5F28A794E-LeaderElection25] INFO  impl.LeaderElection (LeaderElection.java:logAndReturn(56)) - 38ed4df7-2972-4264-9226-bd7ce605656a@group-5BB5F28A794E-LeaderElection25: Election REJECTED; received 2 response(s) [38ed4df7-2972-4264-9226-bd7ce605656a<-f2db16a1-f388-443d-a7ae-c224f468f361#0:FAIL-t1, 38ed4df7-2972-4264-9226-bd7ce605656a<-e661b9e5-9005-4795-83ab-67c790a4fd6e#0:FAIL-t1] and 0 exception(s); 38ed4df7-2972-4264-9226-bd7ce605656a@group-5BB5F28A794E:t1, leader=null, voted=38ed4df7-2972-4264-9226-bd7ce605656a, raftlog=38ed4df7-2972-4264-9226-bd7ce605656a@group-5BB5F28A794E-SegmentedRaftLog:OPENED:c-1,f-1,i0, conf=-1: [38ed4df7-2972-4264-9226-bd7ce605656a:192.168.5.177:43975, f2db16a1-f388-443d-a7ae-c224f468f361:192.168.5.177:39337, e661b9e5-9005-4795-83ab-67c790a4fd6e:192.168.5.177:33435], old=null
2019-10-01 21:08:09,012 [38ed4df7-2972-4264-9226-bd7ce605656a@group-5BB5F28A794E-LeaderElection25] INFO  impl.RaftServerImpl (RaftServerImpl.java:setRole(170)) - 38ed4df7-2972-4264-9226-bd7ce605656a@group-5BB5F28A794E: changes role from CANDIDATE to FOLLOWER at term 1 for DISCOVERED_A_NEW_TERM
2019-10-01 21:08:09,012 [38ed4df7-2972-4264-9226-bd7ce605656a@group-5BB5F28A794E-LeaderElection25] INFO  impl.RoleInfo (RoleInfo.java:shutdownLeaderElection(134)) - 38ed4df7-2972-4264-9226-bd7ce605656a: shutdown LeaderElection
2019-10-01 21:08:09,013 [e661b9e5-9005-4795-83ab-67c790a4fd6e@group-5BB5F28A794E-LeaderElection26] INFO  impl.LeaderElection (LeaderElection.java:logAndReturn(56)) - e661b9e5-9005-4795-83ab-67c790a4fd6e@group-5BB5F28A794E-LeaderElection26: Election REJECTED; received 2 response(s) [e661b9e5-9005-4795-83ab-67c790a4fd6e<-38ed4df7-2972-4264-9226-bd7ce605656a#0:FAIL-t1, e661b9e5-9005-4795-83ab-67c790a4fd6e<-f2db16a1-f388-443d-a7ae-c224f468f361#0:FAIL-t1] and 0 exception(s); e661b9e5-9005-4795-83ab-67c790a4fd6e@group-5BB5F28A794E:t1, leader=null, voted=e661b9e5-9005-4795-83ab-67c790a4fd6e, raftlog=e661b9e5-9005-4795-83ab-67c790a4fd6e@group-5BB5F28A794E-SegmentedRaftLog:OPENED:c-1,f-1,i0, conf=-1: [38ed4df7-2972-4264-9226-bd7ce605656a:192.168.5.177:43975, f2db16a1-f388-443d-a7ae-c224f468f361:192.168.5.177:39337, e661b9e5-9005-4795-83ab-67c790a4fd6e:192.168.5.177:33435], old=null
2019-10-01 21:08:09,014 [38ed4df7-2972-4264-9226-bd7ce605656a@group-5BB5F28A794E-LeaderElection25] INFO  impl.RoleInfo (RoleInfo.java:updateAndGet(143)) - 38ed4df7-2972-4264-9226-bd7ce605656a: start FollowerState
2019-10-01 21:08:09,014 [e661b9e5-9005-4795-83ab-67c790a4fd6e@group-5BB5F28A794E-LeaderElection26] INFO  impl.RaftServerImpl (RaftServerImpl.java:setRole(170)) - e661b9e5-9005-4795-83ab-67c790a4fd6e@group-5BB5F28A794E: changes role from CANDIDATE to FOLLOWER at term 1 for DISCOVERED_A_NEW_TERM
2019-10-01 21:08:09,016 [e661b9e5-9005-4795-83ab-67c790a4fd6e@group-5BB5F28A794E-LeaderElection26] INFO  impl.RoleInfo (RoleInfo.java:shutdownLeaderElection(134)) - e661b9e5-9005-4795-83ab-67c790a4fd6e: shutdown LeaderElection
2019-10-01 21:08:09,016 [e661b9e5-9005-4795-83ab-67c790a4fd6e@group-5BB5F28A794E-LeaderElection26] INFO  impl.RoleInfo (RoleInfo.java:updateAndGet(143)) - e661b9e5-9005-4795-83ab-67c790a4fd6e: start FollowerState
2019-10-01 21:08:09,016 [f2db16a1-f388-443d-a7ae-c224f468f361@group-44B4A5890101-SegmentedRaftLogWorker] INFO  segmented.SegmentedRaftLogWorker (SegmentedRaftLogWorker.java:execute(574)) - f2db16a1-f388-443d-a7ae-c224f468f361@group-44B4A5890101-SegmentedRaftLogWorker: created new log segment /workdir/hadoop-ozone/integration-test/target/test-dir/MiniOzoneClusterImpl-37790afc-6890-41f5-9aa1-2f370bad822b/datanode-4/data/ratis/589579ec-0c57-4865-855a-44b4a5890101/current/log_inprogress_0
2019-10-01 21:08:09,017 [f2db16a1-f388-443d-a7ae-c224f468f361@group-5BB5F28A794E-LeaderElection27] INFO  impl.LeaderElection (LeaderElection.java:logAndReturn(56)) - f2db16a1-f388-443d-a7ae-c224f468f361@group-5BB5F28A794E-LeaderElection27: Election REJECTED; received 2 response(s) [f2db16a1-f388-443d-a7ae-c224f468f361<-38ed4df7-2972-4264-9226-bd7ce605656a#0:FAIL-t1, f2db16a1-f388-443d-a7ae-c224f468f361<-e661b9e5-9005-4795-83ab-67c790a4fd6e#0:FAIL-t1] and 0 exception(s); f2db16a1-f388-443d-a7ae-c224f468f361@group-5BB5F28A794E:t1, leader=null, voted=f2db16a1-f388-443d-a7ae-c224f468f361, raftlog=f2db16a1-f388-443d-a7ae-c224f468f361@group-5BB5F28A794E-SegmentedRaftLog:OPENED:c-1,f-1,i0, conf=-1: [38ed4df7-2972-4264-9226-bd7ce605656a:192.168.5.177:43975, f2db16a1-f388-443d-a7ae-c224f468f361:192.168.5.177:39337, e661b9e5-9005-4795-83ab-67c790a4fd6e:192.168.5.177:33435], old=null
2019-10-01 21:08:09,017 [f2db16a1-f388-443d-a7ae-c224f468f361@group-5BB5F28A794E-LeaderElection27] INFO  impl.RaftServerImpl (RaftServerImpl.java:setRole(170)) - f2db16a1-f388-443d-a7ae-c224f468f361@group-5BB5F28A794E: changes role from CANDIDATE to FOLLOWER at term 1 for DISCOVERED_A_NEW_TERM
2019-10-01 21:08:09,017 [f2db16a1-f388-443d-a7ae-c224f468f361@group-5BB5F28A794E-LeaderElection27] INFO  impl.RoleInfo (RoleInfo.java:shutdownLeaderElection(134)) - f2db16a1-f388-443d-a7ae-c224f468f361: shutdown LeaderElection
2019-10-01 21:08:09,017 [f2db16a1-f388-443d-a7ae-c224f468f361@group-5BB5F28A794E-LeaderElection27] INFO  impl.RoleInfo (RoleInfo.java:updateAndGet(143)) - f2db16a1-f388-443d-a7ae-c224f468f361: start FollowerState
2019-10-01 21:08:09,311 [RatisApplyTransactionExecutor 1] ERROR ratis.ContainerStateMachine (ContainerStateMachine.java:lambda$applyTransaction$6(721)) - gid group-0C0BB0EAF733 : ApplyTransaction failed. cmd CreateContainer logIndex 7 exception {}
java.lang.IllegalArgumentException
	at com.google.common.base.Preconditions.checkArgument(Preconditions.java:72)
	at org.apache.hadoop.ozone.container.keyvalue.KeyValueHandler.handleCreateContainer(KeyValueHandler.java:215)
	at org.apache.hadoop.ozone.container.keyvalue.KeyValueHandler.handle(KeyValueHandler.java:152)
	at org.apache.hadoop.ozone.container.common.impl.HddsDispatcher.dispatchRequest(HddsDispatcher.java:275)
	at org.apache.hadoop.ozone.container.common.impl.HddsDispatcher.dispatch(HddsDispatcher.java:150)
	at org.apache.hadoop.ozone.container.common.transport.server.ratis.ContainerStateMachine.dispatchCommand(ContainerStateMachine.java:401)
	at org.apache.hadoop.ozone.container.common.transport.server.ratis.ContainerStateMachine.runCommand(ContainerStateMachine.java:409)
	at org.apache.hadoop.ozone.container.common.transport.server.ratis.ContainerStateMachine.lambda$applyTransaction$6(ContainerStateMachine.java:719)
	at java.util.concurrent.CompletableFuture$AsyncSupply.run(CompletableFuture.java:1590)
	at java.util.concurrent.ThreadPoolExecutor.runWorker(ThreadPoolExecutor.java:1149)
	at java.util.concurrent.ThreadPoolExecutor$Worker.run(ThreadPoolExecutor.java:624)
	at java.lang.Thread.run(Thread.java:748)
2019-10-01 21:08:09,312 [RatisApplyTransactionExecutor 1] ERROR ratis.ContainerStateMachine (ContainerStateMachine.java:lambda$applyTransaction$6(721)) - gid group-0C0BB0EAF733 : ApplyTransaction failed. cmd CreateContainer logIndex 7 exception {}
java.lang.IllegalArgumentException
	at com.google.common.base.Preconditions.checkArgument(Preconditions.java:72)
	at org.apache.hadoop.ozone.container.keyvalue.KeyValueHandler.handleCreateContainer(KeyValueHandler.java:215)
	at org.apache.hadoop.ozone.container.keyvalue.KeyValueHandler.handle(KeyValueHandler.java:152)
	at org.apache.hadoop.ozone.container.common.impl.HddsDispatcher.dispatchRequest(HddsDispatcher.java:275)
	at org.apache.hadoop.ozone.container.common.impl.HddsDispatcher.dispatch(HddsDispatcher.java:150)
	at org.apache.hadoop.ozone.container.common.transport.server.ratis.ContainerStateMachine.dispatchCommand(ContainerStateMachine.java:401)
	at org.apache.hadoop.ozone.container.common.transport.server.ratis.ContainerStateMachine.runCommand(ContainerStateMachine.java:409)
	at org.apache.hadoop.ozone.container.common.transport.server.ratis.ContainerStateMachine.lambda$applyTransaction$6(ContainerStateMachine.java:719)
	at java.util.concurrent.CompletableFuture$AsyncSupply.run(CompletableFuture.java:1590)
	at java.util.concurrent.ThreadPoolExecutor.runWorker(ThreadPoolExecutor.java:1149)
	at java.util.concurrent.ThreadPoolExecutor$Worker.run(ThreadPoolExecutor.java:624)
	at java.lang.Thread.run(Thread.java:748)
2019-10-01 21:08:09,317 [RatisApplyTransactionExecutor 1] ERROR ratis.ContainerStateMachine (ContainerStateMachine.java:lambda$applyTransaction$6(721)) - gid group-0C0BB0EAF733 : ApplyTransaction failed. cmd CreateContainer logIndex 7 exception {}
java.lang.IllegalArgumentException
	at com.google.common.base.Preconditions.checkArgument(Preconditions.java:72)
	at org.apache.hadoop.ozone.container.keyvalue.KeyValueHandler.handleCreateContainer(KeyValueHandler.java:215)
	at org.apache.hadoop.ozone.container.keyvalue.KeyValueHandler.handle(KeyValueHandler.java:152)
	at org.apache.hadoop.ozone.container.common.impl.HddsDispatcher.dispatchRequest(HddsDispatcher.java:275)
	at org.apache.hadoop.ozone.container.common.impl.HddsDispatcher.dispatch(HddsDispatcher.java:150)
	at org.apache.hadoop.ozone.container.common.transport.server.ratis.ContainerStateMachine.dispatchCommand(ContainerStateMachine.java:401)
	at org.apache.hadoop.ozone.container.common.transport.server.ratis.ContainerStateMachine.runCommand(ContainerStateMachine.java:409)
	at org.apache.hadoop.ozone.container.common.transport.server.ratis.ContainerStateMachine.lambda$applyTransaction$6(ContainerStateMachine.java:719)
	at java.util.concurrent.CompletableFuture$AsyncSupply.run(CompletableFuture.java:1590)
	at java.util.concurrent.ThreadPoolExecutor.runWorker(ThreadPoolExecutor.java:1149)
	at java.util.concurrent.ThreadPoolExecutor$Worker.run(ThreadPoolExecutor.java:624)
	at java.lang.Thread.run(Thread.java:748)
2019-10-01 21:08:14,049 [Thread-821] INFO  impl.FollowerState (FollowerState.java:run(108)) - e661b9e5-9005-4795-83ab-67c790a4fd6e@group-5BB5F28A794E-FollowerState: change to CANDIDATE, lastRpcTime:5033ms, electionTimeout:5033ms
2019-10-01 21:08:14,050 [Thread-821] INFO  impl.RoleInfo (RoleInfo.java:shutdownFollowerState(121)) - e661b9e5-9005-4795-83ab-67c790a4fd6e: shutdown FollowerState
2019-10-01 21:08:14,050 [Thread-821] INFO  impl.RaftServerImpl (RaftServerImpl.java:setRole(170)) - e661b9e5-9005-4795-83ab-67c790a4fd6e@group-5BB5F28A794E: changes role from  FOLLOWER to CANDIDATE at term 1 for changeToCandidate
2019-10-01 21:08:14,050 [Thread-821] INFO  impl.RoleInfo (RoleInfo.java:updateAndGet(143)) - e661b9e5-9005-4795-83ab-67c790a4fd6e: start LeaderElection
2019-10-01 21:08:14,068 [e661b9e5-9005-4795-83ab-67c790a4fd6e@group-5BB5F28A794E-LeaderElection29] INFO  impl.LeaderElection (LeaderElection.java:askForVotes(178)) - e661b9e5-9005-4795-83ab-67c790a4fd6e@group-5BB5F28A794E-LeaderElection29: begin an election at term 2 for -1: [38ed4df7-2972-4264-9226-bd7ce605656a:192.168.5.177:43975, f2db16a1-f388-443d-a7ae-c224f468f361:192.168.5.177:39337, e661b9e5-9005-4795-83ab-67c790a4fd6e:192.168.5.177:33435], old=null
2019-10-01 21:08:14,071 [grpc-default-executor-0] INFO  impl.RaftServerImpl (RaftServerImpl.java:setRole(170)) - 38ed4df7-2972-4264-9226-bd7ce605656a@group-5BB5F28A794E: changes role from  FOLLOWER to FOLLOWER at term 2 for recognizeCandidate:e661b9e5-9005-4795-83ab-67c790a4fd6e
2019-10-01 21:08:14,071 [grpc-default-executor-5] INFO  impl.RaftServerImpl (RaftServerImpl.java:setRole(170)) - f2db16a1-f388-443d-a7ae-c224f468f361@group-5BB5F28A794E: changes role from  FOLLOWER to FOLLOWER at term 2 for recognizeCandidate:e661b9e5-9005-4795-83ab-67c790a4fd6e
2019-10-01 21:08:14,071 [grpc-default-executor-0] INFO  impl.RoleInfo (RoleInfo.java:shutdownFollowerState(121)) - 38ed4df7-2972-4264-9226-bd7ce605656a: shutdown FollowerState
2019-10-01 21:08:14,071 [grpc-default-executor-5] INFO  impl.RoleInfo (RoleInfo.java:shutdownFollowerState(121)) - f2db16a1-f388-443d-a7ae-c224f468f361: shutdown FollowerState
2019-10-01 21:08:14,071 [Thread-820] INFO  impl.FollowerState (FollowerState.java:run(117)) - 38ed4df7-2972-4264-9226-bd7ce605656a@group-5BB5F28A794E-FollowerState was interrupted: java.lang.InterruptedException: sleep interrupted
2019-10-01 21:08:14,071 [grpc-default-executor-5] INFO  impl.RoleInfo (RoleInfo.java:updateAndGet(143)) - f2db16a1-f388-443d-a7ae-c224f468f361: start FollowerState
2019-10-01 21:08:14,071 [grpc-default-executor-0] INFO  impl.RoleInfo (RoleInfo.java:updateAndGet(143)) - 38ed4df7-2972-4264-9226-bd7ce605656a: start FollowerState
2019-10-01 21:08:14,071 [Thread-823] INFO  impl.FollowerState (FollowerState.java:run(117)) - f2db16a1-f388-443d-a7ae-c224f468f361@group-5BB5F28A794E-FollowerState was interrupted: java.lang.InterruptedException: sleep interrupted
2019-10-01 21:08:14,090 [e661b9e5-9005-4795-83ab-67c790a4fd6e@group-5BB5F28A794E-LeaderElection29] INFO  impl.LeaderElection (LeaderElection.java:logAndReturn(56)) - e661b9e5-9005-4795-83ab-67c790a4fd6e@group-5BB5F28A794E-LeaderElection29: Election PASSED; received 1 response(s) [e661b9e5-9005-4795-83ab-67c790a4fd6e<-38ed4df7-2972-4264-9226-bd7ce605656a#0:OK-t2] and 0 exception(s); e661b9e5-9005-4795-83ab-67c790a4fd6e@group-5BB5F28A794E:t2, leader=null, voted=e661b9e5-9005-4795-83ab-67c790a4fd6e, raftlog=e661b9e5-9005-4795-83ab-67c790a4fd6e@group-5BB5F28A794E-SegmentedRaftLog:OPENED:c-1,f-1,i0, conf=-1: [38ed4df7-2972-4264-9226-bd7ce605656a:192.168.5.177:43975, f2db16a1-f388-443d-a7ae-c224f468f361:192.168.5.177:39337, e661b9e5-9005-4795-83ab-67c790a4fd6e:192.168.5.177:33435], old=null
2019-10-01 21:08:14,090 [e661b9e5-9005-4795-83ab-67c790a4fd6e@group-5BB5F28A794E-LeaderElection29] INFO  impl.RoleInfo (RoleInfo.java:shutdownLeaderElection(134)) - e661b9e5-9005-4795-83ab-67c790a4fd6e: shutdown LeaderElection
2019-10-01 21:08:14,091 [e661b9e5-9005-4795-83ab-67c790a4fd6e@group-5BB5F28A794E-LeaderElection29] INFO  impl.RaftServerImpl (RaftServerImpl.java:setRole(170)) - e661b9e5-9005-4795-83ab-67c790a4fd6e@group-5BB5F28A794E: changes role from CANDIDATE to LEADER at term 2 for changeToLeader
2019-10-01 21:08:14,091 [e661b9e5-9005-4795-83ab-67c790a4fd6e@group-5BB5F28A794E-LeaderElection29] INFO  impl.RaftServerImpl (ServerState.java:setLeader(255)) - e661b9e5-9005-4795-83ab-67c790a4fd6e@group-5BB5F28A794E: change Leader from null to e661b9e5-9005-4795-83ab-67c790a4fd6e at term 2 for becomeLeader, leader elected after 10372ms
2019-10-01 21:08:14,091 [e661b9e5-9005-4795-83ab-67c790a4fd6e@group-5BB5F28A794E-LeaderElection29] INFO  server.RaftServerConfigKeys (ConfUtils.java:logGet(43)) - raft.server.staging.catchup.gap = 1000 (default)
2019-10-01 21:08:14,091 [e661b9e5-9005-4795-83ab-67c790a4fd6e@group-5BB5F28A794E-LeaderElection29] INFO  server.RaftServerConfigKeys (ConfUtils.java:logGet(43)) - raft.server.rpc.sleep.time = 25ms (default)
2019-10-01 21:08:14,091 [e661b9e5-9005-4795-83ab-67c790a4fd6e@group-5BB5F28A794E-LeaderElection29] INFO  server.RaftServerConfigKeys (ConfUtils.java:logGet(43)) - raft.server.write.element-limit = 4096 (default)
2019-10-01 21:08:14,091 [e661b9e5-9005-4795-83ab-67c790a4fd6e@group-5BB5F28A794E-LeaderElection29] INFO  server.RaftServerConfigKeys (ConfUtils.java:logGet(43)) - raft.server.watch.timeout = 10s (default)
2019-10-01 21:08:14,091 [e661b9e5-9005-4795-83ab-67c790a4fd6e@group-5BB5F28A794E-LeaderElection29] INFO  server.RaftServerConfigKeys (ConfUtils.java:logGet(43)) - raft.server.watch.timeout.denomination = 1s (default)
2019-10-01 21:08:14,091 [e661b9e5-9005-4795-83ab-67c790a4fd6e@group-5BB5F28A794E-LeaderElection29] INFO  server.RaftServerConfigKeys (ConfUtils.java:logGet(43)) - raft.server.watch.element-limit = 65536 (default)
2019-10-01 21:08:14,093 [e661b9e5-9005-4795-83ab-67c790a4fd6e@group-5BB5F28A794E-LeaderElection29] INFO  server.RaftServerConfigKeys (ConfUtils.java:logGet(43)) - raft.server.log.appender.snapshot.chunk.size.max = 16MB (=16777216) (default)
2019-10-01 21:08:14,093 [e661b9e5-9005-4795-83ab-67c790a4fd6e@group-5BB5F28A794E-LeaderElection29] INFO  server.RaftServerConfigKeys (ConfUtils.java:logGet(43)) - raft.server.log.appender.buffer.byte-limit = 33554432 (custom)
2019-10-01 21:08:14,093 [e661b9e5-9005-4795-83ab-67c790a4fd6e@group-5BB5F28A794E-LeaderElection29] INFO  server.RaftServerConfigKeys (ConfUtils.java:logGet(43)) - raft.server.log.appender.buffer.element-limit = 1 (custom)
2019-10-01 21:08:14,093 [e661b9e5-9005-4795-83ab-67c790a4fd6e@group-5BB5F28A794E-LeaderElection29] INFO  grpc.GrpcConfigKeys$Server (ConfUtils.java:logGet(43)) - raft.grpc.server.leader.outstanding.appends.max = 128 (default)
2019-10-01 21:08:14,094 [e661b9e5-9005-4795-83ab-67c790a4fd6e@group-5BB5F28A794E-LeaderElection29] INFO  server.RaftServerConfigKeys (ConfUtils.java:logGet(43)) - raft.server.rpc.request.timeout = 3000ms (default)
2019-10-01 21:08:14,094 [e661b9e5-9005-4795-83ab-67c790a4fd6e@group-5BB5F28A794E-LeaderElection29] INFO  server.RaftServerConfigKeys (ConfUtils.java:logGet(43)) - raft.server.log.appender.install.snapshot.enabled = false (custom)
2019-10-01 21:08:14,094 [e661b9e5-9005-4795-83ab-67c790a4fd6e@group-5BB5F28A794E-LeaderElection29] INFO  server.RaftServerConfigKeys (ConfUtils.java:logGet(43)) - raft.server.log.appender.snapshot.chunk.size.max = 16MB (=16777216) (default)
2019-10-01 21:08:14,094 [e661b9e5-9005-4795-83ab-67c790a4fd6e@group-5BB5F28A794E-LeaderElection29] INFO  server.RaftServerConfigKeys (ConfUtils.java:logGet(43)) - raft.server.log.appender.buffer.byte-limit = 33554432 (custom)
2019-10-01 21:08:14,094 [e661b9e5-9005-4795-83ab-67c790a4fd6e@group-5BB5F28A794E-LeaderElection29] INFO  server.RaftServerConfigKeys (ConfUtils.java:logGet(43)) - raft.server.log.appender.buffer.element-limit = 1 (custom)
2019-10-01 21:08:14,094 [e661b9e5-9005-4795-83ab-67c790a4fd6e@group-5BB5F28A794E-LeaderElection29] INFO  grpc.GrpcConfigKeys$Server (ConfUtils.java:logGet(43)) - raft.grpc.server.leader.outstanding.appends.max = 128 (default)
2019-10-01 21:08:14,094 [e661b9e5-9005-4795-83ab-67c790a4fd6e@group-5BB5F28A794E-LeaderElection29] INFO  server.RaftServerConfigKeys (ConfUtils.java:logGet(43)) - raft.server.rpc.request.timeout = 3000ms (default)
2019-10-01 21:08:14,095 [e661b9e5-9005-4795-83ab-67c790a4fd6e@group-5BB5F28A794E-LeaderElection29] INFO  server.RaftServerConfigKeys (ConfUtils.java:logGet(43)) - raft.server.log.appender.install.snapshot.enabled = false (custom)
2019-10-01 21:08:14,095 [e661b9e5-9005-4795-83ab-67c790a4fd6e@group-5BB5F28A794E-LeaderElection29] INFO  impl.RoleInfo (RoleInfo.java:updateAndGet(143)) - e661b9e5-9005-4795-83ab-67c790a4fd6e: start LeaderState
2019-10-01 21:08:14,095 [e661b9e5-9005-4795-83ab-67c790a4fd6e@group-5BB5F28A794E-LeaderElection29] INFO  segmented.SegmentedRaftLogWorker (SegmentedRaftLogWorker.java:startLogSegment(385)) - e661b9e5-9005-4795-83ab-67c790a4fd6e@group-5BB5F28A794E-SegmentedRaftLogWorker: Starting segment from index:0
2019-10-01 21:08:14,096 [e661b9e5-9005-4795-83ab-67c790a4fd6e@group-5BB5F28A794E-LeaderElection29] INFO  impl.RaftServerImpl (ServerState.java:setRaftConf(356)) - e661b9e5-9005-4795-83ab-67c790a4fd6e@group-5BB5F28A794E: set configuration 0: [38ed4df7-2972-4264-9226-bd7ce605656a:192.168.5.177:43975, f2db16a1-f388-443d-a7ae-c224f468f361:192.168.5.177:39337, e661b9e5-9005-4795-83ab-67c790a4fd6e:192.168.5.177:33435], old=null at 0
2019-10-01 21:08:14,098 [grpc-default-executor-5] INFO  impl.RaftServerImpl (ServerState.java:setLeader(255)) - 38ed4df7-2972-4264-9226-bd7ce605656a@group-5BB5F28A794E: change Leader from null to e661b9e5-9005-4795-83ab-67c790a4fd6e at term 2 for appendEntries, leader elected after 10379ms
2019-10-01 21:08:14,132 [grpc-default-executor-0] INFO  impl.RaftServerImpl (ServerState.java:setLeader(255)) - f2db16a1-f388-443d-a7ae-c224f468f361@group-5BB5F28A794E: change Leader from null to e661b9e5-9005-4795-83ab-67c790a4fd6e at term 2 for appendEntries, leader elected after 10414ms
2019-10-01 21:08:14,135 [grpc-default-executor-0] INFO  impl.RaftServerImpl (ServerState.java:setRaftConf(356)) - f2db16a1-f388-443d-a7ae-c224f468f361@group-5BB5F28A794E: set configuration 0: [38ed4df7-2972-4264-9226-bd7ce605656a:192.168.5.177:43975, f2db16a1-f388-443d-a7ae-c224f468f361:192.168.5.177:39337, e661b9e5-9005-4795-83ab-67c790a4fd6e:192.168.5.177:33435], old=null at 0
2019-10-01 21:08:14,135 [grpc-default-executor-5] INFO  impl.RaftServerImpl (ServerState.java:setRaftConf(356)) - 38ed4df7-2972-4264-9226-bd7ce605656a@group-5BB5F28A794E: set configuration 0: [38ed4df7-2972-4264-9226-bd7ce605656a:192.168.5.177:43975, f2db16a1-f388-443d-a7ae-c224f468f361:192.168.5.177:39337, e661b9e5-9005-4795-83ab-67c790a4fd6e:192.168.5.177:33435], old=null at 0
2019-10-01 21:08:14,135 [grpc-default-executor-0] INFO  segmented.SegmentedRaftLogWorker (SegmentedRaftLogWorker.java:startLogSegment(385)) - f2db16a1-f388-443d-a7ae-c224f468f361@group-5BB5F28A794E-SegmentedRaftLogWorker: Starting segment from index:0
2019-10-01 21:08:14,136 [grpc-default-executor-5] INFO  segmented.SegmentedRaftLogWorker (SegmentedRaftLogWorker.java:startLogSegment(385)) - 38ed4df7-2972-4264-9226-bd7ce605656a@group-5BB5F28A794E-SegmentedRaftLogWorker: Starting segment from index:0
2019-10-01 21:08:14,144 [e661b9e5-9005-4795-83ab-67c790a4fd6e@group-5BB5F28A794E-SegmentedRaftLogWorker] INFO  segmented.SegmentedRaftLogWorker (SegmentedRaftLogWorker.java:execute(574)) - e661b9e5-9005-4795-83ab-67c790a4fd6e@group-5BB5F28A794E-SegmentedRaftLogWorker: created new log segment /workdir/hadoop-ozone/integration-test/target/test-dir/MiniOzoneClusterImpl-37790afc-6890-41f5-9aa1-2f370bad822b/datanode-5/data/ratis/e06d7d2c-87a0-47e0-800b-5bb5f28a794e/current/log_inprogress_0
2019-10-01 21:08:14,173 [f2db16a1-f388-443d-a7ae-c224f468f361@group-5BB5F28A794E-SegmentedRaftLogWorker] INFO  segmented.SegmentedRaftLogWorker (SegmentedRaftLogWorker.java:execute(574)) - f2db16a1-f388-443d-a7ae-c224f468f361@group-5BB5F28A794E-SegmentedRaftLogWorker: created new log segment /workdir/hadoop-ozone/integration-test/target/test-dir/MiniOzoneClusterImpl-37790afc-6890-41f5-9aa1-2f370bad822b/datanode-4/data/ratis/e06d7d2c-87a0-47e0-800b-5bb5f28a794e/current/log_inprogress_0
2019-10-01 21:08:14,173 [38ed4df7-2972-4264-9226-bd7ce605656a@group-5BB5F28A794E-SegmentedRaftLogWorker] INFO  segmented.SegmentedRaftLogWorker (SegmentedRaftLogWorker.java:execute(574)) - 38ed4df7-2972-4264-9226-bd7ce605656a@group-5BB5F28A794E-SegmentedRaftLogWorker: created new log segment /workdir/hadoop-ozone/integration-test/target/test-dir/MiniOzoneClusterImpl-37790afc-6890-41f5-9aa1-2f370bad822b/datanode-3/data/ratis/e06d7d2c-87a0-47e0-800b-5bb5f28a794e/current/log_inprogress_0
2019-10-01 21:09:41,467 [main] INFO  ozone.MiniOzoneClusterImpl (MiniOzoneClusterImpl.java:shutdown(314)) - Shutting down the Mini Ozone Cluster
2019-10-01 21:09:41,468 [main] INFO  ozone.MiniOzoneClusterImpl (MiniOzoneClusterImpl.java:stop(330)) - Stopping the Mini Ozone Cluster
2019-10-01 21:09:41,469 [main] INFO  ozone.MiniOzoneClusterImpl (MiniOzoneClusterImpl.java:stopOM(400)) - Stopping the OzoneManager
2019-10-01 21:09:41,469 [main] INFO  ipc.Server (Server.java:stop(3082)) - Stopping server on 34047
2019-10-01 21:09:41,482 [main] INFO  ratis.OzoneManagerDoubleBuffer (OzoneManagerDoubleBuffer.java:stop(248)) - Stopping OMDoubleBuffer flush thread
2019-10-01 21:09:41,488 [IPC Server listener on 34047] INFO  ipc.Server (Server.java:run(1185)) - Stopping IPC Server listener on 34047
2019-10-01 21:09:41,488 [IPC Server Responder] INFO  ipc.Server (Server.java:run(1319)) - Stopping IPC Server Responder
2019-10-01 21:09:41,500 [OMDoubleBufferFlushThread] INFO  ratis.OzoneManagerDoubleBuffer (OzoneManagerDoubleBuffer.java:flushTransactions(191)) - OMDoubleBuffer flush thread OMDoubleBufferFlushThread is interrupted and will exit. OMDoubleBufferFlushThread
2019-10-01 21:09:41,520 [main] INFO  utils.BackgroundService (BackgroundService.java:shutdown(148)) - Shutting down service KeyDeletingService
2019-10-01 21:09:41,522 [main] INFO  handler.ContextHandler (ContextHandler.java:doStop(910)) - Stopped o.e.j.w.WebAppContext@6d091cad{/,null,UNAVAILABLE}{/ozoneManager}
2019-10-01 21:09:41,524 [main] INFO  server.AbstractConnector (AbstractConnector.java:doStop(318)) - Stopped ServerConnector@7c663eaf{HTTP/1.1,[http/1.1]}{0.0.0.0:0}
2019-10-01 21:09:41,524 [main] INFO  handler.ContextHandler (ContextHandler.java:doStop(910)) - Stopped o.e.j.s.ServletContextHandler@1e977098{/static,file:///workdir/hadoop-ozone/integration-test/target/test-classes/webapps/static,UNAVAILABLE}
2019-10-01 21:09:41,525 [main] INFO  handler.ContextHandler (ContextHandler.java:doStop(910)) - Stopped o.e.j.s.ServletContextHandler@708eb310{/logs,file:///workdir/hadoop-ozone/integration-test/target/log,UNAVAILABLE}
2019-10-01 21:09:41,529 [main] INFO  ozone.MiniOzoneClusterImpl (MiniOzoneClusterImpl.java:stopDatanodes(377)) - Stopping the HddsDatanodes
2019-10-01 21:09:41,597 [Datanode State Machine Thread - 0] INFO  statemachine.DatanodeStateMachine (DatanodeStateMachine.java:lambda$startDaemon$0(350)) - Ozone container server started.
2019-10-01 21:09:42,324 [Datanode State Machine Thread - 0] INFO  statemachine.DatanodeStateMachine (DatanodeStateMachine.java:lambda$startDaemon$0(350)) - Ozone container server started.
2019-10-01 21:09:46,531 [ForkJoinPool.commonPool-worker-0] INFO  ozoneimpl.OzoneContainer (OzoneContainer.java:stop(231)) - Attempting to stop container services.
2019-10-01 21:09:46,531 [main] INFO  ozoneimpl.OzoneContainer (OzoneContainer.java:stop(231)) - Attempting to stop container services.
2019-10-01 21:09:46,534 [ForkJoinPool.commonPool-worker-0] INFO  impl.RaftServerProxy (RaftServerProxy.java:lambda$close$4(314)) - bb36cdf8-c471-492b-b357-37f3d92a881f: close
2019-10-01 21:09:46,534 [main] INFO  impl.RaftServerProxy (RaftServerProxy.java:lambda$close$4(314)) - f2db16a1-f388-443d-a7ae-c224f468f361: close
2019-10-01 21:09:46,535 [ForkJoinPool.commonPool-worker-0] INFO  impl.RaftServerImpl (RaftServerImpl.java:lambda$shutdown$3(247)) - bb36cdf8-c471-492b-b357-37f3d92a881f@group-7D974FAA4E34: shutdown
2019-10-01 21:09:46,535 [main] INFO  impl.RaftServerImpl (RaftServerImpl.java:lambda$shutdown$3(247)) - f2db16a1-f388-443d-a7ae-c224f468f361@group-5BB5F28A794E: shutdown
2019-10-01 21:09:46,535 [ForkJoinPool.commonPool-worker-0] INFO  util.JmxRegister (JmxRegister.java:unregister(73)) - Successfully un-registered JMX Bean with object name Ratis:service=RaftServer,group=group-7D974FAA4E34,id=bb36cdf8-c471-492b-b357-37f3d92a881f
2019-10-01 21:09:46,536 [main] INFO  util.JmxRegister (JmxRegister.java:unregister(73)) - Successfully un-registered JMX Bean with object name Ratis:service=RaftServer,group=group-5BB5F28A794E,id=f2db16a1-f388-443d-a7ae-c224f468f361
2019-10-01 21:09:46,536 [ForkJoinPool.commonPool-worker-0] INFO  impl.RoleInfo (RoleInfo.java:shutdownLeaderState(104)) - bb36cdf8-c471-492b-b357-37f3d92a881f: shutdown LeaderState
2019-10-01 21:09:46,536 [main] INFO  impl.RoleInfo (RoleInfo.java:shutdownFollowerState(121)) - f2db16a1-f388-443d-a7ae-c224f468f361: shutdown FollowerState
2019-10-01 21:09:46,537 [ForkJoinPool.commonPool-worker-0] INFO  impl.PendingRequests (PendingRequests.java:sendNotLeaderResponses(202)) - bb36cdf8-c471-492b-b357-37f3d92a881f@group-7D974FAA4E34-PendingRequests: sendNotLeaderResponses
2019-10-01 21:09:46,537 [Thread-876] INFO  impl.FollowerState (FollowerState.java:run(117)) - f2db16a1-f388-443d-a7ae-c224f468f361@group-5BB5F28A794E-FollowerState was interrupted: java.lang.InterruptedException: sleep interrupted
2019-10-01 21:09:46,537 [main] INFO  impl.StateMachineUpdater (StateMachineUpdater.java:stopAndJoin(136)) - f2db16a1-f388-443d-a7ae-c224f468f361@group-5BB5F28A794E-StateMachineUpdater: set stopIndex = 0
2019-10-01 21:09:46,541 [ForkJoinPool.commonPool-worker-0] INFO  impl.StateMachineUpdater (StateMachineUpdater.java:stopAndJoin(136)) - bb36cdf8-c471-492b-b357-37f3d92a881f@group-7D974FAA4E34-StateMachineUpdater: set stopIndex = 0
2019-10-01 21:09:46,542 [main] INFO  impl.RaftServerImpl (ServerState.java:close(387)) - f2db16a1-f388-443d-a7ae-c224f468f361@group-5BB5F28A794E: closes. applyIndex: 0
2019-10-01 21:09:46,542 [ForkJoinPool.commonPool-worker-0] INFO  impl.RaftServerImpl (ServerState.java:close(387)) - bb36cdf8-c471-492b-b357-37f3d92a881f@group-7D974FAA4E34: closes. applyIndex: 0
2019-10-01 21:09:46,543 [bb36cdf8-c471-492b-b357-37f3d92a881f@group-7D974FAA4E34-SegmentedRaftLogWorker] INFO  segmented.SegmentedRaftLogWorker (SegmentedRaftLogWorker.java:run(316)) - bb36cdf8-c471-492b-b357-37f3d92a881f@group-7D974FAA4E34-SegmentedRaftLogWorker was interrupted, exiting. There are 0 tasks remaining in the queue.
2019-10-01 21:09:46,543 [f2db16a1-f388-443d-a7ae-c224f468f361@group-5BB5F28A794E-SegmentedRaftLogWorker] INFO  segmented.SegmentedRaftLogWorker (SegmentedRaftLogWorker.java:run(316)) - f2db16a1-f388-443d-a7ae-c224f468f361@group-5BB5F28A794E-SegmentedRaftLogWorker was interrupted, exiting. There are 0 tasks remaining in the queue.
2019-10-01 21:09:46,548 [main] INFO  segmented.SegmentedRaftLogWorker (SegmentedRaftLogWorker.java:close(224)) - f2db16a1-f388-443d-a7ae-c224f468f361@group-5BB5F28A794E-SegmentedRaftLogWorker close()
2019-10-01 21:09:46,548 [ForkJoinPool.commonPool-worker-0] INFO  segmented.SegmentedRaftLogWorker (SegmentedRaftLogWorker.java:close(224)) - bb36cdf8-c471-492b-b357-37f3d92a881f@group-7D974FAA4E34-SegmentedRaftLogWorker close()
2019-10-01 21:09:46,553 [main] INFO  impl.RaftServerImpl (RaftServerImpl.java:lambda$shutdown$3(247)) - f2db16a1-f388-443d-a7ae-c224f468f361@group-44B4A5890101: shutdown
2019-10-01 21:09:46,557 [ForkJoinPool.commonPool-worker-0] INFO  impl.RaftServerImpl (RaftServerImpl.java:lambda$shutdown$3(247)) - bb36cdf8-c471-492b-b357-37f3d92a881f@group-0C0BB0EAF733: shutdown
2019-10-01 21:09:46,557 [main] INFO  util.JmxRegister (JmxRegister.java:unregister(73)) - Successfully un-registered JMX Bean with object name Ratis:service=RaftServer,group=group-44B4A5890101,id=f2db16a1-f388-443d-a7ae-c224f468f361
2019-10-01 21:09:46,557 [main] INFO  impl.RoleInfo (RoleInfo.java:shutdownLeaderState(104)) - f2db16a1-f388-443d-a7ae-c224f468f361: shutdown LeaderState
2019-10-01 21:09:46,557 [ForkJoinPool.commonPool-worker-0] INFO  util.JmxRegister (JmxRegister.java:unregister(73)) - Successfully un-registered JMX Bean with object name Ratis:service=RaftServer,group=group-0C0BB0EAF733,id=bb36cdf8-c471-492b-b357-37f3d92a881f
2019-10-01 21:09:46,558 [main] INFO  impl.PendingRequests (PendingRequests.java:sendNotLeaderResponses(202)) - f2db16a1-f388-443d-a7ae-c224f468f361@group-44B4A5890101-PendingRequests: sendNotLeaderResponses
2019-10-01 21:09:46,558 [ForkJoinPool.commonPool-worker-0] INFO  impl.RoleInfo (RoleInfo.java:shutdownLeaderState(104)) - bb36cdf8-c471-492b-b357-37f3d92a881f: shutdown LeaderState
2019-10-01 21:09:46,558 [main] INFO  impl.StateMachineUpdater (StateMachineUpdater.java:stopAndJoin(136)) - f2db16a1-f388-443d-a7ae-c224f468f361@group-44B4A5890101-StateMachineUpdater: set stopIndex = 0
2019-10-01 21:09:46,562 [ForkJoinPool.commonPool-worker-0] INFO  impl.PendingRequests (PendingRequests.java:sendNotLeaderResponses(202)) - bb36cdf8-c471-492b-b357-37f3d92a881f@group-0C0BB0EAF733-PendingRequests: sendNotLeaderResponses
2019-10-01 21:09:46,563 [main] INFO  impl.RaftServerImpl (ServerState.java:close(387)) - f2db16a1-f388-443d-a7ae-c224f468f361@group-44B4A5890101: closes. applyIndex: 0
2019-10-01 21:09:46,563 [org.apache.ratis.server.impl.LogAppender$AppenderDaemon$$Lambda$544/1519576361@726b34f9] WARN  server.GrpcLogAppender (GrpcLogAppender.java:mayWait(143)) - bb36cdf8-c471-492b-b357-37f3d92a881f@group-0C0BB0EAF733->bcd46168-679d-4a79-8dbc-a2d812c19c0f-GrpcLogAppender: Wait interrupted by java.lang.InterruptedException
2019-10-01 21:09:46,563 [org.apache.ratis.server.impl.LogAppender$AppenderDaemon$$Lambda$544/1519576361@41714473] WARN  server.GrpcLogAppender (GrpcLogAppender.java:mayWait(143)) - bb36cdf8-c471-492b-b357-37f3d92a881f@group-0C0BB0EAF733->dbc555b8-9764-4f6e-9002-a515bdafc4eb-GrpcLogAppender: Wait interrupted by java.lang.InterruptedException
2019-10-01 21:09:46,567 [f2db16a1-f388-443d-a7ae-c224f468f361@group-44B4A5890101-SegmentedRaftLogWorker] INFO  segmented.SegmentedRaftLogWorker (SegmentedRaftLogWorker.java:run(316)) - f2db16a1-f388-443d-a7ae-c224f468f361@group-44B4A5890101-SegmentedRaftLogWorker was interrupted, exiting. There are 0 tasks remaining in the queue.
2019-10-01 21:09:46,567 [bb36cdf8-c471-492b-b357-37f3d92a881f@group-0C0BB0EAF733-StateMachineUpdater] INFO  ratis.ContainerStateMachine (ContainerStateMachine.java:takeSnapshot(289)) - group-0C0BB0EAF733: Taking a snapshot at:(t:1, i:6) file /workdir/hadoop-ozone/integration-test/target/test-dir/MiniOzoneClusterImpl-37790afc-6890-41f5-9aa1-2f370bad822b/datanode-1/data/ratis/4428b5f6-7853-466e-8f1d-0c0bb0eaf733/sm/snapshot.1_6
2019-10-01 21:09:46,566 [ForkJoinPool.commonPool-worker-0] INFO  impl.StateMachineUpdater (StateMachineUpdater.java:stopAndJoin(136)) - bb36cdf8-c471-492b-b357-37f3d92a881f@group-0C0BB0EAF733-StateMachineUpdater: set stopIndex = 8
2019-10-01 21:09:46,570 [main] INFO  segmented.SegmentedRaftLogWorker (SegmentedRaftLogWorker.java:close(224)) - f2db16a1-f388-443d-a7ae-c224f468f361@group-44B4A5890101-SegmentedRaftLogWorker close()
2019-10-01 21:09:46,575 [main] INFO  server.GrpcService (GrpcService.java:closeImpl(164)) - f2db16a1-f388-443d-a7ae-c224f468f361: shutdown server with port 39337 now
2019-10-01 21:09:46,576 [grpc-default-executor-5] INFO  server.GrpcServerProtocolService (GrpcServerProtocolService.java:onCompleted(113)) - dbc555b8-9764-4f6e-9002-a515bdafc4eb: Completed APPEND_ENTRIES, lastRequest: bb36cdf8-c471-492b-b357-37f3d92a881f->dbc555b8-9764-4f6e-9002-a515bdafc4eb#47-t1, previous=(t:1, i:8), leaderCommit=8, initializing? false, entries: <empty>
2019-10-01 21:09:46,576 [grpc-default-executor-0] INFO  server.GrpcServerProtocolService (GrpcServerProtocolService.java:onCompleted(113)) - bcd46168-679d-4a79-8dbc-a2d812c19c0f: Completed APPEND_ENTRIES, lastRequest: bb36cdf8-c471-492b-b357-37f3d92a881f->bcd46168-679d-4a79-8dbc-a2d812c19c0f#47-t1, previous=(t:1, i:8), leaderCommit=8, initializing? false, entries: <empty>
2019-10-01 21:09:46,578 [grpc-default-executor-5] WARN  server.GrpcServerProtocolService (LogUtils.java:warn(134)) - f2db16a1-f388-443d-a7ae-c224f468f361: installSnapshot onError, lastRequest: e661b9e5-9005-4795-83ab-67c790a4fd6e->f2db16a1-f388-443d-a7ae-c224f468f361#37-t2, previous=(t:2, i:0), leaderCommit=0, initializing? false, entries: <empty>: org.apache.ratis.thirdparty.io.grpc.StatusRuntimeException: CANCELLED: cancelled before receiving half close
2019-10-01 21:09:46,578 [main] INFO  server.GrpcService (GrpcService.java:closeImpl(172)) - f2db16a1-f388-443d-a7ae-c224f468f361: shutdown server with port 39337 successfully
2019-10-01 21:09:46,579 [grpc-default-executor-0] INFO  server.GrpcLogAppender (GrpcLogAppender.java:onCompleted(293)) - bb36cdf8-c471-492b-b357-37f3d92a881f@group-0C0BB0EAF733->bcd46168-679d-4a79-8dbc-a2d812c19c0f-AppendLogResponseHandler: follower responses appendEntries COMPLETED
2019-10-01 21:09:46,579 [grpc-default-executor-6] INFO  server.GrpcLogAppender (GrpcLogAppender.java:onCompleted(293)) - bb36cdf8-c471-492b-b357-37f3d92a881f@group-0C0BB0EAF733->dbc555b8-9764-4f6e-9002-a515bdafc4eb-AppendLogResponseHandler: follower responses appendEntries COMPLETED
2019-10-01 21:09:46,579 [grpc-default-executor-7] WARN  server.GrpcLogAppender (LogUtils.java:warn(134)) - e661b9e5-9005-4795-83ab-67c790a4fd6e@group-5BB5F28A794E->f2db16a1-f388-443d-a7ae-c224f468f361-AppendLogResponseHandler: Failed appendEntries: org.apache.ratis.thirdparty.io.grpc.StatusRuntimeException: CANCELLED: HTTP/2 error code: CANCEL
Received Rst Stream
2019-10-01 21:09:46,580 [grpc-default-executor-0] INFO  impl.FollowerInfo (FollowerInfo.java:lambda$new$0(51)) - bb36cdf8-c471-492b-b357-37f3d92a881f@group-0C0BB0EAF733->bcd46168-679d-4a79-8dbc-a2d812c19c0f: nextIndex: updateUnconditionally 9 -> 8
2019-10-01 21:09:46,580 [grpc-default-executor-7] INFO  impl.FollowerInfo (FollowerInfo.java:lambda$new$0(51)) - e661b9e5-9005-4795-83ab-67c790a4fd6e@group-5BB5F28A794E->f2db16a1-f388-443d-a7ae-c224f468f361: nextIndex: updateUnconditionally 1 -> 0
2019-10-01 21:09:46,580 [grpc-default-executor-6] INFO  impl.FollowerInfo (FollowerInfo.java:lambda$new$0(51)) - bb36cdf8-c471-492b-b357-37f3d92a881f@group-0C0BB0EAF733->dbc555b8-9764-4f6e-9002-a515bdafc4eb: nextIndex: updateUnconditionally 9 -> 8
2019-10-01 21:09:46,581 [refreshUsed-/workdir/hadoop-ozone/integration-test/target/test-dir/MiniOzoneClusterImpl-37790afc-6890-41f5-9aa1-2f370bad822b/datanode-4/data/containers] WARN  fs.CachingGetSpaceUsed (CachingGetSpaceUsed.java:run(183)) - Thread Interrupted waiting to refresh disk information: sleep interrupted
2019-10-01 21:09:46,588 [bb36cdf8-c471-492b-b357-37f3d92a881f@group-0C0BB0EAF733-StateMachineUpdater] INFO  ratis.ContainerStateMachine (ContainerStateMachine.java:takeSnapshot(300)) - group-0C0BB0EAF733: Finished taking a snapshot at:(t:1, i:6) file:/workdir/hadoop-ozone/integration-test/target/test-dir/MiniOzoneClusterImpl-37790afc-6890-41f5-9aa1-2f370bad822b/datanode-1/data/ratis/4428b5f6-7853-466e-8f1d-0c0bb0eaf733/sm/snapshot.1_6 time:22
2019-10-01 21:09:46,589 [bb36cdf8-c471-492b-b357-37f3d92a881f@group-0C0BB0EAF733-StateMachineUpdater] INFO  impl.StateMachineUpdater (StateMachineUpdater.java:takeSnapshot(269)) - bb36cdf8-c471-492b-b357-37f3d92a881f@group-0C0BB0EAF733-StateMachineUpdater: Took a snapshot at index 6
2019-10-01 21:09:46,589 [bb36cdf8-c471-492b-b357-37f3d92a881f@group-0C0BB0EAF733-StateMachineUpdater] INFO  impl.StateMachineUpdater (StateMachineUpdater.java:lambda$new$0(84)) - bb36cdf8-c471-492b-b357-37f3d92a881f@group-0C0BB0EAF733-StateMachineUpdater: snapshotIndex: updateIncreasingly -1 -> 6
2019-10-01 21:09:46,589 [bb36cdf8-c471-492b-b357-37f3d92a881f@group-0C0BB0EAF733-StateMachineUpdater] INFO  ratis.ContainerStateMachine (ContainerStateMachine.java:takeSnapshot(289)) - group-0C0BB0EAF733: Taking a snapshot at:(t:1, i:6) file /workdir/hadoop-ozone/integration-test/target/test-dir/MiniOzoneClusterImpl-37790afc-6890-41f5-9aa1-2f370bad822b/datanode-1/data/ratis/4428b5f6-7853-466e-8f1d-0c0bb0eaf733/sm/snapshot.1_6
2019-10-01 21:09:46,600 [main] INFO  utils.BackgroundService (BackgroundService.java:shutdown(148)) - Shutting down service BlockDeletingService
2019-10-01 21:09:46,603 [bb36cdf8-c471-492b-b357-37f3d92a881f@group-0C0BB0EAF733-StateMachineUpdater] INFO  ratis.ContainerStateMachine (ContainerStateMachine.java:takeSnapshot(300)) - group-0C0BB0EAF733: Finished taking a snapshot at:(t:1, i:6) file:/workdir/hadoop-ozone/integration-test/target/test-dir/MiniOzoneClusterImpl-37790afc-6890-41f5-9aa1-2f370bad822b/datanode-1/data/ratis/4428b5f6-7853-466e-8f1d-0c0bb0eaf733/sm/snapshot.1_6 time:14
2019-10-01 21:09:46,608 [main] INFO  statemachine.DatanodeStateMachine (DatanodeStateMachine.java:stopDaemon(395)) - Ozone container server stopped.
2019-10-01 21:09:46,608 [bb36cdf8-c471-492b-b357-37f3d92a881f@group-0C0BB0EAF733-StateMachineUpdater] INFO  impl.StateMachineUpdater (StateMachineUpdater.java:takeSnapshot(269)) - bb36cdf8-c471-492b-b357-37f3d92a881f@group-0C0BB0EAF733-StateMachineUpdater: Took a snapshot at index 6
2019-10-01 21:09:46,608 [bb36cdf8-c471-492b-b357-37f3d92a881f@group-0C0BB0EAF733-StateMachineUpdater] INFO  impl.StateMachineUpdater (StateMachineUpdater.java:lambda$new$0(84)) - bb36cdf8-c471-492b-b357-37f3d92a881f@group-0C0BB0EAF733-StateMachineUpdater: snapshotIndex: updateIncreasingly 6 -> 6
2019-10-01 21:09:46,608 [ForkJoinPool.commonPool-worker-0] INFO  impl.RaftServerImpl (ServerState.java:close(387)) - bb36cdf8-c471-492b-b357-37f3d92a881f@group-0C0BB0EAF733: closes. applyIndex: 8
2019-10-01 21:09:46,609 [bb36cdf8-c471-492b-b357-37f3d92a881f@group-0C0BB0EAF733-SegmentedRaftLogWorker] INFO  segmented.SegmentedRaftLogWorker (SegmentedRaftLogWorker.java:run(316)) - bb36cdf8-c471-492b-b357-37f3d92a881f@group-0C0BB0EAF733-SegmentedRaftLogWorker was interrupted, exiting. There are 0 tasks remaining in the queue.
2019-10-01 21:09:46,612 [main] INFO  handler.ContextHandler (ContextHandler.java:doStop(910)) - Stopped o.e.j.w.WebAppContext@79696332{/,null,UNAVAILABLE}{/hddsDatanode}
2019-10-01 21:09:46,612 [ForkJoinPool.commonPool-worker-0] INFO  segmented.SegmentedRaftLogWorker (SegmentedRaftLogWorker.java:close(224)) - bb36cdf8-c471-492b-b357-37f3d92a881f@group-0C0BB0EAF733-SegmentedRaftLogWorker close()
2019-10-01 21:09:46,628 [ForkJoinPool.commonPool-worker-0] INFO  server.GrpcService (GrpcService.java:closeImpl(164)) - bb36cdf8-c471-492b-b357-37f3d92a881f: shutdown server with port 40031 now
2019-10-01 21:09:46,629 [main] INFO  server.AbstractConnector (AbstractConnector.java:doStop(318)) - Stopped ServerConnector@ed2f2f6{HTTP/1.1,[http/1.1]}{0.0.0.0:0}
2019-10-01 21:09:46,629 [ForkJoinPool.commonPool-worker-0] INFO  server.GrpcService (GrpcService.java:closeImpl(172)) - bb36cdf8-c471-492b-b357-37f3d92a881f: shutdown server with port 40031 successfully
2019-10-01 21:09:46,630 [main] INFO  handler.ContextHandler (ContextHandler.java:doStop(910)) - Stopped o.e.j.s.ServletContextHandler@46046c06{/static,jar:file:/home/user/.m2/repository/org/apache/hadoop/hadoop-hdds-container-service/0.5.0-SNAPSHOT/hadoop-hdds-container-service-0.5.0-SNAPSHOT.jar!/webapps/static,UNAVAILABLE}
2019-10-01 21:09:46,630 [main] INFO  handler.ContextHandler (ContextHandler.java:doStop(910)) - Stopped o.e.j.s.ServletContextHandler@4997552e{/logs,file:///workdir/hadoop-ozone/integration-test/target/log,UNAVAILABLE}
2019-10-01 21:09:46,632 [refreshUsed-/workdir/hadoop-ozone/integration-test/target/test-dir/MiniOzoneClusterImpl-37790afc-6890-41f5-9aa1-2f370bad822b/datanode-1/data/containers] WARN  fs.CachingGetSpaceUsed (CachingGetSpaceUsed.java:run(183)) - Thread Interrupted waiting to refresh disk information: sleep interrupted
2019-10-01 21:09:46,647 [ForkJoinPool.commonPool-worker-0] INFO  utils.BackgroundService (BackgroundService.java:shutdown(148)) - Shutting down service BlockDeletingService
2019-10-01 21:09:46,655 [ForkJoinPool.commonPool-worker-0] INFO  statemachine.DatanodeStateMachine (DatanodeStateMachine.java:stopDaemon(395)) - Ozone container server stopped.
2019-10-01 21:09:46,663 [ForkJoinPool.commonPool-worker-0] INFO  handler.ContextHandler (ContextHandler.java:doStop(910)) - Stopped o.e.j.w.WebAppContext@70025b99{/,null,UNAVAILABLE}{/hddsDatanode}
2019-10-01 21:09:46,663 [ForkJoinPool.commonPool-worker-0] INFO  server.AbstractConnector (AbstractConnector.java:doStop(318)) - Stopped ServerConnector@7efa3f63{HTTP/1.1,[http/1.1]}{0.0.0.0:0}
2019-10-01 21:09:46,665 [ForkJoinPool.commonPool-worker-0] INFO  handler.ContextHandler (ContextHandler.java:doStop(910)) - Stopped o.e.j.s.ServletContextHandler@5a545b0f{/static,jar:file:/home/user/.m2/repository/org/apache/hadoop/hadoop-hdds-container-service/0.5.0-SNAPSHOT/hadoop-hdds-container-service-0.5.0-SNAPSHOT.jar!/webapps/static,UNAVAILABLE}
2019-10-01 21:09:46,668 [ForkJoinPool.commonPool-worker-0] INFO  handler.ContextHandler (ContextHandler.java:doStop(910)) - Stopped o.e.j.s.ServletContextHandler@b73433{/logs,file:///workdir/hadoop-ozone/integration-test/target/log,UNAVAILABLE}
2019-10-01 21:09:46,861 [grpc-default-executor-6] WARN  server.GrpcLogAppender (LogUtils.java:warn(134)) - e661b9e5-9005-4795-83ab-67c790a4fd6e@group-5BB5F28A794E->f2db16a1-f388-443d-a7ae-c224f468f361-AppendLogResponseHandler: Failed appendEntries: org.apache.ratis.thirdparty.io.grpc.StatusRuntimeException: UNAVAILABLE: io exception
2019-10-01 21:09:46,861 [grpc-default-executor-6] INFO  impl.FollowerInfo (FollowerInfo.java:lambda$new$0(51)) - e661b9e5-9005-4795-83ab-67c790a4fd6e@group-5BB5F28A794E->f2db16a1-f388-443d-a7ae-c224f468f361: nextIndex: updateUnconditionally 0 -> 0
2019-10-01 21:09:47,324 [Datanode State Machine Thread - 0] INFO  statemachine.DatanodeStateMachine (DatanodeStateMachine.java:lambda$startDaemon$0(350)) - Ozone container server started.
2019-10-01 21:09:47,531 [Datanode State Machine Thread - 0] INFO  statemachine.DatanodeStateMachine (DatanodeStateMachine.java:lambda$startDaemon$0(350)) - Ozone container server started.
2019-10-01 21:09:49,365 [grpc-default-executor-6] WARN  server.GrpcLogAppender (LogUtils.java:warn(134)) - e661b9e5-9005-4795-83ab-67c790a4fd6e@group-5BB5F28A794E->f2db16a1-f388-443d-a7ae-c224f468f361-AppendLogResponseHandler: Failed appendEntries: org.apache.ratis.thirdparty.io.grpc.StatusRuntimeException: UNAVAILABLE: io exception
2019-10-01 21:09:49,367 [grpc-default-executor-6] INFO  impl.FollowerInfo (FollowerInfo.java:lambda$new$0(51)) - e661b9e5-9005-4795-83ab-67c790a4fd6e@group-5BB5F28A794E->f2db16a1-f388-443d-a7ae-c224f468f361: nextIndex: updateUnconditionally 0 -> 0
2019-10-01 21:09:50,750 [Thread-788] INFO  impl.FollowerState (FollowerState.java:run(108)) - dbc555b8-9764-4f6e-9002-a515bdafc4eb@group-0C0BB0EAF733-FollowerState: change to CANDIDATE, lastRpcTime:6295ms, electionTimeout:5197ms
2019-10-01 21:09:50,750 [Thread-788] INFO  impl.RoleInfo (RoleInfo.java:shutdownFollowerState(121)) - dbc555b8-9764-4f6e-9002-a515bdafc4eb: shutdown FollowerState
2019-10-01 21:09:50,751 [Thread-788] INFO  impl.RaftServerImpl (RaftServerImpl.java:setRole(170)) - dbc555b8-9764-4f6e-9002-a515bdafc4eb@group-0C0BB0EAF733: changes role from  FOLLOWER to CANDIDATE at term 1 for changeToCandidate
2019-10-01 21:09:50,751 [Thread-788] INFO  impl.RoleInfo (RoleInfo.java:updateAndGet(143)) - dbc555b8-9764-4f6e-9002-a515bdafc4eb: start LeaderElection
2019-10-01 21:09:50,760 [dbc555b8-9764-4f6e-9002-a515bdafc4eb@group-0C0BB0EAF733-LeaderElection30] INFO  impl.RaftServerImpl (ServerState.java:setLeader(255)) - dbc555b8-9764-4f6e-9002-a515bdafc4eb@group-0C0BB0EAF733: change Leader from bb36cdf8-c471-492b-b357-37f3d92a881f to null at term 1 for initElection
2019-10-01 21:09:50,774 [Thread-789] INFO  impl.FollowerState (FollowerState.java:run(108)) - bcd46168-679d-4a79-8dbc-a2d812c19c0f@group-0C0BB0EAF733-FollowerState: change to CANDIDATE, lastRpcTime:6319ms, electionTimeout:5053ms
2019-10-01 21:09:50,774 [Thread-789] INFO  impl.RoleInfo (RoleInfo.java:shutdownFollowerState(121)) - bcd46168-679d-4a79-8dbc-a2d812c19c0f: shutdown FollowerState
2019-10-01 21:09:50,774 [Thread-789] INFO  impl.RaftServerImpl (RaftServerImpl.java:setRole(170)) - bcd46168-679d-4a79-8dbc-a2d812c19c0f@group-0C0BB0EAF733: changes role from  FOLLOWER to CANDIDATE at term 1 for changeToCandidate
2019-10-01 21:09:50,774 [Thread-789] INFO  impl.RoleInfo (RoleInfo.java:updateAndGet(143)) - bcd46168-679d-4a79-8dbc-a2d812c19c0f: start LeaderElection
2019-10-01 21:09:50,777 [bcd46168-679d-4a79-8dbc-a2d812c19c0f@group-0C0BB0EAF733-LeaderElection31] INFO  impl.RaftServerImpl (ServerState.java:setLeader(255)) - bcd46168-679d-4a79-8dbc-a2d812c19c0f@group-0C0BB0EAF733: change Leader from bb36cdf8-c471-492b-b357-37f3d92a881f to null at term 1 for initElection
2019-10-01 21:09:50,777 [dbc555b8-9764-4f6e-9002-a515bdafc4eb@group-0C0BB0EAF733-LeaderElection30] INFO  impl.LeaderElection (LeaderElection.java:askForVotes(178)) - dbc555b8-9764-4f6e-9002-a515bdafc4eb@group-0C0BB0EAF733-LeaderElection30: begin an election at term 2 for 0: [bcd46168-679d-4a79-8dbc-a2d812c19c0f:192.168.5.177:43272, bb36cdf8-c471-492b-b357-37f3d92a881f:192.168.5.177:40031, dbc555b8-9764-4f6e-9002-a515bdafc4eb:192.168.5.177:39096], old=null
2019-10-01 21:09:50,784 [dbc555b8-9764-4f6e-9002-a515bdafc4eb@group-0C0BB0EAF733-LeaderElection30] INFO  impl.LeaderElection (LogUtils.java:infoOrTrace(149)) - dbc555b8-9764-4f6e-9002-a515bdafc4eb@group-0C0BB0EAF733-LeaderElection30 got exception when requesting votes: {}
java.util.concurrent.ExecutionException: org.apache.ratis.thirdparty.io.grpc.StatusRuntimeException: UNAVAILABLE: io exception
	at java.util.concurrent.FutureTask.report(FutureTask.java:122)
	at java.util.concurrent.FutureTask.get(FutureTask.java:192)
	at org.apache.ratis.server.impl.LeaderElection.waitForResults(LeaderElection.java:259)
	at org.apache.ratis.server.impl.LeaderElection.askForVotes(LeaderElection.java:197)
	at org.apache.ratis.server.impl.LeaderElection.run(LeaderElection.java:133)
	at java.lang.Thread.run(Thread.java:748)
Caused by: org.apache.ratis.thirdparty.io.grpc.StatusRuntimeException: UNAVAILABLE: io exception
	at org.apache.ratis.thirdparty.io.grpc.stub.ClientCalls.toStatusRuntimeException(ClientCalls.java:233)
	at org.apache.ratis.thirdparty.io.grpc.stub.ClientCalls.getUnchecked(ClientCalls.java:214)
	at org.apache.ratis.thirdparty.io.grpc.stub.ClientCalls.blockingUnaryCall(ClientCalls.java:139)
	at org.apache.ratis.proto.grpc.RaftServerProtocolServiceGrpc$RaftServerProtocolServiceBlockingStub.requestVote(RaftServerProtocolServiceGrpc.java:265)
	at org.apache.ratis.grpc.server.GrpcServerProtocolClient.requestVote(GrpcServerProtocolClient.java:99)
	at org.apache.ratis.grpc.server.GrpcService.requestVote(GrpcService.java:204)
	at org.apache.ratis.server.impl.LeaderElection.lambda$submitRequests$1(LeaderElection.java:234)
	at java.util.concurrent.FutureTask.run(FutureTask.java:266)
	at java.util.concurrent.Executors$RunnableAdapter.call(Executors.java:511)
	at java.util.concurrent.FutureTask.run(FutureTask.java:266)
	at java.util.concurrent.ThreadPoolExecutor.runWorker(ThreadPoolExecutor.java:1149)
	at java.util.concurrent.ThreadPoolExecutor$Worker.run(ThreadPoolExecutor.java:624)
	... 1 more
Caused by: org.apache.ratis.thirdparty.io.netty.channel.AbstractChannel$AnnotatedConnectException: Connection refused: /192.168.5.177:40031
	at sun.nio.ch.SocketChannelImpl.checkConnect(Native Method)
	at sun.nio.ch.SocketChannelImpl.finishConnect(SocketChannelImpl.java:717)
	at org.apache.ratis.thirdparty.io.netty.channel.socket.nio.NioSocketChannel.doFinishConnect(NioSocketChannel.java:327)
	at org.apache.ratis.thirdparty.io.netty.channel.nio.AbstractNioChannel$AbstractNioUnsafe.finishConnect(AbstractNioChannel.java:340)
	at org.apache.ratis.thirdparty.io.netty.channel.nio.NioEventLoop.processSelectedKey(NioEventLoop.java:632)
	at org.apache.ratis.thirdparty.io.netty.channel.nio.NioEventLoop.processSelectedKeysOptimized(NioEventLoop.java:579)
	at org.apache.ratis.thirdparty.io.netty.channel.nio.NioEventLoop.processSelectedKeys(NioEventLoop.java:496)
	at org.apache.ratis.thirdparty.io.netty.channel.nio.NioEventLoop.run(NioEventLoop.java:458)
	at org.apache.ratis.thirdparty.io.netty.util.concurrent.SingleThreadEventExecutor$5.run(SingleThreadEventExecutor.java:897)
	at org.apache.ratis.thirdparty.io.netty.util.concurrent.FastThreadLocalRunnable.run(FastThreadLocalRunnable.java:30)
	... 1 more
Caused by: java.net.ConnectException: Connection refused
	... 11 more
2019-10-01 21:09:50,791 [bcd46168-679d-4a79-8dbc-a2d812c19c0f@group-0C0BB0EAF733-LeaderElection31] INFO  impl.LeaderElection (LeaderElection.java:askForVotes(178)) - bcd46168-679d-4a79-8dbc-a2d812c19c0f@group-0C0BB0EAF733-LeaderElection31: begin an election at term 2 for 0: [bcd46168-679d-4a79-8dbc-a2d812c19c0f:192.168.5.177:43272, bb36cdf8-c471-492b-b357-37f3d92a881f:192.168.5.177:40031, dbc555b8-9764-4f6e-9002-a515bdafc4eb:192.168.5.177:39096], old=null
2019-10-01 21:09:50,792 [dbc555b8-9764-4f6e-9002-a515bdafc4eb@group-0C0BB0EAF733-LeaderElection30] INFO  impl.LeaderElection (LeaderElection.java:logAndReturn(56)) - dbc555b8-9764-4f6e-9002-a515bdafc4eb@group-0C0BB0EAF733-LeaderElection30: Election REJECTED; received 1 response(s) [dbc555b8-9764-4f6e-9002-a515bdafc4eb<-bcd46168-679d-4a79-8dbc-a2d812c19c0f#0:FAIL-t2] and 1 exception(s); dbc555b8-9764-4f6e-9002-a515bdafc4eb@group-0C0BB0EAF733:t2, leader=null, voted=dbc555b8-9764-4f6e-9002-a515bdafc4eb, raftlog=dbc555b8-9764-4f6e-9002-a515bdafc4eb@group-0C0BB0EAF733-SegmentedRaftLog:OPENED:c8,f8,i8, conf=0: [bcd46168-679d-4a79-8dbc-a2d812c19c0f:192.168.5.177:43272, bb36cdf8-c471-492b-b357-37f3d92a881f:192.168.5.177:40031, dbc555b8-9764-4f6e-9002-a515bdafc4eb:192.168.5.177:39096], old=null
2019-10-01 21:09:50,818 [dbc555b8-9764-4f6e-9002-a515bdafc4eb@group-0C0BB0EAF733-LeaderElection30] INFO  impl.LeaderElection (LogUtils.java:infoOrTrace(149)) -   Exception 0: {}
java.util.concurrent.ExecutionException: org.apache.ratis.thirdparty.io.grpc.StatusRuntimeException: UNAVAILABLE: io exception
	at java.util.concurrent.FutureTask.report(FutureTask.java:122)
	at java.util.concurrent.FutureTask.get(FutureTask.java:192)
	at org.apache.ratis.server.impl.LeaderElection.waitForResults(LeaderElection.java:259)
	at org.apache.ratis.server.impl.LeaderElection.askForVotes(LeaderElection.java:197)
	at org.apache.ratis.server.impl.LeaderElection.run(LeaderElection.java:133)
	at java.lang.Thread.run(Thread.java:748)
Caused by: org.apache.ratis.thirdparty.io.grpc.StatusRuntimeException: UNAVAILABLE: io exception
	at org.apache.ratis.thirdparty.io.grpc.stub.ClientCalls.toStatusRuntimeException(ClientCalls.java:233)
	at org.apache.ratis.thirdparty.io.grpc.stub.ClientCalls.getUnchecked(ClientCalls.java:214)
	at org.apache.ratis.thirdparty.io.grpc.stub.ClientCalls.blockingUnaryCall(ClientCalls.java:139)
	at org.apache.ratis.proto.grpc.RaftServerProtocolServiceGrpc$RaftServerProtocolServiceBlockingStub.requestVote(RaftServerProtocolServiceGrpc.java:265)
	at org.apache.ratis.grpc.server.GrpcServerProtocolClient.requestVote(GrpcServerProtocolClient.java:99)
	at org.apache.ratis.grpc.server.GrpcService.requestVote(GrpcService.java:204)
	at org.apache.ratis.server.impl.LeaderElection.lambda$submitRequests$1(LeaderElection.java:234)
	at java.util.concurrent.FutureTask.run(FutureTask.java:266)
	at java.util.concurrent.Executors$RunnableAdapter.call(Executors.java:511)
	at java.util.concurrent.FutureTask.run(FutureTask.java:266)
	at java.util.concurrent.ThreadPoolExecutor.runWorker(ThreadPoolExecutor.java:1149)
	at java.util.concurrent.ThreadPoolExecutor$Worker.run(ThreadPoolExecutor.java:624)
	... 1 more
Caused by: org.apache.ratis.thirdparty.io.netty.channel.AbstractChannel$AnnotatedConnectException: Connection refused: /192.168.5.177:40031
	at sun.nio.ch.SocketChannelImpl.checkConnect(Native Method)
	at sun.nio.ch.SocketChannelImpl.finishConnect(SocketChannelImpl.java:717)
	at org.apache.ratis.thirdparty.io.netty.channel.socket.nio.NioSocketChannel.doFinishConnect(NioSocketChannel.java:327)
	at org.apache.ratis.thirdparty.io.netty.channel.nio.AbstractNioChannel$AbstractNioUnsafe.finishConnect(AbstractNioChannel.java:340)
	at org.apache.ratis.thirdparty.io.netty.channel.nio.NioEventLoop.processSelectedKey(NioEventLoop.java:632)
	at org.apache.ratis.thirdparty.io.netty.channel.nio.NioEventLoop.processSelectedKeysOptimized(NioEventLoop.java:579)
	at org.apache.ratis.thirdparty.io.netty.channel.nio.NioEventLoop.processSelectedKeys(NioEventLoop.java:496)
	at org.apache.ratis.thirdparty.io.netty.channel.nio.NioEventLoop.run(NioEventLoop.java:458)
	at org.apache.ratis.thirdparty.io.netty.util.concurrent.SingleThreadEventExecutor$5.run(SingleThreadEventExecutor.java:897)
	at org.apache.ratis.thirdparty.io.netty.util.concurrent.FastThreadLocalRunnable.run(FastThreadLocalRunnable.java:30)
	... 1 more
Caused by: java.net.ConnectException: Connection refused
	... 11 more
2019-10-01 21:09:50,818 [bcd46168-679d-4a79-8dbc-a2d812c19c0f@group-0C0BB0EAF733-LeaderElection31] INFO  impl.LeaderElection (LogUtils.java:infoOrTrace(149)) - bcd46168-679d-4a79-8dbc-a2d812c19c0f@group-0C0BB0EAF733-LeaderElection31 got exception when requesting votes: {}
java.util.concurrent.ExecutionException: org.apache.ratis.thirdparty.io.grpc.StatusRuntimeException: UNAVAILABLE: io exception
	at java.util.concurrent.FutureTask.report(FutureTask.java:122)
	at java.util.concurrent.FutureTask.get(FutureTask.java:192)
	at org.apache.ratis.server.impl.LeaderElection.waitForResults(LeaderElection.java:259)
	at org.apache.ratis.server.impl.LeaderElection.askForVotes(LeaderElection.java:197)
	at org.apache.ratis.server.impl.LeaderElection.run(LeaderElection.java:133)
	at java.lang.Thread.run(Thread.java:748)
Caused by: org.apache.ratis.thirdparty.io.grpc.StatusRuntimeException: UNAVAILABLE: io exception
	at org.apache.ratis.thirdparty.io.grpc.stub.ClientCalls.toStatusRuntimeException(ClientCalls.java:233)
	at org.apache.ratis.thirdparty.io.grpc.stub.ClientCalls.getUnchecked(ClientCalls.java:214)
	at org.apache.ratis.thirdparty.io.grpc.stub.ClientCalls.blockingUnaryCall(ClientCalls.java:139)
	at org.apache.ratis.proto.grpc.RaftServerProtocolServiceGrpc$RaftServerProtocolServiceBlockingStub.requestVote(RaftServerProtocolServiceGrpc.java:265)
	at org.apache.ratis.grpc.server.GrpcServerProtocolClient.requestVote(GrpcServerProtocolClient.java:99)
	at org.apache.ratis.grpc.server.GrpcService.requestVote(GrpcService.java:204)
	at org.apache.ratis.server.impl.LeaderElection.lambda$submitRequests$1(LeaderElection.java:234)
	at java.util.concurrent.FutureTask.run(FutureTask.java:266)
	at java.util.concurrent.Executors$RunnableAdapter.call(Executors.java:511)
	at java.util.concurrent.FutureTask.run(FutureTask.java:266)
	at java.util.concurrent.ThreadPoolExecutor.runWorker(ThreadPoolExecutor.java:1149)
	at java.util.concurrent.ThreadPoolExecutor$Worker.run(ThreadPoolExecutor.java:624)
	... 1 more
Caused by: org.apache.ratis.thirdparty.io.netty.channel.AbstractChannel$AnnotatedConnectException: Connection refused: /192.168.5.177:40031
	at sun.nio.ch.SocketChannelImpl.checkConnect(Native Method)
	at sun.nio.ch.SocketChannelImpl.finishConnect(SocketChannelImpl.java:717)
	at org.apache.ratis.thirdparty.io.netty.channel.socket.nio.NioSocketChannel.doFinishConnect(NioSocketChannel.java:327)
	at org.apache.ratis.thirdparty.io.netty.channel.nio.AbstractNioChannel$AbstractNioUnsafe.finishConnect(AbstractNioChannel.java:340)
	at org.apache.ratis.thirdparty.io.netty.channel.nio.NioEventLoop.processSelectedKey(NioEventLoop.java:632)
	at org.apache.ratis.thirdparty.io.netty.channel.nio.NioEventLoop.processSelectedKeysOptimized(NioEventLoop.java:579)
	at org.apache.ratis.thirdparty.io.netty.channel.nio.NioEventLoop.processSelectedKeys(NioEventLoop.java:496)
	at org.apache.ratis.thirdparty.io.netty.channel.nio.NioEventLoop.run(NioEventLoop.java:458)
	at org.apache.ratis.thirdparty.io.netty.util.concurrent.SingleThreadEventExecutor$5.run(SingleThreadEventExecutor.java:897)
	at org.apache.ratis.thirdparty.io.netty.util.concurrent.FastThreadLocalRunnable.run(FastThreadLocalRunnable.java:30)
	... 1 more
Caused by: java.net.ConnectException: Connection refused
	... 11 more
2019-10-01 21:09:50,820 [dbc555b8-9764-4f6e-9002-a515bdafc4eb@group-0C0BB0EAF733-LeaderElection30] INFO  impl.RaftServerImpl (RaftServerImpl.java:setRole(170)) - dbc555b8-9764-4f6e-9002-a515bdafc4eb@group-0C0BB0EAF733: changes role from CANDIDATE to FOLLOWER at term 2 for DISCOVERED_A_NEW_TERM
2019-10-01 21:09:50,823 [dbc555b8-9764-4f6e-9002-a515bdafc4eb@group-0C0BB0EAF733-LeaderElection30] INFO  impl.RoleInfo (RoleInfo.java:shutdownLeaderElection(134)) - dbc555b8-9764-4f6e-9002-a515bdafc4eb: shutdown LeaderElection
2019-10-01 21:09:50,823 [dbc555b8-9764-4f6e-9002-a515bdafc4eb@group-0C0BB0EAF733-LeaderElection30] INFO  impl.RoleInfo (RoleInfo.java:updateAndGet(143)) - dbc555b8-9764-4f6e-9002-a515bdafc4eb: start FollowerState
2019-10-01 21:09:50,825 [bcd46168-679d-4a79-8dbc-a2d812c19c0f@group-0C0BB0EAF733-LeaderElection31] INFO  impl.LeaderElection (LeaderElection.java:logAndReturn(56)) - bcd46168-679d-4a79-8dbc-a2d812c19c0f@group-0C0BB0EAF733-LeaderElection31: Election REJECTED; received 1 response(s) [bcd46168-679d-4a79-8dbc-a2d812c19c0f<-dbc555b8-9764-4f6e-9002-a515bdafc4eb#0:FAIL-t2] and 1 exception(s); bcd46168-679d-4a79-8dbc-a2d812c19c0f@group-0C0BB0EAF733:t2, leader=null, voted=bcd46168-679d-4a79-8dbc-a2d812c19c0f, raftlog=bcd46168-679d-4a79-8dbc-a2d812c19c0f@group-0C0BB0EAF733-SegmentedRaftLog:OPENED:c8,f8,i8, conf=0: [bcd46168-679d-4a79-8dbc-a2d812c19c0f:192.168.5.177:43272, bb36cdf8-c471-492b-b357-37f3d92a881f:192.168.5.177:40031, dbc555b8-9764-4f6e-9002-a515bdafc4eb:192.168.5.177:39096], old=null
2019-10-01 21:09:50,825 [bcd46168-679d-4a79-8dbc-a2d812c19c0f@group-0C0BB0EAF733-LeaderElection31] INFO  impl.LeaderElection (LogUtils.java:infoOrTrace(149)) -   Exception 0: {}
java.util.concurrent.ExecutionException: org.apache.ratis.thirdparty.io.grpc.StatusRuntimeException: UNAVAILABLE: io exception
	at java.util.concurrent.FutureTask.report(FutureTask.java:122)
	at java.util.concurrent.FutureTask.get(FutureTask.java:192)
	at org.apache.ratis.server.impl.LeaderElection.waitForResults(LeaderElection.java:259)
	at org.apache.ratis.server.impl.LeaderElection.askForVotes(LeaderElection.java:197)
	at org.apache.ratis.server.impl.LeaderElection.run(LeaderElection.java:133)
	at java.lang.Thread.run(Thread.java:748)
Caused by: org.apache.ratis.thirdparty.io.grpc.StatusRuntimeException: UNAVAILABLE: io exception
	at org.apache.ratis.thirdparty.io.grpc.stub.ClientCalls.toStatusRuntimeException(ClientCalls.java:233)
	at org.apache.ratis.thirdparty.io.grpc.stub.ClientCalls.getUnchecked(ClientCalls.java:214)
	at org.apache.ratis.thirdparty.io.grpc.stub.ClientCalls.blockingUnaryCall(ClientCalls.java:139)
	at org.apache.ratis.proto.grpc.RaftServerProtocolServiceGrpc$RaftServerProtocolServiceBlockingStub.requestVote(RaftServerProtocolServiceGrpc.java:265)
	at org.apache.ratis.grpc.server.GrpcServerProtocolClient.requestVote(GrpcServerProtocolClient.java:99)
	at org.apache.ratis.grpc.server.GrpcService.requestVote(GrpcService.java:204)
	at org.apache.ratis.server.impl.LeaderElection.lambda$submitRequests$1(LeaderElection.java:234)
	at java.util.concurrent.FutureTask.run(FutureTask.java:266)
	at java.util.concurrent.Executors$RunnableAdapter.call(Executors.java:511)
	at java.util.concurrent.FutureTask.run(FutureTask.java:266)
	at java.util.concurrent.ThreadPoolExecutor.runWorker(ThreadPoolExecutor.java:1149)
	at java.util.concurrent.ThreadPoolExecutor$Worker.run(ThreadPoolExecutor.java:624)
	... 1 more
Caused by: org.apache.ratis.thirdparty.io.netty.channel.AbstractChannel$AnnotatedConnectException: Connection refused: /192.168.5.177:40031
	at sun.nio.ch.SocketChannelImpl.checkConnect(Native Method)
	at sun.nio.ch.SocketChannelImpl.finishConnect(SocketChannelImpl.java:717)
	at org.apache.ratis.thirdparty.io.netty.channel.socket.nio.NioSocketChannel.doFinishConnect(NioSocketChannel.java:327)
	at org.apache.ratis.thirdparty.io.netty.channel.nio.AbstractNioChannel$AbstractNioUnsafe.finishConnect(AbstractNioChannel.java:340)
	at org.apache.ratis.thirdparty.io.netty.channel.nio.NioEventLoop.processSelectedKey(NioEventLoop.java:632)
	at org.apache.ratis.thirdparty.io.netty.channel.nio.NioEventLoop.processSelectedKeysOptimized(NioEventLoop.java:579)
	at org.apache.ratis.thirdparty.io.netty.channel.nio.NioEventLoop.processSelectedKeys(NioEventLoop.java:496)
	at org.apache.ratis.thirdparty.io.netty.channel.nio.NioEventLoop.run(NioEventLoop.java:458)
	at org.apache.ratis.thirdparty.io.netty.util.concurrent.SingleThreadEventExecutor$5.run(SingleThreadEventExecutor.java:897)
	at org.apache.ratis.thirdparty.io.netty.util.concurrent.FastThreadLocalRunnable.run(FastThreadLocalRunnable.java:30)
	... 1 more
Caused by: java.net.ConnectException: Connection refused
	... 11 more
2019-10-01 21:09:50,825 [bcd46168-679d-4a79-8dbc-a2d812c19c0f@group-0C0BB0EAF733-LeaderElection31] INFO  impl.RaftServerImpl (RaftServerImpl.java:setRole(170)) - bcd46168-679d-4a79-8dbc-a2d812c19c0f@group-0C0BB0EAF733: changes role from CANDIDATE to FOLLOWER at term 2 for DISCOVERED_A_NEW_TERM
2019-10-01 21:09:50,825 [bcd46168-679d-4a79-8dbc-a2d812c19c0f@group-0C0BB0EAF733-LeaderElection31] INFO  impl.RoleInfo (RoleInfo.java:shutdownLeaderElection(134)) - bcd46168-679d-4a79-8dbc-a2d812c19c0f: shutdown LeaderElection
2019-10-01 21:09:50,826 [bcd46168-679d-4a79-8dbc-a2d812c19c0f@group-0C0BB0EAF733-LeaderElection31] INFO  impl.RoleInfo (RoleInfo.java:updateAndGet(143)) - bcd46168-679d-4a79-8dbc-a2d812c19c0f: start FollowerState
2019-10-01 21:09:51,634 [main] INFO  ozoneimpl.OzoneContainer (OzoneContainer.java:stop(231)) - Attempting to stop container services.
2019-10-01 21:09:51,638 [main] INFO  impl.RaftServerProxy (RaftServerProxy.java:lambda$close$4(314)) - 38ed4df7-2972-4264-9226-bd7ce605656a: close
2019-10-01 21:09:51,638 [main] INFO  impl.RaftServerImpl (RaftServerImpl.java:lambda$shutdown$3(247)) - 38ed4df7-2972-4264-9226-bd7ce605656a@group-5BB5F28A794E: shutdown
2019-10-01 21:09:51,639 [main] INFO  util.JmxRegister (JmxRegister.java:unregister(73)) - Successfully un-registered JMX Bean with object name Ratis:service=RaftServer,group=group-5BB5F28A794E,id=38ed4df7-2972-4264-9226-bd7ce605656a
2019-10-01 21:09:51,639 [main] INFO  impl.RoleInfo (RoleInfo.java:shutdownFollowerState(121)) - 38ed4df7-2972-4264-9226-bd7ce605656a: shutdown FollowerState
2019-10-01 21:09:51,640 [main] INFO  impl.StateMachineUpdater (StateMachineUpdater.java:stopAndJoin(136)) - 38ed4df7-2972-4264-9226-bd7ce605656a@group-5BB5F28A794E-StateMachineUpdater: set stopIndex = 0
2019-10-01 21:09:51,640 [Thread-875] INFO  impl.FollowerState (FollowerState.java:run(117)) - 38ed4df7-2972-4264-9226-bd7ce605656a@group-5BB5F28A794E-FollowerState was interrupted: java.lang.InterruptedException: sleep interrupted
2019-10-01 21:09:51,648 [main] INFO  impl.RaftServerImpl (ServerState.java:close(387)) - 38ed4df7-2972-4264-9226-bd7ce605656a@group-5BB5F28A794E: closes. applyIndex: 0
2019-10-01 21:09:51,649 [38ed4df7-2972-4264-9226-bd7ce605656a@group-5BB5F28A794E-SegmentedRaftLogWorker] INFO  segmented.SegmentedRaftLogWorker (SegmentedRaftLogWorker.java:run(316)) - 38ed4df7-2972-4264-9226-bd7ce605656a@group-5BB5F28A794E-SegmentedRaftLogWorker was interrupted, exiting. There are 0 tasks remaining in the queue.
2019-10-01 21:09:51,651 [main] INFO  segmented.SegmentedRaftLogWorker (SegmentedRaftLogWorker.java:close(224)) - 38ed4df7-2972-4264-9226-bd7ce605656a@group-5BB5F28A794E-SegmentedRaftLogWorker close()
2019-10-01 21:09:51,654 [main] INFO  impl.RaftServerImpl (RaftServerImpl.java:lambda$shutdown$3(247)) - 38ed4df7-2972-4264-9226-bd7ce605656a@group-054112D807A6: shutdown
2019-10-01 21:09:51,654 [main] INFO  util.JmxRegister (JmxRegister.java:unregister(73)) - Successfully un-registered JMX Bean with object name Ratis:service=RaftServer,group=group-054112D807A6,id=38ed4df7-2972-4264-9226-bd7ce605656a
2019-10-01 21:09:51,655 [main] INFO  impl.RoleInfo (RoleInfo.java:shutdownLeaderState(104)) - 38ed4df7-2972-4264-9226-bd7ce605656a: shutdown LeaderState
2019-10-01 21:09:51,655 [main] INFO  impl.PendingRequests (PendingRequests.java:sendNotLeaderResponses(202)) - 38ed4df7-2972-4264-9226-bd7ce605656a@group-054112D807A6-PendingRequests: sendNotLeaderResponses
2019-10-01 21:09:51,656 [main] INFO  impl.StateMachineUpdater (StateMachineUpdater.java:stopAndJoin(136)) - 38ed4df7-2972-4264-9226-bd7ce605656a@group-054112D807A6-StateMachineUpdater: set stopIndex = 0
2019-10-01 21:09:51,656 [main] INFO  impl.RaftServerImpl (ServerState.java:close(387)) - 38ed4df7-2972-4264-9226-bd7ce605656a@group-054112D807A6: closes. applyIndex: 0
2019-10-01 21:09:51,657 [38ed4df7-2972-4264-9226-bd7ce605656a@group-054112D807A6-SegmentedRaftLogWorker] INFO  segmented.SegmentedRaftLogWorker (SegmentedRaftLogWorker.java:run(316)) - 38ed4df7-2972-4264-9226-bd7ce605656a@group-054112D807A6-SegmentedRaftLogWorker was interrupted, exiting. There are 0 tasks remaining in the queue.
2019-10-01 21:09:51,659 [main] INFO  segmented.SegmentedRaftLogWorker (SegmentedRaftLogWorker.java:close(224)) - 38ed4df7-2972-4264-9226-bd7ce605656a@group-054112D807A6-SegmentedRaftLogWorker close()
2019-10-01 21:09:51,662 [main] INFO  server.GrpcService (GrpcService.java:closeImpl(164)) - 38ed4df7-2972-4264-9226-bd7ce605656a: shutdown server with port 43975 now
2019-10-01 21:09:51,663 [grpc-default-executor-5] WARN  server.GrpcServerProtocolService (LogUtils.java:warn(134)) - 38ed4df7-2972-4264-9226-bd7ce605656a: installSnapshot onError, lastRequest: e661b9e5-9005-4795-83ab-67c790a4fd6e->38ed4df7-2972-4264-9226-bd7ce605656a#39-t2, previous=(t:2, i:0), leaderCommit=0, initializing? false, entries: <empty>: org.apache.ratis.thirdparty.io.grpc.StatusRuntimeException: CANCELLED: cancelled before receiving half close
2019-10-01 21:09:51,663 [grpc-default-executor-7] WARN  server.GrpcLogAppender (LogUtils.java:warn(134)) - e661b9e5-9005-4795-83ab-67c790a4fd6e@group-5BB5F28A794E->38ed4df7-2972-4264-9226-bd7ce605656a-AppendLogResponseHandler: Failed appendEntries: org.apache.ratis.thirdparty.io.grpc.StatusRuntimeException: CANCELLED: HTTP/2 error code: CANCEL
Received Rst Stream
2019-10-01 21:09:51,663 [main] INFO  server.GrpcService (GrpcService.java:closeImpl(172)) - 38ed4df7-2972-4264-9226-bd7ce605656a: shutdown server with port 43975 successfully
2019-10-01 21:09:51,664 [grpc-default-executor-7] INFO  impl.FollowerInfo (FollowerInfo.java:lambda$new$0(51)) - e661b9e5-9005-4795-83ab-67c790a4fd6e@group-5BB5F28A794E->38ed4df7-2972-4264-9226-bd7ce605656a: nextIndex: updateUnconditionally 1 -> 0
2019-10-01 21:09:51,666 [refreshUsed-/workdir/hadoop-ozone/integration-test/target/test-dir/MiniOzoneClusterImpl-37790afc-6890-41f5-9aa1-2f370bad822b/datanode-3/data/containers] WARN  fs.CachingGetSpaceUsed (CachingGetSpaceUsed.java:run(183)) - Thread Interrupted waiting to refresh disk information: sleep interrupted
2019-10-01 21:09:51,671 [ForkJoinPool.commonPool-worker-0] INFO  ozoneimpl.OzoneContainer (OzoneContainer.java:stop(231)) - Attempting to stop container services.
2019-10-01 21:09:51,671 [ForkJoinPool.commonPool-worker-0] INFO  impl.RaftServerProxy (RaftServerProxy.java:lambda$close$4(314)) - dbc555b8-9764-4f6e-9002-a515bdafc4eb: close
2019-10-01 21:09:51,672 [ForkJoinPool.commonPool-worker-0] INFO  impl.RaftServerImpl (RaftServerImpl.java:lambda$shutdown$3(247)) - dbc555b8-9764-4f6e-9002-a515bdafc4eb@group-EE48C7D59182: shutdown
2019-10-01 21:09:51,672 [ForkJoinPool.commonPool-worker-0] INFO  util.JmxRegister (JmxRegister.java:unregister(73)) - Successfully un-registered JMX Bean with object name Ratis:service=RaftServer,group=group-EE48C7D59182,id=dbc555b8-9764-4f6e-9002-a515bdafc4eb
2019-10-01 21:09:51,672 [ForkJoinPool.commonPool-worker-0] INFO  impl.RoleInfo (RoleInfo.java:shutdownLeaderState(104)) - dbc555b8-9764-4f6e-9002-a515bdafc4eb: shutdown LeaderState
2019-10-01 21:09:51,673 [ForkJoinPool.commonPool-worker-0] INFO  impl.PendingRequests (PendingRequests.java:sendNotLeaderResponses(202)) - dbc555b8-9764-4f6e-9002-a515bdafc4eb@group-EE48C7D59182-PendingRequests: sendNotLeaderResponses
2019-10-01 21:09:51,673 [ForkJoinPool.commonPool-worker-0] INFO  impl.StateMachineUpdater (StateMachineUpdater.java:stopAndJoin(136)) - dbc555b8-9764-4f6e-9002-a515bdafc4eb@group-EE48C7D59182-StateMachineUpdater: set stopIndex = 0
2019-10-01 21:09:51,673 [ForkJoinPool.commonPool-worker-0] INFO  impl.RaftServerImpl (ServerState.java:close(387)) - dbc555b8-9764-4f6e-9002-a515bdafc4eb@group-EE48C7D59182: closes. applyIndex: 0
2019-10-01 21:09:51,674 [dbc555b8-9764-4f6e-9002-a515bdafc4eb@group-EE48C7D59182-SegmentedRaftLogWorker] INFO  segmented.SegmentedRaftLogWorker (SegmentedRaftLogWorker.java:run(316)) - dbc555b8-9764-4f6e-9002-a515bdafc4eb@group-EE48C7D59182-SegmentedRaftLogWorker was interrupted, exiting. There are 0 tasks remaining in the queue.
2019-10-01 21:09:51,676 [ForkJoinPool.commonPool-worker-0] INFO  segmented.SegmentedRaftLogWorker (SegmentedRaftLogWorker.java:close(224)) - dbc555b8-9764-4f6e-9002-a515bdafc4eb@group-EE48C7D59182-SegmentedRaftLogWorker close()
2019-10-01 21:09:51,678 [ForkJoinPool.commonPool-worker-0] INFO  impl.RaftServerImpl (RaftServerImpl.java:lambda$shutdown$3(247)) - dbc555b8-9764-4f6e-9002-a515bdafc4eb@group-0C0BB0EAF733: shutdown
2019-10-01 21:09:51,679 [ForkJoinPool.commonPool-worker-0] INFO  util.JmxRegister (JmxRegister.java:unregister(73)) - Successfully un-registered JMX Bean with object name Ratis:service=RaftServer,group=group-0C0BB0EAF733,id=dbc555b8-9764-4f6e-9002-a515bdafc4eb
2019-10-01 21:09:51,679 [ForkJoinPool.commonPool-worker-0] INFO  impl.RoleInfo (RoleInfo.java:shutdownFollowerState(121)) - dbc555b8-9764-4f6e-9002-a515bdafc4eb: shutdown FollowerState
2019-10-01 21:09:51,679 [ForkJoinPool.commonPool-worker-0] INFO  impl.StateMachineUpdater (StateMachineUpdater.java:stopAndJoin(136)) - dbc555b8-9764-4f6e-9002-a515bdafc4eb@group-0C0BB0EAF733-StateMachineUpdater: set stopIndex = 8
2019-10-01 21:09:51,679 [Thread-1390] INFO  impl.FollowerState (FollowerState.java:run(117)) - dbc555b8-9764-4f6e-9002-a515bdafc4eb@group-0C0BB0EAF733-FollowerState was interrupted: java.lang.InterruptedException: sleep interrupted
2019-10-01 21:09:51,680 [dbc555b8-9764-4f6e-9002-a515bdafc4eb@group-0C0BB0EAF733-StateMachineUpdater] INFO  ratis.ContainerStateMachine (ContainerStateMachine.java:takeSnapshot(289)) - group-0C0BB0EAF733: Taking a snapshot at:(t:1, i:6) file /workdir/hadoop-ozone/integration-test/target/test-dir/MiniOzoneClusterImpl-37790afc-6890-41f5-9aa1-2f370bad822b/datanode-2/data/ratis/4428b5f6-7853-466e-8f1d-0c0bb0eaf733/sm/snapshot.1_6
2019-10-01 21:09:51,692 [main] INFO  utils.BackgroundService (BackgroundService.java:shutdown(148)) - Shutting down service BlockDeletingService
2019-10-01 21:09:51,697 [dbc555b8-9764-4f6e-9002-a515bdafc4eb@group-0C0BB0EAF733-StateMachineUpdater] INFO  ratis.ContainerStateMachine (ContainerStateMachine.java:takeSnapshot(300)) - group-0C0BB0EAF733: Finished taking a snapshot at:(t:1, i:6) file:/workdir/hadoop-ozone/integration-test/target/test-dir/MiniOzoneClusterImpl-37790afc-6890-41f5-9aa1-2f370bad822b/datanode-2/data/ratis/4428b5f6-7853-466e-8f1d-0c0bb0eaf733/sm/snapshot.1_6 time:17
2019-10-01 21:09:51,698 [main] INFO  statemachine.DatanodeStateMachine (DatanodeStateMachine.java:stopDaemon(395)) - Ozone container server stopped.
2019-10-01 21:09:51,699 [dbc555b8-9764-4f6e-9002-a515bdafc4eb@group-0C0BB0EAF733-StateMachineUpdater] INFO  impl.StateMachineUpdater (StateMachineUpdater.java:takeSnapshot(269)) - dbc555b8-9764-4f6e-9002-a515bdafc4eb@group-0C0BB0EAF733-StateMachineUpdater: Took a snapshot at index 6
2019-10-01 21:09:51,699 [dbc555b8-9764-4f6e-9002-a515bdafc4eb@group-0C0BB0EAF733-StateMachineUpdater] INFO  impl.StateMachineUpdater (StateMachineUpdater.java:lambda$new$0(84)) - dbc555b8-9764-4f6e-9002-a515bdafc4eb@group-0C0BB0EAF733-StateMachineUpdater: snapshotIndex: updateIncreasingly -1 -> 6
2019-10-01 21:09:51,699 [dbc555b8-9764-4f6e-9002-a515bdafc4eb@group-0C0BB0EAF733-StateMachineUpdater] INFO  ratis.ContainerStateMachine (ContainerStateMachine.java:takeSnapshot(289)) - group-0C0BB0EAF733: Taking a snapshot at:(t:1, i:6) file /workdir/hadoop-ozone/integration-test/target/test-dir/MiniOzoneClusterImpl-37790afc-6890-41f5-9aa1-2f370bad822b/datanode-2/data/ratis/4428b5f6-7853-466e-8f1d-0c0bb0eaf733/sm/snapshot.1_6
2019-10-01 21:09:51,700 [main] INFO  handler.ContextHandler (ContextHandler.java:doStop(910)) - Stopped o.e.j.w.WebAppContext@3c0e00a8{/,null,UNAVAILABLE}{/hddsDatanode}
2019-10-01 21:09:51,701 [main] INFO  server.AbstractConnector (AbstractConnector.java:doStop(318)) - Stopped ServerConnector@1860f3be{HTTP/1.1,[http/1.1]}{0.0.0.0:0}
2019-10-01 21:09:51,702 [main] INFO  handler.ContextHandler (ContextHandler.java:doStop(910)) - Stopped o.e.j.s.ServletContextHandler@1faf386c{/static,jar:file:/home/user/.m2/repository/org/apache/hadoop/hadoop-hdds-container-service/0.5.0-SNAPSHOT/hadoop-hdds-container-service-0.5.0-SNAPSHOT.jar!/webapps/static,UNAVAILABLE}
2019-10-01 21:09:51,702 [main] INFO  handler.ContextHandler (ContextHandler.java:doStop(910)) - Stopped o.e.j.s.ServletContextHandler@6870c3c2{/logs,file:///workdir/hadoop-ozone/integration-test/target/log,UNAVAILABLE}
2019-10-01 21:09:51,712 [dbc555b8-9764-4f6e-9002-a515bdafc4eb@group-0C0BB0EAF733-StateMachineUpdater] INFO  ratis.ContainerStateMachine (ContainerStateMachine.java:takeSnapshot(300)) - group-0C0BB0EAF733: Finished taking a snapshot at:(t:1, i:6) file:/workdir/hadoop-ozone/integration-test/target/test-dir/MiniOzoneClusterImpl-37790afc-6890-41f5-9aa1-2f370bad822b/datanode-2/data/ratis/4428b5f6-7853-466e-8f1d-0c0bb0eaf733/sm/snapshot.1_6 time:13
2019-10-01 21:09:51,712 [dbc555b8-9764-4f6e-9002-a515bdafc4eb@group-0C0BB0EAF733-StateMachineUpdater] INFO  impl.StateMachineUpdater (StateMachineUpdater.java:takeSnapshot(269)) - dbc555b8-9764-4f6e-9002-a515bdafc4eb@group-0C0BB0EAF733-StateMachineUpdater: Took a snapshot at index 6
2019-10-01 21:09:51,713 [dbc555b8-9764-4f6e-9002-a515bdafc4eb@group-0C0BB0EAF733-StateMachineUpdater] INFO  impl.StateMachineUpdater (StateMachineUpdater.java:lambda$new$0(84)) - dbc555b8-9764-4f6e-9002-a515bdafc4eb@group-0C0BB0EAF733-StateMachineUpdater: snapshotIndex: updateIncreasingly 6 -> 6
2019-10-01 21:09:51,713 [ForkJoinPool.commonPool-worker-0] INFO  impl.RaftServerImpl (ServerState.java:close(387)) - dbc555b8-9764-4f6e-9002-a515bdafc4eb@group-0C0BB0EAF733: closes. applyIndex: 8
2019-10-01 21:09:51,714 [dbc555b8-9764-4f6e-9002-a515bdafc4eb@group-0C0BB0EAF733-SegmentedRaftLogWorker] INFO  segmented.SegmentedRaftLogWorker (SegmentedRaftLogWorker.java:run(316)) - dbc555b8-9764-4f6e-9002-a515bdafc4eb@group-0C0BB0EAF733-SegmentedRaftLogWorker was interrupted, exiting. There are 0 tasks remaining in the queue.
2019-10-01 21:09:51,715 [ForkJoinPool.commonPool-worker-0] INFO  segmented.SegmentedRaftLogWorker (SegmentedRaftLogWorker.java:close(224)) - dbc555b8-9764-4f6e-9002-a515bdafc4eb@group-0C0BB0EAF733-SegmentedRaftLogWorker close()
2019-10-01 21:09:51,717 [ForkJoinPool.commonPool-worker-0] INFO  server.GrpcService (GrpcService.java:closeImpl(164)) - dbc555b8-9764-4f6e-9002-a515bdafc4eb: shutdown server with port 39096 now
2019-10-01 21:09:51,718 [ForkJoinPool.commonPool-worker-0] INFO  server.GrpcService (GrpcService.java:closeImpl(172)) - dbc555b8-9764-4f6e-9002-a515bdafc4eb: shutdown server with port 39096 successfully
2019-10-01 21:09:51,719 [grpc-default-executor-7] WARN  client.GrpcClientProtocolService (LogUtils.java:warn(134)) - 45-OrderedRequestStreamObserver45: onError: org.apache.ratis.thirdparty.io.grpc.StatusRuntimeException: CANCELLED: cancelled before receiving half close
2019-10-01 21:09:51,719 [Datanode State Machine Thread - 0] INFO  statemachine.DatanodeStateMachine (DatanodeStateMachine.java:lambda$startDaemon$0(350)) - Ozone container server started.
2019-10-01 21:09:51,724 [refreshUsed-/workdir/hadoop-ozone/integration-test/target/test-dir/MiniOzoneClusterImpl-37790afc-6890-41f5-9aa1-2f370bad822b/datanode-2/data/containers] WARN  fs.CachingGetSpaceUsed (CachingGetSpaceUsed.java:run(183)) - Thread Interrupted waiting to refresh disk information: sleep interrupted
2019-10-01 21:09:51,736 [ForkJoinPool.commonPool-worker-0] INFO  utils.BackgroundService (BackgroundService.java:shutdown(148)) - Shutting down service BlockDeletingService
2019-10-01 21:09:51,741 [ForkJoinPool.commonPool-worker-0] INFO  statemachine.DatanodeStateMachine (DatanodeStateMachine.java:stopDaemon(395)) - Ozone container server stopped.
2019-10-01 21:09:51,747 [ForkJoinPool.commonPool-worker-0] INFO  handler.ContextHandler (ContextHandler.java:doStop(910)) - Stopped o.e.j.w.WebAppContext@3af58f76{/,null,UNAVAILABLE}{/hddsDatanode}
2019-10-01 21:09:51,747 [ForkJoinPool.commonPool-worker-0] INFO  server.AbstractConnector (AbstractConnector.java:doStop(318)) - Stopped ServerConnector@2ead6ba4{HTTP/1.1,[http/1.1]}{0.0.0.0:0}
2019-10-01 21:09:51,749 [ForkJoinPool.commonPool-worker-0] INFO  handler.ContextHandler (ContextHandler.java:doStop(910)) - Stopped o.e.j.s.ServletContextHandler@12a470dd{/static,jar:file:/home/user/.m2/repository/org/apache/hadoop/hadoop-hdds-container-service/0.5.0-SNAPSHOT/hadoop-hdds-container-service-0.5.0-SNAPSHOT.jar!/webapps/static,UNAVAILABLE}
2019-10-01 21:09:51,751 [ForkJoinPool.commonPool-worker-0] INFO  handler.ContextHandler (ContextHandler.java:doStop(910)) - Stopped o.e.j.s.ServletContextHandler@3a7e365{/logs,file:///workdir/hadoop-ozone/integration-test/target/log,UNAVAILABLE}
2019-10-01 21:09:51,863 [grpc-default-executor-7] WARN  server.GrpcLogAppender (LogUtils.java:warn(134)) - e661b9e5-9005-4795-83ab-67c790a4fd6e@group-5BB5F28A794E->f2db16a1-f388-443d-a7ae-c224f468f361-AppendLogResponseHandler: Failed appendEntries: org.apache.ratis.thirdparty.io.grpc.StatusRuntimeException: UNAVAILABLE: io exception
2019-10-01 21:09:51,863 [grpc-default-executor-7] INFO  impl.FollowerInfo (FollowerInfo.java:lambda$new$0(51)) - e661b9e5-9005-4795-83ab-67c790a4fd6e@group-5BB5F28A794E->f2db16a1-f388-443d-a7ae-c224f468f361: nextIndex: updateUnconditionally 0 -> 0
2019-10-01 21:09:51,882 [grpc-default-executor-7] WARN  server.GrpcLogAppender (LogUtils.java:warn(134)) - e661b9e5-9005-4795-83ab-67c790a4fd6e@group-5BB5F28A794E->38ed4df7-2972-4264-9226-bd7ce605656a-AppendLogResponseHandler: Failed appendEntries: org.apache.ratis.thirdparty.io.grpc.StatusRuntimeException: UNAVAILABLE: io exception
2019-10-01 21:09:51,882 [grpc-default-executor-7] INFO  impl.FollowerInfo (FollowerInfo.java:lambda$new$0(51)) - e661b9e5-9005-4795-83ab-67c790a4fd6e@group-5BB5F28A794E->38ed4df7-2972-4264-9226-bd7ce605656a: nextIndex: updateUnconditionally 0 -> 0
2019-10-01 21:09:52,326 [Datanode State Machine Thread - 0] INFO  statemachine.DatanodeStateMachine (DatanodeStateMachine.java:lambda$startDaemon$0(350)) - Ozone container server started.
2019-10-01 21:09:54,365 [grpc-default-executor-7] WARN  server.GrpcLogAppender (LogUtils.java:warn(134)) - e661b9e5-9005-4795-83ab-67c790a4fd6e@group-5BB5F28A794E->f2db16a1-f388-443d-a7ae-c224f468f361-AppendLogResponseHandler: Failed appendEntries: org.apache.ratis.thirdparty.io.grpc.StatusRuntimeException: UNAVAILABLE: io exception
2019-10-01 21:09:54,366 [grpc-default-executor-7] INFO  impl.FollowerInfo (FollowerInfo.java:lambda$new$0(51)) - e661b9e5-9005-4795-83ab-67c790a4fd6e@group-5BB5F28A794E->f2db16a1-f388-443d-a7ae-c224f468f361: nextIndex: updateUnconditionally 0 -> 0
2019-10-01 21:09:54,383 [grpc-default-executor-6] WARN  server.GrpcLogAppender (LogUtils.java:warn(134)) - e661b9e5-9005-4795-83ab-67c790a4fd6e@group-5BB5F28A794E->38ed4df7-2972-4264-9226-bd7ce605656a-AppendLogResponseHandler: Failed appendEntries: org.apache.ratis.thirdparty.io.grpc.StatusRuntimeException: UNAVAILABLE: io exception
2019-10-01 21:09:54,383 [grpc-default-executor-6] INFO  impl.FollowerInfo (FollowerInfo.java:lambda$new$0(51)) - e661b9e5-9005-4795-83ab-67c790a4fd6e@group-5BB5F28A794E->38ed4df7-2972-4264-9226-bd7ce605656a: nextIndex: updateUnconditionally 0 -> 0
2019-10-01 21:09:55,859 [Thread-1391] INFO  impl.FollowerState (FollowerState.java:run(108)) - bcd46168-679d-4a79-8dbc-a2d812c19c0f@group-0C0BB0EAF733-FollowerState: change to CANDIDATE, lastRpcTime:5033ms, electionTimeout:5033ms
2019-10-01 21:09:55,860 [Thread-1391] INFO  impl.RoleInfo (RoleInfo.java:shutdownFollowerState(121)) - bcd46168-679d-4a79-8dbc-a2d812c19c0f: shutdown FollowerState
2019-10-01 21:09:55,860 [Thread-1391] INFO  impl.RaftServerImpl (RaftServerImpl.java:setRole(170)) - bcd46168-679d-4a79-8dbc-a2d812c19c0f@group-0C0BB0EAF733: changes role from  FOLLOWER to CANDIDATE at term 2 for changeToCandidate
2019-10-01 21:09:55,861 [Thread-1391] INFO  impl.RoleInfo (RoleInfo.java:updateAndGet(143)) - bcd46168-679d-4a79-8dbc-a2d812c19c0f: start LeaderElection
2019-10-01 21:09:55,876 [bcd46168-679d-4a79-8dbc-a2d812c19c0f@group-0C0BB0EAF733-LeaderElection32] INFO  impl.LeaderElection (LeaderElection.java:askForVotes(178)) - bcd46168-679d-4a79-8dbc-a2d812c19c0f@group-0C0BB0EAF733-LeaderElection32: begin an election at term 3 for 0: [bcd46168-679d-4a79-8dbc-a2d812c19c0f:192.168.5.177:43272, bb36cdf8-c471-492b-b357-37f3d92a881f:192.168.5.177:40031, dbc555b8-9764-4f6e-9002-a515bdafc4eb:192.168.5.177:39096], old=null
2019-10-01 21:09:55,879 [bcd46168-679d-4a79-8dbc-a2d812c19c0f@group-0C0BB0EAF733-LeaderElection32] INFO  impl.LeaderElection (LogUtils.java:infoOrTrace(149)) - bcd46168-679d-4a79-8dbc-a2d812c19c0f@group-0C0BB0EAF733-LeaderElection32 got exception when requesting votes: {}
java.util.concurrent.ExecutionException: org.apache.ratis.thirdparty.io.grpc.StatusRuntimeException: UNAVAILABLE: io exception
	at java.util.concurrent.FutureTask.report(FutureTask.java:122)
	at java.util.concurrent.FutureTask.get(FutureTask.java:192)
	at org.apache.ratis.server.impl.LeaderElection.waitForResults(LeaderElection.java:259)
	at org.apache.ratis.server.impl.LeaderElection.askForVotes(LeaderElection.java:197)
	at org.apache.ratis.server.impl.LeaderElection.run(LeaderElection.java:133)
	at java.lang.Thread.run(Thread.java:748)
Caused by: org.apache.ratis.thirdparty.io.grpc.StatusRuntimeException: UNAVAILABLE: io exception
	at org.apache.ratis.thirdparty.io.grpc.stub.ClientCalls.toStatusRuntimeException(ClientCalls.java:233)
	at org.apache.ratis.thirdparty.io.grpc.stub.ClientCalls.getUnchecked(ClientCalls.java:214)
	at org.apache.ratis.thirdparty.io.grpc.stub.ClientCalls.blockingUnaryCall(ClientCalls.java:139)
	at org.apache.ratis.proto.grpc.RaftServerProtocolServiceGrpc$RaftServerProtocolServiceBlockingStub.requestVote(RaftServerProtocolServiceGrpc.java:265)
	at org.apache.ratis.grpc.server.GrpcServerProtocolClient.requestVote(GrpcServerProtocolClient.java:99)
	at org.apache.ratis.grpc.server.GrpcService.requestVote(GrpcService.java:204)
	at org.apache.ratis.server.impl.LeaderElection.lambda$submitRequests$1(LeaderElection.java:234)
	at java.util.concurrent.FutureTask.run(FutureTask.java:266)
	at java.util.concurrent.Executors$RunnableAdapter.call(Executors.java:511)
	at java.util.concurrent.FutureTask.run(FutureTask.java:266)
	at java.util.concurrent.ThreadPoolExecutor.runWorker(ThreadPoolExecutor.java:1149)
	at java.util.concurrent.ThreadPoolExecutor$Worker.run(ThreadPoolExecutor.java:624)
	... 1 more
Caused by: org.apache.ratis.thirdparty.io.netty.channel.AbstractChannel$AnnotatedConnectException: Connection refused: /192.168.5.177:40031
	at sun.nio.ch.SocketChannelImpl.checkConnect(Native Method)
	at sun.nio.ch.SocketChannelImpl.finishConnect(SocketChannelImpl.java:717)
	at org.apache.ratis.thirdparty.io.netty.channel.socket.nio.NioSocketChannel.doFinishConnect(NioSocketChannel.java:327)
	at org.apache.ratis.thirdparty.io.netty.channel.nio.AbstractNioChannel$AbstractNioUnsafe.finishConnect(AbstractNioChannel.java:340)
	at org.apache.ratis.thirdparty.io.netty.channel.nio.NioEventLoop.processSelectedKey(NioEventLoop.java:632)
	at org.apache.ratis.thirdparty.io.netty.channel.nio.NioEventLoop.processSelectedKeysOptimized(NioEventLoop.java:579)
	at org.apache.ratis.thirdparty.io.netty.channel.nio.NioEventLoop.processSelectedKeys(NioEventLoop.java:496)
	at org.apache.ratis.thirdparty.io.netty.channel.nio.NioEventLoop.run(NioEventLoop.java:458)
	at org.apache.ratis.thirdparty.io.netty.util.concurrent.SingleThreadEventExecutor$5.run(SingleThreadEventExecutor.java:897)
	at org.apache.ratis.thirdparty.io.netty.util.concurrent.FastThreadLocalRunnable.run(FastThreadLocalRunnable.java:30)
	... 1 more
Caused by: java.net.ConnectException: Connection refused
	... 11 more
2019-10-01 21:09:55,889 [bcd46168-679d-4a79-8dbc-a2d812c19c0f@group-0C0BB0EAF733-LeaderElection32] INFO  impl.LeaderElection (LogUtils.java:infoOrTrace(149)) - bcd46168-679d-4a79-8dbc-a2d812c19c0f@group-0C0BB0EAF733-LeaderElection32 got exception when requesting votes: {}
java.util.concurrent.ExecutionException: org.apache.ratis.thirdparty.io.grpc.StatusRuntimeException: UNAVAILABLE: io exception
	at java.util.concurrent.FutureTask.report(FutureTask.java:122)
	at java.util.concurrent.FutureTask.get(FutureTask.java:192)
	at org.apache.ratis.server.impl.LeaderElection.waitForResults(LeaderElection.java:259)
	at org.apache.ratis.server.impl.LeaderElection.askForVotes(LeaderElection.java:197)
	at org.apache.ratis.server.impl.LeaderElection.run(LeaderElection.java:133)
	at java.lang.Thread.run(Thread.java:748)
Caused by: org.apache.ratis.thirdparty.io.grpc.StatusRuntimeException: UNAVAILABLE: io exception
	at org.apache.ratis.thirdparty.io.grpc.stub.ClientCalls.toStatusRuntimeException(ClientCalls.java:233)
	at org.apache.ratis.thirdparty.io.grpc.stub.ClientCalls.getUnchecked(ClientCalls.java:214)
	at org.apache.ratis.thirdparty.io.grpc.stub.ClientCalls.blockingUnaryCall(ClientCalls.java:139)
	at org.apache.ratis.proto.grpc.RaftServerProtocolServiceGrpc$RaftServerProtocolServiceBlockingStub.requestVote(RaftServerProtocolServiceGrpc.java:265)
	at org.apache.ratis.grpc.server.GrpcServerProtocolClient.requestVote(GrpcServerProtocolClient.java:99)
	at org.apache.ratis.grpc.server.GrpcService.requestVote(GrpcService.java:204)
	at org.apache.ratis.server.impl.LeaderElection.lambda$submitRequests$1(LeaderElection.java:234)
	at java.util.concurrent.FutureTask.run(FutureTask.java:266)
	at java.util.concurrent.Executors$RunnableAdapter.call(Executors.java:511)
	at java.util.concurrent.FutureTask.run(FutureTask.java:266)
	at java.util.concurrent.ThreadPoolExecutor.runWorker(ThreadPoolExecutor.java:1149)
	at java.util.concurrent.ThreadPoolExecutor$Worker.run(ThreadPoolExecutor.java:624)
	... 1 more
Caused by: org.apache.ratis.thirdparty.io.netty.channel.AbstractChannel$AnnotatedConnectException: Connection refused: /192.168.5.177:39096
	at sun.nio.ch.SocketChannelImpl.checkConnect(Native Method)
	at sun.nio.ch.SocketChannelImpl.finishConnect(SocketChannelImpl.java:717)
	at org.apache.ratis.thirdparty.io.netty.channel.socket.nio.NioSocketChannel.doFinishConnect(NioSocketChannel.java:327)
	at org.apache.ratis.thirdparty.io.netty.channel.nio.AbstractNioChannel$AbstractNioUnsafe.finishConnect(AbstractNioChannel.java:340)
	at org.apache.ratis.thirdparty.io.netty.channel.nio.NioEventLoop.processSelectedKey(NioEventLoop.java:632)
	at org.apache.ratis.thirdparty.io.netty.channel.nio.NioEventLoop.processSelectedKeysOptimized(NioEventLoop.java:579)
	at org.apache.ratis.thirdparty.io.netty.channel.nio.NioEventLoop.processSelectedKeys(NioEventLoop.java:496)
	at org.apache.ratis.thirdparty.io.netty.channel.nio.NioEventLoop.run(NioEventLoop.java:458)
	at org.apache.ratis.thirdparty.io.netty.util.concurrent.SingleThreadEventExecutor$5.run(SingleThreadEventExecutor.java:897)
	at org.apache.ratis.thirdparty.io.netty.util.concurrent.FastThreadLocalRunnable.run(FastThreadLocalRunnable.java:30)
	... 1 more
Caused by: java.net.ConnectException: Connection refused
	... 11 more
2019-10-01 21:09:55,892 [bcd46168-679d-4a79-8dbc-a2d812c19c0f@group-0C0BB0EAF733-LeaderElection32] INFO  impl.LeaderElection (LeaderElection.java:logAndReturn(56)) - bcd46168-679d-4a79-8dbc-a2d812c19c0f@group-0C0BB0EAF733-LeaderElection32: Election REJECTED; received 0 response(s) [] and 2 exception(s); bcd46168-679d-4a79-8dbc-a2d812c19c0f@group-0C0BB0EAF733:t3, leader=null, voted=bcd46168-679d-4a79-8dbc-a2d812c19c0f, raftlog=bcd46168-679d-4a79-8dbc-a2d812c19c0f@group-0C0BB0EAF733-SegmentedRaftLog:OPENED:c8,f8,i8, conf=0: [bcd46168-679d-4a79-8dbc-a2d812c19c0f:192.168.5.177:43272, bb36cdf8-c471-492b-b357-37f3d92a881f:192.168.5.177:40031, dbc555b8-9764-4f6e-9002-a515bdafc4eb:192.168.5.177:39096], old=null
2019-10-01 21:09:55,892 [bcd46168-679d-4a79-8dbc-a2d812c19c0f@group-0C0BB0EAF733-LeaderElection32] INFO  impl.LeaderElection (LogUtils.java:infoOrTrace(149)) -   Exception 0: {}
java.util.concurrent.ExecutionException: org.apache.ratis.thirdparty.io.grpc.StatusRuntimeException: UNAVAILABLE: io exception
	at java.util.concurrent.FutureTask.report(FutureTask.java:122)
	at java.util.concurrent.FutureTask.get(FutureTask.java:192)
	at org.apache.ratis.server.impl.LeaderElection.waitForResults(LeaderElection.java:259)
	at org.apache.ratis.server.impl.LeaderElection.askForVotes(LeaderElection.java:197)
	at org.apache.ratis.server.impl.LeaderElection.run(LeaderElection.java:133)
	at java.lang.Thread.run(Thread.java:748)
Caused by: org.apache.ratis.thirdparty.io.grpc.StatusRuntimeException: UNAVAILABLE: io exception
	at org.apache.ratis.thirdparty.io.grpc.stub.ClientCalls.toStatusRuntimeException(ClientCalls.java:233)
	at org.apache.ratis.thirdparty.io.grpc.stub.ClientCalls.getUnchecked(ClientCalls.java:214)
	at org.apache.ratis.thirdparty.io.grpc.stub.ClientCalls.blockingUnaryCall(ClientCalls.java:139)
	at org.apache.ratis.proto.grpc.RaftServerProtocolServiceGrpc$RaftServerProtocolServiceBlockingStub.requestVote(RaftServerProtocolServiceGrpc.java:265)
	at org.apache.ratis.grpc.server.GrpcServerProtocolClient.requestVote(GrpcServerProtocolClient.java:99)
	at org.apache.ratis.grpc.server.GrpcService.requestVote(GrpcService.java:204)
	at org.apache.ratis.server.impl.LeaderElection.lambda$submitRequests$1(LeaderElection.java:234)
	at java.util.concurrent.FutureTask.run(FutureTask.java:266)
	at java.util.concurrent.Executors$RunnableAdapter.call(Executors.java:511)
	at java.util.concurrent.FutureTask.run(FutureTask.java:266)
	at java.util.concurrent.ThreadPoolExecutor.runWorker(ThreadPoolExecutor.java:1149)
	at java.util.concurrent.ThreadPoolExecutor$Worker.run(ThreadPoolExecutor.java:624)
	... 1 more
Caused by: org.apache.ratis.thirdparty.io.netty.channel.AbstractChannel$AnnotatedConnectException: Connection refused: /192.168.5.177:40031
	at sun.nio.ch.SocketChannelImpl.checkConnect(Native Method)
	at sun.nio.ch.SocketChannelImpl.finishConnect(SocketChannelImpl.java:717)
	at org.apache.ratis.thirdparty.io.netty.channel.socket.nio.NioSocketChannel.doFinishConnect(NioSocketChannel.java:327)
	at org.apache.ratis.thirdparty.io.netty.channel.nio.AbstractNioChannel$AbstractNioUnsafe.finishConnect(AbstractNioChannel.java:340)
	at org.apache.ratis.thirdparty.io.netty.channel.nio.NioEventLoop.processSelectedKey(NioEventLoop.java:632)
	at org.apache.ratis.thirdparty.io.netty.channel.nio.NioEventLoop.processSelectedKeysOptimized(NioEventLoop.java:579)
	at org.apache.ratis.thirdparty.io.netty.channel.nio.NioEventLoop.processSelectedKeys(NioEventLoop.java:496)
	at org.apache.ratis.thirdparty.io.netty.channel.nio.NioEventLoop.run(NioEventLoop.java:458)
	at org.apache.ratis.thirdparty.io.netty.util.concurrent.SingleThreadEventExecutor$5.run(SingleThreadEventExecutor.java:897)
	at org.apache.ratis.thirdparty.io.netty.util.concurrent.FastThreadLocalRunnable.run(FastThreadLocalRunnable.java:30)
	... 1 more
Caused by: java.net.ConnectException: Connection refused
	... 11 more
2019-10-01 21:09:55,892 [bcd46168-679d-4a79-8dbc-a2d812c19c0f@group-0C0BB0EAF733-LeaderElection32] INFO  impl.LeaderElection (LogUtils.java:infoOrTrace(149)) -   Exception 1: {}
java.util.concurrent.ExecutionException: org.apache.ratis.thirdparty.io.grpc.StatusRuntimeException: UNAVAILABLE: io exception
	at java.util.concurrent.FutureTask.report(FutureTask.java:122)
	at java.util.concurrent.FutureTask.get(FutureTask.java:192)
	at org.apache.ratis.server.impl.LeaderElection.waitForResults(LeaderElection.java:259)
	at org.apache.ratis.server.impl.LeaderElection.askForVotes(LeaderElection.java:197)
	at org.apache.ratis.server.impl.LeaderElection.run(LeaderElection.java:133)
	at java.lang.Thread.run(Thread.java:748)
Caused by: org.apache.ratis.thirdparty.io.grpc.StatusRuntimeException: UNAVAILABLE: io exception
	at org.apache.ratis.thirdparty.io.grpc.stub.ClientCalls.toStatusRuntimeException(ClientCalls.java:233)
	at org.apache.ratis.thirdparty.io.grpc.stub.ClientCalls.getUnchecked(ClientCalls.java:214)
	at org.apache.ratis.thirdparty.io.grpc.stub.ClientCalls.blockingUnaryCall(ClientCalls.java:139)
	at org.apache.ratis.proto.grpc.RaftServerProtocolServiceGrpc$RaftServerProtocolServiceBlockingStub.requestVote(RaftServerProtocolServiceGrpc.java:265)
	at org.apache.ratis.grpc.server.GrpcServerProtocolClient.requestVote(GrpcServerProtocolClient.java:99)
	at org.apache.ratis.grpc.server.GrpcService.requestVote(GrpcService.java:204)
	at org.apache.ratis.server.impl.LeaderElection.lambda$submitRequests$1(LeaderElection.java:234)
	at java.util.concurrent.FutureTask.run(FutureTask.java:266)
	at java.util.concurrent.Executors$RunnableAdapter.call(Executors.java:511)
	at java.util.concurrent.FutureTask.run(FutureTask.java:266)
	at java.util.concurrent.ThreadPoolExecutor.runWorker(ThreadPoolExecutor.java:1149)
	at java.util.concurrent.ThreadPoolExecutor$Worker.run(ThreadPoolExecutor.java:624)
	... 1 more
Caused by: org.apache.ratis.thirdparty.io.netty.channel.AbstractChannel$AnnotatedConnectException: Connection refused: /192.168.5.177:39096
	at sun.nio.ch.SocketChannelImpl.checkConnect(Native Method)
	at sun.nio.ch.SocketChannelImpl.finishConnect(SocketChannelImpl.java:717)
	at org.apache.ratis.thirdparty.io.netty.channel.socket.nio.NioSocketChannel.doFinishConnect(NioSocketChannel.java:327)
	at org.apache.ratis.thirdparty.io.netty.channel.nio.AbstractNioChannel$AbstractNioUnsafe.finishConnect(AbstractNioChannel.java:340)
	at org.apache.ratis.thirdparty.io.netty.channel.nio.NioEventLoop.processSelectedKey(NioEventLoop.java:632)
	at org.apache.ratis.thirdparty.io.netty.channel.nio.NioEventLoop.processSelectedKeysOptimized(NioEventLoop.java:579)
	at org.apache.ratis.thirdparty.io.netty.channel.nio.NioEventLoop.processSelectedKeys(NioEventLoop.java:496)
	at org.apache.ratis.thirdparty.io.netty.channel.nio.NioEventLoop.run(NioEventLoop.java:458)
	at org.apache.ratis.thirdparty.io.netty.util.concurrent.SingleThreadEventExecutor$5.run(SingleThreadEventExecutor.java:897)
	at org.apache.ratis.thirdparty.io.netty.util.concurrent.FastThreadLocalRunnable.run(FastThreadLocalRunnable.java:30)
	... 1 more
Caused by: java.net.ConnectException: Connection refused
	... 11 more
2019-10-01 21:09:55,893 [bcd46168-679d-4a79-8dbc-a2d812c19c0f@group-0C0BB0EAF733-LeaderElection32] INFO  impl.RaftServerImpl (RaftServerImpl.java:setRole(170)) - bcd46168-679d-4a79-8dbc-a2d812c19c0f@group-0C0BB0EAF733: changes role from CANDIDATE to FOLLOWER at term 3 for DISCOVERED_A_NEW_TERM
2019-10-01 21:09:55,893 [bcd46168-679d-4a79-8dbc-a2d812c19c0f@group-0C0BB0EAF733-LeaderElection32] INFO  impl.RoleInfo (RoleInfo.java:shutdownLeaderElection(134)) - bcd46168-679d-4a79-8dbc-a2d812c19c0f: shutdown LeaderElection
2019-10-01 21:09:55,893 [bcd46168-679d-4a79-8dbc-a2d812c19c0f@group-0C0BB0EAF733-LeaderElection32] INFO  impl.RoleInfo (RoleInfo.java:updateAndGet(143)) - bcd46168-679d-4a79-8dbc-a2d812c19c0f: start FollowerState
2019-10-01 21:09:56,705 [main] INFO  ozoneimpl.OzoneContainer (OzoneContainer.java:stop(231)) - Attempting to stop container services.
2019-10-01 21:09:56,708 [main] INFO  impl.RaftServerProxy (RaftServerProxy.java:lambda$close$4(314)) - e41c68bc-da26-41ad-a2a9-43c33cda68f5: close
2019-10-01 21:09:56,709 [main] INFO  server.GrpcService (GrpcService.java:closeImpl(164)) - e41c68bc-da26-41ad-a2a9-43c33cda68f5: shutdown server with port 46787 now
2019-10-01 21:09:56,710 [main] INFO  server.GrpcService (GrpcService.java:closeImpl(172)) - e41c68bc-da26-41ad-a2a9-43c33cda68f5: shutdown server with port 46787 successfully
2019-10-01 21:09:56,713 [refreshUsed-/workdir/hadoop-ozone/integration-test/target/test-dir/MiniOzoneClusterImpl-37790afc-6890-41f5-9aa1-2f370bad822b/datanode-6/data/containers] WARN  fs.CachingGetSpaceUsed (CachingGetSpaceUsed.java:run(183)) - Thread Interrupted waiting to refresh disk information: sleep interrupted
2019-10-01 21:09:56,744 [main] INFO  utils.BackgroundService (BackgroundService.java:shutdown(148)) - Shutting down service BlockDeletingService
2019-10-01 21:09:56,750 [main] INFO  statemachine.DatanodeStateMachine (DatanodeStateMachine.java:stopDaemon(395)) - Ozone container server stopped.
2019-10-01 21:09:56,754 [main] INFO  handler.ContextHandler (ContextHandler.java:doStop(910)) - Stopped o.e.j.w.WebAppContext@4b432e53{/,null,UNAVAILABLE}{/hddsDatanode}
2019-10-01 21:09:56,754 [ForkJoinPool.commonPool-worker-0] INFO  ozoneimpl.OzoneContainer (OzoneContainer.java:stop(231)) - Attempting to stop container services.
2019-10-01 21:09:56,755 [ForkJoinPool.commonPool-worker-0] INFO  impl.RaftServerProxy (RaftServerProxy.java:lambda$close$4(314)) - bcd46168-679d-4a79-8dbc-a2d812c19c0f: close
2019-10-01 21:09:56,755 [ForkJoinPool.commonPool-worker-0] INFO  impl.RaftServerImpl (RaftServerImpl.java:lambda$shutdown$3(247)) - bcd46168-679d-4a79-8dbc-a2d812c19c0f@group-165B449AA2A9: shutdown
2019-10-01 21:09:56,755 [main] INFO  server.AbstractConnector (AbstractConnector.java:doStop(318)) - Stopped ServerConnector@2b916808{HTTP/1.1,[http/1.1]}{0.0.0.0:0}
2019-10-01 21:09:56,756 [ForkJoinPool.commonPool-worker-0] INFO  util.JmxRegister (JmxRegister.java:unregister(73)) - Successfully un-registered JMX Bean with object name Ratis:service=RaftServer,group=group-165B449AA2A9,id=bcd46168-679d-4a79-8dbc-a2d812c19c0f
2019-10-01 21:09:56,756 [main] INFO  handler.ContextHandler (ContextHandler.java:doStop(910)) - Stopped o.e.j.s.ServletContextHandler@f2a1813{/static,jar:file:/home/user/.m2/repository/org/apache/hadoop/hadoop-hdds-container-service/0.5.0-SNAPSHOT/hadoop-hdds-container-service-0.5.0-SNAPSHOT.jar!/webapps/static,UNAVAILABLE}
2019-10-01 21:09:56,757 [ForkJoinPool.commonPool-worker-0] INFO  impl.RoleInfo (RoleInfo.java:shutdownLeaderState(104)) - bcd46168-679d-4a79-8dbc-a2d812c19c0f: shutdown LeaderState
2019-10-01 21:09:56,757 [main] INFO  handler.ContextHandler (ContextHandler.java:doStop(910)) - Stopped o.e.j.s.ServletContextHandler@59c04bee{/logs,file:///workdir/hadoop-ozone/integration-test/target/log,UNAVAILABLE}
2019-10-01 21:09:56,757 [ForkJoinPool.commonPool-worker-0] INFO  impl.PendingRequests (PendingRequests.java:sendNotLeaderResponses(202)) - bcd46168-679d-4a79-8dbc-a2d812c19c0f@group-165B449AA2A9-PendingRequests: sendNotLeaderResponses
2019-10-01 21:09:56,759 [ForkJoinPool.commonPool-worker-0] INFO  impl.StateMachineUpdater (StateMachineUpdater.java:stopAndJoin(136)) - bcd46168-679d-4a79-8dbc-a2d812c19c0f@group-165B449AA2A9-StateMachineUpdater: set stopIndex = 0
2019-10-01 21:09:56,759 [ForkJoinPool.commonPool-worker-0] INFO  impl.RaftServerImpl (ServerState.java:close(387)) - bcd46168-679d-4a79-8dbc-a2d812c19c0f@group-165B449AA2A9: closes. applyIndex: 0
2019-10-01 21:09:56,760 [bcd46168-679d-4a79-8dbc-a2d812c19c0f@group-165B449AA2A9-SegmentedRaftLogWorker] INFO  segmented.SegmentedRaftLogWorker (SegmentedRaftLogWorker.java:run(316)) - bcd46168-679d-4a79-8dbc-a2d812c19c0f@group-165B449AA2A9-SegmentedRaftLogWorker was interrupted, exiting. There are 0 tasks remaining in the queue.
2019-10-01 21:09:56,762 [ForkJoinPool.commonPool-worker-0] INFO  segmented.SegmentedRaftLogWorker (SegmentedRaftLogWorker.java:close(224)) - bcd46168-679d-4a79-8dbc-a2d812c19c0f@group-165B449AA2A9-SegmentedRaftLogWorker close()
2019-10-01 21:09:56,763 [ForkJoinPool.commonPool-worker-0] INFO  impl.RaftServerImpl (RaftServerImpl.java:lambda$shutdown$3(247)) - bcd46168-679d-4a79-8dbc-a2d812c19c0f@group-0C0BB0EAF733: shutdown
2019-10-01 21:09:56,764 [ForkJoinPool.commonPool-worker-0] INFO  util.JmxRegister (JmxRegister.java:unregister(73)) - Successfully un-registered JMX Bean with object name Ratis:service=RaftServer,group=group-0C0BB0EAF733,id=bcd46168-679d-4a79-8dbc-a2d812c19c0f
2019-10-01 21:09:56,764 [ForkJoinPool.commonPool-worker-0] INFO  impl.RoleInfo (RoleInfo.java:shutdownFollowerState(121)) - bcd46168-679d-4a79-8dbc-a2d812c19c0f: shutdown FollowerState
2019-10-01 21:09:56,764 [ForkJoinPool.commonPool-worker-0] INFO  impl.StateMachineUpdater (StateMachineUpdater.java:stopAndJoin(136)) - bcd46168-679d-4a79-8dbc-a2d812c19c0f@group-0C0BB0EAF733-StateMachineUpdater: set stopIndex = 8
2019-10-01 21:09:56,765 [bcd46168-679d-4a79-8dbc-a2d812c19c0f@group-0C0BB0EAF733-StateMachineUpdater] INFO  ratis.ContainerStateMachine (ContainerStateMachine.java:takeSnapshot(289)) - group-0C0BB0EAF733: Taking a snapshot at:(t:1, i:6) file /workdir/hadoop-ozone/integration-test/target/test-dir/MiniOzoneClusterImpl-37790afc-6890-41f5-9aa1-2f370bad822b/datanode-0/data/ratis/4428b5f6-7853-466e-8f1d-0c0bb0eaf733/sm/snapshot.1_6
2019-10-01 21:09:56,765 [Thread-1395] INFO  impl.FollowerState (FollowerState.java:run(117)) - bcd46168-679d-4a79-8dbc-a2d812c19c0f@group-0C0BB0EAF733-FollowerState was interrupted: java.lang.InterruptedException: sleep interrupted
2019-10-01 21:09:56,780 [bcd46168-679d-4a79-8dbc-a2d812c19c0f@group-0C0BB0EAF733-StateMachineUpdater] INFO  ratis.ContainerStateMachine (ContainerStateMachine.java:takeSnapshot(300)) - group-0C0BB0EAF733: Finished taking a snapshot at:(t:1, i:6) file:/workdir/hadoop-ozone/integration-test/target/test-dir/MiniOzoneClusterImpl-37790afc-6890-41f5-9aa1-2f370bad822b/datanode-0/data/ratis/4428b5f6-7853-466e-8f1d-0c0bb0eaf733/sm/snapshot.1_6 time:16
2019-10-01 21:09:56,780 [bcd46168-679d-4a79-8dbc-a2d812c19c0f@group-0C0BB0EAF733-StateMachineUpdater] INFO  impl.StateMachineUpdater (StateMachineUpdater.java:takeSnapshot(269)) - bcd46168-679d-4a79-8dbc-a2d812c19c0f@group-0C0BB0EAF733-StateMachineUpdater: Took a snapshot at index 6
2019-10-01 21:09:56,780 [bcd46168-679d-4a79-8dbc-a2d812c19c0f@group-0C0BB0EAF733-StateMachineUpdater] INFO  impl.StateMachineUpdater (StateMachineUpdater.java:lambda$new$0(84)) - bcd46168-679d-4a79-8dbc-a2d812c19c0f@group-0C0BB0EAF733-StateMachineUpdater: snapshotIndex: updateIncreasingly -1 -> 6
2019-10-01 21:09:56,781 [bcd46168-679d-4a79-8dbc-a2d812c19c0f@group-0C0BB0EAF733-StateMachineUpdater] INFO  ratis.ContainerStateMachine (ContainerStateMachine.java:takeSnapshot(289)) - group-0C0BB0EAF733: Taking a snapshot at:(t:1, i:6) file /workdir/hadoop-ozone/integration-test/target/test-dir/MiniOzoneClusterImpl-37790afc-6890-41f5-9aa1-2f370bad822b/datanode-0/data/ratis/4428b5f6-7853-466e-8f1d-0c0bb0eaf733/sm/snapshot.1_6
2019-10-01 21:09:56,793 [bcd46168-679d-4a79-8dbc-a2d812c19c0f@group-0C0BB0EAF733-StateMachineUpdater] INFO  ratis.ContainerStateMachine (ContainerStateMachine.java:takeSnapshot(300)) - group-0C0BB0EAF733: Finished taking a snapshot at:(t:1, i:6) file:/workdir/hadoop-ozone/integration-test/target/test-dir/MiniOzoneClusterImpl-37790afc-6890-41f5-9aa1-2f370bad822b/datanode-0/data/ratis/4428b5f6-7853-466e-8f1d-0c0bb0eaf733/sm/snapshot.1_6 time:12
2019-10-01 21:09:56,793 [bcd46168-679d-4a79-8dbc-a2d812c19c0f@group-0C0BB0EAF733-StateMachineUpdater] INFO  impl.StateMachineUpdater (StateMachineUpdater.java:takeSnapshot(269)) - bcd46168-679d-4a79-8dbc-a2d812c19c0f@group-0C0BB0EAF733-StateMachineUpdater: Took a snapshot at index 6
2019-10-01 21:09:56,793 [bcd46168-679d-4a79-8dbc-a2d812c19c0f@group-0C0BB0EAF733-StateMachineUpdater] INFO  impl.StateMachineUpdater (StateMachineUpdater.java:lambda$new$0(84)) - bcd46168-679d-4a79-8dbc-a2d812c19c0f@group-0C0BB0EAF733-StateMachineUpdater: snapshotIndex: updateIncreasingly 6 -> 6
2019-10-01 21:09:56,794 [ForkJoinPool.commonPool-worker-0] INFO  impl.RaftServerImpl (ServerState.java:close(387)) - bcd46168-679d-4a79-8dbc-a2d812c19c0f@group-0C0BB0EAF733: closes. applyIndex: 8
2019-10-01 21:09:56,794 [bcd46168-679d-4a79-8dbc-a2d812c19c0f@group-0C0BB0EAF733-SegmentedRaftLogWorker] INFO  segmented.SegmentedRaftLogWorker (SegmentedRaftLogWorker.java:run(316)) - bcd46168-679d-4a79-8dbc-a2d812c19c0f@group-0C0BB0EAF733-SegmentedRaftLogWorker was interrupted, exiting. There are 0 tasks remaining in the queue.
2019-10-01 21:09:56,796 [ForkJoinPool.commonPool-worker-0] INFO  segmented.SegmentedRaftLogWorker (SegmentedRaftLogWorker.java:close(224)) - bcd46168-679d-4a79-8dbc-a2d812c19c0f@group-0C0BB0EAF733-SegmentedRaftLogWorker close()
2019-10-01 21:09:56,803 [ForkJoinPool.commonPool-worker-0] INFO  server.GrpcService (GrpcService.java:closeImpl(164)) - bcd46168-679d-4a79-8dbc-a2d812c19c0f: shutdown server with port 43272 now
2019-10-01 21:09:56,803 [ForkJoinPool.commonPool-worker-0] INFO  server.GrpcService (GrpcService.java:closeImpl(172)) - bcd46168-679d-4a79-8dbc-a2d812c19c0f: shutdown server with port 43272 successfully
2019-10-01 21:09:56,805 [refreshUsed-/workdir/hadoop-ozone/integration-test/target/test-dir/MiniOzoneClusterImpl-37790afc-6890-41f5-9aa1-2f370bad822b/datanode-0/data/containers] WARN  fs.CachingGetSpaceUsed (CachingGetSpaceUsed.java:run(183)) - Thread Interrupted waiting to refresh disk information: sleep interrupted
2019-10-01 21:09:56,824 [ForkJoinPool.commonPool-worker-0] INFO  utils.BackgroundService (BackgroundService.java:shutdown(148)) - Shutting down service BlockDeletingService
2019-10-01 21:09:56,827 [ForkJoinPool.commonPool-worker-0] INFO  statemachine.DatanodeStateMachine (DatanodeStateMachine.java:stopDaemon(395)) - Ozone container server stopped.
2019-10-01 21:09:56,831 [ForkJoinPool.commonPool-worker-0] INFO  handler.ContextHandler (ContextHandler.java:doStop(910)) - Stopped o.e.j.w.WebAppContext@1d8b0500{/,null,UNAVAILABLE}{/hddsDatanode}
2019-10-01 21:09:56,832 [ForkJoinPool.commonPool-worker-0] INFO  server.AbstractConnector (AbstractConnector.java:doStop(318)) - Stopped ServerConnector@76544c0a{HTTP/1.1,[http/1.1]}{0.0.0.0:0}
2019-10-01 21:09:56,833 [ForkJoinPool.commonPool-worker-0] INFO  handler.ContextHandler (ContextHandler.java:doStop(910)) - Stopped o.e.j.s.ServletContextHandler@7fd987ef{/static,jar:file:/home/user/.m2/repository/org/apache/hadoop/hadoop-hdds-container-service/0.5.0-SNAPSHOT/hadoop-hdds-container-service-0.5.0-SNAPSHOT.jar!/webapps/static,UNAVAILABLE}
2019-10-01 21:09:56,834 [ForkJoinPool.commonPool-worker-0] INFO  handler.ContextHandler (ContextHandler.java:doStop(910)) - Stopped o.e.j.s.ServletContextHandler@d3f4505{/logs,file:///workdir/hadoop-ozone/integration-test/target/log,UNAVAILABLE}
2019-10-01 21:09:56,867 [grpc-default-executor-6] WARN  server.GrpcLogAppender (LogUtils.java:warn(134)) - e661b9e5-9005-4795-83ab-67c790a4fd6e@group-5BB5F28A794E->f2db16a1-f388-443d-a7ae-c224f468f361-AppendLogResponseHandler: Failed appendEntries: org.apache.ratis.thirdparty.io.grpc.StatusRuntimeException: UNAVAILABLE: io exception
2019-10-01 21:09:56,867 [grpc-default-executor-6] INFO  impl.FollowerInfo (FollowerInfo.java:lambda$new$0(51)) - e661b9e5-9005-4795-83ab-67c790a4fd6e@group-5BB5F28A794E->f2db16a1-f388-443d-a7ae-c224f468f361: nextIndex: updateUnconditionally 0 -> 0
2019-10-01 21:09:56,883 [grpc-default-executor-5] WARN  server.GrpcLogAppender (LogUtils.java:warn(134)) - e661b9e5-9005-4795-83ab-67c790a4fd6e@group-5BB5F28A794E->38ed4df7-2972-4264-9226-bd7ce605656a-AppendLogResponseHandler: Failed appendEntries: org.apache.ratis.thirdparty.io.grpc.StatusRuntimeException: UNAVAILABLE: io exception
2019-10-01 21:09:56,883 [grpc-default-executor-5] INFO  impl.FollowerInfo (FollowerInfo.java:lambda$new$0(51)) - e661b9e5-9005-4795-83ab-67c790a4fd6e@group-5BB5F28A794E->38ed4df7-2972-4264-9226-bd7ce605656a: nextIndex: updateUnconditionally 0 -> 0
2019-10-01 21:09:57,657 [Datanode State Machine Thread - 0] INFO  statemachine.DatanodeStateMachine (DatanodeStateMachine.java:lambda$startDaemon$0(350)) - Ozone container server started.
2019-10-01 21:09:59,371 [grpc-default-executor-5] WARN  server.GrpcLogAppender (LogUtils.java:warn(134)) - e661b9e5-9005-4795-83ab-67c790a4fd6e@group-5BB5F28A794E->f2db16a1-f388-443d-a7ae-c224f468f361-AppendLogResponseHandler: Failed appendEntries: org.apache.ratis.thirdparty.io.grpc.StatusRuntimeException: UNAVAILABLE: io exception
2019-10-01 21:09:59,372 [grpc-default-executor-5] INFO  impl.FollowerInfo (FollowerInfo.java:lambda$new$0(51)) - e661b9e5-9005-4795-83ab-67c790a4fd6e@group-5BB5F28A794E->f2db16a1-f388-443d-a7ae-c224f468f361: nextIndex: updateUnconditionally 0 -> 0
2019-10-01 21:09:59,384 [grpc-default-executor-7] WARN  server.GrpcLogAppender (LogUtils.java:warn(134)) - e661b9e5-9005-4795-83ab-67c790a4fd6e@group-5BB5F28A794E->38ed4df7-2972-4264-9226-bd7ce605656a-AppendLogResponseHandler: Failed appendEntries: org.apache.ratis.thirdparty.io.grpc.StatusRuntimeException: UNAVAILABLE: io exception
2019-10-01 21:09:59,384 [grpc-default-executor-7] INFO  impl.FollowerInfo (FollowerInfo.java:lambda$new$0(51)) - e661b9e5-9005-4795-83ab-67c790a4fd6e@group-5BB5F28A794E->38ed4df7-2972-4264-9226-bd7ce605656a: nextIndex: updateUnconditionally 0 -> 0
2019-10-01 21:10:01,762 [main] INFO  ozoneimpl.OzoneContainer (OzoneContainer.java:stop(231)) - Attempting to stop container services.
2019-10-01 21:10:01,766 [main] INFO  impl.RaftServerProxy (RaftServerProxy.java:lambda$close$4(314)) - e661b9e5-9005-4795-83ab-67c790a4fd6e: close
2019-10-01 21:10:01,768 [main] INFO  impl.RaftServerImpl (RaftServerImpl.java:lambda$shutdown$3(247)) - e661b9e5-9005-4795-83ab-67c790a4fd6e@group-5BB5F28A794E: shutdown
2019-10-01 21:10:01,768 [main] INFO  util.JmxRegister (JmxRegister.java:unregister(73)) - Successfully un-registered JMX Bean with object name Ratis:service=RaftServer,group=group-5BB5F28A794E,id=e661b9e5-9005-4795-83ab-67c790a4fd6e
2019-10-01 21:10:01,769 [main] INFO  impl.RoleInfo (RoleInfo.java:shutdownLeaderState(104)) - e661b9e5-9005-4795-83ab-67c790a4fd6e: shutdown LeaderState
2019-10-01 21:10:01,774 [org.apache.ratis.server.impl.LogAppender$AppenderDaemon$$Lambda$544/1519576361@1df14cdc] WARN  server.GrpcLogAppender (GrpcLogAppender.java:mayWait(143)) - e661b9e5-9005-4795-83ab-67c790a4fd6e@group-5BB5F28A794E->f2db16a1-f388-443d-a7ae-c224f468f361-GrpcLogAppender: Wait interrupted by java.lang.InterruptedException
2019-10-01 21:10:01,774 [main] INFO  impl.PendingRequests (PendingRequests.java:sendNotLeaderResponses(202)) - e661b9e5-9005-4795-83ab-67c790a4fd6e@group-5BB5F28A794E-PendingRequests: sendNotLeaderResponses
2019-10-01 21:10:01,774 [org.apache.ratis.server.impl.LogAppender$AppenderDaemon$$Lambda$544/1519576361@1570bf7f] WARN  server.GrpcLogAppender (GrpcLogAppender.java:mayWait(143)) - e661b9e5-9005-4795-83ab-67c790a4fd6e@group-5BB5F28A794E->38ed4df7-2972-4264-9226-bd7ce605656a-GrpcLogAppender: Wait interrupted by java.lang.InterruptedException
2019-10-01 21:10:01,776 [main] INFO  impl.StateMachineUpdater (StateMachineUpdater.java:stopAndJoin(136)) - e661b9e5-9005-4795-83ab-67c790a4fd6e@group-5BB5F28A794E-StateMachineUpdater: set stopIndex = 0
2019-10-01 21:10:01,777 [main] INFO  impl.RaftServerImpl (ServerState.java:close(387)) - e661b9e5-9005-4795-83ab-67c790a4fd6e@group-5BB5F28A794E: closes. applyIndex: 0
2019-10-01 21:10:01,778 [e661b9e5-9005-4795-83ab-67c790a4fd6e@group-5BB5F28A794E-SegmentedRaftLogWorker] INFO  segmented.SegmentedRaftLogWorker (SegmentedRaftLogWorker.java:run(316)) - e661b9e5-9005-4795-83ab-67c790a4fd6e@group-5BB5F28A794E-SegmentedRaftLogWorker was interrupted, exiting. There are 0 tasks remaining in the queue.
2019-10-01 21:10:01,778 [main] INFO  segmented.SegmentedRaftLogWorker (SegmentedRaftLogWorker.java:close(224)) - e661b9e5-9005-4795-83ab-67c790a4fd6e@group-5BB5F28A794E-SegmentedRaftLogWorker close()
2019-10-01 21:10:01,779 [main] INFO  impl.RaftServerImpl (RaftServerImpl.java:lambda$shutdown$3(247)) - e661b9e5-9005-4795-83ab-67c790a4fd6e@group-A8E9988135DA: shutdown
2019-10-01 21:10:01,780 [main] INFO  util.JmxRegister (JmxRegister.java:unregister(73)) - Successfully un-registered JMX Bean with object name Ratis:service=RaftServer,group=group-A8E9988135DA,id=e661b9e5-9005-4795-83ab-67c790a4fd6e
2019-10-01 21:10:01,780 [main] INFO  impl.RoleInfo (RoleInfo.java:shutdownLeaderState(104)) - e661b9e5-9005-4795-83ab-67c790a4fd6e: shutdown LeaderState
2019-10-01 21:10:01,781 [main] INFO  impl.PendingRequests (PendingRequests.java:sendNotLeaderResponses(202)) - e661b9e5-9005-4795-83ab-67c790a4fd6e@group-A8E9988135DA-PendingRequests: sendNotLeaderResponses
2019-10-01 21:10:01,781 [main] INFO  impl.StateMachineUpdater (StateMachineUpdater.java:stopAndJoin(136)) - e661b9e5-9005-4795-83ab-67c790a4fd6e@group-A8E9988135DA-StateMachineUpdater: set stopIndex = 0
2019-10-01 21:10:01,782 [main] INFO  impl.RaftServerImpl (ServerState.java:close(387)) - e661b9e5-9005-4795-83ab-67c790a4fd6e@group-A8E9988135DA: closes. applyIndex: 0
2019-10-01 21:10:01,782 [e661b9e5-9005-4795-83ab-67c790a4fd6e@group-A8E9988135DA-SegmentedRaftLogWorker] INFO  segmented.SegmentedRaftLogWorker (SegmentedRaftLogWorker.java:run(316)) - e661b9e5-9005-4795-83ab-67c790a4fd6e@group-A8E9988135DA-SegmentedRaftLogWorker was interrupted, exiting. There are 0 tasks remaining in the queue.
2019-10-01 21:10:01,784 [main] INFO  segmented.SegmentedRaftLogWorker (SegmentedRaftLogWorker.java:close(224)) - e661b9e5-9005-4795-83ab-67c790a4fd6e@group-A8E9988135DA-SegmentedRaftLogWorker close()
2019-10-01 21:10:01,784 [main] INFO  server.GrpcService (GrpcService.java:closeImpl(164)) - e661b9e5-9005-4795-83ab-67c790a4fd6e: shutdown server with port 33435 now
2019-10-01 21:10:01,785 [main] INFO  server.GrpcService (GrpcService.java:closeImpl(172)) - e661b9e5-9005-4795-83ab-67c790a4fd6e: shutdown server with port 33435 successfully
2019-10-01 21:10:01,788 [refreshUsed-/workdir/hadoop-ozone/integration-test/target/test-dir/MiniOzoneClusterImpl-37790afc-6890-41f5-9aa1-2f370bad822b/datanode-5/data/containers] WARN  fs.CachingGetSpaceUsed (CachingGetSpaceUsed.java:run(183)) - Thread Interrupted waiting to refresh disk information: sleep interrupted
2019-10-01 21:10:01,811 [main] INFO  utils.BackgroundService (BackgroundService.java:shutdown(148)) - Shutting down service BlockDeletingService
2019-10-01 21:10:01,814 [main] INFO  statemachine.DatanodeStateMachine (DatanodeStateMachine.java:stopDaemon(395)) - Ozone container server stopped.
2019-10-01 21:10:01,816 [main] INFO  handler.ContextHandler (ContextHandler.java:doStop(910)) - Stopped o.e.j.w.WebAppContext@4dac121d{/,null,UNAVAILABLE}{/hddsDatanode}
2019-10-01 21:10:01,818 [main] INFO  server.AbstractConnector (AbstractConnector.java:doStop(318)) - Stopped ServerConnector@568750b7{HTTP/1.1,[http/1.1]}{0.0.0.0:0}
2019-10-01 21:10:01,818 [main] INFO  handler.ContextHandler (ContextHandler.java:doStop(910)) - Stopped o.e.j.s.ServletContextHandler@dab1f89{/static,jar:file:/home/user/.m2/repository/org/apache/hadoop/hadoop-hdds-container-service/0.5.0-SNAPSHOT/hadoop-hdds-container-service-0.5.0-SNAPSHOT.jar!/webapps/static,UNAVAILABLE}
2019-10-01 21:10:01,819 [main] INFO  handler.ContextHandler (ContextHandler.java:doStop(910)) - Stopped o.e.j.s.ServletContextHandler@75023c53{/logs,file:///workdir/hadoop-ozone/integration-test/target/log,UNAVAILABLE}
2019-10-01 21:10:01,820 [main] INFO  ozone.MiniOzoneClusterImpl (MiniOzoneClusterImpl.java:stopSCM(392)) - Stopping the StorageContainerManager
2019-10-01 21:10:01,820 [main] INFO  server.StorageContainerManager (StorageContainerManager.java:stop(808)) - Stopping Replication Manager Service.
2019-10-01 21:10:01,820 [main] INFO  container.ReplicationManager (ReplicationManager.java:stop(203)) - Stopping Replication Monitor Thread.
2019-10-01 21:10:01,820 [main] INFO  server.StorageContainerManager (StorageContainerManager.java:stop(815)) - Stopping Lease Manager of the command watchers
2019-10-01 21:10:01,821 [main] INFO  server.StorageContainerManager (StorageContainerManager.java:stop(822)) - Stopping datanode service RPC server
2019-10-01 21:10:01,821 [main] INFO  server.SCMDatanodeProtocolServer (SCMDatanodeProtocolServer.java:stop(367)) - Stopping the RPC server for DataNodes
2019-10-01 21:10:01,821 [main] INFO  ipc.Server (Server.java:stop(3082)) - Stopping server on 35764
2019-10-01 21:10:01,824 [IPC Server listener on 35764] INFO  ipc.Server (Server.java:run(1185)) - Stopping IPC Server listener on 35764
2019-10-01 21:10:01,825 [IPC Server Responder] INFO  ipc.Server (Server.java:run(1319)) - Stopping IPC Server Responder
2019-10-01 21:10:01,826 [SCM Heartbeat Processing Thread - 0] WARN  node.NodeStateManager (NodeStateManager.java:scheduleNextHealthCheck(646)) - Current Thread is interrupted, shutting down HB processing thread for Node Manager.
2019-10-01 21:10:01,826 [main] INFO  server.StorageContainerManager (StorageContainerManager.java:stop(830)) - Stopping block service RPC server
2019-10-01 21:10:01,826 [main] INFO  server.SCMBlockProtocolServer (SCMBlockProtocolServer.java:stop(155)) - Stopping the RPC server for Block Protocol
2019-10-01 21:10:01,827 [main] INFO  ipc.Server (Server.java:stop(3082)) - Stopping server on 38570
2019-10-01 21:10:01,829 [IPC Server listener on 38570] INFO  ipc.Server (Server.java:run(1185)) - Stopping IPC Server listener on 38570
2019-10-01 21:10:01,829 [main] INFO  server.StorageContainerManager (StorageContainerManager.java:stop(837)) - Stopping the StorageContainerLocationProtocol RPC server
2019-10-01 21:10:01,830 [main] INFO  server.SCMClientProtocolServer (SCMClientProtocolServer.java:stop(158)) - Stopping the RPC server for Client Protocol
2019-10-01 21:10:01,831 [main] INFO  ipc.Server (Server.java:stop(3082)) - Stopping server on 35176
2019-10-01 21:10:01,829 [IPC Server Responder] INFO  ipc.Server (Server.java:run(1319)) - Stopping IPC Server Responder
2019-10-01 21:10:01,833 [IPC Server listener on 35176] INFO  ipc.Server (Server.java:run(1185)) - Stopping IPC Server listener on 35176
2019-10-01 21:10:01,833 [main] INFO  server.StorageContainerManager (StorageContainerManager.java:stop(844)) - Stopping Storage Container Manager HTTP server.
2019-10-01 21:10:01,833 [IPC Server Responder] INFO  ipc.Server (Server.java:run(1319)) - Stopping IPC Server Responder
2019-10-01 21:10:01,835 [main] INFO  handler.ContextHandler (ContextHandler.java:doStop(910)) - Stopped o.e.j.w.WebAppContext@12b5736c{/,null,UNAVAILABLE}{/scm}
2019-10-01 21:10:01,835 [main] INFO  server.AbstractConnector (AbstractConnector.java:doStop(318)) - Stopped ServerConnector@539a138b{HTTP/1.1,[http/1.1]}{0.0.0.0:0}
2019-10-01 21:10:01,836 [main] INFO  handler.ContextHandler (ContextHandler.java:doStop(910)) - Stopped o.e.j.s.ServletContextHandler@5dbb50f3{/static,file:///workdir/hadoop-ozone/integration-test/target/test-classes/webapps/static,UNAVAILABLE}
2019-10-01 21:10:01,836 [main] INFO  handler.ContextHandler (ContextHandler.java:doStop(910)) - Stopped o.e.j.s.ServletContextHandler@2d760326{/logs,file:///workdir/hadoop-ozone/integration-test/target/log,UNAVAILABLE}
2019-10-01 21:10:01,837 [main] INFO  server.StorageContainerManager (StorageContainerManager.java:stop(855)) - Stopping Block Manager Service.
2019-10-01 21:10:01,837 [main] INFO  utils.BackgroundService (BackgroundService.java:shutdown(148)) - Shutting down service SCMBlockDeletingService
2019-10-01 21:10:01,838 [main] INFO  utils.BackgroundService (BackgroundService.java:shutdown(148)) - Shutting down service SCMBlockDeletingService
2019-10-01 21:10:01,838 [main] INFO  server.StorageContainerManager (StorageContainerManager.java:stop(877)) - Stopping SCM Event Queue.
2019-10-01 21:10:01,855 [main] INFO  impl.MetricsSystemImpl (MetricsSystemImpl.java:stop(210)) - Stopping HddsDatanode metrics system...
2019-10-01 21:10:01,870 [main] INFO  impl.MetricsSystemImpl (MetricsSystemImpl.java:stop(216)) - HddsDatanode metrics system stopped.
]]></system-out>
    <system-err><![CDATA[Oct 01, 2019 9:09:46 PM org.apache.ratis.thirdparty.io.grpc.internal.SerializingExecutor run
SEVERE: Exception while executing runnable org.apache.ratis.thirdparty.io.grpc.internal.ServerImpl$JumpToApplicationThreadServerStreamListener$1Closed@7329b6a7
org.apache.ratis.thirdparty.io.grpc.StatusRuntimeException: CANCELLED: call already cancelled
	at org.apache.ratis.thirdparty.io.grpc.Status.asRuntimeException(Status.java:517)
	at org.apache.ratis.thirdparty.io.grpc.stub.ServerCalls$ServerCallStreamObserverImpl.onCompleted(ServerCalls.java:356)
	at org.apache.ratis.grpc.server.GrpcServerProtocolService$ServerRequestStreamObserver.onError(GrpcServerProtocolService.java:121)
	at org.apache.ratis.thirdparty.io.grpc.stub.ServerCalls$StreamingServerCallHandler$StreamingServerCallListener.onCancel(ServerCalls.java:269)
	at org.apache.ratis.thirdparty.io.grpc.internal.ServerCallImpl$ServerStreamListenerImpl.closed(ServerCallImpl.java:293)
	at org.apache.ratis.thirdparty.io.grpc.internal.ServerImpl$JumpToApplicationThreadServerStreamListener$1Closed.runInContext(ServerImpl.java:741)
	at org.apache.ratis.thirdparty.io.grpc.internal.ContextRunnable.run(ContextRunnable.java:37)
	at org.apache.ratis.thirdparty.io.grpc.internal.SerializingExecutor.run(SerializingExecutor.java:123)
	at java.util.concurrent.ThreadPoolExecutor.runWorker(ThreadPoolExecutor.java:1149)
	at java.util.concurrent.ThreadPoolExecutor$Worker.run(ThreadPoolExecutor.java:624)
	at java.lang.Thread.run(Thread.java:748)

Oct 01, 2019 9:09:51 PM org.apache.ratis.thirdparty.io.grpc.internal.SerializingExecutor run
SEVERE: Exception while executing runnable org.apache.ratis.thirdparty.io.grpc.internal.ServerImpl$JumpToApplicationThreadServerStreamListener$1Closed@2bb279b6
org.apache.ratis.thirdparty.io.grpc.StatusRuntimeException: CANCELLED: call already cancelled
	at org.apache.ratis.thirdparty.io.grpc.Status.asRuntimeException(Status.java:517)
	at org.apache.ratis.thirdparty.io.grpc.stub.ServerCalls$ServerCallStreamObserverImpl.onCompleted(ServerCalls.java:356)
	at org.apache.ratis.grpc.server.GrpcServerProtocolService$ServerRequestStreamObserver.onError(GrpcServerProtocolService.java:121)
	at org.apache.ratis.thirdparty.io.grpc.stub.ServerCalls$StreamingServerCallHandler$StreamingServerCallListener.onCancel(ServerCalls.java:269)
	at org.apache.ratis.thirdparty.io.grpc.internal.ServerCallImpl$ServerStreamListenerImpl.closed(ServerCallImpl.java:293)
	at org.apache.ratis.thirdparty.io.grpc.internal.ServerImpl$JumpToApplicationThreadServerStreamListener$1Closed.runInContext(ServerImpl.java:741)
	at org.apache.ratis.thirdparty.io.grpc.internal.ContextRunnable.run(ContextRunnable.java:37)
	at org.apache.ratis.thirdparty.io.grpc.internal.SerializingExecutor.run(SerializingExecutor.java:123)
	at java.util.concurrent.ThreadPoolExecutor.runWorker(ThreadPoolExecutor.java:1149)
	at java.util.concurrent.ThreadPoolExecutor$Worker.run(ThreadPoolExecutor.java:624)
	at java.lang.Thread.run(Thread.java:748)

]]></system-err>
  </testcase>
</testsuite>