<?xml version="1.0" encoding="UTF-8"?>
<testsuite xmlns:xsi="http://www.w3.org/2001/XMLSchema-instance" xsi:noNamespaceSchemaLocation="https://maven.apache.org/surefire/maven-surefire-plugin/xsd/surefire-test-report.xsd" name="org.apache.hadoop.ozone.client.rpc.TestWatchForCommit" time="238.236" tests="5" errors="1" skipped="0" failures="1">
  <properties>
    <property name="awt.toolkit" value="sun.awt.X11.XToolkit"/>
    <property name="file.encoding.pkg" value="sun.io"/>
    <property name="java.specification.version" value="1.8"/>
    <property name="sun.cpu.isalist" value=""/>
    <property name="sun.jnu.encoding" value="UTF-8"/>
    <property name="java.class.path" value="/workdir/hadoop-ozone/integration-test/target/test-classes:/workdir/hadoop-ozone/integration-test/target/classes:/home/user/.m2/repository/org/apache/hadoop/hadoop-ozone-common/0.5.0-SNAPSHOT/hadoop-ozone-common-0.5.0-SNAPSHOT.jar:/home/user/.m2/repository/org/apache/commons/commons-compress/1.4.1/commons-compress-1.4.1.jar:/home/user/.m2/repository/org/tukaani/xz/1.0/xz-1.0.jar:/home/user/.m2/repository/org/apache/hadoop/hadoop-common/3.2.0/hadoop-common-3.2.0.jar:/home/user/.m2/repository/org/apache/hadoop/hadoop-hdfs/3.2.0/hadoop-hdfs-3.2.0.jar:/home/user/.m2/repository/org/apache/hadoop/hadoop-hdfs-client/3.2.0/hadoop-hdfs-client-3.2.0.jar:/home/user/.m2/repository/com/fasterxml/jackson/core/jackson-annotations/2.9.9/jackson-annotations-2.9.9.jar:/home/user/.m2/repository/org/apache/hadoop/hadoop-hdds-common/0.5.0-SNAPSHOT/hadoop-hdds-common-0.5.0-SNAPSHOT.jar:/home/user/.m2/repository/javax/annotation/javax.annotation-api/1.2/javax.annotation-api-1.2.jar:/home/user/.m2/repository/org/apache/ratis/ratis-server/0.5.0-201fc85-SNAPSHOT/ratis-server-0.5.0-201fc85-SNAPSHOT.jar:/home/user/.m2/repository/org/apache/ratis/ratis-thirdparty-misc/0.2.0/ratis-thirdparty-misc-0.2.0.jar:/home/user/.m2/repository/org/apache/ratis/ratis-proto/0.5.0-201fc85-SNAPSHOT/ratis-proto-0.5.0-201fc85-SNAPSHOT.jar:/home/user/.m2/repository/org/apache/ratis/ratis-common/0.5.0-201fc85-SNAPSHOT/ratis-common-0.5.0-201fc85-SNAPSHOT.jar:/home/user/.m2/repository/org/apache/ratis/ratis-client/0.5.0-201fc85-SNAPSHOT/ratis-client-0.5.0-201fc85-SNAPSHOT.jar:/home/user/.m2/repository/org/apache/ratis/ratis-metrics/0.5.0-201fc85-SNAPSHOT/ratis-metrics-0.5.0-201fc85-SNAPSHOT.jar:/home/user/.m2/repository/com/github/joshelser/dropwizard-metrics-hadoop-metrics2-reporter/0.1.2/dropwizard-metrics-hadoop-metrics2-reporter-0.1.2.jar:/home/user/.m2/repository/io/dropwizard/metrics/metrics-jvm/3.2.5/metrics-jvm-3.2.5.jar:/home/user/.m2/repository/io/dropwizard/metrics/metrics-ganglia/3.2.5/metrics-ganglia-3.2.5.jar:/home/user/.m2/repository/info/ganglia/gmetric4j/gmetric4j/1.0.7/gmetric4j-1.0.7.jar:/home/user/.m2/repository/org/apache/ratis/ratis-netty/0.5.0-201fc85-SNAPSHOT/ratis-netty-0.5.0-201fc85-SNAPSHOT.jar:/home/user/.m2/repository/org/apache/ratis/ratis-grpc/0.5.0-201fc85-SNAPSHOT/ratis-grpc-0.5.0-201fc85-SNAPSHOT.jar:/home/user/.m2/repository/org/rocksdb/rocksdbjni/6.0.1/rocksdbjni-6.0.1.jar:/home/user/.m2/repository/org/apache/logging/log4j/log4j-api/2.11.0/log4j-api-2.11.0.jar:/home/user/.m2/repository/org/apache/logging/log4j/log4j-core/2.11.0/log4j-core-2.11.0.jar:/home/user/.m2/repository/com/lmax/disruptor/3.4.2/disruptor-3.4.2.jar:/home/user/.m2/repository/org/apache/commons/commons-pool2/2.6.0/commons-pool2-2.6.0.jar:/home/user/.m2/repository/org/bouncycastle/bcpkix-jdk15on/1.60/bcpkix-jdk15on-1.60.jar:/home/user/.m2/repository/commons-validator/commons-validator/1.6/commons-validator-1.6.jar:/home/user/.m2/repository/commons-digester/commons-digester/1.8.1/commons-digester-1.8.1.jar:/home/user/.m2/repository/io/jaegertracing/jaeger-client/0.34.0/jaeger-client-0.34.0.jar:/home/user/.m2/repository/io/jaegertracing/jaeger-thrift/0.34.0/jaeger-thrift-0.34.0.jar:/home/user/.m2/repository/org/apache/thrift/libthrift/0.12.0/libthrift-0.12.0.jar:/home/user/.m2/repository/com/squareup/okhttp3/okhttp/3.9.0/okhttp-3.9.0.jar:/home/user/.m2/repository/com/squareup/okio/okio/1.13.0/okio-1.13.0.jar:/home/user/.m2/repository/io/jaegertracing/jaeger-core/0.34.0/jaeger-core-0.34.0.jar:/home/user/.m2/repository/io/jaegertracing/jaeger-tracerresolver/0.34.0/jaeger-tracerresolver-0.34.0.jar:/home/user/.m2/repository/io/opentracing/contrib/opentracing-tracerresolver/0.1.5/opentracing-tracerresolver-0.1.5.jar:/home/user/.m2/repository/io/opentracing/opentracing-util/0.31.0/opentracing-util-0.31.0.jar:/home/user/.m2/repository/io/opentracing/opentracing-api/0.31.0/opentracing-api-0.31.0.jar:/home/user/.m2/repository/io/opentracing/opentracing-noop/0.31.0/opentracing-noop-0.31.0.jar:/home/user/.m2/repository/org/apache/hadoop/hadoop-hdds-server-framework/0.5.0-SNAPSHOT/hadoop-hdds-server-framework-0.5.0-SNAPSHOT.jar:/home/user/.m2/repository/org/apache/hadoop/hadoop-hdds-container-service/0.5.0-SNAPSHOT/hadoop-hdds-container-service-0.5.0-SNAPSHOT.jar:/home/user/.m2/repository/org/apache/hadoop/hadoop-hdds-client/0.5.0-SNAPSHOT/hadoop-hdds-client-0.5.0-SNAPSHOT.jar:/home/user/.m2/repository/org/apache/hadoop/hadoop-hdds-tools/0.5.0-SNAPSHOT/hadoop-hdds-tools-0.5.0-SNAPSHOT.jar:/home/user/.m2/repository/org/apache/hadoop/hadoop-hdds-server-scm/0.5.0-SNAPSHOT/hadoop-hdds-server-scm-0.5.0-SNAPSHOT.jar:/home/user/.m2/repository/org/apache/hadoop/hadoop-hdds-docs/0.5.0-SNAPSHOT/hadoop-hdds-docs-0.5.0-SNAPSHOT.jar:/home/user/.m2/repository/io/dropwizard/metrics/metrics-core/3.2.4/metrics-core-3.2.4.jar:/home/user/.m2/repository/org/hamcrest/hamcrest-all/1.3/hamcrest-all-1.3.jar:/home/user/.m2/repository/org/bouncycastle/bcprov-jdk15on/1.60/bcprov-jdk15on-1.60.jar:/home/user/.m2/repository/info/picocli/picocli/3.9.6/picocli-3.9.6.jar:/home/user/.m2/repository/com/google/protobuf/protobuf-java/2.5.0/protobuf-java-2.5.0.jar:/home/user/.m2/repository/com/google/guava/guava/11.0.2/guava-11.0.2.jar:/home/user/.m2/repository/org/apache/hadoop/hadoop-ozone-ozone-manager/0.5.0-SNAPSHOT/hadoop-ozone-ozone-manager-0.5.0-SNAPSHOT.jar:/home/user/.m2/repository/org/apache/hadoop/hadoop-minikdc/3.2.0/hadoop-minikdc-3.2.0.jar:/home/user/.m2/repository/commons-io/commons-io/2.5/commons-io-2.5.jar:/home/user/.m2/repository/org/apache/kerby/kerb-simplekdc/1.0.1/kerb-simplekdc-1.0.1.jar:/home/user/.m2/repository/org/apache/kerby/kerb-client/1.0.1/kerb-client-1.0.1.jar:/home/user/.m2/repository/org/apache/kerby/kerby-config/1.0.1/kerby-config-1.0.1.jar:/home/user/.m2/repository/org/apache/kerby/kerb-core/1.0.1/kerb-core-1.0.1.jar:/home/user/.m2/repository/org/apache/kerby/kerby-pkix/1.0.1/kerby-pkix-1.0.1.jar:/home/user/.m2/repository/org/apache/kerby/kerby-asn1/1.0.1/kerby-asn1-1.0.1.jar:/home/user/.m2/repository/org/apache/kerby/kerby-util/1.0.1/kerby-util-1.0.1.jar:/home/user/.m2/repository/org/apache/kerby/kerb-common/1.0.1/kerb-common-1.0.1.jar:/home/user/.m2/repository/org/apache/kerby/kerb-crypto/1.0.1/kerb-crypto-1.0.1.jar:/home/user/.m2/repository/org/apache/kerby/kerb-util/1.0.1/kerb-util-1.0.1.jar:/home/user/.m2/repository/org/apache/kerby/token-provider/1.0.1/token-provider-1.0.1.jar:/home/user/.m2/repository/org/apache/kerby/kerb-admin/1.0.1/kerb-admin-1.0.1.jar:/home/user/.m2/repository/org/apache/kerby/kerb-server/1.0.1/kerb-server-1.0.1.jar:/home/user/.m2/repository/org/apache/kerby/kerb-identity/1.0.1/kerb-identity-1.0.1.jar:/home/user/.m2/repository/org/apache/kerby/kerby-xdr/1.0.1/kerby-xdr-1.0.1.jar:/home/user/.m2/repository/org/slf4j/slf4j-log4j12/1.7.25/slf4j-log4j12-1.7.25.jar:/home/user/.m2/repository/org/apache/hadoop/hadoop-ozone-s3gateway/0.5.0-SNAPSHOT/hadoop-ozone-s3gateway-0.5.0-SNAPSHOT.jar:/home/user/.m2/repository/org/jboss/weld/servlet/weld-servlet/2.4.7.Final/weld-servlet-2.4.7.Final.jar:/home/user/.m2/repository/org/glassfish/jersey/containers/jersey-container-servlet-core/2.27/jersey-container-servlet-core-2.27.jar:/home/user/.m2/repository/org/glassfish/hk2/external/javax.inject/2.5.0-b42/javax.inject-2.5.0-b42.jar:/home/user/.m2/repository/org/glassfish/jersey/core/jersey-common/2.27/jersey-common-2.27.jar:/home/user/.m2/repository/org/glassfish/hk2/osgi-resource-locator/1.0.1/osgi-resource-locator-1.0.1.jar:/home/user/.m2/repository/javax/ws/rs/javax.ws.rs-api/2.1/javax.ws.rs-api-2.1.jar:/home/user/.m2/repository/org/glassfish/jersey/ext/cdi/jersey-cdi1x/2.27/jersey-cdi1x-2.27.jar:/home/user/.m2/repository/org/glassfish/jersey/inject/jersey-hk2/2.27/jersey-hk2-2.27.jar:/home/user/.m2/repository/org/glassfish/hk2/hk2-locator/2.5.0-b42/hk2-locator-2.5.0-b42.jar:/home/user/.m2/repository/org/javassist/javassist/3.22.0-CR2/javassist-3.22.0-CR2.jar:/home/user/.m2/repository/org/glassfish/hk2/hk2-api/2.5.0/hk2-api-2.5.0.jar:/home/user/.m2/repository/org/glassfish/hk2/external/jakarta.inject/2.5.0/jakarta.inject-2.5.0.jar:/home/user/.m2/repository/org/glassfish/hk2/hk2-utils/2.5.0/hk2-utils-2.5.0.jar:/home/user/.m2/repository/jakarta/annotation/jakarta.annotation-api/1.3.4/jakarta.annotation-api-1.3.4.jar:/home/user/.m2/repository/org/glassfish/hk2/external/aopalliance-repackaged/2.5.0/aopalliance-repackaged-2.5.0.jar:/home/user/.m2/repository/com/fasterxml/jackson/dataformat/jackson-dataformat-xml/2.9.0/jackson-dataformat-xml-2.9.0.jar:/home/user/.m2/repository/com/fasterxml/jackson/core/jackson-core/2.9.9/jackson-core-2.9.9.jar:/home/user/.m2/repository/com/fasterxml/jackson/module/jackson-module-jaxb-annotations/2.9.9/jackson-module-jaxb-annotations-2.9.9.jar:/home/user/.m2/repository/javax/enterprise/cdi-api/1.2/cdi-api-1.2.jar:/home/user/.m2/repository/javax/el/javax.el-api/3.0.0/javax.el-api-3.0.0.jar:/home/user/.m2/repository/javax/interceptor/javax.interceptor-api/1.2/javax.interceptor-api-1.2.jar:/home/user/.m2/repository/javax/inject/javax.inject/1/javax.inject-1.jar:/home/user/.m2/repository/com/sun/xml/bind/jaxb-impl/2.3.0.1/jaxb-impl-2.3.0.1.jar:/home/user/.m2/repository/com/sun/xml/bind/jaxb-core/2.3.0.1/jaxb-core-2.3.0.1.jar:/home/user/.m2/repository/javax/xml/bind/jaxb-api/2.3.0/jaxb-api-2.3.0.jar:/home/user/.m2/repository/javax/activation/activation/1.1.1/activation-1.1.1.jar:/home/user/.m2/repository/org/apache/hadoop/hadoop-ozone-csi/0.5.0-SNAPSHOT/hadoop-ozone-csi-0.5.0-SNAPSHOT.jar:/home/user/.m2/repository/com/google/protobuf/protobuf-java-util/3.5.1/protobuf-java-util-3.5.1.jar:/home/user/.m2/repository/org/apache/hadoop/hadoop-hdds-config/0.5.0-SNAPSHOT/hadoop-hdds-config-0.5.0-SNAPSHOT.jar:/home/user/.m2/repository/io/grpc/grpc-netty/1.17.1/grpc-netty-1.17.1.jar:/home/user/.m2/repository/io/grpc/grpc-core/1.17.1/grpc-core-1.17.1.jar:/home/user/.m2/repository/io/grpc/grpc-context/1.17.1/grpc-context-1.17.1.jar:/home/user/.m2/repository/com/google/errorprone/error_prone_annotations/2.2.0/error_prone_annotations-2.2.0.jar:/home/user/.m2/repository/org/codehaus/mojo/animal-sniffer-annotations/1.17/animal-sniffer-annotations-1.17.jar:/home/user/.m2/repository/io/opencensus/opencensus-api/0.17.0/opencensus-api-0.17.0.jar:/home/user/.m2/repository/io/opencensus/opencensus-contrib-grpc-metrics/0.17.0/opencensus-contrib-grpc-metrics-0.17.0.jar:/home/user/.m2/repository/io/netty/netty-codec-http2/4.1.30.Final/netty-codec-http2-4.1.30.Final.jar:/home/user/.m2/repository/io/netty/netty-codec-http/4.1.30.Final/netty-codec-http-4.1.30.Final.jar:/home/user/.m2/repository/io/netty/netty-codec/4.1.30.Final/netty-codec-4.1.30.Final.jar:/home/user/.m2/repository/io/netty/netty-handler/4.1.30.Final/netty-handler-4.1.30.Final.jar:/home/user/.m2/repository/io/netty/netty-handler-proxy/4.1.30.Final/netty-handler-proxy-4.1.30.Final.jar:/home/user/.m2/repository/io/netty/netty-codec-socks/4.1.30.Final/netty-codec-socks-4.1.30.Final.jar:/home/user/.m2/repository/io/netty/netty-transport-native-epoll/4.1.30.Final/netty-transport-native-epoll-4.1.30.Final.jar:/home/user/.m2/repository/io/netty/netty-common/4.1.30.Final/netty-common-4.1.30.Final.jar:/home/user/.m2/repository/io/netty/netty-buffer/4.1.30.Final/netty-buffer-4.1.30.Final.jar:/home/user/.m2/repository/io/netty/netty-transport/4.1.30.Final/netty-transport-4.1.30.Final.jar:/home/user/.m2/repository/io/netty/netty-resolver/4.1.30.Final/netty-resolver-4.1.30.Final.jar:/home/user/.m2/repository/io/netty/netty-transport-native-unix-common/4.1.30.Final/netty-transport-native-unix-common-4.1.30.Final.jar:/home/user/.m2/repository/io/grpc/grpc-protobuf/1.17.1/grpc-protobuf-1.17.1.jar:/home/user/.m2/repository/com/google/api/grpc/proto-google-common-protos/1.0.0/proto-google-common-protos-1.0.0.jar:/home/user/.m2/repository/io/grpc/grpc-protobuf-lite/1.17.1/grpc-protobuf-lite-1.17.1.jar:/home/user/.m2/repository/io/grpc/grpc-stub/1.17.1/grpc-stub-1.17.1.jar:/home/user/.m2/repository/org/apache/hadoop/hadoop-ozone-recon/0.5.0-SNAPSHOT/hadoop-ozone-recon-0.5.0-SNAPSHOT.jar:/home/user/.m2/repository/org/apache/hadoop/hadoop-ozone-reconcodegen/0.5.0-SNAPSHOT/hadoop-ozone-reconcodegen-0.5.0-SNAPSHOT.jar:/home/user/.m2/repository/com/google/inject/extensions/guice-multibindings/4.0/guice-multibindings-4.0.jar:/home/user/.m2/repository/com/google/inject/guice/4.0/guice-4.0.jar:/home/user/.m2/repository/aopalliance/aopalliance/1.0/aopalliance-1.0.jar:/home/user/.m2/repository/com/google/inject/extensions/guice-servlet/4.0/guice-servlet-4.0.jar:/home/user/.m2/repository/org/glassfish/jersey/containers/jersey-container-servlet/2.27/jersey-container-servlet-2.27.jar:/home/user/.m2/repository/org/glassfish/hk2/guice-bridge/2.5.0/guice-bridge-2.5.0.jar:/home/user/.m2/repository/org/glassfish/jersey/core/jersey-server/2.27/jersey-server-2.27.jar:/home/user/.m2/repository/org/glassfish/jersey/core/jersey-client/2.27/jersey-client-2.27.jar:/home/user/.m2/repository/org/glassfish/jersey/media/jersey-media-jaxb/2.27/jersey-media-jaxb-2.27.jar:/home/user/.m2/repository/javax/validation/validation-api/1.1.0.Final/validation-api-1.1.0.Final.jar:/home/user/.m2/repository/org/glassfish/jersey/media/jersey-media-json-jackson/2.27/jersey-media-json-jackson-2.27.jar:/home/user/.m2/repository/org/glassfish/jersey/ext/jersey-entity-filtering/2.27/jersey-entity-filtering-2.27.jar:/home/user/.m2/repository/com/google/inject/extensions/guice-assistedinject/4.0/guice-assistedinject-4.0.jar:/home/user/.m2/repository/org/jooq/jooq/3.11.10/jooq-3.11.10.jar:/home/user/.m2/repository/org/jooq/jooq-meta/3.11.10/jooq-meta-3.11.10.jar:/home/user/.m2/repository/org/jooq/jooq-codegen/3.11.10/jooq-codegen-3.11.10.jar:/home/user/.m2/repository/com/jolbox/bonecp/0.8.0.RELEASE/bonecp-0.8.0.RELEASE.jar:/home/user/.m2/repository/org/xerial/sqlite-jdbc/3.25.2/sqlite-jdbc-3.25.2.jar:/home/user/.m2/repository/org/springframework/spring-jdbc/5.1.3.RELEASE/spring-jdbc-5.1.3.RELEASE.jar:/home/user/.m2/repository/org/springframework/spring-beans/5.1.3.RELEASE/spring-beans-5.1.3.RELEASE.jar:/home/user/.m2/repository/org/springframework/spring-core/5.1.3.RELEASE/spring-core-5.1.3.RELEASE.jar:/home/user/.m2/repository/org/springframework/spring-jcl/5.1.3.RELEASE/spring-jcl-5.1.3.RELEASE.jar:/home/user/.m2/repository/org/springframework/spring-tx/5.1.3.RELEASE/spring-tx-5.1.3.RELEASE.jar:/home/user/.m2/repository/org/apache/hadoop/hadoop-ozone-client/0.5.0-SNAPSHOT/hadoop-ozone-client-0.5.0-SNAPSHOT.jar:/home/user/.m2/repository/commons-lang/commons-lang/2.6/commons-lang-2.6.jar:/home/user/.m2/repository/org/apache/hadoop/hadoop-ozone-ozone-manager/0.5.0-SNAPSHOT/hadoop-ozone-ozone-manager-0.5.0-SNAPSHOT-tests.jar:/home/user/.m2/repository/junit/junit/4.11/junit-4.11.jar:/home/user/.m2/repository/org/hamcrest/hamcrest-core/1.3/hamcrest-core-1.3.jar:/home/user/.m2/repository/org/openjdk/jmh/jmh-core/1.19/jmh-core-1.19.jar:/home/user/.m2/repository/net/sf/jopt-simple/jopt-simple/4.6/jopt-simple-4.6.jar:/home/user/.m2/repository/org/apache/commons/commons-math3/3.1.1/commons-math3-3.1.1.jar:/home/user/.m2/repository/org/openjdk/jmh/jmh-generator-annprocess/1.19/jmh-generator-annprocess-1.19.jar:/home/user/.m2/repository/org/mockito/mockito-all/1.8.5/mockito-all-1.8.5.jar:/home/user/.m2/repository/org/apache/hadoop/hadoop-kms/3.2.0/hadoop-kms-3.2.0.jar:/home/user/.m2/repository/org/apache/hadoop/hadoop-auth/3.2.0/hadoop-auth-3.2.0.jar:/home/user/.m2/repository/com/nimbusds/nimbus-jose-jwt/4.41.1/nimbus-jose-jwt-4.41.1.jar:/home/user/.m2/repository/com/github/stephenc/jcip/jcip-annotations/1.0-1/jcip-annotations-1.0-1.jar:/home/user/.m2/repository/net/minidev/json-smart/2.3/json-smart-2.3.jar:/home/user/.m2/repository/net/minidev/accessors-smart/1.2/accessors-smart-1.2.jar:/home/user/.m2/repository/org/ow2/asm/asm/5.0.4/asm-5.0.4.jar:/home/user/.m2/repository/org/apache/curator/curator-framework/2.12.0/curator-framework-2.12.0.jar:/home/user/.m2/repository/com/sun/jersey/jersey-core/1.19/jersey-core-1.19.jar:/home/user/.m2/repository/javax/ws/rs/jsr311-api/1.1.1/jsr311-api-1.1.1.jar:/home/user/.m2/repository/com/sun/jersey/jersey-server/1.19/jersey-server-1.19.jar:/home/user/.m2/repository/javax/servlet/javax.servlet-api/3.1.0/javax.servlet-api-3.1.0.jar:/home/user/.m2/repository/org/eclipse/jetty/jetty-server/9.3.25.v20180904/jetty-server-9.3.25.v20180904.jar:/home/user/.m2/repository/org/eclipse/jetty/jetty-http/9.3.25.v20180904/jetty-http-9.3.25.v20180904.jar:/home/user/.m2/repository/org/eclipse/jetty/jetty-io/9.3.25.v20180904/jetty-io-9.3.25.v20180904.jar:/home/user/.m2/repository/org/eclipse/jetty/jetty-webapp/9.3.25.v20180904/jetty-webapp-9.3.25.v20180904.jar:/home/user/.m2/repository/org/eclipse/jetty/jetty-xml/9.3.25.v20180904/jetty-xml-9.3.25.v20180904.jar:/home/user/.m2/repository/log4j/log4j/1.2.17/log4j-1.2.17.jar:/home/user/.m2/repository/org/slf4j/slf4j-api/1.7.25/slf4j-api-1.7.25.jar:/home/user/.m2/repository/org/slf4j/jul-to-slf4j/1.7.25/jul-to-slf4j-1.7.25.jar:/home/user/.m2/repository/org/eclipse/jetty/jetty-util/9.3.25.v20180904/jetty-util-9.3.25.v20180904.jar:/home/user/.m2/repository/com/fasterxml/jackson/core/jackson-databind/2.9.9/jackson-databind-2.9.9.jar:/home/user/.m2/repository/org/apache/hadoop/hadoop-kms/3.2.0/hadoop-kms-3.2.0-tests.jar:/home/user/.m2/repository/org/apache/hadoop/hadoop-hdds-server-scm/0.5.0-SNAPSHOT/hadoop-hdds-server-scm-0.5.0-SNAPSHOT-tests.jar:/home/user/.m2/repository/org/apache/hadoop/hadoop-hdds-container-service/0.5.0-SNAPSHOT/hadoop-hdds-container-service-0.5.0-SNAPSHOT-tests.jar:/home/user/.m2/repository/org/yaml/snakeyaml/1.16/snakeyaml-1.16.jar:/home/user/.m2/repository/org/apache/hadoop/hadoop-common/3.2.0/hadoop-common-3.2.0-tests.jar:/home/user/.m2/repository/org/apache/hadoop/hadoop-annotations/3.2.0/hadoop-annotations-3.2.0.jar:/usr/lib/jvm/java-1.8-openjdk/jre/../lib/tools.jar:/home/user/.m2/repository/commons-cli/commons-cli/1.2/commons-cli-1.2.jar:/home/user/.m2/repository/org/apache/httpcomponents/httpclient/4.5.2/httpclient-4.5.2.jar:/home/user/.m2/repository/org/apache/httpcomponents/httpcore/4.4.4/httpcore-4.4.4.jar:/home/user/.m2/repository/commons-codec/commons-codec/1.11/commons-codec-1.11.jar:/home/user/.m2/repository/commons-net/commons-net/3.6/commons-net-3.6.jar:/home/user/.m2/repository/commons-collections/commons-collections/3.2.2/commons-collections-3.2.2.jar:/home/user/.m2/repository/org/eclipse/jetty/jetty-servlet/9.3.25.v20180904/jetty-servlet-9.3.25.v20180904.jar:/home/user/.m2/repository/org/eclipse/jetty/jetty-security/9.3.25.v20180904/jetty-security-9.3.25.v20180904.jar:/home/user/.m2/repository/javax/servlet/jsp/jsp-api/2.1/jsp-api-2.1.jar:/home/user/.m2/repository/com/sun/jersey/jersey-servlet/1.19/jersey-servlet-1.19.jar:/home/user/.m2/repository/com/sun/jersey/jersey-json/1.19/jersey-json-1.19.jar:/home/user/.m2/repository/org/codehaus/jettison/jettison/1.1/jettison-1.1.jar:/home/user/.m2/repository/org/codehaus/jackson/jackson-core-asl/1.9.13/jackson-core-asl-1.9.13.jar:/home/user/.m2/repository/org/codehaus/jackson/jackson-mapper-asl/1.9.13/jackson-mapper-asl-1.9.13.jar:/home/user/.m2/repository/org/codehaus/jackson/jackson-jaxrs/1.9.13/jackson-jaxrs-1.9.13.jar:/home/user/.m2/repository/org/codehaus/jackson/jackson-xc/1.9.13/jackson-xc-1.9.13.jar:/home/user/.m2/repository/commons-logging/commons-logging/1.1.3/commons-logging-1.1.3.jar:/home/user/.m2/repository/commons-beanutils/commons-beanutils/1.9.4/commons-beanutils-1.9.4.jar:/home/user/.m2/repository/org/apache/commons/commons-configuration2/2.1.1/commons-configuration2-2.1.1.jar:/home/user/.m2/repository/org/apache/commons/commons-lang3/3.7/commons-lang3-3.7.jar:/home/user/.m2/repository/org/apache/commons/commons-text/1.4/commons-text-1.4.jar:/home/user/.m2/repository/org/apache/avro/avro/1.7.7/avro-1.7.7.jar:/home/user/.m2/repository/com/thoughtworks/paranamer/paranamer/2.3/paranamer-2.3.jar:/home/user/.m2/repository/org/xerial/snappy/snappy-java/1.0.5/snappy-java-1.0.5.jar:/home/user/.m2/repository/com/google/re2j/re2j/1.1/re2j-1.1.jar:/home/user/.m2/repository/com/google/code/gson/gson/2.2.4/gson-2.2.4.jar:/home/user/.m2/repository/com/jcraft/jsch/0.1.54/jsch-0.1.54.jar:/home/user/.m2/repository/org/apache/curator/curator-client/2.12.0/curator-client-2.12.0.jar:/home/user/.m2/repository/org/apache/curator/curator-recipes/2.12.0/curator-recipes-2.12.0.jar:/home/user/.m2/repository/com/google/code/findbugs/jsr305/3.0.0/jsr305-3.0.0.jar:/home/user/.m2/repository/org/apache/htrace/htrace-core4/4.1.0-incubating/htrace-core4-4.1.0-incubating.jar:/home/user/.m2/repository/org/apache/zookeeper/zookeeper/3.4.13/zookeeper-3.4.13.jar:/home/user/.m2/repository/jline/jline/0.9.94/jline-0.9.94.jar:/home/user/.m2/repository/org/apache/yetus/audience-annotations/0.5.0/audience-annotations-0.5.0.jar:/home/user/.m2/repository/org/codehaus/woodstox/stax2-api/3.1.4/stax2-api-3.1.4.jar:/home/user/.m2/repository/com/fasterxml/woodstox/woodstox-core/5.0.3/woodstox-core-5.0.3.jar:/home/user/.m2/repository/dnsjava/dnsjava/2.1.7/dnsjava-2.1.7.jar:/home/user/.m2/repository/org/apache/hadoop/hadoop-hdfs/3.2.0/hadoop-hdfs-3.2.0-tests.jar:/home/user/.m2/repository/org/eclipse/jetty/jetty-util-ajax/9.3.25.v20180904/jetty-util-ajax-9.3.25.v20180904.jar:/home/user/.m2/repository/commons-daemon/commons-daemon/1.0.13/commons-daemon-1.0.13.jar:/home/user/.m2/repository/io/netty/netty/3.10.5.Final/netty-3.10.5.Final.jar:/home/user/.m2/repository/io/netty/netty-all/4.0.52.Final/netty-all-4.0.52.Final.jar:/home/user/.m2/repository/org/fusesource/leveldbjni/leveldbjni-all/1.8/leveldbjni-all-1.8.jar:"/>
    <property name="java.vm.vendor" value="IcedTea"/>
    <property name="sun.arch.data.model" value="64"/>
    <property name="test.build.dir" value="/workdir/hadoop-ozone/integration-test/target/test-dir"/>
    <property name="test.cache.data" value=""/>
    <property name="java.vendor.url" value="https://icedtea.classpath.org"/>
    <property name="user.timezone" value=""/>
    <property name="java.vm.specification.version" value="1.8"/>
    <property name="os.name" value="Linux"/>
    <property name="test.build.data" value="/workdir/hadoop-ozone/integration-test/target/test-dir"/>
    <property name="user.country" value="US"/>
    <property name="sun.java.launcher" value="SUN_STANDARD"/>
    <property name="sun.boot.library.path" value="/usr/lib/jvm/java-1.8-openjdk/jre/lib/amd64"/>
    <property name="sun.java.command" value="/workdir/hadoop-ozone/integration-test/target/surefire/surefirebooter8360275858978620000.jar /workdir/hadoop-ozone/integration-test/target/surefire 2019-10-01T20-30-59_783-jvmRun1 surefire5268571023152680923tmp surefire_20716273265711632253tmp"/>
    <property name="test" value="!TestMiniChaosOzoneCluster"/>
    <property name="surefire.test.class.path" value="/workdir/hadoop-ozone/integration-test/target/test-classes:/workdir/hadoop-ozone/integration-test/target/classes:/home/user/.m2/repository/org/apache/hadoop/hadoop-ozone-common/0.5.0-SNAPSHOT/hadoop-ozone-common-0.5.0-SNAPSHOT.jar:/home/user/.m2/repository/org/apache/commons/commons-compress/1.4.1/commons-compress-1.4.1.jar:/home/user/.m2/repository/org/tukaani/xz/1.0/xz-1.0.jar:/home/user/.m2/repository/org/apache/hadoop/hadoop-common/3.2.0/hadoop-common-3.2.0.jar:/home/user/.m2/repository/org/apache/hadoop/hadoop-hdfs/3.2.0/hadoop-hdfs-3.2.0.jar:/home/user/.m2/repository/org/apache/hadoop/hadoop-hdfs-client/3.2.0/hadoop-hdfs-client-3.2.0.jar:/home/user/.m2/repository/com/fasterxml/jackson/core/jackson-annotations/2.9.9/jackson-annotations-2.9.9.jar:/home/user/.m2/repository/org/apache/hadoop/hadoop-hdds-common/0.5.0-SNAPSHOT/hadoop-hdds-common-0.5.0-SNAPSHOT.jar:/home/user/.m2/repository/javax/annotation/javax.annotation-api/1.2/javax.annotation-api-1.2.jar:/home/user/.m2/repository/org/apache/ratis/ratis-server/0.5.0-201fc85-SNAPSHOT/ratis-server-0.5.0-201fc85-SNAPSHOT.jar:/home/user/.m2/repository/org/apache/ratis/ratis-thirdparty-misc/0.2.0/ratis-thirdparty-misc-0.2.0.jar:/home/user/.m2/repository/org/apache/ratis/ratis-proto/0.5.0-201fc85-SNAPSHOT/ratis-proto-0.5.0-201fc85-SNAPSHOT.jar:/home/user/.m2/repository/org/apache/ratis/ratis-common/0.5.0-201fc85-SNAPSHOT/ratis-common-0.5.0-201fc85-SNAPSHOT.jar:/home/user/.m2/repository/org/apache/ratis/ratis-client/0.5.0-201fc85-SNAPSHOT/ratis-client-0.5.0-201fc85-SNAPSHOT.jar:/home/user/.m2/repository/org/apache/ratis/ratis-metrics/0.5.0-201fc85-SNAPSHOT/ratis-metrics-0.5.0-201fc85-SNAPSHOT.jar:/home/user/.m2/repository/com/github/joshelser/dropwizard-metrics-hadoop-metrics2-reporter/0.1.2/dropwizard-metrics-hadoop-metrics2-reporter-0.1.2.jar:/home/user/.m2/repository/io/dropwizard/metrics/metrics-jvm/3.2.5/metrics-jvm-3.2.5.jar:/home/user/.m2/repository/io/dropwizard/metrics/metrics-ganglia/3.2.5/metrics-ganglia-3.2.5.jar:/home/user/.m2/repository/info/ganglia/gmetric4j/gmetric4j/1.0.7/gmetric4j-1.0.7.jar:/home/user/.m2/repository/org/apache/ratis/ratis-netty/0.5.0-201fc85-SNAPSHOT/ratis-netty-0.5.0-201fc85-SNAPSHOT.jar:/home/user/.m2/repository/org/apache/ratis/ratis-grpc/0.5.0-201fc85-SNAPSHOT/ratis-grpc-0.5.0-201fc85-SNAPSHOT.jar:/home/user/.m2/repository/org/rocksdb/rocksdbjni/6.0.1/rocksdbjni-6.0.1.jar:/home/user/.m2/repository/org/apache/logging/log4j/log4j-api/2.11.0/log4j-api-2.11.0.jar:/home/user/.m2/repository/org/apache/logging/log4j/log4j-core/2.11.0/log4j-core-2.11.0.jar:/home/user/.m2/repository/com/lmax/disruptor/3.4.2/disruptor-3.4.2.jar:/home/user/.m2/repository/org/apache/commons/commons-pool2/2.6.0/commons-pool2-2.6.0.jar:/home/user/.m2/repository/org/bouncycastle/bcpkix-jdk15on/1.60/bcpkix-jdk15on-1.60.jar:/home/user/.m2/repository/commons-validator/commons-validator/1.6/commons-validator-1.6.jar:/home/user/.m2/repository/commons-digester/commons-digester/1.8.1/commons-digester-1.8.1.jar:/home/user/.m2/repository/io/jaegertracing/jaeger-client/0.34.0/jaeger-client-0.34.0.jar:/home/user/.m2/repository/io/jaegertracing/jaeger-thrift/0.34.0/jaeger-thrift-0.34.0.jar:/home/user/.m2/repository/org/apache/thrift/libthrift/0.12.0/libthrift-0.12.0.jar:/home/user/.m2/repository/com/squareup/okhttp3/okhttp/3.9.0/okhttp-3.9.0.jar:/home/user/.m2/repository/com/squareup/okio/okio/1.13.0/okio-1.13.0.jar:/home/user/.m2/repository/io/jaegertracing/jaeger-core/0.34.0/jaeger-core-0.34.0.jar:/home/user/.m2/repository/io/jaegertracing/jaeger-tracerresolver/0.34.0/jaeger-tracerresolver-0.34.0.jar:/home/user/.m2/repository/io/opentracing/contrib/opentracing-tracerresolver/0.1.5/opentracing-tracerresolver-0.1.5.jar:/home/user/.m2/repository/io/opentracing/opentracing-util/0.31.0/opentracing-util-0.31.0.jar:/home/user/.m2/repository/io/opentracing/opentracing-api/0.31.0/opentracing-api-0.31.0.jar:/home/user/.m2/repository/io/opentracing/opentracing-noop/0.31.0/opentracing-noop-0.31.0.jar:/home/user/.m2/repository/org/apache/hadoop/hadoop-hdds-server-framework/0.5.0-SNAPSHOT/hadoop-hdds-server-framework-0.5.0-SNAPSHOT.jar:/home/user/.m2/repository/org/apache/hadoop/hadoop-hdds-container-service/0.5.0-SNAPSHOT/hadoop-hdds-container-service-0.5.0-SNAPSHOT.jar:/home/user/.m2/repository/org/apache/hadoop/hadoop-hdds-client/0.5.0-SNAPSHOT/hadoop-hdds-client-0.5.0-SNAPSHOT.jar:/home/user/.m2/repository/org/apache/hadoop/hadoop-hdds-tools/0.5.0-SNAPSHOT/hadoop-hdds-tools-0.5.0-SNAPSHOT.jar:/home/user/.m2/repository/org/apache/hadoop/hadoop-hdds-server-scm/0.5.0-SNAPSHOT/hadoop-hdds-server-scm-0.5.0-SNAPSHOT.jar:/home/user/.m2/repository/org/apache/hadoop/hadoop-hdds-docs/0.5.0-SNAPSHOT/hadoop-hdds-docs-0.5.0-SNAPSHOT.jar:/home/user/.m2/repository/io/dropwizard/metrics/metrics-core/3.2.4/metrics-core-3.2.4.jar:/home/user/.m2/repository/org/hamcrest/hamcrest-all/1.3/hamcrest-all-1.3.jar:/home/user/.m2/repository/org/bouncycastle/bcprov-jdk15on/1.60/bcprov-jdk15on-1.60.jar:/home/user/.m2/repository/info/picocli/picocli/3.9.6/picocli-3.9.6.jar:/home/user/.m2/repository/com/google/protobuf/protobuf-java/2.5.0/protobuf-java-2.5.0.jar:/home/user/.m2/repository/com/google/guava/guava/11.0.2/guava-11.0.2.jar:/home/user/.m2/repository/org/apache/hadoop/hadoop-ozone-ozone-manager/0.5.0-SNAPSHOT/hadoop-ozone-ozone-manager-0.5.0-SNAPSHOT.jar:/home/user/.m2/repository/org/apache/hadoop/hadoop-minikdc/3.2.0/hadoop-minikdc-3.2.0.jar:/home/user/.m2/repository/commons-io/commons-io/2.5/commons-io-2.5.jar:/home/user/.m2/repository/org/apache/kerby/kerb-simplekdc/1.0.1/kerb-simplekdc-1.0.1.jar:/home/user/.m2/repository/org/apache/kerby/kerb-client/1.0.1/kerb-client-1.0.1.jar:/home/user/.m2/repository/org/apache/kerby/kerby-config/1.0.1/kerby-config-1.0.1.jar:/home/user/.m2/repository/org/apache/kerby/kerb-core/1.0.1/kerb-core-1.0.1.jar:/home/user/.m2/repository/org/apache/kerby/kerby-pkix/1.0.1/kerby-pkix-1.0.1.jar:/home/user/.m2/repository/org/apache/kerby/kerby-asn1/1.0.1/kerby-asn1-1.0.1.jar:/home/user/.m2/repository/org/apache/kerby/kerby-util/1.0.1/kerby-util-1.0.1.jar:/home/user/.m2/repository/org/apache/kerby/kerb-common/1.0.1/kerb-common-1.0.1.jar:/home/user/.m2/repository/org/apache/kerby/kerb-crypto/1.0.1/kerb-crypto-1.0.1.jar:/home/user/.m2/repository/org/apache/kerby/kerb-util/1.0.1/kerb-util-1.0.1.jar:/home/user/.m2/repository/org/apache/kerby/token-provider/1.0.1/token-provider-1.0.1.jar:/home/user/.m2/repository/org/apache/kerby/kerb-admin/1.0.1/kerb-admin-1.0.1.jar:/home/user/.m2/repository/org/apache/kerby/kerb-server/1.0.1/kerb-server-1.0.1.jar:/home/user/.m2/repository/org/apache/kerby/kerb-identity/1.0.1/kerb-identity-1.0.1.jar:/home/user/.m2/repository/org/apache/kerby/kerby-xdr/1.0.1/kerby-xdr-1.0.1.jar:/home/user/.m2/repository/org/slf4j/slf4j-log4j12/1.7.25/slf4j-log4j12-1.7.25.jar:/home/user/.m2/repository/org/apache/hadoop/hadoop-ozone-s3gateway/0.5.0-SNAPSHOT/hadoop-ozone-s3gateway-0.5.0-SNAPSHOT.jar:/home/user/.m2/repository/org/jboss/weld/servlet/weld-servlet/2.4.7.Final/weld-servlet-2.4.7.Final.jar:/home/user/.m2/repository/org/glassfish/jersey/containers/jersey-container-servlet-core/2.27/jersey-container-servlet-core-2.27.jar:/home/user/.m2/repository/org/glassfish/hk2/external/javax.inject/2.5.0-b42/javax.inject-2.5.0-b42.jar:/home/user/.m2/repository/org/glassfish/jersey/core/jersey-common/2.27/jersey-common-2.27.jar:/home/user/.m2/repository/org/glassfish/hk2/osgi-resource-locator/1.0.1/osgi-resource-locator-1.0.1.jar:/home/user/.m2/repository/javax/ws/rs/javax.ws.rs-api/2.1/javax.ws.rs-api-2.1.jar:/home/user/.m2/repository/org/glassfish/jersey/ext/cdi/jersey-cdi1x/2.27/jersey-cdi1x-2.27.jar:/home/user/.m2/repository/org/glassfish/jersey/inject/jersey-hk2/2.27/jersey-hk2-2.27.jar:/home/user/.m2/repository/org/glassfish/hk2/hk2-locator/2.5.0-b42/hk2-locator-2.5.0-b42.jar:/home/user/.m2/repository/org/javassist/javassist/3.22.0-CR2/javassist-3.22.0-CR2.jar:/home/user/.m2/repository/org/glassfish/hk2/hk2-api/2.5.0/hk2-api-2.5.0.jar:/home/user/.m2/repository/org/glassfish/hk2/external/jakarta.inject/2.5.0/jakarta.inject-2.5.0.jar:/home/user/.m2/repository/org/glassfish/hk2/hk2-utils/2.5.0/hk2-utils-2.5.0.jar:/home/user/.m2/repository/jakarta/annotation/jakarta.annotation-api/1.3.4/jakarta.annotation-api-1.3.4.jar:/home/user/.m2/repository/org/glassfish/hk2/external/aopalliance-repackaged/2.5.0/aopalliance-repackaged-2.5.0.jar:/home/user/.m2/repository/com/fasterxml/jackson/dataformat/jackson-dataformat-xml/2.9.0/jackson-dataformat-xml-2.9.0.jar:/home/user/.m2/repository/com/fasterxml/jackson/core/jackson-core/2.9.9/jackson-core-2.9.9.jar:/home/user/.m2/repository/com/fasterxml/jackson/module/jackson-module-jaxb-annotations/2.9.9/jackson-module-jaxb-annotations-2.9.9.jar:/home/user/.m2/repository/javax/enterprise/cdi-api/1.2/cdi-api-1.2.jar:/home/user/.m2/repository/javax/el/javax.el-api/3.0.0/javax.el-api-3.0.0.jar:/home/user/.m2/repository/javax/interceptor/javax.interceptor-api/1.2/javax.interceptor-api-1.2.jar:/home/user/.m2/repository/javax/inject/javax.inject/1/javax.inject-1.jar:/home/user/.m2/repository/com/sun/xml/bind/jaxb-impl/2.3.0.1/jaxb-impl-2.3.0.1.jar:/home/user/.m2/repository/com/sun/xml/bind/jaxb-core/2.3.0.1/jaxb-core-2.3.0.1.jar:/home/user/.m2/repository/javax/xml/bind/jaxb-api/2.3.0/jaxb-api-2.3.0.jar:/home/user/.m2/repository/javax/activation/activation/1.1.1/activation-1.1.1.jar:/home/user/.m2/repository/org/apache/hadoop/hadoop-ozone-csi/0.5.0-SNAPSHOT/hadoop-ozone-csi-0.5.0-SNAPSHOT.jar:/home/user/.m2/repository/com/google/protobuf/protobuf-java-util/3.5.1/protobuf-java-util-3.5.1.jar:/home/user/.m2/repository/org/apache/hadoop/hadoop-hdds-config/0.5.0-SNAPSHOT/hadoop-hdds-config-0.5.0-SNAPSHOT.jar:/home/user/.m2/repository/io/grpc/grpc-netty/1.17.1/grpc-netty-1.17.1.jar:/home/user/.m2/repository/io/grpc/grpc-core/1.17.1/grpc-core-1.17.1.jar:/home/user/.m2/repository/io/grpc/grpc-context/1.17.1/grpc-context-1.17.1.jar:/home/user/.m2/repository/com/google/errorprone/error_prone_annotations/2.2.0/error_prone_annotations-2.2.0.jar:/home/user/.m2/repository/org/codehaus/mojo/animal-sniffer-annotations/1.17/animal-sniffer-annotations-1.17.jar:/home/user/.m2/repository/io/opencensus/opencensus-api/0.17.0/opencensus-api-0.17.0.jar:/home/user/.m2/repository/io/opencensus/opencensus-contrib-grpc-metrics/0.17.0/opencensus-contrib-grpc-metrics-0.17.0.jar:/home/user/.m2/repository/io/netty/netty-codec-http2/4.1.30.Final/netty-codec-http2-4.1.30.Final.jar:/home/user/.m2/repository/io/netty/netty-codec-http/4.1.30.Final/netty-codec-http-4.1.30.Final.jar:/home/user/.m2/repository/io/netty/netty-codec/4.1.30.Final/netty-codec-4.1.30.Final.jar:/home/user/.m2/repository/io/netty/netty-handler/4.1.30.Final/netty-handler-4.1.30.Final.jar:/home/user/.m2/repository/io/netty/netty-handler-proxy/4.1.30.Final/netty-handler-proxy-4.1.30.Final.jar:/home/user/.m2/repository/io/netty/netty-codec-socks/4.1.30.Final/netty-codec-socks-4.1.30.Final.jar:/home/user/.m2/repository/io/netty/netty-transport-native-epoll/4.1.30.Final/netty-transport-native-epoll-4.1.30.Final.jar:/home/user/.m2/repository/io/netty/netty-common/4.1.30.Final/netty-common-4.1.30.Final.jar:/home/user/.m2/repository/io/netty/netty-buffer/4.1.30.Final/netty-buffer-4.1.30.Final.jar:/home/user/.m2/repository/io/netty/netty-transport/4.1.30.Final/netty-transport-4.1.30.Final.jar:/home/user/.m2/repository/io/netty/netty-resolver/4.1.30.Final/netty-resolver-4.1.30.Final.jar:/home/user/.m2/repository/io/netty/netty-transport-native-unix-common/4.1.30.Final/netty-transport-native-unix-common-4.1.30.Final.jar:/home/user/.m2/repository/io/grpc/grpc-protobuf/1.17.1/grpc-protobuf-1.17.1.jar:/home/user/.m2/repository/com/google/api/grpc/proto-google-common-protos/1.0.0/proto-google-common-protos-1.0.0.jar:/home/user/.m2/repository/io/grpc/grpc-protobuf-lite/1.17.1/grpc-protobuf-lite-1.17.1.jar:/home/user/.m2/repository/io/grpc/grpc-stub/1.17.1/grpc-stub-1.17.1.jar:/home/user/.m2/repository/org/apache/hadoop/hadoop-ozone-recon/0.5.0-SNAPSHOT/hadoop-ozone-recon-0.5.0-SNAPSHOT.jar:/home/user/.m2/repository/org/apache/hadoop/hadoop-ozone-reconcodegen/0.5.0-SNAPSHOT/hadoop-ozone-reconcodegen-0.5.0-SNAPSHOT.jar:/home/user/.m2/repository/com/google/inject/extensions/guice-multibindings/4.0/guice-multibindings-4.0.jar:/home/user/.m2/repository/com/google/inject/guice/4.0/guice-4.0.jar:/home/user/.m2/repository/aopalliance/aopalliance/1.0/aopalliance-1.0.jar:/home/user/.m2/repository/com/google/inject/extensions/guice-servlet/4.0/guice-servlet-4.0.jar:/home/user/.m2/repository/org/glassfish/jersey/containers/jersey-container-servlet/2.27/jersey-container-servlet-2.27.jar:/home/user/.m2/repository/org/glassfish/hk2/guice-bridge/2.5.0/guice-bridge-2.5.0.jar:/home/user/.m2/repository/org/glassfish/jersey/core/jersey-server/2.27/jersey-server-2.27.jar:/home/user/.m2/repository/org/glassfish/jersey/core/jersey-client/2.27/jersey-client-2.27.jar:/home/user/.m2/repository/org/glassfish/jersey/media/jersey-media-jaxb/2.27/jersey-media-jaxb-2.27.jar:/home/user/.m2/repository/javax/validation/validation-api/1.1.0.Final/validation-api-1.1.0.Final.jar:/home/user/.m2/repository/org/glassfish/jersey/media/jersey-media-json-jackson/2.27/jersey-media-json-jackson-2.27.jar:/home/user/.m2/repository/org/glassfish/jersey/ext/jersey-entity-filtering/2.27/jersey-entity-filtering-2.27.jar:/home/user/.m2/repository/com/google/inject/extensions/guice-assistedinject/4.0/guice-assistedinject-4.0.jar:/home/user/.m2/repository/org/jooq/jooq/3.11.10/jooq-3.11.10.jar:/home/user/.m2/repository/org/jooq/jooq-meta/3.11.10/jooq-meta-3.11.10.jar:/home/user/.m2/repository/org/jooq/jooq-codegen/3.11.10/jooq-codegen-3.11.10.jar:/home/user/.m2/repository/com/jolbox/bonecp/0.8.0.RELEASE/bonecp-0.8.0.RELEASE.jar:/home/user/.m2/repository/org/xerial/sqlite-jdbc/3.25.2/sqlite-jdbc-3.25.2.jar:/home/user/.m2/repository/org/springframework/spring-jdbc/5.1.3.RELEASE/spring-jdbc-5.1.3.RELEASE.jar:/home/user/.m2/repository/org/springframework/spring-beans/5.1.3.RELEASE/spring-beans-5.1.3.RELEASE.jar:/home/user/.m2/repository/org/springframework/spring-core/5.1.3.RELEASE/spring-core-5.1.3.RELEASE.jar:/home/user/.m2/repository/org/springframework/spring-jcl/5.1.3.RELEASE/spring-jcl-5.1.3.RELEASE.jar:/home/user/.m2/repository/org/springframework/spring-tx/5.1.3.RELEASE/spring-tx-5.1.3.RELEASE.jar:/home/user/.m2/repository/org/apache/hadoop/hadoop-ozone-client/0.5.0-SNAPSHOT/hadoop-ozone-client-0.5.0-SNAPSHOT.jar:/home/user/.m2/repository/commons-lang/commons-lang/2.6/commons-lang-2.6.jar:/home/user/.m2/repository/org/apache/hadoop/hadoop-ozone-ozone-manager/0.5.0-SNAPSHOT/hadoop-ozone-ozone-manager-0.5.0-SNAPSHOT-tests.jar:/home/user/.m2/repository/junit/junit/4.11/junit-4.11.jar:/home/user/.m2/repository/org/hamcrest/hamcrest-core/1.3/hamcrest-core-1.3.jar:/home/user/.m2/repository/org/openjdk/jmh/jmh-core/1.19/jmh-core-1.19.jar:/home/user/.m2/repository/net/sf/jopt-simple/jopt-simple/4.6/jopt-simple-4.6.jar:/home/user/.m2/repository/org/apache/commons/commons-math3/3.1.1/commons-math3-3.1.1.jar:/home/user/.m2/repository/org/openjdk/jmh/jmh-generator-annprocess/1.19/jmh-generator-annprocess-1.19.jar:/home/user/.m2/repository/org/mockito/mockito-all/1.8.5/mockito-all-1.8.5.jar:/home/user/.m2/repository/org/apache/hadoop/hadoop-kms/3.2.0/hadoop-kms-3.2.0.jar:/home/user/.m2/repository/org/apache/hadoop/hadoop-auth/3.2.0/hadoop-auth-3.2.0.jar:/home/user/.m2/repository/com/nimbusds/nimbus-jose-jwt/4.41.1/nimbus-jose-jwt-4.41.1.jar:/home/user/.m2/repository/com/github/stephenc/jcip/jcip-annotations/1.0-1/jcip-annotations-1.0-1.jar:/home/user/.m2/repository/net/minidev/json-smart/2.3/json-smart-2.3.jar:/home/user/.m2/repository/net/minidev/accessors-smart/1.2/accessors-smart-1.2.jar:/home/user/.m2/repository/org/ow2/asm/asm/5.0.4/asm-5.0.4.jar:/home/user/.m2/repository/org/apache/curator/curator-framework/2.12.0/curator-framework-2.12.0.jar:/home/user/.m2/repository/com/sun/jersey/jersey-core/1.19/jersey-core-1.19.jar:/home/user/.m2/repository/javax/ws/rs/jsr311-api/1.1.1/jsr311-api-1.1.1.jar:/home/user/.m2/repository/com/sun/jersey/jersey-server/1.19/jersey-server-1.19.jar:/home/user/.m2/repository/javax/servlet/javax.servlet-api/3.1.0/javax.servlet-api-3.1.0.jar:/home/user/.m2/repository/org/eclipse/jetty/jetty-server/9.3.25.v20180904/jetty-server-9.3.25.v20180904.jar:/home/user/.m2/repository/org/eclipse/jetty/jetty-http/9.3.25.v20180904/jetty-http-9.3.25.v20180904.jar:/home/user/.m2/repository/org/eclipse/jetty/jetty-io/9.3.25.v20180904/jetty-io-9.3.25.v20180904.jar:/home/user/.m2/repository/org/eclipse/jetty/jetty-webapp/9.3.25.v20180904/jetty-webapp-9.3.25.v20180904.jar:/home/user/.m2/repository/org/eclipse/jetty/jetty-xml/9.3.25.v20180904/jetty-xml-9.3.25.v20180904.jar:/home/user/.m2/repository/log4j/log4j/1.2.17/log4j-1.2.17.jar:/home/user/.m2/repository/org/slf4j/slf4j-api/1.7.25/slf4j-api-1.7.25.jar:/home/user/.m2/repository/org/slf4j/jul-to-slf4j/1.7.25/jul-to-slf4j-1.7.25.jar:/home/user/.m2/repository/org/eclipse/jetty/jetty-util/9.3.25.v20180904/jetty-util-9.3.25.v20180904.jar:/home/user/.m2/repository/com/fasterxml/jackson/core/jackson-databind/2.9.9/jackson-databind-2.9.9.jar:/home/user/.m2/repository/org/apache/hadoop/hadoop-kms/3.2.0/hadoop-kms-3.2.0-tests.jar:/home/user/.m2/repository/org/apache/hadoop/hadoop-hdds-server-scm/0.5.0-SNAPSHOT/hadoop-hdds-server-scm-0.5.0-SNAPSHOT-tests.jar:/home/user/.m2/repository/org/apache/hadoop/hadoop-hdds-container-service/0.5.0-SNAPSHOT/hadoop-hdds-container-service-0.5.0-SNAPSHOT-tests.jar:/home/user/.m2/repository/org/yaml/snakeyaml/1.16/snakeyaml-1.16.jar:/home/user/.m2/repository/org/apache/hadoop/hadoop-common/3.2.0/hadoop-common-3.2.0-tests.jar:/home/user/.m2/repository/org/apache/hadoop/hadoop-annotations/3.2.0/hadoop-annotations-3.2.0.jar:/usr/lib/jvm/java-1.8-openjdk/jre/../lib/tools.jar:/home/user/.m2/repository/commons-cli/commons-cli/1.2/commons-cli-1.2.jar:/home/user/.m2/repository/org/apache/httpcomponents/httpclient/4.5.2/httpclient-4.5.2.jar:/home/user/.m2/repository/org/apache/httpcomponents/httpcore/4.4.4/httpcore-4.4.4.jar:/home/user/.m2/repository/commons-codec/commons-codec/1.11/commons-codec-1.11.jar:/home/user/.m2/repository/commons-net/commons-net/3.6/commons-net-3.6.jar:/home/user/.m2/repository/commons-collections/commons-collections/3.2.2/commons-collections-3.2.2.jar:/home/user/.m2/repository/org/eclipse/jetty/jetty-servlet/9.3.25.v20180904/jetty-servlet-9.3.25.v20180904.jar:/home/user/.m2/repository/org/eclipse/jetty/jetty-security/9.3.25.v20180904/jetty-security-9.3.25.v20180904.jar:/home/user/.m2/repository/javax/servlet/jsp/jsp-api/2.1/jsp-api-2.1.jar:/home/user/.m2/repository/com/sun/jersey/jersey-servlet/1.19/jersey-servlet-1.19.jar:/home/user/.m2/repository/com/sun/jersey/jersey-json/1.19/jersey-json-1.19.jar:/home/user/.m2/repository/org/codehaus/jettison/jettison/1.1/jettison-1.1.jar:/home/user/.m2/repository/org/codehaus/jackson/jackson-core-asl/1.9.13/jackson-core-asl-1.9.13.jar:/home/user/.m2/repository/org/codehaus/jackson/jackson-mapper-asl/1.9.13/jackson-mapper-asl-1.9.13.jar:/home/user/.m2/repository/org/codehaus/jackson/jackson-jaxrs/1.9.13/jackson-jaxrs-1.9.13.jar:/home/user/.m2/repository/org/codehaus/jackson/jackson-xc/1.9.13/jackson-xc-1.9.13.jar:/home/user/.m2/repository/commons-logging/commons-logging/1.1.3/commons-logging-1.1.3.jar:/home/user/.m2/repository/commons-beanutils/commons-beanutils/1.9.4/commons-beanutils-1.9.4.jar:/home/user/.m2/repository/org/apache/commons/commons-configuration2/2.1.1/commons-configuration2-2.1.1.jar:/home/user/.m2/repository/org/apache/commons/commons-lang3/3.7/commons-lang3-3.7.jar:/home/user/.m2/repository/org/apache/commons/commons-text/1.4/commons-text-1.4.jar:/home/user/.m2/repository/org/apache/avro/avro/1.7.7/avro-1.7.7.jar:/home/user/.m2/repository/com/thoughtworks/paranamer/paranamer/2.3/paranamer-2.3.jar:/home/user/.m2/repository/org/xerial/snappy/snappy-java/1.0.5/snappy-java-1.0.5.jar:/home/user/.m2/repository/com/google/re2j/re2j/1.1/re2j-1.1.jar:/home/user/.m2/repository/com/google/code/gson/gson/2.2.4/gson-2.2.4.jar:/home/user/.m2/repository/com/jcraft/jsch/0.1.54/jsch-0.1.54.jar:/home/user/.m2/repository/org/apache/curator/curator-client/2.12.0/curator-client-2.12.0.jar:/home/user/.m2/repository/org/apache/curator/curator-recipes/2.12.0/curator-recipes-2.12.0.jar:/home/user/.m2/repository/com/google/code/findbugs/jsr305/3.0.0/jsr305-3.0.0.jar:/home/user/.m2/repository/org/apache/htrace/htrace-core4/4.1.0-incubating/htrace-core4-4.1.0-incubating.jar:/home/user/.m2/repository/org/apache/zookeeper/zookeeper/3.4.13/zookeeper-3.4.13.jar:/home/user/.m2/repository/jline/jline/0.9.94/jline-0.9.94.jar:/home/user/.m2/repository/org/apache/yetus/audience-annotations/0.5.0/audience-annotations-0.5.0.jar:/home/user/.m2/repository/org/codehaus/woodstox/stax2-api/3.1.4/stax2-api-3.1.4.jar:/home/user/.m2/repository/com/fasterxml/woodstox/woodstox-core/5.0.3/woodstox-core-5.0.3.jar:/home/user/.m2/repository/dnsjava/dnsjava/2.1.7/dnsjava-2.1.7.jar:/home/user/.m2/repository/org/apache/hadoop/hadoop-hdfs/3.2.0/hadoop-hdfs-3.2.0-tests.jar:/home/user/.m2/repository/org/eclipse/jetty/jetty-util-ajax/9.3.25.v20180904/jetty-util-ajax-9.3.25.v20180904.jar:/home/user/.m2/repository/commons-daemon/commons-daemon/1.0.13/commons-daemon-1.0.13.jar:/home/user/.m2/repository/io/netty/netty/3.10.5.Final/netty-3.10.5.Final.jar:/home/user/.m2/repository/io/netty/netty-all/4.0.52.Final/netty-all-4.0.52.Final.jar:/home/user/.m2/repository/org/fusesource/leveldbjni/leveldbjni-all/1.8/leveldbjni-all-1.8.jar:"/>
    <property name="sun.cpu.endian" value="little"/>
    <property name="user.home" value="/home/user"/>
    <property name="user.language" value="en"/>
    <property name="java.specification.vendor" value="Oracle Corporation"/>
    <property name="java.home" value="/usr/lib/jvm/java-1.8-openjdk/jre"/>
    <property name="java.security.krb5.conf" value="/workdir/hadoop-ozone/integration-test/target/test-classes/krb5.conf"/>
    <property name="basedir" value="/workdir/hadoop-ozone/integration-test"/>
    <property name="file.separator" value="/"/>
    <property name="line.separator" value="&#10;"/>
    <property name="java.vm.specification.vendor" value="Oracle Corporation"/>
    <property name="java.specification.name" value="Java Platform API Specification"/>
    <property name="java.awt.graphicsenv" value="sun.awt.X11GraphicsEnvironment"/>
    <property name="surefire.real.class.path" value="/workdir/hadoop-ozone/integration-test/target/surefire/surefirebooter8360275858978620000.jar"/>
    <property name="hadoop.log.dir" value="/workdir/hadoop-ozone/integration-test/target/log"/>
    <property name="sun.boot.class.path" value="/usr/lib/jvm/java-1.8-openjdk/jre/lib/resources.jar:/usr/lib/jvm/java-1.8-openjdk/jre/lib/rt.jar:/usr/lib/jvm/java-1.8-openjdk/jre/lib/sunrsasign.jar:/usr/lib/jvm/java-1.8-openjdk/jre/lib/jsse.jar:/usr/lib/jvm/java-1.8-openjdk/jre/lib/jce.jar:/usr/lib/jvm/java-1.8-openjdk/jre/lib/charsets.jar:/usr/lib/jvm/java-1.8-openjdk/jre/lib/jfr.jar:/usr/lib/jvm/java-1.8-openjdk/jre/classes"/>
    <property name="sun.management.compiler" value="HotSpot 64-Bit Tiered Compilers"/>
    <property name="java.runtime.version" value="1.8.0_212-b04"/>
    <property name="java.net.preferIPv4Stack" value="true"/>
    <property name="user.name" value="jenkins1000"/>
    <property name="path.separator" value=":"/>
    <property name="java.security.egd" value="file:///dev/urandom"/>
    <property name="os.version" value="3.10.0-957.12.2.el7.x86_64"/>
    <property name="java.endorsed.dirs" value="/usr/lib/jvm/java-1.8-openjdk/jre/lib/endorsed"/>
    <property name="java.runtime.name" value="OpenJDK Runtime Environment"/>
    <property name="file.encoding" value="UTF-8"/>
    <property name="java.vm.name" value="OpenJDK 64-Bit Server VM"/>
    <property name="test.build.webapps" value=""/>
    <property name="localRepository" value="/home/user/.m2/repository"/>
    <property name="java.vendor.url.bug" value="https://icedtea.classpath.org/bugzilla"/>
    <property name="java.io.tmpdir" value="/tmp"/>
    <property name="require.test.libhadoop" value=""/>
    <property name="java.version" value="1.8.0_212"/>
    <property name="user.dir" value="/workdir/hadoop-ozone/integration-test"/>
    <property name="os.arch" value="amd64"/>
    <property name="java.vm.specification.name" value="Java Virtual Machine Specification"/>
    <property name="test.build.classes" value="/workdir/hadoop-ozone/integration-test/target/test-classes"/>
    <property name="java.awt.printerjob" value="sun.print.PSPrinterJob"/>
    <property name="sun.os.patch.level" value="unknown"/>
    <property name="hadoop.tmp.dir" value="/workdir/hadoop-ozone/integration-test/target/tmp"/>
    <property name="java.library.path" value="/usr/lib/jvm/java-1.8-openjdk/jre/lib/amd64/server:/usr/lib/jvm/java-1.8-openjdk/jre/lib/amd64:/usr/lib/jvm/java-1.8-openjdk/jre/../lib/amd64:/workdir/hadoop-ozone/integration-test/target/native/target/usr/local/lib:/workdir/hadoop-ozone/integration-test/../../hadoop-common-project/hadoop-common/target/native/target/usr/local/lib:/usr/java/packages/lib/amd64:/usr/lib64:/lib64:/lib:/usr/lib"/>
    <property name="java.vm.info" value="mixed mode"/>
    <property name="java.vendor" value="IcedTea"/>
    <property name="java.vm.version" value="25.212-b04"/>
    <property name="java.ext.dirs" value="/usr/lib/jvm/java-1.8-openjdk/jre/lib/ext:/usr/java/packages/lib/ext"/>
    <property name="sun.io.unicode.encoding" value="UnicodeLittle"/>
    <property name="java.class.version" value="52.0"/>
  </properties>
  <testcase name="testWatchForCommitWithKeyWrite" classname="org.apache.hadoop.ozone.client.rpc.TestWatchForCommit" time="71.726"/>
  <testcase name="testWatchForCommitWithSmallerTimeoutValue" classname="org.apache.hadoop.ozone.client.rpc.TestWatchForCommit" time="44.561"/>
  <testcase name="testWatchForCommitForRetryfailure" classname="org.apache.hadoop.ozone.client.rpc.TestWatchForCommit" time="60.923">
    <failure type="java.lang.AssertionError">java.lang.AssertionError
	at org.junit.Assert.fail(Assert.java:86)
	at org.junit.Assert.assertTrue(Assert.java:41)
	at org.junit.Assert.assertTrue(Assert.java:52)
	at org.apache.hadoop.ozone.client.rpc.TestWatchForCommit.testWatchForCommitForRetryfailure(TestWatchForCommit.java:348)
	at sun.reflect.NativeMethodAccessorImpl.invoke0(Native Method)
	at sun.reflect.NativeMethodAccessorImpl.invoke(NativeMethodAccessorImpl.java:62)
	at sun.reflect.DelegatingMethodAccessorImpl.invoke(DelegatingMethodAccessorImpl.java:43)
	at java.lang.reflect.Method.invoke(Method.java:498)
	at org.junit.runners.model.FrameworkMethod$1.runReflectiveCall(FrameworkMethod.java:47)
	at org.junit.internal.runners.model.ReflectiveCallable.run(ReflectiveCallable.java:12)
	at org.junit.runners.model.FrameworkMethod.invokeExplosively(FrameworkMethod.java:44)
	at org.junit.internal.runners.statements.InvokeMethod.evaluate(InvokeMethod.java:17)
	at org.junit.runners.ParentRunner.runLeaf(ParentRunner.java:271)
	at org.junit.runners.BlockJUnit4ClassRunner.runChild(BlockJUnit4ClassRunner.java:70)
	at org.junit.runners.BlockJUnit4ClassRunner.runChild(BlockJUnit4ClassRunner.java:50)
	at org.junit.runners.ParentRunner$3.run(ParentRunner.java:238)
	at org.junit.runners.ParentRunner$1.schedule(ParentRunner.java:63)
	at org.junit.runners.ParentRunner.runChildren(ParentRunner.java:236)
	at org.junit.runners.ParentRunner.access$000(ParentRunner.java:53)
	at org.junit.runners.ParentRunner$2.evaluate(ParentRunner.java:229)
	at org.junit.runners.ParentRunner.run(ParentRunner.java:309)
	at org.apache.maven.surefire.junit4.JUnit4Provider.execute(JUnit4Provider.java:365)
	at org.apache.maven.surefire.junit4.JUnit4Provider.executeWithRerun(JUnit4Provider.java:273)
	at org.apache.maven.surefire.junit4.JUnit4Provider.executeTestSet(JUnit4Provider.java:238)
	at org.apache.maven.surefire.junit4.JUnit4Provider.invoke(JUnit4Provider.java:159)
	at org.apache.maven.surefire.booter.ForkedBooter.invokeProviderInSameClassLoader(ForkedBooter.java:384)
	at org.apache.maven.surefire.booter.ForkedBooter.runSuitesInProcess(ForkedBooter.java:345)
	at org.apache.maven.surefire.booter.ForkedBooter.execute(ForkedBooter.java:126)
	at org.apache.maven.surefire.booter.ForkedBooter.main(ForkedBooter.java:418)
</failure>
    <system-out><![CDATA[2019-10-01 20:48:24,198 [main] WARN  server.ServerUtils (ServerUtils.java:getScmDbDir(145)) - ozone.scm.db.dirs is not configured. We recommend adding this setting. Falling back to ozone.metadata.dirs instead.
2019-10-01 20:48:24,213 [main] WARN  server.ServerUtils (ServerUtils.java:getScmDbDir(145)) - ozone.scm.db.dirs is not configured. We recommend adding this setting. Falling back to ozone.metadata.dirs instead.
2019-10-01 20:48:24,214 [main] WARN  server.ServerUtils (ServerUtils.java:getScmDbDir(145)) - ozone.scm.db.dirs is not configured. We recommend adding this setting. Falling back to ozone.metadata.dirs instead.
2019-10-01 20:48:24,214 [main] INFO  db.DBStoreBuilder (DBStoreBuilder.java:addTable(110)) - using custom profile for table: deletedBlocks
2019-10-01 20:48:24,214 [main] INFO  db.DBStoreBuilder (DBStoreBuilder.java:processTables(161)) - Using default column profile:DBProfile.DISK for Table:deletedBlocks
2019-10-01 20:48:24,215 [main] INFO  db.DBStoreBuilder (DBStoreBuilder.java:addTable(110)) - using custom profile for table: validCerts
2019-10-01 20:48:24,215 [main] INFO  db.DBStoreBuilder (DBStoreBuilder.java:processTables(161)) - Using default column profile:DBProfile.DISK for Table:validCerts
2019-10-01 20:48:24,215 [main] INFO  db.DBStoreBuilder (DBStoreBuilder.java:addTable(110)) - using custom profile for table: revokedCerts
2019-10-01 20:48:24,215 [main] INFO  db.DBStoreBuilder (DBStoreBuilder.java:processTables(161)) - Using default column profile:DBProfile.DISK for Table:revokedCerts
2019-10-01 20:48:24,215 [main] INFO  db.DBStoreBuilder (DBStoreBuilder.java:addTable(110)) - using custom profile for table: default
2019-10-01 20:48:24,215 [main] INFO  db.DBStoreBuilder (DBStoreBuilder.java:processTables(167)) - Using default column profile:DBProfile.DISK for Table:default
2019-10-01 20:48:24,216 [main] INFO  db.DBStoreBuilder (DBStoreBuilder.java:getDbProfile(198)) - Using default options. DBProfile.DISK
2019-10-01 20:48:24,364 [main] INFO  net.NodeSchemaLoader (NodeSchemaLoader.java:loadSchemaFromFile(125)) - Loading file from sun.misc.CompoundEnumeration@4346808
2019-10-01 20:48:24,364 [main] INFO  net.NodeSchemaLoader (NodeSchemaLoader.java:loadSchema(171)) - Loading network topology layer schema file
2019-10-01 20:48:24,368 [main] WARN  server.ServerUtils (ServerUtils.java:sanitizeUserArgs(70)) - ozone.scm.stale.node.interval value = 300000 is larger than max = 100000 based on the key value of ozone.scm.heartbeat.thread.interval, reset to the max value 100000.
2019-10-01 20:48:24,369 [main] WARN  server.ServerUtils (ServerUtils.java:sanitizeUserArgs(70)) - ozone.scm.stale.node.interval value = 300000 is larger than max = 100000 based on the key value of ozone.scm.heartbeat.thread.interval, reset to the max value 100000.
2019-10-01 20:48:24,369 [main] INFO  node.SCMNodeManager (SCMNodeManager.java:<init>(114)) - Entering startup safe mode.
2019-10-01 20:48:24,370 [main] INFO  algorithms.ContainerPlacementPolicyFactory (ContainerPlacementPolicyFactory.java:getPolicy(57)) - Create container placement policy of type org.apache.hadoop.hdds.scm.container.placement.algorithms.SCMContainerPlacementRandom
2019-10-01 20:48:24,370 [main] WARN  server.ServerUtils (ServerUtils.java:getScmDbDir(145)) - ozone.scm.db.dirs is not configured. We recommend adding this setting. Falling back to ozone.metadata.dirs instead.
2019-10-01 20:48:24,398 [main] INFO  pipeline.SCMPipelineManager (SCMPipelineManager.java:initializePipelineState(132)) - No pipeline exists in current db
2019-10-01 20:48:24,398 [main] WARN  server.ServerUtils (ServerUtils.java:getScmDbDir(145)) - ozone.scm.db.dirs is not configured. We recommend adding this setting. Falling back to ozone.metadata.dirs instead.
2019-10-01 20:48:24,421 [main] WARN  events.EventQueue (EventQueue.java:fireEvent(183)) - No event handler registered for event TypedEvent{payloadType=SafeModeStatus, name='SafeModeStatus'}
2019-10-01 20:48:24,421 [main] INFO  ipc.CallQueueManager (CallQueueManager.java:<init>(84)) - Using callQueue: class java.util.concurrent.LinkedBlockingQueue, queueCapacity: 2000, scheduler: class org.apache.hadoop.ipc.DefaultRpcScheduler, ipcBackoff: false.
2019-10-01 20:48:24,422 [Socket Reader #1 for port 41207] INFO  ipc.Server (Server.java:run(1074)) - Starting Socket Reader #1 for port 41207
2019-10-01 20:48:24,424 [main] INFO  ipc.CallQueueManager (CallQueueManager.java:<init>(84)) - Using callQueue: class java.util.concurrent.LinkedBlockingQueue, queueCapacity: 2000, scheduler: class org.apache.hadoop.ipc.DefaultRpcScheduler, ipcBackoff: false.
2019-10-01 20:48:24,425 [Socket Reader #1 for port 43134] INFO  ipc.Server (Server.java:run(1074)) - Starting Socket Reader #1 for port 43134
2019-10-01 20:48:24,426 [main] INFO  ipc.CallQueueManager (CallQueueManager.java:<init>(84)) - Using callQueue: class java.util.concurrent.LinkedBlockingQueue, queueCapacity: 2000, scheduler: class org.apache.hadoop.ipc.DefaultRpcScheduler, ipcBackoff: false.
2019-10-01 20:48:24,426 [Socket Reader #1 for port 33814] INFO  ipc.Server (Server.java:run(1074)) - Starting Socket Reader #1 for port 33814
2019-10-01 20:48:24,428 [main] INFO  hdfs.DFSUtil (DFSUtil.java:httpServerTemplateForNNAndJN(1641)) - Starting Web-server for scm at: http://0.0.0.0:0
2019-10-01 20:48:24,430 [main] INFO  server.AuthenticationFilter (AuthenticationFilter.java:constructSecretProvider(240)) - Unable to initialize FileSignerSecretProvider, falling back to use random secrets.
2019-10-01 20:48:24,430 [main] WARN  http.HttpRequestLog (HttpRequestLog.java:getRequestLog(97)) - Jetty request log can only be enabled using Log4j
2019-10-01 20:48:24,432 [main] INFO  http.HttpServer2 (HttpServer2.java:addGlobalFilter(975)) - Added global filter 'safety' (class=org.apache.hadoop.http.HttpServer2$QuotingInputFilter)
2019-10-01 20:48:24,432 [main] INFO  http.HttpServer2 (HttpServer2.java:addFilter(948)) - Added filter static_user_filter (class=org.apache.hadoop.http.lib.StaticUserWebFilter$StaticUserFilter) to context scm
2019-10-01 20:48:24,433 [main] INFO  http.HttpServer2 (HttpServer2.java:addFilter(958)) - Added filter static_user_filter (class=org.apache.hadoop.http.lib.StaticUserWebFilter$StaticUserFilter) to context static
2019-10-01 20:48:24,433 [main] INFO  http.HttpServer2 (HttpServer2.java:addFilter(958)) - Added filter static_user_filter (class=org.apache.hadoop.http.lib.StaticUserWebFilter$StaticUserFilter) to context logs
2019-10-01 20:48:24,434 [main] INFO  server.StorageContainerManager (StorageContainerManager.java:start(770)) - StorageContainerLocationProtocol RPC server is listening at /0.0.0.0:33814
2019-10-01 20:48:24,436 [main] WARN  impl.MetricsConfig (MetricsConfig.java:loadFirst(134)) - Cannot locate configuration: tried hadoop-metrics2-storagecontainermanager.properties,hadoop-metrics2.properties
2019-10-01 20:48:24,437 [main] INFO  impl.MetricsSystemImpl (MetricsSystemImpl.java:startTimer(374)) - Scheduled Metric snapshot period at 10 second(s).
2019-10-01 20:48:24,437 [main] INFO  impl.MetricsSystemImpl (MetricsSystemImpl.java:start(191)) - StorageContainerManager metrics system started
2019-10-01 20:48:24,472 [main] INFO  lib.Interns (Interns.java:removeEldestEntry(50)) - Metrics intern cache overflow at 2011 for MetricsSystem={MetricsSystem=MetricsInfoImpl{name=MetricsSystem, description=MetricsSystem}, MetricsSystem record=MetricsInfoImpl{name=MetricsSystem, description=MetricsSystem record}}
2019-10-01 20:48:24,482 [main] WARN  impl.MetricsSystemImpl (MetricsSystemImpl.java:register(276)) - Sink prometheus already exists!
2019-10-01 20:48:24,516 [main] INFO  server.SCMClientProtocolServer (SCMClientProtocolServer.java:start(150)) - RPC server for Client  is listening at /0.0.0.0:33814
2019-10-01 20:48:24,516 [IPC Server Responder] INFO  ipc.Server (Server.java:run(1314)) - IPC Server Responder: starting
2019-10-01 20:48:24,516 [IPC Server listener on 33814] INFO  ipc.Server (Server.java:run(1153)) - IPC Server listener on 33814: starting
2019-10-01 20:48:24,521 [main] INFO  server.StorageContainerManager (StorageContainerManager.java:start(780)) - ScmBlockLocationProtocol RPC server is listening at /0.0.0.0:43134
2019-10-01 20:48:24,521 [main] INFO  server.SCMBlockProtocolServer (SCMBlockProtocolServer.java:start(146)) - RPC server for Block Protocol is listening at /0.0.0.0:43134
2019-10-01 20:48:24,522 [IPC Server Responder] INFO  ipc.Server (Server.java:run(1314)) - IPC Server Responder: starting
2019-10-01 20:48:24,522 [IPC Server listener on 43134] INFO  ipc.Server (Server.java:run(1153)) - IPC Server listener on 43134: starting
2019-10-01 20:48:24,526 [main] INFO  server.StorageContainerManager (StorageContainerManager.java:start(784)) - ScmDatanodeProtocl RPC server is listening at /0.0.0.0:41207
2019-10-01 20:48:24,526 [main] INFO  server.SCMDatanodeProtocolServer (SCMDatanodeProtocolServer.java:start(191)) - RPC server for DataNodes is listening at /0.0.0.0:41207
2019-10-01 20:48:24,526 [IPC Server Responder] INFO  ipc.Server (Server.java:run(1314)) - IPC Server Responder: starting
2019-10-01 20:48:24,527 [IPC Server listener on 41207] INFO  ipc.Server (Server.java:run(1153)) - IPC Server listener on 41207: starting
2019-10-01 20:48:24,531 [main] INFO  http.HttpServer2 (HttpServer2.java:bindListener(1191)) - Jetty bound to port 40015
2019-10-01 20:48:24,531 [main] INFO  server.Server (Server.java:doStart(351)) - jetty-9.3.25.v20180904, build timestamp: 2018-09-04T21:11:46Z, git hash: 3ce520221d0240229c862b122d2b06c12a625732
2019-10-01 20:48:24,533 [main] INFO  handler.ContextHandler (ContextHandler.java:doStart(781)) - Started o.e.j.s.ServletContextHandler@16da476c{/logs,file:///workdir/hadoop-ozone/integration-test/target/log,AVAILABLE}
2019-10-01 20:48:24,533 [main] INFO  handler.ContextHandler (ContextHandler.java:doStart(781)) - Started o.e.j.s.ServletContextHandler@51f18e31{/static,file:///workdir/hadoop-ozone/integration-test/target/test-classes/webapps/static,AVAILABLE}
2019-10-01 20:48:24,537 [main] INFO  handler.ContextHandler (ContextHandler.java:doStart(781)) - Started o.e.j.w.WebAppContext@54336976{/,file:///workdir/hadoop-ozone/integration-test/target/test-classes/webapps/scm/,AVAILABLE}{/scm}
2019-10-01 20:48:24,538 [main] INFO  server.AbstractConnector (AbstractConnector.java:doStart(278)) - Started ServerConnector@f25f48a{HTTP/1.1,[http/1.1]}{0.0.0.0:40015}
2019-10-01 20:48:24,538 [main] INFO  server.Server (Server.java:doStart(419)) - Started @117053ms
2019-10-01 20:48:24,539 [main] WARN  impl.MetricsSystemImpl (MetricsSystemImpl.java:register(276)) - Sink prometheus already exists!
2019-10-01 20:48:24,539 [main] INFO  server.BaseHttpServer (BaseHttpServer.java:updateConnectorAddress(215)) - HTTP server of SCM is listening at http://0.0.0.0:40015
2019-10-01 20:48:24,540 [main] WARN  server.ServerUtils (ServerUtils.java:getDBPath(222)) - ozone.om.db.dirs is not configured. We recommend adding this setting. Falling back to ozone.metadata.dirs instead.
2019-10-01 20:48:24,541 [org.apache.hadoop.util.JvmPauseMonitor$Monitor@3b2e5c0d] INFO  util.JvmPauseMonitor (JvmPauseMonitor.java:run(188)) - Starting JVM pause monitor
2019-10-01 20:48:24,554 [main] WARN  server.ServerUtils (ServerUtils.java:getDBPath(222)) - ozone.om.db.dirs is not configured. We recommend adding this setting. Falling back to ozone.metadata.dirs instead.
2019-10-01 20:48:24,554 [main] WARN  server.ServerUtils (ServerUtils.java:getDBPath(222)) - ozone.om.db.dirs is not configured. We recommend adding this setting. Falling back to ozone.metadata.dirs instead.
2019-10-01 20:48:24,555 [main] INFO  om.OzoneManager (OzoneManager.java:setOMNodeDetails(652)) - OM Service ID is not set. Setting it to the default ID: omServiceIdDefault
2019-10-01 20:48:24,555 [main] INFO  om.OzoneManager (OzoneManager.java:setOMNodeDetails(658)) - OM Node ID is not set. Setting it to the OmStorage's OmID: e93b75a5-4716-446a-9ae6-cadc806243f1
2019-10-01 20:48:24,555 [main] INFO  om.OzoneManager (OzoneManager.java:loadOMHAConfigs(609)) - Found matching OM address with OMServiceId: null, OMNodeId: null, RPC Address: localhost:0 and Ratis port: 9872
2019-10-01 20:48:24,562 [main] WARN  server.ServerUtils (ServerUtils.java:getDBPath(222)) - ozone.om.db.dirs is not configured. We recommend adding this setting. Falling back to ozone.metadata.dirs instead.
2019-10-01 20:48:24,562 [main] INFO  db.DBStoreBuilder (DBStoreBuilder.java:addTable(110)) - using custom profile for table: userTable
2019-10-01 20:48:24,562 [main] INFO  db.DBStoreBuilder (DBStoreBuilder.java:processTables(161)) - Using default column profile:DBProfile.DISK for Table:userTable
2019-10-01 20:48:24,563 [main] INFO  db.DBStoreBuilder (DBStoreBuilder.java:addTable(110)) - using custom profile for table: volumeTable
2019-10-01 20:48:24,563 [main] INFO  db.DBStoreBuilder (DBStoreBuilder.java:processTables(161)) - Using default column profile:DBProfile.DISK for Table:volumeTable
2019-10-01 20:48:24,563 [main] INFO  db.DBStoreBuilder (DBStoreBuilder.java:addTable(110)) - using custom profile for table: bucketTable
2019-10-01 20:48:24,563 [main] INFO  db.DBStoreBuilder (DBStoreBuilder.java:processTables(161)) - Using default column profile:DBProfile.DISK for Table:bucketTable
2019-10-01 20:48:24,563 [main] INFO  db.DBStoreBuilder (DBStoreBuilder.java:addTable(110)) - using custom profile for table: keyTable
2019-10-01 20:48:24,563 [main] INFO  db.DBStoreBuilder (DBStoreBuilder.java:processTables(161)) - Using default column profile:DBProfile.DISK for Table:keyTable
2019-10-01 20:48:24,564 [main] INFO  db.DBStoreBuilder (DBStoreBuilder.java:addTable(110)) - using custom profile for table: deletedTable
2019-10-01 20:48:24,564 [main] INFO  db.DBStoreBuilder (DBStoreBuilder.java:processTables(161)) - Using default column profile:DBProfile.DISK for Table:deletedTable
2019-10-01 20:48:24,564 [main] INFO  db.DBStoreBuilder (DBStoreBuilder.java:addTable(110)) - using custom profile for table: openKeyTable
2019-10-01 20:48:24,564 [main] INFO  db.DBStoreBuilder (DBStoreBuilder.java:processTables(161)) - Using default column profile:DBProfile.DISK for Table:openKeyTable
2019-10-01 20:48:24,564 [main] INFO  db.DBStoreBuilder (DBStoreBuilder.java:addTable(110)) - using custom profile for table: s3Table
2019-10-01 20:48:24,564 [main] INFO  db.DBStoreBuilder (DBStoreBuilder.java:processTables(161)) - Using default column profile:DBProfile.DISK for Table:s3Table
2019-10-01 20:48:24,564 [main] INFO  db.DBStoreBuilder (DBStoreBuilder.java:addTable(110)) - using custom profile for table: multipartInfoTable
2019-10-01 20:48:24,565 [main] INFO  db.DBStoreBuilder (DBStoreBuilder.java:processTables(161)) - Using default column profile:DBProfile.DISK for Table:multipartInfoTable
2019-10-01 20:48:24,565 [main] INFO  db.DBStoreBuilder (DBStoreBuilder.java:addTable(110)) - using custom profile for table: dTokenTable
2019-10-01 20:48:24,565 [main] INFO  db.DBStoreBuilder (DBStoreBuilder.java:processTables(161)) - Using default column profile:DBProfile.DISK for Table:dTokenTable
2019-10-01 20:48:24,565 [main] INFO  db.DBStoreBuilder (DBStoreBuilder.java:addTable(110)) - using custom profile for table: s3SecretTable
2019-10-01 20:48:24,565 [main] INFO  db.DBStoreBuilder (DBStoreBuilder.java:processTables(161)) - Using default column profile:DBProfile.DISK for Table:s3SecretTable
2019-10-01 20:48:24,565 [main] INFO  db.DBStoreBuilder (DBStoreBuilder.java:addTable(110)) - using custom profile for table: prefixTable
2019-10-01 20:48:24,566 [main] INFO  db.DBStoreBuilder (DBStoreBuilder.java:processTables(161)) - Using default column profile:DBProfile.DISK for Table:prefixTable
2019-10-01 20:48:24,566 [main] INFO  db.DBStoreBuilder (DBStoreBuilder.java:addTable(110)) - using custom profile for table: default
2019-10-01 20:48:24,566 [main] INFO  db.DBStoreBuilder (DBStoreBuilder.java:processTables(167)) - Using default column profile:DBProfile.DISK for Table:default
2019-10-01 20:48:24,566 [main] INFO  db.DBStoreBuilder (DBStoreBuilder.java:getDbProfile(198)) - Using default options. DBProfile.DISK
2019-10-01 20:48:25,002 [main] INFO  ipc.CallQueueManager (CallQueueManager.java:<init>(84)) - Using callQueue: class java.util.concurrent.LinkedBlockingQueue, queueCapacity: 2000, scheduler: class org.apache.hadoop.ipc.DefaultRpcScheduler, ipcBackoff: false.
2019-10-01 20:48:25,003 [Socket Reader #1 for port 32953] INFO  ipc.Server (Server.java:run(1074)) - Starting Socket Reader #1 for port 32953
2019-10-01 20:48:25,016 [main] INFO  om.OzoneManager (OzoneManager.java:start(1243)) - OzoneManager RPC server is listening at localhost/127.0.0.1:32953
2019-10-01 20:48:25,016 [main] INFO  impl.MetricsSystemImpl (MetricsSystemImpl.java:init(158)) - OzoneManager metrics system started (again)
2019-10-01 20:48:25,017 [IPC Server listener on 32953] INFO  ipc.Server (Server.java:run(1153)) - IPC Server listener on 32953: starting
2019-10-01 20:48:25,017 [IPC Server Responder] INFO  ipc.Server (Server.java:run(1314)) - IPC Server Responder: starting
2019-10-01 20:48:25,021 [main] INFO  hdfs.DFSUtil (DFSUtil.java:httpServerTemplateForNNAndJN(1641)) - Starting Web-server for ozoneManager at: http://0.0.0.0:0
2019-10-01 20:48:25,022 [main] INFO  server.AuthenticationFilter (AuthenticationFilter.java:constructSecretProvider(240)) - Unable to initialize FileSignerSecretProvider, falling back to use random secrets.
2019-10-01 20:48:25,022 [main] WARN  http.HttpRequestLog (HttpRequestLog.java:getRequestLog(97)) - Jetty request log can only be enabled using Log4j
2019-10-01 20:48:25,024 [main] INFO  http.HttpServer2 (HttpServer2.java:addGlobalFilter(975)) - Added global filter 'safety' (class=org.apache.hadoop.http.HttpServer2$QuotingInputFilter)
2019-10-01 20:48:25,024 [main] INFO  http.HttpServer2 (HttpServer2.java:addFilter(948)) - Added filter static_user_filter (class=org.apache.hadoop.http.lib.StaticUserWebFilter$StaticUserFilter) to context ozoneManager
2019-10-01 20:48:25,025 [main] INFO  http.HttpServer2 (HttpServer2.java:addFilter(958)) - Added filter static_user_filter (class=org.apache.hadoop.http.lib.StaticUserWebFilter$StaticUserFilter) to context static
2019-10-01 20:48:25,025 [main] INFO  http.HttpServer2 (HttpServer2.java:addFilter(958)) - Added filter static_user_filter (class=org.apache.hadoop.http.lib.StaticUserWebFilter$StaticUserFilter) to context logs
2019-10-01 20:48:25,025 [main] INFO  http.HttpServer2 (HttpServer2.java:bindListener(1191)) - Jetty bound to port 33174
2019-10-01 20:48:25,026 [main] INFO  server.Server (Server.java:doStart(351)) - jetty-9.3.25.v20180904, build timestamp: 2018-09-04T21:11:46Z, git hash: 3ce520221d0240229c862b122d2b06c12a625732
2019-10-01 20:48:25,029 [main] INFO  handler.ContextHandler (ContextHandler.java:doStart(781)) - Started o.e.j.s.ServletContextHandler@a6e4897{/logs,file:///workdir/hadoop-ozone/integration-test/target/log,AVAILABLE}
2019-10-01 20:48:25,030 [main] INFO  handler.ContextHandler (ContextHandler.java:doStart(781)) - Started o.e.j.s.ServletContextHandler@19bedeb8{/static,file:///workdir/hadoop-ozone/integration-test/target/test-classes/webapps/static,AVAILABLE}
2019-10-01 20:48:25,034 [main] INFO  handler.ContextHandler (ContextHandler.java:doStart(781)) - Started o.e.j.w.WebAppContext@628b819d{/,file:///workdir/hadoop-ozone/integration-test/target/test-classes/webapps/ozoneManager/,AVAILABLE}{/ozoneManager}
2019-10-01 20:48:25,034 [main] INFO  server.AbstractConnector (AbstractConnector.java:doStart(278)) - Started ServerConnector@478b0739{HTTP/1.1,[http/1.1]}{0.0.0.0:33174}
2019-10-01 20:48:25,035 [main] INFO  server.Server (Server.java:doStart(419)) - Started @117550ms
2019-10-01 20:48:25,036 [main] WARN  impl.MetricsSystemImpl (MetricsSystemImpl.java:register(276)) - Sink prometheus already exists!
2019-10-01 20:48:25,036 [main] INFO  server.BaseHttpServer (BaseHttpServer.java:updateConnectorAddress(215)) - HTTP server of OZONEMANAGER is listening at http://0.0.0.0:33174
2019-10-01 20:48:25,050 [main] INFO  impl.MetricsSystemImpl (MetricsSystemImpl.java:init(158)) - HddsDatanode metrics system started (again)
2019-10-01 20:48:25,053 [main] INFO  ozone.HddsDatanodeService (HddsDatanodeService.java:start(184)) - HddsDatanodeService host:pr-hdds-2213-2l6tc-3189445122 ip:192.168.5.177
2019-10-01 20:48:25,060 [main] INFO  volume.HddsVolume (HddsVolume.java:<init>(176)) - Creating Volume: /workdir/hadoop-ozone/integration-test/target/test-dir/MiniOzoneClusterImpl-938fedde-e8cb-4965-8e7f-34791526160a/datanode-0/data/containers/hdds of  storage type : DISK and capacity : 1482555576320
2019-10-01 20:48:25,060 [main] INFO  volume.VolumeSet (VolumeSet.java:initializeVolumeSet(170)) - Added Volume : /workdir/hadoop-ozone/integration-test/target/test-dir/MiniOzoneClusterImpl-938fedde-e8cb-4965-8e7f-34791526160a/datanode-0/data/containers/hdds to VolumeSet
2019-10-01 20:48:25,060 [main] INFO  volume.ThrottledAsyncChecker (ThrottledAsyncChecker.java:schedule(139)) - Scheduling a check for org.apache.hadoop.ozone.container.common.volume.HddsVolume@5f7eee96
2019-10-01 20:48:25,061 [main] INFO  volume.HddsVolumeChecker (HddsVolumeChecker.java:checkAllVolumes(202)) - Scheduled health check for volume org.apache.hadoop.ozone.container.common.volume.HddsVolume@5f7eee96
2019-10-01 20:48:25,078 [main] INFO  impl.RaftServerProxy (ConfUtils.java:logGet(43)) - raft.rpc.type = GRPC (default)
2019-10-01 20:48:25,079 [main] INFO  grpc.GrpcFactory (GrpcFactory.java:checkPooledByteBufAllocatorUseCacheForAllThreads(45)) - PERFORMANCE WARNING: useCacheForAllThreads is true that may cause Netty to create a lot garbage objects and, as a result, trigger GC.
	It is recommended to disable useCacheForAllThreads by setting -Dorg.apache.ratis.thirdparty.io.netty.allocator.useCacheForAllThreads=false in command line.
2019-10-01 20:48:25,079 [main] INFO  grpc.GrpcConfigKeys$Server (ConfUtils.java:logGet(43)) - raft.grpc.server.port = 0 (default)
2019-10-01 20:48:25,079 [main] INFO  server.GrpcService (ConfUtils.java:logGet(43)) - raft.grpc.message.size.max = 33570816 (custom)
2019-10-01 20:48:25,080 [main] INFO  server.RaftServerConfigKeys (ConfUtils.java:logGet(43)) - raft.server.log.appender.buffer.byte-limit = 33554432 (custom)
2019-10-01 20:48:25,080 [main] INFO  server.GrpcService (ConfUtils.java:logGet(43)) - raft.grpc.flow.control.window = 1MB (=1048576) (default)
2019-10-01 20:48:25,080 [main] INFO  server.RaftServerConfigKeys (ConfUtils.java:logGet(43)) - raft.server.rpc.request.timeout = 3000ms (default)
2019-10-01 20:48:25,081 [main] INFO  server.RaftServerConfigKeys (ConfUtils.java:logGet(43)) - raft.server.storage.dir = [/workdir/hadoop-ozone/integration-test/target/test-dir/MiniOzoneClusterImpl-938fedde-e8cb-4965-8e7f-34791526160a/datanode-0/data/ratis] (custom)
2019-10-01 20:48:25,084 [main] INFO  hdfs.DFSUtil (DFSUtil.java:httpServerTemplateForNNAndJN(1641)) - Starting Web-server for hddsDatanode at: http://0.0.0.0:0
2019-10-01 20:48:25,089 [main] INFO  server.AuthenticationFilter (AuthenticationFilter.java:constructSecretProvider(240)) - Unable to initialize FileSignerSecretProvider, falling back to use random secrets.
2019-10-01 20:48:25,089 [main] WARN  http.HttpRequestLog (HttpRequestLog.java:getRequestLog(97)) - Jetty request log can only be enabled using Log4j
2019-10-01 20:48:25,091 [main] INFO  http.HttpServer2 (HttpServer2.java:addGlobalFilter(975)) - Added global filter 'safety' (class=org.apache.hadoop.http.HttpServer2$QuotingInputFilter)
2019-10-01 20:48:25,091 [main] INFO  http.HttpServer2 (HttpServer2.java:addFilter(948)) - Added filter static_user_filter (class=org.apache.hadoop.http.lib.StaticUserWebFilter$StaticUserFilter) to context hddsDatanode
2019-10-01 20:48:25,092 [main] INFO  http.HttpServer2 (HttpServer2.java:addFilter(958)) - Added filter static_user_filter (class=org.apache.hadoop.http.lib.StaticUserWebFilter$StaticUserFilter) to context logs
2019-10-01 20:48:25,092 [main] INFO  http.HttpServer2 (HttpServer2.java:addFilter(958)) - Added filter static_user_filter (class=org.apache.hadoop.http.lib.StaticUserWebFilter$StaticUserFilter) to context static
2019-10-01 20:48:25,093 [main] INFO  http.HttpServer2 (HttpServer2.java:bindListener(1191)) - Jetty bound to port 42274
2019-10-01 20:48:25,093 [main] INFO  server.Server (Server.java:doStart(351)) - jetty-9.3.25.v20180904, build timestamp: 2018-09-04T21:11:46Z, git hash: 3ce520221d0240229c862b122d2b06c12a625732
2019-10-01 20:48:25,095 [main] INFO  handler.ContextHandler (ContextHandler.java:doStart(781)) - Started o.e.j.s.ServletContextHandler@2839e3c8{/logs,file:///workdir/hadoop-ozone/integration-test/target/log,AVAILABLE}
2019-10-01 20:48:25,096 [main] INFO  handler.ContextHandler (ContextHandler.java:doStart(781)) - Started o.e.j.s.ServletContextHandler@2291d9a0{/static,jar:file:/home/user/.m2/repository/org/apache/hadoop/hadoop-hdds-container-service/0.5.0-SNAPSHOT/hadoop-hdds-container-service-0.5.0-SNAPSHOT.jar!/webapps/static,AVAILABLE}
2019-10-01 20:48:25,135 [main] INFO  handler.ContextHandler (ContextHandler.java:doStart(781)) - Started o.e.j.w.WebAppContext@61db86bf{/,file:///tmp/jetty-0.0.0.0-42274-hddsDatanode-_-any-6361706631714568104.dir/webapp/,AVAILABLE}{/hddsDatanode}
2019-10-01 20:48:25,136 [main] INFO  server.AbstractConnector (AbstractConnector.java:doStart(278)) - Started ServerConnector@4da1f38a{HTTP/1.1,[http/1.1]}{0.0.0.0:42274}
2019-10-01 20:48:25,140 [main] INFO  server.Server (Server.java:doStart(419)) - Started @117654ms
2019-10-01 20:48:25,140 [main] WARN  impl.MetricsSystemImpl (MetricsSystemImpl.java:register(276)) - Sink prometheus already exists!
2019-10-01 20:48:25,141 [main] INFO  server.BaseHttpServer (BaseHttpServer.java:updateConnectorAddress(215)) - HTTP server of HDDSDATANODE is listening at http://0.0.0.0:42274
2019-10-01 20:48:25,141 [main] INFO  impl.MetricsSystemImpl (MetricsSystemImpl.java:init(158)) - HddsDatanode metrics system started (again)
2019-10-01 20:48:25,144 [org.apache.hadoop.util.JvmPauseMonitor$Monitor@6d44300d] INFO  util.JvmPauseMonitor (JvmPauseMonitor.java:run(188)) - Starting JVM pause monitor
2019-10-01 20:48:25,145 [main] INFO  ozone.HddsDatanodeService (HddsDatanodeService.java:start(184)) - HddsDatanodeService host:pr-hdds-2213-2l6tc-3189445122 ip:192.168.5.177
2019-10-01 20:48:25,147 [Datanode State Machine Thread - 0] INFO  datanode.InitDatanodeState (InitDatanodeState.java:persistContainerDatanodeDetails(140)) - DatanodeDetails is persisted to /workdir/hadoop-ozone/integration-test/target/test-dir/MiniOzoneClusterImpl-938fedde-e8cb-4965-8e7f-34791526160a/datanode-0/meta/datanode.id
2019-10-01 20:48:25,153 [main] INFO  volume.HddsVolume (HddsVolume.java:<init>(176)) - Creating Volume: /workdir/hadoop-ozone/integration-test/target/test-dir/MiniOzoneClusterImpl-938fedde-e8cb-4965-8e7f-34791526160a/datanode-1/data/containers/hdds of  storage type : DISK and capacity : 1482555576320
2019-10-01 20:48:25,153 [main] INFO  volume.VolumeSet (VolumeSet.java:initializeVolumeSet(170)) - Added Volume : /workdir/hadoop-ozone/integration-test/target/test-dir/MiniOzoneClusterImpl-938fedde-e8cb-4965-8e7f-34791526160a/datanode-1/data/containers/hdds to VolumeSet
2019-10-01 20:48:25,153 [main] INFO  volume.ThrottledAsyncChecker (ThrottledAsyncChecker.java:schedule(139)) - Scheduling a check for org.apache.hadoop.ozone.container.common.volume.HddsVolume@306c7bf6
2019-10-01 20:48:25,154 [main] INFO  volume.HddsVolumeChecker (HddsVolumeChecker.java:checkAllVolumes(202)) - Scheduled health check for volume org.apache.hadoop.ozone.container.common.volume.HddsVolume@306c7bf6
2019-10-01 20:48:25,172 [main] INFO  impl.RaftServerProxy (ConfUtils.java:logGet(43)) - raft.rpc.type = GRPC (default)
2019-10-01 20:48:25,172 [main] INFO  grpc.GrpcFactory (GrpcFactory.java:checkPooledByteBufAllocatorUseCacheForAllThreads(45)) - PERFORMANCE WARNING: useCacheForAllThreads is true that may cause Netty to create a lot garbage objects and, as a result, trigger GC.
	It is recommended to disable useCacheForAllThreads by setting -Dorg.apache.ratis.thirdparty.io.netty.allocator.useCacheForAllThreads=false in command line.
2019-10-01 20:48:25,172 [main] INFO  grpc.GrpcConfigKeys$Server (ConfUtils.java:logGet(43)) - raft.grpc.server.port = 0 (default)
2019-10-01 20:48:25,173 [main] INFO  server.GrpcService (ConfUtils.java:logGet(43)) - raft.grpc.message.size.max = 33570816 (custom)
2019-10-01 20:48:25,173 [main] INFO  server.RaftServerConfigKeys (ConfUtils.java:logGet(43)) - raft.server.log.appender.buffer.byte-limit = 33554432 (custom)
2019-10-01 20:48:25,173 [main] INFO  server.GrpcService (ConfUtils.java:logGet(43)) - raft.grpc.flow.control.window = 1MB (=1048576) (default)
2019-10-01 20:48:25,173 [main] INFO  server.RaftServerConfigKeys (ConfUtils.java:logGet(43)) - raft.server.rpc.request.timeout = 3000ms (default)
2019-10-01 20:48:25,174 [main] INFO  server.RaftServerConfigKeys (ConfUtils.java:logGet(43)) - raft.server.storage.dir = [/workdir/hadoop-ozone/integration-test/target/test-dir/MiniOzoneClusterImpl-938fedde-e8cb-4965-8e7f-34791526160a/datanode-1/data/ratis] (custom)
2019-10-01 20:48:25,177 [main] INFO  hdfs.DFSUtil (DFSUtil.java:httpServerTemplateForNNAndJN(1641)) - Starting Web-server for hddsDatanode at: http://0.0.0.0:0
2019-10-01 20:48:25,178 [main] INFO  server.AuthenticationFilter (AuthenticationFilter.java:constructSecretProvider(240)) - Unable to initialize FileSignerSecretProvider, falling back to use random secrets.
2019-10-01 20:48:25,179 [main] WARN  http.HttpRequestLog (HttpRequestLog.java:getRequestLog(97)) - Jetty request log can only be enabled using Log4j
2019-10-01 20:48:25,180 [main] INFO  http.HttpServer2 (HttpServer2.java:addGlobalFilter(975)) - Added global filter 'safety' (class=org.apache.hadoop.http.HttpServer2$QuotingInputFilter)
2019-10-01 20:48:25,181 [main] INFO  http.HttpServer2 (HttpServer2.java:addFilter(948)) - Added filter static_user_filter (class=org.apache.hadoop.http.lib.StaticUserWebFilter$StaticUserFilter) to context hddsDatanode
2019-10-01 20:48:25,181 [main] INFO  http.HttpServer2 (HttpServer2.java:addFilter(958)) - Added filter static_user_filter (class=org.apache.hadoop.http.lib.StaticUserWebFilter$StaticUserFilter) to context logs
2019-10-01 20:48:25,181 [main] INFO  http.HttpServer2 (HttpServer2.java:addFilter(958)) - Added filter static_user_filter (class=org.apache.hadoop.http.lib.StaticUserWebFilter$StaticUserFilter) to context static
2019-10-01 20:48:25,182 [main] INFO  http.HttpServer2 (HttpServer2.java:bindListener(1191)) - Jetty bound to port 37076
2019-10-01 20:48:25,182 [main] INFO  server.Server (Server.java:doStart(351)) - jetty-9.3.25.v20180904, build timestamp: 2018-09-04T21:11:46Z, git hash: 3ce520221d0240229c862b122d2b06c12a625732
2019-10-01 20:48:25,184 [main] INFO  handler.ContextHandler (ContextHandler.java:doStart(781)) - Started o.e.j.s.ServletContextHandler@51e3d37e{/logs,file:///workdir/hadoop-ozone/integration-test/target/log,AVAILABLE}
2019-10-01 20:48:25,185 [main] INFO  handler.ContextHandler (ContextHandler.java:doStart(781)) - Started o.e.j.s.ServletContextHandler@8a6631b{/static,jar:file:/home/user/.m2/repository/org/apache/hadoop/hadoop-hdds-container-service/0.5.0-SNAPSHOT/hadoop-hdds-container-service-0.5.0-SNAPSHOT.jar!/webapps/static,AVAILABLE}
2019-10-01 20:48:25,218 [main] INFO  handler.ContextHandler (ContextHandler.java:doStart(781)) - Started o.e.j.w.WebAppContext@2a8a3ada{/,file:///tmp/jetty-0.0.0.0-37076-hddsDatanode-_-any-6447580698501151646.dir/webapp/,AVAILABLE}{/hddsDatanode}
2019-10-01 20:48:25,219 [main] INFO  server.AbstractConnector (AbstractConnector.java:doStart(278)) - Started ServerConnector@500051c5{HTTP/1.1,[http/1.1]}{0.0.0.0:37076}
2019-10-01 20:48:25,219 [main] INFO  server.Server (Server.java:doStart(419)) - Started @117734ms
2019-10-01 20:48:25,220 [main] WARN  impl.MetricsSystemImpl (MetricsSystemImpl.java:register(276)) - Sink prometheus already exists!
2019-10-01 20:48:25,221 [main] INFO  server.BaseHttpServer (BaseHttpServer.java:updateConnectorAddress(215)) - HTTP server of HDDSDATANODE is listening at http://0.0.0.0:37076
2019-10-01 20:48:25,221 [main] INFO  impl.MetricsSystemImpl (MetricsSystemImpl.java:init(158)) - HddsDatanode metrics system started (again)
2019-10-01 20:48:25,224 [org.apache.hadoop.util.JvmPauseMonitor$Monitor@7a2a1d61] INFO  util.JvmPauseMonitor (JvmPauseMonitor.java:run(188)) - Starting JVM pause monitor
2019-10-01 20:48:25,224 [main] INFO  ozone.HddsDatanodeService (HddsDatanodeService.java:start(184)) - HddsDatanodeService host:pr-hdds-2213-2l6tc-3189445122 ip:192.168.5.177
2019-10-01 20:48:25,227 [Datanode State Machine Thread - 0] INFO  datanode.InitDatanodeState (InitDatanodeState.java:persistContainerDatanodeDetails(140)) - DatanodeDetails is persisted to /workdir/hadoop-ozone/integration-test/target/test-dir/MiniOzoneClusterImpl-938fedde-e8cb-4965-8e7f-34791526160a/datanode-1/meta/datanode.id
2019-10-01 20:48:25,230 [main] INFO  volume.HddsVolume (HddsVolume.java:<init>(176)) - Creating Volume: /workdir/hadoop-ozone/integration-test/target/test-dir/MiniOzoneClusterImpl-938fedde-e8cb-4965-8e7f-34791526160a/datanode-2/data/containers/hdds of  storage type : DISK and capacity : 1482555576320
2019-10-01 20:48:25,230 [main] INFO  volume.VolumeSet (VolumeSet.java:initializeVolumeSet(170)) - Added Volume : /workdir/hadoop-ozone/integration-test/target/test-dir/MiniOzoneClusterImpl-938fedde-e8cb-4965-8e7f-34791526160a/datanode-2/data/containers/hdds to VolumeSet
2019-10-01 20:48:25,231 [main] INFO  volume.ThrottledAsyncChecker (ThrottledAsyncChecker.java:schedule(139)) - Scheduling a check for org.apache.hadoop.ozone.container.common.volume.HddsVolume@70029d2d
2019-10-01 20:48:25,231 [main] INFO  volume.HddsVolumeChecker (HddsVolumeChecker.java:checkAllVolumes(202)) - Scheduled health check for volume org.apache.hadoop.ozone.container.common.volume.HddsVolume@70029d2d
2019-10-01 20:48:25,243 [main] INFO  impl.RaftServerProxy (ConfUtils.java:logGet(43)) - raft.rpc.type = GRPC (default)
2019-10-01 20:48:25,243 [main] INFO  grpc.GrpcFactory (GrpcFactory.java:checkPooledByteBufAllocatorUseCacheForAllThreads(45)) - PERFORMANCE WARNING: useCacheForAllThreads is true that may cause Netty to create a lot garbage objects and, as a result, trigger GC.
	It is recommended to disable useCacheForAllThreads by setting -Dorg.apache.ratis.thirdparty.io.netty.allocator.useCacheForAllThreads=false in command line.
2019-10-01 20:48:25,244 [main] INFO  grpc.GrpcConfigKeys$Server (ConfUtils.java:logGet(43)) - raft.grpc.server.port = 0 (default)
2019-10-01 20:48:25,244 [main] INFO  server.GrpcService (ConfUtils.java:logGet(43)) - raft.grpc.message.size.max = 33570816 (custom)
2019-10-01 20:48:25,244 [main] INFO  server.RaftServerConfigKeys (ConfUtils.java:logGet(43)) - raft.server.log.appender.buffer.byte-limit = 33554432 (custom)
2019-10-01 20:48:25,244 [main] INFO  server.GrpcService (ConfUtils.java:logGet(43)) - raft.grpc.flow.control.window = 1MB (=1048576) (default)
2019-10-01 20:48:25,244 [main] INFO  server.RaftServerConfigKeys (ConfUtils.java:logGet(43)) - raft.server.rpc.request.timeout = 3000ms (default)
2019-10-01 20:48:25,245 [main] INFO  server.RaftServerConfigKeys (ConfUtils.java:logGet(43)) - raft.server.storage.dir = [/workdir/hadoop-ozone/integration-test/target/test-dir/MiniOzoneClusterImpl-938fedde-e8cb-4965-8e7f-34791526160a/datanode-2/data/ratis] (custom)
2019-10-01 20:48:25,246 [main] INFO  hdfs.DFSUtil (DFSUtil.java:httpServerTemplateForNNAndJN(1641)) - Starting Web-server for hddsDatanode at: http://0.0.0.0:0
2019-10-01 20:48:25,247 [main] INFO  server.AuthenticationFilter (AuthenticationFilter.java:constructSecretProvider(240)) - Unable to initialize FileSignerSecretProvider, falling back to use random secrets.
2019-10-01 20:48:25,247 [main] WARN  http.HttpRequestLog (HttpRequestLog.java:getRequestLog(97)) - Jetty request log can only be enabled using Log4j
2019-10-01 20:48:25,248 [main] INFO  http.HttpServer2 (HttpServer2.java:addGlobalFilter(975)) - Added global filter 'safety' (class=org.apache.hadoop.http.HttpServer2$QuotingInputFilter)
2019-10-01 20:48:25,249 [main] INFO  http.HttpServer2 (HttpServer2.java:addFilter(948)) - Added filter static_user_filter (class=org.apache.hadoop.http.lib.StaticUserWebFilter$StaticUserFilter) to context hddsDatanode
2019-10-01 20:48:25,249 [main] INFO  http.HttpServer2 (HttpServer2.java:addFilter(958)) - Added filter static_user_filter (class=org.apache.hadoop.http.lib.StaticUserWebFilter$StaticUserFilter) to context static
2019-10-01 20:48:25,249 [main] INFO  http.HttpServer2 (HttpServer2.java:addFilter(958)) - Added filter static_user_filter (class=org.apache.hadoop.http.lib.StaticUserWebFilter$StaticUserFilter) to context logs
2019-10-01 20:48:25,250 [main] INFO  http.HttpServer2 (HttpServer2.java:bindListener(1191)) - Jetty bound to port 39306
2019-10-01 20:48:25,250 [main] INFO  server.Server (Server.java:doStart(351)) - jetty-9.3.25.v20180904, build timestamp: 2018-09-04T21:11:46Z, git hash: 3ce520221d0240229c862b122d2b06c12a625732
2019-10-01 20:48:25,251 [main] INFO  handler.ContextHandler (ContextHandler.java:doStart(781)) - Started o.e.j.s.ServletContextHandler@4dcbae55{/logs,file:///workdir/hadoop-ozone/integration-test/target/log,AVAILABLE}
2019-10-01 20:48:25,252 [main] INFO  handler.ContextHandler (ContextHandler.java:doStart(781)) - Started o.e.j.s.ServletContextHandler@7ca16adc{/static,jar:file:/home/user/.m2/repository/org/apache/hadoop/hadoop-hdds-container-service/0.5.0-SNAPSHOT/hadoop-hdds-container-service-0.5.0-SNAPSHOT.jar!/webapps/static,AVAILABLE}
2019-10-01 20:48:25,279 [main] INFO  handler.ContextHandler (ContextHandler.java:doStart(781)) - Started o.e.j.w.WebAppContext@65ef48f2{/,file:///tmp/jetty-0.0.0.0-39306-hddsDatanode-_-any-1210261634479507023.dir/webapp/,AVAILABLE}{/hddsDatanode}
2019-10-01 20:48:25,279 [main] INFO  server.AbstractConnector (AbstractConnector.java:doStart(278)) - Started ServerConnector@36068727{HTTP/1.1,[http/1.1]}{0.0.0.0:39306}
2019-10-01 20:48:25,280 [main] INFO  server.Server (Server.java:doStart(419)) - Started @117795ms
2019-10-01 20:48:25,280 [main] WARN  impl.MetricsSystemImpl (MetricsSystemImpl.java:register(276)) - Sink prometheus already exists!
2019-10-01 20:48:25,281 [main] INFO  server.BaseHttpServer (BaseHttpServer.java:updateConnectorAddress(215)) - HTTP server of HDDSDATANODE is listening at http://0.0.0.0:39306
2019-10-01 20:48:25,281 [main] INFO  impl.MetricsSystemImpl (MetricsSystemImpl.java:init(158)) - HddsDatanode metrics system started (again)
2019-10-01 20:48:25,284 [org.apache.hadoop.util.JvmPauseMonitor$Monitor@38ba0167] INFO  util.JvmPauseMonitor (JvmPauseMonitor.java:run(188)) - Starting JVM pause monitor
2019-10-01 20:48:25,284 [main] INFO  ozone.HddsDatanodeService (HddsDatanodeService.java:start(184)) - HddsDatanodeService host:pr-hdds-2213-2l6tc-3189445122 ip:192.168.5.177
2019-10-01 20:48:25,286 [Datanode State Machine Thread - 0] INFO  datanode.InitDatanodeState (InitDatanodeState.java:persistContainerDatanodeDetails(140)) - DatanodeDetails is persisted to /workdir/hadoop-ozone/integration-test/target/test-dir/MiniOzoneClusterImpl-938fedde-e8cb-4965-8e7f-34791526160a/datanode-2/meta/datanode.id
2019-10-01 20:48:25,290 [main] INFO  volume.HddsVolume (HddsVolume.java:<init>(176)) - Creating Volume: /workdir/hadoop-ozone/integration-test/target/test-dir/MiniOzoneClusterImpl-938fedde-e8cb-4965-8e7f-34791526160a/datanode-3/data/containers/hdds of  storage type : DISK and capacity : 1482555576320
2019-10-01 20:48:25,291 [main] INFO  volume.VolumeSet (VolumeSet.java:initializeVolumeSet(170)) - Added Volume : /workdir/hadoop-ozone/integration-test/target/test-dir/MiniOzoneClusterImpl-938fedde-e8cb-4965-8e7f-34791526160a/datanode-3/data/containers/hdds to VolumeSet
2019-10-01 20:48:25,291 [main] INFO  volume.ThrottledAsyncChecker (ThrottledAsyncChecker.java:schedule(139)) - Scheduling a check for org.apache.hadoop.ozone.container.common.volume.HddsVolume@6a15b73
2019-10-01 20:48:25,291 [main] INFO  volume.HddsVolumeChecker (HddsVolumeChecker.java:checkAllVolumes(202)) - Scheduled health check for volume org.apache.hadoop.ozone.container.common.volume.HddsVolume@6a15b73
2019-10-01 20:48:25,304 [main] INFO  impl.RaftServerProxy (ConfUtils.java:logGet(43)) - raft.rpc.type = GRPC (default)
2019-10-01 20:48:25,304 [main] INFO  grpc.GrpcFactory (GrpcFactory.java:checkPooledByteBufAllocatorUseCacheForAllThreads(45)) - PERFORMANCE WARNING: useCacheForAllThreads is true that may cause Netty to create a lot garbage objects and, as a result, trigger GC.
	It is recommended to disable useCacheForAllThreads by setting -Dorg.apache.ratis.thirdparty.io.netty.allocator.useCacheForAllThreads=false in command line.
2019-10-01 20:48:25,304 [main] INFO  grpc.GrpcConfigKeys$Server (ConfUtils.java:logGet(43)) - raft.grpc.server.port = 0 (default)
2019-10-01 20:48:25,305 [main] INFO  server.GrpcService (ConfUtils.java:logGet(43)) - raft.grpc.message.size.max = 33570816 (custom)
2019-10-01 20:48:25,305 [main] INFO  server.RaftServerConfigKeys (ConfUtils.java:logGet(43)) - raft.server.log.appender.buffer.byte-limit = 33554432 (custom)
2019-10-01 20:48:25,305 [main] INFO  server.GrpcService (ConfUtils.java:logGet(43)) - raft.grpc.flow.control.window = 1MB (=1048576) (default)
2019-10-01 20:48:25,305 [main] INFO  server.RaftServerConfigKeys (ConfUtils.java:logGet(43)) - raft.server.rpc.request.timeout = 3000ms (default)
2019-10-01 20:48:25,305 [main] INFO  server.RaftServerConfigKeys (ConfUtils.java:logGet(43)) - raft.server.storage.dir = [/workdir/hadoop-ozone/integration-test/target/test-dir/MiniOzoneClusterImpl-938fedde-e8cb-4965-8e7f-34791526160a/datanode-3/data/ratis] (custom)
2019-10-01 20:48:25,307 [main] INFO  hdfs.DFSUtil (DFSUtil.java:httpServerTemplateForNNAndJN(1641)) - Starting Web-server for hddsDatanode at: http://0.0.0.0:0
2019-10-01 20:48:25,308 [main] INFO  server.AuthenticationFilter (AuthenticationFilter.java:constructSecretProvider(240)) - Unable to initialize FileSignerSecretProvider, falling back to use random secrets.
2019-10-01 20:48:25,308 [main] WARN  http.HttpRequestLog (HttpRequestLog.java:getRequestLog(97)) - Jetty request log can only be enabled using Log4j
2019-10-01 20:48:25,309 [main] INFO  http.HttpServer2 (HttpServer2.java:addGlobalFilter(975)) - Added global filter 'safety' (class=org.apache.hadoop.http.HttpServer2$QuotingInputFilter)
2019-10-01 20:48:25,310 [main] INFO  http.HttpServer2 (HttpServer2.java:addFilter(948)) - Added filter static_user_filter (class=org.apache.hadoop.http.lib.StaticUserWebFilter$StaticUserFilter) to context hddsDatanode
2019-10-01 20:48:25,310 [main] INFO  http.HttpServer2 (HttpServer2.java:addFilter(958)) - Added filter static_user_filter (class=org.apache.hadoop.http.lib.StaticUserWebFilter$StaticUserFilter) to context static
2019-10-01 20:48:25,310 [main] INFO  http.HttpServer2 (HttpServer2.java:addFilter(958)) - Added filter static_user_filter (class=org.apache.hadoop.http.lib.StaticUserWebFilter$StaticUserFilter) to context logs
2019-10-01 20:48:25,311 [main] INFO  http.HttpServer2 (HttpServer2.java:bindListener(1191)) - Jetty bound to port 41071
2019-10-01 20:48:25,311 [main] INFO  server.Server (Server.java:doStart(351)) - jetty-9.3.25.v20180904, build timestamp: 2018-09-04T21:11:46Z, git hash: 3ce520221d0240229c862b122d2b06c12a625732
2019-10-01 20:48:25,312 [main] INFO  handler.ContextHandler (ContextHandler.java:doStart(781)) - Started o.e.j.s.ServletContextHandler@7fedb795{/logs,file:///workdir/hadoop-ozone/integration-test/target/log,AVAILABLE}
2019-10-01 20:48:25,313 [main] INFO  handler.ContextHandler (ContextHandler.java:doStart(781)) - Started o.e.j.s.ServletContextHandler@51e754e1{/static,jar:file:/home/user/.m2/repository/org/apache/hadoop/hadoop-hdds-container-service/0.5.0-SNAPSHOT/hadoop-hdds-container-service-0.5.0-SNAPSHOT.jar!/webapps/static,AVAILABLE}
2019-10-01 20:48:25,342 [main] INFO  handler.ContextHandler (ContextHandler.java:doStart(781)) - Started o.e.j.w.WebAppContext@cfd1075{/,file:///tmp/jetty-0.0.0.0-41071-hddsDatanode-_-any-9002575477170860558.dir/webapp/,AVAILABLE}{/hddsDatanode}
2019-10-01 20:48:25,343 [main] INFO  server.AbstractConnector (AbstractConnector.java:doStart(278)) - Started ServerConnector@45117dd{HTTP/1.1,[http/1.1]}{0.0.0.0:41071}
2019-10-01 20:48:25,345 [main] INFO  server.Server (Server.java:doStart(419)) - Started @117859ms
2019-10-01 20:48:25,345 [main] WARN  impl.MetricsSystemImpl (MetricsSystemImpl.java:register(276)) - Sink prometheus already exists!
2019-10-01 20:48:25,346 [main] INFO  server.BaseHttpServer (BaseHttpServer.java:updateConnectorAddress(215)) - HTTP server of HDDSDATANODE is listening at http://0.0.0.0:41071
2019-10-01 20:48:25,347 [main] INFO  impl.MetricsSystemImpl (MetricsSystemImpl.java:init(158)) - HddsDatanode metrics system started (again)
2019-10-01 20:48:25,351 [org.apache.hadoop.util.JvmPauseMonitor$Monitor@18dd9592] INFO  util.JvmPauseMonitor (JvmPauseMonitor.java:run(188)) - Starting JVM pause monitor
2019-10-01 20:48:25,352 [main] INFO  ozone.HddsDatanodeService (HddsDatanodeService.java:start(184)) - HddsDatanodeService host:pr-hdds-2213-2l6tc-3189445122 ip:192.168.5.177
2019-10-01 20:48:25,353 [Datanode State Machine Thread - 0] INFO  datanode.InitDatanodeState (InitDatanodeState.java:persistContainerDatanodeDetails(140)) - DatanodeDetails is persisted to /workdir/hadoop-ozone/integration-test/target/test-dir/MiniOzoneClusterImpl-938fedde-e8cb-4965-8e7f-34791526160a/datanode-3/meta/datanode.id
2019-10-01 20:48:25,364 [main] INFO  volume.HddsVolume (HddsVolume.java:<init>(176)) - Creating Volume: /workdir/hadoop-ozone/integration-test/target/test-dir/MiniOzoneClusterImpl-938fedde-e8cb-4965-8e7f-34791526160a/datanode-4/data/containers/hdds of  storage type : DISK and capacity : 1482555576320
2019-10-01 20:48:25,364 [main] INFO  volume.VolumeSet (VolumeSet.java:initializeVolumeSet(170)) - Added Volume : /workdir/hadoop-ozone/integration-test/target/test-dir/MiniOzoneClusterImpl-938fedde-e8cb-4965-8e7f-34791526160a/datanode-4/data/containers/hdds to VolumeSet
2019-10-01 20:48:25,365 [main] INFO  volume.ThrottledAsyncChecker (ThrottledAsyncChecker.java:schedule(139)) - Scheduling a check for org.apache.hadoop.ozone.container.common.volume.HddsVolume@715a70e9
2019-10-01 20:48:25,367 [main] INFO  volume.HddsVolumeChecker (HddsVolumeChecker.java:checkAllVolumes(202)) - Scheduled health check for volume org.apache.hadoop.ozone.container.common.volume.HddsVolume@715a70e9
2019-10-01 20:48:25,386 [main] INFO  impl.RaftServerProxy (ConfUtils.java:logGet(43)) - raft.rpc.type = GRPC (default)
2019-10-01 20:48:25,386 [main] INFO  grpc.GrpcFactory (GrpcFactory.java:checkPooledByteBufAllocatorUseCacheForAllThreads(45)) - PERFORMANCE WARNING: useCacheForAllThreads is true that may cause Netty to create a lot garbage objects and, as a result, trigger GC.
	It is recommended to disable useCacheForAllThreads by setting -Dorg.apache.ratis.thirdparty.io.netty.allocator.useCacheForAllThreads=false in command line.
2019-10-01 20:48:25,386 [main] INFO  grpc.GrpcConfigKeys$Server (ConfUtils.java:logGet(43)) - raft.grpc.server.port = 0 (default)
2019-10-01 20:48:25,387 [main] INFO  server.GrpcService (ConfUtils.java:logGet(43)) - raft.grpc.message.size.max = 33570816 (custom)
2019-10-01 20:48:25,387 [main] INFO  server.RaftServerConfigKeys (ConfUtils.java:logGet(43)) - raft.server.log.appender.buffer.byte-limit = 33554432 (custom)
2019-10-01 20:48:25,387 [main] INFO  server.GrpcService (ConfUtils.java:logGet(43)) - raft.grpc.flow.control.window = 1MB (=1048576) (default)
2019-10-01 20:48:25,388 [main] INFO  server.RaftServerConfigKeys (ConfUtils.java:logGet(43)) - raft.server.rpc.request.timeout = 3000ms (default)
2019-10-01 20:48:25,388 [main] INFO  server.RaftServerConfigKeys (ConfUtils.java:logGet(43)) - raft.server.storage.dir = [/workdir/hadoop-ozone/integration-test/target/test-dir/MiniOzoneClusterImpl-938fedde-e8cb-4965-8e7f-34791526160a/datanode-4/data/ratis] (custom)
2019-10-01 20:48:25,390 [main] INFO  hdfs.DFSUtil (DFSUtil.java:httpServerTemplateForNNAndJN(1641)) - Starting Web-server for hddsDatanode at: http://0.0.0.0:0
2019-10-01 20:48:25,392 [main] INFO  server.AuthenticationFilter (AuthenticationFilter.java:constructSecretProvider(240)) - Unable to initialize FileSignerSecretProvider, falling back to use random secrets.
2019-10-01 20:48:25,393 [main] WARN  http.HttpRequestLog (HttpRequestLog.java:getRequestLog(97)) - Jetty request log can only be enabled using Log4j
2019-10-01 20:48:25,394 [main] INFO  http.HttpServer2 (HttpServer2.java:addGlobalFilter(975)) - Added global filter 'safety' (class=org.apache.hadoop.http.HttpServer2$QuotingInputFilter)
2019-10-01 20:48:25,395 [main] INFO  http.HttpServer2 (HttpServer2.java:addFilter(948)) - Added filter static_user_filter (class=org.apache.hadoop.http.lib.StaticUserWebFilter$StaticUserFilter) to context hddsDatanode
2019-10-01 20:48:25,395 [main] INFO  http.HttpServer2 (HttpServer2.java:addFilter(958)) - Added filter static_user_filter (class=org.apache.hadoop.http.lib.StaticUserWebFilter$StaticUserFilter) to context logs
2019-10-01 20:48:25,396 [main] INFO  http.HttpServer2 (HttpServer2.java:addFilter(958)) - Added filter static_user_filter (class=org.apache.hadoop.http.lib.StaticUserWebFilter$StaticUserFilter) to context static
2019-10-01 20:48:25,396 [main] INFO  http.HttpServer2 (HttpServer2.java:bindListener(1191)) - Jetty bound to port 40159
2019-10-01 20:48:25,397 [main] INFO  server.Server (Server.java:doStart(351)) - jetty-9.3.25.v20180904, build timestamp: 2018-09-04T21:11:46Z, git hash: 3ce520221d0240229c862b122d2b06c12a625732
2019-10-01 20:48:25,398 [main] INFO  handler.ContextHandler (ContextHandler.java:doStart(781)) - Started o.e.j.s.ServletContextHandler@21de60a7{/logs,file:///workdir/hadoop-ozone/integration-test/target/log,AVAILABLE}
2019-10-01 20:48:25,399 [main] INFO  handler.ContextHandler (ContextHandler.java:doStart(781)) - Started o.e.j.s.ServletContextHandler@7698b7a4{/static,jar:file:/home/user/.m2/repository/org/apache/hadoop/hadoop-hdds-container-service/0.5.0-SNAPSHOT/hadoop-hdds-container-service-0.5.0-SNAPSHOT.jar!/webapps/static,AVAILABLE}
2019-10-01 20:48:25,436 [main] INFO  handler.ContextHandler (ContextHandler.java:doStart(781)) - Started o.e.j.w.WebAppContext@5f8d9767{/,file:///tmp/jetty-0.0.0.0-40159-hddsDatanode-_-any-1620007734276559635.dir/webapp/,AVAILABLE}{/hddsDatanode}
2019-10-01 20:48:25,436 [main] INFO  server.AbstractConnector (AbstractConnector.java:doStart(278)) - Started ServerConnector@16134476{HTTP/1.1,[http/1.1]}{0.0.0.0:40159}
2019-10-01 20:48:25,438 [main] INFO  server.Server (Server.java:doStart(419)) - Started @117953ms
2019-10-01 20:48:25,438 [main] WARN  impl.MetricsSystemImpl (MetricsSystemImpl.java:register(276)) - Sink prometheus already exists!
2019-10-01 20:48:25,439 [main] INFO  server.BaseHttpServer (BaseHttpServer.java:updateConnectorAddress(215)) - HTTP server of HDDSDATANODE is listening at http://0.0.0.0:40159
2019-10-01 20:48:25,439 [main] INFO  impl.MetricsSystemImpl (MetricsSystemImpl.java:init(158)) - HddsDatanode metrics system started (again)
2019-10-01 20:48:25,443 [org.apache.hadoop.util.JvmPauseMonitor$Monitor@6f8e1d07] INFO  util.JvmPauseMonitor (JvmPauseMonitor.java:run(188)) - Starting JVM pause monitor
2019-10-01 20:48:25,444 [main] INFO  ozone.HddsDatanodeService (HddsDatanodeService.java:start(184)) - HddsDatanodeService host:pr-hdds-2213-2l6tc-3189445122 ip:192.168.5.177
2019-10-01 20:48:25,445 [Datanode State Machine Thread - 0] INFO  datanode.InitDatanodeState (InitDatanodeState.java:persistContainerDatanodeDetails(140)) - DatanodeDetails is persisted to /workdir/hadoop-ozone/integration-test/target/test-dir/MiniOzoneClusterImpl-938fedde-e8cb-4965-8e7f-34791526160a/datanode-4/meta/datanode.id
2019-10-01 20:48:25,450 [main] INFO  volume.HddsVolume (HddsVolume.java:<init>(176)) - Creating Volume: /workdir/hadoop-ozone/integration-test/target/test-dir/MiniOzoneClusterImpl-938fedde-e8cb-4965-8e7f-34791526160a/datanode-5/data/containers/hdds of  storage type : DISK and capacity : 1482555576320
2019-10-01 20:48:25,451 [main] INFO  volume.VolumeSet (VolumeSet.java:initializeVolumeSet(170)) - Added Volume : /workdir/hadoop-ozone/integration-test/target/test-dir/MiniOzoneClusterImpl-938fedde-e8cb-4965-8e7f-34791526160a/datanode-5/data/containers/hdds to VolumeSet
2019-10-01 20:48:25,451 [main] INFO  volume.ThrottledAsyncChecker (ThrottledAsyncChecker.java:schedule(139)) - Scheduling a check for org.apache.hadoop.ozone.container.common.volume.HddsVolume@4c3de38e
2019-10-01 20:48:25,451 [main] INFO  volume.HddsVolumeChecker (HddsVolumeChecker.java:checkAllVolumes(202)) - Scheduled health check for volume org.apache.hadoop.ozone.container.common.volume.HddsVolume@4c3de38e
2019-10-01 20:48:25,465 [main] INFO  impl.RaftServerProxy (ConfUtils.java:logGet(43)) - raft.rpc.type = GRPC (default)
2019-10-01 20:48:25,465 [main] INFO  grpc.GrpcFactory (GrpcFactory.java:checkPooledByteBufAllocatorUseCacheForAllThreads(45)) - PERFORMANCE WARNING: useCacheForAllThreads is true that may cause Netty to create a lot garbage objects and, as a result, trigger GC.
	It is recommended to disable useCacheForAllThreads by setting -Dorg.apache.ratis.thirdparty.io.netty.allocator.useCacheForAllThreads=false in command line.
2019-10-01 20:48:25,465 [main] INFO  grpc.GrpcConfigKeys$Server (ConfUtils.java:logGet(43)) - raft.grpc.server.port = 0 (default)
2019-10-01 20:48:25,465 [main] INFO  server.GrpcService (ConfUtils.java:logGet(43)) - raft.grpc.message.size.max = 33570816 (custom)
2019-10-01 20:48:25,466 [main] INFO  server.RaftServerConfigKeys (ConfUtils.java:logGet(43)) - raft.server.log.appender.buffer.byte-limit = 33554432 (custom)
2019-10-01 20:48:25,466 [main] INFO  server.GrpcService (ConfUtils.java:logGet(43)) - raft.grpc.flow.control.window = 1MB (=1048576) (default)
2019-10-01 20:48:25,466 [main] INFO  server.RaftServerConfigKeys (ConfUtils.java:logGet(43)) - raft.server.rpc.request.timeout = 3000ms (default)
2019-10-01 20:48:25,466 [main] INFO  server.RaftServerConfigKeys (ConfUtils.java:logGet(43)) - raft.server.storage.dir = [/workdir/hadoop-ozone/integration-test/target/test-dir/MiniOzoneClusterImpl-938fedde-e8cb-4965-8e7f-34791526160a/datanode-5/data/ratis] (custom)
2019-10-01 20:48:25,468 [main] INFO  hdfs.DFSUtil (DFSUtil.java:httpServerTemplateForNNAndJN(1641)) - Starting Web-server for hddsDatanode at: http://0.0.0.0:0
2019-10-01 20:48:25,469 [main] INFO  server.AuthenticationFilter (AuthenticationFilter.java:constructSecretProvider(240)) - Unable to initialize FileSignerSecretProvider, falling back to use random secrets.
2019-10-01 20:48:25,470 [main] WARN  http.HttpRequestLog (HttpRequestLog.java:getRequestLog(97)) - Jetty request log can only be enabled using Log4j
2019-10-01 20:48:25,471 [main] INFO  http.HttpServer2 (HttpServer2.java:addGlobalFilter(975)) - Added global filter 'safety' (class=org.apache.hadoop.http.HttpServer2$QuotingInputFilter)
2019-10-01 20:48:25,471 [main] INFO  http.HttpServer2 (HttpServer2.java:addFilter(948)) - Added filter static_user_filter (class=org.apache.hadoop.http.lib.StaticUserWebFilter$StaticUserFilter) to context hddsDatanode
2019-10-01 20:48:25,472 [main] INFO  http.HttpServer2 (HttpServer2.java:addFilter(958)) - Added filter static_user_filter (class=org.apache.hadoop.http.lib.StaticUserWebFilter$StaticUserFilter) to context static
2019-10-01 20:48:25,472 [main] INFO  http.HttpServer2 (HttpServer2.java:addFilter(958)) - Added filter static_user_filter (class=org.apache.hadoop.http.lib.StaticUserWebFilter$StaticUserFilter) to context logs
2019-10-01 20:48:25,473 [main] INFO  http.HttpServer2 (HttpServer2.java:bindListener(1191)) - Jetty bound to port 43841
2019-10-01 20:48:25,473 [main] INFO  server.Server (Server.java:doStart(351)) - jetty-9.3.25.v20180904, build timestamp: 2018-09-04T21:11:46Z, git hash: 3ce520221d0240229c862b122d2b06c12a625732
2019-10-01 20:48:25,474 [main] INFO  handler.ContextHandler (ContextHandler.java:doStart(781)) - Started o.e.j.s.ServletContextHandler@78307a56{/logs,file:///workdir/hadoop-ozone/integration-test/target/log,AVAILABLE}
2019-10-01 20:48:25,475 [main] INFO  handler.ContextHandler (ContextHandler.java:doStart(781)) - Started o.e.j.s.ServletContextHandler@23ad71bf{/static,jar:file:/home/user/.m2/repository/org/apache/hadoop/hadoop-hdds-container-service/0.5.0-SNAPSHOT/hadoop-hdds-container-service-0.5.0-SNAPSHOT.jar!/webapps/static,AVAILABLE}
2019-10-01 20:48:25,502 [main] INFO  handler.ContextHandler (ContextHandler.java:doStart(781)) - Started o.e.j.w.WebAppContext@15a3b42{/,file:///tmp/jetty-0.0.0.0-43841-hddsDatanode-_-any-3435546211684004696.dir/webapp/,AVAILABLE}{/hddsDatanode}
2019-10-01 20:48:25,503 [main] INFO  server.AbstractConnector (AbstractConnector.java:doStart(278)) - Started ServerConnector@52c9d3d0{HTTP/1.1,[http/1.1]}{0.0.0.0:43841}
2019-10-01 20:48:25,504 [main] INFO  server.Server (Server.java:doStart(419)) - Started @118019ms
2019-10-01 20:48:25,504 [main] WARN  impl.MetricsSystemImpl (MetricsSystemImpl.java:register(276)) - Sink prometheus already exists!
2019-10-01 20:48:25,505 [main] INFO  server.BaseHttpServer (BaseHttpServer.java:updateConnectorAddress(215)) - HTTP server of HDDSDATANODE is listening at http://0.0.0.0:43841
2019-10-01 20:48:25,505 [main] INFO  impl.MetricsSystemImpl (MetricsSystemImpl.java:init(158)) - HddsDatanode metrics system started (again)
2019-10-01 20:48:25,509 [org.apache.hadoop.util.JvmPauseMonitor$Monitor@32eaaad3] INFO  util.JvmPauseMonitor (JvmPauseMonitor.java:run(188)) - Starting JVM pause monitor
2019-10-01 20:48:25,510 [main] INFO  ozone.HddsDatanodeService (HddsDatanodeService.java:start(184)) - HddsDatanodeService host:pr-hdds-2213-2l6tc-3189445122 ip:192.168.5.177
2019-10-01 20:48:25,511 [Datanode State Machine Thread - 0] INFO  datanode.InitDatanodeState (InitDatanodeState.java:persistContainerDatanodeDetails(140)) - DatanodeDetails is persisted to /workdir/hadoop-ozone/integration-test/target/test-dir/MiniOzoneClusterImpl-938fedde-e8cb-4965-8e7f-34791526160a/datanode-5/meta/datanode.id
2019-10-01 20:48:25,516 [main] INFO  volume.HddsVolume (HddsVolume.java:<init>(176)) - Creating Volume: /workdir/hadoop-ozone/integration-test/target/test-dir/MiniOzoneClusterImpl-938fedde-e8cb-4965-8e7f-34791526160a/datanode-6/data/containers/hdds of  storage type : DISK and capacity : 1482555576320
2019-10-01 20:48:25,516 [main] INFO  volume.VolumeSet (VolumeSet.java:initializeVolumeSet(170)) - Added Volume : /workdir/hadoop-ozone/integration-test/target/test-dir/MiniOzoneClusterImpl-938fedde-e8cb-4965-8e7f-34791526160a/datanode-6/data/containers/hdds to VolumeSet
2019-10-01 20:48:25,516 [main] INFO  volume.ThrottledAsyncChecker (ThrottledAsyncChecker.java:schedule(139)) - Scheduling a check for org.apache.hadoop.ozone.container.common.volume.HddsVolume@7c241a9f
2019-10-01 20:48:25,517 [main] INFO  volume.HddsVolumeChecker (HddsVolumeChecker.java:checkAllVolumes(202)) - Scheduled health check for volume org.apache.hadoop.ozone.container.common.volume.HddsVolume@7c241a9f
2019-10-01 20:48:25,534 [main] INFO  impl.RaftServerProxy (ConfUtils.java:logGet(43)) - raft.rpc.type = GRPC (default)
2019-10-01 20:48:25,534 [main] INFO  grpc.GrpcFactory (GrpcFactory.java:checkPooledByteBufAllocatorUseCacheForAllThreads(45)) - PERFORMANCE WARNING: useCacheForAllThreads is true that may cause Netty to create a lot garbage objects and, as a result, trigger GC.
	It is recommended to disable useCacheForAllThreads by setting -Dorg.apache.ratis.thirdparty.io.netty.allocator.useCacheForAllThreads=false in command line.
2019-10-01 20:48:25,535 [main] INFO  grpc.GrpcConfigKeys$Server (ConfUtils.java:logGet(43)) - raft.grpc.server.port = 0 (default)
2019-10-01 20:48:25,535 [main] INFO  server.GrpcService (ConfUtils.java:logGet(43)) - raft.grpc.message.size.max = 33570816 (custom)
2019-10-01 20:48:25,535 [main] INFO  server.RaftServerConfigKeys (ConfUtils.java:logGet(43)) - raft.server.log.appender.buffer.byte-limit = 33554432 (custom)
2019-10-01 20:48:25,535 [main] INFO  server.GrpcService (ConfUtils.java:logGet(43)) - raft.grpc.flow.control.window = 1MB (=1048576) (default)
2019-10-01 20:48:25,535 [main] INFO  server.RaftServerConfigKeys (ConfUtils.java:logGet(43)) - raft.server.rpc.request.timeout = 3000ms (default)
2019-10-01 20:48:25,536 [main] INFO  server.RaftServerConfigKeys (ConfUtils.java:logGet(43)) - raft.server.storage.dir = [/workdir/hadoop-ozone/integration-test/target/test-dir/MiniOzoneClusterImpl-938fedde-e8cb-4965-8e7f-34791526160a/datanode-6/data/ratis] (custom)
2019-10-01 20:48:25,537 [main] INFO  hdfs.DFSUtil (DFSUtil.java:httpServerTemplateForNNAndJN(1641)) - Starting Web-server for hddsDatanode at: http://0.0.0.0:0
2019-10-01 20:48:25,539 [main] INFO  server.AuthenticationFilter (AuthenticationFilter.java:constructSecretProvider(240)) - Unable to initialize FileSignerSecretProvider, falling back to use random secrets.
2019-10-01 20:48:25,539 [main] WARN  http.HttpRequestLog (HttpRequestLog.java:getRequestLog(97)) - Jetty request log can only be enabled using Log4j
2019-10-01 20:48:25,541 [main] INFO  http.HttpServer2 (HttpServer2.java:addGlobalFilter(975)) - Added global filter 'safety' (class=org.apache.hadoop.http.HttpServer2$QuotingInputFilter)
2019-10-01 20:48:25,541 [main] INFO  http.HttpServer2 (HttpServer2.java:addFilter(948)) - Added filter static_user_filter (class=org.apache.hadoop.http.lib.StaticUserWebFilter$StaticUserFilter) to context hddsDatanode
2019-10-01 20:48:25,542 [main] INFO  http.HttpServer2 (HttpServer2.java:addFilter(958)) - Added filter static_user_filter (class=org.apache.hadoop.http.lib.StaticUserWebFilter$StaticUserFilter) to context static
2019-10-01 20:48:25,542 [main] INFO  http.HttpServer2 (HttpServer2.java:addFilter(958)) - Added filter static_user_filter (class=org.apache.hadoop.http.lib.StaticUserWebFilter$StaticUserFilter) to context logs
2019-10-01 20:48:25,542 [main] INFO  http.HttpServer2 (HttpServer2.java:bindListener(1191)) - Jetty bound to port 39921
2019-10-01 20:48:25,543 [main] INFO  server.Server (Server.java:doStart(351)) - jetty-9.3.25.v20180904, build timestamp: 2018-09-04T21:11:46Z, git hash: 3ce520221d0240229c862b122d2b06c12a625732
2019-10-01 20:48:25,544 [main] INFO  handler.ContextHandler (ContextHandler.java:doStart(781)) - Started o.e.j.s.ServletContextHandler@433d9680{/logs,file:///workdir/hadoop-ozone/integration-test/target/log,AVAILABLE}
2019-10-01 20:48:25,545 [main] INFO  handler.ContextHandler (ContextHandler.java:doStart(781)) - Started o.e.j.s.ServletContextHandler@2da81754{/static,jar:file:/home/user/.m2/repository/org/apache/hadoop/hadoop-hdds-container-service/0.5.0-SNAPSHOT/hadoop-hdds-container-service-0.5.0-SNAPSHOT.jar!/webapps/static,AVAILABLE}
2019-10-01 20:48:25,576 [main] INFO  handler.ContextHandler (ContextHandler.java:doStart(781)) - Started o.e.j.w.WebAppContext@637791d{/,file:///tmp/jetty-0.0.0.0-39921-hddsDatanode-_-any-4123750614090275988.dir/webapp/,AVAILABLE}{/hddsDatanode}
2019-10-01 20:48:25,577 [main] INFO  server.AbstractConnector (AbstractConnector.java:doStart(278)) - Started ServerConnector@3b0c3951{HTTP/1.1,[http/1.1]}{0.0.0.0:39921}
2019-10-01 20:48:25,578 [main] INFO  server.Server (Server.java:doStart(419)) - Started @118093ms
2019-10-01 20:48:25,578 [main] WARN  impl.MetricsSystemImpl (MetricsSystemImpl.java:register(276)) - Sink prometheus already exists!
2019-10-01 20:48:25,579 [main] INFO  server.BaseHttpServer (BaseHttpServer.java:updateConnectorAddress(215)) - HTTP server of HDDSDATANODE is listening at http://0.0.0.0:39921
2019-10-01 20:48:25,579 [main] INFO  ozone.MiniOzoneClusterImpl (MiniOzoneClusterImpl.java:lambda$waitForClusterToBeReady$0(147)) - Waiting for cluster to be ready. Got 0 of 7 DN Heartbeats.
2019-10-01 20:48:25,580 [org.apache.hadoop.util.JvmPauseMonitor$Monitor@79c968f5] INFO  util.JvmPauseMonitor (JvmPauseMonitor.java:run(188)) - Starting JVM pause monitor
2019-10-01 20:48:25,582 [Datanode State Machine Thread - 0] INFO  datanode.InitDatanodeState (InitDatanodeState.java:persistContainerDatanodeDetails(140)) - DatanodeDetails is persisted to /workdir/hadoop-ozone/integration-test/target/test-dir/MiniOzoneClusterImpl-938fedde-e8cb-4965-8e7f-34791526160a/datanode-6/meta/datanode.id
2019-10-01 20:48:26,580 [main] INFO  ozone.MiniOzoneClusterImpl (MiniOzoneClusterImpl.java:lambda$waitForClusterToBeReady$0(147)) - Waiting for cluster to be ready. Got 0 of 7 DN Heartbeats.
2019-10-01 20:48:27,173 [Datanode State Machine Thread - 0] INFO  ozoneimpl.OzoneContainer (OzoneContainer.java:start(217)) - Attempting to start container services.
2019-10-01 20:48:27,174 [Datanode State Machine Thread - 0] INFO  ozoneimpl.OzoneContainer (OzoneContainer.java:startContainerScrub(179)) - Background container scanner has been disabled.
2019-10-01 20:48:27,174 [Datanode State Machine Thread - 0] INFO  ratis.XceiverServerRatis (XceiverServerRatis.java:start(417)) - Starting XceiverServerRatis 8d0405c5-db0d-40fd-a5c9-fcc8c0c78ea9 at port 0
2019-10-01 20:48:27,180 [Datanode State Machine Thread - 0] INFO  impl.RaftServerProxy (RaftServerProxy.java:lambda$start$3(299)) - 8d0405c5-db0d-40fd-a5c9-fcc8c0c78ea9: start RPC server
2019-10-01 20:48:27,183 [Datanode State Machine Thread - 0] INFO  server.GrpcService (GrpcService.java:startImpl(158)) - 8d0405c5-db0d-40fd-a5c9-fcc8c0c78ea9: GrpcService started, listening on 0.0.0.0/0.0.0.0:44527
2019-10-01 20:48:27,183 [Datanode State Machine Thread - 0] INFO  ratis.XceiverServerRatis (XceiverServerRatis.java:start(427)) - XceiverServerRatis 8d0405c5-db0d-40fd-a5c9-fcc8c0c78ea9 is started using port 44527
2019-10-01 20:48:27,183 [Datanode State Machine Thread - 0] INFO  server.XceiverServerGrpc (XceiverServerGrpc.java:start(149)) - XceiverServerGrpc 8d0405c5-db0d-40fd-a5c9-fcc8c0c78ea9 is started using port 37581
2019-10-01 20:48:27,241 [Datanode State Machine Thread - 0] INFO  ozoneimpl.OzoneContainer (OzoneContainer.java:start(217)) - Attempting to start container services.
2019-10-01 20:48:27,243 [Datanode State Machine Thread - 0] INFO  ozoneimpl.OzoneContainer (OzoneContainer.java:startContainerScrub(179)) - Background container scanner has been disabled.
2019-10-01 20:48:27,243 [Datanode State Machine Thread - 0] INFO  ratis.XceiverServerRatis (XceiverServerRatis.java:start(417)) - Starting XceiverServerRatis 5eae8d89-2554-4fd6-97cf-239256c32a64 at port 0
2019-10-01 20:48:27,251 [Datanode State Machine Thread - 0] INFO  impl.RaftServerProxy (RaftServerProxy.java:lambda$start$3(299)) - 5eae8d89-2554-4fd6-97cf-239256c32a64: start RPC server
2019-10-01 20:48:27,252 [Datanode State Machine Thread - 0] INFO  server.GrpcService (GrpcService.java:startImpl(158)) - 5eae8d89-2554-4fd6-97cf-239256c32a64: GrpcService started, listening on 0.0.0.0/0.0.0.0:39912
2019-10-01 20:48:27,252 [Datanode State Machine Thread - 0] INFO  ratis.XceiverServerRatis (XceiverServerRatis.java:start(427)) - XceiverServerRatis 5eae8d89-2554-4fd6-97cf-239256c32a64 is started using port 39912
2019-10-01 20:48:27,253 [Datanode State Machine Thread - 0] INFO  server.XceiverServerGrpc (XceiverServerGrpc.java:start(149)) - XceiverServerGrpc 5eae8d89-2554-4fd6-97cf-239256c32a64 is started using port 34979
2019-10-01 20:48:27,298 [Datanode State Machine Thread - 0] INFO  ozoneimpl.OzoneContainer (OzoneContainer.java:start(217)) - Attempting to start container services.
2019-10-01 20:48:27,299 [Datanode State Machine Thread - 0] INFO  ozoneimpl.OzoneContainer (OzoneContainer.java:startContainerScrub(179)) - Background container scanner has been disabled.
2019-10-01 20:48:27,299 [Datanode State Machine Thread - 0] INFO  ratis.XceiverServerRatis (XceiverServerRatis.java:start(417)) - Starting XceiverServerRatis 364d6562-bb48-4b36-aaf0-ec4292e9bf14 at port 0
2019-10-01 20:48:27,305 [Datanode State Machine Thread - 0] INFO  impl.RaftServerProxy (RaftServerProxy.java:lambda$start$3(299)) - 364d6562-bb48-4b36-aaf0-ec4292e9bf14: start RPC server
2019-10-01 20:48:27,306 [Datanode State Machine Thread - 0] INFO  server.GrpcService (GrpcService.java:startImpl(158)) - 364d6562-bb48-4b36-aaf0-ec4292e9bf14: GrpcService started, listening on 0.0.0.0/0.0.0.0:35815
2019-10-01 20:48:27,306 [Datanode State Machine Thread - 0] INFO  ratis.XceiverServerRatis (XceiverServerRatis.java:start(427)) - XceiverServerRatis 364d6562-bb48-4b36-aaf0-ec4292e9bf14 is started using port 35815
2019-10-01 20:48:27,306 [Datanode State Machine Thread - 0] INFO  server.XceiverServerGrpc (XceiverServerGrpc.java:start(149)) - XceiverServerGrpc 364d6562-bb48-4b36-aaf0-ec4292e9bf14 is started using port 40989
2019-10-01 20:48:27,364 [Datanode State Machine Thread - 0] INFO  ozoneimpl.OzoneContainer (OzoneContainer.java:start(217)) - Attempting to start container services.
2019-10-01 20:48:27,364 [Datanode State Machine Thread - 0] INFO  ozoneimpl.OzoneContainer (OzoneContainer.java:startContainerScrub(179)) - Background container scanner has been disabled.
2019-10-01 20:48:27,364 [Datanode State Machine Thread - 0] INFO  ratis.XceiverServerRatis (XceiverServerRatis.java:start(417)) - Starting XceiverServerRatis fc3d8bb3-289a-4ce5-8467-859ccdd31fdc at port 0
2019-10-01 20:48:27,372 [Datanode State Machine Thread - 0] INFO  impl.RaftServerProxy (RaftServerProxy.java:lambda$start$3(299)) - fc3d8bb3-289a-4ce5-8467-859ccdd31fdc: start RPC server
2019-10-01 20:48:27,374 [Datanode State Machine Thread - 0] INFO  server.GrpcService (GrpcService.java:startImpl(158)) - fc3d8bb3-289a-4ce5-8467-859ccdd31fdc: GrpcService started, listening on 0.0.0.0/0.0.0.0:40290
2019-10-01 20:48:27,375 [Datanode State Machine Thread - 0] INFO  ratis.XceiverServerRatis (XceiverServerRatis.java:start(427)) - XceiverServerRatis fc3d8bb3-289a-4ce5-8467-859ccdd31fdc is started using port 40290
2019-10-01 20:48:27,375 [Datanode State Machine Thread - 0] INFO  server.XceiverServerGrpc (XceiverServerGrpc.java:start(149)) - XceiverServerGrpc fc3d8bb3-289a-4ce5-8467-859ccdd31fdc is started using port 35298
2019-10-01 20:48:27,457 [Datanode State Machine Thread - 0] INFO  ozoneimpl.OzoneContainer (OzoneContainer.java:start(217)) - Attempting to start container services.
2019-10-01 20:48:27,457 [Datanode State Machine Thread - 0] INFO  ozoneimpl.OzoneContainer (OzoneContainer.java:startContainerScrub(179)) - Background container scanner has been disabled.
2019-10-01 20:48:27,457 [Datanode State Machine Thread - 0] INFO  ratis.XceiverServerRatis (XceiverServerRatis.java:start(417)) - Starting XceiverServerRatis ca11c19a-ce2a-40c8-9f7e-085bb4a2be2c at port 0
2019-10-01 20:48:27,466 [Datanode State Machine Thread - 0] INFO  impl.RaftServerProxy (RaftServerProxy.java:lambda$start$3(299)) - ca11c19a-ce2a-40c8-9f7e-085bb4a2be2c: start RPC server
2019-10-01 20:48:27,469 [Datanode State Machine Thread - 0] INFO  server.GrpcService (GrpcService.java:startImpl(158)) - ca11c19a-ce2a-40c8-9f7e-085bb4a2be2c: GrpcService started, listening on 0.0.0.0/0.0.0.0:40588
2019-10-01 20:48:27,469 [Datanode State Machine Thread - 0] INFO  ratis.XceiverServerRatis (XceiverServerRatis.java:start(427)) - XceiverServerRatis ca11c19a-ce2a-40c8-9f7e-085bb4a2be2c is started using port 40588
2019-10-01 20:48:27,472 [Datanode State Machine Thread - 0] INFO  server.XceiverServerGrpc (XceiverServerGrpc.java:start(149)) - XceiverServerGrpc ca11c19a-ce2a-40c8-9f7e-085bb4a2be2c is started using port 36591
2019-10-01 20:48:27,523 [Datanode State Machine Thread - 0] INFO  ozoneimpl.OzoneContainer (OzoneContainer.java:start(217)) - Attempting to start container services.
2019-10-01 20:48:27,523 [Datanode State Machine Thread - 0] INFO  ozoneimpl.OzoneContainer (OzoneContainer.java:startContainerScrub(179)) - Background container scanner has been disabled.
2019-10-01 20:48:27,523 [Datanode State Machine Thread - 0] INFO  ratis.XceiverServerRatis (XceiverServerRatis.java:start(417)) - Starting XceiverServerRatis 463e6f72-74d2-4678-880c-0fdd762588e4 at port 0
2019-10-01 20:48:27,531 [Datanode State Machine Thread - 0] INFO  impl.RaftServerProxy (RaftServerProxy.java:lambda$start$3(299)) - 463e6f72-74d2-4678-880c-0fdd762588e4: start RPC server
2019-10-01 20:48:27,531 [Datanode State Machine Thread - 0] INFO  server.GrpcService (GrpcService.java:startImpl(158)) - 463e6f72-74d2-4678-880c-0fdd762588e4: GrpcService started, listening on 0.0.0.0/0.0.0.0:44918
2019-10-01 20:48:27,532 [Datanode State Machine Thread - 0] INFO  ratis.XceiverServerRatis (XceiverServerRatis.java:start(427)) - XceiverServerRatis 463e6f72-74d2-4678-880c-0fdd762588e4 is started using port 44918
2019-10-01 20:48:27,532 [Datanode State Machine Thread - 0] INFO  server.XceiverServerGrpc (XceiverServerGrpc.java:start(149)) - XceiverServerGrpc 463e6f72-74d2-4678-880c-0fdd762588e4 is started using port 35941
2019-10-01 20:48:27,581 [main] INFO  ozone.MiniOzoneClusterImpl (MiniOzoneClusterImpl.java:lambda$waitForClusterToBeReady$0(147)) - Waiting for cluster to be ready. Got 0 of 7 DN Heartbeats.
2019-10-01 20:48:27,595 [Datanode State Machine Thread - 0] INFO  ozoneimpl.OzoneContainer (OzoneContainer.java:start(217)) - Attempting to start container services.
2019-10-01 20:48:27,595 [Datanode State Machine Thread - 0] INFO  ozoneimpl.OzoneContainer (OzoneContainer.java:startContainerScrub(179)) - Background container scanner has been disabled.
2019-10-01 20:48:27,595 [Datanode State Machine Thread - 0] INFO  ratis.XceiverServerRatis (XceiverServerRatis.java:start(417)) - Starting XceiverServerRatis fd276549-113d-482b-a407-013b1b1cfc89 at port 0
2019-10-01 20:48:27,603 [Datanode State Machine Thread - 0] INFO  impl.RaftServerProxy (RaftServerProxy.java:lambda$start$3(299)) - fd276549-113d-482b-a407-013b1b1cfc89: start RPC server
2019-10-01 20:48:27,606 [Datanode State Machine Thread - 0] INFO  server.GrpcService (GrpcService.java:startImpl(158)) - fd276549-113d-482b-a407-013b1b1cfc89: GrpcService started, listening on 0.0.0.0/0.0.0.0:36553
2019-10-01 20:48:27,606 [Datanode State Machine Thread - 0] INFO  ratis.XceiverServerRatis (XceiverServerRatis.java:start(427)) - XceiverServerRatis fd276549-113d-482b-a407-013b1b1cfc89 is started using port 36553
2019-10-01 20:48:27,620 [Datanode State Machine Thread - 0] INFO  server.XceiverServerGrpc (XceiverServerGrpc.java:start(149)) - XceiverServerGrpc fd276549-113d-482b-a407-013b1b1cfc89 is started using port 37435
2019-10-01 20:48:28,582 [main] INFO  ozone.MiniOzoneClusterImpl (MiniOzoneClusterImpl.java:lambda$waitForClusterToBeReady$0(147)) - Waiting for cluster to be ready. Got 0 of 7 DN Heartbeats.
2019-10-01 20:48:29,150 [IPC Server handler 0 on 41207] INFO  net.NetworkTopology (NetworkTopologyImpl.java:add(111)) - Added a new node: /default-rack/8d0405c5-db0d-40fd-a5c9-fcc8c0c78ea9
2019-10-01 20:48:29,153 [IPC Server handler 0 on 41207] INFO  node.SCMNodeManager (SCMNodeManager.java:register(266)) - Registered Data node : 8d0405c5-db0d-40fd-a5c9-fcc8c0c78ea9{ip: 192.168.5.177, host: pr-hdds-2213-2l6tc-3189445122, networkLocation: /default-rack, certSerialId: null}
2019-10-01 20:48:29,154 [EventQueue-NodeRegistrationContainerReportForDataNodeSafeModeRule] INFO  safemode.SCMSafeModeManager (DataNodeSafeModeRule.java:process(71)) - SCM in safe mode. 1 DataNodes registered, 1 required.
2019-10-01 20:48:29,157 [EventQueue-NodeRegistrationContainerReportForDataNodeSafeModeRule] INFO  safemode.SCMSafeModeManager (SCMSafeModeManager.java:validateSafeModeExitRules(177)) - ScmSafeModeManager, all rules are successfully validated
2019-10-01 20:48:29,157 [EventQueue-NodeRegistrationContainerReportForDataNodeSafeModeRule] INFO  safemode.SCMSafeModeManager (SCMSafeModeManager.java:exitSafeMode(193)) - SCM exiting safe mode.
2019-10-01 20:48:29,169 [grpc-default-executor-1] INFO  impl.RaftServerProxy (RaftServerProxy.java:addNew(89)) - 8d0405c5-db0d-40fd-a5c9-fcc8c0c78ea9: addNew group-1B072EBBADEE:[8d0405c5-db0d-40fd-a5c9-fcc8c0c78ea9:192.168.5.177:44527] returns group-1B072EBBADEE:java.util.concurrent.CompletableFuture@62c03f32[Not completed]
2019-10-01 20:48:29,173 [pool-207-thread-1] INFO  impl.RaftServerImpl (RaftServerImpl.java:<init>(95)) - 8d0405c5-db0d-40fd-a5c9-fcc8c0c78ea9: new RaftServerImpl for group-1B072EBBADEE:[8d0405c5-db0d-40fd-a5c9-fcc8c0c78ea9:192.168.5.177:44527] with ContainerStateMachine:uninitialized
2019-10-01 20:48:29,173 [pool-207-thread-1] INFO  server.RaftServerConfigKeys (ConfUtils.java:logGet(43)) - raft.server.rpc.timeout.min = 5s (custom)
2019-10-01 20:48:29,173 [pool-207-thread-1] INFO  server.RaftServerConfigKeys (ConfUtils.java:logGet(43)) - raft.server.rpc.timeout.max = 5200ms (custom)
2019-10-01 20:48:29,173 [pool-207-thread-1] INFO  server.RaftServerConfigKeys (ConfUtils.java:logGet(43)) - raft.server.rpcslowness.timeout = 120s (custom)
2019-10-01 20:48:29,173 [pool-207-thread-1] INFO  server.RaftServerConfigKeys (ConfUtils.java:logGet(43)) - raft.server.sleep.deviation.threshold = 300 (default)
2019-10-01 20:48:29,174 [pool-207-thread-1] INFO  server.RaftServerConfigKeys (ConfUtils.java:logGet(43)) - raft.server.log.appender.install.snapshot.enabled = false (custom)
2019-10-01 20:48:29,174 [pool-207-thread-1] INFO  impl.RaftServerImpl (ServerState.java:<init>(103)) - 8d0405c5-db0d-40fd-a5c9-fcc8c0c78ea9@group-1B072EBBADEE: ConfigurationManager, init=-1: [8d0405c5-db0d-40fd-a5c9-fcc8c0c78ea9:192.168.5.177:44527], old=null, confs=<EMPTY_MAP>
2019-10-01 20:48:29,174 [pool-207-thread-1] INFO  server.RaftServerConfigKeys (ConfUtils.java:logGet(43)) - raft.server.storage.dir = [/workdir/hadoop-ozone/integration-test/target/test-dir/MiniOzoneClusterImpl-938fedde-e8cb-4965-8e7f-34791526160a/datanode-0/data/ratis] (custom)
2019-10-01 20:48:29,174 [pool-207-thread-1] INFO  server.RaftServerConfigKeys (ConfUtils.java:logGet(43)) - raft.server.log.corruption.policy = EXCEPTION (default)
2019-10-01 20:48:29,175 [pool-207-thread-1] INFO  storage.RaftStorageDirectory (RaftStorageDirectory.java:analyzeStorage(246)) - The storage directory /workdir/hadoop-ozone/integration-test/target/test-dir/MiniOzoneClusterImpl-938fedde-e8cb-4965-8e7f-34791526160a/datanode-0/data/ratis/9d06f42b-12f2-4dac-abec-1b072ebbadee does not exist. Creating ...
2019-10-01 20:48:29,189 [pool-207-thread-1] INFO  storage.RaftStorageDirectory (RaftStorageDirectory.java:tryLock(328)) - Lock on /workdir/hadoop-ozone/integration-test/target/test-dir/MiniOzoneClusterImpl-938fedde-e8cb-4965-8e7f-34791526160a/datanode-0/data/ratis/9d06f42b-12f2-4dac-abec-1b072ebbadee/in_use.lock acquired by nodename 23198@pr-hdds-2213-2l6tc-3189445122
2019-10-01 20:48:29,202 [pool-207-thread-1] INFO  storage.RaftStorage (RaftStorage.java:format(84)) - Storage directory /workdir/hadoop-ozone/integration-test/target/test-dir/MiniOzoneClusterImpl-938fedde-e8cb-4965-8e7f-34791526160a/datanode-0/data/ratis/9d06f42b-12f2-4dac-abec-1b072ebbadee has been successfully formatted.
2019-10-01 20:48:29,202 [pool-207-thread-1] INFO  ratis.ContainerStateMachine (ContainerStateMachine.java:loadSnapshot(230)) - group-1B072EBBADEE: The snapshot info is null. Setting the last applied indexto:(t:0, i:~)
2019-10-01 20:48:29,202 [pool-207-thread-1] INFO  server.RaftServerConfigKeys (ConfUtils.java:logGet(43)) - raft.server.notification.no-leader.timeout = 120s (custom)
2019-10-01 20:48:29,203 [pool-207-thread-1] INFO  server.RaftServerConfigKeys (ConfUtils.java:logGet(43)) - raft.server.log.use.memory = false (default)
2019-10-01 20:48:29,203 [pool-207-thread-1] INFO  server.RaftServerConfigKeys (ConfUtils.java:logGet(43)) - raft.server.log.purge.gap = 1000000 (custom)
2019-10-01 20:48:29,203 [pool-207-thread-1] INFO  server.RaftServerConfigKeys (ConfUtils.java:logGet(43)) - raft.server.log.appender.buffer.byte-limit = 33554432 (custom)
2019-10-01 20:48:29,203 [pool-207-thread-1] INFO  server.RaftServerConfigKeys (ConfUtils.java:logGet(43)) - raft.server.log.segment.size.max = 1048576 (custom)
2019-10-01 20:48:29,206 [pool-207-thread-1] INFO  server.RaftServerConfigKeys (ConfUtils.java:logGet(43)) - raft.server.log.segment.cache.num.max = 2 (custom)
2019-10-01 20:48:29,206 [pool-207-thread-1] INFO  segmented.SegmentedRaftLogWorker (SegmentedRaftLogWorker.java:<init>(173)) - new 8d0405c5-db0d-40fd-a5c9-fcc8c0c78ea9@group-1B072EBBADEE-SegmentedRaftLogWorker for RaftStorage:Storage Directory /workdir/hadoop-ozone/integration-test/target/test-dir/MiniOzoneClusterImpl-938fedde-e8cb-4965-8e7f-34791526160a/datanode-0/data/ratis/9d06f42b-12f2-4dac-abec-1b072ebbadee
2019-10-01 20:48:29,207 [pool-207-thread-1] INFO  server.RaftServerConfigKeys (ConfUtils.java:logGet(43)) - raft.server.log.queue.byte-limit = 2147483647 (custom)
2019-10-01 20:48:29,207 [pool-207-thread-1] INFO  server.RaftServerConfigKeys (ConfUtils.java:logGet(43)) - raft.server.log.queue.element-limit = 1024 (custom)
2019-10-01 20:48:29,207 [pool-207-thread-1] INFO  server.RaftServerConfigKeys (ConfUtils.java:logGet(43)) - raft.server.log.segment.size.max = 1048576 (custom)
2019-10-01 20:48:29,207 [pool-207-thread-1] INFO  server.RaftServerConfigKeys (ConfUtils.java:logGet(43)) - raft.server.log.preallocated.size = 16384 (custom)
2019-10-01 20:48:29,207 [pool-207-thread-1] INFO  server.RaftServerConfigKeys (ConfUtils.java:logGet(43)) - raft.server.log.write.buffer.size = 33554432 (custom)
2019-10-01 20:48:29,207 [pool-207-thread-1] INFO  server.RaftServerConfigKeys (ConfUtils.java:logGet(43)) - raft.server.log.force.sync.num = 128 (default)
2019-10-01 20:48:29,208 [pool-207-thread-1] INFO  server.RaftServerConfigKeys (ConfUtils.java:logGet(43)) - raft.server.log.statemachine.data.sync = true (default)
2019-10-01 20:48:29,208 [pool-207-thread-1] INFO  server.RaftServerConfigKeys (ConfUtils.java:logGet(43)) - raft.server.log.statemachine.data.sync.timeout = 10s (default)
2019-10-01 20:48:29,208 [pool-207-thread-1] INFO  server.RaftServerConfigKeys (ConfUtils.java:logGet(43)) - raft.server.log.statemachine.data.sync.timeout.retry = -1 (default)
2019-10-01 20:48:29,209 [pool-207-thread-1] INFO  server.RaftServerConfigKeys (ConfUtils.java:logGet(43)) - raft.server.log.statemachine.data.caching.enabled = true (custom)
2019-10-01 20:48:29,209 [pool-207-thread-1] INFO  segmented.SegmentedRaftLogWorker (SegmentedRaftLogWorker.java:lambda$new$0(128)) - 8d0405c5-db0d-40fd-a5c9-fcc8c0c78ea9@group-1B072EBBADEE-SegmentedRaftLogWorker: flushIndex: setUnconditionally 0 -> -1
2019-10-01 20:48:29,210 [pool-207-thread-1] INFO  server.RaftServerConfigKeys (ConfUtils.java:logGet(43)) - raft.server.snapshot.auto.trigger.enabled = true (custom)
2019-10-01 20:48:29,210 [pool-207-thread-1] INFO  server.RaftServerConfigKeys (ConfUtils.java:logGet(43)) - raft.server.snapshot.auto.trigger.threshold = 10000 (custom)
2019-10-01 20:48:29,210 [pool-207-thread-1] INFO  server.RaftServerConfigKeys (ConfUtils.java:logGet(43)) - raft.server.snapshot.retention.file.num = 5 (custom)
2019-10-01 20:48:29,210 [pool-207-thread-1] INFO  server.RaftServerConfigKeys (ConfUtils.java:logGet(43)) - raft.server.retrycache.expirytime = 600000ms (custom)
2019-10-01 20:48:29,213 [pool-207-thread-1] INFO  impl.RaftServerImpl (RaftServerImpl.java:start(181)) - 8d0405c5-db0d-40fd-a5c9-fcc8c0c78ea9@group-1B072EBBADEE: start as a follower, conf=-1: [8d0405c5-db0d-40fd-a5c9-fcc8c0c78ea9:192.168.5.177:44527], old=null
2019-10-01 20:48:29,213 [pool-207-thread-1] INFO  impl.RaftServerImpl (RaftServerImpl.java:setRole(170)) - 8d0405c5-db0d-40fd-a5c9-fcc8c0c78ea9@group-1B072EBBADEE: changes role from      null to FOLLOWER at term 0 for startAsFollower
2019-10-01 20:48:29,213 [pool-207-thread-1] INFO  impl.RoleInfo (RoleInfo.java:updateAndGet(143)) - 8d0405c5-db0d-40fd-a5c9-fcc8c0c78ea9: start FollowerState
2019-10-01 20:48:29,214 [pool-207-thread-1] INFO  util.JmxRegister (JmxRegister.java:tryRegister(44)) - Successfully registered JMX Bean with object name Ratis:service=RaftServer,group=group-1B072EBBADEE,id=8d0405c5-db0d-40fd-a5c9-fcc8c0c78ea9
2019-10-01 20:48:29,220 [RatisPipelineUtilsThread] INFO  pipeline.PipelineStateManager (PipelineStateManager.java:addPipeline(56)) - Created pipeline Pipeline[ Id: 9d06f42b-12f2-4dac-abec-1b072ebbadee, Nodes: 8d0405c5-db0d-40fd-a5c9-fcc8c0c78ea9{ip: 192.168.5.177, host: pr-hdds-2213-2l6tc-3189445122, networkLocation: /default-rack, certSerialId: null}, Type:RATIS, Factor:ONE, State:OPEN]
2019-10-01 20:48:29,225 [IPC Server handler 3 on 41207] INFO  net.NetworkTopology (NetworkTopologyImpl.java:add(111)) - Added a new node: /default-rack/5eae8d89-2554-4fd6-97cf-239256c32a64
2019-10-01 20:48:29,226 [IPC Server handler 3 on 41207] INFO  node.SCMNodeManager (SCMNodeManager.java:register(266)) - Registered Data node : 5eae8d89-2554-4fd6-97cf-239256c32a64{ip: 192.168.5.177, host: pr-hdds-2213-2l6tc-3189445122, networkLocation: /default-rack, certSerialId: null}
2019-10-01 20:48:29,247 [grpc-default-executor-1] INFO  impl.RaftServerProxy (RaftServerProxy.java:addNew(89)) - 5eae8d89-2554-4fd6-97cf-239256c32a64: addNew group-561EFD222EE9:[5eae8d89-2554-4fd6-97cf-239256c32a64:192.168.5.177:39912] returns group-561EFD222EE9:java.util.concurrent.CompletableFuture@7465a339[Not completed]
2019-10-01 20:48:29,249 [pool-217-thread-1] INFO  impl.RaftServerImpl (RaftServerImpl.java:<init>(95)) - 5eae8d89-2554-4fd6-97cf-239256c32a64: new RaftServerImpl for group-561EFD222EE9:[5eae8d89-2554-4fd6-97cf-239256c32a64:192.168.5.177:39912] with ContainerStateMachine:uninitialized
2019-10-01 20:48:29,249 [pool-217-thread-1] INFO  server.RaftServerConfigKeys (ConfUtils.java:logGet(43)) - raft.server.rpc.timeout.min = 5s (custom)
2019-10-01 20:48:29,249 [pool-217-thread-1] INFO  server.RaftServerConfigKeys (ConfUtils.java:logGet(43)) - raft.server.rpc.timeout.max = 5200ms (custom)
2019-10-01 20:48:29,249 [pool-217-thread-1] INFO  server.RaftServerConfigKeys (ConfUtils.java:logGet(43)) - raft.server.rpcslowness.timeout = 120s (custom)
2019-10-01 20:48:29,249 [pool-217-thread-1] INFO  server.RaftServerConfigKeys (ConfUtils.java:logGet(43)) - raft.server.sleep.deviation.threshold = 300 (default)
2019-10-01 20:48:29,249 [pool-217-thread-1] INFO  server.RaftServerConfigKeys (ConfUtils.java:logGet(43)) - raft.server.log.appender.install.snapshot.enabled = false (custom)
2019-10-01 20:48:29,249 [pool-217-thread-1] INFO  impl.RaftServerImpl (ServerState.java:<init>(103)) - 5eae8d89-2554-4fd6-97cf-239256c32a64@group-561EFD222EE9: ConfigurationManager, init=-1: [5eae8d89-2554-4fd6-97cf-239256c32a64:192.168.5.177:39912], old=null, confs=<EMPTY_MAP>
2019-10-01 20:48:29,249 [pool-217-thread-1] INFO  server.RaftServerConfigKeys (ConfUtils.java:logGet(43)) - raft.server.storage.dir = [/workdir/hadoop-ozone/integration-test/target/test-dir/MiniOzoneClusterImpl-938fedde-e8cb-4965-8e7f-34791526160a/datanode-1/data/ratis] (custom)
2019-10-01 20:48:29,250 [pool-217-thread-1] INFO  server.RaftServerConfigKeys (ConfUtils.java:logGet(43)) - raft.server.log.corruption.policy = EXCEPTION (default)
2019-10-01 20:48:29,250 [pool-217-thread-1] INFO  storage.RaftStorageDirectory (RaftStorageDirectory.java:analyzeStorage(246)) - The storage directory /workdir/hadoop-ozone/integration-test/target/test-dir/MiniOzoneClusterImpl-938fedde-e8cb-4965-8e7f-34791526160a/datanode-1/data/ratis/12588547-c1fa-432f-a9cf-561efd222ee9 does not exist. Creating ...
2019-10-01 20:48:29,263 [pool-217-thread-1] INFO  storage.RaftStorageDirectory (RaftStorageDirectory.java:tryLock(328)) - Lock on /workdir/hadoop-ozone/integration-test/target/test-dir/MiniOzoneClusterImpl-938fedde-e8cb-4965-8e7f-34791526160a/datanode-1/data/ratis/12588547-c1fa-432f-a9cf-561efd222ee9/in_use.lock acquired by nodename 23198@pr-hdds-2213-2l6tc-3189445122
2019-10-01 20:48:29,276 [pool-217-thread-1] INFO  storage.RaftStorage (RaftStorage.java:format(84)) - Storage directory /workdir/hadoop-ozone/integration-test/target/test-dir/MiniOzoneClusterImpl-938fedde-e8cb-4965-8e7f-34791526160a/datanode-1/data/ratis/12588547-c1fa-432f-a9cf-561efd222ee9 has been successfully formatted.
2019-10-01 20:48:29,276 [pool-217-thread-1] INFO  ratis.ContainerStateMachine (ContainerStateMachine.java:loadSnapshot(230)) - group-561EFD222EE9: The snapshot info is null. Setting the last applied indexto:(t:0, i:~)
2019-10-01 20:48:29,277 [pool-217-thread-1] INFO  server.RaftServerConfigKeys (ConfUtils.java:logGet(43)) - raft.server.notification.no-leader.timeout = 120s (custom)
2019-10-01 20:48:29,277 [pool-217-thread-1] INFO  server.RaftServerConfigKeys (ConfUtils.java:logGet(43)) - raft.server.log.use.memory = false (default)
2019-10-01 20:48:29,277 [pool-217-thread-1] INFO  server.RaftServerConfigKeys (ConfUtils.java:logGet(43)) - raft.server.log.purge.gap = 1000000 (custom)
2019-10-01 20:48:29,277 [pool-217-thread-1] INFO  server.RaftServerConfigKeys (ConfUtils.java:logGet(43)) - raft.server.log.appender.buffer.byte-limit = 33554432 (custom)
2019-10-01 20:48:29,277 [pool-217-thread-1] INFO  server.RaftServerConfigKeys (ConfUtils.java:logGet(43)) - raft.server.log.segment.size.max = 1048576 (custom)
2019-10-01 20:48:29,279 [pool-217-thread-1] INFO  server.RaftServerConfigKeys (ConfUtils.java:logGet(43)) - raft.server.log.segment.cache.num.max = 2 (custom)
2019-10-01 20:48:29,279 [pool-217-thread-1] INFO  segmented.SegmentedRaftLogWorker (SegmentedRaftLogWorker.java:<init>(173)) - new 5eae8d89-2554-4fd6-97cf-239256c32a64@group-561EFD222EE9-SegmentedRaftLogWorker for RaftStorage:Storage Directory /workdir/hadoop-ozone/integration-test/target/test-dir/MiniOzoneClusterImpl-938fedde-e8cb-4965-8e7f-34791526160a/datanode-1/data/ratis/12588547-c1fa-432f-a9cf-561efd222ee9
2019-10-01 20:48:29,279 [pool-217-thread-1] INFO  server.RaftServerConfigKeys (ConfUtils.java:logGet(43)) - raft.server.log.queue.byte-limit = 2147483647 (custom)
2019-10-01 20:48:29,279 [pool-217-thread-1] INFO  server.RaftServerConfigKeys (ConfUtils.java:logGet(43)) - raft.server.log.queue.element-limit = 1024 (custom)
2019-10-01 20:48:29,280 [pool-217-thread-1] INFO  server.RaftServerConfigKeys (ConfUtils.java:logGet(43)) - raft.server.log.segment.size.max = 1048576 (custom)
2019-10-01 20:48:29,280 [pool-217-thread-1] INFO  server.RaftServerConfigKeys (ConfUtils.java:logGet(43)) - raft.server.log.preallocated.size = 16384 (custom)
2019-10-01 20:48:29,280 [pool-217-thread-1] INFO  server.RaftServerConfigKeys (ConfUtils.java:logGet(43)) - raft.server.log.write.buffer.size = 33554432 (custom)
2019-10-01 20:48:29,280 [pool-217-thread-1] INFO  server.RaftServerConfigKeys (ConfUtils.java:logGet(43)) - raft.server.log.force.sync.num = 128 (default)
2019-10-01 20:48:29,280 [pool-217-thread-1] INFO  server.RaftServerConfigKeys (ConfUtils.java:logGet(43)) - raft.server.log.statemachine.data.sync = true (default)
2019-10-01 20:48:29,280 [pool-217-thread-1] INFO  server.RaftServerConfigKeys (ConfUtils.java:logGet(43)) - raft.server.log.statemachine.data.sync.timeout = 10s (default)
2019-10-01 20:48:29,280 [pool-217-thread-1] INFO  server.RaftServerConfigKeys (ConfUtils.java:logGet(43)) - raft.server.log.statemachine.data.sync.timeout.retry = -1 (default)
2019-10-01 20:48:29,281 [pool-217-thread-1] INFO  server.RaftServerConfigKeys (ConfUtils.java:logGet(43)) - raft.server.log.statemachine.data.caching.enabled = true (custom)
2019-10-01 20:48:29,281 [pool-217-thread-1] INFO  segmented.SegmentedRaftLogWorker (SegmentedRaftLogWorker.java:lambda$new$0(128)) - 5eae8d89-2554-4fd6-97cf-239256c32a64@group-561EFD222EE9-SegmentedRaftLogWorker: flushIndex: setUnconditionally 0 -> -1
2019-10-01 20:48:29,281 [pool-217-thread-1] INFO  server.RaftServerConfigKeys (ConfUtils.java:logGet(43)) - raft.server.snapshot.auto.trigger.enabled = true (custom)
2019-10-01 20:48:29,282 [pool-217-thread-1] INFO  server.RaftServerConfigKeys (ConfUtils.java:logGet(43)) - raft.server.snapshot.auto.trigger.threshold = 10000 (custom)
2019-10-01 20:48:29,282 [pool-217-thread-1] INFO  server.RaftServerConfigKeys (ConfUtils.java:logGet(43)) - raft.server.snapshot.retention.file.num = 5 (custom)
2019-10-01 20:48:29,282 [pool-217-thread-1] INFO  server.RaftServerConfigKeys (ConfUtils.java:logGet(43)) - raft.server.retrycache.expirytime = 600000ms (custom)
2019-10-01 20:48:29,284 [pool-217-thread-1] INFO  impl.RaftServerImpl (RaftServerImpl.java:start(181)) - 5eae8d89-2554-4fd6-97cf-239256c32a64@group-561EFD222EE9: start as a follower, conf=-1: [5eae8d89-2554-4fd6-97cf-239256c32a64:192.168.5.177:39912], old=null
2019-10-01 20:48:29,284 [pool-217-thread-1] INFO  impl.RaftServerImpl (RaftServerImpl.java:setRole(170)) - 5eae8d89-2554-4fd6-97cf-239256c32a64@group-561EFD222EE9: changes role from      null to FOLLOWER at term 0 for startAsFollower
2019-10-01 20:48:29,284 [pool-217-thread-1] INFO  impl.RoleInfo (RoleInfo.java:updateAndGet(143)) - 5eae8d89-2554-4fd6-97cf-239256c32a64: start FollowerState
2019-10-01 20:48:29,285 [pool-217-thread-1] INFO  util.JmxRegister (JmxRegister.java:tryRegister(44)) - Successfully registered JMX Bean with object name Ratis:service=RaftServer,group=group-561EFD222EE9,id=5eae8d89-2554-4fd6-97cf-239256c32a64
2019-10-01 20:48:29,285 [IPC Server handler 6 on 41207] INFO  net.NetworkTopology (NetworkTopologyImpl.java:add(111)) - Added a new node: /default-rack/364d6562-bb48-4b36-aaf0-ec4292e9bf14
2019-10-01 20:48:29,285 [IPC Server handler 6 on 41207] INFO  node.SCMNodeManager (SCMNodeManager.java:register(266)) - Registered Data node : 364d6562-bb48-4b36-aaf0-ec4292e9bf14{ip: 192.168.5.177, host: pr-hdds-2213-2l6tc-3189445122, networkLocation: /default-rack, certSerialId: null}
2019-10-01 20:48:29,288 [RatisPipelineUtilsThread] INFO  pipeline.PipelineStateManager (PipelineStateManager.java:addPipeline(56)) - Created pipeline Pipeline[ Id: 12588547-c1fa-432f-a9cf-561efd222ee9, Nodes: 5eae8d89-2554-4fd6-97cf-239256c32a64{ip: 192.168.5.177, host: pr-hdds-2213-2l6tc-3189445122, networkLocation: /default-rack, certSerialId: null}, Type:RATIS, Factor:ONE, State:OPEN]
2019-10-01 20:48:29,297 [grpc-default-executor-1] INFO  impl.RaftServerProxy (RaftServerProxy.java:addNew(89)) - 364d6562-bb48-4b36-aaf0-ec4292e9bf14: addNew group-87C1546A95EB:[364d6562-bb48-4b36-aaf0-ec4292e9bf14:192.168.5.177:35815] returns group-87C1546A95EB:java.util.concurrent.CompletableFuture@521e46e9[Not completed]
2019-10-01 20:48:29,298 [pool-227-thread-1] INFO  impl.RaftServerImpl (RaftServerImpl.java:<init>(95)) - 364d6562-bb48-4b36-aaf0-ec4292e9bf14: new RaftServerImpl for group-87C1546A95EB:[364d6562-bb48-4b36-aaf0-ec4292e9bf14:192.168.5.177:35815] with ContainerStateMachine:uninitialized
2019-10-01 20:48:29,299 [pool-227-thread-1] INFO  server.RaftServerConfigKeys (ConfUtils.java:logGet(43)) - raft.server.rpc.timeout.min = 5s (custom)
2019-10-01 20:48:29,299 [pool-227-thread-1] INFO  server.RaftServerConfigKeys (ConfUtils.java:logGet(43)) - raft.server.rpc.timeout.max = 5200ms (custom)
2019-10-01 20:48:29,299 [pool-227-thread-1] INFO  server.RaftServerConfigKeys (ConfUtils.java:logGet(43)) - raft.server.rpcslowness.timeout = 120s (custom)
2019-10-01 20:48:29,299 [pool-227-thread-1] INFO  server.RaftServerConfigKeys (ConfUtils.java:logGet(43)) - raft.server.sleep.deviation.threshold = 300 (default)
2019-10-01 20:48:29,299 [pool-227-thread-1] INFO  server.RaftServerConfigKeys (ConfUtils.java:logGet(43)) - raft.server.log.appender.install.snapshot.enabled = false (custom)
2019-10-01 20:48:29,299 [pool-227-thread-1] INFO  impl.RaftServerImpl (ServerState.java:<init>(103)) - 364d6562-bb48-4b36-aaf0-ec4292e9bf14@group-87C1546A95EB: ConfigurationManager, init=-1: [364d6562-bb48-4b36-aaf0-ec4292e9bf14:192.168.5.177:35815], old=null, confs=<EMPTY_MAP>
2019-10-01 20:48:29,299 [pool-227-thread-1] INFO  server.RaftServerConfigKeys (ConfUtils.java:logGet(43)) - raft.server.storage.dir = [/workdir/hadoop-ozone/integration-test/target/test-dir/MiniOzoneClusterImpl-938fedde-e8cb-4965-8e7f-34791526160a/datanode-2/data/ratis] (custom)
2019-10-01 20:48:29,300 [pool-227-thread-1] INFO  server.RaftServerConfigKeys (ConfUtils.java:logGet(43)) - raft.server.log.corruption.policy = EXCEPTION (default)
2019-10-01 20:48:29,300 [pool-227-thread-1] INFO  storage.RaftStorageDirectory (RaftStorageDirectory.java:analyzeStorage(246)) - The storage directory /workdir/hadoop-ozone/integration-test/target/test-dir/MiniOzoneClusterImpl-938fedde-e8cb-4965-8e7f-34791526160a/datanode-2/data/ratis/22d9bd86-b1c2-4bce-99c8-87c1546a95eb does not exist. Creating ...
2019-10-01 20:48:29,313 [pool-227-thread-1] INFO  storage.RaftStorageDirectory (RaftStorageDirectory.java:tryLock(328)) - Lock on /workdir/hadoop-ozone/integration-test/target/test-dir/MiniOzoneClusterImpl-938fedde-e8cb-4965-8e7f-34791526160a/datanode-2/data/ratis/22d9bd86-b1c2-4bce-99c8-87c1546a95eb/in_use.lock acquired by nodename 23198@pr-hdds-2213-2l6tc-3189445122
2019-10-01 20:48:29,326 [pool-227-thread-1] INFO  storage.RaftStorage (RaftStorage.java:format(84)) - Storage directory /workdir/hadoop-ozone/integration-test/target/test-dir/MiniOzoneClusterImpl-938fedde-e8cb-4965-8e7f-34791526160a/datanode-2/data/ratis/22d9bd86-b1c2-4bce-99c8-87c1546a95eb has been successfully formatted.
2019-10-01 20:48:29,327 [pool-227-thread-1] INFO  ratis.ContainerStateMachine (ContainerStateMachine.java:loadSnapshot(230)) - group-87C1546A95EB: The snapshot info is null. Setting the last applied indexto:(t:0, i:~)
2019-10-01 20:48:29,327 [pool-227-thread-1] INFO  server.RaftServerConfigKeys (ConfUtils.java:logGet(43)) - raft.server.notification.no-leader.timeout = 120s (custom)
2019-10-01 20:48:29,327 [pool-227-thread-1] INFO  server.RaftServerConfigKeys (ConfUtils.java:logGet(43)) - raft.server.log.use.memory = false (default)
2019-10-01 20:48:29,327 [pool-227-thread-1] INFO  server.RaftServerConfigKeys (ConfUtils.java:logGet(43)) - raft.server.log.purge.gap = 1000000 (custom)
2019-10-01 20:48:29,327 [pool-227-thread-1] INFO  server.RaftServerConfigKeys (ConfUtils.java:logGet(43)) - raft.server.log.appender.buffer.byte-limit = 33554432 (custom)
2019-10-01 20:48:29,327 [pool-227-thread-1] INFO  server.RaftServerConfigKeys (ConfUtils.java:logGet(43)) - raft.server.log.segment.size.max = 1048576 (custom)
2019-10-01 20:48:29,330 [pool-227-thread-1] INFO  server.RaftServerConfigKeys (ConfUtils.java:logGet(43)) - raft.server.log.segment.cache.num.max = 2 (custom)
2019-10-01 20:48:29,330 [pool-227-thread-1] INFO  segmented.SegmentedRaftLogWorker (SegmentedRaftLogWorker.java:<init>(173)) - new 364d6562-bb48-4b36-aaf0-ec4292e9bf14@group-87C1546A95EB-SegmentedRaftLogWorker for RaftStorage:Storage Directory /workdir/hadoop-ozone/integration-test/target/test-dir/MiniOzoneClusterImpl-938fedde-e8cb-4965-8e7f-34791526160a/datanode-2/data/ratis/22d9bd86-b1c2-4bce-99c8-87c1546a95eb
2019-10-01 20:48:29,330 [pool-227-thread-1] INFO  server.RaftServerConfigKeys (ConfUtils.java:logGet(43)) - raft.server.log.queue.byte-limit = 2147483647 (custom)
2019-10-01 20:48:29,330 [pool-227-thread-1] INFO  server.RaftServerConfigKeys (ConfUtils.java:logGet(43)) - raft.server.log.queue.element-limit = 1024 (custom)
2019-10-01 20:48:29,330 [pool-227-thread-1] INFO  server.RaftServerConfigKeys (ConfUtils.java:logGet(43)) - raft.server.log.segment.size.max = 1048576 (custom)
2019-10-01 20:48:29,330 [pool-227-thread-1] INFO  server.RaftServerConfigKeys (ConfUtils.java:logGet(43)) - raft.server.log.preallocated.size = 16384 (custom)
2019-10-01 20:48:29,330 [pool-227-thread-1] INFO  server.RaftServerConfigKeys (ConfUtils.java:logGet(43)) - raft.server.log.write.buffer.size = 33554432 (custom)
2019-10-01 20:48:29,331 [pool-227-thread-1] INFO  server.RaftServerConfigKeys (ConfUtils.java:logGet(43)) - raft.server.log.force.sync.num = 128 (default)
2019-10-01 20:48:29,331 [pool-227-thread-1] INFO  server.RaftServerConfigKeys (ConfUtils.java:logGet(43)) - raft.server.log.statemachine.data.sync = true (default)
2019-10-01 20:48:29,331 [pool-227-thread-1] INFO  server.RaftServerConfigKeys (ConfUtils.java:logGet(43)) - raft.server.log.statemachine.data.sync.timeout = 10s (default)
2019-10-01 20:48:29,331 [pool-227-thread-1] INFO  server.RaftServerConfigKeys (ConfUtils.java:logGet(43)) - raft.server.log.statemachine.data.sync.timeout.retry = -1 (default)
2019-10-01 20:48:29,331 [pool-227-thread-1] INFO  server.RaftServerConfigKeys (ConfUtils.java:logGet(43)) - raft.server.log.statemachine.data.caching.enabled = true (custom)
2019-10-01 20:48:29,332 [pool-227-thread-1] INFO  segmented.SegmentedRaftLogWorker (SegmentedRaftLogWorker.java:lambda$new$0(128)) - 364d6562-bb48-4b36-aaf0-ec4292e9bf14@group-87C1546A95EB-SegmentedRaftLogWorker: flushIndex: setUnconditionally 0 -> -1
2019-10-01 20:48:29,332 [pool-227-thread-1] INFO  server.RaftServerConfigKeys (ConfUtils.java:logGet(43)) - raft.server.snapshot.auto.trigger.enabled = true (custom)
2019-10-01 20:48:29,332 [pool-227-thread-1] INFO  server.RaftServerConfigKeys (ConfUtils.java:logGet(43)) - raft.server.snapshot.auto.trigger.threshold = 10000 (custom)
2019-10-01 20:48:29,332 [pool-227-thread-1] INFO  server.RaftServerConfigKeys (ConfUtils.java:logGet(43)) - raft.server.snapshot.retention.file.num = 5 (custom)
2019-10-01 20:48:29,332 [pool-227-thread-1] INFO  server.RaftServerConfigKeys (ConfUtils.java:logGet(43)) - raft.server.retrycache.expirytime = 600000ms (custom)
2019-10-01 20:48:29,334 [pool-227-thread-1] INFO  impl.RaftServerImpl (RaftServerImpl.java:start(181)) - 364d6562-bb48-4b36-aaf0-ec4292e9bf14@group-87C1546A95EB: start as a follower, conf=-1: [364d6562-bb48-4b36-aaf0-ec4292e9bf14:192.168.5.177:35815], old=null
2019-10-01 20:48:29,334 [pool-227-thread-1] INFO  impl.RaftServerImpl (RaftServerImpl.java:setRole(170)) - 364d6562-bb48-4b36-aaf0-ec4292e9bf14@group-87C1546A95EB: changes role from      null to FOLLOWER at term 0 for startAsFollower
2019-10-01 20:48:29,335 [pool-227-thread-1] INFO  impl.RoleInfo (RoleInfo.java:updateAndGet(143)) - 364d6562-bb48-4b36-aaf0-ec4292e9bf14: start FollowerState
2019-10-01 20:48:29,335 [pool-227-thread-1] INFO  util.JmxRegister (JmxRegister.java:tryRegister(44)) - Successfully registered JMX Bean with object name Ratis:service=RaftServer,group=group-87C1546A95EB,id=364d6562-bb48-4b36-aaf0-ec4292e9bf14
2019-10-01 20:48:29,339 [RatisPipelineUtilsThread] INFO  pipeline.PipelineStateManager (PipelineStateManager.java:addPipeline(56)) - Created pipeline Pipeline[ Id: 22d9bd86-b1c2-4bce-99c8-87c1546a95eb, Nodes: 364d6562-bb48-4b36-aaf0-ec4292e9bf14{ip: 192.168.5.177, host: pr-hdds-2213-2l6tc-3189445122, networkLocation: /default-rack, certSerialId: null}, Type:RATIS, Factor:ONE, State:OPEN]
2019-10-01 20:48:29,350 [grpc-default-executor-8] INFO  impl.RaftServerProxy (RaftServerProxy.java:addNew(89)) - 8d0405c5-db0d-40fd-a5c9-fcc8c0c78ea9: addNew group-3D723BC38E81:[364d6562-bb48-4b36-aaf0-ec4292e9bf14:192.168.5.177:35815, 5eae8d89-2554-4fd6-97cf-239256c32a64:192.168.5.177:39912, 8d0405c5-db0d-40fd-a5c9-fcc8c0c78ea9:192.168.5.177:44527] returns group-3D723BC38E81:java.util.concurrent.CompletableFuture@7b1dc0a2[Not completed]
2019-10-01 20:48:29,350 [grpc-default-executor-5] INFO  impl.RaftServerProxy (RaftServerProxy.java:addNew(89)) - 364d6562-bb48-4b36-aaf0-ec4292e9bf14: addNew group-3D723BC38E81:[364d6562-bb48-4b36-aaf0-ec4292e9bf14:192.168.5.177:35815, 5eae8d89-2554-4fd6-97cf-239256c32a64:192.168.5.177:39912, 8d0405c5-db0d-40fd-a5c9-fcc8c0c78ea9:192.168.5.177:44527] returns group-3D723BC38E81:java.util.concurrent.CompletableFuture@2be33e5b[Not completed]
2019-10-01 20:48:29,350 [grpc-default-executor-8] INFO  impl.RaftServerProxy (RaftServerProxy.java:addNew(89)) - 5eae8d89-2554-4fd6-97cf-239256c32a64: addNew group-3D723BC38E81:[364d6562-bb48-4b36-aaf0-ec4292e9bf14:192.168.5.177:35815, 5eae8d89-2554-4fd6-97cf-239256c32a64:192.168.5.177:39912, 8d0405c5-db0d-40fd-a5c9-fcc8c0c78ea9:192.168.5.177:44527] returns group-3D723BC38E81:java.util.concurrent.CompletableFuture@23c2771[Not completed]
2019-10-01 20:48:29,351 [pool-207-thread-1] INFO  impl.RaftServerImpl (RaftServerImpl.java:<init>(95)) - 8d0405c5-db0d-40fd-a5c9-fcc8c0c78ea9: new RaftServerImpl for group-3D723BC38E81:[364d6562-bb48-4b36-aaf0-ec4292e9bf14:192.168.5.177:35815, 5eae8d89-2554-4fd6-97cf-239256c32a64:192.168.5.177:39912, 8d0405c5-db0d-40fd-a5c9-fcc8c0c78ea9:192.168.5.177:44527] with ContainerStateMachine:uninitialized
2019-10-01 20:48:29,351 [pool-207-thread-1] INFO  server.RaftServerConfigKeys (ConfUtils.java:logGet(43)) - raft.server.rpc.timeout.min = 5s (custom)
2019-10-01 20:48:29,351 [pool-207-thread-1] INFO  server.RaftServerConfigKeys (ConfUtils.java:logGet(43)) - raft.server.rpc.timeout.max = 5200ms (custom)
2019-10-01 20:48:29,351 [pool-207-thread-1] INFO  server.RaftServerConfigKeys (ConfUtils.java:logGet(43)) - raft.server.rpcslowness.timeout = 120s (custom)
2019-10-01 20:48:29,352 [pool-207-thread-1] INFO  server.RaftServerConfigKeys (ConfUtils.java:logGet(43)) - raft.server.sleep.deviation.threshold = 300 (default)
2019-10-01 20:48:29,352 [pool-227-thread-1] INFO  impl.RaftServerImpl (RaftServerImpl.java:<init>(95)) - 364d6562-bb48-4b36-aaf0-ec4292e9bf14: new RaftServerImpl for group-3D723BC38E81:[364d6562-bb48-4b36-aaf0-ec4292e9bf14:192.168.5.177:35815, 5eae8d89-2554-4fd6-97cf-239256c32a64:192.168.5.177:39912, 8d0405c5-db0d-40fd-a5c9-fcc8c0c78ea9:192.168.5.177:44527] with ContainerStateMachine:uninitialized
2019-10-01 20:48:29,352 [pool-207-thread-1] INFO  server.RaftServerConfigKeys (ConfUtils.java:logGet(43)) - raft.server.log.appender.install.snapshot.enabled = false (custom)
2019-10-01 20:48:29,352 [pool-227-thread-1] INFO  server.RaftServerConfigKeys (ConfUtils.java:logGet(43)) - raft.server.rpc.timeout.min = 5s (custom)
2019-10-01 20:48:29,352 [pool-207-thread-1] INFO  impl.RaftServerImpl (ServerState.java:<init>(103)) - 8d0405c5-db0d-40fd-a5c9-fcc8c0c78ea9@group-3D723BC38E81: ConfigurationManager, init=-1: [364d6562-bb48-4b36-aaf0-ec4292e9bf14:192.168.5.177:35815, 5eae8d89-2554-4fd6-97cf-239256c32a64:192.168.5.177:39912, 8d0405c5-db0d-40fd-a5c9-fcc8c0c78ea9:192.168.5.177:44527], old=null, confs=<EMPTY_MAP>
2019-10-01 20:48:29,352 [pool-227-thread-1] INFO  server.RaftServerConfigKeys (ConfUtils.java:logGet(43)) - raft.server.rpc.timeout.max = 5200ms (custom)
2019-10-01 20:48:29,352 [pool-207-thread-1] INFO  server.RaftServerConfigKeys (ConfUtils.java:logGet(43)) - raft.server.storage.dir = [/workdir/hadoop-ozone/integration-test/target/test-dir/MiniOzoneClusterImpl-938fedde-e8cb-4965-8e7f-34791526160a/datanode-0/data/ratis] (custom)
2019-10-01 20:48:29,352 [pool-217-thread-1] INFO  impl.RaftServerImpl (RaftServerImpl.java:<init>(95)) - 5eae8d89-2554-4fd6-97cf-239256c32a64: new RaftServerImpl for group-3D723BC38E81:[364d6562-bb48-4b36-aaf0-ec4292e9bf14:192.168.5.177:35815, 5eae8d89-2554-4fd6-97cf-239256c32a64:192.168.5.177:39912, 8d0405c5-db0d-40fd-a5c9-fcc8c0c78ea9:192.168.5.177:44527] with ContainerStateMachine:uninitialized
2019-10-01 20:48:29,353 [pool-207-thread-1] INFO  server.RaftServerConfigKeys (ConfUtils.java:logGet(43)) - raft.server.log.corruption.policy = EXCEPTION (default)
2019-10-01 20:48:29,352 [pool-227-thread-1] INFO  server.RaftServerConfigKeys (ConfUtils.java:logGet(43)) - raft.server.rpcslowness.timeout = 120s (custom)
2019-10-01 20:48:29,353 [pool-207-thread-1] INFO  storage.RaftStorageDirectory (RaftStorageDirectory.java:analyzeStorage(246)) - The storage directory /workdir/hadoop-ozone/integration-test/target/test-dir/MiniOzoneClusterImpl-938fedde-e8cb-4965-8e7f-34791526160a/datanode-0/data/ratis/5c8f89d5-4903-4aaa-9c4e-3d723bc38e81 does not exist. Creating ...
2019-10-01 20:48:29,353 [pool-217-thread-1] INFO  server.RaftServerConfigKeys (ConfUtils.java:logGet(43)) - raft.server.rpc.timeout.min = 5s (custom)
2019-10-01 20:48:29,353 [IPC Server handler 1 on 41207] INFO  net.NetworkTopology (NetworkTopologyImpl.java:add(111)) - Added a new node: /default-rack/fc3d8bb3-289a-4ce5-8467-859ccdd31fdc
2019-10-01 20:48:29,353 [pool-227-thread-1] INFO  server.RaftServerConfigKeys (ConfUtils.java:logGet(43)) - raft.server.sleep.deviation.threshold = 300 (default)
2019-10-01 20:48:29,353 [IPC Server handler 1 on 41207] INFO  node.SCMNodeManager (SCMNodeManager.java:register(266)) - Registered Data node : fc3d8bb3-289a-4ce5-8467-859ccdd31fdc{ip: 192.168.5.177, host: pr-hdds-2213-2l6tc-3189445122, networkLocation: /default-rack, certSerialId: null}
2019-10-01 20:48:29,353 [pool-217-thread-1] INFO  server.RaftServerConfigKeys (ConfUtils.java:logGet(43)) - raft.server.rpc.timeout.max = 5200ms (custom)
2019-10-01 20:48:29,354 [pool-227-thread-1] INFO  server.RaftServerConfigKeys (ConfUtils.java:logGet(43)) - raft.server.log.appender.install.snapshot.enabled = false (custom)
2019-10-01 20:48:29,354 [pool-217-thread-1] INFO  server.RaftServerConfigKeys (ConfUtils.java:logGet(43)) - raft.server.rpcslowness.timeout = 120s (custom)
2019-10-01 20:48:29,354 [pool-227-thread-1] INFO  impl.RaftServerImpl (ServerState.java:<init>(103)) - 364d6562-bb48-4b36-aaf0-ec4292e9bf14@group-3D723BC38E81: ConfigurationManager, init=-1: [364d6562-bb48-4b36-aaf0-ec4292e9bf14:192.168.5.177:35815, 5eae8d89-2554-4fd6-97cf-239256c32a64:192.168.5.177:39912, 8d0405c5-db0d-40fd-a5c9-fcc8c0c78ea9:192.168.5.177:44527], old=null, confs=<EMPTY_MAP>
2019-10-01 20:48:29,354 [pool-217-thread-1] INFO  server.RaftServerConfigKeys (ConfUtils.java:logGet(43)) - raft.server.sleep.deviation.threshold = 300 (default)
2019-10-01 20:48:29,354 [pool-227-thread-1] INFO  server.RaftServerConfigKeys (ConfUtils.java:logGet(43)) - raft.server.storage.dir = [/workdir/hadoop-ozone/integration-test/target/test-dir/MiniOzoneClusterImpl-938fedde-e8cb-4965-8e7f-34791526160a/datanode-2/data/ratis] (custom)
2019-10-01 20:48:29,355 [pool-217-thread-1] INFO  server.RaftServerConfigKeys (ConfUtils.java:logGet(43)) - raft.server.log.appender.install.snapshot.enabled = false (custom)
2019-10-01 20:48:29,355 [pool-227-thread-1] INFO  server.RaftServerConfigKeys (ConfUtils.java:logGet(43)) - raft.server.log.corruption.policy = EXCEPTION (default)
2019-10-01 20:48:29,355 [pool-217-thread-1] INFO  impl.RaftServerImpl (ServerState.java:<init>(103)) - 5eae8d89-2554-4fd6-97cf-239256c32a64@group-3D723BC38E81: ConfigurationManager, init=-1: [364d6562-bb48-4b36-aaf0-ec4292e9bf14:192.168.5.177:35815, 5eae8d89-2554-4fd6-97cf-239256c32a64:192.168.5.177:39912, 8d0405c5-db0d-40fd-a5c9-fcc8c0c78ea9:192.168.5.177:44527], old=null, confs=<EMPTY_MAP>
2019-10-01 20:48:29,355 [pool-227-thread-1] INFO  storage.RaftStorageDirectory (RaftStorageDirectory.java:analyzeStorage(246)) - The storage directory /workdir/hadoop-ozone/integration-test/target/test-dir/MiniOzoneClusterImpl-938fedde-e8cb-4965-8e7f-34791526160a/datanode-2/data/ratis/5c8f89d5-4903-4aaa-9c4e-3d723bc38e81 does not exist. Creating ...
2019-10-01 20:48:29,355 [pool-217-thread-1] INFO  server.RaftServerConfigKeys (ConfUtils.java:logGet(43)) - raft.server.storage.dir = [/workdir/hadoop-ozone/integration-test/target/test-dir/MiniOzoneClusterImpl-938fedde-e8cb-4965-8e7f-34791526160a/datanode-1/data/ratis] (custom)
2019-10-01 20:48:29,356 [pool-217-thread-1] INFO  server.RaftServerConfigKeys (ConfUtils.java:logGet(43)) - raft.server.log.corruption.policy = EXCEPTION (default)
2019-10-01 20:48:29,356 [pool-217-thread-1] INFO  storage.RaftStorageDirectory (RaftStorageDirectory.java:analyzeStorage(246)) - The storage directory /workdir/hadoop-ozone/integration-test/target/test-dir/MiniOzoneClusterImpl-938fedde-e8cb-4965-8e7f-34791526160a/datanode-1/data/ratis/5c8f89d5-4903-4aaa-9c4e-3d723bc38e81 does not exist. Creating ...
2019-10-01 20:48:29,366 [pool-227-thread-1] INFO  storage.RaftStorageDirectory (RaftStorageDirectory.java:tryLock(328)) - Lock on /workdir/hadoop-ozone/integration-test/target/test-dir/MiniOzoneClusterImpl-938fedde-e8cb-4965-8e7f-34791526160a/datanode-2/data/ratis/5c8f89d5-4903-4aaa-9c4e-3d723bc38e81/in_use.lock acquired by nodename 23198@pr-hdds-2213-2l6tc-3189445122
2019-10-01 20:48:29,366 [pool-217-thread-1] INFO  storage.RaftStorageDirectory (RaftStorageDirectory.java:tryLock(328)) - Lock on /workdir/hadoop-ozone/integration-test/target/test-dir/MiniOzoneClusterImpl-938fedde-e8cb-4965-8e7f-34791526160a/datanode-1/data/ratis/5c8f89d5-4903-4aaa-9c4e-3d723bc38e81/in_use.lock acquired by nodename 23198@pr-hdds-2213-2l6tc-3189445122
2019-10-01 20:48:29,366 [pool-207-thread-1] INFO  storage.RaftStorageDirectory (RaftStorageDirectory.java:tryLock(328)) - Lock on /workdir/hadoop-ozone/integration-test/target/test-dir/MiniOzoneClusterImpl-938fedde-e8cb-4965-8e7f-34791526160a/datanode-0/data/ratis/5c8f89d5-4903-4aaa-9c4e-3d723bc38e81/in_use.lock acquired by nodename 23198@pr-hdds-2213-2l6tc-3189445122
2019-10-01 20:48:29,379 [pool-207-thread-1] INFO  storage.RaftStorage (RaftStorage.java:format(84)) - Storage directory /workdir/hadoop-ozone/integration-test/target/test-dir/MiniOzoneClusterImpl-938fedde-e8cb-4965-8e7f-34791526160a/datanode-0/data/ratis/5c8f89d5-4903-4aaa-9c4e-3d723bc38e81 has been successfully formatted.
2019-10-01 20:48:29,379 [pool-217-thread-1] INFO  storage.RaftStorage (RaftStorage.java:format(84)) - Storage directory /workdir/hadoop-ozone/integration-test/target/test-dir/MiniOzoneClusterImpl-938fedde-e8cb-4965-8e7f-34791526160a/datanode-1/data/ratis/5c8f89d5-4903-4aaa-9c4e-3d723bc38e81 has been successfully formatted.
2019-10-01 20:48:29,379 [pool-227-thread-1] INFO  storage.RaftStorage (RaftStorage.java:format(84)) - Storage directory /workdir/hadoop-ozone/integration-test/target/test-dir/MiniOzoneClusterImpl-938fedde-e8cb-4965-8e7f-34791526160a/datanode-2/data/ratis/5c8f89d5-4903-4aaa-9c4e-3d723bc38e81 has been successfully formatted.
2019-10-01 20:48:29,380 [pool-217-thread-1] INFO  ratis.ContainerStateMachine (ContainerStateMachine.java:loadSnapshot(230)) - group-3D723BC38E81: The snapshot info is null. Setting the last applied indexto:(t:0, i:~)
2019-10-01 20:48:29,380 [pool-227-thread-1] INFO  ratis.ContainerStateMachine (ContainerStateMachine.java:loadSnapshot(230)) - group-3D723BC38E81: The snapshot info is null. Setting the last applied indexto:(t:0, i:~)
2019-10-01 20:48:29,380 [pool-217-thread-1] INFO  server.RaftServerConfigKeys (ConfUtils.java:logGet(43)) - raft.server.notification.no-leader.timeout = 120s (custom)
2019-10-01 20:48:29,380 [pool-227-thread-1] INFO  server.RaftServerConfigKeys (ConfUtils.java:logGet(43)) - raft.server.notification.no-leader.timeout = 120s (custom)
2019-10-01 20:48:29,380 [pool-207-thread-1] INFO  ratis.ContainerStateMachine (ContainerStateMachine.java:loadSnapshot(230)) - group-3D723BC38E81: The snapshot info is null. Setting the last applied indexto:(t:0, i:~)
2019-10-01 20:48:29,380 [pool-217-thread-1] INFO  server.RaftServerConfigKeys (ConfUtils.java:logGet(43)) - raft.server.log.use.memory = false (default)
2019-10-01 20:48:29,381 [pool-207-thread-1] INFO  server.RaftServerConfigKeys (ConfUtils.java:logGet(43)) - raft.server.notification.no-leader.timeout = 120s (custom)
2019-10-01 20:48:29,381 [pool-207-thread-1] INFO  server.RaftServerConfigKeys (ConfUtils.java:logGet(43)) - raft.server.log.use.memory = false (default)
2019-10-01 20:48:29,381 [pool-227-thread-1] INFO  server.RaftServerConfigKeys (ConfUtils.java:logGet(43)) - raft.server.log.use.memory = false (default)
2019-10-01 20:48:29,381 [pool-207-thread-1] INFO  server.RaftServerConfigKeys (ConfUtils.java:logGet(43)) - raft.server.log.purge.gap = 1000000 (custom)
2019-10-01 20:48:29,381 [pool-217-thread-1] INFO  server.RaftServerConfigKeys (ConfUtils.java:logGet(43)) - raft.server.log.purge.gap = 1000000 (custom)
2019-10-01 20:48:29,382 [pool-207-thread-1] INFO  server.RaftServerConfigKeys (ConfUtils.java:logGet(43)) - raft.server.log.appender.buffer.byte-limit = 33554432 (custom)
2019-10-01 20:48:29,381 [pool-227-thread-1] INFO  server.RaftServerConfigKeys (ConfUtils.java:logGet(43)) - raft.server.log.purge.gap = 1000000 (custom)
2019-10-01 20:48:29,382 [pool-207-thread-1] INFO  server.RaftServerConfigKeys (ConfUtils.java:logGet(43)) - raft.server.log.segment.size.max = 1048576 (custom)
2019-10-01 20:48:29,382 [pool-217-thread-1] INFO  server.RaftServerConfigKeys (ConfUtils.java:logGet(43)) - raft.server.log.appender.buffer.byte-limit = 33554432 (custom)
2019-10-01 20:48:29,382 [pool-207-thread-1] INFO  server.RaftServerConfigKeys (ConfUtils.java:logGet(43)) - raft.server.log.segment.cache.num.max = 2 (custom)
2019-10-01 20:48:29,382 [pool-227-thread-1] INFO  server.RaftServerConfigKeys (ConfUtils.java:logGet(43)) - raft.server.log.appender.buffer.byte-limit = 33554432 (custom)
2019-10-01 20:48:29,382 [pool-207-thread-1] INFO  segmented.SegmentedRaftLogWorker (SegmentedRaftLogWorker.java:<init>(173)) - new 8d0405c5-db0d-40fd-a5c9-fcc8c0c78ea9@group-3D723BC38E81-SegmentedRaftLogWorker for RaftStorage:Storage Directory /workdir/hadoop-ozone/integration-test/target/test-dir/MiniOzoneClusterImpl-938fedde-e8cb-4965-8e7f-34791526160a/datanode-0/data/ratis/5c8f89d5-4903-4aaa-9c4e-3d723bc38e81
2019-10-01 20:48:29,382 [pool-217-thread-1] INFO  server.RaftServerConfigKeys (ConfUtils.java:logGet(43)) - raft.server.log.segment.size.max = 1048576 (custom)
2019-10-01 20:48:29,383 [pool-207-thread-1] INFO  server.RaftServerConfigKeys (ConfUtils.java:logGet(43)) - raft.server.log.queue.byte-limit = 2147483647 (custom)
2019-10-01 20:48:29,383 [pool-227-thread-1] INFO  server.RaftServerConfigKeys (ConfUtils.java:logGet(43)) - raft.server.log.segment.size.max = 1048576 (custom)
2019-10-01 20:48:29,383 [pool-207-thread-1] INFO  server.RaftServerConfigKeys (ConfUtils.java:logGet(43)) - raft.server.log.queue.element-limit = 1024 (custom)
2019-10-01 20:48:29,383 [pool-217-thread-1] INFO  server.RaftServerConfigKeys (ConfUtils.java:logGet(43)) - raft.server.log.segment.cache.num.max = 2 (custom)
2019-10-01 20:48:29,383 [pool-207-thread-1] INFO  server.RaftServerConfigKeys (ConfUtils.java:logGet(43)) - raft.server.log.segment.size.max = 1048576 (custom)
2019-10-01 20:48:29,383 [pool-227-thread-1] INFO  server.RaftServerConfigKeys (ConfUtils.java:logGet(43)) - raft.server.log.segment.cache.num.max = 2 (custom)
2019-10-01 20:48:29,384 [pool-207-thread-1] INFO  server.RaftServerConfigKeys (ConfUtils.java:logGet(43)) - raft.server.log.preallocated.size = 16384 (custom)
2019-10-01 20:48:29,384 [pool-207-thread-1] INFO  server.RaftServerConfigKeys (ConfUtils.java:logGet(43)) - raft.server.log.write.buffer.size = 33554432 (custom)
2019-10-01 20:48:29,384 [pool-217-thread-1] INFO  segmented.SegmentedRaftLogWorker (SegmentedRaftLogWorker.java:<init>(173)) - new 5eae8d89-2554-4fd6-97cf-239256c32a64@group-3D723BC38E81-SegmentedRaftLogWorker for RaftStorage:Storage Directory /workdir/hadoop-ozone/integration-test/target/test-dir/MiniOzoneClusterImpl-938fedde-e8cb-4965-8e7f-34791526160a/datanode-1/data/ratis/5c8f89d5-4903-4aaa-9c4e-3d723bc38e81
2019-10-01 20:48:29,384 [pool-207-thread-1] INFO  server.RaftServerConfigKeys (ConfUtils.java:logGet(43)) - raft.server.log.force.sync.num = 128 (default)
2019-10-01 20:48:29,384 [pool-227-thread-1] INFO  segmented.SegmentedRaftLogWorker (SegmentedRaftLogWorker.java:<init>(173)) - new 364d6562-bb48-4b36-aaf0-ec4292e9bf14@group-3D723BC38E81-SegmentedRaftLogWorker for RaftStorage:Storage Directory /workdir/hadoop-ozone/integration-test/target/test-dir/MiniOzoneClusterImpl-938fedde-e8cb-4965-8e7f-34791526160a/datanode-2/data/ratis/5c8f89d5-4903-4aaa-9c4e-3d723bc38e81
2019-10-01 20:48:29,384 [pool-207-thread-1] INFO  server.RaftServerConfigKeys (ConfUtils.java:logGet(43)) - raft.server.log.statemachine.data.sync = true (default)
2019-10-01 20:48:29,384 [pool-217-thread-1] INFO  server.RaftServerConfigKeys (ConfUtils.java:logGet(43)) - raft.server.log.queue.byte-limit = 2147483647 (custom)
2019-10-01 20:48:29,385 [pool-207-thread-1] INFO  server.RaftServerConfigKeys (ConfUtils.java:logGet(43)) - raft.server.log.statemachine.data.sync.timeout = 10s (default)
2019-10-01 20:48:29,385 [pool-207-thread-1] INFO  server.RaftServerConfigKeys (ConfUtils.java:logGet(43)) - raft.server.log.statemachine.data.sync.timeout.retry = -1 (default)
2019-10-01 20:48:29,385 [pool-227-thread-1] INFO  server.RaftServerConfigKeys (ConfUtils.java:logGet(43)) - raft.server.log.queue.byte-limit = 2147483647 (custom)
2019-10-01 20:48:29,385 [pool-207-thread-1] INFO  server.RaftServerConfigKeys (ConfUtils.java:logGet(43)) - raft.server.log.statemachine.data.caching.enabled = true (custom)
2019-10-01 20:48:29,385 [pool-217-thread-1] INFO  server.RaftServerConfigKeys (ConfUtils.java:logGet(43)) - raft.server.log.queue.element-limit = 1024 (custom)
2019-10-01 20:48:29,386 [pool-207-thread-1] INFO  segmented.SegmentedRaftLogWorker (SegmentedRaftLogWorker.java:lambda$new$0(128)) - 8d0405c5-db0d-40fd-a5c9-fcc8c0c78ea9@group-3D723BC38E81-SegmentedRaftLogWorker: flushIndex: setUnconditionally 0 -> -1
2019-10-01 20:48:29,386 [pool-217-thread-1] INFO  server.RaftServerConfigKeys (ConfUtils.java:logGet(43)) - raft.server.log.segment.size.max = 1048576 (custom)
2019-10-01 20:48:29,386 [pool-217-thread-1] INFO  server.RaftServerConfigKeys (ConfUtils.java:logGet(43)) - raft.server.log.preallocated.size = 16384 (custom)
2019-10-01 20:48:29,385 [pool-227-thread-1] INFO  server.RaftServerConfigKeys (ConfUtils.java:logGet(43)) - raft.server.log.queue.element-limit = 1024 (custom)
2019-10-01 20:48:29,386 [pool-217-thread-1] INFO  server.RaftServerConfigKeys (ConfUtils.java:logGet(43)) - raft.server.log.write.buffer.size = 33554432 (custom)
2019-10-01 20:48:29,386 [pool-207-thread-1] INFO  server.RaftServerConfigKeys (ConfUtils.java:logGet(43)) - raft.server.snapshot.auto.trigger.enabled = true (custom)
2019-10-01 20:48:29,387 [pool-217-thread-1] INFO  server.RaftServerConfigKeys (ConfUtils.java:logGet(43)) - raft.server.log.force.sync.num = 128 (default)
2019-10-01 20:48:29,387 [pool-217-thread-1] INFO  server.RaftServerConfigKeys (ConfUtils.java:logGet(43)) - raft.server.log.statemachine.data.sync = true (default)
2019-10-01 20:48:29,386 [pool-227-thread-1] INFO  server.RaftServerConfigKeys (ConfUtils.java:logGet(43)) - raft.server.log.segment.size.max = 1048576 (custom)
2019-10-01 20:48:29,387 [pool-217-thread-1] INFO  server.RaftServerConfigKeys (ConfUtils.java:logGet(43)) - raft.server.log.statemachine.data.sync.timeout = 10s (default)
2019-10-01 20:48:29,387 [pool-207-thread-1] INFO  server.RaftServerConfigKeys (ConfUtils.java:logGet(43)) - raft.server.snapshot.auto.trigger.threshold = 10000 (custom)
2019-10-01 20:48:29,387 [pool-217-thread-1] INFO  server.RaftServerConfigKeys (ConfUtils.java:logGet(43)) - raft.server.log.statemachine.data.sync.timeout.retry = -1 (default)
2019-10-01 20:48:29,387 [pool-227-thread-1] INFO  server.RaftServerConfigKeys (ConfUtils.java:logGet(43)) - raft.server.log.preallocated.size = 16384 (custom)
2019-10-01 20:48:29,388 [pool-217-thread-1] INFO  server.RaftServerConfigKeys (ConfUtils.java:logGet(43)) - raft.server.log.statemachine.data.caching.enabled = true (custom)
2019-10-01 20:48:29,387 [pool-207-thread-1] INFO  server.RaftServerConfigKeys (ConfUtils.java:logGet(43)) - raft.server.snapshot.retention.file.num = 5 (custom)
2019-10-01 20:48:29,388 [pool-227-thread-1] INFO  server.RaftServerConfigKeys (ConfUtils.java:logGet(43)) - raft.server.log.write.buffer.size = 33554432 (custom)
2019-10-01 20:48:29,388 [pool-217-thread-1] INFO  segmented.SegmentedRaftLogWorker (SegmentedRaftLogWorker.java:lambda$new$0(128)) - 5eae8d89-2554-4fd6-97cf-239256c32a64@group-3D723BC38E81-SegmentedRaftLogWorker: flushIndex: setUnconditionally 0 -> -1
2019-10-01 20:48:29,388 [pool-207-thread-1] INFO  server.RaftServerConfigKeys (ConfUtils.java:logGet(43)) - raft.server.retrycache.expirytime = 600000ms (custom)
2019-10-01 20:48:29,388 [pool-227-thread-1] INFO  server.RaftServerConfigKeys (ConfUtils.java:logGet(43)) - raft.server.log.force.sync.num = 128 (default)
2019-10-01 20:48:29,389 [pool-217-thread-1] INFO  server.RaftServerConfigKeys (ConfUtils.java:logGet(43)) - raft.server.snapshot.auto.trigger.enabled = true (custom)
2019-10-01 20:48:29,389 [pool-227-thread-1] INFO  server.RaftServerConfigKeys (ConfUtils.java:logGet(43)) - raft.server.log.statemachine.data.sync = true (default)
2019-10-01 20:48:29,389 [pool-217-thread-1] INFO  server.RaftServerConfigKeys (ConfUtils.java:logGet(43)) - raft.server.snapshot.auto.trigger.threshold = 10000 (custom)
2019-10-01 20:48:29,389 [pool-227-thread-1] INFO  server.RaftServerConfigKeys (ConfUtils.java:logGet(43)) - raft.server.log.statemachine.data.sync.timeout = 10s (default)
2019-10-01 20:48:29,389 [pool-217-thread-1] INFO  server.RaftServerConfigKeys (ConfUtils.java:logGet(43)) - raft.server.snapshot.retention.file.num = 5 (custom)
2019-10-01 20:48:29,389 [pool-227-thread-1] INFO  server.RaftServerConfigKeys (ConfUtils.java:logGet(43)) - raft.server.log.statemachine.data.sync.timeout.retry = -1 (default)
2019-10-01 20:48:29,389 [pool-217-thread-1] INFO  server.RaftServerConfigKeys (ConfUtils.java:logGet(43)) - raft.server.retrycache.expirytime = 600000ms (custom)
2019-10-01 20:48:29,390 [pool-227-thread-1] INFO  server.RaftServerConfigKeys (ConfUtils.java:logGet(43)) - raft.server.log.statemachine.data.caching.enabled = true (custom)
2019-10-01 20:48:29,390 [pool-227-thread-1] INFO  segmented.SegmentedRaftLogWorker (SegmentedRaftLogWorker.java:lambda$new$0(128)) - 364d6562-bb48-4b36-aaf0-ec4292e9bf14@group-3D723BC38E81-SegmentedRaftLogWorker: flushIndex: setUnconditionally 0 -> -1
2019-10-01 20:48:29,390 [pool-227-thread-1] INFO  server.RaftServerConfigKeys (ConfUtils.java:logGet(43)) - raft.server.snapshot.auto.trigger.enabled = true (custom)
2019-10-01 20:48:29,390 [pool-207-thread-1] INFO  impl.RaftServerImpl (RaftServerImpl.java:start(181)) - 8d0405c5-db0d-40fd-a5c9-fcc8c0c78ea9@group-3D723BC38E81: start as a follower, conf=-1: [364d6562-bb48-4b36-aaf0-ec4292e9bf14:192.168.5.177:35815, 5eae8d89-2554-4fd6-97cf-239256c32a64:192.168.5.177:39912, 8d0405c5-db0d-40fd-a5c9-fcc8c0c78ea9:192.168.5.177:44527], old=null
2019-10-01 20:48:29,391 [pool-227-thread-1] INFO  server.RaftServerConfigKeys (ConfUtils.java:logGet(43)) - raft.server.snapshot.auto.trigger.threshold = 10000 (custom)
2019-10-01 20:48:29,391 [pool-207-thread-1] INFO  impl.RaftServerImpl (RaftServerImpl.java:setRole(170)) - 8d0405c5-db0d-40fd-a5c9-fcc8c0c78ea9@group-3D723BC38E81: changes role from      null to FOLLOWER at term 0 for startAsFollower
2019-10-01 20:48:29,391 [pool-227-thread-1] INFO  server.RaftServerConfigKeys (ConfUtils.java:logGet(43)) - raft.server.snapshot.retention.file.num = 5 (custom)
2019-10-01 20:48:29,391 [pool-207-thread-1] INFO  impl.RoleInfo (RoleInfo.java:updateAndGet(143)) - 8d0405c5-db0d-40fd-a5c9-fcc8c0c78ea9: start FollowerState
2019-10-01 20:48:29,391 [pool-227-thread-1] INFO  server.RaftServerConfigKeys (ConfUtils.java:logGet(43)) - raft.server.retrycache.expirytime = 600000ms (custom)
2019-10-01 20:48:29,391 [pool-207-thread-1] INFO  util.JmxRegister (JmxRegister.java:tryRegister(44)) - Successfully registered JMX Bean with object name Ratis:service=RaftServer,group=group-3D723BC38E81,id=8d0405c5-db0d-40fd-a5c9-fcc8c0c78ea9
2019-10-01 20:48:29,392 [pool-217-thread-1] INFO  impl.RaftServerImpl (RaftServerImpl.java:start(181)) - 5eae8d89-2554-4fd6-97cf-239256c32a64@group-3D723BC38E81: start as a follower, conf=-1: [364d6562-bb48-4b36-aaf0-ec4292e9bf14:192.168.5.177:35815, 5eae8d89-2554-4fd6-97cf-239256c32a64:192.168.5.177:39912, 8d0405c5-db0d-40fd-a5c9-fcc8c0c78ea9:192.168.5.177:44527], old=null
2019-10-01 20:48:29,392 [pool-217-thread-1] INFO  impl.RaftServerImpl (RaftServerImpl.java:setRole(170)) - 5eae8d89-2554-4fd6-97cf-239256c32a64@group-3D723BC38E81: changes role from      null to FOLLOWER at term 0 for startAsFollower
2019-10-01 20:48:29,392 [pool-217-thread-1] INFO  impl.RoleInfo (RoleInfo.java:updateAndGet(143)) - 5eae8d89-2554-4fd6-97cf-239256c32a64: start FollowerState
2019-10-01 20:48:29,393 [pool-217-thread-1] INFO  util.JmxRegister (JmxRegister.java:tryRegister(44)) - Successfully registered JMX Bean with object name Ratis:service=RaftServer,group=group-3D723BC38E81,id=5eae8d89-2554-4fd6-97cf-239256c32a64
2019-10-01 20:48:29,394 [pool-227-thread-1] INFO  impl.RaftServerImpl (RaftServerImpl.java:start(181)) - 364d6562-bb48-4b36-aaf0-ec4292e9bf14@group-3D723BC38E81: start as a follower, conf=-1: [364d6562-bb48-4b36-aaf0-ec4292e9bf14:192.168.5.177:35815, 5eae8d89-2554-4fd6-97cf-239256c32a64:192.168.5.177:39912, 8d0405c5-db0d-40fd-a5c9-fcc8c0c78ea9:192.168.5.177:44527], old=null
2019-10-01 20:48:29,394 [pool-227-thread-1] INFO  impl.RaftServerImpl (RaftServerImpl.java:setRole(170)) - 364d6562-bb48-4b36-aaf0-ec4292e9bf14@group-3D723BC38E81: changes role from      null to FOLLOWER at term 0 for startAsFollower
2019-10-01 20:48:29,395 [pool-227-thread-1] INFO  impl.RoleInfo (RoleInfo.java:updateAndGet(143)) - 364d6562-bb48-4b36-aaf0-ec4292e9bf14: start FollowerState
2019-10-01 20:48:29,395 [pool-227-thread-1] INFO  util.JmxRegister (JmxRegister.java:tryRegister(44)) - Successfully registered JMX Bean with object name Ratis:service=RaftServer,group=group-3D723BC38E81,id=364d6562-bb48-4b36-aaf0-ec4292e9bf14
2019-10-01 20:48:29,400 [RatisPipelineUtilsThread] INFO  pipeline.PipelineStateManager (PipelineStateManager.java:addPipeline(56)) - Created pipeline Pipeline[ Id: 5c8f89d5-4903-4aaa-9c4e-3d723bc38e81, Nodes: 8d0405c5-db0d-40fd-a5c9-fcc8c0c78ea9{ip: 192.168.5.177, host: pr-hdds-2213-2l6tc-3189445122, networkLocation: /default-rack, certSerialId: null}364d6562-bb48-4b36-aaf0-ec4292e9bf14{ip: 192.168.5.177, host: pr-hdds-2213-2l6tc-3189445122, networkLocation: /default-rack, certSerialId: null}5eae8d89-2554-4fd6-97cf-239256c32a64{ip: 192.168.5.177, host: pr-hdds-2213-2l6tc-3189445122, networkLocation: /default-rack, certSerialId: null}, Type:RATIS, Factor:THREE, State:OPEN]
2019-10-01 20:48:29,444 [IPC Server handler 7 on 41207] INFO  net.NetworkTopology (NetworkTopologyImpl.java:add(111)) - Added a new node: /default-rack/ca11c19a-ce2a-40c8-9f7e-085bb4a2be2c
2019-10-01 20:48:29,445 [IPC Server handler 7 on 41207] INFO  node.SCMNodeManager (SCMNodeManager.java:register(266)) - Registered Data node : ca11c19a-ce2a-40c8-9f7e-085bb4a2be2c{ip: 192.168.5.177, host: pr-hdds-2213-2l6tc-3189445122, networkLocation: /default-rack, certSerialId: null}
2019-10-01 20:48:29,453 [grpc-default-executor-8] INFO  impl.RaftServerProxy (RaftServerProxy.java:addNew(89)) - ca11c19a-ce2a-40c8-9f7e-085bb4a2be2c: addNew group-764B5F3A0708:[ca11c19a-ce2a-40c8-9f7e-085bb4a2be2c:192.168.5.177:40588] returns group-764B5F3A0708:java.util.concurrent.CompletableFuture@311affda[Not completed]
2019-10-01 20:48:29,456 [pool-247-thread-1] INFO  impl.RaftServerImpl (RaftServerImpl.java:<init>(95)) - ca11c19a-ce2a-40c8-9f7e-085bb4a2be2c: new RaftServerImpl for group-764B5F3A0708:[ca11c19a-ce2a-40c8-9f7e-085bb4a2be2c:192.168.5.177:40588] with ContainerStateMachine:uninitialized
2019-10-01 20:48:29,457 [pool-247-thread-1] INFO  server.RaftServerConfigKeys (ConfUtils.java:logGet(43)) - raft.server.rpc.timeout.min = 5s (custom)
2019-10-01 20:48:29,457 [pool-247-thread-1] INFO  server.RaftServerConfigKeys (ConfUtils.java:logGet(43)) - raft.server.rpc.timeout.max = 5200ms (custom)
2019-10-01 20:48:29,457 [pool-247-thread-1] INFO  server.RaftServerConfigKeys (ConfUtils.java:logGet(43)) - raft.server.rpcslowness.timeout = 120s (custom)
2019-10-01 20:48:29,457 [pool-247-thread-1] INFO  server.RaftServerConfigKeys (ConfUtils.java:logGet(43)) - raft.server.sleep.deviation.threshold = 300 (default)
2019-10-01 20:48:29,457 [pool-247-thread-1] INFO  server.RaftServerConfigKeys (ConfUtils.java:logGet(43)) - raft.server.log.appender.install.snapshot.enabled = false (custom)
2019-10-01 20:48:29,457 [pool-247-thread-1] INFO  impl.RaftServerImpl (ServerState.java:<init>(103)) - ca11c19a-ce2a-40c8-9f7e-085bb4a2be2c@group-764B5F3A0708: ConfigurationManager, init=-1: [ca11c19a-ce2a-40c8-9f7e-085bb4a2be2c:192.168.5.177:40588], old=null, confs=<EMPTY_MAP>
2019-10-01 20:48:29,458 [pool-247-thread-1] INFO  server.RaftServerConfigKeys (ConfUtils.java:logGet(43)) - raft.server.storage.dir = [/workdir/hadoop-ozone/integration-test/target/test-dir/MiniOzoneClusterImpl-938fedde-e8cb-4965-8e7f-34791526160a/datanode-4/data/ratis] (custom)
2019-10-01 20:48:29,458 [pool-247-thread-1] INFO  server.RaftServerConfigKeys (ConfUtils.java:logGet(43)) - raft.server.log.corruption.policy = EXCEPTION (default)
2019-10-01 20:48:29,458 [pool-247-thread-1] INFO  storage.RaftStorageDirectory (RaftStorageDirectory.java:analyzeStorage(246)) - The storage directory /workdir/hadoop-ozone/integration-test/target/test-dir/MiniOzoneClusterImpl-938fedde-e8cb-4965-8e7f-34791526160a/datanode-4/data/ratis/a6f07390-07c8-4274-968a-764b5f3a0708 does not exist. Creating ...
2019-10-01 20:48:29,486 [pool-247-thread-1] INFO  storage.RaftStorageDirectory (RaftStorageDirectory.java:tryLock(328)) - Lock on /workdir/hadoop-ozone/integration-test/target/test-dir/MiniOzoneClusterImpl-938fedde-e8cb-4965-8e7f-34791526160a/datanode-4/data/ratis/a6f07390-07c8-4274-968a-764b5f3a0708/in_use.lock acquired by nodename 23198@pr-hdds-2213-2l6tc-3189445122
2019-10-01 20:48:29,499 [pool-247-thread-1] INFO  storage.RaftStorage (RaftStorage.java:format(84)) - Storage directory /workdir/hadoop-ozone/integration-test/target/test-dir/MiniOzoneClusterImpl-938fedde-e8cb-4965-8e7f-34791526160a/datanode-4/data/ratis/a6f07390-07c8-4274-968a-764b5f3a0708 has been successfully formatted.
2019-10-01 20:48:29,499 [pool-247-thread-1] INFO  ratis.ContainerStateMachine (ContainerStateMachine.java:loadSnapshot(230)) - group-764B5F3A0708: The snapshot info is null. Setting the last applied indexto:(t:0, i:~)
2019-10-01 20:48:29,500 [pool-247-thread-1] INFO  server.RaftServerConfigKeys (ConfUtils.java:logGet(43)) - raft.server.notification.no-leader.timeout = 120s (custom)
2019-10-01 20:48:29,500 [pool-247-thread-1] INFO  server.RaftServerConfigKeys (ConfUtils.java:logGet(43)) - raft.server.log.use.memory = false (default)
2019-10-01 20:48:29,500 [pool-247-thread-1] INFO  server.RaftServerConfigKeys (ConfUtils.java:logGet(43)) - raft.server.log.purge.gap = 1000000 (custom)
2019-10-01 20:48:29,500 [pool-247-thread-1] INFO  server.RaftServerConfigKeys (ConfUtils.java:logGet(43)) - raft.server.log.appender.buffer.byte-limit = 33554432 (custom)
2019-10-01 20:48:29,500 [pool-247-thread-1] INFO  server.RaftServerConfigKeys (ConfUtils.java:logGet(43)) - raft.server.log.segment.size.max = 1048576 (custom)
2019-10-01 20:48:29,502 [pool-247-thread-1] INFO  server.RaftServerConfigKeys (ConfUtils.java:logGet(43)) - raft.server.log.segment.cache.num.max = 2 (custom)
2019-10-01 20:48:29,503 [pool-247-thread-1] INFO  segmented.SegmentedRaftLogWorker (SegmentedRaftLogWorker.java:<init>(173)) - new ca11c19a-ce2a-40c8-9f7e-085bb4a2be2c@group-764B5F3A0708-SegmentedRaftLogWorker for RaftStorage:Storage Directory /workdir/hadoop-ozone/integration-test/target/test-dir/MiniOzoneClusterImpl-938fedde-e8cb-4965-8e7f-34791526160a/datanode-4/data/ratis/a6f07390-07c8-4274-968a-764b5f3a0708
2019-10-01 20:48:29,503 [pool-247-thread-1] INFO  server.RaftServerConfigKeys (ConfUtils.java:logGet(43)) - raft.server.log.queue.byte-limit = 2147483647 (custom)
2019-10-01 20:48:29,503 [pool-247-thread-1] INFO  server.RaftServerConfigKeys (ConfUtils.java:logGet(43)) - raft.server.log.queue.element-limit = 1024 (custom)
2019-10-01 20:48:29,503 [pool-247-thread-1] INFO  server.RaftServerConfigKeys (ConfUtils.java:logGet(43)) - raft.server.log.segment.size.max = 1048576 (custom)
2019-10-01 20:48:29,503 [pool-247-thread-1] INFO  server.RaftServerConfigKeys (ConfUtils.java:logGet(43)) - raft.server.log.preallocated.size = 16384 (custom)
2019-10-01 20:48:29,503 [pool-247-thread-1] INFO  server.RaftServerConfigKeys (ConfUtils.java:logGet(43)) - raft.server.log.write.buffer.size = 33554432 (custom)
2019-10-01 20:48:29,504 [pool-247-thread-1] INFO  server.RaftServerConfigKeys (ConfUtils.java:logGet(43)) - raft.server.log.force.sync.num = 128 (default)
2019-10-01 20:48:29,504 [pool-247-thread-1] INFO  server.RaftServerConfigKeys (ConfUtils.java:logGet(43)) - raft.server.log.statemachine.data.sync = true (default)
2019-10-01 20:48:29,504 [pool-247-thread-1] INFO  server.RaftServerConfigKeys (ConfUtils.java:logGet(43)) - raft.server.log.statemachine.data.sync.timeout = 10s (default)
2019-10-01 20:48:29,504 [pool-247-thread-1] INFO  server.RaftServerConfigKeys (ConfUtils.java:logGet(43)) - raft.server.log.statemachine.data.sync.timeout.retry = -1 (default)
2019-10-01 20:48:29,504 [pool-247-thread-1] INFO  server.RaftServerConfigKeys (ConfUtils.java:logGet(43)) - raft.server.log.statemachine.data.caching.enabled = true (custom)
2019-10-01 20:48:29,505 [pool-247-thread-1] INFO  segmented.SegmentedRaftLogWorker (SegmentedRaftLogWorker.java:lambda$new$0(128)) - ca11c19a-ce2a-40c8-9f7e-085bb4a2be2c@group-764B5F3A0708-SegmentedRaftLogWorker: flushIndex: setUnconditionally 0 -> -1
2019-10-01 20:48:29,505 [pool-247-thread-1] INFO  server.RaftServerConfigKeys (ConfUtils.java:logGet(43)) - raft.server.snapshot.auto.trigger.enabled = true (custom)
2019-10-01 20:48:29,505 [pool-247-thread-1] INFO  server.RaftServerConfigKeys (ConfUtils.java:logGet(43)) - raft.server.snapshot.auto.trigger.threshold = 10000 (custom)
2019-10-01 20:48:29,505 [pool-247-thread-1] INFO  server.RaftServerConfigKeys (ConfUtils.java:logGet(43)) - raft.server.snapshot.retention.file.num = 5 (custom)
2019-10-01 20:48:29,506 [pool-247-thread-1] INFO  server.RaftServerConfigKeys (ConfUtils.java:logGet(43)) - raft.server.retrycache.expirytime = 600000ms (custom)
2019-10-01 20:48:29,508 [pool-247-thread-1] INFO  impl.RaftServerImpl (RaftServerImpl.java:start(181)) - ca11c19a-ce2a-40c8-9f7e-085bb4a2be2c@group-764B5F3A0708: start as a follower, conf=-1: [ca11c19a-ce2a-40c8-9f7e-085bb4a2be2c:192.168.5.177:40588], old=null
2019-10-01 20:48:29,508 [pool-247-thread-1] INFO  impl.RaftServerImpl (RaftServerImpl.java:setRole(170)) - ca11c19a-ce2a-40c8-9f7e-085bb4a2be2c@group-764B5F3A0708: changes role from      null to FOLLOWER at term 0 for startAsFollower
2019-10-01 20:48:29,508 [pool-247-thread-1] INFO  impl.RoleInfo (RoleInfo.java:updateAndGet(143)) - ca11c19a-ce2a-40c8-9f7e-085bb4a2be2c: start FollowerState
2019-10-01 20:48:29,508 [pool-247-thread-1] INFO  util.JmxRegister (JmxRegister.java:tryRegister(44)) - Successfully registered JMX Bean with object name Ratis:service=RaftServer,group=group-764B5F3A0708,id=ca11c19a-ce2a-40c8-9f7e-085bb4a2be2c
2019-10-01 20:48:29,511 [IPC Server handler 8 on 41207] INFO  net.NetworkTopology (NetworkTopologyImpl.java:add(111)) - Added a new node: /default-rack/463e6f72-74d2-4678-880c-0fdd762588e4
2019-10-01 20:48:29,511 [IPC Server handler 8 on 41207] INFO  node.SCMNodeManager (SCMNodeManager.java:register(266)) - Registered Data node : 463e6f72-74d2-4678-880c-0fdd762588e4{ip: 192.168.5.177, host: pr-hdds-2213-2l6tc-3189445122, networkLocation: /default-rack, certSerialId: null}
2019-10-01 20:48:29,513 [RatisPipelineUtilsThread] INFO  pipeline.PipelineStateManager (PipelineStateManager.java:addPipeline(56)) - Created pipeline Pipeline[ Id: a6f07390-07c8-4274-968a-764b5f3a0708, Nodes: ca11c19a-ce2a-40c8-9f7e-085bb4a2be2c{ip: 192.168.5.177, host: pr-hdds-2213-2l6tc-3189445122, networkLocation: /default-rack, certSerialId: null}, Type:RATIS, Factor:ONE, State:OPEN]
2019-10-01 20:48:29,522 [grpc-default-executor-8] INFO  impl.RaftServerProxy (RaftServerProxy.java:addNew(89)) - fc3d8bb3-289a-4ce5-8467-859ccdd31fdc: addNew group-A1C90E3479D7:[fc3d8bb3-289a-4ce5-8467-859ccdd31fdc:192.168.5.177:40290] returns group-A1C90E3479D7:java.util.concurrent.CompletableFuture@76c0dea[Not completed]
2019-10-01 20:48:29,524 [pool-237-thread-1] INFO  impl.RaftServerImpl (RaftServerImpl.java:<init>(95)) - fc3d8bb3-289a-4ce5-8467-859ccdd31fdc: new RaftServerImpl for group-A1C90E3479D7:[fc3d8bb3-289a-4ce5-8467-859ccdd31fdc:192.168.5.177:40290] with ContainerStateMachine:uninitialized
2019-10-01 20:48:29,524 [pool-237-thread-1] INFO  server.RaftServerConfigKeys (ConfUtils.java:logGet(43)) - raft.server.rpc.timeout.min = 5s (custom)
2019-10-01 20:48:29,524 [pool-237-thread-1] INFO  server.RaftServerConfigKeys (ConfUtils.java:logGet(43)) - raft.server.rpc.timeout.max = 5200ms (custom)
2019-10-01 20:48:29,524 [pool-237-thread-1] INFO  server.RaftServerConfigKeys (ConfUtils.java:logGet(43)) - raft.server.rpcslowness.timeout = 120s (custom)
2019-10-01 20:48:29,524 [pool-237-thread-1] INFO  server.RaftServerConfigKeys (ConfUtils.java:logGet(43)) - raft.server.sleep.deviation.threshold = 300 (default)
2019-10-01 20:48:29,524 [pool-237-thread-1] INFO  server.RaftServerConfigKeys (ConfUtils.java:logGet(43)) - raft.server.log.appender.install.snapshot.enabled = false (custom)
2019-10-01 20:48:29,524 [pool-237-thread-1] INFO  impl.RaftServerImpl (ServerState.java:<init>(103)) - fc3d8bb3-289a-4ce5-8467-859ccdd31fdc@group-A1C90E3479D7: ConfigurationManager, init=-1: [fc3d8bb3-289a-4ce5-8467-859ccdd31fdc:192.168.5.177:40290], old=null, confs=<EMPTY_MAP>
2019-10-01 20:48:29,525 [pool-237-thread-1] INFO  server.RaftServerConfigKeys (ConfUtils.java:logGet(43)) - raft.server.storage.dir = [/workdir/hadoop-ozone/integration-test/target/test-dir/MiniOzoneClusterImpl-938fedde-e8cb-4965-8e7f-34791526160a/datanode-3/data/ratis] (custom)
2019-10-01 20:48:29,525 [pool-237-thread-1] INFO  server.RaftServerConfigKeys (ConfUtils.java:logGet(43)) - raft.server.log.corruption.policy = EXCEPTION (default)
2019-10-01 20:48:29,525 [pool-237-thread-1] INFO  storage.RaftStorageDirectory (RaftStorageDirectory.java:analyzeStorage(246)) - The storage directory /workdir/hadoop-ozone/integration-test/target/test-dir/MiniOzoneClusterImpl-938fedde-e8cb-4965-8e7f-34791526160a/datanode-3/data/ratis/1516d605-f718-47a5-9b86-a1c90e3479d7 does not exist. Creating ...
2019-10-01 20:48:29,538 [pool-237-thread-1] INFO  storage.RaftStorageDirectory (RaftStorageDirectory.java:tryLock(328)) - Lock on /workdir/hadoop-ozone/integration-test/target/test-dir/MiniOzoneClusterImpl-938fedde-e8cb-4965-8e7f-34791526160a/datanode-3/data/ratis/1516d605-f718-47a5-9b86-a1c90e3479d7/in_use.lock acquired by nodename 23198@pr-hdds-2213-2l6tc-3189445122
2019-10-01 20:48:29,551 [pool-237-thread-1] INFO  storage.RaftStorage (RaftStorage.java:format(84)) - Storage directory /workdir/hadoop-ozone/integration-test/target/test-dir/MiniOzoneClusterImpl-938fedde-e8cb-4965-8e7f-34791526160a/datanode-3/data/ratis/1516d605-f718-47a5-9b86-a1c90e3479d7 has been successfully formatted.
2019-10-01 20:48:29,551 [pool-237-thread-1] INFO  ratis.ContainerStateMachine (ContainerStateMachine.java:loadSnapshot(230)) - group-A1C90E3479D7: The snapshot info is null. Setting the last applied indexto:(t:0, i:~)
2019-10-01 20:48:29,551 [pool-237-thread-1] INFO  server.RaftServerConfigKeys (ConfUtils.java:logGet(43)) - raft.server.notification.no-leader.timeout = 120s (custom)
2019-10-01 20:48:29,551 [pool-237-thread-1] INFO  server.RaftServerConfigKeys (ConfUtils.java:logGet(43)) - raft.server.log.use.memory = false (default)
2019-10-01 20:48:29,552 [pool-237-thread-1] INFO  server.RaftServerConfigKeys (ConfUtils.java:logGet(43)) - raft.server.log.purge.gap = 1000000 (custom)
2019-10-01 20:48:29,552 [pool-237-thread-1] INFO  server.RaftServerConfigKeys (ConfUtils.java:logGet(43)) - raft.server.log.appender.buffer.byte-limit = 33554432 (custom)
2019-10-01 20:48:29,552 [pool-237-thread-1] INFO  server.RaftServerConfigKeys (ConfUtils.java:logGet(43)) - raft.server.log.segment.size.max = 1048576 (custom)
2019-10-01 20:48:29,555 [pool-237-thread-1] INFO  server.RaftServerConfigKeys (ConfUtils.java:logGet(43)) - raft.server.log.segment.cache.num.max = 2 (custom)
2019-10-01 20:48:29,555 [pool-237-thread-1] INFO  segmented.SegmentedRaftLogWorker (SegmentedRaftLogWorker.java:<init>(173)) - new fc3d8bb3-289a-4ce5-8467-859ccdd31fdc@group-A1C90E3479D7-SegmentedRaftLogWorker for RaftStorage:Storage Directory /workdir/hadoop-ozone/integration-test/target/test-dir/MiniOzoneClusterImpl-938fedde-e8cb-4965-8e7f-34791526160a/datanode-3/data/ratis/1516d605-f718-47a5-9b86-a1c90e3479d7
2019-10-01 20:48:29,555 [pool-237-thread-1] INFO  server.RaftServerConfigKeys (ConfUtils.java:logGet(43)) - raft.server.log.queue.byte-limit = 2147483647 (custom)
2019-10-01 20:48:29,555 [pool-237-thread-1] INFO  server.RaftServerConfigKeys (ConfUtils.java:logGet(43)) - raft.server.log.queue.element-limit = 1024 (custom)
2019-10-01 20:48:29,555 [pool-237-thread-1] INFO  server.RaftServerConfigKeys (ConfUtils.java:logGet(43)) - raft.server.log.segment.size.max = 1048576 (custom)
2019-10-01 20:48:29,555 [pool-237-thread-1] INFO  server.RaftServerConfigKeys (ConfUtils.java:logGet(43)) - raft.server.log.preallocated.size = 16384 (custom)
2019-10-01 20:48:29,555 [pool-237-thread-1] INFO  server.RaftServerConfigKeys (ConfUtils.java:logGet(43)) - raft.server.log.write.buffer.size = 33554432 (custom)
2019-10-01 20:48:29,556 [pool-237-thread-1] INFO  server.RaftServerConfigKeys (ConfUtils.java:logGet(43)) - raft.server.log.force.sync.num = 128 (default)
2019-10-01 20:48:29,556 [pool-237-thread-1] INFO  server.RaftServerConfigKeys (ConfUtils.java:logGet(43)) - raft.server.log.statemachine.data.sync = true (default)
2019-10-01 20:48:29,556 [pool-237-thread-1] INFO  server.RaftServerConfigKeys (ConfUtils.java:logGet(43)) - raft.server.log.statemachine.data.sync.timeout = 10s (default)
2019-10-01 20:48:29,556 [pool-237-thread-1] INFO  server.RaftServerConfigKeys (ConfUtils.java:logGet(43)) - raft.server.log.statemachine.data.sync.timeout.retry = -1 (default)
2019-10-01 20:48:29,556 [pool-237-thread-1] INFO  server.RaftServerConfigKeys (ConfUtils.java:logGet(43)) - raft.server.log.statemachine.data.caching.enabled = true (custom)
2019-10-01 20:48:29,557 [pool-237-thread-1] INFO  segmented.SegmentedRaftLogWorker (SegmentedRaftLogWorker.java:lambda$new$0(128)) - fc3d8bb3-289a-4ce5-8467-859ccdd31fdc@group-A1C90E3479D7-SegmentedRaftLogWorker: flushIndex: setUnconditionally 0 -> -1
2019-10-01 20:48:29,557 [pool-237-thread-1] INFO  server.RaftServerConfigKeys (ConfUtils.java:logGet(43)) - raft.server.snapshot.auto.trigger.enabled = true (custom)
2019-10-01 20:48:29,557 [pool-237-thread-1] INFO  server.RaftServerConfigKeys (ConfUtils.java:logGet(43)) - raft.server.snapshot.auto.trigger.threshold = 10000 (custom)
2019-10-01 20:48:29,557 [pool-237-thread-1] INFO  server.RaftServerConfigKeys (ConfUtils.java:logGet(43)) - raft.server.snapshot.retention.file.num = 5 (custom)
2019-10-01 20:48:29,557 [pool-237-thread-1] INFO  server.RaftServerConfigKeys (ConfUtils.java:logGet(43)) - raft.server.retrycache.expirytime = 600000ms (custom)
2019-10-01 20:48:29,559 [pool-237-thread-1] INFO  impl.RaftServerImpl (RaftServerImpl.java:start(181)) - fc3d8bb3-289a-4ce5-8467-859ccdd31fdc@group-A1C90E3479D7: start as a follower, conf=-1: [fc3d8bb3-289a-4ce5-8467-859ccdd31fdc:192.168.5.177:40290], old=null
2019-10-01 20:48:29,559 [pool-237-thread-1] INFO  impl.RaftServerImpl (RaftServerImpl.java:setRole(170)) - fc3d8bb3-289a-4ce5-8467-859ccdd31fdc@group-A1C90E3479D7: changes role from      null to FOLLOWER at term 0 for startAsFollower
2019-10-01 20:48:29,559 [pool-237-thread-1] INFO  impl.RoleInfo (RoleInfo.java:updateAndGet(143)) - fc3d8bb3-289a-4ce5-8467-859ccdd31fdc: start FollowerState
2019-10-01 20:48:29,560 [pool-237-thread-1] INFO  util.JmxRegister (JmxRegister.java:tryRegister(44)) - Successfully registered JMX Bean with object name Ratis:service=RaftServer,group=group-A1C90E3479D7,id=fc3d8bb3-289a-4ce5-8467-859ccdd31fdc
2019-10-01 20:48:29,564 [RatisPipelineUtilsThread] INFO  pipeline.PipelineStateManager (PipelineStateManager.java:addPipeline(56)) - Created pipeline Pipeline[ Id: 1516d605-f718-47a5-9b86-a1c90e3479d7, Nodes: fc3d8bb3-289a-4ce5-8467-859ccdd31fdc{ip: 192.168.5.177, host: pr-hdds-2213-2l6tc-3189445122, networkLocation: /default-rack, certSerialId: null}, Type:RATIS, Factor:ONE, State:OPEN]
2019-10-01 20:48:29,580 [grpc-default-executor-8] INFO  impl.RaftServerProxy (RaftServerProxy.java:addNew(89)) - 463e6f72-74d2-4678-880c-0fdd762588e4: addNew group-9460CBF013FF:[463e6f72-74d2-4678-880c-0fdd762588e4:192.168.5.177:44918] returns group-9460CBF013FF:java.util.concurrent.CompletableFuture@20bcbb59[Not completed]
2019-10-01 20:48:29,582 [pool-257-thread-1] INFO  impl.RaftServerImpl (RaftServerImpl.java:<init>(95)) - 463e6f72-74d2-4678-880c-0fdd762588e4: new RaftServerImpl for group-9460CBF013FF:[463e6f72-74d2-4678-880c-0fdd762588e4:192.168.5.177:44918] with ContainerStateMachine:uninitialized
2019-10-01 20:48:29,582 [pool-257-thread-1] INFO  server.RaftServerConfigKeys (ConfUtils.java:logGet(43)) - raft.server.rpc.timeout.min = 5s (custom)
2019-10-01 20:48:29,582 [main] INFO  ozone.MiniOzoneClusterImpl (MiniOzoneClusterImpl.java:lambda$waitForClusterToBeReady$0(147)) - Waiting for cluster to be ready. Got 6 of 7 DN Heartbeats.
2019-10-01 20:48:29,582 [pool-257-thread-1] INFO  server.RaftServerConfigKeys (ConfUtils.java:logGet(43)) - raft.server.rpc.timeout.max = 5200ms (custom)
2019-10-01 20:48:29,583 [IPC Server handler 0 on 41207] INFO  net.NetworkTopology (NetworkTopologyImpl.java:add(111)) - Added a new node: /default-rack/fd276549-113d-482b-a407-013b1b1cfc89
2019-10-01 20:48:29,583 [pool-257-thread-1] INFO  server.RaftServerConfigKeys (ConfUtils.java:logGet(43)) - raft.server.rpcslowness.timeout = 120s (custom)
2019-10-01 20:48:29,583 [IPC Server handler 0 on 41207] INFO  node.SCMNodeManager (SCMNodeManager.java:register(266)) - Registered Data node : fd276549-113d-482b-a407-013b1b1cfc89{ip: 192.168.5.177, host: pr-hdds-2213-2l6tc-3189445122, networkLocation: /default-rack, certSerialId: null}
2019-10-01 20:48:29,583 [pool-257-thread-1] INFO  server.RaftServerConfigKeys (ConfUtils.java:logGet(43)) - raft.server.sleep.deviation.threshold = 300 (default)
2019-10-01 20:48:29,583 [pool-257-thread-1] INFO  server.RaftServerConfigKeys (ConfUtils.java:logGet(43)) - raft.server.log.appender.install.snapshot.enabled = false (custom)
2019-10-01 20:48:29,583 [pool-257-thread-1] INFO  impl.RaftServerImpl (ServerState.java:<init>(103)) - 463e6f72-74d2-4678-880c-0fdd762588e4@group-9460CBF013FF: ConfigurationManager, init=-1: [463e6f72-74d2-4678-880c-0fdd762588e4:192.168.5.177:44918], old=null, confs=<EMPTY_MAP>
2019-10-01 20:48:29,584 [pool-257-thread-1] INFO  server.RaftServerConfigKeys (ConfUtils.java:logGet(43)) - raft.server.storage.dir = [/workdir/hadoop-ozone/integration-test/target/test-dir/MiniOzoneClusterImpl-938fedde-e8cb-4965-8e7f-34791526160a/datanode-5/data/ratis] (custom)
2019-10-01 20:48:29,584 [pool-257-thread-1] INFO  server.RaftServerConfigKeys (ConfUtils.java:logGet(43)) - raft.server.log.corruption.policy = EXCEPTION (default)
2019-10-01 20:48:29,584 [pool-257-thread-1] INFO  storage.RaftStorageDirectory (RaftStorageDirectory.java:analyzeStorage(246)) - The storage directory /workdir/hadoop-ozone/integration-test/target/test-dir/MiniOzoneClusterImpl-938fedde-e8cb-4965-8e7f-34791526160a/datanode-5/data/ratis/8e89e7a0-f18f-4e7f-8042-9460cbf013ff does not exist. Creating ...
2019-10-01 20:48:29,596 [pool-257-thread-1] INFO  storage.RaftStorageDirectory (RaftStorageDirectory.java:tryLock(328)) - Lock on /workdir/hadoop-ozone/integration-test/target/test-dir/MiniOzoneClusterImpl-938fedde-e8cb-4965-8e7f-34791526160a/datanode-5/data/ratis/8e89e7a0-f18f-4e7f-8042-9460cbf013ff/in_use.lock acquired by nodename 23198@pr-hdds-2213-2l6tc-3189445122
2019-10-01 20:48:29,610 [pool-257-thread-1] INFO  storage.RaftStorage (RaftStorage.java:format(84)) - Storage directory /workdir/hadoop-ozone/integration-test/target/test-dir/MiniOzoneClusterImpl-938fedde-e8cb-4965-8e7f-34791526160a/datanode-5/data/ratis/8e89e7a0-f18f-4e7f-8042-9460cbf013ff has been successfully formatted.
2019-10-01 20:48:29,610 [pool-257-thread-1] INFO  ratis.ContainerStateMachine (ContainerStateMachine.java:loadSnapshot(230)) - group-9460CBF013FF: The snapshot info is null. Setting the last applied indexto:(t:0, i:~)
2019-10-01 20:48:29,610 [pool-257-thread-1] INFO  server.RaftServerConfigKeys (ConfUtils.java:logGet(43)) - raft.server.notification.no-leader.timeout = 120s (custom)
2019-10-01 20:48:29,610 [pool-257-thread-1] INFO  server.RaftServerConfigKeys (ConfUtils.java:logGet(43)) - raft.server.log.use.memory = false (default)
2019-10-01 20:48:29,610 [pool-257-thread-1] INFO  server.RaftServerConfigKeys (ConfUtils.java:logGet(43)) - raft.server.log.purge.gap = 1000000 (custom)
2019-10-01 20:48:29,611 [pool-257-thread-1] INFO  server.RaftServerConfigKeys (ConfUtils.java:logGet(43)) - raft.server.log.appender.buffer.byte-limit = 33554432 (custom)
2019-10-01 20:48:29,611 [pool-257-thread-1] INFO  server.RaftServerConfigKeys (ConfUtils.java:logGet(43)) - raft.server.log.segment.size.max = 1048576 (custom)
2019-10-01 20:48:29,612 [pool-257-thread-1] INFO  server.RaftServerConfigKeys (ConfUtils.java:logGet(43)) - raft.server.log.segment.cache.num.max = 2 (custom)
2019-10-01 20:48:29,612 [pool-257-thread-1] INFO  segmented.SegmentedRaftLogWorker (SegmentedRaftLogWorker.java:<init>(173)) - new 463e6f72-74d2-4678-880c-0fdd762588e4@group-9460CBF013FF-SegmentedRaftLogWorker for RaftStorage:Storage Directory /workdir/hadoop-ozone/integration-test/target/test-dir/MiniOzoneClusterImpl-938fedde-e8cb-4965-8e7f-34791526160a/datanode-5/data/ratis/8e89e7a0-f18f-4e7f-8042-9460cbf013ff
2019-10-01 20:48:29,613 [pool-257-thread-1] INFO  server.RaftServerConfigKeys (ConfUtils.java:logGet(43)) - raft.server.log.queue.byte-limit = 2147483647 (custom)
2019-10-01 20:48:29,613 [pool-257-thread-1] INFO  server.RaftServerConfigKeys (ConfUtils.java:logGet(43)) - raft.server.log.queue.element-limit = 1024 (custom)
2019-10-01 20:48:29,613 [pool-257-thread-1] INFO  server.RaftServerConfigKeys (ConfUtils.java:logGet(43)) - raft.server.log.segment.size.max = 1048576 (custom)
2019-10-01 20:48:29,613 [pool-257-thread-1] INFO  server.RaftServerConfigKeys (ConfUtils.java:logGet(43)) - raft.server.log.preallocated.size = 16384 (custom)
2019-10-01 20:48:29,613 [pool-257-thread-1] INFO  server.RaftServerConfigKeys (ConfUtils.java:logGet(43)) - raft.server.log.write.buffer.size = 33554432 (custom)
2019-10-01 20:48:29,613 [pool-257-thread-1] INFO  server.RaftServerConfigKeys (ConfUtils.java:logGet(43)) - raft.server.log.force.sync.num = 128 (default)
2019-10-01 20:48:29,613 [pool-257-thread-1] INFO  server.RaftServerConfigKeys (ConfUtils.java:logGet(43)) - raft.server.log.statemachine.data.sync = true (default)
2019-10-01 20:48:29,613 [pool-257-thread-1] INFO  server.RaftServerConfigKeys (ConfUtils.java:logGet(43)) - raft.server.log.statemachine.data.sync.timeout = 10s (default)
2019-10-01 20:48:29,614 [pool-257-thread-1] INFO  server.RaftServerConfigKeys (ConfUtils.java:logGet(43)) - raft.server.log.statemachine.data.sync.timeout.retry = -1 (default)
2019-10-01 20:48:29,614 [pool-257-thread-1] INFO  server.RaftServerConfigKeys (ConfUtils.java:logGet(43)) - raft.server.log.statemachine.data.caching.enabled = true (custom)
2019-10-01 20:48:29,614 [pool-257-thread-1] INFO  segmented.SegmentedRaftLogWorker (SegmentedRaftLogWorker.java:lambda$new$0(128)) - 463e6f72-74d2-4678-880c-0fdd762588e4@group-9460CBF013FF-SegmentedRaftLogWorker: flushIndex: setUnconditionally 0 -> -1
2019-10-01 20:48:29,615 [pool-257-thread-1] INFO  server.RaftServerConfigKeys (ConfUtils.java:logGet(43)) - raft.server.snapshot.auto.trigger.enabled = true (custom)
2019-10-01 20:48:29,615 [pool-257-thread-1] INFO  server.RaftServerConfigKeys (ConfUtils.java:logGet(43)) - raft.server.snapshot.auto.trigger.threshold = 10000 (custom)
2019-10-01 20:48:29,615 [pool-257-thread-1] INFO  server.RaftServerConfigKeys (ConfUtils.java:logGet(43)) - raft.server.snapshot.retention.file.num = 5 (custom)
2019-10-01 20:48:29,615 [pool-257-thread-1] INFO  server.RaftServerConfigKeys (ConfUtils.java:logGet(43)) - raft.server.retrycache.expirytime = 600000ms (custom)
2019-10-01 20:48:29,617 [pool-257-thread-1] INFO  impl.RaftServerImpl (RaftServerImpl.java:start(181)) - 463e6f72-74d2-4678-880c-0fdd762588e4@group-9460CBF013FF: start as a follower, conf=-1: [463e6f72-74d2-4678-880c-0fdd762588e4:192.168.5.177:44918], old=null
2019-10-01 20:48:29,617 [pool-257-thread-1] INFO  impl.RaftServerImpl (RaftServerImpl.java:setRole(170)) - 463e6f72-74d2-4678-880c-0fdd762588e4@group-9460CBF013FF: changes role from      null to FOLLOWER at term 0 for startAsFollower
2019-10-01 20:48:29,617 [pool-257-thread-1] INFO  impl.RoleInfo (RoleInfo.java:updateAndGet(143)) - 463e6f72-74d2-4678-880c-0fdd762588e4: start FollowerState
2019-10-01 20:48:29,617 [pool-257-thread-1] INFO  util.JmxRegister (JmxRegister.java:tryRegister(44)) - Successfully registered JMX Bean with object name Ratis:service=RaftServer,group=group-9460CBF013FF,id=463e6f72-74d2-4678-880c-0fdd762588e4
2019-10-01 20:48:29,621 [RatisPipelineUtilsThread] INFO  pipeline.PipelineStateManager (PipelineStateManager.java:addPipeline(56)) - Created pipeline Pipeline[ Id: 8e89e7a0-f18f-4e7f-8042-9460cbf013ff, Nodes: 463e6f72-74d2-4678-880c-0fdd762588e4{ip: 192.168.5.177, host: pr-hdds-2213-2l6tc-3189445122, networkLocation: /default-rack, certSerialId: null}, Type:RATIS, Factor:ONE, State:OPEN]
2019-10-01 20:48:29,631 [grpc-default-executor-8] INFO  impl.RaftServerProxy (RaftServerProxy.java:addNew(89)) - fd276549-113d-482b-a407-013b1b1cfc89: addNew group-DCDFE4735F3E:[fd276549-113d-482b-a407-013b1b1cfc89:192.168.5.177:36553] returns group-DCDFE4735F3E:java.util.concurrent.CompletableFuture@5b803df9[Not completed]
2019-10-01 20:48:29,633 [pool-267-thread-1] INFO  impl.RaftServerImpl (RaftServerImpl.java:<init>(95)) - fd276549-113d-482b-a407-013b1b1cfc89: new RaftServerImpl for group-DCDFE4735F3E:[fd276549-113d-482b-a407-013b1b1cfc89:192.168.5.177:36553] with ContainerStateMachine:uninitialized
2019-10-01 20:48:29,633 [pool-267-thread-1] INFO  server.RaftServerConfigKeys (ConfUtils.java:logGet(43)) - raft.server.rpc.timeout.min = 5s (custom)
2019-10-01 20:48:29,633 [pool-267-thread-1] INFO  server.RaftServerConfigKeys (ConfUtils.java:logGet(43)) - raft.server.rpc.timeout.max = 5200ms (custom)
2019-10-01 20:48:29,633 [pool-267-thread-1] INFO  server.RaftServerConfigKeys (ConfUtils.java:logGet(43)) - raft.server.rpcslowness.timeout = 120s (custom)
2019-10-01 20:48:29,633 [pool-267-thread-1] INFO  server.RaftServerConfigKeys (ConfUtils.java:logGet(43)) - raft.server.sleep.deviation.threshold = 300 (default)
2019-10-01 20:48:29,633 [pool-267-thread-1] INFO  server.RaftServerConfigKeys (ConfUtils.java:logGet(43)) - raft.server.log.appender.install.snapshot.enabled = false (custom)
2019-10-01 20:48:29,633 [pool-267-thread-1] INFO  impl.RaftServerImpl (ServerState.java:<init>(103)) - fd276549-113d-482b-a407-013b1b1cfc89@group-DCDFE4735F3E: ConfigurationManager, init=-1: [fd276549-113d-482b-a407-013b1b1cfc89:192.168.5.177:36553], old=null, confs=<EMPTY_MAP>
2019-10-01 20:48:29,634 [pool-267-thread-1] INFO  server.RaftServerConfigKeys (ConfUtils.java:logGet(43)) - raft.server.storage.dir = [/workdir/hadoop-ozone/integration-test/target/test-dir/MiniOzoneClusterImpl-938fedde-e8cb-4965-8e7f-34791526160a/datanode-6/data/ratis] (custom)
2019-10-01 20:48:29,634 [pool-267-thread-1] INFO  server.RaftServerConfigKeys (ConfUtils.java:logGet(43)) - raft.server.log.corruption.policy = EXCEPTION (default)
2019-10-01 20:48:29,634 [pool-267-thread-1] INFO  storage.RaftStorageDirectory (RaftStorageDirectory.java:analyzeStorage(246)) - The storage directory /workdir/hadoop-ozone/integration-test/target/test-dir/MiniOzoneClusterImpl-938fedde-e8cb-4965-8e7f-34791526160a/datanode-6/data/ratis/5c14a8a3-772b-4022-b686-dcdfe4735f3e does not exist. Creating ...
2019-10-01 20:48:29,647 [pool-267-thread-1] INFO  storage.RaftStorageDirectory (RaftStorageDirectory.java:tryLock(328)) - Lock on /workdir/hadoop-ozone/integration-test/target/test-dir/MiniOzoneClusterImpl-938fedde-e8cb-4965-8e7f-34791526160a/datanode-6/data/ratis/5c14a8a3-772b-4022-b686-dcdfe4735f3e/in_use.lock acquired by nodename 23198@pr-hdds-2213-2l6tc-3189445122
2019-10-01 20:48:29,660 [pool-267-thread-1] INFO  storage.RaftStorage (RaftStorage.java:format(84)) - Storage directory /workdir/hadoop-ozone/integration-test/target/test-dir/MiniOzoneClusterImpl-938fedde-e8cb-4965-8e7f-34791526160a/datanode-6/data/ratis/5c14a8a3-772b-4022-b686-dcdfe4735f3e has been successfully formatted.
2019-10-01 20:48:29,660 [pool-267-thread-1] INFO  ratis.ContainerStateMachine (ContainerStateMachine.java:loadSnapshot(230)) - group-DCDFE4735F3E: The snapshot info is null. Setting the last applied indexto:(t:0, i:~)
2019-10-01 20:48:29,660 [pool-267-thread-1] INFO  server.RaftServerConfigKeys (ConfUtils.java:logGet(43)) - raft.server.notification.no-leader.timeout = 120s (custom)
2019-10-01 20:48:29,660 [pool-267-thread-1] INFO  server.RaftServerConfigKeys (ConfUtils.java:logGet(43)) - raft.server.log.use.memory = false (default)
2019-10-01 20:48:29,660 [pool-267-thread-1] INFO  server.RaftServerConfigKeys (ConfUtils.java:logGet(43)) - raft.server.log.purge.gap = 1000000 (custom)
2019-10-01 20:48:29,660 [pool-267-thread-1] INFO  server.RaftServerConfigKeys (ConfUtils.java:logGet(43)) - raft.server.log.appender.buffer.byte-limit = 33554432 (custom)
2019-10-01 20:48:29,661 [pool-267-thread-1] INFO  server.RaftServerConfigKeys (ConfUtils.java:logGet(43)) - raft.server.log.segment.size.max = 1048576 (custom)
2019-10-01 20:48:29,663 [pool-267-thread-1] INFO  server.RaftServerConfigKeys (ConfUtils.java:logGet(43)) - raft.server.log.segment.cache.num.max = 2 (custom)
2019-10-01 20:48:29,663 [pool-267-thread-1] INFO  segmented.SegmentedRaftLogWorker (SegmentedRaftLogWorker.java:<init>(173)) - new fd276549-113d-482b-a407-013b1b1cfc89@group-DCDFE4735F3E-SegmentedRaftLogWorker for RaftStorage:Storage Directory /workdir/hadoop-ozone/integration-test/target/test-dir/MiniOzoneClusterImpl-938fedde-e8cb-4965-8e7f-34791526160a/datanode-6/data/ratis/5c14a8a3-772b-4022-b686-dcdfe4735f3e
2019-10-01 20:48:29,663 [pool-267-thread-1] INFO  server.RaftServerConfigKeys (ConfUtils.java:logGet(43)) - raft.server.log.queue.byte-limit = 2147483647 (custom)
2019-10-01 20:48:29,663 [pool-267-thread-1] INFO  server.RaftServerConfigKeys (ConfUtils.java:logGet(43)) - raft.server.log.queue.element-limit = 1024 (custom)
2019-10-01 20:48:29,663 [pool-267-thread-1] INFO  server.RaftServerConfigKeys (ConfUtils.java:logGet(43)) - raft.server.log.segment.size.max = 1048576 (custom)
2019-10-01 20:48:29,663 [pool-267-thread-1] INFO  server.RaftServerConfigKeys (ConfUtils.java:logGet(43)) - raft.server.log.preallocated.size = 16384 (custom)
2019-10-01 20:48:29,663 [pool-267-thread-1] INFO  server.RaftServerConfigKeys (ConfUtils.java:logGet(43)) - raft.server.log.write.buffer.size = 33554432 (custom)
2019-10-01 20:48:29,663 [pool-267-thread-1] INFO  server.RaftServerConfigKeys (ConfUtils.java:logGet(43)) - raft.server.log.force.sync.num = 128 (default)
2019-10-01 20:48:29,664 [pool-267-thread-1] INFO  server.RaftServerConfigKeys (ConfUtils.java:logGet(43)) - raft.server.log.statemachine.data.sync = true (default)
2019-10-01 20:48:29,664 [pool-267-thread-1] INFO  server.RaftServerConfigKeys (ConfUtils.java:logGet(43)) - raft.server.log.statemachine.data.sync.timeout = 10s (default)
2019-10-01 20:48:29,664 [pool-267-thread-1] INFO  server.RaftServerConfigKeys (ConfUtils.java:logGet(43)) - raft.server.log.statemachine.data.sync.timeout.retry = -1 (default)
2019-10-01 20:48:29,664 [pool-267-thread-1] INFO  server.RaftServerConfigKeys (ConfUtils.java:logGet(43)) - raft.server.log.statemachine.data.caching.enabled = true (custom)
2019-10-01 20:48:29,664 [pool-267-thread-1] INFO  segmented.SegmentedRaftLogWorker (SegmentedRaftLogWorker.java:lambda$new$0(128)) - fd276549-113d-482b-a407-013b1b1cfc89@group-DCDFE4735F3E-SegmentedRaftLogWorker: flushIndex: setUnconditionally 0 -> -1
2019-10-01 20:48:29,665 [pool-267-thread-1] INFO  server.RaftServerConfigKeys (ConfUtils.java:logGet(43)) - raft.server.snapshot.auto.trigger.enabled = true (custom)
2019-10-01 20:48:29,665 [pool-267-thread-1] INFO  server.RaftServerConfigKeys (ConfUtils.java:logGet(43)) - raft.server.snapshot.auto.trigger.threshold = 10000 (custom)
2019-10-01 20:48:29,665 [pool-267-thread-1] INFO  server.RaftServerConfigKeys (ConfUtils.java:logGet(43)) - raft.server.snapshot.retention.file.num = 5 (custom)
2019-10-01 20:48:29,665 [pool-267-thread-1] INFO  server.RaftServerConfigKeys (ConfUtils.java:logGet(43)) - raft.server.retrycache.expirytime = 600000ms (custom)
2019-10-01 20:48:29,667 [pool-267-thread-1] INFO  impl.RaftServerImpl (RaftServerImpl.java:start(181)) - fd276549-113d-482b-a407-013b1b1cfc89@group-DCDFE4735F3E: start as a follower, conf=-1: [fd276549-113d-482b-a407-013b1b1cfc89:192.168.5.177:36553], old=null
2019-10-01 20:48:29,667 [pool-267-thread-1] INFO  impl.RaftServerImpl (RaftServerImpl.java:setRole(170)) - fd276549-113d-482b-a407-013b1b1cfc89@group-DCDFE4735F3E: changes role from      null to FOLLOWER at term 0 for startAsFollower
2019-10-01 20:48:29,667 [pool-267-thread-1] INFO  impl.RoleInfo (RoleInfo.java:updateAndGet(143)) - fd276549-113d-482b-a407-013b1b1cfc89: start FollowerState
2019-10-01 20:48:29,667 [pool-267-thread-1] INFO  util.JmxRegister (JmxRegister.java:tryRegister(44)) - Successfully registered JMX Bean with object name Ratis:service=RaftServer,group=group-DCDFE4735F3E,id=fd276549-113d-482b-a407-013b1b1cfc89
2019-10-01 20:48:29,671 [RatisPipelineUtilsThread] INFO  pipeline.PipelineStateManager (PipelineStateManager.java:addPipeline(56)) - Created pipeline Pipeline[ Id: 5c14a8a3-772b-4022-b686-dcdfe4735f3e, Nodes: fd276549-113d-482b-a407-013b1b1cfc89{ip: 192.168.5.177, host: pr-hdds-2213-2l6tc-3189445122, networkLocation: /default-rack, certSerialId: null}, Type:RATIS, Factor:ONE, State:OPEN]
2019-10-01 20:48:29,688 [grpc-default-executor-5] INFO  impl.RaftServerProxy (RaftServerProxy.java:addNew(89)) - ca11c19a-ce2a-40c8-9f7e-085bb4a2be2c: addNew group-CD124EF02974:[fd276549-113d-482b-a407-013b1b1cfc89:192.168.5.177:36553, ca11c19a-ce2a-40c8-9f7e-085bb4a2be2c:192.168.5.177:40588, fc3d8bb3-289a-4ce5-8467-859ccdd31fdc:192.168.5.177:40290] returns group-CD124EF02974:java.util.concurrent.CompletableFuture@22f1f9ad[Not completed]
2019-10-01 20:48:29,688 [grpc-default-executor-1] INFO  impl.RaftServerProxy (RaftServerProxy.java:addNew(89)) - fc3d8bb3-289a-4ce5-8467-859ccdd31fdc: addNew group-CD124EF02974:[fd276549-113d-482b-a407-013b1b1cfc89:192.168.5.177:36553, ca11c19a-ce2a-40c8-9f7e-085bb4a2be2c:192.168.5.177:40588, fc3d8bb3-289a-4ce5-8467-859ccdd31fdc:192.168.5.177:40290] returns group-CD124EF02974:java.util.concurrent.CompletableFuture@78daa8fa[Not completed]
2019-10-01 20:48:29,688 [grpc-default-executor-8] INFO  impl.RaftServerProxy (RaftServerProxy.java:addNew(89)) - fd276549-113d-482b-a407-013b1b1cfc89: addNew group-CD124EF02974:[fd276549-113d-482b-a407-013b1b1cfc89:192.168.5.177:36553, ca11c19a-ce2a-40c8-9f7e-085bb4a2be2c:192.168.5.177:40588, fc3d8bb3-289a-4ce5-8467-859ccdd31fdc:192.168.5.177:40290] returns group-CD124EF02974:java.util.concurrent.CompletableFuture@1ef44eb7[Not completed]
2019-10-01 20:48:29,689 [pool-247-thread-1] INFO  impl.RaftServerImpl (RaftServerImpl.java:<init>(95)) - ca11c19a-ce2a-40c8-9f7e-085bb4a2be2c: new RaftServerImpl for group-CD124EF02974:[fd276549-113d-482b-a407-013b1b1cfc89:192.168.5.177:36553, ca11c19a-ce2a-40c8-9f7e-085bb4a2be2c:192.168.5.177:40588, fc3d8bb3-289a-4ce5-8467-859ccdd31fdc:192.168.5.177:40290] with ContainerStateMachine:uninitialized
2019-10-01 20:48:29,689 [pool-247-thread-1] INFO  server.RaftServerConfigKeys (ConfUtils.java:logGet(43)) - raft.server.rpc.timeout.min = 5s (custom)
2019-10-01 20:48:29,689 [pool-247-thread-1] INFO  server.RaftServerConfigKeys (ConfUtils.java:logGet(43)) - raft.server.rpc.timeout.max = 5200ms (custom)
2019-10-01 20:48:29,689 [pool-247-thread-1] INFO  server.RaftServerConfigKeys (ConfUtils.java:logGet(43)) - raft.server.rpcslowness.timeout = 120s (custom)
2019-10-01 20:48:29,689 [pool-267-thread-1] INFO  impl.RaftServerImpl (RaftServerImpl.java:<init>(95)) - fd276549-113d-482b-a407-013b1b1cfc89: new RaftServerImpl for group-CD124EF02974:[fd276549-113d-482b-a407-013b1b1cfc89:192.168.5.177:36553, ca11c19a-ce2a-40c8-9f7e-085bb4a2be2c:192.168.5.177:40588, fc3d8bb3-289a-4ce5-8467-859ccdd31fdc:192.168.5.177:40290] with ContainerStateMachine:uninitialized
2019-10-01 20:48:29,689 [pool-247-thread-1] INFO  server.RaftServerConfigKeys (ConfUtils.java:logGet(43)) - raft.server.sleep.deviation.threshold = 300 (default)
2019-10-01 20:48:29,690 [pool-247-thread-1] INFO  server.RaftServerConfigKeys (ConfUtils.java:logGet(43)) - raft.server.log.appender.install.snapshot.enabled = false (custom)
2019-10-01 20:48:29,689 [pool-267-thread-1] INFO  server.RaftServerConfigKeys (ConfUtils.java:logGet(43)) - raft.server.rpc.timeout.min = 5s (custom)
2019-10-01 20:48:29,690 [pool-247-thread-1] INFO  impl.RaftServerImpl (ServerState.java:<init>(103)) - ca11c19a-ce2a-40c8-9f7e-085bb4a2be2c@group-CD124EF02974: ConfigurationManager, init=-1: [fd276549-113d-482b-a407-013b1b1cfc89:192.168.5.177:36553, ca11c19a-ce2a-40c8-9f7e-085bb4a2be2c:192.168.5.177:40588, fc3d8bb3-289a-4ce5-8467-859ccdd31fdc:192.168.5.177:40290], old=null, confs=<EMPTY_MAP>
2019-10-01 20:48:29,690 [pool-267-thread-1] INFO  server.RaftServerConfigKeys (ConfUtils.java:logGet(43)) - raft.server.rpc.timeout.max = 5200ms (custom)
2019-10-01 20:48:29,690 [pool-247-thread-1] INFO  server.RaftServerConfigKeys (ConfUtils.java:logGet(43)) - raft.server.storage.dir = [/workdir/hadoop-ozone/integration-test/target/test-dir/MiniOzoneClusterImpl-938fedde-e8cb-4965-8e7f-34791526160a/datanode-4/data/ratis] (custom)
2019-10-01 20:48:29,690 [pool-237-thread-1] INFO  impl.RaftServerImpl (RaftServerImpl.java:<init>(95)) - fc3d8bb3-289a-4ce5-8467-859ccdd31fdc: new RaftServerImpl for group-CD124EF02974:[fd276549-113d-482b-a407-013b1b1cfc89:192.168.5.177:36553, ca11c19a-ce2a-40c8-9f7e-085bb4a2be2c:192.168.5.177:40588, fc3d8bb3-289a-4ce5-8467-859ccdd31fdc:192.168.5.177:40290] with ContainerStateMachine:uninitialized
2019-10-01 20:48:29,690 [pool-267-thread-1] INFO  server.RaftServerConfigKeys (ConfUtils.java:logGet(43)) - raft.server.rpcslowness.timeout = 120s (custom)
2019-10-01 20:48:29,690 [pool-247-thread-1] INFO  server.RaftServerConfigKeys (ConfUtils.java:logGet(43)) - raft.server.log.corruption.policy = EXCEPTION (default)
2019-10-01 20:48:29,690 [pool-237-thread-1] INFO  server.RaftServerConfigKeys (ConfUtils.java:logGet(43)) - raft.server.rpc.timeout.min = 5s (custom)
2019-10-01 20:48:29,690 [pool-247-thread-1] INFO  storage.RaftStorageDirectory (RaftStorageDirectory.java:analyzeStorage(246)) - The storage directory /workdir/hadoop-ozone/integration-test/target/test-dir/MiniOzoneClusterImpl-938fedde-e8cb-4965-8e7f-34791526160a/datanode-4/data/ratis/e415b5fd-5b00-4f35-95ef-cd124ef02974 does not exist. Creating ...
2019-10-01 20:48:29,690 [pool-267-thread-1] INFO  server.RaftServerConfigKeys (ConfUtils.java:logGet(43)) - raft.server.sleep.deviation.threshold = 300 (default)
2019-10-01 20:48:29,690 [pool-237-thread-1] INFO  server.RaftServerConfigKeys (ConfUtils.java:logGet(43)) - raft.server.rpc.timeout.max = 5200ms (custom)
2019-10-01 20:48:29,691 [pool-267-thread-1] INFO  server.RaftServerConfigKeys (ConfUtils.java:logGet(43)) - raft.server.log.appender.install.snapshot.enabled = false (custom)
2019-10-01 20:48:29,691 [pool-237-thread-1] INFO  server.RaftServerConfigKeys (ConfUtils.java:logGet(43)) - raft.server.rpcslowness.timeout = 120s (custom)
2019-10-01 20:48:29,691 [pool-267-thread-1] INFO  impl.RaftServerImpl (ServerState.java:<init>(103)) - fd276549-113d-482b-a407-013b1b1cfc89@group-CD124EF02974: ConfigurationManager, init=-1: [fd276549-113d-482b-a407-013b1b1cfc89:192.168.5.177:36553, ca11c19a-ce2a-40c8-9f7e-085bb4a2be2c:192.168.5.177:40588, fc3d8bb3-289a-4ce5-8467-859ccdd31fdc:192.168.5.177:40290], old=null, confs=<EMPTY_MAP>
2019-10-01 20:48:29,691 [pool-237-thread-1] INFO  server.RaftServerConfigKeys (ConfUtils.java:logGet(43)) - raft.server.sleep.deviation.threshold = 300 (default)
2019-10-01 20:48:29,691 [pool-267-thread-1] INFO  server.RaftServerConfigKeys (ConfUtils.java:logGet(43)) - raft.server.storage.dir = [/workdir/hadoop-ozone/integration-test/target/test-dir/MiniOzoneClusterImpl-938fedde-e8cb-4965-8e7f-34791526160a/datanode-6/data/ratis] (custom)
2019-10-01 20:48:29,691 [pool-237-thread-1] INFO  server.RaftServerConfigKeys (ConfUtils.java:logGet(43)) - raft.server.log.appender.install.snapshot.enabled = false (custom)
2019-10-01 20:48:29,691 [pool-267-thread-1] INFO  server.RaftServerConfigKeys (ConfUtils.java:logGet(43)) - raft.server.log.corruption.policy = EXCEPTION (default)
2019-10-01 20:48:29,691 [pool-237-thread-1] INFO  impl.RaftServerImpl (ServerState.java:<init>(103)) - fc3d8bb3-289a-4ce5-8467-859ccdd31fdc@group-CD124EF02974: ConfigurationManager, init=-1: [fd276549-113d-482b-a407-013b1b1cfc89:192.168.5.177:36553, ca11c19a-ce2a-40c8-9f7e-085bb4a2be2c:192.168.5.177:40588, fc3d8bb3-289a-4ce5-8467-859ccdd31fdc:192.168.5.177:40290], old=null, confs=<EMPTY_MAP>
2019-10-01 20:48:29,691 [pool-267-thread-1] INFO  storage.RaftStorageDirectory (RaftStorageDirectory.java:analyzeStorage(246)) - The storage directory /workdir/hadoop-ozone/integration-test/target/test-dir/MiniOzoneClusterImpl-938fedde-e8cb-4965-8e7f-34791526160a/datanode-6/data/ratis/e415b5fd-5b00-4f35-95ef-cd124ef02974 does not exist. Creating ...
2019-10-01 20:48:29,691 [pool-237-thread-1] INFO  server.RaftServerConfigKeys (ConfUtils.java:logGet(43)) - raft.server.storage.dir = [/workdir/hadoop-ozone/integration-test/target/test-dir/MiniOzoneClusterImpl-938fedde-e8cb-4965-8e7f-34791526160a/datanode-3/data/ratis] (custom)
2019-10-01 20:48:29,692 [pool-237-thread-1] INFO  server.RaftServerConfigKeys (ConfUtils.java:logGet(43)) - raft.server.log.corruption.policy = EXCEPTION (default)
2019-10-01 20:48:29,692 [pool-237-thread-1] INFO  storage.RaftStorageDirectory (RaftStorageDirectory.java:analyzeStorage(246)) - The storage directory /workdir/hadoop-ozone/integration-test/target/test-dir/MiniOzoneClusterImpl-938fedde-e8cb-4965-8e7f-34791526160a/datanode-3/data/ratis/e415b5fd-5b00-4f35-95ef-cd124ef02974 does not exist. Creating ...
2019-10-01 20:48:29,704 [pool-267-thread-1] INFO  storage.RaftStorageDirectory (RaftStorageDirectory.java:tryLock(328)) - Lock on /workdir/hadoop-ozone/integration-test/target/test-dir/MiniOzoneClusterImpl-938fedde-e8cb-4965-8e7f-34791526160a/datanode-6/data/ratis/e415b5fd-5b00-4f35-95ef-cd124ef02974/in_use.lock acquired by nodename 23198@pr-hdds-2213-2l6tc-3189445122
2019-10-01 20:48:29,704 [pool-237-thread-1] INFO  storage.RaftStorageDirectory (RaftStorageDirectory.java:tryLock(328)) - Lock on /workdir/hadoop-ozone/integration-test/target/test-dir/MiniOzoneClusterImpl-938fedde-e8cb-4965-8e7f-34791526160a/datanode-3/data/ratis/e415b5fd-5b00-4f35-95ef-cd124ef02974/in_use.lock acquired by nodename 23198@pr-hdds-2213-2l6tc-3189445122
2019-10-01 20:48:29,704 [pool-247-thread-1] INFO  storage.RaftStorageDirectory (RaftStorageDirectory.java:tryLock(328)) - Lock on /workdir/hadoop-ozone/integration-test/target/test-dir/MiniOzoneClusterImpl-938fedde-e8cb-4965-8e7f-34791526160a/datanode-4/data/ratis/e415b5fd-5b00-4f35-95ef-cd124ef02974/in_use.lock acquired by nodename 23198@pr-hdds-2213-2l6tc-3189445122
2019-10-01 20:48:29,726 [pool-267-thread-1] INFO  storage.RaftStorage (RaftStorage.java:format(84)) - Storage directory /workdir/hadoop-ozone/integration-test/target/test-dir/MiniOzoneClusterImpl-938fedde-e8cb-4965-8e7f-34791526160a/datanode-6/data/ratis/e415b5fd-5b00-4f35-95ef-cd124ef02974 has been successfully formatted.
2019-10-01 20:48:29,726 [pool-237-thread-1] INFO  storage.RaftStorage (RaftStorage.java:format(84)) - Storage directory /workdir/hadoop-ozone/integration-test/target/test-dir/MiniOzoneClusterImpl-938fedde-e8cb-4965-8e7f-34791526160a/datanode-3/data/ratis/e415b5fd-5b00-4f35-95ef-cd124ef02974 has been successfully formatted.
2019-10-01 20:48:29,726 [pool-247-thread-1] INFO  storage.RaftStorage (RaftStorage.java:format(84)) - Storage directory /workdir/hadoop-ozone/integration-test/target/test-dir/MiniOzoneClusterImpl-938fedde-e8cb-4965-8e7f-34791526160a/datanode-4/data/ratis/e415b5fd-5b00-4f35-95ef-cd124ef02974 has been successfully formatted.
2019-10-01 20:48:29,726 [pool-237-thread-1] INFO  ratis.ContainerStateMachine (ContainerStateMachine.java:loadSnapshot(230)) - group-CD124EF02974: The snapshot info is null. Setting the last applied indexto:(t:0, i:~)
2019-10-01 20:48:29,726 [pool-247-thread-1] INFO  ratis.ContainerStateMachine (ContainerStateMachine.java:loadSnapshot(230)) - group-CD124EF02974: The snapshot info is null. Setting the last applied indexto:(t:0, i:~)
2019-10-01 20:48:29,726 [pool-267-thread-1] INFO  ratis.ContainerStateMachine (ContainerStateMachine.java:loadSnapshot(230)) - group-CD124EF02974: The snapshot info is null. Setting the last applied indexto:(t:0, i:~)
2019-10-01 20:48:29,727 [pool-247-thread-1] INFO  server.RaftServerConfigKeys (ConfUtils.java:logGet(43)) - raft.server.notification.no-leader.timeout = 120s (custom)
2019-10-01 20:48:29,727 [pool-237-thread-1] INFO  server.RaftServerConfigKeys (ConfUtils.java:logGet(43)) - raft.server.notification.no-leader.timeout = 120s (custom)
2019-10-01 20:48:29,727 [pool-247-thread-1] INFO  server.RaftServerConfigKeys (ConfUtils.java:logGet(43)) - raft.server.log.use.memory = false (default)
2019-10-01 20:48:29,727 [pool-267-thread-1] INFO  server.RaftServerConfigKeys (ConfUtils.java:logGet(43)) - raft.server.notification.no-leader.timeout = 120s (custom)
2019-10-01 20:48:29,727 [pool-247-thread-1] INFO  server.RaftServerConfigKeys (ConfUtils.java:logGet(43)) - raft.server.log.purge.gap = 1000000 (custom)
2019-10-01 20:48:29,727 [pool-237-thread-1] INFO  server.RaftServerConfigKeys (ConfUtils.java:logGet(43)) - raft.server.log.use.memory = false (default)
2019-10-01 20:48:29,728 [pool-247-thread-1] INFO  server.RaftServerConfigKeys (ConfUtils.java:logGet(43)) - raft.server.log.appender.buffer.byte-limit = 33554432 (custom)
2019-10-01 20:48:29,728 [pool-267-thread-1] INFO  server.RaftServerConfigKeys (ConfUtils.java:logGet(43)) - raft.server.log.use.memory = false (default)
2019-10-01 20:48:29,728 [pool-247-thread-1] INFO  server.RaftServerConfigKeys (ConfUtils.java:logGet(43)) - raft.server.log.segment.size.max = 1048576 (custom)
2019-10-01 20:48:29,728 [pool-237-thread-1] INFO  server.RaftServerConfigKeys (ConfUtils.java:logGet(43)) - raft.server.log.purge.gap = 1000000 (custom)
2019-10-01 20:48:29,729 [pool-247-thread-1] INFO  server.RaftServerConfigKeys (ConfUtils.java:logGet(43)) - raft.server.log.segment.cache.num.max = 2 (custom)
2019-10-01 20:48:29,728 [pool-267-thread-1] INFO  server.RaftServerConfigKeys (ConfUtils.java:logGet(43)) - raft.server.log.purge.gap = 1000000 (custom)
2019-10-01 20:48:29,729 [pool-247-thread-1] INFO  segmented.SegmentedRaftLogWorker (SegmentedRaftLogWorker.java:<init>(173)) - new ca11c19a-ce2a-40c8-9f7e-085bb4a2be2c@group-CD124EF02974-SegmentedRaftLogWorker for RaftStorage:Storage Directory /workdir/hadoop-ozone/integration-test/target/test-dir/MiniOzoneClusterImpl-938fedde-e8cb-4965-8e7f-34791526160a/datanode-4/data/ratis/e415b5fd-5b00-4f35-95ef-cd124ef02974
2019-10-01 20:48:29,729 [pool-237-thread-1] INFO  server.RaftServerConfigKeys (ConfUtils.java:logGet(43)) - raft.server.log.appender.buffer.byte-limit = 33554432 (custom)
2019-10-01 20:48:29,729 [pool-247-thread-1] INFO  server.RaftServerConfigKeys (ConfUtils.java:logGet(43)) - raft.server.log.queue.byte-limit = 2147483647 (custom)
2019-10-01 20:48:29,729 [pool-267-thread-1] INFO  server.RaftServerConfigKeys (ConfUtils.java:logGet(43)) - raft.server.log.appender.buffer.byte-limit = 33554432 (custom)
2019-10-01 20:48:29,730 [pool-247-thread-1] INFO  server.RaftServerConfigKeys (ConfUtils.java:logGet(43)) - raft.server.log.queue.element-limit = 1024 (custom)
2019-10-01 20:48:29,729 [pool-237-thread-1] INFO  server.RaftServerConfigKeys (ConfUtils.java:logGet(43)) - raft.server.log.segment.size.max = 1048576 (custom)
2019-10-01 20:48:29,730 [pool-247-thread-1] INFO  server.RaftServerConfigKeys (ConfUtils.java:logGet(43)) - raft.server.log.segment.size.max = 1048576 (custom)
2019-10-01 20:48:29,730 [pool-267-thread-1] INFO  server.RaftServerConfigKeys (ConfUtils.java:logGet(43)) - raft.server.log.segment.size.max = 1048576 (custom)
2019-10-01 20:48:29,731 [pool-247-thread-1] INFO  server.RaftServerConfigKeys (ConfUtils.java:logGet(43)) - raft.server.log.preallocated.size = 16384 (custom)
2019-10-01 20:48:29,731 [pool-247-thread-1] INFO  server.RaftServerConfigKeys (ConfUtils.java:logGet(43)) - raft.server.log.write.buffer.size = 33554432 (custom)
2019-10-01 20:48:29,730 [pool-237-thread-1] INFO  server.RaftServerConfigKeys (ConfUtils.java:logGet(43)) - raft.server.log.segment.cache.num.max = 2 (custom)
2019-10-01 20:48:29,731 [pool-247-thread-1] INFO  server.RaftServerConfigKeys (ConfUtils.java:logGet(43)) - raft.server.log.force.sync.num = 128 (default)
2019-10-01 20:48:29,731 [pool-267-thread-1] INFO  server.RaftServerConfigKeys (ConfUtils.java:logGet(43)) - raft.server.log.segment.cache.num.max = 2 (custom)
2019-10-01 20:48:29,732 [pool-247-thread-1] INFO  server.RaftServerConfigKeys (ConfUtils.java:logGet(43)) - raft.server.log.statemachine.data.sync = true (default)
2019-10-01 20:48:29,732 [pool-237-thread-1] INFO  segmented.SegmentedRaftLogWorker (SegmentedRaftLogWorker.java:<init>(173)) - new fc3d8bb3-289a-4ce5-8467-859ccdd31fdc@group-CD124EF02974-SegmentedRaftLogWorker for RaftStorage:Storage Directory /workdir/hadoop-ozone/integration-test/target/test-dir/MiniOzoneClusterImpl-938fedde-e8cb-4965-8e7f-34791526160a/datanode-3/data/ratis/e415b5fd-5b00-4f35-95ef-cd124ef02974
2019-10-01 20:48:29,732 [pool-247-thread-1] INFO  server.RaftServerConfigKeys (ConfUtils.java:logGet(43)) - raft.server.log.statemachine.data.sync.timeout = 10s (default)
2019-10-01 20:48:29,732 [pool-267-thread-1] INFO  segmented.SegmentedRaftLogWorker (SegmentedRaftLogWorker.java:<init>(173)) - new fd276549-113d-482b-a407-013b1b1cfc89@group-CD124EF02974-SegmentedRaftLogWorker for RaftStorage:Storage Directory /workdir/hadoop-ozone/integration-test/target/test-dir/MiniOzoneClusterImpl-938fedde-e8cb-4965-8e7f-34791526160a/datanode-6/data/ratis/e415b5fd-5b00-4f35-95ef-cd124ef02974
2019-10-01 20:48:29,733 [pool-247-thread-1] INFO  server.RaftServerConfigKeys (ConfUtils.java:logGet(43)) - raft.server.log.statemachine.data.sync.timeout.retry = -1 (default)
2019-10-01 20:48:29,732 [pool-237-thread-1] INFO  server.RaftServerConfigKeys (ConfUtils.java:logGet(43)) - raft.server.log.queue.byte-limit = 2147483647 (custom)
2019-10-01 20:48:29,733 [pool-247-thread-1] INFO  server.RaftServerConfigKeys (ConfUtils.java:logGet(43)) - raft.server.log.statemachine.data.caching.enabled = true (custom)
2019-10-01 20:48:29,733 [pool-267-thread-1] INFO  server.RaftServerConfigKeys (ConfUtils.java:logGet(43)) - raft.server.log.queue.byte-limit = 2147483647 (custom)
2019-10-01 20:48:29,733 [pool-237-thread-1] INFO  server.RaftServerConfigKeys (ConfUtils.java:logGet(43)) - raft.server.log.queue.element-limit = 1024 (custom)
2019-10-01 20:48:29,734 [pool-247-thread-1] INFO  segmented.SegmentedRaftLogWorker (SegmentedRaftLogWorker.java:lambda$new$0(128)) - ca11c19a-ce2a-40c8-9f7e-085bb4a2be2c@group-CD124EF02974-SegmentedRaftLogWorker: flushIndex: setUnconditionally 0 -> -1
2019-10-01 20:48:29,734 [pool-267-thread-1] INFO  server.RaftServerConfigKeys (ConfUtils.java:logGet(43)) - raft.server.log.queue.element-limit = 1024 (custom)
2019-10-01 20:48:29,734 [pool-237-thread-1] INFO  server.RaftServerConfigKeys (ConfUtils.java:logGet(43)) - raft.server.log.segment.size.max = 1048576 (custom)
2019-10-01 20:48:29,734 [pool-267-thread-1] INFO  server.RaftServerConfigKeys (ConfUtils.java:logGet(43)) - raft.server.log.segment.size.max = 1048576 (custom)
2019-10-01 20:48:29,734 [pool-247-thread-1] INFO  server.RaftServerConfigKeys (ConfUtils.java:logGet(43)) - raft.server.snapshot.auto.trigger.enabled = true (custom)
2019-10-01 20:48:29,734 [pool-267-thread-1] INFO  server.RaftServerConfigKeys (ConfUtils.java:logGet(43)) - raft.server.log.preallocated.size = 16384 (custom)
2019-10-01 20:48:29,734 [pool-237-thread-1] INFO  server.RaftServerConfigKeys (ConfUtils.java:logGet(43)) - raft.server.log.preallocated.size = 16384 (custom)
2019-10-01 20:48:29,735 [pool-267-thread-1] INFO  server.RaftServerConfigKeys (ConfUtils.java:logGet(43)) - raft.server.log.write.buffer.size = 33554432 (custom)
2019-10-01 20:48:29,735 [pool-247-thread-1] INFO  server.RaftServerConfigKeys (ConfUtils.java:logGet(43)) - raft.server.snapshot.auto.trigger.threshold = 10000 (custom)
2019-10-01 20:48:29,735 [pool-267-thread-1] INFO  server.RaftServerConfigKeys (ConfUtils.java:logGet(43)) - raft.server.log.force.sync.num = 128 (default)
2019-10-01 20:48:29,735 [pool-237-thread-1] INFO  server.RaftServerConfigKeys (ConfUtils.java:logGet(43)) - raft.server.log.write.buffer.size = 33554432 (custom)
2019-10-01 20:48:29,735 [pool-267-thread-1] INFO  server.RaftServerConfigKeys (ConfUtils.java:logGet(43)) - raft.server.log.statemachine.data.sync = true (default)
2019-10-01 20:48:29,735 [pool-247-thread-1] INFO  server.RaftServerConfigKeys (ConfUtils.java:logGet(43)) - raft.server.snapshot.retention.file.num = 5 (custom)
2019-10-01 20:48:29,736 [pool-267-thread-1] INFO  server.RaftServerConfigKeys (ConfUtils.java:logGet(43)) - raft.server.log.statemachine.data.sync.timeout = 10s (default)
2019-10-01 20:48:29,735 [pool-237-thread-1] INFO  server.RaftServerConfigKeys (ConfUtils.java:logGet(43)) - raft.server.log.force.sync.num = 128 (default)
2019-10-01 20:48:29,736 [pool-267-thread-1] INFO  server.RaftServerConfigKeys (ConfUtils.java:logGet(43)) - raft.server.log.statemachine.data.sync.timeout.retry = -1 (default)
2019-10-01 20:48:29,736 [pool-247-thread-1] INFO  server.RaftServerConfigKeys (ConfUtils.java:logGet(43)) - raft.server.retrycache.expirytime = 600000ms (custom)
2019-10-01 20:48:29,736 [pool-267-thread-1] INFO  server.RaftServerConfigKeys (ConfUtils.java:logGet(43)) - raft.server.log.statemachine.data.caching.enabled = true (custom)
2019-10-01 20:48:29,736 [pool-237-thread-1] INFO  server.RaftServerConfigKeys (ConfUtils.java:logGet(43)) - raft.server.log.statemachine.data.sync = true (default)
2019-10-01 20:48:29,737 [pool-267-thread-1] INFO  segmented.SegmentedRaftLogWorker (SegmentedRaftLogWorker.java:lambda$new$0(128)) - fd276549-113d-482b-a407-013b1b1cfc89@group-CD124EF02974-SegmentedRaftLogWorker: flushIndex: setUnconditionally 0 -> -1
2019-10-01 20:48:29,737 [pool-237-thread-1] INFO  server.RaftServerConfigKeys (ConfUtils.java:logGet(43)) - raft.server.log.statemachine.data.sync.timeout = 10s (default)
2019-10-01 20:48:29,737 [pool-267-thread-1] INFO  server.RaftServerConfigKeys (ConfUtils.java:logGet(43)) - raft.server.snapshot.auto.trigger.enabled = true (custom)
2019-10-01 20:48:29,737 [pool-237-thread-1] INFO  server.RaftServerConfigKeys (ConfUtils.java:logGet(43)) - raft.server.log.statemachine.data.sync.timeout.retry = -1 (default)
2019-10-01 20:48:29,737 [pool-267-thread-1] INFO  server.RaftServerConfigKeys (ConfUtils.java:logGet(43)) - raft.server.snapshot.auto.trigger.threshold = 10000 (custom)
2019-10-01 20:48:29,737 [pool-237-thread-1] INFO  server.RaftServerConfigKeys (ConfUtils.java:logGet(43)) - raft.server.log.statemachine.data.caching.enabled = true (custom)
2019-10-01 20:48:29,737 [pool-267-thread-1] INFO  server.RaftServerConfigKeys (ConfUtils.java:logGet(43)) - raft.server.snapshot.retention.file.num = 5 (custom)
2019-10-01 20:48:29,738 [pool-267-thread-1] INFO  server.RaftServerConfigKeys (ConfUtils.java:logGet(43)) - raft.server.retrycache.expirytime = 600000ms (custom)
2019-10-01 20:48:29,738 [pool-237-thread-1] INFO  segmented.SegmentedRaftLogWorker (SegmentedRaftLogWorker.java:lambda$new$0(128)) - fc3d8bb3-289a-4ce5-8467-859ccdd31fdc@group-CD124EF02974-SegmentedRaftLogWorker: flushIndex: setUnconditionally 0 -> -1
2019-10-01 20:48:29,738 [pool-237-thread-1] INFO  server.RaftServerConfigKeys (ConfUtils.java:logGet(43)) - raft.server.snapshot.auto.trigger.enabled = true (custom)
2019-10-01 20:48:29,739 [pool-237-thread-1] INFO  server.RaftServerConfigKeys (ConfUtils.java:logGet(43)) - raft.server.snapshot.auto.trigger.threshold = 10000 (custom)
2019-10-01 20:48:29,739 [pool-237-thread-1] INFO  server.RaftServerConfigKeys (ConfUtils.java:logGet(43)) - raft.server.snapshot.retention.file.num = 5 (custom)
2019-10-01 20:48:29,739 [pool-237-thread-1] INFO  server.RaftServerConfigKeys (ConfUtils.java:logGet(43)) - raft.server.retrycache.expirytime = 600000ms (custom)
2019-10-01 20:48:29,739 [pool-247-thread-1] INFO  impl.RaftServerImpl (RaftServerImpl.java:start(181)) - ca11c19a-ce2a-40c8-9f7e-085bb4a2be2c@group-CD124EF02974: start as a follower, conf=-1: [fd276549-113d-482b-a407-013b1b1cfc89:192.168.5.177:36553, ca11c19a-ce2a-40c8-9f7e-085bb4a2be2c:192.168.5.177:40588, fc3d8bb3-289a-4ce5-8467-859ccdd31fdc:192.168.5.177:40290], old=null
2019-10-01 20:48:29,739 [pool-247-thread-1] INFO  impl.RaftServerImpl (RaftServerImpl.java:setRole(170)) - ca11c19a-ce2a-40c8-9f7e-085bb4a2be2c@group-CD124EF02974: changes role from      null to FOLLOWER at term 0 for startAsFollower
2019-10-01 20:48:29,740 [pool-247-thread-1] INFO  impl.RoleInfo (RoleInfo.java:updateAndGet(143)) - ca11c19a-ce2a-40c8-9f7e-085bb4a2be2c: start FollowerState
2019-10-01 20:48:29,740 [pool-247-thread-1] INFO  util.JmxRegister (JmxRegister.java:tryRegister(44)) - Successfully registered JMX Bean with object name Ratis:service=RaftServer,group=group-CD124EF02974,id=ca11c19a-ce2a-40c8-9f7e-085bb4a2be2c
2019-10-01 20:48:29,740 [pool-267-thread-1] INFO  impl.RaftServerImpl (RaftServerImpl.java:start(181)) - fd276549-113d-482b-a407-013b1b1cfc89@group-CD124EF02974: start as a follower, conf=-1: [fd276549-113d-482b-a407-013b1b1cfc89:192.168.5.177:36553, ca11c19a-ce2a-40c8-9f7e-085bb4a2be2c:192.168.5.177:40588, fc3d8bb3-289a-4ce5-8467-859ccdd31fdc:192.168.5.177:40290], old=null
2019-10-01 20:48:29,741 [pool-267-thread-1] INFO  impl.RaftServerImpl (RaftServerImpl.java:setRole(170)) - fd276549-113d-482b-a407-013b1b1cfc89@group-CD124EF02974: changes role from      null to FOLLOWER at term 0 for startAsFollower
2019-10-01 20:48:29,741 [pool-267-thread-1] INFO  impl.RoleInfo (RoleInfo.java:updateAndGet(143)) - fd276549-113d-482b-a407-013b1b1cfc89: start FollowerState
2019-10-01 20:48:29,741 [pool-267-thread-1] INFO  util.JmxRegister (JmxRegister.java:tryRegister(44)) - Successfully registered JMX Bean with object name Ratis:service=RaftServer,group=group-CD124EF02974,id=fd276549-113d-482b-a407-013b1b1cfc89
2019-10-01 20:48:29,742 [pool-237-thread-1] INFO  impl.RaftServerImpl (RaftServerImpl.java:start(181)) - fc3d8bb3-289a-4ce5-8467-859ccdd31fdc@group-CD124EF02974: start as a follower, conf=-1: [fd276549-113d-482b-a407-013b1b1cfc89:192.168.5.177:36553, ca11c19a-ce2a-40c8-9f7e-085bb4a2be2c:192.168.5.177:40588, fc3d8bb3-289a-4ce5-8467-859ccdd31fdc:192.168.5.177:40290], old=null
2019-10-01 20:48:29,742 [pool-237-thread-1] INFO  impl.RaftServerImpl (RaftServerImpl.java:setRole(170)) - fc3d8bb3-289a-4ce5-8467-859ccdd31fdc@group-CD124EF02974: changes role from      null to FOLLOWER at term 0 for startAsFollower
2019-10-01 20:48:29,743 [pool-237-thread-1] INFO  impl.RoleInfo (RoleInfo.java:updateAndGet(143)) - fc3d8bb3-289a-4ce5-8467-859ccdd31fdc: start FollowerState
2019-10-01 20:48:29,743 [pool-237-thread-1] INFO  util.JmxRegister (JmxRegister.java:tryRegister(44)) - Successfully registered JMX Bean with object name Ratis:service=RaftServer,group=group-CD124EF02974,id=fc3d8bb3-289a-4ce5-8467-859ccdd31fdc
2019-10-01 20:48:29,749 [RatisPipelineUtilsThread] INFO  pipeline.PipelineStateManager (PipelineStateManager.java:addPipeline(56)) - Created pipeline Pipeline[ Id: e415b5fd-5b00-4f35-95ef-cd124ef02974, Nodes: fd276549-113d-482b-a407-013b1b1cfc89{ip: 192.168.5.177, host: pr-hdds-2213-2l6tc-3189445122, networkLocation: /default-rack, certSerialId: null}ca11c19a-ce2a-40c8-9f7e-085bb4a2be2c{ip: 192.168.5.177, host: pr-hdds-2213-2l6tc-3189445122, networkLocation: /default-rack, certSerialId: null}fc3d8bb3-289a-4ce5-8467-859ccdd31fdc{ip: 192.168.5.177, host: pr-hdds-2213-2l6tc-3189445122, networkLocation: /default-rack, certSerialId: null}, Type:RATIS, Factor:THREE, State:OPEN]
2019-10-01 20:48:30,583 [main] INFO  ozone.MiniOzoneClusterImpl (MiniOzoneClusterImpl.java:lambda$waitForClusterToBeReady$0(147)) - Cluster is ready. Got 7 of 7 DN Heartbeats.
2019-10-01 20:48:30,631 [main] INFO  rpc.RpcClient (RpcClient.java:createVolume(276)) - Creating Volume: watchforcommithandlingtest, with jenkins1000 as owner.
2019-10-01 20:48:30,635 [IPC Server handler 1 on 32953] INFO  volume.OMVolumeCreateRequest (OMVolumeCreateRequest.java:validateAndUpdateCache(194)) - created volume:watchforcommithandlingtest for user:jenkins1000
2019-10-01 20:48:30,652 [main] INFO  rpc.RpcClient (RpcClient.java:createBucket(415)) - Creating Bucket: watchforcommithandlingtest/watchforcommithandlingtest, with Versioning false and Storage Type set to DISK and Encryption set to false 
2019-10-01 20:48:30,658 [main] INFO  ozone.MiniOzoneClusterImpl (MiniOzoneClusterImpl.java:getStorageContainerLocationClient(234)) - Creating StorageContainerLocationProtocol RPC client with address /0.0.0.0:33814
2019-10-01 20:48:32,159 [Thread-1395] INFO  container.ReplicationManager (ReplicationManager.java:start(162)) - Starting Replication Monitor Thread.
2019-10-01 20:48:32,162 [ReplicationMonitor] INFO  container.ReplicationManager (ReplicationManager.java:run(225)) - Replication Monitor Thread took 0 milliseconds for processing 1 containers.
2019-10-01 20:48:34,335 [Thread-1400] INFO  impl.FollowerState (FollowerState.java:run(108)) - 5eae8d89-2554-4fd6-97cf-239256c32a64@group-561EFD222EE9-FollowerState: change to CANDIDATE, lastRpcTime:5050ms, electionTimeout:5050ms
2019-10-01 20:48:34,336 [Thread-1400] INFO  impl.RoleInfo (RoleInfo.java:shutdownFollowerState(121)) - 5eae8d89-2554-4fd6-97cf-239256c32a64: shutdown FollowerState
2019-10-01 20:48:34,336 [Thread-1400] INFO  impl.RaftServerImpl (RaftServerImpl.java:setRole(170)) - 5eae8d89-2554-4fd6-97cf-239256c32a64@group-561EFD222EE9: changes role from  FOLLOWER to CANDIDATE at term 0 for changeToCandidate
2019-10-01 20:48:34,336 [Thread-1400] INFO  impl.RoleInfo (RoleInfo.java:updateAndGet(143)) - 5eae8d89-2554-4fd6-97cf-239256c32a64: start LeaderElection
2019-10-01 20:48:34,348 [Thread-1397] INFO  impl.FollowerState (FollowerState.java:run(108)) - 8d0405c5-db0d-40fd-a5c9-fcc8c0c78ea9@group-1B072EBBADEE-FollowerState: change to CANDIDATE, lastRpcTime:5134ms, electionTimeout:5134ms
2019-10-01 20:48:34,348 [Thread-1397] INFO  impl.RoleInfo (RoleInfo.java:shutdownFollowerState(121)) - 8d0405c5-db0d-40fd-a5c9-fcc8c0c78ea9: shutdown FollowerState
2019-10-01 20:48:34,348 [Thread-1397] INFO  impl.RaftServerImpl (RaftServerImpl.java:setRole(170)) - 8d0405c5-db0d-40fd-a5c9-fcc8c0c78ea9@group-1B072EBBADEE: changes role from  FOLLOWER to CANDIDATE at term 0 for changeToCandidate
2019-10-01 20:48:34,348 [Thread-1397] INFO  impl.RoleInfo (RoleInfo.java:updateAndGet(143)) - 8d0405c5-db0d-40fd-a5c9-fcc8c0c78ea9: start LeaderElection
2019-10-01 20:48:34,357 [5eae8d89-2554-4fd6-97cf-239256c32a64@group-561EFD222EE9-LeaderElection32] INFO  impl.LeaderElection (LeaderElection.java:askForVotes(178)) - 5eae8d89-2554-4fd6-97cf-239256c32a64@group-561EFD222EE9-LeaderElection32: begin an election at term 1 for -1: [5eae8d89-2554-4fd6-97cf-239256c32a64:192.168.5.177:39912], old=null
2019-10-01 20:48:34,357 [8d0405c5-db0d-40fd-a5c9-fcc8c0c78ea9@group-1B072EBBADEE-LeaderElection33] INFO  impl.LeaderElection (LeaderElection.java:askForVotes(178)) - 8d0405c5-db0d-40fd-a5c9-fcc8c0c78ea9@group-1B072EBBADEE-LeaderElection33: begin an election at term 1 for -1: [8d0405c5-db0d-40fd-a5c9-fcc8c0c78ea9:192.168.5.177:44527], old=null
2019-10-01 20:48:34,357 [5eae8d89-2554-4fd6-97cf-239256c32a64@group-561EFD222EE9-LeaderElection32] INFO  impl.RoleInfo (RoleInfo.java:shutdownLeaderElection(134)) - 5eae8d89-2554-4fd6-97cf-239256c32a64: shutdown LeaderElection
2019-10-01 20:48:34,357 [8d0405c5-db0d-40fd-a5c9-fcc8c0c78ea9@group-1B072EBBADEE-LeaderElection33] INFO  impl.RoleInfo (RoleInfo.java:shutdownLeaderElection(134)) - 8d0405c5-db0d-40fd-a5c9-fcc8c0c78ea9: shutdown LeaderElection
2019-10-01 20:48:34,357 [5eae8d89-2554-4fd6-97cf-239256c32a64@group-561EFD222EE9-LeaderElection32] INFO  impl.RaftServerImpl (RaftServerImpl.java:setRole(170)) - 5eae8d89-2554-4fd6-97cf-239256c32a64@group-561EFD222EE9: changes role from CANDIDATE to LEADER at term 1 for changeToLeader
2019-10-01 20:48:34,357 [8d0405c5-db0d-40fd-a5c9-fcc8c0c78ea9@group-1B072EBBADEE-LeaderElection33] INFO  impl.RaftServerImpl (RaftServerImpl.java:setRole(170)) - 8d0405c5-db0d-40fd-a5c9-fcc8c0c78ea9@group-1B072EBBADEE: changes role from CANDIDATE to LEADER at term 1 for changeToLeader
2019-10-01 20:48:34,357 [5eae8d89-2554-4fd6-97cf-239256c32a64@group-561EFD222EE9-LeaderElection32] INFO  impl.RaftServerImpl (ServerState.java:setLeader(255)) - 5eae8d89-2554-4fd6-97cf-239256c32a64@group-561EFD222EE9: change Leader from null to 5eae8d89-2554-4fd6-97cf-239256c32a64 at term 1 for becomeLeader, leader elected after 5080ms
2019-10-01 20:48:34,357 [8d0405c5-db0d-40fd-a5c9-fcc8c0c78ea9@group-1B072EBBADEE-LeaderElection33] INFO  impl.RaftServerImpl (ServerState.java:setLeader(255)) - 8d0405c5-db0d-40fd-a5c9-fcc8c0c78ea9@group-1B072EBBADEE: change Leader from null to 8d0405c5-db0d-40fd-a5c9-fcc8c0c78ea9 at term 1 for becomeLeader, leader elected after 5155ms
2019-10-01 20:48:34,358 [5eae8d89-2554-4fd6-97cf-239256c32a64@group-561EFD222EE9-LeaderElection32] INFO  server.RaftServerConfigKeys (ConfUtils.java:logGet(43)) - raft.server.staging.catchup.gap = 1000 (default)
2019-10-01 20:48:34,358 [8d0405c5-db0d-40fd-a5c9-fcc8c0c78ea9@group-1B072EBBADEE-LeaderElection33] INFO  server.RaftServerConfigKeys (ConfUtils.java:logGet(43)) - raft.server.staging.catchup.gap = 1000 (default)
2019-10-01 20:48:34,358 [5eae8d89-2554-4fd6-97cf-239256c32a64@group-561EFD222EE9-LeaderElection32] INFO  server.RaftServerConfigKeys (ConfUtils.java:logGet(43)) - raft.server.rpc.sleep.time = 25ms (default)
2019-10-01 20:48:34,358 [8d0405c5-db0d-40fd-a5c9-fcc8c0c78ea9@group-1B072EBBADEE-LeaderElection33] INFO  server.RaftServerConfigKeys (ConfUtils.java:logGet(43)) - raft.server.rpc.sleep.time = 25ms (default)
2019-10-01 20:48:34,358 [5eae8d89-2554-4fd6-97cf-239256c32a64@group-561EFD222EE9-LeaderElection32] INFO  server.RaftServerConfigKeys (ConfUtils.java:logGet(43)) - raft.server.write.element-limit = 4096 (default)
2019-10-01 20:48:34,358 [8d0405c5-db0d-40fd-a5c9-fcc8c0c78ea9@group-1B072EBBADEE-LeaderElection33] INFO  server.RaftServerConfigKeys (ConfUtils.java:logGet(43)) - raft.server.write.element-limit = 4096 (default)
2019-10-01 20:48:34,358 [5eae8d89-2554-4fd6-97cf-239256c32a64@group-561EFD222EE9-LeaderElection32] INFO  server.RaftServerConfigKeys (ConfUtils.java:logGet(43)) - raft.server.watch.timeout = 10s (default)
2019-10-01 20:48:34,359 [8d0405c5-db0d-40fd-a5c9-fcc8c0c78ea9@group-1B072EBBADEE-LeaderElection33] INFO  server.RaftServerConfigKeys (ConfUtils.java:logGet(43)) - raft.server.watch.timeout = 10s (default)
2019-10-01 20:48:34,359 [5eae8d89-2554-4fd6-97cf-239256c32a64@group-561EFD222EE9-LeaderElection32] INFO  server.RaftServerConfigKeys (ConfUtils.java:logGet(43)) - raft.server.watch.timeout.denomination = 1s (default)
2019-10-01 20:48:34,359 [8d0405c5-db0d-40fd-a5c9-fcc8c0c78ea9@group-1B072EBBADEE-LeaderElection33] INFO  server.RaftServerConfigKeys (ConfUtils.java:logGet(43)) - raft.server.watch.timeout.denomination = 1s (default)
2019-10-01 20:48:34,359 [5eae8d89-2554-4fd6-97cf-239256c32a64@group-561EFD222EE9-LeaderElection32] INFO  server.RaftServerConfigKeys (ConfUtils.java:logGet(43)) - raft.server.watch.element-limit = 65536 (default)
2019-10-01 20:48:34,359 [8d0405c5-db0d-40fd-a5c9-fcc8c0c78ea9@group-1B072EBBADEE-LeaderElection33] INFO  server.RaftServerConfigKeys (ConfUtils.java:logGet(43)) - raft.server.watch.element-limit = 65536 (default)
2019-10-01 20:48:34,361 [5eae8d89-2554-4fd6-97cf-239256c32a64@group-561EFD222EE9-LeaderElection32] INFO  impl.RoleInfo (RoleInfo.java:updateAndGet(143)) - 5eae8d89-2554-4fd6-97cf-239256c32a64: start LeaderState
2019-10-01 20:48:34,362 [5eae8d89-2554-4fd6-97cf-239256c32a64@group-561EFD222EE9-LeaderElection32] INFO  segmented.SegmentedRaftLogWorker (SegmentedRaftLogWorker.java:startLogSegment(385)) - 5eae8d89-2554-4fd6-97cf-239256c32a64@group-561EFD222EE9-SegmentedRaftLogWorker: Starting segment from index:0
2019-10-01 20:48:34,362 [8d0405c5-db0d-40fd-a5c9-fcc8c0c78ea9@group-1B072EBBADEE-LeaderElection33] INFO  impl.RoleInfo (RoleInfo.java:updateAndGet(143)) - 8d0405c5-db0d-40fd-a5c9-fcc8c0c78ea9: start LeaderState
2019-10-01 20:48:34,362 [8d0405c5-db0d-40fd-a5c9-fcc8c0c78ea9@group-1B072EBBADEE-LeaderElection33] INFO  segmented.SegmentedRaftLogWorker (SegmentedRaftLogWorker.java:startLogSegment(385)) - 8d0405c5-db0d-40fd-a5c9-fcc8c0c78ea9@group-1B072EBBADEE-SegmentedRaftLogWorker: Starting segment from index:0
2019-10-01 20:48:34,363 [5eae8d89-2554-4fd6-97cf-239256c32a64@group-561EFD222EE9-LeaderElection32] INFO  impl.RaftServerImpl (ServerState.java:setRaftConf(356)) - 5eae8d89-2554-4fd6-97cf-239256c32a64@group-561EFD222EE9: set configuration 0: [5eae8d89-2554-4fd6-97cf-239256c32a64:192.168.5.177:39912], old=null at 0
2019-10-01 20:48:34,363 [8d0405c5-db0d-40fd-a5c9-fcc8c0c78ea9@group-1B072EBBADEE-LeaderElection33] INFO  impl.RaftServerImpl (ServerState.java:setRaftConf(356)) - 8d0405c5-db0d-40fd-a5c9-fcc8c0c78ea9@group-1B072EBBADEE: set configuration 0: [8d0405c5-db0d-40fd-a5c9-fcc8c0c78ea9:192.168.5.177:44527], old=null at 0
2019-10-01 20:48:34,399 [8d0405c5-db0d-40fd-a5c9-fcc8c0c78ea9@group-1B072EBBADEE-SegmentedRaftLogWorker] INFO  segmented.SegmentedRaftLogWorker (SegmentedRaftLogWorker.java:execute(574)) - 8d0405c5-db0d-40fd-a5c9-fcc8c0c78ea9@group-1B072EBBADEE-SegmentedRaftLogWorker: created new log segment /workdir/hadoop-ozone/integration-test/target/test-dir/MiniOzoneClusterImpl-938fedde-e8cb-4965-8e7f-34791526160a/datanode-0/data/ratis/9d06f42b-12f2-4dac-abec-1b072ebbadee/current/log_inprogress_0
2019-10-01 20:48:34,399 [5eae8d89-2554-4fd6-97cf-239256c32a64@group-561EFD222EE9-SegmentedRaftLogWorker] INFO  segmented.SegmentedRaftLogWorker (SegmentedRaftLogWorker.java:execute(574)) - 5eae8d89-2554-4fd6-97cf-239256c32a64@group-561EFD222EE9-SegmentedRaftLogWorker: created new log segment /workdir/hadoop-ozone/integration-test/target/test-dir/MiniOzoneClusterImpl-938fedde-e8cb-4965-8e7f-34791526160a/datanode-1/data/ratis/12588547-c1fa-432f-a9cf-561efd222ee9/current/log_inprogress_0
2019-10-01 20:48:34,434 [Thread-1409] INFO  impl.FollowerState (FollowerState.java:run(108)) - 5eae8d89-2554-4fd6-97cf-239256c32a64@group-3D723BC38E81-FollowerState: change to CANDIDATE, lastRpcTime:5041ms, electionTimeout:5041ms
2019-10-01 20:48:34,434 [Thread-1409] INFO  impl.RoleInfo (RoleInfo.java:shutdownFollowerState(121)) - 5eae8d89-2554-4fd6-97cf-239256c32a64: shutdown FollowerState
2019-10-01 20:48:34,434 [Thread-1409] INFO  impl.RaftServerImpl (RaftServerImpl.java:setRole(170)) - 5eae8d89-2554-4fd6-97cf-239256c32a64@group-3D723BC38E81: changes role from  FOLLOWER to CANDIDATE at term 0 for changeToCandidate
2019-10-01 20:48:34,435 [Thread-1409] INFO  impl.RoleInfo (RoleInfo.java:updateAndGet(143)) - 5eae8d89-2554-4fd6-97cf-239256c32a64: start LeaderElection
2019-10-01 20:48:34,445 [Thread-1407] INFO  impl.FollowerState (FollowerState.java:run(108)) - 8d0405c5-db0d-40fd-a5c9-fcc8c0c78ea9@group-3D723BC38E81-FollowerState: change to CANDIDATE, lastRpcTime:5053ms, electionTimeout:5053ms
2019-10-01 20:48:34,445 [Thread-1407] INFO  impl.RoleInfo (RoleInfo.java:shutdownFollowerState(121)) - 8d0405c5-db0d-40fd-a5c9-fcc8c0c78ea9: shutdown FollowerState
2019-10-01 20:48:34,445 [Thread-1407] INFO  impl.RaftServerImpl (RaftServerImpl.java:setRole(170)) - 8d0405c5-db0d-40fd-a5c9-fcc8c0c78ea9@group-3D723BC38E81: changes role from  FOLLOWER to CANDIDATE at term 0 for changeToCandidate
2019-10-01 20:48:34,445 [Thread-1407] INFO  impl.RoleInfo (RoleInfo.java:updateAndGet(143)) - 8d0405c5-db0d-40fd-a5c9-fcc8c0c78ea9: start LeaderElection
2019-10-01 20:48:34,456 [5eae8d89-2554-4fd6-97cf-239256c32a64@group-3D723BC38E81-LeaderElection34] INFO  impl.LeaderElection (LeaderElection.java:askForVotes(178)) - 5eae8d89-2554-4fd6-97cf-239256c32a64@group-3D723BC38E81-LeaderElection34: begin an election at term 1 for -1: [364d6562-bb48-4b36-aaf0-ec4292e9bf14:192.168.5.177:35815, 5eae8d89-2554-4fd6-97cf-239256c32a64:192.168.5.177:39912, 8d0405c5-db0d-40fd-a5c9-fcc8c0c78ea9:192.168.5.177:44527], old=null
2019-10-01 20:48:34,456 [8d0405c5-db0d-40fd-a5c9-fcc8c0c78ea9@group-3D723BC38E81-LeaderElection35] INFO  impl.LeaderElection (LeaderElection.java:askForVotes(178)) - 8d0405c5-db0d-40fd-a5c9-fcc8c0c78ea9@group-3D723BC38E81-LeaderElection35: begin an election at term 1 for -1: [364d6562-bb48-4b36-aaf0-ec4292e9bf14:192.168.5.177:35815, 5eae8d89-2554-4fd6-97cf-239256c32a64:192.168.5.177:39912, 8d0405c5-db0d-40fd-a5c9-fcc8c0c78ea9:192.168.5.177:44527], old=null
2019-10-01 20:48:34,464 [grpc-default-executor-8] INFO  impl.RaftServerImpl (RaftServerImpl.java:setRole(170)) - 364d6562-bb48-4b36-aaf0-ec4292e9bf14@group-3D723BC38E81: changes role from  FOLLOWER to FOLLOWER at term 1 for recognizeCandidate:5eae8d89-2554-4fd6-97cf-239256c32a64
2019-10-01 20:48:34,464 [grpc-default-executor-8] INFO  impl.RoleInfo (RoleInfo.java:shutdownFollowerState(121)) - 364d6562-bb48-4b36-aaf0-ec4292e9bf14: shutdown FollowerState
2019-10-01 20:48:34,464 [grpc-default-executor-8] INFO  impl.RoleInfo (RoleInfo.java:updateAndGet(143)) - 364d6562-bb48-4b36-aaf0-ec4292e9bf14: start FollowerState
2019-10-01 20:48:34,464 [Thread-1410] INFO  impl.FollowerState (FollowerState.java:run(117)) - 364d6562-bb48-4b36-aaf0-ec4292e9bf14@group-3D723BC38E81-FollowerState was interrupted: java.lang.InterruptedException: sleep interrupted
2019-10-01 20:48:34,476 [Thread-1403] INFO  impl.FollowerState (FollowerState.java:run(108)) - 364d6562-bb48-4b36-aaf0-ec4292e9bf14@group-87C1546A95EB-FollowerState: change to CANDIDATE, lastRpcTime:5141ms, electionTimeout:5141ms
2019-10-01 20:48:34,476 [Thread-1403] INFO  impl.RoleInfo (RoleInfo.java:shutdownFollowerState(121)) - 364d6562-bb48-4b36-aaf0-ec4292e9bf14: shutdown FollowerState
2019-10-01 20:48:34,476 [Thread-1403] INFO  impl.RaftServerImpl (RaftServerImpl.java:setRole(170)) - 364d6562-bb48-4b36-aaf0-ec4292e9bf14@group-87C1546A95EB: changes role from  FOLLOWER to CANDIDATE at term 0 for changeToCandidate
2019-10-01 20:48:34,477 [Thread-1403] INFO  impl.RoleInfo (RoleInfo.java:updateAndGet(143)) - 364d6562-bb48-4b36-aaf0-ec4292e9bf14: start LeaderElection
2019-10-01 20:48:34,483 [8d0405c5-db0d-40fd-a5c9-fcc8c0c78ea9@group-3D723BC38E81-LeaderElection35] INFO  impl.LeaderElection (LeaderElection.java:logAndReturn(56)) - 8d0405c5-db0d-40fd-a5c9-fcc8c0c78ea9@group-3D723BC38E81-LeaderElection35: Election REJECTED; received 2 response(s) [8d0405c5-db0d-40fd-a5c9-fcc8c0c78ea9<-5eae8d89-2554-4fd6-97cf-239256c32a64#0:FAIL-t1, 8d0405c5-db0d-40fd-a5c9-fcc8c0c78ea9<-364d6562-bb48-4b36-aaf0-ec4292e9bf14#0:FAIL-t1] and 0 exception(s); 8d0405c5-db0d-40fd-a5c9-fcc8c0c78ea9@group-3D723BC38E81:t1, leader=null, voted=8d0405c5-db0d-40fd-a5c9-fcc8c0c78ea9, raftlog=8d0405c5-db0d-40fd-a5c9-fcc8c0c78ea9@group-3D723BC38E81-SegmentedRaftLog:OPENED:c-1,f-1,i0, conf=-1: [364d6562-bb48-4b36-aaf0-ec4292e9bf14:192.168.5.177:35815, 5eae8d89-2554-4fd6-97cf-239256c32a64:192.168.5.177:39912, 8d0405c5-db0d-40fd-a5c9-fcc8c0c78ea9:192.168.5.177:44527], old=null
2019-10-01 20:48:34,483 [8d0405c5-db0d-40fd-a5c9-fcc8c0c78ea9@group-3D723BC38E81-LeaderElection35] INFO  impl.RaftServerImpl (RaftServerImpl.java:setRole(170)) - 8d0405c5-db0d-40fd-a5c9-fcc8c0c78ea9@group-3D723BC38E81: changes role from CANDIDATE to FOLLOWER at term 1 for DISCOVERED_A_NEW_TERM
2019-10-01 20:48:34,483 [5eae8d89-2554-4fd6-97cf-239256c32a64@group-3D723BC38E81-LeaderElection34] INFO  impl.LeaderElection (LeaderElection.java:logAndReturn(56)) - 5eae8d89-2554-4fd6-97cf-239256c32a64@group-3D723BC38E81-LeaderElection34: Election PASSED; received 2 response(s) [5eae8d89-2554-4fd6-97cf-239256c32a64<-364d6562-bb48-4b36-aaf0-ec4292e9bf14#0:OK-t1, 5eae8d89-2554-4fd6-97cf-239256c32a64<-8d0405c5-db0d-40fd-a5c9-fcc8c0c78ea9#0:FAIL-t1] and 0 exception(s); 5eae8d89-2554-4fd6-97cf-239256c32a64@group-3D723BC38E81:t1, leader=null, voted=5eae8d89-2554-4fd6-97cf-239256c32a64, raftlog=5eae8d89-2554-4fd6-97cf-239256c32a64@group-3D723BC38E81-SegmentedRaftLog:OPENED:c-1,f-1,i0, conf=-1: [364d6562-bb48-4b36-aaf0-ec4292e9bf14:192.168.5.177:35815, 5eae8d89-2554-4fd6-97cf-239256c32a64:192.168.5.177:39912, 8d0405c5-db0d-40fd-a5c9-fcc8c0c78ea9:192.168.5.177:44527], old=null
2019-10-01 20:48:34,485 [364d6562-bb48-4b36-aaf0-ec4292e9bf14@group-87C1546A95EB-LeaderElection36] INFO  impl.LeaderElection (LeaderElection.java:askForVotes(178)) - 364d6562-bb48-4b36-aaf0-ec4292e9bf14@group-87C1546A95EB-LeaderElection36: begin an election at term 1 for -1: [364d6562-bb48-4b36-aaf0-ec4292e9bf14:192.168.5.177:35815], old=null
2019-10-01 20:48:34,483 [8d0405c5-db0d-40fd-a5c9-fcc8c0c78ea9@group-3D723BC38E81-LeaderElection35] INFO  impl.RoleInfo (RoleInfo.java:shutdownLeaderElection(134)) - 8d0405c5-db0d-40fd-a5c9-fcc8c0c78ea9: shutdown LeaderElection
2019-10-01 20:48:34,485 [5eae8d89-2554-4fd6-97cf-239256c32a64@group-3D723BC38E81-LeaderElection34] INFO  impl.RoleInfo (RoleInfo.java:shutdownLeaderElection(134)) - 5eae8d89-2554-4fd6-97cf-239256c32a64: shutdown LeaderElection
2019-10-01 20:48:34,487 [8d0405c5-db0d-40fd-a5c9-fcc8c0c78ea9@group-3D723BC38E81-LeaderElection35] INFO  impl.RoleInfo (RoleInfo.java:updateAndGet(143)) - 8d0405c5-db0d-40fd-a5c9-fcc8c0c78ea9: start FollowerState
2019-10-01 20:48:34,487 [364d6562-bb48-4b36-aaf0-ec4292e9bf14@group-87C1546A95EB-LeaderElection36] INFO  impl.RoleInfo (RoleInfo.java:shutdownLeaderElection(134)) - 364d6562-bb48-4b36-aaf0-ec4292e9bf14: shutdown LeaderElection
2019-10-01 20:48:34,487 [5eae8d89-2554-4fd6-97cf-239256c32a64@group-3D723BC38E81-LeaderElection34] INFO  impl.RaftServerImpl (RaftServerImpl.java:setRole(170)) - 5eae8d89-2554-4fd6-97cf-239256c32a64@group-3D723BC38E81: changes role from CANDIDATE to LEADER at term 1 for changeToLeader
2019-10-01 20:48:34,487 [364d6562-bb48-4b36-aaf0-ec4292e9bf14@group-87C1546A95EB-LeaderElection36] INFO  impl.RaftServerImpl (RaftServerImpl.java:setRole(170)) - 364d6562-bb48-4b36-aaf0-ec4292e9bf14@group-87C1546A95EB: changes role from CANDIDATE to LEADER at term 1 for changeToLeader
2019-10-01 20:48:34,487 [5eae8d89-2554-4fd6-97cf-239256c32a64@group-3D723BC38E81-LeaderElection34] INFO  impl.RaftServerImpl (ServerState.java:setLeader(255)) - 5eae8d89-2554-4fd6-97cf-239256c32a64@group-3D723BC38E81: change Leader from null to 5eae8d89-2554-4fd6-97cf-239256c32a64 at term 1 for becomeLeader, leader elected after 5107ms
2019-10-01 20:48:34,488 [364d6562-bb48-4b36-aaf0-ec4292e9bf14@group-87C1546A95EB-LeaderElection36] INFO  impl.RaftServerImpl (ServerState.java:setLeader(255)) - 364d6562-bb48-4b36-aaf0-ec4292e9bf14@group-87C1546A95EB: change Leader from null to 364d6562-bb48-4b36-aaf0-ec4292e9bf14 at term 1 for becomeLeader, leader elected after 5160ms
2019-10-01 20:48:34,488 [5eae8d89-2554-4fd6-97cf-239256c32a64@group-3D723BC38E81-LeaderElection34] INFO  server.RaftServerConfigKeys (ConfUtils.java:logGet(43)) - raft.server.staging.catchup.gap = 1000 (default)
2019-10-01 20:48:34,488 [364d6562-bb48-4b36-aaf0-ec4292e9bf14@group-87C1546A95EB-LeaderElection36] INFO  server.RaftServerConfigKeys (ConfUtils.java:logGet(43)) - raft.server.staging.catchup.gap = 1000 (default)
2019-10-01 20:48:34,488 [5eae8d89-2554-4fd6-97cf-239256c32a64@group-3D723BC38E81-LeaderElection34] INFO  server.RaftServerConfigKeys (ConfUtils.java:logGet(43)) - raft.server.rpc.sleep.time = 25ms (default)
2019-10-01 20:48:34,488 [364d6562-bb48-4b36-aaf0-ec4292e9bf14@group-87C1546A95EB-LeaderElection36] INFO  server.RaftServerConfigKeys (ConfUtils.java:logGet(43)) - raft.server.rpc.sleep.time = 25ms (default)
2019-10-01 20:48:34,488 [5eae8d89-2554-4fd6-97cf-239256c32a64@group-3D723BC38E81-LeaderElection34] INFO  server.RaftServerConfigKeys (ConfUtils.java:logGet(43)) - raft.server.write.element-limit = 4096 (default)
2019-10-01 20:48:34,488 [364d6562-bb48-4b36-aaf0-ec4292e9bf14@group-87C1546A95EB-LeaderElection36] INFO  server.RaftServerConfigKeys (ConfUtils.java:logGet(43)) - raft.server.write.element-limit = 4096 (default)
2019-10-01 20:48:34,488 [5eae8d89-2554-4fd6-97cf-239256c32a64@group-3D723BC38E81-LeaderElection34] INFO  server.RaftServerConfigKeys (ConfUtils.java:logGet(43)) - raft.server.watch.timeout = 10s (default)
2019-10-01 20:48:34,489 [364d6562-bb48-4b36-aaf0-ec4292e9bf14@group-87C1546A95EB-LeaderElection36] INFO  server.RaftServerConfigKeys (ConfUtils.java:logGet(43)) - raft.server.watch.timeout = 10s (default)
2019-10-01 20:48:34,489 [5eae8d89-2554-4fd6-97cf-239256c32a64@group-3D723BC38E81-LeaderElection34] INFO  server.RaftServerConfigKeys (ConfUtils.java:logGet(43)) - raft.server.watch.timeout.denomination = 1s (default)
2019-10-01 20:48:34,489 [364d6562-bb48-4b36-aaf0-ec4292e9bf14@group-87C1546A95EB-LeaderElection36] INFO  server.RaftServerConfigKeys (ConfUtils.java:logGet(43)) - raft.server.watch.timeout.denomination = 1s (default)
2019-10-01 20:48:34,489 [5eae8d89-2554-4fd6-97cf-239256c32a64@group-3D723BC38E81-LeaderElection34] INFO  server.RaftServerConfigKeys (ConfUtils.java:logGet(43)) - raft.server.watch.element-limit = 65536 (default)
2019-10-01 20:48:34,489 [364d6562-bb48-4b36-aaf0-ec4292e9bf14@group-87C1546A95EB-LeaderElection36] INFO  server.RaftServerConfigKeys (ConfUtils.java:logGet(43)) - raft.server.watch.element-limit = 65536 (default)
2019-10-01 20:48:34,492 [5eae8d89-2554-4fd6-97cf-239256c32a64@group-3D723BC38E81-LeaderElection34] INFO  server.RaftServerConfigKeys (ConfUtils.java:logGet(43)) - raft.server.log.appender.snapshot.chunk.size.max = 16MB (=16777216) (default)
2019-10-01 20:48:34,492 [364d6562-bb48-4b36-aaf0-ec4292e9bf14@group-87C1546A95EB-LeaderElection36] INFO  impl.RoleInfo (RoleInfo.java:updateAndGet(143)) - 364d6562-bb48-4b36-aaf0-ec4292e9bf14: start LeaderState
2019-10-01 20:48:34,492 [5eae8d89-2554-4fd6-97cf-239256c32a64@group-3D723BC38E81-LeaderElection34] INFO  server.RaftServerConfigKeys (ConfUtils.java:logGet(43)) - raft.server.log.appender.buffer.byte-limit = 33554432 (custom)
2019-10-01 20:48:34,492 [5eae8d89-2554-4fd6-97cf-239256c32a64@group-3D723BC38E81-LeaderElection34] INFO  server.RaftServerConfigKeys (ConfUtils.java:logGet(43)) - raft.server.log.appender.buffer.element-limit = 1 (custom)
2019-10-01 20:48:34,493 [364d6562-bb48-4b36-aaf0-ec4292e9bf14@group-87C1546A95EB-LeaderElection36] INFO  segmented.SegmentedRaftLogWorker (SegmentedRaftLogWorker.java:startLogSegment(385)) - 364d6562-bb48-4b36-aaf0-ec4292e9bf14@group-87C1546A95EB-SegmentedRaftLogWorker: Starting segment from index:0
2019-10-01 20:48:34,493 [5eae8d89-2554-4fd6-97cf-239256c32a64@group-3D723BC38E81-LeaderElection34] INFO  grpc.GrpcConfigKeys$Server (ConfUtils.java:logGet(43)) - raft.grpc.server.leader.outstanding.appends.max = 128 (default)
2019-10-01 20:48:34,493 [5eae8d89-2554-4fd6-97cf-239256c32a64@group-3D723BC38E81-LeaderElection34] INFO  server.RaftServerConfigKeys (ConfUtils.java:logGet(43)) - raft.server.rpc.request.timeout = 3000ms (default)
2019-10-01 20:48:34,493 [5eae8d89-2554-4fd6-97cf-239256c32a64@group-3D723BC38E81-LeaderElection34] INFO  server.RaftServerConfigKeys (ConfUtils.java:logGet(43)) - raft.server.log.appender.install.snapshot.enabled = false (custom)
2019-10-01 20:48:34,493 [364d6562-bb48-4b36-aaf0-ec4292e9bf14@group-87C1546A95EB-LeaderElection36] INFO  impl.RaftServerImpl (ServerState.java:setRaftConf(356)) - 364d6562-bb48-4b36-aaf0-ec4292e9bf14@group-87C1546A95EB: set configuration 0: [364d6562-bb48-4b36-aaf0-ec4292e9bf14:192.168.5.177:35815], old=null at 0
2019-10-01 20:48:34,493 [5eae8d89-2554-4fd6-97cf-239256c32a64@group-3D723BC38E81-LeaderElection34] INFO  server.RaftServerConfigKeys (ConfUtils.java:logGet(43)) - raft.server.log.appender.snapshot.chunk.size.max = 16MB (=16777216) (default)
2019-10-01 20:48:34,494 [5eae8d89-2554-4fd6-97cf-239256c32a64@group-3D723BC38E81-LeaderElection34] INFO  server.RaftServerConfigKeys (ConfUtils.java:logGet(43)) - raft.server.log.appender.buffer.byte-limit = 33554432 (custom)
2019-10-01 20:48:34,494 [5eae8d89-2554-4fd6-97cf-239256c32a64@group-3D723BC38E81-LeaderElection34] INFO  server.RaftServerConfigKeys (ConfUtils.java:logGet(43)) - raft.server.log.appender.buffer.element-limit = 1 (custom)
2019-10-01 20:48:34,494 [5eae8d89-2554-4fd6-97cf-239256c32a64@group-3D723BC38E81-LeaderElection34] INFO  grpc.GrpcConfigKeys$Server (ConfUtils.java:logGet(43)) - raft.grpc.server.leader.outstanding.appends.max = 128 (default)
2019-10-01 20:48:34,494 [5eae8d89-2554-4fd6-97cf-239256c32a64@group-3D723BC38E81-LeaderElection34] INFO  server.RaftServerConfigKeys (ConfUtils.java:logGet(43)) - raft.server.rpc.request.timeout = 3000ms (default)
2019-10-01 20:48:34,494 [5eae8d89-2554-4fd6-97cf-239256c32a64@group-3D723BC38E81-LeaderElection34] INFO  server.RaftServerConfigKeys (ConfUtils.java:logGet(43)) - raft.server.log.appender.install.snapshot.enabled = false (custom)
2019-10-01 20:48:34,495 [5eae8d89-2554-4fd6-97cf-239256c32a64@group-3D723BC38E81-LeaderElection34] INFO  impl.RoleInfo (RoleInfo.java:updateAndGet(143)) - 5eae8d89-2554-4fd6-97cf-239256c32a64: start LeaderState
2019-10-01 20:48:34,495 [5eae8d89-2554-4fd6-97cf-239256c32a64@group-3D723BC38E81-LeaderElection34] INFO  segmented.SegmentedRaftLogWorker (SegmentedRaftLogWorker.java:startLogSegment(385)) - 5eae8d89-2554-4fd6-97cf-239256c32a64@group-3D723BC38E81-SegmentedRaftLogWorker: Starting segment from index:0
2019-10-01 20:48:34,496 [5eae8d89-2554-4fd6-97cf-239256c32a64@group-3D723BC38E81-LeaderElection34] INFO  impl.RaftServerImpl (ServerState.java:setRaftConf(356)) - 5eae8d89-2554-4fd6-97cf-239256c32a64@group-3D723BC38E81: set configuration 0: [364d6562-bb48-4b36-aaf0-ec4292e9bf14:192.168.5.177:35815, 5eae8d89-2554-4fd6-97cf-239256c32a64:192.168.5.177:39912, 8d0405c5-db0d-40fd-a5c9-fcc8c0c78ea9:192.168.5.177:44527], old=null at 0
2019-10-01 20:48:34,498 [grpc-default-executor-5] INFO  impl.RaftServerImpl (ServerState.java:setLeader(255)) - 8d0405c5-db0d-40fd-a5c9-fcc8c0c78ea9@group-3D723BC38E81: change Leader from null to 5eae8d89-2554-4fd6-97cf-239256c32a64 at term 1 for appendEntries, leader elected after 5116ms
2019-10-01 20:48:34,498 [grpc-default-executor-8] INFO  impl.RaftServerImpl (ServerState.java:setLeader(255)) - 364d6562-bb48-4b36-aaf0-ec4292e9bf14@group-3D723BC38E81: change Leader from null to 5eae8d89-2554-4fd6-97cf-239256c32a64 at term 1 for appendEntries, leader elected after 5117ms
2019-10-01 20:48:34,500 [grpc-default-executor-5] INFO  impl.RaftServerImpl (ServerState.java:setRaftConf(356)) - 364d6562-bb48-4b36-aaf0-ec4292e9bf14@group-3D723BC38E81: set configuration 0: [364d6562-bb48-4b36-aaf0-ec4292e9bf14:192.168.5.177:35815, 5eae8d89-2554-4fd6-97cf-239256c32a64:192.168.5.177:39912, 8d0405c5-db0d-40fd-a5c9-fcc8c0c78ea9:192.168.5.177:44527], old=null at 0
2019-10-01 20:48:34,500 [grpc-default-executor-8] INFO  impl.RaftServerImpl (ServerState.java:setRaftConf(356)) - 8d0405c5-db0d-40fd-a5c9-fcc8c0c78ea9@group-3D723BC38E81: set configuration 0: [364d6562-bb48-4b36-aaf0-ec4292e9bf14:192.168.5.177:35815, 5eae8d89-2554-4fd6-97cf-239256c32a64:192.168.5.177:39912, 8d0405c5-db0d-40fd-a5c9-fcc8c0c78ea9:192.168.5.177:44527], old=null at 0
2019-10-01 20:48:34,501 [grpc-default-executor-5] INFO  segmented.SegmentedRaftLogWorker (SegmentedRaftLogWorker.java:startLogSegment(385)) - 364d6562-bb48-4b36-aaf0-ec4292e9bf14@group-3D723BC38E81-SegmentedRaftLogWorker: Starting segment from index:0
2019-10-01 20:48:34,501 [grpc-default-executor-8] INFO  segmented.SegmentedRaftLogWorker (SegmentedRaftLogWorker.java:startLogSegment(385)) - 8d0405c5-db0d-40fd-a5c9-fcc8c0c78ea9@group-3D723BC38E81-SegmentedRaftLogWorker: Starting segment from index:0
2019-10-01 20:48:34,533 [364d6562-bb48-4b36-aaf0-ec4292e9bf14@group-87C1546A95EB-SegmentedRaftLogWorker] INFO  segmented.SegmentedRaftLogWorker (SegmentedRaftLogWorker.java:execute(574)) - 364d6562-bb48-4b36-aaf0-ec4292e9bf14@group-87C1546A95EB-SegmentedRaftLogWorker: created new log segment /workdir/hadoop-ozone/integration-test/target/test-dir/MiniOzoneClusterImpl-938fedde-e8cb-4965-8e7f-34791526160a/datanode-2/data/ratis/22d9bd86-b1c2-4bce-99c8-87c1546a95eb/current/log_inprogress_0
2019-10-01 20:48:34,533 [5eae8d89-2554-4fd6-97cf-239256c32a64@group-3D723BC38E81-SegmentedRaftLogWorker] INFO  segmented.SegmentedRaftLogWorker (SegmentedRaftLogWorker.java:execute(574)) - 5eae8d89-2554-4fd6-97cf-239256c32a64@group-3D723BC38E81-SegmentedRaftLogWorker: created new log segment /workdir/hadoop-ozone/integration-test/target/test-dir/MiniOzoneClusterImpl-938fedde-e8cb-4965-8e7f-34791526160a/datanode-1/data/ratis/5c8f89d5-4903-4aaa-9c4e-3d723bc38e81/current/log_inprogress_0
2019-10-01 20:48:34,547 [364d6562-bb48-4b36-aaf0-ec4292e9bf14@group-3D723BC38E81-SegmentedRaftLogWorker] INFO  segmented.SegmentedRaftLogWorker (SegmentedRaftLogWorker.java:execute(574)) - 364d6562-bb48-4b36-aaf0-ec4292e9bf14@group-3D723BC38E81-SegmentedRaftLogWorker: created new log segment /workdir/hadoop-ozone/integration-test/target/test-dir/MiniOzoneClusterImpl-938fedde-e8cb-4965-8e7f-34791526160a/datanode-2/data/ratis/5c8f89d5-4903-4aaa-9c4e-3d723bc38e81/current/log_inprogress_0
2019-10-01 20:48:34,547 [8d0405c5-db0d-40fd-a5c9-fcc8c0c78ea9@group-3D723BC38E81-SegmentedRaftLogWorker] INFO  segmented.SegmentedRaftLogWorker (SegmentedRaftLogWorker.java:execute(574)) - 8d0405c5-db0d-40fd-a5c9-fcc8c0c78ea9@group-3D723BC38E81-SegmentedRaftLogWorker: created new log segment /workdir/hadoop-ozone/integration-test/target/test-dir/MiniOzoneClusterImpl-938fedde-e8cb-4965-8e7f-34791526160a/datanode-0/data/ratis/5c8f89d5-4903-4aaa-9c4e-3d723bc38e81/current/log_inprogress_0
2019-10-01 20:48:34,602 [Thread-1415] INFO  impl.FollowerState (FollowerState.java:run(108)) - ca11c19a-ce2a-40c8-9f7e-085bb4a2be2c@group-764B5F3A0708-FollowerState: change to CANDIDATE, lastRpcTime:5093ms, electionTimeout:5093ms
2019-10-01 20:48:34,602 [Thread-1415] INFO  impl.RoleInfo (RoleInfo.java:shutdownFollowerState(121)) - ca11c19a-ce2a-40c8-9f7e-085bb4a2be2c: shutdown FollowerState
2019-10-01 20:48:34,602 [Thread-1415] INFO  impl.RaftServerImpl (RaftServerImpl.java:setRole(170)) - ca11c19a-ce2a-40c8-9f7e-085bb4a2be2c@group-764B5F3A0708: changes role from  FOLLOWER to CANDIDATE at term 0 for changeToCandidate
2019-10-01 20:48:34,602 [Thread-1415] INFO  impl.RoleInfo (RoleInfo.java:updateAndGet(143)) - ca11c19a-ce2a-40c8-9f7e-085bb4a2be2c: start LeaderElection
2019-10-01 20:48:34,623 [ca11c19a-ce2a-40c8-9f7e-085bb4a2be2c@group-764B5F3A0708-LeaderElection37] INFO  impl.LeaderElection (LeaderElection.java:askForVotes(178)) - ca11c19a-ce2a-40c8-9f7e-085bb4a2be2c@group-764B5F3A0708-LeaderElection37: begin an election at term 1 for -1: [ca11c19a-ce2a-40c8-9f7e-085bb4a2be2c:192.168.5.177:40588], old=null
2019-10-01 20:48:34,623 [ca11c19a-ce2a-40c8-9f7e-085bb4a2be2c@group-764B5F3A0708-LeaderElection37] INFO  impl.RoleInfo (RoleInfo.java:shutdownLeaderElection(134)) - ca11c19a-ce2a-40c8-9f7e-085bb4a2be2c: shutdown LeaderElection
2019-10-01 20:48:34,624 [ca11c19a-ce2a-40c8-9f7e-085bb4a2be2c@group-764B5F3A0708-LeaderElection37] INFO  impl.RaftServerImpl (RaftServerImpl.java:setRole(170)) - ca11c19a-ce2a-40c8-9f7e-085bb4a2be2c@group-764B5F3A0708: changes role from CANDIDATE to LEADER at term 1 for changeToLeader
2019-10-01 20:48:34,624 [ca11c19a-ce2a-40c8-9f7e-085bb4a2be2c@group-764B5F3A0708-LeaderElection37] INFO  impl.RaftServerImpl (ServerState.java:setLeader(255)) - ca11c19a-ce2a-40c8-9f7e-085bb4a2be2c@group-764B5F3A0708: change Leader from null to ca11c19a-ce2a-40c8-9f7e-085bb4a2be2c at term 1 for becomeLeader, leader elected after 5124ms
2019-10-01 20:48:34,624 [ca11c19a-ce2a-40c8-9f7e-085bb4a2be2c@group-764B5F3A0708-LeaderElection37] INFO  server.RaftServerConfigKeys (ConfUtils.java:logGet(43)) - raft.server.staging.catchup.gap = 1000 (default)
2019-10-01 20:48:34,624 [ca11c19a-ce2a-40c8-9f7e-085bb4a2be2c@group-764B5F3A0708-LeaderElection37] INFO  server.RaftServerConfigKeys (ConfUtils.java:logGet(43)) - raft.server.rpc.sleep.time = 25ms (default)
2019-10-01 20:48:34,624 [ca11c19a-ce2a-40c8-9f7e-085bb4a2be2c@group-764B5F3A0708-LeaderElection37] INFO  server.RaftServerConfigKeys (ConfUtils.java:logGet(43)) - raft.server.write.element-limit = 4096 (default)
2019-10-01 20:48:34,625 [ca11c19a-ce2a-40c8-9f7e-085bb4a2be2c@group-764B5F3A0708-LeaderElection37] INFO  server.RaftServerConfigKeys (ConfUtils.java:logGet(43)) - raft.server.watch.timeout = 10s (default)
2019-10-01 20:48:34,625 [ca11c19a-ce2a-40c8-9f7e-085bb4a2be2c@group-764B5F3A0708-LeaderElection37] INFO  server.RaftServerConfigKeys (ConfUtils.java:logGet(43)) - raft.server.watch.timeout.denomination = 1s (default)
2019-10-01 20:48:34,625 [ca11c19a-ce2a-40c8-9f7e-085bb4a2be2c@group-764B5F3A0708-LeaderElection37] INFO  server.RaftServerConfigKeys (ConfUtils.java:logGet(43)) - raft.server.watch.element-limit = 65536 (default)
2019-10-01 20:48:34,627 [ca11c19a-ce2a-40c8-9f7e-085bb4a2be2c@group-764B5F3A0708-LeaderElection37] INFO  impl.RoleInfo (RoleInfo.java:updateAndGet(143)) - ca11c19a-ce2a-40c8-9f7e-085bb4a2be2c: start LeaderState
2019-10-01 20:48:34,628 [ca11c19a-ce2a-40c8-9f7e-085bb4a2be2c@group-764B5F3A0708-LeaderElection37] INFO  segmented.SegmentedRaftLogWorker (SegmentedRaftLogWorker.java:startLogSegment(385)) - ca11c19a-ce2a-40c8-9f7e-085bb4a2be2c@group-764B5F3A0708-SegmentedRaftLogWorker: Starting segment from index:0
2019-10-01 20:48:34,628 [ca11c19a-ce2a-40c8-9f7e-085bb4a2be2c@group-764B5F3A0708-LeaderElection37] INFO  impl.RaftServerImpl (ServerState.java:setRaftConf(356)) - ca11c19a-ce2a-40c8-9f7e-085bb4a2be2c@group-764B5F3A0708: set configuration 0: [ca11c19a-ce2a-40c8-9f7e-085bb4a2be2c:192.168.5.177:40588], old=null at 0
2019-10-01 20:48:34,664 [ca11c19a-ce2a-40c8-9f7e-085bb4a2be2c@group-764B5F3A0708-SegmentedRaftLogWorker] INFO  segmented.SegmentedRaftLogWorker (SegmentedRaftLogWorker.java:execute(574)) - ca11c19a-ce2a-40c8-9f7e-085bb4a2be2c@group-764B5F3A0708-SegmentedRaftLogWorker: created new log segment /workdir/hadoop-ozone/integration-test/target/test-dir/MiniOzoneClusterImpl-938fedde-e8cb-4965-8e7f-34791526160a/datanode-4/data/ratis/a6f07390-07c8-4274-968a-764b5f3a0708/current/log_inprogress_0
2019-10-01 20:48:34,737 [Thread-1418] INFO  impl.FollowerState (FollowerState.java:run(108)) - fc3d8bb3-289a-4ce5-8467-859ccdd31fdc@group-A1C90E3479D7-FollowerState: change to CANDIDATE, lastRpcTime:5177ms, electionTimeout:5177ms
2019-10-01 20:48:34,737 [Thread-1418] INFO  impl.RoleInfo (RoleInfo.java:shutdownFollowerState(121)) - fc3d8bb3-289a-4ce5-8467-859ccdd31fdc: shutdown FollowerState
2019-10-01 20:48:34,737 [Thread-1418] INFO  impl.RaftServerImpl (RaftServerImpl.java:setRole(170)) - fc3d8bb3-289a-4ce5-8467-859ccdd31fdc@group-A1C90E3479D7: changes role from  FOLLOWER to CANDIDATE at term 0 for changeToCandidate
2019-10-01 20:48:34,738 [Thread-1418] INFO  impl.RoleInfo (RoleInfo.java:updateAndGet(143)) - fc3d8bb3-289a-4ce5-8467-859ccdd31fdc: start LeaderElection
2019-10-01 20:48:34,769 [fc3d8bb3-289a-4ce5-8467-859ccdd31fdc@group-A1C90E3479D7-LeaderElection38] INFO  impl.LeaderElection (LeaderElection.java:askForVotes(178)) - fc3d8bb3-289a-4ce5-8467-859ccdd31fdc@group-A1C90E3479D7-LeaderElection38: begin an election at term 1 for -1: [fc3d8bb3-289a-4ce5-8467-859ccdd31fdc:192.168.5.177:40290], old=null
2019-10-01 20:48:34,769 [Thread-1421] INFO  impl.FollowerState (FollowerState.java:run(108)) - 463e6f72-74d2-4678-880c-0fdd762588e4@group-9460CBF013FF-FollowerState: change to CANDIDATE, lastRpcTime:5151ms, electionTimeout:5135ms
2019-10-01 20:48:34,769 [fc3d8bb3-289a-4ce5-8467-859ccdd31fdc@group-A1C90E3479D7-LeaderElection38] INFO  impl.RoleInfo (RoleInfo.java:shutdownLeaderElection(134)) - fc3d8bb3-289a-4ce5-8467-859ccdd31fdc: shutdown LeaderElection
2019-10-01 20:48:34,769 [Thread-1421] INFO  impl.RoleInfo (RoleInfo.java:shutdownFollowerState(121)) - 463e6f72-74d2-4678-880c-0fdd762588e4: shutdown FollowerState
2019-10-01 20:48:34,769 [fc3d8bb3-289a-4ce5-8467-859ccdd31fdc@group-A1C90E3479D7-LeaderElection38] INFO  impl.RaftServerImpl (RaftServerImpl.java:setRole(170)) - fc3d8bb3-289a-4ce5-8467-859ccdd31fdc@group-A1C90E3479D7: changes role from CANDIDATE to LEADER at term 1 for changeToLeader
2019-10-01 20:48:34,769 [Thread-1421] INFO  impl.RaftServerImpl (RaftServerImpl.java:setRole(170)) - 463e6f72-74d2-4678-880c-0fdd762588e4@group-9460CBF013FF: changes role from  FOLLOWER to CANDIDATE at term 0 for changeToCandidate
2019-10-01 20:48:34,769 [fc3d8bb3-289a-4ce5-8467-859ccdd31fdc@group-A1C90E3479D7-LeaderElection38] INFO  impl.RaftServerImpl (ServerState.java:setLeader(255)) - fc3d8bb3-289a-4ce5-8467-859ccdd31fdc@group-A1C90E3479D7: change Leader from null to fc3d8bb3-289a-4ce5-8467-859ccdd31fdc at term 1 for becomeLeader, leader elected after 5218ms
2019-10-01 20:48:34,769 [Thread-1421] INFO  impl.RoleInfo (RoleInfo.java:updateAndGet(143)) - 463e6f72-74d2-4678-880c-0fdd762588e4: start LeaderElection
2019-10-01 20:48:34,770 [fc3d8bb3-289a-4ce5-8467-859ccdd31fdc@group-A1C90E3479D7-LeaderElection38] INFO  server.RaftServerConfigKeys (ConfUtils.java:logGet(43)) - raft.server.staging.catchup.gap = 1000 (default)
2019-10-01 20:48:34,770 [fc3d8bb3-289a-4ce5-8467-859ccdd31fdc@group-A1C90E3479D7-LeaderElection38] INFO  server.RaftServerConfigKeys (ConfUtils.java:logGet(43)) - raft.server.rpc.sleep.time = 25ms (default)
2019-10-01 20:48:34,780 [fc3d8bb3-289a-4ce5-8467-859ccdd31fdc@group-A1C90E3479D7-LeaderElection38] INFO  server.RaftServerConfigKeys (ConfUtils.java:logGet(43)) - raft.server.write.element-limit = 4096 (default)
2019-10-01 20:48:34,780 [fc3d8bb3-289a-4ce5-8467-859ccdd31fdc@group-A1C90E3479D7-LeaderElection38] INFO  server.RaftServerConfigKeys (ConfUtils.java:logGet(43)) - raft.server.watch.timeout = 10s (default)
2019-10-01 20:48:34,780 [fc3d8bb3-289a-4ce5-8467-859ccdd31fdc@group-A1C90E3479D7-LeaderElection38] INFO  server.RaftServerConfigKeys (ConfUtils.java:logGet(43)) - raft.server.watch.timeout.denomination = 1s (default)
2019-10-01 20:48:34,780 [fc3d8bb3-289a-4ce5-8467-859ccdd31fdc@group-A1C90E3479D7-LeaderElection38] INFO  server.RaftServerConfigKeys (ConfUtils.java:logGet(43)) - raft.server.watch.element-limit = 65536 (default)
2019-10-01 20:48:34,785 [Thread-1424] INFO  impl.FollowerState (FollowerState.java:run(108)) - fd276549-113d-482b-a407-013b1b1cfc89@group-DCDFE4735F3E-FollowerState: change to CANDIDATE, lastRpcTime:5118ms, electionTimeout:5114ms
2019-10-01 20:48:34,785 [Thread-1424] INFO  impl.RoleInfo (RoleInfo.java:shutdownFollowerState(121)) - fd276549-113d-482b-a407-013b1b1cfc89: shutdown FollowerState
2019-10-01 20:48:34,785 [Thread-1424] INFO  impl.RaftServerImpl (RaftServerImpl.java:setRole(170)) - fd276549-113d-482b-a407-013b1b1cfc89@group-DCDFE4735F3E: changes role from  FOLLOWER to CANDIDATE at term 0 for changeToCandidate
2019-10-01 20:48:34,786 [Thread-1424] INFO  impl.RoleInfo (RoleInfo.java:updateAndGet(143)) - fd276549-113d-482b-a407-013b1b1cfc89: start LeaderElection
2019-10-01 20:48:34,791 [fc3d8bb3-289a-4ce5-8467-859ccdd31fdc@group-A1C90E3479D7-LeaderElection38] INFO  impl.RoleInfo (RoleInfo.java:updateAndGet(143)) - fc3d8bb3-289a-4ce5-8467-859ccdd31fdc: start LeaderState
2019-10-01 20:48:34,791 [fc3d8bb3-289a-4ce5-8467-859ccdd31fdc@group-A1C90E3479D7-LeaderElection38] INFO  segmented.SegmentedRaftLogWorker (SegmentedRaftLogWorker.java:startLogSegment(385)) - fc3d8bb3-289a-4ce5-8467-859ccdd31fdc@group-A1C90E3479D7-SegmentedRaftLogWorker: Starting segment from index:0
2019-10-01 20:48:34,792 [fc3d8bb3-289a-4ce5-8467-859ccdd31fdc@group-A1C90E3479D7-LeaderElection38] INFO  impl.RaftServerImpl (ServerState.java:setRaftConf(356)) - fc3d8bb3-289a-4ce5-8467-859ccdd31fdc@group-A1C90E3479D7: set configuration 0: [fc3d8bb3-289a-4ce5-8467-859ccdd31fdc:192.168.5.177:40290], old=null at 0
2019-10-01 20:48:34,802 [fd276549-113d-482b-a407-013b1b1cfc89@group-DCDFE4735F3E-LeaderElection40] INFO  impl.LeaderElection (LeaderElection.java:askForVotes(178)) - fd276549-113d-482b-a407-013b1b1cfc89@group-DCDFE4735F3E-LeaderElection40: begin an election at term 1 for -1: [fd276549-113d-482b-a407-013b1b1cfc89:192.168.5.177:36553], old=null
2019-10-01 20:48:34,802 [463e6f72-74d2-4678-880c-0fdd762588e4@group-9460CBF013FF-LeaderElection39] INFO  impl.LeaderElection (LeaderElection.java:askForVotes(178)) - 463e6f72-74d2-4678-880c-0fdd762588e4@group-9460CBF013FF-LeaderElection39: begin an election at term 1 for -1: [463e6f72-74d2-4678-880c-0fdd762588e4:192.168.5.177:44918], old=null
2019-10-01 20:48:34,802 [fd276549-113d-482b-a407-013b1b1cfc89@group-DCDFE4735F3E-LeaderElection40] INFO  impl.RoleInfo (RoleInfo.java:shutdownLeaderElection(134)) - fd276549-113d-482b-a407-013b1b1cfc89: shutdown LeaderElection
2019-10-01 20:48:34,802 [463e6f72-74d2-4678-880c-0fdd762588e4@group-9460CBF013FF-LeaderElection39] INFO  impl.RoleInfo (RoleInfo.java:shutdownLeaderElection(134)) - 463e6f72-74d2-4678-880c-0fdd762588e4: shutdown LeaderElection
2019-10-01 20:48:34,802 [fd276549-113d-482b-a407-013b1b1cfc89@group-DCDFE4735F3E-LeaderElection40] INFO  impl.RaftServerImpl (RaftServerImpl.java:setRole(170)) - fd276549-113d-482b-a407-013b1b1cfc89@group-DCDFE4735F3E: changes role from CANDIDATE to LEADER at term 1 for changeToLeader
2019-10-01 20:48:34,802 [463e6f72-74d2-4678-880c-0fdd762588e4@group-9460CBF013FF-LeaderElection39] INFO  impl.RaftServerImpl (RaftServerImpl.java:setRole(170)) - 463e6f72-74d2-4678-880c-0fdd762588e4@group-9460CBF013FF: changes role from CANDIDATE to LEADER at term 1 for changeToLeader
2019-10-01 20:48:34,803 [fd276549-113d-482b-a407-013b1b1cfc89@group-DCDFE4735F3E-LeaderElection40] INFO  impl.RaftServerImpl (ServerState.java:setLeader(255)) - fd276549-113d-482b-a407-013b1b1cfc89@group-DCDFE4735F3E: change Leader from null to fd276549-113d-482b-a407-013b1b1cfc89 at term 1 for becomeLeader, leader elected after 5142ms
2019-10-01 20:48:34,803 [463e6f72-74d2-4678-880c-0fdd762588e4@group-9460CBF013FF-LeaderElection39] INFO  impl.RaftServerImpl (ServerState.java:setLeader(255)) - 463e6f72-74d2-4678-880c-0fdd762588e4@group-9460CBF013FF: change Leader from null to 463e6f72-74d2-4678-880c-0fdd762588e4 at term 1 for becomeLeader, leader elected after 5192ms
2019-10-01 20:48:34,803 [fd276549-113d-482b-a407-013b1b1cfc89@group-DCDFE4735F3E-LeaderElection40] INFO  server.RaftServerConfigKeys (ConfUtils.java:logGet(43)) - raft.server.staging.catchup.gap = 1000 (default)
2019-10-01 20:48:34,803 [463e6f72-74d2-4678-880c-0fdd762588e4@group-9460CBF013FF-LeaderElection39] INFO  server.RaftServerConfigKeys (ConfUtils.java:logGet(43)) - raft.server.staging.catchup.gap = 1000 (default)
2019-10-01 20:48:34,803 [fd276549-113d-482b-a407-013b1b1cfc89@group-DCDFE4735F3E-LeaderElection40] INFO  server.RaftServerConfigKeys (ConfUtils.java:logGet(43)) - raft.server.rpc.sleep.time = 25ms (default)
2019-10-01 20:48:34,803 [463e6f72-74d2-4678-880c-0fdd762588e4@group-9460CBF013FF-LeaderElection39] INFO  server.RaftServerConfigKeys (ConfUtils.java:logGet(43)) - raft.server.rpc.sleep.time = 25ms (default)
2019-10-01 20:48:34,803 [fd276549-113d-482b-a407-013b1b1cfc89@group-DCDFE4735F3E-LeaderElection40] INFO  server.RaftServerConfigKeys (ConfUtils.java:logGet(43)) - raft.server.write.element-limit = 4096 (default)
2019-10-01 20:48:34,804 [463e6f72-74d2-4678-880c-0fdd762588e4@group-9460CBF013FF-LeaderElection39] INFO  server.RaftServerConfigKeys (ConfUtils.java:logGet(43)) - raft.server.write.element-limit = 4096 (default)
2019-10-01 20:48:34,804 [fd276549-113d-482b-a407-013b1b1cfc89@group-DCDFE4735F3E-LeaderElection40] INFO  server.RaftServerConfigKeys (ConfUtils.java:logGet(43)) - raft.server.watch.timeout = 10s (default)
2019-10-01 20:48:34,804 [463e6f72-74d2-4678-880c-0fdd762588e4@group-9460CBF013FF-LeaderElection39] INFO  server.RaftServerConfigKeys (ConfUtils.java:logGet(43)) - raft.server.watch.timeout = 10s (default)
2019-10-01 20:48:34,804 [fd276549-113d-482b-a407-013b1b1cfc89@group-DCDFE4735F3E-LeaderElection40] INFO  server.RaftServerConfigKeys (ConfUtils.java:logGet(43)) - raft.server.watch.timeout.denomination = 1s (default)
2019-10-01 20:48:34,804 [463e6f72-74d2-4678-880c-0fdd762588e4@group-9460CBF013FF-LeaderElection39] INFO  server.RaftServerConfigKeys (ConfUtils.java:logGet(43)) - raft.server.watch.timeout.denomination = 1s (default)
2019-10-01 20:48:34,804 [fd276549-113d-482b-a407-013b1b1cfc89@group-DCDFE4735F3E-LeaderElection40] INFO  server.RaftServerConfigKeys (ConfUtils.java:logGet(43)) - raft.server.watch.element-limit = 65536 (default)
2019-10-01 20:48:34,804 [463e6f72-74d2-4678-880c-0fdd762588e4@group-9460CBF013FF-LeaderElection39] INFO  server.RaftServerConfigKeys (ConfUtils.java:logGet(43)) - raft.server.watch.element-limit = 65536 (default)
2019-10-01 20:48:34,807 [fd276549-113d-482b-a407-013b1b1cfc89@group-DCDFE4735F3E-LeaderElection40] INFO  impl.RoleInfo (RoleInfo.java:updateAndGet(143)) - fd276549-113d-482b-a407-013b1b1cfc89: start LeaderState
2019-10-01 20:48:34,808 [463e6f72-74d2-4678-880c-0fdd762588e4@group-9460CBF013FF-LeaderElection39] INFO  impl.RoleInfo (RoleInfo.java:updateAndGet(143)) - 463e6f72-74d2-4678-880c-0fdd762588e4: start LeaderState
2019-10-01 20:48:34,808 [fd276549-113d-482b-a407-013b1b1cfc89@group-DCDFE4735F3E-LeaderElection40] INFO  segmented.SegmentedRaftLogWorker (SegmentedRaftLogWorker.java:startLogSegment(385)) - fd276549-113d-482b-a407-013b1b1cfc89@group-DCDFE4735F3E-SegmentedRaftLogWorker: Starting segment from index:0
2019-10-01 20:48:34,808 [463e6f72-74d2-4678-880c-0fdd762588e4@group-9460CBF013FF-LeaderElection39] INFO  segmented.SegmentedRaftLogWorker (SegmentedRaftLogWorker.java:startLogSegment(385)) - 463e6f72-74d2-4678-880c-0fdd762588e4@group-9460CBF013FF-SegmentedRaftLogWorker: Starting segment from index:0
2019-10-01 20:48:34,808 [fd276549-113d-482b-a407-013b1b1cfc89@group-DCDFE4735F3E-LeaderElection40] INFO  impl.RaftServerImpl (ServerState.java:setRaftConf(356)) - fd276549-113d-482b-a407-013b1b1cfc89@group-DCDFE4735F3E: set configuration 0: [fd276549-113d-482b-a407-013b1b1cfc89:192.168.5.177:36553], old=null at 0
2019-10-01 20:48:34,809 [463e6f72-74d2-4678-880c-0fdd762588e4@group-9460CBF013FF-LeaderElection39] INFO  impl.RaftServerImpl (ServerState.java:setRaftConf(356)) - 463e6f72-74d2-4678-880c-0fdd762588e4@group-9460CBF013FF: set configuration 0: [463e6f72-74d2-4678-880c-0fdd762588e4:192.168.5.177:44918], old=null at 0
2019-10-01 20:48:34,849 [fd276549-113d-482b-a407-013b1b1cfc89@group-DCDFE4735F3E-SegmentedRaftLogWorker] INFO  segmented.SegmentedRaftLogWorker (SegmentedRaftLogWorker.java:execute(574)) - fd276549-113d-482b-a407-013b1b1cfc89@group-DCDFE4735F3E-SegmentedRaftLogWorker: created new log segment /workdir/hadoop-ozone/integration-test/target/test-dir/MiniOzoneClusterImpl-938fedde-e8cb-4965-8e7f-34791526160a/datanode-6/data/ratis/5c14a8a3-772b-4022-b686-dcdfe4735f3e/current/log_inprogress_0
2019-10-01 20:48:34,849 [fc3d8bb3-289a-4ce5-8467-859ccdd31fdc@group-A1C90E3479D7-SegmentedRaftLogWorker] INFO  segmented.SegmentedRaftLogWorker (SegmentedRaftLogWorker.java:execute(574)) - fc3d8bb3-289a-4ce5-8467-859ccdd31fdc@group-A1C90E3479D7-SegmentedRaftLogWorker: created new log segment /workdir/hadoop-ozone/integration-test/target/test-dir/MiniOzoneClusterImpl-938fedde-e8cb-4965-8e7f-34791526160a/datanode-3/data/ratis/1516d605-f718-47a5-9b86-a1c90e3479d7/current/log_inprogress_0
2019-10-01 20:48:34,849 [463e6f72-74d2-4678-880c-0fdd762588e4@group-9460CBF013FF-SegmentedRaftLogWorker] INFO  segmented.SegmentedRaftLogWorker (SegmentedRaftLogWorker.java:execute(574)) - 463e6f72-74d2-4678-880c-0fdd762588e4@group-9460CBF013FF-SegmentedRaftLogWorker: created new log segment /workdir/hadoop-ozone/integration-test/target/test-dir/MiniOzoneClusterImpl-938fedde-e8cb-4965-8e7f-34791526160a/datanode-5/data/ratis/8e89e7a0-f18f-4e7f-8042-9460cbf013ff/current/log_inprogress_0
2019-10-01 20:48:34,875 [Thread-1431] INFO  impl.FollowerState (FollowerState.java:run(108)) - fc3d8bb3-289a-4ce5-8467-859ccdd31fdc@group-CD124EF02974-FollowerState: change to CANDIDATE, lastRpcTime:5132ms, electionTimeout:5132ms
2019-10-01 20:48:34,875 [Thread-1431] INFO  impl.RoleInfo (RoleInfo.java:shutdownFollowerState(121)) - fc3d8bb3-289a-4ce5-8467-859ccdd31fdc: shutdown FollowerState
2019-10-01 20:48:34,875 [Thread-1431] INFO  impl.RaftServerImpl (RaftServerImpl.java:setRole(170)) - fc3d8bb3-289a-4ce5-8467-859ccdd31fdc@group-CD124EF02974: changes role from  FOLLOWER to CANDIDATE at term 0 for changeToCandidate
2019-10-01 20:48:34,876 [Thread-1431] INFO  impl.RoleInfo (RoleInfo.java:updateAndGet(143)) - fc3d8bb3-289a-4ce5-8467-859ccdd31fdc: start LeaderElection
2019-10-01 20:48:34,884 [fc3d8bb3-289a-4ce5-8467-859ccdd31fdc@group-CD124EF02974-LeaderElection41] INFO  impl.LeaderElection (LeaderElection.java:askForVotes(178)) - fc3d8bb3-289a-4ce5-8467-859ccdd31fdc@group-CD124EF02974-LeaderElection41: begin an election at term 1 for -1: [fd276549-113d-482b-a407-013b1b1cfc89:192.168.5.177:36553, ca11c19a-ce2a-40c8-9f7e-085bb4a2be2c:192.168.5.177:40588, fc3d8bb3-289a-4ce5-8467-859ccdd31fdc:192.168.5.177:40290], old=null
2019-10-01 20:48:34,890 [grpc-default-executor-8] INFO  impl.RaftServerImpl (RaftServerImpl.java:setRole(170)) - ca11c19a-ce2a-40c8-9f7e-085bb4a2be2c@group-CD124EF02974: changes role from  FOLLOWER to FOLLOWER at term 1 for recognizeCandidate:fc3d8bb3-289a-4ce5-8467-859ccdd31fdc
2019-10-01 20:48:34,890 [grpc-default-executor-5] INFO  impl.RaftServerImpl (RaftServerImpl.java:setRole(170)) - fd276549-113d-482b-a407-013b1b1cfc89@group-CD124EF02974: changes role from  FOLLOWER to FOLLOWER at term 1 for recognizeCandidate:fc3d8bb3-289a-4ce5-8467-859ccdd31fdc
2019-10-01 20:48:34,890 [grpc-default-executor-8] INFO  impl.RoleInfo (RoleInfo.java:shutdownFollowerState(121)) - ca11c19a-ce2a-40c8-9f7e-085bb4a2be2c: shutdown FollowerState
2019-10-01 20:48:34,890 [grpc-default-executor-5] INFO  impl.RoleInfo (RoleInfo.java:shutdownFollowerState(121)) - fd276549-113d-482b-a407-013b1b1cfc89: shutdown FollowerState
2019-10-01 20:48:34,890 [grpc-default-executor-8] INFO  impl.RoleInfo (RoleInfo.java:updateAndGet(143)) - ca11c19a-ce2a-40c8-9f7e-085bb4a2be2c: start FollowerState
2019-10-01 20:48:34,891 [Thread-1430] INFO  impl.FollowerState (FollowerState.java:run(117)) - fd276549-113d-482b-a407-013b1b1cfc89@group-CD124EF02974-FollowerState was interrupted: java.lang.InterruptedException: sleep interrupted
2019-10-01 20:48:34,890 [grpc-default-executor-5] INFO  impl.RoleInfo (RoleInfo.java:updateAndGet(143)) - fd276549-113d-482b-a407-013b1b1cfc89: start FollowerState
2019-10-01 20:48:34,890 [Thread-1429] INFO  impl.FollowerState (FollowerState.java:run(117)) - ca11c19a-ce2a-40c8-9f7e-085bb4a2be2c@group-CD124EF02974-FollowerState was interrupted: java.lang.InterruptedException: sleep interrupted
2019-10-01 20:48:34,917 [fc3d8bb3-289a-4ce5-8467-859ccdd31fdc@group-CD124EF02974-LeaderElection41] INFO  impl.LeaderElection (LeaderElection.java:logAndReturn(56)) - fc3d8bb3-289a-4ce5-8467-859ccdd31fdc@group-CD124EF02974-LeaderElection41: Election PASSED; received 1 response(s) [fc3d8bb3-289a-4ce5-8467-859ccdd31fdc<-fd276549-113d-482b-a407-013b1b1cfc89#0:OK-t1] and 0 exception(s); fc3d8bb3-289a-4ce5-8467-859ccdd31fdc@group-CD124EF02974:t1, leader=null, voted=fc3d8bb3-289a-4ce5-8467-859ccdd31fdc, raftlog=fc3d8bb3-289a-4ce5-8467-859ccdd31fdc@group-CD124EF02974-SegmentedRaftLog:OPENED:c-1,f-1,i0, conf=-1: [fd276549-113d-482b-a407-013b1b1cfc89:192.168.5.177:36553, ca11c19a-ce2a-40c8-9f7e-085bb4a2be2c:192.168.5.177:40588, fc3d8bb3-289a-4ce5-8467-859ccdd31fdc:192.168.5.177:40290], old=null
2019-10-01 20:48:34,918 [fc3d8bb3-289a-4ce5-8467-859ccdd31fdc@group-CD124EF02974-LeaderElection41] INFO  impl.RoleInfo (RoleInfo.java:shutdownLeaderElection(134)) - fc3d8bb3-289a-4ce5-8467-859ccdd31fdc: shutdown LeaderElection
2019-10-01 20:48:34,918 [fc3d8bb3-289a-4ce5-8467-859ccdd31fdc@group-CD124EF02974-LeaderElection41] INFO  impl.RaftServerImpl (RaftServerImpl.java:setRole(170)) - fc3d8bb3-289a-4ce5-8467-859ccdd31fdc@group-CD124EF02974: changes role from CANDIDATE to LEADER at term 1 for changeToLeader
2019-10-01 20:48:34,918 [fc3d8bb3-289a-4ce5-8467-859ccdd31fdc@group-CD124EF02974-LeaderElection41] INFO  impl.RaftServerImpl (ServerState.java:setLeader(255)) - fc3d8bb3-289a-4ce5-8467-859ccdd31fdc@group-CD124EF02974: change Leader from null to fc3d8bb3-289a-4ce5-8467-859ccdd31fdc at term 1 for becomeLeader, leader elected after 5191ms
2019-10-01 20:48:34,918 [fc3d8bb3-289a-4ce5-8467-859ccdd31fdc@group-CD124EF02974-LeaderElection41] INFO  server.RaftServerConfigKeys (ConfUtils.java:logGet(43)) - raft.server.staging.catchup.gap = 1000 (default)
2019-10-01 20:48:34,918 [fc3d8bb3-289a-4ce5-8467-859ccdd31fdc@group-CD124EF02974-LeaderElection41] INFO  server.RaftServerConfigKeys (ConfUtils.java:logGet(43)) - raft.server.rpc.sleep.time = 25ms (default)
2019-10-01 20:48:34,918 [fc3d8bb3-289a-4ce5-8467-859ccdd31fdc@group-CD124EF02974-LeaderElection41] INFO  server.RaftServerConfigKeys (ConfUtils.java:logGet(43)) - raft.server.write.element-limit = 4096 (default)
2019-10-01 20:48:34,918 [fc3d8bb3-289a-4ce5-8467-859ccdd31fdc@group-CD124EF02974-LeaderElection41] INFO  server.RaftServerConfigKeys (ConfUtils.java:logGet(43)) - raft.server.watch.timeout = 10s (default)
2019-10-01 20:48:34,918 [fc3d8bb3-289a-4ce5-8467-859ccdd31fdc@group-CD124EF02974-LeaderElection41] INFO  server.RaftServerConfigKeys (ConfUtils.java:logGet(43)) - raft.server.watch.timeout.denomination = 1s (default)
2019-10-01 20:48:34,919 [fc3d8bb3-289a-4ce5-8467-859ccdd31fdc@group-CD124EF02974-LeaderElection41] INFO  server.RaftServerConfigKeys (ConfUtils.java:logGet(43)) - raft.server.watch.element-limit = 65536 (default)
2019-10-01 20:48:34,920 [fc3d8bb3-289a-4ce5-8467-859ccdd31fdc@group-CD124EF02974-LeaderElection41] INFO  server.RaftServerConfigKeys (ConfUtils.java:logGet(43)) - raft.server.log.appender.snapshot.chunk.size.max = 16MB (=16777216) (default)
2019-10-01 20:48:34,920 [fc3d8bb3-289a-4ce5-8467-859ccdd31fdc@group-CD124EF02974-LeaderElection41] INFO  server.RaftServerConfigKeys (ConfUtils.java:logGet(43)) - raft.server.log.appender.buffer.byte-limit = 33554432 (custom)
2019-10-01 20:48:34,920 [fc3d8bb3-289a-4ce5-8467-859ccdd31fdc@group-CD124EF02974-LeaderElection41] INFO  server.RaftServerConfigKeys (ConfUtils.java:logGet(43)) - raft.server.log.appender.buffer.element-limit = 1 (custom)
2019-10-01 20:48:34,921 [fc3d8bb3-289a-4ce5-8467-859ccdd31fdc@group-CD124EF02974-LeaderElection41] INFO  grpc.GrpcConfigKeys$Server (ConfUtils.java:logGet(43)) - raft.grpc.server.leader.outstanding.appends.max = 128 (default)
2019-10-01 20:48:34,921 [fc3d8bb3-289a-4ce5-8467-859ccdd31fdc@group-CD124EF02974-LeaderElection41] INFO  server.RaftServerConfigKeys (ConfUtils.java:logGet(43)) - raft.server.rpc.request.timeout = 3000ms (default)
2019-10-01 20:48:34,921 [fc3d8bb3-289a-4ce5-8467-859ccdd31fdc@group-CD124EF02974-LeaderElection41] INFO  server.RaftServerConfigKeys (ConfUtils.java:logGet(43)) - raft.server.log.appender.install.snapshot.enabled = false (custom)
2019-10-01 20:48:34,921 [fc3d8bb3-289a-4ce5-8467-859ccdd31fdc@group-CD124EF02974-LeaderElection41] INFO  server.RaftServerConfigKeys (ConfUtils.java:logGet(43)) - raft.server.log.appender.snapshot.chunk.size.max = 16MB (=16777216) (default)
2019-10-01 20:48:34,921 [fc3d8bb3-289a-4ce5-8467-859ccdd31fdc@group-CD124EF02974-LeaderElection41] INFO  server.RaftServerConfigKeys (ConfUtils.java:logGet(43)) - raft.server.log.appender.buffer.byte-limit = 33554432 (custom)
2019-10-01 20:48:34,921 [fc3d8bb3-289a-4ce5-8467-859ccdd31fdc@group-CD124EF02974-LeaderElection41] INFO  server.RaftServerConfigKeys (ConfUtils.java:logGet(43)) - raft.server.log.appender.buffer.element-limit = 1 (custom)
2019-10-01 20:48:34,922 [fc3d8bb3-289a-4ce5-8467-859ccdd31fdc@group-CD124EF02974-LeaderElection41] INFO  grpc.GrpcConfigKeys$Server (ConfUtils.java:logGet(43)) - raft.grpc.server.leader.outstanding.appends.max = 128 (default)
2019-10-01 20:48:34,922 [fc3d8bb3-289a-4ce5-8467-859ccdd31fdc@group-CD124EF02974-LeaderElection41] INFO  server.RaftServerConfigKeys (ConfUtils.java:logGet(43)) - raft.server.rpc.request.timeout = 3000ms (default)
2019-10-01 20:48:34,922 [fc3d8bb3-289a-4ce5-8467-859ccdd31fdc@group-CD124EF02974-LeaderElection41] INFO  server.RaftServerConfigKeys (ConfUtils.java:logGet(43)) - raft.server.log.appender.install.snapshot.enabled = false (custom)
2019-10-01 20:48:34,922 [fc3d8bb3-289a-4ce5-8467-859ccdd31fdc@group-CD124EF02974-LeaderElection41] INFO  impl.RoleInfo (RoleInfo.java:updateAndGet(143)) - fc3d8bb3-289a-4ce5-8467-859ccdd31fdc: start LeaderState
2019-10-01 20:48:34,922 [fc3d8bb3-289a-4ce5-8467-859ccdd31fdc@group-CD124EF02974-LeaderElection41] INFO  segmented.SegmentedRaftLogWorker (SegmentedRaftLogWorker.java:startLogSegment(385)) - fc3d8bb3-289a-4ce5-8467-859ccdd31fdc@group-CD124EF02974-SegmentedRaftLogWorker: Starting segment from index:0
2019-10-01 20:48:34,923 [fc3d8bb3-289a-4ce5-8467-859ccdd31fdc@group-CD124EF02974-LeaderElection41] INFO  impl.RaftServerImpl (ServerState.java:setRaftConf(356)) - fc3d8bb3-289a-4ce5-8467-859ccdd31fdc@group-CD124EF02974: set configuration 0: [fd276549-113d-482b-a407-013b1b1cfc89:192.168.5.177:36553, ca11c19a-ce2a-40c8-9f7e-085bb4a2be2c:192.168.5.177:40588, fc3d8bb3-289a-4ce5-8467-859ccdd31fdc:192.168.5.177:40290], old=null at 0
2019-10-01 20:48:34,948 [grpc-default-executor-8] INFO  impl.RaftServerImpl (ServerState.java:setLeader(255)) - fd276549-113d-482b-a407-013b1b1cfc89@group-CD124EF02974: change Leader from null to fc3d8bb3-289a-4ce5-8467-859ccdd31fdc at term 1 for appendEntries, leader elected after 5221ms
2019-10-01 20:48:34,952 [grpc-default-executor-5] INFO  impl.RaftServerImpl (ServerState.java:setLeader(255)) - ca11c19a-ce2a-40c8-9f7e-085bb4a2be2c@group-CD124EF02974: change Leader from null to fc3d8bb3-289a-4ce5-8467-859ccdd31fdc at term 1 for appendEntries, leader elected after 5225ms
2019-10-01 20:48:34,956 [Datanode State Machine Thread - 0] INFO  statemachine.DatanodeStateMachine (DatanodeStateMachine.java:lambda$startDaemon$0(350)) - Ozone container server started.
2019-10-01 20:48:34,961 [grpc-default-executor-5] INFO  impl.RaftServerImpl (ServerState.java:setRaftConf(356)) - fd276549-113d-482b-a407-013b1b1cfc89@group-CD124EF02974: set configuration 0: [fd276549-113d-482b-a407-013b1b1cfc89:192.168.5.177:36553, ca11c19a-ce2a-40c8-9f7e-085bb4a2be2c:192.168.5.177:40588, fc3d8bb3-289a-4ce5-8467-859ccdd31fdc:192.168.5.177:40290], old=null at 0
2019-10-01 20:48:34,961 [grpc-default-executor-8] INFO  impl.RaftServerImpl (ServerState.java:setRaftConf(356)) - ca11c19a-ce2a-40c8-9f7e-085bb4a2be2c@group-CD124EF02974: set configuration 0: [fd276549-113d-482b-a407-013b1b1cfc89:192.168.5.177:36553, ca11c19a-ce2a-40c8-9f7e-085bb4a2be2c:192.168.5.177:40588, fc3d8bb3-289a-4ce5-8467-859ccdd31fdc:192.168.5.177:40290], old=null at 0
2019-10-01 20:48:34,961 [grpc-default-executor-5] INFO  segmented.SegmentedRaftLogWorker (SegmentedRaftLogWorker.java:startLogSegment(385)) - fd276549-113d-482b-a407-013b1b1cfc89@group-CD124EF02974-SegmentedRaftLogWorker: Starting segment from index:0
2019-10-01 20:48:34,961 [grpc-default-executor-8] INFO  segmented.SegmentedRaftLogWorker (SegmentedRaftLogWorker.java:startLogSegment(385)) - ca11c19a-ce2a-40c8-9f7e-085bb4a2be2c@group-CD124EF02974-SegmentedRaftLogWorker: Starting segment from index:0
2019-10-01 20:48:34,963 [fc3d8bb3-289a-4ce5-8467-859ccdd31fdc@group-CD124EF02974-SegmentedRaftLogWorker] INFO  segmented.SegmentedRaftLogWorker (SegmentedRaftLogWorker.java:execute(574)) - fc3d8bb3-289a-4ce5-8467-859ccdd31fdc@group-CD124EF02974-SegmentedRaftLogWorker: created new log segment /workdir/hadoop-ozone/integration-test/target/test-dir/MiniOzoneClusterImpl-938fedde-e8cb-4965-8e7f-34791526160a/datanode-3/data/ratis/e415b5fd-5b00-4f35-95ef-cd124ef02974/current/log_inprogress_0
2019-10-01 20:48:34,999 [fd276549-113d-482b-a407-013b1b1cfc89@group-CD124EF02974-SegmentedRaftLogWorker] INFO  segmented.SegmentedRaftLogWorker (SegmentedRaftLogWorker.java:execute(574)) - fd276549-113d-482b-a407-013b1b1cfc89@group-CD124EF02974-SegmentedRaftLogWorker: created new log segment /workdir/hadoop-ozone/integration-test/target/test-dir/MiniOzoneClusterImpl-938fedde-e8cb-4965-8e7f-34791526160a/datanode-6/data/ratis/e415b5fd-5b00-4f35-95ef-cd124ef02974/current/log_inprogress_0
2019-10-01 20:48:34,999 [ca11c19a-ce2a-40c8-9f7e-085bb4a2be2c@group-CD124EF02974-SegmentedRaftLogWorker] INFO  segmented.SegmentedRaftLogWorker (SegmentedRaftLogWorker.java:execute(574)) - ca11c19a-ce2a-40c8-9f7e-085bb4a2be2c@group-CD124EF02974-SegmentedRaftLogWorker: created new log segment /workdir/hadoop-ozone/integration-test/target/test-dir/MiniOzoneClusterImpl-938fedde-e8cb-4965-8e7f-34791526160a/datanode-4/data/ratis/e415b5fd-5b00-4f35-95ef-cd124ef02974/current/log_inprogress_0
2019-10-01 20:48:39,919 [main] INFO  ozoneimpl.OzoneContainer (OzoneContainer.java:stop(231)) - Attempting to stop container services.
2019-10-01 20:48:39,920 [main] INFO  impl.RaftServerProxy (RaftServerProxy.java:lambda$close$4(314)) - 8d0405c5-db0d-40fd-a5c9-fcc8c0c78ea9: close
2019-10-01 20:48:39,921 [main] INFO  impl.RaftServerImpl (RaftServerImpl.java:lambda$shutdown$3(247)) - 8d0405c5-db0d-40fd-a5c9-fcc8c0c78ea9@group-1B072EBBADEE: shutdown
2019-10-01 20:48:39,922 [main] INFO  util.JmxRegister (JmxRegister.java:unregister(73)) - Successfully un-registered JMX Bean with object name Ratis:service=RaftServer,group=group-1B072EBBADEE,id=8d0405c5-db0d-40fd-a5c9-fcc8c0c78ea9
2019-10-01 20:48:39,922 [main] INFO  impl.RoleInfo (RoleInfo.java:shutdownLeaderState(104)) - 8d0405c5-db0d-40fd-a5c9-fcc8c0c78ea9: shutdown LeaderState
2019-10-01 20:48:39,922 [main] INFO  impl.PendingRequests (PendingRequests.java:sendNotLeaderResponses(202)) - 8d0405c5-db0d-40fd-a5c9-fcc8c0c78ea9@group-1B072EBBADEE-PendingRequests: sendNotLeaderResponses
2019-10-01 20:48:39,923 [main] INFO  impl.StateMachineUpdater (StateMachineUpdater.java:stopAndJoin(136)) - 8d0405c5-db0d-40fd-a5c9-fcc8c0c78ea9@group-1B072EBBADEE-StateMachineUpdater: set stopIndex = 0
2019-10-01 20:48:39,923 [main] INFO  impl.RaftServerImpl (ServerState.java:close(387)) - 8d0405c5-db0d-40fd-a5c9-fcc8c0c78ea9@group-1B072EBBADEE: closes. applyIndex: 0
2019-10-01 20:48:39,924 [8d0405c5-db0d-40fd-a5c9-fcc8c0c78ea9@group-1B072EBBADEE-SegmentedRaftLogWorker] INFO  segmented.SegmentedRaftLogWorker (SegmentedRaftLogWorker.java:run(316)) - 8d0405c5-db0d-40fd-a5c9-fcc8c0c78ea9@group-1B072EBBADEE-SegmentedRaftLogWorker was interrupted, exiting. There are 0 tasks remaining in the queue.
2019-10-01 20:48:39,928 [main] INFO  segmented.SegmentedRaftLogWorker (SegmentedRaftLogWorker.java:close(224)) - 8d0405c5-db0d-40fd-a5c9-fcc8c0c78ea9@group-1B072EBBADEE-SegmentedRaftLogWorker close()
2019-10-01 20:48:39,933 [main] INFO  impl.RaftServerImpl (RaftServerImpl.java:lambda$shutdown$3(247)) - 8d0405c5-db0d-40fd-a5c9-fcc8c0c78ea9@group-3D723BC38E81: shutdown
2019-10-01 20:48:39,933 [main] INFO  util.JmxRegister (JmxRegister.java:unregister(73)) - Successfully un-registered JMX Bean with object name Ratis:service=RaftServer,group=group-3D723BC38E81,id=8d0405c5-db0d-40fd-a5c9-fcc8c0c78ea9
2019-10-01 20:48:39,934 [main] INFO  impl.RoleInfo (RoleInfo.java:shutdownFollowerState(121)) - 8d0405c5-db0d-40fd-a5c9-fcc8c0c78ea9: shutdown FollowerState
2019-10-01 20:48:39,934 [main] INFO  impl.StateMachineUpdater (StateMachineUpdater.java:stopAndJoin(136)) - 8d0405c5-db0d-40fd-a5c9-fcc8c0c78ea9@group-3D723BC38E81-StateMachineUpdater: set stopIndex = 2
2019-10-01 20:48:39,934 [Thread-1459] INFO  impl.FollowerState (FollowerState.java:run(117)) - 8d0405c5-db0d-40fd-a5c9-fcc8c0c78ea9@group-3D723BC38E81-FollowerState was interrupted: java.lang.InterruptedException: sleep interrupted
2019-10-01 20:48:39,934 [8d0405c5-db0d-40fd-a5c9-fcc8c0c78ea9@group-3D723BC38E81-StateMachineUpdater] INFO  ratis.ContainerStateMachine (ContainerStateMachine.java:takeSnapshot(289)) - group-3D723BC38E81: Taking a snapshot at:(t:1, i:1) file /workdir/hadoop-ozone/integration-test/target/test-dir/MiniOzoneClusterImpl-938fedde-e8cb-4965-8e7f-34791526160a/datanode-0/data/ratis/5c8f89d5-4903-4aaa-9c4e-3d723bc38e81/sm/snapshot.1_1
2019-10-01 20:48:39,949 [8d0405c5-db0d-40fd-a5c9-fcc8c0c78ea9@group-3D723BC38E81-StateMachineUpdater] INFO  ratis.ContainerStateMachine (ContainerStateMachine.java:takeSnapshot(300)) - group-3D723BC38E81: Finished taking a snapshot at:(t:1, i:1) file:/workdir/hadoop-ozone/integration-test/target/test-dir/MiniOzoneClusterImpl-938fedde-e8cb-4965-8e7f-34791526160a/datanode-0/data/ratis/5c8f89d5-4903-4aaa-9c4e-3d723bc38e81/sm/snapshot.1_1 time:14
2019-10-01 20:48:39,949 [8d0405c5-db0d-40fd-a5c9-fcc8c0c78ea9@group-3D723BC38E81-StateMachineUpdater] INFO  impl.StateMachineUpdater (StateMachineUpdater.java:takeSnapshot(269)) - 8d0405c5-db0d-40fd-a5c9-fcc8c0c78ea9@group-3D723BC38E81-StateMachineUpdater: Took a snapshot at index 1
2019-10-01 20:48:39,949 [8d0405c5-db0d-40fd-a5c9-fcc8c0c78ea9@group-3D723BC38E81-StateMachineUpdater] INFO  impl.StateMachineUpdater (StateMachineUpdater.java:lambda$new$0(84)) - 8d0405c5-db0d-40fd-a5c9-fcc8c0c78ea9@group-3D723BC38E81-StateMachineUpdater: snapshotIndex: updateIncreasingly -1 -> 1
2019-10-01 20:48:39,950 [8d0405c5-db0d-40fd-a5c9-fcc8c0c78ea9@group-3D723BC38E81-StateMachineUpdater] INFO  ratis.ContainerStateMachine (ContainerStateMachine.java:takeSnapshot(289)) - group-3D723BC38E81: Taking a snapshot at:(t:1, i:1) file /workdir/hadoop-ozone/integration-test/target/test-dir/MiniOzoneClusterImpl-938fedde-e8cb-4965-8e7f-34791526160a/datanode-0/data/ratis/5c8f89d5-4903-4aaa-9c4e-3d723bc38e81/sm/snapshot.1_1
2019-10-01 20:48:39,962 [8d0405c5-db0d-40fd-a5c9-fcc8c0c78ea9@group-3D723BC38E81-StateMachineUpdater] INFO  ratis.ContainerStateMachine (ContainerStateMachine.java:takeSnapshot(300)) - group-3D723BC38E81: Finished taking a snapshot at:(t:1, i:1) file:/workdir/hadoop-ozone/integration-test/target/test-dir/MiniOzoneClusterImpl-938fedde-e8cb-4965-8e7f-34791526160a/datanode-0/data/ratis/5c8f89d5-4903-4aaa-9c4e-3d723bc38e81/sm/snapshot.1_1 time:12
2019-10-01 20:48:39,963 [8d0405c5-db0d-40fd-a5c9-fcc8c0c78ea9@group-3D723BC38E81-StateMachineUpdater] INFO  impl.StateMachineUpdater (StateMachineUpdater.java:takeSnapshot(269)) - 8d0405c5-db0d-40fd-a5c9-fcc8c0c78ea9@group-3D723BC38E81-StateMachineUpdater: Took a snapshot at index 1
2019-10-01 20:48:39,963 [8d0405c5-db0d-40fd-a5c9-fcc8c0c78ea9@group-3D723BC38E81-StateMachineUpdater] INFO  impl.StateMachineUpdater (StateMachineUpdater.java:lambda$new$0(84)) - 8d0405c5-db0d-40fd-a5c9-fcc8c0c78ea9@group-3D723BC38E81-StateMachineUpdater: snapshotIndex: updateIncreasingly 1 -> 1
2019-10-01 20:48:39,963 [main] INFO  impl.RaftServerImpl (ServerState.java:close(387)) - 8d0405c5-db0d-40fd-a5c9-fcc8c0c78ea9@group-3D723BC38E81: closes. applyIndex: 2
2019-10-01 20:48:39,964 [8d0405c5-db0d-40fd-a5c9-fcc8c0c78ea9@group-3D723BC38E81-SegmentedRaftLogWorker] INFO  segmented.SegmentedRaftLogWorker (SegmentedRaftLogWorker.java:run(316)) - 8d0405c5-db0d-40fd-a5c9-fcc8c0c78ea9@group-3D723BC38E81-SegmentedRaftLogWorker was interrupted, exiting. There are 0 tasks remaining in the queue.
2019-10-01 20:48:39,966 [main] INFO  segmented.SegmentedRaftLogWorker (SegmentedRaftLogWorker.java:close(224)) - 8d0405c5-db0d-40fd-a5c9-fcc8c0c78ea9@group-3D723BC38E81-SegmentedRaftLogWorker close()
2019-10-01 20:48:39,972 [main] INFO  server.GrpcService (GrpcService.java:closeImpl(164)) - 8d0405c5-db0d-40fd-a5c9-fcc8c0c78ea9: shutdown server with port 44527 now
2019-10-01 20:48:39,973 [grpc-default-executor-8] WARN  server.GrpcServerProtocolService (LogUtils.java:warn(134)) - 8d0405c5-db0d-40fd-a5c9-fcc8c0c78ea9: installSnapshot onError, lastRequest: 5eae8d89-2554-4fd6-97cf-239256c32a64->8d0405c5-db0d-40fd-a5c9-fcc8c0c78ea9#5-t1, previous=(t:1, i:2), leaderCommit=2, initializing? false, entries: <empty>: org.apache.ratis.thirdparty.io.grpc.StatusRuntimeException: CANCELLED: cancelled before receiving half close
2019-10-01 20:48:39,973 [main] INFO  server.GrpcService (GrpcService.java:closeImpl(172)) - 8d0405c5-db0d-40fd-a5c9-fcc8c0c78ea9: shutdown server with port 44527 successfully
2019-10-01 20:48:39,974 [grpc-default-executor-0] WARN  server.GrpcLogAppender (LogUtils.java:warn(134)) - 5eae8d89-2554-4fd6-97cf-239256c32a64@group-3D723BC38E81->8d0405c5-db0d-40fd-a5c9-fcc8c0c78ea9-AppendLogResponseHandler: Failed appendEntries: org.apache.ratis.thirdparty.io.grpc.StatusRuntimeException: CANCELLED: HTTP/2 error code: CANCEL
Received Rst Stream
2019-10-01 20:48:39,974 [grpc-default-executor-0] INFO  impl.FollowerInfo (FollowerInfo.java:lambda$new$0(51)) - 5eae8d89-2554-4fd6-97cf-239256c32a64@group-3D723BC38E81->8d0405c5-db0d-40fd-a5c9-fcc8c0c78ea9: nextIndex: updateUnconditionally 3 -> 2
2019-10-01 20:48:39,975 [refreshUsed-/workdir/hadoop-ozone/integration-test/target/test-dir/MiniOzoneClusterImpl-938fedde-e8cb-4965-8e7f-34791526160a/datanode-0/data/containers] WARN  fs.CachingGetSpaceUsed (CachingGetSpaceUsed.java:run(183)) - Thread Interrupted waiting to refresh disk information: sleep interrupted
2019-10-01 20:48:39,987 [main] INFO  utils.BackgroundService (BackgroundService.java:shutdown(148)) - Shutting down service BlockDeletingService
2019-10-01 20:48:39,996 [main] INFO  statemachine.DatanodeStateMachine (DatanodeStateMachine.java:stopDaemon(395)) - Ozone container server stopped.
2019-10-01 20:48:39,997 [main] INFO  handler.ContextHandler (ContextHandler.java:doStop(910)) - Stopped o.e.j.w.WebAppContext@61db86bf{/,null,UNAVAILABLE}{/hddsDatanode}
2019-10-01 20:48:40,000 [main] INFO  server.AbstractConnector (AbstractConnector.java:doStop(318)) - Stopped ServerConnector@4da1f38a{HTTP/1.1,[http/1.1]}{0.0.0.0:0}
2019-10-01 20:48:40,000 [main] INFO  handler.ContextHandler (ContextHandler.java:doStop(910)) - Stopped o.e.j.s.ServletContextHandler@2291d9a0{/static,jar:file:/home/user/.m2/repository/org/apache/hadoop/hadoop-hdds-container-service/0.5.0-SNAPSHOT/hadoop-hdds-container-service-0.5.0-SNAPSHOT.jar!/webapps/static,UNAVAILABLE}
2019-10-01 20:48:40,001 [main] INFO  handler.ContextHandler (ContextHandler.java:doStop(910)) - Stopped o.e.j.s.ServletContextHandler@2839e3c8{/logs,file:///workdir/hadoop-ozone/integration-test/target/log,UNAVAILABLE}
2019-10-01 20:48:40,957 [Datanode State Machine Thread - 0] INFO  statemachine.DatanodeStateMachine (DatanodeStateMachine.java:lambda$startDaemon$0(350)) - Ozone container server started.
2019-10-01 20:48:42,343 [grpc-default-executor-0] WARN  server.GrpcLogAppender (LogUtils.java:warn(134)) - 5eae8d89-2554-4fd6-97cf-239256c32a64@group-3D723BC38E81->8d0405c5-db0d-40fd-a5c9-fcc8c0c78ea9-AppendLogResponseHandler: Failed appendEntries: org.apache.ratis.thirdparty.io.grpc.StatusRuntimeException: UNAVAILABLE: io exception
2019-10-01 20:48:42,344 [grpc-default-executor-0] INFO  impl.FollowerInfo (FollowerInfo.java:lambda$new$0(51)) - 5eae8d89-2554-4fd6-97cf-239256c32a64@group-3D723BC38E81->8d0405c5-db0d-40fd-a5c9-fcc8c0c78ea9: nextIndex: updateUnconditionally 2 -> 1
2019-10-01 20:48:44,848 [grpc-default-executor-0] WARN  server.GrpcLogAppender (LogUtils.java:warn(134)) - 5eae8d89-2554-4fd6-97cf-239256c32a64@group-3D723BC38E81->8d0405c5-db0d-40fd-a5c9-fcc8c0c78ea9-AppendLogResponseHandler: Failed appendEntries: org.apache.ratis.thirdparty.io.grpc.StatusRuntimeException: UNAVAILABLE: io exception
2019-10-01 20:48:44,850 [grpc-default-executor-0] INFO  impl.FollowerInfo (FollowerInfo.java:lambda$new$0(51)) - 5eae8d89-2554-4fd6-97cf-239256c32a64@group-3D723BC38E81->8d0405c5-db0d-40fd-a5c9-fcc8c0c78ea9: nextIndex: updateUnconditionally 1 -> 0
2019-10-01 20:48:45,003 [main] INFO  ozoneimpl.OzoneContainer (OzoneContainer.java:stop(231)) - Attempting to stop container services.
2019-10-01 20:48:45,004 [main] INFO  impl.RaftServerProxy (RaftServerProxy.java:lambda$close$4(314)) - 364d6562-bb48-4b36-aaf0-ec4292e9bf14: close
2019-10-01 20:48:45,005 [main] INFO  impl.RaftServerImpl (RaftServerImpl.java:lambda$shutdown$3(247)) - 364d6562-bb48-4b36-aaf0-ec4292e9bf14@group-87C1546A95EB: shutdown
2019-10-01 20:48:45,006 [main] INFO  util.JmxRegister (JmxRegister.java:unregister(73)) - Successfully un-registered JMX Bean with object name Ratis:service=RaftServer,group=group-87C1546A95EB,id=364d6562-bb48-4b36-aaf0-ec4292e9bf14
2019-10-01 20:48:45,006 [main] INFO  impl.RoleInfo (RoleInfo.java:shutdownLeaderState(104)) - 364d6562-bb48-4b36-aaf0-ec4292e9bf14: shutdown LeaderState
2019-10-01 20:48:45,006 [main] INFO  impl.PendingRequests (PendingRequests.java:sendNotLeaderResponses(202)) - 364d6562-bb48-4b36-aaf0-ec4292e9bf14@group-87C1546A95EB-PendingRequests: sendNotLeaderResponses
2019-10-01 20:48:45,007 [main] INFO  impl.StateMachineUpdater (StateMachineUpdater.java:stopAndJoin(136)) - 364d6562-bb48-4b36-aaf0-ec4292e9bf14@group-87C1546A95EB-StateMachineUpdater: set stopIndex = 0
2019-10-01 20:48:45,007 [main] INFO  impl.RaftServerImpl (ServerState.java:close(387)) - 364d6562-bb48-4b36-aaf0-ec4292e9bf14@group-87C1546A95EB: closes. applyIndex: 0
2019-10-01 20:48:45,008 [364d6562-bb48-4b36-aaf0-ec4292e9bf14@group-87C1546A95EB-SegmentedRaftLogWorker] INFO  segmented.SegmentedRaftLogWorker (SegmentedRaftLogWorker.java:run(316)) - 364d6562-bb48-4b36-aaf0-ec4292e9bf14@group-87C1546A95EB-SegmentedRaftLogWorker was interrupted, exiting. There are 0 tasks remaining in the queue.
2019-10-01 20:48:45,012 [main] INFO  segmented.SegmentedRaftLogWorker (SegmentedRaftLogWorker.java:close(224)) - 364d6562-bb48-4b36-aaf0-ec4292e9bf14@group-87C1546A95EB-SegmentedRaftLogWorker close()
2019-10-01 20:48:45,015 [main] INFO  impl.RaftServerImpl (RaftServerImpl.java:lambda$shutdown$3(247)) - 364d6562-bb48-4b36-aaf0-ec4292e9bf14@group-3D723BC38E81: shutdown
2019-10-01 20:48:45,015 [main] INFO  util.JmxRegister (JmxRegister.java:unregister(73)) - Successfully un-registered JMX Bean with object name Ratis:service=RaftServer,group=group-3D723BC38E81,id=364d6562-bb48-4b36-aaf0-ec4292e9bf14
2019-10-01 20:48:45,016 [main] INFO  impl.RoleInfo (RoleInfo.java:shutdownFollowerState(121)) - 364d6562-bb48-4b36-aaf0-ec4292e9bf14: shutdown FollowerState
2019-10-01 20:48:45,016 [main] INFO  impl.StateMachineUpdater (StateMachineUpdater.java:stopAndJoin(136)) - 364d6562-bb48-4b36-aaf0-ec4292e9bf14@group-3D723BC38E81-StateMachineUpdater: set stopIndex = 2
2019-10-01 20:48:45,016 [364d6562-bb48-4b36-aaf0-ec4292e9bf14@group-3D723BC38E81-StateMachineUpdater] INFO  ratis.ContainerStateMachine (ContainerStateMachine.java:takeSnapshot(289)) - group-3D723BC38E81: Taking a snapshot at:(t:1, i:1) file /workdir/hadoop-ozone/integration-test/target/test-dir/MiniOzoneClusterImpl-938fedde-e8cb-4965-8e7f-34791526160a/datanode-2/data/ratis/5c8f89d5-4903-4aaa-9c4e-3d723bc38e81/sm/snapshot.1_1
2019-10-01 20:48:45,016 [Thread-1457] INFO  impl.FollowerState (FollowerState.java:run(117)) - 364d6562-bb48-4b36-aaf0-ec4292e9bf14@group-3D723BC38E81-FollowerState was interrupted: java.lang.InterruptedException: sleep interrupted
2019-10-01 20:48:45,026 [364d6562-bb48-4b36-aaf0-ec4292e9bf14@group-3D723BC38E81-StateMachineUpdater] INFO  ratis.ContainerStateMachine (ContainerStateMachine.java:takeSnapshot(300)) - group-3D723BC38E81: Finished taking a snapshot at:(t:1, i:1) file:/workdir/hadoop-ozone/integration-test/target/test-dir/MiniOzoneClusterImpl-938fedde-e8cb-4965-8e7f-34791526160a/datanode-2/data/ratis/5c8f89d5-4903-4aaa-9c4e-3d723bc38e81/sm/snapshot.1_1 time:10
2019-10-01 20:48:45,027 [364d6562-bb48-4b36-aaf0-ec4292e9bf14@group-3D723BC38E81-StateMachineUpdater] INFO  impl.StateMachineUpdater (StateMachineUpdater.java:takeSnapshot(269)) - 364d6562-bb48-4b36-aaf0-ec4292e9bf14@group-3D723BC38E81-StateMachineUpdater: Took a snapshot at index 1
2019-10-01 20:48:45,027 [364d6562-bb48-4b36-aaf0-ec4292e9bf14@group-3D723BC38E81-StateMachineUpdater] INFO  impl.StateMachineUpdater (StateMachineUpdater.java:lambda$new$0(84)) - 364d6562-bb48-4b36-aaf0-ec4292e9bf14@group-3D723BC38E81-StateMachineUpdater: snapshotIndex: updateIncreasingly -1 -> 1
2019-10-01 20:48:45,027 [364d6562-bb48-4b36-aaf0-ec4292e9bf14@group-3D723BC38E81-StateMachineUpdater] INFO  ratis.ContainerStateMachine (ContainerStateMachine.java:takeSnapshot(289)) - group-3D723BC38E81: Taking a snapshot at:(t:1, i:1) file /workdir/hadoop-ozone/integration-test/target/test-dir/MiniOzoneClusterImpl-938fedde-e8cb-4965-8e7f-34791526160a/datanode-2/data/ratis/5c8f89d5-4903-4aaa-9c4e-3d723bc38e81/sm/snapshot.1_1
2019-10-01 20:48:45,038 [364d6562-bb48-4b36-aaf0-ec4292e9bf14@group-3D723BC38E81-StateMachineUpdater] INFO  ratis.ContainerStateMachine (ContainerStateMachine.java:takeSnapshot(300)) - group-3D723BC38E81: Finished taking a snapshot at:(t:1, i:1) file:/workdir/hadoop-ozone/integration-test/target/test-dir/MiniOzoneClusterImpl-938fedde-e8cb-4965-8e7f-34791526160a/datanode-2/data/ratis/5c8f89d5-4903-4aaa-9c4e-3d723bc38e81/sm/snapshot.1_1 time:11
2019-10-01 20:48:45,038 [364d6562-bb48-4b36-aaf0-ec4292e9bf14@group-3D723BC38E81-StateMachineUpdater] INFO  impl.StateMachineUpdater (StateMachineUpdater.java:takeSnapshot(269)) - 364d6562-bb48-4b36-aaf0-ec4292e9bf14@group-3D723BC38E81-StateMachineUpdater: Took a snapshot at index 1
2019-10-01 20:48:45,038 [364d6562-bb48-4b36-aaf0-ec4292e9bf14@group-3D723BC38E81-StateMachineUpdater] INFO  impl.StateMachineUpdater (StateMachineUpdater.java:lambda$new$0(84)) - 364d6562-bb48-4b36-aaf0-ec4292e9bf14@group-3D723BC38E81-StateMachineUpdater: snapshotIndex: updateIncreasingly 1 -> 1
2019-10-01 20:48:45,038 [main] INFO  impl.RaftServerImpl (ServerState.java:close(387)) - 364d6562-bb48-4b36-aaf0-ec4292e9bf14@group-3D723BC38E81: closes. applyIndex: 2
2019-10-01 20:48:45,039 [364d6562-bb48-4b36-aaf0-ec4292e9bf14@group-3D723BC38E81-SegmentedRaftLogWorker] INFO  segmented.SegmentedRaftLogWorker (SegmentedRaftLogWorker.java:run(316)) - 364d6562-bb48-4b36-aaf0-ec4292e9bf14@group-3D723BC38E81-SegmentedRaftLogWorker was interrupted, exiting. There are 0 tasks remaining in the queue.
2019-10-01 20:48:45,040 [main] INFO  segmented.SegmentedRaftLogWorker (SegmentedRaftLogWorker.java:close(224)) - 364d6562-bb48-4b36-aaf0-ec4292e9bf14@group-3D723BC38E81-SegmentedRaftLogWorker close()
2019-10-01 20:48:45,043 [main] INFO  server.GrpcService (GrpcService.java:closeImpl(164)) - 364d6562-bb48-4b36-aaf0-ec4292e9bf14: shutdown server with port 35815 now
2019-10-01 20:48:45,044 [grpc-default-executor-0] WARN  server.GrpcServerProtocolService (LogUtils.java:warn(134)) - 364d6562-bb48-4b36-aaf0-ec4292e9bf14: installSnapshot onError, lastRequest: 5eae8d89-2554-4fd6-97cf-239256c32a64->364d6562-bb48-4b36-aaf0-ec4292e9bf14#7-t1, previous=(t:1, i:2), leaderCommit=2, initializing? false, entries: <empty>: org.apache.ratis.thirdparty.io.grpc.StatusRuntimeException: CANCELLED: cancelled before receiving half close
2019-10-01 20:48:45,044 [grpc-default-executor-8] WARN  server.GrpcLogAppender (LogUtils.java:warn(134)) - 5eae8d89-2554-4fd6-97cf-239256c32a64@group-3D723BC38E81->364d6562-bb48-4b36-aaf0-ec4292e9bf14-AppendLogResponseHandler: Failed appendEntries: org.apache.ratis.thirdparty.io.grpc.StatusRuntimeException: CANCELLED: HTTP/2 error code: CANCEL
Received Rst Stream
2019-10-01 20:48:45,044 [main] INFO  server.GrpcService (GrpcService.java:closeImpl(172)) - 364d6562-bb48-4b36-aaf0-ec4292e9bf14: shutdown server with port 35815 successfully
2019-10-01 20:48:45,044 [grpc-default-executor-8] INFO  impl.FollowerInfo (FollowerInfo.java:lambda$new$0(51)) - 5eae8d89-2554-4fd6-97cf-239256c32a64@group-3D723BC38E81->364d6562-bb48-4b36-aaf0-ec4292e9bf14: nextIndex: updateUnconditionally 3 -> 2
2019-10-01 20:48:45,047 [refreshUsed-/workdir/hadoop-ozone/integration-test/target/test-dir/MiniOzoneClusterImpl-938fedde-e8cb-4965-8e7f-34791526160a/datanode-2/data/containers] WARN  fs.CachingGetSpaceUsed (CachingGetSpaceUsed.java:run(183)) - Thread Interrupted waiting to refresh disk information: sleep interrupted
2019-10-01 20:48:45,069 [main] INFO  utils.BackgroundService (BackgroundService.java:shutdown(148)) - Shutting down service BlockDeletingService
2019-10-01 20:48:45,073 [main] INFO  statemachine.DatanodeStateMachine (DatanodeStateMachine.java:stopDaemon(395)) - Ozone container server stopped.
2019-10-01 20:48:45,075 [main] INFO  handler.ContextHandler (ContextHandler.java:doStop(910)) - Stopped o.e.j.w.WebAppContext@65ef48f2{/,null,UNAVAILABLE}{/hddsDatanode}
2019-10-01 20:48:45,076 [main] INFO  server.AbstractConnector (AbstractConnector.java:doStop(318)) - Stopped ServerConnector@36068727{HTTP/1.1,[http/1.1]}{0.0.0.0:0}
2019-10-01 20:48:45,076 [main] INFO  handler.ContextHandler (ContextHandler.java:doStop(910)) - Stopped o.e.j.s.ServletContextHandler@7ca16adc{/static,jar:file:/home/user/.m2/repository/org/apache/hadoop/hadoop-hdds-container-service/0.5.0-SNAPSHOT/hadoop-hdds-container-service-0.5.0-SNAPSHOT.jar!/webapps/static,UNAVAILABLE}
2019-10-01 20:48:45,077 [main] INFO  handler.ContextHandler (ContextHandler.java:doStop(910)) - Stopped o.e.j.s.ServletContextHandler@4dcbae55{/logs,file:///workdir/hadoop-ozone/integration-test/target/log,UNAVAILABLE}
2019-10-01 20:48:47,347 [grpc-default-executor-5] WARN  server.GrpcLogAppender (LogUtils.java:warn(134)) - 5eae8d89-2554-4fd6-97cf-239256c32a64@group-3D723BC38E81->8d0405c5-db0d-40fd-a5c9-fcc8c0c78ea9-AppendLogResponseHandler: Failed appendEntries: org.apache.ratis.thirdparty.io.grpc.StatusRuntimeException: UNAVAILABLE: io exception
2019-10-01 20:48:47,348 [grpc-default-executor-5] INFO  impl.FollowerInfo (FollowerInfo.java:lambda$new$0(51)) - 5eae8d89-2554-4fd6-97cf-239256c32a64@group-3D723BC38E81->8d0405c5-db0d-40fd-a5c9-fcc8c0c78ea9: nextIndex: updateUnconditionally 0 -> 0
2019-10-01 20:48:47,355 [grpc-default-executor-5] WARN  server.GrpcLogAppender (LogUtils.java:warn(134)) - 5eae8d89-2554-4fd6-97cf-239256c32a64@group-3D723BC38E81->364d6562-bb48-4b36-aaf0-ec4292e9bf14-AppendLogResponseHandler: Failed appendEntries: org.apache.ratis.thirdparty.io.grpc.StatusRuntimeException: UNAVAILABLE: io exception
2019-10-01 20:48:47,355 [grpc-default-executor-5] INFO  impl.FollowerInfo (FollowerInfo.java:lambda$new$0(51)) - 5eae8d89-2554-4fd6-97cf-239256c32a64@group-3D723BC38E81->364d6562-bb48-4b36-aaf0-ec4292e9bf14: nextIndex: updateUnconditionally 2 -> 1
2019-10-01 20:48:49,854 [grpc-default-executor-8] WARN  server.GrpcLogAppender (LogUtils.java:warn(134)) - 5eae8d89-2554-4fd6-97cf-239256c32a64@group-3D723BC38E81->8d0405c5-db0d-40fd-a5c9-fcc8c0c78ea9-AppendLogResponseHandler: Failed appendEntries: org.apache.ratis.thirdparty.io.grpc.StatusRuntimeException: UNAVAILABLE: io exception
2019-10-01 20:48:49,855 [grpc-default-executor-8] INFO  impl.FollowerInfo (FollowerInfo.java:lambda$new$0(51)) - 5eae8d89-2554-4fd6-97cf-239256c32a64@group-3D723BC38E81->8d0405c5-db0d-40fd-a5c9-fcc8c0c78ea9: nextIndex: updateUnconditionally 0 -> 0
2019-10-01 20:48:49,856 [grpc-default-executor-8] WARN  server.GrpcLogAppender (LogUtils.java:warn(134)) - 5eae8d89-2554-4fd6-97cf-239256c32a64@group-3D723BC38E81->364d6562-bb48-4b36-aaf0-ec4292e9bf14-AppendLogResponseHandler: Failed appendEntries: org.apache.ratis.thirdparty.io.grpc.StatusRuntimeException: UNAVAILABLE: io exception
2019-10-01 20:48:49,856 [grpc-default-executor-8] INFO  impl.FollowerInfo (FollowerInfo.java:lambda$new$0(51)) - 5eae8d89-2554-4fd6-97cf-239256c32a64@group-3D723BC38E81->364d6562-bb48-4b36-aaf0-ec4292e9bf14: nextIndex: updateUnconditionally 1 -> 0
2019-10-01 20:48:52,354 [grpc-default-executor-0] WARN  server.GrpcLogAppender (LogUtils.java:warn(134)) - 5eae8d89-2554-4fd6-97cf-239256c32a64@group-3D723BC38E81->8d0405c5-db0d-40fd-a5c9-fcc8c0c78ea9-AppendLogResponseHandler: Failed appendEntries: org.apache.ratis.thirdparty.io.grpc.StatusRuntimeException: UNAVAILABLE: io exception
2019-10-01 20:48:52,355 [grpc-default-executor-0] INFO  impl.FollowerInfo (FollowerInfo.java:lambda$new$0(51)) - 5eae8d89-2554-4fd6-97cf-239256c32a64@group-3D723BC38E81->8d0405c5-db0d-40fd-a5c9-fcc8c0c78ea9: nextIndex: updateUnconditionally 0 -> 0
2019-10-01 20:48:52,356 [grpc-default-executor-5] WARN  server.GrpcLogAppender (LogUtils.java:warn(134)) - 5eae8d89-2554-4fd6-97cf-239256c32a64@group-3D723BC38E81->364d6562-bb48-4b36-aaf0-ec4292e9bf14-AppendLogResponseHandler: Failed appendEntries: org.apache.ratis.thirdparty.io.grpc.StatusRuntimeException: UNAVAILABLE: io exception
2019-10-01 20:48:52,356 [grpc-default-executor-5] INFO  impl.FollowerInfo (FollowerInfo.java:lambda$new$0(51)) - 5eae8d89-2554-4fd6-97cf-239256c32a64@group-3D723BC38E81->364d6562-bb48-4b36-aaf0-ec4292e9bf14: nextIndex: updateUnconditionally 0 -> 0
2019-10-01 20:48:54,857 [grpc-default-executor-8] WARN  server.GrpcLogAppender (LogUtils.java:warn(134)) - 5eae8d89-2554-4fd6-97cf-239256c32a64@group-3D723BC38E81->8d0405c5-db0d-40fd-a5c9-fcc8c0c78ea9-AppendLogResponseHandler: Failed appendEntries: org.apache.ratis.thirdparty.io.grpc.StatusRuntimeException: UNAVAILABLE: io exception
2019-10-01 20:48:54,857 [grpc-default-executor-5] WARN  server.GrpcLogAppender (LogUtils.java:warn(134)) - 5eae8d89-2554-4fd6-97cf-239256c32a64@group-3D723BC38E81->364d6562-bb48-4b36-aaf0-ec4292e9bf14-AppendLogResponseHandler: Failed appendEntries: org.apache.ratis.thirdparty.io.grpc.StatusRuntimeException: UNAVAILABLE: io exception
2019-10-01 20:48:54,858 [grpc-default-executor-8] INFO  impl.FollowerInfo (FollowerInfo.java:lambda$new$0(51)) - 5eae8d89-2554-4fd6-97cf-239256c32a64@group-3D723BC38E81->8d0405c5-db0d-40fd-a5c9-fcc8c0c78ea9: nextIndex: updateUnconditionally 0 -> 0
2019-10-01 20:48:54,858 [grpc-default-executor-5] INFO  impl.FollowerInfo (FollowerInfo.java:lambda$new$0(51)) - 5eae8d89-2554-4fd6-97cf-239256c32a64@group-3D723BC38E81->364d6562-bb48-4b36-aaf0-ec4292e9bf14: nextIndex: updateUnconditionally 0 -> 0
2019-10-01 20:48:55,858 [Thread-1531] INFO  client.GrpcClientProtocolService (GrpcClientProtocolService.java:lambda$processClientRequest$0(278)) - Failed RaftClientRequest:client-82C999A77EBB->5eae8d89-2554-4fd6-97cf-239256c32a64@group-3D723BC38E81, cid=67, seq=0, Watch-ALL_COMMITTED(16), Message:<EMPTY>, reply=RaftClientReply:client-82C999A77EBB->5eae8d89-2554-4fd6-97cf-239256c32a64@group-3D723BC38E81, cid=67, FAILED org.apache.ratis.protocol.NotReplicatedException: Request with call Id 67 and log index 16 is not yet replicated to ALL_COMMITTED, logIndex=16, commits[5eae8d89-2554-4fd6-97cf-239256c32a64:c2, 364d6562-bb48-4b36-aaf0-ec4292e9bf14:c2, 8d0405c5-db0d-40fd-a5c9-fcc8c0c78ea9:c2]
2019-10-01 20:48:57,356 [grpc-default-executor-5] WARN  server.GrpcLogAppender (LogUtils.java:warn(134)) - 5eae8d89-2554-4fd6-97cf-239256c32a64@group-3D723BC38E81->8d0405c5-db0d-40fd-a5c9-fcc8c0c78ea9-AppendLogResponseHandler: Failed appendEntries: org.apache.ratis.thirdparty.io.grpc.StatusRuntimeException: UNAVAILABLE: io exception
2019-10-01 20:48:57,356 [grpc-default-executor-5] INFO  impl.FollowerInfo (FollowerInfo.java:lambda$new$0(51)) - 5eae8d89-2554-4fd6-97cf-239256c32a64@group-3D723BC38E81->8d0405c5-db0d-40fd-a5c9-fcc8c0c78ea9: nextIndex: updateUnconditionally 0 -> 0
2019-10-01 20:48:57,360 [grpc-default-executor-0] WARN  server.GrpcLogAppender (LogUtils.java:warn(134)) - 5eae8d89-2554-4fd6-97cf-239256c32a64@group-3D723BC38E81->364d6562-bb48-4b36-aaf0-ec4292e9bf14-AppendLogResponseHandler: Failed appendEntries: org.apache.ratis.thirdparty.io.grpc.StatusRuntimeException: UNAVAILABLE: io exception
2019-10-01 20:48:57,363 [grpc-default-executor-0] INFO  impl.FollowerInfo (FollowerInfo.java:lambda$new$0(51)) - 5eae8d89-2554-4fd6-97cf-239256c32a64@group-3D723BC38E81->364d6562-bb48-4b36-aaf0-ec4292e9bf14: nextIndex: updateUnconditionally 0 -> 0
2019-10-01 20:48:59,861 [grpc-default-executor-0] WARN  server.GrpcLogAppender (LogUtils.java:warn(134)) - 5eae8d89-2554-4fd6-97cf-239256c32a64@group-3D723BC38E81->364d6562-bb48-4b36-aaf0-ec4292e9bf14-AppendLogResponseHandler: Failed appendEntries: org.apache.ratis.thirdparty.io.grpc.StatusRuntimeException: UNAVAILABLE: io exception
2019-10-01 20:48:59,861 [grpc-default-executor-8] WARN  server.GrpcLogAppender (LogUtils.java:warn(134)) - 5eae8d89-2554-4fd6-97cf-239256c32a64@group-3D723BC38E81->8d0405c5-db0d-40fd-a5c9-fcc8c0c78ea9-AppendLogResponseHandler: Failed appendEntries: org.apache.ratis.thirdparty.io.grpc.StatusRuntimeException: UNAVAILABLE: io exception
2019-10-01 20:48:59,863 [grpc-default-executor-0] INFO  impl.FollowerInfo (FollowerInfo.java:lambda$new$0(51)) - 5eae8d89-2554-4fd6-97cf-239256c32a64@group-3D723BC38E81->364d6562-bb48-4b36-aaf0-ec4292e9bf14: nextIndex: updateUnconditionally 0 -> 0
2019-10-01 20:48:59,863 [grpc-default-executor-8] INFO  impl.FollowerInfo (FollowerInfo.java:lambda$new$0(51)) - 5eae8d89-2554-4fd6-97cf-239256c32a64@group-3D723BC38E81->8d0405c5-db0d-40fd-a5c9-fcc8c0c78ea9: nextIndex: updateUnconditionally 0 -> 0
2019-10-01 20:49:02,362 [grpc-default-executor-1] WARN  server.GrpcLogAppender (LogUtils.java:warn(134)) - 5eae8d89-2554-4fd6-97cf-239256c32a64@group-3D723BC38E81->364d6562-bb48-4b36-aaf0-ec4292e9bf14-AppendLogResponseHandler: Failed appendEntries: org.apache.ratis.thirdparty.io.grpc.StatusRuntimeException: UNAVAILABLE: io exception
2019-10-01 20:49:02,362 [grpc-default-executor-5] WARN  server.GrpcLogAppender (LogUtils.java:warn(134)) - 5eae8d89-2554-4fd6-97cf-239256c32a64@group-3D723BC38E81->8d0405c5-db0d-40fd-a5c9-fcc8c0c78ea9-AppendLogResponseHandler: Failed appendEntries: org.apache.ratis.thirdparty.io.grpc.StatusRuntimeException: UNAVAILABLE: io exception
2019-10-01 20:49:02,363 [grpc-default-executor-1] INFO  impl.FollowerInfo (FollowerInfo.java:lambda$new$0(51)) - 5eae8d89-2554-4fd6-97cf-239256c32a64@group-3D723BC38E81->364d6562-bb48-4b36-aaf0-ec4292e9bf14: nextIndex: updateUnconditionally 0 -> 0
2019-10-01 20:49:02,363 [grpc-default-executor-5] INFO  impl.FollowerInfo (FollowerInfo.java:lambda$new$0(51)) - 5eae8d89-2554-4fd6-97cf-239256c32a64@group-3D723BC38E81->8d0405c5-db0d-40fd-a5c9-fcc8c0c78ea9: nextIndex: updateUnconditionally 0 -> 0
2019-10-01 20:49:04,862 [grpc-default-executor-8] WARN  server.GrpcLogAppender (LogUtils.java:warn(134)) - 5eae8d89-2554-4fd6-97cf-239256c32a64@group-3D723BC38E81->364d6562-bb48-4b36-aaf0-ec4292e9bf14-AppendLogResponseHandler: Failed appendEntries: org.apache.ratis.thirdparty.io.grpc.StatusRuntimeException: UNAVAILABLE: io exception
2019-10-01 20:49:04,863 [grpc-default-executor-9] WARN  server.GrpcLogAppender (LogUtils.java:warn(134)) - 5eae8d89-2554-4fd6-97cf-239256c32a64@group-3D723BC38E81->8d0405c5-db0d-40fd-a5c9-fcc8c0c78ea9-AppendLogResponseHandler: Failed appendEntries: org.apache.ratis.thirdparty.io.grpc.StatusRuntimeException: UNAVAILABLE: io exception
2019-10-01 20:49:04,864 [grpc-default-executor-8] INFO  impl.FollowerInfo (FollowerInfo.java:lambda$new$0(51)) - 5eae8d89-2554-4fd6-97cf-239256c32a64@group-3D723BC38E81->364d6562-bb48-4b36-aaf0-ec4292e9bf14: nextIndex: updateUnconditionally 0 -> 0
2019-10-01 20:49:04,864 [grpc-default-executor-9] INFO  impl.FollowerInfo (FollowerInfo.java:lambda$new$0(51)) - 5eae8d89-2554-4fd6-97cf-239256c32a64@group-3D723BC38E81->8d0405c5-db0d-40fd-a5c9-fcc8c0c78ea9: nextIndex: updateUnconditionally 0 -> 0
2019-10-01 20:49:05,081 [main] WARN  scm.XceiverClientRatis (XceiverClientRatis.java:watchForCommit(292)) - 3 way commit failed on pipeline Pipeline[ Id: 5c8f89d5-4903-4aaa-9c4e-3d723bc38e81, Nodes: 8d0405c5-db0d-40fd-a5c9-fcc8c0c78ea9{ip: 192.168.5.177, host: pr-hdds-2213-2l6tc-3189445122, networkLocation: /default-rack, certSerialId: null}364d6562-bb48-4b36-aaf0-ec4292e9bf14{ip: 192.168.5.177, host: pr-hdds-2213-2l6tc-3189445122, networkLocation: /default-rack, certSerialId: null}5eae8d89-2554-4fd6-97cf-239256c32a64{ip: 192.168.5.177, host: pr-hdds-2213-2l6tc-3189445122, networkLocation: /default-rack, certSerialId: null}, Type:RATIS, Factor:THREE, State:OPEN]
java.util.concurrent.TimeoutException
	at java.util.concurrent.CompletableFuture.timedGet(CompletableFuture.java:1771)
	at java.util.concurrent.CompletableFuture.get(CompletableFuture.java:1915)
	at org.apache.hadoop.hdds.scm.XceiverClientRatis.watchForCommit(XceiverClientRatis.java:289)
	at org.apache.hadoop.ozone.client.rpc.TestWatchForCommit.testWatchForCommitForRetryfailure(TestWatchForCommit.java:345)
	at sun.reflect.NativeMethodAccessorImpl.invoke0(Native Method)
	at sun.reflect.NativeMethodAccessorImpl.invoke(NativeMethodAccessorImpl.java:62)
	at sun.reflect.DelegatingMethodAccessorImpl.invoke(DelegatingMethodAccessorImpl.java:43)
	at java.lang.reflect.Method.invoke(Method.java:498)
	at org.junit.runners.model.FrameworkMethod$1.runReflectiveCall(FrameworkMethod.java:47)
	at org.junit.internal.runners.model.ReflectiveCallable.run(ReflectiveCallable.java:12)
	at org.junit.runners.model.FrameworkMethod.invokeExplosively(FrameworkMethod.java:44)
	at org.junit.internal.runners.statements.InvokeMethod.evaluate(InvokeMethod.java:17)
	at org.junit.runners.ParentRunner.runLeaf(ParentRunner.java:271)
	at org.junit.runners.BlockJUnit4ClassRunner.runChild(BlockJUnit4ClassRunner.java:70)
	at org.junit.runners.BlockJUnit4ClassRunner.runChild(BlockJUnit4ClassRunner.java:50)
	at org.junit.runners.ParentRunner$3.run(ParentRunner.java:238)
	at org.junit.runners.ParentRunner$1.schedule(ParentRunner.java:63)
	at org.junit.runners.ParentRunner.runChildren(ParentRunner.java:236)
	at org.junit.runners.ParentRunner.access$000(ParentRunner.java:53)
	at org.junit.runners.ParentRunner$2.evaluate(ParentRunner.java:229)
	at org.junit.runners.ParentRunner.run(ParentRunner.java:309)
	at org.apache.maven.surefire.junit4.JUnit4Provider.execute(JUnit4Provider.java:365)
	at org.apache.maven.surefire.junit4.JUnit4Provider.executeWithRerun(JUnit4Provider.java:273)
	at org.apache.maven.surefire.junit4.JUnit4Provider.executeTestSet(JUnit4Provider.java:238)
	at org.apache.maven.surefire.junit4.JUnit4Provider.invoke(JUnit4Provider.java:159)
	at org.apache.maven.surefire.booter.ForkedBooter.invokeProviderInSameClassLoader(ForkedBooter.java:384)
	at org.apache.maven.surefire.booter.ForkedBooter.runSuitesInProcess(ForkedBooter.java:345)
	at org.apache.maven.surefire.booter.ForkedBooter.execute(ForkedBooter.java:126)
	at org.apache.maven.surefire.booter.ForkedBooter.main(ForkedBooter.java:418)
2019-10-01 20:49:05,857 [Thread-1544] INFO  client.GrpcClientProtocolService (GrpcClientProtocolService.java:lambda$processClientRequest$0(278)) - Failed RaftClientRequest:client-82C999A77EBB->5eae8d89-2554-4fd6-97cf-239256c32a64@group-3D723BC38E81, cid=67, seq=0, Watch-ALL_COMMITTED(16), Message:<EMPTY>, reply=RaftClientReply:client-82C999A77EBB->5eae8d89-2554-4fd6-97cf-239256c32a64@group-3D723BC38E81, cid=67, FAILED org.apache.ratis.protocol.NotReplicatedException: Request with call Id 67 and log index 16 is not yet replicated to ALL_COMMITTED, logIndex=16, commits[5eae8d89-2554-4fd6-97cf-239256c32a64:c2, 364d6562-bb48-4b36-aaf0-ec4292e9bf14:c2, 8d0405c5-db0d-40fd-a5c9-fcc8c0c78ea9:c2]
2019-10-01 20:49:07,366 [grpc-default-executor-9] WARN  server.GrpcLogAppender (LogUtils.java:warn(134)) - 5eae8d89-2554-4fd6-97cf-239256c32a64@group-3D723BC38E81->8d0405c5-db0d-40fd-a5c9-fcc8c0c78ea9-AppendLogResponseHandler: Failed appendEntries: org.apache.ratis.thirdparty.io.grpc.StatusRuntimeException: UNAVAILABLE: io exception
2019-10-01 20:49:07,366 [grpc-default-executor-8] WARN  server.GrpcLogAppender (LogUtils.java:warn(134)) - 5eae8d89-2554-4fd6-97cf-239256c32a64@group-3D723BC38E81->364d6562-bb48-4b36-aaf0-ec4292e9bf14-AppendLogResponseHandler: Failed appendEntries: org.apache.ratis.thirdparty.io.grpc.StatusRuntimeException: UNAVAILABLE: io exception
2019-10-01 20:49:07,374 [grpc-default-executor-9] INFO  impl.FollowerInfo (FollowerInfo.java:lambda$new$0(51)) - 5eae8d89-2554-4fd6-97cf-239256c32a64@group-3D723BC38E81->8d0405c5-db0d-40fd-a5c9-fcc8c0c78ea9: nextIndex: updateUnconditionally 0 -> 0
2019-10-01 20:49:07,374 [grpc-default-executor-8] INFO  impl.FollowerInfo (FollowerInfo.java:lambda$new$0(51)) - 5eae8d89-2554-4fd6-97cf-239256c32a64@group-3D723BC38E81->364d6562-bb48-4b36-aaf0-ec4292e9bf14: nextIndex: updateUnconditionally 0 -> 0
2019-10-01 20:49:09,865 [grpc-default-executor-8] WARN  server.GrpcLogAppender (LogUtils.java:warn(134)) - 5eae8d89-2554-4fd6-97cf-239256c32a64@group-3D723BC38E81->364d6562-bb48-4b36-aaf0-ec4292e9bf14-AppendLogResponseHandler: Failed appendEntries: org.apache.ratis.thirdparty.io.grpc.StatusRuntimeException: UNAVAILABLE: io exception
2019-10-01 20:49:09,865 [grpc-default-executor-9] WARN  server.GrpcLogAppender (LogUtils.java:warn(134)) - 5eae8d89-2554-4fd6-97cf-239256c32a64@group-3D723BC38E81->8d0405c5-db0d-40fd-a5c9-fcc8c0c78ea9-AppendLogResponseHandler: Failed appendEntries: org.apache.ratis.thirdparty.io.grpc.StatusRuntimeException: UNAVAILABLE: io exception
2019-10-01 20:49:09,865 [grpc-default-executor-8] INFO  impl.FollowerInfo (FollowerInfo.java:lambda$new$0(51)) - 5eae8d89-2554-4fd6-97cf-239256c32a64@group-3D723BC38E81->364d6562-bb48-4b36-aaf0-ec4292e9bf14: nextIndex: updateUnconditionally 0 -> 0
2019-10-01 20:49:09,866 [grpc-default-executor-9] INFO  impl.FollowerInfo (FollowerInfo.java:lambda$new$0(51)) - 5eae8d89-2554-4fd6-97cf-239256c32a64@group-3D723BC38E81->8d0405c5-db0d-40fd-a5c9-fcc8c0c78ea9: nextIndex: updateUnconditionally 0 -> 0
2019-10-01 20:49:12,366 [grpc-default-executor-9] WARN  server.GrpcLogAppender (LogUtils.java:warn(134)) - 5eae8d89-2554-4fd6-97cf-239256c32a64@group-3D723BC38E81->364d6562-bb48-4b36-aaf0-ec4292e9bf14-AppendLogResponseHandler: Failed appendEntries: org.apache.ratis.thirdparty.io.grpc.StatusRuntimeException: UNAVAILABLE: io exception
2019-10-01 20:49:12,366 [grpc-default-executor-8] WARN  server.GrpcLogAppender (LogUtils.java:warn(134)) - 5eae8d89-2554-4fd6-97cf-239256c32a64@group-3D723BC38E81->8d0405c5-db0d-40fd-a5c9-fcc8c0c78ea9-AppendLogResponseHandler: Failed appendEntries: org.apache.ratis.thirdparty.io.grpc.StatusRuntimeException: UNAVAILABLE: io exception
2019-10-01 20:49:12,367 [grpc-default-executor-9] INFO  impl.FollowerInfo (FollowerInfo.java:lambda$new$0(51)) - 5eae8d89-2554-4fd6-97cf-239256c32a64@group-3D723BC38E81->364d6562-bb48-4b36-aaf0-ec4292e9bf14: nextIndex: updateUnconditionally 0 -> 0
2019-10-01 20:49:12,367 [grpc-default-executor-8] INFO  impl.FollowerInfo (FollowerInfo.java:lambda$new$0(51)) - 5eae8d89-2554-4fd6-97cf-239256c32a64@group-3D723BC38E81->8d0405c5-db0d-40fd-a5c9-fcc8c0c78ea9: nextIndex: updateUnconditionally 0 -> 0
2019-10-01 20:49:14,867 [grpc-default-executor-0] WARN  server.GrpcLogAppender (LogUtils.java:warn(134)) - 5eae8d89-2554-4fd6-97cf-239256c32a64@group-3D723BC38E81->364d6562-bb48-4b36-aaf0-ec4292e9bf14-AppendLogResponseHandler: Failed appendEntries: org.apache.ratis.thirdparty.io.grpc.StatusRuntimeException: UNAVAILABLE: io exception
2019-10-01 20:49:14,867 [grpc-default-executor-1] WARN  server.GrpcLogAppender (LogUtils.java:warn(134)) - 5eae8d89-2554-4fd6-97cf-239256c32a64@group-3D723BC38E81->8d0405c5-db0d-40fd-a5c9-fcc8c0c78ea9-AppendLogResponseHandler: Failed appendEntries: org.apache.ratis.thirdparty.io.grpc.StatusRuntimeException: UNAVAILABLE: io exception
2019-10-01 20:49:14,867 [grpc-default-executor-0] INFO  impl.FollowerInfo (FollowerInfo.java:lambda$new$0(51)) - 5eae8d89-2554-4fd6-97cf-239256c32a64@group-3D723BC38E81->364d6562-bb48-4b36-aaf0-ec4292e9bf14: nextIndex: updateUnconditionally 0 -> 0
2019-10-01 20:49:14,868 [grpc-default-executor-1] INFO  impl.FollowerInfo (FollowerInfo.java:lambda$new$0(51)) - 5eae8d89-2554-4fd6-97cf-239256c32a64@group-3D723BC38E81->8d0405c5-db0d-40fd-a5c9-fcc8c0c78ea9: nextIndex: updateUnconditionally 0 -> 0
2019-10-01 20:49:15,857 [Thread-1561] INFO  client.GrpcClientProtocolService (GrpcClientProtocolService.java:lambda$processClientRequest$0(278)) - Failed RaftClientRequest:client-82C999A77EBB->5eae8d89-2554-4fd6-97cf-239256c32a64@group-3D723BC38E81, cid=67, seq=0, Watch-ALL_COMMITTED(16), Message:<EMPTY>, reply=RaftClientReply:client-82C999A77EBB->5eae8d89-2554-4fd6-97cf-239256c32a64@group-3D723BC38E81, cid=67, FAILED org.apache.ratis.protocol.NotReplicatedException: Request with call Id 67 and log index 16 is not yet replicated to ALL_COMMITTED, logIndex=16, commits[5eae8d89-2554-4fd6-97cf-239256c32a64:c2, 364d6562-bb48-4b36-aaf0-ec4292e9bf14:c2, 8d0405c5-db0d-40fd-a5c9-fcc8c0c78ea9:c2]
2019-10-01 20:49:15,857 [Thread-1562] INFO  client.GrpcClientProtocolService (GrpcClientProtocolService.java:lambda$processClientRequest$0(278)) - Failed RaftClientRequest:client-82C999A77EBB->5eae8d89-2554-4fd6-97cf-239256c32a64@group-3D723BC38E81, cid=68, seq=0, Watch-MAJORITY_COMMITTED(16), Message:<EMPTY>, reply=RaftClientReply:client-82C999A77EBB->5eae8d89-2554-4fd6-97cf-239256c32a64@group-3D723BC38E81, cid=68, FAILED org.apache.ratis.protocol.NotReplicatedException: Request with call Id 68 and log index 16 is not yet replicated to MAJORITY_COMMITTED, logIndex=16, commits[5eae8d89-2554-4fd6-97cf-239256c32a64:c2, 364d6562-bb48-4b36-aaf0-ec4292e9bf14:c2, 8d0405c5-db0d-40fd-a5c9-fcc8c0c78ea9:c2]
2019-10-01 20:49:17,369 [grpc-default-executor-1] WARN  server.GrpcLogAppender (LogUtils.java:warn(134)) - 5eae8d89-2554-4fd6-97cf-239256c32a64@group-3D723BC38E81->364d6562-bb48-4b36-aaf0-ec4292e9bf14-AppendLogResponseHandler: Failed appendEntries: org.apache.ratis.thirdparty.io.grpc.StatusRuntimeException: UNAVAILABLE: io exception
2019-10-01 20:49:17,369 [grpc-default-executor-9] WARN  server.GrpcLogAppender (LogUtils.java:warn(134)) - 5eae8d89-2554-4fd6-97cf-239256c32a64@group-3D723BC38E81->8d0405c5-db0d-40fd-a5c9-fcc8c0c78ea9-AppendLogResponseHandler: Failed appendEntries: org.apache.ratis.thirdparty.io.grpc.StatusRuntimeException: UNAVAILABLE: io exception
2019-10-01 20:49:17,376 [grpc-default-executor-9] INFO  impl.FollowerInfo (FollowerInfo.java:lambda$new$0(51)) - 5eae8d89-2554-4fd6-97cf-239256c32a64@group-3D723BC38E81->8d0405c5-db0d-40fd-a5c9-fcc8c0c78ea9: nextIndex: updateUnconditionally 0 -> 0
2019-10-01 20:49:17,376 [grpc-default-executor-1] INFO  impl.FollowerInfo (FollowerInfo.java:lambda$new$0(51)) - 5eae8d89-2554-4fd6-97cf-239256c32a64@group-3D723BC38E81->364d6562-bb48-4b36-aaf0-ec4292e9bf14: nextIndex: updateUnconditionally 0 -> 0
2019-10-01 20:49:19,874 [grpc-default-executor-1] WARN  server.GrpcLogAppender (LogUtils.java:warn(134)) - 5eae8d89-2554-4fd6-97cf-239256c32a64@group-3D723BC38E81->364d6562-bb48-4b36-aaf0-ec4292e9bf14-AppendLogResponseHandler: Failed appendEntries: org.apache.ratis.thirdparty.io.grpc.StatusRuntimeException: UNAVAILABLE: io exception
2019-10-01 20:49:19,874 [grpc-default-executor-9] WARN  server.GrpcLogAppender (LogUtils.java:warn(134)) - 5eae8d89-2554-4fd6-97cf-239256c32a64@group-3D723BC38E81->8d0405c5-db0d-40fd-a5c9-fcc8c0c78ea9-AppendLogResponseHandler: Failed appendEntries: org.apache.ratis.thirdparty.io.grpc.StatusRuntimeException: UNAVAILABLE: io exception
2019-10-01 20:49:19,875 [grpc-default-executor-1] INFO  impl.FollowerInfo (FollowerInfo.java:lambda$new$0(51)) - 5eae8d89-2554-4fd6-97cf-239256c32a64@group-3D723BC38E81->364d6562-bb48-4b36-aaf0-ec4292e9bf14: nextIndex: updateUnconditionally 0 -> 0
2019-10-01 20:49:19,875 [grpc-default-executor-9] INFO  impl.FollowerInfo (FollowerInfo.java:lambda$new$0(51)) - 5eae8d89-2554-4fd6-97cf-239256c32a64@group-3D723BC38E81->8d0405c5-db0d-40fd-a5c9-fcc8c0c78ea9: nextIndex: updateUnconditionally 0 -> 0
2019-10-01 20:49:22,377 [grpc-default-executor-9] WARN  server.GrpcLogAppender (LogUtils.java:warn(134)) - 5eae8d89-2554-4fd6-97cf-239256c32a64@group-3D723BC38E81->8d0405c5-db0d-40fd-a5c9-fcc8c0c78ea9-AppendLogResponseHandler: Failed appendEntries: org.apache.ratis.thirdparty.io.grpc.StatusRuntimeException: UNAVAILABLE: io exception
2019-10-01 20:49:22,377 [grpc-default-executor-1] WARN  server.GrpcLogAppender (LogUtils.java:warn(134)) - 5eae8d89-2554-4fd6-97cf-239256c32a64@group-3D723BC38E81->364d6562-bb48-4b36-aaf0-ec4292e9bf14-AppendLogResponseHandler: Failed appendEntries: org.apache.ratis.thirdparty.io.grpc.StatusRuntimeException: UNAVAILABLE: io exception
2019-10-01 20:49:22,378 [grpc-default-executor-9] INFO  impl.FollowerInfo (FollowerInfo.java:lambda$new$0(51)) - 5eae8d89-2554-4fd6-97cf-239256c32a64@group-3D723BC38E81->8d0405c5-db0d-40fd-a5c9-fcc8c0c78ea9: nextIndex: updateUnconditionally 0 -> 0
2019-10-01 20:49:22,378 [grpc-default-executor-1] INFO  impl.FollowerInfo (FollowerInfo.java:lambda$new$0(51)) - 5eae8d89-2554-4fd6-97cf-239256c32a64@group-3D723BC38E81->364d6562-bb48-4b36-aaf0-ec4292e9bf14: nextIndex: updateUnconditionally 0 -> 0
2019-10-01 20:49:24,878 [grpc-default-executor-9] WARN  server.GrpcLogAppender (LogUtils.java:warn(134)) - 5eae8d89-2554-4fd6-97cf-239256c32a64@group-3D723BC38E81->364d6562-bb48-4b36-aaf0-ec4292e9bf14-AppendLogResponseHandler: Failed appendEntries: org.apache.ratis.thirdparty.io.grpc.StatusRuntimeException: UNAVAILABLE: io exception
2019-10-01 20:49:24,878 [grpc-default-executor-1] WARN  server.GrpcLogAppender (LogUtils.java:warn(134)) - 5eae8d89-2554-4fd6-97cf-239256c32a64@group-3D723BC38E81->8d0405c5-db0d-40fd-a5c9-fcc8c0c78ea9-AppendLogResponseHandler: Failed appendEntries: org.apache.ratis.thirdparty.io.grpc.StatusRuntimeException: UNAVAILABLE: io exception
2019-10-01 20:49:24,880 [grpc-default-executor-1] INFO  impl.FollowerInfo (FollowerInfo.java:lambda$new$0(51)) - 5eae8d89-2554-4fd6-97cf-239256c32a64@group-3D723BC38E81->8d0405c5-db0d-40fd-a5c9-fcc8c0c78ea9: nextIndex: updateUnconditionally 0 -> 0
2019-10-01 20:49:24,880 [grpc-default-executor-9] INFO  impl.FollowerInfo (FollowerInfo.java:lambda$new$0(51)) - 5eae8d89-2554-4fd6-97cf-239256c32a64@group-3D723BC38E81->364d6562-bb48-4b36-aaf0-ec4292e9bf14: nextIndex: updateUnconditionally 0 -> 0
]]></system-out>
    <system-err><![CDATA[Oct 01, 2019 8:48:39 PM org.apache.ratis.thirdparty.io.grpc.internal.SerializingExecutor run
SEVERE: Exception while executing runnable org.apache.ratis.thirdparty.io.grpc.internal.ServerImpl$JumpToApplicationThreadServerStreamListener$1Closed@fc3d56d
org.apache.ratis.thirdparty.io.grpc.StatusRuntimeException: CANCELLED: call already cancelled
	at org.apache.ratis.thirdparty.io.grpc.Status.asRuntimeException(Status.java:517)
	at org.apache.ratis.thirdparty.io.grpc.stub.ServerCalls$ServerCallStreamObserverImpl.onCompleted(ServerCalls.java:356)
	at org.apache.ratis.grpc.server.GrpcServerProtocolService$ServerRequestStreamObserver.onError(GrpcServerProtocolService.java:121)
	at org.apache.ratis.thirdparty.io.grpc.stub.ServerCalls$StreamingServerCallHandler$StreamingServerCallListener.onCancel(ServerCalls.java:269)
	at org.apache.ratis.thirdparty.io.grpc.internal.ServerCallImpl$ServerStreamListenerImpl.closed(ServerCallImpl.java:293)
	at org.apache.ratis.thirdparty.io.grpc.internal.ServerImpl$JumpToApplicationThreadServerStreamListener$1Closed.runInContext(ServerImpl.java:741)
	at org.apache.ratis.thirdparty.io.grpc.internal.ContextRunnable.run(ContextRunnable.java:37)
	at org.apache.ratis.thirdparty.io.grpc.internal.SerializingExecutor.run(SerializingExecutor.java:123)
	at java.util.concurrent.ThreadPoolExecutor.runWorker(ThreadPoolExecutor.java:1149)
	at java.util.concurrent.ThreadPoolExecutor$Worker.run(ThreadPoolExecutor.java:624)
	at java.lang.Thread.run(Thread.java:748)

Oct 01, 2019 8:48:45 PM org.apache.ratis.thirdparty.io.grpc.internal.SerializingExecutor run
SEVERE: Exception while executing runnable org.apache.ratis.thirdparty.io.grpc.internal.ServerImpl$JumpToApplicationThreadServerStreamListener$1Closed@482cdc33
org.apache.ratis.thirdparty.io.grpc.StatusRuntimeException: CANCELLED: call already cancelled
	at org.apache.ratis.thirdparty.io.grpc.Status.asRuntimeException(Status.java:517)
	at org.apache.ratis.thirdparty.io.grpc.stub.ServerCalls$ServerCallStreamObserverImpl.onCompleted(ServerCalls.java:356)
	at org.apache.ratis.grpc.server.GrpcServerProtocolService$ServerRequestStreamObserver.onError(GrpcServerProtocolService.java:121)
	at org.apache.ratis.thirdparty.io.grpc.stub.ServerCalls$StreamingServerCallHandler$StreamingServerCallListener.onCancel(ServerCalls.java:269)
	at org.apache.ratis.thirdparty.io.grpc.internal.ServerCallImpl$ServerStreamListenerImpl.closed(ServerCallImpl.java:293)
	at org.apache.ratis.thirdparty.io.grpc.internal.ServerImpl$JumpToApplicationThreadServerStreamListener$1Closed.runInContext(ServerImpl.java:741)
	at org.apache.ratis.thirdparty.io.grpc.internal.ContextRunnable.run(ContextRunnable.java:37)
	at org.apache.ratis.thirdparty.io.grpc.internal.SerializingExecutor.run(SerializingExecutor.java:123)
	at java.util.concurrent.ThreadPoolExecutor.runWorker(ThreadPoolExecutor.java:1149)
	at java.util.concurrent.ThreadPoolExecutor$Worker.run(ThreadPoolExecutor.java:624)
	at java.lang.Thread.run(Thread.java:748)

]]></system-err>
  </testcase>
  <testcase name="testWatchForCommitForGroupMismatchException" classname="org.apache.hadoop.ozone.client.rpc.TestWatchForCommit" time="33.156"/>
  <testcase name="test2WayCommitForTimeoutException" classname="org.apache.hadoop.ozone.client.rpc.TestWatchForCommit" time="27.806">
    <error type="java.util.concurrent.TimeoutException">java.util.concurrent.TimeoutException
	at java.util.concurrent.CompletableFuture.timedGet(CompletableFuture.java:1771)
	at java.util.concurrent.CompletableFuture.get(CompletableFuture.java:1915)
	at org.apache.hadoop.hdds.scm.XceiverClientRatis.watchForCommit(XceiverClientRatis.java:298)
	at org.apache.hadoop.ozone.client.rpc.TestWatchForCommit.test2WayCommitForTimeoutException(TestWatchForCommit.java:391)
	at sun.reflect.NativeMethodAccessorImpl.invoke0(Native Method)
	at sun.reflect.NativeMethodAccessorImpl.invoke(NativeMethodAccessorImpl.java:62)
	at sun.reflect.DelegatingMethodAccessorImpl.invoke(DelegatingMethodAccessorImpl.java:43)
	at java.lang.reflect.Method.invoke(Method.java:498)
	at org.junit.runners.model.FrameworkMethod$1.runReflectiveCall(FrameworkMethod.java:47)
	at org.junit.internal.runners.model.ReflectiveCallable.run(ReflectiveCallable.java:12)
	at org.junit.runners.model.FrameworkMethod.invokeExplosively(FrameworkMethod.java:44)
	at org.junit.internal.runners.statements.InvokeMethod.evaluate(InvokeMethod.java:17)
	at org.junit.runners.ParentRunner.runLeaf(ParentRunner.java:271)
	at org.junit.runners.BlockJUnit4ClassRunner.runChild(BlockJUnit4ClassRunner.java:70)
	at org.junit.runners.BlockJUnit4ClassRunner.runChild(BlockJUnit4ClassRunner.java:50)
	at org.junit.runners.ParentRunner$3.run(ParentRunner.java:238)
	at org.junit.runners.ParentRunner$1.schedule(ParentRunner.java:63)
	at org.junit.runners.ParentRunner.runChildren(ParentRunner.java:236)
	at org.junit.runners.ParentRunner.access$000(ParentRunner.java:53)
	at org.junit.runners.ParentRunner$2.evaluate(ParentRunner.java:229)
	at org.junit.runners.ParentRunner.run(ParentRunner.java:309)
	at org.apache.maven.surefire.junit4.JUnit4Provider.execute(JUnit4Provider.java:365)
	at org.apache.maven.surefire.junit4.JUnit4Provider.executeWithRerun(JUnit4Provider.java:273)
	at org.apache.maven.surefire.junit4.JUnit4Provider.executeTestSet(JUnit4Provider.java:238)
	at org.apache.maven.surefire.junit4.JUnit4Provider.invoke(JUnit4Provider.java:159)
	at org.apache.maven.surefire.booter.ForkedBooter.invokeProviderInSameClassLoader(ForkedBooter.java:384)
	at org.apache.maven.surefire.booter.ForkedBooter.runSuitesInProcess(ForkedBooter.java:345)
	at org.apache.maven.surefire.booter.ForkedBooter.execute(ForkedBooter.java:126)
	at org.apache.maven.surefire.booter.ForkedBooter.main(ForkedBooter.java:418)
</error>
    <system-out><![CDATA[2019-10-01 20:49:58,279 [main] WARN  server.ServerUtils (ServerUtils.java:getScmDbDir(145)) - ozone.scm.db.dirs is not configured. We recommend adding this setting. Falling back to ozone.metadata.dirs instead.
2019-10-01 20:49:58,294 [main] WARN  server.ServerUtils (ServerUtils.java:getScmDbDir(145)) - ozone.scm.db.dirs is not configured. We recommend adding this setting. Falling back to ozone.metadata.dirs instead.
2019-10-01 20:49:58,294 [main] WARN  server.ServerUtils (ServerUtils.java:getScmDbDir(145)) - ozone.scm.db.dirs is not configured. We recommend adding this setting. Falling back to ozone.metadata.dirs instead.
2019-10-01 20:49:58,295 [main] INFO  db.DBStoreBuilder (DBStoreBuilder.java:addTable(110)) - using custom profile for table: deletedBlocks
2019-10-01 20:49:58,295 [main] INFO  db.DBStoreBuilder (DBStoreBuilder.java:processTables(161)) - Using default column profile:DBProfile.DISK for Table:deletedBlocks
2019-10-01 20:49:58,295 [main] INFO  db.DBStoreBuilder (DBStoreBuilder.java:addTable(110)) - using custom profile for table: validCerts
2019-10-01 20:49:58,296 [main] INFO  db.DBStoreBuilder (DBStoreBuilder.java:processTables(161)) - Using default column profile:DBProfile.DISK for Table:validCerts
2019-10-01 20:49:58,296 [main] INFO  db.DBStoreBuilder (DBStoreBuilder.java:addTable(110)) - using custom profile for table: revokedCerts
2019-10-01 20:49:58,296 [main] INFO  db.DBStoreBuilder (DBStoreBuilder.java:processTables(161)) - Using default column profile:DBProfile.DISK for Table:revokedCerts
2019-10-01 20:49:58,296 [main] INFO  db.DBStoreBuilder (DBStoreBuilder.java:addTable(110)) - using custom profile for table: default
2019-10-01 20:49:58,296 [main] INFO  db.DBStoreBuilder (DBStoreBuilder.java:processTables(167)) - Using default column profile:DBProfile.DISK for Table:default
2019-10-01 20:49:58,297 [main] INFO  db.DBStoreBuilder (DBStoreBuilder.java:getDbProfile(198)) - Using default options. DBProfile.DISK
2019-10-01 20:49:58,447 [main] INFO  net.NodeSchemaLoader (NodeSchemaLoader.java:loadSchemaFromFile(125)) - Loading file from sun.misc.CompoundEnumeration@685f5d0d
2019-10-01 20:49:58,447 [main] INFO  net.NodeSchemaLoader (NodeSchemaLoader.java:loadSchema(171)) - Loading network topology layer schema file
2019-10-01 20:49:58,452 [main] WARN  server.ServerUtils (ServerUtils.java:sanitizeUserArgs(70)) - ozone.scm.stale.node.interval value = 300000 is larger than max = 100000 based on the key value of ozone.scm.heartbeat.thread.interval, reset to the max value 100000.
2019-10-01 20:49:58,452 [main] WARN  server.ServerUtils (ServerUtils.java:sanitizeUserArgs(70)) - ozone.scm.stale.node.interval value = 300000 is larger than max = 100000 based on the key value of ozone.scm.heartbeat.thread.interval, reset to the max value 100000.
2019-10-01 20:49:58,452 [main] INFO  node.SCMNodeManager (SCMNodeManager.java:<init>(114)) - Entering startup safe mode.
2019-10-01 20:49:58,453 [main] INFO  algorithms.ContainerPlacementPolicyFactory (ContainerPlacementPolicyFactory.java:getPolicy(57)) - Create container placement policy of type org.apache.hadoop.hdds.scm.container.placement.algorithms.SCMContainerPlacementRandom
2019-10-01 20:49:58,453 [main] WARN  server.ServerUtils (ServerUtils.java:getScmDbDir(145)) - ozone.scm.db.dirs is not configured. We recommend adding this setting. Falling back to ozone.metadata.dirs instead.
2019-10-01 20:49:58,498 [main] INFO  pipeline.SCMPipelineManager (SCMPipelineManager.java:initializePipelineState(132)) - No pipeline exists in current db
2019-10-01 20:49:58,498 [main] WARN  server.ServerUtils (ServerUtils.java:getScmDbDir(145)) - ozone.scm.db.dirs is not configured. We recommend adding this setting. Falling back to ozone.metadata.dirs instead.
2019-10-01 20:49:58,528 [main] WARN  events.EventQueue (EventQueue.java:fireEvent(183)) - No event handler registered for event TypedEvent{payloadType=SafeModeStatus, name='SafeModeStatus'}
2019-10-01 20:49:58,529 [main] INFO  ipc.CallQueueManager (CallQueueManager.java:<init>(84)) - Using callQueue: class java.util.concurrent.LinkedBlockingQueue, queueCapacity: 2000, scheduler: class org.apache.hadoop.ipc.DefaultRpcScheduler, ipcBackoff: false.
2019-10-01 20:49:58,530 [Socket Reader #1 for port 38886] INFO  ipc.Server (Server.java:run(1074)) - Starting Socket Reader #1 for port 38886
2019-10-01 20:49:58,535 [main] INFO  ipc.CallQueueManager (CallQueueManager.java:<init>(84)) - Using callQueue: class java.util.concurrent.LinkedBlockingQueue, queueCapacity: 2000, scheduler: class org.apache.hadoop.ipc.DefaultRpcScheduler, ipcBackoff: false.
2019-10-01 20:49:58,535 [Socket Reader #1 for port 36360] INFO  ipc.Server (Server.java:run(1074)) - Starting Socket Reader #1 for port 36360
2019-10-01 20:49:58,538 [main] INFO  ipc.CallQueueManager (CallQueueManager.java:<init>(84)) - Using callQueue: class java.util.concurrent.LinkedBlockingQueue, queueCapacity: 2000, scheduler: class org.apache.hadoop.ipc.DefaultRpcScheduler, ipcBackoff: false.
2019-10-01 20:49:58,539 [Socket Reader #1 for port 42382] INFO  ipc.Server (Server.java:run(1074)) - Starting Socket Reader #1 for port 42382
2019-10-01 20:49:58,542 [main] INFO  hdfs.DFSUtil (DFSUtil.java:httpServerTemplateForNNAndJN(1641)) - Starting Web-server for scm at: http://0.0.0.0:0
2019-10-01 20:49:58,544 [main] INFO  server.AuthenticationFilter (AuthenticationFilter.java:constructSecretProvider(240)) - Unable to initialize FileSignerSecretProvider, falling back to use random secrets.
2019-10-01 20:49:58,545 [main] WARN  http.HttpRequestLog (HttpRequestLog.java:getRequestLog(97)) - Jetty request log can only be enabled using Log4j
2019-10-01 20:49:58,547 [main] INFO  http.HttpServer2 (HttpServer2.java:addGlobalFilter(975)) - Added global filter 'safety' (class=org.apache.hadoop.http.HttpServer2$QuotingInputFilter)
2019-10-01 20:49:58,547 [main] INFO  http.HttpServer2 (HttpServer2.java:addFilter(948)) - Added filter static_user_filter (class=org.apache.hadoop.http.lib.StaticUserWebFilter$StaticUserFilter) to context scm
2019-10-01 20:49:58,548 [main] INFO  http.HttpServer2 (HttpServer2.java:addFilter(958)) - Added filter static_user_filter (class=org.apache.hadoop.http.lib.StaticUserWebFilter$StaticUserFilter) to context logs
2019-10-01 20:49:58,548 [main] INFO  http.HttpServer2 (HttpServer2.java:addFilter(958)) - Added filter static_user_filter (class=org.apache.hadoop.http.lib.StaticUserWebFilter$StaticUserFilter) to context static
2019-10-01 20:49:58,550 [main] INFO  server.StorageContainerManager (StorageContainerManager.java:start(770)) - StorageContainerLocationProtocol RPC server is listening at /0.0.0.0:42382
2019-10-01 20:49:58,552 [main] WARN  impl.MetricsConfig (MetricsConfig.java:loadFirst(134)) - Cannot locate configuration: tried hadoop-metrics2-storagecontainermanager.properties,hadoop-metrics2.properties
2019-10-01 20:49:58,553 [main] INFO  impl.MetricsSystemImpl (MetricsSystemImpl.java:startTimer(374)) - Scheduled Metric snapshot period at 10 second(s).
2019-10-01 20:49:58,554 [main] INFO  impl.MetricsSystemImpl (MetricsSystemImpl.java:start(191)) - StorageContainerManager metrics system started
2019-10-01 20:49:58,848 [main] WARN  impl.MetricsSystemImpl (MetricsSystemImpl.java:register(276)) - Sink prometheus already exists!
2019-10-01 20:49:59,114 [main] INFO  server.SCMClientProtocolServer (SCMClientProtocolServer.java:start(150)) - RPC server for Client  is listening at /0.0.0.0:42382
2019-10-01 20:49:59,114 [IPC Server Responder] INFO  ipc.Server (Server.java:run(1314)) - IPC Server Responder: starting
2019-10-01 20:49:59,115 [IPC Server listener on 42382] INFO  ipc.Server (Server.java:run(1153)) - IPC Server listener on 42382: starting
2019-10-01 20:49:59,134 [main] INFO  server.StorageContainerManager (StorageContainerManager.java:start(780)) - ScmBlockLocationProtocol RPC server is listening at /0.0.0.0:36360
2019-10-01 20:49:59,135 [main] INFO  server.SCMBlockProtocolServer (SCMBlockProtocolServer.java:start(146)) - RPC server for Block Protocol is listening at /0.0.0.0:36360
2019-10-01 20:49:59,135 [IPC Server Responder] INFO  ipc.Server (Server.java:run(1314)) - IPC Server Responder: starting
2019-10-01 20:49:59,135 [IPC Server listener on 36360] INFO  ipc.Server (Server.java:run(1153)) - IPC Server listener on 36360: starting
2019-10-01 20:49:59,142 [main] INFO  server.StorageContainerManager (StorageContainerManager.java:start(784)) - ScmDatanodeProtocl RPC server is listening at /0.0.0.0:38886
2019-10-01 20:49:59,142 [main] INFO  server.SCMDatanodeProtocolServer (SCMDatanodeProtocolServer.java:start(191)) - RPC server for DataNodes is listening at /0.0.0.0:38886
2019-10-01 20:49:59,142 [IPC Server Responder] INFO  ipc.Server (Server.java:run(1314)) - IPC Server Responder: starting
2019-10-01 20:49:59,143 [IPC Server listener on 38886] INFO  ipc.Server (Server.java:run(1153)) - IPC Server listener on 38886: starting
2019-10-01 20:49:59,149 [main] INFO  http.HttpServer2 (HttpServer2.java:bindListener(1191)) - Jetty bound to port 44211
2019-10-01 20:49:59,150 [main] INFO  server.Server (Server.java:doStart(351)) - jetty-9.3.25.v20180904, build timestamp: 2018-09-04T21:11:46Z, git hash: 3ce520221d0240229c862b122d2b06c12a625732
2019-10-01 20:49:59,152 [main] INFO  handler.ContextHandler (ContextHandler.java:doStart(781)) - Started o.e.j.s.ServletContextHandler@5b733ef7{/logs,file:///workdir/hadoop-ozone/integration-test/target/log,AVAILABLE}
2019-10-01 20:49:59,152 [main] INFO  handler.ContextHandler (ContextHandler.java:doStart(781)) - Started o.e.j.s.ServletContextHandler@764fffa0{/static,file:///workdir/hadoop-ozone/integration-test/target/test-classes/webapps/static,AVAILABLE}
2019-10-01 20:49:59,156 [main] INFO  handler.ContextHandler (ContextHandler.java:doStart(781)) - Started o.e.j.w.WebAppContext@8c0a23f{/,file:///workdir/hadoop-ozone/integration-test/target/test-classes/webapps/scm/,AVAILABLE}{/scm}
2019-10-01 20:49:59,156 [main] INFO  server.AbstractConnector (AbstractConnector.java:doStart(278)) - Started ServerConnector@44d7e24{HTTP/1.1,[http/1.1]}{0.0.0.0:44211}
2019-10-01 20:49:59,159 [main] INFO  server.Server (Server.java:doStart(419)) - Started @211674ms
2019-10-01 20:49:59,159 [main] WARN  impl.MetricsSystemImpl (MetricsSystemImpl.java:register(276)) - Sink prometheus already exists!
2019-10-01 20:49:59,160 [main] INFO  server.BaseHttpServer (BaseHttpServer.java:updateConnectorAddress(215)) - HTTP server of SCM is listening at http://0.0.0.0:44211
2019-10-01 20:49:59,161 [main] WARN  server.ServerUtils (ServerUtils.java:getDBPath(222)) - ozone.om.db.dirs is not configured. We recommend adding this setting. Falling back to ozone.metadata.dirs instead.
2019-10-01 20:49:59,161 [org.apache.hadoop.util.JvmPauseMonitor$Monitor@1d289d3f] INFO  util.JvmPauseMonitor (JvmPauseMonitor.java:run(188)) - Starting JVM pause monitor
2019-10-01 20:49:59,173 [main] WARN  server.ServerUtils (ServerUtils.java:getDBPath(222)) - ozone.om.db.dirs is not configured. We recommend adding this setting. Falling back to ozone.metadata.dirs instead.
2019-10-01 20:49:59,173 [main] WARN  server.ServerUtils (ServerUtils.java:getDBPath(222)) - ozone.om.db.dirs is not configured. We recommend adding this setting. Falling back to ozone.metadata.dirs instead.
2019-10-01 20:49:59,173 [main] INFO  om.OzoneManager (OzoneManager.java:setOMNodeDetails(652)) - OM Service ID is not set. Setting it to the default ID: omServiceIdDefault
2019-10-01 20:49:59,174 [main] INFO  om.OzoneManager (OzoneManager.java:setOMNodeDetails(658)) - OM Node ID is not set. Setting it to the OmStorage's OmID: c264f77c-f479-4674-bf5f-d9e6c9e99eea
2019-10-01 20:49:59,174 [main] INFO  om.OzoneManager (OzoneManager.java:loadOMHAConfigs(609)) - Found matching OM address with OMServiceId: null, OMNodeId: null, RPC Address: localhost:0 and Ratis port: 9872
2019-10-01 20:49:59,188 [main] WARN  server.ServerUtils (ServerUtils.java:getDBPath(222)) - ozone.om.db.dirs is not configured. We recommend adding this setting. Falling back to ozone.metadata.dirs instead.
2019-10-01 20:49:59,188 [main] INFO  db.DBStoreBuilder (DBStoreBuilder.java:addTable(110)) - using custom profile for table: userTable
2019-10-01 20:49:59,188 [main] INFO  db.DBStoreBuilder (DBStoreBuilder.java:processTables(161)) - Using default column profile:DBProfile.DISK for Table:userTable
2019-10-01 20:49:59,189 [main] INFO  db.DBStoreBuilder (DBStoreBuilder.java:addTable(110)) - using custom profile for table: volumeTable
2019-10-01 20:49:59,189 [main] INFO  db.DBStoreBuilder (DBStoreBuilder.java:processTables(161)) - Using default column profile:DBProfile.DISK for Table:volumeTable
2019-10-01 20:49:59,189 [main] INFO  db.DBStoreBuilder (DBStoreBuilder.java:addTable(110)) - using custom profile for table: bucketTable
2019-10-01 20:49:59,189 [main] INFO  db.DBStoreBuilder (DBStoreBuilder.java:processTables(161)) - Using default column profile:DBProfile.DISK for Table:bucketTable
2019-10-01 20:49:59,189 [main] INFO  db.DBStoreBuilder (DBStoreBuilder.java:addTable(110)) - using custom profile for table: keyTable
2019-10-01 20:49:59,189 [main] INFO  db.DBStoreBuilder (DBStoreBuilder.java:processTables(161)) - Using default column profile:DBProfile.DISK for Table:keyTable
2019-10-01 20:49:59,190 [main] INFO  db.DBStoreBuilder (DBStoreBuilder.java:addTable(110)) - using custom profile for table: deletedTable
2019-10-01 20:49:59,190 [main] INFO  db.DBStoreBuilder (DBStoreBuilder.java:processTables(161)) - Using default column profile:DBProfile.DISK for Table:deletedTable
2019-10-01 20:49:59,190 [main] INFO  db.DBStoreBuilder (DBStoreBuilder.java:addTable(110)) - using custom profile for table: openKeyTable
2019-10-01 20:49:59,190 [main] INFO  db.DBStoreBuilder (DBStoreBuilder.java:processTables(161)) - Using default column profile:DBProfile.DISK for Table:openKeyTable
2019-10-01 20:49:59,190 [main] INFO  db.DBStoreBuilder (DBStoreBuilder.java:addTable(110)) - using custom profile for table: s3Table
2019-10-01 20:49:59,190 [main] INFO  db.DBStoreBuilder (DBStoreBuilder.java:processTables(161)) - Using default column profile:DBProfile.DISK for Table:s3Table
2019-10-01 20:49:59,190 [main] INFO  db.DBStoreBuilder (DBStoreBuilder.java:addTable(110)) - using custom profile for table: multipartInfoTable
2019-10-01 20:49:59,191 [main] INFO  db.DBStoreBuilder (DBStoreBuilder.java:processTables(161)) - Using default column profile:DBProfile.DISK for Table:multipartInfoTable
2019-10-01 20:49:59,191 [main] INFO  db.DBStoreBuilder (DBStoreBuilder.java:addTable(110)) - using custom profile for table: dTokenTable
2019-10-01 20:49:59,191 [main] INFO  db.DBStoreBuilder (DBStoreBuilder.java:processTables(161)) - Using default column profile:DBProfile.DISK for Table:dTokenTable
2019-10-01 20:49:59,191 [main] INFO  db.DBStoreBuilder (DBStoreBuilder.java:addTable(110)) - using custom profile for table: s3SecretTable
2019-10-01 20:49:59,191 [main] INFO  db.DBStoreBuilder (DBStoreBuilder.java:processTables(161)) - Using default column profile:DBProfile.DISK for Table:s3SecretTable
2019-10-01 20:49:59,191 [main] INFO  db.DBStoreBuilder (DBStoreBuilder.java:addTable(110)) - using custom profile for table: prefixTable
2019-10-01 20:49:59,192 [main] INFO  db.DBStoreBuilder (DBStoreBuilder.java:processTables(161)) - Using default column profile:DBProfile.DISK for Table:prefixTable
2019-10-01 20:49:59,192 [main] INFO  db.DBStoreBuilder (DBStoreBuilder.java:addTable(110)) - using custom profile for table: default
2019-10-01 20:49:59,192 [main] INFO  db.DBStoreBuilder (DBStoreBuilder.java:processTables(167)) - Using default column profile:DBProfile.DISK for Table:default
2019-10-01 20:49:59,192 [main] INFO  db.DBStoreBuilder (DBStoreBuilder.java:getDbProfile(198)) - Using default options. DBProfile.DISK
2019-10-01 20:49:59,657 [main] INFO  ipc.CallQueueManager (CallQueueManager.java:<init>(84)) - Using callQueue: class java.util.concurrent.LinkedBlockingQueue, queueCapacity: 2000, scheduler: class org.apache.hadoop.ipc.DefaultRpcScheduler, ipcBackoff: false.
2019-10-01 20:49:59,661 [Socket Reader #1 for port 35479] INFO  ipc.Server (Server.java:run(1074)) - Starting Socket Reader #1 for port 35479
2019-10-01 20:49:59,681 [main] INFO  om.OzoneManager (OzoneManager.java:start(1243)) - OzoneManager RPC server is listening at localhost/127.0.0.1:35479
2019-10-01 20:49:59,681 [main] INFO  impl.MetricsSystemImpl (MetricsSystemImpl.java:init(158)) - OzoneManager metrics system started (again)
2019-10-01 20:49:59,682 [IPC Server Responder] INFO  ipc.Server (Server.java:run(1314)) - IPC Server Responder: starting
2019-10-01 20:49:59,682 [IPC Server listener on 35479] INFO  ipc.Server (Server.java:run(1153)) - IPC Server listener on 35479: starting
2019-10-01 20:49:59,693 [main] INFO  hdfs.DFSUtil (DFSUtil.java:httpServerTemplateForNNAndJN(1641)) - Starting Web-server for ozoneManager at: http://0.0.0.0:0
2019-10-01 20:49:59,694 [main] INFO  server.AuthenticationFilter (AuthenticationFilter.java:constructSecretProvider(240)) - Unable to initialize FileSignerSecretProvider, falling back to use random secrets.
2019-10-01 20:49:59,694 [main] WARN  http.HttpRequestLog (HttpRequestLog.java:getRequestLog(97)) - Jetty request log can only be enabled using Log4j
2019-10-01 20:49:59,696 [main] INFO  http.HttpServer2 (HttpServer2.java:addGlobalFilter(975)) - Added global filter 'safety' (class=org.apache.hadoop.http.HttpServer2$QuotingInputFilter)
2019-10-01 20:49:59,696 [main] INFO  http.HttpServer2 (HttpServer2.java:addFilter(948)) - Added filter static_user_filter (class=org.apache.hadoop.http.lib.StaticUserWebFilter$StaticUserFilter) to context ozoneManager
2019-10-01 20:49:59,696 [main] INFO  http.HttpServer2 (HttpServer2.java:addFilter(958)) - Added filter static_user_filter (class=org.apache.hadoop.http.lib.StaticUserWebFilter$StaticUserFilter) to context static
2019-10-01 20:49:59,697 [main] INFO  http.HttpServer2 (HttpServer2.java:addFilter(958)) - Added filter static_user_filter (class=org.apache.hadoop.http.lib.StaticUserWebFilter$StaticUserFilter) to context logs
2019-10-01 20:49:59,697 [main] INFO  http.HttpServer2 (HttpServer2.java:bindListener(1191)) - Jetty bound to port 42485
2019-10-01 20:49:59,697 [main] INFO  server.Server (Server.java:doStart(351)) - jetty-9.3.25.v20180904, build timestamp: 2018-09-04T21:11:46Z, git hash: 3ce520221d0240229c862b122d2b06c12a625732
2019-10-01 20:49:59,699 [main] INFO  handler.ContextHandler (ContextHandler.java:doStart(781)) - Started o.e.j.s.ServletContextHandler@284bdeed{/logs,file:///workdir/hadoop-ozone/integration-test/target/log,AVAILABLE}
2019-10-01 20:49:59,699 [main] INFO  handler.ContextHandler (ContextHandler.java:doStart(781)) - Started o.e.j.s.ServletContextHandler@482c351d{/static,file:///workdir/hadoop-ozone/integration-test/target/test-classes/webapps/static,AVAILABLE}
2019-10-01 20:49:59,703 [main] INFO  handler.ContextHandler (ContextHandler.java:doStart(781)) - Started o.e.j.w.WebAppContext@4be490da{/,file:///workdir/hadoop-ozone/integration-test/target/test-classes/webapps/ozoneManager/,AVAILABLE}{/ozoneManager}
2019-10-01 20:49:59,703 [main] INFO  server.AbstractConnector (AbstractConnector.java:doStart(278)) - Started ServerConnector@4168f3d9{HTTP/1.1,[http/1.1]}{0.0.0.0:42485}
2019-10-01 20:49:59,706 [main] INFO  server.Server (Server.java:doStart(419)) - Started @212220ms
2019-10-01 20:49:59,706 [main] WARN  impl.MetricsSystemImpl (MetricsSystemImpl.java:register(276)) - Sink prometheus already exists!
2019-10-01 20:49:59,706 [main] INFO  server.BaseHttpServer (BaseHttpServer.java:updateConnectorAddress(215)) - HTTP server of OZONEMANAGER is listening at http://0.0.0.0:42485
2019-10-01 20:49:59,720 [main] INFO  impl.MetricsSystemImpl (MetricsSystemImpl.java:init(158)) - HddsDatanode metrics system started (again)
2019-10-01 20:49:59,738 [main] INFO  ozone.HddsDatanodeService (HddsDatanodeService.java:start(184)) - HddsDatanodeService host:pr-hdds-2213-2l6tc-3189445122 ip:192.168.5.177
2019-10-01 20:49:59,748 [main] INFO  volume.HddsVolume (HddsVolume.java:<init>(176)) - Creating Volume: /workdir/hadoop-ozone/integration-test/target/test-dir/MiniOzoneClusterImpl-421878e6-6fa2-4ecb-bb16-2969c86feb8d/datanode-0/data/containers/hdds of  storage type : DISK and capacity : 1482555576320
2019-10-01 20:49:59,749 [main] INFO  volume.VolumeSet (VolumeSet.java:initializeVolumeSet(170)) - Added Volume : /workdir/hadoop-ozone/integration-test/target/test-dir/MiniOzoneClusterImpl-421878e6-6fa2-4ecb-bb16-2969c86feb8d/datanode-0/data/containers/hdds to VolumeSet
2019-10-01 20:49:59,749 [main] INFO  volume.ThrottledAsyncChecker (ThrottledAsyncChecker.java:schedule(139)) - Scheduling a check for org.apache.hadoop.ozone.container.common.volume.HddsVolume@3d3c886f
2019-10-01 20:49:59,750 [main] INFO  volume.HddsVolumeChecker (HddsVolumeChecker.java:checkAllVolumes(202)) - Scheduled health check for volume org.apache.hadoop.ozone.container.common.volume.HddsVolume@3d3c886f
2019-10-01 20:49:59,764 [main] INFO  impl.RaftServerProxy (ConfUtils.java:logGet(43)) - raft.rpc.type = GRPC (default)
2019-10-01 20:49:59,765 [main] INFO  grpc.GrpcFactory (GrpcFactory.java:checkPooledByteBufAllocatorUseCacheForAllThreads(45)) - PERFORMANCE WARNING: useCacheForAllThreads is true that may cause Netty to create a lot garbage objects and, as a result, trigger GC.
	It is recommended to disable useCacheForAllThreads by setting -Dorg.apache.ratis.thirdparty.io.netty.allocator.useCacheForAllThreads=false in command line.
2019-10-01 20:49:59,765 [main] INFO  grpc.GrpcConfigKeys$Server (ConfUtils.java:logGet(43)) - raft.grpc.server.port = 0 (default)
2019-10-01 20:49:59,765 [main] INFO  server.GrpcService (ConfUtils.java:logGet(43)) - raft.grpc.message.size.max = 33570816 (custom)
2019-10-01 20:49:59,765 [main] INFO  server.RaftServerConfigKeys (ConfUtils.java:logGet(43)) - raft.server.log.appender.buffer.byte-limit = 33554432 (custom)
2019-10-01 20:49:59,765 [main] INFO  server.GrpcService (ConfUtils.java:logGet(43)) - raft.grpc.flow.control.window = 1MB (=1048576) (default)
2019-10-01 20:49:59,766 [main] INFO  server.RaftServerConfigKeys (ConfUtils.java:logGet(43)) - raft.server.rpc.request.timeout = 3000ms (default)
2019-10-01 20:49:59,766 [main] INFO  server.RaftServerConfigKeys (ConfUtils.java:logGet(43)) - raft.server.storage.dir = [/workdir/hadoop-ozone/integration-test/target/test-dir/MiniOzoneClusterImpl-421878e6-6fa2-4ecb-bb16-2969c86feb8d/datanode-0/data/ratis] (custom)
2019-10-01 20:49:59,768 [main] INFO  hdfs.DFSUtil (DFSUtil.java:httpServerTemplateForNNAndJN(1641)) - Starting Web-server for hddsDatanode at: http://0.0.0.0:0
2019-10-01 20:49:59,769 [main] INFO  server.AuthenticationFilter (AuthenticationFilter.java:constructSecretProvider(240)) - Unable to initialize FileSignerSecretProvider, falling back to use random secrets.
2019-10-01 20:49:59,769 [main] WARN  http.HttpRequestLog (HttpRequestLog.java:getRequestLog(97)) - Jetty request log can only be enabled using Log4j
2019-10-01 20:49:59,770 [main] INFO  http.HttpServer2 (HttpServer2.java:addGlobalFilter(975)) - Added global filter 'safety' (class=org.apache.hadoop.http.HttpServer2$QuotingInputFilter)
2019-10-01 20:49:59,771 [main] INFO  http.HttpServer2 (HttpServer2.java:addFilter(948)) - Added filter static_user_filter (class=org.apache.hadoop.http.lib.StaticUserWebFilter$StaticUserFilter) to context hddsDatanode
2019-10-01 20:49:59,771 [main] INFO  http.HttpServer2 (HttpServer2.java:addFilter(958)) - Added filter static_user_filter (class=org.apache.hadoop.http.lib.StaticUserWebFilter$StaticUserFilter) to context logs
2019-10-01 20:49:59,771 [main] INFO  http.HttpServer2 (HttpServer2.java:addFilter(958)) - Added filter static_user_filter (class=org.apache.hadoop.http.lib.StaticUserWebFilter$StaticUserFilter) to context static
2019-10-01 20:49:59,772 [main] INFO  http.HttpServer2 (HttpServer2.java:bindListener(1191)) - Jetty bound to port 38206
2019-10-01 20:49:59,772 [main] INFO  server.Server (Server.java:doStart(351)) - jetty-9.3.25.v20180904, build timestamp: 2018-09-04T21:11:46Z, git hash: 3ce520221d0240229c862b122d2b06c12a625732
2019-10-01 20:49:59,774 [main] INFO  handler.ContextHandler (ContextHandler.java:doStart(781)) - Started o.e.j.s.ServletContextHandler@9e02f84{/logs,file:///workdir/hadoop-ozone/integration-test/target/log,AVAILABLE}
2019-10-01 20:49:59,774 [main] INFO  handler.ContextHandler (ContextHandler.java:doStart(781)) - Started o.e.j.s.ServletContextHandler@7e49ded{/static,jar:file:/home/user/.m2/repository/org/apache/hadoop/hadoop-hdds-container-service/0.5.0-SNAPSHOT/hadoop-hdds-container-service-0.5.0-SNAPSHOT.jar!/webapps/static,AVAILABLE}
2019-10-01 20:49:59,799 [main] INFO  handler.ContextHandler (ContextHandler.java:doStart(781)) - Started o.e.j.w.WebAppContext@261f359f{/,file:///tmp/jetty-0.0.0.0-38206-hddsDatanode-_-any-492863579839042070.dir/webapp/,AVAILABLE}{/hddsDatanode}
2019-10-01 20:49:59,800 [main] INFO  server.AbstractConnector (AbstractConnector.java:doStart(278)) - Started ServerConnector@5b02a984{HTTP/1.1,[http/1.1]}{0.0.0.0:38206}
2019-10-01 20:49:59,803 [main] INFO  server.Server (Server.java:doStart(419)) - Started @212318ms
2019-10-01 20:49:59,803 [main] WARN  impl.MetricsSystemImpl (MetricsSystemImpl.java:register(276)) - Sink prometheus already exists!
2019-10-01 20:49:59,804 [main] INFO  server.BaseHttpServer (BaseHttpServer.java:updateConnectorAddress(215)) - HTTP server of HDDSDATANODE is listening at http://0.0.0.0:38206
2019-10-01 20:49:59,804 [main] INFO  impl.MetricsSystemImpl (MetricsSystemImpl.java:init(158)) - HddsDatanode metrics system started (again)
2019-10-01 20:49:59,820 [org.apache.hadoop.util.JvmPauseMonitor$Monitor@1986e87e] INFO  util.JvmPauseMonitor (JvmPauseMonitor.java:run(188)) - Starting JVM pause monitor
2019-10-01 20:49:59,822 [main] INFO  ozone.HddsDatanodeService (HddsDatanodeService.java:start(184)) - HddsDatanodeService host:pr-hdds-2213-2l6tc-3189445122 ip:192.168.5.177
2019-10-01 20:49:59,824 [Datanode State Machine Thread - 0] INFO  datanode.InitDatanodeState (InitDatanodeState.java:persistContainerDatanodeDetails(140)) - DatanodeDetails is persisted to /workdir/hadoop-ozone/integration-test/target/test-dir/MiniOzoneClusterImpl-421878e6-6fa2-4ecb-bb16-2969c86feb8d/datanode-0/meta/datanode.id
2019-10-01 20:49:59,832 [main] INFO  volume.HddsVolume (HddsVolume.java:<init>(176)) - Creating Volume: /workdir/hadoop-ozone/integration-test/target/test-dir/MiniOzoneClusterImpl-421878e6-6fa2-4ecb-bb16-2969c86feb8d/datanode-1/data/containers/hdds of  storage type : DISK and capacity : 1482555576320
2019-10-01 20:49:59,832 [main] INFO  volume.VolumeSet (VolumeSet.java:initializeVolumeSet(170)) - Added Volume : /workdir/hadoop-ozone/integration-test/target/test-dir/MiniOzoneClusterImpl-421878e6-6fa2-4ecb-bb16-2969c86feb8d/datanode-1/data/containers/hdds to VolumeSet
2019-10-01 20:49:59,832 [main] INFO  volume.ThrottledAsyncChecker (ThrottledAsyncChecker.java:schedule(139)) - Scheduling a check for org.apache.hadoop.ozone.container.common.volume.HddsVolume@615efd1c
2019-10-01 20:49:59,833 [main] INFO  volume.HddsVolumeChecker (HddsVolumeChecker.java:checkAllVolumes(202)) - Scheduled health check for volume org.apache.hadoop.ozone.container.common.volume.HddsVolume@615efd1c
2019-10-01 20:49:59,846 [main] INFO  impl.RaftServerProxy (ConfUtils.java:logGet(43)) - raft.rpc.type = GRPC (default)
2019-10-01 20:49:59,846 [main] INFO  grpc.GrpcFactory (GrpcFactory.java:checkPooledByteBufAllocatorUseCacheForAllThreads(45)) - PERFORMANCE WARNING: useCacheForAllThreads is true that may cause Netty to create a lot garbage objects and, as a result, trigger GC.
	It is recommended to disable useCacheForAllThreads by setting -Dorg.apache.ratis.thirdparty.io.netty.allocator.useCacheForAllThreads=false in command line.
2019-10-01 20:49:59,846 [main] INFO  grpc.GrpcConfigKeys$Server (ConfUtils.java:logGet(43)) - raft.grpc.server.port = 0 (default)
2019-10-01 20:49:59,846 [main] INFO  server.GrpcService (ConfUtils.java:logGet(43)) - raft.grpc.message.size.max = 33570816 (custom)
2019-10-01 20:49:59,846 [main] INFO  server.RaftServerConfigKeys (ConfUtils.java:logGet(43)) - raft.server.log.appender.buffer.byte-limit = 33554432 (custom)
2019-10-01 20:49:59,846 [main] INFO  server.GrpcService (ConfUtils.java:logGet(43)) - raft.grpc.flow.control.window = 1MB (=1048576) (default)
2019-10-01 20:49:59,847 [main] INFO  server.RaftServerConfigKeys (ConfUtils.java:logGet(43)) - raft.server.rpc.request.timeout = 3000ms (default)
2019-10-01 20:49:59,847 [main] INFO  server.RaftServerConfigKeys (ConfUtils.java:logGet(43)) - raft.server.storage.dir = [/workdir/hadoop-ozone/integration-test/target/test-dir/MiniOzoneClusterImpl-421878e6-6fa2-4ecb-bb16-2969c86feb8d/datanode-1/data/ratis] (custom)
2019-10-01 20:49:59,848 [main] INFO  hdfs.DFSUtil (DFSUtil.java:httpServerTemplateForNNAndJN(1641)) - Starting Web-server for hddsDatanode at: http://0.0.0.0:0
2019-10-01 20:49:59,849 [main] INFO  server.AuthenticationFilter (AuthenticationFilter.java:constructSecretProvider(240)) - Unable to initialize FileSignerSecretProvider, falling back to use random secrets.
2019-10-01 20:49:59,850 [main] WARN  http.HttpRequestLog (HttpRequestLog.java:getRequestLog(97)) - Jetty request log can only be enabled using Log4j
2019-10-01 20:49:59,851 [main] INFO  http.HttpServer2 (HttpServer2.java:addGlobalFilter(975)) - Added global filter 'safety' (class=org.apache.hadoop.http.HttpServer2$QuotingInputFilter)
2019-10-01 20:49:59,851 [main] INFO  http.HttpServer2 (HttpServer2.java:addFilter(948)) - Added filter static_user_filter (class=org.apache.hadoop.http.lib.StaticUserWebFilter$StaticUserFilter) to context hddsDatanode
2019-10-01 20:49:59,851 [main] INFO  http.HttpServer2 (HttpServer2.java:addFilter(958)) - Added filter static_user_filter (class=org.apache.hadoop.http.lib.StaticUserWebFilter$StaticUserFilter) to context logs
2019-10-01 20:49:59,851 [main] INFO  http.HttpServer2 (HttpServer2.java:addFilter(958)) - Added filter static_user_filter (class=org.apache.hadoop.http.lib.StaticUserWebFilter$StaticUserFilter) to context static
2019-10-01 20:49:59,852 [main] INFO  http.HttpServer2 (HttpServer2.java:bindListener(1191)) - Jetty bound to port 35821
2019-10-01 20:49:59,852 [main] INFO  server.Server (Server.java:doStart(351)) - jetty-9.3.25.v20180904, build timestamp: 2018-09-04T21:11:46Z, git hash: 3ce520221d0240229c862b122d2b06c12a625732
2019-10-01 20:49:59,854 [main] INFO  handler.ContextHandler (ContextHandler.java:doStart(781)) - Started o.e.j.s.ServletContextHandler@492521c4{/logs,file:///workdir/hadoop-ozone/integration-test/target/log,AVAILABLE}
2019-10-01 20:49:59,854 [main] INFO  handler.ContextHandler (ContextHandler.java:doStart(781)) - Started o.e.j.s.ServletContextHandler@6ddd1c51{/static,jar:file:/home/user/.m2/repository/org/apache/hadoop/hadoop-hdds-container-service/0.5.0-SNAPSHOT/hadoop-hdds-container-service-0.5.0-SNAPSHOT.jar!/webapps/static,AVAILABLE}
2019-10-01 20:49:59,882 [main] INFO  handler.ContextHandler (ContextHandler.java:doStart(781)) - Started o.e.j.w.WebAppContext@62cbc478{/,file:///tmp/jetty-0.0.0.0-35821-hddsDatanode-_-any-4163411769018027506.dir/webapp/,AVAILABLE}{/hddsDatanode}
2019-10-01 20:49:59,882 [main] INFO  server.AbstractConnector (AbstractConnector.java:doStart(278)) - Started ServerConnector@5438fa43{HTTP/1.1,[http/1.1]}{0.0.0.0:35821}
2019-10-01 20:49:59,885 [main] INFO  server.Server (Server.java:doStart(419)) - Started @212400ms
2019-10-01 20:49:59,885 [main] WARN  impl.MetricsSystemImpl (MetricsSystemImpl.java:register(276)) - Sink prometheus already exists!
2019-10-01 20:49:59,886 [main] INFO  server.BaseHttpServer (BaseHttpServer.java:updateConnectorAddress(215)) - HTTP server of HDDSDATANODE is listening at http://0.0.0.0:35821
2019-10-01 20:49:59,886 [main] INFO  impl.MetricsSystemImpl (MetricsSystemImpl.java:init(158)) - HddsDatanode metrics system started (again)
2019-10-01 20:49:59,887 [grpc-default-executor-9] WARN  server.GrpcLogAppender (LogUtils.java:warn(134)) - 5eae8d89-2554-4fd6-97cf-239256c32a64@group-3D723BC38E81->8d0405c5-db0d-40fd-a5c9-fcc8c0c78ea9-AppendLogResponseHandler: Failed appendEntries: org.apache.ratis.thirdparty.io.grpc.StatusRuntimeException: UNAVAILABLE: io exception
2019-10-01 20:49:59,887 [grpc-default-executor-5] WARN  server.GrpcLogAppender (LogUtils.java:warn(134)) - 5eae8d89-2554-4fd6-97cf-239256c32a64@group-3D723BC38E81->364d6562-bb48-4b36-aaf0-ec4292e9bf14-AppendLogResponseHandler: Failed appendEntries: org.apache.ratis.thirdparty.io.grpc.StatusRuntimeException: UNAVAILABLE: io exception
2019-10-01 20:49:59,887 [grpc-default-executor-9] INFO  impl.FollowerInfo (FollowerInfo.java:lambda$new$0(51)) - 5eae8d89-2554-4fd6-97cf-239256c32a64@group-3D723BC38E81->8d0405c5-db0d-40fd-a5c9-fcc8c0c78ea9: nextIndex: updateUnconditionally 0 -> 0
2019-10-01 20:49:59,887 [grpc-default-executor-5] INFO  impl.FollowerInfo (FollowerInfo.java:lambda$new$0(51)) - 5eae8d89-2554-4fd6-97cf-239256c32a64@group-3D723BC38E81->364d6562-bb48-4b36-aaf0-ec4292e9bf14: nextIndex: updateUnconditionally 0 -> 0
2019-10-01 20:49:59,904 [org.apache.hadoop.util.JvmPauseMonitor$Monitor@7ed13a0a] INFO  util.JvmPauseMonitor (JvmPauseMonitor.java:run(188)) - Starting JVM pause monitor
2019-10-01 20:49:59,905 [Datanode State Machine Thread - 0] INFO  datanode.InitDatanodeState (InitDatanodeState.java:persistContainerDatanodeDetails(140)) - DatanodeDetails is persisted to /workdir/hadoop-ozone/integration-test/target/test-dir/MiniOzoneClusterImpl-421878e6-6fa2-4ecb-bb16-2969c86feb8d/datanode-1/meta/datanode.id
2019-10-01 20:49:59,905 [main] INFO  ozone.HddsDatanodeService (HddsDatanodeService.java:start(184)) - HddsDatanodeService host:pr-hdds-2213-2l6tc-3189445122 ip:192.168.5.177
2019-10-01 20:49:59,915 [main] INFO  volume.HddsVolume (HddsVolume.java:<init>(176)) - Creating Volume: /workdir/hadoop-ozone/integration-test/target/test-dir/MiniOzoneClusterImpl-421878e6-6fa2-4ecb-bb16-2969c86feb8d/datanode-2/data/containers/hdds of  storage type : DISK and capacity : 1482555576320
2019-10-01 20:49:59,915 [main] INFO  volume.VolumeSet (VolumeSet.java:initializeVolumeSet(170)) - Added Volume : /workdir/hadoop-ozone/integration-test/target/test-dir/MiniOzoneClusterImpl-421878e6-6fa2-4ecb-bb16-2969c86feb8d/datanode-2/data/containers/hdds to VolumeSet
2019-10-01 20:49:59,915 [main] INFO  volume.ThrottledAsyncChecker (ThrottledAsyncChecker.java:schedule(139)) - Scheduling a check for org.apache.hadoop.ozone.container.common.volume.HddsVolume@34a20f16
2019-10-01 20:49:59,916 [main] INFO  volume.HddsVolumeChecker (HddsVolumeChecker.java:checkAllVolumes(202)) - Scheduled health check for volume org.apache.hadoop.ozone.container.common.volume.HddsVolume@34a20f16
2019-10-01 20:49:59,931 [main] INFO  impl.RaftServerProxy (ConfUtils.java:logGet(43)) - raft.rpc.type = GRPC (default)
2019-10-01 20:49:59,931 [main] INFO  grpc.GrpcFactory (GrpcFactory.java:checkPooledByteBufAllocatorUseCacheForAllThreads(45)) - PERFORMANCE WARNING: useCacheForAllThreads is true that may cause Netty to create a lot garbage objects and, as a result, trigger GC.
	It is recommended to disable useCacheForAllThreads by setting -Dorg.apache.ratis.thirdparty.io.netty.allocator.useCacheForAllThreads=false in command line.
2019-10-01 20:49:59,932 [main] INFO  grpc.GrpcConfigKeys$Server (ConfUtils.java:logGet(43)) - raft.grpc.server.port = 0 (default)
2019-10-01 20:49:59,932 [main] INFO  server.GrpcService (ConfUtils.java:logGet(43)) - raft.grpc.message.size.max = 33570816 (custom)
2019-10-01 20:49:59,932 [main] INFO  server.RaftServerConfigKeys (ConfUtils.java:logGet(43)) - raft.server.log.appender.buffer.byte-limit = 33554432 (custom)
2019-10-01 20:49:59,932 [main] INFO  server.GrpcService (ConfUtils.java:logGet(43)) - raft.grpc.flow.control.window = 1MB (=1048576) (default)
2019-10-01 20:49:59,932 [main] INFO  server.RaftServerConfigKeys (ConfUtils.java:logGet(43)) - raft.server.rpc.request.timeout = 3000ms (default)
2019-10-01 20:49:59,933 [main] INFO  server.RaftServerConfigKeys (ConfUtils.java:logGet(43)) - raft.server.storage.dir = [/workdir/hadoop-ozone/integration-test/target/test-dir/MiniOzoneClusterImpl-421878e6-6fa2-4ecb-bb16-2969c86feb8d/datanode-2/data/ratis] (custom)
2019-10-01 20:49:59,934 [main] INFO  hdfs.DFSUtil (DFSUtil.java:httpServerTemplateForNNAndJN(1641)) - Starting Web-server for hddsDatanode at: http://0.0.0.0:0
2019-10-01 20:49:59,935 [main] INFO  server.AuthenticationFilter (AuthenticationFilter.java:constructSecretProvider(240)) - Unable to initialize FileSignerSecretProvider, falling back to use random secrets.
2019-10-01 20:49:59,935 [main] WARN  http.HttpRequestLog (HttpRequestLog.java:getRequestLog(97)) - Jetty request log can only be enabled using Log4j
2019-10-01 20:49:59,936 [main] INFO  http.HttpServer2 (HttpServer2.java:addGlobalFilter(975)) - Added global filter 'safety' (class=org.apache.hadoop.http.HttpServer2$QuotingInputFilter)
2019-10-01 20:49:59,937 [main] INFO  http.HttpServer2 (HttpServer2.java:addFilter(948)) - Added filter static_user_filter (class=org.apache.hadoop.http.lib.StaticUserWebFilter$StaticUserFilter) to context hddsDatanode
2019-10-01 20:49:59,937 [main] INFO  http.HttpServer2 (HttpServer2.java:addFilter(958)) - Added filter static_user_filter (class=org.apache.hadoop.http.lib.StaticUserWebFilter$StaticUserFilter) to context logs
2019-10-01 20:49:59,937 [main] INFO  http.HttpServer2 (HttpServer2.java:addFilter(958)) - Added filter static_user_filter (class=org.apache.hadoop.http.lib.StaticUserWebFilter$StaticUserFilter) to context static
2019-10-01 20:49:59,938 [main] INFO  http.HttpServer2 (HttpServer2.java:bindListener(1191)) - Jetty bound to port 42595
2019-10-01 20:49:59,938 [main] INFO  server.Server (Server.java:doStart(351)) - jetty-9.3.25.v20180904, build timestamp: 2018-09-04T21:11:46Z, git hash: 3ce520221d0240229c862b122d2b06c12a625732
2019-10-01 20:49:59,939 [main] INFO  handler.ContextHandler (ContextHandler.java:doStart(781)) - Started o.e.j.s.ServletContextHandler@34136bd1{/logs,file:///workdir/hadoop-ozone/integration-test/target/log,AVAILABLE}
2019-10-01 20:49:59,940 [main] INFO  handler.ContextHandler (ContextHandler.java:doStart(781)) - Started o.e.j.s.ServletContextHandler@367d34c0{/static,jar:file:/home/user/.m2/repository/org/apache/hadoop/hadoop-hdds-container-service/0.5.0-SNAPSHOT/hadoop-hdds-container-service-0.5.0-SNAPSHOT.jar!/webapps/static,AVAILABLE}
2019-10-01 20:49:59,966 [main] INFO  handler.ContextHandler (ContextHandler.java:doStart(781)) - Started o.e.j.w.WebAppContext@d2708a7{/,file:///tmp/jetty-0.0.0.0-42595-hddsDatanode-_-any-1096351628671421522.dir/webapp/,AVAILABLE}{/hddsDatanode}
2019-10-01 20:49:59,966 [main] INFO  server.AbstractConnector (AbstractConnector.java:doStart(278)) - Started ServerConnector@508ad266{HTTP/1.1,[http/1.1]}{0.0.0.0:42595}
2019-10-01 20:49:59,969 [main] INFO  server.Server (Server.java:doStart(419)) - Started @212484ms
2019-10-01 20:49:59,969 [main] WARN  impl.MetricsSystemImpl (MetricsSystemImpl.java:register(276)) - Sink prometheus already exists!
2019-10-01 20:49:59,970 [main] INFO  server.BaseHttpServer (BaseHttpServer.java:updateConnectorAddress(215)) - HTTP server of HDDSDATANODE is listening at http://0.0.0.0:42595
2019-10-01 20:49:59,970 [main] INFO  impl.MetricsSystemImpl (MetricsSystemImpl.java:init(158)) - HddsDatanode metrics system started (again)
2019-10-01 20:49:59,986 [org.apache.hadoop.util.JvmPauseMonitor$Monitor@128b9cb4] INFO  util.JvmPauseMonitor (JvmPauseMonitor.java:run(188)) - Starting JVM pause monitor
2019-10-01 20:49:59,987 [Datanode State Machine Thread - 0] INFO  datanode.InitDatanodeState (InitDatanodeState.java:persistContainerDatanodeDetails(140)) - DatanodeDetails is persisted to /workdir/hadoop-ozone/integration-test/target/test-dir/MiniOzoneClusterImpl-421878e6-6fa2-4ecb-bb16-2969c86feb8d/datanode-2/meta/datanode.id
2019-10-01 20:49:59,987 [main] INFO  ozone.HddsDatanodeService (HddsDatanodeService.java:start(184)) - HddsDatanodeService host:pr-hdds-2213-2l6tc-3189445122 ip:192.168.5.177
2019-10-01 20:49:59,994 [main] INFO  volume.HddsVolume (HddsVolume.java:<init>(176)) - Creating Volume: /workdir/hadoop-ozone/integration-test/target/test-dir/MiniOzoneClusterImpl-421878e6-6fa2-4ecb-bb16-2969c86feb8d/datanode-3/data/containers/hdds of  storage type : DISK and capacity : 1482555576320
2019-10-01 20:49:59,995 [main] INFO  volume.VolumeSet (VolumeSet.java:initializeVolumeSet(170)) - Added Volume : /workdir/hadoop-ozone/integration-test/target/test-dir/MiniOzoneClusterImpl-421878e6-6fa2-4ecb-bb16-2969c86feb8d/datanode-3/data/containers/hdds to VolumeSet
2019-10-01 20:49:59,995 [main] INFO  volume.ThrottledAsyncChecker (ThrottledAsyncChecker.java:schedule(139)) - Scheduling a check for org.apache.hadoop.ozone.container.common.volume.HddsVolume@2dbfa972
2019-10-01 20:49:59,995 [main] INFO  volume.HddsVolumeChecker (HddsVolumeChecker.java:checkAllVolumes(202)) - Scheduled health check for volume org.apache.hadoop.ozone.container.common.volume.HddsVolume@2dbfa972
2019-10-01 20:50:00,008 [main] INFO  impl.RaftServerProxy (ConfUtils.java:logGet(43)) - raft.rpc.type = GRPC (default)
2019-10-01 20:50:00,008 [main] INFO  grpc.GrpcFactory (GrpcFactory.java:checkPooledByteBufAllocatorUseCacheForAllThreads(45)) - PERFORMANCE WARNING: useCacheForAllThreads is true that may cause Netty to create a lot garbage objects and, as a result, trigger GC.
	It is recommended to disable useCacheForAllThreads by setting -Dorg.apache.ratis.thirdparty.io.netty.allocator.useCacheForAllThreads=false in command line.
2019-10-01 20:50:00,008 [main] INFO  grpc.GrpcConfigKeys$Server (ConfUtils.java:logGet(43)) - raft.grpc.server.port = 0 (default)
2019-10-01 20:50:00,008 [main] INFO  server.GrpcService (ConfUtils.java:logGet(43)) - raft.grpc.message.size.max = 33570816 (custom)
2019-10-01 20:50:00,008 [main] INFO  server.RaftServerConfigKeys (ConfUtils.java:logGet(43)) - raft.server.log.appender.buffer.byte-limit = 33554432 (custom)
2019-10-01 20:50:00,009 [main] INFO  server.GrpcService (ConfUtils.java:logGet(43)) - raft.grpc.flow.control.window = 1MB (=1048576) (default)
2019-10-01 20:50:00,009 [main] INFO  server.RaftServerConfigKeys (ConfUtils.java:logGet(43)) - raft.server.rpc.request.timeout = 3000ms (default)
2019-10-01 20:50:00,009 [main] INFO  server.RaftServerConfigKeys (ConfUtils.java:logGet(43)) - raft.server.storage.dir = [/workdir/hadoop-ozone/integration-test/target/test-dir/MiniOzoneClusterImpl-421878e6-6fa2-4ecb-bb16-2969c86feb8d/datanode-3/data/ratis] (custom)
2019-10-01 20:50:00,010 [main] INFO  hdfs.DFSUtil (DFSUtil.java:httpServerTemplateForNNAndJN(1641)) - Starting Web-server for hddsDatanode at: http://0.0.0.0:0
2019-10-01 20:50:00,011 [main] INFO  server.AuthenticationFilter (AuthenticationFilter.java:constructSecretProvider(240)) - Unable to initialize FileSignerSecretProvider, falling back to use random secrets.
2019-10-01 20:50:00,011 [main] WARN  http.HttpRequestLog (HttpRequestLog.java:getRequestLog(97)) - Jetty request log can only be enabled using Log4j
2019-10-01 20:50:00,012 [main] INFO  http.HttpServer2 (HttpServer2.java:addGlobalFilter(975)) - Added global filter 'safety' (class=org.apache.hadoop.http.HttpServer2$QuotingInputFilter)
2019-10-01 20:50:00,013 [main] INFO  http.HttpServer2 (HttpServer2.java:addFilter(948)) - Added filter static_user_filter (class=org.apache.hadoop.http.lib.StaticUserWebFilter$StaticUserFilter) to context hddsDatanode
2019-10-01 20:50:00,013 [main] INFO  http.HttpServer2 (HttpServer2.java:addFilter(958)) - Added filter static_user_filter (class=org.apache.hadoop.http.lib.StaticUserWebFilter$StaticUserFilter) to context static
2019-10-01 20:50:00,013 [main] INFO  http.HttpServer2 (HttpServer2.java:addFilter(958)) - Added filter static_user_filter (class=org.apache.hadoop.http.lib.StaticUserWebFilter$StaticUserFilter) to context logs
2019-10-01 20:50:00,014 [main] INFO  http.HttpServer2 (HttpServer2.java:bindListener(1191)) - Jetty bound to port 35108
2019-10-01 20:50:00,014 [main] INFO  server.Server (Server.java:doStart(351)) - jetty-9.3.25.v20180904, build timestamp: 2018-09-04T21:11:46Z, git hash: 3ce520221d0240229c862b122d2b06c12a625732
2019-10-01 20:50:00,015 [main] INFO  handler.ContextHandler (ContextHandler.java:doStart(781)) - Started o.e.j.s.ServletContextHandler@bbb6f0{/logs,file:///workdir/hadoop-ozone/integration-test/target/log,AVAILABLE}
2019-10-01 20:50:00,016 [main] INFO  handler.ContextHandler (ContextHandler.java:doStart(781)) - Started o.e.j.s.ServletContextHandler@2bd8f7db{/static,jar:file:/home/user/.m2/repository/org/apache/hadoop/hadoop-hdds-container-service/0.5.0-SNAPSHOT/hadoop-hdds-container-service-0.5.0-SNAPSHOT.jar!/webapps/static,AVAILABLE}
2019-10-01 20:50:00,039 [main] INFO  handler.ContextHandler (ContextHandler.java:doStart(781)) - Started o.e.j.w.WebAppContext@6b0f266e{/,file:///tmp/jetty-0.0.0.0-35108-hddsDatanode-_-any-4018720491611433347.dir/webapp/,AVAILABLE}{/hddsDatanode}
2019-10-01 20:50:00,039 [main] INFO  server.AbstractConnector (AbstractConnector.java:doStart(278)) - Started ServerConnector@4837f97e{HTTP/1.1,[http/1.1]}{0.0.0.0:35108}
2019-10-01 20:50:00,041 [main] INFO  server.Server (Server.java:doStart(419)) - Started @212556ms
2019-10-01 20:50:00,042 [main] WARN  impl.MetricsSystemImpl (MetricsSystemImpl.java:register(276)) - Sink prometheus already exists!
2019-10-01 20:50:00,042 [main] INFO  server.BaseHttpServer (BaseHttpServer.java:updateConnectorAddress(215)) - HTTP server of HDDSDATANODE is listening at http://0.0.0.0:35108
2019-10-01 20:50:00,042 [main] INFO  impl.MetricsSystemImpl (MetricsSystemImpl.java:init(158)) - HddsDatanode metrics system started (again)
2019-10-01 20:50:00,059 [org.apache.hadoop.util.JvmPauseMonitor$Monitor@3b154aed] INFO  util.JvmPauseMonitor (JvmPauseMonitor.java:run(188)) - Starting JVM pause monitor
2019-10-01 20:50:00,061 [main] INFO  ozone.HddsDatanodeService (HddsDatanodeService.java:start(184)) - HddsDatanodeService host:pr-hdds-2213-2l6tc-3189445122 ip:192.168.5.177
2019-10-01 20:50:00,061 [Datanode State Machine Thread - 0] INFO  datanode.InitDatanodeState (InitDatanodeState.java:persistContainerDatanodeDetails(140)) - DatanodeDetails is persisted to /workdir/hadoop-ozone/integration-test/target/test-dir/MiniOzoneClusterImpl-421878e6-6fa2-4ecb-bb16-2969c86feb8d/datanode-3/meta/datanode.id
2019-10-01 20:50:00,068 [main] INFO  volume.HddsVolume (HddsVolume.java:<init>(176)) - Creating Volume: /workdir/hadoop-ozone/integration-test/target/test-dir/MiniOzoneClusterImpl-421878e6-6fa2-4ecb-bb16-2969c86feb8d/datanode-4/data/containers/hdds of  storage type : DISK and capacity : 1482555576320
2019-10-01 20:50:00,068 [main] INFO  volume.VolumeSet (VolumeSet.java:initializeVolumeSet(170)) - Added Volume : /workdir/hadoop-ozone/integration-test/target/test-dir/MiniOzoneClusterImpl-421878e6-6fa2-4ecb-bb16-2969c86feb8d/datanode-4/data/containers/hdds to VolumeSet
2019-10-01 20:50:00,068 [main] INFO  volume.ThrottledAsyncChecker (ThrottledAsyncChecker.java:schedule(139)) - Scheduling a check for org.apache.hadoop.ozone.container.common.volume.HddsVolume@486bd064
2019-10-01 20:50:00,069 [main] INFO  volume.HddsVolumeChecker (HddsVolumeChecker.java:checkAllVolumes(202)) - Scheduled health check for volume org.apache.hadoop.ozone.container.common.volume.HddsVolume@486bd064
2019-10-01 20:50:00,083 [main] INFO  impl.RaftServerProxy (ConfUtils.java:logGet(43)) - raft.rpc.type = GRPC (default)
2019-10-01 20:50:00,083 [main] INFO  grpc.GrpcFactory (GrpcFactory.java:checkPooledByteBufAllocatorUseCacheForAllThreads(45)) - PERFORMANCE WARNING: useCacheForAllThreads is true that may cause Netty to create a lot garbage objects and, as a result, trigger GC.
	It is recommended to disable useCacheForAllThreads by setting -Dorg.apache.ratis.thirdparty.io.netty.allocator.useCacheForAllThreads=false in command line.
2019-10-01 20:50:00,083 [main] INFO  grpc.GrpcConfigKeys$Server (ConfUtils.java:logGet(43)) - raft.grpc.server.port = 0 (default)
2019-10-01 20:50:00,083 [main] INFO  server.GrpcService (ConfUtils.java:logGet(43)) - raft.grpc.message.size.max = 33570816 (custom)
2019-10-01 20:50:00,084 [main] INFO  server.RaftServerConfigKeys (ConfUtils.java:logGet(43)) - raft.server.log.appender.buffer.byte-limit = 33554432 (custom)
2019-10-01 20:50:00,084 [main] INFO  server.GrpcService (ConfUtils.java:logGet(43)) - raft.grpc.flow.control.window = 1MB (=1048576) (default)
2019-10-01 20:50:00,084 [main] INFO  server.RaftServerConfigKeys (ConfUtils.java:logGet(43)) - raft.server.rpc.request.timeout = 3000ms (default)
2019-10-01 20:50:00,084 [main] INFO  server.RaftServerConfigKeys (ConfUtils.java:logGet(43)) - raft.server.storage.dir = [/workdir/hadoop-ozone/integration-test/target/test-dir/MiniOzoneClusterImpl-421878e6-6fa2-4ecb-bb16-2969c86feb8d/datanode-4/data/ratis] (custom)
2019-10-01 20:50:00,085 [main] INFO  hdfs.DFSUtil (DFSUtil.java:httpServerTemplateForNNAndJN(1641)) - Starting Web-server for hddsDatanode at: http://0.0.0.0:0
2019-10-01 20:50:00,086 [main] INFO  server.AuthenticationFilter (AuthenticationFilter.java:constructSecretProvider(240)) - Unable to initialize FileSignerSecretProvider, falling back to use random secrets.
2019-10-01 20:50:00,087 [main] WARN  http.HttpRequestLog (HttpRequestLog.java:getRequestLog(97)) - Jetty request log can only be enabled using Log4j
2019-10-01 20:50:00,088 [main] INFO  http.HttpServer2 (HttpServer2.java:addGlobalFilter(975)) - Added global filter 'safety' (class=org.apache.hadoop.http.HttpServer2$QuotingInputFilter)
2019-10-01 20:50:00,089 [main] INFO  http.HttpServer2 (HttpServer2.java:addFilter(948)) - Added filter static_user_filter (class=org.apache.hadoop.http.lib.StaticUserWebFilter$StaticUserFilter) to context hddsDatanode
2019-10-01 20:50:00,089 [main] INFO  http.HttpServer2 (HttpServer2.java:addFilter(958)) - Added filter static_user_filter (class=org.apache.hadoop.http.lib.StaticUserWebFilter$StaticUserFilter) to context logs
2019-10-01 20:50:00,089 [main] INFO  http.HttpServer2 (HttpServer2.java:addFilter(958)) - Added filter static_user_filter (class=org.apache.hadoop.http.lib.StaticUserWebFilter$StaticUserFilter) to context static
2019-10-01 20:50:00,090 [main] INFO  http.HttpServer2 (HttpServer2.java:bindListener(1191)) - Jetty bound to port 34698
2019-10-01 20:50:00,090 [main] INFO  server.Server (Server.java:doStart(351)) - jetty-9.3.25.v20180904, build timestamp: 2018-09-04T21:11:46Z, git hash: 3ce520221d0240229c862b122d2b06c12a625732
2019-10-01 20:50:00,092 [main] INFO  handler.ContextHandler (ContextHandler.java:doStart(781)) - Started o.e.j.s.ServletContextHandler@14f060b8{/logs,file:///workdir/hadoop-ozone/integration-test/target/log,AVAILABLE}
2019-10-01 20:50:00,092 [main] INFO  handler.ContextHandler (ContextHandler.java:doStart(781)) - Started o.e.j.s.ServletContextHandler@79df80a4{/static,jar:file:/home/user/.m2/repository/org/apache/hadoop/hadoop-hdds-container-service/0.5.0-SNAPSHOT/hadoop-hdds-container-service-0.5.0-SNAPSHOT.jar!/webapps/static,AVAILABLE}
2019-10-01 20:50:00,118 [main] INFO  handler.ContextHandler (ContextHandler.java:doStart(781)) - Started o.e.j.w.WebAppContext@23bd0c81{/,file:///tmp/jetty-0.0.0.0-34698-hddsDatanode-_-any-4988181306017913285.dir/webapp/,AVAILABLE}{/hddsDatanode}
2019-10-01 20:50:00,119 [main] INFO  server.AbstractConnector (AbstractConnector.java:doStart(278)) - Started ServerConnector@1332dec4{HTTP/1.1,[http/1.1]}{0.0.0.0:34698}
2019-10-01 20:50:00,121 [main] INFO  server.Server (Server.java:doStart(419)) - Started @212636ms
2019-10-01 20:50:00,121 [main] WARN  impl.MetricsSystemImpl (MetricsSystemImpl.java:register(276)) - Sink prometheus already exists!
2019-10-01 20:50:00,122 [main] INFO  server.BaseHttpServer (BaseHttpServer.java:updateConnectorAddress(215)) - HTTP server of HDDSDATANODE is listening at http://0.0.0.0:34698
2019-10-01 20:50:00,122 [main] INFO  impl.MetricsSystemImpl (MetricsSystemImpl.java:init(158)) - HddsDatanode metrics system started (again)
2019-10-01 20:50:00,140 [org.apache.hadoop.util.JvmPauseMonitor$Monitor@4d3a4b94] INFO  util.JvmPauseMonitor (JvmPauseMonitor.java:run(188)) - Starting JVM pause monitor
2019-10-01 20:50:00,141 [Datanode State Machine Thread - 0] INFO  datanode.InitDatanodeState (InitDatanodeState.java:persistContainerDatanodeDetails(140)) - DatanodeDetails is persisted to /workdir/hadoop-ozone/integration-test/target/test-dir/MiniOzoneClusterImpl-421878e6-6fa2-4ecb-bb16-2969c86feb8d/datanode-4/meta/datanode.id
2019-10-01 20:50:00,142 [main] INFO  ozone.HddsDatanodeService (HddsDatanodeService.java:start(184)) - HddsDatanodeService host:pr-hdds-2213-2l6tc-3189445122 ip:192.168.5.177
2019-10-01 20:50:00,150 [main] INFO  volume.HddsVolume (HddsVolume.java:<init>(176)) - Creating Volume: /workdir/hadoop-ozone/integration-test/target/test-dir/MiniOzoneClusterImpl-421878e6-6fa2-4ecb-bb16-2969c86feb8d/datanode-5/data/containers/hdds of  storage type : DISK and capacity : 1482555576320
2019-10-01 20:50:00,150 [main] INFO  volume.VolumeSet (VolumeSet.java:initializeVolumeSet(170)) - Added Volume : /workdir/hadoop-ozone/integration-test/target/test-dir/MiniOzoneClusterImpl-421878e6-6fa2-4ecb-bb16-2969c86feb8d/datanode-5/data/containers/hdds to VolumeSet
2019-10-01 20:50:00,150 [main] INFO  volume.ThrottledAsyncChecker (ThrottledAsyncChecker.java:schedule(139)) - Scheduling a check for org.apache.hadoop.ozone.container.common.volume.HddsVolume@5a7b309b
2019-10-01 20:50:00,151 [main] INFO  volume.HddsVolumeChecker (HddsVolumeChecker.java:checkAllVolumes(202)) - Scheduled health check for volume org.apache.hadoop.ozone.container.common.volume.HddsVolume@5a7b309b
2019-10-01 20:50:00,163 [main] INFO  impl.RaftServerProxy (ConfUtils.java:logGet(43)) - raft.rpc.type = GRPC (default)
2019-10-01 20:50:00,164 [main] INFO  grpc.GrpcFactory (GrpcFactory.java:checkPooledByteBufAllocatorUseCacheForAllThreads(45)) - PERFORMANCE WARNING: useCacheForAllThreads is true that may cause Netty to create a lot garbage objects and, as a result, trigger GC.
	It is recommended to disable useCacheForAllThreads by setting -Dorg.apache.ratis.thirdparty.io.netty.allocator.useCacheForAllThreads=false in command line.
2019-10-01 20:50:00,164 [main] INFO  grpc.GrpcConfigKeys$Server (ConfUtils.java:logGet(43)) - raft.grpc.server.port = 0 (default)
2019-10-01 20:50:00,164 [main] INFO  server.GrpcService (ConfUtils.java:logGet(43)) - raft.grpc.message.size.max = 33570816 (custom)
2019-10-01 20:50:00,164 [main] INFO  server.RaftServerConfigKeys (ConfUtils.java:logGet(43)) - raft.server.log.appender.buffer.byte-limit = 33554432 (custom)
2019-10-01 20:50:00,164 [main] INFO  server.GrpcService (ConfUtils.java:logGet(43)) - raft.grpc.flow.control.window = 1MB (=1048576) (default)
2019-10-01 20:50:00,165 [main] INFO  server.RaftServerConfigKeys (ConfUtils.java:logGet(43)) - raft.server.rpc.request.timeout = 3000ms (default)
2019-10-01 20:50:00,165 [main] INFO  server.RaftServerConfigKeys (ConfUtils.java:logGet(43)) - raft.server.storage.dir = [/workdir/hadoop-ozone/integration-test/target/test-dir/MiniOzoneClusterImpl-421878e6-6fa2-4ecb-bb16-2969c86feb8d/datanode-5/data/ratis] (custom)
2019-10-01 20:50:00,166 [main] INFO  hdfs.DFSUtil (DFSUtil.java:httpServerTemplateForNNAndJN(1641)) - Starting Web-server for hddsDatanode at: http://0.0.0.0:0
2019-10-01 20:50:00,167 [main] INFO  server.AuthenticationFilter (AuthenticationFilter.java:constructSecretProvider(240)) - Unable to initialize FileSignerSecretProvider, falling back to use random secrets.
2019-10-01 20:50:00,167 [main] WARN  http.HttpRequestLog (HttpRequestLog.java:getRequestLog(97)) - Jetty request log can only be enabled using Log4j
2019-10-01 20:50:00,169 [main] INFO  http.HttpServer2 (HttpServer2.java:addGlobalFilter(975)) - Added global filter 'safety' (class=org.apache.hadoop.http.HttpServer2$QuotingInputFilter)
2019-10-01 20:50:00,169 [main] INFO  http.HttpServer2 (HttpServer2.java:addFilter(948)) - Added filter static_user_filter (class=org.apache.hadoop.http.lib.StaticUserWebFilter$StaticUserFilter) to context hddsDatanode
2019-10-01 20:50:00,170 [main] INFO  http.HttpServer2 (HttpServer2.java:addFilter(958)) - Added filter static_user_filter (class=org.apache.hadoop.http.lib.StaticUserWebFilter$StaticUserFilter) to context logs
2019-10-01 20:50:00,170 [main] INFO  http.HttpServer2 (HttpServer2.java:addFilter(958)) - Added filter static_user_filter (class=org.apache.hadoop.http.lib.StaticUserWebFilter$StaticUserFilter) to context static
2019-10-01 20:50:00,170 [main] INFO  http.HttpServer2 (HttpServer2.java:bindListener(1191)) - Jetty bound to port 41908
2019-10-01 20:50:00,170 [main] INFO  server.Server (Server.java:doStart(351)) - jetty-9.3.25.v20180904, build timestamp: 2018-09-04T21:11:46Z, git hash: 3ce520221d0240229c862b122d2b06c12a625732
2019-10-01 20:50:00,172 [main] INFO  handler.ContextHandler (ContextHandler.java:doStart(781)) - Started o.e.j.s.ServletContextHandler@1785d194{/logs,file:///workdir/hadoop-ozone/integration-test/target/log,AVAILABLE}
2019-10-01 20:50:00,172 [main] INFO  handler.ContextHandler (ContextHandler.java:doStart(781)) - Started o.e.j.s.ServletContextHandler@46a8c2b4{/static,jar:file:/home/user/.m2/repository/org/apache/hadoop/hadoop-hdds-container-service/0.5.0-SNAPSHOT/hadoop-hdds-container-service-0.5.0-SNAPSHOT.jar!/webapps/static,AVAILABLE}
2019-10-01 20:50:00,195 [main] INFO  handler.ContextHandler (ContextHandler.java:doStart(781)) - Started o.e.j.w.WebAppContext@19662208{/,file:///tmp/jetty-0.0.0.0-41908-hddsDatanode-_-any-3360164165802863173.dir/webapp/,AVAILABLE}{/hddsDatanode}
2019-10-01 20:50:00,196 [main] INFO  server.AbstractConnector (AbstractConnector.java:doStart(278)) - Started ServerConnector@216c22ce{HTTP/1.1,[http/1.1]}{0.0.0.0:41908}
2019-10-01 20:50:00,198 [main] INFO  server.Server (Server.java:doStart(419)) - Started @212713ms
2019-10-01 20:50:00,198 [main] WARN  impl.MetricsSystemImpl (MetricsSystemImpl.java:register(276)) - Sink prometheus already exists!
2019-10-01 20:50:00,199 [main] INFO  server.BaseHttpServer (BaseHttpServer.java:updateConnectorAddress(215)) - HTTP server of HDDSDATANODE is listening at http://0.0.0.0:41908
2019-10-01 20:50:00,199 [main] INFO  impl.MetricsSystemImpl (MetricsSystemImpl.java:init(158)) - HddsDatanode metrics system started (again)
2019-10-01 20:50:00,218 [org.apache.hadoop.util.JvmPauseMonitor$Monitor@2f0ce9b5] INFO  util.JvmPauseMonitor (JvmPauseMonitor.java:run(188)) - Starting JVM pause monitor
2019-10-01 20:50:00,219 [Datanode State Machine Thread - 0] INFO  datanode.InitDatanodeState (InitDatanodeState.java:persistContainerDatanodeDetails(140)) - DatanodeDetails is persisted to /workdir/hadoop-ozone/integration-test/target/test-dir/MiniOzoneClusterImpl-421878e6-6fa2-4ecb-bb16-2969c86feb8d/datanode-5/meta/datanode.id
2019-10-01 20:50:00,219 [main] INFO  ozone.HddsDatanodeService (HddsDatanodeService.java:start(184)) - HddsDatanodeService host:pr-hdds-2213-2l6tc-3189445122 ip:192.168.5.177
2019-10-01 20:50:00,227 [main] INFO  volume.HddsVolume (HddsVolume.java:<init>(176)) - Creating Volume: /workdir/hadoop-ozone/integration-test/target/test-dir/MiniOzoneClusterImpl-421878e6-6fa2-4ecb-bb16-2969c86feb8d/datanode-6/data/containers/hdds of  storage type : DISK and capacity : 1482555576320
2019-10-01 20:50:00,227 [main] INFO  volume.VolumeSet (VolumeSet.java:initializeVolumeSet(170)) - Added Volume : /workdir/hadoop-ozone/integration-test/target/test-dir/MiniOzoneClusterImpl-421878e6-6fa2-4ecb-bb16-2969c86feb8d/datanode-6/data/containers/hdds to VolumeSet
2019-10-01 20:50:00,227 [main] INFO  volume.ThrottledAsyncChecker (ThrottledAsyncChecker.java:schedule(139)) - Scheduling a check for org.apache.hadoop.ozone.container.common.volume.HddsVolume@18ffca6c
2019-10-01 20:50:00,227 [main] INFO  volume.HddsVolumeChecker (HddsVolumeChecker.java:checkAllVolumes(202)) - Scheduled health check for volume org.apache.hadoop.ozone.container.common.volume.HddsVolume@18ffca6c
2019-10-01 20:50:00,239 [main] INFO  impl.RaftServerProxy (ConfUtils.java:logGet(43)) - raft.rpc.type = GRPC (default)
2019-10-01 20:50:00,239 [main] INFO  grpc.GrpcFactory (GrpcFactory.java:checkPooledByteBufAllocatorUseCacheForAllThreads(45)) - PERFORMANCE WARNING: useCacheForAllThreads is true that may cause Netty to create a lot garbage objects and, as a result, trigger GC.
	It is recommended to disable useCacheForAllThreads by setting -Dorg.apache.ratis.thirdparty.io.netty.allocator.useCacheForAllThreads=false in command line.
2019-10-01 20:50:00,239 [main] INFO  grpc.GrpcConfigKeys$Server (ConfUtils.java:logGet(43)) - raft.grpc.server.port = 0 (default)
2019-10-01 20:50:00,239 [main] INFO  server.GrpcService (ConfUtils.java:logGet(43)) - raft.grpc.message.size.max = 33570816 (custom)
2019-10-01 20:50:00,239 [main] INFO  server.RaftServerConfigKeys (ConfUtils.java:logGet(43)) - raft.server.log.appender.buffer.byte-limit = 33554432 (custom)
2019-10-01 20:50:00,239 [main] INFO  server.GrpcService (ConfUtils.java:logGet(43)) - raft.grpc.flow.control.window = 1MB (=1048576) (default)
2019-10-01 20:50:00,240 [main] INFO  server.RaftServerConfigKeys (ConfUtils.java:logGet(43)) - raft.server.rpc.request.timeout = 3000ms (default)
2019-10-01 20:50:00,240 [main] INFO  server.RaftServerConfigKeys (ConfUtils.java:logGet(43)) - raft.server.storage.dir = [/workdir/hadoop-ozone/integration-test/target/test-dir/MiniOzoneClusterImpl-421878e6-6fa2-4ecb-bb16-2969c86feb8d/datanode-6/data/ratis] (custom)
2019-10-01 20:50:00,241 [main] INFO  hdfs.DFSUtil (DFSUtil.java:httpServerTemplateForNNAndJN(1641)) - Starting Web-server for hddsDatanode at: http://0.0.0.0:0
2019-10-01 20:50:00,242 [main] INFO  server.AuthenticationFilter (AuthenticationFilter.java:constructSecretProvider(240)) - Unable to initialize FileSignerSecretProvider, falling back to use random secrets.
2019-10-01 20:50:00,242 [main] WARN  http.HttpRequestLog (HttpRequestLog.java:getRequestLog(97)) - Jetty request log can only be enabled using Log4j
2019-10-01 20:50:00,243 [main] INFO  http.HttpServer2 (HttpServer2.java:addGlobalFilter(975)) - Added global filter 'safety' (class=org.apache.hadoop.http.HttpServer2$QuotingInputFilter)
2019-10-01 20:50:00,244 [main] INFO  http.HttpServer2 (HttpServer2.java:addFilter(948)) - Added filter static_user_filter (class=org.apache.hadoop.http.lib.StaticUserWebFilter$StaticUserFilter) to context hddsDatanode
2019-10-01 20:50:00,244 [main] INFO  http.HttpServer2 (HttpServer2.java:addFilter(958)) - Added filter static_user_filter (class=org.apache.hadoop.http.lib.StaticUserWebFilter$StaticUserFilter) to context static
2019-10-01 20:50:00,244 [main] INFO  http.HttpServer2 (HttpServer2.java:addFilter(958)) - Added filter static_user_filter (class=org.apache.hadoop.http.lib.StaticUserWebFilter$StaticUserFilter) to context logs
2019-10-01 20:50:00,245 [main] INFO  http.HttpServer2 (HttpServer2.java:bindListener(1191)) - Jetty bound to port 43446
2019-10-01 20:50:00,245 [main] INFO  server.Server (Server.java:doStart(351)) - jetty-9.3.25.v20180904, build timestamp: 2018-09-04T21:11:46Z, git hash: 3ce520221d0240229c862b122d2b06c12a625732
2019-10-01 20:50:00,246 [main] INFO  handler.ContextHandler (ContextHandler.java:doStart(781)) - Started o.e.j.s.ServletContextHandler@78d73b1b{/logs,file:///workdir/hadoop-ozone/integration-test/target/log,AVAILABLE}
2019-10-01 20:50:00,246 [main] INFO  handler.ContextHandler (ContextHandler.java:doStart(781)) - Started o.e.j.s.ServletContextHandler@34edd065{/static,jar:file:/home/user/.m2/repository/org/apache/hadoop/hadoop-hdds-container-service/0.5.0-SNAPSHOT/hadoop-hdds-container-service-0.5.0-SNAPSHOT.jar!/webapps/static,AVAILABLE}
2019-10-01 20:50:00,270 [main] INFO  handler.ContextHandler (ContextHandler.java:doStart(781)) - Started o.e.j.w.WebAppContext@236c098{/,file:///tmp/jetty-0.0.0.0-43446-hddsDatanode-_-any-4657262523651510723.dir/webapp/,AVAILABLE}{/hddsDatanode}
2019-10-01 20:50:00,270 [main] INFO  server.AbstractConnector (AbstractConnector.java:doStart(278)) - Started ServerConnector@68e2d03e{HTTP/1.1,[http/1.1]}{0.0.0.0:43446}
2019-10-01 20:50:00,274 [main] INFO  server.Server (Server.java:doStart(419)) - Started @212788ms
2019-10-01 20:50:00,274 [main] WARN  impl.MetricsSystemImpl (MetricsSystemImpl.java:register(276)) - Sink prometheus already exists!
2019-10-01 20:50:00,274 [main] INFO  server.BaseHttpServer (BaseHttpServer.java:updateConnectorAddress(215)) - HTTP server of HDDSDATANODE is listening at http://0.0.0.0:43446
2019-10-01 20:50:00,275 [main] INFO  ozone.MiniOzoneClusterImpl (MiniOzoneClusterImpl.java:lambda$waitForClusterToBeReady$0(147)) - Waiting for cluster to be ready. Got 0 of 7 DN Heartbeats.
2019-10-01 20:50:00,276 [org.apache.hadoop.util.JvmPauseMonitor$Monitor@3ef4b08f] INFO  util.JvmPauseMonitor (JvmPauseMonitor.java:run(188)) - Starting JVM pause monitor
2019-10-01 20:50:00,277 [Datanode State Machine Thread - 0] INFO  datanode.InitDatanodeState (InitDatanodeState.java:persistContainerDatanodeDetails(140)) - DatanodeDetails is persisted to /workdir/hadoop-ozone/integration-test/target/test-dir/MiniOzoneClusterImpl-421878e6-6fa2-4ecb-bb16-2969c86feb8d/datanode-6/meta/datanode.id
2019-10-01 20:50:01,275 [main] INFO  ozone.MiniOzoneClusterImpl (MiniOzoneClusterImpl.java:lambda$waitForClusterToBeReady$0(147)) - Waiting for cluster to be ready. Got 0 of 7 DN Heartbeats.
2019-10-01 20:50:01,881 [Datanode State Machine Thread - 0] INFO  ozoneimpl.OzoneContainer (OzoneContainer.java:start(217)) - Attempting to start container services.
2019-10-01 20:50:01,882 [Datanode State Machine Thread - 0] INFO  ozoneimpl.OzoneContainer (OzoneContainer.java:startContainerScrub(179)) - Background container scanner has been disabled.
2019-10-01 20:50:01,882 [Datanode State Machine Thread - 0] INFO  ratis.XceiverServerRatis (XceiverServerRatis.java:start(417)) - Starting XceiverServerRatis b9f3e374-3782-44bb-9f99-14eb65aa24c4 at port 0
2019-10-01 20:50:01,888 [Datanode State Machine Thread - 0] INFO  impl.RaftServerProxy (RaftServerProxy.java:lambda$start$3(299)) - b9f3e374-3782-44bb-9f99-14eb65aa24c4: start RPC server
2019-10-01 20:50:01,889 [Datanode State Machine Thread - 0] INFO  server.GrpcService (GrpcService.java:startImpl(158)) - b9f3e374-3782-44bb-9f99-14eb65aa24c4: GrpcService started, listening on 0.0.0.0/0.0.0.0:41537
2019-10-01 20:50:01,890 [Datanode State Machine Thread - 0] INFO  ratis.XceiverServerRatis (XceiverServerRatis.java:start(427)) - XceiverServerRatis b9f3e374-3782-44bb-9f99-14eb65aa24c4 is started using port 41537
2019-10-01 20:50:01,902 [Datanode State Machine Thread - 0] INFO  server.XceiverServerGrpc (XceiverServerGrpc.java:start(149)) - XceiverServerGrpc b9f3e374-3782-44bb-9f99-14eb65aa24c4 is started using port 40201
2019-10-01 20:50:01,925 [Datanode State Machine Thread - 0] INFO  ozoneimpl.OzoneContainer (OzoneContainer.java:start(217)) - Attempting to start container services.
2019-10-01 20:50:01,925 [Datanode State Machine Thread - 0] INFO  ozoneimpl.OzoneContainer (OzoneContainer.java:startContainerScrub(179)) - Background container scanner has been disabled.
2019-10-01 20:50:01,926 [Datanode State Machine Thread - 0] INFO  ratis.XceiverServerRatis (XceiverServerRatis.java:start(417)) - Starting XceiverServerRatis baf805c2-d82d-4db9-85fb-97e22b3fff5d at port 0
2019-10-01 20:50:01,931 [Datanode State Machine Thread - 0] INFO  impl.RaftServerProxy (RaftServerProxy.java:lambda$start$3(299)) - baf805c2-d82d-4db9-85fb-97e22b3fff5d: start RPC server
2019-10-01 20:50:01,932 [Datanode State Machine Thread - 0] INFO  server.GrpcService (GrpcService.java:startImpl(158)) - baf805c2-d82d-4db9-85fb-97e22b3fff5d: GrpcService started, listening on 0.0.0.0/0.0.0.0:38782
2019-10-01 20:50:01,932 [Datanode State Machine Thread - 0] INFO  ratis.XceiverServerRatis (XceiverServerRatis.java:start(427)) - XceiverServerRatis baf805c2-d82d-4db9-85fb-97e22b3fff5d is started using port 38782
2019-10-01 20:50:01,932 [Datanode State Machine Thread - 0] INFO  server.XceiverServerGrpc (XceiverServerGrpc.java:start(149)) - XceiverServerGrpc baf805c2-d82d-4db9-85fb-97e22b3fff5d is started using port 45578
2019-10-01 20:50:02,000 [Datanode State Machine Thread - 0] INFO  ozoneimpl.OzoneContainer (OzoneContainer.java:start(217)) - Attempting to start container services.
2019-10-01 20:50:02,000 [Datanode State Machine Thread - 0] INFO  ozoneimpl.OzoneContainer (OzoneContainer.java:startContainerScrub(179)) - Background container scanner has been disabled.
2019-10-01 20:50:02,001 [Datanode State Machine Thread - 0] INFO  ratis.XceiverServerRatis (XceiverServerRatis.java:start(417)) - Starting XceiverServerRatis 865957d6-a698-4fd9-9d54-29030c60b7f2 at port 0
2019-10-01 20:50:02,007 [Datanode State Machine Thread - 0] INFO  impl.RaftServerProxy (RaftServerProxy.java:lambda$start$3(299)) - 865957d6-a698-4fd9-9d54-29030c60b7f2: start RPC server
2019-10-01 20:50:02,008 [Datanode State Machine Thread - 0] INFO  server.GrpcService (GrpcService.java:startImpl(158)) - 865957d6-a698-4fd9-9d54-29030c60b7f2: GrpcService started, listening on 0.0.0.0/0.0.0.0:34543
2019-10-01 20:50:02,008 [Datanode State Machine Thread - 0] INFO  ratis.XceiverServerRatis (XceiverServerRatis.java:start(427)) - XceiverServerRatis 865957d6-a698-4fd9-9d54-29030c60b7f2 is started using port 34543
2019-10-01 20:50:02,013 [Datanode State Machine Thread - 0] INFO  server.XceiverServerGrpc (XceiverServerGrpc.java:start(149)) - XceiverServerGrpc 865957d6-a698-4fd9-9d54-29030c60b7f2 is started using port 42714
2019-10-01 20:50:02,073 [Datanode State Machine Thread - 0] INFO  ozoneimpl.OzoneContainer (OzoneContainer.java:start(217)) - Attempting to start container services.
2019-10-01 20:50:02,073 [Datanode State Machine Thread - 0] INFO  ozoneimpl.OzoneContainer (OzoneContainer.java:startContainerScrub(179)) - Background container scanner has been disabled.
2019-10-01 20:50:02,073 [Datanode State Machine Thread - 0] INFO  ratis.XceiverServerRatis (XceiverServerRatis.java:start(417)) - Starting XceiverServerRatis be578bb6-8427-4561-a972-b36fbc0bb82d at port 0
2019-10-01 20:50:02,079 [Datanode State Machine Thread - 0] INFO  impl.RaftServerProxy (RaftServerProxy.java:lambda$start$3(299)) - be578bb6-8427-4561-a972-b36fbc0bb82d: start RPC server
2019-10-01 20:50:02,080 [Datanode State Machine Thread - 0] INFO  server.GrpcService (GrpcService.java:startImpl(158)) - be578bb6-8427-4561-a972-b36fbc0bb82d: GrpcService started, listening on 0.0.0.0/0.0.0.0:42430
2019-10-01 20:50:02,080 [Datanode State Machine Thread - 0] INFO  ratis.XceiverServerRatis (XceiverServerRatis.java:start(427)) - XceiverServerRatis be578bb6-8427-4561-a972-b36fbc0bb82d is started using port 42430
2019-10-01 20:50:02,081 [Datanode State Machine Thread - 0] INFO  server.XceiverServerGrpc (XceiverServerGrpc.java:start(149)) - XceiverServerGrpc be578bb6-8427-4561-a972-b36fbc0bb82d is started using port 45701
2019-10-01 20:50:02,155 [Datanode State Machine Thread - 0] INFO  ozoneimpl.OzoneContainer (OzoneContainer.java:start(217)) - Attempting to start container services.
2019-10-01 20:50:02,155 [Datanode State Machine Thread - 0] INFO  ozoneimpl.OzoneContainer (OzoneContainer.java:startContainerScrub(179)) - Background container scanner has been disabled.
2019-10-01 20:50:02,155 [Datanode State Machine Thread - 0] INFO  ratis.XceiverServerRatis (XceiverServerRatis.java:start(417)) - Starting XceiverServerRatis 263f0553-b6fc-45d1-bae4-d5863d3f6220 at port 0
2019-10-01 20:50:02,162 [Datanode State Machine Thread - 0] INFO  impl.RaftServerProxy (RaftServerProxy.java:lambda$start$3(299)) - 263f0553-b6fc-45d1-bae4-d5863d3f6220: start RPC server
2019-10-01 20:50:02,167 [Datanode State Machine Thread - 0] INFO  server.GrpcService (GrpcService.java:startImpl(158)) - 263f0553-b6fc-45d1-bae4-d5863d3f6220: GrpcService started, listening on 0.0.0.0/0.0.0.0:41185
2019-10-01 20:50:02,167 [Datanode State Machine Thread - 0] INFO  ratis.XceiverServerRatis (XceiverServerRatis.java:start(427)) - XceiverServerRatis 263f0553-b6fc-45d1-bae4-d5863d3f6220 is started using port 41185
2019-10-01 20:50:02,171 [Datanode State Machine Thread - 0] INFO  server.XceiverServerGrpc (XceiverServerGrpc.java:start(149)) - XceiverServerGrpc 263f0553-b6fc-45d1-bae4-d5863d3f6220 is started using port 33146
2019-10-01 20:50:02,232 [Datanode State Machine Thread - 0] INFO  ozoneimpl.OzoneContainer (OzoneContainer.java:start(217)) - Attempting to start container services.
2019-10-01 20:50:02,232 [Datanode State Machine Thread - 0] INFO  ozoneimpl.OzoneContainer (OzoneContainer.java:startContainerScrub(179)) - Background container scanner has been disabled.
2019-10-01 20:50:02,232 [Datanode State Machine Thread - 0] INFO  ratis.XceiverServerRatis (XceiverServerRatis.java:start(417)) - Starting XceiverServerRatis 107cbbe0-2f27-4026-84b2-64e87464c671 at port 0
2019-10-01 20:50:02,240 [Datanode State Machine Thread - 0] INFO  impl.RaftServerProxy (RaftServerProxy.java:lambda$start$3(299)) - 107cbbe0-2f27-4026-84b2-64e87464c671: start RPC server
2019-10-01 20:50:02,240 [Datanode State Machine Thread - 0] INFO  server.GrpcService (GrpcService.java:startImpl(158)) - 107cbbe0-2f27-4026-84b2-64e87464c671: GrpcService started, listening on 0.0.0.0/0.0.0.0:39749
2019-10-01 20:50:02,240 [Datanode State Machine Thread - 0] INFO  ratis.XceiverServerRatis (XceiverServerRatis.java:start(427)) - XceiverServerRatis 107cbbe0-2f27-4026-84b2-64e87464c671 is started using port 39749
2019-10-01 20:50:02,241 [Datanode State Machine Thread - 0] INFO  server.XceiverServerGrpc (XceiverServerGrpc.java:start(149)) - XceiverServerGrpc 107cbbe0-2f27-4026-84b2-64e87464c671 is started using port 40742
2019-10-01 20:50:02,276 [main] INFO  ozone.MiniOzoneClusterImpl (MiniOzoneClusterImpl.java:lambda$waitForClusterToBeReady$0(147)) - Waiting for cluster to be ready. Got 0 of 7 DN Heartbeats.
2019-10-01 20:50:02,288 [Datanode State Machine Thread - 0] INFO  ozoneimpl.OzoneContainer (OzoneContainer.java:start(217)) - Attempting to start container services.
2019-10-01 20:50:02,289 [Datanode State Machine Thread - 0] INFO  ozoneimpl.OzoneContainer (OzoneContainer.java:startContainerScrub(179)) - Background container scanner has been disabled.
2019-10-01 20:50:02,289 [Datanode State Machine Thread - 0] INFO  ratis.XceiverServerRatis (XceiverServerRatis.java:start(417)) - Starting XceiverServerRatis fe150c76-0559-4cd9-a6d3-a9f1a80e5966 at port 0
2019-10-01 20:50:02,295 [Datanode State Machine Thread - 0] INFO  impl.RaftServerProxy (RaftServerProxy.java:lambda$start$3(299)) - fe150c76-0559-4cd9-a6d3-a9f1a80e5966: start RPC server
2019-10-01 20:50:02,299 [Datanode State Machine Thread - 0] INFO  server.GrpcService (GrpcService.java:startImpl(158)) - fe150c76-0559-4cd9-a6d3-a9f1a80e5966: GrpcService started, listening on 0.0.0.0/0.0.0.0:43440
2019-10-01 20:50:02,299 [Datanode State Machine Thread - 0] INFO  ratis.XceiverServerRatis (XceiverServerRatis.java:start(427)) - XceiverServerRatis fe150c76-0559-4cd9-a6d3-a9f1a80e5966 is started using port 43440
2019-10-01 20:50:02,301 [Datanode State Machine Thread - 0] INFO  server.XceiverServerGrpc (XceiverServerGrpc.java:start(149)) - XceiverServerGrpc fe150c76-0559-4cd9-a6d3-a9f1a80e5966 is started using port 43456
2019-10-01 20:50:02,389 [grpc-default-executor-8] WARN  server.GrpcLogAppender (LogUtils.java:warn(134)) - 5eae8d89-2554-4fd6-97cf-239256c32a64@group-3D723BC38E81->364d6562-bb48-4b36-aaf0-ec4292e9bf14-AppendLogResponseHandler: Failed appendEntries: org.apache.ratis.thirdparty.io.grpc.StatusRuntimeException: UNAVAILABLE: io exception
2019-10-01 20:50:02,389 [grpc-default-executor-9] WARN  server.GrpcLogAppender (LogUtils.java:warn(134)) - 5eae8d89-2554-4fd6-97cf-239256c32a64@group-3D723BC38E81->8d0405c5-db0d-40fd-a5c9-fcc8c0c78ea9-AppendLogResponseHandler: Failed appendEntries: org.apache.ratis.thirdparty.io.grpc.StatusRuntimeException: UNAVAILABLE: io exception
2019-10-01 20:50:02,390 [grpc-default-executor-8] INFO  impl.FollowerInfo (FollowerInfo.java:lambda$new$0(51)) - 5eae8d89-2554-4fd6-97cf-239256c32a64@group-3D723BC38E81->364d6562-bb48-4b36-aaf0-ec4292e9bf14: nextIndex: updateUnconditionally 0 -> 0
2019-10-01 20:50:02,390 [grpc-default-executor-9] INFO  impl.FollowerInfo (FollowerInfo.java:lambda$new$0(51)) - 5eae8d89-2554-4fd6-97cf-239256c32a64@group-3D723BC38E81->8d0405c5-db0d-40fd-a5c9-fcc8c0c78ea9: nextIndex: updateUnconditionally 0 -> 0
2019-10-01 20:50:03,276 [main] INFO  ozone.MiniOzoneClusterImpl (MiniOzoneClusterImpl.java:lambda$waitForClusterToBeReady$0(147)) - Waiting for cluster to be ready. Got 0 of 7 DN Heartbeats.
2019-10-01 20:50:03,828 [IPC Server handler 3 on 38886] INFO  net.NetworkTopology (NetworkTopologyImpl.java:add(111)) - Added a new node: /default-rack/b9f3e374-3782-44bb-9f99-14eb65aa24c4
2019-10-01 20:50:03,833 [IPC Server handler 3 on 38886] INFO  node.SCMNodeManager (SCMNodeManager.java:register(266)) - Registered Data node : b9f3e374-3782-44bb-9f99-14eb65aa24c4{ip: 192.168.5.177, host: pr-hdds-2213-2l6tc-3189445122, networkLocation: /default-rack, certSerialId: null}
2019-10-01 20:50:03,834 [EventQueue-NodeRegistrationContainerReportForDataNodeSafeModeRule] INFO  safemode.SCMSafeModeManager (DataNodeSafeModeRule.java:process(71)) - SCM in safe mode. 1 DataNodes registered, 1 required.
2019-10-01 20:50:03,838 [EventQueue-NodeRegistrationContainerReportForDataNodeSafeModeRule] INFO  safemode.SCMSafeModeManager (SCMSafeModeManager.java:validateSafeModeExitRules(177)) - ScmSafeModeManager, all rules are successfully validated
2019-10-01 20:50:03,839 [EventQueue-NodeRegistrationContainerReportForDataNodeSafeModeRule] INFO  safemode.SCMSafeModeManager (SCMSafeModeManager.java:exitSafeMode(193)) - SCM exiting safe mode.
2019-10-01 20:50:03,848 [grpc-default-executor-9] INFO  impl.RaftServerProxy (RaftServerProxy.java:addNew(89)) - b9f3e374-3782-44bb-9f99-14eb65aa24c4: addNew group-47E6DD7909C6:[b9f3e374-3782-44bb-9f99-14eb65aa24c4:192.168.5.177:41537] returns group-47E6DD7909C6:java.util.concurrent.CompletableFuture@479236be[Not completed]
2019-10-01 20:50:03,850 [pool-383-thread-1] INFO  impl.RaftServerImpl (RaftServerImpl.java:<init>(95)) - b9f3e374-3782-44bb-9f99-14eb65aa24c4: new RaftServerImpl for group-47E6DD7909C6:[b9f3e374-3782-44bb-9f99-14eb65aa24c4:192.168.5.177:41537] with ContainerStateMachine:uninitialized
2019-10-01 20:50:03,850 [pool-383-thread-1] INFO  server.RaftServerConfigKeys (ConfUtils.java:logGet(43)) - raft.server.rpc.timeout.min = 5s (custom)
2019-10-01 20:50:03,850 [pool-383-thread-1] INFO  server.RaftServerConfigKeys (ConfUtils.java:logGet(43)) - raft.server.rpc.timeout.max = 5200ms (custom)
2019-10-01 20:50:03,851 [pool-383-thread-1] INFO  server.RaftServerConfigKeys (ConfUtils.java:logGet(43)) - raft.server.rpcslowness.timeout = 120s (custom)
2019-10-01 20:50:03,851 [pool-383-thread-1] INFO  server.RaftServerConfigKeys (ConfUtils.java:logGet(43)) - raft.server.sleep.deviation.threshold = 300 (default)
2019-10-01 20:50:03,851 [pool-383-thread-1] INFO  server.RaftServerConfigKeys (ConfUtils.java:logGet(43)) - raft.server.log.appender.install.snapshot.enabled = false (custom)
2019-10-01 20:50:03,851 [pool-383-thread-1] INFO  impl.RaftServerImpl (ServerState.java:<init>(103)) - b9f3e374-3782-44bb-9f99-14eb65aa24c4@group-47E6DD7909C6: ConfigurationManager, init=-1: [b9f3e374-3782-44bb-9f99-14eb65aa24c4:192.168.5.177:41537], old=null, confs=<EMPTY_MAP>
2019-10-01 20:50:03,851 [pool-383-thread-1] INFO  server.RaftServerConfigKeys (ConfUtils.java:logGet(43)) - raft.server.storage.dir = [/workdir/hadoop-ozone/integration-test/target/test-dir/MiniOzoneClusterImpl-421878e6-6fa2-4ecb-bb16-2969c86feb8d/datanode-0/data/ratis] (custom)
2019-10-01 20:50:03,852 [pool-383-thread-1] INFO  server.RaftServerConfigKeys (ConfUtils.java:logGet(43)) - raft.server.log.corruption.policy = EXCEPTION (default)
2019-10-01 20:50:03,853 [pool-383-thread-1] INFO  storage.RaftStorageDirectory (RaftStorageDirectory.java:analyzeStorage(246)) - The storage directory /workdir/hadoop-ozone/integration-test/target/test-dir/MiniOzoneClusterImpl-421878e6-6fa2-4ecb-bb16-2969c86feb8d/datanode-0/data/ratis/5e4a8204-b507-408e-965f-47e6dd7909c6 does not exist. Creating ...
2019-10-01 20:50:03,866 [pool-383-thread-1] INFO  storage.RaftStorageDirectory (RaftStorageDirectory.java:tryLock(328)) - Lock on /workdir/hadoop-ozone/integration-test/target/test-dir/MiniOzoneClusterImpl-421878e6-6fa2-4ecb-bb16-2969c86feb8d/datanode-0/data/ratis/5e4a8204-b507-408e-965f-47e6dd7909c6/in_use.lock acquired by nodename 23198@pr-hdds-2213-2l6tc-3189445122
2019-10-01 20:50:03,879 [pool-383-thread-1] INFO  storage.RaftStorage (RaftStorage.java:format(84)) - Storage directory /workdir/hadoop-ozone/integration-test/target/test-dir/MiniOzoneClusterImpl-421878e6-6fa2-4ecb-bb16-2969c86feb8d/datanode-0/data/ratis/5e4a8204-b507-408e-965f-47e6dd7909c6 has been successfully formatted.
2019-10-01 20:50:03,879 [pool-383-thread-1] INFO  ratis.ContainerStateMachine (ContainerStateMachine.java:loadSnapshot(230)) - group-47E6DD7909C6: The snapshot info is null. Setting the last applied indexto:(t:0, i:~)
2019-10-01 20:50:03,879 [pool-383-thread-1] INFO  server.RaftServerConfigKeys (ConfUtils.java:logGet(43)) - raft.server.notification.no-leader.timeout = 120s (custom)
2019-10-01 20:50:03,879 [pool-383-thread-1] INFO  server.RaftServerConfigKeys (ConfUtils.java:logGet(43)) - raft.server.log.use.memory = false (default)
2019-10-01 20:50:03,880 [pool-383-thread-1] INFO  server.RaftServerConfigKeys (ConfUtils.java:logGet(43)) - raft.server.log.purge.gap = 1000000 (custom)
2019-10-01 20:50:03,880 [pool-383-thread-1] INFO  server.RaftServerConfigKeys (ConfUtils.java:logGet(43)) - raft.server.log.appender.buffer.byte-limit = 33554432 (custom)
2019-10-01 20:50:03,880 [pool-383-thread-1] INFO  server.RaftServerConfigKeys (ConfUtils.java:logGet(43)) - raft.server.log.segment.size.max = 1048576 (custom)
2019-10-01 20:50:03,882 [pool-383-thread-1] INFO  server.RaftServerConfigKeys (ConfUtils.java:logGet(43)) - raft.server.log.segment.cache.num.max = 2 (custom)
2019-10-01 20:50:03,882 [pool-383-thread-1] INFO  segmented.SegmentedRaftLogWorker (SegmentedRaftLogWorker.java:<init>(173)) - new b9f3e374-3782-44bb-9f99-14eb65aa24c4@group-47E6DD7909C6-SegmentedRaftLogWorker for RaftStorage:Storage Directory /workdir/hadoop-ozone/integration-test/target/test-dir/MiniOzoneClusterImpl-421878e6-6fa2-4ecb-bb16-2969c86feb8d/datanode-0/data/ratis/5e4a8204-b507-408e-965f-47e6dd7909c6
2019-10-01 20:50:03,882 [pool-383-thread-1] INFO  server.RaftServerConfigKeys (ConfUtils.java:logGet(43)) - raft.server.log.queue.byte-limit = 2147483647 (custom)
2019-10-01 20:50:03,883 [pool-383-thread-1] INFO  server.RaftServerConfigKeys (ConfUtils.java:logGet(43)) - raft.server.log.queue.element-limit = 1024 (custom)
2019-10-01 20:50:03,883 [pool-383-thread-1] INFO  server.RaftServerConfigKeys (ConfUtils.java:logGet(43)) - raft.server.log.segment.size.max = 1048576 (custom)
2019-10-01 20:50:03,883 [pool-383-thread-1] INFO  server.RaftServerConfigKeys (ConfUtils.java:logGet(43)) - raft.server.log.preallocated.size = 16384 (custom)
2019-10-01 20:50:03,883 [pool-383-thread-1] INFO  server.RaftServerConfigKeys (ConfUtils.java:logGet(43)) - raft.server.log.write.buffer.size = 33554432 (custom)
2019-10-01 20:50:03,883 [pool-383-thread-1] INFO  server.RaftServerConfigKeys (ConfUtils.java:logGet(43)) - raft.server.log.force.sync.num = 128 (default)
2019-10-01 20:50:03,883 [pool-383-thread-1] INFO  server.RaftServerConfigKeys (ConfUtils.java:logGet(43)) - raft.server.log.statemachine.data.sync = true (default)
2019-10-01 20:50:03,883 [pool-383-thread-1] INFO  server.RaftServerConfigKeys (ConfUtils.java:logGet(43)) - raft.server.log.statemachine.data.sync.timeout = 10s (default)
2019-10-01 20:50:03,884 [pool-383-thread-1] INFO  server.RaftServerConfigKeys (ConfUtils.java:logGet(43)) - raft.server.log.statemachine.data.sync.timeout.retry = -1 (default)
2019-10-01 20:50:03,884 [pool-383-thread-1] INFO  server.RaftServerConfigKeys (ConfUtils.java:logGet(43)) - raft.server.log.statemachine.data.caching.enabled = true (custom)
2019-10-01 20:50:03,884 [pool-383-thread-1] INFO  segmented.SegmentedRaftLogWorker (SegmentedRaftLogWorker.java:lambda$new$0(128)) - b9f3e374-3782-44bb-9f99-14eb65aa24c4@group-47E6DD7909C6-SegmentedRaftLogWorker: flushIndex: setUnconditionally 0 -> -1
2019-10-01 20:50:03,885 [pool-383-thread-1] INFO  server.RaftServerConfigKeys (ConfUtils.java:logGet(43)) - raft.server.snapshot.auto.trigger.enabled = true (custom)
2019-10-01 20:50:03,885 [pool-383-thread-1] INFO  server.RaftServerConfigKeys (ConfUtils.java:logGet(43)) - raft.server.snapshot.auto.trigger.threshold = 10000 (custom)
2019-10-01 20:50:03,885 [pool-383-thread-1] INFO  server.RaftServerConfigKeys (ConfUtils.java:logGet(43)) - raft.server.snapshot.retention.file.num = 5 (custom)
2019-10-01 20:50:03,885 [pool-383-thread-1] INFO  server.RaftServerConfigKeys (ConfUtils.java:logGet(43)) - raft.server.retrycache.expirytime = 600000ms (custom)
2019-10-01 20:50:03,887 [pool-383-thread-1] INFO  impl.RaftServerImpl (RaftServerImpl.java:start(181)) - b9f3e374-3782-44bb-9f99-14eb65aa24c4@group-47E6DD7909C6: start as a follower, conf=-1: [b9f3e374-3782-44bb-9f99-14eb65aa24c4:192.168.5.177:41537], old=null
2019-10-01 20:50:03,887 [pool-383-thread-1] INFO  impl.RaftServerImpl (RaftServerImpl.java:setRole(170)) - b9f3e374-3782-44bb-9f99-14eb65aa24c4@group-47E6DD7909C6: changes role from      null to FOLLOWER at term 0 for startAsFollower
2019-10-01 20:50:03,887 [pool-383-thread-1] INFO  impl.RoleInfo (RoleInfo.java:updateAndGet(143)) - b9f3e374-3782-44bb-9f99-14eb65aa24c4: start FollowerState
2019-10-01 20:50:03,888 [pool-383-thread-1] INFO  util.JmxRegister (JmxRegister.java:tryRegister(44)) - Successfully registered JMX Bean with object name Ratis:service=RaftServer,group=group-47E6DD7909C6,id=b9f3e374-3782-44bb-9f99-14eb65aa24c4
2019-10-01 20:50:03,893 [RatisPipelineUtilsThread] INFO  pipeline.PipelineStateManager (PipelineStateManager.java:addPipeline(56)) - Created pipeline Pipeline[ Id: 5e4a8204-b507-408e-965f-47e6dd7909c6, Nodes: b9f3e374-3782-44bb-9f99-14eb65aa24c4{ip: 192.168.5.177, host: pr-hdds-2213-2l6tc-3189445122, networkLocation: /default-rack, certSerialId: null}, Type:RATIS, Factor:ONE, State:OPEN]
2019-10-01 20:50:03,907 [IPC Server handler 4 on 38886] INFO  net.NetworkTopology (NetworkTopologyImpl.java:add(111)) - Added a new node: /default-rack/baf805c2-d82d-4db9-85fb-97e22b3fff5d
2019-10-01 20:50:03,907 [IPC Server handler 4 on 38886] INFO  node.SCMNodeManager (SCMNodeManager.java:register(266)) - Registered Data node : baf805c2-d82d-4db9-85fb-97e22b3fff5d{ip: 192.168.5.177, host: pr-hdds-2213-2l6tc-3189445122, networkLocation: /default-rack, certSerialId: null}
2019-10-01 20:50:03,916 [grpc-default-executor-9] INFO  impl.RaftServerProxy (RaftServerProxy.java:addNew(89)) - baf805c2-d82d-4db9-85fb-97e22b3fff5d: addNew group-2AE2D412B621:[baf805c2-d82d-4db9-85fb-97e22b3fff5d:192.168.5.177:38782] returns group-2AE2D412B621:java.util.concurrent.CompletableFuture@195d4ef4[Not completed]
2019-10-01 20:50:03,917 [pool-393-thread-1] INFO  impl.RaftServerImpl (RaftServerImpl.java:<init>(95)) - baf805c2-d82d-4db9-85fb-97e22b3fff5d: new RaftServerImpl for group-2AE2D412B621:[baf805c2-d82d-4db9-85fb-97e22b3fff5d:192.168.5.177:38782] with ContainerStateMachine:uninitialized
2019-10-01 20:50:03,918 [pool-393-thread-1] INFO  server.RaftServerConfigKeys (ConfUtils.java:logGet(43)) - raft.server.rpc.timeout.min = 5s (custom)
2019-10-01 20:50:03,918 [pool-393-thread-1] INFO  server.RaftServerConfigKeys (ConfUtils.java:logGet(43)) - raft.server.rpc.timeout.max = 5200ms (custom)
2019-10-01 20:50:03,918 [pool-393-thread-1] INFO  server.RaftServerConfigKeys (ConfUtils.java:logGet(43)) - raft.server.rpcslowness.timeout = 120s (custom)
2019-10-01 20:50:03,918 [pool-393-thread-1] INFO  server.RaftServerConfigKeys (ConfUtils.java:logGet(43)) - raft.server.sleep.deviation.threshold = 300 (default)
2019-10-01 20:50:03,918 [pool-393-thread-1] INFO  server.RaftServerConfigKeys (ConfUtils.java:logGet(43)) - raft.server.log.appender.install.snapshot.enabled = false (custom)
2019-10-01 20:50:03,918 [pool-393-thread-1] INFO  impl.RaftServerImpl (ServerState.java:<init>(103)) - baf805c2-d82d-4db9-85fb-97e22b3fff5d@group-2AE2D412B621: ConfigurationManager, init=-1: [baf805c2-d82d-4db9-85fb-97e22b3fff5d:192.168.5.177:38782], old=null, confs=<EMPTY_MAP>
2019-10-01 20:50:03,918 [pool-393-thread-1] INFO  server.RaftServerConfigKeys (ConfUtils.java:logGet(43)) - raft.server.storage.dir = [/workdir/hadoop-ozone/integration-test/target/test-dir/MiniOzoneClusterImpl-421878e6-6fa2-4ecb-bb16-2969c86feb8d/datanode-1/data/ratis] (custom)
2019-10-01 20:50:03,918 [pool-393-thread-1] INFO  server.RaftServerConfigKeys (ConfUtils.java:logGet(43)) - raft.server.log.corruption.policy = EXCEPTION (default)
2019-10-01 20:50:03,919 [pool-393-thread-1] INFO  storage.RaftStorageDirectory (RaftStorageDirectory.java:analyzeStorage(246)) - The storage directory /workdir/hadoop-ozone/integration-test/target/test-dir/MiniOzoneClusterImpl-421878e6-6fa2-4ecb-bb16-2969c86feb8d/datanode-1/data/ratis/2bade15f-40c5-48ec-baae-2ae2d412b621 does not exist. Creating ...
2019-10-01 20:50:03,931 [pool-393-thread-1] INFO  storage.RaftStorageDirectory (RaftStorageDirectory.java:tryLock(328)) - Lock on /workdir/hadoop-ozone/integration-test/target/test-dir/MiniOzoneClusterImpl-421878e6-6fa2-4ecb-bb16-2969c86feb8d/datanode-1/data/ratis/2bade15f-40c5-48ec-baae-2ae2d412b621/in_use.lock acquired by nodename 23198@pr-hdds-2213-2l6tc-3189445122
2019-10-01 20:50:03,944 [pool-393-thread-1] INFO  storage.RaftStorage (RaftStorage.java:format(84)) - Storage directory /workdir/hadoop-ozone/integration-test/target/test-dir/MiniOzoneClusterImpl-421878e6-6fa2-4ecb-bb16-2969c86feb8d/datanode-1/data/ratis/2bade15f-40c5-48ec-baae-2ae2d412b621 has been successfully formatted.
2019-10-01 20:50:03,944 [pool-393-thread-1] INFO  ratis.ContainerStateMachine (ContainerStateMachine.java:loadSnapshot(230)) - group-2AE2D412B621: The snapshot info is null. Setting the last applied indexto:(t:0, i:~)
2019-10-01 20:50:03,944 [pool-393-thread-1] INFO  server.RaftServerConfigKeys (ConfUtils.java:logGet(43)) - raft.server.notification.no-leader.timeout = 120s (custom)
2019-10-01 20:50:03,944 [pool-393-thread-1] INFO  server.RaftServerConfigKeys (ConfUtils.java:logGet(43)) - raft.server.log.use.memory = false (default)
2019-10-01 20:50:03,945 [pool-393-thread-1] INFO  server.RaftServerConfigKeys (ConfUtils.java:logGet(43)) - raft.server.log.purge.gap = 1000000 (custom)
2019-10-01 20:50:03,945 [pool-393-thread-1] INFO  server.RaftServerConfigKeys (ConfUtils.java:logGet(43)) - raft.server.log.appender.buffer.byte-limit = 33554432 (custom)
2019-10-01 20:50:03,945 [pool-393-thread-1] INFO  server.RaftServerConfigKeys (ConfUtils.java:logGet(43)) - raft.server.log.segment.size.max = 1048576 (custom)
2019-10-01 20:50:03,946 [pool-393-thread-1] INFO  server.RaftServerConfigKeys (ConfUtils.java:logGet(43)) - raft.server.log.segment.cache.num.max = 2 (custom)
2019-10-01 20:50:03,947 [pool-393-thread-1] INFO  segmented.SegmentedRaftLogWorker (SegmentedRaftLogWorker.java:<init>(173)) - new baf805c2-d82d-4db9-85fb-97e22b3fff5d@group-2AE2D412B621-SegmentedRaftLogWorker for RaftStorage:Storage Directory /workdir/hadoop-ozone/integration-test/target/test-dir/MiniOzoneClusterImpl-421878e6-6fa2-4ecb-bb16-2969c86feb8d/datanode-1/data/ratis/2bade15f-40c5-48ec-baae-2ae2d412b621
2019-10-01 20:50:03,947 [pool-393-thread-1] INFO  server.RaftServerConfigKeys (ConfUtils.java:logGet(43)) - raft.server.log.queue.byte-limit = 2147483647 (custom)
2019-10-01 20:50:03,947 [pool-393-thread-1] INFO  server.RaftServerConfigKeys (ConfUtils.java:logGet(43)) - raft.server.log.queue.element-limit = 1024 (custom)
2019-10-01 20:50:03,947 [pool-393-thread-1] INFO  server.RaftServerConfigKeys (ConfUtils.java:logGet(43)) - raft.server.log.segment.size.max = 1048576 (custom)
2019-10-01 20:50:03,947 [pool-393-thread-1] INFO  server.RaftServerConfigKeys (ConfUtils.java:logGet(43)) - raft.server.log.preallocated.size = 16384 (custom)
2019-10-01 20:50:03,947 [pool-393-thread-1] INFO  server.RaftServerConfigKeys (ConfUtils.java:logGet(43)) - raft.server.log.write.buffer.size = 33554432 (custom)
2019-10-01 20:50:03,947 [pool-393-thread-1] INFO  server.RaftServerConfigKeys (ConfUtils.java:logGet(43)) - raft.server.log.force.sync.num = 128 (default)
2019-10-01 20:50:03,947 [pool-393-thread-1] INFO  server.RaftServerConfigKeys (ConfUtils.java:logGet(43)) - raft.server.log.statemachine.data.sync = true (default)
2019-10-01 20:50:03,947 [pool-393-thread-1] INFO  server.RaftServerConfigKeys (ConfUtils.java:logGet(43)) - raft.server.log.statemachine.data.sync.timeout = 10s (default)
2019-10-01 20:50:03,948 [pool-393-thread-1] INFO  server.RaftServerConfigKeys (ConfUtils.java:logGet(43)) - raft.server.log.statemachine.data.sync.timeout.retry = -1 (default)
2019-10-01 20:50:03,948 [pool-393-thread-1] INFO  server.RaftServerConfigKeys (ConfUtils.java:logGet(43)) - raft.server.log.statemachine.data.caching.enabled = true (custom)
2019-10-01 20:50:03,948 [pool-393-thread-1] INFO  segmented.SegmentedRaftLogWorker (SegmentedRaftLogWorker.java:lambda$new$0(128)) - baf805c2-d82d-4db9-85fb-97e22b3fff5d@group-2AE2D412B621-SegmentedRaftLogWorker: flushIndex: setUnconditionally 0 -> -1
2019-10-01 20:50:03,949 [pool-393-thread-1] INFO  server.RaftServerConfigKeys (ConfUtils.java:logGet(43)) - raft.server.snapshot.auto.trigger.enabled = true (custom)
2019-10-01 20:50:03,949 [pool-393-thread-1] INFO  server.RaftServerConfigKeys (ConfUtils.java:logGet(43)) - raft.server.snapshot.auto.trigger.threshold = 10000 (custom)
2019-10-01 20:50:03,949 [pool-393-thread-1] INFO  server.RaftServerConfigKeys (ConfUtils.java:logGet(43)) - raft.server.snapshot.retention.file.num = 5 (custom)
2019-10-01 20:50:03,949 [pool-393-thread-1] INFO  server.RaftServerConfigKeys (ConfUtils.java:logGet(43)) - raft.server.retrycache.expirytime = 600000ms (custom)
2019-10-01 20:50:03,950 [pool-393-thread-1] INFO  impl.RaftServerImpl (RaftServerImpl.java:start(181)) - baf805c2-d82d-4db9-85fb-97e22b3fff5d@group-2AE2D412B621: start as a follower, conf=-1: [baf805c2-d82d-4db9-85fb-97e22b3fff5d:192.168.5.177:38782], old=null
2019-10-01 20:50:03,951 [pool-393-thread-1] INFO  impl.RaftServerImpl (RaftServerImpl.java:setRole(170)) - baf805c2-d82d-4db9-85fb-97e22b3fff5d@group-2AE2D412B621: changes role from      null to FOLLOWER at term 0 for startAsFollower
2019-10-01 20:50:03,951 [pool-393-thread-1] INFO  impl.RoleInfo (RoleInfo.java:updateAndGet(143)) - baf805c2-d82d-4db9-85fb-97e22b3fff5d: start FollowerState
2019-10-01 20:50:03,951 [pool-393-thread-1] INFO  util.JmxRegister (JmxRegister.java:tryRegister(44)) - Successfully registered JMX Bean with object name Ratis:service=RaftServer,group=group-2AE2D412B621,id=baf805c2-d82d-4db9-85fb-97e22b3fff5d
2019-10-01 20:50:03,955 [RatisPipelineUtilsThread] INFO  pipeline.PipelineStateManager (PipelineStateManager.java:addPipeline(56)) - Created pipeline Pipeline[ Id: 2bade15f-40c5-48ec-baae-2ae2d412b621, Nodes: baf805c2-d82d-4db9-85fb-97e22b3fff5d{ip: 192.168.5.177, host: pr-hdds-2213-2l6tc-3189445122, networkLocation: /default-rack, certSerialId: null}, Type:RATIS, Factor:ONE, State:OPEN]
2019-10-01 20:50:03,987 [IPC Server handler 5 on 38886] INFO  net.NetworkTopology (NetworkTopologyImpl.java:add(111)) - Added a new node: /default-rack/865957d6-a698-4fd9-9d54-29030c60b7f2
2019-10-01 20:50:03,987 [IPC Server handler 5 on 38886] INFO  node.SCMNodeManager (SCMNodeManager.java:register(266)) - Registered Data node : 865957d6-a698-4fd9-9d54-29030c60b7f2{ip: 192.168.5.177, host: pr-hdds-2213-2l6tc-3189445122, networkLocation: /default-rack, certSerialId: null}
2019-10-01 20:50:03,995 [grpc-default-executor-9] INFO  impl.RaftServerProxy (RaftServerProxy.java:addNew(89)) - 865957d6-a698-4fd9-9d54-29030c60b7f2: addNew group-B8DBA11901AF:[865957d6-a698-4fd9-9d54-29030c60b7f2:192.168.5.177:34543] returns group-B8DBA11901AF:java.util.concurrent.CompletableFuture@67675a96[Not completed]
2019-10-01 20:50:03,997 [pool-403-thread-1] INFO  impl.RaftServerImpl (RaftServerImpl.java:<init>(95)) - 865957d6-a698-4fd9-9d54-29030c60b7f2: new RaftServerImpl for group-B8DBA11901AF:[865957d6-a698-4fd9-9d54-29030c60b7f2:192.168.5.177:34543] with ContainerStateMachine:uninitialized
2019-10-01 20:50:03,997 [pool-403-thread-1] INFO  server.RaftServerConfigKeys (ConfUtils.java:logGet(43)) - raft.server.rpc.timeout.min = 5s (custom)
2019-10-01 20:50:03,997 [pool-403-thread-1] INFO  server.RaftServerConfigKeys (ConfUtils.java:logGet(43)) - raft.server.rpc.timeout.max = 5200ms (custom)
2019-10-01 20:50:03,997 [pool-403-thread-1] INFO  server.RaftServerConfigKeys (ConfUtils.java:logGet(43)) - raft.server.rpcslowness.timeout = 120s (custom)
2019-10-01 20:50:03,997 [pool-403-thread-1] INFO  server.RaftServerConfigKeys (ConfUtils.java:logGet(43)) - raft.server.sleep.deviation.threshold = 300 (default)
2019-10-01 20:50:03,997 [pool-403-thread-1] INFO  server.RaftServerConfigKeys (ConfUtils.java:logGet(43)) - raft.server.log.appender.install.snapshot.enabled = false (custom)
2019-10-01 20:50:03,997 [pool-403-thread-1] INFO  impl.RaftServerImpl (ServerState.java:<init>(103)) - 865957d6-a698-4fd9-9d54-29030c60b7f2@group-B8DBA11901AF: ConfigurationManager, init=-1: [865957d6-a698-4fd9-9d54-29030c60b7f2:192.168.5.177:34543], old=null, confs=<EMPTY_MAP>
2019-10-01 20:50:03,997 [pool-403-thread-1] INFO  server.RaftServerConfigKeys (ConfUtils.java:logGet(43)) - raft.server.storage.dir = [/workdir/hadoop-ozone/integration-test/target/test-dir/MiniOzoneClusterImpl-421878e6-6fa2-4ecb-bb16-2969c86feb8d/datanode-2/data/ratis] (custom)
2019-10-01 20:50:03,997 [pool-403-thread-1] INFO  server.RaftServerConfigKeys (ConfUtils.java:logGet(43)) - raft.server.log.corruption.policy = EXCEPTION (default)
2019-10-01 20:50:03,998 [pool-403-thread-1] INFO  storage.RaftStorageDirectory (RaftStorageDirectory.java:analyzeStorage(246)) - The storage directory /workdir/hadoop-ozone/integration-test/target/test-dir/MiniOzoneClusterImpl-421878e6-6fa2-4ecb-bb16-2969c86feb8d/datanode-2/data/ratis/e07dc3e4-95a7-4d07-9df7-b8dba11901af does not exist. Creating ...
2019-10-01 20:50:04,010 [pool-403-thread-1] INFO  storage.RaftStorageDirectory (RaftStorageDirectory.java:tryLock(328)) - Lock on /workdir/hadoop-ozone/integration-test/target/test-dir/MiniOzoneClusterImpl-421878e6-6fa2-4ecb-bb16-2969c86feb8d/datanode-2/data/ratis/e07dc3e4-95a7-4d07-9df7-b8dba11901af/in_use.lock acquired by nodename 23198@pr-hdds-2213-2l6tc-3189445122
2019-10-01 20:50:04,022 [pool-403-thread-1] INFO  storage.RaftStorage (RaftStorage.java:format(84)) - Storage directory /workdir/hadoop-ozone/integration-test/target/test-dir/MiniOzoneClusterImpl-421878e6-6fa2-4ecb-bb16-2969c86feb8d/datanode-2/data/ratis/e07dc3e4-95a7-4d07-9df7-b8dba11901af has been successfully formatted.
2019-10-01 20:50:04,022 [pool-403-thread-1] INFO  ratis.ContainerStateMachine (ContainerStateMachine.java:loadSnapshot(230)) - group-B8DBA11901AF: The snapshot info is null. Setting the last applied indexto:(t:0, i:~)
2019-10-01 20:50:04,022 [pool-403-thread-1] INFO  server.RaftServerConfigKeys (ConfUtils.java:logGet(43)) - raft.server.notification.no-leader.timeout = 120s (custom)
2019-10-01 20:50:04,022 [pool-403-thread-1] INFO  server.RaftServerConfigKeys (ConfUtils.java:logGet(43)) - raft.server.log.use.memory = false (default)
2019-10-01 20:50:04,023 [pool-403-thread-1] INFO  server.RaftServerConfigKeys (ConfUtils.java:logGet(43)) - raft.server.log.purge.gap = 1000000 (custom)
2019-10-01 20:50:04,023 [pool-403-thread-1] INFO  server.RaftServerConfigKeys (ConfUtils.java:logGet(43)) - raft.server.log.appender.buffer.byte-limit = 33554432 (custom)
2019-10-01 20:50:04,023 [pool-403-thread-1] INFO  server.RaftServerConfigKeys (ConfUtils.java:logGet(43)) - raft.server.log.segment.size.max = 1048576 (custom)
2019-10-01 20:50:04,024 [pool-403-thread-1] INFO  server.RaftServerConfigKeys (ConfUtils.java:logGet(43)) - raft.server.log.segment.cache.num.max = 2 (custom)
2019-10-01 20:50:04,024 [pool-403-thread-1] INFO  segmented.SegmentedRaftLogWorker (SegmentedRaftLogWorker.java:<init>(173)) - new 865957d6-a698-4fd9-9d54-29030c60b7f2@group-B8DBA11901AF-SegmentedRaftLogWorker for RaftStorage:Storage Directory /workdir/hadoop-ozone/integration-test/target/test-dir/MiniOzoneClusterImpl-421878e6-6fa2-4ecb-bb16-2969c86feb8d/datanode-2/data/ratis/e07dc3e4-95a7-4d07-9df7-b8dba11901af
2019-10-01 20:50:04,024 [pool-403-thread-1] INFO  server.RaftServerConfigKeys (ConfUtils.java:logGet(43)) - raft.server.log.queue.byte-limit = 2147483647 (custom)
2019-10-01 20:50:04,024 [pool-403-thread-1] INFO  server.RaftServerConfigKeys (ConfUtils.java:logGet(43)) - raft.server.log.queue.element-limit = 1024 (custom)
2019-10-01 20:50:04,024 [pool-403-thread-1] INFO  server.RaftServerConfigKeys (ConfUtils.java:logGet(43)) - raft.server.log.segment.size.max = 1048576 (custom)
2019-10-01 20:50:04,024 [pool-403-thread-1] INFO  server.RaftServerConfigKeys (ConfUtils.java:logGet(43)) - raft.server.log.preallocated.size = 16384 (custom)
2019-10-01 20:50:04,025 [pool-403-thread-1] INFO  server.RaftServerConfigKeys (ConfUtils.java:logGet(43)) - raft.server.log.write.buffer.size = 33554432 (custom)
2019-10-01 20:50:04,025 [pool-403-thread-1] INFO  server.RaftServerConfigKeys (ConfUtils.java:logGet(43)) - raft.server.log.force.sync.num = 128 (default)
2019-10-01 20:50:04,025 [pool-403-thread-1] INFO  server.RaftServerConfigKeys (ConfUtils.java:logGet(43)) - raft.server.log.statemachine.data.sync = true (default)
2019-10-01 20:50:04,025 [pool-403-thread-1] INFO  server.RaftServerConfigKeys (ConfUtils.java:logGet(43)) - raft.server.log.statemachine.data.sync.timeout = 10s (default)
2019-10-01 20:50:04,025 [pool-403-thread-1] INFO  server.RaftServerConfigKeys (ConfUtils.java:logGet(43)) - raft.server.log.statemachine.data.sync.timeout.retry = -1 (default)
2019-10-01 20:50:04,025 [pool-403-thread-1] INFO  server.RaftServerConfigKeys (ConfUtils.java:logGet(43)) - raft.server.log.statemachine.data.caching.enabled = true (custom)
2019-10-01 20:50:04,025 [pool-403-thread-1] INFO  segmented.SegmentedRaftLogWorker (SegmentedRaftLogWorker.java:lambda$new$0(128)) - 865957d6-a698-4fd9-9d54-29030c60b7f2@group-B8DBA11901AF-SegmentedRaftLogWorker: flushIndex: setUnconditionally 0 -> -1
2019-10-01 20:50:04,026 [pool-403-thread-1] INFO  server.RaftServerConfigKeys (ConfUtils.java:logGet(43)) - raft.server.snapshot.auto.trigger.enabled = true (custom)
2019-10-01 20:50:04,026 [pool-403-thread-1] INFO  server.RaftServerConfigKeys (ConfUtils.java:logGet(43)) - raft.server.snapshot.auto.trigger.threshold = 10000 (custom)
2019-10-01 20:50:04,026 [pool-403-thread-1] INFO  server.RaftServerConfigKeys (ConfUtils.java:logGet(43)) - raft.server.snapshot.retention.file.num = 5 (custom)
2019-10-01 20:50:04,026 [pool-403-thread-1] INFO  server.RaftServerConfigKeys (ConfUtils.java:logGet(43)) - raft.server.retrycache.expirytime = 600000ms (custom)
2019-10-01 20:50:04,027 [pool-403-thread-1] INFO  impl.RaftServerImpl (RaftServerImpl.java:start(181)) - 865957d6-a698-4fd9-9d54-29030c60b7f2@group-B8DBA11901AF: start as a follower, conf=-1: [865957d6-a698-4fd9-9d54-29030c60b7f2:192.168.5.177:34543], old=null
2019-10-01 20:50:04,027 [pool-403-thread-1] INFO  impl.RaftServerImpl (RaftServerImpl.java:setRole(170)) - 865957d6-a698-4fd9-9d54-29030c60b7f2@group-B8DBA11901AF: changes role from      null to FOLLOWER at term 0 for startAsFollower
2019-10-01 20:50:04,027 [pool-403-thread-1] INFO  impl.RoleInfo (RoleInfo.java:updateAndGet(143)) - 865957d6-a698-4fd9-9d54-29030c60b7f2: start FollowerState
2019-10-01 20:50:04,028 [pool-403-thread-1] INFO  util.JmxRegister (JmxRegister.java:tryRegister(44)) - Successfully registered JMX Bean with object name Ratis:service=RaftServer,group=group-B8DBA11901AF,id=865957d6-a698-4fd9-9d54-29030c60b7f2
2019-10-01 20:50:04,031 [RatisPipelineUtilsThread] INFO  pipeline.PipelineStateManager (PipelineStateManager.java:addPipeline(56)) - Created pipeline Pipeline[ Id: e07dc3e4-95a7-4d07-9df7-b8dba11901af, Nodes: 865957d6-a698-4fd9-9d54-29030c60b7f2{ip: 192.168.5.177, host: pr-hdds-2213-2l6tc-3189445122, networkLocation: /default-rack, certSerialId: null}, Type:RATIS, Factor:ONE, State:OPEN]
2019-10-01 20:50:04,049 [grpc-default-executor-8] INFO  impl.RaftServerProxy (RaftServerProxy.java:addNew(89)) - 865957d6-a698-4fd9-9d54-29030c60b7f2: addNew group-B303CFFAF257:[b9f3e374-3782-44bb-9f99-14eb65aa24c4:192.168.5.177:41537, baf805c2-d82d-4db9-85fb-97e22b3fff5d:192.168.5.177:38782, 865957d6-a698-4fd9-9d54-29030c60b7f2:192.168.5.177:34543] returns group-B303CFFAF257:java.util.concurrent.CompletableFuture@4ffbfab0[Not completed]
2019-10-01 20:50:04,049 [grpc-default-executor-0] INFO  impl.RaftServerProxy (RaftServerProxy.java:addNew(89)) - b9f3e374-3782-44bb-9f99-14eb65aa24c4: addNew group-B303CFFAF257:[b9f3e374-3782-44bb-9f99-14eb65aa24c4:192.168.5.177:41537, baf805c2-d82d-4db9-85fb-97e22b3fff5d:192.168.5.177:38782, 865957d6-a698-4fd9-9d54-29030c60b7f2:192.168.5.177:34543] returns group-B303CFFAF257:java.util.concurrent.CompletableFuture@633c342c[Not completed]
2019-10-01 20:50:04,049 [grpc-default-executor-9] INFO  impl.RaftServerProxy (RaftServerProxy.java:addNew(89)) - baf805c2-d82d-4db9-85fb-97e22b3fff5d: addNew group-B303CFFAF257:[b9f3e374-3782-44bb-9f99-14eb65aa24c4:192.168.5.177:41537, baf805c2-d82d-4db9-85fb-97e22b3fff5d:192.168.5.177:38782, 865957d6-a698-4fd9-9d54-29030c60b7f2:192.168.5.177:34543] returns group-B303CFFAF257:java.util.concurrent.CompletableFuture@3e5d5dc4[Not completed]
2019-10-01 20:50:04,050 [pool-383-thread-1] INFO  impl.RaftServerImpl (RaftServerImpl.java:<init>(95)) - b9f3e374-3782-44bb-9f99-14eb65aa24c4: new RaftServerImpl for group-B303CFFAF257:[b9f3e374-3782-44bb-9f99-14eb65aa24c4:192.168.5.177:41537, baf805c2-d82d-4db9-85fb-97e22b3fff5d:192.168.5.177:38782, 865957d6-a698-4fd9-9d54-29030c60b7f2:192.168.5.177:34543] with ContainerStateMachine:uninitialized
2019-10-01 20:50:04,050 [pool-383-thread-1] INFO  server.RaftServerConfigKeys (ConfUtils.java:logGet(43)) - raft.server.rpc.timeout.min = 5s (custom)
2019-10-01 20:50:04,050 [pool-383-thread-1] INFO  server.RaftServerConfigKeys (ConfUtils.java:logGet(43)) - raft.server.rpc.timeout.max = 5200ms (custom)
2019-10-01 20:50:04,050 [pool-383-thread-1] INFO  server.RaftServerConfigKeys (ConfUtils.java:logGet(43)) - raft.server.rpcslowness.timeout = 120s (custom)
2019-10-01 20:50:04,050 [pool-383-thread-1] INFO  server.RaftServerConfigKeys (ConfUtils.java:logGet(43)) - raft.server.sleep.deviation.threshold = 300 (default)
2019-10-01 20:50:04,050 [pool-383-thread-1] INFO  server.RaftServerConfigKeys (ConfUtils.java:logGet(43)) - raft.server.log.appender.install.snapshot.enabled = false (custom)
2019-10-01 20:50:04,050 [pool-393-thread-1] INFO  impl.RaftServerImpl (RaftServerImpl.java:<init>(95)) - baf805c2-d82d-4db9-85fb-97e22b3fff5d: new RaftServerImpl for group-B303CFFAF257:[b9f3e374-3782-44bb-9f99-14eb65aa24c4:192.168.5.177:41537, baf805c2-d82d-4db9-85fb-97e22b3fff5d:192.168.5.177:38782, 865957d6-a698-4fd9-9d54-29030c60b7f2:192.168.5.177:34543] with ContainerStateMachine:uninitialized
2019-10-01 20:50:04,050 [pool-383-thread-1] INFO  impl.RaftServerImpl (ServerState.java:<init>(103)) - b9f3e374-3782-44bb-9f99-14eb65aa24c4@group-B303CFFAF257: ConfigurationManager, init=-1: [b9f3e374-3782-44bb-9f99-14eb65aa24c4:192.168.5.177:41537, baf805c2-d82d-4db9-85fb-97e22b3fff5d:192.168.5.177:38782, 865957d6-a698-4fd9-9d54-29030c60b7f2:192.168.5.177:34543], old=null, confs=<EMPTY_MAP>
2019-10-01 20:50:04,050 [pool-393-thread-1] INFO  server.RaftServerConfigKeys (ConfUtils.java:logGet(43)) - raft.server.rpc.timeout.min = 5s (custom)
2019-10-01 20:50:04,051 [pool-403-thread-1] INFO  impl.RaftServerImpl (RaftServerImpl.java:<init>(95)) - 865957d6-a698-4fd9-9d54-29030c60b7f2: new RaftServerImpl for group-B303CFFAF257:[b9f3e374-3782-44bb-9f99-14eb65aa24c4:192.168.5.177:41537, baf805c2-d82d-4db9-85fb-97e22b3fff5d:192.168.5.177:38782, 865957d6-a698-4fd9-9d54-29030c60b7f2:192.168.5.177:34543] with ContainerStateMachine:uninitialized
2019-10-01 20:50:04,051 [pool-383-thread-1] INFO  server.RaftServerConfigKeys (ConfUtils.java:logGet(43)) - raft.server.storage.dir = [/workdir/hadoop-ozone/integration-test/target/test-dir/MiniOzoneClusterImpl-421878e6-6fa2-4ecb-bb16-2969c86feb8d/datanode-0/data/ratis] (custom)
2019-10-01 20:50:04,051 [pool-403-thread-1] INFO  server.RaftServerConfigKeys (ConfUtils.java:logGet(43)) - raft.server.rpc.timeout.min = 5s (custom)
2019-10-01 20:50:04,051 [pool-393-thread-1] INFO  server.RaftServerConfigKeys (ConfUtils.java:logGet(43)) - raft.server.rpc.timeout.max = 5200ms (custom)
2019-10-01 20:50:04,051 [pool-383-thread-1] INFO  server.RaftServerConfigKeys (ConfUtils.java:logGet(43)) - raft.server.log.corruption.policy = EXCEPTION (default)
2019-10-01 20:50:04,051 [pool-403-thread-1] INFO  server.RaftServerConfigKeys (ConfUtils.java:logGet(43)) - raft.server.rpc.timeout.max = 5200ms (custom)
2019-10-01 20:50:04,051 [pool-383-thread-1] INFO  storage.RaftStorageDirectory (RaftStorageDirectory.java:analyzeStorage(246)) - The storage directory /workdir/hadoop-ozone/integration-test/target/test-dir/MiniOzoneClusterImpl-421878e6-6fa2-4ecb-bb16-2969c86feb8d/datanode-0/data/ratis/43a956e9-6b0e-458c-a56d-b303cffaf257 does not exist. Creating ...
2019-10-01 20:50:04,051 [pool-393-thread-1] INFO  server.RaftServerConfigKeys (ConfUtils.java:logGet(43)) - raft.server.rpcslowness.timeout = 120s (custom)
2019-10-01 20:50:04,051 [pool-403-thread-1] INFO  server.RaftServerConfigKeys (ConfUtils.java:logGet(43)) - raft.server.rpcslowness.timeout = 120s (custom)
2019-10-01 20:50:04,051 [pool-393-thread-1] INFO  server.RaftServerConfigKeys (ConfUtils.java:logGet(43)) - raft.server.sleep.deviation.threshold = 300 (default)
2019-10-01 20:50:04,051 [pool-403-thread-1] INFO  server.RaftServerConfigKeys (ConfUtils.java:logGet(43)) - raft.server.sleep.deviation.threshold = 300 (default)
2019-10-01 20:50:04,052 [pool-393-thread-1] INFO  server.RaftServerConfigKeys (ConfUtils.java:logGet(43)) - raft.server.log.appender.install.snapshot.enabled = false (custom)
2019-10-01 20:50:04,052 [pool-403-thread-1] INFO  server.RaftServerConfigKeys (ConfUtils.java:logGet(43)) - raft.server.log.appender.install.snapshot.enabled = false (custom)
2019-10-01 20:50:04,052 [pool-393-thread-1] INFO  impl.RaftServerImpl (ServerState.java:<init>(103)) - baf805c2-d82d-4db9-85fb-97e22b3fff5d@group-B303CFFAF257: ConfigurationManager, init=-1: [b9f3e374-3782-44bb-9f99-14eb65aa24c4:192.168.5.177:41537, baf805c2-d82d-4db9-85fb-97e22b3fff5d:192.168.5.177:38782, 865957d6-a698-4fd9-9d54-29030c60b7f2:192.168.5.177:34543], old=null, confs=<EMPTY_MAP>
2019-10-01 20:50:04,052 [pool-403-thread-1] INFO  impl.RaftServerImpl (ServerState.java:<init>(103)) - 865957d6-a698-4fd9-9d54-29030c60b7f2@group-B303CFFAF257: ConfigurationManager, init=-1: [b9f3e374-3782-44bb-9f99-14eb65aa24c4:192.168.5.177:41537, baf805c2-d82d-4db9-85fb-97e22b3fff5d:192.168.5.177:38782, 865957d6-a698-4fd9-9d54-29030c60b7f2:192.168.5.177:34543], old=null, confs=<EMPTY_MAP>
2019-10-01 20:50:04,052 [pool-393-thread-1] INFO  server.RaftServerConfigKeys (ConfUtils.java:logGet(43)) - raft.server.storage.dir = [/workdir/hadoop-ozone/integration-test/target/test-dir/MiniOzoneClusterImpl-421878e6-6fa2-4ecb-bb16-2969c86feb8d/datanode-1/data/ratis] (custom)
2019-10-01 20:50:04,052 [pool-403-thread-1] INFO  server.RaftServerConfigKeys (ConfUtils.java:logGet(43)) - raft.server.storage.dir = [/workdir/hadoop-ozone/integration-test/target/test-dir/MiniOzoneClusterImpl-421878e6-6fa2-4ecb-bb16-2969c86feb8d/datanode-2/data/ratis] (custom)
2019-10-01 20:50:04,052 [pool-393-thread-1] INFO  server.RaftServerConfigKeys (ConfUtils.java:logGet(43)) - raft.server.log.corruption.policy = EXCEPTION (default)
2019-10-01 20:50:04,052 [pool-403-thread-1] INFO  server.RaftServerConfigKeys (ConfUtils.java:logGet(43)) - raft.server.log.corruption.policy = EXCEPTION (default)
2019-10-01 20:50:04,052 [pool-393-thread-1] INFO  storage.RaftStorageDirectory (RaftStorageDirectory.java:analyzeStorage(246)) - The storage directory /workdir/hadoop-ozone/integration-test/target/test-dir/MiniOzoneClusterImpl-421878e6-6fa2-4ecb-bb16-2969c86feb8d/datanode-1/data/ratis/43a956e9-6b0e-458c-a56d-b303cffaf257 does not exist. Creating ...
2019-10-01 20:50:04,052 [pool-403-thread-1] INFO  storage.RaftStorageDirectory (RaftStorageDirectory.java:analyzeStorage(246)) - The storage directory /workdir/hadoop-ozone/integration-test/target/test-dir/MiniOzoneClusterImpl-421878e6-6fa2-4ecb-bb16-2969c86feb8d/datanode-2/data/ratis/43a956e9-6b0e-458c-a56d-b303cffaf257 does not exist. Creating ...
2019-10-01 20:50:04,060 [IPC Server handler 8 on 38886] INFO  net.NetworkTopology (NetworkTopologyImpl.java:add(111)) - Added a new node: /default-rack/be578bb6-8427-4561-a972-b36fbc0bb82d
2019-10-01 20:50:04,060 [IPC Server handler 8 on 38886] INFO  node.SCMNodeManager (SCMNodeManager.java:register(266)) - Registered Data node : be578bb6-8427-4561-a972-b36fbc0bb82d{ip: 192.168.5.177, host: pr-hdds-2213-2l6tc-3189445122, networkLocation: /default-rack, certSerialId: null}
2019-10-01 20:50:04,064 [pool-393-thread-1] INFO  storage.RaftStorageDirectory (RaftStorageDirectory.java:tryLock(328)) - Lock on /workdir/hadoop-ozone/integration-test/target/test-dir/MiniOzoneClusterImpl-421878e6-6fa2-4ecb-bb16-2969c86feb8d/datanode-1/data/ratis/43a956e9-6b0e-458c-a56d-b303cffaf257/in_use.lock acquired by nodename 23198@pr-hdds-2213-2l6tc-3189445122
2019-10-01 20:50:04,064 [pool-403-thread-1] INFO  storage.RaftStorageDirectory (RaftStorageDirectory.java:tryLock(328)) - Lock on /workdir/hadoop-ozone/integration-test/target/test-dir/MiniOzoneClusterImpl-421878e6-6fa2-4ecb-bb16-2969c86feb8d/datanode-2/data/ratis/43a956e9-6b0e-458c-a56d-b303cffaf257/in_use.lock acquired by nodename 23198@pr-hdds-2213-2l6tc-3189445122
2019-10-01 20:50:04,064 [pool-383-thread-1] INFO  storage.RaftStorageDirectory (RaftStorageDirectory.java:tryLock(328)) - Lock on /workdir/hadoop-ozone/integration-test/target/test-dir/MiniOzoneClusterImpl-421878e6-6fa2-4ecb-bb16-2969c86feb8d/datanode-0/data/ratis/43a956e9-6b0e-458c-a56d-b303cffaf257/in_use.lock acquired by nodename 23198@pr-hdds-2213-2l6tc-3189445122
2019-10-01 20:50:04,078 [pool-403-thread-1] INFO  storage.RaftStorage (RaftStorage.java:format(84)) - Storage directory /workdir/hadoop-ozone/integration-test/target/test-dir/MiniOzoneClusterImpl-421878e6-6fa2-4ecb-bb16-2969c86feb8d/datanode-2/data/ratis/43a956e9-6b0e-458c-a56d-b303cffaf257 has been successfully formatted.
2019-10-01 20:50:04,078 [pool-393-thread-1] INFO  storage.RaftStorage (RaftStorage.java:format(84)) - Storage directory /workdir/hadoop-ozone/integration-test/target/test-dir/MiniOzoneClusterImpl-421878e6-6fa2-4ecb-bb16-2969c86feb8d/datanode-1/data/ratis/43a956e9-6b0e-458c-a56d-b303cffaf257 has been successfully formatted.
2019-10-01 20:50:04,078 [pool-383-thread-1] INFO  storage.RaftStorage (RaftStorage.java:format(84)) - Storage directory /workdir/hadoop-ozone/integration-test/target/test-dir/MiniOzoneClusterImpl-421878e6-6fa2-4ecb-bb16-2969c86feb8d/datanode-0/data/ratis/43a956e9-6b0e-458c-a56d-b303cffaf257 has been successfully formatted.
2019-10-01 20:50:04,078 [pool-403-thread-1] INFO  ratis.ContainerStateMachine (ContainerStateMachine.java:loadSnapshot(230)) - group-B303CFFAF257: The snapshot info is null. Setting the last applied indexto:(t:0, i:~)
2019-10-01 20:50:04,078 [pool-383-thread-1] INFO  ratis.ContainerStateMachine (ContainerStateMachine.java:loadSnapshot(230)) - group-B303CFFAF257: The snapshot info is null. Setting the last applied indexto:(t:0, i:~)
2019-10-01 20:50:04,078 [pool-403-thread-1] INFO  server.RaftServerConfigKeys (ConfUtils.java:logGet(43)) - raft.server.notification.no-leader.timeout = 120s (custom)
2019-10-01 20:50:04,078 [pool-383-thread-1] INFO  server.RaftServerConfigKeys (ConfUtils.java:logGet(43)) - raft.server.notification.no-leader.timeout = 120s (custom)
2019-10-01 20:50:04,078 [pool-403-thread-1] INFO  server.RaftServerConfigKeys (ConfUtils.java:logGet(43)) - raft.server.log.use.memory = false (default)
2019-10-01 20:50:04,078 [pool-393-thread-1] INFO  ratis.ContainerStateMachine (ContainerStateMachine.java:loadSnapshot(230)) - group-B303CFFAF257: The snapshot info is null. Setting the last applied indexto:(t:0, i:~)
2019-10-01 20:50:04,078 [pool-383-thread-1] INFO  server.RaftServerConfigKeys (ConfUtils.java:logGet(43)) - raft.server.log.use.memory = false (default)
2019-10-01 20:50:04,079 [pool-393-thread-1] INFO  server.RaftServerConfigKeys (ConfUtils.java:logGet(43)) - raft.server.notification.no-leader.timeout = 120s (custom)
2019-10-01 20:50:04,078 [pool-403-thread-1] INFO  server.RaftServerConfigKeys (ConfUtils.java:logGet(43)) - raft.server.log.purge.gap = 1000000 (custom)
2019-10-01 20:50:04,079 [pool-393-thread-1] INFO  server.RaftServerConfigKeys (ConfUtils.java:logGet(43)) - raft.server.log.use.memory = false (default)
2019-10-01 20:50:04,079 [pool-383-thread-1] INFO  server.RaftServerConfigKeys (ConfUtils.java:logGet(43)) - raft.server.log.purge.gap = 1000000 (custom)
2019-10-01 20:50:04,079 [pool-393-thread-1] INFO  server.RaftServerConfigKeys (ConfUtils.java:logGet(43)) - raft.server.log.purge.gap = 1000000 (custom)
2019-10-01 20:50:04,079 [pool-403-thread-1] INFO  server.RaftServerConfigKeys (ConfUtils.java:logGet(43)) - raft.server.log.appender.buffer.byte-limit = 33554432 (custom)
2019-10-01 20:50:04,079 [pool-393-thread-1] INFO  server.RaftServerConfigKeys (ConfUtils.java:logGet(43)) - raft.server.log.appender.buffer.byte-limit = 33554432 (custom)
2019-10-01 20:50:04,079 [pool-383-thread-1] INFO  server.RaftServerConfigKeys (ConfUtils.java:logGet(43)) - raft.server.log.appender.buffer.byte-limit = 33554432 (custom)
2019-10-01 20:50:04,079 [pool-393-thread-1] INFO  server.RaftServerConfigKeys (ConfUtils.java:logGet(43)) - raft.server.log.segment.size.max = 1048576 (custom)
2019-10-01 20:50:04,079 [pool-403-thread-1] INFO  server.RaftServerConfigKeys (ConfUtils.java:logGet(43)) - raft.server.log.segment.size.max = 1048576 (custom)
2019-10-01 20:50:04,080 [pool-393-thread-1] INFO  server.RaftServerConfigKeys (ConfUtils.java:logGet(43)) - raft.server.log.segment.cache.num.max = 2 (custom)
2019-10-01 20:50:04,079 [pool-383-thread-1] INFO  server.RaftServerConfigKeys (ConfUtils.java:logGet(43)) - raft.server.log.segment.size.max = 1048576 (custom)
2019-10-01 20:50:04,080 [pool-393-thread-1] INFO  segmented.SegmentedRaftLogWorker (SegmentedRaftLogWorker.java:<init>(173)) - new baf805c2-d82d-4db9-85fb-97e22b3fff5d@group-B303CFFAF257-SegmentedRaftLogWorker for RaftStorage:Storage Directory /workdir/hadoop-ozone/integration-test/target/test-dir/MiniOzoneClusterImpl-421878e6-6fa2-4ecb-bb16-2969c86feb8d/datanode-1/data/ratis/43a956e9-6b0e-458c-a56d-b303cffaf257
2019-10-01 20:50:04,080 [pool-403-thread-1] INFO  server.RaftServerConfigKeys (ConfUtils.java:logGet(43)) - raft.server.log.segment.cache.num.max = 2 (custom)
2019-10-01 20:50:04,080 [pool-393-thread-1] INFO  server.RaftServerConfigKeys (ConfUtils.java:logGet(43)) - raft.server.log.queue.byte-limit = 2147483647 (custom)
2019-10-01 20:50:04,080 [pool-393-thread-1] INFO  server.RaftServerConfigKeys (ConfUtils.java:logGet(43)) - raft.server.log.queue.element-limit = 1024 (custom)
2019-10-01 20:50:04,080 [pool-383-thread-1] INFO  server.RaftServerConfigKeys (ConfUtils.java:logGet(43)) - raft.server.log.segment.cache.num.max = 2 (custom)
2019-10-01 20:50:04,080 [pool-393-thread-1] INFO  server.RaftServerConfigKeys (ConfUtils.java:logGet(43)) - raft.server.log.segment.size.max = 1048576 (custom)
2019-10-01 20:50:04,080 [pool-403-thread-1] INFO  segmented.SegmentedRaftLogWorker (SegmentedRaftLogWorker.java:<init>(173)) - new 865957d6-a698-4fd9-9d54-29030c60b7f2@group-B303CFFAF257-SegmentedRaftLogWorker for RaftStorage:Storage Directory /workdir/hadoop-ozone/integration-test/target/test-dir/MiniOzoneClusterImpl-421878e6-6fa2-4ecb-bb16-2969c86feb8d/datanode-2/data/ratis/43a956e9-6b0e-458c-a56d-b303cffaf257
2019-10-01 20:50:04,080 [pool-393-thread-1] INFO  server.RaftServerConfigKeys (ConfUtils.java:logGet(43)) - raft.server.log.preallocated.size = 16384 (custom)
2019-10-01 20:50:04,080 [pool-383-thread-1] INFO  segmented.SegmentedRaftLogWorker (SegmentedRaftLogWorker.java:<init>(173)) - new b9f3e374-3782-44bb-9f99-14eb65aa24c4@group-B303CFFAF257-SegmentedRaftLogWorker for RaftStorage:Storage Directory /workdir/hadoop-ozone/integration-test/target/test-dir/MiniOzoneClusterImpl-421878e6-6fa2-4ecb-bb16-2969c86feb8d/datanode-0/data/ratis/43a956e9-6b0e-458c-a56d-b303cffaf257
2019-10-01 20:50:04,081 [pool-393-thread-1] INFO  server.RaftServerConfigKeys (ConfUtils.java:logGet(43)) - raft.server.log.write.buffer.size = 33554432 (custom)
2019-10-01 20:50:04,081 [pool-403-thread-1] INFO  server.RaftServerConfigKeys (ConfUtils.java:logGet(43)) - raft.server.log.queue.byte-limit = 2147483647 (custom)
2019-10-01 20:50:04,081 [pool-393-thread-1] INFO  server.RaftServerConfigKeys (ConfUtils.java:logGet(43)) - raft.server.log.force.sync.num = 128 (default)
2019-10-01 20:50:04,081 [pool-383-thread-1] INFO  server.RaftServerConfigKeys (ConfUtils.java:logGet(43)) - raft.server.log.queue.byte-limit = 2147483647 (custom)
2019-10-01 20:50:04,081 [pool-393-thread-1] INFO  server.RaftServerConfigKeys (ConfUtils.java:logGet(43)) - raft.server.log.statemachine.data.sync = true (default)
2019-10-01 20:50:04,081 [pool-403-thread-1] INFO  server.RaftServerConfigKeys (ConfUtils.java:logGet(43)) - raft.server.log.queue.element-limit = 1024 (custom)
2019-10-01 20:50:04,081 [pool-393-thread-1] INFO  server.RaftServerConfigKeys (ConfUtils.java:logGet(43)) - raft.server.log.statemachine.data.sync.timeout = 10s (default)
2019-10-01 20:50:04,081 [pool-383-thread-1] INFO  server.RaftServerConfigKeys (ConfUtils.java:logGet(43)) - raft.server.log.queue.element-limit = 1024 (custom)
2019-10-01 20:50:04,081 [pool-393-thread-1] INFO  server.RaftServerConfigKeys (ConfUtils.java:logGet(43)) - raft.server.log.statemachine.data.sync.timeout.retry = -1 (default)
2019-10-01 20:50:04,081 [pool-403-thread-1] INFO  server.RaftServerConfigKeys (ConfUtils.java:logGet(43)) - raft.server.log.segment.size.max = 1048576 (custom)
2019-10-01 20:50:04,082 [pool-393-thread-1] INFO  server.RaftServerConfigKeys (ConfUtils.java:logGet(43)) - raft.server.log.statemachine.data.caching.enabled = true (custom)
2019-10-01 20:50:04,082 [pool-383-thread-1] INFO  server.RaftServerConfigKeys (ConfUtils.java:logGet(43)) - raft.server.log.segment.size.max = 1048576 (custom)
2019-10-01 20:50:04,082 [pool-403-thread-1] INFO  server.RaftServerConfigKeys (ConfUtils.java:logGet(43)) - raft.server.log.preallocated.size = 16384 (custom)
2019-10-01 20:50:04,082 [pool-393-thread-1] INFO  segmented.SegmentedRaftLogWorker (SegmentedRaftLogWorker.java:lambda$new$0(128)) - baf805c2-d82d-4db9-85fb-97e22b3fff5d@group-B303CFFAF257-SegmentedRaftLogWorker: flushIndex: setUnconditionally 0 -> -1
2019-10-01 20:50:04,082 [pool-383-thread-1] INFO  server.RaftServerConfigKeys (ConfUtils.java:logGet(43)) - raft.server.log.preallocated.size = 16384 (custom)
2019-10-01 20:50:04,082 [pool-403-thread-1] INFO  server.RaftServerConfigKeys (ConfUtils.java:logGet(43)) - raft.server.log.write.buffer.size = 33554432 (custom)
2019-10-01 20:50:04,082 [pool-393-thread-1] INFO  server.RaftServerConfigKeys (ConfUtils.java:logGet(43)) - raft.server.snapshot.auto.trigger.enabled = true (custom)
2019-10-01 20:50:04,082 [pool-383-thread-1] INFO  server.RaftServerConfigKeys (ConfUtils.java:logGet(43)) - raft.server.log.write.buffer.size = 33554432 (custom)
2019-10-01 20:50:04,082 [pool-393-thread-1] INFO  server.RaftServerConfigKeys (ConfUtils.java:logGet(43)) - raft.server.snapshot.auto.trigger.threshold = 10000 (custom)
2019-10-01 20:50:04,082 [pool-403-thread-1] INFO  server.RaftServerConfigKeys (ConfUtils.java:logGet(43)) - raft.server.log.force.sync.num = 128 (default)
2019-10-01 20:50:04,083 [pool-393-thread-1] INFO  server.RaftServerConfigKeys (ConfUtils.java:logGet(43)) - raft.server.snapshot.retention.file.num = 5 (custom)
2019-10-01 20:50:04,082 [pool-383-thread-1] INFO  server.RaftServerConfigKeys (ConfUtils.java:logGet(43)) - raft.server.log.force.sync.num = 128 (default)
2019-10-01 20:50:04,083 [pool-393-thread-1] INFO  server.RaftServerConfigKeys (ConfUtils.java:logGet(43)) - raft.server.retrycache.expirytime = 600000ms (custom)
2019-10-01 20:50:04,083 [pool-403-thread-1] INFO  server.RaftServerConfigKeys (ConfUtils.java:logGet(43)) - raft.server.log.statemachine.data.sync = true (default)
2019-10-01 20:50:04,083 [pool-383-thread-1] INFO  server.RaftServerConfigKeys (ConfUtils.java:logGet(43)) - raft.server.log.statemachine.data.sync = true (default)
2019-10-01 20:50:04,083 [pool-403-thread-1] INFO  server.RaftServerConfigKeys (ConfUtils.java:logGet(43)) - raft.server.log.statemachine.data.sync.timeout = 10s (default)
2019-10-01 20:50:04,083 [pool-383-thread-1] INFO  server.RaftServerConfigKeys (ConfUtils.java:logGet(43)) - raft.server.log.statemachine.data.sync.timeout = 10s (default)
2019-10-01 20:50:04,083 [pool-403-thread-1] INFO  server.RaftServerConfigKeys (ConfUtils.java:logGet(43)) - raft.server.log.statemachine.data.sync.timeout.retry = -1 (default)
2019-10-01 20:50:04,083 [pool-383-thread-1] INFO  server.RaftServerConfigKeys (ConfUtils.java:logGet(43)) - raft.server.log.statemachine.data.sync.timeout.retry = -1 (default)
2019-10-01 20:50:04,084 [pool-403-thread-1] INFO  server.RaftServerConfigKeys (ConfUtils.java:logGet(43)) - raft.server.log.statemachine.data.caching.enabled = true (custom)
2019-10-01 20:50:04,084 [pool-383-thread-1] INFO  server.RaftServerConfigKeys (ConfUtils.java:logGet(43)) - raft.server.log.statemachine.data.caching.enabled = true (custom)
2019-10-01 20:50:04,084 [pool-403-thread-1] INFO  segmented.SegmentedRaftLogWorker (SegmentedRaftLogWorker.java:lambda$new$0(128)) - 865957d6-a698-4fd9-9d54-29030c60b7f2@group-B303CFFAF257-SegmentedRaftLogWorker: flushIndex: setUnconditionally 0 -> -1
2019-10-01 20:50:04,084 [pool-383-thread-1] INFO  segmented.SegmentedRaftLogWorker (SegmentedRaftLogWorker.java:lambda$new$0(128)) - b9f3e374-3782-44bb-9f99-14eb65aa24c4@group-B303CFFAF257-SegmentedRaftLogWorker: flushIndex: setUnconditionally 0 -> -1
2019-10-01 20:50:04,084 [pool-403-thread-1] INFO  server.RaftServerConfigKeys (ConfUtils.java:logGet(43)) - raft.server.snapshot.auto.trigger.enabled = true (custom)
2019-10-01 20:50:04,084 [pool-383-thread-1] INFO  server.RaftServerConfigKeys (ConfUtils.java:logGet(43)) - raft.server.snapshot.auto.trigger.enabled = true (custom)
2019-10-01 20:50:04,084 [pool-393-thread-1] INFO  impl.RaftServerImpl (RaftServerImpl.java:start(181)) - baf805c2-d82d-4db9-85fb-97e22b3fff5d@group-B303CFFAF257: start as a follower, conf=-1: [b9f3e374-3782-44bb-9f99-14eb65aa24c4:192.168.5.177:41537, baf805c2-d82d-4db9-85fb-97e22b3fff5d:192.168.5.177:38782, 865957d6-a698-4fd9-9d54-29030c60b7f2:192.168.5.177:34543], old=null
2019-10-01 20:50:04,084 [pool-383-thread-1] INFO  server.RaftServerConfigKeys (ConfUtils.java:logGet(43)) - raft.server.snapshot.auto.trigger.threshold = 10000 (custom)
2019-10-01 20:50:04,084 [pool-403-thread-1] INFO  server.RaftServerConfigKeys (ConfUtils.java:logGet(43)) - raft.server.snapshot.auto.trigger.threshold = 10000 (custom)
2019-10-01 20:50:04,084 [pool-383-thread-1] INFO  server.RaftServerConfigKeys (ConfUtils.java:logGet(43)) - raft.server.snapshot.retention.file.num = 5 (custom)
2019-10-01 20:50:04,084 [pool-393-thread-1] INFO  impl.RaftServerImpl (RaftServerImpl.java:setRole(170)) - baf805c2-d82d-4db9-85fb-97e22b3fff5d@group-B303CFFAF257: changes role from      null to FOLLOWER at term 0 for startAsFollower
2019-10-01 20:50:04,085 [pool-383-thread-1] INFO  server.RaftServerConfigKeys (ConfUtils.java:logGet(43)) - raft.server.retrycache.expirytime = 600000ms (custom)
2019-10-01 20:50:04,085 [pool-403-thread-1] INFO  server.RaftServerConfigKeys (ConfUtils.java:logGet(43)) - raft.server.snapshot.retention.file.num = 5 (custom)
2019-10-01 20:50:04,085 [pool-393-thread-1] INFO  impl.RoleInfo (RoleInfo.java:updateAndGet(143)) - baf805c2-d82d-4db9-85fb-97e22b3fff5d: start FollowerState
2019-10-01 20:50:04,085 [pool-403-thread-1] INFO  server.RaftServerConfigKeys (ConfUtils.java:logGet(43)) - raft.server.retrycache.expirytime = 600000ms (custom)
2019-10-01 20:50:04,085 [pool-393-thread-1] INFO  util.JmxRegister (JmxRegister.java:tryRegister(44)) - Successfully registered JMX Bean with object name Ratis:service=RaftServer,group=group-B303CFFAF257,id=baf805c2-d82d-4db9-85fb-97e22b3fff5d
2019-10-01 20:50:04,087 [pool-383-thread-1] INFO  impl.RaftServerImpl (RaftServerImpl.java:start(181)) - b9f3e374-3782-44bb-9f99-14eb65aa24c4@group-B303CFFAF257: start as a follower, conf=-1: [b9f3e374-3782-44bb-9f99-14eb65aa24c4:192.168.5.177:41537, baf805c2-d82d-4db9-85fb-97e22b3fff5d:192.168.5.177:38782, 865957d6-a698-4fd9-9d54-29030c60b7f2:192.168.5.177:34543], old=null
2019-10-01 20:50:04,087 [pool-383-thread-1] INFO  impl.RaftServerImpl (RaftServerImpl.java:setRole(170)) - b9f3e374-3782-44bb-9f99-14eb65aa24c4@group-B303CFFAF257: changes role from      null to FOLLOWER at term 0 for startAsFollower
2019-10-01 20:50:04,087 [pool-383-thread-1] INFO  impl.RoleInfo (RoleInfo.java:updateAndGet(143)) - b9f3e374-3782-44bb-9f99-14eb65aa24c4: start FollowerState
2019-10-01 20:50:04,087 [pool-383-thread-1] INFO  util.JmxRegister (JmxRegister.java:tryRegister(44)) - Successfully registered JMX Bean with object name Ratis:service=RaftServer,group=group-B303CFFAF257,id=b9f3e374-3782-44bb-9f99-14eb65aa24c4
2019-10-01 20:50:04,088 [pool-403-thread-1] INFO  impl.RaftServerImpl (RaftServerImpl.java:start(181)) - 865957d6-a698-4fd9-9d54-29030c60b7f2@group-B303CFFAF257: start as a follower, conf=-1: [b9f3e374-3782-44bb-9f99-14eb65aa24c4:192.168.5.177:41537, baf805c2-d82d-4db9-85fb-97e22b3fff5d:192.168.5.177:38782, 865957d6-a698-4fd9-9d54-29030c60b7f2:192.168.5.177:34543], old=null
2019-10-01 20:50:04,088 [pool-403-thread-1] INFO  impl.RaftServerImpl (RaftServerImpl.java:setRole(170)) - 865957d6-a698-4fd9-9d54-29030c60b7f2@group-B303CFFAF257: changes role from      null to FOLLOWER at term 0 for startAsFollower
2019-10-01 20:50:04,088 [pool-403-thread-1] INFO  impl.RoleInfo (RoleInfo.java:updateAndGet(143)) - 865957d6-a698-4fd9-9d54-29030c60b7f2: start FollowerState
2019-10-01 20:50:04,088 [pool-403-thread-1] INFO  util.JmxRegister (JmxRegister.java:tryRegister(44)) - Successfully registered JMX Bean with object name Ratis:service=RaftServer,group=group-B303CFFAF257,id=865957d6-a698-4fd9-9d54-29030c60b7f2
2019-10-01 20:50:04,091 [RatisPipelineUtilsThread] INFO  pipeline.PipelineStateManager (PipelineStateManager.java:addPipeline(56)) - Created pipeline Pipeline[ Id: 43a956e9-6b0e-458c-a56d-b303cffaf257, Nodes: b9f3e374-3782-44bb-9f99-14eb65aa24c4{ip: 192.168.5.177, host: pr-hdds-2213-2l6tc-3189445122, networkLocation: /default-rack, certSerialId: null}baf805c2-d82d-4db9-85fb-97e22b3fff5d{ip: 192.168.5.177, host: pr-hdds-2213-2l6tc-3189445122, networkLocation: /default-rack, certSerialId: null}865957d6-a698-4fd9-9d54-29030c60b7f2{ip: 192.168.5.177, host: pr-hdds-2213-2l6tc-3189445122, networkLocation: /default-rack, certSerialId: null}, Type:RATIS, Factor:THREE, State:OPEN]
2019-10-01 20:50:04,141 [IPC Server handler 2 on 38886] INFO  net.NetworkTopology (NetworkTopologyImpl.java:add(111)) - Added a new node: /default-rack/263f0553-b6fc-45d1-bae4-d5863d3f6220
2019-10-01 20:50:04,142 [IPC Server handler 2 on 38886] INFO  node.SCMNodeManager (SCMNodeManager.java:register(266)) - Registered Data node : 263f0553-b6fc-45d1-bae4-d5863d3f6220{ip: 192.168.5.177, host: pr-hdds-2213-2l6tc-3189445122, networkLocation: /default-rack, certSerialId: null}
2019-10-01 20:50:04,152 [grpc-default-executor-9] INFO  impl.RaftServerProxy (RaftServerProxy.java:addNew(89)) - be578bb6-8427-4561-a972-b36fbc0bb82d: addNew group-8B09D29D102B:[be578bb6-8427-4561-a972-b36fbc0bb82d:192.168.5.177:42430] returns group-8B09D29D102B:java.util.concurrent.CompletableFuture@5a582dcd[Not completed]
2019-10-01 20:50:04,157 [pool-413-thread-1] INFO  impl.RaftServerImpl (RaftServerImpl.java:<init>(95)) - be578bb6-8427-4561-a972-b36fbc0bb82d: new RaftServerImpl for group-8B09D29D102B:[be578bb6-8427-4561-a972-b36fbc0bb82d:192.168.5.177:42430] with ContainerStateMachine:uninitialized
2019-10-01 20:50:04,157 [pool-413-thread-1] INFO  server.RaftServerConfigKeys (ConfUtils.java:logGet(43)) - raft.server.rpc.timeout.min = 5s (custom)
2019-10-01 20:50:04,158 [pool-413-thread-1] INFO  server.RaftServerConfigKeys (ConfUtils.java:logGet(43)) - raft.server.rpc.timeout.max = 5200ms (custom)
2019-10-01 20:50:04,158 [pool-413-thread-1] INFO  server.RaftServerConfigKeys (ConfUtils.java:logGet(43)) - raft.server.rpcslowness.timeout = 120s (custom)
2019-10-01 20:50:04,158 [pool-413-thread-1] INFO  server.RaftServerConfigKeys (ConfUtils.java:logGet(43)) - raft.server.sleep.deviation.threshold = 300 (default)
2019-10-01 20:50:04,158 [pool-413-thread-1] INFO  server.RaftServerConfigKeys (ConfUtils.java:logGet(43)) - raft.server.log.appender.install.snapshot.enabled = false (custom)
2019-10-01 20:50:04,158 [pool-413-thread-1] INFO  impl.RaftServerImpl (ServerState.java:<init>(103)) - be578bb6-8427-4561-a972-b36fbc0bb82d@group-8B09D29D102B: ConfigurationManager, init=-1: [be578bb6-8427-4561-a972-b36fbc0bb82d:192.168.5.177:42430], old=null, confs=<EMPTY_MAP>
2019-10-01 20:50:04,158 [pool-413-thread-1] INFO  server.RaftServerConfigKeys (ConfUtils.java:logGet(43)) - raft.server.storage.dir = [/workdir/hadoop-ozone/integration-test/target/test-dir/MiniOzoneClusterImpl-421878e6-6fa2-4ecb-bb16-2969c86feb8d/datanode-3/data/ratis] (custom)
2019-10-01 20:50:04,158 [pool-413-thread-1] INFO  server.RaftServerConfigKeys (ConfUtils.java:logGet(43)) - raft.server.log.corruption.policy = EXCEPTION (default)
2019-10-01 20:50:04,158 [pool-413-thread-1] INFO  storage.RaftStorageDirectory (RaftStorageDirectory.java:analyzeStorage(246)) - The storage directory /workdir/hadoop-ozone/integration-test/target/test-dir/MiniOzoneClusterImpl-421878e6-6fa2-4ecb-bb16-2969c86feb8d/datanode-3/data/ratis/875bafbb-ad88-4c36-938b-8b09d29d102b does not exist. Creating ...
2019-10-01 20:50:04,173 [pool-413-thread-1] INFO  storage.RaftStorageDirectory (RaftStorageDirectory.java:tryLock(328)) - Lock on /workdir/hadoop-ozone/integration-test/target/test-dir/MiniOzoneClusterImpl-421878e6-6fa2-4ecb-bb16-2969c86feb8d/datanode-3/data/ratis/875bafbb-ad88-4c36-938b-8b09d29d102b/in_use.lock acquired by nodename 23198@pr-hdds-2213-2l6tc-3189445122
2019-10-01 20:50:04,187 [pool-413-thread-1] INFO  storage.RaftStorage (RaftStorage.java:format(84)) - Storage directory /workdir/hadoop-ozone/integration-test/target/test-dir/MiniOzoneClusterImpl-421878e6-6fa2-4ecb-bb16-2969c86feb8d/datanode-3/data/ratis/875bafbb-ad88-4c36-938b-8b09d29d102b has been successfully formatted.
2019-10-01 20:50:04,187 [pool-413-thread-1] INFO  ratis.ContainerStateMachine (ContainerStateMachine.java:loadSnapshot(230)) - group-8B09D29D102B: The snapshot info is null. Setting the last applied indexto:(t:0, i:~)
2019-10-01 20:50:04,187 [pool-413-thread-1] INFO  server.RaftServerConfigKeys (ConfUtils.java:logGet(43)) - raft.server.notification.no-leader.timeout = 120s (custom)
2019-10-01 20:50:04,187 [pool-413-thread-1] INFO  server.RaftServerConfigKeys (ConfUtils.java:logGet(43)) - raft.server.log.use.memory = false (default)
2019-10-01 20:50:04,187 [pool-413-thread-1] INFO  server.RaftServerConfigKeys (ConfUtils.java:logGet(43)) - raft.server.log.purge.gap = 1000000 (custom)
2019-10-01 20:50:04,187 [pool-413-thread-1] INFO  server.RaftServerConfigKeys (ConfUtils.java:logGet(43)) - raft.server.log.appender.buffer.byte-limit = 33554432 (custom)
2019-10-01 20:50:04,187 [pool-413-thread-1] INFO  server.RaftServerConfigKeys (ConfUtils.java:logGet(43)) - raft.server.log.segment.size.max = 1048576 (custom)
2019-10-01 20:50:04,189 [pool-413-thread-1] INFO  server.RaftServerConfigKeys (ConfUtils.java:logGet(43)) - raft.server.log.segment.cache.num.max = 2 (custom)
2019-10-01 20:50:04,189 [pool-413-thread-1] INFO  segmented.SegmentedRaftLogWorker (SegmentedRaftLogWorker.java:<init>(173)) - new be578bb6-8427-4561-a972-b36fbc0bb82d@group-8B09D29D102B-SegmentedRaftLogWorker for RaftStorage:Storage Directory /workdir/hadoop-ozone/integration-test/target/test-dir/MiniOzoneClusterImpl-421878e6-6fa2-4ecb-bb16-2969c86feb8d/datanode-3/data/ratis/875bafbb-ad88-4c36-938b-8b09d29d102b
2019-10-01 20:50:04,189 [pool-413-thread-1] INFO  server.RaftServerConfigKeys (ConfUtils.java:logGet(43)) - raft.server.log.queue.byte-limit = 2147483647 (custom)
2019-10-01 20:50:04,189 [pool-413-thread-1] INFO  server.RaftServerConfigKeys (ConfUtils.java:logGet(43)) - raft.server.log.queue.element-limit = 1024 (custom)
2019-10-01 20:50:04,189 [pool-413-thread-1] INFO  server.RaftServerConfigKeys (ConfUtils.java:logGet(43)) - raft.server.log.segment.size.max = 1048576 (custom)
2019-10-01 20:50:04,189 [pool-413-thread-1] INFO  server.RaftServerConfigKeys (ConfUtils.java:logGet(43)) - raft.server.log.preallocated.size = 16384 (custom)
2019-10-01 20:50:04,189 [pool-413-thread-1] INFO  server.RaftServerConfigKeys (ConfUtils.java:logGet(43)) - raft.server.log.write.buffer.size = 33554432 (custom)
2019-10-01 20:50:04,189 [pool-413-thread-1] INFO  server.RaftServerConfigKeys (ConfUtils.java:logGet(43)) - raft.server.log.force.sync.num = 128 (default)
2019-10-01 20:50:04,190 [pool-413-thread-1] INFO  server.RaftServerConfigKeys (ConfUtils.java:logGet(43)) - raft.server.log.statemachine.data.sync = true (default)
2019-10-01 20:50:04,190 [pool-413-thread-1] INFO  server.RaftServerConfigKeys (ConfUtils.java:logGet(43)) - raft.server.log.statemachine.data.sync.timeout = 10s (default)
2019-10-01 20:50:04,190 [pool-413-thread-1] INFO  server.RaftServerConfigKeys (ConfUtils.java:logGet(43)) - raft.server.log.statemachine.data.sync.timeout.retry = -1 (default)
2019-10-01 20:50:04,190 [pool-413-thread-1] INFO  server.RaftServerConfigKeys (ConfUtils.java:logGet(43)) - raft.server.log.statemachine.data.caching.enabled = true (custom)
2019-10-01 20:50:04,190 [pool-413-thread-1] INFO  segmented.SegmentedRaftLogWorker (SegmentedRaftLogWorker.java:lambda$new$0(128)) - be578bb6-8427-4561-a972-b36fbc0bb82d@group-8B09D29D102B-SegmentedRaftLogWorker: flushIndex: setUnconditionally 0 -> -1
2019-10-01 20:50:04,190 [pool-413-thread-1] INFO  server.RaftServerConfigKeys (ConfUtils.java:logGet(43)) - raft.server.snapshot.auto.trigger.enabled = true (custom)
2019-10-01 20:50:04,191 [pool-413-thread-1] INFO  server.RaftServerConfigKeys (ConfUtils.java:logGet(43)) - raft.server.snapshot.auto.trigger.threshold = 10000 (custom)
2019-10-01 20:50:04,191 [pool-413-thread-1] INFO  server.RaftServerConfigKeys (ConfUtils.java:logGet(43)) - raft.server.snapshot.retention.file.num = 5 (custom)
2019-10-01 20:50:04,191 [pool-413-thread-1] INFO  server.RaftServerConfigKeys (ConfUtils.java:logGet(43)) - raft.server.retrycache.expirytime = 600000ms (custom)
2019-10-01 20:50:04,192 [pool-413-thread-1] INFO  impl.RaftServerImpl (RaftServerImpl.java:start(181)) - be578bb6-8427-4561-a972-b36fbc0bb82d@group-8B09D29D102B: start as a follower, conf=-1: [be578bb6-8427-4561-a972-b36fbc0bb82d:192.168.5.177:42430], old=null
2019-10-01 20:50:04,192 [pool-413-thread-1] INFO  impl.RaftServerImpl (RaftServerImpl.java:setRole(170)) - be578bb6-8427-4561-a972-b36fbc0bb82d@group-8B09D29D102B: changes role from      null to FOLLOWER at term 0 for startAsFollower
2019-10-01 20:50:04,192 [pool-413-thread-1] INFO  impl.RoleInfo (RoleInfo.java:updateAndGet(143)) - be578bb6-8427-4561-a972-b36fbc0bb82d: start FollowerState
2019-10-01 20:50:04,192 [pool-413-thread-1] INFO  util.JmxRegister (JmxRegister.java:tryRegister(44)) - Successfully registered JMX Bean with object name Ratis:service=RaftServer,group=group-8B09D29D102B,id=be578bb6-8427-4561-a972-b36fbc0bb82d
2019-10-01 20:50:04,196 [RatisPipelineUtilsThread] INFO  pipeline.PipelineStateManager (PipelineStateManager.java:addPipeline(56)) - Created pipeline Pipeline[ Id: 875bafbb-ad88-4c36-938b-8b09d29d102b, Nodes: be578bb6-8427-4561-a972-b36fbc0bb82d{ip: 192.168.5.177, host: pr-hdds-2213-2l6tc-3189445122, networkLocation: /default-rack, certSerialId: null}, Type:RATIS, Factor:ONE, State:OPEN]
2019-10-01 20:50:04,208 [grpc-default-executor-9] INFO  impl.RaftServerProxy (RaftServerProxy.java:addNew(89)) - 263f0553-b6fc-45d1-bae4-d5863d3f6220: addNew group-9F63792EDAA7:[263f0553-b6fc-45d1-bae4-d5863d3f6220:192.168.5.177:41185] returns group-9F63792EDAA7:java.util.concurrent.CompletableFuture@21d2e059[Not completed]
2019-10-01 20:50:04,209 [pool-423-thread-1] INFO  impl.RaftServerImpl (RaftServerImpl.java:<init>(95)) - 263f0553-b6fc-45d1-bae4-d5863d3f6220: new RaftServerImpl for group-9F63792EDAA7:[263f0553-b6fc-45d1-bae4-d5863d3f6220:192.168.5.177:41185] with ContainerStateMachine:uninitialized
2019-10-01 20:50:04,209 [pool-423-thread-1] INFO  server.RaftServerConfigKeys (ConfUtils.java:logGet(43)) - raft.server.rpc.timeout.min = 5s (custom)
2019-10-01 20:50:04,209 [pool-423-thread-1] INFO  server.RaftServerConfigKeys (ConfUtils.java:logGet(43)) - raft.server.rpc.timeout.max = 5200ms (custom)
2019-10-01 20:50:04,210 [pool-423-thread-1] INFO  server.RaftServerConfigKeys (ConfUtils.java:logGet(43)) - raft.server.rpcslowness.timeout = 120s (custom)
2019-10-01 20:50:04,210 [pool-423-thread-1] INFO  server.RaftServerConfigKeys (ConfUtils.java:logGet(43)) - raft.server.sleep.deviation.threshold = 300 (default)
2019-10-01 20:50:04,210 [pool-423-thread-1] INFO  server.RaftServerConfigKeys (ConfUtils.java:logGet(43)) - raft.server.log.appender.install.snapshot.enabled = false (custom)
2019-10-01 20:50:04,210 [pool-423-thread-1] INFO  impl.RaftServerImpl (ServerState.java:<init>(103)) - 263f0553-b6fc-45d1-bae4-d5863d3f6220@group-9F63792EDAA7: ConfigurationManager, init=-1: [263f0553-b6fc-45d1-bae4-d5863d3f6220:192.168.5.177:41185], old=null, confs=<EMPTY_MAP>
2019-10-01 20:50:04,210 [pool-423-thread-1] INFO  server.RaftServerConfigKeys (ConfUtils.java:logGet(43)) - raft.server.storage.dir = [/workdir/hadoop-ozone/integration-test/target/test-dir/MiniOzoneClusterImpl-421878e6-6fa2-4ecb-bb16-2969c86feb8d/datanode-4/data/ratis] (custom)
2019-10-01 20:50:04,210 [pool-423-thread-1] INFO  server.RaftServerConfigKeys (ConfUtils.java:logGet(43)) - raft.server.log.corruption.policy = EXCEPTION (default)
2019-10-01 20:50:04,210 [pool-423-thread-1] INFO  storage.RaftStorageDirectory (RaftStorageDirectory.java:analyzeStorage(246)) - The storage directory /workdir/hadoop-ozone/integration-test/target/test-dir/MiniOzoneClusterImpl-421878e6-6fa2-4ecb-bb16-2969c86feb8d/datanode-4/data/ratis/2cf81143-5095-4d7d-9123-9f63792edaa7 does not exist. Creating ...
2019-10-01 20:50:04,218 [IPC Server handler 0 on 38886] INFO  net.NetworkTopology (NetworkTopologyImpl.java:add(111)) - Added a new node: /default-rack/107cbbe0-2f27-4026-84b2-64e87464c671
2019-10-01 20:50:04,218 [IPC Server handler 0 on 38886] INFO  node.SCMNodeManager (SCMNodeManager.java:register(266)) - Registered Data node : 107cbbe0-2f27-4026-84b2-64e87464c671{ip: 192.168.5.177, host: pr-hdds-2213-2l6tc-3189445122, networkLocation: /default-rack, certSerialId: null}
2019-10-01 20:50:04,233 [pool-423-thread-1] INFO  storage.RaftStorageDirectory (RaftStorageDirectory.java:tryLock(328)) - Lock on /workdir/hadoop-ozone/integration-test/target/test-dir/MiniOzoneClusterImpl-421878e6-6fa2-4ecb-bb16-2969c86feb8d/datanode-4/data/ratis/2cf81143-5095-4d7d-9123-9f63792edaa7/in_use.lock acquired by nodename 23198@pr-hdds-2213-2l6tc-3189445122
2019-10-01 20:50:04,245 [pool-423-thread-1] INFO  storage.RaftStorage (RaftStorage.java:format(84)) - Storage directory /workdir/hadoop-ozone/integration-test/target/test-dir/MiniOzoneClusterImpl-421878e6-6fa2-4ecb-bb16-2969c86feb8d/datanode-4/data/ratis/2cf81143-5095-4d7d-9123-9f63792edaa7 has been successfully formatted.
2019-10-01 20:50:04,246 [pool-423-thread-1] INFO  ratis.ContainerStateMachine (ContainerStateMachine.java:loadSnapshot(230)) - group-9F63792EDAA7: The snapshot info is null. Setting the last applied indexto:(t:0, i:~)
2019-10-01 20:50:04,246 [pool-423-thread-1] INFO  server.RaftServerConfigKeys (ConfUtils.java:logGet(43)) - raft.server.notification.no-leader.timeout = 120s (custom)
2019-10-01 20:50:04,246 [pool-423-thread-1] INFO  server.RaftServerConfigKeys (ConfUtils.java:logGet(43)) - raft.server.log.use.memory = false (default)
2019-10-01 20:50:04,246 [pool-423-thread-1] INFO  server.RaftServerConfigKeys (ConfUtils.java:logGet(43)) - raft.server.log.purge.gap = 1000000 (custom)
2019-10-01 20:50:04,246 [pool-423-thread-1] INFO  server.RaftServerConfigKeys (ConfUtils.java:logGet(43)) - raft.server.log.appender.buffer.byte-limit = 33554432 (custom)
2019-10-01 20:50:04,246 [pool-423-thread-1] INFO  server.RaftServerConfigKeys (ConfUtils.java:logGet(43)) - raft.server.log.segment.size.max = 1048576 (custom)
2019-10-01 20:50:04,248 [pool-423-thread-1] INFO  server.RaftServerConfigKeys (ConfUtils.java:logGet(43)) - raft.server.log.segment.cache.num.max = 2 (custom)
2019-10-01 20:50:04,248 [pool-423-thread-1] INFO  segmented.SegmentedRaftLogWorker (SegmentedRaftLogWorker.java:<init>(173)) - new 263f0553-b6fc-45d1-bae4-d5863d3f6220@group-9F63792EDAA7-SegmentedRaftLogWorker for RaftStorage:Storage Directory /workdir/hadoop-ozone/integration-test/target/test-dir/MiniOzoneClusterImpl-421878e6-6fa2-4ecb-bb16-2969c86feb8d/datanode-4/data/ratis/2cf81143-5095-4d7d-9123-9f63792edaa7
2019-10-01 20:50:04,248 [pool-423-thread-1] INFO  server.RaftServerConfigKeys (ConfUtils.java:logGet(43)) - raft.server.log.queue.byte-limit = 2147483647 (custom)
2019-10-01 20:50:04,248 [pool-423-thread-1] INFO  server.RaftServerConfigKeys (ConfUtils.java:logGet(43)) - raft.server.log.queue.element-limit = 1024 (custom)
2019-10-01 20:50:04,248 [pool-423-thread-1] INFO  server.RaftServerConfigKeys (ConfUtils.java:logGet(43)) - raft.server.log.segment.size.max = 1048576 (custom)
2019-10-01 20:50:04,248 [pool-423-thread-1] INFO  server.RaftServerConfigKeys (ConfUtils.java:logGet(43)) - raft.server.log.preallocated.size = 16384 (custom)
2019-10-01 20:50:04,248 [pool-423-thread-1] INFO  server.RaftServerConfigKeys (ConfUtils.java:logGet(43)) - raft.server.log.write.buffer.size = 33554432 (custom)
2019-10-01 20:50:04,248 [pool-423-thread-1] INFO  server.RaftServerConfigKeys (ConfUtils.java:logGet(43)) - raft.server.log.force.sync.num = 128 (default)
2019-10-01 20:50:04,248 [pool-423-thread-1] INFO  server.RaftServerConfigKeys (ConfUtils.java:logGet(43)) - raft.server.log.statemachine.data.sync = true (default)
2019-10-01 20:50:04,248 [pool-423-thread-1] INFO  server.RaftServerConfigKeys (ConfUtils.java:logGet(43)) - raft.server.log.statemachine.data.sync.timeout = 10s (default)
2019-10-01 20:50:04,248 [pool-423-thread-1] INFO  server.RaftServerConfigKeys (ConfUtils.java:logGet(43)) - raft.server.log.statemachine.data.sync.timeout.retry = -1 (default)
2019-10-01 20:50:04,249 [pool-423-thread-1] INFO  server.RaftServerConfigKeys (ConfUtils.java:logGet(43)) - raft.server.log.statemachine.data.caching.enabled = true (custom)
2019-10-01 20:50:04,249 [pool-423-thread-1] INFO  segmented.SegmentedRaftLogWorker (SegmentedRaftLogWorker.java:lambda$new$0(128)) - 263f0553-b6fc-45d1-bae4-d5863d3f6220@group-9F63792EDAA7-SegmentedRaftLogWorker: flushIndex: setUnconditionally 0 -> -1
2019-10-01 20:50:04,249 [pool-423-thread-1] INFO  server.RaftServerConfigKeys (ConfUtils.java:logGet(43)) - raft.server.snapshot.auto.trigger.enabled = true (custom)
2019-10-01 20:50:04,249 [pool-423-thread-1] INFO  server.RaftServerConfigKeys (ConfUtils.java:logGet(43)) - raft.server.snapshot.auto.trigger.threshold = 10000 (custom)
2019-10-01 20:50:04,249 [pool-423-thread-1] INFO  server.RaftServerConfigKeys (ConfUtils.java:logGet(43)) - raft.server.snapshot.retention.file.num = 5 (custom)
2019-10-01 20:50:04,249 [pool-423-thread-1] INFO  server.RaftServerConfigKeys (ConfUtils.java:logGet(43)) - raft.server.retrycache.expirytime = 600000ms (custom)
2019-10-01 20:50:04,250 [pool-423-thread-1] INFO  impl.RaftServerImpl (RaftServerImpl.java:start(181)) - 263f0553-b6fc-45d1-bae4-d5863d3f6220@group-9F63792EDAA7: start as a follower, conf=-1: [263f0553-b6fc-45d1-bae4-d5863d3f6220:192.168.5.177:41185], old=null
2019-10-01 20:50:04,251 [pool-423-thread-1] INFO  impl.RaftServerImpl (RaftServerImpl.java:setRole(170)) - 263f0553-b6fc-45d1-bae4-d5863d3f6220@group-9F63792EDAA7: changes role from      null to FOLLOWER at term 0 for startAsFollower
2019-10-01 20:50:04,251 [pool-423-thread-1] INFO  impl.RoleInfo (RoleInfo.java:updateAndGet(143)) - 263f0553-b6fc-45d1-bae4-d5863d3f6220: start FollowerState
2019-10-01 20:50:04,251 [pool-423-thread-1] INFO  util.JmxRegister (JmxRegister.java:tryRegister(44)) - Successfully registered JMX Bean with object name Ratis:service=RaftServer,group=group-9F63792EDAA7,id=263f0553-b6fc-45d1-bae4-d5863d3f6220
2019-10-01 20:50:04,254 [RatisPipelineUtilsThread] INFO  pipeline.PipelineStateManager (PipelineStateManager.java:addPipeline(56)) - Created pipeline Pipeline[ Id: 2cf81143-5095-4d7d-9123-9f63792edaa7, Nodes: 263f0553-b6fc-45d1-bae4-d5863d3f6220{ip: 192.168.5.177, host: pr-hdds-2213-2l6tc-3189445122, networkLocation: /default-rack, certSerialId: null}, Type:RATIS, Factor:ONE, State:OPEN]
2019-10-01 20:50:04,265 [grpc-default-executor-9] INFO  impl.RaftServerProxy (RaftServerProxy.java:addNew(89)) - 107cbbe0-2f27-4026-84b2-64e87464c671: addNew group-DD34180BF00D:[107cbbe0-2f27-4026-84b2-64e87464c671:192.168.5.177:39749] returns group-DD34180BF00D:java.util.concurrent.CompletableFuture@29412146[Not completed]
2019-10-01 20:50:04,266 [pool-433-thread-1] INFO  impl.RaftServerImpl (RaftServerImpl.java:<init>(95)) - 107cbbe0-2f27-4026-84b2-64e87464c671: new RaftServerImpl for group-DD34180BF00D:[107cbbe0-2f27-4026-84b2-64e87464c671:192.168.5.177:39749] with ContainerStateMachine:uninitialized
2019-10-01 20:50:04,266 [pool-433-thread-1] INFO  server.RaftServerConfigKeys (ConfUtils.java:logGet(43)) - raft.server.rpc.timeout.min = 5s (custom)
2019-10-01 20:50:04,266 [pool-433-thread-1] INFO  server.RaftServerConfigKeys (ConfUtils.java:logGet(43)) - raft.server.rpc.timeout.max = 5200ms (custom)
2019-10-01 20:50:04,267 [pool-433-thread-1] INFO  server.RaftServerConfigKeys (ConfUtils.java:logGet(43)) - raft.server.rpcslowness.timeout = 120s (custom)
2019-10-01 20:50:04,267 [pool-433-thread-1] INFO  server.RaftServerConfigKeys (ConfUtils.java:logGet(43)) - raft.server.sleep.deviation.threshold = 300 (default)
2019-10-01 20:50:04,267 [pool-433-thread-1] INFO  server.RaftServerConfigKeys (ConfUtils.java:logGet(43)) - raft.server.log.appender.install.snapshot.enabled = false (custom)
2019-10-01 20:50:04,267 [pool-433-thread-1] INFO  impl.RaftServerImpl (ServerState.java:<init>(103)) - 107cbbe0-2f27-4026-84b2-64e87464c671@group-DD34180BF00D: ConfigurationManager, init=-1: [107cbbe0-2f27-4026-84b2-64e87464c671:192.168.5.177:39749], old=null, confs=<EMPTY_MAP>
2019-10-01 20:50:04,267 [pool-433-thread-1] INFO  server.RaftServerConfigKeys (ConfUtils.java:logGet(43)) - raft.server.storage.dir = [/workdir/hadoop-ozone/integration-test/target/test-dir/MiniOzoneClusterImpl-421878e6-6fa2-4ecb-bb16-2969c86feb8d/datanode-5/data/ratis] (custom)
2019-10-01 20:50:04,267 [pool-433-thread-1] INFO  server.RaftServerConfigKeys (ConfUtils.java:logGet(43)) - raft.server.log.corruption.policy = EXCEPTION (default)
2019-10-01 20:50:04,267 [pool-433-thread-1] INFO  storage.RaftStorageDirectory (RaftStorageDirectory.java:analyzeStorage(246)) - The storage directory /workdir/hadoop-ozone/integration-test/target/test-dir/MiniOzoneClusterImpl-421878e6-6fa2-4ecb-bb16-2969c86feb8d/datanode-5/data/ratis/073211dc-692d-4b5f-abf6-dd34180bf00d does not exist. Creating ...
2019-10-01 20:50:04,277 [IPC Server handler 3 on 38886] INFO  net.NetworkTopology (NetworkTopologyImpl.java:add(111)) - Added a new node: /default-rack/fe150c76-0559-4cd9-a6d3-a9f1a80e5966
2019-10-01 20:50:04,277 [IPC Server handler 3 on 38886] INFO  node.SCMNodeManager (SCMNodeManager.java:register(266)) - Registered Data node : fe150c76-0559-4cd9-a6d3-a9f1a80e5966{ip: 192.168.5.177, host: pr-hdds-2213-2l6tc-3189445122, networkLocation: /default-rack, certSerialId: null}
2019-10-01 20:50:04,277 [main] INFO  ozone.MiniOzoneClusterImpl (MiniOzoneClusterImpl.java:lambda$waitForClusterToBeReady$0(147)) - Cluster is ready. Got 7 of 7 DN Heartbeats.
2019-10-01 20:50:04,287 [pool-433-thread-1] INFO  storage.RaftStorageDirectory (RaftStorageDirectory.java:tryLock(328)) - Lock on /workdir/hadoop-ozone/integration-test/target/test-dir/MiniOzoneClusterImpl-421878e6-6fa2-4ecb-bb16-2969c86feb8d/datanode-5/data/ratis/073211dc-692d-4b5f-abf6-dd34180bf00d/in_use.lock acquired by nodename 23198@pr-hdds-2213-2l6tc-3189445122
2019-10-01 20:50:04,302 [pool-433-thread-1] INFO  storage.RaftStorage (RaftStorage.java:format(84)) - Storage directory /workdir/hadoop-ozone/integration-test/target/test-dir/MiniOzoneClusterImpl-421878e6-6fa2-4ecb-bb16-2969c86feb8d/datanode-5/data/ratis/073211dc-692d-4b5f-abf6-dd34180bf00d has been successfully formatted.
2019-10-01 20:50:04,316 [pool-433-thread-1] INFO  ratis.ContainerStateMachine (ContainerStateMachine.java:loadSnapshot(230)) - group-DD34180BF00D: The snapshot info is null. Setting the last applied indexto:(t:0, i:~)
2019-10-01 20:50:04,316 [pool-433-thread-1] INFO  server.RaftServerConfigKeys (ConfUtils.java:logGet(43)) - raft.server.notification.no-leader.timeout = 120s (custom)
2019-10-01 20:50:04,316 [pool-433-thread-1] INFO  server.RaftServerConfigKeys (ConfUtils.java:logGet(43)) - raft.server.log.use.memory = false (default)
2019-10-01 20:50:04,317 [pool-433-thread-1] INFO  server.RaftServerConfigKeys (ConfUtils.java:logGet(43)) - raft.server.log.purge.gap = 1000000 (custom)
2019-10-01 20:50:04,324 [pool-433-thread-1] INFO  server.RaftServerConfigKeys (ConfUtils.java:logGet(43)) - raft.server.log.appender.buffer.byte-limit = 33554432 (custom)
2019-10-01 20:50:04,324 [pool-433-thread-1] INFO  server.RaftServerConfigKeys (ConfUtils.java:logGet(43)) - raft.server.log.segment.size.max = 1048576 (custom)
2019-10-01 20:50:04,325 [pool-433-thread-1] INFO  server.RaftServerConfigKeys (ConfUtils.java:logGet(43)) - raft.server.log.segment.cache.num.max = 2 (custom)
2019-10-01 20:50:04,325 [pool-433-thread-1] INFO  segmented.SegmentedRaftLogWorker (SegmentedRaftLogWorker.java:<init>(173)) - new 107cbbe0-2f27-4026-84b2-64e87464c671@group-DD34180BF00D-SegmentedRaftLogWorker for RaftStorage:Storage Directory /workdir/hadoop-ozone/integration-test/target/test-dir/MiniOzoneClusterImpl-421878e6-6fa2-4ecb-bb16-2969c86feb8d/datanode-5/data/ratis/073211dc-692d-4b5f-abf6-dd34180bf00d
2019-10-01 20:50:04,325 [pool-433-thread-1] INFO  server.RaftServerConfigKeys (ConfUtils.java:logGet(43)) - raft.server.log.queue.byte-limit = 2147483647 (custom)
2019-10-01 20:50:04,325 [pool-433-thread-1] INFO  server.RaftServerConfigKeys (ConfUtils.java:logGet(43)) - raft.server.log.queue.element-limit = 1024 (custom)
2019-10-01 20:50:04,326 [pool-433-thread-1] INFO  server.RaftServerConfigKeys (ConfUtils.java:logGet(43)) - raft.server.log.segment.size.max = 1048576 (custom)
2019-10-01 20:50:04,326 [pool-433-thread-1] INFO  server.RaftServerConfigKeys (ConfUtils.java:logGet(43)) - raft.server.log.preallocated.size = 16384 (custom)
2019-10-01 20:50:04,326 [pool-433-thread-1] INFO  server.RaftServerConfigKeys (ConfUtils.java:logGet(43)) - raft.server.log.write.buffer.size = 33554432 (custom)
2019-10-01 20:50:04,326 [pool-433-thread-1] INFO  server.RaftServerConfigKeys (ConfUtils.java:logGet(43)) - raft.server.log.force.sync.num = 128 (default)
2019-10-01 20:50:04,329 [pool-433-thread-1] INFO  server.RaftServerConfigKeys (ConfUtils.java:logGet(43)) - raft.server.log.statemachine.data.sync = true (default)
2019-10-01 20:50:04,329 [pool-433-thread-1] INFO  server.RaftServerConfigKeys (ConfUtils.java:logGet(43)) - raft.server.log.statemachine.data.sync.timeout = 10s (default)
2019-10-01 20:50:04,330 [pool-433-thread-1] INFO  server.RaftServerConfigKeys (ConfUtils.java:logGet(43)) - raft.server.log.statemachine.data.sync.timeout.retry = -1 (default)
2019-10-01 20:50:04,337 [pool-433-thread-1] INFO  server.RaftServerConfigKeys (ConfUtils.java:logGet(43)) - raft.server.log.statemachine.data.caching.enabled = true (custom)
2019-10-01 20:50:04,337 [pool-433-thread-1] INFO  segmented.SegmentedRaftLogWorker (SegmentedRaftLogWorker.java:lambda$new$0(128)) - 107cbbe0-2f27-4026-84b2-64e87464c671@group-DD34180BF00D-SegmentedRaftLogWorker: flushIndex: setUnconditionally 0 -> -1
2019-10-01 20:50:04,337 [pool-433-thread-1] INFO  server.RaftServerConfigKeys (ConfUtils.java:logGet(43)) - raft.server.snapshot.auto.trigger.enabled = true (custom)
2019-10-01 20:50:04,337 [pool-433-thread-1] INFO  server.RaftServerConfigKeys (ConfUtils.java:logGet(43)) - raft.server.snapshot.auto.trigger.threshold = 10000 (custom)
2019-10-01 20:50:04,337 [pool-433-thread-1] INFO  server.RaftServerConfigKeys (ConfUtils.java:logGet(43)) - raft.server.snapshot.retention.file.num = 5 (custom)
2019-10-01 20:50:04,337 [pool-433-thread-1] INFO  server.RaftServerConfigKeys (ConfUtils.java:logGet(43)) - raft.server.retrycache.expirytime = 600000ms (custom)
2019-10-01 20:50:04,338 [main] INFO  rpc.RpcClient (RpcClient.java:createVolume(276)) - Creating Volume: watchforcommithandlingtest, with jenkins1000 as owner.
2019-10-01 20:50:04,338 [pool-433-thread-1] INFO  impl.RaftServerImpl (RaftServerImpl.java:start(181)) - 107cbbe0-2f27-4026-84b2-64e87464c671@group-DD34180BF00D: start as a follower, conf=-1: [107cbbe0-2f27-4026-84b2-64e87464c671:192.168.5.177:39749], old=null
2019-10-01 20:50:04,339 [pool-433-thread-1] INFO  impl.RaftServerImpl (RaftServerImpl.java:setRole(170)) - 107cbbe0-2f27-4026-84b2-64e87464c671@group-DD34180BF00D: changes role from      null to FOLLOWER at term 0 for startAsFollower
2019-10-01 20:50:04,339 [pool-433-thread-1] INFO  impl.RoleInfo (RoleInfo.java:updateAndGet(143)) - 107cbbe0-2f27-4026-84b2-64e87464c671: start FollowerState
2019-10-01 20:50:04,339 [pool-433-thread-1] INFO  util.JmxRegister (JmxRegister.java:tryRegister(44)) - Successfully registered JMX Bean with object name Ratis:service=RaftServer,group=group-DD34180BF00D,id=107cbbe0-2f27-4026-84b2-64e87464c671
2019-10-01 20:50:04,341 [IPC Server handler 2 on 35479] INFO  volume.OMVolumeCreateRequest (OMVolumeCreateRequest.java:validateAndUpdateCache(194)) - created volume:watchforcommithandlingtest for user:jenkins1000
2019-10-01 20:50:04,343 [RatisPipelineUtilsThread] INFO  pipeline.PipelineStateManager (PipelineStateManager.java:addPipeline(56)) - Created pipeline Pipeline[ Id: 073211dc-692d-4b5f-abf6-dd34180bf00d, Nodes: 107cbbe0-2f27-4026-84b2-64e87464c671{ip: 192.168.5.177, host: pr-hdds-2213-2l6tc-3189445122, networkLocation: /default-rack, certSerialId: null}, Type:RATIS, Factor:ONE, State:OPEN]
2019-10-01 20:50:04,362 [main] INFO  rpc.RpcClient (RpcClient.java:createBucket(415)) - Creating Bucket: watchforcommithandlingtest/watchforcommithandlingtest, with Versioning false and Storage Type set to DISK and Encryption set to false 
2019-10-01 20:50:04,366 [grpc-default-executor-9] INFO  impl.RaftServerProxy (RaftServerProxy.java:addNew(89)) - fe150c76-0559-4cd9-a6d3-a9f1a80e5966: addNew group-E4614ADBB444:[fe150c76-0559-4cd9-a6d3-a9f1a80e5966:192.168.5.177:43440] returns group-E4614ADBB444:java.util.concurrent.CompletableFuture@15e969d6[Not completed]
2019-10-01 20:50:04,372 [main] INFO  ozone.MiniOzoneClusterImpl (MiniOzoneClusterImpl.java:getStorageContainerLocationClient(234)) - Creating StorageContainerLocationProtocol RPC client with address /0.0.0.0:42382
2019-10-01 20:50:04,372 [pool-443-thread-1] INFO  impl.RaftServerImpl (RaftServerImpl.java:<init>(95)) - fe150c76-0559-4cd9-a6d3-a9f1a80e5966: new RaftServerImpl for group-E4614ADBB444:[fe150c76-0559-4cd9-a6d3-a9f1a80e5966:192.168.5.177:43440] with ContainerStateMachine:uninitialized
2019-10-01 20:50:04,372 [pool-443-thread-1] INFO  server.RaftServerConfigKeys (ConfUtils.java:logGet(43)) - raft.server.rpc.timeout.min = 5s (custom)
2019-10-01 20:50:04,372 [pool-443-thread-1] INFO  server.RaftServerConfigKeys (ConfUtils.java:logGet(43)) - raft.server.rpc.timeout.max = 5200ms (custom)
2019-10-01 20:50:04,372 [pool-443-thread-1] INFO  server.RaftServerConfigKeys (ConfUtils.java:logGet(43)) - raft.server.rpcslowness.timeout = 120s (custom)
2019-10-01 20:50:04,372 [pool-443-thread-1] INFO  server.RaftServerConfigKeys (ConfUtils.java:logGet(43)) - raft.server.sleep.deviation.threshold = 300 (default)
2019-10-01 20:50:04,372 [pool-443-thread-1] INFO  server.RaftServerConfigKeys (ConfUtils.java:logGet(43)) - raft.server.log.appender.install.snapshot.enabled = false (custom)
2019-10-01 20:50:04,372 [pool-443-thread-1] INFO  impl.RaftServerImpl (ServerState.java:<init>(103)) - fe150c76-0559-4cd9-a6d3-a9f1a80e5966@group-E4614ADBB444: ConfigurationManager, init=-1: [fe150c76-0559-4cd9-a6d3-a9f1a80e5966:192.168.5.177:43440], old=null, confs=<EMPTY_MAP>
2019-10-01 20:50:04,373 [pool-443-thread-1] INFO  server.RaftServerConfigKeys (ConfUtils.java:logGet(43)) - raft.server.storage.dir = [/workdir/hadoop-ozone/integration-test/target/test-dir/MiniOzoneClusterImpl-421878e6-6fa2-4ecb-bb16-2969c86feb8d/datanode-6/data/ratis] (custom)
2019-10-01 20:50:04,373 [pool-443-thread-1] INFO  server.RaftServerConfigKeys (ConfUtils.java:logGet(43)) - raft.server.log.corruption.policy = EXCEPTION (default)
2019-10-01 20:50:04,373 [pool-443-thread-1] INFO  storage.RaftStorageDirectory (RaftStorageDirectory.java:analyzeStorage(246)) - The storage directory /workdir/hadoop-ozone/integration-test/target/test-dir/MiniOzoneClusterImpl-421878e6-6fa2-4ecb-bb16-2969c86feb8d/datanode-6/data/ratis/4c85713a-81a7-4dac-af4d-e4614adbb444 does not exist. Creating ...
2019-10-01 20:50:04,385 [pool-443-thread-1] INFO  storage.RaftStorageDirectory (RaftStorageDirectory.java:tryLock(328)) - Lock on /workdir/hadoop-ozone/integration-test/target/test-dir/MiniOzoneClusterImpl-421878e6-6fa2-4ecb-bb16-2969c86feb8d/datanode-6/data/ratis/4c85713a-81a7-4dac-af4d-e4614adbb444/in_use.lock acquired by nodename 23198@pr-hdds-2213-2l6tc-3189445122
2019-10-01 20:50:04,398 [pool-443-thread-1] INFO  storage.RaftStorage (RaftStorage.java:format(84)) - Storage directory /workdir/hadoop-ozone/integration-test/target/test-dir/MiniOzoneClusterImpl-421878e6-6fa2-4ecb-bb16-2969c86feb8d/datanode-6/data/ratis/4c85713a-81a7-4dac-af4d-e4614adbb444 has been successfully formatted.
2019-10-01 20:50:04,399 [pool-443-thread-1] INFO  ratis.ContainerStateMachine (ContainerStateMachine.java:loadSnapshot(230)) - group-E4614ADBB444: The snapshot info is null. Setting the last applied indexto:(t:0, i:~)
2019-10-01 20:50:04,399 [pool-443-thread-1] INFO  server.RaftServerConfigKeys (ConfUtils.java:logGet(43)) - raft.server.notification.no-leader.timeout = 120s (custom)
2019-10-01 20:50:04,399 [pool-443-thread-1] INFO  server.RaftServerConfigKeys (ConfUtils.java:logGet(43)) - raft.server.log.use.memory = false (default)
2019-10-01 20:50:04,399 [pool-443-thread-1] INFO  server.RaftServerConfigKeys (ConfUtils.java:logGet(43)) - raft.server.log.purge.gap = 1000000 (custom)
2019-10-01 20:50:04,399 [pool-443-thread-1] INFO  server.RaftServerConfigKeys (ConfUtils.java:logGet(43)) - raft.server.log.appender.buffer.byte-limit = 33554432 (custom)
2019-10-01 20:50:04,399 [pool-443-thread-1] INFO  server.RaftServerConfigKeys (ConfUtils.java:logGet(43)) - raft.server.log.segment.size.max = 1048576 (custom)
2019-10-01 20:50:04,401 [pool-443-thread-1] INFO  server.RaftServerConfigKeys (ConfUtils.java:logGet(43)) - raft.server.log.segment.cache.num.max = 2 (custom)
2019-10-01 20:50:04,401 [pool-443-thread-1] INFO  segmented.SegmentedRaftLogWorker (SegmentedRaftLogWorker.java:<init>(173)) - new fe150c76-0559-4cd9-a6d3-a9f1a80e5966@group-E4614ADBB444-SegmentedRaftLogWorker for RaftStorage:Storage Directory /workdir/hadoop-ozone/integration-test/target/test-dir/MiniOzoneClusterImpl-421878e6-6fa2-4ecb-bb16-2969c86feb8d/datanode-6/data/ratis/4c85713a-81a7-4dac-af4d-e4614adbb444
2019-10-01 20:50:04,401 [pool-443-thread-1] INFO  server.RaftServerConfigKeys (ConfUtils.java:logGet(43)) - raft.server.log.queue.byte-limit = 2147483647 (custom)
2019-10-01 20:50:04,401 [pool-443-thread-1] INFO  server.RaftServerConfigKeys (ConfUtils.java:logGet(43)) - raft.server.log.queue.element-limit = 1024 (custom)
2019-10-01 20:50:04,401 [pool-443-thread-1] INFO  server.RaftServerConfigKeys (ConfUtils.java:logGet(43)) - raft.server.log.segment.size.max = 1048576 (custom)
2019-10-01 20:50:04,401 [pool-443-thread-1] INFO  server.RaftServerConfigKeys (ConfUtils.java:logGet(43)) - raft.server.log.preallocated.size = 16384 (custom)
2019-10-01 20:50:04,401 [pool-443-thread-1] INFO  server.RaftServerConfigKeys (ConfUtils.java:logGet(43)) - raft.server.log.write.buffer.size = 33554432 (custom)
2019-10-01 20:50:04,402 [pool-443-thread-1] INFO  server.RaftServerConfigKeys (ConfUtils.java:logGet(43)) - raft.server.log.force.sync.num = 128 (default)
2019-10-01 20:50:04,402 [pool-443-thread-1] INFO  server.RaftServerConfigKeys (ConfUtils.java:logGet(43)) - raft.server.log.statemachine.data.sync = true (default)
2019-10-01 20:50:04,402 [pool-443-thread-1] INFO  server.RaftServerConfigKeys (ConfUtils.java:logGet(43)) - raft.server.log.statemachine.data.sync.timeout = 10s (default)
2019-10-01 20:50:04,402 [pool-443-thread-1] INFO  server.RaftServerConfigKeys (ConfUtils.java:logGet(43)) - raft.server.log.statemachine.data.sync.timeout.retry = -1 (default)
2019-10-01 20:50:04,402 [pool-443-thread-1] INFO  server.RaftServerConfigKeys (ConfUtils.java:logGet(43)) - raft.server.log.statemachine.data.caching.enabled = true (custom)
2019-10-01 20:50:04,402 [pool-443-thread-1] INFO  segmented.SegmentedRaftLogWorker (SegmentedRaftLogWorker.java:lambda$new$0(128)) - fe150c76-0559-4cd9-a6d3-a9f1a80e5966@group-E4614ADBB444-SegmentedRaftLogWorker: flushIndex: setUnconditionally 0 -> -1
2019-10-01 20:50:04,403 [pool-443-thread-1] INFO  server.RaftServerConfigKeys (ConfUtils.java:logGet(43)) - raft.server.snapshot.auto.trigger.enabled = true (custom)
2019-10-01 20:50:04,403 [pool-443-thread-1] INFO  server.RaftServerConfigKeys (ConfUtils.java:logGet(43)) - raft.server.snapshot.auto.trigger.threshold = 10000 (custom)
2019-10-01 20:50:04,403 [pool-443-thread-1] INFO  server.RaftServerConfigKeys (ConfUtils.java:logGet(43)) - raft.server.snapshot.retention.file.num = 5 (custom)
2019-10-01 20:50:04,403 [pool-443-thread-1] INFO  server.RaftServerConfigKeys (ConfUtils.java:logGet(43)) - raft.server.retrycache.expirytime = 600000ms (custom)
2019-10-01 20:50:04,404 [pool-443-thread-1] INFO  impl.RaftServerImpl (RaftServerImpl.java:start(181)) - fe150c76-0559-4cd9-a6d3-a9f1a80e5966@group-E4614ADBB444: start as a follower, conf=-1: [fe150c76-0559-4cd9-a6d3-a9f1a80e5966:192.168.5.177:43440], old=null
2019-10-01 20:50:04,405 [pool-443-thread-1] INFO  impl.RaftServerImpl (RaftServerImpl.java:setRole(170)) - fe150c76-0559-4cd9-a6d3-a9f1a80e5966@group-E4614ADBB444: changes role from      null to FOLLOWER at term 0 for startAsFollower
2019-10-01 20:50:04,405 [pool-443-thread-1] INFO  impl.RoleInfo (RoleInfo.java:updateAndGet(143)) - fe150c76-0559-4cd9-a6d3-a9f1a80e5966: start FollowerState
2019-10-01 20:50:04,405 [pool-443-thread-1] INFO  util.JmxRegister (JmxRegister.java:tryRegister(44)) - Successfully registered JMX Bean with object name Ratis:service=RaftServer,group=group-E4614ADBB444,id=fe150c76-0559-4cd9-a6d3-a9f1a80e5966
2019-10-01 20:50:04,408 [RatisPipelineUtilsThread] INFO  pipeline.PipelineStateManager (PipelineStateManager.java:addPipeline(56)) - Created pipeline Pipeline[ Id: 4c85713a-81a7-4dac-af4d-e4614adbb444, Nodes: fe150c76-0559-4cd9-a6d3-a9f1a80e5966{ip: 192.168.5.177, host: pr-hdds-2213-2l6tc-3189445122, networkLocation: /default-rack, certSerialId: null}, Type:RATIS, Factor:ONE, State:OPEN]
2019-10-01 20:50:04,430 [grpc-default-executor-0] INFO  impl.RaftServerProxy (RaftServerProxy.java:addNew(89)) - 107cbbe0-2f27-4026-84b2-64e87464c671: addNew group-F7440D56CC2D:[be578bb6-8427-4561-a972-b36fbc0bb82d:192.168.5.177:42430, fe150c76-0559-4cd9-a6d3-a9f1a80e5966:192.168.5.177:43440, 107cbbe0-2f27-4026-84b2-64e87464c671:192.168.5.177:39749] returns group-F7440D56CC2D:java.util.concurrent.CompletableFuture@4506aad8[Not completed]
2019-10-01 20:50:04,430 [grpc-default-executor-8] INFO  impl.RaftServerProxy (RaftServerProxy.java:addNew(89)) - be578bb6-8427-4561-a972-b36fbc0bb82d: addNew group-F7440D56CC2D:[be578bb6-8427-4561-a972-b36fbc0bb82d:192.168.5.177:42430, fe150c76-0559-4cd9-a6d3-a9f1a80e5966:192.168.5.177:43440, 107cbbe0-2f27-4026-84b2-64e87464c671:192.168.5.177:39749] returns group-F7440D56CC2D:java.util.concurrent.CompletableFuture@2c8b7754[Not completed]
2019-10-01 20:50:04,431 [grpc-default-executor-0] INFO  impl.RaftServerProxy (RaftServerProxy.java:addNew(89)) - fe150c76-0559-4cd9-a6d3-a9f1a80e5966: addNew group-F7440D56CC2D:[be578bb6-8427-4561-a972-b36fbc0bb82d:192.168.5.177:42430, fe150c76-0559-4cd9-a6d3-a9f1a80e5966:192.168.5.177:43440, 107cbbe0-2f27-4026-84b2-64e87464c671:192.168.5.177:39749] returns group-F7440D56CC2D:java.util.concurrent.CompletableFuture@251b9581[Not completed]
2019-10-01 20:50:04,431 [pool-433-thread-1] INFO  impl.RaftServerImpl (RaftServerImpl.java:<init>(95)) - 107cbbe0-2f27-4026-84b2-64e87464c671: new RaftServerImpl for group-F7440D56CC2D:[be578bb6-8427-4561-a972-b36fbc0bb82d:192.168.5.177:42430, fe150c76-0559-4cd9-a6d3-a9f1a80e5966:192.168.5.177:43440, 107cbbe0-2f27-4026-84b2-64e87464c671:192.168.5.177:39749] with ContainerStateMachine:uninitialized
2019-10-01 20:50:04,432 [pool-433-thread-1] INFO  server.RaftServerConfigKeys (ConfUtils.java:logGet(43)) - raft.server.rpc.timeout.min = 5s (custom)
2019-10-01 20:50:04,432 [pool-433-thread-1] INFO  server.RaftServerConfigKeys (ConfUtils.java:logGet(43)) - raft.server.rpc.timeout.max = 5200ms (custom)
2019-10-01 20:50:04,432 [pool-433-thread-1] INFO  server.RaftServerConfigKeys (ConfUtils.java:logGet(43)) - raft.server.rpcslowness.timeout = 120s (custom)
2019-10-01 20:50:04,432 [pool-443-thread-1] INFO  impl.RaftServerImpl (RaftServerImpl.java:<init>(95)) - fe150c76-0559-4cd9-a6d3-a9f1a80e5966: new RaftServerImpl for group-F7440D56CC2D:[be578bb6-8427-4561-a972-b36fbc0bb82d:192.168.5.177:42430, fe150c76-0559-4cd9-a6d3-a9f1a80e5966:192.168.5.177:43440, 107cbbe0-2f27-4026-84b2-64e87464c671:192.168.5.177:39749] with ContainerStateMachine:uninitialized
2019-10-01 20:50:04,432 [pool-433-thread-1] INFO  server.RaftServerConfigKeys (ConfUtils.java:logGet(43)) - raft.server.sleep.deviation.threshold = 300 (default)
2019-10-01 20:50:04,432 [pool-443-thread-1] INFO  server.RaftServerConfigKeys (ConfUtils.java:logGet(43)) - raft.server.rpc.timeout.min = 5s (custom)
2019-10-01 20:50:04,432 [pool-433-thread-1] INFO  server.RaftServerConfigKeys (ConfUtils.java:logGet(43)) - raft.server.log.appender.install.snapshot.enabled = false (custom)
2019-10-01 20:50:04,432 [pool-413-thread-1] INFO  impl.RaftServerImpl (RaftServerImpl.java:<init>(95)) - be578bb6-8427-4561-a972-b36fbc0bb82d: new RaftServerImpl for group-F7440D56CC2D:[be578bb6-8427-4561-a972-b36fbc0bb82d:192.168.5.177:42430, fe150c76-0559-4cd9-a6d3-a9f1a80e5966:192.168.5.177:43440, 107cbbe0-2f27-4026-84b2-64e87464c671:192.168.5.177:39749] with ContainerStateMachine:uninitialized
2019-10-01 20:50:04,432 [pool-443-thread-1] INFO  server.RaftServerConfigKeys (ConfUtils.java:logGet(43)) - raft.server.rpc.timeout.max = 5200ms (custom)
2019-10-01 20:50:04,433 [pool-413-thread-1] INFO  server.RaftServerConfigKeys (ConfUtils.java:logGet(43)) - raft.server.rpc.timeout.min = 5s (custom)
2019-10-01 20:50:04,433 [pool-433-thread-1] INFO  impl.RaftServerImpl (ServerState.java:<init>(103)) - 107cbbe0-2f27-4026-84b2-64e87464c671@group-F7440D56CC2D: ConfigurationManager, init=-1: [be578bb6-8427-4561-a972-b36fbc0bb82d:192.168.5.177:42430, fe150c76-0559-4cd9-a6d3-a9f1a80e5966:192.168.5.177:43440, 107cbbe0-2f27-4026-84b2-64e87464c671:192.168.5.177:39749], old=null, confs=<EMPTY_MAP>
2019-10-01 20:50:04,433 [pool-413-thread-1] INFO  server.RaftServerConfigKeys (ConfUtils.java:logGet(43)) - raft.server.rpc.timeout.max = 5200ms (custom)
2019-10-01 20:50:04,433 [pool-443-thread-1] INFO  server.RaftServerConfigKeys (ConfUtils.java:logGet(43)) - raft.server.rpcslowness.timeout = 120s (custom)
2019-10-01 20:50:04,433 [pool-413-thread-1] INFO  server.RaftServerConfigKeys (ConfUtils.java:logGet(43)) - raft.server.rpcslowness.timeout = 120s (custom)
2019-10-01 20:50:04,433 [pool-413-thread-1] INFO  server.RaftServerConfigKeys (ConfUtils.java:logGet(43)) - raft.server.sleep.deviation.threshold = 300 (default)
2019-10-01 20:50:04,433 [pool-433-thread-1] INFO  server.RaftServerConfigKeys (ConfUtils.java:logGet(43)) - raft.server.storage.dir = [/workdir/hadoop-ozone/integration-test/target/test-dir/MiniOzoneClusterImpl-421878e6-6fa2-4ecb-bb16-2969c86feb8d/datanode-5/data/ratis] (custom)
2019-10-01 20:50:04,433 [pool-413-thread-1] INFO  server.RaftServerConfigKeys (ConfUtils.java:logGet(43)) - raft.server.log.appender.install.snapshot.enabled = false (custom)
2019-10-01 20:50:04,433 [pool-443-thread-1] INFO  server.RaftServerConfigKeys (ConfUtils.java:logGet(43)) - raft.server.sleep.deviation.threshold = 300 (default)
2019-10-01 20:50:04,434 [pool-413-thread-1] INFO  impl.RaftServerImpl (ServerState.java:<init>(103)) - be578bb6-8427-4561-a972-b36fbc0bb82d@group-F7440D56CC2D: ConfigurationManager, init=-1: [be578bb6-8427-4561-a972-b36fbc0bb82d:192.168.5.177:42430, fe150c76-0559-4cd9-a6d3-a9f1a80e5966:192.168.5.177:43440, 107cbbe0-2f27-4026-84b2-64e87464c671:192.168.5.177:39749], old=null, confs=<EMPTY_MAP>
2019-10-01 20:50:04,434 [pool-433-thread-1] INFO  server.RaftServerConfigKeys (ConfUtils.java:logGet(43)) - raft.server.log.corruption.policy = EXCEPTION (default)
2019-10-01 20:50:04,434 [pool-413-thread-1] INFO  server.RaftServerConfigKeys (ConfUtils.java:logGet(43)) - raft.server.storage.dir = [/workdir/hadoop-ozone/integration-test/target/test-dir/MiniOzoneClusterImpl-421878e6-6fa2-4ecb-bb16-2969c86feb8d/datanode-3/data/ratis] (custom)
2019-10-01 20:50:04,434 [pool-443-thread-1] INFO  server.RaftServerConfigKeys (ConfUtils.java:logGet(43)) - raft.server.log.appender.install.snapshot.enabled = false (custom)
2019-10-01 20:50:04,434 [pool-433-thread-1] INFO  storage.RaftStorageDirectory (RaftStorageDirectory.java:analyzeStorage(246)) - The storage directory /workdir/hadoop-ozone/integration-test/target/test-dir/MiniOzoneClusterImpl-421878e6-6fa2-4ecb-bb16-2969c86feb8d/datanode-5/data/ratis/0985d061-6fa5-4f31-9e0f-f7440d56cc2d does not exist. Creating ...
2019-10-01 20:50:04,434 [pool-443-thread-1] INFO  impl.RaftServerImpl (ServerState.java:<init>(103)) - fe150c76-0559-4cd9-a6d3-a9f1a80e5966@group-F7440D56CC2D: ConfigurationManager, init=-1: [be578bb6-8427-4561-a972-b36fbc0bb82d:192.168.5.177:42430, fe150c76-0559-4cd9-a6d3-a9f1a80e5966:192.168.5.177:43440, 107cbbe0-2f27-4026-84b2-64e87464c671:192.168.5.177:39749], old=null, confs=<EMPTY_MAP>
2019-10-01 20:50:04,434 [pool-413-thread-1] INFO  server.RaftServerConfigKeys (ConfUtils.java:logGet(43)) - raft.server.log.corruption.policy = EXCEPTION (default)
2019-10-01 20:50:04,435 [pool-443-thread-1] INFO  server.RaftServerConfigKeys (ConfUtils.java:logGet(43)) - raft.server.storage.dir = [/workdir/hadoop-ozone/integration-test/target/test-dir/MiniOzoneClusterImpl-421878e6-6fa2-4ecb-bb16-2969c86feb8d/datanode-6/data/ratis] (custom)
2019-10-01 20:50:04,435 [pool-413-thread-1] INFO  storage.RaftStorageDirectory (RaftStorageDirectory.java:analyzeStorage(246)) - The storage directory /workdir/hadoop-ozone/integration-test/target/test-dir/MiniOzoneClusterImpl-421878e6-6fa2-4ecb-bb16-2969c86feb8d/datanode-3/data/ratis/0985d061-6fa5-4f31-9e0f-f7440d56cc2d does not exist. Creating ...
2019-10-01 20:50:04,435 [pool-443-thread-1] INFO  server.RaftServerConfigKeys (ConfUtils.java:logGet(43)) - raft.server.log.corruption.policy = EXCEPTION (default)
2019-10-01 20:50:04,435 [pool-443-thread-1] INFO  storage.RaftStorageDirectory (RaftStorageDirectory.java:analyzeStorage(246)) - The storage directory /workdir/hadoop-ozone/integration-test/target/test-dir/MiniOzoneClusterImpl-421878e6-6fa2-4ecb-bb16-2969c86feb8d/datanode-6/data/ratis/0985d061-6fa5-4f31-9e0f-f7440d56cc2d does not exist. Creating ...
2019-10-01 20:50:04,447 [pool-413-thread-1] INFO  storage.RaftStorageDirectory (RaftStorageDirectory.java:tryLock(328)) - Lock on /workdir/hadoop-ozone/integration-test/target/test-dir/MiniOzoneClusterImpl-421878e6-6fa2-4ecb-bb16-2969c86feb8d/datanode-3/data/ratis/0985d061-6fa5-4f31-9e0f-f7440d56cc2d/in_use.lock acquired by nodename 23198@pr-hdds-2213-2l6tc-3189445122
2019-10-01 20:50:04,447 [pool-443-thread-1] INFO  storage.RaftStorageDirectory (RaftStorageDirectory.java:tryLock(328)) - Lock on /workdir/hadoop-ozone/integration-test/target/test-dir/MiniOzoneClusterImpl-421878e6-6fa2-4ecb-bb16-2969c86feb8d/datanode-6/data/ratis/0985d061-6fa5-4f31-9e0f-f7440d56cc2d/in_use.lock acquired by nodename 23198@pr-hdds-2213-2l6tc-3189445122
2019-10-01 20:50:04,447 [pool-433-thread-1] INFO  storage.RaftStorageDirectory (RaftStorageDirectory.java:tryLock(328)) - Lock on /workdir/hadoop-ozone/integration-test/target/test-dir/MiniOzoneClusterImpl-421878e6-6fa2-4ecb-bb16-2969c86feb8d/datanode-5/data/ratis/0985d061-6fa5-4f31-9e0f-f7440d56cc2d/in_use.lock acquired by nodename 23198@pr-hdds-2213-2l6tc-3189445122
2019-10-01 20:50:04,451 [pool-413-thread-1] INFO  storage.RaftStorage (RaftStorage.java:format(84)) - Storage directory /workdir/hadoop-ozone/integration-test/target/test-dir/MiniOzoneClusterImpl-421878e6-6fa2-4ecb-bb16-2969c86feb8d/datanode-3/data/ratis/0985d061-6fa5-4f31-9e0f-f7440d56cc2d has been successfully formatted.
2019-10-01 20:50:04,451 [pool-443-thread-1] INFO  storage.RaftStorage (RaftStorage.java:format(84)) - Storage directory /workdir/hadoop-ozone/integration-test/target/test-dir/MiniOzoneClusterImpl-421878e6-6fa2-4ecb-bb16-2969c86feb8d/datanode-6/data/ratis/0985d061-6fa5-4f31-9e0f-f7440d56cc2d has been successfully formatted.
2019-10-01 20:50:04,451 [pool-433-thread-1] INFO  storage.RaftStorage (RaftStorage.java:format(84)) - Storage directory /workdir/hadoop-ozone/integration-test/target/test-dir/MiniOzoneClusterImpl-421878e6-6fa2-4ecb-bb16-2969c86feb8d/datanode-5/data/ratis/0985d061-6fa5-4f31-9e0f-f7440d56cc2d has been successfully formatted.
2019-10-01 20:50:04,452 [pool-413-thread-1] INFO  ratis.ContainerStateMachine (ContainerStateMachine.java:loadSnapshot(230)) - group-F7440D56CC2D: The snapshot info is null. Setting the last applied indexto:(t:0, i:~)
2019-10-01 20:50:04,452 [pool-433-thread-1] INFO  ratis.ContainerStateMachine (ContainerStateMachine.java:loadSnapshot(230)) - group-F7440D56CC2D: The snapshot info is null. Setting the last applied indexto:(t:0, i:~)
2019-10-01 20:50:04,452 [pool-443-thread-1] INFO  ratis.ContainerStateMachine (ContainerStateMachine.java:loadSnapshot(230)) - group-F7440D56CC2D: The snapshot info is null. Setting the last applied indexto:(t:0, i:~)
2019-10-01 20:50:04,452 [pool-433-thread-1] INFO  server.RaftServerConfigKeys (ConfUtils.java:logGet(43)) - raft.server.notification.no-leader.timeout = 120s (custom)
2019-10-01 20:50:04,452 [pool-433-thread-1] INFO  server.RaftServerConfigKeys (ConfUtils.java:logGet(43)) - raft.server.log.use.memory = false (default)
2019-10-01 20:50:04,452 [pool-413-thread-1] INFO  server.RaftServerConfigKeys (ConfUtils.java:logGet(43)) - raft.server.notification.no-leader.timeout = 120s (custom)
2019-10-01 20:50:04,452 [pool-433-thread-1] INFO  server.RaftServerConfigKeys (ConfUtils.java:logGet(43)) - raft.server.log.purge.gap = 1000000 (custom)
2019-10-01 20:50:04,452 [pool-443-thread-1] INFO  server.RaftServerConfigKeys (ConfUtils.java:logGet(43)) - raft.server.notification.no-leader.timeout = 120s (custom)
2019-10-01 20:50:04,453 [pool-433-thread-1] INFO  server.RaftServerConfigKeys (ConfUtils.java:logGet(43)) - raft.server.log.appender.buffer.byte-limit = 33554432 (custom)
2019-10-01 20:50:04,452 [pool-413-thread-1] INFO  server.RaftServerConfigKeys (ConfUtils.java:logGet(43)) - raft.server.log.use.memory = false (default)
2019-10-01 20:50:04,453 [pool-433-thread-1] INFO  server.RaftServerConfigKeys (ConfUtils.java:logGet(43)) - raft.server.log.segment.size.max = 1048576 (custom)
2019-10-01 20:50:04,453 [pool-443-thread-1] INFO  server.RaftServerConfigKeys (ConfUtils.java:logGet(43)) - raft.server.log.use.memory = false (default)
2019-10-01 20:50:04,453 [pool-433-thread-1] INFO  server.RaftServerConfigKeys (ConfUtils.java:logGet(43)) - raft.server.log.segment.cache.num.max = 2 (custom)
2019-10-01 20:50:04,453 [pool-413-thread-1] INFO  server.RaftServerConfigKeys (ConfUtils.java:logGet(43)) - raft.server.log.purge.gap = 1000000 (custom)
2019-10-01 20:50:04,453 [pool-433-thread-1] INFO  segmented.SegmentedRaftLogWorker (SegmentedRaftLogWorker.java:<init>(173)) - new 107cbbe0-2f27-4026-84b2-64e87464c671@group-F7440D56CC2D-SegmentedRaftLogWorker for RaftStorage:Storage Directory /workdir/hadoop-ozone/integration-test/target/test-dir/MiniOzoneClusterImpl-421878e6-6fa2-4ecb-bb16-2969c86feb8d/datanode-5/data/ratis/0985d061-6fa5-4f31-9e0f-f7440d56cc2d
2019-10-01 20:50:04,453 [pool-443-thread-1] INFO  server.RaftServerConfigKeys (ConfUtils.java:logGet(43)) - raft.server.log.purge.gap = 1000000 (custom)
2019-10-01 20:50:04,453 [pool-433-thread-1] INFO  server.RaftServerConfigKeys (ConfUtils.java:logGet(43)) - raft.server.log.queue.byte-limit = 2147483647 (custom)
2019-10-01 20:50:04,453 [pool-413-thread-1] INFO  server.RaftServerConfigKeys (ConfUtils.java:logGet(43)) - raft.server.log.appender.buffer.byte-limit = 33554432 (custom)
2019-10-01 20:50:04,454 [pool-433-thread-1] INFO  server.RaftServerConfigKeys (ConfUtils.java:logGet(43)) - raft.server.log.queue.element-limit = 1024 (custom)
2019-10-01 20:50:04,454 [pool-443-thread-1] INFO  server.RaftServerConfigKeys (ConfUtils.java:logGet(43)) - raft.server.log.appender.buffer.byte-limit = 33554432 (custom)
2019-10-01 20:50:04,454 [pool-433-thread-1] INFO  server.RaftServerConfigKeys (ConfUtils.java:logGet(43)) - raft.server.log.segment.size.max = 1048576 (custom)
2019-10-01 20:50:04,454 [pool-433-thread-1] INFO  server.RaftServerConfigKeys (ConfUtils.java:logGet(43)) - raft.server.log.preallocated.size = 16384 (custom)
2019-10-01 20:50:04,454 [pool-413-thread-1] INFO  server.RaftServerConfigKeys (ConfUtils.java:logGet(43)) - raft.server.log.segment.size.max = 1048576 (custom)
2019-10-01 20:50:04,454 [pool-433-thread-1] INFO  server.RaftServerConfigKeys (ConfUtils.java:logGet(43)) - raft.server.log.write.buffer.size = 33554432 (custom)
2019-10-01 20:50:04,454 [pool-433-thread-1] INFO  server.RaftServerConfigKeys (ConfUtils.java:logGet(43)) - raft.server.log.force.sync.num = 128 (default)
2019-10-01 20:50:04,454 [pool-443-thread-1] INFO  server.RaftServerConfigKeys (ConfUtils.java:logGet(43)) - raft.server.log.segment.size.max = 1048576 (custom)
2019-10-01 20:50:04,455 [pool-433-thread-1] INFO  server.RaftServerConfigKeys (ConfUtils.java:logGet(43)) - raft.server.log.statemachine.data.sync = true (default)
2019-10-01 20:50:04,454 [pool-413-thread-1] INFO  server.RaftServerConfigKeys (ConfUtils.java:logGet(43)) - raft.server.log.segment.cache.num.max = 2 (custom)
2019-10-01 20:50:04,455 [pool-433-thread-1] INFO  server.RaftServerConfigKeys (ConfUtils.java:logGet(43)) - raft.server.log.statemachine.data.sync.timeout = 10s (default)
2019-10-01 20:50:04,455 [pool-443-thread-1] INFO  server.RaftServerConfigKeys (ConfUtils.java:logGet(43)) - raft.server.log.segment.cache.num.max = 2 (custom)
2019-10-01 20:50:04,455 [pool-433-thread-1] INFO  server.RaftServerConfigKeys (ConfUtils.java:logGet(43)) - raft.server.log.statemachine.data.sync.timeout.retry = -1 (default)
2019-10-01 20:50:04,455 [pool-413-thread-1] INFO  segmented.SegmentedRaftLogWorker (SegmentedRaftLogWorker.java:<init>(173)) - new be578bb6-8427-4561-a972-b36fbc0bb82d@group-F7440D56CC2D-SegmentedRaftLogWorker for RaftStorage:Storage Directory /workdir/hadoop-ozone/integration-test/target/test-dir/MiniOzoneClusterImpl-421878e6-6fa2-4ecb-bb16-2969c86feb8d/datanode-3/data/ratis/0985d061-6fa5-4f31-9e0f-f7440d56cc2d
2019-10-01 20:50:04,455 [pool-433-thread-1] INFO  server.RaftServerConfigKeys (ConfUtils.java:logGet(43)) - raft.server.log.statemachine.data.caching.enabled = true (custom)
2019-10-01 20:50:04,455 [pool-443-thread-1] INFO  segmented.SegmentedRaftLogWorker (SegmentedRaftLogWorker.java:<init>(173)) - new fe150c76-0559-4cd9-a6d3-a9f1a80e5966@group-F7440D56CC2D-SegmentedRaftLogWorker for RaftStorage:Storage Directory /workdir/hadoop-ozone/integration-test/target/test-dir/MiniOzoneClusterImpl-421878e6-6fa2-4ecb-bb16-2969c86feb8d/datanode-6/data/ratis/0985d061-6fa5-4f31-9e0f-f7440d56cc2d
2019-10-01 20:50:04,456 [pool-433-thread-1] INFO  segmented.SegmentedRaftLogWorker (SegmentedRaftLogWorker.java:lambda$new$0(128)) - 107cbbe0-2f27-4026-84b2-64e87464c671@group-F7440D56CC2D-SegmentedRaftLogWorker: flushIndex: setUnconditionally 0 -> -1
2019-10-01 20:50:04,455 [pool-413-thread-1] INFO  server.RaftServerConfigKeys (ConfUtils.java:logGet(43)) - raft.server.log.queue.byte-limit = 2147483647 (custom)
2019-10-01 20:50:04,456 [pool-443-thread-1] INFO  server.RaftServerConfigKeys (ConfUtils.java:logGet(43)) - raft.server.log.queue.byte-limit = 2147483647 (custom)
2019-10-01 20:50:04,456 [pool-433-thread-1] INFO  server.RaftServerConfigKeys (ConfUtils.java:logGet(43)) - raft.server.snapshot.auto.trigger.enabled = true (custom)
2019-10-01 20:50:04,456 [pool-413-thread-1] INFO  server.RaftServerConfigKeys (ConfUtils.java:logGet(43)) - raft.server.log.queue.element-limit = 1024 (custom)
2019-10-01 20:50:04,456 [pool-433-thread-1] INFO  server.RaftServerConfigKeys (ConfUtils.java:logGet(43)) - raft.server.snapshot.auto.trigger.threshold = 10000 (custom)
2019-10-01 20:50:04,456 [pool-443-thread-1] INFO  server.RaftServerConfigKeys (ConfUtils.java:logGet(43)) - raft.server.log.queue.element-limit = 1024 (custom)
2019-10-01 20:50:04,456 [pool-433-thread-1] INFO  server.RaftServerConfigKeys (ConfUtils.java:logGet(43)) - raft.server.snapshot.retention.file.num = 5 (custom)
2019-10-01 20:50:04,456 [pool-413-thread-1] INFO  server.RaftServerConfigKeys (ConfUtils.java:logGet(43)) - raft.server.log.segment.size.max = 1048576 (custom)
2019-10-01 20:50:04,457 [pool-433-thread-1] INFO  server.RaftServerConfigKeys (ConfUtils.java:logGet(43)) - raft.server.retrycache.expirytime = 600000ms (custom)
2019-10-01 20:50:04,457 [pool-443-thread-1] INFO  server.RaftServerConfigKeys (ConfUtils.java:logGet(43)) - raft.server.log.segment.size.max = 1048576 (custom)
2019-10-01 20:50:04,457 [pool-413-thread-1] INFO  server.RaftServerConfigKeys (ConfUtils.java:logGet(43)) - raft.server.log.preallocated.size = 16384 (custom)
2019-10-01 20:50:04,457 [pool-443-thread-1] INFO  server.RaftServerConfigKeys (ConfUtils.java:logGet(43)) - raft.server.log.preallocated.size = 16384 (custom)
2019-10-01 20:50:04,457 [pool-443-thread-1] INFO  server.RaftServerConfigKeys (ConfUtils.java:logGet(43)) - raft.server.log.write.buffer.size = 33554432 (custom)
2019-10-01 20:50:04,457 [pool-413-thread-1] INFO  server.RaftServerConfigKeys (ConfUtils.java:logGet(43)) - raft.server.log.write.buffer.size = 33554432 (custom)
2019-10-01 20:50:04,458 [pool-443-thread-1] INFO  server.RaftServerConfigKeys (ConfUtils.java:logGet(43)) - raft.server.log.force.sync.num = 128 (default)
2019-10-01 20:50:04,458 [pool-413-thread-1] INFO  server.RaftServerConfigKeys (ConfUtils.java:logGet(43)) - raft.server.log.force.sync.num = 128 (default)
2019-10-01 20:50:04,458 [pool-443-thread-1] INFO  server.RaftServerConfigKeys (ConfUtils.java:logGet(43)) - raft.server.log.statemachine.data.sync = true (default)
2019-10-01 20:50:04,458 [pool-413-thread-1] INFO  server.RaftServerConfigKeys (ConfUtils.java:logGet(43)) - raft.server.log.statemachine.data.sync = true (default)
2019-10-01 20:50:04,458 [pool-443-thread-1] INFO  server.RaftServerConfigKeys (ConfUtils.java:logGet(43)) - raft.server.log.statemachine.data.sync.timeout = 10s (default)
2019-10-01 20:50:04,458 [pool-413-thread-1] INFO  server.RaftServerConfigKeys (ConfUtils.java:logGet(43)) - raft.server.log.statemachine.data.sync.timeout = 10s (default)
2019-10-01 20:50:04,458 [pool-443-thread-1] INFO  server.RaftServerConfigKeys (ConfUtils.java:logGet(43)) - raft.server.log.statemachine.data.sync.timeout.retry = -1 (default)
2019-10-01 20:50:04,459 [pool-413-thread-1] INFO  server.RaftServerConfigKeys (ConfUtils.java:logGet(43)) - raft.server.log.statemachine.data.sync.timeout.retry = -1 (default)
2019-10-01 20:50:04,459 [pool-433-thread-1] INFO  impl.RaftServerImpl (RaftServerImpl.java:start(181)) - 107cbbe0-2f27-4026-84b2-64e87464c671@group-F7440D56CC2D: start as a follower, conf=-1: [be578bb6-8427-4561-a972-b36fbc0bb82d:192.168.5.177:42430, fe150c76-0559-4cd9-a6d3-a9f1a80e5966:192.168.5.177:43440, 107cbbe0-2f27-4026-84b2-64e87464c671:192.168.5.177:39749], old=null
2019-10-01 20:50:04,459 [pool-413-thread-1] INFO  server.RaftServerConfigKeys (ConfUtils.java:logGet(43)) - raft.server.log.statemachine.data.caching.enabled = true (custom)
2019-10-01 20:50:04,459 [pool-443-thread-1] INFO  server.RaftServerConfigKeys (ConfUtils.java:logGet(43)) - raft.server.log.statemachine.data.caching.enabled = true (custom)
2019-10-01 20:50:04,459 [pool-433-thread-1] INFO  impl.RaftServerImpl (RaftServerImpl.java:setRole(170)) - 107cbbe0-2f27-4026-84b2-64e87464c671@group-F7440D56CC2D: changes role from      null to FOLLOWER at term 0 for startAsFollower
2019-10-01 20:50:04,460 [pool-413-thread-1] INFO  segmented.SegmentedRaftLogWorker (SegmentedRaftLogWorker.java:lambda$new$0(128)) - be578bb6-8427-4561-a972-b36fbc0bb82d@group-F7440D56CC2D-SegmentedRaftLogWorker: flushIndex: setUnconditionally 0 -> -1
2019-10-01 20:50:04,460 [pool-433-thread-1] INFO  impl.RoleInfo (RoleInfo.java:updateAndGet(143)) - 107cbbe0-2f27-4026-84b2-64e87464c671: start FollowerState
2019-10-01 20:50:04,460 [pool-443-thread-1] INFO  segmented.SegmentedRaftLogWorker (SegmentedRaftLogWorker.java:lambda$new$0(128)) - fe150c76-0559-4cd9-a6d3-a9f1a80e5966@group-F7440D56CC2D-SegmentedRaftLogWorker: flushIndex: setUnconditionally 0 -> -1
2019-10-01 20:50:04,460 [pool-413-thread-1] INFO  server.RaftServerConfigKeys (ConfUtils.java:logGet(43)) - raft.server.snapshot.auto.trigger.enabled = true (custom)
2019-10-01 20:50:04,460 [pool-413-thread-1] INFO  server.RaftServerConfigKeys (ConfUtils.java:logGet(43)) - raft.server.snapshot.auto.trigger.threshold = 10000 (custom)
2019-10-01 20:50:04,460 [pool-443-thread-1] INFO  server.RaftServerConfigKeys (ConfUtils.java:logGet(43)) - raft.server.snapshot.auto.trigger.enabled = true (custom)
2019-10-01 20:50:04,460 [pool-433-thread-1] INFO  util.JmxRegister (JmxRegister.java:tryRegister(44)) - Successfully registered JMX Bean with object name Ratis:service=RaftServer,group=group-F7440D56CC2D,id=107cbbe0-2f27-4026-84b2-64e87464c671
2019-10-01 20:50:04,461 [pool-443-thread-1] INFO  server.RaftServerConfigKeys (ConfUtils.java:logGet(43)) - raft.server.snapshot.auto.trigger.threshold = 10000 (custom)
2019-10-01 20:50:04,460 [pool-413-thread-1] INFO  server.RaftServerConfigKeys (ConfUtils.java:logGet(43)) - raft.server.snapshot.retention.file.num = 5 (custom)
2019-10-01 20:50:04,461 [pool-443-thread-1] INFO  server.RaftServerConfigKeys (ConfUtils.java:logGet(43)) - raft.server.snapshot.retention.file.num = 5 (custom)
2019-10-01 20:50:04,461 [pool-413-thread-1] INFO  server.RaftServerConfigKeys (ConfUtils.java:logGet(43)) - raft.server.retrycache.expirytime = 600000ms (custom)
2019-10-01 20:50:04,461 [pool-443-thread-1] INFO  server.RaftServerConfigKeys (ConfUtils.java:logGet(43)) - raft.server.retrycache.expirytime = 600000ms (custom)
2019-10-01 20:50:04,465 [pool-413-thread-1] INFO  impl.RaftServerImpl (RaftServerImpl.java:start(181)) - be578bb6-8427-4561-a972-b36fbc0bb82d@group-F7440D56CC2D: start as a follower, conf=-1: [be578bb6-8427-4561-a972-b36fbc0bb82d:192.168.5.177:42430, fe150c76-0559-4cd9-a6d3-a9f1a80e5966:192.168.5.177:43440, 107cbbe0-2f27-4026-84b2-64e87464c671:192.168.5.177:39749], old=null
2019-10-01 20:50:04,465 [pool-443-thread-1] INFO  impl.RaftServerImpl (RaftServerImpl.java:start(181)) - fe150c76-0559-4cd9-a6d3-a9f1a80e5966@group-F7440D56CC2D: start as a follower, conf=-1: [be578bb6-8427-4561-a972-b36fbc0bb82d:192.168.5.177:42430, fe150c76-0559-4cd9-a6d3-a9f1a80e5966:192.168.5.177:43440, 107cbbe0-2f27-4026-84b2-64e87464c671:192.168.5.177:39749], old=null
2019-10-01 20:50:04,465 [pool-413-thread-1] INFO  impl.RaftServerImpl (RaftServerImpl.java:setRole(170)) - be578bb6-8427-4561-a972-b36fbc0bb82d@group-F7440D56CC2D: changes role from      null to FOLLOWER at term 0 for startAsFollower
2019-10-01 20:50:04,465 [pool-443-thread-1] INFO  impl.RaftServerImpl (RaftServerImpl.java:setRole(170)) - fe150c76-0559-4cd9-a6d3-a9f1a80e5966@group-F7440D56CC2D: changes role from      null to FOLLOWER at term 0 for startAsFollower
2019-10-01 20:50:04,466 [pool-413-thread-1] INFO  impl.RoleInfo (RoleInfo.java:updateAndGet(143)) - be578bb6-8427-4561-a972-b36fbc0bb82d: start FollowerState
2019-10-01 20:50:04,466 [pool-443-thread-1] INFO  impl.RoleInfo (RoleInfo.java:updateAndGet(143)) - fe150c76-0559-4cd9-a6d3-a9f1a80e5966: start FollowerState
2019-10-01 20:50:04,466 [pool-413-thread-1] INFO  util.JmxRegister (JmxRegister.java:tryRegister(44)) - Successfully registered JMX Bean with object name Ratis:service=RaftServer,group=group-F7440D56CC2D,id=be578bb6-8427-4561-a972-b36fbc0bb82d
2019-10-01 20:50:04,466 [pool-443-thread-1] INFO  util.JmxRegister (JmxRegister.java:tryRegister(44)) - Successfully registered JMX Bean with object name Ratis:service=RaftServer,group=group-F7440D56CC2D,id=fe150c76-0559-4cd9-a6d3-a9f1a80e5966
2019-10-01 20:50:04,472 [RatisPipelineUtilsThread] INFO  pipeline.PipelineStateManager (PipelineStateManager.java:addPipeline(56)) - Created pipeline Pipeline[ Id: 0985d061-6fa5-4f31-9e0f-f7440d56cc2d, Nodes: 107cbbe0-2f27-4026-84b2-64e87464c671{ip: 192.168.5.177, host: pr-hdds-2213-2l6tc-3189445122, networkLocation: /default-rack, certSerialId: null}fe150c76-0559-4cd9-a6d3-a9f1a80e5966{ip: 192.168.5.177, host: pr-hdds-2213-2l6tc-3189445122, networkLocation: /default-rack, certSerialId: null}be578bb6-8427-4561-a972-b36fbc0bb82d{ip: 192.168.5.177, host: pr-hdds-2213-2l6tc-3189445122, networkLocation: /default-rack, certSerialId: null}, Type:RATIS, Factor:THREE, State:OPEN]
2019-10-01 20:50:04,890 [grpc-default-executor-9] WARN  server.GrpcLogAppender (LogUtils.java:warn(134)) - 5eae8d89-2554-4fd6-97cf-239256c32a64@group-3D723BC38E81->364d6562-bb48-4b36-aaf0-ec4292e9bf14-AppendLogResponseHandler: Failed appendEntries: org.apache.ratis.thirdparty.io.grpc.StatusRuntimeException: UNAVAILABLE: io exception
2019-10-01 20:50:04,890 [grpc-default-executor-5] WARN  server.GrpcLogAppender (LogUtils.java:warn(134)) - 5eae8d89-2554-4fd6-97cf-239256c32a64@group-3D723BC38E81->8d0405c5-db0d-40fd-a5c9-fcc8c0c78ea9-AppendLogResponseHandler: Failed appendEntries: org.apache.ratis.thirdparty.io.grpc.StatusRuntimeException: UNAVAILABLE: io exception
2019-10-01 20:50:04,896 [grpc-default-executor-9] INFO  impl.FollowerInfo (FollowerInfo.java:lambda$new$0(51)) - 5eae8d89-2554-4fd6-97cf-239256c32a64@group-3D723BC38E81->364d6562-bb48-4b36-aaf0-ec4292e9bf14: nextIndex: updateUnconditionally 0 -> 0
2019-10-01 20:50:04,896 [grpc-default-executor-5] INFO  impl.FollowerInfo (FollowerInfo.java:lambda$new$0(51)) - 5eae8d89-2554-4fd6-97cf-239256c32a64@group-3D723BC38E81->8d0405c5-db0d-40fd-a5c9-fcc8c0c78ea9: nextIndex: updateUnconditionally 0 -> 0
2019-10-01 20:50:06,840 [Thread-2264] INFO  container.ReplicationManager (ReplicationManager.java:start(162)) - Starting Replication Monitor Thread.
2019-10-01 20:50:06,846 [ReplicationMonitor] INFO  container.ReplicationManager (ReplicationManager.java:run(225)) - Replication Monitor Thread took 0 milliseconds for processing 1 containers.
2019-10-01 20:50:07,390 [grpc-default-executor-0] WARN  server.GrpcLogAppender (LogUtils.java:warn(134)) - 5eae8d89-2554-4fd6-97cf-239256c32a64@group-3D723BC38E81->8d0405c5-db0d-40fd-a5c9-fcc8c0c78ea9-AppendLogResponseHandler: Failed appendEntries: org.apache.ratis.thirdparty.io.grpc.StatusRuntimeException: UNAVAILABLE: io exception
2019-10-01 20:50:07,390 [grpc-default-executor-1] WARN  server.GrpcLogAppender (LogUtils.java:warn(134)) - 5eae8d89-2554-4fd6-97cf-239256c32a64@group-3D723BC38E81->364d6562-bb48-4b36-aaf0-ec4292e9bf14-AppendLogResponseHandler: Failed appendEntries: org.apache.ratis.thirdparty.io.grpc.StatusRuntimeException: UNAVAILABLE: io exception
2019-10-01 20:50:07,390 [grpc-default-executor-0] INFO  impl.FollowerInfo (FollowerInfo.java:lambda$new$0(51)) - 5eae8d89-2554-4fd6-97cf-239256c32a64@group-3D723BC38E81->8d0405c5-db0d-40fd-a5c9-fcc8c0c78ea9: nextIndex: updateUnconditionally 0 -> 0
2019-10-01 20:50:07,390 [grpc-default-executor-1] INFO  impl.FollowerInfo (FollowerInfo.java:lambda$new$0(51)) - 5eae8d89-2554-4fd6-97cf-239256c32a64@group-3D723BC38E81->364d6562-bb48-4b36-aaf0-ec4292e9bf14: nextIndex: updateUnconditionally 0 -> 0
2019-10-01 20:50:08,857 [Thread-2328] INFO  client.GrpcClientProtocolService (GrpcClientProtocolService.java:lambda$processClientRequest$0(278)) - Failed RaftClientRequest:client-82C999A77EBB->5eae8d89-2554-4fd6-97cf-239256c32a64@group-3D723BC38E81, cid=68, seq=0, Watch-MAJORITY_COMMITTED(16), Message:<EMPTY>, reply=RaftClientReply:client-82C999A77EBB->5eae8d89-2554-4fd6-97cf-239256c32a64@group-3D723BC38E81, cid=68, FAILED org.apache.ratis.protocol.NotReplicatedException: Request with call Id 68 and log index 16 is not yet replicated to MAJORITY_COMMITTED, logIndex=16, commits[5eae8d89-2554-4fd6-97cf-239256c32a64:c2, 364d6562-bb48-4b36-aaf0-ec4292e9bf14:c2, 8d0405c5-db0d-40fd-a5c9-fcc8c0c78ea9:c2]
2019-10-01 20:50:08,857 [Thread-2329] INFO  client.GrpcClientProtocolService (GrpcClientProtocolService.java:lambda$processClientRequest$0(278)) - Failed RaftClientRequest:client-82C999A77EBB->5eae8d89-2554-4fd6-97cf-239256c32a64@group-3D723BC38E81, cid=67, seq=0, Watch-ALL_COMMITTED(16), Message:<EMPTY>, reply=RaftClientReply:client-82C999A77EBB->5eae8d89-2554-4fd6-97cf-239256c32a64@group-3D723BC38E81, cid=67, FAILED org.apache.ratis.protocol.NotReplicatedException: Request with call Id 67 and log index 16 is not yet replicated to ALL_COMMITTED, logIndex=16, commits[5eae8d89-2554-4fd6-97cf-239256c32a64:c2, 364d6562-bb48-4b36-aaf0-ec4292e9bf14:c2, 8d0405c5-db0d-40fd-a5c9-fcc8c0c78ea9:c2]
2019-10-01 20:50:09,038 [Thread-2272] INFO  impl.FollowerState (FollowerState.java:run(108)) - 865957d6-a698-4fd9-9d54-29030c60b7f2@group-B8DBA11901AF-FollowerState: change to CANDIDATE, lastRpcTime:5010ms, electionTimeout:5010ms
2019-10-01 20:50:09,044 [Thread-2272] INFO  impl.RoleInfo (RoleInfo.java:shutdownFollowerState(121)) - 865957d6-a698-4fd9-9d54-29030c60b7f2: shutdown FollowerState
2019-10-01 20:50:09,044 [Thread-2272] INFO  impl.RaftServerImpl (RaftServerImpl.java:setRole(170)) - 865957d6-a698-4fd9-9d54-29030c60b7f2@group-B8DBA11901AF: changes role from  FOLLOWER to CANDIDATE at term 0 for changeToCandidate
2019-10-01 20:50:09,045 [Thread-2272] INFO  impl.RoleInfo (RoleInfo.java:updateAndGet(143)) - 865957d6-a698-4fd9-9d54-29030c60b7f2: start LeaderElection
2019-10-01 20:50:09,057 [Thread-2266] INFO  impl.FollowerState (FollowerState.java:run(108)) - b9f3e374-3782-44bb-9f99-14eb65aa24c4@group-47E6DD7909C6-FollowerState: change to CANDIDATE, lastRpcTime:5170ms, electionTimeout:5166ms
2019-10-01 20:50:09,061 [Thread-2266] INFO  impl.RoleInfo (RoleInfo.java:shutdownFollowerState(121)) - b9f3e374-3782-44bb-9f99-14eb65aa24c4: shutdown FollowerState
2019-10-01 20:50:09,061 [Thread-2266] INFO  impl.RaftServerImpl (RaftServerImpl.java:setRole(170)) - b9f3e374-3782-44bb-9f99-14eb65aa24c4@group-47E6DD7909C6: changes role from  FOLLOWER to CANDIDATE at term 0 for changeToCandidate
2019-10-01 20:50:09,061 [Thread-2266] INFO  impl.RoleInfo (RoleInfo.java:updateAndGet(143)) - b9f3e374-3782-44bb-9f99-14eb65aa24c4: start LeaderElection
2019-10-01 20:50:09,078 [b9f3e374-3782-44bb-9f99-14eb65aa24c4@group-47E6DD7909C6-LeaderElection54] INFO  impl.LeaderElection (LeaderElection.java:askForVotes(178)) - b9f3e374-3782-44bb-9f99-14eb65aa24c4@group-47E6DD7909C6-LeaderElection54: begin an election at term 1 for -1: [b9f3e374-3782-44bb-9f99-14eb65aa24c4:192.168.5.177:41537], old=null
2019-10-01 20:50:09,078 [865957d6-a698-4fd9-9d54-29030c60b7f2@group-B8DBA11901AF-LeaderElection53] INFO  impl.LeaderElection (LeaderElection.java:askForVotes(178)) - 865957d6-a698-4fd9-9d54-29030c60b7f2@group-B8DBA11901AF-LeaderElection53: begin an election at term 1 for -1: [865957d6-a698-4fd9-9d54-29030c60b7f2:192.168.5.177:34543], old=null
2019-10-01 20:50:09,079 [b9f3e374-3782-44bb-9f99-14eb65aa24c4@group-47E6DD7909C6-LeaderElection54] INFO  impl.RoleInfo (RoleInfo.java:shutdownLeaderElection(134)) - b9f3e374-3782-44bb-9f99-14eb65aa24c4: shutdown LeaderElection
2019-10-01 20:50:09,079 [865957d6-a698-4fd9-9d54-29030c60b7f2@group-B8DBA11901AF-LeaderElection53] INFO  impl.RoleInfo (RoleInfo.java:shutdownLeaderElection(134)) - 865957d6-a698-4fd9-9d54-29030c60b7f2: shutdown LeaderElection
2019-10-01 20:50:09,079 [b9f3e374-3782-44bb-9f99-14eb65aa24c4@group-47E6DD7909C6-LeaderElection54] INFO  impl.RaftServerImpl (RaftServerImpl.java:setRole(170)) - b9f3e374-3782-44bb-9f99-14eb65aa24c4@group-47E6DD7909C6: changes role from CANDIDATE to LEADER at term 1 for changeToLeader
2019-10-01 20:50:09,079 [865957d6-a698-4fd9-9d54-29030c60b7f2@group-B8DBA11901AF-LeaderElection53] INFO  impl.RaftServerImpl (RaftServerImpl.java:setRole(170)) - 865957d6-a698-4fd9-9d54-29030c60b7f2@group-B8DBA11901AF: changes role from CANDIDATE to LEADER at term 1 for changeToLeader
2019-10-01 20:50:09,079 [b9f3e374-3782-44bb-9f99-14eb65aa24c4@group-47E6DD7909C6-LeaderElection54] INFO  impl.RaftServerImpl (ServerState.java:setLeader(255)) - b9f3e374-3782-44bb-9f99-14eb65aa24c4@group-47E6DD7909C6: change Leader from null to b9f3e374-3782-44bb-9f99-14eb65aa24c4 at term 1 for becomeLeader, leader elected after 5199ms
2019-10-01 20:50:09,079 [865957d6-a698-4fd9-9d54-29030c60b7f2@group-B8DBA11901AF-LeaderElection53] INFO  impl.RaftServerImpl (ServerState.java:setLeader(255)) - 865957d6-a698-4fd9-9d54-29030c60b7f2@group-B8DBA11901AF: change Leader from null to 865957d6-a698-4fd9-9d54-29030c60b7f2 at term 1 for becomeLeader, leader elected after 5056ms
2019-10-01 20:50:09,079 [b9f3e374-3782-44bb-9f99-14eb65aa24c4@group-47E6DD7909C6-LeaderElection54] INFO  server.RaftServerConfigKeys (ConfUtils.java:logGet(43)) - raft.server.staging.catchup.gap = 1000 (default)
2019-10-01 20:50:09,079 [865957d6-a698-4fd9-9d54-29030c60b7f2@group-B8DBA11901AF-LeaderElection53] INFO  server.RaftServerConfigKeys (ConfUtils.java:logGet(43)) - raft.server.staging.catchup.gap = 1000 (default)
2019-10-01 20:50:09,080 [b9f3e374-3782-44bb-9f99-14eb65aa24c4@group-47E6DD7909C6-LeaderElection54] INFO  server.RaftServerConfigKeys (ConfUtils.java:logGet(43)) - raft.server.rpc.sleep.time = 25ms (default)
2019-10-01 20:50:09,080 [865957d6-a698-4fd9-9d54-29030c60b7f2@group-B8DBA11901AF-LeaderElection53] INFO  server.RaftServerConfigKeys (ConfUtils.java:logGet(43)) - raft.server.rpc.sleep.time = 25ms (default)
2019-10-01 20:50:09,080 [b9f3e374-3782-44bb-9f99-14eb65aa24c4@group-47E6DD7909C6-LeaderElection54] INFO  server.RaftServerConfigKeys (ConfUtils.java:logGet(43)) - raft.server.write.element-limit = 4096 (default)
2019-10-01 20:50:09,080 [865957d6-a698-4fd9-9d54-29030c60b7f2@group-B8DBA11901AF-LeaderElection53] INFO  server.RaftServerConfigKeys (ConfUtils.java:logGet(43)) - raft.server.write.element-limit = 4096 (default)
2019-10-01 20:50:09,080 [b9f3e374-3782-44bb-9f99-14eb65aa24c4@group-47E6DD7909C6-LeaderElection54] INFO  server.RaftServerConfigKeys (ConfUtils.java:logGet(43)) - raft.server.watch.timeout = 10s (default)
2019-10-01 20:50:09,080 [865957d6-a698-4fd9-9d54-29030c60b7f2@group-B8DBA11901AF-LeaderElection53] INFO  server.RaftServerConfigKeys (ConfUtils.java:logGet(43)) - raft.server.watch.timeout = 10s (default)
2019-10-01 20:50:09,080 [b9f3e374-3782-44bb-9f99-14eb65aa24c4@group-47E6DD7909C6-LeaderElection54] INFO  server.RaftServerConfigKeys (ConfUtils.java:logGet(43)) - raft.server.watch.timeout.denomination = 1s (default)
2019-10-01 20:50:09,081 [865957d6-a698-4fd9-9d54-29030c60b7f2@group-B8DBA11901AF-LeaderElection53] INFO  server.RaftServerConfigKeys (ConfUtils.java:logGet(43)) - raft.server.watch.timeout.denomination = 1s (default)
2019-10-01 20:50:09,081 [b9f3e374-3782-44bb-9f99-14eb65aa24c4@group-47E6DD7909C6-LeaderElection54] INFO  server.RaftServerConfigKeys (ConfUtils.java:logGet(43)) - raft.server.watch.element-limit = 65536 (default)
2019-10-01 20:50:09,081 [865957d6-a698-4fd9-9d54-29030c60b7f2@group-B8DBA11901AF-LeaderElection53] INFO  server.RaftServerConfigKeys (ConfUtils.java:logGet(43)) - raft.server.watch.element-limit = 65536 (default)
2019-10-01 20:50:09,084 [b9f3e374-3782-44bb-9f99-14eb65aa24c4@group-47E6DD7909C6-LeaderElection54] INFO  impl.RoleInfo (RoleInfo.java:updateAndGet(143)) - b9f3e374-3782-44bb-9f99-14eb65aa24c4: start LeaderState
2019-10-01 20:50:09,084 [865957d6-a698-4fd9-9d54-29030c60b7f2@group-B8DBA11901AF-LeaderElection53] INFO  impl.RoleInfo (RoleInfo.java:updateAndGet(143)) - 865957d6-a698-4fd9-9d54-29030c60b7f2: start LeaderState
2019-10-01 20:50:09,085 [b9f3e374-3782-44bb-9f99-14eb65aa24c4@group-47E6DD7909C6-LeaderElection54] INFO  segmented.SegmentedRaftLogWorker (SegmentedRaftLogWorker.java:startLogSegment(385)) - b9f3e374-3782-44bb-9f99-14eb65aa24c4@group-47E6DD7909C6-SegmentedRaftLogWorker: Starting segment from index:0
2019-10-01 20:50:09,085 [865957d6-a698-4fd9-9d54-29030c60b7f2@group-B8DBA11901AF-LeaderElection53] INFO  segmented.SegmentedRaftLogWorker (SegmentedRaftLogWorker.java:startLogSegment(385)) - 865957d6-a698-4fd9-9d54-29030c60b7f2@group-B8DBA11901AF-SegmentedRaftLogWorker: Starting segment from index:0
2019-10-01 20:50:09,086 [b9f3e374-3782-44bb-9f99-14eb65aa24c4@group-47E6DD7909C6-LeaderElection54] INFO  impl.RaftServerImpl (ServerState.java:setRaftConf(356)) - b9f3e374-3782-44bb-9f99-14eb65aa24c4@group-47E6DD7909C6: set configuration 0: [b9f3e374-3782-44bb-9f99-14eb65aa24c4:192.168.5.177:41537], old=null at 0
2019-10-01 20:50:09,086 [865957d6-a698-4fd9-9d54-29030c60b7f2@group-B8DBA11901AF-LeaderElection53] INFO  impl.RaftServerImpl (ServerState.java:setRaftConf(356)) - 865957d6-a698-4fd9-9d54-29030c60b7f2@group-B8DBA11901AF: set configuration 0: [865957d6-a698-4fd9-9d54-29030c60b7f2:192.168.5.177:34543], old=null at 0
2019-10-01 20:50:09,125 [Thread-2269] INFO  impl.FollowerState (FollowerState.java:run(108)) - baf805c2-d82d-4db9-85fb-97e22b3fff5d@group-2AE2D412B621-FollowerState: change to CANDIDATE, lastRpcTime:5174ms, electionTimeout:5174ms
2019-10-01 20:50:09,125 [Thread-2269] INFO  impl.RoleInfo (RoleInfo.java:shutdownFollowerState(121)) - baf805c2-d82d-4db9-85fb-97e22b3fff5d: shutdown FollowerState
2019-10-01 20:50:09,126 [Thread-2269] INFO  impl.RaftServerImpl (RaftServerImpl.java:setRole(170)) - baf805c2-d82d-4db9-85fb-97e22b3fff5d@group-2AE2D412B621: changes role from  FOLLOWER to CANDIDATE at term 0 for changeToCandidate
2019-10-01 20:50:09,126 [Thread-2269] INFO  impl.RoleInfo (RoleInfo.java:updateAndGet(143)) - baf805c2-d82d-4db9-85fb-97e22b3fff5d: start LeaderElection
2019-10-01 20:50:09,131 [b9f3e374-3782-44bb-9f99-14eb65aa24c4@group-47E6DD7909C6-SegmentedRaftLogWorker] INFO  segmented.SegmentedRaftLogWorker (SegmentedRaftLogWorker.java:execute(574)) - b9f3e374-3782-44bb-9f99-14eb65aa24c4@group-47E6DD7909C6-SegmentedRaftLogWorker: created new log segment /workdir/hadoop-ozone/integration-test/target/test-dir/MiniOzoneClusterImpl-421878e6-6fa2-4ecb-bb16-2969c86feb8d/datanode-0/data/ratis/5e4a8204-b507-408e-965f-47e6dd7909c6/current/log_inprogress_0
2019-10-01 20:50:09,131 [865957d6-a698-4fd9-9d54-29030c60b7f2@group-B8DBA11901AF-SegmentedRaftLogWorker] INFO  segmented.SegmentedRaftLogWorker (SegmentedRaftLogWorker.java:execute(574)) - 865957d6-a698-4fd9-9d54-29030c60b7f2@group-B8DBA11901AF-SegmentedRaftLogWorker: created new log segment /workdir/hadoop-ozone/integration-test/target/test-dir/MiniOzoneClusterImpl-421878e6-6fa2-4ecb-bb16-2969c86feb8d/datanode-2/data/ratis/e07dc3e4-95a7-4d07-9df7-b8dba11901af/current/log_inprogress_0
2019-10-01 20:50:09,152 [baf805c2-d82d-4db9-85fb-97e22b3fff5d@group-2AE2D412B621-LeaderElection55] INFO  impl.LeaderElection (LeaderElection.java:askForVotes(178)) - baf805c2-d82d-4db9-85fb-97e22b3fff5d@group-2AE2D412B621-LeaderElection55: begin an election at term 1 for -1: [baf805c2-d82d-4db9-85fb-97e22b3fff5d:192.168.5.177:38782], old=null
2019-10-01 20:50:09,152 [baf805c2-d82d-4db9-85fb-97e22b3fff5d@group-2AE2D412B621-LeaderElection55] INFO  impl.RoleInfo (RoleInfo.java:shutdownLeaderElection(134)) - baf805c2-d82d-4db9-85fb-97e22b3fff5d: shutdown LeaderElection
2019-10-01 20:50:09,152 [baf805c2-d82d-4db9-85fb-97e22b3fff5d@group-2AE2D412B621-LeaderElection55] INFO  impl.RaftServerImpl (RaftServerImpl.java:setRole(170)) - baf805c2-d82d-4db9-85fb-97e22b3fff5d@group-2AE2D412B621: changes role from CANDIDATE to LEADER at term 1 for changeToLeader
2019-10-01 20:50:09,153 [baf805c2-d82d-4db9-85fb-97e22b3fff5d@group-2AE2D412B621-LeaderElection55] INFO  impl.RaftServerImpl (ServerState.java:setLeader(255)) - baf805c2-d82d-4db9-85fb-97e22b3fff5d@group-2AE2D412B621: change Leader from null to baf805c2-d82d-4db9-85fb-97e22b3fff5d at term 1 for becomeLeader, leader elected after 5208ms
2019-10-01 20:50:09,153 [baf805c2-d82d-4db9-85fb-97e22b3fff5d@group-2AE2D412B621-LeaderElection55] INFO  server.RaftServerConfigKeys (ConfUtils.java:logGet(43)) - raft.server.staging.catchup.gap = 1000 (default)
2019-10-01 20:50:09,153 [baf805c2-d82d-4db9-85fb-97e22b3fff5d@group-2AE2D412B621-LeaderElection55] INFO  server.RaftServerConfigKeys (ConfUtils.java:logGet(43)) - raft.server.rpc.sleep.time = 25ms (default)
2019-10-01 20:50:09,153 [baf805c2-d82d-4db9-85fb-97e22b3fff5d@group-2AE2D412B621-LeaderElection55] INFO  server.RaftServerConfigKeys (ConfUtils.java:logGet(43)) - raft.server.write.element-limit = 4096 (default)
2019-10-01 20:50:09,153 [baf805c2-d82d-4db9-85fb-97e22b3fff5d@group-2AE2D412B621-LeaderElection55] INFO  server.RaftServerConfigKeys (ConfUtils.java:logGet(43)) - raft.server.watch.timeout = 10s (default)
2019-10-01 20:50:09,153 [baf805c2-d82d-4db9-85fb-97e22b3fff5d@group-2AE2D412B621-LeaderElection55] INFO  server.RaftServerConfigKeys (ConfUtils.java:logGet(43)) - raft.server.watch.timeout.denomination = 1s (default)
2019-10-01 20:50:09,154 [baf805c2-d82d-4db9-85fb-97e22b3fff5d@group-2AE2D412B621-LeaderElection55] INFO  server.RaftServerConfigKeys (ConfUtils.java:logGet(43)) - raft.server.watch.element-limit = 65536 (default)
2019-10-01 20:50:09,156 [baf805c2-d82d-4db9-85fb-97e22b3fff5d@group-2AE2D412B621-LeaderElection55] INFO  impl.RoleInfo (RoleInfo.java:updateAndGet(143)) - baf805c2-d82d-4db9-85fb-97e22b3fff5d: start LeaderState
2019-10-01 20:50:09,156 [baf805c2-d82d-4db9-85fb-97e22b3fff5d@group-2AE2D412B621-LeaderElection55] INFO  segmented.SegmentedRaftLogWorker (SegmentedRaftLogWorker.java:startLogSegment(385)) - baf805c2-d82d-4db9-85fb-97e22b3fff5d@group-2AE2D412B621-SegmentedRaftLogWorker: Starting segment from index:0
2019-10-01 20:50:09,157 [baf805c2-d82d-4db9-85fb-97e22b3fff5d@group-2AE2D412B621-LeaderElection55] INFO  impl.RaftServerImpl (ServerState.java:setRaftConf(356)) - baf805c2-d82d-4db9-85fb-97e22b3fff5d@group-2AE2D412B621: set configuration 0: [baf805c2-d82d-4db9-85fb-97e22b3fff5d:192.168.5.177:38782], old=null at 0
2019-10-01 20:50:09,179 [Thread-2276] INFO  impl.FollowerState (FollowerState.java:run(108)) - baf805c2-d82d-4db9-85fb-97e22b3fff5d@group-B303CFFAF257-FollowerState: change to CANDIDATE, lastRpcTime:5094ms, electionTimeout:5094ms
2019-10-01 20:50:09,180 [Thread-2276] INFO  impl.RoleInfo (RoleInfo.java:shutdownFollowerState(121)) - baf805c2-d82d-4db9-85fb-97e22b3fff5d: shutdown FollowerState
2019-10-01 20:50:09,180 [Thread-2276] INFO  impl.RaftServerImpl (RaftServerImpl.java:setRole(170)) - baf805c2-d82d-4db9-85fb-97e22b3fff5d@group-B303CFFAF257: changes role from  FOLLOWER to CANDIDATE at term 0 for changeToCandidate
2019-10-01 20:50:09,180 [Thread-2276] INFO  impl.RoleInfo (RoleInfo.java:updateAndGet(143)) - baf805c2-d82d-4db9-85fb-97e22b3fff5d: start LeaderElection
2019-10-01 20:50:09,192 [Thread-2278] INFO  impl.FollowerState (FollowerState.java:run(108)) - b9f3e374-3782-44bb-9f99-14eb65aa24c4@group-B303CFFAF257-FollowerState: change to CANDIDATE, lastRpcTime:5105ms, electionTimeout:5094ms
2019-10-01 20:50:09,192 [Thread-2278] INFO  impl.RoleInfo (RoleInfo.java:shutdownFollowerState(121)) - b9f3e374-3782-44bb-9f99-14eb65aa24c4: shutdown FollowerState
2019-10-01 20:50:09,196 [Thread-2278] INFO  impl.RaftServerImpl (RaftServerImpl.java:setRole(170)) - b9f3e374-3782-44bb-9f99-14eb65aa24c4@group-B303CFFAF257: changes role from  FOLLOWER to CANDIDATE at term 0 for changeToCandidate
2019-10-01 20:50:09,197 [Thread-2278] INFO  impl.RoleInfo (RoleInfo.java:updateAndGet(143)) - b9f3e374-3782-44bb-9f99-14eb65aa24c4: start LeaderElection
2019-10-01 20:50:09,201 [Thread-2284] INFO  impl.FollowerState (FollowerState.java:run(108)) - be578bb6-8427-4561-a972-b36fbc0bb82d@group-8B09D29D102B-FollowerState: change to CANDIDATE, lastRpcTime:5008ms, electionTimeout:5007ms
2019-10-01 20:50:09,201 [Thread-2284] INFO  impl.RoleInfo (RoleInfo.java:shutdownFollowerState(121)) - be578bb6-8427-4561-a972-b36fbc0bb82d: shutdown FollowerState
2019-10-01 20:50:09,205 [baf805c2-d82d-4db9-85fb-97e22b3fff5d@group-B303CFFAF257-LeaderElection56] INFO  impl.LeaderElection (LeaderElection.java:askForVotes(178)) - baf805c2-d82d-4db9-85fb-97e22b3fff5d@group-B303CFFAF257-LeaderElection56: begin an election at term 1 for -1: [b9f3e374-3782-44bb-9f99-14eb65aa24c4:192.168.5.177:41537, baf805c2-d82d-4db9-85fb-97e22b3fff5d:192.168.5.177:38782, 865957d6-a698-4fd9-9d54-29030c60b7f2:192.168.5.177:34543], old=null
2019-10-01 20:50:09,206 [Thread-2284] INFO  impl.RaftServerImpl (RaftServerImpl.java:setRole(170)) - be578bb6-8427-4561-a972-b36fbc0bb82d@group-8B09D29D102B: changes role from  FOLLOWER to CANDIDATE at term 0 for changeToCandidate
2019-10-01 20:50:09,205 [baf805c2-d82d-4db9-85fb-97e22b3fff5d@group-2AE2D412B621-SegmentedRaftLogWorker] INFO  segmented.SegmentedRaftLogWorker (SegmentedRaftLogWorker.java:execute(574)) - baf805c2-d82d-4db9-85fb-97e22b3fff5d@group-2AE2D412B621-SegmentedRaftLogWorker: created new log segment /workdir/hadoop-ozone/integration-test/target/test-dir/MiniOzoneClusterImpl-421878e6-6fa2-4ecb-bb16-2969c86feb8d/datanode-1/data/ratis/2bade15f-40c5-48ec-baae-2ae2d412b621/current/log_inprogress_0
2019-10-01 20:50:09,206 [Thread-2284] INFO  impl.RoleInfo (RoleInfo.java:updateAndGet(143)) - be578bb6-8427-4561-a972-b36fbc0bb82d: start LeaderElection
2019-10-01 20:50:09,218 [b9f3e374-3782-44bb-9f99-14eb65aa24c4@group-B303CFFAF257-LeaderElection57] INFO  impl.LeaderElection (LeaderElection.java:askForVotes(178)) - b9f3e374-3782-44bb-9f99-14eb65aa24c4@group-B303CFFAF257-LeaderElection57: begin an election at term 1 for -1: [b9f3e374-3782-44bb-9f99-14eb65aa24c4:192.168.5.177:41537, baf805c2-d82d-4db9-85fb-97e22b3fff5d:192.168.5.177:38782, 865957d6-a698-4fd9-9d54-29030c60b7f2:192.168.5.177:34543], old=null
2019-10-01 20:50:09,220 [Thread-2280] INFO  impl.FollowerState (FollowerState.java:run(108)) - 865957d6-a698-4fd9-9d54-29030c60b7f2@group-B303CFFAF257-FollowerState: change to CANDIDATE, lastRpcTime:5131ms, electionTimeout:5131ms
2019-10-01 20:50:09,220 [Thread-2280] INFO  impl.RoleInfo (RoleInfo.java:shutdownFollowerState(121)) - 865957d6-a698-4fd9-9d54-29030c60b7f2: shutdown FollowerState
2019-10-01 20:50:09,220 [Thread-2280] INFO  impl.RaftServerImpl (RaftServerImpl.java:setRole(170)) - 865957d6-a698-4fd9-9d54-29030c60b7f2@group-B303CFFAF257: changes role from  FOLLOWER to CANDIDATE at term 0 for changeToCandidate
2019-10-01 20:50:09,220 [Thread-2280] INFO  impl.RoleInfo (RoleInfo.java:updateAndGet(143)) - 865957d6-a698-4fd9-9d54-29030c60b7f2: start LeaderElection
2019-10-01 20:50:09,223 [be578bb6-8427-4561-a972-b36fbc0bb82d@group-8B09D29D102B-LeaderElection58] INFO  impl.LeaderElection (LeaderElection.java:askForVotes(178)) - be578bb6-8427-4561-a972-b36fbc0bb82d@group-8B09D29D102B-LeaderElection58: begin an election at term 1 for -1: [be578bb6-8427-4561-a972-b36fbc0bb82d:192.168.5.177:42430], old=null
2019-10-01 20:50:09,224 [be578bb6-8427-4561-a972-b36fbc0bb82d@group-8B09D29D102B-LeaderElection58] INFO  impl.RoleInfo (RoleInfo.java:shutdownLeaderElection(134)) - be578bb6-8427-4561-a972-b36fbc0bb82d: shutdown LeaderElection
2019-10-01 20:50:09,226 [be578bb6-8427-4561-a972-b36fbc0bb82d@group-8B09D29D102B-LeaderElection58] INFO  impl.RaftServerImpl (RaftServerImpl.java:setRole(170)) - be578bb6-8427-4561-a972-b36fbc0bb82d@group-8B09D29D102B: changes role from CANDIDATE to LEADER at term 1 for changeToLeader
2019-10-01 20:50:09,226 [be578bb6-8427-4561-a972-b36fbc0bb82d@group-8B09D29D102B-LeaderElection58] INFO  impl.RaftServerImpl (ServerState.java:setLeader(255)) - be578bb6-8427-4561-a972-b36fbc0bb82d@group-8B09D29D102B: change Leader from null to be578bb6-8427-4561-a972-b36fbc0bb82d at term 1 for becomeLeader, leader elected after 5039ms
2019-10-01 20:50:09,227 [be578bb6-8427-4561-a972-b36fbc0bb82d@group-8B09D29D102B-LeaderElection58] INFO  server.RaftServerConfigKeys (ConfUtils.java:logGet(43)) - raft.server.staging.catchup.gap = 1000 (default)
2019-10-01 20:50:09,227 [be578bb6-8427-4561-a972-b36fbc0bb82d@group-8B09D29D102B-LeaderElection58] INFO  server.RaftServerConfigKeys (ConfUtils.java:logGet(43)) - raft.server.rpc.sleep.time = 25ms (default)
2019-10-01 20:50:09,227 [be578bb6-8427-4561-a972-b36fbc0bb82d@group-8B09D29D102B-LeaderElection58] INFO  server.RaftServerConfigKeys (ConfUtils.java:logGet(43)) - raft.server.write.element-limit = 4096 (default)
2019-10-01 20:50:09,227 [be578bb6-8427-4561-a972-b36fbc0bb82d@group-8B09D29D102B-LeaderElection58] INFO  server.RaftServerConfigKeys (ConfUtils.java:logGet(43)) - raft.server.watch.timeout = 10s (default)
2019-10-01 20:50:09,228 [be578bb6-8427-4561-a972-b36fbc0bb82d@group-8B09D29D102B-LeaderElection58] INFO  server.RaftServerConfigKeys (ConfUtils.java:logGet(43)) - raft.server.watch.timeout.denomination = 1s (default)
2019-10-01 20:50:09,228 [be578bb6-8427-4561-a972-b36fbc0bb82d@group-8B09D29D102B-LeaderElection58] INFO  server.RaftServerConfigKeys (ConfUtils.java:logGet(43)) - raft.server.watch.element-limit = 65536 (default)
2019-10-01 20:50:09,230 [be578bb6-8427-4561-a972-b36fbc0bb82d@group-8B09D29D102B-LeaderElection58] INFO  impl.RoleInfo (RoleInfo.java:updateAndGet(143)) - be578bb6-8427-4561-a972-b36fbc0bb82d: start LeaderState
2019-10-01 20:50:09,230 [be578bb6-8427-4561-a972-b36fbc0bb82d@group-8B09D29D102B-LeaderElection58] INFO  segmented.SegmentedRaftLogWorker (SegmentedRaftLogWorker.java:startLogSegment(385)) - be578bb6-8427-4561-a972-b36fbc0bb82d@group-8B09D29D102B-SegmentedRaftLogWorker: Starting segment from index:0
2019-10-01 20:50:09,231 [be578bb6-8427-4561-a972-b36fbc0bb82d@group-8B09D29D102B-LeaderElection58] INFO  impl.RaftServerImpl (ServerState.java:setRaftConf(356)) - be578bb6-8427-4561-a972-b36fbc0bb82d@group-8B09D29D102B: set configuration 0: [be578bb6-8427-4561-a972-b36fbc0bb82d:192.168.5.177:42430], old=null at 0
2019-10-01 20:50:09,239 [865957d6-a698-4fd9-9d54-29030c60b7f2@group-B303CFFAF257-LeaderElection59] INFO  impl.LeaderElection (LeaderElection.java:askForVotes(178)) - 865957d6-a698-4fd9-9d54-29030c60b7f2@group-B303CFFAF257-LeaderElection59: begin an election at term 1 for -1: [b9f3e374-3782-44bb-9f99-14eb65aa24c4:192.168.5.177:41537, baf805c2-d82d-4db9-85fb-97e22b3fff5d:192.168.5.177:38782, 865957d6-a698-4fd9-9d54-29030c60b7f2:192.168.5.177:34543], old=null
2019-10-01 20:50:09,240 [b9f3e374-3782-44bb-9f99-14eb65aa24c4@group-B303CFFAF257-LeaderElection57] INFO  impl.LeaderElection (LeaderElection.java:logAndReturn(56)) - b9f3e374-3782-44bb-9f99-14eb65aa24c4@group-B303CFFAF257-LeaderElection57: Election REJECTED; received 2 response(s) [b9f3e374-3782-44bb-9f99-14eb65aa24c4<-baf805c2-d82d-4db9-85fb-97e22b3fff5d#0:FAIL-t1, b9f3e374-3782-44bb-9f99-14eb65aa24c4<-865957d6-a698-4fd9-9d54-29030c60b7f2#0:FAIL-t1] and 0 exception(s); b9f3e374-3782-44bb-9f99-14eb65aa24c4@group-B303CFFAF257:t1, leader=null, voted=b9f3e374-3782-44bb-9f99-14eb65aa24c4, raftlog=b9f3e374-3782-44bb-9f99-14eb65aa24c4@group-B303CFFAF257-SegmentedRaftLog:OPENED:c-1,f-1,i0, conf=-1: [b9f3e374-3782-44bb-9f99-14eb65aa24c4:192.168.5.177:41537, baf805c2-d82d-4db9-85fb-97e22b3fff5d:192.168.5.177:38782, 865957d6-a698-4fd9-9d54-29030c60b7f2:192.168.5.177:34543], old=null
2019-10-01 20:50:09,240 [baf805c2-d82d-4db9-85fb-97e22b3fff5d@group-B303CFFAF257-LeaderElection56] INFO  impl.LeaderElection (LeaderElection.java:logAndReturn(56)) - baf805c2-d82d-4db9-85fb-97e22b3fff5d@group-B303CFFAF257-LeaderElection56: Election REJECTED; received 2 response(s) [baf805c2-d82d-4db9-85fb-97e22b3fff5d<-b9f3e374-3782-44bb-9f99-14eb65aa24c4#0:FAIL-t1, baf805c2-d82d-4db9-85fb-97e22b3fff5d<-865957d6-a698-4fd9-9d54-29030c60b7f2#0:FAIL-t1] and 0 exception(s); baf805c2-d82d-4db9-85fb-97e22b3fff5d@group-B303CFFAF257:t1, leader=null, voted=baf805c2-d82d-4db9-85fb-97e22b3fff5d, raftlog=baf805c2-d82d-4db9-85fb-97e22b3fff5d@group-B303CFFAF257-SegmentedRaftLog:OPENED:c-1,f-1,i0, conf=-1: [b9f3e374-3782-44bb-9f99-14eb65aa24c4:192.168.5.177:41537, baf805c2-d82d-4db9-85fb-97e22b3fff5d:192.168.5.177:38782, 865957d6-a698-4fd9-9d54-29030c60b7f2:192.168.5.177:34543], old=null
2019-10-01 20:50:09,240 [b9f3e374-3782-44bb-9f99-14eb65aa24c4@group-B303CFFAF257-LeaderElection57] INFO  impl.RaftServerImpl (RaftServerImpl.java:setRole(170)) - b9f3e374-3782-44bb-9f99-14eb65aa24c4@group-B303CFFAF257: changes role from CANDIDATE to FOLLOWER at term 1 for DISCOVERED_A_NEW_TERM
2019-10-01 20:50:09,267 [Thread-2287] INFO  impl.FollowerState (FollowerState.java:run(108)) - 263f0553-b6fc-45d1-bae4-d5863d3f6220@group-9F63792EDAA7-FollowerState: change to CANDIDATE, lastRpcTime:5016ms, electionTimeout:5013ms
2019-10-01 20:50:09,267 [b9f3e374-3782-44bb-9f99-14eb65aa24c4@group-B303CFFAF257-LeaderElection57] INFO  impl.RoleInfo (RoleInfo.java:shutdownLeaderElection(134)) - b9f3e374-3782-44bb-9f99-14eb65aa24c4: shutdown LeaderElection
2019-10-01 20:50:09,271 [baf805c2-d82d-4db9-85fb-97e22b3fff5d@group-B303CFFAF257-LeaderElection56] INFO  impl.RaftServerImpl (RaftServerImpl.java:setRole(170)) - baf805c2-d82d-4db9-85fb-97e22b3fff5d@group-B303CFFAF257: changes role from CANDIDATE to FOLLOWER at term 1 for DISCOVERED_A_NEW_TERM
2019-10-01 20:50:09,271 [Thread-2287] INFO  impl.RoleInfo (RoleInfo.java:shutdownFollowerState(121)) - 263f0553-b6fc-45d1-bae4-d5863d3f6220: shutdown FollowerState
2019-10-01 20:50:09,271 [baf805c2-d82d-4db9-85fb-97e22b3fff5d@group-B303CFFAF257-LeaderElection56] INFO  impl.RoleInfo (RoleInfo.java:shutdownLeaderElection(134)) - baf805c2-d82d-4db9-85fb-97e22b3fff5d: shutdown LeaderElection
2019-10-01 20:50:09,271 [b9f3e374-3782-44bb-9f99-14eb65aa24c4@group-B303CFFAF257-LeaderElection57] INFO  impl.RoleInfo (RoleInfo.java:updateAndGet(143)) - b9f3e374-3782-44bb-9f99-14eb65aa24c4: start FollowerState
2019-10-01 20:50:09,271 [baf805c2-d82d-4db9-85fb-97e22b3fff5d@group-B303CFFAF257-LeaderElection56] INFO  impl.RoleInfo (RoleInfo.java:updateAndGet(143)) - baf805c2-d82d-4db9-85fb-97e22b3fff5d: start FollowerState
2019-10-01 20:50:09,271 [Thread-2287] INFO  impl.RaftServerImpl (RaftServerImpl.java:setRole(170)) - 263f0553-b6fc-45d1-bae4-d5863d3f6220@group-9F63792EDAA7: changes role from  FOLLOWER to CANDIDATE at term 0 for changeToCandidate
2019-10-01 20:50:09,271 [be578bb6-8427-4561-a972-b36fbc0bb82d@group-8B09D29D102B-SegmentedRaftLogWorker] INFO  segmented.SegmentedRaftLogWorker (SegmentedRaftLogWorker.java:execute(574)) - be578bb6-8427-4561-a972-b36fbc0bb82d@group-8B09D29D102B-SegmentedRaftLogWorker: created new log segment /workdir/hadoop-ozone/integration-test/target/test-dir/MiniOzoneClusterImpl-421878e6-6fa2-4ecb-bb16-2969c86feb8d/datanode-3/data/ratis/875bafbb-ad88-4c36-938b-8b09d29d102b/current/log_inprogress_0
2019-10-01 20:50:09,272 [Thread-2287] INFO  impl.RoleInfo (RoleInfo.java:updateAndGet(143)) - 263f0553-b6fc-45d1-bae4-d5863d3f6220: start LeaderElection
2019-10-01 20:50:09,285 [865957d6-a698-4fd9-9d54-29030c60b7f2@group-B303CFFAF257-LeaderElection59] INFO  impl.LeaderElection (LeaderElection.java:logAndReturn(56)) - 865957d6-a698-4fd9-9d54-29030c60b7f2@group-B303CFFAF257-LeaderElection59: Election REJECTED; received 2 response(s) [865957d6-a698-4fd9-9d54-29030c60b7f2<-b9f3e374-3782-44bb-9f99-14eb65aa24c4#0:FAIL-t1, 865957d6-a698-4fd9-9d54-29030c60b7f2<-baf805c2-d82d-4db9-85fb-97e22b3fff5d#0:FAIL-t1] and 0 exception(s); 865957d6-a698-4fd9-9d54-29030c60b7f2@group-B303CFFAF257:t1, leader=null, voted=865957d6-a698-4fd9-9d54-29030c60b7f2, raftlog=865957d6-a698-4fd9-9d54-29030c60b7f2@group-B303CFFAF257-SegmentedRaftLog:OPENED:c-1,f-1,i0, conf=-1: [b9f3e374-3782-44bb-9f99-14eb65aa24c4:192.168.5.177:41537, baf805c2-d82d-4db9-85fb-97e22b3fff5d:192.168.5.177:38782, 865957d6-a698-4fd9-9d54-29030c60b7f2:192.168.5.177:34543], old=null
2019-10-01 20:50:09,286 [865957d6-a698-4fd9-9d54-29030c60b7f2@group-B303CFFAF257-LeaderElection59] INFO  impl.RaftServerImpl (RaftServerImpl.java:setRole(170)) - 865957d6-a698-4fd9-9d54-29030c60b7f2@group-B303CFFAF257: changes role from CANDIDATE to FOLLOWER at term 1 for DISCOVERED_A_NEW_TERM
2019-10-01 20:50:09,286 [865957d6-a698-4fd9-9d54-29030c60b7f2@group-B303CFFAF257-LeaderElection59] INFO  impl.RoleInfo (RoleInfo.java:shutdownLeaderElection(134)) - 865957d6-a698-4fd9-9d54-29030c60b7f2: shutdown LeaderElection
2019-10-01 20:50:09,286 [865957d6-a698-4fd9-9d54-29030c60b7f2@group-B303CFFAF257-LeaderElection59] INFO  impl.RoleInfo (RoleInfo.java:updateAndGet(143)) - 865957d6-a698-4fd9-9d54-29030c60b7f2: start FollowerState
2019-10-01 20:50:09,293 [263f0553-b6fc-45d1-bae4-d5863d3f6220@group-9F63792EDAA7-LeaderElection60] INFO  impl.LeaderElection (LeaderElection.java:askForVotes(178)) - 263f0553-b6fc-45d1-bae4-d5863d3f6220@group-9F63792EDAA7-LeaderElection60: begin an election at term 1 for -1: [263f0553-b6fc-45d1-bae4-d5863d3f6220:192.168.5.177:41185], old=null
2019-10-01 20:50:09,296 [263f0553-b6fc-45d1-bae4-d5863d3f6220@group-9F63792EDAA7-LeaderElection60] INFO  impl.RoleInfo (RoleInfo.java:shutdownLeaderElection(134)) - 263f0553-b6fc-45d1-bae4-d5863d3f6220: shutdown LeaderElection
2019-10-01 20:50:09,296 [263f0553-b6fc-45d1-bae4-d5863d3f6220@group-9F63792EDAA7-LeaderElection60] INFO  impl.RaftServerImpl (RaftServerImpl.java:setRole(170)) - 263f0553-b6fc-45d1-bae4-d5863d3f6220@group-9F63792EDAA7: changes role from CANDIDATE to LEADER at term 1 for changeToLeader
2019-10-01 20:50:09,296 [263f0553-b6fc-45d1-bae4-d5863d3f6220@group-9F63792EDAA7-LeaderElection60] INFO  impl.RaftServerImpl (ServerState.java:setLeader(255)) - 263f0553-b6fc-45d1-bae4-d5863d3f6220@group-9F63792EDAA7: change Leader from null to 263f0553-b6fc-45d1-bae4-d5863d3f6220 at term 1 for becomeLeader, leader elected after 5050ms
2019-10-01 20:50:09,296 [263f0553-b6fc-45d1-bae4-d5863d3f6220@group-9F63792EDAA7-LeaderElection60] INFO  server.RaftServerConfigKeys (ConfUtils.java:logGet(43)) - raft.server.staging.catchup.gap = 1000 (default)
2019-10-01 20:50:09,296 [263f0553-b6fc-45d1-bae4-d5863d3f6220@group-9F63792EDAA7-LeaderElection60] INFO  server.RaftServerConfigKeys (ConfUtils.java:logGet(43)) - raft.server.rpc.sleep.time = 25ms (default)
2019-10-01 20:50:09,297 [263f0553-b6fc-45d1-bae4-d5863d3f6220@group-9F63792EDAA7-LeaderElection60] INFO  server.RaftServerConfigKeys (ConfUtils.java:logGet(43)) - raft.server.write.element-limit = 4096 (default)
2019-10-01 20:50:09,297 [263f0553-b6fc-45d1-bae4-d5863d3f6220@group-9F63792EDAA7-LeaderElection60] INFO  server.RaftServerConfigKeys (ConfUtils.java:logGet(43)) - raft.server.watch.timeout = 10s (default)
2019-10-01 20:50:09,297 [263f0553-b6fc-45d1-bae4-d5863d3f6220@group-9F63792EDAA7-LeaderElection60] INFO  server.RaftServerConfigKeys (ConfUtils.java:logGet(43)) - raft.server.watch.timeout.denomination = 1s (default)
2019-10-01 20:50:09,297 [263f0553-b6fc-45d1-bae4-d5863d3f6220@group-9F63792EDAA7-LeaderElection60] INFO  server.RaftServerConfigKeys (ConfUtils.java:logGet(43)) - raft.server.watch.element-limit = 65536 (default)
2019-10-01 20:50:09,299 [263f0553-b6fc-45d1-bae4-d5863d3f6220@group-9F63792EDAA7-LeaderElection60] INFO  impl.RoleInfo (RoleInfo.java:updateAndGet(143)) - 263f0553-b6fc-45d1-bae4-d5863d3f6220: start LeaderState
2019-10-01 20:50:09,299 [263f0553-b6fc-45d1-bae4-d5863d3f6220@group-9F63792EDAA7-LeaderElection60] INFO  segmented.SegmentedRaftLogWorker (SegmentedRaftLogWorker.java:startLogSegment(385)) - 263f0553-b6fc-45d1-bae4-d5863d3f6220@group-9F63792EDAA7-SegmentedRaftLogWorker: Starting segment from index:0
2019-10-01 20:50:09,300 [263f0553-b6fc-45d1-bae4-d5863d3f6220@group-9F63792EDAA7-LeaderElection60] INFO  impl.RaftServerImpl (ServerState.java:setRaftConf(356)) - 263f0553-b6fc-45d1-bae4-d5863d3f6220@group-9F63792EDAA7: set configuration 0: [263f0553-b6fc-45d1-bae4-d5863d3f6220:192.168.5.177:41185], old=null at 0
2019-10-01 20:50:09,346 [263f0553-b6fc-45d1-bae4-d5863d3f6220@group-9F63792EDAA7-SegmentedRaftLogWorker] INFO  segmented.SegmentedRaftLogWorker (SegmentedRaftLogWorker.java:execute(574)) - 263f0553-b6fc-45d1-bae4-d5863d3f6220@group-9F63792EDAA7-SegmentedRaftLogWorker: created new log segment /workdir/hadoop-ozone/integration-test/target/test-dir/MiniOzoneClusterImpl-421878e6-6fa2-4ecb-bb16-2969c86feb8d/datanode-4/data/ratis/2cf81143-5095-4d7d-9123-9f63792edaa7/current/log_inprogress_0
2019-10-01 20:50:09,405 [Thread-2292] INFO  impl.FollowerState (FollowerState.java:run(108)) - 107cbbe0-2f27-4026-84b2-64e87464c671@group-DD34180BF00D-FollowerState: change to CANDIDATE, lastRpcTime:5066ms, electionTimeout:5066ms
2019-10-01 20:50:09,405 [Thread-2292] INFO  impl.RoleInfo (RoleInfo.java:shutdownFollowerState(121)) - 107cbbe0-2f27-4026-84b2-64e87464c671: shutdown FollowerState
2019-10-01 20:50:09,406 [Thread-2292] INFO  impl.RaftServerImpl (RaftServerImpl.java:setRole(170)) - 107cbbe0-2f27-4026-84b2-64e87464c671@group-DD34180BF00D: changes role from  FOLLOWER to CANDIDATE at term 0 for changeToCandidate
2019-10-01 20:50:09,406 [Thread-2292] INFO  impl.RoleInfo (RoleInfo.java:updateAndGet(143)) - 107cbbe0-2f27-4026-84b2-64e87464c671: start LeaderElection
2019-10-01 20:50:09,428 [107cbbe0-2f27-4026-84b2-64e87464c671@group-DD34180BF00D-LeaderElection61] INFO  impl.LeaderElection (LeaderElection.java:askForVotes(178)) - 107cbbe0-2f27-4026-84b2-64e87464c671@group-DD34180BF00D-LeaderElection61: begin an election at term 1 for -1: [107cbbe0-2f27-4026-84b2-64e87464c671:192.168.5.177:39749], old=null
2019-10-01 20:50:09,429 [107cbbe0-2f27-4026-84b2-64e87464c671@group-DD34180BF00D-LeaderElection61] INFO  impl.RoleInfo (RoleInfo.java:shutdownLeaderElection(134)) - 107cbbe0-2f27-4026-84b2-64e87464c671: shutdown LeaderElection
2019-10-01 20:50:09,429 [107cbbe0-2f27-4026-84b2-64e87464c671@group-DD34180BF00D-LeaderElection61] INFO  impl.RaftServerImpl (RaftServerImpl.java:setRole(170)) - 107cbbe0-2f27-4026-84b2-64e87464c671@group-DD34180BF00D: changes role from CANDIDATE to LEADER at term 1 for changeToLeader
2019-10-01 20:50:09,429 [107cbbe0-2f27-4026-84b2-64e87464c671@group-DD34180BF00D-LeaderElection61] INFO  impl.RaftServerImpl (ServerState.java:setLeader(255)) - 107cbbe0-2f27-4026-84b2-64e87464c671@group-DD34180BF00D: change Leader from null to 107cbbe0-2f27-4026-84b2-64e87464c671 at term 1 for becomeLeader, leader elected after 5112ms
2019-10-01 20:50:09,429 [107cbbe0-2f27-4026-84b2-64e87464c671@group-DD34180BF00D-LeaderElection61] INFO  server.RaftServerConfigKeys (ConfUtils.java:logGet(43)) - raft.server.staging.catchup.gap = 1000 (default)
2019-10-01 20:50:09,429 [107cbbe0-2f27-4026-84b2-64e87464c671@group-DD34180BF00D-LeaderElection61] INFO  server.RaftServerConfigKeys (ConfUtils.java:logGet(43)) - raft.server.rpc.sleep.time = 25ms (default)
2019-10-01 20:50:09,429 [107cbbe0-2f27-4026-84b2-64e87464c671@group-DD34180BF00D-LeaderElection61] INFO  server.RaftServerConfigKeys (ConfUtils.java:logGet(43)) - raft.server.write.element-limit = 4096 (default)
2019-10-01 20:50:09,430 [107cbbe0-2f27-4026-84b2-64e87464c671@group-DD34180BF00D-LeaderElection61] INFO  server.RaftServerConfigKeys (ConfUtils.java:logGet(43)) - raft.server.watch.timeout = 10s (default)
2019-10-01 20:50:09,430 [107cbbe0-2f27-4026-84b2-64e87464c671@group-DD34180BF00D-LeaderElection61] INFO  server.RaftServerConfigKeys (ConfUtils.java:logGet(43)) - raft.server.watch.timeout.denomination = 1s (default)
2019-10-01 20:50:09,430 [107cbbe0-2f27-4026-84b2-64e87464c671@group-DD34180BF00D-LeaderElection61] INFO  server.RaftServerConfigKeys (ConfUtils.java:logGet(43)) - raft.server.watch.element-limit = 65536 (default)
2019-10-01 20:50:09,432 [107cbbe0-2f27-4026-84b2-64e87464c671@group-DD34180BF00D-LeaderElection61] INFO  impl.RoleInfo (RoleInfo.java:updateAndGet(143)) - 107cbbe0-2f27-4026-84b2-64e87464c671: start LeaderState
2019-10-01 20:50:09,432 [107cbbe0-2f27-4026-84b2-64e87464c671@group-DD34180BF00D-LeaderElection61] INFO  segmented.SegmentedRaftLogWorker (SegmentedRaftLogWorker.java:startLogSegment(385)) - 107cbbe0-2f27-4026-84b2-64e87464c671@group-DD34180BF00D-SegmentedRaftLogWorker: Starting segment from index:0
2019-10-01 20:50:09,433 [107cbbe0-2f27-4026-84b2-64e87464c671@group-DD34180BF00D-LeaderElection61] INFO  impl.RaftServerImpl (ServerState.java:setRaftConf(356)) - 107cbbe0-2f27-4026-84b2-64e87464c671@group-DD34180BF00D: set configuration 0: [107cbbe0-2f27-4026-84b2-64e87464c671:192.168.5.177:39749], old=null at 0
2019-10-01 20:50:09,472 [Thread-2302] INFO  impl.FollowerState (FollowerState.java:run(108)) - be578bb6-8427-4561-a972-b36fbc0bb82d@group-F7440D56CC2D-FollowerState: change to CANDIDATE, lastRpcTime:5006ms, electionTimeout:5006ms
2019-10-01 20:50:09,472 [Thread-2302] INFO  impl.RoleInfo (RoleInfo.java:shutdownFollowerState(121)) - be578bb6-8427-4561-a972-b36fbc0bb82d: shutdown FollowerState
2019-10-01 20:50:09,473 [Thread-2302] INFO  impl.RaftServerImpl (RaftServerImpl.java:setRole(170)) - be578bb6-8427-4561-a972-b36fbc0bb82d@group-F7440D56CC2D: changes role from  FOLLOWER to CANDIDATE at term 0 for changeToCandidate
2019-10-01 20:50:09,473 [Thread-2302] INFO  impl.RoleInfo (RoleInfo.java:updateAndGet(143)) - be578bb6-8427-4561-a972-b36fbc0bb82d: start LeaderElection
2019-10-01 20:50:09,480 [107cbbe0-2f27-4026-84b2-64e87464c671@group-DD34180BF00D-SegmentedRaftLogWorker] INFO  segmented.SegmentedRaftLogWorker (SegmentedRaftLogWorker.java:execute(574)) - 107cbbe0-2f27-4026-84b2-64e87464c671@group-DD34180BF00D-SegmentedRaftLogWorker: created new log segment /workdir/hadoop-ozone/integration-test/target/test-dir/MiniOzoneClusterImpl-421878e6-6fa2-4ecb-bb16-2969c86feb8d/datanode-5/data/ratis/073211dc-692d-4b5f-abf6-dd34180bf00d/current/log_inprogress_0
2019-10-01 20:50:09,488 [Thread-2303] INFO  impl.FollowerState (FollowerState.java:run(108)) - fe150c76-0559-4cd9-a6d3-a9f1a80e5966@group-F7440D56CC2D-FollowerState: change to CANDIDATE, lastRpcTime:5021ms, electionTimeout:5015ms
2019-10-01 20:50:09,488 [Thread-2303] INFO  impl.RoleInfo (RoleInfo.java:shutdownFollowerState(121)) - fe150c76-0559-4cd9-a6d3-a9f1a80e5966: shutdown FollowerState
2019-10-01 20:50:09,488 [Thread-2303] INFO  impl.RaftServerImpl (RaftServerImpl.java:setRole(170)) - fe150c76-0559-4cd9-a6d3-a9f1a80e5966@group-F7440D56CC2D: changes role from  FOLLOWER to CANDIDATE at term 0 for changeToCandidate
2019-10-01 20:50:09,488 [Thread-2303] INFO  impl.RoleInfo (RoleInfo.java:updateAndGet(143)) - fe150c76-0559-4cd9-a6d3-a9f1a80e5966: start LeaderElection
2019-10-01 20:50:09,497 [Thread-2295] INFO  impl.FollowerState (FollowerState.java:run(108)) - fe150c76-0559-4cd9-a6d3-a9f1a80e5966@group-E4614ADBB444-FollowerState: change to CANDIDATE, lastRpcTime:5092ms, electionTimeout:5090ms
2019-10-01 20:50:09,498 [Thread-2295] INFO  impl.RoleInfo (RoleInfo.java:shutdownFollowerState(121)) - fe150c76-0559-4cd9-a6d3-a9f1a80e5966: shutdown FollowerState
2019-10-01 20:50:09,498 [Thread-2295] INFO  impl.RaftServerImpl (RaftServerImpl.java:setRole(170)) - fe150c76-0559-4cd9-a6d3-a9f1a80e5966@group-E4614ADBB444: changes role from  FOLLOWER to CANDIDATE at term 0 for changeToCandidate
2019-10-01 20:50:09,498 [Thread-2295] INFO  impl.RoleInfo (RoleInfo.java:updateAndGet(143)) - fe150c76-0559-4cd9-a6d3-a9f1a80e5966: start LeaderElection
2019-10-01 20:50:09,506 [fe150c76-0559-4cd9-a6d3-a9f1a80e5966@group-F7440D56CC2D-LeaderElection63] INFO  impl.LeaderElection (LeaderElection.java:askForVotes(178)) - fe150c76-0559-4cd9-a6d3-a9f1a80e5966@group-F7440D56CC2D-LeaderElection63: begin an election at term 1 for -1: [be578bb6-8427-4561-a972-b36fbc0bb82d:192.168.5.177:42430, fe150c76-0559-4cd9-a6d3-a9f1a80e5966:192.168.5.177:43440, 107cbbe0-2f27-4026-84b2-64e87464c671:192.168.5.177:39749], old=null
2019-10-01 20:50:09,507 [be578bb6-8427-4561-a972-b36fbc0bb82d@group-F7440D56CC2D-LeaderElection62] INFO  impl.LeaderElection (LeaderElection.java:askForVotes(178)) - be578bb6-8427-4561-a972-b36fbc0bb82d@group-F7440D56CC2D-LeaderElection62: begin an election at term 1 for -1: [be578bb6-8427-4561-a972-b36fbc0bb82d:192.168.5.177:42430, fe150c76-0559-4cd9-a6d3-a9f1a80e5966:192.168.5.177:43440, 107cbbe0-2f27-4026-84b2-64e87464c671:192.168.5.177:39749], old=null
2019-10-01 20:50:09,516 [grpc-default-executor-5] INFO  impl.RaftServerImpl (RaftServerImpl.java:setRole(170)) - 107cbbe0-2f27-4026-84b2-64e87464c671@group-F7440D56CC2D: changes role from  FOLLOWER to FOLLOWER at term 1 for recognizeCandidate:fe150c76-0559-4cd9-a6d3-a9f1a80e5966
2019-10-01 20:50:09,516 [grpc-default-executor-5] INFO  impl.RoleInfo (RoleInfo.java:shutdownFollowerState(121)) - 107cbbe0-2f27-4026-84b2-64e87464c671: shutdown FollowerState
2019-10-01 20:50:09,517 [grpc-default-executor-5] INFO  impl.RoleInfo (RoleInfo.java:updateAndGet(143)) - 107cbbe0-2f27-4026-84b2-64e87464c671: start FollowerState
2019-10-01 20:50:09,517 [Thread-2298] INFO  impl.FollowerState (FollowerState.java:run(117)) - 107cbbe0-2f27-4026-84b2-64e87464c671@group-F7440D56CC2D-FollowerState was interrupted: java.lang.InterruptedException: sleep interrupted
2019-10-01 20:50:09,525 [fe150c76-0559-4cd9-a6d3-a9f1a80e5966@group-E4614ADBB444-LeaderElection64] INFO  impl.LeaderElection (LeaderElection.java:askForVotes(178)) - fe150c76-0559-4cd9-a6d3-a9f1a80e5966@group-E4614ADBB444-LeaderElection64: begin an election at term 1 for -1: [fe150c76-0559-4cd9-a6d3-a9f1a80e5966:192.168.5.177:43440], old=null
2019-10-01 20:50:09,525 [fe150c76-0559-4cd9-a6d3-a9f1a80e5966@group-E4614ADBB444-LeaderElection64] INFO  impl.RoleInfo (RoleInfo.java:shutdownLeaderElection(134)) - fe150c76-0559-4cd9-a6d3-a9f1a80e5966: shutdown LeaderElection
2019-10-01 20:50:09,526 [fe150c76-0559-4cd9-a6d3-a9f1a80e5966@group-E4614ADBB444-LeaderElection64] INFO  impl.RaftServerImpl (RaftServerImpl.java:setRole(170)) - fe150c76-0559-4cd9-a6d3-a9f1a80e5966@group-E4614ADBB444: changes role from CANDIDATE to LEADER at term 1 for changeToLeader
2019-10-01 20:50:09,526 [fe150c76-0559-4cd9-a6d3-a9f1a80e5966@group-E4614ADBB444-LeaderElection64] INFO  impl.RaftServerImpl (ServerState.java:setLeader(255)) - fe150c76-0559-4cd9-a6d3-a9f1a80e5966@group-E4614ADBB444: change Leader from null to fe150c76-0559-4cd9-a6d3-a9f1a80e5966 at term 1 for becomeLeader, leader elected after 5127ms
2019-10-01 20:50:09,526 [fe150c76-0559-4cd9-a6d3-a9f1a80e5966@group-E4614ADBB444-LeaderElection64] INFO  server.RaftServerConfigKeys (ConfUtils.java:logGet(43)) - raft.server.staging.catchup.gap = 1000 (default)
2019-10-01 20:50:09,526 [fe150c76-0559-4cd9-a6d3-a9f1a80e5966@group-E4614ADBB444-LeaderElection64] INFO  server.RaftServerConfigKeys (ConfUtils.java:logGet(43)) - raft.server.rpc.sleep.time = 25ms (default)
2019-10-01 20:50:09,526 [fe150c76-0559-4cd9-a6d3-a9f1a80e5966@group-E4614ADBB444-LeaderElection64] INFO  server.RaftServerConfigKeys (ConfUtils.java:logGet(43)) - raft.server.write.element-limit = 4096 (default)
2019-10-01 20:50:09,526 [fe150c76-0559-4cd9-a6d3-a9f1a80e5966@group-E4614ADBB444-LeaderElection64] INFO  server.RaftServerConfigKeys (ConfUtils.java:logGet(43)) - raft.server.watch.timeout = 10s (default)
2019-10-01 20:50:09,527 [fe150c76-0559-4cd9-a6d3-a9f1a80e5966@group-E4614ADBB444-LeaderElection64] INFO  server.RaftServerConfigKeys (ConfUtils.java:logGet(43)) - raft.server.watch.timeout.denomination = 1s (default)
2019-10-01 20:50:09,527 [fe150c76-0559-4cd9-a6d3-a9f1a80e5966@group-E4614ADBB444-LeaderElection64] INFO  server.RaftServerConfigKeys (ConfUtils.java:logGet(43)) - raft.server.watch.element-limit = 65536 (default)
2019-10-01 20:50:09,528 [fe150c76-0559-4cd9-a6d3-a9f1a80e5966@group-E4614ADBB444-LeaderElection64] INFO  impl.RoleInfo (RoleInfo.java:updateAndGet(143)) - fe150c76-0559-4cd9-a6d3-a9f1a80e5966: start LeaderState
2019-10-01 20:50:09,529 [fe150c76-0559-4cd9-a6d3-a9f1a80e5966@group-E4614ADBB444-LeaderElection64] INFO  segmented.SegmentedRaftLogWorker (SegmentedRaftLogWorker.java:startLogSegment(385)) - fe150c76-0559-4cd9-a6d3-a9f1a80e5966@group-E4614ADBB444-SegmentedRaftLogWorker: Starting segment from index:0
2019-10-01 20:50:09,529 [fe150c76-0559-4cd9-a6d3-a9f1a80e5966@group-E4614ADBB444-LeaderElection64] INFO  impl.RaftServerImpl (ServerState.java:setRaftConf(356)) - fe150c76-0559-4cd9-a6d3-a9f1a80e5966@group-E4614ADBB444: set configuration 0: [fe150c76-0559-4cd9-a6d3-a9f1a80e5966:192.168.5.177:43440], old=null at 0
2019-10-01 20:50:09,539 [fe150c76-0559-4cd9-a6d3-a9f1a80e5966@group-F7440D56CC2D-LeaderElection63] INFO  impl.LeaderElection (LeaderElection.java:logAndReturn(56)) - fe150c76-0559-4cd9-a6d3-a9f1a80e5966@group-F7440D56CC2D-LeaderElection63: Election PASSED; received 2 response(s) [fe150c76-0559-4cd9-a6d3-a9f1a80e5966<-be578bb6-8427-4561-a972-b36fbc0bb82d#0:FAIL-t1, fe150c76-0559-4cd9-a6d3-a9f1a80e5966<-107cbbe0-2f27-4026-84b2-64e87464c671#0:OK-t1] and 0 exception(s); fe150c76-0559-4cd9-a6d3-a9f1a80e5966@group-F7440D56CC2D:t1, leader=null, voted=fe150c76-0559-4cd9-a6d3-a9f1a80e5966, raftlog=fe150c76-0559-4cd9-a6d3-a9f1a80e5966@group-F7440D56CC2D-SegmentedRaftLog:OPENED:c-1,f-1,i0, conf=-1: [be578bb6-8427-4561-a972-b36fbc0bb82d:192.168.5.177:42430, fe150c76-0559-4cd9-a6d3-a9f1a80e5966:192.168.5.177:43440, 107cbbe0-2f27-4026-84b2-64e87464c671:192.168.5.177:39749], old=null
2019-10-01 20:50:09,539 [be578bb6-8427-4561-a972-b36fbc0bb82d@group-F7440D56CC2D-LeaderElection62] INFO  impl.LeaderElection (LeaderElection.java:logAndReturn(56)) - be578bb6-8427-4561-a972-b36fbc0bb82d@group-F7440D56CC2D-LeaderElection62: Election REJECTED; received 2 response(s) [be578bb6-8427-4561-a972-b36fbc0bb82d<-fe150c76-0559-4cd9-a6d3-a9f1a80e5966#0:FAIL-t1, be578bb6-8427-4561-a972-b36fbc0bb82d<-107cbbe0-2f27-4026-84b2-64e87464c671#0:FAIL-t1] and 0 exception(s); be578bb6-8427-4561-a972-b36fbc0bb82d@group-F7440D56CC2D:t1, leader=null, voted=be578bb6-8427-4561-a972-b36fbc0bb82d, raftlog=be578bb6-8427-4561-a972-b36fbc0bb82d@group-F7440D56CC2D-SegmentedRaftLog:OPENED:c-1,f-1,i0, conf=-1: [be578bb6-8427-4561-a972-b36fbc0bb82d:192.168.5.177:42430, fe150c76-0559-4cd9-a6d3-a9f1a80e5966:192.168.5.177:43440, 107cbbe0-2f27-4026-84b2-64e87464c671:192.168.5.177:39749], old=null
2019-10-01 20:50:09,540 [fe150c76-0559-4cd9-a6d3-a9f1a80e5966@group-F7440D56CC2D-LeaderElection63] INFO  impl.RoleInfo (RoleInfo.java:shutdownLeaderElection(134)) - fe150c76-0559-4cd9-a6d3-a9f1a80e5966: shutdown LeaderElection
2019-10-01 20:50:09,568 [fe150c76-0559-4cd9-a6d3-a9f1a80e5966@group-F7440D56CC2D-LeaderElection63] INFO  impl.RaftServerImpl (RaftServerImpl.java:setRole(170)) - fe150c76-0559-4cd9-a6d3-a9f1a80e5966@group-F7440D56CC2D: changes role from CANDIDATE to LEADER at term 1 for changeToLeader
2019-10-01 20:50:09,568 [fe150c76-0559-4cd9-a6d3-a9f1a80e5966@group-F7440D56CC2D-LeaderElection63] INFO  impl.RaftServerImpl (ServerState.java:setLeader(255)) - fe150c76-0559-4cd9-a6d3-a9f1a80e5966@group-F7440D56CC2D: change Leader from null to fe150c76-0559-4cd9-a6d3-a9f1a80e5966 at term 1 for becomeLeader, leader elected after 5115ms
2019-10-01 20:50:09,568 [fe150c76-0559-4cd9-a6d3-a9f1a80e5966@group-F7440D56CC2D-LeaderElection63] INFO  server.RaftServerConfigKeys (ConfUtils.java:logGet(43)) - raft.server.staging.catchup.gap = 1000 (default)
2019-10-01 20:50:09,568 [be578bb6-8427-4561-a972-b36fbc0bb82d@group-F7440D56CC2D-LeaderElection62] INFO  impl.RaftServerImpl (RaftServerImpl.java:setRole(170)) - be578bb6-8427-4561-a972-b36fbc0bb82d@group-F7440D56CC2D: changes role from CANDIDATE to FOLLOWER at term 1 for DISCOVERED_A_NEW_TERM
2019-10-01 20:50:09,572 [be578bb6-8427-4561-a972-b36fbc0bb82d@group-F7440D56CC2D-LeaderElection62] INFO  impl.RoleInfo (RoleInfo.java:shutdownLeaderElection(134)) - be578bb6-8427-4561-a972-b36fbc0bb82d: shutdown LeaderElection
2019-10-01 20:50:09,568 [fe150c76-0559-4cd9-a6d3-a9f1a80e5966@group-F7440D56CC2D-LeaderElection63] INFO  server.RaftServerConfigKeys (ConfUtils.java:logGet(43)) - raft.server.rpc.sleep.time = 25ms (default)
2019-10-01 20:50:09,572 [be578bb6-8427-4561-a972-b36fbc0bb82d@group-F7440D56CC2D-LeaderElection62] INFO  impl.RoleInfo (RoleInfo.java:updateAndGet(143)) - be578bb6-8427-4561-a972-b36fbc0bb82d: start FollowerState
2019-10-01 20:50:09,572 [fe150c76-0559-4cd9-a6d3-a9f1a80e5966@group-F7440D56CC2D-LeaderElection63] INFO  server.RaftServerConfigKeys (ConfUtils.java:logGet(43)) - raft.server.write.element-limit = 4096 (default)
2019-10-01 20:50:09,573 [fe150c76-0559-4cd9-a6d3-a9f1a80e5966@group-F7440D56CC2D-LeaderElection63] INFO  server.RaftServerConfigKeys (ConfUtils.java:logGet(43)) - raft.server.watch.timeout = 10s (default)
2019-10-01 20:50:09,573 [fe150c76-0559-4cd9-a6d3-a9f1a80e5966@group-F7440D56CC2D-LeaderElection63] INFO  server.RaftServerConfigKeys (ConfUtils.java:logGet(43)) - raft.server.watch.timeout.denomination = 1s (default)
2019-10-01 20:50:09,573 [fe150c76-0559-4cd9-a6d3-a9f1a80e5966@group-F7440D56CC2D-LeaderElection63] INFO  server.RaftServerConfigKeys (ConfUtils.java:logGet(43)) - raft.server.watch.element-limit = 65536 (default)
2019-10-01 20:50:09,576 [fe150c76-0559-4cd9-a6d3-a9f1a80e5966@group-F7440D56CC2D-LeaderElection63] INFO  server.RaftServerConfigKeys (ConfUtils.java:logGet(43)) - raft.server.log.appender.snapshot.chunk.size.max = 16MB (=16777216) (default)
2019-10-01 20:50:09,576 [fe150c76-0559-4cd9-a6d3-a9f1a80e5966@group-F7440D56CC2D-LeaderElection63] INFO  server.RaftServerConfigKeys (ConfUtils.java:logGet(43)) - raft.server.log.appender.buffer.byte-limit = 33554432 (custom)
2019-10-01 20:50:09,576 [fe150c76-0559-4cd9-a6d3-a9f1a80e5966@group-F7440D56CC2D-LeaderElection63] INFO  server.RaftServerConfigKeys (ConfUtils.java:logGet(43)) - raft.server.log.appender.buffer.element-limit = 1 (custom)
2019-10-01 20:50:09,577 [fe150c76-0559-4cd9-a6d3-a9f1a80e5966@group-F7440D56CC2D-LeaderElection63] INFO  grpc.GrpcConfigKeys$Server (ConfUtils.java:logGet(43)) - raft.grpc.server.leader.outstanding.appends.max = 128 (default)
2019-10-01 20:50:09,577 [fe150c76-0559-4cd9-a6d3-a9f1a80e5966@group-F7440D56CC2D-LeaderElection63] INFO  server.RaftServerConfigKeys (ConfUtils.java:logGet(43)) - raft.server.rpc.request.timeout = 3000ms (default)
2019-10-01 20:50:09,577 [fe150c76-0559-4cd9-a6d3-a9f1a80e5966@group-F7440D56CC2D-LeaderElection63] INFO  server.RaftServerConfigKeys (ConfUtils.java:logGet(43)) - raft.server.log.appender.install.snapshot.enabled = false (custom)
2019-10-01 20:50:09,578 [fe150c76-0559-4cd9-a6d3-a9f1a80e5966@group-F7440D56CC2D-LeaderElection63] INFO  server.RaftServerConfigKeys (ConfUtils.java:logGet(43)) - raft.server.log.appender.snapshot.chunk.size.max = 16MB (=16777216) (default)
2019-10-01 20:50:09,581 [fe150c76-0559-4cd9-a6d3-a9f1a80e5966@group-E4614ADBB444-SegmentedRaftLogWorker] INFO  segmented.SegmentedRaftLogWorker (SegmentedRaftLogWorker.java:execute(574)) - fe150c76-0559-4cd9-a6d3-a9f1a80e5966@group-E4614ADBB444-SegmentedRaftLogWorker: created new log segment /workdir/hadoop-ozone/integration-test/target/test-dir/MiniOzoneClusterImpl-421878e6-6fa2-4ecb-bb16-2969c86feb8d/datanode-6/data/ratis/4c85713a-81a7-4dac-af4d-e4614adbb444/current/log_inprogress_0
2019-10-01 20:50:09,581 [fe150c76-0559-4cd9-a6d3-a9f1a80e5966@group-F7440D56CC2D-LeaderElection63] INFO  server.RaftServerConfigKeys (ConfUtils.java:logGet(43)) - raft.server.log.appender.buffer.byte-limit = 33554432 (custom)
2019-10-01 20:50:09,582 [fe150c76-0559-4cd9-a6d3-a9f1a80e5966@group-F7440D56CC2D-LeaderElection63] INFO  server.RaftServerConfigKeys (ConfUtils.java:logGet(43)) - raft.server.log.appender.buffer.element-limit = 1 (custom)
2019-10-01 20:50:09,582 [fe150c76-0559-4cd9-a6d3-a9f1a80e5966@group-F7440D56CC2D-LeaderElection63] INFO  grpc.GrpcConfigKeys$Server (ConfUtils.java:logGet(43)) - raft.grpc.server.leader.outstanding.appends.max = 128 (default)
2019-10-01 20:50:09,582 [fe150c76-0559-4cd9-a6d3-a9f1a80e5966@group-F7440D56CC2D-LeaderElection63] INFO  server.RaftServerConfigKeys (ConfUtils.java:logGet(43)) - raft.server.rpc.request.timeout = 3000ms (default)
2019-10-01 20:50:09,583 [fe150c76-0559-4cd9-a6d3-a9f1a80e5966@group-F7440D56CC2D-LeaderElection63] INFO  server.RaftServerConfigKeys (ConfUtils.java:logGet(43)) - raft.server.log.appender.install.snapshot.enabled = false (custom)
2019-10-01 20:50:09,587 [fe150c76-0559-4cd9-a6d3-a9f1a80e5966@group-F7440D56CC2D-LeaderElection63] INFO  impl.RoleInfo (RoleInfo.java:updateAndGet(143)) - fe150c76-0559-4cd9-a6d3-a9f1a80e5966: start LeaderState
2019-10-01 20:50:09,587 [fe150c76-0559-4cd9-a6d3-a9f1a80e5966@group-F7440D56CC2D-LeaderElection63] INFO  segmented.SegmentedRaftLogWorker (SegmentedRaftLogWorker.java:startLogSegment(385)) - fe150c76-0559-4cd9-a6d3-a9f1a80e5966@group-F7440D56CC2D-SegmentedRaftLogWorker: Starting segment from index:0
2019-10-01 20:50:09,588 [fe150c76-0559-4cd9-a6d3-a9f1a80e5966@group-F7440D56CC2D-LeaderElection63] INFO  impl.RaftServerImpl (ServerState.java:setRaftConf(356)) - fe150c76-0559-4cd9-a6d3-a9f1a80e5966@group-F7440D56CC2D: set configuration 0: [be578bb6-8427-4561-a972-b36fbc0bb82d:192.168.5.177:42430, fe150c76-0559-4cd9-a6d3-a9f1a80e5966:192.168.5.177:43440, 107cbbe0-2f27-4026-84b2-64e87464c671:192.168.5.177:39749], old=null at 0
2019-10-01 20:50:09,653 [fe150c76-0559-4cd9-a6d3-a9f1a80e5966@group-F7440D56CC2D-SegmentedRaftLogWorker] INFO  segmented.SegmentedRaftLogWorker (SegmentedRaftLogWorker.java:execute(574)) - fe150c76-0559-4cd9-a6d3-a9f1a80e5966@group-F7440D56CC2D-SegmentedRaftLogWorker: created new log segment /workdir/hadoop-ozone/integration-test/target/test-dir/MiniOzoneClusterImpl-421878e6-6fa2-4ecb-bb16-2969c86feb8d/datanode-6/data/ratis/0985d061-6fa5-4f31-9e0f-f7440d56cc2d/current/log_inprogress_0
2019-10-01 20:50:09,653 [grpc-default-executor-1] INFO  impl.RaftServerImpl (ServerState.java:setLeader(255)) - 107cbbe0-2f27-4026-84b2-64e87464c671@group-F7440D56CC2D: change Leader from null to fe150c76-0559-4cd9-a6d3-a9f1a80e5966 at term 1 for appendEntries, leader elected after 5200ms
2019-10-01 20:50:09,653 [grpc-default-executor-5] INFO  impl.RaftServerImpl (ServerState.java:setLeader(255)) - be578bb6-8427-4561-a972-b36fbc0bb82d@group-F7440D56CC2D: change Leader from null to fe150c76-0559-4cd9-a6d3-a9f1a80e5966 at term 1 for appendEntries, leader elected after 5201ms
2019-10-01 20:50:09,656 [grpc-default-executor-5] INFO  impl.RaftServerImpl (ServerState.java:setRaftConf(356)) - be578bb6-8427-4561-a972-b36fbc0bb82d@group-F7440D56CC2D: set configuration 0: [be578bb6-8427-4561-a972-b36fbc0bb82d:192.168.5.177:42430, fe150c76-0559-4cd9-a6d3-a9f1a80e5966:192.168.5.177:43440, 107cbbe0-2f27-4026-84b2-64e87464c671:192.168.5.177:39749], old=null at 0
2019-10-01 20:50:09,656 [grpc-default-executor-1] INFO  impl.RaftServerImpl (ServerState.java:setRaftConf(356)) - 107cbbe0-2f27-4026-84b2-64e87464c671@group-F7440D56CC2D: set configuration 0: [be578bb6-8427-4561-a972-b36fbc0bb82d:192.168.5.177:42430, fe150c76-0559-4cd9-a6d3-a9f1a80e5966:192.168.5.177:43440, 107cbbe0-2f27-4026-84b2-64e87464c671:192.168.5.177:39749], old=null at 0
2019-10-01 20:50:09,656 [grpc-default-executor-5] INFO  segmented.SegmentedRaftLogWorker (SegmentedRaftLogWorker.java:startLogSegment(385)) - be578bb6-8427-4561-a972-b36fbc0bb82d@group-F7440D56CC2D-SegmentedRaftLogWorker: Starting segment from index:0
2019-10-01 20:50:09,656 [grpc-default-executor-1] INFO  segmented.SegmentedRaftLogWorker (SegmentedRaftLogWorker.java:startLogSegment(385)) - 107cbbe0-2f27-4026-84b2-64e87464c671@group-F7440D56CC2D-SegmentedRaftLogWorker: Starting segment from index:0
2019-10-01 20:50:09,702 [be578bb6-8427-4561-a972-b36fbc0bb82d@group-F7440D56CC2D-SegmentedRaftLogWorker] INFO  segmented.SegmentedRaftLogWorker (SegmentedRaftLogWorker.java:execute(574)) - be578bb6-8427-4561-a972-b36fbc0bb82d@group-F7440D56CC2D-SegmentedRaftLogWorker: created new log segment /workdir/hadoop-ozone/integration-test/target/test-dir/MiniOzoneClusterImpl-421878e6-6fa2-4ecb-bb16-2969c86feb8d/datanode-3/data/ratis/0985d061-6fa5-4f31-9e0f-f7440d56cc2d/current/log_inprogress_0
2019-10-01 20:50:09,702 [107cbbe0-2f27-4026-84b2-64e87464c671@group-F7440D56CC2D-SegmentedRaftLogWorker] INFO  segmented.SegmentedRaftLogWorker (SegmentedRaftLogWorker.java:execute(574)) - 107cbbe0-2f27-4026-84b2-64e87464c671@group-F7440D56CC2D-SegmentedRaftLogWorker: created new log segment /workdir/hadoop-ozone/integration-test/target/test-dir/MiniOzoneClusterImpl-421878e6-6fa2-4ecb-bb16-2969c86feb8d/datanode-5/data/ratis/0985d061-6fa5-4f31-9e0f-f7440d56cc2d/current/log_inprogress_0
2019-10-01 20:50:09,890 [grpc-default-executor-0] WARN  server.GrpcLogAppender (LogUtils.java:warn(134)) - 5eae8d89-2554-4fd6-97cf-239256c32a64@group-3D723BC38E81->364d6562-bb48-4b36-aaf0-ec4292e9bf14-AppendLogResponseHandler: Failed appendEntries: org.apache.ratis.thirdparty.io.grpc.StatusRuntimeException: UNAVAILABLE: io exception
2019-10-01 20:50:09,890 [grpc-default-executor-5] WARN  server.GrpcLogAppender (LogUtils.java:warn(134)) - 5eae8d89-2554-4fd6-97cf-239256c32a64@group-3D723BC38E81->8d0405c5-db0d-40fd-a5c9-fcc8c0c78ea9-AppendLogResponseHandler: Failed appendEntries: org.apache.ratis.thirdparty.io.grpc.StatusRuntimeException: UNAVAILABLE: io exception
2019-10-01 20:50:09,891 [grpc-default-executor-0] INFO  impl.FollowerInfo (FollowerInfo.java:lambda$new$0(51)) - 5eae8d89-2554-4fd6-97cf-239256c32a64@group-3D723BC38E81->364d6562-bb48-4b36-aaf0-ec4292e9bf14: nextIndex: updateUnconditionally 0 -> 0
2019-10-01 20:50:09,891 [grpc-default-executor-5] INFO  impl.FollowerInfo (FollowerInfo.java:lambda$new$0(51)) - 5eae8d89-2554-4fd6-97cf-239256c32a64@group-3D723BC38E81->8d0405c5-db0d-40fd-a5c9-fcc8c0c78ea9: nextIndex: updateUnconditionally 0 -> 0
2019-10-01 20:50:12,392 [grpc-default-executor-5] WARN  server.GrpcLogAppender (LogUtils.java:warn(134)) - 5eae8d89-2554-4fd6-97cf-239256c32a64@group-3D723BC38E81->364d6562-bb48-4b36-aaf0-ec4292e9bf14-AppendLogResponseHandler: Failed appendEntries: org.apache.ratis.thirdparty.io.grpc.StatusRuntimeException: UNAVAILABLE: io exception
2019-10-01 20:50:12,392 [grpc-default-executor-0] WARN  server.GrpcLogAppender (LogUtils.java:warn(134)) - 5eae8d89-2554-4fd6-97cf-239256c32a64@group-3D723BC38E81->8d0405c5-db0d-40fd-a5c9-fcc8c0c78ea9-AppendLogResponseHandler: Failed appendEntries: org.apache.ratis.thirdparty.io.grpc.StatusRuntimeException: UNAVAILABLE: io exception
2019-10-01 20:50:12,393 [grpc-default-executor-5] INFO  impl.FollowerInfo (FollowerInfo.java:lambda$new$0(51)) - 5eae8d89-2554-4fd6-97cf-239256c32a64@group-3D723BC38E81->364d6562-bb48-4b36-aaf0-ec4292e9bf14: nextIndex: updateUnconditionally 0 -> 0
2019-10-01 20:50:12,393 [grpc-default-executor-0] INFO  impl.FollowerInfo (FollowerInfo.java:lambda$new$0(51)) - 5eae8d89-2554-4fd6-97cf-239256c32a64@group-3D723BC38E81->8d0405c5-db0d-40fd-a5c9-fcc8c0c78ea9: nextIndex: updateUnconditionally 0 -> 0
2019-10-01 20:50:14,235 [EventQueue-StaleNodeForStaleNodeHandler] INFO  node.StaleNodeHandler (StaleNodeHandler.java:onMessage(58)) - Datanode 8d0405c5-db0d-40fd-a5c9-fcc8c0c78ea9{ip: 192.168.5.177, host: pr-hdds-2213-2l6tc-3189445122, networkLocation: /default-rack, certSerialId: null} moved to stale state. Finalizing its pipelines [PipelineID=9d06f42b-12f2-4dac-abec-1b072ebbadee, PipelineID=5c8f89d5-4903-4aaa-9c4e-3d723bc38e81]
2019-10-01 20:50:14,235 [EventQueue-StaleNodeForStaleNodeHandler] INFO  pipeline.SCMPipelineManager (SCMPipelineManager.java:finalizeAndDestroyPipeline(315)) - destroying pipeline:Pipeline[ Id: 9d06f42b-12f2-4dac-abec-1b072ebbadee, Nodes: 8d0405c5-db0d-40fd-a5c9-fcc8c0c78ea9{ip: 192.168.5.177, host: pr-hdds-2213-2l6tc-3189445122, networkLocation: /default-rack, certSerialId: null}, Type:RATIS, Factor:ONE, State:OPEN]
2019-10-01 20:50:14,235 [EventQueue-StaleNodeForStaleNodeHandler] INFO  pipeline.PipelineStateManager (PipelineStateManager.java:finalizePipeline(123)) - Pipeline Pipeline[ Id: 9d06f42b-12f2-4dac-abec-1b072ebbadee, Nodes: 8d0405c5-db0d-40fd-a5c9-fcc8c0c78ea9{ip: 192.168.5.177, host: pr-hdds-2213-2l6tc-3189445122, networkLocation: /default-rack, certSerialId: null}, Type:RATIS, Factor:ONE, State:CLOSED] moved to CLOSED state
2019-10-01 20:50:14,235 [EventQueue-StaleNodeForStaleNodeHandler] INFO  pipeline.SCMPipelineManager (SCMPipelineManager.java:finalizeAndDestroyPipeline(315)) - destroying pipeline:Pipeline[ Id: 5c8f89d5-4903-4aaa-9c4e-3d723bc38e81, Nodes: 8d0405c5-db0d-40fd-a5c9-fcc8c0c78ea9{ip: 192.168.5.177, host: pr-hdds-2213-2l6tc-3189445122, networkLocation: /default-rack, certSerialId: null}364d6562-bb48-4b36-aaf0-ec4292e9bf14{ip: 192.168.5.177, host: pr-hdds-2213-2l6tc-3189445122, networkLocation: /default-rack, certSerialId: null}5eae8d89-2554-4fd6-97cf-239256c32a64{ip: 192.168.5.177, host: pr-hdds-2213-2l6tc-3189445122, networkLocation: /default-rack, certSerialId: null}, Type:RATIS, Factor:THREE, State:OPEN]
2019-10-01 20:50:14,236 [EventQueue-StaleNodeForStaleNodeHandler] INFO  pipeline.PipelineStateManager (PipelineStateManager.java:finalizePipeline(123)) - Pipeline Pipeline[ Id: 5c8f89d5-4903-4aaa-9c4e-3d723bc38e81, Nodes: 8d0405c5-db0d-40fd-a5c9-fcc8c0c78ea9{ip: 192.168.5.177, host: pr-hdds-2213-2l6tc-3189445122, networkLocation: /default-rack, certSerialId: null}364d6562-bb48-4b36-aaf0-ec4292e9bf14{ip: 192.168.5.177, host: pr-hdds-2213-2l6tc-3189445122, networkLocation: /default-rack, certSerialId: null}5eae8d89-2554-4fd6-97cf-239256c32a64{ip: 192.168.5.177, host: pr-hdds-2213-2l6tc-3189445122, networkLocation: /default-rack, certSerialId: null}, Type:RATIS, Factor:THREE, State:CLOSED] moved to CLOSED state
2019-10-01 20:50:14,236 [EventQueue-CloseContainerForCloseContainerEventHandler] INFO  container.CloseContainerEventHandler (CloseContainerEventHandler.java:onMessage(61)) - Close container Event triggered for container : #1
2019-10-01 20:50:14,305 [Thread-2349] INFO  impl.FollowerState (FollowerState.java:run(108)) - baf805c2-d82d-4db9-85fb-97e22b3fff5d@group-B303CFFAF257-FollowerState: change to CANDIDATE, lastRpcTime:5033ms, electionTimeout:5033ms
2019-10-01 20:50:14,310 [Thread-2349] INFO  impl.RoleInfo (RoleInfo.java:shutdownFollowerState(121)) - baf805c2-d82d-4db9-85fb-97e22b3fff5d: shutdown FollowerState
2019-10-01 20:50:14,311 [Thread-2349] INFO  impl.RaftServerImpl (RaftServerImpl.java:setRole(170)) - baf805c2-d82d-4db9-85fb-97e22b3fff5d@group-B303CFFAF257: changes role from  FOLLOWER to CANDIDATE at term 1 for changeToCandidate
2019-10-01 20:50:14,311 [Thread-2349] INFO  impl.RoleInfo (RoleInfo.java:updateAndGet(143)) - baf805c2-d82d-4db9-85fb-97e22b3fff5d: start LeaderElection
2019-10-01 20:50:14,328 [baf805c2-d82d-4db9-85fb-97e22b3fff5d@group-B303CFFAF257-LeaderElection65] INFO  impl.LeaderElection (LeaderElection.java:askForVotes(178)) - baf805c2-d82d-4db9-85fb-97e22b3fff5d@group-B303CFFAF257-LeaderElection65: begin an election at term 2 for -1: [b9f3e374-3782-44bb-9f99-14eb65aa24c4:192.168.5.177:41537, baf805c2-d82d-4db9-85fb-97e22b3fff5d:192.168.5.177:38782, 865957d6-a698-4fd9-9d54-29030c60b7f2:192.168.5.177:34543], old=null
2019-10-01 20:50:14,331 [grpc-default-executor-0] INFO  impl.RaftServerImpl (RaftServerImpl.java:setRole(170)) - 865957d6-a698-4fd9-9d54-29030c60b7f2@group-B303CFFAF257: changes role from  FOLLOWER to FOLLOWER at term 2 for recognizeCandidate:baf805c2-d82d-4db9-85fb-97e22b3fff5d
2019-10-01 20:50:14,331 [grpc-default-executor-5] INFO  impl.RaftServerImpl (RaftServerImpl.java:setRole(170)) - b9f3e374-3782-44bb-9f99-14eb65aa24c4@group-B303CFFAF257: changes role from  FOLLOWER to FOLLOWER at term 2 for recognizeCandidate:baf805c2-d82d-4db9-85fb-97e22b3fff5d
2019-10-01 20:50:14,331 [grpc-default-executor-0] INFO  impl.RoleInfo (RoleInfo.java:shutdownFollowerState(121)) - 865957d6-a698-4fd9-9d54-29030c60b7f2: shutdown FollowerState
2019-10-01 20:50:14,332 [grpc-default-executor-5] INFO  impl.RoleInfo (RoleInfo.java:shutdownFollowerState(121)) - b9f3e374-3782-44bb-9f99-14eb65aa24c4: shutdown FollowerState
2019-10-01 20:50:14,332 [Thread-2351] INFO  impl.FollowerState (FollowerState.java:run(117)) - 865957d6-a698-4fd9-9d54-29030c60b7f2@group-B303CFFAF257-FollowerState was interrupted: java.lang.InterruptedException: sleep interrupted
2019-10-01 20:50:14,332 [grpc-default-executor-5] INFO  impl.RoleInfo (RoleInfo.java:updateAndGet(143)) - b9f3e374-3782-44bb-9f99-14eb65aa24c4: start FollowerState
2019-10-01 20:50:14,332 [grpc-default-executor-0] INFO  impl.RoleInfo (RoleInfo.java:updateAndGet(143)) - 865957d6-a698-4fd9-9d54-29030c60b7f2: start FollowerState
2019-10-01 20:50:14,337 [Thread-2348] INFO  impl.FollowerState (FollowerState.java:run(117)) - b9f3e374-3782-44bb-9f99-14eb65aa24c4@group-B303CFFAF257-FollowerState was interrupted: java.lang.InterruptedException: sleep interrupted
2019-10-01 20:50:14,355 [baf805c2-d82d-4db9-85fb-97e22b3fff5d@group-B303CFFAF257-LeaderElection65] INFO  impl.LeaderElection (LeaderElection.java:logAndReturn(56)) - baf805c2-d82d-4db9-85fb-97e22b3fff5d@group-B303CFFAF257-LeaderElection65: Election PASSED; received 1 response(s) [baf805c2-d82d-4db9-85fb-97e22b3fff5d<-865957d6-a698-4fd9-9d54-29030c60b7f2#0:OK-t2] and 0 exception(s); baf805c2-d82d-4db9-85fb-97e22b3fff5d@group-B303CFFAF257:t2, leader=null, voted=baf805c2-d82d-4db9-85fb-97e22b3fff5d, raftlog=baf805c2-d82d-4db9-85fb-97e22b3fff5d@group-B303CFFAF257-SegmentedRaftLog:OPENED:c-1,f-1,i0, conf=-1: [b9f3e374-3782-44bb-9f99-14eb65aa24c4:192.168.5.177:41537, baf805c2-d82d-4db9-85fb-97e22b3fff5d:192.168.5.177:38782, 865957d6-a698-4fd9-9d54-29030c60b7f2:192.168.5.177:34543], old=null
2019-10-01 20:50:14,356 [baf805c2-d82d-4db9-85fb-97e22b3fff5d@group-B303CFFAF257-LeaderElection65] INFO  impl.RoleInfo (RoleInfo.java:shutdownLeaderElection(134)) - baf805c2-d82d-4db9-85fb-97e22b3fff5d: shutdown LeaderElection
2019-10-01 20:50:14,356 [baf805c2-d82d-4db9-85fb-97e22b3fff5d@group-B303CFFAF257-LeaderElection65] INFO  impl.RaftServerImpl (RaftServerImpl.java:setRole(170)) - baf805c2-d82d-4db9-85fb-97e22b3fff5d@group-B303CFFAF257: changes role from CANDIDATE to LEADER at term 2 for changeToLeader
2019-10-01 20:50:14,356 [baf805c2-d82d-4db9-85fb-97e22b3fff5d@group-B303CFFAF257-LeaderElection65] INFO  impl.RaftServerImpl (ServerState.java:setLeader(255)) - baf805c2-d82d-4db9-85fb-97e22b3fff5d@group-B303CFFAF257: change Leader from null to baf805c2-d82d-4db9-85fb-97e22b3fff5d at term 2 for becomeLeader, leader elected after 10277ms
2019-10-01 20:50:14,356 [baf805c2-d82d-4db9-85fb-97e22b3fff5d@group-B303CFFAF257-LeaderElection65] INFO  server.RaftServerConfigKeys (ConfUtils.java:logGet(43)) - raft.server.staging.catchup.gap = 1000 (default)
2019-10-01 20:50:14,356 [baf805c2-d82d-4db9-85fb-97e22b3fff5d@group-B303CFFAF257-LeaderElection65] INFO  server.RaftServerConfigKeys (ConfUtils.java:logGet(43)) - raft.server.rpc.sleep.time = 25ms (default)
2019-10-01 20:50:14,357 [baf805c2-d82d-4db9-85fb-97e22b3fff5d@group-B303CFFAF257-LeaderElection65] INFO  server.RaftServerConfigKeys (ConfUtils.java:logGet(43)) - raft.server.write.element-limit = 4096 (default)
2019-10-01 20:50:14,357 [baf805c2-d82d-4db9-85fb-97e22b3fff5d@group-B303CFFAF257-LeaderElection65] INFO  server.RaftServerConfigKeys (ConfUtils.java:logGet(43)) - raft.server.watch.timeout = 10s (default)
2019-10-01 20:50:14,357 [baf805c2-d82d-4db9-85fb-97e22b3fff5d@group-B303CFFAF257-LeaderElection65] INFO  server.RaftServerConfigKeys (ConfUtils.java:logGet(43)) - raft.server.watch.timeout.denomination = 1s (default)
2019-10-01 20:50:14,357 [baf805c2-d82d-4db9-85fb-97e22b3fff5d@group-B303CFFAF257-LeaderElection65] INFO  server.RaftServerConfigKeys (ConfUtils.java:logGet(43)) - raft.server.watch.element-limit = 65536 (default)
2019-10-01 20:50:14,359 [baf805c2-d82d-4db9-85fb-97e22b3fff5d@group-B303CFFAF257-LeaderElection65] INFO  server.RaftServerConfigKeys (ConfUtils.java:logGet(43)) - raft.server.log.appender.snapshot.chunk.size.max = 16MB (=16777216) (default)
2019-10-01 20:50:14,359 [baf805c2-d82d-4db9-85fb-97e22b3fff5d@group-B303CFFAF257-LeaderElection65] INFO  server.RaftServerConfigKeys (ConfUtils.java:logGet(43)) - raft.server.log.appender.buffer.byte-limit = 33554432 (custom)
2019-10-01 20:50:14,359 [baf805c2-d82d-4db9-85fb-97e22b3fff5d@group-B303CFFAF257-LeaderElection65] INFO  server.RaftServerConfigKeys (ConfUtils.java:logGet(43)) - raft.server.log.appender.buffer.element-limit = 1 (custom)
2019-10-01 20:50:14,360 [baf805c2-d82d-4db9-85fb-97e22b3fff5d@group-B303CFFAF257-LeaderElection65] INFO  grpc.GrpcConfigKeys$Server (ConfUtils.java:logGet(43)) - raft.grpc.server.leader.outstanding.appends.max = 128 (default)
2019-10-01 20:50:14,360 [baf805c2-d82d-4db9-85fb-97e22b3fff5d@group-B303CFFAF257-LeaderElection65] INFO  server.RaftServerConfigKeys (ConfUtils.java:logGet(43)) - raft.server.rpc.request.timeout = 3000ms (default)
2019-10-01 20:50:14,360 [baf805c2-d82d-4db9-85fb-97e22b3fff5d@group-B303CFFAF257-LeaderElection65] INFO  server.RaftServerConfigKeys (ConfUtils.java:logGet(43)) - raft.server.log.appender.install.snapshot.enabled = false (custom)
2019-10-01 20:50:14,360 [baf805c2-d82d-4db9-85fb-97e22b3fff5d@group-B303CFFAF257-LeaderElection65] INFO  server.RaftServerConfigKeys (ConfUtils.java:logGet(43)) - raft.server.log.appender.snapshot.chunk.size.max = 16MB (=16777216) (default)
2019-10-01 20:50:14,360 [baf805c2-d82d-4db9-85fb-97e22b3fff5d@group-B303CFFAF257-LeaderElection65] INFO  server.RaftServerConfigKeys (ConfUtils.java:logGet(43)) - raft.server.log.appender.buffer.byte-limit = 33554432 (custom)
2019-10-01 20:50:14,361 [baf805c2-d82d-4db9-85fb-97e22b3fff5d@group-B303CFFAF257-LeaderElection65] INFO  server.RaftServerConfigKeys (ConfUtils.java:logGet(43)) - raft.server.log.appender.buffer.element-limit = 1 (custom)
2019-10-01 20:50:14,361 [baf805c2-d82d-4db9-85fb-97e22b3fff5d@group-B303CFFAF257-LeaderElection65] INFO  grpc.GrpcConfigKeys$Server (ConfUtils.java:logGet(43)) - raft.grpc.server.leader.outstanding.appends.max = 128 (default)
2019-10-01 20:50:14,361 [baf805c2-d82d-4db9-85fb-97e22b3fff5d@group-B303CFFAF257-LeaderElection65] INFO  server.RaftServerConfigKeys (ConfUtils.java:logGet(43)) - raft.server.rpc.request.timeout = 3000ms (default)
2019-10-01 20:50:14,361 [baf805c2-d82d-4db9-85fb-97e22b3fff5d@group-B303CFFAF257-LeaderElection65] INFO  server.RaftServerConfigKeys (ConfUtils.java:logGet(43)) - raft.server.log.appender.install.snapshot.enabled = false (custom)
2019-10-01 20:50:14,361 [baf805c2-d82d-4db9-85fb-97e22b3fff5d@group-B303CFFAF257-LeaderElection65] INFO  impl.RoleInfo (RoleInfo.java:updateAndGet(143)) - baf805c2-d82d-4db9-85fb-97e22b3fff5d: start LeaderState
2019-10-01 20:50:14,361 [baf805c2-d82d-4db9-85fb-97e22b3fff5d@group-B303CFFAF257-LeaderElection65] INFO  segmented.SegmentedRaftLogWorker (SegmentedRaftLogWorker.java:startLogSegment(385)) - baf805c2-d82d-4db9-85fb-97e22b3fff5d@group-B303CFFAF257-SegmentedRaftLogWorker: Starting segment from index:0
2019-10-01 20:50:14,362 [baf805c2-d82d-4db9-85fb-97e22b3fff5d@group-B303CFFAF257-LeaderElection65] INFO  impl.RaftServerImpl (ServerState.java:setRaftConf(356)) - baf805c2-d82d-4db9-85fb-97e22b3fff5d@group-B303CFFAF257: set configuration 0: [b9f3e374-3782-44bb-9f99-14eb65aa24c4:192.168.5.177:41537, baf805c2-d82d-4db9-85fb-97e22b3fff5d:192.168.5.177:38782, 865957d6-a698-4fd9-9d54-29030c60b7f2:192.168.5.177:34543], old=null at 0
2019-10-01 20:50:14,364 [grpc-default-executor-0] INFO  impl.RaftServerImpl (ServerState.java:setLeader(255)) - b9f3e374-3782-44bb-9f99-14eb65aa24c4@group-B303CFFAF257: change Leader from null to baf805c2-d82d-4db9-85fb-97e22b3fff5d at term 2 for appendEntries, leader elected after 10285ms
2019-10-01 20:50:14,393 [grpc-default-executor-0] INFO  impl.RaftServerImpl (ServerState.java:setLeader(255)) - 865957d6-a698-4fd9-9d54-29030c60b7f2@group-B303CFFAF257: change Leader from null to baf805c2-d82d-4db9-85fb-97e22b3fff5d at term 2 for appendEntries, leader elected after 10314ms
2019-10-01 20:50:14,395 [grpc-default-executor-0] INFO  impl.RaftServerImpl (ServerState.java:setRaftConf(356)) - b9f3e374-3782-44bb-9f99-14eb65aa24c4@group-B303CFFAF257: set configuration 0: [b9f3e374-3782-44bb-9f99-14eb65aa24c4:192.168.5.177:41537, baf805c2-d82d-4db9-85fb-97e22b3fff5d:192.168.5.177:38782, 865957d6-a698-4fd9-9d54-29030c60b7f2:192.168.5.177:34543], old=null at 0
2019-10-01 20:50:14,395 [grpc-default-executor-5] INFO  impl.RaftServerImpl (ServerState.java:setRaftConf(356)) - 865957d6-a698-4fd9-9d54-29030c60b7f2@group-B303CFFAF257: set configuration 0: [b9f3e374-3782-44bb-9f99-14eb65aa24c4:192.168.5.177:41537, baf805c2-d82d-4db9-85fb-97e22b3fff5d:192.168.5.177:38782, 865957d6-a698-4fd9-9d54-29030c60b7f2:192.168.5.177:34543], old=null at 0
2019-10-01 20:50:14,395 [grpc-default-executor-0] INFO  segmented.SegmentedRaftLogWorker (SegmentedRaftLogWorker.java:startLogSegment(385)) - b9f3e374-3782-44bb-9f99-14eb65aa24c4@group-B303CFFAF257-SegmentedRaftLogWorker: Starting segment from index:0
2019-10-01 20:50:14,395 [grpc-default-executor-5] INFO  segmented.SegmentedRaftLogWorker (SegmentedRaftLogWorker.java:startLogSegment(385)) - 865957d6-a698-4fd9-9d54-29030c60b7f2@group-B303CFFAF257-SegmentedRaftLogWorker: Starting segment from index:0
2019-10-01 20:50:14,405 [baf805c2-d82d-4db9-85fb-97e22b3fff5d@group-B303CFFAF257-SegmentedRaftLogWorker] INFO  segmented.SegmentedRaftLogWorker (SegmentedRaftLogWorker.java:execute(574)) - baf805c2-d82d-4db9-85fb-97e22b3fff5d@group-B303CFFAF257-SegmentedRaftLogWorker: created new log segment /workdir/hadoop-ozone/integration-test/target/test-dir/MiniOzoneClusterImpl-421878e6-6fa2-4ecb-bb16-2969c86feb8d/datanode-1/data/ratis/43a956e9-6b0e-458c-a56d-b303cffaf257/current/log_inprogress_0
2019-10-01 20:50:14,431 [865957d6-a698-4fd9-9d54-29030c60b7f2@group-B303CFFAF257-SegmentedRaftLogWorker] INFO  segmented.SegmentedRaftLogWorker (SegmentedRaftLogWorker.java:execute(574)) - 865957d6-a698-4fd9-9d54-29030c60b7f2@group-B303CFFAF257-SegmentedRaftLogWorker: created new log segment /workdir/hadoop-ozone/integration-test/target/test-dir/MiniOzoneClusterImpl-421878e6-6fa2-4ecb-bb16-2969c86feb8d/datanode-2/data/ratis/43a956e9-6b0e-458c-a56d-b303cffaf257/current/log_inprogress_0
2019-10-01 20:50:14,433 [b9f3e374-3782-44bb-9f99-14eb65aa24c4@group-B303CFFAF257-SegmentedRaftLogWorker] INFO  segmented.SegmentedRaftLogWorker (SegmentedRaftLogWorker.java:execute(574)) - b9f3e374-3782-44bb-9f99-14eb65aa24c4@group-B303CFFAF257-SegmentedRaftLogWorker: created new log segment /workdir/hadoop-ozone/integration-test/target/test-dir/MiniOzoneClusterImpl-421878e6-6fa2-4ecb-bb16-2969c86feb8d/datanode-0/data/ratis/43a956e9-6b0e-458c-a56d-b303cffaf257/current/log_inprogress_0
2019-10-01 20:50:14,808 [Datanode State Machine Thread - 0] INFO  statemachine.DatanodeStateMachine (DatanodeStateMachine.java:lambda$startDaemon$0(350)) - Ozone container server started.
2019-10-01 20:50:14,892 [grpc-default-executor-0] WARN  server.GrpcLogAppender (LogUtils.java:warn(134)) - 5eae8d89-2554-4fd6-97cf-239256c32a64@group-3D723BC38E81->8d0405c5-db0d-40fd-a5c9-fcc8c0c78ea9-AppendLogResponseHandler: Failed appendEntries: org.apache.ratis.thirdparty.io.grpc.StatusRuntimeException: UNAVAILABLE: io exception
2019-10-01 20:50:14,892 [grpc-default-executor-8] WARN  server.GrpcLogAppender (LogUtils.java:warn(134)) - 5eae8d89-2554-4fd6-97cf-239256c32a64@group-3D723BC38E81->364d6562-bb48-4b36-aaf0-ec4292e9bf14-AppendLogResponseHandler: Failed appendEntries: org.apache.ratis.thirdparty.io.grpc.StatusRuntimeException: UNAVAILABLE: io exception
2019-10-01 20:50:14,892 [grpc-default-executor-0] INFO  impl.FollowerInfo (FollowerInfo.java:lambda$new$0(51)) - 5eae8d89-2554-4fd6-97cf-239256c32a64@group-3D723BC38E81->8d0405c5-db0d-40fd-a5c9-fcc8c0c78ea9: nextIndex: updateUnconditionally 0 -> 0
2019-10-01 20:50:14,892 [grpc-default-executor-8] INFO  impl.FollowerInfo (FollowerInfo.java:lambda$new$0(51)) - 5eae8d89-2554-4fd6-97cf-239256c32a64@group-3D723BC38E81->364d6562-bb48-4b36-aaf0-ec4292e9bf14: nextIndex: updateUnconditionally 0 -> 0
2019-10-01 20:50:15,990 [grpc-default-executor-9] WARN  server.GrpcLogAppender (LogUtils.java:warn(134)) - 5eae8d89-2554-4fd6-97cf-239256c32a64@group-3D723BC38E81->8d0405c5-db0d-40fd-a5c9-fcc8c0c78ea9-AppendLogResponseHandler: Failed appendEntries: org.apache.ratis.thirdparty.io.grpc.StatusRuntimeException: UNAVAILABLE: io exception
2019-10-01 20:50:15,990 [grpc-default-executor-0] WARN  server.GrpcLogAppender (LogUtils.java:warn(134)) - 5eae8d89-2554-4fd6-97cf-239256c32a64@group-3D723BC38E81->364d6562-bb48-4b36-aaf0-ec4292e9bf14-AppendLogResponseHandler: Failed appendEntries: org.apache.ratis.thirdparty.io.grpc.StatusRuntimeException: UNAVAILABLE: io exception
2019-10-01 20:50:15,991 [grpc-default-executor-9] INFO  impl.FollowerInfo (FollowerInfo.java:lambda$new$0(51)) - 5eae8d89-2554-4fd6-97cf-239256c32a64@group-3D723BC38E81->8d0405c5-db0d-40fd-a5c9-fcc8c0c78ea9: nextIndex: updateUnconditionally 1 -> 0
2019-10-01 20:50:15,991 [grpc-default-executor-0] INFO  impl.FollowerInfo (FollowerInfo.java:lambda$new$0(51)) - 5eae8d89-2554-4fd6-97cf-239256c32a64@group-3D723BC38E81->364d6562-bb48-4b36-aaf0-ec4292e9bf14: nextIndex: updateUnconditionally 1 -> 0
2019-10-01 20:50:18,490 [grpc-default-executor-9] WARN  server.GrpcLogAppender (LogUtils.java:warn(134)) - 5eae8d89-2554-4fd6-97cf-239256c32a64@group-3D723BC38E81->8d0405c5-db0d-40fd-a5c9-fcc8c0c78ea9-AppendLogResponseHandler: Failed appendEntries: org.apache.ratis.thirdparty.io.grpc.StatusRuntimeException: UNAVAILABLE: io exception
2019-10-01 20:50:18,490 [grpc-default-executor-0] WARN  server.GrpcLogAppender (LogUtils.java:warn(134)) - 5eae8d89-2554-4fd6-97cf-239256c32a64@group-3D723BC38E81->364d6562-bb48-4b36-aaf0-ec4292e9bf14-AppendLogResponseHandler: Failed appendEntries: org.apache.ratis.thirdparty.io.grpc.StatusRuntimeException: UNAVAILABLE: io exception
2019-10-01 20:50:18,491 [grpc-default-executor-9] INFO  impl.FollowerInfo (FollowerInfo.java:lambda$new$0(51)) - 5eae8d89-2554-4fd6-97cf-239256c32a64@group-3D723BC38E81->8d0405c5-db0d-40fd-a5c9-fcc8c0c78ea9: nextIndex: updateUnconditionally 0 -> 0
2019-10-01 20:50:18,491 [grpc-default-executor-0] INFO  impl.FollowerInfo (FollowerInfo.java:lambda$new$0(51)) - 5eae8d89-2554-4fd6-97cf-239256c32a64@group-3D723BC38E81->364d6562-bb48-4b36-aaf0-ec4292e9bf14: nextIndex: updateUnconditionally 0 -> 0
2019-10-01 20:50:19,786 [main] INFO  ozoneimpl.OzoneContainer (OzoneContainer.java:stop(231)) - Attempting to stop container services.
2019-10-01 20:50:19,787 [main] INFO  impl.RaftServerProxy (RaftServerProxy.java:lambda$close$4(314)) - b9f3e374-3782-44bb-9f99-14eb65aa24c4: close
2019-10-01 20:50:19,787 [main] INFO  impl.RaftServerImpl (RaftServerImpl.java:lambda$shutdown$3(247)) - b9f3e374-3782-44bb-9f99-14eb65aa24c4@group-47E6DD7909C6: shutdown
2019-10-01 20:50:19,788 [main] INFO  util.JmxRegister (JmxRegister.java:unregister(73)) - Successfully un-registered JMX Bean with object name Ratis:service=RaftServer,group=group-47E6DD7909C6,id=b9f3e374-3782-44bb-9f99-14eb65aa24c4
2019-10-01 20:50:19,788 [main] INFO  impl.RoleInfo (RoleInfo.java:shutdownLeaderState(104)) - b9f3e374-3782-44bb-9f99-14eb65aa24c4: shutdown LeaderState
2019-10-01 20:50:19,789 [main] INFO  impl.PendingRequests (PendingRequests.java:sendNotLeaderResponses(202)) - b9f3e374-3782-44bb-9f99-14eb65aa24c4@group-47E6DD7909C6-PendingRequests: sendNotLeaderResponses
2019-10-01 20:50:19,789 [main] INFO  impl.StateMachineUpdater (StateMachineUpdater.java:stopAndJoin(136)) - b9f3e374-3782-44bb-9f99-14eb65aa24c4@group-47E6DD7909C6-StateMachineUpdater: set stopIndex = 0
2019-10-01 20:50:19,790 [main] INFO  impl.RaftServerImpl (ServerState.java:close(387)) - b9f3e374-3782-44bb-9f99-14eb65aa24c4@group-47E6DD7909C6: closes. applyIndex: 0
2019-10-01 20:50:19,791 [b9f3e374-3782-44bb-9f99-14eb65aa24c4@group-47E6DD7909C6-SegmentedRaftLogWorker] INFO  segmented.SegmentedRaftLogWorker (SegmentedRaftLogWorker.java:run(316)) - b9f3e374-3782-44bb-9f99-14eb65aa24c4@group-47E6DD7909C6-SegmentedRaftLogWorker was interrupted, exiting. There are 0 tasks remaining in the queue.
2019-10-01 20:50:19,797 [main] INFO  segmented.SegmentedRaftLogWorker (SegmentedRaftLogWorker.java:close(224)) - b9f3e374-3782-44bb-9f99-14eb65aa24c4@group-47E6DD7909C6-SegmentedRaftLogWorker close()
2019-10-01 20:50:19,806 [main] INFO  impl.RaftServerImpl (RaftServerImpl.java:lambda$shutdown$3(247)) - b9f3e374-3782-44bb-9f99-14eb65aa24c4@group-B303CFFAF257: shutdown
2019-10-01 20:50:19,806 [main] INFO  util.JmxRegister (JmxRegister.java:unregister(73)) - Successfully un-registered JMX Bean with object name Ratis:service=RaftServer,group=group-B303CFFAF257,id=b9f3e374-3782-44bb-9f99-14eb65aa24c4
2019-10-01 20:50:19,806 [main] INFO  impl.RoleInfo (RoleInfo.java:shutdownFollowerState(121)) - b9f3e374-3782-44bb-9f99-14eb65aa24c4: shutdown FollowerState
2019-10-01 20:50:19,807 [main] INFO  impl.StateMachineUpdater (StateMachineUpdater.java:stopAndJoin(136)) - b9f3e374-3782-44bb-9f99-14eb65aa24c4@group-B303CFFAF257-StateMachineUpdater: set stopIndex = 2
2019-10-01 20:50:19,807 [b9f3e374-3782-44bb-9f99-14eb65aa24c4@group-B303CFFAF257-StateMachineUpdater] INFO  ratis.ContainerStateMachine (ContainerStateMachine.java:takeSnapshot(289)) - group-B303CFFAF257: Taking a snapshot at:(t:2, i:1) file /workdir/hadoop-ozone/integration-test/target/test-dir/MiniOzoneClusterImpl-421878e6-6fa2-4ecb-bb16-2969c86feb8d/datanode-0/data/ratis/43a956e9-6b0e-458c-a56d-b303cffaf257/sm/snapshot.2_1
2019-10-01 20:50:19,807 [Thread-2398] INFO  impl.FollowerState (FollowerState.java:run(117)) - b9f3e374-3782-44bb-9f99-14eb65aa24c4@group-B303CFFAF257-FollowerState was interrupted: java.lang.InterruptedException: sleep interrupted
2019-10-01 20:50:19,825 [b9f3e374-3782-44bb-9f99-14eb65aa24c4@group-B303CFFAF257-StateMachineUpdater] INFO  ratis.ContainerStateMachine (ContainerStateMachine.java:takeSnapshot(300)) - group-B303CFFAF257: Finished taking a snapshot at:(t:2, i:1) file:/workdir/hadoop-ozone/integration-test/target/test-dir/MiniOzoneClusterImpl-421878e6-6fa2-4ecb-bb16-2969c86feb8d/datanode-0/data/ratis/43a956e9-6b0e-458c-a56d-b303cffaf257/sm/snapshot.2_1 time:18
2019-10-01 20:50:19,825 [b9f3e374-3782-44bb-9f99-14eb65aa24c4@group-B303CFFAF257-StateMachineUpdater] INFO  impl.StateMachineUpdater (StateMachineUpdater.java:takeSnapshot(269)) - b9f3e374-3782-44bb-9f99-14eb65aa24c4@group-B303CFFAF257-StateMachineUpdater: Took a snapshot at index 1
2019-10-01 20:50:19,826 [b9f3e374-3782-44bb-9f99-14eb65aa24c4@group-B303CFFAF257-StateMachineUpdater] INFO  impl.StateMachineUpdater (StateMachineUpdater.java:lambda$new$0(84)) - b9f3e374-3782-44bb-9f99-14eb65aa24c4@group-B303CFFAF257-StateMachineUpdater: snapshotIndex: updateIncreasingly -1 -> 1
2019-10-01 20:50:19,826 [b9f3e374-3782-44bb-9f99-14eb65aa24c4@group-B303CFFAF257-StateMachineUpdater] INFO  ratis.ContainerStateMachine (ContainerStateMachine.java:takeSnapshot(289)) - group-B303CFFAF257: Taking a snapshot at:(t:2, i:1) file /workdir/hadoop-ozone/integration-test/target/test-dir/MiniOzoneClusterImpl-421878e6-6fa2-4ecb-bb16-2969c86feb8d/datanode-0/data/ratis/43a956e9-6b0e-458c-a56d-b303cffaf257/sm/snapshot.2_1
2019-10-01 20:50:19,837 [b9f3e374-3782-44bb-9f99-14eb65aa24c4@group-B303CFFAF257-StateMachineUpdater] INFO  ratis.ContainerStateMachine (ContainerStateMachine.java:takeSnapshot(300)) - group-B303CFFAF257: Finished taking a snapshot at:(t:2, i:1) file:/workdir/hadoop-ozone/integration-test/target/test-dir/MiniOzoneClusterImpl-421878e6-6fa2-4ecb-bb16-2969c86feb8d/datanode-0/data/ratis/43a956e9-6b0e-458c-a56d-b303cffaf257/sm/snapshot.2_1 time:10
2019-10-01 20:50:19,837 [b9f3e374-3782-44bb-9f99-14eb65aa24c4@group-B303CFFAF257-StateMachineUpdater] INFO  impl.StateMachineUpdater (StateMachineUpdater.java:takeSnapshot(269)) - b9f3e374-3782-44bb-9f99-14eb65aa24c4@group-B303CFFAF257-StateMachineUpdater: Took a snapshot at index 1
2019-10-01 20:50:19,837 [b9f3e374-3782-44bb-9f99-14eb65aa24c4@group-B303CFFAF257-StateMachineUpdater] INFO  impl.StateMachineUpdater (StateMachineUpdater.java:lambda$new$0(84)) - b9f3e374-3782-44bb-9f99-14eb65aa24c4@group-B303CFFAF257-StateMachineUpdater: snapshotIndex: updateIncreasingly 1 -> 1
2019-10-01 20:50:19,837 [main] INFO  impl.RaftServerImpl (ServerState.java:close(387)) - b9f3e374-3782-44bb-9f99-14eb65aa24c4@group-B303CFFAF257: closes. applyIndex: 2
2019-10-01 20:50:19,838 [b9f3e374-3782-44bb-9f99-14eb65aa24c4@group-B303CFFAF257-SegmentedRaftLogWorker] INFO  segmented.SegmentedRaftLogWorker (SegmentedRaftLogWorker.java:run(316)) - b9f3e374-3782-44bb-9f99-14eb65aa24c4@group-B303CFFAF257-SegmentedRaftLogWorker was interrupted, exiting. There are 0 tasks remaining in the queue.
2019-10-01 20:50:19,843 [main] INFO  segmented.SegmentedRaftLogWorker (SegmentedRaftLogWorker.java:close(224)) - b9f3e374-3782-44bb-9f99-14eb65aa24c4@group-B303CFFAF257-SegmentedRaftLogWorker close()
2019-10-01 20:50:19,851 [main] INFO  server.GrpcService (GrpcService.java:closeImpl(164)) - b9f3e374-3782-44bb-9f99-14eb65aa24c4: shutdown server with port 41537 now
2019-10-01 20:50:19,852 [grpc-default-executor-0] WARN  server.GrpcServerProtocolService (LogUtils.java:warn(134)) - b9f3e374-3782-44bb-9f99-14eb65aa24c4: installSnapshot onError, lastRequest: baf805c2-d82d-4db9-85fb-97e22b3fff5d->b9f3e374-3782-44bb-9f99-14eb65aa24c4#5-t2, previous=(t:2, i:2), leaderCommit=2, initializing? false, entries: <empty>: org.apache.ratis.thirdparty.io.grpc.StatusRuntimeException: CANCELLED: cancelled before receiving half close
2019-10-01 20:50:19,852 [grpc-default-executor-1] WARN  server.GrpcLogAppender (LogUtils.java:warn(134)) - baf805c2-d82d-4db9-85fb-97e22b3fff5d@group-B303CFFAF257->b9f3e374-3782-44bb-9f99-14eb65aa24c4-AppendLogResponseHandler: Failed appendEntries: org.apache.ratis.thirdparty.io.grpc.StatusRuntimeException: CANCELLED: HTTP/2 error code: CANCEL
Received Rst Stream
2019-10-01 20:50:19,852 [main] INFO  server.GrpcService (GrpcService.java:closeImpl(172)) - b9f3e374-3782-44bb-9f99-14eb65aa24c4: shutdown server with port 41537 successfully
2019-10-01 20:50:19,853 [grpc-default-executor-1] INFO  impl.FollowerInfo (FollowerInfo.java:lambda$new$0(51)) - baf805c2-d82d-4db9-85fb-97e22b3fff5d@group-B303CFFAF257->b9f3e374-3782-44bb-9f99-14eb65aa24c4: nextIndex: updateUnconditionally 3 -> 2
2019-10-01 20:50:19,856 [refreshUsed-/workdir/hadoop-ozone/integration-test/target/test-dir/MiniOzoneClusterImpl-421878e6-6fa2-4ecb-bb16-2969c86feb8d/datanode-0/data/containers] WARN  fs.CachingGetSpaceUsed (CachingGetSpaceUsed.java:run(183)) - Thread Interrupted waiting to refresh disk information: sleep interrupted
2019-10-01 20:50:19,859 [Thread-2434] INFO  client.GrpcClientProtocolService (GrpcClientProtocolService.java:lambda$processClientRequest$0(278)) - Failed RaftClientRequest:client-82C999A77EBB->5eae8d89-2554-4fd6-97cf-239256c32a64@group-3D723BC38E81, cid=68, seq=0, Watch-MAJORITY_COMMITTED(16), Message:<EMPTY>, reply=RaftClientReply:client-82C999A77EBB->5eae8d89-2554-4fd6-97cf-239256c32a64@group-3D723BC38E81, cid=68, FAILED org.apache.ratis.protocol.NotReplicatedException: Request with call Id 68 and log index 16 is not yet replicated to MAJORITY_COMMITTED, logIndex=16, commits[5eae8d89-2554-4fd6-97cf-239256c32a64:c2, 364d6562-bb48-4b36-aaf0-ec4292e9bf14:c2, 8d0405c5-db0d-40fd-a5c9-fcc8c0c78ea9:c2]
2019-10-01 20:50:19,881 [main] INFO  utils.BackgroundService (BackgroundService.java:shutdown(148)) - Shutting down service BlockDeletingService
2019-10-01 20:50:19,891 [main] INFO  statemachine.DatanodeStateMachine (DatanodeStateMachine.java:stopDaemon(395)) - Ozone container server stopped.
2019-10-01 20:50:19,893 [main] INFO  handler.ContextHandler (ContextHandler.java:doStop(910)) - Stopped o.e.j.w.WebAppContext@261f359f{/,null,UNAVAILABLE}{/hddsDatanode}
2019-10-01 20:50:19,894 [main] INFO  server.AbstractConnector (AbstractConnector.java:doStop(318)) - Stopped ServerConnector@5b02a984{HTTP/1.1,[http/1.1]}{0.0.0.0:0}
2019-10-01 20:50:19,895 [main] INFO  handler.ContextHandler (ContextHandler.java:doStop(910)) - Stopped o.e.j.s.ServletContextHandler@7e49ded{/static,jar:file:/home/user/.m2/repository/org/apache/hadoop/hadoop-hdds-container-service/0.5.0-SNAPSHOT/hadoop-hdds-container-service-0.5.0-SNAPSHOT.jar!/webapps/static,UNAVAILABLE}
2019-10-01 20:50:19,895 [main] INFO  handler.ContextHandler (ContextHandler.java:doStop(910)) - Stopped o.e.j.s.ServletContextHandler@9e02f84{/logs,file:///workdir/hadoop-ozone/integration-test/target/log,UNAVAILABLE}
2019-10-01 20:50:19,903 [grpc-default-executor-9] WARN  server.GrpcLogAppender (LogUtils.java:warn(134)) - baf805c2-d82d-4db9-85fb-97e22b3fff5d@group-B303CFFAF257->b9f3e374-3782-44bb-9f99-14eb65aa24c4-AppendLogResponseHandler: Failed appendEntries: org.apache.ratis.thirdparty.io.grpc.StatusRuntimeException: UNAVAILABLE: io exception
2019-10-01 20:50:19,907 [grpc-default-executor-9] INFO  impl.FollowerInfo (FollowerInfo.java:lambda$new$0(51)) - baf805c2-d82d-4db9-85fb-97e22b3fff5d@group-B303CFFAF257->b9f3e374-3782-44bb-9f99-14eb65aa24c4: nextIndex: updateUnconditionally 3 -> 2
2019-10-01 20:50:19,916 [grpc-default-executor-0] WARN  server.GrpcLogAppender (LogUtils.java:warn(134)) - baf805c2-d82d-4db9-85fb-97e22b3fff5d@group-B303CFFAF257->b9f3e374-3782-44bb-9f99-14eb65aa24c4-AppendLogResponseHandler: Failed appendEntries: org.apache.ratis.thirdparty.io.grpc.StatusRuntimeException: UNAVAILABLE: io exception
2019-10-01 20:50:19,916 [grpc-default-executor-0] INFO  impl.FollowerInfo (FollowerInfo.java:lambda$new$0(51)) - baf805c2-d82d-4db9-85fb-97e22b3fff5d@group-B303CFFAF257->b9f3e374-3782-44bb-9f99-14eb65aa24c4: nextIndex: updateUnconditionally 3 -> 2
2019-10-01 20:50:19,928 [grpc-default-executor-9] WARN  server.GrpcLogAppender (LogUtils.java:warn(134)) - baf805c2-d82d-4db9-85fb-97e22b3fff5d@group-B303CFFAF257->b9f3e374-3782-44bb-9f99-14eb65aa24c4-AppendLogResponseHandler: Failed appendEntries: org.apache.ratis.thirdparty.io.grpc.StatusRuntimeException: UNAVAILABLE: io exception
2019-10-01 20:50:19,929 [grpc-default-executor-9] INFO  impl.FollowerInfo (FollowerInfo.java:lambda$new$0(51)) - baf805c2-d82d-4db9-85fb-97e22b3fff5d@group-B303CFFAF257->b9f3e374-3782-44bb-9f99-14eb65aa24c4: nextIndex: updateUnconditionally 3 -> 2
2019-10-01 20:50:19,929 [EventQueue-IncrementalContainerReportForIncrementalContainerReportHandler] WARN  container.IncrementalContainerReportHandler (AbstractContainerReportHandler.java:updateContainerState(143)) - Container #1 is in OPEN state, but the datanode baf805c2-d82d-4db9-85fb-97e22b3fff5d{ip: 192.168.5.177, host: pr-hdds-2213-2l6tc-3189445122, networkLocation: /default-rack, certSerialId: null} reports an CLOSING replica.
2019-10-01 20:50:19,943 [EventQueue-IncrementalContainerReportForIncrementalContainerReportHandler] WARN  container.IncrementalContainerReportHandler (AbstractContainerReportHandler.java:updateContainerState(143)) - Container #1 is in OPEN state, but the datanode 865957d6-a698-4fd9-9d54-29030c60b7f2{ip: 192.168.5.177, host: pr-hdds-2213-2l6tc-3189445122, networkLocation: /default-rack, certSerialId: null} reports an CLOSING replica.
2019-10-01 20:50:19,983 [RatisApplyTransactionExecutor 1] INFO  interfaces.Container (KeyValueContainer.java:flushAndSyncDB(386)) - Container 1 is synced with bcsId 0.
2019-10-01 20:50:20,004 [RatisApplyTransactionExecutor 1] INFO  interfaces.Container (KeyValueContainer.java:flushAndSyncDB(386)) - Container 1 is synced with bcsId 0.
2019-10-01 20:50:20,014 [RatisApplyTransactionExecutor 1] INFO  interfaces.Container (KeyValueContainer.java:flushAndSyncDB(386)) - Container 1 is synced with bcsId 0.
2019-10-01 20:50:20,014 [RatisApplyTransactionExecutor 1] INFO  interfaces.Container (KeyValueContainer.java:flushAndSyncDB(386)) - Container 1 is synced with bcsId 0.
2019-10-01 20:50:20,020 [RatisApplyTransactionExecutor 1] INFO  interfaces.Container (KeyValueContainer.java:close(335)) - Container 1 is closed with bcsId 0.
2019-10-01 20:50:20,020 [RatisApplyTransactionExecutor 1] INFO  interfaces.Container (KeyValueContainer.java:close(335)) - Container 1 is closed with bcsId 0.
2019-10-01 20:50:20,034 [EventQueue-IncrementalContainerReportForIncrementalContainerReportHandler] WARN  container.IncrementalContainerReportHandler (AbstractContainerReportHandler.java:updateContainerState(143)) - Container #1 is in OPEN state, but the datanode 865957d6-a698-4fd9-9d54-29030c60b7f2{ip: 192.168.5.177, host: pr-hdds-2213-2l6tc-3189445122, networkLocation: /default-rack, certSerialId: null} reports an CLOSED replica.
2019-10-01 20:50:20,035 [EventQueue-IncrementalContainerReportForIncrementalContainerReportHandler] WARN  container.IncrementalContainerReportHandler (AbstractContainerReportHandler.java:updateContainerState(143)) - Container #1 is in OPEN state, but the datanode baf805c2-d82d-4db9-85fb-97e22b3fff5d{ip: 192.168.5.177, host: pr-hdds-2213-2l6tc-3189445122, networkLocation: /default-rack, certSerialId: null} reports an CLOSED replica.
2019-10-01 20:50:20,065 [EventQueue-StaleNodeForStaleNodeHandler] INFO  node.StaleNodeHandler (StaleNodeHandler.java:onMessage(58)) - Datanode 364d6562-bb48-4b36-aaf0-ec4292e9bf14{ip: 192.168.5.177, host: pr-hdds-2213-2l6tc-3189445122, networkLocation: /default-rack, certSerialId: null} moved to stale state. Finalizing its pipelines [PipelineID=22d9bd86-b1c2-4bce-99c8-87c1546a95eb, PipelineID=5c8f89d5-4903-4aaa-9c4e-3d723bc38e81]
2019-10-01 20:50:20,065 [EventQueue-StaleNodeForStaleNodeHandler] INFO  pipeline.SCMPipelineManager (SCMPipelineManager.java:finalizeAndDestroyPipeline(315)) - destroying pipeline:Pipeline[ Id: 22d9bd86-b1c2-4bce-99c8-87c1546a95eb, Nodes: 364d6562-bb48-4b36-aaf0-ec4292e9bf14{ip: 192.168.5.177, host: pr-hdds-2213-2l6tc-3189445122, networkLocation: /default-rack, certSerialId: null}, Type:RATIS, Factor:ONE, State:OPEN]
2019-10-01 20:50:20,066 [EventQueue-StaleNodeForStaleNodeHandler] INFO  pipeline.PipelineStateManager (PipelineStateManager.java:finalizePipeline(123)) - Pipeline Pipeline[ Id: 22d9bd86-b1c2-4bce-99c8-87c1546a95eb, Nodes: 364d6562-bb48-4b36-aaf0-ec4292e9bf14{ip: 192.168.5.177, host: pr-hdds-2213-2l6tc-3189445122, networkLocation: /default-rack, certSerialId: null}, Type:RATIS, Factor:ONE, State:CLOSED] moved to CLOSED state
2019-10-01 20:50:20,066 [EventQueue-StaleNodeForStaleNodeHandler] INFO  pipeline.SCMPipelineManager (SCMPipelineManager.java:finalizeAndDestroyPipeline(315)) - destroying pipeline:Pipeline[ Id: 5c8f89d5-4903-4aaa-9c4e-3d723bc38e81, Nodes: 8d0405c5-db0d-40fd-a5c9-fcc8c0c78ea9{ip: 192.168.5.177, host: pr-hdds-2213-2l6tc-3189445122, networkLocation: /default-rack, certSerialId: null}364d6562-bb48-4b36-aaf0-ec4292e9bf14{ip: 192.168.5.177, host: pr-hdds-2213-2l6tc-3189445122, networkLocation: /default-rack, certSerialId: null}5eae8d89-2554-4fd6-97cf-239256c32a64{ip: 192.168.5.177, host: pr-hdds-2213-2l6tc-3189445122, networkLocation: /default-rack, certSerialId: null}, Type:RATIS, Factor:THREE, State:CLOSED]
2019-10-01 20:50:20,990 [grpc-default-executor-0] WARN  server.GrpcLogAppender (LogUtils.java:warn(134)) - 5eae8d89-2554-4fd6-97cf-239256c32a64@group-3D723BC38E81->364d6562-bb48-4b36-aaf0-ec4292e9bf14-AppendLogResponseHandler: Failed appendEntries: org.apache.ratis.thirdparty.io.grpc.StatusRuntimeException: UNAVAILABLE: io exception
2019-10-01 20:50:20,990 [grpc-default-executor-1] WARN  server.GrpcLogAppender (LogUtils.java:warn(134)) - 5eae8d89-2554-4fd6-97cf-239256c32a64@group-3D723BC38E81->8d0405c5-db0d-40fd-a5c9-fcc8c0c78ea9-AppendLogResponseHandler: Failed appendEntries: org.apache.ratis.thirdparty.io.grpc.StatusRuntimeException: UNAVAILABLE: io exception
2019-10-01 20:50:20,995 [grpc-default-executor-0] INFO  impl.FollowerInfo (FollowerInfo.java:lambda$new$0(51)) - 5eae8d89-2554-4fd6-97cf-239256c32a64@group-3D723BC38E81->364d6562-bb48-4b36-aaf0-ec4292e9bf14: nextIndex: updateUnconditionally 0 -> 0
2019-10-01 20:50:20,995 [grpc-default-executor-1] INFO  impl.FollowerInfo (FollowerInfo.java:lambda$new$0(51)) - 5eae8d89-2554-4fd6-97cf-239256c32a64@group-3D723BC38E81->8d0405c5-db0d-40fd-a5c9-fcc8c0c78ea9: nextIndex: updateUnconditionally 0 -> 0
2019-10-01 20:50:22,429 [grpc-default-executor-1] WARN  server.GrpcLogAppender (LogUtils.java:warn(134)) - baf805c2-d82d-4db9-85fb-97e22b3fff5d@group-B303CFFAF257->b9f3e374-3782-44bb-9f99-14eb65aa24c4-AppendLogResponseHandler: Failed appendEntries: org.apache.ratis.thirdparty.io.grpc.StatusRuntimeException: UNAVAILABLE: io exception
2019-10-01 20:50:22,430 [grpc-default-executor-1] INFO  impl.FollowerInfo (FollowerInfo.java:lambda$new$0(51)) - baf805c2-d82d-4db9-85fb-97e22b3fff5d@group-B303CFFAF257->b9f3e374-3782-44bb-9f99-14eb65aa24c4: nextIndex: updateUnconditionally 2 -> 1
2019-10-01 20:50:23,066 [main] WARN  scm.XceiverClientRatis (XceiverClientRatis.java:watchForCommit(292)) - 3 way commit failed on pipeline Pipeline[ Id: 43a956e9-6b0e-458c-a56d-b303cffaf257, Nodes: b9f3e374-3782-44bb-9f99-14eb65aa24c4{ip: 192.168.5.177, host: pr-hdds-2213-2l6tc-3189445122, networkLocation: /default-rack, certSerialId: null}baf805c2-d82d-4db9-85fb-97e22b3fff5d{ip: 192.168.5.177, host: pr-hdds-2213-2l6tc-3189445122, networkLocation: /default-rack, certSerialId: null}865957d6-a698-4fd9-9d54-29030c60b7f2{ip: 192.168.5.177, host: pr-hdds-2213-2l6tc-3189445122, networkLocation: /default-rack, certSerialId: null}, Type:RATIS, Factor:THREE, State:OPEN]
java.util.concurrent.TimeoutException
	at java.util.concurrent.CompletableFuture.timedGet(CompletableFuture.java:1771)
	at java.util.concurrent.CompletableFuture.get(CompletableFuture.java:1915)
	at org.apache.hadoop.hdds.scm.XceiverClientRatis.watchForCommit(XceiverClientRatis.java:289)
	at org.apache.hadoop.ozone.client.rpc.TestWatchForCommit.test2WayCommitForTimeoutException(TestWatchForCommit.java:391)
	at sun.reflect.NativeMethodAccessorImpl.invoke0(Native Method)
	at sun.reflect.NativeMethodAccessorImpl.invoke(NativeMethodAccessorImpl.java:62)
	at sun.reflect.DelegatingMethodAccessorImpl.invoke(DelegatingMethodAccessorImpl.java:43)
	at java.lang.reflect.Method.invoke(Method.java:498)
	at org.junit.runners.model.FrameworkMethod$1.runReflectiveCall(FrameworkMethod.java:47)
	at org.junit.internal.runners.model.ReflectiveCallable.run(ReflectiveCallable.java:12)
	at org.junit.runners.model.FrameworkMethod.invokeExplosively(FrameworkMethod.java:44)
	at org.junit.internal.runners.statements.InvokeMethod.evaluate(InvokeMethod.java:17)
	at org.junit.runners.ParentRunner.runLeaf(ParentRunner.java:271)
	at org.junit.runners.BlockJUnit4ClassRunner.runChild(BlockJUnit4ClassRunner.java:70)
	at org.junit.runners.BlockJUnit4ClassRunner.runChild(BlockJUnit4ClassRunner.java:50)
	at org.junit.runners.ParentRunner$3.run(ParentRunner.java:238)
	at org.junit.runners.ParentRunner$1.schedule(ParentRunner.java:63)
	at org.junit.runners.ParentRunner.runChildren(ParentRunner.java:236)
	at org.junit.runners.ParentRunner.access$000(ParentRunner.java:53)
	at org.junit.runners.ParentRunner$2.evaluate(ParentRunner.java:229)
	at org.junit.runners.ParentRunner.run(ParentRunner.java:309)
	at org.apache.maven.surefire.junit4.JUnit4Provider.execute(JUnit4Provider.java:365)
	at org.apache.maven.surefire.junit4.JUnit4Provider.executeWithRerun(JUnit4Provider.java:273)
	at org.apache.maven.surefire.junit4.JUnit4Provider.executeTestSet(JUnit4Provider.java:238)
	at org.apache.maven.surefire.junit4.JUnit4Provider.invoke(JUnit4Provider.java:159)
	at org.apache.maven.surefire.booter.ForkedBooter.invokeProviderInSameClassLoader(ForkedBooter.java:384)
	at org.apache.maven.surefire.booter.ForkedBooter.runSuitesInProcess(ForkedBooter.java:345)
	at org.apache.maven.surefire.booter.ForkedBooter.execute(ForkedBooter.java:126)
	at org.apache.maven.surefire.booter.ForkedBooter.main(ForkedBooter.java:418)
2019-10-01 20:50:23,084 [Thread-2448] INFO  client.GrpcClientProtocolService (GrpcClientProtocolService.java:lambda$processClientRequest$0(278)) - Failed RaftClientRequest:client-7578F06F2D1C->865957d6-a698-4fd9-9d54-29030c60b7f2@group-B303CFFAF257, cid=106, seq=0, Watch-MAJORITY_COMMITTED(3), Message:<EMPTY>, reply=RaftClientReply:client-7578F06F2D1C->865957d6-a698-4fd9-9d54-29030c60b7f2@group-B303CFFAF257, cid=106, FAILED org.apache.ratis.protocol.NotLeaderException: Server 865957d6-a698-4fd9-9d54-29030c60b7f2@group-B303CFFAF257 is not the leader baf805c2-d82d-4db9-85fb-97e22b3fff5d:192.168.5.177:38782, logIndex=0, commits[865957d6-a698-4fd9-9d54-29030c60b7f2:c4, b9f3e374-3782-44bb-9f99-14eb65aa24c4:c2, baf805c2-d82d-4db9-85fb-97e22b3fff5d:c4]
2019-10-01 20:50:23,492 [grpc-default-executor-5] WARN  server.GrpcLogAppender (LogUtils.java:warn(134)) - 5eae8d89-2554-4fd6-97cf-239256c32a64@group-3D723BC38E81->8d0405c5-db0d-40fd-a5c9-fcc8c0c78ea9-AppendLogResponseHandler: Failed appendEntries: org.apache.ratis.thirdparty.io.grpc.StatusRuntimeException: UNAVAILABLE: io exception
2019-10-01 20:50:23,492 [grpc-default-executor-0] WARN  server.GrpcLogAppender (LogUtils.java:warn(134)) - 5eae8d89-2554-4fd6-97cf-239256c32a64@group-3D723BC38E81->364d6562-bb48-4b36-aaf0-ec4292e9bf14-AppendLogResponseHandler: Failed appendEntries: org.apache.ratis.thirdparty.io.grpc.StatusRuntimeException: UNAVAILABLE: io exception
2019-10-01 20:50:23,501 [grpc-default-executor-5] INFO  impl.FollowerInfo (FollowerInfo.java:lambda$new$0(51)) - 5eae8d89-2554-4fd6-97cf-239256c32a64@group-3D723BC38E81->8d0405c5-db0d-40fd-a5c9-fcc8c0c78ea9: nextIndex: updateUnconditionally 0 -> 0
2019-10-01 20:50:23,501 [grpc-default-executor-0] INFO  impl.FollowerInfo (FollowerInfo.java:lambda$new$0(51)) - 5eae8d89-2554-4fd6-97cf-239256c32a64@group-3D723BC38E81->364d6562-bb48-4b36-aaf0-ec4292e9bf14: nextIndex: updateUnconditionally 0 -> 0
2019-10-01 20:50:24,930 [grpc-default-executor-9] WARN  server.GrpcLogAppender (LogUtils.java:warn(134)) - baf805c2-d82d-4db9-85fb-97e22b3fff5d@group-B303CFFAF257->b9f3e374-3782-44bb-9f99-14eb65aa24c4-AppendLogResponseHandler: Failed appendEntries: org.apache.ratis.thirdparty.io.grpc.StatusRuntimeException: UNAVAILABLE: io exception
2019-10-01 20:50:24,930 [grpc-default-executor-9] INFO  impl.FollowerInfo (FollowerInfo.java:lambda$new$0(51)) - baf805c2-d82d-4db9-85fb-97e22b3fff5d@group-B303CFFAF257->b9f3e374-3782-44bb-9f99-14eb65aa24c4: nextIndex: updateUnconditionally 1 -> 0
2019-10-01 20:50:25,993 [grpc-default-executor-5] WARN  server.GrpcLogAppender (LogUtils.java:warn(134)) - 5eae8d89-2554-4fd6-97cf-239256c32a64@group-3D723BC38E81->8d0405c5-db0d-40fd-a5c9-fcc8c0c78ea9-AppendLogResponseHandler: Failed appendEntries: org.apache.ratis.thirdparty.io.grpc.StatusRuntimeException: UNAVAILABLE: io exception
2019-10-01 20:50:25,993 [grpc-default-executor-9] WARN  server.GrpcLogAppender (LogUtils.java:warn(134)) - 5eae8d89-2554-4fd6-97cf-239256c32a64@group-3D723BC38E81->364d6562-bb48-4b36-aaf0-ec4292e9bf14-AppendLogResponseHandler: Failed appendEntries: org.apache.ratis.thirdparty.io.grpc.StatusRuntimeException: UNAVAILABLE: io exception
2019-10-01 20:50:25,993 [grpc-default-executor-5] INFO  impl.FollowerInfo (FollowerInfo.java:lambda$new$0(51)) - 5eae8d89-2554-4fd6-97cf-239256c32a64@group-3D723BC38E81->8d0405c5-db0d-40fd-a5c9-fcc8c0c78ea9: nextIndex: updateUnconditionally 0 -> 0
2019-10-01 20:50:25,994 [grpc-default-executor-9] INFO  impl.FollowerInfo (FollowerInfo.java:lambda$new$0(51)) - 5eae8d89-2554-4fd6-97cf-239256c32a64@group-3D723BC38E81->364d6562-bb48-4b36-aaf0-ec4292e9bf14: nextIndex: updateUnconditionally 0 -> 0
]]></system-out>
    <system-err><![CDATA[Oct 01, 2019 8:50:19 PM org.apache.ratis.thirdparty.io.grpc.internal.SerializingExecutor run
SEVERE: Exception while executing runnable org.apache.ratis.thirdparty.io.grpc.internal.ServerImpl$JumpToApplicationThreadServerStreamListener$1Closed@3aa7e22
org.apache.ratis.thirdparty.io.grpc.StatusRuntimeException: CANCELLED: call already cancelled
	at org.apache.ratis.thirdparty.io.grpc.Status.asRuntimeException(Status.java:517)
	at org.apache.ratis.thirdparty.io.grpc.stub.ServerCalls$ServerCallStreamObserverImpl.onCompleted(ServerCalls.java:356)
	at org.apache.ratis.grpc.server.GrpcServerProtocolService$ServerRequestStreamObserver.onError(GrpcServerProtocolService.java:121)
	at org.apache.ratis.thirdparty.io.grpc.stub.ServerCalls$StreamingServerCallHandler$StreamingServerCallListener.onCancel(ServerCalls.java:269)
	at org.apache.ratis.thirdparty.io.grpc.internal.ServerCallImpl$ServerStreamListenerImpl.closed(ServerCallImpl.java:293)
	at org.apache.ratis.thirdparty.io.grpc.internal.ServerImpl$JumpToApplicationThreadServerStreamListener$1Closed.runInContext(ServerImpl.java:741)
	at org.apache.ratis.thirdparty.io.grpc.internal.ContextRunnable.run(ContextRunnable.java:37)
	at org.apache.ratis.thirdparty.io.grpc.internal.SerializingExecutor.run(SerializingExecutor.java:123)
	at java.util.concurrent.ThreadPoolExecutor.runWorker(ThreadPoolExecutor.java:1149)
	at java.util.concurrent.ThreadPoolExecutor$Worker.run(ThreadPoolExecutor.java:624)
	at java.lang.Thread.run(Thread.java:748)

]]></system-err>
  </testcase>
</testsuite>