<?xml version="1.0" encoding="UTF-8"?>
<testsuite xmlns:xsi="http://www.w3.org/2001/XMLSchema-instance" xsi:noNamespaceSchemaLocation="https://maven.apache.org/surefire/maven-surefire-plugin/xsd/surefire-test-report.xsd" name="org.apache.hadoop.ozone.client.rpc.TestWatchForCommit" time="269.346" tests="5" errors="1" skipped="0" failures="0">
  <properties>
    <property name="awt.toolkit" value="sun.awt.X11.XToolkit"/>
    <property name="file.encoding.pkg" value="sun.io"/>
    <property name="java.specification.version" value="1.8"/>
    <property name="sun.cpu.isalist" value=""/>
    <property name="sun.jnu.encoding" value="UTF-8"/>
    <property name="java.class.path" value="/workdir/hadoop-ozone/integration-test/target/test-classes:/workdir/hadoop-ozone/integration-test/target/classes:/home/user/.m2/repository/org/apache/hadoop/hadoop-ozone-common/0.5.0-SNAPSHOT/hadoop-ozone-common-0.5.0-SNAPSHOT.jar:/home/user/.m2/repository/org/apache/commons/commons-compress/1.4.1/commons-compress-1.4.1.jar:/home/user/.m2/repository/org/tukaani/xz/1.0/xz-1.0.jar:/home/user/.m2/repository/org/apache/hadoop/hadoop-common/3.2.0/hadoop-common-3.2.0.jar:/home/user/.m2/repository/org/apache/hadoop/hadoop-hdfs/3.2.0/hadoop-hdfs-3.2.0.jar:/home/user/.m2/repository/org/apache/hadoop/hadoop-hdfs-client/3.2.0/hadoop-hdfs-client-3.2.0.jar:/home/user/.m2/repository/com/fasterxml/jackson/core/jackson-annotations/2.9.9/jackson-annotations-2.9.9.jar:/home/user/.m2/repository/org/apache/hadoop/hadoop-hdds-common/0.5.0-SNAPSHOT/hadoop-hdds-common-0.5.0-SNAPSHOT.jar:/home/user/.m2/repository/javax/annotation/javax.annotation-api/1.2/javax.annotation-api-1.2.jar:/home/user/.m2/repository/org/apache/ratis/ratis-server/0.5.0-201fc85-SNAPSHOT/ratis-server-0.5.0-201fc85-SNAPSHOT.jar:/home/user/.m2/repository/org/apache/ratis/ratis-thirdparty-misc/0.2.0/ratis-thirdparty-misc-0.2.0.jar:/home/user/.m2/repository/org/apache/ratis/ratis-proto/0.5.0-201fc85-SNAPSHOT/ratis-proto-0.5.0-201fc85-SNAPSHOT.jar:/home/user/.m2/repository/org/apache/ratis/ratis-common/0.5.0-201fc85-SNAPSHOT/ratis-common-0.5.0-201fc85-SNAPSHOT.jar:/home/user/.m2/repository/org/apache/ratis/ratis-client/0.5.0-201fc85-SNAPSHOT/ratis-client-0.5.0-201fc85-SNAPSHOT.jar:/home/user/.m2/repository/org/apache/ratis/ratis-metrics/0.5.0-201fc85-SNAPSHOT/ratis-metrics-0.5.0-201fc85-SNAPSHOT.jar:/home/user/.m2/repository/com/github/joshelser/dropwizard-metrics-hadoop-metrics2-reporter/0.1.2/dropwizard-metrics-hadoop-metrics2-reporter-0.1.2.jar:/home/user/.m2/repository/io/dropwizard/metrics/metrics-jvm/3.2.5/metrics-jvm-3.2.5.jar:/home/user/.m2/repository/io/dropwizard/metrics/metrics-ganglia/3.2.5/metrics-ganglia-3.2.5.jar:/home/user/.m2/repository/info/ganglia/gmetric4j/gmetric4j/1.0.7/gmetric4j-1.0.7.jar:/home/user/.m2/repository/org/apache/ratis/ratis-netty/0.5.0-201fc85-SNAPSHOT/ratis-netty-0.5.0-201fc85-SNAPSHOT.jar:/home/user/.m2/repository/org/apache/ratis/ratis-grpc/0.5.0-201fc85-SNAPSHOT/ratis-grpc-0.5.0-201fc85-SNAPSHOT.jar:/home/user/.m2/repository/org/rocksdb/rocksdbjni/6.0.1/rocksdbjni-6.0.1.jar:/home/user/.m2/repository/org/apache/logging/log4j/log4j-api/2.11.0/log4j-api-2.11.0.jar:/home/user/.m2/repository/org/apache/logging/log4j/log4j-core/2.11.0/log4j-core-2.11.0.jar:/home/user/.m2/repository/com/lmax/disruptor/3.4.2/disruptor-3.4.2.jar:/home/user/.m2/repository/org/apache/commons/commons-pool2/2.6.0/commons-pool2-2.6.0.jar:/home/user/.m2/repository/org/bouncycastle/bcpkix-jdk15on/1.60/bcpkix-jdk15on-1.60.jar:/home/user/.m2/repository/commons-validator/commons-validator/1.6/commons-validator-1.6.jar:/home/user/.m2/repository/commons-digester/commons-digester/1.8.1/commons-digester-1.8.1.jar:/home/user/.m2/repository/io/jaegertracing/jaeger-client/0.34.0/jaeger-client-0.34.0.jar:/home/user/.m2/repository/io/jaegertracing/jaeger-thrift/0.34.0/jaeger-thrift-0.34.0.jar:/home/user/.m2/repository/org/apache/thrift/libthrift/0.12.0/libthrift-0.12.0.jar:/home/user/.m2/repository/com/squareup/okhttp3/okhttp/3.9.0/okhttp-3.9.0.jar:/home/user/.m2/repository/com/squareup/okio/okio/1.13.0/okio-1.13.0.jar:/home/user/.m2/repository/io/jaegertracing/jaeger-core/0.34.0/jaeger-core-0.34.0.jar:/home/user/.m2/repository/io/jaegertracing/jaeger-tracerresolver/0.34.0/jaeger-tracerresolver-0.34.0.jar:/home/user/.m2/repository/io/opentracing/contrib/opentracing-tracerresolver/0.1.5/opentracing-tracerresolver-0.1.5.jar:/home/user/.m2/repository/io/opentracing/opentracing-util/0.31.0/opentracing-util-0.31.0.jar:/home/user/.m2/repository/io/opentracing/opentracing-api/0.31.0/opentracing-api-0.31.0.jar:/home/user/.m2/repository/io/opentracing/opentracing-noop/0.31.0/opentracing-noop-0.31.0.jar:/home/user/.m2/repository/org/apache/hadoop/hadoop-hdds-server-framework/0.5.0-SNAPSHOT/hadoop-hdds-server-framework-0.5.0-SNAPSHOT.jar:/home/user/.m2/repository/org/apache/hadoop/hadoop-hdds-container-service/0.5.0-SNAPSHOT/hadoop-hdds-container-service-0.5.0-SNAPSHOT.jar:/home/user/.m2/repository/org/apache/hadoop/hadoop-hdds-client/0.5.0-SNAPSHOT/hadoop-hdds-client-0.5.0-SNAPSHOT.jar:/home/user/.m2/repository/org/apache/hadoop/hadoop-hdds-tools/0.5.0-SNAPSHOT/hadoop-hdds-tools-0.5.0-SNAPSHOT.jar:/home/user/.m2/repository/org/apache/hadoop/hadoop-hdds-server-scm/0.5.0-SNAPSHOT/hadoop-hdds-server-scm-0.5.0-SNAPSHOT.jar:/home/user/.m2/repository/org/apache/hadoop/hadoop-hdds-docs/0.5.0-SNAPSHOT/hadoop-hdds-docs-0.5.0-SNAPSHOT.jar:/home/user/.m2/repository/io/dropwizard/metrics/metrics-core/3.2.4/metrics-core-3.2.4.jar:/home/user/.m2/repository/org/hamcrest/hamcrest-all/1.3/hamcrest-all-1.3.jar:/home/user/.m2/repository/org/bouncycastle/bcprov-jdk15on/1.60/bcprov-jdk15on-1.60.jar:/home/user/.m2/repository/info/picocli/picocli/3.9.6/picocli-3.9.6.jar:/home/user/.m2/repository/com/google/protobuf/protobuf-java/2.5.0/protobuf-java-2.5.0.jar:/home/user/.m2/repository/com/google/guava/guava/11.0.2/guava-11.0.2.jar:/home/user/.m2/repository/org/apache/hadoop/hadoop-ozone-ozone-manager/0.5.0-SNAPSHOT/hadoop-ozone-ozone-manager-0.5.0-SNAPSHOT.jar:/home/user/.m2/repository/org/apache/hadoop/hadoop-minikdc/3.2.0/hadoop-minikdc-3.2.0.jar:/home/user/.m2/repository/commons-io/commons-io/2.5/commons-io-2.5.jar:/home/user/.m2/repository/org/apache/kerby/kerb-simplekdc/1.0.1/kerb-simplekdc-1.0.1.jar:/home/user/.m2/repository/org/apache/kerby/kerb-client/1.0.1/kerb-client-1.0.1.jar:/home/user/.m2/repository/org/apache/kerby/kerby-config/1.0.1/kerby-config-1.0.1.jar:/home/user/.m2/repository/org/apache/kerby/kerb-core/1.0.1/kerb-core-1.0.1.jar:/home/user/.m2/repository/org/apache/kerby/kerby-pkix/1.0.1/kerby-pkix-1.0.1.jar:/home/user/.m2/repository/org/apache/kerby/kerby-asn1/1.0.1/kerby-asn1-1.0.1.jar:/home/user/.m2/repository/org/apache/kerby/kerby-util/1.0.1/kerby-util-1.0.1.jar:/home/user/.m2/repository/org/apache/kerby/kerb-common/1.0.1/kerb-common-1.0.1.jar:/home/user/.m2/repository/org/apache/kerby/kerb-crypto/1.0.1/kerb-crypto-1.0.1.jar:/home/user/.m2/repository/org/apache/kerby/kerb-util/1.0.1/kerb-util-1.0.1.jar:/home/user/.m2/repository/org/apache/kerby/token-provider/1.0.1/token-provider-1.0.1.jar:/home/user/.m2/repository/org/apache/kerby/kerb-admin/1.0.1/kerb-admin-1.0.1.jar:/home/user/.m2/repository/org/apache/kerby/kerb-server/1.0.1/kerb-server-1.0.1.jar:/home/user/.m2/repository/org/apache/kerby/kerb-identity/1.0.1/kerb-identity-1.0.1.jar:/home/user/.m2/repository/org/apache/kerby/kerby-xdr/1.0.1/kerby-xdr-1.0.1.jar:/home/user/.m2/repository/org/slf4j/slf4j-log4j12/1.7.25/slf4j-log4j12-1.7.25.jar:/home/user/.m2/repository/org/apache/hadoop/hadoop-ozone-s3gateway/0.5.0-SNAPSHOT/hadoop-ozone-s3gateway-0.5.0-SNAPSHOT.jar:/home/user/.m2/repository/org/jboss/weld/servlet/weld-servlet/2.4.7.Final/weld-servlet-2.4.7.Final.jar:/home/user/.m2/repository/org/glassfish/jersey/containers/jersey-container-servlet-core/2.27/jersey-container-servlet-core-2.27.jar:/home/user/.m2/repository/org/glassfish/hk2/external/javax.inject/2.5.0-b42/javax.inject-2.5.0-b42.jar:/home/user/.m2/repository/org/glassfish/jersey/core/jersey-common/2.27/jersey-common-2.27.jar:/home/user/.m2/repository/org/glassfish/hk2/osgi-resource-locator/1.0.1/osgi-resource-locator-1.0.1.jar:/home/user/.m2/repository/javax/ws/rs/javax.ws.rs-api/2.1/javax.ws.rs-api-2.1.jar:/home/user/.m2/repository/org/glassfish/jersey/ext/cdi/jersey-cdi1x/2.27/jersey-cdi1x-2.27.jar:/home/user/.m2/repository/org/glassfish/jersey/inject/jersey-hk2/2.27/jersey-hk2-2.27.jar:/home/user/.m2/repository/org/glassfish/hk2/hk2-locator/2.5.0-b42/hk2-locator-2.5.0-b42.jar:/home/user/.m2/repository/org/javassist/javassist/3.22.0-CR2/javassist-3.22.0-CR2.jar:/home/user/.m2/repository/org/glassfish/hk2/hk2-api/2.5.0/hk2-api-2.5.0.jar:/home/user/.m2/repository/org/glassfish/hk2/external/jakarta.inject/2.5.0/jakarta.inject-2.5.0.jar:/home/user/.m2/repository/org/glassfish/hk2/hk2-utils/2.5.0/hk2-utils-2.5.0.jar:/home/user/.m2/repository/jakarta/annotation/jakarta.annotation-api/1.3.4/jakarta.annotation-api-1.3.4.jar:/home/user/.m2/repository/org/glassfish/hk2/external/aopalliance-repackaged/2.5.0/aopalliance-repackaged-2.5.0.jar:/home/user/.m2/repository/com/fasterxml/jackson/dataformat/jackson-dataformat-xml/2.9.0/jackson-dataformat-xml-2.9.0.jar:/home/user/.m2/repository/com/fasterxml/jackson/core/jackson-core/2.9.9/jackson-core-2.9.9.jar:/home/user/.m2/repository/com/fasterxml/jackson/module/jackson-module-jaxb-annotations/2.9.9/jackson-module-jaxb-annotations-2.9.9.jar:/home/user/.m2/repository/javax/enterprise/cdi-api/1.2/cdi-api-1.2.jar:/home/user/.m2/repository/javax/el/javax.el-api/3.0.0/javax.el-api-3.0.0.jar:/home/user/.m2/repository/javax/interceptor/javax.interceptor-api/1.2/javax.interceptor-api-1.2.jar:/home/user/.m2/repository/javax/inject/javax.inject/1/javax.inject-1.jar:/home/user/.m2/repository/com/sun/xml/bind/jaxb-impl/2.3.0.1/jaxb-impl-2.3.0.1.jar:/home/user/.m2/repository/com/sun/xml/bind/jaxb-core/2.3.0.1/jaxb-core-2.3.0.1.jar:/home/user/.m2/repository/javax/xml/bind/jaxb-api/2.3.0/jaxb-api-2.3.0.jar:/home/user/.m2/repository/javax/activation/activation/1.1.1/activation-1.1.1.jar:/home/user/.m2/repository/org/apache/hadoop/hadoop-ozone-csi/0.5.0-SNAPSHOT/hadoop-ozone-csi-0.5.0-SNAPSHOT.jar:/home/user/.m2/repository/com/google/protobuf/protobuf-java-util/3.5.1/protobuf-java-util-3.5.1.jar:/home/user/.m2/repository/org/apache/hadoop/hadoop-hdds-config/0.5.0-SNAPSHOT/hadoop-hdds-config-0.5.0-SNAPSHOT.jar:/home/user/.m2/repository/io/grpc/grpc-netty/1.17.1/grpc-netty-1.17.1.jar:/home/user/.m2/repository/io/grpc/grpc-core/1.17.1/grpc-core-1.17.1.jar:/home/user/.m2/repository/io/grpc/grpc-context/1.17.1/grpc-context-1.17.1.jar:/home/user/.m2/repository/com/google/errorprone/error_prone_annotations/2.2.0/error_prone_annotations-2.2.0.jar:/home/user/.m2/repository/org/codehaus/mojo/animal-sniffer-annotations/1.17/animal-sniffer-annotations-1.17.jar:/home/user/.m2/repository/io/opencensus/opencensus-api/0.17.0/opencensus-api-0.17.0.jar:/home/user/.m2/repository/io/opencensus/opencensus-contrib-grpc-metrics/0.17.0/opencensus-contrib-grpc-metrics-0.17.0.jar:/home/user/.m2/repository/io/netty/netty-codec-http2/4.1.30.Final/netty-codec-http2-4.1.30.Final.jar:/home/user/.m2/repository/io/netty/netty-codec-http/4.1.30.Final/netty-codec-http-4.1.30.Final.jar:/home/user/.m2/repository/io/netty/netty-codec/4.1.30.Final/netty-codec-4.1.30.Final.jar:/home/user/.m2/repository/io/netty/netty-handler/4.1.30.Final/netty-handler-4.1.30.Final.jar:/home/user/.m2/repository/io/netty/netty-handler-proxy/4.1.30.Final/netty-handler-proxy-4.1.30.Final.jar:/home/user/.m2/repository/io/netty/netty-codec-socks/4.1.30.Final/netty-codec-socks-4.1.30.Final.jar:/home/user/.m2/repository/io/netty/netty-transport-native-epoll/4.1.30.Final/netty-transport-native-epoll-4.1.30.Final.jar:/home/user/.m2/repository/io/netty/netty-common/4.1.30.Final/netty-common-4.1.30.Final.jar:/home/user/.m2/repository/io/netty/netty-buffer/4.1.30.Final/netty-buffer-4.1.30.Final.jar:/home/user/.m2/repository/io/netty/netty-transport/4.1.30.Final/netty-transport-4.1.30.Final.jar:/home/user/.m2/repository/io/netty/netty-resolver/4.1.30.Final/netty-resolver-4.1.30.Final.jar:/home/user/.m2/repository/io/netty/netty-transport-native-unix-common/4.1.30.Final/netty-transport-native-unix-common-4.1.30.Final.jar:/home/user/.m2/repository/io/grpc/grpc-protobuf/1.17.1/grpc-protobuf-1.17.1.jar:/home/user/.m2/repository/com/google/api/grpc/proto-google-common-protos/1.0.0/proto-google-common-protos-1.0.0.jar:/home/user/.m2/repository/io/grpc/grpc-protobuf-lite/1.17.1/grpc-protobuf-lite-1.17.1.jar:/home/user/.m2/repository/io/grpc/grpc-stub/1.17.1/grpc-stub-1.17.1.jar:/home/user/.m2/repository/org/apache/hadoop/hadoop-ozone-recon/0.5.0-SNAPSHOT/hadoop-ozone-recon-0.5.0-SNAPSHOT.jar:/home/user/.m2/repository/org/apache/hadoop/hadoop-ozone-reconcodegen/0.5.0-SNAPSHOT/hadoop-ozone-reconcodegen-0.5.0-SNAPSHOT.jar:/home/user/.m2/repository/com/google/inject/extensions/guice-multibindings/4.0/guice-multibindings-4.0.jar:/home/user/.m2/repository/com/google/inject/guice/4.0/guice-4.0.jar:/home/user/.m2/repository/aopalliance/aopalliance/1.0/aopalliance-1.0.jar:/home/user/.m2/repository/com/google/inject/extensions/guice-servlet/4.0/guice-servlet-4.0.jar:/home/user/.m2/repository/org/glassfish/jersey/containers/jersey-container-servlet/2.27/jersey-container-servlet-2.27.jar:/home/user/.m2/repository/org/glassfish/hk2/guice-bridge/2.5.0/guice-bridge-2.5.0.jar:/home/user/.m2/repository/org/glassfish/jersey/core/jersey-server/2.27/jersey-server-2.27.jar:/home/user/.m2/repository/org/glassfish/jersey/core/jersey-client/2.27/jersey-client-2.27.jar:/home/user/.m2/repository/org/glassfish/jersey/media/jersey-media-jaxb/2.27/jersey-media-jaxb-2.27.jar:/home/user/.m2/repository/javax/validation/validation-api/1.1.0.Final/validation-api-1.1.0.Final.jar:/home/user/.m2/repository/org/glassfish/jersey/media/jersey-media-json-jackson/2.27/jersey-media-json-jackson-2.27.jar:/home/user/.m2/repository/org/glassfish/jersey/ext/jersey-entity-filtering/2.27/jersey-entity-filtering-2.27.jar:/home/user/.m2/repository/com/google/inject/extensions/guice-assistedinject/4.0/guice-assistedinject-4.0.jar:/home/user/.m2/repository/org/jooq/jooq/3.11.10/jooq-3.11.10.jar:/home/user/.m2/repository/org/jooq/jooq-meta/3.11.10/jooq-meta-3.11.10.jar:/home/user/.m2/repository/org/jooq/jooq-codegen/3.11.10/jooq-codegen-3.11.10.jar:/home/user/.m2/repository/com/jolbox/bonecp/0.8.0.RELEASE/bonecp-0.8.0.RELEASE.jar:/home/user/.m2/repository/org/xerial/sqlite-jdbc/3.25.2/sqlite-jdbc-3.25.2.jar:/home/user/.m2/repository/org/springframework/spring-jdbc/5.1.3.RELEASE/spring-jdbc-5.1.3.RELEASE.jar:/home/user/.m2/repository/org/springframework/spring-beans/5.1.3.RELEASE/spring-beans-5.1.3.RELEASE.jar:/home/user/.m2/repository/org/springframework/spring-core/5.1.3.RELEASE/spring-core-5.1.3.RELEASE.jar:/home/user/.m2/repository/org/springframework/spring-jcl/5.1.3.RELEASE/spring-jcl-5.1.3.RELEASE.jar:/home/user/.m2/repository/org/springframework/spring-tx/5.1.3.RELEASE/spring-tx-5.1.3.RELEASE.jar:/home/user/.m2/repository/org/apache/hadoop/hadoop-ozone-client/0.5.0-SNAPSHOT/hadoop-ozone-client-0.5.0-SNAPSHOT.jar:/home/user/.m2/repository/commons-lang/commons-lang/2.6/commons-lang-2.6.jar:/home/user/.m2/repository/org/apache/hadoop/hadoop-ozone-ozone-manager/0.5.0-SNAPSHOT/hadoop-ozone-ozone-manager-0.5.0-SNAPSHOT-tests.jar:/home/user/.m2/repository/junit/junit/4.11/junit-4.11.jar:/home/user/.m2/repository/org/hamcrest/hamcrest-core/1.3/hamcrest-core-1.3.jar:/home/user/.m2/repository/org/openjdk/jmh/jmh-core/1.19/jmh-core-1.19.jar:/home/user/.m2/repository/net/sf/jopt-simple/jopt-simple/4.6/jopt-simple-4.6.jar:/home/user/.m2/repository/org/apache/commons/commons-math3/3.1.1/commons-math3-3.1.1.jar:/home/user/.m2/repository/org/openjdk/jmh/jmh-generator-annprocess/1.19/jmh-generator-annprocess-1.19.jar:/home/user/.m2/repository/org/mockito/mockito-all/1.8.5/mockito-all-1.8.5.jar:/home/user/.m2/repository/org/apache/hadoop/hadoop-kms/3.2.0/hadoop-kms-3.2.0.jar:/home/user/.m2/repository/org/apache/hadoop/hadoop-auth/3.2.0/hadoop-auth-3.2.0.jar:/home/user/.m2/repository/com/nimbusds/nimbus-jose-jwt/4.41.1/nimbus-jose-jwt-4.41.1.jar:/home/user/.m2/repository/com/github/stephenc/jcip/jcip-annotations/1.0-1/jcip-annotations-1.0-1.jar:/home/user/.m2/repository/net/minidev/json-smart/2.3/json-smart-2.3.jar:/home/user/.m2/repository/net/minidev/accessors-smart/1.2/accessors-smart-1.2.jar:/home/user/.m2/repository/org/ow2/asm/asm/5.0.4/asm-5.0.4.jar:/home/user/.m2/repository/org/apache/curator/curator-framework/2.12.0/curator-framework-2.12.0.jar:/home/user/.m2/repository/com/sun/jersey/jersey-core/1.19/jersey-core-1.19.jar:/home/user/.m2/repository/javax/ws/rs/jsr311-api/1.1.1/jsr311-api-1.1.1.jar:/home/user/.m2/repository/com/sun/jersey/jersey-server/1.19/jersey-server-1.19.jar:/home/user/.m2/repository/javax/servlet/javax.servlet-api/3.1.0/javax.servlet-api-3.1.0.jar:/home/user/.m2/repository/org/eclipse/jetty/jetty-server/9.3.25.v20180904/jetty-server-9.3.25.v20180904.jar:/home/user/.m2/repository/org/eclipse/jetty/jetty-http/9.3.25.v20180904/jetty-http-9.3.25.v20180904.jar:/home/user/.m2/repository/org/eclipse/jetty/jetty-io/9.3.25.v20180904/jetty-io-9.3.25.v20180904.jar:/home/user/.m2/repository/org/eclipse/jetty/jetty-webapp/9.3.25.v20180904/jetty-webapp-9.3.25.v20180904.jar:/home/user/.m2/repository/org/eclipse/jetty/jetty-xml/9.3.25.v20180904/jetty-xml-9.3.25.v20180904.jar:/home/user/.m2/repository/log4j/log4j/1.2.17/log4j-1.2.17.jar:/home/user/.m2/repository/org/slf4j/slf4j-api/1.7.25/slf4j-api-1.7.25.jar:/home/user/.m2/repository/org/slf4j/jul-to-slf4j/1.7.25/jul-to-slf4j-1.7.25.jar:/home/user/.m2/repository/org/eclipse/jetty/jetty-util/9.3.25.v20180904/jetty-util-9.3.25.v20180904.jar:/home/user/.m2/repository/com/fasterxml/jackson/core/jackson-databind/2.9.9/jackson-databind-2.9.9.jar:/home/user/.m2/repository/org/apache/hadoop/hadoop-kms/3.2.0/hadoop-kms-3.2.0-tests.jar:/home/user/.m2/repository/org/apache/hadoop/hadoop-hdds-server-scm/0.5.0-SNAPSHOT/hadoop-hdds-server-scm-0.5.0-SNAPSHOT-tests.jar:/home/user/.m2/repository/org/apache/hadoop/hadoop-hdds-container-service/0.5.0-SNAPSHOT/hadoop-hdds-container-service-0.5.0-SNAPSHOT-tests.jar:/home/user/.m2/repository/org/yaml/snakeyaml/1.16/snakeyaml-1.16.jar:/home/user/.m2/repository/org/apache/hadoop/hadoop-common/3.2.0/hadoop-common-3.2.0-tests.jar:/home/user/.m2/repository/org/apache/hadoop/hadoop-annotations/3.2.0/hadoop-annotations-3.2.0.jar:/usr/lib/jvm/java-1.8-openjdk/jre/../lib/tools.jar:/home/user/.m2/repository/commons-cli/commons-cli/1.2/commons-cli-1.2.jar:/home/user/.m2/repository/org/apache/httpcomponents/httpclient/4.5.2/httpclient-4.5.2.jar:/home/user/.m2/repository/org/apache/httpcomponents/httpcore/4.4.4/httpcore-4.4.4.jar:/home/user/.m2/repository/commons-codec/commons-codec/1.11/commons-codec-1.11.jar:/home/user/.m2/repository/commons-net/commons-net/3.6/commons-net-3.6.jar:/home/user/.m2/repository/commons-collections/commons-collections/3.2.2/commons-collections-3.2.2.jar:/home/user/.m2/repository/org/eclipse/jetty/jetty-servlet/9.3.25.v20180904/jetty-servlet-9.3.25.v20180904.jar:/home/user/.m2/repository/org/eclipse/jetty/jetty-security/9.3.25.v20180904/jetty-security-9.3.25.v20180904.jar:/home/user/.m2/repository/javax/servlet/jsp/jsp-api/2.1/jsp-api-2.1.jar:/home/user/.m2/repository/com/sun/jersey/jersey-servlet/1.19/jersey-servlet-1.19.jar:/home/user/.m2/repository/com/sun/jersey/jersey-json/1.19/jersey-json-1.19.jar:/home/user/.m2/repository/org/codehaus/jettison/jettison/1.1/jettison-1.1.jar:/home/user/.m2/repository/org/codehaus/jackson/jackson-core-asl/1.9.13/jackson-core-asl-1.9.13.jar:/home/user/.m2/repository/org/codehaus/jackson/jackson-mapper-asl/1.9.13/jackson-mapper-asl-1.9.13.jar:/home/user/.m2/repository/org/codehaus/jackson/jackson-jaxrs/1.9.13/jackson-jaxrs-1.9.13.jar:/home/user/.m2/repository/org/codehaus/jackson/jackson-xc/1.9.13/jackson-xc-1.9.13.jar:/home/user/.m2/repository/commons-logging/commons-logging/1.1.3/commons-logging-1.1.3.jar:/home/user/.m2/repository/commons-beanutils/commons-beanutils/1.9.4/commons-beanutils-1.9.4.jar:/home/user/.m2/repository/org/apache/commons/commons-configuration2/2.1.1/commons-configuration2-2.1.1.jar:/home/user/.m2/repository/org/apache/commons/commons-lang3/3.7/commons-lang3-3.7.jar:/home/user/.m2/repository/org/apache/commons/commons-text/1.4/commons-text-1.4.jar:/home/user/.m2/repository/org/apache/avro/avro/1.7.7/avro-1.7.7.jar:/home/user/.m2/repository/com/thoughtworks/paranamer/paranamer/2.3/paranamer-2.3.jar:/home/user/.m2/repository/org/xerial/snappy/snappy-java/1.0.5/snappy-java-1.0.5.jar:/home/user/.m2/repository/com/google/re2j/re2j/1.1/re2j-1.1.jar:/home/user/.m2/repository/com/google/code/gson/gson/2.2.4/gson-2.2.4.jar:/home/user/.m2/repository/com/jcraft/jsch/0.1.54/jsch-0.1.54.jar:/home/user/.m2/repository/org/apache/curator/curator-client/2.12.0/curator-client-2.12.0.jar:/home/user/.m2/repository/org/apache/curator/curator-recipes/2.12.0/curator-recipes-2.12.0.jar:/home/user/.m2/repository/com/google/code/findbugs/jsr305/3.0.0/jsr305-3.0.0.jar:/home/user/.m2/repository/org/apache/htrace/htrace-core4/4.1.0-incubating/htrace-core4-4.1.0-incubating.jar:/home/user/.m2/repository/org/apache/zookeeper/zookeeper/3.4.13/zookeeper-3.4.13.jar:/home/user/.m2/repository/jline/jline/0.9.94/jline-0.9.94.jar:/home/user/.m2/repository/org/apache/yetus/audience-annotations/0.5.0/audience-annotations-0.5.0.jar:/home/user/.m2/repository/org/codehaus/woodstox/stax2-api/3.1.4/stax2-api-3.1.4.jar:/home/user/.m2/repository/com/fasterxml/woodstox/woodstox-core/5.0.3/woodstox-core-5.0.3.jar:/home/user/.m2/repository/dnsjava/dnsjava/2.1.7/dnsjava-2.1.7.jar:/home/user/.m2/repository/org/apache/hadoop/hadoop-hdfs/3.2.0/hadoop-hdfs-3.2.0-tests.jar:/home/user/.m2/repository/org/eclipse/jetty/jetty-util-ajax/9.3.25.v20180904/jetty-util-ajax-9.3.25.v20180904.jar:/home/user/.m2/repository/commons-daemon/commons-daemon/1.0.13/commons-daemon-1.0.13.jar:/home/user/.m2/repository/io/netty/netty/3.10.5.Final/netty-3.10.5.Final.jar:/home/user/.m2/repository/io/netty/netty-all/4.0.52.Final/netty-all-4.0.52.Final.jar:/home/user/.m2/repository/org/fusesource/leveldbjni/leveldbjni-all/1.8/leveldbjni-all-1.8.jar:"/>
    <property name="java.vm.vendor" value="IcedTea"/>
    <property name="sun.arch.data.model" value="64"/>
    <property name="test.build.dir" value="/workdir/hadoop-ozone/integration-test/target/test-dir"/>
    <property name="test.cache.data" value=""/>
    <property name="java.vendor.url" value="https://icedtea.classpath.org"/>
    <property name="user.timezone" value=""/>
    <property name="java.vm.specification.version" value="1.8"/>
    <property name="os.name" value="Linux"/>
    <property name="test.build.data" value="/workdir/hadoop-ozone/integration-test/target/test-dir"/>
    <property name="user.country" value="US"/>
    <property name="sun.java.launcher" value="SUN_STANDARD"/>
    <property name="sun.boot.library.path" value="/usr/lib/jvm/java-1.8-openjdk/jre/lib/amd64"/>
    <property name="sun.java.command" value="/workdir/hadoop-ozone/integration-test/target/surefire/surefirebooter6114583792292980480.jar /workdir/hadoop-ozone/integration-test/target/surefire 2019-10-15T02-53-12_906-jvmRun1 surefire2842236629466739836tmp surefire_764960387554240107194tmp"/>
    <property name="test" value="!TestMiniChaosOzoneCluster"/>
    <property name="surefire.test.class.path" value="/workdir/hadoop-ozone/integration-test/target/test-classes:/workdir/hadoop-ozone/integration-test/target/classes:/home/user/.m2/repository/org/apache/hadoop/hadoop-ozone-common/0.5.0-SNAPSHOT/hadoop-ozone-common-0.5.0-SNAPSHOT.jar:/home/user/.m2/repository/org/apache/commons/commons-compress/1.4.1/commons-compress-1.4.1.jar:/home/user/.m2/repository/org/tukaani/xz/1.0/xz-1.0.jar:/home/user/.m2/repository/org/apache/hadoop/hadoop-common/3.2.0/hadoop-common-3.2.0.jar:/home/user/.m2/repository/org/apache/hadoop/hadoop-hdfs/3.2.0/hadoop-hdfs-3.2.0.jar:/home/user/.m2/repository/org/apache/hadoop/hadoop-hdfs-client/3.2.0/hadoop-hdfs-client-3.2.0.jar:/home/user/.m2/repository/com/fasterxml/jackson/core/jackson-annotations/2.9.9/jackson-annotations-2.9.9.jar:/home/user/.m2/repository/org/apache/hadoop/hadoop-hdds-common/0.5.0-SNAPSHOT/hadoop-hdds-common-0.5.0-SNAPSHOT.jar:/home/user/.m2/repository/javax/annotation/javax.annotation-api/1.2/javax.annotation-api-1.2.jar:/home/user/.m2/repository/org/apache/ratis/ratis-server/0.5.0-201fc85-SNAPSHOT/ratis-server-0.5.0-201fc85-SNAPSHOT.jar:/home/user/.m2/repository/org/apache/ratis/ratis-thirdparty-misc/0.2.0/ratis-thirdparty-misc-0.2.0.jar:/home/user/.m2/repository/org/apache/ratis/ratis-proto/0.5.0-201fc85-SNAPSHOT/ratis-proto-0.5.0-201fc85-SNAPSHOT.jar:/home/user/.m2/repository/org/apache/ratis/ratis-common/0.5.0-201fc85-SNAPSHOT/ratis-common-0.5.0-201fc85-SNAPSHOT.jar:/home/user/.m2/repository/org/apache/ratis/ratis-client/0.5.0-201fc85-SNAPSHOT/ratis-client-0.5.0-201fc85-SNAPSHOT.jar:/home/user/.m2/repository/org/apache/ratis/ratis-metrics/0.5.0-201fc85-SNAPSHOT/ratis-metrics-0.5.0-201fc85-SNAPSHOT.jar:/home/user/.m2/repository/com/github/joshelser/dropwizard-metrics-hadoop-metrics2-reporter/0.1.2/dropwizard-metrics-hadoop-metrics2-reporter-0.1.2.jar:/home/user/.m2/repository/io/dropwizard/metrics/metrics-jvm/3.2.5/metrics-jvm-3.2.5.jar:/home/user/.m2/repository/io/dropwizard/metrics/metrics-ganglia/3.2.5/metrics-ganglia-3.2.5.jar:/home/user/.m2/repository/info/ganglia/gmetric4j/gmetric4j/1.0.7/gmetric4j-1.0.7.jar:/home/user/.m2/repository/org/apache/ratis/ratis-netty/0.5.0-201fc85-SNAPSHOT/ratis-netty-0.5.0-201fc85-SNAPSHOT.jar:/home/user/.m2/repository/org/apache/ratis/ratis-grpc/0.5.0-201fc85-SNAPSHOT/ratis-grpc-0.5.0-201fc85-SNAPSHOT.jar:/home/user/.m2/repository/org/rocksdb/rocksdbjni/6.0.1/rocksdbjni-6.0.1.jar:/home/user/.m2/repository/org/apache/logging/log4j/log4j-api/2.11.0/log4j-api-2.11.0.jar:/home/user/.m2/repository/org/apache/logging/log4j/log4j-core/2.11.0/log4j-core-2.11.0.jar:/home/user/.m2/repository/com/lmax/disruptor/3.4.2/disruptor-3.4.2.jar:/home/user/.m2/repository/org/apache/commons/commons-pool2/2.6.0/commons-pool2-2.6.0.jar:/home/user/.m2/repository/org/bouncycastle/bcpkix-jdk15on/1.60/bcpkix-jdk15on-1.60.jar:/home/user/.m2/repository/commons-validator/commons-validator/1.6/commons-validator-1.6.jar:/home/user/.m2/repository/commons-digester/commons-digester/1.8.1/commons-digester-1.8.1.jar:/home/user/.m2/repository/io/jaegertracing/jaeger-client/0.34.0/jaeger-client-0.34.0.jar:/home/user/.m2/repository/io/jaegertracing/jaeger-thrift/0.34.0/jaeger-thrift-0.34.0.jar:/home/user/.m2/repository/org/apache/thrift/libthrift/0.12.0/libthrift-0.12.0.jar:/home/user/.m2/repository/com/squareup/okhttp3/okhttp/3.9.0/okhttp-3.9.0.jar:/home/user/.m2/repository/com/squareup/okio/okio/1.13.0/okio-1.13.0.jar:/home/user/.m2/repository/io/jaegertracing/jaeger-core/0.34.0/jaeger-core-0.34.0.jar:/home/user/.m2/repository/io/jaegertracing/jaeger-tracerresolver/0.34.0/jaeger-tracerresolver-0.34.0.jar:/home/user/.m2/repository/io/opentracing/contrib/opentracing-tracerresolver/0.1.5/opentracing-tracerresolver-0.1.5.jar:/home/user/.m2/repository/io/opentracing/opentracing-util/0.31.0/opentracing-util-0.31.0.jar:/home/user/.m2/repository/io/opentracing/opentracing-api/0.31.0/opentracing-api-0.31.0.jar:/home/user/.m2/repository/io/opentracing/opentracing-noop/0.31.0/opentracing-noop-0.31.0.jar:/home/user/.m2/repository/org/apache/hadoop/hadoop-hdds-server-framework/0.5.0-SNAPSHOT/hadoop-hdds-server-framework-0.5.0-SNAPSHOT.jar:/home/user/.m2/repository/org/apache/hadoop/hadoop-hdds-container-service/0.5.0-SNAPSHOT/hadoop-hdds-container-service-0.5.0-SNAPSHOT.jar:/home/user/.m2/repository/org/apache/hadoop/hadoop-hdds-client/0.5.0-SNAPSHOT/hadoop-hdds-client-0.5.0-SNAPSHOT.jar:/home/user/.m2/repository/org/apache/hadoop/hadoop-hdds-tools/0.5.0-SNAPSHOT/hadoop-hdds-tools-0.5.0-SNAPSHOT.jar:/home/user/.m2/repository/org/apache/hadoop/hadoop-hdds-server-scm/0.5.0-SNAPSHOT/hadoop-hdds-server-scm-0.5.0-SNAPSHOT.jar:/home/user/.m2/repository/org/apache/hadoop/hadoop-hdds-docs/0.5.0-SNAPSHOT/hadoop-hdds-docs-0.5.0-SNAPSHOT.jar:/home/user/.m2/repository/io/dropwizard/metrics/metrics-core/3.2.4/metrics-core-3.2.4.jar:/home/user/.m2/repository/org/hamcrest/hamcrest-all/1.3/hamcrest-all-1.3.jar:/home/user/.m2/repository/org/bouncycastle/bcprov-jdk15on/1.60/bcprov-jdk15on-1.60.jar:/home/user/.m2/repository/info/picocli/picocli/3.9.6/picocli-3.9.6.jar:/home/user/.m2/repository/com/google/protobuf/protobuf-java/2.5.0/protobuf-java-2.5.0.jar:/home/user/.m2/repository/com/google/guava/guava/11.0.2/guava-11.0.2.jar:/home/user/.m2/repository/org/apache/hadoop/hadoop-ozone-ozone-manager/0.5.0-SNAPSHOT/hadoop-ozone-ozone-manager-0.5.0-SNAPSHOT.jar:/home/user/.m2/repository/org/apache/hadoop/hadoop-minikdc/3.2.0/hadoop-minikdc-3.2.0.jar:/home/user/.m2/repository/commons-io/commons-io/2.5/commons-io-2.5.jar:/home/user/.m2/repository/org/apache/kerby/kerb-simplekdc/1.0.1/kerb-simplekdc-1.0.1.jar:/home/user/.m2/repository/org/apache/kerby/kerb-client/1.0.1/kerb-client-1.0.1.jar:/home/user/.m2/repository/org/apache/kerby/kerby-config/1.0.1/kerby-config-1.0.1.jar:/home/user/.m2/repository/org/apache/kerby/kerb-core/1.0.1/kerb-core-1.0.1.jar:/home/user/.m2/repository/org/apache/kerby/kerby-pkix/1.0.1/kerby-pkix-1.0.1.jar:/home/user/.m2/repository/org/apache/kerby/kerby-asn1/1.0.1/kerby-asn1-1.0.1.jar:/home/user/.m2/repository/org/apache/kerby/kerby-util/1.0.1/kerby-util-1.0.1.jar:/home/user/.m2/repository/org/apache/kerby/kerb-common/1.0.1/kerb-common-1.0.1.jar:/home/user/.m2/repository/org/apache/kerby/kerb-crypto/1.0.1/kerb-crypto-1.0.1.jar:/home/user/.m2/repository/org/apache/kerby/kerb-util/1.0.1/kerb-util-1.0.1.jar:/home/user/.m2/repository/org/apache/kerby/token-provider/1.0.1/token-provider-1.0.1.jar:/home/user/.m2/repository/org/apache/kerby/kerb-admin/1.0.1/kerb-admin-1.0.1.jar:/home/user/.m2/repository/org/apache/kerby/kerb-server/1.0.1/kerb-server-1.0.1.jar:/home/user/.m2/repository/org/apache/kerby/kerb-identity/1.0.1/kerb-identity-1.0.1.jar:/home/user/.m2/repository/org/apache/kerby/kerby-xdr/1.0.1/kerby-xdr-1.0.1.jar:/home/user/.m2/repository/org/slf4j/slf4j-log4j12/1.7.25/slf4j-log4j12-1.7.25.jar:/home/user/.m2/repository/org/apache/hadoop/hadoop-ozone-s3gateway/0.5.0-SNAPSHOT/hadoop-ozone-s3gateway-0.5.0-SNAPSHOT.jar:/home/user/.m2/repository/org/jboss/weld/servlet/weld-servlet/2.4.7.Final/weld-servlet-2.4.7.Final.jar:/home/user/.m2/repository/org/glassfish/jersey/containers/jersey-container-servlet-core/2.27/jersey-container-servlet-core-2.27.jar:/home/user/.m2/repository/org/glassfish/hk2/external/javax.inject/2.5.0-b42/javax.inject-2.5.0-b42.jar:/home/user/.m2/repository/org/glassfish/jersey/core/jersey-common/2.27/jersey-common-2.27.jar:/home/user/.m2/repository/org/glassfish/hk2/osgi-resource-locator/1.0.1/osgi-resource-locator-1.0.1.jar:/home/user/.m2/repository/javax/ws/rs/javax.ws.rs-api/2.1/javax.ws.rs-api-2.1.jar:/home/user/.m2/repository/org/glassfish/jersey/ext/cdi/jersey-cdi1x/2.27/jersey-cdi1x-2.27.jar:/home/user/.m2/repository/org/glassfish/jersey/inject/jersey-hk2/2.27/jersey-hk2-2.27.jar:/home/user/.m2/repository/org/glassfish/hk2/hk2-locator/2.5.0-b42/hk2-locator-2.5.0-b42.jar:/home/user/.m2/repository/org/javassist/javassist/3.22.0-CR2/javassist-3.22.0-CR2.jar:/home/user/.m2/repository/org/glassfish/hk2/hk2-api/2.5.0/hk2-api-2.5.0.jar:/home/user/.m2/repository/org/glassfish/hk2/external/jakarta.inject/2.5.0/jakarta.inject-2.5.0.jar:/home/user/.m2/repository/org/glassfish/hk2/hk2-utils/2.5.0/hk2-utils-2.5.0.jar:/home/user/.m2/repository/jakarta/annotation/jakarta.annotation-api/1.3.4/jakarta.annotation-api-1.3.4.jar:/home/user/.m2/repository/org/glassfish/hk2/external/aopalliance-repackaged/2.5.0/aopalliance-repackaged-2.5.0.jar:/home/user/.m2/repository/com/fasterxml/jackson/dataformat/jackson-dataformat-xml/2.9.0/jackson-dataformat-xml-2.9.0.jar:/home/user/.m2/repository/com/fasterxml/jackson/core/jackson-core/2.9.9/jackson-core-2.9.9.jar:/home/user/.m2/repository/com/fasterxml/jackson/module/jackson-module-jaxb-annotations/2.9.9/jackson-module-jaxb-annotations-2.9.9.jar:/home/user/.m2/repository/javax/enterprise/cdi-api/1.2/cdi-api-1.2.jar:/home/user/.m2/repository/javax/el/javax.el-api/3.0.0/javax.el-api-3.0.0.jar:/home/user/.m2/repository/javax/interceptor/javax.interceptor-api/1.2/javax.interceptor-api-1.2.jar:/home/user/.m2/repository/javax/inject/javax.inject/1/javax.inject-1.jar:/home/user/.m2/repository/com/sun/xml/bind/jaxb-impl/2.3.0.1/jaxb-impl-2.3.0.1.jar:/home/user/.m2/repository/com/sun/xml/bind/jaxb-core/2.3.0.1/jaxb-core-2.3.0.1.jar:/home/user/.m2/repository/javax/xml/bind/jaxb-api/2.3.0/jaxb-api-2.3.0.jar:/home/user/.m2/repository/javax/activation/activation/1.1.1/activation-1.1.1.jar:/home/user/.m2/repository/org/apache/hadoop/hadoop-ozone-csi/0.5.0-SNAPSHOT/hadoop-ozone-csi-0.5.0-SNAPSHOT.jar:/home/user/.m2/repository/com/google/protobuf/protobuf-java-util/3.5.1/protobuf-java-util-3.5.1.jar:/home/user/.m2/repository/org/apache/hadoop/hadoop-hdds-config/0.5.0-SNAPSHOT/hadoop-hdds-config-0.5.0-SNAPSHOT.jar:/home/user/.m2/repository/io/grpc/grpc-netty/1.17.1/grpc-netty-1.17.1.jar:/home/user/.m2/repository/io/grpc/grpc-core/1.17.1/grpc-core-1.17.1.jar:/home/user/.m2/repository/io/grpc/grpc-context/1.17.1/grpc-context-1.17.1.jar:/home/user/.m2/repository/com/google/errorprone/error_prone_annotations/2.2.0/error_prone_annotations-2.2.0.jar:/home/user/.m2/repository/org/codehaus/mojo/animal-sniffer-annotations/1.17/animal-sniffer-annotations-1.17.jar:/home/user/.m2/repository/io/opencensus/opencensus-api/0.17.0/opencensus-api-0.17.0.jar:/home/user/.m2/repository/io/opencensus/opencensus-contrib-grpc-metrics/0.17.0/opencensus-contrib-grpc-metrics-0.17.0.jar:/home/user/.m2/repository/io/netty/netty-codec-http2/4.1.30.Final/netty-codec-http2-4.1.30.Final.jar:/home/user/.m2/repository/io/netty/netty-codec-http/4.1.30.Final/netty-codec-http-4.1.30.Final.jar:/home/user/.m2/repository/io/netty/netty-codec/4.1.30.Final/netty-codec-4.1.30.Final.jar:/home/user/.m2/repository/io/netty/netty-handler/4.1.30.Final/netty-handler-4.1.30.Final.jar:/home/user/.m2/repository/io/netty/netty-handler-proxy/4.1.30.Final/netty-handler-proxy-4.1.30.Final.jar:/home/user/.m2/repository/io/netty/netty-codec-socks/4.1.30.Final/netty-codec-socks-4.1.30.Final.jar:/home/user/.m2/repository/io/netty/netty-transport-native-epoll/4.1.30.Final/netty-transport-native-epoll-4.1.30.Final.jar:/home/user/.m2/repository/io/netty/netty-common/4.1.30.Final/netty-common-4.1.30.Final.jar:/home/user/.m2/repository/io/netty/netty-buffer/4.1.30.Final/netty-buffer-4.1.30.Final.jar:/home/user/.m2/repository/io/netty/netty-transport/4.1.30.Final/netty-transport-4.1.30.Final.jar:/home/user/.m2/repository/io/netty/netty-resolver/4.1.30.Final/netty-resolver-4.1.30.Final.jar:/home/user/.m2/repository/io/netty/netty-transport-native-unix-common/4.1.30.Final/netty-transport-native-unix-common-4.1.30.Final.jar:/home/user/.m2/repository/io/grpc/grpc-protobuf/1.17.1/grpc-protobuf-1.17.1.jar:/home/user/.m2/repository/com/google/api/grpc/proto-google-common-protos/1.0.0/proto-google-common-protos-1.0.0.jar:/home/user/.m2/repository/io/grpc/grpc-protobuf-lite/1.17.1/grpc-protobuf-lite-1.17.1.jar:/home/user/.m2/repository/io/grpc/grpc-stub/1.17.1/grpc-stub-1.17.1.jar:/home/user/.m2/repository/org/apache/hadoop/hadoop-ozone-recon/0.5.0-SNAPSHOT/hadoop-ozone-recon-0.5.0-SNAPSHOT.jar:/home/user/.m2/repository/org/apache/hadoop/hadoop-ozone-reconcodegen/0.5.0-SNAPSHOT/hadoop-ozone-reconcodegen-0.5.0-SNAPSHOT.jar:/home/user/.m2/repository/com/google/inject/extensions/guice-multibindings/4.0/guice-multibindings-4.0.jar:/home/user/.m2/repository/com/google/inject/guice/4.0/guice-4.0.jar:/home/user/.m2/repository/aopalliance/aopalliance/1.0/aopalliance-1.0.jar:/home/user/.m2/repository/com/google/inject/extensions/guice-servlet/4.0/guice-servlet-4.0.jar:/home/user/.m2/repository/org/glassfish/jersey/containers/jersey-container-servlet/2.27/jersey-container-servlet-2.27.jar:/home/user/.m2/repository/org/glassfish/hk2/guice-bridge/2.5.0/guice-bridge-2.5.0.jar:/home/user/.m2/repository/org/glassfish/jersey/core/jersey-server/2.27/jersey-server-2.27.jar:/home/user/.m2/repository/org/glassfish/jersey/core/jersey-client/2.27/jersey-client-2.27.jar:/home/user/.m2/repository/org/glassfish/jersey/media/jersey-media-jaxb/2.27/jersey-media-jaxb-2.27.jar:/home/user/.m2/repository/javax/validation/validation-api/1.1.0.Final/validation-api-1.1.0.Final.jar:/home/user/.m2/repository/org/glassfish/jersey/media/jersey-media-json-jackson/2.27/jersey-media-json-jackson-2.27.jar:/home/user/.m2/repository/org/glassfish/jersey/ext/jersey-entity-filtering/2.27/jersey-entity-filtering-2.27.jar:/home/user/.m2/repository/com/google/inject/extensions/guice-assistedinject/4.0/guice-assistedinject-4.0.jar:/home/user/.m2/repository/org/jooq/jooq/3.11.10/jooq-3.11.10.jar:/home/user/.m2/repository/org/jooq/jooq-meta/3.11.10/jooq-meta-3.11.10.jar:/home/user/.m2/repository/org/jooq/jooq-codegen/3.11.10/jooq-codegen-3.11.10.jar:/home/user/.m2/repository/com/jolbox/bonecp/0.8.0.RELEASE/bonecp-0.8.0.RELEASE.jar:/home/user/.m2/repository/org/xerial/sqlite-jdbc/3.25.2/sqlite-jdbc-3.25.2.jar:/home/user/.m2/repository/org/springframework/spring-jdbc/5.1.3.RELEASE/spring-jdbc-5.1.3.RELEASE.jar:/home/user/.m2/repository/org/springframework/spring-beans/5.1.3.RELEASE/spring-beans-5.1.3.RELEASE.jar:/home/user/.m2/repository/org/springframework/spring-core/5.1.3.RELEASE/spring-core-5.1.3.RELEASE.jar:/home/user/.m2/repository/org/springframework/spring-jcl/5.1.3.RELEASE/spring-jcl-5.1.3.RELEASE.jar:/home/user/.m2/repository/org/springframework/spring-tx/5.1.3.RELEASE/spring-tx-5.1.3.RELEASE.jar:/home/user/.m2/repository/org/apache/hadoop/hadoop-ozone-client/0.5.0-SNAPSHOT/hadoop-ozone-client-0.5.0-SNAPSHOT.jar:/home/user/.m2/repository/commons-lang/commons-lang/2.6/commons-lang-2.6.jar:/home/user/.m2/repository/org/apache/hadoop/hadoop-ozone-ozone-manager/0.5.0-SNAPSHOT/hadoop-ozone-ozone-manager-0.5.0-SNAPSHOT-tests.jar:/home/user/.m2/repository/junit/junit/4.11/junit-4.11.jar:/home/user/.m2/repository/org/hamcrest/hamcrest-core/1.3/hamcrest-core-1.3.jar:/home/user/.m2/repository/org/openjdk/jmh/jmh-core/1.19/jmh-core-1.19.jar:/home/user/.m2/repository/net/sf/jopt-simple/jopt-simple/4.6/jopt-simple-4.6.jar:/home/user/.m2/repository/org/apache/commons/commons-math3/3.1.1/commons-math3-3.1.1.jar:/home/user/.m2/repository/org/openjdk/jmh/jmh-generator-annprocess/1.19/jmh-generator-annprocess-1.19.jar:/home/user/.m2/repository/org/mockito/mockito-all/1.8.5/mockito-all-1.8.5.jar:/home/user/.m2/repository/org/apache/hadoop/hadoop-kms/3.2.0/hadoop-kms-3.2.0.jar:/home/user/.m2/repository/org/apache/hadoop/hadoop-auth/3.2.0/hadoop-auth-3.2.0.jar:/home/user/.m2/repository/com/nimbusds/nimbus-jose-jwt/4.41.1/nimbus-jose-jwt-4.41.1.jar:/home/user/.m2/repository/com/github/stephenc/jcip/jcip-annotations/1.0-1/jcip-annotations-1.0-1.jar:/home/user/.m2/repository/net/minidev/json-smart/2.3/json-smart-2.3.jar:/home/user/.m2/repository/net/minidev/accessors-smart/1.2/accessors-smart-1.2.jar:/home/user/.m2/repository/org/ow2/asm/asm/5.0.4/asm-5.0.4.jar:/home/user/.m2/repository/org/apache/curator/curator-framework/2.12.0/curator-framework-2.12.0.jar:/home/user/.m2/repository/com/sun/jersey/jersey-core/1.19/jersey-core-1.19.jar:/home/user/.m2/repository/javax/ws/rs/jsr311-api/1.1.1/jsr311-api-1.1.1.jar:/home/user/.m2/repository/com/sun/jersey/jersey-server/1.19/jersey-server-1.19.jar:/home/user/.m2/repository/javax/servlet/javax.servlet-api/3.1.0/javax.servlet-api-3.1.0.jar:/home/user/.m2/repository/org/eclipse/jetty/jetty-server/9.3.25.v20180904/jetty-server-9.3.25.v20180904.jar:/home/user/.m2/repository/org/eclipse/jetty/jetty-http/9.3.25.v20180904/jetty-http-9.3.25.v20180904.jar:/home/user/.m2/repository/org/eclipse/jetty/jetty-io/9.3.25.v20180904/jetty-io-9.3.25.v20180904.jar:/home/user/.m2/repository/org/eclipse/jetty/jetty-webapp/9.3.25.v20180904/jetty-webapp-9.3.25.v20180904.jar:/home/user/.m2/repository/org/eclipse/jetty/jetty-xml/9.3.25.v20180904/jetty-xml-9.3.25.v20180904.jar:/home/user/.m2/repository/log4j/log4j/1.2.17/log4j-1.2.17.jar:/home/user/.m2/repository/org/slf4j/slf4j-api/1.7.25/slf4j-api-1.7.25.jar:/home/user/.m2/repository/org/slf4j/jul-to-slf4j/1.7.25/jul-to-slf4j-1.7.25.jar:/home/user/.m2/repository/org/eclipse/jetty/jetty-util/9.3.25.v20180904/jetty-util-9.3.25.v20180904.jar:/home/user/.m2/repository/com/fasterxml/jackson/core/jackson-databind/2.9.9/jackson-databind-2.9.9.jar:/home/user/.m2/repository/org/apache/hadoop/hadoop-kms/3.2.0/hadoop-kms-3.2.0-tests.jar:/home/user/.m2/repository/org/apache/hadoop/hadoop-hdds-server-scm/0.5.0-SNAPSHOT/hadoop-hdds-server-scm-0.5.0-SNAPSHOT-tests.jar:/home/user/.m2/repository/org/apache/hadoop/hadoop-hdds-container-service/0.5.0-SNAPSHOT/hadoop-hdds-container-service-0.5.0-SNAPSHOT-tests.jar:/home/user/.m2/repository/org/yaml/snakeyaml/1.16/snakeyaml-1.16.jar:/home/user/.m2/repository/org/apache/hadoop/hadoop-common/3.2.0/hadoop-common-3.2.0-tests.jar:/home/user/.m2/repository/org/apache/hadoop/hadoop-annotations/3.2.0/hadoop-annotations-3.2.0.jar:/usr/lib/jvm/java-1.8-openjdk/jre/../lib/tools.jar:/home/user/.m2/repository/commons-cli/commons-cli/1.2/commons-cli-1.2.jar:/home/user/.m2/repository/org/apache/httpcomponents/httpclient/4.5.2/httpclient-4.5.2.jar:/home/user/.m2/repository/org/apache/httpcomponents/httpcore/4.4.4/httpcore-4.4.4.jar:/home/user/.m2/repository/commons-codec/commons-codec/1.11/commons-codec-1.11.jar:/home/user/.m2/repository/commons-net/commons-net/3.6/commons-net-3.6.jar:/home/user/.m2/repository/commons-collections/commons-collections/3.2.2/commons-collections-3.2.2.jar:/home/user/.m2/repository/org/eclipse/jetty/jetty-servlet/9.3.25.v20180904/jetty-servlet-9.3.25.v20180904.jar:/home/user/.m2/repository/org/eclipse/jetty/jetty-security/9.3.25.v20180904/jetty-security-9.3.25.v20180904.jar:/home/user/.m2/repository/javax/servlet/jsp/jsp-api/2.1/jsp-api-2.1.jar:/home/user/.m2/repository/com/sun/jersey/jersey-servlet/1.19/jersey-servlet-1.19.jar:/home/user/.m2/repository/com/sun/jersey/jersey-json/1.19/jersey-json-1.19.jar:/home/user/.m2/repository/org/codehaus/jettison/jettison/1.1/jettison-1.1.jar:/home/user/.m2/repository/org/codehaus/jackson/jackson-core-asl/1.9.13/jackson-core-asl-1.9.13.jar:/home/user/.m2/repository/org/codehaus/jackson/jackson-mapper-asl/1.9.13/jackson-mapper-asl-1.9.13.jar:/home/user/.m2/repository/org/codehaus/jackson/jackson-jaxrs/1.9.13/jackson-jaxrs-1.9.13.jar:/home/user/.m2/repository/org/codehaus/jackson/jackson-xc/1.9.13/jackson-xc-1.9.13.jar:/home/user/.m2/repository/commons-logging/commons-logging/1.1.3/commons-logging-1.1.3.jar:/home/user/.m2/repository/commons-beanutils/commons-beanutils/1.9.4/commons-beanutils-1.9.4.jar:/home/user/.m2/repository/org/apache/commons/commons-configuration2/2.1.1/commons-configuration2-2.1.1.jar:/home/user/.m2/repository/org/apache/commons/commons-lang3/3.7/commons-lang3-3.7.jar:/home/user/.m2/repository/org/apache/commons/commons-text/1.4/commons-text-1.4.jar:/home/user/.m2/repository/org/apache/avro/avro/1.7.7/avro-1.7.7.jar:/home/user/.m2/repository/com/thoughtworks/paranamer/paranamer/2.3/paranamer-2.3.jar:/home/user/.m2/repository/org/xerial/snappy/snappy-java/1.0.5/snappy-java-1.0.5.jar:/home/user/.m2/repository/com/google/re2j/re2j/1.1/re2j-1.1.jar:/home/user/.m2/repository/com/google/code/gson/gson/2.2.4/gson-2.2.4.jar:/home/user/.m2/repository/com/jcraft/jsch/0.1.54/jsch-0.1.54.jar:/home/user/.m2/repository/org/apache/curator/curator-client/2.12.0/curator-client-2.12.0.jar:/home/user/.m2/repository/org/apache/curator/curator-recipes/2.12.0/curator-recipes-2.12.0.jar:/home/user/.m2/repository/com/google/code/findbugs/jsr305/3.0.0/jsr305-3.0.0.jar:/home/user/.m2/repository/org/apache/htrace/htrace-core4/4.1.0-incubating/htrace-core4-4.1.0-incubating.jar:/home/user/.m2/repository/org/apache/zookeeper/zookeeper/3.4.13/zookeeper-3.4.13.jar:/home/user/.m2/repository/jline/jline/0.9.94/jline-0.9.94.jar:/home/user/.m2/repository/org/apache/yetus/audience-annotations/0.5.0/audience-annotations-0.5.0.jar:/home/user/.m2/repository/org/codehaus/woodstox/stax2-api/3.1.4/stax2-api-3.1.4.jar:/home/user/.m2/repository/com/fasterxml/woodstox/woodstox-core/5.0.3/woodstox-core-5.0.3.jar:/home/user/.m2/repository/dnsjava/dnsjava/2.1.7/dnsjava-2.1.7.jar:/home/user/.m2/repository/org/apache/hadoop/hadoop-hdfs/3.2.0/hadoop-hdfs-3.2.0-tests.jar:/home/user/.m2/repository/org/eclipse/jetty/jetty-util-ajax/9.3.25.v20180904/jetty-util-ajax-9.3.25.v20180904.jar:/home/user/.m2/repository/commons-daemon/commons-daemon/1.0.13/commons-daemon-1.0.13.jar:/home/user/.m2/repository/io/netty/netty/3.10.5.Final/netty-3.10.5.Final.jar:/home/user/.m2/repository/io/netty/netty-all/4.0.52.Final/netty-all-4.0.52.Final.jar:/home/user/.m2/repository/org/fusesource/leveldbjni/leveldbjni-all/1.8/leveldbjni-all-1.8.jar:"/>
    <property name="sun.cpu.endian" value="little"/>
    <property name="user.home" value="/home/user"/>
    <property name="user.language" value="en"/>
    <property name="java.specification.vendor" value="Oracle Corporation"/>
    <property name="java.home" value="/usr/lib/jvm/java-1.8-openjdk/jre"/>
    <property name="surefire.excludesFile" value="/tools/ozone-bad-unit-tests"/>
    <property name="java.security.krb5.conf" value="/workdir/hadoop-ozone/integration-test/target/test-classes/krb5.conf"/>
    <property name="basedir" value="/workdir/hadoop-ozone/integration-test"/>
    <property name="file.separator" value="/"/>
    <property name="line.separator" value="&#10;"/>
    <property name="java.vm.specification.vendor" value="Oracle Corporation"/>
    <property name="java.specification.name" value="Java Platform API Specification"/>
    <property name="java.awt.graphicsenv" value="sun.awt.X11GraphicsEnvironment"/>
    <property name="surefire.real.class.path" value="/workdir/hadoop-ozone/integration-test/target/surefire/surefirebooter6114583792292980480.jar"/>
    <property name="hadoop.log.dir" value="/workdir/hadoop-ozone/integration-test/target/log"/>
    <property name="sun.boot.class.path" value="/usr/lib/jvm/java-1.8-openjdk/jre/lib/resources.jar:/usr/lib/jvm/java-1.8-openjdk/jre/lib/rt.jar:/usr/lib/jvm/java-1.8-openjdk/jre/lib/sunrsasign.jar:/usr/lib/jvm/java-1.8-openjdk/jre/lib/jsse.jar:/usr/lib/jvm/java-1.8-openjdk/jre/lib/jce.jar:/usr/lib/jvm/java-1.8-openjdk/jre/lib/charsets.jar:/usr/lib/jvm/java-1.8-openjdk/jre/lib/jfr.jar:/usr/lib/jvm/java-1.8-openjdk/jre/classes"/>
    <property name="sun.management.compiler" value="HotSpot 64-Bit Tiered Compilers"/>
    <property name="java.runtime.version" value="1.8.0_212-b04"/>
    <property name="java.net.preferIPv4Stack" value="true"/>
    <property name="user.name" value="jenkins1000"/>
    <property name="path.separator" value=":"/>
    <property name="java.security.egd" value="file:///dev/urandom"/>
    <property name="os.version" value="3.10.0-957.12.2.el7.x86_64"/>
    <property name="java.endorsed.dirs" value="/usr/lib/jvm/java-1.8-openjdk/jre/lib/endorsed"/>
    <property name="java.runtime.name" value="OpenJDK Runtime Environment"/>
    <property name="file.encoding" value="UTF-8"/>
    <property name="java.vm.name" value="OpenJDK 64-Bit Server VM"/>
    <property name="test.build.webapps" value=""/>
    <property name="localRepository" value="/home/user/.m2/repository"/>
    <property name="java.vendor.url.bug" value="https://icedtea.classpath.org/bugzilla"/>
    <property name="java.io.tmpdir" value="/tmp"/>
    <property name="require.test.libhadoop" value=""/>
    <property name="java.version" value="1.8.0_212"/>
    <property name="user.dir" value="/workdir/hadoop-ozone/integration-test"/>
    <property name="os.arch" value="amd64"/>
    <property name="java.vm.specification.name" value="Java Virtual Machine Specification"/>
    <property name="test.build.classes" value="/workdir/hadoop-ozone/integration-test/target/test-classes"/>
    <property name="java.awt.printerjob" value="sun.print.PSPrinterJob"/>
    <property name="sun.os.patch.level" value="unknown"/>
    <property name="hadoop.tmp.dir" value="/workdir/hadoop-ozone/integration-test/target/tmp"/>
    <property name="java.library.path" value="/usr/lib/jvm/java-1.8-openjdk/jre/lib/amd64/server:/usr/lib/jvm/java-1.8-openjdk/jre/lib/amd64:/usr/lib/jvm/java-1.8-openjdk/jre/../lib/amd64:/workdir/hadoop-ozone/integration-test/target/native/target/usr/local/lib:/workdir/hadoop-ozone/integration-test/../../hadoop-common-project/hadoop-common/target/native/target/usr/local/lib:/usr/java/packages/lib/amd64:/usr/lib64:/lib64:/lib:/usr/lib"/>
    <property name="java.vm.info" value="mixed mode"/>
    <property name="java.vendor" value="IcedTea"/>
    <property name="java.vm.version" value="25.212-b04"/>
    <property name="java.ext.dirs" value="/usr/lib/jvm/java-1.8-openjdk/jre/lib/ext:/usr/java/packages/lib/ext"/>
    <property name="sun.io.unicode.encoding" value="UnicodeLittle"/>
    <property name="java.class.version" value="52.0"/>
  </properties>
  <testcase name="testWatchForCommitWithKeyWrite" classname="org.apache.hadoop.ozone.client.rpc.TestWatchForCommit" time="84.966"/>
  <testcase name="testWatchForCommitWithSmallerTimeoutValue" classname="org.apache.hadoop.ozone.client.rpc.TestWatchForCommit" time="44.887"/>
  <testcase name="testWatchForCommitForRetryfailure" classname="org.apache.hadoop.ozone.client.rpc.TestWatchForCommit" time="76.09"/>
  <testcase name="testWatchForCommitForGroupMismatchException" classname="org.apache.hadoop.ozone.client.rpc.TestWatchForCommit" time="34.923"/>
  <testcase name="test2WayCommitForTimeoutException" classname="org.apache.hadoop.ozone.client.rpc.TestWatchForCommit" time="28.422">
    <error message="org.apache.ratis.protocol.RaftRetryFailureException: Failed RaftClientRequest:client-1C9EEB4892DD-&gt;303f0228-c743-44bb-8a31-cb9ae4dee5ff@group-6C8A0CB5C4FE, cid=104, seq=2*, RW, cmdType: CloseContainer&#10;traceID: &quot;2786dcea3d58cf15:2786dcea3d58cf15:0:0&quot;&#10;containerID: 1&#10;datanodeUuid: &quot;88a80244-6d55-49cb-b386-f8c6afc0afd2&quot;&#10;closeContainer {&#10;}&#10;, data.size=0 for 20 attempts with RetryLimited(maxAttempts=20, sleepTime=1000ms)" type="java.util.concurrent.ExecutionException">java.util.concurrent.ExecutionException: 
org.apache.ratis.protocol.RaftRetryFailureException: Failed RaftClientRequest:client-1C9EEB4892DD->303f0228-c743-44bb-8a31-cb9ae4dee5ff@group-6C8A0CB5C4FE, cid=104, seq=2*, RW, cmdType: CloseContainer
traceID: "2786dcea3d58cf15:2786dcea3d58cf15:0:0"
containerID: 1
datanodeUuid: "88a80244-6d55-49cb-b386-f8c6afc0afd2"
closeContainer {
}
, data.size=0 for 20 attempts with RetryLimited(maxAttempts=20, sleepTime=1000ms)
	at java.util.concurrent.CompletableFuture.reportGet(CompletableFuture.java:357)
	at java.util.concurrent.CompletableFuture.get(CompletableFuture.java:1895)
	at org.apache.hadoop.ozone.client.rpc.TestWatchForCommit.test2WayCommitForTimeoutException(TestWatchForCommit.java:390)
	at sun.reflect.NativeMethodAccessorImpl.invoke0(Native Method)
	at sun.reflect.NativeMethodAccessorImpl.invoke(NativeMethodAccessorImpl.java:62)
	at sun.reflect.DelegatingMethodAccessorImpl.invoke(DelegatingMethodAccessorImpl.java:43)
	at java.lang.reflect.Method.invoke(Method.java:498)
	at org.junit.runners.model.FrameworkMethod$1.runReflectiveCall(FrameworkMethod.java:47)
	at org.junit.internal.runners.model.ReflectiveCallable.run(ReflectiveCallable.java:12)
	at org.junit.runners.model.FrameworkMethod.invokeExplosively(FrameworkMethod.java:44)
	at org.junit.internal.runners.statements.InvokeMethod.evaluate(InvokeMethod.java:17)
	at org.junit.runners.ParentRunner.runLeaf(ParentRunner.java:271)
	at org.junit.runners.BlockJUnit4ClassRunner.runChild(BlockJUnit4ClassRunner.java:70)
	at org.junit.runners.BlockJUnit4ClassRunner.runChild(BlockJUnit4ClassRunner.java:50)
	at org.junit.runners.ParentRunner$3.run(ParentRunner.java:238)
	at org.junit.runners.ParentRunner$1.schedule(ParentRunner.java:63)
	at org.junit.runners.ParentRunner.runChildren(ParentRunner.java:236)
	at org.junit.runners.ParentRunner.access$000(ParentRunner.java:53)
	at org.junit.runners.ParentRunner$2.evaluate(ParentRunner.java:229)
	at org.junit.runners.ParentRunner.run(ParentRunner.java:309)
	at org.apache.maven.surefire.junit4.JUnit4Provider.execute(JUnit4Provider.java:365)
	at org.apache.maven.surefire.junit4.JUnit4Provider.executeWithRerun(JUnit4Provider.java:273)
	at org.apache.maven.surefire.junit4.JUnit4Provider.executeTestSet(JUnit4Provider.java:238)
	at org.apache.maven.surefire.junit4.JUnit4Provider.invoke(JUnit4Provider.java:159)
	at org.apache.maven.surefire.booter.ForkedBooter.invokeProviderInSameClassLoader(ForkedBooter.java:384)
	at org.apache.maven.surefire.booter.ForkedBooter.runSuitesInProcess(ForkedBooter.java:345)
	at org.apache.maven.surefire.booter.ForkedBooter.execute(ForkedBooter.java:126)
	at org.apache.maven.surefire.booter.ForkedBooter.main(ForkedBooter.java:418)
Caused by: org.apache.ratis.protocol.RaftRetryFailureException: Failed RaftClientRequest:client-1C9EEB4892DD->303f0228-c743-44bb-8a31-cb9ae4dee5ff@group-6C8A0CB5C4FE, cid=104, seq=2*, RW, cmdType: CloseContainer
traceID: "2786dcea3d58cf15:2786dcea3d58cf15:0:0"
containerID: 1
datanodeUuid: "88a80244-6d55-49cb-b386-f8c6afc0afd2"
closeContainer {
}
, data.size=0 for 20 attempts with RetryLimited(maxAttempts=20, sleepTime=1000ms)
	at org.apache.ratis.client.impl.RaftClientImpl.noMoreRetries(RaftClientImpl.java:271)
	at org.apache.ratis.client.impl.OrderedAsync.handleAsyncRetryFailure(OrderedAsync.java:138)
	at org.apache.ratis.client.impl.OrderedAsync.lambda$sendRequest$10(OrderedAsync.java:230)
	at java.util.concurrent.CompletableFuture.uniExceptionally(CompletableFuture.java:870)
	at java.util.concurrent.CompletableFuture$UniExceptionally.tryFire(CompletableFuture.java:852)
	at java.util.concurrent.CompletableFuture.postComplete(CompletableFuture.java:474)
	at java.util.concurrent.CompletableFuture.completeExceptionally(CompletableFuture.java:1977)
	at org.apache.ratis.grpc.client.GrpcClientProtocolClient$AsyncStreamObservers.completeReplyExceptionally(GrpcClientProtocolClient.java:345)
	at org.apache.ratis.grpc.client.GrpcClientProtocolClient$AsyncStreamObservers.access$000(GrpcClientProtocolClient.java:261)
	at org.apache.ratis.grpc.client.GrpcClientProtocolClient$AsyncStreamObservers$1.onNext(GrpcClientProtocolClient.java:273)
	at org.apache.ratis.grpc.client.GrpcClientProtocolClient$AsyncStreamObservers$1.onNext(GrpcClientProtocolClient.java:264)
	at org.apache.ratis.thirdparty.io.grpc.stub.ClientCalls$StreamObserverToCallListenerAdapter.onMessage(ClientCalls.java:421)
	at org.apache.ratis.thirdparty.io.grpc.ForwardingClientCallListener.onMessage(ForwardingClientCallListener.java:33)
	at org.apache.ratis.thirdparty.io.grpc.ForwardingClientCallListener.onMessage(ForwardingClientCallListener.java:33)
	at org.apache.ratis.thirdparty.io.grpc.internal.ClientCallImpl$ClientStreamListenerImpl$1MessagesAvailable.runInContext(ClientCallImpl.java:519)
	at org.apache.ratis.thirdparty.io.grpc.internal.ContextRunnable.run(ContextRunnable.java:37)
	at org.apache.ratis.thirdparty.io.grpc.internal.SerializingExecutor.run(SerializingExecutor.java:123)
	at java.util.concurrent.ThreadPoolExecutor.runWorker(ThreadPoolExecutor.java:1149)
	at java.util.concurrent.ThreadPoolExecutor$Worker.run(ThreadPoolExecutor.java:624)
	at java.lang.Thread.run(Thread.java:748)
Caused by: org.apache.ratis.protocol.NotLeaderException: Server 303f0228-c743-44bb-8a31-cb9ae4dee5ff@group-6C8A0CB5C4FE is not the leader
	at org.apache.ratis.client.impl.ClientProtoUtils.toRaftClientReply(ClientProtoUtils.java:243)
	at org.apache.ratis.grpc.client.GrpcClientProtocolClient$AsyncStreamObservers$1.onNext(GrpcClientProtocolClient.java:269)
	... 10 more
</error>
    <system-out><![CDATA[2019-10-15 04:13:56,042 [main] WARN  server.ServerUtils (ServerUtils.java:getScmDbDir(145)) - ozone.scm.db.dirs is not configured. We recommend adding this setting. Falling back to ozone.metadata.dirs instead.
2019-10-15 04:13:56,067 [main] WARN  server.ServerUtils (ServerUtils.java:getScmDbDir(145)) - ozone.scm.db.dirs is not configured. We recommend adding this setting. Falling back to ozone.metadata.dirs instead.
2019-10-15 04:13:56,068 [main] WARN  server.ServerUtils (ServerUtils.java:getScmDbDir(145)) - ozone.scm.db.dirs is not configured. We recommend adding this setting. Falling back to ozone.metadata.dirs instead.
2019-10-15 04:13:56,069 [main] INFO  db.DBStoreBuilder (DBStoreBuilder.java:addTable(117)) - using custom profile for table: deletedBlocks
2019-10-15 04:13:56,070 [main] INFO  db.DBStoreBuilder (DBStoreBuilder.java:processTables(168)) - Using default column profile:DBProfile.DISK for Table:deletedBlocks
2019-10-15 04:13:56,070 [main] INFO  db.DBStoreBuilder (DBStoreBuilder.java:addTable(117)) - using custom profile for table: validCerts
2019-10-15 04:13:56,070 [main] INFO  db.DBStoreBuilder (DBStoreBuilder.java:processTables(168)) - Using default column profile:DBProfile.DISK for Table:validCerts
2019-10-15 04:13:56,070 [main] INFO  db.DBStoreBuilder (DBStoreBuilder.java:addTable(117)) - using custom profile for table: revokedCerts
2019-10-15 04:13:56,071 [main] INFO  db.DBStoreBuilder (DBStoreBuilder.java:processTables(168)) - Using default column profile:DBProfile.DISK for Table:revokedCerts
2019-10-15 04:13:56,071 [main] INFO  db.DBStoreBuilder (DBStoreBuilder.java:addTable(117)) - using custom profile for table: default
2019-10-15 04:13:56,071 [main] INFO  db.DBStoreBuilder (DBStoreBuilder.java:processTables(174)) - Using default column profile:DBProfile.DISK for Table:default
2019-10-15 04:13:56,072 [main] INFO  db.DBStoreBuilder (DBStoreBuilder.java:getDbProfile(205)) - Using default options. DBProfile.DISK
2019-10-15 04:13:56,494 [main] INFO  net.NodeSchemaLoader (NodeSchemaLoader.java:loadSchemaFromFile(125)) - Loading file from sun.misc.CompoundEnumeration@13cc0b90
2019-10-15 04:13:56,494 [main] INFO  net.NodeSchemaLoader (NodeSchemaLoader.java:loadSchema(171)) - Loading network topology layer schema file
2019-10-15 04:13:56,499 [main] WARN  server.ServerUtils (ServerUtils.java:sanitizeUserArgs(70)) - ozone.scm.stale.node.interval value = 300000 is larger than max = 100000 based on the key value of ozone.scm.heartbeat.thread.interval, reset to the max value 100000.
2019-10-15 04:13:56,500 [main] WARN  server.ServerUtils (ServerUtils.java:sanitizeUserArgs(70)) - ozone.scm.stale.node.interval value = 300000 is larger than max = 100000 based on the key value of ozone.scm.heartbeat.thread.interval, reset to the max value 100000.
2019-10-15 04:13:56,500 [main] INFO  node.SCMNodeManager (SCMNodeManager.java:<init>(116)) - Entering startup safe mode.
2019-10-15 04:13:56,501 [main] INFO  algorithms.ContainerPlacementPolicyFactory (ContainerPlacementPolicyFactory.java:getPolicy(57)) - Create container placement policy of type org.apache.hadoop.hdds.scm.container.placement.algorithms.SCMContainerPlacementRandom
2019-10-15 04:13:56,501 [main] WARN  server.ServerUtils (ServerUtils.java:getScmDbDir(145)) - ozone.scm.db.dirs is not configured. We recommend adding this setting. Falling back to ozone.metadata.dirs instead.
2019-10-15 04:13:56,679 [main] INFO  pipeline.SCMPipelineManager (SCMPipelineManager.java:initializePipelineState(132)) - No pipeline exists in current db
2019-10-15 04:13:56,680 [main] WARN  server.ServerUtils (ServerUtils.java:getScmDbDir(145)) - ozone.scm.db.dirs is not configured. We recommend adding this setting. Falling back to ozone.metadata.dirs instead.
2019-10-15 04:13:56,911 [main] WARN  events.EventQueue (EventQueue.java:fireEvent(183)) - No event handler registered for event TypedEvent{payloadType=SafeModeStatus, name='SafeModeStatus'}
2019-10-15 04:13:56,912 [main] INFO  ipc.CallQueueManager (CallQueueManager.java:<init>(84)) - Using callQueue: class java.util.concurrent.LinkedBlockingQueue, queueCapacity: 2000, scheduler: class org.apache.hadoop.ipc.DefaultRpcScheduler, ipcBackoff: false.
2019-10-15 04:13:56,913 [Socket Reader #1 for port 33625] INFO  ipc.Server (Server.java:run(1074)) - Starting Socket Reader #1 for port 33625
2019-10-15 04:13:56,916 [main] INFO  ipc.CallQueueManager (CallQueueManager.java:<init>(84)) - Using callQueue: class java.util.concurrent.LinkedBlockingQueue, queueCapacity: 2000, scheduler: class org.apache.hadoop.ipc.DefaultRpcScheduler, ipcBackoff: false.
2019-10-15 04:13:56,917 [Socket Reader #1 for port 42056] INFO  ipc.Server (Server.java:run(1074)) - Starting Socket Reader #1 for port 42056
2019-10-15 04:13:56,919 [main] INFO  ipc.CallQueueManager (CallQueueManager.java:<init>(84)) - Using callQueue: class java.util.concurrent.LinkedBlockingQueue, queueCapacity: 2000, scheduler: class org.apache.hadoop.ipc.DefaultRpcScheduler, ipcBackoff: false.
2019-10-15 04:13:56,920 [Socket Reader #1 for port 44198] INFO  ipc.Server (Server.java:run(1074)) - Starting Socket Reader #1 for port 44198
2019-10-15 04:13:56,923 [main] INFO  hdfs.DFSUtil (DFSUtil.java:httpServerTemplateForNNAndJN(1641)) - Starting Web-server for scm at: http://0.0.0.0:0
2019-10-15 04:13:56,926 [main] INFO  server.AuthenticationFilter (AuthenticationFilter.java:constructSecretProvider(240)) - Unable to initialize FileSignerSecretProvider, falling back to use random secrets.
2019-10-15 04:13:56,927 [main] WARN  http.HttpRequestLog (HttpRequestLog.java:getRequestLog(97)) - Jetty request log can only be enabled using Log4j
2019-10-15 04:13:56,929 [main] INFO  http.HttpServer2 (HttpServer2.java:addGlobalFilter(975)) - Added global filter 'safety' (class=org.apache.hadoop.http.HttpServer2$QuotingInputFilter)
2019-10-15 04:13:56,930 [main] INFO  http.HttpServer2 (HttpServer2.java:addFilter(948)) - Added filter static_user_filter (class=org.apache.hadoop.http.lib.StaticUserWebFilter$StaticUserFilter) to context scm
2019-10-15 04:13:56,930 [main] INFO  http.HttpServer2 (HttpServer2.java:addFilter(958)) - Added filter static_user_filter (class=org.apache.hadoop.http.lib.StaticUserWebFilter$StaticUserFilter) to context logs
2019-10-15 04:13:56,930 [main] INFO  http.HttpServer2 (HttpServer2.java:addFilter(958)) - Added filter static_user_filter (class=org.apache.hadoop.http.lib.StaticUserWebFilter$StaticUserFilter) to context static
2019-10-15 04:13:56,932 [main] INFO  server.StorageContainerManager (StorageContainerManager.java:start(772)) - StorageContainerLocationProtocol RPC server is listening at /0.0.0.0:44198
2019-10-15 04:13:56,935 [main] WARN  impl.MetricsConfig (MetricsConfig.java:loadFirst(134)) - Cannot locate configuration: tried hadoop-metrics2-storagecontainermanager.properties,hadoop-metrics2.properties
2019-10-15 04:13:56,935 [main] INFO  impl.MetricsSystemImpl (MetricsSystemImpl.java:startTimer(374)) - Scheduled Metric snapshot period at 10 second(s).
2019-10-15 04:13:56,936 [main] INFO  impl.MetricsSystemImpl (MetricsSystemImpl.java:start(191)) - StorageContainerManager metrics system started
2019-10-15 04:13:57,001 [main] WARN  impl.MetricsSystemImpl (MetricsSystemImpl.java:register(276)) - Sink prometheus already exists!
2019-10-15 04:13:57,088 [main] INFO  server.SCMClientProtocolServer (SCMClientProtocolServer.java:start(159)) - RPC server for Client  is listening at /0.0.0.0:44198
2019-10-15 04:13:57,089 [IPC Server Responder] INFO  ipc.Server (Server.java:run(1314)) - IPC Server Responder: starting
2019-10-15 04:13:57,089 [IPC Server listener on 44198] INFO  ipc.Server (Server.java:run(1153)) - IPC Server listener on 44198: starting
2019-10-15 04:13:57,094 [main] INFO  server.StorageContainerManager (StorageContainerManager.java:start(782)) - ScmBlockLocationProtocol RPC server is listening at /0.0.0.0:42056
2019-10-15 04:13:57,094 [main] INFO  server.SCMBlockProtocolServer (SCMBlockProtocolServer.java:start(146)) - RPC server for Block Protocol is listening at /0.0.0.0:42056
2019-10-15 04:13:57,094 [IPC Server listener on 42056] INFO  ipc.Server (Server.java:run(1153)) - IPC Server listener on 42056: starting
2019-10-15 04:13:57,095 [IPC Server Responder] INFO  ipc.Server (Server.java:run(1314)) - IPC Server Responder: starting
2019-10-15 04:13:57,103 [main] INFO  server.StorageContainerManager (StorageContainerManager.java:start(786)) - ScmDatanodeProtocl RPC server is listening at /0.0.0.0:33625
2019-10-15 04:13:57,103 [main] INFO  server.SCMDatanodeProtocolServer (SCMDatanodeProtocolServer.java:start(169)) - RPC server for DataNodes is listening at /0.0.0.0:33625
2019-10-15 04:13:57,104 [IPC Server Responder] INFO  ipc.Server (Server.java:run(1314)) - IPC Server Responder: starting
2019-10-15 04:13:57,104 [IPC Server listener on 33625] INFO  ipc.Server (Server.java:run(1153)) - IPC Server listener on 33625: starting
2019-10-15 04:13:57,106 [main] INFO  http.HttpServer2 (HttpServer2.java:bindListener(1191)) - Jetty bound to port 35049
2019-10-15 04:13:57,106 [main] INFO  server.Server (Server.java:doStart(351)) - jetty-9.3.25.v20180904, build timestamp: 2018-09-04T21:11:46Z, git hash: 3ce520221d0240229c862b122d2b06c12a625732
2019-10-15 04:13:57,108 [main] INFO  handler.ContextHandler (ContextHandler.java:doStart(781)) - Started o.e.j.s.ServletContextHandler@280fafd{/logs,file:///workdir/hadoop-ozone/integration-test/target/log,AVAILABLE}
2019-10-15 04:13:57,109 [main] INFO  handler.ContextHandler (ContextHandler.java:doStart(781)) - Started o.e.j.s.ServletContextHandler@14b275bd{/static,file:///workdir/hadoop-ozone/integration-test/target/test-classes/webapps/static,AVAILABLE}
2019-10-15 04:13:57,112 [main] INFO  handler.ContextHandler (ContextHandler.java:doStart(781)) - Started o.e.j.w.WebAppContext@45801322{/,file:///workdir/hadoop-ozone/integration-test/target/test-classes/webapps/scm/,AVAILABLE}{/scm}
2019-10-15 04:13:57,112 [main] INFO  server.AbstractConnector (AbstractConnector.java:doStart(278)) - Started ServerConnector@756b2d90{HTTP/1.1,[http/1.1]}{0.0.0.0:35049}
2019-10-15 04:13:57,113 [main] INFO  server.Server (Server.java:doStart(419)) - Started @242332ms
2019-10-15 04:13:57,113 [main] WARN  impl.MetricsSystemImpl (MetricsSystemImpl.java:register(276)) - Sink prometheus already exists!
2019-10-15 04:13:57,114 [main] INFO  server.BaseHttpServer (BaseHttpServer.java:updateConnectorAddress(215)) - HTTP server of SCM is listening at http://0.0.0.0:35049
2019-10-15 04:13:57,115 [main] WARN  server.ServerUtils (ServerUtils.java:getDBPath(222)) - ozone.om.db.dirs is not configured. We recommend adding this setting. Falling back to ozone.metadata.dirs instead.
2019-10-15 04:13:57,115 [org.apache.hadoop.util.JvmPauseMonitor$Monitor@6cc64028] INFO  util.JvmPauseMonitor (JvmPauseMonitor.java:run(188)) - Starting JVM pause monitor
2019-10-15 04:13:57,157 [main] INFO  ha.OMHANodeDetails (OMHANodeDetails.java:loadOMHAConfig(190)) - Configuration either no ozone.om.address set. Falling back to the default OM address /127.0.0.1:0
2019-10-15 04:13:57,158 [main] INFO  ha.OMHANodeDetails (OMHANodeDetails.java:getOMNodeDetails(220)) - OM Service ID is not set. Setting it to the default ID: omServiceIdDefault
2019-10-15 04:13:57,158 [main] WARN  server.ServerUtils (ServerUtils.java:getDBPath(222)) - ozone.om.db.dirs is not configured. We recommend adding this setting. Falling back to ozone.metadata.dirs instead.
2019-10-15 04:13:57,159 [main] WARN  server.ServerUtils (ServerUtils.java:getDBPath(222)) - ozone.om.db.dirs is not configured. We recommend adding this setting. Falling back to ozone.metadata.dirs instead.
2019-10-15 04:13:57,171 [main] WARN  server.ServerUtils (ServerUtils.java:getDBPath(222)) - ozone.om.db.dirs is not configured. We recommend adding this setting. Falling back to ozone.metadata.dirs instead.
2019-10-15 04:13:57,172 [main] INFO  db.DBStoreBuilder (DBStoreBuilder.java:addTable(117)) - using custom profile for table: userTable
2019-10-15 04:13:57,172 [main] INFO  db.DBStoreBuilder (DBStoreBuilder.java:processTables(168)) - Using default column profile:DBProfile.DISK for Table:userTable
2019-10-15 04:13:57,172 [main] INFO  db.DBStoreBuilder (DBStoreBuilder.java:addTable(117)) - using custom profile for table: volumeTable
2019-10-15 04:13:57,172 [main] INFO  db.DBStoreBuilder (DBStoreBuilder.java:processTables(168)) - Using default column profile:DBProfile.DISK for Table:volumeTable
2019-10-15 04:13:57,172 [main] INFO  db.DBStoreBuilder (DBStoreBuilder.java:addTable(117)) - using custom profile for table: bucketTable
2019-10-15 04:13:57,172 [main] INFO  db.DBStoreBuilder (DBStoreBuilder.java:processTables(168)) - Using default column profile:DBProfile.DISK for Table:bucketTable
2019-10-15 04:13:57,173 [main] INFO  db.DBStoreBuilder (DBStoreBuilder.java:addTable(117)) - using custom profile for table: keyTable
2019-10-15 04:13:57,173 [main] INFO  db.DBStoreBuilder (DBStoreBuilder.java:processTables(168)) - Using default column profile:DBProfile.DISK for Table:keyTable
2019-10-15 04:13:57,173 [main] INFO  db.DBStoreBuilder (DBStoreBuilder.java:addTable(117)) - using custom profile for table: deletedTable
2019-10-15 04:13:57,173 [main] INFO  db.DBStoreBuilder (DBStoreBuilder.java:processTables(168)) - Using default column profile:DBProfile.DISK for Table:deletedTable
2019-10-15 04:13:57,173 [main] INFO  db.DBStoreBuilder (DBStoreBuilder.java:addTable(117)) - using custom profile for table: openKeyTable
2019-10-15 04:13:57,174 [main] INFO  db.DBStoreBuilder (DBStoreBuilder.java:processTables(168)) - Using default column profile:DBProfile.DISK for Table:openKeyTable
2019-10-15 04:13:57,174 [main] INFO  db.DBStoreBuilder (DBStoreBuilder.java:addTable(117)) - using custom profile for table: s3Table
2019-10-15 04:13:57,174 [main] INFO  db.DBStoreBuilder (DBStoreBuilder.java:processTables(168)) - Using default column profile:DBProfile.DISK for Table:s3Table
2019-10-15 04:13:57,174 [main] INFO  db.DBStoreBuilder (DBStoreBuilder.java:addTable(117)) - using custom profile for table: multipartInfoTable
2019-10-15 04:13:57,174 [main] INFO  db.DBStoreBuilder (DBStoreBuilder.java:processTables(168)) - Using default column profile:DBProfile.DISK for Table:multipartInfoTable
2019-10-15 04:13:57,175 [main] INFO  db.DBStoreBuilder (DBStoreBuilder.java:addTable(117)) - using custom profile for table: dTokenTable
2019-10-15 04:13:57,175 [main] INFO  db.DBStoreBuilder (DBStoreBuilder.java:processTables(168)) - Using default column profile:DBProfile.DISK for Table:dTokenTable
2019-10-15 04:13:57,175 [main] INFO  db.DBStoreBuilder (DBStoreBuilder.java:addTable(117)) - using custom profile for table: s3SecretTable
2019-10-15 04:13:57,175 [main] INFO  db.DBStoreBuilder (DBStoreBuilder.java:processTables(168)) - Using default column profile:DBProfile.DISK for Table:s3SecretTable
2019-10-15 04:13:57,175 [main] INFO  db.DBStoreBuilder (DBStoreBuilder.java:addTable(117)) - using custom profile for table: prefixTable
2019-10-15 04:13:57,176 [main] INFO  db.DBStoreBuilder (DBStoreBuilder.java:processTables(168)) - Using default column profile:DBProfile.DISK for Table:prefixTable
2019-10-15 04:13:57,176 [main] INFO  db.DBStoreBuilder (DBStoreBuilder.java:addTable(117)) - using custom profile for table: default
2019-10-15 04:13:57,176 [main] INFO  db.DBStoreBuilder (DBStoreBuilder.java:processTables(174)) - Using default column profile:DBProfile.DISK for Table:default
2019-10-15 04:13:57,176 [main] INFO  db.DBStoreBuilder (DBStoreBuilder.java:getDbProfile(205)) - Using default options. DBProfile.DISK
2019-10-15 04:13:58,612 [main] INFO  ipc.CallQueueManager (CallQueueManager.java:<init>(84)) - Using callQueue: class java.util.concurrent.LinkedBlockingQueue, queueCapacity: 2000, scheduler: class org.apache.hadoop.ipc.DefaultRpcScheduler, ipcBackoff: false.
2019-10-15 04:13:58,613 [Socket Reader #1 for port 35578] INFO  ipc.Server (Server.java:run(1074)) - Starting Socket Reader #1 for port 35578
2019-10-15 04:13:58,633 [main] INFO  om.OzoneManager (OzoneManager.java:start(1071)) - OzoneManager RPC server is listening at localhost/127.0.0.1:35578
2019-10-15 04:13:58,634 [main] INFO  impl.MetricsSystemImpl (MetricsSystemImpl.java:init(158)) - OzoneManager metrics system started (again)
2019-10-15 04:13:58,635 [IPC Server Responder] INFO  ipc.Server (Server.java:run(1314)) - IPC Server Responder: starting
2019-10-15 04:13:58,635 [IPC Server listener on 35578] INFO  ipc.Server (Server.java:run(1153)) - IPC Server listener on 35578: starting
2019-10-15 04:13:58,641 [main] INFO  hdfs.DFSUtil (DFSUtil.java:httpServerTemplateForNNAndJN(1641)) - Starting Web-server for ozoneManager at: http://0.0.0.0:0
2019-10-15 04:13:58,642 [main] INFO  server.AuthenticationFilter (AuthenticationFilter.java:constructSecretProvider(240)) - Unable to initialize FileSignerSecretProvider, falling back to use random secrets.
2019-10-15 04:13:58,643 [main] WARN  http.HttpRequestLog (HttpRequestLog.java:getRequestLog(97)) - Jetty request log can only be enabled using Log4j
2019-10-15 04:13:58,644 [main] INFO  http.HttpServer2 (HttpServer2.java:addGlobalFilter(975)) - Added global filter 'safety' (class=org.apache.hadoop.http.HttpServer2$QuotingInputFilter)
2019-10-15 04:13:58,644 [main] INFO  http.HttpServer2 (HttpServer2.java:addFilter(948)) - Added filter static_user_filter (class=org.apache.hadoop.http.lib.StaticUserWebFilter$StaticUserFilter) to context ozoneManager
2019-10-15 04:13:58,645 [main] INFO  http.HttpServer2 (HttpServer2.java:addFilter(958)) - Added filter static_user_filter (class=org.apache.hadoop.http.lib.StaticUserWebFilter$StaticUserFilter) to context static
2019-10-15 04:13:58,645 [main] INFO  http.HttpServer2 (HttpServer2.java:addFilter(958)) - Added filter static_user_filter (class=org.apache.hadoop.http.lib.StaticUserWebFilter$StaticUserFilter) to context logs
2019-10-15 04:13:58,645 [main] INFO  http.HttpServer2 (HttpServer2.java:bindListener(1191)) - Jetty bound to port 37851
2019-10-15 04:13:58,645 [main] INFO  server.Server (Server.java:doStart(351)) - jetty-9.3.25.v20180904, build timestamp: 2018-09-04T21:11:46Z, git hash: 3ce520221d0240229c862b122d2b06c12a625732
2019-10-15 04:13:58,647 [main] INFO  handler.ContextHandler (ContextHandler.java:doStart(781)) - Started o.e.j.s.ServletContextHandler@5287ba5f{/logs,file:///workdir/hadoop-ozone/integration-test/target/log,AVAILABLE}
2019-10-15 04:13:58,647 [main] INFO  handler.ContextHandler (ContextHandler.java:doStart(781)) - Started o.e.j.s.ServletContextHandler@6897a4a{/static,file:///workdir/hadoop-ozone/integration-test/target/test-classes/webapps/static,AVAILABLE}
2019-10-15 04:13:58,651 [main] INFO  handler.ContextHandler (ContextHandler.java:doStart(781)) - Started o.e.j.w.WebAppContext@53dd42d6{/,file:///workdir/hadoop-ozone/integration-test/target/test-classes/webapps/ozoneManager/,AVAILABLE}{/ozoneManager}
2019-10-15 04:13:58,651 [main] INFO  server.AbstractConnector (AbstractConnector.java:doStart(278)) - Started ServerConnector@1e76afeb{HTTP/1.1,[http/1.1]}{0.0.0.0:37851}
2019-10-15 04:13:58,653 [main] INFO  server.Server (Server.java:doStart(419)) - Started @243872ms
2019-10-15 04:13:58,653 [main] WARN  impl.MetricsSystemImpl (MetricsSystemImpl.java:register(276)) - Sink prometheus already exists!
2019-10-15 04:13:58,654 [main] INFO  server.BaseHttpServer (BaseHttpServer.java:updateConnectorAddress(215)) - HTTP server of OZONEMANAGER is listening at http://0.0.0.0:37851
2019-10-15 04:13:58,667 [main] INFO  impl.MetricsSystemImpl (MetricsSystemImpl.java:init(158)) - HddsDatanode metrics system started (again)
2019-10-15 04:13:58,670 [main] INFO  ozone.HddsDatanodeService (HddsDatanodeService.java:start(184)) - HddsDatanodeService host:pr-hdds-2194-5wssm-2368079274 ip:192.168.151.96
2019-10-15 04:13:58,677 [main] INFO  volume.HddsVolume (HddsVolume.java:<init>(176)) - Creating Volume: /workdir/hadoop-ozone/integration-test/target/test-dir/MiniOzoneClusterImpl-d45ffd01-825f-4527-9b26-6ed3d9db6876/datanode-0/data/containers/hdds of  storage type : DISK and capacity : 1482555576320
2019-10-15 04:13:58,677 [main] INFO  volume.VolumeSet (VolumeSet.java:initializeVolumeSet(170)) - Added Volume : /workdir/hadoop-ozone/integration-test/target/test-dir/MiniOzoneClusterImpl-d45ffd01-825f-4527-9b26-6ed3d9db6876/datanode-0/data/containers/hdds to VolumeSet
2019-10-15 04:13:58,677 [main] INFO  volume.ThrottledAsyncChecker (ThrottledAsyncChecker.java:schedule(141)) - Scheduling a check for org.apache.hadoop.ozone.container.common.volume.HddsVolume@1a2ac487
2019-10-15 04:13:58,678 [main] INFO  volume.HddsVolumeChecker (HddsVolumeChecker.java:checkAllVolumes(204)) - Scheduled health check for volume org.apache.hadoop.ozone.container.common.volume.HddsVolume@1a2ac487
2019-10-15 04:13:58,692 [main] INFO  impl.RaftServerProxy (ConfUtils.java:logGet(43)) - raft.rpc.type = GRPC (default)
2019-10-15 04:13:58,692 [main] INFO  grpc.GrpcFactory (GrpcFactory.java:checkPooledByteBufAllocatorUseCacheForAllThreads(45)) - PERFORMANCE WARNING: useCacheForAllThreads is true that may cause Netty to create a lot garbage objects and, as a result, trigger GC.
	It is recommended to disable useCacheForAllThreads by setting -Dorg.apache.ratis.thirdparty.io.netty.allocator.useCacheForAllThreads=false in command line.
2019-10-15 04:13:58,692 [main] INFO  grpc.GrpcConfigKeys$Server (ConfUtils.java:logGet(43)) - raft.grpc.server.port = 0 (default)
2019-10-15 04:13:58,692 [main] INFO  server.GrpcService (ConfUtils.java:logGet(43)) - raft.grpc.message.size.max = 33570816 (custom)
2019-10-15 04:13:58,693 [main] INFO  server.RaftServerConfigKeys (ConfUtils.java:logGet(43)) - raft.server.log.appender.buffer.byte-limit = 33554432 (custom)
2019-10-15 04:13:58,693 [main] INFO  server.GrpcService (ConfUtils.java:logGet(43)) - raft.grpc.flow.control.window = 1MB (=1048576) (default)
2019-10-15 04:13:58,693 [main] INFO  server.RaftServerConfigKeys (ConfUtils.java:logGet(43)) - raft.server.rpc.request.timeout = 3000ms (default)
2019-10-15 04:13:58,693 [main] INFO  server.RaftServerConfigKeys (ConfUtils.java:logGet(43)) - raft.server.storage.dir = [/workdir/hadoop-ozone/integration-test/target/test-dir/MiniOzoneClusterImpl-d45ffd01-825f-4527-9b26-6ed3d9db6876/datanode-0/data/ratis] (custom)
2019-10-15 04:13:58,695 [main] INFO  hdfs.DFSUtil (DFSUtil.java:httpServerTemplateForNNAndJN(1641)) - Starting Web-server for hddsDatanode at: http://0.0.0.0:0
2019-10-15 04:13:58,696 [main] INFO  server.AuthenticationFilter (AuthenticationFilter.java:constructSecretProvider(240)) - Unable to initialize FileSignerSecretProvider, falling back to use random secrets.
2019-10-15 04:13:58,696 [main] WARN  http.HttpRequestLog (HttpRequestLog.java:getRequestLog(97)) - Jetty request log can only be enabled using Log4j
2019-10-15 04:13:58,697 [main] INFO  http.HttpServer2 (HttpServer2.java:addGlobalFilter(975)) - Added global filter 'safety' (class=org.apache.hadoop.http.HttpServer2$QuotingInputFilter)
2019-10-15 04:13:58,698 [main] INFO  http.HttpServer2 (HttpServer2.java:addFilter(948)) - Added filter static_user_filter (class=org.apache.hadoop.http.lib.StaticUserWebFilter$StaticUserFilter) to context hddsDatanode
2019-10-15 04:13:58,698 [main] INFO  http.HttpServer2 (HttpServer2.java:addFilter(958)) - Added filter static_user_filter (class=org.apache.hadoop.http.lib.StaticUserWebFilter$StaticUserFilter) to context logs
2019-10-15 04:13:58,698 [main] INFO  http.HttpServer2 (HttpServer2.java:addFilter(958)) - Added filter static_user_filter (class=org.apache.hadoop.http.lib.StaticUserWebFilter$StaticUserFilter) to context static
2019-10-15 04:13:58,699 [main] INFO  http.HttpServer2 (HttpServer2.java:bindListener(1191)) - Jetty bound to port 40123
2019-10-15 04:13:58,699 [main] INFO  server.Server (Server.java:doStart(351)) - jetty-9.3.25.v20180904, build timestamp: 2018-09-04T21:11:46Z, git hash: 3ce520221d0240229c862b122d2b06c12a625732
2019-10-15 04:13:58,700 [main] INFO  handler.ContextHandler (ContextHandler.java:doStart(781)) - Started o.e.j.s.ServletContextHandler@1cd2143b{/logs,file:///workdir/hadoop-ozone/integration-test/target/log,AVAILABLE}
2019-10-15 04:13:58,701 [main] INFO  handler.ContextHandler (ContextHandler.java:doStart(781)) - Started o.e.j.s.ServletContextHandler@601d6622{/static,jar:file:/home/user/.m2/repository/org/apache/hadoop/hadoop-hdds-container-service/0.5.0-SNAPSHOT/hadoop-hdds-container-service-0.5.0-SNAPSHOT.jar!/webapps/static,AVAILABLE}
2019-10-15 04:13:58,727 [main] INFO  handler.ContextHandler (ContextHandler.java:doStart(781)) - Started o.e.j.w.WebAppContext@372f0a99{/,file:///tmp/jetty-0.0.0.0-40123-hddsDatanode-_-any-2802208336442105647.dir/webapp/,AVAILABLE}{/hddsDatanode}
2019-10-15 04:13:58,727 [main] INFO  server.AbstractConnector (AbstractConnector.java:doStart(278)) - Started ServerConnector@16cf8438{HTTP/1.1,[http/1.1]}{0.0.0.0:40123}
2019-10-15 04:13:58,729 [main] INFO  server.Server (Server.java:doStart(419)) - Started @243948ms
2019-10-15 04:13:58,729 [main] WARN  impl.MetricsSystemImpl (MetricsSystemImpl.java:register(276)) - Sink prometheus already exists!
2019-10-15 04:13:58,730 [main] INFO  server.BaseHttpServer (BaseHttpServer.java:updateConnectorAddress(215)) - HTTP server of HDDSDATANODE is listening at http://0.0.0.0:40123
2019-10-15 04:13:58,730 [main] INFO  impl.MetricsSystemImpl (MetricsSystemImpl.java:init(158)) - HddsDatanode metrics system started (again)
2019-10-15 04:13:58,733 [org.apache.hadoop.util.JvmPauseMonitor$Monitor@4fca8118] INFO  util.JvmPauseMonitor (JvmPauseMonitor.java:run(188)) - Starting JVM pause monitor
2019-10-15 04:13:58,734 [main] INFO  ozone.HddsDatanodeService (HddsDatanodeService.java:start(184)) - HddsDatanodeService host:pr-hdds-2194-5wssm-2368079274 ip:192.168.151.96
2019-10-15 04:13:58,735 [Datanode State Machine Thread - 0] INFO  datanode.InitDatanodeState (InitDatanodeState.java:persistContainerDatanodeDetails(140)) - DatanodeDetails is persisted to /workdir/hadoop-ozone/integration-test/target/test-dir/MiniOzoneClusterImpl-d45ffd01-825f-4527-9b26-6ed3d9db6876/datanode-0/meta/datanode.id
2019-10-15 04:13:58,739 [main] INFO  volume.HddsVolume (HddsVolume.java:<init>(176)) - Creating Volume: /workdir/hadoop-ozone/integration-test/target/test-dir/MiniOzoneClusterImpl-d45ffd01-825f-4527-9b26-6ed3d9db6876/datanode-1/data/containers/hdds of  storage type : DISK and capacity : 1482555576320
2019-10-15 04:13:58,739 [main] INFO  volume.VolumeSet (VolumeSet.java:initializeVolumeSet(170)) - Added Volume : /workdir/hadoop-ozone/integration-test/target/test-dir/MiniOzoneClusterImpl-d45ffd01-825f-4527-9b26-6ed3d9db6876/datanode-1/data/containers/hdds to VolumeSet
2019-10-15 04:13:58,739 [main] INFO  volume.ThrottledAsyncChecker (ThrottledAsyncChecker.java:schedule(141)) - Scheduling a check for org.apache.hadoop.ozone.container.common.volume.HddsVolume@4c18516
2019-10-15 04:13:58,740 [main] INFO  volume.HddsVolumeChecker (HddsVolumeChecker.java:checkAllVolumes(204)) - Scheduled health check for volume org.apache.hadoop.ozone.container.common.volume.HddsVolume@4c18516
2019-10-15 04:13:58,752 [main] INFO  impl.RaftServerProxy (ConfUtils.java:logGet(43)) - raft.rpc.type = GRPC (default)
2019-10-15 04:13:58,753 [main] INFO  grpc.GrpcFactory (GrpcFactory.java:checkPooledByteBufAllocatorUseCacheForAllThreads(45)) - PERFORMANCE WARNING: useCacheForAllThreads is true that may cause Netty to create a lot garbage objects and, as a result, trigger GC.
	It is recommended to disable useCacheForAllThreads by setting -Dorg.apache.ratis.thirdparty.io.netty.allocator.useCacheForAllThreads=false in command line.
2019-10-15 04:13:58,753 [main] INFO  grpc.GrpcConfigKeys$Server (ConfUtils.java:logGet(43)) - raft.grpc.server.port = 0 (default)
2019-10-15 04:13:58,753 [main] INFO  server.GrpcService (ConfUtils.java:logGet(43)) - raft.grpc.message.size.max = 33570816 (custom)
2019-10-15 04:13:58,753 [main] INFO  server.RaftServerConfigKeys (ConfUtils.java:logGet(43)) - raft.server.log.appender.buffer.byte-limit = 33554432 (custom)
2019-10-15 04:13:58,753 [main] INFO  server.GrpcService (ConfUtils.java:logGet(43)) - raft.grpc.flow.control.window = 1MB (=1048576) (default)
2019-10-15 04:13:58,753 [main] INFO  server.RaftServerConfigKeys (ConfUtils.java:logGet(43)) - raft.server.rpc.request.timeout = 3000ms (default)
2019-10-15 04:13:58,754 [main] INFO  server.RaftServerConfigKeys (ConfUtils.java:logGet(43)) - raft.server.storage.dir = [/workdir/hadoop-ozone/integration-test/target/test-dir/MiniOzoneClusterImpl-d45ffd01-825f-4527-9b26-6ed3d9db6876/datanode-1/data/ratis] (custom)
2019-10-15 04:13:58,756 [main] INFO  hdfs.DFSUtil (DFSUtil.java:httpServerTemplateForNNAndJN(1641)) - Starting Web-server for hddsDatanode at: http://0.0.0.0:0
2019-10-15 04:13:58,759 [main] INFO  server.AuthenticationFilter (AuthenticationFilter.java:constructSecretProvider(240)) - Unable to initialize FileSignerSecretProvider, falling back to use random secrets.
2019-10-15 04:13:58,760 [main] WARN  http.HttpRequestLog (HttpRequestLog.java:getRequestLog(97)) - Jetty request log can only be enabled using Log4j
2019-10-15 04:13:58,761 [main] INFO  http.HttpServer2 (HttpServer2.java:addGlobalFilter(975)) - Added global filter 'safety' (class=org.apache.hadoop.http.HttpServer2$QuotingInputFilter)
2019-10-15 04:13:58,762 [main] INFO  http.HttpServer2 (HttpServer2.java:addFilter(948)) - Added filter static_user_filter (class=org.apache.hadoop.http.lib.StaticUserWebFilter$StaticUserFilter) to context hddsDatanode
2019-10-15 04:13:58,762 [main] INFO  http.HttpServer2 (HttpServer2.java:addFilter(958)) - Added filter static_user_filter (class=org.apache.hadoop.http.lib.StaticUserWebFilter$StaticUserFilter) to context logs
2019-10-15 04:13:58,762 [main] INFO  http.HttpServer2 (HttpServer2.java:addFilter(958)) - Added filter static_user_filter (class=org.apache.hadoop.http.lib.StaticUserWebFilter$StaticUserFilter) to context static
2019-10-15 04:13:58,763 [main] INFO  http.HttpServer2 (HttpServer2.java:bindListener(1191)) - Jetty bound to port 34362
2019-10-15 04:13:58,764 [main] INFO  server.Server (Server.java:doStart(351)) - jetty-9.3.25.v20180904, build timestamp: 2018-09-04T21:11:46Z, git hash: 3ce520221d0240229c862b122d2b06c12a625732
2019-10-15 04:13:58,765 [main] INFO  handler.ContextHandler (ContextHandler.java:doStart(781)) - Started o.e.j.s.ServletContextHandler@7b96de8d{/logs,file:///workdir/hadoop-ozone/integration-test/target/log,AVAILABLE}
2019-10-15 04:13:58,766 [main] INFO  handler.ContextHandler (ContextHandler.java:doStart(781)) - Started o.e.j.s.ServletContextHandler@4dc52559{/static,jar:file:/home/user/.m2/repository/org/apache/hadoop/hadoop-hdds-container-service/0.5.0-SNAPSHOT/hadoop-hdds-container-service-0.5.0-SNAPSHOT.jar!/webapps/static,AVAILABLE}
2019-10-15 04:13:58,792 [main] INFO  handler.ContextHandler (ContextHandler.java:doStart(781)) - Started o.e.j.w.WebAppContext@50598a1a{/,file:///tmp/jetty-0.0.0.0-34362-hddsDatanode-_-any-3896096092898553534.dir/webapp/,AVAILABLE}{/hddsDatanode}
2019-10-15 04:13:58,792 [main] INFO  server.AbstractConnector (AbstractConnector.java:doStart(278)) - Started ServerConnector@14de1901{HTTP/1.1,[http/1.1]}{0.0.0.0:34362}
2019-10-15 04:13:58,795 [main] INFO  server.Server (Server.java:doStart(419)) - Started @244014ms
2019-10-15 04:13:58,795 [main] WARN  impl.MetricsSystemImpl (MetricsSystemImpl.java:register(276)) - Sink prometheus already exists!
2019-10-15 04:13:58,796 [main] INFO  server.BaseHttpServer (BaseHttpServer.java:updateConnectorAddress(215)) - HTTP server of HDDSDATANODE is listening at http://0.0.0.0:34362
2019-10-15 04:13:58,796 [main] INFO  impl.MetricsSystemImpl (MetricsSystemImpl.java:init(158)) - HddsDatanode metrics system started (again)
2019-10-15 04:13:58,800 [org.apache.hadoop.util.JvmPauseMonitor$Monitor@7135d13b] INFO  util.JvmPauseMonitor (JvmPauseMonitor.java:run(188)) - Starting JVM pause monitor
2019-10-15 04:13:58,801 [main] INFO  ozone.HddsDatanodeService (HddsDatanodeService.java:start(184)) - HddsDatanodeService host:pr-hdds-2194-5wssm-2368079274 ip:192.168.151.96
2019-10-15 04:13:58,802 [Datanode State Machine Thread - 0] INFO  datanode.InitDatanodeState (InitDatanodeState.java:persistContainerDatanodeDetails(140)) - DatanodeDetails is persisted to /workdir/hadoop-ozone/integration-test/target/test-dir/MiniOzoneClusterImpl-d45ffd01-825f-4527-9b26-6ed3d9db6876/datanode-1/meta/datanode.id
2019-10-15 04:13:58,807 [main] INFO  volume.HddsVolume (HddsVolume.java:<init>(176)) - Creating Volume: /workdir/hadoop-ozone/integration-test/target/test-dir/MiniOzoneClusterImpl-d45ffd01-825f-4527-9b26-6ed3d9db6876/datanode-2/data/containers/hdds of  storage type : DISK and capacity : 1482555576320
2019-10-15 04:13:58,807 [main] INFO  volume.VolumeSet (VolumeSet.java:initializeVolumeSet(170)) - Added Volume : /workdir/hadoop-ozone/integration-test/target/test-dir/MiniOzoneClusterImpl-d45ffd01-825f-4527-9b26-6ed3d9db6876/datanode-2/data/containers/hdds to VolumeSet
2019-10-15 04:13:58,807 [main] INFO  volume.ThrottledAsyncChecker (ThrottledAsyncChecker.java:schedule(141)) - Scheduling a check for org.apache.hadoop.ozone.container.common.volume.HddsVolume@6a09484c
2019-10-15 04:13:58,808 [main] INFO  volume.HddsVolumeChecker (HddsVolumeChecker.java:checkAllVolumes(204)) - Scheduled health check for volume org.apache.hadoop.ozone.container.common.volume.HddsVolume@6a09484c
2019-10-15 04:13:58,821 [main] INFO  impl.RaftServerProxy (ConfUtils.java:logGet(43)) - raft.rpc.type = GRPC (default)
2019-10-15 04:13:58,821 [main] INFO  grpc.GrpcFactory (GrpcFactory.java:checkPooledByteBufAllocatorUseCacheForAllThreads(45)) - PERFORMANCE WARNING: useCacheForAllThreads is true that may cause Netty to create a lot garbage objects and, as a result, trigger GC.
	It is recommended to disable useCacheForAllThreads by setting -Dorg.apache.ratis.thirdparty.io.netty.allocator.useCacheForAllThreads=false in command line.
2019-10-15 04:13:58,822 [main] INFO  grpc.GrpcConfigKeys$Server (ConfUtils.java:logGet(43)) - raft.grpc.server.port = 0 (default)
2019-10-15 04:13:58,822 [main] INFO  server.GrpcService (ConfUtils.java:logGet(43)) - raft.grpc.message.size.max = 33570816 (custom)
2019-10-15 04:13:58,822 [main] INFO  server.RaftServerConfigKeys (ConfUtils.java:logGet(43)) - raft.server.log.appender.buffer.byte-limit = 33554432 (custom)
2019-10-15 04:13:58,822 [main] INFO  server.GrpcService (ConfUtils.java:logGet(43)) - raft.grpc.flow.control.window = 1MB (=1048576) (default)
2019-10-15 04:13:58,822 [main] INFO  server.RaftServerConfigKeys (ConfUtils.java:logGet(43)) - raft.server.rpc.request.timeout = 3000ms (default)
2019-10-15 04:13:58,823 [main] INFO  server.RaftServerConfigKeys (ConfUtils.java:logGet(43)) - raft.server.storage.dir = [/workdir/hadoop-ozone/integration-test/target/test-dir/MiniOzoneClusterImpl-d45ffd01-825f-4527-9b26-6ed3d9db6876/datanode-2/data/ratis] (custom)
2019-10-15 04:13:58,824 [main] INFO  hdfs.DFSUtil (DFSUtil.java:httpServerTemplateForNNAndJN(1641)) - Starting Web-server for hddsDatanode at: http://0.0.0.0:0
2019-10-15 04:13:58,825 [main] INFO  server.AuthenticationFilter (AuthenticationFilter.java:constructSecretProvider(240)) - Unable to initialize FileSignerSecretProvider, falling back to use random secrets.
2019-10-15 04:13:58,825 [main] WARN  http.HttpRequestLog (HttpRequestLog.java:getRequestLog(97)) - Jetty request log can only be enabled using Log4j
2019-10-15 04:13:58,826 [main] INFO  http.HttpServer2 (HttpServer2.java:addGlobalFilter(975)) - Added global filter 'safety' (class=org.apache.hadoop.http.HttpServer2$QuotingInputFilter)
2019-10-15 04:13:58,826 [main] INFO  http.HttpServer2 (HttpServer2.java:addFilter(948)) - Added filter static_user_filter (class=org.apache.hadoop.http.lib.StaticUserWebFilter$StaticUserFilter) to context hddsDatanode
2019-10-15 04:13:58,826 [main] INFO  http.HttpServer2 (HttpServer2.java:addFilter(958)) - Added filter static_user_filter (class=org.apache.hadoop.http.lib.StaticUserWebFilter$StaticUserFilter) to context logs
2019-10-15 04:13:58,826 [main] INFO  http.HttpServer2 (HttpServer2.java:addFilter(958)) - Added filter static_user_filter (class=org.apache.hadoop.http.lib.StaticUserWebFilter$StaticUserFilter) to context static
2019-10-15 04:13:58,827 [main] INFO  http.HttpServer2 (HttpServer2.java:bindListener(1191)) - Jetty bound to port 42932
2019-10-15 04:13:58,827 [main] INFO  server.Server (Server.java:doStart(351)) - jetty-9.3.25.v20180904, build timestamp: 2018-09-04T21:11:46Z, git hash: 3ce520221d0240229c862b122d2b06c12a625732
2019-10-15 04:13:58,828 [main] INFO  handler.ContextHandler (ContextHandler.java:doStart(781)) - Started o.e.j.s.ServletContextHandler@61359e87{/logs,file:///workdir/hadoop-ozone/integration-test/target/log,AVAILABLE}
2019-10-15 04:13:58,829 [main] INFO  handler.ContextHandler (ContextHandler.java:doStart(781)) - Started o.e.j.s.ServletContextHandler@45037e16{/static,jar:file:/home/user/.m2/repository/org/apache/hadoop/hadoop-hdds-container-service/0.5.0-SNAPSHOT/hadoop-hdds-container-service-0.5.0-SNAPSHOT.jar!/webapps/static,AVAILABLE}
2019-10-15 04:13:58,854 [main] INFO  handler.ContextHandler (ContextHandler.java:doStart(781)) - Started o.e.j.w.WebAppContext@34279b8a{/,file:///tmp/jetty-0.0.0.0-42932-hddsDatanode-_-any-4886894699468682371.dir/webapp/,AVAILABLE}{/hddsDatanode}
2019-10-15 04:13:58,854 [main] INFO  server.AbstractConnector (AbstractConnector.java:doStart(278)) - Started ServerConnector@687389a6{HTTP/1.1,[http/1.1]}{0.0.0.0:42932}
2019-10-15 04:13:58,855 [main] INFO  server.Server (Server.java:doStart(419)) - Started @244075ms
2019-10-15 04:13:58,856 [main] WARN  impl.MetricsSystemImpl (MetricsSystemImpl.java:register(276)) - Sink prometheus already exists!
2019-10-15 04:13:58,856 [main] INFO  server.BaseHttpServer (BaseHttpServer.java:updateConnectorAddress(215)) - HTTP server of HDDSDATANODE is listening at http://0.0.0.0:42932
2019-10-15 04:13:58,856 [main] INFO  impl.MetricsSystemImpl (MetricsSystemImpl.java:init(158)) - HddsDatanode metrics system started (again)
2019-10-15 04:13:58,860 [org.apache.hadoop.util.JvmPauseMonitor$Monitor@6a9b85c0] INFO  util.JvmPauseMonitor (JvmPauseMonitor.java:run(188)) - Starting JVM pause monitor
2019-10-15 04:13:58,861 [main] INFO  ozone.HddsDatanodeService (HddsDatanodeService.java:start(184)) - HddsDatanodeService host:pr-hdds-2194-5wssm-2368079274 ip:192.168.151.96
2019-10-15 04:13:58,861 [Datanode State Machine Thread - 0] INFO  datanode.InitDatanodeState (InitDatanodeState.java:persistContainerDatanodeDetails(140)) - DatanodeDetails is persisted to /workdir/hadoop-ozone/integration-test/target/test-dir/MiniOzoneClusterImpl-d45ffd01-825f-4527-9b26-6ed3d9db6876/datanode-2/meta/datanode.id
2019-10-15 04:13:58,867 [main] INFO  volume.HddsVolume (HddsVolume.java:<init>(176)) - Creating Volume: /workdir/hadoop-ozone/integration-test/target/test-dir/MiniOzoneClusterImpl-d45ffd01-825f-4527-9b26-6ed3d9db6876/datanode-3/data/containers/hdds of  storage type : DISK and capacity : 1482555576320
2019-10-15 04:13:58,867 [main] INFO  volume.VolumeSet (VolumeSet.java:initializeVolumeSet(170)) - Added Volume : /workdir/hadoop-ozone/integration-test/target/test-dir/MiniOzoneClusterImpl-d45ffd01-825f-4527-9b26-6ed3d9db6876/datanode-3/data/containers/hdds to VolumeSet
2019-10-15 04:13:58,867 [main] INFO  volume.ThrottledAsyncChecker (ThrottledAsyncChecker.java:schedule(141)) - Scheduling a check for org.apache.hadoop.ozone.container.common.volume.HddsVolume@681061d6
2019-10-15 04:13:58,868 [main] INFO  volume.HddsVolumeChecker (HddsVolumeChecker.java:checkAllVolumes(204)) - Scheduled health check for volume org.apache.hadoop.ozone.container.common.volume.HddsVolume@681061d6
2019-10-15 04:13:58,887 [main] INFO  impl.RaftServerProxy (ConfUtils.java:logGet(43)) - raft.rpc.type = GRPC (default)
2019-10-15 04:13:58,887 [main] INFO  grpc.GrpcFactory (GrpcFactory.java:checkPooledByteBufAllocatorUseCacheForAllThreads(45)) - PERFORMANCE WARNING: useCacheForAllThreads is true that may cause Netty to create a lot garbage objects and, as a result, trigger GC.
	It is recommended to disable useCacheForAllThreads by setting -Dorg.apache.ratis.thirdparty.io.netty.allocator.useCacheForAllThreads=false in command line.
2019-10-15 04:13:58,887 [main] INFO  grpc.GrpcConfigKeys$Server (ConfUtils.java:logGet(43)) - raft.grpc.server.port = 0 (default)
2019-10-15 04:13:58,887 [main] INFO  server.GrpcService (ConfUtils.java:logGet(43)) - raft.grpc.message.size.max = 33570816 (custom)
2019-10-15 04:13:58,888 [main] INFO  server.RaftServerConfigKeys (ConfUtils.java:logGet(43)) - raft.server.log.appender.buffer.byte-limit = 33554432 (custom)
2019-10-15 04:13:58,888 [main] INFO  server.GrpcService (ConfUtils.java:logGet(43)) - raft.grpc.flow.control.window = 1MB (=1048576) (default)
2019-10-15 04:13:58,888 [main] INFO  server.RaftServerConfigKeys (ConfUtils.java:logGet(43)) - raft.server.rpc.request.timeout = 3000ms (default)
2019-10-15 04:13:58,889 [main] INFO  server.RaftServerConfigKeys (ConfUtils.java:logGet(43)) - raft.server.storage.dir = [/workdir/hadoop-ozone/integration-test/target/test-dir/MiniOzoneClusterImpl-d45ffd01-825f-4527-9b26-6ed3d9db6876/datanode-3/data/ratis] (custom)
2019-10-15 04:13:58,890 [main] INFO  hdfs.DFSUtil (DFSUtil.java:httpServerTemplateForNNAndJN(1641)) - Starting Web-server for hddsDatanode at: http://0.0.0.0:0
2019-10-15 04:13:58,891 [main] INFO  server.AuthenticationFilter (AuthenticationFilter.java:constructSecretProvider(240)) - Unable to initialize FileSignerSecretProvider, falling back to use random secrets.
2019-10-15 04:13:58,891 [main] WARN  http.HttpRequestLog (HttpRequestLog.java:getRequestLog(97)) - Jetty request log can only be enabled using Log4j
2019-10-15 04:13:58,892 [main] INFO  http.HttpServer2 (HttpServer2.java:addGlobalFilter(975)) - Added global filter 'safety' (class=org.apache.hadoop.http.HttpServer2$QuotingInputFilter)
2019-10-15 04:13:58,893 [main] INFO  http.HttpServer2 (HttpServer2.java:addFilter(948)) - Added filter static_user_filter (class=org.apache.hadoop.http.lib.StaticUserWebFilter$StaticUserFilter) to context hddsDatanode
2019-10-15 04:13:58,893 [main] INFO  http.HttpServer2 (HttpServer2.java:addFilter(958)) - Added filter static_user_filter (class=org.apache.hadoop.http.lib.StaticUserWebFilter$StaticUserFilter) to context static
2019-10-15 04:13:58,893 [main] INFO  http.HttpServer2 (HttpServer2.java:addFilter(958)) - Added filter static_user_filter (class=org.apache.hadoop.http.lib.StaticUserWebFilter$StaticUserFilter) to context logs
2019-10-15 04:13:58,894 [main] INFO  http.HttpServer2 (HttpServer2.java:bindListener(1191)) - Jetty bound to port 44786
2019-10-15 04:13:58,894 [main] INFO  server.Server (Server.java:doStart(351)) - jetty-9.3.25.v20180904, build timestamp: 2018-09-04T21:11:46Z, git hash: 3ce520221d0240229c862b122d2b06c12a625732
2019-10-15 04:13:58,895 [main] INFO  handler.ContextHandler (ContextHandler.java:doStart(781)) - Started o.e.j.s.ServletContextHandler@599f1b7{/logs,file:///workdir/hadoop-ozone/integration-test/target/log,AVAILABLE}
2019-10-15 04:13:58,895 [main] INFO  handler.ContextHandler (ContextHandler.java:doStart(781)) - Started o.e.j.s.ServletContextHandler@64f4f12{/static,jar:file:/home/user/.m2/repository/org/apache/hadoop/hadoop-hdds-container-service/0.5.0-SNAPSHOT/hadoop-hdds-container-service-0.5.0-SNAPSHOT.jar!/webapps/static,AVAILABLE}
2019-10-15 04:13:58,922 [main] INFO  handler.ContextHandler (ContextHandler.java:doStart(781)) - Started o.e.j.w.WebAppContext@6ac45c0c{/,file:///tmp/jetty-0.0.0.0-44786-hddsDatanode-_-any-4767042395234628600.dir/webapp/,AVAILABLE}{/hddsDatanode}
2019-10-15 04:13:58,922 [main] INFO  server.AbstractConnector (AbstractConnector.java:doStart(278)) - Started ServerConnector@12192604{HTTP/1.1,[http/1.1]}{0.0.0.0:44786}
2019-10-15 04:13:58,924 [main] INFO  server.Server (Server.java:doStart(419)) - Started @244143ms
2019-10-15 04:13:58,924 [main] WARN  impl.MetricsSystemImpl (MetricsSystemImpl.java:register(276)) - Sink prometheus already exists!
2019-10-15 04:13:58,924 [main] INFO  server.BaseHttpServer (BaseHttpServer.java:updateConnectorAddress(215)) - HTTP server of HDDSDATANODE is listening at http://0.0.0.0:44786
2019-10-15 04:13:58,925 [main] INFO  impl.MetricsSystemImpl (MetricsSystemImpl.java:init(158)) - HddsDatanode metrics system started (again)
2019-10-15 04:13:58,931 [org.apache.hadoop.util.JvmPauseMonitor$Monitor@7ec0a89] INFO  util.JvmPauseMonitor (JvmPauseMonitor.java:run(188)) - Starting JVM pause monitor
2019-10-15 04:13:58,932 [Datanode State Machine Thread - 0] INFO  datanode.InitDatanodeState (InitDatanodeState.java:persistContainerDatanodeDetails(140)) - DatanodeDetails is persisted to /workdir/hadoop-ozone/integration-test/target/test-dir/MiniOzoneClusterImpl-d45ffd01-825f-4527-9b26-6ed3d9db6876/datanode-3/meta/datanode.id
2019-10-15 04:13:58,932 [main] INFO  ozone.HddsDatanodeService (HddsDatanodeService.java:start(184)) - HddsDatanodeService host:pr-hdds-2194-5wssm-2368079274 ip:192.168.151.96
2019-10-15 04:13:58,939 [main] INFO  volume.HddsVolume (HddsVolume.java:<init>(176)) - Creating Volume: /workdir/hadoop-ozone/integration-test/target/test-dir/MiniOzoneClusterImpl-d45ffd01-825f-4527-9b26-6ed3d9db6876/datanode-4/data/containers/hdds of  storage type : DISK and capacity : 1482555576320
2019-10-15 04:13:58,939 [main] INFO  volume.VolumeSet (VolumeSet.java:initializeVolumeSet(170)) - Added Volume : /workdir/hadoop-ozone/integration-test/target/test-dir/MiniOzoneClusterImpl-d45ffd01-825f-4527-9b26-6ed3d9db6876/datanode-4/data/containers/hdds to VolumeSet
2019-10-15 04:13:58,940 [main] INFO  volume.ThrottledAsyncChecker (ThrottledAsyncChecker.java:schedule(141)) - Scheduling a check for org.apache.hadoop.ozone.container.common.volume.HddsVolume@5a2ae1ab
2019-10-15 04:13:58,940 [main] INFO  volume.HddsVolumeChecker (HddsVolumeChecker.java:checkAllVolumes(204)) - Scheduled health check for volume org.apache.hadoop.ozone.container.common.volume.HddsVolume@5a2ae1ab
2019-10-15 04:13:58,954 [main] INFO  impl.RaftServerProxy (ConfUtils.java:logGet(43)) - raft.rpc.type = GRPC (default)
2019-10-15 04:13:58,955 [main] INFO  grpc.GrpcFactory (GrpcFactory.java:checkPooledByteBufAllocatorUseCacheForAllThreads(45)) - PERFORMANCE WARNING: useCacheForAllThreads is true that may cause Netty to create a lot garbage objects and, as a result, trigger GC.
	It is recommended to disable useCacheForAllThreads by setting -Dorg.apache.ratis.thirdparty.io.netty.allocator.useCacheForAllThreads=false in command line.
2019-10-15 04:13:58,955 [main] INFO  grpc.GrpcConfigKeys$Server (ConfUtils.java:logGet(43)) - raft.grpc.server.port = 0 (default)
2019-10-15 04:13:58,955 [main] INFO  server.GrpcService (ConfUtils.java:logGet(43)) - raft.grpc.message.size.max = 33570816 (custom)
2019-10-15 04:13:58,955 [main] INFO  server.RaftServerConfigKeys (ConfUtils.java:logGet(43)) - raft.server.log.appender.buffer.byte-limit = 33554432 (custom)
2019-10-15 04:13:58,955 [main] INFO  server.GrpcService (ConfUtils.java:logGet(43)) - raft.grpc.flow.control.window = 1MB (=1048576) (default)
2019-10-15 04:13:58,956 [main] INFO  server.RaftServerConfigKeys (ConfUtils.java:logGet(43)) - raft.server.rpc.request.timeout = 3000ms (default)
2019-10-15 04:13:58,956 [main] INFO  server.RaftServerConfigKeys (ConfUtils.java:logGet(43)) - raft.server.storage.dir = [/workdir/hadoop-ozone/integration-test/target/test-dir/MiniOzoneClusterImpl-d45ffd01-825f-4527-9b26-6ed3d9db6876/datanode-4/data/ratis] (custom)
2019-10-15 04:13:58,957 [main] INFO  hdfs.DFSUtil (DFSUtil.java:httpServerTemplateForNNAndJN(1641)) - Starting Web-server for hddsDatanode at: http://0.0.0.0:0
2019-10-15 04:13:58,958 [main] INFO  server.AuthenticationFilter (AuthenticationFilter.java:constructSecretProvider(240)) - Unable to initialize FileSignerSecretProvider, falling back to use random secrets.
2019-10-15 04:13:58,959 [main] WARN  http.HttpRequestLog (HttpRequestLog.java:getRequestLog(97)) - Jetty request log can only be enabled using Log4j
2019-10-15 04:13:58,960 [main] INFO  http.HttpServer2 (HttpServer2.java:addGlobalFilter(975)) - Added global filter 'safety' (class=org.apache.hadoop.http.HttpServer2$QuotingInputFilter)
2019-10-15 04:13:58,960 [main] INFO  http.HttpServer2 (HttpServer2.java:addFilter(948)) - Added filter static_user_filter (class=org.apache.hadoop.http.lib.StaticUserWebFilter$StaticUserFilter) to context hddsDatanode
2019-10-15 04:13:58,961 [main] INFO  http.HttpServer2 (HttpServer2.java:addFilter(958)) - Added filter static_user_filter (class=org.apache.hadoop.http.lib.StaticUserWebFilter$StaticUserFilter) to context logs
2019-10-15 04:13:58,961 [main] INFO  http.HttpServer2 (HttpServer2.java:addFilter(958)) - Added filter static_user_filter (class=org.apache.hadoop.http.lib.StaticUserWebFilter$StaticUserFilter) to context static
2019-10-15 04:13:58,961 [main] INFO  http.HttpServer2 (HttpServer2.java:bindListener(1191)) - Jetty bound to port 43813
2019-10-15 04:13:58,962 [main] INFO  server.Server (Server.java:doStart(351)) - jetty-9.3.25.v20180904, build timestamp: 2018-09-04T21:11:46Z, git hash: 3ce520221d0240229c862b122d2b06c12a625732
2019-10-15 04:13:58,963 [main] INFO  handler.ContextHandler (ContextHandler.java:doStart(781)) - Started o.e.j.s.ServletContextHandler@51888019{/logs,file:///workdir/hadoop-ozone/integration-test/target/log,AVAILABLE}
2019-10-15 04:13:58,964 [main] INFO  handler.ContextHandler (ContextHandler.java:doStart(781)) - Started o.e.j.s.ServletContextHandler@19b5214b{/static,jar:file:/home/user/.m2/repository/org/apache/hadoop/hadoop-hdds-container-service/0.5.0-SNAPSHOT/hadoop-hdds-container-service-0.5.0-SNAPSHOT.jar!/webapps/static,AVAILABLE}
2019-10-15 04:13:58,992 [main] INFO  handler.ContextHandler (ContextHandler.java:doStart(781)) - Started o.e.j.w.WebAppContext@2b999ee8{/,file:///tmp/jetty-0.0.0.0-43813-hddsDatanode-_-any-4459241533470375819.dir/webapp/,AVAILABLE}{/hddsDatanode}
2019-10-15 04:13:58,992 [main] INFO  server.AbstractConnector (AbstractConnector.java:doStart(278)) - Started ServerConnector@31ab1e67{HTTP/1.1,[http/1.1]}{0.0.0.0:43813}
2019-10-15 04:13:58,994 [main] INFO  server.Server (Server.java:doStart(419)) - Started @244213ms
2019-10-15 04:13:58,994 [main] WARN  impl.MetricsSystemImpl (MetricsSystemImpl.java:register(276)) - Sink prometheus already exists!
2019-10-15 04:13:58,995 [main] INFO  server.BaseHttpServer (BaseHttpServer.java:updateConnectorAddress(215)) - HTTP server of HDDSDATANODE is listening at http://0.0.0.0:43813
2019-10-15 04:13:58,996 [main] INFO  impl.MetricsSystemImpl (MetricsSystemImpl.java:init(158)) - HddsDatanode metrics system started (again)
2019-10-15 04:13:59,002 [org.apache.hadoop.util.JvmPauseMonitor$Monitor@674a0cba] INFO  util.JvmPauseMonitor (JvmPauseMonitor.java:run(188)) - Starting JVM pause monitor
2019-10-15 04:13:59,004 [Datanode State Machine Thread - 0] INFO  datanode.InitDatanodeState (InitDatanodeState.java:persistContainerDatanodeDetails(140)) - DatanodeDetails is persisted to /workdir/hadoop-ozone/integration-test/target/test-dir/MiniOzoneClusterImpl-d45ffd01-825f-4527-9b26-6ed3d9db6876/datanode-4/meta/datanode.id
2019-10-15 04:13:59,005 [main] INFO  ozone.HddsDatanodeService (HddsDatanodeService.java:start(184)) - HddsDatanodeService host:pr-hdds-2194-5wssm-2368079274 ip:192.168.151.96
2019-10-15 04:13:59,012 [main] INFO  volume.HddsVolume (HddsVolume.java:<init>(176)) - Creating Volume: /workdir/hadoop-ozone/integration-test/target/test-dir/MiniOzoneClusterImpl-d45ffd01-825f-4527-9b26-6ed3d9db6876/datanode-5/data/containers/hdds of  storage type : DISK and capacity : 1482555576320
2019-10-15 04:13:59,012 [main] INFO  volume.VolumeSet (VolumeSet.java:initializeVolumeSet(170)) - Added Volume : /workdir/hadoop-ozone/integration-test/target/test-dir/MiniOzoneClusterImpl-d45ffd01-825f-4527-9b26-6ed3d9db6876/datanode-5/data/containers/hdds to VolumeSet
2019-10-15 04:13:59,012 [main] INFO  volume.ThrottledAsyncChecker (ThrottledAsyncChecker.java:schedule(141)) - Scheduling a check for org.apache.hadoop.ozone.container.common.volume.HddsVolume@32ae8f27
2019-10-15 04:13:59,013 [main] INFO  volume.HddsVolumeChecker (HddsVolumeChecker.java:checkAllVolumes(204)) - Scheduled health check for volume org.apache.hadoop.ozone.container.common.volume.HddsVolume@32ae8f27
2019-10-15 04:13:59,032 [main] INFO  impl.RaftServerProxy (ConfUtils.java:logGet(43)) - raft.rpc.type = GRPC (default)
2019-10-15 04:13:59,032 [main] INFO  grpc.GrpcFactory (GrpcFactory.java:checkPooledByteBufAllocatorUseCacheForAllThreads(45)) - PERFORMANCE WARNING: useCacheForAllThreads is true that may cause Netty to create a lot garbage objects and, as a result, trigger GC.
	It is recommended to disable useCacheForAllThreads by setting -Dorg.apache.ratis.thirdparty.io.netty.allocator.useCacheForAllThreads=false in command line.
2019-10-15 04:13:59,033 [main] INFO  grpc.GrpcConfigKeys$Server (ConfUtils.java:logGet(43)) - raft.grpc.server.port = 0 (default)
2019-10-15 04:13:59,033 [main] INFO  server.GrpcService (ConfUtils.java:logGet(43)) - raft.grpc.message.size.max = 33570816 (custom)
2019-10-15 04:13:59,034 [main] INFO  server.RaftServerConfigKeys (ConfUtils.java:logGet(43)) - raft.server.log.appender.buffer.byte-limit = 33554432 (custom)
2019-10-15 04:13:59,034 [main] INFO  server.GrpcService (ConfUtils.java:logGet(43)) - raft.grpc.flow.control.window = 1MB (=1048576) (default)
2019-10-15 04:13:59,034 [main] INFO  server.RaftServerConfigKeys (ConfUtils.java:logGet(43)) - raft.server.rpc.request.timeout = 3000ms (default)
2019-10-15 04:13:59,035 [main] INFO  server.RaftServerConfigKeys (ConfUtils.java:logGet(43)) - raft.server.storage.dir = [/workdir/hadoop-ozone/integration-test/target/test-dir/MiniOzoneClusterImpl-d45ffd01-825f-4527-9b26-6ed3d9db6876/datanode-5/data/ratis] (custom)
2019-10-15 04:13:59,037 [main] INFO  hdfs.DFSUtil (DFSUtil.java:httpServerTemplateForNNAndJN(1641)) - Starting Web-server for hddsDatanode at: http://0.0.0.0:0
2019-10-15 04:13:59,039 [main] INFO  server.AuthenticationFilter (AuthenticationFilter.java:constructSecretProvider(240)) - Unable to initialize FileSignerSecretProvider, falling back to use random secrets.
2019-10-15 04:13:59,040 [main] WARN  http.HttpRequestLog (HttpRequestLog.java:getRequestLog(97)) - Jetty request log can only be enabled using Log4j
2019-10-15 04:13:59,041 [main] INFO  http.HttpServer2 (HttpServer2.java:addGlobalFilter(975)) - Added global filter 'safety' (class=org.apache.hadoop.http.HttpServer2$QuotingInputFilter)
2019-10-15 04:13:59,042 [main] INFO  http.HttpServer2 (HttpServer2.java:addFilter(948)) - Added filter static_user_filter (class=org.apache.hadoop.http.lib.StaticUserWebFilter$StaticUserFilter) to context hddsDatanode
2019-10-15 04:13:59,042 [main] INFO  http.HttpServer2 (HttpServer2.java:addFilter(958)) - Added filter static_user_filter (class=org.apache.hadoop.http.lib.StaticUserWebFilter$StaticUserFilter) to context static
2019-10-15 04:13:59,042 [main] INFO  http.HttpServer2 (HttpServer2.java:addFilter(958)) - Added filter static_user_filter (class=org.apache.hadoop.http.lib.StaticUserWebFilter$StaticUserFilter) to context logs
2019-10-15 04:13:59,043 [main] INFO  http.HttpServer2 (HttpServer2.java:bindListener(1191)) - Jetty bound to port 35653
2019-10-15 04:13:59,043 [main] INFO  server.Server (Server.java:doStart(351)) - jetty-9.3.25.v20180904, build timestamp: 2018-09-04T21:11:46Z, git hash: 3ce520221d0240229c862b122d2b06c12a625732
2019-10-15 04:13:59,045 [main] INFO  handler.ContextHandler (ContextHandler.java:doStart(781)) - Started o.e.j.s.ServletContextHandler@5b48f0f4{/logs,file:///workdir/hadoop-ozone/integration-test/target/log,AVAILABLE}
2019-10-15 04:13:59,045 [main] INFO  handler.ContextHandler (ContextHandler.java:doStart(781)) - Started o.e.j.s.ServletContextHandler@5bfc79cb{/static,jar:file:/home/user/.m2/repository/org/apache/hadoop/hadoop-hdds-container-service/0.5.0-SNAPSHOT/hadoop-hdds-container-service-0.5.0-SNAPSHOT.jar!/webapps/static,AVAILABLE}
2019-10-15 04:13:59,077 [main] INFO  handler.ContextHandler (ContextHandler.java:doStart(781)) - Started o.e.j.w.WebAppContext@4645679e{/,file:///tmp/jetty-0.0.0.0-35653-hddsDatanode-_-any-7966667233509075328.dir/webapp/,AVAILABLE}{/hddsDatanode}
2019-10-15 04:13:59,078 [main] INFO  server.AbstractConnector (AbstractConnector.java:doStart(278)) - Started ServerConnector@3a0b6a{HTTP/1.1,[http/1.1]}{0.0.0.0:35653}
2019-10-15 04:13:59,080 [main] INFO  server.Server (Server.java:doStart(419)) - Started @244299ms
2019-10-15 04:13:59,080 [main] WARN  impl.MetricsSystemImpl (MetricsSystemImpl.java:register(276)) - Sink prometheus already exists!
2019-10-15 04:13:59,081 [main] INFO  server.BaseHttpServer (BaseHttpServer.java:updateConnectorAddress(215)) - HTTP server of HDDSDATANODE is listening at http://0.0.0.0:35653
2019-10-15 04:13:59,081 [main] INFO  impl.MetricsSystemImpl (MetricsSystemImpl.java:init(158)) - HddsDatanode metrics system started (again)
2019-10-15 04:13:59,086 [org.apache.hadoop.util.JvmPauseMonitor$Monitor@30048185] INFO  util.JvmPauseMonitor (JvmPauseMonitor.java:run(188)) - Starting JVM pause monitor
2019-10-15 04:13:59,087 [main] INFO  ozone.HddsDatanodeService (HddsDatanodeService.java:start(184)) - HddsDatanodeService host:pr-hdds-2194-5wssm-2368079274 ip:192.168.151.96
2019-10-15 04:13:59,087 [Datanode State Machine Thread - 0] INFO  datanode.InitDatanodeState (InitDatanodeState.java:persistContainerDatanodeDetails(140)) - DatanodeDetails is persisted to /workdir/hadoop-ozone/integration-test/target/test-dir/MiniOzoneClusterImpl-d45ffd01-825f-4527-9b26-6ed3d9db6876/datanode-5/meta/datanode.id
2019-10-15 04:13:59,094 [main] INFO  volume.HddsVolume (HddsVolume.java:<init>(176)) - Creating Volume: /workdir/hadoop-ozone/integration-test/target/test-dir/MiniOzoneClusterImpl-d45ffd01-825f-4527-9b26-6ed3d9db6876/datanode-6/data/containers/hdds of  storage type : DISK and capacity : 1482555576320
2019-10-15 04:13:59,094 [main] INFO  volume.VolumeSet (VolumeSet.java:initializeVolumeSet(170)) - Added Volume : /workdir/hadoop-ozone/integration-test/target/test-dir/MiniOzoneClusterImpl-d45ffd01-825f-4527-9b26-6ed3d9db6876/datanode-6/data/containers/hdds to VolumeSet
2019-10-15 04:13:59,095 [main] INFO  volume.ThrottledAsyncChecker (ThrottledAsyncChecker.java:schedule(141)) - Scheduling a check for org.apache.hadoop.ozone.container.common.volume.HddsVolume@58d4238e
2019-10-15 04:13:59,097 [main] INFO  volume.HddsVolumeChecker (HddsVolumeChecker.java:checkAllVolumes(204)) - Scheduled health check for volume org.apache.hadoop.ozone.container.common.volume.HddsVolume@58d4238e
2019-10-15 04:13:59,116 [main] INFO  impl.RaftServerProxy (ConfUtils.java:logGet(43)) - raft.rpc.type = GRPC (default)
2019-10-15 04:13:59,116 [main] INFO  grpc.GrpcFactory (GrpcFactory.java:checkPooledByteBufAllocatorUseCacheForAllThreads(45)) - PERFORMANCE WARNING: useCacheForAllThreads is true that may cause Netty to create a lot garbage objects and, as a result, trigger GC.
	It is recommended to disable useCacheForAllThreads by setting -Dorg.apache.ratis.thirdparty.io.netty.allocator.useCacheForAllThreads=false in command line.
2019-10-15 04:13:59,116 [main] INFO  grpc.GrpcConfigKeys$Server (ConfUtils.java:logGet(43)) - raft.grpc.server.port = 0 (default)
2019-10-15 04:13:59,117 [main] INFO  server.GrpcService (ConfUtils.java:logGet(43)) - raft.grpc.message.size.max = 33570816 (custom)
2019-10-15 04:13:59,117 [main] INFO  server.RaftServerConfigKeys (ConfUtils.java:logGet(43)) - raft.server.log.appender.buffer.byte-limit = 33554432 (custom)
2019-10-15 04:13:59,117 [main] INFO  server.GrpcService (ConfUtils.java:logGet(43)) - raft.grpc.flow.control.window = 1MB (=1048576) (default)
2019-10-15 04:13:59,117 [main] INFO  server.RaftServerConfigKeys (ConfUtils.java:logGet(43)) - raft.server.rpc.request.timeout = 3000ms (default)
2019-10-15 04:13:59,118 [main] INFO  server.RaftServerConfigKeys (ConfUtils.java:logGet(43)) - raft.server.storage.dir = [/workdir/hadoop-ozone/integration-test/target/test-dir/MiniOzoneClusterImpl-d45ffd01-825f-4527-9b26-6ed3d9db6876/datanode-6/data/ratis] (custom)
2019-10-15 04:13:59,119 [main] INFO  hdfs.DFSUtil (DFSUtil.java:httpServerTemplateForNNAndJN(1641)) - Starting Web-server for hddsDatanode at: http://0.0.0.0:0
2019-10-15 04:13:59,121 [main] INFO  server.AuthenticationFilter (AuthenticationFilter.java:constructSecretProvider(240)) - Unable to initialize FileSignerSecretProvider, falling back to use random secrets.
2019-10-15 04:13:59,121 [main] WARN  http.HttpRequestLog (HttpRequestLog.java:getRequestLog(97)) - Jetty request log can only be enabled using Log4j
2019-10-15 04:13:59,122 [main] INFO  http.HttpServer2 (HttpServer2.java:addGlobalFilter(975)) - Added global filter 'safety' (class=org.apache.hadoop.http.HttpServer2$QuotingInputFilter)
2019-10-15 04:13:59,123 [main] INFO  http.HttpServer2 (HttpServer2.java:addFilter(948)) - Added filter static_user_filter (class=org.apache.hadoop.http.lib.StaticUserWebFilter$StaticUserFilter) to context hddsDatanode
2019-10-15 04:13:59,123 [main] INFO  http.HttpServer2 (HttpServer2.java:addFilter(958)) - Added filter static_user_filter (class=org.apache.hadoop.http.lib.StaticUserWebFilter$StaticUserFilter) to context logs
2019-10-15 04:13:59,123 [main] INFO  http.HttpServer2 (HttpServer2.java:addFilter(958)) - Added filter static_user_filter (class=org.apache.hadoop.http.lib.StaticUserWebFilter$StaticUserFilter) to context static
2019-10-15 04:13:59,124 [main] INFO  http.HttpServer2 (HttpServer2.java:bindListener(1191)) - Jetty bound to port 41830
2019-10-15 04:13:59,124 [main] INFO  server.Server (Server.java:doStart(351)) - jetty-9.3.25.v20180904, build timestamp: 2018-09-04T21:11:46Z, git hash: 3ce520221d0240229c862b122d2b06c12a625732
2019-10-15 04:13:59,125 [main] INFO  handler.ContextHandler (ContextHandler.java:doStart(781)) - Started o.e.j.s.ServletContextHandler@6842c101{/logs,file:///workdir/hadoop-ozone/integration-test/target/log,AVAILABLE}
2019-10-15 04:13:59,126 [main] INFO  handler.ContextHandler (ContextHandler.java:doStart(781)) - Started o.e.j.s.ServletContextHandler@2c48cede{/static,jar:file:/home/user/.m2/repository/org/apache/hadoop/hadoop-hdds-container-service/0.5.0-SNAPSHOT/hadoop-hdds-container-service-0.5.0-SNAPSHOT.jar!/webapps/static,AVAILABLE}
2019-10-15 04:13:59,155 [main] INFO  handler.ContextHandler (ContextHandler.java:doStart(781)) - Started o.e.j.w.WebAppContext@60591e1b{/,file:///tmp/jetty-0.0.0.0-41830-hddsDatanode-_-any-6682403141864692587.dir/webapp/,AVAILABLE}{/hddsDatanode}
2019-10-15 04:13:59,155 [main] INFO  server.AbstractConnector (AbstractConnector.java:doStart(278)) - Started ServerConnector@29c53c4f{HTTP/1.1,[http/1.1]}{0.0.0.0:41830}
2019-10-15 04:13:59,157 [main] INFO  server.Server (Server.java:doStart(419)) - Started @244376ms
2019-10-15 04:13:59,157 [main] WARN  impl.MetricsSystemImpl (MetricsSystemImpl.java:register(276)) - Sink prometheus already exists!
2019-10-15 04:13:59,158 [main] INFO  server.BaseHttpServer (BaseHttpServer.java:updateConnectorAddress(215)) - HTTP server of HDDSDATANODE is listening at http://0.0.0.0:41830
2019-10-15 04:13:59,158 [main] INFO  ozone.MiniOzoneClusterImpl (MiniOzoneClusterImpl.java:lambda$waitForClusterToBeReady$0(147)) - Waiting for cluster to be ready. Got 0 of 7 DN Heartbeats.
2019-10-15 04:13:59,159 [org.apache.hadoop.util.JvmPauseMonitor$Monitor@40259b75] INFO  util.JvmPauseMonitor (JvmPauseMonitor.java:run(188)) - Starting JVM pause monitor
2019-10-15 04:13:59,160 [Datanode State Machine Thread - 0] INFO  datanode.InitDatanodeState (InitDatanodeState.java:persistContainerDatanodeDetails(140)) - DatanodeDetails is persisted to /workdir/hadoop-ozone/integration-test/target/test-dir/MiniOzoneClusterImpl-d45ffd01-825f-4527-9b26-6ed3d9db6876/datanode-6/meta/datanode.id
2019-10-15 04:14:00,173 [main] INFO  ozone.MiniOzoneClusterImpl (MiniOzoneClusterImpl.java:lambda$waitForClusterToBeReady$0(147)) - Waiting for cluster to be ready. Got 0 of 7 DN Heartbeats.
2019-10-15 04:14:00,794 [Datanode State Machine Thread - 0] INFO  ozoneimpl.OzoneContainer (OzoneContainer.java:start(213)) - Attempting to start container services.
2019-10-15 04:14:00,795 [Datanode State Machine Thread - 0] INFO  ozoneimpl.OzoneContainer (OzoneContainer.java:startContainerScrub(177)) - Background container scanner has been disabled.
2019-10-15 04:14:00,795 [Datanode State Machine Thread - 0] INFO  ratis.XceiverServerRatis (XceiverServerRatis.java:start(418)) - Starting XceiverServerRatis 88a80244-6d55-49cb-b386-f8c6afc0afd2 at port 0
2019-10-15 04:14:00,805 [Datanode State Machine Thread - 0] INFO  impl.RaftServerProxy (RaftServerProxy.java:lambda$start$3(299)) - 88a80244-6d55-49cb-b386-f8c6afc0afd2: start RPC server
2019-10-15 04:14:00,807 [Datanode State Machine Thread - 0] INFO  server.GrpcService (GrpcService.java:startImpl(158)) - 88a80244-6d55-49cb-b386-f8c6afc0afd2: GrpcService started, listening on 0.0.0.0/0.0.0.0:41493
2019-10-15 04:14:00,807 [Datanode State Machine Thread - 0] INFO  ratis.XceiverServerRatis (XceiverServerRatis.java:start(428)) - XceiverServerRatis 88a80244-6d55-49cb-b386-f8c6afc0afd2 is started using port 41493
2019-10-15 04:14:00,808 [Datanode State Machine Thread - 0] INFO  server.XceiverServerGrpc (XceiverServerGrpc.java:start(149)) - XceiverServerGrpc 88a80244-6d55-49cb-b386-f8c6afc0afd2 is started using port 42142
2019-10-15 04:14:00,836 [Datanode State Machine Thread - 0] INFO  ozoneimpl.OzoneContainer (OzoneContainer.java:start(213)) - Attempting to start container services.
2019-10-15 04:14:00,837 [Datanode State Machine Thread - 0] INFO  ozoneimpl.OzoneContainer (OzoneContainer.java:startContainerScrub(177)) - Background container scanner has been disabled.
2019-10-15 04:14:00,837 [Datanode State Machine Thread - 0] INFO  ratis.XceiverServerRatis (XceiverServerRatis.java:start(418)) - Starting XceiverServerRatis 3e3feb47-3047-4f9f-89b5-cd40cbc24957 at port 0
2019-10-15 04:14:00,843 [Datanode State Machine Thread - 0] INFO  impl.RaftServerProxy (RaftServerProxy.java:lambda$start$3(299)) - 3e3feb47-3047-4f9f-89b5-cd40cbc24957: start RPC server
2019-10-15 04:14:00,846 [Datanode State Machine Thread - 0] INFO  server.GrpcService (GrpcService.java:startImpl(158)) - 3e3feb47-3047-4f9f-89b5-cd40cbc24957: GrpcService started, listening on 0.0.0.0/0.0.0.0:42666
2019-10-15 04:14:00,846 [Datanode State Machine Thread - 0] INFO  ratis.XceiverServerRatis (XceiverServerRatis.java:start(428)) - XceiverServerRatis 3e3feb47-3047-4f9f-89b5-cd40cbc24957 is started using port 42666
2019-10-15 04:14:00,848 [Datanode State Machine Thread - 0] INFO  server.XceiverServerGrpc (XceiverServerGrpc.java:start(149)) - XceiverServerGrpc 3e3feb47-3047-4f9f-89b5-cd40cbc24957 is started using port 40934
2019-10-15 04:14:00,887 [Datanode State Machine Thread - 0] INFO  ozoneimpl.OzoneContainer (OzoneContainer.java:start(213)) - Attempting to start container services.
2019-10-15 04:14:00,887 [Datanode State Machine Thread - 0] INFO  ozoneimpl.OzoneContainer (OzoneContainer.java:startContainerScrub(177)) - Background container scanner has been disabled.
2019-10-15 04:14:00,887 [Datanode State Machine Thread - 0] INFO  ratis.XceiverServerRatis (XceiverServerRatis.java:start(418)) - Starting XceiverServerRatis 2d3bc81b-9e94-4d45-85f1-83fe451f4879 at port 0
2019-10-15 04:14:00,894 [Datanode State Machine Thread - 0] INFO  impl.RaftServerProxy (RaftServerProxy.java:lambda$start$3(299)) - 2d3bc81b-9e94-4d45-85f1-83fe451f4879: start RPC server
2019-10-15 04:14:00,898 [Datanode State Machine Thread - 0] INFO  server.GrpcService (GrpcService.java:startImpl(158)) - 2d3bc81b-9e94-4d45-85f1-83fe451f4879: GrpcService started, listening on 0.0.0.0/0.0.0.0:41849
2019-10-15 04:14:00,898 [Datanode State Machine Thread - 0] INFO  ratis.XceiverServerRatis (XceiverServerRatis.java:start(428)) - XceiverServerRatis 2d3bc81b-9e94-4d45-85f1-83fe451f4879 is started using port 41849
2019-10-15 04:14:00,899 [Datanode State Machine Thread - 0] INFO  server.XceiverServerGrpc (XceiverServerGrpc.java:start(149)) - XceiverServerGrpc 2d3bc81b-9e94-4d45-85f1-83fe451f4879 is started using port 38558
2019-10-15 04:14:00,962 [Datanode State Machine Thread - 0] INFO  ozoneimpl.OzoneContainer (OzoneContainer.java:start(213)) - Attempting to start container services.
2019-10-15 04:14:00,962 [Datanode State Machine Thread - 0] INFO  ozoneimpl.OzoneContainer (OzoneContainer.java:startContainerScrub(177)) - Background container scanner has been disabled.
2019-10-15 04:14:00,962 [Datanode State Machine Thread - 0] INFO  ratis.XceiverServerRatis (XceiverServerRatis.java:start(418)) - Starting XceiverServerRatis 303f0228-c743-44bb-8a31-cb9ae4dee5ff at port 0
2019-10-15 04:14:00,969 [Datanode State Machine Thread - 0] INFO  impl.RaftServerProxy (RaftServerProxy.java:lambda$start$3(299)) - 303f0228-c743-44bb-8a31-cb9ae4dee5ff: start RPC server
2019-10-15 04:14:00,970 [Datanode State Machine Thread - 0] INFO  server.GrpcService (GrpcService.java:startImpl(158)) - 303f0228-c743-44bb-8a31-cb9ae4dee5ff: GrpcService started, listening on 0.0.0.0/0.0.0.0:43679
2019-10-15 04:14:00,970 [Datanode State Machine Thread - 0] INFO  ratis.XceiverServerRatis (XceiverServerRatis.java:start(428)) - XceiverServerRatis 303f0228-c743-44bb-8a31-cb9ae4dee5ff is started using port 43679
2019-10-15 04:14:00,970 [Datanode State Machine Thread - 0] INFO  server.XceiverServerGrpc (XceiverServerGrpc.java:start(149)) - XceiverServerGrpc 303f0228-c743-44bb-8a31-cb9ae4dee5ff is started using port 36527
2019-10-15 04:14:01,029 [Datanode State Machine Thread - 0] INFO  ozoneimpl.OzoneContainer (OzoneContainer.java:start(213)) - Attempting to start container services.
2019-10-15 04:14:01,029 [Datanode State Machine Thread - 0] INFO  ozoneimpl.OzoneContainer (OzoneContainer.java:startContainerScrub(177)) - Background container scanner has been disabled.
2019-10-15 04:14:01,030 [Datanode State Machine Thread - 0] INFO  ratis.XceiverServerRatis (XceiverServerRatis.java:start(418)) - Starting XceiverServerRatis 6bfbd448-fd10-4d88-98a5-4a2957d888a8 at port 0
2019-10-15 04:14:01,036 [Datanode State Machine Thread - 0] INFO  impl.RaftServerProxy (RaftServerProxy.java:lambda$start$3(299)) - 6bfbd448-fd10-4d88-98a5-4a2957d888a8: start RPC server
2019-10-15 04:14:01,037 [Datanode State Machine Thread - 0] INFO  server.GrpcService (GrpcService.java:startImpl(158)) - 6bfbd448-fd10-4d88-98a5-4a2957d888a8: GrpcService started, listening on 0.0.0.0/0.0.0.0:40714
2019-10-15 04:14:01,037 [Datanode State Machine Thread - 0] INFO  ratis.XceiverServerRatis (XceiverServerRatis.java:start(428)) - XceiverServerRatis 6bfbd448-fd10-4d88-98a5-4a2957d888a8 is started using port 40714
2019-10-15 04:14:01,040 [Datanode State Machine Thread - 0] INFO  server.XceiverServerGrpc (XceiverServerGrpc.java:start(149)) - XceiverServerGrpc 6bfbd448-fd10-4d88-98a5-4a2957d888a8 is started using port 42695
2019-10-15 04:14:01,113 [Datanode State Machine Thread - 0] INFO  ozoneimpl.OzoneContainer (OzoneContainer.java:start(213)) - Attempting to start container services.
2019-10-15 04:14:01,113 [Datanode State Machine Thread - 0] INFO  ozoneimpl.OzoneContainer (OzoneContainer.java:startContainerScrub(177)) - Background container scanner has been disabled.
2019-10-15 04:14:01,113 [Datanode State Machine Thread - 0] INFO  ratis.XceiverServerRatis (XceiverServerRatis.java:start(418)) - Starting XceiverServerRatis ab22d543-11b0-4b26-879c-d86be21e1c02 at port 0
2019-10-15 04:14:01,118 [Datanode State Machine Thread - 0] INFO  impl.RaftServerProxy (RaftServerProxy.java:lambda$start$3(299)) - ab22d543-11b0-4b26-879c-d86be21e1c02: start RPC server
2019-10-15 04:14:01,120 [Datanode State Machine Thread - 0] INFO  server.GrpcService (GrpcService.java:startImpl(158)) - ab22d543-11b0-4b26-879c-d86be21e1c02: GrpcService started, listening on 0.0.0.0/0.0.0.0:33175
2019-10-15 04:14:01,120 [Datanode State Machine Thread - 0] INFO  ratis.XceiverServerRatis (XceiverServerRatis.java:start(428)) - XceiverServerRatis ab22d543-11b0-4b26-879c-d86be21e1c02 is started using port 33175
2019-10-15 04:14:01,121 [Datanode State Machine Thread - 0] INFO  server.XceiverServerGrpc (XceiverServerGrpc.java:start(149)) - XceiverServerGrpc ab22d543-11b0-4b26-879c-d86be21e1c02 is started using port 42904
2019-10-15 04:14:01,174 [main] INFO  ozone.MiniOzoneClusterImpl (MiniOzoneClusterImpl.java:lambda$waitForClusterToBeReady$0(147)) - Waiting for cluster to be ready. Got 0 of 7 DN Heartbeats.
2019-10-15 04:14:01,188 [Datanode State Machine Thread - 0] INFO  ozoneimpl.OzoneContainer (OzoneContainer.java:start(213)) - Attempting to start container services.
2019-10-15 04:14:01,188 [Datanode State Machine Thread - 0] INFO  ozoneimpl.OzoneContainer (OzoneContainer.java:startContainerScrub(177)) - Background container scanner has been disabled.
2019-10-15 04:14:01,189 [Datanode State Machine Thread - 0] INFO  ratis.XceiverServerRatis (XceiverServerRatis.java:start(418)) - Starting XceiverServerRatis c36f84cd-ba91-4ebb-a735-69fb0bbd9ede at port 0
2019-10-15 04:14:01,194 [Datanode State Machine Thread - 0] INFO  impl.RaftServerProxy (RaftServerProxy.java:lambda$start$3(299)) - c36f84cd-ba91-4ebb-a735-69fb0bbd9ede: start RPC server
2019-10-15 04:14:01,214 [Datanode State Machine Thread - 0] INFO  server.GrpcService (GrpcService.java:startImpl(158)) - c36f84cd-ba91-4ebb-a735-69fb0bbd9ede: GrpcService started, listening on 0.0.0.0/0.0.0.0:40111
2019-10-15 04:14:01,214 [Datanode State Machine Thread - 0] INFO  ratis.XceiverServerRatis (XceiverServerRatis.java:start(428)) - XceiverServerRatis c36f84cd-ba91-4ebb-a735-69fb0bbd9ede is started using port 40111
2019-10-15 04:14:01,217 [Datanode State Machine Thread - 0] INFO  server.XceiverServerGrpc (XceiverServerGrpc.java:start(149)) - XceiverServerGrpc c36f84cd-ba91-4ebb-a735-69fb0bbd9ede is started using port 38169
2019-10-15 04:14:02,175 [main] INFO  ozone.MiniOzoneClusterImpl (MiniOzoneClusterImpl.java:lambda$waitForClusterToBeReady$0(147)) - Waiting for cluster to be ready. Got 0 of 7 DN Heartbeats.
2019-10-15 04:14:02,742 [IPC Server handler 3 on 33625] INFO  net.NetworkTopology (NetworkTopologyImpl.java:add(111)) - Added a new node: /default-rack/88a80244-6d55-49cb-b386-f8c6afc0afd2
2019-10-15 04:14:02,746 [IPC Server handler 3 on 33625] INFO  node.SCMNodeManager (SCMNodeManager.java:register(268)) - Registered Data node : 88a80244-6d55-49cb-b386-f8c6afc0afd2{ip: 192.168.151.96, host: pr-hdds-2194-5wssm-2368079274, networkLocation: /default-rack, certSerialId: null}
2019-10-15 04:14:02,747 [EventQueue-NodeRegistrationContainerReportForDataNodeSafeModeRule] INFO  safemode.SCMSafeModeManager (DataNodeSafeModeRule.java:process(71)) - SCM in safe mode. 1 DataNodes registered, 1 required.
2019-10-15 04:14:02,749 [EventQueue-NodeRegistrationContainerReportForDataNodeSafeModeRule] INFO  safemode.SCMSafeModeManager (SCMSafeModeManager.java:validateSafeModeExitRules(177)) - ScmSafeModeManager, all rules are successfully validated
2019-10-15 04:14:02,750 [EventQueue-NodeRegistrationContainerReportForDataNodeSafeModeRule] INFO  safemode.SCMSafeModeManager (SCMSafeModeManager.java:exitSafeMode(193)) - SCM exiting safe mode.
2019-10-15 04:14:02,764 [grpc-default-executor-6] INFO  impl.RaftServerProxy (RaftServerProxy.java:addNew(89)) - 88a80244-6d55-49cb-b386-f8c6afc0afd2: addNew group-AD6B9460A82D:[88a80244-6d55-49cb-b386-f8c6afc0afd2:192.168.151.96:41493] returns group-AD6B9460A82D:java.util.concurrent.CompletableFuture@1ed3e7ec[Not completed]
2019-10-15 04:14:02,768 [pool-383-thread-1] INFO  impl.RaftServerImpl (RaftServerImpl.java:<init>(95)) - 88a80244-6d55-49cb-b386-f8c6afc0afd2: new RaftServerImpl for group-AD6B9460A82D:[88a80244-6d55-49cb-b386-f8c6afc0afd2:192.168.151.96:41493] with ContainerStateMachine:uninitialized
2019-10-15 04:14:02,769 [pool-383-thread-1] INFO  server.RaftServerConfigKeys (ConfUtils.java:logGet(43)) - raft.server.rpc.timeout.min = 5s (custom)
2019-10-15 04:14:02,769 [pool-383-thread-1] INFO  server.RaftServerConfigKeys (ConfUtils.java:logGet(43)) - raft.server.rpc.timeout.max = 5200ms (custom)
2019-10-15 04:14:02,769 [pool-383-thread-1] INFO  server.RaftServerConfigKeys (ConfUtils.java:logGet(43)) - raft.server.rpcslowness.timeout = 120s (custom)
2019-10-15 04:14:02,769 [pool-383-thread-1] INFO  server.RaftServerConfigKeys (ConfUtils.java:logGet(43)) - raft.server.sleep.deviation.threshold = 300 (default)
2019-10-15 04:14:02,769 [pool-383-thread-1] INFO  server.RaftServerConfigKeys (ConfUtils.java:logGet(43)) - raft.server.log.appender.install.snapshot.enabled = false (custom)
2019-10-15 04:14:02,769 [pool-383-thread-1] INFO  impl.RaftServerImpl (ServerState.java:<init>(103)) - 88a80244-6d55-49cb-b386-f8c6afc0afd2@group-AD6B9460A82D: ConfigurationManager, init=-1: [88a80244-6d55-49cb-b386-f8c6afc0afd2:192.168.151.96:41493], old=null, confs=<EMPTY_MAP>
2019-10-15 04:14:02,770 [pool-383-thread-1] INFO  server.RaftServerConfigKeys (ConfUtils.java:logGet(43)) - raft.server.storage.dir = [/workdir/hadoop-ozone/integration-test/target/test-dir/MiniOzoneClusterImpl-d45ffd01-825f-4527-9b26-6ed3d9db6876/datanode-0/data/ratis] (custom)
2019-10-15 04:14:02,770 [pool-383-thread-1] INFO  server.RaftServerConfigKeys (ConfUtils.java:logGet(43)) - raft.server.log.corruption.policy = EXCEPTION (default)
2019-10-15 04:14:02,771 [pool-383-thread-1] INFO  storage.RaftStorageDirectory (RaftStorageDirectory.java:analyzeStorage(246)) - The storage directory /workdir/hadoop-ozone/integration-test/target/test-dir/MiniOzoneClusterImpl-d45ffd01-825f-4527-9b26-6ed3d9db6876/datanode-0/data/ratis/f96422cd-0a3b-4eab-80e5-ad6b9460a82d does not exist. Creating ...
2019-10-15 04:14:02,802 [IPC Server handler 1 on 33625] INFO  net.NetworkTopology (NetworkTopologyImpl.java:add(111)) - Added a new node: /default-rack/3e3feb47-3047-4f9f-89b5-cd40cbc24957
2019-10-15 04:14:02,802 [IPC Server handler 1 on 33625] INFO  node.SCMNodeManager (SCMNodeManager.java:register(268)) - Registered Data node : 3e3feb47-3047-4f9f-89b5-cd40cbc24957{ip: 192.168.151.96, host: pr-hdds-2194-5wssm-2368079274, networkLocation: /default-rack, certSerialId: null}
2019-10-15 04:14:02,824 [pool-383-thread-1] INFO  storage.RaftStorageDirectory (RaftStorageDirectory.java:tryLock(328)) - Lock on /workdir/hadoop-ozone/integration-test/target/test-dir/MiniOzoneClusterImpl-d45ffd01-825f-4527-9b26-6ed3d9db6876/datanode-0/data/ratis/f96422cd-0a3b-4eab-80e5-ad6b9460a82d/in_use.lock acquired by nodename 26144@pr-hdds-2194-5wssm-2368079274
2019-10-15 04:14:02,858 [pool-383-thread-1] INFO  storage.RaftStorage (RaftStorage.java:format(84)) - Storage directory /workdir/hadoop-ozone/integration-test/target/test-dir/MiniOzoneClusterImpl-d45ffd01-825f-4527-9b26-6ed3d9db6876/datanode-0/data/ratis/f96422cd-0a3b-4eab-80e5-ad6b9460a82d has been successfully formatted.
2019-10-15 04:14:02,859 [pool-383-thread-1] INFO  ratis.ContainerStateMachine (ContainerStateMachine.java:loadSnapshot(231)) - group-AD6B9460A82D: The snapshot info is null. Setting the last applied indexto:(t:0, i:~)
2019-10-15 04:14:02,859 [pool-383-thread-1] INFO  server.RaftServerConfigKeys (ConfUtils.java:logGet(43)) - raft.server.notification.no-leader.timeout = 120s (custom)
2019-10-15 04:14:02,859 [pool-383-thread-1] INFO  server.RaftServerConfigKeys (ConfUtils.java:logGet(43)) - raft.server.log.use.memory = false (default)
2019-10-15 04:14:02,860 [pool-383-thread-1] INFO  server.RaftServerConfigKeys (ConfUtils.java:logGet(43)) - raft.server.log.purge.gap = 1000000 (custom)
2019-10-15 04:14:02,860 [pool-383-thread-1] INFO  server.RaftServerConfigKeys (ConfUtils.java:logGet(43)) - raft.server.log.appender.buffer.byte-limit = 33554432 (custom)
2019-10-15 04:14:02,860 [pool-383-thread-1] INFO  server.RaftServerConfigKeys (ConfUtils.java:logGet(43)) - raft.server.log.segment.size.max = 1048576 (custom)
2019-10-15 04:14:02,861 [IPC Server handler 2 on 33625] INFO  net.NetworkTopology (NetworkTopologyImpl.java:add(111)) - Added a new node: /default-rack/2d3bc81b-9e94-4d45-85f1-83fe451f4879
2019-10-15 04:14:02,862 [IPC Server handler 2 on 33625] INFO  node.SCMNodeManager (SCMNodeManager.java:register(268)) - Registered Data node : 2d3bc81b-9e94-4d45-85f1-83fe451f4879{ip: 192.168.151.96, host: pr-hdds-2194-5wssm-2368079274, networkLocation: /default-rack, certSerialId: null}
2019-10-15 04:14:02,865 [pool-383-thread-1] INFO  server.RaftServerConfigKeys (ConfUtils.java:logGet(43)) - raft.server.log.segment.cache.num.max = 2 (custom)
2019-10-15 04:14:02,865 [pool-383-thread-1] INFO  segmented.SegmentedRaftLogWorker (SegmentedRaftLogWorker.java:<init>(173)) - new 88a80244-6d55-49cb-b386-f8c6afc0afd2@group-AD6B9460A82D-SegmentedRaftLogWorker for RaftStorage:Storage Directory /workdir/hadoop-ozone/integration-test/target/test-dir/MiniOzoneClusterImpl-d45ffd01-825f-4527-9b26-6ed3d9db6876/datanode-0/data/ratis/f96422cd-0a3b-4eab-80e5-ad6b9460a82d
2019-10-15 04:14:02,865 [pool-383-thread-1] INFO  server.RaftServerConfigKeys (ConfUtils.java:logGet(43)) - raft.server.log.queue.byte-limit = 2147483647 (custom)
2019-10-15 04:14:02,866 [pool-383-thread-1] INFO  server.RaftServerConfigKeys (ConfUtils.java:logGet(43)) - raft.server.log.queue.element-limit = 1024 (custom)
2019-10-15 04:14:02,866 [pool-383-thread-1] INFO  server.RaftServerConfigKeys (ConfUtils.java:logGet(43)) - raft.server.log.segment.size.max = 1048576 (custom)
2019-10-15 04:14:02,866 [pool-383-thread-1] INFO  server.RaftServerConfigKeys (ConfUtils.java:logGet(43)) - raft.server.log.preallocated.size = 16384 (custom)
2019-10-15 04:14:02,866 [pool-383-thread-1] INFO  server.RaftServerConfigKeys (ConfUtils.java:logGet(43)) - raft.server.log.write.buffer.size = 33554432 (custom)
2019-10-15 04:14:02,867 [pool-383-thread-1] INFO  server.RaftServerConfigKeys (ConfUtils.java:logGet(43)) - raft.server.log.force.sync.num = 128 (default)
2019-10-15 04:14:02,867 [pool-383-thread-1] INFO  server.RaftServerConfigKeys (ConfUtils.java:logGet(43)) - raft.server.log.statemachine.data.sync = true (default)
2019-10-15 04:14:02,867 [pool-383-thread-1] INFO  server.RaftServerConfigKeys (ConfUtils.java:logGet(43)) - raft.server.log.statemachine.data.sync.timeout = 10s (default)
2019-10-15 04:14:02,867 [pool-383-thread-1] INFO  server.RaftServerConfigKeys (ConfUtils.java:logGet(43)) - raft.server.log.statemachine.data.sync.timeout.retry = -1 (default)
2019-10-15 04:14:02,868 [pool-383-thread-1] INFO  server.RaftServerConfigKeys (ConfUtils.java:logGet(43)) - raft.server.log.statemachine.data.caching.enabled = true (custom)
2019-10-15 04:14:02,869 [pool-383-thread-1] INFO  segmented.SegmentedRaftLogWorker (SegmentedRaftLogWorker.java:lambda$new$0(128)) - 88a80244-6d55-49cb-b386-f8c6afc0afd2@group-AD6B9460A82D-SegmentedRaftLogWorker: flushIndex: setUnconditionally 0 -> -1
2019-10-15 04:14:02,869 [pool-383-thread-1] INFO  server.RaftServerConfigKeys (ConfUtils.java:logGet(43)) - raft.server.snapshot.auto.trigger.enabled = true (custom)
2019-10-15 04:14:02,870 [pool-383-thread-1] INFO  server.RaftServerConfigKeys (ConfUtils.java:logGet(43)) - raft.server.snapshot.auto.trigger.threshold = 10000 (custom)
2019-10-15 04:14:02,870 [pool-383-thread-1] INFO  server.RaftServerConfigKeys (ConfUtils.java:logGet(43)) - raft.server.snapshot.retention.file.num = 5 (custom)
2019-10-15 04:14:02,870 [pool-383-thread-1] INFO  server.RaftServerConfigKeys (ConfUtils.java:logGet(43)) - raft.server.retrycache.expirytime = 600000ms (custom)
2019-10-15 04:14:02,875 [pool-383-thread-1] INFO  impl.RaftServerImpl (RaftServerImpl.java:start(181)) - 88a80244-6d55-49cb-b386-f8c6afc0afd2@group-AD6B9460A82D: start as a follower, conf=-1: [88a80244-6d55-49cb-b386-f8c6afc0afd2:192.168.151.96:41493], old=null
2019-10-15 04:14:02,875 [pool-383-thread-1] INFO  impl.RaftServerImpl (RaftServerImpl.java:setRole(170)) - 88a80244-6d55-49cb-b386-f8c6afc0afd2@group-AD6B9460A82D: changes role from      null to FOLLOWER at term 0 for startAsFollower
2019-10-15 04:14:02,875 [pool-383-thread-1] INFO  impl.RoleInfo (RoleInfo.java:updateAndGet(143)) - 88a80244-6d55-49cb-b386-f8c6afc0afd2: start FollowerState
2019-10-15 04:14:02,876 [pool-383-thread-1] INFO  util.JmxRegister (JmxRegister.java:tryRegister(44)) - Successfully registered JMX Bean with object name Ratis:service=RaftServer,group=group-AD6B9460A82D,id=88a80244-6d55-49cb-b386-f8c6afc0afd2
2019-10-15 04:14:02,885 [RatisPipelineUtilsThread] INFO  pipeline.PipelineStateManager (PipelineStateManager.java:addPipeline(56)) - Created pipeline Pipeline[ Id: f96422cd-0a3b-4eab-80e5-ad6b9460a82d, Nodes: 88a80244-6d55-49cb-b386-f8c6afc0afd2{ip: 192.168.151.96, host: pr-hdds-2194-5wssm-2368079274, networkLocation: /default-rack, certSerialId: null}, Type:RATIS, Factor:ONE, State:OPEN]
2019-10-15 04:14:02,893 [grpc-default-executor-6] INFO  impl.RaftServerProxy (RaftServerProxy.java:addNew(89)) - 3e3feb47-3047-4f9f-89b5-cd40cbc24957: addNew group-E006BF029F2A:[3e3feb47-3047-4f9f-89b5-cd40cbc24957:192.168.151.96:42666] returns group-E006BF029F2A:java.util.concurrent.CompletableFuture@6c04b11b[Not completed]
2019-10-15 04:14:02,894 [pool-393-thread-1] INFO  impl.RaftServerImpl (RaftServerImpl.java:<init>(95)) - 3e3feb47-3047-4f9f-89b5-cd40cbc24957: new RaftServerImpl for group-E006BF029F2A:[3e3feb47-3047-4f9f-89b5-cd40cbc24957:192.168.151.96:42666] with ContainerStateMachine:uninitialized
2019-10-15 04:14:02,894 [pool-393-thread-1] INFO  server.RaftServerConfigKeys (ConfUtils.java:logGet(43)) - raft.server.rpc.timeout.min = 5s (custom)
2019-10-15 04:14:02,894 [pool-393-thread-1] INFO  server.RaftServerConfigKeys (ConfUtils.java:logGet(43)) - raft.server.rpc.timeout.max = 5200ms (custom)
2019-10-15 04:14:02,894 [pool-393-thread-1] INFO  server.RaftServerConfigKeys (ConfUtils.java:logGet(43)) - raft.server.rpcslowness.timeout = 120s (custom)
2019-10-15 04:14:02,895 [pool-393-thread-1] INFO  server.RaftServerConfigKeys (ConfUtils.java:logGet(43)) - raft.server.sleep.deviation.threshold = 300 (default)
2019-10-15 04:14:02,895 [pool-393-thread-1] INFO  server.RaftServerConfigKeys (ConfUtils.java:logGet(43)) - raft.server.log.appender.install.snapshot.enabled = false (custom)
2019-10-15 04:14:02,895 [pool-393-thread-1] INFO  impl.RaftServerImpl (ServerState.java:<init>(103)) - 3e3feb47-3047-4f9f-89b5-cd40cbc24957@group-E006BF029F2A: ConfigurationManager, init=-1: [3e3feb47-3047-4f9f-89b5-cd40cbc24957:192.168.151.96:42666], old=null, confs=<EMPTY_MAP>
2019-10-15 04:14:02,895 [pool-393-thread-1] INFO  server.RaftServerConfigKeys (ConfUtils.java:logGet(43)) - raft.server.storage.dir = [/workdir/hadoop-ozone/integration-test/target/test-dir/MiniOzoneClusterImpl-d45ffd01-825f-4527-9b26-6ed3d9db6876/datanode-1/data/ratis] (custom)
2019-10-15 04:14:02,895 [pool-393-thread-1] INFO  server.RaftServerConfigKeys (ConfUtils.java:logGet(43)) - raft.server.log.corruption.policy = EXCEPTION (default)
2019-10-15 04:14:02,895 [pool-393-thread-1] INFO  storage.RaftStorageDirectory (RaftStorageDirectory.java:analyzeStorage(246)) - The storage directory /workdir/hadoop-ozone/integration-test/target/test-dir/MiniOzoneClusterImpl-d45ffd01-825f-4527-9b26-6ed3d9db6876/datanode-1/data/ratis/1c011f6b-90a2-45fe-a171-e006bf029f2a does not exist. Creating ...
2019-10-15 04:14:02,925 [pool-393-thread-1] INFO  storage.RaftStorageDirectory (RaftStorageDirectory.java:tryLock(328)) - Lock on /workdir/hadoop-ozone/integration-test/target/test-dir/MiniOzoneClusterImpl-d45ffd01-825f-4527-9b26-6ed3d9db6876/datanode-1/data/ratis/1c011f6b-90a2-45fe-a171-e006bf029f2a/in_use.lock acquired by nodename 26144@pr-hdds-2194-5wssm-2368079274
2019-10-15 04:14:02,932 [IPC Server handler 4 on 33625] INFO  net.NetworkTopology (NetworkTopologyImpl.java:add(111)) - Added a new node: /default-rack/303f0228-c743-44bb-8a31-cb9ae4dee5ff
2019-10-15 04:14:02,932 [IPC Server handler 4 on 33625] INFO  node.SCMNodeManager (SCMNodeManager.java:register(268)) - Registered Data node : 303f0228-c743-44bb-8a31-cb9ae4dee5ff{ip: 192.168.151.96, host: pr-hdds-2194-5wssm-2368079274, networkLocation: /default-rack, certSerialId: null}
2019-10-15 04:14:02,959 [pool-393-thread-1] INFO  storage.RaftStorage (RaftStorage.java:format(84)) - Storage directory /workdir/hadoop-ozone/integration-test/target/test-dir/MiniOzoneClusterImpl-d45ffd01-825f-4527-9b26-6ed3d9db6876/datanode-1/data/ratis/1c011f6b-90a2-45fe-a171-e006bf029f2a has been successfully formatted.
2019-10-15 04:14:02,959 [pool-393-thread-1] INFO  ratis.ContainerStateMachine (ContainerStateMachine.java:loadSnapshot(231)) - group-E006BF029F2A: The snapshot info is null. Setting the last applied indexto:(t:0, i:~)
2019-10-15 04:14:02,959 [pool-393-thread-1] INFO  server.RaftServerConfigKeys (ConfUtils.java:logGet(43)) - raft.server.notification.no-leader.timeout = 120s (custom)
2019-10-15 04:14:02,959 [pool-393-thread-1] INFO  server.RaftServerConfigKeys (ConfUtils.java:logGet(43)) - raft.server.log.use.memory = false (default)
2019-10-15 04:14:02,959 [pool-393-thread-1] INFO  server.RaftServerConfigKeys (ConfUtils.java:logGet(43)) - raft.server.log.purge.gap = 1000000 (custom)
2019-10-15 04:14:02,959 [pool-393-thread-1] INFO  server.RaftServerConfigKeys (ConfUtils.java:logGet(43)) - raft.server.log.appender.buffer.byte-limit = 33554432 (custom)
2019-10-15 04:14:02,959 [pool-393-thread-1] INFO  server.RaftServerConfigKeys (ConfUtils.java:logGet(43)) - raft.server.log.segment.size.max = 1048576 (custom)
2019-10-15 04:14:02,961 [pool-393-thread-1] INFO  server.RaftServerConfigKeys (ConfUtils.java:logGet(43)) - raft.server.log.segment.cache.num.max = 2 (custom)
2019-10-15 04:14:02,961 [pool-393-thread-1] INFO  segmented.SegmentedRaftLogWorker (SegmentedRaftLogWorker.java:<init>(173)) - new 3e3feb47-3047-4f9f-89b5-cd40cbc24957@group-E006BF029F2A-SegmentedRaftLogWorker for RaftStorage:Storage Directory /workdir/hadoop-ozone/integration-test/target/test-dir/MiniOzoneClusterImpl-d45ffd01-825f-4527-9b26-6ed3d9db6876/datanode-1/data/ratis/1c011f6b-90a2-45fe-a171-e006bf029f2a
2019-10-15 04:14:02,961 [pool-393-thread-1] INFO  server.RaftServerConfigKeys (ConfUtils.java:logGet(43)) - raft.server.log.queue.byte-limit = 2147483647 (custom)
2019-10-15 04:14:02,961 [pool-393-thread-1] INFO  server.RaftServerConfigKeys (ConfUtils.java:logGet(43)) - raft.server.log.queue.element-limit = 1024 (custom)
2019-10-15 04:14:02,961 [pool-393-thread-1] INFO  server.RaftServerConfigKeys (ConfUtils.java:logGet(43)) - raft.server.log.segment.size.max = 1048576 (custom)
2019-10-15 04:14:02,961 [pool-393-thread-1] INFO  server.RaftServerConfigKeys (ConfUtils.java:logGet(43)) - raft.server.log.preallocated.size = 16384 (custom)
2019-10-15 04:14:02,961 [pool-393-thread-1] INFO  server.RaftServerConfigKeys (ConfUtils.java:logGet(43)) - raft.server.log.write.buffer.size = 33554432 (custom)
2019-10-15 04:14:02,961 [pool-393-thread-1] INFO  server.RaftServerConfigKeys (ConfUtils.java:logGet(43)) - raft.server.log.force.sync.num = 128 (default)
2019-10-15 04:14:02,962 [pool-393-thread-1] INFO  server.RaftServerConfigKeys (ConfUtils.java:logGet(43)) - raft.server.log.statemachine.data.sync = true (default)
2019-10-15 04:14:02,962 [pool-393-thread-1] INFO  server.RaftServerConfigKeys (ConfUtils.java:logGet(43)) - raft.server.log.statemachine.data.sync.timeout = 10s (default)
2019-10-15 04:14:02,962 [pool-393-thread-1] INFO  server.RaftServerConfigKeys (ConfUtils.java:logGet(43)) - raft.server.log.statemachine.data.sync.timeout.retry = -1 (default)
2019-10-15 04:14:02,962 [pool-393-thread-1] INFO  server.RaftServerConfigKeys (ConfUtils.java:logGet(43)) - raft.server.log.statemachine.data.caching.enabled = true (custom)
2019-10-15 04:14:02,962 [pool-393-thread-1] INFO  segmented.SegmentedRaftLogWorker (SegmentedRaftLogWorker.java:lambda$new$0(128)) - 3e3feb47-3047-4f9f-89b5-cd40cbc24957@group-E006BF029F2A-SegmentedRaftLogWorker: flushIndex: setUnconditionally 0 -> -1
2019-10-15 04:14:02,962 [pool-393-thread-1] INFO  server.RaftServerConfigKeys (ConfUtils.java:logGet(43)) - raft.server.snapshot.auto.trigger.enabled = true (custom)
2019-10-15 04:14:02,963 [pool-393-thread-1] INFO  server.RaftServerConfigKeys (ConfUtils.java:logGet(43)) - raft.server.snapshot.auto.trigger.threshold = 10000 (custom)
2019-10-15 04:14:02,963 [pool-393-thread-1] INFO  server.RaftServerConfigKeys (ConfUtils.java:logGet(43)) - raft.server.snapshot.retention.file.num = 5 (custom)
2019-10-15 04:14:02,963 [pool-393-thread-1] INFO  server.RaftServerConfigKeys (ConfUtils.java:logGet(43)) - raft.server.retrycache.expirytime = 600000ms (custom)
2019-10-15 04:14:02,964 [pool-393-thread-1] INFO  impl.RaftServerImpl (RaftServerImpl.java:start(181)) - 3e3feb47-3047-4f9f-89b5-cd40cbc24957@group-E006BF029F2A: start as a follower, conf=-1: [3e3feb47-3047-4f9f-89b5-cd40cbc24957:192.168.151.96:42666], old=null
2019-10-15 04:14:02,964 [pool-393-thread-1] INFO  impl.RaftServerImpl (RaftServerImpl.java:setRole(170)) - 3e3feb47-3047-4f9f-89b5-cd40cbc24957@group-E006BF029F2A: changes role from      null to FOLLOWER at term 0 for startAsFollower
2019-10-15 04:14:02,964 [pool-393-thread-1] INFO  impl.RoleInfo (RoleInfo.java:updateAndGet(143)) - 3e3feb47-3047-4f9f-89b5-cd40cbc24957: start FollowerState
2019-10-15 04:14:02,965 [pool-393-thread-1] INFO  util.JmxRegister (JmxRegister.java:tryRegister(44)) - Successfully registered JMX Bean with object name Ratis:service=RaftServer,group=group-E006BF029F2A,id=3e3feb47-3047-4f9f-89b5-cd40cbc24957
2019-10-15 04:14:02,970 [RatisPipelineUtilsThread] INFO  pipeline.PipelineStateManager (PipelineStateManager.java:addPipeline(56)) - Created pipeline Pipeline[ Id: 1c011f6b-90a2-45fe-a171-e006bf029f2a, Nodes: 3e3feb47-3047-4f9f-89b5-cd40cbc24957{ip: 192.168.151.96, host: pr-hdds-2194-5wssm-2368079274, networkLocation: /default-rack, certSerialId: null}, Type:RATIS, Factor:ONE, State:OPEN]
2019-10-15 04:14:02,979 [grpc-default-executor-1] INFO  impl.RaftServerProxy (RaftServerProxy.java:addNew(89)) - 303f0228-c743-44bb-8a31-cb9ae4dee5ff: addNew group-448D67CACE5E:[303f0228-c743-44bb-8a31-cb9ae4dee5ff:192.168.151.96:43679] returns group-448D67CACE5E:java.util.concurrent.CompletableFuture@6d2f50eb[Not completed]
2019-10-15 04:14:02,980 [pool-413-thread-1] INFO  impl.RaftServerImpl (RaftServerImpl.java:<init>(95)) - 303f0228-c743-44bb-8a31-cb9ae4dee5ff: new RaftServerImpl for group-448D67CACE5E:[303f0228-c743-44bb-8a31-cb9ae4dee5ff:192.168.151.96:43679] with ContainerStateMachine:uninitialized
2019-10-15 04:14:02,980 [pool-413-thread-1] INFO  server.RaftServerConfigKeys (ConfUtils.java:logGet(43)) - raft.server.rpc.timeout.min = 5s (custom)
2019-10-15 04:14:02,980 [pool-413-thread-1] INFO  server.RaftServerConfigKeys (ConfUtils.java:logGet(43)) - raft.server.rpc.timeout.max = 5200ms (custom)
2019-10-15 04:14:02,981 [pool-413-thread-1] INFO  server.RaftServerConfigKeys (ConfUtils.java:logGet(43)) - raft.server.rpcslowness.timeout = 120s (custom)
2019-10-15 04:14:02,981 [pool-413-thread-1] INFO  server.RaftServerConfigKeys (ConfUtils.java:logGet(43)) - raft.server.sleep.deviation.threshold = 300 (default)
2019-10-15 04:14:02,981 [pool-413-thread-1] INFO  server.RaftServerConfigKeys (ConfUtils.java:logGet(43)) - raft.server.log.appender.install.snapshot.enabled = false (custom)
2019-10-15 04:14:02,981 [pool-413-thread-1] INFO  impl.RaftServerImpl (ServerState.java:<init>(103)) - 303f0228-c743-44bb-8a31-cb9ae4dee5ff@group-448D67CACE5E: ConfigurationManager, init=-1: [303f0228-c743-44bb-8a31-cb9ae4dee5ff:192.168.151.96:43679], old=null, confs=<EMPTY_MAP>
2019-10-15 04:14:02,981 [pool-413-thread-1] INFO  server.RaftServerConfigKeys (ConfUtils.java:logGet(43)) - raft.server.storage.dir = [/workdir/hadoop-ozone/integration-test/target/test-dir/MiniOzoneClusterImpl-d45ffd01-825f-4527-9b26-6ed3d9db6876/datanode-3/data/ratis] (custom)
2019-10-15 04:14:02,981 [pool-413-thread-1] INFO  server.RaftServerConfigKeys (ConfUtils.java:logGet(43)) - raft.server.log.corruption.policy = EXCEPTION (default)
2019-10-15 04:14:02,982 [pool-413-thread-1] INFO  storage.RaftStorageDirectory (RaftStorageDirectory.java:analyzeStorage(246)) - The storage directory /workdir/hadoop-ozone/integration-test/target/test-dir/MiniOzoneClusterImpl-d45ffd01-825f-4527-9b26-6ed3d9db6876/datanode-3/data/ratis/192154e6-e14a-4fc9-aef3-448d67cace5e does not exist. Creating ...
2019-10-15 04:14:03,004 [IPC Server handler 5 on 33625] INFO  net.NetworkTopology (NetworkTopologyImpl.java:add(111)) - Added a new node: /default-rack/6bfbd448-fd10-4d88-98a5-4a2957d888a8
2019-10-15 04:14:03,004 [IPC Server handler 5 on 33625] INFO  node.SCMNodeManager (SCMNodeManager.java:register(268)) - Registered Data node : 6bfbd448-fd10-4d88-98a5-4a2957d888a8{ip: 192.168.151.96, host: pr-hdds-2194-5wssm-2368079274, networkLocation: /default-rack, certSerialId: null}
2019-10-15 04:14:03,009 [pool-413-thread-1] INFO  storage.RaftStorageDirectory (RaftStorageDirectory.java:tryLock(328)) - Lock on /workdir/hadoop-ozone/integration-test/target/test-dir/MiniOzoneClusterImpl-d45ffd01-825f-4527-9b26-6ed3d9db6876/datanode-3/data/ratis/192154e6-e14a-4fc9-aef3-448d67cace5e/in_use.lock acquired by nodename 26144@pr-hdds-2194-5wssm-2368079274
2019-10-15 04:14:03,059 [pool-413-thread-1] INFO  storage.RaftStorage (RaftStorage.java:format(84)) - Storage directory /workdir/hadoop-ozone/integration-test/target/test-dir/MiniOzoneClusterImpl-d45ffd01-825f-4527-9b26-6ed3d9db6876/datanode-3/data/ratis/192154e6-e14a-4fc9-aef3-448d67cace5e has been successfully formatted.
2019-10-15 04:14:03,060 [pool-413-thread-1] INFO  ratis.ContainerStateMachine (ContainerStateMachine.java:loadSnapshot(231)) - group-448D67CACE5E: The snapshot info is null. Setting the last applied indexto:(t:0, i:~)
2019-10-15 04:14:03,060 [pool-413-thread-1] INFO  server.RaftServerConfigKeys (ConfUtils.java:logGet(43)) - raft.server.notification.no-leader.timeout = 120s (custom)
2019-10-15 04:14:03,060 [pool-413-thread-1] INFO  server.RaftServerConfigKeys (ConfUtils.java:logGet(43)) - raft.server.log.use.memory = false (default)
2019-10-15 04:14:03,060 [pool-413-thread-1] INFO  server.RaftServerConfigKeys (ConfUtils.java:logGet(43)) - raft.server.log.purge.gap = 1000000 (custom)
2019-10-15 04:14:03,060 [pool-413-thread-1] INFO  server.RaftServerConfigKeys (ConfUtils.java:logGet(43)) - raft.server.log.appender.buffer.byte-limit = 33554432 (custom)
2019-10-15 04:14:03,060 [pool-413-thread-1] INFO  server.RaftServerConfigKeys (ConfUtils.java:logGet(43)) - raft.server.log.segment.size.max = 1048576 (custom)
2019-10-15 04:14:03,062 [pool-413-thread-1] INFO  server.RaftServerConfigKeys (ConfUtils.java:logGet(43)) - raft.server.log.segment.cache.num.max = 2 (custom)
2019-10-15 04:14:03,062 [pool-413-thread-1] INFO  segmented.SegmentedRaftLogWorker (SegmentedRaftLogWorker.java:<init>(173)) - new 303f0228-c743-44bb-8a31-cb9ae4dee5ff@group-448D67CACE5E-SegmentedRaftLogWorker for RaftStorage:Storage Directory /workdir/hadoop-ozone/integration-test/target/test-dir/MiniOzoneClusterImpl-d45ffd01-825f-4527-9b26-6ed3d9db6876/datanode-3/data/ratis/192154e6-e14a-4fc9-aef3-448d67cace5e
2019-10-15 04:14:03,063 [pool-413-thread-1] INFO  server.RaftServerConfigKeys (ConfUtils.java:logGet(43)) - raft.server.log.queue.byte-limit = 2147483647 (custom)
2019-10-15 04:14:03,063 [pool-413-thread-1] INFO  server.RaftServerConfigKeys (ConfUtils.java:logGet(43)) - raft.server.log.queue.element-limit = 1024 (custom)
2019-10-15 04:14:03,063 [pool-413-thread-1] INFO  server.RaftServerConfigKeys (ConfUtils.java:logGet(43)) - raft.server.log.segment.size.max = 1048576 (custom)
2019-10-15 04:14:03,063 [pool-413-thread-1] INFO  server.RaftServerConfigKeys (ConfUtils.java:logGet(43)) - raft.server.log.preallocated.size = 16384 (custom)
2019-10-15 04:14:03,063 [pool-413-thread-1] INFO  server.RaftServerConfigKeys (ConfUtils.java:logGet(43)) - raft.server.log.write.buffer.size = 33554432 (custom)
2019-10-15 04:14:03,063 [pool-413-thread-1] INFO  server.RaftServerConfigKeys (ConfUtils.java:logGet(43)) - raft.server.log.force.sync.num = 128 (default)
2019-10-15 04:14:03,063 [pool-413-thread-1] INFO  server.RaftServerConfigKeys (ConfUtils.java:logGet(43)) - raft.server.log.statemachine.data.sync = true (default)
2019-10-15 04:14:03,064 [pool-413-thread-1] INFO  server.RaftServerConfigKeys (ConfUtils.java:logGet(43)) - raft.server.log.statemachine.data.sync.timeout = 10s (default)
2019-10-15 04:14:03,064 [pool-413-thread-1] INFO  server.RaftServerConfigKeys (ConfUtils.java:logGet(43)) - raft.server.log.statemachine.data.sync.timeout.retry = -1 (default)
2019-10-15 04:14:03,064 [pool-413-thread-1] INFO  server.RaftServerConfigKeys (ConfUtils.java:logGet(43)) - raft.server.log.statemachine.data.caching.enabled = true (custom)
2019-10-15 04:14:03,064 [pool-413-thread-1] INFO  segmented.SegmentedRaftLogWorker (SegmentedRaftLogWorker.java:lambda$new$0(128)) - 303f0228-c743-44bb-8a31-cb9ae4dee5ff@group-448D67CACE5E-SegmentedRaftLogWorker: flushIndex: setUnconditionally 0 -> -1
2019-10-15 04:14:03,065 [pool-413-thread-1] INFO  server.RaftServerConfigKeys (ConfUtils.java:logGet(43)) - raft.server.snapshot.auto.trigger.enabled = true (custom)
2019-10-15 04:14:03,065 [pool-413-thread-1] INFO  server.RaftServerConfigKeys (ConfUtils.java:logGet(43)) - raft.server.snapshot.auto.trigger.threshold = 10000 (custom)
2019-10-15 04:14:03,065 [pool-413-thread-1] INFO  server.RaftServerConfigKeys (ConfUtils.java:logGet(43)) - raft.server.snapshot.retention.file.num = 5 (custom)
2019-10-15 04:14:03,065 [pool-413-thread-1] INFO  server.RaftServerConfigKeys (ConfUtils.java:logGet(43)) - raft.server.retrycache.expirytime = 600000ms (custom)
2019-10-15 04:14:03,067 [pool-413-thread-1] INFO  impl.RaftServerImpl (RaftServerImpl.java:start(181)) - 303f0228-c743-44bb-8a31-cb9ae4dee5ff@group-448D67CACE5E: start as a follower, conf=-1: [303f0228-c743-44bb-8a31-cb9ae4dee5ff:192.168.151.96:43679], old=null
2019-10-15 04:14:03,067 [pool-413-thread-1] INFO  impl.RaftServerImpl (RaftServerImpl.java:setRole(170)) - 303f0228-c743-44bb-8a31-cb9ae4dee5ff@group-448D67CACE5E: changes role from      null to FOLLOWER at term 0 for startAsFollower
2019-10-15 04:14:03,067 [pool-413-thread-1] INFO  impl.RoleInfo (RoleInfo.java:updateAndGet(143)) - 303f0228-c743-44bb-8a31-cb9ae4dee5ff: start FollowerState
2019-10-15 04:14:03,067 [pool-413-thread-1] INFO  util.JmxRegister (JmxRegister.java:tryRegister(44)) - Successfully registered JMX Bean with object name Ratis:service=RaftServer,group=group-448D67CACE5E,id=303f0228-c743-44bb-8a31-cb9ae4dee5ff
2019-10-15 04:14:03,074 [RatisPipelineUtilsThread] INFO  pipeline.PipelineStateManager (PipelineStateManager.java:addPipeline(56)) - Created pipeline Pipeline[ Id: 192154e6-e14a-4fc9-aef3-448d67cace5e, Nodes: 303f0228-c743-44bb-8a31-cb9ae4dee5ff{ip: 192.168.151.96, host: pr-hdds-2194-5wssm-2368079274, networkLocation: /default-rack, certSerialId: null}, Type:RATIS, Factor:ONE, State:OPEN]
2019-10-15 04:14:03,082 [grpc-default-executor-1] INFO  impl.RaftServerProxy (RaftServerProxy.java:addNew(89)) - 6bfbd448-fd10-4d88-98a5-4a2957d888a8: addNew group-9BB5FE87EE3F:[6bfbd448-fd10-4d88-98a5-4a2957d888a8:192.168.151.96:40714] returns group-9BB5FE87EE3F:java.util.concurrent.CompletableFuture@a3adc65[Not completed]
2019-10-15 04:14:03,084 [pool-423-thread-1] INFO  impl.RaftServerImpl (RaftServerImpl.java:<init>(95)) - 6bfbd448-fd10-4d88-98a5-4a2957d888a8: new RaftServerImpl for group-9BB5FE87EE3F:[6bfbd448-fd10-4d88-98a5-4a2957d888a8:192.168.151.96:40714] with ContainerStateMachine:uninitialized
2019-10-15 04:14:03,084 [pool-423-thread-1] INFO  server.RaftServerConfigKeys (ConfUtils.java:logGet(43)) - raft.server.rpc.timeout.min = 5s (custom)
2019-10-15 04:14:03,084 [pool-423-thread-1] INFO  server.RaftServerConfigKeys (ConfUtils.java:logGet(43)) - raft.server.rpc.timeout.max = 5200ms (custom)
2019-10-15 04:14:03,084 [pool-423-thread-1] INFO  server.RaftServerConfigKeys (ConfUtils.java:logGet(43)) - raft.server.rpcslowness.timeout = 120s (custom)
2019-10-15 04:14:03,084 [pool-423-thread-1] INFO  server.RaftServerConfigKeys (ConfUtils.java:logGet(43)) - raft.server.sleep.deviation.threshold = 300 (default)
2019-10-15 04:14:03,084 [pool-423-thread-1] INFO  server.RaftServerConfigKeys (ConfUtils.java:logGet(43)) - raft.server.log.appender.install.snapshot.enabled = false (custom)
2019-10-15 04:14:03,084 [pool-423-thread-1] INFO  impl.RaftServerImpl (ServerState.java:<init>(103)) - 6bfbd448-fd10-4d88-98a5-4a2957d888a8@group-9BB5FE87EE3F: ConfigurationManager, init=-1: [6bfbd448-fd10-4d88-98a5-4a2957d888a8:192.168.151.96:40714], old=null, confs=<EMPTY_MAP>
2019-10-15 04:14:03,085 [pool-423-thread-1] INFO  server.RaftServerConfigKeys (ConfUtils.java:logGet(43)) - raft.server.storage.dir = [/workdir/hadoop-ozone/integration-test/target/test-dir/MiniOzoneClusterImpl-d45ffd01-825f-4527-9b26-6ed3d9db6876/datanode-4/data/ratis] (custom)
2019-10-15 04:14:03,085 [pool-423-thread-1] INFO  server.RaftServerConfigKeys (ConfUtils.java:logGet(43)) - raft.server.log.corruption.policy = EXCEPTION (default)
2019-10-15 04:14:03,085 [pool-423-thread-1] INFO  storage.RaftStorageDirectory (RaftStorageDirectory.java:analyzeStorage(246)) - The storage directory /workdir/hadoop-ozone/integration-test/target/test-dir/MiniOzoneClusterImpl-d45ffd01-825f-4527-9b26-6ed3d9db6876/datanode-4/data/ratis/30c2e4e3-aad3-4206-8884-9bb5fe87ee3f does not exist. Creating ...
2019-10-15 04:14:03,087 [IPC Server handler 7 on 33625] INFO  net.NetworkTopology (NetworkTopologyImpl.java:add(111)) - Added a new node: /default-rack/ab22d543-11b0-4b26-879c-d86be21e1c02
2019-10-15 04:14:03,087 [IPC Server handler 7 on 33625] INFO  node.SCMNodeManager (SCMNodeManager.java:register(268)) - Registered Data node : ab22d543-11b0-4b26-879c-d86be21e1c02{ip: 192.168.151.96, host: pr-hdds-2194-5wssm-2368079274, networkLocation: /default-rack, certSerialId: null}
2019-10-15 04:14:03,118 [pool-423-thread-1] INFO  storage.RaftStorageDirectory (RaftStorageDirectory.java:tryLock(328)) - Lock on /workdir/hadoop-ozone/integration-test/target/test-dir/MiniOzoneClusterImpl-d45ffd01-825f-4527-9b26-6ed3d9db6876/datanode-4/data/ratis/30c2e4e3-aad3-4206-8884-9bb5fe87ee3f/in_use.lock acquired by nodename 26144@pr-hdds-2194-5wssm-2368079274
2019-10-15 04:14:03,152 [pool-423-thread-1] INFO  storage.RaftStorage (RaftStorage.java:format(84)) - Storage directory /workdir/hadoop-ozone/integration-test/target/test-dir/MiniOzoneClusterImpl-d45ffd01-825f-4527-9b26-6ed3d9db6876/datanode-4/data/ratis/30c2e4e3-aad3-4206-8884-9bb5fe87ee3f has been successfully formatted.
2019-10-15 04:14:03,152 [pool-423-thread-1] INFO  ratis.ContainerStateMachine (ContainerStateMachine.java:loadSnapshot(231)) - group-9BB5FE87EE3F: The snapshot info is null. Setting the last applied indexto:(t:0, i:~)
2019-10-15 04:14:03,152 [pool-423-thread-1] INFO  server.RaftServerConfigKeys (ConfUtils.java:logGet(43)) - raft.server.notification.no-leader.timeout = 120s (custom)
2019-10-15 04:14:03,152 [pool-423-thread-1] INFO  server.RaftServerConfigKeys (ConfUtils.java:logGet(43)) - raft.server.log.use.memory = false (default)
2019-10-15 04:14:03,152 [pool-423-thread-1] INFO  server.RaftServerConfigKeys (ConfUtils.java:logGet(43)) - raft.server.log.purge.gap = 1000000 (custom)
2019-10-15 04:14:03,153 [pool-423-thread-1] INFO  server.RaftServerConfigKeys (ConfUtils.java:logGet(43)) - raft.server.log.appender.buffer.byte-limit = 33554432 (custom)
2019-10-15 04:14:03,153 [pool-423-thread-1] INFO  server.RaftServerConfigKeys (ConfUtils.java:logGet(43)) - raft.server.log.segment.size.max = 1048576 (custom)
2019-10-15 04:14:03,155 [pool-423-thread-1] INFO  server.RaftServerConfigKeys (ConfUtils.java:logGet(43)) - raft.server.log.segment.cache.num.max = 2 (custom)
2019-10-15 04:14:03,155 [pool-423-thread-1] INFO  segmented.SegmentedRaftLogWorker (SegmentedRaftLogWorker.java:<init>(173)) - new 6bfbd448-fd10-4d88-98a5-4a2957d888a8@group-9BB5FE87EE3F-SegmentedRaftLogWorker for RaftStorage:Storage Directory /workdir/hadoop-ozone/integration-test/target/test-dir/MiniOzoneClusterImpl-d45ffd01-825f-4527-9b26-6ed3d9db6876/datanode-4/data/ratis/30c2e4e3-aad3-4206-8884-9bb5fe87ee3f
2019-10-15 04:14:03,156 [pool-423-thread-1] INFO  server.RaftServerConfigKeys (ConfUtils.java:logGet(43)) - raft.server.log.queue.byte-limit = 2147483647 (custom)
2019-10-15 04:14:03,156 [pool-423-thread-1] INFO  server.RaftServerConfigKeys (ConfUtils.java:logGet(43)) - raft.server.log.queue.element-limit = 1024 (custom)
2019-10-15 04:14:03,156 [pool-423-thread-1] INFO  server.RaftServerConfigKeys (ConfUtils.java:logGet(43)) - raft.server.log.segment.size.max = 1048576 (custom)
2019-10-15 04:14:03,156 [pool-423-thread-1] INFO  server.RaftServerConfigKeys (ConfUtils.java:logGet(43)) - raft.server.log.preallocated.size = 16384 (custom)
2019-10-15 04:14:03,156 [pool-423-thread-1] INFO  server.RaftServerConfigKeys (ConfUtils.java:logGet(43)) - raft.server.log.write.buffer.size = 33554432 (custom)
2019-10-15 04:14:03,156 [pool-423-thread-1] INFO  server.RaftServerConfigKeys (ConfUtils.java:logGet(43)) - raft.server.log.force.sync.num = 128 (default)
2019-10-15 04:14:03,157 [pool-423-thread-1] INFO  server.RaftServerConfigKeys (ConfUtils.java:logGet(43)) - raft.server.log.statemachine.data.sync = true (default)
2019-10-15 04:14:03,157 [pool-423-thread-1] INFO  server.RaftServerConfigKeys (ConfUtils.java:logGet(43)) - raft.server.log.statemachine.data.sync.timeout = 10s (default)
2019-10-15 04:14:03,157 [pool-423-thread-1] INFO  server.RaftServerConfigKeys (ConfUtils.java:logGet(43)) - raft.server.log.statemachine.data.sync.timeout.retry = -1 (default)
2019-10-15 04:14:03,157 [pool-423-thread-1] INFO  server.RaftServerConfigKeys (ConfUtils.java:logGet(43)) - raft.server.log.statemachine.data.caching.enabled = true (custom)
2019-10-15 04:14:03,158 [pool-423-thread-1] INFO  segmented.SegmentedRaftLogWorker (SegmentedRaftLogWorker.java:lambda$new$0(128)) - 6bfbd448-fd10-4d88-98a5-4a2957d888a8@group-9BB5FE87EE3F-SegmentedRaftLogWorker: flushIndex: setUnconditionally 0 -> -1
2019-10-15 04:14:03,158 [pool-423-thread-1] INFO  server.RaftServerConfigKeys (ConfUtils.java:logGet(43)) - raft.server.snapshot.auto.trigger.enabled = true (custom)
2019-10-15 04:14:03,158 [pool-423-thread-1] INFO  server.RaftServerConfigKeys (ConfUtils.java:logGet(43)) - raft.server.snapshot.auto.trigger.threshold = 10000 (custom)
2019-10-15 04:14:03,158 [pool-423-thread-1] INFO  server.RaftServerConfigKeys (ConfUtils.java:logGet(43)) - raft.server.snapshot.retention.file.num = 5 (custom)
2019-10-15 04:14:03,159 [pool-423-thread-1] INFO  server.RaftServerConfigKeys (ConfUtils.java:logGet(43)) - raft.server.retrycache.expirytime = 600000ms (custom)
2019-10-15 04:14:03,161 [pool-423-thread-1] INFO  impl.RaftServerImpl (RaftServerImpl.java:start(181)) - 6bfbd448-fd10-4d88-98a5-4a2957d888a8@group-9BB5FE87EE3F: start as a follower, conf=-1: [6bfbd448-fd10-4d88-98a5-4a2957d888a8:192.168.151.96:40714], old=null
2019-10-15 04:14:03,161 [IPC Server handler 3 on 33625] INFO  net.NetworkTopology (NetworkTopologyImpl.java:add(111)) - Added a new node: /default-rack/c36f84cd-ba91-4ebb-a735-69fb0bbd9ede
2019-10-15 04:14:03,161 [pool-423-thread-1] INFO  impl.RaftServerImpl (RaftServerImpl.java:setRole(170)) - 6bfbd448-fd10-4d88-98a5-4a2957d888a8@group-9BB5FE87EE3F: changes role from      null to FOLLOWER at term 0 for startAsFollower
2019-10-15 04:14:03,161 [IPC Server handler 3 on 33625] INFO  node.SCMNodeManager (SCMNodeManager.java:register(268)) - Registered Data node : c36f84cd-ba91-4ebb-a735-69fb0bbd9ede{ip: 192.168.151.96, host: pr-hdds-2194-5wssm-2368079274, networkLocation: /default-rack, certSerialId: null}
2019-10-15 04:14:03,161 [pool-423-thread-1] INFO  impl.RoleInfo (RoleInfo.java:updateAndGet(143)) - 6bfbd448-fd10-4d88-98a5-4a2957d888a8: start FollowerState
2019-10-15 04:14:03,162 [pool-423-thread-1] INFO  util.JmxRegister (JmxRegister.java:tryRegister(44)) - Successfully registered JMX Bean with object name Ratis:service=RaftServer,group=group-9BB5FE87EE3F,id=6bfbd448-fd10-4d88-98a5-4a2957d888a8
2019-10-15 04:14:03,170 [RatisPipelineUtilsThread] INFO  pipeline.PipelineStateManager (PipelineStateManager.java:addPipeline(56)) - Created pipeline Pipeline[ Id: 30c2e4e3-aad3-4206-8884-9bb5fe87ee3f, Nodes: 6bfbd448-fd10-4d88-98a5-4a2957d888a8{ip: 192.168.151.96, host: pr-hdds-2194-5wssm-2368079274, networkLocation: /default-rack, certSerialId: null}, Type:RATIS, Factor:ONE, State:OPEN]
2019-10-15 04:14:03,176 [main] INFO  ozone.MiniOzoneClusterImpl (MiniOzoneClusterImpl.java:lambda$waitForClusterToBeReady$0(147)) - Cluster is ready. Got 7 of 7 DN Heartbeats.
2019-10-15 04:14:03,179 [grpc-default-executor-1] INFO  impl.RaftServerProxy (RaftServerProxy.java:addNew(89)) - c36f84cd-ba91-4ebb-a735-69fb0bbd9ede: addNew group-2F53FFCD8114:[c36f84cd-ba91-4ebb-a735-69fb0bbd9ede:192.168.151.96:40111] returns group-2F53FFCD8114:java.util.concurrent.CompletableFuture@16b9a2e2[Not completed]
2019-10-15 04:14:03,182 [pool-443-thread-1] INFO  impl.RaftServerImpl (RaftServerImpl.java:<init>(95)) - c36f84cd-ba91-4ebb-a735-69fb0bbd9ede: new RaftServerImpl for group-2F53FFCD8114:[c36f84cd-ba91-4ebb-a735-69fb0bbd9ede:192.168.151.96:40111] with ContainerStateMachine:uninitialized
2019-10-15 04:14:03,182 [pool-443-thread-1] INFO  server.RaftServerConfigKeys (ConfUtils.java:logGet(43)) - raft.server.rpc.timeout.min = 5s (custom)
2019-10-15 04:14:03,182 [pool-443-thread-1] INFO  server.RaftServerConfigKeys (ConfUtils.java:logGet(43)) - raft.server.rpc.timeout.max = 5200ms (custom)
2019-10-15 04:14:03,182 [pool-443-thread-1] INFO  server.RaftServerConfigKeys (ConfUtils.java:logGet(43)) - raft.server.rpcslowness.timeout = 120s (custom)
2019-10-15 04:14:03,182 [pool-443-thread-1] INFO  server.RaftServerConfigKeys (ConfUtils.java:logGet(43)) - raft.server.sleep.deviation.threshold = 300 (default)
2019-10-15 04:14:03,183 [pool-443-thread-1] INFO  server.RaftServerConfigKeys (ConfUtils.java:logGet(43)) - raft.server.log.appender.install.snapshot.enabled = false (custom)
2019-10-15 04:14:03,183 [pool-443-thread-1] INFO  impl.RaftServerImpl (ServerState.java:<init>(103)) - c36f84cd-ba91-4ebb-a735-69fb0bbd9ede@group-2F53FFCD8114: ConfigurationManager, init=-1: [c36f84cd-ba91-4ebb-a735-69fb0bbd9ede:192.168.151.96:40111], old=null, confs=<EMPTY_MAP>
2019-10-15 04:14:03,183 [pool-443-thread-1] INFO  server.RaftServerConfigKeys (ConfUtils.java:logGet(43)) - raft.server.storage.dir = [/workdir/hadoop-ozone/integration-test/target/test-dir/MiniOzoneClusterImpl-d45ffd01-825f-4527-9b26-6ed3d9db6876/datanode-6/data/ratis] (custom)
2019-10-15 04:14:03,183 [pool-443-thread-1] INFO  server.RaftServerConfigKeys (ConfUtils.java:logGet(43)) - raft.server.log.corruption.policy = EXCEPTION (default)
2019-10-15 04:14:03,189 [pool-443-thread-1] INFO  storage.RaftStorageDirectory (RaftStorageDirectory.java:analyzeStorage(246)) - The storage directory /workdir/hadoop-ozone/integration-test/target/test-dir/MiniOzoneClusterImpl-d45ffd01-825f-4527-9b26-6ed3d9db6876/datanode-6/data/ratis/a595aac3-6f23-4d33-8270-2f53ffcd8114 does not exist. Creating ...
2019-10-15 04:14:03,210 [main] INFO  rpc.RpcClient (RpcClient.java:createVolume(272)) - Creating Volume: watchforcommithandlingtest, with jenkins1000 as owner.
2019-10-15 04:14:03,213 [IPC Server handler 0 on 35578] INFO  volume.OMVolumeCreateRequest (OMVolumeCreateRequest.java:validateAndUpdateCache(193)) - created volume:watchforcommithandlingtest for user:jenkins1000
2019-10-15 04:14:03,222 [pool-443-thread-1] INFO  storage.RaftStorageDirectory (RaftStorageDirectory.java:tryLock(328)) - Lock on /workdir/hadoop-ozone/integration-test/target/test-dir/MiniOzoneClusterImpl-d45ffd01-825f-4527-9b26-6ed3d9db6876/datanode-6/data/ratis/a595aac3-6f23-4d33-8270-2f53ffcd8114/in_use.lock acquired by nodename 26144@pr-hdds-2194-5wssm-2368079274
2019-10-15 04:14:03,224 [main] INFO  rpc.RpcClient (RpcClient.java:createBucket(411)) - Creating Bucket: watchforcommithandlingtest/watchforcommithandlingtest, with Versioning false and Storage Type set to DISK and Encryption set to false 
2019-10-15 04:14:03,228 [main] INFO  ozone.MiniOzoneClusterImpl (MiniOzoneClusterImpl.java:getStorageContainerLocationClient(234)) - Creating StorageContainerLocationProtocol RPC client with address /0.0.0.0:44198
2019-10-15 04:14:03,270 [pool-443-thread-1] INFO  storage.RaftStorage (RaftStorage.java:format(84)) - Storage directory /workdir/hadoop-ozone/integration-test/target/test-dir/MiniOzoneClusterImpl-d45ffd01-825f-4527-9b26-6ed3d9db6876/datanode-6/data/ratis/a595aac3-6f23-4d33-8270-2f53ffcd8114 has been successfully formatted.
2019-10-15 04:14:03,270 [pool-443-thread-1] INFO  ratis.ContainerStateMachine (ContainerStateMachine.java:loadSnapshot(231)) - group-2F53FFCD8114: The snapshot info is null. Setting the last applied indexto:(t:0, i:~)
2019-10-15 04:14:03,271 [pool-443-thread-1] INFO  server.RaftServerConfigKeys (ConfUtils.java:logGet(43)) - raft.server.notification.no-leader.timeout = 120s (custom)
2019-10-15 04:14:03,271 [pool-443-thread-1] INFO  server.RaftServerConfigKeys (ConfUtils.java:logGet(43)) - raft.server.log.use.memory = false (default)
2019-10-15 04:14:03,271 [pool-443-thread-1] INFO  server.RaftServerConfigKeys (ConfUtils.java:logGet(43)) - raft.server.log.purge.gap = 1000000 (custom)
2019-10-15 04:14:03,271 [pool-443-thread-1] INFO  server.RaftServerConfigKeys (ConfUtils.java:logGet(43)) - raft.server.log.appender.buffer.byte-limit = 33554432 (custom)
2019-10-15 04:14:03,271 [pool-443-thread-1] INFO  server.RaftServerConfigKeys (ConfUtils.java:logGet(43)) - raft.server.log.segment.size.max = 1048576 (custom)
2019-10-15 04:14:03,273 [pool-443-thread-1] INFO  server.RaftServerConfigKeys (ConfUtils.java:logGet(43)) - raft.server.log.segment.cache.num.max = 2 (custom)
2019-10-15 04:14:03,273 [pool-443-thread-1] INFO  segmented.SegmentedRaftLogWorker (SegmentedRaftLogWorker.java:<init>(173)) - new c36f84cd-ba91-4ebb-a735-69fb0bbd9ede@group-2F53FFCD8114-SegmentedRaftLogWorker for RaftStorage:Storage Directory /workdir/hadoop-ozone/integration-test/target/test-dir/MiniOzoneClusterImpl-d45ffd01-825f-4527-9b26-6ed3d9db6876/datanode-6/data/ratis/a595aac3-6f23-4d33-8270-2f53ffcd8114
2019-10-15 04:14:03,273 [pool-443-thread-1] INFO  server.RaftServerConfigKeys (ConfUtils.java:logGet(43)) - raft.server.log.queue.byte-limit = 2147483647 (custom)
2019-10-15 04:14:03,273 [pool-443-thread-1] INFO  server.RaftServerConfigKeys (ConfUtils.java:logGet(43)) - raft.server.log.queue.element-limit = 1024 (custom)
2019-10-15 04:14:03,273 [pool-443-thread-1] INFO  server.RaftServerConfigKeys (ConfUtils.java:logGet(43)) - raft.server.log.segment.size.max = 1048576 (custom)
2019-10-15 04:14:03,273 [pool-443-thread-1] INFO  server.RaftServerConfigKeys (ConfUtils.java:logGet(43)) - raft.server.log.preallocated.size = 16384 (custom)
2019-10-15 04:14:03,273 [pool-443-thread-1] INFO  server.RaftServerConfigKeys (ConfUtils.java:logGet(43)) - raft.server.log.write.buffer.size = 33554432 (custom)
2019-10-15 04:14:03,273 [pool-443-thread-1] INFO  server.RaftServerConfigKeys (ConfUtils.java:logGet(43)) - raft.server.log.force.sync.num = 128 (default)
2019-10-15 04:14:03,273 [pool-443-thread-1] INFO  server.RaftServerConfigKeys (ConfUtils.java:logGet(43)) - raft.server.log.statemachine.data.sync = true (default)
2019-10-15 04:14:03,273 [pool-443-thread-1] INFO  server.RaftServerConfigKeys (ConfUtils.java:logGet(43)) - raft.server.log.statemachine.data.sync.timeout = 10s (default)
2019-10-15 04:14:03,273 [pool-443-thread-1] INFO  server.RaftServerConfigKeys (ConfUtils.java:logGet(43)) - raft.server.log.statemachine.data.sync.timeout.retry = -1 (default)
2019-10-15 04:14:03,274 [pool-443-thread-1] INFO  server.RaftServerConfigKeys (ConfUtils.java:logGet(43)) - raft.server.log.statemachine.data.caching.enabled = true (custom)
2019-10-15 04:14:03,274 [pool-443-thread-1] INFO  segmented.SegmentedRaftLogWorker (SegmentedRaftLogWorker.java:lambda$new$0(128)) - c36f84cd-ba91-4ebb-a735-69fb0bbd9ede@group-2F53FFCD8114-SegmentedRaftLogWorker: flushIndex: setUnconditionally 0 -> -1
2019-10-15 04:14:03,274 [pool-443-thread-1] INFO  server.RaftServerConfigKeys (ConfUtils.java:logGet(43)) - raft.server.snapshot.auto.trigger.enabled = true (custom)
2019-10-15 04:14:03,274 [pool-443-thread-1] INFO  server.RaftServerConfigKeys (ConfUtils.java:logGet(43)) - raft.server.snapshot.auto.trigger.threshold = 10000 (custom)
2019-10-15 04:14:03,274 [pool-443-thread-1] INFO  server.RaftServerConfigKeys (ConfUtils.java:logGet(43)) - raft.server.snapshot.retention.file.num = 5 (custom)
2019-10-15 04:14:03,275 [pool-443-thread-1] INFO  server.RaftServerConfigKeys (ConfUtils.java:logGet(43)) - raft.server.retrycache.expirytime = 600000ms (custom)
2019-10-15 04:14:03,276 [pool-443-thread-1] INFO  impl.RaftServerImpl (RaftServerImpl.java:start(181)) - c36f84cd-ba91-4ebb-a735-69fb0bbd9ede@group-2F53FFCD8114: start as a follower, conf=-1: [c36f84cd-ba91-4ebb-a735-69fb0bbd9ede:192.168.151.96:40111], old=null
2019-10-15 04:14:03,276 [pool-443-thread-1] INFO  impl.RaftServerImpl (RaftServerImpl.java:setRole(170)) - c36f84cd-ba91-4ebb-a735-69fb0bbd9ede@group-2F53FFCD8114: changes role from      null to FOLLOWER at term 0 for startAsFollower
2019-10-15 04:14:03,276 [pool-443-thread-1] INFO  impl.RoleInfo (RoleInfo.java:updateAndGet(143)) - c36f84cd-ba91-4ebb-a735-69fb0bbd9ede: start FollowerState
2019-10-15 04:14:03,276 [pool-443-thread-1] INFO  util.JmxRegister (JmxRegister.java:tryRegister(44)) - Successfully registered JMX Bean with object name Ratis:service=RaftServer,group=group-2F53FFCD8114,id=c36f84cd-ba91-4ebb-a735-69fb0bbd9ede
2019-10-15 04:14:03,282 [RatisPipelineUtilsThread] INFO  pipeline.PipelineStateManager (PipelineStateManager.java:addPipeline(56)) - Created pipeline Pipeline[ Id: a595aac3-6f23-4d33-8270-2f53ffcd8114, Nodes: c36f84cd-ba91-4ebb-a735-69fb0bbd9ede{ip: 192.168.151.96, host: pr-hdds-2194-5wssm-2368079274, networkLocation: /default-rack, certSerialId: null}, Type:RATIS, Factor:ONE, State:OPEN]
2019-10-15 04:14:03,290 [grpc-default-executor-1] INFO  impl.RaftServerProxy (RaftServerProxy.java:addNew(89)) - 2d3bc81b-9e94-4d45-85f1-83fe451f4879: addNew group-DAB71DD9374E:[2d3bc81b-9e94-4d45-85f1-83fe451f4879:192.168.151.96:41849] returns group-DAB71DD9374E:java.util.concurrent.CompletableFuture@197699e5[Not completed]
2019-10-15 04:14:03,291 [pool-403-thread-1] INFO  impl.RaftServerImpl (RaftServerImpl.java:<init>(95)) - 2d3bc81b-9e94-4d45-85f1-83fe451f4879: new RaftServerImpl for group-DAB71DD9374E:[2d3bc81b-9e94-4d45-85f1-83fe451f4879:192.168.151.96:41849] with ContainerStateMachine:uninitialized
2019-10-15 04:14:03,292 [pool-403-thread-1] INFO  server.RaftServerConfigKeys (ConfUtils.java:logGet(43)) - raft.server.rpc.timeout.min = 5s (custom)
2019-10-15 04:14:03,292 [pool-403-thread-1] INFO  server.RaftServerConfigKeys (ConfUtils.java:logGet(43)) - raft.server.rpc.timeout.max = 5200ms (custom)
2019-10-15 04:14:03,292 [pool-403-thread-1] INFO  server.RaftServerConfigKeys (ConfUtils.java:logGet(43)) - raft.server.rpcslowness.timeout = 120s (custom)
2019-10-15 04:14:03,292 [pool-403-thread-1] INFO  server.RaftServerConfigKeys (ConfUtils.java:logGet(43)) - raft.server.sleep.deviation.threshold = 300 (default)
2019-10-15 04:14:03,292 [pool-403-thread-1] INFO  server.RaftServerConfigKeys (ConfUtils.java:logGet(43)) - raft.server.log.appender.install.snapshot.enabled = false (custom)
2019-10-15 04:14:03,292 [pool-403-thread-1] INFO  impl.RaftServerImpl (ServerState.java:<init>(103)) - 2d3bc81b-9e94-4d45-85f1-83fe451f4879@group-DAB71DD9374E: ConfigurationManager, init=-1: [2d3bc81b-9e94-4d45-85f1-83fe451f4879:192.168.151.96:41849], old=null, confs=<EMPTY_MAP>
2019-10-15 04:14:03,292 [pool-403-thread-1] INFO  server.RaftServerConfigKeys (ConfUtils.java:logGet(43)) - raft.server.storage.dir = [/workdir/hadoop-ozone/integration-test/target/test-dir/MiniOzoneClusterImpl-d45ffd01-825f-4527-9b26-6ed3d9db6876/datanode-2/data/ratis] (custom)
2019-10-15 04:14:03,292 [pool-403-thread-1] INFO  server.RaftServerConfigKeys (ConfUtils.java:logGet(43)) - raft.server.log.corruption.policy = EXCEPTION (default)
2019-10-15 04:14:03,293 [pool-403-thread-1] INFO  storage.RaftStorageDirectory (RaftStorageDirectory.java:analyzeStorage(246)) - The storage directory /workdir/hadoop-ozone/integration-test/target/test-dir/MiniOzoneClusterImpl-d45ffd01-825f-4527-9b26-6ed3d9db6876/datanode-2/data/ratis/93375009-17f9-4421-b9fd-dab71dd9374e does not exist. Creating ...
2019-10-15 04:14:03,313 [pool-403-thread-1] INFO  storage.RaftStorageDirectory (RaftStorageDirectory.java:tryLock(328)) - Lock on /workdir/hadoop-ozone/integration-test/target/test-dir/MiniOzoneClusterImpl-d45ffd01-825f-4527-9b26-6ed3d9db6876/datanode-2/data/ratis/93375009-17f9-4421-b9fd-dab71dd9374e/in_use.lock acquired by nodename 26144@pr-hdds-2194-5wssm-2368079274
2019-10-15 04:14:03,346 [pool-403-thread-1] INFO  storage.RaftStorage (RaftStorage.java:format(84)) - Storage directory /workdir/hadoop-ozone/integration-test/target/test-dir/MiniOzoneClusterImpl-d45ffd01-825f-4527-9b26-6ed3d9db6876/datanode-2/data/ratis/93375009-17f9-4421-b9fd-dab71dd9374e has been successfully formatted.
2019-10-15 04:14:03,347 [pool-403-thread-1] INFO  ratis.ContainerStateMachine (ContainerStateMachine.java:loadSnapshot(231)) - group-DAB71DD9374E: The snapshot info is null. Setting the last applied indexto:(t:0, i:~)
2019-10-15 04:14:03,347 [pool-403-thread-1] INFO  server.RaftServerConfigKeys (ConfUtils.java:logGet(43)) - raft.server.notification.no-leader.timeout = 120s (custom)
2019-10-15 04:14:03,347 [pool-403-thread-1] INFO  server.RaftServerConfigKeys (ConfUtils.java:logGet(43)) - raft.server.log.use.memory = false (default)
2019-10-15 04:14:03,347 [pool-403-thread-1] INFO  server.RaftServerConfigKeys (ConfUtils.java:logGet(43)) - raft.server.log.purge.gap = 1000000 (custom)
2019-10-15 04:14:03,347 [pool-403-thread-1] INFO  server.RaftServerConfigKeys (ConfUtils.java:logGet(43)) - raft.server.log.appender.buffer.byte-limit = 33554432 (custom)
2019-10-15 04:14:03,348 [pool-403-thread-1] INFO  server.RaftServerConfigKeys (ConfUtils.java:logGet(43)) - raft.server.log.segment.size.max = 1048576 (custom)
2019-10-15 04:14:03,350 [pool-403-thread-1] INFO  server.RaftServerConfigKeys (ConfUtils.java:logGet(43)) - raft.server.log.segment.cache.num.max = 2 (custom)
2019-10-15 04:14:03,350 [pool-403-thread-1] INFO  segmented.SegmentedRaftLogWorker (SegmentedRaftLogWorker.java:<init>(173)) - new 2d3bc81b-9e94-4d45-85f1-83fe451f4879@group-DAB71DD9374E-SegmentedRaftLogWorker for RaftStorage:Storage Directory /workdir/hadoop-ozone/integration-test/target/test-dir/MiniOzoneClusterImpl-d45ffd01-825f-4527-9b26-6ed3d9db6876/datanode-2/data/ratis/93375009-17f9-4421-b9fd-dab71dd9374e
2019-10-15 04:14:03,350 [pool-403-thread-1] INFO  server.RaftServerConfigKeys (ConfUtils.java:logGet(43)) - raft.server.log.queue.byte-limit = 2147483647 (custom)
2019-10-15 04:14:03,350 [pool-403-thread-1] INFO  server.RaftServerConfigKeys (ConfUtils.java:logGet(43)) - raft.server.log.queue.element-limit = 1024 (custom)
2019-10-15 04:14:03,351 [pool-403-thread-1] INFO  server.RaftServerConfigKeys (ConfUtils.java:logGet(43)) - raft.server.log.segment.size.max = 1048576 (custom)
2019-10-15 04:14:03,351 [pool-403-thread-1] INFO  server.RaftServerConfigKeys (ConfUtils.java:logGet(43)) - raft.server.log.preallocated.size = 16384 (custom)
2019-10-15 04:14:03,351 [pool-403-thread-1] INFO  server.RaftServerConfigKeys (ConfUtils.java:logGet(43)) - raft.server.log.write.buffer.size = 33554432 (custom)
2019-10-15 04:14:03,351 [pool-403-thread-1] INFO  server.RaftServerConfigKeys (ConfUtils.java:logGet(43)) - raft.server.log.force.sync.num = 128 (default)
2019-10-15 04:14:03,351 [pool-403-thread-1] INFO  server.RaftServerConfigKeys (ConfUtils.java:logGet(43)) - raft.server.log.statemachine.data.sync = true (default)
2019-10-15 04:14:03,351 [pool-403-thread-1] INFO  server.RaftServerConfigKeys (ConfUtils.java:logGet(43)) - raft.server.log.statemachine.data.sync.timeout = 10s (default)
2019-10-15 04:14:03,351 [pool-403-thread-1] INFO  server.RaftServerConfigKeys (ConfUtils.java:logGet(43)) - raft.server.log.statemachine.data.sync.timeout.retry = -1 (default)
2019-10-15 04:14:03,352 [pool-403-thread-1] INFO  server.RaftServerConfigKeys (ConfUtils.java:logGet(43)) - raft.server.log.statemachine.data.caching.enabled = true (custom)
2019-10-15 04:14:03,352 [pool-403-thread-1] INFO  segmented.SegmentedRaftLogWorker (SegmentedRaftLogWorker.java:lambda$new$0(128)) - 2d3bc81b-9e94-4d45-85f1-83fe451f4879@group-DAB71DD9374E-SegmentedRaftLogWorker: flushIndex: setUnconditionally 0 -> -1
2019-10-15 04:14:03,353 [pool-403-thread-1] INFO  server.RaftServerConfigKeys (ConfUtils.java:logGet(43)) - raft.server.snapshot.auto.trigger.enabled = true (custom)
2019-10-15 04:14:03,353 [pool-403-thread-1] INFO  server.RaftServerConfigKeys (ConfUtils.java:logGet(43)) - raft.server.snapshot.auto.trigger.threshold = 10000 (custom)
2019-10-15 04:14:03,353 [pool-403-thread-1] INFO  server.RaftServerConfigKeys (ConfUtils.java:logGet(43)) - raft.server.snapshot.retention.file.num = 5 (custom)
2019-10-15 04:14:03,353 [pool-403-thread-1] INFO  server.RaftServerConfigKeys (ConfUtils.java:logGet(43)) - raft.server.retrycache.expirytime = 600000ms (custom)
2019-10-15 04:14:03,356 [pool-403-thread-1] INFO  impl.RaftServerImpl (RaftServerImpl.java:start(181)) - 2d3bc81b-9e94-4d45-85f1-83fe451f4879@group-DAB71DD9374E: start as a follower, conf=-1: [2d3bc81b-9e94-4d45-85f1-83fe451f4879:192.168.151.96:41849], old=null
2019-10-15 04:14:03,356 [pool-403-thread-1] INFO  impl.RaftServerImpl (RaftServerImpl.java:setRole(170)) - 2d3bc81b-9e94-4d45-85f1-83fe451f4879@group-DAB71DD9374E: changes role from      null to FOLLOWER at term 0 for startAsFollower
2019-10-15 04:14:03,356 [pool-403-thread-1] INFO  impl.RoleInfo (RoleInfo.java:updateAndGet(143)) - 2d3bc81b-9e94-4d45-85f1-83fe451f4879: start FollowerState
2019-10-15 04:14:03,356 [pool-403-thread-1] INFO  util.JmxRegister (JmxRegister.java:tryRegister(44)) - Successfully registered JMX Bean with object name Ratis:service=RaftServer,group=group-DAB71DD9374E,id=2d3bc81b-9e94-4d45-85f1-83fe451f4879
2019-10-15 04:14:03,365 [RatisPipelineUtilsThread] INFO  pipeline.PipelineStateManager (PipelineStateManager.java:addPipeline(56)) - Created pipeline Pipeline[ Id: 93375009-17f9-4421-b9fd-dab71dd9374e, Nodes: 2d3bc81b-9e94-4d45-85f1-83fe451f4879{ip: 192.168.151.96, host: pr-hdds-2194-5wssm-2368079274, networkLocation: /default-rack, certSerialId: null}, Type:RATIS, Factor:ONE, State:OPEN]
2019-10-15 04:14:03,374 [grpc-default-executor-1] INFO  impl.RaftServerProxy (RaftServerProxy.java:addNew(89)) - ab22d543-11b0-4b26-879c-d86be21e1c02: addNew group-2AC0F009ED96:[ab22d543-11b0-4b26-879c-d86be21e1c02:192.168.151.96:33175] returns group-2AC0F009ED96:java.util.concurrent.CompletableFuture@183bee28[Not completed]
2019-10-15 04:14:03,376 [pool-433-thread-1] INFO  impl.RaftServerImpl (RaftServerImpl.java:<init>(95)) - ab22d543-11b0-4b26-879c-d86be21e1c02: new RaftServerImpl for group-2AC0F009ED96:[ab22d543-11b0-4b26-879c-d86be21e1c02:192.168.151.96:33175] with ContainerStateMachine:uninitialized
2019-10-15 04:14:03,377 [pool-433-thread-1] INFO  server.RaftServerConfigKeys (ConfUtils.java:logGet(43)) - raft.server.rpc.timeout.min = 5s (custom)
2019-10-15 04:14:03,377 [pool-433-thread-1] INFO  server.RaftServerConfigKeys (ConfUtils.java:logGet(43)) - raft.server.rpc.timeout.max = 5200ms (custom)
2019-10-15 04:14:03,377 [pool-433-thread-1] INFO  server.RaftServerConfigKeys (ConfUtils.java:logGet(43)) - raft.server.rpcslowness.timeout = 120s (custom)
2019-10-15 04:14:03,377 [pool-433-thread-1] INFO  server.RaftServerConfigKeys (ConfUtils.java:logGet(43)) - raft.server.sleep.deviation.threshold = 300 (default)
2019-10-15 04:14:03,377 [pool-433-thread-1] INFO  server.RaftServerConfigKeys (ConfUtils.java:logGet(43)) - raft.server.log.appender.install.snapshot.enabled = false (custom)
2019-10-15 04:14:03,377 [pool-433-thread-1] INFO  impl.RaftServerImpl (ServerState.java:<init>(103)) - ab22d543-11b0-4b26-879c-d86be21e1c02@group-2AC0F009ED96: ConfigurationManager, init=-1: [ab22d543-11b0-4b26-879c-d86be21e1c02:192.168.151.96:33175], old=null, confs=<EMPTY_MAP>
2019-10-15 04:14:03,377 [pool-433-thread-1] INFO  server.RaftServerConfigKeys (ConfUtils.java:logGet(43)) - raft.server.storage.dir = [/workdir/hadoop-ozone/integration-test/target/test-dir/MiniOzoneClusterImpl-d45ffd01-825f-4527-9b26-6ed3d9db6876/datanode-5/data/ratis] (custom)
2019-10-15 04:14:03,378 [pool-433-thread-1] INFO  server.RaftServerConfigKeys (ConfUtils.java:logGet(43)) - raft.server.log.corruption.policy = EXCEPTION (default)
2019-10-15 04:14:03,378 [pool-433-thread-1] INFO  storage.RaftStorageDirectory (RaftStorageDirectory.java:analyzeStorage(246)) - The storage directory /workdir/hadoop-ozone/integration-test/target/test-dir/MiniOzoneClusterImpl-d45ffd01-825f-4527-9b26-6ed3d9db6876/datanode-5/data/ratis/fbdf099d-c5c0-4a12-9b4f-2ac0f009ed96 does not exist. Creating ...
2019-10-15 04:14:03,405 [pool-433-thread-1] INFO  storage.RaftStorageDirectory (RaftStorageDirectory.java:tryLock(328)) - Lock on /workdir/hadoop-ozone/integration-test/target/test-dir/MiniOzoneClusterImpl-d45ffd01-825f-4527-9b26-6ed3d9db6876/datanode-5/data/ratis/fbdf099d-c5c0-4a12-9b4f-2ac0f009ed96/in_use.lock acquired by nodename 26144@pr-hdds-2194-5wssm-2368079274
2019-10-15 04:14:03,431 [pool-433-thread-1] INFO  storage.RaftStorage (RaftStorage.java:format(84)) - Storage directory /workdir/hadoop-ozone/integration-test/target/test-dir/MiniOzoneClusterImpl-d45ffd01-825f-4527-9b26-6ed3d9db6876/datanode-5/data/ratis/fbdf099d-c5c0-4a12-9b4f-2ac0f009ed96 has been successfully formatted.
2019-10-15 04:14:03,431 [pool-433-thread-1] INFO  ratis.ContainerStateMachine (ContainerStateMachine.java:loadSnapshot(231)) - group-2AC0F009ED96: The snapshot info is null. Setting the last applied indexto:(t:0, i:~)
2019-10-15 04:14:03,431 [pool-433-thread-1] INFO  server.RaftServerConfigKeys (ConfUtils.java:logGet(43)) - raft.server.notification.no-leader.timeout = 120s (custom)
2019-10-15 04:14:03,431 [pool-433-thread-1] INFO  server.RaftServerConfigKeys (ConfUtils.java:logGet(43)) - raft.server.log.use.memory = false (default)
2019-10-15 04:14:03,431 [pool-433-thread-1] INFO  server.RaftServerConfigKeys (ConfUtils.java:logGet(43)) - raft.server.log.purge.gap = 1000000 (custom)
2019-10-15 04:14:03,431 [pool-433-thread-1] INFO  server.RaftServerConfigKeys (ConfUtils.java:logGet(43)) - raft.server.log.appender.buffer.byte-limit = 33554432 (custom)
2019-10-15 04:14:03,431 [pool-433-thread-1] INFO  server.RaftServerConfigKeys (ConfUtils.java:logGet(43)) - raft.server.log.segment.size.max = 1048576 (custom)
2019-10-15 04:14:03,433 [pool-433-thread-1] INFO  server.RaftServerConfigKeys (ConfUtils.java:logGet(43)) - raft.server.log.segment.cache.num.max = 2 (custom)
2019-10-15 04:14:03,433 [pool-433-thread-1] INFO  segmented.SegmentedRaftLogWorker (SegmentedRaftLogWorker.java:<init>(173)) - new ab22d543-11b0-4b26-879c-d86be21e1c02@group-2AC0F009ED96-SegmentedRaftLogWorker for RaftStorage:Storage Directory /workdir/hadoop-ozone/integration-test/target/test-dir/MiniOzoneClusterImpl-d45ffd01-825f-4527-9b26-6ed3d9db6876/datanode-5/data/ratis/fbdf099d-c5c0-4a12-9b4f-2ac0f009ed96
2019-10-15 04:14:03,434 [pool-433-thread-1] INFO  server.RaftServerConfigKeys (ConfUtils.java:logGet(43)) - raft.server.log.queue.byte-limit = 2147483647 (custom)
2019-10-15 04:14:03,434 [pool-433-thread-1] INFO  server.RaftServerConfigKeys (ConfUtils.java:logGet(43)) - raft.server.log.queue.element-limit = 1024 (custom)
2019-10-15 04:14:03,434 [pool-433-thread-1] INFO  server.RaftServerConfigKeys (ConfUtils.java:logGet(43)) - raft.server.log.segment.size.max = 1048576 (custom)
2019-10-15 04:14:03,434 [pool-433-thread-1] INFO  server.RaftServerConfigKeys (ConfUtils.java:logGet(43)) - raft.server.log.preallocated.size = 16384 (custom)
2019-10-15 04:14:03,434 [pool-433-thread-1] INFO  server.RaftServerConfigKeys (ConfUtils.java:logGet(43)) - raft.server.log.write.buffer.size = 33554432 (custom)
2019-10-15 04:14:03,434 [pool-433-thread-1] INFO  server.RaftServerConfigKeys (ConfUtils.java:logGet(43)) - raft.server.log.force.sync.num = 128 (default)
2019-10-15 04:14:03,434 [pool-433-thread-1] INFO  server.RaftServerConfigKeys (ConfUtils.java:logGet(43)) - raft.server.log.statemachine.data.sync = true (default)
2019-10-15 04:14:03,434 [pool-433-thread-1] INFO  server.RaftServerConfigKeys (ConfUtils.java:logGet(43)) - raft.server.log.statemachine.data.sync.timeout = 10s (default)
2019-10-15 04:14:03,435 [pool-433-thread-1] INFO  server.RaftServerConfigKeys (ConfUtils.java:logGet(43)) - raft.server.log.statemachine.data.sync.timeout.retry = -1 (default)
2019-10-15 04:14:03,435 [pool-433-thread-1] INFO  server.RaftServerConfigKeys (ConfUtils.java:logGet(43)) - raft.server.log.statemachine.data.caching.enabled = true (custom)
2019-10-15 04:14:03,435 [pool-433-thread-1] INFO  segmented.SegmentedRaftLogWorker (SegmentedRaftLogWorker.java:lambda$new$0(128)) - ab22d543-11b0-4b26-879c-d86be21e1c02@group-2AC0F009ED96-SegmentedRaftLogWorker: flushIndex: setUnconditionally 0 -> -1
2019-10-15 04:14:03,435 [pool-433-thread-1] INFO  server.RaftServerConfigKeys (ConfUtils.java:logGet(43)) - raft.server.snapshot.auto.trigger.enabled = true (custom)
2019-10-15 04:14:03,436 [pool-433-thread-1] INFO  server.RaftServerConfigKeys (ConfUtils.java:logGet(43)) - raft.server.snapshot.auto.trigger.threshold = 10000 (custom)
2019-10-15 04:14:03,436 [pool-433-thread-1] INFO  server.RaftServerConfigKeys (ConfUtils.java:logGet(43)) - raft.server.snapshot.retention.file.num = 5 (custom)
2019-10-15 04:14:03,436 [pool-433-thread-1] INFO  server.RaftServerConfigKeys (ConfUtils.java:logGet(43)) - raft.server.retrycache.expirytime = 600000ms (custom)
2019-10-15 04:14:03,437 [pool-433-thread-1] INFO  impl.RaftServerImpl (RaftServerImpl.java:start(181)) - ab22d543-11b0-4b26-879c-d86be21e1c02@group-2AC0F009ED96: start as a follower, conf=-1: [ab22d543-11b0-4b26-879c-d86be21e1c02:192.168.151.96:33175], old=null
2019-10-15 04:14:03,437 [pool-433-thread-1] INFO  impl.RaftServerImpl (RaftServerImpl.java:setRole(170)) - ab22d543-11b0-4b26-879c-d86be21e1c02@group-2AC0F009ED96: changes role from      null to FOLLOWER at term 0 for startAsFollower
2019-10-15 04:14:03,437 [pool-433-thread-1] INFO  impl.RoleInfo (RoleInfo.java:updateAndGet(143)) - ab22d543-11b0-4b26-879c-d86be21e1c02: start FollowerState
2019-10-15 04:14:03,438 [pool-433-thread-1] INFO  util.JmxRegister (JmxRegister.java:tryRegister(44)) - Successfully registered JMX Bean with object name Ratis:service=RaftServer,group=group-2AC0F009ED96,id=ab22d543-11b0-4b26-879c-d86be21e1c02
2019-10-15 04:14:03,444 [RatisPipelineUtilsThread] INFO  pipeline.PipelineStateManager (PipelineStateManager.java:addPipeline(56)) - Created pipeline Pipeline[ Id: fbdf099d-c5c0-4a12-9b4f-2ac0f009ed96, Nodes: ab22d543-11b0-4b26-879c-d86be21e1c02{ip: 192.168.151.96, host: pr-hdds-2194-5wssm-2368079274, networkLocation: /default-rack, certSerialId: null}, Type:RATIS, Factor:ONE, State:OPEN]
2019-10-15 04:14:03,463 [grpc-default-executor-5] INFO  impl.RaftServerProxy (RaftServerProxy.java:addNew(89)) - 3e3feb47-3047-4f9f-89b5-cd40cbc24957: addNew group-6C8A0CB5C4FE:[3e3feb47-3047-4f9f-89b5-cd40cbc24957:192.168.151.96:42666, 303f0228-c743-44bb-8a31-cb9ae4dee5ff:192.168.151.96:43679, 88a80244-6d55-49cb-b386-f8c6afc0afd2:192.168.151.96:41493] returns group-6C8A0CB5C4FE:java.util.concurrent.CompletableFuture@4fab8c6d[Not completed]
2019-10-15 04:14:03,465 [grpc-default-executor-5] INFO  impl.RaftServerProxy (RaftServerProxy.java:addNew(89)) - 303f0228-c743-44bb-8a31-cb9ae4dee5ff: addNew group-6C8A0CB5C4FE:[3e3feb47-3047-4f9f-89b5-cd40cbc24957:192.168.151.96:42666, 303f0228-c743-44bb-8a31-cb9ae4dee5ff:192.168.151.96:43679, 88a80244-6d55-49cb-b386-f8c6afc0afd2:192.168.151.96:41493] returns group-6C8A0CB5C4FE:java.util.concurrent.CompletableFuture@41a649da[Not completed]
2019-10-15 04:14:03,468 [grpc-default-executor-1] INFO  impl.RaftServerProxy (RaftServerProxy.java:addNew(89)) - 88a80244-6d55-49cb-b386-f8c6afc0afd2: addNew group-6C8A0CB5C4FE:[3e3feb47-3047-4f9f-89b5-cd40cbc24957:192.168.151.96:42666, 303f0228-c743-44bb-8a31-cb9ae4dee5ff:192.168.151.96:43679, 88a80244-6d55-49cb-b386-f8c6afc0afd2:192.168.151.96:41493] returns group-6C8A0CB5C4FE:java.util.concurrent.CompletableFuture@6b469a1b[Not completed]
2019-10-15 04:14:03,468 [pool-393-thread-1] INFO  impl.RaftServerImpl (RaftServerImpl.java:<init>(95)) - 3e3feb47-3047-4f9f-89b5-cd40cbc24957: new RaftServerImpl for group-6C8A0CB5C4FE:[3e3feb47-3047-4f9f-89b5-cd40cbc24957:192.168.151.96:42666, 303f0228-c743-44bb-8a31-cb9ae4dee5ff:192.168.151.96:43679, 88a80244-6d55-49cb-b386-f8c6afc0afd2:192.168.151.96:41493] with ContainerStateMachine:uninitialized
2019-10-15 04:14:03,469 [pool-393-thread-1] INFO  server.RaftServerConfigKeys (ConfUtils.java:logGet(43)) - raft.server.rpc.timeout.min = 5s (custom)
2019-10-15 04:14:03,469 [pool-393-thread-1] INFO  server.RaftServerConfigKeys (ConfUtils.java:logGet(43)) - raft.server.rpc.timeout.max = 5200ms (custom)
2019-10-15 04:14:03,469 [pool-393-thread-1] INFO  server.RaftServerConfigKeys (ConfUtils.java:logGet(43)) - raft.server.rpcslowness.timeout = 120s (custom)
2019-10-15 04:14:03,469 [pool-393-thread-1] INFO  server.RaftServerConfigKeys (ConfUtils.java:logGet(43)) - raft.server.sleep.deviation.threshold = 300 (default)
2019-10-15 04:14:03,469 [pool-393-thread-1] INFO  server.RaftServerConfigKeys (ConfUtils.java:logGet(43)) - raft.server.log.appender.install.snapshot.enabled = false (custom)
2019-10-15 04:14:03,469 [pool-413-thread-1] INFO  impl.RaftServerImpl (RaftServerImpl.java:<init>(95)) - 303f0228-c743-44bb-8a31-cb9ae4dee5ff: new RaftServerImpl for group-6C8A0CB5C4FE:[3e3feb47-3047-4f9f-89b5-cd40cbc24957:192.168.151.96:42666, 303f0228-c743-44bb-8a31-cb9ae4dee5ff:192.168.151.96:43679, 88a80244-6d55-49cb-b386-f8c6afc0afd2:192.168.151.96:41493] with ContainerStateMachine:uninitialized
2019-10-15 04:14:03,469 [pool-393-thread-1] INFO  impl.RaftServerImpl (ServerState.java:<init>(103)) - 3e3feb47-3047-4f9f-89b5-cd40cbc24957@group-6C8A0CB5C4FE: ConfigurationManager, init=-1: [3e3feb47-3047-4f9f-89b5-cd40cbc24957:192.168.151.96:42666, 303f0228-c743-44bb-8a31-cb9ae4dee5ff:192.168.151.96:43679, 88a80244-6d55-49cb-b386-f8c6afc0afd2:192.168.151.96:41493], old=null, confs=<EMPTY_MAP>
2019-10-15 04:14:03,469 [pool-413-thread-1] INFO  server.RaftServerConfigKeys (ConfUtils.java:logGet(43)) - raft.server.rpc.timeout.min = 5s (custom)
2019-10-15 04:14:03,469 [pool-393-thread-1] INFO  server.RaftServerConfigKeys (ConfUtils.java:logGet(43)) - raft.server.storage.dir = [/workdir/hadoop-ozone/integration-test/target/test-dir/MiniOzoneClusterImpl-d45ffd01-825f-4527-9b26-6ed3d9db6876/datanode-1/data/ratis] (custom)
2019-10-15 04:14:03,470 [pool-413-thread-1] INFO  server.RaftServerConfigKeys (ConfUtils.java:logGet(43)) - raft.server.rpc.timeout.max = 5200ms (custom)
2019-10-15 04:14:03,470 [pool-393-thread-1] INFO  server.RaftServerConfigKeys (ConfUtils.java:logGet(43)) - raft.server.log.corruption.policy = EXCEPTION (default)
2019-10-15 04:14:03,470 [pool-413-thread-1] INFO  server.RaftServerConfigKeys (ConfUtils.java:logGet(43)) - raft.server.rpcslowness.timeout = 120s (custom)
2019-10-15 04:14:03,470 [pool-393-thread-1] INFO  storage.RaftStorageDirectory (RaftStorageDirectory.java:analyzeStorage(246)) - The storage directory /workdir/hadoop-ozone/integration-test/target/test-dir/MiniOzoneClusterImpl-d45ffd01-825f-4527-9b26-6ed3d9db6876/datanode-1/data/ratis/8203d7de-3aeb-40f0-8b79-6c8a0cb5c4fe does not exist. Creating ...
2019-10-15 04:14:03,470 [pool-383-thread-1] INFO  impl.RaftServerImpl (RaftServerImpl.java:<init>(95)) - 88a80244-6d55-49cb-b386-f8c6afc0afd2: new RaftServerImpl for group-6C8A0CB5C4FE:[3e3feb47-3047-4f9f-89b5-cd40cbc24957:192.168.151.96:42666, 303f0228-c743-44bb-8a31-cb9ae4dee5ff:192.168.151.96:43679, 88a80244-6d55-49cb-b386-f8c6afc0afd2:192.168.151.96:41493] with ContainerStateMachine:uninitialized
2019-10-15 04:14:03,470 [pool-413-thread-1] INFO  server.RaftServerConfigKeys (ConfUtils.java:logGet(43)) - raft.server.sleep.deviation.threshold = 300 (default)
2019-10-15 04:14:03,470 [pool-383-thread-1] INFO  server.RaftServerConfigKeys (ConfUtils.java:logGet(43)) - raft.server.rpc.timeout.min = 5s (custom)
2019-10-15 04:14:03,470 [pool-413-thread-1] INFO  server.RaftServerConfigKeys (ConfUtils.java:logGet(43)) - raft.server.log.appender.install.snapshot.enabled = false (custom)
2019-10-15 04:14:03,471 [pool-383-thread-1] INFO  server.RaftServerConfigKeys (ConfUtils.java:logGet(43)) - raft.server.rpc.timeout.max = 5200ms (custom)
2019-10-15 04:14:03,471 [pool-413-thread-1] INFO  impl.RaftServerImpl (ServerState.java:<init>(103)) - 303f0228-c743-44bb-8a31-cb9ae4dee5ff@group-6C8A0CB5C4FE: ConfigurationManager, init=-1: [3e3feb47-3047-4f9f-89b5-cd40cbc24957:192.168.151.96:42666, 303f0228-c743-44bb-8a31-cb9ae4dee5ff:192.168.151.96:43679, 88a80244-6d55-49cb-b386-f8c6afc0afd2:192.168.151.96:41493], old=null, confs=<EMPTY_MAP>
2019-10-15 04:14:03,471 [pool-383-thread-1] INFO  server.RaftServerConfigKeys (ConfUtils.java:logGet(43)) - raft.server.rpcslowness.timeout = 120s (custom)
2019-10-15 04:14:03,471 [pool-413-thread-1] INFO  server.RaftServerConfigKeys (ConfUtils.java:logGet(43)) - raft.server.storage.dir = [/workdir/hadoop-ozone/integration-test/target/test-dir/MiniOzoneClusterImpl-d45ffd01-825f-4527-9b26-6ed3d9db6876/datanode-3/data/ratis] (custom)
2019-10-15 04:14:03,471 [pool-383-thread-1] INFO  server.RaftServerConfigKeys (ConfUtils.java:logGet(43)) - raft.server.sleep.deviation.threshold = 300 (default)
2019-10-15 04:14:03,471 [pool-383-thread-1] INFO  server.RaftServerConfigKeys (ConfUtils.java:logGet(43)) - raft.server.log.appender.install.snapshot.enabled = false (custom)
2019-10-15 04:14:03,471 [pool-413-thread-1] INFO  server.RaftServerConfigKeys (ConfUtils.java:logGet(43)) - raft.server.log.corruption.policy = EXCEPTION (default)
2019-10-15 04:14:03,471 [pool-383-thread-1] INFO  impl.RaftServerImpl (ServerState.java:<init>(103)) - 88a80244-6d55-49cb-b386-f8c6afc0afd2@group-6C8A0CB5C4FE: ConfigurationManager, init=-1: [3e3feb47-3047-4f9f-89b5-cd40cbc24957:192.168.151.96:42666, 303f0228-c743-44bb-8a31-cb9ae4dee5ff:192.168.151.96:43679, 88a80244-6d55-49cb-b386-f8c6afc0afd2:192.168.151.96:41493], old=null, confs=<EMPTY_MAP>
2019-10-15 04:14:03,471 [pool-413-thread-1] INFO  storage.RaftStorageDirectory (RaftStorageDirectory.java:analyzeStorage(246)) - The storage directory /workdir/hadoop-ozone/integration-test/target/test-dir/MiniOzoneClusterImpl-d45ffd01-825f-4527-9b26-6ed3d9db6876/datanode-3/data/ratis/8203d7de-3aeb-40f0-8b79-6c8a0cb5c4fe does not exist. Creating ...
2019-10-15 04:14:03,472 [pool-383-thread-1] INFO  server.RaftServerConfigKeys (ConfUtils.java:logGet(43)) - raft.server.storage.dir = [/workdir/hadoop-ozone/integration-test/target/test-dir/MiniOzoneClusterImpl-d45ffd01-825f-4527-9b26-6ed3d9db6876/datanode-0/data/ratis] (custom)
2019-10-15 04:14:03,472 [pool-383-thread-1] INFO  server.RaftServerConfigKeys (ConfUtils.java:logGet(43)) - raft.server.log.corruption.policy = EXCEPTION (default)
2019-10-15 04:14:03,472 [pool-383-thread-1] INFO  storage.RaftStorageDirectory (RaftStorageDirectory.java:analyzeStorage(246)) - The storage directory /workdir/hadoop-ozone/integration-test/target/test-dir/MiniOzoneClusterImpl-d45ffd01-825f-4527-9b26-6ed3d9db6876/datanode-0/data/ratis/8203d7de-3aeb-40f0-8b79-6c8a0cb5c4fe does not exist. Creating ...
2019-10-15 04:14:03,506 [pool-393-thread-1] INFO  storage.RaftStorageDirectory (RaftStorageDirectory.java:tryLock(328)) - Lock on /workdir/hadoop-ozone/integration-test/target/test-dir/MiniOzoneClusterImpl-d45ffd01-825f-4527-9b26-6ed3d9db6876/datanode-1/data/ratis/8203d7de-3aeb-40f0-8b79-6c8a0cb5c4fe/in_use.lock acquired by nodename 26144@pr-hdds-2194-5wssm-2368079274
2019-10-15 04:14:03,506 [pool-383-thread-1] INFO  storage.RaftStorageDirectory (RaftStorageDirectory.java:tryLock(328)) - Lock on /workdir/hadoop-ozone/integration-test/target/test-dir/MiniOzoneClusterImpl-d45ffd01-825f-4527-9b26-6ed3d9db6876/datanode-0/data/ratis/8203d7de-3aeb-40f0-8b79-6c8a0cb5c4fe/in_use.lock acquired by nodename 26144@pr-hdds-2194-5wssm-2368079274
2019-10-15 04:14:03,506 [pool-413-thread-1] INFO  storage.RaftStorageDirectory (RaftStorageDirectory.java:tryLock(328)) - Lock on /workdir/hadoop-ozone/integration-test/target/test-dir/MiniOzoneClusterImpl-d45ffd01-825f-4527-9b26-6ed3d9db6876/datanode-3/data/ratis/8203d7de-3aeb-40f0-8b79-6c8a0cb5c4fe/in_use.lock acquired by nodename 26144@pr-hdds-2194-5wssm-2368079274
2019-10-15 04:14:03,540 [pool-393-thread-1] INFO  storage.RaftStorage (RaftStorage.java:format(84)) - Storage directory /workdir/hadoop-ozone/integration-test/target/test-dir/MiniOzoneClusterImpl-d45ffd01-825f-4527-9b26-6ed3d9db6876/datanode-1/data/ratis/8203d7de-3aeb-40f0-8b79-6c8a0cb5c4fe has been successfully formatted.
2019-10-15 04:14:03,540 [pool-383-thread-1] INFO  storage.RaftStorage (RaftStorage.java:format(84)) - Storage directory /workdir/hadoop-ozone/integration-test/target/test-dir/MiniOzoneClusterImpl-d45ffd01-825f-4527-9b26-6ed3d9db6876/datanode-0/data/ratis/8203d7de-3aeb-40f0-8b79-6c8a0cb5c4fe has been successfully formatted.
2019-10-15 04:14:03,540 [pool-413-thread-1] INFO  storage.RaftStorage (RaftStorage.java:format(84)) - Storage directory /workdir/hadoop-ozone/integration-test/target/test-dir/MiniOzoneClusterImpl-d45ffd01-825f-4527-9b26-6ed3d9db6876/datanode-3/data/ratis/8203d7de-3aeb-40f0-8b79-6c8a0cb5c4fe has been successfully formatted.
2019-10-15 04:14:03,541 [pool-383-thread-1] INFO  ratis.ContainerStateMachine (ContainerStateMachine.java:loadSnapshot(231)) - group-6C8A0CB5C4FE: The snapshot info is null. Setting the last applied indexto:(t:0, i:~)
2019-10-15 04:14:03,541 [pool-413-thread-1] INFO  ratis.ContainerStateMachine (ContainerStateMachine.java:loadSnapshot(231)) - group-6C8A0CB5C4FE: The snapshot info is null. Setting the last applied indexto:(t:0, i:~)
2019-10-15 04:14:03,540 [pool-393-thread-1] INFO  ratis.ContainerStateMachine (ContainerStateMachine.java:loadSnapshot(231)) - group-6C8A0CB5C4FE: The snapshot info is null. Setting the last applied indexto:(t:0, i:~)
2019-10-15 04:14:03,541 [pool-413-thread-1] INFO  server.RaftServerConfigKeys (ConfUtils.java:logGet(43)) - raft.server.notification.no-leader.timeout = 120s (custom)
2019-10-15 04:14:03,541 [pool-383-thread-1] INFO  server.RaftServerConfigKeys (ConfUtils.java:logGet(43)) - raft.server.notification.no-leader.timeout = 120s (custom)
2019-10-15 04:14:03,541 [pool-413-thread-1] INFO  server.RaftServerConfigKeys (ConfUtils.java:logGet(43)) - raft.server.log.use.memory = false (default)
2019-10-15 04:14:03,541 [pool-393-thread-1] INFO  server.RaftServerConfigKeys (ConfUtils.java:logGet(43)) - raft.server.notification.no-leader.timeout = 120s (custom)
2019-10-15 04:14:03,542 [pool-413-thread-1] INFO  server.RaftServerConfigKeys (ConfUtils.java:logGet(43)) - raft.server.log.purge.gap = 1000000 (custom)
2019-10-15 04:14:03,541 [pool-383-thread-1] INFO  server.RaftServerConfigKeys (ConfUtils.java:logGet(43)) - raft.server.log.use.memory = false (default)
2019-10-15 04:14:03,542 [pool-413-thread-1] INFO  server.RaftServerConfigKeys (ConfUtils.java:logGet(43)) - raft.server.log.appender.buffer.byte-limit = 33554432 (custom)
2019-10-15 04:14:03,542 [pool-393-thread-1] INFO  server.RaftServerConfigKeys (ConfUtils.java:logGet(43)) - raft.server.log.use.memory = false (default)
2019-10-15 04:14:03,542 [pool-413-thread-1] INFO  server.RaftServerConfigKeys (ConfUtils.java:logGet(43)) - raft.server.log.segment.size.max = 1048576 (custom)
2019-10-15 04:14:03,542 [pool-383-thread-1] INFO  server.RaftServerConfigKeys (ConfUtils.java:logGet(43)) - raft.server.log.purge.gap = 1000000 (custom)
2019-10-15 04:14:03,542 [pool-413-thread-1] INFO  server.RaftServerConfigKeys (ConfUtils.java:logGet(43)) - raft.server.log.segment.cache.num.max = 2 (custom)
2019-10-15 04:14:03,542 [pool-393-thread-1] INFO  server.RaftServerConfigKeys (ConfUtils.java:logGet(43)) - raft.server.log.purge.gap = 1000000 (custom)
2019-10-15 04:14:03,543 [pool-413-thread-1] INFO  segmented.SegmentedRaftLogWorker (SegmentedRaftLogWorker.java:<init>(173)) - new 303f0228-c743-44bb-8a31-cb9ae4dee5ff@group-6C8A0CB5C4FE-SegmentedRaftLogWorker for RaftStorage:Storage Directory /workdir/hadoop-ozone/integration-test/target/test-dir/MiniOzoneClusterImpl-d45ffd01-825f-4527-9b26-6ed3d9db6876/datanode-3/data/ratis/8203d7de-3aeb-40f0-8b79-6c8a0cb5c4fe
2019-10-15 04:14:03,543 [pool-383-thread-1] INFO  server.RaftServerConfigKeys (ConfUtils.java:logGet(43)) - raft.server.log.appender.buffer.byte-limit = 33554432 (custom)
2019-10-15 04:14:03,543 [pool-413-thread-1] INFO  server.RaftServerConfigKeys (ConfUtils.java:logGet(43)) - raft.server.log.queue.byte-limit = 2147483647 (custom)
2019-10-15 04:14:03,543 [pool-393-thread-1] INFO  server.RaftServerConfigKeys (ConfUtils.java:logGet(43)) - raft.server.log.appender.buffer.byte-limit = 33554432 (custom)
2019-10-15 04:14:03,543 [pool-413-thread-1] INFO  server.RaftServerConfigKeys (ConfUtils.java:logGet(43)) - raft.server.log.queue.element-limit = 1024 (custom)
2019-10-15 04:14:03,543 [pool-383-thread-1] INFO  server.RaftServerConfigKeys (ConfUtils.java:logGet(43)) - raft.server.log.segment.size.max = 1048576 (custom)
2019-10-15 04:14:03,544 [pool-413-thread-1] INFO  server.RaftServerConfigKeys (ConfUtils.java:logGet(43)) - raft.server.log.segment.size.max = 1048576 (custom)
2019-10-15 04:14:03,543 [pool-393-thread-1] INFO  server.RaftServerConfigKeys (ConfUtils.java:logGet(43)) - raft.server.log.segment.size.max = 1048576 (custom)
2019-10-15 04:14:03,544 [pool-413-thread-1] INFO  server.RaftServerConfigKeys (ConfUtils.java:logGet(43)) - raft.server.log.preallocated.size = 16384 (custom)
2019-10-15 04:14:03,544 [pool-383-thread-1] INFO  server.RaftServerConfigKeys (ConfUtils.java:logGet(43)) - raft.server.log.segment.cache.num.max = 2 (custom)
2019-10-15 04:14:03,544 [pool-413-thread-1] INFO  server.RaftServerConfigKeys (ConfUtils.java:logGet(43)) - raft.server.log.write.buffer.size = 33554432 (custom)
2019-10-15 04:14:03,544 [pool-393-thread-1] INFO  server.RaftServerConfigKeys (ConfUtils.java:logGet(43)) - raft.server.log.segment.cache.num.max = 2 (custom)
2019-10-15 04:14:03,544 [pool-413-thread-1] INFO  server.RaftServerConfigKeys (ConfUtils.java:logGet(43)) - raft.server.log.force.sync.num = 128 (default)
2019-10-15 04:14:03,544 [pool-383-thread-1] INFO  segmented.SegmentedRaftLogWorker (SegmentedRaftLogWorker.java:<init>(173)) - new 88a80244-6d55-49cb-b386-f8c6afc0afd2@group-6C8A0CB5C4FE-SegmentedRaftLogWorker for RaftStorage:Storage Directory /workdir/hadoop-ozone/integration-test/target/test-dir/MiniOzoneClusterImpl-d45ffd01-825f-4527-9b26-6ed3d9db6876/datanode-0/data/ratis/8203d7de-3aeb-40f0-8b79-6c8a0cb5c4fe
2019-10-15 04:14:03,545 [pool-413-thread-1] INFO  server.RaftServerConfigKeys (ConfUtils.java:logGet(43)) - raft.server.log.statemachine.data.sync = true (default)
2019-10-15 04:14:03,545 [pool-393-thread-1] INFO  segmented.SegmentedRaftLogWorker (SegmentedRaftLogWorker.java:<init>(173)) - new 3e3feb47-3047-4f9f-89b5-cd40cbc24957@group-6C8A0CB5C4FE-SegmentedRaftLogWorker for RaftStorage:Storage Directory /workdir/hadoop-ozone/integration-test/target/test-dir/MiniOzoneClusterImpl-d45ffd01-825f-4527-9b26-6ed3d9db6876/datanode-1/data/ratis/8203d7de-3aeb-40f0-8b79-6c8a0cb5c4fe
2019-10-15 04:14:03,545 [pool-413-thread-1] INFO  server.RaftServerConfigKeys (ConfUtils.java:logGet(43)) - raft.server.log.statemachine.data.sync.timeout = 10s (default)
2019-10-15 04:14:03,545 [pool-383-thread-1] INFO  server.RaftServerConfigKeys (ConfUtils.java:logGet(43)) - raft.server.log.queue.byte-limit = 2147483647 (custom)
2019-10-15 04:14:03,545 [pool-413-thread-1] INFO  server.RaftServerConfigKeys (ConfUtils.java:logGet(43)) - raft.server.log.statemachine.data.sync.timeout.retry = -1 (default)
2019-10-15 04:14:03,545 [pool-393-thread-1] INFO  server.RaftServerConfigKeys (ConfUtils.java:logGet(43)) - raft.server.log.queue.byte-limit = 2147483647 (custom)
2019-10-15 04:14:03,546 [pool-413-thread-1] INFO  server.RaftServerConfigKeys (ConfUtils.java:logGet(43)) - raft.server.log.statemachine.data.caching.enabled = true (custom)
2019-10-15 04:14:03,545 [pool-383-thread-1] INFO  server.RaftServerConfigKeys (ConfUtils.java:logGet(43)) - raft.server.log.queue.element-limit = 1024 (custom)
2019-10-15 04:14:03,546 [pool-393-thread-1] INFO  server.RaftServerConfigKeys (ConfUtils.java:logGet(43)) - raft.server.log.queue.element-limit = 1024 (custom)
2019-10-15 04:14:03,546 [pool-383-thread-1] INFO  server.RaftServerConfigKeys (ConfUtils.java:logGet(43)) - raft.server.log.segment.size.max = 1048576 (custom)
2019-10-15 04:14:03,546 [pool-413-thread-1] INFO  segmented.SegmentedRaftLogWorker (SegmentedRaftLogWorker.java:lambda$new$0(128)) - 303f0228-c743-44bb-8a31-cb9ae4dee5ff@group-6C8A0CB5C4FE-SegmentedRaftLogWorker: flushIndex: setUnconditionally 0 -> -1
2019-10-15 04:14:03,546 [pool-383-thread-1] INFO  server.RaftServerConfigKeys (ConfUtils.java:logGet(43)) - raft.server.log.preallocated.size = 16384 (custom)
2019-10-15 04:14:03,546 [pool-393-thread-1] INFO  server.RaftServerConfigKeys (ConfUtils.java:logGet(43)) - raft.server.log.segment.size.max = 1048576 (custom)
2019-10-15 04:14:03,547 [pool-413-thread-1] INFO  server.RaftServerConfigKeys (ConfUtils.java:logGet(43)) - raft.server.snapshot.auto.trigger.enabled = true (custom)
2019-10-15 04:14:03,547 [pool-383-thread-1] INFO  server.RaftServerConfigKeys (ConfUtils.java:logGet(43)) - raft.server.log.write.buffer.size = 33554432 (custom)
2019-10-15 04:14:03,547 [pool-413-thread-1] INFO  server.RaftServerConfigKeys (ConfUtils.java:logGet(43)) - raft.server.snapshot.auto.trigger.threshold = 10000 (custom)
2019-10-15 04:14:03,547 [pool-393-thread-1] INFO  server.RaftServerConfigKeys (ConfUtils.java:logGet(43)) - raft.server.log.preallocated.size = 16384 (custom)
2019-10-15 04:14:03,547 [pool-413-thread-1] INFO  server.RaftServerConfigKeys (ConfUtils.java:logGet(43)) - raft.server.snapshot.retention.file.num = 5 (custom)
2019-10-15 04:14:03,547 [pool-383-thread-1] INFO  server.RaftServerConfigKeys (ConfUtils.java:logGet(43)) - raft.server.log.force.sync.num = 128 (default)
2019-10-15 04:14:03,547 [pool-413-thread-1] INFO  server.RaftServerConfigKeys (ConfUtils.java:logGet(43)) - raft.server.retrycache.expirytime = 600000ms (custom)
2019-10-15 04:14:03,547 [pool-393-thread-1] INFO  server.RaftServerConfigKeys (ConfUtils.java:logGet(43)) - raft.server.log.write.buffer.size = 33554432 (custom)
2019-10-15 04:14:03,548 [pool-383-thread-1] INFO  server.RaftServerConfigKeys (ConfUtils.java:logGet(43)) - raft.server.log.statemachine.data.sync = true (default)
2019-10-15 04:14:03,548 [pool-393-thread-1] INFO  server.RaftServerConfigKeys (ConfUtils.java:logGet(43)) - raft.server.log.force.sync.num = 128 (default)
2019-10-15 04:14:03,548 [pool-383-thread-1] INFO  server.RaftServerConfigKeys (ConfUtils.java:logGet(43)) - raft.server.log.statemachine.data.sync.timeout = 10s (default)
2019-10-15 04:14:03,548 [pool-393-thread-1] INFO  server.RaftServerConfigKeys (ConfUtils.java:logGet(43)) - raft.server.log.statemachine.data.sync = true (default)
2019-10-15 04:14:03,548 [pool-383-thread-1] INFO  server.RaftServerConfigKeys (ConfUtils.java:logGet(43)) - raft.server.log.statemachine.data.sync.timeout.retry = -1 (default)
2019-10-15 04:14:03,548 [pool-393-thread-1] INFO  server.RaftServerConfigKeys (ConfUtils.java:logGet(43)) - raft.server.log.statemachine.data.sync.timeout = 10s (default)
2019-10-15 04:14:03,549 [pool-383-thread-1] INFO  server.RaftServerConfigKeys (ConfUtils.java:logGet(43)) - raft.server.log.statemachine.data.caching.enabled = true (custom)
2019-10-15 04:14:03,549 [pool-393-thread-1] INFO  server.RaftServerConfigKeys (ConfUtils.java:logGet(43)) - raft.server.log.statemachine.data.sync.timeout.retry = -1 (default)
2019-10-15 04:14:03,549 [pool-393-thread-1] INFO  server.RaftServerConfigKeys (ConfUtils.java:logGet(43)) - raft.server.log.statemachine.data.caching.enabled = true (custom)
2019-10-15 04:14:03,549 [pool-383-thread-1] INFO  segmented.SegmentedRaftLogWorker (SegmentedRaftLogWorker.java:lambda$new$0(128)) - 88a80244-6d55-49cb-b386-f8c6afc0afd2@group-6C8A0CB5C4FE-SegmentedRaftLogWorker: flushIndex: setUnconditionally 0 -> -1
2019-10-15 04:14:03,549 [pool-393-thread-1] INFO  segmented.SegmentedRaftLogWorker (SegmentedRaftLogWorker.java:lambda$new$0(128)) - 3e3feb47-3047-4f9f-89b5-cd40cbc24957@group-6C8A0CB5C4FE-SegmentedRaftLogWorker: flushIndex: setUnconditionally 0 -> -1
2019-10-15 04:14:03,549 [pool-383-thread-1] INFO  server.RaftServerConfigKeys (ConfUtils.java:logGet(43)) - raft.server.snapshot.auto.trigger.enabled = true (custom)
2019-10-15 04:14:03,550 [pool-393-thread-1] INFO  server.RaftServerConfigKeys (ConfUtils.java:logGet(43)) - raft.server.snapshot.auto.trigger.enabled = true (custom)
2019-10-15 04:14:03,550 [pool-383-thread-1] INFO  server.RaftServerConfigKeys (ConfUtils.java:logGet(43)) - raft.server.snapshot.auto.trigger.threshold = 10000 (custom)
2019-10-15 04:14:03,550 [pool-413-thread-1] INFO  impl.RaftServerImpl (RaftServerImpl.java:start(181)) - 303f0228-c743-44bb-8a31-cb9ae4dee5ff@group-6C8A0CB5C4FE: start as a follower, conf=-1: [3e3feb47-3047-4f9f-89b5-cd40cbc24957:192.168.151.96:42666, 303f0228-c743-44bb-8a31-cb9ae4dee5ff:192.168.151.96:43679, 88a80244-6d55-49cb-b386-f8c6afc0afd2:192.168.151.96:41493], old=null
2019-10-15 04:14:03,550 [pool-383-thread-1] INFO  server.RaftServerConfigKeys (ConfUtils.java:logGet(43)) - raft.server.snapshot.retention.file.num = 5 (custom)
2019-10-15 04:14:03,550 [pool-393-thread-1] INFO  server.RaftServerConfigKeys (ConfUtils.java:logGet(43)) - raft.server.snapshot.auto.trigger.threshold = 10000 (custom)
2019-10-15 04:14:03,550 [pool-383-thread-1] INFO  server.RaftServerConfigKeys (ConfUtils.java:logGet(43)) - raft.server.retrycache.expirytime = 600000ms (custom)
2019-10-15 04:14:03,550 [pool-413-thread-1] INFO  impl.RaftServerImpl (RaftServerImpl.java:setRole(170)) - 303f0228-c743-44bb-8a31-cb9ae4dee5ff@group-6C8A0CB5C4FE: changes role from      null to FOLLOWER at term 0 for startAsFollower
2019-10-15 04:14:03,550 [pool-393-thread-1] INFO  server.RaftServerConfigKeys (ConfUtils.java:logGet(43)) - raft.server.snapshot.retention.file.num = 5 (custom)
2019-10-15 04:14:03,551 [pool-413-thread-1] INFO  impl.RoleInfo (RoleInfo.java:updateAndGet(143)) - 303f0228-c743-44bb-8a31-cb9ae4dee5ff: start FollowerState
2019-10-15 04:14:03,551 [pool-393-thread-1] INFO  server.RaftServerConfigKeys (ConfUtils.java:logGet(43)) - raft.server.retrycache.expirytime = 600000ms (custom)
2019-10-15 04:14:03,551 [pool-413-thread-1] INFO  util.JmxRegister (JmxRegister.java:tryRegister(44)) - Successfully registered JMX Bean with object name Ratis:service=RaftServer,group=group-6C8A0CB5C4FE,id=303f0228-c743-44bb-8a31-cb9ae4dee5ff
2019-10-15 04:14:03,555 [pool-383-thread-1] INFO  impl.RaftServerImpl (RaftServerImpl.java:start(181)) - 88a80244-6d55-49cb-b386-f8c6afc0afd2@group-6C8A0CB5C4FE: start as a follower, conf=-1: [3e3feb47-3047-4f9f-89b5-cd40cbc24957:192.168.151.96:42666, 303f0228-c743-44bb-8a31-cb9ae4dee5ff:192.168.151.96:43679, 88a80244-6d55-49cb-b386-f8c6afc0afd2:192.168.151.96:41493], old=null
2019-10-15 04:14:03,555 [pool-393-thread-1] INFO  impl.RaftServerImpl (RaftServerImpl.java:start(181)) - 3e3feb47-3047-4f9f-89b5-cd40cbc24957@group-6C8A0CB5C4FE: start as a follower, conf=-1: [3e3feb47-3047-4f9f-89b5-cd40cbc24957:192.168.151.96:42666, 303f0228-c743-44bb-8a31-cb9ae4dee5ff:192.168.151.96:43679, 88a80244-6d55-49cb-b386-f8c6afc0afd2:192.168.151.96:41493], old=null
2019-10-15 04:14:03,555 [pool-383-thread-1] INFO  impl.RaftServerImpl (RaftServerImpl.java:setRole(170)) - 88a80244-6d55-49cb-b386-f8c6afc0afd2@group-6C8A0CB5C4FE: changes role from      null to FOLLOWER at term 0 for startAsFollower
2019-10-15 04:14:03,555 [pool-393-thread-1] INFO  impl.RaftServerImpl (RaftServerImpl.java:setRole(170)) - 3e3feb47-3047-4f9f-89b5-cd40cbc24957@group-6C8A0CB5C4FE: changes role from      null to FOLLOWER at term 0 for startAsFollower
2019-10-15 04:14:03,555 [pool-383-thread-1] INFO  impl.RoleInfo (RoleInfo.java:updateAndGet(143)) - 88a80244-6d55-49cb-b386-f8c6afc0afd2: start FollowerState
2019-10-15 04:14:03,555 [pool-393-thread-1] INFO  impl.RoleInfo (RoleInfo.java:updateAndGet(143)) - 3e3feb47-3047-4f9f-89b5-cd40cbc24957: start FollowerState
2019-10-15 04:14:03,555 [pool-383-thread-1] INFO  util.JmxRegister (JmxRegister.java:tryRegister(44)) - Successfully registered JMX Bean with object name Ratis:service=RaftServer,group=group-6C8A0CB5C4FE,id=88a80244-6d55-49cb-b386-f8c6afc0afd2
2019-10-15 04:14:03,555 [pool-393-thread-1] INFO  util.JmxRegister (JmxRegister.java:tryRegister(44)) - Successfully registered JMX Bean with object name Ratis:service=RaftServer,group=group-6C8A0CB5C4FE,id=3e3feb47-3047-4f9f-89b5-cd40cbc24957
2019-10-15 04:14:03,569 [RatisPipelineUtilsThread] INFO  pipeline.PipelineStateManager (PipelineStateManager.java:addPipeline(56)) - Created pipeline Pipeline[ Id: 8203d7de-3aeb-40f0-8b79-6c8a0cb5c4fe, Nodes: 88a80244-6d55-49cb-b386-f8c6afc0afd2{ip: 192.168.151.96, host: pr-hdds-2194-5wssm-2368079274, networkLocation: /default-rack, certSerialId: null}3e3feb47-3047-4f9f-89b5-cd40cbc24957{ip: 192.168.151.96, host: pr-hdds-2194-5wssm-2368079274, networkLocation: /default-rack, certSerialId: null}303f0228-c743-44bb-8a31-cb9ae4dee5ff{ip: 192.168.151.96, host: pr-hdds-2194-5wssm-2368079274, networkLocation: /default-rack, certSerialId: null}, Type:RATIS, Factor:THREE, State:OPEN]
2019-10-15 04:14:03,579 [grpc-default-executor-1] INFO  impl.RaftServerProxy (RaftServerProxy.java:addNew(89)) - 2d3bc81b-9e94-4d45-85f1-83fe451f4879: addNew group-A91890E3DC20:[c36f84cd-ba91-4ebb-a735-69fb0bbd9ede:192.168.151.96:40111, 2d3bc81b-9e94-4d45-85f1-83fe451f4879:192.168.151.96:41849, 6bfbd448-fd10-4d88-98a5-4a2957d888a8:192.168.151.96:40714] returns group-A91890E3DC20:java.util.concurrent.CompletableFuture@23aef741[Not completed]
2019-10-15 04:14:03,582 [grpc-default-executor-1] INFO  impl.RaftServerProxy (RaftServerProxy.java:addNew(89)) - 6bfbd448-fd10-4d88-98a5-4a2957d888a8: addNew group-A91890E3DC20:[c36f84cd-ba91-4ebb-a735-69fb0bbd9ede:192.168.151.96:40111, 2d3bc81b-9e94-4d45-85f1-83fe451f4879:192.168.151.96:41849, 6bfbd448-fd10-4d88-98a5-4a2957d888a8:192.168.151.96:40714] returns group-A91890E3DC20:java.util.concurrent.CompletableFuture@6960ca62[Not completed]
2019-10-15 04:14:03,585 [grpc-default-executor-5] INFO  impl.RaftServerProxy (RaftServerProxy.java:addNew(89)) - c36f84cd-ba91-4ebb-a735-69fb0bbd9ede: addNew group-A91890E3DC20:[c36f84cd-ba91-4ebb-a735-69fb0bbd9ede:192.168.151.96:40111, 2d3bc81b-9e94-4d45-85f1-83fe451f4879:192.168.151.96:41849, 6bfbd448-fd10-4d88-98a5-4a2957d888a8:192.168.151.96:40714] returns group-A91890E3DC20:java.util.concurrent.CompletableFuture@70c4d881[Not completed]
2019-10-15 04:14:03,587 [pool-403-thread-1] INFO  impl.RaftServerImpl (RaftServerImpl.java:<init>(95)) - 2d3bc81b-9e94-4d45-85f1-83fe451f4879: new RaftServerImpl for group-A91890E3DC20:[c36f84cd-ba91-4ebb-a735-69fb0bbd9ede:192.168.151.96:40111, 2d3bc81b-9e94-4d45-85f1-83fe451f4879:192.168.151.96:41849, 6bfbd448-fd10-4d88-98a5-4a2957d888a8:192.168.151.96:40714] with ContainerStateMachine:uninitialized
2019-10-15 04:14:03,588 [pool-403-thread-1] INFO  server.RaftServerConfigKeys (ConfUtils.java:logGet(43)) - raft.server.rpc.timeout.min = 5s (custom)
2019-10-15 04:14:03,588 [pool-403-thread-1] INFO  server.RaftServerConfigKeys (ConfUtils.java:logGet(43)) - raft.server.rpc.timeout.max = 5200ms (custom)
2019-10-15 04:14:03,588 [pool-403-thread-1] INFO  server.RaftServerConfigKeys (ConfUtils.java:logGet(43)) - raft.server.rpcslowness.timeout = 120s (custom)
2019-10-15 04:14:03,588 [pool-443-thread-1] INFO  impl.RaftServerImpl (RaftServerImpl.java:<init>(95)) - c36f84cd-ba91-4ebb-a735-69fb0bbd9ede: new RaftServerImpl for group-A91890E3DC20:[c36f84cd-ba91-4ebb-a735-69fb0bbd9ede:192.168.151.96:40111, 2d3bc81b-9e94-4d45-85f1-83fe451f4879:192.168.151.96:41849, 6bfbd448-fd10-4d88-98a5-4a2957d888a8:192.168.151.96:40714] with ContainerStateMachine:uninitialized
2019-10-15 04:14:03,588 [pool-403-thread-1] INFO  server.RaftServerConfigKeys (ConfUtils.java:logGet(43)) - raft.server.sleep.deviation.threshold = 300 (default)
2019-10-15 04:14:03,588 [pool-443-thread-1] INFO  server.RaftServerConfigKeys (ConfUtils.java:logGet(43)) - raft.server.rpc.timeout.min = 5s (custom)
2019-10-15 04:14:03,588 [pool-403-thread-1] INFO  server.RaftServerConfigKeys (ConfUtils.java:logGet(43)) - raft.server.log.appender.install.snapshot.enabled = false (custom)
2019-10-15 04:14:03,588 [pool-443-thread-1] INFO  server.RaftServerConfigKeys (ConfUtils.java:logGet(43)) - raft.server.rpc.timeout.max = 5200ms (custom)
2019-10-15 04:14:03,588 [pool-403-thread-1] INFO  impl.RaftServerImpl (ServerState.java:<init>(103)) - 2d3bc81b-9e94-4d45-85f1-83fe451f4879@group-A91890E3DC20: ConfigurationManager, init=-1: [c36f84cd-ba91-4ebb-a735-69fb0bbd9ede:192.168.151.96:40111, 2d3bc81b-9e94-4d45-85f1-83fe451f4879:192.168.151.96:41849, 6bfbd448-fd10-4d88-98a5-4a2957d888a8:192.168.151.96:40714], old=null, confs=<EMPTY_MAP>
2019-10-15 04:14:03,588 [pool-443-thread-1] INFO  server.RaftServerConfigKeys (ConfUtils.java:logGet(43)) - raft.server.rpcslowness.timeout = 120s (custom)
2019-10-15 04:14:03,588 [pool-403-thread-1] INFO  server.RaftServerConfigKeys (ConfUtils.java:logGet(43)) - raft.server.storage.dir = [/workdir/hadoop-ozone/integration-test/target/test-dir/MiniOzoneClusterImpl-d45ffd01-825f-4527-9b26-6ed3d9db6876/datanode-2/data/ratis] (custom)
2019-10-15 04:14:03,588 [pool-423-thread-1] INFO  impl.RaftServerImpl (RaftServerImpl.java:<init>(95)) - 6bfbd448-fd10-4d88-98a5-4a2957d888a8: new RaftServerImpl for group-A91890E3DC20:[c36f84cd-ba91-4ebb-a735-69fb0bbd9ede:192.168.151.96:40111, 2d3bc81b-9e94-4d45-85f1-83fe451f4879:192.168.151.96:41849, 6bfbd448-fd10-4d88-98a5-4a2957d888a8:192.168.151.96:40714] with ContainerStateMachine:uninitialized
2019-10-15 04:14:03,588 [pool-443-thread-1] INFO  server.RaftServerConfigKeys (ConfUtils.java:logGet(43)) - raft.server.sleep.deviation.threshold = 300 (default)
2019-10-15 04:14:03,589 [pool-423-thread-1] INFO  server.RaftServerConfigKeys (ConfUtils.java:logGet(43)) - raft.server.rpc.timeout.min = 5s (custom)
2019-10-15 04:14:03,589 [pool-403-thread-1] INFO  server.RaftServerConfigKeys (ConfUtils.java:logGet(43)) - raft.server.log.corruption.policy = EXCEPTION (default)
2019-10-15 04:14:03,589 [pool-423-thread-1] INFO  server.RaftServerConfigKeys (ConfUtils.java:logGet(43)) - raft.server.rpc.timeout.max = 5200ms (custom)
2019-10-15 04:14:03,589 [pool-423-thread-1] INFO  server.RaftServerConfigKeys (ConfUtils.java:logGet(43)) - raft.server.rpcslowness.timeout = 120s (custom)
2019-10-15 04:14:03,589 [pool-443-thread-1] INFO  server.RaftServerConfigKeys (ConfUtils.java:logGet(43)) - raft.server.log.appender.install.snapshot.enabled = false (custom)
2019-10-15 04:14:03,589 [pool-423-thread-1] INFO  server.RaftServerConfigKeys (ConfUtils.java:logGet(43)) - raft.server.sleep.deviation.threshold = 300 (default)
2019-10-15 04:14:03,589 [pool-403-thread-1] INFO  storage.RaftStorageDirectory (RaftStorageDirectory.java:analyzeStorage(246)) - The storage directory /workdir/hadoop-ozone/integration-test/target/test-dir/MiniOzoneClusterImpl-d45ffd01-825f-4527-9b26-6ed3d9db6876/datanode-2/data/ratis/b929ae03-97ea-4261-a662-a91890e3dc20 does not exist. Creating ...
2019-10-15 04:14:03,589 [pool-423-thread-1] INFO  server.RaftServerConfigKeys (ConfUtils.java:logGet(43)) - raft.server.log.appender.install.snapshot.enabled = false (custom)
2019-10-15 04:14:03,589 [pool-443-thread-1] INFO  impl.RaftServerImpl (ServerState.java:<init>(103)) - c36f84cd-ba91-4ebb-a735-69fb0bbd9ede@group-A91890E3DC20: ConfigurationManager, init=-1: [c36f84cd-ba91-4ebb-a735-69fb0bbd9ede:192.168.151.96:40111, 2d3bc81b-9e94-4d45-85f1-83fe451f4879:192.168.151.96:41849, 6bfbd448-fd10-4d88-98a5-4a2957d888a8:192.168.151.96:40714], old=null, confs=<EMPTY_MAP>
2019-10-15 04:14:03,589 [pool-423-thread-1] INFO  impl.RaftServerImpl (ServerState.java:<init>(103)) - 6bfbd448-fd10-4d88-98a5-4a2957d888a8@group-A91890E3DC20: ConfigurationManager, init=-1: [c36f84cd-ba91-4ebb-a735-69fb0bbd9ede:192.168.151.96:40111, 2d3bc81b-9e94-4d45-85f1-83fe451f4879:192.168.151.96:41849, 6bfbd448-fd10-4d88-98a5-4a2957d888a8:192.168.151.96:40714], old=null, confs=<EMPTY_MAP>
2019-10-15 04:14:03,590 [pool-443-thread-1] INFO  server.RaftServerConfigKeys (ConfUtils.java:logGet(43)) - raft.server.storage.dir = [/workdir/hadoop-ozone/integration-test/target/test-dir/MiniOzoneClusterImpl-d45ffd01-825f-4527-9b26-6ed3d9db6876/datanode-6/data/ratis] (custom)
2019-10-15 04:14:03,590 [pool-423-thread-1] INFO  server.RaftServerConfigKeys (ConfUtils.java:logGet(43)) - raft.server.storage.dir = [/workdir/hadoop-ozone/integration-test/target/test-dir/MiniOzoneClusterImpl-d45ffd01-825f-4527-9b26-6ed3d9db6876/datanode-4/data/ratis] (custom)
2019-10-15 04:14:03,590 [pool-443-thread-1] INFO  server.RaftServerConfigKeys (ConfUtils.java:logGet(43)) - raft.server.log.corruption.policy = EXCEPTION (default)
2019-10-15 04:14:03,590 [pool-423-thread-1] INFO  server.RaftServerConfigKeys (ConfUtils.java:logGet(43)) - raft.server.log.corruption.policy = EXCEPTION (default)
2019-10-15 04:14:03,590 [pool-443-thread-1] INFO  storage.RaftStorageDirectory (RaftStorageDirectory.java:analyzeStorage(246)) - The storage directory /workdir/hadoop-ozone/integration-test/target/test-dir/MiniOzoneClusterImpl-d45ffd01-825f-4527-9b26-6ed3d9db6876/datanode-6/data/ratis/b929ae03-97ea-4261-a662-a91890e3dc20 does not exist. Creating ...
2019-10-15 04:14:03,590 [pool-423-thread-1] INFO  storage.RaftStorageDirectory (RaftStorageDirectory.java:analyzeStorage(246)) - The storage directory /workdir/hadoop-ozone/integration-test/target/test-dir/MiniOzoneClusterImpl-d45ffd01-825f-4527-9b26-6ed3d9db6876/datanode-4/data/ratis/b929ae03-97ea-4261-a662-a91890e3dc20 does not exist. Creating ...
2019-10-15 04:14:03,625 [pool-403-thread-1] INFO  storage.RaftStorageDirectory (RaftStorageDirectory.java:tryLock(328)) - Lock on /workdir/hadoop-ozone/integration-test/target/test-dir/MiniOzoneClusterImpl-d45ffd01-825f-4527-9b26-6ed3d9db6876/datanode-2/data/ratis/b929ae03-97ea-4261-a662-a91890e3dc20/in_use.lock acquired by nodename 26144@pr-hdds-2194-5wssm-2368079274
2019-10-15 04:14:03,625 [pool-443-thread-1] INFO  storage.RaftStorageDirectory (RaftStorageDirectory.java:tryLock(328)) - Lock on /workdir/hadoop-ozone/integration-test/target/test-dir/MiniOzoneClusterImpl-d45ffd01-825f-4527-9b26-6ed3d9db6876/datanode-6/data/ratis/b929ae03-97ea-4261-a662-a91890e3dc20/in_use.lock acquired by nodename 26144@pr-hdds-2194-5wssm-2368079274
2019-10-15 04:14:03,625 [pool-423-thread-1] INFO  storage.RaftStorageDirectory (RaftStorageDirectory.java:tryLock(328)) - Lock on /workdir/hadoop-ozone/integration-test/target/test-dir/MiniOzoneClusterImpl-d45ffd01-825f-4527-9b26-6ed3d9db6876/datanode-4/data/ratis/b929ae03-97ea-4261-a662-a91890e3dc20/in_use.lock acquired by nodename 26144@pr-hdds-2194-5wssm-2368079274
2019-10-15 04:14:03,642 [pool-443-thread-1] INFO  storage.RaftStorage (RaftStorage.java:format(84)) - Storage directory /workdir/hadoop-ozone/integration-test/target/test-dir/MiniOzoneClusterImpl-d45ffd01-825f-4527-9b26-6ed3d9db6876/datanode-6/data/ratis/b929ae03-97ea-4261-a662-a91890e3dc20 has been successfully formatted.
2019-10-15 04:14:03,642 [pool-423-thread-1] INFO  storage.RaftStorage (RaftStorage.java:format(84)) - Storage directory /workdir/hadoop-ozone/integration-test/target/test-dir/MiniOzoneClusterImpl-d45ffd01-825f-4527-9b26-6ed3d9db6876/datanode-4/data/ratis/b929ae03-97ea-4261-a662-a91890e3dc20 has been successfully formatted.
2019-10-15 04:14:03,642 [pool-403-thread-1] INFO  storage.RaftStorage (RaftStorage.java:format(84)) - Storage directory /workdir/hadoop-ozone/integration-test/target/test-dir/MiniOzoneClusterImpl-d45ffd01-825f-4527-9b26-6ed3d9db6876/datanode-2/data/ratis/b929ae03-97ea-4261-a662-a91890e3dc20 has been successfully formatted.
2019-10-15 04:14:03,643 [pool-443-thread-1] INFO  ratis.ContainerStateMachine (ContainerStateMachine.java:loadSnapshot(231)) - group-A91890E3DC20: The snapshot info is null. Setting the last applied indexto:(t:0, i:~)
2019-10-15 04:14:03,643 [pool-423-thread-1] INFO  ratis.ContainerStateMachine (ContainerStateMachine.java:loadSnapshot(231)) - group-A91890E3DC20: The snapshot info is null. Setting the last applied indexto:(t:0, i:~)
2019-10-15 04:14:03,643 [pool-403-thread-1] INFO  ratis.ContainerStateMachine (ContainerStateMachine.java:loadSnapshot(231)) - group-A91890E3DC20: The snapshot info is null. Setting the last applied indexto:(t:0, i:~)
2019-10-15 04:14:03,643 [pool-423-thread-1] INFO  server.RaftServerConfigKeys (ConfUtils.java:logGet(43)) - raft.server.notification.no-leader.timeout = 120s (custom)
2019-10-15 04:14:03,643 [pool-443-thread-1] INFO  server.RaftServerConfigKeys (ConfUtils.java:logGet(43)) - raft.server.notification.no-leader.timeout = 120s (custom)
2019-10-15 04:14:03,643 [pool-423-thread-1] INFO  server.RaftServerConfigKeys (ConfUtils.java:logGet(43)) - raft.server.log.use.memory = false (default)
2019-10-15 04:14:03,643 [pool-403-thread-1] INFO  server.RaftServerConfigKeys (ConfUtils.java:logGet(43)) - raft.server.notification.no-leader.timeout = 120s (custom)
2019-10-15 04:14:03,644 [pool-423-thread-1] INFO  server.RaftServerConfigKeys (ConfUtils.java:logGet(43)) - raft.server.log.purge.gap = 1000000 (custom)
2019-10-15 04:14:03,643 [pool-443-thread-1] INFO  server.RaftServerConfigKeys (ConfUtils.java:logGet(43)) - raft.server.log.use.memory = false (default)
2019-10-15 04:14:03,644 [pool-423-thread-1] INFO  server.RaftServerConfigKeys (ConfUtils.java:logGet(43)) - raft.server.log.appender.buffer.byte-limit = 33554432 (custom)
2019-10-15 04:14:03,644 [pool-403-thread-1] INFO  server.RaftServerConfigKeys (ConfUtils.java:logGet(43)) - raft.server.log.use.memory = false (default)
2019-10-15 04:14:03,644 [pool-423-thread-1] INFO  server.RaftServerConfigKeys (ConfUtils.java:logGet(43)) - raft.server.log.segment.size.max = 1048576 (custom)
2019-10-15 04:14:03,644 [pool-443-thread-1] INFO  server.RaftServerConfigKeys (ConfUtils.java:logGet(43)) - raft.server.log.purge.gap = 1000000 (custom)
2019-10-15 04:14:03,644 [pool-423-thread-1] INFO  server.RaftServerConfigKeys (ConfUtils.java:logGet(43)) - raft.server.log.segment.cache.num.max = 2 (custom)
2019-10-15 04:14:03,644 [pool-403-thread-1] INFO  server.RaftServerConfigKeys (ConfUtils.java:logGet(43)) - raft.server.log.purge.gap = 1000000 (custom)
2019-10-15 04:14:03,644 [pool-423-thread-1] INFO  segmented.SegmentedRaftLogWorker (SegmentedRaftLogWorker.java:<init>(173)) - new 6bfbd448-fd10-4d88-98a5-4a2957d888a8@group-A91890E3DC20-SegmentedRaftLogWorker for RaftStorage:Storage Directory /workdir/hadoop-ozone/integration-test/target/test-dir/MiniOzoneClusterImpl-d45ffd01-825f-4527-9b26-6ed3d9db6876/datanode-4/data/ratis/b929ae03-97ea-4261-a662-a91890e3dc20
2019-10-15 04:14:03,644 [pool-443-thread-1] INFO  server.RaftServerConfigKeys (ConfUtils.java:logGet(43)) - raft.server.log.appender.buffer.byte-limit = 33554432 (custom)
2019-10-15 04:14:03,645 [pool-423-thread-1] INFO  server.RaftServerConfigKeys (ConfUtils.java:logGet(43)) - raft.server.log.queue.byte-limit = 2147483647 (custom)
2019-10-15 04:14:03,644 [pool-403-thread-1] INFO  server.RaftServerConfigKeys (ConfUtils.java:logGet(43)) - raft.server.log.appender.buffer.byte-limit = 33554432 (custom)
2019-10-15 04:14:03,645 [pool-423-thread-1] INFO  server.RaftServerConfigKeys (ConfUtils.java:logGet(43)) - raft.server.log.queue.element-limit = 1024 (custom)
2019-10-15 04:14:03,645 [pool-443-thread-1] INFO  server.RaftServerConfigKeys (ConfUtils.java:logGet(43)) - raft.server.log.segment.size.max = 1048576 (custom)
2019-10-15 04:14:03,645 [pool-423-thread-1] INFO  server.RaftServerConfigKeys (ConfUtils.java:logGet(43)) - raft.server.log.segment.size.max = 1048576 (custom)
2019-10-15 04:14:03,645 [pool-403-thread-1] INFO  server.RaftServerConfigKeys (ConfUtils.java:logGet(43)) - raft.server.log.segment.size.max = 1048576 (custom)
2019-10-15 04:14:03,645 [pool-423-thread-1] INFO  server.RaftServerConfigKeys (ConfUtils.java:logGet(43)) - raft.server.log.preallocated.size = 16384 (custom)
2019-10-15 04:14:03,645 [pool-443-thread-1] INFO  server.RaftServerConfigKeys (ConfUtils.java:logGet(43)) - raft.server.log.segment.cache.num.max = 2 (custom)
2019-10-15 04:14:03,645 [pool-423-thread-1] INFO  server.RaftServerConfigKeys (ConfUtils.java:logGet(43)) - raft.server.log.write.buffer.size = 33554432 (custom)
2019-10-15 04:14:03,645 [pool-403-thread-1] INFO  server.RaftServerConfigKeys (ConfUtils.java:logGet(43)) - raft.server.log.segment.cache.num.max = 2 (custom)
2019-10-15 04:14:03,645 [pool-423-thread-1] INFO  server.RaftServerConfigKeys (ConfUtils.java:logGet(43)) - raft.server.log.force.sync.num = 128 (default)
2019-10-15 04:14:03,646 [pool-423-thread-1] INFO  server.RaftServerConfigKeys (ConfUtils.java:logGet(43)) - raft.server.log.statemachine.data.sync = true (default)
2019-10-15 04:14:03,645 [pool-443-thread-1] INFO  segmented.SegmentedRaftLogWorker (SegmentedRaftLogWorker.java:<init>(173)) - new c36f84cd-ba91-4ebb-a735-69fb0bbd9ede@group-A91890E3DC20-SegmentedRaftLogWorker for RaftStorage:Storage Directory /workdir/hadoop-ozone/integration-test/target/test-dir/MiniOzoneClusterImpl-d45ffd01-825f-4527-9b26-6ed3d9db6876/datanode-6/data/ratis/b929ae03-97ea-4261-a662-a91890e3dc20
2019-10-15 04:14:03,646 [pool-423-thread-1] INFO  server.RaftServerConfigKeys (ConfUtils.java:logGet(43)) - raft.server.log.statemachine.data.sync.timeout = 10s (default)
2019-10-15 04:14:03,646 [pool-423-thread-1] INFO  server.RaftServerConfigKeys (ConfUtils.java:logGet(43)) - raft.server.log.statemachine.data.sync.timeout.retry = -1 (default)
2019-10-15 04:14:03,646 [pool-403-thread-1] INFO  segmented.SegmentedRaftLogWorker (SegmentedRaftLogWorker.java:<init>(173)) - new 2d3bc81b-9e94-4d45-85f1-83fe451f4879@group-A91890E3DC20-SegmentedRaftLogWorker for RaftStorage:Storage Directory /workdir/hadoop-ozone/integration-test/target/test-dir/MiniOzoneClusterImpl-d45ffd01-825f-4527-9b26-6ed3d9db6876/datanode-2/data/ratis/b929ae03-97ea-4261-a662-a91890e3dc20
2019-10-15 04:14:03,646 [pool-423-thread-1] INFO  server.RaftServerConfigKeys (ConfUtils.java:logGet(43)) - raft.server.log.statemachine.data.caching.enabled = true (custom)
2019-10-15 04:14:03,646 [pool-443-thread-1] INFO  server.RaftServerConfigKeys (ConfUtils.java:logGet(43)) - raft.server.log.queue.byte-limit = 2147483647 (custom)
2019-10-15 04:14:03,646 [pool-403-thread-1] INFO  server.RaftServerConfigKeys (ConfUtils.java:logGet(43)) - raft.server.log.queue.byte-limit = 2147483647 (custom)
2019-10-15 04:14:03,646 [pool-423-thread-1] INFO  segmented.SegmentedRaftLogWorker (SegmentedRaftLogWorker.java:lambda$new$0(128)) - 6bfbd448-fd10-4d88-98a5-4a2957d888a8@group-A91890E3DC20-SegmentedRaftLogWorker: flushIndex: setUnconditionally 0 -> -1
2019-10-15 04:14:03,646 [pool-443-thread-1] INFO  server.RaftServerConfigKeys (ConfUtils.java:logGet(43)) - raft.server.log.queue.element-limit = 1024 (custom)
2019-10-15 04:14:03,647 [pool-403-thread-1] INFO  server.RaftServerConfigKeys (ConfUtils.java:logGet(43)) - raft.server.log.queue.element-limit = 1024 (custom)
2019-10-15 04:14:03,647 [pool-443-thread-1] INFO  server.RaftServerConfigKeys (ConfUtils.java:logGet(43)) - raft.server.log.segment.size.max = 1048576 (custom)
2019-10-15 04:14:03,647 [pool-423-thread-1] INFO  server.RaftServerConfigKeys (ConfUtils.java:logGet(43)) - raft.server.snapshot.auto.trigger.enabled = true (custom)
2019-10-15 04:14:03,647 [pool-443-thread-1] INFO  server.RaftServerConfigKeys (ConfUtils.java:logGet(43)) - raft.server.log.preallocated.size = 16384 (custom)
2019-10-15 04:14:03,647 [pool-403-thread-1] INFO  server.RaftServerConfigKeys (ConfUtils.java:logGet(43)) - raft.server.log.segment.size.max = 1048576 (custom)
2019-10-15 04:14:03,647 [pool-443-thread-1] INFO  server.RaftServerConfigKeys (ConfUtils.java:logGet(43)) - raft.server.log.write.buffer.size = 33554432 (custom)
2019-10-15 04:14:03,647 [pool-423-thread-1] INFO  server.RaftServerConfigKeys (ConfUtils.java:logGet(43)) - raft.server.snapshot.auto.trigger.threshold = 10000 (custom)
2019-10-15 04:14:03,648 [pool-443-thread-1] INFO  server.RaftServerConfigKeys (ConfUtils.java:logGet(43)) - raft.server.log.force.sync.num = 128 (default)
2019-10-15 04:14:03,647 [pool-403-thread-1] INFO  server.RaftServerConfigKeys (ConfUtils.java:logGet(43)) - raft.server.log.preallocated.size = 16384 (custom)
2019-10-15 04:14:03,648 [pool-443-thread-1] INFO  server.RaftServerConfigKeys (ConfUtils.java:logGet(43)) - raft.server.log.statemachine.data.sync = true (default)
2019-10-15 04:14:03,648 [pool-423-thread-1] INFO  server.RaftServerConfigKeys (ConfUtils.java:logGet(43)) - raft.server.snapshot.retention.file.num = 5 (custom)
2019-10-15 04:14:03,648 [pool-443-thread-1] INFO  server.RaftServerConfigKeys (ConfUtils.java:logGet(43)) - raft.server.log.statemachine.data.sync.timeout = 10s (default)
2019-10-15 04:14:03,648 [pool-403-thread-1] INFO  server.RaftServerConfigKeys (ConfUtils.java:logGet(43)) - raft.server.log.write.buffer.size = 33554432 (custom)
2019-10-15 04:14:03,648 [pool-443-thread-1] INFO  server.RaftServerConfigKeys (ConfUtils.java:logGet(43)) - raft.server.log.statemachine.data.sync.timeout.retry = -1 (default)
2019-10-15 04:14:03,648 [pool-423-thread-1] INFO  server.RaftServerConfigKeys (ConfUtils.java:logGet(43)) - raft.server.retrycache.expirytime = 600000ms (custom)
2019-10-15 04:14:03,648 [pool-443-thread-1] INFO  server.RaftServerConfigKeys (ConfUtils.java:logGet(43)) - raft.server.log.statemachine.data.caching.enabled = true (custom)
2019-10-15 04:14:03,648 [pool-403-thread-1] INFO  server.RaftServerConfigKeys (ConfUtils.java:logGet(43)) - raft.server.log.force.sync.num = 128 (default)
2019-10-15 04:14:03,649 [pool-403-thread-1] INFO  server.RaftServerConfigKeys (ConfUtils.java:logGet(43)) - raft.server.log.statemachine.data.sync = true (default)
2019-10-15 04:14:03,649 [pool-443-thread-1] INFO  segmented.SegmentedRaftLogWorker (SegmentedRaftLogWorker.java:lambda$new$0(128)) - c36f84cd-ba91-4ebb-a735-69fb0bbd9ede@group-A91890E3DC20-SegmentedRaftLogWorker: flushIndex: setUnconditionally 0 -> -1
2019-10-15 04:14:03,649 [pool-403-thread-1] INFO  server.RaftServerConfigKeys (ConfUtils.java:logGet(43)) - raft.server.log.statemachine.data.sync.timeout = 10s (default)
2019-10-15 04:14:03,649 [pool-403-thread-1] INFO  server.RaftServerConfigKeys (ConfUtils.java:logGet(43)) - raft.server.log.statemachine.data.sync.timeout.retry = -1 (default)
2019-10-15 04:14:03,649 [pool-443-thread-1] INFO  server.RaftServerConfigKeys (ConfUtils.java:logGet(43)) - raft.server.snapshot.auto.trigger.enabled = true (custom)
2019-10-15 04:14:03,649 [pool-403-thread-1] INFO  server.RaftServerConfigKeys (ConfUtils.java:logGet(43)) - raft.server.log.statemachine.data.caching.enabled = true (custom)
2019-10-15 04:14:03,649 [pool-443-thread-1] INFO  server.RaftServerConfigKeys (ConfUtils.java:logGet(43)) - raft.server.snapshot.auto.trigger.threshold = 10000 (custom)
2019-10-15 04:14:03,649 [pool-443-thread-1] INFO  server.RaftServerConfigKeys (ConfUtils.java:logGet(43)) - raft.server.snapshot.retention.file.num = 5 (custom)
2019-10-15 04:14:03,650 [pool-403-thread-1] INFO  segmented.SegmentedRaftLogWorker (SegmentedRaftLogWorker.java:lambda$new$0(128)) - 2d3bc81b-9e94-4d45-85f1-83fe451f4879@group-A91890E3DC20-SegmentedRaftLogWorker: flushIndex: setUnconditionally 0 -> -1
2019-10-15 04:14:03,650 [pool-443-thread-1] INFO  server.RaftServerConfigKeys (ConfUtils.java:logGet(43)) - raft.server.retrycache.expirytime = 600000ms (custom)
2019-10-15 04:14:03,650 [pool-403-thread-1] INFO  server.RaftServerConfigKeys (ConfUtils.java:logGet(43)) - raft.server.snapshot.auto.trigger.enabled = true (custom)
2019-10-15 04:14:03,650 [pool-423-thread-1] INFO  impl.RaftServerImpl (RaftServerImpl.java:start(181)) - 6bfbd448-fd10-4d88-98a5-4a2957d888a8@group-A91890E3DC20: start as a follower, conf=-1: [c36f84cd-ba91-4ebb-a735-69fb0bbd9ede:192.168.151.96:40111, 2d3bc81b-9e94-4d45-85f1-83fe451f4879:192.168.151.96:41849, 6bfbd448-fd10-4d88-98a5-4a2957d888a8:192.168.151.96:40714], old=null
2019-10-15 04:14:03,650 [pool-403-thread-1] INFO  server.RaftServerConfigKeys (ConfUtils.java:logGet(43)) - raft.server.snapshot.auto.trigger.threshold = 10000 (custom)
2019-10-15 04:14:03,650 [pool-423-thread-1] INFO  impl.RaftServerImpl (RaftServerImpl.java:setRole(170)) - 6bfbd448-fd10-4d88-98a5-4a2957d888a8@group-A91890E3DC20: changes role from      null to FOLLOWER at term 0 for startAsFollower
2019-10-15 04:14:03,650 [pool-403-thread-1] INFO  server.RaftServerConfigKeys (ConfUtils.java:logGet(43)) - raft.server.snapshot.retention.file.num = 5 (custom)
2019-10-15 04:14:03,650 [pool-423-thread-1] INFO  impl.RoleInfo (RoleInfo.java:updateAndGet(143)) - 6bfbd448-fd10-4d88-98a5-4a2957d888a8: start FollowerState
2019-10-15 04:14:03,651 [pool-403-thread-1] INFO  server.RaftServerConfigKeys (ConfUtils.java:logGet(43)) - raft.server.retrycache.expirytime = 600000ms (custom)
2019-10-15 04:14:03,651 [pool-423-thread-1] INFO  util.JmxRegister (JmxRegister.java:tryRegister(44)) - Successfully registered JMX Bean with object name Ratis:service=RaftServer,group=group-A91890E3DC20,id=6bfbd448-fd10-4d88-98a5-4a2957d888a8
2019-10-15 04:14:03,651 [pool-443-thread-1] INFO  impl.RaftServerImpl (RaftServerImpl.java:start(181)) - c36f84cd-ba91-4ebb-a735-69fb0bbd9ede@group-A91890E3DC20: start as a follower, conf=-1: [c36f84cd-ba91-4ebb-a735-69fb0bbd9ede:192.168.151.96:40111, 2d3bc81b-9e94-4d45-85f1-83fe451f4879:192.168.151.96:41849, 6bfbd448-fd10-4d88-98a5-4a2957d888a8:192.168.151.96:40714], old=null
2019-10-15 04:14:03,651 [pool-443-thread-1] INFO  impl.RaftServerImpl (RaftServerImpl.java:setRole(170)) - c36f84cd-ba91-4ebb-a735-69fb0bbd9ede@group-A91890E3DC20: changes role from      null to FOLLOWER at term 0 for startAsFollower
2019-10-15 04:14:03,651 [pool-443-thread-1] INFO  impl.RoleInfo (RoleInfo.java:updateAndGet(143)) - c36f84cd-ba91-4ebb-a735-69fb0bbd9ede: start FollowerState
2019-10-15 04:14:03,652 [pool-443-thread-1] INFO  util.JmxRegister (JmxRegister.java:tryRegister(44)) - Successfully registered JMX Bean with object name Ratis:service=RaftServer,group=group-A91890E3DC20,id=c36f84cd-ba91-4ebb-a735-69fb0bbd9ede
2019-10-15 04:14:03,655 [pool-403-thread-1] INFO  impl.RaftServerImpl (RaftServerImpl.java:start(181)) - 2d3bc81b-9e94-4d45-85f1-83fe451f4879@group-A91890E3DC20: start as a follower, conf=-1: [c36f84cd-ba91-4ebb-a735-69fb0bbd9ede:192.168.151.96:40111, 2d3bc81b-9e94-4d45-85f1-83fe451f4879:192.168.151.96:41849, 6bfbd448-fd10-4d88-98a5-4a2957d888a8:192.168.151.96:40714], old=null
2019-10-15 04:14:03,655 [pool-403-thread-1] INFO  impl.RaftServerImpl (RaftServerImpl.java:setRole(170)) - 2d3bc81b-9e94-4d45-85f1-83fe451f4879@group-A91890E3DC20: changes role from      null to FOLLOWER at term 0 for startAsFollower
2019-10-15 04:14:03,655 [pool-403-thread-1] INFO  impl.RoleInfo (RoleInfo.java:updateAndGet(143)) - 2d3bc81b-9e94-4d45-85f1-83fe451f4879: start FollowerState
2019-10-15 04:14:03,656 [pool-403-thread-1] INFO  util.JmxRegister (JmxRegister.java:tryRegister(44)) - Successfully registered JMX Bean with object name Ratis:service=RaftServer,group=group-A91890E3DC20,id=2d3bc81b-9e94-4d45-85f1-83fe451f4879
2019-10-15 04:14:03,665 [RatisPipelineUtilsThread] INFO  pipeline.PipelineStateManager (PipelineStateManager.java:addPipeline(56)) - Created pipeline Pipeline[ Id: b929ae03-97ea-4261-a662-a91890e3dc20, Nodes: c36f84cd-ba91-4ebb-a735-69fb0bbd9ede{ip: 192.168.151.96, host: pr-hdds-2194-5wssm-2368079274, networkLocation: /default-rack, certSerialId: null}6bfbd448-fd10-4d88-98a5-4a2957d888a8{ip: 192.168.151.96, host: pr-hdds-2194-5wssm-2368079274, networkLocation: /default-rack, certSerialId: null}2d3bc81b-9e94-4d45-85f1-83fe451f4879{ip: 192.168.151.96, host: pr-hdds-2194-5wssm-2368079274, networkLocation: /default-rack, certSerialId: null}, Type:RATIS, Factor:THREE, State:OPEN]
2019-10-15 04:14:05,751 [Thread-2324] INFO  container.ReplicationManager (ReplicationManager.java:start(162)) - Starting Replication Monitor Thread.
2019-10-15 04:14:05,755 [ReplicationMonitor] INFO  container.ReplicationManager (ReplicationManager.java:run(225)) - Replication Monitor Thread took 0 milliseconds for processing 1 containers.
2019-10-15 04:14:07,979 [Thread-2329] INFO  impl.FollowerState (FollowerState.java:run(108)) - 3e3feb47-3047-4f9f-89b5-cd40cbc24957@group-E006BF029F2A-FollowerState: change to CANDIDATE, lastRpcTime:5014ms, electionTimeout:5014ms
2019-10-15 04:14:07,979 [Thread-2329] INFO  impl.RoleInfo (RoleInfo.java:shutdownFollowerState(121)) - 3e3feb47-3047-4f9f-89b5-cd40cbc24957: shutdown FollowerState
2019-10-15 04:14:07,979 [Thread-2329] INFO  impl.RaftServerImpl (RaftServerImpl.java:setRole(170)) - 3e3feb47-3047-4f9f-89b5-cd40cbc24957@group-E006BF029F2A: changes role from  FOLLOWER to CANDIDATE at term 0 for changeToCandidate
2019-10-15 04:14:07,979 [Thread-2329] INFO  impl.RoleInfo (RoleInfo.java:updateAndGet(143)) - 3e3feb47-3047-4f9f-89b5-cd40cbc24957: start LeaderElection
2019-10-15 04:14:08,017 [3e3feb47-3047-4f9f-89b5-cd40cbc24957@group-E006BF029F2A-LeaderElection63] INFO  impl.LeaderElection (LeaderElection.java:askForVotes(178)) - 3e3feb47-3047-4f9f-89b5-cd40cbc24957@group-E006BF029F2A-LeaderElection63: begin an election at term 1 for -1: [3e3feb47-3047-4f9f-89b5-cd40cbc24957:192.168.151.96:42666], old=null
2019-10-15 04:14:08,017 [3e3feb47-3047-4f9f-89b5-cd40cbc24957@group-E006BF029F2A-LeaderElection63] INFO  impl.RoleInfo (RoleInfo.java:shutdownLeaderElection(134)) - 3e3feb47-3047-4f9f-89b5-cd40cbc24957: shutdown LeaderElection
2019-10-15 04:14:08,017 [3e3feb47-3047-4f9f-89b5-cd40cbc24957@group-E006BF029F2A-LeaderElection63] INFO  impl.RaftServerImpl (RaftServerImpl.java:setRole(170)) - 3e3feb47-3047-4f9f-89b5-cd40cbc24957@group-E006BF029F2A: changes role from CANDIDATE to LEADER at term 1 for changeToLeader
2019-10-15 04:14:08,018 [3e3feb47-3047-4f9f-89b5-cd40cbc24957@group-E006BF029F2A-LeaderElection63] INFO  impl.RaftServerImpl (ServerState.java:setLeader(255)) - 3e3feb47-3047-4f9f-89b5-cd40cbc24957@group-E006BF029F2A: change Leader from null to 3e3feb47-3047-4f9f-89b5-cd40cbc24957 at term 1 for becomeLeader, leader elected after 5058ms
2019-10-15 04:14:08,018 [3e3feb47-3047-4f9f-89b5-cd40cbc24957@group-E006BF029F2A-LeaderElection63] INFO  server.RaftServerConfigKeys (ConfUtils.java:logGet(43)) - raft.server.staging.catchup.gap = 1000 (default)
2019-10-15 04:14:08,018 [3e3feb47-3047-4f9f-89b5-cd40cbc24957@group-E006BF029F2A-LeaderElection63] INFO  server.RaftServerConfigKeys (ConfUtils.java:logGet(43)) - raft.server.rpc.sleep.time = 25ms (default)
2019-10-15 04:14:08,018 [3e3feb47-3047-4f9f-89b5-cd40cbc24957@group-E006BF029F2A-LeaderElection63] INFO  server.RaftServerConfigKeys (ConfUtils.java:logGet(43)) - raft.server.write.element-limit = 4096 (default)
2019-10-15 04:14:08,018 [3e3feb47-3047-4f9f-89b5-cd40cbc24957@group-E006BF029F2A-LeaderElection63] INFO  server.RaftServerConfigKeys (ConfUtils.java:logGet(43)) - raft.server.watch.timeout = 10s (default)
2019-10-15 04:14:08,019 [3e3feb47-3047-4f9f-89b5-cd40cbc24957@group-E006BF029F2A-LeaderElection63] INFO  server.RaftServerConfigKeys (ConfUtils.java:logGet(43)) - raft.server.watch.timeout.denomination = 1s (default)
2019-10-15 04:14:08,019 [3e3feb47-3047-4f9f-89b5-cd40cbc24957@group-E006BF029F2A-LeaderElection63] INFO  server.RaftServerConfigKeys (ConfUtils.java:logGet(43)) - raft.server.watch.element-limit = 65536 (default)
2019-10-15 04:14:08,021 [3e3feb47-3047-4f9f-89b5-cd40cbc24957@group-E006BF029F2A-LeaderElection63] INFO  impl.RoleInfo (RoleInfo.java:updateAndGet(143)) - 3e3feb47-3047-4f9f-89b5-cd40cbc24957: start LeaderState
2019-10-15 04:14:08,021 [3e3feb47-3047-4f9f-89b5-cd40cbc24957@group-E006BF029F2A-LeaderElection63] INFO  segmented.SegmentedRaftLogWorker (SegmentedRaftLogWorker.java:startLogSegment(385)) - 3e3feb47-3047-4f9f-89b5-cd40cbc24957@group-E006BF029F2A-SegmentedRaftLogWorker: Starting segment from index:0
2019-10-15 04:14:08,022 [3e3feb47-3047-4f9f-89b5-cd40cbc24957@group-E006BF029F2A-LeaderElection63] INFO  impl.RaftServerImpl (ServerState.java:setRaftConf(356)) - 3e3feb47-3047-4f9f-89b5-cd40cbc24957@group-E006BF029F2A: set configuration 0: [3e3feb47-3047-4f9f-89b5-cd40cbc24957:192.168.151.96:42666], old=null at 0
2019-10-15 04:14:08,067 [Thread-2326] INFO  impl.FollowerState (FollowerState.java:run(108)) - 88a80244-6d55-49cb-b386-f8c6afc0afd2@group-AD6B9460A82D-FollowerState: change to CANDIDATE, lastRpcTime:5191ms, electionTimeout:5191ms
2019-10-15 04:14:08,067 [Thread-2326] INFO  impl.RoleInfo (RoleInfo.java:shutdownFollowerState(121)) - 88a80244-6d55-49cb-b386-f8c6afc0afd2: shutdown FollowerState
2019-10-15 04:14:08,067 [Thread-2326] INFO  impl.RaftServerImpl (RaftServerImpl.java:setRole(170)) - 88a80244-6d55-49cb-b386-f8c6afc0afd2@group-AD6B9460A82D: changes role from  FOLLOWER to CANDIDATE at term 0 for changeToCandidate
2019-10-15 04:14:08,067 [Thread-2326] INFO  impl.RoleInfo (RoleInfo.java:updateAndGet(143)) - 88a80244-6d55-49cb-b386-f8c6afc0afd2: start LeaderElection
2019-10-15 04:14:08,109 [3e3feb47-3047-4f9f-89b5-cd40cbc24957@group-E006BF029F2A-SegmentedRaftLogWorker] INFO  segmented.SegmentedRaftLogWorker (SegmentedRaftLogWorker.java:execute(574)) - 3e3feb47-3047-4f9f-89b5-cd40cbc24957@group-E006BF029F2A-SegmentedRaftLogWorker: created new log segment /workdir/hadoop-ozone/integration-test/target/test-dir/MiniOzoneClusterImpl-d45ffd01-825f-4527-9b26-6ed3d9db6876/datanode-1/data/ratis/1c011f6b-90a2-45fe-a171-e006bf029f2a/current/log_inprogress_0
2019-10-15 04:14:08,109 [88a80244-6d55-49cb-b386-f8c6afc0afd2@group-AD6B9460A82D-LeaderElection64] INFO  impl.LeaderElection (LeaderElection.java:askForVotes(178)) - 88a80244-6d55-49cb-b386-f8c6afc0afd2@group-AD6B9460A82D-LeaderElection64: begin an election at term 1 for -1: [88a80244-6d55-49cb-b386-f8c6afc0afd2:192.168.151.96:41493], old=null
2019-10-15 04:14:08,109 [88a80244-6d55-49cb-b386-f8c6afc0afd2@group-AD6B9460A82D-LeaderElection64] INFO  impl.RoleInfo (RoleInfo.java:shutdownLeaderElection(134)) - 88a80244-6d55-49cb-b386-f8c6afc0afd2: shutdown LeaderElection
2019-10-15 04:14:08,110 [88a80244-6d55-49cb-b386-f8c6afc0afd2@group-AD6B9460A82D-LeaderElection64] INFO  impl.RaftServerImpl (RaftServerImpl.java:setRole(170)) - 88a80244-6d55-49cb-b386-f8c6afc0afd2@group-AD6B9460A82D: changes role from CANDIDATE to LEADER at term 1 for changeToLeader
2019-10-15 04:14:08,110 [88a80244-6d55-49cb-b386-f8c6afc0afd2@group-AD6B9460A82D-LeaderElection64] INFO  impl.RaftServerImpl (ServerState.java:setLeader(255)) - 88a80244-6d55-49cb-b386-f8c6afc0afd2@group-AD6B9460A82D: change Leader from null to 88a80244-6d55-49cb-b386-f8c6afc0afd2 at term 1 for becomeLeader, leader elected after 5250ms
2019-10-15 04:14:08,110 [88a80244-6d55-49cb-b386-f8c6afc0afd2@group-AD6B9460A82D-LeaderElection64] INFO  server.RaftServerConfigKeys (ConfUtils.java:logGet(43)) - raft.server.staging.catchup.gap = 1000 (default)
2019-10-15 04:14:08,110 [88a80244-6d55-49cb-b386-f8c6afc0afd2@group-AD6B9460A82D-LeaderElection64] INFO  server.RaftServerConfigKeys (ConfUtils.java:logGet(43)) - raft.server.rpc.sleep.time = 25ms (default)
2019-10-15 04:14:08,110 [88a80244-6d55-49cb-b386-f8c6afc0afd2@group-AD6B9460A82D-LeaderElection64] INFO  server.RaftServerConfigKeys (ConfUtils.java:logGet(43)) - raft.server.write.element-limit = 4096 (default)
2019-10-15 04:14:08,110 [88a80244-6d55-49cb-b386-f8c6afc0afd2@group-AD6B9460A82D-LeaderElection64] INFO  server.RaftServerConfigKeys (ConfUtils.java:logGet(43)) - raft.server.watch.timeout = 10s (default)
2019-10-15 04:14:08,110 [88a80244-6d55-49cb-b386-f8c6afc0afd2@group-AD6B9460A82D-LeaderElection64] INFO  server.RaftServerConfigKeys (ConfUtils.java:logGet(43)) - raft.server.watch.timeout.denomination = 1s (default)
2019-10-15 04:14:08,111 [88a80244-6d55-49cb-b386-f8c6afc0afd2@group-AD6B9460A82D-LeaderElection64] INFO  server.RaftServerConfigKeys (ConfUtils.java:logGet(43)) - raft.server.watch.element-limit = 65536 (default)
2019-10-15 04:14:08,112 [88a80244-6d55-49cb-b386-f8c6afc0afd2@group-AD6B9460A82D-LeaderElection64] INFO  impl.RoleInfo (RoleInfo.java:updateAndGet(143)) - 88a80244-6d55-49cb-b386-f8c6afc0afd2: start LeaderState
2019-10-15 04:14:08,113 [88a80244-6d55-49cb-b386-f8c6afc0afd2@group-AD6B9460A82D-LeaderElection64] INFO  segmented.SegmentedRaftLogWorker (SegmentedRaftLogWorker.java:startLogSegment(385)) - 88a80244-6d55-49cb-b386-f8c6afc0afd2@group-AD6B9460A82D-SegmentedRaftLogWorker: Starting segment from index:0
2019-10-15 04:14:08,113 [88a80244-6d55-49cb-b386-f8c6afc0afd2@group-AD6B9460A82D-LeaderElection64] INFO  impl.RaftServerImpl (ServerState.java:setRaftConf(356)) - 88a80244-6d55-49cb-b386-f8c6afc0afd2@group-AD6B9460A82D: set configuration 0: [88a80244-6d55-49cb-b386-f8c6afc0afd2:192.168.151.96:41493], old=null at 0
2019-10-15 04:14:08,168 [88a80244-6d55-49cb-b386-f8c6afc0afd2@group-AD6B9460A82D-SegmentedRaftLogWorker] INFO  segmented.SegmentedRaftLogWorker (SegmentedRaftLogWorker.java:execute(574)) - 88a80244-6d55-49cb-b386-f8c6afc0afd2@group-AD6B9460A82D-SegmentedRaftLogWorker: created new log segment /workdir/hadoop-ozone/integration-test/target/test-dir/MiniOzoneClusterImpl-d45ffd01-825f-4527-9b26-6ed3d9db6876/datanode-0/data/ratis/f96422cd-0a3b-4eab-80e5-ad6b9460a82d/current/log_inprogress_0
2019-10-15 04:14:08,206 [Thread-2332] INFO  impl.FollowerState (FollowerState.java:run(108)) - 303f0228-c743-44bb-8a31-cb9ae4dee5ff@group-448D67CACE5E-FollowerState: change to CANDIDATE, lastRpcTime:5139ms, electionTimeout:5139ms
2019-10-15 04:14:08,207 [Thread-2332] INFO  impl.RoleInfo (RoleInfo.java:shutdownFollowerState(121)) - 303f0228-c743-44bb-8a31-cb9ae4dee5ff: shutdown FollowerState
2019-10-15 04:14:08,207 [Thread-2332] INFO  impl.RaftServerImpl (RaftServerImpl.java:setRole(170)) - 303f0228-c743-44bb-8a31-cb9ae4dee5ff@group-448D67CACE5E: changes role from  FOLLOWER to CANDIDATE at term 0 for changeToCandidate
2019-10-15 04:14:08,207 [Thread-2332] INFO  impl.RoleInfo (RoleInfo.java:updateAndGet(143)) - 303f0228-c743-44bb-8a31-cb9ae4dee5ff: start LeaderElection
2019-10-15 04:14:08,243 [303f0228-c743-44bb-8a31-cb9ae4dee5ff@group-448D67CACE5E-LeaderElection65] INFO  impl.LeaderElection (LeaderElection.java:askForVotes(178)) - 303f0228-c743-44bb-8a31-cb9ae4dee5ff@group-448D67CACE5E-LeaderElection65: begin an election at term 1 for -1: [303f0228-c743-44bb-8a31-cb9ae4dee5ff:192.168.151.96:43679], old=null
2019-10-15 04:14:08,244 [303f0228-c743-44bb-8a31-cb9ae4dee5ff@group-448D67CACE5E-LeaderElection65] INFO  impl.RoleInfo (RoleInfo.java:shutdownLeaderElection(134)) - 303f0228-c743-44bb-8a31-cb9ae4dee5ff: shutdown LeaderElection
2019-10-15 04:14:08,244 [303f0228-c743-44bb-8a31-cb9ae4dee5ff@group-448D67CACE5E-LeaderElection65] INFO  impl.RaftServerImpl (RaftServerImpl.java:setRole(170)) - 303f0228-c743-44bb-8a31-cb9ae4dee5ff@group-448D67CACE5E: changes role from CANDIDATE to LEADER at term 1 for changeToLeader
2019-10-15 04:14:08,244 [303f0228-c743-44bb-8a31-cb9ae4dee5ff@group-448D67CACE5E-LeaderElection65] INFO  impl.RaftServerImpl (ServerState.java:setLeader(255)) - 303f0228-c743-44bb-8a31-cb9ae4dee5ff@group-448D67CACE5E: change Leader from null to 303f0228-c743-44bb-8a31-cb9ae4dee5ff at term 1 for becomeLeader, leader elected after 5184ms
2019-10-15 04:14:08,244 [303f0228-c743-44bb-8a31-cb9ae4dee5ff@group-448D67CACE5E-LeaderElection65] INFO  server.RaftServerConfigKeys (ConfUtils.java:logGet(43)) - raft.server.staging.catchup.gap = 1000 (default)
2019-10-15 04:14:08,244 [303f0228-c743-44bb-8a31-cb9ae4dee5ff@group-448D67CACE5E-LeaderElection65] INFO  server.RaftServerConfigKeys (ConfUtils.java:logGet(43)) - raft.server.rpc.sleep.time = 25ms (default)
2019-10-15 04:14:08,245 [303f0228-c743-44bb-8a31-cb9ae4dee5ff@group-448D67CACE5E-LeaderElection65] INFO  server.RaftServerConfigKeys (ConfUtils.java:logGet(43)) - raft.server.write.element-limit = 4096 (default)
2019-10-15 04:14:08,245 [303f0228-c743-44bb-8a31-cb9ae4dee5ff@group-448D67CACE5E-LeaderElection65] INFO  server.RaftServerConfigKeys (ConfUtils.java:logGet(43)) - raft.server.watch.timeout = 10s (default)
2019-10-15 04:14:08,245 [303f0228-c743-44bb-8a31-cb9ae4dee5ff@group-448D67CACE5E-LeaderElection65] INFO  server.RaftServerConfigKeys (ConfUtils.java:logGet(43)) - raft.server.watch.timeout.denomination = 1s (default)
2019-10-15 04:14:08,245 [303f0228-c743-44bb-8a31-cb9ae4dee5ff@group-448D67CACE5E-LeaderElection65] INFO  server.RaftServerConfigKeys (ConfUtils.java:logGet(43)) - raft.server.watch.element-limit = 65536 (default)
2019-10-15 04:14:08,247 [303f0228-c743-44bb-8a31-cb9ae4dee5ff@group-448D67CACE5E-LeaderElection65] INFO  impl.RoleInfo (RoleInfo.java:updateAndGet(143)) - 303f0228-c743-44bb-8a31-cb9ae4dee5ff: start LeaderState
2019-10-15 04:14:08,248 [303f0228-c743-44bb-8a31-cb9ae4dee5ff@group-448D67CACE5E-LeaderElection65] INFO  segmented.SegmentedRaftLogWorker (SegmentedRaftLogWorker.java:startLogSegment(385)) - 303f0228-c743-44bb-8a31-cb9ae4dee5ff@group-448D67CACE5E-SegmentedRaftLogWorker: Starting segment from index:0
2019-10-15 04:14:08,248 [303f0228-c743-44bb-8a31-cb9ae4dee5ff@group-448D67CACE5E-LeaderElection65] INFO  impl.RaftServerImpl (ServerState.java:setRaftConf(356)) - 303f0228-c743-44bb-8a31-cb9ae4dee5ff@group-448D67CACE5E: set configuration 0: [303f0228-c743-44bb-8a31-cb9ae4dee5ff:192.168.151.96:43679], old=null at 0
2019-10-15 04:14:08,310 [303f0228-c743-44bb-8a31-cb9ae4dee5ff@group-448D67CACE5E-SegmentedRaftLogWorker] INFO  segmented.SegmentedRaftLogWorker (SegmentedRaftLogWorker.java:execute(574)) - 303f0228-c743-44bb-8a31-cb9ae4dee5ff@group-448D67CACE5E-SegmentedRaftLogWorker: created new log segment /workdir/hadoop-ozone/integration-test/target/test-dir/MiniOzoneClusterImpl-d45ffd01-825f-4527-9b26-6ed3d9db6876/datanode-3/data/ratis/192154e6-e14a-4fc9-aef3-448d67cace5e/current/log_inprogress_0
2019-10-15 04:14:08,342 [Thread-2335] INFO  impl.FollowerState (FollowerState.java:run(108)) - 6bfbd448-fd10-4d88-98a5-4a2957d888a8@group-9BB5FE87EE3F-FollowerState: change to CANDIDATE, lastRpcTime:5180ms, electionTimeout:5180ms
2019-10-15 04:14:08,342 [Thread-2335] INFO  impl.RoleInfo (RoleInfo.java:shutdownFollowerState(121)) - 6bfbd448-fd10-4d88-98a5-4a2957d888a8: shutdown FollowerState
2019-10-15 04:14:08,343 [Thread-2335] INFO  impl.RaftServerImpl (RaftServerImpl.java:setRole(170)) - 6bfbd448-fd10-4d88-98a5-4a2957d888a8@group-9BB5FE87EE3F: changes role from  FOLLOWER to CANDIDATE at term 0 for changeToCandidate
2019-10-15 04:14:08,343 [Thread-2335] INFO  impl.RoleInfo (RoleInfo.java:updateAndGet(143)) - 6bfbd448-fd10-4d88-98a5-4a2957d888a8: start LeaderElection
2019-10-15 04:14:08,369 [6bfbd448-fd10-4d88-98a5-4a2957d888a8@group-9BB5FE87EE3F-LeaderElection66] INFO  impl.LeaderElection (LeaderElection.java:askForVotes(178)) - 6bfbd448-fd10-4d88-98a5-4a2957d888a8@group-9BB5FE87EE3F-LeaderElection66: begin an election at term 1 for -1: [6bfbd448-fd10-4d88-98a5-4a2957d888a8:192.168.151.96:40714], old=null
2019-10-15 04:14:08,369 [6bfbd448-fd10-4d88-98a5-4a2957d888a8@group-9BB5FE87EE3F-LeaderElection66] INFO  impl.RoleInfo (RoleInfo.java:shutdownLeaderElection(134)) - 6bfbd448-fd10-4d88-98a5-4a2957d888a8: shutdown LeaderElection
2019-10-15 04:14:08,369 [6bfbd448-fd10-4d88-98a5-4a2957d888a8@group-9BB5FE87EE3F-LeaderElection66] INFO  impl.RaftServerImpl (RaftServerImpl.java:setRole(170)) - 6bfbd448-fd10-4d88-98a5-4a2957d888a8@group-9BB5FE87EE3F: changes role from CANDIDATE to LEADER at term 1 for changeToLeader
2019-10-15 04:14:08,369 [6bfbd448-fd10-4d88-98a5-4a2957d888a8@group-9BB5FE87EE3F-LeaderElection66] INFO  impl.RaftServerImpl (ServerState.java:setLeader(255)) - 6bfbd448-fd10-4d88-98a5-4a2957d888a8@group-9BB5FE87EE3F: change Leader from null to 6bfbd448-fd10-4d88-98a5-4a2957d888a8 at term 1 for becomeLeader, leader elected after 5217ms
2019-10-15 04:14:08,370 [6bfbd448-fd10-4d88-98a5-4a2957d888a8@group-9BB5FE87EE3F-LeaderElection66] INFO  server.RaftServerConfigKeys (ConfUtils.java:logGet(43)) - raft.server.staging.catchup.gap = 1000 (default)
2019-10-15 04:14:08,370 [6bfbd448-fd10-4d88-98a5-4a2957d888a8@group-9BB5FE87EE3F-LeaderElection66] INFO  server.RaftServerConfigKeys (ConfUtils.java:logGet(43)) - raft.server.rpc.sleep.time = 25ms (default)
2019-10-15 04:14:08,370 [6bfbd448-fd10-4d88-98a5-4a2957d888a8@group-9BB5FE87EE3F-LeaderElection66] INFO  server.RaftServerConfigKeys (ConfUtils.java:logGet(43)) - raft.server.write.element-limit = 4096 (default)
2019-10-15 04:14:08,370 [6bfbd448-fd10-4d88-98a5-4a2957d888a8@group-9BB5FE87EE3F-LeaderElection66] INFO  server.RaftServerConfigKeys (ConfUtils.java:logGet(43)) - raft.server.watch.timeout = 10s (default)
2019-10-15 04:14:08,370 [6bfbd448-fd10-4d88-98a5-4a2957d888a8@group-9BB5FE87EE3F-LeaderElection66] INFO  server.RaftServerConfigKeys (ConfUtils.java:logGet(43)) - raft.server.watch.timeout.denomination = 1s (default)
2019-10-15 04:14:08,371 [6bfbd448-fd10-4d88-98a5-4a2957d888a8@group-9BB5FE87EE3F-LeaderElection66] INFO  server.RaftServerConfigKeys (ConfUtils.java:logGet(43)) - raft.server.watch.element-limit = 65536 (default)
2019-10-15 04:14:08,373 [6bfbd448-fd10-4d88-98a5-4a2957d888a8@group-9BB5FE87EE3F-LeaderElection66] INFO  impl.RoleInfo (RoleInfo.java:updateAndGet(143)) - 6bfbd448-fd10-4d88-98a5-4a2957d888a8: start LeaderState
2019-10-15 04:14:08,373 [6bfbd448-fd10-4d88-98a5-4a2957d888a8@group-9BB5FE87EE3F-LeaderElection66] INFO  segmented.SegmentedRaftLogWorker (SegmentedRaftLogWorker.java:startLogSegment(385)) - 6bfbd448-fd10-4d88-98a5-4a2957d888a8@group-9BB5FE87EE3F-SegmentedRaftLogWorker: Starting segment from index:0
2019-10-15 04:14:08,374 [6bfbd448-fd10-4d88-98a5-4a2957d888a8@group-9BB5FE87EE3F-LeaderElection66] INFO  impl.RaftServerImpl (ServerState.java:setRaftConf(356)) - 6bfbd448-fd10-4d88-98a5-4a2957d888a8@group-9BB5FE87EE3F: set configuration 0: [6bfbd448-fd10-4d88-98a5-4a2957d888a8:192.168.151.96:40714], old=null at 0
2019-10-15 04:14:08,428 [6bfbd448-fd10-4d88-98a5-4a2957d888a8@group-9BB5FE87EE3F-SegmentedRaftLogWorker] INFO  segmented.SegmentedRaftLogWorker (SegmentedRaftLogWorker.java:execute(574)) - 6bfbd448-fd10-4d88-98a5-4a2957d888a8@group-9BB5FE87EE3F-SegmentedRaftLogWorker: created new log segment /workdir/hadoop-ozone/integration-test/target/test-dir/MiniOzoneClusterImpl-d45ffd01-825f-4527-9b26-6ed3d9db6876/datanode-4/data/ratis/30c2e4e3-aad3-4206-8884-9bb5fe87ee3f/current/log_inprogress_0
2019-10-15 04:14:08,439 [Thread-2340] INFO  impl.FollowerState (FollowerState.java:run(108)) - c36f84cd-ba91-4ebb-a735-69fb0bbd9ede@group-2F53FFCD8114-FollowerState: change to CANDIDATE, lastRpcTime:5163ms, electionTimeout:5163ms
2019-10-15 04:14:08,440 [Thread-2340] INFO  impl.RoleInfo (RoleInfo.java:shutdownFollowerState(121)) - c36f84cd-ba91-4ebb-a735-69fb0bbd9ede: shutdown FollowerState
2019-10-15 04:14:08,440 [Thread-2340] INFO  impl.RaftServerImpl (RaftServerImpl.java:setRole(170)) - c36f84cd-ba91-4ebb-a735-69fb0bbd9ede@group-2F53FFCD8114: changes role from  FOLLOWER to CANDIDATE at term 0 for changeToCandidate
2019-10-15 04:14:08,440 [Thread-2340] INFO  impl.RoleInfo (RoleInfo.java:updateAndGet(143)) - c36f84cd-ba91-4ebb-a735-69fb0bbd9ede: start LeaderElection
2019-10-15 04:14:08,478 [c36f84cd-ba91-4ebb-a735-69fb0bbd9ede@group-2F53FFCD8114-LeaderElection67] INFO  impl.LeaderElection (LeaderElection.java:askForVotes(178)) - c36f84cd-ba91-4ebb-a735-69fb0bbd9ede@group-2F53FFCD8114-LeaderElection67: begin an election at term 1 for -1: [c36f84cd-ba91-4ebb-a735-69fb0bbd9ede:192.168.151.96:40111], old=null
2019-10-15 04:14:08,478 [c36f84cd-ba91-4ebb-a735-69fb0bbd9ede@group-2F53FFCD8114-LeaderElection67] INFO  impl.RoleInfo (RoleInfo.java:shutdownLeaderElection(134)) - c36f84cd-ba91-4ebb-a735-69fb0bbd9ede: shutdown LeaderElection
2019-10-15 04:14:08,478 [c36f84cd-ba91-4ebb-a735-69fb0bbd9ede@group-2F53FFCD8114-LeaderElection67] INFO  impl.RaftServerImpl (RaftServerImpl.java:setRole(170)) - c36f84cd-ba91-4ebb-a735-69fb0bbd9ede@group-2F53FFCD8114: changes role from CANDIDATE to LEADER at term 1 for changeToLeader
2019-10-15 04:14:08,479 [c36f84cd-ba91-4ebb-a735-69fb0bbd9ede@group-2F53FFCD8114-LeaderElection67] INFO  impl.RaftServerImpl (ServerState.java:setLeader(255)) - c36f84cd-ba91-4ebb-a735-69fb0bbd9ede@group-2F53FFCD8114: change Leader from null to c36f84cd-ba91-4ebb-a735-69fb0bbd9ede at term 1 for becomeLeader, leader elected after 5207ms
2019-10-15 04:14:08,479 [c36f84cd-ba91-4ebb-a735-69fb0bbd9ede@group-2F53FFCD8114-LeaderElection67] INFO  server.RaftServerConfigKeys (ConfUtils.java:logGet(43)) - raft.server.staging.catchup.gap = 1000 (default)
2019-10-15 04:14:08,479 [c36f84cd-ba91-4ebb-a735-69fb0bbd9ede@group-2F53FFCD8114-LeaderElection67] INFO  server.RaftServerConfigKeys (ConfUtils.java:logGet(43)) - raft.server.rpc.sleep.time = 25ms (default)
2019-10-15 04:14:08,479 [c36f84cd-ba91-4ebb-a735-69fb0bbd9ede@group-2F53FFCD8114-LeaderElection67] INFO  server.RaftServerConfigKeys (ConfUtils.java:logGet(43)) - raft.server.write.element-limit = 4096 (default)
2019-10-15 04:14:08,479 [c36f84cd-ba91-4ebb-a735-69fb0bbd9ede@group-2F53FFCD8114-LeaderElection67] INFO  server.RaftServerConfigKeys (ConfUtils.java:logGet(43)) - raft.server.watch.timeout = 10s (default)
2019-10-15 04:14:08,479 [c36f84cd-ba91-4ebb-a735-69fb0bbd9ede@group-2F53FFCD8114-LeaderElection67] INFO  server.RaftServerConfigKeys (ConfUtils.java:logGet(43)) - raft.server.watch.timeout.denomination = 1s (default)
2019-10-15 04:14:08,480 [c36f84cd-ba91-4ebb-a735-69fb0bbd9ede@group-2F53FFCD8114-LeaderElection67] INFO  server.RaftServerConfigKeys (ConfUtils.java:logGet(43)) - raft.server.watch.element-limit = 65536 (default)
2019-10-15 04:14:08,482 [c36f84cd-ba91-4ebb-a735-69fb0bbd9ede@group-2F53FFCD8114-LeaderElection67] INFO  impl.RoleInfo (RoleInfo.java:updateAndGet(143)) - c36f84cd-ba91-4ebb-a735-69fb0bbd9ede: start LeaderState
2019-10-15 04:14:08,482 [c36f84cd-ba91-4ebb-a735-69fb0bbd9ede@group-2F53FFCD8114-LeaderElection67] INFO  segmented.SegmentedRaftLogWorker (SegmentedRaftLogWorker.java:startLogSegment(385)) - c36f84cd-ba91-4ebb-a735-69fb0bbd9ede@group-2F53FFCD8114-SegmentedRaftLogWorker: Starting segment from index:0
2019-10-15 04:14:08,482 [c36f84cd-ba91-4ebb-a735-69fb0bbd9ede@group-2F53FFCD8114-LeaderElection67] INFO  impl.RaftServerImpl (ServerState.java:setRaftConf(356)) - c36f84cd-ba91-4ebb-a735-69fb0bbd9ede@group-2F53FFCD8114: set configuration 0: [c36f84cd-ba91-4ebb-a735-69fb0bbd9ede:192.168.151.96:40111], old=null at 0
2019-10-15 04:14:08,524 [Thread-2343] INFO  impl.FollowerState (FollowerState.java:run(108)) - 2d3bc81b-9e94-4d45-85f1-83fe451f4879@group-DAB71DD9374E-FollowerState: change to CANDIDATE, lastRpcTime:5168ms, electionTimeout:5168ms
2019-10-15 04:14:08,525 [Thread-2346] INFO  impl.FollowerState (FollowerState.java:run(108)) - ab22d543-11b0-4b26-879c-d86be21e1c02@group-2AC0F009ED96-FollowerState: change to CANDIDATE, lastRpcTime:5087ms, electionTimeout:5087ms
2019-10-15 04:14:08,525 [Thread-2343] INFO  impl.RoleInfo (RoleInfo.java:shutdownFollowerState(121)) - 2d3bc81b-9e94-4d45-85f1-83fe451f4879: shutdown FollowerState
2019-10-15 04:14:08,525 [Thread-2346] INFO  impl.RoleInfo (RoleInfo.java:shutdownFollowerState(121)) - ab22d543-11b0-4b26-879c-d86be21e1c02: shutdown FollowerState
2019-10-15 04:14:08,525 [Thread-2343] INFO  impl.RaftServerImpl (RaftServerImpl.java:setRole(170)) - 2d3bc81b-9e94-4d45-85f1-83fe451f4879@group-DAB71DD9374E: changes role from  FOLLOWER to CANDIDATE at term 0 for changeToCandidate
2019-10-15 04:14:08,525 [Thread-2346] INFO  impl.RaftServerImpl (RaftServerImpl.java:setRole(170)) - ab22d543-11b0-4b26-879c-d86be21e1c02@group-2AC0F009ED96: changes role from  FOLLOWER to CANDIDATE at term 0 for changeToCandidate
2019-10-15 04:14:08,525 [Thread-2343] INFO  impl.RoleInfo (RoleInfo.java:updateAndGet(143)) - 2d3bc81b-9e94-4d45-85f1-83fe451f4879: start LeaderElection
2019-10-15 04:14:08,526 [Thread-2346] INFO  impl.RoleInfo (RoleInfo.java:updateAndGet(143)) - ab22d543-11b0-4b26-879c-d86be21e1c02: start LeaderElection
2019-10-15 04:14:08,545 [c36f84cd-ba91-4ebb-a735-69fb0bbd9ede@group-2F53FFCD8114-SegmentedRaftLogWorker] INFO  segmented.SegmentedRaftLogWorker (SegmentedRaftLogWorker.java:execute(574)) - c36f84cd-ba91-4ebb-a735-69fb0bbd9ede@group-2F53FFCD8114-SegmentedRaftLogWorker: created new log segment /workdir/hadoop-ozone/integration-test/target/test-dir/MiniOzoneClusterImpl-d45ffd01-825f-4527-9b26-6ed3d9db6876/datanode-6/data/ratis/a595aac3-6f23-4d33-8270-2f53ffcd8114/current/log_inprogress_0
2019-10-15 04:14:08,564 [Thread-2352] INFO  impl.FollowerState (FollowerState.java:run(108)) - 88a80244-6d55-49cb-b386-f8c6afc0afd2@group-6C8A0CB5C4FE-FollowerState: change to CANDIDATE, lastRpcTime:5008ms, electionTimeout:5008ms
2019-10-15 04:14:08,564 [Thread-2352] INFO  impl.RoleInfo (RoleInfo.java:shutdownFollowerState(121)) - 88a80244-6d55-49cb-b386-f8c6afc0afd2: shutdown FollowerState
2019-10-15 04:14:08,564 [Thread-2352] INFO  impl.RaftServerImpl (RaftServerImpl.java:setRole(170)) - 88a80244-6d55-49cb-b386-f8c6afc0afd2@group-6C8A0CB5C4FE: changes role from  FOLLOWER to CANDIDATE at term 0 for changeToCandidate
2019-10-15 04:14:08,564 [Thread-2352] INFO  impl.RoleInfo (RoleInfo.java:updateAndGet(143)) - 88a80244-6d55-49cb-b386-f8c6afc0afd2: start LeaderElection
2019-10-15 04:14:08,572 [Thread-2353] INFO  impl.FollowerState (FollowerState.java:run(108)) - 3e3feb47-3047-4f9f-89b5-cd40cbc24957@group-6C8A0CB5C4FE-FollowerState: change to CANDIDATE, lastRpcTime:5016ms, electionTimeout:5016ms
2019-10-15 04:14:08,572 [Thread-2353] INFO  impl.RoleInfo (RoleInfo.java:shutdownFollowerState(121)) - 3e3feb47-3047-4f9f-89b5-cd40cbc24957: shutdown FollowerState
2019-10-15 04:14:08,572 [Thread-2353] INFO  impl.RaftServerImpl (RaftServerImpl.java:setRole(170)) - 3e3feb47-3047-4f9f-89b5-cd40cbc24957@group-6C8A0CB5C4FE: changes role from  FOLLOWER to CANDIDATE at term 0 for changeToCandidate
2019-10-15 04:14:08,572 [Thread-2353] INFO  impl.RoleInfo (RoleInfo.java:updateAndGet(143)) - 3e3feb47-3047-4f9f-89b5-cd40cbc24957: start LeaderElection
2019-10-15 04:14:08,579 [ab22d543-11b0-4b26-879c-d86be21e1c02@group-2AC0F009ED96-LeaderElection69] INFO  impl.LeaderElection (LeaderElection.java:askForVotes(178)) - ab22d543-11b0-4b26-879c-d86be21e1c02@group-2AC0F009ED96-LeaderElection69: begin an election at term 1 for -1: [ab22d543-11b0-4b26-879c-d86be21e1c02:192.168.151.96:33175], old=null
2019-10-15 04:14:08,579 [2d3bc81b-9e94-4d45-85f1-83fe451f4879@group-DAB71DD9374E-LeaderElection68] INFO  impl.LeaderElection (LeaderElection.java:askForVotes(178)) - 2d3bc81b-9e94-4d45-85f1-83fe451f4879@group-DAB71DD9374E-LeaderElection68: begin an election at term 1 for -1: [2d3bc81b-9e94-4d45-85f1-83fe451f4879:192.168.151.96:41849], old=null
2019-10-15 04:14:08,579 [ab22d543-11b0-4b26-879c-d86be21e1c02@group-2AC0F009ED96-LeaderElection69] INFO  impl.RoleInfo (RoleInfo.java:shutdownLeaderElection(134)) - ab22d543-11b0-4b26-879c-d86be21e1c02: shutdown LeaderElection
2019-10-15 04:14:08,579 [2d3bc81b-9e94-4d45-85f1-83fe451f4879@group-DAB71DD9374E-LeaderElection68] INFO  impl.RoleInfo (RoleInfo.java:shutdownLeaderElection(134)) - 2d3bc81b-9e94-4d45-85f1-83fe451f4879: shutdown LeaderElection
2019-10-15 04:14:08,579 [ab22d543-11b0-4b26-879c-d86be21e1c02@group-2AC0F009ED96-LeaderElection69] INFO  impl.RaftServerImpl (RaftServerImpl.java:setRole(170)) - ab22d543-11b0-4b26-879c-d86be21e1c02@group-2AC0F009ED96: changes role from CANDIDATE to LEADER at term 1 for changeToLeader
2019-10-15 04:14:08,580 [2d3bc81b-9e94-4d45-85f1-83fe451f4879@group-DAB71DD9374E-LeaderElection68] INFO  impl.RaftServerImpl (RaftServerImpl.java:setRole(170)) - 2d3bc81b-9e94-4d45-85f1-83fe451f4879@group-DAB71DD9374E: changes role from CANDIDATE to LEADER at term 1 for changeToLeader
2019-10-15 04:14:08,580 [ab22d543-11b0-4b26-879c-d86be21e1c02@group-2AC0F009ED96-LeaderElection69] INFO  impl.RaftServerImpl (ServerState.java:setLeader(255)) - ab22d543-11b0-4b26-879c-d86be21e1c02@group-2AC0F009ED96: change Leader from null to ab22d543-11b0-4b26-879c-d86be21e1c02 at term 1 for becomeLeader, leader elected after 5148ms
2019-10-15 04:14:08,580 [2d3bc81b-9e94-4d45-85f1-83fe451f4879@group-DAB71DD9374E-LeaderElection68] INFO  impl.RaftServerImpl (ServerState.java:setLeader(255)) - 2d3bc81b-9e94-4d45-85f1-83fe451f4879@group-DAB71DD9374E: change Leader from null to 2d3bc81b-9e94-4d45-85f1-83fe451f4879 at term 1 for becomeLeader, leader elected after 5232ms
2019-10-15 04:14:08,580 [ab22d543-11b0-4b26-879c-d86be21e1c02@group-2AC0F009ED96-LeaderElection69] INFO  server.RaftServerConfigKeys (ConfUtils.java:logGet(43)) - raft.server.staging.catchup.gap = 1000 (default)
2019-10-15 04:14:08,580 [2d3bc81b-9e94-4d45-85f1-83fe451f4879@group-DAB71DD9374E-LeaderElection68] INFO  server.RaftServerConfigKeys (ConfUtils.java:logGet(43)) - raft.server.staging.catchup.gap = 1000 (default)
2019-10-15 04:14:08,580 [ab22d543-11b0-4b26-879c-d86be21e1c02@group-2AC0F009ED96-LeaderElection69] INFO  server.RaftServerConfigKeys (ConfUtils.java:logGet(43)) - raft.server.rpc.sleep.time = 25ms (default)
2019-10-15 04:14:08,580 [2d3bc81b-9e94-4d45-85f1-83fe451f4879@group-DAB71DD9374E-LeaderElection68] INFO  server.RaftServerConfigKeys (ConfUtils.java:logGet(43)) - raft.server.rpc.sleep.time = 25ms (default)
2019-10-15 04:14:08,580 [ab22d543-11b0-4b26-879c-d86be21e1c02@group-2AC0F009ED96-LeaderElection69] INFO  server.RaftServerConfigKeys (ConfUtils.java:logGet(43)) - raft.server.write.element-limit = 4096 (default)
2019-10-15 04:14:08,581 [2d3bc81b-9e94-4d45-85f1-83fe451f4879@group-DAB71DD9374E-LeaderElection68] INFO  server.RaftServerConfigKeys (ConfUtils.java:logGet(43)) - raft.server.write.element-limit = 4096 (default)
2019-10-15 04:14:08,581 [ab22d543-11b0-4b26-879c-d86be21e1c02@group-2AC0F009ED96-LeaderElection69] INFO  server.RaftServerConfigKeys (ConfUtils.java:logGet(43)) - raft.server.watch.timeout = 10s (default)
2019-10-15 04:14:08,581 [2d3bc81b-9e94-4d45-85f1-83fe451f4879@group-DAB71DD9374E-LeaderElection68] INFO  server.RaftServerConfigKeys (ConfUtils.java:logGet(43)) - raft.server.watch.timeout = 10s (default)
2019-10-15 04:14:08,581 [ab22d543-11b0-4b26-879c-d86be21e1c02@group-2AC0F009ED96-LeaderElection69] INFO  server.RaftServerConfigKeys (ConfUtils.java:logGet(43)) - raft.server.watch.timeout.denomination = 1s (default)
2019-10-15 04:14:08,581 [2d3bc81b-9e94-4d45-85f1-83fe451f4879@group-DAB71DD9374E-LeaderElection68] INFO  server.RaftServerConfigKeys (ConfUtils.java:logGet(43)) - raft.server.watch.timeout.denomination = 1s (default)
2019-10-15 04:14:08,581 [ab22d543-11b0-4b26-879c-d86be21e1c02@group-2AC0F009ED96-LeaderElection69] INFO  server.RaftServerConfigKeys (ConfUtils.java:logGet(43)) - raft.server.watch.element-limit = 65536 (default)
2019-10-15 04:14:08,581 [2d3bc81b-9e94-4d45-85f1-83fe451f4879@group-DAB71DD9374E-LeaderElection68] INFO  server.RaftServerConfigKeys (ConfUtils.java:logGet(43)) - raft.server.watch.element-limit = 65536 (default)
2019-10-15 04:14:08,584 [ab22d543-11b0-4b26-879c-d86be21e1c02@group-2AC0F009ED96-LeaderElection69] INFO  impl.RoleInfo (RoleInfo.java:updateAndGet(143)) - ab22d543-11b0-4b26-879c-d86be21e1c02: start LeaderState
2019-10-15 04:14:08,584 [2d3bc81b-9e94-4d45-85f1-83fe451f4879@group-DAB71DD9374E-LeaderElection68] INFO  impl.RoleInfo (RoleInfo.java:updateAndGet(143)) - 2d3bc81b-9e94-4d45-85f1-83fe451f4879: start LeaderState
2019-10-15 04:14:08,584 [ab22d543-11b0-4b26-879c-d86be21e1c02@group-2AC0F009ED96-LeaderElection69] INFO  segmented.SegmentedRaftLogWorker (SegmentedRaftLogWorker.java:startLogSegment(385)) - ab22d543-11b0-4b26-879c-d86be21e1c02@group-2AC0F009ED96-SegmentedRaftLogWorker: Starting segment from index:0
2019-10-15 04:14:08,584 [2d3bc81b-9e94-4d45-85f1-83fe451f4879@group-DAB71DD9374E-LeaderElection68] INFO  segmented.SegmentedRaftLogWorker (SegmentedRaftLogWorker.java:startLogSegment(385)) - 2d3bc81b-9e94-4d45-85f1-83fe451f4879@group-DAB71DD9374E-SegmentedRaftLogWorker: Starting segment from index:0
2019-10-15 04:14:08,585 [ab22d543-11b0-4b26-879c-d86be21e1c02@group-2AC0F009ED96-LeaderElection69] INFO  impl.RaftServerImpl (ServerState.java:setRaftConf(356)) - ab22d543-11b0-4b26-879c-d86be21e1c02@group-2AC0F009ED96: set configuration 0: [ab22d543-11b0-4b26-879c-d86be21e1c02:192.168.151.96:33175], old=null at 0
2019-10-15 04:14:08,585 [2d3bc81b-9e94-4d45-85f1-83fe451f4879@group-DAB71DD9374E-LeaderElection68] INFO  impl.RaftServerImpl (ServerState.java:setRaftConf(356)) - 2d3bc81b-9e94-4d45-85f1-83fe451f4879@group-DAB71DD9374E: set configuration 0: [2d3bc81b-9e94-4d45-85f1-83fe451f4879:192.168.151.96:41849], old=null at 0
2019-10-15 04:14:08,596 [88a80244-6d55-49cb-b386-f8c6afc0afd2@group-6C8A0CB5C4FE-LeaderElection70] INFO  impl.LeaderElection (LeaderElection.java:askForVotes(178)) - 88a80244-6d55-49cb-b386-f8c6afc0afd2@group-6C8A0CB5C4FE-LeaderElection70: begin an election at term 1 for -1: [3e3feb47-3047-4f9f-89b5-cd40cbc24957:192.168.151.96:42666, 303f0228-c743-44bb-8a31-cb9ae4dee5ff:192.168.151.96:43679, 88a80244-6d55-49cb-b386-f8c6afc0afd2:192.168.151.96:41493], old=null
2019-10-15 04:14:08,633 [grpc-default-executor-1] INFO  impl.RaftServerImpl (RaftServerImpl.java:setRole(170)) - 303f0228-c743-44bb-8a31-cb9ae4dee5ff@group-6C8A0CB5C4FE: changes role from  FOLLOWER to FOLLOWER at term 1 for recognizeCandidate:88a80244-6d55-49cb-b386-f8c6afc0afd2
2019-10-15 04:14:08,634 [3e3feb47-3047-4f9f-89b5-cd40cbc24957@group-6C8A0CB5C4FE-LeaderElection71] INFO  impl.LeaderElection (LeaderElection.java:askForVotes(178)) - 3e3feb47-3047-4f9f-89b5-cd40cbc24957@group-6C8A0CB5C4FE-LeaderElection71: begin an election at term 1 for -1: [3e3feb47-3047-4f9f-89b5-cd40cbc24957:192.168.151.96:42666, 303f0228-c743-44bb-8a31-cb9ae4dee5ff:192.168.151.96:43679, 88a80244-6d55-49cb-b386-f8c6afc0afd2:192.168.151.96:41493], old=null
2019-10-15 04:14:08,634 [grpc-default-executor-1] INFO  impl.RoleInfo (RoleInfo.java:shutdownFollowerState(121)) - 303f0228-c743-44bb-8a31-cb9ae4dee5ff: shutdown FollowerState
2019-10-15 04:14:08,646 [grpc-default-executor-1] INFO  impl.RoleInfo (RoleInfo.java:updateAndGet(143)) - 303f0228-c743-44bb-8a31-cb9ae4dee5ff: start FollowerState
2019-10-15 04:14:08,648 [Thread-2350] INFO  impl.FollowerState (FollowerState.java:run(117)) - 303f0228-c743-44bb-8a31-cb9ae4dee5ff@group-6C8A0CB5C4FE-FollowerState was interrupted: java.lang.InterruptedException: sleep interrupted
2019-10-15 04:14:08,677 [Thread-2359] INFO  impl.FollowerState (FollowerState.java:run(108)) - 6bfbd448-fd10-4d88-98a5-4a2957d888a8@group-A91890E3DC20-FollowerState: change to CANDIDATE, lastRpcTime:5026ms, electionTimeout:5026ms
2019-10-15 04:14:08,677 [Thread-2359] INFO  impl.RoleInfo (RoleInfo.java:shutdownFollowerState(121)) - 6bfbd448-fd10-4d88-98a5-4a2957d888a8: shutdown FollowerState
2019-10-15 04:14:08,677 [Thread-2359] INFO  impl.RaftServerImpl (RaftServerImpl.java:setRole(170)) - 6bfbd448-fd10-4d88-98a5-4a2957d888a8@group-A91890E3DC20: changes role from  FOLLOWER to CANDIDATE at term 0 for changeToCandidate
2019-10-15 04:14:08,678 [Thread-2359] INFO  impl.RoleInfo (RoleInfo.java:updateAndGet(143)) - 6bfbd448-fd10-4d88-98a5-4a2957d888a8: start LeaderElection
2019-10-15 04:14:08,680 [2d3bc81b-9e94-4d45-85f1-83fe451f4879@group-DAB71DD9374E-SegmentedRaftLogWorker] INFO  segmented.SegmentedRaftLogWorker (SegmentedRaftLogWorker.java:execute(574)) - 2d3bc81b-9e94-4d45-85f1-83fe451f4879@group-DAB71DD9374E-SegmentedRaftLogWorker: created new log segment /workdir/hadoop-ozone/integration-test/target/test-dir/MiniOzoneClusterImpl-d45ffd01-825f-4527-9b26-6ed3d9db6876/datanode-2/data/ratis/93375009-17f9-4421-b9fd-dab71dd9374e/current/log_inprogress_0
2019-10-15 04:14:08,683 [ab22d543-11b0-4b26-879c-d86be21e1c02@group-2AC0F009ED96-SegmentedRaftLogWorker] INFO  segmented.SegmentedRaftLogWorker (SegmentedRaftLogWorker.java:execute(574)) - ab22d543-11b0-4b26-879c-d86be21e1c02@group-2AC0F009ED96-SegmentedRaftLogWorker: created new log segment /workdir/hadoop-ozone/integration-test/target/test-dir/MiniOzoneClusterImpl-d45ffd01-825f-4527-9b26-6ed3d9db6876/datanode-5/data/ratis/fbdf099d-c5c0-4a12-9b4f-2ac0f009ed96/current/log_inprogress_0
2019-10-15 04:14:08,683 [Thread-2363] INFO  impl.FollowerState (FollowerState.java:run(108)) - 2d3bc81b-9e94-4d45-85f1-83fe451f4879@group-A91890E3DC20-FollowerState: change to CANDIDATE, lastRpcTime:5025ms, electionTimeout:5025ms
2019-10-15 04:14:08,684 [Thread-2363] INFO  impl.RoleInfo (RoleInfo.java:shutdownFollowerState(121)) - 2d3bc81b-9e94-4d45-85f1-83fe451f4879: shutdown FollowerState
2019-10-15 04:14:08,684 [Thread-2363] INFO  impl.RaftServerImpl (RaftServerImpl.java:setRole(170)) - 2d3bc81b-9e94-4d45-85f1-83fe451f4879@group-A91890E3DC20: changes role from  FOLLOWER to CANDIDATE at term 0 for changeToCandidate
2019-10-15 04:14:08,684 [88a80244-6d55-49cb-b386-f8c6afc0afd2@group-6C8A0CB5C4FE-LeaderElection70] INFO  impl.LeaderElection (LeaderElection.java:logAndReturn(56)) - 88a80244-6d55-49cb-b386-f8c6afc0afd2@group-6C8A0CB5C4FE-LeaderElection70: Election PASSED; received 2 response(s) [88a80244-6d55-49cb-b386-f8c6afc0afd2<-3e3feb47-3047-4f9f-89b5-cd40cbc24957#0:FAIL-t1, 88a80244-6d55-49cb-b386-f8c6afc0afd2<-303f0228-c743-44bb-8a31-cb9ae4dee5ff#0:OK-t1] and 0 exception(s); 88a80244-6d55-49cb-b386-f8c6afc0afd2@group-6C8A0CB5C4FE:t1, leader=null, voted=88a80244-6d55-49cb-b386-f8c6afc0afd2, raftlog=88a80244-6d55-49cb-b386-f8c6afc0afd2@group-6C8A0CB5C4FE-SegmentedRaftLog:OPENED:c-1,f-1,i0, conf=-1: [3e3feb47-3047-4f9f-89b5-cd40cbc24957:192.168.151.96:42666, 303f0228-c743-44bb-8a31-cb9ae4dee5ff:192.168.151.96:43679, 88a80244-6d55-49cb-b386-f8c6afc0afd2:192.168.151.96:41493], old=null
2019-10-15 04:14:08,684 [Thread-2363] INFO  impl.RoleInfo (RoleInfo.java:updateAndGet(143)) - 2d3bc81b-9e94-4d45-85f1-83fe451f4879: start LeaderElection
2019-10-15 04:14:08,684 [3e3feb47-3047-4f9f-89b5-cd40cbc24957@group-6C8A0CB5C4FE-LeaderElection71] INFO  impl.LeaderElection (LeaderElection.java:logAndReturn(56)) - 3e3feb47-3047-4f9f-89b5-cd40cbc24957@group-6C8A0CB5C4FE-LeaderElection71: Election REJECTED; received 2 response(s) [3e3feb47-3047-4f9f-89b5-cd40cbc24957<-303f0228-c743-44bb-8a31-cb9ae4dee5ff#0:FAIL-t1, 3e3feb47-3047-4f9f-89b5-cd40cbc24957<-88a80244-6d55-49cb-b386-f8c6afc0afd2#0:FAIL-t1] and 0 exception(s); 3e3feb47-3047-4f9f-89b5-cd40cbc24957@group-6C8A0CB5C4FE:t1, leader=null, voted=3e3feb47-3047-4f9f-89b5-cd40cbc24957, raftlog=3e3feb47-3047-4f9f-89b5-cd40cbc24957@group-6C8A0CB5C4FE-SegmentedRaftLog:OPENED:c-1,f-1,i0, conf=-1: [3e3feb47-3047-4f9f-89b5-cd40cbc24957:192.168.151.96:42666, 303f0228-c743-44bb-8a31-cb9ae4dee5ff:192.168.151.96:43679, 88a80244-6d55-49cb-b386-f8c6afc0afd2:192.168.151.96:41493], old=null
2019-10-15 04:14:08,684 [88a80244-6d55-49cb-b386-f8c6afc0afd2@group-6C8A0CB5C4FE-LeaderElection70] INFO  impl.RoleInfo (RoleInfo.java:shutdownLeaderElection(134)) - 88a80244-6d55-49cb-b386-f8c6afc0afd2: shutdown LeaderElection
2019-10-15 04:14:08,686 [3e3feb47-3047-4f9f-89b5-cd40cbc24957@group-6C8A0CB5C4FE-LeaderElection71] INFO  impl.RaftServerImpl (RaftServerImpl.java:setRole(170)) - 3e3feb47-3047-4f9f-89b5-cd40cbc24957@group-6C8A0CB5C4FE: changes role from CANDIDATE to FOLLOWER at term 1 for DISCOVERED_A_NEW_TERM
2019-10-15 04:14:08,688 [88a80244-6d55-49cb-b386-f8c6afc0afd2@group-6C8A0CB5C4FE-LeaderElection70] INFO  impl.RaftServerImpl (RaftServerImpl.java:setRole(170)) - 88a80244-6d55-49cb-b386-f8c6afc0afd2@group-6C8A0CB5C4FE: changes role from CANDIDATE to LEADER at term 1 for changeToLeader
2019-10-15 04:14:08,691 [3e3feb47-3047-4f9f-89b5-cd40cbc24957@group-6C8A0CB5C4FE-LeaderElection71] INFO  impl.RoleInfo (RoleInfo.java:shutdownLeaderElection(134)) - 3e3feb47-3047-4f9f-89b5-cd40cbc24957: shutdown LeaderElection
2019-10-15 04:14:08,691 [88a80244-6d55-49cb-b386-f8c6afc0afd2@group-6C8A0CB5C4FE-LeaderElection70] INFO  impl.RaftServerImpl (ServerState.java:setLeader(255)) - 88a80244-6d55-49cb-b386-f8c6afc0afd2@group-6C8A0CB5C4FE: change Leader from null to 88a80244-6d55-49cb-b386-f8c6afc0afd2 at term 1 for becomeLeader, leader elected after 5150ms
2019-10-15 04:14:08,692 [3e3feb47-3047-4f9f-89b5-cd40cbc24957@group-6C8A0CB5C4FE-LeaderElection71] INFO  impl.RoleInfo (RoleInfo.java:updateAndGet(143)) - 3e3feb47-3047-4f9f-89b5-cd40cbc24957: start FollowerState
2019-10-15 04:14:08,692 [88a80244-6d55-49cb-b386-f8c6afc0afd2@group-6C8A0CB5C4FE-LeaderElection70] INFO  server.RaftServerConfigKeys (ConfUtils.java:logGet(43)) - raft.server.staging.catchup.gap = 1000 (default)
2019-10-15 04:14:08,692 [88a80244-6d55-49cb-b386-f8c6afc0afd2@group-6C8A0CB5C4FE-LeaderElection70] INFO  server.RaftServerConfigKeys (ConfUtils.java:logGet(43)) - raft.server.rpc.sleep.time = 25ms (default)
2019-10-15 04:14:08,692 [88a80244-6d55-49cb-b386-f8c6afc0afd2@group-6C8A0CB5C4FE-LeaderElection70] INFO  server.RaftServerConfigKeys (ConfUtils.java:logGet(43)) - raft.server.write.element-limit = 4096 (default)
2019-10-15 04:14:08,693 [88a80244-6d55-49cb-b386-f8c6afc0afd2@group-6C8A0CB5C4FE-LeaderElection70] INFO  server.RaftServerConfigKeys (ConfUtils.java:logGet(43)) - raft.server.watch.timeout = 10s (default)
2019-10-15 04:14:08,693 [88a80244-6d55-49cb-b386-f8c6afc0afd2@group-6C8A0CB5C4FE-LeaderElection70] INFO  server.RaftServerConfigKeys (ConfUtils.java:logGet(43)) - raft.server.watch.timeout.denomination = 1s (default)
2019-10-15 04:14:08,693 [88a80244-6d55-49cb-b386-f8c6afc0afd2@group-6C8A0CB5C4FE-LeaderElection70] INFO  server.RaftServerConfigKeys (ConfUtils.java:logGet(43)) - raft.server.watch.element-limit = 65536 (default)
2019-10-15 04:14:08,695 [88a80244-6d55-49cb-b386-f8c6afc0afd2@group-6C8A0CB5C4FE-LeaderElection70] INFO  server.RaftServerConfigKeys (ConfUtils.java:logGet(43)) - raft.server.log.appender.snapshot.chunk.size.max = 16MB (=16777216) (default)
2019-10-15 04:14:08,695 [88a80244-6d55-49cb-b386-f8c6afc0afd2@group-6C8A0CB5C4FE-LeaderElection70] INFO  server.RaftServerConfigKeys (ConfUtils.java:logGet(43)) - raft.server.log.appender.buffer.byte-limit = 33554432 (custom)
2019-10-15 04:14:08,695 [88a80244-6d55-49cb-b386-f8c6afc0afd2@group-6C8A0CB5C4FE-LeaderElection70] INFO  server.RaftServerConfigKeys (ConfUtils.java:logGet(43)) - raft.server.log.appender.buffer.element-limit = 1 (custom)
2019-10-15 04:14:08,696 [88a80244-6d55-49cb-b386-f8c6afc0afd2@group-6C8A0CB5C4FE-LeaderElection70] INFO  grpc.GrpcConfigKeys$Server (ConfUtils.java:logGet(43)) - raft.grpc.server.leader.outstanding.appends.max = 128 (default)
2019-10-15 04:14:08,696 [88a80244-6d55-49cb-b386-f8c6afc0afd2@group-6C8A0CB5C4FE-LeaderElection70] INFO  server.RaftServerConfigKeys (ConfUtils.java:logGet(43)) - raft.server.rpc.request.timeout = 3000ms (default)
2019-10-15 04:14:08,696 [88a80244-6d55-49cb-b386-f8c6afc0afd2@group-6C8A0CB5C4FE-LeaderElection70] INFO  server.RaftServerConfigKeys (ConfUtils.java:logGet(43)) - raft.server.log.appender.install.snapshot.enabled = false (custom)
2019-10-15 04:14:08,696 [88a80244-6d55-49cb-b386-f8c6afc0afd2@group-6C8A0CB5C4FE-LeaderElection70] INFO  server.RaftServerConfigKeys (ConfUtils.java:logGet(43)) - raft.server.log.appender.snapshot.chunk.size.max = 16MB (=16777216) (default)
2019-10-15 04:14:08,697 [88a80244-6d55-49cb-b386-f8c6afc0afd2@group-6C8A0CB5C4FE-LeaderElection70] INFO  server.RaftServerConfigKeys (ConfUtils.java:logGet(43)) - raft.server.log.appender.buffer.byte-limit = 33554432 (custom)
2019-10-15 04:14:08,697 [88a80244-6d55-49cb-b386-f8c6afc0afd2@group-6C8A0CB5C4FE-LeaderElection70] INFO  server.RaftServerConfigKeys (ConfUtils.java:logGet(43)) - raft.server.log.appender.buffer.element-limit = 1 (custom)
2019-10-15 04:14:08,697 [88a80244-6d55-49cb-b386-f8c6afc0afd2@group-6C8A0CB5C4FE-LeaderElection70] INFO  grpc.GrpcConfigKeys$Server (ConfUtils.java:logGet(43)) - raft.grpc.server.leader.outstanding.appends.max = 128 (default)
2019-10-15 04:14:08,697 [88a80244-6d55-49cb-b386-f8c6afc0afd2@group-6C8A0CB5C4FE-LeaderElection70] INFO  server.RaftServerConfigKeys (ConfUtils.java:logGet(43)) - raft.server.rpc.request.timeout = 3000ms (default)
2019-10-15 04:14:08,697 [88a80244-6d55-49cb-b386-f8c6afc0afd2@group-6C8A0CB5C4FE-LeaderElection70] INFO  server.RaftServerConfigKeys (ConfUtils.java:logGet(43)) - raft.server.log.appender.install.snapshot.enabled = false (custom)
2019-10-15 04:14:08,698 [88a80244-6d55-49cb-b386-f8c6afc0afd2@group-6C8A0CB5C4FE-LeaderElection70] INFO  impl.RoleInfo (RoleInfo.java:updateAndGet(143)) - 88a80244-6d55-49cb-b386-f8c6afc0afd2: start LeaderState
2019-10-15 04:14:08,698 [88a80244-6d55-49cb-b386-f8c6afc0afd2@group-6C8A0CB5C4FE-LeaderElection70] INFO  segmented.SegmentedRaftLogWorker (SegmentedRaftLogWorker.java:startLogSegment(385)) - 88a80244-6d55-49cb-b386-f8c6afc0afd2@group-6C8A0CB5C4FE-SegmentedRaftLogWorker: Starting segment from index:0
2019-10-15 04:14:08,699 [88a80244-6d55-49cb-b386-f8c6afc0afd2@group-6C8A0CB5C4FE-LeaderElection70] INFO  impl.RaftServerImpl (ServerState.java:setRaftConf(356)) - 88a80244-6d55-49cb-b386-f8c6afc0afd2@group-6C8A0CB5C4FE: set configuration 0: [3e3feb47-3047-4f9f-89b5-cd40cbc24957:192.168.151.96:42666, 303f0228-c743-44bb-8a31-cb9ae4dee5ff:192.168.151.96:43679, 88a80244-6d55-49cb-b386-f8c6afc0afd2:192.168.151.96:41493], old=null at 0
2019-10-15 04:14:08,707 [Thread-2361] INFO  impl.FollowerState (FollowerState.java:run(108)) - c36f84cd-ba91-4ebb-a735-69fb0bbd9ede@group-A91890E3DC20-FollowerState: change to CANDIDATE, lastRpcTime:5056ms, electionTimeout:5048ms
2019-10-15 04:14:08,708 [grpc-default-executor-5] INFO  impl.RaftServerImpl (ServerState.java:setLeader(255)) - 303f0228-c743-44bb-8a31-cb9ae4dee5ff@group-6C8A0CB5C4FE: change Leader from null to 88a80244-6d55-49cb-b386-f8c6afc0afd2 at term 1 for appendEntries, leader elected after 5166ms
2019-10-15 04:14:08,708 [Thread-2361] INFO  impl.RoleInfo (RoleInfo.java:shutdownFollowerState(121)) - c36f84cd-ba91-4ebb-a735-69fb0bbd9ede: shutdown FollowerState
2019-10-15 04:14:08,708 [grpc-default-executor-1] INFO  impl.RaftServerImpl (ServerState.java:setLeader(255)) - 3e3feb47-3047-4f9f-89b5-cd40cbc24957@group-6C8A0CB5C4FE: change Leader from null to 88a80244-6d55-49cb-b386-f8c6afc0afd2 at term 1 for appendEntries, leader elected after 5166ms
2019-10-15 04:14:08,708 [Thread-2361] INFO  impl.RaftServerImpl (RaftServerImpl.java:setRole(170)) - c36f84cd-ba91-4ebb-a735-69fb0bbd9ede@group-A91890E3DC20: changes role from  FOLLOWER to CANDIDATE at term 0 for changeToCandidate
2019-10-15 04:14:08,708 [Thread-2361] INFO  impl.RoleInfo (RoleInfo.java:updateAndGet(143)) - c36f84cd-ba91-4ebb-a735-69fb0bbd9ede: start LeaderElection
2019-10-15 04:14:08,739 [6bfbd448-fd10-4d88-98a5-4a2957d888a8@group-A91890E3DC20-LeaderElection72] INFO  impl.LeaderElection (LeaderElection.java:askForVotes(178)) - 6bfbd448-fd10-4d88-98a5-4a2957d888a8@group-A91890E3DC20-LeaderElection72: begin an election at term 1 for -1: [c36f84cd-ba91-4ebb-a735-69fb0bbd9ede:192.168.151.96:40111, 2d3bc81b-9e94-4d45-85f1-83fe451f4879:192.168.151.96:41849, 6bfbd448-fd10-4d88-98a5-4a2957d888a8:192.168.151.96:40714], old=null
2019-10-15 04:14:08,739 [2d3bc81b-9e94-4d45-85f1-83fe451f4879@group-A91890E3DC20-LeaderElection73] INFO  impl.LeaderElection (LeaderElection.java:askForVotes(178)) - 2d3bc81b-9e94-4d45-85f1-83fe451f4879@group-A91890E3DC20-LeaderElection73: begin an election at term 1 for -1: [c36f84cd-ba91-4ebb-a735-69fb0bbd9ede:192.168.151.96:40111, 2d3bc81b-9e94-4d45-85f1-83fe451f4879:192.168.151.96:41849, 6bfbd448-fd10-4d88-98a5-4a2957d888a8:192.168.151.96:40714], old=null
2019-10-15 04:14:08,746 [grpc-default-executor-7] INFO  impl.RaftServerImpl (ServerState.java:setRaftConf(356)) - 303f0228-c743-44bb-8a31-cb9ae4dee5ff@group-6C8A0CB5C4FE: set configuration 0: [3e3feb47-3047-4f9f-89b5-cd40cbc24957:192.168.151.96:42666, 303f0228-c743-44bb-8a31-cb9ae4dee5ff:192.168.151.96:43679, 88a80244-6d55-49cb-b386-f8c6afc0afd2:192.168.151.96:41493], old=null at 0
2019-10-15 04:14:08,746 [grpc-default-executor-8] INFO  impl.RaftServerImpl (ServerState.java:setRaftConf(356)) - 3e3feb47-3047-4f9f-89b5-cd40cbc24957@group-6C8A0CB5C4FE: set configuration 0: [3e3feb47-3047-4f9f-89b5-cd40cbc24957:192.168.151.96:42666, 303f0228-c743-44bb-8a31-cb9ae4dee5ff:192.168.151.96:43679, 88a80244-6d55-49cb-b386-f8c6afc0afd2:192.168.151.96:41493], old=null at 0
2019-10-15 04:14:08,749 [grpc-default-executor-7] INFO  segmented.SegmentedRaftLogWorker (SegmentedRaftLogWorker.java:startLogSegment(385)) - 303f0228-c743-44bb-8a31-cb9ae4dee5ff@group-6C8A0CB5C4FE-SegmentedRaftLogWorker: Starting segment from index:0
2019-10-15 04:14:08,749 [grpc-default-executor-8] INFO  segmented.SegmentedRaftLogWorker (SegmentedRaftLogWorker.java:startLogSegment(385)) - 3e3feb47-3047-4f9f-89b5-cd40cbc24957@group-6C8A0CB5C4FE-SegmentedRaftLogWorker: Starting segment from index:0
2019-10-15 04:14:08,779 [88a80244-6d55-49cb-b386-f8c6afc0afd2@group-6C8A0CB5C4FE-SegmentedRaftLogWorker] INFO  segmented.SegmentedRaftLogWorker (SegmentedRaftLogWorker.java:execute(574)) - 88a80244-6d55-49cb-b386-f8c6afc0afd2@group-6C8A0CB5C4FE-SegmentedRaftLogWorker: created new log segment /workdir/hadoop-ozone/integration-test/target/test-dir/MiniOzoneClusterImpl-d45ffd01-825f-4527-9b26-6ed3d9db6876/datanode-0/data/ratis/8203d7de-3aeb-40f0-8b79-6c8a0cb5c4fe/current/log_inprogress_0
2019-10-15 04:14:08,779 [c36f84cd-ba91-4ebb-a735-69fb0bbd9ede@group-A91890E3DC20-LeaderElection74] INFO  impl.LeaderElection (LeaderElection.java:askForVotes(178)) - c36f84cd-ba91-4ebb-a735-69fb0bbd9ede@group-A91890E3DC20-LeaderElection74: begin an election at term 1 for -1: [c36f84cd-ba91-4ebb-a735-69fb0bbd9ede:192.168.151.96:40111, 2d3bc81b-9e94-4d45-85f1-83fe451f4879:192.168.151.96:41849, 6bfbd448-fd10-4d88-98a5-4a2957d888a8:192.168.151.96:40714], old=null
2019-10-15 04:14:08,794 [2d3bc81b-9e94-4d45-85f1-83fe451f4879@group-A91890E3DC20-LeaderElection73] INFO  impl.LeaderElection (LeaderElection.java:logAndReturn(56)) - 2d3bc81b-9e94-4d45-85f1-83fe451f4879@group-A91890E3DC20-LeaderElection73: Election REJECTED; received 2 response(s) [2d3bc81b-9e94-4d45-85f1-83fe451f4879<-c36f84cd-ba91-4ebb-a735-69fb0bbd9ede#0:FAIL-t1, 2d3bc81b-9e94-4d45-85f1-83fe451f4879<-6bfbd448-fd10-4d88-98a5-4a2957d888a8#0:FAIL-t1] and 0 exception(s); 2d3bc81b-9e94-4d45-85f1-83fe451f4879@group-A91890E3DC20:t1, leader=null, voted=2d3bc81b-9e94-4d45-85f1-83fe451f4879, raftlog=2d3bc81b-9e94-4d45-85f1-83fe451f4879@group-A91890E3DC20-SegmentedRaftLog:OPENED:c-1,f-1,i0, conf=-1: [c36f84cd-ba91-4ebb-a735-69fb0bbd9ede:192.168.151.96:40111, 2d3bc81b-9e94-4d45-85f1-83fe451f4879:192.168.151.96:41849, 6bfbd448-fd10-4d88-98a5-4a2957d888a8:192.168.151.96:40714], old=null
2019-10-15 04:14:08,794 [2d3bc81b-9e94-4d45-85f1-83fe451f4879@group-A91890E3DC20-LeaderElection73] INFO  impl.RaftServerImpl (RaftServerImpl.java:setRole(170)) - 2d3bc81b-9e94-4d45-85f1-83fe451f4879@group-A91890E3DC20: changes role from CANDIDATE to FOLLOWER at term 1 for DISCOVERED_A_NEW_TERM
2019-10-15 04:14:08,798 [2d3bc81b-9e94-4d45-85f1-83fe451f4879@group-A91890E3DC20-LeaderElection73] INFO  impl.RoleInfo (RoleInfo.java:shutdownLeaderElection(134)) - 2d3bc81b-9e94-4d45-85f1-83fe451f4879: shutdown LeaderElection
2019-10-15 04:14:08,801 [6bfbd448-fd10-4d88-98a5-4a2957d888a8@group-A91890E3DC20-LeaderElection72] INFO  impl.LeaderElection (LeaderElection.java:logAndReturn(56)) - 6bfbd448-fd10-4d88-98a5-4a2957d888a8@group-A91890E3DC20-LeaderElection72: Election REJECTED; received 2 response(s) [6bfbd448-fd10-4d88-98a5-4a2957d888a8<-c36f84cd-ba91-4ebb-a735-69fb0bbd9ede#0:FAIL-t1, 6bfbd448-fd10-4d88-98a5-4a2957d888a8<-2d3bc81b-9e94-4d45-85f1-83fe451f4879#0:FAIL-t1] and 0 exception(s); 6bfbd448-fd10-4d88-98a5-4a2957d888a8@group-A91890E3DC20:t1, leader=null, voted=6bfbd448-fd10-4d88-98a5-4a2957d888a8, raftlog=6bfbd448-fd10-4d88-98a5-4a2957d888a8@group-A91890E3DC20-SegmentedRaftLog:OPENED:c-1,f-1,i0, conf=-1: [c36f84cd-ba91-4ebb-a735-69fb0bbd9ede:192.168.151.96:40111, 2d3bc81b-9e94-4d45-85f1-83fe451f4879:192.168.151.96:41849, 6bfbd448-fd10-4d88-98a5-4a2957d888a8:192.168.151.96:40714], old=null
2019-10-15 04:14:08,803 [6bfbd448-fd10-4d88-98a5-4a2957d888a8@group-A91890E3DC20-LeaderElection72] INFO  impl.RaftServerImpl (RaftServerImpl.java:setRole(170)) - 6bfbd448-fd10-4d88-98a5-4a2957d888a8@group-A91890E3DC20: changes role from CANDIDATE to FOLLOWER at term 1 for DISCOVERED_A_NEW_TERM
2019-10-15 04:14:08,803 [2d3bc81b-9e94-4d45-85f1-83fe451f4879@group-A91890E3DC20-LeaderElection73] INFO  impl.RoleInfo (RoleInfo.java:updateAndGet(143)) - 2d3bc81b-9e94-4d45-85f1-83fe451f4879: start FollowerState
2019-10-15 04:14:08,803 [6bfbd448-fd10-4d88-98a5-4a2957d888a8@group-A91890E3DC20-LeaderElection72] INFO  impl.RoleInfo (RoleInfo.java:shutdownLeaderElection(134)) - 6bfbd448-fd10-4d88-98a5-4a2957d888a8: shutdown LeaderElection
2019-10-15 04:14:08,808 [3e3feb47-3047-4f9f-89b5-cd40cbc24957@group-6C8A0CB5C4FE-SegmentedRaftLogWorker] INFO  segmented.SegmentedRaftLogWorker (SegmentedRaftLogWorker.java:execute(574)) - 3e3feb47-3047-4f9f-89b5-cd40cbc24957@group-6C8A0CB5C4FE-SegmentedRaftLogWorker: created new log segment /workdir/hadoop-ozone/integration-test/target/test-dir/MiniOzoneClusterImpl-d45ffd01-825f-4527-9b26-6ed3d9db6876/datanode-1/data/ratis/8203d7de-3aeb-40f0-8b79-6c8a0cb5c4fe/current/log_inprogress_0
2019-10-15 04:14:08,808 [303f0228-c743-44bb-8a31-cb9ae4dee5ff@group-6C8A0CB5C4FE-SegmentedRaftLogWorker] INFO  segmented.SegmentedRaftLogWorker (SegmentedRaftLogWorker.java:execute(574)) - 303f0228-c743-44bb-8a31-cb9ae4dee5ff@group-6C8A0CB5C4FE-SegmentedRaftLogWorker: created new log segment /workdir/hadoop-ozone/integration-test/target/test-dir/MiniOzoneClusterImpl-d45ffd01-825f-4527-9b26-6ed3d9db6876/datanode-3/data/ratis/8203d7de-3aeb-40f0-8b79-6c8a0cb5c4fe/current/log_inprogress_0
2019-10-15 04:14:08,808 [6bfbd448-fd10-4d88-98a5-4a2957d888a8@group-A91890E3DC20-LeaderElection72] INFO  impl.RoleInfo (RoleInfo.java:updateAndGet(143)) - 6bfbd448-fd10-4d88-98a5-4a2957d888a8: start FollowerState
2019-10-15 04:14:08,811 [c36f84cd-ba91-4ebb-a735-69fb0bbd9ede@group-A91890E3DC20-LeaderElection74] INFO  impl.LeaderElection (LeaderElection.java:logAndReturn(56)) - c36f84cd-ba91-4ebb-a735-69fb0bbd9ede@group-A91890E3DC20-LeaderElection74: Election REJECTED; received 2 response(s) [c36f84cd-ba91-4ebb-a735-69fb0bbd9ede<-2d3bc81b-9e94-4d45-85f1-83fe451f4879#0:FAIL-t1, c36f84cd-ba91-4ebb-a735-69fb0bbd9ede<-6bfbd448-fd10-4d88-98a5-4a2957d888a8#0:FAIL-t1] and 0 exception(s); c36f84cd-ba91-4ebb-a735-69fb0bbd9ede@group-A91890E3DC20:t1, leader=null, voted=c36f84cd-ba91-4ebb-a735-69fb0bbd9ede, raftlog=c36f84cd-ba91-4ebb-a735-69fb0bbd9ede@group-A91890E3DC20-SegmentedRaftLog:OPENED:c-1,f-1,i0, conf=-1: [c36f84cd-ba91-4ebb-a735-69fb0bbd9ede:192.168.151.96:40111, 2d3bc81b-9e94-4d45-85f1-83fe451f4879:192.168.151.96:41849, 6bfbd448-fd10-4d88-98a5-4a2957d888a8:192.168.151.96:40714], old=null
2019-10-15 04:14:08,811 [c36f84cd-ba91-4ebb-a735-69fb0bbd9ede@group-A91890E3DC20-LeaderElection74] INFO  impl.RaftServerImpl (RaftServerImpl.java:setRole(170)) - c36f84cd-ba91-4ebb-a735-69fb0bbd9ede@group-A91890E3DC20: changes role from CANDIDATE to FOLLOWER at term 1 for DISCOVERED_A_NEW_TERM
2019-10-15 04:14:08,811 [c36f84cd-ba91-4ebb-a735-69fb0bbd9ede@group-A91890E3DC20-LeaderElection74] INFO  impl.RoleInfo (RoleInfo.java:shutdownLeaderElection(134)) - c36f84cd-ba91-4ebb-a735-69fb0bbd9ede: shutdown LeaderElection
2019-10-15 04:14:08,811 [c36f84cd-ba91-4ebb-a735-69fb0bbd9ede@group-A91890E3DC20-LeaderElection74] INFO  impl.RoleInfo (RoleInfo.java:updateAndGet(143)) - c36f84cd-ba91-4ebb-a735-69fb0bbd9ede: start FollowerState
2019-10-15 04:14:10,032 [Datanode State Machine Thread - 0] INFO  statemachine.DatanodeStateMachine (DatanodeStateMachine.java:lambda$startDaemon$0(350)) - Ozone container server started.
2019-10-15 04:14:13,825 [Thread-2418] INFO  impl.FollowerState (FollowerState.java:run(108)) - 2d3bc81b-9e94-4d45-85f1-83fe451f4879@group-A91890E3DC20-FollowerState: change to CANDIDATE, lastRpcTime:5021ms, electionTimeout:5014ms
2019-10-15 04:14:13,826 [Thread-2418] INFO  impl.RoleInfo (RoleInfo.java:shutdownFollowerState(121)) - 2d3bc81b-9e94-4d45-85f1-83fe451f4879: shutdown FollowerState
2019-10-15 04:14:13,826 [Thread-2418] INFO  impl.RaftServerImpl (RaftServerImpl.java:setRole(170)) - 2d3bc81b-9e94-4d45-85f1-83fe451f4879@group-A91890E3DC20: changes role from  FOLLOWER to CANDIDATE at term 1 for changeToCandidate
2019-10-15 04:14:13,827 [Thread-2418] INFO  impl.RoleInfo (RoleInfo.java:updateAndGet(143)) - 2d3bc81b-9e94-4d45-85f1-83fe451f4879: start LeaderElection
2019-10-15 04:14:13,833 [Thread-2419] INFO  impl.FollowerState (FollowerState.java:run(108)) - 6bfbd448-fd10-4d88-98a5-4a2957d888a8@group-A91890E3DC20-FollowerState: change to CANDIDATE, lastRpcTime:5024ms, electionTimeout:5021ms
2019-10-15 04:14:13,833 [Thread-2419] INFO  impl.RoleInfo (RoleInfo.java:shutdownFollowerState(121)) - 6bfbd448-fd10-4d88-98a5-4a2957d888a8: shutdown FollowerState
2019-10-15 04:14:13,833 [Thread-2419] INFO  impl.RaftServerImpl (RaftServerImpl.java:setRole(170)) - 6bfbd448-fd10-4d88-98a5-4a2957d888a8@group-A91890E3DC20: changes role from  FOLLOWER to CANDIDATE at term 1 for changeToCandidate
2019-10-15 04:14:13,833 [Thread-2419] INFO  impl.RoleInfo (RoleInfo.java:updateAndGet(143)) - 6bfbd448-fd10-4d88-98a5-4a2957d888a8: start LeaderElection
2019-10-15 04:14:13,864 [2d3bc81b-9e94-4d45-85f1-83fe451f4879@group-A91890E3DC20-LeaderElection75] INFO  impl.LeaderElection (LeaderElection.java:askForVotes(178)) - 2d3bc81b-9e94-4d45-85f1-83fe451f4879@group-A91890E3DC20-LeaderElection75: begin an election at term 2 for -1: [c36f84cd-ba91-4ebb-a735-69fb0bbd9ede:192.168.151.96:40111, 2d3bc81b-9e94-4d45-85f1-83fe451f4879:192.168.151.96:41849, 6bfbd448-fd10-4d88-98a5-4a2957d888a8:192.168.151.96:40714], old=null
2019-10-15 04:14:13,864 [6bfbd448-fd10-4d88-98a5-4a2957d888a8@group-A91890E3DC20-LeaderElection76] INFO  impl.LeaderElection (LeaderElection.java:askForVotes(178)) - 6bfbd448-fd10-4d88-98a5-4a2957d888a8@group-A91890E3DC20-LeaderElection76: begin an election at term 2 for -1: [c36f84cd-ba91-4ebb-a735-69fb0bbd9ede:192.168.151.96:40111, 2d3bc81b-9e94-4d45-85f1-83fe451f4879:192.168.151.96:41849, 6bfbd448-fd10-4d88-98a5-4a2957d888a8:192.168.151.96:40714], old=null
2019-10-15 04:14:13,872 [grpc-default-executor-0] INFO  impl.RaftServerImpl (RaftServerImpl.java:setRole(170)) - c36f84cd-ba91-4ebb-a735-69fb0bbd9ede@group-A91890E3DC20: changes role from  FOLLOWER to FOLLOWER at term 2 for recognizeCandidate:6bfbd448-fd10-4d88-98a5-4a2957d888a8
2019-10-15 04:14:13,872 [grpc-default-executor-0] INFO  impl.RoleInfo (RoleInfo.java:shutdownFollowerState(121)) - c36f84cd-ba91-4ebb-a735-69fb0bbd9ede: shutdown FollowerState
2019-10-15 04:14:13,873 [grpc-default-executor-0] INFO  impl.RoleInfo (RoleInfo.java:updateAndGet(143)) - c36f84cd-ba91-4ebb-a735-69fb0bbd9ede: start FollowerState
2019-10-15 04:14:13,873 [Thread-2420] INFO  impl.FollowerState (FollowerState.java:run(117)) - c36f84cd-ba91-4ebb-a735-69fb0bbd9ede@group-A91890E3DC20-FollowerState was interrupted: java.lang.InterruptedException: sleep interrupted
2019-10-15 04:14:13,903 [2d3bc81b-9e94-4d45-85f1-83fe451f4879@group-A91890E3DC20-LeaderElection75] INFO  impl.LeaderElection (LeaderElection.java:logAndReturn(56)) - 2d3bc81b-9e94-4d45-85f1-83fe451f4879@group-A91890E3DC20-LeaderElection75: Election REJECTED; received 2 response(s) [2d3bc81b-9e94-4d45-85f1-83fe451f4879<-c36f84cd-ba91-4ebb-a735-69fb0bbd9ede#0:FAIL-t2, 2d3bc81b-9e94-4d45-85f1-83fe451f4879<-6bfbd448-fd10-4d88-98a5-4a2957d888a8#0:FAIL-t2] and 0 exception(s); 2d3bc81b-9e94-4d45-85f1-83fe451f4879@group-A91890E3DC20:t2, leader=null, voted=2d3bc81b-9e94-4d45-85f1-83fe451f4879, raftlog=2d3bc81b-9e94-4d45-85f1-83fe451f4879@group-A91890E3DC20-SegmentedRaftLog:OPENED:c-1,f-1,i0, conf=-1: [c36f84cd-ba91-4ebb-a735-69fb0bbd9ede:192.168.151.96:40111, 2d3bc81b-9e94-4d45-85f1-83fe451f4879:192.168.151.96:41849, 6bfbd448-fd10-4d88-98a5-4a2957d888a8:192.168.151.96:40714], old=null
2019-10-15 04:14:13,903 [6bfbd448-fd10-4d88-98a5-4a2957d888a8@group-A91890E3DC20-LeaderElection76] INFO  impl.LeaderElection (LeaderElection.java:logAndReturn(56)) - 6bfbd448-fd10-4d88-98a5-4a2957d888a8@group-A91890E3DC20-LeaderElection76: Election PASSED; received 2 response(s) [6bfbd448-fd10-4d88-98a5-4a2957d888a8<-c36f84cd-ba91-4ebb-a735-69fb0bbd9ede#0:OK-t2, 6bfbd448-fd10-4d88-98a5-4a2957d888a8<-2d3bc81b-9e94-4d45-85f1-83fe451f4879#0:FAIL-t2] and 0 exception(s); 6bfbd448-fd10-4d88-98a5-4a2957d888a8@group-A91890E3DC20:t2, leader=null, voted=6bfbd448-fd10-4d88-98a5-4a2957d888a8, raftlog=6bfbd448-fd10-4d88-98a5-4a2957d888a8@group-A91890E3DC20-SegmentedRaftLog:OPENED:c-1,f-1,i0, conf=-1: [c36f84cd-ba91-4ebb-a735-69fb0bbd9ede:192.168.151.96:40111, 2d3bc81b-9e94-4d45-85f1-83fe451f4879:192.168.151.96:41849, 6bfbd448-fd10-4d88-98a5-4a2957d888a8:192.168.151.96:40714], old=null
2019-10-15 04:14:13,903 [2d3bc81b-9e94-4d45-85f1-83fe451f4879@group-A91890E3DC20-LeaderElection75] INFO  impl.RaftServerImpl (RaftServerImpl.java:setRole(170)) - 2d3bc81b-9e94-4d45-85f1-83fe451f4879@group-A91890E3DC20: changes role from CANDIDATE to FOLLOWER at term 2 for DISCOVERED_A_NEW_TERM
2019-10-15 04:14:13,906 [2d3bc81b-9e94-4d45-85f1-83fe451f4879@group-A91890E3DC20-LeaderElection75] INFO  impl.RoleInfo (RoleInfo.java:shutdownLeaderElection(134)) - 2d3bc81b-9e94-4d45-85f1-83fe451f4879: shutdown LeaderElection
2019-10-15 04:14:13,906 [6bfbd448-fd10-4d88-98a5-4a2957d888a8@group-A91890E3DC20-LeaderElection76] INFO  impl.RoleInfo (RoleInfo.java:shutdownLeaderElection(134)) - 6bfbd448-fd10-4d88-98a5-4a2957d888a8: shutdown LeaderElection
2019-10-15 04:14:13,909 [6bfbd448-fd10-4d88-98a5-4a2957d888a8@group-A91890E3DC20-LeaderElection76] INFO  impl.RaftServerImpl (RaftServerImpl.java:setRole(170)) - 6bfbd448-fd10-4d88-98a5-4a2957d888a8@group-A91890E3DC20: changes role from CANDIDATE to LEADER at term 2 for changeToLeader
2019-10-15 04:14:13,909 [2d3bc81b-9e94-4d45-85f1-83fe451f4879@group-A91890E3DC20-LeaderElection75] INFO  impl.RoleInfo (RoleInfo.java:updateAndGet(143)) - 2d3bc81b-9e94-4d45-85f1-83fe451f4879: start FollowerState
2019-10-15 04:14:13,909 [6bfbd448-fd10-4d88-98a5-4a2957d888a8@group-A91890E3DC20-LeaderElection76] INFO  impl.RaftServerImpl (ServerState.java:setLeader(255)) - 6bfbd448-fd10-4d88-98a5-4a2957d888a8@group-A91890E3DC20: change Leader from null to 6bfbd448-fd10-4d88-98a5-4a2957d888a8 at term 2 for becomeLeader, leader elected after 10266ms
2019-10-15 04:14:13,910 [6bfbd448-fd10-4d88-98a5-4a2957d888a8@group-A91890E3DC20-LeaderElection76] INFO  server.RaftServerConfigKeys (ConfUtils.java:logGet(43)) - raft.server.staging.catchup.gap = 1000 (default)
2019-10-15 04:14:13,910 [6bfbd448-fd10-4d88-98a5-4a2957d888a8@group-A91890E3DC20-LeaderElection76] INFO  server.RaftServerConfigKeys (ConfUtils.java:logGet(43)) - raft.server.rpc.sleep.time = 25ms (default)
2019-10-15 04:14:13,910 [6bfbd448-fd10-4d88-98a5-4a2957d888a8@group-A91890E3DC20-LeaderElection76] INFO  server.RaftServerConfigKeys (ConfUtils.java:logGet(43)) - raft.server.write.element-limit = 4096 (default)
2019-10-15 04:14:13,910 [6bfbd448-fd10-4d88-98a5-4a2957d888a8@group-A91890E3DC20-LeaderElection76] INFO  server.RaftServerConfigKeys (ConfUtils.java:logGet(43)) - raft.server.watch.timeout = 10s (default)
2019-10-15 04:14:13,910 [6bfbd448-fd10-4d88-98a5-4a2957d888a8@group-A91890E3DC20-LeaderElection76] INFO  server.RaftServerConfigKeys (ConfUtils.java:logGet(43)) - raft.server.watch.timeout.denomination = 1s (default)
2019-10-15 04:14:13,911 [6bfbd448-fd10-4d88-98a5-4a2957d888a8@group-A91890E3DC20-LeaderElection76] INFO  server.RaftServerConfigKeys (ConfUtils.java:logGet(43)) - raft.server.watch.element-limit = 65536 (default)
2019-10-15 04:14:13,913 [6bfbd448-fd10-4d88-98a5-4a2957d888a8@group-A91890E3DC20-LeaderElection76] INFO  server.RaftServerConfigKeys (ConfUtils.java:logGet(43)) - raft.server.log.appender.snapshot.chunk.size.max = 16MB (=16777216) (default)
2019-10-15 04:14:13,913 [6bfbd448-fd10-4d88-98a5-4a2957d888a8@group-A91890E3DC20-LeaderElection76] INFO  server.RaftServerConfigKeys (ConfUtils.java:logGet(43)) - raft.server.log.appender.buffer.byte-limit = 33554432 (custom)
2019-10-15 04:14:13,913 [6bfbd448-fd10-4d88-98a5-4a2957d888a8@group-A91890E3DC20-LeaderElection76] INFO  server.RaftServerConfigKeys (ConfUtils.java:logGet(43)) - raft.server.log.appender.buffer.element-limit = 1 (custom)
2019-10-15 04:14:13,913 [6bfbd448-fd10-4d88-98a5-4a2957d888a8@group-A91890E3DC20-LeaderElection76] INFO  grpc.GrpcConfigKeys$Server (ConfUtils.java:logGet(43)) - raft.grpc.server.leader.outstanding.appends.max = 128 (default)
2019-10-15 04:14:13,914 [6bfbd448-fd10-4d88-98a5-4a2957d888a8@group-A91890E3DC20-LeaderElection76] INFO  server.RaftServerConfigKeys (ConfUtils.java:logGet(43)) - raft.server.rpc.request.timeout = 3000ms (default)
2019-10-15 04:14:13,914 [6bfbd448-fd10-4d88-98a5-4a2957d888a8@group-A91890E3DC20-LeaderElection76] INFO  server.RaftServerConfigKeys (ConfUtils.java:logGet(43)) - raft.server.log.appender.install.snapshot.enabled = false (custom)
2019-10-15 04:14:13,914 [6bfbd448-fd10-4d88-98a5-4a2957d888a8@group-A91890E3DC20-LeaderElection76] INFO  server.RaftServerConfigKeys (ConfUtils.java:logGet(43)) - raft.server.log.appender.snapshot.chunk.size.max = 16MB (=16777216) (default)
2019-10-15 04:14:13,914 [6bfbd448-fd10-4d88-98a5-4a2957d888a8@group-A91890E3DC20-LeaderElection76] INFO  server.RaftServerConfigKeys (ConfUtils.java:logGet(43)) - raft.server.log.appender.buffer.byte-limit = 33554432 (custom)
2019-10-15 04:14:13,914 [6bfbd448-fd10-4d88-98a5-4a2957d888a8@group-A91890E3DC20-LeaderElection76] INFO  server.RaftServerConfigKeys (ConfUtils.java:logGet(43)) - raft.server.log.appender.buffer.element-limit = 1 (custom)
2019-10-15 04:14:13,914 [6bfbd448-fd10-4d88-98a5-4a2957d888a8@group-A91890E3DC20-LeaderElection76] INFO  grpc.GrpcConfigKeys$Server (ConfUtils.java:logGet(43)) - raft.grpc.server.leader.outstanding.appends.max = 128 (default)
2019-10-15 04:14:13,914 [6bfbd448-fd10-4d88-98a5-4a2957d888a8@group-A91890E3DC20-LeaderElection76] INFO  server.RaftServerConfigKeys (ConfUtils.java:logGet(43)) - raft.server.rpc.request.timeout = 3000ms (default)
2019-10-15 04:14:13,914 [6bfbd448-fd10-4d88-98a5-4a2957d888a8@group-A91890E3DC20-LeaderElection76] INFO  server.RaftServerConfigKeys (ConfUtils.java:logGet(43)) - raft.server.log.appender.install.snapshot.enabled = false (custom)
2019-10-15 04:14:13,915 [6bfbd448-fd10-4d88-98a5-4a2957d888a8@group-A91890E3DC20-LeaderElection76] INFO  impl.RoleInfo (RoleInfo.java:updateAndGet(143)) - 6bfbd448-fd10-4d88-98a5-4a2957d888a8: start LeaderState
2019-10-15 04:14:13,915 [6bfbd448-fd10-4d88-98a5-4a2957d888a8@group-A91890E3DC20-LeaderElection76] INFO  segmented.SegmentedRaftLogWorker (SegmentedRaftLogWorker.java:startLogSegment(385)) - 6bfbd448-fd10-4d88-98a5-4a2957d888a8@group-A91890E3DC20-SegmentedRaftLogWorker: Starting segment from index:0
2019-10-15 04:14:13,916 [6bfbd448-fd10-4d88-98a5-4a2957d888a8@group-A91890E3DC20-LeaderElection76] INFO  impl.RaftServerImpl (ServerState.java:setRaftConf(356)) - 6bfbd448-fd10-4d88-98a5-4a2957d888a8@group-A91890E3DC20: set configuration 0: [c36f84cd-ba91-4ebb-a735-69fb0bbd9ede:192.168.151.96:40111, 2d3bc81b-9e94-4d45-85f1-83fe451f4879:192.168.151.96:41849, 6bfbd448-fd10-4d88-98a5-4a2957d888a8:192.168.151.96:40714], old=null at 0
2019-10-15 04:14:13,917 [grpc-default-executor-7] INFO  impl.RaftServerImpl (ServerState.java:setLeader(255)) - 2d3bc81b-9e94-4d45-85f1-83fe451f4879@group-A91890E3DC20: change Leader from null to 6bfbd448-fd10-4d88-98a5-4a2957d888a8 at term 2 for appendEntries, leader elected after 10273ms
2019-10-15 04:14:13,919 [grpc-default-executor-7] INFO  impl.RaftServerImpl (ServerState.java:setRaftConf(356)) - 2d3bc81b-9e94-4d45-85f1-83fe451f4879@group-A91890E3DC20: set configuration 0: [c36f84cd-ba91-4ebb-a735-69fb0bbd9ede:192.168.151.96:40111, 2d3bc81b-9e94-4d45-85f1-83fe451f4879:192.168.151.96:41849, 6bfbd448-fd10-4d88-98a5-4a2957d888a8:192.168.151.96:40714], old=null at 0
2019-10-15 04:14:13,920 [grpc-default-executor-7] INFO  segmented.SegmentedRaftLogWorker (SegmentedRaftLogWorker.java:startLogSegment(385)) - 2d3bc81b-9e94-4d45-85f1-83fe451f4879@group-A91890E3DC20-SegmentedRaftLogWorker: Starting segment from index:0
2019-10-15 04:14:13,920 [grpc-default-executor-0] INFO  impl.RaftServerImpl (ServerState.java:setLeader(255)) - c36f84cd-ba91-4ebb-a735-69fb0bbd9ede@group-A91890E3DC20: change Leader from null to 6bfbd448-fd10-4d88-98a5-4a2957d888a8 at term 2 for appendEntries, leader elected after 10276ms
2019-10-15 04:14:13,922 [grpc-default-executor-0] INFO  impl.RaftServerImpl (ServerState.java:setRaftConf(356)) - c36f84cd-ba91-4ebb-a735-69fb0bbd9ede@group-A91890E3DC20: set configuration 0: [c36f84cd-ba91-4ebb-a735-69fb0bbd9ede:192.168.151.96:40111, 2d3bc81b-9e94-4d45-85f1-83fe451f4879:192.168.151.96:41849, 6bfbd448-fd10-4d88-98a5-4a2957d888a8:192.168.151.96:40714], old=null at 0
2019-10-15 04:14:13,922 [grpc-default-executor-0] INFO  segmented.SegmentedRaftLogWorker (SegmentedRaftLogWorker.java:startLogSegment(385)) - c36f84cd-ba91-4ebb-a735-69fb0bbd9ede@group-A91890E3DC20-SegmentedRaftLogWorker: Starting segment from index:0
2019-10-15 04:14:13,971 [2d3bc81b-9e94-4d45-85f1-83fe451f4879@group-A91890E3DC20-SegmentedRaftLogWorker] INFO  segmented.SegmentedRaftLogWorker (SegmentedRaftLogWorker.java:execute(574)) - 2d3bc81b-9e94-4d45-85f1-83fe451f4879@group-A91890E3DC20-SegmentedRaftLogWorker: created new log segment /workdir/hadoop-ozone/integration-test/target/test-dir/MiniOzoneClusterImpl-d45ffd01-825f-4527-9b26-6ed3d9db6876/datanode-2/data/ratis/b929ae03-97ea-4261-a662-a91890e3dc20/current/log_inprogress_0
2019-10-15 04:14:13,971 [c36f84cd-ba91-4ebb-a735-69fb0bbd9ede@group-A91890E3DC20-SegmentedRaftLogWorker] INFO  segmented.SegmentedRaftLogWorker (SegmentedRaftLogWorker.java:execute(574)) - c36f84cd-ba91-4ebb-a735-69fb0bbd9ede@group-A91890E3DC20-SegmentedRaftLogWorker: created new log segment /workdir/hadoop-ozone/integration-test/target/test-dir/MiniOzoneClusterImpl-d45ffd01-825f-4527-9b26-6ed3d9db6876/datanode-6/data/ratis/b929ae03-97ea-4261-a662-a91890e3dc20/current/log_inprogress_0
2019-10-15 04:14:13,971 [6bfbd448-fd10-4d88-98a5-4a2957d888a8@group-A91890E3DC20-SegmentedRaftLogWorker] INFO  segmented.SegmentedRaftLogWorker (SegmentedRaftLogWorker.java:execute(574)) - 6bfbd448-fd10-4d88-98a5-4a2957d888a8@group-A91890E3DC20-SegmentedRaftLogWorker: created new log segment /workdir/hadoop-ozone/integration-test/target/test-dir/MiniOzoneClusterImpl-d45ffd01-825f-4527-9b26-6ed3d9db6876/datanode-4/data/ratis/b929ae03-97ea-4261-a662-a91890e3dc20/current/log_inprogress_0
2019-10-15 04:14:14,041 [main] INFO  ozoneimpl.OzoneContainer (OzoneContainer.java:stop(227)) - Attempting to stop container services.
2019-10-15 04:14:14,042 [main] INFO  impl.RaftServerProxy (RaftServerProxy.java:lambda$close$4(314)) - 88a80244-6d55-49cb-b386-f8c6afc0afd2: close
2019-10-15 04:14:14,043 [main] INFO  impl.RaftServerImpl (RaftServerImpl.java:lambda$shutdown$3(247)) - 88a80244-6d55-49cb-b386-f8c6afc0afd2@group-AD6B9460A82D: shutdown
2019-10-15 04:14:14,044 [main] INFO  util.JmxRegister (JmxRegister.java:unregister(73)) - Successfully un-registered JMX Bean with object name Ratis:service=RaftServer,group=group-AD6B9460A82D,id=88a80244-6d55-49cb-b386-f8c6afc0afd2
2019-10-15 04:14:14,044 [main] INFO  impl.RoleInfo (RoleInfo.java:shutdownLeaderState(104)) - 88a80244-6d55-49cb-b386-f8c6afc0afd2: shutdown LeaderState
2019-10-15 04:14:14,045 [main] INFO  impl.PendingRequests (PendingRequests.java:sendNotLeaderResponses(202)) - 88a80244-6d55-49cb-b386-f8c6afc0afd2@group-AD6B9460A82D-PendingRequests: sendNotLeaderResponses
2019-10-15 04:14:14,045 [main] INFO  impl.StateMachineUpdater (StateMachineUpdater.java:stopAndJoin(136)) - 88a80244-6d55-49cb-b386-f8c6afc0afd2@group-AD6B9460A82D-StateMachineUpdater: set stopIndex = 0
2019-10-15 04:14:14,046 [main] INFO  impl.RaftServerImpl (ServerState.java:close(387)) - 88a80244-6d55-49cb-b386-f8c6afc0afd2@group-AD6B9460A82D: closes. applyIndex: 0
2019-10-15 04:14:14,046 [88a80244-6d55-49cb-b386-f8c6afc0afd2@group-AD6B9460A82D-SegmentedRaftLogWorker] INFO  segmented.SegmentedRaftLogWorker (SegmentedRaftLogWorker.java:run(316)) - 88a80244-6d55-49cb-b386-f8c6afc0afd2@group-AD6B9460A82D-SegmentedRaftLogWorker was interrupted, exiting. There are 0 tasks remaining in the queue.
2019-10-15 04:14:14,051 [main] INFO  segmented.SegmentedRaftLogWorker (SegmentedRaftLogWorker.java:close(224)) - 88a80244-6d55-49cb-b386-f8c6afc0afd2@group-AD6B9460A82D-SegmentedRaftLogWorker close()
2019-10-15 04:14:14,069 [main] INFO  impl.RaftServerImpl (RaftServerImpl.java:lambda$shutdown$3(247)) - 88a80244-6d55-49cb-b386-f8c6afc0afd2@group-6C8A0CB5C4FE: shutdown
2019-10-15 04:14:14,069 [main] INFO  util.JmxRegister (JmxRegister.java:unregister(73)) - Successfully un-registered JMX Bean with object name Ratis:service=RaftServer,group=group-6C8A0CB5C4FE,id=88a80244-6d55-49cb-b386-f8c6afc0afd2
2019-10-15 04:14:14,070 [main] INFO  impl.RoleInfo (RoleInfo.java:shutdownLeaderState(104)) - 88a80244-6d55-49cb-b386-f8c6afc0afd2: shutdown LeaderState
2019-10-15 04:14:14,076 [main] INFO  impl.PendingRequests (PendingRequests.java:sendNotLeaderResponses(202)) - 88a80244-6d55-49cb-b386-f8c6afc0afd2@group-6C8A0CB5C4FE-PendingRequests: sendNotLeaderResponses
2019-10-15 04:14:14,077 [org.apache.ratis.server.impl.LogAppender$AppenderDaemon$$Lambda$447/1024746742@74608180] WARN  server.GrpcLogAppender (GrpcLogAppender.java:mayWait(143)) - 88a80244-6d55-49cb-b386-f8c6afc0afd2@group-6C8A0CB5C4FE->303f0228-c743-44bb-8a31-cb9ae4dee5ff-GrpcLogAppender: Wait interrupted by java.lang.InterruptedException
2019-10-15 04:14:14,084 [main] INFO  impl.StateMachineUpdater (StateMachineUpdater.java:stopAndJoin(136)) - 88a80244-6d55-49cb-b386-f8c6afc0afd2@group-6C8A0CB5C4FE-StateMachineUpdater: set stopIndex = 2
2019-10-15 04:14:14,080 [org.apache.ratis.server.impl.LogAppender$AppenderDaemon$$Lambda$447/1024746742@dad906a] WARN  server.GrpcLogAppender (GrpcLogAppender.java:mayWait(143)) - 88a80244-6d55-49cb-b386-f8c6afc0afd2@group-6C8A0CB5C4FE->3e3feb47-3047-4f9f-89b5-cd40cbc24957-GrpcLogAppender: Wait interrupted by java.lang.InterruptedException
2019-10-15 04:14:14,085 [88a80244-6d55-49cb-b386-f8c6afc0afd2@group-6C8A0CB5C4FE-StateMachineUpdater] INFO  ratis.ContainerStateMachine (ContainerStateMachine.java:takeSnapshot(294)) - group-6C8A0CB5C4FE: Taking a snapshot at:(t:1, i:2) file /workdir/hadoop-ozone/integration-test/target/test-dir/MiniOzoneClusterImpl-d45ffd01-825f-4527-9b26-6ed3d9db6876/datanode-0/data/ratis/8203d7de-3aeb-40f0-8b79-6c8a0cb5c4fe/sm/snapshot.1_2
2019-10-15 04:14:14,088 [grpc-default-executor-0] INFO  server.GrpcServerProtocolService (GrpcServerProtocolService.java:onCompleted(113)) - 3e3feb47-3047-4f9f-89b5-cd40cbc24957: Completed APPEND_ENTRIES, lastRequest: 88a80244-6d55-49cb-b386-f8c6afc0afd2->3e3feb47-3047-4f9f-89b5-cd40cbc24957#5-t1, previous=(t:1, i:2), leaderCommit=2, initializing? false, entries: <empty>
2019-10-15 04:14:14,088 [grpc-default-executor-7] INFO  server.GrpcServerProtocolService (GrpcServerProtocolService.java:onCompleted(113)) - 303f0228-c743-44bb-8a31-cb9ae4dee5ff: Completed APPEND_ENTRIES, lastRequest: 88a80244-6d55-49cb-b386-f8c6afc0afd2->303f0228-c743-44bb-8a31-cb9ae4dee5ff#5-t1, previous=(t:1, i:2), leaderCommit=2, initializing? false, entries: <empty>
2019-10-15 04:14:14,091 [grpc-default-executor-0] INFO  server.GrpcLogAppender (GrpcLogAppender.java:onCompleted(293)) - 88a80244-6d55-49cb-b386-f8c6afc0afd2@group-6C8A0CB5C4FE->3e3feb47-3047-4f9f-89b5-cd40cbc24957-AppendLogResponseHandler: follower responses appendEntries COMPLETED
2019-10-15 04:14:14,091 [grpc-default-executor-6] INFO  server.GrpcLogAppender (GrpcLogAppender.java:onCompleted(293)) - 88a80244-6d55-49cb-b386-f8c6afc0afd2@group-6C8A0CB5C4FE->303f0228-c743-44bb-8a31-cb9ae4dee5ff-AppendLogResponseHandler: follower responses appendEntries COMPLETED
2019-10-15 04:14:14,093 [grpc-default-executor-0] INFO  impl.FollowerInfo (FollowerInfo.java:lambda$new$0(51)) - 88a80244-6d55-49cb-b386-f8c6afc0afd2@group-6C8A0CB5C4FE->3e3feb47-3047-4f9f-89b5-cd40cbc24957: nextIndex: updateUnconditionally 3 -> 2
2019-10-15 04:14:14,094 [grpc-default-executor-6] INFO  impl.FollowerInfo (FollowerInfo.java:lambda$new$0(51)) - 88a80244-6d55-49cb-b386-f8c6afc0afd2@group-6C8A0CB5C4FE->303f0228-c743-44bb-8a31-cb9ae4dee5ff: nextIndex: updateUnconditionally 3 -> 2
2019-10-15 04:14:14,134 [88a80244-6d55-49cb-b386-f8c6afc0afd2@group-6C8A0CB5C4FE-StateMachineUpdater] INFO  ratis.ContainerStateMachine (ContainerStateMachine.java:takeSnapshot(305)) - group-6C8A0CB5C4FE: Finished taking a snapshot at:(t:1, i:2) file:/workdir/hadoop-ozone/integration-test/target/test-dir/MiniOzoneClusterImpl-d45ffd01-825f-4527-9b26-6ed3d9db6876/datanode-0/data/ratis/8203d7de-3aeb-40f0-8b79-6c8a0cb5c4fe/sm/snapshot.1_2 time:50
2019-10-15 04:14:14,134 [88a80244-6d55-49cb-b386-f8c6afc0afd2@group-6C8A0CB5C4FE-StateMachineUpdater] INFO  impl.StateMachineUpdater (StateMachineUpdater.java:takeSnapshot(269)) - 88a80244-6d55-49cb-b386-f8c6afc0afd2@group-6C8A0CB5C4FE-StateMachineUpdater: Took a snapshot at index 2
2019-10-15 04:14:14,134 [88a80244-6d55-49cb-b386-f8c6afc0afd2@group-6C8A0CB5C4FE-StateMachineUpdater] INFO  impl.StateMachineUpdater (StateMachineUpdater.java:lambda$new$0(84)) - 88a80244-6d55-49cb-b386-f8c6afc0afd2@group-6C8A0CB5C4FE-StateMachineUpdater: snapshotIndex: updateIncreasingly -1 -> 2
2019-10-15 04:14:14,135 [main] INFO  impl.RaftServerImpl (ServerState.java:close(387)) - 88a80244-6d55-49cb-b386-f8c6afc0afd2@group-6C8A0CB5C4FE: closes. applyIndex: 2
2019-10-15 04:14:14,136 [88a80244-6d55-49cb-b386-f8c6afc0afd2@group-6C8A0CB5C4FE-SegmentedRaftLogWorker] INFO  segmented.SegmentedRaftLogWorker (SegmentedRaftLogWorker.java:run(316)) - 88a80244-6d55-49cb-b386-f8c6afc0afd2@group-6C8A0CB5C4FE-SegmentedRaftLogWorker was interrupted, exiting. There are 0 tasks remaining in the queue.
2019-10-15 04:14:14,136 [main] INFO  segmented.SegmentedRaftLogWorker (SegmentedRaftLogWorker.java:close(224)) - 88a80244-6d55-49cb-b386-f8c6afc0afd2@group-6C8A0CB5C4FE-SegmentedRaftLogWorker close()
2019-10-15 04:14:14,142 [main] INFO  server.GrpcService (GrpcService.java:closeImpl(164)) - 88a80244-6d55-49cb-b386-f8c6afc0afd2: shutdown server with port 41493 now
2019-10-15 04:14:14,144 [main] INFO  server.GrpcService (GrpcService.java:closeImpl(172)) - 88a80244-6d55-49cb-b386-f8c6afc0afd2: shutdown server with port 41493 successfully
2019-10-15 04:14:14,146 [refreshUsed-/workdir/hadoop-ozone/integration-test/target/test-dir/MiniOzoneClusterImpl-d45ffd01-825f-4527-9b26-6ed3d9db6876/datanode-0/data/containers] WARN  fs.CachingGetSpaceUsed (CachingGetSpaceUsed.java:run(183)) - Thread Interrupted waiting to refresh disk information: sleep interrupted
2019-10-15 04:14:14,168 [main] INFO  utils.BackgroundService (BackgroundService.java:shutdown(151)) - Shutting down service BlockDeletingService
2019-10-15 04:14:14,175 [main] INFO  statemachine.DatanodeStateMachine (DatanodeStateMachine.java:stopDaemon(395)) - Ozone container server stopped.
2019-10-15 04:14:14,177 [main] INFO  handler.ContextHandler (ContextHandler.java:doStop(910)) - Stopped o.e.j.w.WebAppContext@372f0a99{/,null,UNAVAILABLE}{/hddsDatanode}
2019-10-15 04:14:14,178 [main] INFO  server.AbstractConnector (AbstractConnector.java:doStop(318)) - Stopped ServerConnector@16cf8438{HTTP/1.1,[http/1.1]}{0.0.0.0:0}
2019-10-15 04:14:14,179 [main] INFO  handler.ContextHandler (ContextHandler.java:doStop(910)) - Stopped o.e.j.s.ServletContextHandler@601d6622{/static,jar:file:/home/user/.m2/repository/org/apache/hadoop/hadoop-hdds-container-service/0.5.0-SNAPSHOT/hadoop-hdds-container-service-0.5.0-SNAPSHOT.jar!/webapps/static,UNAVAILABLE}
2019-10-15 04:14:14,179 [main] INFO  handler.ContextHandler (ContextHandler.java:doStop(910)) - Stopped o.e.j.s.ServletContextHandler@1cd2143b{/logs,file:///workdir/hadoop-ozone/integration-test/target/log,UNAVAILABLE}
2019-10-15 04:14:23,873 [Thread-2401] INFO  impl.FollowerState (FollowerState.java:run(108)) - 3e3feb47-3047-4f9f-89b5-cd40cbc24957@group-6C8A0CB5C4FE-FollowerState: change to CANDIDATE, lastRpcTime:10012ms, electionTimeout:5007ms
2019-10-15 04:14:23,873 [Thread-2401] INFO  impl.RoleInfo (RoleInfo.java:shutdownFollowerState(121)) - 3e3feb47-3047-4f9f-89b5-cd40cbc24957: shutdown FollowerState
2019-10-15 04:14:23,873 [Thread-2401] INFO  impl.RaftServerImpl (RaftServerImpl.java:setRole(170)) - 3e3feb47-3047-4f9f-89b5-cd40cbc24957@group-6C8A0CB5C4FE: changes role from  FOLLOWER to CANDIDATE at term 1 for changeToCandidate
2019-10-15 04:14:23,874 [Thread-2401] INFO  impl.RoleInfo (RoleInfo.java:updateAndGet(143)) - 3e3feb47-3047-4f9f-89b5-cd40cbc24957: start LeaderElection
2019-10-15 04:14:23,877 [3e3feb47-3047-4f9f-89b5-cd40cbc24957@group-6C8A0CB5C4FE-LeaderElection77] INFO  impl.RaftServerImpl (ServerState.java:setLeader(255)) - 3e3feb47-3047-4f9f-89b5-cd40cbc24957@group-6C8A0CB5C4FE: change Leader from 88a80244-6d55-49cb-b386-f8c6afc0afd2 to null at term 1 for initElection
2019-10-15 04:14:23,911 [Thread-2397] INFO  impl.FollowerState (FollowerState.java:run(108)) - 303f0228-c743-44bb-8a31-cb9ae4dee5ff@group-6C8A0CB5C4FE-FollowerState: change to CANDIDATE, lastRpcTime:10052ms, electionTimeout:5111ms
2019-10-15 04:14:23,911 [Thread-2397] INFO  impl.RoleInfo (RoleInfo.java:shutdownFollowerState(121)) - 303f0228-c743-44bb-8a31-cb9ae4dee5ff: shutdown FollowerState
2019-10-15 04:14:23,912 [Thread-2397] INFO  impl.RaftServerImpl (RaftServerImpl.java:setRole(170)) - 303f0228-c743-44bb-8a31-cb9ae4dee5ff@group-6C8A0CB5C4FE: changes role from  FOLLOWER to CANDIDATE at term 1 for changeToCandidate
2019-10-15 04:14:23,912 [Thread-2397] INFO  impl.RoleInfo (RoleInfo.java:updateAndGet(143)) - 303f0228-c743-44bb-8a31-cb9ae4dee5ff: start LeaderElection
2019-10-15 04:14:23,916 [303f0228-c743-44bb-8a31-cb9ae4dee5ff@group-6C8A0CB5C4FE-LeaderElection78] INFO  impl.RaftServerImpl (ServerState.java:setLeader(255)) - 303f0228-c743-44bb-8a31-cb9ae4dee5ff@group-6C8A0CB5C4FE: change Leader from 88a80244-6d55-49cb-b386-f8c6afc0afd2 to null at term 1 for initElection
2019-10-15 04:14:23,933 [3e3feb47-3047-4f9f-89b5-cd40cbc24957@group-6C8A0CB5C4FE-LeaderElection77] INFO  impl.LeaderElection (LeaderElection.java:askForVotes(178)) - 3e3feb47-3047-4f9f-89b5-cd40cbc24957@group-6C8A0CB5C4FE-LeaderElection77: begin an election at term 2 for 0: [3e3feb47-3047-4f9f-89b5-cd40cbc24957:192.168.151.96:42666, 303f0228-c743-44bb-8a31-cb9ae4dee5ff:192.168.151.96:43679, 88a80244-6d55-49cb-b386-f8c6afc0afd2:192.168.151.96:41493], old=null
2019-10-15 04:14:23,936 [3e3feb47-3047-4f9f-89b5-cd40cbc24957@group-6C8A0CB5C4FE-LeaderElection77] INFO  impl.LeaderElection (LogUtils.java:infoOrTrace(149)) - 3e3feb47-3047-4f9f-89b5-cd40cbc24957@group-6C8A0CB5C4FE-LeaderElection77 got exception when requesting votes: {}
java.util.concurrent.ExecutionException: org.apache.ratis.thirdparty.io.grpc.StatusRuntimeException: UNAVAILABLE: io exception
	at java.util.concurrent.FutureTask.report(FutureTask.java:122)
	at java.util.concurrent.FutureTask.get(FutureTask.java:192)
	at org.apache.ratis.server.impl.LeaderElection.waitForResults(LeaderElection.java:259)
	at org.apache.ratis.server.impl.LeaderElection.askForVotes(LeaderElection.java:197)
	at org.apache.ratis.server.impl.LeaderElection.run(LeaderElection.java:133)
	at java.lang.Thread.run(Thread.java:748)
Caused by: org.apache.ratis.thirdparty.io.grpc.StatusRuntimeException: UNAVAILABLE: io exception
	at org.apache.ratis.thirdparty.io.grpc.stub.ClientCalls.toStatusRuntimeException(ClientCalls.java:233)
	at org.apache.ratis.thirdparty.io.grpc.stub.ClientCalls.getUnchecked(ClientCalls.java:214)
	at org.apache.ratis.thirdparty.io.grpc.stub.ClientCalls.blockingUnaryCall(ClientCalls.java:139)
	at org.apache.ratis.proto.grpc.RaftServerProtocolServiceGrpc$RaftServerProtocolServiceBlockingStub.requestVote(RaftServerProtocolServiceGrpc.java:265)
	at org.apache.ratis.grpc.server.GrpcServerProtocolClient.requestVote(GrpcServerProtocolClient.java:99)
	at org.apache.ratis.grpc.server.GrpcService.requestVote(GrpcService.java:204)
	at org.apache.ratis.server.impl.LeaderElection.lambda$submitRequests$1(LeaderElection.java:234)
	at java.util.concurrent.FutureTask.run(FutureTask.java:266)
	at java.util.concurrent.Executors$RunnableAdapter.call(Executors.java:511)
	at java.util.concurrent.FutureTask.run(FutureTask.java:266)
	at java.util.concurrent.ThreadPoolExecutor.runWorker(ThreadPoolExecutor.java:1149)
	at java.util.concurrent.ThreadPoolExecutor$Worker.run(ThreadPoolExecutor.java:624)
	... 1 more
Caused by: org.apache.ratis.thirdparty.io.netty.channel.AbstractChannel$AnnotatedConnectException: Connection refused: /192.168.151.96:41493
	at sun.nio.ch.SocketChannelImpl.checkConnect(Native Method)
	at sun.nio.ch.SocketChannelImpl.finishConnect(SocketChannelImpl.java:717)
	at org.apache.ratis.thirdparty.io.netty.channel.socket.nio.NioSocketChannel.doFinishConnect(NioSocketChannel.java:327)
	at org.apache.ratis.thirdparty.io.netty.channel.nio.AbstractNioChannel$AbstractNioUnsafe.finishConnect(AbstractNioChannel.java:340)
	at org.apache.ratis.thirdparty.io.netty.channel.nio.NioEventLoop.processSelectedKey(NioEventLoop.java:632)
	at org.apache.ratis.thirdparty.io.netty.channel.nio.NioEventLoop.processSelectedKeysOptimized(NioEventLoop.java:579)
	at org.apache.ratis.thirdparty.io.netty.channel.nio.NioEventLoop.processSelectedKeys(NioEventLoop.java:496)
	at org.apache.ratis.thirdparty.io.netty.channel.nio.NioEventLoop.run(NioEventLoop.java:458)
	at org.apache.ratis.thirdparty.io.netty.util.concurrent.SingleThreadEventExecutor$5.run(SingleThreadEventExecutor.java:897)
	at org.apache.ratis.thirdparty.io.netty.util.concurrent.FastThreadLocalRunnable.run(FastThreadLocalRunnable.java:30)
	... 1 more
Caused by: java.net.ConnectException: Connection refused
	... 11 more
2019-10-15 04:14:23,967 [303f0228-c743-44bb-8a31-cb9ae4dee5ff@group-6C8A0CB5C4FE-LeaderElection78] INFO  impl.LeaderElection (LeaderElection.java:askForVotes(178)) - 303f0228-c743-44bb-8a31-cb9ae4dee5ff@group-6C8A0CB5C4FE-LeaderElection78: begin an election at term 2 for 0: [3e3feb47-3047-4f9f-89b5-cd40cbc24957:192.168.151.96:42666, 303f0228-c743-44bb-8a31-cb9ae4dee5ff:192.168.151.96:43679, 88a80244-6d55-49cb-b386-f8c6afc0afd2:192.168.151.96:41493], old=null
2019-10-15 04:14:23,968 [3e3feb47-3047-4f9f-89b5-cd40cbc24957@group-6C8A0CB5C4FE-LeaderElection77] INFO  impl.LeaderElection (LeaderElection.java:logAndReturn(56)) - 3e3feb47-3047-4f9f-89b5-cd40cbc24957@group-6C8A0CB5C4FE-LeaderElection77: Election REJECTED; received 1 response(s) [3e3feb47-3047-4f9f-89b5-cd40cbc24957<-303f0228-c743-44bb-8a31-cb9ae4dee5ff#0:FAIL-t2] and 1 exception(s); 3e3feb47-3047-4f9f-89b5-cd40cbc24957@group-6C8A0CB5C4FE:t2, leader=null, voted=3e3feb47-3047-4f9f-89b5-cd40cbc24957, raftlog=3e3feb47-3047-4f9f-89b5-cd40cbc24957@group-6C8A0CB5C4FE-SegmentedRaftLog:OPENED:c2,f2,i2, conf=0: [3e3feb47-3047-4f9f-89b5-cd40cbc24957:192.168.151.96:42666, 303f0228-c743-44bb-8a31-cb9ae4dee5ff:192.168.151.96:43679, 88a80244-6d55-49cb-b386-f8c6afc0afd2:192.168.151.96:41493], old=null
2019-10-15 04:14:23,968 [3e3feb47-3047-4f9f-89b5-cd40cbc24957@group-6C8A0CB5C4FE-LeaderElection77] INFO  impl.LeaderElection (LogUtils.java:infoOrTrace(149)) -   Exception 0: {}
java.util.concurrent.ExecutionException: org.apache.ratis.thirdparty.io.grpc.StatusRuntimeException: UNAVAILABLE: io exception
	at java.util.concurrent.FutureTask.report(FutureTask.java:122)
	at java.util.concurrent.FutureTask.get(FutureTask.java:192)
	at org.apache.ratis.server.impl.LeaderElection.waitForResults(LeaderElection.java:259)
	at org.apache.ratis.server.impl.LeaderElection.askForVotes(LeaderElection.java:197)
	at org.apache.ratis.server.impl.LeaderElection.run(LeaderElection.java:133)
	at java.lang.Thread.run(Thread.java:748)
Caused by: org.apache.ratis.thirdparty.io.grpc.StatusRuntimeException: UNAVAILABLE: io exception
	at org.apache.ratis.thirdparty.io.grpc.stub.ClientCalls.toStatusRuntimeException(ClientCalls.java:233)
	at org.apache.ratis.thirdparty.io.grpc.stub.ClientCalls.getUnchecked(ClientCalls.java:214)
	at org.apache.ratis.thirdparty.io.grpc.stub.ClientCalls.blockingUnaryCall(ClientCalls.java:139)
	at org.apache.ratis.proto.grpc.RaftServerProtocolServiceGrpc$RaftServerProtocolServiceBlockingStub.requestVote(RaftServerProtocolServiceGrpc.java:265)
	at org.apache.ratis.grpc.server.GrpcServerProtocolClient.requestVote(GrpcServerProtocolClient.java:99)
	at org.apache.ratis.grpc.server.GrpcService.requestVote(GrpcService.java:204)
	at org.apache.ratis.server.impl.LeaderElection.lambda$submitRequests$1(LeaderElection.java:234)
	at java.util.concurrent.FutureTask.run(FutureTask.java:266)
	at java.util.concurrent.Executors$RunnableAdapter.call(Executors.java:511)
	at java.util.concurrent.FutureTask.run(FutureTask.java:266)
	at java.util.concurrent.ThreadPoolExecutor.runWorker(ThreadPoolExecutor.java:1149)
	at java.util.concurrent.ThreadPoolExecutor$Worker.run(ThreadPoolExecutor.java:624)
	... 1 more
Caused by: org.apache.ratis.thirdparty.io.netty.channel.AbstractChannel$AnnotatedConnectException: Connection refused: /192.168.151.96:41493
	at sun.nio.ch.SocketChannelImpl.checkConnect(Native Method)
	at sun.nio.ch.SocketChannelImpl.finishConnect(SocketChannelImpl.java:717)
	at org.apache.ratis.thirdparty.io.netty.channel.socket.nio.NioSocketChannel.doFinishConnect(NioSocketChannel.java:327)
	at org.apache.ratis.thirdparty.io.netty.channel.nio.AbstractNioChannel$AbstractNioUnsafe.finishConnect(AbstractNioChannel.java:340)
	at org.apache.ratis.thirdparty.io.netty.channel.nio.NioEventLoop.processSelectedKey(NioEventLoop.java:632)
	at org.apache.ratis.thirdparty.io.netty.channel.nio.NioEventLoop.processSelectedKeysOptimized(NioEventLoop.java:579)
	at org.apache.ratis.thirdparty.io.netty.channel.nio.NioEventLoop.processSelectedKeys(NioEventLoop.java:496)
	at org.apache.ratis.thirdparty.io.netty.channel.nio.NioEventLoop.run(NioEventLoop.java:458)
	at org.apache.ratis.thirdparty.io.netty.util.concurrent.SingleThreadEventExecutor$5.run(SingleThreadEventExecutor.java:897)
	at org.apache.ratis.thirdparty.io.netty.util.concurrent.FastThreadLocalRunnable.run(FastThreadLocalRunnable.java:30)
	... 1 more
Caused by: java.net.ConnectException: Connection refused
	... 11 more
2019-10-15 04:14:23,969 [3e3feb47-3047-4f9f-89b5-cd40cbc24957@group-6C8A0CB5C4FE-LeaderElection77] INFO  impl.RaftServerImpl (RaftServerImpl.java:setRole(170)) - 3e3feb47-3047-4f9f-89b5-cd40cbc24957@group-6C8A0CB5C4FE: changes role from CANDIDATE to FOLLOWER at term 2 for DISCOVERED_A_NEW_TERM
2019-10-15 04:14:23,969 [3e3feb47-3047-4f9f-89b5-cd40cbc24957@group-6C8A0CB5C4FE-LeaderElection77] INFO  impl.RoleInfo (RoleInfo.java:shutdownLeaderElection(134)) - 3e3feb47-3047-4f9f-89b5-cd40cbc24957: shutdown LeaderElection
2019-10-15 04:14:23,969 [303f0228-c743-44bb-8a31-cb9ae4dee5ff@group-6C8A0CB5C4FE-LeaderElection78] INFO  impl.LeaderElection (LogUtils.java:infoOrTrace(149)) - 303f0228-c743-44bb-8a31-cb9ae4dee5ff@group-6C8A0CB5C4FE-LeaderElection78 got exception when requesting votes: {}
java.util.concurrent.ExecutionException: org.apache.ratis.thirdparty.io.grpc.StatusRuntimeException: UNAVAILABLE: io exception
	at java.util.concurrent.FutureTask.report(FutureTask.java:122)
	at java.util.concurrent.FutureTask.get(FutureTask.java:192)
	at org.apache.ratis.server.impl.LeaderElection.waitForResults(LeaderElection.java:259)
	at org.apache.ratis.server.impl.LeaderElection.askForVotes(LeaderElection.java:197)
	at org.apache.ratis.server.impl.LeaderElection.run(LeaderElection.java:133)
	at java.lang.Thread.run(Thread.java:748)
Caused by: org.apache.ratis.thirdparty.io.grpc.StatusRuntimeException: UNAVAILABLE: io exception
	at org.apache.ratis.thirdparty.io.grpc.stub.ClientCalls.toStatusRuntimeException(ClientCalls.java:233)
	at org.apache.ratis.thirdparty.io.grpc.stub.ClientCalls.getUnchecked(ClientCalls.java:214)
	at org.apache.ratis.thirdparty.io.grpc.stub.ClientCalls.blockingUnaryCall(ClientCalls.java:139)
	at org.apache.ratis.proto.grpc.RaftServerProtocolServiceGrpc$RaftServerProtocolServiceBlockingStub.requestVote(RaftServerProtocolServiceGrpc.java:265)
	at org.apache.ratis.grpc.server.GrpcServerProtocolClient.requestVote(GrpcServerProtocolClient.java:99)
	at org.apache.ratis.grpc.server.GrpcService.requestVote(GrpcService.java:204)
	at org.apache.ratis.server.impl.LeaderElection.lambda$submitRequests$1(LeaderElection.java:234)
	at java.util.concurrent.FutureTask.run(FutureTask.java:266)
	at java.util.concurrent.Executors$RunnableAdapter.call(Executors.java:511)
	at java.util.concurrent.FutureTask.run(FutureTask.java:266)
	at java.util.concurrent.ThreadPoolExecutor.runWorker(ThreadPoolExecutor.java:1149)
	at java.util.concurrent.ThreadPoolExecutor$Worker.run(ThreadPoolExecutor.java:624)
	... 1 more
Caused by: org.apache.ratis.thirdparty.io.netty.channel.AbstractChannel$AnnotatedConnectException: Connection refused: /192.168.151.96:41493
	at sun.nio.ch.SocketChannelImpl.checkConnect(Native Method)
	at sun.nio.ch.SocketChannelImpl.finishConnect(SocketChannelImpl.java:717)
	at org.apache.ratis.thirdparty.io.netty.channel.socket.nio.NioSocketChannel.doFinishConnect(NioSocketChannel.java:327)
	at org.apache.ratis.thirdparty.io.netty.channel.nio.AbstractNioChannel$AbstractNioUnsafe.finishConnect(AbstractNioChannel.java:340)
	at org.apache.ratis.thirdparty.io.netty.channel.nio.NioEventLoop.processSelectedKey(NioEventLoop.java:632)
	at org.apache.ratis.thirdparty.io.netty.channel.nio.NioEventLoop.processSelectedKeysOptimized(NioEventLoop.java:579)
	at org.apache.ratis.thirdparty.io.netty.channel.nio.NioEventLoop.processSelectedKeys(NioEventLoop.java:496)
	at org.apache.ratis.thirdparty.io.netty.channel.nio.NioEventLoop.run(NioEventLoop.java:458)
	at org.apache.ratis.thirdparty.io.netty.util.concurrent.SingleThreadEventExecutor$5.run(SingleThreadEventExecutor.java:897)
	at org.apache.ratis.thirdparty.io.netty.util.concurrent.FastThreadLocalRunnable.run(FastThreadLocalRunnable.java:30)
	... 1 more
Caused by: java.net.ConnectException: Connection refused
	... 11 more
2019-10-15 04:14:23,976 [3e3feb47-3047-4f9f-89b5-cd40cbc24957@group-6C8A0CB5C4FE-LeaderElection77] INFO  impl.RoleInfo (RoleInfo.java:updateAndGet(143)) - 3e3feb47-3047-4f9f-89b5-cd40cbc24957: start FollowerState
2019-10-15 04:14:23,980 [303f0228-c743-44bb-8a31-cb9ae4dee5ff@group-6C8A0CB5C4FE-LeaderElection78] INFO  impl.LeaderElection (LeaderElection.java:logAndReturn(56)) - 303f0228-c743-44bb-8a31-cb9ae4dee5ff@group-6C8A0CB5C4FE-LeaderElection78: Election REJECTED; received 1 response(s) [303f0228-c743-44bb-8a31-cb9ae4dee5ff<-3e3feb47-3047-4f9f-89b5-cd40cbc24957#0:FAIL-t2] and 1 exception(s); 303f0228-c743-44bb-8a31-cb9ae4dee5ff@group-6C8A0CB5C4FE:t2, leader=null, voted=303f0228-c743-44bb-8a31-cb9ae4dee5ff, raftlog=303f0228-c743-44bb-8a31-cb9ae4dee5ff@group-6C8A0CB5C4FE-SegmentedRaftLog:OPENED:c2,f2,i2, conf=0: [3e3feb47-3047-4f9f-89b5-cd40cbc24957:192.168.151.96:42666, 303f0228-c743-44bb-8a31-cb9ae4dee5ff:192.168.151.96:43679, 88a80244-6d55-49cb-b386-f8c6afc0afd2:192.168.151.96:41493], old=null
2019-10-15 04:14:23,980 [303f0228-c743-44bb-8a31-cb9ae4dee5ff@group-6C8A0CB5C4FE-LeaderElection78] INFO  impl.LeaderElection (LogUtils.java:infoOrTrace(149)) -   Exception 0: {}
java.util.concurrent.ExecutionException: org.apache.ratis.thirdparty.io.grpc.StatusRuntimeException: UNAVAILABLE: io exception
	at java.util.concurrent.FutureTask.report(FutureTask.java:122)
	at java.util.concurrent.FutureTask.get(FutureTask.java:192)
	at org.apache.ratis.server.impl.LeaderElection.waitForResults(LeaderElection.java:259)
	at org.apache.ratis.server.impl.LeaderElection.askForVotes(LeaderElection.java:197)
	at org.apache.ratis.server.impl.LeaderElection.run(LeaderElection.java:133)
	at java.lang.Thread.run(Thread.java:748)
Caused by: org.apache.ratis.thirdparty.io.grpc.StatusRuntimeException: UNAVAILABLE: io exception
	at org.apache.ratis.thirdparty.io.grpc.stub.ClientCalls.toStatusRuntimeException(ClientCalls.java:233)
	at org.apache.ratis.thirdparty.io.grpc.stub.ClientCalls.getUnchecked(ClientCalls.java:214)
	at org.apache.ratis.thirdparty.io.grpc.stub.ClientCalls.blockingUnaryCall(ClientCalls.java:139)
	at org.apache.ratis.proto.grpc.RaftServerProtocolServiceGrpc$RaftServerProtocolServiceBlockingStub.requestVote(RaftServerProtocolServiceGrpc.java:265)
	at org.apache.ratis.grpc.server.GrpcServerProtocolClient.requestVote(GrpcServerProtocolClient.java:99)
	at org.apache.ratis.grpc.server.GrpcService.requestVote(GrpcService.java:204)
	at org.apache.ratis.server.impl.LeaderElection.lambda$submitRequests$1(LeaderElection.java:234)
	at java.util.concurrent.FutureTask.run(FutureTask.java:266)
	at java.util.concurrent.Executors$RunnableAdapter.call(Executors.java:511)
	at java.util.concurrent.FutureTask.run(FutureTask.java:266)
	at java.util.concurrent.ThreadPoolExecutor.runWorker(ThreadPoolExecutor.java:1149)
	at java.util.concurrent.ThreadPoolExecutor$Worker.run(ThreadPoolExecutor.java:624)
	... 1 more
Caused by: org.apache.ratis.thirdparty.io.netty.channel.AbstractChannel$AnnotatedConnectException: Connection refused: /192.168.151.96:41493
	at sun.nio.ch.SocketChannelImpl.checkConnect(Native Method)
	at sun.nio.ch.SocketChannelImpl.finishConnect(SocketChannelImpl.java:717)
	at org.apache.ratis.thirdparty.io.netty.channel.socket.nio.NioSocketChannel.doFinishConnect(NioSocketChannel.java:327)
	at org.apache.ratis.thirdparty.io.netty.channel.nio.AbstractNioChannel$AbstractNioUnsafe.finishConnect(AbstractNioChannel.java:340)
	at org.apache.ratis.thirdparty.io.netty.channel.nio.NioEventLoop.processSelectedKey(NioEventLoop.java:632)
	at org.apache.ratis.thirdparty.io.netty.channel.nio.NioEventLoop.processSelectedKeysOptimized(NioEventLoop.java:579)
	at org.apache.ratis.thirdparty.io.netty.channel.nio.NioEventLoop.processSelectedKeys(NioEventLoop.java:496)
	at org.apache.ratis.thirdparty.io.netty.channel.nio.NioEventLoop.run(NioEventLoop.java:458)
	at org.apache.ratis.thirdparty.io.netty.util.concurrent.SingleThreadEventExecutor$5.run(SingleThreadEventExecutor.java:897)
	at org.apache.ratis.thirdparty.io.netty.util.concurrent.FastThreadLocalRunnable.run(FastThreadLocalRunnable.java:30)
	... 1 more
Caused by: java.net.ConnectException: Connection refused
	... 11 more
2019-10-15 04:14:23,980 [303f0228-c743-44bb-8a31-cb9ae4dee5ff@group-6C8A0CB5C4FE-LeaderElection78] INFO  impl.RaftServerImpl (RaftServerImpl.java:setRole(170)) - 303f0228-c743-44bb-8a31-cb9ae4dee5ff@group-6C8A0CB5C4FE: changes role from CANDIDATE to FOLLOWER at term 2 for DISCOVERED_A_NEW_TERM
2019-10-15 04:14:23,980 [303f0228-c743-44bb-8a31-cb9ae4dee5ff@group-6C8A0CB5C4FE-LeaderElection78] INFO  impl.RoleInfo (RoleInfo.java:shutdownLeaderElection(134)) - 303f0228-c743-44bb-8a31-cb9ae4dee5ff: shutdown LeaderElection
2019-10-15 04:14:23,981 [303f0228-c743-44bb-8a31-cb9ae4dee5ff@group-6C8A0CB5C4FE-LeaderElection78] INFO  impl.RoleInfo (RoleInfo.java:updateAndGet(143)) - 303f0228-c743-44bb-8a31-cb9ae4dee5ff: start FollowerState
]]></system-out>
  </testcase>
</testsuite>