<?xml version="1.0" encoding="UTF-8"?>
<testsuite xmlns:xsi="http://www.w3.org/2001/XMLSchema-instance" xsi:noNamespaceSchemaLocation="https://maven.apache.org/surefire/maven-surefire-plugin/xsd/surefire-test-report.xsd" name="org.apache.hadoop.ozone.client.rpc.TestBlockOutputStreamWithFailures" time="684.786" tests="8" errors="1" skipped="0" failures="0">
  <properties>
    <property name="awt.toolkit" value="sun.awt.X11.XToolkit"/>
    <property name="file.encoding.pkg" value="sun.io"/>
    <property name="java.specification.version" value="1.8"/>
    <property name="sun.cpu.isalist" value=""/>
    <property name="sun.jnu.encoding" value="UTF-8"/>
    <property name="java.class.path" value="/workdir/hadoop-ozone/integration-test/target/test-classes:/workdir/hadoop-ozone/integration-test/target/classes:/home/user/.m2/repository/org/apache/hadoop/hadoop-ozone-common/0.5.0-SNAPSHOT/hadoop-ozone-common-0.5.0-SNAPSHOT.jar:/home/user/.m2/repository/org/apache/commons/commons-compress/1.4.1/commons-compress-1.4.1.jar:/home/user/.m2/repository/org/tukaani/xz/1.0/xz-1.0.jar:/home/user/.m2/repository/org/apache/hadoop/hadoop-common/3.2.0/hadoop-common-3.2.0.jar:/home/user/.m2/repository/org/apache/hadoop/hadoop-hdfs/3.2.0/hadoop-hdfs-3.2.0.jar:/home/user/.m2/repository/org/apache/hadoop/hadoop-hdfs-client/3.2.0/hadoop-hdfs-client-3.2.0.jar:/home/user/.m2/repository/com/fasterxml/jackson/core/jackson-annotations/2.9.9/jackson-annotations-2.9.9.jar:/home/user/.m2/repository/org/apache/hadoop/hadoop-hdds-common/0.5.0-SNAPSHOT/hadoop-hdds-common-0.5.0-SNAPSHOT.jar:/home/user/.m2/repository/javax/annotation/javax.annotation-api/1.2/javax.annotation-api-1.2.jar:/home/user/.m2/repository/org/apache/ratis/ratis-server/0.5.0-201fc85-SNAPSHOT/ratis-server-0.5.0-201fc85-SNAPSHOT.jar:/home/user/.m2/repository/org/apache/ratis/ratis-thirdparty-misc/0.2.0/ratis-thirdparty-misc-0.2.0.jar:/home/user/.m2/repository/org/apache/ratis/ratis-proto/0.5.0-201fc85-SNAPSHOT/ratis-proto-0.5.0-201fc85-SNAPSHOT.jar:/home/user/.m2/repository/org/apache/ratis/ratis-common/0.5.0-201fc85-SNAPSHOT/ratis-common-0.5.0-201fc85-SNAPSHOT.jar:/home/user/.m2/repository/org/apache/ratis/ratis-client/0.5.0-201fc85-SNAPSHOT/ratis-client-0.5.0-201fc85-SNAPSHOT.jar:/home/user/.m2/repository/org/apache/ratis/ratis-metrics/0.5.0-201fc85-SNAPSHOT/ratis-metrics-0.5.0-201fc85-SNAPSHOT.jar:/home/user/.m2/repository/com/github/joshelser/dropwizard-metrics-hadoop-metrics2-reporter/0.1.2/dropwizard-metrics-hadoop-metrics2-reporter-0.1.2.jar:/home/user/.m2/repository/io/dropwizard/metrics/metrics-jvm/3.2.5/metrics-jvm-3.2.5.jar:/home/user/.m2/repository/io/dropwizard/metrics/metrics-ganglia/3.2.5/metrics-ganglia-3.2.5.jar:/home/user/.m2/repository/info/ganglia/gmetric4j/gmetric4j/1.0.7/gmetric4j-1.0.7.jar:/home/user/.m2/repository/org/apache/ratis/ratis-netty/0.5.0-201fc85-SNAPSHOT/ratis-netty-0.5.0-201fc85-SNAPSHOT.jar:/home/user/.m2/repository/org/apache/ratis/ratis-grpc/0.5.0-201fc85-SNAPSHOT/ratis-grpc-0.5.0-201fc85-SNAPSHOT.jar:/home/user/.m2/repository/org/rocksdb/rocksdbjni/6.0.1/rocksdbjni-6.0.1.jar:/home/user/.m2/repository/org/apache/logging/log4j/log4j-api/2.11.0/log4j-api-2.11.0.jar:/home/user/.m2/repository/org/apache/logging/log4j/log4j-core/2.11.0/log4j-core-2.11.0.jar:/home/user/.m2/repository/com/lmax/disruptor/3.4.2/disruptor-3.4.2.jar:/home/user/.m2/repository/org/apache/commons/commons-pool2/2.6.0/commons-pool2-2.6.0.jar:/home/user/.m2/repository/org/bouncycastle/bcpkix-jdk15on/1.60/bcpkix-jdk15on-1.60.jar:/home/user/.m2/repository/commons-validator/commons-validator/1.6/commons-validator-1.6.jar:/home/user/.m2/repository/commons-digester/commons-digester/1.8.1/commons-digester-1.8.1.jar:/home/user/.m2/repository/io/jaegertracing/jaeger-client/0.34.0/jaeger-client-0.34.0.jar:/home/user/.m2/repository/io/jaegertracing/jaeger-thrift/0.34.0/jaeger-thrift-0.34.0.jar:/home/user/.m2/repository/org/apache/thrift/libthrift/0.12.0/libthrift-0.12.0.jar:/home/user/.m2/repository/com/squareup/okhttp3/okhttp/3.9.0/okhttp-3.9.0.jar:/home/user/.m2/repository/com/squareup/okio/okio/1.13.0/okio-1.13.0.jar:/home/user/.m2/repository/io/jaegertracing/jaeger-core/0.34.0/jaeger-core-0.34.0.jar:/home/user/.m2/repository/io/jaegertracing/jaeger-tracerresolver/0.34.0/jaeger-tracerresolver-0.34.0.jar:/home/user/.m2/repository/io/opentracing/contrib/opentracing-tracerresolver/0.1.5/opentracing-tracerresolver-0.1.5.jar:/home/user/.m2/repository/io/opentracing/opentracing-util/0.31.0/opentracing-util-0.31.0.jar:/home/user/.m2/repository/io/opentracing/opentracing-api/0.31.0/opentracing-api-0.31.0.jar:/home/user/.m2/repository/io/opentracing/opentracing-noop/0.31.0/opentracing-noop-0.31.0.jar:/home/user/.m2/repository/org/apache/hadoop/hadoop-hdds-server-framework/0.5.0-SNAPSHOT/hadoop-hdds-server-framework-0.5.0-SNAPSHOT.jar:/home/user/.m2/repository/org/apache/hadoop/hadoop-hdds-container-service/0.5.0-SNAPSHOT/hadoop-hdds-container-service-0.5.0-SNAPSHOT.jar:/home/user/.m2/repository/org/apache/hadoop/hadoop-hdds-client/0.5.0-SNAPSHOT/hadoop-hdds-client-0.5.0-SNAPSHOT.jar:/home/user/.m2/repository/org/apache/hadoop/hadoop-hdds-tools/0.5.0-SNAPSHOT/hadoop-hdds-tools-0.5.0-SNAPSHOT.jar:/home/user/.m2/repository/org/apache/hadoop/hadoop-hdds-server-scm/0.5.0-SNAPSHOT/hadoop-hdds-server-scm-0.5.0-SNAPSHOT.jar:/home/user/.m2/repository/org/apache/hadoop/hadoop-hdds-docs/0.5.0-SNAPSHOT/hadoop-hdds-docs-0.5.0-SNAPSHOT.jar:/home/user/.m2/repository/io/dropwizard/metrics/metrics-core/3.2.4/metrics-core-3.2.4.jar:/home/user/.m2/repository/org/hamcrest/hamcrest-all/1.3/hamcrest-all-1.3.jar:/home/user/.m2/repository/org/bouncycastle/bcprov-jdk15on/1.60/bcprov-jdk15on-1.60.jar:/home/user/.m2/repository/info/picocli/picocli/3.9.6/picocli-3.9.6.jar:/home/user/.m2/repository/com/google/protobuf/protobuf-java/2.5.0/protobuf-java-2.5.0.jar:/home/user/.m2/repository/com/google/guava/guava/11.0.2/guava-11.0.2.jar:/home/user/.m2/repository/org/apache/hadoop/hadoop-ozone-ozone-manager/0.5.0-SNAPSHOT/hadoop-ozone-ozone-manager-0.5.0-SNAPSHOT.jar:/home/user/.m2/repository/org/apache/hadoop/hadoop-minikdc/3.2.0/hadoop-minikdc-3.2.0.jar:/home/user/.m2/repository/commons-io/commons-io/2.5/commons-io-2.5.jar:/home/user/.m2/repository/org/apache/kerby/kerb-simplekdc/1.0.1/kerb-simplekdc-1.0.1.jar:/home/user/.m2/repository/org/apache/kerby/kerb-client/1.0.1/kerb-client-1.0.1.jar:/home/user/.m2/repository/org/apache/kerby/kerby-config/1.0.1/kerby-config-1.0.1.jar:/home/user/.m2/repository/org/apache/kerby/kerb-core/1.0.1/kerb-core-1.0.1.jar:/home/user/.m2/repository/org/apache/kerby/kerby-pkix/1.0.1/kerby-pkix-1.0.1.jar:/home/user/.m2/repository/org/apache/kerby/kerby-asn1/1.0.1/kerby-asn1-1.0.1.jar:/home/user/.m2/repository/org/apache/kerby/kerby-util/1.0.1/kerby-util-1.0.1.jar:/home/user/.m2/repository/org/apache/kerby/kerb-common/1.0.1/kerb-common-1.0.1.jar:/home/user/.m2/repository/org/apache/kerby/kerb-crypto/1.0.1/kerb-crypto-1.0.1.jar:/home/user/.m2/repository/org/apache/kerby/kerb-util/1.0.1/kerb-util-1.0.1.jar:/home/user/.m2/repository/org/apache/kerby/token-provider/1.0.1/token-provider-1.0.1.jar:/home/user/.m2/repository/org/apache/kerby/kerb-admin/1.0.1/kerb-admin-1.0.1.jar:/home/user/.m2/repository/org/apache/kerby/kerb-server/1.0.1/kerb-server-1.0.1.jar:/home/user/.m2/repository/org/apache/kerby/kerb-identity/1.0.1/kerb-identity-1.0.1.jar:/home/user/.m2/repository/org/apache/kerby/kerby-xdr/1.0.1/kerby-xdr-1.0.1.jar:/home/user/.m2/repository/org/slf4j/slf4j-log4j12/1.7.25/slf4j-log4j12-1.7.25.jar:/home/user/.m2/repository/org/apache/hadoop/hadoop-ozone-s3gateway/0.5.0-SNAPSHOT/hadoop-ozone-s3gateway-0.5.0-SNAPSHOT.jar:/home/user/.m2/repository/org/jboss/weld/servlet/weld-servlet/2.4.7.Final/weld-servlet-2.4.7.Final.jar:/home/user/.m2/repository/org/glassfish/jersey/containers/jersey-container-servlet-core/2.27/jersey-container-servlet-core-2.27.jar:/home/user/.m2/repository/org/glassfish/hk2/external/javax.inject/2.5.0-b42/javax.inject-2.5.0-b42.jar:/home/user/.m2/repository/org/glassfish/jersey/core/jersey-common/2.27/jersey-common-2.27.jar:/home/user/.m2/repository/org/glassfish/hk2/osgi-resource-locator/1.0.1/osgi-resource-locator-1.0.1.jar:/home/user/.m2/repository/javax/ws/rs/javax.ws.rs-api/2.1/javax.ws.rs-api-2.1.jar:/home/user/.m2/repository/org/glassfish/jersey/ext/cdi/jersey-cdi1x/2.27/jersey-cdi1x-2.27.jar:/home/user/.m2/repository/org/glassfish/jersey/inject/jersey-hk2/2.27/jersey-hk2-2.27.jar:/home/user/.m2/repository/org/glassfish/hk2/hk2-locator/2.5.0-b42/hk2-locator-2.5.0-b42.jar:/home/user/.m2/repository/org/javassist/javassist/3.22.0-CR2/javassist-3.22.0-CR2.jar:/home/user/.m2/repository/org/glassfish/hk2/hk2-api/2.5.0/hk2-api-2.5.0.jar:/home/user/.m2/repository/org/glassfish/hk2/external/jakarta.inject/2.5.0/jakarta.inject-2.5.0.jar:/home/user/.m2/repository/org/glassfish/hk2/hk2-utils/2.5.0/hk2-utils-2.5.0.jar:/home/user/.m2/repository/jakarta/annotation/jakarta.annotation-api/1.3.4/jakarta.annotation-api-1.3.4.jar:/home/user/.m2/repository/org/glassfish/hk2/external/aopalliance-repackaged/2.5.0/aopalliance-repackaged-2.5.0.jar:/home/user/.m2/repository/com/fasterxml/jackson/dataformat/jackson-dataformat-xml/2.9.0/jackson-dataformat-xml-2.9.0.jar:/home/user/.m2/repository/com/fasterxml/jackson/core/jackson-core/2.9.9/jackson-core-2.9.9.jar:/home/user/.m2/repository/com/fasterxml/jackson/module/jackson-module-jaxb-annotations/2.9.9/jackson-module-jaxb-annotations-2.9.9.jar:/home/user/.m2/repository/javax/enterprise/cdi-api/1.2/cdi-api-1.2.jar:/home/user/.m2/repository/javax/el/javax.el-api/3.0.0/javax.el-api-3.0.0.jar:/home/user/.m2/repository/javax/interceptor/javax.interceptor-api/1.2/javax.interceptor-api-1.2.jar:/home/user/.m2/repository/javax/inject/javax.inject/1/javax.inject-1.jar:/home/user/.m2/repository/com/sun/xml/bind/jaxb-impl/2.3.0.1/jaxb-impl-2.3.0.1.jar:/home/user/.m2/repository/com/sun/xml/bind/jaxb-core/2.3.0.1/jaxb-core-2.3.0.1.jar:/home/user/.m2/repository/javax/xml/bind/jaxb-api/2.3.0/jaxb-api-2.3.0.jar:/home/user/.m2/repository/javax/activation/activation/1.1.1/activation-1.1.1.jar:/home/user/.m2/repository/org/apache/hadoop/hadoop-ozone-csi/0.5.0-SNAPSHOT/hadoop-ozone-csi-0.5.0-SNAPSHOT.jar:/home/user/.m2/repository/com/google/protobuf/protobuf-java-util/3.5.1/protobuf-java-util-3.5.1.jar:/home/user/.m2/repository/org/apache/hadoop/hadoop-hdds-config/0.5.0-SNAPSHOT/hadoop-hdds-config-0.5.0-SNAPSHOT.jar:/home/user/.m2/repository/io/grpc/grpc-netty/1.17.1/grpc-netty-1.17.1.jar:/home/user/.m2/repository/io/grpc/grpc-core/1.17.1/grpc-core-1.17.1.jar:/home/user/.m2/repository/io/grpc/grpc-context/1.17.1/grpc-context-1.17.1.jar:/home/user/.m2/repository/com/google/errorprone/error_prone_annotations/2.2.0/error_prone_annotations-2.2.0.jar:/home/user/.m2/repository/org/codehaus/mojo/animal-sniffer-annotations/1.17/animal-sniffer-annotations-1.17.jar:/home/user/.m2/repository/io/opencensus/opencensus-api/0.17.0/opencensus-api-0.17.0.jar:/home/user/.m2/repository/io/opencensus/opencensus-contrib-grpc-metrics/0.17.0/opencensus-contrib-grpc-metrics-0.17.0.jar:/home/user/.m2/repository/io/netty/netty-codec-http2/4.1.30.Final/netty-codec-http2-4.1.30.Final.jar:/home/user/.m2/repository/io/netty/netty-codec-http/4.1.30.Final/netty-codec-http-4.1.30.Final.jar:/home/user/.m2/repository/io/netty/netty-codec/4.1.30.Final/netty-codec-4.1.30.Final.jar:/home/user/.m2/repository/io/netty/netty-handler/4.1.30.Final/netty-handler-4.1.30.Final.jar:/home/user/.m2/repository/io/netty/netty-handler-proxy/4.1.30.Final/netty-handler-proxy-4.1.30.Final.jar:/home/user/.m2/repository/io/netty/netty-codec-socks/4.1.30.Final/netty-codec-socks-4.1.30.Final.jar:/home/user/.m2/repository/io/netty/netty-transport-native-epoll/4.1.30.Final/netty-transport-native-epoll-4.1.30.Final.jar:/home/user/.m2/repository/io/netty/netty-common/4.1.30.Final/netty-common-4.1.30.Final.jar:/home/user/.m2/repository/io/netty/netty-buffer/4.1.30.Final/netty-buffer-4.1.30.Final.jar:/home/user/.m2/repository/io/netty/netty-transport/4.1.30.Final/netty-transport-4.1.30.Final.jar:/home/user/.m2/repository/io/netty/netty-resolver/4.1.30.Final/netty-resolver-4.1.30.Final.jar:/home/user/.m2/repository/io/netty/netty-transport-native-unix-common/4.1.30.Final/netty-transport-native-unix-common-4.1.30.Final.jar:/home/user/.m2/repository/io/grpc/grpc-protobuf/1.17.1/grpc-protobuf-1.17.1.jar:/home/user/.m2/repository/com/google/api/grpc/proto-google-common-protos/1.0.0/proto-google-common-protos-1.0.0.jar:/home/user/.m2/repository/io/grpc/grpc-protobuf-lite/1.17.1/grpc-protobuf-lite-1.17.1.jar:/home/user/.m2/repository/io/grpc/grpc-stub/1.17.1/grpc-stub-1.17.1.jar:/home/user/.m2/repository/org/apache/hadoop/hadoop-ozone-recon/0.5.0-SNAPSHOT/hadoop-ozone-recon-0.5.0-SNAPSHOT.jar:/home/user/.m2/repository/org/apache/hadoop/hadoop-ozone-reconcodegen/0.5.0-SNAPSHOT/hadoop-ozone-reconcodegen-0.5.0-SNAPSHOT.jar:/home/user/.m2/repository/com/google/inject/extensions/guice-multibindings/4.0/guice-multibindings-4.0.jar:/home/user/.m2/repository/com/google/inject/guice/4.0/guice-4.0.jar:/home/user/.m2/repository/aopalliance/aopalliance/1.0/aopalliance-1.0.jar:/home/user/.m2/repository/com/google/inject/extensions/guice-servlet/4.0/guice-servlet-4.0.jar:/home/user/.m2/repository/org/glassfish/jersey/containers/jersey-container-servlet/2.27/jersey-container-servlet-2.27.jar:/home/user/.m2/repository/org/glassfish/hk2/guice-bridge/2.5.0/guice-bridge-2.5.0.jar:/home/user/.m2/repository/org/glassfish/jersey/core/jersey-server/2.27/jersey-server-2.27.jar:/home/user/.m2/repository/org/glassfish/jersey/core/jersey-client/2.27/jersey-client-2.27.jar:/home/user/.m2/repository/org/glassfish/jersey/media/jersey-media-jaxb/2.27/jersey-media-jaxb-2.27.jar:/home/user/.m2/repository/javax/validation/validation-api/1.1.0.Final/validation-api-1.1.0.Final.jar:/home/user/.m2/repository/org/glassfish/jersey/media/jersey-media-json-jackson/2.27/jersey-media-json-jackson-2.27.jar:/home/user/.m2/repository/org/glassfish/jersey/ext/jersey-entity-filtering/2.27/jersey-entity-filtering-2.27.jar:/home/user/.m2/repository/com/google/inject/extensions/guice-assistedinject/4.0/guice-assistedinject-4.0.jar:/home/user/.m2/repository/org/jooq/jooq/3.11.10/jooq-3.11.10.jar:/home/user/.m2/repository/org/jooq/jooq-meta/3.11.10/jooq-meta-3.11.10.jar:/home/user/.m2/repository/org/jooq/jooq-codegen/3.11.10/jooq-codegen-3.11.10.jar:/home/user/.m2/repository/com/jolbox/bonecp/0.8.0.RELEASE/bonecp-0.8.0.RELEASE.jar:/home/user/.m2/repository/org/xerial/sqlite-jdbc/3.25.2/sqlite-jdbc-3.25.2.jar:/home/user/.m2/repository/org/springframework/spring-jdbc/5.1.3.RELEASE/spring-jdbc-5.1.3.RELEASE.jar:/home/user/.m2/repository/org/springframework/spring-beans/5.1.3.RELEASE/spring-beans-5.1.3.RELEASE.jar:/home/user/.m2/repository/org/springframework/spring-core/5.1.3.RELEASE/spring-core-5.1.3.RELEASE.jar:/home/user/.m2/repository/org/springframework/spring-jcl/5.1.3.RELEASE/spring-jcl-5.1.3.RELEASE.jar:/home/user/.m2/repository/org/springframework/spring-tx/5.1.3.RELEASE/spring-tx-5.1.3.RELEASE.jar:/home/user/.m2/repository/org/apache/hadoop/hadoop-ozone-client/0.5.0-SNAPSHOT/hadoop-ozone-client-0.5.0-SNAPSHOT.jar:/home/user/.m2/repository/commons-lang/commons-lang/2.6/commons-lang-2.6.jar:/home/user/.m2/repository/org/apache/hadoop/hadoop-ozone-ozone-manager/0.5.0-SNAPSHOT/hadoop-ozone-ozone-manager-0.5.0-SNAPSHOT-tests.jar:/home/user/.m2/repository/junit/junit/4.11/junit-4.11.jar:/home/user/.m2/repository/org/hamcrest/hamcrest-core/1.3/hamcrest-core-1.3.jar:/home/user/.m2/repository/org/openjdk/jmh/jmh-core/1.19/jmh-core-1.19.jar:/home/user/.m2/repository/net/sf/jopt-simple/jopt-simple/4.6/jopt-simple-4.6.jar:/home/user/.m2/repository/org/apache/commons/commons-math3/3.1.1/commons-math3-3.1.1.jar:/home/user/.m2/repository/org/openjdk/jmh/jmh-generator-annprocess/1.19/jmh-generator-annprocess-1.19.jar:/home/user/.m2/repository/org/mockito/mockito-all/1.8.5/mockito-all-1.8.5.jar:/home/user/.m2/repository/org/apache/hadoop/hadoop-kms/3.2.0/hadoop-kms-3.2.0.jar:/home/user/.m2/repository/org/apache/hadoop/hadoop-auth/3.2.0/hadoop-auth-3.2.0.jar:/home/user/.m2/repository/com/nimbusds/nimbus-jose-jwt/4.41.1/nimbus-jose-jwt-4.41.1.jar:/home/user/.m2/repository/com/github/stephenc/jcip/jcip-annotations/1.0-1/jcip-annotations-1.0-1.jar:/home/user/.m2/repository/net/minidev/json-smart/2.3/json-smart-2.3.jar:/home/user/.m2/repository/net/minidev/accessors-smart/1.2/accessors-smart-1.2.jar:/home/user/.m2/repository/org/ow2/asm/asm/5.0.4/asm-5.0.4.jar:/home/user/.m2/repository/org/apache/curator/curator-framework/2.12.0/curator-framework-2.12.0.jar:/home/user/.m2/repository/com/sun/jersey/jersey-core/1.19/jersey-core-1.19.jar:/home/user/.m2/repository/javax/ws/rs/jsr311-api/1.1.1/jsr311-api-1.1.1.jar:/home/user/.m2/repository/com/sun/jersey/jersey-server/1.19/jersey-server-1.19.jar:/home/user/.m2/repository/javax/servlet/javax.servlet-api/3.1.0/javax.servlet-api-3.1.0.jar:/home/user/.m2/repository/org/eclipse/jetty/jetty-server/9.3.25.v20180904/jetty-server-9.3.25.v20180904.jar:/home/user/.m2/repository/org/eclipse/jetty/jetty-http/9.3.25.v20180904/jetty-http-9.3.25.v20180904.jar:/home/user/.m2/repository/org/eclipse/jetty/jetty-io/9.3.25.v20180904/jetty-io-9.3.25.v20180904.jar:/home/user/.m2/repository/org/eclipse/jetty/jetty-webapp/9.3.25.v20180904/jetty-webapp-9.3.25.v20180904.jar:/home/user/.m2/repository/org/eclipse/jetty/jetty-xml/9.3.25.v20180904/jetty-xml-9.3.25.v20180904.jar:/home/user/.m2/repository/log4j/log4j/1.2.17/log4j-1.2.17.jar:/home/user/.m2/repository/org/slf4j/slf4j-api/1.7.25/slf4j-api-1.7.25.jar:/home/user/.m2/repository/org/slf4j/jul-to-slf4j/1.7.25/jul-to-slf4j-1.7.25.jar:/home/user/.m2/repository/org/eclipse/jetty/jetty-util/9.3.25.v20180904/jetty-util-9.3.25.v20180904.jar:/home/user/.m2/repository/com/fasterxml/jackson/core/jackson-databind/2.9.9/jackson-databind-2.9.9.jar:/home/user/.m2/repository/org/apache/hadoop/hadoop-kms/3.2.0/hadoop-kms-3.2.0-tests.jar:/home/user/.m2/repository/org/apache/hadoop/hadoop-hdds-server-scm/0.5.0-SNAPSHOT/hadoop-hdds-server-scm-0.5.0-SNAPSHOT-tests.jar:/home/user/.m2/repository/org/apache/hadoop/hadoop-hdds-container-service/0.5.0-SNAPSHOT/hadoop-hdds-container-service-0.5.0-SNAPSHOT-tests.jar:/home/user/.m2/repository/org/yaml/snakeyaml/1.16/snakeyaml-1.16.jar:/home/user/.m2/repository/org/apache/hadoop/hadoop-common/3.2.0/hadoop-common-3.2.0-tests.jar:/home/user/.m2/repository/org/apache/hadoop/hadoop-annotations/3.2.0/hadoop-annotations-3.2.0.jar:/usr/lib/jvm/java-1.8-openjdk/jre/../lib/tools.jar:/home/user/.m2/repository/commons-cli/commons-cli/1.2/commons-cli-1.2.jar:/home/user/.m2/repository/org/apache/httpcomponents/httpclient/4.5.2/httpclient-4.5.2.jar:/home/user/.m2/repository/org/apache/httpcomponents/httpcore/4.4.4/httpcore-4.4.4.jar:/home/user/.m2/repository/commons-codec/commons-codec/1.11/commons-codec-1.11.jar:/home/user/.m2/repository/commons-net/commons-net/3.6/commons-net-3.6.jar:/home/user/.m2/repository/commons-collections/commons-collections/3.2.2/commons-collections-3.2.2.jar:/home/user/.m2/repository/org/eclipse/jetty/jetty-servlet/9.3.25.v20180904/jetty-servlet-9.3.25.v20180904.jar:/home/user/.m2/repository/org/eclipse/jetty/jetty-security/9.3.25.v20180904/jetty-security-9.3.25.v20180904.jar:/home/user/.m2/repository/javax/servlet/jsp/jsp-api/2.1/jsp-api-2.1.jar:/home/user/.m2/repository/com/sun/jersey/jersey-servlet/1.19/jersey-servlet-1.19.jar:/home/user/.m2/repository/com/sun/jersey/jersey-json/1.19/jersey-json-1.19.jar:/home/user/.m2/repository/org/codehaus/jettison/jettison/1.1/jettison-1.1.jar:/home/user/.m2/repository/org/codehaus/jackson/jackson-core-asl/1.9.13/jackson-core-asl-1.9.13.jar:/home/user/.m2/repository/org/codehaus/jackson/jackson-mapper-asl/1.9.13/jackson-mapper-asl-1.9.13.jar:/home/user/.m2/repository/org/codehaus/jackson/jackson-jaxrs/1.9.13/jackson-jaxrs-1.9.13.jar:/home/user/.m2/repository/org/codehaus/jackson/jackson-xc/1.9.13/jackson-xc-1.9.13.jar:/home/user/.m2/repository/commons-logging/commons-logging/1.1.3/commons-logging-1.1.3.jar:/home/user/.m2/repository/commons-beanutils/commons-beanutils/1.9.4/commons-beanutils-1.9.4.jar:/home/user/.m2/repository/org/apache/commons/commons-configuration2/2.1.1/commons-configuration2-2.1.1.jar:/home/user/.m2/repository/org/apache/commons/commons-lang3/3.7/commons-lang3-3.7.jar:/home/user/.m2/repository/org/apache/commons/commons-text/1.4/commons-text-1.4.jar:/home/user/.m2/repository/org/apache/avro/avro/1.7.7/avro-1.7.7.jar:/home/user/.m2/repository/com/thoughtworks/paranamer/paranamer/2.3/paranamer-2.3.jar:/home/user/.m2/repository/org/xerial/snappy/snappy-java/1.0.5/snappy-java-1.0.5.jar:/home/user/.m2/repository/com/google/re2j/re2j/1.1/re2j-1.1.jar:/home/user/.m2/repository/com/google/code/gson/gson/2.2.4/gson-2.2.4.jar:/home/user/.m2/repository/com/jcraft/jsch/0.1.54/jsch-0.1.54.jar:/home/user/.m2/repository/org/apache/curator/curator-client/2.12.0/curator-client-2.12.0.jar:/home/user/.m2/repository/org/apache/curator/curator-recipes/2.12.0/curator-recipes-2.12.0.jar:/home/user/.m2/repository/com/google/code/findbugs/jsr305/3.0.0/jsr305-3.0.0.jar:/home/user/.m2/repository/org/apache/htrace/htrace-core4/4.1.0-incubating/htrace-core4-4.1.0-incubating.jar:/home/user/.m2/repository/org/apache/zookeeper/zookeeper/3.4.13/zookeeper-3.4.13.jar:/home/user/.m2/repository/jline/jline/0.9.94/jline-0.9.94.jar:/home/user/.m2/repository/org/apache/yetus/audience-annotations/0.5.0/audience-annotations-0.5.0.jar:/home/user/.m2/repository/org/codehaus/woodstox/stax2-api/3.1.4/stax2-api-3.1.4.jar:/home/user/.m2/repository/com/fasterxml/woodstox/woodstox-core/5.0.3/woodstox-core-5.0.3.jar:/home/user/.m2/repository/dnsjava/dnsjava/2.1.7/dnsjava-2.1.7.jar:/home/user/.m2/repository/org/apache/hadoop/hadoop-hdfs/3.2.0/hadoop-hdfs-3.2.0-tests.jar:/home/user/.m2/repository/org/eclipse/jetty/jetty-util-ajax/9.3.25.v20180904/jetty-util-ajax-9.3.25.v20180904.jar:/home/user/.m2/repository/commons-daemon/commons-daemon/1.0.13/commons-daemon-1.0.13.jar:/home/user/.m2/repository/io/netty/netty/3.10.5.Final/netty-3.10.5.Final.jar:/home/user/.m2/repository/io/netty/netty-all/4.0.52.Final/netty-all-4.0.52.Final.jar:/home/user/.m2/repository/org/fusesource/leveldbjni/leveldbjni-all/1.8/leveldbjni-all-1.8.jar:"/>
    <property name="java.vm.vendor" value="IcedTea"/>
    <property name="sun.arch.data.model" value="64"/>
    <property name="test.build.dir" value="/workdir/hadoop-ozone/integration-test/target/test-dir"/>
    <property name="test.cache.data" value=""/>
    <property name="java.vendor.url" value="https://icedtea.classpath.org"/>
    <property name="user.timezone" value=""/>
    <property name="java.vm.specification.version" value="1.8"/>
    <property name="os.name" value="Linux"/>
    <property name="test.build.data" value="/workdir/hadoop-ozone/integration-test/target/test-dir"/>
    <property name="user.country" value="US"/>
    <property name="sun.java.launcher" value="SUN_STANDARD"/>
    <property name="sun.boot.library.path" value="/usr/lib/jvm/java-1.8-openjdk/jre/lib/amd64"/>
    <property name="sun.java.command" value="/workdir/hadoop-ozone/integration-test/target/surefire/surefirebooter380807599763100085.jar /workdir/hadoop-ozone/integration-test/target/surefire 2019-10-15T02-53-12_906-jvmRun1 surefire5445383787740082623tmp surefire_64626679256848766595tmp"/>
    <property name="test" value="!TestMiniChaosOzoneCluster"/>
    <property name="surefire.test.class.path" value="/workdir/hadoop-ozone/integration-test/target/test-classes:/workdir/hadoop-ozone/integration-test/target/classes:/home/user/.m2/repository/org/apache/hadoop/hadoop-ozone-common/0.5.0-SNAPSHOT/hadoop-ozone-common-0.5.0-SNAPSHOT.jar:/home/user/.m2/repository/org/apache/commons/commons-compress/1.4.1/commons-compress-1.4.1.jar:/home/user/.m2/repository/org/tukaani/xz/1.0/xz-1.0.jar:/home/user/.m2/repository/org/apache/hadoop/hadoop-common/3.2.0/hadoop-common-3.2.0.jar:/home/user/.m2/repository/org/apache/hadoop/hadoop-hdfs/3.2.0/hadoop-hdfs-3.2.0.jar:/home/user/.m2/repository/org/apache/hadoop/hadoop-hdfs-client/3.2.0/hadoop-hdfs-client-3.2.0.jar:/home/user/.m2/repository/com/fasterxml/jackson/core/jackson-annotations/2.9.9/jackson-annotations-2.9.9.jar:/home/user/.m2/repository/org/apache/hadoop/hadoop-hdds-common/0.5.0-SNAPSHOT/hadoop-hdds-common-0.5.0-SNAPSHOT.jar:/home/user/.m2/repository/javax/annotation/javax.annotation-api/1.2/javax.annotation-api-1.2.jar:/home/user/.m2/repository/org/apache/ratis/ratis-server/0.5.0-201fc85-SNAPSHOT/ratis-server-0.5.0-201fc85-SNAPSHOT.jar:/home/user/.m2/repository/org/apache/ratis/ratis-thirdparty-misc/0.2.0/ratis-thirdparty-misc-0.2.0.jar:/home/user/.m2/repository/org/apache/ratis/ratis-proto/0.5.0-201fc85-SNAPSHOT/ratis-proto-0.5.0-201fc85-SNAPSHOT.jar:/home/user/.m2/repository/org/apache/ratis/ratis-common/0.5.0-201fc85-SNAPSHOT/ratis-common-0.5.0-201fc85-SNAPSHOT.jar:/home/user/.m2/repository/org/apache/ratis/ratis-client/0.5.0-201fc85-SNAPSHOT/ratis-client-0.5.0-201fc85-SNAPSHOT.jar:/home/user/.m2/repository/org/apache/ratis/ratis-metrics/0.5.0-201fc85-SNAPSHOT/ratis-metrics-0.5.0-201fc85-SNAPSHOT.jar:/home/user/.m2/repository/com/github/joshelser/dropwizard-metrics-hadoop-metrics2-reporter/0.1.2/dropwizard-metrics-hadoop-metrics2-reporter-0.1.2.jar:/home/user/.m2/repository/io/dropwizard/metrics/metrics-jvm/3.2.5/metrics-jvm-3.2.5.jar:/home/user/.m2/repository/io/dropwizard/metrics/metrics-ganglia/3.2.5/metrics-ganglia-3.2.5.jar:/home/user/.m2/repository/info/ganglia/gmetric4j/gmetric4j/1.0.7/gmetric4j-1.0.7.jar:/home/user/.m2/repository/org/apache/ratis/ratis-netty/0.5.0-201fc85-SNAPSHOT/ratis-netty-0.5.0-201fc85-SNAPSHOT.jar:/home/user/.m2/repository/org/apache/ratis/ratis-grpc/0.5.0-201fc85-SNAPSHOT/ratis-grpc-0.5.0-201fc85-SNAPSHOT.jar:/home/user/.m2/repository/org/rocksdb/rocksdbjni/6.0.1/rocksdbjni-6.0.1.jar:/home/user/.m2/repository/org/apache/logging/log4j/log4j-api/2.11.0/log4j-api-2.11.0.jar:/home/user/.m2/repository/org/apache/logging/log4j/log4j-core/2.11.0/log4j-core-2.11.0.jar:/home/user/.m2/repository/com/lmax/disruptor/3.4.2/disruptor-3.4.2.jar:/home/user/.m2/repository/org/apache/commons/commons-pool2/2.6.0/commons-pool2-2.6.0.jar:/home/user/.m2/repository/org/bouncycastle/bcpkix-jdk15on/1.60/bcpkix-jdk15on-1.60.jar:/home/user/.m2/repository/commons-validator/commons-validator/1.6/commons-validator-1.6.jar:/home/user/.m2/repository/commons-digester/commons-digester/1.8.1/commons-digester-1.8.1.jar:/home/user/.m2/repository/io/jaegertracing/jaeger-client/0.34.0/jaeger-client-0.34.0.jar:/home/user/.m2/repository/io/jaegertracing/jaeger-thrift/0.34.0/jaeger-thrift-0.34.0.jar:/home/user/.m2/repository/org/apache/thrift/libthrift/0.12.0/libthrift-0.12.0.jar:/home/user/.m2/repository/com/squareup/okhttp3/okhttp/3.9.0/okhttp-3.9.0.jar:/home/user/.m2/repository/com/squareup/okio/okio/1.13.0/okio-1.13.0.jar:/home/user/.m2/repository/io/jaegertracing/jaeger-core/0.34.0/jaeger-core-0.34.0.jar:/home/user/.m2/repository/io/jaegertracing/jaeger-tracerresolver/0.34.0/jaeger-tracerresolver-0.34.0.jar:/home/user/.m2/repository/io/opentracing/contrib/opentracing-tracerresolver/0.1.5/opentracing-tracerresolver-0.1.5.jar:/home/user/.m2/repository/io/opentracing/opentracing-util/0.31.0/opentracing-util-0.31.0.jar:/home/user/.m2/repository/io/opentracing/opentracing-api/0.31.0/opentracing-api-0.31.0.jar:/home/user/.m2/repository/io/opentracing/opentracing-noop/0.31.0/opentracing-noop-0.31.0.jar:/home/user/.m2/repository/org/apache/hadoop/hadoop-hdds-server-framework/0.5.0-SNAPSHOT/hadoop-hdds-server-framework-0.5.0-SNAPSHOT.jar:/home/user/.m2/repository/org/apache/hadoop/hadoop-hdds-container-service/0.5.0-SNAPSHOT/hadoop-hdds-container-service-0.5.0-SNAPSHOT.jar:/home/user/.m2/repository/org/apache/hadoop/hadoop-hdds-client/0.5.0-SNAPSHOT/hadoop-hdds-client-0.5.0-SNAPSHOT.jar:/home/user/.m2/repository/org/apache/hadoop/hadoop-hdds-tools/0.5.0-SNAPSHOT/hadoop-hdds-tools-0.5.0-SNAPSHOT.jar:/home/user/.m2/repository/org/apache/hadoop/hadoop-hdds-server-scm/0.5.0-SNAPSHOT/hadoop-hdds-server-scm-0.5.0-SNAPSHOT.jar:/home/user/.m2/repository/org/apache/hadoop/hadoop-hdds-docs/0.5.0-SNAPSHOT/hadoop-hdds-docs-0.5.0-SNAPSHOT.jar:/home/user/.m2/repository/io/dropwizard/metrics/metrics-core/3.2.4/metrics-core-3.2.4.jar:/home/user/.m2/repository/org/hamcrest/hamcrest-all/1.3/hamcrest-all-1.3.jar:/home/user/.m2/repository/org/bouncycastle/bcprov-jdk15on/1.60/bcprov-jdk15on-1.60.jar:/home/user/.m2/repository/info/picocli/picocli/3.9.6/picocli-3.9.6.jar:/home/user/.m2/repository/com/google/protobuf/protobuf-java/2.5.0/protobuf-java-2.5.0.jar:/home/user/.m2/repository/com/google/guava/guava/11.0.2/guava-11.0.2.jar:/home/user/.m2/repository/org/apache/hadoop/hadoop-ozone-ozone-manager/0.5.0-SNAPSHOT/hadoop-ozone-ozone-manager-0.5.0-SNAPSHOT.jar:/home/user/.m2/repository/org/apache/hadoop/hadoop-minikdc/3.2.0/hadoop-minikdc-3.2.0.jar:/home/user/.m2/repository/commons-io/commons-io/2.5/commons-io-2.5.jar:/home/user/.m2/repository/org/apache/kerby/kerb-simplekdc/1.0.1/kerb-simplekdc-1.0.1.jar:/home/user/.m2/repository/org/apache/kerby/kerb-client/1.0.1/kerb-client-1.0.1.jar:/home/user/.m2/repository/org/apache/kerby/kerby-config/1.0.1/kerby-config-1.0.1.jar:/home/user/.m2/repository/org/apache/kerby/kerb-core/1.0.1/kerb-core-1.0.1.jar:/home/user/.m2/repository/org/apache/kerby/kerby-pkix/1.0.1/kerby-pkix-1.0.1.jar:/home/user/.m2/repository/org/apache/kerby/kerby-asn1/1.0.1/kerby-asn1-1.0.1.jar:/home/user/.m2/repository/org/apache/kerby/kerby-util/1.0.1/kerby-util-1.0.1.jar:/home/user/.m2/repository/org/apache/kerby/kerb-common/1.0.1/kerb-common-1.0.1.jar:/home/user/.m2/repository/org/apache/kerby/kerb-crypto/1.0.1/kerb-crypto-1.0.1.jar:/home/user/.m2/repository/org/apache/kerby/kerb-util/1.0.1/kerb-util-1.0.1.jar:/home/user/.m2/repository/org/apache/kerby/token-provider/1.0.1/token-provider-1.0.1.jar:/home/user/.m2/repository/org/apache/kerby/kerb-admin/1.0.1/kerb-admin-1.0.1.jar:/home/user/.m2/repository/org/apache/kerby/kerb-server/1.0.1/kerb-server-1.0.1.jar:/home/user/.m2/repository/org/apache/kerby/kerb-identity/1.0.1/kerb-identity-1.0.1.jar:/home/user/.m2/repository/org/apache/kerby/kerby-xdr/1.0.1/kerby-xdr-1.0.1.jar:/home/user/.m2/repository/org/slf4j/slf4j-log4j12/1.7.25/slf4j-log4j12-1.7.25.jar:/home/user/.m2/repository/org/apache/hadoop/hadoop-ozone-s3gateway/0.5.0-SNAPSHOT/hadoop-ozone-s3gateway-0.5.0-SNAPSHOT.jar:/home/user/.m2/repository/org/jboss/weld/servlet/weld-servlet/2.4.7.Final/weld-servlet-2.4.7.Final.jar:/home/user/.m2/repository/org/glassfish/jersey/containers/jersey-container-servlet-core/2.27/jersey-container-servlet-core-2.27.jar:/home/user/.m2/repository/org/glassfish/hk2/external/javax.inject/2.5.0-b42/javax.inject-2.5.0-b42.jar:/home/user/.m2/repository/org/glassfish/jersey/core/jersey-common/2.27/jersey-common-2.27.jar:/home/user/.m2/repository/org/glassfish/hk2/osgi-resource-locator/1.0.1/osgi-resource-locator-1.0.1.jar:/home/user/.m2/repository/javax/ws/rs/javax.ws.rs-api/2.1/javax.ws.rs-api-2.1.jar:/home/user/.m2/repository/org/glassfish/jersey/ext/cdi/jersey-cdi1x/2.27/jersey-cdi1x-2.27.jar:/home/user/.m2/repository/org/glassfish/jersey/inject/jersey-hk2/2.27/jersey-hk2-2.27.jar:/home/user/.m2/repository/org/glassfish/hk2/hk2-locator/2.5.0-b42/hk2-locator-2.5.0-b42.jar:/home/user/.m2/repository/org/javassist/javassist/3.22.0-CR2/javassist-3.22.0-CR2.jar:/home/user/.m2/repository/org/glassfish/hk2/hk2-api/2.5.0/hk2-api-2.5.0.jar:/home/user/.m2/repository/org/glassfish/hk2/external/jakarta.inject/2.5.0/jakarta.inject-2.5.0.jar:/home/user/.m2/repository/org/glassfish/hk2/hk2-utils/2.5.0/hk2-utils-2.5.0.jar:/home/user/.m2/repository/jakarta/annotation/jakarta.annotation-api/1.3.4/jakarta.annotation-api-1.3.4.jar:/home/user/.m2/repository/org/glassfish/hk2/external/aopalliance-repackaged/2.5.0/aopalliance-repackaged-2.5.0.jar:/home/user/.m2/repository/com/fasterxml/jackson/dataformat/jackson-dataformat-xml/2.9.0/jackson-dataformat-xml-2.9.0.jar:/home/user/.m2/repository/com/fasterxml/jackson/core/jackson-core/2.9.9/jackson-core-2.9.9.jar:/home/user/.m2/repository/com/fasterxml/jackson/module/jackson-module-jaxb-annotations/2.9.9/jackson-module-jaxb-annotations-2.9.9.jar:/home/user/.m2/repository/javax/enterprise/cdi-api/1.2/cdi-api-1.2.jar:/home/user/.m2/repository/javax/el/javax.el-api/3.0.0/javax.el-api-3.0.0.jar:/home/user/.m2/repository/javax/interceptor/javax.interceptor-api/1.2/javax.interceptor-api-1.2.jar:/home/user/.m2/repository/javax/inject/javax.inject/1/javax.inject-1.jar:/home/user/.m2/repository/com/sun/xml/bind/jaxb-impl/2.3.0.1/jaxb-impl-2.3.0.1.jar:/home/user/.m2/repository/com/sun/xml/bind/jaxb-core/2.3.0.1/jaxb-core-2.3.0.1.jar:/home/user/.m2/repository/javax/xml/bind/jaxb-api/2.3.0/jaxb-api-2.3.0.jar:/home/user/.m2/repository/javax/activation/activation/1.1.1/activation-1.1.1.jar:/home/user/.m2/repository/org/apache/hadoop/hadoop-ozone-csi/0.5.0-SNAPSHOT/hadoop-ozone-csi-0.5.0-SNAPSHOT.jar:/home/user/.m2/repository/com/google/protobuf/protobuf-java-util/3.5.1/protobuf-java-util-3.5.1.jar:/home/user/.m2/repository/org/apache/hadoop/hadoop-hdds-config/0.5.0-SNAPSHOT/hadoop-hdds-config-0.5.0-SNAPSHOT.jar:/home/user/.m2/repository/io/grpc/grpc-netty/1.17.1/grpc-netty-1.17.1.jar:/home/user/.m2/repository/io/grpc/grpc-core/1.17.1/grpc-core-1.17.1.jar:/home/user/.m2/repository/io/grpc/grpc-context/1.17.1/grpc-context-1.17.1.jar:/home/user/.m2/repository/com/google/errorprone/error_prone_annotations/2.2.0/error_prone_annotations-2.2.0.jar:/home/user/.m2/repository/org/codehaus/mojo/animal-sniffer-annotations/1.17/animal-sniffer-annotations-1.17.jar:/home/user/.m2/repository/io/opencensus/opencensus-api/0.17.0/opencensus-api-0.17.0.jar:/home/user/.m2/repository/io/opencensus/opencensus-contrib-grpc-metrics/0.17.0/opencensus-contrib-grpc-metrics-0.17.0.jar:/home/user/.m2/repository/io/netty/netty-codec-http2/4.1.30.Final/netty-codec-http2-4.1.30.Final.jar:/home/user/.m2/repository/io/netty/netty-codec-http/4.1.30.Final/netty-codec-http-4.1.30.Final.jar:/home/user/.m2/repository/io/netty/netty-codec/4.1.30.Final/netty-codec-4.1.30.Final.jar:/home/user/.m2/repository/io/netty/netty-handler/4.1.30.Final/netty-handler-4.1.30.Final.jar:/home/user/.m2/repository/io/netty/netty-handler-proxy/4.1.30.Final/netty-handler-proxy-4.1.30.Final.jar:/home/user/.m2/repository/io/netty/netty-codec-socks/4.1.30.Final/netty-codec-socks-4.1.30.Final.jar:/home/user/.m2/repository/io/netty/netty-transport-native-epoll/4.1.30.Final/netty-transport-native-epoll-4.1.30.Final.jar:/home/user/.m2/repository/io/netty/netty-common/4.1.30.Final/netty-common-4.1.30.Final.jar:/home/user/.m2/repository/io/netty/netty-buffer/4.1.30.Final/netty-buffer-4.1.30.Final.jar:/home/user/.m2/repository/io/netty/netty-transport/4.1.30.Final/netty-transport-4.1.30.Final.jar:/home/user/.m2/repository/io/netty/netty-resolver/4.1.30.Final/netty-resolver-4.1.30.Final.jar:/home/user/.m2/repository/io/netty/netty-transport-native-unix-common/4.1.30.Final/netty-transport-native-unix-common-4.1.30.Final.jar:/home/user/.m2/repository/io/grpc/grpc-protobuf/1.17.1/grpc-protobuf-1.17.1.jar:/home/user/.m2/repository/com/google/api/grpc/proto-google-common-protos/1.0.0/proto-google-common-protos-1.0.0.jar:/home/user/.m2/repository/io/grpc/grpc-protobuf-lite/1.17.1/grpc-protobuf-lite-1.17.1.jar:/home/user/.m2/repository/io/grpc/grpc-stub/1.17.1/grpc-stub-1.17.1.jar:/home/user/.m2/repository/org/apache/hadoop/hadoop-ozone-recon/0.5.0-SNAPSHOT/hadoop-ozone-recon-0.5.0-SNAPSHOT.jar:/home/user/.m2/repository/org/apache/hadoop/hadoop-ozone-reconcodegen/0.5.0-SNAPSHOT/hadoop-ozone-reconcodegen-0.5.0-SNAPSHOT.jar:/home/user/.m2/repository/com/google/inject/extensions/guice-multibindings/4.0/guice-multibindings-4.0.jar:/home/user/.m2/repository/com/google/inject/guice/4.0/guice-4.0.jar:/home/user/.m2/repository/aopalliance/aopalliance/1.0/aopalliance-1.0.jar:/home/user/.m2/repository/com/google/inject/extensions/guice-servlet/4.0/guice-servlet-4.0.jar:/home/user/.m2/repository/org/glassfish/jersey/containers/jersey-container-servlet/2.27/jersey-container-servlet-2.27.jar:/home/user/.m2/repository/org/glassfish/hk2/guice-bridge/2.5.0/guice-bridge-2.5.0.jar:/home/user/.m2/repository/org/glassfish/jersey/core/jersey-server/2.27/jersey-server-2.27.jar:/home/user/.m2/repository/org/glassfish/jersey/core/jersey-client/2.27/jersey-client-2.27.jar:/home/user/.m2/repository/org/glassfish/jersey/media/jersey-media-jaxb/2.27/jersey-media-jaxb-2.27.jar:/home/user/.m2/repository/javax/validation/validation-api/1.1.0.Final/validation-api-1.1.0.Final.jar:/home/user/.m2/repository/org/glassfish/jersey/media/jersey-media-json-jackson/2.27/jersey-media-json-jackson-2.27.jar:/home/user/.m2/repository/org/glassfish/jersey/ext/jersey-entity-filtering/2.27/jersey-entity-filtering-2.27.jar:/home/user/.m2/repository/com/google/inject/extensions/guice-assistedinject/4.0/guice-assistedinject-4.0.jar:/home/user/.m2/repository/org/jooq/jooq/3.11.10/jooq-3.11.10.jar:/home/user/.m2/repository/org/jooq/jooq-meta/3.11.10/jooq-meta-3.11.10.jar:/home/user/.m2/repository/org/jooq/jooq-codegen/3.11.10/jooq-codegen-3.11.10.jar:/home/user/.m2/repository/com/jolbox/bonecp/0.8.0.RELEASE/bonecp-0.8.0.RELEASE.jar:/home/user/.m2/repository/org/xerial/sqlite-jdbc/3.25.2/sqlite-jdbc-3.25.2.jar:/home/user/.m2/repository/org/springframework/spring-jdbc/5.1.3.RELEASE/spring-jdbc-5.1.3.RELEASE.jar:/home/user/.m2/repository/org/springframework/spring-beans/5.1.3.RELEASE/spring-beans-5.1.3.RELEASE.jar:/home/user/.m2/repository/org/springframework/spring-core/5.1.3.RELEASE/spring-core-5.1.3.RELEASE.jar:/home/user/.m2/repository/org/springframework/spring-jcl/5.1.3.RELEASE/spring-jcl-5.1.3.RELEASE.jar:/home/user/.m2/repository/org/springframework/spring-tx/5.1.3.RELEASE/spring-tx-5.1.3.RELEASE.jar:/home/user/.m2/repository/org/apache/hadoop/hadoop-ozone-client/0.5.0-SNAPSHOT/hadoop-ozone-client-0.5.0-SNAPSHOT.jar:/home/user/.m2/repository/commons-lang/commons-lang/2.6/commons-lang-2.6.jar:/home/user/.m2/repository/org/apache/hadoop/hadoop-ozone-ozone-manager/0.5.0-SNAPSHOT/hadoop-ozone-ozone-manager-0.5.0-SNAPSHOT-tests.jar:/home/user/.m2/repository/junit/junit/4.11/junit-4.11.jar:/home/user/.m2/repository/org/hamcrest/hamcrest-core/1.3/hamcrest-core-1.3.jar:/home/user/.m2/repository/org/openjdk/jmh/jmh-core/1.19/jmh-core-1.19.jar:/home/user/.m2/repository/net/sf/jopt-simple/jopt-simple/4.6/jopt-simple-4.6.jar:/home/user/.m2/repository/org/apache/commons/commons-math3/3.1.1/commons-math3-3.1.1.jar:/home/user/.m2/repository/org/openjdk/jmh/jmh-generator-annprocess/1.19/jmh-generator-annprocess-1.19.jar:/home/user/.m2/repository/org/mockito/mockito-all/1.8.5/mockito-all-1.8.5.jar:/home/user/.m2/repository/org/apache/hadoop/hadoop-kms/3.2.0/hadoop-kms-3.2.0.jar:/home/user/.m2/repository/org/apache/hadoop/hadoop-auth/3.2.0/hadoop-auth-3.2.0.jar:/home/user/.m2/repository/com/nimbusds/nimbus-jose-jwt/4.41.1/nimbus-jose-jwt-4.41.1.jar:/home/user/.m2/repository/com/github/stephenc/jcip/jcip-annotations/1.0-1/jcip-annotations-1.0-1.jar:/home/user/.m2/repository/net/minidev/json-smart/2.3/json-smart-2.3.jar:/home/user/.m2/repository/net/minidev/accessors-smart/1.2/accessors-smart-1.2.jar:/home/user/.m2/repository/org/ow2/asm/asm/5.0.4/asm-5.0.4.jar:/home/user/.m2/repository/org/apache/curator/curator-framework/2.12.0/curator-framework-2.12.0.jar:/home/user/.m2/repository/com/sun/jersey/jersey-core/1.19/jersey-core-1.19.jar:/home/user/.m2/repository/javax/ws/rs/jsr311-api/1.1.1/jsr311-api-1.1.1.jar:/home/user/.m2/repository/com/sun/jersey/jersey-server/1.19/jersey-server-1.19.jar:/home/user/.m2/repository/javax/servlet/javax.servlet-api/3.1.0/javax.servlet-api-3.1.0.jar:/home/user/.m2/repository/org/eclipse/jetty/jetty-server/9.3.25.v20180904/jetty-server-9.3.25.v20180904.jar:/home/user/.m2/repository/org/eclipse/jetty/jetty-http/9.3.25.v20180904/jetty-http-9.3.25.v20180904.jar:/home/user/.m2/repository/org/eclipse/jetty/jetty-io/9.3.25.v20180904/jetty-io-9.3.25.v20180904.jar:/home/user/.m2/repository/org/eclipse/jetty/jetty-webapp/9.3.25.v20180904/jetty-webapp-9.3.25.v20180904.jar:/home/user/.m2/repository/org/eclipse/jetty/jetty-xml/9.3.25.v20180904/jetty-xml-9.3.25.v20180904.jar:/home/user/.m2/repository/log4j/log4j/1.2.17/log4j-1.2.17.jar:/home/user/.m2/repository/org/slf4j/slf4j-api/1.7.25/slf4j-api-1.7.25.jar:/home/user/.m2/repository/org/slf4j/jul-to-slf4j/1.7.25/jul-to-slf4j-1.7.25.jar:/home/user/.m2/repository/org/eclipse/jetty/jetty-util/9.3.25.v20180904/jetty-util-9.3.25.v20180904.jar:/home/user/.m2/repository/com/fasterxml/jackson/core/jackson-databind/2.9.9/jackson-databind-2.9.9.jar:/home/user/.m2/repository/org/apache/hadoop/hadoop-kms/3.2.0/hadoop-kms-3.2.0-tests.jar:/home/user/.m2/repository/org/apache/hadoop/hadoop-hdds-server-scm/0.5.0-SNAPSHOT/hadoop-hdds-server-scm-0.5.0-SNAPSHOT-tests.jar:/home/user/.m2/repository/org/apache/hadoop/hadoop-hdds-container-service/0.5.0-SNAPSHOT/hadoop-hdds-container-service-0.5.0-SNAPSHOT-tests.jar:/home/user/.m2/repository/org/yaml/snakeyaml/1.16/snakeyaml-1.16.jar:/home/user/.m2/repository/org/apache/hadoop/hadoop-common/3.2.0/hadoop-common-3.2.0-tests.jar:/home/user/.m2/repository/org/apache/hadoop/hadoop-annotations/3.2.0/hadoop-annotations-3.2.0.jar:/usr/lib/jvm/java-1.8-openjdk/jre/../lib/tools.jar:/home/user/.m2/repository/commons-cli/commons-cli/1.2/commons-cli-1.2.jar:/home/user/.m2/repository/org/apache/httpcomponents/httpclient/4.5.2/httpclient-4.5.2.jar:/home/user/.m2/repository/org/apache/httpcomponents/httpcore/4.4.4/httpcore-4.4.4.jar:/home/user/.m2/repository/commons-codec/commons-codec/1.11/commons-codec-1.11.jar:/home/user/.m2/repository/commons-net/commons-net/3.6/commons-net-3.6.jar:/home/user/.m2/repository/commons-collections/commons-collections/3.2.2/commons-collections-3.2.2.jar:/home/user/.m2/repository/org/eclipse/jetty/jetty-servlet/9.3.25.v20180904/jetty-servlet-9.3.25.v20180904.jar:/home/user/.m2/repository/org/eclipse/jetty/jetty-security/9.3.25.v20180904/jetty-security-9.3.25.v20180904.jar:/home/user/.m2/repository/javax/servlet/jsp/jsp-api/2.1/jsp-api-2.1.jar:/home/user/.m2/repository/com/sun/jersey/jersey-servlet/1.19/jersey-servlet-1.19.jar:/home/user/.m2/repository/com/sun/jersey/jersey-json/1.19/jersey-json-1.19.jar:/home/user/.m2/repository/org/codehaus/jettison/jettison/1.1/jettison-1.1.jar:/home/user/.m2/repository/org/codehaus/jackson/jackson-core-asl/1.9.13/jackson-core-asl-1.9.13.jar:/home/user/.m2/repository/org/codehaus/jackson/jackson-mapper-asl/1.9.13/jackson-mapper-asl-1.9.13.jar:/home/user/.m2/repository/org/codehaus/jackson/jackson-jaxrs/1.9.13/jackson-jaxrs-1.9.13.jar:/home/user/.m2/repository/org/codehaus/jackson/jackson-xc/1.9.13/jackson-xc-1.9.13.jar:/home/user/.m2/repository/commons-logging/commons-logging/1.1.3/commons-logging-1.1.3.jar:/home/user/.m2/repository/commons-beanutils/commons-beanutils/1.9.4/commons-beanutils-1.9.4.jar:/home/user/.m2/repository/org/apache/commons/commons-configuration2/2.1.1/commons-configuration2-2.1.1.jar:/home/user/.m2/repository/org/apache/commons/commons-lang3/3.7/commons-lang3-3.7.jar:/home/user/.m2/repository/org/apache/commons/commons-text/1.4/commons-text-1.4.jar:/home/user/.m2/repository/org/apache/avro/avro/1.7.7/avro-1.7.7.jar:/home/user/.m2/repository/com/thoughtworks/paranamer/paranamer/2.3/paranamer-2.3.jar:/home/user/.m2/repository/org/xerial/snappy/snappy-java/1.0.5/snappy-java-1.0.5.jar:/home/user/.m2/repository/com/google/re2j/re2j/1.1/re2j-1.1.jar:/home/user/.m2/repository/com/google/code/gson/gson/2.2.4/gson-2.2.4.jar:/home/user/.m2/repository/com/jcraft/jsch/0.1.54/jsch-0.1.54.jar:/home/user/.m2/repository/org/apache/curator/curator-client/2.12.0/curator-client-2.12.0.jar:/home/user/.m2/repository/org/apache/curator/curator-recipes/2.12.0/curator-recipes-2.12.0.jar:/home/user/.m2/repository/com/google/code/findbugs/jsr305/3.0.0/jsr305-3.0.0.jar:/home/user/.m2/repository/org/apache/htrace/htrace-core4/4.1.0-incubating/htrace-core4-4.1.0-incubating.jar:/home/user/.m2/repository/org/apache/zookeeper/zookeeper/3.4.13/zookeeper-3.4.13.jar:/home/user/.m2/repository/jline/jline/0.9.94/jline-0.9.94.jar:/home/user/.m2/repository/org/apache/yetus/audience-annotations/0.5.0/audience-annotations-0.5.0.jar:/home/user/.m2/repository/org/codehaus/woodstox/stax2-api/3.1.4/stax2-api-3.1.4.jar:/home/user/.m2/repository/com/fasterxml/woodstox/woodstox-core/5.0.3/woodstox-core-5.0.3.jar:/home/user/.m2/repository/dnsjava/dnsjava/2.1.7/dnsjava-2.1.7.jar:/home/user/.m2/repository/org/apache/hadoop/hadoop-hdfs/3.2.0/hadoop-hdfs-3.2.0-tests.jar:/home/user/.m2/repository/org/eclipse/jetty/jetty-util-ajax/9.3.25.v20180904/jetty-util-ajax-9.3.25.v20180904.jar:/home/user/.m2/repository/commons-daemon/commons-daemon/1.0.13/commons-daemon-1.0.13.jar:/home/user/.m2/repository/io/netty/netty/3.10.5.Final/netty-3.10.5.Final.jar:/home/user/.m2/repository/io/netty/netty-all/4.0.52.Final/netty-all-4.0.52.Final.jar:/home/user/.m2/repository/org/fusesource/leveldbjni/leveldbjni-all/1.8/leveldbjni-all-1.8.jar:"/>
    <property name="sun.cpu.endian" value="little"/>
    <property name="user.home" value="/home/user"/>
    <property name="user.language" value="en"/>
    <property name="java.specification.vendor" value="Oracle Corporation"/>
    <property name="java.home" value="/usr/lib/jvm/java-1.8-openjdk/jre"/>
    <property name="surefire.excludesFile" value="/tools/ozone-bad-unit-tests"/>
    <property name="java.security.krb5.conf" value="/workdir/hadoop-ozone/integration-test/target/test-classes/krb5.conf"/>
    <property name="basedir" value="/workdir/hadoop-ozone/integration-test"/>
    <property name="file.separator" value="/"/>
    <property name="line.separator" value="&#10;"/>
    <property name="java.vm.specification.vendor" value="Oracle Corporation"/>
    <property name="java.specification.name" value="Java Platform API Specification"/>
    <property name="java.awt.graphicsenv" value="sun.awt.X11GraphicsEnvironment"/>
    <property name="surefire.real.class.path" value="/workdir/hadoop-ozone/integration-test/target/surefire/surefirebooter380807599763100085.jar"/>
    <property name="hadoop.log.dir" value="/workdir/hadoop-ozone/integration-test/target/log"/>
    <property name="sun.boot.class.path" value="/usr/lib/jvm/java-1.8-openjdk/jre/lib/resources.jar:/usr/lib/jvm/java-1.8-openjdk/jre/lib/rt.jar:/usr/lib/jvm/java-1.8-openjdk/jre/lib/sunrsasign.jar:/usr/lib/jvm/java-1.8-openjdk/jre/lib/jsse.jar:/usr/lib/jvm/java-1.8-openjdk/jre/lib/jce.jar:/usr/lib/jvm/java-1.8-openjdk/jre/lib/charsets.jar:/usr/lib/jvm/java-1.8-openjdk/jre/lib/jfr.jar:/usr/lib/jvm/java-1.8-openjdk/jre/classes"/>
    <property name="sun.management.compiler" value="HotSpot 64-Bit Tiered Compilers"/>
    <property name="java.runtime.version" value="1.8.0_212-b04"/>
    <property name="java.net.preferIPv4Stack" value="true"/>
    <property name="user.name" value="jenkins1000"/>
    <property name="path.separator" value=":"/>
    <property name="java.security.egd" value="file:///dev/urandom"/>
    <property name="os.version" value="3.10.0-957.12.2.el7.x86_64"/>
    <property name="java.endorsed.dirs" value="/usr/lib/jvm/java-1.8-openjdk/jre/lib/endorsed"/>
    <property name="java.runtime.name" value="OpenJDK Runtime Environment"/>
    <property name="file.encoding" value="UTF-8"/>
    <property name="java.vm.name" value="OpenJDK 64-Bit Server VM"/>
    <property name="test.build.webapps" value=""/>
    <property name="localRepository" value="/home/user/.m2/repository"/>
    <property name="java.vendor.url.bug" value="https://icedtea.classpath.org/bugzilla"/>
    <property name="java.io.tmpdir" value="/tmp"/>
    <property name="require.test.libhadoop" value=""/>
    <property name="java.version" value="1.8.0_212"/>
    <property name="user.dir" value="/workdir/hadoop-ozone/integration-test"/>
    <property name="os.arch" value="amd64"/>
    <property name="java.vm.specification.name" value="Java Virtual Machine Specification"/>
    <property name="test.build.classes" value="/workdir/hadoop-ozone/integration-test/target/test-classes"/>
    <property name="java.awt.printerjob" value="sun.print.PSPrinterJob"/>
    <property name="sun.os.patch.level" value="unknown"/>
    <property name="hadoop.tmp.dir" value="/workdir/hadoop-ozone/integration-test/target/tmp"/>
    <property name="java.library.path" value="/usr/lib/jvm/java-1.8-openjdk/jre/lib/amd64/server:/usr/lib/jvm/java-1.8-openjdk/jre/lib/amd64:/usr/lib/jvm/java-1.8-openjdk/jre/../lib/amd64:/workdir/hadoop-ozone/integration-test/target/native/target/usr/local/lib:/workdir/hadoop-ozone/integration-test/../../hadoop-common-project/hadoop-common/target/native/target/usr/local/lib:/usr/java/packages/lib/amd64:/usr/lib64:/lib64:/lib:/usr/lib"/>
    <property name="java.vm.info" value="mixed mode"/>
    <property name="java.vendor" value="IcedTea"/>
    <property name="java.vm.version" value="25.212-b04"/>
    <property name="java.ext.dirs" value="/usr/lib/jvm/java-1.8-openjdk/jre/lib/ext:/usr/java/packages/lib/ext"/>
    <property name="sun.io.unicode.encoding" value="UnicodeLittle"/>
    <property name="java.class.version" value="52.0"/>
  </properties>
  <testcase name="test2DatanodesFailure" classname="org.apache.hadoop.ozone.client.rpc.TestBlockOutputStreamWithFailures" time="47.238">
    <error message="Allocated 0 blocks. Requested 1 blocks" type="INTERNAL_ERROR org.apache.hadoop.ozone.om.exceptions.OMException">INTERNAL_ERROR org.apache.hadoop.ozone.om.exceptions.OMException: Allocated 0 blocks. Requested 1 blocks
	at org.apache.hadoop.ozone.om.protocolPB.OzoneManagerProtocolClientSideTranslatorPB.handleError(OzoneManagerProtocolClientSideTranslatorPB.java:732)
	at org.apache.hadoop.ozone.om.protocolPB.OzoneManagerProtocolClientSideTranslatorPB.allocateBlock(OzoneManagerProtocolClientSideTranslatorPB.java:764)
	at sun.reflect.NativeMethodAccessorImpl.invoke0(Native Method)
	at sun.reflect.NativeMethodAccessorImpl.invoke(NativeMethodAccessorImpl.java:62)
	at sun.reflect.DelegatingMethodAccessorImpl.invoke(DelegatingMethodAccessorImpl.java:43)
	at java.lang.reflect.Method.invoke(Method.java:498)
	at org.apache.hadoop.hdds.tracing.TraceAllMethod.invoke(TraceAllMethod.java:66)
	at com.sun.proxy.$Proxy37.allocateBlock(Unknown Source)
	at org.apache.hadoop.ozone.client.io.BlockOutputStreamEntryPool.allocateNewBlock(BlockOutputStreamEntryPool.java:258)
	at org.apache.hadoop.ozone.client.io.BlockOutputStreamEntryPool.allocateBlockIfNeeded(BlockOutputStreamEntryPool.java:306)
	at org.apache.hadoop.ozone.client.io.KeyOutputStream.handleWrite(KeyOutputStream.java:198)
	at org.apache.hadoop.ozone.client.io.KeyOutputStream.handleRetry(KeyOutputStream.java:375)
	at org.apache.hadoop.ozone.client.io.KeyOutputStream.handleException(KeyOutputStream.java:324)
	at org.apache.hadoop.ozone.client.io.KeyOutputStream.handleFlushOrClose(KeyOutputStream.java:449)
	at org.apache.hadoop.ozone.client.io.KeyOutputStream.flush(KeyOutputStream.java:397)
	at org.apache.hadoop.ozone.client.io.OzoneOutputStream.flush(OzoneOutputStream.java:54)
	at org.apache.hadoop.ozone.client.rpc.TestBlockOutputStreamWithFailures.test2DatanodesFailure(TestBlockOutputStreamWithFailures.java:502)
	at sun.reflect.NativeMethodAccessorImpl.invoke0(Native Method)
	at sun.reflect.NativeMethodAccessorImpl.invoke(NativeMethodAccessorImpl.java:62)
	at sun.reflect.DelegatingMethodAccessorImpl.invoke(DelegatingMethodAccessorImpl.java:43)
	at java.lang.reflect.Method.invoke(Method.java:498)
	at org.junit.runners.model.FrameworkMethod$1.runReflectiveCall(FrameworkMethod.java:47)
	at org.junit.internal.runners.model.ReflectiveCallable.run(ReflectiveCallable.java:12)
	at org.junit.runners.model.FrameworkMethod.invokeExplosively(FrameworkMethod.java:44)
	at org.junit.internal.runners.statements.InvokeMethod.evaluate(InvokeMethod.java:17)
	at org.junit.internal.runners.statements.RunBefores.evaluate(RunBefores.java:26)
	at org.junit.internal.runners.statements.RunAfters.evaluate(RunAfters.java:27)
	at org.junit.runners.ParentRunner.runLeaf(ParentRunner.java:271)
	at org.junit.runners.BlockJUnit4ClassRunner.runChild(BlockJUnit4ClassRunner.java:70)
	at org.junit.runners.BlockJUnit4ClassRunner.runChild(BlockJUnit4ClassRunner.java:50)
	at org.junit.runners.ParentRunner$3.run(ParentRunner.java:238)
	at org.junit.runners.ParentRunner$1.schedule(ParentRunner.java:63)
	at org.junit.runners.ParentRunner.runChildren(ParentRunner.java:236)
	at org.junit.runners.ParentRunner.access$000(ParentRunner.java:53)
	at org.junit.runners.ParentRunner$2.evaluate(ParentRunner.java:229)
	at org.junit.runners.ParentRunner.run(ParentRunner.java:309)
	at org.apache.maven.surefire.junit4.JUnit4Provider.execute(JUnit4Provider.java:365)
	at org.apache.maven.surefire.junit4.JUnit4Provider.executeWithRerun(JUnit4Provider.java:273)
	at org.apache.maven.surefire.junit4.JUnit4Provider.executeTestSet(JUnit4Provider.java:238)
	at org.apache.maven.surefire.junit4.JUnit4Provider.invoke(JUnit4Provider.java:159)
	at org.apache.maven.surefire.booter.ForkedBooter.invokeProviderInSameClassLoader(ForkedBooter.java:384)
	at org.apache.maven.surefire.booter.ForkedBooter.runSuitesInProcess(ForkedBooter.java:345)
	at org.apache.maven.surefire.booter.ForkedBooter.execute(ForkedBooter.java:126)
	at org.apache.maven.surefire.booter.ForkedBooter.main(ForkedBooter.java:418)
</error>
    <system-out><![CDATA[2019-10-15 03:45:57,382 [main] WARN  server.ServerUtils (ServerUtils.java:getScmDbDir(145)) - ozone.scm.db.dirs is not configured. We recommend adding this setting. Falling back to ozone.metadata.dirs instead.
2019-10-15 03:45:57,512 [main] WARN  server.ServerUtils (ServerUtils.java:getScmDbDir(145)) - ozone.scm.db.dirs is not configured. We recommend adding this setting. Falling back to ozone.metadata.dirs instead.
2019-10-15 03:45:57,516 [main] WARN  server.ServerUtils (ServerUtils.java:getScmDbDir(145)) - ozone.scm.db.dirs is not configured. We recommend adding this setting. Falling back to ozone.metadata.dirs instead.
2019-10-15 03:45:57,541 [main] INFO  util.log (Log.java:initialized(192)) - Logging initialized @868ms
2019-10-15 03:45:57,629 [main] INFO  db.DBStoreBuilder (DBStoreBuilder.java:addTable(117)) - using custom profile for table: deletedBlocks
2019-10-15 03:45:57,630 [main] INFO  db.DBStoreBuilder (DBStoreBuilder.java:processTables(168)) - Using default column profile:DBProfile.DISK for Table:deletedBlocks
2019-10-15 03:45:57,630 [main] INFO  db.DBStoreBuilder (DBStoreBuilder.java:addTable(117)) - using custom profile for table: validCerts
2019-10-15 03:45:57,630 [main] INFO  db.DBStoreBuilder (DBStoreBuilder.java:processTables(168)) - Using default column profile:DBProfile.DISK for Table:validCerts
2019-10-15 03:45:57,631 [main] INFO  db.DBStoreBuilder (DBStoreBuilder.java:addTable(117)) - using custom profile for table: revokedCerts
2019-10-15 03:45:57,631 [main] INFO  db.DBStoreBuilder (DBStoreBuilder.java:processTables(168)) - Using default column profile:DBProfile.DISK for Table:revokedCerts
2019-10-15 03:45:57,642 [main] INFO  db.DBStoreBuilder (DBStoreBuilder.java:addTable(117)) - using custom profile for table: default
2019-10-15 03:45:57,642 [main] INFO  db.DBStoreBuilder (DBStoreBuilder.java:processTables(174)) - Using default column profile:DBProfile.DISK for Table:default
2019-10-15 03:45:57,643 [main] INFO  db.DBStoreBuilder (DBStoreBuilder.java:getDbProfile(205)) - Using default options. DBProfile.DISK
2019-10-15 03:45:58,176 [main] INFO  net.NodeSchemaLoader (NodeSchemaLoader.java:loadSchemaFromFile(125)) - Loading file from sun.misc.CompoundEnumeration@28701274
2019-10-15 03:45:58,178 [main] INFO  net.NodeSchemaLoader (NodeSchemaLoader.java:loadSchema(171)) - Loading network topology layer schema file
2019-10-15 03:45:58,250 [main] INFO  node.SCMNodeManager (SCMNodeManager.java:<init>(116)) - Entering startup safe mode.
2019-10-15 03:45:58,322 [main] INFO  algorithms.ContainerPlacementPolicyFactory (ContainerPlacementPolicyFactory.java:getPolicy(57)) - Create container placement policy of type org.apache.hadoop.hdds.scm.container.placement.algorithms.SCMContainerPlacementRandom
2019-10-15 03:45:58,336 [main] WARN  server.ServerUtils (ServerUtils.java:getScmDbDir(145)) - ozone.scm.db.dirs is not configured. We recommend adding this setting. Falling back to ozone.metadata.dirs instead.
2019-10-15 03:45:58,508 [main] INFO  pipeline.SCMPipelineManager (SCMPipelineManager.java:initializePipelineState(132)) - No pipeline exists in current db
2019-10-15 03:45:58,511 [main] WARN  server.ServerUtils (ServerUtils.java:getScmDbDir(145)) - ozone.scm.db.dirs is not configured. We recommend adding this setting. Falling back to ozone.metadata.dirs instead.
2019-10-15 03:45:58,759 [main] WARN  events.EventQueue (EventQueue.java:fireEvent(183)) - No event handler registered for event TypedEvent{payloadType=SafeModeStatus, name='SafeModeStatus'}
2019-10-15 03:45:59,151 [main] INFO  ipc.CallQueueManager (CallQueueManager.java:<init>(84)) - Using callQueue: class java.util.concurrent.LinkedBlockingQueue, queueCapacity: 2000, scheduler: class org.apache.hadoop.ipc.DefaultRpcScheduler, ipcBackoff: false.
2019-10-15 03:45:59,181 [Socket Reader #1 for port 34507] INFO  ipc.Server (Server.java:run(1074)) - Starting Socket Reader #1 for port 34507
2019-10-15 03:45:59,296 [main] INFO  ipc.CallQueueManager (CallQueueManager.java:<init>(84)) - Using callQueue: class java.util.concurrent.LinkedBlockingQueue, queueCapacity: 2000, scheduler: class org.apache.hadoop.ipc.DefaultRpcScheduler, ipcBackoff: false.
2019-10-15 03:45:59,297 [Socket Reader #1 for port 39985] INFO  ipc.Server (Server.java:run(1074)) - Starting Socket Reader #1 for port 39985
2019-10-15 03:45:59,305 [main] INFO  ipc.CallQueueManager (CallQueueManager.java:<init>(84)) - Using callQueue: class java.util.concurrent.LinkedBlockingQueue, queueCapacity: 2000, scheduler: class org.apache.hadoop.ipc.DefaultRpcScheduler, ipcBackoff: false.
2019-10-15 03:45:59,306 [Socket Reader #1 for port 45794] INFO  ipc.Server (Server.java:run(1074)) - Starting Socket Reader #1 for port 45794
2019-10-15 03:45:59,327 [main] INFO  hdfs.DFSUtil (DFSUtil.java:httpServerTemplateForNNAndJN(1641)) - Starting Web-server for scm at: http://0.0.0.0:0
2019-10-15 03:45:59,470 [main] INFO  server.AuthenticationFilter (AuthenticationFilter.java:constructSecretProvider(240)) - Unable to initialize FileSignerSecretProvider, falling back to use random secrets.
2019-10-15 03:45:59,479 [main] WARN  http.HttpRequestLog (HttpRequestLog.java:getRequestLog(97)) - Jetty request log can only be enabled using Log4j
2019-10-15 03:45:59,488 [main] INFO  http.HttpServer2 (HttpServer2.java:addGlobalFilter(975)) - Added global filter 'safety' (class=org.apache.hadoop.http.HttpServer2$QuotingInputFilter)
2019-10-15 03:45:59,491 [main] INFO  http.HttpServer2 (HttpServer2.java:addFilter(948)) - Added filter static_user_filter (class=org.apache.hadoop.http.lib.StaticUserWebFilter$StaticUserFilter) to context scm
2019-10-15 03:45:59,491 [main] INFO  http.HttpServer2 (HttpServer2.java:addFilter(958)) - Added filter static_user_filter (class=org.apache.hadoop.http.lib.StaticUserWebFilter$StaticUserFilter) to context logs
2019-10-15 03:45:59,492 [main] INFO  http.HttpServer2 (HttpServer2.java:addFilter(958)) - Added filter static_user_filter (class=org.apache.hadoop.http.lib.StaticUserWebFilter$StaticUserFilter) to context static
2019-10-15 03:45:59,523 [main] INFO  server.StorageContainerManager (StorageContainerManager.java:start(772)) - StorageContainerLocationProtocol RPC server is listening at /0.0.0.0:45794
2019-10-15 03:45:59,588 [main] WARN  impl.MetricsConfig (MetricsConfig.java:loadFirst(134)) - Cannot locate configuration: tried hadoop-metrics2-storagecontainermanager.properties,hadoop-metrics2.properties
2019-10-15 03:45:59,600 [main] INFO  impl.MetricsSystemImpl (MetricsSystemImpl.java:startTimer(374)) - Scheduled Metric snapshot period at 10 second(s).
2019-10-15 03:45:59,601 [main] INFO  impl.MetricsSystemImpl (MetricsSystemImpl.java:start(191)) - StorageContainerManager metrics system started
2019-10-15 03:45:59,826 [main] INFO  server.SCMClientProtocolServer (SCMClientProtocolServer.java:start(159)) - RPC server for Client  is listening at /0.0.0.0:45794
2019-10-15 03:45:59,826 [IPC Server Responder] INFO  ipc.Server (Server.java:run(1314)) - IPC Server Responder: starting
2019-10-15 03:45:59,827 [IPC Server listener on 45794] INFO  ipc.Server (Server.java:run(1153)) - IPC Server listener on 45794: starting
2019-10-15 03:45:59,829 [main] INFO  server.StorageContainerManager (StorageContainerManager.java:start(782)) - ScmBlockLocationProtocol RPC server is listening at /0.0.0.0:39985
2019-10-15 03:45:59,829 [main] INFO  server.SCMBlockProtocolServer (SCMBlockProtocolServer.java:start(146)) - RPC server for Block Protocol is listening at /0.0.0.0:39985
2019-10-15 03:45:59,830 [IPC Server Responder] INFO  ipc.Server (Server.java:run(1314)) - IPC Server Responder: starting
2019-10-15 03:45:59,830 [IPC Server listener on 39985] INFO  ipc.Server (Server.java:run(1153)) - IPC Server listener on 39985: starting
2019-10-15 03:45:59,832 [main] INFO  server.StorageContainerManager (StorageContainerManager.java:start(786)) - ScmDatanodeProtocl RPC server is listening at /0.0.0.0:34507
2019-10-15 03:45:59,832 [main] INFO  server.SCMDatanodeProtocolServer (SCMDatanodeProtocolServer.java:start(169)) - RPC server for DataNodes is listening at /0.0.0.0:34507
2019-10-15 03:45:59,833 [IPC Server Responder] INFO  ipc.Server (Server.java:run(1314)) - IPC Server Responder: starting
2019-10-15 03:45:59,833 [IPC Server listener on 34507] INFO  ipc.Server (Server.java:run(1153)) - IPC Server listener on 34507: starting
2019-10-15 03:45:59,836 [main] INFO  http.HttpServer2 (HttpServer2.java:bindListener(1191)) - Jetty bound to port 38689
2019-10-15 03:45:59,838 [main] INFO  server.Server (Server.java:doStart(351)) - jetty-9.3.25.v20180904, build timestamp: 2018-09-04T21:11:46Z, git hash: 3ce520221d0240229c862b122d2b06c12a625732
2019-10-15 03:45:59,872 [main] INFO  handler.ContextHandler (ContextHandler.java:doStart(781)) - Started o.e.j.s.ServletContextHandler@7a560583{/logs,file:///workdir/hadoop-ozone/integration-test/target/log,AVAILABLE}
2019-10-15 03:45:59,872 [main] INFO  handler.ContextHandler (ContextHandler.java:doStart(781)) - Started o.e.j.s.ServletContextHandler@53f0a4cb{/static,file:///workdir/hadoop-ozone/integration-test/target/test-classes/webapps/static,AVAILABLE}
2019-10-15 03:45:59,910 [main] INFO  handler.ContextHandler (ContextHandler.java:doStart(781)) - Started o.e.j.w.WebAppContext@6970140a{/,file:///workdir/hadoop-ozone/integration-test/target/test-classes/webapps/scm/,AVAILABLE}{/scm}
2019-10-15 03:45:59,916 [main] INFO  server.AbstractConnector (AbstractConnector.java:doStart(278)) - Started ServerConnector@1c32886a{HTTP/1.1,[http/1.1]}{0.0.0.0:38689}
2019-10-15 03:45:59,916 [main] INFO  server.Server (Server.java:doStart(419)) - Started @3244ms
2019-10-15 03:45:59,918 [main] INFO  impl.MetricsSinkAdapter (MetricsSinkAdapter.java:start(204)) - Sink prometheus started
2019-10-15 03:45:59,919 [main] INFO  impl.MetricsSystemImpl (MetricsSystemImpl.java:registerSink(301)) - Registered sink prometheus
2019-10-15 03:45:59,920 [main] INFO  server.BaseHttpServer (BaseHttpServer.java:updateConnectorAddress(215)) - HTTP server of SCM is listening at http://0.0.0.0:38689
2019-10-15 03:45:59,924 [org.apache.hadoop.util.JvmPauseMonitor$Monitor@62d363ab] INFO  util.JvmPauseMonitor (JvmPauseMonitor.java:run(188)) - Starting JVM pause monitor
2019-10-15 03:45:59,927 [main] WARN  server.ServerUtils (ServerUtils.java:getDBPath(222)) - ozone.om.db.dirs is not configured. We recommend adding this setting. Falling back to ozone.metadata.dirs instead.
2019-10-15 03:46:00,062 [main] INFO  ha.OMHANodeDetails (OMHANodeDetails.java:loadOMHAConfig(190)) - Configuration either no ozone.om.address set. Falling back to the default OM address /127.0.0.1:0
2019-10-15 03:46:00,063 [main] INFO  ha.OMHANodeDetails (OMHANodeDetails.java:getOMNodeDetails(220)) - OM Service ID is not set. Setting it to the default ID: omServiceIdDefault
2019-10-15 03:46:00,064 [main] WARN  server.ServerUtils (ServerUtils.java:getDBPath(222)) - ozone.om.db.dirs is not configured. We recommend adding this setting. Falling back to ozone.metadata.dirs instead.
2019-10-15 03:46:00,065 [main] WARN  server.ServerUtils (ServerUtils.java:getDBPath(222)) - ozone.om.db.dirs is not configured. We recommend adding this setting. Falling back to ozone.metadata.dirs instead.
2019-10-15 03:46:00,712 [main] WARN  server.ServerUtils (ServerUtils.java:getDBPath(222)) - ozone.om.db.dirs is not configured. We recommend adding this setting. Falling back to ozone.metadata.dirs instead.
2019-10-15 03:46:00,720 [main] INFO  db.DBStoreBuilder (DBStoreBuilder.java:addTable(117)) - using custom profile for table: userTable
2019-10-15 03:46:00,721 [main] INFO  db.DBStoreBuilder (DBStoreBuilder.java:processTables(168)) - Using default column profile:DBProfile.DISK for Table:userTable
2019-10-15 03:46:00,721 [main] INFO  db.DBStoreBuilder (DBStoreBuilder.java:addTable(117)) - using custom profile for table: volumeTable
2019-10-15 03:46:00,721 [main] INFO  db.DBStoreBuilder (DBStoreBuilder.java:processTables(168)) - Using default column profile:DBProfile.DISK for Table:volumeTable
2019-10-15 03:46:00,721 [main] INFO  db.DBStoreBuilder (DBStoreBuilder.java:addTable(117)) - using custom profile for table: bucketTable
2019-10-15 03:46:00,722 [main] INFO  db.DBStoreBuilder (DBStoreBuilder.java:processTables(168)) - Using default column profile:DBProfile.DISK for Table:bucketTable
2019-10-15 03:46:00,722 [main] INFO  db.DBStoreBuilder (DBStoreBuilder.java:addTable(117)) - using custom profile for table: keyTable
2019-10-15 03:46:00,722 [main] INFO  db.DBStoreBuilder (DBStoreBuilder.java:processTables(168)) - Using default column profile:DBProfile.DISK for Table:keyTable
2019-10-15 03:46:00,722 [main] INFO  db.DBStoreBuilder (DBStoreBuilder.java:addTable(117)) - using custom profile for table: deletedTable
2019-10-15 03:46:00,723 [main] INFO  db.DBStoreBuilder (DBStoreBuilder.java:processTables(168)) - Using default column profile:DBProfile.DISK for Table:deletedTable
2019-10-15 03:46:00,723 [main] INFO  db.DBStoreBuilder (DBStoreBuilder.java:addTable(117)) - using custom profile for table: openKeyTable
2019-10-15 03:46:00,723 [main] INFO  db.DBStoreBuilder (DBStoreBuilder.java:processTables(168)) - Using default column profile:DBProfile.DISK for Table:openKeyTable
2019-10-15 03:46:00,723 [main] INFO  db.DBStoreBuilder (DBStoreBuilder.java:addTable(117)) - using custom profile for table: s3Table
2019-10-15 03:46:00,724 [main] INFO  db.DBStoreBuilder (DBStoreBuilder.java:processTables(168)) - Using default column profile:DBProfile.DISK for Table:s3Table
2019-10-15 03:46:00,724 [main] INFO  db.DBStoreBuilder (DBStoreBuilder.java:addTable(117)) - using custom profile for table: multipartInfoTable
2019-10-15 03:46:00,724 [main] INFO  db.DBStoreBuilder (DBStoreBuilder.java:processTables(168)) - Using default column profile:DBProfile.DISK for Table:multipartInfoTable
2019-10-15 03:46:00,724 [main] INFO  db.DBStoreBuilder (DBStoreBuilder.java:addTable(117)) - using custom profile for table: dTokenTable
2019-10-15 03:46:00,725 [main] INFO  db.DBStoreBuilder (DBStoreBuilder.java:processTables(168)) - Using default column profile:DBProfile.DISK for Table:dTokenTable
2019-10-15 03:46:00,725 [main] INFO  db.DBStoreBuilder (DBStoreBuilder.java:addTable(117)) - using custom profile for table: s3SecretTable
2019-10-15 03:46:00,725 [main] INFO  db.DBStoreBuilder (DBStoreBuilder.java:processTables(168)) - Using default column profile:DBProfile.DISK for Table:s3SecretTable
2019-10-15 03:46:00,725 [main] INFO  db.DBStoreBuilder (DBStoreBuilder.java:addTable(117)) - using custom profile for table: prefixTable
2019-10-15 03:46:00,726 [main] INFO  db.DBStoreBuilder (DBStoreBuilder.java:processTables(168)) - Using default column profile:DBProfile.DISK for Table:prefixTable
2019-10-15 03:46:00,726 [main] INFO  db.DBStoreBuilder (DBStoreBuilder.java:addTable(117)) - using custom profile for table: default
2019-10-15 03:46:00,726 [main] INFO  db.DBStoreBuilder (DBStoreBuilder.java:processTables(174)) - Using default column profile:DBProfile.DISK for Table:default
2019-10-15 03:46:00,726 [main] INFO  db.DBStoreBuilder (DBStoreBuilder.java:getDbProfile(205)) - Using default options. DBProfile.DISK
2019-10-15 03:46:02,057 [main] INFO  ipc.CallQueueManager (CallQueueManager.java:<init>(84)) - Using callQueue: class java.util.concurrent.LinkedBlockingQueue, queueCapacity: 2000, scheduler: class org.apache.hadoop.ipc.DefaultRpcScheduler, ipcBackoff: false.
2019-10-15 03:46:02,058 [Socket Reader #1 for port 42581] INFO  ipc.Server (Server.java:run(1074)) - Starting Socket Reader #1 for port 42581
2019-10-15 03:46:02,079 [main] INFO  om.OzoneManager (OzoneManager.java:start(1071)) - OzoneManager RPC server is listening at localhost/127.0.0.1:42581
2019-10-15 03:46:02,079 [main] INFO  impl.MetricsSystemImpl (MetricsSystemImpl.java:init(158)) - OzoneManager metrics system started (again)
2019-10-15 03:46:02,089 [IPC Server listener on 42581] INFO  ipc.Server (Server.java:run(1153)) - IPC Server listener on 42581: starting
2019-10-15 03:46:02,089 [IPC Server Responder] INFO  ipc.Server (Server.java:run(1314)) - IPC Server Responder: starting
2019-10-15 03:46:02,096 [main] INFO  hdfs.DFSUtil (DFSUtil.java:httpServerTemplateForNNAndJN(1641)) - Starting Web-server for ozoneManager at: http://0.0.0.0:0
2019-10-15 03:46:02,099 [main] INFO  server.AuthenticationFilter (AuthenticationFilter.java:constructSecretProvider(240)) - Unable to initialize FileSignerSecretProvider, falling back to use random secrets.
2019-10-15 03:46:02,099 [main] WARN  http.HttpRequestLog (HttpRequestLog.java:getRequestLog(97)) - Jetty request log can only be enabled using Log4j
2019-10-15 03:46:02,102 [main] INFO  http.HttpServer2 (HttpServer2.java:addGlobalFilter(975)) - Added global filter 'safety' (class=org.apache.hadoop.http.HttpServer2$QuotingInputFilter)
2019-10-15 03:46:02,103 [main] INFO  http.HttpServer2 (HttpServer2.java:addFilter(948)) - Added filter static_user_filter (class=org.apache.hadoop.http.lib.StaticUserWebFilter$StaticUserFilter) to context ozoneManager
2019-10-15 03:46:02,103 [main] INFO  http.HttpServer2 (HttpServer2.java:addFilter(958)) - Added filter static_user_filter (class=org.apache.hadoop.http.lib.StaticUserWebFilter$StaticUserFilter) to context static
2019-10-15 03:46:02,103 [main] INFO  http.HttpServer2 (HttpServer2.java:addFilter(958)) - Added filter static_user_filter (class=org.apache.hadoop.http.lib.StaticUserWebFilter$StaticUserFilter) to context logs
2019-10-15 03:46:02,106 [main] INFO  http.HttpServer2 (HttpServer2.java:bindListener(1191)) - Jetty bound to port 41923
2019-10-15 03:46:02,106 [main] INFO  server.Server (Server.java:doStart(351)) - jetty-9.3.25.v20180904, build timestamp: 2018-09-04T21:11:46Z, git hash: 3ce520221d0240229c862b122d2b06c12a625732
2019-10-15 03:46:02,108 [main] INFO  handler.ContextHandler (ContextHandler.java:doStart(781)) - Started o.e.j.s.ServletContextHandler@3eed0f5{/logs,file:///workdir/hadoop-ozone/integration-test/target/log,AVAILABLE}
2019-10-15 03:46:02,109 [main] INFO  handler.ContextHandler (ContextHandler.java:doStart(781)) - Started o.e.j.s.ServletContextHandler@2032e725{/static,file:///workdir/hadoop-ozone/integration-test/target/test-classes/webapps/static,AVAILABLE}
2019-10-15 03:46:02,115 [main] INFO  handler.ContextHandler (ContextHandler.java:doStart(781)) - Started o.e.j.w.WebAppContext@660591fb{/,file:///workdir/hadoop-ozone/integration-test/target/test-classes/webapps/ozoneManager/,AVAILABLE}{/ozoneManager}
2019-10-15 03:46:02,116 [main] INFO  server.AbstractConnector (AbstractConnector.java:doStart(278)) - Started ServerConnector@4a55a6e8{HTTP/1.1,[http/1.1]}{0.0.0.0:41923}
2019-10-15 03:46:02,117 [main] INFO  server.Server (Server.java:doStart(419)) - Started @5445ms
2019-10-15 03:46:02,118 [main] WARN  impl.MetricsSystemImpl (MetricsSystemImpl.java:register(276)) - Sink prometheus already exists!
2019-10-15 03:46:02,119 [main] INFO  server.BaseHttpServer (BaseHttpServer.java:updateConnectorAddress(215)) - HTTP server of OZONEMANAGER is listening at http://0.0.0.0:41923
2019-10-15 03:46:02,434 [main] INFO  impl.MetricsSystemImpl (MetricsSystemImpl.java:init(158)) - HddsDatanode metrics system started (again)
2019-10-15 03:46:02,494 [main] INFO  ozone.HddsDatanodeService (HddsDatanodeService.java:start(184)) - HddsDatanodeService host:pr-hdds-2194-5wssm-2368079274 ip:192.168.151.96
2019-10-15 03:46:02,527 [main] INFO  volume.HddsVolume (HddsVolume.java:<init>(176)) - Creating Volume: /workdir/hadoop-ozone/integration-test/target/test-dir/MiniOzoneClusterImpl-b3c4100e-e893-4c02-8028-cfd5e9dd125a/datanode-0/data/containers/hdds of  storage type : DISK and capacity : 1482555576320
2019-10-15 03:46:02,529 [main] INFO  volume.VolumeSet (VolumeSet.java:initializeVolumeSet(170)) - Added Volume : /workdir/hadoop-ozone/integration-test/target/test-dir/MiniOzoneClusterImpl-b3c4100e-e893-4c02-8028-cfd5e9dd125a/datanode-0/data/containers/hdds to VolumeSet
2019-10-15 03:46:02,532 [main] INFO  volume.ThrottledAsyncChecker (ThrottledAsyncChecker.java:schedule(141)) - Scheduling a check for org.apache.hadoop.ozone.container.common.volume.HddsVolume@1f6d27cc
2019-10-15 03:46:02,549 [main] INFO  volume.HddsVolumeChecker (HddsVolumeChecker.java:checkAllVolumes(204)) - Scheduled health check for volume org.apache.hadoop.ozone.container.common.volume.HddsVolume@1f6d27cc
2019-10-15 03:46:02,667 [main] INFO  impl.RaftServerProxy (ConfUtils.java:logGet(43)) - raft.rpc.type = GRPC (default)
2019-10-15 03:46:02,736 [main] INFO  grpc.GrpcFactory (GrpcFactory.java:checkPooledByteBufAllocatorUseCacheForAllThreads(45)) - PERFORMANCE WARNING: useCacheForAllThreads is true that may cause Netty to create a lot garbage objects and, as a result, trigger GC.
	It is recommended to disable useCacheForAllThreads by setting -Dorg.apache.ratis.thirdparty.io.netty.allocator.useCacheForAllThreads=false in command line.
2019-10-15 03:46:02,741 [main] INFO  grpc.GrpcConfigKeys$Server (ConfUtils.java:logGet(43)) - raft.grpc.server.port = 0 (default)
2019-10-15 03:46:02,742 [main] INFO  server.GrpcService (ConfUtils.java:logGet(43)) - raft.grpc.message.size.max = 33570816 (custom)
2019-10-15 03:46:02,744 [main] INFO  server.RaftServerConfigKeys (ConfUtils.java:logGet(43)) - raft.server.log.appender.buffer.byte-limit = 33554432 (custom)
2019-10-15 03:46:02,744 [main] INFO  server.GrpcService (ConfUtils.java:logGet(43)) - raft.grpc.flow.control.window = 1MB (=1048576) (default)
2019-10-15 03:46:02,745 [main] INFO  server.RaftServerConfigKeys (ConfUtils.java:logGet(43)) - raft.server.rpc.request.timeout = 3000ms (default)
2019-10-15 03:46:02,908 [main] INFO  server.RaftServerConfigKeys (ConfUtils.java:logGet(43)) - raft.server.storage.dir = [/workdir/hadoop-ozone/integration-test/target/test-dir/MiniOzoneClusterImpl-b3c4100e-e893-4c02-8028-cfd5e9dd125a/datanode-0/data/ratis] (custom)
2019-10-15 03:46:02,964 [main] INFO  hdfs.DFSUtil (DFSUtil.java:httpServerTemplateForNNAndJN(1641)) - Starting Web-server for hddsDatanode at: http://0.0.0.0:0
2019-10-15 03:46:02,967 [main] INFO  server.AuthenticationFilter (AuthenticationFilter.java:constructSecretProvider(240)) - Unable to initialize FileSignerSecretProvider, falling back to use random secrets.
2019-10-15 03:46:02,968 [main] WARN  http.HttpRequestLog (HttpRequestLog.java:getRequestLog(97)) - Jetty request log can only be enabled using Log4j
2019-10-15 03:46:02,970 [main] INFO  http.HttpServer2 (HttpServer2.java:addGlobalFilter(975)) - Added global filter 'safety' (class=org.apache.hadoop.http.HttpServer2$QuotingInputFilter)
2019-10-15 03:46:02,971 [main] INFO  http.HttpServer2 (HttpServer2.java:addFilter(948)) - Added filter static_user_filter (class=org.apache.hadoop.http.lib.StaticUserWebFilter$StaticUserFilter) to context hddsDatanode
2019-10-15 03:46:02,971 [main] INFO  http.HttpServer2 (HttpServer2.java:addFilter(958)) - Added filter static_user_filter (class=org.apache.hadoop.http.lib.StaticUserWebFilter$StaticUserFilter) to context logs
2019-10-15 03:46:02,972 [main] INFO  http.HttpServer2 (HttpServer2.java:addFilter(958)) - Added filter static_user_filter (class=org.apache.hadoop.http.lib.StaticUserWebFilter$StaticUserFilter) to context static
2019-10-15 03:46:02,973 [main] INFO  http.HttpServer2 (HttpServer2.java:bindListener(1191)) - Jetty bound to port 36730
2019-10-15 03:46:02,973 [main] INFO  server.Server (Server.java:doStart(351)) - jetty-9.3.25.v20180904, build timestamp: 2018-09-04T21:11:46Z, git hash: 3ce520221d0240229c862b122d2b06c12a625732
2019-10-15 03:46:02,975 [main] INFO  handler.ContextHandler (ContextHandler.java:doStart(781)) - Started o.e.j.s.ServletContextHandler@65b97f47{/logs,file:///workdir/hadoop-ozone/integration-test/target/log,AVAILABLE}
2019-10-15 03:46:02,976 [main] INFO  handler.ContextHandler (ContextHandler.java:doStart(781)) - Started o.e.j.s.ServletContextHandler@476fe690{/static,jar:file:/home/user/.m2/repository/org/apache/hadoop/hadoop-hdds-container-service/0.5.0-SNAPSHOT/hadoop-hdds-container-service-0.5.0-SNAPSHOT.jar!/webapps/static,AVAILABLE}
2019-10-15 03:46:03,010 [main] INFO  handler.ContextHandler (ContextHandler.java:doStart(781)) - Started o.e.j.w.WebAppContext@22a6e998{/,file:///tmp/jetty-0.0.0.0-36730-hddsDatanode-_-any-7639280521728986310.dir/webapp/,AVAILABLE}{/hddsDatanode}
2019-10-15 03:46:03,011 [main] INFO  server.AbstractConnector (AbstractConnector.java:doStart(278)) - Started ServerConnector@55e42449{HTTP/1.1,[http/1.1]}{0.0.0.0:36730}
2019-10-15 03:46:03,012 [main] INFO  server.Server (Server.java:doStart(419)) - Started @6339ms
2019-10-15 03:46:03,013 [main] WARN  impl.MetricsSystemImpl (MetricsSystemImpl.java:register(276)) - Sink prometheus already exists!
2019-10-15 03:46:03,013 [main] INFO  server.BaseHttpServer (BaseHttpServer.java:updateConnectorAddress(215)) - HTTP server of HDDSDATANODE is listening at http://0.0.0.0:36730
2019-10-15 03:46:03,015 [main] INFO  impl.MetricsSystemImpl (MetricsSystemImpl.java:init(158)) - HddsDatanode metrics system started (again)
2019-10-15 03:46:03,018 [main] INFO  ozone.HddsDatanodeService (HddsDatanodeService.java:start(184)) - HddsDatanodeService host:pr-hdds-2194-5wssm-2368079274 ip:192.168.151.96
2019-10-15 03:46:03,021 [org.apache.hadoop.util.JvmPauseMonitor$Monitor@46400c99] INFO  util.JvmPauseMonitor (JvmPauseMonitor.java:run(188)) - Starting JVM pause monitor
2019-10-15 03:46:03,026 [main] INFO  volume.HddsVolume (HddsVolume.java:<init>(176)) - Creating Volume: /workdir/hadoop-ozone/integration-test/target/test-dir/MiniOzoneClusterImpl-b3c4100e-e893-4c02-8028-cfd5e9dd125a/datanode-1/data/containers/hdds of  storage type : DISK and capacity : 1482555576320
2019-10-15 03:46:03,027 [main] INFO  volume.VolumeSet (VolumeSet.java:initializeVolumeSet(170)) - Added Volume : /workdir/hadoop-ozone/integration-test/target/test-dir/MiniOzoneClusterImpl-b3c4100e-e893-4c02-8028-cfd5e9dd125a/datanode-1/data/containers/hdds to VolumeSet
2019-10-15 03:46:03,027 [main] INFO  volume.ThrottledAsyncChecker (ThrottledAsyncChecker.java:schedule(141)) - Scheduling a check for org.apache.hadoop.ozone.container.common.volume.HddsVolume@a9f023e
2019-10-15 03:46:03,027 [main] INFO  volume.HddsVolumeChecker (HddsVolumeChecker.java:checkAllVolumes(204)) - Scheduled health check for volume org.apache.hadoop.ozone.container.common.volume.HddsVolume@a9f023e
2019-10-15 03:46:03,041 [main] INFO  impl.RaftServerProxy (ConfUtils.java:logGet(43)) - raft.rpc.type = GRPC (default)
2019-10-15 03:46:03,041 [main] INFO  grpc.GrpcFactory (GrpcFactory.java:checkPooledByteBufAllocatorUseCacheForAllThreads(45)) - PERFORMANCE WARNING: useCacheForAllThreads is true that may cause Netty to create a lot garbage objects and, as a result, trigger GC.
	It is recommended to disable useCacheForAllThreads by setting -Dorg.apache.ratis.thirdparty.io.netty.allocator.useCacheForAllThreads=false in command line.
2019-10-15 03:46:03,042 [main] INFO  grpc.GrpcConfigKeys$Server (ConfUtils.java:logGet(43)) - raft.grpc.server.port = 0 (default)
2019-10-15 03:46:03,042 [main] INFO  server.GrpcService (ConfUtils.java:logGet(43)) - raft.grpc.message.size.max = 33570816 (custom)
2019-10-15 03:46:03,042 [main] INFO  server.RaftServerConfigKeys (ConfUtils.java:logGet(43)) - raft.server.log.appender.buffer.byte-limit = 33554432 (custom)
2019-10-15 03:46:03,042 [main] INFO  server.GrpcService (ConfUtils.java:logGet(43)) - raft.grpc.flow.control.window = 1MB (=1048576) (default)
2019-10-15 03:46:03,043 [main] INFO  server.RaftServerConfigKeys (ConfUtils.java:logGet(43)) - raft.server.rpc.request.timeout = 3000ms (default)
2019-10-15 03:46:03,043 [main] INFO  server.RaftServerConfigKeys (ConfUtils.java:logGet(43)) - raft.server.storage.dir = [/workdir/hadoop-ozone/integration-test/target/test-dir/MiniOzoneClusterImpl-b3c4100e-e893-4c02-8028-cfd5e9dd125a/datanode-1/data/ratis] (custom)
2019-10-15 03:46:03,045 [main] INFO  hdfs.DFSUtil (DFSUtil.java:httpServerTemplateForNNAndJN(1641)) - Starting Web-server for hddsDatanode at: http://0.0.0.0:0
2019-10-15 03:46:03,046 [main] INFO  server.AuthenticationFilter (AuthenticationFilter.java:constructSecretProvider(240)) - Unable to initialize FileSignerSecretProvider, falling back to use random secrets.
2019-10-15 03:46:03,046 [main] WARN  http.HttpRequestLog (HttpRequestLog.java:getRequestLog(97)) - Jetty request log can only be enabled using Log4j
2019-10-15 03:46:03,048 [main] INFO  http.HttpServer2 (HttpServer2.java:addGlobalFilter(975)) - Added global filter 'safety' (class=org.apache.hadoop.http.HttpServer2$QuotingInputFilter)
2019-10-15 03:46:03,049 [main] INFO  http.HttpServer2 (HttpServer2.java:addFilter(948)) - Added filter static_user_filter (class=org.apache.hadoop.http.lib.StaticUserWebFilter$StaticUserFilter) to context hddsDatanode
2019-10-15 03:46:03,049 [main] INFO  http.HttpServer2 (HttpServer2.java:addFilter(958)) - Added filter static_user_filter (class=org.apache.hadoop.http.lib.StaticUserWebFilter$StaticUserFilter) to context static
2019-10-15 03:46:03,049 [main] INFO  http.HttpServer2 (HttpServer2.java:addFilter(958)) - Added filter static_user_filter (class=org.apache.hadoop.http.lib.StaticUserWebFilter$StaticUserFilter) to context logs
2019-10-15 03:46:03,050 [main] INFO  http.HttpServer2 (HttpServer2.java:bindListener(1191)) - Jetty bound to port 37864
2019-10-15 03:46:03,050 [main] INFO  server.Server (Server.java:doStart(351)) - jetty-9.3.25.v20180904, build timestamp: 2018-09-04T21:11:46Z, git hash: 3ce520221d0240229c862b122d2b06c12a625732
2019-10-15 03:46:03,053 [main] INFO  handler.ContextHandler (ContextHandler.java:doStart(781)) - Started o.e.j.s.ServletContextHandler@25ad4f71{/logs,file:///workdir/hadoop-ozone/integration-test/target/log,AVAILABLE}
2019-10-15 03:46:03,054 [main] INFO  handler.ContextHandler (ContextHandler.java:doStart(781)) - Started o.e.j.s.ServletContextHandler@6f94a5a5{/static,jar:file:/home/user/.m2/repository/org/apache/hadoop/hadoop-hdds-container-service/0.5.0-SNAPSHOT/hadoop-hdds-container-service-0.5.0-SNAPSHOT.jar!/webapps/static,AVAILABLE}
2019-10-15 03:46:03,085 [main] INFO  handler.ContextHandler (ContextHandler.java:doStart(781)) - Started o.e.j.w.WebAppContext@522bf64e{/,file:///tmp/jetty-0.0.0.0-37864-hddsDatanode-_-any-6323706833271419262.dir/webapp/,AVAILABLE}{/hddsDatanode}
2019-10-15 03:46:03,086 [main] INFO  server.AbstractConnector (AbstractConnector.java:doStart(278)) - Started ServerConnector@2aff9dff{HTTP/1.1,[http/1.1]}{0.0.0.0:37864}
2019-10-15 03:46:03,087 [main] INFO  server.Server (Server.java:doStart(419)) - Started @6414ms
2019-10-15 03:46:03,087 [main] WARN  impl.MetricsSystemImpl (MetricsSystemImpl.java:register(276)) - Sink prometheus already exists!
2019-10-15 03:46:03,088 [main] INFO  server.BaseHttpServer (BaseHttpServer.java:updateConnectorAddress(215)) - HTTP server of HDDSDATANODE is listening at http://0.0.0.0:37864
2019-10-15 03:46:03,089 [main] INFO  impl.MetricsSystemImpl (MetricsSystemImpl.java:init(158)) - HddsDatanode metrics system started (again)
2019-10-15 03:46:03,091 [org.apache.hadoop.util.JvmPauseMonitor$Monitor@4c55108c] INFO  util.JvmPauseMonitor (JvmPauseMonitor.java:run(188)) - Starting JVM pause monitor
2019-10-15 03:46:03,092 [main] INFO  ozone.HddsDatanodeService (HddsDatanodeService.java:start(184)) - HddsDatanodeService host:pr-hdds-2194-5wssm-2368079274 ip:192.168.151.96
2019-10-15 03:46:03,100 [main] INFO  volume.HddsVolume (HddsVolume.java:<init>(176)) - Creating Volume: /workdir/hadoop-ozone/integration-test/target/test-dir/MiniOzoneClusterImpl-b3c4100e-e893-4c02-8028-cfd5e9dd125a/datanode-2/data/containers/hdds of  storage type : DISK and capacity : 1482555576320
2019-10-15 03:46:03,101 [main] INFO  volume.VolumeSet (VolumeSet.java:initializeVolumeSet(170)) - Added Volume : /workdir/hadoop-ozone/integration-test/target/test-dir/MiniOzoneClusterImpl-b3c4100e-e893-4c02-8028-cfd5e9dd125a/datanode-2/data/containers/hdds to VolumeSet
2019-10-15 03:46:03,101 [main] INFO  volume.ThrottledAsyncChecker (ThrottledAsyncChecker.java:schedule(141)) - Scheduling a check for org.apache.hadoop.ozone.container.common.volume.HddsVolume@4d21c56e
2019-10-15 03:46:03,101 [main] INFO  volume.HddsVolumeChecker (HddsVolumeChecker.java:checkAllVolumes(204)) - Scheduled health check for volume org.apache.hadoop.ozone.container.common.volume.HddsVolume@4d21c56e
2019-10-15 03:46:03,114 [main] INFO  impl.RaftServerProxy (ConfUtils.java:logGet(43)) - raft.rpc.type = GRPC (default)
2019-10-15 03:46:03,114 [main] INFO  grpc.GrpcFactory (GrpcFactory.java:checkPooledByteBufAllocatorUseCacheForAllThreads(45)) - PERFORMANCE WARNING: useCacheForAllThreads is true that may cause Netty to create a lot garbage objects and, as a result, trigger GC.
	It is recommended to disable useCacheForAllThreads by setting -Dorg.apache.ratis.thirdparty.io.netty.allocator.useCacheForAllThreads=false in command line.
2019-10-15 03:46:03,115 [main] INFO  grpc.GrpcConfigKeys$Server (ConfUtils.java:logGet(43)) - raft.grpc.server.port = 0 (default)
2019-10-15 03:46:03,115 [main] INFO  server.GrpcService (ConfUtils.java:logGet(43)) - raft.grpc.message.size.max = 33570816 (custom)
2019-10-15 03:46:03,115 [main] INFO  server.RaftServerConfigKeys (ConfUtils.java:logGet(43)) - raft.server.log.appender.buffer.byte-limit = 33554432 (custom)
2019-10-15 03:46:03,115 [main] INFO  server.GrpcService (ConfUtils.java:logGet(43)) - raft.grpc.flow.control.window = 1MB (=1048576) (default)
2019-10-15 03:46:03,115 [main] INFO  server.RaftServerConfigKeys (ConfUtils.java:logGet(43)) - raft.server.rpc.request.timeout = 3000ms (default)
2019-10-15 03:46:03,116 [main] INFO  server.RaftServerConfigKeys (ConfUtils.java:logGet(43)) - raft.server.storage.dir = [/workdir/hadoop-ozone/integration-test/target/test-dir/MiniOzoneClusterImpl-b3c4100e-e893-4c02-8028-cfd5e9dd125a/datanode-2/data/ratis] (custom)
2019-10-15 03:46:03,118 [main] INFO  hdfs.DFSUtil (DFSUtil.java:httpServerTemplateForNNAndJN(1641)) - Starting Web-server for hddsDatanode at: http://0.0.0.0:0
2019-10-15 03:46:03,119 [main] INFO  server.AuthenticationFilter (AuthenticationFilter.java:constructSecretProvider(240)) - Unable to initialize FileSignerSecretProvider, falling back to use random secrets.
2019-10-15 03:46:03,119 [main] WARN  http.HttpRequestLog (HttpRequestLog.java:getRequestLog(97)) - Jetty request log can only be enabled using Log4j
2019-10-15 03:46:03,121 [main] INFO  http.HttpServer2 (HttpServer2.java:addGlobalFilter(975)) - Added global filter 'safety' (class=org.apache.hadoop.http.HttpServer2$QuotingInputFilter)
2019-10-15 03:46:03,122 [main] INFO  http.HttpServer2 (HttpServer2.java:addFilter(948)) - Added filter static_user_filter (class=org.apache.hadoop.http.lib.StaticUserWebFilter$StaticUserFilter) to context hddsDatanode
2019-10-15 03:46:03,122 [main] INFO  http.HttpServer2 (HttpServer2.java:addFilter(958)) - Added filter static_user_filter (class=org.apache.hadoop.http.lib.StaticUserWebFilter$StaticUserFilter) to context logs
2019-10-15 03:46:03,122 [main] INFO  http.HttpServer2 (HttpServer2.java:addFilter(958)) - Added filter static_user_filter (class=org.apache.hadoop.http.lib.StaticUserWebFilter$StaticUserFilter) to context static
2019-10-15 03:46:03,123 [main] INFO  http.HttpServer2 (HttpServer2.java:bindListener(1191)) - Jetty bound to port 43403
2019-10-15 03:46:03,123 [main] INFO  server.Server (Server.java:doStart(351)) - jetty-9.3.25.v20180904, build timestamp: 2018-09-04T21:11:46Z, git hash: 3ce520221d0240229c862b122d2b06c12a625732
2019-10-15 03:46:03,125 [main] INFO  handler.ContextHandler (ContextHandler.java:doStart(781)) - Started o.e.j.s.ServletContextHandler@10f7c76{/logs,file:///workdir/hadoop-ozone/integration-test/target/log,AVAILABLE}
2019-10-15 03:46:03,125 [main] INFO  handler.ContextHandler (ContextHandler.java:doStart(781)) - Started o.e.j.s.ServletContextHandler@2f2bff16{/static,jar:file:/home/user/.m2/repository/org/apache/hadoop/hadoop-hdds-container-service/0.5.0-SNAPSHOT/hadoop-hdds-container-service-0.5.0-SNAPSHOT.jar!/webapps/static,AVAILABLE}
2019-10-15 03:46:03,148 [Datanode State Machine Thread - 0] INFO  datanode.InitDatanodeState (InitDatanodeState.java:persistContainerDatanodeDetails(140)) - DatanodeDetails is persisted to /workdir/hadoop-ozone/integration-test/target/test-dir/MiniOzoneClusterImpl-b3c4100e-e893-4c02-8028-cfd5e9dd125a/datanode-0/meta/datanode.id
2019-10-15 03:46:03,152 [Datanode State Machine Thread - 0] INFO  datanode.InitDatanodeState (InitDatanodeState.java:persistContainerDatanodeDetails(140)) - DatanodeDetails is persisted to /workdir/hadoop-ozone/integration-test/target/test-dir/MiniOzoneClusterImpl-b3c4100e-e893-4c02-8028-cfd5e9dd125a/datanode-1/meta/datanode.id
2019-10-15 03:46:03,159 [main] INFO  handler.ContextHandler (ContextHandler.java:doStart(781)) - Started o.e.j.w.WebAppContext@7724704f{/,file:///tmp/jetty-0.0.0.0-43403-hddsDatanode-_-any-3719486310136602929.dir/webapp/,AVAILABLE}{/hddsDatanode}
2019-10-15 03:46:03,160 [main] INFO  server.AbstractConnector (AbstractConnector.java:doStart(278)) - Started ServerConnector@3dfa819{HTTP/1.1,[http/1.1]}{0.0.0.0:43403}
2019-10-15 03:46:03,161 [main] INFO  server.Server (Server.java:doStart(419)) - Started @6489ms
2019-10-15 03:46:03,161 [main] WARN  impl.MetricsSystemImpl (MetricsSystemImpl.java:register(276)) - Sink prometheus already exists!
2019-10-15 03:46:03,162 [main] INFO  server.BaseHttpServer (BaseHttpServer.java:updateConnectorAddress(215)) - HTTP server of HDDSDATANODE is listening at http://0.0.0.0:43403
2019-10-15 03:46:03,162 [main] INFO  impl.MetricsSystemImpl (MetricsSystemImpl.java:init(158)) - HddsDatanode metrics system started (again)
2019-10-15 03:46:03,165 [org.apache.hadoop.util.JvmPauseMonitor$Monitor@ade4368] INFO  util.JvmPauseMonitor (JvmPauseMonitor.java:run(188)) - Starting JVM pause monitor
2019-10-15 03:46:03,165 [main] INFO  ozone.HddsDatanodeService (HddsDatanodeService.java:start(184)) - HddsDatanodeService host:pr-hdds-2194-5wssm-2368079274 ip:192.168.151.96
2019-10-15 03:46:03,168 [Datanode State Machine Thread - 0] INFO  datanode.InitDatanodeState (InitDatanodeState.java:persistContainerDatanodeDetails(140)) - DatanodeDetails is persisted to /workdir/hadoop-ozone/integration-test/target/test-dir/MiniOzoneClusterImpl-b3c4100e-e893-4c02-8028-cfd5e9dd125a/datanode-2/meta/datanode.id
2019-10-15 03:46:03,173 [main] INFO  volume.HddsVolume (HddsVolume.java:<init>(176)) - Creating Volume: /workdir/hadoop-ozone/integration-test/target/test-dir/MiniOzoneClusterImpl-b3c4100e-e893-4c02-8028-cfd5e9dd125a/datanode-3/data/containers/hdds of  storage type : DISK and capacity : 1482555576320
2019-10-15 03:46:03,174 [main] INFO  volume.VolumeSet (VolumeSet.java:initializeVolumeSet(170)) - Added Volume : /workdir/hadoop-ozone/integration-test/target/test-dir/MiniOzoneClusterImpl-b3c4100e-e893-4c02-8028-cfd5e9dd125a/datanode-3/data/containers/hdds to VolumeSet
2019-10-15 03:46:03,174 [main] INFO  volume.ThrottledAsyncChecker (ThrottledAsyncChecker.java:schedule(141)) - Scheduling a check for org.apache.hadoop.ozone.container.common.volume.HddsVolume@1305c126
2019-10-15 03:46:03,174 [main] INFO  volume.HddsVolumeChecker (HddsVolumeChecker.java:checkAllVolumes(204)) - Scheduled health check for volume org.apache.hadoop.ozone.container.common.volume.HddsVolume@1305c126
2019-10-15 03:46:03,187 [main] INFO  impl.RaftServerProxy (ConfUtils.java:logGet(43)) - raft.rpc.type = GRPC (default)
2019-10-15 03:46:03,187 [main] INFO  grpc.GrpcFactory (GrpcFactory.java:checkPooledByteBufAllocatorUseCacheForAllThreads(45)) - PERFORMANCE WARNING: useCacheForAllThreads is true that may cause Netty to create a lot garbage objects and, as a result, trigger GC.
	It is recommended to disable useCacheForAllThreads by setting -Dorg.apache.ratis.thirdparty.io.netty.allocator.useCacheForAllThreads=false in command line.
2019-10-15 03:46:03,187 [main] INFO  grpc.GrpcConfigKeys$Server (ConfUtils.java:logGet(43)) - raft.grpc.server.port = 0 (default)
2019-10-15 03:46:03,188 [main] INFO  server.GrpcService (ConfUtils.java:logGet(43)) - raft.grpc.message.size.max = 33570816 (custom)
2019-10-15 03:46:03,188 [main] INFO  server.RaftServerConfigKeys (ConfUtils.java:logGet(43)) - raft.server.log.appender.buffer.byte-limit = 33554432 (custom)
2019-10-15 03:46:03,188 [main] INFO  server.GrpcService (ConfUtils.java:logGet(43)) - raft.grpc.flow.control.window = 1MB (=1048576) (default)
2019-10-15 03:46:03,188 [main] INFO  server.RaftServerConfigKeys (ConfUtils.java:logGet(43)) - raft.server.rpc.request.timeout = 3000ms (default)
2019-10-15 03:46:03,189 [main] INFO  server.RaftServerConfigKeys (ConfUtils.java:logGet(43)) - raft.server.storage.dir = [/workdir/hadoop-ozone/integration-test/target/test-dir/MiniOzoneClusterImpl-b3c4100e-e893-4c02-8028-cfd5e9dd125a/datanode-3/data/ratis] (custom)
2019-10-15 03:46:03,190 [main] INFO  hdfs.DFSUtil (DFSUtil.java:httpServerTemplateForNNAndJN(1641)) - Starting Web-server for hddsDatanode at: http://0.0.0.0:0
2019-10-15 03:46:03,192 [main] INFO  server.AuthenticationFilter (AuthenticationFilter.java:constructSecretProvider(240)) - Unable to initialize FileSignerSecretProvider, falling back to use random secrets.
2019-10-15 03:46:03,192 [main] WARN  http.HttpRequestLog (HttpRequestLog.java:getRequestLog(97)) - Jetty request log can only be enabled using Log4j
2019-10-15 03:46:03,194 [main] INFO  http.HttpServer2 (HttpServer2.java:addGlobalFilter(975)) - Added global filter 'safety' (class=org.apache.hadoop.http.HttpServer2$QuotingInputFilter)
2019-10-15 03:46:03,194 [main] INFO  http.HttpServer2 (HttpServer2.java:addFilter(948)) - Added filter static_user_filter (class=org.apache.hadoop.http.lib.StaticUserWebFilter$StaticUserFilter) to context hddsDatanode
2019-10-15 03:46:03,194 [main] INFO  http.HttpServer2 (HttpServer2.java:addFilter(958)) - Added filter static_user_filter (class=org.apache.hadoop.http.lib.StaticUserWebFilter$StaticUserFilter) to context logs
2019-10-15 03:46:03,195 [main] INFO  http.HttpServer2 (HttpServer2.java:addFilter(958)) - Added filter static_user_filter (class=org.apache.hadoop.http.lib.StaticUserWebFilter$StaticUserFilter) to context static
2019-10-15 03:46:03,195 [main] INFO  http.HttpServer2 (HttpServer2.java:bindListener(1191)) - Jetty bound to port 43351
2019-10-15 03:46:03,196 [main] INFO  server.Server (Server.java:doStart(351)) - jetty-9.3.25.v20180904, build timestamp: 2018-09-04T21:11:46Z, git hash: 3ce520221d0240229c862b122d2b06c12a625732
2019-10-15 03:46:03,199 [main] INFO  handler.ContextHandler (ContextHandler.java:doStart(781)) - Started o.e.j.s.ServletContextHandler@102c577f{/logs,file:///workdir/hadoop-ozone/integration-test/target/log,AVAILABLE}
2019-10-15 03:46:03,199 [main] INFO  handler.ContextHandler (ContextHandler.java:doStart(781)) - Started o.e.j.s.ServletContextHandler@1fb2d5e{/static,jar:file:/home/user/.m2/repository/org/apache/hadoop/hadoop-hdds-container-service/0.5.0-SNAPSHOT/hadoop-hdds-container-service-0.5.0-SNAPSHOT.jar!/webapps/static,AVAILABLE}
2019-10-15 03:46:03,228 [main] INFO  handler.ContextHandler (ContextHandler.java:doStart(781)) - Started o.e.j.w.WebAppContext@45acdd11{/,file:///tmp/jetty-0.0.0.0-43351-hddsDatanode-_-any-6558096321711469068.dir/webapp/,AVAILABLE}{/hddsDatanode}
2019-10-15 03:46:03,229 [main] INFO  server.AbstractConnector (AbstractConnector.java:doStart(278)) - Started ServerConnector@3f0d6038{HTTP/1.1,[http/1.1]}{0.0.0.0:43351}
2019-10-15 03:46:03,229 [main] INFO  server.Server (Server.java:doStart(419)) - Started @6557ms
2019-10-15 03:46:03,229 [main] WARN  impl.MetricsSystemImpl (MetricsSystemImpl.java:register(276)) - Sink prometheus already exists!
2019-10-15 03:46:03,230 [main] INFO  server.BaseHttpServer (BaseHttpServer.java:updateConnectorAddress(215)) - HTTP server of HDDSDATANODE is listening at http://0.0.0.0:43351
2019-10-15 03:46:03,231 [main] INFO  impl.MetricsSystemImpl (MetricsSystemImpl.java:init(158)) - HddsDatanode metrics system started (again)
2019-10-15 03:46:03,234 [main] INFO  ozone.HddsDatanodeService (HddsDatanodeService.java:start(184)) - HddsDatanodeService host:pr-hdds-2194-5wssm-2368079274 ip:192.168.151.96
2019-10-15 03:46:03,234 [org.apache.hadoop.util.JvmPauseMonitor$Monitor@3a4578f7] INFO  util.JvmPauseMonitor (JvmPauseMonitor.java:run(188)) - Starting JVM pause monitor
2019-10-15 03:46:03,238 [Datanode State Machine Thread - 0] INFO  datanode.InitDatanodeState (InitDatanodeState.java:persistContainerDatanodeDetails(140)) - DatanodeDetails is persisted to /workdir/hadoop-ozone/integration-test/target/test-dir/MiniOzoneClusterImpl-b3c4100e-e893-4c02-8028-cfd5e9dd125a/datanode-3/meta/datanode.id
2019-10-15 03:46:03,241 [main] INFO  volume.HddsVolume (HddsVolume.java:<init>(176)) - Creating Volume: /workdir/hadoop-ozone/integration-test/target/test-dir/MiniOzoneClusterImpl-b3c4100e-e893-4c02-8028-cfd5e9dd125a/datanode-4/data/containers/hdds of  storage type : DISK and capacity : 1482555576320
2019-10-15 03:46:03,242 [main] INFO  volume.VolumeSet (VolumeSet.java:initializeVolumeSet(170)) - Added Volume : /workdir/hadoop-ozone/integration-test/target/test-dir/MiniOzoneClusterImpl-b3c4100e-e893-4c02-8028-cfd5e9dd125a/datanode-4/data/containers/hdds to VolumeSet
2019-10-15 03:46:03,242 [main] INFO  volume.ThrottledAsyncChecker (ThrottledAsyncChecker.java:schedule(141)) - Scheduling a check for org.apache.hadoop.ozone.container.common.volume.HddsVolume@1457fde
2019-10-15 03:46:03,243 [main] INFO  volume.HddsVolumeChecker (HddsVolumeChecker.java:checkAllVolumes(204)) - Scheduled health check for volume org.apache.hadoop.ozone.container.common.volume.HddsVolume@1457fde
2019-10-15 03:46:03,255 [main] INFO  impl.RaftServerProxy (ConfUtils.java:logGet(43)) - raft.rpc.type = GRPC (default)
2019-10-15 03:46:03,255 [main] INFO  grpc.GrpcFactory (GrpcFactory.java:checkPooledByteBufAllocatorUseCacheForAllThreads(45)) - PERFORMANCE WARNING: useCacheForAllThreads is true that may cause Netty to create a lot garbage objects and, as a result, trigger GC.
	It is recommended to disable useCacheForAllThreads by setting -Dorg.apache.ratis.thirdparty.io.netty.allocator.useCacheForAllThreads=false in command line.
2019-10-15 03:46:03,255 [main] INFO  grpc.GrpcConfigKeys$Server (ConfUtils.java:logGet(43)) - raft.grpc.server.port = 0 (default)
2019-10-15 03:46:03,256 [main] INFO  server.GrpcService (ConfUtils.java:logGet(43)) - raft.grpc.message.size.max = 33570816 (custom)
2019-10-15 03:46:03,256 [main] INFO  server.RaftServerConfigKeys (ConfUtils.java:logGet(43)) - raft.server.log.appender.buffer.byte-limit = 33554432 (custom)
2019-10-15 03:46:03,256 [main] INFO  server.GrpcService (ConfUtils.java:logGet(43)) - raft.grpc.flow.control.window = 1MB (=1048576) (default)
2019-10-15 03:46:03,256 [main] INFO  server.RaftServerConfigKeys (ConfUtils.java:logGet(43)) - raft.server.rpc.request.timeout = 3000ms (default)
2019-10-15 03:46:03,257 [main] INFO  server.RaftServerConfigKeys (ConfUtils.java:logGet(43)) - raft.server.storage.dir = [/workdir/hadoop-ozone/integration-test/target/test-dir/MiniOzoneClusterImpl-b3c4100e-e893-4c02-8028-cfd5e9dd125a/datanode-4/data/ratis] (custom)
2019-10-15 03:46:03,258 [main] INFO  hdfs.DFSUtil (DFSUtil.java:httpServerTemplateForNNAndJN(1641)) - Starting Web-server for hddsDatanode at: http://0.0.0.0:0
2019-10-15 03:46:03,260 [main] INFO  server.AuthenticationFilter (AuthenticationFilter.java:constructSecretProvider(240)) - Unable to initialize FileSignerSecretProvider, falling back to use random secrets.
2019-10-15 03:46:03,260 [main] WARN  http.HttpRequestLog (HttpRequestLog.java:getRequestLog(97)) - Jetty request log can only be enabled using Log4j
2019-10-15 03:46:03,262 [main] INFO  http.HttpServer2 (HttpServer2.java:addGlobalFilter(975)) - Added global filter 'safety' (class=org.apache.hadoop.http.HttpServer2$QuotingInputFilter)
2019-10-15 03:46:03,262 [main] INFO  http.HttpServer2 (HttpServer2.java:addFilter(948)) - Added filter static_user_filter (class=org.apache.hadoop.http.lib.StaticUserWebFilter$StaticUserFilter) to context hddsDatanode
2019-10-15 03:46:03,263 [main] INFO  http.HttpServer2 (HttpServer2.java:addFilter(958)) - Added filter static_user_filter (class=org.apache.hadoop.http.lib.StaticUserWebFilter$StaticUserFilter) to context logs
2019-10-15 03:46:03,263 [main] INFO  http.HttpServer2 (HttpServer2.java:addFilter(958)) - Added filter static_user_filter (class=org.apache.hadoop.http.lib.StaticUserWebFilter$StaticUserFilter) to context static
2019-10-15 03:46:03,264 [main] INFO  http.HttpServer2 (HttpServer2.java:bindListener(1191)) - Jetty bound to port 38481
2019-10-15 03:46:03,264 [main] INFO  server.Server (Server.java:doStart(351)) - jetty-9.3.25.v20180904, build timestamp: 2018-09-04T21:11:46Z, git hash: 3ce520221d0240229c862b122d2b06c12a625732
2019-10-15 03:46:03,266 [main] INFO  handler.ContextHandler (ContextHandler.java:doStart(781)) - Started o.e.j.s.ServletContextHandler@3204e238{/logs,file:///workdir/hadoop-ozone/integration-test/target/log,AVAILABLE}
2019-10-15 03:46:03,266 [main] INFO  handler.ContextHandler (ContextHandler.java:doStart(781)) - Started o.e.j.s.ServletContextHandler@a5272be{/static,jar:file:/home/user/.m2/repository/org/apache/hadoop/hadoop-hdds-container-service/0.5.0-SNAPSHOT/hadoop-hdds-container-service-0.5.0-SNAPSHOT.jar!/webapps/static,AVAILABLE}
2019-10-15 03:46:03,295 [main] INFO  handler.ContextHandler (ContextHandler.java:doStart(781)) - Started o.e.j.w.WebAppContext@32130e61{/,file:///tmp/jetty-0.0.0.0-38481-hddsDatanode-_-any-9154933856158611278.dir/webapp/,AVAILABLE}{/hddsDatanode}
2019-10-15 03:46:03,295 [main] INFO  server.AbstractConnector (AbstractConnector.java:doStart(278)) - Started ServerConnector@41294371{HTTP/1.1,[http/1.1]}{0.0.0.0:38481}
2019-10-15 03:46:03,297 [main] INFO  server.Server (Server.java:doStart(419)) - Started @6624ms
2019-10-15 03:46:03,297 [main] WARN  impl.MetricsSystemImpl (MetricsSystemImpl.java:register(276)) - Sink prometheus already exists!
2019-10-15 03:46:03,297 [main] INFO  server.BaseHttpServer (BaseHttpServer.java:updateConnectorAddress(215)) - HTTP server of HDDSDATANODE is listening at http://0.0.0.0:38481
2019-10-15 03:46:03,298 [main] INFO  impl.MetricsSystemImpl (MetricsSystemImpl.java:init(158)) - HddsDatanode metrics system started (again)
2019-10-15 03:46:03,301 [main] INFO  ozone.HddsDatanodeService (HddsDatanodeService.java:start(184)) - HddsDatanodeService host:pr-hdds-2194-5wssm-2368079274 ip:192.168.151.96
2019-10-15 03:46:03,301 [org.apache.hadoop.util.JvmPauseMonitor$Monitor@3681da49] INFO  util.JvmPauseMonitor (JvmPauseMonitor.java:run(188)) - Starting JVM pause monitor
2019-10-15 03:46:03,304 [Datanode State Machine Thread - 0] INFO  datanode.InitDatanodeState (InitDatanodeState.java:persistContainerDatanodeDetails(140)) - DatanodeDetails is persisted to /workdir/hadoop-ozone/integration-test/target/test-dir/MiniOzoneClusterImpl-b3c4100e-e893-4c02-8028-cfd5e9dd125a/datanode-4/meta/datanode.id
2019-10-15 03:46:03,308 [main] INFO  volume.HddsVolume (HddsVolume.java:<init>(176)) - Creating Volume: /workdir/hadoop-ozone/integration-test/target/test-dir/MiniOzoneClusterImpl-b3c4100e-e893-4c02-8028-cfd5e9dd125a/datanode-5/data/containers/hdds of  storage type : DISK and capacity : 1482555576320
2019-10-15 03:46:03,308 [main] INFO  volume.VolumeSet (VolumeSet.java:initializeVolumeSet(170)) - Added Volume : /workdir/hadoop-ozone/integration-test/target/test-dir/MiniOzoneClusterImpl-b3c4100e-e893-4c02-8028-cfd5e9dd125a/datanode-5/data/containers/hdds to VolumeSet
2019-10-15 03:46:03,309 [main] INFO  volume.ThrottledAsyncChecker (ThrottledAsyncChecker.java:schedule(141)) - Scheduling a check for org.apache.hadoop.ozone.container.common.volume.HddsVolume@31ddb930
2019-10-15 03:46:03,309 [main] INFO  volume.HddsVolumeChecker (HddsVolumeChecker.java:checkAllVolumes(204)) - Scheduled health check for volume org.apache.hadoop.ozone.container.common.volume.HddsVolume@31ddb930
2019-10-15 03:46:03,324 [main] INFO  impl.RaftServerProxy (ConfUtils.java:logGet(43)) - raft.rpc.type = GRPC (default)
2019-10-15 03:46:03,324 [main] INFO  grpc.GrpcFactory (GrpcFactory.java:checkPooledByteBufAllocatorUseCacheForAllThreads(45)) - PERFORMANCE WARNING: useCacheForAllThreads is true that may cause Netty to create a lot garbage objects and, as a result, trigger GC.
	It is recommended to disable useCacheForAllThreads by setting -Dorg.apache.ratis.thirdparty.io.netty.allocator.useCacheForAllThreads=false in command line.
2019-10-15 03:46:03,325 [main] INFO  grpc.GrpcConfigKeys$Server (ConfUtils.java:logGet(43)) - raft.grpc.server.port = 0 (default)
2019-10-15 03:46:03,325 [main] INFO  server.GrpcService (ConfUtils.java:logGet(43)) - raft.grpc.message.size.max = 33570816 (custom)
2019-10-15 03:46:03,325 [main] INFO  server.RaftServerConfigKeys (ConfUtils.java:logGet(43)) - raft.server.log.appender.buffer.byte-limit = 33554432 (custom)
2019-10-15 03:46:03,325 [main] INFO  server.GrpcService (ConfUtils.java:logGet(43)) - raft.grpc.flow.control.window = 1MB (=1048576) (default)
2019-10-15 03:46:03,325 [main] INFO  server.RaftServerConfigKeys (ConfUtils.java:logGet(43)) - raft.server.rpc.request.timeout = 3000ms (default)
2019-10-15 03:46:03,326 [main] INFO  server.RaftServerConfigKeys (ConfUtils.java:logGet(43)) - raft.server.storage.dir = [/workdir/hadoop-ozone/integration-test/target/test-dir/MiniOzoneClusterImpl-b3c4100e-e893-4c02-8028-cfd5e9dd125a/datanode-5/data/ratis] (custom)
2019-10-15 03:46:03,328 [main] INFO  hdfs.DFSUtil (DFSUtil.java:httpServerTemplateForNNAndJN(1641)) - Starting Web-server for hddsDatanode at: http://0.0.0.0:0
2019-10-15 03:46:03,329 [main] INFO  server.AuthenticationFilter (AuthenticationFilter.java:constructSecretProvider(240)) - Unable to initialize FileSignerSecretProvider, falling back to use random secrets.
2019-10-15 03:46:03,329 [main] WARN  http.HttpRequestLog (HttpRequestLog.java:getRequestLog(97)) - Jetty request log can only be enabled using Log4j
2019-10-15 03:46:03,331 [main] INFO  http.HttpServer2 (HttpServer2.java:addGlobalFilter(975)) - Added global filter 'safety' (class=org.apache.hadoop.http.HttpServer2$QuotingInputFilter)
2019-10-15 03:46:03,332 [main] INFO  http.HttpServer2 (HttpServer2.java:addFilter(948)) - Added filter static_user_filter (class=org.apache.hadoop.http.lib.StaticUserWebFilter$StaticUserFilter) to context hddsDatanode
2019-10-15 03:46:03,332 [main] INFO  http.HttpServer2 (HttpServer2.java:addFilter(958)) - Added filter static_user_filter (class=org.apache.hadoop.http.lib.StaticUserWebFilter$StaticUserFilter) to context logs
2019-10-15 03:46:03,332 [main] INFO  http.HttpServer2 (HttpServer2.java:addFilter(958)) - Added filter static_user_filter (class=org.apache.hadoop.http.lib.StaticUserWebFilter$StaticUserFilter) to context static
2019-10-15 03:46:03,333 [main] INFO  http.HttpServer2 (HttpServer2.java:bindListener(1191)) - Jetty bound to port 39573
2019-10-15 03:46:03,333 [main] INFO  server.Server (Server.java:doStart(351)) - jetty-9.3.25.v20180904, build timestamp: 2018-09-04T21:11:46Z, git hash: 3ce520221d0240229c862b122d2b06c12a625732
2019-10-15 03:46:03,335 [main] INFO  handler.ContextHandler (ContextHandler.java:doStart(781)) - Started o.e.j.s.ServletContextHandler@3aa41da1{/logs,file:///workdir/hadoop-ozone/integration-test/target/log,AVAILABLE}
2019-10-15 03:46:03,335 [main] INFO  handler.ContextHandler (ContextHandler.java:doStart(781)) - Started o.e.j.s.ServletContextHandler@3c83468e{/static,jar:file:/home/user/.m2/repository/org/apache/hadoop/hadoop-hdds-container-service/0.5.0-SNAPSHOT/hadoop-hdds-container-service-0.5.0-SNAPSHOT.jar!/webapps/static,AVAILABLE}
2019-10-15 03:46:03,365 [main] INFO  handler.ContextHandler (ContextHandler.java:doStart(781)) - Started o.e.j.w.WebAppContext@2a4f5433{/,file:///tmp/jetty-0.0.0.0-39573-hddsDatanode-_-any-4186788832561452512.dir/webapp/,AVAILABLE}{/hddsDatanode}
2019-10-15 03:46:03,366 [main] INFO  server.AbstractConnector (AbstractConnector.java:doStart(278)) - Started ServerConnector@6812fa3a{HTTP/1.1,[http/1.1]}{0.0.0.0:39573}
2019-10-15 03:46:03,367 [main] INFO  server.Server (Server.java:doStart(419)) - Started @6695ms
2019-10-15 03:46:03,367 [main] WARN  impl.MetricsSystemImpl (MetricsSystemImpl.java:register(276)) - Sink prometheus already exists!
2019-10-15 03:46:03,368 [main] INFO  server.BaseHttpServer (BaseHttpServer.java:updateConnectorAddress(215)) - HTTP server of HDDSDATANODE is listening at http://0.0.0.0:39573
2019-10-15 03:46:03,368 [main] INFO  impl.MetricsSystemImpl (MetricsSystemImpl.java:init(158)) - HddsDatanode metrics system started (again)
2019-10-15 03:46:03,372 [org.apache.hadoop.util.JvmPauseMonitor$Monitor@3b070d23] INFO  util.JvmPauseMonitor (JvmPauseMonitor.java:run(188)) - Starting JVM pause monitor
2019-10-15 03:46:03,372 [main] INFO  ozone.HddsDatanodeService (HddsDatanodeService.java:start(184)) - HddsDatanodeService host:pr-hdds-2194-5wssm-2368079274 ip:192.168.151.96
2019-10-15 03:46:03,375 [Datanode State Machine Thread - 0] INFO  datanode.InitDatanodeState (InitDatanodeState.java:persistContainerDatanodeDetails(140)) - DatanodeDetails is persisted to /workdir/hadoop-ozone/integration-test/target/test-dir/MiniOzoneClusterImpl-b3c4100e-e893-4c02-8028-cfd5e9dd125a/datanode-5/meta/datanode.id
2019-10-15 03:46:03,380 [main] INFO  volume.HddsVolume (HddsVolume.java:<init>(176)) - Creating Volume: /workdir/hadoop-ozone/integration-test/target/test-dir/MiniOzoneClusterImpl-b3c4100e-e893-4c02-8028-cfd5e9dd125a/datanode-6/data/containers/hdds of  storage type : DISK and capacity : 1482555576320
2019-10-15 03:46:03,380 [main] INFO  volume.VolumeSet (VolumeSet.java:initializeVolumeSet(170)) - Added Volume : /workdir/hadoop-ozone/integration-test/target/test-dir/MiniOzoneClusterImpl-b3c4100e-e893-4c02-8028-cfd5e9dd125a/datanode-6/data/containers/hdds to VolumeSet
2019-10-15 03:46:03,380 [main] INFO  volume.ThrottledAsyncChecker (ThrottledAsyncChecker.java:schedule(141)) - Scheduling a check for org.apache.hadoop.ozone.container.common.volume.HddsVolume@79a04e5f
2019-10-15 03:46:03,381 [main] INFO  volume.HddsVolumeChecker (HddsVolumeChecker.java:checkAllVolumes(204)) - Scheduled health check for volume org.apache.hadoop.ozone.container.common.volume.HddsVolume@79a04e5f
2019-10-15 03:46:03,393 [main] INFO  impl.RaftServerProxy (ConfUtils.java:logGet(43)) - raft.rpc.type = GRPC (default)
2019-10-15 03:46:03,394 [main] INFO  grpc.GrpcFactory (GrpcFactory.java:checkPooledByteBufAllocatorUseCacheForAllThreads(45)) - PERFORMANCE WARNING: useCacheForAllThreads is true that may cause Netty to create a lot garbage objects and, as a result, trigger GC.
	It is recommended to disable useCacheForAllThreads by setting -Dorg.apache.ratis.thirdparty.io.netty.allocator.useCacheForAllThreads=false in command line.
2019-10-15 03:46:03,394 [main] INFO  grpc.GrpcConfigKeys$Server (ConfUtils.java:logGet(43)) - raft.grpc.server.port = 0 (default)
2019-10-15 03:46:03,394 [main] INFO  server.GrpcService (ConfUtils.java:logGet(43)) - raft.grpc.message.size.max = 33570816 (custom)
2019-10-15 03:46:03,394 [main] INFO  server.RaftServerConfigKeys (ConfUtils.java:logGet(43)) - raft.server.log.appender.buffer.byte-limit = 33554432 (custom)
2019-10-15 03:46:03,395 [main] INFO  server.GrpcService (ConfUtils.java:logGet(43)) - raft.grpc.flow.control.window = 1MB (=1048576) (default)
2019-10-15 03:46:03,395 [main] INFO  server.RaftServerConfigKeys (ConfUtils.java:logGet(43)) - raft.server.rpc.request.timeout = 3000ms (default)
2019-10-15 03:46:03,395 [main] INFO  server.RaftServerConfigKeys (ConfUtils.java:logGet(43)) - raft.server.storage.dir = [/workdir/hadoop-ozone/integration-test/target/test-dir/MiniOzoneClusterImpl-b3c4100e-e893-4c02-8028-cfd5e9dd125a/datanode-6/data/ratis] (custom)
2019-10-15 03:46:03,397 [main] INFO  hdfs.DFSUtil (DFSUtil.java:httpServerTemplateForNNAndJN(1641)) - Starting Web-server for hddsDatanode at: http://0.0.0.0:0
2019-10-15 03:46:03,398 [main] INFO  server.AuthenticationFilter (AuthenticationFilter.java:constructSecretProvider(240)) - Unable to initialize FileSignerSecretProvider, falling back to use random secrets.
2019-10-15 03:46:03,398 [main] WARN  http.HttpRequestLog (HttpRequestLog.java:getRequestLog(97)) - Jetty request log can only be enabled using Log4j
2019-10-15 03:46:03,400 [main] INFO  http.HttpServer2 (HttpServer2.java:addGlobalFilter(975)) - Added global filter 'safety' (class=org.apache.hadoop.http.HttpServer2$QuotingInputFilter)
2019-10-15 03:46:03,400 [main] INFO  http.HttpServer2 (HttpServer2.java:addFilter(948)) - Added filter static_user_filter (class=org.apache.hadoop.http.lib.StaticUserWebFilter$StaticUserFilter) to context hddsDatanode
2019-10-15 03:46:03,401 [main] INFO  http.HttpServer2 (HttpServer2.java:addFilter(958)) - Added filter static_user_filter (class=org.apache.hadoop.http.lib.StaticUserWebFilter$StaticUserFilter) to context logs
2019-10-15 03:46:03,401 [main] INFO  http.HttpServer2 (HttpServer2.java:addFilter(958)) - Added filter static_user_filter (class=org.apache.hadoop.http.lib.StaticUserWebFilter$StaticUserFilter) to context static
2019-10-15 03:46:03,402 [main] INFO  http.HttpServer2 (HttpServer2.java:bindListener(1191)) - Jetty bound to port 34161
2019-10-15 03:46:03,402 [main] INFO  server.Server (Server.java:doStart(351)) - jetty-9.3.25.v20180904, build timestamp: 2018-09-04T21:11:46Z, git hash: 3ce520221d0240229c862b122d2b06c12a625732
2019-10-15 03:46:03,403 [main] INFO  handler.ContextHandler (ContextHandler.java:doStart(781)) - Started o.e.j.s.ServletContextHandler@a2341c6{/logs,file:///workdir/hadoop-ozone/integration-test/target/log,AVAILABLE}
2019-10-15 03:46:03,404 [main] INFO  handler.ContextHandler (ContextHandler.java:doStart(781)) - Started o.e.j.s.ServletContextHandler@3e3315d9{/static,jar:file:/home/user/.m2/repository/org/apache/hadoop/hadoop-hdds-container-service/0.5.0-SNAPSHOT/hadoop-hdds-container-service-0.5.0-SNAPSHOT.jar!/webapps/static,AVAILABLE}
2019-10-15 03:46:03,431 [main] INFO  handler.ContextHandler (ContextHandler.java:doStart(781)) - Started o.e.j.w.WebAppContext@d277579{/,file:///tmp/jetty-0.0.0.0-34161-hddsDatanode-_-any-2948692086760856166.dir/webapp/,AVAILABLE}{/hddsDatanode}
2019-10-15 03:46:03,432 [main] INFO  server.AbstractConnector (AbstractConnector.java:doStart(278)) - Started ServerConnector@5db6b845{HTTP/1.1,[http/1.1]}{0.0.0.0:34161}
2019-10-15 03:46:03,433 [main] INFO  server.Server (Server.java:doStart(419)) - Started @6760ms
2019-10-15 03:46:03,433 [main] WARN  impl.MetricsSystemImpl (MetricsSystemImpl.java:register(276)) - Sink prometheus already exists!
2019-10-15 03:46:03,433 [main] INFO  server.BaseHttpServer (BaseHttpServer.java:updateConnectorAddress(215)) - HTTP server of HDDSDATANODE is listening at http://0.0.0.0:34161
2019-10-15 03:46:03,435 [main] INFO  ozone.MiniOzoneClusterImpl (MiniOzoneClusterImpl.java:lambda$waitForClusterToBeReady$0(147)) - Waiting for cluster to be ready. Got 0 of 7 DN Heartbeats.
2019-10-15 03:46:03,436 [org.apache.hadoop.util.JvmPauseMonitor$Monitor@31deff21] INFO  util.JvmPauseMonitor (JvmPauseMonitor.java:run(188)) - Starting JVM pause monitor
2019-10-15 03:46:03,438 [Datanode State Machine Thread - 0] INFO  datanode.InitDatanodeState (InitDatanodeState.java:persistContainerDatanodeDetails(140)) - DatanodeDetails is persisted to /workdir/hadoop-ozone/integration-test/target/test-dir/MiniOzoneClusterImpl-b3c4100e-e893-4c02-8028-cfd5e9dd125a/datanode-6/meta/datanode.id
2019-10-15 03:46:04,436 [main] INFO  ozone.MiniOzoneClusterImpl (MiniOzoneClusterImpl.java:lambda$waitForClusterToBeReady$0(147)) - Waiting for cluster to be ready. Got 0 of 7 DN Heartbeats.
2019-10-15 03:46:05,127 [Datanode State Machine Thread - 0] INFO  ozoneimpl.OzoneContainer (OzoneContainer.java:start(213)) - Attempting to start container services.
2019-10-15 03:46:05,127 [Datanode State Machine Thread - 0] INFO  ozoneimpl.OzoneContainer (OzoneContainer.java:start(213)) - Attempting to start container services.
2019-10-15 03:46:05,137 [Datanode State Machine Thread - 0] INFO  ozoneimpl.OzoneContainer (OzoneContainer.java:startContainerScrub(177)) - Background container scanner has been disabled.
2019-10-15 03:46:05,138 [Datanode State Machine Thread - 0] INFO  ozoneimpl.OzoneContainer (OzoneContainer.java:startContainerScrub(177)) - Background container scanner has been disabled.
2019-10-15 03:46:05,138 [Datanode State Machine Thread - 0] INFO  ratis.XceiverServerRatis (XceiverServerRatis.java:start(418)) - Starting XceiverServerRatis a3cf3edf-f522-422d-92e1-14c85e0bb804 at port 0
2019-10-15 03:46:05,139 [Datanode State Machine Thread - 0] INFO  ratis.XceiverServerRatis (XceiverServerRatis.java:start(418)) - Starting XceiverServerRatis afbe96ca-b091-4d20-bab6-78cf5d09aad4 at port 0
2019-10-15 03:46:05,165 [Datanode State Machine Thread - 0] INFO  impl.RaftServerProxy (RaftServerProxy.java:lambda$start$3(299)) - a3cf3edf-f522-422d-92e1-14c85e0bb804: start RPC server
2019-10-15 03:46:05,165 [Datanode State Machine Thread - 0] INFO  impl.RaftServerProxy (RaftServerProxy.java:lambda$start$3(299)) - afbe96ca-b091-4d20-bab6-78cf5d09aad4: start RPC server
2019-10-15 03:46:05,202 [Datanode State Machine Thread - 0] INFO  ozoneimpl.OzoneContainer (OzoneContainer.java:start(213)) - Attempting to start container services.
2019-10-15 03:46:05,206 [Datanode State Machine Thread - 0] INFO  ozoneimpl.OzoneContainer (OzoneContainer.java:startContainerScrub(177)) - Background container scanner has been disabled.
2019-10-15 03:46:05,206 [Datanode State Machine Thread - 0] INFO  ratis.XceiverServerRatis (XceiverServerRatis.java:start(418)) - Starting XceiverServerRatis 4b7383e3-04b5-459c-b6b2-cddfc28028ca at port 0
2019-10-15 03:46:05,213 [Datanode State Machine Thread - 0] INFO  impl.RaftServerProxy (RaftServerProxy.java:lambda$start$3(299)) - 4b7383e3-04b5-459c-b6b2-cddfc28028ca: start RPC server
2019-10-15 03:46:05,269 [Datanode State Machine Thread - 0] INFO  ozoneimpl.OzoneContainer (OzoneContainer.java:start(213)) - Attempting to start container services.
2019-10-15 03:46:05,269 [Datanode State Machine Thread - 0] INFO  ozoneimpl.OzoneContainer (OzoneContainer.java:startContainerScrub(177)) - Background container scanner has been disabled.
2019-10-15 03:46:05,269 [Datanode State Machine Thread - 0] INFO  ratis.XceiverServerRatis (XceiverServerRatis.java:start(418)) - Starting XceiverServerRatis 3d054599-df0e-4848-ac46-80d59fac3196 at port 0
2019-10-15 03:46:05,280 [Datanode State Machine Thread - 0] INFO  impl.RaftServerProxy (RaftServerProxy.java:lambda$start$3(299)) - 3d054599-df0e-4848-ac46-80d59fac3196: start RPC server
2019-10-15 03:46:05,311 [Datanode State Machine Thread - 0] INFO  server.GrpcService (GrpcService.java:startImpl(158)) - a3cf3edf-f522-422d-92e1-14c85e0bb804: GrpcService started, listening on 0.0.0.0/0.0.0.0:46434
2019-10-15 03:46:05,311 [Datanode State Machine Thread - 0] INFO  server.GrpcService (GrpcService.java:startImpl(158)) - 4b7383e3-04b5-459c-b6b2-cddfc28028ca: GrpcService started, listening on 0.0.0.0/0.0.0.0:44383
2019-10-15 03:46:05,312 [Datanode State Machine Thread - 0] INFO  ratis.XceiverServerRatis (XceiverServerRatis.java:start(428)) - XceiverServerRatis a3cf3edf-f522-422d-92e1-14c85e0bb804 is started using port 46434
2019-10-15 03:46:05,311 [Datanode State Machine Thread - 0] INFO  server.GrpcService (GrpcService.java:startImpl(158)) - 3d054599-df0e-4848-ac46-80d59fac3196: GrpcService started, listening on 0.0.0.0/0.0.0.0:34736
2019-10-15 03:46:05,311 [Datanode State Machine Thread - 0] INFO  server.GrpcService (GrpcService.java:startImpl(158)) - afbe96ca-b091-4d20-bab6-78cf5d09aad4: GrpcService started, listening on 0.0.0.0/0.0.0.0:45464
2019-10-15 03:46:05,313 [Datanode State Machine Thread - 0] INFO  ratis.XceiverServerRatis (XceiverServerRatis.java:start(428)) - XceiverServerRatis 3d054599-df0e-4848-ac46-80d59fac3196 is started using port 34736
2019-10-15 03:46:05,313 [Datanode State Machine Thread - 0] INFO  ratis.XceiverServerRatis (XceiverServerRatis.java:start(428)) - XceiverServerRatis 4b7383e3-04b5-459c-b6b2-cddfc28028ca is started using port 44383
2019-10-15 03:46:05,313 [Datanode State Machine Thread - 0] INFO  ratis.XceiverServerRatis (XceiverServerRatis.java:start(428)) - XceiverServerRatis afbe96ca-b091-4d20-bab6-78cf5d09aad4 is started using port 45464
2019-10-15 03:46:05,321 [Datanode State Machine Thread - 0] INFO  server.XceiverServerGrpc (XceiverServerGrpc.java:start(149)) - XceiverServerGrpc 4b7383e3-04b5-459c-b6b2-cddfc28028ca is started using port 37757
2019-10-15 03:46:05,321 [Datanode State Machine Thread - 0] INFO  server.XceiverServerGrpc (XceiverServerGrpc.java:start(149)) - XceiverServerGrpc a3cf3edf-f522-422d-92e1-14c85e0bb804 is started using port 41073
2019-10-15 03:46:05,322 [Datanode State Machine Thread - 0] INFO  server.XceiverServerGrpc (XceiverServerGrpc.java:start(149)) - XceiverServerGrpc 3d054599-df0e-4848-ac46-80d59fac3196 is started using port 44881
2019-10-15 03:46:05,322 [Datanode State Machine Thread - 0] INFO  server.XceiverServerGrpc (XceiverServerGrpc.java:start(149)) - XceiverServerGrpc afbe96ca-b091-4d20-bab6-78cf5d09aad4 is started using port 41396
2019-10-15 03:46:05,336 [Datanode State Machine Thread - 0] INFO  ozoneimpl.OzoneContainer (OzoneContainer.java:start(213)) - Attempting to start container services.
2019-10-15 03:46:05,336 [Datanode State Machine Thread - 0] INFO  ozoneimpl.OzoneContainer (OzoneContainer.java:startContainerScrub(177)) - Background container scanner has been disabled.
2019-10-15 03:46:05,336 [Datanode State Machine Thread - 0] INFO  ratis.XceiverServerRatis (XceiverServerRatis.java:start(418)) - Starting XceiverServerRatis c2f8d357-5b51-40ae-9d70-08485fb749ef at port 0
2019-10-15 03:46:05,342 [Datanode State Machine Thread - 0] INFO  impl.RaftServerProxy (RaftServerProxy.java:lambda$start$3(299)) - c2f8d357-5b51-40ae-9d70-08485fb749ef: start RPC server
2019-10-15 03:46:05,344 [Datanode State Machine Thread - 0] INFO  server.GrpcService (GrpcService.java:startImpl(158)) - c2f8d357-5b51-40ae-9d70-08485fb749ef: GrpcService started, listening on 0.0.0.0/0.0.0.0:32821
2019-10-15 03:46:05,344 [Datanode State Machine Thread - 0] INFO  ratis.XceiverServerRatis (XceiverServerRatis.java:start(428)) - XceiverServerRatis c2f8d357-5b51-40ae-9d70-08485fb749ef is started using port 32821
2019-10-15 03:46:05,347 [Datanode State Machine Thread - 0] INFO  server.XceiverServerGrpc (XceiverServerGrpc.java:start(149)) - XceiverServerGrpc c2f8d357-5b51-40ae-9d70-08485fb749ef is started using port 40318
2019-10-15 03:46:05,403 [Datanode State Machine Thread - 0] INFO  ozoneimpl.OzoneContainer (OzoneContainer.java:start(213)) - Attempting to start container services.
2019-10-15 03:46:05,403 [Datanode State Machine Thread - 0] INFO  ozoneimpl.OzoneContainer (OzoneContainer.java:startContainerScrub(177)) - Background container scanner has been disabled.
2019-10-15 03:46:05,403 [Datanode State Machine Thread - 0] INFO  ratis.XceiverServerRatis (XceiverServerRatis.java:start(418)) - Starting XceiverServerRatis f095ffe7-dd78-4a83-a1e3-b07de5750b91 at port 0
2019-10-15 03:46:05,410 [Datanode State Machine Thread - 0] INFO  impl.RaftServerProxy (RaftServerProxy.java:lambda$start$3(299)) - f095ffe7-dd78-4a83-a1e3-b07de5750b91: start RPC server
2019-10-15 03:46:05,415 [Datanode State Machine Thread - 0] INFO  server.GrpcService (GrpcService.java:startImpl(158)) - f095ffe7-dd78-4a83-a1e3-b07de5750b91: GrpcService started, listening on 0.0.0.0/0.0.0.0:36545
2019-10-15 03:46:05,415 [Datanode State Machine Thread - 0] INFO  ratis.XceiverServerRatis (XceiverServerRatis.java:start(428)) - XceiverServerRatis f095ffe7-dd78-4a83-a1e3-b07de5750b91 is started using port 36545
2019-10-15 03:46:05,419 [Datanode State Machine Thread - 0] INFO  server.XceiverServerGrpc (XceiverServerGrpc.java:start(149)) - XceiverServerGrpc f095ffe7-dd78-4a83-a1e3-b07de5750b91 is started using port 43070
2019-10-15 03:46:05,436 [main] INFO  ozone.MiniOzoneClusterImpl (MiniOzoneClusterImpl.java:lambda$waitForClusterToBeReady$0(147)) - Waiting for cluster to be ready. Got 0 of 7 DN Heartbeats.
2019-10-15 03:46:05,470 [Datanode State Machine Thread - 0] INFO  ozoneimpl.OzoneContainer (OzoneContainer.java:start(213)) - Attempting to start container services.
2019-10-15 03:46:05,471 [Datanode State Machine Thread - 0] INFO  ozoneimpl.OzoneContainer (OzoneContainer.java:startContainerScrub(177)) - Background container scanner has been disabled.
2019-10-15 03:46:05,471 [Datanode State Machine Thread - 0] INFO  ratis.XceiverServerRatis (XceiverServerRatis.java:start(418)) - Starting XceiverServerRatis 414c303c-c4ef-43c7-bcb9-fd9e84137571 at port 0
2019-10-15 03:46:05,480 [Datanode State Machine Thread - 0] INFO  impl.RaftServerProxy (RaftServerProxy.java:lambda$start$3(299)) - 414c303c-c4ef-43c7-bcb9-fd9e84137571: start RPC server
2019-10-15 03:46:05,484 [Datanode State Machine Thread - 0] INFO  server.GrpcService (GrpcService.java:startImpl(158)) - 414c303c-c4ef-43c7-bcb9-fd9e84137571: GrpcService started, listening on 0.0.0.0/0.0.0.0:46476
2019-10-15 03:46:05,485 [Datanode State Machine Thread - 0] INFO  ratis.XceiverServerRatis (XceiverServerRatis.java:start(428)) - XceiverServerRatis 414c303c-c4ef-43c7-bcb9-fd9e84137571 is started using port 46476
2019-10-15 03:46:05,489 [Datanode State Machine Thread - 0] INFO  server.XceiverServerGrpc (XceiverServerGrpc.java:start(149)) - XceiverServerGrpc 414c303c-c4ef-43c7-bcb9-fd9e84137571 is started using port 45816
2019-10-15 03:46:06,437 [main] INFO  ozone.MiniOzoneClusterImpl (MiniOzoneClusterImpl.java:lambda$waitForClusterToBeReady$0(147)) - Waiting for cluster to be ready. Got 0 of 7 DN Heartbeats.
2019-10-15 03:46:07,065 [IPC Server handler 2 on 34507] INFO  net.NetworkTopology (NetworkTopologyImpl.java:add(111)) - Added a new node: /default-rack/a3cf3edf-f522-422d-92e1-14c85e0bb804
2019-10-15 03:46:07,065 [IPC Server handler 2 on 34507] INFO  node.SCMNodeManager (SCMNodeManager.java:register(268)) - Registered Data node : a3cf3edf-f522-422d-92e1-14c85e0bb804{ip: 192.168.151.96, host: pr-hdds-2194-5wssm-2368079274, networkLocation: /default-rack, certSerialId: null}
2019-10-15 03:46:07,069 [EventQueue-NodeRegistrationContainerReportForDataNodeSafeModeRule] INFO  safemode.SCMSafeModeManager (DataNodeSafeModeRule.java:process(71)) - SCM in safe mode. 1 DataNodes registered, 1 required.
2019-10-15 03:46:07,069 [EventQueue-NodeRegistrationContainerReportForDataNodeSafeModeRule] INFO  safemode.SCMSafeModeManager (SCMSafeModeManager.java:validateSafeModeExitRules(177)) - ScmSafeModeManager, all rules are successfully validated
2019-10-15 03:46:07,070 [EventQueue-NodeRegistrationContainerReportForDataNodeSafeModeRule] INFO  safemode.SCMSafeModeManager (SCMSafeModeManager.java:exitSafeMode(193)) - SCM exiting safe mode.
2019-10-15 03:46:07,099 [IPC Server handler 1 on 34507] INFO  net.NetworkTopology (NetworkTopologyImpl.java:add(111)) - Added a new node: /default-rack/afbe96ca-b091-4d20-bab6-78cf5d09aad4
2019-10-15 03:46:07,099 [IPC Server handler 1 on 34507] INFO  node.SCMNodeManager (SCMNodeManager.java:register(268)) - Registered Data node : afbe96ca-b091-4d20-bab6-78cf5d09aad4{ip: 192.168.151.96, host: pr-hdds-2194-5wssm-2368079274, networkLocation: /default-rack, certSerialId: null}
2019-10-15 03:46:07,170 [IPC Server handler 6 on 34507] INFO  net.NetworkTopology (NetworkTopologyImpl.java:add(111)) - Added a new node: /default-rack/4b7383e3-04b5-459c-b6b2-cddfc28028ca
2019-10-15 03:46:07,170 [IPC Server handler 6 on 34507] INFO  node.SCMNodeManager (SCMNodeManager.java:register(268)) - Registered Data node : 4b7383e3-04b5-459c-b6b2-cddfc28028ca{ip: 192.168.151.96, host: pr-hdds-2194-5wssm-2368079274, networkLocation: /default-rack, certSerialId: null}
2019-10-15 03:46:07,239 [IPC Server handler 3 on 34507] INFO  net.NetworkTopology (NetworkTopologyImpl.java:add(111)) - Added a new node: /default-rack/3d054599-df0e-4848-ac46-80d59fac3196
2019-10-15 03:46:07,239 [IPC Server handler 3 on 34507] INFO  node.SCMNodeManager (SCMNodeManager.java:register(268)) - Registered Data node : 3d054599-df0e-4848-ac46-80d59fac3196{ip: 192.168.151.96, host: pr-hdds-2194-5wssm-2368079274, networkLocation: /default-rack, certSerialId: null}
2019-10-15 03:46:07,305 [IPC Server handler 4 on 34507] INFO  net.NetworkTopology (NetworkTopologyImpl.java:add(111)) - Added a new node: /default-rack/c2f8d357-5b51-40ae-9d70-08485fb749ef
2019-10-15 03:46:07,306 [IPC Server handler 4 on 34507] INFO  node.SCMNodeManager (SCMNodeManager.java:register(268)) - Registered Data node : c2f8d357-5b51-40ae-9d70-08485fb749ef{ip: 192.168.151.96, host: pr-hdds-2194-5wssm-2368079274, networkLocation: /default-rack, certSerialId: null}
2019-10-15 03:46:07,375 [IPC Server handler 5 on 34507] INFO  net.NetworkTopology (NetworkTopologyImpl.java:add(111)) - Added a new node: /default-rack/f095ffe7-dd78-4a83-a1e3-b07de5750b91
2019-10-15 03:46:07,376 [IPC Server handler 5 on 34507] INFO  node.SCMNodeManager (SCMNodeManager.java:register(268)) - Registered Data node : f095ffe7-dd78-4a83-a1e3-b07de5750b91{ip: 192.168.151.96, host: pr-hdds-2194-5wssm-2368079274, networkLocation: /default-rack, certSerialId: null}
2019-10-15 03:46:07,437 [main] INFO  ozone.MiniOzoneClusterImpl (MiniOzoneClusterImpl.java:lambda$waitForClusterToBeReady$0(147)) - Waiting for cluster to be ready. Got 6 of 7 DN Heartbeats.
2019-10-15 03:46:07,441 [IPC Server handler 7 on 34507] INFO  net.NetworkTopology (NetworkTopologyImpl.java:add(111)) - Added a new node: /default-rack/414c303c-c4ef-43c7-bcb9-fd9e84137571
2019-10-15 03:46:07,441 [IPC Server handler 7 on 34507] INFO  node.SCMNodeManager (SCMNodeManager.java:register(268)) - Registered Data node : 414c303c-c4ef-43c7-bcb9-fd9e84137571{ip: 192.168.151.96, host: pr-hdds-2194-5wssm-2368079274, networkLocation: /default-rack, certSerialId: null}
2019-10-15 03:46:07,643 [grpc-default-executor-0] INFO  impl.RaftServerProxy (RaftServerProxy.java:addNew(89)) - a3cf3edf-f522-422d-92e1-14c85e0bb804: addNew group-3A36C33532C9:[a3cf3edf-f522-422d-92e1-14c85e0bb804:192.168.151.96:46434] returns group-3A36C33532C9:java.util.concurrent.CompletableFuture@2bfa2e6a[Not completed]
2019-10-15 03:46:07,660 [pool-27-thread-1] INFO  impl.RaftServerImpl (RaftServerImpl.java:<init>(95)) - a3cf3edf-f522-422d-92e1-14c85e0bb804: new RaftServerImpl for group-3A36C33532C9:[a3cf3edf-f522-422d-92e1-14c85e0bb804:192.168.151.96:46434] with ContainerStateMachine:uninitialized
2019-10-15 03:46:07,662 [pool-27-thread-1] INFO  server.RaftServerConfigKeys (ConfUtils.java:logGet(43)) - raft.server.rpc.timeout.min = 5s (custom)
2019-10-15 03:46:07,664 [pool-27-thread-1] INFO  server.RaftServerConfigKeys (ConfUtils.java:logGet(43)) - raft.server.rpc.timeout.max = 5200ms (custom)
2019-10-15 03:46:07,664 [pool-27-thread-1] INFO  server.RaftServerConfigKeys (ConfUtils.java:logGet(43)) - raft.server.rpcslowness.timeout = 120s (custom)
2019-10-15 03:46:07,665 [pool-27-thread-1] INFO  server.RaftServerConfigKeys (ConfUtils.java:logGet(43)) - raft.server.sleep.deviation.threshold = 300 (default)
2019-10-15 03:46:07,667 [pool-27-thread-1] INFO  server.RaftServerConfigKeys (ConfUtils.java:logGet(43)) - raft.server.log.appender.install.snapshot.enabled = false (custom)
2019-10-15 03:46:07,679 [pool-27-thread-1] INFO  impl.RaftServerImpl (ServerState.java:<init>(103)) - a3cf3edf-f522-422d-92e1-14c85e0bb804@group-3A36C33532C9: ConfigurationManager, init=-1: [a3cf3edf-f522-422d-92e1-14c85e0bb804:192.168.151.96:46434], old=null, confs=<EMPTY_MAP>
2019-10-15 03:46:07,679 [pool-27-thread-1] INFO  server.RaftServerConfigKeys (ConfUtils.java:logGet(43)) - raft.server.storage.dir = [/workdir/hadoop-ozone/integration-test/target/test-dir/MiniOzoneClusterImpl-b3c4100e-e893-4c02-8028-cfd5e9dd125a/datanode-0/data/ratis] (custom)
2019-10-15 03:46:07,688 [pool-27-thread-1] INFO  server.RaftServerConfigKeys (ConfUtils.java:logGet(43)) - raft.server.log.corruption.policy = EXCEPTION (default)
2019-10-15 03:46:07,691 [pool-27-thread-1] INFO  storage.RaftStorageDirectory (RaftStorageDirectory.java:analyzeStorage(246)) - The storage directory /workdir/hadoop-ozone/integration-test/target/test-dir/MiniOzoneClusterImpl-b3c4100e-e893-4c02-8028-cfd5e9dd125a/datanode-0/data/ratis/5b9c627a-af16-4934-b745-3a36c33532c9 does not exist. Creating ...
2019-10-15 03:46:07,738 [pool-27-thread-1] INFO  storage.RaftStorageDirectory (RaftStorageDirectory.java:tryLock(328)) - Lock on /workdir/hadoop-ozone/integration-test/target/test-dir/MiniOzoneClusterImpl-b3c4100e-e893-4c02-8028-cfd5e9dd125a/datanode-0/data/ratis/5b9c627a-af16-4934-b745-3a36c33532c9/in_use.lock acquired by nodename 23649@pr-hdds-2194-5wssm-2368079274
2019-10-15 03:46:07,781 [pool-27-thread-1] INFO  storage.RaftStorage (RaftStorage.java:format(84)) - Storage directory /workdir/hadoop-ozone/integration-test/target/test-dir/MiniOzoneClusterImpl-b3c4100e-e893-4c02-8028-cfd5e9dd125a/datanode-0/data/ratis/5b9c627a-af16-4934-b745-3a36c33532c9 has been successfully formatted.
2019-10-15 03:46:07,784 [pool-27-thread-1] INFO  ratis.ContainerStateMachine (ContainerStateMachine.java:loadSnapshot(231)) - group-3A36C33532C9: The snapshot info is null. Setting the last applied indexto:(t:0, i:~)
2019-10-15 03:46:07,784 [pool-27-thread-1] INFO  server.RaftServerConfigKeys (ConfUtils.java:logGet(43)) - raft.server.notification.no-leader.timeout = 120s (custom)
2019-10-15 03:46:07,788 [pool-27-thread-1] INFO  server.RaftServerConfigKeys (ConfUtils.java:logGet(43)) - raft.server.log.use.memory = false (default)
2019-10-15 03:46:07,796 [pool-27-thread-1] INFO  server.RaftServerConfigKeys (ConfUtils.java:logGet(43)) - raft.server.log.purge.gap = 1000000 (custom)
2019-10-15 03:46:07,796 [pool-27-thread-1] INFO  server.RaftServerConfigKeys (ConfUtils.java:logGet(43)) - raft.server.log.appender.buffer.byte-limit = 33554432 (custom)
2019-10-15 03:46:07,799 [pool-27-thread-1] INFO  server.RaftServerConfigKeys (ConfUtils.java:logGet(43)) - raft.server.log.segment.size.max = 1048576 (custom)
2019-10-15 03:46:07,802 [pool-27-thread-1] INFO  impl.MetricsSystemImpl (MetricsSystemImpl.java:init(158)) - ratis metrics system started (again)
2019-10-15 03:46:07,808 [pool-27-thread-1] INFO  metrics.MetricRegistries (MetricRegistriesLoader.java:load(64)) - Loaded MetricRegistries class org.apache.ratis.metrics.impl.MetricRegistriesImpl
2019-10-15 03:46:07,853 [pool-27-thread-1] INFO  server.RaftServerConfigKeys (ConfUtils.java:logGet(43)) - raft.server.log.segment.cache.num.max = 2 (custom)
2019-10-15 03:46:07,860 [pool-27-thread-1] INFO  segmented.SegmentedRaftLogWorker (SegmentedRaftLogWorker.java:<init>(173)) - new a3cf3edf-f522-422d-92e1-14c85e0bb804@group-3A36C33532C9-SegmentedRaftLogWorker for RaftStorage:Storage Directory /workdir/hadoop-ozone/integration-test/target/test-dir/MiniOzoneClusterImpl-b3c4100e-e893-4c02-8028-cfd5e9dd125a/datanode-0/data/ratis/5b9c627a-af16-4934-b745-3a36c33532c9
2019-10-15 03:46:07,860 [pool-27-thread-1] INFO  server.RaftServerConfigKeys (ConfUtils.java:logGet(43)) - raft.server.log.queue.byte-limit = 2147483647 (custom)
2019-10-15 03:46:07,861 [pool-27-thread-1] INFO  server.RaftServerConfigKeys (ConfUtils.java:logGet(43)) - raft.server.log.queue.element-limit = 1024 (custom)
2019-10-15 03:46:07,862 [pool-27-thread-1] INFO  server.RaftServerConfigKeys (ConfUtils.java:logGet(43)) - raft.server.log.segment.size.max = 1048576 (custom)
2019-10-15 03:46:07,862 [pool-27-thread-1] INFO  server.RaftServerConfigKeys (ConfUtils.java:logGet(43)) - raft.server.log.preallocated.size = 16384 (custom)
2019-10-15 03:46:07,863 [pool-27-thread-1] INFO  server.RaftServerConfigKeys (ConfUtils.java:logGet(43)) - raft.server.log.write.buffer.size = 33554432 (custom)
2019-10-15 03:46:07,863 [pool-27-thread-1] INFO  server.RaftServerConfigKeys (ConfUtils.java:logGet(43)) - raft.server.log.force.sync.num = 128 (default)
2019-10-15 03:46:07,864 [pool-27-thread-1] INFO  server.RaftServerConfigKeys (ConfUtils.java:logGet(43)) - raft.server.log.statemachine.data.sync = true (default)
2019-10-15 03:46:07,865 [pool-27-thread-1] INFO  server.RaftServerConfigKeys (ConfUtils.java:logGet(43)) - raft.server.log.statemachine.data.sync.timeout = 10s (default)
2019-10-15 03:46:07,865 [pool-27-thread-1] INFO  server.RaftServerConfigKeys (ConfUtils.java:logGet(43)) - raft.server.log.statemachine.data.sync.timeout.retry = -1 (default)
2019-10-15 03:46:07,878 [pool-27-thread-1] INFO  server.RaftServerConfigKeys (ConfUtils.java:logGet(43)) - raft.server.log.statemachine.data.caching.enabled = true (custom)
2019-10-15 03:46:07,882 [pool-27-thread-1] INFO  segmented.SegmentedRaftLogWorker (SegmentedRaftLogWorker.java:lambda$new$0(128)) - a3cf3edf-f522-422d-92e1-14c85e0bb804@group-3A36C33532C9-SegmentedRaftLogWorker: flushIndex: setUnconditionally 0 -> -1
2019-10-15 03:46:07,886 [pool-27-thread-1] INFO  server.RaftServerConfigKeys (ConfUtils.java:logGet(43)) - raft.server.snapshot.auto.trigger.enabled = true (custom)
2019-10-15 03:46:07,887 [pool-27-thread-1] INFO  server.RaftServerConfigKeys (ConfUtils.java:logGet(43)) - raft.server.snapshot.auto.trigger.threshold = 10000 (custom)
2019-10-15 03:46:07,887 [pool-27-thread-1] INFO  server.RaftServerConfigKeys (ConfUtils.java:logGet(43)) - raft.server.snapshot.retention.file.num = 5 (custom)
2019-10-15 03:46:07,888 [pool-27-thread-1] INFO  server.RaftServerConfigKeys (ConfUtils.java:logGet(43)) - raft.server.retrycache.expirytime = 600000ms (custom)
2019-10-15 03:46:07,914 [pool-27-thread-1] INFO  impl.RaftServerImpl (RaftServerImpl.java:start(181)) - a3cf3edf-f522-422d-92e1-14c85e0bb804@group-3A36C33532C9: start as a follower, conf=-1: [a3cf3edf-f522-422d-92e1-14c85e0bb804:192.168.151.96:46434], old=null
2019-10-15 03:46:07,915 [pool-27-thread-1] INFO  impl.RaftServerImpl (RaftServerImpl.java:setRole(170)) - a3cf3edf-f522-422d-92e1-14c85e0bb804@group-3A36C33532C9: changes role from      null to FOLLOWER at term 0 for startAsFollower
2019-10-15 03:46:07,916 [pool-27-thread-1] INFO  impl.RoleInfo (RoleInfo.java:updateAndGet(143)) - a3cf3edf-f522-422d-92e1-14c85e0bb804: start FollowerState
2019-10-15 03:46:07,917 [pool-27-thread-1] INFO  util.JmxRegister (JmxRegister.java:tryRegister(44)) - Successfully registered JMX Bean with object name Ratis:service=RaftServer,group=group-3A36C33532C9,id=a3cf3edf-f522-422d-92e1-14c85e0bb804
2019-10-15 03:46:07,982 [RatisPipelineUtilsThread] INFO  pipeline.PipelineStateManager (PipelineStateManager.java:addPipeline(56)) - Created pipeline Pipeline[ Id: 5b9c627a-af16-4934-b745-3a36c33532c9, Nodes: a3cf3edf-f522-422d-92e1-14c85e0bb804{ip: 192.168.151.96, host: pr-hdds-2194-5wssm-2368079274, networkLocation: /default-rack, certSerialId: null}, Type:RATIS, Factor:ONE, State:OPEN]
2019-10-15 03:46:08,010 [grpc-default-executor-0] INFO  impl.RaftServerProxy (RaftServerProxy.java:addNew(89)) - c2f8d357-5b51-40ae-9d70-08485fb749ef: addNew group-CFEE3149252B:[c2f8d357-5b51-40ae-9d70-08485fb749ef:192.168.151.96:32821] returns group-CFEE3149252B:java.util.concurrent.CompletableFuture@2a176b83[Not completed]
2019-10-15 03:46:08,058 [pool-67-thread-1] INFO  impl.RaftServerImpl (RaftServerImpl.java:<init>(95)) - c2f8d357-5b51-40ae-9d70-08485fb749ef: new RaftServerImpl for group-CFEE3149252B:[c2f8d357-5b51-40ae-9d70-08485fb749ef:192.168.151.96:32821] with ContainerStateMachine:uninitialized
2019-10-15 03:46:08,060 [pool-67-thread-1] INFO  server.RaftServerConfigKeys (ConfUtils.java:logGet(43)) - raft.server.rpc.timeout.min = 5s (custom)
2019-10-15 03:46:08,060 [pool-67-thread-1] INFO  server.RaftServerConfigKeys (ConfUtils.java:logGet(43)) - raft.server.rpc.timeout.max = 5200ms (custom)
2019-10-15 03:46:08,060 [pool-67-thread-1] INFO  server.RaftServerConfigKeys (ConfUtils.java:logGet(43)) - raft.server.rpcslowness.timeout = 120s (custom)
2019-10-15 03:46:08,060 [pool-67-thread-1] INFO  server.RaftServerConfigKeys (ConfUtils.java:logGet(43)) - raft.server.sleep.deviation.threshold = 300 (default)
2019-10-15 03:46:08,061 [pool-67-thread-1] INFO  server.RaftServerConfigKeys (ConfUtils.java:logGet(43)) - raft.server.log.appender.install.snapshot.enabled = false (custom)
2019-10-15 03:46:08,061 [pool-67-thread-1] INFO  impl.RaftServerImpl (ServerState.java:<init>(103)) - c2f8d357-5b51-40ae-9d70-08485fb749ef@group-CFEE3149252B: ConfigurationManager, init=-1: [c2f8d357-5b51-40ae-9d70-08485fb749ef:192.168.151.96:32821], old=null, confs=<EMPTY_MAP>
2019-10-15 03:46:08,061 [pool-67-thread-1] INFO  server.RaftServerConfigKeys (ConfUtils.java:logGet(43)) - raft.server.storage.dir = [/workdir/hadoop-ozone/integration-test/target/test-dir/MiniOzoneClusterImpl-b3c4100e-e893-4c02-8028-cfd5e9dd125a/datanode-4/data/ratis] (custom)
2019-10-15 03:46:08,061 [pool-67-thread-1] INFO  server.RaftServerConfigKeys (ConfUtils.java:logGet(43)) - raft.server.log.corruption.policy = EXCEPTION (default)
2019-10-15 03:46:08,061 [pool-67-thread-1] INFO  storage.RaftStorageDirectory (RaftStorageDirectory.java:analyzeStorage(246)) - The storage directory /workdir/hadoop-ozone/integration-test/target/test-dir/MiniOzoneClusterImpl-b3c4100e-e893-4c02-8028-cfd5e9dd125a/datanode-4/data/ratis/5931b9cd-a729-4f29-84b5-cfee3149252b does not exist. Creating ...
2019-10-15 03:46:08,106 [pool-67-thread-1] INFO  storage.RaftStorageDirectory (RaftStorageDirectory.java:tryLock(328)) - Lock on /workdir/hadoop-ozone/integration-test/target/test-dir/MiniOzoneClusterImpl-b3c4100e-e893-4c02-8028-cfd5e9dd125a/datanode-4/data/ratis/5931b9cd-a729-4f29-84b5-cfee3149252b/in_use.lock acquired by nodename 23649@pr-hdds-2194-5wssm-2368079274
2019-10-15 03:46:08,140 [pool-67-thread-1] INFO  storage.RaftStorage (RaftStorage.java:format(84)) - Storage directory /workdir/hadoop-ozone/integration-test/target/test-dir/MiniOzoneClusterImpl-b3c4100e-e893-4c02-8028-cfd5e9dd125a/datanode-4/data/ratis/5931b9cd-a729-4f29-84b5-cfee3149252b has been successfully formatted.
2019-10-15 03:46:08,143 [pool-67-thread-1] INFO  ratis.ContainerStateMachine (ContainerStateMachine.java:loadSnapshot(231)) - group-CFEE3149252B: The snapshot info is null. Setting the last applied indexto:(t:0, i:~)
2019-10-15 03:46:08,145 [pool-67-thread-1] INFO  server.RaftServerConfigKeys (ConfUtils.java:logGet(43)) - raft.server.notification.no-leader.timeout = 120s (custom)
2019-10-15 03:46:08,145 [pool-67-thread-1] INFO  server.RaftServerConfigKeys (ConfUtils.java:logGet(43)) - raft.server.log.use.memory = false (default)
2019-10-15 03:46:08,146 [pool-67-thread-1] INFO  server.RaftServerConfigKeys (ConfUtils.java:logGet(43)) - raft.server.log.purge.gap = 1000000 (custom)
2019-10-15 03:46:08,146 [pool-67-thread-1] INFO  server.RaftServerConfigKeys (ConfUtils.java:logGet(43)) - raft.server.log.appender.buffer.byte-limit = 33554432 (custom)
2019-10-15 03:46:08,146 [pool-67-thread-1] INFO  server.RaftServerConfigKeys (ConfUtils.java:logGet(43)) - raft.server.log.segment.size.max = 1048576 (custom)
2019-10-15 03:46:08,153 [pool-67-thread-1] INFO  server.RaftServerConfigKeys (ConfUtils.java:logGet(43)) - raft.server.log.segment.cache.num.max = 2 (custom)
2019-10-15 03:46:08,154 [pool-67-thread-1] INFO  segmented.SegmentedRaftLogWorker (SegmentedRaftLogWorker.java:<init>(173)) - new c2f8d357-5b51-40ae-9d70-08485fb749ef@group-CFEE3149252B-SegmentedRaftLogWorker for RaftStorage:Storage Directory /workdir/hadoop-ozone/integration-test/target/test-dir/MiniOzoneClusterImpl-b3c4100e-e893-4c02-8028-cfd5e9dd125a/datanode-4/data/ratis/5931b9cd-a729-4f29-84b5-cfee3149252b
2019-10-15 03:46:08,156 [pool-67-thread-1] INFO  server.RaftServerConfigKeys (ConfUtils.java:logGet(43)) - raft.server.log.queue.byte-limit = 2147483647 (custom)
2019-10-15 03:46:08,157 [pool-67-thread-1] INFO  server.RaftServerConfigKeys (ConfUtils.java:logGet(43)) - raft.server.log.queue.element-limit = 1024 (custom)
2019-10-15 03:46:08,157 [pool-67-thread-1] INFO  server.RaftServerConfigKeys (ConfUtils.java:logGet(43)) - raft.server.log.segment.size.max = 1048576 (custom)
2019-10-15 03:46:08,157 [pool-67-thread-1] INFO  server.RaftServerConfigKeys (ConfUtils.java:logGet(43)) - raft.server.log.preallocated.size = 16384 (custom)
2019-10-15 03:46:08,157 [pool-67-thread-1] INFO  server.RaftServerConfigKeys (ConfUtils.java:logGet(43)) - raft.server.log.write.buffer.size = 33554432 (custom)
2019-10-15 03:46:08,157 [pool-67-thread-1] INFO  server.RaftServerConfigKeys (ConfUtils.java:logGet(43)) - raft.server.log.force.sync.num = 128 (default)
2019-10-15 03:46:08,158 [pool-67-thread-1] INFO  server.RaftServerConfigKeys (ConfUtils.java:logGet(43)) - raft.server.log.statemachine.data.sync = true (default)
2019-10-15 03:46:08,158 [pool-67-thread-1] INFO  server.RaftServerConfigKeys (ConfUtils.java:logGet(43)) - raft.server.log.statemachine.data.sync.timeout = 10s (default)
2019-10-15 03:46:08,158 [pool-67-thread-1] INFO  server.RaftServerConfigKeys (ConfUtils.java:logGet(43)) - raft.server.log.statemachine.data.sync.timeout.retry = -1 (default)
2019-10-15 03:46:08,159 [pool-67-thread-1] INFO  server.RaftServerConfigKeys (ConfUtils.java:logGet(43)) - raft.server.log.statemachine.data.caching.enabled = true (custom)
2019-10-15 03:46:08,160 [pool-67-thread-1] INFO  segmented.SegmentedRaftLogWorker (SegmentedRaftLogWorker.java:lambda$new$0(128)) - c2f8d357-5b51-40ae-9d70-08485fb749ef@group-CFEE3149252B-SegmentedRaftLogWorker: flushIndex: setUnconditionally 0 -> -1
2019-10-15 03:46:08,160 [pool-67-thread-1] INFO  server.RaftServerConfigKeys (ConfUtils.java:logGet(43)) - raft.server.snapshot.auto.trigger.enabled = true (custom)
2019-10-15 03:46:08,160 [pool-67-thread-1] INFO  server.RaftServerConfigKeys (ConfUtils.java:logGet(43)) - raft.server.snapshot.auto.trigger.threshold = 10000 (custom)
2019-10-15 03:46:08,161 [pool-67-thread-1] INFO  server.RaftServerConfigKeys (ConfUtils.java:logGet(43)) - raft.server.snapshot.retention.file.num = 5 (custom)
2019-10-15 03:46:08,161 [pool-67-thread-1] INFO  server.RaftServerConfigKeys (ConfUtils.java:logGet(43)) - raft.server.retrycache.expirytime = 600000ms (custom)
2019-10-15 03:46:08,167 [pool-67-thread-1] INFO  impl.RaftServerImpl (RaftServerImpl.java:start(181)) - c2f8d357-5b51-40ae-9d70-08485fb749ef@group-CFEE3149252B: start as a follower, conf=-1: [c2f8d357-5b51-40ae-9d70-08485fb749ef:192.168.151.96:32821], old=null
2019-10-15 03:46:08,168 [pool-67-thread-1] INFO  impl.RaftServerImpl (RaftServerImpl.java:setRole(170)) - c2f8d357-5b51-40ae-9d70-08485fb749ef@group-CFEE3149252B: changes role from      null to FOLLOWER at term 0 for startAsFollower
2019-10-15 03:46:08,168 [pool-67-thread-1] INFO  impl.RoleInfo (RoleInfo.java:updateAndGet(143)) - c2f8d357-5b51-40ae-9d70-08485fb749ef: start FollowerState
2019-10-15 03:46:08,171 [pool-67-thread-1] INFO  util.JmxRegister (JmxRegister.java:tryRegister(44)) - Successfully registered JMX Bean with object name Ratis:service=RaftServer,group=group-CFEE3149252B,id=c2f8d357-5b51-40ae-9d70-08485fb749ef
2019-10-15 03:46:08,192 [RatisPipelineUtilsThread] INFO  pipeline.PipelineStateManager (PipelineStateManager.java:addPipeline(56)) - Created pipeline Pipeline[ Id: 5931b9cd-a729-4f29-84b5-cfee3149252b, Nodes: c2f8d357-5b51-40ae-9d70-08485fb749ef{ip: 192.168.151.96, host: pr-hdds-2194-5wssm-2368079274, networkLocation: /default-rack, certSerialId: null}, Type:RATIS, Factor:ONE, State:OPEN]
2019-10-15 03:46:08,216 [grpc-default-executor-0] INFO  impl.RaftServerProxy (RaftServerProxy.java:addNew(89)) - afbe96ca-b091-4d20-bab6-78cf5d09aad4: addNew group-88F6DAD611AC:[afbe96ca-b091-4d20-bab6-78cf5d09aad4:192.168.151.96:45464] returns group-88F6DAD611AC:java.util.concurrent.CompletableFuture@23081e3d[Not completed]
2019-10-15 03:46:08,239 [pool-37-thread-1] INFO  impl.RaftServerImpl (RaftServerImpl.java:<init>(95)) - afbe96ca-b091-4d20-bab6-78cf5d09aad4: new RaftServerImpl for group-88F6DAD611AC:[afbe96ca-b091-4d20-bab6-78cf5d09aad4:192.168.151.96:45464] with ContainerStateMachine:uninitialized
2019-10-15 03:46:08,240 [pool-37-thread-1] INFO  server.RaftServerConfigKeys (ConfUtils.java:logGet(43)) - raft.server.rpc.timeout.min = 5s (custom)
2019-10-15 03:46:08,240 [pool-37-thread-1] INFO  server.RaftServerConfigKeys (ConfUtils.java:logGet(43)) - raft.server.rpc.timeout.max = 5200ms (custom)
2019-10-15 03:46:08,240 [pool-37-thread-1] INFO  server.RaftServerConfigKeys (ConfUtils.java:logGet(43)) - raft.server.rpcslowness.timeout = 120s (custom)
2019-10-15 03:46:08,240 [pool-37-thread-1] INFO  server.RaftServerConfigKeys (ConfUtils.java:logGet(43)) - raft.server.sleep.deviation.threshold = 300 (default)
2019-10-15 03:46:08,240 [pool-37-thread-1] INFO  server.RaftServerConfigKeys (ConfUtils.java:logGet(43)) - raft.server.log.appender.install.snapshot.enabled = false (custom)
2019-10-15 03:46:08,240 [pool-37-thread-1] INFO  impl.RaftServerImpl (ServerState.java:<init>(103)) - afbe96ca-b091-4d20-bab6-78cf5d09aad4@group-88F6DAD611AC: ConfigurationManager, init=-1: [afbe96ca-b091-4d20-bab6-78cf5d09aad4:192.168.151.96:45464], old=null, confs=<EMPTY_MAP>
2019-10-15 03:46:08,240 [pool-37-thread-1] INFO  server.RaftServerConfigKeys (ConfUtils.java:logGet(43)) - raft.server.storage.dir = [/workdir/hadoop-ozone/integration-test/target/test-dir/MiniOzoneClusterImpl-b3c4100e-e893-4c02-8028-cfd5e9dd125a/datanode-1/data/ratis] (custom)
2019-10-15 03:46:08,241 [pool-37-thread-1] INFO  server.RaftServerConfigKeys (ConfUtils.java:logGet(43)) - raft.server.log.corruption.policy = EXCEPTION (default)
2019-10-15 03:46:08,241 [pool-37-thread-1] INFO  storage.RaftStorageDirectory (RaftStorageDirectory.java:analyzeStorage(246)) - The storage directory /workdir/hadoop-ozone/integration-test/target/test-dir/MiniOzoneClusterImpl-b3c4100e-e893-4c02-8028-cfd5e9dd125a/datanode-1/data/ratis/038b1516-1c8f-47dc-a8ac-88f6dad611ac does not exist. Creating ...
2019-10-15 03:46:08,273 [pool-37-thread-1] INFO  storage.RaftStorageDirectory (RaftStorageDirectory.java:tryLock(328)) - Lock on /workdir/hadoop-ozone/integration-test/target/test-dir/MiniOzoneClusterImpl-b3c4100e-e893-4c02-8028-cfd5e9dd125a/datanode-1/data/ratis/038b1516-1c8f-47dc-a8ac-88f6dad611ac/in_use.lock acquired by nodename 23649@pr-hdds-2194-5wssm-2368079274
2019-10-15 03:46:08,299 [pool-37-thread-1] INFO  storage.RaftStorage (RaftStorage.java:format(84)) - Storage directory /workdir/hadoop-ozone/integration-test/target/test-dir/MiniOzoneClusterImpl-b3c4100e-e893-4c02-8028-cfd5e9dd125a/datanode-1/data/ratis/038b1516-1c8f-47dc-a8ac-88f6dad611ac has been successfully formatted.
2019-10-15 03:46:08,299 [pool-37-thread-1] INFO  ratis.ContainerStateMachine (ContainerStateMachine.java:loadSnapshot(231)) - group-88F6DAD611AC: The snapshot info is null. Setting the last applied indexto:(t:0, i:~)
2019-10-15 03:46:08,299 [pool-37-thread-1] INFO  server.RaftServerConfigKeys (ConfUtils.java:logGet(43)) - raft.server.notification.no-leader.timeout = 120s (custom)
2019-10-15 03:46:08,299 [pool-37-thread-1] INFO  server.RaftServerConfigKeys (ConfUtils.java:logGet(43)) - raft.server.log.use.memory = false (default)
2019-10-15 03:46:08,299 [pool-37-thread-1] INFO  server.RaftServerConfigKeys (ConfUtils.java:logGet(43)) - raft.server.log.purge.gap = 1000000 (custom)
2019-10-15 03:46:08,300 [pool-37-thread-1] INFO  server.RaftServerConfigKeys (ConfUtils.java:logGet(43)) - raft.server.log.appender.buffer.byte-limit = 33554432 (custom)
2019-10-15 03:46:08,300 [pool-37-thread-1] INFO  server.RaftServerConfigKeys (ConfUtils.java:logGet(43)) - raft.server.log.segment.size.max = 1048576 (custom)
2019-10-15 03:46:08,339 [pool-37-thread-1] INFO  server.RaftServerConfigKeys (ConfUtils.java:logGet(43)) - raft.server.log.segment.cache.num.max = 2 (custom)
2019-10-15 03:46:08,339 [pool-37-thread-1] INFO  segmented.SegmentedRaftLogWorker (SegmentedRaftLogWorker.java:<init>(173)) - new afbe96ca-b091-4d20-bab6-78cf5d09aad4@group-88F6DAD611AC-SegmentedRaftLogWorker for RaftStorage:Storage Directory /workdir/hadoop-ozone/integration-test/target/test-dir/MiniOzoneClusterImpl-b3c4100e-e893-4c02-8028-cfd5e9dd125a/datanode-1/data/ratis/038b1516-1c8f-47dc-a8ac-88f6dad611ac
2019-10-15 03:46:08,339 [pool-37-thread-1] INFO  server.RaftServerConfigKeys (ConfUtils.java:logGet(43)) - raft.server.log.queue.byte-limit = 2147483647 (custom)
2019-10-15 03:46:08,340 [pool-37-thread-1] INFO  server.RaftServerConfigKeys (ConfUtils.java:logGet(43)) - raft.server.log.queue.element-limit = 1024 (custom)
2019-10-15 03:46:08,340 [pool-37-thread-1] INFO  server.RaftServerConfigKeys (ConfUtils.java:logGet(43)) - raft.server.log.segment.size.max = 1048576 (custom)
2019-10-15 03:46:08,340 [pool-37-thread-1] INFO  server.RaftServerConfigKeys (ConfUtils.java:logGet(43)) - raft.server.log.preallocated.size = 16384 (custom)
2019-10-15 03:46:08,340 [pool-37-thread-1] INFO  server.RaftServerConfigKeys (ConfUtils.java:logGet(43)) - raft.server.log.write.buffer.size = 33554432 (custom)
2019-10-15 03:46:08,340 [pool-37-thread-1] INFO  server.RaftServerConfigKeys (ConfUtils.java:logGet(43)) - raft.server.log.force.sync.num = 128 (default)
2019-10-15 03:46:08,341 [pool-37-thread-1] INFO  server.RaftServerConfigKeys (ConfUtils.java:logGet(43)) - raft.server.log.statemachine.data.sync = true (default)
2019-10-15 03:46:08,341 [pool-37-thread-1] INFO  server.RaftServerConfigKeys (ConfUtils.java:logGet(43)) - raft.server.log.statemachine.data.sync.timeout = 10s (default)
2019-10-15 03:46:08,341 [pool-37-thread-1] INFO  server.RaftServerConfigKeys (ConfUtils.java:logGet(43)) - raft.server.log.statemachine.data.sync.timeout.retry = -1 (default)
2019-10-15 03:46:08,342 [pool-37-thread-1] INFO  server.RaftServerConfigKeys (ConfUtils.java:logGet(43)) - raft.server.log.statemachine.data.caching.enabled = true (custom)
2019-10-15 03:46:08,342 [pool-37-thread-1] INFO  segmented.SegmentedRaftLogWorker (SegmentedRaftLogWorker.java:lambda$new$0(128)) - afbe96ca-b091-4d20-bab6-78cf5d09aad4@group-88F6DAD611AC-SegmentedRaftLogWorker: flushIndex: setUnconditionally 0 -> -1
2019-10-15 03:46:08,343 [pool-37-thread-1] INFO  server.RaftServerConfigKeys (ConfUtils.java:logGet(43)) - raft.server.snapshot.auto.trigger.enabled = true (custom)
2019-10-15 03:46:08,343 [pool-37-thread-1] INFO  server.RaftServerConfigKeys (ConfUtils.java:logGet(43)) - raft.server.snapshot.auto.trigger.threshold = 10000 (custom)
2019-10-15 03:46:08,343 [pool-37-thread-1] INFO  server.RaftServerConfigKeys (ConfUtils.java:logGet(43)) - raft.server.snapshot.retention.file.num = 5 (custom)
2019-10-15 03:46:08,344 [pool-37-thread-1] INFO  server.RaftServerConfigKeys (ConfUtils.java:logGet(43)) - raft.server.retrycache.expirytime = 600000ms (custom)
2019-10-15 03:46:08,349 [pool-37-thread-1] INFO  impl.RaftServerImpl (RaftServerImpl.java:start(181)) - afbe96ca-b091-4d20-bab6-78cf5d09aad4@group-88F6DAD611AC: start as a follower, conf=-1: [afbe96ca-b091-4d20-bab6-78cf5d09aad4:192.168.151.96:45464], old=null
2019-10-15 03:46:08,349 [pool-37-thread-1] INFO  impl.RaftServerImpl (RaftServerImpl.java:setRole(170)) - afbe96ca-b091-4d20-bab6-78cf5d09aad4@group-88F6DAD611AC: changes role from      null to FOLLOWER at term 0 for startAsFollower
2019-10-15 03:46:08,350 [pool-37-thread-1] INFO  impl.RoleInfo (RoleInfo.java:updateAndGet(143)) - afbe96ca-b091-4d20-bab6-78cf5d09aad4: start FollowerState
2019-10-15 03:46:08,350 [pool-37-thread-1] INFO  util.JmxRegister (JmxRegister.java:tryRegister(44)) - Successfully registered JMX Bean with object name Ratis:service=RaftServer,group=group-88F6DAD611AC,id=afbe96ca-b091-4d20-bab6-78cf5d09aad4
2019-10-15 03:46:08,368 [RatisPipelineUtilsThread] INFO  pipeline.PipelineStateManager (PipelineStateManager.java:addPipeline(56)) - Created pipeline Pipeline[ Id: 038b1516-1c8f-47dc-a8ac-88f6dad611ac, Nodes: afbe96ca-b091-4d20-bab6-78cf5d09aad4{ip: 192.168.151.96, host: pr-hdds-2194-5wssm-2368079274, networkLocation: /default-rack, certSerialId: null}, Type:RATIS, Factor:ONE, State:OPEN]
2019-10-15 03:46:08,389 [grpc-default-executor-0] INFO  impl.RaftServerProxy (RaftServerProxy.java:addNew(89)) - 3d054599-df0e-4848-ac46-80d59fac3196: addNew group-371773C42AD7:[3d054599-df0e-4848-ac46-80d59fac3196:192.168.151.96:34736] returns group-371773C42AD7:java.util.concurrent.CompletableFuture@4038eba1[Not completed]
2019-10-15 03:46:08,393 [pool-57-thread-1] INFO  impl.RaftServerImpl (RaftServerImpl.java:<init>(95)) - 3d054599-df0e-4848-ac46-80d59fac3196: new RaftServerImpl for group-371773C42AD7:[3d054599-df0e-4848-ac46-80d59fac3196:192.168.151.96:34736] with ContainerStateMachine:uninitialized
2019-10-15 03:46:08,393 [pool-57-thread-1] INFO  server.RaftServerConfigKeys (ConfUtils.java:logGet(43)) - raft.server.rpc.timeout.min = 5s (custom)
2019-10-15 03:46:08,394 [pool-57-thread-1] INFO  server.RaftServerConfigKeys (ConfUtils.java:logGet(43)) - raft.server.rpc.timeout.max = 5200ms (custom)
2019-10-15 03:46:08,394 [pool-57-thread-1] INFO  server.RaftServerConfigKeys (ConfUtils.java:logGet(43)) - raft.server.rpcslowness.timeout = 120s (custom)
2019-10-15 03:46:08,394 [pool-57-thread-1] INFO  server.RaftServerConfigKeys (ConfUtils.java:logGet(43)) - raft.server.sleep.deviation.threshold = 300 (default)
2019-10-15 03:46:08,394 [pool-57-thread-1] INFO  server.RaftServerConfigKeys (ConfUtils.java:logGet(43)) - raft.server.log.appender.install.snapshot.enabled = false (custom)
2019-10-15 03:46:08,394 [pool-57-thread-1] INFO  impl.RaftServerImpl (ServerState.java:<init>(103)) - 3d054599-df0e-4848-ac46-80d59fac3196@group-371773C42AD7: ConfigurationManager, init=-1: [3d054599-df0e-4848-ac46-80d59fac3196:192.168.151.96:34736], old=null, confs=<EMPTY_MAP>
2019-10-15 03:46:08,395 [pool-57-thread-1] INFO  server.RaftServerConfigKeys (ConfUtils.java:logGet(43)) - raft.server.storage.dir = [/workdir/hadoop-ozone/integration-test/target/test-dir/MiniOzoneClusterImpl-b3c4100e-e893-4c02-8028-cfd5e9dd125a/datanode-3/data/ratis] (custom)
2019-10-15 03:46:08,395 [pool-57-thread-1] INFO  server.RaftServerConfigKeys (ConfUtils.java:logGet(43)) - raft.server.log.corruption.policy = EXCEPTION (default)
2019-10-15 03:46:08,395 [pool-57-thread-1] INFO  storage.RaftStorageDirectory (RaftStorageDirectory.java:analyzeStorage(246)) - The storage directory /workdir/hadoop-ozone/integration-test/target/test-dir/MiniOzoneClusterImpl-b3c4100e-e893-4c02-8028-cfd5e9dd125a/datanode-3/data/ratis/4e0998a4-7a23-4db5-ab88-371773c42ad7 does not exist. Creating ...
2019-10-15 03:46:08,424 [pool-57-thread-1] INFO  storage.RaftStorageDirectory (RaftStorageDirectory.java:tryLock(328)) - Lock on /workdir/hadoop-ozone/integration-test/target/test-dir/MiniOzoneClusterImpl-b3c4100e-e893-4c02-8028-cfd5e9dd125a/datanode-3/data/ratis/4e0998a4-7a23-4db5-ab88-371773c42ad7/in_use.lock acquired by nodename 23649@pr-hdds-2194-5wssm-2368079274
2019-10-15 03:46:08,438 [main] INFO  ozone.MiniOzoneClusterImpl (MiniOzoneClusterImpl.java:lambda$waitForClusterToBeReady$0(147)) - Cluster is ready. Got 7 of 7 DN Heartbeats.
2019-10-15 03:46:08,449 [pool-57-thread-1] INFO  storage.RaftStorage (RaftStorage.java:format(84)) - Storage directory /workdir/hadoop-ozone/integration-test/target/test-dir/MiniOzoneClusterImpl-b3c4100e-e893-4c02-8028-cfd5e9dd125a/datanode-3/data/ratis/4e0998a4-7a23-4db5-ab88-371773c42ad7 has been successfully formatted.
2019-10-15 03:46:08,450 [pool-57-thread-1] INFO  ratis.ContainerStateMachine (ContainerStateMachine.java:loadSnapshot(231)) - group-371773C42AD7: The snapshot info is null. Setting the last applied indexto:(t:0, i:~)
2019-10-15 03:46:08,450 [pool-57-thread-1] INFO  server.RaftServerConfigKeys (ConfUtils.java:logGet(43)) - raft.server.notification.no-leader.timeout = 120s (custom)
2019-10-15 03:46:08,450 [pool-57-thread-1] INFO  server.RaftServerConfigKeys (ConfUtils.java:logGet(43)) - raft.server.log.use.memory = false (default)
2019-10-15 03:46:08,450 [pool-57-thread-1] INFO  server.RaftServerConfigKeys (ConfUtils.java:logGet(43)) - raft.server.log.purge.gap = 1000000 (custom)
2019-10-15 03:46:08,450 [pool-57-thread-1] INFO  server.RaftServerConfigKeys (ConfUtils.java:logGet(43)) - raft.server.log.appender.buffer.byte-limit = 33554432 (custom)
2019-10-15 03:46:08,451 [pool-57-thread-1] INFO  server.RaftServerConfigKeys (ConfUtils.java:logGet(43)) - raft.server.log.segment.size.max = 1048576 (custom)
2019-10-15 03:46:08,454 [pool-57-thread-1] INFO  server.RaftServerConfigKeys (ConfUtils.java:logGet(43)) - raft.server.log.segment.cache.num.max = 2 (custom)
2019-10-15 03:46:08,454 [pool-57-thread-1] INFO  segmented.SegmentedRaftLogWorker (SegmentedRaftLogWorker.java:<init>(173)) - new 3d054599-df0e-4848-ac46-80d59fac3196@group-371773C42AD7-SegmentedRaftLogWorker for RaftStorage:Storage Directory /workdir/hadoop-ozone/integration-test/target/test-dir/MiniOzoneClusterImpl-b3c4100e-e893-4c02-8028-cfd5e9dd125a/datanode-3/data/ratis/4e0998a4-7a23-4db5-ab88-371773c42ad7
2019-10-15 03:46:08,454 [pool-57-thread-1] INFO  server.RaftServerConfigKeys (ConfUtils.java:logGet(43)) - raft.server.log.queue.byte-limit = 2147483647 (custom)
2019-10-15 03:46:08,454 [pool-57-thread-1] INFO  server.RaftServerConfigKeys (ConfUtils.java:logGet(43)) - raft.server.log.queue.element-limit = 1024 (custom)
2019-10-15 03:46:08,454 [pool-57-thread-1] INFO  server.RaftServerConfigKeys (ConfUtils.java:logGet(43)) - raft.server.log.segment.size.max = 1048576 (custom)
2019-10-15 03:46:08,454 [pool-57-thread-1] INFO  server.RaftServerConfigKeys (ConfUtils.java:logGet(43)) - raft.server.log.preallocated.size = 16384 (custom)
2019-10-15 03:46:08,455 [pool-57-thread-1] INFO  server.RaftServerConfigKeys (ConfUtils.java:logGet(43)) - raft.server.log.write.buffer.size = 33554432 (custom)
2019-10-15 03:46:08,455 [pool-57-thread-1] INFO  server.RaftServerConfigKeys (ConfUtils.java:logGet(43)) - raft.server.log.force.sync.num = 128 (default)
2019-10-15 03:46:08,455 [pool-57-thread-1] INFO  server.RaftServerConfigKeys (ConfUtils.java:logGet(43)) - raft.server.log.statemachine.data.sync = true (default)
2019-10-15 03:46:08,455 [pool-57-thread-1] INFO  server.RaftServerConfigKeys (ConfUtils.java:logGet(43)) - raft.server.log.statemachine.data.sync.timeout = 10s (default)
2019-10-15 03:46:08,455 [pool-57-thread-1] INFO  server.RaftServerConfigKeys (ConfUtils.java:logGet(43)) - raft.server.log.statemachine.data.sync.timeout.retry = -1 (default)
2019-10-15 03:46:08,456 [pool-57-thread-1] INFO  server.RaftServerConfigKeys (ConfUtils.java:logGet(43)) - raft.server.log.statemachine.data.caching.enabled = true (custom)
2019-10-15 03:46:08,456 [pool-57-thread-1] INFO  segmented.SegmentedRaftLogWorker (SegmentedRaftLogWorker.java:lambda$new$0(128)) - 3d054599-df0e-4848-ac46-80d59fac3196@group-371773C42AD7-SegmentedRaftLogWorker: flushIndex: setUnconditionally 0 -> -1
2019-10-15 03:46:08,456 [pool-57-thread-1] INFO  server.RaftServerConfigKeys (ConfUtils.java:logGet(43)) - raft.server.snapshot.auto.trigger.enabled = true (custom)
2019-10-15 03:46:08,456 [pool-57-thread-1] INFO  server.RaftServerConfigKeys (ConfUtils.java:logGet(43)) - raft.server.snapshot.auto.trigger.threshold = 10000 (custom)
2019-10-15 03:46:08,456 [pool-57-thread-1] INFO  server.RaftServerConfigKeys (ConfUtils.java:logGet(43)) - raft.server.snapshot.retention.file.num = 5 (custom)
2019-10-15 03:46:08,457 [pool-57-thread-1] INFO  server.RaftServerConfigKeys (ConfUtils.java:logGet(43)) - raft.server.retrycache.expirytime = 600000ms (custom)
2019-10-15 03:46:08,459 [pool-57-thread-1] INFO  impl.RaftServerImpl (RaftServerImpl.java:start(181)) - 3d054599-df0e-4848-ac46-80d59fac3196@group-371773C42AD7: start as a follower, conf=-1: [3d054599-df0e-4848-ac46-80d59fac3196:192.168.151.96:34736], old=null
2019-10-15 03:46:08,459 [pool-57-thread-1] INFO  impl.RaftServerImpl (RaftServerImpl.java:setRole(170)) - 3d054599-df0e-4848-ac46-80d59fac3196@group-371773C42AD7: changes role from      null to FOLLOWER at term 0 for startAsFollower
2019-10-15 03:46:08,460 [pool-57-thread-1] INFO  impl.RoleInfo (RoleInfo.java:updateAndGet(143)) - 3d054599-df0e-4848-ac46-80d59fac3196: start FollowerState
2019-10-15 03:46:08,460 [pool-57-thread-1] INFO  util.JmxRegister (JmxRegister.java:tryRegister(44)) - Successfully registered JMX Bean with object name Ratis:service=RaftServer,group=group-371773C42AD7,id=3d054599-df0e-4848-ac46-80d59fac3196
2019-10-15 03:46:08,494 [RatisPipelineUtilsThread] INFO  pipeline.PipelineStateManager (PipelineStateManager.java:addPipeline(56)) - Created pipeline Pipeline[ Id: 4e0998a4-7a23-4db5-ab88-371773c42ad7, Nodes: 3d054599-df0e-4848-ac46-80d59fac3196{ip: 192.168.151.96, host: pr-hdds-2194-5wssm-2368079274, networkLocation: /default-rack, certSerialId: null}, Type:RATIS, Factor:ONE, State:OPEN]
2019-10-15 03:46:08,518 [grpc-default-executor-0] INFO  impl.RaftServerProxy (RaftServerProxy.java:addNew(89)) - f095ffe7-dd78-4a83-a1e3-b07de5750b91: addNew group-C97196A71895:[f095ffe7-dd78-4a83-a1e3-b07de5750b91:192.168.151.96:36545] returns group-C97196A71895:java.util.concurrent.CompletableFuture@45035dc7[Not completed]
2019-10-15 03:46:08,523 [pool-77-thread-1] INFO  impl.RaftServerImpl (RaftServerImpl.java:<init>(95)) - f095ffe7-dd78-4a83-a1e3-b07de5750b91: new RaftServerImpl for group-C97196A71895:[f095ffe7-dd78-4a83-a1e3-b07de5750b91:192.168.151.96:36545] with ContainerStateMachine:uninitialized
2019-10-15 03:46:08,524 [pool-77-thread-1] INFO  server.RaftServerConfigKeys (ConfUtils.java:logGet(43)) - raft.server.rpc.timeout.min = 5s (custom)
2019-10-15 03:46:08,524 [pool-77-thread-1] INFO  server.RaftServerConfigKeys (ConfUtils.java:logGet(43)) - raft.server.rpc.timeout.max = 5200ms (custom)
2019-10-15 03:46:08,524 [pool-77-thread-1] INFO  server.RaftServerConfigKeys (ConfUtils.java:logGet(43)) - raft.server.rpcslowness.timeout = 120s (custom)
2019-10-15 03:46:08,524 [pool-77-thread-1] INFO  server.RaftServerConfigKeys (ConfUtils.java:logGet(43)) - raft.server.sleep.deviation.threshold = 300 (default)
2019-10-15 03:46:08,524 [pool-77-thread-1] INFO  server.RaftServerConfigKeys (ConfUtils.java:logGet(43)) - raft.server.log.appender.install.snapshot.enabled = false (custom)
2019-10-15 03:46:08,524 [pool-77-thread-1] INFO  impl.RaftServerImpl (ServerState.java:<init>(103)) - f095ffe7-dd78-4a83-a1e3-b07de5750b91@group-C97196A71895: ConfigurationManager, init=-1: [f095ffe7-dd78-4a83-a1e3-b07de5750b91:192.168.151.96:36545], old=null, confs=<EMPTY_MAP>
2019-10-15 03:46:08,524 [pool-77-thread-1] INFO  server.RaftServerConfigKeys (ConfUtils.java:logGet(43)) - raft.server.storage.dir = [/workdir/hadoop-ozone/integration-test/target/test-dir/MiniOzoneClusterImpl-b3c4100e-e893-4c02-8028-cfd5e9dd125a/datanode-5/data/ratis] (custom)
2019-10-15 03:46:08,524 [pool-77-thread-1] INFO  server.RaftServerConfigKeys (ConfUtils.java:logGet(43)) - raft.server.log.corruption.policy = EXCEPTION (default)
2019-10-15 03:46:08,525 [pool-77-thread-1] INFO  storage.RaftStorageDirectory (RaftStorageDirectory.java:analyzeStorage(246)) - The storage directory /workdir/hadoop-ozone/integration-test/target/test-dir/MiniOzoneClusterImpl-b3c4100e-e893-4c02-8028-cfd5e9dd125a/datanode-5/data/ratis/9e1a1246-6662-4e36-b8e6-c97196a71895 does not exist. Creating ...
2019-10-15 03:46:08,550 [pool-77-thread-1] INFO  storage.RaftStorageDirectory (RaftStorageDirectory.java:tryLock(328)) - Lock on /workdir/hadoop-ozone/integration-test/target/test-dir/MiniOzoneClusterImpl-b3c4100e-e893-4c02-8028-cfd5e9dd125a/datanode-5/data/ratis/9e1a1246-6662-4e36-b8e6-c97196a71895/in_use.lock acquired by nodename 23649@pr-hdds-2194-5wssm-2368079274
2019-10-15 03:46:08,575 [pool-77-thread-1] INFO  storage.RaftStorage (RaftStorage.java:format(84)) - Storage directory /workdir/hadoop-ozone/integration-test/target/test-dir/MiniOzoneClusterImpl-b3c4100e-e893-4c02-8028-cfd5e9dd125a/datanode-5/data/ratis/9e1a1246-6662-4e36-b8e6-c97196a71895 has been successfully formatted.
2019-10-15 03:46:08,576 [pool-77-thread-1] INFO  ratis.ContainerStateMachine (ContainerStateMachine.java:loadSnapshot(231)) - group-C97196A71895: The snapshot info is null. Setting the last applied indexto:(t:0, i:~)
2019-10-15 03:46:08,576 [pool-77-thread-1] INFO  server.RaftServerConfigKeys (ConfUtils.java:logGet(43)) - raft.server.notification.no-leader.timeout = 120s (custom)
2019-10-15 03:46:08,576 [pool-77-thread-1] INFO  server.RaftServerConfigKeys (ConfUtils.java:logGet(43)) - raft.server.log.use.memory = false (default)
2019-10-15 03:46:08,576 [pool-77-thread-1] INFO  server.RaftServerConfigKeys (ConfUtils.java:logGet(43)) - raft.server.log.purge.gap = 1000000 (custom)
2019-10-15 03:46:08,577 [pool-77-thread-1] INFO  server.RaftServerConfigKeys (ConfUtils.java:logGet(43)) - raft.server.log.appender.buffer.byte-limit = 33554432 (custom)
2019-10-15 03:46:08,577 [pool-77-thread-1] INFO  server.RaftServerConfigKeys (ConfUtils.java:logGet(43)) - raft.server.log.segment.size.max = 1048576 (custom)
2019-10-15 03:46:08,581 [pool-77-thread-1] INFO  server.RaftServerConfigKeys (ConfUtils.java:logGet(43)) - raft.server.log.segment.cache.num.max = 2 (custom)
2019-10-15 03:46:08,581 [pool-77-thread-1] INFO  segmented.SegmentedRaftLogWorker (SegmentedRaftLogWorker.java:<init>(173)) - new f095ffe7-dd78-4a83-a1e3-b07de5750b91@group-C97196A71895-SegmentedRaftLogWorker for RaftStorage:Storage Directory /workdir/hadoop-ozone/integration-test/target/test-dir/MiniOzoneClusterImpl-b3c4100e-e893-4c02-8028-cfd5e9dd125a/datanode-5/data/ratis/9e1a1246-6662-4e36-b8e6-c97196a71895
2019-10-15 03:46:08,581 [pool-77-thread-1] INFO  server.RaftServerConfigKeys (ConfUtils.java:logGet(43)) - raft.server.log.queue.byte-limit = 2147483647 (custom)
2019-10-15 03:46:08,581 [pool-77-thread-1] INFO  server.RaftServerConfigKeys (ConfUtils.java:logGet(43)) - raft.server.log.queue.element-limit = 1024 (custom)
2019-10-15 03:46:08,582 [pool-77-thread-1] INFO  server.RaftServerConfigKeys (ConfUtils.java:logGet(43)) - raft.server.log.segment.size.max = 1048576 (custom)
2019-10-15 03:46:08,582 [pool-77-thread-1] INFO  server.RaftServerConfigKeys (ConfUtils.java:logGet(43)) - raft.server.log.preallocated.size = 16384 (custom)
2019-10-15 03:46:08,582 [pool-77-thread-1] INFO  server.RaftServerConfigKeys (ConfUtils.java:logGet(43)) - raft.server.log.write.buffer.size = 33554432 (custom)
2019-10-15 03:46:08,582 [pool-77-thread-1] INFO  server.RaftServerConfigKeys (ConfUtils.java:logGet(43)) - raft.server.log.force.sync.num = 128 (default)
2019-10-15 03:46:08,582 [pool-77-thread-1] INFO  server.RaftServerConfigKeys (ConfUtils.java:logGet(43)) - raft.server.log.statemachine.data.sync = true (default)
2019-10-15 03:46:08,582 [pool-77-thread-1] INFO  server.RaftServerConfigKeys (ConfUtils.java:logGet(43)) - raft.server.log.statemachine.data.sync.timeout = 10s (default)
2019-10-15 03:46:08,583 [pool-77-thread-1] INFO  server.RaftServerConfigKeys (ConfUtils.java:logGet(43)) - raft.server.log.statemachine.data.sync.timeout.retry = -1 (default)
2019-10-15 03:46:08,583 [pool-77-thread-1] INFO  server.RaftServerConfigKeys (ConfUtils.java:logGet(43)) - raft.server.log.statemachine.data.caching.enabled = true (custom)
2019-10-15 03:46:08,584 [pool-77-thread-1] INFO  segmented.SegmentedRaftLogWorker (SegmentedRaftLogWorker.java:lambda$new$0(128)) - f095ffe7-dd78-4a83-a1e3-b07de5750b91@group-C97196A71895-SegmentedRaftLogWorker: flushIndex: setUnconditionally 0 -> -1
2019-10-15 03:46:08,584 [pool-77-thread-1] INFO  server.RaftServerConfigKeys (ConfUtils.java:logGet(43)) - raft.server.snapshot.auto.trigger.enabled = true (custom)
2019-10-15 03:46:08,584 [pool-77-thread-1] INFO  server.RaftServerConfigKeys (ConfUtils.java:logGet(43)) - raft.server.snapshot.auto.trigger.threshold = 10000 (custom)
2019-10-15 03:46:08,585 [pool-77-thread-1] INFO  server.RaftServerConfigKeys (ConfUtils.java:logGet(43)) - raft.server.snapshot.retention.file.num = 5 (custom)
2019-10-15 03:46:08,585 [pool-77-thread-1] INFO  server.RaftServerConfigKeys (ConfUtils.java:logGet(43)) - raft.server.retrycache.expirytime = 600000ms (custom)
2019-10-15 03:46:08,588 [pool-77-thread-1] INFO  impl.RaftServerImpl (RaftServerImpl.java:start(181)) - f095ffe7-dd78-4a83-a1e3-b07de5750b91@group-C97196A71895: start as a follower, conf=-1: [f095ffe7-dd78-4a83-a1e3-b07de5750b91:192.168.151.96:36545], old=null
2019-10-15 03:46:08,588 [pool-77-thread-1] INFO  impl.RaftServerImpl (RaftServerImpl.java:setRole(170)) - f095ffe7-dd78-4a83-a1e3-b07de5750b91@group-C97196A71895: changes role from      null to FOLLOWER at term 0 for startAsFollower
2019-10-15 03:46:08,589 [pool-77-thread-1] INFO  impl.RoleInfo (RoleInfo.java:updateAndGet(143)) - f095ffe7-dd78-4a83-a1e3-b07de5750b91: start FollowerState
2019-10-15 03:46:08,589 [pool-77-thread-1] INFO  util.JmxRegister (JmxRegister.java:tryRegister(44)) - Successfully registered JMX Bean with object name Ratis:service=RaftServer,group=group-C97196A71895,id=f095ffe7-dd78-4a83-a1e3-b07de5750b91
2019-10-15 03:46:08,607 [RatisPipelineUtilsThread] INFO  pipeline.PipelineStateManager (PipelineStateManager.java:addPipeline(56)) - Created pipeline Pipeline[ Id: 9e1a1246-6662-4e36-b8e6-c97196a71895, Nodes: f095ffe7-dd78-4a83-a1e3-b07de5750b91{ip: 192.168.151.96, host: pr-hdds-2194-5wssm-2368079274, networkLocation: /default-rack, certSerialId: null}, Type:RATIS, Factor:ONE, State:OPEN]
2019-10-15 03:46:08,627 [grpc-default-executor-0] INFO  impl.RaftServerProxy (RaftServerProxy.java:addNew(89)) - 414c303c-c4ef-43c7-bcb9-fd9e84137571: addNew group-BC9C29DA6BBE:[414c303c-c4ef-43c7-bcb9-fd9e84137571:192.168.151.96:46476] returns group-BC9C29DA6BBE:java.util.concurrent.CompletableFuture@450efc60[Not completed]
2019-10-15 03:46:08,631 [pool-87-thread-1] INFO  impl.RaftServerImpl (RaftServerImpl.java:<init>(95)) - 414c303c-c4ef-43c7-bcb9-fd9e84137571: new RaftServerImpl for group-BC9C29DA6BBE:[414c303c-c4ef-43c7-bcb9-fd9e84137571:192.168.151.96:46476] with ContainerStateMachine:uninitialized
2019-10-15 03:46:08,631 [pool-87-thread-1] INFO  server.RaftServerConfigKeys (ConfUtils.java:logGet(43)) - raft.server.rpc.timeout.min = 5s (custom)
2019-10-15 03:46:08,632 [pool-87-thread-1] INFO  server.RaftServerConfigKeys (ConfUtils.java:logGet(43)) - raft.server.rpc.timeout.max = 5200ms (custom)
2019-10-15 03:46:08,632 [pool-87-thread-1] INFO  server.RaftServerConfigKeys (ConfUtils.java:logGet(43)) - raft.server.rpcslowness.timeout = 120s (custom)
2019-10-15 03:46:08,632 [pool-87-thread-1] INFO  server.RaftServerConfigKeys (ConfUtils.java:logGet(43)) - raft.server.sleep.deviation.threshold = 300 (default)
2019-10-15 03:46:08,632 [pool-87-thread-1] INFO  server.RaftServerConfigKeys (ConfUtils.java:logGet(43)) - raft.server.log.appender.install.snapshot.enabled = false (custom)
2019-10-15 03:46:08,632 [pool-87-thread-1] INFO  impl.RaftServerImpl (ServerState.java:<init>(103)) - 414c303c-c4ef-43c7-bcb9-fd9e84137571@group-BC9C29DA6BBE: ConfigurationManager, init=-1: [414c303c-c4ef-43c7-bcb9-fd9e84137571:192.168.151.96:46476], old=null, confs=<EMPTY_MAP>
2019-10-15 03:46:08,632 [pool-87-thread-1] INFO  server.RaftServerConfigKeys (ConfUtils.java:logGet(43)) - raft.server.storage.dir = [/workdir/hadoop-ozone/integration-test/target/test-dir/MiniOzoneClusterImpl-b3c4100e-e893-4c02-8028-cfd5e9dd125a/datanode-6/data/ratis] (custom)
2019-10-15 03:46:08,633 [pool-87-thread-1] INFO  server.RaftServerConfigKeys (ConfUtils.java:logGet(43)) - raft.server.log.corruption.policy = EXCEPTION (default)
2019-10-15 03:46:08,633 [pool-87-thread-1] INFO  storage.RaftStorageDirectory (RaftStorageDirectory.java:analyzeStorage(246)) - The storage directory /workdir/hadoop-ozone/integration-test/target/test-dir/MiniOzoneClusterImpl-b3c4100e-e893-4c02-8028-cfd5e9dd125a/datanode-6/data/ratis/0a759cd7-30ed-4859-b164-bc9c29da6bbe does not exist. Creating ...
2019-10-15 03:46:08,668 [pool-87-thread-1] INFO  storage.RaftStorageDirectory (RaftStorageDirectory.java:tryLock(328)) - Lock on /workdir/hadoop-ozone/integration-test/target/test-dir/MiniOzoneClusterImpl-b3c4100e-e893-4c02-8028-cfd5e9dd125a/datanode-6/data/ratis/0a759cd7-30ed-4859-b164-bc9c29da6bbe/in_use.lock acquired by nodename 23649@pr-hdds-2194-5wssm-2368079274
2019-10-15 03:46:08,702 [pool-87-thread-1] INFO  storage.RaftStorage (RaftStorage.java:format(84)) - Storage directory /workdir/hadoop-ozone/integration-test/target/test-dir/MiniOzoneClusterImpl-b3c4100e-e893-4c02-8028-cfd5e9dd125a/datanode-6/data/ratis/0a759cd7-30ed-4859-b164-bc9c29da6bbe has been successfully formatted.
2019-10-15 03:46:08,702 [pool-87-thread-1] INFO  ratis.ContainerStateMachine (ContainerStateMachine.java:loadSnapshot(231)) - group-BC9C29DA6BBE: The snapshot info is null. Setting the last applied indexto:(t:0, i:~)
2019-10-15 03:46:08,703 [pool-87-thread-1] INFO  server.RaftServerConfigKeys (ConfUtils.java:logGet(43)) - raft.server.notification.no-leader.timeout = 120s (custom)
2019-10-15 03:46:08,703 [pool-87-thread-1] INFO  server.RaftServerConfigKeys (ConfUtils.java:logGet(43)) - raft.server.log.use.memory = false (default)
2019-10-15 03:46:08,703 [pool-87-thread-1] INFO  server.RaftServerConfigKeys (ConfUtils.java:logGet(43)) - raft.server.log.purge.gap = 1000000 (custom)
2019-10-15 03:46:08,703 [pool-87-thread-1] INFO  server.RaftServerConfigKeys (ConfUtils.java:logGet(43)) - raft.server.log.appender.buffer.byte-limit = 33554432 (custom)
2019-10-15 03:46:08,703 [pool-87-thread-1] INFO  server.RaftServerConfigKeys (ConfUtils.java:logGet(43)) - raft.server.log.segment.size.max = 1048576 (custom)
2019-10-15 03:46:08,705 [pool-87-thread-1] INFO  server.RaftServerConfigKeys (ConfUtils.java:logGet(43)) - raft.server.log.segment.cache.num.max = 2 (custom)
2019-10-15 03:46:08,706 [pool-87-thread-1] INFO  segmented.SegmentedRaftLogWorker (SegmentedRaftLogWorker.java:<init>(173)) - new 414c303c-c4ef-43c7-bcb9-fd9e84137571@group-BC9C29DA6BBE-SegmentedRaftLogWorker for RaftStorage:Storage Directory /workdir/hadoop-ozone/integration-test/target/test-dir/MiniOzoneClusterImpl-b3c4100e-e893-4c02-8028-cfd5e9dd125a/datanode-6/data/ratis/0a759cd7-30ed-4859-b164-bc9c29da6bbe
2019-10-15 03:46:08,706 [pool-87-thread-1] INFO  server.RaftServerConfigKeys (ConfUtils.java:logGet(43)) - raft.server.log.queue.byte-limit = 2147483647 (custom)
2019-10-15 03:46:08,706 [pool-87-thread-1] INFO  server.RaftServerConfigKeys (ConfUtils.java:logGet(43)) - raft.server.log.queue.element-limit = 1024 (custom)
2019-10-15 03:46:08,706 [pool-87-thread-1] INFO  server.RaftServerConfigKeys (ConfUtils.java:logGet(43)) - raft.server.log.segment.size.max = 1048576 (custom)
2019-10-15 03:46:08,706 [pool-87-thread-1] INFO  server.RaftServerConfigKeys (ConfUtils.java:logGet(43)) - raft.server.log.preallocated.size = 16384 (custom)
2019-10-15 03:46:08,706 [pool-87-thread-1] INFO  server.RaftServerConfigKeys (ConfUtils.java:logGet(43)) - raft.server.log.write.buffer.size = 33554432 (custom)
2019-10-15 03:46:08,706 [pool-87-thread-1] INFO  server.RaftServerConfigKeys (ConfUtils.java:logGet(43)) - raft.server.log.force.sync.num = 128 (default)
2019-10-15 03:46:08,706 [pool-87-thread-1] INFO  server.RaftServerConfigKeys (ConfUtils.java:logGet(43)) - raft.server.log.statemachine.data.sync = true (default)
2019-10-15 03:46:08,707 [pool-87-thread-1] INFO  server.RaftServerConfigKeys (ConfUtils.java:logGet(43)) - raft.server.log.statemachine.data.sync.timeout = 10s (default)
2019-10-15 03:46:08,707 [pool-87-thread-1] INFO  server.RaftServerConfigKeys (ConfUtils.java:logGet(43)) - raft.server.log.statemachine.data.sync.timeout.retry = -1 (default)
2019-10-15 03:46:08,707 [pool-87-thread-1] INFO  server.RaftServerConfigKeys (ConfUtils.java:logGet(43)) - raft.server.log.statemachine.data.caching.enabled = true (custom)
2019-10-15 03:46:08,707 [pool-87-thread-1] INFO  segmented.SegmentedRaftLogWorker (SegmentedRaftLogWorker.java:lambda$new$0(128)) - 414c303c-c4ef-43c7-bcb9-fd9e84137571@group-BC9C29DA6BBE-SegmentedRaftLogWorker: flushIndex: setUnconditionally 0 -> -1
2019-10-15 03:46:08,708 [pool-87-thread-1] INFO  server.RaftServerConfigKeys (ConfUtils.java:logGet(43)) - raft.server.snapshot.auto.trigger.enabled = true (custom)
2019-10-15 03:46:08,708 [pool-87-thread-1] INFO  server.RaftServerConfigKeys (ConfUtils.java:logGet(43)) - raft.server.snapshot.auto.trigger.threshold = 10000 (custom)
2019-10-15 03:46:08,708 [pool-87-thread-1] INFO  server.RaftServerConfigKeys (ConfUtils.java:logGet(43)) - raft.server.snapshot.retention.file.num = 5 (custom)
2019-10-15 03:46:08,708 [pool-87-thread-1] INFO  server.RaftServerConfigKeys (ConfUtils.java:logGet(43)) - raft.server.retrycache.expirytime = 600000ms (custom)
2019-10-15 03:46:08,710 [pool-87-thread-1] INFO  impl.RaftServerImpl (RaftServerImpl.java:start(181)) - 414c303c-c4ef-43c7-bcb9-fd9e84137571@group-BC9C29DA6BBE: start as a follower, conf=-1: [414c303c-c4ef-43c7-bcb9-fd9e84137571:192.168.151.96:46476], old=null
2019-10-15 03:46:08,710 [pool-87-thread-1] INFO  impl.RaftServerImpl (RaftServerImpl.java:setRole(170)) - 414c303c-c4ef-43c7-bcb9-fd9e84137571@group-BC9C29DA6BBE: changes role from      null to FOLLOWER at term 0 for startAsFollower
2019-10-15 03:46:08,710 [pool-87-thread-1] INFO  impl.RoleInfo (RoleInfo.java:updateAndGet(143)) - 414c303c-c4ef-43c7-bcb9-fd9e84137571: start FollowerState
2019-10-15 03:46:08,711 [pool-87-thread-1] INFO  util.JmxRegister (JmxRegister.java:tryRegister(44)) - Successfully registered JMX Bean with object name Ratis:service=RaftServer,group=group-BC9C29DA6BBE,id=414c303c-c4ef-43c7-bcb9-fd9e84137571
2019-10-15 03:46:08,722 [RatisPipelineUtilsThread] INFO  pipeline.PipelineStateManager (PipelineStateManager.java:addPipeline(56)) - Created pipeline Pipeline[ Id: 0a759cd7-30ed-4859-b164-bc9c29da6bbe, Nodes: 414c303c-c4ef-43c7-bcb9-fd9e84137571{ip: 192.168.151.96, host: pr-hdds-2194-5wssm-2368079274, networkLocation: /default-rack, certSerialId: null}, Type:RATIS, Factor:ONE, State:OPEN]
2019-10-15 03:46:08,733 [grpc-default-executor-0] INFO  impl.RaftServerProxy (RaftServerProxy.java:addNew(89)) - 4b7383e3-04b5-459c-b6b2-cddfc28028ca: addNew group-90333446518D:[4b7383e3-04b5-459c-b6b2-cddfc28028ca:192.168.151.96:44383] returns group-90333446518D:java.util.concurrent.CompletableFuture@be8825[Not completed]
2019-10-15 03:46:08,738 [pool-47-thread-1] INFO  impl.RaftServerImpl (RaftServerImpl.java:<init>(95)) - 4b7383e3-04b5-459c-b6b2-cddfc28028ca: new RaftServerImpl for group-90333446518D:[4b7383e3-04b5-459c-b6b2-cddfc28028ca:192.168.151.96:44383] with ContainerStateMachine:uninitialized
2019-10-15 03:46:08,738 [pool-47-thread-1] INFO  server.RaftServerConfigKeys (ConfUtils.java:logGet(43)) - raft.server.rpc.timeout.min = 5s (custom)
2019-10-15 03:46:08,738 [pool-47-thread-1] INFO  server.RaftServerConfigKeys (ConfUtils.java:logGet(43)) - raft.server.rpc.timeout.max = 5200ms (custom)
2019-10-15 03:46:08,738 [pool-47-thread-1] INFO  server.RaftServerConfigKeys (ConfUtils.java:logGet(43)) - raft.server.rpcslowness.timeout = 120s (custom)
2019-10-15 03:46:08,739 [pool-47-thread-1] INFO  server.RaftServerConfigKeys (ConfUtils.java:logGet(43)) - raft.server.sleep.deviation.threshold = 300 (default)
2019-10-15 03:46:08,739 [pool-47-thread-1] INFO  server.RaftServerConfigKeys (ConfUtils.java:logGet(43)) - raft.server.log.appender.install.snapshot.enabled = false (custom)
2019-10-15 03:46:08,739 [pool-47-thread-1] INFO  impl.RaftServerImpl (ServerState.java:<init>(103)) - 4b7383e3-04b5-459c-b6b2-cddfc28028ca@group-90333446518D: ConfigurationManager, init=-1: [4b7383e3-04b5-459c-b6b2-cddfc28028ca:192.168.151.96:44383], old=null, confs=<EMPTY_MAP>
2019-10-15 03:46:08,739 [pool-47-thread-1] INFO  server.RaftServerConfigKeys (ConfUtils.java:logGet(43)) - raft.server.storage.dir = [/workdir/hadoop-ozone/integration-test/target/test-dir/MiniOzoneClusterImpl-b3c4100e-e893-4c02-8028-cfd5e9dd125a/datanode-2/data/ratis] (custom)
2019-10-15 03:46:08,740 [pool-47-thread-1] INFO  server.RaftServerConfigKeys (ConfUtils.java:logGet(43)) - raft.server.log.corruption.policy = EXCEPTION (default)
2019-10-15 03:46:08,740 [pool-47-thread-1] INFO  storage.RaftStorageDirectory (RaftStorageDirectory.java:analyzeStorage(246)) - The storage directory /workdir/hadoop-ozone/integration-test/target/test-dir/MiniOzoneClusterImpl-b3c4100e-e893-4c02-8028-cfd5e9dd125a/datanode-2/data/ratis/8948dceb-5ffd-4855-b631-90333446518d does not exist. Creating ...
2019-10-15 03:46:08,777 [pool-47-thread-1] INFO  storage.RaftStorageDirectory (RaftStorageDirectory.java:tryLock(328)) - Lock on /workdir/hadoop-ozone/integration-test/target/test-dir/MiniOzoneClusterImpl-b3c4100e-e893-4c02-8028-cfd5e9dd125a/datanode-2/data/ratis/8948dceb-5ffd-4855-b631-90333446518d/in_use.lock acquired by nodename 23649@pr-hdds-2194-5wssm-2368079274
2019-10-15 03:46:08,811 [pool-47-thread-1] INFO  storage.RaftStorage (RaftStorage.java:format(84)) - Storage directory /workdir/hadoop-ozone/integration-test/target/test-dir/MiniOzoneClusterImpl-b3c4100e-e893-4c02-8028-cfd5e9dd125a/datanode-2/data/ratis/8948dceb-5ffd-4855-b631-90333446518d has been successfully formatted.
2019-10-15 03:46:08,812 [pool-47-thread-1] INFO  ratis.ContainerStateMachine (ContainerStateMachine.java:loadSnapshot(231)) - group-90333446518D: The snapshot info is null. Setting the last applied indexto:(t:0, i:~)
2019-10-15 03:46:08,812 [pool-47-thread-1] INFO  server.RaftServerConfigKeys (ConfUtils.java:logGet(43)) - raft.server.notification.no-leader.timeout = 120s (custom)
2019-10-15 03:46:08,812 [pool-47-thread-1] INFO  server.RaftServerConfigKeys (ConfUtils.java:logGet(43)) - raft.server.log.use.memory = false (default)
2019-10-15 03:46:08,812 [pool-47-thread-1] INFO  server.RaftServerConfigKeys (ConfUtils.java:logGet(43)) - raft.server.log.purge.gap = 1000000 (custom)
2019-10-15 03:46:08,812 [pool-47-thread-1] INFO  server.RaftServerConfigKeys (ConfUtils.java:logGet(43)) - raft.server.log.appender.buffer.byte-limit = 33554432 (custom)
2019-10-15 03:46:08,813 [pool-47-thread-1] INFO  server.RaftServerConfigKeys (ConfUtils.java:logGet(43)) - raft.server.log.segment.size.max = 1048576 (custom)
2019-10-15 03:46:08,815 [pool-47-thread-1] INFO  server.RaftServerConfigKeys (ConfUtils.java:logGet(43)) - raft.server.log.segment.cache.num.max = 2 (custom)
2019-10-15 03:46:08,815 [pool-47-thread-1] INFO  segmented.SegmentedRaftLogWorker (SegmentedRaftLogWorker.java:<init>(173)) - new 4b7383e3-04b5-459c-b6b2-cddfc28028ca@group-90333446518D-SegmentedRaftLogWorker for RaftStorage:Storage Directory /workdir/hadoop-ozone/integration-test/target/test-dir/MiniOzoneClusterImpl-b3c4100e-e893-4c02-8028-cfd5e9dd125a/datanode-2/data/ratis/8948dceb-5ffd-4855-b631-90333446518d
2019-10-15 03:46:08,815 [pool-47-thread-1] INFO  server.RaftServerConfigKeys (ConfUtils.java:logGet(43)) - raft.server.log.queue.byte-limit = 2147483647 (custom)
2019-10-15 03:46:08,815 [pool-47-thread-1] INFO  server.RaftServerConfigKeys (ConfUtils.java:logGet(43)) - raft.server.log.queue.element-limit = 1024 (custom)
2019-10-15 03:46:08,815 [pool-47-thread-1] INFO  server.RaftServerConfigKeys (ConfUtils.java:logGet(43)) - raft.server.log.segment.size.max = 1048576 (custom)
2019-10-15 03:46:08,816 [pool-47-thread-1] INFO  server.RaftServerConfigKeys (ConfUtils.java:logGet(43)) - raft.server.log.preallocated.size = 16384 (custom)
2019-10-15 03:46:08,816 [pool-47-thread-1] INFO  server.RaftServerConfigKeys (ConfUtils.java:logGet(43)) - raft.server.log.write.buffer.size = 33554432 (custom)
2019-10-15 03:46:08,816 [pool-47-thread-1] INFO  server.RaftServerConfigKeys (ConfUtils.java:logGet(43)) - raft.server.log.force.sync.num = 128 (default)
2019-10-15 03:46:08,816 [pool-47-thread-1] INFO  server.RaftServerConfigKeys (ConfUtils.java:logGet(43)) - raft.server.log.statemachine.data.sync = true (default)
2019-10-15 03:46:08,816 [pool-47-thread-1] INFO  server.RaftServerConfigKeys (ConfUtils.java:logGet(43)) - raft.server.log.statemachine.data.sync.timeout = 10s (default)
2019-10-15 03:46:08,816 [pool-47-thread-1] INFO  server.RaftServerConfigKeys (ConfUtils.java:logGet(43)) - raft.server.log.statemachine.data.sync.timeout.retry = -1 (default)
2019-10-15 03:46:08,817 [pool-47-thread-1] INFO  server.RaftServerConfigKeys (ConfUtils.java:logGet(43)) - raft.server.log.statemachine.data.caching.enabled = true (custom)
2019-10-15 03:46:08,817 [pool-47-thread-1] INFO  segmented.SegmentedRaftLogWorker (SegmentedRaftLogWorker.java:lambda$new$0(128)) - 4b7383e3-04b5-459c-b6b2-cddfc28028ca@group-90333446518D-SegmentedRaftLogWorker: flushIndex: setUnconditionally 0 -> -1
2019-10-15 03:46:08,817 [pool-47-thread-1] INFO  server.RaftServerConfigKeys (ConfUtils.java:logGet(43)) - raft.server.snapshot.auto.trigger.enabled = true (custom)
2019-10-15 03:46:08,817 [pool-47-thread-1] INFO  server.RaftServerConfigKeys (ConfUtils.java:logGet(43)) - raft.server.snapshot.auto.trigger.threshold = 10000 (custom)
2019-10-15 03:46:08,817 [pool-47-thread-1] INFO  server.RaftServerConfigKeys (ConfUtils.java:logGet(43)) - raft.server.snapshot.retention.file.num = 5 (custom)
2019-10-15 03:46:08,817 [pool-47-thread-1] INFO  server.RaftServerConfigKeys (ConfUtils.java:logGet(43)) - raft.server.retrycache.expirytime = 600000ms (custom)
2019-10-15 03:46:08,820 [pool-47-thread-1] INFO  impl.RaftServerImpl (RaftServerImpl.java:start(181)) - 4b7383e3-04b5-459c-b6b2-cddfc28028ca@group-90333446518D: start as a follower, conf=-1: [4b7383e3-04b5-459c-b6b2-cddfc28028ca:192.168.151.96:44383], old=null
2019-10-15 03:46:08,820 [pool-47-thread-1] INFO  impl.RaftServerImpl (RaftServerImpl.java:setRole(170)) - 4b7383e3-04b5-459c-b6b2-cddfc28028ca@group-90333446518D: changes role from      null to FOLLOWER at term 0 for startAsFollower
2019-10-15 03:46:08,820 [pool-47-thread-1] INFO  impl.RoleInfo (RoleInfo.java:updateAndGet(143)) - 4b7383e3-04b5-459c-b6b2-cddfc28028ca: start FollowerState
2019-10-15 03:46:08,820 [pool-47-thread-1] INFO  util.JmxRegister (JmxRegister.java:tryRegister(44)) - Successfully registered JMX Bean with object name Ratis:service=RaftServer,group=group-90333446518D,id=4b7383e3-04b5-459c-b6b2-cddfc28028ca
2019-10-15 03:46:08,849 [RatisPipelineUtilsThread] INFO  pipeline.PipelineStateManager (PipelineStateManager.java:addPipeline(56)) - Created pipeline Pipeline[ Id: 8948dceb-5ffd-4855-b631-90333446518d, Nodes: 4b7383e3-04b5-459c-b6b2-cddfc28028ca{ip: 192.168.151.96, host: pr-hdds-2194-5wssm-2368079274, networkLocation: /default-rack, certSerialId: null}, Type:RATIS, Factor:ONE, State:OPEN]
2019-10-15 03:46:08,884 [grpc-default-executor-2] INFO  impl.RaftServerProxy (RaftServerProxy.java:addNew(89)) - c2f8d357-5b51-40ae-9d70-08485fb749ef: addNew group-1098E4432A3A:[afbe96ca-b091-4d20-bab6-78cf5d09aad4:192.168.151.96:45464, c2f8d357-5b51-40ae-9d70-08485fb749ef:192.168.151.96:32821, 3d054599-df0e-4848-ac46-80d59fac3196:192.168.151.96:34736] returns group-1098E4432A3A:java.util.concurrent.CompletableFuture@37047b20[Not completed]
2019-10-15 03:46:08,887 [grpc-default-executor-0] INFO  impl.RaftServerProxy (RaftServerProxy.java:addNew(89)) - afbe96ca-b091-4d20-bab6-78cf5d09aad4: addNew group-1098E4432A3A:[afbe96ca-b091-4d20-bab6-78cf5d09aad4:192.168.151.96:45464, c2f8d357-5b51-40ae-9d70-08485fb749ef:192.168.151.96:32821, 3d054599-df0e-4848-ac46-80d59fac3196:192.168.151.96:34736] returns group-1098E4432A3A:java.util.concurrent.CompletableFuture@4b47a4e5[Not completed]
2019-10-15 03:46:08,889 [pool-67-thread-1] INFO  impl.RaftServerImpl (RaftServerImpl.java:<init>(95)) - c2f8d357-5b51-40ae-9d70-08485fb749ef: new RaftServerImpl for group-1098E4432A3A:[afbe96ca-b091-4d20-bab6-78cf5d09aad4:192.168.151.96:45464, c2f8d357-5b51-40ae-9d70-08485fb749ef:192.168.151.96:32821, 3d054599-df0e-4848-ac46-80d59fac3196:192.168.151.96:34736] with ContainerStateMachine:uninitialized
2019-10-15 03:46:08,889 [pool-67-thread-1] INFO  server.RaftServerConfigKeys (ConfUtils.java:logGet(43)) - raft.server.rpc.timeout.min = 5s (custom)
2019-10-15 03:46:08,889 [pool-67-thread-1] INFO  server.RaftServerConfigKeys (ConfUtils.java:logGet(43)) - raft.server.rpc.timeout.max = 5200ms (custom)
2019-10-15 03:46:08,890 [pool-67-thread-1] INFO  server.RaftServerConfigKeys (ConfUtils.java:logGet(43)) - raft.server.rpcslowness.timeout = 120s (custom)
2019-10-15 03:46:08,890 [pool-67-thread-1] INFO  server.RaftServerConfigKeys (ConfUtils.java:logGet(43)) - raft.server.sleep.deviation.threshold = 300 (default)
2019-10-15 03:46:08,890 [grpc-default-executor-0] INFO  impl.RaftServerProxy (RaftServerProxy.java:addNew(89)) - 3d054599-df0e-4848-ac46-80d59fac3196: addNew group-1098E4432A3A:[afbe96ca-b091-4d20-bab6-78cf5d09aad4:192.168.151.96:45464, c2f8d357-5b51-40ae-9d70-08485fb749ef:192.168.151.96:32821, 3d054599-df0e-4848-ac46-80d59fac3196:192.168.151.96:34736] returns group-1098E4432A3A:java.util.concurrent.CompletableFuture@5ab96ecb[Not completed]
2019-10-15 03:46:08,890 [pool-67-thread-1] INFO  server.RaftServerConfigKeys (ConfUtils.java:logGet(43)) - raft.server.log.appender.install.snapshot.enabled = false (custom)
2019-10-15 03:46:08,890 [pool-37-thread-1] INFO  impl.RaftServerImpl (RaftServerImpl.java:<init>(95)) - afbe96ca-b091-4d20-bab6-78cf5d09aad4: new RaftServerImpl for group-1098E4432A3A:[afbe96ca-b091-4d20-bab6-78cf5d09aad4:192.168.151.96:45464, c2f8d357-5b51-40ae-9d70-08485fb749ef:192.168.151.96:32821, 3d054599-df0e-4848-ac46-80d59fac3196:192.168.151.96:34736] with ContainerStateMachine:uninitialized
2019-10-15 03:46:08,890 [pool-67-thread-1] INFO  impl.RaftServerImpl (ServerState.java:<init>(103)) - c2f8d357-5b51-40ae-9d70-08485fb749ef@group-1098E4432A3A: ConfigurationManager, init=-1: [afbe96ca-b091-4d20-bab6-78cf5d09aad4:192.168.151.96:45464, c2f8d357-5b51-40ae-9d70-08485fb749ef:192.168.151.96:32821, 3d054599-df0e-4848-ac46-80d59fac3196:192.168.151.96:34736], old=null, confs=<EMPTY_MAP>
2019-10-15 03:46:08,890 [pool-37-thread-1] INFO  server.RaftServerConfigKeys (ConfUtils.java:logGet(43)) - raft.server.rpc.timeout.min = 5s (custom)
2019-10-15 03:46:08,891 [pool-67-thread-1] INFO  server.RaftServerConfigKeys (ConfUtils.java:logGet(43)) - raft.server.storage.dir = [/workdir/hadoop-ozone/integration-test/target/test-dir/MiniOzoneClusterImpl-b3c4100e-e893-4c02-8028-cfd5e9dd125a/datanode-4/data/ratis] (custom)
2019-10-15 03:46:08,891 [pool-37-thread-1] INFO  server.RaftServerConfigKeys (ConfUtils.java:logGet(43)) - raft.server.rpc.timeout.max = 5200ms (custom)
2019-10-15 03:46:08,891 [pool-37-thread-1] INFO  server.RaftServerConfigKeys (ConfUtils.java:logGet(43)) - raft.server.rpcslowness.timeout = 120s (custom)
2019-10-15 03:46:08,891 [pool-67-thread-1] INFO  server.RaftServerConfigKeys (ConfUtils.java:logGet(43)) - raft.server.log.corruption.policy = EXCEPTION (default)
2019-10-15 03:46:08,891 [pool-57-thread-1] INFO  impl.RaftServerImpl (RaftServerImpl.java:<init>(95)) - 3d054599-df0e-4848-ac46-80d59fac3196: new RaftServerImpl for group-1098E4432A3A:[afbe96ca-b091-4d20-bab6-78cf5d09aad4:192.168.151.96:45464, c2f8d357-5b51-40ae-9d70-08485fb749ef:192.168.151.96:32821, 3d054599-df0e-4848-ac46-80d59fac3196:192.168.151.96:34736] with ContainerStateMachine:uninitialized
2019-10-15 03:46:08,891 [pool-37-thread-1] INFO  server.RaftServerConfigKeys (ConfUtils.java:logGet(43)) - raft.server.sleep.deviation.threshold = 300 (default)
2019-10-15 03:46:08,891 [pool-57-thread-1] INFO  server.RaftServerConfigKeys (ConfUtils.java:logGet(43)) - raft.server.rpc.timeout.min = 5s (custom)
2019-10-15 03:46:08,891 [pool-67-thread-1] INFO  storage.RaftStorageDirectory (RaftStorageDirectory.java:analyzeStorage(246)) - The storage directory /workdir/hadoop-ozone/integration-test/target/test-dir/MiniOzoneClusterImpl-b3c4100e-e893-4c02-8028-cfd5e9dd125a/datanode-4/data/ratis/1d61f50c-b382-411a-a037-1098e4432a3a does not exist. Creating ...
2019-10-15 03:46:08,891 [pool-57-thread-1] INFO  server.RaftServerConfigKeys (ConfUtils.java:logGet(43)) - raft.server.rpc.timeout.max = 5200ms (custom)
2019-10-15 03:46:08,891 [pool-37-thread-1] INFO  server.RaftServerConfigKeys (ConfUtils.java:logGet(43)) - raft.server.log.appender.install.snapshot.enabled = false (custom)
2019-10-15 03:46:08,892 [pool-57-thread-1] INFO  server.RaftServerConfigKeys (ConfUtils.java:logGet(43)) - raft.server.rpcslowness.timeout = 120s (custom)
2019-10-15 03:46:08,892 [pool-37-thread-1] INFO  impl.RaftServerImpl (ServerState.java:<init>(103)) - afbe96ca-b091-4d20-bab6-78cf5d09aad4@group-1098E4432A3A: ConfigurationManager, init=-1: [afbe96ca-b091-4d20-bab6-78cf5d09aad4:192.168.151.96:45464, c2f8d357-5b51-40ae-9d70-08485fb749ef:192.168.151.96:32821, 3d054599-df0e-4848-ac46-80d59fac3196:192.168.151.96:34736], old=null, confs=<EMPTY_MAP>
2019-10-15 03:46:08,892 [pool-57-thread-1] INFO  server.RaftServerConfigKeys (ConfUtils.java:logGet(43)) - raft.server.sleep.deviation.threshold = 300 (default)
2019-10-15 03:46:08,892 [pool-37-thread-1] INFO  server.RaftServerConfigKeys (ConfUtils.java:logGet(43)) - raft.server.storage.dir = [/workdir/hadoop-ozone/integration-test/target/test-dir/MiniOzoneClusterImpl-b3c4100e-e893-4c02-8028-cfd5e9dd125a/datanode-1/data/ratis] (custom)
2019-10-15 03:46:08,892 [pool-57-thread-1] INFO  server.RaftServerConfigKeys (ConfUtils.java:logGet(43)) - raft.server.log.appender.install.snapshot.enabled = false (custom)
2019-10-15 03:46:08,892 [pool-57-thread-1] INFO  impl.RaftServerImpl (ServerState.java:<init>(103)) - 3d054599-df0e-4848-ac46-80d59fac3196@group-1098E4432A3A: ConfigurationManager, init=-1: [afbe96ca-b091-4d20-bab6-78cf5d09aad4:192.168.151.96:45464, c2f8d357-5b51-40ae-9d70-08485fb749ef:192.168.151.96:32821, 3d054599-df0e-4848-ac46-80d59fac3196:192.168.151.96:34736], old=null, confs=<EMPTY_MAP>
2019-10-15 03:46:08,892 [pool-37-thread-1] INFO  server.RaftServerConfigKeys (ConfUtils.java:logGet(43)) - raft.server.log.corruption.policy = EXCEPTION (default)
2019-10-15 03:46:08,892 [pool-57-thread-1] INFO  server.RaftServerConfigKeys (ConfUtils.java:logGet(43)) - raft.server.storage.dir = [/workdir/hadoop-ozone/integration-test/target/test-dir/MiniOzoneClusterImpl-b3c4100e-e893-4c02-8028-cfd5e9dd125a/datanode-3/data/ratis] (custom)
2019-10-15 03:46:08,892 [pool-37-thread-1] INFO  storage.RaftStorageDirectory (RaftStorageDirectory.java:analyzeStorage(246)) - The storage directory /workdir/hadoop-ozone/integration-test/target/test-dir/MiniOzoneClusterImpl-b3c4100e-e893-4c02-8028-cfd5e9dd125a/datanode-1/data/ratis/1d61f50c-b382-411a-a037-1098e4432a3a does not exist. Creating ...
2019-10-15 03:46:08,893 [pool-57-thread-1] INFO  server.RaftServerConfigKeys (ConfUtils.java:logGet(43)) - raft.server.log.corruption.policy = EXCEPTION (default)
2019-10-15 03:46:08,893 [pool-57-thread-1] INFO  storage.RaftStorageDirectory (RaftStorageDirectory.java:analyzeStorage(246)) - The storage directory /workdir/hadoop-ozone/integration-test/target/test-dir/MiniOzoneClusterImpl-b3c4100e-e893-4c02-8028-cfd5e9dd125a/datanode-3/data/ratis/1d61f50c-b382-411a-a037-1098e4432a3a does not exist. Creating ...
2019-10-15 03:46:08,920 [pool-67-thread-1] INFO  storage.RaftStorageDirectory (RaftStorageDirectory.java:tryLock(328)) - Lock on /workdir/hadoop-ozone/integration-test/target/test-dir/MiniOzoneClusterImpl-b3c4100e-e893-4c02-8028-cfd5e9dd125a/datanode-4/data/ratis/1d61f50c-b382-411a-a037-1098e4432a3a/in_use.lock acquired by nodename 23649@pr-hdds-2194-5wssm-2368079274
2019-10-15 03:46:08,920 [pool-57-thread-1] INFO  storage.RaftStorageDirectory (RaftStorageDirectory.java:tryLock(328)) - Lock on /workdir/hadoop-ozone/integration-test/target/test-dir/MiniOzoneClusterImpl-b3c4100e-e893-4c02-8028-cfd5e9dd125a/datanode-3/data/ratis/1d61f50c-b382-411a-a037-1098e4432a3a/in_use.lock acquired by nodename 23649@pr-hdds-2194-5wssm-2368079274
2019-10-15 03:46:08,920 [pool-37-thread-1] INFO  storage.RaftStorageDirectory (RaftStorageDirectory.java:tryLock(328)) - Lock on /workdir/hadoop-ozone/integration-test/target/test-dir/MiniOzoneClusterImpl-b3c4100e-e893-4c02-8028-cfd5e9dd125a/datanode-1/data/ratis/1d61f50c-b382-411a-a037-1098e4432a3a/in_use.lock acquired by nodename 23649@pr-hdds-2194-5wssm-2368079274
2019-10-15 03:46:08,946 [pool-37-thread-1] INFO  storage.RaftStorage (RaftStorage.java:format(84)) - Storage directory /workdir/hadoop-ozone/integration-test/target/test-dir/MiniOzoneClusterImpl-b3c4100e-e893-4c02-8028-cfd5e9dd125a/datanode-1/data/ratis/1d61f50c-b382-411a-a037-1098e4432a3a has been successfully formatted.
2019-10-15 03:46:08,946 [pool-57-thread-1] INFO  storage.RaftStorage (RaftStorage.java:format(84)) - Storage directory /workdir/hadoop-ozone/integration-test/target/test-dir/MiniOzoneClusterImpl-b3c4100e-e893-4c02-8028-cfd5e9dd125a/datanode-3/data/ratis/1d61f50c-b382-411a-a037-1098e4432a3a has been successfully formatted.
2019-10-15 03:46:08,946 [pool-37-thread-1] INFO  ratis.ContainerStateMachine (ContainerStateMachine.java:loadSnapshot(231)) - group-1098E4432A3A: The snapshot info is null. Setting the last applied indexto:(t:0, i:~)
2019-10-15 03:46:08,946 [pool-67-thread-1] INFO  storage.RaftStorage (RaftStorage.java:format(84)) - Storage directory /workdir/hadoop-ozone/integration-test/target/test-dir/MiniOzoneClusterImpl-b3c4100e-e893-4c02-8028-cfd5e9dd125a/datanode-4/data/ratis/1d61f50c-b382-411a-a037-1098e4432a3a has been successfully formatted.
2019-10-15 03:46:08,946 [pool-57-thread-1] INFO  ratis.ContainerStateMachine (ContainerStateMachine.java:loadSnapshot(231)) - group-1098E4432A3A: The snapshot info is null. Setting the last applied indexto:(t:0, i:~)
2019-10-15 03:46:08,946 [pool-37-thread-1] INFO  server.RaftServerConfigKeys (ConfUtils.java:logGet(43)) - raft.server.notification.no-leader.timeout = 120s (custom)
2019-10-15 03:46:08,946 [pool-67-thread-1] INFO  ratis.ContainerStateMachine (ContainerStateMachine.java:loadSnapshot(231)) - group-1098E4432A3A: The snapshot info is null. Setting the last applied indexto:(t:0, i:~)
2019-10-15 03:46:08,947 [pool-37-thread-1] INFO  server.RaftServerConfigKeys (ConfUtils.java:logGet(43)) - raft.server.log.use.memory = false (default)
2019-10-15 03:46:08,947 [pool-67-thread-1] INFO  server.RaftServerConfigKeys (ConfUtils.java:logGet(43)) - raft.server.notification.no-leader.timeout = 120s (custom)
2019-10-15 03:46:08,947 [pool-57-thread-1] INFO  server.RaftServerConfigKeys (ConfUtils.java:logGet(43)) - raft.server.notification.no-leader.timeout = 120s (custom)
2019-10-15 03:46:08,947 [pool-67-thread-1] INFO  server.RaftServerConfigKeys (ConfUtils.java:logGet(43)) - raft.server.log.use.memory = false (default)
2019-10-15 03:46:08,947 [pool-37-thread-1] INFO  server.RaftServerConfigKeys (ConfUtils.java:logGet(43)) - raft.server.log.purge.gap = 1000000 (custom)
2019-10-15 03:46:08,947 [pool-67-thread-1] INFO  server.RaftServerConfigKeys (ConfUtils.java:logGet(43)) - raft.server.log.purge.gap = 1000000 (custom)
2019-10-15 03:46:08,947 [pool-57-thread-1] INFO  server.RaftServerConfigKeys (ConfUtils.java:logGet(43)) - raft.server.log.use.memory = false (default)
2019-10-15 03:46:08,948 [pool-67-thread-1] INFO  server.RaftServerConfigKeys (ConfUtils.java:logGet(43)) - raft.server.log.appender.buffer.byte-limit = 33554432 (custom)
2019-10-15 03:46:08,947 [pool-37-thread-1] INFO  server.RaftServerConfigKeys (ConfUtils.java:logGet(43)) - raft.server.log.appender.buffer.byte-limit = 33554432 (custom)
2019-10-15 03:46:08,948 [pool-67-thread-1] INFO  server.RaftServerConfigKeys (ConfUtils.java:logGet(43)) - raft.server.log.segment.size.max = 1048576 (custom)
2019-10-15 03:46:08,948 [pool-57-thread-1] INFO  server.RaftServerConfigKeys (ConfUtils.java:logGet(43)) - raft.server.log.purge.gap = 1000000 (custom)
2019-10-15 03:46:08,948 [pool-67-thread-1] INFO  server.RaftServerConfigKeys (ConfUtils.java:logGet(43)) - raft.server.log.segment.cache.num.max = 2 (custom)
2019-10-15 03:46:08,948 [pool-37-thread-1] INFO  server.RaftServerConfigKeys (ConfUtils.java:logGet(43)) - raft.server.log.segment.size.max = 1048576 (custom)
2019-10-15 03:46:08,948 [pool-67-thread-1] INFO  segmented.SegmentedRaftLogWorker (SegmentedRaftLogWorker.java:<init>(173)) - new c2f8d357-5b51-40ae-9d70-08485fb749ef@group-1098E4432A3A-SegmentedRaftLogWorker for RaftStorage:Storage Directory /workdir/hadoop-ozone/integration-test/target/test-dir/MiniOzoneClusterImpl-b3c4100e-e893-4c02-8028-cfd5e9dd125a/datanode-4/data/ratis/1d61f50c-b382-411a-a037-1098e4432a3a
2019-10-15 03:46:08,948 [pool-57-thread-1] INFO  server.RaftServerConfigKeys (ConfUtils.java:logGet(43)) - raft.server.log.appender.buffer.byte-limit = 33554432 (custom)
2019-10-15 03:46:08,949 [pool-67-thread-1] INFO  server.RaftServerConfigKeys (ConfUtils.java:logGet(43)) - raft.server.log.queue.byte-limit = 2147483647 (custom)
2019-10-15 03:46:08,949 [pool-37-thread-1] INFO  server.RaftServerConfigKeys (ConfUtils.java:logGet(43)) - raft.server.log.segment.cache.num.max = 2 (custom)
2019-10-15 03:46:08,949 [pool-67-thread-1] INFO  server.RaftServerConfigKeys (ConfUtils.java:logGet(43)) - raft.server.log.queue.element-limit = 1024 (custom)
2019-10-15 03:46:08,949 [pool-57-thread-1] INFO  server.RaftServerConfigKeys (ConfUtils.java:logGet(43)) - raft.server.log.segment.size.max = 1048576 (custom)
2019-10-15 03:46:08,949 [pool-67-thread-1] INFO  server.RaftServerConfigKeys (ConfUtils.java:logGet(43)) - raft.server.log.segment.size.max = 1048576 (custom)
2019-10-15 03:46:08,949 [pool-37-thread-1] INFO  segmented.SegmentedRaftLogWorker (SegmentedRaftLogWorker.java:<init>(173)) - new afbe96ca-b091-4d20-bab6-78cf5d09aad4@group-1098E4432A3A-SegmentedRaftLogWorker for RaftStorage:Storage Directory /workdir/hadoop-ozone/integration-test/target/test-dir/MiniOzoneClusterImpl-b3c4100e-e893-4c02-8028-cfd5e9dd125a/datanode-1/data/ratis/1d61f50c-b382-411a-a037-1098e4432a3a
2019-10-15 03:46:08,950 [pool-67-thread-1] INFO  server.RaftServerConfigKeys (ConfUtils.java:logGet(43)) - raft.server.log.preallocated.size = 16384 (custom)
2019-10-15 03:46:08,950 [pool-57-thread-1] INFO  server.RaftServerConfigKeys (ConfUtils.java:logGet(43)) - raft.server.log.segment.cache.num.max = 2 (custom)
2019-10-15 03:46:08,950 [pool-67-thread-1] INFO  server.RaftServerConfigKeys (ConfUtils.java:logGet(43)) - raft.server.log.write.buffer.size = 33554432 (custom)
2019-10-15 03:46:08,950 [pool-37-thread-1] INFO  server.RaftServerConfigKeys (ConfUtils.java:logGet(43)) - raft.server.log.queue.byte-limit = 2147483647 (custom)
2019-10-15 03:46:08,950 [pool-67-thread-1] INFO  server.RaftServerConfigKeys (ConfUtils.java:logGet(43)) - raft.server.log.force.sync.num = 128 (default)
2019-10-15 03:46:08,950 [pool-57-thread-1] INFO  segmented.SegmentedRaftLogWorker (SegmentedRaftLogWorker.java:<init>(173)) - new 3d054599-df0e-4848-ac46-80d59fac3196@group-1098E4432A3A-SegmentedRaftLogWorker for RaftStorage:Storage Directory /workdir/hadoop-ozone/integration-test/target/test-dir/MiniOzoneClusterImpl-b3c4100e-e893-4c02-8028-cfd5e9dd125a/datanode-3/data/ratis/1d61f50c-b382-411a-a037-1098e4432a3a
2019-10-15 03:46:08,951 [pool-67-thread-1] INFO  server.RaftServerConfigKeys (ConfUtils.java:logGet(43)) - raft.server.log.statemachine.data.sync = true (default)
2019-10-15 03:46:08,950 [pool-37-thread-1] INFO  server.RaftServerConfigKeys (ConfUtils.java:logGet(43)) - raft.server.log.queue.element-limit = 1024 (custom)
2019-10-15 03:46:08,951 [pool-67-thread-1] INFO  server.RaftServerConfigKeys (ConfUtils.java:logGet(43)) - raft.server.log.statemachine.data.sync.timeout = 10s (default)
2019-10-15 03:46:08,951 [pool-57-thread-1] INFO  server.RaftServerConfigKeys (ConfUtils.java:logGet(43)) - raft.server.log.queue.byte-limit = 2147483647 (custom)
2019-10-15 03:46:08,951 [pool-67-thread-1] INFO  server.RaftServerConfigKeys (ConfUtils.java:logGet(43)) - raft.server.log.statemachine.data.sync.timeout.retry = -1 (default)
2019-10-15 03:46:08,951 [pool-37-thread-1] INFO  server.RaftServerConfigKeys (ConfUtils.java:logGet(43)) - raft.server.log.segment.size.max = 1048576 (custom)
2019-10-15 03:46:08,956 [pool-57-thread-1] INFO  server.RaftServerConfigKeys (ConfUtils.java:logGet(43)) - raft.server.log.queue.element-limit = 1024 (custom)
2019-10-15 03:46:08,956 [pool-67-thread-1] INFO  server.RaftServerConfigKeys (ConfUtils.java:logGet(43)) - raft.server.log.statemachine.data.caching.enabled = true (custom)
2019-10-15 03:46:08,956 [pool-37-thread-1] INFO  server.RaftServerConfigKeys (ConfUtils.java:logGet(43)) - raft.server.log.preallocated.size = 16384 (custom)
2019-10-15 03:46:08,956 [pool-57-thread-1] INFO  server.RaftServerConfigKeys (ConfUtils.java:logGet(43)) - raft.server.log.segment.size.max = 1048576 (custom)
2019-10-15 03:46:08,957 [pool-67-thread-1] INFO  segmented.SegmentedRaftLogWorker (SegmentedRaftLogWorker.java:lambda$new$0(128)) - c2f8d357-5b51-40ae-9d70-08485fb749ef@group-1098E4432A3A-SegmentedRaftLogWorker: flushIndex: setUnconditionally 0 -> -1
2019-10-15 03:46:08,956 [pool-37-thread-1] INFO  server.RaftServerConfigKeys (ConfUtils.java:logGet(43)) - raft.server.log.write.buffer.size = 33554432 (custom)
2019-10-15 03:46:08,957 [pool-57-thread-1] INFO  server.RaftServerConfigKeys (ConfUtils.java:logGet(43)) - raft.server.log.preallocated.size = 16384 (custom)
2019-10-15 03:46:08,957 [pool-67-thread-1] INFO  server.RaftServerConfigKeys (ConfUtils.java:logGet(43)) - raft.server.snapshot.auto.trigger.enabled = true (custom)
2019-10-15 03:46:08,957 [pool-37-thread-1] INFO  server.RaftServerConfigKeys (ConfUtils.java:logGet(43)) - raft.server.log.force.sync.num = 128 (default)
2019-10-15 03:46:08,957 [pool-67-thread-1] INFO  server.RaftServerConfigKeys (ConfUtils.java:logGet(43)) - raft.server.snapshot.auto.trigger.threshold = 10000 (custom)
2019-10-15 03:46:08,957 [pool-57-thread-1] INFO  server.RaftServerConfigKeys (ConfUtils.java:logGet(43)) - raft.server.log.write.buffer.size = 33554432 (custom)
2019-10-15 03:46:08,959 [pool-67-thread-1] INFO  server.RaftServerConfigKeys (ConfUtils.java:logGet(43)) - raft.server.snapshot.retention.file.num = 5 (custom)
2019-10-15 03:46:08,957 [pool-37-thread-1] INFO  server.RaftServerConfigKeys (ConfUtils.java:logGet(43)) - raft.server.log.statemachine.data.sync = true (default)
2019-10-15 03:46:08,959 [pool-57-thread-1] INFO  server.RaftServerConfigKeys (ConfUtils.java:logGet(43)) - raft.server.log.force.sync.num = 128 (default)
2019-10-15 03:46:08,959 [pool-37-thread-1] INFO  server.RaftServerConfigKeys (ConfUtils.java:logGet(43)) - raft.server.log.statemachine.data.sync.timeout = 10s (default)
2019-10-15 03:46:08,959 [pool-67-thread-1] INFO  server.RaftServerConfigKeys (ConfUtils.java:logGet(43)) - raft.server.retrycache.expirytime = 600000ms (custom)
2019-10-15 03:46:08,959 [pool-37-thread-1] INFO  server.RaftServerConfigKeys (ConfUtils.java:logGet(43)) - raft.server.log.statemachine.data.sync.timeout.retry = -1 (default)
2019-10-15 03:46:08,959 [pool-57-thread-1] INFO  server.RaftServerConfigKeys (ConfUtils.java:logGet(43)) - raft.server.log.statemachine.data.sync = true (default)
2019-10-15 03:46:08,960 [pool-37-thread-1] INFO  server.RaftServerConfigKeys (ConfUtils.java:logGet(43)) - raft.server.log.statemachine.data.caching.enabled = true (custom)
2019-10-15 03:46:08,960 [pool-57-thread-1] INFO  server.RaftServerConfigKeys (ConfUtils.java:logGet(43)) - raft.server.log.statemachine.data.sync.timeout = 10s (default)
2019-10-15 03:46:08,960 [pool-37-thread-1] INFO  segmented.SegmentedRaftLogWorker (SegmentedRaftLogWorker.java:lambda$new$0(128)) - afbe96ca-b091-4d20-bab6-78cf5d09aad4@group-1098E4432A3A-SegmentedRaftLogWorker: flushIndex: setUnconditionally 0 -> -1
2019-10-15 03:46:08,960 [pool-57-thread-1] INFO  server.RaftServerConfigKeys (ConfUtils.java:logGet(43)) - raft.server.log.statemachine.data.sync.timeout.retry = -1 (default)
2019-10-15 03:46:08,960 [pool-37-thread-1] INFO  server.RaftServerConfigKeys (ConfUtils.java:logGet(43)) - raft.server.snapshot.auto.trigger.enabled = true (custom)
2019-10-15 03:46:08,960 [pool-57-thread-1] INFO  server.RaftServerConfigKeys (ConfUtils.java:logGet(43)) - raft.server.log.statemachine.data.caching.enabled = true (custom)
2019-10-15 03:46:08,960 [pool-37-thread-1] INFO  server.RaftServerConfigKeys (ConfUtils.java:logGet(43)) - raft.server.snapshot.auto.trigger.threshold = 10000 (custom)
2019-10-15 03:46:08,962 [pool-37-thread-1] INFO  server.RaftServerConfigKeys (ConfUtils.java:logGet(43)) - raft.server.snapshot.retention.file.num = 5 (custom)
2019-10-15 03:46:08,962 [pool-57-thread-1] INFO  segmented.SegmentedRaftLogWorker (SegmentedRaftLogWorker.java:lambda$new$0(128)) - 3d054599-df0e-4848-ac46-80d59fac3196@group-1098E4432A3A-SegmentedRaftLogWorker: flushIndex: setUnconditionally 0 -> -1
2019-10-15 03:46:08,962 [pool-37-thread-1] INFO  server.RaftServerConfigKeys (ConfUtils.java:logGet(43)) - raft.server.retrycache.expirytime = 600000ms (custom)
2019-10-15 03:46:08,962 [pool-57-thread-1] INFO  server.RaftServerConfigKeys (ConfUtils.java:logGet(43)) - raft.server.snapshot.auto.trigger.enabled = true (custom)
2019-10-15 03:46:08,963 [pool-57-thread-1] INFO  server.RaftServerConfigKeys (ConfUtils.java:logGet(43)) - raft.server.snapshot.auto.trigger.threshold = 10000 (custom)
2019-10-15 03:46:08,963 [pool-57-thread-1] INFO  server.RaftServerConfigKeys (ConfUtils.java:logGet(43)) - raft.server.snapshot.retention.file.num = 5 (custom)
2019-10-15 03:46:08,963 [pool-57-thread-1] INFO  server.RaftServerConfigKeys (ConfUtils.java:logGet(43)) - raft.server.retrycache.expirytime = 600000ms (custom)
2019-10-15 03:46:08,965 [pool-67-thread-1] INFO  impl.RaftServerImpl (RaftServerImpl.java:start(181)) - c2f8d357-5b51-40ae-9d70-08485fb749ef@group-1098E4432A3A: start as a follower, conf=-1: [afbe96ca-b091-4d20-bab6-78cf5d09aad4:192.168.151.96:45464, c2f8d357-5b51-40ae-9d70-08485fb749ef:192.168.151.96:32821, 3d054599-df0e-4848-ac46-80d59fac3196:192.168.151.96:34736], old=null
2019-10-15 03:46:08,965 [pool-67-thread-1] INFO  impl.RaftServerImpl (RaftServerImpl.java:setRole(170)) - c2f8d357-5b51-40ae-9d70-08485fb749ef@group-1098E4432A3A: changes role from      null to FOLLOWER at term 0 for startAsFollower
2019-10-15 03:46:08,965 [pool-67-thread-1] INFO  impl.RoleInfo (RoleInfo.java:updateAndGet(143)) - c2f8d357-5b51-40ae-9d70-08485fb749ef: start FollowerState
2019-10-15 03:46:08,966 [pool-67-thread-1] INFO  util.JmxRegister (JmxRegister.java:tryRegister(44)) - Successfully registered JMX Bean with object name Ratis:service=RaftServer,group=group-1098E4432A3A,id=c2f8d357-5b51-40ae-9d70-08485fb749ef
2019-10-15 03:46:08,966 [pool-37-thread-1] INFO  impl.RaftServerImpl (RaftServerImpl.java:start(181)) - afbe96ca-b091-4d20-bab6-78cf5d09aad4@group-1098E4432A3A: start as a follower, conf=-1: [afbe96ca-b091-4d20-bab6-78cf5d09aad4:192.168.151.96:45464, c2f8d357-5b51-40ae-9d70-08485fb749ef:192.168.151.96:32821, 3d054599-df0e-4848-ac46-80d59fac3196:192.168.151.96:34736], old=null
2019-10-15 03:46:08,967 [pool-57-thread-1] INFO  impl.RaftServerImpl (RaftServerImpl.java:start(181)) - 3d054599-df0e-4848-ac46-80d59fac3196@group-1098E4432A3A: start as a follower, conf=-1: [afbe96ca-b091-4d20-bab6-78cf5d09aad4:192.168.151.96:45464, c2f8d357-5b51-40ae-9d70-08485fb749ef:192.168.151.96:32821, 3d054599-df0e-4848-ac46-80d59fac3196:192.168.151.96:34736], old=null
2019-10-15 03:46:08,967 [pool-37-thread-1] INFO  impl.RaftServerImpl (RaftServerImpl.java:setRole(170)) - afbe96ca-b091-4d20-bab6-78cf5d09aad4@group-1098E4432A3A: changes role from      null to FOLLOWER at term 0 for startAsFollower
2019-10-15 03:46:08,967 [pool-57-thread-1] INFO  impl.RaftServerImpl (RaftServerImpl.java:setRole(170)) - 3d054599-df0e-4848-ac46-80d59fac3196@group-1098E4432A3A: changes role from      null to FOLLOWER at term 0 for startAsFollower
2019-10-15 03:46:08,967 [pool-37-thread-1] INFO  impl.RoleInfo (RoleInfo.java:updateAndGet(143)) - afbe96ca-b091-4d20-bab6-78cf5d09aad4: start FollowerState
2019-10-15 03:46:08,967 [pool-57-thread-1] INFO  impl.RoleInfo (RoleInfo.java:updateAndGet(143)) - 3d054599-df0e-4848-ac46-80d59fac3196: start FollowerState
2019-10-15 03:46:08,967 [pool-37-thread-1] INFO  util.JmxRegister (JmxRegister.java:tryRegister(44)) - Successfully registered JMX Bean with object name Ratis:service=RaftServer,group=group-1098E4432A3A,id=afbe96ca-b091-4d20-bab6-78cf5d09aad4
2019-10-15 03:46:08,967 [pool-57-thread-1] INFO  util.JmxRegister (JmxRegister.java:tryRegister(44)) - Successfully registered JMX Bean with object name Ratis:service=RaftServer,group=group-1098E4432A3A,id=3d054599-df0e-4848-ac46-80d59fac3196
2019-10-15 03:46:08,996 [RatisPipelineUtilsThread] INFO  pipeline.PipelineStateManager (PipelineStateManager.java:addPipeline(56)) - Created pipeline Pipeline[ Id: 1d61f50c-b382-411a-a037-1098e4432a3a, Nodes: c2f8d357-5b51-40ae-9d70-08485fb749ef{ip: 192.168.151.96, host: pr-hdds-2194-5wssm-2368079274, networkLocation: /default-rack, certSerialId: null}afbe96ca-b091-4d20-bab6-78cf5d09aad4{ip: 192.168.151.96, host: pr-hdds-2194-5wssm-2368079274, networkLocation: /default-rack, certSerialId: null}3d054599-df0e-4848-ac46-80d59fac3196{ip: 192.168.151.96, host: pr-hdds-2194-5wssm-2368079274, networkLocation: /default-rack, certSerialId: null}, Type:RATIS, Factor:THREE, State:OPEN]
2019-10-15 03:46:09,026 [grpc-default-executor-1] INFO  impl.RaftServerProxy (RaftServerProxy.java:addNew(89)) - f095ffe7-dd78-4a83-a1e3-b07de5750b91: addNew group-6AE6CFDC5292:[f095ffe7-dd78-4a83-a1e3-b07de5750b91:192.168.151.96:36545, a3cf3edf-f522-422d-92e1-14c85e0bb804:192.168.151.96:46434, 414c303c-c4ef-43c7-bcb9-fd9e84137571:192.168.151.96:46476] returns group-6AE6CFDC5292:java.util.concurrent.CompletableFuture@6cede760[Not completed]
2019-10-15 03:46:09,026 [grpc-default-executor-0] INFO  impl.RaftServerProxy (RaftServerProxy.java:addNew(89)) - a3cf3edf-f522-422d-92e1-14c85e0bb804: addNew group-6AE6CFDC5292:[f095ffe7-dd78-4a83-a1e3-b07de5750b91:192.168.151.96:36545, a3cf3edf-f522-422d-92e1-14c85e0bb804:192.168.151.96:46434, 414c303c-c4ef-43c7-bcb9-fd9e84137571:192.168.151.96:46476] returns group-6AE6CFDC5292:java.util.concurrent.CompletableFuture@1020ea88[Not completed]
2019-10-15 03:46:09,026 [grpc-default-executor-2] INFO  impl.RaftServerProxy (RaftServerProxy.java:addNew(89)) - 414c303c-c4ef-43c7-bcb9-fd9e84137571: addNew group-6AE6CFDC5292:[f095ffe7-dd78-4a83-a1e3-b07de5750b91:192.168.151.96:36545, a3cf3edf-f522-422d-92e1-14c85e0bb804:192.168.151.96:46434, 414c303c-c4ef-43c7-bcb9-fd9e84137571:192.168.151.96:46476] returns group-6AE6CFDC5292:java.util.concurrent.CompletableFuture@2f251324[Not completed]
2019-10-15 03:46:09,029 [pool-77-thread-1] INFO  impl.RaftServerImpl (RaftServerImpl.java:<init>(95)) - f095ffe7-dd78-4a83-a1e3-b07de5750b91: new RaftServerImpl for group-6AE6CFDC5292:[f095ffe7-dd78-4a83-a1e3-b07de5750b91:192.168.151.96:36545, a3cf3edf-f522-422d-92e1-14c85e0bb804:192.168.151.96:46434, 414c303c-c4ef-43c7-bcb9-fd9e84137571:192.168.151.96:46476] with ContainerStateMachine:uninitialized
2019-10-15 03:46:09,029 [pool-77-thread-1] INFO  server.RaftServerConfigKeys (ConfUtils.java:logGet(43)) - raft.server.rpc.timeout.min = 5s (custom)
2019-10-15 03:46:09,029 [pool-77-thread-1] INFO  server.RaftServerConfigKeys (ConfUtils.java:logGet(43)) - raft.server.rpc.timeout.max = 5200ms (custom)
2019-10-15 03:46:09,029 [pool-77-thread-1] INFO  server.RaftServerConfigKeys (ConfUtils.java:logGet(43)) - raft.server.rpcslowness.timeout = 120s (custom)
2019-10-15 03:46:09,029 [pool-77-thread-1] INFO  server.RaftServerConfigKeys (ConfUtils.java:logGet(43)) - raft.server.sleep.deviation.threshold = 300 (default)
2019-10-15 03:46:09,029 [pool-77-thread-1] INFO  server.RaftServerConfigKeys (ConfUtils.java:logGet(43)) - raft.server.log.appender.install.snapshot.enabled = false (custom)
2019-10-15 03:46:09,030 [pool-77-thread-1] INFO  impl.RaftServerImpl (ServerState.java:<init>(103)) - f095ffe7-dd78-4a83-a1e3-b07de5750b91@group-6AE6CFDC5292: ConfigurationManager, init=-1: [f095ffe7-dd78-4a83-a1e3-b07de5750b91:192.168.151.96:36545, a3cf3edf-f522-422d-92e1-14c85e0bb804:192.168.151.96:46434, 414c303c-c4ef-43c7-bcb9-fd9e84137571:192.168.151.96:46476], old=null, confs=<EMPTY_MAP>
2019-10-15 03:46:09,030 [pool-77-thread-1] INFO  server.RaftServerConfigKeys (ConfUtils.java:logGet(43)) - raft.server.storage.dir = [/workdir/hadoop-ozone/integration-test/target/test-dir/MiniOzoneClusterImpl-b3c4100e-e893-4c02-8028-cfd5e9dd125a/datanode-5/data/ratis] (custom)
2019-10-15 03:46:09,030 [pool-77-thread-1] INFO  server.RaftServerConfigKeys (ConfUtils.java:logGet(43)) - raft.server.log.corruption.policy = EXCEPTION (default)
2019-10-15 03:46:09,030 [pool-27-thread-1] INFO  impl.RaftServerImpl (RaftServerImpl.java:<init>(95)) - a3cf3edf-f522-422d-92e1-14c85e0bb804: new RaftServerImpl for group-6AE6CFDC5292:[f095ffe7-dd78-4a83-a1e3-b07de5750b91:192.168.151.96:36545, a3cf3edf-f522-422d-92e1-14c85e0bb804:192.168.151.96:46434, 414c303c-c4ef-43c7-bcb9-fd9e84137571:192.168.151.96:46476] with ContainerStateMachine:uninitialized
2019-10-15 03:46:09,030 [pool-77-thread-1] INFO  storage.RaftStorageDirectory (RaftStorageDirectory.java:analyzeStorage(246)) - The storage directory /workdir/hadoop-ozone/integration-test/target/test-dir/MiniOzoneClusterImpl-b3c4100e-e893-4c02-8028-cfd5e9dd125a/datanode-5/data/ratis/b2d2aebc-e333-4852-b903-6ae6cfdc5292 does not exist. Creating ...
2019-10-15 03:46:09,030 [pool-27-thread-1] INFO  server.RaftServerConfigKeys (ConfUtils.java:logGet(43)) - raft.server.rpc.timeout.min = 5s (custom)
2019-10-15 03:46:09,030 [pool-27-thread-1] INFO  server.RaftServerConfigKeys (ConfUtils.java:logGet(43)) - raft.server.rpc.timeout.max = 5200ms (custom)
2019-10-15 03:46:09,030 [pool-27-thread-1] INFO  server.RaftServerConfigKeys (ConfUtils.java:logGet(43)) - raft.server.rpcslowness.timeout = 120s (custom)
2019-10-15 03:46:09,031 [pool-27-thread-1] INFO  server.RaftServerConfigKeys (ConfUtils.java:logGet(43)) - raft.server.sleep.deviation.threshold = 300 (default)
2019-10-15 03:46:09,031 [pool-27-thread-1] INFO  server.RaftServerConfigKeys (ConfUtils.java:logGet(43)) - raft.server.log.appender.install.snapshot.enabled = false (custom)
2019-10-15 03:46:09,031 [pool-87-thread-1] INFO  impl.RaftServerImpl (RaftServerImpl.java:<init>(95)) - 414c303c-c4ef-43c7-bcb9-fd9e84137571: new RaftServerImpl for group-6AE6CFDC5292:[f095ffe7-dd78-4a83-a1e3-b07de5750b91:192.168.151.96:36545, a3cf3edf-f522-422d-92e1-14c85e0bb804:192.168.151.96:46434, 414c303c-c4ef-43c7-bcb9-fd9e84137571:192.168.151.96:46476] with ContainerStateMachine:uninitialized
2019-10-15 03:46:09,031 [pool-27-thread-1] INFO  impl.RaftServerImpl (ServerState.java:<init>(103)) - a3cf3edf-f522-422d-92e1-14c85e0bb804@group-6AE6CFDC5292: ConfigurationManager, init=-1: [f095ffe7-dd78-4a83-a1e3-b07de5750b91:192.168.151.96:36545, a3cf3edf-f522-422d-92e1-14c85e0bb804:192.168.151.96:46434, 414c303c-c4ef-43c7-bcb9-fd9e84137571:192.168.151.96:46476], old=null, confs=<EMPTY_MAP>
2019-10-15 03:46:09,031 [pool-87-thread-1] INFO  server.RaftServerConfigKeys (ConfUtils.java:logGet(43)) - raft.server.rpc.timeout.min = 5s (custom)
2019-10-15 03:46:09,031 [pool-27-thread-1] INFO  server.RaftServerConfigKeys (ConfUtils.java:logGet(43)) - raft.server.storage.dir = [/workdir/hadoop-ozone/integration-test/target/test-dir/MiniOzoneClusterImpl-b3c4100e-e893-4c02-8028-cfd5e9dd125a/datanode-0/data/ratis] (custom)
2019-10-15 03:46:09,031 [pool-87-thread-1] INFO  server.RaftServerConfigKeys (ConfUtils.java:logGet(43)) - raft.server.rpc.timeout.max = 5200ms (custom)
2019-10-15 03:46:09,031 [pool-27-thread-1] INFO  server.RaftServerConfigKeys (ConfUtils.java:logGet(43)) - raft.server.log.corruption.policy = EXCEPTION (default)
2019-10-15 03:46:09,031 [pool-87-thread-1] INFO  server.RaftServerConfigKeys (ConfUtils.java:logGet(43)) - raft.server.rpcslowness.timeout = 120s (custom)
2019-10-15 03:46:09,032 [pool-27-thread-1] INFO  storage.RaftStorageDirectory (RaftStorageDirectory.java:analyzeStorage(246)) - The storage directory /workdir/hadoop-ozone/integration-test/target/test-dir/MiniOzoneClusterImpl-b3c4100e-e893-4c02-8028-cfd5e9dd125a/datanode-0/data/ratis/b2d2aebc-e333-4852-b903-6ae6cfdc5292 does not exist. Creating ...
2019-10-15 03:46:09,032 [pool-87-thread-1] INFO  server.RaftServerConfigKeys (ConfUtils.java:logGet(43)) - raft.server.sleep.deviation.threshold = 300 (default)
2019-10-15 03:46:09,032 [pool-87-thread-1] INFO  server.RaftServerConfigKeys (ConfUtils.java:logGet(43)) - raft.server.log.appender.install.snapshot.enabled = false (custom)
2019-10-15 03:46:09,032 [pool-87-thread-1] INFO  impl.RaftServerImpl (ServerState.java:<init>(103)) - 414c303c-c4ef-43c7-bcb9-fd9e84137571@group-6AE6CFDC5292: ConfigurationManager, init=-1: [f095ffe7-dd78-4a83-a1e3-b07de5750b91:192.168.151.96:36545, a3cf3edf-f522-422d-92e1-14c85e0bb804:192.168.151.96:46434, 414c303c-c4ef-43c7-bcb9-fd9e84137571:192.168.151.96:46476], old=null, confs=<EMPTY_MAP>
2019-10-15 03:46:09,032 [pool-87-thread-1] INFO  server.RaftServerConfigKeys (ConfUtils.java:logGet(43)) - raft.server.storage.dir = [/workdir/hadoop-ozone/integration-test/target/test-dir/MiniOzoneClusterImpl-b3c4100e-e893-4c02-8028-cfd5e9dd125a/datanode-6/data/ratis] (custom)
2019-10-15 03:46:09,033 [pool-87-thread-1] INFO  server.RaftServerConfigKeys (ConfUtils.java:logGet(43)) - raft.server.log.corruption.policy = EXCEPTION (default)
2019-10-15 03:46:09,033 [pool-87-thread-1] INFO  storage.RaftStorageDirectory (RaftStorageDirectory.java:analyzeStorage(246)) - The storage directory /workdir/hadoop-ozone/integration-test/target/test-dir/MiniOzoneClusterImpl-b3c4100e-e893-4c02-8028-cfd5e9dd125a/datanode-6/data/ratis/b2d2aebc-e333-4852-b903-6ae6cfdc5292 does not exist. Creating ...
2019-10-15 03:46:09,071 [pool-87-thread-1] INFO  storage.RaftStorageDirectory (RaftStorageDirectory.java:tryLock(328)) - Lock on /workdir/hadoop-ozone/integration-test/target/test-dir/MiniOzoneClusterImpl-b3c4100e-e893-4c02-8028-cfd5e9dd125a/datanode-6/data/ratis/b2d2aebc-e333-4852-b903-6ae6cfdc5292/in_use.lock acquired by nodename 23649@pr-hdds-2194-5wssm-2368079274
2019-10-15 03:46:09,071 [pool-27-thread-1] INFO  storage.RaftStorageDirectory (RaftStorageDirectory.java:tryLock(328)) - Lock on /workdir/hadoop-ozone/integration-test/target/test-dir/MiniOzoneClusterImpl-b3c4100e-e893-4c02-8028-cfd5e9dd125a/datanode-0/data/ratis/b2d2aebc-e333-4852-b903-6ae6cfdc5292/in_use.lock acquired by nodename 23649@pr-hdds-2194-5wssm-2368079274
2019-10-15 03:46:09,071 [pool-77-thread-1] INFO  storage.RaftStorageDirectory (RaftStorageDirectory.java:tryLock(328)) - Lock on /workdir/hadoop-ozone/integration-test/target/test-dir/MiniOzoneClusterImpl-b3c4100e-e893-4c02-8028-cfd5e9dd125a/datanode-5/data/ratis/b2d2aebc-e333-4852-b903-6ae6cfdc5292/in_use.lock acquired by nodename 23649@pr-hdds-2194-5wssm-2368079274
2019-10-15 03:46:09,125 [pool-77-thread-1] INFO  storage.RaftStorage (RaftStorage.java:format(84)) - Storage directory /workdir/hadoop-ozone/integration-test/target/test-dir/MiniOzoneClusterImpl-b3c4100e-e893-4c02-8028-cfd5e9dd125a/datanode-5/data/ratis/b2d2aebc-e333-4852-b903-6ae6cfdc5292 has been successfully formatted.
2019-10-15 03:46:09,126 [pool-27-thread-1] INFO  storage.RaftStorage (RaftStorage.java:format(84)) - Storage directory /workdir/hadoop-ozone/integration-test/target/test-dir/MiniOzoneClusterImpl-b3c4100e-e893-4c02-8028-cfd5e9dd125a/datanode-0/data/ratis/b2d2aebc-e333-4852-b903-6ae6cfdc5292 has been successfully formatted.
2019-10-15 03:46:09,126 [pool-77-thread-1] INFO  ratis.ContainerStateMachine (ContainerStateMachine.java:loadSnapshot(231)) - group-6AE6CFDC5292: The snapshot info is null. Setting the last applied indexto:(t:0, i:~)
2019-10-15 03:46:09,125 [pool-87-thread-1] INFO  storage.RaftStorage (RaftStorage.java:format(84)) - Storage directory /workdir/hadoop-ozone/integration-test/target/test-dir/MiniOzoneClusterImpl-b3c4100e-e893-4c02-8028-cfd5e9dd125a/datanode-6/data/ratis/b2d2aebc-e333-4852-b903-6ae6cfdc5292 has been successfully formatted.
2019-10-15 03:46:09,126 [pool-27-thread-1] INFO  ratis.ContainerStateMachine (ContainerStateMachine.java:loadSnapshot(231)) - group-6AE6CFDC5292: The snapshot info is null. Setting the last applied indexto:(t:0, i:~)
2019-10-15 03:46:09,126 [pool-77-thread-1] INFO  server.RaftServerConfigKeys (ConfUtils.java:logGet(43)) - raft.server.notification.no-leader.timeout = 120s (custom)
2019-10-15 03:46:09,127 [pool-27-thread-1] INFO  server.RaftServerConfigKeys (ConfUtils.java:logGet(43)) - raft.server.notification.no-leader.timeout = 120s (custom)
2019-10-15 03:46:09,127 [pool-87-thread-1] INFO  ratis.ContainerStateMachine (ContainerStateMachine.java:loadSnapshot(231)) - group-6AE6CFDC5292: The snapshot info is null. Setting the last applied indexto:(t:0, i:~)
2019-10-15 03:46:09,127 [pool-27-thread-1] INFO  server.RaftServerConfigKeys (ConfUtils.java:logGet(43)) - raft.server.log.use.memory = false (default)
2019-10-15 03:46:09,127 [pool-77-thread-1] INFO  server.RaftServerConfigKeys (ConfUtils.java:logGet(43)) - raft.server.log.use.memory = false (default)
2019-10-15 03:46:09,127 [pool-27-thread-1] INFO  server.RaftServerConfigKeys (ConfUtils.java:logGet(43)) - raft.server.log.purge.gap = 1000000 (custom)
2019-10-15 03:46:09,127 [pool-87-thread-1] INFO  server.RaftServerConfigKeys (ConfUtils.java:logGet(43)) - raft.server.notification.no-leader.timeout = 120s (custom)
2019-10-15 03:46:09,128 [pool-27-thread-1] INFO  server.RaftServerConfigKeys (ConfUtils.java:logGet(43)) - raft.server.log.appender.buffer.byte-limit = 33554432 (custom)
2019-10-15 03:46:09,127 [pool-77-thread-1] INFO  server.RaftServerConfigKeys (ConfUtils.java:logGet(43)) - raft.server.log.purge.gap = 1000000 (custom)
2019-10-15 03:46:09,128 [pool-27-thread-1] INFO  server.RaftServerConfigKeys (ConfUtils.java:logGet(43)) - raft.server.log.segment.size.max = 1048576 (custom)
2019-10-15 03:46:09,128 [pool-87-thread-1] INFO  server.RaftServerConfigKeys (ConfUtils.java:logGet(43)) - raft.server.log.use.memory = false (default)
2019-10-15 03:46:09,128 [pool-27-thread-1] INFO  server.RaftServerConfigKeys (ConfUtils.java:logGet(43)) - raft.server.log.segment.cache.num.max = 2 (custom)
2019-10-15 03:46:09,128 [pool-77-thread-1] INFO  server.RaftServerConfigKeys (ConfUtils.java:logGet(43)) - raft.server.log.appender.buffer.byte-limit = 33554432 (custom)
2019-10-15 03:46:09,128 [pool-27-thread-1] INFO  segmented.SegmentedRaftLogWorker (SegmentedRaftLogWorker.java:<init>(173)) - new a3cf3edf-f522-422d-92e1-14c85e0bb804@group-6AE6CFDC5292-SegmentedRaftLogWorker for RaftStorage:Storage Directory /workdir/hadoop-ozone/integration-test/target/test-dir/MiniOzoneClusterImpl-b3c4100e-e893-4c02-8028-cfd5e9dd125a/datanode-0/data/ratis/b2d2aebc-e333-4852-b903-6ae6cfdc5292
2019-10-15 03:46:09,128 [pool-87-thread-1] INFO  server.RaftServerConfigKeys (ConfUtils.java:logGet(43)) - raft.server.log.purge.gap = 1000000 (custom)
2019-10-15 03:46:09,129 [pool-27-thread-1] INFO  server.RaftServerConfigKeys (ConfUtils.java:logGet(43)) - raft.server.log.queue.byte-limit = 2147483647 (custom)
2019-10-15 03:46:09,128 [pool-77-thread-1] INFO  server.RaftServerConfigKeys (ConfUtils.java:logGet(43)) - raft.server.log.segment.size.max = 1048576 (custom)
2019-10-15 03:46:09,129 [pool-27-thread-1] INFO  server.RaftServerConfigKeys (ConfUtils.java:logGet(43)) - raft.server.log.queue.element-limit = 1024 (custom)
2019-10-15 03:46:09,129 [pool-87-thread-1] INFO  server.RaftServerConfigKeys (ConfUtils.java:logGet(43)) - raft.server.log.appender.buffer.byte-limit = 33554432 (custom)
2019-10-15 03:46:09,129 [pool-27-thread-1] INFO  server.RaftServerConfigKeys (ConfUtils.java:logGet(43)) - raft.server.log.segment.size.max = 1048576 (custom)
2019-10-15 03:46:09,129 [pool-77-thread-1] INFO  server.RaftServerConfigKeys (ConfUtils.java:logGet(43)) - raft.server.log.segment.cache.num.max = 2 (custom)
2019-10-15 03:46:09,129 [pool-27-thread-1] INFO  server.RaftServerConfigKeys (ConfUtils.java:logGet(43)) - raft.server.log.preallocated.size = 16384 (custom)
2019-10-15 03:46:09,129 [pool-87-thread-1] INFO  server.RaftServerConfigKeys (ConfUtils.java:logGet(43)) - raft.server.log.segment.size.max = 1048576 (custom)
2019-10-15 03:46:09,130 [pool-27-thread-1] INFO  server.RaftServerConfigKeys (ConfUtils.java:logGet(43)) - raft.server.log.write.buffer.size = 33554432 (custom)
2019-10-15 03:46:09,130 [pool-77-thread-1] INFO  segmented.SegmentedRaftLogWorker (SegmentedRaftLogWorker.java:<init>(173)) - new f095ffe7-dd78-4a83-a1e3-b07de5750b91@group-6AE6CFDC5292-SegmentedRaftLogWorker for RaftStorage:Storage Directory /workdir/hadoop-ozone/integration-test/target/test-dir/MiniOzoneClusterImpl-b3c4100e-e893-4c02-8028-cfd5e9dd125a/datanode-5/data/ratis/b2d2aebc-e333-4852-b903-6ae6cfdc5292
2019-10-15 03:46:09,130 [pool-27-thread-1] INFO  server.RaftServerConfigKeys (ConfUtils.java:logGet(43)) - raft.server.log.force.sync.num = 128 (default)
2019-10-15 03:46:09,130 [pool-87-thread-1] INFO  server.RaftServerConfigKeys (ConfUtils.java:logGet(43)) - raft.server.log.segment.cache.num.max = 2 (custom)
2019-10-15 03:46:09,130 [pool-27-thread-1] INFO  server.RaftServerConfigKeys (ConfUtils.java:logGet(43)) - raft.server.log.statemachine.data.sync = true (default)
2019-10-15 03:46:09,130 [pool-77-thread-1] INFO  server.RaftServerConfigKeys (ConfUtils.java:logGet(43)) - raft.server.log.queue.byte-limit = 2147483647 (custom)
2019-10-15 03:46:09,131 [pool-27-thread-1] INFO  server.RaftServerConfigKeys (ConfUtils.java:logGet(43)) - raft.server.log.statemachine.data.sync.timeout = 10s (default)
2019-10-15 03:46:09,131 [pool-87-thread-1] INFO  segmented.SegmentedRaftLogWorker (SegmentedRaftLogWorker.java:<init>(173)) - new 414c303c-c4ef-43c7-bcb9-fd9e84137571@group-6AE6CFDC5292-SegmentedRaftLogWorker for RaftStorage:Storage Directory /workdir/hadoop-ozone/integration-test/target/test-dir/MiniOzoneClusterImpl-b3c4100e-e893-4c02-8028-cfd5e9dd125a/datanode-6/data/ratis/b2d2aebc-e333-4852-b903-6ae6cfdc5292
2019-10-15 03:46:09,131 [main] INFO  rpc.RpcClient (RpcClient.java:createVolume(272)) - Creating Volume: testblockoutputstream, with jenkins1000 as owner.
2019-10-15 03:46:09,131 [pool-27-thread-1] INFO  server.RaftServerConfigKeys (ConfUtils.java:logGet(43)) - raft.server.log.statemachine.data.sync.timeout.retry = -1 (default)
2019-10-15 03:46:09,131 [pool-77-thread-1] INFO  server.RaftServerConfigKeys (ConfUtils.java:logGet(43)) - raft.server.log.queue.element-limit = 1024 (custom)
2019-10-15 03:46:09,131 [pool-87-thread-1] INFO  server.RaftServerConfigKeys (ConfUtils.java:logGet(43)) - raft.server.log.queue.byte-limit = 2147483647 (custom)
2019-10-15 03:46:09,132 [pool-77-thread-1] INFO  server.RaftServerConfigKeys (ConfUtils.java:logGet(43)) - raft.server.log.segment.size.max = 1048576 (custom)
2019-10-15 03:46:09,132 [pool-27-thread-1] INFO  server.RaftServerConfigKeys (ConfUtils.java:logGet(43)) - raft.server.log.statemachine.data.caching.enabled = true (custom)
2019-10-15 03:46:09,132 [pool-77-thread-1] INFO  server.RaftServerConfigKeys (ConfUtils.java:logGet(43)) - raft.server.log.preallocated.size = 16384 (custom)
2019-10-15 03:46:09,132 [pool-87-thread-1] INFO  server.RaftServerConfigKeys (ConfUtils.java:logGet(43)) - raft.server.log.queue.element-limit = 1024 (custom)
2019-10-15 03:46:09,132 [pool-27-thread-1] INFO  segmented.SegmentedRaftLogWorker (SegmentedRaftLogWorker.java:lambda$new$0(128)) - a3cf3edf-f522-422d-92e1-14c85e0bb804@group-6AE6CFDC5292-SegmentedRaftLogWorker: flushIndex: setUnconditionally 0 -> -1
2019-10-15 03:46:09,132 [pool-77-thread-1] INFO  server.RaftServerConfigKeys (ConfUtils.java:logGet(43)) - raft.server.log.write.buffer.size = 33554432 (custom)
2019-10-15 03:46:09,132 [pool-87-thread-1] INFO  server.RaftServerConfigKeys (ConfUtils.java:logGet(43)) - raft.server.log.segment.size.max = 1048576 (custom)
2019-10-15 03:46:09,133 [pool-27-thread-1] INFO  server.RaftServerConfigKeys (ConfUtils.java:logGet(43)) - raft.server.snapshot.auto.trigger.enabled = true (custom)
2019-10-15 03:46:09,133 [pool-77-thread-1] INFO  server.RaftServerConfigKeys (ConfUtils.java:logGet(43)) - raft.server.log.force.sync.num = 128 (default)
2019-10-15 03:46:09,133 [pool-27-thread-1] INFO  server.RaftServerConfigKeys (ConfUtils.java:logGet(43)) - raft.server.snapshot.auto.trigger.threshold = 10000 (custom)
2019-10-15 03:46:09,133 [pool-87-thread-1] INFO  server.RaftServerConfigKeys (ConfUtils.java:logGet(43)) - raft.server.log.preallocated.size = 16384 (custom)
2019-10-15 03:46:09,133 [pool-27-thread-1] INFO  server.RaftServerConfigKeys (ConfUtils.java:logGet(43)) - raft.server.snapshot.retention.file.num = 5 (custom)
2019-10-15 03:46:09,133 [pool-77-thread-1] INFO  server.RaftServerConfigKeys (ConfUtils.java:logGet(43)) - raft.server.log.statemachine.data.sync = true (default)
2019-10-15 03:46:09,134 [pool-27-thread-1] INFO  server.RaftServerConfigKeys (ConfUtils.java:logGet(43)) - raft.server.retrycache.expirytime = 600000ms (custom)
2019-10-15 03:46:09,133 [pool-87-thread-1] INFO  server.RaftServerConfigKeys (ConfUtils.java:logGet(43)) - raft.server.log.write.buffer.size = 33554432 (custom)
2019-10-15 03:46:09,134 [pool-77-thread-1] INFO  server.RaftServerConfigKeys (ConfUtils.java:logGet(43)) - raft.server.log.statemachine.data.sync.timeout = 10s (default)
2019-10-15 03:46:09,134 [pool-87-thread-1] INFO  server.RaftServerConfigKeys (ConfUtils.java:logGet(43)) - raft.server.log.force.sync.num = 128 (default)
2019-10-15 03:46:09,134 [pool-77-thread-1] INFO  server.RaftServerConfigKeys (ConfUtils.java:logGet(43)) - raft.server.log.statemachine.data.sync.timeout.retry = -1 (default)
2019-10-15 03:46:09,134 [pool-87-thread-1] INFO  server.RaftServerConfigKeys (ConfUtils.java:logGet(43)) - raft.server.log.statemachine.data.sync = true (default)
2019-10-15 03:46:09,134 [pool-77-thread-1] INFO  server.RaftServerConfigKeys (ConfUtils.java:logGet(43)) - raft.server.log.statemachine.data.caching.enabled = true (custom)
2019-10-15 03:46:09,134 [pool-87-thread-1] INFO  server.RaftServerConfigKeys (ConfUtils.java:logGet(43)) - raft.server.log.statemachine.data.sync.timeout = 10s (default)
2019-10-15 03:46:09,135 [pool-87-thread-1] INFO  server.RaftServerConfigKeys (ConfUtils.java:logGet(43)) - raft.server.log.statemachine.data.sync.timeout.retry = -1 (default)
2019-10-15 03:46:09,135 [pool-77-thread-1] INFO  segmented.SegmentedRaftLogWorker (SegmentedRaftLogWorker.java:lambda$new$0(128)) - f095ffe7-dd78-4a83-a1e3-b07de5750b91@group-6AE6CFDC5292-SegmentedRaftLogWorker: flushIndex: setUnconditionally 0 -> -1
2019-10-15 03:46:09,135 [pool-87-thread-1] INFO  server.RaftServerConfigKeys (ConfUtils.java:logGet(43)) - raft.server.log.statemachine.data.caching.enabled = true (custom)
2019-10-15 03:46:09,135 [pool-77-thread-1] INFO  server.RaftServerConfigKeys (ConfUtils.java:logGet(43)) - raft.server.snapshot.auto.trigger.enabled = true (custom)
2019-10-15 03:46:09,135 [pool-87-thread-1] INFO  segmented.SegmentedRaftLogWorker (SegmentedRaftLogWorker.java:lambda$new$0(128)) - 414c303c-c4ef-43c7-bcb9-fd9e84137571@group-6AE6CFDC5292-SegmentedRaftLogWorker: flushIndex: setUnconditionally 0 -> -1
2019-10-15 03:46:09,135 [pool-77-thread-1] INFO  server.RaftServerConfigKeys (ConfUtils.java:logGet(43)) - raft.server.snapshot.auto.trigger.threshold = 10000 (custom)
2019-10-15 03:46:09,135 [pool-87-thread-1] INFO  server.RaftServerConfigKeys (ConfUtils.java:logGet(43)) - raft.server.snapshot.auto.trigger.enabled = true (custom)
2019-10-15 03:46:09,136 [pool-77-thread-1] INFO  server.RaftServerConfigKeys (ConfUtils.java:logGet(43)) - raft.server.snapshot.retention.file.num = 5 (custom)
2019-10-15 03:46:09,136 [pool-87-thread-1] INFO  server.RaftServerConfigKeys (ConfUtils.java:logGet(43)) - raft.server.snapshot.auto.trigger.threshold = 10000 (custom)
2019-10-15 03:46:09,136 [pool-87-thread-1] INFO  server.RaftServerConfigKeys (ConfUtils.java:logGet(43)) - raft.server.snapshot.retention.file.num = 5 (custom)
2019-10-15 03:46:09,136 [pool-77-thread-1] INFO  server.RaftServerConfigKeys (ConfUtils.java:logGet(43)) - raft.server.retrycache.expirytime = 600000ms (custom)
2019-10-15 03:46:09,141 [pool-87-thread-1] INFO  server.RaftServerConfigKeys (ConfUtils.java:logGet(43)) - raft.server.retrycache.expirytime = 600000ms (custom)
2019-10-15 03:46:09,146 [pool-27-thread-1] INFO  impl.RaftServerImpl (RaftServerImpl.java:start(181)) - a3cf3edf-f522-422d-92e1-14c85e0bb804@group-6AE6CFDC5292: start as a follower, conf=-1: [f095ffe7-dd78-4a83-a1e3-b07de5750b91:192.168.151.96:36545, a3cf3edf-f522-422d-92e1-14c85e0bb804:192.168.151.96:46434, 414c303c-c4ef-43c7-bcb9-fd9e84137571:192.168.151.96:46476], old=null
2019-10-15 03:46:09,147 [pool-27-thread-1] INFO  impl.RaftServerImpl (RaftServerImpl.java:setRole(170)) - a3cf3edf-f522-422d-92e1-14c85e0bb804@group-6AE6CFDC5292: changes role from      null to FOLLOWER at term 0 for startAsFollower
2019-10-15 03:46:09,147 [pool-27-thread-1] INFO  impl.RoleInfo (RoleInfo.java:updateAndGet(143)) - a3cf3edf-f522-422d-92e1-14c85e0bb804: start FollowerState
2019-10-15 03:46:09,147 [pool-27-thread-1] INFO  util.JmxRegister (JmxRegister.java:tryRegister(44)) - Successfully registered JMX Bean with object name Ratis:service=RaftServer,group=group-6AE6CFDC5292,id=a3cf3edf-f522-422d-92e1-14c85e0bb804
2019-10-15 03:46:09,148 [pool-87-thread-1] INFO  impl.RaftServerImpl (RaftServerImpl.java:start(181)) - 414c303c-c4ef-43c7-bcb9-fd9e84137571@group-6AE6CFDC5292: start as a follower, conf=-1: [f095ffe7-dd78-4a83-a1e3-b07de5750b91:192.168.151.96:36545, a3cf3edf-f522-422d-92e1-14c85e0bb804:192.168.151.96:46434, 414c303c-c4ef-43c7-bcb9-fd9e84137571:192.168.151.96:46476], old=null
2019-10-15 03:46:09,148 [pool-87-thread-1] INFO  impl.RaftServerImpl (RaftServerImpl.java:setRole(170)) - 414c303c-c4ef-43c7-bcb9-fd9e84137571@group-6AE6CFDC5292: changes role from      null to FOLLOWER at term 0 for startAsFollower
2019-10-15 03:46:09,148 [pool-87-thread-1] INFO  impl.RoleInfo (RoleInfo.java:updateAndGet(143)) - 414c303c-c4ef-43c7-bcb9-fd9e84137571: start FollowerState
2019-10-15 03:46:09,149 [pool-87-thread-1] INFO  util.JmxRegister (JmxRegister.java:tryRegister(44)) - Successfully registered JMX Bean with object name Ratis:service=RaftServer,group=group-6AE6CFDC5292,id=414c303c-c4ef-43c7-bcb9-fd9e84137571
2019-10-15 03:46:09,149 [pool-77-thread-1] INFO  impl.RaftServerImpl (RaftServerImpl.java:start(181)) - f095ffe7-dd78-4a83-a1e3-b07de5750b91@group-6AE6CFDC5292: start as a follower, conf=-1: [f095ffe7-dd78-4a83-a1e3-b07de5750b91:192.168.151.96:36545, a3cf3edf-f522-422d-92e1-14c85e0bb804:192.168.151.96:46434, 414c303c-c4ef-43c7-bcb9-fd9e84137571:192.168.151.96:46476], old=null
2019-10-15 03:46:09,149 [pool-77-thread-1] INFO  impl.RaftServerImpl (RaftServerImpl.java:setRole(170)) - f095ffe7-dd78-4a83-a1e3-b07de5750b91@group-6AE6CFDC5292: changes role from      null to FOLLOWER at term 0 for startAsFollower
2019-10-15 03:46:09,149 [pool-77-thread-1] INFO  impl.RoleInfo (RoleInfo.java:updateAndGet(143)) - f095ffe7-dd78-4a83-a1e3-b07de5750b91: start FollowerState
2019-10-15 03:46:09,150 [pool-77-thread-1] INFO  util.JmxRegister (JmxRegister.java:tryRegister(44)) - Successfully registered JMX Bean with object name Ratis:service=RaftServer,group=group-6AE6CFDC5292,id=f095ffe7-dd78-4a83-a1e3-b07de5750b91
2019-10-15 03:46:09,173 [RatisPipelineUtilsThread] INFO  pipeline.PipelineStateManager (PipelineStateManager.java:addPipeline(56)) - Created pipeline Pipeline[ Id: b2d2aebc-e333-4852-b903-6ae6cfdc5292, Nodes: f095ffe7-dd78-4a83-a1e3-b07de5750b91{ip: 192.168.151.96, host: pr-hdds-2194-5wssm-2368079274, networkLocation: /default-rack, certSerialId: null}a3cf3edf-f522-422d-92e1-14c85e0bb804{ip: 192.168.151.96, host: pr-hdds-2194-5wssm-2368079274, networkLocation: /default-rack, certSerialId: null}414c303c-c4ef-43c7-bcb9-fd9e84137571{ip: 192.168.151.96, host: pr-hdds-2194-5wssm-2368079274, networkLocation: /default-rack, certSerialId: null}, Type:RATIS, Factor:THREE, State:OPEN]
2019-10-15 03:46:09,588 [IPC Server handler 6 on 42581] INFO  volume.OMVolumeCreateRequest (OMVolumeCreateRequest.java:validateAndUpdateCache(193)) - created volume:testblockoutputstream for user:jenkins1000
2019-10-15 03:46:09,629 [main] INFO  rpc.RpcClient (RpcClient.java:createBucket(411)) - Creating Bucket: testblockoutputstream/testblockoutputstream, with Versioning false and Storage Type set to DISK and Encryption set to false 
2019-10-15 03:46:09,839 [main] INFO  impl.MetricsSystemImpl (MetricsSystemImpl.java:init(158)) - XceiverClientMetrics metrics system started (again)
2019-10-15 03:46:10,085 [Thread-238] INFO  container.ReplicationManager (ReplicationManager.java:start(162)) - Starting Replication Monitor Thread.
2019-10-15 03:46:10,089 [ReplicationMonitor] INFO  container.ReplicationManager (ReplicationManager.java:run(225)) - Replication Monitor Thread took 3 milliseconds for processing 1 containers.
2019-10-15 03:46:12,974 [Thread-240] INFO  impl.FollowerState (FollowerState.java:run(108)) - a3cf3edf-f522-422d-92e1-14c85e0bb804@group-3A36C33532C9-FollowerState: change to CANDIDATE, lastRpcTime:5058ms, electionTimeout:5058ms
2019-10-15 03:46:12,979 [Thread-240] INFO  impl.RoleInfo (RoleInfo.java:shutdownFollowerState(121)) - a3cf3edf-f522-422d-92e1-14c85e0bb804: shutdown FollowerState
2019-10-15 03:46:12,979 [Thread-240] INFO  impl.RaftServerImpl (RaftServerImpl.java:setRole(170)) - a3cf3edf-f522-422d-92e1-14c85e0bb804@group-3A36C33532C9: changes role from  FOLLOWER to CANDIDATE at term 0 for changeToCandidate
2019-10-15 03:46:12,985 [Thread-240] INFO  impl.RoleInfo (RoleInfo.java:updateAndGet(143)) - a3cf3edf-f522-422d-92e1-14c85e0bb804: start LeaderElection
2019-10-15 03:46:13,015 [a3cf3edf-f522-422d-92e1-14c85e0bb804@group-3A36C33532C9-LeaderElection1] INFO  impl.LeaderElection (LeaderElection.java:askForVotes(178)) - a3cf3edf-f522-422d-92e1-14c85e0bb804@group-3A36C33532C9-LeaderElection1: begin an election at term 1 for -1: [a3cf3edf-f522-422d-92e1-14c85e0bb804:192.168.151.96:46434], old=null
2019-10-15 03:46:13,017 [a3cf3edf-f522-422d-92e1-14c85e0bb804@group-3A36C33532C9-LeaderElection1] INFO  impl.RoleInfo (RoleInfo.java:shutdownLeaderElection(134)) - a3cf3edf-f522-422d-92e1-14c85e0bb804: shutdown LeaderElection
2019-10-15 03:46:13,018 [a3cf3edf-f522-422d-92e1-14c85e0bb804@group-3A36C33532C9-LeaderElection1] INFO  impl.RaftServerImpl (RaftServerImpl.java:setRole(170)) - a3cf3edf-f522-422d-92e1-14c85e0bb804@group-3A36C33532C9: changes role from CANDIDATE to LEADER at term 1 for changeToLeader
2019-10-15 03:46:13,018 [a3cf3edf-f522-422d-92e1-14c85e0bb804@group-3A36C33532C9-LeaderElection1] INFO  impl.RaftServerImpl (ServerState.java:setLeader(255)) - a3cf3edf-f522-422d-92e1-14c85e0bb804@group-3A36C33532C9: change Leader from null to a3cf3edf-f522-422d-92e1-14c85e0bb804 at term 1 for becomeLeader, leader elected after 5233ms
2019-10-15 03:46:13,027 [a3cf3edf-f522-422d-92e1-14c85e0bb804@group-3A36C33532C9-LeaderElection1] INFO  server.RaftServerConfigKeys (ConfUtils.java:logGet(43)) - raft.server.staging.catchup.gap = 1000 (default)
2019-10-15 03:46:13,027 [a3cf3edf-f522-422d-92e1-14c85e0bb804@group-3A36C33532C9-LeaderElection1] INFO  server.RaftServerConfigKeys (ConfUtils.java:logGet(43)) - raft.server.rpc.sleep.time = 25ms (default)
2019-10-15 03:46:13,032 [a3cf3edf-f522-422d-92e1-14c85e0bb804@group-3A36C33532C9-LeaderElection1] INFO  server.RaftServerConfigKeys (ConfUtils.java:logGet(43)) - raft.server.write.element-limit = 4096 (default)
2019-10-15 03:46:13,035 [a3cf3edf-f522-422d-92e1-14c85e0bb804@group-3A36C33532C9-LeaderElection1] INFO  server.RaftServerConfigKeys (ConfUtils.java:logGet(43)) - raft.server.watch.timeout = 10s (default)
2019-10-15 03:46:13,035 [a3cf3edf-f522-422d-92e1-14c85e0bb804@group-3A36C33532C9-LeaderElection1] INFO  server.RaftServerConfigKeys (ConfUtils.java:logGet(43)) - raft.server.watch.timeout.denomination = 1s (default)
2019-10-15 03:46:13,036 [a3cf3edf-f522-422d-92e1-14c85e0bb804@group-3A36C33532C9-LeaderElection1] INFO  server.RaftServerConfigKeys (ConfUtils.java:logGet(43)) - raft.server.watch.element-limit = 65536 (default)
2019-10-15 03:46:13,048 [a3cf3edf-f522-422d-92e1-14c85e0bb804@group-3A36C33532C9-LeaderElection1] INFO  impl.RoleInfo (RoleInfo.java:updateAndGet(143)) - a3cf3edf-f522-422d-92e1-14c85e0bb804: start LeaderState
2019-10-15 03:46:13,074 [a3cf3edf-f522-422d-92e1-14c85e0bb804@group-3A36C33532C9-LeaderElection1] INFO  segmented.SegmentedRaftLogWorker (SegmentedRaftLogWorker.java:startLogSegment(385)) - a3cf3edf-f522-422d-92e1-14c85e0bb804@group-3A36C33532C9-SegmentedRaftLogWorker: Starting segment from index:0
2019-10-15 03:46:13,084 [a3cf3edf-f522-422d-92e1-14c85e0bb804@group-3A36C33532C9-LeaderElection1] INFO  impl.RaftServerImpl (ServerState.java:setRaftConf(356)) - a3cf3edf-f522-422d-92e1-14c85e0bb804@group-3A36C33532C9: set configuration 0: [a3cf3edf-f522-422d-92e1-14c85e0bb804:192.168.151.96:46434], old=null at 0
2019-10-15 03:46:13,247 [Thread-243] INFO  impl.FollowerState (FollowerState.java:run(108)) - c2f8d357-5b51-40ae-9d70-08485fb749ef@group-CFEE3149252B-FollowerState: change to CANDIDATE, lastRpcTime:5079ms, electionTimeout:5077ms
2019-10-15 03:46:13,264 [Thread-243] INFO  impl.RoleInfo (RoleInfo.java:shutdownFollowerState(121)) - c2f8d357-5b51-40ae-9d70-08485fb749ef: shutdown FollowerState
2019-10-15 03:46:13,264 [Thread-243] INFO  impl.RaftServerImpl (RaftServerImpl.java:setRole(170)) - c2f8d357-5b51-40ae-9d70-08485fb749ef@group-CFEE3149252B: changes role from  FOLLOWER to CANDIDATE at term 0 for changeToCandidate
2019-10-15 03:46:13,264 [Thread-243] INFO  impl.RoleInfo (RoleInfo.java:updateAndGet(143)) - c2f8d357-5b51-40ae-9d70-08485fb749ef: start LeaderElection
2019-10-15 03:46:13,316 [a3cf3edf-f522-422d-92e1-14c85e0bb804@group-3A36C33532C9-SegmentedRaftLogWorker] INFO  segmented.SegmentedRaftLogWorker (SegmentedRaftLogWorker.java:execute(574)) - a3cf3edf-f522-422d-92e1-14c85e0bb804@group-3A36C33532C9-SegmentedRaftLogWorker: created new log segment /workdir/hadoop-ozone/integration-test/target/test-dir/MiniOzoneClusterImpl-b3c4100e-e893-4c02-8028-cfd5e9dd125a/datanode-0/data/ratis/5b9c627a-af16-4934-b745-3a36c33532c9/current/log_inprogress_0
2019-10-15 03:46:13,316 [c2f8d357-5b51-40ae-9d70-08485fb749ef@group-CFEE3149252B-LeaderElection2] INFO  impl.LeaderElection (LeaderElection.java:askForVotes(178)) - c2f8d357-5b51-40ae-9d70-08485fb749ef@group-CFEE3149252B-LeaderElection2: begin an election at term 1 for -1: [c2f8d357-5b51-40ae-9d70-08485fb749ef:192.168.151.96:32821], old=null
2019-10-15 03:46:13,325 [c2f8d357-5b51-40ae-9d70-08485fb749ef@group-CFEE3149252B-LeaderElection2] INFO  impl.RoleInfo (RoleInfo.java:shutdownLeaderElection(134)) - c2f8d357-5b51-40ae-9d70-08485fb749ef: shutdown LeaderElection
2019-10-15 03:46:13,325 [c2f8d357-5b51-40ae-9d70-08485fb749ef@group-CFEE3149252B-LeaderElection2] INFO  impl.RaftServerImpl (RaftServerImpl.java:setRole(170)) - c2f8d357-5b51-40ae-9d70-08485fb749ef@group-CFEE3149252B: changes role from CANDIDATE to LEADER at term 1 for changeToLeader
2019-10-15 03:46:13,325 [c2f8d357-5b51-40ae-9d70-08485fb749ef@group-CFEE3149252B-LeaderElection2] INFO  impl.RaftServerImpl (ServerState.java:setLeader(255)) - c2f8d357-5b51-40ae-9d70-08485fb749ef@group-CFEE3149252B: change Leader from null to c2f8d357-5b51-40ae-9d70-08485fb749ef at term 1 for becomeLeader, leader elected after 5180ms
2019-10-15 03:46:13,327 [c2f8d357-5b51-40ae-9d70-08485fb749ef@group-CFEE3149252B-LeaderElection2] INFO  server.RaftServerConfigKeys (ConfUtils.java:logGet(43)) - raft.server.staging.catchup.gap = 1000 (default)
2019-10-15 03:46:13,328 [c2f8d357-5b51-40ae-9d70-08485fb749ef@group-CFEE3149252B-LeaderElection2] INFO  server.RaftServerConfigKeys (ConfUtils.java:logGet(43)) - raft.server.rpc.sleep.time = 25ms (default)
2019-10-15 03:46:13,328 [c2f8d357-5b51-40ae-9d70-08485fb749ef@group-CFEE3149252B-LeaderElection2] INFO  server.RaftServerConfigKeys (ConfUtils.java:logGet(43)) - raft.server.write.element-limit = 4096 (default)
2019-10-15 03:46:13,328 [c2f8d357-5b51-40ae-9d70-08485fb749ef@group-CFEE3149252B-LeaderElection2] INFO  server.RaftServerConfigKeys (ConfUtils.java:logGet(43)) - raft.server.watch.timeout = 10s (default)
2019-10-15 03:46:13,328 [c2f8d357-5b51-40ae-9d70-08485fb749ef@group-CFEE3149252B-LeaderElection2] INFO  server.RaftServerConfigKeys (ConfUtils.java:logGet(43)) - raft.server.watch.timeout.denomination = 1s (default)
2019-10-15 03:46:13,328 [c2f8d357-5b51-40ae-9d70-08485fb749ef@group-CFEE3149252B-LeaderElection2] INFO  server.RaftServerConfigKeys (ConfUtils.java:logGet(43)) - raft.server.watch.element-limit = 65536 (default)
2019-10-15 03:46:13,331 [c2f8d357-5b51-40ae-9d70-08485fb749ef@group-CFEE3149252B-LeaderElection2] INFO  impl.RoleInfo (RoleInfo.java:updateAndGet(143)) - c2f8d357-5b51-40ae-9d70-08485fb749ef: start LeaderState
2019-10-15 03:46:13,331 [c2f8d357-5b51-40ae-9d70-08485fb749ef@group-CFEE3149252B-LeaderElection2] INFO  segmented.SegmentedRaftLogWorker (SegmentedRaftLogWorker.java:startLogSegment(385)) - c2f8d357-5b51-40ae-9d70-08485fb749ef@group-CFEE3149252B-SegmentedRaftLogWorker: Starting segment from index:0
2019-10-15 03:46:13,332 [c2f8d357-5b51-40ae-9d70-08485fb749ef@group-CFEE3149252B-LeaderElection2] INFO  impl.RaftServerImpl (ServerState.java:setRaftConf(356)) - c2f8d357-5b51-40ae-9d70-08485fb749ef@group-CFEE3149252B: set configuration 0: [c2f8d357-5b51-40ae-9d70-08485fb749ef:192.168.151.96:32821], old=null at 0
2019-10-15 03:46:13,383 [c2f8d357-5b51-40ae-9d70-08485fb749ef@group-CFEE3149252B-SegmentedRaftLogWorker] INFO  segmented.SegmentedRaftLogWorker (SegmentedRaftLogWorker.java:execute(574)) - c2f8d357-5b51-40ae-9d70-08485fb749ef@group-CFEE3149252B-SegmentedRaftLogWorker: created new log segment /workdir/hadoop-ozone/integration-test/target/test-dir/MiniOzoneClusterImpl-b3c4100e-e893-4c02-8028-cfd5e9dd125a/datanode-4/data/ratis/5931b9cd-a729-4f29-84b5-cfee3149252b/current/log_inprogress_0
2019-10-15 03:46:13,434 [Thread-246] INFO  impl.FollowerState (FollowerState.java:run(108)) - afbe96ca-b091-4d20-bab6-78cf5d09aad4@group-88F6DAD611AC-FollowerState: change to CANDIDATE, lastRpcTime:5084ms, electionTimeout:5084ms
2019-10-15 03:46:13,434 [Thread-246] INFO  impl.RoleInfo (RoleInfo.java:shutdownFollowerState(121)) - afbe96ca-b091-4d20-bab6-78cf5d09aad4: shutdown FollowerState
2019-10-15 03:46:13,434 [Thread-246] INFO  impl.RaftServerImpl (RaftServerImpl.java:setRole(170)) - afbe96ca-b091-4d20-bab6-78cf5d09aad4@group-88F6DAD611AC: changes role from  FOLLOWER to CANDIDATE at term 0 for changeToCandidate
2019-10-15 03:46:13,435 [Thread-246] INFO  impl.RoleInfo (RoleInfo.java:updateAndGet(143)) - afbe96ca-b091-4d20-bab6-78cf5d09aad4: start LeaderElection
2019-10-15 03:46:13,467 [afbe96ca-b091-4d20-bab6-78cf5d09aad4@group-88F6DAD611AC-LeaderElection3] INFO  impl.LeaderElection (LeaderElection.java:askForVotes(178)) - afbe96ca-b091-4d20-bab6-78cf5d09aad4@group-88F6DAD611AC-LeaderElection3: begin an election at term 1 for -1: [afbe96ca-b091-4d20-bab6-78cf5d09aad4:192.168.151.96:45464], old=null
2019-10-15 03:46:13,469 [afbe96ca-b091-4d20-bab6-78cf5d09aad4@group-88F6DAD611AC-LeaderElection3] INFO  impl.RoleInfo (RoleInfo.java:shutdownLeaderElection(134)) - afbe96ca-b091-4d20-bab6-78cf5d09aad4: shutdown LeaderElection
2019-10-15 03:46:13,470 [afbe96ca-b091-4d20-bab6-78cf5d09aad4@group-88F6DAD611AC-LeaderElection3] INFO  impl.RaftServerImpl (RaftServerImpl.java:setRole(170)) - afbe96ca-b091-4d20-bab6-78cf5d09aad4@group-88F6DAD611AC: changes role from CANDIDATE to LEADER at term 1 for changeToLeader
2019-10-15 03:46:13,470 [afbe96ca-b091-4d20-bab6-78cf5d09aad4@group-88F6DAD611AC-LeaderElection3] INFO  impl.RaftServerImpl (ServerState.java:setLeader(255)) - afbe96ca-b091-4d20-bab6-78cf5d09aad4@group-88F6DAD611AC: change Leader from null to afbe96ca-b091-4d20-bab6-78cf5d09aad4 at term 1 for becomeLeader, leader elected after 5170ms
2019-10-15 03:46:13,472 [afbe96ca-b091-4d20-bab6-78cf5d09aad4@group-88F6DAD611AC-LeaderElection3] INFO  server.RaftServerConfigKeys (ConfUtils.java:logGet(43)) - raft.server.staging.catchup.gap = 1000 (default)
2019-10-15 03:46:13,472 [afbe96ca-b091-4d20-bab6-78cf5d09aad4@group-88F6DAD611AC-LeaderElection3] INFO  server.RaftServerConfigKeys (ConfUtils.java:logGet(43)) - raft.server.rpc.sleep.time = 25ms (default)
2019-10-15 03:46:13,472 [afbe96ca-b091-4d20-bab6-78cf5d09aad4@group-88F6DAD611AC-LeaderElection3] INFO  server.RaftServerConfigKeys (ConfUtils.java:logGet(43)) - raft.server.write.element-limit = 4096 (default)
2019-10-15 03:46:13,472 [afbe96ca-b091-4d20-bab6-78cf5d09aad4@group-88F6DAD611AC-LeaderElection3] INFO  server.RaftServerConfigKeys (ConfUtils.java:logGet(43)) - raft.server.watch.timeout = 10s (default)
2019-10-15 03:46:13,472 [afbe96ca-b091-4d20-bab6-78cf5d09aad4@group-88F6DAD611AC-LeaderElection3] INFO  server.RaftServerConfigKeys (ConfUtils.java:logGet(43)) - raft.server.watch.timeout.denomination = 1s (default)
2019-10-15 03:46:13,472 [afbe96ca-b091-4d20-bab6-78cf5d09aad4@group-88F6DAD611AC-LeaderElection3] INFO  server.RaftServerConfigKeys (ConfUtils.java:logGet(43)) - raft.server.watch.element-limit = 65536 (default)
2019-10-15 03:46:13,475 [afbe96ca-b091-4d20-bab6-78cf5d09aad4@group-88F6DAD611AC-LeaderElection3] INFO  impl.RoleInfo (RoleInfo.java:updateAndGet(143)) - afbe96ca-b091-4d20-bab6-78cf5d09aad4: start LeaderState
2019-10-15 03:46:13,475 [afbe96ca-b091-4d20-bab6-78cf5d09aad4@group-88F6DAD611AC-LeaderElection3] INFO  segmented.SegmentedRaftLogWorker (SegmentedRaftLogWorker.java:startLogSegment(385)) - afbe96ca-b091-4d20-bab6-78cf5d09aad4@group-88F6DAD611AC-SegmentedRaftLogWorker: Starting segment from index:0
2019-10-15 03:46:13,476 [afbe96ca-b091-4d20-bab6-78cf5d09aad4@group-88F6DAD611AC-LeaderElection3] INFO  impl.RaftServerImpl (ServerState.java:setRaftConf(356)) - afbe96ca-b091-4d20-bab6-78cf5d09aad4@group-88F6DAD611AC: set configuration 0: [afbe96ca-b091-4d20-bab6-78cf5d09aad4:192.168.151.96:45464], old=null at 0
2019-10-15 03:46:13,526 [afbe96ca-b091-4d20-bab6-78cf5d09aad4@group-88F6DAD611AC-SegmentedRaftLogWorker] INFO  segmented.SegmentedRaftLogWorker (SegmentedRaftLogWorker.java:execute(574)) - afbe96ca-b091-4d20-bab6-78cf5d09aad4@group-88F6DAD611AC-SegmentedRaftLogWorker: created new log segment /workdir/hadoop-ozone/integration-test/target/test-dir/MiniOzoneClusterImpl-b3c4100e-e893-4c02-8028-cfd5e9dd125a/datanode-1/data/ratis/038b1516-1c8f-47dc-a8ac-88f6dad611ac/current/log_inprogress_0
2019-10-15 03:46:13,607 [Thread-249] INFO  impl.FollowerState (FollowerState.java:run(108)) - 3d054599-df0e-4848-ac46-80d59fac3196@group-371773C42AD7-FollowerState: change to CANDIDATE, lastRpcTime:5147ms, electionTimeout:5147ms
2019-10-15 03:46:13,607 [Thread-249] INFO  impl.RoleInfo (RoleInfo.java:shutdownFollowerState(121)) - 3d054599-df0e-4848-ac46-80d59fac3196: shutdown FollowerState
2019-10-15 03:46:13,607 [Thread-249] INFO  impl.RaftServerImpl (RaftServerImpl.java:setRole(170)) - 3d054599-df0e-4848-ac46-80d59fac3196@group-371773C42AD7: changes role from  FOLLOWER to CANDIDATE at term 0 for changeToCandidate
2019-10-15 03:46:13,608 [Thread-249] INFO  impl.RoleInfo (RoleInfo.java:updateAndGet(143)) - 3d054599-df0e-4848-ac46-80d59fac3196: start LeaderElection
2019-10-15 03:46:13,661 [3d054599-df0e-4848-ac46-80d59fac3196@group-371773C42AD7-LeaderElection4] INFO  impl.LeaderElection (LeaderElection.java:askForVotes(178)) - 3d054599-df0e-4848-ac46-80d59fac3196@group-371773C42AD7-LeaderElection4: begin an election at term 1 for -1: [3d054599-df0e-4848-ac46-80d59fac3196:192.168.151.96:34736], old=null
2019-10-15 03:46:13,661 [3d054599-df0e-4848-ac46-80d59fac3196@group-371773C42AD7-LeaderElection4] INFO  impl.RoleInfo (RoleInfo.java:shutdownLeaderElection(134)) - 3d054599-df0e-4848-ac46-80d59fac3196: shutdown LeaderElection
2019-10-15 03:46:13,661 [3d054599-df0e-4848-ac46-80d59fac3196@group-371773C42AD7-LeaderElection4] INFO  impl.RaftServerImpl (RaftServerImpl.java:setRole(170)) - 3d054599-df0e-4848-ac46-80d59fac3196@group-371773C42AD7: changes role from CANDIDATE to LEADER at term 1 for changeToLeader
2019-10-15 03:46:13,662 [3d054599-df0e-4848-ac46-80d59fac3196@group-371773C42AD7-LeaderElection4] INFO  impl.RaftServerImpl (ServerState.java:setLeader(255)) - 3d054599-df0e-4848-ac46-80d59fac3196@group-371773C42AD7: change Leader from null to 3d054599-df0e-4848-ac46-80d59fac3196 at term 1 for becomeLeader, leader elected after 5211ms
2019-10-15 03:46:13,663 [3d054599-df0e-4848-ac46-80d59fac3196@group-371773C42AD7-LeaderElection4] INFO  server.RaftServerConfigKeys (ConfUtils.java:logGet(43)) - raft.server.staging.catchup.gap = 1000 (default)
2019-10-15 03:46:13,663 [3d054599-df0e-4848-ac46-80d59fac3196@group-371773C42AD7-LeaderElection4] INFO  server.RaftServerConfigKeys (ConfUtils.java:logGet(43)) - raft.server.rpc.sleep.time = 25ms (default)
2019-10-15 03:46:13,664 [3d054599-df0e-4848-ac46-80d59fac3196@group-371773C42AD7-LeaderElection4] INFO  server.RaftServerConfigKeys (ConfUtils.java:logGet(43)) - raft.server.write.element-limit = 4096 (default)
2019-10-15 03:46:13,664 [3d054599-df0e-4848-ac46-80d59fac3196@group-371773C42AD7-LeaderElection4] INFO  server.RaftServerConfigKeys (ConfUtils.java:logGet(43)) - raft.server.watch.timeout = 10s (default)
2019-10-15 03:46:13,664 [3d054599-df0e-4848-ac46-80d59fac3196@group-371773C42AD7-LeaderElection4] INFO  server.RaftServerConfigKeys (ConfUtils.java:logGet(43)) - raft.server.watch.timeout.denomination = 1s (default)
2019-10-15 03:46:13,664 [3d054599-df0e-4848-ac46-80d59fac3196@group-371773C42AD7-LeaderElection4] INFO  server.RaftServerConfigKeys (ConfUtils.java:logGet(43)) - raft.server.watch.element-limit = 65536 (default)
2019-10-15 03:46:13,668 [3d054599-df0e-4848-ac46-80d59fac3196@group-371773C42AD7-LeaderElection4] INFO  impl.RoleInfo (RoleInfo.java:updateAndGet(143)) - 3d054599-df0e-4848-ac46-80d59fac3196: start LeaderState
2019-10-15 03:46:13,668 [3d054599-df0e-4848-ac46-80d59fac3196@group-371773C42AD7-LeaderElection4] INFO  segmented.SegmentedRaftLogWorker (SegmentedRaftLogWorker.java:startLogSegment(385)) - 3d054599-df0e-4848-ac46-80d59fac3196@group-371773C42AD7-SegmentedRaftLogWorker: Starting segment from index:0
2019-10-15 03:46:13,669 [3d054599-df0e-4848-ac46-80d59fac3196@group-371773C42AD7-LeaderElection4] INFO  impl.RaftServerImpl (ServerState.java:setRaftConf(356)) - 3d054599-df0e-4848-ac46-80d59fac3196@group-371773C42AD7: set configuration 0: [3d054599-df0e-4848-ac46-80d59fac3196:192.168.151.96:34736], old=null at 0
2019-10-15 03:46:13,703 [Thread-252] INFO  impl.FollowerState (FollowerState.java:run(108)) - f095ffe7-dd78-4a83-a1e3-b07de5750b91@group-C97196A71895-FollowerState: change to CANDIDATE, lastRpcTime:5114ms, electionTimeout:5110ms
2019-10-15 03:46:13,703 [Thread-252] INFO  impl.RoleInfo (RoleInfo.java:shutdownFollowerState(121)) - f095ffe7-dd78-4a83-a1e3-b07de5750b91: shutdown FollowerState
2019-10-15 03:46:13,703 [Thread-252] INFO  impl.RaftServerImpl (RaftServerImpl.java:setRole(170)) - f095ffe7-dd78-4a83-a1e3-b07de5750b91@group-C97196A71895: changes role from  FOLLOWER to CANDIDATE at term 0 for changeToCandidate
2019-10-15 03:46:13,704 [Thread-252] INFO  impl.RoleInfo (RoleInfo.java:updateAndGet(143)) - f095ffe7-dd78-4a83-a1e3-b07de5750b91: start LeaderElection
2019-10-15 03:46:13,754 [3d054599-df0e-4848-ac46-80d59fac3196@group-371773C42AD7-SegmentedRaftLogWorker] INFO  segmented.SegmentedRaftLogWorker (SegmentedRaftLogWorker.java:execute(574)) - 3d054599-df0e-4848-ac46-80d59fac3196@group-371773C42AD7-SegmentedRaftLogWorker: created new log segment /workdir/hadoop-ozone/integration-test/target/test-dir/MiniOzoneClusterImpl-b3c4100e-e893-4c02-8028-cfd5e9dd125a/datanode-3/data/ratis/4e0998a4-7a23-4db5-ab88-371773c42ad7/current/log_inprogress_0
2019-10-15 03:46:13,755 [f095ffe7-dd78-4a83-a1e3-b07de5750b91@group-C97196A71895-LeaderElection5] INFO  impl.LeaderElection (LeaderElection.java:askForVotes(178)) - f095ffe7-dd78-4a83-a1e3-b07de5750b91@group-C97196A71895-LeaderElection5: begin an election at term 1 for -1: [f095ffe7-dd78-4a83-a1e3-b07de5750b91:192.168.151.96:36545], old=null
2019-10-15 03:46:13,755 [Thread-256] INFO  impl.FollowerState (FollowerState.java:run(108)) - 414c303c-c4ef-43c7-bcb9-fd9e84137571@group-BC9C29DA6BBE-FollowerState: change to CANDIDATE, lastRpcTime:5044ms, electionTimeout:5044ms
2019-10-15 03:46:13,755 [f095ffe7-dd78-4a83-a1e3-b07de5750b91@group-C97196A71895-LeaderElection5] INFO  impl.RoleInfo (RoleInfo.java:shutdownLeaderElection(134)) - f095ffe7-dd78-4a83-a1e3-b07de5750b91: shutdown LeaderElection
2019-10-15 03:46:13,755 [Thread-256] INFO  impl.RoleInfo (RoleInfo.java:shutdownFollowerState(121)) - 414c303c-c4ef-43c7-bcb9-fd9e84137571: shutdown FollowerState
2019-10-15 03:46:13,755 [Thread-256] INFO  impl.RaftServerImpl (RaftServerImpl.java:setRole(170)) - 414c303c-c4ef-43c7-bcb9-fd9e84137571@group-BC9C29DA6BBE: changes role from  FOLLOWER to CANDIDATE at term 0 for changeToCandidate
2019-10-15 03:46:13,755 [f095ffe7-dd78-4a83-a1e3-b07de5750b91@group-C97196A71895-LeaderElection5] INFO  impl.RaftServerImpl (RaftServerImpl.java:setRole(170)) - f095ffe7-dd78-4a83-a1e3-b07de5750b91@group-C97196A71895: changes role from CANDIDATE to LEADER at term 1 for changeToLeader
2019-10-15 03:46:13,755 [Thread-256] INFO  impl.RoleInfo (RoleInfo.java:updateAndGet(143)) - 414c303c-c4ef-43c7-bcb9-fd9e84137571: start LeaderElection
2019-10-15 03:46:13,756 [f095ffe7-dd78-4a83-a1e3-b07de5750b91@group-C97196A71895-LeaderElection5] INFO  impl.RaftServerImpl (ServerState.java:setLeader(255)) - f095ffe7-dd78-4a83-a1e3-b07de5750b91@group-C97196A71895: change Leader from null to f095ffe7-dd78-4a83-a1e3-b07de5750b91 at term 1 for becomeLeader, leader elected after 5179ms
2019-10-15 03:46:13,758 [f095ffe7-dd78-4a83-a1e3-b07de5750b91@group-C97196A71895-LeaderElection5] INFO  server.RaftServerConfigKeys (ConfUtils.java:logGet(43)) - raft.server.staging.catchup.gap = 1000 (default)
2019-10-15 03:46:13,761 [f095ffe7-dd78-4a83-a1e3-b07de5750b91@group-C97196A71895-LeaderElection5] INFO  server.RaftServerConfigKeys (ConfUtils.java:logGet(43)) - raft.server.rpc.sleep.time = 25ms (default)
2019-10-15 03:46:13,761 [f095ffe7-dd78-4a83-a1e3-b07de5750b91@group-C97196A71895-LeaderElection5] INFO  server.RaftServerConfigKeys (ConfUtils.java:logGet(43)) - raft.server.write.element-limit = 4096 (default)
2019-10-15 03:46:13,761 [f095ffe7-dd78-4a83-a1e3-b07de5750b91@group-C97196A71895-LeaderElection5] INFO  server.RaftServerConfigKeys (ConfUtils.java:logGet(43)) - raft.server.watch.timeout = 10s (default)
2019-10-15 03:46:13,762 [f095ffe7-dd78-4a83-a1e3-b07de5750b91@group-C97196A71895-LeaderElection5] INFO  server.RaftServerConfigKeys (ConfUtils.java:logGet(43)) - raft.server.watch.timeout.denomination = 1s (default)
2019-10-15 03:46:13,762 [f095ffe7-dd78-4a83-a1e3-b07de5750b91@group-C97196A71895-LeaderElection5] INFO  server.RaftServerConfigKeys (ConfUtils.java:logGet(43)) - raft.server.watch.element-limit = 65536 (default)
2019-10-15 03:46:13,765 [f095ffe7-dd78-4a83-a1e3-b07de5750b91@group-C97196A71895-LeaderElection5] INFO  impl.RoleInfo (RoleInfo.java:updateAndGet(143)) - f095ffe7-dd78-4a83-a1e3-b07de5750b91: start LeaderState
2019-10-15 03:46:13,766 [f095ffe7-dd78-4a83-a1e3-b07de5750b91@group-C97196A71895-LeaderElection5] INFO  segmented.SegmentedRaftLogWorker (SegmentedRaftLogWorker.java:startLogSegment(385)) - f095ffe7-dd78-4a83-a1e3-b07de5750b91@group-C97196A71895-SegmentedRaftLogWorker: Starting segment from index:0
2019-10-15 03:46:13,766 [f095ffe7-dd78-4a83-a1e3-b07de5750b91@group-C97196A71895-LeaderElection5] INFO  impl.RaftServerImpl (ServerState.java:setRaftConf(356)) - f095ffe7-dd78-4a83-a1e3-b07de5750b91@group-C97196A71895: set configuration 0: [f095ffe7-dd78-4a83-a1e3-b07de5750b91:192.168.151.96:36545], old=null at 0
2019-10-15 03:46:13,797 [414c303c-c4ef-43c7-bcb9-fd9e84137571@group-BC9C29DA6BBE-LeaderElection6] INFO  impl.LeaderElection (LeaderElection.java:askForVotes(178)) - 414c303c-c4ef-43c7-bcb9-fd9e84137571@group-BC9C29DA6BBE-LeaderElection6: begin an election at term 1 for -1: [414c303c-c4ef-43c7-bcb9-fd9e84137571:192.168.151.96:46476], old=null
2019-10-15 03:46:13,797 [414c303c-c4ef-43c7-bcb9-fd9e84137571@group-BC9C29DA6BBE-LeaderElection6] INFO  impl.RoleInfo (RoleInfo.java:shutdownLeaderElection(134)) - 414c303c-c4ef-43c7-bcb9-fd9e84137571: shutdown LeaderElection
2019-10-15 03:46:13,798 [414c303c-c4ef-43c7-bcb9-fd9e84137571@group-BC9C29DA6BBE-LeaderElection6] INFO  impl.RaftServerImpl (RaftServerImpl.java:setRole(170)) - 414c303c-c4ef-43c7-bcb9-fd9e84137571@group-BC9C29DA6BBE: changes role from CANDIDATE to LEADER at term 1 for changeToLeader
2019-10-15 03:46:13,798 [414c303c-c4ef-43c7-bcb9-fd9e84137571@group-BC9C29DA6BBE-LeaderElection6] INFO  impl.RaftServerImpl (ServerState.java:setLeader(255)) - 414c303c-c4ef-43c7-bcb9-fd9e84137571@group-BC9C29DA6BBE: change Leader from null to 414c303c-c4ef-43c7-bcb9-fd9e84137571 at term 1 for becomeLeader, leader elected after 5095ms
2019-10-15 03:46:13,799 [414c303c-c4ef-43c7-bcb9-fd9e84137571@group-BC9C29DA6BBE-LeaderElection6] INFO  server.RaftServerConfigKeys (ConfUtils.java:logGet(43)) - raft.server.staging.catchup.gap = 1000 (default)
2019-10-15 03:46:13,800 [414c303c-c4ef-43c7-bcb9-fd9e84137571@group-BC9C29DA6BBE-LeaderElection6] INFO  server.RaftServerConfigKeys (ConfUtils.java:logGet(43)) - raft.server.rpc.sleep.time = 25ms (default)
2019-10-15 03:46:13,800 [414c303c-c4ef-43c7-bcb9-fd9e84137571@group-BC9C29DA6BBE-LeaderElection6] INFO  server.RaftServerConfigKeys (ConfUtils.java:logGet(43)) - raft.server.write.element-limit = 4096 (default)
2019-10-15 03:46:13,800 [414c303c-c4ef-43c7-bcb9-fd9e84137571@group-BC9C29DA6BBE-LeaderElection6] INFO  server.RaftServerConfigKeys (ConfUtils.java:logGet(43)) - raft.server.watch.timeout = 10s (default)
2019-10-15 03:46:13,800 [414c303c-c4ef-43c7-bcb9-fd9e84137571@group-BC9C29DA6BBE-LeaderElection6] INFO  server.RaftServerConfigKeys (ConfUtils.java:logGet(43)) - raft.server.watch.timeout.denomination = 1s (default)
2019-10-15 03:46:13,800 [414c303c-c4ef-43c7-bcb9-fd9e84137571@group-BC9C29DA6BBE-LeaderElection6] INFO  server.RaftServerConfigKeys (ConfUtils.java:logGet(43)) - raft.server.watch.element-limit = 65536 (default)
2019-10-15 03:46:13,804 [414c303c-c4ef-43c7-bcb9-fd9e84137571@group-BC9C29DA6BBE-LeaderElection6] INFO  impl.RoleInfo (RoleInfo.java:updateAndGet(143)) - 414c303c-c4ef-43c7-bcb9-fd9e84137571: start LeaderState
2019-10-15 03:46:13,804 [414c303c-c4ef-43c7-bcb9-fd9e84137571@group-BC9C29DA6BBE-LeaderElection6] INFO  segmented.SegmentedRaftLogWorker (SegmentedRaftLogWorker.java:startLogSegment(385)) - 414c303c-c4ef-43c7-bcb9-fd9e84137571@group-BC9C29DA6BBE-SegmentedRaftLogWorker: Starting segment from index:0
2019-10-15 03:46:13,805 [414c303c-c4ef-43c7-bcb9-fd9e84137571@group-BC9C29DA6BBE-LeaderElection6] INFO  impl.RaftServerImpl (ServerState.java:setRaftConf(356)) - 414c303c-c4ef-43c7-bcb9-fd9e84137571@group-BC9C29DA6BBE: set configuration 0: [414c303c-c4ef-43c7-bcb9-fd9e84137571:192.168.151.96:46476], old=null at 0
2019-10-15 03:46:13,843 [f095ffe7-dd78-4a83-a1e3-b07de5750b91@group-C97196A71895-SegmentedRaftLogWorker] INFO  segmented.SegmentedRaftLogWorker (SegmentedRaftLogWorker.java:execute(574)) - f095ffe7-dd78-4a83-a1e3-b07de5750b91@group-C97196A71895-SegmentedRaftLogWorker: created new log segment /workdir/hadoop-ozone/integration-test/target/test-dir/MiniOzoneClusterImpl-b3c4100e-e893-4c02-8028-cfd5e9dd125a/datanode-5/data/ratis/9e1a1246-6662-4e36-b8e6-c97196a71895/current/log_inprogress_0
2019-10-15 03:46:13,881 [414c303c-c4ef-43c7-bcb9-fd9e84137571@group-BC9C29DA6BBE-SegmentedRaftLogWorker] INFO  segmented.SegmentedRaftLogWorker (SegmentedRaftLogWorker.java:execute(574)) - 414c303c-c4ef-43c7-bcb9-fd9e84137571@group-BC9C29DA6BBE-SegmentedRaftLogWorker: created new log segment /workdir/hadoop-ozone/integration-test/target/test-dir/MiniOzoneClusterImpl-b3c4100e-e893-4c02-8028-cfd5e9dd125a/datanode-6/data/ratis/0a759cd7-30ed-4859-b164-bc9c29da6bbe/current/log_inprogress_0
2019-10-15 03:46:13,914 [Thread-259] INFO  impl.FollowerState (FollowerState.java:run(108)) - 4b7383e3-04b5-459c-b6b2-cddfc28028ca@group-90333446518D-FollowerState: change to CANDIDATE, lastRpcTime:5094ms, electionTimeout:5094ms
2019-10-15 03:46:13,915 [Thread-259] INFO  impl.RoleInfo (RoleInfo.java:shutdownFollowerState(121)) - 4b7383e3-04b5-459c-b6b2-cddfc28028ca: shutdown FollowerState
2019-10-15 03:46:13,915 [Thread-259] INFO  impl.RaftServerImpl (RaftServerImpl.java:setRole(170)) - 4b7383e3-04b5-459c-b6b2-cddfc28028ca@group-90333446518D: changes role from  FOLLOWER to CANDIDATE at term 0 for changeToCandidate
2019-10-15 03:46:13,915 [Thread-259] INFO  impl.RoleInfo (RoleInfo.java:updateAndGet(143)) - 4b7383e3-04b5-459c-b6b2-cddfc28028ca: start LeaderElection
2019-10-15 03:46:13,949 [4b7383e3-04b5-459c-b6b2-cddfc28028ca@group-90333446518D-LeaderElection7] INFO  impl.LeaderElection (LeaderElection.java:askForVotes(178)) - 4b7383e3-04b5-459c-b6b2-cddfc28028ca@group-90333446518D-LeaderElection7: begin an election at term 1 for -1: [4b7383e3-04b5-459c-b6b2-cddfc28028ca:192.168.151.96:44383], old=null
2019-10-15 03:46:13,949 [4b7383e3-04b5-459c-b6b2-cddfc28028ca@group-90333446518D-LeaderElection7] INFO  impl.RoleInfo (RoleInfo.java:shutdownLeaderElection(134)) - 4b7383e3-04b5-459c-b6b2-cddfc28028ca: shutdown LeaderElection
2019-10-15 03:46:13,949 [4b7383e3-04b5-459c-b6b2-cddfc28028ca@group-90333446518D-LeaderElection7] INFO  impl.RaftServerImpl (RaftServerImpl.java:setRole(170)) - 4b7383e3-04b5-459c-b6b2-cddfc28028ca@group-90333446518D: changes role from CANDIDATE to LEADER at term 1 for changeToLeader
2019-10-15 03:46:13,949 [4b7383e3-04b5-459c-b6b2-cddfc28028ca@group-90333446518D-LeaderElection7] INFO  impl.RaftServerImpl (ServerState.java:setLeader(255)) - 4b7383e3-04b5-459c-b6b2-cddfc28028ca@group-90333446518D: change Leader from null to 4b7383e3-04b5-459c-b6b2-cddfc28028ca at term 1 for becomeLeader, leader elected after 5137ms
2019-10-15 03:46:13,951 [4b7383e3-04b5-459c-b6b2-cddfc28028ca@group-90333446518D-LeaderElection7] INFO  server.RaftServerConfigKeys (ConfUtils.java:logGet(43)) - raft.server.staging.catchup.gap = 1000 (default)
2019-10-15 03:46:13,952 [4b7383e3-04b5-459c-b6b2-cddfc28028ca@group-90333446518D-LeaderElection7] INFO  server.RaftServerConfigKeys (ConfUtils.java:logGet(43)) - raft.server.rpc.sleep.time = 25ms (default)
2019-10-15 03:46:13,952 [4b7383e3-04b5-459c-b6b2-cddfc28028ca@group-90333446518D-LeaderElection7] INFO  server.RaftServerConfigKeys (ConfUtils.java:logGet(43)) - raft.server.write.element-limit = 4096 (default)
2019-10-15 03:46:13,952 [4b7383e3-04b5-459c-b6b2-cddfc28028ca@group-90333446518D-LeaderElection7] INFO  server.RaftServerConfigKeys (ConfUtils.java:logGet(43)) - raft.server.watch.timeout = 10s (default)
2019-10-15 03:46:13,952 [4b7383e3-04b5-459c-b6b2-cddfc28028ca@group-90333446518D-LeaderElection7] INFO  server.RaftServerConfigKeys (ConfUtils.java:logGet(43)) - raft.server.watch.timeout.denomination = 1s (default)
2019-10-15 03:46:13,952 [4b7383e3-04b5-459c-b6b2-cddfc28028ca@group-90333446518D-LeaderElection7] INFO  server.RaftServerConfigKeys (ConfUtils.java:logGet(43)) - raft.server.watch.element-limit = 65536 (default)
2019-10-15 03:46:13,954 [4b7383e3-04b5-459c-b6b2-cddfc28028ca@group-90333446518D-LeaderElection7] INFO  impl.RoleInfo (RoleInfo.java:updateAndGet(143)) - 4b7383e3-04b5-459c-b6b2-cddfc28028ca: start LeaderState
2019-10-15 03:46:13,955 [4b7383e3-04b5-459c-b6b2-cddfc28028ca@group-90333446518D-LeaderElection7] INFO  segmented.SegmentedRaftLogWorker (SegmentedRaftLogWorker.java:startLogSegment(385)) - 4b7383e3-04b5-459c-b6b2-cddfc28028ca@group-90333446518D-SegmentedRaftLogWorker: Starting segment from index:0
2019-10-15 03:46:13,955 [4b7383e3-04b5-459c-b6b2-cddfc28028ca@group-90333446518D-LeaderElection7] INFO  impl.RaftServerImpl (ServerState.java:setRaftConf(356)) - 4b7383e3-04b5-459c-b6b2-cddfc28028ca@group-90333446518D: set configuration 0: [4b7383e3-04b5-459c-b6b2-cddfc28028ca:192.168.151.96:44383], old=null at 0
2019-10-15 03:46:14,001 [Thread-267] INFO  impl.FollowerState (FollowerState.java:run(108)) - 3d054599-df0e-4848-ac46-80d59fac3196@group-1098E4432A3A-FollowerState: change to CANDIDATE, lastRpcTime:5033ms, electionTimeout:5033ms
2019-10-15 03:46:14,001 [Thread-267] INFO  impl.RoleInfo (RoleInfo.java:shutdownFollowerState(121)) - 3d054599-df0e-4848-ac46-80d59fac3196: shutdown FollowerState
2019-10-15 03:46:14,001 [Thread-267] INFO  impl.RaftServerImpl (RaftServerImpl.java:setRole(170)) - 3d054599-df0e-4848-ac46-80d59fac3196@group-1098E4432A3A: changes role from  FOLLOWER to CANDIDATE at term 0 for changeToCandidate
2019-10-15 03:46:14,001 [Thread-267] INFO  impl.RoleInfo (RoleInfo.java:updateAndGet(143)) - 3d054599-df0e-4848-ac46-80d59fac3196: start LeaderElection
2019-10-15 03:46:14,041 [4b7383e3-04b5-459c-b6b2-cddfc28028ca@group-90333446518D-SegmentedRaftLogWorker] INFO  segmented.SegmentedRaftLogWorker (SegmentedRaftLogWorker.java:execute(574)) - 4b7383e3-04b5-459c-b6b2-cddfc28028ca@group-90333446518D-SegmentedRaftLogWorker: created new log segment /workdir/hadoop-ozone/integration-test/target/test-dir/MiniOzoneClusterImpl-b3c4100e-e893-4c02-8028-cfd5e9dd125a/datanode-2/data/ratis/8948dceb-5ffd-4855-b631-90333446518d/current/log_inprogress_0
2019-10-15 03:46:14,041 [3d054599-df0e-4848-ac46-80d59fac3196@group-1098E4432A3A-LeaderElection8] INFO  impl.LeaderElection (LeaderElection.java:askForVotes(178)) - 3d054599-df0e-4848-ac46-80d59fac3196@group-1098E4432A3A-LeaderElection8: begin an election at term 1 for -1: [afbe96ca-b091-4d20-bab6-78cf5d09aad4:192.168.151.96:45464, c2f8d357-5b51-40ae-9d70-08485fb749ef:192.168.151.96:32821, 3d054599-df0e-4848-ac46-80d59fac3196:192.168.151.96:34736], old=null
2019-10-15 03:46:14,061 [grpc-default-executor-2] INFO  impl.RaftServerImpl (RaftServerImpl.java:setRole(170)) - c2f8d357-5b51-40ae-9d70-08485fb749ef@group-1098E4432A3A: changes role from  FOLLOWER to FOLLOWER at term 1 for recognizeCandidate:3d054599-df0e-4848-ac46-80d59fac3196
2019-10-15 03:46:14,061 [grpc-default-executor-0] INFO  impl.RaftServerImpl (RaftServerImpl.java:setRole(170)) - afbe96ca-b091-4d20-bab6-78cf5d09aad4@group-1098E4432A3A: changes role from  FOLLOWER to FOLLOWER at term 1 for recognizeCandidate:3d054599-df0e-4848-ac46-80d59fac3196
2019-10-15 03:46:14,061 [grpc-default-executor-2] INFO  impl.RoleInfo (RoleInfo.java:shutdownFollowerState(121)) - c2f8d357-5b51-40ae-9d70-08485fb749ef: shutdown FollowerState
2019-10-15 03:46:14,061 [grpc-default-executor-0] INFO  impl.RoleInfo (RoleInfo.java:shutdownFollowerState(121)) - afbe96ca-b091-4d20-bab6-78cf5d09aad4: shutdown FollowerState
2019-10-15 03:46:14,061 [Thread-265] INFO  impl.FollowerState (FollowerState.java:run(117)) - c2f8d357-5b51-40ae-9d70-08485fb749ef@group-1098E4432A3A-FollowerState was interrupted: java.lang.InterruptedException: sleep interrupted
2019-10-15 03:46:14,061 [grpc-default-executor-2] INFO  impl.RoleInfo (RoleInfo.java:updateAndGet(143)) - c2f8d357-5b51-40ae-9d70-08485fb749ef: start FollowerState
2019-10-15 03:46:14,061 [grpc-default-executor-0] INFO  impl.RoleInfo (RoleInfo.java:updateAndGet(143)) - afbe96ca-b091-4d20-bab6-78cf5d09aad4: start FollowerState
2019-10-15 03:46:14,061 [Thread-266] INFO  impl.FollowerState (FollowerState.java:run(117)) - afbe96ca-b091-4d20-bab6-78cf5d09aad4@group-1098E4432A3A-FollowerState was interrupted: java.lang.InterruptedException: sleep interrupted
2019-10-15 03:46:14,095 [3d054599-df0e-4848-ac46-80d59fac3196@group-1098E4432A3A-LeaderElection8] INFO  impl.LeaderElection (LeaderElection.java:logAndReturn(56)) - 3d054599-df0e-4848-ac46-80d59fac3196@group-1098E4432A3A-LeaderElection8: Election PASSED; received 1 response(s) [3d054599-df0e-4848-ac46-80d59fac3196<-c2f8d357-5b51-40ae-9d70-08485fb749ef#0:OK-t1] and 0 exception(s); 3d054599-df0e-4848-ac46-80d59fac3196@group-1098E4432A3A:t1, leader=null, voted=3d054599-df0e-4848-ac46-80d59fac3196, raftlog=3d054599-df0e-4848-ac46-80d59fac3196@group-1098E4432A3A-SegmentedRaftLog:OPENED:c-1,f-1,i0, conf=-1: [afbe96ca-b091-4d20-bab6-78cf5d09aad4:192.168.151.96:45464, c2f8d357-5b51-40ae-9d70-08485fb749ef:192.168.151.96:32821, 3d054599-df0e-4848-ac46-80d59fac3196:192.168.151.96:34736], old=null
2019-10-15 03:46:14,096 [3d054599-df0e-4848-ac46-80d59fac3196@group-1098E4432A3A-LeaderElection8] INFO  impl.RoleInfo (RoleInfo.java:shutdownLeaderElection(134)) - 3d054599-df0e-4848-ac46-80d59fac3196: shutdown LeaderElection
2019-10-15 03:46:14,098 [3d054599-df0e-4848-ac46-80d59fac3196@group-1098E4432A3A-LeaderElection8] INFO  impl.RaftServerImpl (RaftServerImpl.java:setRole(170)) - 3d054599-df0e-4848-ac46-80d59fac3196@group-1098E4432A3A: changes role from CANDIDATE to LEADER at term 1 for changeToLeader
2019-10-15 03:46:14,100 [3d054599-df0e-4848-ac46-80d59fac3196@group-1098E4432A3A-LeaderElection8] INFO  impl.RaftServerImpl (ServerState.java:setLeader(255)) - 3d054599-df0e-4848-ac46-80d59fac3196@group-1098E4432A3A: change Leader from null to 3d054599-df0e-4848-ac46-80d59fac3196 at term 1 for becomeLeader, leader elected after 5153ms
2019-10-15 03:46:14,100 [3d054599-df0e-4848-ac46-80d59fac3196@group-1098E4432A3A-LeaderElection8] INFO  server.RaftServerConfigKeys (ConfUtils.java:logGet(43)) - raft.server.staging.catchup.gap = 1000 (default)
2019-10-15 03:46:14,100 [3d054599-df0e-4848-ac46-80d59fac3196@group-1098E4432A3A-LeaderElection8] INFO  server.RaftServerConfigKeys (ConfUtils.java:logGet(43)) - raft.server.rpc.sleep.time = 25ms (default)
2019-10-15 03:46:14,100 [3d054599-df0e-4848-ac46-80d59fac3196@group-1098E4432A3A-LeaderElection8] INFO  server.RaftServerConfigKeys (ConfUtils.java:logGet(43)) - raft.server.write.element-limit = 4096 (default)
2019-10-15 03:46:14,101 [3d054599-df0e-4848-ac46-80d59fac3196@group-1098E4432A3A-LeaderElection8] INFO  server.RaftServerConfigKeys (ConfUtils.java:logGet(43)) - raft.server.watch.timeout = 10s (default)
2019-10-15 03:46:14,101 [3d054599-df0e-4848-ac46-80d59fac3196@group-1098E4432A3A-LeaderElection8] INFO  server.RaftServerConfigKeys (ConfUtils.java:logGet(43)) - raft.server.watch.timeout.denomination = 1s (default)
2019-10-15 03:46:14,101 [3d054599-df0e-4848-ac46-80d59fac3196@group-1098E4432A3A-LeaderElection8] INFO  server.RaftServerConfigKeys (ConfUtils.java:logGet(43)) - raft.server.watch.element-limit = 65536 (default)
2019-10-15 03:46:14,108 [3d054599-df0e-4848-ac46-80d59fac3196@group-1098E4432A3A-LeaderElection8] INFO  server.RaftServerConfigKeys (ConfUtils.java:logGet(43)) - raft.server.log.appender.snapshot.chunk.size.max = 16MB (=16777216) (default)
2019-10-15 03:46:14,108 [3d054599-df0e-4848-ac46-80d59fac3196@group-1098E4432A3A-LeaderElection8] INFO  server.RaftServerConfigKeys (ConfUtils.java:logGet(43)) - raft.server.log.appender.buffer.byte-limit = 33554432 (custom)
2019-10-15 03:46:14,109 [3d054599-df0e-4848-ac46-80d59fac3196@group-1098E4432A3A-LeaderElection8] INFO  server.RaftServerConfigKeys (ConfUtils.java:logGet(43)) - raft.server.log.appender.buffer.element-limit = 1 (custom)
2019-10-15 03:46:14,113 [3d054599-df0e-4848-ac46-80d59fac3196@group-1098E4432A3A-LeaderElection8] INFO  grpc.GrpcConfigKeys$Server (ConfUtils.java:logGet(43)) - raft.grpc.server.leader.outstanding.appends.max = 128 (default)
2019-10-15 03:46:14,113 [3d054599-df0e-4848-ac46-80d59fac3196@group-1098E4432A3A-LeaderElection8] INFO  server.RaftServerConfigKeys (ConfUtils.java:logGet(43)) - raft.server.rpc.request.timeout = 3000ms (default)
2019-10-15 03:46:14,113 [3d054599-df0e-4848-ac46-80d59fac3196@group-1098E4432A3A-LeaderElection8] INFO  server.RaftServerConfigKeys (ConfUtils.java:logGet(43)) - raft.server.log.appender.install.snapshot.enabled = false (custom)
2019-10-15 03:46:14,114 [3d054599-df0e-4848-ac46-80d59fac3196@group-1098E4432A3A-LeaderElection8] INFO  server.RaftServerConfigKeys (ConfUtils.java:logGet(43)) - raft.server.log.appender.snapshot.chunk.size.max = 16MB (=16777216) (default)
2019-10-15 03:46:14,115 [3d054599-df0e-4848-ac46-80d59fac3196@group-1098E4432A3A-LeaderElection8] INFO  server.RaftServerConfigKeys (ConfUtils.java:logGet(43)) - raft.server.log.appender.buffer.byte-limit = 33554432 (custom)
2019-10-15 03:46:14,115 [3d054599-df0e-4848-ac46-80d59fac3196@group-1098E4432A3A-LeaderElection8] INFO  server.RaftServerConfigKeys (ConfUtils.java:logGet(43)) - raft.server.log.appender.buffer.element-limit = 1 (custom)
2019-10-15 03:46:14,115 [3d054599-df0e-4848-ac46-80d59fac3196@group-1098E4432A3A-LeaderElection8] INFO  grpc.GrpcConfigKeys$Server (ConfUtils.java:logGet(43)) - raft.grpc.server.leader.outstanding.appends.max = 128 (default)
2019-10-15 03:46:14,115 [3d054599-df0e-4848-ac46-80d59fac3196@group-1098E4432A3A-LeaderElection8] INFO  server.RaftServerConfigKeys (ConfUtils.java:logGet(43)) - raft.server.rpc.request.timeout = 3000ms (default)
2019-10-15 03:46:14,115 [3d054599-df0e-4848-ac46-80d59fac3196@group-1098E4432A3A-LeaderElection8] INFO  server.RaftServerConfigKeys (ConfUtils.java:logGet(43)) - raft.server.log.appender.install.snapshot.enabled = false (custom)
2019-10-15 03:46:14,117 [3d054599-df0e-4848-ac46-80d59fac3196@group-1098E4432A3A-LeaderElection8] INFO  impl.RoleInfo (RoleInfo.java:updateAndGet(143)) - 3d054599-df0e-4848-ac46-80d59fac3196: start LeaderState
2019-10-15 03:46:14,117 [3d054599-df0e-4848-ac46-80d59fac3196@group-1098E4432A3A-LeaderElection8] INFO  segmented.SegmentedRaftLogWorker (SegmentedRaftLogWorker.java:startLogSegment(385)) - 3d054599-df0e-4848-ac46-80d59fac3196@group-1098E4432A3A-SegmentedRaftLogWorker: Starting segment from index:0
2019-10-15 03:46:14,118 [3d054599-df0e-4848-ac46-80d59fac3196@group-1098E4432A3A-LeaderElection8] INFO  impl.RaftServerImpl (ServerState.java:setRaftConf(356)) - 3d054599-df0e-4848-ac46-80d59fac3196@group-1098E4432A3A: set configuration 0: [afbe96ca-b091-4d20-bab6-78cf5d09aad4:192.168.151.96:45464, c2f8d357-5b51-40ae-9d70-08485fb749ef:192.168.151.96:32821, 3d054599-df0e-4848-ac46-80d59fac3196:192.168.151.96:34736], old=null at 0
2019-10-15 03:46:14,171 [Thread-275] INFO  impl.FollowerState (FollowerState.java:run(108)) - a3cf3edf-f522-422d-92e1-14c85e0bb804@group-6AE6CFDC5292-FollowerState: change to CANDIDATE, lastRpcTime:5024ms, electionTimeout:5023ms
2019-10-15 03:46:14,173 [grpc-default-executor-0] INFO  impl.RaftServerImpl (ServerState.java:setLeader(255)) - c2f8d357-5b51-40ae-9d70-08485fb749ef@group-1098E4432A3A: change Leader from null to 3d054599-df0e-4848-ac46-80d59fac3196 at term 1 for appendEntries, leader elected after 5226ms
2019-10-15 03:46:14,174 [Thread-275] INFO  impl.RoleInfo (RoleInfo.java:shutdownFollowerState(121)) - a3cf3edf-f522-422d-92e1-14c85e0bb804: shutdown FollowerState
2019-10-15 03:46:14,173 [grpc-default-executor-2] INFO  impl.RaftServerImpl (ServerState.java:setLeader(255)) - afbe96ca-b091-4d20-bab6-78cf5d09aad4@group-1098E4432A3A: change Leader from null to 3d054599-df0e-4848-ac46-80d59fac3196 at term 1 for appendEntries, leader elected after 5225ms
2019-10-15 03:46:14,174 [Thread-275] INFO  impl.RaftServerImpl (RaftServerImpl.java:setRole(170)) - a3cf3edf-f522-422d-92e1-14c85e0bb804@group-6AE6CFDC5292: changes role from  FOLLOWER to CANDIDATE at term 0 for changeToCandidate
2019-10-15 03:46:14,174 [Thread-275] INFO  impl.RoleInfo (RoleInfo.java:updateAndGet(143)) - a3cf3edf-f522-422d-92e1-14c85e0bb804: start LeaderElection
2019-10-15 03:46:14,185 [3d054599-df0e-4848-ac46-80d59fac3196@group-1098E4432A3A-SegmentedRaftLogWorker] INFO  segmented.SegmentedRaftLogWorker (SegmentedRaftLogWorker.java:execute(574)) - 3d054599-df0e-4848-ac46-80d59fac3196@group-1098E4432A3A-SegmentedRaftLogWorker: created new log segment /workdir/hadoop-ozone/integration-test/target/test-dir/MiniOzoneClusterImpl-b3c4100e-e893-4c02-8028-cfd5e9dd125a/datanode-3/data/ratis/1d61f50c-b382-411a-a037-1098e4432a3a/current/log_inprogress_0
2019-10-15 03:46:14,208 [grpc-default-executor-0] INFO  impl.RaftServerImpl (ServerState.java:setRaftConf(356)) - afbe96ca-b091-4d20-bab6-78cf5d09aad4@group-1098E4432A3A: set configuration 0: [afbe96ca-b091-4d20-bab6-78cf5d09aad4:192.168.151.96:45464, c2f8d357-5b51-40ae-9d70-08485fb749ef:192.168.151.96:32821, 3d054599-df0e-4848-ac46-80d59fac3196:192.168.151.96:34736], old=null at 0
2019-10-15 03:46:14,208 [grpc-default-executor-2] INFO  impl.RaftServerImpl (ServerState.java:setRaftConf(356)) - c2f8d357-5b51-40ae-9d70-08485fb749ef@group-1098E4432A3A: set configuration 0: [afbe96ca-b091-4d20-bab6-78cf5d09aad4:192.168.151.96:45464, c2f8d357-5b51-40ae-9d70-08485fb749ef:192.168.151.96:32821, 3d054599-df0e-4848-ac46-80d59fac3196:192.168.151.96:34736], old=null at 0
2019-10-15 03:46:14,208 [grpc-default-executor-0] INFO  segmented.SegmentedRaftLogWorker (SegmentedRaftLogWorker.java:startLogSegment(385)) - afbe96ca-b091-4d20-bab6-78cf5d09aad4@group-1098E4432A3A-SegmentedRaftLogWorker: Starting segment from index:0
2019-10-15 03:46:14,208 [grpc-default-executor-2] INFO  segmented.SegmentedRaftLogWorker (SegmentedRaftLogWorker.java:startLogSegment(385)) - c2f8d357-5b51-40ae-9d70-08485fb749ef@group-1098E4432A3A-SegmentedRaftLogWorker: Starting segment from index:0
2019-10-15 03:46:14,218 [a3cf3edf-f522-422d-92e1-14c85e0bb804@group-6AE6CFDC5292-LeaderElection9] INFO  impl.LeaderElection (LeaderElection.java:askForVotes(178)) - a3cf3edf-f522-422d-92e1-14c85e0bb804@group-6AE6CFDC5292-LeaderElection9: begin an election at term 1 for -1: [f095ffe7-dd78-4a83-a1e3-b07de5750b91:192.168.151.96:36545, a3cf3edf-f522-422d-92e1-14c85e0bb804:192.168.151.96:46434, 414c303c-c4ef-43c7-bcb9-fd9e84137571:192.168.151.96:46476], old=null
2019-10-15 03:46:14,272 [grpc-default-executor-2] INFO  impl.RaftServerImpl (RaftServerImpl.java:setRole(170)) - 414c303c-c4ef-43c7-bcb9-fd9e84137571@group-6AE6CFDC5292: changes role from  FOLLOWER to FOLLOWER at term 1 for recognizeCandidate:a3cf3edf-f522-422d-92e1-14c85e0bb804
2019-10-15 03:46:14,272 [grpc-default-executor-0] INFO  impl.RaftServerImpl (RaftServerImpl.java:setRole(170)) - f095ffe7-dd78-4a83-a1e3-b07de5750b91@group-6AE6CFDC5292: changes role from  FOLLOWER to FOLLOWER at term 1 for recognizeCandidate:a3cf3edf-f522-422d-92e1-14c85e0bb804
2019-10-15 03:46:14,272 [grpc-default-executor-2] INFO  impl.RoleInfo (RoleInfo.java:shutdownFollowerState(121)) - 414c303c-c4ef-43c7-bcb9-fd9e84137571: shutdown FollowerState
2019-10-15 03:46:14,272 [grpc-default-executor-0] INFO  impl.RoleInfo (RoleInfo.java:shutdownFollowerState(121)) - f095ffe7-dd78-4a83-a1e3-b07de5750b91: shutdown FollowerState
2019-10-15 03:46:14,278 [Thread-276] INFO  impl.FollowerState (FollowerState.java:run(117)) - 414c303c-c4ef-43c7-bcb9-fd9e84137571@group-6AE6CFDC5292-FollowerState was interrupted: java.lang.InterruptedException: sleep interrupted
2019-10-15 03:46:14,278 [grpc-default-executor-2] INFO  impl.RoleInfo (RoleInfo.java:updateAndGet(143)) - 414c303c-c4ef-43c7-bcb9-fd9e84137571: start FollowerState
2019-10-15 03:46:14,278 [grpc-default-executor-0] INFO  impl.RoleInfo (RoleInfo.java:updateAndGet(143)) - f095ffe7-dd78-4a83-a1e3-b07de5750b91: start FollowerState
2019-10-15 03:46:14,278 [Thread-277] INFO  impl.FollowerState (FollowerState.java:run(117)) - f095ffe7-dd78-4a83-a1e3-b07de5750b91@group-6AE6CFDC5292-FollowerState was interrupted: java.lang.InterruptedException: sleep interrupted
2019-10-15 03:46:14,287 [afbe96ca-b091-4d20-bab6-78cf5d09aad4@group-1098E4432A3A-SegmentedRaftLogWorker] INFO  segmented.SegmentedRaftLogWorker (SegmentedRaftLogWorker.java:execute(574)) - afbe96ca-b091-4d20-bab6-78cf5d09aad4@group-1098E4432A3A-SegmentedRaftLogWorker: created new log segment /workdir/hadoop-ozone/integration-test/target/test-dir/MiniOzoneClusterImpl-b3c4100e-e893-4c02-8028-cfd5e9dd125a/datanode-1/data/ratis/1d61f50c-b382-411a-a037-1098e4432a3a/current/log_inprogress_0
2019-10-15 03:46:14,287 [c2f8d357-5b51-40ae-9d70-08485fb749ef@group-1098E4432A3A-SegmentedRaftLogWorker] INFO  segmented.SegmentedRaftLogWorker (SegmentedRaftLogWorker.java:execute(574)) - c2f8d357-5b51-40ae-9d70-08485fb749ef@group-1098E4432A3A-SegmentedRaftLogWorker: created new log segment /workdir/hadoop-ozone/integration-test/target/test-dir/MiniOzoneClusterImpl-b3c4100e-e893-4c02-8028-cfd5e9dd125a/datanode-4/data/ratis/1d61f50c-b382-411a-a037-1098e4432a3a/current/log_inprogress_0
2019-10-15 03:46:14,316 [a3cf3edf-f522-422d-92e1-14c85e0bb804@group-6AE6CFDC5292-LeaderElection9] INFO  impl.LeaderElection (LeaderElection.java:logAndReturn(56)) - a3cf3edf-f522-422d-92e1-14c85e0bb804@group-6AE6CFDC5292-LeaderElection9: Election PASSED; received 1 response(s) [a3cf3edf-f522-422d-92e1-14c85e0bb804<-414c303c-c4ef-43c7-bcb9-fd9e84137571#0:OK-t1] and 0 exception(s); a3cf3edf-f522-422d-92e1-14c85e0bb804@group-6AE6CFDC5292:t1, leader=null, voted=a3cf3edf-f522-422d-92e1-14c85e0bb804, raftlog=a3cf3edf-f522-422d-92e1-14c85e0bb804@group-6AE6CFDC5292-SegmentedRaftLog:OPENED:c-1,f-1,i0, conf=-1: [f095ffe7-dd78-4a83-a1e3-b07de5750b91:192.168.151.96:36545, a3cf3edf-f522-422d-92e1-14c85e0bb804:192.168.151.96:46434, 414c303c-c4ef-43c7-bcb9-fd9e84137571:192.168.151.96:46476], old=null
2019-10-15 03:46:14,316 [a3cf3edf-f522-422d-92e1-14c85e0bb804@group-6AE6CFDC5292-LeaderElection9] INFO  impl.RoleInfo (RoleInfo.java:shutdownLeaderElection(134)) - a3cf3edf-f522-422d-92e1-14c85e0bb804: shutdown LeaderElection
2019-10-15 03:46:14,317 [a3cf3edf-f522-422d-92e1-14c85e0bb804@group-6AE6CFDC5292-LeaderElection9] INFO  impl.RaftServerImpl (RaftServerImpl.java:setRole(170)) - a3cf3edf-f522-422d-92e1-14c85e0bb804@group-6AE6CFDC5292: changes role from CANDIDATE to LEADER at term 1 for changeToLeader
2019-10-15 03:46:14,318 [a3cf3edf-f522-422d-92e1-14c85e0bb804@group-6AE6CFDC5292-LeaderElection9] INFO  impl.RaftServerImpl (ServerState.java:setLeader(255)) - a3cf3edf-f522-422d-92e1-14c85e0bb804@group-6AE6CFDC5292: change Leader from null to a3cf3edf-f522-422d-92e1-14c85e0bb804 at term 1 for becomeLeader, leader elected after 5190ms
2019-10-15 03:46:14,318 [a3cf3edf-f522-422d-92e1-14c85e0bb804@group-6AE6CFDC5292-LeaderElection9] INFO  server.RaftServerConfigKeys (ConfUtils.java:logGet(43)) - raft.server.staging.catchup.gap = 1000 (default)
2019-10-15 03:46:14,318 [a3cf3edf-f522-422d-92e1-14c85e0bb804@group-6AE6CFDC5292-LeaderElection9] INFO  server.RaftServerConfigKeys (ConfUtils.java:logGet(43)) - raft.server.rpc.sleep.time = 25ms (default)
2019-10-15 03:46:14,318 [a3cf3edf-f522-422d-92e1-14c85e0bb804@group-6AE6CFDC5292-LeaderElection9] INFO  server.RaftServerConfigKeys (ConfUtils.java:logGet(43)) - raft.server.write.element-limit = 4096 (default)
2019-10-15 03:46:14,318 [a3cf3edf-f522-422d-92e1-14c85e0bb804@group-6AE6CFDC5292-LeaderElection9] INFO  server.RaftServerConfigKeys (ConfUtils.java:logGet(43)) - raft.server.watch.timeout = 10s (default)
2019-10-15 03:46:14,318 [a3cf3edf-f522-422d-92e1-14c85e0bb804@group-6AE6CFDC5292-LeaderElection9] INFO  server.RaftServerConfigKeys (ConfUtils.java:logGet(43)) - raft.server.watch.timeout.denomination = 1s (default)
2019-10-15 03:46:14,319 [a3cf3edf-f522-422d-92e1-14c85e0bb804@group-6AE6CFDC5292-LeaderElection9] INFO  server.RaftServerConfigKeys (ConfUtils.java:logGet(43)) - raft.server.watch.element-limit = 65536 (default)
2019-10-15 03:46:14,321 [a3cf3edf-f522-422d-92e1-14c85e0bb804@group-6AE6CFDC5292-LeaderElection9] INFO  server.RaftServerConfigKeys (ConfUtils.java:logGet(43)) - raft.server.log.appender.snapshot.chunk.size.max = 16MB (=16777216) (default)
2019-10-15 03:46:14,321 [a3cf3edf-f522-422d-92e1-14c85e0bb804@group-6AE6CFDC5292-LeaderElection9] INFO  server.RaftServerConfigKeys (ConfUtils.java:logGet(43)) - raft.server.log.appender.buffer.byte-limit = 33554432 (custom)
2019-10-15 03:46:14,322 [a3cf3edf-f522-422d-92e1-14c85e0bb804@group-6AE6CFDC5292-LeaderElection9] INFO  server.RaftServerConfigKeys (ConfUtils.java:logGet(43)) - raft.server.log.appender.buffer.element-limit = 1 (custom)
2019-10-15 03:46:14,322 [a3cf3edf-f522-422d-92e1-14c85e0bb804@group-6AE6CFDC5292-LeaderElection9] INFO  grpc.GrpcConfigKeys$Server (ConfUtils.java:logGet(43)) - raft.grpc.server.leader.outstanding.appends.max = 128 (default)
2019-10-15 03:46:14,323 [a3cf3edf-f522-422d-92e1-14c85e0bb804@group-6AE6CFDC5292-LeaderElection9] INFO  server.RaftServerConfigKeys (ConfUtils.java:logGet(43)) - raft.server.rpc.request.timeout = 3000ms (default)
2019-10-15 03:46:14,324 [a3cf3edf-f522-422d-92e1-14c85e0bb804@group-6AE6CFDC5292-LeaderElection9] INFO  server.RaftServerConfigKeys (ConfUtils.java:logGet(43)) - raft.server.log.appender.install.snapshot.enabled = false (custom)
2019-10-15 03:46:14,324 [a3cf3edf-f522-422d-92e1-14c85e0bb804@group-6AE6CFDC5292-LeaderElection9] INFO  server.RaftServerConfigKeys (ConfUtils.java:logGet(43)) - raft.server.log.appender.snapshot.chunk.size.max = 16MB (=16777216) (default)
2019-10-15 03:46:14,324 [a3cf3edf-f522-422d-92e1-14c85e0bb804@group-6AE6CFDC5292-LeaderElection9] INFO  server.RaftServerConfigKeys (ConfUtils.java:logGet(43)) - raft.server.log.appender.buffer.byte-limit = 33554432 (custom)
2019-10-15 03:46:14,324 [a3cf3edf-f522-422d-92e1-14c85e0bb804@group-6AE6CFDC5292-LeaderElection9] INFO  server.RaftServerConfigKeys (ConfUtils.java:logGet(43)) - raft.server.log.appender.buffer.element-limit = 1 (custom)
2019-10-15 03:46:14,325 [a3cf3edf-f522-422d-92e1-14c85e0bb804@group-6AE6CFDC5292-LeaderElection9] INFO  grpc.GrpcConfigKeys$Server (ConfUtils.java:logGet(43)) - raft.grpc.server.leader.outstanding.appends.max = 128 (default)
2019-10-15 03:46:14,325 [a3cf3edf-f522-422d-92e1-14c85e0bb804@group-6AE6CFDC5292-LeaderElection9] INFO  server.RaftServerConfigKeys (ConfUtils.java:logGet(43)) - raft.server.rpc.request.timeout = 3000ms (default)
2019-10-15 03:46:14,325 [a3cf3edf-f522-422d-92e1-14c85e0bb804@group-6AE6CFDC5292-LeaderElection9] INFO  server.RaftServerConfigKeys (ConfUtils.java:logGet(43)) - raft.server.log.appender.install.snapshot.enabled = false (custom)
2019-10-15 03:46:14,325 [a3cf3edf-f522-422d-92e1-14c85e0bb804@group-6AE6CFDC5292-LeaderElection9] INFO  impl.RoleInfo (RoleInfo.java:updateAndGet(143)) - a3cf3edf-f522-422d-92e1-14c85e0bb804: start LeaderState
2019-10-15 03:46:14,326 [a3cf3edf-f522-422d-92e1-14c85e0bb804@group-6AE6CFDC5292-LeaderElection9] INFO  segmented.SegmentedRaftLogWorker (SegmentedRaftLogWorker.java:startLogSegment(385)) - a3cf3edf-f522-422d-92e1-14c85e0bb804@group-6AE6CFDC5292-SegmentedRaftLogWorker: Starting segment from index:0
2019-10-15 03:46:14,326 [a3cf3edf-f522-422d-92e1-14c85e0bb804@group-6AE6CFDC5292-LeaderElection9] INFO  impl.RaftServerImpl (ServerState.java:setRaftConf(356)) - a3cf3edf-f522-422d-92e1-14c85e0bb804@group-6AE6CFDC5292: set configuration 0: [f095ffe7-dd78-4a83-a1e3-b07de5750b91:192.168.151.96:36545, a3cf3edf-f522-422d-92e1-14c85e0bb804:192.168.151.96:46434, 414c303c-c4ef-43c7-bcb9-fd9e84137571:192.168.151.96:46476], old=null at 0
2019-10-15 03:46:14,357 [grpc-default-executor-2] INFO  impl.RaftServerImpl (ServerState.java:setLeader(255)) - f095ffe7-dd78-4a83-a1e3-b07de5750b91@group-6AE6CFDC5292: change Leader from null to a3cf3edf-f522-422d-92e1-14c85e0bb804 at term 1 for appendEntries, leader elected after 5230ms
2019-10-15 03:46:14,359 [grpc-default-executor-0] INFO  impl.RaftServerImpl (ServerState.java:setLeader(255)) - 414c303c-c4ef-43c7-bcb9-fd9e84137571@group-6AE6CFDC5292: change Leader from null to a3cf3edf-f522-422d-92e1-14c85e0bb804 at term 1 for appendEntries, leader elected after 5232ms
2019-10-15 03:46:14,365 [grpc-default-executor-2] INFO  impl.RaftServerImpl (ServerState.java:setRaftConf(356)) - 414c303c-c4ef-43c7-bcb9-fd9e84137571@group-6AE6CFDC5292: set configuration 0: [f095ffe7-dd78-4a83-a1e3-b07de5750b91:192.168.151.96:36545, a3cf3edf-f522-422d-92e1-14c85e0bb804:192.168.151.96:46434, 414c303c-c4ef-43c7-bcb9-fd9e84137571:192.168.151.96:46476], old=null at 0
2019-10-15 03:46:14,365 [grpc-default-executor-0] INFO  impl.RaftServerImpl (ServerState.java:setRaftConf(356)) - f095ffe7-dd78-4a83-a1e3-b07de5750b91@group-6AE6CFDC5292: set configuration 0: [f095ffe7-dd78-4a83-a1e3-b07de5750b91:192.168.151.96:36545, a3cf3edf-f522-422d-92e1-14c85e0bb804:192.168.151.96:46434, 414c303c-c4ef-43c7-bcb9-fd9e84137571:192.168.151.96:46476], old=null at 0
2019-10-15 03:46:14,365 [grpc-default-executor-2] INFO  segmented.SegmentedRaftLogWorker (SegmentedRaftLogWorker.java:startLogSegment(385)) - 414c303c-c4ef-43c7-bcb9-fd9e84137571@group-6AE6CFDC5292-SegmentedRaftLogWorker: Starting segment from index:0
2019-10-15 03:46:14,365 [grpc-default-executor-0] INFO  segmented.SegmentedRaftLogWorker (SegmentedRaftLogWorker.java:startLogSegment(385)) - f095ffe7-dd78-4a83-a1e3-b07de5750b91@group-6AE6CFDC5292-SegmentedRaftLogWorker: Starting segment from index:0
2019-10-15 03:46:14,380 [a3cf3edf-f522-422d-92e1-14c85e0bb804@group-6AE6CFDC5292-SegmentedRaftLogWorker] INFO  segmented.SegmentedRaftLogWorker (SegmentedRaftLogWorker.java:execute(574)) - a3cf3edf-f522-422d-92e1-14c85e0bb804@group-6AE6CFDC5292-SegmentedRaftLogWorker: created new log segment /workdir/hadoop-ozone/integration-test/target/test-dir/MiniOzoneClusterImpl-b3c4100e-e893-4c02-8028-cfd5e9dd125a/datanode-0/data/ratis/b2d2aebc-e333-4852-b903-6ae6cfdc5292/current/log_inprogress_0
2019-10-15 03:46:14,423 [414c303c-c4ef-43c7-bcb9-fd9e84137571@group-6AE6CFDC5292-SegmentedRaftLogWorker] INFO  segmented.SegmentedRaftLogWorker (SegmentedRaftLogWorker.java:execute(574)) - 414c303c-c4ef-43c7-bcb9-fd9e84137571@group-6AE6CFDC5292-SegmentedRaftLogWorker: created new log segment /workdir/hadoop-ozone/integration-test/target/test-dir/MiniOzoneClusterImpl-b3c4100e-e893-4c02-8028-cfd5e9dd125a/datanode-6/data/ratis/b2d2aebc-e333-4852-b903-6ae6cfdc5292/current/log_inprogress_0
2019-10-15 03:46:14,423 [f095ffe7-dd78-4a83-a1e3-b07de5750b91@group-6AE6CFDC5292-SegmentedRaftLogWorker] INFO  segmented.SegmentedRaftLogWorker (SegmentedRaftLogWorker.java:execute(574)) - f095ffe7-dd78-4a83-a1e3-b07de5750b91@group-6AE6CFDC5292-SegmentedRaftLogWorker: created new log segment /workdir/hadoop-ozone/integration-test/target/test-dir/MiniOzoneClusterImpl-b3c4100e-e893-4c02-8028-cfd5e9dd125a/datanode-5/data/ratis/b2d2aebc-e333-4852-b903-6ae6cfdc5292/current/log_inprogress_0
2019-10-15 03:46:15,657 [Datanode State Machine Thread - 0] INFO  statemachine.DatanodeStateMachine (DatanodeStateMachine.java:lambda$startDaemon$0(350)) - Ozone container server started.
2019-10-15 03:46:19,726 [EventQueue-StaleNodeForStaleNodeHandler] INFO  node.StaleNodeHandler (StaleNodeHandler.java:onMessage(58)) - Datanode c2f8d357-5b51-40ae-9d70-08485fb749ef{ip: 192.168.151.96, host: pr-hdds-2194-5wssm-2368079274, networkLocation: /default-rack, certSerialId: null} moved to stale state. Finalizing its pipelines [PipelineID=1d61f50c-b382-411a-a037-1098e4432a3a, PipelineID=5931b9cd-a729-4f29-84b5-cfee3149252b]
2019-10-15 03:46:19,727 [EventQueue-StaleNodeForStaleNodeHandler] INFO  pipeline.SCMPipelineManager (SCMPipelineManager.java:finalizeAndDestroyPipeline(315)) - destroying pipeline:Pipeline[ Id: 1d61f50c-b382-411a-a037-1098e4432a3a, Nodes: c2f8d357-5b51-40ae-9d70-08485fb749ef{ip: 192.168.151.96, host: pr-hdds-2194-5wssm-2368079274, networkLocation: /default-rack, certSerialId: null}afbe96ca-b091-4d20-bab6-78cf5d09aad4{ip: 192.168.151.96, host: pr-hdds-2194-5wssm-2368079274, networkLocation: /default-rack, certSerialId: null}3d054599-df0e-4848-ac46-80d59fac3196{ip: 192.168.151.96, host: pr-hdds-2194-5wssm-2368079274, networkLocation: /default-rack, certSerialId: null}, Type:RATIS, Factor:THREE, State:OPEN]
2019-10-15 03:46:19,760 [EventQueue-StaleNodeForStaleNodeHandler] INFO  pipeline.PipelineStateManager (PipelineStateManager.java:finalizePipeline(123)) - Pipeline Pipeline[ Id: 1d61f50c-b382-411a-a037-1098e4432a3a, Nodes: c2f8d357-5b51-40ae-9d70-08485fb749ef{ip: 192.168.151.96, host: pr-hdds-2194-5wssm-2368079274, networkLocation: /default-rack, certSerialId: null}afbe96ca-b091-4d20-bab6-78cf5d09aad4{ip: 192.168.151.96, host: pr-hdds-2194-5wssm-2368079274, networkLocation: /default-rack, certSerialId: null}3d054599-df0e-4848-ac46-80d59fac3196{ip: 192.168.151.96, host: pr-hdds-2194-5wssm-2368079274, networkLocation: /default-rack, certSerialId: null}, Type:RATIS, Factor:THREE, State:CLOSED] moved to CLOSED state
2019-10-15 03:46:19,761 [EventQueue-CloseContainerForCloseContainerEventHandler] INFO  container.CloseContainerEventHandler (CloseContainerEventHandler.java:onMessage(61)) - Close container Event triggered for container : #1
2019-10-15 03:46:19,764 [EventQueue-StaleNodeForStaleNodeHandler] INFO  pipeline.SCMPipelineManager (SCMPipelineManager.java:finalizeAndDestroyPipeline(315)) - destroying pipeline:Pipeline[ Id: 5931b9cd-a729-4f29-84b5-cfee3149252b, Nodes: c2f8d357-5b51-40ae-9d70-08485fb749ef{ip: 192.168.151.96, host: pr-hdds-2194-5wssm-2368079274, networkLocation: /default-rack, certSerialId: null}, Type:RATIS, Factor:ONE, State:OPEN]
2019-10-15 03:46:19,766 [EventQueue-StaleNodeForStaleNodeHandler] INFO  pipeline.PipelineStateManager (PipelineStateManager.java:finalizePipeline(123)) - Pipeline Pipeline[ Id: 5931b9cd-a729-4f29-84b5-cfee3149252b, Nodes: c2f8d357-5b51-40ae-9d70-08485fb749ef{ip: 192.168.151.96, host: pr-hdds-2194-5wssm-2368079274, networkLocation: /default-rack, certSerialId: null}, Type:RATIS, Factor:ONE, State:CLOSED] moved to CLOSED state
2019-10-15 03:46:20,301 [main] INFO  ozoneimpl.OzoneContainer (OzoneContainer.java:stop(227)) - Attempting to stop container services.
2019-10-15 03:46:20,303 [main] INFO  impl.RaftServerProxy (RaftServerProxy.java:lambda$close$4(314)) - c2f8d357-5b51-40ae-9d70-08485fb749ef: close
2019-10-15 03:46:20,305 [main] INFO  impl.RaftServerImpl (RaftServerImpl.java:lambda$shutdown$3(247)) - c2f8d357-5b51-40ae-9d70-08485fb749ef@group-1098E4432A3A: shutdown
2019-10-15 03:46:20,306 [main] INFO  util.JmxRegister (JmxRegister.java:unregister(73)) - Successfully un-registered JMX Bean with object name Ratis:service=RaftServer,group=group-1098E4432A3A,id=c2f8d357-5b51-40ae-9d70-08485fb749ef
2019-10-15 03:46:20,307 [main] INFO  impl.RoleInfo (RoleInfo.java:shutdownFollowerState(121)) - c2f8d357-5b51-40ae-9d70-08485fb749ef: shutdown FollowerState
2019-10-15 03:46:20,307 [Thread-308] INFO  impl.FollowerState (FollowerState.java:run(117)) - c2f8d357-5b51-40ae-9d70-08485fb749ef@group-1098E4432A3A-FollowerState was interrupted: java.lang.InterruptedException: sleep interrupted
2019-10-15 03:46:20,307 [main] INFO  impl.StateMachineUpdater (StateMachineUpdater.java:stopAndJoin(136)) - c2f8d357-5b51-40ae-9d70-08485fb749ef@group-1098E4432A3A-StateMachineUpdater: set stopIndex = 16
2019-10-15 03:46:20,310 [c2f8d357-5b51-40ae-9d70-08485fb749ef@group-1098E4432A3A-StateMachineUpdater] INFO  ratis.ContainerStateMachine (ContainerStateMachine.java:takeSnapshot(294)) - group-1098E4432A3A: Taking a snapshot at:(t:1, i:14) file /workdir/hadoop-ozone/integration-test/target/test-dir/MiniOzoneClusterImpl-b3c4100e-e893-4c02-8028-cfd5e9dd125a/datanode-4/data/ratis/1d61f50c-b382-411a-a037-1098e4432a3a/sm/snapshot.1_14
2019-10-15 03:46:20,426 [c2f8d357-5b51-40ae-9d70-08485fb749ef@group-1098E4432A3A-StateMachineUpdater] INFO  ratis.ContainerStateMachine (ContainerStateMachine.java:takeSnapshot(305)) - group-1098E4432A3A: Finished taking a snapshot at:(t:1, i:14) file:/workdir/hadoop-ozone/integration-test/target/test-dir/MiniOzoneClusterImpl-b3c4100e-e893-4c02-8028-cfd5e9dd125a/datanode-4/data/ratis/1d61f50c-b382-411a-a037-1098e4432a3a/sm/snapshot.1_14 time:119
2019-10-15 03:46:20,428 [c2f8d357-5b51-40ae-9d70-08485fb749ef@group-1098E4432A3A-StateMachineUpdater] INFO  impl.StateMachineUpdater (StateMachineUpdater.java:takeSnapshot(269)) - c2f8d357-5b51-40ae-9d70-08485fb749ef@group-1098E4432A3A-StateMachineUpdater: Took a snapshot at index 14
2019-10-15 03:46:20,430 [c2f8d357-5b51-40ae-9d70-08485fb749ef@group-1098E4432A3A-StateMachineUpdater] INFO  impl.StateMachineUpdater (StateMachineUpdater.java:lambda$new$0(84)) - c2f8d357-5b51-40ae-9d70-08485fb749ef@group-1098E4432A3A-StateMachineUpdater: snapshotIndex: updateIncreasingly -1 -> 14
2019-10-15 03:46:20,439 [c2f8d357-5b51-40ae-9d70-08485fb749ef@group-1098E4432A3A-StateMachineUpdater] INFO  ratis.ContainerStateMachine (ContainerStateMachine.java:takeSnapshot(294)) - group-1098E4432A3A: Taking a snapshot at:(t:1, i:14) file /workdir/hadoop-ozone/integration-test/target/test-dir/MiniOzoneClusterImpl-b3c4100e-e893-4c02-8028-cfd5e9dd125a/datanode-4/data/ratis/1d61f50c-b382-411a-a037-1098e4432a3a/sm/snapshot.1_14
2019-10-15 03:46:20,477 [c2f8d357-5b51-40ae-9d70-08485fb749ef@group-1098E4432A3A-StateMachineUpdater] INFO  ratis.ContainerStateMachine (ContainerStateMachine.java:takeSnapshot(305)) - group-1098E4432A3A: Finished taking a snapshot at:(t:1, i:14) file:/workdir/hadoop-ozone/integration-test/target/test-dir/MiniOzoneClusterImpl-b3c4100e-e893-4c02-8028-cfd5e9dd125a/datanode-4/data/ratis/1d61f50c-b382-411a-a037-1098e4432a3a/sm/snapshot.1_14 time:38
2019-10-15 03:46:20,477 [c2f8d357-5b51-40ae-9d70-08485fb749ef@group-1098E4432A3A-StateMachineUpdater] INFO  impl.StateMachineUpdater (StateMachineUpdater.java:takeSnapshot(269)) - c2f8d357-5b51-40ae-9d70-08485fb749ef@group-1098E4432A3A-StateMachineUpdater: Took a snapshot at index 14
2019-10-15 03:46:20,477 [c2f8d357-5b51-40ae-9d70-08485fb749ef@group-1098E4432A3A-StateMachineUpdater] INFO  impl.StateMachineUpdater (StateMachineUpdater.java:lambda$new$0(84)) - c2f8d357-5b51-40ae-9d70-08485fb749ef@group-1098E4432A3A-StateMachineUpdater: snapshotIndex: updateIncreasingly 14 -> 14
2019-10-15 03:46:20,478 [main] INFO  impl.RaftServerImpl (ServerState.java:close(387)) - c2f8d357-5b51-40ae-9d70-08485fb749ef@group-1098E4432A3A: closes. applyIndex: 16
2019-10-15 03:46:20,480 [c2f8d357-5b51-40ae-9d70-08485fb749ef@group-1098E4432A3A-SegmentedRaftLogWorker] INFO  segmented.SegmentedRaftLogWorker (SegmentedRaftLogWorker.java:run(316)) - c2f8d357-5b51-40ae-9d70-08485fb749ef@group-1098E4432A3A-SegmentedRaftLogWorker was interrupted, exiting. There are 0 tasks remaining in the queue.
2019-10-15 03:46:20,484 [main] INFO  segmented.SegmentedRaftLogWorker (SegmentedRaftLogWorker.java:close(224)) - c2f8d357-5b51-40ae-9d70-08485fb749ef@group-1098E4432A3A-SegmentedRaftLogWorker close()
2019-10-15 03:46:20,487 [main] INFO  impl.RaftServerImpl (RaftServerImpl.java:lambda$shutdown$3(247)) - c2f8d357-5b51-40ae-9d70-08485fb749ef@group-CFEE3149252B: shutdown
2019-10-15 03:46:20,487 [main] INFO  util.JmxRegister (JmxRegister.java:unregister(73)) - Successfully un-registered JMX Bean with object name Ratis:service=RaftServer,group=group-CFEE3149252B,id=c2f8d357-5b51-40ae-9d70-08485fb749ef
2019-10-15 03:46:20,487 [main] INFO  impl.RoleInfo (RoleInfo.java:shutdownLeaderState(104)) - c2f8d357-5b51-40ae-9d70-08485fb749ef: shutdown LeaderState
2019-10-15 03:46:20,488 [main] INFO  impl.PendingRequests (PendingRequests.java:sendNotLeaderResponses(202)) - c2f8d357-5b51-40ae-9d70-08485fb749ef@group-CFEE3149252B-PendingRequests: sendNotLeaderResponses
2019-10-15 03:46:20,490 [main] INFO  impl.StateMachineUpdater (StateMachineUpdater.java:stopAndJoin(136)) - c2f8d357-5b51-40ae-9d70-08485fb749ef@group-CFEE3149252B-StateMachineUpdater: set stopIndex = 0
2019-10-15 03:46:20,496 [main] INFO  impl.RaftServerImpl (ServerState.java:close(387)) - c2f8d357-5b51-40ae-9d70-08485fb749ef@group-CFEE3149252B: closes. applyIndex: 0
2019-10-15 03:46:20,496 [c2f8d357-5b51-40ae-9d70-08485fb749ef@group-CFEE3149252B-SegmentedRaftLogWorker] INFO  segmented.SegmentedRaftLogWorker (SegmentedRaftLogWorker.java:run(316)) - c2f8d357-5b51-40ae-9d70-08485fb749ef@group-CFEE3149252B-SegmentedRaftLogWorker was interrupted, exiting. There are 0 tasks remaining in the queue.
2019-10-15 03:46:20,499 [main] INFO  segmented.SegmentedRaftLogWorker (SegmentedRaftLogWorker.java:close(224)) - c2f8d357-5b51-40ae-9d70-08485fb749ef@group-CFEE3149252B-SegmentedRaftLogWorker close()
2019-10-15 03:46:20,502 [main] INFO  server.GrpcService (GrpcService.java:closeImpl(164)) - c2f8d357-5b51-40ae-9d70-08485fb749ef: shutdown server with port 32821 now
2019-10-15 03:46:20,509 [main] INFO  server.GrpcService (GrpcService.java:closeImpl(172)) - c2f8d357-5b51-40ae-9d70-08485fb749ef: shutdown server with port 32821 successfully
2019-10-15 03:46:20,510 [grpc-default-executor-0] WARN  server.GrpcServerProtocolService (LogUtils.java:warn(134)) - c2f8d357-5b51-40ae-9d70-08485fb749ef: installSnapshot onError, lastRequest: 3d054599-df0e-4848-ac46-80d59fac3196->c2f8d357-5b51-40ae-9d70-08485fb749ef#19-t1, previous=(t:1, i:16), leaderCommit=16, initializing? false, entries: <empty>: org.apache.ratis.thirdparty.io.grpc.StatusRuntimeException: CANCELLED: cancelled before receiving half close
2019-10-15 03:46:20,512 [grpc-default-executor-2] WARN  server.GrpcLogAppender (LogUtils.java:warn(134)) - 3d054599-df0e-4848-ac46-80d59fac3196@group-1098E4432A3A->c2f8d357-5b51-40ae-9d70-08485fb749ef-AppendLogResponseHandler: Failed appendEntries: org.apache.ratis.thirdparty.io.grpc.StatusRuntimeException: CANCELLED: HTTP/2 error code: CANCEL
Received Rst Stream
2019-10-15 03:46:20,518 [grpc-default-executor-2] INFO  impl.FollowerInfo (FollowerInfo.java:lambda$new$0(51)) - 3d054599-df0e-4848-ac46-80d59fac3196@group-1098E4432A3A->c2f8d357-5b51-40ae-9d70-08485fb749ef: nextIndex: updateUnconditionally 17 -> 16
2019-10-15 03:46:20,524 [refreshUsed-/workdir/hadoop-ozone/integration-test/target/test-dir/MiniOzoneClusterImpl-b3c4100e-e893-4c02-8028-cfd5e9dd125a/datanode-4/data/containers] WARN  fs.CachingGetSpaceUsed (CachingGetSpaceUsed.java:run(183)) - Thread Interrupted waiting to refresh disk information: sleep interrupted
2019-10-15 03:46:20,538 [main] INFO  utils.BackgroundService (BackgroundService.java:shutdown(151)) - Shutting down service BlockDeletingService
2019-10-15 03:46:20,544 [main] INFO  statemachine.DatanodeStateMachine (DatanodeStateMachine.java:stopDaemon(395)) - Ozone container server stopped.
2019-10-15 03:46:20,548 [main] INFO  handler.ContextHandler (ContextHandler.java:doStop(910)) - Stopped o.e.j.w.WebAppContext@32130e61{/,null,UNAVAILABLE}{/hddsDatanode}
2019-10-15 03:46:20,554 [main] INFO  server.AbstractConnector (AbstractConnector.java:doStop(318)) - Stopped ServerConnector@41294371{HTTP/1.1,[http/1.1]}{0.0.0.0:0}
2019-10-15 03:46:20,554 [main] INFO  handler.ContextHandler (ContextHandler.java:doStop(910)) - Stopped o.e.j.s.ServletContextHandler@a5272be{/static,jar:file:/home/user/.m2/repository/org/apache/hadoop/hadoop-hdds-container-service/0.5.0-SNAPSHOT/hadoop-hdds-container-service-0.5.0-SNAPSHOT.jar!/webapps/static,UNAVAILABLE}
2019-10-15 03:46:20,555 [main] INFO  handler.ContextHandler (ContextHandler.java:doStop(910)) - Stopped o.e.j.s.ServletContextHandler@3204e238{/logs,file:///workdir/hadoop-ozone/integration-test/target/log,UNAVAILABLE}
2019-10-15 03:46:20,658 [Datanode State Machine Thread - 0] INFO  statemachine.DatanodeStateMachine (DatanodeStateMachine.java:lambda$startDaemon$0(350)) - Ozone container server started.
2019-10-15 03:46:22,712 [grpc-default-executor-2] WARN  server.GrpcLogAppender (LogUtils.java:warn(134)) - 3d054599-df0e-4848-ac46-80d59fac3196@group-1098E4432A3A->c2f8d357-5b51-40ae-9d70-08485fb749ef-AppendLogResponseHandler: Failed appendEntries: org.apache.ratis.thirdparty.io.grpc.StatusRuntimeException: UNAVAILABLE: io exception
2019-10-15 03:46:22,714 [grpc-default-executor-2] INFO  impl.FollowerInfo (FollowerInfo.java:lambda$new$0(51)) - 3d054599-df0e-4848-ac46-80d59fac3196@group-1098E4432A3A->c2f8d357-5b51-40ae-9d70-08485fb749ef: nextIndex: updateUnconditionally 17 -> 16
2019-10-15 03:46:22,726 [grpc-default-executor-4] WARN  server.GrpcLogAppender (LogUtils.java:warn(134)) - 3d054599-df0e-4848-ac46-80d59fac3196@group-1098E4432A3A->c2f8d357-5b51-40ae-9d70-08485fb749ef-AppendLogResponseHandler: Failed appendEntries: org.apache.ratis.thirdparty.io.grpc.StatusRuntimeException: UNAVAILABLE: io exception
2019-10-15 03:46:22,730 [grpc-default-executor-4] INFO  impl.FollowerInfo (FollowerInfo.java:lambda$new$0(51)) - 3d054599-df0e-4848-ac46-80d59fac3196@group-1098E4432A3A->c2f8d357-5b51-40ae-9d70-08485fb749ef: nextIndex: updateUnconditionally 17 -> 16
2019-10-15 03:46:22,737 [RatisApplyTransactionExecutor 1] INFO  interfaces.Container (KeyValueContainer.java:flushAndSyncDB(386)) - Container 1 is synced with bcsId 14.
2019-10-15 03:46:22,737 [RatisApplyTransactionExecutor 1] INFO  interfaces.Container (KeyValueContainer.java:flushAndSyncDB(386)) - Container 1 is synced with bcsId 14.
2019-10-15 03:46:22,750 [grpc-default-executor-2] WARN  server.GrpcLogAppender (LogUtils.java:warn(134)) - 3d054599-df0e-4848-ac46-80d59fac3196@group-1098E4432A3A->c2f8d357-5b51-40ae-9d70-08485fb749ef-AppendLogResponseHandler: Failed appendEntries: org.apache.ratis.thirdparty.io.grpc.StatusRuntimeException: UNAVAILABLE: io exception
2019-10-15 03:46:22,752 [grpc-default-executor-2] INFO  impl.FollowerInfo (FollowerInfo.java:lambda$new$0(51)) - 3d054599-df0e-4848-ac46-80d59fac3196@group-1098E4432A3A->c2f8d357-5b51-40ae-9d70-08485fb749ef: nextIndex: updateUnconditionally 17 -> 16
2019-10-15 03:46:22,754 [RatisApplyTransactionExecutor 1] INFO  interfaces.Container (KeyValueContainer.java:close(335)) - Container 1 is closed with bcsId 14.
2019-10-15 03:46:22,756 [EventQueue-IncrementalContainerReportForIncrementalContainerReportHandler] INFO  container.IncrementalContainerReportHandler (AbstractContainerReportHandler.java:updateContainerState(178)) - Moving container #1 to CLOSED state, datanode 3d054599-df0e-4848-ac46-80d59fac3196{ip: 192.168.151.96, host: pr-hdds-2194-5wssm-2368079274, networkLocation: /default-rack, certSerialId: null} reported CLOSED replica.
2019-10-15 03:46:22,797 [RatisApplyTransactionExecutor 1] INFO  interfaces.Container (KeyValueContainer.java:flushAndSyncDB(386)) - Container 1 is synced with bcsId 14.
2019-10-15 03:46:22,799 [RatisApplyTransactionExecutor 1] INFO  interfaces.Container (KeyValueContainer.java:flushAndSyncDB(386)) - Container 1 is synced with bcsId 14.
2019-10-15 03:46:22,831 [RatisApplyTransactionExecutor 1] INFO  interfaces.Container (KeyValueContainer.java:close(335)) - Container 1 is closed with bcsId 14.
2019-10-15 03:46:24,736 [EventQueue-StaleNodeForStaleNodeHandler] INFO  node.StaleNodeHandler (StaleNodeHandler.java:onMessage(58)) - Datanode afbe96ca-b091-4d20-bab6-78cf5d09aad4{ip: 192.168.151.96, host: pr-hdds-2194-5wssm-2368079274, networkLocation: /default-rack, certSerialId: null} moved to stale state. Finalizing its pipelines [PipelineID=1d61f50c-b382-411a-a037-1098e4432a3a, PipelineID=038b1516-1c8f-47dc-a8ac-88f6dad611ac]
2019-10-15 03:46:24,737 [EventQueue-StaleNodeForStaleNodeHandler] INFO  pipeline.SCMPipelineManager (SCMPipelineManager.java:finalizeAndDestroyPipeline(315)) - destroying pipeline:Pipeline[ Id: 1d61f50c-b382-411a-a037-1098e4432a3a, Nodes: c2f8d357-5b51-40ae-9d70-08485fb749ef{ip: 192.168.151.96, host: pr-hdds-2194-5wssm-2368079274, networkLocation: /default-rack, certSerialId: null}afbe96ca-b091-4d20-bab6-78cf5d09aad4{ip: 192.168.151.96, host: pr-hdds-2194-5wssm-2368079274, networkLocation: /default-rack, certSerialId: null}3d054599-df0e-4848-ac46-80d59fac3196{ip: 192.168.151.96, host: pr-hdds-2194-5wssm-2368079274, networkLocation: /default-rack, certSerialId: null}, Type:RATIS, Factor:THREE, State:CLOSED]
2019-10-15 03:46:24,737 [EventQueue-StaleNodeForStaleNodeHandler] INFO  pipeline.SCMPipelineManager (SCMPipelineManager.java:finalizeAndDestroyPipeline(315)) - destroying pipeline:Pipeline[ Id: 038b1516-1c8f-47dc-a8ac-88f6dad611ac, Nodes: afbe96ca-b091-4d20-bab6-78cf5d09aad4{ip: 192.168.151.96, host: pr-hdds-2194-5wssm-2368079274, networkLocation: /default-rack, certSerialId: null}, Type:RATIS, Factor:ONE, State:OPEN]
2019-10-15 03:46:24,737 [EventQueue-StaleNodeForStaleNodeHandler] INFO  pipeline.PipelineStateManager (PipelineStateManager.java:finalizePipeline(123)) - Pipeline Pipeline[ Id: 038b1516-1c8f-47dc-a8ac-88f6dad611ac, Nodes: afbe96ca-b091-4d20-bab6-78cf5d09aad4{ip: 192.168.151.96, host: pr-hdds-2194-5wssm-2368079274, networkLocation: /default-rack, certSerialId: null}, Type:RATIS, Factor:ONE, State:CLOSED] moved to CLOSED state
2019-10-15 03:46:25,261 [grpc-default-executor-4] WARN  server.GrpcLogAppender (LogUtils.java:warn(134)) - 3d054599-df0e-4848-ac46-80d59fac3196@group-1098E4432A3A->c2f8d357-5b51-40ae-9d70-08485fb749ef-AppendLogResponseHandler: Failed appendEntries: org.apache.ratis.thirdparty.io.grpc.StatusRuntimeException: UNAVAILABLE: io exception
2019-10-15 03:46:25,266 [grpc-default-executor-4] INFO  impl.FollowerInfo (FollowerInfo.java:lambda$new$0(51)) - 3d054599-df0e-4848-ac46-80d59fac3196@group-1098E4432A3A->c2f8d357-5b51-40ae-9d70-08485fb749ef: nextIndex: updateUnconditionally 16 -> 15
2019-10-15 03:46:25,558 [main] INFO  ozoneimpl.OzoneContainer (OzoneContainer.java:stop(227)) - Attempting to stop container services.
2019-10-15 03:46:25,558 [main] INFO  impl.RaftServerProxy (RaftServerProxy.java:lambda$close$4(314)) - afbe96ca-b091-4d20-bab6-78cf5d09aad4: close
2019-10-15 03:46:25,559 [main] INFO  impl.RaftServerImpl (RaftServerImpl.java:lambda$shutdown$3(247)) - afbe96ca-b091-4d20-bab6-78cf5d09aad4@group-1098E4432A3A: shutdown
2019-10-15 03:46:25,559 [ForkJoinPool.commonPool-worker-0] INFO  impl.RaftServerImpl (RaftServerImpl.java:lambda$shutdown$3(247)) - afbe96ca-b091-4d20-bab6-78cf5d09aad4@group-88F6DAD611AC: shutdown
2019-10-15 03:46:25,560 [main] INFO  util.JmxRegister (JmxRegister.java:unregister(73)) - Successfully un-registered JMX Bean with object name Ratis:service=RaftServer,group=group-1098E4432A3A,id=afbe96ca-b091-4d20-bab6-78cf5d09aad4
2019-10-15 03:46:25,560 [ForkJoinPool.commonPool-worker-0] INFO  util.JmxRegister (JmxRegister.java:unregister(73)) - Successfully un-registered JMX Bean with object name Ratis:service=RaftServer,group=group-88F6DAD611AC,id=afbe96ca-b091-4d20-bab6-78cf5d09aad4
2019-10-15 03:46:25,560 [main] INFO  impl.RoleInfo (RoleInfo.java:shutdownFollowerState(121)) - afbe96ca-b091-4d20-bab6-78cf5d09aad4: shutdown FollowerState
2019-10-15 03:46:25,560 [ForkJoinPool.commonPool-worker-0] INFO  impl.RoleInfo (RoleInfo.java:shutdownLeaderState(104)) - afbe96ca-b091-4d20-bab6-78cf5d09aad4: shutdown LeaderState
2019-10-15 03:46:25,561 [afbe96ca-b091-4d20-bab6-78cf5d09aad4@group-1098E4432A3A-StateMachineUpdater] INFO  ratis.ContainerStateMachine (ContainerStateMachine.java:takeSnapshot(294)) - group-1098E4432A3A: Taking a snapshot at:(t:1, i:17) file /workdir/hadoop-ozone/integration-test/target/test-dir/MiniOzoneClusterImpl-b3c4100e-e893-4c02-8028-cfd5e9dd125a/datanode-1/data/ratis/1d61f50c-b382-411a-a037-1098e4432a3a/sm/snapshot.1_17
2019-10-15 03:46:25,561 [Thread-309] INFO  impl.FollowerState (FollowerState.java:run(117)) - afbe96ca-b091-4d20-bab6-78cf5d09aad4@group-1098E4432A3A-FollowerState was interrupted: java.lang.InterruptedException: sleep interrupted
2019-10-15 03:46:25,561 [main] INFO  impl.StateMachineUpdater (StateMachineUpdater.java:stopAndJoin(136)) - afbe96ca-b091-4d20-bab6-78cf5d09aad4@group-1098E4432A3A-StateMachineUpdater: set stopIndex = 18
2019-10-15 03:46:25,561 [ForkJoinPool.commonPool-worker-0] INFO  impl.PendingRequests (PendingRequests.java:sendNotLeaderResponses(202)) - afbe96ca-b091-4d20-bab6-78cf5d09aad4@group-88F6DAD611AC-PendingRequests: sendNotLeaderResponses
2019-10-15 03:46:25,568 [ForkJoinPool.commonPool-worker-0] INFO  impl.StateMachineUpdater (StateMachineUpdater.java:stopAndJoin(136)) - afbe96ca-b091-4d20-bab6-78cf5d09aad4@group-88F6DAD611AC-StateMachineUpdater: set stopIndex = 0
2019-10-15 03:46:25,568 [ForkJoinPool.commonPool-worker-0] INFO  impl.RaftServerImpl (ServerState.java:close(387)) - afbe96ca-b091-4d20-bab6-78cf5d09aad4@group-88F6DAD611AC: closes. applyIndex: 0
2019-10-15 03:46:25,569 [afbe96ca-b091-4d20-bab6-78cf5d09aad4@group-88F6DAD611AC-SegmentedRaftLogWorker] INFO  segmented.SegmentedRaftLogWorker (SegmentedRaftLogWorker.java:run(316)) - afbe96ca-b091-4d20-bab6-78cf5d09aad4@group-88F6DAD611AC-SegmentedRaftLogWorker was interrupted, exiting. There are 0 tasks remaining in the queue.
2019-10-15 03:46:25,571 [ForkJoinPool.commonPool-worker-0] INFO  segmented.SegmentedRaftLogWorker (SegmentedRaftLogWorker.java:close(224)) - afbe96ca-b091-4d20-bab6-78cf5d09aad4@group-88F6DAD611AC-SegmentedRaftLogWorker close()
2019-10-15 03:46:25,623 [afbe96ca-b091-4d20-bab6-78cf5d09aad4@group-1098E4432A3A-StateMachineUpdater] INFO  ratis.ContainerStateMachine (ContainerStateMachine.java:takeSnapshot(305)) - group-1098E4432A3A: Finished taking a snapshot at:(t:1, i:17) file:/workdir/hadoop-ozone/integration-test/target/test-dir/MiniOzoneClusterImpl-b3c4100e-e893-4c02-8028-cfd5e9dd125a/datanode-1/data/ratis/1d61f50c-b382-411a-a037-1098e4432a3a/sm/snapshot.1_17 time:62
2019-10-15 03:46:25,623 [afbe96ca-b091-4d20-bab6-78cf5d09aad4@group-1098E4432A3A-StateMachineUpdater] INFO  impl.StateMachineUpdater (StateMachineUpdater.java:takeSnapshot(269)) - afbe96ca-b091-4d20-bab6-78cf5d09aad4@group-1098E4432A3A-StateMachineUpdater: Took a snapshot at index 17
2019-10-15 03:46:25,623 [afbe96ca-b091-4d20-bab6-78cf5d09aad4@group-1098E4432A3A-StateMachineUpdater] INFO  impl.StateMachineUpdater (StateMachineUpdater.java:lambda$new$0(84)) - afbe96ca-b091-4d20-bab6-78cf5d09aad4@group-1098E4432A3A-StateMachineUpdater: snapshotIndex: updateIncreasingly -1 -> 17
2019-10-15 03:46:25,624 [afbe96ca-b091-4d20-bab6-78cf5d09aad4@group-1098E4432A3A-StateMachineUpdater] INFO  ratis.ContainerStateMachine (ContainerStateMachine.java:takeSnapshot(294)) - group-1098E4432A3A: Taking a snapshot at:(t:1, i:17) file /workdir/hadoop-ozone/integration-test/target/test-dir/MiniOzoneClusterImpl-b3c4100e-e893-4c02-8028-cfd5e9dd125a/datanode-1/data/ratis/1d61f50c-b382-411a-a037-1098e4432a3a/sm/snapshot.1_17
2019-10-15 03:46:25,656 [afbe96ca-b091-4d20-bab6-78cf5d09aad4@group-1098E4432A3A-StateMachineUpdater] INFO  ratis.ContainerStateMachine (ContainerStateMachine.java:takeSnapshot(305)) - group-1098E4432A3A: Finished taking a snapshot at:(t:1, i:17) file:/workdir/hadoop-ozone/integration-test/target/test-dir/MiniOzoneClusterImpl-b3c4100e-e893-4c02-8028-cfd5e9dd125a/datanode-1/data/ratis/1d61f50c-b382-411a-a037-1098e4432a3a/sm/snapshot.1_17 time:33
2019-10-15 03:46:25,656 [afbe96ca-b091-4d20-bab6-78cf5d09aad4@group-1098E4432A3A-StateMachineUpdater] INFO  impl.StateMachineUpdater (StateMachineUpdater.java:takeSnapshot(269)) - afbe96ca-b091-4d20-bab6-78cf5d09aad4@group-1098E4432A3A-StateMachineUpdater: Took a snapshot at index 17
2019-10-15 03:46:25,656 [afbe96ca-b091-4d20-bab6-78cf5d09aad4@group-1098E4432A3A-StateMachineUpdater] INFO  impl.StateMachineUpdater (StateMachineUpdater.java:lambda$new$0(84)) - afbe96ca-b091-4d20-bab6-78cf5d09aad4@group-1098E4432A3A-StateMachineUpdater: snapshotIndex: updateIncreasingly 17 -> 17
2019-10-15 03:46:25,657 [main] INFO  impl.RaftServerImpl (ServerState.java:close(387)) - afbe96ca-b091-4d20-bab6-78cf5d09aad4@group-1098E4432A3A: closes. applyIndex: 18
2019-10-15 03:46:25,658 [afbe96ca-b091-4d20-bab6-78cf5d09aad4@group-1098E4432A3A-SegmentedRaftLogWorker] INFO  segmented.SegmentedRaftLogWorker (SegmentedRaftLogWorker.java:run(316)) - afbe96ca-b091-4d20-bab6-78cf5d09aad4@group-1098E4432A3A-SegmentedRaftLogWorker was interrupted, exiting. There are 0 tasks remaining in the queue.
2019-10-15 03:46:25,659 [main] INFO  segmented.SegmentedRaftLogWorker (SegmentedRaftLogWorker.java:close(224)) - afbe96ca-b091-4d20-bab6-78cf5d09aad4@group-1098E4432A3A-SegmentedRaftLogWorker close()
2019-10-15 03:46:25,661 [main] INFO  server.GrpcService (GrpcService.java:closeImpl(164)) - afbe96ca-b091-4d20-bab6-78cf5d09aad4: shutdown server with port 45464 now
2019-10-15 03:46:25,663 [grpc-default-executor-2] WARN  server.GrpcServerProtocolService (LogUtils.java:warn(134)) - afbe96ca-b091-4d20-bab6-78cf5d09aad4: installSnapshot onError, lastRequest: 3d054599-df0e-4848-ac46-80d59fac3196->afbe96ca-b091-4d20-bab6-78cf5d09aad4#22-t1, previous=(t:1, i:18), leaderCommit=18, initializing? false, entries: <empty>: org.apache.ratis.thirdparty.io.grpc.StatusRuntimeException: CANCELLED: cancelled before receiving half close
2019-10-15 03:46:25,664 [main] INFO  server.GrpcService (GrpcService.java:closeImpl(172)) - afbe96ca-b091-4d20-bab6-78cf5d09aad4: shutdown server with port 45464 successfully
2019-10-15 03:46:25,668 [grpc-default-executor-0] WARN  server.GrpcLogAppender (LogUtils.java:warn(134)) - 3d054599-df0e-4848-ac46-80d59fac3196@group-1098E4432A3A->afbe96ca-b091-4d20-bab6-78cf5d09aad4-AppendLogResponseHandler: Failed appendEntries: org.apache.ratis.thirdparty.io.grpc.StatusRuntimeException: CANCELLED: HTTP/2 error code: CANCEL
Received Rst Stream
2019-10-15 03:46:25,670 [grpc-default-executor-0] INFO  impl.FollowerInfo (FollowerInfo.java:lambda$new$0(51)) - 3d054599-df0e-4848-ac46-80d59fac3196@group-1098E4432A3A->afbe96ca-b091-4d20-bab6-78cf5d09aad4: nextIndex: updateUnconditionally 19 -> 18
2019-10-15 03:46:25,671 [refreshUsed-/workdir/hadoop-ozone/integration-test/target/test-dir/MiniOzoneClusterImpl-b3c4100e-e893-4c02-8028-cfd5e9dd125a/datanode-1/data/containers] WARN  fs.CachingGetSpaceUsed (CachingGetSpaceUsed.java:run(183)) - Thread Interrupted waiting to refresh disk information: sleep interrupted
2019-10-15 03:46:25,692 [main] INFO  utils.BackgroundService (BackgroundService.java:shutdown(151)) - Shutting down service BlockDeletingService
2019-10-15 03:46:25,696 [main] INFO  statemachine.DatanodeStateMachine (DatanodeStateMachine.java:stopDaemon(395)) - Ozone container server stopped.
2019-10-15 03:46:25,698 [main] INFO  handler.ContextHandler (ContextHandler.java:doStop(910)) - Stopped o.e.j.w.WebAppContext@522bf64e{/,null,UNAVAILABLE}{/hddsDatanode}
2019-10-15 03:46:25,699 [main] INFO  server.AbstractConnector (AbstractConnector.java:doStop(318)) - Stopped ServerConnector@2aff9dff{HTTP/1.1,[http/1.1]}{0.0.0.0:0}
2019-10-15 03:46:25,699 [main] INFO  handler.ContextHandler (ContextHandler.java:doStop(910)) - Stopped o.e.j.s.ServletContextHandler@6f94a5a5{/static,jar:file:/home/user/.m2/repository/org/apache/hadoop/hadoop-hdds-container-service/0.5.0-SNAPSHOT/hadoop-hdds-container-service-0.5.0-SNAPSHOT.jar!/webapps/static,UNAVAILABLE}
2019-10-15 03:46:25,700 [main] INFO  handler.ContextHandler (ContextHandler.java:doStop(910)) - Stopped o.e.j.s.ServletContextHandler@25ad4f71{/logs,file:///workdir/hadoop-ozone/integration-test/target/log,UNAVAILABLE}
03:46:25.707 [grpc-default-executor-0] ERROR DNAudit - user=null | ip=null | op=WRITE_CHUNK {blockData=conID: 1 locID: 102964341631287296 bcsId: 14} | ret=FAILURE
org.apache.hadoop.hdds.scm.container.common.helpers.ContainerNotOpenException: Container 1 in CLOSED state
	at org.apache.hadoop.ozone.container.common.impl.HddsDispatcher.validateContainerCommand(HddsDispatcher.java:436) ~[hadoop-hdds-container-service-0.5.0-SNAPSHOT.jar:?]
	at org.apache.hadoop.ozone.container.common.transport.server.ratis.ContainerStateMachine.startTransaction(ContainerStateMachine.java:320) ~[hadoop-hdds-container-service-0.5.0-SNAPSHOT.jar:?]
	at org.apache.ratis.server.impl.RaftServerImpl.submitClientRequestAsync(RaftServerImpl.java:569) ~[ratis-server-0.5.0-201fc85-SNAPSHOT.jar:0.5.0-201fc85-SNAPSHOT]
	at org.apache.ratis.server.impl.RaftServerProxy.lambda$submitClientRequestAsync$7(RaftServerProxy.java:333) ~[ratis-server-0.5.0-201fc85-SNAPSHOT.jar:0.5.0-201fc85-SNAPSHOT]
	at org.apache.ratis.server.impl.RaftServerProxy.lambda$null$5(RaftServerProxy.java:328) ~[ratis-server-0.5.0-201fc85-SNAPSHOT.jar:0.5.0-201fc85-SNAPSHOT]
	at org.apache.ratis.util.JavaUtils.callAsUnchecked(JavaUtils.java:109) ~[ratis-common-0.5.0-201fc85-SNAPSHOT.jar:0.5.0-201fc85-SNAPSHOT]
	at org.apache.ratis.server.impl.RaftServerProxy.lambda$submitRequest$6(RaftServerProxy.java:328) ~[ratis-server-0.5.0-201fc85-SNAPSHOT.jar:0.5.0-201fc85-SNAPSHOT]
	at java.util.concurrent.CompletableFuture.uniComposeStage(CompletableFuture.java:981) ~[?:1.8.0_212]
	at java.util.concurrent.CompletableFuture.thenCompose(CompletableFuture.java:2124) ~[?:1.8.0_212]
	at org.apache.ratis.server.impl.RaftServerProxy.submitRequest(RaftServerProxy.java:327) ~[ratis-server-0.5.0-201fc85-SNAPSHOT.jar:0.5.0-201fc85-SNAPSHOT]
	at org.apache.ratis.server.impl.RaftServerProxy.submitClientRequestAsync(RaftServerProxy.java:333) ~[ratis-server-0.5.0-201fc85-SNAPSHOT.jar:0.5.0-201fc85-SNAPSHOT]
	at org.apache.ratis.grpc.client.GrpcClientProtocolService$RequestStreamObserver.processClientRequest(GrpcClientProtocolService.java:220) ~[ratis-grpc-0.5.0-201fc85-SNAPSHOT.jar:0.5.0-201fc85-SNAPSHOT]
	at org.apache.ratis.grpc.client.GrpcClientProtocolService$OrderedRequestStreamObserver.processClientRequest(GrpcClientProtocolService.java:326) ~[ratis-grpc-0.5.0-201fc85-SNAPSHOT.jar:0.5.0-201fc85-SNAPSHOT]
	at org.apache.ratis.util.SlidingWindow$Server.processRequestsFromHead(SlidingWindow.java:429) [ratis-common-0.5.0-201fc85-SNAPSHOT.jar:0.5.0-201fc85-SNAPSHOT]
	at org.apache.ratis.util.SlidingWindow$Server.receivedRequest(SlidingWindow.java:421) [ratis-common-0.5.0-201fc85-SNAPSHOT.jar:0.5.0-201fc85-SNAPSHOT]
	at org.apache.ratis.grpc.client.GrpcClientProtocolService$OrderedRequestStreamObserver.processClientRequest(GrpcClientProtocolService.java:345) [ratis-grpc-0.5.0-201fc85-SNAPSHOT.jar:0.5.0-201fc85-SNAPSHOT]
	at org.apache.ratis.grpc.client.GrpcClientProtocolService$RequestStreamObserver.onNext(GrpcClientProtocolService.java:240) [ratis-grpc-0.5.0-201fc85-SNAPSHOT.jar:0.5.0-201fc85-SNAPSHOT]
	at org.apache.ratis.grpc.client.GrpcClientProtocolService$RequestStreamObserver.onNext(GrpcClientProtocolService.java:168) [ratis-grpc-0.5.0-201fc85-SNAPSHOT.jar:0.5.0-201fc85-SNAPSHOT]
	at org.apache.ratis.thirdparty.io.grpc.stub.ServerCalls$StreamingServerCallHandler$StreamingServerCallListener.onMessage(ServerCalls.java:248) [ratis-thirdparty-misc-0.2.0.jar:0.2.0]
	at org.apache.ratis.thirdparty.io.grpc.internal.ServerCallImpl$ServerStreamListenerImpl.messagesAvailable(ServerCallImpl.java:263) [ratis-thirdparty-misc-0.2.0.jar:0.2.0]
	at org.apache.ratis.thirdparty.io.grpc.internal.ServerImpl$JumpToApplicationThreadServerStreamListener$1MessagesAvailable.runInContext(ServerImpl.java:686) [ratis-thirdparty-misc-0.2.0.jar:0.2.0]
	at org.apache.ratis.thirdparty.io.grpc.internal.ContextRunnable.run(ContextRunnable.java:37) [ratis-thirdparty-misc-0.2.0.jar:0.2.0]
	at org.apache.ratis.thirdparty.io.grpc.internal.SerializingExecutor.run(SerializingExecutor.java:123) [ratis-thirdparty-misc-0.2.0.jar:0.2.0]
	at java.util.concurrent.ThreadPoolExecutor.runWorker(ThreadPoolExecutor.java:1149) [?:1.8.0_212]
	at java.util.concurrent.ThreadPoolExecutor$Worker.run(ThreadPoolExecutor.java:624) [?:1.8.0_212]
	at java.lang.Thread.run(Thread.java:748) [?:1.8.0_212]
03:46:25.739 [grpc-default-executor-0] ERROR DNAudit - user=null | ip=null | op=WRITE_CHUNK {blockData=conID: 1 locID: 102964341631287296 bcsId: 14} | ret=FAILURE
org.apache.hadoop.hdds.scm.container.common.helpers.ContainerNotOpenException: Container 1 in CLOSED state
	at org.apache.hadoop.ozone.container.common.impl.HddsDispatcher.validateContainerCommand(HddsDispatcher.java:436) ~[hadoop-hdds-container-service-0.5.0-SNAPSHOT.jar:?]
	at org.apache.hadoop.ozone.container.common.transport.server.ratis.ContainerStateMachine.startTransaction(ContainerStateMachine.java:320) ~[hadoop-hdds-container-service-0.5.0-SNAPSHOT.jar:?]
	at org.apache.ratis.server.impl.RaftServerImpl.submitClientRequestAsync(RaftServerImpl.java:569) ~[ratis-server-0.5.0-201fc85-SNAPSHOT.jar:0.5.0-201fc85-SNAPSHOT]
	at org.apache.ratis.server.impl.RaftServerProxy.lambda$submitClientRequestAsync$7(RaftServerProxy.java:333) ~[ratis-server-0.5.0-201fc85-SNAPSHOT.jar:0.5.0-201fc85-SNAPSHOT]
	at org.apache.ratis.server.impl.RaftServerProxy.lambda$null$5(RaftServerProxy.java:328) ~[ratis-server-0.5.0-201fc85-SNAPSHOT.jar:0.5.0-201fc85-SNAPSHOT]
	at org.apache.ratis.util.JavaUtils.callAsUnchecked(JavaUtils.java:109) ~[ratis-common-0.5.0-201fc85-SNAPSHOT.jar:0.5.0-201fc85-SNAPSHOT]
	at org.apache.ratis.server.impl.RaftServerProxy.lambda$submitRequest$6(RaftServerProxy.java:328) ~[ratis-server-0.5.0-201fc85-SNAPSHOT.jar:0.5.0-201fc85-SNAPSHOT]
	at java.util.concurrent.CompletableFuture.uniComposeStage(CompletableFuture.java:981) ~[?:1.8.0_212]
	at java.util.concurrent.CompletableFuture.thenCompose(CompletableFuture.java:2124) ~[?:1.8.0_212]
	at org.apache.ratis.server.impl.RaftServerProxy.submitRequest(RaftServerProxy.java:327) ~[ratis-server-0.5.0-201fc85-SNAPSHOT.jar:0.5.0-201fc85-SNAPSHOT]
	at org.apache.ratis.server.impl.RaftServerProxy.submitClientRequestAsync(RaftServerProxy.java:333) ~[ratis-server-0.5.0-201fc85-SNAPSHOT.jar:0.5.0-201fc85-SNAPSHOT]
	at org.apache.ratis.grpc.client.GrpcClientProtocolService$RequestStreamObserver.processClientRequest(GrpcClientProtocolService.java:220) ~[ratis-grpc-0.5.0-201fc85-SNAPSHOT.jar:0.5.0-201fc85-SNAPSHOT]
	at org.apache.ratis.grpc.client.GrpcClientProtocolService$OrderedRequestStreamObserver.processClientRequest(GrpcClientProtocolService.java:326) ~[ratis-grpc-0.5.0-201fc85-SNAPSHOT.jar:0.5.0-201fc85-SNAPSHOT]
	at org.apache.ratis.util.SlidingWindow$Server.processRequestsFromHead(SlidingWindow.java:429) [ratis-common-0.5.0-201fc85-SNAPSHOT.jar:0.5.0-201fc85-SNAPSHOT]
	at org.apache.ratis.util.SlidingWindow$Server.receivedRequest(SlidingWindow.java:421) [ratis-common-0.5.0-201fc85-SNAPSHOT.jar:0.5.0-201fc85-SNAPSHOT]
	at org.apache.ratis.grpc.client.GrpcClientProtocolService$OrderedRequestStreamObserver.processClientRequest(GrpcClientProtocolService.java:345) [ratis-grpc-0.5.0-201fc85-SNAPSHOT.jar:0.5.0-201fc85-SNAPSHOT]
	at org.apache.ratis.grpc.client.GrpcClientProtocolService$RequestStreamObserver.onNext(GrpcClientProtocolService.java:240) [ratis-grpc-0.5.0-201fc85-SNAPSHOT.jar:0.5.0-201fc85-SNAPSHOT]
	at org.apache.ratis.grpc.client.GrpcClientProtocolService$RequestStreamObserver.onNext(GrpcClientProtocolService.java:168) [ratis-grpc-0.5.0-201fc85-SNAPSHOT.jar:0.5.0-201fc85-SNAPSHOT]
	at org.apache.ratis.thirdparty.io.grpc.stub.ServerCalls$StreamingServerCallHandler$StreamingServerCallListener.onMessage(ServerCalls.java:248) [ratis-thirdparty-misc-0.2.0.jar:0.2.0]
	at org.apache.ratis.thirdparty.io.grpc.internal.ServerCallImpl$ServerStreamListenerImpl.messagesAvailable(ServerCallImpl.java:263) [ratis-thirdparty-misc-0.2.0.jar:0.2.0]
	at org.apache.ratis.thirdparty.io.grpc.internal.ServerImpl$JumpToApplicationThreadServerStreamListener$1MessagesAvailable.runInContext(ServerImpl.java:686) [ratis-thirdparty-misc-0.2.0.jar:0.2.0]
	at org.apache.ratis.thirdparty.io.grpc.internal.ContextRunnable.run(ContextRunnable.java:37) [ratis-thirdparty-misc-0.2.0.jar:0.2.0]
	at org.apache.ratis.thirdparty.io.grpc.internal.SerializingExecutor.run(SerializingExecutor.java:123) [ratis-thirdparty-misc-0.2.0.jar:0.2.0]
	at java.util.concurrent.ThreadPoolExecutor.runWorker(ThreadPoolExecutor.java:1149) [?:1.8.0_212]
	at java.util.concurrent.ThreadPoolExecutor$Worker.run(ThreadPoolExecutor.java:624) [?:1.8.0_212]
	at java.lang.Thread.run(Thread.java:748) [?:1.8.0_212]
03:46:25.745 [grpc-default-executor-0] ERROR DNAudit - user=null | ip=null | op=PUT_BLOCK {blockData=[blockId=conID: 1 locID: 102964341631287296 bcsId: 0,size=650]} | ret=FAILURE
org.apache.hadoop.hdds.scm.container.common.helpers.ContainerNotOpenException: Container 1 in CLOSED state
	at org.apache.hadoop.ozone.container.common.impl.HddsDispatcher.validateContainerCommand(HddsDispatcher.java:436) ~[hadoop-hdds-container-service-0.5.0-SNAPSHOT.jar:?]
	at org.apache.hadoop.ozone.container.common.transport.server.ratis.ContainerStateMachine.startTransaction(ContainerStateMachine.java:320) ~[hadoop-hdds-container-service-0.5.0-SNAPSHOT.jar:?]
	at org.apache.ratis.server.impl.RaftServerImpl.submitClientRequestAsync(RaftServerImpl.java:569) ~[ratis-server-0.5.0-201fc85-SNAPSHOT.jar:0.5.0-201fc85-SNAPSHOT]
	at org.apache.ratis.server.impl.RaftServerProxy.lambda$submitClientRequestAsync$7(RaftServerProxy.java:333) ~[ratis-server-0.5.0-201fc85-SNAPSHOT.jar:0.5.0-201fc85-SNAPSHOT]
	at org.apache.ratis.server.impl.RaftServerProxy.lambda$null$5(RaftServerProxy.java:328) ~[ratis-server-0.5.0-201fc85-SNAPSHOT.jar:0.5.0-201fc85-SNAPSHOT]
	at org.apache.ratis.util.JavaUtils.callAsUnchecked(JavaUtils.java:109) ~[ratis-common-0.5.0-201fc85-SNAPSHOT.jar:0.5.0-201fc85-SNAPSHOT]
	at org.apache.ratis.server.impl.RaftServerProxy.lambda$submitRequest$6(RaftServerProxy.java:328) ~[ratis-server-0.5.0-201fc85-SNAPSHOT.jar:0.5.0-201fc85-SNAPSHOT]
	at java.util.concurrent.CompletableFuture.uniComposeStage(CompletableFuture.java:981) ~[?:1.8.0_212]
	at java.util.concurrent.CompletableFuture.thenCompose(CompletableFuture.java:2124) ~[?:1.8.0_212]
	at org.apache.ratis.server.impl.RaftServerProxy.submitRequest(RaftServerProxy.java:327) ~[ratis-server-0.5.0-201fc85-SNAPSHOT.jar:0.5.0-201fc85-SNAPSHOT]
	at org.apache.ratis.server.impl.RaftServerProxy.submitClientRequestAsync(RaftServerProxy.java:333) ~[ratis-server-0.5.0-201fc85-SNAPSHOT.jar:0.5.0-201fc85-SNAPSHOT]
	at org.apache.ratis.grpc.client.GrpcClientProtocolService$RequestStreamObserver.processClientRequest(GrpcClientProtocolService.java:220) ~[ratis-grpc-0.5.0-201fc85-SNAPSHOT.jar:0.5.0-201fc85-SNAPSHOT]
	at org.apache.ratis.grpc.client.GrpcClientProtocolService$OrderedRequestStreamObserver.processClientRequest(GrpcClientProtocolService.java:326) ~[ratis-grpc-0.5.0-201fc85-SNAPSHOT.jar:0.5.0-201fc85-SNAPSHOT]
	at org.apache.ratis.util.SlidingWindow$Server.processRequestsFromHead(SlidingWindow.java:429) [ratis-common-0.5.0-201fc85-SNAPSHOT.jar:0.5.0-201fc85-SNAPSHOT]
	at org.apache.ratis.util.SlidingWindow$Server.receivedRequest(SlidingWindow.java:421) [ratis-common-0.5.0-201fc85-SNAPSHOT.jar:0.5.0-201fc85-SNAPSHOT]
	at org.apache.ratis.grpc.client.GrpcClientProtocolService$OrderedRequestStreamObserver.processClientRequest(GrpcClientProtocolService.java:345) [ratis-grpc-0.5.0-201fc85-SNAPSHOT.jar:0.5.0-201fc85-SNAPSHOT]
	at org.apache.ratis.grpc.client.GrpcClientProtocolService$RequestStreamObserver.onNext(GrpcClientProtocolService.java:240) [ratis-grpc-0.5.0-201fc85-SNAPSHOT.jar:0.5.0-201fc85-SNAPSHOT]
	at org.apache.ratis.grpc.client.GrpcClientProtocolService$RequestStreamObserver.onNext(GrpcClientProtocolService.java:168) [ratis-grpc-0.5.0-201fc85-SNAPSHOT.jar:0.5.0-201fc85-SNAPSHOT]
	at org.apache.ratis.thirdparty.io.grpc.stub.ServerCalls$StreamingServerCallHandler$StreamingServerCallListener.onMessage(ServerCalls.java:248) [ratis-thirdparty-misc-0.2.0.jar:0.2.0]
	at org.apache.ratis.thirdparty.io.grpc.internal.ServerCallImpl$ServerStreamListenerImpl.messagesAvailable(ServerCallImpl.java:263) [ratis-thirdparty-misc-0.2.0.jar:0.2.0]
	at org.apache.ratis.thirdparty.io.grpc.internal.ServerImpl$JumpToApplicationThreadServerStreamListener$1MessagesAvailable.runInContext(ServerImpl.java:686) [ratis-thirdparty-misc-0.2.0.jar:0.2.0]
	at org.apache.ratis.thirdparty.io.grpc.internal.ContextRunnable.run(ContextRunnable.java:37) [ratis-thirdparty-misc-0.2.0.jar:0.2.0]
	at org.apache.ratis.thirdparty.io.grpc.internal.SerializingExecutor.run(SerializingExecutor.java:123) [ratis-thirdparty-misc-0.2.0.jar:0.2.0]
	at java.util.concurrent.ThreadPoolExecutor.runWorker(ThreadPoolExecutor.java:1149) [?:1.8.0_212]
	at java.util.concurrent.ThreadPoolExecutor$Worker.run(ThreadPoolExecutor.java:624) [?:1.8.0_212]
	at java.lang.Thread.run(Thread.java:748) [?:1.8.0_212]
03:46:25.750 [grpc-default-executor-0] ERROR DNAudit - user=null | ip=null | op=WRITE_CHUNK {blockData=conID: 1 locID: 102964341631287296 bcsId: 14} | ret=FAILURE
org.apache.hadoop.hdds.scm.container.common.helpers.ContainerNotOpenException: Container 1 in CLOSED state
	at org.apache.hadoop.ozone.container.common.impl.HddsDispatcher.validateContainerCommand(HddsDispatcher.java:436) ~[hadoop-hdds-container-service-0.5.0-SNAPSHOT.jar:?]
	at org.apache.hadoop.ozone.container.common.transport.server.ratis.ContainerStateMachine.startTransaction(ContainerStateMachine.java:320) ~[hadoop-hdds-container-service-0.5.0-SNAPSHOT.jar:?]
	at org.apache.ratis.server.impl.RaftServerImpl.submitClientRequestAsync(RaftServerImpl.java:569) ~[ratis-server-0.5.0-201fc85-SNAPSHOT.jar:0.5.0-201fc85-SNAPSHOT]
	at org.apache.ratis.server.impl.RaftServerProxy.lambda$submitClientRequestAsync$7(RaftServerProxy.java:333) ~[ratis-server-0.5.0-201fc85-SNAPSHOT.jar:0.5.0-201fc85-SNAPSHOT]
	at org.apache.ratis.server.impl.RaftServerProxy.lambda$null$5(RaftServerProxy.java:328) ~[ratis-server-0.5.0-201fc85-SNAPSHOT.jar:0.5.0-201fc85-SNAPSHOT]
	at org.apache.ratis.util.JavaUtils.callAsUnchecked(JavaUtils.java:109) ~[ratis-common-0.5.0-201fc85-SNAPSHOT.jar:0.5.0-201fc85-SNAPSHOT]
	at org.apache.ratis.server.impl.RaftServerProxy.lambda$submitRequest$6(RaftServerProxy.java:328) ~[ratis-server-0.5.0-201fc85-SNAPSHOT.jar:0.5.0-201fc85-SNAPSHOT]
	at java.util.concurrent.CompletableFuture.uniComposeStage(CompletableFuture.java:981) ~[?:1.8.0_212]
	at java.util.concurrent.CompletableFuture.thenCompose(CompletableFuture.java:2124) ~[?:1.8.0_212]
	at org.apache.ratis.server.impl.RaftServerProxy.submitRequest(RaftServerProxy.java:327) ~[ratis-server-0.5.0-201fc85-SNAPSHOT.jar:0.5.0-201fc85-SNAPSHOT]
	at org.apache.ratis.server.impl.RaftServerProxy.submitClientRequestAsync(RaftServerProxy.java:333) ~[ratis-server-0.5.0-201fc85-SNAPSHOT.jar:0.5.0-201fc85-SNAPSHOT]
	at org.apache.ratis.grpc.client.GrpcClientProtocolService$RequestStreamObserver.processClientRequest(GrpcClientProtocolService.java:220) ~[ratis-grpc-0.5.0-201fc85-SNAPSHOT.jar:0.5.0-201fc85-SNAPSHOT]
	at org.apache.ratis.grpc.client.GrpcClientProtocolService$OrderedRequestStreamObserver.processClientRequest(GrpcClientProtocolService.java:326) ~[ratis-grpc-0.5.0-201fc85-SNAPSHOT.jar:0.5.0-201fc85-SNAPSHOT]
	at org.apache.ratis.util.SlidingWindow$Server.processRequestsFromHead(SlidingWindow.java:429) [ratis-common-0.5.0-201fc85-SNAPSHOT.jar:0.5.0-201fc85-SNAPSHOT]
	at org.apache.ratis.util.SlidingWindow$Server.receivedRequest(SlidingWindow.java:421) [ratis-common-0.5.0-201fc85-SNAPSHOT.jar:0.5.0-201fc85-SNAPSHOT]
	at org.apache.ratis.grpc.client.GrpcClientProtocolService$OrderedRequestStreamObserver.processClientRequest(GrpcClientProtocolService.java:345) [ratis-grpc-0.5.0-201fc85-SNAPSHOT.jar:0.5.0-201fc85-SNAPSHOT]
	at org.apache.ratis.grpc.client.GrpcClientProtocolService$RequestStreamObserver.onNext(GrpcClientProtocolService.java:240) [ratis-grpc-0.5.0-201fc85-SNAPSHOT.jar:0.5.0-201fc85-SNAPSHOT]
	at org.apache.ratis.grpc.client.GrpcClientProtocolService$RequestStreamObserver.onNext(GrpcClientProtocolService.java:168) [ratis-grpc-0.5.0-201fc85-SNAPSHOT.jar:0.5.0-201fc85-SNAPSHOT]
	at org.apache.ratis.thirdparty.io.grpc.stub.ServerCalls$StreamingServerCallHandler$StreamingServerCallListener.onMessage(ServerCalls.java:248) [ratis-thirdparty-misc-0.2.0.jar:0.2.0]
	at org.apache.ratis.thirdparty.io.grpc.internal.ServerCallImpl$ServerStreamListenerImpl.messagesAvailable(ServerCallImpl.java:263) [ratis-thirdparty-misc-0.2.0.jar:0.2.0]
	at org.apache.ratis.thirdparty.io.grpc.internal.ServerImpl$JumpToApplicationThreadServerStreamListener$1MessagesAvailable.runInContext(ServerImpl.java:686) [ratis-thirdparty-misc-0.2.0.jar:0.2.0]
	at org.apache.ratis.thirdparty.io.grpc.internal.ContextRunnable.run(ContextRunnable.java:37) [ratis-thirdparty-misc-0.2.0.jar:0.2.0]
	at org.apache.ratis.thirdparty.io.grpc.internal.SerializingExecutor.run(SerializingExecutor.java:123) [ratis-thirdparty-misc-0.2.0.jar:0.2.0]
	at java.util.concurrent.ThreadPoolExecutor.runWorker(ThreadPoolExecutor.java:1149) [?:1.8.0_212]
	at java.util.concurrent.ThreadPoolExecutor$Worker.run(ThreadPoolExecutor.java:624) [?:1.8.0_212]
	at java.lang.Thread.run(Thread.java:748) [?:1.8.0_212]
03:46:25.754 [grpc-default-executor-0] ERROR DNAudit - user=null | ip=null | op=WRITE_CHUNK {blockData=conID: 1 locID: 102964341631287296 bcsId: 14} | ret=FAILURE
org.apache.hadoop.hdds.scm.container.common.helpers.ContainerNotOpenException: Container 1 in CLOSED state
	at org.apache.hadoop.ozone.container.common.impl.HddsDispatcher.validateContainerCommand(HddsDispatcher.java:436) ~[hadoop-hdds-container-service-0.5.0-SNAPSHOT.jar:?]
	at org.apache.hadoop.ozone.container.common.transport.server.ratis.ContainerStateMachine.startTransaction(ContainerStateMachine.java:320) ~[hadoop-hdds-container-service-0.5.0-SNAPSHOT.jar:?]
	at org.apache.ratis.server.impl.RaftServerImpl.submitClientRequestAsync(RaftServerImpl.java:569) ~[ratis-server-0.5.0-201fc85-SNAPSHOT.jar:0.5.0-201fc85-SNAPSHOT]
	at org.apache.ratis.server.impl.RaftServerProxy.lambda$submitClientRequestAsync$7(RaftServerProxy.java:333) ~[ratis-server-0.5.0-201fc85-SNAPSHOT.jar:0.5.0-201fc85-SNAPSHOT]
	at org.apache.ratis.server.impl.RaftServerProxy.lambda$null$5(RaftServerProxy.java:328) ~[ratis-server-0.5.0-201fc85-SNAPSHOT.jar:0.5.0-201fc85-SNAPSHOT]
	at org.apache.ratis.util.JavaUtils.callAsUnchecked(JavaUtils.java:109) ~[ratis-common-0.5.0-201fc85-SNAPSHOT.jar:0.5.0-201fc85-SNAPSHOT]
	at org.apache.ratis.server.impl.RaftServerProxy.lambda$submitRequest$6(RaftServerProxy.java:328) ~[ratis-server-0.5.0-201fc85-SNAPSHOT.jar:0.5.0-201fc85-SNAPSHOT]
	at java.util.concurrent.CompletableFuture.uniComposeStage(CompletableFuture.java:981) ~[?:1.8.0_212]
	at java.util.concurrent.CompletableFuture.thenCompose(CompletableFuture.java:2124) ~[?:1.8.0_212]
	at org.apache.ratis.server.impl.RaftServerProxy.submitRequest(RaftServerProxy.java:327) ~[ratis-server-0.5.0-201fc85-SNAPSHOT.jar:0.5.0-201fc85-SNAPSHOT]
	at org.apache.ratis.server.impl.RaftServerProxy.submitClientRequestAsync(RaftServerProxy.java:333) ~[ratis-server-0.5.0-201fc85-SNAPSHOT.jar:0.5.0-201fc85-SNAPSHOT]
	at org.apache.ratis.grpc.client.GrpcClientProtocolService$RequestStreamObserver.processClientRequest(GrpcClientProtocolService.java:220) ~[ratis-grpc-0.5.0-201fc85-SNAPSHOT.jar:0.5.0-201fc85-SNAPSHOT]
	at org.apache.ratis.grpc.client.GrpcClientProtocolService$OrderedRequestStreamObserver.processClientRequest(GrpcClientProtocolService.java:326) ~[ratis-grpc-0.5.0-201fc85-SNAPSHOT.jar:0.5.0-201fc85-SNAPSHOT]
	at org.apache.ratis.util.SlidingWindow$Server.processRequestsFromHead(SlidingWindow.java:429) [ratis-common-0.5.0-201fc85-SNAPSHOT.jar:0.5.0-201fc85-SNAPSHOT]
	at org.apache.ratis.util.SlidingWindow$Server.receivedRequest(SlidingWindow.java:421) [ratis-common-0.5.0-201fc85-SNAPSHOT.jar:0.5.0-201fc85-SNAPSHOT]
	at org.apache.ratis.grpc.client.GrpcClientProtocolService$OrderedRequestStreamObserver.processClientRequest(GrpcClientProtocolService.java:345) [ratis-grpc-0.5.0-201fc85-SNAPSHOT.jar:0.5.0-201fc85-SNAPSHOT]
	at org.apache.ratis.grpc.client.GrpcClientProtocolService$RequestStreamObserver.onNext(GrpcClientProtocolService.java:240) [ratis-grpc-0.5.0-201fc85-SNAPSHOT.jar:0.5.0-201fc85-SNAPSHOT]
	at org.apache.ratis.grpc.client.GrpcClientProtocolService$RequestStreamObserver.onNext(GrpcClientProtocolService.java:168) [ratis-grpc-0.5.0-201fc85-SNAPSHOT.jar:0.5.0-201fc85-SNAPSHOT]
	at org.apache.ratis.thirdparty.io.grpc.stub.ServerCalls$StreamingServerCallHandler$StreamingServerCallListener.onMessage(ServerCalls.java:248) [ratis-thirdparty-misc-0.2.0.jar:0.2.0]
	at org.apache.ratis.thirdparty.io.grpc.internal.ServerCallImpl$ServerStreamListenerImpl.messagesAvailable(ServerCallImpl.java:263) [ratis-thirdparty-misc-0.2.0.jar:0.2.0]
	at org.apache.ratis.thirdparty.io.grpc.internal.ServerImpl$JumpToApplicationThreadServerStreamListener$1MessagesAvailable.runInContext(ServerImpl.java:686) [ratis-thirdparty-misc-0.2.0.jar:0.2.0]
	at org.apache.ratis.thirdparty.io.grpc.internal.ContextRunnable.run(ContextRunnable.java:37) [ratis-thirdparty-misc-0.2.0.jar:0.2.0]
	at org.apache.ratis.thirdparty.io.grpc.internal.SerializingExecutor.run(SerializingExecutor.java:123) [ratis-thirdparty-misc-0.2.0.jar:0.2.0]
	at java.util.concurrent.ThreadPoolExecutor.runWorker(ThreadPoolExecutor.java:1149) [?:1.8.0_212]
	at java.util.concurrent.ThreadPoolExecutor$Worker.run(ThreadPoolExecutor.java:624) [?:1.8.0_212]
	at java.lang.Thread.run(Thread.java:748) [?:1.8.0_212]
03:46:25.759 [grpc-default-executor-0] ERROR DNAudit - user=null | ip=null | op=PUT_BLOCK {blockData=[blockId=conID: 1 locID: 102964341631287296 bcsId: 0,size=800]} | ret=FAILURE
org.apache.hadoop.hdds.scm.container.common.helpers.ContainerNotOpenException: Container 1 in CLOSED state
	at org.apache.hadoop.ozone.container.common.impl.HddsDispatcher.validateContainerCommand(HddsDispatcher.java:436) ~[hadoop-hdds-container-service-0.5.0-SNAPSHOT.jar:?]
	at org.apache.hadoop.ozone.container.common.transport.server.ratis.ContainerStateMachine.startTransaction(ContainerStateMachine.java:320) ~[hadoop-hdds-container-service-0.5.0-SNAPSHOT.jar:?]
	at org.apache.ratis.server.impl.RaftServerImpl.submitClientRequestAsync(RaftServerImpl.java:569) ~[ratis-server-0.5.0-201fc85-SNAPSHOT.jar:0.5.0-201fc85-SNAPSHOT]
	at org.apache.ratis.server.impl.RaftServerProxy.lambda$submitClientRequestAsync$7(RaftServerProxy.java:333) ~[ratis-server-0.5.0-201fc85-SNAPSHOT.jar:0.5.0-201fc85-SNAPSHOT]
	at org.apache.ratis.server.impl.RaftServerProxy.lambda$null$5(RaftServerProxy.java:328) ~[ratis-server-0.5.0-201fc85-SNAPSHOT.jar:0.5.0-201fc85-SNAPSHOT]
	at org.apache.ratis.util.JavaUtils.callAsUnchecked(JavaUtils.java:109) ~[ratis-common-0.5.0-201fc85-SNAPSHOT.jar:0.5.0-201fc85-SNAPSHOT]
	at org.apache.ratis.server.impl.RaftServerProxy.lambda$submitRequest$6(RaftServerProxy.java:328) ~[ratis-server-0.5.0-201fc85-SNAPSHOT.jar:0.5.0-201fc85-SNAPSHOT]
	at java.util.concurrent.CompletableFuture.uniComposeStage(CompletableFuture.java:981) ~[?:1.8.0_212]
	at java.util.concurrent.CompletableFuture.thenCompose(CompletableFuture.java:2124) ~[?:1.8.0_212]
	at org.apache.ratis.server.impl.RaftServerProxy.submitRequest(RaftServerProxy.java:327) ~[ratis-server-0.5.0-201fc85-SNAPSHOT.jar:0.5.0-201fc85-SNAPSHOT]
	at org.apache.ratis.server.impl.RaftServerProxy.submitClientRequestAsync(RaftServerProxy.java:333) ~[ratis-server-0.5.0-201fc85-SNAPSHOT.jar:0.5.0-201fc85-SNAPSHOT]
	at org.apache.ratis.grpc.client.GrpcClientProtocolService$RequestStreamObserver.processClientRequest(GrpcClientProtocolService.java:220) ~[ratis-grpc-0.5.0-201fc85-SNAPSHOT.jar:0.5.0-201fc85-SNAPSHOT]
	at org.apache.ratis.grpc.client.GrpcClientProtocolService$OrderedRequestStreamObserver.processClientRequest(GrpcClientProtocolService.java:326) ~[ratis-grpc-0.5.0-201fc85-SNAPSHOT.jar:0.5.0-201fc85-SNAPSHOT]
	at org.apache.ratis.util.SlidingWindow$Server.processRequestsFromHead(SlidingWindow.java:429) [ratis-common-0.5.0-201fc85-SNAPSHOT.jar:0.5.0-201fc85-SNAPSHOT]
	at org.apache.ratis.util.SlidingWindow$Server.receivedRequest(SlidingWindow.java:421) [ratis-common-0.5.0-201fc85-SNAPSHOT.jar:0.5.0-201fc85-SNAPSHOT]
	at org.apache.ratis.grpc.client.GrpcClientProtocolService$OrderedRequestStreamObserver.processClientRequest(GrpcClientProtocolService.java:345) [ratis-grpc-0.5.0-201fc85-SNAPSHOT.jar:0.5.0-201fc85-SNAPSHOT]
	at org.apache.ratis.grpc.client.GrpcClientProtocolService$RequestStreamObserver.onNext(GrpcClientProtocolService.java:240) [ratis-grpc-0.5.0-201fc85-SNAPSHOT.jar:0.5.0-201fc85-SNAPSHOT]
	at org.apache.ratis.grpc.client.GrpcClientProtocolService$RequestStreamObserver.onNext(GrpcClientProtocolService.java:168) [ratis-grpc-0.5.0-201fc85-SNAPSHOT.jar:0.5.0-201fc85-SNAPSHOT]
	at org.apache.ratis.thirdparty.io.grpc.stub.ServerCalls$StreamingServerCallHandler$StreamingServerCallListener.onMessage(ServerCalls.java:248) [ratis-thirdparty-misc-0.2.0.jar:0.2.0]
	at org.apache.ratis.thirdparty.io.grpc.internal.ServerCallImpl$ServerStreamListenerImpl.messagesAvailable(ServerCallImpl.java:263) [ratis-thirdparty-misc-0.2.0.jar:0.2.0]
	at org.apache.ratis.thirdparty.io.grpc.internal.ServerImpl$JumpToApplicationThreadServerStreamListener$1MessagesAvailable.runInContext(ServerImpl.java:686) [ratis-thirdparty-misc-0.2.0.jar:0.2.0]
	at org.apache.ratis.thirdparty.io.grpc.internal.ContextRunnable.run(ContextRunnable.java:37) [ratis-thirdparty-misc-0.2.0.jar:0.2.0]
	at org.apache.ratis.thirdparty.io.grpc.internal.SerializingExecutor.run(SerializingExecutor.java:123) [ratis-thirdparty-misc-0.2.0.jar:0.2.0]
	at java.util.concurrent.ThreadPoolExecutor.runWorker(ThreadPoolExecutor.java:1149) [?:1.8.0_212]
	at java.util.concurrent.ThreadPoolExecutor$Worker.run(ThreadPoolExecutor.java:624) [?:1.8.0_212]
	at java.lang.Thread.run(Thread.java:748) [?:1.8.0_212]
2019-10-15 03:46:27,762 [grpc-default-executor-2] WARN  server.GrpcLogAppender (LogUtils.java:warn(134)) - 3d054599-df0e-4848-ac46-80d59fac3196@group-1098E4432A3A->c2f8d357-5b51-40ae-9d70-08485fb749ef-AppendLogResponseHandler: Failed appendEntries: org.apache.ratis.thirdparty.io.grpc.StatusRuntimeException: UNAVAILABLE: io exception
2019-10-15 03:46:27,763 [grpc-default-executor-2] INFO  impl.FollowerInfo (FollowerInfo.java:lambda$new$0(51)) - 3d054599-df0e-4848-ac46-80d59fac3196@group-1098E4432A3A->c2f8d357-5b51-40ae-9d70-08485fb749ef: nextIndex: updateUnconditionally 15 -> 14
2019-10-15 03:46:27,764 [grpc-default-executor-1] WARN  server.GrpcLogAppender (LogUtils.java:warn(134)) - 3d054599-df0e-4848-ac46-80d59fac3196@group-1098E4432A3A->afbe96ca-b091-4d20-bab6-78cf5d09aad4-AppendLogResponseHandler: Failed appendEntries: org.apache.ratis.thirdparty.io.grpc.StatusRuntimeException: UNAVAILABLE: io exception
2019-10-15 03:46:27,765 [grpc-default-executor-1] INFO  impl.FollowerInfo (FollowerInfo.java:lambda$new$0(51)) - 3d054599-df0e-4848-ac46-80d59fac3196@group-1098E4432A3A->afbe96ca-b091-4d20-bab6-78cf5d09aad4: nextIndex: updateUnconditionally 18 -> 17
2019-10-15 03:46:27,903 [main] WARN  scm.XceiverClientRatis (XceiverClientRatis.java:watchForCommit(277)) - 3 way commit failed on pipeline Pipeline[ Id: b2d2aebc-e333-4852-b903-6ae6cfdc5292, Nodes: f095ffe7-dd78-4a83-a1e3-b07de5750b91{ip: 192.168.151.96, host: pr-hdds-2194-5wssm-2368079274, networkLocation: /default-rack, certSerialId: null}a3cf3edf-f522-422d-92e1-14c85e0bb804{ip: 192.168.151.96, host: pr-hdds-2194-5wssm-2368079274, networkLocation: /default-rack, certSerialId: null}414c303c-c4ef-43c7-bcb9-fd9e84137571{ip: 192.168.151.96, host: pr-hdds-2194-5wssm-2368079274, networkLocation: /default-rack, certSerialId: null}, Type:RATIS, Factor:THREE, State:OPEN]
java.util.concurrent.TimeoutException
	at java.util.concurrent.CompletableFuture.timedGet(CompletableFuture.java:1771)
	at java.util.concurrent.CompletableFuture.get(CompletableFuture.java:1915)
	at org.apache.hadoop.hdds.scm.XceiverClientRatis.watchForCommit(XceiverClientRatis.java:274)
	at org.apache.hadoop.hdds.scm.storage.CommitWatcher.watchForCommit(CommitWatcher.java:198)
	at org.apache.hadoop.hdds.scm.storage.CommitWatcher.watchOnLastIndex(CommitWatcher.java:161)
	at org.apache.hadoop.hdds.scm.storage.BlockOutputStream.watchForCommit(BlockOutputStream.java:346)
	at org.apache.hadoop.hdds.scm.storage.BlockOutputStream.handleFlush(BlockOutputStream.java:482)
	at org.apache.hadoop.hdds.scm.storage.BlockOutputStream.flush(BlockOutputStream.java:431)
	at org.apache.hadoop.ozone.client.io.BlockOutputStreamEntry.flush(BlockOutputStreamEntry.java:136)
	at org.apache.hadoop.ozone.client.io.KeyOutputStream.handleFlushOrClose(KeyOutputStream.java:443)
	at org.apache.hadoop.ozone.client.io.KeyOutputStream.flush(KeyOutputStream.java:397)
	at org.apache.hadoop.ozone.client.io.OzoneOutputStream.flush(OzoneOutputStream.java:54)
	at org.apache.hadoop.ozone.client.rpc.TestBlockOutputStreamWithFailures.test2DatanodesFailure(TestBlockOutputStreamWithFailures.java:502)
	at sun.reflect.NativeMethodAccessorImpl.invoke0(Native Method)
	at sun.reflect.NativeMethodAccessorImpl.invoke(NativeMethodAccessorImpl.java:62)
	at sun.reflect.DelegatingMethodAccessorImpl.invoke(DelegatingMethodAccessorImpl.java:43)
	at java.lang.reflect.Method.invoke(Method.java:498)
	at org.junit.runners.model.FrameworkMethod$1.runReflectiveCall(FrameworkMethod.java:47)
	at org.junit.internal.runners.model.ReflectiveCallable.run(ReflectiveCallable.java:12)
	at org.junit.runners.model.FrameworkMethod.invokeExplosively(FrameworkMethod.java:44)
	at org.junit.internal.runners.statements.InvokeMethod.evaluate(InvokeMethod.java:17)
	at org.junit.internal.runners.statements.RunBefores.evaluate(RunBefores.java:26)
	at org.junit.internal.runners.statements.RunAfters.evaluate(RunAfters.java:27)
	at org.junit.runners.ParentRunner.runLeaf(ParentRunner.java:271)
	at org.junit.runners.BlockJUnit4ClassRunner.runChild(BlockJUnit4ClassRunner.java:70)
	at org.junit.runners.BlockJUnit4ClassRunner.runChild(BlockJUnit4ClassRunner.java:50)
	at org.junit.runners.ParentRunner$3.run(ParentRunner.java:238)
	at org.junit.runners.ParentRunner$1.schedule(ParentRunner.java:63)
	at org.junit.runners.ParentRunner.runChildren(ParentRunner.java:236)
	at org.junit.runners.ParentRunner.access$000(ParentRunner.java:53)
	at org.junit.runners.ParentRunner$2.evaluate(ParentRunner.java:229)
	at org.junit.runners.ParentRunner.run(ParentRunner.java:309)
	at org.apache.maven.surefire.junit4.JUnit4Provider.execute(JUnit4Provider.java:365)
	at org.apache.maven.surefire.junit4.JUnit4Provider.executeWithRerun(JUnit4Provider.java:273)
	at org.apache.maven.surefire.junit4.JUnit4Provider.executeTestSet(JUnit4Provider.java:238)
	at org.apache.maven.surefire.junit4.JUnit4Provider.invoke(JUnit4Provider.java:159)
	at org.apache.maven.surefire.booter.ForkedBooter.invokeProviderInSameClassLoader(ForkedBooter.java:384)
	at org.apache.maven.surefire.booter.ForkedBooter.runSuitesInProcess(ForkedBooter.java:345)
	at org.apache.maven.surefire.booter.ForkedBooter.execute(ForkedBooter.java:126)
	at org.apache.maven.surefire.booter.ForkedBooter.main(ForkedBooter.java:418)
2019-10-15 03:46:28,906 [main] WARN  storage.CommitWatcher (CommitWatcher.java:watchForCommit(207)) - watchForCommit failed for index 13
java.util.concurrent.TimeoutException
	at java.util.concurrent.CompletableFuture.timedGet(CompletableFuture.java:1771)
	at java.util.concurrent.CompletableFuture.get(CompletableFuture.java:1915)
	at org.apache.hadoop.hdds.scm.XceiverClientRatis.watchForCommit(XceiverClientRatis.java:283)
	at org.apache.hadoop.hdds.scm.storage.CommitWatcher.watchForCommit(CommitWatcher.java:198)
	at org.apache.hadoop.hdds.scm.storage.CommitWatcher.watchOnLastIndex(CommitWatcher.java:161)
	at org.apache.hadoop.hdds.scm.storage.BlockOutputStream.watchForCommit(BlockOutputStream.java:346)
	at org.apache.hadoop.hdds.scm.storage.BlockOutputStream.handleFlush(BlockOutputStream.java:482)
	at org.apache.hadoop.hdds.scm.storage.BlockOutputStream.flush(BlockOutputStream.java:431)
	at org.apache.hadoop.ozone.client.io.BlockOutputStreamEntry.flush(BlockOutputStreamEntry.java:136)
	at org.apache.hadoop.ozone.client.io.KeyOutputStream.handleFlushOrClose(KeyOutputStream.java:443)
	at org.apache.hadoop.ozone.client.io.KeyOutputStream.flush(KeyOutputStream.java:397)
	at org.apache.hadoop.ozone.client.io.OzoneOutputStream.flush(OzoneOutputStream.java:54)
	at org.apache.hadoop.ozone.client.rpc.TestBlockOutputStreamWithFailures.test2DatanodesFailure(TestBlockOutputStreamWithFailures.java:502)
	at sun.reflect.NativeMethodAccessorImpl.invoke0(Native Method)
	at sun.reflect.NativeMethodAccessorImpl.invoke(NativeMethodAccessorImpl.java:62)
	at sun.reflect.DelegatingMethodAccessorImpl.invoke(DelegatingMethodAccessorImpl.java:43)
	at java.lang.reflect.Method.invoke(Method.java:498)
	at org.junit.runners.model.FrameworkMethod$1.runReflectiveCall(FrameworkMethod.java:47)
	at org.junit.internal.runners.model.ReflectiveCallable.run(ReflectiveCallable.java:12)
	at org.junit.runners.model.FrameworkMethod.invokeExplosively(FrameworkMethod.java:44)
	at org.junit.internal.runners.statements.InvokeMethod.evaluate(InvokeMethod.java:17)
	at org.junit.internal.runners.statements.RunBefores.evaluate(RunBefores.java:26)
	at org.junit.internal.runners.statements.RunAfters.evaluate(RunAfters.java:27)
	at org.junit.runners.ParentRunner.runLeaf(ParentRunner.java:271)
	at org.junit.runners.BlockJUnit4ClassRunner.runChild(BlockJUnit4ClassRunner.java:70)
	at org.junit.runners.BlockJUnit4ClassRunner.runChild(BlockJUnit4ClassRunner.java:50)
	at org.junit.runners.ParentRunner$3.run(ParentRunner.java:238)
	at org.junit.runners.ParentRunner$1.schedule(ParentRunner.java:63)
	at org.junit.runners.ParentRunner.runChildren(ParentRunner.java:236)
	at org.junit.runners.ParentRunner.access$000(ParentRunner.java:53)
	at org.junit.runners.ParentRunner$2.evaluate(ParentRunner.java:229)
	at org.junit.runners.ParentRunner.run(ParentRunner.java:309)
	at org.apache.maven.surefire.junit4.JUnit4Provider.execute(JUnit4Provider.java:365)
	at org.apache.maven.surefire.junit4.JUnit4Provider.executeWithRerun(JUnit4Provider.java:273)
	at org.apache.maven.surefire.junit4.JUnit4Provider.executeTestSet(JUnit4Provider.java:238)
	at org.apache.maven.surefire.junit4.JUnit4Provider.invoke(JUnit4Provider.java:159)
	at org.apache.maven.surefire.booter.ForkedBooter.invokeProviderInSameClassLoader(ForkedBooter.java:384)
	at org.apache.maven.surefire.booter.ForkedBooter.runSuitesInProcess(ForkedBooter.java:345)
	at org.apache.maven.surefire.booter.ForkedBooter.execute(ForkedBooter.java:126)
	at org.apache.maven.surefire.booter.ForkedBooter.main(ForkedBooter.java:418)
2019-10-15 03:46:28,908 [main] WARN  io.KeyOutputStream (KeyOutputStream.java:handleException(274)) - Encountered exception java.io.IOException: Unexpected Storage Container Exception: java.io.IOException: Unexpected Storage Container Exception: java.util.concurrent.TimeoutException on the pipeline Pipeline[ Id: b2d2aebc-e333-4852-b903-6ae6cfdc5292, Nodes: f095ffe7-dd78-4a83-a1e3-b07de5750b91{ip: 192.168.151.96, host: pr-hdds-2194-5wssm-2368079274, networkLocation: /default-rack, certSerialId: null}a3cf3edf-f522-422d-92e1-14c85e0bb804{ip: 192.168.151.96, host: pr-hdds-2194-5wssm-2368079274, networkLocation: /default-rack, certSerialId: null}414c303c-c4ef-43c7-bcb9-fd9e84137571{ip: 192.168.151.96, host: pr-hdds-2194-5wssm-2368079274, networkLocation: /default-rack, certSerialId: null}, Type:RATIS, Factor:THREE, State:OPEN]. The last committed block length is 400, uncommitted data length is 50 retry count 0
2019-10-15 03:46:28,925 [IPC Server handler 0 on 39985] WARN  block.BlockManagerImpl (BlockManagerImpl.java:allocateBlock(194)) - Pipeline creation failed for type:RATIS factor:THREE. Retrying get pipelines call once.
org.apache.hadoop.hdds.scm.pipeline.InsufficientDatanodesException: Cannot create pipeline of factor 3 using 2 nodes.
	at org.apache.hadoop.hdds.scm.pipeline.RatisPipelineProvider.create(RatisPipelineProvider.java:153)
	at org.apache.hadoop.hdds.scm.pipeline.PipelineFactory.create(PipelineFactory.java:58)
	at org.apache.hadoop.hdds.scm.pipeline.SCMPipelineManager.createPipeline(SCMPipelineManager.java:155)
	at org.apache.hadoop.hdds.scm.block.BlockManagerImpl.allocateBlock(BlockManagerImpl.java:192)
	at org.apache.hadoop.hdds.scm.server.SCMBlockProtocolServer.allocateBlock(SCMBlockProtocolServer.java:182)
	at org.apache.hadoop.hdds.scm.protocol.ScmBlockLocationProtocolServerSideTranslatorPB.allocateScmBlock(ScmBlockLocationProtocolServerSideTranslatorPB.java:159)
	at org.apache.hadoop.hdds.scm.protocol.ScmBlockLocationProtocolServerSideTranslatorPB.processMessage(ScmBlockLocationProtocolServerSideTranslatorPB.java:117)
	at org.apache.hadoop.hdds.server.OzoneProtocolMessageDispatcher.processRequest(OzoneProtocolMessageDispatcher.java:72)
	at org.apache.hadoop.hdds.scm.protocol.ScmBlockLocationProtocolServerSideTranslatorPB.send(ScmBlockLocationProtocolServerSideTranslatorPB.java:98)
	at org.apache.hadoop.hdds.protocol.proto.ScmBlockLocationProtocolProtos$ScmBlockLocationProtocolService$2.callBlockingMethod(ScmBlockLocationProtocolProtos.java:13157)
	at org.apache.hadoop.ipc.ProtobufRpcEngine$Server$ProtoBufRpcInvoker.call(ProtobufRpcEngine.java:524)
	at org.apache.hadoop.ipc.RPC$Server.call(RPC.java:1025)
	at org.apache.hadoop.ipc.Server$RpcCall.run(Server.java:876)
	at org.apache.hadoop.ipc.Server$RpcCall.run(Server.java:822)
	at java.security.AccessController.doPrivileged(Native Method)
	at javax.security.auth.Subject.doAs(Subject.java:422)
	at org.apache.hadoop.security.UserGroupInformation.doAs(UserGroupInformation.java:1730)
	at org.apache.hadoop.ipc.Server$Handler.run(Server.java:2682)
2019-10-15 03:46:28,928 [IPC Server handler 0 on 39985] INFO  block.BlockManagerImpl (BlockManagerImpl.java:allocateBlock(200)) - Could not find available pipeline of type:RATIS and factor:THREE even after retrying
2019-10-15 03:46:28,928 [IPC Server handler 0 on 39985] ERROR block.BlockManagerImpl (BlockManagerImpl.java:allocateBlock(224)) - Unable to allocate a block for the size: 800, type: RATIS, factor: THREE
2019-10-15 03:46:28,936 [main] ERROR io.BlockOutputStreamEntryPool (BlockOutputStreamEntryPool.java:allocateBlockIfNeeded(309)) - Try to allocate more blocks for write failed, already allocated 0 blocks for this write.
INTERNAL_ERROR org.apache.hadoop.ozone.om.exceptions.OMException: Allocated 0 blocks. Requested 1 blocks
	at org.apache.hadoop.ozone.om.protocolPB.OzoneManagerProtocolClientSideTranslatorPB.handleError(OzoneManagerProtocolClientSideTranslatorPB.java:732)
	at org.apache.hadoop.ozone.om.protocolPB.OzoneManagerProtocolClientSideTranslatorPB.allocateBlock(OzoneManagerProtocolClientSideTranslatorPB.java:764)
	at sun.reflect.NativeMethodAccessorImpl.invoke0(Native Method)
	at sun.reflect.NativeMethodAccessorImpl.invoke(NativeMethodAccessorImpl.java:62)
	at sun.reflect.DelegatingMethodAccessorImpl.invoke(DelegatingMethodAccessorImpl.java:43)
	at java.lang.reflect.Method.invoke(Method.java:498)
	at org.apache.hadoop.hdds.tracing.TraceAllMethod.invoke(TraceAllMethod.java:66)
	at com.sun.proxy.$Proxy37.allocateBlock(Unknown Source)
	at org.apache.hadoop.ozone.client.io.BlockOutputStreamEntryPool.allocateNewBlock(BlockOutputStreamEntryPool.java:258)
	at org.apache.hadoop.ozone.client.io.BlockOutputStreamEntryPool.allocateBlockIfNeeded(BlockOutputStreamEntryPool.java:306)
	at org.apache.hadoop.ozone.client.io.KeyOutputStream.handleWrite(KeyOutputStream.java:198)
	at org.apache.hadoop.ozone.client.io.KeyOutputStream.handleRetry(KeyOutputStream.java:375)
	at org.apache.hadoop.ozone.client.io.KeyOutputStream.handleException(KeyOutputStream.java:324)
	at org.apache.hadoop.ozone.client.io.KeyOutputStream.handleFlushOrClose(KeyOutputStream.java:449)
	at org.apache.hadoop.ozone.client.io.KeyOutputStream.flush(KeyOutputStream.java:397)
	at org.apache.hadoop.ozone.client.io.OzoneOutputStream.flush(OzoneOutputStream.java:54)
	at org.apache.hadoop.ozone.client.rpc.TestBlockOutputStreamWithFailures.test2DatanodesFailure(TestBlockOutputStreamWithFailures.java:502)
	at sun.reflect.NativeMethodAccessorImpl.invoke0(Native Method)
	at sun.reflect.NativeMethodAccessorImpl.invoke(NativeMethodAccessorImpl.java:62)
	at sun.reflect.DelegatingMethodAccessorImpl.invoke(DelegatingMethodAccessorImpl.java:43)
	at java.lang.reflect.Method.invoke(Method.java:498)
	at org.junit.runners.model.FrameworkMethod$1.runReflectiveCall(FrameworkMethod.java:47)
	at org.junit.internal.runners.model.ReflectiveCallable.run(ReflectiveCallable.java:12)
	at org.junit.runners.model.FrameworkMethod.invokeExplosively(FrameworkMethod.java:44)
	at org.junit.internal.runners.statements.InvokeMethod.evaluate(InvokeMethod.java:17)
	at org.junit.internal.runners.statements.RunBefores.evaluate(RunBefores.java:26)
	at org.junit.internal.runners.statements.RunAfters.evaluate(RunAfters.java:27)
	at org.junit.runners.ParentRunner.runLeaf(ParentRunner.java:271)
	at org.junit.runners.BlockJUnit4ClassRunner.runChild(BlockJUnit4ClassRunner.java:70)
	at org.junit.runners.BlockJUnit4ClassRunner.runChild(BlockJUnit4ClassRunner.java:50)
	at org.junit.runners.ParentRunner$3.run(ParentRunner.java:238)
	at org.junit.runners.ParentRunner$1.schedule(ParentRunner.java:63)
	at org.junit.runners.ParentRunner.runChildren(ParentRunner.java:236)
	at org.junit.runners.ParentRunner.access$000(ParentRunner.java:53)
	at org.junit.runners.ParentRunner$2.evaluate(ParentRunner.java:229)
	at org.junit.runners.ParentRunner.run(ParentRunner.java:309)
	at org.apache.maven.surefire.junit4.JUnit4Provider.execute(JUnit4Provider.java:365)
	at org.apache.maven.surefire.junit4.JUnit4Provider.executeWithRerun(JUnit4Provider.java:273)
	at org.apache.maven.surefire.junit4.JUnit4Provider.executeTestSet(JUnit4Provider.java:238)
	at org.apache.maven.surefire.junit4.JUnit4Provider.invoke(JUnit4Provider.java:159)
	at org.apache.maven.surefire.booter.ForkedBooter.invokeProviderInSameClassLoader(ForkedBooter.java:384)
	at org.apache.maven.surefire.booter.ForkedBooter.runSuitesInProcess(ForkedBooter.java:345)
	at org.apache.maven.surefire.booter.ForkedBooter.execute(ForkedBooter.java:126)
	at org.apache.maven.surefire.booter.ForkedBooter.main(ForkedBooter.java:418)
2019-10-15 03:46:28,939 [main] INFO  ozone.MiniOzoneClusterImpl (MiniOzoneClusterImpl.java:shutdown(314)) - Shutting down the Mini Ozone Cluster
2019-10-15 03:46:28,940 [main] INFO  ozone.MiniOzoneClusterImpl (MiniOzoneClusterImpl.java:stop(330)) - Stopping the Mini Ozone Cluster
2019-10-15 03:46:28,940 [main] INFO  ozone.MiniOzoneClusterImpl (MiniOzoneClusterImpl.java:stopOM(400)) - Stopping the OzoneManager
2019-10-15 03:46:28,940 [main] INFO  ipc.Server (Server.java:stop(3082)) - Stopping server on 42581
2019-10-15 03:46:28,952 [IPC Server listener on 42581] INFO  ipc.Server (Server.java:run(1185)) - Stopping IPC Server listener on 42581
2019-10-15 03:46:28,954 [main] INFO  ratis.OzoneManagerDoubleBuffer (OzoneManagerDoubleBuffer.java:stop(250)) - Stopping OMDoubleBuffer flush thread
2019-10-15 03:46:28,960 [IPC Server Responder] INFO  ipc.Server (Server.java:run(1319)) - Stopping IPC Server Responder
2019-10-15 03:46:28,961 [OMDoubleBufferFlushThread] INFO  ratis.OzoneManagerDoubleBuffer (OzoneManagerDoubleBuffer.java:flushTransactions(193)) - OMDoubleBuffer flush thread OMDoubleBufferFlushThread is interrupted and will exit. OMDoubleBufferFlushThread
2019-10-15 03:46:28,969 [main] INFO  utils.BackgroundService (BackgroundService.java:shutdown(151)) - Shutting down service KeyDeletingService
2019-10-15 03:46:28,970 [main] INFO  handler.ContextHandler (ContextHandler.java:doStop(910)) - Stopped o.e.j.w.WebAppContext@660591fb{/,null,UNAVAILABLE}{/ozoneManager}
2019-10-15 03:46:28,971 [main] INFO  server.AbstractConnector (AbstractConnector.java:doStop(318)) - Stopped ServerConnector@4a55a6e8{HTTP/1.1,[http/1.1]}{0.0.0.0:0}
2019-10-15 03:46:28,971 [main] INFO  handler.ContextHandler (ContextHandler.java:doStop(910)) - Stopped o.e.j.s.ServletContextHandler@2032e725{/static,file:///workdir/hadoop-ozone/integration-test/target/test-classes/webapps/static,UNAVAILABLE}
2019-10-15 03:46:28,971 [main] INFO  handler.ContextHandler (ContextHandler.java:doStop(910)) - Stopped o.e.j.s.ServletContextHandler@3eed0f5{/logs,file:///workdir/hadoop-ozone/integration-test/target/log,UNAVAILABLE}
2019-10-15 03:46:28,974 [main] INFO  ozone.MiniOzoneClusterImpl (MiniOzoneClusterImpl.java:stopDatanodes(377)) - Stopping the HddsDatanodes
2019-10-15 03:46:29,183 [Datanode State Machine Thread - 0] INFO  statemachine.DatanodeStateMachine (DatanodeStateMachine.java:lambda$startDaemon$0(350)) - Ozone container server started.
2019-10-15 03:46:29,756 [Datanode State Machine Thread - 0] INFO  statemachine.DatanodeStateMachine (DatanodeStateMachine.java:lambda$startDaemon$0(350)) - Ozone container server started.
2019-10-15 03:46:30,266 [grpc-default-executor-3] WARN  server.GrpcLogAppender (LogUtils.java:warn(134)) - 3d054599-df0e-4848-ac46-80d59fac3196@group-1098E4432A3A->afbe96ca-b091-4d20-bab6-78cf5d09aad4-AppendLogResponseHandler: Failed appendEntries: org.apache.ratis.thirdparty.io.grpc.StatusRuntimeException: UNAVAILABLE: io exception
2019-10-15 03:46:30,267 [grpc-default-executor-3] INFO  impl.FollowerInfo (FollowerInfo.java:lambda$new$0(51)) - 3d054599-df0e-4848-ac46-80d59fac3196@group-1098E4432A3A->afbe96ca-b091-4d20-bab6-78cf5d09aad4: nextIndex: updateUnconditionally 17 -> 16
2019-10-15 03:46:30,267 [grpc-default-executor-5] WARN  server.GrpcLogAppender (LogUtils.java:warn(134)) - 3d054599-df0e-4848-ac46-80d59fac3196@group-1098E4432A3A->c2f8d357-5b51-40ae-9d70-08485fb749ef-AppendLogResponseHandler: Failed appendEntries: org.apache.ratis.thirdparty.io.grpc.StatusRuntimeException: UNAVAILABLE: io exception
2019-10-15 03:46:30,269 [grpc-default-executor-5] INFO  impl.FollowerInfo (FollowerInfo.java:lambda$new$0(51)) - 3d054599-df0e-4848-ac46-80d59fac3196@group-1098E4432A3A->c2f8d357-5b51-40ae-9d70-08485fb749ef: nextIndex: updateUnconditionally 14 -> 13
2019-10-15 03:46:32,771 [grpc-default-executor-2] WARN  server.GrpcLogAppender (LogUtils.java:warn(134)) - 3d054599-df0e-4848-ac46-80d59fac3196@group-1098E4432A3A->afbe96ca-b091-4d20-bab6-78cf5d09aad4-AppendLogResponseHandler: Failed appendEntries: org.apache.ratis.thirdparty.io.grpc.StatusRuntimeException: UNAVAILABLE: io exception
2019-10-15 03:46:32,771 [grpc-default-executor-5] WARN  server.GrpcLogAppender (LogUtils.java:warn(134)) - 3d054599-df0e-4848-ac46-80d59fac3196@group-1098E4432A3A->c2f8d357-5b51-40ae-9d70-08485fb749ef-AppendLogResponseHandler: Failed appendEntries: org.apache.ratis.thirdparty.io.grpc.StatusRuntimeException: UNAVAILABLE: io exception
2019-10-15 03:46:32,772 [grpc-default-executor-2] INFO  impl.FollowerInfo (FollowerInfo.java:lambda$new$0(51)) - 3d054599-df0e-4848-ac46-80d59fac3196@group-1098E4432A3A->afbe96ca-b091-4d20-bab6-78cf5d09aad4: nextIndex: updateUnconditionally 16 -> 15
2019-10-15 03:46:32,774 [grpc-default-executor-5] INFO  impl.FollowerInfo (FollowerInfo.java:lambda$new$0(51)) - 3d054599-df0e-4848-ac46-80d59fac3196@group-1098E4432A3A->c2f8d357-5b51-40ae-9d70-08485fb749ef: nextIndex: updateUnconditionally 13 -> 12
2019-10-15 03:46:33,250 [EventQueue-StaleNodeForStaleNodeHandler] INFO  node.StaleNodeHandler (StaleNodeHandler.java:onMessage(58)) - Datanode 4b7383e3-04b5-459c-b6b2-cddfc28028ca{ip: 192.168.151.96, host: pr-hdds-2194-5wssm-2368079274, networkLocation: /default-rack, certSerialId: null} moved to stale state. Finalizing its pipelines [PipelineID=8948dceb-5ffd-4855-b631-90333446518d]
2019-10-15 03:46:33,250 [EventQueue-StaleNodeForStaleNodeHandler] INFO  pipeline.SCMPipelineManager (SCMPipelineManager.java:finalizeAndDestroyPipeline(315)) - destroying pipeline:Pipeline[ Id: 8948dceb-5ffd-4855-b631-90333446518d, Nodes: 4b7383e3-04b5-459c-b6b2-cddfc28028ca{ip: 192.168.151.96, host: pr-hdds-2194-5wssm-2368079274, networkLocation: /default-rack, certSerialId: null}, Type:RATIS, Factor:ONE, State:OPEN]
2019-10-15 03:46:33,251 [EventQueue-StaleNodeForStaleNodeHandler] INFO  pipeline.PipelineStateManager (PipelineStateManager.java:finalizePipeline(123)) - Pipeline Pipeline[ Id: 8948dceb-5ffd-4855-b631-90333446518d, Nodes: 4b7383e3-04b5-459c-b6b2-cddfc28028ca{ip: 192.168.151.96, host: pr-hdds-2194-5wssm-2368079274, networkLocation: /default-rack, certSerialId: null}, Type:RATIS, Factor:ONE, State:CLOSED] moved to CLOSED state
2019-10-15 03:46:33,851 [EventQueue-StaleNodeForStaleNodeHandler] INFO  node.StaleNodeHandler (StaleNodeHandler.java:onMessage(58)) - Datanode 3d054599-df0e-4848-ac46-80d59fac3196{ip: 192.168.151.96, host: pr-hdds-2194-5wssm-2368079274, networkLocation: /default-rack, certSerialId: null} moved to stale state. Finalizing its pipelines [PipelineID=1d61f50c-b382-411a-a037-1098e4432a3a, PipelineID=4e0998a4-7a23-4db5-ab88-371773c42ad7]
2019-10-15 03:46:33,851 [EventQueue-StaleNodeForStaleNodeHandler] INFO  pipeline.SCMPipelineManager (SCMPipelineManager.java:finalizeAndDestroyPipeline(315)) - destroying pipeline:Pipeline[ Id: 1d61f50c-b382-411a-a037-1098e4432a3a, Nodes: c2f8d357-5b51-40ae-9d70-08485fb749ef{ip: 192.168.151.96, host: pr-hdds-2194-5wssm-2368079274, networkLocation: /default-rack, certSerialId: null}afbe96ca-b091-4d20-bab6-78cf5d09aad4{ip: 192.168.151.96, host: pr-hdds-2194-5wssm-2368079274, networkLocation: /default-rack, certSerialId: null}3d054599-df0e-4848-ac46-80d59fac3196{ip: 192.168.151.96, host: pr-hdds-2194-5wssm-2368079274, networkLocation: /default-rack, certSerialId: null}, Type:RATIS, Factor:THREE, State:CLOSED]
2019-10-15 03:46:33,851 [EventQueue-StaleNodeForStaleNodeHandler] INFO  pipeline.SCMPipelineManager (SCMPipelineManager.java:finalizeAndDestroyPipeline(315)) - destroying pipeline:Pipeline[ Id: 4e0998a4-7a23-4db5-ab88-371773c42ad7, Nodes: 3d054599-df0e-4848-ac46-80d59fac3196{ip: 192.168.151.96, host: pr-hdds-2194-5wssm-2368079274, networkLocation: /default-rack, certSerialId: null}, Type:RATIS, Factor:ONE, State:OPEN]
2019-10-15 03:46:33,852 [EventQueue-StaleNodeForStaleNodeHandler] INFO  pipeline.PipelineStateManager (PipelineStateManager.java:finalizePipeline(123)) - Pipeline Pipeline[ Id: 4e0998a4-7a23-4db5-ab88-371773c42ad7, Nodes: 3d054599-df0e-4848-ac46-80d59fac3196{ip: 192.168.151.96, host: pr-hdds-2194-5wssm-2368079274, networkLocation: /default-rack, certSerialId: null}, Type:RATIS, Factor:ONE, State:CLOSED] moved to CLOSED state
2019-10-15 03:46:33,976 [main] INFO  ozoneimpl.OzoneContainer (OzoneContainer.java:stop(227)) - Attempting to stop container services.
2019-10-15 03:46:33,978 [ForkJoinPool.commonPool-worker-1] INFO  ozoneimpl.OzoneContainer (OzoneContainer.java:stop(227)) - Attempting to stop container services.
2019-10-15 03:46:33,979 [main] INFO  impl.RaftServerProxy (RaftServerProxy.java:lambda$close$4(314)) - 3d054599-df0e-4848-ac46-80d59fac3196: close
2019-10-15 03:46:33,979 [main] INFO  impl.RaftServerImpl (RaftServerImpl.java:lambda$shutdown$3(247)) - 3d054599-df0e-4848-ac46-80d59fac3196@group-1098E4432A3A: shutdown
2019-10-15 03:46:33,979 [ForkJoinPool.commonPool-worker-1] INFO  impl.RaftServerProxy (RaftServerProxy.java:lambda$close$4(314)) - 4b7383e3-04b5-459c-b6b2-cddfc28028ca: close
2019-10-15 03:46:33,979 [main] INFO  util.JmxRegister (JmxRegister.java:unregister(73)) - Successfully un-registered JMX Bean with object name Ratis:service=RaftServer,group=group-1098E4432A3A,id=3d054599-df0e-4848-ac46-80d59fac3196
2019-10-15 03:46:33,979 [ForkJoinPool.commonPool-worker-1] INFO  impl.RaftServerImpl (RaftServerImpl.java:lambda$shutdown$3(247)) - 4b7383e3-04b5-459c-b6b2-cddfc28028ca@group-90333446518D: shutdown
2019-10-15 03:46:33,980 [main] INFO  impl.RoleInfo (RoleInfo.java:shutdownLeaderState(104)) - 3d054599-df0e-4848-ac46-80d59fac3196: shutdown LeaderState
2019-10-15 03:46:33,980 [ForkJoinPool.commonPool-worker-1] INFO  util.JmxRegister (JmxRegister.java:unregister(73)) - Successfully un-registered JMX Bean with object name Ratis:service=RaftServer,group=group-90333446518D,id=4b7383e3-04b5-459c-b6b2-cddfc28028ca
2019-10-15 03:46:33,983 [org.apache.ratis.server.impl.LogAppender$AppenderDaemon$$Lambda$523/1433506113@40898782] WARN  server.GrpcLogAppender (GrpcLogAppender.java:mayWait(143)) - 3d054599-df0e-4848-ac46-80d59fac3196@group-1098E4432A3A->c2f8d357-5b51-40ae-9d70-08485fb749ef-GrpcLogAppender: Wait interrupted by java.lang.InterruptedException
2019-10-15 03:46:33,983 [main] INFO  impl.PendingRequests (PendingRequests.java:sendNotLeaderResponses(202)) - 3d054599-df0e-4848-ac46-80d59fac3196@group-1098E4432A3A-PendingRequests: sendNotLeaderResponses
2019-10-15 03:46:33,983 [org.apache.ratis.server.impl.LogAppender$AppenderDaemon$$Lambda$523/1433506113@558bd89b] WARN  server.GrpcLogAppender (GrpcLogAppender.java:mayWait(143)) - 3d054599-df0e-4848-ac46-80d59fac3196@group-1098E4432A3A->afbe96ca-b091-4d20-bab6-78cf5d09aad4-GrpcLogAppender: Wait interrupted by java.lang.InterruptedException
2019-10-15 03:46:33,983 [ForkJoinPool.commonPool-worker-1] INFO  impl.RoleInfo (RoleInfo.java:shutdownLeaderState(104)) - 4b7383e3-04b5-459c-b6b2-cddfc28028ca: shutdown LeaderState
2019-10-15 03:46:33,984 [ForkJoinPool.commonPool-worker-1] INFO  impl.PendingRequests (PendingRequests.java:sendNotLeaderResponses(202)) - 4b7383e3-04b5-459c-b6b2-cddfc28028ca@group-90333446518D-PendingRequests: sendNotLeaderResponses
2019-10-15 03:46:33,984 [ForkJoinPool.commonPool-worker-1] INFO  impl.StateMachineUpdater (StateMachineUpdater.java:stopAndJoin(136)) - 4b7383e3-04b5-459c-b6b2-cddfc28028ca@group-90333446518D-StateMachineUpdater: set stopIndex = 0
2019-10-15 03:46:33,985 [ForkJoinPool.commonPool-worker-1] INFO  impl.RaftServerImpl (ServerState.java:close(387)) - 4b7383e3-04b5-459c-b6b2-cddfc28028ca@group-90333446518D: closes. applyIndex: 0
2019-10-15 03:46:33,985 [4b7383e3-04b5-459c-b6b2-cddfc28028ca@group-90333446518D-SegmentedRaftLogWorker] INFO  segmented.SegmentedRaftLogWorker (SegmentedRaftLogWorker.java:run(316)) - 4b7383e3-04b5-459c-b6b2-cddfc28028ca@group-90333446518D-SegmentedRaftLogWorker was interrupted, exiting. There are 0 tasks remaining in the queue.
2019-10-15 03:46:33,986 [ForkJoinPool.commonPool-worker-1] INFO  segmented.SegmentedRaftLogWorker (SegmentedRaftLogWorker.java:close(224)) - 4b7383e3-04b5-459c-b6b2-cddfc28028ca@group-90333446518D-SegmentedRaftLogWorker close()
2019-10-15 03:46:33,989 [ForkJoinPool.commonPool-worker-1] INFO  server.GrpcService (GrpcService.java:closeImpl(164)) - 4b7383e3-04b5-459c-b6b2-cddfc28028ca: shutdown server with port 44383 now
2019-10-15 03:46:33,992 [ForkJoinPool.commonPool-worker-1] INFO  server.GrpcService (GrpcService.java:closeImpl(172)) - 4b7383e3-04b5-459c-b6b2-cddfc28028ca: shutdown server with port 44383 successfully
2019-10-15 03:46:33,992 [main] INFO  impl.StateMachineUpdater (StateMachineUpdater.java:stopAndJoin(136)) - 3d054599-df0e-4848-ac46-80d59fac3196@group-1098E4432A3A-StateMachineUpdater: set stopIndex = 18
2019-10-15 03:46:33,992 [3d054599-df0e-4848-ac46-80d59fac3196@group-1098E4432A3A-StateMachineUpdater] INFO  ratis.ContainerStateMachine (ContainerStateMachine.java:takeSnapshot(294)) - group-1098E4432A3A: Taking a snapshot at:(t:1, i:18) file /workdir/hadoop-ozone/integration-test/target/test-dir/MiniOzoneClusterImpl-b3c4100e-e893-4c02-8028-cfd5e9dd125a/datanode-3/data/ratis/1d61f50c-b382-411a-a037-1098e4432a3a/sm/snapshot.1_18
2019-10-15 03:46:34,003 [refreshUsed-/workdir/hadoop-ozone/integration-test/target/test-dir/MiniOzoneClusterImpl-b3c4100e-e893-4c02-8028-cfd5e9dd125a/datanode-2/data/containers] WARN  fs.CachingGetSpaceUsed (CachingGetSpaceUsed.java:run(183)) - Thread Interrupted waiting to refresh disk information: sleep interrupted
2019-10-15 03:46:34,021 [ForkJoinPool.commonPool-worker-1] INFO  utils.BackgroundService (BackgroundService.java:shutdown(151)) - Shutting down service BlockDeletingService
2019-10-15 03:46:34,024 [ForkJoinPool.commonPool-worker-1] INFO  statemachine.DatanodeStateMachine (DatanodeStateMachine.java:stopDaemon(395)) - Ozone container server stopped.
2019-10-15 03:46:34,029 [ForkJoinPool.commonPool-worker-1] INFO  handler.ContextHandler (ContextHandler.java:doStop(910)) - Stopped o.e.j.w.WebAppContext@7724704f{/,null,UNAVAILABLE}{/hddsDatanode}
2019-10-15 03:46:34,032 [ForkJoinPool.commonPool-worker-1] INFO  server.AbstractConnector (AbstractConnector.java:doStop(318)) - Stopped ServerConnector@3dfa819{HTTP/1.1,[http/1.1]}{0.0.0.0:0}
2019-10-15 03:46:34,046 [ForkJoinPool.commonPool-worker-1] INFO  handler.ContextHandler (ContextHandler.java:doStop(910)) - Stopped o.e.j.s.ServletContextHandler@2f2bff16{/static,jar:file:/home/user/.m2/repository/org/apache/hadoop/hadoop-hdds-container-service/0.5.0-SNAPSHOT/hadoop-hdds-container-service-0.5.0-SNAPSHOT.jar!/webapps/static,UNAVAILABLE}
2019-10-15 03:46:34,048 [ForkJoinPool.commonPool-worker-1] INFO  handler.ContextHandler (ContextHandler.java:doStop(910)) - Stopped o.e.j.s.ServletContextHandler@10f7c76{/logs,file:///workdir/hadoop-ozone/integration-test/target/log,UNAVAILABLE}
2019-10-15 03:46:34,052 [3d054599-df0e-4848-ac46-80d59fac3196@group-1098E4432A3A-StateMachineUpdater] INFO  ratis.ContainerStateMachine (ContainerStateMachine.java:takeSnapshot(305)) - group-1098E4432A3A: Finished taking a snapshot at:(t:1, i:18) file:/workdir/hadoop-ozone/integration-test/target/test-dir/MiniOzoneClusterImpl-b3c4100e-e893-4c02-8028-cfd5e9dd125a/datanode-3/data/ratis/1d61f50c-b382-411a-a037-1098e4432a3a/sm/snapshot.1_18 time:60
2019-10-15 03:46:34,052 [3d054599-df0e-4848-ac46-80d59fac3196@group-1098E4432A3A-StateMachineUpdater] INFO  impl.StateMachineUpdater (StateMachineUpdater.java:takeSnapshot(269)) - 3d054599-df0e-4848-ac46-80d59fac3196@group-1098E4432A3A-StateMachineUpdater: Took a snapshot at index 18
2019-10-15 03:46:34,052 [3d054599-df0e-4848-ac46-80d59fac3196@group-1098E4432A3A-StateMachineUpdater] INFO  impl.StateMachineUpdater (StateMachineUpdater.java:lambda$new$0(84)) - 3d054599-df0e-4848-ac46-80d59fac3196@group-1098E4432A3A-StateMachineUpdater: snapshotIndex: updateIncreasingly -1 -> 18
2019-10-15 03:46:34,053 [main] INFO  impl.RaftServerImpl (ServerState.java:close(387)) - 3d054599-df0e-4848-ac46-80d59fac3196@group-1098E4432A3A: closes. applyIndex: 18
2019-10-15 03:46:34,053 [3d054599-df0e-4848-ac46-80d59fac3196@group-1098E4432A3A-SegmentedRaftLogWorker] INFO  segmented.SegmentedRaftLogWorker (SegmentedRaftLogWorker.java:run(316)) - 3d054599-df0e-4848-ac46-80d59fac3196@group-1098E4432A3A-SegmentedRaftLogWorker was interrupted, exiting. There are 0 tasks remaining in the queue.
2019-10-15 03:46:34,055 [main] INFO  segmented.SegmentedRaftLogWorker (SegmentedRaftLogWorker.java:close(224)) - 3d054599-df0e-4848-ac46-80d59fac3196@group-1098E4432A3A-SegmentedRaftLogWorker close()
2019-10-15 03:46:34,057 [main] INFO  impl.RaftServerImpl (RaftServerImpl.java:lambda$shutdown$3(247)) - 3d054599-df0e-4848-ac46-80d59fac3196@group-371773C42AD7: shutdown
2019-10-15 03:46:34,057 [main] INFO  util.JmxRegister (JmxRegister.java:unregister(73)) - Successfully un-registered JMX Bean with object name Ratis:service=RaftServer,group=group-371773C42AD7,id=3d054599-df0e-4848-ac46-80d59fac3196
2019-10-15 03:46:34,057 [main] INFO  impl.RoleInfo (RoleInfo.java:shutdownLeaderState(104)) - 3d054599-df0e-4848-ac46-80d59fac3196: shutdown LeaderState
2019-10-15 03:46:34,058 [main] INFO  impl.PendingRequests (PendingRequests.java:sendNotLeaderResponses(202)) - 3d054599-df0e-4848-ac46-80d59fac3196@group-371773C42AD7-PendingRequests: sendNotLeaderResponses
2019-10-15 03:46:34,058 [main] INFO  impl.StateMachineUpdater (StateMachineUpdater.java:stopAndJoin(136)) - 3d054599-df0e-4848-ac46-80d59fac3196@group-371773C42AD7-StateMachineUpdater: set stopIndex = 0
2019-10-15 03:46:34,058 [main] INFO  impl.RaftServerImpl (ServerState.java:close(387)) - 3d054599-df0e-4848-ac46-80d59fac3196@group-371773C42AD7: closes. applyIndex: 0
2019-10-15 03:46:34,058 [3d054599-df0e-4848-ac46-80d59fac3196@group-371773C42AD7-SegmentedRaftLogWorker] INFO  segmented.SegmentedRaftLogWorker (SegmentedRaftLogWorker.java:run(316)) - 3d054599-df0e-4848-ac46-80d59fac3196@group-371773C42AD7-SegmentedRaftLogWorker was interrupted, exiting. There are 0 tasks remaining in the queue.
2019-10-15 03:46:34,059 [main] INFO  segmented.SegmentedRaftLogWorker (SegmentedRaftLogWorker.java:close(224)) - 3d054599-df0e-4848-ac46-80d59fac3196@group-371773C42AD7-SegmentedRaftLogWorker close()
2019-10-15 03:46:34,062 [main] INFO  server.GrpcService (GrpcService.java:closeImpl(164)) - 3d054599-df0e-4848-ac46-80d59fac3196: shutdown server with port 34736 now
2019-10-15 03:46:34,064 [main] INFO  server.GrpcService (GrpcService.java:closeImpl(172)) - 3d054599-df0e-4848-ac46-80d59fac3196: shutdown server with port 34736 successfully
2019-10-15 03:46:34,064 [grpc-default-executor-2] WARN  client.GrpcClientProtocolService (LogUtils.java:warn(134)) - 2-UnorderedRequestStreamObserver2: onError: org.apache.ratis.thirdparty.io.grpc.StatusRuntimeException: CANCELLED: cancelled before receiving half close
2019-10-15 03:46:34,071 [refreshUsed-/workdir/hadoop-ozone/integration-test/target/test-dir/MiniOzoneClusterImpl-b3c4100e-e893-4c02-8028-cfd5e9dd125a/datanode-3/data/containers] WARN  fs.CachingGetSpaceUsed (CachingGetSpaceUsed.java:run(183)) - Thread Interrupted waiting to refresh disk information: sleep interrupted
2019-10-15 03:46:34,082 [main] INFO  utils.BackgroundService (BackgroundService.java:shutdown(151)) - Shutting down service BlockDeletingService
2019-10-15 03:46:34,085 [main] INFO  statemachine.DatanodeStateMachine (DatanodeStateMachine.java:stopDaemon(395)) - Ozone container server stopped.
2019-10-15 03:46:34,086 [main] INFO  handler.ContextHandler (ContextHandler.java:doStop(910)) - Stopped o.e.j.w.WebAppContext@45acdd11{/,null,UNAVAILABLE}{/hddsDatanode}
2019-10-15 03:46:34,087 [main] INFO  server.AbstractConnector (AbstractConnector.java:doStop(318)) - Stopped ServerConnector@3f0d6038{HTTP/1.1,[http/1.1]}{0.0.0.0:0}
2019-10-15 03:46:34,087 [main] INFO  handler.ContextHandler (ContextHandler.java:doStop(910)) - Stopped o.e.j.s.ServletContextHandler@1fb2d5e{/static,jar:file:/home/user/.m2/repository/org/apache/hadoop/hadoop-hdds-container-service/0.5.0-SNAPSHOT/hadoop-hdds-container-service-0.5.0-SNAPSHOT.jar!/webapps/static,UNAVAILABLE}
2019-10-15 03:46:34,088 [main] INFO  handler.ContextHandler (ContextHandler.java:doStop(910)) - Stopped o.e.j.s.ServletContextHandler@102c577f{/logs,file:///workdir/hadoop-ozone/integration-test/target/log,UNAVAILABLE}
2019-10-15 03:46:34,115 [Datanode State Machine Thread - 0] INFO  statemachine.DatanodeStateMachine (DatanodeStateMachine.java:lambda$startDaemon$0(350)) - Ozone container server started.
2019-10-15 03:46:34,115 [Datanode State Machine Thread - 0] INFO  statemachine.DatanodeStateMachine (DatanodeStateMachine.java:lambda$startDaemon$0(350)) - Ozone container server started.
2019-10-15 03:46:38,159 [EventQueue-StaleNodeForStaleNodeHandler] INFO  node.StaleNodeHandler (StaleNodeHandler.java:onMessage(58)) - Datanode a3cf3edf-f522-422d-92e1-14c85e0bb804{ip: 192.168.151.96, host: pr-hdds-2194-5wssm-2368079274, networkLocation: /default-rack, certSerialId: null} moved to stale state. Finalizing its pipelines [PipelineID=b2d2aebc-e333-4852-b903-6ae6cfdc5292, PipelineID=5b9c627a-af16-4934-b745-3a36c33532c9]
2019-10-15 03:46:38,160 [EventQueue-StaleNodeForStaleNodeHandler] INFO  pipeline.SCMPipelineManager (SCMPipelineManager.java:finalizeAndDestroyPipeline(315)) - destroying pipeline:Pipeline[ Id: b2d2aebc-e333-4852-b903-6ae6cfdc5292, Nodes: f095ffe7-dd78-4a83-a1e3-b07de5750b91{ip: 192.168.151.96, host: pr-hdds-2194-5wssm-2368079274, networkLocation: /default-rack, certSerialId: null}a3cf3edf-f522-422d-92e1-14c85e0bb804{ip: 192.168.151.96, host: pr-hdds-2194-5wssm-2368079274, networkLocation: /default-rack, certSerialId: null}414c303c-c4ef-43c7-bcb9-fd9e84137571{ip: 192.168.151.96, host: pr-hdds-2194-5wssm-2368079274, networkLocation: /default-rack, certSerialId: null}, Type:RATIS, Factor:THREE, State:OPEN]
2019-10-15 03:46:38,160 [EventQueue-StaleNodeForStaleNodeHandler] INFO  pipeline.PipelineStateManager (PipelineStateManager.java:finalizePipeline(123)) - Pipeline Pipeline[ Id: b2d2aebc-e333-4852-b903-6ae6cfdc5292, Nodes: f095ffe7-dd78-4a83-a1e3-b07de5750b91{ip: 192.168.151.96, host: pr-hdds-2194-5wssm-2368079274, networkLocation: /default-rack, certSerialId: null}a3cf3edf-f522-422d-92e1-14c85e0bb804{ip: 192.168.151.96, host: pr-hdds-2194-5wssm-2368079274, networkLocation: /default-rack, certSerialId: null}414c303c-c4ef-43c7-bcb9-fd9e84137571{ip: 192.168.151.96, host: pr-hdds-2194-5wssm-2368079274, networkLocation: /default-rack, certSerialId: null}, Type:RATIS, Factor:THREE, State:CLOSED] moved to CLOSED state
2019-10-15 03:46:38,160 [EventQueue-CloseContainerForCloseContainerEventHandler] INFO  container.CloseContainerEventHandler (CloseContainerEventHandler.java:onMessage(61)) - Close container Event triggered for container : #2
2019-10-15 03:46:38,162 [EventQueue-StaleNodeForStaleNodeHandler] INFO  pipeline.SCMPipelineManager (SCMPipelineManager.java:finalizeAndDestroyPipeline(315)) - destroying pipeline:Pipeline[ Id: 5b9c627a-af16-4934-b745-3a36c33532c9, Nodes: a3cf3edf-f522-422d-92e1-14c85e0bb804{ip: 192.168.151.96, host: pr-hdds-2194-5wssm-2368079274, networkLocation: /default-rack, certSerialId: null}, Type:RATIS, Factor:ONE, State:OPEN]
2019-10-15 03:46:38,164 [EventQueue-StaleNodeForStaleNodeHandler] INFO  pipeline.PipelineStateManager (PipelineStateManager.java:finalizePipeline(123)) - Pipeline Pipeline[ Id: 5b9c627a-af16-4934-b745-3a36c33532c9, Nodes: a3cf3edf-f522-422d-92e1-14c85e0bb804{ip: 192.168.151.96, host: pr-hdds-2194-5wssm-2368079274, networkLocation: /default-rack, certSerialId: null}, Type:RATIS, Factor:ONE, State:CLOSED] moved to CLOSED state
2019-10-15 03:46:38,164 [EventQueue-StaleNodeForStaleNodeHandler] INFO  node.StaleNodeHandler (StaleNodeHandler.java:onMessage(58)) - Datanode 414c303c-c4ef-43c7-bcb9-fd9e84137571{ip: 192.168.151.96, host: pr-hdds-2194-5wssm-2368079274, networkLocation: /default-rack, certSerialId: null} moved to stale state. Finalizing its pipelines [PipelineID=b2d2aebc-e333-4852-b903-6ae6cfdc5292, PipelineID=0a759cd7-30ed-4859-b164-bc9c29da6bbe]
2019-10-15 03:46:38,164 [EventQueue-StaleNodeForStaleNodeHandler] INFO  pipeline.SCMPipelineManager (SCMPipelineManager.java:finalizeAndDestroyPipeline(315)) - destroying pipeline:Pipeline[ Id: b2d2aebc-e333-4852-b903-6ae6cfdc5292, Nodes: f095ffe7-dd78-4a83-a1e3-b07de5750b91{ip: 192.168.151.96, host: pr-hdds-2194-5wssm-2368079274, networkLocation: /default-rack, certSerialId: null}a3cf3edf-f522-422d-92e1-14c85e0bb804{ip: 192.168.151.96, host: pr-hdds-2194-5wssm-2368079274, networkLocation: /default-rack, certSerialId: null}414c303c-c4ef-43c7-bcb9-fd9e84137571{ip: 192.168.151.96, host: pr-hdds-2194-5wssm-2368079274, networkLocation: /default-rack, certSerialId: null}, Type:RATIS, Factor:THREE, State:CLOSED]
2019-10-15 03:46:38,165 [EventQueue-StaleNodeForStaleNodeHandler] INFO  pipeline.SCMPipelineManager (SCMPipelineManager.java:finalizeAndDestroyPipeline(315)) - destroying pipeline:Pipeline[ Id: 0a759cd7-30ed-4859-b164-bc9c29da6bbe, Nodes: 414c303c-c4ef-43c7-bcb9-fd9e84137571{ip: 192.168.151.96, host: pr-hdds-2194-5wssm-2368079274, networkLocation: /default-rack, certSerialId: null}, Type:RATIS, Factor:ONE, State:OPEN]
2019-10-15 03:46:38,165 [EventQueue-StaleNodeForStaleNodeHandler] INFO  pipeline.PipelineStateManager (PipelineStateManager.java:finalizePipeline(123)) - Pipeline Pipeline[ Id: 0a759cd7-30ed-4859-b164-bc9c29da6bbe, Nodes: 414c303c-c4ef-43c7-bcb9-fd9e84137571{ip: 192.168.151.96, host: pr-hdds-2194-5wssm-2368079274, networkLocation: /default-rack, certSerialId: null}, Type:RATIS, Factor:ONE, State:CLOSED] moved to CLOSED state
2019-10-15 03:46:39,050 [ForkJoinPool.commonPool-worker-1] INFO  ozoneimpl.OzoneContainer (OzoneContainer.java:stop(227)) - Attempting to stop container services.
2019-10-15 03:46:39,052 [ForkJoinPool.commonPool-worker-1] INFO  impl.RaftServerProxy (RaftServerProxy.java:lambda$close$4(314)) - a3cf3edf-f522-422d-92e1-14c85e0bb804: close
2019-10-15 03:46:39,053 [ForkJoinPool.commonPool-worker-1] INFO  impl.RaftServerImpl (RaftServerImpl.java:lambda$shutdown$3(247)) - a3cf3edf-f522-422d-92e1-14c85e0bb804@group-6AE6CFDC5292: shutdown
2019-10-15 03:46:39,053 [ForkJoinPool.commonPool-worker-1] INFO  util.JmxRegister (JmxRegister.java:unregister(73)) - Successfully un-registered JMX Bean with object name Ratis:service=RaftServer,group=group-6AE6CFDC5292,id=a3cf3edf-f522-422d-92e1-14c85e0bb804
2019-10-15 03:46:39,054 [ForkJoinPool.commonPool-worker-1] INFO  impl.RoleInfo (RoleInfo.java:shutdownLeaderState(104)) - a3cf3edf-f522-422d-92e1-14c85e0bb804: shutdown LeaderState
2019-10-15 03:46:39,057 [org.apache.ratis.server.impl.LogAppender$AppenderDaemon$$Lambda$523/1433506113@565206f4] WARN  server.GrpcLogAppender (GrpcLogAppender.java:mayWait(143)) - a3cf3edf-f522-422d-92e1-14c85e0bb804@group-6AE6CFDC5292->f095ffe7-dd78-4a83-a1e3-b07de5750b91-GrpcLogAppender: Wait interrupted by java.lang.InterruptedException
2019-10-15 03:46:39,057 [ForkJoinPool.commonPool-worker-1] INFO  impl.PendingRequests (PendingRequests.java:sendNotLeaderResponses(202)) - a3cf3edf-f522-422d-92e1-14c85e0bb804@group-6AE6CFDC5292-PendingRequests: sendNotLeaderResponses
2019-10-15 03:46:39,057 [org.apache.ratis.server.impl.LogAppender$AppenderDaemon$$Lambda$523/1433506113@8289915] WARN  server.GrpcLogAppender (GrpcLogAppender.java:mayWait(143)) - a3cf3edf-f522-422d-92e1-14c85e0bb804@group-6AE6CFDC5292->414c303c-c4ef-43c7-bcb9-fd9e84137571-GrpcLogAppender: Wait interrupted by java.lang.InterruptedException
2019-10-15 03:46:39,061 [ForkJoinPool.commonPool-worker-1] INFO  impl.StateMachineUpdater (StateMachineUpdater.java:stopAndJoin(136)) - a3cf3edf-f522-422d-92e1-14c85e0bb804@group-6AE6CFDC5292-StateMachineUpdater: set stopIndex = 15
2019-10-15 03:46:39,061 [a3cf3edf-f522-422d-92e1-14c85e0bb804@group-6AE6CFDC5292-StateMachineUpdater] INFO  ratis.ContainerStateMachine (ContainerStateMachine.java:takeSnapshot(294)) - group-6AE6CFDC5292: Taking a snapshot at:(t:1, i:13) file /workdir/hadoop-ozone/integration-test/target/test-dir/MiniOzoneClusterImpl-b3c4100e-e893-4c02-8028-cfd5e9dd125a/datanode-0/data/ratis/b2d2aebc-e333-4852-b903-6ae6cfdc5292/sm/snapshot.1_13
2019-10-15 03:46:39,062 [grpc-default-executor-5] INFO  server.GrpcServerProtocolService (GrpcServerProtocolService.java:onCompleted(113)) - 414c303c-c4ef-43c7-bcb9-fd9e84137571: Completed APPEND_ENTRIES, lastRequest: a3cf3edf-f522-422d-92e1-14c85e0bb804->414c303c-c4ef-43c7-bcb9-fd9e84137571#24-t1, previous=(t:1, i:15), leaderCommit=15, initializing? false, entries: <empty>
2019-10-15 03:46:39,062 [grpc-default-executor-2] INFO  server.GrpcServerProtocolService (GrpcServerProtocolService.java:onCompleted(113)) - f095ffe7-dd78-4a83-a1e3-b07de5750b91: Completed APPEND_ENTRIES, lastRequest: a3cf3edf-f522-422d-92e1-14c85e0bb804->f095ffe7-dd78-4a83-a1e3-b07de5750b91#24-t1, previous=(t:1, i:15), leaderCommit=15, initializing? false, entries: <empty>
2019-10-15 03:46:39,065 [grpc-default-executor-2] INFO  server.GrpcLogAppender (GrpcLogAppender.java:onCompleted(293)) - a3cf3edf-f522-422d-92e1-14c85e0bb804@group-6AE6CFDC5292->f095ffe7-dd78-4a83-a1e3-b07de5750b91-AppendLogResponseHandler: follower responses appendEntries COMPLETED
2019-10-15 03:46:39,065 [grpc-default-executor-3] INFO  server.GrpcLogAppender (GrpcLogAppender.java:onCompleted(293)) - a3cf3edf-f522-422d-92e1-14c85e0bb804@group-6AE6CFDC5292->414c303c-c4ef-43c7-bcb9-fd9e84137571-AppendLogResponseHandler: follower responses appendEntries COMPLETED
2019-10-15 03:46:39,071 [grpc-default-executor-2] INFO  impl.FollowerInfo (FollowerInfo.java:lambda$new$0(51)) - a3cf3edf-f522-422d-92e1-14c85e0bb804@group-6AE6CFDC5292->f095ffe7-dd78-4a83-a1e3-b07de5750b91: nextIndex: updateUnconditionally 16 -> 15
2019-10-15 03:46:39,071 [grpc-default-executor-3] INFO  impl.FollowerInfo (FollowerInfo.java:lambda$new$0(51)) - a3cf3edf-f522-422d-92e1-14c85e0bb804@group-6AE6CFDC5292->414c303c-c4ef-43c7-bcb9-fd9e84137571: nextIndex: updateUnconditionally 16 -> 15
2019-10-15 03:46:39,089 [main] INFO  ozoneimpl.OzoneContainer (OzoneContainer.java:stop(227)) - Attempting to stop container services.
2019-10-15 03:46:39,090 [main] INFO  impl.RaftServerProxy (RaftServerProxy.java:lambda$close$4(314)) - 414c303c-c4ef-43c7-bcb9-fd9e84137571: close
2019-10-15 03:46:39,091 [main] INFO  impl.RaftServerImpl (RaftServerImpl.java:lambda$shutdown$3(247)) - 414c303c-c4ef-43c7-bcb9-fd9e84137571@group-6AE6CFDC5292: shutdown
2019-10-15 03:46:39,091 [main] INFO  util.JmxRegister (JmxRegister.java:unregister(73)) - Successfully un-registered JMX Bean with object name Ratis:service=RaftServer,group=group-6AE6CFDC5292,id=414c303c-c4ef-43c7-bcb9-fd9e84137571
2019-10-15 03:46:39,092 [main] INFO  impl.RoleInfo (RoleInfo.java:shutdownFollowerState(121)) - 414c303c-c4ef-43c7-bcb9-fd9e84137571: shutdown FollowerState
2019-10-15 03:46:39,092 [main] INFO  impl.StateMachineUpdater (StateMachineUpdater.java:stopAndJoin(136)) - 414c303c-c4ef-43c7-bcb9-fd9e84137571@group-6AE6CFDC5292-StateMachineUpdater: set stopIndex = 15
2019-10-15 03:46:39,092 [414c303c-c4ef-43c7-bcb9-fd9e84137571@group-6AE6CFDC5292-StateMachineUpdater] INFO  ratis.ContainerStateMachine (ContainerStateMachine.java:takeSnapshot(294)) - group-6AE6CFDC5292: Taking a snapshot at:(t:1, i:15) file /workdir/hadoop-ozone/integration-test/target/test-dir/MiniOzoneClusterImpl-b3c4100e-e893-4c02-8028-cfd5e9dd125a/datanode-6/data/ratis/b2d2aebc-e333-4852-b903-6ae6cfdc5292/sm/snapshot.1_15
2019-10-15 03:46:39,092 [Thread-322] INFO  impl.FollowerState (FollowerState.java:run(117)) - 414c303c-c4ef-43c7-bcb9-fd9e84137571@group-6AE6CFDC5292-FollowerState was interrupted: java.lang.InterruptedException: sleep interrupted
2019-10-15 03:46:39,111 [a3cf3edf-f522-422d-92e1-14c85e0bb804@group-6AE6CFDC5292-StateMachineUpdater] INFO  ratis.ContainerStateMachine (ContainerStateMachine.java:takeSnapshot(305)) - group-6AE6CFDC5292: Finished taking a snapshot at:(t:1, i:13) file:/workdir/hadoop-ozone/integration-test/target/test-dir/MiniOzoneClusterImpl-b3c4100e-e893-4c02-8028-cfd5e9dd125a/datanode-0/data/ratis/b2d2aebc-e333-4852-b903-6ae6cfdc5292/sm/snapshot.1_13 time:51
2019-10-15 03:46:39,111 [a3cf3edf-f522-422d-92e1-14c85e0bb804@group-6AE6CFDC5292-StateMachineUpdater] INFO  impl.StateMachineUpdater (StateMachineUpdater.java:takeSnapshot(269)) - a3cf3edf-f522-422d-92e1-14c85e0bb804@group-6AE6CFDC5292-StateMachineUpdater: Took a snapshot at index 13
2019-10-15 03:46:39,111 [a3cf3edf-f522-422d-92e1-14c85e0bb804@group-6AE6CFDC5292-StateMachineUpdater] INFO  impl.StateMachineUpdater (StateMachineUpdater.java:lambda$new$0(84)) - a3cf3edf-f522-422d-92e1-14c85e0bb804@group-6AE6CFDC5292-StateMachineUpdater: snapshotIndex: updateIncreasingly -1 -> 13
2019-10-15 03:46:39,112 [a3cf3edf-f522-422d-92e1-14c85e0bb804@group-6AE6CFDC5292-StateMachineUpdater] INFO  ratis.ContainerStateMachine (ContainerStateMachine.java:takeSnapshot(294)) - group-6AE6CFDC5292: Taking a snapshot at:(t:1, i:13) file /workdir/hadoop-ozone/integration-test/target/test-dir/MiniOzoneClusterImpl-b3c4100e-e893-4c02-8028-cfd5e9dd125a/datanode-0/data/ratis/b2d2aebc-e333-4852-b903-6ae6cfdc5292/sm/snapshot.1_13
2019-10-15 03:46:39,146 [a3cf3edf-f522-422d-92e1-14c85e0bb804@group-6AE6CFDC5292-StateMachineUpdater] INFO  ratis.ContainerStateMachine (ContainerStateMachine.java:takeSnapshot(305)) - group-6AE6CFDC5292: Finished taking a snapshot at:(t:1, i:13) file:/workdir/hadoop-ozone/integration-test/target/test-dir/MiniOzoneClusterImpl-b3c4100e-e893-4c02-8028-cfd5e9dd125a/datanode-0/data/ratis/b2d2aebc-e333-4852-b903-6ae6cfdc5292/sm/snapshot.1_13 time:34
2019-10-15 03:46:39,146 [414c303c-c4ef-43c7-bcb9-fd9e84137571@group-6AE6CFDC5292-StateMachineUpdater] INFO  ratis.ContainerStateMachine (ContainerStateMachine.java:takeSnapshot(305)) - group-6AE6CFDC5292: Finished taking a snapshot at:(t:1, i:15) file:/workdir/hadoop-ozone/integration-test/target/test-dir/MiniOzoneClusterImpl-b3c4100e-e893-4c02-8028-cfd5e9dd125a/datanode-6/data/ratis/b2d2aebc-e333-4852-b903-6ae6cfdc5292/sm/snapshot.1_15 time:53
2019-10-15 03:46:39,146 [a3cf3edf-f522-422d-92e1-14c85e0bb804@group-6AE6CFDC5292-StateMachineUpdater] INFO  impl.StateMachineUpdater (StateMachineUpdater.java:takeSnapshot(269)) - a3cf3edf-f522-422d-92e1-14c85e0bb804@group-6AE6CFDC5292-StateMachineUpdater: Took a snapshot at index 13
2019-10-15 03:46:39,146 [a3cf3edf-f522-422d-92e1-14c85e0bb804@group-6AE6CFDC5292-StateMachineUpdater] INFO  impl.StateMachineUpdater (StateMachineUpdater.java:lambda$new$0(84)) - a3cf3edf-f522-422d-92e1-14c85e0bb804@group-6AE6CFDC5292-StateMachineUpdater: snapshotIndex: updateIncreasingly 13 -> 13
2019-10-15 03:46:39,146 [414c303c-c4ef-43c7-bcb9-fd9e84137571@group-6AE6CFDC5292-StateMachineUpdater] INFO  impl.StateMachineUpdater (StateMachineUpdater.java:takeSnapshot(269)) - 414c303c-c4ef-43c7-bcb9-fd9e84137571@group-6AE6CFDC5292-StateMachineUpdater: Took a snapshot at index 15
2019-10-15 03:46:39,146 [414c303c-c4ef-43c7-bcb9-fd9e84137571@group-6AE6CFDC5292-StateMachineUpdater] INFO  impl.StateMachineUpdater (StateMachineUpdater.java:lambda$new$0(84)) - 414c303c-c4ef-43c7-bcb9-fd9e84137571@group-6AE6CFDC5292-StateMachineUpdater: snapshotIndex: updateIncreasingly -1 -> 15
2019-10-15 03:46:39,146 [ForkJoinPool.commonPool-worker-1] INFO  impl.RaftServerImpl (ServerState.java:close(387)) - a3cf3edf-f522-422d-92e1-14c85e0bb804@group-6AE6CFDC5292: closes. applyIndex: 15
2019-10-15 03:46:39,147 [main] INFO  impl.RaftServerImpl (ServerState.java:close(387)) - 414c303c-c4ef-43c7-bcb9-fd9e84137571@group-6AE6CFDC5292: closes. applyIndex: 15
2019-10-15 03:46:39,147 [a3cf3edf-f522-422d-92e1-14c85e0bb804@group-6AE6CFDC5292-SegmentedRaftLogWorker] INFO  segmented.SegmentedRaftLogWorker (SegmentedRaftLogWorker.java:run(316)) - a3cf3edf-f522-422d-92e1-14c85e0bb804@group-6AE6CFDC5292-SegmentedRaftLogWorker was interrupted, exiting. There are 0 tasks remaining in the queue.
2019-10-15 03:46:39,148 [414c303c-c4ef-43c7-bcb9-fd9e84137571@group-6AE6CFDC5292-SegmentedRaftLogWorker] INFO  segmented.SegmentedRaftLogWorker (SegmentedRaftLogWorker.java:run(316)) - 414c303c-c4ef-43c7-bcb9-fd9e84137571@group-6AE6CFDC5292-SegmentedRaftLogWorker was interrupted, exiting. There are 0 tasks remaining in the queue.
2019-10-15 03:46:39,148 [ForkJoinPool.commonPool-worker-1] INFO  segmented.SegmentedRaftLogWorker (SegmentedRaftLogWorker.java:close(224)) - a3cf3edf-f522-422d-92e1-14c85e0bb804@group-6AE6CFDC5292-SegmentedRaftLogWorker close()
2019-10-15 03:46:39,150 [main] INFO  segmented.SegmentedRaftLogWorker (SegmentedRaftLogWorker.java:close(224)) - 414c303c-c4ef-43c7-bcb9-fd9e84137571@group-6AE6CFDC5292-SegmentedRaftLogWorker close()
2019-10-15 03:46:39,151 [ForkJoinPool.commonPool-worker-1] INFO  impl.RaftServerImpl (RaftServerImpl.java:lambda$shutdown$3(247)) - a3cf3edf-f522-422d-92e1-14c85e0bb804@group-3A36C33532C9: shutdown
2019-10-15 03:46:39,153 [main] INFO  impl.RaftServerImpl (RaftServerImpl.java:lambda$shutdown$3(247)) - 414c303c-c4ef-43c7-bcb9-fd9e84137571@group-BC9C29DA6BBE: shutdown
2019-10-15 03:46:39,153 [ForkJoinPool.commonPool-worker-1] INFO  util.JmxRegister (JmxRegister.java:unregister(73)) - Successfully un-registered JMX Bean with object name Ratis:service=RaftServer,group=group-3A36C33532C9,id=a3cf3edf-f522-422d-92e1-14c85e0bb804
2019-10-15 03:46:39,154 [main] INFO  util.JmxRegister (JmxRegister.java:unregister(73)) - Successfully un-registered JMX Bean with object name Ratis:service=RaftServer,group=group-BC9C29DA6BBE,id=414c303c-c4ef-43c7-bcb9-fd9e84137571
2019-10-15 03:46:39,154 [ForkJoinPool.commonPool-worker-1] INFO  impl.RoleInfo (RoleInfo.java:shutdownLeaderState(104)) - a3cf3edf-f522-422d-92e1-14c85e0bb804: shutdown LeaderState
2019-10-15 03:46:39,154 [main] INFO  impl.RoleInfo (RoleInfo.java:shutdownLeaderState(104)) - 414c303c-c4ef-43c7-bcb9-fd9e84137571: shutdown LeaderState
2019-10-15 03:46:39,154 [ForkJoinPool.commonPool-worker-1] INFO  impl.PendingRequests (PendingRequests.java:sendNotLeaderResponses(202)) - a3cf3edf-f522-422d-92e1-14c85e0bb804@group-3A36C33532C9-PendingRequests: sendNotLeaderResponses
2019-10-15 03:46:39,155 [main] INFO  impl.PendingRequests (PendingRequests.java:sendNotLeaderResponses(202)) - 414c303c-c4ef-43c7-bcb9-fd9e84137571@group-BC9C29DA6BBE-PendingRequests: sendNotLeaderResponses
2019-10-15 03:46:39,155 [ForkJoinPool.commonPool-worker-1] INFO  impl.StateMachineUpdater (StateMachineUpdater.java:stopAndJoin(136)) - a3cf3edf-f522-422d-92e1-14c85e0bb804@group-3A36C33532C9-StateMachineUpdater: set stopIndex = 0
2019-10-15 03:46:39,155 [main] INFO  impl.StateMachineUpdater (StateMachineUpdater.java:stopAndJoin(136)) - 414c303c-c4ef-43c7-bcb9-fd9e84137571@group-BC9C29DA6BBE-StateMachineUpdater: set stopIndex = 0
2019-10-15 03:46:39,156 [ForkJoinPool.commonPool-worker-1] INFO  impl.RaftServerImpl (ServerState.java:close(387)) - a3cf3edf-f522-422d-92e1-14c85e0bb804@group-3A36C33532C9: closes. applyIndex: 0
2019-10-15 03:46:39,156 [main] INFO  impl.RaftServerImpl (ServerState.java:close(387)) - 414c303c-c4ef-43c7-bcb9-fd9e84137571@group-BC9C29DA6BBE: closes. applyIndex: 0
2019-10-15 03:46:39,156 [a3cf3edf-f522-422d-92e1-14c85e0bb804@group-3A36C33532C9-SegmentedRaftLogWorker] INFO  segmented.SegmentedRaftLogWorker (SegmentedRaftLogWorker.java:run(316)) - a3cf3edf-f522-422d-92e1-14c85e0bb804@group-3A36C33532C9-SegmentedRaftLogWorker was interrupted, exiting. There are 0 tasks remaining in the queue.
2019-10-15 03:46:39,156 [414c303c-c4ef-43c7-bcb9-fd9e84137571@group-BC9C29DA6BBE-SegmentedRaftLogWorker] INFO  segmented.SegmentedRaftLogWorker (SegmentedRaftLogWorker.java:run(316)) - 414c303c-c4ef-43c7-bcb9-fd9e84137571@group-BC9C29DA6BBE-SegmentedRaftLogWorker was interrupted, exiting. There are 0 tasks remaining in the queue.
2019-10-15 03:46:39,158 [ForkJoinPool.commonPool-worker-1] INFO  segmented.SegmentedRaftLogWorker (SegmentedRaftLogWorker.java:close(224)) - a3cf3edf-f522-422d-92e1-14c85e0bb804@group-3A36C33532C9-SegmentedRaftLogWorker close()
2019-10-15 03:46:39,163 [main] INFO  segmented.SegmentedRaftLogWorker (SegmentedRaftLogWorker.java:close(224)) - 414c303c-c4ef-43c7-bcb9-fd9e84137571@group-BC9C29DA6BBE-SegmentedRaftLogWorker close()
2019-10-15 03:46:39,164 [ForkJoinPool.commonPool-worker-1] INFO  server.GrpcService (GrpcService.java:closeImpl(164)) - a3cf3edf-f522-422d-92e1-14c85e0bb804: shutdown server with port 46434 now
2019-10-15 03:46:39,165 [main] INFO  server.GrpcService (GrpcService.java:closeImpl(164)) - 414c303c-c4ef-43c7-bcb9-fd9e84137571: shutdown server with port 46476 now
2019-10-15 03:46:39,166 [main] INFO  server.GrpcService (GrpcService.java:closeImpl(172)) - 414c303c-c4ef-43c7-bcb9-fd9e84137571: shutdown server with port 46476 successfully
2019-10-15 03:46:39,167 [grpc-default-executor-2] WARN  client.GrpcClientProtocolService (LogUtils.java:warn(134)) - 1-UnorderedRequestStreamObserver1: onError: org.apache.ratis.thirdparty.io.grpc.StatusRuntimeException: CANCELLED: cancelled before receiving half close
2019-10-15 03:46:39,168 [ForkJoinPool.commonPool-worker-1] INFO  server.GrpcService (GrpcService.java:closeImpl(172)) - a3cf3edf-f522-422d-92e1-14c85e0bb804: shutdown server with port 46434 successfully
2019-10-15 03:46:39,172 [refreshUsed-/workdir/hadoop-ozone/integration-test/target/test-dir/MiniOzoneClusterImpl-b3c4100e-e893-4c02-8028-cfd5e9dd125a/datanode-6/data/containers] WARN  fs.CachingGetSpaceUsed (CachingGetSpaceUsed.java:run(183)) - Thread Interrupted waiting to refresh disk information: sleep interrupted
2019-10-15 03:46:39,177 [refreshUsed-/workdir/hadoop-ozone/integration-test/target/test-dir/MiniOzoneClusterImpl-b3c4100e-e893-4c02-8028-cfd5e9dd125a/datanode-0/data/containers] WARN  fs.CachingGetSpaceUsed (CachingGetSpaceUsed.java:run(183)) - Thread Interrupted waiting to refresh disk information: sleep interrupted
2019-10-15 03:46:39,191 [main] INFO  utils.BackgroundService (BackgroundService.java:shutdown(151)) - Shutting down service BlockDeletingService
2019-10-15 03:46:39,194 [main] INFO  statemachine.DatanodeStateMachine (DatanodeStateMachine.java:stopDaemon(395)) - Ozone container server stopped.
2019-10-15 03:46:39,195 [main] INFO  handler.ContextHandler (ContextHandler.java:doStop(910)) - Stopped o.e.j.w.WebAppContext@d277579{/,null,UNAVAILABLE}{/hddsDatanode}
2019-10-15 03:46:39,196 [main] INFO  server.AbstractConnector (AbstractConnector.java:doStop(318)) - Stopped ServerConnector@5db6b845{HTTP/1.1,[http/1.1]}{0.0.0.0:0}
2019-10-15 03:46:39,196 [main] INFO  handler.ContextHandler (ContextHandler.java:doStop(910)) - Stopped o.e.j.s.ServletContextHandler@3e3315d9{/static,jar:file:/home/user/.m2/repository/org/apache/hadoop/hadoop-hdds-container-service/0.5.0-SNAPSHOT/hadoop-hdds-container-service-0.5.0-SNAPSHOT.jar!/webapps/static,UNAVAILABLE}
2019-10-15 03:46:39,196 [ForkJoinPool.commonPool-worker-1] INFO  utils.BackgroundService (BackgroundService.java:shutdown(151)) - Shutting down service BlockDeletingService
2019-10-15 03:46:39,197 [main] INFO  handler.ContextHandler (ContextHandler.java:doStop(910)) - Stopped o.e.j.s.ServletContextHandler@a2341c6{/logs,file:///workdir/hadoop-ozone/integration-test/target/log,UNAVAILABLE}
2019-10-15 03:46:39,199 [ForkJoinPool.commonPool-worker-1] INFO  statemachine.DatanodeStateMachine (DatanodeStateMachine.java:stopDaemon(395)) - Ozone container server stopped.
2019-10-15 03:46:39,202 [ForkJoinPool.commonPool-worker-1] INFO  handler.ContextHandler (ContextHandler.java:doStop(910)) - Stopped o.e.j.w.WebAppContext@22a6e998{/,null,UNAVAILABLE}{/hddsDatanode}
2019-10-15 03:46:39,202 [ForkJoinPool.commonPool-worker-1] INFO  server.AbstractConnector (AbstractConnector.java:doStop(318)) - Stopped ServerConnector@55e42449{HTTP/1.1,[http/1.1]}{0.0.0.0:0}
2019-10-15 03:46:39,203 [ForkJoinPool.commonPool-worker-1] INFO  handler.ContextHandler (ContextHandler.java:doStop(910)) - Stopped o.e.j.s.ServletContextHandler@476fe690{/static,jar:file:/home/user/.m2/repository/org/apache/hadoop/hadoop-hdds-container-service/0.5.0-SNAPSHOT/hadoop-hdds-container-service-0.5.0-SNAPSHOT.jar!/webapps/static,UNAVAILABLE}
2019-10-15 03:46:39,204 [ForkJoinPool.commonPool-worker-1] INFO  handler.ContextHandler (ContextHandler.java:doStop(910)) - Stopped o.e.j.s.ServletContextHandler@65b97f47{/logs,file:///workdir/hadoop-ozone/integration-test/target/log,UNAVAILABLE}
2019-10-15 03:46:40,115 [Datanode State Machine Thread - 0] INFO  statemachine.DatanodeStateMachine (DatanodeStateMachine.java:lambda$startDaemon$0(350)) - Ozone container server started.
2019-10-15 03:46:44,173 [EventQueue-StaleNodeForStaleNodeHandler] INFO  node.StaleNodeHandler (StaleNodeHandler.java:onMessage(58)) - Datanode f095ffe7-dd78-4a83-a1e3-b07de5750b91{ip: 192.168.151.96, host: pr-hdds-2194-5wssm-2368079274, networkLocation: /default-rack, certSerialId: null} moved to stale state. Finalizing its pipelines [PipelineID=b2d2aebc-e333-4852-b903-6ae6cfdc5292, PipelineID=9e1a1246-6662-4e36-b8e6-c97196a71895]
2019-10-15 03:46:44,173 [EventQueue-StaleNodeForStaleNodeHandler] INFO  pipeline.SCMPipelineManager (SCMPipelineManager.java:finalizeAndDestroyPipeline(315)) - destroying pipeline:Pipeline[ Id: b2d2aebc-e333-4852-b903-6ae6cfdc5292, Nodes: f095ffe7-dd78-4a83-a1e3-b07de5750b91{ip: 192.168.151.96, host: pr-hdds-2194-5wssm-2368079274, networkLocation: /default-rack, certSerialId: null}a3cf3edf-f522-422d-92e1-14c85e0bb804{ip: 192.168.151.96, host: pr-hdds-2194-5wssm-2368079274, networkLocation: /default-rack, certSerialId: null}414c303c-c4ef-43c7-bcb9-fd9e84137571{ip: 192.168.151.96, host: pr-hdds-2194-5wssm-2368079274, networkLocation: /default-rack, certSerialId: null}, Type:RATIS, Factor:THREE, State:CLOSED]
2019-10-15 03:46:44,174 [EventQueue-StaleNodeForStaleNodeHandler] INFO  pipeline.SCMPipelineManager (SCMPipelineManager.java:finalizeAndDestroyPipeline(315)) - destroying pipeline:Pipeline[ Id: 9e1a1246-6662-4e36-b8e6-c97196a71895, Nodes: f095ffe7-dd78-4a83-a1e3-b07de5750b91{ip: 192.168.151.96, host: pr-hdds-2194-5wssm-2368079274, networkLocation: /default-rack, certSerialId: null}, Type:RATIS, Factor:ONE, State:OPEN]
2019-10-15 03:46:44,174 [EventQueue-StaleNodeForStaleNodeHandler] INFO  pipeline.PipelineStateManager (PipelineStateManager.java:finalizePipeline(123)) - Pipeline Pipeline[ Id: 9e1a1246-6662-4e36-b8e6-c97196a71895, Nodes: f095ffe7-dd78-4a83-a1e3-b07de5750b91{ip: 192.168.151.96, host: pr-hdds-2194-5wssm-2368079274, networkLocation: /default-rack, certSerialId: null}, Type:RATIS, Factor:ONE, State:CLOSED] moved to CLOSED state
2019-10-15 03:46:44,201 [main] INFO  ozoneimpl.OzoneContainer (OzoneContainer.java:stop(227)) - Attempting to stop container services.
2019-10-15 03:46:44,203 [main] INFO  impl.RaftServerProxy (RaftServerProxy.java:lambda$close$4(314)) - f095ffe7-dd78-4a83-a1e3-b07de5750b91: close
2019-10-15 03:46:44,203 [main] INFO  impl.RaftServerImpl (RaftServerImpl.java:lambda$shutdown$3(247)) - f095ffe7-dd78-4a83-a1e3-b07de5750b91@group-6AE6CFDC5292: shutdown
2019-10-15 03:46:44,204 [ForkJoinPool.commonPool-worker-0] INFO  impl.RaftServerImpl (RaftServerImpl.java:lambda$shutdown$3(247)) - f095ffe7-dd78-4a83-a1e3-b07de5750b91@group-C97196A71895: shutdown
2019-10-15 03:46:44,204 [main] INFO  util.JmxRegister (JmxRegister.java:unregister(73)) - Successfully un-registered JMX Bean with object name Ratis:service=RaftServer,group=group-6AE6CFDC5292,id=f095ffe7-dd78-4a83-a1e3-b07de5750b91
2019-10-15 03:46:44,204 [ForkJoinPool.commonPool-worker-0] INFO  util.JmxRegister (JmxRegister.java:unregister(73)) - Successfully un-registered JMX Bean with object name Ratis:service=RaftServer,group=group-C97196A71895,id=f095ffe7-dd78-4a83-a1e3-b07de5750b91
2019-10-15 03:46:44,204 [main] INFO  impl.RoleInfo (RoleInfo.java:shutdownFollowerState(121)) - f095ffe7-dd78-4a83-a1e3-b07de5750b91: shutdown FollowerState
2019-10-15 03:46:44,205 [ForkJoinPool.commonPool-worker-0] INFO  impl.RoleInfo (RoleInfo.java:shutdownLeaderState(104)) - f095ffe7-dd78-4a83-a1e3-b07de5750b91: shutdown LeaderState
2019-10-15 03:46:44,205 [Thread-323] INFO  impl.FollowerState (FollowerState.java:run(117)) - f095ffe7-dd78-4a83-a1e3-b07de5750b91@group-6AE6CFDC5292-FollowerState was interrupted: java.lang.InterruptedException: sleep interrupted
2019-10-15 03:46:44,205 [main] INFO  impl.StateMachineUpdater (StateMachineUpdater.java:stopAndJoin(136)) - f095ffe7-dd78-4a83-a1e3-b07de5750b91@group-6AE6CFDC5292-StateMachineUpdater: set stopIndex = 15
2019-10-15 03:46:44,206 [ForkJoinPool.commonPool-worker-0] INFO  impl.PendingRequests (PendingRequests.java:sendNotLeaderResponses(202)) - f095ffe7-dd78-4a83-a1e3-b07de5750b91@group-C97196A71895-PendingRequests: sendNotLeaderResponses
2019-10-15 03:46:44,206 [f095ffe7-dd78-4a83-a1e3-b07de5750b91@group-6AE6CFDC5292-StateMachineUpdater] INFO  ratis.ContainerStateMachine (ContainerStateMachine.java:takeSnapshot(294)) - group-6AE6CFDC5292: Taking a snapshot at:(t:1, i:15) file /workdir/hadoop-ozone/integration-test/target/test-dir/MiniOzoneClusterImpl-b3c4100e-e893-4c02-8028-cfd5e9dd125a/datanode-5/data/ratis/b2d2aebc-e333-4852-b903-6ae6cfdc5292/sm/snapshot.1_15
2019-10-15 03:46:44,206 [ForkJoinPool.commonPool-worker-0] INFO  impl.StateMachineUpdater (StateMachineUpdater.java:stopAndJoin(136)) - f095ffe7-dd78-4a83-a1e3-b07de5750b91@group-C97196A71895-StateMachineUpdater: set stopIndex = 0
2019-10-15 03:46:44,207 [ForkJoinPool.commonPool-worker-0] INFO  impl.RaftServerImpl (ServerState.java:close(387)) - f095ffe7-dd78-4a83-a1e3-b07de5750b91@group-C97196A71895: closes. applyIndex: 0
2019-10-15 03:46:44,208 [f095ffe7-dd78-4a83-a1e3-b07de5750b91@group-C97196A71895-SegmentedRaftLogWorker] INFO  segmented.SegmentedRaftLogWorker (SegmentedRaftLogWorker.java:run(316)) - f095ffe7-dd78-4a83-a1e3-b07de5750b91@group-C97196A71895-SegmentedRaftLogWorker was interrupted, exiting. There are 0 tasks remaining in the queue.
2019-10-15 03:46:44,208 [ForkJoinPool.commonPool-worker-0] INFO  segmented.SegmentedRaftLogWorker (SegmentedRaftLogWorker.java:close(224)) - f095ffe7-dd78-4a83-a1e3-b07de5750b91@group-C97196A71895-SegmentedRaftLogWorker close()
2019-10-15 03:46:44,256 [f095ffe7-dd78-4a83-a1e3-b07de5750b91@group-6AE6CFDC5292-StateMachineUpdater] INFO  ratis.ContainerStateMachine (ContainerStateMachine.java:takeSnapshot(305)) - group-6AE6CFDC5292: Finished taking a snapshot at:(t:1, i:15) file:/workdir/hadoop-ozone/integration-test/target/test-dir/MiniOzoneClusterImpl-b3c4100e-e893-4c02-8028-cfd5e9dd125a/datanode-5/data/ratis/b2d2aebc-e333-4852-b903-6ae6cfdc5292/sm/snapshot.1_15 time:51
2019-10-15 03:46:44,256 [f095ffe7-dd78-4a83-a1e3-b07de5750b91@group-6AE6CFDC5292-StateMachineUpdater] INFO  impl.StateMachineUpdater (StateMachineUpdater.java:takeSnapshot(269)) - f095ffe7-dd78-4a83-a1e3-b07de5750b91@group-6AE6CFDC5292-StateMachineUpdater: Took a snapshot at index 15
2019-10-15 03:46:44,257 [f095ffe7-dd78-4a83-a1e3-b07de5750b91@group-6AE6CFDC5292-StateMachineUpdater] INFO  impl.StateMachineUpdater (StateMachineUpdater.java:lambda$new$0(84)) - f095ffe7-dd78-4a83-a1e3-b07de5750b91@group-6AE6CFDC5292-StateMachineUpdater: snapshotIndex: updateIncreasingly -1 -> 15
2019-10-15 03:46:44,257 [main] INFO  impl.RaftServerImpl (ServerState.java:close(387)) - f095ffe7-dd78-4a83-a1e3-b07de5750b91@group-6AE6CFDC5292: closes. applyIndex: 15
2019-10-15 03:46:44,259 [f095ffe7-dd78-4a83-a1e3-b07de5750b91@group-6AE6CFDC5292-SegmentedRaftLogWorker] INFO  segmented.SegmentedRaftLogWorker (SegmentedRaftLogWorker.java:run(316)) - f095ffe7-dd78-4a83-a1e3-b07de5750b91@group-6AE6CFDC5292-SegmentedRaftLogWorker was interrupted, exiting. There are 0 tasks remaining in the queue.
2019-10-15 03:46:44,259 [main] INFO  segmented.SegmentedRaftLogWorker (SegmentedRaftLogWorker.java:close(224)) - f095ffe7-dd78-4a83-a1e3-b07de5750b91@group-6AE6CFDC5292-SegmentedRaftLogWorker close()
2019-10-15 03:46:44,260 [main] INFO  server.GrpcService (GrpcService.java:closeImpl(164)) - f095ffe7-dd78-4a83-a1e3-b07de5750b91: shutdown server with port 36545 now
2019-10-15 03:46:44,262 [main] INFO  server.GrpcService (GrpcService.java:closeImpl(172)) - f095ffe7-dd78-4a83-a1e3-b07de5750b91: shutdown server with port 36545 successfully
2019-10-15 03:46:44,267 [refreshUsed-/workdir/hadoop-ozone/integration-test/target/test-dir/MiniOzoneClusterImpl-b3c4100e-e893-4c02-8028-cfd5e9dd125a/datanode-5/data/containers] WARN  fs.CachingGetSpaceUsed (CachingGetSpaceUsed.java:run(183)) - Thread Interrupted waiting to refresh disk information: sleep interrupted
2019-10-15 03:46:44,292 [main] INFO  utils.BackgroundService (BackgroundService.java:shutdown(151)) - Shutting down service BlockDeletingService
2019-10-15 03:46:44,294 [main] INFO  statemachine.DatanodeStateMachine (DatanodeStateMachine.java:stopDaemon(395)) - Ozone container server stopped.
2019-10-15 03:46:44,298 [main] INFO  handler.ContextHandler (ContextHandler.java:doStop(910)) - Stopped o.e.j.w.WebAppContext@2a4f5433{/,null,UNAVAILABLE}{/hddsDatanode}
2019-10-15 03:46:44,299 [main] INFO  server.AbstractConnector (AbstractConnector.java:doStop(318)) - Stopped ServerConnector@6812fa3a{HTTP/1.1,[http/1.1]}{0.0.0.0:0}
2019-10-15 03:46:44,300 [main] INFO  handler.ContextHandler (ContextHandler.java:doStop(910)) - Stopped o.e.j.s.ServletContextHandler@3c83468e{/static,jar:file:/home/user/.m2/repository/org/apache/hadoop/hadoop-hdds-container-service/0.5.0-SNAPSHOT/hadoop-hdds-container-service-0.5.0-SNAPSHOT.jar!/webapps/static,UNAVAILABLE}
2019-10-15 03:46:44,301 [main] INFO  handler.ContextHandler (ContextHandler.java:doStop(910)) - Stopped o.e.j.s.ServletContextHandler@3aa41da1{/logs,file:///workdir/hadoop-ozone/integration-test/target/log,UNAVAILABLE}
2019-10-15 03:46:44,302 [main] INFO  ozone.MiniOzoneClusterImpl (MiniOzoneClusterImpl.java:stopSCM(392)) - Stopping the StorageContainerManager
2019-10-15 03:46:44,302 [main] INFO  server.StorageContainerManager (StorageContainerManager.java:stop(810)) - Stopping Replication Manager Service.
2019-10-15 03:46:44,303 [main] INFO  container.ReplicationManager (ReplicationManager.java:stop(203)) - Stopping Replication Monitor Thread.
2019-10-15 03:46:44,303 [main] INFO  server.StorageContainerManager (StorageContainerManager.java:stop(817)) - Stopping Lease Manager of the command watchers
2019-10-15 03:46:44,303 [main] INFO  server.StorageContainerManager (StorageContainerManager.java:stop(824)) - Stopping datanode service RPC server
2019-10-15 03:46:44,303 [main] INFO  server.SCMDatanodeProtocolServer (SCMDatanodeProtocolServer.java:stop(346)) - Stopping the RPC server for DataNodes
2019-10-15 03:46:44,304 [main] INFO  ipc.Server (Server.java:stop(3082)) - Stopping server on 34507
2019-10-15 03:46:44,305 [IPC Server listener on 34507] INFO  ipc.Server (Server.java:run(1185)) - Stopping IPC Server listener on 34507
2019-10-15 03:46:44,306 [IPC Server Responder] INFO  ipc.Server (Server.java:run(1319)) - Stopping IPC Server Responder
2019-10-15 03:46:44,373 [SCM Heartbeat Processing Thread - 0] WARN  node.NodeStateManager (NodeStateManager.java:scheduleNextHealthCheck(646)) - Current Thread is interrupted, shutting down HB processing thread for Node Manager.
2019-10-15 03:46:44,373 [main] INFO  server.StorageContainerManager (StorageContainerManager.java:stop(832)) - Stopping block service RPC server
2019-10-15 03:46:44,373 [main] INFO  server.SCMBlockProtocolServer (SCMBlockProtocolServer.java:stop(155)) - Stopping the RPC server for Block Protocol
2019-10-15 03:46:44,373 [main] INFO  ipc.Server (Server.java:stop(3082)) - Stopping server on 39985
2019-10-15 03:46:44,375 [IPC Server listener on 39985] INFO  ipc.Server (Server.java:run(1185)) - Stopping IPC Server listener on 39985
2019-10-15 03:46:44,375 [main] INFO  server.StorageContainerManager (StorageContainerManager.java:stop(839)) - Stopping the StorageContainerLocationProtocol RPC server
2019-10-15 03:46:44,375 [IPC Server Responder] INFO  ipc.Server (Server.java:run(1319)) - Stopping IPC Server Responder
2019-10-15 03:46:44,375 [main] INFO  server.SCMClientProtocolServer (SCMClientProtocolServer.java:stop(168)) - Stopping the RPC server for Client Protocol
2019-10-15 03:46:44,376 [main] INFO  ipc.Server (Server.java:stop(3082)) - Stopping server on 45794
2019-10-15 03:46:44,377 [main] INFO  server.StorageContainerManager (StorageContainerManager.java:stop(846)) - Stopping Storage Container Manager HTTP server.
2019-10-15 03:46:44,377 [IPC Server Responder] INFO  ipc.Server (Server.java:run(1319)) - Stopping IPC Server Responder
2019-10-15 03:46:44,377 [IPC Server listener on 45794] INFO  ipc.Server (Server.java:run(1185)) - Stopping IPC Server listener on 45794
2019-10-15 03:46:44,379 [main] INFO  handler.ContextHandler (ContextHandler.java:doStop(910)) - Stopped o.e.j.w.WebAppContext@6970140a{/,null,UNAVAILABLE}{/scm}
2019-10-15 03:46:44,379 [main] INFO  server.AbstractConnector (AbstractConnector.java:doStop(318)) - Stopped ServerConnector@1c32886a{HTTP/1.1,[http/1.1]}{0.0.0.0:0}
2019-10-15 03:46:44,380 [main] INFO  handler.ContextHandler (ContextHandler.java:doStop(910)) - Stopped o.e.j.s.ServletContextHandler@53f0a4cb{/static,file:///workdir/hadoop-ozone/integration-test/target/test-classes/webapps/static,UNAVAILABLE}
2019-10-15 03:46:44,380 [main] INFO  handler.ContextHandler (ContextHandler.java:doStop(910)) - Stopped o.e.j.s.ServletContextHandler@7a560583{/logs,file:///workdir/hadoop-ozone/integration-test/target/log,UNAVAILABLE}
2019-10-15 03:46:44,382 [main] INFO  server.StorageContainerManager (StorageContainerManager.java:stop(857)) - Stopping Block Manager Service.
2019-10-15 03:46:44,382 [main] INFO  utils.BackgroundService (BackgroundService.java:shutdown(151)) - Shutting down service SCMBlockDeletingService
2019-10-15 03:46:44,383 [main] INFO  utils.BackgroundService (BackgroundService.java:shutdown(151)) - Shutting down service SCMBlockDeletingService
2019-10-15 03:46:44,383 [main] INFO  server.StorageContainerManager (StorageContainerManager.java:stop(879)) - Stopping SCM Event Queue.
2019-10-15 03:46:44,390 [main] INFO  impl.MetricsSystemImpl (MetricsSystemImpl.java:stop(210)) - Stopping XceiverClientMetrics metrics system...
2019-10-15 03:46:44,400 [prometheus] INFO  impl.MetricsSinkAdapter (MetricsSinkAdapter.java:publishMetricsFromQueue(141)) - prometheus thread interrupted.
2019-10-15 03:46:44,401 [main] INFO  impl.MetricsSystemImpl (MetricsSystemImpl.java:stop(216)) - XceiverClientMetrics metrics system stopped.
]]></system-out>
    <system-err><![CDATA[ERROR StatusLogger No Log4j 2 configuration file found. Using default configuration (logging only errors to the console), or user programmatically provided configurations. Set system property 'log4j2.debug' to show Log4j 2 internal initialization logging. See https://logging.apache.org/log4j/2.x/manual/configuration.html for instructions on how to configure Log4j 2
Oct 15, 2019 3:46:20 AM org.apache.ratis.thirdparty.io.grpc.internal.SerializingExecutor run
SEVERE: Exception while executing runnable org.apache.ratis.thirdparty.io.grpc.internal.ServerImpl$JumpToApplicationThreadServerStreamListener$1Closed@2cc2bad1
org.apache.ratis.thirdparty.io.grpc.StatusRuntimeException: CANCELLED: call already cancelled
	at org.apache.ratis.thirdparty.io.grpc.Status.asRuntimeException(Status.java:517)
	at org.apache.ratis.thirdparty.io.grpc.stub.ServerCalls$ServerCallStreamObserverImpl.onCompleted(ServerCalls.java:356)
	at org.apache.ratis.grpc.server.GrpcServerProtocolService$ServerRequestStreamObserver.onError(GrpcServerProtocolService.java:121)
	at org.apache.ratis.thirdparty.io.grpc.stub.ServerCalls$StreamingServerCallHandler$StreamingServerCallListener.onCancel(ServerCalls.java:269)
	at org.apache.ratis.thirdparty.io.grpc.internal.ServerCallImpl$ServerStreamListenerImpl.closed(ServerCallImpl.java:293)
	at org.apache.ratis.thirdparty.io.grpc.internal.ServerImpl$JumpToApplicationThreadServerStreamListener$1Closed.runInContext(ServerImpl.java:741)
	at org.apache.ratis.thirdparty.io.grpc.internal.ContextRunnable.run(ContextRunnable.java:37)
	at org.apache.ratis.thirdparty.io.grpc.internal.SerializingExecutor.run(SerializingExecutor.java:123)
	at java.util.concurrent.ThreadPoolExecutor.runWorker(ThreadPoolExecutor.java:1149)
	at java.util.concurrent.ThreadPoolExecutor$Worker.run(ThreadPoolExecutor.java:624)
	at java.lang.Thread.run(Thread.java:748)

Oct 15, 2019 3:46:25 AM org.apache.ratis.thirdparty.io.grpc.internal.SerializingExecutor run
SEVERE: Exception while executing runnable org.apache.ratis.thirdparty.io.grpc.internal.ServerImpl$JumpToApplicationThreadServerStreamListener$1Closed@190d329d
org.apache.ratis.thirdparty.io.grpc.StatusRuntimeException: CANCELLED: call already cancelled
	at org.apache.ratis.thirdparty.io.grpc.Status.asRuntimeException(Status.java:517)
	at org.apache.ratis.thirdparty.io.grpc.stub.ServerCalls$ServerCallStreamObserverImpl.onCompleted(ServerCalls.java:356)
	at org.apache.ratis.grpc.server.GrpcServerProtocolService$ServerRequestStreamObserver.onError(GrpcServerProtocolService.java:121)
	at org.apache.ratis.thirdparty.io.grpc.stub.ServerCalls$StreamingServerCallHandler$StreamingServerCallListener.onCancel(ServerCalls.java:269)
	at org.apache.ratis.thirdparty.io.grpc.internal.ServerCallImpl$ServerStreamListenerImpl.closed(ServerCallImpl.java:293)
	at org.apache.ratis.thirdparty.io.grpc.internal.ServerImpl$JumpToApplicationThreadServerStreamListener$1Closed.runInContext(ServerImpl.java:741)
	at org.apache.ratis.thirdparty.io.grpc.internal.ContextRunnable.run(ContextRunnable.java:37)
	at org.apache.ratis.thirdparty.io.grpc.internal.SerializingExecutor.run(SerializingExecutor.java:123)
	at java.util.concurrent.ThreadPoolExecutor.runWorker(ThreadPoolExecutor.java:1149)
	at java.util.concurrent.ThreadPoolExecutor$Worker.run(ThreadPoolExecutor.java:624)
	at java.lang.Thread.run(Thread.java:748)

]]></system-err>
  </testcase>
  <testcase name="testDatanodeFailureWithPreAllocation" classname="org.apache.hadoop.ozone.client.rpc.TestBlockOutputStreamWithFailures" time="226.093"/>
  <testcase name="testDatanodeFailureWithSingleNodeRatis" classname="org.apache.hadoop.ozone.client.rpc.TestBlockOutputStreamWithFailures" time="224.424"/>
  <testcase name="testWatchForCommitWithSingleNodeRatis" classname="org.apache.hadoop.ozone.client.rpc.TestBlockOutputStreamWithFailures" time="36.716"/>
  <testcase name="testWatchForCommitDatanodeFailure" classname="org.apache.hadoop.ozone.client.rpc.TestBlockOutputStreamWithFailures" time="37.3"/>
  <testcase name="testFailureWithPrimeSizedData" classname="org.apache.hadoop.ozone.client.rpc.TestBlockOutputStreamWithFailures" time="36.477"/>
  <testcase name="testWatchForCommitWithCloseContainerException" classname="org.apache.hadoop.ozone.client.rpc.TestBlockOutputStreamWithFailures" time="39.426"/>
  <testcase name="testExceptionDuringClose" classname="org.apache.hadoop.ozone.client.rpc.TestBlockOutputStreamWithFailures" time="36.864"/>
</testsuite>