<?xml version="1.0" encoding="UTF-8"?>
<testsuite xmlns:xsi="http://www.w3.org/2001/XMLSchema-instance" xsi:noNamespaceSchemaLocation="https://maven.apache.org/surefire/maven-surefire-plugin/xsd/surefire-test-report.xsd" name="org.apache.hadoop.ozone.client.rpc.TestBlockOutputStreamWithFailures" time="712.352" tests="8" errors="0" skipped="0" failures="1">
  <properties>
    <property name="awt.toolkit" value="sun.awt.X11.XToolkit"/>
    <property name="file.encoding.pkg" value="sun.io"/>
    <property name="java.specification.version" value="1.8"/>
    <property name="sun.cpu.isalist" value=""/>
    <property name="sun.jnu.encoding" value="UTF-8"/>
    <property name="java.class.path" value="/workdir/hadoop-ozone/integration-test/target/test-classes:/workdir/hadoop-ozone/integration-test/target/classes:/home/user/.m2/repository/org/apache/hadoop/hadoop-ozone-common/0.5.0-SNAPSHOT/hadoop-ozone-common-0.5.0-SNAPSHOT.jar:/home/user/.m2/repository/org/apache/commons/commons-compress/1.4.1/commons-compress-1.4.1.jar:/home/user/.m2/repository/org/tukaani/xz/1.0/xz-1.0.jar:/home/user/.m2/repository/org/apache/hadoop/hadoop-common/3.2.0/hadoop-common-3.2.0.jar:/home/user/.m2/repository/org/apache/hadoop/hadoop-hdfs/3.2.0/hadoop-hdfs-3.2.0.jar:/home/user/.m2/repository/org/apache/hadoop/hadoop-hdfs-client/3.2.0/hadoop-hdfs-client-3.2.0.jar:/home/user/.m2/repository/com/fasterxml/jackson/core/jackson-annotations/2.9.9/jackson-annotations-2.9.9.jar:/home/user/.m2/repository/org/apache/hadoop/hadoop-hdds-common/0.5.0-SNAPSHOT/hadoop-hdds-common-0.5.0-SNAPSHOT.jar:/home/user/.m2/repository/javax/annotation/javax.annotation-api/1.2/javax.annotation-api-1.2.jar:/home/user/.m2/repository/org/apache/ratis/ratis-server/0.5.0-201fc85-SNAPSHOT/ratis-server-0.5.0-201fc85-SNAPSHOT.jar:/home/user/.m2/repository/org/apache/ratis/ratis-thirdparty-misc/0.2.0/ratis-thirdparty-misc-0.2.0.jar:/home/user/.m2/repository/org/apache/ratis/ratis-proto/0.5.0-201fc85-SNAPSHOT/ratis-proto-0.5.0-201fc85-SNAPSHOT.jar:/home/user/.m2/repository/org/apache/ratis/ratis-common/0.5.0-201fc85-SNAPSHOT/ratis-common-0.5.0-201fc85-SNAPSHOT.jar:/home/user/.m2/repository/org/apache/ratis/ratis-client/0.5.0-201fc85-SNAPSHOT/ratis-client-0.5.0-201fc85-SNAPSHOT.jar:/home/user/.m2/repository/org/apache/ratis/ratis-metrics/0.5.0-201fc85-SNAPSHOT/ratis-metrics-0.5.0-201fc85-SNAPSHOT.jar:/home/user/.m2/repository/com/github/joshelser/dropwizard-metrics-hadoop-metrics2-reporter/0.1.2/dropwizard-metrics-hadoop-metrics2-reporter-0.1.2.jar:/home/user/.m2/repository/io/dropwizard/metrics/metrics-jvm/3.2.5/metrics-jvm-3.2.5.jar:/home/user/.m2/repository/io/dropwizard/metrics/metrics-ganglia/3.2.5/metrics-ganglia-3.2.5.jar:/home/user/.m2/repository/info/ganglia/gmetric4j/gmetric4j/1.0.7/gmetric4j-1.0.7.jar:/home/user/.m2/repository/org/apache/ratis/ratis-netty/0.5.0-201fc85-SNAPSHOT/ratis-netty-0.5.0-201fc85-SNAPSHOT.jar:/home/user/.m2/repository/org/apache/ratis/ratis-grpc/0.5.0-201fc85-SNAPSHOT/ratis-grpc-0.5.0-201fc85-SNAPSHOT.jar:/home/user/.m2/repository/org/rocksdb/rocksdbjni/6.0.1/rocksdbjni-6.0.1.jar:/home/user/.m2/repository/org/apache/logging/log4j/log4j-api/2.11.0/log4j-api-2.11.0.jar:/home/user/.m2/repository/org/apache/logging/log4j/log4j-core/2.11.0/log4j-core-2.11.0.jar:/home/user/.m2/repository/com/lmax/disruptor/3.4.2/disruptor-3.4.2.jar:/home/user/.m2/repository/org/apache/commons/commons-pool2/2.6.0/commons-pool2-2.6.0.jar:/home/user/.m2/repository/org/bouncycastle/bcpkix-jdk15on/1.60/bcpkix-jdk15on-1.60.jar:/home/user/.m2/repository/commons-validator/commons-validator/1.6/commons-validator-1.6.jar:/home/user/.m2/repository/commons-digester/commons-digester/1.8.1/commons-digester-1.8.1.jar:/home/user/.m2/repository/io/jaegertracing/jaeger-client/0.34.0/jaeger-client-0.34.0.jar:/home/user/.m2/repository/io/jaegertracing/jaeger-thrift/0.34.0/jaeger-thrift-0.34.0.jar:/home/user/.m2/repository/org/apache/thrift/libthrift/0.12.0/libthrift-0.12.0.jar:/home/user/.m2/repository/com/squareup/okhttp3/okhttp/3.9.0/okhttp-3.9.0.jar:/home/user/.m2/repository/com/squareup/okio/okio/1.13.0/okio-1.13.0.jar:/home/user/.m2/repository/io/jaegertracing/jaeger-core/0.34.0/jaeger-core-0.34.0.jar:/home/user/.m2/repository/io/jaegertracing/jaeger-tracerresolver/0.34.0/jaeger-tracerresolver-0.34.0.jar:/home/user/.m2/repository/io/opentracing/contrib/opentracing-tracerresolver/0.1.5/opentracing-tracerresolver-0.1.5.jar:/home/user/.m2/repository/io/opentracing/opentracing-util/0.31.0/opentracing-util-0.31.0.jar:/home/user/.m2/repository/io/opentracing/opentracing-api/0.31.0/opentracing-api-0.31.0.jar:/home/user/.m2/repository/io/opentracing/opentracing-noop/0.31.0/opentracing-noop-0.31.0.jar:/home/user/.m2/repository/org/apache/hadoop/hadoop-hdds-server-framework/0.5.0-SNAPSHOT/hadoop-hdds-server-framework-0.5.0-SNAPSHOT.jar:/home/user/.m2/repository/org/apache/hadoop/hadoop-hdds-container-service/0.5.0-SNAPSHOT/hadoop-hdds-container-service-0.5.0-SNAPSHOT.jar:/home/user/.m2/repository/org/apache/hadoop/hadoop-hdds-client/0.5.0-SNAPSHOT/hadoop-hdds-client-0.5.0-SNAPSHOT.jar:/home/user/.m2/repository/org/apache/hadoop/hadoop-hdds-tools/0.5.0-SNAPSHOT/hadoop-hdds-tools-0.5.0-SNAPSHOT.jar:/home/user/.m2/repository/org/apache/hadoop/hadoop-hdds-server-scm/0.5.0-SNAPSHOT/hadoop-hdds-server-scm-0.5.0-SNAPSHOT.jar:/home/user/.m2/repository/org/apache/hadoop/hadoop-hdds-docs/0.5.0-SNAPSHOT/hadoop-hdds-docs-0.5.0-SNAPSHOT.jar:/home/user/.m2/repository/io/dropwizard/metrics/metrics-core/3.2.4/metrics-core-3.2.4.jar:/home/user/.m2/repository/org/hamcrest/hamcrest-all/1.3/hamcrest-all-1.3.jar:/home/user/.m2/repository/org/bouncycastle/bcprov-jdk15on/1.60/bcprov-jdk15on-1.60.jar:/home/user/.m2/repository/info/picocli/picocli/3.9.6/picocli-3.9.6.jar:/home/user/.m2/repository/com/google/protobuf/protobuf-java/2.5.0/protobuf-java-2.5.0.jar:/home/user/.m2/repository/com/google/guava/guava/11.0.2/guava-11.0.2.jar:/home/user/.m2/repository/org/apache/hadoop/hadoop-ozone-ozone-manager/0.5.0-SNAPSHOT/hadoop-ozone-ozone-manager-0.5.0-SNAPSHOT.jar:/home/user/.m2/repository/org/apache/hadoop/hadoop-minikdc/3.2.0/hadoop-minikdc-3.2.0.jar:/home/user/.m2/repository/commons-io/commons-io/2.5/commons-io-2.5.jar:/home/user/.m2/repository/org/apache/kerby/kerb-simplekdc/1.0.1/kerb-simplekdc-1.0.1.jar:/home/user/.m2/repository/org/apache/kerby/kerb-client/1.0.1/kerb-client-1.0.1.jar:/home/user/.m2/repository/org/apache/kerby/kerby-config/1.0.1/kerby-config-1.0.1.jar:/home/user/.m2/repository/org/apache/kerby/kerb-core/1.0.1/kerb-core-1.0.1.jar:/home/user/.m2/repository/org/apache/kerby/kerby-pkix/1.0.1/kerby-pkix-1.0.1.jar:/home/user/.m2/repository/org/apache/kerby/kerby-asn1/1.0.1/kerby-asn1-1.0.1.jar:/home/user/.m2/repository/org/apache/kerby/kerby-util/1.0.1/kerby-util-1.0.1.jar:/home/user/.m2/repository/org/apache/kerby/kerb-common/1.0.1/kerb-common-1.0.1.jar:/home/user/.m2/repository/org/apache/kerby/kerb-crypto/1.0.1/kerb-crypto-1.0.1.jar:/home/user/.m2/repository/org/apache/kerby/kerb-util/1.0.1/kerb-util-1.0.1.jar:/home/user/.m2/repository/org/apache/kerby/token-provider/1.0.1/token-provider-1.0.1.jar:/home/user/.m2/repository/org/apache/kerby/kerb-admin/1.0.1/kerb-admin-1.0.1.jar:/home/user/.m2/repository/org/apache/kerby/kerb-server/1.0.1/kerb-server-1.0.1.jar:/home/user/.m2/repository/org/apache/kerby/kerb-identity/1.0.1/kerb-identity-1.0.1.jar:/home/user/.m2/repository/org/apache/kerby/kerby-xdr/1.0.1/kerby-xdr-1.0.1.jar:/home/user/.m2/repository/org/slf4j/slf4j-log4j12/1.7.25/slf4j-log4j12-1.7.25.jar:/home/user/.m2/repository/org/apache/hadoop/hadoop-ozone-s3gateway/0.5.0-SNAPSHOT/hadoop-ozone-s3gateway-0.5.0-SNAPSHOT.jar:/home/user/.m2/repository/org/jboss/weld/servlet/weld-servlet/2.4.7.Final/weld-servlet-2.4.7.Final.jar:/home/user/.m2/repository/org/glassfish/jersey/containers/jersey-container-servlet-core/2.27/jersey-container-servlet-core-2.27.jar:/home/user/.m2/repository/org/glassfish/hk2/external/javax.inject/2.5.0-b42/javax.inject-2.5.0-b42.jar:/home/user/.m2/repository/org/glassfish/jersey/core/jersey-common/2.27/jersey-common-2.27.jar:/home/user/.m2/repository/org/glassfish/hk2/osgi-resource-locator/1.0.1/osgi-resource-locator-1.0.1.jar:/home/user/.m2/repository/javax/ws/rs/javax.ws.rs-api/2.1/javax.ws.rs-api-2.1.jar:/home/user/.m2/repository/org/glassfish/jersey/ext/cdi/jersey-cdi1x/2.27/jersey-cdi1x-2.27.jar:/home/user/.m2/repository/org/glassfish/jersey/inject/jersey-hk2/2.27/jersey-hk2-2.27.jar:/home/user/.m2/repository/org/glassfish/hk2/hk2-locator/2.5.0-b42/hk2-locator-2.5.0-b42.jar:/home/user/.m2/repository/org/javassist/javassist/3.22.0-CR2/javassist-3.22.0-CR2.jar:/home/user/.m2/repository/org/glassfish/hk2/hk2-api/2.5.0/hk2-api-2.5.0.jar:/home/user/.m2/repository/org/glassfish/hk2/external/jakarta.inject/2.5.0/jakarta.inject-2.5.0.jar:/home/user/.m2/repository/org/glassfish/hk2/hk2-utils/2.5.0/hk2-utils-2.5.0.jar:/home/user/.m2/repository/jakarta/annotation/jakarta.annotation-api/1.3.4/jakarta.annotation-api-1.3.4.jar:/home/user/.m2/repository/org/glassfish/hk2/external/aopalliance-repackaged/2.5.0/aopalliance-repackaged-2.5.0.jar:/home/user/.m2/repository/com/fasterxml/jackson/dataformat/jackson-dataformat-xml/2.9.0/jackson-dataformat-xml-2.9.0.jar:/home/user/.m2/repository/com/fasterxml/jackson/core/jackson-core/2.9.9/jackson-core-2.9.9.jar:/home/user/.m2/repository/com/fasterxml/jackson/module/jackson-module-jaxb-annotations/2.9.9/jackson-module-jaxb-annotations-2.9.9.jar:/home/user/.m2/repository/javax/enterprise/cdi-api/1.2/cdi-api-1.2.jar:/home/user/.m2/repository/javax/el/javax.el-api/3.0.0/javax.el-api-3.0.0.jar:/home/user/.m2/repository/javax/interceptor/javax.interceptor-api/1.2/javax.interceptor-api-1.2.jar:/home/user/.m2/repository/javax/inject/javax.inject/1/javax.inject-1.jar:/home/user/.m2/repository/com/sun/xml/bind/jaxb-impl/2.3.0.1/jaxb-impl-2.3.0.1.jar:/home/user/.m2/repository/com/sun/xml/bind/jaxb-core/2.3.0.1/jaxb-core-2.3.0.1.jar:/home/user/.m2/repository/javax/xml/bind/jaxb-api/2.3.0/jaxb-api-2.3.0.jar:/home/user/.m2/repository/javax/activation/activation/1.1.1/activation-1.1.1.jar:/home/user/.m2/repository/org/apache/hadoop/hadoop-ozone-csi/0.5.0-SNAPSHOT/hadoop-ozone-csi-0.5.0-SNAPSHOT.jar:/home/user/.m2/repository/com/google/protobuf/protobuf-java-util/3.5.1/protobuf-java-util-3.5.1.jar:/home/user/.m2/repository/org/apache/hadoop/hadoop-hdds-config/0.5.0-SNAPSHOT/hadoop-hdds-config-0.5.0-SNAPSHOT.jar:/home/user/.m2/repository/io/grpc/grpc-netty/1.17.1/grpc-netty-1.17.1.jar:/home/user/.m2/repository/io/grpc/grpc-core/1.17.1/grpc-core-1.17.1.jar:/home/user/.m2/repository/io/grpc/grpc-context/1.17.1/grpc-context-1.17.1.jar:/home/user/.m2/repository/com/google/errorprone/error_prone_annotations/2.2.0/error_prone_annotations-2.2.0.jar:/home/user/.m2/repository/org/codehaus/mojo/animal-sniffer-annotations/1.17/animal-sniffer-annotations-1.17.jar:/home/user/.m2/repository/io/opencensus/opencensus-api/0.17.0/opencensus-api-0.17.0.jar:/home/user/.m2/repository/io/opencensus/opencensus-contrib-grpc-metrics/0.17.0/opencensus-contrib-grpc-metrics-0.17.0.jar:/home/user/.m2/repository/io/netty/netty-codec-http2/4.1.30.Final/netty-codec-http2-4.1.30.Final.jar:/home/user/.m2/repository/io/netty/netty-codec-http/4.1.30.Final/netty-codec-http-4.1.30.Final.jar:/home/user/.m2/repository/io/netty/netty-codec/4.1.30.Final/netty-codec-4.1.30.Final.jar:/home/user/.m2/repository/io/netty/netty-handler/4.1.30.Final/netty-handler-4.1.30.Final.jar:/home/user/.m2/repository/io/netty/netty-handler-proxy/4.1.30.Final/netty-handler-proxy-4.1.30.Final.jar:/home/user/.m2/repository/io/netty/netty-codec-socks/4.1.30.Final/netty-codec-socks-4.1.30.Final.jar:/home/user/.m2/repository/io/netty/netty-transport-native-epoll/4.1.30.Final/netty-transport-native-epoll-4.1.30.Final.jar:/home/user/.m2/repository/io/netty/netty-common/4.1.30.Final/netty-common-4.1.30.Final.jar:/home/user/.m2/repository/io/netty/netty-buffer/4.1.30.Final/netty-buffer-4.1.30.Final.jar:/home/user/.m2/repository/io/netty/netty-transport/4.1.30.Final/netty-transport-4.1.30.Final.jar:/home/user/.m2/repository/io/netty/netty-resolver/4.1.30.Final/netty-resolver-4.1.30.Final.jar:/home/user/.m2/repository/io/netty/netty-transport-native-unix-common/4.1.30.Final/netty-transport-native-unix-common-4.1.30.Final.jar:/home/user/.m2/repository/io/grpc/grpc-protobuf/1.17.1/grpc-protobuf-1.17.1.jar:/home/user/.m2/repository/com/google/api/grpc/proto-google-common-protos/1.0.0/proto-google-common-protos-1.0.0.jar:/home/user/.m2/repository/io/grpc/grpc-protobuf-lite/1.17.1/grpc-protobuf-lite-1.17.1.jar:/home/user/.m2/repository/io/grpc/grpc-stub/1.17.1/grpc-stub-1.17.1.jar:/home/user/.m2/repository/org/apache/hadoop/hadoop-ozone-recon/0.5.0-SNAPSHOT/hadoop-ozone-recon-0.5.0-SNAPSHOT.jar:/home/user/.m2/repository/org/apache/hadoop/hadoop-ozone-reconcodegen/0.5.0-SNAPSHOT/hadoop-ozone-reconcodegen-0.5.0-SNAPSHOT.jar:/home/user/.m2/repository/com/google/inject/extensions/guice-multibindings/4.0/guice-multibindings-4.0.jar:/home/user/.m2/repository/com/google/inject/guice/4.0/guice-4.0.jar:/home/user/.m2/repository/aopalliance/aopalliance/1.0/aopalliance-1.0.jar:/home/user/.m2/repository/com/google/inject/extensions/guice-servlet/4.0/guice-servlet-4.0.jar:/home/user/.m2/repository/org/glassfish/jersey/containers/jersey-container-servlet/2.27/jersey-container-servlet-2.27.jar:/home/user/.m2/repository/org/glassfish/hk2/guice-bridge/2.5.0/guice-bridge-2.5.0.jar:/home/user/.m2/repository/org/glassfish/jersey/core/jersey-server/2.27/jersey-server-2.27.jar:/home/user/.m2/repository/org/glassfish/jersey/core/jersey-client/2.27/jersey-client-2.27.jar:/home/user/.m2/repository/org/glassfish/jersey/media/jersey-media-jaxb/2.27/jersey-media-jaxb-2.27.jar:/home/user/.m2/repository/javax/validation/validation-api/1.1.0.Final/validation-api-1.1.0.Final.jar:/home/user/.m2/repository/org/glassfish/jersey/media/jersey-media-json-jackson/2.27/jersey-media-json-jackson-2.27.jar:/home/user/.m2/repository/org/glassfish/jersey/ext/jersey-entity-filtering/2.27/jersey-entity-filtering-2.27.jar:/home/user/.m2/repository/com/google/inject/extensions/guice-assistedinject/4.0/guice-assistedinject-4.0.jar:/home/user/.m2/repository/org/jooq/jooq/3.11.10/jooq-3.11.10.jar:/home/user/.m2/repository/org/jooq/jooq-meta/3.11.10/jooq-meta-3.11.10.jar:/home/user/.m2/repository/org/jooq/jooq-codegen/3.11.10/jooq-codegen-3.11.10.jar:/home/user/.m2/repository/com/jolbox/bonecp/0.8.0.RELEASE/bonecp-0.8.0.RELEASE.jar:/home/user/.m2/repository/org/xerial/sqlite-jdbc/3.25.2/sqlite-jdbc-3.25.2.jar:/home/user/.m2/repository/org/springframework/spring-jdbc/5.1.3.RELEASE/spring-jdbc-5.1.3.RELEASE.jar:/home/user/.m2/repository/org/springframework/spring-beans/5.1.3.RELEASE/spring-beans-5.1.3.RELEASE.jar:/home/user/.m2/repository/org/springframework/spring-core/5.1.3.RELEASE/spring-core-5.1.3.RELEASE.jar:/home/user/.m2/repository/org/springframework/spring-jcl/5.1.3.RELEASE/spring-jcl-5.1.3.RELEASE.jar:/home/user/.m2/repository/org/springframework/spring-tx/5.1.3.RELEASE/spring-tx-5.1.3.RELEASE.jar:/home/user/.m2/repository/org/apache/hadoop/hadoop-ozone-client/0.5.0-SNAPSHOT/hadoop-ozone-client-0.5.0-SNAPSHOT.jar:/home/user/.m2/repository/commons-lang/commons-lang/2.6/commons-lang-2.6.jar:/home/user/.m2/repository/org/apache/hadoop/hadoop-ozone-ozone-manager/0.5.0-SNAPSHOT/hadoop-ozone-ozone-manager-0.5.0-SNAPSHOT-tests.jar:/home/user/.m2/repository/junit/junit/4.11/junit-4.11.jar:/home/user/.m2/repository/org/hamcrest/hamcrest-core/1.3/hamcrest-core-1.3.jar:/home/user/.m2/repository/org/openjdk/jmh/jmh-core/1.19/jmh-core-1.19.jar:/home/user/.m2/repository/net/sf/jopt-simple/jopt-simple/4.6/jopt-simple-4.6.jar:/home/user/.m2/repository/org/apache/commons/commons-math3/3.1.1/commons-math3-3.1.1.jar:/home/user/.m2/repository/org/openjdk/jmh/jmh-generator-annprocess/1.19/jmh-generator-annprocess-1.19.jar:/home/user/.m2/repository/org/mockito/mockito-all/1.8.5/mockito-all-1.8.5.jar:/home/user/.m2/repository/org/apache/hadoop/hadoop-kms/3.2.0/hadoop-kms-3.2.0.jar:/home/user/.m2/repository/org/apache/hadoop/hadoop-auth/3.2.0/hadoop-auth-3.2.0.jar:/home/user/.m2/repository/com/nimbusds/nimbus-jose-jwt/4.41.1/nimbus-jose-jwt-4.41.1.jar:/home/user/.m2/repository/com/github/stephenc/jcip/jcip-annotations/1.0-1/jcip-annotations-1.0-1.jar:/home/user/.m2/repository/net/minidev/json-smart/2.3/json-smart-2.3.jar:/home/user/.m2/repository/net/minidev/accessors-smart/1.2/accessors-smart-1.2.jar:/home/user/.m2/repository/org/ow2/asm/asm/5.0.4/asm-5.0.4.jar:/home/user/.m2/repository/org/apache/curator/curator-framework/2.12.0/curator-framework-2.12.0.jar:/home/user/.m2/repository/com/sun/jersey/jersey-core/1.19/jersey-core-1.19.jar:/home/user/.m2/repository/javax/ws/rs/jsr311-api/1.1.1/jsr311-api-1.1.1.jar:/home/user/.m2/repository/com/sun/jersey/jersey-server/1.19/jersey-server-1.19.jar:/home/user/.m2/repository/javax/servlet/javax.servlet-api/3.1.0/javax.servlet-api-3.1.0.jar:/home/user/.m2/repository/org/eclipse/jetty/jetty-server/9.3.25.v20180904/jetty-server-9.3.25.v20180904.jar:/home/user/.m2/repository/org/eclipse/jetty/jetty-http/9.3.25.v20180904/jetty-http-9.3.25.v20180904.jar:/home/user/.m2/repository/org/eclipse/jetty/jetty-io/9.3.25.v20180904/jetty-io-9.3.25.v20180904.jar:/home/user/.m2/repository/org/eclipse/jetty/jetty-webapp/9.3.25.v20180904/jetty-webapp-9.3.25.v20180904.jar:/home/user/.m2/repository/org/eclipse/jetty/jetty-xml/9.3.25.v20180904/jetty-xml-9.3.25.v20180904.jar:/home/user/.m2/repository/log4j/log4j/1.2.17/log4j-1.2.17.jar:/home/user/.m2/repository/org/slf4j/slf4j-api/1.7.25/slf4j-api-1.7.25.jar:/home/user/.m2/repository/org/slf4j/jul-to-slf4j/1.7.25/jul-to-slf4j-1.7.25.jar:/home/user/.m2/repository/org/eclipse/jetty/jetty-util/9.3.25.v20180904/jetty-util-9.3.25.v20180904.jar:/home/user/.m2/repository/com/fasterxml/jackson/core/jackson-databind/2.9.9/jackson-databind-2.9.9.jar:/home/user/.m2/repository/org/apache/hadoop/hadoop-kms/3.2.0/hadoop-kms-3.2.0-tests.jar:/home/user/.m2/repository/org/apache/hadoop/hadoop-hdds-server-scm/0.5.0-SNAPSHOT/hadoop-hdds-server-scm-0.5.0-SNAPSHOT-tests.jar:/home/user/.m2/repository/org/apache/hadoop/hadoop-hdds-container-service/0.5.0-SNAPSHOT/hadoop-hdds-container-service-0.5.0-SNAPSHOT-tests.jar:/home/user/.m2/repository/org/yaml/snakeyaml/1.16/snakeyaml-1.16.jar:/home/user/.m2/repository/org/apache/hadoop/hadoop-common/3.2.0/hadoop-common-3.2.0-tests.jar:/home/user/.m2/repository/org/apache/hadoop/hadoop-annotations/3.2.0/hadoop-annotations-3.2.0.jar:/usr/lib/jvm/java-1.8-openjdk/jre/../lib/tools.jar:/home/user/.m2/repository/commons-cli/commons-cli/1.2/commons-cli-1.2.jar:/home/user/.m2/repository/org/apache/httpcomponents/httpclient/4.5.2/httpclient-4.5.2.jar:/home/user/.m2/repository/org/apache/httpcomponents/httpcore/4.4.4/httpcore-4.4.4.jar:/home/user/.m2/repository/commons-codec/commons-codec/1.11/commons-codec-1.11.jar:/home/user/.m2/repository/commons-net/commons-net/3.6/commons-net-3.6.jar:/home/user/.m2/repository/commons-collections/commons-collections/3.2.2/commons-collections-3.2.2.jar:/home/user/.m2/repository/org/eclipse/jetty/jetty-servlet/9.3.25.v20180904/jetty-servlet-9.3.25.v20180904.jar:/home/user/.m2/repository/org/eclipse/jetty/jetty-security/9.3.25.v20180904/jetty-security-9.3.25.v20180904.jar:/home/user/.m2/repository/javax/servlet/jsp/jsp-api/2.1/jsp-api-2.1.jar:/home/user/.m2/repository/com/sun/jersey/jersey-servlet/1.19/jersey-servlet-1.19.jar:/home/user/.m2/repository/com/sun/jersey/jersey-json/1.19/jersey-json-1.19.jar:/home/user/.m2/repository/org/codehaus/jettison/jettison/1.1/jettison-1.1.jar:/home/user/.m2/repository/org/codehaus/jackson/jackson-core-asl/1.9.13/jackson-core-asl-1.9.13.jar:/home/user/.m2/repository/org/codehaus/jackson/jackson-mapper-asl/1.9.13/jackson-mapper-asl-1.9.13.jar:/home/user/.m2/repository/org/codehaus/jackson/jackson-jaxrs/1.9.13/jackson-jaxrs-1.9.13.jar:/home/user/.m2/repository/org/codehaus/jackson/jackson-xc/1.9.13/jackson-xc-1.9.13.jar:/home/user/.m2/repository/commons-logging/commons-logging/1.1.3/commons-logging-1.1.3.jar:/home/user/.m2/repository/commons-beanutils/commons-beanutils/1.9.4/commons-beanutils-1.9.4.jar:/home/user/.m2/repository/org/apache/commons/commons-configuration2/2.1.1/commons-configuration2-2.1.1.jar:/home/user/.m2/repository/org/apache/commons/commons-lang3/3.7/commons-lang3-3.7.jar:/home/user/.m2/repository/org/apache/commons/commons-text/1.4/commons-text-1.4.jar:/home/user/.m2/repository/org/apache/avro/avro/1.7.7/avro-1.7.7.jar:/home/user/.m2/repository/com/thoughtworks/paranamer/paranamer/2.3/paranamer-2.3.jar:/home/user/.m2/repository/org/xerial/snappy/snappy-java/1.0.5/snappy-java-1.0.5.jar:/home/user/.m2/repository/com/google/re2j/re2j/1.1/re2j-1.1.jar:/home/user/.m2/repository/com/google/code/gson/gson/2.2.4/gson-2.2.4.jar:/home/user/.m2/repository/com/jcraft/jsch/0.1.54/jsch-0.1.54.jar:/home/user/.m2/repository/org/apache/curator/curator-client/2.12.0/curator-client-2.12.0.jar:/home/user/.m2/repository/org/apache/curator/curator-recipes/2.12.0/curator-recipes-2.12.0.jar:/home/user/.m2/repository/com/google/code/findbugs/jsr305/3.0.0/jsr305-3.0.0.jar:/home/user/.m2/repository/org/apache/htrace/htrace-core4/4.1.0-incubating/htrace-core4-4.1.0-incubating.jar:/home/user/.m2/repository/org/apache/zookeeper/zookeeper/3.4.13/zookeeper-3.4.13.jar:/home/user/.m2/repository/jline/jline/0.9.94/jline-0.9.94.jar:/home/user/.m2/repository/org/apache/yetus/audience-annotations/0.5.0/audience-annotations-0.5.0.jar:/home/user/.m2/repository/org/codehaus/woodstox/stax2-api/3.1.4/stax2-api-3.1.4.jar:/home/user/.m2/repository/com/fasterxml/woodstox/woodstox-core/5.0.3/woodstox-core-5.0.3.jar:/home/user/.m2/repository/dnsjava/dnsjava/2.1.7/dnsjava-2.1.7.jar:/home/user/.m2/repository/org/apache/hadoop/hadoop-hdfs/3.2.0/hadoop-hdfs-3.2.0-tests.jar:/home/user/.m2/repository/org/eclipse/jetty/jetty-util-ajax/9.3.25.v20180904/jetty-util-ajax-9.3.25.v20180904.jar:/home/user/.m2/repository/commons-daemon/commons-daemon/1.0.13/commons-daemon-1.0.13.jar:/home/user/.m2/repository/io/netty/netty/3.10.5.Final/netty-3.10.5.Final.jar:/home/user/.m2/repository/io/netty/netty-all/4.0.52.Final/netty-all-4.0.52.Final.jar:/home/user/.m2/repository/org/fusesource/leveldbjni/leveldbjni-all/1.8/leveldbjni-all-1.8.jar:"/>
    <property name="java.vm.vendor" value="IcedTea"/>
    <property name="sun.arch.data.model" value="64"/>
    <property name="test.build.dir" value="/workdir/hadoop-ozone/integration-test/target/test-dir"/>
    <property name="test.cache.data" value=""/>
    <property name="java.vendor.url" value="https://icedtea.classpath.org"/>
    <property name="user.timezone" value=""/>
    <property name="java.vm.specification.version" value="1.8"/>
    <property name="os.name" value="Linux"/>
    <property name="test.build.data" value="/workdir/hadoop-ozone/integration-test/target/test-dir"/>
    <property name="user.country" value="US"/>
    <property name="sun.java.launcher" value="SUN_STANDARD"/>
    <property name="sun.boot.library.path" value="/usr/lib/jvm/java-1.8-openjdk/jre/lib/amd64"/>
    <property name="sun.java.command" value="/workdir/hadoop-ozone/integration-test/target/surefire/surefirebooter3921629134550897807.jar /workdir/hadoop-ozone/integration-test/target/surefire 2019-10-15T08-36-49_752-jvmRun1 surefire5763790995690138484tmp surefire_224187803374027175131tmp"/>
    <property name="test" value="!TestMiniChaosOzoneCluster"/>
    <property name="surefire.test.class.path" value="/workdir/hadoop-ozone/integration-test/target/test-classes:/workdir/hadoop-ozone/integration-test/target/classes:/home/user/.m2/repository/org/apache/hadoop/hadoop-ozone-common/0.5.0-SNAPSHOT/hadoop-ozone-common-0.5.0-SNAPSHOT.jar:/home/user/.m2/repository/org/apache/commons/commons-compress/1.4.1/commons-compress-1.4.1.jar:/home/user/.m2/repository/org/tukaani/xz/1.0/xz-1.0.jar:/home/user/.m2/repository/org/apache/hadoop/hadoop-common/3.2.0/hadoop-common-3.2.0.jar:/home/user/.m2/repository/org/apache/hadoop/hadoop-hdfs/3.2.0/hadoop-hdfs-3.2.0.jar:/home/user/.m2/repository/org/apache/hadoop/hadoop-hdfs-client/3.2.0/hadoop-hdfs-client-3.2.0.jar:/home/user/.m2/repository/com/fasterxml/jackson/core/jackson-annotations/2.9.9/jackson-annotations-2.9.9.jar:/home/user/.m2/repository/org/apache/hadoop/hadoop-hdds-common/0.5.0-SNAPSHOT/hadoop-hdds-common-0.5.0-SNAPSHOT.jar:/home/user/.m2/repository/javax/annotation/javax.annotation-api/1.2/javax.annotation-api-1.2.jar:/home/user/.m2/repository/org/apache/ratis/ratis-server/0.5.0-201fc85-SNAPSHOT/ratis-server-0.5.0-201fc85-SNAPSHOT.jar:/home/user/.m2/repository/org/apache/ratis/ratis-thirdparty-misc/0.2.0/ratis-thirdparty-misc-0.2.0.jar:/home/user/.m2/repository/org/apache/ratis/ratis-proto/0.5.0-201fc85-SNAPSHOT/ratis-proto-0.5.0-201fc85-SNAPSHOT.jar:/home/user/.m2/repository/org/apache/ratis/ratis-common/0.5.0-201fc85-SNAPSHOT/ratis-common-0.5.0-201fc85-SNAPSHOT.jar:/home/user/.m2/repository/org/apache/ratis/ratis-client/0.5.0-201fc85-SNAPSHOT/ratis-client-0.5.0-201fc85-SNAPSHOT.jar:/home/user/.m2/repository/org/apache/ratis/ratis-metrics/0.5.0-201fc85-SNAPSHOT/ratis-metrics-0.5.0-201fc85-SNAPSHOT.jar:/home/user/.m2/repository/com/github/joshelser/dropwizard-metrics-hadoop-metrics2-reporter/0.1.2/dropwizard-metrics-hadoop-metrics2-reporter-0.1.2.jar:/home/user/.m2/repository/io/dropwizard/metrics/metrics-jvm/3.2.5/metrics-jvm-3.2.5.jar:/home/user/.m2/repository/io/dropwizard/metrics/metrics-ganglia/3.2.5/metrics-ganglia-3.2.5.jar:/home/user/.m2/repository/info/ganglia/gmetric4j/gmetric4j/1.0.7/gmetric4j-1.0.7.jar:/home/user/.m2/repository/org/apache/ratis/ratis-netty/0.5.0-201fc85-SNAPSHOT/ratis-netty-0.5.0-201fc85-SNAPSHOT.jar:/home/user/.m2/repository/org/apache/ratis/ratis-grpc/0.5.0-201fc85-SNAPSHOT/ratis-grpc-0.5.0-201fc85-SNAPSHOT.jar:/home/user/.m2/repository/org/rocksdb/rocksdbjni/6.0.1/rocksdbjni-6.0.1.jar:/home/user/.m2/repository/org/apache/logging/log4j/log4j-api/2.11.0/log4j-api-2.11.0.jar:/home/user/.m2/repository/org/apache/logging/log4j/log4j-core/2.11.0/log4j-core-2.11.0.jar:/home/user/.m2/repository/com/lmax/disruptor/3.4.2/disruptor-3.4.2.jar:/home/user/.m2/repository/org/apache/commons/commons-pool2/2.6.0/commons-pool2-2.6.0.jar:/home/user/.m2/repository/org/bouncycastle/bcpkix-jdk15on/1.60/bcpkix-jdk15on-1.60.jar:/home/user/.m2/repository/commons-validator/commons-validator/1.6/commons-validator-1.6.jar:/home/user/.m2/repository/commons-digester/commons-digester/1.8.1/commons-digester-1.8.1.jar:/home/user/.m2/repository/io/jaegertracing/jaeger-client/0.34.0/jaeger-client-0.34.0.jar:/home/user/.m2/repository/io/jaegertracing/jaeger-thrift/0.34.0/jaeger-thrift-0.34.0.jar:/home/user/.m2/repository/org/apache/thrift/libthrift/0.12.0/libthrift-0.12.0.jar:/home/user/.m2/repository/com/squareup/okhttp3/okhttp/3.9.0/okhttp-3.9.0.jar:/home/user/.m2/repository/com/squareup/okio/okio/1.13.0/okio-1.13.0.jar:/home/user/.m2/repository/io/jaegertracing/jaeger-core/0.34.0/jaeger-core-0.34.0.jar:/home/user/.m2/repository/io/jaegertracing/jaeger-tracerresolver/0.34.0/jaeger-tracerresolver-0.34.0.jar:/home/user/.m2/repository/io/opentracing/contrib/opentracing-tracerresolver/0.1.5/opentracing-tracerresolver-0.1.5.jar:/home/user/.m2/repository/io/opentracing/opentracing-util/0.31.0/opentracing-util-0.31.0.jar:/home/user/.m2/repository/io/opentracing/opentracing-api/0.31.0/opentracing-api-0.31.0.jar:/home/user/.m2/repository/io/opentracing/opentracing-noop/0.31.0/opentracing-noop-0.31.0.jar:/home/user/.m2/repository/org/apache/hadoop/hadoop-hdds-server-framework/0.5.0-SNAPSHOT/hadoop-hdds-server-framework-0.5.0-SNAPSHOT.jar:/home/user/.m2/repository/org/apache/hadoop/hadoop-hdds-container-service/0.5.0-SNAPSHOT/hadoop-hdds-container-service-0.5.0-SNAPSHOT.jar:/home/user/.m2/repository/org/apache/hadoop/hadoop-hdds-client/0.5.0-SNAPSHOT/hadoop-hdds-client-0.5.0-SNAPSHOT.jar:/home/user/.m2/repository/org/apache/hadoop/hadoop-hdds-tools/0.5.0-SNAPSHOT/hadoop-hdds-tools-0.5.0-SNAPSHOT.jar:/home/user/.m2/repository/org/apache/hadoop/hadoop-hdds-server-scm/0.5.0-SNAPSHOT/hadoop-hdds-server-scm-0.5.0-SNAPSHOT.jar:/home/user/.m2/repository/org/apache/hadoop/hadoop-hdds-docs/0.5.0-SNAPSHOT/hadoop-hdds-docs-0.5.0-SNAPSHOT.jar:/home/user/.m2/repository/io/dropwizard/metrics/metrics-core/3.2.4/metrics-core-3.2.4.jar:/home/user/.m2/repository/org/hamcrest/hamcrest-all/1.3/hamcrest-all-1.3.jar:/home/user/.m2/repository/org/bouncycastle/bcprov-jdk15on/1.60/bcprov-jdk15on-1.60.jar:/home/user/.m2/repository/info/picocli/picocli/3.9.6/picocli-3.9.6.jar:/home/user/.m2/repository/com/google/protobuf/protobuf-java/2.5.0/protobuf-java-2.5.0.jar:/home/user/.m2/repository/com/google/guava/guava/11.0.2/guava-11.0.2.jar:/home/user/.m2/repository/org/apache/hadoop/hadoop-ozone-ozone-manager/0.5.0-SNAPSHOT/hadoop-ozone-ozone-manager-0.5.0-SNAPSHOT.jar:/home/user/.m2/repository/org/apache/hadoop/hadoop-minikdc/3.2.0/hadoop-minikdc-3.2.0.jar:/home/user/.m2/repository/commons-io/commons-io/2.5/commons-io-2.5.jar:/home/user/.m2/repository/org/apache/kerby/kerb-simplekdc/1.0.1/kerb-simplekdc-1.0.1.jar:/home/user/.m2/repository/org/apache/kerby/kerb-client/1.0.1/kerb-client-1.0.1.jar:/home/user/.m2/repository/org/apache/kerby/kerby-config/1.0.1/kerby-config-1.0.1.jar:/home/user/.m2/repository/org/apache/kerby/kerb-core/1.0.1/kerb-core-1.0.1.jar:/home/user/.m2/repository/org/apache/kerby/kerby-pkix/1.0.1/kerby-pkix-1.0.1.jar:/home/user/.m2/repository/org/apache/kerby/kerby-asn1/1.0.1/kerby-asn1-1.0.1.jar:/home/user/.m2/repository/org/apache/kerby/kerby-util/1.0.1/kerby-util-1.0.1.jar:/home/user/.m2/repository/org/apache/kerby/kerb-common/1.0.1/kerb-common-1.0.1.jar:/home/user/.m2/repository/org/apache/kerby/kerb-crypto/1.0.1/kerb-crypto-1.0.1.jar:/home/user/.m2/repository/org/apache/kerby/kerb-util/1.0.1/kerb-util-1.0.1.jar:/home/user/.m2/repository/org/apache/kerby/token-provider/1.0.1/token-provider-1.0.1.jar:/home/user/.m2/repository/org/apache/kerby/kerb-admin/1.0.1/kerb-admin-1.0.1.jar:/home/user/.m2/repository/org/apache/kerby/kerb-server/1.0.1/kerb-server-1.0.1.jar:/home/user/.m2/repository/org/apache/kerby/kerb-identity/1.0.1/kerb-identity-1.0.1.jar:/home/user/.m2/repository/org/apache/kerby/kerby-xdr/1.0.1/kerby-xdr-1.0.1.jar:/home/user/.m2/repository/org/slf4j/slf4j-log4j12/1.7.25/slf4j-log4j12-1.7.25.jar:/home/user/.m2/repository/org/apache/hadoop/hadoop-ozone-s3gateway/0.5.0-SNAPSHOT/hadoop-ozone-s3gateway-0.5.0-SNAPSHOT.jar:/home/user/.m2/repository/org/jboss/weld/servlet/weld-servlet/2.4.7.Final/weld-servlet-2.4.7.Final.jar:/home/user/.m2/repository/org/glassfish/jersey/containers/jersey-container-servlet-core/2.27/jersey-container-servlet-core-2.27.jar:/home/user/.m2/repository/org/glassfish/hk2/external/javax.inject/2.5.0-b42/javax.inject-2.5.0-b42.jar:/home/user/.m2/repository/org/glassfish/jersey/core/jersey-common/2.27/jersey-common-2.27.jar:/home/user/.m2/repository/org/glassfish/hk2/osgi-resource-locator/1.0.1/osgi-resource-locator-1.0.1.jar:/home/user/.m2/repository/javax/ws/rs/javax.ws.rs-api/2.1/javax.ws.rs-api-2.1.jar:/home/user/.m2/repository/org/glassfish/jersey/ext/cdi/jersey-cdi1x/2.27/jersey-cdi1x-2.27.jar:/home/user/.m2/repository/org/glassfish/jersey/inject/jersey-hk2/2.27/jersey-hk2-2.27.jar:/home/user/.m2/repository/org/glassfish/hk2/hk2-locator/2.5.0-b42/hk2-locator-2.5.0-b42.jar:/home/user/.m2/repository/org/javassist/javassist/3.22.0-CR2/javassist-3.22.0-CR2.jar:/home/user/.m2/repository/org/glassfish/hk2/hk2-api/2.5.0/hk2-api-2.5.0.jar:/home/user/.m2/repository/org/glassfish/hk2/external/jakarta.inject/2.5.0/jakarta.inject-2.5.0.jar:/home/user/.m2/repository/org/glassfish/hk2/hk2-utils/2.5.0/hk2-utils-2.5.0.jar:/home/user/.m2/repository/jakarta/annotation/jakarta.annotation-api/1.3.4/jakarta.annotation-api-1.3.4.jar:/home/user/.m2/repository/org/glassfish/hk2/external/aopalliance-repackaged/2.5.0/aopalliance-repackaged-2.5.0.jar:/home/user/.m2/repository/com/fasterxml/jackson/dataformat/jackson-dataformat-xml/2.9.0/jackson-dataformat-xml-2.9.0.jar:/home/user/.m2/repository/com/fasterxml/jackson/core/jackson-core/2.9.9/jackson-core-2.9.9.jar:/home/user/.m2/repository/com/fasterxml/jackson/module/jackson-module-jaxb-annotations/2.9.9/jackson-module-jaxb-annotations-2.9.9.jar:/home/user/.m2/repository/javax/enterprise/cdi-api/1.2/cdi-api-1.2.jar:/home/user/.m2/repository/javax/el/javax.el-api/3.0.0/javax.el-api-3.0.0.jar:/home/user/.m2/repository/javax/interceptor/javax.interceptor-api/1.2/javax.interceptor-api-1.2.jar:/home/user/.m2/repository/javax/inject/javax.inject/1/javax.inject-1.jar:/home/user/.m2/repository/com/sun/xml/bind/jaxb-impl/2.3.0.1/jaxb-impl-2.3.0.1.jar:/home/user/.m2/repository/com/sun/xml/bind/jaxb-core/2.3.0.1/jaxb-core-2.3.0.1.jar:/home/user/.m2/repository/javax/xml/bind/jaxb-api/2.3.0/jaxb-api-2.3.0.jar:/home/user/.m2/repository/javax/activation/activation/1.1.1/activation-1.1.1.jar:/home/user/.m2/repository/org/apache/hadoop/hadoop-ozone-csi/0.5.0-SNAPSHOT/hadoop-ozone-csi-0.5.0-SNAPSHOT.jar:/home/user/.m2/repository/com/google/protobuf/protobuf-java-util/3.5.1/protobuf-java-util-3.5.1.jar:/home/user/.m2/repository/org/apache/hadoop/hadoop-hdds-config/0.5.0-SNAPSHOT/hadoop-hdds-config-0.5.0-SNAPSHOT.jar:/home/user/.m2/repository/io/grpc/grpc-netty/1.17.1/grpc-netty-1.17.1.jar:/home/user/.m2/repository/io/grpc/grpc-core/1.17.1/grpc-core-1.17.1.jar:/home/user/.m2/repository/io/grpc/grpc-context/1.17.1/grpc-context-1.17.1.jar:/home/user/.m2/repository/com/google/errorprone/error_prone_annotations/2.2.0/error_prone_annotations-2.2.0.jar:/home/user/.m2/repository/org/codehaus/mojo/animal-sniffer-annotations/1.17/animal-sniffer-annotations-1.17.jar:/home/user/.m2/repository/io/opencensus/opencensus-api/0.17.0/opencensus-api-0.17.0.jar:/home/user/.m2/repository/io/opencensus/opencensus-contrib-grpc-metrics/0.17.0/opencensus-contrib-grpc-metrics-0.17.0.jar:/home/user/.m2/repository/io/netty/netty-codec-http2/4.1.30.Final/netty-codec-http2-4.1.30.Final.jar:/home/user/.m2/repository/io/netty/netty-codec-http/4.1.30.Final/netty-codec-http-4.1.30.Final.jar:/home/user/.m2/repository/io/netty/netty-codec/4.1.30.Final/netty-codec-4.1.30.Final.jar:/home/user/.m2/repository/io/netty/netty-handler/4.1.30.Final/netty-handler-4.1.30.Final.jar:/home/user/.m2/repository/io/netty/netty-handler-proxy/4.1.30.Final/netty-handler-proxy-4.1.30.Final.jar:/home/user/.m2/repository/io/netty/netty-codec-socks/4.1.30.Final/netty-codec-socks-4.1.30.Final.jar:/home/user/.m2/repository/io/netty/netty-transport-native-epoll/4.1.30.Final/netty-transport-native-epoll-4.1.30.Final.jar:/home/user/.m2/repository/io/netty/netty-common/4.1.30.Final/netty-common-4.1.30.Final.jar:/home/user/.m2/repository/io/netty/netty-buffer/4.1.30.Final/netty-buffer-4.1.30.Final.jar:/home/user/.m2/repository/io/netty/netty-transport/4.1.30.Final/netty-transport-4.1.30.Final.jar:/home/user/.m2/repository/io/netty/netty-resolver/4.1.30.Final/netty-resolver-4.1.30.Final.jar:/home/user/.m2/repository/io/netty/netty-transport-native-unix-common/4.1.30.Final/netty-transport-native-unix-common-4.1.30.Final.jar:/home/user/.m2/repository/io/grpc/grpc-protobuf/1.17.1/grpc-protobuf-1.17.1.jar:/home/user/.m2/repository/com/google/api/grpc/proto-google-common-protos/1.0.0/proto-google-common-protos-1.0.0.jar:/home/user/.m2/repository/io/grpc/grpc-protobuf-lite/1.17.1/grpc-protobuf-lite-1.17.1.jar:/home/user/.m2/repository/io/grpc/grpc-stub/1.17.1/grpc-stub-1.17.1.jar:/home/user/.m2/repository/org/apache/hadoop/hadoop-ozone-recon/0.5.0-SNAPSHOT/hadoop-ozone-recon-0.5.0-SNAPSHOT.jar:/home/user/.m2/repository/org/apache/hadoop/hadoop-ozone-reconcodegen/0.5.0-SNAPSHOT/hadoop-ozone-reconcodegen-0.5.0-SNAPSHOT.jar:/home/user/.m2/repository/com/google/inject/extensions/guice-multibindings/4.0/guice-multibindings-4.0.jar:/home/user/.m2/repository/com/google/inject/guice/4.0/guice-4.0.jar:/home/user/.m2/repository/aopalliance/aopalliance/1.0/aopalliance-1.0.jar:/home/user/.m2/repository/com/google/inject/extensions/guice-servlet/4.0/guice-servlet-4.0.jar:/home/user/.m2/repository/org/glassfish/jersey/containers/jersey-container-servlet/2.27/jersey-container-servlet-2.27.jar:/home/user/.m2/repository/org/glassfish/hk2/guice-bridge/2.5.0/guice-bridge-2.5.0.jar:/home/user/.m2/repository/org/glassfish/jersey/core/jersey-server/2.27/jersey-server-2.27.jar:/home/user/.m2/repository/org/glassfish/jersey/core/jersey-client/2.27/jersey-client-2.27.jar:/home/user/.m2/repository/org/glassfish/jersey/media/jersey-media-jaxb/2.27/jersey-media-jaxb-2.27.jar:/home/user/.m2/repository/javax/validation/validation-api/1.1.0.Final/validation-api-1.1.0.Final.jar:/home/user/.m2/repository/org/glassfish/jersey/media/jersey-media-json-jackson/2.27/jersey-media-json-jackson-2.27.jar:/home/user/.m2/repository/org/glassfish/jersey/ext/jersey-entity-filtering/2.27/jersey-entity-filtering-2.27.jar:/home/user/.m2/repository/com/google/inject/extensions/guice-assistedinject/4.0/guice-assistedinject-4.0.jar:/home/user/.m2/repository/org/jooq/jooq/3.11.10/jooq-3.11.10.jar:/home/user/.m2/repository/org/jooq/jooq-meta/3.11.10/jooq-meta-3.11.10.jar:/home/user/.m2/repository/org/jooq/jooq-codegen/3.11.10/jooq-codegen-3.11.10.jar:/home/user/.m2/repository/com/jolbox/bonecp/0.8.0.RELEASE/bonecp-0.8.0.RELEASE.jar:/home/user/.m2/repository/org/xerial/sqlite-jdbc/3.25.2/sqlite-jdbc-3.25.2.jar:/home/user/.m2/repository/org/springframework/spring-jdbc/5.1.3.RELEASE/spring-jdbc-5.1.3.RELEASE.jar:/home/user/.m2/repository/org/springframework/spring-beans/5.1.3.RELEASE/spring-beans-5.1.3.RELEASE.jar:/home/user/.m2/repository/org/springframework/spring-core/5.1.3.RELEASE/spring-core-5.1.3.RELEASE.jar:/home/user/.m2/repository/org/springframework/spring-jcl/5.1.3.RELEASE/spring-jcl-5.1.3.RELEASE.jar:/home/user/.m2/repository/org/springframework/spring-tx/5.1.3.RELEASE/spring-tx-5.1.3.RELEASE.jar:/home/user/.m2/repository/org/apache/hadoop/hadoop-ozone-client/0.5.0-SNAPSHOT/hadoop-ozone-client-0.5.0-SNAPSHOT.jar:/home/user/.m2/repository/commons-lang/commons-lang/2.6/commons-lang-2.6.jar:/home/user/.m2/repository/org/apache/hadoop/hadoop-ozone-ozone-manager/0.5.0-SNAPSHOT/hadoop-ozone-ozone-manager-0.5.0-SNAPSHOT-tests.jar:/home/user/.m2/repository/junit/junit/4.11/junit-4.11.jar:/home/user/.m2/repository/org/hamcrest/hamcrest-core/1.3/hamcrest-core-1.3.jar:/home/user/.m2/repository/org/openjdk/jmh/jmh-core/1.19/jmh-core-1.19.jar:/home/user/.m2/repository/net/sf/jopt-simple/jopt-simple/4.6/jopt-simple-4.6.jar:/home/user/.m2/repository/org/apache/commons/commons-math3/3.1.1/commons-math3-3.1.1.jar:/home/user/.m2/repository/org/openjdk/jmh/jmh-generator-annprocess/1.19/jmh-generator-annprocess-1.19.jar:/home/user/.m2/repository/org/mockito/mockito-all/1.8.5/mockito-all-1.8.5.jar:/home/user/.m2/repository/org/apache/hadoop/hadoop-kms/3.2.0/hadoop-kms-3.2.0.jar:/home/user/.m2/repository/org/apache/hadoop/hadoop-auth/3.2.0/hadoop-auth-3.2.0.jar:/home/user/.m2/repository/com/nimbusds/nimbus-jose-jwt/4.41.1/nimbus-jose-jwt-4.41.1.jar:/home/user/.m2/repository/com/github/stephenc/jcip/jcip-annotations/1.0-1/jcip-annotations-1.0-1.jar:/home/user/.m2/repository/net/minidev/json-smart/2.3/json-smart-2.3.jar:/home/user/.m2/repository/net/minidev/accessors-smart/1.2/accessors-smart-1.2.jar:/home/user/.m2/repository/org/ow2/asm/asm/5.0.4/asm-5.0.4.jar:/home/user/.m2/repository/org/apache/curator/curator-framework/2.12.0/curator-framework-2.12.0.jar:/home/user/.m2/repository/com/sun/jersey/jersey-core/1.19/jersey-core-1.19.jar:/home/user/.m2/repository/javax/ws/rs/jsr311-api/1.1.1/jsr311-api-1.1.1.jar:/home/user/.m2/repository/com/sun/jersey/jersey-server/1.19/jersey-server-1.19.jar:/home/user/.m2/repository/javax/servlet/javax.servlet-api/3.1.0/javax.servlet-api-3.1.0.jar:/home/user/.m2/repository/org/eclipse/jetty/jetty-server/9.3.25.v20180904/jetty-server-9.3.25.v20180904.jar:/home/user/.m2/repository/org/eclipse/jetty/jetty-http/9.3.25.v20180904/jetty-http-9.3.25.v20180904.jar:/home/user/.m2/repository/org/eclipse/jetty/jetty-io/9.3.25.v20180904/jetty-io-9.3.25.v20180904.jar:/home/user/.m2/repository/org/eclipse/jetty/jetty-webapp/9.3.25.v20180904/jetty-webapp-9.3.25.v20180904.jar:/home/user/.m2/repository/org/eclipse/jetty/jetty-xml/9.3.25.v20180904/jetty-xml-9.3.25.v20180904.jar:/home/user/.m2/repository/log4j/log4j/1.2.17/log4j-1.2.17.jar:/home/user/.m2/repository/org/slf4j/slf4j-api/1.7.25/slf4j-api-1.7.25.jar:/home/user/.m2/repository/org/slf4j/jul-to-slf4j/1.7.25/jul-to-slf4j-1.7.25.jar:/home/user/.m2/repository/org/eclipse/jetty/jetty-util/9.3.25.v20180904/jetty-util-9.3.25.v20180904.jar:/home/user/.m2/repository/com/fasterxml/jackson/core/jackson-databind/2.9.9/jackson-databind-2.9.9.jar:/home/user/.m2/repository/org/apache/hadoop/hadoop-kms/3.2.0/hadoop-kms-3.2.0-tests.jar:/home/user/.m2/repository/org/apache/hadoop/hadoop-hdds-server-scm/0.5.0-SNAPSHOT/hadoop-hdds-server-scm-0.5.0-SNAPSHOT-tests.jar:/home/user/.m2/repository/org/apache/hadoop/hadoop-hdds-container-service/0.5.0-SNAPSHOT/hadoop-hdds-container-service-0.5.0-SNAPSHOT-tests.jar:/home/user/.m2/repository/org/yaml/snakeyaml/1.16/snakeyaml-1.16.jar:/home/user/.m2/repository/org/apache/hadoop/hadoop-common/3.2.0/hadoop-common-3.2.0-tests.jar:/home/user/.m2/repository/org/apache/hadoop/hadoop-annotations/3.2.0/hadoop-annotations-3.2.0.jar:/usr/lib/jvm/java-1.8-openjdk/jre/../lib/tools.jar:/home/user/.m2/repository/commons-cli/commons-cli/1.2/commons-cli-1.2.jar:/home/user/.m2/repository/org/apache/httpcomponents/httpclient/4.5.2/httpclient-4.5.2.jar:/home/user/.m2/repository/org/apache/httpcomponents/httpcore/4.4.4/httpcore-4.4.4.jar:/home/user/.m2/repository/commons-codec/commons-codec/1.11/commons-codec-1.11.jar:/home/user/.m2/repository/commons-net/commons-net/3.6/commons-net-3.6.jar:/home/user/.m2/repository/commons-collections/commons-collections/3.2.2/commons-collections-3.2.2.jar:/home/user/.m2/repository/org/eclipse/jetty/jetty-servlet/9.3.25.v20180904/jetty-servlet-9.3.25.v20180904.jar:/home/user/.m2/repository/org/eclipse/jetty/jetty-security/9.3.25.v20180904/jetty-security-9.3.25.v20180904.jar:/home/user/.m2/repository/javax/servlet/jsp/jsp-api/2.1/jsp-api-2.1.jar:/home/user/.m2/repository/com/sun/jersey/jersey-servlet/1.19/jersey-servlet-1.19.jar:/home/user/.m2/repository/com/sun/jersey/jersey-json/1.19/jersey-json-1.19.jar:/home/user/.m2/repository/org/codehaus/jettison/jettison/1.1/jettison-1.1.jar:/home/user/.m2/repository/org/codehaus/jackson/jackson-core-asl/1.9.13/jackson-core-asl-1.9.13.jar:/home/user/.m2/repository/org/codehaus/jackson/jackson-mapper-asl/1.9.13/jackson-mapper-asl-1.9.13.jar:/home/user/.m2/repository/org/codehaus/jackson/jackson-jaxrs/1.9.13/jackson-jaxrs-1.9.13.jar:/home/user/.m2/repository/org/codehaus/jackson/jackson-xc/1.9.13/jackson-xc-1.9.13.jar:/home/user/.m2/repository/commons-logging/commons-logging/1.1.3/commons-logging-1.1.3.jar:/home/user/.m2/repository/commons-beanutils/commons-beanutils/1.9.4/commons-beanutils-1.9.4.jar:/home/user/.m2/repository/org/apache/commons/commons-configuration2/2.1.1/commons-configuration2-2.1.1.jar:/home/user/.m2/repository/org/apache/commons/commons-lang3/3.7/commons-lang3-3.7.jar:/home/user/.m2/repository/org/apache/commons/commons-text/1.4/commons-text-1.4.jar:/home/user/.m2/repository/org/apache/avro/avro/1.7.7/avro-1.7.7.jar:/home/user/.m2/repository/com/thoughtworks/paranamer/paranamer/2.3/paranamer-2.3.jar:/home/user/.m2/repository/org/xerial/snappy/snappy-java/1.0.5/snappy-java-1.0.5.jar:/home/user/.m2/repository/com/google/re2j/re2j/1.1/re2j-1.1.jar:/home/user/.m2/repository/com/google/code/gson/gson/2.2.4/gson-2.2.4.jar:/home/user/.m2/repository/com/jcraft/jsch/0.1.54/jsch-0.1.54.jar:/home/user/.m2/repository/org/apache/curator/curator-client/2.12.0/curator-client-2.12.0.jar:/home/user/.m2/repository/org/apache/curator/curator-recipes/2.12.0/curator-recipes-2.12.0.jar:/home/user/.m2/repository/com/google/code/findbugs/jsr305/3.0.0/jsr305-3.0.0.jar:/home/user/.m2/repository/org/apache/htrace/htrace-core4/4.1.0-incubating/htrace-core4-4.1.0-incubating.jar:/home/user/.m2/repository/org/apache/zookeeper/zookeeper/3.4.13/zookeeper-3.4.13.jar:/home/user/.m2/repository/jline/jline/0.9.94/jline-0.9.94.jar:/home/user/.m2/repository/org/apache/yetus/audience-annotations/0.5.0/audience-annotations-0.5.0.jar:/home/user/.m2/repository/org/codehaus/woodstox/stax2-api/3.1.4/stax2-api-3.1.4.jar:/home/user/.m2/repository/com/fasterxml/woodstox/woodstox-core/5.0.3/woodstox-core-5.0.3.jar:/home/user/.m2/repository/dnsjava/dnsjava/2.1.7/dnsjava-2.1.7.jar:/home/user/.m2/repository/org/apache/hadoop/hadoop-hdfs/3.2.0/hadoop-hdfs-3.2.0-tests.jar:/home/user/.m2/repository/org/eclipse/jetty/jetty-util-ajax/9.3.25.v20180904/jetty-util-ajax-9.3.25.v20180904.jar:/home/user/.m2/repository/commons-daemon/commons-daemon/1.0.13/commons-daemon-1.0.13.jar:/home/user/.m2/repository/io/netty/netty/3.10.5.Final/netty-3.10.5.Final.jar:/home/user/.m2/repository/io/netty/netty-all/4.0.52.Final/netty-all-4.0.52.Final.jar:/home/user/.m2/repository/org/fusesource/leveldbjni/leveldbjni-all/1.8/leveldbjni-all-1.8.jar:"/>
    <property name="sun.cpu.endian" value="little"/>
    <property name="user.home" value="/home/user"/>
    <property name="user.language" value="en"/>
    <property name="java.specification.vendor" value="Oracle Corporation"/>
    <property name="java.home" value="/usr/lib/jvm/java-1.8-openjdk/jre"/>
    <property name="surefire.excludesFile" value="/tools/ozone-bad-unit-tests"/>
    <property name="java.security.krb5.conf" value="/workdir/hadoop-ozone/integration-test/target/test-classes/krb5.conf"/>
    <property name="basedir" value="/workdir/hadoop-ozone/integration-test"/>
    <property name="file.separator" value="/"/>
    <property name="line.separator" value="&#10;"/>
    <property name="java.vm.specification.vendor" value="Oracle Corporation"/>
    <property name="java.specification.name" value="Java Platform API Specification"/>
    <property name="java.awt.graphicsenv" value="sun.awt.X11GraphicsEnvironment"/>
    <property name="surefire.real.class.path" value="/workdir/hadoop-ozone/integration-test/target/surefire/surefirebooter3921629134550897807.jar"/>
    <property name="hadoop.log.dir" value="/workdir/hadoop-ozone/integration-test/target/log"/>
    <property name="sun.boot.class.path" value="/usr/lib/jvm/java-1.8-openjdk/jre/lib/resources.jar:/usr/lib/jvm/java-1.8-openjdk/jre/lib/rt.jar:/usr/lib/jvm/java-1.8-openjdk/jre/lib/sunrsasign.jar:/usr/lib/jvm/java-1.8-openjdk/jre/lib/jsse.jar:/usr/lib/jvm/java-1.8-openjdk/jre/lib/jce.jar:/usr/lib/jvm/java-1.8-openjdk/jre/lib/charsets.jar:/usr/lib/jvm/java-1.8-openjdk/jre/lib/jfr.jar:/usr/lib/jvm/java-1.8-openjdk/jre/classes"/>
    <property name="sun.management.compiler" value="HotSpot 64-Bit Tiered Compilers"/>
    <property name="java.runtime.version" value="1.8.0_212-b04"/>
    <property name="java.net.preferIPv4Stack" value="true"/>
    <property name="user.name" value="jenkins1000"/>
    <property name="path.separator" value=":"/>
    <property name="java.security.egd" value="file:///dev/urandom"/>
    <property name="os.version" value="3.10.0-957.12.2.el7.x86_64"/>
    <property name="java.endorsed.dirs" value="/usr/lib/jvm/java-1.8-openjdk/jre/lib/endorsed"/>
    <property name="java.runtime.name" value="OpenJDK Runtime Environment"/>
    <property name="file.encoding" value="UTF-8"/>
    <property name="java.vm.name" value="OpenJDK 64-Bit Server VM"/>
    <property name="test.build.webapps" value=""/>
    <property name="localRepository" value="/home/user/.m2/repository"/>
    <property name="java.vendor.url.bug" value="https://icedtea.classpath.org/bugzilla"/>
    <property name="java.io.tmpdir" value="/tmp"/>
    <property name="require.test.libhadoop" value=""/>
    <property name="java.version" value="1.8.0_212"/>
    <property name="user.dir" value="/workdir/hadoop-ozone/integration-test"/>
    <property name="os.arch" value="amd64"/>
    <property name="java.vm.specification.name" value="Java Virtual Machine Specification"/>
    <property name="test.build.classes" value="/workdir/hadoop-ozone/integration-test/target/test-classes"/>
    <property name="java.awt.printerjob" value="sun.print.PSPrinterJob"/>
    <property name="sun.os.patch.level" value="unknown"/>
    <property name="hadoop.tmp.dir" value="/workdir/hadoop-ozone/integration-test/target/tmp"/>
    <property name="java.library.path" value="/usr/lib/jvm/java-1.8-openjdk/jre/lib/amd64/server:/usr/lib/jvm/java-1.8-openjdk/jre/lib/amd64:/usr/lib/jvm/java-1.8-openjdk/jre/../lib/amd64:/workdir/hadoop-ozone/integration-test/target/native/target/usr/local/lib:/workdir/hadoop-ozone/integration-test/../../hadoop-common-project/hadoop-common/target/native/target/usr/local/lib:/usr/java/packages/lib/amd64:/usr/lib64:/lib64:/lib:/usr/lib"/>
    <property name="java.vm.info" value="mixed mode"/>
    <property name="java.vendor" value="IcedTea"/>
    <property name="java.vm.version" value="25.212-b04"/>
    <property name="java.ext.dirs" value="/usr/lib/jvm/java-1.8-openjdk/jre/lib/ext:/usr/java/packages/lib/ext"/>
    <property name="sun.io.unicode.encoding" value="UnicodeLittle"/>
    <property name="java.class.version" value="52.0"/>
  </properties>
  <testcase name="test2DatanodesFailure" classname="org.apache.hadoop.ozone.client.rpc.TestBlockOutputStreamWithFailures" time="61.013"/>
  <testcase name="testDatanodeFailureWithPreAllocation" classname="org.apache.hadoop.ozone.client.rpc.TestBlockOutputStreamWithFailures" time="227.131"/>
  <testcase name="testDatanodeFailureWithSingleNodeRatis" classname="org.apache.hadoop.ozone.client.rpc.TestBlockOutputStreamWithFailures" time="226.562"/>
  <testcase name="testWatchForCommitWithSingleNodeRatis" classname="org.apache.hadoop.ozone.client.rpc.TestBlockOutputStreamWithFailures" time="36.085"/>
  <testcase name="testWatchForCommitDatanodeFailure" classname="org.apache.hadoop.ozone.client.rpc.TestBlockOutputStreamWithFailures" time="45.06">
    <failure message="expected:&lt;2&gt; but was:&lt;3&gt;" type="java.lang.AssertionError"><![CDATA[java.lang.AssertionError: expected:<2> but was:<3>
	at org.junit.Assert.fail(Assert.java:88)
	at org.junit.Assert.failNotEquals(Assert.java:743)
	at org.junit.Assert.assertEquals(Assert.java:118)
	at org.junit.Assert.assertEquals(Assert.java:555)
	at org.junit.Assert.assertEquals(Assert.java:542)
	at org.apache.hadoop.ozone.client.rpc.TestBlockOutputStreamWithFailures.testWatchForCommitDatanodeFailure(TestBlockOutputStreamWithFailures.java:366)
	at sun.reflect.NativeMethodAccessorImpl.invoke0(Native Method)
	at sun.reflect.NativeMethodAccessorImpl.invoke(NativeMethodAccessorImpl.java:62)
	at sun.reflect.DelegatingMethodAccessorImpl.invoke(DelegatingMethodAccessorImpl.java:43)
	at java.lang.reflect.Method.invoke(Method.java:498)
	at org.junit.runners.model.FrameworkMethod$1.runReflectiveCall(FrameworkMethod.java:47)
	at org.junit.internal.runners.model.ReflectiveCallable.run(ReflectiveCallable.java:12)
	at org.junit.runners.model.FrameworkMethod.invokeExplosively(FrameworkMethod.java:44)
	at org.junit.internal.runners.statements.InvokeMethod.evaluate(InvokeMethod.java:17)
	at org.junit.internal.runners.statements.RunBefores.evaluate(RunBefores.java:26)
	at org.junit.internal.runners.statements.RunAfters.evaluate(RunAfters.java:27)
	at org.junit.runners.ParentRunner.runLeaf(ParentRunner.java:271)
	at org.junit.runners.BlockJUnit4ClassRunner.runChild(BlockJUnit4ClassRunner.java:70)
	at org.junit.runners.BlockJUnit4ClassRunner.runChild(BlockJUnit4ClassRunner.java:50)
	at org.junit.runners.ParentRunner$3.run(ParentRunner.java:238)
	at org.junit.runners.ParentRunner$1.schedule(ParentRunner.java:63)
	at org.junit.runners.ParentRunner.runChildren(ParentRunner.java:236)
	at org.junit.runners.ParentRunner.access$000(ParentRunner.java:53)
	at org.junit.runners.ParentRunner$2.evaluate(ParentRunner.java:229)
	at org.junit.runners.ParentRunner.run(ParentRunner.java:309)
	at org.apache.maven.surefire.junit4.JUnit4Provider.execute(JUnit4Provider.java:365)
	at org.apache.maven.surefire.junit4.JUnit4Provider.executeWithRerun(JUnit4Provider.java:273)
	at org.apache.maven.surefire.junit4.JUnit4Provider.executeTestSet(JUnit4Provider.java:238)
	at org.apache.maven.surefire.junit4.JUnit4Provider.invoke(JUnit4Provider.java:159)
	at org.apache.maven.surefire.booter.ForkedBooter.invokeProviderInSameClassLoader(ForkedBooter.java:384)
	at org.apache.maven.surefire.booter.ForkedBooter.runSuitesInProcess(ForkedBooter.java:345)
	at org.apache.maven.surefire.booter.ForkedBooter.execute(ForkedBooter.java:126)
	at org.apache.maven.surefire.booter.ForkedBooter.main(ForkedBooter.java:418)
]]></failure>
    <system-out><![CDATA[2019-10-15 09:30:43,951 [main] WARN  server.ServerUtils (ServerUtils.java:getScmDbDir(145)) - ozone.scm.db.dirs is not configured. We recommend adding this setting. Falling back to ozone.metadata.dirs instead.
2019-10-15 09:30:43,975 [main] WARN  server.ServerUtils (ServerUtils.java:getScmDbDir(145)) - ozone.scm.db.dirs is not configured. We recommend adding this setting. Falling back to ozone.metadata.dirs instead.
2019-10-15 09:30:43,976 [main] WARN  server.ServerUtils (ServerUtils.java:getScmDbDir(145)) - ozone.scm.db.dirs is not configured. We recommend adding this setting. Falling back to ozone.metadata.dirs instead.
2019-10-15 09:30:43,976 [main] INFO  db.DBStoreBuilder (DBStoreBuilder.java:addTable(117)) - using custom profile for table: deletedBlocks
2019-10-15 09:30:43,977 [main] INFO  db.DBStoreBuilder (DBStoreBuilder.java:processTables(168)) - Using default column profile:DBProfile.DISK for Table:deletedBlocks
2019-10-15 09:30:43,977 [main] INFO  db.DBStoreBuilder (DBStoreBuilder.java:addTable(117)) - using custom profile for table: validCerts
2019-10-15 09:30:43,977 [main] INFO  db.DBStoreBuilder (DBStoreBuilder.java:processTables(168)) - Using default column profile:DBProfile.DISK for Table:validCerts
2019-10-15 09:30:43,977 [main] INFO  db.DBStoreBuilder (DBStoreBuilder.java:addTable(117)) - using custom profile for table: revokedCerts
2019-10-15 09:30:43,978 [main] INFO  db.DBStoreBuilder (DBStoreBuilder.java:processTables(168)) - Using default column profile:DBProfile.DISK for Table:revokedCerts
2019-10-15 09:30:43,978 [main] INFO  db.DBStoreBuilder (DBStoreBuilder.java:addTable(117)) - using custom profile for table: default
2019-10-15 09:30:43,978 [main] INFO  db.DBStoreBuilder (DBStoreBuilder.java:processTables(174)) - Using default column profile:DBProfile.DISK for Table:default
2019-10-15 09:30:43,978 [main] INFO  db.DBStoreBuilder (DBStoreBuilder.java:getDbProfile(205)) - Using default options. DBProfile.DISK
2019-10-15 09:30:44,166 [main] INFO  net.NodeSchemaLoader (NodeSchemaLoader.java:loadSchemaFromFile(125)) - Loading file from sun.misc.CompoundEnumeration@27898e13
2019-10-15 09:30:44,167 [main] INFO  net.NodeSchemaLoader (NodeSchemaLoader.java:loadSchema(171)) - Loading network topology layer schema file
2019-10-15 09:30:44,170 [main] INFO  node.SCMNodeManager (SCMNodeManager.java:<init>(116)) - Entering startup safe mode.
2019-10-15 09:30:44,171 [main] INFO  algorithms.ContainerPlacementPolicyFactory (ContainerPlacementPolicyFactory.java:getPolicy(57)) - Create container placement policy of type org.apache.hadoop.hdds.scm.container.placement.algorithms.SCMContainerPlacementRandom
2019-10-15 09:30:44,171 [main] WARN  server.ServerUtils (ServerUtils.java:getScmDbDir(145)) - ozone.scm.db.dirs is not configured. We recommend adding this setting. Falling back to ozone.metadata.dirs instead.
2019-10-15 09:30:44,204 [main] INFO  pipeline.SCMPipelineManager (SCMPipelineManager.java:initializePipelineState(150)) - No pipeline exists in current db
2019-10-15 09:30:44,204 [main] WARN  server.ServerUtils (ServerUtils.java:getScmDbDir(145)) - ozone.scm.db.dirs is not configured. We recommend adding this setting. Falling back to ozone.metadata.dirs instead.
2019-10-15 09:30:44,230 [main] INFO  safemode.HealthyPipelineSafeModeRule (HealthyPipelineSafeModeRule.java:<init>(89)) -  Total pipeline count is 0, healthy pipeline threshold count is 1
2019-10-15 09:30:44,230 [main] INFO  safemode.OneReplicaPipelineSafeModeRule (OneReplicaPipelineSafeModeRule.java:<init>(88)) - Total pipeline count is 0, pipeline's with at least one datanode reported threshold count is 0
2019-10-15 09:30:44,230 [main] WARN  events.EventQueue (EventQueue.java:fireEvent(183)) - No event handler registered for event TypedEvent{payloadType=SafeModeStatus, name='SafeModeStatus'}
2019-10-15 09:30:44,231 [main] INFO  ipc.CallQueueManager (CallQueueManager.java:<init>(84)) - Using callQueue: class java.util.concurrent.LinkedBlockingQueue, queueCapacity: 2000, scheduler: class org.apache.hadoop.ipc.DefaultRpcScheduler, ipcBackoff: false.
2019-10-15 09:30:44,232 [Socket Reader #1 for port 45114] INFO  ipc.Server (Server.java:run(1074)) - Starting Socket Reader #1 for port 45114
2019-10-15 09:30:44,234 [main] INFO  ipc.CallQueueManager (CallQueueManager.java:<init>(84)) - Using callQueue: class java.util.concurrent.LinkedBlockingQueue, queueCapacity: 2000, scheduler: class org.apache.hadoop.ipc.DefaultRpcScheduler, ipcBackoff: false.
2019-10-15 09:30:44,235 [Socket Reader #1 for port 35339] INFO  ipc.Server (Server.java:run(1074)) - Starting Socket Reader #1 for port 35339
2019-10-15 09:30:44,236 [main] INFO  ipc.CallQueueManager (CallQueueManager.java:<init>(84)) - Using callQueue: class java.util.concurrent.LinkedBlockingQueue, queueCapacity: 2000, scheduler: class org.apache.hadoop.ipc.DefaultRpcScheduler, ipcBackoff: false.
2019-10-15 09:30:44,236 [Socket Reader #1 for port 37824] INFO  ipc.Server (Server.java:run(1074)) - Starting Socket Reader #1 for port 37824
2019-10-15 09:30:44,238 [main] INFO  hdfs.DFSUtil (DFSUtil.java:httpServerTemplateForNNAndJN(1641)) - Starting Web-server for scm at: http://0.0.0.0:0
2019-10-15 09:30:44,240 [main] INFO  server.AuthenticationFilter (AuthenticationFilter.java:constructSecretProvider(240)) - Unable to initialize FileSignerSecretProvider, falling back to use random secrets.
2019-10-15 09:30:44,241 [main] WARN  http.HttpRequestLog (HttpRequestLog.java:getRequestLog(97)) - Jetty request log can only be enabled using Log4j
2019-10-15 09:30:44,242 [main] INFO  http.HttpServer2 (HttpServer2.java:addGlobalFilter(975)) - Added global filter 'safety' (class=org.apache.hadoop.http.HttpServer2$QuotingInputFilter)
2019-10-15 09:30:44,243 [main] INFO  http.HttpServer2 (HttpServer2.java:addFilter(948)) - Added filter static_user_filter (class=org.apache.hadoop.http.lib.StaticUserWebFilter$StaticUserFilter) to context scm
2019-10-15 09:30:44,243 [main] INFO  http.HttpServer2 (HttpServer2.java:addFilter(958)) - Added filter static_user_filter (class=org.apache.hadoop.http.lib.StaticUserWebFilter$StaticUserFilter) to context logs
2019-10-15 09:30:44,243 [main] INFO  http.HttpServer2 (HttpServer2.java:addFilter(958)) - Added filter static_user_filter (class=org.apache.hadoop.http.lib.StaticUserWebFilter$StaticUserFilter) to context static
2019-10-15 09:30:44,245 [main] INFO  server.StorageContainerManager (StorageContainerManager.java:start(771)) - StorageContainerLocationProtocol RPC server is listening at /0.0.0.0:37824
2019-10-15 09:30:44,247 [main] WARN  impl.MetricsConfig (MetricsConfig.java:loadFirst(134)) - Cannot locate configuration: tried hadoop-metrics2-storagecontainermanager.properties,hadoop-metrics2.properties
2019-10-15 09:30:44,248 [main] INFO  impl.MetricsSystemImpl (MetricsSystemImpl.java:startTimer(374)) - Scheduled Metric snapshot period at 10 second(s).
2019-10-15 09:30:44,248 [main] INFO  impl.MetricsSystemImpl (MetricsSystemImpl.java:start(191)) - StorageContainerManager metrics system started
2019-10-15 09:30:44,360 [main] WARN  impl.MetricsSystemImpl (MetricsSystemImpl.java:register(276)) - Sink prometheus already exists!
2019-10-15 09:30:44,411 [main] INFO  server.SCMClientProtocolServer (SCMClientProtocolServer.java:start(159)) - RPC server for Client  is listening at /0.0.0.0:37824
2019-10-15 09:30:44,412 [IPC Server Responder] INFO  ipc.Server (Server.java:run(1314)) - IPC Server Responder: starting
2019-10-15 09:30:44,412 [IPC Server listener on 37824] INFO  ipc.Server (Server.java:run(1153)) - IPC Server listener on 37824: starting
2019-10-15 09:30:44,415 [main] INFO  server.StorageContainerManager (StorageContainerManager.java:start(781)) - ScmBlockLocationProtocol RPC server is listening at /0.0.0.0:35339
2019-10-15 09:30:44,416 [main] INFO  server.SCMBlockProtocolServer (SCMBlockProtocolServer.java:start(146)) - RPC server for Block Protocol is listening at /0.0.0.0:35339
2019-10-15 09:30:44,416 [IPC Server Responder] INFO  ipc.Server (Server.java:run(1314)) - IPC Server Responder: starting
2019-10-15 09:30:44,416 [IPC Server listener on 35339] INFO  ipc.Server (Server.java:run(1153)) - IPC Server listener on 35339: starting
2019-10-15 09:30:44,420 [main] INFO  server.StorageContainerManager (StorageContainerManager.java:start(785)) - ScmDatanodeProtocl RPC server is listening at /0.0.0.0:45114
2019-10-15 09:30:44,420 [main] INFO  server.SCMDatanodeProtocolServer (SCMDatanodeProtocolServer.java:start(177)) - RPC server for DataNodes is listening at /0.0.0.0:45114
2019-10-15 09:30:44,420 [IPC Server Responder] INFO  ipc.Server (Server.java:run(1314)) - IPC Server Responder: starting
2019-10-15 09:30:44,420 [IPC Server listener on 45114] INFO  ipc.Server (Server.java:run(1153)) - IPC Server listener on 45114: starting
2019-10-15 09:30:44,424 [main] INFO  http.HttpServer2 (HttpServer2.java:bindListener(1191)) - Jetty bound to port 42201
2019-10-15 09:30:44,424 [main] INFO  server.Server (Server.java:doStart(351)) - jetty-9.3.25.v20180904, build timestamp: 2018-09-04T21:11:46Z, git hash: 3ce520221d0240229c862b122d2b06c12a625732
2019-10-15 09:30:44,426 [main] INFO  handler.ContextHandler (ContextHandler.java:doStart(781)) - Started o.e.j.s.ServletContextHandler@cbf1997{/logs,file:///workdir/hadoop-ozone/integration-test/target/log,AVAILABLE}
2019-10-15 09:30:44,426 [main] INFO  handler.ContextHandler (ContextHandler.java:doStart(781)) - Started o.e.j.s.ServletContextHandler@5faeeb56{/static,file:///workdir/hadoop-ozone/integration-test/target/test-classes/webapps/static,AVAILABLE}
2019-10-15 09:30:44,431 [main] INFO  handler.ContextHandler (ContextHandler.java:doStart(781)) - Started o.e.j.w.WebAppContext@4fb57fb3{/,file:///workdir/hadoop-ozone/integration-test/target/test-classes/webapps/scm/,AVAILABLE}{/scm}
2019-10-15 09:30:44,432 [main] INFO  server.AbstractConnector (AbstractConnector.java:doStart(278)) - Started ServerConnector@6b063470{HTTP/1.1,[http/1.1]}{0.0.0.0:42201}
2019-10-15 09:30:44,433 [main] INFO  server.Server (Server.java:doStart(419)) - Started @551766ms
2019-10-15 09:30:44,434 [main] WARN  impl.MetricsSystemImpl (MetricsSystemImpl.java:register(276)) - Sink prometheus already exists!
2019-10-15 09:30:44,435 [main] INFO  server.BaseHttpServer (BaseHttpServer.java:updateConnectorAddress(215)) - HTTP server of SCM is listening at http://0.0.0.0:42201
2019-10-15 09:30:44,435 [main] WARN  server.ServerUtils (ServerUtils.java:getDBPath(222)) - ozone.om.db.dirs is not configured. We recommend adding this setting. Falling back to ozone.metadata.dirs instead.
2019-10-15 09:30:44,436 [org.apache.hadoop.util.JvmPauseMonitor$Monitor@527937d0] INFO  util.JvmPauseMonitor (JvmPauseMonitor.java:run(188)) - Starting JVM pause monitor
2019-10-15 09:30:44,441 [main] INFO  ha.OMHANodeDetails (OMHANodeDetails.java:loadOMHAConfig(190)) - Configuration either no ozone.om.address set. Falling back to the default OM address /127.0.0.1:0
2019-10-15 09:30:44,441 [main] INFO  ha.OMHANodeDetails (OMHANodeDetails.java:getOMNodeDetails(220)) - OM Service ID is not set. Setting it to the default ID: omServiceIdDefault
2019-10-15 09:30:44,441 [main] WARN  server.ServerUtils (ServerUtils.java:getDBPath(222)) - ozone.om.db.dirs is not configured. We recommend adding this setting. Falling back to ozone.metadata.dirs instead.
2019-10-15 09:30:44,442 [main] WARN  server.ServerUtils (ServerUtils.java:getDBPath(222)) - ozone.om.db.dirs is not configured. We recommend adding this setting. Falling back to ozone.metadata.dirs instead.
2019-10-15 09:30:44,448 [main] WARN  server.ServerUtils (ServerUtils.java:getDBPath(222)) - ozone.om.db.dirs is not configured. We recommend adding this setting. Falling back to ozone.metadata.dirs instead.
2019-10-15 09:30:44,449 [main] INFO  db.DBStoreBuilder (DBStoreBuilder.java:addTable(117)) - using custom profile for table: userTable
2019-10-15 09:30:44,449 [main] INFO  db.DBStoreBuilder (DBStoreBuilder.java:processTables(168)) - Using default column profile:DBProfile.DISK for Table:userTable
2019-10-15 09:30:44,449 [main] INFO  db.DBStoreBuilder (DBStoreBuilder.java:addTable(117)) - using custom profile for table: volumeTable
2019-10-15 09:30:44,449 [main] INFO  db.DBStoreBuilder (DBStoreBuilder.java:processTables(168)) - Using default column profile:DBProfile.DISK for Table:volumeTable
2019-10-15 09:30:44,450 [main] INFO  db.DBStoreBuilder (DBStoreBuilder.java:addTable(117)) - using custom profile for table: bucketTable
2019-10-15 09:30:44,450 [main] INFO  db.DBStoreBuilder (DBStoreBuilder.java:processTables(168)) - Using default column profile:DBProfile.DISK for Table:bucketTable
2019-10-15 09:30:44,450 [main] INFO  db.DBStoreBuilder (DBStoreBuilder.java:addTable(117)) - using custom profile for table: keyTable
2019-10-15 09:30:44,450 [main] INFO  db.DBStoreBuilder (DBStoreBuilder.java:processTables(168)) - Using default column profile:DBProfile.DISK for Table:keyTable
2019-10-15 09:30:44,450 [main] INFO  db.DBStoreBuilder (DBStoreBuilder.java:addTable(117)) - using custom profile for table: deletedTable
2019-10-15 09:30:44,451 [main] INFO  db.DBStoreBuilder (DBStoreBuilder.java:processTables(168)) - Using default column profile:DBProfile.DISK for Table:deletedTable
2019-10-15 09:30:44,451 [main] INFO  db.DBStoreBuilder (DBStoreBuilder.java:addTable(117)) - using custom profile for table: openKeyTable
2019-10-15 09:30:44,451 [main] INFO  db.DBStoreBuilder (DBStoreBuilder.java:processTables(168)) - Using default column profile:DBProfile.DISK for Table:openKeyTable
2019-10-15 09:30:44,452 [main] INFO  db.DBStoreBuilder (DBStoreBuilder.java:addTable(117)) - using custom profile for table: s3Table
2019-10-15 09:30:44,452 [main] INFO  db.DBStoreBuilder (DBStoreBuilder.java:processTables(168)) - Using default column profile:DBProfile.DISK for Table:s3Table
2019-10-15 09:30:44,452 [main] INFO  db.DBStoreBuilder (DBStoreBuilder.java:addTable(117)) - using custom profile for table: multipartInfoTable
2019-10-15 09:30:44,452 [main] INFO  db.DBStoreBuilder (DBStoreBuilder.java:processTables(168)) - Using default column profile:DBProfile.DISK for Table:multipartInfoTable
2019-10-15 09:30:44,452 [main] INFO  db.DBStoreBuilder (DBStoreBuilder.java:addTable(117)) - using custom profile for table: dTokenTable
2019-10-15 09:30:44,453 [main] INFO  db.DBStoreBuilder (DBStoreBuilder.java:processTables(168)) - Using default column profile:DBProfile.DISK for Table:dTokenTable
2019-10-15 09:30:44,453 [main] INFO  db.DBStoreBuilder (DBStoreBuilder.java:addTable(117)) - using custom profile for table: s3SecretTable
2019-10-15 09:30:44,453 [main] INFO  db.DBStoreBuilder (DBStoreBuilder.java:processTables(168)) - Using default column profile:DBProfile.DISK for Table:s3SecretTable
2019-10-15 09:30:44,453 [main] INFO  db.DBStoreBuilder (DBStoreBuilder.java:addTable(117)) - using custom profile for table: prefixTable
2019-10-15 09:30:44,454 [main] INFO  db.DBStoreBuilder (DBStoreBuilder.java:processTables(168)) - Using default column profile:DBProfile.DISK for Table:prefixTable
2019-10-15 09:30:44,454 [main] INFO  db.DBStoreBuilder (DBStoreBuilder.java:addTable(117)) - using custom profile for table: default
2019-10-15 09:30:44,454 [main] INFO  db.DBStoreBuilder (DBStoreBuilder.java:processTables(174)) - Using default column profile:DBProfile.DISK for Table:default
2019-10-15 09:30:44,454 [main] INFO  db.DBStoreBuilder (DBStoreBuilder.java:getDbProfile(205)) - Using default options. DBProfile.DISK
2019-10-15 09:30:44,893 [main] INFO  ipc.CallQueueManager (CallQueueManager.java:<init>(84)) - Using callQueue: class java.util.concurrent.LinkedBlockingQueue, queueCapacity: 2000, scheduler: class org.apache.hadoop.ipc.DefaultRpcScheduler, ipcBackoff: false.
2019-10-15 09:30:44,894 [Socket Reader #1 for port 45439] INFO  ipc.Server (Server.java:run(1074)) - Starting Socket Reader #1 for port 45439
2019-10-15 09:30:44,907 [main] INFO  om.OzoneManager (OzoneManager.java:start(1071)) - OzoneManager RPC server is listening at localhost/127.0.0.1:45439
2019-10-15 09:30:44,907 [main] INFO  impl.MetricsSystemImpl (MetricsSystemImpl.java:init(158)) - OzoneManager metrics system started (again)
2019-10-15 09:30:44,908 [IPC Server Responder] INFO  ipc.Server (Server.java:run(1314)) - IPC Server Responder: starting
2019-10-15 09:30:44,910 [IPC Server listener on 45439] INFO  ipc.Server (Server.java:run(1153)) - IPC Server listener on 45439: starting
2019-10-15 09:30:44,915 [main] INFO  hdfs.DFSUtil (DFSUtil.java:httpServerTemplateForNNAndJN(1641)) - Starting Web-server for ozoneManager at: http://0.0.0.0:0
2019-10-15 09:30:44,916 [main] INFO  server.AuthenticationFilter (AuthenticationFilter.java:constructSecretProvider(240)) - Unable to initialize FileSignerSecretProvider, falling back to use random secrets.
2019-10-15 09:30:44,917 [main] WARN  http.HttpRequestLog (HttpRequestLog.java:getRequestLog(97)) - Jetty request log can only be enabled using Log4j
2019-10-15 09:30:44,918 [main] INFO  http.HttpServer2 (HttpServer2.java:addGlobalFilter(975)) - Added global filter 'safety' (class=org.apache.hadoop.http.HttpServer2$QuotingInputFilter)
2019-10-15 09:30:44,918 [main] INFO  http.HttpServer2 (HttpServer2.java:addFilter(948)) - Added filter static_user_filter (class=org.apache.hadoop.http.lib.StaticUserWebFilter$StaticUserFilter) to context ozoneManager
2019-10-15 09:30:44,918 [main] INFO  http.HttpServer2 (HttpServer2.java:addFilter(958)) - Added filter static_user_filter (class=org.apache.hadoop.http.lib.StaticUserWebFilter$StaticUserFilter) to context logs
2019-10-15 09:30:44,919 [main] INFO  http.HttpServer2 (HttpServer2.java:addFilter(958)) - Added filter static_user_filter (class=org.apache.hadoop.http.lib.StaticUserWebFilter$StaticUserFilter) to context static
2019-10-15 09:30:44,919 [main] INFO  http.HttpServer2 (HttpServer2.java:bindListener(1191)) - Jetty bound to port 39458
2019-10-15 09:30:44,919 [main] INFO  server.Server (Server.java:doStart(351)) - jetty-9.3.25.v20180904, build timestamp: 2018-09-04T21:11:46Z, git hash: 3ce520221d0240229c862b122d2b06c12a625732
2019-10-15 09:30:44,921 [main] INFO  handler.ContextHandler (ContextHandler.java:doStart(781)) - Started o.e.j.s.ServletContextHandler@73a845cb{/logs,file:///workdir/hadoop-ozone/integration-test/target/log,AVAILABLE}
2019-10-15 09:30:44,921 [main] INFO  handler.ContextHandler (ContextHandler.java:doStart(781)) - Started o.e.j.s.ServletContextHandler@7dbae40{/static,file:///workdir/hadoop-ozone/integration-test/target/test-classes/webapps/static,AVAILABLE}
2019-10-15 09:30:44,925 [main] INFO  handler.ContextHandler (ContextHandler.java:doStart(781)) - Started o.e.j.w.WebAppContext@1fe8f5e8{/,file:///workdir/hadoop-ozone/integration-test/target/test-classes/webapps/ozoneManager/,AVAILABLE}{/ozoneManager}
2019-10-15 09:30:44,925 [main] INFO  server.AbstractConnector (AbstractConnector.java:doStart(278)) - Started ServerConnector@39449465{HTTP/1.1,[http/1.1]}{0.0.0.0:39458}
2019-10-15 09:30:44,926 [main] INFO  server.Server (Server.java:doStart(419)) - Started @552259ms
2019-10-15 09:30:44,926 [main] WARN  impl.MetricsSystemImpl (MetricsSystemImpl.java:register(276)) - Sink prometheus already exists!
2019-10-15 09:30:44,927 [main] INFO  server.BaseHttpServer (BaseHttpServer.java:updateConnectorAddress(215)) - HTTP server of OZONEMANAGER is listening at http://0.0.0.0:39458
2019-10-15 09:30:44,938 [main] INFO  impl.MetricsSystemImpl (MetricsSystemImpl.java:init(158)) - HddsDatanode metrics system started (again)
2019-10-15 09:30:44,942 [main] INFO  ozone.HddsDatanodeService (HddsDatanodeService.java:start(184)) - HddsDatanodeService host:pr-hdds-2034-mt9tt-727200918 ip:192.168.5.139
2019-10-15 09:30:44,947 [main] INFO  volume.HddsVolume (HddsVolume.java:<init>(176)) - Creating Volume: /workdir/hadoop-ozone/integration-test/target/test-dir/MiniOzoneClusterImpl-56cf674f-c5b4-4091-81ba-767fb818b5f0/datanode-0/data/containers/hdds of  storage type : DISK and capacity : 1482555576320
2019-10-15 09:30:44,948 [main] INFO  volume.VolumeSet (VolumeSet.java:initializeVolumeSet(170)) - Added Volume : /workdir/hadoop-ozone/integration-test/target/test-dir/MiniOzoneClusterImpl-56cf674f-c5b4-4091-81ba-767fb818b5f0/datanode-0/data/containers/hdds to VolumeSet
2019-10-15 09:30:44,949 [main] INFO  volume.ThrottledAsyncChecker (ThrottledAsyncChecker.java:schedule(141)) - Scheduling a check for /workdir/hadoop-ozone/integration-test/target/test-dir/MiniOzoneClusterImpl-56cf674f-c5b4-4091-81ba-767fb818b5f0/datanode-0/data/containers/hdds
2019-10-15 09:30:44,951 [main] INFO  volume.HddsVolumeChecker (HddsVolumeChecker.java:checkAllVolumes(204)) - Scheduled health check for volume /workdir/hadoop-ozone/integration-test/target/test-dir/MiniOzoneClusterImpl-56cf674f-c5b4-4091-81ba-767fb818b5f0/datanode-0/data/containers/hdds
2019-10-15 09:30:44,969 [main] INFO  impl.RaftServerProxy (ConfUtils.java:logGet(43)) - raft.rpc.type = GRPC (default)
2019-10-15 09:30:44,969 [main] INFO  grpc.GrpcFactory (GrpcFactory.java:checkPooledByteBufAllocatorUseCacheForAllThreads(45)) - PERFORMANCE WARNING: useCacheForAllThreads is true that may cause Netty to create a lot garbage objects and, as a result, trigger GC.
	It is recommended to disable useCacheForAllThreads by setting -Dorg.apache.ratis.thirdparty.io.netty.allocator.useCacheForAllThreads=false in command line.
2019-10-15 09:30:44,969 [main] INFO  grpc.GrpcConfigKeys$Server (ConfUtils.java:logGet(43)) - raft.grpc.server.port = 0 (default)
2019-10-15 09:30:44,969 [main] INFO  server.GrpcService (ConfUtils.java:logGet(43)) - raft.grpc.message.size.max = 33570816 (custom)
2019-10-15 09:30:44,970 [main] INFO  server.RaftServerConfigKeys (ConfUtils.java:logGet(43)) - raft.server.log.appender.buffer.byte-limit = 33554432 (custom)
2019-10-15 09:30:44,970 [main] INFO  server.GrpcService (ConfUtils.java:logGet(43)) - raft.grpc.flow.control.window = 1MB (=1048576) (default)
2019-10-15 09:30:44,970 [main] INFO  server.RaftServerConfigKeys (ConfUtils.java:logGet(43)) - raft.server.rpc.request.timeout = 3000ms (default)
2019-10-15 09:30:44,971 [main] INFO  server.RaftServerConfigKeys (ConfUtils.java:logGet(43)) - raft.server.storage.dir = [/workdir/hadoop-ozone/integration-test/target/test-dir/MiniOzoneClusterImpl-56cf674f-c5b4-4091-81ba-767fb818b5f0/datanode-0/data/ratis] (custom)
2019-10-15 09:30:44,972 [main] INFO  hdfs.DFSUtil (DFSUtil.java:httpServerTemplateForNNAndJN(1641)) - Starting Web-server for hddsDatanode at: http://0.0.0.0:0
2019-10-15 09:30:44,973 [main] INFO  server.AuthenticationFilter (AuthenticationFilter.java:constructSecretProvider(240)) - Unable to initialize FileSignerSecretProvider, falling back to use random secrets.
2019-10-15 09:30:44,974 [main] WARN  http.HttpRequestLog (HttpRequestLog.java:getRequestLog(97)) - Jetty request log can only be enabled using Log4j
2019-10-15 09:30:44,975 [main] INFO  http.HttpServer2 (HttpServer2.java:addGlobalFilter(975)) - Added global filter 'safety' (class=org.apache.hadoop.http.HttpServer2$QuotingInputFilter)
2019-10-15 09:30:44,976 [main] INFO  http.HttpServer2 (HttpServer2.java:addFilter(948)) - Added filter static_user_filter (class=org.apache.hadoop.http.lib.StaticUserWebFilter$StaticUserFilter) to context hddsDatanode
2019-10-15 09:30:44,976 [main] INFO  http.HttpServer2 (HttpServer2.java:addFilter(958)) - Added filter static_user_filter (class=org.apache.hadoop.http.lib.StaticUserWebFilter$StaticUserFilter) to context static
2019-10-15 09:30:44,976 [main] INFO  http.HttpServer2 (HttpServer2.java:addFilter(958)) - Added filter static_user_filter (class=org.apache.hadoop.http.lib.StaticUserWebFilter$StaticUserFilter) to context logs
2019-10-15 09:30:44,977 [main] INFO  http.HttpServer2 (HttpServer2.java:bindListener(1191)) - Jetty bound to port 46771
2019-10-15 09:30:44,977 [main] INFO  server.Server (Server.java:doStart(351)) - jetty-9.3.25.v20180904, build timestamp: 2018-09-04T21:11:46Z, git hash: 3ce520221d0240229c862b122d2b06c12a625732
2019-10-15 09:30:44,979 [main] INFO  handler.ContextHandler (ContextHandler.java:doStart(781)) - Started o.e.j.s.ServletContextHandler@3bbb8c16{/logs,file:///workdir/hadoop-ozone/integration-test/target/log,AVAILABLE}
2019-10-15 09:30:44,979 [main] INFO  handler.ContextHandler (ContextHandler.java:doStart(781)) - Started o.e.j.s.ServletContextHandler@11eec06b{/static,jar:file:/home/user/.m2/repository/org/apache/hadoop/hadoop-hdds-container-service/0.5.0-SNAPSHOT/hadoop-hdds-container-service-0.5.0-SNAPSHOT.jar!/webapps/static,AVAILABLE}
2019-10-15 09:30:45,011 [main] INFO  handler.ContextHandler (ContextHandler.java:doStart(781)) - Started o.e.j.w.WebAppContext@7faa0680{/,file:///tmp/jetty-0.0.0.0-46771-hddsDatanode-_-any-5923306150157399531.dir/webapp/,AVAILABLE}{/hddsDatanode}
2019-10-15 09:30:45,012 [main] INFO  server.AbstractConnector (AbstractConnector.java:doStart(278)) - Started ServerConnector@4c635edc{HTTP/1.1,[http/1.1]}{0.0.0.0:46771}
2019-10-15 09:30:45,013 [main] INFO  server.Server (Server.java:doStart(419)) - Started @552346ms
2019-10-15 09:30:45,014 [main] WARN  impl.MetricsSystemImpl (MetricsSystemImpl.java:register(276)) - Sink prometheus already exists!
2019-10-15 09:30:45,014 [main] INFO  server.BaseHttpServer (BaseHttpServer.java:updateConnectorAddress(215)) - HTTP server of HDDSDATANODE is listening at http://0.0.0.0:46771
2019-10-15 09:30:45,015 [main] INFO  impl.MetricsSystemImpl (MetricsSystemImpl.java:init(158)) - HddsDatanode metrics system started (again)
2019-10-15 09:30:45,018 [org.apache.hadoop.util.JvmPauseMonitor$Monitor@61202bf9] INFO  util.JvmPauseMonitor (JvmPauseMonitor.java:run(188)) - Starting JVM pause monitor
2019-10-15 09:30:45,019 [main] INFO  ozone.HddsDatanodeService (HddsDatanodeService.java:start(184)) - HddsDatanodeService host:pr-hdds-2034-mt9tt-727200918 ip:192.168.5.139
2019-10-15 09:30:45,020 [Datanode State Machine Thread - 0] INFO  datanode.InitDatanodeState (InitDatanodeState.java:persistContainerDatanodeDetails(140)) - DatanodeDetails is persisted to /workdir/hadoop-ozone/integration-test/target/test-dir/MiniOzoneClusterImpl-56cf674f-c5b4-4091-81ba-767fb818b5f0/datanode-0/meta/datanode.id
2019-10-15 09:30:45,024 [main] INFO  volume.HddsVolume (HddsVolume.java:<init>(176)) - Creating Volume: /workdir/hadoop-ozone/integration-test/target/test-dir/MiniOzoneClusterImpl-56cf674f-c5b4-4091-81ba-767fb818b5f0/datanode-1/data/containers/hdds of  storage type : DISK and capacity : 1482555576320
2019-10-15 09:30:45,024 [main] INFO  volume.VolumeSet (VolumeSet.java:initializeVolumeSet(170)) - Added Volume : /workdir/hadoop-ozone/integration-test/target/test-dir/MiniOzoneClusterImpl-56cf674f-c5b4-4091-81ba-767fb818b5f0/datanode-1/data/containers/hdds to VolumeSet
2019-10-15 09:30:45,024 [main] INFO  volume.ThrottledAsyncChecker (ThrottledAsyncChecker.java:schedule(141)) - Scheduling a check for /workdir/hadoop-ozone/integration-test/target/test-dir/MiniOzoneClusterImpl-56cf674f-c5b4-4091-81ba-767fb818b5f0/datanode-1/data/containers/hdds
2019-10-15 09:30:45,025 [main] INFO  volume.HddsVolumeChecker (HddsVolumeChecker.java:checkAllVolumes(204)) - Scheduled health check for volume /workdir/hadoop-ozone/integration-test/target/test-dir/MiniOzoneClusterImpl-56cf674f-c5b4-4091-81ba-767fb818b5f0/datanode-1/data/containers/hdds
2019-10-15 09:30:45,037 [main] INFO  impl.RaftServerProxy (ConfUtils.java:logGet(43)) - raft.rpc.type = GRPC (default)
2019-10-15 09:30:45,037 [main] INFO  grpc.GrpcFactory (GrpcFactory.java:checkPooledByteBufAllocatorUseCacheForAllThreads(45)) - PERFORMANCE WARNING: useCacheForAllThreads is true that may cause Netty to create a lot garbage objects and, as a result, trigger GC.
	It is recommended to disable useCacheForAllThreads by setting -Dorg.apache.ratis.thirdparty.io.netty.allocator.useCacheForAllThreads=false in command line.
2019-10-15 09:30:45,037 [main] INFO  grpc.GrpcConfigKeys$Server (ConfUtils.java:logGet(43)) - raft.grpc.server.port = 0 (default)
2019-10-15 09:30:45,037 [main] INFO  server.GrpcService (ConfUtils.java:logGet(43)) - raft.grpc.message.size.max = 33570816 (custom)
2019-10-15 09:30:45,037 [main] INFO  server.RaftServerConfigKeys (ConfUtils.java:logGet(43)) - raft.server.log.appender.buffer.byte-limit = 33554432 (custom)
2019-10-15 09:30:45,038 [main] INFO  server.GrpcService (ConfUtils.java:logGet(43)) - raft.grpc.flow.control.window = 1MB (=1048576) (default)
2019-10-15 09:30:45,038 [main] INFO  server.RaftServerConfigKeys (ConfUtils.java:logGet(43)) - raft.server.rpc.request.timeout = 3000ms (default)
2019-10-15 09:30:45,038 [main] INFO  server.RaftServerConfigKeys (ConfUtils.java:logGet(43)) - raft.server.storage.dir = [/workdir/hadoop-ozone/integration-test/target/test-dir/MiniOzoneClusterImpl-56cf674f-c5b4-4091-81ba-767fb818b5f0/datanode-1/data/ratis] (custom)
2019-10-15 09:30:45,039 [main] INFO  hdfs.DFSUtil (DFSUtil.java:httpServerTemplateForNNAndJN(1641)) - Starting Web-server for hddsDatanode at: http://0.0.0.0:0
2019-10-15 09:30:45,040 [main] INFO  server.AuthenticationFilter (AuthenticationFilter.java:constructSecretProvider(240)) - Unable to initialize FileSignerSecretProvider, falling back to use random secrets.
2019-10-15 09:30:45,040 [main] WARN  http.HttpRequestLog (HttpRequestLog.java:getRequestLog(97)) - Jetty request log can only be enabled using Log4j
2019-10-15 09:30:45,042 [main] INFO  http.HttpServer2 (HttpServer2.java:addGlobalFilter(975)) - Added global filter 'safety' (class=org.apache.hadoop.http.HttpServer2$QuotingInputFilter)
2019-10-15 09:30:45,042 [main] INFO  http.HttpServer2 (HttpServer2.java:addFilter(948)) - Added filter static_user_filter (class=org.apache.hadoop.http.lib.StaticUserWebFilter$StaticUserFilter) to context hddsDatanode
2019-10-15 09:30:45,042 [main] INFO  http.HttpServer2 (HttpServer2.java:addFilter(958)) - Added filter static_user_filter (class=org.apache.hadoop.http.lib.StaticUserWebFilter$StaticUserFilter) to context static
2019-10-15 09:30:45,042 [main] INFO  http.HttpServer2 (HttpServer2.java:addFilter(958)) - Added filter static_user_filter (class=org.apache.hadoop.http.lib.StaticUserWebFilter$StaticUserFilter) to context logs
2019-10-15 09:30:45,043 [main] INFO  http.HttpServer2 (HttpServer2.java:bindListener(1191)) - Jetty bound to port 38047
2019-10-15 09:30:45,043 [main] INFO  server.Server (Server.java:doStart(351)) - jetty-9.3.25.v20180904, build timestamp: 2018-09-04T21:11:46Z, git hash: 3ce520221d0240229c862b122d2b06c12a625732
2019-10-15 09:30:45,044 [main] INFO  handler.ContextHandler (ContextHandler.java:doStart(781)) - Started o.e.j.s.ServletContextHandler@5bec3e0{/logs,file:///workdir/hadoop-ozone/integration-test/target/log,AVAILABLE}
2019-10-15 09:30:45,044 [main] INFO  handler.ContextHandler (ContextHandler.java:doStart(781)) - Started o.e.j.s.ServletContextHandler@35f7969d{/static,jar:file:/home/user/.m2/repository/org/apache/hadoop/hadoop-hdds-container-service/0.5.0-SNAPSHOT/hadoop-hdds-container-service-0.5.0-SNAPSHOT.jar!/webapps/static,AVAILABLE}
2019-10-15 09:30:45,070 [main] INFO  handler.ContextHandler (ContextHandler.java:doStart(781)) - Started o.e.j.w.WebAppContext@36510e73{/,file:///tmp/jetty-0.0.0.0-38047-hddsDatanode-_-any-1080613338494947965.dir/webapp/,AVAILABLE}{/hddsDatanode}
2019-10-15 09:30:45,071 [main] INFO  server.AbstractConnector (AbstractConnector.java:doStart(278)) - Started ServerConnector@2c47a053{HTTP/1.1,[http/1.1]}{0.0.0.0:38047}
2019-10-15 09:30:45,073 [main] INFO  server.Server (Server.java:doStart(419)) - Started @552406ms
2019-10-15 09:30:45,073 [main] WARN  impl.MetricsSystemImpl (MetricsSystemImpl.java:register(276)) - Sink prometheus already exists!
2019-10-15 09:30:45,073 [main] INFO  server.BaseHttpServer (BaseHttpServer.java:updateConnectorAddress(215)) - HTTP server of HDDSDATANODE is listening at http://0.0.0.0:38047
2019-10-15 09:30:45,074 [main] INFO  impl.MetricsSystemImpl (MetricsSystemImpl.java:init(158)) - HddsDatanode metrics system started (again)
2019-10-15 09:30:45,077 [org.apache.hadoop.util.JvmPauseMonitor$Monitor@52d3f3d3] INFO  util.JvmPauseMonitor (JvmPauseMonitor.java:run(188)) - Starting JVM pause monitor
2019-10-15 09:30:45,078 [main] INFO  ozone.HddsDatanodeService (HddsDatanodeService.java:start(184)) - HddsDatanodeService host:pr-hdds-2034-mt9tt-727200918 ip:192.168.5.139
2019-10-15 09:30:45,078 [Datanode State Machine Thread - 0] INFO  datanode.InitDatanodeState (InitDatanodeState.java:persistContainerDatanodeDetails(140)) - DatanodeDetails is persisted to /workdir/hadoop-ozone/integration-test/target/test-dir/MiniOzoneClusterImpl-56cf674f-c5b4-4091-81ba-767fb818b5f0/datanode-1/meta/datanode.id
2019-10-15 09:30:45,084 [main] INFO  volume.HddsVolume (HddsVolume.java:<init>(176)) - Creating Volume: /workdir/hadoop-ozone/integration-test/target/test-dir/MiniOzoneClusterImpl-56cf674f-c5b4-4091-81ba-767fb818b5f0/datanode-2/data/containers/hdds of  storage type : DISK and capacity : 1482555576320
2019-10-15 09:30:45,084 [main] INFO  volume.VolumeSet (VolumeSet.java:initializeVolumeSet(170)) - Added Volume : /workdir/hadoop-ozone/integration-test/target/test-dir/MiniOzoneClusterImpl-56cf674f-c5b4-4091-81ba-767fb818b5f0/datanode-2/data/containers/hdds to VolumeSet
2019-10-15 09:30:45,084 [main] INFO  volume.ThrottledAsyncChecker (ThrottledAsyncChecker.java:schedule(141)) - Scheduling a check for /workdir/hadoop-ozone/integration-test/target/test-dir/MiniOzoneClusterImpl-56cf674f-c5b4-4091-81ba-767fb818b5f0/datanode-2/data/containers/hdds
2019-10-15 09:30:45,085 [main] INFO  volume.HddsVolumeChecker (HddsVolumeChecker.java:checkAllVolumes(204)) - Scheduled health check for volume /workdir/hadoop-ozone/integration-test/target/test-dir/MiniOzoneClusterImpl-56cf674f-c5b4-4091-81ba-767fb818b5f0/datanode-2/data/containers/hdds
2019-10-15 09:30:45,099 [main] INFO  impl.RaftServerProxy (ConfUtils.java:logGet(43)) - raft.rpc.type = GRPC (default)
2019-10-15 09:30:45,100 [main] INFO  grpc.GrpcFactory (GrpcFactory.java:checkPooledByteBufAllocatorUseCacheForAllThreads(45)) - PERFORMANCE WARNING: useCacheForAllThreads is true that may cause Netty to create a lot garbage objects and, as a result, trigger GC.
	It is recommended to disable useCacheForAllThreads by setting -Dorg.apache.ratis.thirdparty.io.netty.allocator.useCacheForAllThreads=false in command line.
2019-10-15 09:30:45,100 [main] INFO  grpc.GrpcConfigKeys$Server (ConfUtils.java:logGet(43)) - raft.grpc.server.port = 0 (default)
2019-10-15 09:30:45,100 [main] INFO  server.GrpcService (ConfUtils.java:logGet(43)) - raft.grpc.message.size.max = 33570816 (custom)
2019-10-15 09:30:45,100 [main] INFO  server.RaftServerConfigKeys (ConfUtils.java:logGet(43)) - raft.server.log.appender.buffer.byte-limit = 33554432 (custom)
2019-10-15 09:30:45,100 [main] INFO  server.GrpcService (ConfUtils.java:logGet(43)) - raft.grpc.flow.control.window = 1MB (=1048576) (default)
2019-10-15 09:30:45,100 [main] INFO  server.RaftServerConfigKeys (ConfUtils.java:logGet(43)) - raft.server.rpc.request.timeout = 3000ms (default)
2019-10-15 09:30:45,101 [main] INFO  server.RaftServerConfigKeys (ConfUtils.java:logGet(43)) - raft.server.storage.dir = [/workdir/hadoop-ozone/integration-test/target/test-dir/MiniOzoneClusterImpl-56cf674f-c5b4-4091-81ba-767fb818b5f0/datanode-2/data/ratis] (custom)
2019-10-15 09:30:45,102 [main] INFO  hdfs.DFSUtil (DFSUtil.java:httpServerTemplateForNNAndJN(1641)) - Starting Web-server for hddsDatanode at: http://0.0.0.0:0
2019-10-15 09:30:45,103 [main] INFO  server.AuthenticationFilter (AuthenticationFilter.java:constructSecretProvider(240)) - Unable to initialize FileSignerSecretProvider, falling back to use random secrets.
2019-10-15 09:30:45,103 [main] WARN  http.HttpRequestLog (HttpRequestLog.java:getRequestLog(97)) - Jetty request log can only be enabled using Log4j
2019-10-15 09:30:45,105 [main] INFO  http.HttpServer2 (HttpServer2.java:addGlobalFilter(975)) - Added global filter 'safety' (class=org.apache.hadoop.http.HttpServer2$QuotingInputFilter)
2019-10-15 09:30:45,105 [main] INFO  http.HttpServer2 (HttpServer2.java:addFilter(948)) - Added filter static_user_filter (class=org.apache.hadoop.http.lib.StaticUserWebFilter$StaticUserFilter) to context hddsDatanode
2019-10-15 09:30:45,105 [main] INFO  http.HttpServer2 (HttpServer2.java:addFilter(958)) - Added filter static_user_filter (class=org.apache.hadoop.http.lib.StaticUserWebFilter$StaticUserFilter) to context logs
2019-10-15 09:30:45,105 [main] INFO  http.HttpServer2 (HttpServer2.java:addFilter(958)) - Added filter static_user_filter (class=org.apache.hadoop.http.lib.StaticUserWebFilter$StaticUserFilter) to context static
2019-10-15 09:30:45,106 [main] INFO  http.HttpServer2 (HttpServer2.java:bindListener(1191)) - Jetty bound to port 40535
2019-10-15 09:30:45,106 [main] INFO  server.Server (Server.java:doStart(351)) - jetty-9.3.25.v20180904, build timestamp: 2018-09-04T21:11:46Z, git hash: 3ce520221d0240229c862b122d2b06c12a625732
2019-10-15 09:30:45,107 [main] INFO  handler.ContextHandler (ContextHandler.java:doStart(781)) - Started o.e.j.s.ServletContextHandler@7708b66a{/logs,file:///workdir/hadoop-ozone/integration-test/target/log,AVAILABLE}
2019-10-15 09:30:45,108 [main] INFO  handler.ContextHandler (ContextHandler.java:doStart(781)) - Started o.e.j.s.ServletContextHandler@4dd2ef54{/static,jar:file:/home/user/.m2/repository/org/apache/hadoop/hadoop-hdds-container-service/0.5.0-SNAPSHOT/hadoop-hdds-container-service-0.5.0-SNAPSHOT.jar!/webapps/static,AVAILABLE}
2019-10-15 09:30:45,134 [main] INFO  handler.ContextHandler (ContextHandler.java:doStart(781)) - Started o.e.j.w.WebAppContext@1860a7a1{/,file:///tmp/jetty-0.0.0.0-40535-hddsDatanode-_-any-5319200068594426979.dir/webapp/,AVAILABLE}{/hddsDatanode}
2019-10-15 09:30:45,134 [main] INFO  server.AbstractConnector (AbstractConnector.java:doStart(278)) - Started ServerConnector@40d96578{HTTP/1.1,[http/1.1]}{0.0.0.0:40535}
2019-10-15 09:30:45,135 [main] INFO  server.Server (Server.java:doStart(419)) - Started @552467ms
2019-10-15 09:30:45,137 [main] WARN  impl.MetricsSystemImpl (MetricsSystemImpl.java:register(276)) - Sink prometheus already exists!
2019-10-15 09:30:45,137 [main] INFO  server.BaseHttpServer (BaseHttpServer.java:updateConnectorAddress(215)) - HTTP server of HDDSDATANODE is listening at http://0.0.0.0:40535
2019-10-15 09:30:45,137 [main] INFO  impl.MetricsSystemImpl (MetricsSystemImpl.java:init(158)) - HddsDatanode metrics system started (again)
2019-10-15 09:30:45,141 [org.apache.hadoop.util.JvmPauseMonitor$Monitor@673db098] INFO  util.JvmPauseMonitor (JvmPauseMonitor.java:run(188)) - Starting JVM pause monitor
2019-10-15 09:30:45,142 [main] INFO  ozone.HddsDatanodeService (HddsDatanodeService.java:start(184)) - HddsDatanodeService host:pr-hdds-2034-mt9tt-727200918 ip:192.168.5.139
2019-10-15 09:30:45,142 [Datanode State Machine Thread - 0] INFO  datanode.InitDatanodeState (InitDatanodeState.java:persistContainerDatanodeDetails(140)) - DatanodeDetails is persisted to /workdir/hadoop-ozone/integration-test/target/test-dir/MiniOzoneClusterImpl-56cf674f-c5b4-4091-81ba-767fb818b5f0/datanode-2/meta/datanode.id
2019-10-15 09:30:45,149 [main] INFO  volume.HddsVolume (HddsVolume.java:<init>(176)) - Creating Volume: /workdir/hadoop-ozone/integration-test/target/test-dir/MiniOzoneClusterImpl-56cf674f-c5b4-4091-81ba-767fb818b5f0/datanode-3/data/containers/hdds of  storage type : DISK and capacity : 1482555576320
2019-10-15 09:30:45,149 [main] INFO  volume.VolumeSet (VolumeSet.java:initializeVolumeSet(170)) - Added Volume : /workdir/hadoop-ozone/integration-test/target/test-dir/MiniOzoneClusterImpl-56cf674f-c5b4-4091-81ba-767fb818b5f0/datanode-3/data/containers/hdds to VolumeSet
2019-10-15 09:30:45,149 [main] INFO  volume.ThrottledAsyncChecker (ThrottledAsyncChecker.java:schedule(141)) - Scheduling a check for /workdir/hadoop-ozone/integration-test/target/test-dir/MiniOzoneClusterImpl-56cf674f-c5b4-4091-81ba-767fb818b5f0/datanode-3/data/containers/hdds
2019-10-15 09:30:45,149 [main] INFO  volume.HddsVolumeChecker (HddsVolumeChecker.java:checkAllVolumes(204)) - Scheduled health check for volume /workdir/hadoop-ozone/integration-test/target/test-dir/MiniOzoneClusterImpl-56cf674f-c5b4-4091-81ba-767fb818b5f0/datanode-3/data/containers/hdds
2019-10-15 09:30:45,161 [main] INFO  impl.RaftServerProxy (ConfUtils.java:logGet(43)) - raft.rpc.type = GRPC (default)
2019-10-15 09:30:45,162 [main] INFO  grpc.GrpcFactory (GrpcFactory.java:checkPooledByteBufAllocatorUseCacheForAllThreads(45)) - PERFORMANCE WARNING: useCacheForAllThreads is true that may cause Netty to create a lot garbage objects and, as a result, trigger GC.
	It is recommended to disable useCacheForAllThreads by setting -Dorg.apache.ratis.thirdparty.io.netty.allocator.useCacheForAllThreads=false in command line.
2019-10-15 09:30:45,162 [main] INFO  grpc.GrpcConfigKeys$Server (ConfUtils.java:logGet(43)) - raft.grpc.server.port = 0 (default)
2019-10-15 09:30:45,162 [main] INFO  server.GrpcService (ConfUtils.java:logGet(43)) - raft.grpc.message.size.max = 33570816 (custom)
2019-10-15 09:30:45,162 [main] INFO  server.RaftServerConfigKeys (ConfUtils.java:logGet(43)) - raft.server.log.appender.buffer.byte-limit = 33554432 (custom)
2019-10-15 09:30:45,162 [main] INFO  server.GrpcService (ConfUtils.java:logGet(43)) - raft.grpc.flow.control.window = 1MB (=1048576) (default)
2019-10-15 09:30:45,163 [main] INFO  server.RaftServerConfigKeys (ConfUtils.java:logGet(43)) - raft.server.rpc.request.timeout = 3000ms (default)
2019-10-15 09:30:45,163 [main] INFO  server.RaftServerConfigKeys (ConfUtils.java:logGet(43)) - raft.server.storage.dir = [/workdir/hadoop-ozone/integration-test/target/test-dir/MiniOzoneClusterImpl-56cf674f-c5b4-4091-81ba-767fb818b5f0/datanode-3/data/ratis] (custom)
2019-10-15 09:30:45,164 [main] INFO  hdfs.DFSUtil (DFSUtil.java:httpServerTemplateForNNAndJN(1641)) - Starting Web-server for hddsDatanode at: http://0.0.0.0:0
2019-10-15 09:30:45,165 [main] INFO  server.AuthenticationFilter (AuthenticationFilter.java:constructSecretProvider(240)) - Unable to initialize FileSignerSecretProvider, falling back to use random secrets.
2019-10-15 09:30:45,165 [main] WARN  http.HttpRequestLog (HttpRequestLog.java:getRequestLog(97)) - Jetty request log can only be enabled using Log4j
2019-10-15 09:30:45,166 [main] INFO  http.HttpServer2 (HttpServer2.java:addGlobalFilter(975)) - Added global filter 'safety' (class=org.apache.hadoop.http.HttpServer2$QuotingInputFilter)
2019-10-15 09:30:45,167 [main] INFO  http.HttpServer2 (HttpServer2.java:addFilter(948)) - Added filter static_user_filter (class=org.apache.hadoop.http.lib.StaticUserWebFilter$StaticUserFilter) to context hddsDatanode
2019-10-15 09:30:45,167 [main] INFO  http.HttpServer2 (HttpServer2.java:addFilter(958)) - Added filter static_user_filter (class=org.apache.hadoop.http.lib.StaticUserWebFilter$StaticUserFilter) to context logs
2019-10-15 09:30:45,167 [main] INFO  http.HttpServer2 (HttpServer2.java:addFilter(958)) - Added filter static_user_filter (class=org.apache.hadoop.http.lib.StaticUserWebFilter$StaticUserFilter) to context static
2019-10-15 09:30:45,168 [main] INFO  http.HttpServer2 (HttpServer2.java:bindListener(1191)) - Jetty bound to port 42499
2019-10-15 09:30:45,168 [main] INFO  server.Server (Server.java:doStart(351)) - jetty-9.3.25.v20180904, build timestamp: 2018-09-04T21:11:46Z, git hash: 3ce520221d0240229c862b122d2b06c12a625732
2019-10-15 09:30:45,169 [main] INFO  handler.ContextHandler (ContextHandler.java:doStart(781)) - Started o.e.j.s.ServletContextHandler@5ed0b4e3{/logs,file:///workdir/hadoop-ozone/integration-test/target/log,AVAILABLE}
2019-10-15 09:30:45,169 [main] INFO  handler.ContextHandler (ContextHandler.java:doStart(781)) - Started o.e.j.s.ServletContextHandler@3a9b41a0{/static,jar:file:/home/user/.m2/repository/org/apache/hadoop/hadoop-hdds-container-service/0.5.0-SNAPSHOT/hadoop-hdds-container-service-0.5.0-SNAPSHOT.jar!/webapps/static,AVAILABLE}
2019-10-15 09:30:45,195 [main] INFO  handler.ContextHandler (ContextHandler.java:doStart(781)) - Started o.e.j.w.WebAppContext@e0d1dc4{/,file:///tmp/jetty-0.0.0.0-42499-hddsDatanode-_-any-6804197200478242762.dir/webapp/,AVAILABLE}{/hddsDatanode}
2019-10-15 09:30:45,195 [main] INFO  server.AbstractConnector (AbstractConnector.java:doStart(278)) - Started ServerConnector@5463f035{HTTP/1.1,[http/1.1]}{0.0.0.0:42499}
2019-10-15 09:30:45,195 [main] INFO  server.Server (Server.java:doStart(419)) - Started @552528ms
2019-10-15 09:30:45,197 [main] WARN  impl.MetricsSystemImpl (MetricsSystemImpl.java:register(276)) - Sink prometheus already exists!
2019-10-15 09:30:45,198 [main] INFO  server.BaseHttpServer (BaseHttpServer.java:updateConnectorAddress(215)) - HTTP server of HDDSDATANODE is listening at http://0.0.0.0:42499
2019-10-15 09:30:45,198 [main] INFO  impl.MetricsSystemImpl (MetricsSystemImpl.java:init(158)) - HddsDatanode metrics system started (again)
2019-10-15 09:30:45,202 [org.apache.hadoop.util.JvmPauseMonitor$Monitor@7148a26] INFO  util.JvmPauseMonitor (JvmPauseMonitor.java:run(188)) - Starting JVM pause monitor
2019-10-15 09:30:45,203 [main] INFO  ozone.HddsDatanodeService (HddsDatanodeService.java:start(184)) - HddsDatanodeService host:pr-hdds-2034-mt9tt-727200918 ip:192.168.5.139
2019-10-15 09:30:45,203 [Datanode State Machine Thread - 0] INFO  datanode.InitDatanodeState (InitDatanodeState.java:persistContainerDatanodeDetails(140)) - DatanodeDetails is persisted to /workdir/hadoop-ozone/integration-test/target/test-dir/MiniOzoneClusterImpl-56cf674f-c5b4-4091-81ba-767fb818b5f0/datanode-3/meta/datanode.id
2019-10-15 09:30:45,209 [main] INFO  volume.HddsVolume (HddsVolume.java:<init>(176)) - Creating Volume: /workdir/hadoop-ozone/integration-test/target/test-dir/MiniOzoneClusterImpl-56cf674f-c5b4-4091-81ba-767fb818b5f0/datanode-4/data/containers/hdds of  storage type : DISK and capacity : 1482555576320
2019-10-15 09:30:45,210 [main] INFO  volume.VolumeSet (VolumeSet.java:initializeVolumeSet(170)) - Added Volume : /workdir/hadoop-ozone/integration-test/target/test-dir/MiniOzoneClusterImpl-56cf674f-c5b4-4091-81ba-767fb818b5f0/datanode-4/data/containers/hdds to VolumeSet
2019-10-15 09:30:45,210 [main] INFO  volume.ThrottledAsyncChecker (ThrottledAsyncChecker.java:schedule(141)) - Scheduling a check for /workdir/hadoop-ozone/integration-test/target/test-dir/MiniOzoneClusterImpl-56cf674f-c5b4-4091-81ba-767fb818b5f0/datanode-4/data/containers/hdds
2019-10-15 09:30:45,210 [main] INFO  volume.HddsVolumeChecker (HddsVolumeChecker.java:checkAllVolumes(204)) - Scheduled health check for volume /workdir/hadoop-ozone/integration-test/target/test-dir/MiniOzoneClusterImpl-56cf674f-c5b4-4091-81ba-767fb818b5f0/datanode-4/data/containers/hdds
2019-10-15 09:30:45,224 [main] INFO  impl.RaftServerProxy (ConfUtils.java:logGet(43)) - raft.rpc.type = GRPC (default)
2019-10-15 09:30:45,224 [main] INFO  grpc.GrpcFactory (GrpcFactory.java:checkPooledByteBufAllocatorUseCacheForAllThreads(45)) - PERFORMANCE WARNING: useCacheForAllThreads is true that may cause Netty to create a lot garbage objects and, as a result, trigger GC.
	It is recommended to disable useCacheForAllThreads by setting -Dorg.apache.ratis.thirdparty.io.netty.allocator.useCacheForAllThreads=false in command line.
2019-10-15 09:30:45,224 [main] INFO  grpc.GrpcConfigKeys$Server (ConfUtils.java:logGet(43)) - raft.grpc.server.port = 0 (default)
2019-10-15 09:30:45,224 [main] INFO  server.GrpcService (ConfUtils.java:logGet(43)) - raft.grpc.message.size.max = 33570816 (custom)
2019-10-15 09:30:45,224 [main] INFO  server.RaftServerConfigKeys (ConfUtils.java:logGet(43)) - raft.server.log.appender.buffer.byte-limit = 33554432 (custom)
2019-10-15 09:30:45,224 [main] INFO  server.GrpcService (ConfUtils.java:logGet(43)) - raft.grpc.flow.control.window = 1MB (=1048576) (default)
2019-10-15 09:30:45,225 [main] INFO  server.RaftServerConfigKeys (ConfUtils.java:logGet(43)) - raft.server.rpc.request.timeout = 3000ms (default)
2019-10-15 09:30:45,225 [main] INFO  server.RaftServerConfigKeys (ConfUtils.java:logGet(43)) - raft.server.storage.dir = [/workdir/hadoop-ozone/integration-test/target/test-dir/MiniOzoneClusterImpl-56cf674f-c5b4-4091-81ba-767fb818b5f0/datanode-4/data/ratis] (custom)
2019-10-15 09:30:45,226 [main] INFO  hdfs.DFSUtil (DFSUtil.java:httpServerTemplateForNNAndJN(1641)) - Starting Web-server for hddsDatanode at: http://0.0.0.0:0
2019-10-15 09:30:45,227 [main] INFO  server.AuthenticationFilter (AuthenticationFilter.java:constructSecretProvider(240)) - Unable to initialize FileSignerSecretProvider, falling back to use random secrets.
2019-10-15 09:30:45,227 [main] WARN  http.HttpRequestLog (HttpRequestLog.java:getRequestLog(97)) - Jetty request log can only be enabled using Log4j
2019-10-15 09:30:45,229 [main] INFO  http.HttpServer2 (HttpServer2.java:addGlobalFilter(975)) - Added global filter 'safety' (class=org.apache.hadoop.http.HttpServer2$QuotingInputFilter)
2019-10-15 09:30:45,229 [main] INFO  http.HttpServer2 (HttpServer2.java:addFilter(948)) - Added filter static_user_filter (class=org.apache.hadoop.http.lib.StaticUserWebFilter$StaticUserFilter) to context hddsDatanode
2019-10-15 09:30:45,229 [main] INFO  http.HttpServer2 (HttpServer2.java:addFilter(958)) - Added filter static_user_filter (class=org.apache.hadoop.http.lib.StaticUserWebFilter$StaticUserFilter) to context static
2019-10-15 09:30:45,229 [main] INFO  http.HttpServer2 (HttpServer2.java:addFilter(958)) - Added filter static_user_filter (class=org.apache.hadoop.http.lib.StaticUserWebFilter$StaticUserFilter) to context logs
2019-10-15 09:30:45,230 [main] INFO  http.HttpServer2 (HttpServer2.java:bindListener(1191)) - Jetty bound to port 44071
2019-10-15 09:30:45,230 [main] INFO  server.Server (Server.java:doStart(351)) - jetty-9.3.25.v20180904, build timestamp: 2018-09-04T21:11:46Z, git hash: 3ce520221d0240229c862b122d2b06c12a625732
2019-10-15 09:30:45,231 [main] INFO  handler.ContextHandler (ContextHandler.java:doStart(781)) - Started o.e.j.s.ServletContextHandler@5e99e2cb{/logs,file:///workdir/hadoop-ozone/integration-test/target/log,AVAILABLE}
2019-10-15 09:30:45,232 [main] INFO  handler.ContextHandler (ContextHandler.java:doStart(781)) - Started o.e.j.s.ServletContextHandler@f559c74{/static,jar:file:/home/user/.m2/repository/org/apache/hadoop/hadoop-hdds-container-service/0.5.0-SNAPSHOT/hadoop-hdds-container-service-0.5.0-SNAPSHOT.jar!/webapps/static,AVAILABLE}
2019-10-15 09:30:45,260 [main] INFO  handler.ContextHandler (ContextHandler.java:doStart(781)) - Started o.e.j.w.WebAppContext@48567727{/,file:///tmp/jetty-0.0.0.0-44071-hddsDatanode-_-any-7016760474505583141.dir/webapp/,AVAILABLE}{/hddsDatanode}
2019-10-15 09:30:45,261 [main] INFO  server.AbstractConnector (AbstractConnector.java:doStart(278)) - Started ServerConnector@10e9a5fe{HTTP/1.1,[http/1.1]}{0.0.0.0:44071}
2019-10-15 09:30:45,262 [main] INFO  server.Server (Server.java:doStart(419)) - Started @552595ms
2019-10-15 09:30:45,262 [main] WARN  impl.MetricsSystemImpl (MetricsSystemImpl.java:register(276)) - Sink prometheus already exists!
2019-10-15 09:30:45,263 [main] INFO  server.BaseHttpServer (BaseHttpServer.java:updateConnectorAddress(215)) - HTTP server of HDDSDATANODE is listening at http://0.0.0.0:44071
2019-10-15 09:30:45,263 [main] INFO  impl.MetricsSystemImpl (MetricsSystemImpl.java:init(158)) - HddsDatanode metrics system started (again)
2019-10-15 09:30:45,268 [org.apache.hadoop.util.JvmPauseMonitor$Monitor@299a93b3] INFO  util.JvmPauseMonitor (JvmPauseMonitor.java:run(188)) - Starting JVM pause monitor
2019-10-15 09:30:45,269 [main] INFO  ozone.HddsDatanodeService (HddsDatanodeService.java:start(184)) - HddsDatanodeService host:pr-hdds-2034-mt9tt-727200918 ip:192.168.5.139
2019-10-15 09:30:45,269 [Datanode State Machine Thread - 0] INFO  datanode.InitDatanodeState (InitDatanodeState.java:persistContainerDatanodeDetails(140)) - DatanodeDetails is persisted to /workdir/hadoop-ozone/integration-test/target/test-dir/MiniOzoneClusterImpl-56cf674f-c5b4-4091-81ba-767fb818b5f0/datanode-4/meta/datanode.id
2019-10-15 09:30:45,275 [main] INFO  volume.HddsVolume (HddsVolume.java:<init>(176)) - Creating Volume: /workdir/hadoop-ozone/integration-test/target/test-dir/MiniOzoneClusterImpl-56cf674f-c5b4-4091-81ba-767fb818b5f0/datanode-5/data/containers/hdds of  storage type : DISK and capacity : 1482555576320
2019-10-15 09:30:45,275 [main] INFO  volume.VolumeSet (VolumeSet.java:initializeVolumeSet(170)) - Added Volume : /workdir/hadoop-ozone/integration-test/target/test-dir/MiniOzoneClusterImpl-56cf674f-c5b4-4091-81ba-767fb818b5f0/datanode-5/data/containers/hdds to VolumeSet
2019-10-15 09:30:45,275 [main] INFO  volume.ThrottledAsyncChecker (ThrottledAsyncChecker.java:schedule(141)) - Scheduling a check for /workdir/hadoop-ozone/integration-test/target/test-dir/MiniOzoneClusterImpl-56cf674f-c5b4-4091-81ba-767fb818b5f0/datanode-5/data/containers/hdds
2019-10-15 09:30:45,276 [main] INFO  volume.HddsVolumeChecker (HddsVolumeChecker.java:checkAllVolumes(204)) - Scheduled health check for volume /workdir/hadoop-ozone/integration-test/target/test-dir/MiniOzoneClusterImpl-56cf674f-c5b4-4091-81ba-767fb818b5f0/datanode-5/data/containers/hdds
2019-10-15 09:30:45,288 [main] INFO  impl.RaftServerProxy (ConfUtils.java:logGet(43)) - raft.rpc.type = GRPC (default)
2019-10-15 09:30:45,289 [main] INFO  grpc.GrpcFactory (GrpcFactory.java:checkPooledByteBufAllocatorUseCacheForAllThreads(45)) - PERFORMANCE WARNING: useCacheForAllThreads is true that may cause Netty to create a lot garbage objects and, as a result, trigger GC.
	It is recommended to disable useCacheForAllThreads by setting -Dorg.apache.ratis.thirdparty.io.netty.allocator.useCacheForAllThreads=false in command line.
2019-10-15 09:30:45,289 [main] INFO  grpc.GrpcConfigKeys$Server (ConfUtils.java:logGet(43)) - raft.grpc.server.port = 0 (default)
2019-10-15 09:30:45,289 [main] INFO  server.GrpcService (ConfUtils.java:logGet(43)) - raft.grpc.message.size.max = 33570816 (custom)
2019-10-15 09:30:45,289 [main] INFO  server.RaftServerConfigKeys (ConfUtils.java:logGet(43)) - raft.server.log.appender.buffer.byte-limit = 33554432 (custom)
2019-10-15 09:30:45,289 [main] INFO  server.GrpcService (ConfUtils.java:logGet(43)) - raft.grpc.flow.control.window = 1MB (=1048576) (default)
2019-10-15 09:30:45,289 [main] INFO  server.RaftServerConfigKeys (ConfUtils.java:logGet(43)) - raft.server.rpc.request.timeout = 3000ms (default)
2019-10-15 09:30:45,290 [main] INFO  server.RaftServerConfigKeys (ConfUtils.java:logGet(43)) - raft.server.storage.dir = [/workdir/hadoop-ozone/integration-test/target/test-dir/MiniOzoneClusterImpl-56cf674f-c5b4-4091-81ba-767fb818b5f0/datanode-5/data/ratis] (custom)
2019-10-15 09:30:45,291 [main] INFO  hdfs.DFSUtil (DFSUtil.java:httpServerTemplateForNNAndJN(1641)) - Starting Web-server for hddsDatanode at: http://0.0.0.0:0
2019-10-15 09:30:45,292 [main] INFO  server.AuthenticationFilter (AuthenticationFilter.java:constructSecretProvider(240)) - Unable to initialize FileSignerSecretProvider, falling back to use random secrets.
2019-10-15 09:30:45,292 [main] WARN  http.HttpRequestLog (HttpRequestLog.java:getRequestLog(97)) - Jetty request log can only be enabled using Log4j
2019-10-15 09:30:45,293 [main] INFO  http.HttpServer2 (HttpServer2.java:addGlobalFilter(975)) - Added global filter 'safety' (class=org.apache.hadoop.http.HttpServer2$QuotingInputFilter)
2019-10-15 09:30:45,294 [main] INFO  http.HttpServer2 (HttpServer2.java:addFilter(948)) - Added filter static_user_filter (class=org.apache.hadoop.http.lib.StaticUserWebFilter$StaticUserFilter) to context hddsDatanode
2019-10-15 09:30:45,294 [main] INFO  http.HttpServer2 (HttpServer2.java:addFilter(958)) - Added filter static_user_filter (class=org.apache.hadoop.http.lib.StaticUserWebFilter$StaticUserFilter) to context logs
2019-10-15 09:30:45,294 [main] INFO  http.HttpServer2 (HttpServer2.java:addFilter(958)) - Added filter static_user_filter (class=org.apache.hadoop.http.lib.StaticUserWebFilter$StaticUserFilter) to context static
2019-10-15 09:30:45,295 [main] INFO  http.HttpServer2 (HttpServer2.java:bindListener(1191)) - Jetty bound to port 41862
2019-10-15 09:30:45,295 [main] INFO  server.Server (Server.java:doStart(351)) - jetty-9.3.25.v20180904, build timestamp: 2018-09-04T21:11:46Z, git hash: 3ce520221d0240229c862b122d2b06c12a625732
2019-10-15 09:30:45,296 [main] INFO  handler.ContextHandler (ContextHandler.java:doStart(781)) - Started o.e.j.s.ServletContextHandler@46612bfc{/logs,file:///workdir/hadoop-ozone/integration-test/target/log,AVAILABLE}
2019-10-15 09:30:45,296 [main] INFO  handler.ContextHandler (ContextHandler.java:doStart(781)) - Started o.e.j.s.ServletContextHandler@25699aa7{/static,jar:file:/home/user/.m2/repository/org/apache/hadoop/hadoop-hdds-container-service/0.5.0-SNAPSHOT/hadoop-hdds-container-service-0.5.0-SNAPSHOT.jar!/webapps/static,AVAILABLE}
2019-10-15 09:30:45,325 [main] INFO  handler.ContextHandler (ContextHandler.java:doStart(781)) - Started o.e.j.w.WebAppContext@37b01ce2{/,file:///tmp/jetty-0.0.0.0-41862-hddsDatanode-_-any-3464251046399232882.dir/webapp/,AVAILABLE}{/hddsDatanode}
2019-10-15 09:30:45,326 [main] INFO  server.AbstractConnector (AbstractConnector.java:doStart(278)) - Started ServerConnector@1a88c4f5{HTTP/1.1,[http/1.1]}{0.0.0.0:41862}
2019-10-15 09:30:45,327 [main] INFO  server.Server (Server.java:doStart(419)) - Started @552659ms
2019-10-15 09:30:45,328 [main] WARN  impl.MetricsSystemImpl (MetricsSystemImpl.java:register(276)) - Sink prometheus already exists!
2019-10-15 09:30:45,328 [main] INFO  server.BaseHttpServer (BaseHttpServer.java:updateConnectorAddress(215)) - HTTP server of HDDSDATANODE is listening at http://0.0.0.0:41862
2019-10-15 09:30:45,329 [main] INFO  impl.MetricsSystemImpl (MetricsSystemImpl.java:init(158)) - HddsDatanode metrics system started (again)
2019-10-15 09:30:45,334 [org.apache.hadoop.util.JvmPauseMonitor$Monitor@39d91d7e] INFO  util.JvmPauseMonitor (JvmPauseMonitor.java:run(188)) - Starting JVM pause monitor
2019-10-15 09:30:45,335 [main] INFO  ozone.HddsDatanodeService (HddsDatanodeService.java:start(184)) - HddsDatanodeService host:pr-hdds-2034-mt9tt-727200918 ip:192.168.5.139
2019-10-15 09:30:45,335 [Datanode State Machine Thread - 0] INFO  datanode.InitDatanodeState (InitDatanodeState.java:persistContainerDatanodeDetails(140)) - DatanodeDetails is persisted to /workdir/hadoop-ozone/integration-test/target/test-dir/MiniOzoneClusterImpl-56cf674f-c5b4-4091-81ba-767fb818b5f0/datanode-5/meta/datanode.id
2019-10-15 09:30:45,340 [main] INFO  volume.HddsVolume (HddsVolume.java:<init>(176)) - Creating Volume: /workdir/hadoop-ozone/integration-test/target/test-dir/MiniOzoneClusterImpl-56cf674f-c5b4-4091-81ba-767fb818b5f0/datanode-6/data/containers/hdds of  storage type : DISK and capacity : 1482555576320
2019-10-15 09:30:45,341 [main] INFO  volume.VolumeSet (VolumeSet.java:initializeVolumeSet(170)) - Added Volume : /workdir/hadoop-ozone/integration-test/target/test-dir/MiniOzoneClusterImpl-56cf674f-c5b4-4091-81ba-767fb818b5f0/datanode-6/data/containers/hdds to VolumeSet
2019-10-15 09:30:45,341 [main] INFO  volume.ThrottledAsyncChecker (ThrottledAsyncChecker.java:schedule(141)) - Scheduling a check for /workdir/hadoop-ozone/integration-test/target/test-dir/MiniOzoneClusterImpl-56cf674f-c5b4-4091-81ba-767fb818b5f0/datanode-6/data/containers/hdds
2019-10-15 09:30:45,341 [main] INFO  volume.HddsVolumeChecker (HddsVolumeChecker.java:checkAllVolumes(204)) - Scheduled health check for volume /workdir/hadoop-ozone/integration-test/target/test-dir/MiniOzoneClusterImpl-56cf674f-c5b4-4091-81ba-767fb818b5f0/datanode-6/data/containers/hdds
2019-10-15 09:30:45,353 [main] INFO  impl.RaftServerProxy (ConfUtils.java:logGet(43)) - raft.rpc.type = GRPC (default)
2019-10-15 09:30:45,353 [main] INFO  grpc.GrpcFactory (GrpcFactory.java:checkPooledByteBufAllocatorUseCacheForAllThreads(45)) - PERFORMANCE WARNING: useCacheForAllThreads is true that may cause Netty to create a lot garbage objects and, as a result, trigger GC.
	It is recommended to disable useCacheForAllThreads by setting -Dorg.apache.ratis.thirdparty.io.netty.allocator.useCacheForAllThreads=false in command line.
2019-10-15 09:30:45,354 [main] INFO  grpc.GrpcConfigKeys$Server (ConfUtils.java:logGet(43)) - raft.grpc.server.port = 0 (default)
2019-10-15 09:30:45,354 [main] INFO  server.GrpcService (ConfUtils.java:logGet(43)) - raft.grpc.message.size.max = 33570816 (custom)
2019-10-15 09:30:45,354 [main] INFO  server.RaftServerConfigKeys (ConfUtils.java:logGet(43)) - raft.server.log.appender.buffer.byte-limit = 33554432 (custom)
2019-10-15 09:30:45,354 [main] INFO  server.GrpcService (ConfUtils.java:logGet(43)) - raft.grpc.flow.control.window = 1MB (=1048576) (default)
2019-10-15 09:30:45,354 [main] INFO  server.RaftServerConfigKeys (ConfUtils.java:logGet(43)) - raft.server.rpc.request.timeout = 3000ms (default)
2019-10-15 09:30:45,355 [main] INFO  server.RaftServerConfigKeys (ConfUtils.java:logGet(43)) - raft.server.storage.dir = [/workdir/hadoop-ozone/integration-test/target/test-dir/MiniOzoneClusterImpl-56cf674f-c5b4-4091-81ba-767fb818b5f0/datanode-6/data/ratis] (custom)
2019-10-15 09:30:45,356 [main] INFO  hdfs.DFSUtil (DFSUtil.java:httpServerTemplateForNNAndJN(1641)) - Starting Web-server for hddsDatanode at: http://0.0.0.0:0
2019-10-15 09:30:45,357 [main] INFO  server.AuthenticationFilter (AuthenticationFilter.java:constructSecretProvider(240)) - Unable to initialize FileSignerSecretProvider, falling back to use random secrets.
2019-10-15 09:30:45,357 [main] WARN  http.HttpRequestLog (HttpRequestLog.java:getRequestLog(97)) - Jetty request log can only be enabled using Log4j
2019-10-15 09:30:45,359 [main] INFO  http.HttpServer2 (HttpServer2.java:addGlobalFilter(975)) - Added global filter 'safety' (class=org.apache.hadoop.http.HttpServer2$QuotingInputFilter)
2019-10-15 09:30:45,359 [main] INFO  http.HttpServer2 (HttpServer2.java:addFilter(948)) - Added filter static_user_filter (class=org.apache.hadoop.http.lib.StaticUserWebFilter$StaticUserFilter) to context hddsDatanode
2019-10-15 09:30:45,359 [main] INFO  http.HttpServer2 (HttpServer2.java:addFilter(958)) - Added filter static_user_filter (class=org.apache.hadoop.http.lib.StaticUserWebFilter$StaticUserFilter) to context static
2019-10-15 09:30:45,359 [main] INFO  http.HttpServer2 (HttpServer2.java:addFilter(958)) - Added filter static_user_filter (class=org.apache.hadoop.http.lib.StaticUserWebFilter$StaticUserFilter) to context logs
2019-10-15 09:30:45,360 [main] INFO  http.HttpServer2 (HttpServer2.java:bindListener(1191)) - Jetty bound to port 32911
2019-10-15 09:30:45,360 [main] INFO  server.Server (Server.java:doStart(351)) - jetty-9.3.25.v20180904, build timestamp: 2018-09-04T21:11:46Z, git hash: 3ce520221d0240229c862b122d2b06c12a625732
2019-10-15 09:30:45,361 [main] INFO  handler.ContextHandler (ContextHandler.java:doStart(781)) - Started o.e.j.s.ServletContextHandler@250967f1{/logs,file:///workdir/hadoop-ozone/integration-test/target/log,AVAILABLE}
2019-10-15 09:30:45,362 [main] INFO  handler.ContextHandler (ContextHandler.java:doStart(781)) - Started o.e.j.s.ServletContextHandler@4bce62b{/static,jar:file:/home/user/.m2/repository/org/apache/hadoop/hadoop-hdds-container-service/0.5.0-SNAPSHOT/hadoop-hdds-container-service-0.5.0-SNAPSHOT.jar!/webapps/static,AVAILABLE}
2019-10-15 09:30:45,389 [main] INFO  handler.ContextHandler (ContextHandler.java:doStart(781)) - Started o.e.j.w.WebAppContext@54895681{/,file:///tmp/jetty-0.0.0.0-32911-hddsDatanode-_-any-6995730914606750173.dir/webapp/,AVAILABLE}{/hddsDatanode}
2019-10-15 09:30:45,389 [main] INFO  server.AbstractConnector (AbstractConnector.java:doStart(278)) - Started ServerConnector@2dd0a0d0{HTTP/1.1,[http/1.1]}{0.0.0.0:32911}
2019-10-15 09:30:45,390 [main] INFO  server.Server (Server.java:doStart(419)) - Started @552723ms
2019-10-15 09:30:45,396 [main] WARN  impl.MetricsSystemImpl (MetricsSystemImpl.java:register(276)) - Sink prometheus already exists!
2019-10-15 09:30:45,397 [main] INFO  server.BaseHttpServer (BaseHttpServer.java:updateConnectorAddress(215)) - HTTP server of HDDSDATANODE is listening at http://0.0.0.0:32911
2019-10-15 09:30:45,397 [main] INFO  ozone.MiniOzoneClusterImpl (MiniOzoneClusterImpl.java:lambda$waitForClusterToBeReady$0(149)) - Waiting for nodes to be ready. Got 0 of 7 DN Heartbeats.
2019-10-15 09:30:45,397 [main] INFO  ozone.MiniOzoneClusterImpl (MiniOzoneClusterImpl.java:lambda$waitForClusterToBeReady$0(152)) - Waiting for cluster to exit safe mode
2019-10-15 09:30:45,398 [org.apache.hadoop.util.JvmPauseMonitor$Monitor@63e7abf2] INFO  util.JvmPauseMonitor (JvmPauseMonitor.java:run(188)) - Starting JVM pause monitor
2019-10-15 09:30:45,399 [Datanode State Machine Thread - 0] INFO  datanode.InitDatanodeState (InitDatanodeState.java:persistContainerDatanodeDetails(140)) - DatanodeDetails is persisted to /workdir/hadoop-ozone/integration-test/target/test-dir/MiniOzoneClusterImpl-56cf674f-c5b4-4091-81ba-767fb818b5f0/datanode-6/meta/datanode.id
2019-10-15 09:30:46,398 [main] INFO  ozone.MiniOzoneClusterImpl (MiniOzoneClusterImpl.java:lambda$waitForClusterToBeReady$0(149)) - Waiting for nodes to be ready. Got 0 of 7 DN Heartbeats.
2019-10-15 09:30:46,398 [main] INFO  ozone.MiniOzoneClusterImpl (MiniOzoneClusterImpl.java:lambda$waitForClusterToBeReady$0(152)) - Waiting for cluster to exit safe mode
2019-10-15 09:30:47,043 [Datanode State Machine Thread - 0] INFO  ozoneimpl.OzoneContainer (OzoneContainer.java:start(213)) - Attempting to start container services.
2019-10-15 09:30:47,044 [Datanode State Machine Thread - 0] INFO  ozoneimpl.OzoneContainer (OzoneContainer.java:startContainerScrub(177)) - Background container scanner has been disabled.
2019-10-15 09:30:47,044 [Datanode State Machine Thread - 0] INFO  ratis.XceiverServerRatis (XceiverServerRatis.java:start(419)) - Starting XceiverServerRatis 92e13dd7-88b7-4477-81d2-746904c33e64 at port 0
2019-10-15 09:30:47,050 [Datanode State Machine Thread - 0] INFO  impl.RaftServerProxy (RaftServerProxy.java:lambda$start$3(299)) - 92e13dd7-88b7-4477-81d2-746904c33e64: start RPC server
2019-10-15 09:30:47,053 [Datanode State Machine Thread - 0] INFO  server.GrpcService (GrpcService.java:startImpl(158)) - 92e13dd7-88b7-4477-81d2-746904c33e64: GrpcService started, listening on 0.0.0.0/0.0.0.0:33549
2019-10-15 09:30:47,053 [Datanode State Machine Thread - 0] INFO  ratis.XceiverServerRatis (XceiverServerRatis.java:start(429)) - XceiverServerRatis 92e13dd7-88b7-4477-81d2-746904c33e64 is started using port 33549
2019-10-15 09:30:47,053 [Datanode State Machine Thread - 0] INFO  server.XceiverServerGrpc (XceiverServerGrpc.java:start(149)) - XceiverServerGrpc 92e13dd7-88b7-4477-81d2-746904c33e64 is started using port 43431
2019-10-15 09:30:47,362 [Datanode State Machine Thread - 0] INFO  ozoneimpl.OzoneContainer (OzoneContainer.java:start(213)) - Attempting to start container services.
2019-10-15 09:30:47,362 [Datanode State Machine Thread - 0] INFO  ozoneimpl.OzoneContainer (OzoneContainer.java:start(213)) - Attempting to start container services.
2019-10-15 09:30:47,362 [Datanode State Machine Thread - 0] INFO  ozoneimpl.OzoneContainer (OzoneContainer.java:start(213)) - Attempting to start container services.
2019-10-15 09:30:47,362 [Datanode State Machine Thread - 0] INFO  ozoneimpl.OzoneContainer (OzoneContainer.java:start(213)) - Attempting to start container services.
2019-10-15 09:30:47,362 [Datanode State Machine Thread - 0] INFO  ozoneimpl.OzoneContainer (OzoneContainer.java:start(213)) - Attempting to start container services.
2019-10-15 09:30:47,363 [Datanode State Machine Thread - 0] INFO  ozoneimpl.OzoneContainer (OzoneContainer.java:startContainerScrub(177)) - Background container scanner has been disabled.
2019-10-15 09:30:47,363 [Datanode State Machine Thread - 0] INFO  ozoneimpl.OzoneContainer (OzoneContainer.java:startContainerScrub(177)) - Background container scanner has been disabled.
2019-10-15 09:30:47,363 [Datanode State Machine Thread - 0] INFO  ratis.XceiverServerRatis (XceiverServerRatis.java:start(419)) - Starting XceiverServerRatis 7f7ba54c-1c2f-4142-941c-848476af84b1 at port 0
2019-10-15 09:30:47,362 [Datanode State Machine Thread - 0] INFO  ozoneimpl.OzoneContainer (OzoneContainer.java:startContainerScrub(177)) - Background container scanner has been disabled.
2019-10-15 09:30:47,362 [Datanode State Machine Thread - 0] INFO  ozoneimpl.OzoneContainer (OzoneContainer.java:startContainerScrub(177)) - Background container scanner has been disabled.
2019-10-15 09:30:47,363 [Datanode State Machine Thread - 0] INFO  ratis.XceiverServerRatis (XceiverServerRatis.java:start(419)) - Starting XceiverServerRatis d505649b-5973-4d55-8d3f-ba249cb836d3 at port 0
2019-10-15 09:30:47,363 [Datanode State Machine Thread - 0] INFO  ratis.XceiverServerRatis (XceiverServerRatis.java:start(419)) - Starting XceiverServerRatis 25136bf1-57af-4fb5-af68-1d44ce82afaa at port 0
2019-10-15 09:30:47,363 [Datanode State Machine Thread - 0] INFO  ozoneimpl.OzoneContainer (OzoneContainer.java:startContainerScrub(177)) - Background container scanner has been disabled.
2019-10-15 09:30:47,364 [Datanode State Machine Thread - 0] INFO  ratis.XceiverServerRatis (XceiverServerRatis.java:start(419)) - Starting XceiverServerRatis ae849fbe-d7af-4b6d-ba68-65e2a663a917 at port 0
2019-10-15 09:30:47,364 [Datanode State Machine Thread - 0] INFO  ratis.XceiverServerRatis (XceiverServerRatis.java:start(419)) - Starting XceiverServerRatis afcd5ebb-a9d9-4a75-8b79-0cd3ce730bd4 at port 0
2019-10-15 09:30:47,394 [Datanode State Machine Thread - 0] INFO  impl.RaftServerProxy (RaftServerProxy.java:lambda$start$3(299)) - afcd5ebb-a9d9-4a75-8b79-0cd3ce730bd4: start RPC server
2019-10-15 09:30:47,394 [Datanode State Machine Thread - 0] INFO  impl.RaftServerProxy (RaftServerProxy.java:lambda$start$3(299)) - 25136bf1-57af-4fb5-af68-1d44ce82afaa: start RPC server
2019-10-15 09:30:47,395 [Datanode State Machine Thread - 0] INFO  impl.RaftServerProxy (RaftServerProxy.java:lambda$start$3(299)) - ae849fbe-d7af-4b6d-ba68-65e2a663a917: start RPC server
2019-10-15 09:30:47,395 [Datanode State Machine Thread - 0] INFO  server.GrpcService (GrpcService.java:startImpl(158)) - 25136bf1-57af-4fb5-af68-1d44ce82afaa: GrpcService started, listening on 0.0.0.0/0.0.0.0:45106
2019-10-15 09:30:47,395 [Datanode State Machine Thread - 0] INFO  server.GrpcService (GrpcService.java:startImpl(158)) - ae849fbe-d7af-4b6d-ba68-65e2a663a917: GrpcService started, listening on 0.0.0.0/0.0.0.0:41342
2019-10-15 09:30:47,395 [Datanode State Machine Thread - 0] INFO  server.GrpcService (GrpcService.java:startImpl(158)) - afcd5ebb-a9d9-4a75-8b79-0cd3ce730bd4: GrpcService started, listening on 0.0.0.0/0.0.0.0:35252
2019-10-15 09:30:47,395 [Datanode State Machine Thread - 0] INFO  ratis.XceiverServerRatis (XceiverServerRatis.java:start(429)) - XceiverServerRatis ae849fbe-d7af-4b6d-ba68-65e2a663a917 is started using port 41342
2019-10-15 09:30:47,395 [Datanode State Machine Thread - 0] INFO  ratis.XceiverServerRatis (XceiverServerRatis.java:start(429)) - XceiverServerRatis 25136bf1-57af-4fb5-af68-1d44ce82afaa is started using port 45106
2019-10-15 09:30:47,396 [Datanode State Machine Thread - 0] INFO  ratis.XceiverServerRatis (XceiverServerRatis.java:start(429)) - XceiverServerRatis afcd5ebb-a9d9-4a75-8b79-0cd3ce730bd4 is started using port 35252
2019-10-15 09:30:47,396 [Datanode State Machine Thread - 0] INFO  server.XceiverServerGrpc (XceiverServerGrpc.java:start(149)) - XceiverServerGrpc ae849fbe-d7af-4b6d-ba68-65e2a663a917 is started using port 33282
2019-10-15 09:30:47,396 [Datanode State Machine Thread - 0] INFO  server.XceiverServerGrpc (XceiverServerGrpc.java:start(149)) - XceiverServerGrpc 25136bf1-57af-4fb5-af68-1d44ce82afaa is started using port 33660
2019-10-15 09:30:47,396 [Datanode State Machine Thread - 0] INFO  server.XceiverServerGrpc (XceiverServerGrpc.java:start(149)) - XceiverServerGrpc afcd5ebb-a9d9-4a75-8b79-0cd3ce730bd4 is started using port 40835
2019-10-15 09:30:47,402 [Datanode State Machine Thread - 0] INFO  impl.RaftServerProxy (RaftServerProxy.java:lambda$start$3(299)) - d505649b-5973-4d55-8d3f-ba249cb836d3: start RPC server
2019-10-15 09:30:47,403 [main] INFO  ozone.MiniOzoneClusterImpl (MiniOzoneClusterImpl.java:lambda$waitForClusterToBeReady$0(149)) - Waiting for nodes to be ready. Got 0 of 7 DN Heartbeats.
2019-10-15 09:30:47,403 [main] INFO  ozone.MiniOzoneClusterImpl (MiniOzoneClusterImpl.java:lambda$waitForClusterToBeReady$0(152)) - Waiting for cluster to exit safe mode
2019-10-15 09:30:47,403 [Datanode State Machine Thread - 0] INFO  server.GrpcService (GrpcService.java:startImpl(158)) - d505649b-5973-4d55-8d3f-ba249cb836d3: GrpcService started, listening on 0.0.0.0/0.0.0.0:37087
2019-10-15 09:30:47,403 [Datanode State Machine Thread - 0] INFO  impl.RaftServerProxy (RaftServerProxy.java:lambda$start$3(299)) - 7f7ba54c-1c2f-4142-941c-848476af84b1: start RPC server
2019-10-15 09:30:47,404 [Datanode State Machine Thread - 0] INFO  ratis.XceiverServerRatis (XceiverServerRatis.java:start(429)) - XceiverServerRatis d505649b-5973-4d55-8d3f-ba249cb836d3 is started using port 37087
2019-10-15 09:30:47,406 [Datanode State Machine Thread - 0] INFO  server.GrpcService (GrpcService.java:startImpl(158)) - 7f7ba54c-1c2f-4142-941c-848476af84b1: GrpcService started, listening on 0.0.0.0/0.0.0.0:41543
2019-10-15 09:30:47,407 [Datanode State Machine Thread - 0] INFO  server.XceiverServerGrpc (XceiverServerGrpc.java:start(149)) - XceiverServerGrpc d505649b-5973-4d55-8d3f-ba249cb836d3 is started using port 43230
2019-10-15 09:30:47,407 [Datanode State Machine Thread - 0] INFO  ratis.XceiverServerRatis (XceiverServerRatis.java:start(429)) - XceiverServerRatis 7f7ba54c-1c2f-4142-941c-848476af84b1 is started using port 41543
2019-10-15 09:30:47,409 [Datanode State Machine Thread - 0] INFO  server.XceiverServerGrpc (XceiverServerGrpc.java:start(149)) - XceiverServerGrpc 7f7ba54c-1c2f-4142-941c-848476af84b1 is started using port 42575
2019-10-15 09:30:47,425 [Datanode State Machine Thread - 0] INFO  ozoneimpl.OzoneContainer (OzoneContainer.java:start(213)) - Attempting to start container services.
2019-10-15 09:30:47,425 [Datanode State Machine Thread - 0] INFO  ozoneimpl.OzoneContainer (OzoneContainer.java:startContainerScrub(177)) - Background container scanner has been disabled.
2019-10-15 09:30:47,425 [Datanode State Machine Thread - 0] INFO  ratis.XceiverServerRatis (XceiverServerRatis.java:start(419)) - Starting XceiverServerRatis 0264c470-949b-4993-b795-3095d2449e18 at port 0
2019-10-15 09:30:47,432 [Datanode State Machine Thread - 0] INFO  impl.RaftServerProxy (RaftServerProxy.java:lambda$start$3(299)) - 0264c470-949b-4993-b795-3095d2449e18: start RPC server
2019-10-15 09:30:47,432 [Datanode State Machine Thread - 0] INFO  server.GrpcService (GrpcService.java:startImpl(158)) - 0264c470-949b-4993-b795-3095d2449e18: GrpcService started, listening on 0.0.0.0/0.0.0.0:36943
2019-10-15 09:30:47,432 [Datanode State Machine Thread - 0] INFO  ratis.XceiverServerRatis (XceiverServerRatis.java:start(429)) - XceiverServerRatis 0264c470-949b-4993-b795-3095d2449e18 is started using port 36943
2019-10-15 09:30:47,441 [Datanode State Machine Thread - 0] INFO  server.XceiverServerGrpc (XceiverServerGrpc.java:start(149)) - XceiverServerGrpc 0264c470-949b-4993-b795-3095d2449e18 is started using port 39081
2019-10-15 09:30:48,404 [main] INFO  ozone.MiniOzoneClusterImpl (MiniOzoneClusterImpl.java:lambda$waitForClusterToBeReady$0(149)) - Waiting for nodes to be ready. Got 0 of 7 DN Heartbeats.
2019-10-15 09:30:48,404 [main] INFO  ozone.MiniOzoneClusterImpl (MiniOzoneClusterImpl.java:lambda$waitForClusterToBeReady$0(152)) - Waiting for cluster to exit safe mode
2019-10-15 09:30:49,026 [IPC Server handler 0 on 45114] INFO  net.NetworkTopology (NetworkTopologyImpl.java:add(111)) - Added a new node: /default-rack/92e13dd7-88b7-4477-81d2-746904c33e64
2019-10-15 09:30:49,026 [IPC Server handler 0 on 45114] INFO  node.SCMNodeManager (SCMNodeManager.java:register(268)) - Registered Data node : 92e13dd7-88b7-4477-81d2-746904c33e64{ip: 192.168.5.139, host: pr-hdds-2034-mt9tt-727200918, networkLocation: /default-rack, certSerialId: null}
2019-10-15 09:30:49,026 [RatisPipelineUtilsThread] INFO  pipeline.RatisPipelineProvider (RatisPipelineProvider.java:lambda$create$4(163)) - Send pipeline:PipelineID=66f9bc02-07f0-416c-b0d6-6ad4944c02cd create command to datanode 92e13dd7-88b7-4477-81d2-746904c33e64
2019-10-15 09:30:49,027 [EventQueue-NodeRegistrationContainerReportForDataNodeSafeModeRule] INFO  safemode.SCMSafeModeManager (DataNodeSafeModeRule.java:process(71)) - SCM in safe mode. 1 DataNodes registered, 1 required.
2019-10-15 09:30:49,027 [EventQueue-NodeRegistrationContainerReportForDataNodeSafeModeRule] INFO  safemode.SCMSafeModeManager (SCMSafeModeManager.java:validateSafeModeExitRules(174)) - DataNodeSafeModeRule rule is successfully validated
2019-10-15 09:30:49,030 [EventQueue-NodeRegistrationContainerReportForContainerSafeModeRule] INFO  safemode.SCMSafeModeManager (SCMSafeModeManager.java:validateSafeModeExitRules(174)) - ContainerSafeModeRule rule is successfully validated
2019-10-15 09:30:49,078 [IPC Server handler 1 on 45114] INFO  net.NetworkTopology (NetworkTopologyImpl.java:add(111)) - Added a new node: /default-rack/ae849fbe-d7af-4b6d-ba68-65e2a663a917
2019-10-15 09:30:49,079 [IPC Server handler 1 on 45114] INFO  node.SCMNodeManager (SCMNodeManager.java:register(268)) - Registered Data node : ae849fbe-d7af-4b6d-ba68-65e2a663a917{ip: 192.168.5.139, host: pr-hdds-2034-mt9tt-727200918, networkLocation: /default-rack, certSerialId: null}
2019-10-15 09:30:49,079 [EventQueue-NodeRegistrationContainerReportForDataNodeSafeModeRule] INFO  safemode.SCMSafeModeManager (SCMSafeModeManager.java:validateSafeModeExitRules(174)) - DataNodeSafeModeRule rule is successfully validated
2019-10-15 09:30:49,079 [RatisPipelineUtilsThread] INFO  pipeline.RatisPipelineProvider (RatisPipelineProvider.java:lambda$create$4(163)) - Send pipeline:PipelineID=dca68d9a-b709-4a32-a0d4-17693d3914ee create command to datanode ae849fbe-d7af-4b6d-ba68-65e2a663a917
2019-10-15 09:30:49,079 [EventQueue-NodeRegistrationContainerReportForContainerSafeModeRule] INFO  safemode.SCMSafeModeManager (SCMSafeModeManager.java:validateSafeModeExitRules(174)) - ContainerSafeModeRule rule is successfully validated
2019-10-15 09:30:49,142 [IPC Server handler 2 on 45114] INFO  net.NetworkTopology (NetworkTopologyImpl.java:add(111)) - Added a new node: /default-rack/25136bf1-57af-4fb5-af68-1d44ce82afaa
2019-10-15 09:30:49,142 [IPC Server handler 2 on 45114] INFO  node.SCMNodeManager (SCMNodeManager.java:register(268)) - Registered Data node : 25136bf1-57af-4fb5-af68-1d44ce82afaa{ip: 192.168.5.139, host: pr-hdds-2034-mt9tt-727200918, networkLocation: /default-rack, certSerialId: null}
2019-10-15 09:30:49,142 [RatisPipelineUtilsThread] INFO  pipeline.RatisPipelineProvider (RatisPipelineProvider.java:lambda$create$4(163)) - Send pipeline:PipelineID=1027d26f-c781-4dcc-94cd-674cf7488d00 create command to datanode 25136bf1-57af-4fb5-af68-1d44ce82afaa
2019-10-15 09:30:49,143 [EventQueue-NodeRegistrationContainerReportForContainerSafeModeRule] INFO  safemode.SCMSafeModeManager (SCMSafeModeManager.java:validateSafeModeExitRules(174)) - ContainerSafeModeRule rule is successfully validated
2019-10-15 09:30:49,143 [EventQueue-NodeRegistrationContainerReportForDataNodeSafeModeRule] INFO  safemode.SCMSafeModeManager (SCMSafeModeManager.java:validateSafeModeExitRules(174)) - DataNodeSafeModeRule rule is successfully validated
2019-10-15 09:30:49,147 [RatisPipelineUtilsThread] INFO  pipeline.RatisPipelineProvider (RatisPipelineProvider.java:lambda$create$4(163)) - Send pipeline:PipelineID=7f7b5571-2d8d-4086-bef2-f8894aea8cd5 create command to datanode ae849fbe-d7af-4b6d-ba68-65e2a663a917
2019-10-15 09:30:49,147 [RatisPipelineUtilsThread] INFO  pipeline.RatisPipelineProvider (RatisPipelineProvider.java:lambda$create$4(163)) - Send pipeline:PipelineID=7f7b5571-2d8d-4086-bef2-f8894aea8cd5 create command to datanode 92e13dd7-88b7-4477-81d2-746904c33e64
2019-10-15 09:30:49,147 [RatisPipelineUtilsThread] INFO  pipeline.RatisPipelineProvider (RatisPipelineProvider.java:lambda$create$4(163)) - Send pipeline:PipelineID=7f7b5571-2d8d-4086-bef2-f8894aea8cd5 create command to datanode 25136bf1-57af-4fb5-af68-1d44ce82afaa
2019-10-15 09:30:49,203 [IPC Server handler 3 on 45114] INFO  net.NetworkTopology (NetworkTopologyImpl.java:add(111)) - Added a new node: /default-rack/afcd5ebb-a9d9-4a75-8b79-0cd3ce730bd4
2019-10-15 09:30:49,204 [IPC Server handler 3 on 45114] INFO  node.SCMNodeManager (SCMNodeManager.java:register(268)) - Registered Data node : afcd5ebb-a9d9-4a75-8b79-0cd3ce730bd4{ip: 192.168.5.139, host: pr-hdds-2034-mt9tt-727200918, networkLocation: /default-rack, certSerialId: null}
2019-10-15 09:30:49,207 [RatisPipelineUtilsThread] INFO  pipeline.RatisPipelineProvider (RatisPipelineProvider.java:lambda$create$4(163)) - Send pipeline:PipelineID=7bdc9e31-807c-45ac-b9b3-50a05574ca76 create command to datanode afcd5ebb-a9d9-4a75-8b79-0cd3ce730bd4
2019-10-15 09:30:49,207 [EventQueue-NodeRegistrationContainerReportForDataNodeSafeModeRule] INFO  safemode.SCMSafeModeManager (SCMSafeModeManager.java:validateSafeModeExitRules(174)) - DataNodeSafeModeRule rule is successfully validated
2019-10-15 09:30:49,207 [EventQueue-NodeRegistrationContainerReportForContainerSafeModeRule] INFO  safemode.SCMSafeModeManager (SCMSafeModeManager.java:validateSafeModeExitRules(174)) - ContainerSafeModeRule rule is successfully validated
2019-10-15 09:30:49,270 [IPC Server handler 5 on 45114] INFO  net.NetworkTopology (NetworkTopologyImpl.java:add(111)) - Added a new node: /default-rack/d505649b-5973-4d55-8d3f-ba249cb836d3
2019-10-15 09:30:49,270 [IPC Server handler 5 on 45114] INFO  node.SCMNodeManager (SCMNodeManager.java:register(268)) - Registered Data node : d505649b-5973-4d55-8d3f-ba249cb836d3{ip: 192.168.5.139, host: pr-hdds-2034-mt9tt-727200918, networkLocation: /default-rack, certSerialId: null}
2019-10-15 09:30:49,270 [RatisPipelineUtilsThread] INFO  pipeline.RatisPipelineProvider (RatisPipelineProvider.java:lambda$create$4(163)) - Send pipeline:PipelineID=56e4d440-8823-4e7e-b146-87df2ac1f3c3 create command to datanode d505649b-5973-4d55-8d3f-ba249cb836d3
2019-10-15 09:30:49,270 [EventQueue-NodeRegistrationContainerReportForContainerSafeModeRule] INFO  safemode.SCMSafeModeManager (SCMSafeModeManager.java:validateSafeModeExitRules(174)) - ContainerSafeModeRule rule is successfully validated
2019-10-15 09:30:49,270 [EventQueue-NodeRegistrationContainerReportForDataNodeSafeModeRule] INFO  safemode.SCMSafeModeManager (SCMSafeModeManager.java:validateSafeModeExitRules(174)) - DataNodeSafeModeRule rule is successfully validated
2019-10-15 09:30:49,334 [IPC Server handler 6 on 45114] INFO  net.NetworkTopology (NetworkTopologyImpl.java:add(111)) - Added a new node: /default-rack/7f7ba54c-1c2f-4142-941c-848476af84b1
2019-10-15 09:30:49,335 [IPC Server handler 6 on 45114] INFO  node.SCMNodeManager (SCMNodeManager.java:register(268)) - Registered Data node : 7f7ba54c-1c2f-4142-941c-848476af84b1{ip: 192.168.5.139, host: pr-hdds-2034-mt9tt-727200918, networkLocation: /default-rack, certSerialId: null}
2019-10-15 09:30:49,335 [RatisPipelineUtilsThread] INFO  pipeline.RatisPipelineProvider (RatisPipelineProvider.java:lambda$create$4(163)) - Send pipeline:PipelineID=6d57e35e-b045-4f1d-92a6-827ffb4a23c1 create command to datanode 7f7ba54c-1c2f-4142-941c-848476af84b1
2019-10-15 09:30:49,335 [EventQueue-NodeRegistrationContainerReportForContainerSafeModeRule] INFO  safemode.SCMSafeModeManager (SCMSafeModeManager.java:validateSafeModeExitRules(174)) - ContainerSafeModeRule rule is successfully validated
2019-10-15 09:30:49,335 [EventQueue-NodeRegistrationContainerReportForDataNodeSafeModeRule] INFO  safemode.SCMSafeModeManager (SCMSafeModeManager.java:validateSafeModeExitRules(174)) - DataNodeSafeModeRule rule is successfully validated
2019-10-15 09:30:49,339 [RatisPipelineUtilsThread] INFO  pipeline.RatisPipelineProvider (RatisPipelineProvider.java:lambda$create$4(163)) - Send pipeline:PipelineID=21ff3ec3-bf5d-4cdb-93c5-83e76fee22c4 create command to datanode afcd5ebb-a9d9-4a75-8b79-0cd3ce730bd4
2019-10-15 09:30:49,339 [RatisPipelineUtilsThread] INFO  pipeline.RatisPipelineProvider (RatisPipelineProvider.java:lambda$create$4(163)) - Send pipeline:PipelineID=21ff3ec3-bf5d-4cdb-93c5-83e76fee22c4 create command to datanode d505649b-5973-4d55-8d3f-ba249cb836d3
2019-10-15 09:30:49,339 [RatisPipelineUtilsThread] INFO  pipeline.RatisPipelineProvider (RatisPipelineProvider.java:lambda$create$4(163)) - Send pipeline:PipelineID=21ff3ec3-bf5d-4cdb-93c5-83e76fee22c4 create command to datanode 7f7ba54c-1c2f-4142-941c-848476af84b1
2019-10-15 09:30:49,404 [IPC Server handler 18 on 45114] INFO  net.NetworkTopology (NetworkTopologyImpl.java:add(111)) - Added a new node: /default-rack/0264c470-949b-4993-b795-3095d2449e18
2019-10-15 09:30:49,404 [IPC Server handler 18 on 45114] INFO  node.SCMNodeManager (SCMNodeManager.java:register(268)) - Registered Data node : 0264c470-949b-4993-b795-3095d2449e18{ip: 192.168.5.139, host: pr-hdds-2034-mt9tt-727200918, networkLocation: /default-rack, certSerialId: null}
2019-10-15 09:30:49,407 [main] INFO  ozone.MiniOzoneClusterImpl (MiniOzoneClusterImpl.java:lambda$waitForClusterToBeReady$0(149)) - Nodes are ready. Got 7 of 7 DN Heartbeats.
2019-10-15 09:30:49,407 [main] INFO  ozone.MiniOzoneClusterImpl (MiniOzoneClusterImpl.java:lambda$waitForClusterToBeReady$0(152)) - Waiting for cluster to exit safe mode
2019-10-15 09:30:49,407 [EventQueue-NodeRegistrationContainerReportForDataNodeSafeModeRule] INFO  safemode.SCMSafeModeManager (SCMSafeModeManager.java:validateSafeModeExitRules(174)) - DataNodeSafeModeRule rule is successfully validated
2019-10-15 09:30:49,407 [RatisPipelineUtilsThread] INFO  pipeline.RatisPipelineProvider (RatisPipelineProvider.java:lambda$create$4(163)) - Send pipeline:PipelineID=de4384e1-d16c-435f-ab9c-e34db59a4b2c create command to datanode 0264c470-949b-4993-b795-3095d2449e18
2019-10-15 09:30:49,407 [EventQueue-NodeRegistrationContainerReportForContainerSafeModeRule] INFO  safemode.SCMSafeModeManager (SCMSafeModeManager.java:validateSafeModeExitRules(174)) - ContainerSafeModeRule rule is successfully validated
2019-10-15 09:30:50,407 [main] INFO  ozone.MiniOzoneClusterImpl (MiniOzoneClusterImpl.java:lambda$waitForClusterToBeReady$0(149)) - Nodes are ready. Got 7 of 7 DN Heartbeats.
2019-10-15 09:30:50,408 [main] INFO  ozone.MiniOzoneClusterImpl (MiniOzoneClusterImpl.java:lambda$waitForClusterToBeReady$0(152)) - Waiting for cluster to exit safe mode
2019-10-15 09:30:51,408 [main] INFO  ozone.MiniOzoneClusterImpl (MiniOzoneClusterImpl.java:lambda$waitForClusterToBeReady$0(149)) - Nodes are ready. Got 7 of 7 DN Heartbeats.
2019-10-15 09:30:51,408 [main] INFO  ozone.MiniOzoneClusterImpl (MiniOzoneClusterImpl.java:lambda$waitForClusterToBeReady$0(152)) - Waiting for cluster to exit safe mode
2019-10-15 09:30:52,027 [Command processor thread] INFO  impl.RaftServerProxy (RaftServerProxy.java:addNew(89)) - 92e13dd7-88b7-4477-81d2-746904c33e64: addNew group-6AD4944C02CD:[92e13dd7-88b7-4477-81d2-746904c33e64:192.168.5.139:33549] returns group-6AD4944C02CD:java.util.concurrent.CompletableFuture@bb1ccbc[Not completed]
2019-10-15 09:30:52,030 [pool-409-thread-1] INFO  impl.RaftServerImpl (RaftServerImpl.java:<init>(95)) - 92e13dd7-88b7-4477-81d2-746904c33e64: new RaftServerImpl for group-6AD4944C02CD:[92e13dd7-88b7-4477-81d2-746904c33e64:192.168.5.139:33549] with ContainerStateMachine:uninitialized
2019-10-15 09:30:52,030 [pool-409-thread-1] INFO  server.RaftServerConfigKeys (ConfUtils.java:logGet(43)) - raft.server.rpc.timeout.min = 5s (custom)
2019-10-15 09:30:52,030 [pool-409-thread-1] INFO  server.RaftServerConfigKeys (ConfUtils.java:logGet(43)) - raft.server.rpc.timeout.max = 5200ms (custom)
2019-10-15 09:30:52,031 [pool-409-thread-1] INFO  server.RaftServerConfigKeys (ConfUtils.java:logGet(43)) - raft.server.rpcslowness.timeout = 120s (custom)
2019-10-15 09:30:52,031 [pool-409-thread-1] INFO  server.RaftServerConfigKeys (ConfUtils.java:logGet(43)) - raft.server.sleep.deviation.threshold = 300 (default)
2019-10-15 09:30:52,031 [pool-409-thread-1] INFO  server.RaftServerConfigKeys (ConfUtils.java:logGet(43)) - raft.server.log.appender.install.snapshot.enabled = false (custom)
2019-10-15 09:30:52,031 [pool-409-thread-1] INFO  impl.RaftServerImpl (ServerState.java:<init>(103)) - 92e13dd7-88b7-4477-81d2-746904c33e64@group-6AD4944C02CD: ConfigurationManager, init=-1: [92e13dd7-88b7-4477-81d2-746904c33e64:192.168.5.139:33549], old=null, confs=<EMPTY_MAP>
2019-10-15 09:30:52,032 [pool-409-thread-1] INFO  server.RaftServerConfigKeys (ConfUtils.java:logGet(43)) - raft.server.storage.dir = [/workdir/hadoop-ozone/integration-test/target/test-dir/MiniOzoneClusterImpl-56cf674f-c5b4-4091-81ba-767fb818b5f0/datanode-0/data/ratis] (custom)
2019-10-15 09:30:52,032 [pool-409-thread-1] INFO  server.RaftServerConfigKeys (ConfUtils.java:logGet(43)) - raft.server.log.corruption.policy = EXCEPTION (default)
2019-10-15 09:30:52,033 [pool-409-thread-1] INFO  storage.RaftStorageDirectory (RaftStorageDirectory.java:analyzeStorage(246)) - The storage directory /workdir/hadoop-ozone/integration-test/target/test-dir/MiniOzoneClusterImpl-56cf674f-c5b4-4091-81ba-767fb818b5f0/datanode-0/data/ratis/66f9bc02-07f0-416c-b0d6-6ad4944c02cd does not exist. Creating ...
2019-10-15 09:30:52,055 [pool-409-thread-1] INFO  storage.RaftStorageDirectory (RaftStorageDirectory.java:tryLock(328)) - Lock on /workdir/hadoop-ozone/integration-test/target/test-dir/MiniOzoneClusterImpl-56cf674f-c5b4-4091-81ba-767fb818b5f0/datanode-0/data/ratis/66f9bc02-07f0-416c-b0d6-6ad4944c02cd/in_use.lock acquired by nodename 20020@pr-hdds-2034-mt9tt-727200918
2019-10-15 09:30:52,068 [pool-409-thread-1] INFO  storage.RaftStorage (RaftStorage.java:format(84)) - Storage directory /workdir/hadoop-ozone/integration-test/target/test-dir/MiniOzoneClusterImpl-56cf674f-c5b4-4091-81ba-767fb818b5f0/datanode-0/data/ratis/66f9bc02-07f0-416c-b0d6-6ad4944c02cd has been successfully formatted.
2019-10-15 09:30:52,068 [pool-409-thread-1] INFO  ratis.ContainerStateMachine (ContainerStateMachine.java:loadSnapshot(231)) - group-6AD4944C02CD: The snapshot info is null. Setting the last applied indexto:(t:0, i:~)
2019-10-15 09:30:52,068 [pool-409-thread-1] INFO  server.RaftServerConfigKeys (ConfUtils.java:logGet(43)) - raft.server.notification.no-leader.timeout = 120s (custom)
2019-10-15 09:30:52,068 [pool-409-thread-1] INFO  server.RaftServerConfigKeys (ConfUtils.java:logGet(43)) - raft.server.log.use.memory = false (default)
2019-10-15 09:30:52,069 [pool-409-thread-1] INFO  server.RaftServerConfigKeys (ConfUtils.java:logGet(43)) - raft.server.log.purge.gap = 1000000 (custom)
2019-10-15 09:30:52,069 [pool-409-thread-1] INFO  server.RaftServerConfigKeys (ConfUtils.java:logGet(43)) - raft.server.log.appender.buffer.byte-limit = 33554432 (custom)
2019-10-15 09:30:52,069 [pool-409-thread-1] INFO  server.RaftServerConfigKeys (ConfUtils.java:logGet(43)) - raft.server.log.segment.size.max = 1048576 (custom)
2019-10-15 09:30:52,072 [pool-409-thread-1] INFO  server.RaftServerConfigKeys (ConfUtils.java:logGet(43)) - raft.server.log.segment.cache.num.max = 2 (custom)
2019-10-15 09:30:52,072 [pool-409-thread-1] INFO  segmented.SegmentedRaftLogWorker (SegmentedRaftLogWorker.java:<init>(173)) - new 92e13dd7-88b7-4477-81d2-746904c33e64@group-6AD4944C02CD-SegmentedRaftLogWorker for RaftStorage:Storage Directory /workdir/hadoop-ozone/integration-test/target/test-dir/MiniOzoneClusterImpl-56cf674f-c5b4-4091-81ba-767fb818b5f0/datanode-0/data/ratis/66f9bc02-07f0-416c-b0d6-6ad4944c02cd
2019-10-15 09:30:52,072 [pool-409-thread-1] INFO  server.RaftServerConfigKeys (ConfUtils.java:logGet(43)) - raft.server.log.queue.byte-limit = 2147483647 (custom)
2019-10-15 09:30:52,072 [pool-409-thread-1] INFO  server.RaftServerConfigKeys (ConfUtils.java:logGet(43)) - raft.server.log.queue.element-limit = 1024 (custom)
2019-10-15 09:30:52,072 [pool-409-thread-1] INFO  server.RaftServerConfigKeys (ConfUtils.java:logGet(43)) - raft.server.log.segment.size.max = 1048576 (custom)
2019-10-15 09:30:52,072 [pool-409-thread-1] INFO  server.RaftServerConfigKeys (ConfUtils.java:logGet(43)) - raft.server.log.preallocated.size = 16384 (custom)
2019-10-15 09:30:52,073 [pool-409-thread-1] INFO  server.RaftServerConfigKeys (ConfUtils.java:logGet(43)) - raft.server.log.write.buffer.size = 33554432 (custom)
2019-10-15 09:30:52,073 [pool-409-thread-1] INFO  server.RaftServerConfigKeys (ConfUtils.java:logGet(43)) - raft.server.log.force.sync.num = 128 (default)
2019-10-15 09:30:52,073 [pool-409-thread-1] INFO  server.RaftServerConfigKeys (ConfUtils.java:logGet(43)) - raft.server.log.statemachine.data.sync = true (default)
2019-10-15 09:30:52,073 [pool-409-thread-1] INFO  server.RaftServerConfigKeys (ConfUtils.java:logGet(43)) - raft.server.log.statemachine.data.sync.timeout = 10s (default)
2019-10-15 09:30:52,073 [pool-409-thread-1] INFO  server.RaftServerConfigKeys (ConfUtils.java:logGet(43)) - raft.server.log.statemachine.data.sync.timeout.retry = -1 (default)
2019-10-15 09:30:52,074 [pool-409-thread-1] INFO  server.RaftServerConfigKeys (ConfUtils.java:logGet(43)) - raft.server.log.statemachine.data.caching.enabled = true (custom)
2019-10-15 09:30:52,074 [pool-409-thread-1] INFO  segmented.SegmentedRaftLogWorker (SegmentedRaftLogWorker.java:lambda$new$0(128)) - 92e13dd7-88b7-4477-81d2-746904c33e64@group-6AD4944C02CD-SegmentedRaftLogWorker: flushIndex: setUnconditionally 0 -> -1
2019-10-15 09:30:52,074 [pool-409-thread-1] INFO  server.RaftServerConfigKeys (ConfUtils.java:logGet(43)) - raft.server.snapshot.auto.trigger.enabled = true (custom)
2019-10-15 09:30:52,075 [pool-409-thread-1] INFO  server.RaftServerConfigKeys (ConfUtils.java:logGet(43)) - raft.server.snapshot.auto.trigger.threshold = 10000 (custom)
2019-10-15 09:30:52,075 [pool-409-thread-1] INFO  server.RaftServerConfigKeys (ConfUtils.java:logGet(43)) - raft.server.snapshot.retention.file.num = 5 (custom)
2019-10-15 09:30:52,075 [pool-409-thread-1] INFO  server.RaftServerConfigKeys (ConfUtils.java:logGet(43)) - raft.server.retrycache.expirytime = 600000ms (custom)
2019-10-15 09:30:52,077 [pool-409-thread-1] INFO  impl.RaftServerImpl (RaftServerImpl.java:start(181)) - 92e13dd7-88b7-4477-81d2-746904c33e64@group-6AD4944C02CD: start as a follower, conf=-1: [92e13dd7-88b7-4477-81d2-746904c33e64:192.168.5.139:33549], old=null
2019-10-15 09:30:52,077 [pool-409-thread-1] INFO  impl.RaftServerImpl (RaftServerImpl.java:setRole(170)) - 92e13dd7-88b7-4477-81d2-746904c33e64@group-6AD4944C02CD: changes role from      null to FOLLOWER at term 0 for startAsFollower
2019-10-15 09:30:52,077 [pool-409-thread-1] INFO  impl.RoleInfo (RoleInfo.java:updateAndGet(143)) - 92e13dd7-88b7-4477-81d2-746904c33e64: start FollowerState
2019-10-15 09:30:52,079 [pool-409-thread-1] INFO  util.JmxRegister (JmxRegister.java:tryRegister(44)) - Successfully registered JMX Bean with object name Ratis:service=RaftServer,group=group-6AD4944C02CD,id=92e13dd7-88b7-4477-81d2-746904c33e64
2019-10-15 09:30:52,080 [Command processor thread] INFO  impl.RaftServerProxy (RaftServerProxy.java:addNew(89)) - ae849fbe-d7af-4b6d-ba68-65e2a663a917: addNew group-17693D3914EE:[ae849fbe-d7af-4b6d-ba68-65e2a663a917:192.168.5.139:41342] returns group-17693D3914EE:java.util.concurrent.CompletableFuture@51c19c6d[Not completed]
2019-10-15 09:30:52,081 [pool-419-thread-1] INFO  impl.RaftServerImpl (RaftServerImpl.java:<init>(95)) - ae849fbe-d7af-4b6d-ba68-65e2a663a917: new RaftServerImpl for group-17693D3914EE:[ae849fbe-d7af-4b6d-ba68-65e2a663a917:192.168.5.139:41342] with ContainerStateMachine:uninitialized
2019-10-15 09:30:52,081 [pool-419-thread-1] INFO  server.RaftServerConfigKeys (ConfUtils.java:logGet(43)) - raft.server.rpc.timeout.min = 5s (custom)
2019-10-15 09:30:52,081 [Command processor thread] INFO  commandhandler.CreatePipelineCommandHandler (CreatePipelineCommandHandler.java:handle(86)) - Create Pipeline RATIS ONE #id: "66f9bc02-07f0-416c-b0d6-6ad4944c02cd"
 command succeed on datanode 92e13dd7-88b7-4477-81d2-746904c33e64.
2019-10-15 09:30:52,082 [pool-419-thread-1] INFO  server.RaftServerConfigKeys (ConfUtils.java:logGet(43)) - raft.server.rpc.timeout.max = 5200ms (custom)
2019-10-15 09:30:52,083 [pool-419-thread-1] INFO  server.RaftServerConfigKeys (ConfUtils.java:logGet(43)) - raft.server.rpcslowness.timeout = 120s (custom)
2019-10-15 09:30:52,083 [Command processor thread] INFO  impl.RaftServerProxy (RaftServerProxy.java:addNew(89)) - 92e13dd7-88b7-4477-81d2-746904c33e64: addNew group-F8894AEA8CD5:[92e13dd7-88b7-4477-81d2-746904c33e64:192.168.5.139:33549, 25136bf1-57af-4fb5-af68-1d44ce82afaa:192.168.5.139:45106, ae849fbe-d7af-4b6d-ba68-65e2a663a917:192.168.5.139:41342] returns group-F8894AEA8CD5:java.util.concurrent.CompletableFuture@f8e5912[Not completed]
2019-10-15 09:30:52,083 [pool-419-thread-1] INFO  server.RaftServerConfigKeys (ConfUtils.java:logGet(43)) - raft.server.sleep.deviation.threshold = 300 (default)
2019-10-15 09:30:52,084 [pool-419-thread-1] INFO  server.RaftServerConfigKeys (ConfUtils.java:logGet(43)) - raft.server.log.appender.install.snapshot.enabled = false (custom)
2019-10-15 09:30:52,084 [pool-419-thread-1] INFO  impl.RaftServerImpl (ServerState.java:<init>(103)) - ae849fbe-d7af-4b6d-ba68-65e2a663a917@group-17693D3914EE: ConfigurationManager, init=-1: [ae849fbe-d7af-4b6d-ba68-65e2a663a917:192.168.5.139:41342], old=null, confs=<EMPTY_MAP>
2019-10-15 09:30:52,084 [EventQueue-PipelineReportForPipelineReportHandler] INFO  pipeline.PipelineReportHandler (PipelineReportHandler.java:processPipelineReport(104)) - Pipeline ONE PipelineID=66f9bc02-07f0-416c-b0d6-6ad4944c02cd reported by 92e13dd7-88b7-4477-81d2-746904c33e64{ip: 192.168.5.139, host: pr-hdds-2034-mt9tt-727200918, networkLocation: /default-rack, certSerialId: null}
2019-10-15 09:30:52,084 [pool-419-thread-1] INFO  server.RaftServerConfigKeys (ConfUtils.java:logGet(43)) - raft.server.storage.dir = [/workdir/hadoop-ozone/integration-test/target/test-dir/MiniOzoneClusterImpl-56cf674f-c5b4-4091-81ba-767fb818b5f0/datanode-1/data/ratis] (custom)
2019-10-15 09:30:52,084 [pool-409-thread-1] INFO  impl.RaftServerImpl (RaftServerImpl.java:<init>(95)) - 92e13dd7-88b7-4477-81d2-746904c33e64: new RaftServerImpl for group-F8894AEA8CD5:[92e13dd7-88b7-4477-81d2-746904c33e64:192.168.5.139:33549, 25136bf1-57af-4fb5-af68-1d44ce82afaa:192.168.5.139:45106, ae849fbe-d7af-4b6d-ba68-65e2a663a917:192.168.5.139:41342] with ContainerStateMachine:uninitialized
2019-10-15 09:30:52,084 [EventQueue-PipelineReportForPipelineReportHandler] INFO  pipeline.PipelineStateManager (PipelineStateManager.java:openPipeline(134)) - Pipeline Pipeline[ Id: 66f9bc02-07f0-416c-b0d6-6ad4944c02cd, Nodes: 92e13dd7-88b7-4477-81d2-746904c33e64{ip: 192.168.5.139, host: pr-hdds-2034-mt9tt-727200918, networkLocation: /default-rack, certSerialId: null}, Type:RATIS, Factor:ONE, State:ALLOCATED] moved to OPEN state
2019-10-15 09:30:52,085 [pool-409-thread-1] INFO  server.RaftServerConfigKeys (ConfUtils.java:logGet(43)) - raft.server.rpc.timeout.min = 5s (custom)
2019-10-15 09:30:52,085 [pool-419-thread-1] INFO  server.RaftServerConfigKeys (ConfUtils.java:logGet(43)) - raft.server.log.corruption.policy = EXCEPTION (default)
2019-10-15 09:30:52,085 [pool-409-thread-1] INFO  server.RaftServerConfigKeys (ConfUtils.java:logGet(43)) - raft.server.rpc.timeout.max = 5200ms (custom)
2019-10-15 09:30:52,088 [pool-419-thread-1] INFO  storage.RaftStorageDirectory (RaftStorageDirectory.java:analyzeStorage(246)) - The storage directory /workdir/hadoop-ozone/integration-test/target/test-dir/MiniOzoneClusterImpl-56cf674f-c5b4-4091-81ba-767fb818b5f0/datanode-1/data/ratis/dca68d9a-b709-4a32-a0d4-17693d3914ee does not exist. Creating ...
2019-10-15 09:30:52,088 [EventQueue-OpenPipelineForHealthyPipelineSafeModeRule] INFO  safemode.SCMSafeModeManager (HealthyPipelineSafeModeRule.java:process(122)) - SCM in safe mode. Healthy pipelines reported count is 1, required healthy pipeline reported count is 1
2019-10-15 09:30:52,088 [pool-409-thread-1] INFO  server.RaftServerConfigKeys (ConfUtils.java:logGet(43)) - raft.server.rpcslowness.timeout = 120s (custom)
2019-10-15 09:30:52,088 [EventQueue-OpenPipelineForOneReplicaPipelineSafeModeRule] INFO  safemode.SCMSafeModeManager (SCMSafeModeManager.java:validateSafeModeExitRules(174)) - AtleastOneDatanodeReportedRule rule is successfully validated
2019-10-15 09:30:52,088 [pool-409-thread-1] INFO  server.RaftServerConfigKeys (ConfUtils.java:logGet(43)) - raft.server.sleep.deviation.threshold = 300 (default)
2019-10-15 09:30:52,089 [EventQueue-OpenPipelineForHealthyPipelineSafeModeRule] INFO  safemode.SCMSafeModeManager (SCMSafeModeManager.java:validateSafeModeExitRules(174)) - HealthyPipelineSafeModeRule rule is successfully validated
2019-10-15 09:30:52,089 [EventQueue-OpenPipelineForHealthyPipelineSafeModeRule] INFO  safemode.SCMSafeModeManager (SCMSafeModeManager.java:validateSafeModeExitRules(183)) - ScmSafeModeManager, all rules are successfully validated
2019-10-15 09:30:52,089 [pool-409-thread-1] INFO  server.RaftServerConfigKeys (ConfUtils.java:logGet(43)) - raft.server.log.appender.install.snapshot.enabled = false (custom)
2019-10-15 09:30:52,089 [pool-409-thread-1] INFO  impl.RaftServerImpl (ServerState.java:<init>(103)) - 92e13dd7-88b7-4477-81d2-746904c33e64@group-F8894AEA8CD5: ConfigurationManager, init=-1: [92e13dd7-88b7-4477-81d2-746904c33e64:192.168.5.139:33549, 25136bf1-57af-4fb5-af68-1d44ce82afaa:192.168.5.139:45106, ae849fbe-d7af-4b6d-ba68-65e2a663a917:192.168.5.139:41342], old=null, confs=<EMPTY_MAP>
2019-10-15 09:30:52,089 [pool-409-thread-1] INFO  server.RaftServerConfigKeys (ConfUtils.java:logGet(43)) - raft.server.storage.dir = [/workdir/hadoop-ozone/integration-test/target/test-dir/MiniOzoneClusterImpl-56cf674f-c5b4-4091-81ba-767fb818b5f0/datanode-0/data/ratis] (custom)
2019-10-15 09:30:52,089 [pool-409-thread-1] INFO  server.RaftServerConfigKeys (ConfUtils.java:logGet(43)) - raft.server.log.corruption.policy = EXCEPTION (default)
2019-10-15 09:30:52,090 [pool-409-thread-1] INFO  storage.RaftStorageDirectory (RaftStorageDirectory.java:analyzeStorage(246)) - The storage directory /workdir/hadoop-ozone/integration-test/target/test-dir/MiniOzoneClusterImpl-56cf674f-c5b4-4091-81ba-767fb818b5f0/datanode-0/data/ratis/7f7b5571-2d8d-4086-bef2-f8894aea8cd5 does not exist. Creating ...
2019-10-15 09:30:52,102 [pool-419-thread-1] INFO  storage.RaftStorageDirectory (RaftStorageDirectory.java:tryLock(328)) - Lock on /workdir/hadoop-ozone/integration-test/target/test-dir/MiniOzoneClusterImpl-56cf674f-c5b4-4091-81ba-767fb818b5f0/datanode-1/data/ratis/dca68d9a-b709-4a32-a0d4-17693d3914ee/in_use.lock acquired by nodename 20020@pr-hdds-2034-mt9tt-727200918
2019-10-15 09:30:52,102 [pool-409-thread-1] INFO  storage.RaftStorageDirectory (RaftStorageDirectory.java:tryLock(328)) - Lock on /workdir/hadoop-ozone/integration-test/target/test-dir/MiniOzoneClusterImpl-56cf674f-c5b4-4091-81ba-767fb818b5f0/datanode-0/data/ratis/7f7b5571-2d8d-4086-bef2-f8894aea8cd5/in_use.lock acquired by nodename 20020@pr-hdds-2034-mt9tt-727200918
2019-10-15 09:30:52,116 [pool-419-thread-1] INFO  storage.RaftStorage (RaftStorage.java:format(84)) - Storage directory /workdir/hadoop-ozone/integration-test/target/test-dir/MiniOzoneClusterImpl-56cf674f-c5b4-4091-81ba-767fb818b5f0/datanode-1/data/ratis/dca68d9a-b709-4a32-a0d4-17693d3914ee has been successfully formatted.
2019-10-15 09:30:52,116 [pool-409-thread-1] INFO  storage.RaftStorage (RaftStorage.java:format(84)) - Storage directory /workdir/hadoop-ozone/integration-test/target/test-dir/MiniOzoneClusterImpl-56cf674f-c5b4-4091-81ba-767fb818b5f0/datanode-0/data/ratis/7f7b5571-2d8d-4086-bef2-f8894aea8cd5 has been successfully formatted.
2019-10-15 09:30:52,116 [pool-419-thread-1] INFO  ratis.ContainerStateMachine (ContainerStateMachine.java:loadSnapshot(231)) - group-17693D3914EE: The snapshot info is null. Setting the last applied indexto:(t:0, i:~)
2019-10-15 09:30:52,116 [pool-409-thread-1] INFO  ratis.ContainerStateMachine (ContainerStateMachine.java:loadSnapshot(231)) - group-F8894AEA8CD5: The snapshot info is null. Setting the last applied indexto:(t:0, i:~)
2019-10-15 09:30:52,116 [pool-419-thread-1] INFO  server.RaftServerConfigKeys (ConfUtils.java:logGet(43)) - raft.server.notification.no-leader.timeout = 120s (custom)
2019-10-15 09:30:52,117 [pool-409-thread-1] INFO  server.RaftServerConfigKeys (ConfUtils.java:logGet(43)) - raft.server.notification.no-leader.timeout = 120s (custom)
2019-10-15 09:30:52,117 [pool-419-thread-1] INFO  server.RaftServerConfigKeys (ConfUtils.java:logGet(43)) - raft.server.log.use.memory = false (default)
2019-10-15 09:30:52,117 [pool-409-thread-1] INFO  server.RaftServerConfigKeys (ConfUtils.java:logGet(43)) - raft.server.log.use.memory = false (default)
2019-10-15 09:30:52,117 [pool-419-thread-1] INFO  server.RaftServerConfigKeys (ConfUtils.java:logGet(43)) - raft.server.log.purge.gap = 1000000 (custom)
2019-10-15 09:30:52,117 [pool-409-thread-1] INFO  server.RaftServerConfigKeys (ConfUtils.java:logGet(43)) - raft.server.log.purge.gap = 1000000 (custom)
2019-10-15 09:30:52,117 [pool-419-thread-1] INFO  server.RaftServerConfigKeys (ConfUtils.java:logGet(43)) - raft.server.log.appender.buffer.byte-limit = 33554432 (custom)
2019-10-15 09:30:52,117 [pool-409-thread-1] INFO  server.RaftServerConfigKeys (ConfUtils.java:logGet(43)) - raft.server.log.appender.buffer.byte-limit = 33554432 (custom)
2019-10-15 09:30:52,118 [pool-419-thread-1] INFO  server.RaftServerConfigKeys (ConfUtils.java:logGet(43)) - raft.server.log.segment.size.max = 1048576 (custom)
2019-10-15 09:30:52,118 [pool-409-thread-1] INFO  server.RaftServerConfigKeys (ConfUtils.java:logGet(43)) - raft.server.log.segment.size.max = 1048576 (custom)
2019-10-15 09:30:52,118 [pool-409-thread-1] INFO  server.RaftServerConfigKeys (ConfUtils.java:logGet(43)) - raft.server.log.segment.cache.num.max = 2 (custom)
2019-10-15 09:30:52,118 [pool-409-thread-1] INFO  segmented.SegmentedRaftLogWorker (SegmentedRaftLogWorker.java:<init>(173)) - new 92e13dd7-88b7-4477-81d2-746904c33e64@group-F8894AEA8CD5-SegmentedRaftLogWorker for RaftStorage:Storage Directory /workdir/hadoop-ozone/integration-test/target/test-dir/MiniOzoneClusterImpl-56cf674f-c5b4-4091-81ba-767fb818b5f0/datanode-0/data/ratis/7f7b5571-2d8d-4086-bef2-f8894aea8cd5
2019-10-15 09:30:52,119 [pool-409-thread-1] INFO  server.RaftServerConfigKeys (ConfUtils.java:logGet(43)) - raft.server.log.queue.byte-limit = 2147483647 (custom)
2019-10-15 09:30:52,119 [pool-409-thread-1] INFO  server.RaftServerConfigKeys (ConfUtils.java:logGet(43)) - raft.server.log.queue.element-limit = 1024 (custom)
2019-10-15 09:30:52,119 [pool-409-thread-1] INFO  server.RaftServerConfigKeys (ConfUtils.java:logGet(43)) - raft.server.log.segment.size.max = 1048576 (custom)
2019-10-15 09:30:52,119 [pool-409-thread-1] INFO  server.RaftServerConfigKeys (ConfUtils.java:logGet(43)) - raft.server.log.preallocated.size = 16384 (custom)
2019-10-15 09:30:52,119 [pool-409-thread-1] INFO  server.RaftServerConfigKeys (ConfUtils.java:logGet(43)) - raft.server.log.write.buffer.size = 33554432 (custom)
2019-10-15 09:30:52,119 [pool-409-thread-1] INFO  server.RaftServerConfigKeys (ConfUtils.java:logGet(43)) - raft.server.log.force.sync.num = 128 (default)
2019-10-15 09:30:52,119 [pool-409-thread-1] INFO  server.RaftServerConfigKeys (ConfUtils.java:logGet(43)) - raft.server.log.statemachine.data.sync = true (default)
2019-10-15 09:30:52,120 [pool-409-thread-1] INFO  server.RaftServerConfigKeys (ConfUtils.java:logGet(43)) - raft.server.log.statemachine.data.sync.timeout = 10s (default)
2019-10-15 09:30:52,120 [pool-409-thread-1] INFO  server.RaftServerConfigKeys (ConfUtils.java:logGet(43)) - raft.server.log.statemachine.data.sync.timeout.retry = -1 (default)
2019-10-15 09:30:52,120 [pool-419-thread-1] INFO  server.RaftServerConfigKeys (ConfUtils.java:logGet(43)) - raft.server.log.segment.cache.num.max = 2 (custom)
2019-10-15 09:30:52,120 [pool-409-thread-1] INFO  server.RaftServerConfigKeys (ConfUtils.java:logGet(43)) - raft.server.log.statemachine.data.caching.enabled = true (custom)
2019-10-15 09:30:52,120 [pool-419-thread-1] INFO  segmented.SegmentedRaftLogWorker (SegmentedRaftLogWorker.java:<init>(173)) - new ae849fbe-d7af-4b6d-ba68-65e2a663a917@group-17693D3914EE-SegmentedRaftLogWorker for RaftStorage:Storage Directory /workdir/hadoop-ozone/integration-test/target/test-dir/MiniOzoneClusterImpl-56cf674f-c5b4-4091-81ba-767fb818b5f0/datanode-1/data/ratis/dca68d9a-b709-4a32-a0d4-17693d3914ee
2019-10-15 09:30:52,120 [pool-419-thread-1] INFO  server.RaftServerConfigKeys (ConfUtils.java:logGet(43)) - raft.server.log.queue.byte-limit = 2147483647 (custom)
2019-10-15 09:30:52,121 [pool-409-thread-1] INFO  segmented.SegmentedRaftLogWorker (SegmentedRaftLogWorker.java:lambda$new$0(128)) - 92e13dd7-88b7-4477-81d2-746904c33e64@group-F8894AEA8CD5-SegmentedRaftLogWorker: flushIndex: setUnconditionally 0 -> -1
2019-10-15 09:30:52,121 [pool-419-thread-1] INFO  server.RaftServerConfigKeys (ConfUtils.java:logGet(43)) - raft.server.log.queue.element-limit = 1024 (custom)
2019-10-15 09:30:52,121 [pool-419-thread-1] INFO  server.RaftServerConfigKeys (ConfUtils.java:logGet(43)) - raft.server.log.segment.size.max = 1048576 (custom)
2019-10-15 09:30:52,121 [pool-409-thread-1] INFO  server.RaftServerConfigKeys (ConfUtils.java:logGet(43)) - raft.server.snapshot.auto.trigger.enabled = true (custom)
2019-10-15 09:30:52,121 [pool-419-thread-1] INFO  server.RaftServerConfigKeys (ConfUtils.java:logGet(43)) - raft.server.log.preallocated.size = 16384 (custom)
2019-10-15 09:30:52,121 [pool-409-thread-1] INFO  server.RaftServerConfigKeys (ConfUtils.java:logGet(43)) - raft.server.snapshot.auto.trigger.threshold = 10000 (custom)
2019-10-15 09:30:52,121 [pool-419-thread-1] INFO  server.RaftServerConfigKeys (ConfUtils.java:logGet(43)) - raft.server.log.write.buffer.size = 33554432 (custom)
2019-10-15 09:30:52,121 [pool-409-thread-1] INFO  server.RaftServerConfigKeys (ConfUtils.java:logGet(43)) - raft.server.snapshot.retention.file.num = 5 (custom)
2019-10-15 09:30:52,122 [pool-419-thread-1] INFO  server.RaftServerConfigKeys (ConfUtils.java:logGet(43)) - raft.server.log.force.sync.num = 128 (default)
2019-10-15 09:30:52,122 [pool-409-thread-1] INFO  server.RaftServerConfigKeys (ConfUtils.java:logGet(43)) - raft.server.retrycache.expirytime = 600000ms (custom)
2019-10-15 09:30:52,122 [pool-419-thread-1] INFO  server.RaftServerConfigKeys (ConfUtils.java:logGet(43)) - raft.server.log.statemachine.data.sync = true (default)
2019-10-15 09:30:52,122 [pool-419-thread-1] INFO  server.RaftServerConfigKeys (ConfUtils.java:logGet(43)) - raft.server.log.statemachine.data.sync.timeout = 10s (default)
2019-10-15 09:30:52,122 [pool-419-thread-1] INFO  server.RaftServerConfigKeys (ConfUtils.java:logGet(43)) - raft.server.log.statemachine.data.sync.timeout.retry = -1 (default)
2019-10-15 09:30:52,123 [pool-419-thread-1] INFO  server.RaftServerConfigKeys (ConfUtils.java:logGet(43)) - raft.server.log.statemachine.data.caching.enabled = true (custom)
2019-10-15 09:30:52,123 [pool-419-thread-1] INFO  segmented.SegmentedRaftLogWorker (SegmentedRaftLogWorker.java:lambda$new$0(128)) - ae849fbe-d7af-4b6d-ba68-65e2a663a917@group-17693D3914EE-SegmentedRaftLogWorker: flushIndex: setUnconditionally 0 -> -1
2019-10-15 09:30:52,124 [pool-419-thread-1] INFO  server.RaftServerConfigKeys (ConfUtils.java:logGet(43)) - raft.server.snapshot.auto.trigger.enabled = true (custom)
2019-10-15 09:30:52,124 [pool-419-thread-1] INFO  server.RaftServerConfigKeys (ConfUtils.java:logGet(43)) - raft.server.snapshot.auto.trigger.threshold = 10000 (custom)
2019-10-15 09:30:52,124 [pool-409-thread-1] INFO  impl.RaftServerImpl (RaftServerImpl.java:start(181)) - 92e13dd7-88b7-4477-81d2-746904c33e64@group-F8894AEA8CD5: start as a follower, conf=-1: [92e13dd7-88b7-4477-81d2-746904c33e64:192.168.5.139:33549, 25136bf1-57af-4fb5-af68-1d44ce82afaa:192.168.5.139:45106, ae849fbe-d7af-4b6d-ba68-65e2a663a917:192.168.5.139:41342], old=null
2019-10-15 09:30:52,124 [pool-419-thread-1] INFO  server.RaftServerConfigKeys (ConfUtils.java:logGet(43)) - raft.server.snapshot.retention.file.num = 5 (custom)
2019-10-15 09:30:52,124 [pool-409-thread-1] INFO  impl.RaftServerImpl (RaftServerImpl.java:setRole(170)) - 92e13dd7-88b7-4477-81d2-746904c33e64@group-F8894AEA8CD5: changes role from      null to FOLLOWER at term 0 for startAsFollower
2019-10-15 09:30:52,124 [pool-419-thread-1] INFO  server.RaftServerConfigKeys (ConfUtils.java:logGet(43)) - raft.server.retrycache.expirytime = 600000ms (custom)
2019-10-15 09:30:52,124 [pool-409-thread-1] INFO  impl.RoleInfo (RoleInfo.java:updateAndGet(143)) - 92e13dd7-88b7-4477-81d2-746904c33e64: start FollowerState
2019-10-15 09:30:52,125 [pool-409-thread-1] INFO  util.JmxRegister (JmxRegister.java:tryRegister(44)) - Successfully registered JMX Bean with object name Ratis:service=RaftServer,group=group-F8894AEA8CD5,id=92e13dd7-88b7-4477-81d2-746904c33e64
2019-10-15 09:30:52,126 [pool-419-thread-1] INFO  impl.RaftServerImpl (RaftServerImpl.java:start(181)) - ae849fbe-d7af-4b6d-ba68-65e2a663a917@group-17693D3914EE: start as a follower, conf=-1: [ae849fbe-d7af-4b6d-ba68-65e2a663a917:192.168.5.139:41342], old=null
2019-10-15 09:30:52,126 [pool-419-thread-1] INFO  impl.RaftServerImpl (RaftServerImpl.java:setRole(170)) - ae849fbe-d7af-4b6d-ba68-65e2a663a917@group-17693D3914EE: changes role from      null to FOLLOWER at term 0 for startAsFollower
2019-10-15 09:30:52,126 [pool-419-thread-1] INFO  impl.RoleInfo (RoleInfo.java:updateAndGet(143)) - ae849fbe-d7af-4b6d-ba68-65e2a663a917: start FollowerState
2019-10-15 09:30:52,127 [pool-419-thread-1] INFO  util.JmxRegister (JmxRegister.java:tryRegister(44)) - Successfully registered JMX Bean with object name Ratis:service=RaftServer,group=group-17693D3914EE,id=ae849fbe-d7af-4b6d-ba68-65e2a663a917
2019-10-15 09:30:52,127 [Command processor thread] INFO  commandhandler.CreatePipelineCommandHandler (CreatePipelineCommandHandler.java:handle(86)) - Create Pipeline RATIS THREE #id: "7f7b5571-2d8d-4086-bef2-f8894aea8cd5"
 command succeed on datanode 92e13dd7-88b7-4477-81d2-746904c33e64.
2019-10-15 09:30:52,128 [EventQueue-PipelineReportForPipelineReportHandler] INFO  pipeline.PipelineReportHandler (PipelineReportHandler.java:processPipelineReport(104)) - Pipeline THREE PipelineID=7f7b5571-2d8d-4086-bef2-f8894aea8cd5 reported by 92e13dd7-88b7-4477-81d2-746904c33e64{ip: 192.168.5.139, host: pr-hdds-2034-mt9tt-727200918, networkLocation: /default-rack, certSerialId: null}
2019-10-15 09:30:52,129 [Command processor thread] INFO  commandhandler.CreatePipelineCommandHandler (CreatePipelineCommandHandler.java:handle(86)) - Create Pipeline RATIS ONE #id: "dca68d9a-b709-4a32-a0d4-17693d3914ee"
 command succeed on datanode ae849fbe-d7af-4b6d-ba68-65e2a663a917.
2019-10-15 09:30:52,133 [Command processor thread] INFO  impl.RaftServerProxy (RaftServerProxy.java:addNew(89)) - ae849fbe-d7af-4b6d-ba68-65e2a663a917: addNew group-F8894AEA8CD5:[92e13dd7-88b7-4477-81d2-746904c33e64:192.168.5.139:33549, 25136bf1-57af-4fb5-af68-1d44ce82afaa:192.168.5.139:45106, ae849fbe-d7af-4b6d-ba68-65e2a663a917:192.168.5.139:41342] returns group-F8894AEA8CD5:java.util.concurrent.CompletableFuture@55fe028d[Not completed]
2019-10-15 09:30:52,134 [EventQueue-PipelineReportForPipelineReportHandler] INFO  pipeline.PipelineReportHandler (PipelineReportHandler.java:processPipelineReport(104)) - Pipeline ONE PipelineID=dca68d9a-b709-4a32-a0d4-17693d3914ee reported by ae849fbe-d7af-4b6d-ba68-65e2a663a917{ip: 192.168.5.139, host: pr-hdds-2034-mt9tt-727200918, networkLocation: /default-rack, certSerialId: null}
2019-10-15 09:30:52,134 [EventQueue-PipelineReportForPipelineReportHandler] INFO  pipeline.PipelineStateManager (PipelineStateManager.java:openPipeline(134)) - Pipeline Pipeline[ Id: dca68d9a-b709-4a32-a0d4-17693d3914ee, Nodes: ae849fbe-d7af-4b6d-ba68-65e2a663a917{ip: 192.168.5.139, host: pr-hdds-2034-mt9tt-727200918, networkLocation: /default-rack, certSerialId: null}, Type:RATIS, Factor:ONE, State:ALLOCATED] moved to OPEN state
2019-10-15 09:30:52,134 [pool-419-thread-1] INFO  impl.RaftServerImpl (RaftServerImpl.java:<init>(95)) - ae849fbe-d7af-4b6d-ba68-65e2a663a917: new RaftServerImpl for group-F8894AEA8CD5:[92e13dd7-88b7-4477-81d2-746904c33e64:192.168.5.139:33549, 25136bf1-57af-4fb5-af68-1d44ce82afaa:192.168.5.139:45106, ae849fbe-d7af-4b6d-ba68-65e2a663a917:192.168.5.139:41342] with ContainerStateMachine:uninitialized
2019-10-15 09:30:52,135 [pool-419-thread-1] INFO  server.RaftServerConfigKeys (ConfUtils.java:logGet(43)) - raft.server.rpc.timeout.min = 5s (custom)
2019-10-15 09:30:52,135 [pool-419-thread-1] INFO  server.RaftServerConfigKeys (ConfUtils.java:logGet(43)) - raft.server.rpc.timeout.max = 5200ms (custom)
2019-10-15 09:30:52,135 [pool-419-thread-1] INFO  server.RaftServerConfigKeys (ConfUtils.java:logGet(43)) - raft.server.rpcslowness.timeout = 120s (custom)
2019-10-15 09:30:52,135 [pool-419-thread-1] INFO  server.RaftServerConfigKeys (ConfUtils.java:logGet(43)) - raft.server.sleep.deviation.threshold = 300 (default)
2019-10-15 09:30:52,135 [pool-419-thread-1] INFO  server.RaftServerConfigKeys (ConfUtils.java:logGet(43)) - raft.server.log.appender.install.snapshot.enabled = false (custom)
2019-10-15 09:30:52,135 [pool-419-thread-1] INFO  impl.RaftServerImpl (ServerState.java:<init>(103)) - ae849fbe-d7af-4b6d-ba68-65e2a663a917@group-F8894AEA8CD5: ConfigurationManager, init=-1: [92e13dd7-88b7-4477-81d2-746904c33e64:192.168.5.139:33549, 25136bf1-57af-4fb5-af68-1d44ce82afaa:192.168.5.139:45106, ae849fbe-d7af-4b6d-ba68-65e2a663a917:192.168.5.139:41342], old=null, confs=<EMPTY_MAP>
2019-10-15 09:30:52,135 [pool-419-thread-1] INFO  server.RaftServerConfigKeys (ConfUtils.java:logGet(43)) - raft.server.storage.dir = [/workdir/hadoop-ozone/integration-test/target/test-dir/MiniOzoneClusterImpl-56cf674f-c5b4-4091-81ba-767fb818b5f0/datanode-1/data/ratis] (custom)
2019-10-15 09:30:52,136 [pool-419-thread-1] INFO  server.RaftServerConfigKeys (ConfUtils.java:logGet(43)) - raft.server.log.corruption.policy = EXCEPTION (default)
2019-10-15 09:30:52,136 [pool-419-thread-1] INFO  storage.RaftStorageDirectory (RaftStorageDirectory.java:analyzeStorage(246)) - The storage directory /workdir/hadoop-ozone/integration-test/target/test-dir/MiniOzoneClusterImpl-56cf674f-c5b4-4091-81ba-767fb818b5f0/datanode-1/data/ratis/7f7b5571-2d8d-4086-bef2-f8894aea8cd5 does not exist. Creating ...
2019-10-15 09:30:52,145 [Command processor thread] INFO  impl.RaftServerProxy (RaftServerProxy.java:addNew(89)) - 25136bf1-57af-4fb5-af68-1d44ce82afaa: addNew group-674CF7488D00:[25136bf1-57af-4fb5-af68-1d44ce82afaa:192.168.5.139:45106] returns group-674CF7488D00:java.util.concurrent.CompletableFuture@5c53f90d[Not completed]
2019-10-15 09:30:52,146 [pool-429-thread-1] INFO  impl.RaftServerImpl (RaftServerImpl.java:<init>(95)) - 25136bf1-57af-4fb5-af68-1d44ce82afaa: new RaftServerImpl for group-674CF7488D00:[25136bf1-57af-4fb5-af68-1d44ce82afaa:192.168.5.139:45106] with ContainerStateMachine:uninitialized
2019-10-15 09:30:52,147 [pool-429-thread-1] INFO  server.RaftServerConfigKeys (ConfUtils.java:logGet(43)) - raft.server.rpc.timeout.min = 5s (custom)
2019-10-15 09:30:52,147 [pool-429-thread-1] INFO  server.RaftServerConfigKeys (ConfUtils.java:logGet(43)) - raft.server.rpc.timeout.max = 5200ms (custom)
2019-10-15 09:30:52,147 [pool-429-thread-1] INFO  server.RaftServerConfigKeys (ConfUtils.java:logGet(43)) - raft.server.rpcslowness.timeout = 120s (custom)
2019-10-15 09:30:52,147 [pool-429-thread-1] INFO  server.RaftServerConfigKeys (ConfUtils.java:logGet(43)) - raft.server.sleep.deviation.threshold = 300 (default)
2019-10-15 09:30:52,147 [pool-429-thread-1] INFO  server.RaftServerConfigKeys (ConfUtils.java:logGet(43)) - raft.server.log.appender.install.snapshot.enabled = false (custom)
2019-10-15 09:30:52,147 [pool-429-thread-1] INFO  impl.RaftServerImpl (ServerState.java:<init>(103)) - 25136bf1-57af-4fb5-af68-1d44ce82afaa@group-674CF7488D00: ConfigurationManager, init=-1: [25136bf1-57af-4fb5-af68-1d44ce82afaa:192.168.5.139:45106], old=null, confs=<EMPTY_MAP>
2019-10-15 09:30:52,147 [pool-429-thread-1] INFO  server.RaftServerConfigKeys (ConfUtils.java:logGet(43)) - raft.server.storage.dir = [/workdir/hadoop-ozone/integration-test/target/test-dir/MiniOzoneClusterImpl-56cf674f-c5b4-4091-81ba-767fb818b5f0/datanode-2/data/ratis] (custom)
2019-10-15 09:30:52,148 [pool-429-thread-1] INFO  server.RaftServerConfigKeys (ConfUtils.java:logGet(43)) - raft.server.log.corruption.policy = EXCEPTION (default)
2019-10-15 09:30:52,148 [pool-429-thread-1] INFO  storage.RaftStorageDirectory (RaftStorageDirectory.java:analyzeStorage(246)) - The storage directory /workdir/hadoop-ozone/integration-test/target/test-dir/MiniOzoneClusterImpl-56cf674f-c5b4-4091-81ba-767fb818b5f0/datanode-2/data/ratis/1027d26f-c781-4dcc-94cd-674cf7488d00 does not exist. Creating ...
2019-10-15 09:30:52,152 [pool-419-thread-1] INFO  storage.RaftStorageDirectory (RaftStorageDirectory.java:tryLock(328)) - Lock on /workdir/hadoop-ozone/integration-test/target/test-dir/MiniOzoneClusterImpl-56cf674f-c5b4-4091-81ba-767fb818b5f0/datanode-1/data/ratis/7f7b5571-2d8d-4086-bef2-f8894aea8cd5/in_use.lock acquired by nodename 20020@pr-hdds-2034-mt9tt-727200918
2019-10-15 09:30:52,152 [pool-429-thread-1] INFO  storage.RaftStorageDirectory (RaftStorageDirectory.java:tryLock(328)) - Lock on /workdir/hadoop-ozone/integration-test/target/test-dir/MiniOzoneClusterImpl-56cf674f-c5b4-4091-81ba-767fb818b5f0/datanode-2/data/ratis/1027d26f-c781-4dcc-94cd-674cf7488d00/in_use.lock acquired by nodename 20020@pr-hdds-2034-mt9tt-727200918
2019-10-15 09:30:52,165 [pool-429-thread-1] INFO  storage.RaftStorage (RaftStorage.java:format(84)) - Storage directory /workdir/hadoop-ozone/integration-test/target/test-dir/MiniOzoneClusterImpl-56cf674f-c5b4-4091-81ba-767fb818b5f0/datanode-2/data/ratis/1027d26f-c781-4dcc-94cd-674cf7488d00 has been successfully formatted.
2019-10-15 09:30:52,165 [pool-419-thread-1] INFO  storage.RaftStorage (RaftStorage.java:format(84)) - Storage directory /workdir/hadoop-ozone/integration-test/target/test-dir/MiniOzoneClusterImpl-56cf674f-c5b4-4091-81ba-767fb818b5f0/datanode-1/data/ratis/7f7b5571-2d8d-4086-bef2-f8894aea8cd5 has been successfully formatted.
2019-10-15 09:30:52,165 [pool-429-thread-1] INFO  ratis.ContainerStateMachine (ContainerStateMachine.java:loadSnapshot(231)) - group-674CF7488D00: The snapshot info is null. Setting the last applied indexto:(t:0, i:~)
2019-10-15 09:30:52,165 [pool-419-thread-1] INFO  ratis.ContainerStateMachine (ContainerStateMachine.java:loadSnapshot(231)) - group-F8894AEA8CD5: The snapshot info is null. Setting the last applied indexto:(t:0, i:~)
2019-10-15 09:30:52,165 [pool-429-thread-1] INFO  server.RaftServerConfigKeys (ConfUtils.java:logGet(43)) - raft.server.notification.no-leader.timeout = 120s (custom)
2019-10-15 09:30:52,165 [pool-419-thread-1] INFO  server.RaftServerConfigKeys (ConfUtils.java:logGet(43)) - raft.server.notification.no-leader.timeout = 120s (custom)
2019-10-15 09:30:52,165 [pool-429-thread-1] INFO  server.RaftServerConfigKeys (ConfUtils.java:logGet(43)) - raft.server.log.use.memory = false (default)
2019-10-15 09:30:52,165 [pool-419-thread-1] INFO  server.RaftServerConfigKeys (ConfUtils.java:logGet(43)) - raft.server.log.use.memory = false (default)
2019-10-15 09:30:52,166 [pool-429-thread-1] INFO  server.RaftServerConfigKeys (ConfUtils.java:logGet(43)) - raft.server.log.purge.gap = 1000000 (custom)
2019-10-15 09:30:52,166 [pool-419-thread-1] INFO  server.RaftServerConfigKeys (ConfUtils.java:logGet(43)) - raft.server.log.purge.gap = 1000000 (custom)
2019-10-15 09:30:52,166 [pool-429-thread-1] INFO  server.RaftServerConfigKeys (ConfUtils.java:logGet(43)) - raft.server.log.appender.buffer.byte-limit = 33554432 (custom)
2019-10-15 09:30:52,166 [pool-419-thread-1] INFO  server.RaftServerConfigKeys (ConfUtils.java:logGet(43)) - raft.server.log.appender.buffer.byte-limit = 33554432 (custom)
2019-10-15 09:30:52,166 [pool-429-thread-1] INFO  server.RaftServerConfigKeys (ConfUtils.java:logGet(43)) - raft.server.log.segment.size.max = 1048576 (custom)
2019-10-15 09:30:52,166 [pool-419-thread-1] INFO  server.RaftServerConfigKeys (ConfUtils.java:logGet(43)) - raft.server.log.segment.size.max = 1048576 (custom)
2019-10-15 09:30:52,166 [pool-419-thread-1] INFO  server.RaftServerConfigKeys (ConfUtils.java:logGet(43)) - raft.server.log.segment.cache.num.max = 2 (custom)
2019-10-15 09:30:52,167 [pool-419-thread-1] INFO  segmented.SegmentedRaftLogWorker (SegmentedRaftLogWorker.java:<init>(173)) - new ae849fbe-d7af-4b6d-ba68-65e2a663a917@group-F8894AEA8CD5-SegmentedRaftLogWorker for RaftStorage:Storage Directory /workdir/hadoop-ozone/integration-test/target/test-dir/MiniOzoneClusterImpl-56cf674f-c5b4-4091-81ba-767fb818b5f0/datanode-1/data/ratis/7f7b5571-2d8d-4086-bef2-f8894aea8cd5
2019-10-15 09:30:52,167 [pool-419-thread-1] INFO  server.RaftServerConfigKeys (ConfUtils.java:logGet(43)) - raft.server.log.queue.byte-limit = 2147483647 (custom)
2019-10-15 09:30:52,167 [pool-419-thread-1] INFO  server.RaftServerConfigKeys (ConfUtils.java:logGet(43)) - raft.server.log.queue.element-limit = 1024 (custom)
2019-10-15 09:30:52,167 [pool-419-thread-1] INFO  server.RaftServerConfigKeys (ConfUtils.java:logGet(43)) - raft.server.log.segment.size.max = 1048576 (custom)
2019-10-15 09:30:52,167 [pool-419-thread-1] INFO  server.RaftServerConfigKeys (ConfUtils.java:logGet(43)) - raft.server.log.preallocated.size = 16384 (custom)
2019-10-15 09:30:52,167 [pool-419-thread-1] INFO  server.RaftServerConfigKeys (ConfUtils.java:logGet(43)) - raft.server.log.write.buffer.size = 33554432 (custom)
2019-10-15 09:30:52,168 [pool-419-thread-1] INFO  server.RaftServerConfigKeys (ConfUtils.java:logGet(43)) - raft.server.log.force.sync.num = 128 (default)
2019-10-15 09:30:52,168 [pool-419-thread-1] INFO  server.RaftServerConfigKeys (ConfUtils.java:logGet(43)) - raft.server.log.statemachine.data.sync = true (default)
2019-10-15 09:30:52,168 [pool-419-thread-1] INFO  server.RaftServerConfigKeys (ConfUtils.java:logGet(43)) - raft.server.log.statemachine.data.sync.timeout = 10s (default)
2019-10-15 09:30:52,168 [pool-429-thread-1] INFO  server.RaftServerConfigKeys (ConfUtils.java:logGet(43)) - raft.server.log.segment.cache.num.max = 2 (custom)
2019-10-15 09:30:52,168 [pool-419-thread-1] INFO  server.RaftServerConfigKeys (ConfUtils.java:logGet(43)) - raft.server.log.statemachine.data.sync.timeout.retry = -1 (default)
2019-10-15 09:30:52,168 [pool-429-thread-1] INFO  segmented.SegmentedRaftLogWorker (SegmentedRaftLogWorker.java:<init>(173)) - new 25136bf1-57af-4fb5-af68-1d44ce82afaa@group-674CF7488D00-SegmentedRaftLogWorker for RaftStorage:Storage Directory /workdir/hadoop-ozone/integration-test/target/test-dir/MiniOzoneClusterImpl-56cf674f-c5b4-4091-81ba-767fb818b5f0/datanode-2/data/ratis/1027d26f-c781-4dcc-94cd-674cf7488d00
2019-10-15 09:30:52,168 [pool-419-thread-1] INFO  server.RaftServerConfigKeys (ConfUtils.java:logGet(43)) - raft.server.log.statemachine.data.caching.enabled = true (custom)
2019-10-15 09:30:52,169 [pool-429-thread-1] INFO  server.RaftServerConfigKeys (ConfUtils.java:logGet(43)) - raft.server.log.queue.byte-limit = 2147483647 (custom)
2019-10-15 09:30:52,169 [pool-419-thread-1] INFO  segmented.SegmentedRaftLogWorker (SegmentedRaftLogWorker.java:lambda$new$0(128)) - ae849fbe-d7af-4b6d-ba68-65e2a663a917@group-F8894AEA8CD5-SegmentedRaftLogWorker: flushIndex: setUnconditionally 0 -> -1
2019-10-15 09:30:52,169 [pool-429-thread-1] INFO  server.RaftServerConfigKeys (ConfUtils.java:logGet(43)) - raft.server.log.queue.element-limit = 1024 (custom)
2019-10-15 09:30:52,169 [pool-419-thread-1] INFO  server.RaftServerConfigKeys (ConfUtils.java:logGet(43)) - raft.server.snapshot.auto.trigger.enabled = true (custom)
2019-10-15 09:30:52,169 [pool-429-thread-1] INFO  server.RaftServerConfigKeys (ConfUtils.java:logGet(43)) - raft.server.log.segment.size.max = 1048576 (custom)
2019-10-15 09:30:52,169 [pool-419-thread-1] INFO  server.RaftServerConfigKeys (ConfUtils.java:logGet(43)) - raft.server.snapshot.auto.trigger.threshold = 10000 (custom)
2019-10-15 09:30:52,169 [pool-429-thread-1] INFO  server.RaftServerConfigKeys (ConfUtils.java:logGet(43)) - raft.server.log.preallocated.size = 16384 (custom)
2019-10-15 09:30:52,169 [pool-419-thread-1] INFO  server.RaftServerConfigKeys (ConfUtils.java:logGet(43)) - raft.server.snapshot.retention.file.num = 5 (custom)
2019-10-15 09:30:52,170 [pool-429-thread-1] INFO  server.RaftServerConfigKeys (ConfUtils.java:logGet(43)) - raft.server.log.write.buffer.size = 33554432 (custom)
2019-10-15 09:30:52,170 [pool-419-thread-1] INFO  server.RaftServerConfigKeys (ConfUtils.java:logGet(43)) - raft.server.retrycache.expirytime = 600000ms (custom)
2019-10-15 09:30:52,170 [pool-429-thread-1] INFO  server.RaftServerConfigKeys (ConfUtils.java:logGet(43)) - raft.server.log.force.sync.num = 128 (default)
2019-10-15 09:30:52,170 [pool-429-thread-1] INFO  server.RaftServerConfigKeys (ConfUtils.java:logGet(43)) - raft.server.log.statemachine.data.sync = true (default)
2019-10-15 09:30:52,170 [pool-429-thread-1] INFO  server.RaftServerConfigKeys (ConfUtils.java:logGet(43)) - raft.server.log.statemachine.data.sync.timeout = 10s (default)
2019-10-15 09:30:52,170 [pool-429-thread-1] INFO  server.RaftServerConfigKeys (ConfUtils.java:logGet(43)) - raft.server.log.statemachine.data.sync.timeout.retry = -1 (default)
2019-10-15 09:30:52,171 [pool-429-thread-1] INFO  server.RaftServerConfigKeys (ConfUtils.java:logGet(43)) - raft.server.log.statemachine.data.caching.enabled = true (custom)
2019-10-15 09:30:52,171 [pool-429-thread-1] INFO  segmented.SegmentedRaftLogWorker (SegmentedRaftLogWorker.java:lambda$new$0(128)) - 25136bf1-57af-4fb5-af68-1d44ce82afaa@group-674CF7488D00-SegmentedRaftLogWorker: flushIndex: setUnconditionally 0 -> -1
2019-10-15 09:30:52,172 [pool-429-thread-1] INFO  server.RaftServerConfigKeys (ConfUtils.java:logGet(43)) - raft.server.snapshot.auto.trigger.enabled = true (custom)
2019-10-15 09:30:52,172 [pool-419-thread-1] INFO  impl.RaftServerImpl (RaftServerImpl.java:start(181)) - ae849fbe-d7af-4b6d-ba68-65e2a663a917@group-F8894AEA8CD5: start as a follower, conf=-1: [92e13dd7-88b7-4477-81d2-746904c33e64:192.168.5.139:33549, 25136bf1-57af-4fb5-af68-1d44ce82afaa:192.168.5.139:45106, ae849fbe-d7af-4b6d-ba68-65e2a663a917:192.168.5.139:41342], old=null
2019-10-15 09:30:52,172 [pool-429-thread-1] INFO  server.RaftServerConfigKeys (ConfUtils.java:logGet(43)) - raft.server.snapshot.auto.trigger.threshold = 10000 (custom)
2019-10-15 09:30:52,172 [pool-419-thread-1] INFO  impl.RaftServerImpl (RaftServerImpl.java:setRole(170)) - ae849fbe-d7af-4b6d-ba68-65e2a663a917@group-F8894AEA8CD5: changes role from      null to FOLLOWER at term 0 for startAsFollower
2019-10-15 09:30:52,172 [pool-429-thread-1] INFO  server.RaftServerConfigKeys (ConfUtils.java:logGet(43)) - raft.server.snapshot.retention.file.num = 5 (custom)
2019-10-15 09:30:52,172 [pool-419-thread-1] INFO  impl.RoleInfo (RoleInfo.java:updateAndGet(143)) - ae849fbe-d7af-4b6d-ba68-65e2a663a917: start FollowerState
2019-10-15 09:30:52,172 [pool-429-thread-1] INFO  server.RaftServerConfigKeys (ConfUtils.java:logGet(43)) - raft.server.retrycache.expirytime = 600000ms (custom)
2019-10-15 09:30:52,188 [pool-419-thread-1] INFO  util.JmxRegister (JmxRegister.java:tryRegister(44)) - Successfully registered JMX Bean with object name Ratis:service=RaftServer,group=group-F8894AEA8CD5,id=ae849fbe-d7af-4b6d-ba68-65e2a663a917
2019-10-15 09:30:52,191 [pool-429-thread-1] INFO  impl.RaftServerImpl (RaftServerImpl.java:start(181)) - 25136bf1-57af-4fb5-af68-1d44ce82afaa@group-674CF7488D00: start as a follower, conf=-1: [25136bf1-57af-4fb5-af68-1d44ce82afaa:192.168.5.139:45106], old=null
2019-10-15 09:30:52,191 [pool-429-thread-1] INFO  impl.RaftServerImpl (RaftServerImpl.java:setRole(170)) - 25136bf1-57af-4fb5-af68-1d44ce82afaa@group-674CF7488D00: changes role from      null to FOLLOWER at term 0 for startAsFollower
2019-10-15 09:30:52,191 [pool-429-thread-1] INFO  impl.RoleInfo (RoleInfo.java:updateAndGet(143)) - 25136bf1-57af-4fb5-af68-1d44ce82afaa: start FollowerState
2019-10-15 09:30:52,191 [Command processor thread] INFO  commandhandler.CreatePipelineCommandHandler (CreatePipelineCommandHandler.java:handle(86)) - Create Pipeline RATIS THREE #id: "7f7b5571-2d8d-4086-bef2-f8894aea8cd5"
 command succeed on datanode ae849fbe-d7af-4b6d-ba68-65e2a663a917.
2019-10-15 09:30:52,199 [pool-429-thread-1] INFO  util.JmxRegister (JmxRegister.java:tryRegister(44)) - Successfully registered JMX Bean with object name Ratis:service=RaftServer,group=group-674CF7488D00,id=25136bf1-57af-4fb5-af68-1d44ce82afaa
2019-10-15 09:30:52,199 [EventQueue-PipelineReportForPipelineReportHandler] INFO  pipeline.PipelineReportHandler (PipelineReportHandler.java:processPipelineReport(104)) - Pipeline THREE PipelineID=7f7b5571-2d8d-4086-bef2-f8894aea8cd5 reported by ae849fbe-d7af-4b6d-ba68-65e2a663a917{ip: 192.168.5.139, host: pr-hdds-2034-mt9tt-727200918, networkLocation: /default-rack, certSerialId: null}
2019-10-15 09:30:52,200 [Command processor thread] INFO  commandhandler.CreatePipelineCommandHandler (CreatePipelineCommandHandler.java:handle(86)) - Create Pipeline RATIS ONE #id: "1027d26f-c781-4dcc-94cd-674cf7488d00"
 command succeed on datanode 25136bf1-57af-4fb5-af68-1d44ce82afaa.
2019-10-15 09:30:52,203 [Command processor thread] INFO  impl.RaftServerProxy (RaftServerProxy.java:addNew(89)) - 25136bf1-57af-4fb5-af68-1d44ce82afaa: addNew group-F8894AEA8CD5:[92e13dd7-88b7-4477-81d2-746904c33e64:192.168.5.139:33549, 25136bf1-57af-4fb5-af68-1d44ce82afaa:192.168.5.139:45106, ae849fbe-d7af-4b6d-ba68-65e2a663a917:192.168.5.139:41342] returns group-F8894AEA8CD5:java.util.concurrent.CompletableFuture@586c665f[Not completed]
2019-10-15 09:30:52,205 [Command processor thread] INFO  impl.RaftServerProxy (RaftServerProxy.java:addNew(89)) - afcd5ebb-a9d9-4a75-8b79-0cd3ce730bd4: addNew group-50A05574CA76:[afcd5ebb-a9d9-4a75-8b79-0cd3ce730bd4:192.168.5.139:35252] returns group-50A05574CA76:java.util.concurrent.CompletableFuture@4ec9e506[Not completed]
2019-10-15 09:30:52,206 [EventQueue-PipelineReportForPipelineReportHandler] INFO  pipeline.PipelineReportHandler (PipelineReportHandler.java:processPipelineReport(104)) - Pipeline ONE PipelineID=1027d26f-c781-4dcc-94cd-674cf7488d00 reported by 25136bf1-57af-4fb5-af68-1d44ce82afaa{ip: 192.168.5.139, host: pr-hdds-2034-mt9tt-727200918, networkLocation: /default-rack, certSerialId: null}
2019-10-15 09:30:52,206 [EventQueue-PipelineReportForPipelineReportHandler] INFO  pipeline.PipelineStateManager (PipelineStateManager.java:openPipeline(134)) - Pipeline Pipeline[ Id: 1027d26f-c781-4dcc-94cd-674cf7488d00, Nodes: 25136bf1-57af-4fb5-af68-1d44ce82afaa{ip: 192.168.5.139, host: pr-hdds-2034-mt9tt-727200918, networkLocation: /default-rack, certSerialId: null}, Type:RATIS, Factor:ONE, State:ALLOCATED] moved to OPEN state
2019-10-15 09:30:52,206 [pool-429-thread-1] INFO  impl.RaftServerImpl (RaftServerImpl.java:<init>(95)) - 25136bf1-57af-4fb5-af68-1d44ce82afaa: new RaftServerImpl for group-F8894AEA8CD5:[92e13dd7-88b7-4477-81d2-746904c33e64:192.168.5.139:33549, 25136bf1-57af-4fb5-af68-1d44ce82afaa:192.168.5.139:45106, ae849fbe-d7af-4b6d-ba68-65e2a663a917:192.168.5.139:41342] with ContainerStateMachine:uninitialized
2019-10-15 09:30:52,206 [pool-429-thread-1] INFO  server.RaftServerConfigKeys (ConfUtils.java:logGet(43)) - raft.server.rpc.timeout.min = 5s (custom)
2019-10-15 09:30:52,206 [pool-429-thread-1] INFO  server.RaftServerConfigKeys (ConfUtils.java:logGet(43)) - raft.server.rpc.timeout.max = 5200ms (custom)
2019-10-15 09:30:52,206 [pool-429-thread-1] INFO  server.RaftServerConfigKeys (ConfUtils.java:logGet(43)) - raft.server.rpcslowness.timeout = 120s (custom)
2019-10-15 09:30:52,206 [pool-429-thread-1] INFO  server.RaftServerConfigKeys (ConfUtils.java:logGet(43)) - raft.server.sleep.deviation.threshold = 300 (default)
2019-10-15 09:30:52,206 [pool-429-thread-1] INFO  server.RaftServerConfigKeys (ConfUtils.java:logGet(43)) - raft.server.log.appender.install.snapshot.enabled = false (custom)
2019-10-15 09:30:52,207 [pool-429-thread-1] INFO  impl.RaftServerImpl (ServerState.java:<init>(103)) - 25136bf1-57af-4fb5-af68-1d44ce82afaa@group-F8894AEA8CD5: ConfigurationManager, init=-1: [92e13dd7-88b7-4477-81d2-746904c33e64:192.168.5.139:33549, 25136bf1-57af-4fb5-af68-1d44ce82afaa:192.168.5.139:45106, ae849fbe-d7af-4b6d-ba68-65e2a663a917:192.168.5.139:41342], old=null, confs=<EMPTY_MAP>
2019-10-15 09:30:52,207 [pool-429-thread-1] INFO  server.RaftServerConfigKeys (ConfUtils.java:logGet(43)) - raft.server.storage.dir = [/workdir/hadoop-ozone/integration-test/target/test-dir/MiniOzoneClusterImpl-56cf674f-c5b4-4091-81ba-767fb818b5f0/datanode-2/data/ratis] (custom)
2019-10-15 09:30:52,207 [pool-429-thread-1] INFO  server.RaftServerConfigKeys (ConfUtils.java:logGet(43)) - raft.server.log.corruption.policy = EXCEPTION (default)
2019-10-15 09:30:52,207 [pool-429-thread-1] INFO  storage.RaftStorageDirectory (RaftStorageDirectory.java:analyzeStorage(246)) - The storage directory /workdir/hadoop-ozone/integration-test/target/test-dir/MiniOzoneClusterImpl-56cf674f-c5b4-4091-81ba-767fb818b5f0/datanode-2/data/ratis/7f7b5571-2d8d-4086-bef2-f8894aea8cd5 does not exist. Creating ...
2019-10-15 09:30:52,207 [pool-439-thread-1] INFO  impl.RaftServerImpl (RaftServerImpl.java:<init>(95)) - afcd5ebb-a9d9-4a75-8b79-0cd3ce730bd4: new RaftServerImpl for group-50A05574CA76:[afcd5ebb-a9d9-4a75-8b79-0cd3ce730bd4:192.168.5.139:35252] with ContainerStateMachine:uninitialized
2019-10-15 09:30:52,207 [pool-439-thread-1] INFO  server.RaftServerConfigKeys (ConfUtils.java:logGet(43)) - raft.server.rpc.timeout.min = 5s (custom)
2019-10-15 09:30:52,208 [pool-439-thread-1] INFO  server.RaftServerConfigKeys (ConfUtils.java:logGet(43)) - raft.server.rpc.timeout.max = 5200ms (custom)
2019-10-15 09:30:52,208 [pool-439-thread-1] INFO  server.RaftServerConfigKeys (ConfUtils.java:logGet(43)) - raft.server.rpcslowness.timeout = 120s (custom)
2019-10-15 09:30:52,208 [pool-439-thread-1] INFO  server.RaftServerConfigKeys (ConfUtils.java:logGet(43)) - raft.server.sleep.deviation.threshold = 300 (default)
2019-10-15 09:30:52,208 [pool-439-thread-1] INFO  server.RaftServerConfigKeys (ConfUtils.java:logGet(43)) - raft.server.log.appender.install.snapshot.enabled = false (custom)
2019-10-15 09:30:52,208 [pool-439-thread-1] INFO  impl.RaftServerImpl (ServerState.java:<init>(103)) - afcd5ebb-a9d9-4a75-8b79-0cd3ce730bd4@group-50A05574CA76: ConfigurationManager, init=-1: [afcd5ebb-a9d9-4a75-8b79-0cd3ce730bd4:192.168.5.139:35252], old=null, confs=<EMPTY_MAP>
2019-10-15 09:30:52,208 [pool-439-thread-1] INFO  server.RaftServerConfigKeys (ConfUtils.java:logGet(43)) - raft.server.storage.dir = [/workdir/hadoop-ozone/integration-test/target/test-dir/MiniOzoneClusterImpl-56cf674f-c5b4-4091-81ba-767fb818b5f0/datanode-3/data/ratis] (custom)
2019-10-15 09:30:52,209 [pool-439-thread-1] INFO  server.RaftServerConfigKeys (ConfUtils.java:logGet(43)) - raft.server.log.corruption.policy = EXCEPTION (default)
2019-10-15 09:30:52,209 [pool-439-thread-1] INFO  storage.RaftStorageDirectory (RaftStorageDirectory.java:analyzeStorage(246)) - The storage directory /workdir/hadoop-ozone/integration-test/target/test-dir/MiniOzoneClusterImpl-56cf674f-c5b4-4091-81ba-767fb818b5f0/datanode-3/data/ratis/7bdc9e31-807c-45ac-b9b3-50a05574ca76 does not exist. Creating ...
2019-10-15 09:30:52,220 [pool-429-thread-1] INFO  storage.RaftStorageDirectory (RaftStorageDirectory.java:tryLock(328)) - Lock on /workdir/hadoop-ozone/integration-test/target/test-dir/MiniOzoneClusterImpl-56cf674f-c5b4-4091-81ba-767fb818b5f0/datanode-2/data/ratis/7f7b5571-2d8d-4086-bef2-f8894aea8cd5/in_use.lock acquired by nodename 20020@pr-hdds-2034-mt9tt-727200918
2019-10-15 09:30:52,220 [pool-439-thread-1] INFO  storage.RaftStorageDirectory (RaftStorageDirectory.java:tryLock(328)) - Lock on /workdir/hadoop-ozone/integration-test/target/test-dir/MiniOzoneClusterImpl-56cf674f-c5b4-4091-81ba-767fb818b5f0/datanode-3/data/ratis/7bdc9e31-807c-45ac-b9b3-50a05574ca76/in_use.lock acquired by nodename 20020@pr-hdds-2034-mt9tt-727200918
2019-10-15 09:30:52,234 [pool-429-thread-1] INFO  storage.RaftStorage (RaftStorage.java:format(84)) - Storage directory /workdir/hadoop-ozone/integration-test/target/test-dir/MiniOzoneClusterImpl-56cf674f-c5b4-4091-81ba-767fb818b5f0/datanode-2/data/ratis/7f7b5571-2d8d-4086-bef2-f8894aea8cd5 has been successfully formatted.
2019-10-15 09:30:52,234 [pool-439-thread-1] INFO  storage.RaftStorage (RaftStorage.java:format(84)) - Storage directory /workdir/hadoop-ozone/integration-test/target/test-dir/MiniOzoneClusterImpl-56cf674f-c5b4-4091-81ba-767fb818b5f0/datanode-3/data/ratis/7bdc9e31-807c-45ac-b9b3-50a05574ca76 has been successfully formatted.
2019-10-15 09:30:52,234 [pool-429-thread-1] INFO  ratis.ContainerStateMachine (ContainerStateMachine.java:loadSnapshot(231)) - group-F8894AEA8CD5: The snapshot info is null. Setting the last applied indexto:(t:0, i:~)
2019-10-15 09:30:52,234 [pool-429-thread-1] INFO  server.RaftServerConfigKeys (ConfUtils.java:logGet(43)) - raft.server.notification.no-leader.timeout = 120s (custom)
2019-10-15 09:30:52,234 [pool-439-thread-1] INFO  ratis.ContainerStateMachine (ContainerStateMachine.java:loadSnapshot(231)) - group-50A05574CA76: The snapshot info is null. Setting the last applied indexto:(t:0, i:~)
2019-10-15 09:30:52,234 [pool-429-thread-1] INFO  server.RaftServerConfigKeys (ConfUtils.java:logGet(43)) - raft.server.log.use.memory = false (default)
2019-10-15 09:30:52,235 [pool-439-thread-1] INFO  server.RaftServerConfigKeys (ConfUtils.java:logGet(43)) - raft.server.notification.no-leader.timeout = 120s (custom)
2019-10-15 09:30:52,235 [pool-429-thread-1] INFO  server.RaftServerConfigKeys (ConfUtils.java:logGet(43)) - raft.server.log.purge.gap = 1000000 (custom)
2019-10-15 09:30:52,235 [pool-439-thread-1] INFO  server.RaftServerConfigKeys (ConfUtils.java:logGet(43)) - raft.server.log.use.memory = false (default)
2019-10-15 09:30:52,235 [pool-429-thread-1] INFO  server.RaftServerConfigKeys (ConfUtils.java:logGet(43)) - raft.server.log.appender.buffer.byte-limit = 33554432 (custom)
2019-10-15 09:30:52,235 [pool-439-thread-1] INFO  server.RaftServerConfigKeys (ConfUtils.java:logGet(43)) - raft.server.log.purge.gap = 1000000 (custom)
2019-10-15 09:30:52,235 [pool-429-thread-1] INFO  server.RaftServerConfigKeys (ConfUtils.java:logGet(43)) - raft.server.log.segment.size.max = 1048576 (custom)
2019-10-15 09:30:52,235 [pool-439-thread-1] INFO  server.RaftServerConfigKeys (ConfUtils.java:logGet(43)) - raft.server.log.appender.buffer.byte-limit = 33554432 (custom)
2019-10-15 09:30:52,235 [pool-429-thread-1] INFO  server.RaftServerConfigKeys (ConfUtils.java:logGet(43)) - raft.server.log.segment.cache.num.max = 2 (custom)
2019-10-15 09:30:52,236 [pool-439-thread-1] INFO  server.RaftServerConfigKeys (ConfUtils.java:logGet(43)) - raft.server.log.segment.size.max = 1048576 (custom)
2019-10-15 09:30:52,236 [pool-429-thread-1] INFO  segmented.SegmentedRaftLogWorker (SegmentedRaftLogWorker.java:<init>(173)) - new 25136bf1-57af-4fb5-af68-1d44ce82afaa@group-F8894AEA8CD5-SegmentedRaftLogWorker for RaftStorage:Storage Directory /workdir/hadoop-ozone/integration-test/target/test-dir/MiniOzoneClusterImpl-56cf674f-c5b4-4091-81ba-767fb818b5f0/datanode-2/data/ratis/7f7b5571-2d8d-4086-bef2-f8894aea8cd5
2019-10-15 09:30:52,236 [pool-429-thread-1] INFO  server.RaftServerConfigKeys (ConfUtils.java:logGet(43)) - raft.server.log.queue.byte-limit = 2147483647 (custom)
2019-10-15 09:30:52,236 [pool-429-thread-1] INFO  server.RaftServerConfigKeys (ConfUtils.java:logGet(43)) - raft.server.log.queue.element-limit = 1024 (custom)
2019-10-15 09:30:52,236 [pool-429-thread-1] INFO  server.RaftServerConfigKeys (ConfUtils.java:logGet(43)) - raft.server.log.segment.size.max = 1048576 (custom)
2019-10-15 09:30:52,236 [pool-429-thread-1] INFO  server.RaftServerConfigKeys (ConfUtils.java:logGet(43)) - raft.server.log.preallocated.size = 16384 (custom)
2019-10-15 09:30:52,236 [pool-429-thread-1] INFO  server.RaftServerConfigKeys (ConfUtils.java:logGet(43)) - raft.server.log.write.buffer.size = 33554432 (custom)
2019-10-15 09:30:52,236 [pool-429-thread-1] INFO  server.RaftServerConfigKeys (ConfUtils.java:logGet(43)) - raft.server.log.force.sync.num = 128 (default)
2019-10-15 09:30:52,236 [pool-429-thread-1] INFO  server.RaftServerConfigKeys (ConfUtils.java:logGet(43)) - raft.server.log.statemachine.data.sync = true (default)
2019-10-15 09:30:52,236 [pool-429-thread-1] INFO  server.RaftServerConfigKeys (ConfUtils.java:logGet(43)) - raft.server.log.statemachine.data.sync.timeout = 10s (default)
2019-10-15 09:30:52,237 [pool-429-thread-1] INFO  server.RaftServerConfigKeys (ConfUtils.java:logGet(43)) - raft.server.log.statemachine.data.sync.timeout.retry = -1 (default)
2019-10-15 09:30:52,237 [pool-429-thread-1] INFO  server.RaftServerConfigKeys (ConfUtils.java:logGet(43)) - raft.server.log.statemachine.data.caching.enabled = true (custom)
2019-10-15 09:30:52,237 [pool-429-thread-1] INFO  segmented.SegmentedRaftLogWorker (SegmentedRaftLogWorker.java:lambda$new$0(128)) - 25136bf1-57af-4fb5-af68-1d44ce82afaa@group-F8894AEA8CD5-SegmentedRaftLogWorker: flushIndex: setUnconditionally 0 -> -1
2019-10-15 09:30:52,237 [pool-429-thread-1] INFO  server.RaftServerConfigKeys (ConfUtils.java:logGet(43)) - raft.server.snapshot.auto.trigger.enabled = true (custom)
2019-10-15 09:30:52,237 [pool-429-thread-1] INFO  server.RaftServerConfigKeys (ConfUtils.java:logGet(43)) - raft.server.snapshot.auto.trigger.threshold = 10000 (custom)
2019-10-15 09:30:52,237 [pool-429-thread-1] INFO  server.RaftServerConfigKeys (ConfUtils.java:logGet(43)) - raft.server.snapshot.retention.file.num = 5 (custom)
2019-10-15 09:30:52,237 [pool-429-thread-1] INFO  server.RaftServerConfigKeys (ConfUtils.java:logGet(43)) - raft.server.retrycache.expirytime = 600000ms (custom)
2019-10-15 09:30:52,238 [pool-439-thread-1] INFO  server.RaftServerConfigKeys (ConfUtils.java:logGet(43)) - raft.server.log.segment.cache.num.max = 2 (custom)
2019-10-15 09:30:52,238 [pool-439-thread-1] INFO  segmented.SegmentedRaftLogWorker (SegmentedRaftLogWorker.java:<init>(173)) - new afcd5ebb-a9d9-4a75-8b79-0cd3ce730bd4@group-50A05574CA76-SegmentedRaftLogWorker for RaftStorage:Storage Directory /workdir/hadoop-ozone/integration-test/target/test-dir/MiniOzoneClusterImpl-56cf674f-c5b4-4091-81ba-767fb818b5f0/datanode-3/data/ratis/7bdc9e31-807c-45ac-b9b3-50a05574ca76
2019-10-15 09:30:52,238 [pool-439-thread-1] INFO  server.RaftServerConfigKeys (ConfUtils.java:logGet(43)) - raft.server.log.queue.byte-limit = 2147483647 (custom)
2019-10-15 09:30:52,238 [pool-439-thread-1] INFO  server.RaftServerConfigKeys (ConfUtils.java:logGet(43)) - raft.server.log.queue.element-limit = 1024 (custom)
2019-10-15 09:30:52,238 [pool-439-thread-1] INFO  server.RaftServerConfigKeys (ConfUtils.java:logGet(43)) - raft.server.log.segment.size.max = 1048576 (custom)
2019-10-15 09:30:52,238 [pool-429-thread-1] INFO  impl.RaftServerImpl (RaftServerImpl.java:start(181)) - 25136bf1-57af-4fb5-af68-1d44ce82afaa@group-F8894AEA8CD5: start as a follower, conf=-1: [92e13dd7-88b7-4477-81d2-746904c33e64:192.168.5.139:33549, 25136bf1-57af-4fb5-af68-1d44ce82afaa:192.168.5.139:45106, ae849fbe-d7af-4b6d-ba68-65e2a663a917:192.168.5.139:41342], old=null
2019-10-15 09:30:52,238 [pool-439-thread-1] INFO  server.RaftServerConfigKeys (ConfUtils.java:logGet(43)) - raft.server.log.preallocated.size = 16384 (custom)
2019-10-15 09:30:52,239 [pool-429-thread-1] INFO  impl.RaftServerImpl (RaftServerImpl.java:setRole(170)) - 25136bf1-57af-4fb5-af68-1d44ce82afaa@group-F8894AEA8CD5: changes role from      null to FOLLOWER at term 0 for startAsFollower
2019-10-15 09:30:52,239 [pool-439-thread-1] INFO  server.RaftServerConfigKeys (ConfUtils.java:logGet(43)) - raft.server.log.write.buffer.size = 33554432 (custom)
2019-10-15 09:30:52,239 [pool-429-thread-1] INFO  impl.RoleInfo (RoleInfo.java:updateAndGet(143)) - 25136bf1-57af-4fb5-af68-1d44ce82afaa: start FollowerState
2019-10-15 09:30:52,239 [pool-439-thread-1] INFO  server.RaftServerConfigKeys (ConfUtils.java:logGet(43)) - raft.server.log.force.sync.num = 128 (default)
2019-10-15 09:30:52,239 [pool-429-thread-1] INFO  util.JmxRegister (JmxRegister.java:tryRegister(44)) - Successfully registered JMX Bean with object name Ratis:service=RaftServer,group=group-F8894AEA8CD5,id=25136bf1-57af-4fb5-af68-1d44ce82afaa
2019-10-15 09:30:52,239 [pool-439-thread-1] INFO  server.RaftServerConfigKeys (ConfUtils.java:logGet(43)) - raft.server.log.statemachine.data.sync = true (default)
2019-10-15 09:30:52,239 [pool-439-thread-1] INFO  server.RaftServerConfigKeys (ConfUtils.java:logGet(43)) - raft.server.log.statemachine.data.sync.timeout = 10s (default)
2019-10-15 09:30:52,240 [pool-439-thread-1] INFO  server.RaftServerConfigKeys (ConfUtils.java:logGet(43)) - raft.server.log.statemachine.data.sync.timeout.retry = -1 (default)
2019-10-15 09:30:52,240 [pool-439-thread-1] INFO  server.RaftServerConfigKeys (ConfUtils.java:logGet(43)) - raft.server.log.statemachine.data.caching.enabled = true (custom)
2019-10-15 09:30:52,240 [pool-439-thread-1] INFO  segmented.SegmentedRaftLogWorker (SegmentedRaftLogWorker.java:lambda$new$0(128)) - afcd5ebb-a9d9-4a75-8b79-0cd3ce730bd4@group-50A05574CA76-SegmentedRaftLogWorker: flushIndex: setUnconditionally 0 -> -1
2019-10-15 09:30:52,241 [Command processor thread] INFO  commandhandler.CreatePipelineCommandHandler (CreatePipelineCommandHandler.java:handle(86)) - Create Pipeline RATIS THREE #id: "7f7b5571-2d8d-4086-bef2-f8894aea8cd5"
 command succeed on datanode 25136bf1-57af-4fb5-af68-1d44ce82afaa.
2019-10-15 09:30:52,241 [pool-439-thread-1] INFO  server.RaftServerConfigKeys (ConfUtils.java:logGet(43)) - raft.server.snapshot.auto.trigger.enabled = true (custom)
2019-10-15 09:30:52,241 [pool-439-thread-1] INFO  server.RaftServerConfigKeys (ConfUtils.java:logGet(43)) - raft.server.snapshot.auto.trigger.threshold = 10000 (custom)
2019-10-15 09:30:52,241 [pool-439-thread-1] INFO  server.RaftServerConfigKeys (ConfUtils.java:logGet(43)) - raft.server.snapshot.retention.file.num = 5 (custom)
2019-10-15 09:30:52,241 [pool-439-thread-1] INFO  server.RaftServerConfigKeys (ConfUtils.java:logGet(43)) - raft.server.retrycache.expirytime = 600000ms (custom)
2019-10-15 09:30:52,241 [EventQueue-PipelineReportForPipelineReportHandler] INFO  pipeline.PipelineReportHandler (PipelineReportHandler.java:processPipelineReport(104)) - Pipeline THREE PipelineID=7f7b5571-2d8d-4086-bef2-f8894aea8cd5 reported by 25136bf1-57af-4fb5-af68-1d44ce82afaa{ip: 192.168.5.139, host: pr-hdds-2034-mt9tt-727200918, networkLocation: /default-rack, certSerialId: null}
2019-10-15 09:30:52,242 [EventQueue-PipelineReportForPipelineReportHandler] INFO  pipeline.PipelineStateManager (PipelineStateManager.java:openPipeline(134)) - Pipeline Pipeline[ Id: 7f7b5571-2d8d-4086-bef2-f8894aea8cd5, Nodes: ae849fbe-d7af-4b6d-ba68-65e2a663a917{ip: 192.168.5.139, host: pr-hdds-2034-mt9tt-727200918, networkLocation: /default-rack, certSerialId: null}92e13dd7-88b7-4477-81d2-746904c33e64{ip: 192.168.5.139, host: pr-hdds-2034-mt9tt-727200918, networkLocation: /default-rack, certSerialId: null}25136bf1-57af-4fb5-af68-1d44ce82afaa{ip: 192.168.5.139, host: pr-hdds-2034-mt9tt-727200918, networkLocation: /default-rack, certSerialId: null}, Type:RATIS, Factor:THREE, State:ALLOCATED] moved to OPEN state
2019-10-15 09:30:52,243 [pool-439-thread-1] INFO  impl.RaftServerImpl (RaftServerImpl.java:start(181)) - afcd5ebb-a9d9-4a75-8b79-0cd3ce730bd4@group-50A05574CA76: start as a follower, conf=-1: [afcd5ebb-a9d9-4a75-8b79-0cd3ce730bd4:192.168.5.139:35252], old=null
2019-10-15 09:30:52,243 [pool-439-thread-1] INFO  impl.RaftServerImpl (RaftServerImpl.java:setRole(170)) - afcd5ebb-a9d9-4a75-8b79-0cd3ce730bd4@group-50A05574CA76: changes role from      null to FOLLOWER at term 0 for startAsFollower
2019-10-15 09:30:52,243 [pool-439-thread-1] INFO  impl.RoleInfo (RoleInfo.java:updateAndGet(143)) - afcd5ebb-a9d9-4a75-8b79-0cd3ce730bd4: start FollowerState
2019-10-15 09:30:52,244 [pool-439-thread-1] INFO  util.JmxRegister (JmxRegister.java:tryRegister(44)) - Successfully registered JMX Bean with object name Ratis:service=RaftServer,group=group-50A05574CA76,id=afcd5ebb-a9d9-4a75-8b79-0cd3ce730bd4
2019-10-15 09:30:52,246 [Command processor thread] INFO  commandhandler.CreatePipelineCommandHandler (CreatePipelineCommandHandler.java:handle(86)) - Create Pipeline RATIS ONE #id: "7bdc9e31-807c-45ac-b9b3-50a05574ca76"
 command succeed on datanode afcd5ebb-a9d9-4a75-8b79-0cd3ce730bd4.
2019-10-15 09:30:52,252 [Command processor thread] INFO  impl.RaftServerProxy (RaftServerProxy.java:addNew(89)) - afcd5ebb-a9d9-4a75-8b79-0cd3ce730bd4: addNew group-83E76FEE22C4:[d505649b-5973-4d55-8d3f-ba249cb836d3:192.168.5.139:37087, afcd5ebb-a9d9-4a75-8b79-0cd3ce730bd4:192.168.5.139:35252, 7f7ba54c-1c2f-4142-941c-848476af84b1:192.168.5.139:41543] returns group-83E76FEE22C4:java.util.concurrent.CompletableFuture@4af66807[Not completed]
2019-10-15 09:30:52,253 [EventQueue-PipelineReportForPipelineReportHandler] INFO  pipeline.PipelineReportHandler (PipelineReportHandler.java:processPipelineReport(104)) - Pipeline ONE PipelineID=7bdc9e31-807c-45ac-b9b3-50a05574ca76 reported by afcd5ebb-a9d9-4a75-8b79-0cd3ce730bd4{ip: 192.168.5.139, host: pr-hdds-2034-mt9tt-727200918, networkLocation: /default-rack, certSerialId: null}
2019-10-15 09:30:52,253 [EventQueue-PipelineReportForPipelineReportHandler] INFO  pipeline.PipelineStateManager (PipelineStateManager.java:openPipeline(134)) - Pipeline Pipeline[ Id: 7bdc9e31-807c-45ac-b9b3-50a05574ca76, Nodes: afcd5ebb-a9d9-4a75-8b79-0cd3ce730bd4{ip: 192.168.5.139, host: pr-hdds-2034-mt9tt-727200918, networkLocation: /default-rack, certSerialId: null}, Type:RATIS, Factor:ONE, State:ALLOCATED] moved to OPEN state
2019-10-15 09:30:52,253 [pool-439-thread-1] INFO  impl.RaftServerImpl (RaftServerImpl.java:<init>(95)) - afcd5ebb-a9d9-4a75-8b79-0cd3ce730bd4: new RaftServerImpl for group-83E76FEE22C4:[d505649b-5973-4d55-8d3f-ba249cb836d3:192.168.5.139:37087, afcd5ebb-a9d9-4a75-8b79-0cd3ce730bd4:192.168.5.139:35252, 7f7ba54c-1c2f-4142-941c-848476af84b1:192.168.5.139:41543] with ContainerStateMachine:uninitialized
2019-10-15 09:30:52,254 [pool-439-thread-1] INFO  server.RaftServerConfigKeys (ConfUtils.java:logGet(43)) - raft.server.rpc.timeout.min = 5s (custom)
2019-10-15 09:30:52,254 [pool-439-thread-1] INFO  server.RaftServerConfigKeys (ConfUtils.java:logGet(43)) - raft.server.rpc.timeout.max = 5200ms (custom)
2019-10-15 09:30:52,254 [pool-439-thread-1] INFO  server.RaftServerConfigKeys (ConfUtils.java:logGet(43)) - raft.server.rpcslowness.timeout = 120s (custom)
2019-10-15 09:30:52,254 [pool-439-thread-1] INFO  server.RaftServerConfigKeys (ConfUtils.java:logGet(43)) - raft.server.sleep.deviation.threshold = 300 (default)
2019-10-15 09:30:52,254 [pool-439-thread-1] INFO  server.RaftServerConfigKeys (ConfUtils.java:logGet(43)) - raft.server.log.appender.install.snapshot.enabled = false (custom)
2019-10-15 09:30:52,254 [pool-439-thread-1] INFO  impl.RaftServerImpl (ServerState.java:<init>(103)) - afcd5ebb-a9d9-4a75-8b79-0cd3ce730bd4@group-83E76FEE22C4: ConfigurationManager, init=-1: [d505649b-5973-4d55-8d3f-ba249cb836d3:192.168.5.139:37087, afcd5ebb-a9d9-4a75-8b79-0cd3ce730bd4:192.168.5.139:35252, 7f7ba54c-1c2f-4142-941c-848476af84b1:192.168.5.139:41543], old=null, confs=<EMPTY_MAP>
2019-10-15 09:30:52,254 [pool-439-thread-1] INFO  server.RaftServerConfigKeys (ConfUtils.java:logGet(43)) - raft.server.storage.dir = [/workdir/hadoop-ozone/integration-test/target/test-dir/MiniOzoneClusterImpl-56cf674f-c5b4-4091-81ba-767fb818b5f0/datanode-3/data/ratis] (custom)
2019-10-15 09:30:52,254 [pool-439-thread-1] INFO  server.RaftServerConfigKeys (ConfUtils.java:logGet(43)) - raft.server.log.corruption.policy = EXCEPTION (default)
2019-10-15 09:30:52,255 [pool-439-thread-1] INFO  storage.RaftStorageDirectory (RaftStorageDirectory.java:analyzeStorage(246)) - The storage directory /workdir/hadoop-ozone/integration-test/target/test-dir/MiniOzoneClusterImpl-56cf674f-c5b4-4091-81ba-767fb818b5f0/datanode-3/data/ratis/21ff3ec3-bf5d-4cdb-93c5-83e76fee22c4 does not exist. Creating ...
2019-10-15 09:30:52,267 [pool-439-thread-1] INFO  storage.RaftStorageDirectory (RaftStorageDirectory.java:tryLock(328)) - Lock on /workdir/hadoop-ozone/integration-test/target/test-dir/MiniOzoneClusterImpl-56cf674f-c5b4-4091-81ba-767fb818b5f0/datanode-3/data/ratis/21ff3ec3-bf5d-4cdb-93c5-83e76fee22c4/in_use.lock acquired by nodename 20020@pr-hdds-2034-mt9tt-727200918
2019-10-15 09:30:52,271 [Command processor thread] INFO  impl.RaftServerProxy (RaftServerProxy.java:addNew(89)) - d505649b-5973-4d55-8d3f-ba249cb836d3: addNew group-87DF2AC1F3C3:[d505649b-5973-4d55-8d3f-ba249cb836d3:192.168.5.139:37087] returns group-87DF2AC1F3C3:java.util.concurrent.CompletableFuture@730514fe[Not completed]
2019-10-15 09:30:52,273 [pool-449-thread-1] INFO  impl.RaftServerImpl (RaftServerImpl.java:<init>(95)) - d505649b-5973-4d55-8d3f-ba249cb836d3: new RaftServerImpl for group-87DF2AC1F3C3:[d505649b-5973-4d55-8d3f-ba249cb836d3:192.168.5.139:37087] with ContainerStateMachine:uninitialized
2019-10-15 09:30:52,273 [pool-449-thread-1] INFO  server.RaftServerConfigKeys (ConfUtils.java:logGet(43)) - raft.server.rpc.timeout.min = 5s (custom)
2019-10-15 09:30:52,273 [pool-449-thread-1] INFO  server.RaftServerConfigKeys (ConfUtils.java:logGet(43)) - raft.server.rpc.timeout.max = 5200ms (custom)
2019-10-15 09:30:52,273 [pool-449-thread-1] INFO  server.RaftServerConfigKeys (ConfUtils.java:logGet(43)) - raft.server.rpcslowness.timeout = 120s (custom)
2019-10-15 09:30:52,273 [pool-449-thread-1] INFO  server.RaftServerConfigKeys (ConfUtils.java:logGet(43)) - raft.server.sleep.deviation.threshold = 300 (default)
2019-10-15 09:30:52,273 [pool-449-thread-1] INFO  server.RaftServerConfigKeys (ConfUtils.java:logGet(43)) - raft.server.log.appender.install.snapshot.enabled = false (custom)
2019-10-15 09:30:52,274 [pool-449-thread-1] INFO  impl.RaftServerImpl (ServerState.java:<init>(103)) - d505649b-5973-4d55-8d3f-ba249cb836d3@group-87DF2AC1F3C3: ConfigurationManager, init=-1: [d505649b-5973-4d55-8d3f-ba249cb836d3:192.168.5.139:37087], old=null, confs=<EMPTY_MAP>
2019-10-15 09:30:52,274 [pool-449-thread-1] INFO  server.RaftServerConfigKeys (ConfUtils.java:logGet(43)) - raft.server.storage.dir = [/workdir/hadoop-ozone/integration-test/target/test-dir/MiniOzoneClusterImpl-56cf674f-c5b4-4091-81ba-767fb818b5f0/datanode-4/data/ratis] (custom)
2019-10-15 09:30:52,274 [pool-449-thread-1] INFO  server.RaftServerConfigKeys (ConfUtils.java:logGet(43)) - raft.server.log.corruption.policy = EXCEPTION (default)
2019-10-15 09:30:52,274 [pool-449-thread-1] INFO  storage.RaftStorageDirectory (RaftStorageDirectory.java:analyzeStorage(246)) - The storage directory /workdir/hadoop-ozone/integration-test/target/test-dir/MiniOzoneClusterImpl-56cf674f-c5b4-4091-81ba-767fb818b5f0/datanode-4/data/ratis/56e4d440-8823-4e7e-b146-87df2ac1f3c3 does not exist. Creating ...
2019-10-15 09:30:52,281 [pool-449-thread-1] INFO  storage.RaftStorageDirectory (RaftStorageDirectory.java:tryLock(328)) - Lock on /workdir/hadoop-ozone/integration-test/target/test-dir/MiniOzoneClusterImpl-56cf674f-c5b4-4091-81ba-767fb818b5f0/datanode-4/data/ratis/56e4d440-8823-4e7e-b146-87df2ac1f3c3/in_use.lock acquired by nodename 20020@pr-hdds-2034-mt9tt-727200918
2019-10-15 09:30:52,281 [pool-439-thread-1] INFO  storage.RaftStorage (RaftStorage.java:format(84)) - Storage directory /workdir/hadoop-ozone/integration-test/target/test-dir/MiniOzoneClusterImpl-56cf674f-c5b4-4091-81ba-767fb818b5f0/datanode-3/data/ratis/21ff3ec3-bf5d-4cdb-93c5-83e76fee22c4 has been successfully formatted.
2019-10-15 09:30:52,281 [pool-439-thread-1] INFO  ratis.ContainerStateMachine (ContainerStateMachine.java:loadSnapshot(231)) - group-83E76FEE22C4: The snapshot info is null. Setting the last applied indexto:(t:0, i:~)
2019-10-15 09:30:52,281 [pool-439-thread-1] INFO  server.RaftServerConfigKeys (ConfUtils.java:logGet(43)) - raft.server.notification.no-leader.timeout = 120s (custom)
2019-10-15 09:30:52,281 [pool-439-thread-1] INFO  server.RaftServerConfigKeys (ConfUtils.java:logGet(43)) - raft.server.log.use.memory = false (default)
2019-10-15 09:30:52,282 [pool-439-thread-1] INFO  server.RaftServerConfigKeys (ConfUtils.java:logGet(43)) - raft.server.log.purge.gap = 1000000 (custom)
2019-10-15 09:30:52,282 [pool-439-thread-1] INFO  server.RaftServerConfigKeys (ConfUtils.java:logGet(43)) - raft.server.log.appender.buffer.byte-limit = 33554432 (custom)
2019-10-15 09:30:52,282 [pool-439-thread-1] INFO  server.RaftServerConfigKeys (ConfUtils.java:logGet(43)) - raft.server.log.segment.size.max = 1048576 (custom)
2019-10-15 09:30:52,282 [pool-439-thread-1] INFO  server.RaftServerConfigKeys (ConfUtils.java:logGet(43)) - raft.server.log.segment.cache.num.max = 2 (custom)
2019-10-15 09:30:52,282 [pool-439-thread-1] INFO  segmented.SegmentedRaftLogWorker (SegmentedRaftLogWorker.java:<init>(173)) - new afcd5ebb-a9d9-4a75-8b79-0cd3ce730bd4@group-83E76FEE22C4-SegmentedRaftLogWorker for RaftStorage:Storage Directory /workdir/hadoop-ozone/integration-test/target/test-dir/MiniOzoneClusterImpl-56cf674f-c5b4-4091-81ba-767fb818b5f0/datanode-3/data/ratis/21ff3ec3-bf5d-4cdb-93c5-83e76fee22c4
2019-10-15 09:30:52,282 [pool-439-thread-1] INFO  server.RaftServerConfigKeys (ConfUtils.java:logGet(43)) - raft.server.log.queue.byte-limit = 2147483647 (custom)
2019-10-15 09:30:52,282 [pool-439-thread-1] INFO  server.RaftServerConfigKeys (ConfUtils.java:logGet(43)) - raft.server.log.queue.element-limit = 1024 (custom)
2019-10-15 09:30:52,283 [pool-439-thread-1] INFO  server.RaftServerConfigKeys (ConfUtils.java:logGet(43)) - raft.server.log.segment.size.max = 1048576 (custom)
2019-10-15 09:30:52,283 [pool-439-thread-1] INFO  server.RaftServerConfigKeys (ConfUtils.java:logGet(43)) - raft.server.log.preallocated.size = 16384 (custom)
2019-10-15 09:30:52,283 [pool-439-thread-1] INFO  server.RaftServerConfigKeys (ConfUtils.java:logGet(43)) - raft.server.log.write.buffer.size = 33554432 (custom)
2019-10-15 09:30:52,283 [pool-439-thread-1] INFO  server.RaftServerConfigKeys (ConfUtils.java:logGet(43)) - raft.server.log.force.sync.num = 128 (default)
2019-10-15 09:30:52,283 [pool-439-thread-1] INFO  server.RaftServerConfigKeys (ConfUtils.java:logGet(43)) - raft.server.log.statemachine.data.sync = true (default)
2019-10-15 09:30:52,283 [pool-439-thread-1] INFO  server.RaftServerConfigKeys (ConfUtils.java:logGet(43)) - raft.server.log.statemachine.data.sync.timeout = 10s (default)
2019-10-15 09:30:52,283 [pool-439-thread-1] INFO  server.RaftServerConfigKeys (ConfUtils.java:logGet(43)) - raft.server.log.statemachine.data.sync.timeout.retry = -1 (default)
2019-10-15 09:30:52,283 [pool-439-thread-1] INFO  server.RaftServerConfigKeys (ConfUtils.java:logGet(43)) - raft.server.log.statemachine.data.caching.enabled = true (custom)
2019-10-15 09:30:52,284 [pool-439-thread-1] INFO  segmented.SegmentedRaftLogWorker (SegmentedRaftLogWorker.java:lambda$new$0(128)) - afcd5ebb-a9d9-4a75-8b79-0cd3ce730bd4@group-83E76FEE22C4-SegmentedRaftLogWorker: flushIndex: setUnconditionally 0 -> -1
2019-10-15 09:30:52,284 [pool-439-thread-1] INFO  server.RaftServerConfigKeys (ConfUtils.java:logGet(43)) - raft.server.snapshot.auto.trigger.enabled = true (custom)
2019-10-15 09:30:52,284 [pool-439-thread-1] INFO  server.RaftServerConfigKeys (ConfUtils.java:logGet(43)) - raft.server.snapshot.auto.trigger.threshold = 10000 (custom)
2019-10-15 09:30:52,284 [pool-439-thread-1] INFO  server.RaftServerConfigKeys (ConfUtils.java:logGet(43)) - raft.server.snapshot.retention.file.num = 5 (custom)
2019-10-15 09:30:52,284 [pool-439-thread-1] INFO  server.RaftServerConfigKeys (ConfUtils.java:logGet(43)) - raft.server.retrycache.expirytime = 600000ms (custom)
2019-10-15 09:30:52,286 [pool-439-thread-1] INFO  impl.RaftServerImpl (RaftServerImpl.java:start(181)) - afcd5ebb-a9d9-4a75-8b79-0cd3ce730bd4@group-83E76FEE22C4: start as a follower, conf=-1: [d505649b-5973-4d55-8d3f-ba249cb836d3:192.168.5.139:37087, afcd5ebb-a9d9-4a75-8b79-0cd3ce730bd4:192.168.5.139:35252, 7f7ba54c-1c2f-4142-941c-848476af84b1:192.168.5.139:41543], old=null
2019-10-15 09:30:52,286 [pool-439-thread-1] INFO  impl.RaftServerImpl (RaftServerImpl.java:setRole(170)) - afcd5ebb-a9d9-4a75-8b79-0cd3ce730bd4@group-83E76FEE22C4: changes role from      null to FOLLOWER at term 0 for startAsFollower
2019-10-15 09:30:52,286 [pool-439-thread-1] INFO  impl.RoleInfo (RoleInfo.java:updateAndGet(143)) - afcd5ebb-a9d9-4a75-8b79-0cd3ce730bd4: start FollowerState
2019-10-15 09:30:52,286 [pool-439-thread-1] INFO  util.JmxRegister (JmxRegister.java:tryRegister(44)) - Successfully registered JMX Bean with object name Ratis:service=RaftServer,group=group-83E76FEE22C4,id=afcd5ebb-a9d9-4a75-8b79-0cd3ce730bd4
2019-10-15 09:30:52,288 [Command processor thread] INFO  commandhandler.CreatePipelineCommandHandler (CreatePipelineCommandHandler.java:handle(86)) - Create Pipeline RATIS THREE #id: "21ff3ec3-bf5d-4cdb-93c5-83e76fee22c4"
 command succeed on datanode afcd5ebb-a9d9-4a75-8b79-0cd3ce730bd4.
2019-10-15 09:30:52,289 [EventQueue-PipelineReportForPipelineReportHandler] INFO  pipeline.PipelineReportHandler (PipelineReportHandler.java:processPipelineReport(104)) - Pipeline THREE PipelineID=21ff3ec3-bf5d-4cdb-93c5-83e76fee22c4 reported by afcd5ebb-a9d9-4a75-8b79-0cd3ce730bd4{ip: 192.168.5.139, host: pr-hdds-2034-mt9tt-727200918, networkLocation: /default-rack, certSerialId: null}
2019-10-15 09:30:52,294 [pool-449-thread-1] INFO  storage.RaftStorage (RaftStorage.java:format(84)) - Storage directory /workdir/hadoop-ozone/integration-test/target/test-dir/MiniOzoneClusterImpl-56cf674f-c5b4-4091-81ba-767fb818b5f0/datanode-4/data/ratis/56e4d440-8823-4e7e-b146-87df2ac1f3c3 has been successfully formatted.
2019-10-15 09:30:52,294 [pool-449-thread-1] INFO  ratis.ContainerStateMachine (ContainerStateMachine.java:loadSnapshot(231)) - group-87DF2AC1F3C3: The snapshot info is null. Setting the last applied indexto:(t:0, i:~)
2019-10-15 09:30:52,294 [pool-449-thread-1] INFO  server.RaftServerConfigKeys (ConfUtils.java:logGet(43)) - raft.server.notification.no-leader.timeout = 120s (custom)
2019-10-15 09:30:52,294 [pool-449-thread-1] INFO  server.RaftServerConfigKeys (ConfUtils.java:logGet(43)) - raft.server.log.use.memory = false (default)
2019-10-15 09:30:52,295 [pool-449-thread-1] INFO  server.RaftServerConfigKeys (ConfUtils.java:logGet(43)) - raft.server.log.purge.gap = 1000000 (custom)
2019-10-15 09:30:52,295 [pool-449-thread-1] INFO  server.RaftServerConfigKeys (ConfUtils.java:logGet(43)) - raft.server.log.appender.buffer.byte-limit = 33554432 (custom)
2019-10-15 09:30:52,295 [pool-449-thread-1] INFO  server.RaftServerConfigKeys (ConfUtils.java:logGet(43)) - raft.server.log.segment.size.max = 1048576 (custom)
2019-10-15 09:30:52,297 [pool-449-thread-1] INFO  server.RaftServerConfigKeys (ConfUtils.java:logGet(43)) - raft.server.log.segment.cache.num.max = 2 (custom)
2019-10-15 09:30:52,297 [pool-449-thread-1] INFO  segmented.SegmentedRaftLogWorker (SegmentedRaftLogWorker.java:<init>(173)) - new d505649b-5973-4d55-8d3f-ba249cb836d3@group-87DF2AC1F3C3-SegmentedRaftLogWorker for RaftStorage:Storage Directory /workdir/hadoop-ozone/integration-test/target/test-dir/MiniOzoneClusterImpl-56cf674f-c5b4-4091-81ba-767fb818b5f0/datanode-4/data/ratis/56e4d440-8823-4e7e-b146-87df2ac1f3c3
2019-10-15 09:30:52,297 [pool-449-thread-1] INFO  server.RaftServerConfigKeys (ConfUtils.java:logGet(43)) - raft.server.log.queue.byte-limit = 2147483647 (custom)
2019-10-15 09:30:52,297 [pool-449-thread-1] INFO  server.RaftServerConfigKeys (ConfUtils.java:logGet(43)) - raft.server.log.queue.element-limit = 1024 (custom)
2019-10-15 09:30:52,297 [pool-449-thread-1] INFO  server.RaftServerConfigKeys (ConfUtils.java:logGet(43)) - raft.server.log.segment.size.max = 1048576 (custom)
2019-10-15 09:30:52,297 [pool-449-thread-1] INFO  server.RaftServerConfigKeys (ConfUtils.java:logGet(43)) - raft.server.log.preallocated.size = 16384 (custom)
2019-10-15 09:30:52,297 [pool-449-thread-1] INFO  server.RaftServerConfigKeys (ConfUtils.java:logGet(43)) - raft.server.log.write.buffer.size = 33554432 (custom)
2019-10-15 09:30:52,298 [pool-449-thread-1] INFO  server.RaftServerConfigKeys (ConfUtils.java:logGet(43)) - raft.server.log.force.sync.num = 128 (default)
2019-10-15 09:30:52,298 [pool-449-thread-1] INFO  server.RaftServerConfigKeys (ConfUtils.java:logGet(43)) - raft.server.log.statemachine.data.sync = true (default)
2019-10-15 09:30:52,298 [pool-449-thread-1] INFO  server.RaftServerConfigKeys (ConfUtils.java:logGet(43)) - raft.server.log.statemachine.data.sync.timeout = 10s (default)
2019-10-15 09:30:52,298 [pool-449-thread-1] INFO  server.RaftServerConfigKeys (ConfUtils.java:logGet(43)) - raft.server.log.statemachine.data.sync.timeout.retry = -1 (default)
2019-10-15 09:30:52,298 [pool-449-thread-1] INFO  server.RaftServerConfigKeys (ConfUtils.java:logGet(43)) - raft.server.log.statemachine.data.caching.enabled = true (custom)
2019-10-15 09:30:52,299 [pool-449-thread-1] INFO  segmented.SegmentedRaftLogWorker (SegmentedRaftLogWorker.java:lambda$new$0(128)) - d505649b-5973-4d55-8d3f-ba249cb836d3@group-87DF2AC1F3C3-SegmentedRaftLogWorker: flushIndex: setUnconditionally 0 -> -1
2019-10-15 09:30:52,299 [pool-449-thread-1] INFO  server.RaftServerConfigKeys (ConfUtils.java:logGet(43)) - raft.server.snapshot.auto.trigger.enabled = true (custom)
2019-10-15 09:30:52,299 [pool-449-thread-1] INFO  server.RaftServerConfigKeys (ConfUtils.java:logGet(43)) - raft.server.snapshot.auto.trigger.threshold = 10000 (custom)
2019-10-15 09:30:52,299 [pool-449-thread-1] INFO  server.RaftServerConfigKeys (ConfUtils.java:logGet(43)) - raft.server.snapshot.retention.file.num = 5 (custom)
2019-10-15 09:30:52,299 [pool-449-thread-1] INFO  server.RaftServerConfigKeys (ConfUtils.java:logGet(43)) - raft.server.retrycache.expirytime = 600000ms (custom)
2019-10-15 09:30:52,301 [pool-449-thread-1] INFO  impl.RaftServerImpl (RaftServerImpl.java:start(181)) - d505649b-5973-4d55-8d3f-ba249cb836d3@group-87DF2AC1F3C3: start as a follower, conf=-1: [d505649b-5973-4d55-8d3f-ba249cb836d3:192.168.5.139:37087], old=null
2019-10-15 09:30:52,301 [pool-449-thread-1] INFO  impl.RaftServerImpl (RaftServerImpl.java:setRole(170)) - d505649b-5973-4d55-8d3f-ba249cb836d3@group-87DF2AC1F3C3: changes role from      null to FOLLOWER at term 0 for startAsFollower
2019-10-15 09:30:52,301 [pool-449-thread-1] INFO  impl.RoleInfo (RoleInfo.java:updateAndGet(143)) - d505649b-5973-4d55-8d3f-ba249cb836d3: start FollowerState
2019-10-15 09:30:52,302 [pool-449-thread-1] INFO  util.JmxRegister (JmxRegister.java:tryRegister(44)) - Successfully registered JMX Bean with object name Ratis:service=RaftServer,group=group-87DF2AC1F3C3,id=d505649b-5973-4d55-8d3f-ba249cb836d3
2019-10-15 09:30:52,303 [Command processor thread] INFO  commandhandler.CreatePipelineCommandHandler (CreatePipelineCommandHandler.java:handle(86)) - Create Pipeline RATIS ONE #id: "56e4d440-8823-4e7e-b146-87df2ac1f3c3"
 command succeed on datanode d505649b-5973-4d55-8d3f-ba249cb836d3.
2019-10-15 09:30:52,306 [Command processor thread] INFO  impl.RaftServerProxy (RaftServerProxy.java:addNew(89)) - d505649b-5973-4d55-8d3f-ba249cb836d3: addNew group-83E76FEE22C4:[d505649b-5973-4d55-8d3f-ba249cb836d3:192.168.5.139:37087, afcd5ebb-a9d9-4a75-8b79-0cd3ce730bd4:192.168.5.139:35252, 7f7ba54c-1c2f-4142-941c-848476af84b1:192.168.5.139:41543] returns group-83E76FEE22C4:java.util.concurrent.CompletableFuture@773a9e46[Not completed]
2019-10-15 09:30:52,307 [EventQueue-PipelineReportForPipelineReportHandler] INFO  pipeline.PipelineReportHandler (PipelineReportHandler.java:processPipelineReport(104)) - Pipeline ONE PipelineID=56e4d440-8823-4e7e-b146-87df2ac1f3c3 reported by d505649b-5973-4d55-8d3f-ba249cb836d3{ip: 192.168.5.139, host: pr-hdds-2034-mt9tt-727200918, networkLocation: /default-rack, certSerialId: null}
2019-10-15 09:30:52,307 [EventQueue-PipelineReportForPipelineReportHandler] INFO  pipeline.PipelineStateManager (PipelineStateManager.java:openPipeline(134)) - Pipeline Pipeline[ Id: 56e4d440-8823-4e7e-b146-87df2ac1f3c3, Nodes: d505649b-5973-4d55-8d3f-ba249cb836d3{ip: 192.168.5.139, host: pr-hdds-2034-mt9tt-727200918, networkLocation: /default-rack, certSerialId: null}, Type:RATIS, Factor:ONE, State:ALLOCATED] moved to OPEN state
2019-10-15 09:30:52,308 [pool-449-thread-1] INFO  impl.RaftServerImpl (RaftServerImpl.java:<init>(95)) - d505649b-5973-4d55-8d3f-ba249cb836d3: new RaftServerImpl for group-83E76FEE22C4:[d505649b-5973-4d55-8d3f-ba249cb836d3:192.168.5.139:37087, afcd5ebb-a9d9-4a75-8b79-0cd3ce730bd4:192.168.5.139:35252, 7f7ba54c-1c2f-4142-941c-848476af84b1:192.168.5.139:41543] with ContainerStateMachine:uninitialized
2019-10-15 09:30:52,308 [pool-449-thread-1] INFO  server.RaftServerConfigKeys (ConfUtils.java:logGet(43)) - raft.server.rpc.timeout.min = 5s (custom)
2019-10-15 09:30:52,308 [pool-449-thread-1] INFO  server.RaftServerConfigKeys (ConfUtils.java:logGet(43)) - raft.server.rpc.timeout.max = 5200ms (custom)
2019-10-15 09:30:52,308 [pool-449-thread-1] INFO  server.RaftServerConfigKeys (ConfUtils.java:logGet(43)) - raft.server.rpcslowness.timeout = 120s (custom)
2019-10-15 09:30:52,308 [pool-449-thread-1] INFO  server.RaftServerConfigKeys (ConfUtils.java:logGet(43)) - raft.server.sleep.deviation.threshold = 300 (default)
2019-10-15 09:30:52,308 [pool-449-thread-1] INFO  server.RaftServerConfigKeys (ConfUtils.java:logGet(43)) - raft.server.log.appender.install.snapshot.enabled = false (custom)
2019-10-15 09:30:52,308 [pool-449-thread-1] INFO  impl.RaftServerImpl (ServerState.java:<init>(103)) - d505649b-5973-4d55-8d3f-ba249cb836d3@group-83E76FEE22C4: ConfigurationManager, init=-1: [d505649b-5973-4d55-8d3f-ba249cb836d3:192.168.5.139:37087, afcd5ebb-a9d9-4a75-8b79-0cd3ce730bd4:192.168.5.139:35252, 7f7ba54c-1c2f-4142-941c-848476af84b1:192.168.5.139:41543], old=null, confs=<EMPTY_MAP>
2019-10-15 09:30:52,308 [pool-449-thread-1] INFO  server.RaftServerConfigKeys (ConfUtils.java:logGet(43)) - raft.server.storage.dir = [/workdir/hadoop-ozone/integration-test/target/test-dir/MiniOzoneClusterImpl-56cf674f-c5b4-4091-81ba-767fb818b5f0/datanode-4/data/ratis] (custom)
2019-10-15 09:30:52,309 [pool-449-thread-1] INFO  server.RaftServerConfigKeys (ConfUtils.java:logGet(43)) - raft.server.log.corruption.policy = EXCEPTION (default)
2019-10-15 09:30:52,309 [pool-449-thread-1] INFO  storage.RaftStorageDirectory (RaftStorageDirectory.java:analyzeStorage(246)) - The storage directory /workdir/hadoop-ozone/integration-test/target/test-dir/MiniOzoneClusterImpl-56cf674f-c5b4-4091-81ba-767fb818b5f0/datanode-4/data/ratis/21ff3ec3-bf5d-4cdb-93c5-83e76fee22c4 does not exist. Creating ...
2019-10-15 09:30:52,321 [pool-449-thread-1] INFO  storage.RaftStorageDirectory (RaftStorageDirectory.java:tryLock(328)) - Lock on /workdir/hadoop-ozone/integration-test/target/test-dir/MiniOzoneClusterImpl-56cf674f-c5b4-4091-81ba-767fb818b5f0/datanode-4/data/ratis/21ff3ec3-bf5d-4cdb-93c5-83e76fee22c4/in_use.lock acquired by nodename 20020@pr-hdds-2034-mt9tt-727200918
2019-10-15 09:30:52,334 [pool-449-thread-1] INFO  storage.RaftStorage (RaftStorage.java:format(84)) - Storage directory /workdir/hadoop-ozone/integration-test/target/test-dir/MiniOzoneClusterImpl-56cf674f-c5b4-4091-81ba-767fb818b5f0/datanode-4/data/ratis/21ff3ec3-bf5d-4cdb-93c5-83e76fee22c4 has been successfully formatted.
2019-10-15 09:30:52,337 [Command processor thread] INFO  impl.RaftServerProxy (RaftServerProxy.java:addNew(89)) - 7f7ba54c-1c2f-4142-941c-848476af84b1: addNew group-827FFB4A23C1:[7f7ba54c-1c2f-4142-941c-848476af84b1:192.168.5.139:41543] returns group-827FFB4A23C1:java.util.concurrent.CompletableFuture@2e93bc96[Not completed]
2019-10-15 09:30:52,337 [pool-449-thread-1] INFO  ratis.ContainerStateMachine (ContainerStateMachine.java:loadSnapshot(231)) - group-83E76FEE22C4: The snapshot info is null. Setting the last applied indexto:(t:0, i:~)
2019-10-15 09:30:52,337 [pool-449-thread-1] INFO  server.RaftServerConfigKeys (ConfUtils.java:logGet(43)) - raft.server.notification.no-leader.timeout = 120s (custom)
2019-10-15 09:30:52,337 [pool-449-thread-1] INFO  server.RaftServerConfigKeys (ConfUtils.java:logGet(43)) - raft.server.log.use.memory = false (default)
2019-10-15 09:30:52,337 [pool-449-thread-1] INFO  server.RaftServerConfigKeys (ConfUtils.java:logGet(43)) - raft.server.log.purge.gap = 1000000 (custom)
2019-10-15 09:30:52,337 [pool-449-thread-1] INFO  server.RaftServerConfigKeys (ConfUtils.java:logGet(43)) - raft.server.log.appender.buffer.byte-limit = 33554432 (custom)
2019-10-15 09:30:52,338 [pool-449-thread-1] INFO  server.RaftServerConfigKeys (ConfUtils.java:logGet(43)) - raft.server.log.segment.size.max = 1048576 (custom)
2019-10-15 09:30:52,338 [pool-449-thread-1] INFO  server.RaftServerConfigKeys (ConfUtils.java:logGet(43)) - raft.server.log.segment.cache.num.max = 2 (custom)
2019-10-15 09:30:52,338 [pool-459-thread-1] INFO  impl.RaftServerImpl (RaftServerImpl.java:<init>(95)) - 7f7ba54c-1c2f-4142-941c-848476af84b1: new RaftServerImpl for group-827FFB4A23C1:[7f7ba54c-1c2f-4142-941c-848476af84b1:192.168.5.139:41543] with ContainerStateMachine:uninitialized
2019-10-15 09:30:52,338 [pool-449-thread-1] INFO  segmented.SegmentedRaftLogWorker (SegmentedRaftLogWorker.java:<init>(173)) - new d505649b-5973-4d55-8d3f-ba249cb836d3@group-83E76FEE22C4-SegmentedRaftLogWorker for RaftStorage:Storage Directory /workdir/hadoop-ozone/integration-test/target/test-dir/MiniOzoneClusterImpl-56cf674f-c5b4-4091-81ba-767fb818b5f0/datanode-4/data/ratis/21ff3ec3-bf5d-4cdb-93c5-83e76fee22c4
2019-10-15 09:30:52,338 [pool-459-thread-1] INFO  server.RaftServerConfigKeys (ConfUtils.java:logGet(43)) - raft.server.rpc.timeout.min = 5s (custom)
2019-10-15 09:30:52,338 [pool-449-thread-1] INFO  server.RaftServerConfigKeys (ConfUtils.java:logGet(43)) - raft.server.log.queue.byte-limit = 2147483647 (custom)
2019-10-15 09:30:52,338 [pool-459-thread-1] INFO  server.RaftServerConfigKeys (ConfUtils.java:logGet(43)) - raft.server.rpc.timeout.max = 5200ms (custom)
2019-10-15 09:30:52,339 [pool-449-thread-1] INFO  server.RaftServerConfigKeys (ConfUtils.java:logGet(43)) - raft.server.log.queue.element-limit = 1024 (custom)
2019-10-15 09:30:52,339 [pool-459-thread-1] INFO  server.RaftServerConfigKeys (ConfUtils.java:logGet(43)) - raft.server.rpcslowness.timeout = 120s (custom)
2019-10-15 09:30:52,339 [pool-449-thread-1] INFO  server.RaftServerConfigKeys (ConfUtils.java:logGet(43)) - raft.server.log.segment.size.max = 1048576 (custom)
2019-10-15 09:30:52,339 [pool-459-thread-1] INFO  server.RaftServerConfigKeys (ConfUtils.java:logGet(43)) - raft.server.sleep.deviation.threshold = 300 (default)
2019-10-15 09:30:52,339 [pool-449-thread-1] INFO  server.RaftServerConfigKeys (ConfUtils.java:logGet(43)) - raft.server.log.preallocated.size = 16384 (custom)
2019-10-15 09:30:52,339 [pool-459-thread-1] INFO  server.RaftServerConfigKeys (ConfUtils.java:logGet(43)) - raft.server.log.appender.install.snapshot.enabled = false (custom)
2019-10-15 09:30:52,339 [pool-449-thread-1] INFO  server.RaftServerConfigKeys (ConfUtils.java:logGet(43)) - raft.server.log.write.buffer.size = 33554432 (custom)
2019-10-15 09:30:52,339 [pool-459-thread-1] INFO  impl.RaftServerImpl (ServerState.java:<init>(103)) - 7f7ba54c-1c2f-4142-941c-848476af84b1@group-827FFB4A23C1: ConfigurationManager, init=-1: [7f7ba54c-1c2f-4142-941c-848476af84b1:192.168.5.139:41543], old=null, confs=<EMPTY_MAP>
2019-10-15 09:30:52,340 [pool-449-thread-1] INFO  server.RaftServerConfigKeys (ConfUtils.java:logGet(43)) - raft.server.log.force.sync.num = 128 (default)
2019-10-15 09:30:52,340 [pool-459-thread-1] INFO  server.RaftServerConfigKeys (ConfUtils.java:logGet(43)) - raft.server.storage.dir = [/workdir/hadoop-ozone/integration-test/target/test-dir/MiniOzoneClusterImpl-56cf674f-c5b4-4091-81ba-767fb818b5f0/datanode-5/data/ratis] (custom)
2019-10-15 09:30:52,340 [pool-449-thread-1] INFO  server.RaftServerConfigKeys (ConfUtils.java:logGet(43)) - raft.server.log.statemachine.data.sync = true (default)
2019-10-15 09:30:52,340 [pool-459-thread-1] INFO  server.RaftServerConfigKeys (ConfUtils.java:logGet(43)) - raft.server.log.corruption.policy = EXCEPTION (default)
2019-10-15 09:30:52,340 [pool-449-thread-1] INFO  server.RaftServerConfigKeys (ConfUtils.java:logGet(43)) - raft.server.log.statemachine.data.sync.timeout = 10s (default)
2019-10-15 09:30:52,340 [pool-459-thread-1] INFO  storage.RaftStorageDirectory (RaftStorageDirectory.java:analyzeStorage(246)) - The storage directory /workdir/hadoop-ozone/integration-test/target/test-dir/MiniOzoneClusterImpl-56cf674f-c5b4-4091-81ba-767fb818b5f0/datanode-5/data/ratis/6d57e35e-b045-4f1d-92a6-827ffb4a23c1 does not exist. Creating ...
2019-10-15 09:30:52,340 [pool-449-thread-1] INFO  server.RaftServerConfigKeys (ConfUtils.java:logGet(43)) - raft.server.log.statemachine.data.sync.timeout.retry = -1 (default)
2019-10-15 09:30:52,341 [pool-449-thread-1] INFO  server.RaftServerConfigKeys (ConfUtils.java:logGet(43)) - raft.server.log.statemachine.data.caching.enabled = true (custom)
2019-10-15 09:30:52,341 [pool-449-thread-1] INFO  segmented.SegmentedRaftLogWorker (SegmentedRaftLogWorker.java:lambda$new$0(128)) - d505649b-5973-4d55-8d3f-ba249cb836d3@group-83E76FEE22C4-SegmentedRaftLogWorker: flushIndex: setUnconditionally 0 -> -1
2019-10-15 09:30:52,341 [pool-449-thread-1] INFO  server.RaftServerConfigKeys (ConfUtils.java:logGet(43)) - raft.server.snapshot.auto.trigger.enabled = true (custom)
2019-10-15 09:30:52,341 [pool-449-thread-1] INFO  server.RaftServerConfigKeys (ConfUtils.java:logGet(43)) - raft.server.snapshot.auto.trigger.threshold = 10000 (custom)
2019-10-15 09:30:52,342 [pool-449-thread-1] INFO  server.RaftServerConfigKeys (ConfUtils.java:logGet(43)) - raft.server.snapshot.retention.file.num = 5 (custom)
2019-10-15 09:30:52,342 [pool-449-thread-1] INFO  server.RaftServerConfigKeys (ConfUtils.java:logGet(43)) - raft.server.retrycache.expirytime = 600000ms (custom)
2019-10-15 09:30:52,343 [pool-449-thread-1] INFO  impl.RaftServerImpl (RaftServerImpl.java:start(181)) - d505649b-5973-4d55-8d3f-ba249cb836d3@group-83E76FEE22C4: start as a follower, conf=-1: [d505649b-5973-4d55-8d3f-ba249cb836d3:192.168.5.139:37087, afcd5ebb-a9d9-4a75-8b79-0cd3ce730bd4:192.168.5.139:35252, 7f7ba54c-1c2f-4142-941c-848476af84b1:192.168.5.139:41543], old=null
2019-10-15 09:30:52,343 [pool-449-thread-1] INFO  impl.RaftServerImpl (RaftServerImpl.java:setRole(170)) - d505649b-5973-4d55-8d3f-ba249cb836d3@group-83E76FEE22C4: changes role from      null to FOLLOWER at term 0 for startAsFollower
2019-10-15 09:30:52,343 [pool-449-thread-1] INFO  impl.RoleInfo (RoleInfo.java:updateAndGet(143)) - d505649b-5973-4d55-8d3f-ba249cb836d3: start FollowerState
2019-10-15 09:30:52,344 [pool-449-thread-1] INFO  util.JmxRegister (JmxRegister.java:tryRegister(44)) - Successfully registered JMX Bean with object name Ratis:service=RaftServer,group=group-83E76FEE22C4,id=d505649b-5973-4d55-8d3f-ba249cb836d3
2019-10-15 09:30:52,345 [Command processor thread] INFO  commandhandler.CreatePipelineCommandHandler (CreatePipelineCommandHandler.java:handle(86)) - Create Pipeline RATIS THREE #id: "21ff3ec3-bf5d-4cdb-93c5-83e76fee22c4"
 command succeed on datanode d505649b-5973-4d55-8d3f-ba249cb836d3.
2019-10-15 09:30:52,346 [EventQueue-PipelineReportForPipelineReportHandler] INFO  pipeline.PipelineReportHandler (PipelineReportHandler.java:processPipelineReport(104)) - Pipeline THREE PipelineID=21ff3ec3-bf5d-4cdb-93c5-83e76fee22c4 reported by d505649b-5973-4d55-8d3f-ba249cb836d3{ip: 192.168.5.139, host: pr-hdds-2034-mt9tt-727200918, networkLocation: /default-rack, certSerialId: null}
2019-10-15 09:30:52,353 [pool-459-thread-1] INFO  storage.RaftStorageDirectory (RaftStorageDirectory.java:tryLock(328)) - Lock on /workdir/hadoop-ozone/integration-test/target/test-dir/MiniOzoneClusterImpl-56cf674f-c5b4-4091-81ba-767fb818b5f0/datanode-5/data/ratis/6d57e35e-b045-4f1d-92a6-827ffb4a23c1/in_use.lock acquired by nodename 20020@pr-hdds-2034-mt9tt-727200918
2019-10-15 09:30:52,366 [pool-459-thread-1] INFO  storage.RaftStorage (RaftStorage.java:format(84)) - Storage directory /workdir/hadoop-ozone/integration-test/target/test-dir/MiniOzoneClusterImpl-56cf674f-c5b4-4091-81ba-767fb818b5f0/datanode-5/data/ratis/6d57e35e-b045-4f1d-92a6-827ffb4a23c1 has been successfully formatted.
2019-10-15 09:30:52,366 [pool-459-thread-1] INFO  ratis.ContainerStateMachine (ContainerStateMachine.java:loadSnapshot(231)) - group-827FFB4A23C1: The snapshot info is null. Setting the last applied indexto:(t:0, i:~)
2019-10-15 09:30:52,366 [pool-459-thread-1] INFO  server.RaftServerConfigKeys (ConfUtils.java:logGet(43)) - raft.server.notification.no-leader.timeout = 120s (custom)
2019-10-15 09:30:52,366 [pool-459-thread-1] INFO  server.RaftServerConfigKeys (ConfUtils.java:logGet(43)) - raft.server.log.use.memory = false (default)
2019-10-15 09:30:52,366 [pool-459-thread-1] INFO  server.RaftServerConfigKeys (ConfUtils.java:logGet(43)) - raft.server.log.purge.gap = 1000000 (custom)
2019-10-15 09:30:52,366 [pool-459-thread-1] INFO  server.RaftServerConfigKeys (ConfUtils.java:logGet(43)) - raft.server.log.appender.buffer.byte-limit = 33554432 (custom)
2019-10-15 09:30:52,366 [pool-459-thread-1] INFO  server.RaftServerConfigKeys (ConfUtils.java:logGet(43)) - raft.server.log.segment.size.max = 1048576 (custom)
2019-10-15 09:30:52,368 [pool-459-thread-1] INFO  server.RaftServerConfigKeys (ConfUtils.java:logGet(43)) - raft.server.log.segment.cache.num.max = 2 (custom)
2019-10-15 09:30:52,368 [pool-459-thread-1] INFO  segmented.SegmentedRaftLogWorker (SegmentedRaftLogWorker.java:<init>(173)) - new 7f7ba54c-1c2f-4142-941c-848476af84b1@group-827FFB4A23C1-SegmentedRaftLogWorker for RaftStorage:Storage Directory /workdir/hadoop-ozone/integration-test/target/test-dir/MiniOzoneClusterImpl-56cf674f-c5b4-4091-81ba-767fb818b5f0/datanode-5/data/ratis/6d57e35e-b045-4f1d-92a6-827ffb4a23c1
2019-10-15 09:30:52,368 [pool-459-thread-1] INFO  server.RaftServerConfigKeys (ConfUtils.java:logGet(43)) - raft.server.log.queue.byte-limit = 2147483647 (custom)
2019-10-15 09:30:52,368 [pool-459-thread-1] INFO  server.RaftServerConfigKeys (ConfUtils.java:logGet(43)) - raft.server.log.queue.element-limit = 1024 (custom)
2019-10-15 09:30:52,368 [pool-459-thread-1] INFO  server.RaftServerConfigKeys (ConfUtils.java:logGet(43)) - raft.server.log.segment.size.max = 1048576 (custom)
2019-10-15 09:30:52,368 [pool-459-thread-1] INFO  server.RaftServerConfigKeys (ConfUtils.java:logGet(43)) - raft.server.log.preallocated.size = 16384 (custom)
2019-10-15 09:30:52,368 [pool-459-thread-1] INFO  server.RaftServerConfigKeys (ConfUtils.java:logGet(43)) - raft.server.log.write.buffer.size = 33554432 (custom)
2019-10-15 09:30:52,369 [pool-459-thread-1] INFO  server.RaftServerConfigKeys (ConfUtils.java:logGet(43)) - raft.server.log.force.sync.num = 128 (default)
2019-10-15 09:30:52,369 [pool-459-thread-1] INFO  server.RaftServerConfigKeys (ConfUtils.java:logGet(43)) - raft.server.log.statemachine.data.sync = true (default)
2019-10-15 09:30:52,369 [pool-459-thread-1] INFO  server.RaftServerConfigKeys (ConfUtils.java:logGet(43)) - raft.server.log.statemachine.data.sync.timeout = 10s (default)
2019-10-15 09:30:52,369 [pool-459-thread-1] INFO  server.RaftServerConfigKeys (ConfUtils.java:logGet(43)) - raft.server.log.statemachine.data.sync.timeout.retry = -1 (default)
2019-10-15 09:30:52,369 [pool-459-thread-1] INFO  server.RaftServerConfigKeys (ConfUtils.java:logGet(43)) - raft.server.log.statemachine.data.caching.enabled = true (custom)
2019-10-15 09:30:52,369 [pool-459-thread-1] INFO  segmented.SegmentedRaftLogWorker (SegmentedRaftLogWorker.java:lambda$new$0(128)) - 7f7ba54c-1c2f-4142-941c-848476af84b1@group-827FFB4A23C1-SegmentedRaftLogWorker: flushIndex: setUnconditionally 0 -> -1
2019-10-15 09:30:52,370 [pool-459-thread-1] INFO  server.RaftServerConfigKeys (ConfUtils.java:logGet(43)) - raft.server.snapshot.auto.trigger.enabled = true (custom)
2019-10-15 09:30:52,370 [pool-459-thread-1] INFO  server.RaftServerConfigKeys (ConfUtils.java:logGet(43)) - raft.server.snapshot.auto.trigger.threshold = 10000 (custom)
2019-10-15 09:30:52,370 [pool-459-thread-1] INFO  server.RaftServerConfigKeys (ConfUtils.java:logGet(43)) - raft.server.snapshot.retention.file.num = 5 (custom)
2019-10-15 09:30:52,370 [pool-459-thread-1] INFO  server.RaftServerConfigKeys (ConfUtils.java:logGet(43)) - raft.server.retrycache.expirytime = 600000ms (custom)
2019-10-15 09:30:52,371 [pool-459-thread-1] INFO  impl.RaftServerImpl (RaftServerImpl.java:start(181)) - 7f7ba54c-1c2f-4142-941c-848476af84b1@group-827FFB4A23C1: start as a follower, conf=-1: [7f7ba54c-1c2f-4142-941c-848476af84b1:192.168.5.139:41543], old=null
2019-10-15 09:30:52,372 [pool-459-thread-1] INFO  impl.RaftServerImpl (RaftServerImpl.java:setRole(170)) - 7f7ba54c-1c2f-4142-941c-848476af84b1@group-827FFB4A23C1: changes role from      null to FOLLOWER at term 0 for startAsFollower
2019-10-15 09:30:52,372 [pool-459-thread-1] INFO  impl.RoleInfo (RoleInfo.java:updateAndGet(143)) - 7f7ba54c-1c2f-4142-941c-848476af84b1: start FollowerState
2019-10-15 09:30:52,372 [pool-459-thread-1] INFO  util.JmxRegister (JmxRegister.java:tryRegister(44)) - Successfully registered JMX Bean with object name Ratis:service=RaftServer,group=group-827FFB4A23C1,id=7f7ba54c-1c2f-4142-941c-848476af84b1
2019-10-15 09:30:52,374 [Command processor thread] INFO  commandhandler.CreatePipelineCommandHandler (CreatePipelineCommandHandler.java:handle(86)) - Create Pipeline RATIS ONE #id: "6d57e35e-b045-4f1d-92a6-827ffb4a23c1"
 command succeed on datanode 7f7ba54c-1c2f-4142-941c-848476af84b1.
2019-10-15 09:30:52,376 [Command processor thread] INFO  impl.RaftServerProxy (RaftServerProxy.java:addNew(89)) - 7f7ba54c-1c2f-4142-941c-848476af84b1: addNew group-83E76FEE22C4:[d505649b-5973-4d55-8d3f-ba249cb836d3:192.168.5.139:37087, afcd5ebb-a9d9-4a75-8b79-0cd3ce730bd4:192.168.5.139:35252, 7f7ba54c-1c2f-4142-941c-848476af84b1:192.168.5.139:41543] returns group-83E76FEE22C4:java.util.concurrent.CompletableFuture@2aac3d9c[Not completed]
2019-10-15 09:30:52,377 [EventQueue-PipelineReportForPipelineReportHandler] INFO  pipeline.PipelineReportHandler (PipelineReportHandler.java:processPipelineReport(104)) - Pipeline ONE PipelineID=6d57e35e-b045-4f1d-92a6-827ffb4a23c1 reported by 7f7ba54c-1c2f-4142-941c-848476af84b1{ip: 192.168.5.139, host: pr-hdds-2034-mt9tt-727200918, networkLocation: /default-rack, certSerialId: null}
2019-10-15 09:30:52,377 [EventQueue-PipelineReportForPipelineReportHandler] INFO  pipeline.PipelineStateManager (PipelineStateManager.java:openPipeline(134)) - Pipeline Pipeline[ Id: 6d57e35e-b045-4f1d-92a6-827ffb4a23c1, Nodes: 7f7ba54c-1c2f-4142-941c-848476af84b1{ip: 192.168.5.139, host: pr-hdds-2034-mt9tt-727200918, networkLocation: /default-rack, certSerialId: null}, Type:RATIS, Factor:ONE, State:ALLOCATED] moved to OPEN state
2019-10-15 09:30:52,377 [pool-459-thread-1] INFO  impl.RaftServerImpl (RaftServerImpl.java:<init>(95)) - 7f7ba54c-1c2f-4142-941c-848476af84b1: new RaftServerImpl for group-83E76FEE22C4:[d505649b-5973-4d55-8d3f-ba249cb836d3:192.168.5.139:37087, afcd5ebb-a9d9-4a75-8b79-0cd3ce730bd4:192.168.5.139:35252, 7f7ba54c-1c2f-4142-941c-848476af84b1:192.168.5.139:41543] with ContainerStateMachine:uninitialized
2019-10-15 09:30:52,377 [pool-459-thread-1] INFO  server.RaftServerConfigKeys (ConfUtils.java:logGet(43)) - raft.server.rpc.timeout.min = 5s (custom)
2019-10-15 09:30:52,377 [pool-459-thread-1] INFO  server.RaftServerConfigKeys (ConfUtils.java:logGet(43)) - raft.server.rpc.timeout.max = 5200ms (custom)
2019-10-15 09:30:52,378 [pool-459-thread-1] INFO  server.RaftServerConfigKeys (ConfUtils.java:logGet(43)) - raft.server.rpcslowness.timeout = 120s (custom)
2019-10-15 09:30:52,378 [pool-459-thread-1] INFO  server.RaftServerConfigKeys (ConfUtils.java:logGet(43)) - raft.server.sleep.deviation.threshold = 300 (default)
2019-10-15 09:30:52,378 [pool-459-thread-1] INFO  server.RaftServerConfigKeys (ConfUtils.java:logGet(43)) - raft.server.log.appender.install.snapshot.enabled = false (custom)
2019-10-15 09:30:52,378 [pool-459-thread-1] INFO  impl.RaftServerImpl (ServerState.java:<init>(103)) - 7f7ba54c-1c2f-4142-941c-848476af84b1@group-83E76FEE22C4: ConfigurationManager, init=-1: [d505649b-5973-4d55-8d3f-ba249cb836d3:192.168.5.139:37087, afcd5ebb-a9d9-4a75-8b79-0cd3ce730bd4:192.168.5.139:35252, 7f7ba54c-1c2f-4142-941c-848476af84b1:192.168.5.139:41543], old=null, confs=<EMPTY_MAP>
2019-10-15 09:30:52,378 [pool-459-thread-1] INFO  server.RaftServerConfigKeys (ConfUtils.java:logGet(43)) - raft.server.storage.dir = [/workdir/hadoop-ozone/integration-test/target/test-dir/MiniOzoneClusterImpl-56cf674f-c5b4-4091-81ba-767fb818b5f0/datanode-5/data/ratis] (custom)
2019-10-15 09:30:52,378 [pool-459-thread-1] INFO  server.RaftServerConfigKeys (ConfUtils.java:logGet(43)) - raft.server.log.corruption.policy = EXCEPTION (default)
2019-10-15 09:30:52,379 [pool-459-thread-1] INFO  storage.RaftStorageDirectory (RaftStorageDirectory.java:analyzeStorage(246)) - The storage directory /workdir/hadoop-ozone/integration-test/target/test-dir/MiniOzoneClusterImpl-56cf674f-c5b4-4091-81ba-767fb818b5f0/datanode-5/data/ratis/21ff3ec3-bf5d-4cdb-93c5-83e76fee22c4 does not exist. Creating ...
2019-10-15 09:30:52,382 [pool-459-thread-1] INFO  storage.RaftStorageDirectory (RaftStorageDirectory.java:tryLock(328)) - Lock on /workdir/hadoop-ozone/integration-test/target/test-dir/MiniOzoneClusterImpl-56cf674f-c5b4-4091-81ba-767fb818b5f0/datanode-5/data/ratis/21ff3ec3-bf5d-4cdb-93c5-83e76fee22c4/in_use.lock acquired by nodename 20020@pr-hdds-2034-mt9tt-727200918
2019-10-15 09:30:52,385 [pool-459-thread-1] INFO  storage.RaftStorage (RaftStorage.java:format(84)) - Storage directory /workdir/hadoop-ozone/integration-test/target/test-dir/MiniOzoneClusterImpl-56cf674f-c5b4-4091-81ba-767fb818b5f0/datanode-5/data/ratis/21ff3ec3-bf5d-4cdb-93c5-83e76fee22c4 has been successfully formatted.
2019-10-15 09:30:52,385 [pool-459-thread-1] INFO  ratis.ContainerStateMachine (ContainerStateMachine.java:loadSnapshot(231)) - group-83E76FEE22C4: The snapshot info is null. Setting the last applied indexto:(t:0, i:~)
2019-10-15 09:30:52,386 [pool-459-thread-1] INFO  server.RaftServerConfigKeys (ConfUtils.java:logGet(43)) - raft.server.notification.no-leader.timeout = 120s (custom)
2019-10-15 09:30:52,386 [pool-459-thread-1] INFO  server.RaftServerConfigKeys (ConfUtils.java:logGet(43)) - raft.server.log.use.memory = false (default)
2019-10-15 09:30:52,386 [pool-459-thread-1] INFO  server.RaftServerConfigKeys (ConfUtils.java:logGet(43)) - raft.server.log.purge.gap = 1000000 (custom)
2019-10-15 09:30:52,386 [pool-459-thread-1] INFO  server.RaftServerConfigKeys (ConfUtils.java:logGet(43)) - raft.server.log.appender.buffer.byte-limit = 33554432 (custom)
2019-10-15 09:30:52,386 [pool-459-thread-1] INFO  server.RaftServerConfigKeys (ConfUtils.java:logGet(43)) - raft.server.log.segment.size.max = 1048576 (custom)
2019-10-15 09:30:52,386 [pool-459-thread-1] INFO  server.RaftServerConfigKeys (ConfUtils.java:logGet(43)) - raft.server.log.segment.cache.num.max = 2 (custom)
2019-10-15 09:30:52,386 [pool-459-thread-1] INFO  segmented.SegmentedRaftLogWorker (SegmentedRaftLogWorker.java:<init>(173)) - new 7f7ba54c-1c2f-4142-941c-848476af84b1@group-83E76FEE22C4-SegmentedRaftLogWorker for RaftStorage:Storage Directory /workdir/hadoop-ozone/integration-test/target/test-dir/MiniOzoneClusterImpl-56cf674f-c5b4-4091-81ba-767fb818b5f0/datanode-5/data/ratis/21ff3ec3-bf5d-4cdb-93c5-83e76fee22c4
2019-10-15 09:30:52,386 [pool-459-thread-1] INFO  server.RaftServerConfigKeys (ConfUtils.java:logGet(43)) - raft.server.log.queue.byte-limit = 2147483647 (custom)
2019-10-15 09:30:52,387 [pool-459-thread-1] INFO  server.RaftServerConfigKeys (ConfUtils.java:logGet(43)) - raft.server.log.queue.element-limit = 1024 (custom)
2019-10-15 09:30:52,387 [pool-459-thread-1] INFO  server.RaftServerConfigKeys (ConfUtils.java:logGet(43)) - raft.server.log.segment.size.max = 1048576 (custom)
2019-10-15 09:30:52,387 [pool-459-thread-1] INFO  server.RaftServerConfigKeys (ConfUtils.java:logGet(43)) - raft.server.log.preallocated.size = 16384 (custom)
2019-10-15 09:30:52,387 [pool-459-thread-1] INFO  server.RaftServerConfigKeys (ConfUtils.java:logGet(43)) - raft.server.log.write.buffer.size = 33554432 (custom)
2019-10-15 09:30:52,387 [pool-459-thread-1] INFO  server.RaftServerConfigKeys (ConfUtils.java:logGet(43)) - raft.server.log.force.sync.num = 128 (default)
2019-10-15 09:30:52,387 [pool-459-thread-1] INFO  server.RaftServerConfigKeys (ConfUtils.java:logGet(43)) - raft.server.log.statemachine.data.sync = true (default)
2019-10-15 09:30:52,387 [pool-459-thread-1] INFO  server.RaftServerConfigKeys (ConfUtils.java:logGet(43)) - raft.server.log.statemachine.data.sync.timeout = 10s (default)
2019-10-15 09:30:52,387 [pool-459-thread-1] INFO  server.RaftServerConfigKeys (ConfUtils.java:logGet(43)) - raft.server.log.statemachine.data.sync.timeout.retry = -1 (default)
2019-10-15 09:30:52,387 [pool-459-thread-1] INFO  server.RaftServerConfigKeys (ConfUtils.java:logGet(43)) - raft.server.log.statemachine.data.caching.enabled = true (custom)
2019-10-15 09:30:52,388 [pool-459-thread-1] INFO  segmented.SegmentedRaftLogWorker (SegmentedRaftLogWorker.java:lambda$new$0(128)) - 7f7ba54c-1c2f-4142-941c-848476af84b1@group-83E76FEE22C4-SegmentedRaftLogWorker: flushIndex: setUnconditionally 0 -> -1
2019-10-15 09:30:52,388 [pool-459-thread-1] INFO  server.RaftServerConfigKeys (ConfUtils.java:logGet(43)) - raft.server.snapshot.auto.trigger.enabled = true (custom)
2019-10-15 09:30:52,388 [pool-459-thread-1] INFO  server.RaftServerConfigKeys (ConfUtils.java:logGet(43)) - raft.server.snapshot.auto.trigger.threshold = 10000 (custom)
2019-10-15 09:30:52,388 [pool-459-thread-1] INFO  server.RaftServerConfigKeys (ConfUtils.java:logGet(43)) - raft.server.snapshot.retention.file.num = 5 (custom)
2019-10-15 09:30:52,388 [pool-459-thread-1] INFO  server.RaftServerConfigKeys (ConfUtils.java:logGet(43)) - raft.server.retrycache.expirytime = 600000ms (custom)
2019-10-15 09:30:52,390 [pool-459-thread-1] INFO  impl.RaftServerImpl (RaftServerImpl.java:start(181)) - 7f7ba54c-1c2f-4142-941c-848476af84b1@group-83E76FEE22C4: start as a follower, conf=-1: [d505649b-5973-4d55-8d3f-ba249cb836d3:192.168.5.139:37087, afcd5ebb-a9d9-4a75-8b79-0cd3ce730bd4:192.168.5.139:35252, 7f7ba54c-1c2f-4142-941c-848476af84b1:192.168.5.139:41543], old=null
2019-10-15 09:30:52,390 [pool-459-thread-1] INFO  impl.RaftServerImpl (RaftServerImpl.java:setRole(170)) - 7f7ba54c-1c2f-4142-941c-848476af84b1@group-83E76FEE22C4: changes role from      null to FOLLOWER at term 0 for startAsFollower
2019-10-15 09:30:52,390 [pool-459-thread-1] INFO  impl.RoleInfo (RoleInfo.java:updateAndGet(143)) - 7f7ba54c-1c2f-4142-941c-848476af84b1: start FollowerState
2019-10-15 09:30:52,390 [pool-459-thread-1] INFO  util.JmxRegister (JmxRegister.java:tryRegister(44)) - Successfully registered JMX Bean with object name Ratis:service=RaftServer,group=group-83E76FEE22C4,id=7f7ba54c-1c2f-4142-941c-848476af84b1
2019-10-15 09:30:52,392 [Command processor thread] INFO  commandhandler.CreatePipelineCommandHandler (CreatePipelineCommandHandler.java:handle(86)) - Create Pipeline RATIS THREE #id: "21ff3ec3-bf5d-4cdb-93c5-83e76fee22c4"
 command succeed on datanode 7f7ba54c-1c2f-4142-941c-848476af84b1.
2019-10-15 09:30:52,393 [EventQueue-PipelineReportForPipelineReportHandler] INFO  pipeline.PipelineReportHandler (PipelineReportHandler.java:processPipelineReport(104)) - Pipeline THREE PipelineID=21ff3ec3-bf5d-4cdb-93c5-83e76fee22c4 reported by 7f7ba54c-1c2f-4142-941c-848476af84b1{ip: 192.168.5.139, host: pr-hdds-2034-mt9tt-727200918, networkLocation: /default-rack, certSerialId: null}
2019-10-15 09:30:52,393 [EventQueue-PipelineReportForPipelineReportHandler] INFO  pipeline.PipelineStateManager (PipelineStateManager.java:openPipeline(134)) - Pipeline Pipeline[ Id: 21ff3ec3-bf5d-4cdb-93c5-83e76fee22c4, Nodes: afcd5ebb-a9d9-4a75-8b79-0cd3ce730bd4{ip: 192.168.5.139, host: pr-hdds-2034-mt9tt-727200918, networkLocation: /default-rack, certSerialId: null}d505649b-5973-4d55-8d3f-ba249cb836d3{ip: 192.168.5.139, host: pr-hdds-2034-mt9tt-727200918, networkLocation: /default-rack, certSerialId: null}7f7ba54c-1c2f-4142-941c-848476af84b1{ip: 192.168.5.139, host: pr-hdds-2034-mt9tt-727200918, networkLocation: /default-rack, certSerialId: null}, Type:RATIS, Factor:THREE, State:ALLOCATED] moved to OPEN state
2019-10-15 09:30:52,405 [Command processor thread] INFO  impl.RaftServerProxy (RaftServerProxy.java:addNew(89)) - 0264c470-949b-4993-b795-3095d2449e18: addNew group-E34DB59A4B2C:[0264c470-949b-4993-b795-3095d2449e18:192.168.5.139:36943] returns group-E34DB59A4B2C:java.util.concurrent.CompletableFuture@6b06c3c1[Not completed]
2019-10-15 09:30:52,407 [pool-469-thread-1] INFO  impl.RaftServerImpl (RaftServerImpl.java:<init>(95)) - 0264c470-949b-4993-b795-3095d2449e18: new RaftServerImpl for group-E34DB59A4B2C:[0264c470-949b-4993-b795-3095d2449e18:192.168.5.139:36943] with ContainerStateMachine:uninitialized
2019-10-15 09:30:52,409 [main] INFO  ozone.MiniOzoneClusterImpl (MiniOzoneClusterImpl.java:lambda$waitForClusterToBeReady$0(149)) - Nodes are ready. Got 7 of 7 DN Heartbeats.
2019-10-15 09:30:52,409 [main] INFO  ozone.MiniOzoneClusterImpl (MiniOzoneClusterImpl.java:lambda$waitForClusterToBeReady$0(152)) - Waiting for cluster to exit safe mode
2019-10-15 09:30:52,409 [pool-469-thread-1] INFO  server.RaftServerConfigKeys (ConfUtils.java:logGet(43)) - raft.server.rpc.timeout.min = 5s (custom)
2019-10-15 09:30:52,409 [pool-469-thread-1] INFO  server.RaftServerConfigKeys (ConfUtils.java:logGet(43)) - raft.server.rpc.timeout.max = 5200ms (custom)
2019-10-15 09:30:52,409 [pool-469-thread-1] INFO  server.RaftServerConfigKeys (ConfUtils.java:logGet(43)) - raft.server.rpcslowness.timeout = 120s (custom)
2019-10-15 09:30:52,410 [pool-469-thread-1] INFO  server.RaftServerConfigKeys (ConfUtils.java:logGet(43)) - raft.server.sleep.deviation.threshold = 300 (default)
2019-10-15 09:30:52,410 [pool-469-thread-1] INFO  server.RaftServerConfigKeys (ConfUtils.java:logGet(43)) - raft.server.log.appender.install.snapshot.enabled = false (custom)
2019-10-15 09:30:52,410 [pool-469-thread-1] INFO  impl.RaftServerImpl (ServerState.java:<init>(103)) - 0264c470-949b-4993-b795-3095d2449e18@group-E34DB59A4B2C: ConfigurationManager, init=-1: [0264c470-949b-4993-b795-3095d2449e18:192.168.5.139:36943], old=null, confs=<EMPTY_MAP>
2019-10-15 09:30:52,410 [pool-469-thread-1] INFO  server.RaftServerConfigKeys (ConfUtils.java:logGet(43)) - raft.server.storage.dir = [/workdir/hadoop-ozone/integration-test/target/test-dir/MiniOzoneClusterImpl-56cf674f-c5b4-4091-81ba-767fb818b5f0/datanode-6/data/ratis] (custom)
2019-10-15 09:30:52,410 [pool-469-thread-1] INFO  server.RaftServerConfigKeys (ConfUtils.java:logGet(43)) - raft.server.log.corruption.policy = EXCEPTION (default)
2019-10-15 09:30:52,410 [pool-469-thread-1] INFO  storage.RaftStorageDirectory (RaftStorageDirectory.java:analyzeStorage(246)) - The storage directory /workdir/hadoop-ozone/integration-test/target/test-dir/MiniOzoneClusterImpl-56cf674f-c5b4-4091-81ba-767fb818b5f0/datanode-6/data/ratis/de4384e1-d16c-435f-ab9c-e34db59a4b2c does not exist. Creating ...
2019-10-15 09:30:52,418 [pool-469-thread-1] INFO  storage.RaftStorageDirectory (RaftStorageDirectory.java:tryLock(328)) - Lock on /workdir/hadoop-ozone/integration-test/target/test-dir/MiniOzoneClusterImpl-56cf674f-c5b4-4091-81ba-767fb818b5f0/datanode-6/data/ratis/de4384e1-d16c-435f-ab9c-e34db59a4b2c/in_use.lock acquired by nodename 20020@pr-hdds-2034-mt9tt-727200918
2019-10-15 09:30:52,431 [pool-469-thread-1] INFO  storage.RaftStorage (RaftStorage.java:format(84)) - Storage directory /workdir/hadoop-ozone/integration-test/target/test-dir/MiniOzoneClusterImpl-56cf674f-c5b4-4091-81ba-767fb818b5f0/datanode-6/data/ratis/de4384e1-d16c-435f-ab9c-e34db59a4b2c has been successfully formatted.
2019-10-15 09:30:52,431 [pool-469-thread-1] INFO  ratis.ContainerStateMachine (ContainerStateMachine.java:loadSnapshot(231)) - group-E34DB59A4B2C: The snapshot info is null. Setting the last applied indexto:(t:0, i:~)
2019-10-15 09:30:52,431 [pool-469-thread-1] INFO  server.RaftServerConfigKeys (ConfUtils.java:logGet(43)) - raft.server.notification.no-leader.timeout = 120s (custom)
2019-10-15 09:30:52,431 [pool-469-thread-1] INFO  server.RaftServerConfigKeys (ConfUtils.java:logGet(43)) - raft.server.log.use.memory = false (default)
2019-10-15 09:30:52,432 [pool-469-thread-1] INFO  server.RaftServerConfigKeys (ConfUtils.java:logGet(43)) - raft.server.log.purge.gap = 1000000 (custom)
2019-10-15 09:30:52,432 [pool-469-thread-1] INFO  server.RaftServerConfigKeys (ConfUtils.java:logGet(43)) - raft.server.log.appender.buffer.byte-limit = 33554432 (custom)
2019-10-15 09:30:52,432 [pool-469-thread-1] INFO  server.RaftServerConfigKeys (ConfUtils.java:logGet(43)) - raft.server.log.segment.size.max = 1048576 (custom)
2019-10-15 09:30:52,434 [pool-469-thread-1] INFO  server.RaftServerConfigKeys (ConfUtils.java:logGet(43)) - raft.server.log.segment.cache.num.max = 2 (custom)
2019-10-15 09:30:52,434 [pool-469-thread-1] INFO  segmented.SegmentedRaftLogWorker (SegmentedRaftLogWorker.java:<init>(173)) - new 0264c470-949b-4993-b795-3095d2449e18@group-E34DB59A4B2C-SegmentedRaftLogWorker for RaftStorage:Storage Directory /workdir/hadoop-ozone/integration-test/target/test-dir/MiniOzoneClusterImpl-56cf674f-c5b4-4091-81ba-767fb818b5f0/datanode-6/data/ratis/de4384e1-d16c-435f-ab9c-e34db59a4b2c
2019-10-15 09:30:52,434 [pool-469-thread-1] INFO  server.RaftServerConfigKeys (ConfUtils.java:logGet(43)) - raft.server.log.queue.byte-limit = 2147483647 (custom)
2019-10-15 09:30:52,434 [pool-469-thread-1] INFO  server.RaftServerConfigKeys (ConfUtils.java:logGet(43)) - raft.server.log.queue.element-limit = 1024 (custom)
2019-10-15 09:30:52,434 [pool-469-thread-1] INFO  server.RaftServerConfigKeys (ConfUtils.java:logGet(43)) - raft.server.log.segment.size.max = 1048576 (custom)
2019-10-15 09:30:52,434 [pool-469-thread-1] INFO  server.RaftServerConfigKeys (ConfUtils.java:logGet(43)) - raft.server.log.preallocated.size = 16384 (custom)
2019-10-15 09:30:52,434 [pool-469-thread-1] INFO  server.RaftServerConfigKeys (ConfUtils.java:logGet(43)) - raft.server.log.write.buffer.size = 33554432 (custom)
2019-10-15 09:30:52,434 [pool-469-thread-1] INFO  server.RaftServerConfigKeys (ConfUtils.java:logGet(43)) - raft.server.log.force.sync.num = 128 (default)
2019-10-15 09:30:52,435 [pool-469-thread-1] INFO  server.RaftServerConfigKeys (ConfUtils.java:logGet(43)) - raft.server.log.statemachine.data.sync = true (default)
2019-10-15 09:30:52,435 [pool-469-thread-1] INFO  server.RaftServerConfigKeys (ConfUtils.java:logGet(43)) - raft.server.log.statemachine.data.sync.timeout = 10s (default)
2019-10-15 09:30:52,435 [pool-469-thread-1] INFO  server.RaftServerConfigKeys (ConfUtils.java:logGet(43)) - raft.server.log.statemachine.data.sync.timeout.retry = -1 (default)
2019-10-15 09:30:52,435 [pool-469-thread-1] INFO  server.RaftServerConfigKeys (ConfUtils.java:logGet(43)) - raft.server.log.statemachine.data.caching.enabled = true (custom)
2019-10-15 09:30:52,435 [pool-469-thread-1] INFO  segmented.SegmentedRaftLogWorker (SegmentedRaftLogWorker.java:lambda$new$0(128)) - 0264c470-949b-4993-b795-3095d2449e18@group-E34DB59A4B2C-SegmentedRaftLogWorker: flushIndex: setUnconditionally 0 -> -1
2019-10-15 09:30:52,436 [pool-469-thread-1] INFO  server.RaftServerConfigKeys (ConfUtils.java:logGet(43)) - raft.server.snapshot.auto.trigger.enabled = true (custom)
2019-10-15 09:30:52,436 [pool-469-thread-1] INFO  server.RaftServerConfigKeys (ConfUtils.java:logGet(43)) - raft.server.snapshot.auto.trigger.threshold = 10000 (custom)
2019-10-15 09:30:52,436 [pool-469-thread-1] INFO  server.RaftServerConfigKeys (ConfUtils.java:logGet(43)) - raft.server.snapshot.retention.file.num = 5 (custom)
2019-10-15 09:30:52,436 [pool-469-thread-1] INFO  server.RaftServerConfigKeys (ConfUtils.java:logGet(43)) - raft.server.retrycache.expirytime = 600000ms (custom)
2019-10-15 09:30:52,438 [pool-469-thread-1] INFO  impl.RaftServerImpl (RaftServerImpl.java:start(181)) - 0264c470-949b-4993-b795-3095d2449e18@group-E34DB59A4B2C: start as a follower, conf=-1: [0264c470-949b-4993-b795-3095d2449e18:192.168.5.139:36943], old=null
2019-10-15 09:30:52,438 [pool-469-thread-1] INFO  impl.RaftServerImpl (RaftServerImpl.java:setRole(170)) - 0264c470-949b-4993-b795-3095d2449e18@group-E34DB59A4B2C: changes role from      null to FOLLOWER at term 0 for startAsFollower
2019-10-15 09:30:52,438 [pool-469-thread-1] INFO  impl.RoleInfo (RoleInfo.java:updateAndGet(143)) - 0264c470-949b-4993-b795-3095d2449e18: start FollowerState
2019-10-15 09:30:52,438 [pool-469-thread-1] INFO  util.JmxRegister (JmxRegister.java:tryRegister(44)) - Successfully registered JMX Bean with object name Ratis:service=RaftServer,group=group-E34DB59A4B2C,id=0264c470-949b-4993-b795-3095d2449e18
2019-10-15 09:30:52,441 [Command processor thread] INFO  commandhandler.CreatePipelineCommandHandler (CreatePipelineCommandHandler.java:handle(86)) - Create Pipeline RATIS ONE #id: "de4384e1-d16c-435f-ab9c-e34db59a4b2c"
 command succeed on datanode 0264c470-949b-4993-b795-3095d2449e18.
2019-10-15 09:30:52,444 [EventQueue-PipelineReportForPipelineReportHandler] INFO  pipeline.PipelineReportHandler (PipelineReportHandler.java:processPipelineReport(104)) - Pipeline ONE PipelineID=de4384e1-d16c-435f-ab9c-e34db59a4b2c reported by 0264c470-949b-4993-b795-3095d2449e18{ip: 192.168.5.139, host: pr-hdds-2034-mt9tt-727200918, networkLocation: /default-rack, certSerialId: null}
2019-10-15 09:30:52,444 [EventQueue-PipelineReportForPipelineReportHandler] INFO  pipeline.PipelineStateManager (PipelineStateManager.java:openPipeline(134)) - Pipeline Pipeline[ Id: de4384e1-d16c-435f-ab9c-e34db59a4b2c, Nodes: 0264c470-949b-4993-b795-3095d2449e18{ip: 192.168.5.139, host: pr-hdds-2034-mt9tt-727200918, networkLocation: /default-rack, certSerialId: null}, Type:RATIS, Factor:ONE, State:ALLOCATED] moved to OPEN state
2019-10-15 09:30:53,410 [main] INFO  ozone.MiniOzoneClusterImpl (MiniOzoneClusterImpl.java:lambda$waitForClusterToBeReady$0(149)) - Nodes are ready. Got 7 of 7 DN Heartbeats.
2019-10-15 09:30:53,410 [main] INFO  ozone.MiniOzoneClusterImpl (MiniOzoneClusterImpl.java:lambda$waitForClusterToBeReady$0(152)) - Waiting for cluster to exit safe mode
2019-10-15 09:30:54,411 [main] INFO  ozone.MiniOzoneClusterImpl (MiniOzoneClusterImpl.java:lambda$waitForClusterToBeReady$0(149)) - Nodes are ready. Got 7 of 7 DN Heartbeats.
2019-10-15 09:30:54,411 [main] INFO  ozone.MiniOzoneClusterImpl (MiniOzoneClusterImpl.java:lambda$waitForClusterToBeReady$0(152)) - Waiting for cluster to exit safe mode
2019-10-15 09:30:55,089 [EventQueue-OpenPipelineForHealthyPipelineSafeModeRule] INFO  safemode.SCMSafeModeManager (SCMSafeModeManager.java:exitSafeMode(211)) - SCM exiting safe mode.
2019-10-15 09:30:55,091 [EventQueue-OpenPipelineForOneReplicaPipelineSafeModeRule] INFO  safemode.SCMSafeModeManager (SCMSafeModeManager.java:validateSafeModeExitRules(174)) - AtleastOneDatanodeReportedRule rule is successfully validated
2019-10-15 09:30:55,091 [EventQueue-OpenPipelineForOneReplicaPipelineSafeModeRule] INFO  safemode.SCMSafeModeManager (SCMSafeModeManager.java:validateSafeModeExitRules(183)) - ScmSafeModeManager, all rules are successfully validated
2019-10-15 09:30:55,411 [main] INFO  ozone.MiniOzoneClusterImpl (MiniOzoneClusterImpl.java:lambda$waitForClusterToBeReady$0(149)) - Nodes are ready. Got 7 of 7 DN Heartbeats.
2019-10-15 09:30:55,412 [main] INFO  ozone.MiniOzoneClusterImpl (MiniOzoneClusterImpl.java:lambda$waitForClusterToBeReady$0(152)) - Cluster exits safe mode
2019-10-15 09:30:55,454 [main] INFO  rpc.RpcClient (RpcClient.java:createVolume(272)) - Creating Volume: testblockoutputstream, with jenkins1000 as owner.
2019-10-15 09:30:55,458 [IPC Server handler 2 on 45439] INFO  volume.OMVolumeCreateRequest (OMVolumeCreateRequest.java:validateAndUpdateCache(193)) - created volume:testblockoutputstream for user:jenkins1000
2019-10-15 09:30:55,475 [main] INFO  rpc.RpcClient (RpcClient.java:createBucket(411)) - Creating Bucket: testblockoutputstream/testblockoutputstream, with Versioning false and Storage Type set to DISK and Encryption set to false 
2019-10-15 09:30:57,130 [Thread-2878] INFO  impl.FollowerState (FollowerState.java:run(108)) - 92e13dd7-88b7-4477-81d2-746904c33e64@group-6AD4944C02CD-FollowerState: change to CANDIDATE, lastRpcTime:5052ms, electionTimeout:5052ms
2019-10-15 09:30:57,130 [Thread-2878] INFO  impl.RoleInfo (RoleInfo.java:shutdownFollowerState(121)) - 92e13dd7-88b7-4477-81d2-746904c33e64: shutdown FollowerState
2019-10-15 09:30:57,130 [Thread-2878] INFO  impl.RaftServerImpl (RaftServerImpl.java:setRole(170)) - 92e13dd7-88b7-4477-81d2-746904c33e64@group-6AD4944C02CD: changes role from  FOLLOWER to CANDIDATE at term 0 for changeToCandidate
2019-10-15 09:30:57,130 [Thread-2878] INFO  impl.RoleInfo (RoleInfo.java:updateAndGet(143)) - 92e13dd7-88b7-4477-81d2-746904c33e64: start LeaderElection
2019-10-15 09:30:57,168 [92e13dd7-88b7-4477-81d2-746904c33e64@group-6AD4944C02CD-LeaderElection59] INFO  impl.LeaderElection (LeaderElection.java:askForVotes(178)) - 92e13dd7-88b7-4477-81d2-746904c33e64@group-6AD4944C02CD-LeaderElection59: begin an election at term 1 for -1: [92e13dd7-88b7-4477-81d2-746904c33e64:192.168.5.139:33549], old=null
2019-10-15 09:30:57,169 [92e13dd7-88b7-4477-81d2-746904c33e64@group-6AD4944C02CD-LeaderElection59] INFO  impl.RoleInfo (RoleInfo.java:shutdownLeaderElection(134)) - 92e13dd7-88b7-4477-81d2-746904c33e64: shutdown LeaderElection
2019-10-15 09:30:57,169 [92e13dd7-88b7-4477-81d2-746904c33e64@group-6AD4944C02CD-LeaderElection59] INFO  impl.RaftServerImpl (RaftServerImpl.java:setRole(170)) - 92e13dd7-88b7-4477-81d2-746904c33e64@group-6AD4944C02CD: changes role from CANDIDATE to LEADER at term 1 for changeToLeader
2019-10-15 09:30:57,169 [92e13dd7-88b7-4477-81d2-746904c33e64@group-6AD4944C02CD-LeaderElection59] INFO  impl.RaftServerImpl (ServerState.java:setLeader(255)) - 92e13dd7-88b7-4477-81d2-746904c33e64@group-6AD4944C02CD: change Leader from null to 92e13dd7-88b7-4477-81d2-746904c33e64 at term 1 for becomeLeader, leader elected after 5100ms
2019-10-15 09:30:57,169 [92e13dd7-88b7-4477-81d2-746904c33e64@group-6AD4944C02CD-LeaderElection59] INFO  server.RaftServerConfigKeys (ConfUtils.java:logGet(43)) - raft.server.staging.catchup.gap = 1000 (default)
2019-10-15 09:30:57,169 [92e13dd7-88b7-4477-81d2-746904c33e64@group-6AD4944C02CD-LeaderElection59] INFO  server.RaftServerConfigKeys (ConfUtils.java:logGet(43)) - raft.server.rpc.sleep.time = 25ms (default)
2019-10-15 09:30:57,170 [92e13dd7-88b7-4477-81d2-746904c33e64@group-6AD4944C02CD-LeaderElection59] INFO  server.RaftServerConfigKeys (ConfUtils.java:logGet(43)) - raft.server.write.element-limit = 4096 (default)
2019-10-15 09:30:57,170 [92e13dd7-88b7-4477-81d2-746904c33e64@group-6AD4944C02CD-LeaderElection59] INFO  server.RaftServerConfigKeys (ConfUtils.java:logGet(43)) - raft.server.watch.timeout = 10s (default)
2019-10-15 09:30:57,170 [92e13dd7-88b7-4477-81d2-746904c33e64@group-6AD4944C02CD-LeaderElection59] INFO  server.RaftServerConfigKeys (ConfUtils.java:logGet(43)) - raft.server.watch.timeout.denomination = 1s (default)
2019-10-15 09:30:57,170 [92e13dd7-88b7-4477-81d2-746904c33e64@group-6AD4944C02CD-LeaderElection59] INFO  server.RaftServerConfigKeys (ConfUtils.java:logGet(43)) - raft.server.watch.element-limit = 65536 (default)
2019-10-15 09:30:57,172 [92e13dd7-88b7-4477-81d2-746904c33e64@group-6AD4944C02CD-LeaderElection59] INFO  impl.RoleInfo (RoleInfo.java:updateAndGet(143)) - 92e13dd7-88b7-4477-81d2-746904c33e64: start LeaderState
2019-10-15 09:30:57,173 [92e13dd7-88b7-4477-81d2-746904c33e64@group-6AD4944C02CD-LeaderElection59] INFO  segmented.SegmentedRaftLogWorker (SegmentedRaftLogWorker.java:startLogSegment(385)) - 92e13dd7-88b7-4477-81d2-746904c33e64@group-6AD4944C02CD-SegmentedRaftLogWorker: Starting segment from index:0
2019-10-15 09:30:57,173 [92e13dd7-88b7-4477-81d2-746904c33e64@group-6AD4944C02CD-LeaderElection59] INFO  impl.RaftServerImpl (ServerState.java:setRaftConf(356)) - 92e13dd7-88b7-4477-81d2-746904c33e64@group-6AD4944C02CD: set configuration 0: [92e13dd7-88b7-4477-81d2-746904c33e64:192.168.5.139:33549], old=null at 0
2019-10-15 09:30:57,186 [Thread-2884] INFO  impl.FollowerState (FollowerState.java:run(108)) - ae849fbe-d7af-4b6d-ba68-65e2a663a917@group-17693D3914EE-FollowerState: change to CANDIDATE, lastRpcTime:5059ms, electionTimeout:5059ms
2019-10-15 09:30:57,186 [Thread-2884] INFO  impl.RoleInfo (RoleInfo.java:shutdownFollowerState(121)) - ae849fbe-d7af-4b6d-ba68-65e2a663a917: shutdown FollowerState
2019-10-15 09:30:57,186 [Thread-2884] INFO  impl.RaftServerImpl (RaftServerImpl.java:setRole(170)) - ae849fbe-d7af-4b6d-ba68-65e2a663a917@group-17693D3914EE: changes role from  FOLLOWER to CANDIDATE at term 0 for changeToCandidate
2019-10-15 09:30:57,186 [Thread-2884] INFO  impl.RoleInfo (RoleInfo.java:updateAndGet(143)) - ae849fbe-d7af-4b6d-ba68-65e2a663a917: start LeaderElection
2019-10-15 09:30:57,205 [Thread-2883] INFO  impl.FollowerState (FollowerState.java:run(108)) - 92e13dd7-88b7-4477-81d2-746904c33e64@group-F8894AEA8CD5-FollowerState: change to CANDIDATE, lastRpcTime:5080ms, electionTimeout:5075ms
2019-10-15 09:30:57,205 [Thread-2883] INFO  impl.RoleInfo (RoleInfo.java:shutdownFollowerState(121)) - 92e13dd7-88b7-4477-81d2-746904c33e64: shutdown FollowerState
2019-10-15 09:30:57,205 [Thread-2883] INFO  impl.RaftServerImpl (RaftServerImpl.java:setRole(170)) - 92e13dd7-88b7-4477-81d2-746904c33e64@group-F8894AEA8CD5: changes role from  FOLLOWER to CANDIDATE at term 0 for changeToCandidate
2019-10-15 09:30:57,205 [Thread-2883] INFO  impl.RoleInfo (RoleInfo.java:updateAndGet(143)) - 92e13dd7-88b7-4477-81d2-746904c33e64: start LeaderElection
2019-10-15 09:30:57,218 [92e13dd7-88b7-4477-81d2-746904c33e64@group-6AD4944C02CD-SegmentedRaftLogWorker] INFO  segmented.SegmentedRaftLogWorker (SegmentedRaftLogWorker.java:execute(574)) - 92e13dd7-88b7-4477-81d2-746904c33e64@group-6AD4944C02CD-SegmentedRaftLogWorker: created new log segment /workdir/hadoop-ozone/integration-test/target/test-dir/MiniOzoneClusterImpl-56cf674f-c5b4-4091-81ba-767fb818b5f0/datanode-0/data/ratis/66f9bc02-07f0-416c-b0d6-6ad4944c02cd/current/log_inprogress_0
2019-10-15 09:30:57,218 [ae849fbe-d7af-4b6d-ba68-65e2a663a917@group-17693D3914EE-LeaderElection60] INFO  impl.LeaderElection (LeaderElection.java:askForVotes(178)) - ae849fbe-d7af-4b6d-ba68-65e2a663a917@group-17693D3914EE-LeaderElection60: begin an election at term 1 for -1: [ae849fbe-d7af-4b6d-ba68-65e2a663a917:192.168.5.139:41342], old=null
2019-10-15 09:30:57,218 [92e13dd7-88b7-4477-81d2-746904c33e64@group-F8894AEA8CD5-LeaderElection61] INFO  impl.LeaderElection (LeaderElection.java:askForVotes(178)) - 92e13dd7-88b7-4477-81d2-746904c33e64@group-F8894AEA8CD5-LeaderElection61: begin an election at term 1 for -1: [92e13dd7-88b7-4477-81d2-746904c33e64:192.168.5.139:33549, 25136bf1-57af-4fb5-af68-1d44ce82afaa:192.168.5.139:45106, ae849fbe-d7af-4b6d-ba68-65e2a663a917:192.168.5.139:41342], old=null
2019-10-15 09:30:57,218 [ae849fbe-d7af-4b6d-ba68-65e2a663a917@group-17693D3914EE-LeaderElection60] INFO  impl.RoleInfo (RoleInfo.java:shutdownLeaderElection(134)) - ae849fbe-d7af-4b6d-ba68-65e2a663a917: shutdown LeaderElection
2019-10-15 09:30:57,218 [ae849fbe-d7af-4b6d-ba68-65e2a663a917@group-17693D3914EE-LeaderElection60] INFO  impl.RaftServerImpl (RaftServerImpl.java:setRole(170)) - ae849fbe-d7af-4b6d-ba68-65e2a663a917@group-17693D3914EE: changes role from CANDIDATE to LEADER at term 1 for changeToLeader
2019-10-15 09:30:57,218 [ae849fbe-d7af-4b6d-ba68-65e2a663a917@group-17693D3914EE-LeaderElection60] INFO  impl.RaftServerImpl (ServerState.java:setLeader(255)) - ae849fbe-d7af-4b6d-ba68-65e2a663a917@group-17693D3914EE: change Leader from null to ae849fbe-d7af-4b6d-ba68-65e2a663a917 at term 1 for becomeLeader, leader elected after 5101ms
2019-10-15 09:30:57,218 [ae849fbe-d7af-4b6d-ba68-65e2a663a917@group-17693D3914EE-LeaderElection60] INFO  server.RaftServerConfigKeys (ConfUtils.java:logGet(43)) - raft.server.staging.catchup.gap = 1000 (default)
2019-10-15 09:30:57,219 [ae849fbe-d7af-4b6d-ba68-65e2a663a917@group-17693D3914EE-LeaderElection60] INFO  server.RaftServerConfigKeys (ConfUtils.java:logGet(43)) - raft.server.rpc.sleep.time = 25ms (default)
2019-10-15 09:30:57,219 [ae849fbe-d7af-4b6d-ba68-65e2a663a917@group-17693D3914EE-LeaderElection60] INFO  server.RaftServerConfigKeys (ConfUtils.java:logGet(43)) - raft.server.write.element-limit = 4096 (default)
2019-10-15 09:30:57,219 [ae849fbe-d7af-4b6d-ba68-65e2a663a917@group-17693D3914EE-LeaderElection60] INFO  server.RaftServerConfigKeys (ConfUtils.java:logGet(43)) - raft.server.watch.timeout = 10s (default)
2019-10-15 09:30:57,219 [ae849fbe-d7af-4b6d-ba68-65e2a663a917@group-17693D3914EE-LeaderElection60] INFO  server.RaftServerConfigKeys (ConfUtils.java:logGet(43)) - raft.server.watch.timeout.denomination = 1s (default)
2019-10-15 09:30:57,219 [ae849fbe-d7af-4b6d-ba68-65e2a663a917@group-17693D3914EE-LeaderElection60] INFO  server.RaftServerConfigKeys (ConfUtils.java:logGet(43)) - raft.server.watch.element-limit = 65536 (default)
2019-10-15 09:30:57,221 [ae849fbe-d7af-4b6d-ba68-65e2a663a917@group-17693D3914EE-LeaderElection60] INFO  impl.RoleInfo (RoleInfo.java:updateAndGet(143)) - ae849fbe-d7af-4b6d-ba68-65e2a663a917: start LeaderState
2019-10-15 09:30:57,222 [ae849fbe-d7af-4b6d-ba68-65e2a663a917@group-17693D3914EE-LeaderElection60] INFO  segmented.SegmentedRaftLogWorker (SegmentedRaftLogWorker.java:startLogSegment(385)) - ae849fbe-d7af-4b6d-ba68-65e2a663a917@group-17693D3914EE-SegmentedRaftLogWorker: Starting segment from index:0
2019-10-15 09:30:57,222 [ae849fbe-d7af-4b6d-ba68-65e2a663a917@group-17693D3914EE-LeaderElection60] INFO  impl.RaftServerImpl (ServerState.java:setRaftConf(356)) - ae849fbe-d7af-4b6d-ba68-65e2a663a917@group-17693D3914EE: set configuration 0: [ae849fbe-d7af-4b6d-ba68-65e2a663a917:192.168.5.139:41342], old=null at 0
2019-10-15 09:30:57,222 [grpc-default-executor-14] INFO  impl.RaftServerImpl (RaftServerImpl.java:setRole(170)) - ae849fbe-d7af-4b6d-ba68-65e2a663a917@group-F8894AEA8CD5: changes role from  FOLLOWER to FOLLOWER at term 1 for recognizeCandidate:92e13dd7-88b7-4477-81d2-746904c33e64
2019-10-15 09:30:57,222 [grpc-default-executor-14] INFO  impl.RoleInfo (RoleInfo.java:shutdownFollowerState(121)) - ae849fbe-d7af-4b6d-ba68-65e2a663a917: shutdown FollowerState
2019-10-15 09:30:57,223 [grpc-default-executor-14] INFO  impl.RoleInfo (RoleInfo.java:updateAndGet(143)) - ae849fbe-d7af-4b6d-ba68-65e2a663a917: start FollowerState
2019-10-15 09:30:57,223 [Thread-2886] INFO  impl.FollowerState (FollowerState.java:run(117)) - ae849fbe-d7af-4b6d-ba68-65e2a663a917@group-F8894AEA8CD5-FollowerState was interrupted: java.lang.InterruptedException: sleep interrupted
2019-10-15 09:30:57,223 [grpc-default-executor-0] INFO  impl.RaftServerImpl (RaftServerImpl.java:setRole(170)) - 25136bf1-57af-4fb5-af68-1d44ce82afaa@group-F8894AEA8CD5: changes role from  FOLLOWER to FOLLOWER at term 1 for recognizeCandidate:92e13dd7-88b7-4477-81d2-746904c33e64
2019-10-15 09:30:57,223 [grpc-default-executor-0] INFO  impl.RoleInfo (RoleInfo.java:shutdownFollowerState(121)) - 25136bf1-57af-4fb5-af68-1d44ce82afaa: shutdown FollowerState
2019-10-15 09:30:57,223 [grpc-default-executor-0] INFO  impl.RoleInfo (RoleInfo.java:updateAndGet(143)) - 25136bf1-57af-4fb5-af68-1d44ce82afaa: start FollowerState
2019-10-15 09:30:57,223 [Thread-2890] INFO  impl.FollowerState (FollowerState.java:run(117)) - 25136bf1-57af-4fb5-af68-1d44ce82afaa@group-F8894AEA8CD5-FollowerState was interrupted: java.lang.InterruptedException: sleep interrupted
2019-10-15 09:30:57,247 [Thread-2888] INFO  impl.FollowerState (FollowerState.java:run(108)) - 25136bf1-57af-4fb5-af68-1d44ce82afaa@group-674CF7488D00-FollowerState: change to CANDIDATE, lastRpcTime:5056ms, electionTimeout:5044ms
2019-10-15 09:30:57,248 [Thread-2888] INFO  impl.RoleInfo (RoleInfo.java:shutdownFollowerState(121)) - 25136bf1-57af-4fb5-af68-1d44ce82afaa: shutdown FollowerState
2019-10-15 09:30:57,248 [Thread-2888] INFO  impl.RaftServerImpl (RaftServerImpl.java:setRole(170)) - 25136bf1-57af-4fb5-af68-1d44ce82afaa@group-674CF7488D00: changes role from  FOLLOWER to CANDIDATE at term 0 for changeToCandidate
2019-10-15 09:30:57,250 [Thread-2888] INFO  impl.RoleInfo (RoleInfo.java:updateAndGet(143)) - 25136bf1-57af-4fb5-af68-1d44ce82afaa: start LeaderElection
2019-10-15 09:30:57,250 [92e13dd7-88b7-4477-81d2-746904c33e64@group-F8894AEA8CD5-LeaderElection61] INFO  impl.LeaderElection (LeaderElection.java:logAndReturn(56)) - 92e13dd7-88b7-4477-81d2-746904c33e64@group-F8894AEA8CD5-LeaderElection61: Election PASSED; received 1 response(s) [92e13dd7-88b7-4477-81d2-746904c33e64<-ae849fbe-d7af-4b6d-ba68-65e2a663a917#0:OK-t1] and 0 exception(s); 92e13dd7-88b7-4477-81d2-746904c33e64@group-F8894AEA8CD5:t1, leader=null, voted=92e13dd7-88b7-4477-81d2-746904c33e64, raftlog=92e13dd7-88b7-4477-81d2-746904c33e64@group-F8894AEA8CD5-SegmentedRaftLog:OPENED:c-1,f-1,i0, conf=-1: [92e13dd7-88b7-4477-81d2-746904c33e64:192.168.5.139:33549, 25136bf1-57af-4fb5-af68-1d44ce82afaa:192.168.5.139:45106, ae849fbe-d7af-4b6d-ba68-65e2a663a917:192.168.5.139:41342], old=null
2019-10-15 09:30:57,250 [92e13dd7-88b7-4477-81d2-746904c33e64@group-F8894AEA8CD5-LeaderElection61] INFO  impl.RoleInfo (RoleInfo.java:shutdownLeaderElection(134)) - 92e13dd7-88b7-4477-81d2-746904c33e64: shutdown LeaderElection
2019-10-15 09:30:57,252 [92e13dd7-88b7-4477-81d2-746904c33e64@group-F8894AEA8CD5-LeaderElection61] INFO  impl.RaftServerImpl (RaftServerImpl.java:setRole(170)) - 92e13dd7-88b7-4477-81d2-746904c33e64@group-F8894AEA8CD5: changes role from CANDIDATE to LEADER at term 1 for changeToLeader
2019-10-15 09:30:57,252 [92e13dd7-88b7-4477-81d2-746904c33e64@group-F8894AEA8CD5-LeaderElection61] INFO  impl.RaftServerImpl (ServerState.java:setLeader(255)) - 92e13dd7-88b7-4477-81d2-746904c33e64@group-F8894AEA8CD5: change Leader from null to 92e13dd7-88b7-4477-81d2-746904c33e64 at term 1 for becomeLeader, leader elected after 5135ms
2019-10-15 09:30:57,252 [92e13dd7-88b7-4477-81d2-746904c33e64@group-F8894AEA8CD5-LeaderElection61] INFO  server.RaftServerConfigKeys (ConfUtils.java:logGet(43)) - raft.server.staging.catchup.gap = 1000 (default)
2019-10-15 09:30:57,252 [92e13dd7-88b7-4477-81d2-746904c33e64@group-F8894AEA8CD5-LeaderElection61] INFO  server.RaftServerConfigKeys (ConfUtils.java:logGet(43)) - raft.server.rpc.sleep.time = 25ms (default)
2019-10-15 09:30:57,253 [92e13dd7-88b7-4477-81d2-746904c33e64@group-F8894AEA8CD5-LeaderElection61] INFO  server.RaftServerConfigKeys (ConfUtils.java:logGet(43)) - raft.server.write.element-limit = 4096 (default)
2019-10-15 09:30:57,253 [92e13dd7-88b7-4477-81d2-746904c33e64@group-F8894AEA8CD5-LeaderElection61] INFO  server.RaftServerConfigKeys (ConfUtils.java:logGet(43)) - raft.server.watch.timeout = 10s (default)
2019-10-15 09:30:57,253 [92e13dd7-88b7-4477-81d2-746904c33e64@group-F8894AEA8CD5-LeaderElection61] INFO  server.RaftServerConfigKeys (ConfUtils.java:logGet(43)) - raft.server.watch.timeout.denomination = 1s (default)
2019-10-15 09:30:57,253 [92e13dd7-88b7-4477-81d2-746904c33e64@group-F8894AEA8CD5-LeaderElection61] INFO  server.RaftServerConfigKeys (ConfUtils.java:logGet(43)) - raft.server.watch.element-limit = 65536 (default)
2019-10-15 09:30:57,255 [92e13dd7-88b7-4477-81d2-746904c33e64@group-F8894AEA8CD5-LeaderElection61] INFO  server.RaftServerConfigKeys (ConfUtils.java:logGet(43)) - raft.server.log.appender.snapshot.chunk.size.max = 16MB (=16777216) (default)
2019-10-15 09:30:57,256 [92e13dd7-88b7-4477-81d2-746904c33e64@group-F8894AEA8CD5-LeaderElection61] INFO  server.RaftServerConfigKeys (ConfUtils.java:logGet(43)) - raft.server.log.appender.buffer.byte-limit = 33554432 (custom)
2019-10-15 09:30:57,256 [92e13dd7-88b7-4477-81d2-746904c33e64@group-F8894AEA8CD5-LeaderElection61] INFO  server.RaftServerConfigKeys (ConfUtils.java:logGet(43)) - raft.server.log.appender.buffer.element-limit = 1 (custom)
2019-10-15 09:30:57,256 [92e13dd7-88b7-4477-81d2-746904c33e64@group-F8894AEA8CD5-LeaderElection61] INFO  grpc.GrpcConfigKeys$Server (ConfUtils.java:logGet(43)) - raft.grpc.server.leader.outstanding.appends.max = 128 (default)
2019-10-15 09:30:57,256 [92e13dd7-88b7-4477-81d2-746904c33e64@group-F8894AEA8CD5-LeaderElection61] INFO  server.RaftServerConfigKeys (ConfUtils.java:logGet(43)) - raft.server.rpc.request.timeout = 3000ms (default)
2019-10-15 09:30:57,257 [92e13dd7-88b7-4477-81d2-746904c33e64@group-F8894AEA8CD5-LeaderElection61] INFO  server.RaftServerConfigKeys (ConfUtils.java:logGet(43)) - raft.server.log.appender.install.snapshot.enabled = false (custom)
2019-10-15 09:30:57,257 [92e13dd7-88b7-4477-81d2-746904c33e64@group-F8894AEA8CD5-LeaderElection61] INFO  server.RaftServerConfigKeys (ConfUtils.java:logGet(43)) - raft.server.log.appender.snapshot.chunk.size.max = 16MB (=16777216) (default)
2019-10-15 09:30:57,257 [92e13dd7-88b7-4477-81d2-746904c33e64@group-F8894AEA8CD5-LeaderElection61] INFO  server.RaftServerConfigKeys (ConfUtils.java:logGet(43)) - raft.server.log.appender.buffer.byte-limit = 33554432 (custom)
2019-10-15 09:30:57,257 [92e13dd7-88b7-4477-81d2-746904c33e64@group-F8894AEA8CD5-LeaderElection61] INFO  server.RaftServerConfigKeys (ConfUtils.java:logGet(43)) - raft.server.log.appender.buffer.element-limit = 1 (custom)
2019-10-15 09:30:57,257 [92e13dd7-88b7-4477-81d2-746904c33e64@group-F8894AEA8CD5-LeaderElection61] INFO  grpc.GrpcConfigKeys$Server (ConfUtils.java:logGet(43)) - raft.grpc.server.leader.outstanding.appends.max = 128 (default)
2019-10-15 09:30:57,258 [92e13dd7-88b7-4477-81d2-746904c33e64@group-F8894AEA8CD5-LeaderElection61] INFO  server.RaftServerConfigKeys (ConfUtils.java:logGet(43)) - raft.server.rpc.request.timeout = 3000ms (default)
2019-10-15 09:30:57,258 [92e13dd7-88b7-4477-81d2-746904c33e64@group-F8894AEA8CD5-LeaderElection61] INFO  server.RaftServerConfigKeys (ConfUtils.java:logGet(43)) - raft.server.log.appender.install.snapshot.enabled = false (custom)
2019-10-15 09:30:57,258 [92e13dd7-88b7-4477-81d2-746904c33e64@group-F8894AEA8CD5-LeaderElection61] INFO  impl.RoleInfo (RoleInfo.java:updateAndGet(143)) - 92e13dd7-88b7-4477-81d2-746904c33e64: start LeaderState
2019-10-15 09:30:57,258 [92e13dd7-88b7-4477-81d2-746904c33e64@group-F8894AEA8CD5-LeaderElection61] INFO  segmented.SegmentedRaftLogWorker (SegmentedRaftLogWorker.java:startLogSegment(385)) - 92e13dd7-88b7-4477-81d2-746904c33e64@group-F8894AEA8CD5-SegmentedRaftLogWorker: Starting segment from index:0
2019-10-15 09:30:57,259 [92e13dd7-88b7-4477-81d2-746904c33e64@group-F8894AEA8CD5-LeaderElection61] INFO  impl.RaftServerImpl (ServerState.java:setRaftConf(356)) - 92e13dd7-88b7-4477-81d2-746904c33e64@group-F8894AEA8CD5: set configuration 0: [92e13dd7-88b7-4477-81d2-746904c33e64:192.168.5.139:33549, 25136bf1-57af-4fb5-af68-1d44ce82afaa:192.168.5.139:45106, ae849fbe-d7af-4b6d-ba68-65e2a663a917:192.168.5.139:41342], old=null at 0
2019-10-15 09:30:57,261 [ae849fbe-d7af-4b6d-ba68-65e2a663a917@group-17693D3914EE-SegmentedRaftLogWorker] INFO  segmented.SegmentedRaftLogWorker (SegmentedRaftLogWorker.java:execute(574)) - ae849fbe-d7af-4b6d-ba68-65e2a663a917@group-17693D3914EE-SegmentedRaftLogWorker: created new log segment /workdir/hadoop-ozone/integration-test/target/test-dir/MiniOzoneClusterImpl-56cf674f-c5b4-4091-81ba-767fb818b5f0/datanode-1/data/ratis/dca68d9a-b709-4a32-a0d4-17693d3914ee/current/log_inprogress_0
2019-10-15 09:30:57,263 [25136bf1-57af-4fb5-af68-1d44ce82afaa@group-674CF7488D00-LeaderElection62] INFO  impl.LeaderElection (LeaderElection.java:askForVotes(178)) - 25136bf1-57af-4fb5-af68-1d44ce82afaa@group-674CF7488D00-LeaderElection62: begin an election at term 1 for -1: [25136bf1-57af-4fb5-af68-1d44ce82afaa:192.168.5.139:45106], old=null
2019-10-15 09:30:57,263 [25136bf1-57af-4fb5-af68-1d44ce82afaa@group-674CF7488D00-LeaderElection62] INFO  impl.RoleInfo (RoleInfo.java:shutdownLeaderElection(134)) - 25136bf1-57af-4fb5-af68-1d44ce82afaa: shutdown LeaderElection
2019-10-15 09:30:57,263 [25136bf1-57af-4fb5-af68-1d44ce82afaa@group-674CF7488D00-LeaderElection62] INFO  impl.RaftServerImpl (RaftServerImpl.java:setRole(170)) - 25136bf1-57af-4fb5-af68-1d44ce82afaa@group-674CF7488D00: changes role from CANDIDATE to LEADER at term 1 for changeToLeader
2019-10-15 09:30:57,263 [25136bf1-57af-4fb5-af68-1d44ce82afaa@group-674CF7488D00-LeaderElection62] INFO  impl.RaftServerImpl (ServerState.java:setLeader(255)) - 25136bf1-57af-4fb5-af68-1d44ce82afaa@group-674CF7488D00: change Leader from null to 25136bf1-57af-4fb5-af68-1d44ce82afaa at term 1 for becomeLeader, leader elected after 5097ms
2019-10-15 09:30:57,263 [25136bf1-57af-4fb5-af68-1d44ce82afaa@group-674CF7488D00-LeaderElection62] INFO  server.RaftServerConfigKeys (ConfUtils.java:logGet(43)) - raft.server.staging.catchup.gap = 1000 (default)
2019-10-15 09:30:57,263 [25136bf1-57af-4fb5-af68-1d44ce82afaa@group-674CF7488D00-LeaderElection62] INFO  server.RaftServerConfigKeys (ConfUtils.java:logGet(43)) - raft.server.rpc.sleep.time = 25ms (default)
2019-10-15 09:30:57,264 [25136bf1-57af-4fb5-af68-1d44ce82afaa@group-674CF7488D00-LeaderElection62] INFO  server.RaftServerConfigKeys (ConfUtils.java:logGet(43)) - raft.server.write.element-limit = 4096 (default)
2019-10-15 09:30:57,264 [25136bf1-57af-4fb5-af68-1d44ce82afaa@group-674CF7488D00-LeaderElection62] INFO  server.RaftServerConfigKeys (ConfUtils.java:logGet(43)) - raft.server.watch.timeout = 10s (default)
2019-10-15 09:30:57,294 [grpc-default-executor-14] INFO  impl.RaftServerImpl (ServerState.java:setLeader(255)) - 25136bf1-57af-4fb5-af68-1d44ce82afaa@group-F8894AEA8CD5: change Leader from null to 92e13dd7-88b7-4477-81d2-746904c33e64 at term 1 for appendEntries, leader elected after 5057ms
2019-10-15 09:30:57,294 [25136bf1-57af-4fb5-af68-1d44ce82afaa@group-674CF7488D00-LeaderElection62] INFO  server.RaftServerConfigKeys (ConfUtils.java:logGet(43)) - raft.server.watch.timeout.denomination = 1s (default)
2019-10-15 09:30:57,294 [25136bf1-57af-4fb5-af68-1d44ce82afaa@group-674CF7488D00-LeaderElection62] INFO  server.RaftServerConfigKeys (ConfUtils.java:logGet(43)) - raft.server.watch.element-limit = 65536 (default)
2019-10-15 09:30:57,306 [grpc-default-executor-0] INFO  impl.RaftServerImpl (ServerState.java:setLeader(255)) - ae849fbe-d7af-4b6d-ba68-65e2a663a917@group-F8894AEA8CD5: change Leader from null to 92e13dd7-88b7-4477-81d2-746904c33e64 at term 1 for appendEntries, leader elected after 5139ms
2019-10-15 09:30:57,307 [92e13dd7-88b7-4477-81d2-746904c33e64@group-F8894AEA8CD5-SegmentedRaftLogWorker] INFO  segmented.SegmentedRaftLogWorker (SegmentedRaftLogWorker.java:execute(574)) - 92e13dd7-88b7-4477-81d2-746904c33e64@group-F8894AEA8CD5-SegmentedRaftLogWorker: created new log segment /workdir/hadoop-ozone/integration-test/target/test-dir/MiniOzoneClusterImpl-56cf674f-c5b4-4091-81ba-767fb818b5f0/datanode-0/data/ratis/7f7b5571-2d8d-4086-bef2-f8894aea8cd5/current/log_inprogress_0
2019-10-15 09:30:57,310 [25136bf1-57af-4fb5-af68-1d44ce82afaa@group-674CF7488D00-LeaderElection62] INFO  impl.RoleInfo (RoleInfo.java:updateAndGet(143)) - 25136bf1-57af-4fb5-af68-1d44ce82afaa: start LeaderState
2019-10-15 09:30:57,310 [grpc-default-executor-14] INFO  impl.RaftServerImpl (ServerState.java:setRaftConf(356)) - 25136bf1-57af-4fb5-af68-1d44ce82afaa@group-F8894AEA8CD5: set configuration 0: [92e13dd7-88b7-4477-81d2-746904c33e64:192.168.5.139:33549, 25136bf1-57af-4fb5-af68-1d44ce82afaa:192.168.5.139:45106, ae849fbe-d7af-4b6d-ba68-65e2a663a917:192.168.5.139:41342], old=null at 0
2019-10-15 09:30:57,311 [grpc-default-executor-0] INFO  impl.RaftServerImpl (ServerState.java:setRaftConf(356)) - ae849fbe-d7af-4b6d-ba68-65e2a663a917@group-F8894AEA8CD5: set configuration 0: [92e13dd7-88b7-4477-81d2-746904c33e64:192.168.5.139:33549, 25136bf1-57af-4fb5-af68-1d44ce82afaa:192.168.5.139:45106, ae849fbe-d7af-4b6d-ba68-65e2a663a917:192.168.5.139:41342], old=null at 0
2019-10-15 09:30:57,311 [grpc-default-executor-14] INFO  segmented.SegmentedRaftLogWorker (SegmentedRaftLogWorker.java:startLogSegment(385)) - 25136bf1-57af-4fb5-af68-1d44ce82afaa@group-F8894AEA8CD5-SegmentedRaftLogWorker: Starting segment from index:0
2019-10-15 09:30:57,310 [25136bf1-57af-4fb5-af68-1d44ce82afaa@group-674CF7488D00-LeaderElection62] INFO  segmented.SegmentedRaftLogWorker (SegmentedRaftLogWorker.java:startLogSegment(385)) - 25136bf1-57af-4fb5-af68-1d44ce82afaa@group-674CF7488D00-SegmentedRaftLogWorker: Starting segment from index:0
2019-10-15 09:30:57,311 [grpc-default-executor-0] INFO  segmented.SegmentedRaftLogWorker (SegmentedRaftLogWorker.java:startLogSegment(385)) - ae849fbe-d7af-4b6d-ba68-65e2a663a917@group-F8894AEA8CD5-SegmentedRaftLogWorker: Starting segment from index:0
2019-10-15 09:30:57,311 [25136bf1-57af-4fb5-af68-1d44ce82afaa@group-674CF7488D00-LeaderElection62] INFO  impl.RaftServerImpl (ServerState.java:setRaftConf(356)) - 25136bf1-57af-4fb5-af68-1d44ce82afaa@group-674CF7488D00: set configuration 0: [25136bf1-57af-4fb5-af68-1d44ce82afaa:192.168.5.139:45106], old=null at 0
2019-10-15 09:30:57,352 [25136bf1-57af-4fb5-af68-1d44ce82afaa@group-674CF7488D00-SegmentedRaftLogWorker] INFO  segmented.SegmentedRaftLogWorker (SegmentedRaftLogWorker.java:execute(574)) - 25136bf1-57af-4fb5-af68-1d44ce82afaa@group-674CF7488D00-SegmentedRaftLogWorker: created new log segment /workdir/hadoop-ozone/integration-test/target/test-dir/MiniOzoneClusterImpl-56cf674f-c5b4-4091-81ba-767fb818b5f0/datanode-2/data/ratis/1027d26f-c781-4dcc-94cd-674cf7488d00/current/log_inprogress_0
2019-10-15 09:30:57,352 [ae849fbe-d7af-4b6d-ba68-65e2a663a917@group-F8894AEA8CD5-SegmentedRaftLogWorker] INFO  segmented.SegmentedRaftLogWorker (SegmentedRaftLogWorker.java:execute(574)) - ae849fbe-d7af-4b6d-ba68-65e2a663a917@group-F8894AEA8CD5-SegmentedRaftLogWorker: created new log segment /workdir/hadoop-ozone/integration-test/target/test-dir/MiniOzoneClusterImpl-56cf674f-c5b4-4091-81ba-767fb818b5f0/datanode-1/data/ratis/7f7b5571-2d8d-4086-bef2-f8894aea8cd5/current/log_inprogress_0
2019-10-15 09:30:57,352 [25136bf1-57af-4fb5-af68-1d44ce82afaa@group-F8894AEA8CD5-SegmentedRaftLogWorker] INFO  segmented.SegmentedRaftLogWorker (SegmentedRaftLogWorker.java:execute(574)) - 25136bf1-57af-4fb5-af68-1d44ce82afaa@group-F8894AEA8CD5-SegmentedRaftLogWorker: created new log segment /workdir/hadoop-ozone/integration-test/target/test-dir/MiniOzoneClusterImpl-56cf674f-c5b4-4091-81ba-767fb818b5f0/datanode-2/data/ratis/7f7b5571-2d8d-4086-bef2-f8894aea8cd5/current/log_inprogress_0
2019-10-15 09:30:57,415 [Thread-2896] INFO  impl.FollowerState (FollowerState.java:run(108)) - d505649b-5973-4d55-8d3f-ba249cb836d3@group-87DF2AC1F3C3-FollowerState: change to CANDIDATE, lastRpcTime:5113ms, electionTimeout:5113ms
2019-10-15 09:30:57,415 [Thread-2896] INFO  impl.RoleInfo (RoleInfo.java:shutdownFollowerState(121)) - d505649b-5973-4d55-8d3f-ba249cb836d3: shutdown FollowerState
2019-10-15 09:30:57,415 [Thread-2896] INFO  impl.RaftServerImpl (RaftServerImpl.java:setRole(170)) - d505649b-5973-4d55-8d3f-ba249cb836d3@group-87DF2AC1F3C3: changes role from  FOLLOWER to CANDIDATE at term 0 for changeToCandidate
2019-10-15 09:30:57,415 [Thread-2896] INFO  impl.RoleInfo (RoleInfo.java:updateAndGet(143)) - d505649b-5973-4d55-8d3f-ba249cb836d3: start LeaderElection
2019-10-15 09:30:57,423 [d505649b-5973-4d55-8d3f-ba249cb836d3@group-87DF2AC1F3C3-LeaderElection63] INFO  impl.LeaderElection (LeaderElection.java:askForVotes(178)) - d505649b-5973-4d55-8d3f-ba249cb836d3@group-87DF2AC1F3C3-LeaderElection63: begin an election at term 1 for -1: [d505649b-5973-4d55-8d3f-ba249cb836d3:192.168.5.139:37087], old=null
2019-10-15 09:30:57,423 [d505649b-5973-4d55-8d3f-ba249cb836d3@group-87DF2AC1F3C3-LeaderElection63] INFO  impl.RoleInfo (RoleInfo.java:shutdownLeaderElection(134)) - d505649b-5973-4d55-8d3f-ba249cb836d3: shutdown LeaderElection
2019-10-15 09:30:57,423 [d505649b-5973-4d55-8d3f-ba249cb836d3@group-87DF2AC1F3C3-LeaderElection63] INFO  impl.RaftServerImpl (RaftServerImpl.java:setRole(170)) - d505649b-5973-4d55-8d3f-ba249cb836d3@group-87DF2AC1F3C3: changes role from CANDIDATE to LEADER at term 1 for changeToLeader
2019-10-15 09:30:57,423 [d505649b-5973-4d55-8d3f-ba249cb836d3@group-87DF2AC1F3C3-LeaderElection63] INFO  impl.RaftServerImpl (ServerState.java:setLeader(255)) - d505649b-5973-4d55-8d3f-ba249cb836d3@group-87DF2AC1F3C3: change Leader from null to d505649b-5973-4d55-8d3f-ba249cb836d3 at term 1 for becomeLeader, leader elected after 5128ms
2019-10-15 09:30:57,423 [d505649b-5973-4d55-8d3f-ba249cb836d3@group-87DF2AC1F3C3-LeaderElection63] INFO  server.RaftServerConfigKeys (ConfUtils.java:logGet(43)) - raft.server.staging.catchup.gap = 1000 (default)
2019-10-15 09:30:57,424 [d505649b-5973-4d55-8d3f-ba249cb836d3@group-87DF2AC1F3C3-LeaderElection63] INFO  server.RaftServerConfigKeys (ConfUtils.java:logGet(43)) - raft.server.rpc.sleep.time = 25ms (default)
2019-10-15 09:30:57,424 [d505649b-5973-4d55-8d3f-ba249cb836d3@group-87DF2AC1F3C3-LeaderElection63] INFO  server.RaftServerConfigKeys (ConfUtils.java:logGet(43)) - raft.server.write.element-limit = 4096 (default)
2019-10-15 09:30:57,424 [d505649b-5973-4d55-8d3f-ba249cb836d3@group-87DF2AC1F3C3-LeaderElection63] INFO  server.RaftServerConfigKeys (ConfUtils.java:logGet(43)) - raft.server.watch.timeout = 10s (default)
2019-10-15 09:30:57,424 [d505649b-5973-4d55-8d3f-ba249cb836d3@group-87DF2AC1F3C3-LeaderElection63] INFO  server.RaftServerConfigKeys (ConfUtils.java:logGet(43)) - raft.server.watch.timeout.denomination = 1s (default)
2019-10-15 09:30:57,424 [d505649b-5973-4d55-8d3f-ba249cb836d3@group-87DF2AC1F3C3-LeaderElection63] INFO  server.RaftServerConfigKeys (ConfUtils.java:logGet(43)) - raft.server.watch.element-limit = 65536 (default)
2019-10-15 09:30:57,426 [d505649b-5973-4d55-8d3f-ba249cb836d3@group-87DF2AC1F3C3-LeaderElection63] INFO  impl.RoleInfo (RoleInfo.java:updateAndGet(143)) - d505649b-5973-4d55-8d3f-ba249cb836d3: start LeaderState
2019-10-15 09:30:57,426 [d505649b-5973-4d55-8d3f-ba249cb836d3@group-87DF2AC1F3C3-LeaderElection63] INFO  segmented.SegmentedRaftLogWorker (SegmentedRaftLogWorker.java:startLogSegment(385)) - d505649b-5973-4d55-8d3f-ba249cb836d3@group-87DF2AC1F3C3-SegmentedRaftLogWorker: Starting segment from index:0
2019-10-15 09:30:57,427 [d505649b-5973-4d55-8d3f-ba249cb836d3@group-87DF2AC1F3C3-LeaderElection63] INFO  impl.RaftServerImpl (ServerState.java:setRaftConf(356)) - d505649b-5973-4d55-8d3f-ba249cb836d3@group-87DF2AC1F3C3: set configuration 0: [d505649b-5973-4d55-8d3f-ba249cb836d3:192.168.5.139:37087], old=null at 0
2019-10-15 09:30:57,457 [Thread-2892] INFO  impl.FollowerState (FollowerState.java:run(108)) - afcd5ebb-a9d9-4a75-8b79-0cd3ce730bd4@group-50A05574CA76-FollowerState: change to CANDIDATE, lastRpcTime:5213ms, electionTimeout:5192ms
2019-10-15 09:30:57,457 [Thread-2892] INFO  impl.RoleInfo (RoleInfo.java:shutdownFollowerState(121)) - afcd5ebb-a9d9-4a75-8b79-0cd3ce730bd4: shutdown FollowerState
2019-10-15 09:30:57,457 [Thread-2892] INFO  impl.RaftServerImpl (RaftServerImpl.java:setRole(170)) - afcd5ebb-a9d9-4a75-8b79-0cd3ce730bd4@group-50A05574CA76: changes role from  FOLLOWER to CANDIDATE at term 0 for changeToCandidate
2019-10-15 09:30:57,457 [Thread-2892] INFO  impl.RoleInfo (RoleInfo.java:updateAndGet(143)) - afcd5ebb-a9d9-4a75-8b79-0cd3ce730bd4: start LeaderElection
2019-10-15 09:30:57,469 [d505649b-5973-4d55-8d3f-ba249cb836d3@group-87DF2AC1F3C3-SegmentedRaftLogWorker] INFO  segmented.SegmentedRaftLogWorker (SegmentedRaftLogWorker.java:execute(574)) - d505649b-5973-4d55-8d3f-ba249cb836d3@group-87DF2AC1F3C3-SegmentedRaftLogWorker: created new log segment /workdir/hadoop-ozone/integration-test/target/test-dir/MiniOzoneClusterImpl-56cf674f-c5b4-4091-81ba-767fb818b5f0/datanode-4/data/ratis/56e4d440-8823-4e7e-b146-87df2ac1f3c3/current/log_inprogress_0
2019-10-15 09:30:57,469 [afcd5ebb-a9d9-4a75-8b79-0cd3ce730bd4@group-50A05574CA76-LeaderElection64] INFO  impl.LeaderElection (LeaderElection.java:askForVotes(178)) - afcd5ebb-a9d9-4a75-8b79-0cd3ce730bd4@group-50A05574CA76-LeaderElection64: begin an election at term 1 for -1: [afcd5ebb-a9d9-4a75-8b79-0cd3ce730bd4:192.168.5.139:35252], old=null
2019-10-15 09:30:57,469 [afcd5ebb-a9d9-4a75-8b79-0cd3ce730bd4@group-50A05574CA76-LeaderElection64] INFO  impl.RoleInfo (RoleInfo.java:shutdownLeaderElection(134)) - afcd5ebb-a9d9-4a75-8b79-0cd3ce730bd4: shutdown LeaderElection
2019-10-15 09:30:57,470 [afcd5ebb-a9d9-4a75-8b79-0cd3ce730bd4@group-50A05574CA76-LeaderElection64] INFO  impl.RaftServerImpl (RaftServerImpl.java:setRole(170)) - afcd5ebb-a9d9-4a75-8b79-0cd3ce730bd4@group-50A05574CA76: changes role from CANDIDATE to LEADER at term 1 for changeToLeader
2019-10-15 09:30:57,470 [afcd5ebb-a9d9-4a75-8b79-0cd3ce730bd4@group-50A05574CA76-LeaderElection64] INFO  impl.RaftServerImpl (ServerState.java:setLeader(255)) - afcd5ebb-a9d9-4a75-8b79-0cd3ce730bd4@group-50A05574CA76: change Leader from null to afcd5ebb-a9d9-4a75-8b79-0cd3ce730bd4 at term 1 for becomeLeader, leader elected after 5235ms
2019-10-15 09:30:57,470 [afcd5ebb-a9d9-4a75-8b79-0cd3ce730bd4@group-50A05574CA76-LeaderElection64] INFO  server.RaftServerConfigKeys (ConfUtils.java:logGet(43)) - raft.server.staging.catchup.gap = 1000 (default)
2019-10-15 09:30:57,470 [afcd5ebb-a9d9-4a75-8b79-0cd3ce730bd4@group-50A05574CA76-LeaderElection64] INFO  server.RaftServerConfigKeys (ConfUtils.java:logGet(43)) - raft.server.rpc.sleep.time = 25ms (default)
2019-10-15 09:30:57,470 [afcd5ebb-a9d9-4a75-8b79-0cd3ce730bd4@group-50A05574CA76-LeaderElection64] INFO  server.RaftServerConfigKeys (ConfUtils.java:logGet(43)) - raft.server.write.element-limit = 4096 (default)
2019-10-15 09:30:57,470 [afcd5ebb-a9d9-4a75-8b79-0cd3ce730bd4@group-50A05574CA76-LeaderElection64] INFO  server.RaftServerConfigKeys (ConfUtils.java:logGet(43)) - raft.server.watch.timeout = 10s (default)
2019-10-15 09:30:57,470 [afcd5ebb-a9d9-4a75-8b79-0cd3ce730bd4@group-50A05574CA76-LeaderElection64] INFO  server.RaftServerConfigKeys (ConfUtils.java:logGet(43)) - raft.server.watch.timeout.denomination = 1s (default)
2019-10-15 09:30:57,471 [afcd5ebb-a9d9-4a75-8b79-0cd3ce730bd4@group-50A05574CA76-LeaderElection64] INFO  server.RaftServerConfigKeys (ConfUtils.java:logGet(43)) - raft.server.watch.element-limit = 65536 (default)
2019-10-15 09:30:57,472 [afcd5ebb-a9d9-4a75-8b79-0cd3ce730bd4@group-50A05574CA76-LeaderElection64] INFO  impl.RoleInfo (RoleInfo.java:updateAndGet(143)) - afcd5ebb-a9d9-4a75-8b79-0cd3ce730bd4: start LeaderState
2019-10-15 09:30:57,473 [afcd5ebb-a9d9-4a75-8b79-0cd3ce730bd4@group-50A05574CA76-LeaderElection64] INFO  segmented.SegmentedRaftLogWorker (SegmentedRaftLogWorker.java:startLogSegment(385)) - afcd5ebb-a9d9-4a75-8b79-0cd3ce730bd4@group-50A05574CA76-SegmentedRaftLogWorker: Starting segment from index:0
2019-10-15 09:30:57,473 [afcd5ebb-a9d9-4a75-8b79-0cd3ce730bd4@group-50A05574CA76-LeaderElection64] INFO  impl.RaftServerImpl (ServerState.java:setRaftConf(356)) - afcd5ebb-a9d9-4a75-8b79-0cd3ce730bd4@group-50A05574CA76: set configuration 0: [afcd5ebb-a9d9-4a75-8b79-0cd3ce730bd4:192.168.5.139:35252], old=null at 0
2019-10-15 09:30:57,511 [Thread-2898] INFO  impl.FollowerState (FollowerState.java:run(108)) - d505649b-5973-4d55-8d3f-ba249cb836d3@group-83E76FEE22C4-FollowerState: change to CANDIDATE, lastRpcTime:5167ms, electionTimeout:5166ms
2019-10-15 09:30:57,511 [Thread-2894] INFO  impl.FollowerState (FollowerState.java:run(108)) - afcd5ebb-a9d9-4a75-8b79-0cd3ce730bd4@group-83E76FEE22C4-FollowerState: change to CANDIDATE, lastRpcTime:5224ms, electionTimeout:5196ms
2019-10-15 09:30:57,511 [Thread-2898] INFO  impl.RoleInfo (RoleInfo.java:shutdownFollowerState(121)) - d505649b-5973-4d55-8d3f-ba249cb836d3: shutdown FollowerState
2019-10-15 09:30:57,511 [Thread-2894] INFO  impl.RoleInfo (RoleInfo.java:shutdownFollowerState(121)) - afcd5ebb-a9d9-4a75-8b79-0cd3ce730bd4: shutdown FollowerState
2019-10-15 09:30:57,511 [Thread-2898] INFO  impl.RaftServerImpl (RaftServerImpl.java:setRole(170)) - d505649b-5973-4d55-8d3f-ba249cb836d3@group-83E76FEE22C4: changes role from  FOLLOWER to CANDIDATE at term 0 for changeToCandidate
2019-10-15 09:30:57,511 [Thread-2894] INFO  impl.RaftServerImpl (RaftServerImpl.java:setRole(170)) - afcd5ebb-a9d9-4a75-8b79-0cd3ce730bd4@group-83E76FEE22C4: changes role from  FOLLOWER to CANDIDATE at term 0 for changeToCandidate
2019-10-15 09:30:57,511 [Thread-2898] INFO  impl.RoleInfo (RoleInfo.java:updateAndGet(143)) - d505649b-5973-4d55-8d3f-ba249cb836d3: start LeaderElection
2019-10-15 09:30:57,511 [Thread-2894] INFO  impl.RoleInfo (RoleInfo.java:updateAndGet(143)) - afcd5ebb-a9d9-4a75-8b79-0cd3ce730bd4: start LeaderElection
2019-10-15 09:30:57,515 [Thread-2904] INFO  impl.FollowerState (FollowerState.java:run(108)) - 0264c470-949b-4993-b795-3095d2449e18@group-E34DB59A4B2C-FollowerState: change to CANDIDATE, lastRpcTime:5077ms, electionTimeout:5074ms
2019-10-15 09:30:57,519 [Thread-2904] INFO  impl.RoleInfo (RoleInfo.java:shutdownFollowerState(121)) - 0264c470-949b-4993-b795-3095d2449e18: shutdown FollowerState
2019-10-15 09:30:57,519 [Thread-2904] INFO  impl.RaftServerImpl (RaftServerImpl.java:setRole(170)) - 0264c470-949b-4993-b795-3095d2449e18@group-E34DB59A4B2C: changes role from  FOLLOWER to CANDIDATE at term 0 for changeToCandidate
2019-10-15 09:30:57,519 [Thread-2904] INFO  impl.RoleInfo (RoleInfo.java:updateAndGet(143)) - 0264c470-949b-4993-b795-3095d2449e18: start LeaderElection
2019-10-15 09:30:57,524 [afcd5ebb-a9d9-4a75-8b79-0cd3ce730bd4@group-50A05574CA76-SegmentedRaftLogWorker] INFO  segmented.SegmentedRaftLogWorker (SegmentedRaftLogWorker.java:execute(574)) - afcd5ebb-a9d9-4a75-8b79-0cd3ce730bd4@group-50A05574CA76-SegmentedRaftLogWorker: created new log segment /workdir/hadoop-ozone/integration-test/target/test-dir/MiniOzoneClusterImpl-56cf674f-c5b4-4091-81ba-767fb818b5f0/datanode-3/data/ratis/7bdc9e31-807c-45ac-b9b3-50a05574ca76/current/log_inprogress_0
2019-10-15 09:30:57,524 [afcd5ebb-a9d9-4a75-8b79-0cd3ce730bd4@group-83E76FEE22C4-LeaderElection66] INFO  impl.LeaderElection (LeaderElection.java:askForVotes(178)) - afcd5ebb-a9d9-4a75-8b79-0cd3ce730bd4@group-83E76FEE22C4-LeaderElection66: begin an election at term 1 for -1: [d505649b-5973-4d55-8d3f-ba249cb836d3:192.168.5.139:37087, afcd5ebb-a9d9-4a75-8b79-0cd3ce730bd4:192.168.5.139:35252, 7f7ba54c-1c2f-4142-941c-848476af84b1:192.168.5.139:41543], old=null
2019-10-15 09:30:57,524 [d505649b-5973-4d55-8d3f-ba249cb836d3@group-83E76FEE22C4-LeaderElection65] INFO  impl.LeaderElection (LeaderElection.java:askForVotes(178)) - d505649b-5973-4d55-8d3f-ba249cb836d3@group-83E76FEE22C4-LeaderElection65: begin an election at term 1 for -1: [d505649b-5973-4d55-8d3f-ba249cb836d3:192.168.5.139:37087, afcd5ebb-a9d9-4a75-8b79-0cd3ce730bd4:192.168.5.139:35252, 7f7ba54c-1c2f-4142-941c-848476af84b1:192.168.5.139:41543], old=null
2019-10-15 09:30:57,525 [Thread-2902] INFO  impl.FollowerState (FollowerState.java:run(108)) - 7f7ba54c-1c2f-4142-941c-848476af84b1@group-83E76FEE22C4-FollowerState: change to CANDIDATE, lastRpcTime:5135ms, electionTimeout:5135ms
2019-10-15 09:30:57,526 [Thread-2902] INFO  impl.RoleInfo (RoleInfo.java:shutdownFollowerState(121)) - 7f7ba54c-1c2f-4142-941c-848476af84b1: shutdown FollowerState
2019-10-15 09:30:57,526 [Thread-2902] INFO  impl.RaftServerImpl (RaftServerImpl.java:setRole(170)) - 7f7ba54c-1c2f-4142-941c-848476af84b1@group-83E76FEE22C4: changes role from  FOLLOWER to CANDIDATE at term 0 for changeToCandidate
2019-10-15 09:30:57,526 [Thread-2902] INFO  impl.RoleInfo (RoleInfo.java:updateAndGet(143)) - 7f7ba54c-1c2f-4142-941c-848476af84b1: start LeaderElection
2019-10-15 09:30:57,529 [Thread-2900] INFO  impl.FollowerState (FollowerState.java:run(108)) - 7f7ba54c-1c2f-4142-941c-848476af84b1@group-827FFB4A23C1-FollowerState: change to CANDIDATE, lastRpcTime:5157ms, electionTimeout:5157ms
2019-10-15 09:30:57,529 [Thread-2900] INFO  impl.RoleInfo (RoleInfo.java:shutdownFollowerState(121)) - 7f7ba54c-1c2f-4142-941c-848476af84b1: shutdown FollowerState
2019-10-15 09:30:57,529 [Thread-2900] INFO  impl.RaftServerImpl (RaftServerImpl.java:setRole(170)) - 7f7ba54c-1c2f-4142-941c-848476af84b1@group-827FFB4A23C1: changes role from  FOLLOWER to CANDIDATE at term 0 for changeToCandidate
2019-10-15 09:30:57,530 [Thread-2900] INFO  impl.RoleInfo (RoleInfo.java:updateAndGet(143)) - 7f7ba54c-1c2f-4142-941c-848476af84b1: start LeaderElection
2019-10-15 09:30:57,530 [0264c470-949b-4993-b795-3095d2449e18@group-E34DB59A4B2C-LeaderElection67] INFO  impl.LeaderElection (LeaderElection.java:askForVotes(178)) - 0264c470-949b-4993-b795-3095d2449e18@group-E34DB59A4B2C-LeaderElection67: begin an election at term 1 for -1: [0264c470-949b-4993-b795-3095d2449e18:192.168.5.139:36943], old=null
2019-10-15 09:30:57,533 [0264c470-949b-4993-b795-3095d2449e18@group-E34DB59A4B2C-LeaderElection67] INFO  impl.RoleInfo (RoleInfo.java:shutdownLeaderElection(134)) - 0264c470-949b-4993-b795-3095d2449e18: shutdown LeaderElection
2019-10-15 09:30:57,533 [0264c470-949b-4993-b795-3095d2449e18@group-E34DB59A4B2C-LeaderElection67] INFO  impl.RaftServerImpl (RaftServerImpl.java:setRole(170)) - 0264c470-949b-4993-b795-3095d2449e18@group-E34DB59A4B2C: changes role from CANDIDATE to LEADER at term 1 for changeToLeader
2019-10-15 09:30:57,539 [0264c470-949b-4993-b795-3095d2449e18@group-E34DB59A4B2C-LeaderElection67] INFO  impl.RaftServerImpl (ServerState.java:setLeader(255)) - 0264c470-949b-4993-b795-3095d2449e18@group-E34DB59A4B2C: change Leader from null to 0264c470-949b-4993-b795-3095d2449e18 at term 1 for becomeLeader, leader elected after 5107ms
2019-10-15 09:30:57,539 [0264c470-949b-4993-b795-3095d2449e18@group-E34DB59A4B2C-LeaderElection67] INFO  server.RaftServerConfigKeys (ConfUtils.java:logGet(43)) - raft.server.staging.catchup.gap = 1000 (default)
2019-10-15 09:30:57,540 [0264c470-949b-4993-b795-3095d2449e18@group-E34DB59A4B2C-LeaderElection67] INFO  server.RaftServerConfigKeys (ConfUtils.java:logGet(43)) - raft.server.rpc.sleep.time = 25ms (default)
2019-10-15 09:30:57,540 [0264c470-949b-4993-b795-3095d2449e18@group-E34DB59A4B2C-LeaderElection67] INFO  server.RaftServerConfigKeys (ConfUtils.java:logGet(43)) - raft.server.write.element-limit = 4096 (default)
2019-10-15 09:30:57,540 [0264c470-949b-4993-b795-3095d2449e18@group-E34DB59A4B2C-LeaderElection67] INFO  server.RaftServerConfigKeys (ConfUtils.java:logGet(43)) - raft.server.watch.timeout = 10s (default)
2019-10-15 09:30:57,540 [0264c470-949b-4993-b795-3095d2449e18@group-E34DB59A4B2C-LeaderElection67] INFO  server.RaftServerConfigKeys (ConfUtils.java:logGet(43)) - raft.server.watch.timeout.denomination = 1s (default)
2019-10-15 09:30:57,543 [0264c470-949b-4993-b795-3095d2449e18@group-E34DB59A4B2C-LeaderElection67] INFO  server.RaftServerConfigKeys (ConfUtils.java:logGet(43)) - raft.server.watch.element-limit = 65536 (default)
2019-10-15 09:30:57,556 [7f7ba54c-1c2f-4142-941c-848476af84b1@group-827FFB4A23C1-LeaderElection69] INFO  impl.LeaderElection (LeaderElection.java:askForVotes(178)) - 7f7ba54c-1c2f-4142-941c-848476af84b1@group-827FFB4A23C1-LeaderElection69: begin an election at term 1 for -1: [7f7ba54c-1c2f-4142-941c-848476af84b1:192.168.5.139:41543], old=null
2019-10-15 09:30:57,556 [7f7ba54c-1c2f-4142-941c-848476af84b1@group-83E76FEE22C4-LeaderElection68] INFO  impl.LeaderElection (LeaderElection.java:askForVotes(178)) - 7f7ba54c-1c2f-4142-941c-848476af84b1@group-83E76FEE22C4-LeaderElection68: begin an election at term 1 for -1: [d505649b-5973-4d55-8d3f-ba249cb836d3:192.168.5.139:37087, afcd5ebb-a9d9-4a75-8b79-0cd3ce730bd4:192.168.5.139:35252, 7f7ba54c-1c2f-4142-941c-848476af84b1:192.168.5.139:41543], old=null
2019-10-15 09:30:57,559 [7f7ba54c-1c2f-4142-941c-848476af84b1@group-827FFB4A23C1-LeaderElection69] INFO  impl.RoleInfo (RoleInfo.java:shutdownLeaderElection(134)) - 7f7ba54c-1c2f-4142-941c-848476af84b1: shutdown LeaderElection
2019-10-15 09:30:57,559 [7f7ba54c-1c2f-4142-941c-848476af84b1@group-827FFB4A23C1-LeaderElection69] INFO  impl.RaftServerImpl (RaftServerImpl.java:setRole(170)) - 7f7ba54c-1c2f-4142-941c-848476af84b1@group-827FFB4A23C1: changes role from CANDIDATE to LEADER at term 1 for changeToLeader
2019-10-15 09:30:57,559 [7f7ba54c-1c2f-4142-941c-848476af84b1@group-827FFB4A23C1-LeaderElection69] INFO  impl.RaftServerImpl (ServerState.java:setLeader(255)) - 7f7ba54c-1c2f-4142-941c-848476af84b1@group-827FFB4A23C1: change Leader from null to 7f7ba54c-1c2f-4142-941c-848476af84b1 at term 1 for becomeLeader, leader elected after 5193ms
2019-10-15 09:30:57,559 [0264c470-949b-4993-b795-3095d2449e18@group-E34DB59A4B2C-LeaderElection67] INFO  impl.RoleInfo (RoleInfo.java:updateAndGet(143)) - 0264c470-949b-4993-b795-3095d2449e18: start LeaderState
2019-10-15 09:30:57,560 [d505649b-5973-4d55-8d3f-ba249cb836d3@group-83E76FEE22C4-LeaderElection65] INFO  impl.LeaderElection (LeaderElection.java:logAndReturn(56)) - d505649b-5973-4d55-8d3f-ba249cb836d3@group-83E76FEE22C4-LeaderElection65: Election REJECTED; received 2 response(s) [d505649b-5973-4d55-8d3f-ba249cb836d3<-afcd5ebb-a9d9-4a75-8b79-0cd3ce730bd4#0:FAIL-t1, d505649b-5973-4d55-8d3f-ba249cb836d3<-7f7ba54c-1c2f-4142-941c-848476af84b1#0:FAIL-t1] and 0 exception(s); d505649b-5973-4d55-8d3f-ba249cb836d3@group-83E76FEE22C4:t1, leader=null, voted=d505649b-5973-4d55-8d3f-ba249cb836d3, raftlog=d505649b-5973-4d55-8d3f-ba249cb836d3@group-83E76FEE22C4-SegmentedRaftLog:OPENED:c-1,f-1,i0, conf=-1: [d505649b-5973-4d55-8d3f-ba249cb836d3:192.168.5.139:37087, afcd5ebb-a9d9-4a75-8b79-0cd3ce730bd4:192.168.5.139:35252, 7f7ba54c-1c2f-4142-941c-848476af84b1:192.168.5.139:41543], old=null
2019-10-15 09:30:57,560 [7f7ba54c-1c2f-4142-941c-848476af84b1@group-827FFB4A23C1-LeaderElection69] INFO  server.RaftServerConfigKeys (ConfUtils.java:logGet(43)) - raft.server.staging.catchup.gap = 1000 (default)
2019-10-15 09:30:57,563 [0264c470-949b-4993-b795-3095d2449e18@group-E34DB59A4B2C-LeaderElection67] INFO  segmented.SegmentedRaftLogWorker (SegmentedRaftLogWorker.java:startLogSegment(385)) - 0264c470-949b-4993-b795-3095d2449e18@group-E34DB59A4B2C-SegmentedRaftLogWorker: Starting segment from index:0
2019-10-15 09:30:57,563 [d505649b-5973-4d55-8d3f-ba249cb836d3@group-83E76FEE22C4-LeaderElection65] INFO  impl.RaftServerImpl (RaftServerImpl.java:setRole(170)) - d505649b-5973-4d55-8d3f-ba249cb836d3@group-83E76FEE22C4: changes role from CANDIDATE to FOLLOWER at term 1 for DISCOVERED_A_NEW_TERM
2019-10-15 09:30:57,563 [afcd5ebb-a9d9-4a75-8b79-0cd3ce730bd4@group-83E76FEE22C4-LeaderElection66] INFO  impl.LeaderElection (LeaderElection.java:logAndReturn(56)) - afcd5ebb-a9d9-4a75-8b79-0cd3ce730bd4@group-83E76FEE22C4-LeaderElection66: Election REJECTED; received 2 response(s) [afcd5ebb-a9d9-4a75-8b79-0cd3ce730bd4<-d505649b-5973-4d55-8d3f-ba249cb836d3#0:FAIL-t1, afcd5ebb-a9d9-4a75-8b79-0cd3ce730bd4<-7f7ba54c-1c2f-4142-941c-848476af84b1#0:FAIL-t1] and 0 exception(s); afcd5ebb-a9d9-4a75-8b79-0cd3ce730bd4@group-83E76FEE22C4:t1, leader=null, voted=afcd5ebb-a9d9-4a75-8b79-0cd3ce730bd4, raftlog=afcd5ebb-a9d9-4a75-8b79-0cd3ce730bd4@group-83E76FEE22C4-SegmentedRaftLog:OPENED:c-1,f-1,i0, conf=-1: [d505649b-5973-4d55-8d3f-ba249cb836d3:192.168.5.139:37087, afcd5ebb-a9d9-4a75-8b79-0cd3ce730bd4:192.168.5.139:35252, 7f7ba54c-1c2f-4142-941c-848476af84b1:192.168.5.139:41543], old=null
2019-10-15 09:30:57,563 [7f7ba54c-1c2f-4142-941c-848476af84b1@group-827FFB4A23C1-LeaderElection69] INFO  server.RaftServerConfigKeys (ConfUtils.java:logGet(43)) - raft.server.rpc.sleep.time = 25ms (default)
2019-10-15 09:30:57,566 [0264c470-949b-4993-b795-3095d2449e18@group-E34DB59A4B2C-LeaderElection67] INFO  impl.RaftServerImpl (ServerState.java:setRaftConf(356)) - 0264c470-949b-4993-b795-3095d2449e18@group-E34DB59A4B2C: set configuration 0: [0264c470-949b-4993-b795-3095d2449e18:192.168.5.139:36943], old=null at 0
2019-10-15 09:30:57,566 [d505649b-5973-4d55-8d3f-ba249cb836d3@group-83E76FEE22C4-LeaderElection65] INFO  impl.RoleInfo (RoleInfo.java:shutdownLeaderElection(134)) - d505649b-5973-4d55-8d3f-ba249cb836d3: shutdown LeaderElection
2019-10-15 09:30:57,603 [afcd5ebb-a9d9-4a75-8b79-0cd3ce730bd4@group-83E76FEE22C4-LeaderElection66] INFO  impl.RaftServerImpl (RaftServerImpl.java:setRole(170)) - afcd5ebb-a9d9-4a75-8b79-0cd3ce730bd4@group-83E76FEE22C4: changes role from CANDIDATE to FOLLOWER at term 1 for DISCOVERED_A_NEW_TERM
2019-10-15 09:30:57,606 [7f7ba54c-1c2f-4142-941c-848476af84b1@group-827FFB4A23C1-LeaderElection69] INFO  server.RaftServerConfigKeys (ConfUtils.java:logGet(43)) - raft.server.write.element-limit = 4096 (default)
2019-10-15 09:30:57,606 [afcd5ebb-a9d9-4a75-8b79-0cd3ce730bd4@group-83E76FEE22C4-LeaderElection66] INFO  impl.RoleInfo (RoleInfo.java:shutdownLeaderElection(134)) - afcd5ebb-a9d9-4a75-8b79-0cd3ce730bd4: shutdown LeaderElection
2019-10-15 09:30:57,606 [d505649b-5973-4d55-8d3f-ba249cb836d3@group-83E76FEE22C4-LeaderElection65] INFO  impl.RoleInfo (RoleInfo.java:updateAndGet(143)) - d505649b-5973-4d55-8d3f-ba249cb836d3: start FollowerState
2019-10-15 09:30:57,610 [afcd5ebb-a9d9-4a75-8b79-0cd3ce730bd4@group-83E76FEE22C4-LeaderElection66] INFO  impl.RoleInfo (RoleInfo.java:updateAndGet(143)) - afcd5ebb-a9d9-4a75-8b79-0cd3ce730bd4: start FollowerState
2019-10-15 09:30:57,610 [0264c470-949b-4993-b795-3095d2449e18@group-E34DB59A4B2C-SegmentedRaftLogWorker] INFO  segmented.SegmentedRaftLogWorker (SegmentedRaftLogWorker.java:execute(574)) - 0264c470-949b-4993-b795-3095d2449e18@group-E34DB59A4B2C-SegmentedRaftLogWorker: created new log segment /workdir/hadoop-ozone/integration-test/target/test-dir/MiniOzoneClusterImpl-56cf674f-c5b4-4091-81ba-767fb818b5f0/datanode-6/data/ratis/de4384e1-d16c-435f-ab9c-e34db59a4b2c/current/log_inprogress_0
2019-10-15 09:30:57,610 [7f7ba54c-1c2f-4142-941c-848476af84b1@group-827FFB4A23C1-LeaderElection69] INFO  server.RaftServerConfigKeys (ConfUtils.java:logGet(43)) - raft.server.watch.timeout = 10s (default)
2019-10-15 09:30:57,610 [7f7ba54c-1c2f-4142-941c-848476af84b1@group-827FFB4A23C1-LeaderElection69] INFO  server.RaftServerConfigKeys (ConfUtils.java:logGet(43)) - raft.server.watch.timeout.denomination = 1s (default)
2019-10-15 09:30:57,611 [7f7ba54c-1c2f-4142-941c-848476af84b1@group-827FFB4A23C1-LeaderElection69] INFO  server.RaftServerConfigKeys (ConfUtils.java:logGet(43)) - raft.server.watch.element-limit = 65536 (default)
2019-10-15 09:30:57,617 [7f7ba54c-1c2f-4142-941c-848476af84b1@group-83E76FEE22C4-LeaderElection68] INFO  impl.LeaderElection (LeaderElection.java:logAndReturn(56)) - 7f7ba54c-1c2f-4142-941c-848476af84b1@group-83E76FEE22C4-LeaderElection68: Election REJECTED; received 2 response(s) [7f7ba54c-1c2f-4142-941c-848476af84b1<-d505649b-5973-4d55-8d3f-ba249cb836d3#0:FAIL-t1, 7f7ba54c-1c2f-4142-941c-848476af84b1<-afcd5ebb-a9d9-4a75-8b79-0cd3ce730bd4#0:FAIL-t1] and 0 exception(s); 7f7ba54c-1c2f-4142-941c-848476af84b1@group-83E76FEE22C4:t1, leader=null, voted=7f7ba54c-1c2f-4142-941c-848476af84b1, raftlog=7f7ba54c-1c2f-4142-941c-848476af84b1@group-83E76FEE22C4-SegmentedRaftLog:OPENED:c-1,f-1,i0, conf=-1: [d505649b-5973-4d55-8d3f-ba249cb836d3:192.168.5.139:37087, afcd5ebb-a9d9-4a75-8b79-0cd3ce730bd4:192.168.5.139:35252, 7f7ba54c-1c2f-4142-941c-848476af84b1:192.168.5.139:41543], old=null
2019-10-15 09:30:57,618 [7f7ba54c-1c2f-4142-941c-848476af84b1@group-83E76FEE22C4-LeaderElection68] INFO  impl.RaftServerImpl (RaftServerImpl.java:setRole(170)) - 7f7ba54c-1c2f-4142-941c-848476af84b1@group-83E76FEE22C4: changes role from CANDIDATE to FOLLOWER at term 1 for DISCOVERED_A_NEW_TERM
2019-10-15 09:30:57,618 [7f7ba54c-1c2f-4142-941c-848476af84b1@group-83E76FEE22C4-LeaderElection68] INFO  impl.RoleInfo (RoleInfo.java:shutdownLeaderElection(134)) - 7f7ba54c-1c2f-4142-941c-848476af84b1: shutdown LeaderElection
2019-10-15 09:30:57,618 [7f7ba54c-1c2f-4142-941c-848476af84b1@group-83E76FEE22C4-LeaderElection68] INFO  impl.RoleInfo (RoleInfo.java:updateAndGet(143)) - 7f7ba54c-1c2f-4142-941c-848476af84b1: start FollowerState
2019-10-15 09:30:57,619 [7f7ba54c-1c2f-4142-941c-848476af84b1@group-827FFB4A23C1-LeaderElection69] INFO  impl.RoleInfo (RoleInfo.java:updateAndGet(143)) - 7f7ba54c-1c2f-4142-941c-848476af84b1: start LeaderState
2019-10-15 09:30:57,622 [7f7ba54c-1c2f-4142-941c-848476af84b1@group-827FFB4A23C1-LeaderElection69] INFO  segmented.SegmentedRaftLogWorker (SegmentedRaftLogWorker.java:startLogSegment(385)) - 7f7ba54c-1c2f-4142-941c-848476af84b1@group-827FFB4A23C1-SegmentedRaftLogWorker: Starting segment from index:0
2019-10-15 09:30:57,622 [7f7ba54c-1c2f-4142-941c-848476af84b1@group-827FFB4A23C1-LeaderElection69] INFO  impl.RaftServerImpl (ServerState.java:setRaftConf(356)) - 7f7ba54c-1c2f-4142-941c-848476af84b1@group-827FFB4A23C1: set configuration 0: [7f7ba54c-1c2f-4142-941c-848476af84b1:192.168.5.139:41543], old=null at 0
2019-10-15 09:30:57,657 [7f7ba54c-1c2f-4142-941c-848476af84b1@group-827FFB4A23C1-SegmentedRaftLogWorker] INFO  segmented.SegmentedRaftLogWorker (SegmentedRaftLogWorker.java:execute(574)) - 7f7ba54c-1c2f-4142-941c-848476af84b1@group-827FFB4A23C1-SegmentedRaftLogWorker: created new log segment /workdir/hadoop-ozone/integration-test/target/test-dir/MiniOzoneClusterImpl-56cf674f-c5b4-4091-81ba-767fb818b5f0/datanode-5/data/ratis/6d57e35e-b045-4f1d-92a6-827ffb4a23c1/current/log_inprogress_0
2019-10-15 09:30:58,091 [EventQueue-OpenPipelineForOneReplicaPipelineSafeModeRule] INFO  safemode.SCMSafeModeManager (SCMSafeModeManager.java:exitSafeMode(211)) - SCM exiting safe mode.
2019-10-15 09:30:58,091 [Thread-2906] INFO  container.ReplicationManager (ReplicationManager.java:start(162)) - Starting Replication Monitor Thread.
2019-10-15 09:30:58,095 [ReplicationMonitor] INFO  container.ReplicationManager (ReplicationManager.java:run(225)) - Replication Monitor Thread took 1 milliseconds for processing 1 containers.
2019-10-15 09:31:01,092 [Thread-2957] INFO  container.ReplicationManager (ReplicationManager.java:start(169)) - Replication Monitor Thread is already running.
2019-10-15 09:31:02,645 [Thread-2954] INFO  impl.FollowerState (FollowerState.java:run(108)) - d505649b-5973-4d55-8d3f-ba249cb836d3@group-83E76FEE22C4-FollowerState: change to CANDIDATE, lastRpcTime:5039ms, electionTimeout:5035ms
2019-10-15 09:31:02,646 [Thread-2954] INFO  impl.RoleInfo (RoleInfo.java:shutdownFollowerState(121)) - d505649b-5973-4d55-8d3f-ba249cb836d3: shutdown FollowerState
2019-10-15 09:31:02,646 [Thread-2954] INFO  impl.RaftServerImpl (RaftServerImpl.java:setRole(170)) - d505649b-5973-4d55-8d3f-ba249cb836d3@group-83E76FEE22C4: changes role from  FOLLOWER to CANDIDATE at term 1 for changeToCandidate
2019-10-15 09:31:02,646 [Thread-2954] INFO  impl.RoleInfo (RoleInfo.java:updateAndGet(143)) - d505649b-5973-4d55-8d3f-ba249cb836d3: start LeaderElection
2019-10-15 09:31:02,651 [Thread-2955] INFO  impl.FollowerState (FollowerState.java:run(108)) - afcd5ebb-a9d9-4a75-8b79-0cd3ce730bd4@group-83E76FEE22C4-FollowerState: change to CANDIDATE, lastRpcTime:5041ms, electionTimeout:5041ms
2019-10-15 09:31:02,652 [Thread-2955] INFO  impl.RoleInfo (RoleInfo.java:shutdownFollowerState(121)) - afcd5ebb-a9d9-4a75-8b79-0cd3ce730bd4: shutdown FollowerState
2019-10-15 09:31:02,652 [Thread-2955] INFO  impl.RaftServerImpl (RaftServerImpl.java:setRole(170)) - afcd5ebb-a9d9-4a75-8b79-0cd3ce730bd4@group-83E76FEE22C4: changes role from  FOLLOWER to CANDIDATE at term 1 for changeToCandidate
2019-10-15 09:31:02,652 [Thread-2955] INFO  impl.RoleInfo (RoleInfo.java:updateAndGet(143)) - afcd5ebb-a9d9-4a75-8b79-0cd3ce730bd4: start LeaderElection
2019-10-15 09:31:02,677 [d505649b-5973-4d55-8d3f-ba249cb836d3@group-83E76FEE22C4-LeaderElection70] INFO  impl.LeaderElection (LeaderElection.java:askForVotes(178)) - d505649b-5973-4d55-8d3f-ba249cb836d3@group-83E76FEE22C4-LeaderElection70: begin an election at term 2 for -1: [d505649b-5973-4d55-8d3f-ba249cb836d3:192.168.5.139:37087, afcd5ebb-a9d9-4a75-8b79-0cd3ce730bd4:192.168.5.139:35252, 7f7ba54c-1c2f-4142-941c-848476af84b1:192.168.5.139:41543], old=null
2019-10-15 09:31:02,677 [afcd5ebb-a9d9-4a75-8b79-0cd3ce730bd4@group-83E76FEE22C4-LeaderElection71] INFO  impl.LeaderElection (LeaderElection.java:askForVotes(178)) - afcd5ebb-a9d9-4a75-8b79-0cd3ce730bd4@group-83E76FEE22C4-LeaderElection71: begin an election at term 2 for -1: [d505649b-5973-4d55-8d3f-ba249cb836d3:192.168.5.139:37087, afcd5ebb-a9d9-4a75-8b79-0cd3ce730bd4:192.168.5.139:35252, 7f7ba54c-1c2f-4142-941c-848476af84b1:192.168.5.139:41543], old=null
2019-10-15 09:31:02,684 [grpc-default-executor-15] INFO  impl.RaftServerImpl (RaftServerImpl.java:setRole(170)) - 7f7ba54c-1c2f-4142-941c-848476af84b1@group-83E76FEE22C4: changes role from  FOLLOWER to FOLLOWER at term 2 for recognizeCandidate:afcd5ebb-a9d9-4a75-8b79-0cd3ce730bd4
2019-10-15 09:31:02,685 [grpc-default-executor-15] INFO  impl.RoleInfo (RoleInfo.java:shutdownFollowerState(121)) - 7f7ba54c-1c2f-4142-941c-848476af84b1: shutdown FollowerState
2019-10-15 09:31:02,685 [grpc-default-executor-15] INFO  impl.RoleInfo (RoleInfo.java:updateAndGet(143)) - 7f7ba54c-1c2f-4142-941c-848476af84b1: start FollowerState
2019-10-15 09:31:02,685 [Thread-2956] INFO  impl.FollowerState (FollowerState.java:run(117)) - 7f7ba54c-1c2f-4142-941c-848476af84b1@group-83E76FEE22C4-FollowerState was interrupted: java.lang.InterruptedException: sleep interrupted
2019-10-15 09:31:02,714 [afcd5ebb-a9d9-4a75-8b79-0cd3ce730bd4@group-83E76FEE22C4-LeaderElection71] INFO  impl.LeaderElection (LeaderElection.java:logAndReturn(56)) - afcd5ebb-a9d9-4a75-8b79-0cd3ce730bd4@group-83E76FEE22C4-LeaderElection71: Election PASSED; received 2 response(s) [afcd5ebb-a9d9-4a75-8b79-0cd3ce730bd4<-d505649b-5973-4d55-8d3f-ba249cb836d3#0:FAIL-t2, afcd5ebb-a9d9-4a75-8b79-0cd3ce730bd4<-7f7ba54c-1c2f-4142-941c-848476af84b1#0:OK-t2] and 0 exception(s); afcd5ebb-a9d9-4a75-8b79-0cd3ce730bd4@group-83E76FEE22C4:t2, leader=null, voted=afcd5ebb-a9d9-4a75-8b79-0cd3ce730bd4, raftlog=afcd5ebb-a9d9-4a75-8b79-0cd3ce730bd4@group-83E76FEE22C4-SegmentedRaftLog:OPENED:c-1,f-1,i0, conf=-1: [d505649b-5973-4d55-8d3f-ba249cb836d3:192.168.5.139:37087, afcd5ebb-a9d9-4a75-8b79-0cd3ce730bd4:192.168.5.139:35252, 7f7ba54c-1c2f-4142-941c-848476af84b1:192.168.5.139:41543], old=null
2019-10-15 09:31:02,714 [d505649b-5973-4d55-8d3f-ba249cb836d3@group-83E76FEE22C4-LeaderElection70] INFO  impl.LeaderElection (LeaderElection.java:logAndReturn(56)) - d505649b-5973-4d55-8d3f-ba249cb836d3@group-83E76FEE22C4-LeaderElection70: Election REJECTED; received 2 response(s) [d505649b-5973-4d55-8d3f-ba249cb836d3<-afcd5ebb-a9d9-4a75-8b79-0cd3ce730bd4#0:FAIL-t2, d505649b-5973-4d55-8d3f-ba249cb836d3<-7f7ba54c-1c2f-4142-941c-848476af84b1#0:FAIL-t2] and 0 exception(s); d505649b-5973-4d55-8d3f-ba249cb836d3@group-83E76FEE22C4:t2, leader=null, voted=d505649b-5973-4d55-8d3f-ba249cb836d3, raftlog=d505649b-5973-4d55-8d3f-ba249cb836d3@group-83E76FEE22C4-SegmentedRaftLog:OPENED:c-1,f-1,i0, conf=-1: [d505649b-5973-4d55-8d3f-ba249cb836d3:192.168.5.139:37087, afcd5ebb-a9d9-4a75-8b79-0cd3ce730bd4:192.168.5.139:35252, 7f7ba54c-1c2f-4142-941c-848476af84b1:192.168.5.139:41543], old=null
2019-10-15 09:31:02,715 [afcd5ebb-a9d9-4a75-8b79-0cd3ce730bd4@group-83E76FEE22C4-LeaderElection71] INFO  impl.RoleInfo (RoleInfo.java:shutdownLeaderElection(134)) - afcd5ebb-a9d9-4a75-8b79-0cd3ce730bd4: shutdown LeaderElection
2019-10-15 09:31:02,715 [d505649b-5973-4d55-8d3f-ba249cb836d3@group-83E76FEE22C4-LeaderElection70] INFO  impl.RaftServerImpl (RaftServerImpl.java:setRole(170)) - d505649b-5973-4d55-8d3f-ba249cb836d3@group-83E76FEE22C4: changes role from CANDIDATE to FOLLOWER at term 2 for DISCOVERED_A_NEW_TERM
2019-10-15 09:31:02,718 [afcd5ebb-a9d9-4a75-8b79-0cd3ce730bd4@group-83E76FEE22C4-LeaderElection71] INFO  impl.RaftServerImpl (RaftServerImpl.java:setRole(170)) - afcd5ebb-a9d9-4a75-8b79-0cd3ce730bd4@group-83E76FEE22C4: changes role from CANDIDATE to LEADER at term 2 for changeToLeader
2019-10-15 09:31:02,719 [d505649b-5973-4d55-8d3f-ba249cb836d3@group-83E76FEE22C4-LeaderElection70] INFO  impl.RoleInfo (RoleInfo.java:shutdownLeaderElection(134)) - d505649b-5973-4d55-8d3f-ba249cb836d3: shutdown LeaderElection
2019-10-15 09:31:02,719 [afcd5ebb-a9d9-4a75-8b79-0cd3ce730bd4@group-83E76FEE22C4-LeaderElection71] INFO  impl.RaftServerImpl (ServerState.java:setLeader(255)) - afcd5ebb-a9d9-4a75-8b79-0cd3ce730bd4@group-83E76FEE22C4: change Leader from null to afcd5ebb-a9d9-4a75-8b79-0cd3ce730bd4 at term 2 for becomeLeader, leader elected after 10437ms
2019-10-15 09:31:02,719 [d505649b-5973-4d55-8d3f-ba249cb836d3@group-83E76FEE22C4-LeaderElection70] INFO  impl.RoleInfo (RoleInfo.java:updateAndGet(143)) - d505649b-5973-4d55-8d3f-ba249cb836d3: start FollowerState
2019-10-15 09:31:02,719 [afcd5ebb-a9d9-4a75-8b79-0cd3ce730bd4@group-83E76FEE22C4-LeaderElection71] INFO  server.RaftServerConfigKeys (ConfUtils.java:logGet(43)) - raft.server.staging.catchup.gap = 1000 (default)
2019-10-15 09:31:02,719 [afcd5ebb-a9d9-4a75-8b79-0cd3ce730bd4@group-83E76FEE22C4-LeaderElection71] INFO  server.RaftServerConfigKeys (ConfUtils.java:logGet(43)) - raft.server.rpc.sleep.time = 25ms (default)
2019-10-15 09:31:02,719 [afcd5ebb-a9d9-4a75-8b79-0cd3ce730bd4@group-83E76FEE22C4-LeaderElection71] INFO  server.RaftServerConfigKeys (ConfUtils.java:logGet(43)) - raft.server.write.element-limit = 4096 (default)
2019-10-15 09:31:02,720 [afcd5ebb-a9d9-4a75-8b79-0cd3ce730bd4@group-83E76FEE22C4-LeaderElection71] INFO  server.RaftServerConfigKeys (ConfUtils.java:logGet(43)) - raft.server.watch.timeout = 10s (default)
2019-10-15 09:31:02,720 [afcd5ebb-a9d9-4a75-8b79-0cd3ce730bd4@group-83E76FEE22C4-LeaderElection71] INFO  server.RaftServerConfigKeys (ConfUtils.java:logGet(43)) - raft.server.watch.timeout.denomination = 1s (default)
2019-10-15 09:31:02,720 [afcd5ebb-a9d9-4a75-8b79-0cd3ce730bd4@group-83E76FEE22C4-LeaderElection71] INFO  server.RaftServerConfigKeys (ConfUtils.java:logGet(43)) - raft.server.watch.element-limit = 65536 (default)
2019-10-15 09:31:02,722 [afcd5ebb-a9d9-4a75-8b79-0cd3ce730bd4@group-83E76FEE22C4-LeaderElection71] INFO  server.RaftServerConfigKeys (ConfUtils.java:logGet(43)) - raft.server.log.appender.snapshot.chunk.size.max = 16MB (=16777216) (default)
2019-10-15 09:31:02,722 [afcd5ebb-a9d9-4a75-8b79-0cd3ce730bd4@group-83E76FEE22C4-LeaderElection71] INFO  server.RaftServerConfigKeys (ConfUtils.java:logGet(43)) - raft.server.log.appender.buffer.byte-limit = 33554432 (custom)
2019-10-15 09:31:02,722 [afcd5ebb-a9d9-4a75-8b79-0cd3ce730bd4@group-83E76FEE22C4-LeaderElection71] INFO  server.RaftServerConfigKeys (ConfUtils.java:logGet(43)) - raft.server.log.appender.buffer.element-limit = 1 (custom)
2019-10-15 09:31:02,723 [afcd5ebb-a9d9-4a75-8b79-0cd3ce730bd4@group-83E76FEE22C4-LeaderElection71] INFO  grpc.GrpcConfigKeys$Server (ConfUtils.java:logGet(43)) - raft.grpc.server.leader.outstanding.appends.max = 128 (default)
2019-10-15 09:31:02,723 [afcd5ebb-a9d9-4a75-8b79-0cd3ce730bd4@group-83E76FEE22C4-LeaderElection71] INFO  server.RaftServerConfigKeys (ConfUtils.java:logGet(43)) - raft.server.rpc.request.timeout = 3000ms (default)
2019-10-15 09:31:02,723 [afcd5ebb-a9d9-4a75-8b79-0cd3ce730bd4@group-83E76FEE22C4-LeaderElection71] INFO  server.RaftServerConfigKeys (ConfUtils.java:logGet(43)) - raft.server.log.appender.install.snapshot.enabled = false (custom)
2019-10-15 09:31:02,724 [afcd5ebb-a9d9-4a75-8b79-0cd3ce730bd4@group-83E76FEE22C4-LeaderElection71] INFO  server.RaftServerConfigKeys (ConfUtils.java:logGet(43)) - raft.server.log.appender.snapshot.chunk.size.max = 16MB (=16777216) (default)
2019-10-15 09:31:02,724 [afcd5ebb-a9d9-4a75-8b79-0cd3ce730bd4@group-83E76FEE22C4-LeaderElection71] INFO  server.RaftServerConfigKeys (ConfUtils.java:logGet(43)) - raft.server.log.appender.buffer.byte-limit = 33554432 (custom)
2019-10-15 09:31:02,724 [afcd5ebb-a9d9-4a75-8b79-0cd3ce730bd4@group-83E76FEE22C4-LeaderElection71] INFO  server.RaftServerConfigKeys (ConfUtils.java:logGet(43)) - raft.server.log.appender.buffer.element-limit = 1 (custom)
2019-10-15 09:31:02,724 [afcd5ebb-a9d9-4a75-8b79-0cd3ce730bd4@group-83E76FEE22C4-LeaderElection71] INFO  grpc.GrpcConfigKeys$Server (ConfUtils.java:logGet(43)) - raft.grpc.server.leader.outstanding.appends.max = 128 (default)
2019-10-15 09:31:02,724 [afcd5ebb-a9d9-4a75-8b79-0cd3ce730bd4@group-83E76FEE22C4-LeaderElection71] INFO  server.RaftServerConfigKeys (ConfUtils.java:logGet(43)) - raft.server.rpc.request.timeout = 3000ms (default)
2019-10-15 09:31:02,724 [afcd5ebb-a9d9-4a75-8b79-0cd3ce730bd4@group-83E76FEE22C4-LeaderElection71] INFO  server.RaftServerConfigKeys (ConfUtils.java:logGet(43)) - raft.server.log.appender.install.snapshot.enabled = false (custom)
2019-10-15 09:31:02,725 [afcd5ebb-a9d9-4a75-8b79-0cd3ce730bd4@group-83E76FEE22C4-LeaderElection71] INFO  impl.RoleInfo (RoleInfo.java:updateAndGet(143)) - afcd5ebb-a9d9-4a75-8b79-0cd3ce730bd4: start LeaderState
2019-10-15 09:31:02,725 [afcd5ebb-a9d9-4a75-8b79-0cd3ce730bd4@group-83E76FEE22C4-LeaderElection71] INFO  segmented.SegmentedRaftLogWorker (SegmentedRaftLogWorker.java:startLogSegment(385)) - afcd5ebb-a9d9-4a75-8b79-0cd3ce730bd4@group-83E76FEE22C4-SegmentedRaftLogWorker: Starting segment from index:0
2019-10-15 09:31:02,726 [afcd5ebb-a9d9-4a75-8b79-0cd3ce730bd4@group-83E76FEE22C4-LeaderElection71] INFO  impl.RaftServerImpl (ServerState.java:setRaftConf(356)) - afcd5ebb-a9d9-4a75-8b79-0cd3ce730bd4@group-83E76FEE22C4: set configuration 0: [d505649b-5973-4d55-8d3f-ba249cb836d3:192.168.5.139:37087, afcd5ebb-a9d9-4a75-8b79-0cd3ce730bd4:192.168.5.139:35252, 7f7ba54c-1c2f-4142-941c-848476af84b1:192.168.5.139:41543], old=null at 0
2019-10-15 09:31:02,754 [grpc-default-executor-13] INFO  impl.RaftServerImpl (ServerState.java:setLeader(255)) - d505649b-5973-4d55-8d3f-ba249cb836d3@group-83E76FEE22C4: change Leader from null to afcd5ebb-a9d9-4a75-8b79-0cd3ce730bd4 at term 2 for appendEntries, leader elected after 10417ms
2019-10-15 09:31:02,754 [grpc-default-executor-15] INFO  impl.RaftServerImpl (ServerState.java:setLeader(255)) - 7f7ba54c-1c2f-4142-941c-848476af84b1@group-83E76FEE22C4: change Leader from null to afcd5ebb-a9d9-4a75-8b79-0cd3ce730bd4 at term 2 for appendEntries, leader elected after 10368ms
2019-10-15 09:31:02,756 [grpc-default-executor-15] INFO  impl.RaftServerImpl (ServerState.java:setRaftConf(356)) - 7f7ba54c-1c2f-4142-941c-848476af84b1@group-83E76FEE22C4: set configuration 0: [d505649b-5973-4d55-8d3f-ba249cb836d3:192.168.5.139:37087, afcd5ebb-a9d9-4a75-8b79-0cd3ce730bd4:192.168.5.139:35252, 7f7ba54c-1c2f-4142-941c-848476af84b1:192.168.5.139:41543], old=null at 0
2019-10-15 09:31:02,756 [grpc-default-executor-13] INFO  impl.RaftServerImpl (ServerState.java:setRaftConf(356)) - d505649b-5973-4d55-8d3f-ba249cb836d3@group-83E76FEE22C4: set configuration 0: [d505649b-5973-4d55-8d3f-ba249cb836d3:192.168.5.139:37087, afcd5ebb-a9d9-4a75-8b79-0cd3ce730bd4:192.168.5.139:35252, 7f7ba54c-1c2f-4142-941c-848476af84b1:192.168.5.139:41543], old=null at 0
2019-10-15 09:31:02,756 [grpc-default-executor-15] INFO  segmented.SegmentedRaftLogWorker (SegmentedRaftLogWorker.java:startLogSegment(385)) - 7f7ba54c-1c2f-4142-941c-848476af84b1@group-83E76FEE22C4-SegmentedRaftLogWorker: Starting segment from index:0
2019-10-15 09:31:02,756 [grpc-default-executor-13] INFO  segmented.SegmentedRaftLogWorker (SegmentedRaftLogWorker.java:startLogSegment(385)) - d505649b-5973-4d55-8d3f-ba249cb836d3@group-83E76FEE22C4-SegmentedRaftLogWorker: Starting segment from index:0
2019-10-15 09:31:02,774 [afcd5ebb-a9d9-4a75-8b79-0cd3ce730bd4@group-83E76FEE22C4-SegmentedRaftLogWorker] INFO  segmented.SegmentedRaftLogWorker (SegmentedRaftLogWorker.java:execute(574)) - afcd5ebb-a9d9-4a75-8b79-0cd3ce730bd4@group-83E76FEE22C4-SegmentedRaftLogWorker: created new log segment /workdir/hadoop-ozone/integration-test/target/test-dir/MiniOzoneClusterImpl-56cf674f-c5b4-4091-81ba-767fb818b5f0/datanode-3/data/ratis/21ff3ec3-bf5d-4cdb-93c5-83e76fee22c4/current/log_inprogress_0
2019-10-15 09:31:02,801 [7f7ba54c-1c2f-4142-941c-848476af84b1@group-83E76FEE22C4-SegmentedRaftLogWorker] INFO  segmented.SegmentedRaftLogWorker (SegmentedRaftLogWorker.java:execute(574)) - 7f7ba54c-1c2f-4142-941c-848476af84b1@group-83E76FEE22C4-SegmentedRaftLogWorker: created new log segment /workdir/hadoop-ozone/integration-test/target/test-dir/MiniOzoneClusterImpl-56cf674f-c5b4-4091-81ba-767fb818b5f0/datanode-5/data/ratis/21ff3ec3-bf5d-4cdb-93c5-83e76fee22c4/current/log_inprogress_0
2019-10-15 09:31:02,801 [d505649b-5973-4d55-8d3f-ba249cb836d3@group-83E76FEE22C4-SegmentedRaftLogWorker] INFO  segmented.SegmentedRaftLogWorker (SegmentedRaftLogWorker.java:execute(574)) - d505649b-5973-4d55-8d3f-ba249cb836d3@group-83E76FEE22C4-SegmentedRaftLogWorker: created new log segment /workdir/hadoop-ozone/integration-test/target/test-dir/MiniOzoneClusterImpl-56cf674f-c5b4-4091-81ba-767fb818b5f0/datanode-4/data/ratis/21ff3ec3-bf5d-4cdb-93c5-83e76fee22c4/current/log_inprogress_0
2019-10-15 09:31:04,796 [Datanode State Machine Thread - 0] INFO  statemachine.DatanodeStateMachine (DatanodeStateMachine.java:lambda$startDaemon$0(356)) - Ozone container server started.
2019-10-15 09:31:08,825 [EventQueue-StaleNodeForStaleNodeHandler] INFO  node.StaleNodeHandler (StaleNodeHandler.java:onMessage(58)) - Datanode afcd5ebb-a9d9-4a75-8b79-0cd3ce730bd4{ip: 192.168.5.139, host: pr-hdds-2034-mt9tt-727200918, networkLocation: /default-rack, certSerialId: null} moved to stale state. Finalizing its pipelines [PipelineID=21ff3ec3-bf5d-4cdb-93c5-83e76fee22c4, PipelineID=7bdc9e31-807c-45ac-b9b3-50a05574ca76]
2019-10-15 09:31:08,826 [EventQueue-StaleNodeForStaleNodeHandler] INFO  pipeline.SCMPipelineManager (SCMPipelineManager.java:finalizeAndDestroyPipeline(354)) - destroying pipeline:Pipeline[ Id: 21ff3ec3-bf5d-4cdb-93c5-83e76fee22c4, Nodes: afcd5ebb-a9d9-4a75-8b79-0cd3ce730bd4{ip: 192.168.5.139, host: pr-hdds-2034-mt9tt-727200918, networkLocation: /default-rack, certSerialId: null}d505649b-5973-4d55-8d3f-ba249cb836d3{ip: 192.168.5.139, host: pr-hdds-2034-mt9tt-727200918, networkLocation: /default-rack, certSerialId: null}7f7ba54c-1c2f-4142-941c-848476af84b1{ip: 192.168.5.139, host: pr-hdds-2034-mt9tt-727200918, networkLocation: /default-rack, certSerialId: null}, Type:RATIS, Factor:THREE, State:OPEN]
2019-10-15 09:31:08,827 [EventQueue-StaleNodeForStaleNodeHandler] INFO  pipeline.PipelineStateManager (PipelineStateManager.java:finalizePipeline(123)) - Pipeline Pipeline[ Id: 21ff3ec3-bf5d-4cdb-93c5-83e76fee22c4, Nodes: afcd5ebb-a9d9-4a75-8b79-0cd3ce730bd4{ip: 192.168.5.139, host: pr-hdds-2034-mt9tt-727200918, networkLocation: /default-rack, certSerialId: null}d505649b-5973-4d55-8d3f-ba249cb836d3{ip: 192.168.5.139, host: pr-hdds-2034-mt9tt-727200918, networkLocation: /default-rack, certSerialId: null}7f7ba54c-1c2f-4142-941c-848476af84b1{ip: 192.168.5.139, host: pr-hdds-2034-mt9tt-727200918, networkLocation: /default-rack, certSerialId: null}, Type:RATIS, Factor:THREE, State:CLOSED] moved to CLOSED state
2019-10-15 09:31:08,827 [EventQueue-CloseContainerForCloseContainerEventHandler] INFO  container.CloseContainerEventHandler (CloseContainerEventHandler.java:onMessage(61)) - Close container Event triggered for container : #1
2019-10-15 09:31:08,834 [EventQueue-StaleNodeForStaleNodeHandler] INFO  pipeline.SCMPipelineManager (SCMPipelineManager.java:finalizeAndDestroyPipeline(354)) - destroying pipeline:Pipeline[ Id: 7bdc9e31-807c-45ac-b9b3-50a05574ca76, Nodes: afcd5ebb-a9d9-4a75-8b79-0cd3ce730bd4{ip: 192.168.5.139, host: pr-hdds-2034-mt9tt-727200918, networkLocation: /default-rack, certSerialId: null}, Type:RATIS, Factor:ONE, State:OPEN]
2019-10-15 09:31:08,837 [EventQueue-StaleNodeForStaleNodeHandler] INFO  pipeline.PipelineStateManager (PipelineStateManager.java:finalizePipeline(123)) - Pipeline Pipeline[ Id: 7bdc9e31-807c-45ac-b9b3-50a05574ca76, Nodes: afcd5ebb-a9d9-4a75-8b79-0cd3ce730bd4{ip: 192.168.5.139, host: pr-hdds-2034-mt9tt-727200918, networkLocation: /default-rack, certSerialId: null}, Type:RATIS, Factor:ONE, State:CLOSED] moved to CLOSED state
2019-10-15 09:31:08,969 [main] INFO  ozoneimpl.OzoneContainer (OzoneContainer.java:stop(227)) - Attempting to stop container services.
2019-10-15 09:31:08,970 [main] INFO  impl.RaftServerProxy (RaftServerProxy.java:lambda$close$4(314)) - afcd5ebb-a9d9-4a75-8b79-0cd3ce730bd4: close
2019-10-15 09:31:08,970 [main] INFO  impl.RaftServerImpl (RaftServerImpl.java:lambda$shutdown$3(247)) - afcd5ebb-a9d9-4a75-8b79-0cd3ce730bd4@group-83E76FEE22C4: shutdown
2019-10-15 09:31:08,971 [ForkJoinPool.commonPool-worker-0] INFO  impl.RaftServerImpl (RaftServerImpl.java:lambda$shutdown$3(247)) - afcd5ebb-a9d9-4a75-8b79-0cd3ce730bd4@group-50A05574CA76: shutdown
2019-10-15 09:31:08,971 [main] INFO  util.JmxRegister (JmxRegister.java:unregister(73)) - Successfully un-registered JMX Bean with object name Ratis:service=RaftServer,group=group-83E76FEE22C4,id=afcd5ebb-a9d9-4a75-8b79-0cd3ce730bd4
2019-10-15 09:31:08,971 [ForkJoinPool.commonPool-worker-0] INFO  util.JmxRegister (JmxRegister.java:unregister(73)) - Successfully un-registered JMX Bean with object name Ratis:service=RaftServer,group=group-50A05574CA76,id=afcd5ebb-a9d9-4a75-8b79-0cd3ce730bd4
2019-10-15 09:31:08,971 [main] INFO  impl.RoleInfo (RoleInfo.java:shutdownLeaderState(104)) - afcd5ebb-a9d9-4a75-8b79-0cd3ce730bd4: shutdown LeaderState
2019-10-15 09:31:08,971 [ForkJoinPool.commonPool-worker-0] INFO  impl.RoleInfo (RoleInfo.java:shutdownLeaderState(104)) - afcd5ebb-a9d9-4a75-8b79-0cd3ce730bd4: shutdown LeaderState
2019-10-15 09:31:08,978 [org.apache.ratis.server.impl.LogAppender$AppenderDaemon$$Lambda$1020/975215009@479d931f] WARN  server.GrpcLogAppender (GrpcLogAppender.java:mayWait(143)) - afcd5ebb-a9d9-4a75-8b79-0cd3ce730bd4@group-83E76FEE22C4->d505649b-5973-4d55-8d3f-ba249cb836d3-GrpcLogAppender: Wait interrupted by java.lang.InterruptedException
2019-10-15 09:31:08,978 [org.apache.ratis.server.impl.LogAppender$AppenderDaemon$$Lambda$1020/975215009@74fbf802] WARN  server.GrpcLogAppender (GrpcLogAppender.java:mayWait(143)) - afcd5ebb-a9d9-4a75-8b79-0cd3ce730bd4@group-83E76FEE22C4->7f7ba54c-1c2f-4142-941c-848476af84b1-GrpcLogAppender: Wait interrupted by java.lang.InterruptedException
2019-10-15 09:31:08,978 [main] INFO  impl.PendingRequests (PendingRequests.java:sendNotLeaderResponses(202)) - afcd5ebb-a9d9-4a75-8b79-0cd3ce730bd4@group-83E76FEE22C4-PendingRequests: sendNotLeaderResponses
2019-10-15 09:31:08,978 [ForkJoinPool.commonPool-worker-0] INFO  impl.PendingRequests (PendingRequests.java:sendNotLeaderResponses(202)) - afcd5ebb-a9d9-4a75-8b79-0cd3ce730bd4@group-50A05574CA76-PendingRequests: sendNotLeaderResponses
2019-10-15 09:31:08,987 [grpc-default-executor-13] INFO  server.GrpcServerProtocolService (GrpcServerProtocolService.java:onCompleted(113)) - 7f7ba54c-1c2f-4142-941c-848476af84b1: Completed APPEND_ENTRIES, lastRequest: afcd5ebb-a9d9-4a75-8b79-0cd3ce730bd4->7f7ba54c-1c2f-4142-941c-848476af84b1#18-t2, previous=(t:2, i:16), leaderCommit=16, initializing? false, entries: <empty>
2019-10-15 09:31:08,987 [grpc-default-executor-15] INFO  server.GrpcServerProtocolService (GrpcServerProtocolService.java:onCompleted(113)) - d505649b-5973-4d55-8d3f-ba249cb836d3: Completed APPEND_ENTRIES, lastRequest: afcd5ebb-a9d9-4a75-8b79-0cd3ce730bd4->d505649b-5973-4d55-8d3f-ba249cb836d3#18-t2, previous=(t:2, i:16), leaderCommit=16, initializing? false, entries: <empty>
2019-10-15 09:31:08,987 [main] INFO  impl.StateMachineUpdater (StateMachineUpdater.java:stopAndJoin(136)) - afcd5ebb-a9d9-4a75-8b79-0cd3ce730bd4@group-83E76FEE22C4-StateMachineUpdater: set stopIndex = 16
2019-10-15 09:31:08,988 [afcd5ebb-a9d9-4a75-8b79-0cd3ce730bd4@group-83E76FEE22C4-StateMachineUpdater] INFO  ratis.ContainerStateMachine (ContainerStateMachine.java:takeSnapshot(294)) - group-83E76FEE22C4: Taking a snapshot at:(t:2, i:14) file /workdir/hadoop-ozone/integration-test/target/test-dir/MiniOzoneClusterImpl-56cf674f-c5b4-4091-81ba-767fb818b5f0/datanode-3/data/ratis/21ff3ec3-bf5d-4cdb-93c5-83e76fee22c4/sm/snapshot.2_14
2019-10-15 09:31:08,987 [ForkJoinPool.commonPool-worker-0] INFO  impl.StateMachineUpdater (StateMachineUpdater.java:stopAndJoin(136)) - afcd5ebb-a9d9-4a75-8b79-0cd3ce730bd4@group-50A05574CA76-StateMachineUpdater: set stopIndex = 0
2019-10-15 09:31:08,988 [ForkJoinPool.commonPool-worker-0] INFO  impl.RaftServerImpl (ServerState.java:close(387)) - afcd5ebb-a9d9-4a75-8b79-0cd3ce730bd4@group-50A05574CA76: closes. applyIndex: 0
2019-10-15 09:31:08,988 [grpc-default-executor-14] INFO  server.GrpcLogAppender (GrpcLogAppender.java:onCompleted(293)) - afcd5ebb-a9d9-4a75-8b79-0cd3ce730bd4@group-83E76FEE22C4->7f7ba54c-1c2f-4142-941c-848476af84b1-AppendLogResponseHandler: follower responses appendEntries COMPLETED
2019-10-15 09:31:08,988 [grpc-default-executor-15] INFO  server.GrpcLogAppender (GrpcLogAppender.java:onCompleted(293)) - afcd5ebb-a9d9-4a75-8b79-0cd3ce730bd4@group-83E76FEE22C4->d505649b-5973-4d55-8d3f-ba249cb836d3-AppendLogResponseHandler: follower responses appendEntries COMPLETED
2019-10-15 09:31:08,989 [afcd5ebb-a9d9-4a75-8b79-0cd3ce730bd4@group-50A05574CA76-SegmentedRaftLogWorker] INFO  segmented.SegmentedRaftLogWorker (SegmentedRaftLogWorker.java:run(316)) - afcd5ebb-a9d9-4a75-8b79-0cd3ce730bd4@group-50A05574CA76-SegmentedRaftLogWorker was interrupted, exiting. There are 0 tasks remaining in the queue.
2019-10-15 09:31:08,991 [ForkJoinPool.commonPool-worker-0] INFO  segmented.SegmentedRaftLogWorker (SegmentedRaftLogWorker.java:close(224)) - afcd5ebb-a9d9-4a75-8b79-0cd3ce730bd4@group-50A05574CA76-SegmentedRaftLogWorker close()
2019-10-15 09:31:08,991 [grpc-default-executor-14] INFO  impl.FollowerInfo (FollowerInfo.java:lambda$new$0(51)) - afcd5ebb-a9d9-4a75-8b79-0cd3ce730bd4@group-83E76FEE22C4->7f7ba54c-1c2f-4142-941c-848476af84b1: nextIndex: updateUnconditionally 17 -> 16
2019-10-15 09:31:08,992 [grpc-default-executor-15] INFO  impl.FollowerInfo (FollowerInfo.java:lambda$new$0(51)) - afcd5ebb-a9d9-4a75-8b79-0cd3ce730bd4@group-83E76FEE22C4->d505649b-5973-4d55-8d3f-ba249cb836d3: nextIndex: updateUnconditionally 17 -> 16
2019-10-15 09:31:09,021 [afcd5ebb-a9d9-4a75-8b79-0cd3ce730bd4@group-83E76FEE22C4-StateMachineUpdater] INFO  ratis.ContainerStateMachine (ContainerStateMachine.java:takeSnapshot(305)) - group-83E76FEE22C4: Finished taking a snapshot at:(t:2, i:14) file:/workdir/hadoop-ozone/integration-test/target/test-dir/MiniOzoneClusterImpl-56cf674f-c5b4-4091-81ba-767fb818b5f0/datanode-3/data/ratis/21ff3ec3-bf5d-4cdb-93c5-83e76fee22c4/sm/snapshot.2_14 time:34
2019-10-15 09:31:09,021 [afcd5ebb-a9d9-4a75-8b79-0cd3ce730bd4@group-83E76FEE22C4-StateMachineUpdater] INFO  impl.StateMachineUpdater (StateMachineUpdater.java:takeSnapshot(269)) - afcd5ebb-a9d9-4a75-8b79-0cd3ce730bd4@group-83E76FEE22C4-StateMachineUpdater: Took a snapshot at index 14
2019-10-15 09:31:09,021 [afcd5ebb-a9d9-4a75-8b79-0cd3ce730bd4@group-83E76FEE22C4-StateMachineUpdater] INFO  impl.StateMachineUpdater (StateMachineUpdater.java:lambda$new$0(84)) - afcd5ebb-a9d9-4a75-8b79-0cd3ce730bd4@group-83E76FEE22C4-StateMachineUpdater: snapshotIndex: updateIncreasingly -1 -> 14
2019-10-15 09:31:09,022 [afcd5ebb-a9d9-4a75-8b79-0cd3ce730bd4@group-83E76FEE22C4-StateMachineUpdater] INFO  ratis.ContainerStateMachine (ContainerStateMachine.java:takeSnapshot(294)) - group-83E76FEE22C4: Taking a snapshot at:(t:2, i:14) file /workdir/hadoop-ozone/integration-test/target/test-dir/MiniOzoneClusterImpl-56cf674f-c5b4-4091-81ba-767fb818b5f0/datanode-3/data/ratis/21ff3ec3-bf5d-4cdb-93c5-83e76fee22c4/sm/snapshot.2_14
2019-10-15 09:31:09,033 [afcd5ebb-a9d9-4a75-8b79-0cd3ce730bd4@group-83E76FEE22C4-StateMachineUpdater] INFO  ratis.ContainerStateMachine (ContainerStateMachine.java:takeSnapshot(305)) - group-83E76FEE22C4: Finished taking a snapshot at:(t:2, i:14) file:/workdir/hadoop-ozone/integration-test/target/test-dir/MiniOzoneClusterImpl-56cf674f-c5b4-4091-81ba-767fb818b5f0/datanode-3/data/ratis/21ff3ec3-bf5d-4cdb-93c5-83e76fee22c4/sm/snapshot.2_14 time:12
2019-10-15 09:31:09,034 [afcd5ebb-a9d9-4a75-8b79-0cd3ce730bd4@group-83E76FEE22C4-StateMachineUpdater] INFO  impl.StateMachineUpdater (StateMachineUpdater.java:takeSnapshot(269)) - afcd5ebb-a9d9-4a75-8b79-0cd3ce730bd4@group-83E76FEE22C4-StateMachineUpdater: Took a snapshot at index 14
2019-10-15 09:31:09,034 [afcd5ebb-a9d9-4a75-8b79-0cd3ce730bd4@group-83E76FEE22C4-StateMachineUpdater] INFO  impl.StateMachineUpdater (StateMachineUpdater.java:lambda$new$0(84)) - afcd5ebb-a9d9-4a75-8b79-0cd3ce730bd4@group-83E76FEE22C4-StateMachineUpdater: snapshotIndex: updateIncreasingly 14 -> 14
2019-10-15 09:31:09,034 [main] INFO  impl.RaftServerImpl (ServerState.java:close(387)) - afcd5ebb-a9d9-4a75-8b79-0cd3ce730bd4@group-83E76FEE22C4: closes. applyIndex: 16
2019-10-15 09:31:09,035 [afcd5ebb-a9d9-4a75-8b79-0cd3ce730bd4@group-83E76FEE22C4-SegmentedRaftLogWorker] INFO  segmented.SegmentedRaftLogWorker (SegmentedRaftLogWorker.java:run(316)) - afcd5ebb-a9d9-4a75-8b79-0cd3ce730bd4@group-83E76FEE22C4-SegmentedRaftLogWorker was interrupted, exiting. There are 0 tasks remaining in the queue.
2019-10-15 09:31:09,039 [main] INFO  segmented.SegmentedRaftLogWorker (SegmentedRaftLogWorker.java:close(224)) - afcd5ebb-a9d9-4a75-8b79-0cd3ce730bd4@group-83E76FEE22C4-SegmentedRaftLogWorker close()
2019-10-15 09:31:09,045 [main] INFO  server.GrpcService (GrpcService.java:closeImpl(164)) - afcd5ebb-a9d9-4a75-8b79-0cd3ce730bd4: shutdown server with port 35252 now
2019-10-15 09:31:09,046 [grpc-default-executor-14] WARN  client.GrpcClientProtocolService (LogUtils.java:warn(134)) - 3-UnorderedRequestStreamObserver3: onError: org.apache.ratis.thirdparty.io.grpc.StatusRuntimeException: CANCELLED: cancelled before receiving half close
2019-10-15 09:31:09,046 [main] INFO  server.GrpcService (GrpcService.java:closeImpl(172)) - afcd5ebb-a9d9-4a75-8b79-0cd3ce730bd4: shutdown server with port 35252 successfully
2019-10-15 09:31:09,048 [refreshUsed-/workdir/hadoop-ozone/integration-test/target/test-dir/MiniOzoneClusterImpl-56cf674f-c5b4-4091-81ba-767fb818b5f0/datanode-3/data/containers] WARN  fs.CachingGetSpaceUsed (CachingGetSpaceUsed.java:run(183)) - Thread Interrupted waiting to refresh disk information: sleep interrupted
2019-10-15 09:31:09,062 [main] INFO  utils.BackgroundService (BackgroundService.java:shutdown(151)) - Shutting down service BlockDeletingService
2019-10-15 09:31:09,074 [main] INFO  statemachine.DatanodeStateMachine (DatanodeStateMachine.java:stopDaemon(401)) - Ozone container server stopped.
2019-10-15 09:31:09,075 [main] INFO  handler.ContextHandler (ContextHandler.java:doStop(910)) - Stopped o.e.j.w.WebAppContext@e0d1dc4{/,null,UNAVAILABLE}{/hddsDatanode}
2019-10-15 09:31:09,076 [main] INFO  server.AbstractConnector (AbstractConnector.java:doStop(318)) - Stopped ServerConnector@5463f035{HTTP/1.1,[http/1.1]}{0.0.0.0:0}
2019-10-15 09:31:09,076 [main] INFO  handler.ContextHandler (ContextHandler.java:doStop(910)) - Stopped o.e.j.s.ServletContextHandler@3a9b41a0{/static,jar:file:/home/user/.m2/repository/org/apache/hadoop/hadoop-hdds-container-service/0.5.0-SNAPSHOT/hadoop-hdds-container-service-0.5.0-SNAPSHOT.jar!/webapps/static,UNAVAILABLE}
2019-10-15 09:31:09,077 [main] INFO  handler.ContextHandler (ContextHandler.java:doStop(910)) - Stopped o.e.j.s.ServletContextHandler@5ed0b4e3{/logs,file:///workdir/hadoop-ozone/integration-test/target/log,UNAVAILABLE}
2019-10-15 09:31:12,704 [Thread-2979] INFO  impl.FollowerState (FollowerState.java:run(108)) - 7f7ba54c-1c2f-4142-941c-848476af84b1@group-83E76FEE22C4-FollowerState: change to CANDIDATE, lastRpcTime:6233ms, electionTimeout:5017ms
2019-10-15 09:31:12,705 [Thread-2979] INFO  impl.RoleInfo (RoleInfo.java:shutdownFollowerState(121)) - 7f7ba54c-1c2f-4142-941c-848476af84b1: shutdown FollowerState
2019-10-15 09:31:12,705 [Thread-2979] INFO  impl.RaftServerImpl (RaftServerImpl.java:setRole(170)) - 7f7ba54c-1c2f-4142-941c-848476af84b1@group-83E76FEE22C4: changes role from  FOLLOWER to CANDIDATE at term 2 for changeToCandidate
2019-10-15 09:31:12,705 [Thread-2979] INFO  impl.RoleInfo (RoleInfo.java:updateAndGet(143)) - 7f7ba54c-1c2f-4142-941c-848476af84b1: start LeaderElection
2019-10-15 09:31:12,709 [7f7ba54c-1c2f-4142-941c-848476af84b1@group-83E76FEE22C4-LeaderElection72] INFO  impl.RaftServerImpl (ServerState.java:setLeader(255)) - 7f7ba54c-1c2f-4142-941c-848476af84b1@group-83E76FEE22C4: change Leader from afcd5ebb-a9d9-4a75-8b79-0cd3ce730bd4 to null at term 2 for initElection
2019-10-15 09:31:12,723 [7f7ba54c-1c2f-4142-941c-848476af84b1@group-83E76FEE22C4-LeaderElection72] INFO  impl.LeaderElection (LeaderElection.java:askForVotes(178)) - 7f7ba54c-1c2f-4142-941c-848476af84b1@group-83E76FEE22C4-LeaderElection72: begin an election at term 3 for 0: [d505649b-5973-4d55-8d3f-ba249cb836d3:192.168.5.139:37087, afcd5ebb-a9d9-4a75-8b79-0cd3ce730bd4:192.168.5.139:35252, 7f7ba54c-1c2f-4142-941c-848476af84b1:192.168.5.139:41543], old=null
2019-10-15 09:31:12,725 [grpc-default-executor-13] INFO  impl.RaftServerImpl (ServerState.java:setLeader(255)) - d505649b-5973-4d55-8d3f-ba249cb836d3@group-83E76FEE22C4: change Leader from afcd5ebb-a9d9-4a75-8b79-0cd3ce730bd4 to null at term 3 for updateCurrentTerm
2019-10-15 09:31:12,725 [grpc-default-executor-13] INFO  impl.RaftServerImpl (RaftServerImpl.java:setRole(170)) - d505649b-5973-4d55-8d3f-ba249cb836d3@group-83E76FEE22C4: changes role from  FOLLOWER to FOLLOWER at term 3 for recognizeCandidate:7f7ba54c-1c2f-4142-941c-848476af84b1
2019-10-15 09:31:12,726 [grpc-default-executor-13] INFO  impl.RoleInfo (RoleInfo.java:shutdownFollowerState(121)) - d505649b-5973-4d55-8d3f-ba249cb836d3: shutdown FollowerState
2019-10-15 09:31:12,726 [7f7ba54c-1c2f-4142-941c-848476af84b1@group-83E76FEE22C4-LeaderElection72] INFO  impl.LeaderElection (LogUtils.java:infoOrTrace(149)) - 7f7ba54c-1c2f-4142-941c-848476af84b1@group-83E76FEE22C4-LeaderElection72 got exception when requesting votes: {}
java.util.concurrent.ExecutionException: org.apache.ratis.thirdparty.io.grpc.StatusRuntimeException: UNAVAILABLE: io exception
	at java.util.concurrent.FutureTask.report(FutureTask.java:122)
	at java.util.concurrent.FutureTask.get(FutureTask.java:192)
	at org.apache.ratis.server.impl.LeaderElection.waitForResults(LeaderElection.java:259)
	at org.apache.ratis.server.impl.LeaderElection.askForVotes(LeaderElection.java:197)
	at org.apache.ratis.server.impl.LeaderElection.run(LeaderElection.java:133)
	at java.lang.Thread.run(Thread.java:748)
Caused by: org.apache.ratis.thirdparty.io.grpc.StatusRuntimeException: UNAVAILABLE: io exception
	at org.apache.ratis.thirdparty.io.grpc.stub.ClientCalls.toStatusRuntimeException(ClientCalls.java:233)
	at org.apache.ratis.thirdparty.io.grpc.stub.ClientCalls.getUnchecked(ClientCalls.java:214)
	at org.apache.ratis.thirdparty.io.grpc.stub.ClientCalls.blockingUnaryCall(ClientCalls.java:139)
	at org.apache.ratis.proto.grpc.RaftServerProtocolServiceGrpc$RaftServerProtocolServiceBlockingStub.requestVote(RaftServerProtocolServiceGrpc.java:265)
	at org.apache.ratis.grpc.server.GrpcServerProtocolClient.requestVote(GrpcServerProtocolClient.java:99)
	at org.apache.ratis.grpc.server.GrpcService.requestVote(GrpcService.java:204)
	at org.apache.ratis.server.impl.LeaderElection.lambda$submitRequests$1(LeaderElection.java:234)
	at java.util.concurrent.FutureTask.run(FutureTask.java:266)
	at java.util.concurrent.Executors$RunnableAdapter.call(Executors.java:511)
	at java.util.concurrent.FutureTask.run(FutureTask.java:266)
	at java.util.concurrent.ThreadPoolExecutor.runWorker(ThreadPoolExecutor.java:1149)
	at java.util.concurrent.ThreadPoolExecutor$Worker.run(ThreadPoolExecutor.java:624)
	... 1 more
Caused by: org.apache.ratis.thirdparty.io.netty.channel.AbstractChannel$AnnotatedConnectException: Connection refused: /192.168.5.139:35252
	at sun.nio.ch.SocketChannelImpl.checkConnect(Native Method)
	at sun.nio.ch.SocketChannelImpl.finishConnect(SocketChannelImpl.java:717)
	at org.apache.ratis.thirdparty.io.netty.channel.socket.nio.NioSocketChannel.doFinishConnect(NioSocketChannel.java:327)
	at org.apache.ratis.thirdparty.io.netty.channel.nio.AbstractNioChannel$AbstractNioUnsafe.finishConnect(AbstractNioChannel.java:340)
	at org.apache.ratis.thirdparty.io.netty.channel.nio.NioEventLoop.processSelectedKey(NioEventLoop.java:632)
	at org.apache.ratis.thirdparty.io.netty.channel.nio.NioEventLoop.processSelectedKeysOptimized(NioEventLoop.java:579)
	at org.apache.ratis.thirdparty.io.netty.channel.nio.NioEventLoop.processSelectedKeys(NioEventLoop.java:496)
	at org.apache.ratis.thirdparty.io.netty.channel.nio.NioEventLoop.run(NioEventLoop.java:458)
	at org.apache.ratis.thirdparty.io.netty.util.concurrent.SingleThreadEventExecutor$5.run(SingleThreadEventExecutor.java:897)
	at org.apache.ratis.thirdparty.io.netty.util.concurrent.FastThreadLocalRunnable.run(FastThreadLocalRunnable.java:30)
	... 1 more
Caused by: java.net.ConnectException: Connection refused
	... 11 more
2019-10-15 09:31:12,726 [Thread-2980] INFO  impl.FollowerState (FollowerState.java:run(117)) - d505649b-5973-4d55-8d3f-ba249cb836d3@group-83E76FEE22C4-FollowerState was interrupted: java.lang.InterruptedException: sleep interrupted
2019-10-15 09:31:12,726 [grpc-default-executor-13] INFO  impl.RoleInfo (RoleInfo.java:updateAndGet(143)) - d505649b-5973-4d55-8d3f-ba249cb836d3: start FollowerState
2019-10-15 09:31:12,746 [7f7ba54c-1c2f-4142-941c-848476af84b1@group-83E76FEE22C4-LeaderElection72] INFO  impl.LeaderElection (LeaderElection.java:logAndReturn(56)) - 7f7ba54c-1c2f-4142-941c-848476af84b1@group-83E76FEE22C4-LeaderElection72: Election PASSED; received 1 response(s) [7f7ba54c-1c2f-4142-941c-848476af84b1<-d505649b-5973-4d55-8d3f-ba249cb836d3#0:OK-t3] and 1 exception(s); 7f7ba54c-1c2f-4142-941c-848476af84b1@group-83E76FEE22C4:t3, leader=null, voted=7f7ba54c-1c2f-4142-941c-848476af84b1, raftlog=7f7ba54c-1c2f-4142-941c-848476af84b1@group-83E76FEE22C4-SegmentedRaftLog:OPENED:c16,f16,i16, conf=0: [d505649b-5973-4d55-8d3f-ba249cb836d3:192.168.5.139:37087, afcd5ebb-a9d9-4a75-8b79-0cd3ce730bd4:192.168.5.139:35252, 7f7ba54c-1c2f-4142-941c-848476af84b1:192.168.5.139:41543], old=null
2019-10-15 09:31:12,746 [7f7ba54c-1c2f-4142-941c-848476af84b1@group-83E76FEE22C4-LeaderElection72] INFO  impl.LeaderElection (LogUtils.java:infoOrTrace(149)) -   Exception 0: {}
java.util.concurrent.ExecutionException: org.apache.ratis.thirdparty.io.grpc.StatusRuntimeException: UNAVAILABLE: io exception
	at java.util.concurrent.FutureTask.report(FutureTask.java:122)
	at java.util.concurrent.FutureTask.get(FutureTask.java:192)
	at org.apache.ratis.server.impl.LeaderElection.waitForResults(LeaderElection.java:259)
	at org.apache.ratis.server.impl.LeaderElection.askForVotes(LeaderElection.java:197)
	at org.apache.ratis.server.impl.LeaderElection.run(LeaderElection.java:133)
	at java.lang.Thread.run(Thread.java:748)
Caused by: org.apache.ratis.thirdparty.io.grpc.StatusRuntimeException: UNAVAILABLE: io exception
	at org.apache.ratis.thirdparty.io.grpc.stub.ClientCalls.toStatusRuntimeException(ClientCalls.java:233)
	at org.apache.ratis.thirdparty.io.grpc.stub.ClientCalls.getUnchecked(ClientCalls.java:214)
	at org.apache.ratis.thirdparty.io.grpc.stub.ClientCalls.blockingUnaryCall(ClientCalls.java:139)
	at org.apache.ratis.proto.grpc.RaftServerProtocolServiceGrpc$RaftServerProtocolServiceBlockingStub.requestVote(RaftServerProtocolServiceGrpc.java:265)
	at org.apache.ratis.grpc.server.GrpcServerProtocolClient.requestVote(GrpcServerProtocolClient.java:99)
	at org.apache.ratis.grpc.server.GrpcService.requestVote(GrpcService.java:204)
	at org.apache.ratis.server.impl.LeaderElection.lambda$submitRequests$1(LeaderElection.java:234)
	at java.util.concurrent.FutureTask.run(FutureTask.java:266)
	at java.util.concurrent.Executors$RunnableAdapter.call(Executors.java:511)
	at java.util.concurrent.FutureTask.run(FutureTask.java:266)
	at java.util.concurrent.ThreadPoolExecutor.runWorker(ThreadPoolExecutor.java:1149)
	at java.util.concurrent.ThreadPoolExecutor$Worker.run(ThreadPoolExecutor.java:624)
	... 1 more
Caused by: org.apache.ratis.thirdparty.io.netty.channel.AbstractChannel$AnnotatedConnectException: Connection refused: /192.168.5.139:35252
	at sun.nio.ch.SocketChannelImpl.checkConnect(Native Method)
	at sun.nio.ch.SocketChannelImpl.finishConnect(SocketChannelImpl.java:717)
	at org.apache.ratis.thirdparty.io.netty.channel.socket.nio.NioSocketChannel.doFinishConnect(NioSocketChannel.java:327)
	at org.apache.ratis.thirdparty.io.netty.channel.nio.AbstractNioChannel$AbstractNioUnsafe.finishConnect(AbstractNioChannel.java:340)
	at org.apache.ratis.thirdparty.io.netty.channel.nio.NioEventLoop.processSelectedKey(NioEventLoop.java:632)
	at org.apache.ratis.thirdparty.io.netty.channel.nio.NioEventLoop.processSelectedKeysOptimized(NioEventLoop.java:579)
	at org.apache.ratis.thirdparty.io.netty.channel.nio.NioEventLoop.processSelectedKeys(NioEventLoop.java:496)
	at org.apache.ratis.thirdparty.io.netty.channel.nio.NioEventLoop.run(NioEventLoop.java:458)
	at org.apache.ratis.thirdparty.io.netty.util.concurrent.SingleThreadEventExecutor$5.run(SingleThreadEventExecutor.java:897)
	at org.apache.ratis.thirdparty.io.netty.util.concurrent.FastThreadLocalRunnable.run(FastThreadLocalRunnable.java:30)
	... 1 more
Caused by: java.net.ConnectException: Connection refused
	... 11 more
2019-10-15 09:31:12,746 [7f7ba54c-1c2f-4142-941c-848476af84b1@group-83E76FEE22C4-LeaderElection72] INFO  impl.RoleInfo (RoleInfo.java:shutdownLeaderElection(134)) - 7f7ba54c-1c2f-4142-941c-848476af84b1: shutdown LeaderElection
2019-10-15 09:31:12,747 [7f7ba54c-1c2f-4142-941c-848476af84b1@group-83E76FEE22C4-LeaderElection72] INFO  impl.RaftServerImpl (RaftServerImpl.java:setRole(170)) - 7f7ba54c-1c2f-4142-941c-848476af84b1@group-83E76FEE22C4: changes role from CANDIDATE to LEADER at term 3 for changeToLeader
2019-10-15 09:31:12,747 [7f7ba54c-1c2f-4142-941c-848476af84b1@group-83E76FEE22C4-LeaderElection72] INFO  impl.RaftServerImpl (ServerState.java:setLeader(255)) - 7f7ba54c-1c2f-4142-941c-848476af84b1@group-83E76FEE22C4: change Leader from null to 7f7ba54c-1c2f-4142-941c-848476af84b1 at term 3 for becomeLeader, leader elected after 37ms
2019-10-15 09:31:12,747 [7f7ba54c-1c2f-4142-941c-848476af84b1@group-83E76FEE22C4-LeaderElection72] INFO  server.RaftServerConfigKeys (ConfUtils.java:logGet(43)) - raft.server.staging.catchup.gap = 1000 (default)
2019-10-15 09:31:12,747 [7f7ba54c-1c2f-4142-941c-848476af84b1@group-83E76FEE22C4-LeaderElection72] INFO  server.RaftServerConfigKeys (ConfUtils.java:logGet(43)) - raft.server.rpc.sleep.time = 25ms (default)
2019-10-15 09:31:12,747 [7f7ba54c-1c2f-4142-941c-848476af84b1@group-83E76FEE22C4-LeaderElection72] INFO  server.RaftServerConfigKeys (ConfUtils.java:logGet(43)) - raft.server.write.element-limit = 4096 (default)
2019-10-15 09:31:12,747 [7f7ba54c-1c2f-4142-941c-848476af84b1@group-83E76FEE22C4-LeaderElection72] INFO  server.RaftServerConfigKeys (ConfUtils.java:logGet(43)) - raft.server.watch.timeout = 10s (default)
2019-10-15 09:31:12,747 [7f7ba54c-1c2f-4142-941c-848476af84b1@group-83E76FEE22C4-LeaderElection72] INFO  server.RaftServerConfigKeys (ConfUtils.java:logGet(43)) - raft.server.watch.timeout.denomination = 1s (default)
2019-10-15 09:31:12,748 [7f7ba54c-1c2f-4142-941c-848476af84b1@group-83E76FEE22C4-LeaderElection72] INFO  server.RaftServerConfigKeys (ConfUtils.java:logGet(43)) - raft.server.watch.element-limit = 65536 (default)
2019-10-15 09:31:12,750 [7f7ba54c-1c2f-4142-941c-848476af84b1@group-83E76FEE22C4-LeaderElection72] INFO  server.RaftServerConfigKeys (ConfUtils.java:logGet(43)) - raft.server.log.appender.snapshot.chunk.size.max = 16MB (=16777216) (default)
2019-10-15 09:31:12,750 [7f7ba54c-1c2f-4142-941c-848476af84b1@group-83E76FEE22C4-LeaderElection72] INFO  server.RaftServerConfigKeys (ConfUtils.java:logGet(43)) - raft.server.log.appender.buffer.byte-limit = 33554432 (custom)
2019-10-15 09:31:12,750 [7f7ba54c-1c2f-4142-941c-848476af84b1@group-83E76FEE22C4-LeaderElection72] INFO  server.RaftServerConfigKeys (ConfUtils.java:logGet(43)) - raft.server.log.appender.buffer.element-limit = 1 (custom)
2019-10-15 09:31:12,751 [7f7ba54c-1c2f-4142-941c-848476af84b1@group-83E76FEE22C4-LeaderElection72] INFO  grpc.GrpcConfigKeys$Server (ConfUtils.java:logGet(43)) - raft.grpc.server.leader.outstanding.appends.max = 128 (default)
2019-10-15 09:31:12,751 [7f7ba54c-1c2f-4142-941c-848476af84b1@group-83E76FEE22C4-LeaderElection72] INFO  server.RaftServerConfigKeys (ConfUtils.java:logGet(43)) - raft.server.rpc.request.timeout = 3000ms (default)
2019-10-15 09:31:12,751 [7f7ba54c-1c2f-4142-941c-848476af84b1@group-83E76FEE22C4-LeaderElection72] INFO  server.RaftServerConfigKeys (ConfUtils.java:logGet(43)) - raft.server.log.appender.install.snapshot.enabled = false (custom)
2019-10-15 09:31:12,751 [7f7ba54c-1c2f-4142-941c-848476af84b1@group-83E76FEE22C4-LeaderElection72] INFO  server.RaftServerConfigKeys (ConfUtils.java:logGet(43)) - raft.server.log.appender.snapshot.chunk.size.max = 16MB (=16777216) (default)
2019-10-15 09:31:12,751 [7f7ba54c-1c2f-4142-941c-848476af84b1@group-83E76FEE22C4-LeaderElection72] INFO  server.RaftServerConfigKeys (ConfUtils.java:logGet(43)) - raft.server.log.appender.buffer.byte-limit = 33554432 (custom)
2019-10-15 09:31:12,752 [7f7ba54c-1c2f-4142-941c-848476af84b1@group-83E76FEE22C4-LeaderElection72] INFO  server.RaftServerConfigKeys (ConfUtils.java:logGet(43)) - raft.server.log.appender.buffer.element-limit = 1 (custom)
2019-10-15 09:31:12,752 [7f7ba54c-1c2f-4142-941c-848476af84b1@group-83E76FEE22C4-LeaderElection72] INFO  grpc.GrpcConfigKeys$Server (ConfUtils.java:logGet(43)) - raft.grpc.server.leader.outstanding.appends.max = 128 (default)
2019-10-15 09:31:12,752 [7f7ba54c-1c2f-4142-941c-848476af84b1@group-83E76FEE22C4-LeaderElection72] INFO  server.RaftServerConfigKeys (ConfUtils.java:logGet(43)) - raft.server.rpc.request.timeout = 3000ms (default)
2019-10-15 09:31:12,752 [7f7ba54c-1c2f-4142-941c-848476af84b1@group-83E76FEE22C4-LeaderElection72] INFO  server.RaftServerConfigKeys (ConfUtils.java:logGet(43)) - raft.server.log.appender.install.snapshot.enabled = false (custom)
2019-10-15 09:31:12,752 [7f7ba54c-1c2f-4142-941c-848476af84b1@group-83E76FEE22C4-LeaderElection72] INFO  impl.RoleInfo (RoleInfo.java:updateAndGet(143)) - 7f7ba54c-1c2f-4142-941c-848476af84b1: start LeaderState
2019-10-15 09:31:12,753 [7f7ba54c-1c2f-4142-941c-848476af84b1@group-83E76FEE22C4-LeaderElection72] INFO  segmented.SegmentedRaftLogWorker (SegmentedRaftLogWorker.java:rollLogSegment(390)) - 7f7ba54c-1c2f-4142-941c-848476af84b1@group-83E76FEE22C4-SegmentedRaftLogWorker: Rolling segment log-0_16 to index:16
2019-10-15 09:31:12,755 [7f7ba54c-1c2f-4142-941c-848476af84b1@group-83E76FEE22C4-SegmentedRaftLogWorker] INFO  segmented.SegmentedRaftLogWorker (SegmentedRaftLogWorker.java:execute(531)) - 7f7ba54c-1c2f-4142-941c-848476af84b1@group-83E76FEE22C4-SegmentedRaftLogWorker: Rolled log segment from /workdir/hadoop-ozone/integration-test/target/test-dir/MiniOzoneClusterImpl-56cf674f-c5b4-4091-81ba-767fb818b5f0/datanode-5/data/ratis/21ff3ec3-bf5d-4cdb-93c5-83e76fee22c4/current/log_inprogress_0 to /workdir/hadoop-ozone/integration-test/target/test-dir/MiniOzoneClusterImpl-56cf674f-c5b4-4091-81ba-767fb818b5f0/datanode-5/data/ratis/21ff3ec3-bf5d-4cdb-93c5-83e76fee22c4/current/log_0-16
2019-10-15 09:31:12,758 [7f7ba54c-1c2f-4142-941c-848476af84b1@group-83E76FEE22C4-LeaderElection72] INFO  impl.RaftServerImpl (ServerState.java:setRaftConf(356)) - 7f7ba54c-1c2f-4142-941c-848476af84b1@group-83E76FEE22C4: set configuration 17: [d505649b-5973-4d55-8d3f-ba249cb836d3:192.168.5.139:37087, afcd5ebb-a9d9-4a75-8b79-0cd3ce730bd4:192.168.5.139:35252, 7f7ba54c-1c2f-4142-941c-848476af84b1:192.168.5.139:41543], old=null at 17
2019-10-15 09:31:12,759 [grpc-default-executor-13] WARN  server.GrpcLogAppender (LogUtils.java:warn(134)) - 7f7ba54c-1c2f-4142-941c-848476af84b1@group-83E76FEE22C4->afcd5ebb-a9d9-4a75-8b79-0cd3ce730bd4-AppendLogResponseHandler: Failed appendEntries: org.apache.ratis.thirdparty.io.grpc.StatusRuntimeException: UNAVAILABLE: io exception
2019-10-15 09:31:12,785 [grpc-default-executor-13] INFO  impl.FollowerInfo (FollowerInfo.java:lambda$new$0(51)) - 7f7ba54c-1c2f-4142-941c-848476af84b1@group-83E76FEE22C4->afcd5ebb-a9d9-4a75-8b79-0cd3ce730bd4: nextIndex: updateUnconditionally 17 -> 1
2019-10-15 09:31:12,785 [grpc-default-executor-13] INFO  impl.RaftServerImpl (ServerState.java:setLeader(255)) - d505649b-5973-4d55-8d3f-ba249cb836d3@group-83E76FEE22C4: change Leader from null to 7f7ba54c-1c2f-4142-941c-848476af84b1 at term 3 for appendEntries, leader elected after 59ms
2019-10-15 09:31:12,787 [grpc-default-executor-13] INFO  impl.RaftServerImpl (ServerState.java:setRaftConf(356)) - d505649b-5973-4d55-8d3f-ba249cb836d3@group-83E76FEE22C4: set configuration 17: [d505649b-5973-4d55-8d3f-ba249cb836d3:192.168.5.139:37087, afcd5ebb-a9d9-4a75-8b79-0cd3ce730bd4:192.168.5.139:35252, 7f7ba54c-1c2f-4142-941c-848476af84b1:192.168.5.139:41543], old=null at 17
2019-10-15 09:31:12,788 [grpc-default-executor-13] INFO  segmented.SegmentedRaftLogWorker (SegmentedRaftLogWorker.java:rollLogSegment(390)) - d505649b-5973-4d55-8d3f-ba249cb836d3@group-83E76FEE22C4-SegmentedRaftLogWorker: Rolling segment log-0_16 to index:16
2019-10-15 09:31:12,788 [d505649b-5973-4d55-8d3f-ba249cb836d3@group-83E76FEE22C4-SegmentedRaftLogWorker] INFO  segmented.SegmentedRaftLogWorker (SegmentedRaftLogWorker.java:execute(531)) - d505649b-5973-4d55-8d3f-ba249cb836d3@group-83E76FEE22C4-SegmentedRaftLogWorker: Rolled log segment from /workdir/hadoop-ozone/integration-test/target/test-dir/MiniOzoneClusterImpl-56cf674f-c5b4-4091-81ba-767fb818b5f0/datanode-4/data/ratis/21ff3ec3-bf5d-4cdb-93c5-83e76fee22c4/current/log_inprogress_0 to /workdir/hadoop-ozone/integration-test/target/test-dir/MiniOzoneClusterImpl-56cf674f-c5b4-4091-81ba-767fb818b5f0/datanode-4/data/ratis/21ff3ec3-bf5d-4cdb-93c5-83e76fee22c4/current/log_0-16
2019-10-15 09:31:12,803 [7f7ba54c-1c2f-4142-941c-848476af84b1@group-83E76FEE22C4-SegmentedRaftLogWorker] INFO  segmented.SegmentedRaftLogWorker (SegmentedRaftLogWorker.java:execute(574)) - 7f7ba54c-1c2f-4142-941c-848476af84b1@group-83E76FEE22C4-SegmentedRaftLogWorker: created new log segment /workdir/hadoop-ozone/integration-test/target/test-dir/MiniOzoneClusterImpl-56cf674f-c5b4-4091-81ba-767fb818b5f0/datanode-5/data/ratis/21ff3ec3-bf5d-4cdb-93c5-83e76fee22c4/current/log_inprogress_17
2019-10-15 09:31:12,829 [d505649b-5973-4d55-8d3f-ba249cb836d3@group-83E76FEE22C4-SegmentedRaftLogWorker] INFO  segmented.SegmentedRaftLogWorker (SegmentedRaftLogWorker.java:execute(574)) - d505649b-5973-4d55-8d3f-ba249cb836d3@group-83E76FEE22C4-SegmentedRaftLogWorker: created new log segment /workdir/hadoop-ozone/integration-test/target/test-dir/MiniOzoneClusterImpl-56cf674f-c5b4-4091-81ba-767fb818b5f0/datanode-4/data/ratis/21ff3ec3-bf5d-4cdb-93c5-83e76fee22c4/current/log_inprogress_17
2019-10-15 09:31:12,854 [grpc-default-executor-13] WARN  server.GrpcLogAppender (LogUtils.java:warn(134)) - 7f7ba54c-1c2f-4142-941c-848476af84b1@group-83E76FEE22C4->afcd5ebb-a9d9-4a75-8b79-0cd3ce730bd4-AppendLogResponseHandler: Failed appendEntries: org.apache.ratis.thirdparty.io.grpc.StatusRuntimeException: UNAVAILABLE: io exception
2019-10-15 09:31:12,855 [grpc-default-executor-13] INFO  impl.FollowerInfo (FollowerInfo.java:lambda$new$0(51)) - 7f7ba54c-1c2f-4142-941c-848476af84b1@group-83E76FEE22C4->afcd5ebb-a9d9-4a75-8b79-0cd3ce730bd4: nextIndex: updateUnconditionally 2 -> 1
2019-10-15 09:31:12,862 [grpc-default-executor-13] WARN  server.GrpcLogAppender (LogUtils.java:warn(134)) - 7f7ba54c-1c2f-4142-941c-848476af84b1@group-83E76FEE22C4->afcd5ebb-a9d9-4a75-8b79-0cd3ce730bd4-AppendLogResponseHandler: Failed appendEntries: org.apache.ratis.thirdparty.io.grpc.StatusRuntimeException: UNAVAILABLE: io exception
2019-10-15 09:31:12,862 [grpc-default-executor-13] INFO  impl.FollowerInfo (FollowerInfo.java:lambda$new$0(51)) - 7f7ba54c-1c2f-4142-941c-848476af84b1@group-83E76FEE22C4->afcd5ebb-a9d9-4a75-8b79-0cd3ce730bd4: nextIndex: updateUnconditionally 2 -> 1
09:31:13.152 [grpc-default-executor-13] ERROR DNAudit - user=null | ip=null | op=WRITE_CHUNK {blockData=conID: 1 locID: 102965697281720333 bcsId: 14} | ret=FAILURE
org.apache.hadoop.hdds.scm.container.common.helpers.ContainerNotOpenException: Container 1 in CLOSING state
	at org.apache.hadoop.ozone.container.common.impl.HddsDispatcher.validateContainerCommand(HddsDispatcher.java:436) ~[hadoop-hdds-container-service-0.5.0-SNAPSHOT.jar:?]
	at org.apache.hadoop.ozone.container.common.transport.server.ratis.ContainerStateMachine.startTransaction(ContainerStateMachine.java:320) ~[hadoop-hdds-container-service-0.5.0-SNAPSHOT.jar:?]
	at org.apache.ratis.server.impl.RaftServerImpl.submitClientRequestAsync(RaftServerImpl.java:569) ~[ratis-server-0.5.0-201fc85-SNAPSHOT.jar:0.5.0-201fc85-SNAPSHOT]
	at org.apache.ratis.server.impl.RaftServerProxy.lambda$submitClientRequestAsync$7(RaftServerProxy.java:333) ~[ratis-server-0.5.0-201fc85-SNAPSHOT.jar:0.5.0-201fc85-SNAPSHOT]
	at org.apache.ratis.server.impl.RaftServerProxy.lambda$null$5(RaftServerProxy.java:328) ~[ratis-server-0.5.0-201fc85-SNAPSHOT.jar:0.5.0-201fc85-SNAPSHOT]
	at org.apache.ratis.util.JavaUtils.callAsUnchecked(JavaUtils.java:109) ~[ratis-common-0.5.0-201fc85-SNAPSHOT.jar:0.5.0-201fc85-SNAPSHOT]
	at org.apache.ratis.server.impl.RaftServerProxy.lambda$submitRequest$6(RaftServerProxy.java:328) ~[ratis-server-0.5.0-201fc85-SNAPSHOT.jar:0.5.0-201fc85-SNAPSHOT]
	at java.util.concurrent.CompletableFuture.uniComposeStage(CompletableFuture.java:981) ~[?:1.8.0_212]
	at java.util.concurrent.CompletableFuture.thenCompose(CompletableFuture.java:2124) ~[?:1.8.0_212]
	at org.apache.ratis.server.impl.RaftServerProxy.submitRequest(RaftServerProxy.java:327) ~[ratis-server-0.5.0-201fc85-SNAPSHOT.jar:0.5.0-201fc85-SNAPSHOT]
	at org.apache.ratis.server.impl.RaftServerProxy.submitClientRequestAsync(RaftServerProxy.java:333) ~[ratis-server-0.5.0-201fc85-SNAPSHOT.jar:0.5.0-201fc85-SNAPSHOT]
	at org.apache.ratis.grpc.client.GrpcClientProtocolService$RequestStreamObserver.processClientRequest(GrpcClientProtocolService.java:220) ~[ratis-grpc-0.5.0-201fc85-SNAPSHOT.jar:0.5.0-201fc85-SNAPSHOT]
	at org.apache.ratis.grpc.client.GrpcClientProtocolService$OrderedRequestStreamObserver.processClientRequest(GrpcClientProtocolService.java:326) ~[ratis-grpc-0.5.0-201fc85-SNAPSHOT.jar:0.5.0-201fc85-SNAPSHOT]
	at org.apache.ratis.util.SlidingWindow$Server.processRequestsFromHead(SlidingWindow.java:429) [ratis-common-0.5.0-201fc85-SNAPSHOT.jar:0.5.0-201fc85-SNAPSHOT]
	at org.apache.ratis.util.SlidingWindow$Server.receivedRequest(SlidingWindow.java:421) [ratis-common-0.5.0-201fc85-SNAPSHOT.jar:0.5.0-201fc85-SNAPSHOT]
	at org.apache.ratis.grpc.client.GrpcClientProtocolService$OrderedRequestStreamObserver.processClientRequest(GrpcClientProtocolService.java:345) [ratis-grpc-0.5.0-201fc85-SNAPSHOT.jar:0.5.0-201fc85-SNAPSHOT]
	at org.apache.ratis.grpc.client.GrpcClientProtocolService$RequestStreamObserver.onNext(GrpcClientProtocolService.java:240) [ratis-grpc-0.5.0-201fc85-SNAPSHOT.jar:0.5.0-201fc85-SNAPSHOT]
	at org.apache.ratis.grpc.client.GrpcClientProtocolService$RequestStreamObserver.onNext(GrpcClientProtocolService.java:168) [ratis-grpc-0.5.0-201fc85-SNAPSHOT.jar:0.5.0-201fc85-SNAPSHOT]
	at org.apache.ratis.thirdparty.io.grpc.stub.ServerCalls$StreamingServerCallHandler$StreamingServerCallListener.onMessage(ServerCalls.java:248) [ratis-thirdparty-misc-0.2.0.jar:0.2.0]
	at org.apache.ratis.thirdparty.io.grpc.internal.ServerCallImpl$ServerStreamListenerImpl.messagesAvailable(ServerCallImpl.java:263) [ratis-thirdparty-misc-0.2.0.jar:0.2.0]
	at org.apache.ratis.thirdparty.io.grpc.internal.ServerImpl$JumpToApplicationThreadServerStreamListener$1MessagesAvailable.runInContext(ServerImpl.java:686) [ratis-thirdparty-misc-0.2.0.jar:0.2.0]
	at org.apache.ratis.thirdparty.io.grpc.internal.ContextRunnable.run(ContextRunnable.java:37) [ratis-thirdparty-misc-0.2.0.jar:0.2.0]
	at org.apache.ratis.thirdparty.io.grpc.internal.SerializingExecutor.run(SerializingExecutor.java:123) [ratis-thirdparty-misc-0.2.0.jar:0.2.0]
	at java.util.concurrent.ThreadPoolExecutor.runWorker(ThreadPoolExecutor.java:1149) [?:1.8.0_212]
	at java.util.concurrent.ThreadPoolExecutor$Worker.run(ThreadPoolExecutor.java:624) [?:1.8.0_212]
	at java.lang.Thread.run(Thread.java:748) [?:1.8.0_212]
09:31:13.180 [grpc-default-executor-15] ERROR DNAudit - user=null | ip=null | op=WRITE_CHUNK {blockData=conID: 1 locID: 102965697281720333 bcsId: 14} | ret=FAILURE
org.apache.hadoop.hdds.scm.container.common.helpers.ContainerNotOpenException: Container 1 in CLOSING state
	at org.apache.hadoop.ozone.container.common.impl.HddsDispatcher.validateContainerCommand(HddsDispatcher.java:436) ~[hadoop-hdds-container-service-0.5.0-SNAPSHOT.jar:?]
	at org.apache.hadoop.ozone.container.common.transport.server.ratis.ContainerStateMachine.startTransaction(ContainerStateMachine.java:320) ~[hadoop-hdds-container-service-0.5.0-SNAPSHOT.jar:?]
	at org.apache.ratis.server.impl.RaftServerImpl.submitClientRequestAsync(RaftServerImpl.java:569) ~[ratis-server-0.5.0-201fc85-SNAPSHOT.jar:0.5.0-201fc85-SNAPSHOT]
	at org.apache.ratis.server.impl.RaftServerProxy.lambda$submitClientRequestAsync$7(RaftServerProxy.java:333) ~[ratis-server-0.5.0-201fc85-SNAPSHOT.jar:0.5.0-201fc85-SNAPSHOT]
	at org.apache.ratis.server.impl.RaftServerProxy.lambda$null$5(RaftServerProxy.java:328) ~[ratis-server-0.5.0-201fc85-SNAPSHOT.jar:0.5.0-201fc85-SNAPSHOT]
	at org.apache.ratis.util.JavaUtils.callAsUnchecked(JavaUtils.java:109) ~[ratis-common-0.5.0-201fc85-SNAPSHOT.jar:0.5.0-201fc85-SNAPSHOT]
	at org.apache.ratis.server.impl.RaftServerProxy.lambda$submitRequest$6(RaftServerProxy.java:328) ~[ratis-server-0.5.0-201fc85-SNAPSHOT.jar:0.5.0-201fc85-SNAPSHOT]
	at java.util.concurrent.CompletableFuture.uniComposeStage(CompletableFuture.java:981) ~[?:1.8.0_212]
	at java.util.concurrent.CompletableFuture.thenCompose(CompletableFuture.java:2124) ~[?:1.8.0_212]
	at org.apache.ratis.server.impl.RaftServerProxy.submitRequest(RaftServerProxy.java:327) ~[ratis-server-0.5.0-201fc85-SNAPSHOT.jar:0.5.0-201fc85-SNAPSHOT]
	at org.apache.ratis.server.impl.RaftServerProxy.submitClientRequestAsync(RaftServerProxy.java:333) ~[ratis-server-0.5.0-201fc85-SNAPSHOT.jar:0.5.0-201fc85-SNAPSHOT]
	at org.apache.ratis.grpc.client.GrpcClientProtocolService$RequestStreamObserver.processClientRequest(GrpcClientProtocolService.java:220) ~[ratis-grpc-0.5.0-201fc85-SNAPSHOT.jar:0.5.0-201fc85-SNAPSHOT]
	at org.apache.ratis.grpc.client.GrpcClientProtocolService$OrderedRequestStreamObserver.processClientRequest(GrpcClientProtocolService.java:326) ~[ratis-grpc-0.5.0-201fc85-SNAPSHOT.jar:0.5.0-201fc85-SNAPSHOT]
	at org.apache.ratis.util.SlidingWindow$Server.processRequestsFromHead(SlidingWindow.java:429) [ratis-common-0.5.0-201fc85-SNAPSHOT.jar:0.5.0-201fc85-SNAPSHOT]
	at org.apache.ratis.util.SlidingWindow$Server.receivedRequest(SlidingWindow.java:421) [ratis-common-0.5.0-201fc85-SNAPSHOT.jar:0.5.0-201fc85-SNAPSHOT]
	at org.apache.ratis.grpc.client.GrpcClientProtocolService$OrderedRequestStreamObserver.processClientRequest(GrpcClientProtocolService.java:345) [ratis-grpc-0.5.0-201fc85-SNAPSHOT.jar:0.5.0-201fc85-SNAPSHOT]
	at org.apache.ratis.grpc.client.GrpcClientProtocolService$RequestStreamObserver.onNext(GrpcClientProtocolService.java:240) [ratis-grpc-0.5.0-201fc85-SNAPSHOT.jar:0.5.0-201fc85-SNAPSHOT]
	at org.apache.ratis.grpc.client.GrpcClientProtocolService$RequestStreamObserver.onNext(GrpcClientProtocolService.java:168) [ratis-grpc-0.5.0-201fc85-SNAPSHOT.jar:0.5.0-201fc85-SNAPSHOT]
	at org.apache.ratis.thirdparty.io.grpc.stub.ServerCalls$StreamingServerCallHandler$StreamingServerCallListener.onMessage(ServerCalls.java:248) [ratis-thirdparty-misc-0.2.0.jar:0.2.0]
	at org.apache.ratis.thirdparty.io.grpc.internal.ServerCallImpl$ServerStreamListenerImpl.messagesAvailable(ServerCallImpl.java:263) [ratis-thirdparty-misc-0.2.0.jar:0.2.0]
	at org.apache.ratis.thirdparty.io.grpc.internal.ServerImpl$JumpToApplicationThreadServerStreamListener$1MessagesAvailable.runInContext(ServerImpl.java:686) [ratis-thirdparty-misc-0.2.0.jar:0.2.0]
	at org.apache.ratis.thirdparty.io.grpc.internal.ContextRunnable.run(ContextRunnable.java:37) [ratis-thirdparty-misc-0.2.0.jar:0.2.0]
	at org.apache.ratis.thirdparty.io.grpc.internal.SerializingExecutor.run(SerializingExecutor.java:123) [ratis-thirdparty-misc-0.2.0.jar:0.2.0]
	at java.util.concurrent.ThreadPoolExecutor.runWorker(ThreadPoolExecutor.java:1149) [?:1.8.0_212]
	at java.util.concurrent.ThreadPoolExecutor$Worker.run(ThreadPoolExecutor.java:624) [?:1.8.0_212]
	at java.lang.Thread.run(Thread.java:748) [?:1.8.0_212]
09:31:13.182 [grpc-default-executor-15] ERROR DNAudit - user=null | ip=null | op=PUT_BLOCK {blockData=[blockId=conID: 1 locID: 102965697281720333 bcsId: 0,size=650]} | ret=FAILURE
org.apache.hadoop.hdds.scm.container.common.helpers.ContainerNotOpenException: Container 1 in CLOSING state
	at org.apache.hadoop.ozone.container.common.impl.HddsDispatcher.validateContainerCommand(HddsDispatcher.java:436) ~[hadoop-hdds-container-service-0.5.0-SNAPSHOT.jar:?]
	at org.apache.hadoop.ozone.container.common.transport.server.ratis.ContainerStateMachine.startTransaction(ContainerStateMachine.java:320) ~[hadoop-hdds-container-service-0.5.0-SNAPSHOT.jar:?]
	at org.apache.ratis.server.impl.RaftServerImpl.submitClientRequestAsync(RaftServerImpl.java:569) ~[ratis-server-0.5.0-201fc85-SNAPSHOT.jar:0.5.0-201fc85-SNAPSHOT]
	at org.apache.ratis.server.impl.RaftServerProxy.lambda$submitClientRequestAsync$7(RaftServerProxy.java:333) ~[ratis-server-0.5.0-201fc85-SNAPSHOT.jar:0.5.0-201fc85-SNAPSHOT]
	at org.apache.ratis.server.impl.RaftServerProxy.lambda$null$5(RaftServerProxy.java:328) ~[ratis-server-0.5.0-201fc85-SNAPSHOT.jar:0.5.0-201fc85-SNAPSHOT]
	at org.apache.ratis.util.JavaUtils.callAsUnchecked(JavaUtils.java:109) ~[ratis-common-0.5.0-201fc85-SNAPSHOT.jar:0.5.0-201fc85-SNAPSHOT]
	at org.apache.ratis.server.impl.RaftServerProxy.lambda$submitRequest$6(RaftServerProxy.java:328) ~[ratis-server-0.5.0-201fc85-SNAPSHOT.jar:0.5.0-201fc85-SNAPSHOT]
	at java.util.concurrent.CompletableFuture.uniComposeStage(CompletableFuture.java:981) ~[?:1.8.0_212]
	at java.util.concurrent.CompletableFuture.thenCompose(CompletableFuture.java:2124) ~[?:1.8.0_212]
	at org.apache.ratis.server.impl.RaftServerProxy.submitRequest(RaftServerProxy.java:327) ~[ratis-server-0.5.0-201fc85-SNAPSHOT.jar:0.5.0-201fc85-SNAPSHOT]
	at org.apache.ratis.server.impl.RaftServerProxy.submitClientRequestAsync(RaftServerProxy.java:333) ~[ratis-server-0.5.0-201fc85-SNAPSHOT.jar:0.5.0-201fc85-SNAPSHOT]
	at org.apache.ratis.grpc.client.GrpcClientProtocolService$RequestStreamObserver.processClientRequest(GrpcClientProtocolService.java:220) ~[ratis-grpc-0.5.0-201fc85-SNAPSHOT.jar:0.5.0-201fc85-SNAPSHOT]
	at org.apache.ratis.grpc.client.GrpcClientProtocolService$OrderedRequestStreamObserver.processClientRequest(GrpcClientProtocolService.java:326) ~[ratis-grpc-0.5.0-201fc85-SNAPSHOT.jar:0.5.0-201fc85-SNAPSHOT]
	at org.apache.ratis.util.SlidingWindow$Server.processRequestsFromHead(SlidingWindow.java:429) [ratis-common-0.5.0-201fc85-SNAPSHOT.jar:0.5.0-201fc85-SNAPSHOT]
	at org.apache.ratis.util.SlidingWindow$Server.receivedRequest(SlidingWindow.java:421) [ratis-common-0.5.0-201fc85-SNAPSHOT.jar:0.5.0-201fc85-SNAPSHOT]
	at org.apache.ratis.grpc.client.GrpcClientProtocolService$OrderedRequestStreamObserver.processClientRequest(GrpcClientProtocolService.java:345) [ratis-grpc-0.5.0-201fc85-SNAPSHOT.jar:0.5.0-201fc85-SNAPSHOT]
	at org.apache.ratis.grpc.client.GrpcClientProtocolService$RequestStreamObserver.onNext(GrpcClientProtocolService.java:240) [ratis-grpc-0.5.0-201fc85-SNAPSHOT.jar:0.5.0-201fc85-SNAPSHOT]
	at org.apache.ratis.grpc.client.GrpcClientProtocolService$RequestStreamObserver.onNext(GrpcClientProtocolService.java:168) [ratis-grpc-0.5.0-201fc85-SNAPSHOT.jar:0.5.0-201fc85-SNAPSHOT]
	at org.apache.ratis.thirdparty.io.grpc.stub.ServerCalls$StreamingServerCallHandler$StreamingServerCallListener.onMessage(ServerCalls.java:248) [ratis-thirdparty-misc-0.2.0.jar:0.2.0]
	at org.apache.ratis.thirdparty.io.grpc.internal.ServerCallImpl$ServerStreamListenerImpl.messagesAvailable(ServerCallImpl.java:263) [ratis-thirdparty-misc-0.2.0.jar:0.2.0]
	at org.apache.ratis.thirdparty.io.grpc.internal.ServerImpl$JumpToApplicationThreadServerStreamListener$1MessagesAvailable.runInContext(ServerImpl.java:686) [ratis-thirdparty-misc-0.2.0.jar:0.2.0]
	at org.apache.ratis.thirdparty.io.grpc.internal.ContextRunnable.run(ContextRunnable.java:37) [ratis-thirdparty-misc-0.2.0.jar:0.2.0]
	at org.apache.ratis.thirdparty.io.grpc.internal.SerializingExecutor.run(SerializingExecutor.java:123) [ratis-thirdparty-misc-0.2.0.jar:0.2.0]
	at java.util.concurrent.ThreadPoolExecutor.runWorker(ThreadPoolExecutor.java:1149) [?:1.8.0_212]
	at java.util.concurrent.ThreadPoolExecutor$Worker.run(ThreadPoolExecutor.java:624) [?:1.8.0_212]
	at java.lang.Thread.run(Thread.java:748) [?:1.8.0_212]
09:31:13.204 [grpc-default-executor-15] ERROR DNAudit - user=null | ip=null | op=WRITE_CHUNK {blockData=conID: 1 locID: 102965697281720333 bcsId: 14} | ret=FAILURE
org.apache.hadoop.hdds.scm.container.common.helpers.ContainerNotOpenException: Container 1 in CLOSING state
	at org.apache.hadoop.ozone.container.common.impl.HddsDispatcher.validateContainerCommand(HddsDispatcher.java:436) ~[hadoop-hdds-container-service-0.5.0-SNAPSHOT.jar:?]
	at org.apache.hadoop.ozone.container.common.transport.server.ratis.ContainerStateMachine.startTransaction(ContainerStateMachine.java:320) ~[hadoop-hdds-container-service-0.5.0-SNAPSHOT.jar:?]
	at org.apache.ratis.server.impl.RaftServerImpl.submitClientRequestAsync(RaftServerImpl.java:569) ~[ratis-server-0.5.0-201fc85-SNAPSHOT.jar:0.5.0-201fc85-SNAPSHOT]
	at org.apache.ratis.server.impl.RaftServerProxy.lambda$submitClientRequestAsync$7(RaftServerProxy.java:333) ~[ratis-server-0.5.0-201fc85-SNAPSHOT.jar:0.5.0-201fc85-SNAPSHOT]
	at org.apache.ratis.server.impl.RaftServerProxy.lambda$null$5(RaftServerProxy.java:328) ~[ratis-server-0.5.0-201fc85-SNAPSHOT.jar:0.5.0-201fc85-SNAPSHOT]
	at org.apache.ratis.util.JavaUtils.callAsUnchecked(JavaUtils.java:109) ~[ratis-common-0.5.0-201fc85-SNAPSHOT.jar:0.5.0-201fc85-SNAPSHOT]
	at org.apache.ratis.server.impl.RaftServerProxy.lambda$submitRequest$6(RaftServerProxy.java:328) ~[ratis-server-0.5.0-201fc85-SNAPSHOT.jar:0.5.0-201fc85-SNAPSHOT]
	at java.util.concurrent.CompletableFuture.uniComposeStage(CompletableFuture.java:981) ~[?:1.8.0_212]
	at java.util.concurrent.CompletableFuture.thenCompose(CompletableFuture.java:2124) ~[?:1.8.0_212]
	at org.apache.ratis.server.impl.RaftServerProxy.submitRequest(RaftServerProxy.java:327) ~[ratis-server-0.5.0-201fc85-SNAPSHOT.jar:0.5.0-201fc85-SNAPSHOT]
	at org.apache.ratis.server.impl.RaftServerProxy.submitClientRequestAsync(RaftServerProxy.java:333) ~[ratis-server-0.5.0-201fc85-SNAPSHOT.jar:0.5.0-201fc85-SNAPSHOT]
	at org.apache.ratis.grpc.client.GrpcClientProtocolService$RequestStreamObserver.processClientRequest(GrpcClientProtocolService.java:220) ~[ratis-grpc-0.5.0-201fc85-SNAPSHOT.jar:0.5.0-201fc85-SNAPSHOT]
	at org.apache.ratis.grpc.client.GrpcClientProtocolService$OrderedRequestStreamObserver.processClientRequest(GrpcClientProtocolService.java:326) ~[ratis-grpc-0.5.0-201fc85-SNAPSHOT.jar:0.5.0-201fc85-SNAPSHOT]
	at org.apache.ratis.util.SlidingWindow$Server.processRequestsFromHead(SlidingWindow.java:429) [ratis-common-0.5.0-201fc85-SNAPSHOT.jar:0.5.0-201fc85-SNAPSHOT]
	at org.apache.ratis.util.SlidingWindow$Server.receivedRequest(SlidingWindow.java:421) [ratis-common-0.5.0-201fc85-SNAPSHOT.jar:0.5.0-201fc85-SNAPSHOT]
	at org.apache.ratis.grpc.client.GrpcClientProtocolService$OrderedRequestStreamObserver.processClientRequest(GrpcClientProtocolService.java:345) [ratis-grpc-0.5.0-201fc85-SNAPSHOT.jar:0.5.0-201fc85-SNAPSHOT]
	at org.apache.ratis.grpc.client.GrpcClientProtocolService$RequestStreamObserver.onNext(GrpcClientProtocolService.java:240) [ratis-grpc-0.5.0-201fc85-SNAPSHOT.jar:0.5.0-201fc85-SNAPSHOT]
	at org.apache.ratis.grpc.client.GrpcClientProtocolService$RequestStreamObserver.onNext(GrpcClientProtocolService.java:168) [ratis-grpc-0.5.0-201fc85-SNAPSHOT.jar:0.5.0-201fc85-SNAPSHOT]
	at org.apache.ratis.thirdparty.io.grpc.stub.ServerCalls$StreamingServerCallHandler$StreamingServerCallListener.onMessage(ServerCalls.java:248) [ratis-thirdparty-misc-0.2.0.jar:0.2.0]
	at org.apache.ratis.thirdparty.io.grpc.internal.ServerCallImpl$ServerStreamListenerImpl.messagesAvailable(ServerCallImpl.java:263) [ratis-thirdparty-misc-0.2.0.jar:0.2.0]
	at org.apache.ratis.thirdparty.io.grpc.internal.ServerImpl$JumpToApplicationThreadServerStreamListener$1MessagesAvailable.runInContext(ServerImpl.java:686) [ratis-thirdparty-misc-0.2.0.jar:0.2.0]
	at org.apache.ratis.thirdparty.io.grpc.internal.ContextRunnable.run(ContextRunnable.java:37) [ratis-thirdparty-misc-0.2.0.jar:0.2.0]
	at org.apache.ratis.thirdparty.io.grpc.internal.SerializingExecutor.run(SerializingExecutor.java:123) [ratis-thirdparty-misc-0.2.0.jar:0.2.0]
	at java.util.concurrent.ThreadPoolExecutor.runWorker(ThreadPoolExecutor.java:1149) [?:1.8.0_212]
	at java.util.concurrent.ThreadPoolExecutor$Worker.run(ThreadPoolExecutor.java:624) [?:1.8.0_212]
	at java.lang.Thread.run(Thread.java:748) [?:1.8.0_212]
09:31:13.206 [grpc-default-executor-15] ERROR DNAudit - user=null | ip=null | op=WRITE_CHUNK {blockData=conID: 1 locID: 102965697281720333 bcsId: 14} | ret=FAILURE
org.apache.hadoop.hdds.scm.container.common.helpers.ContainerNotOpenException: Container 1 in CLOSING state
	at org.apache.hadoop.ozone.container.common.impl.HddsDispatcher.validateContainerCommand(HddsDispatcher.java:436) ~[hadoop-hdds-container-service-0.5.0-SNAPSHOT.jar:?]
	at org.apache.hadoop.ozone.container.common.transport.server.ratis.ContainerStateMachine.startTransaction(ContainerStateMachine.java:320) ~[hadoop-hdds-container-service-0.5.0-SNAPSHOT.jar:?]
	at org.apache.ratis.server.impl.RaftServerImpl.submitClientRequestAsync(RaftServerImpl.java:569) ~[ratis-server-0.5.0-201fc85-SNAPSHOT.jar:0.5.0-201fc85-SNAPSHOT]
	at org.apache.ratis.server.impl.RaftServerProxy.lambda$submitClientRequestAsync$7(RaftServerProxy.java:333) ~[ratis-server-0.5.0-201fc85-SNAPSHOT.jar:0.5.0-201fc85-SNAPSHOT]
	at org.apache.ratis.server.impl.RaftServerProxy.lambda$null$5(RaftServerProxy.java:328) ~[ratis-server-0.5.0-201fc85-SNAPSHOT.jar:0.5.0-201fc85-SNAPSHOT]
	at org.apache.ratis.util.JavaUtils.callAsUnchecked(JavaUtils.java:109) ~[ratis-common-0.5.0-201fc85-SNAPSHOT.jar:0.5.0-201fc85-SNAPSHOT]
	at org.apache.ratis.server.impl.RaftServerProxy.lambda$submitRequest$6(RaftServerProxy.java:328) ~[ratis-server-0.5.0-201fc85-SNAPSHOT.jar:0.5.0-201fc85-SNAPSHOT]
	at java.util.concurrent.CompletableFuture.uniComposeStage(CompletableFuture.java:981) ~[?:1.8.0_212]
	at java.util.concurrent.CompletableFuture.thenCompose(CompletableFuture.java:2124) ~[?:1.8.0_212]
	at org.apache.ratis.server.impl.RaftServerProxy.submitRequest(RaftServerProxy.java:327) ~[ratis-server-0.5.0-201fc85-SNAPSHOT.jar:0.5.0-201fc85-SNAPSHOT]
	at org.apache.ratis.server.impl.RaftServerProxy.submitClientRequestAsync(RaftServerProxy.java:333) ~[ratis-server-0.5.0-201fc85-SNAPSHOT.jar:0.5.0-201fc85-SNAPSHOT]
	at org.apache.ratis.grpc.client.GrpcClientProtocolService$RequestStreamObserver.processClientRequest(GrpcClientProtocolService.java:220) ~[ratis-grpc-0.5.0-201fc85-SNAPSHOT.jar:0.5.0-201fc85-SNAPSHOT]
	at org.apache.ratis.grpc.client.GrpcClientProtocolService$OrderedRequestStreamObserver.processClientRequest(GrpcClientProtocolService.java:326) ~[ratis-grpc-0.5.0-201fc85-SNAPSHOT.jar:0.5.0-201fc85-SNAPSHOT]
	at org.apache.ratis.util.SlidingWindow$Server.processRequestsFromHead(SlidingWindow.java:429) [ratis-common-0.5.0-201fc85-SNAPSHOT.jar:0.5.0-201fc85-SNAPSHOT]
	at org.apache.ratis.util.SlidingWindow$Server.receivedRequest(SlidingWindow.java:421) [ratis-common-0.5.0-201fc85-SNAPSHOT.jar:0.5.0-201fc85-SNAPSHOT]
	at org.apache.ratis.grpc.client.GrpcClientProtocolService$OrderedRequestStreamObserver.processClientRequest(GrpcClientProtocolService.java:345) [ratis-grpc-0.5.0-201fc85-SNAPSHOT.jar:0.5.0-201fc85-SNAPSHOT]
	at org.apache.ratis.grpc.client.GrpcClientProtocolService$RequestStreamObserver.onNext(GrpcClientProtocolService.java:240) [ratis-grpc-0.5.0-201fc85-SNAPSHOT.jar:0.5.0-201fc85-SNAPSHOT]
	at org.apache.ratis.grpc.client.GrpcClientProtocolService$RequestStreamObserver.onNext(GrpcClientProtocolService.java:168) [ratis-grpc-0.5.0-201fc85-SNAPSHOT.jar:0.5.0-201fc85-SNAPSHOT]
	at org.apache.ratis.thirdparty.io.grpc.stub.ServerCalls$StreamingServerCallHandler$StreamingServerCallListener.onMessage(ServerCalls.java:248) [ratis-thirdparty-misc-0.2.0.jar:0.2.0]
	at org.apache.ratis.thirdparty.io.grpc.internal.ServerCallImpl$ServerStreamListenerImpl.messagesAvailable(ServerCallImpl.java:263) [ratis-thirdparty-misc-0.2.0.jar:0.2.0]
	at org.apache.ratis.thirdparty.io.grpc.internal.ServerImpl$JumpToApplicationThreadServerStreamListener$1MessagesAvailable.runInContext(ServerImpl.java:686) [ratis-thirdparty-misc-0.2.0.jar:0.2.0]
	at org.apache.ratis.thirdparty.io.grpc.internal.ContextRunnable.run(ContextRunnable.java:37) [ratis-thirdparty-misc-0.2.0.jar:0.2.0]
	at org.apache.ratis.thirdparty.io.grpc.internal.SerializingExecutor.run(SerializingExecutor.java:123) [ratis-thirdparty-misc-0.2.0.jar:0.2.0]
	at java.util.concurrent.ThreadPoolExecutor.runWorker(ThreadPoolExecutor.java:1149) [?:1.8.0_212]
	at java.util.concurrent.ThreadPoolExecutor$Worker.run(ThreadPoolExecutor.java:624) [?:1.8.0_212]
	at java.lang.Thread.run(Thread.java:748) [?:1.8.0_212]
09:31:13.213 [grpc-default-executor-15] ERROR DNAudit - user=null | ip=null | op=PUT_BLOCK {blockData=[blockId=conID: 1 locID: 102965697281720333 bcsId: 0,size=800]} | ret=FAILURE
org.apache.hadoop.hdds.scm.container.common.helpers.ContainerNotOpenException: Container 1 in CLOSING state
	at org.apache.hadoop.ozone.container.common.impl.HddsDispatcher.validateContainerCommand(HddsDispatcher.java:436) ~[hadoop-hdds-container-service-0.5.0-SNAPSHOT.jar:?]
	at org.apache.hadoop.ozone.container.common.transport.server.ratis.ContainerStateMachine.startTransaction(ContainerStateMachine.java:320) ~[hadoop-hdds-container-service-0.5.0-SNAPSHOT.jar:?]
	at org.apache.ratis.server.impl.RaftServerImpl.submitClientRequestAsync(RaftServerImpl.java:569) ~[ratis-server-0.5.0-201fc85-SNAPSHOT.jar:0.5.0-201fc85-SNAPSHOT]
	at org.apache.ratis.server.impl.RaftServerProxy.lambda$submitClientRequestAsync$7(RaftServerProxy.java:333) ~[ratis-server-0.5.0-201fc85-SNAPSHOT.jar:0.5.0-201fc85-SNAPSHOT]
	at org.apache.ratis.server.impl.RaftServerProxy.lambda$null$5(RaftServerProxy.java:328) ~[ratis-server-0.5.0-201fc85-SNAPSHOT.jar:0.5.0-201fc85-SNAPSHOT]
	at org.apache.ratis.util.JavaUtils.callAsUnchecked(JavaUtils.java:109) ~[ratis-common-0.5.0-201fc85-SNAPSHOT.jar:0.5.0-201fc85-SNAPSHOT]
	at org.apache.ratis.server.impl.RaftServerProxy.lambda$submitRequest$6(RaftServerProxy.java:328) ~[ratis-server-0.5.0-201fc85-SNAPSHOT.jar:0.5.0-201fc85-SNAPSHOT]
	at java.util.concurrent.CompletableFuture.uniComposeStage(CompletableFuture.java:981) ~[?:1.8.0_212]
	at java.util.concurrent.CompletableFuture.thenCompose(CompletableFuture.java:2124) ~[?:1.8.0_212]
	at org.apache.ratis.server.impl.RaftServerProxy.submitRequest(RaftServerProxy.java:327) ~[ratis-server-0.5.0-201fc85-SNAPSHOT.jar:0.5.0-201fc85-SNAPSHOT]
	at org.apache.ratis.server.impl.RaftServerProxy.submitClientRequestAsync(RaftServerProxy.java:333) ~[ratis-server-0.5.0-201fc85-SNAPSHOT.jar:0.5.0-201fc85-SNAPSHOT]
	at org.apache.ratis.grpc.client.GrpcClientProtocolService$RequestStreamObserver.processClientRequest(GrpcClientProtocolService.java:220) ~[ratis-grpc-0.5.0-201fc85-SNAPSHOT.jar:0.5.0-201fc85-SNAPSHOT]
	at org.apache.ratis.grpc.client.GrpcClientProtocolService$OrderedRequestStreamObserver.processClientRequest(GrpcClientProtocolService.java:326) ~[ratis-grpc-0.5.0-201fc85-SNAPSHOT.jar:0.5.0-201fc85-SNAPSHOT]
	at org.apache.ratis.util.SlidingWindow$Server.processRequestsFromHead(SlidingWindow.java:429) [ratis-common-0.5.0-201fc85-SNAPSHOT.jar:0.5.0-201fc85-SNAPSHOT]
	at org.apache.ratis.util.SlidingWindow$Server.receivedRequest(SlidingWindow.java:421) [ratis-common-0.5.0-201fc85-SNAPSHOT.jar:0.5.0-201fc85-SNAPSHOT]
	at org.apache.ratis.grpc.client.GrpcClientProtocolService$OrderedRequestStreamObserver.processClientRequest(GrpcClientProtocolService.java:345) [ratis-grpc-0.5.0-201fc85-SNAPSHOT.jar:0.5.0-201fc85-SNAPSHOT]
	at org.apache.ratis.grpc.client.GrpcClientProtocolService$RequestStreamObserver.onNext(GrpcClientProtocolService.java:240) [ratis-grpc-0.5.0-201fc85-SNAPSHOT.jar:0.5.0-201fc85-SNAPSHOT]
	at org.apache.ratis.grpc.client.GrpcClientProtocolService$RequestStreamObserver.onNext(GrpcClientProtocolService.java:168) [ratis-grpc-0.5.0-201fc85-SNAPSHOT.jar:0.5.0-201fc85-SNAPSHOT]
	at org.apache.ratis.thirdparty.io.grpc.stub.ServerCalls$StreamingServerCallHandler$StreamingServerCallListener.onMessage(ServerCalls.java:248) [ratis-thirdparty-misc-0.2.0.jar:0.2.0]
	at org.apache.ratis.thirdparty.io.grpc.internal.ServerCallImpl$ServerStreamListenerImpl.messagesAvailable(ServerCallImpl.java:263) [ratis-thirdparty-misc-0.2.0.jar:0.2.0]
	at org.apache.ratis.thirdparty.io.grpc.internal.ServerImpl$JumpToApplicationThreadServerStreamListener$1MessagesAvailable.runInContext(ServerImpl.java:686) [ratis-thirdparty-misc-0.2.0.jar:0.2.0]
	at org.apache.ratis.thirdparty.io.grpc.internal.ContextRunnable.run(ContextRunnable.java:37) [ratis-thirdparty-misc-0.2.0.jar:0.2.0]
	at org.apache.ratis.thirdparty.io.grpc.internal.SerializingExecutor.run(SerializingExecutor.java:123) [ratis-thirdparty-misc-0.2.0.jar:0.2.0]
	at java.util.concurrent.ThreadPoolExecutor.runWorker(ThreadPoolExecutor.java:1149) [?:1.8.0_212]
	at java.util.concurrent.ThreadPoolExecutor$Worker.run(ThreadPoolExecutor.java:624) [?:1.8.0_212]
	at java.lang.Thread.run(Thread.java:748) [?:1.8.0_212]
2019-10-15 09:31:13,570 [main] INFO  ozone.MiniOzoneClusterImpl (MiniOzoneClusterImpl.java:shutdown(319)) - Shutting down the Mini Ozone Cluster
2019-10-15 09:31:13,571 [main] INFO  ozone.MiniOzoneClusterImpl (MiniOzoneClusterImpl.java:stop(335)) - Stopping the Mini Ozone Cluster
2019-10-15 09:31:13,571 [main] INFO  ozone.MiniOzoneClusterImpl (MiniOzoneClusterImpl.java:stopOM(405)) - Stopping the OzoneManager
2019-10-15 09:31:13,571 [main] INFO  ipc.Server (Server.java:stop(3082)) - Stopping server on 45439
2019-10-15 09:31:13,589 [IPC Server listener on 45439] INFO  ipc.Server (Server.java:run(1185)) - Stopping IPC Server listener on 45439
2019-10-15 09:31:13,589 [main] INFO  ratis.OzoneManagerDoubleBuffer (OzoneManagerDoubleBuffer.java:stop(250)) - Stopping OMDoubleBuffer flush thread
2019-10-15 09:31:13,589 [IPC Server Responder] INFO  ipc.Server (Server.java:run(1319)) - Stopping IPC Server Responder
2019-10-15 09:31:13,591 [OMDoubleBufferFlushThread] INFO  ratis.OzoneManagerDoubleBuffer (OzoneManagerDoubleBuffer.java:flushTransactions(193)) - OMDoubleBuffer flush thread OMDoubleBufferFlushThread is interrupted and will exit. OMDoubleBufferFlushThread
2019-10-15 09:31:13,592 [main] INFO  utils.BackgroundService (BackgroundService.java:shutdown(151)) - Shutting down service KeyDeletingService
2019-10-15 09:31:13,593 [main] INFO  handler.ContextHandler (ContextHandler.java:doStop(910)) - Stopped o.e.j.w.WebAppContext@1fe8f5e8{/,null,UNAVAILABLE}{/ozoneManager}
2019-10-15 09:31:13,593 [main] INFO  server.AbstractConnector (AbstractConnector.java:doStop(318)) - Stopped ServerConnector@39449465{HTTP/1.1,[http/1.1]}{0.0.0.0:0}
2019-10-15 09:31:13,594 [main] INFO  handler.ContextHandler (ContextHandler.java:doStop(910)) - Stopped o.e.j.s.ServletContextHandler@7dbae40{/static,file:///workdir/hadoop-ozone/integration-test/target/test-classes/webapps/static,UNAVAILABLE}
2019-10-15 09:31:13,594 [main] INFO  handler.ContextHandler (ContextHandler.java:doStop(910)) - Stopped o.e.j.s.ServletContextHandler@73a845cb{/logs,file:///workdir/hadoop-ozone/integration-test/target/log,UNAVAILABLE}
2019-10-15 09:31:13,601 [main] INFO  ozone.MiniOzoneClusterImpl (MiniOzoneClusterImpl.java:stopDatanodes(382)) - Stopping the HddsDatanodes
2019-10-15 09:31:13,813 [Datanode State Machine Thread - 0] INFO  statemachine.DatanodeStateMachine (DatanodeStateMachine.java:lambda$startDaemon$0(356)) - Ozone container server started.
2019-10-15 09:31:14,389 [Datanode State Machine Thread - 0] INFO  statemachine.DatanodeStateMachine (DatanodeStateMachine.java:lambda$startDaemon$0(356)) - Ozone container server started.
2019-10-15 09:31:15,363 [grpc-default-executor-13] WARN  server.GrpcLogAppender (LogUtils.java:warn(134)) - 7f7ba54c-1c2f-4142-941c-848476af84b1@group-83E76FEE22C4->afcd5ebb-a9d9-4a75-8b79-0cd3ce730bd4-AppendLogResponseHandler: Failed appendEntries: org.apache.ratis.thirdparty.io.grpc.StatusRuntimeException: UNAVAILABLE: io exception
2019-10-15 09:31:15,374 [grpc-default-executor-13] INFO  impl.FollowerInfo (FollowerInfo.java:lambda$new$0(51)) - 7f7ba54c-1c2f-4142-941c-848476af84b1@group-83E76FEE22C4->afcd5ebb-a9d9-4a75-8b79-0cd3ce730bd4: nextIndex: updateUnconditionally 1 -> 0
2019-10-15 09:31:17,864 [grpc-default-executor-13] WARN  server.GrpcLogAppender (LogUtils.java:warn(134)) - 7f7ba54c-1c2f-4142-941c-848476af84b1@group-83E76FEE22C4->afcd5ebb-a9d9-4a75-8b79-0cd3ce730bd4-AppendLogResponseHandler: Failed appendEntries: org.apache.ratis.thirdparty.io.grpc.StatusRuntimeException: UNAVAILABLE: io exception
2019-10-15 09:31:17,865 [grpc-default-executor-13] INFO  impl.FollowerInfo (FollowerInfo.java:lambda$new$0(51)) - 7f7ba54c-1c2f-4142-941c-848476af84b1@group-83E76FEE22C4->afcd5ebb-a9d9-4a75-8b79-0cd3ce730bd4: nextIndex: updateUnconditionally 0 -> 0
2019-10-15 09:31:17,908 [EventQueue-StaleNodeForStaleNodeHandler] INFO  node.StaleNodeHandler (StaleNodeHandler.java:onMessage(58)) - Datanode d505649b-5973-4d55-8d3f-ba249cb836d3{ip: 192.168.5.139, host: pr-hdds-2034-mt9tt-727200918, networkLocation: /default-rack, certSerialId: null} moved to stale state. Finalizing its pipelines [PipelineID=56e4d440-8823-4e7e-b146-87df2ac1f3c3, PipelineID=21ff3ec3-bf5d-4cdb-93c5-83e76fee22c4]
2019-10-15 09:31:17,908 [EventQueue-StaleNodeForStaleNodeHandler] INFO  pipeline.SCMPipelineManager (SCMPipelineManager.java:finalizeAndDestroyPipeline(354)) - destroying pipeline:Pipeline[ Id: 56e4d440-8823-4e7e-b146-87df2ac1f3c3, Nodes: d505649b-5973-4d55-8d3f-ba249cb836d3{ip: 192.168.5.139, host: pr-hdds-2034-mt9tt-727200918, networkLocation: /default-rack, certSerialId: null}, Type:RATIS, Factor:ONE, State:OPEN]
2019-10-15 09:31:17,908 [EventQueue-StaleNodeForStaleNodeHandler] INFO  pipeline.PipelineStateManager (PipelineStateManager.java:finalizePipeline(123)) - Pipeline Pipeline[ Id: 56e4d440-8823-4e7e-b146-87df2ac1f3c3, Nodes: d505649b-5973-4d55-8d3f-ba249cb836d3{ip: 192.168.5.139, host: pr-hdds-2034-mt9tt-727200918, networkLocation: /default-rack, certSerialId: null}, Type:RATIS, Factor:ONE, State:CLOSED] moved to CLOSED state
2019-10-15 09:31:17,909 [EventQueue-StaleNodeForStaleNodeHandler] INFO  pipeline.SCMPipelineManager (SCMPipelineManager.java:finalizeAndDestroyPipeline(354)) - destroying pipeline:Pipeline[ Id: 21ff3ec3-bf5d-4cdb-93c5-83e76fee22c4, Nodes: afcd5ebb-a9d9-4a75-8b79-0cd3ce730bd4{ip: 192.168.5.139, host: pr-hdds-2034-mt9tt-727200918, networkLocation: /default-rack, certSerialId: null}d505649b-5973-4d55-8d3f-ba249cb836d3{ip: 192.168.5.139, host: pr-hdds-2034-mt9tt-727200918, networkLocation: /default-rack, certSerialId: null}7f7ba54c-1c2f-4142-941c-848476af84b1{ip: 192.168.5.139, host: pr-hdds-2034-mt9tt-727200918, networkLocation: /default-rack, certSerialId: null}, Type:RATIS, Factor:THREE, State:CLOSED]
2019-10-15 09:31:18,409 [EventQueue-StaleNodeForStaleNodeHandler] INFO  node.StaleNodeHandler (StaleNodeHandler.java:onMessage(58)) - Datanode ae849fbe-d7af-4b6d-ba68-65e2a663a917{ip: 192.168.5.139, host: pr-hdds-2034-mt9tt-727200918, networkLocation: /default-rack, certSerialId: null} moved to stale state. Finalizing its pipelines [PipelineID=7f7b5571-2d8d-4086-bef2-f8894aea8cd5, PipelineID=dca68d9a-b709-4a32-a0d4-17693d3914ee]
2019-10-15 09:31:18,409 [EventQueue-StaleNodeForStaleNodeHandler] INFO  pipeline.SCMPipelineManager (SCMPipelineManager.java:finalizeAndDestroyPipeline(354)) - destroying pipeline:Pipeline[ Id: 7f7b5571-2d8d-4086-bef2-f8894aea8cd5, Nodes: ae849fbe-d7af-4b6d-ba68-65e2a663a917{ip: 192.168.5.139, host: pr-hdds-2034-mt9tt-727200918, networkLocation: /default-rack, certSerialId: null}92e13dd7-88b7-4477-81d2-746904c33e64{ip: 192.168.5.139, host: pr-hdds-2034-mt9tt-727200918, networkLocation: /default-rack, certSerialId: null}25136bf1-57af-4fb5-af68-1d44ce82afaa{ip: 192.168.5.139, host: pr-hdds-2034-mt9tt-727200918, networkLocation: /default-rack, certSerialId: null}, Type:RATIS, Factor:THREE, State:OPEN]
2019-10-15 09:31:18,409 [EventQueue-StaleNodeForStaleNodeHandler] INFO  pipeline.PipelineStateManager (PipelineStateManager.java:finalizePipeline(123)) - Pipeline Pipeline[ Id: 7f7b5571-2d8d-4086-bef2-f8894aea8cd5, Nodes: ae849fbe-d7af-4b6d-ba68-65e2a663a917{ip: 192.168.5.139, host: pr-hdds-2034-mt9tt-727200918, networkLocation: /default-rack, certSerialId: null}92e13dd7-88b7-4477-81d2-746904c33e64{ip: 192.168.5.139, host: pr-hdds-2034-mt9tt-727200918, networkLocation: /default-rack, certSerialId: null}25136bf1-57af-4fb5-af68-1d44ce82afaa{ip: 192.168.5.139, host: pr-hdds-2034-mt9tt-727200918, networkLocation: /default-rack, certSerialId: null}, Type:RATIS, Factor:THREE, State:CLOSED] moved to CLOSED state
2019-10-15 09:31:18,409 [EventQueue-CloseContainerForCloseContainerEventHandler] INFO  container.CloseContainerEventHandler (CloseContainerEventHandler.java:onMessage(61)) - Close container Event triggered for container : #2
2019-10-15 09:31:18,414 [EventQueue-StaleNodeForStaleNodeHandler] INFO  pipeline.SCMPipelineManager (SCMPipelineManager.java:finalizeAndDestroyPipeline(354)) - destroying pipeline:Pipeline[ Id: dca68d9a-b709-4a32-a0d4-17693d3914ee, Nodes: ae849fbe-d7af-4b6d-ba68-65e2a663a917{ip: 192.168.5.139, host: pr-hdds-2034-mt9tt-727200918, networkLocation: /default-rack, certSerialId: null}, Type:RATIS, Factor:ONE, State:OPEN]
2019-10-15 09:31:18,416 [EventQueue-StaleNodeForStaleNodeHandler] INFO  pipeline.PipelineStateManager (PipelineStateManager.java:finalizePipeline(123)) - Pipeline Pipeline[ Id: dca68d9a-b709-4a32-a0d4-17693d3914ee, Nodes: ae849fbe-d7af-4b6d-ba68-65e2a663a917{ip: 192.168.5.139, host: pr-hdds-2034-mt9tt-727200918, networkLocation: /default-rack, certSerialId: null}, Type:RATIS, Factor:ONE, State:CLOSED] moved to CLOSED state
2019-10-15 09:31:18,602 [main] INFO  ozoneimpl.OzoneContainer (OzoneContainer.java:stop(227)) - Attempting to stop container services.
2019-10-15 09:31:18,602 [ForkJoinPool.commonPool-worker-1] INFO  ozoneimpl.OzoneContainer (OzoneContainer.java:stop(227)) - Attempting to stop container services.
2019-10-15 09:31:18,603 [main] INFO  impl.RaftServerProxy (RaftServerProxy.java:lambda$close$4(314)) - d505649b-5973-4d55-8d3f-ba249cb836d3: close
2019-10-15 09:31:18,603 [ForkJoinPool.commonPool-worker-1] INFO  impl.RaftServerProxy (RaftServerProxy.java:lambda$close$4(314)) - ae849fbe-d7af-4b6d-ba68-65e2a663a917: close
2019-10-15 09:31:18,603 [main] INFO  impl.RaftServerImpl (RaftServerImpl.java:lambda$shutdown$3(247)) - d505649b-5973-4d55-8d3f-ba249cb836d3@group-87DF2AC1F3C3: shutdown
2019-10-15 09:31:18,603 [ForkJoinPool.commonPool-worker-1] INFO  impl.RaftServerImpl (RaftServerImpl.java:lambda$shutdown$3(247)) - ae849fbe-d7af-4b6d-ba68-65e2a663a917@group-F8894AEA8CD5: shutdown
2019-10-15 09:31:18,604 [main] INFO  util.JmxRegister (JmxRegister.java:unregister(73)) - Successfully un-registered JMX Bean with object name Ratis:service=RaftServer,group=group-87DF2AC1F3C3,id=d505649b-5973-4d55-8d3f-ba249cb836d3
2019-10-15 09:31:18,604 [ForkJoinPool.commonPool-worker-1] INFO  util.JmxRegister (JmxRegister.java:unregister(73)) - Successfully un-registered JMX Bean with object name Ratis:service=RaftServer,group=group-F8894AEA8CD5,id=ae849fbe-d7af-4b6d-ba68-65e2a663a917
2019-10-15 09:31:18,604 [main] INFO  impl.RoleInfo (RoleInfo.java:shutdownLeaderState(104)) - d505649b-5973-4d55-8d3f-ba249cb836d3: shutdown LeaderState
2019-10-15 09:31:18,604 [ForkJoinPool.commonPool-worker-1] INFO  impl.RoleInfo (RoleInfo.java:shutdownFollowerState(121)) - ae849fbe-d7af-4b6d-ba68-65e2a663a917: shutdown FollowerState
2019-10-15 09:31:18,605 [main] INFO  impl.PendingRequests (PendingRequests.java:sendNotLeaderResponses(202)) - d505649b-5973-4d55-8d3f-ba249cb836d3@group-87DF2AC1F3C3-PendingRequests: sendNotLeaderResponses
2019-10-15 09:31:18,605 [Thread-2922] INFO  impl.FollowerState (FollowerState.java:run(117)) - ae849fbe-d7af-4b6d-ba68-65e2a663a917@group-F8894AEA8CD5-FollowerState was interrupted: java.lang.InterruptedException: sleep interrupted
2019-10-15 09:31:18,605 [ForkJoinPool.commonPool-worker-1] INFO  impl.StateMachineUpdater (StateMachineUpdater.java:stopAndJoin(136)) - ae849fbe-d7af-4b6d-ba68-65e2a663a917@group-F8894AEA8CD5-StateMachineUpdater: set stopIndex = 16
2019-10-15 09:31:18,610 [main] INFO  impl.StateMachineUpdater (StateMachineUpdater.java:stopAndJoin(136)) - d505649b-5973-4d55-8d3f-ba249cb836d3@group-87DF2AC1F3C3-StateMachineUpdater: set stopIndex = 0
2019-10-15 09:31:18,610 [main] INFO  impl.RaftServerImpl (ServerState.java:close(387)) - d505649b-5973-4d55-8d3f-ba249cb836d3@group-87DF2AC1F3C3: closes. applyIndex: 0
2019-10-15 09:31:18,605 [ae849fbe-d7af-4b6d-ba68-65e2a663a917@group-F8894AEA8CD5-StateMachineUpdater] INFO  ratis.ContainerStateMachine (ContainerStateMachine.java:takeSnapshot(294)) - group-F8894AEA8CD5: Taking a snapshot at:(t:1, i:14) file /workdir/hadoop-ozone/integration-test/target/test-dir/MiniOzoneClusterImpl-56cf674f-c5b4-4091-81ba-767fb818b5f0/datanode-1/data/ratis/7f7b5571-2d8d-4086-bef2-f8894aea8cd5/sm/snapshot.1_14
2019-10-15 09:31:18,611 [d505649b-5973-4d55-8d3f-ba249cb836d3@group-87DF2AC1F3C3-SegmentedRaftLogWorker] INFO  segmented.SegmentedRaftLogWorker (SegmentedRaftLogWorker.java:run(316)) - d505649b-5973-4d55-8d3f-ba249cb836d3@group-87DF2AC1F3C3-SegmentedRaftLogWorker was interrupted, exiting. There are 0 tasks remaining in the queue.
2019-10-15 09:31:18,614 [main] INFO  segmented.SegmentedRaftLogWorker (SegmentedRaftLogWorker.java:close(224)) - d505649b-5973-4d55-8d3f-ba249cb836d3@group-87DF2AC1F3C3-SegmentedRaftLogWorker close()
2019-10-15 09:31:18,617 [main] INFO  impl.RaftServerImpl (RaftServerImpl.java:lambda$shutdown$3(247)) - d505649b-5973-4d55-8d3f-ba249cb836d3@group-83E76FEE22C4: shutdown
2019-10-15 09:31:18,618 [main] INFO  util.JmxRegister (JmxRegister.java:unregister(73)) - Successfully un-registered JMX Bean with object name Ratis:service=RaftServer,group=group-83E76FEE22C4,id=d505649b-5973-4d55-8d3f-ba249cb836d3
2019-10-15 09:31:18,618 [main] INFO  impl.RoleInfo (RoleInfo.java:shutdownFollowerState(121)) - d505649b-5973-4d55-8d3f-ba249cb836d3: shutdown FollowerState
2019-10-15 09:31:18,618 [main] INFO  impl.StateMachineUpdater (StateMachineUpdater.java:stopAndJoin(136)) - d505649b-5973-4d55-8d3f-ba249cb836d3@group-83E76FEE22C4-StateMachineUpdater: set stopIndex = 18
2019-10-15 09:31:18,618 [d505649b-5973-4d55-8d3f-ba249cb836d3@group-83E76FEE22C4-StateMachineUpdater] INFO  ratis.ContainerStateMachine (ContainerStateMachine.java:takeSnapshot(294)) - group-83E76FEE22C4: Taking a snapshot at:(t:2, i:14) file /workdir/hadoop-ozone/integration-test/target/test-dir/MiniOzoneClusterImpl-56cf674f-c5b4-4091-81ba-767fb818b5f0/datanode-4/data/ratis/21ff3ec3-bf5d-4cdb-93c5-83e76fee22c4/sm/snapshot.2_14
2019-10-15 09:31:18,618 [Thread-3062] INFO  impl.FollowerState (FollowerState.java:run(117)) - d505649b-5973-4d55-8d3f-ba249cb836d3@group-83E76FEE22C4-FollowerState was interrupted: java.lang.InterruptedException: sleep interrupted
2019-10-15 09:31:18,628 [ae849fbe-d7af-4b6d-ba68-65e2a663a917@group-F8894AEA8CD5-StateMachineUpdater] INFO  ratis.ContainerStateMachine (ContainerStateMachine.java:takeSnapshot(305)) - group-F8894AEA8CD5: Finished taking a snapshot at:(t:1, i:14) file:/workdir/hadoop-ozone/integration-test/target/test-dir/MiniOzoneClusterImpl-56cf674f-c5b4-4091-81ba-767fb818b5f0/datanode-1/data/ratis/7f7b5571-2d8d-4086-bef2-f8894aea8cd5/sm/snapshot.1_14 time:23
2019-10-15 09:31:18,628 [d505649b-5973-4d55-8d3f-ba249cb836d3@group-83E76FEE22C4-StateMachineUpdater] INFO  ratis.ContainerStateMachine (ContainerStateMachine.java:takeSnapshot(305)) - group-83E76FEE22C4: Finished taking a snapshot at:(t:2, i:14) file:/workdir/hadoop-ozone/integration-test/target/test-dir/MiniOzoneClusterImpl-56cf674f-c5b4-4091-81ba-767fb818b5f0/datanode-4/data/ratis/21ff3ec3-bf5d-4cdb-93c5-83e76fee22c4/sm/snapshot.2_14 time:10
2019-10-15 09:31:18,629 [ae849fbe-d7af-4b6d-ba68-65e2a663a917@group-F8894AEA8CD5-StateMachineUpdater] INFO  impl.StateMachineUpdater (StateMachineUpdater.java:takeSnapshot(269)) - ae849fbe-d7af-4b6d-ba68-65e2a663a917@group-F8894AEA8CD5-StateMachineUpdater: Took a snapshot at index 14
2019-10-15 09:31:18,629 [d505649b-5973-4d55-8d3f-ba249cb836d3@group-83E76FEE22C4-StateMachineUpdater] INFO  impl.StateMachineUpdater (StateMachineUpdater.java:takeSnapshot(269)) - d505649b-5973-4d55-8d3f-ba249cb836d3@group-83E76FEE22C4-StateMachineUpdater: Took a snapshot at index 14
2019-10-15 09:31:18,629 [ae849fbe-d7af-4b6d-ba68-65e2a663a917@group-F8894AEA8CD5-StateMachineUpdater] INFO  impl.StateMachineUpdater (StateMachineUpdater.java:lambda$new$0(84)) - ae849fbe-d7af-4b6d-ba68-65e2a663a917@group-F8894AEA8CD5-StateMachineUpdater: snapshotIndex: updateIncreasingly -1 -> 14
2019-10-15 09:31:18,629 [d505649b-5973-4d55-8d3f-ba249cb836d3@group-83E76FEE22C4-StateMachineUpdater] INFO  impl.StateMachineUpdater (StateMachineUpdater.java:lambda$new$0(84)) - d505649b-5973-4d55-8d3f-ba249cb836d3@group-83E76FEE22C4-StateMachineUpdater: snapshotIndex: updateIncreasingly -1 -> 14
2019-10-15 09:31:18,630 [d505649b-5973-4d55-8d3f-ba249cb836d3@group-83E76FEE22C4-StateMachineUpdater] INFO  ratis.ContainerStateMachine (ContainerStateMachine.java:takeSnapshot(294)) - group-83E76FEE22C4: Taking a snapshot at:(t:2, i:14) file /workdir/hadoop-ozone/integration-test/target/test-dir/MiniOzoneClusterImpl-56cf674f-c5b4-4091-81ba-767fb818b5f0/datanode-4/data/ratis/21ff3ec3-bf5d-4cdb-93c5-83e76fee22c4/sm/snapshot.2_14
2019-10-15 09:31:18,630 [ae849fbe-d7af-4b6d-ba68-65e2a663a917@group-F8894AEA8CD5-StateMachineUpdater] INFO  ratis.ContainerStateMachine (ContainerStateMachine.java:takeSnapshot(294)) - group-F8894AEA8CD5: Taking a snapshot at:(t:1, i:14) file /workdir/hadoop-ozone/integration-test/target/test-dir/MiniOzoneClusterImpl-56cf674f-c5b4-4091-81ba-767fb818b5f0/datanode-1/data/ratis/7f7b5571-2d8d-4086-bef2-f8894aea8cd5/sm/snapshot.1_14
2019-10-15 09:31:18,643 [d505649b-5973-4d55-8d3f-ba249cb836d3@group-83E76FEE22C4-StateMachineUpdater] INFO  ratis.ContainerStateMachine (ContainerStateMachine.java:takeSnapshot(305)) - group-83E76FEE22C4: Finished taking a snapshot at:(t:2, i:14) file:/workdir/hadoop-ozone/integration-test/target/test-dir/MiniOzoneClusterImpl-56cf674f-c5b4-4091-81ba-767fb818b5f0/datanode-4/data/ratis/21ff3ec3-bf5d-4cdb-93c5-83e76fee22c4/sm/snapshot.2_14 time:14
2019-10-15 09:31:18,643 [ae849fbe-d7af-4b6d-ba68-65e2a663a917@group-F8894AEA8CD5-StateMachineUpdater] INFO  ratis.ContainerStateMachine (ContainerStateMachine.java:takeSnapshot(305)) - group-F8894AEA8CD5: Finished taking a snapshot at:(t:1, i:14) file:/workdir/hadoop-ozone/integration-test/target/test-dir/MiniOzoneClusterImpl-56cf674f-c5b4-4091-81ba-767fb818b5f0/datanode-1/data/ratis/7f7b5571-2d8d-4086-bef2-f8894aea8cd5/sm/snapshot.1_14 time:14
2019-10-15 09:31:18,643 [d505649b-5973-4d55-8d3f-ba249cb836d3@group-83E76FEE22C4-StateMachineUpdater] INFO  impl.StateMachineUpdater (StateMachineUpdater.java:takeSnapshot(269)) - d505649b-5973-4d55-8d3f-ba249cb836d3@group-83E76FEE22C4-StateMachineUpdater: Took a snapshot at index 14
2019-10-15 09:31:18,643 [d505649b-5973-4d55-8d3f-ba249cb836d3@group-83E76FEE22C4-StateMachineUpdater] INFO  impl.StateMachineUpdater (StateMachineUpdater.java:lambda$new$0(84)) - d505649b-5973-4d55-8d3f-ba249cb836d3@group-83E76FEE22C4-StateMachineUpdater: snapshotIndex: updateIncreasingly 14 -> 14
2019-10-15 09:31:18,643 [ae849fbe-d7af-4b6d-ba68-65e2a663a917@group-F8894AEA8CD5-StateMachineUpdater] INFO  impl.StateMachineUpdater (StateMachineUpdater.java:takeSnapshot(269)) - ae849fbe-d7af-4b6d-ba68-65e2a663a917@group-F8894AEA8CD5-StateMachineUpdater: Took a snapshot at index 14
2019-10-15 09:31:18,643 [main] INFO  impl.RaftServerImpl (ServerState.java:close(387)) - d505649b-5973-4d55-8d3f-ba249cb836d3@group-83E76FEE22C4: closes. applyIndex: 18
2019-10-15 09:31:18,643 [ae849fbe-d7af-4b6d-ba68-65e2a663a917@group-F8894AEA8CD5-StateMachineUpdater] INFO  impl.StateMachineUpdater (StateMachineUpdater.java:lambda$new$0(84)) - ae849fbe-d7af-4b6d-ba68-65e2a663a917@group-F8894AEA8CD5-StateMachineUpdater: snapshotIndex: updateIncreasingly 14 -> 14
2019-10-15 09:31:18,644 [d505649b-5973-4d55-8d3f-ba249cb836d3@group-83E76FEE22C4-SegmentedRaftLogWorker] INFO  segmented.SegmentedRaftLogWorker (SegmentedRaftLogWorker.java:run(316)) - d505649b-5973-4d55-8d3f-ba249cb836d3@group-83E76FEE22C4-SegmentedRaftLogWorker was interrupted, exiting. There are 0 tasks remaining in the queue.
2019-10-15 09:31:18,644 [ForkJoinPool.commonPool-worker-1] INFO  impl.RaftServerImpl (ServerState.java:close(387)) - ae849fbe-d7af-4b6d-ba68-65e2a663a917@group-F8894AEA8CD5: closes. applyIndex: 16
2019-10-15 09:31:18,646 [main] INFO  segmented.SegmentedRaftLogWorker (SegmentedRaftLogWorker.java:close(224)) - d505649b-5973-4d55-8d3f-ba249cb836d3@group-83E76FEE22C4-SegmentedRaftLogWorker close()
2019-10-15 09:31:18,646 [ae849fbe-d7af-4b6d-ba68-65e2a663a917@group-F8894AEA8CD5-SegmentedRaftLogWorker] INFO  segmented.SegmentedRaftLogWorker (SegmentedRaftLogWorker.java:run(316)) - ae849fbe-d7af-4b6d-ba68-65e2a663a917@group-F8894AEA8CD5-SegmentedRaftLogWorker was interrupted, exiting. There are 0 tasks remaining in the queue.
2019-10-15 09:31:18,650 [main] INFO  server.GrpcService (GrpcService.java:closeImpl(164)) - d505649b-5973-4d55-8d3f-ba249cb836d3: shutdown server with port 37087 now
2019-10-15 09:31:18,651 [ForkJoinPool.commonPool-worker-1] INFO  segmented.SegmentedRaftLogWorker (SegmentedRaftLogWorker.java:close(224)) - ae849fbe-d7af-4b6d-ba68-65e2a663a917@group-F8894AEA8CD5-SegmentedRaftLogWorker close()
2019-10-15 09:31:18,654 [ForkJoinPool.commonPool-worker-1] INFO  impl.RaftServerImpl (RaftServerImpl.java:lambda$shutdown$3(247)) - ae849fbe-d7af-4b6d-ba68-65e2a663a917@group-17693D3914EE: shutdown
2019-10-15 09:31:18,654 [ForkJoinPool.commonPool-worker-1] INFO  util.JmxRegister (JmxRegister.java:unregister(73)) - Successfully un-registered JMX Bean with object name Ratis:service=RaftServer,group=group-17693D3914EE,id=ae849fbe-d7af-4b6d-ba68-65e2a663a917
2019-10-15 09:31:18,655 [ForkJoinPool.commonPool-worker-1] INFO  impl.RoleInfo (RoleInfo.java:shutdownLeaderState(104)) - ae849fbe-d7af-4b6d-ba68-65e2a663a917: shutdown LeaderState
2019-10-15 09:31:18,655 [ForkJoinPool.commonPool-worker-1] INFO  impl.PendingRequests (PendingRequests.java:sendNotLeaderResponses(202)) - ae849fbe-d7af-4b6d-ba68-65e2a663a917@group-17693D3914EE-PendingRequests: sendNotLeaderResponses
2019-10-15 09:31:18,655 [ForkJoinPool.commonPool-worker-1] INFO  impl.StateMachineUpdater (StateMachineUpdater.java:stopAndJoin(136)) - ae849fbe-d7af-4b6d-ba68-65e2a663a917@group-17693D3914EE-StateMachineUpdater: set stopIndex = 0
2019-10-15 09:31:18,655 [grpc-default-executor-15] WARN  server.GrpcServerProtocolService (LogUtils.java:warn(134)) - d505649b-5973-4d55-8d3f-ba249cb836d3: installSnapshot onError, lastRequest: 7f7ba54c-1c2f-4142-941c-848476af84b1->d505649b-5973-4d55-8d3f-ba249cb836d3#4-t3, previous=(t:3, i:18), leaderCommit=18, initializing? false, entries: <empty>: org.apache.ratis.thirdparty.io.grpc.StatusRuntimeException: CANCELLED: cancelled before receiving half close
2019-10-15 09:31:18,655 [ForkJoinPool.commonPool-worker-1] INFO  impl.RaftServerImpl (ServerState.java:close(387)) - ae849fbe-d7af-4b6d-ba68-65e2a663a917@group-17693D3914EE: closes. applyIndex: 0
2019-10-15 09:31:18,656 [grpc-default-executor-13] WARN  server.GrpcLogAppender (LogUtils.java:warn(134)) - 7f7ba54c-1c2f-4142-941c-848476af84b1@group-83E76FEE22C4->d505649b-5973-4d55-8d3f-ba249cb836d3-AppendLogResponseHandler: Failed appendEntries: org.apache.ratis.thirdparty.io.grpc.StatusRuntimeException: CANCELLED: HTTP/2 error code: CANCEL
Received Rst Stream
2019-10-15 09:31:18,656 [main] INFO  server.GrpcService (GrpcService.java:closeImpl(172)) - d505649b-5973-4d55-8d3f-ba249cb836d3: shutdown server with port 37087 successfully
2019-10-15 09:31:18,656 [ae849fbe-d7af-4b6d-ba68-65e2a663a917@group-17693D3914EE-SegmentedRaftLogWorker] INFO  segmented.SegmentedRaftLogWorker (SegmentedRaftLogWorker.java:run(316)) - ae849fbe-d7af-4b6d-ba68-65e2a663a917@group-17693D3914EE-SegmentedRaftLogWorker was interrupted, exiting. There are 0 tasks remaining in the queue.
2019-10-15 09:31:18,656 [grpc-default-executor-13] INFO  impl.FollowerInfo (FollowerInfo.java:lambda$new$0(51)) - 7f7ba54c-1c2f-4142-941c-848476af84b1@group-83E76FEE22C4->d505649b-5973-4d55-8d3f-ba249cb836d3: nextIndex: updateUnconditionally 19 -> 18
2019-10-15 09:31:18,659 [ForkJoinPool.commonPool-worker-1] INFO  segmented.SegmentedRaftLogWorker (SegmentedRaftLogWorker.java:close(224)) - ae849fbe-d7af-4b6d-ba68-65e2a663a917@group-17693D3914EE-SegmentedRaftLogWorker close()
2019-10-15 09:31:18,664 [ForkJoinPool.commonPool-worker-1] INFO  server.GrpcService (GrpcService.java:closeImpl(164)) - ae849fbe-d7af-4b6d-ba68-65e2a663a917: shutdown server with port 41342 now
2019-10-15 09:31:18,665 [ForkJoinPool.commonPool-worker-1] INFO  server.GrpcService (GrpcService.java:closeImpl(172)) - ae849fbe-d7af-4b6d-ba68-65e2a663a917: shutdown server with port 41342 successfully
2019-10-15 09:31:18,665 [grpc-default-executor-15] WARN  server.GrpcServerProtocolService (LogUtils.java:warn(134)) - ae849fbe-d7af-4b6d-ba68-65e2a663a917: installSnapshot onError, lastRequest: 92e13dd7-88b7-4477-81d2-746904c33e64->ae849fbe-d7af-4b6d-ba68-65e2a663a917#25-t1, previous=(t:1, i:16), leaderCommit=16, initializing? false, entries: <empty>: org.apache.ratis.thirdparty.io.grpc.StatusRuntimeException: CANCELLED: cancelled before receiving half close
2019-10-15 09:31:18,665 [grpc-default-executor-14] WARN  server.GrpcLogAppender (LogUtils.java:warn(134)) - 92e13dd7-88b7-4477-81d2-746904c33e64@group-F8894AEA8CD5->ae849fbe-d7af-4b6d-ba68-65e2a663a917-AppendLogResponseHandler: Failed appendEntries: org.apache.ratis.thirdparty.io.grpc.StatusRuntimeException: CANCELLED: HTTP/2 error code: CANCEL
Received Rst Stream
2019-10-15 09:31:18,665 [refreshUsed-/workdir/hadoop-ozone/integration-test/target/test-dir/MiniOzoneClusterImpl-56cf674f-c5b4-4091-81ba-767fb818b5f0/datanode-4/data/containers] WARN  fs.CachingGetSpaceUsed (CachingGetSpaceUsed.java:run(183)) - Thread Interrupted waiting to refresh disk information: sleep interrupted
2019-10-15 09:31:18,666 [grpc-default-executor-14] INFO  impl.FollowerInfo (FollowerInfo.java:lambda$new$0(51)) - 92e13dd7-88b7-4477-81d2-746904c33e64@group-F8894AEA8CD5->ae849fbe-d7af-4b6d-ba68-65e2a663a917: nextIndex: updateUnconditionally 17 -> 16
2019-10-15 09:31:18,668 [refreshUsed-/workdir/hadoop-ozone/integration-test/target/test-dir/MiniOzoneClusterImpl-56cf674f-c5b4-4091-81ba-767fb818b5f0/datanode-1/data/containers] WARN  fs.CachingGetSpaceUsed (CachingGetSpaceUsed.java:run(183)) - Thread Interrupted waiting to refresh disk information: sleep interrupted
2019-10-15 09:31:18,684 [ForkJoinPool.commonPool-worker-1] INFO  utils.BackgroundService (BackgroundService.java:shutdown(151)) - Shutting down service BlockDeletingService
2019-10-15 09:31:18,690 [ForkJoinPool.commonPool-worker-1] INFO  statemachine.DatanodeStateMachine (DatanodeStateMachine.java:stopDaemon(401)) - Ozone container server stopped.
2019-10-15 09:31:18,696 [ForkJoinPool.commonPool-worker-1] INFO  handler.ContextHandler (ContextHandler.java:doStop(910)) - Stopped o.e.j.w.WebAppContext@36510e73{/,null,UNAVAILABLE}{/hddsDatanode}
2019-10-15 09:31:18,696 [ForkJoinPool.commonPool-worker-1] INFO  server.AbstractConnector (AbstractConnector.java:doStop(318)) - Stopped ServerConnector@2c47a053{HTTP/1.1,[http/1.1]}{0.0.0.0:0}
2019-10-15 09:31:18,698 [ForkJoinPool.commonPool-worker-1] INFO  handler.ContextHandler (ContextHandler.java:doStop(910)) - Stopped o.e.j.s.ServletContextHandler@35f7969d{/static,jar:file:/home/user/.m2/repository/org/apache/hadoop/hadoop-hdds-container-service/0.5.0-SNAPSHOT/hadoop-hdds-container-service-0.5.0-SNAPSHOT.jar!/webapps/static,UNAVAILABLE}
2019-10-15 09:31:18,700 [ForkJoinPool.commonPool-worker-1] INFO  handler.ContextHandler (ContextHandler.java:doStop(910)) - Stopped o.e.j.s.ServletContextHandler@5bec3e0{/logs,file:///workdir/hadoop-ozone/integration-test/target/log,UNAVAILABLE}
2019-10-15 09:31:18,704 [main] INFO  utils.BackgroundService (BackgroundService.java:shutdown(151)) - Shutting down service BlockDeletingService
2019-10-15 09:31:18,710 [main] INFO  statemachine.DatanodeStateMachine (DatanodeStateMachine.java:stopDaemon(401)) - Ozone container server stopped.
2019-10-15 09:31:18,710 [main] INFO  handler.ContextHandler (ContextHandler.java:doStop(910)) - Stopped o.e.j.w.WebAppContext@48567727{/,null,UNAVAILABLE}{/hddsDatanode}
2019-10-15 09:31:18,712 [main] INFO  server.AbstractConnector (AbstractConnector.java:doStop(318)) - Stopped ServerConnector@10e9a5fe{HTTP/1.1,[http/1.1]}{0.0.0.0:0}
2019-10-15 09:31:18,712 [main] INFO  handler.ContextHandler (ContextHandler.java:doStop(910)) - Stopped o.e.j.s.ServletContextHandler@f559c74{/static,jar:file:/home/user/.m2/repository/org/apache/hadoop/hadoop-hdds-container-service/0.5.0-SNAPSHOT/hadoop-hdds-container-service-0.5.0-SNAPSHOT.jar!/webapps/static,UNAVAILABLE}
2019-10-15 09:31:18,712 [main] INFO  handler.ContextHandler (ContextHandler.java:doStop(910)) - Stopped o.e.j.s.ServletContextHandler@5e99e2cb{/logs,file:///workdir/hadoop-ozone/integration-test/target/log,UNAVAILABLE}
2019-10-15 09:31:19,421 [Datanode State Machine Thread - 0] INFO  statemachine.DatanodeStateMachine (DatanodeStateMachine.java:lambda$startDaemon$0(356)) - Ozone container server started.
2019-10-15 09:31:19,449 [grpc-default-executor-13] WARN  server.GrpcLogAppender (LogUtils.java:warn(134)) - 92e13dd7-88b7-4477-81d2-746904c33e64@group-F8894AEA8CD5->ae849fbe-d7af-4b6d-ba68-65e2a663a917-AppendLogResponseHandler: Failed appendEntries: org.apache.ratis.thirdparty.io.grpc.StatusRuntimeException: UNAVAILABLE: io exception
2019-10-15 09:31:19,449 [grpc-default-executor-13] INFO  impl.FollowerInfo (FollowerInfo.java:lambda$new$0(51)) - 92e13dd7-88b7-4477-81d2-746904c33e64@group-F8894AEA8CD5->ae849fbe-d7af-4b6d-ba68-65e2a663a917: nextIndex: updateUnconditionally 17 -> 16
2019-10-15 09:31:19,466 [grpc-default-executor-14] WARN  server.GrpcLogAppender (LogUtils.java:warn(134)) - 92e13dd7-88b7-4477-81d2-746904c33e64@group-F8894AEA8CD5->ae849fbe-d7af-4b6d-ba68-65e2a663a917-AppendLogResponseHandler: Failed appendEntries: org.apache.ratis.thirdparty.io.grpc.StatusRuntimeException: UNAVAILABLE: io exception
2019-10-15 09:31:19,466 [grpc-default-executor-14] INFO  impl.FollowerInfo (FollowerInfo.java:lambda$new$0(51)) - 92e13dd7-88b7-4477-81d2-746904c33e64@group-F8894AEA8CD5->ae849fbe-d7af-4b6d-ba68-65e2a663a917: nextIndex: updateUnconditionally 17 -> 16
2019-10-15 09:31:19,475 [grpc-default-executor-13] WARN  server.GrpcLogAppender (LogUtils.java:warn(134)) - 92e13dd7-88b7-4477-81d2-746904c33e64@group-F8894AEA8CD5->ae849fbe-d7af-4b6d-ba68-65e2a663a917-AppendLogResponseHandler: Failed appendEntries: org.apache.ratis.thirdparty.io.grpc.StatusRuntimeException: UNAVAILABLE: io exception
2019-10-15 09:31:19,475 [grpc-default-executor-13] INFO  impl.FollowerInfo (FollowerInfo.java:lambda$new$0(51)) - 92e13dd7-88b7-4477-81d2-746904c33e64@group-F8894AEA8CD5->ae849fbe-d7af-4b6d-ba68-65e2a663a917: nextIndex: updateUnconditionally 17 -> 16
2019-10-15 09:31:19,477 [Datanode State Machine Thread - 0] INFO  statemachine.DatanodeStateMachine (DatanodeStateMachine.java:lambda$startDaemon$0(356)) - Ozone container server started.
2019-10-15 09:31:19,487 [RatisApplyTransactionExecutor 2] INFO  interfaces.Container (KeyValueContainer.java:flushAndSyncDB(386)) - Container 2 is synced with bcsId 14.
2019-10-15 09:31:19,487 [RatisApplyTransactionExecutor 2] INFO  interfaces.Container (KeyValueContainer.java:flushAndSyncDB(386)) - Container 2 is synced with bcsId 14.
2019-10-15 09:31:19,502 [RatisApplyTransactionExecutor 2] INFO  interfaces.Container (KeyValueContainer.java:close(335)) - Container 2 is closed with bcsId 14.
2019-10-15 09:31:19,503 [RatisApplyTransactionExecutor 2] INFO  interfaces.Container (KeyValueContainer.java:flushAndSyncDB(386)) - Container 2 is synced with bcsId 14.
2019-10-15 09:31:19,503 [RatisApplyTransactionExecutor 2] INFO  interfaces.Container (KeyValueContainer.java:flushAndSyncDB(386)) - Container 2 is synced with bcsId 14.
2019-10-15 09:31:19,503 [EventQueue-IncrementalContainerReportForIncrementalContainerReportHandler] INFO  container.IncrementalContainerReportHandler (AbstractContainerReportHandler.java:updateContainerState(178)) - Moving container #2 to CLOSED state, datanode 92e13dd7-88b7-4477-81d2-746904c33e64{ip: 192.168.5.139, host: pr-hdds-2034-mt9tt-727200918, networkLocation: /default-rack, certSerialId: null} reported CLOSED replica.
2019-10-15 09:31:19,517 [RatisApplyTransactionExecutor 2] INFO  interfaces.Container (KeyValueContainer.java:close(335)) - Container 2 is closed with bcsId 14.
2019-10-15 09:31:20,364 [grpc-default-executor-15] WARN  server.GrpcLogAppender (LogUtils.java:warn(134)) - 7f7ba54c-1c2f-4142-941c-848476af84b1@group-83E76FEE22C4->afcd5ebb-a9d9-4a75-8b79-0cd3ce730bd4-AppendLogResponseHandler: Failed appendEntries: org.apache.ratis.thirdparty.io.grpc.StatusRuntimeException: UNAVAILABLE: io exception
2019-10-15 09:31:20,365 [grpc-default-executor-15] INFO  impl.FollowerInfo (FollowerInfo.java:lambda$new$0(51)) - 7f7ba54c-1c2f-4142-941c-848476af84b1@group-83E76FEE22C4->afcd5ebb-a9d9-4a75-8b79-0cd3ce730bd4: nextIndex: updateUnconditionally 0 -> 0
2019-10-15 09:31:20,366 [grpc-default-executor-14] WARN  server.GrpcLogAppender (LogUtils.java:warn(134)) - 7f7ba54c-1c2f-4142-941c-848476af84b1@group-83E76FEE22C4->d505649b-5973-4d55-8d3f-ba249cb836d3-AppendLogResponseHandler: Failed appendEntries: org.apache.ratis.thirdparty.io.grpc.StatusRuntimeException: UNAVAILABLE: io exception
2019-10-15 09:31:20,367 [grpc-default-executor-14] INFO  impl.FollowerInfo (FollowerInfo.java:lambda$new$0(51)) - 7f7ba54c-1c2f-4142-941c-848476af84b1@group-83E76FEE22C4->d505649b-5973-4d55-8d3f-ba249cb836d3: nextIndex: updateUnconditionally 18 -> 17
2019-10-15 09:31:21,980 [grpc-default-executor-13] WARN  server.GrpcLogAppender (LogUtils.java:warn(134)) - 92e13dd7-88b7-4477-81d2-746904c33e64@group-F8894AEA8CD5->ae849fbe-d7af-4b6d-ba68-65e2a663a917-AppendLogResponseHandler: Failed appendEntries: org.apache.ratis.thirdparty.io.grpc.StatusRuntimeException: UNAVAILABLE: io exception
2019-10-15 09:31:21,981 [grpc-default-executor-13] INFO  impl.FollowerInfo (FollowerInfo.java:lambda$new$0(51)) - 92e13dd7-88b7-4477-81d2-746904c33e64@group-F8894AEA8CD5->ae849fbe-d7af-4b6d-ba68-65e2a663a917: nextIndex: updateUnconditionally 16 -> 15
2019-10-15 09:31:22,869 [grpc-default-executor-14] WARN  server.GrpcLogAppender (LogUtils.java:warn(134)) - 7f7ba54c-1c2f-4142-941c-848476af84b1@group-83E76FEE22C4->d505649b-5973-4d55-8d3f-ba249cb836d3-AppendLogResponseHandler: Failed appendEntries: org.apache.ratis.thirdparty.io.grpc.StatusRuntimeException: UNAVAILABLE: io exception
2019-10-15 09:31:22,869 [grpc-default-executor-13] WARN  server.GrpcLogAppender (LogUtils.java:warn(134)) - 7f7ba54c-1c2f-4142-941c-848476af84b1@group-83E76FEE22C4->afcd5ebb-a9d9-4a75-8b79-0cd3ce730bd4-AppendLogResponseHandler: Failed appendEntries: org.apache.ratis.thirdparty.io.grpc.StatusRuntimeException: UNAVAILABLE: io exception
2019-10-15 09:31:22,870 [grpc-default-executor-14] INFO  impl.FollowerInfo (FollowerInfo.java:lambda$new$0(51)) - 7f7ba54c-1c2f-4142-941c-848476af84b1@group-83E76FEE22C4->d505649b-5973-4d55-8d3f-ba249cb836d3: nextIndex: updateUnconditionally 17 -> 16
2019-10-15 09:31:22,870 [grpc-default-executor-13] INFO  impl.FollowerInfo (FollowerInfo.java:lambda$new$0(51)) - 7f7ba54c-1c2f-4142-941c-848476af84b1@group-83E76FEE22C4->afcd5ebb-a9d9-4a75-8b79-0cd3ce730bd4: nextIndex: updateUnconditionally 0 -> 0
2019-10-15 09:31:23,516 [EventQueue-StaleNodeForStaleNodeHandler] INFO  node.StaleNodeHandler (StaleNodeHandler.java:onMessage(58)) - Datanode 0264c470-949b-4993-b795-3095d2449e18{ip: 192.168.5.139, host: pr-hdds-2034-mt9tt-727200918, networkLocation: /default-rack, certSerialId: null} moved to stale state. Finalizing its pipelines [PipelineID=de4384e1-d16c-435f-ab9c-e34db59a4b2c]
2019-10-15 09:31:23,516 [EventQueue-StaleNodeForStaleNodeHandler] INFO  pipeline.SCMPipelineManager (SCMPipelineManager.java:finalizeAndDestroyPipeline(354)) - destroying pipeline:Pipeline[ Id: de4384e1-d16c-435f-ab9c-e34db59a4b2c, Nodes: 0264c470-949b-4993-b795-3095d2449e18{ip: 192.168.5.139, host: pr-hdds-2034-mt9tt-727200918, networkLocation: /default-rack, certSerialId: null}, Type:RATIS, Factor:ONE, State:OPEN]
2019-10-15 09:31:23,517 [EventQueue-StaleNodeForStaleNodeHandler] INFO  pipeline.PipelineStateManager (PipelineStateManager.java:finalizePipeline(123)) - Pipeline Pipeline[ Id: de4384e1-d16c-435f-ab9c-e34db59a4b2c, Nodes: 0264c470-949b-4993-b795-3095d2449e18{ip: 192.168.5.139, host: pr-hdds-2034-mt9tt-727200918, networkLocation: /default-rack, certSerialId: null}, Type:RATIS, Factor:ONE, State:CLOSED] moved to CLOSED state
2019-10-15 09:31:23,517 [EventQueue-StaleNodeForStaleNodeHandler] INFO  node.StaleNodeHandler (StaleNodeHandler.java:onMessage(58)) - Datanode 25136bf1-57af-4fb5-af68-1d44ce82afaa{ip: 192.168.5.139, host: pr-hdds-2034-mt9tt-727200918, networkLocation: /default-rack, certSerialId: null} moved to stale state. Finalizing its pipelines [PipelineID=7f7b5571-2d8d-4086-bef2-f8894aea8cd5, PipelineID=1027d26f-c781-4dcc-94cd-674cf7488d00]
2019-10-15 09:31:23,517 [EventQueue-StaleNodeForStaleNodeHandler] INFO  pipeline.SCMPipelineManager (SCMPipelineManager.java:finalizeAndDestroyPipeline(354)) - destroying pipeline:Pipeline[ Id: 7f7b5571-2d8d-4086-bef2-f8894aea8cd5, Nodes: ae849fbe-d7af-4b6d-ba68-65e2a663a917{ip: 192.168.5.139, host: pr-hdds-2034-mt9tt-727200918, networkLocation: /default-rack, certSerialId: null}92e13dd7-88b7-4477-81d2-746904c33e64{ip: 192.168.5.139, host: pr-hdds-2034-mt9tt-727200918, networkLocation: /default-rack, certSerialId: null}25136bf1-57af-4fb5-af68-1d44ce82afaa{ip: 192.168.5.139, host: pr-hdds-2034-mt9tt-727200918, networkLocation: /default-rack, certSerialId: null}, Type:RATIS, Factor:THREE, State:CLOSED]
2019-10-15 09:31:23,518 [EventQueue-StaleNodeForStaleNodeHandler] INFO  pipeline.SCMPipelineManager (SCMPipelineManager.java:finalizeAndDestroyPipeline(354)) - destroying pipeline:Pipeline[ Id: 1027d26f-c781-4dcc-94cd-674cf7488d00, Nodes: 25136bf1-57af-4fb5-af68-1d44ce82afaa{ip: 192.168.5.139, host: pr-hdds-2034-mt9tt-727200918, networkLocation: /default-rack, certSerialId: null}, Type:RATIS, Factor:ONE, State:OPEN]
2019-10-15 09:31:23,518 [EventQueue-StaleNodeForStaleNodeHandler] INFO  pipeline.PipelineStateManager (PipelineStateManager.java:finalizePipeline(123)) - Pipeline Pipeline[ Id: 1027d26f-c781-4dcc-94cd-674cf7488d00, Nodes: 25136bf1-57af-4fb5-af68-1d44ce82afaa{ip: 192.168.5.139, host: pr-hdds-2034-mt9tt-727200918, networkLocation: /default-rack, certSerialId: null}, Type:RATIS, Factor:ONE, State:CLOSED] moved to CLOSED state
2019-10-15 09:31:23,702 [ForkJoinPool.commonPool-worker-1] INFO  ozoneimpl.OzoneContainer (OzoneContainer.java:stop(227)) - Attempting to stop container services.
2019-10-15 09:31:23,709 [ForkJoinPool.commonPool-worker-1] INFO  impl.RaftServerProxy (RaftServerProxy.java:lambda$close$4(314)) - 25136bf1-57af-4fb5-af68-1d44ce82afaa: close
2019-10-15 09:31:23,710 [ForkJoinPool.commonPool-worker-1] INFO  impl.RaftServerImpl (RaftServerImpl.java:lambda$shutdown$3(247)) - 25136bf1-57af-4fb5-af68-1d44ce82afaa@group-F8894AEA8CD5: shutdown
2019-10-15 09:31:23,710 [ForkJoinPool.commonPool-worker-1] INFO  util.JmxRegister (JmxRegister.java:unregister(73)) - Successfully un-registered JMX Bean with object name Ratis:service=RaftServer,group=group-F8894AEA8CD5,id=25136bf1-57af-4fb5-af68-1d44ce82afaa
2019-10-15 09:31:23,710 [ForkJoinPool.commonPool-worker-1] INFO  impl.RoleInfo (RoleInfo.java:shutdownFollowerState(121)) - 25136bf1-57af-4fb5-af68-1d44ce82afaa: shutdown FollowerState
2019-10-15 09:31:23,710 [ForkJoinPool.commonPool-worker-1] INFO  impl.StateMachineUpdater (StateMachineUpdater.java:stopAndJoin(136)) - 25136bf1-57af-4fb5-af68-1d44ce82afaa@group-F8894AEA8CD5-StateMachineUpdater: set stopIndex = 18
2019-10-15 09:31:23,710 [Thread-2923] INFO  impl.FollowerState (FollowerState.java:run(117)) - 25136bf1-57af-4fb5-af68-1d44ce82afaa@group-F8894AEA8CD5-FollowerState was interrupted: java.lang.InterruptedException: sleep interrupted
2019-10-15 09:31:23,712 [25136bf1-57af-4fb5-af68-1d44ce82afaa@group-F8894AEA8CD5-StateMachineUpdater] INFO  ratis.ContainerStateMachine (ContainerStateMachine.java:takeSnapshot(294)) - group-F8894AEA8CD5: Taking a snapshot at:(t:1, i:17) file /workdir/hadoop-ozone/integration-test/target/test-dir/MiniOzoneClusterImpl-56cf674f-c5b4-4091-81ba-767fb818b5f0/datanode-2/data/ratis/7f7b5571-2d8d-4086-bef2-f8894aea8cd5/sm/snapshot.1_17
2019-10-15 09:31:23,715 [main] INFO  ozoneimpl.OzoneContainer (OzoneContainer.java:stop(227)) - Attempting to stop container services.
2019-10-15 09:31:23,715 [main] INFO  impl.RaftServerProxy (RaftServerProxy.java:lambda$close$4(314)) - 0264c470-949b-4993-b795-3095d2449e18: close
2019-10-15 09:31:23,715 [main] INFO  impl.RaftServerImpl (RaftServerImpl.java:lambda$shutdown$3(247)) - 0264c470-949b-4993-b795-3095d2449e18@group-E34DB59A4B2C: shutdown
2019-10-15 09:31:23,716 [main] INFO  util.JmxRegister (JmxRegister.java:unregister(73)) - Successfully un-registered JMX Bean with object name Ratis:service=RaftServer,group=group-E34DB59A4B2C,id=0264c470-949b-4993-b795-3095d2449e18
2019-10-15 09:31:23,716 [main] INFO  impl.RoleInfo (RoleInfo.java:shutdownLeaderState(104)) - 0264c470-949b-4993-b795-3095d2449e18: shutdown LeaderState
2019-10-15 09:31:23,717 [main] INFO  impl.PendingRequests (PendingRequests.java:sendNotLeaderResponses(202)) - 0264c470-949b-4993-b795-3095d2449e18@group-E34DB59A4B2C-PendingRequests: sendNotLeaderResponses
2019-10-15 09:31:23,718 [main] INFO  impl.StateMachineUpdater (StateMachineUpdater.java:stopAndJoin(136)) - 0264c470-949b-4993-b795-3095d2449e18@group-E34DB59A4B2C-StateMachineUpdater: set stopIndex = 0
2019-10-15 09:31:23,718 [main] INFO  impl.RaftServerImpl (ServerState.java:close(387)) - 0264c470-949b-4993-b795-3095d2449e18@group-E34DB59A4B2C: closes. applyIndex: 0
2019-10-15 09:31:23,719 [0264c470-949b-4993-b795-3095d2449e18@group-E34DB59A4B2C-SegmentedRaftLogWorker] INFO  segmented.SegmentedRaftLogWorker (SegmentedRaftLogWorker.java:run(316)) - 0264c470-949b-4993-b795-3095d2449e18@group-E34DB59A4B2C-SegmentedRaftLogWorker was interrupted, exiting. There are 0 tasks remaining in the queue.
2019-10-15 09:31:23,721 [main] INFO  segmented.SegmentedRaftLogWorker (SegmentedRaftLogWorker.java:close(224)) - 0264c470-949b-4993-b795-3095d2449e18@group-E34DB59A4B2C-SegmentedRaftLogWorker close()
2019-10-15 09:31:23,724 [main] INFO  server.GrpcService (GrpcService.java:closeImpl(164)) - 0264c470-949b-4993-b795-3095d2449e18: shutdown server with port 36943 now
2019-10-15 09:31:23,725 [main] INFO  server.GrpcService (GrpcService.java:closeImpl(172)) - 0264c470-949b-4993-b795-3095d2449e18: shutdown server with port 36943 successfully
2019-10-15 09:31:23,725 [25136bf1-57af-4fb5-af68-1d44ce82afaa@group-F8894AEA8CD5-StateMachineUpdater] INFO  ratis.ContainerStateMachine (ContainerStateMachine.java:takeSnapshot(305)) - group-F8894AEA8CD5: Finished taking a snapshot at:(t:1, i:17) file:/workdir/hadoop-ozone/integration-test/target/test-dir/MiniOzoneClusterImpl-56cf674f-c5b4-4091-81ba-767fb818b5f0/datanode-2/data/ratis/7f7b5571-2d8d-4086-bef2-f8894aea8cd5/sm/snapshot.1_17 time:15
2019-10-15 09:31:23,726 [25136bf1-57af-4fb5-af68-1d44ce82afaa@group-F8894AEA8CD5-StateMachineUpdater] INFO  impl.StateMachineUpdater (StateMachineUpdater.java:takeSnapshot(269)) - 25136bf1-57af-4fb5-af68-1d44ce82afaa@group-F8894AEA8CD5-StateMachineUpdater: Took a snapshot at index 17
2019-10-15 09:31:23,726 [25136bf1-57af-4fb5-af68-1d44ce82afaa@group-F8894AEA8CD5-StateMachineUpdater] INFO  impl.StateMachineUpdater (StateMachineUpdater.java:lambda$new$0(84)) - 25136bf1-57af-4fb5-af68-1d44ce82afaa@group-F8894AEA8CD5-StateMachineUpdater: snapshotIndex: updateIncreasingly -1 -> 17
2019-10-15 09:31:23,726 [25136bf1-57af-4fb5-af68-1d44ce82afaa@group-F8894AEA8CD5-StateMachineUpdater] INFO  ratis.ContainerStateMachine (ContainerStateMachine.java:takeSnapshot(294)) - group-F8894AEA8CD5: Taking a snapshot at:(t:1, i:17) file /workdir/hadoop-ozone/integration-test/target/test-dir/MiniOzoneClusterImpl-56cf674f-c5b4-4091-81ba-767fb818b5f0/datanode-2/data/ratis/7f7b5571-2d8d-4086-bef2-f8894aea8cd5/sm/snapshot.1_17
2019-10-15 09:31:23,729 [refreshUsed-/workdir/hadoop-ozone/integration-test/target/test-dir/MiniOzoneClusterImpl-56cf674f-c5b4-4091-81ba-767fb818b5f0/datanode-6/data/containers] WARN  fs.CachingGetSpaceUsed (CachingGetSpaceUsed.java:run(183)) - Thread Interrupted waiting to refresh disk information: sleep interrupted
2019-10-15 09:31:23,741 [25136bf1-57af-4fb5-af68-1d44ce82afaa@group-F8894AEA8CD5-StateMachineUpdater] INFO  ratis.ContainerStateMachine (ContainerStateMachine.java:takeSnapshot(305)) - group-F8894AEA8CD5: Finished taking a snapshot at:(t:1, i:17) file:/workdir/hadoop-ozone/integration-test/target/test-dir/MiniOzoneClusterImpl-56cf674f-c5b4-4091-81ba-767fb818b5f0/datanode-2/data/ratis/7f7b5571-2d8d-4086-bef2-f8894aea8cd5/sm/snapshot.1_17 time:15
2019-10-15 09:31:23,742 [25136bf1-57af-4fb5-af68-1d44ce82afaa@group-F8894AEA8CD5-StateMachineUpdater] INFO  impl.StateMachineUpdater (StateMachineUpdater.java:takeSnapshot(269)) - 25136bf1-57af-4fb5-af68-1d44ce82afaa@group-F8894AEA8CD5-StateMachineUpdater: Took a snapshot at index 17
2019-10-15 09:31:23,742 [25136bf1-57af-4fb5-af68-1d44ce82afaa@group-F8894AEA8CD5-StateMachineUpdater] INFO  impl.StateMachineUpdater (StateMachineUpdater.java:lambda$new$0(84)) - 25136bf1-57af-4fb5-af68-1d44ce82afaa@group-F8894AEA8CD5-StateMachineUpdater: snapshotIndex: updateIncreasingly 17 -> 17
2019-10-15 09:31:23,742 [ForkJoinPool.commonPool-worker-1] INFO  impl.RaftServerImpl (ServerState.java:close(387)) - 25136bf1-57af-4fb5-af68-1d44ce82afaa@group-F8894AEA8CD5: closes. applyIndex: 18
2019-10-15 09:31:23,742 [25136bf1-57af-4fb5-af68-1d44ce82afaa@group-F8894AEA8CD5-SegmentedRaftLogWorker] INFO  segmented.SegmentedRaftLogWorker (SegmentedRaftLogWorker.java:run(316)) - 25136bf1-57af-4fb5-af68-1d44ce82afaa@group-F8894AEA8CD5-SegmentedRaftLogWorker was interrupted, exiting. There are 0 tasks remaining in the queue.
2019-10-15 09:31:23,744 [ForkJoinPool.commonPool-worker-1] INFO  segmented.SegmentedRaftLogWorker (SegmentedRaftLogWorker.java:close(224)) - 25136bf1-57af-4fb5-af68-1d44ce82afaa@group-F8894AEA8CD5-SegmentedRaftLogWorker close()
2019-10-15 09:31:23,748 [ForkJoinPool.commonPool-worker-1] INFO  impl.RaftServerImpl (RaftServerImpl.java:lambda$shutdown$3(247)) - 25136bf1-57af-4fb5-af68-1d44ce82afaa@group-674CF7488D00: shutdown
2019-10-15 09:31:23,748 [ForkJoinPool.commonPool-worker-1] INFO  util.JmxRegister (JmxRegister.java:unregister(73)) - Successfully un-registered JMX Bean with object name Ratis:service=RaftServer,group=group-674CF7488D00,id=25136bf1-57af-4fb5-af68-1d44ce82afaa
2019-10-15 09:31:23,748 [ForkJoinPool.commonPool-worker-1] INFO  impl.RoleInfo (RoleInfo.java:shutdownLeaderState(104)) - 25136bf1-57af-4fb5-af68-1d44ce82afaa: shutdown LeaderState
2019-10-15 09:31:23,748 [ForkJoinPool.commonPool-worker-1] INFO  impl.PendingRequests (PendingRequests.java:sendNotLeaderResponses(202)) - 25136bf1-57af-4fb5-af68-1d44ce82afaa@group-674CF7488D00-PendingRequests: sendNotLeaderResponses
2019-10-15 09:31:23,749 [ForkJoinPool.commonPool-worker-1] INFO  impl.StateMachineUpdater (StateMachineUpdater.java:stopAndJoin(136)) - 25136bf1-57af-4fb5-af68-1d44ce82afaa@group-674CF7488D00-StateMachineUpdater: set stopIndex = 0
2019-10-15 09:31:23,749 [ForkJoinPool.commonPool-worker-1] INFO  impl.RaftServerImpl (ServerState.java:close(387)) - 25136bf1-57af-4fb5-af68-1d44ce82afaa@group-674CF7488D00: closes. applyIndex: 0
2019-10-15 09:31:23,749 [25136bf1-57af-4fb5-af68-1d44ce82afaa@group-674CF7488D00-SegmentedRaftLogWorker] INFO  segmented.SegmentedRaftLogWorker (SegmentedRaftLogWorker.java:run(316)) - 25136bf1-57af-4fb5-af68-1d44ce82afaa@group-674CF7488D00-SegmentedRaftLogWorker was interrupted, exiting. There are 0 tasks remaining in the queue.
2019-10-15 09:31:23,751 [ForkJoinPool.commonPool-worker-1] INFO  segmented.SegmentedRaftLogWorker (SegmentedRaftLogWorker.java:close(224)) - 25136bf1-57af-4fb5-af68-1d44ce82afaa@group-674CF7488D00-SegmentedRaftLogWorker close()
2019-10-15 09:31:23,753 [ForkJoinPool.commonPool-worker-1] INFO  server.GrpcService (GrpcService.java:closeImpl(164)) - 25136bf1-57af-4fb5-af68-1d44ce82afaa: shutdown server with port 45106 now
2019-10-15 09:31:23,753 [main] INFO  utils.BackgroundService (BackgroundService.java:shutdown(151)) - Shutting down service BlockDeletingService
2019-10-15 09:31:23,755 [grpc-default-executor-14] WARN  server.GrpcServerProtocolService (LogUtils.java:warn(134)) - 25136bf1-57af-4fb5-af68-1d44ce82afaa: installSnapshot onError, lastRequest: 92e13dd7-88b7-4477-81d2-746904c33e64->25136bf1-57af-4fb5-af68-1d44ce82afaa#28-t1, previous=(t:1, i:18), leaderCommit=18, initializing? false, entries: <empty>: org.apache.ratis.thirdparty.io.grpc.StatusRuntimeException: CANCELLED: cancelled before receiving half close
2019-10-15 09:31:23,756 [grpc-default-executor-13] WARN  server.GrpcLogAppender (LogUtils.java:warn(134)) - 92e13dd7-88b7-4477-81d2-746904c33e64@group-F8894AEA8CD5->25136bf1-57af-4fb5-af68-1d44ce82afaa-AppendLogResponseHandler: Failed appendEntries: org.apache.ratis.thirdparty.io.grpc.StatusRuntimeException: CANCELLED: HTTP/2 error code: CANCEL
Received Rst Stream
2019-10-15 09:31:23,756 [ForkJoinPool.commonPool-worker-1] INFO  server.GrpcService (GrpcService.java:closeImpl(172)) - 25136bf1-57af-4fb5-af68-1d44ce82afaa: shutdown server with port 45106 successfully
2019-10-15 09:31:23,758 [grpc-default-executor-13] INFO  impl.FollowerInfo (FollowerInfo.java:lambda$new$0(51)) - 92e13dd7-88b7-4477-81d2-746904c33e64@group-F8894AEA8CD5->25136bf1-57af-4fb5-af68-1d44ce82afaa: nextIndex: updateUnconditionally 19 -> 18
2019-10-15 09:31:23,760 [main] INFO  statemachine.DatanodeStateMachine (DatanodeStateMachine.java:stopDaemon(401)) - Ozone container server stopped.
2019-10-15 09:31:23,762 [main] INFO  handler.ContextHandler (ContextHandler.java:doStop(910)) - Stopped o.e.j.w.WebAppContext@54895681{/,null,UNAVAILABLE}{/hddsDatanode}
2019-10-15 09:31:23,764 [main] INFO  server.AbstractConnector (AbstractConnector.java:doStop(318)) - Stopped ServerConnector@2dd0a0d0{HTTP/1.1,[http/1.1]}{0.0.0.0:0}
2019-10-15 09:31:23,764 [main] INFO  handler.ContextHandler (ContextHandler.java:doStop(910)) - Stopped o.e.j.s.ServletContextHandler@4bce62b{/static,jar:file:/home/user/.m2/repository/org/apache/hadoop/hadoop-hdds-container-service/0.5.0-SNAPSHOT/hadoop-hdds-container-service-0.5.0-SNAPSHOT.jar!/webapps/static,UNAVAILABLE}
2019-10-15 09:31:23,765 [main] INFO  handler.ContextHandler (ContextHandler.java:doStop(910)) - Stopped o.e.j.s.ServletContextHandler@250967f1{/logs,file:///workdir/hadoop-ozone/integration-test/target/log,UNAVAILABLE}
2019-10-15 09:31:23,776 [refreshUsed-/workdir/hadoop-ozone/integration-test/target/test-dir/MiniOzoneClusterImpl-56cf674f-c5b4-4091-81ba-767fb818b5f0/datanode-2/data/containers] WARN  fs.CachingGetSpaceUsed (CachingGetSpaceUsed.java:run(183)) - Thread Interrupted waiting to refresh disk information: sleep interrupted
2019-10-15 09:31:23,788 [ForkJoinPool.commonPool-worker-1] INFO  utils.BackgroundService (BackgroundService.java:shutdown(151)) - Shutting down service BlockDeletingService
2019-10-15 09:31:23,792 [ForkJoinPool.commonPool-worker-1] INFO  statemachine.DatanodeStateMachine (DatanodeStateMachine.java:stopDaemon(401)) - Ozone container server stopped.
2019-10-15 09:31:23,796 [ForkJoinPool.commonPool-worker-1] INFO  handler.ContextHandler (ContextHandler.java:doStop(910)) - Stopped o.e.j.w.WebAppContext@1860a7a1{/,null,UNAVAILABLE}{/hddsDatanode}
2019-10-15 09:31:23,796 [ForkJoinPool.commonPool-worker-1] INFO  server.AbstractConnector (AbstractConnector.java:doStop(318)) - Stopped ServerConnector@40d96578{HTTP/1.1,[http/1.1]}{0.0.0.0:0}
2019-10-15 09:31:23,798 [ForkJoinPool.commonPool-worker-1] INFO  handler.ContextHandler (ContextHandler.java:doStop(910)) - Stopped o.e.j.s.ServletContextHandler@4dd2ef54{/static,jar:file:/home/user/.m2/repository/org/apache/hadoop/hadoop-hdds-container-service/0.5.0-SNAPSHOT/hadoop-hdds-container-service-0.5.0-SNAPSHOT.jar!/webapps/static,UNAVAILABLE}
2019-10-15 09:31:23,799 [ForkJoinPool.commonPool-worker-1] INFO  handler.ContextHandler (ContextHandler.java:doStop(910)) - Stopped o.e.j.s.ServletContextHandler@7708b66a{/logs,file:///workdir/hadoop-ozone/integration-test/target/log,UNAVAILABLE}
2019-10-15 09:31:23,813 [Datanode State Machine Thread - 0] INFO  statemachine.DatanodeStateMachine (DatanodeStateMachine.java:lambda$startDaemon$0(356)) - Ozone container server started.
2019-10-15 09:31:24,478 [grpc-default-executor-3] WARN  server.GrpcLogAppender (LogUtils.java:warn(134)) - 92e13dd7-88b7-4477-81d2-746904c33e64@group-F8894AEA8CD5->ae849fbe-d7af-4b6d-ba68-65e2a663a917-AppendLogResponseHandler: Failed appendEntries: org.apache.ratis.thirdparty.io.grpc.StatusRuntimeException: UNAVAILABLE: io exception
2019-10-15 09:31:24,478 [grpc-default-executor-3] INFO  impl.FollowerInfo (FollowerInfo.java:lambda$new$0(51)) - 92e13dd7-88b7-4477-81d2-746904c33e64@group-F8894AEA8CD5->ae849fbe-d7af-4b6d-ba68-65e2a663a917: nextIndex: updateUnconditionally 15 -> 14
2019-10-15 09:31:24,482 [grpc-default-executor-3] WARN  server.GrpcLogAppender (LogUtils.java:warn(134)) - 92e13dd7-88b7-4477-81d2-746904c33e64@group-F8894AEA8CD5->25136bf1-57af-4fb5-af68-1d44ce82afaa-AppendLogResponseHandler: Failed appendEntries: org.apache.ratis.thirdparty.io.grpc.StatusRuntimeException: UNAVAILABLE: io exception
2019-10-15 09:31:24,482 [grpc-default-executor-3] INFO  impl.FollowerInfo (FollowerInfo.java:lambda$new$0(51)) - 92e13dd7-88b7-4477-81d2-746904c33e64@group-F8894AEA8CD5->25136bf1-57af-4fb5-af68-1d44ce82afaa: nextIndex: updateUnconditionally 18 -> 17
2019-10-15 09:31:24,503 [Datanode State Machine Thread - 0] INFO  statemachine.DatanodeStateMachine (DatanodeStateMachine.java:lambda$startDaemon$0(356)) - Ozone container server started.
2019-10-15 09:31:25,367 [grpc-default-executor-13] WARN  server.GrpcLogAppender (LogUtils.java:warn(134)) - 7f7ba54c-1c2f-4142-941c-848476af84b1@group-83E76FEE22C4->afcd5ebb-a9d9-4a75-8b79-0cd3ce730bd4-AppendLogResponseHandler: Failed appendEntries: org.apache.ratis.thirdparty.io.grpc.StatusRuntimeException: UNAVAILABLE: io exception
2019-10-15 09:31:25,367 [grpc-default-executor-13] INFO  impl.FollowerInfo (FollowerInfo.java:lambda$new$0(51)) - 7f7ba54c-1c2f-4142-941c-848476af84b1@group-83E76FEE22C4->afcd5ebb-a9d9-4a75-8b79-0cd3ce730bd4: nextIndex: updateUnconditionally 0 -> 0
2019-10-15 09:31:25,368 [grpc-default-executor-3] WARN  server.GrpcLogAppender (LogUtils.java:warn(134)) - 7f7ba54c-1c2f-4142-941c-848476af84b1@group-83E76FEE22C4->d505649b-5973-4d55-8d3f-ba249cb836d3-AppendLogResponseHandler: Failed appendEntries: org.apache.ratis.thirdparty.io.grpc.StatusRuntimeException: UNAVAILABLE: io exception
2019-10-15 09:31:25,368 [grpc-default-executor-3] INFO  impl.FollowerInfo (FollowerInfo.java:lambda$new$0(51)) - 7f7ba54c-1c2f-4142-941c-848476af84b1@group-83E76FEE22C4->d505649b-5973-4d55-8d3f-ba249cb836d3: nextIndex: updateUnconditionally 16 -> 15
2019-10-15 09:31:26,979 [grpc-default-executor-3] WARN  server.GrpcLogAppender (LogUtils.java:warn(134)) - 92e13dd7-88b7-4477-81d2-746904c33e64@group-F8894AEA8CD5->ae849fbe-d7af-4b6d-ba68-65e2a663a917-AppendLogResponseHandler: Failed appendEntries: org.apache.ratis.thirdparty.io.grpc.StatusRuntimeException: UNAVAILABLE: io exception
2019-10-15 09:31:26,980 [grpc-default-executor-3] INFO  impl.FollowerInfo (FollowerInfo.java:lambda$new$0(51)) - 92e13dd7-88b7-4477-81d2-746904c33e64@group-F8894AEA8CD5->ae849fbe-d7af-4b6d-ba68-65e2a663a917: nextIndex: updateUnconditionally 14 -> 13
2019-10-15 09:31:26,982 [grpc-default-executor-13] WARN  server.GrpcLogAppender (LogUtils.java:warn(134)) - 92e13dd7-88b7-4477-81d2-746904c33e64@group-F8894AEA8CD5->25136bf1-57af-4fb5-af68-1d44ce82afaa-AppendLogResponseHandler: Failed appendEntries: org.apache.ratis.thirdparty.io.grpc.StatusRuntimeException: UNAVAILABLE: io exception
2019-10-15 09:31:26,982 [grpc-default-executor-13] INFO  impl.FollowerInfo (FollowerInfo.java:lambda$new$0(51)) - 92e13dd7-88b7-4477-81d2-746904c33e64@group-F8894AEA8CD5->25136bf1-57af-4fb5-af68-1d44ce82afaa: nextIndex: updateUnconditionally 17 -> 16
2019-10-15 09:31:27,820 [EventQueue-StaleNodeForStaleNodeHandler] INFO  node.StaleNodeHandler (StaleNodeHandler.java:onMessage(58)) - Datanode 7f7ba54c-1c2f-4142-941c-848476af84b1{ip: 192.168.5.139, host: pr-hdds-2034-mt9tt-727200918, networkLocation: /default-rack, certSerialId: null} moved to stale state. Finalizing its pipelines [PipelineID=21ff3ec3-bf5d-4cdb-93c5-83e76fee22c4, PipelineID=6d57e35e-b045-4f1d-92a6-827ffb4a23c1]
2019-10-15 09:31:27,821 [EventQueue-StaleNodeForStaleNodeHandler] INFO  pipeline.SCMPipelineManager (SCMPipelineManager.java:finalizeAndDestroyPipeline(354)) - destroying pipeline:Pipeline[ Id: 21ff3ec3-bf5d-4cdb-93c5-83e76fee22c4, Nodes: afcd5ebb-a9d9-4a75-8b79-0cd3ce730bd4{ip: 192.168.5.139, host: pr-hdds-2034-mt9tt-727200918, networkLocation: /default-rack, certSerialId: null}d505649b-5973-4d55-8d3f-ba249cb836d3{ip: 192.168.5.139, host: pr-hdds-2034-mt9tt-727200918, networkLocation: /default-rack, certSerialId: null}7f7ba54c-1c2f-4142-941c-848476af84b1{ip: 192.168.5.139, host: pr-hdds-2034-mt9tt-727200918, networkLocation: /default-rack, certSerialId: null}, Type:RATIS, Factor:THREE, State:CLOSED]
2019-10-15 09:31:27,821 [EventQueue-StaleNodeForStaleNodeHandler] INFO  pipeline.SCMPipelineManager (SCMPipelineManager.java:finalizeAndDestroyPipeline(354)) - destroying pipeline:Pipeline[ Id: 6d57e35e-b045-4f1d-92a6-827ffb4a23c1, Nodes: 7f7ba54c-1c2f-4142-941c-848476af84b1{ip: 192.168.5.139, host: pr-hdds-2034-mt9tt-727200918, networkLocation: /default-rack, certSerialId: null}, Type:RATIS, Factor:ONE, State:OPEN]
2019-10-15 09:31:27,822 [EventQueue-StaleNodeForStaleNodeHandler] INFO  pipeline.PipelineStateManager (PipelineStateManager.java:finalizePipeline(123)) - Pipeline Pipeline[ Id: 6d57e35e-b045-4f1d-92a6-827ffb4a23c1, Nodes: 7f7ba54c-1c2f-4142-941c-848476af84b1{ip: 192.168.5.139, host: pr-hdds-2034-mt9tt-727200918, networkLocation: /default-rack, certSerialId: null}, Type:RATIS, Factor:ONE, State:CLOSED] moved to CLOSED state
2019-10-15 09:31:27,869 [grpc-default-executor-14] WARN  server.GrpcLogAppender (LogUtils.java:warn(134)) - 7f7ba54c-1c2f-4142-941c-848476af84b1@group-83E76FEE22C4->d505649b-5973-4d55-8d3f-ba249cb836d3-AppendLogResponseHandler: Failed appendEntries: org.apache.ratis.thirdparty.io.grpc.StatusRuntimeException: UNAVAILABLE: io exception
2019-10-15 09:31:27,869 [grpc-default-executor-3] WARN  server.GrpcLogAppender (LogUtils.java:warn(134)) - 7f7ba54c-1c2f-4142-941c-848476af84b1@group-83E76FEE22C4->afcd5ebb-a9d9-4a75-8b79-0cd3ce730bd4-AppendLogResponseHandler: Failed appendEntries: org.apache.ratis.thirdparty.io.grpc.StatusRuntimeException: UNAVAILABLE: io exception
2019-10-15 09:31:27,876 [grpc-default-executor-14] INFO  impl.FollowerInfo (FollowerInfo.java:lambda$new$0(51)) - 7f7ba54c-1c2f-4142-941c-848476af84b1@group-83E76FEE22C4->d505649b-5973-4d55-8d3f-ba249cb836d3: nextIndex: updateUnconditionally 15 -> 14
2019-10-15 09:31:27,876 [grpc-default-executor-3] INFO  impl.FollowerInfo (FollowerInfo.java:lambda$new$0(51)) - 7f7ba54c-1c2f-4142-941c-848476af84b1@group-83E76FEE22C4->afcd5ebb-a9d9-4a75-8b79-0cd3ce730bd4: nextIndex: updateUnconditionally 0 -> 0
2019-10-15 09:31:28,521 [EventQueue-StaleNodeForStaleNodeHandler] INFO  node.StaleNodeHandler (StaleNodeHandler.java:onMessage(58)) - Datanode 92e13dd7-88b7-4477-81d2-746904c33e64{ip: 192.168.5.139, host: pr-hdds-2034-mt9tt-727200918, networkLocation: /default-rack, certSerialId: null} moved to stale state. Finalizing its pipelines [PipelineID=66f9bc02-07f0-416c-b0d6-6ad4944c02cd, PipelineID=7f7b5571-2d8d-4086-bef2-f8894aea8cd5]
2019-10-15 09:31:28,522 [EventQueue-StaleNodeForStaleNodeHandler] INFO  pipeline.SCMPipelineManager (SCMPipelineManager.java:finalizeAndDestroyPipeline(354)) - destroying pipeline:Pipeline[ Id: 66f9bc02-07f0-416c-b0d6-6ad4944c02cd, Nodes: 92e13dd7-88b7-4477-81d2-746904c33e64{ip: 192.168.5.139, host: pr-hdds-2034-mt9tt-727200918, networkLocation: /default-rack, certSerialId: null}, Type:RATIS, Factor:ONE, State:OPEN]
2019-10-15 09:31:28,522 [EventQueue-StaleNodeForStaleNodeHandler] INFO  pipeline.PipelineStateManager (PipelineStateManager.java:finalizePipeline(123)) - Pipeline Pipeline[ Id: 66f9bc02-07f0-416c-b0d6-6ad4944c02cd, Nodes: 92e13dd7-88b7-4477-81d2-746904c33e64{ip: 192.168.5.139, host: pr-hdds-2034-mt9tt-727200918, networkLocation: /default-rack, certSerialId: null}, Type:RATIS, Factor:ONE, State:CLOSED] moved to CLOSED state
2019-10-15 09:31:28,523 [EventQueue-StaleNodeForStaleNodeHandler] INFO  pipeline.SCMPipelineManager (SCMPipelineManager.java:finalizeAndDestroyPipeline(354)) - destroying pipeline:Pipeline[ Id: 7f7b5571-2d8d-4086-bef2-f8894aea8cd5, Nodes: ae849fbe-d7af-4b6d-ba68-65e2a663a917{ip: 192.168.5.139, host: pr-hdds-2034-mt9tt-727200918, networkLocation: /default-rack, certSerialId: null}92e13dd7-88b7-4477-81d2-746904c33e64{ip: 192.168.5.139, host: pr-hdds-2034-mt9tt-727200918, networkLocation: /default-rack, certSerialId: null}25136bf1-57af-4fb5-af68-1d44ce82afaa{ip: 192.168.5.139, host: pr-hdds-2034-mt9tt-727200918, networkLocation: /default-rack, certSerialId: null}, Type:RATIS, Factor:THREE, State:CLOSED]
2019-10-15 09:31:28,767 [main] INFO  ozoneimpl.OzoneContainer (OzoneContainer.java:stop(227)) - Attempting to stop container services.
2019-10-15 09:31:28,768 [main] INFO  impl.RaftServerProxy (RaftServerProxy.java:lambda$close$4(314)) - 7f7ba54c-1c2f-4142-941c-848476af84b1: close
2019-10-15 09:31:28,769 [main] INFO  impl.RaftServerImpl (RaftServerImpl.java:lambda$shutdown$3(247)) - 7f7ba54c-1c2f-4142-941c-848476af84b1@group-83E76FEE22C4: shutdown
2019-10-15 09:31:28,769 [main] INFO  util.JmxRegister (JmxRegister.java:unregister(73)) - Successfully un-registered JMX Bean with object name Ratis:service=RaftServer,group=group-83E76FEE22C4,id=7f7ba54c-1c2f-4142-941c-848476af84b1
2019-10-15 09:31:28,769 [main] INFO  impl.RoleInfo (RoleInfo.java:shutdownLeaderState(104)) - 7f7ba54c-1c2f-4142-941c-848476af84b1: shutdown LeaderState
2019-10-15 09:31:28,774 [main] INFO  impl.PendingRequests (PendingRequests.java:sendNotLeaderResponses(202)) - 7f7ba54c-1c2f-4142-941c-848476af84b1@group-83E76FEE22C4-PendingRequests: sendNotLeaderResponses
2019-10-15 09:31:28,774 [org.apache.ratis.server.impl.LogAppender$AppenderDaemon$$Lambda$1020/975215009@162a9c01] WARN  server.GrpcLogAppender (GrpcLogAppender.java:mayWait(143)) - 7f7ba54c-1c2f-4142-941c-848476af84b1@group-83E76FEE22C4->d505649b-5973-4d55-8d3f-ba249cb836d3-GrpcLogAppender: Wait interrupted by java.lang.InterruptedException
2019-10-15 09:31:28,774 [org.apache.ratis.server.impl.LogAppender$AppenderDaemon$$Lambda$1020/975215009@5ceabd89] WARN  server.GrpcLogAppender (GrpcLogAppender.java:mayWait(143)) - 7f7ba54c-1c2f-4142-941c-848476af84b1@group-83E76FEE22C4->afcd5ebb-a9d9-4a75-8b79-0cd3ce730bd4-GrpcLogAppender: Wait interrupted by java.lang.InterruptedException
2019-10-15 09:31:28,779 [main] INFO  impl.StateMachineUpdater (StateMachineUpdater.java:stopAndJoin(136)) - 7f7ba54c-1c2f-4142-941c-848476af84b1@group-83E76FEE22C4-StateMachineUpdater: set stopIndex = 18
2019-10-15 09:31:28,779 [7f7ba54c-1c2f-4142-941c-848476af84b1@group-83E76FEE22C4-StateMachineUpdater] INFO  ratis.ContainerStateMachine (ContainerStateMachine.java:takeSnapshot(294)) - group-83E76FEE22C4: Taking a snapshot at:(t:2, i:14) file /workdir/hadoop-ozone/integration-test/target/test-dir/MiniOzoneClusterImpl-56cf674f-c5b4-4091-81ba-767fb818b5f0/datanode-5/data/ratis/21ff3ec3-bf5d-4cdb-93c5-83e76fee22c4/sm/snapshot.2_14
2019-10-15 09:31:28,793 [7f7ba54c-1c2f-4142-941c-848476af84b1@group-83E76FEE22C4-StateMachineUpdater] INFO  ratis.ContainerStateMachine (ContainerStateMachine.java:takeSnapshot(305)) - group-83E76FEE22C4: Finished taking a snapshot at:(t:2, i:14) file:/workdir/hadoop-ozone/integration-test/target/test-dir/MiniOzoneClusterImpl-56cf674f-c5b4-4091-81ba-767fb818b5f0/datanode-5/data/ratis/21ff3ec3-bf5d-4cdb-93c5-83e76fee22c4/sm/snapshot.2_14 time:14
2019-10-15 09:31:28,794 [7f7ba54c-1c2f-4142-941c-848476af84b1@group-83E76FEE22C4-StateMachineUpdater] INFO  impl.StateMachineUpdater (StateMachineUpdater.java:takeSnapshot(269)) - 7f7ba54c-1c2f-4142-941c-848476af84b1@group-83E76FEE22C4-StateMachineUpdater: Took a snapshot at index 14
2019-10-15 09:31:28,794 [7f7ba54c-1c2f-4142-941c-848476af84b1@group-83E76FEE22C4-StateMachineUpdater] INFO  impl.StateMachineUpdater (StateMachineUpdater.java:lambda$new$0(84)) - 7f7ba54c-1c2f-4142-941c-848476af84b1@group-83E76FEE22C4-StateMachineUpdater: snapshotIndex: updateIncreasingly -1 -> 14
2019-10-15 09:31:28,794 [7f7ba54c-1c2f-4142-941c-848476af84b1@group-83E76FEE22C4-StateMachineUpdater] INFO  ratis.ContainerStateMachine (ContainerStateMachine.java:takeSnapshot(294)) - group-83E76FEE22C4: Taking a snapshot at:(t:2, i:14) file /workdir/hadoop-ozone/integration-test/target/test-dir/MiniOzoneClusterImpl-56cf674f-c5b4-4091-81ba-767fb818b5f0/datanode-5/data/ratis/21ff3ec3-bf5d-4cdb-93c5-83e76fee22c4/sm/snapshot.2_14
2019-10-15 09:31:28,801 [ForkJoinPool.commonPool-worker-1] INFO  ozoneimpl.OzoneContainer (OzoneContainer.java:stop(227)) - Attempting to stop container services.
2019-10-15 09:31:28,801 [ForkJoinPool.commonPool-worker-1] INFO  impl.RaftServerProxy (RaftServerProxy.java:lambda$close$4(314)) - 92e13dd7-88b7-4477-81d2-746904c33e64: close
2019-10-15 09:31:28,802 [ForkJoinPool.commonPool-worker-1] INFO  impl.RaftServerImpl (RaftServerImpl.java:lambda$shutdown$3(247)) - 92e13dd7-88b7-4477-81d2-746904c33e64@group-6AD4944C02CD: shutdown
2019-10-15 09:31:28,802 [ForkJoinPool.commonPool-worker-1] INFO  util.JmxRegister (JmxRegister.java:unregister(73)) - Successfully un-registered JMX Bean with object name Ratis:service=RaftServer,group=group-6AD4944C02CD,id=92e13dd7-88b7-4477-81d2-746904c33e64
2019-10-15 09:31:28,802 [ForkJoinPool.commonPool-worker-1] INFO  impl.RoleInfo (RoleInfo.java:shutdownLeaderState(104)) - 92e13dd7-88b7-4477-81d2-746904c33e64: shutdown LeaderState
2019-10-15 09:31:28,802 [ForkJoinPool.commonPool-worker-1] INFO  impl.PendingRequests (PendingRequests.java:sendNotLeaderResponses(202)) - 92e13dd7-88b7-4477-81d2-746904c33e64@group-6AD4944C02CD-PendingRequests: sendNotLeaderResponses
2019-10-15 09:31:28,802 [ForkJoinPool.commonPool-worker-1] INFO  impl.StateMachineUpdater (StateMachineUpdater.java:stopAndJoin(136)) - 92e13dd7-88b7-4477-81d2-746904c33e64@group-6AD4944C02CD-StateMachineUpdater: set stopIndex = 0
2019-10-15 09:31:28,803 [ForkJoinPool.commonPool-worker-1] INFO  impl.RaftServerImpl (ServerState.java:close(387)) - 92e13dd7-88b7-4477-81d2-746904c33e64@group-6AD4944C02CD: closes. applyIndex: 0
2019-10-15 09:31:28,803 [92e13dd7-88b7-4477-81d2-746904c33e64@group-6AD4944C02CD-SegmentedRaftLogWorker] INFO  segmented.SegmentedRaftLogWorker (SegmentedRaftLogWorker.java:run(316)) - 92e13dd7-88b7-4477-81d2-746904c33e64@group-6AD4944C02CD-SegmentedRaftLogWorker was interrupted, exiting. There are 0 tasks remaining in the queue.
2019-10-15 09:31:28,805 [ForkJoinPool.commonPool-worker-1] INFO  segmented.SegmentedRaftLogWorker (SegmentedRaftLogWorker.java:close(224)) - 92e13dd7-88b7-4477-81d2-746904c33e64@group-6AD4944C02CD-SegmentedRaftLogWorker close()
2019-10-15 09:31:28,808 [ForkJoinPool.commonPool-worker-1] INFO  impl.RaftServerImpl (RaftServerImpl.java:lambda$shutdown$3(247)) - 92e13dd7-88b7-4477-81d2-746904c33e64@group-F8894AEA8CD5: shutdown
2019-10-15 09:31:28,808 [7f7ba54c-1c2f-4142-941c-848476af84b1@group-83E76FEE22C4-StateMachineUpdater] INFO  ratis.ContainerStateMachine (ContainerStateMachine.java:takeSnapshot(305)) - group-83E76FEE22C4: Finished taking a snapshot at:(t:2, i:14) file:/workdir/hadoop-ozone/integration-test/target/test-dir/MiniOzoneClusterImpl-56cf674f-c5b4-4091-81ba-767fb818b5f0/datanode-5/data/ratis/21ff3ec3-bf5d-4cdb-93c5-83e76fee22c4/sm/snapshot.2_14 time:14
2019-10-15 09:31:28,809 [ForkJoinPool.commonPool-worker-1] INFO  util.JmxRegister (JmxRegister.java:unregister(73)) - Successfully un-registered JMX Bean with object name Ratis:service=RaftServer,group=group-F8894AEA8CD5,id=92e13dd7-88b7-4477-81d2-746904c33e64
2019-10-15 09:31:28,809 [7f7ba54c-1c2f-4142-941c-848476af84b1@group-83E76FEE22C4-StateMachineUpdater] INFO  impl.StateMachineUpdater (StateMachineUpdater.java:takeSnapshot(269)) - 7f7ba54c-1c2f-4142-941c-848476af84b1@group-83E76FEE22C4-StateMachineUpdater: Took a snapshot at index 14
2019-10-15 09:31:28,809 [ForkJoinPool.commonPool-worker-1] INFO  impl.RoleInfo (RoleInfo.java:shutdownLeaderState(104)) - 92e13dd7-88b7-4477-81d2-746904c33e64: shutdown LeaderState
2019-10-15 09:31:28,809 [7f7ba54c-1c2f-4142-941c-848476af84b1@group-83E76FEE22C4-StateMachineUpdater] INFO  impl.StateMachineUpdater (StateMachineUpdater.java:lambda$new$0(84)) - 7f7ba54c-1c2f-4142-941c-848476af84b1@group-83E76FEE22C4-StateMachineUpdater: snapshotIndex: updateIncreasingly 14 -> 14
2019-10-15 09:31:28,812 [org.apache.ratis.server.impl.LogAppender$AppenderDaemon$$Lambda$1020/975215009@15e61d47] WARN  server.GrpcLogAppender (GrpcLogAppender.java:mayWait(143)) - 92e13dd7-88b7-4477-81d2-746904c33e64@group-F8894AEA8CD5->25136bf1-57af-4fb5-af68-1d44ce82afaa-GrpcLogAppender: Wait interrupted by java.lang.InterruptedException
2019-10-15 09:31:28,812 [org.apache.ratis.server.impl.LogAppender$AppenderDaemon$$Lambda$1020/975215009@28551b3e] WARN  server.GrpcLogAppender (GrpcLogAppender.java:mayWait(143)) - 92e13dd7-88b7-4477-81d2-746904c33e64@group-F8894AEA8CD5->ae849fbe-d7af-4b6d-ba68-65e2a663a917-GrpcLogAppender: Wait interrupted by java.lang.InterruptedException
2019-10-15 09:31:28,812 [ForkJoinPool.commonPool-worker-1] INFO  impl.PendingRequests (PendingRequests.java:sendNotLeaderResponses(202)) - 92e13dd7-88b7-4477-81d2-746904c33e64@group-F8894AEA8CD5-PendingRequests: sendNotLeaderResponses
2019-10-15 09:31:28,812 [main] INFO  impl.RaftServerImpl (ServerState.java:close(387)) - 7f7ba54c-1c2f-4142-941c-848476af84b1@group-83E76FEE22C4: closes. applyIndex: 18
2019-10-15 09:31:28,814 [92e13dd7-88b7-4477-81d2-746904c33e64@group-F8894AEA8CD5-StateMachineUpdater] INFO  ratis.ContainerStateMachine (ContainerStateMachine.java:takeSnapshot(294)) - group-F8894AEA8CD5: Taking a snapshot at:(t:1, i:18) file /workdir/hadoop-ozone/integration-test/target/test-dir/MiniOzoneClusterImpl-56cf674f-c5b4-4091-81ba-767fb818b5f0/datanode-0/data/ratis/7f7b5571-2d8d-4086-bef2-f8894aea8cd5/sm/snapshot.1_18
2019-10-15 09:31:28,814 [ForkJoinPool.commonPool-worker-1] INFO  impl.StateMachineUpdater (StateMachineUpdater.java:stopAndJoin(136)) - 92e13dd7-88b7-4477-81d2-746904c33e64@group-F8894AEA8CD5-StateMachineUpdater: set stopIndex = 18
2019-10-15 09:31:28,815 [7f7ba54c-1c2f-4142-941c-848476af84b1@group-83E76FEE22C4-SegmentedRaftLogWorker] INFO  segmented.SegmentedRaftLogWorker (SegmentedRaftLogWorker.java:run(316)) - 7f7ba54c-1c2f-4142-941c-848476af84b1@group-83E76FEE22C4-SegmentedRaftLogWorker was interrupted, exiting. There are 0 tasks remaining in the queue.
2019-10-15 09:31:28,824 [main] INFO  segmented.SegmentedRaftLogWorker (SegmentedRaftLogWorker.java:close(224)) - 7f7ba54c-1c2f-4142-941c-848476af84b1@group-83E76FEE22C4-SegmentedRaftLogWorker close()
2019-10-15 09:31:28,826 [main] INFO  impl.RaftServerImpl (RaftServerImpl.java:lambda$shutdown$3(247)) - 7f7ba54c-1c2f-4142-941c-848476af84b1@group-827FFB4A23C1: shutdown
2019-10-15 09:31:28,826 [main] INFO  util.JmxRegister (JmxRegister.java:unregister(73)) - Successfully un-registered JMX Bean with object name Ratis:service=RaftServer,group=group-827FFB4A23C1,id=7f7ba54c-1c2f-4142-941c-848476af84b1
2019-10-15 09:31:28,826 [main] INFO  impl.RoleInfo (RoleInfo.java:shutdownLeaderState(104)) - 7f7ba54c-1c2f-4142-941c-848476af84b1: shutdown LeaderState
2019-10-15 09:31:28,826 [main] INFO  impl.PendingRequests (PendingRequests.java:sendNotLeaderResponses(202)) - 7f7ba54c-1c2f-4142-941c-848476af84b1@group-827FFB4A23C1-PendingRequests: sendNotLeaderResponses
2019-10-15 09:31:28,827 [main] INFO  impl.StateMachineUpdater (StateMachineUpdater.java:stopAndJoin(136)) - 7f7ba54c-1c2f-4142-941c-848476af84b1@group-827FFB4A23C1-StateMachineUpdater: set stopIndex = 0
2019-10-15 09:31:28,827 [main] INFO  impl.RaftServerImpl (ServerState.java:close(387)) - 7f7ba54c-1c2f-4142-941c-848476af84b1@group-827FFB4A23C1: closes. applyIndex: 0
2019-10-15 09:31:28,827 [7f7ba54c-1c2f-4142-941c-848476af84b1@group-827FFB4A23C1-SegmentedRaftLogWorker] INFO  segmented.SegmentedRaftLogWorker (SegmentedRaftLogWorker.java:run(316)) - 7f7ba54c-1c2f-4142-941c-848476af84b1@group-827FFB4A23C1-SegmentedRaftLogWorker was interrupted, exiting. There are 0 tasks remaining in the queue.
2019-10-15 09:31:28,827 [main] INFO  segmented.SegmentedRaftLogWorker (SegmentedRaftLogWorker.java:close(224)) - 7f7ba54c-1c2f-4142-941c-848476af84b1@group-827FFB4A23C1-SegmentedRaftLogWorker close()
2019-10-15 09:31:28,828 [92e13dd7-88b7-4477-81d2-746904c33e64@group-F8894AEA8CD5-StateMachineUpdater] INFO  ratis.ContainerStateMachine (ContainerStateMachine.java:takeSnapshot(305)) - group-F8894AEA8CD5: Finished taking a snapshot at:(t:1, i:18) file:/workdir/hadoop-ozone/integration-test/target/test-dir/MiniOzoneClusterImpl-56cf674f-c5b4-4091-81ba-767fb818b5f0/datanode-0/data/ratis/7f7b5571-2d8d-4086-bef2-f8894aea8cd5/sm/snapshot.1_18 time:13
2019-10-15 09:31:28,829 [main] INFO  server.GrpcService (GrpcService.java:closeImpl(164)) - 7f7ba54c-1c2f-4142-941c-848476af84b1: shutdown server with port 41543 now
2019-10-15 09:31:28,829 [92e13dd7-88b7-4477-81d2-746904c33e64@group-F8894AEA8CD5-StateMachineUpdater] INFO  impl.StateMachineUpdater (StateMachineUpdater.java:takeSnapshot(269)) - 92e13dd7-88b7-4477-81d2-746904c33e64@group-F8894AEA8CD5-StateMachineUpdater: Took a snapshot at index 18
2019-10-15 09:31:28,830 [92e13dd7-88b7-4477-81d2-746904c33e64@group-F8894AEA8CD5-StateMachineUpdater] INFO  impl.StateMachineUpdater (StateMachineUpdater.java:lambda$new$0(84)) - 92e13dd7-88b7-4477-81d2-746904c33e64@group-F8894AEA8CD5-StateMachineUpdater: snapshotIndex: updateIncreasingly -1 -> 18
2019-10-15 09:31:28,830 [ForkJoinPool.commonPool-worker-1] INFO  impl.RaftServerImpl (ServerState.java:close(387)) - 92e13dd7-88b7-4477-81d2-746904c33e64@group-F8894AEA8CD5: closes. applyIndex: 18
2019-10-15 09:31:28,830 [92e13dd7-88b7-4477-81d2-746904c33e64@group-F8894AEA8CD5-SegmentedRaftLogWorker] INFO  segmented.SegmentedRaftLogWorker (SegmentedRaftLogWorker.java:run(316)) - 92e13dd7-88b7-4477-81d2-746904c33e64@group-F8894AEA8CD5-SegmentedRaftLogWorker was interrupted, exiting. There are 0 tasks remaining in the queue.
2019-10-15 09:31:28,831 [main] INFO  server.GrpcService (GrpcService.java:closeImpl(172)) - 7f7ba54c-1c2f-4142-941c-848476af84b1: shutdown server with port 41543 successfully
2019-10-15 09:31:28,831 [ForkJoinPool.commonPool-worker-1] INFO  segmented.SegmentedRaftLogWorker (SegmentedRaftLogWorker.java:close(224)) - 92e13dd7-88b7-4477-81d2-746904c33e64@group-F8894AEA8CD5-SegmentedRaftLogWorker close()
2019-10-15 09:31:28,832 [ForkJoinPool.commonPool-worker-1] INFO  server.GrpcService (GrpcService.java:closeImpl(164)) - 92e13dd7-88b7-4477-81d2-746904c33e64: shutdown server with port 33549 now
2019-10-15 09:31:28,834 [grpc-default-executor-14] WARN  client.GrpcClientProtocolService (LogUtils.java:warn(134)) - 1-UnorderedRequestStreamObserver1: onError: org.apache.ratis.thirdparty.io.grpc.StatusRuntimeException: CANCELLED: cancelled before receiving half close
2019-10-15 09:31:28,834 [ForkJoinPool.commonPool-worker-1] INFO  server.GrpcService (GrpcService.java:closeImpl(172)) - 92e13dd7-88b7-4477-81d2-746904c33e64: shutdown server with port 33549 successfully
2019-10-15 09:31:28,841 [refreshUsed-/workdir/hadoop-ozone/integration-test/target/test-dir/MiniOzoneClusterImpl-56cf674f-c5b4-4091-81ba-767fb818b5f0/datanode-0/data/containers] WARN  fs.CachingGetSpaceUsed (CachingGetSpaceUsed.java:run(183)) - Thread Interrupted waiting to refresh disk information: sleep interrupted
2019-10-15 09:31:28,841 [refreshUsed-/workdir/hadoop-ozone/integration-test/target/test-dir/MiniOzoneClusterImpl-56cf674f-c5b4-4091-81ba-767fb818b5f0/datanode-5/data/containers] WARN  fs.CachingGetSpaceUsed (CachingGetSpaceUsed.java:run(183)) - Thread Interrupted waiting to refresh disk information: sleep interrupted
2019-10-15 09:31:28,869 [main] INFO  utils.BackgroundService (BackgroundService.java:shutdown(151)) - Shutting down service BlockDeletingService
2019-10-15 09:31:28,880 [main] INFO  statemachine.DatanodeStateMachine (DatanodeStateMachine.java:stopDaemon(401)) - Ozone container server stopped.
2019-10-15 09:31:28,882 [main] INFO  handler.ContextHandler (ContextHandler.java:doStop(910)) - Stopped o.e.j.w.WebAppContext@37b01ce2{/,null,UNAVAILABLE}{/hddsDatanode}
2019-10-15 09:31:28,882 [ForkJoinPool.commonPool-worker-1] INFO  utils.BackgroundService (BackgroundService.java:shutdown(151)) - Shutting down service BlockDeletingService
2019-10-15 09:31:28,885 [main] INFO  server.AbstractConnector (AbstractConnector.java:doStop(318)) - Stopped ServerConnector@1a88c4f5{HTTP/1.1,[http/1.1]}{0.0.0.0:0}
2019-10-15 09:31:28,887 [ForkJoinPool.commonPool-worker-1] INFO  statemachine.DatanodeStateMachine (DatanodeStateMachine.java:stopDaemon(401)) - Ozone container server stopped.
2019-10-15 09:31:28,887 [main] INFO  handler.ContextHandler (ContextHandler.java:doStop(910)) - Stopped o.e.j.s.ServletContextHandler@25699aa7{/static,jar:file:/home/user/.m2/repository/org/apache/hadoop/hadoop-hdds-container-service/0.5.0-SNAPSHOT/hadoop-hdds-container-service-0.5.0-SNAPSHOT.jar!/webapps/static,UNAVAILABLE}
2019-10-15 09:31:28,890 [main] INFO  handler.ContextHandler (ContextHandler.java:doStop(910)) - Stopped o.e.j.s.ServletContextHandler@46612bfc{/logs,file:///workdir/hadoop-ozone/integration-test/target/log,UNAVAILABLE}
2019-10-15 09:31:28,891 [ForkJoinPool.commonPool-worker-1] INFO  handler.ContextHandler (ContextHandler.java:doStop(910)) - Stopped o.e.j.w.WebAppContext@7faa0680{/,null,UNAVAILABLE}{/hddsDatanode}
2019-10-15 09:31:28,892 [ForkJoinPool.commonPool-worker-1] INFO  server.AbstractConnector (AbstractConnector.java:doStop(318)) - Stopped ServerConnector@4c635edc{HTTP/1.1,[http/1.1]}{0.0.0.0:0}
2019-10-15 09:31:28,893 [ForkJoinPool.commonPool-worker-1] INFO  handler.ContextHandler (ContextHandler.java:doStop(910)) - Stopped o.e.j.s.ServletContextHandler@11eec06b{/static,jar:file:/home/user/.m2/repository/org/apache/hadoop/hadoop-hdds-container-service/0.5.0-SNAPSHOT/hadoop-hdds-container-service-0.5.0-SNAPSHOT.jar!/webapps/static,UNAVAILABLE}
2019-10-15 09:31:28,894 [ForkJoinPool.commonPool-worker-1] INFO  handler.ContextHandler (ContextHandler.java:doStop(910)) - Stopped o.e.j.s.ServletContextHandler@3bbb8c16{/logs,file:///workdir/hadoop-ozone/integration-test/target/log,UNAVAILABLE}
2019-10-15 09:31:28,895 [main] INFO  ozone.MiniOzoneClusterImpl (MiniOzoneClusterImpl.java:stopSCM(397)) - Stopping the StorageContainerManager
2019-10-15 09:31:28,895 [main] INFO  server.StorageContainerManager (StorageContainerManager.java:stop(809)) - Stopping Replication Manager Service.
2019-10-15 09:31:28,895 [main] INFO  container.ReplicationManager (ReplicationManager.java:stop(203)) - Stopping Replication Monitor Thread.
2019-10-15 09:31:28,896 [main] INFO  server.StorageContainerManager (StorageContainerManager.java:stop(816)) - Stopping Lease Manager of the command watchers
2019-10-15 09:31:28,896 [main] INFO  server.StorageContainerManager (StorageContainerManager.java:stop(823)) - Stopping datanode service RPC server
2019-10-15 09:31:28,896 [main] INFO  server.SCMDatanodeProtocolServer (SCMDatanodeProtocolServer.java:stop(366)) - Stopping the RPC server for DataNodes
2019-10-15 09:31:28,896 [main] INFO  ipc.Server (Server.java:stop(3082)) - Stopping server on 45114
2019-10-15 09:31:28,898 [IPC Server listener on 45114] INFO  ipc.Server (Server.java:run(1185)) - Stopping IPC Server listener on 45114
2019-10-15 09:31:28,899 [IPC Server Responder] INFO  ipc.Server (Server.java:run(1319)) - Stopping IPC Server Responder
2019-10-15 09:31:28,924 [SCM Heartbeat Processing Thread - 0] WARN  node.NodeStateManager (NodeStateManager.java:scheduleNextHealthCheck(646)) - Current Thread is interrupted, shutting down HB processing thread for Node Manager.
2019-10-15 09:31:28,924 [main] INFO  server.StorageContainerManager (StorageContainerManager.java:stop(831)) - Stopping block service RPC server
2019-10-15 09:31:28,924 [main] INFO  server.SCMBlockProtocolServer (SCMBlockProtocolServer.java:stop(155)) - Stopping the RPC server for Block Protocol
2019-10-15 09:31:28,925 [main] INFO  ipc.Server (Server.java:stop(3082)) - Stopping server on 35339
2019-10-15 09:31:28,927 [IPC Server listener on 35339] INFO  ipc.Server (Server.java:run(1185)) - Stopping IPC Server listener on 35339
2019-10-15 09:31:28,927 [main] INFO  server.StorageContainerManager (StorageContainerManager.java:stop(838)) - Stopping the StorageContainerLocationProtocol RPC server
2019-10-15 09:31:28,927 [IPC Server Responder] INFO  ipc.Server (Server.java:run(1319)) - Stopping IPC Server Responder
2019-10-15 09:31:28,928 [main] INFO  server.SCMClientProtocolServer (SCMClientProtocolServer.java:stop(168)) - Stopping the RPC server for Client Protocol
2019-10-15 09:31:28,928 [main] INFO  ipc.Server (Server.java:stop(3082)) - Stopping server on 37824
2019-10-15 09:31:28,929 [main] INFO  server.StorageContainerManager (StorageContainerManager.java:stop(845)) - Stopping Storage Container Manager HTTP server.
2019-10-15 09:31:28,930 [IPC Server listener on 37824] INFO  ipc.Server (Server.java:run(1185)) - Stopping IPC Server listener on 37824
2019-10-15 09:31:28,930 [IPC Server Responder] INFO  ipc.Server (Server.java:run(1319)) - Stopping IPC Server Responder
2019-10-15 09:31:28,932 [main] INFO  handler.ContextHandler (ContextHandler.java:doStop(910)) - Stopped o.e.j.w.WebAppContext@4fb57fb3{/,null,UNAVAILABLE}{/scm}
2019-10-15 09:31:28,932 [main] INFO  server.AbstractConnector (AbstractConnector.java:doStop(318)) - Stopped ServerConnector@6b063470{HTTP/1.1,[http/1.1]}{0.0.0.0:0}
2019-10-15 09:31:28,932 [main] INFO  handler.ContextHandler (ContextHandler.java:doStop(910)) - Stopped o.e.j.s.ServletContextHandler@5faeeb56{/static,file:///workdir/hadoop-ozone/integration-test/target/test-classes/webapps/static,UNAVAILABLE}
2019-10-15 09:31:28,933 [main] INFO  handler.ContextHandler (ContextHandler.java:doStop(910)) - Stopped o.e.j.s.ServletContextHandler@cbf1997{/logs,file:///workdir/hadoop-ozone/integration-test/target/log,UNAVAILABLE}
2019-10-15 09:31:28,933 [main] INFO  server.StorageContainerManager (StorageContainerManager.java:stop(856)) - Stopping Block Manager Service.
2019-10-15 09:31:28,933 [main] INFO  utils.BackgroundService (BackgroundService.java:shutdown(151)) - Shutting down service SCMBlockDeletingService
2019-10-15 09:31:28,934 [main] INFO  utils.BackgroundService (BackgroundService.java:shutdown(151)) - Shutting down service SCMBlockDeletingService
2019-10-15 09:31:28,934 [main] INFO  server.StorageContainerManager (StorageContainerManager.java:stop(878)) - Stopping SCM Event Queue.
2019-10-15 09:31:28,938 [main] INFO  impl.MetricsSystemImpl (MetricsSystemImpl.java:stop(210)) - Stopping HddsDatanode metrics system...
2019-10-15 09:31:28,958 [main] INFO  impl.MetricsSystemImpl (MetricsSystemImpl.java:stop(216)) - HddsDatanode metrics system stopped.
]]></system-out>
    <system-err><![CDATA[Oct 15, 2019 9:31:12 AM org.apache.ratis.thirdparty.io.grpc.internal.ManagedChannelOrphanWrapper$ManagedChannelReference cleanQueue
SEVERE: *~*~*~ Channel ManagedChannelImpl{logId=2293, target=192.168.5.139:45230} was not shutdown properly!!! ~*~*~*
    Make sure to call shutdown()/shutdownNow() and wait until awaitTermination() returns true.
java.lang.RuntimeException: ManagedChannel allocation site
	at org.apache.ratis.thirdparty.io.grpc.internal.ManagedChannelOrphanWrapper$ManagedChannelReference.<init>(ManagedChannelOrphanWrapper.java:103)
	at org.apache.ratis.thirdparty.io.grpc.internal.ManagedChannelOrphanWrapper.<init>(ManagedChannelOrphanWrapper.java:53)
	at org.apache.ratis.thirdparty.io.grpc.internal.ManagedChannelOrphanWrapper.<init>(ManagedChannelOrphanWrapper.java:44)
	at org.apache.ratis.thirdparty.io.grpc.internal.AbstractManagedChannelImplBuilder.build(AbstractManagedChannelImplBuilder.java:411)
	at org.apache.ratis.grpc.client.GrpcClientProtocolClient.<init>(GrpcClientProtocolClient.java:128)
	at org.apache.ratis.grpc.client.GrpcClientRpc.lambda$new$0(GrpcClientRpc.java:55)
	at org.apache.ratis.util.PeerProxyMap$PeerAndProxy.lambda$getProxy$0(PeerProxyMap.java:61)
	at org.apache.ratis.util.LifeCycle.startAndTransition(LifeCycle.java:202)
	at org.apache.ratis.util.PeerProxyMap$PeerAndProxy.getProxy(PeerProxyMap.java:60)
	at org.apache.ratis.util.PeerProxyMap.getProxy(PeerProxyMap.java:108)
	at org.apache.ratis.grpc.client.GrpcClientRpc.sendRequestAsync(GrpcClientRpc.java:66)
	at org.apache.ratis.client.impl.OrderedAsync.sendRequest(OrderedAsync.java:208)
	at org.apache.ratis.client.impl.OrderedAsync.sendRequestWithRetry(OrderedAsync.java:169)
	at org.apache.ratis.util.SlidingWindow$Client.sendOrDelayRequest(SlidingWindow.java:278)
	at org.apache.ratis.util.SlidingWindow$Client.retry(SlidingWindow.java:294)
	at org.apache.ratis.client.impl.OrderedAsync.lambda$scheduleWithTimeout$7(OrderedAsync.java:195)
	at org.apache.ratis.util.TimeoutScheduler.lambda$onTimeout$0(TimeoutScheduler.java:113)
	at org.apache.ratis.util.TimeoutScheduler.lambda$onTimeout$1(TimeoutScheduler.java:133)
	at org.apache.ratis.util.LogUtils.runAndLog(LogUtils.java:50)
	at org.apache.ratis.util.LogUtils$1.run(LogUtils.java:91)
	at java.util.concurrent.Executors$RunnableAdapter.call(Executors.java:511)
	at java.util.concurrent.FutureTask.run(FutureTask.java:266)
	at java.util.concurrent.ScheduledThreadPoolExecutor$ScheduledFutureTask.access$201(ScheduledThreadPoolExecutor.java:180)
	at java.util.concurrent.ScheduledThreadPoolExecutor$ScheduledFutureTask.run(ScheduledThreadPoolExecutor.java:293)
	at java.util.concurrent.ThreadPoolExecutor.runWorker(ThreadPoolExecutor.java:1149)
	at java.util.concurrent.ThreadPoolExecutor$Worker.run(ThreadPoolExecutor.java:624)
	at java.lang.Thread.run(Thread.java:748)

Oct 15, 2019 9:31:12 AM org.apache.ratis.thirdparty.io.grpc.internal.ManagedChannelOrphanWrapper$ManagedChannelReference cleanQueue
SEVERE: *~*~*~ Channel ManagedChannelImpl{logId=2308, target=192.168.5.139:43434} was not shutdown properly!!! ~*~*~*
    Make sure to call shutdown()/shutdownNow() and wait until awaitTermination() returns true.
java.lang.RuntimeException: ManagedChannel allocation site
	at org.apache.ratis.thirdparty.io.grpc.internal.ManagedChannelOrphanWrapper$ManagedChannelReference.<init>(ManagedChannelOrphanWrapper.java:103)
	at org.apache.ratis.thirdparty.io.grpc.internal.ManagedChannelOrphanWrapper.<init>(ManagedChannelOrphanWrapper.java:53)
	at org.apache.ratis.thirdparty.io.grpc.internal.ManagedChannelOrphanWrapper.<init>(ManagedChannelOrphanWrapper.java:44)
	at org.apache.ratis.thirdparty.io.grpc.internal.AbstractManagedChannelImplBuilder.build(AbstractManagedChannelImplBuilder.java:411)
	at org.apache.hadoop.hdds.scm.XceiverClientGrpc.connectToDatanode(XceiverClientGrpc.java:183)
	at org.apache.hadoop.hdds.scm.XceiverClientGrpc.reconnect(XceiverClientGrpc.java:434)
	at org.apache.hadoop.hdds.scm.XceiverClientGrpc.sendCommandAsync(XceiverClientGrpc.java:382)
	at org.apache.hadoop.hdds.scm.XceiverClientGrpc.sendCommandWithRetry(XceiverClientGrpc.java:295)
	at org.apache.hadoop.hdds.scm.XceiverClientGrpc.sendCommandWithTraceIDAndRetry(XceiverClientGrpc.java:259)
	at org.apache.hadoop.hdds.scm.XceiverClientGrpc.sendCommand(XceiverClientGrpc.java:242)
	at org.apache.hadoop.hdds.scm.storage.ContainerProtocolCalls.getBlock(ContainerProtocolCalls.java:118)
	at org.apache.hadoop.hdds.scm.storage.BlockInputStream.getChunkInfos(BlockInputStream.java:169)
	at org.apache.hadoop.hdds.scm.storage.BlockInputStream.initialize(BlockInputStream.java:118)
	at org.apache.hadoop.hdds.scm.storage.BlockInputStream.read(BlockInputStream.java:224)
	at org.apache.hadoop.ozone.client.io.KeyInputStream.read(KeyInputStream.java:173)
	at org.apache.hadoop.ozone.client.io.OzoneInputStream.read(OzoneInputStream.java:47)
	at java.io.InputStream.read(InputStream.java:101)
	at org.apache.hadoop.ozone.container.ContainerTestHelper.validateData(ContainerTestHelper.java:715)
	at org.apache.hadoop.ozone.client.rpc.TestBlockOutputStreamWithFailures.validateData(TestBlockOutputStreamWithFailures.java:1216)
	at org.apache.hadoop.ozone.client.rpc.TestBlockOutputStreamWithFailures.testWatchForCommitWithSingleNodeRatis(TestBlockOutputStreamWithFailures.java:918)
	at sun.reflect.NativeMethodAccessorImpl.invoke0(Native Method)
	at sun.reflect.NativeMethodAccessorImpl.invoke(NativeMethodAccessorImpl.java:62)
	at sun.reflect.DelegatingMethodAccessorImpl.invoke(DelegatingMethodAccessorImpl.java:43)
	at java.lang.reflect.Method.invoke(Method.java:498)
	at org.junit.runners.model.FrameworkMethod$1.runReflectiveCall(FrameworkMethod.java:47)
	at org.junit.internal.runners.model.ReflectiveCallable.run(ReflectiveCallable.java:12)
	at org.junit.runners.model.FrameworkMethod.invokeExplosively(FrameworkMethod.java:44)
	at org.junit.internal.runners.statements.InvokeMethod.evaluate(InvokeMethod.java:17)
	at org.junit.internal.runners.statements.RunBefores.evaluate(RunBefores.java:26)
	at org.junit.internal.runners.statements.RunAfters.evaluate(RunAfters.java:27)
	at org.junit.runners.ParentRunner.runLeaf(ParentRunner.java:271)
	at org.junit.runners.BlockJUnit4ClassRunner.runChild(BlockJUnit4ClassRunner.java:70)
	at org.junit.runners.BlockJUnit4ClassRunner.runChild(BlockJUnit4ClassRunner.java:50)
	at org.junit.runners.ParentRunner$3.run(ParentRunner.java:238)
	at org.junit.runners.ParentRunner$1.schedule(ParentRunner.java:63)
	at org.junit.runners.ParentRunner.runChildren(ParentRunner.java:236)
	at org.junit.runners.ParentRunner.access$000(ParentRunner.java:53)
	at org.junit.runners.ParentRunner$2.evaluate(ParentRunner.java:229)
	at org.junit.runners.ParentRunner.run(ParentRunner.java:309)
	at org.apache.maven.surefire.junit4.JUnit4Provider.execute(JUnit4Provider.java:365)
	at org.apache.maven.surefire.junit4.JUnit4Provider.executeWithRerun(JUnit4Provider.java:273)
	at org.apache.maven.surefire.junit4.JUnit4Provider.executeTestSet(JUnit4Provider.java:238)
	at org.apache.maven.surefire.junit4.JUnit4Provider.invoke(JUnit4Provider.java:159)
	at org.apache.maven.surefire.booter.ForkedBooter.invokeProviderInSameClassLoader(ForkedBooter.java:384)
	at org.apache.maven.surefire.booter.ForkedBooter.runSuitesInProcess(ForkedBooter.java:345)
	at org.apache.maven.surefire.booter.ForkedBooter.execute(ForkedBooter.java:126)
	at org.apache.maven.surefire.booter.ForkedBooter.main(ForkedBooter.java:418)

Oct 15, 2019 9:31:12 AM org.apache.ratis.thirdparty.io.grpc.internal.ManagedChannelOrphanWrapper$ManagedChannelReference cleanQueue
SEVERE: *~*~*~ Channel ManagedChannelImpl{logId=2178, target=192.168.5.139:44995} was not shutdown properly!!! ~*~*~*
    Make sure to call shutdown()/shutdownNow() and wait until awaitTermination() returns true.
java.lang.RuntimeException: ManagedChannel allocation site
	at org.apache.ratis.thirdparty.io.grpc.internal.ManagedChannelOrphanWrapper$ManagedChannelReference.<init>(ManagedChannelOrphanWrapper.java:103)
	at org.apache.ratis.thirdparty.io.grpc.internal.ManagedChannelOrphanWrapper.<init>(ManagedChannelOrphanWrapper.java:53)
	at org.apache.ratis.thirdparty.io.grpc.internal.ManagedChannelOrphanWrapper.<init>(ManagedChannelOrphanWrapper.java:44)
	at org.apache.ratis.thirdparty.io.grpc.internal.AbstractManagedChannelImplBuilder.build(AbstractManagedChannelImplBuilder.java:411)
	at org.apache.hadoop.hdds.scm.XceiverClientGrpc.connectToDatanode(XceiverClientGrpc.java:183)
	at org.apache.hadoop.hdds.scm.XceiverClientGrpc.reconnect(XceiverClientGrpc.java:434)
	at org.apache.hadoop.hdds.scm.XceiverClientGrpc.sendCommandAsync(XceiverClientGrpc.java:382)
	at org.apache.hadoop.hdds.scm.XceiverClientGrpc.sendCommandWithRetry(XceiverClientGrpc.java:295)
	at org.apache.hadoop.hdds.scm.XceiverClientGrpc.sendCommandWithTraceIDAndRetry(XceiverClientGrpc.java:259)
	at org.apache.hadoop.hdds.scm.XceiverClientGrpc.sendCommand(XceiverClientGrpc.java:242)
	at org.apache.hadoop.hdds.scm.storage.ContainerProtocolCalls.getBlock(ContainerProtocolCalls.java:118)
	at org.apache.hadoop.hdds.scm.storage.BlockInputStream.getChunkInfos(BlockInputStream.java:169)
	at org.apache.hadoop.hdds.scm.storage.BlockInputStream.initialize(BlockInputStream.java:118)
	at org.apache.hadoop.hdds.scm.storage.BlockInputStream.read(BlockInputStream.java:224)
	at org.apache.hadoop.ozone.client.io.KeyInputStream.read(KeyInputStream.java:173)
	at org.apache.hadoop.ozone.client.io.OzoneInputStream.read(OzoneInputStream.java:47)
	at java.io.InputStream.read(InputStream.java:101)
	at org.apache.hadoop.ozone.container.ContainerTestHelper.validateData(ContainerTestHelper.java:715)
	at org.apache.hadoop.ozone.client.rpc.TestBlockOutputStreamWithFailures.validateData(TestBlockOutputStreamWithFailures.java:1216)
	at org.apache.hadoop.ozone.client.rpc.TestBlockOutputStreamWithFailures.testDatanodeFailureWithSingleNodeRatis(TestBlockOutputStreamWithFailures.java:1058)
	at sun.reflect.NativeMethodAccessorImpl.invoke0(Native Method)
	at sun.reflect.NativeMethodAccessorImpl.invoke(NativeMethodAccessorImpl.java:62)
	at sun.reflect.DelegatingMethodAccessorImpl.invoke(DelegatingMethodAccessorImpl.java:43)
	at java.lang.reflect.Method.invoke(Method.java:498)
	at org.junit.runners.model.FrameworkMethod$1.runReflectiveCall(FrameworkMethod.java:47)
	at org.junit.internal.runners.model.ReflectiveCallable.run(ReflectiveCallable.java:12)
	at org.junit.runners.model.FrameworkMethod.invokeExplosively(FrameworkMethod.java:44)
	at org.junit.internal.runners.statements.InvokeMethod.evaluate(InvokeMethod.java:17)
	at org.junit.internal.runners.statements.RunBefores.evaluate(RunBefores.java:26)
	at org.junit.internal.runners.statements.RunAfters.evaluate(RunAfters.java:27)
	at org.junit.runners.ParentRunner.runLeaf(ParentRunner.java:271)
	at org.junit.runners.BlockJUnit4ClassRunner.runChild(BlockJUnit4ClassRunner.java:70)
	at org.junit.runners.BlockJUnit4ClassRunner.runChild(BlockJUnit4ClassRunner.java:50)
	at org.junit.runners.ParentRunner$3.run(ParentRunner.java:238)
	at org.junit.runners.ParentRunner$1.schedule(ParentRunner.java:63)
	at org.junit.runners.ParentRunner.runChildren(ParentRunner.java:236)
	at org.junit.runners.ParentRunner.access$000(ParentRunner.java:53)
	at org.junit.runners.ParentRunner$2.evaluate(ParentRunner.java:229)
	at org.junit.runners.ParentRunner.run(ParentRunner.java:309)
	at org.apache.maven.surefire.junit4.JUnit4Provider.execute(JUnit4Provider.java:365)
	at org.apache.maven.surefire.junit4.JUnit4Provider.executeWithRerun(JUnit4Provider.java:273)
	at org.apache.maven.surefire.junit4.JUnit4Provider.executeTestSet(JUnit4Provider.java:238)
	at org.apache.maven.surefire.junit4.JUnit4Provider.invoke(JUnit4Provider.java:159)
	at org.apache.maven.surefire.booter.ForkedBooter.invokeProviderInSameClassLoader(ForkedBooter.java:384)
	at org.apache.maven.surefire.booter.ForkedBooter.runSuitesInProcess(ForkedBooter.java:345)
	at org.apache.maven.surefire.booter.ForkedBooter.execute(ForkedBooter.java:126)
	at org.apache.maven.surefire.booter.ForkedBooter.main(ForkedBooter.java:418)

Oct 15, 2019 9:31:12 AM org.apache.ratis.thirdparty.io.grpc.internal.ManagedChannelOrphanWrapper$ManagedChannelReference cleanQueue
SEVERE: *~*~*~ Channel ManagedChannelImpl{logId=2193, target=192.168.5.139:42179} was not shutdown properly!!! ~*~*~*
    Make sure to call shutdown()/shutdownNow() and wait until awaitTermination() returns true.
java.lang.RuntimeException: ManagedChannel allocation site
	at org.apache.ratis.thirdparty.io.grpc.internal.ManagedChannelOrphanWrapper$ManagedChannelReference.<init>(ManagedChannelOrphanWrapper.java:103)
	at org.apache.ratis.thirdparty.io.grpc.internal.ManagedChannelOrphanWrapper.<init>(ManagedChannelOrphanWrapper.java:53)
	at org.apache.ratis.thirdparty.io.grpc.internal.ManagedChannelOrphanWrapper.<init>(ManagedChannelOrphanWrapper.java:44)
	at org.apache.ratis.thirdparty.io.grpc.internal.AbstractManagedChannelImplBuilder.build(AbstractManagedChannelImplBuilder.java:411)
	at org.apache.hadoop.hdds.scm.XceiverClientGrpc.connectToDatanode(XceiverClientGrpc.java:183)
	at org.apache.hadoop.hdds.scm.XceiverClientGrpc.reconnect(XceiverClientGrpc.java:434)
	at org.apache.hadoop.hdds.scm.XceiverClientGrpc.sendCommandAsync(XceiverClientGrpc.java:382)
	at org.apache.hadoop.hdds.scm.XceiverClientGrpc.sendCommandWithRetry(XceiverClientGrpc.java:295)
	at org.apache.hadoop.hdds.scm.XceiverClientGrpc.sendCommandWithTraceIDAndRetry(XceiverClientGrpc.java:259)
	at org.apache.hadoop.hdds.scm.XceiverClientGrpc.sendCommand(XceiverClientGrpc.java:242)
	at org.apache.hadoop.hdds.scm.storage.ContainerProtocolCalls.getBlock(ContainerProtocolCalls.java:118)
	at org.apache.hadoop.hdds.scm.storage.BlockInputStream.getChunkInfos(BlockInputStream.java:169)
	at org.apache.hadoop.hdds.scm.storage.BlockInputStream.initialize(BlockInputStream.java:118)
	at org.apache.hadoop.hdds.scm.storage.BlockInputStream.read(BlockInputStream.java:224)
	at org.apache.hadoop.ozone.client.io.KeyInputStream.read(KeyInputStream.java:173)
	at org.apache.hadoop.ozone.client.io.OzoneInputStream.read(OzoneInputStream.java:47)
	at java.io.InputStream.read(InputStream.java:101)
	at org.apache.hadoop.ozone.container.ContainerTestHelper.validateData(ContainerTestHelper.java:715)
	at org.apache.hadoop.ozone.client.rpc.TestBlockOutputStreamWithFailures.validateData(TestBlockOutputStreamWithFailures.java:1216)
	at org.apache.hadoop.ozone.client.rpc.TestBlockOutputStreamWithFailures.testDatanodeFailureWithSingleNodeRatis(TestBlockOutputStreamWithFailures.java:1058)
	at sun.reflect.NativeMethodAccessorImpl.invoke0(Native Method)
	at sun.reflect.NativeMethodAccessorImpl.invoke(NativeMethodAccessorImpl.java:62)
	at sun.reflect.DelegatingMethodAccessorImpl.invoke(DelegatingMethodAccessorImpl.java:43)
	at java.lang.reflect.Method.invoke(Method.java:498)
	at org.junit.runners.model.FrameworkMethod$1.runReflectiveCall(FrameworkMethod.java:47)
	at org.junit.internal.runners.model.ReflectiveCallable.run(ReflectiveCallable.java:12)
	at org.junit.runners.model.FrameworkMethod.invokeExplosively(FrameworkMethod.java:44)
	at org.junit.internal.runners.statements.InvokeMethod.evaluate(InvokeMethod.java:17)
	at org.junit.internal.runners.statements.RunBefores.evaluate(RunBefores.java:26)
	at org.junit.internal.runners.statements.RunAfters.evaluate(RunAfters.java:27)
	at org.junit.runners.ParentRunner.runLeaf(ParentRunner.java:271)
	at org.junit.runners.BlockJUnit4ClassRunner.runChild(BlockJUnit4ClassRunner.java:70)
	at org.junit.runners.BlockJUnit4ClassRunner.runChild(BlockJUnit4ClassRunner.java:50)
	at org.junit.runners.ParentRunner$3.run(ParentRunner.java:238)
	at org.junit.runners.ParentRunner$1.schedule(ParentRunner.java:63)
	at org.junit.runners.ParentRunner.runChildren(ParentRunner.java:236)
	at org.junit.runners.ParentRunner.access$000(ParentRunner.java:53)
	at org.junit.runners.ParentRunner$2.evaluate(ParentRunner.java:229)
	at org.junit.runners.ParentRunner.run(ParentRunner.java:309)
	at org.apache.maven.surefire.junit4.JUnit4Provider.execute(JUnit4Provider.java:365)
	at org.apache.maven.surefire.junit4.JUnit4Provider.executeWithRerun(JUnit4Provider.java:273)
	at org.apache.maven.surefire.junit4.JUnit4Provider.executeTestSet(JUnit4Provider.java:238)
	at org.apache.maven.surefire.junit4.JUnit4Provider.invoke(JUnit4Provider.java:159)
	at org.apache.maven.surefire.booter.ForkedBooter.invokeProviderInSameClassLoader(ForkedBooter.java:384)
	at org.apache.maven.surefire.booter.ForkedBooter.runSuitesInProcess(ForkedBooter.java:345)
	at org.apache.maven.surefire.booter.ForkedBooter.execute(ForkedBooter.java:126)
	at org.apache.maven.surefire.booter.ForkedBooter.main(ForkedBooter.java:418)

Oct 15, 2019 9:31:12 AM org.apache.ratis.thirdparty.io.grpc.internal.ManagedChannelOrphanWrapper$ManagedChannelReference cleanQueue
SEVERE: *~*~*~ Channel ManagedChannelImpl{logId=2303, target=192.168.5.139:43489} was not shutdown properly!!! ~*~*~*
    Make sure to call shutdown()/shutdownNow() and wait until awaitTermination() returns true.
java.lang.RuntimeException: ManagedChannel allocation site
	at org.apache.ratis.thirdparty.io.grpc.internal.ManagedChannelOrphanWrapper$ManagedChannelReference.<init>(ManagedChannelOrphanWrapper.java:103)
	at org.apache.ratis.thirdparty.io.grpc.internal.ManagedChannelOrphanWrapper.<init>(ManagedChannelOrphanWrapper.java:53)
	at org.apache.ratis.thirdparty.io.grpc.internal.ManagedChannelOrphanWrapper.<init>(ManagedChannelOrphanWrapper.java:44)
	at org.apache.ratis.thirdparty.io.grpc.internal.AbstractManagedChannelImplBuilder.build(AbstractManagedChannelImplBuilder.java:411)
	at org.apache.hadoop.hdds.scm.XceiverClientGrpc.connectToDatanode(XceiverClientGrpc.java:183)
	at org.apache.hadoop.hdds.scm.XceiverClientGrpc.reconnect(XceiverClientGrpc.java:434)
	at org.apache.hadoop.hdds.scm.XceiverClientGrpc.sendCommandAsync(XceiverClientGrpc.java:382)
	at org.apache.hadoop.hdds.scm.XceiverClientGrpc.sendCommandWithRetry(XceiverClientGrpc.java:295)
	at org.apache.hadoop.hdds.scm.XceiverClientGrpc.sendCommandWithTraceIDAndRetry(XceiverClientGrpc.java:259)
	at org.apache.hadoop.hdds.scm.XceiverClientGrpc.sendCommand(XceiverClientGrpc.java:242)
	at org.apache.hadoop.hdds.scm.storage.ContainerProtocolCalls.getBlock(ContainerProtocolCalls.java:118)
	at org.apache.hadoop.hdds.scm.storage.BlockInputStream.getChunkInfos(BlockInputStream.java:169)
	at org.apache.hadoop.hdds.scm.storage.BlockInputStream.initialize(BlockInputStream.java:118)
	at org.apache.hadoop.hdds.scm.storage.BlockInputStream.read(BlockInputStream.java:224)
	at org.apache.hadoop.ozone.client.io.KeyInputStream.read(KeyInputStream.java:173)
	at org.apache.hadoop.ozone.client.io.OzoneInputStream.read(OzoneInputStream.java:47)
	at java.io.InputStream.read(InputStream.java:101)
	at org.apache.hadoop.ozone.container.ContainerTestHelper.validateData(ContainerTestHelper.java:715)
	at org.apache.hadoop.ozone.client.rpc.TestBlockOutputStreamWithFailures.validateData(TestBlockOutputStreamWithFailures.java:1216)
	at org.apache.hadoop.ozone.client.rpc.TestBlockOutputStreamWithFailures.testWatchForCommitWithSingleNodeRatis(TestBlockOutputStreamWithFailures.java:918)
	at sun.reflect.NativeMethodAccessorImpl.invoke0(Native Method)
	at sun.reflect.NativeMethodAccessorImpl.invoke(NativeMethodAccessorImpl.java:62)
	at sun.reflect.DelegatingMethodAccessorImpl.invoke(DelegatingMethodAccessorImpl.java:43)
	at java.lang.reflect.Method.invoke(Method.java:498)
	at org.junit.runners.model.FrameworkMethod$1.runReflectiveCall(FrameworkMethod.java:47)
	at org.junit.internal.runners.model.ReflectiveCallable.run(ReflectiveCallable.java:12)
	at org.junit.runners.model.FrameworkMethod.invokeExplosively(FrameworkMethod.java:44)
	at org.junit.internal.runners.statements.InvokeMethod.evaluate(InvokeMethod.java:17)
	at org.junit.internal.runners.statements.RunBefores.evaluate(RunBefores.java:26)
	at org.junit.internal.runners.statements.RunAfters.evaluate(RunAfters.java:27)
	at org.junit.runners.ParentRunner.runLeaf(ParentRunner.java:271)
	at org.junit.runners.BlockJUnit4ClassRunner.runChild(BlockJUnit4ClassRunner.java:70)
	at org.junit.runners.BlockJUnit4ClassRunner.runChild(BlockJUnit4ClassRunner.java:50)
	at org.junit.runners.ParentRunner$3.run(ParentRunner.java:238)
	at org.junit.runners.ParentRunner$1.schedule(ParentRunner.java:63)
	at org.junit.runners.ParentRunner.runChildren(ParentRunner.java:236)
	at org.junit.runners.ParentRunner.access$000(ParentRunner.java:53)
	at org.junit.runners.ParentRunner$2.evaluate(ParentRunner.java:229)
	at org.junit.runners.ParentRunner.run(ParentRunner.java:309)
	at org.apache.maven.surefire.junit4.JUnit4Provider.execute(JUnit4Provider.java:365)
	at org.apache.maven.surefire.junit4.JUnit4Provider.executeWithRerun(JUnit4Provider.java:273)
	at org.apache.maven.surefire.junit4.JUnit4Provider.executeTestSet(JUnit4Provider.java:238)
	at org.apache.maven.surefire.junit4.JUnit4Provider.invoke(JUnit4Provider.java:159)
	at org.apache.maven.surefire.booter.ForkedBooter.invokeProviderInSameClassLoader(ForkedBooter.java:384)
	at org.apache.maven.surefire.booter.ForkedBooter.runSuitesInProcess(ForkedBooter.java:345)
	at org.apache.maven.surefire.booter.ForkedBooter.execute(ForkedBooter.java:126)
	at org.apache.maven.surefire.booter.ForkedBooter.main(ForkedBooter.java:418)

Oct 15, 2019 9:31:12 AM org.apache.ratis.thirdparty.io.grpc.internal.ManagedChannelOrphanWrapper$ManagedChannelReference cleanQueue
SEVERE: *~*~*~ Channel ManagedChannelImpl{logId=2167, target=192.168.5.139:43048} was not shutdown properly!!! ~*~*~*
    Make sure to call shutdown()/shutdownNow() and wait until awaitTermination() returns true.
java.lang.RuntimeException: ManagedChannel allocation site
	at org.apache.ratis.thirdparty.io.grpc.internal.ManagedChannelOrphanWrapper$ManagedChannelReference.<init>(ManagedChannelOrphanWrapper.java:103)
	at org.apache.ratis.thirdparty.io.grpc.internal.ManagedChannelOrphanWrapper.<init>(ManagedChannelOrphanWrapper.java:53)
	at org.apache.ratis.thirdparty.io.grpc.internal.ManagedChannelOrphanWrapper.<init>(ManagedChannelOrphanWrapper.java:44)
	at org.apache.ratis.thirdparty.io.grpc.internal.AbstractManagedChannelImplBuilder.build(AbstractManagedChannelImplBuilder.java:411)
	at org.apache.ratis.grpc.client.GrpcClientProtocolClient.<init>(GrpcClientProtocolClient.java:128)
	at org.apache.ratis.grpc.client.GrpcClientRpc.lambda$new$0(GrpcClientRpc.java:55)
	at org.apache.ratis.util.PeerProxyMap$PeerAndProxy.lambda$getProxy$0(PeerProxyMap.java:61)
	at org.apache.ratis.util.LifeCycle.startAndTransition(LifeCycle.java:202)
	at org.apache.ratis.util.PeerProxyMap$PeerAndProxy.getProxy(PeerProxyMap.java:60)
	at org.apache.ratis.util.PeerProxyMap.getProxy(PeerProxyMap.java:108)
	at org.apache.ratis.grpc.client.GrpcClientRpc.sendRequestAsync(GrpcClientRpc.java:66)
	at org.apache.ratis.client.impl.OrderedAsync.sendRequest(OrderedAsync.java:208)
	at org.apache.ratis.client.impl.OrderedAsync.sendRequestWithRetry(OrderedAsync.java:169)
	at org.apache.ratis.util.SlidingWindow$Client.sendOrDelayRequest(SlidingWindow.java:278)
	at org.apache.ratis.util.SlidingWindow$Client.submitNewRequest(SlidingWindow.java:257)
	at org.apache.ratis.client.impl.OrderedAsync.send(OrderedAsync.java:155)
	at org.apache.ratis.client.impl.RaftClientImpl.sendAsync(RaftClientImpl.java:144)
	at org.apache.ratis.client.impl.RaftClientImpl.sendAsync(RaftClientImpl.java:124)
	at org.apache.hadoop.hdds.scm.XceiverClientRatis.sendRequestAsync(XceiverClientRatis.java:236)
	at org.apache.hadoop.hdds.scm.XceiverClientRatis.sendCommandAsync(XceiverClientRatis.java:317)
	at org.apache.hadoop.hdds.scm.storage.ContainerProtocolCalls.writeChunkAsync(ContainerProtocolCalls.java:310)
	at org.apache.hadoop.hdds.scm.storage.BlockOutputStream.writeChunkToContainer(BlockOutputStream.java:604)
	at org.apache.hadoop.hdds.scm.storage.BlockOutputStream.writeChunk(BlockOutputStream.java:462)
	at org.apache.hadoop.hdds.scm.storage.BlockOutputStream.writeOnRetry(BlockOutputStream.java:284)
	at org.apache.hadoop.ozone.client.io.BlockOutputStreamEntry.writeOnRetry(BlockOutputStreamEntry.java:200)
	at org.apache.hadoop.ozone.client.io.KeyOutputStream.handleWrite(KeyOutputStream.java:206)
	at org.apache.hadoop.ozone.client.io.KeyOutputStream.handleRetry(KeyOutputStream.java:375)
	at org.apache.hadoop.ozone.client.io.KeyOutputStream.handleException(KeyOutputStream.java:324)
	at org.apache.hadoop.ozone.client.io.KeyOutputStream.handleFlushOrClose(KeyOutputStream.java:449)
	at org.apache.hadoop.ozone.client.io.KeyOutputStream.handleWrite(KeyOutputStream.java:232)
	at org.apache.hadoop.ozone.client.io.KeyOutputStream.write(KeyOutputStream.java:190)
	at org.apache.hadoop.ozone.client.io.OzoneOutputStream.write(OzoneOutputStream.java:49)
	at java.io.OutputStream.write(OutputStream.java:75)
	at org.apache.hadoop.ozone.client.rpc.TestBlockOutputStreamWithFailures.testDatanodeFailureWithSingleNodeRatis(TestBlockOutputStreamWithFailures.java:1021)
	at sun.reflect.NativeMethodAccessorImpl.invoke0(Native Method)
	at sun.reflect.NativeMethodAccessorImpl.invoke(NativeMethodAccessorImpl.java:62)
	at sun.reflect.DelegatingMethodAccessorImpl.invoke(DelegatingMethodAccessorImpl.java:43)
	at java.lang.reflect.Method.invoke(Method.java:498)
	at org.junit.runners.model.FrameworkMethod$1.runReflectiveCall(FrameworkMethod.java:47)
	at org.junit.internal.runners.model.ReflectiveCallable.run(ReflectiveCallable.java:12)
	at org.junit.runners.model.FrameworkMethod.invokeExplosively(FrameworkMethod.java:44)
	at org.junit.internal.runners.statements.InvokeMethod.evaluate(InvokeMethod.java:17)
	at org.junit.internal.runners.statements.RunBefores.evaluate(RunBefores.java:26)
	at org.junit.internal.runners.statements.RunAfters.evaluate(RunAfters.java:27)
	at org.junit.runners.ParentRunner.runLeaf(ParentRunner.java:271)
	at org.junit.runners.BlockJUnit4ClassRunner.runChild(BlockJUnit4ClassRunner.java:70)
	at org.junit.runners.BlockJUnit4ClassRunner.runChild(BlockJUnit4ClassRunner.java:50)
	at org.junit.runners.ParentRunner$3.run(ParentRunner.java:238)
	at org.junit.runners.ParentRunner$1.schedule(ParentRunner.java:63)
	at org.junit.runners.ParentRunner.runChildren(ParentRunner.java:236)
	at org.junit.runners.ParentRunner.access$000(ParentRunner.java:53)
	at org.junit.runners.ParentRunner$2.evaluate(ParentRunner.java:229)
	at org.junit.runners.ParentRunner.run(ParentRunner.java:309)
	at org.apache.maven.surefire.junit4.JUnit4Provider.execute(JUnit4Provider.java:365)
	at org.apache.maven.surefire.junit4.JUnit4Provider.executeWithRerun(JUnit4Provider.java:273)
	at org.apache.maven.surefire.junit4.JUnit4Provider.executeTestSet(JUnit4Provider.java:238)
	at org.apache.maven.surefire.junit4.JUnit4Provider.invoke(JUnit4Provider.java:159)
	at org.apache.maven.surefire.booter.ForkedBooter.invokeProviderInSameClassLoader(ForkedBooter.java:384)
	at org.apache.maven.surefire.booter.ForkedBooter.runSuitesInProcess(ForkedBooter.java:345)
	at org.apache.maven.surefire.booter.ForkedBooter.execute(ForkedBooter.java:126)
	at org.apache.maven.surefire.booter.ForkedBooter.main(ForkedBooter.java:418)

Oct 15, 2019 9:31:12 AM org.apache.ratis.thirdparty.io.grpc.internal.ManagedChannelOrphanWrapper$ManagedChannelReference cleanQueue
SEVERE: *~*~*~ Channel ManagedChannelImpl{logId=2298, target=192.168.5.139:43602} was not shutdown properly!!! ~*~*~*
    Make sure to call shutdown()/shutdownNow() and wait until awaitTermination() returns true.
java.lang.RuntimeException: ManagedChannel allocation site
	at org.apache.ratis.thirdparty.io.grpc.internal.ManagedChannelOrphanWrapper$ManagedChannelReference.<init>(ManagedChannelOrphanWrapper.java:103)
	at org.apache.ratis.thirdparty.io.grpc.internal.ManagedChannelOrphanWrapper.<init>(ManagedChannelOrphanWrapper.java:53)
	at org.apache.ratis.thirdparty.io.grpc.internal.ManagedChannelOrphanWrapper.<init>(ManagedChannelOrphanWrapper.java:44)
	at org.apache.ratis.thirdparty.io.grpc.internal.AbstractManagedChannelImplBuilder.build(AbstractManagedChannelImplBuilder.java:411)
	at org.apache.ratis.grpc.client.GrpcClientProtocolClient.<init>(GrpcClientProtocolClient.java:128)
	at org.apache.ratis.grpc.client.GrpcClientRpc.lambda$new$0(GrpcClientRpc.java:55)
	at org.apache.ratis.util.PeerProxyMap$PeerAndProxy.lambda$getProxy$0(PeerProxyMap.java:61)
	at org.apache.ratis.util.LifeCycle.startAndTransition(LifeCycle.java:202)
	at org.apache.ratis.util.PeerProxyMap$PeerAndProxy.getProxy(PeerProxyMap.java:60)
	at org.apache.ratis.util.PeerProxyMap.getProxy(PeerProxyMap.java:108)
	at org.apache.ratis.grpc.client.GrpcClientRpc.sendRequestAsync(GrpcClientRpc.java:66)
	at org.apache.ratis.client.impl.OrderedAsync.sendRequest(OrderedAsync.java:208)
	at org.apache.ratis.client.impl.OrderedAsync.sendRequestWithRetry(OrderedAsync.java:169)
	at org.apache.ratis.util.SlidingWindow$Client.sendOrDelayRequest(SlidingWindow.java:278)
	at org.apache.ratis.util.SlidingWindow$Client.submitNewRequest(SlidingWindow.java:257)
	at org.apache.ratis.client.impl.OrderedAsync.send(OrderedAsync.java:155)
	at org.apache.ratis.client.impl.RaftClientImpl.sendAsync(RaftClientImpl.java:144)
	at org.apache.ratis.client.impl.RaftClientImpl.sendAsync(RaftClientImpl.java:124)
	at org.apache.hadoop.hdds.scm.XceiverClientRatis.sendRequestAsync(XceiverClientRatis.java:236)
	at org.apache.hadoop.hdds.scm.XceiverClientRatis.sendCommandAsync(XceiverClientRatis.java:317)
	at org.apache.hadoop.hdds.scm.storage.ContainerProtocolCalls.writeChunkAsync(ContainerProtocolCalls.java:310)
	at org.apache.hadoop.hdds.scm.storage.BlockOutputStream.writeChunkToContainer(BlockOutputStream.java:604)
	at org.apache.hadoop.hdds.scm.storage.BlockOutputStream.writeChunk(BlockOutputStream.java:462)
	at org.apache.hadoop.hdds.scm.storage.BlockOutputStream.writeOnRetry(BlockOutputStream.java:284)
	at org.apache.hadoop.ozone.client.io.BlockOutputStreamEntry.writeOnRetry(BlockOutputStreamEntry.java:200)
	at org.apache.hadoop.ozone.client.io.KeyOutputStream.handleWrite(KeyOutputStream.java:206)
	at org.apache.hadoop.ozone.client.io.KeyOutputStream.handleRetry(KeyOutputStream.java:375)
	at org.apache.hadoop.ozone.client.io.KeyOutputStream.handleException(KeyOutputStream.java:324)
	at org.apache.hadoop.ozone.client.io.KeyOutputStream.handleFlushOrClose(KeyOutputStream.java:449)
	at org.apache.hadoop.ozone.client.io.KeyOutputStream.handleWrite(KeyOutputStream.java:232)
	at org.apache.hadoop.ozone.client.io.KeyOutputStream.write(KeyOutputStream.java:190)
	at org.apache.hadoop.ozone.client.io.OzoneOutputStream.write(OzoneOutputStream.java:49)
	at java.io.OutputStream.write(OutputStream.java:75)
	at org.apache.hadoop.ozone.client.rpc.TestBlockOutputStreamWithFailures.testWatchForCommitWithSingleNodeRatis(TestBlockOutputStreamWithFailures.java:885)
	at sun.reflect.NativeMethodAccessorImpl.invoke0(Native Method)
	at sun.reflect.NativeMethodAccessorImpl.invoke(NativeMethodAccessorImpl.java:62)
	at sun.reflect.DelegatingMethodAccessorImpl.invoke(DelegatingMethodAccessorImpl.java:43)
	at java.lang.reflect.Method.invoke(Method.java:498)
	at org.junit.runners.model.FrameworkMethod$1.runReflectiveCall(FrameworkMethod.java:47)
	at org.junit.internal.runners.model.ReflectiveCallable.run(ReflectiveCallable.java:12)
	at org.junit.runners.model.FrameworkMethod.invokeExplosively(FrameworkMethod.java:44)
	at org.junit.internal.runners.statements.InvokeMethod.evaluate(InvokeMethod.java:17)
	at org.junit.internal.runners.statements.RunBefores.evaluate(RunBefores.java:26)
	at org.junit.internal.runners.statements.RunAfters.evaluate(RunAfters.java:27)
	at org.junit.runners.ParentRunner.runLeaf(ParentRunner.java:271)
	at org.junit.runners.BlockJUnit4ClassRunner.runChild(BlockJUnit4ClassRunner.java:70)
	at org.junit.runners.BlockJUnit4ClassRunner.runChild(BlockJUnit4ClassRunner.java:50)
	at org.junit.runners.ParentRunner$3.run(ParentRunner.java:238)
	at org.junit.runners.ParentRunner$1.schedule(ParentRunner.java:63)
	at org.junit.runners.ParentRunner.runChildren(ParentRunner.java:236)
	at org.junit.runners.ParentRunner.access$000(ParentRunner.java:53)
	at org.junit.runners.ParentRunner$2.evaluate(ParentRunner.java:229)
	at org.junit.runners.ParentRunner.run(ParentRunner.java:309)
	at org.apache.maven.surefire.junit4.JUnit4Provider.execute(JUnit4Provider.java:365)
	at org.apache.maven.surefire.junit4.JUnit4Provider.executeWithRerun(JUnit4Provider.java:273)
	at org.apache.maven.surefire.junit4.JUnit4Provider.executeTestSet(JUnit4Provider.java:238)
	at org.apache.maven.surefire.junit4.JUnit4Provider.invoke(JUnit4Provider.java:159)
	at org.apache.maven.surefire.booter.ForkedBooter.invokeProviderInSameClassLoader(ForkedBooter.java:384)
	at org.apache.maven.surefire.booter.ForkedBooter.runSuitesInProcess(ForkedBooter.java:345)
	at org.apache.maven.surefire.booter.ForkedBooter.execute(ForkedBooter.java:126)
	at org.apache.maven.surefire.booter.ForkedBooter.main(ForkedBooter.java:418)

Oct 15, 2019 9:31:18 AM org.apache.ratis.thirdparty.io.grpc.internal.SerializingExecutor run
SEVERE: Exception while executing runnable org.apache.ratis.thirdparty.io.grpc.internal.ServerImpl$JumpToApplicationThreadServerStreamListener$1Closed@18f21844
org.apache.ratis.thirdparty.io.grpc.StatusRuntimeException: CANCELLED: call already cancelled
	at org.apache.ratis.thirdparty.io.grpc.Status.asRuntimeException(Status.java:517)
	at org.apache.ratis.thirdparty.io.grpc.stub.ServerCalls$ServerCallStreamObserverImpl.onCompleted(ServerCalls.java:356)
	at org.apache.ratis.grpc.server.GrpcServerProtocolService$ServerRequestStreamObserver.onError(GrpcServerProtocolService.java:121)
	at org.apache.ratis.thirdparty.io.grpc.stub.ServerCalls$StreamingServerCallHandler$StreamingServerCallListener.onCancel(ServerCalls.java:269)
	at org.apache.ratis.thirdparty.io.grpc.internal.ServerCallImpl$ServerStreamListenerImpl.closed(ServerCallImpl.java:293)
	at org.apache.ratis.thirdparty.io.grpc.internal.ServerImpl$JumpToApplicationThreadServerStreamListener$1Closed.runInContext(ServerImpl.java:741)
	at org.apache.ratis.thirdparty.io.grpc.internal.ContextRunnable.run(ContextRunnable.java:37)
	at org.apache.ratis.thirdparty.io.grpc.internal.SerializingExecutor.run(SerializingExecutor.java:123)
	at java.util.concurrent.ThreadPoolExecutor.runWorker(ThreadPoolExecutor.java:1149)
	at java.util.concurrent.ThreadPoolExecutor$Worker.run(ThreadPoolExecutor.java:624)
	at java.lang.Thread.run(Thread.java:748)

Oct 15, 2019 9:31:18 AM org.apache.ratis.thirdparty.io.grpc.internal.SerializingExecutor run
SEVERE: Exception while executing runnable org.apache.ratis.thirdparty.io.grpc.internal.ServerImpl$JumpToApplicationThreadServerStreamListener$1Closed@483a150e
org.apache.ratis.thirdparty.io.grpc.StatusRuntimeException: CANCELLED: call already cancelled
	at org.apache.ratis.thirdparty.io.grpc.Status.asRuntimeException(Status.java:517)
	at org.apache.ratis.thirdparty.io.grpc.stub.ServerCalls$ServerCallStreamObserverImpl.onCompleted(ServerCalls.java:356)
	at org.apache.ratis.grpc.server.GrpcServerProtocolService$ServerRequestStreamObserver.onError(GrpcServerProtocolService.java:121)
	at org.apache.ratis.thirdparty.io.grpc.stub.ServerCalls$StreamingServerCallHandler$StreamingServerCallListener.onCancel(ServerCalls.java:269)
	at org.apache.ratis.thirdparty.io.grpc.internal.ServerCallImpl$ServerStreamListenerImpl.closed(ServerCallImpl.java:293)
	at org.apache.ratis.thirdparty.io.grpc.internal.ServerImpl$JumpToApplicationThreadServerStreamListener$1Closed.runInContext(ServerImpl.java:741)
	at org.apache.ratis.thirdparty.io.grpc.internal.ContextRunnable.run(ContextRunnable.java:37)
	at org.apache.ratis.thirdparty.io.grpc.internal.SerializingExecutor.run(SerializingExecutor.java:123)
	at java.util.concurrent.ThreadPoolExecutor.runWorker(ThreadPoolExecutor.java:1149)
	at java.util.concurrent.ThreadPoolExecutor$Worker.run(ThreadPoolExecutor.java:624)
	at java.lang.Thread.run(Thread.java:748)

Oct 15, 2019 9:31:23 AM org.apache.ratis.thirdparty.io.grpc.internal.SerializingExecutor run
SEVERE: Exception while executing runnable org.apache.ratis.thirdparty.io.grpc.internal.ServerImpl$JumpToApplicationThreadServerStreamListener$1Closed@62e7013
org.apache.ratis.thirdparty.io.grpc.StatusRuntimeException: CANCELLED: call already cancelled
	at org.apache.ratis.thirdparty.io.grpc.Status.asRuntimeException(Status.java:517)
	at org.apache.ratis.thirdparty.io.grpc.stub.ServerCalls$ServerCallStreamObserverImpl.onCompleted(ServerCalls.java:356)
	at org.apache.ratis.grpc.server.GrpcServerProtocolService$ServerRequestStreamObserver.onError(GrpcServerProtocolService.java:121)
	at org.apache.ratis.thirdparty.io.grpc.stub.ServerCalls$StreamingServerCallHandler$StreamingServerCallListener.onCancel(ServerCalls.java:269)
	at org.apache.ratis.thirdparty.io.grpc.internal.ServerCallImpl$ServerStreamListenerImpl.closed(ServerCallImpl.java:293)
	at org.apache.ratis.thirdparty.io.grpc.internal.ServerImpl$JumpToApplicationThreadServerStreamListener$1Closed.runInContext(ServerImpl.java:741)
	at org.apache.ratis.thirdparty.io.grpc.internal.ContextRunnable.run(ContextRunnable.java:37)
	at org.apache.ratis.thirdparty.io.grpc.internal.SerializingExecutor.run(SerializingExecutor.java:123)
	at java.util.concurrent.ThreadPoolExecutor.runWorker(ThreadPoolExecutor.java:1149)
	at java.util.concurrent.ThreadPoolExecutor$Worker.run(ThreadPoolExecutor.java:624)
	at java.lang.Thread.run(Thread.java:748)

]]></system-err>
  </testcase>
  <testcase name="testFailureWithPrimeSizedData" classname="org.apache.hadoop.ozone.client.rpc.TestBlockOutputStreamWithFailures" time="42.94"/>
  <testcase name="testWatchForCommitWithCloseContainerException" classname="org.apache.hadoop.ozone.client.rpc.TestBlockOutputStreamWithFailures" time="37.072"/>
  <testcase name="testExceptionDuringClose" classname="org.apache.hadoop.ozone.client.rpc.TestBlockOutputStreamWithFailures" time="36.285"/>
</testsuite>