<?xml version="1.0" encoding="UTF-8"?>
<testsuite xmlns:xsi="http://www.w3.org/2001/XMLSchema-instance" xsi:noNamespaceSchemaLocation="https://maven.apache.org/surefire/maven-surefire-plugin/xsd/surefire-test-report.xsd" name="org.apache.hadoop.ozone.client.rpc.TestBlockOutputStreamWithFailures" time="751.154" tests="8" errors="0" skipped="0" failures="1">
  <properties>
    <property name="awt.toolkit" value="sun.awt.X11.XToolkit"/>
    <property name="file.encoding.pkg" value="sun.io"/>
    <property name="java.specification.version" value="1.8"/>
    <property name="sun.cpu.isalist" value=""/>
    <property name="sun.jnu.encoding" value="UTF-8"/>
    <property name="java.class.path" value="/workdir/hadoop-ozone/integration-test/target/test-classes:/workdir/hadoop-ozone/integration-test/target/classes:/home/user/.m2/repository/org/apache/hadoop/hadoop-ozone-common/0.5.0-SNAPSHOT/hadoop-ozone-common-0.5.0-SNAPSHOT.jar:/home/user/.m2/repository/org/apache/commons/commons-compress/1.4.1/commons-compress-1.4.1.jar:/home/user/.m2/repository/org/tukaani/xz/1.0/xz-1.0.jar:/home/user/.m2/repository/org/apache/hadoop/hadoop-common/3.2.0/hadoop-common-3.2.0.jar:/home/user/.m2/repository/org/apache/hadoop/hadoop-hdfs/3.2.0/hadoop-hdfs-3.2.0.jar:/home/user/.m2/repository/org/apache/hadoop/hadoop-hdfs-client/3.2.0/hadoop-hdfs-client-3.2.0.jar:/home/user/.m2/repository/com/fasterxml/jackson/core/jackson-annotations/2.9.9/jackson-annotations-2.9.9.jar:/home/user/.m2/repository/org/apache/hadoop/hadoop-hdds-common/0.5.0-SNAPSHOT/hadoop-hdds-common-0.5.0-SNAPSHOT.jar:/home/user/.m2/repository/javax/annotation/javax.annotation-api/1.2/javax.annotation-api-1.2.jar:/home/user/.m2/repository/org/apache/ratis/ratis-server/0.4.0/ratis-server-0.4.0.jar:/home/user/.m2/repository/org/apache/ratis/ratis-thirdparty-misc/0.2.0/ratis-thirdparty-misc-0.2.0.jar:/home/user/.m2/repository/org/apache/ratis/ratis-proto/0.4.0/ratis-proto-0.4.0.jar:/home/user/.m2/repository/org/apache/ratis/ratis-common/0.4.0/ratis-common-0.4.0.jar:/home/user/.m2/repository/org/apache/ratis/ratis-client/0.4.0/ratis-client-0.4.0.jar:/home/user/.m2/repository/org/apache/ratis/ratis-metrics/0.4.0/ratis-metrics-0.4.0.jar:/home/user/.m2/repository/com/github/joshelser/dropwizard-metrics-hadoop-metrics2-reporter/0.1.2/dropwizard-metrics-hadoop-metrics2-reporter-0.1.2.jar:/home/user/.m2/repository/io/dropwizard/metrics/metrics-jvm/3.2.5/metrics-jvm-3.2.5.jar:/home/user/.m2/repository/io/dropwizard/metrics/metrics-ganglia/3.2.5/metrics-ganglia-3.2.5.jar:/home/user/.m2/repository/info/ganglia/gmetric4j/gmetric4j/1.0.7/gmetric4j-1.0.7.jar:/home/user/.m2/repository/org/apache/ratis/ratis-netty/0.4.0/ratis-netty-0.4.0.jar:/home/user/.m2/repository/org/apache/ratis/ratis-grpc/0.4.0/ratis-grpc-0.4.0.jar:/home/user/.m2/repository/org/rocksdb/rocksdbjni/6.0.1/rocksdbjni-6.0.1.jar:/home/user/.m2/repository/org/apache/logging/log4j/log4j-api/2.11.0/log4j-api-2.11.0.jar:/home/user/.m2/repository/org/apache/logging/log4j/log4j-core/2.11.0/log4j-core-2.11.0.jar:/home/user/.m2/repository/com/lmax/disruptor/3.4.2/disruptor-3.4.2.jar:/home/user/.m2/repository/org/apache/commons/commons-pool2/2.6.0/commons-pool2-2.6.0.jar:/home/user/.m2/repository/org/bouncycastle/bcpkix-jdk15on/1.60/bcpkix-jdk15on-1.60.jar:/home/user/.m2/repository/commons-validator/commons-validator/1.6/commons-validator-1.6.jar:/home/user/.m2/repository/commons-digester/commons-digester/1.8.1/commons-digester-1.8.1.jar:/home/user/.m2/repository/io/jaegertracing/jaeger-client/0.34.0/jaeger-client-0.34.0.jar:/home/user/.m2/repository/io/jaegertracing/jaeger-thrift/0.34.0/jaeger-thrift-0.34.0.jar:/home/user/.m2/repository/org/apache/thrift/libthrift/0.12.0/libthrift-0.12.0.jar:/home/user/.m2/repository/com/squareup/okhttp3/okhttp/3.9.0/okhttp-3.9.0.jar:/home/user/.m2/repository/com/squareup/okio/okio/1.13.0/okio-1.13.0.jar:/home/user/.m2/repository/io/jaegertracing/jaeger-core/0.34.0/jaeger-core-0.34.0.jar:/home/user/.m2/repository/io/jaegertracing/jaeger-tracerresolver/0.34.0/jaeger-tracerresolver-0.34.0.jar:/home/user/.m2/repository/io/opentracing/contrib/opentracing-tracerresolver/0.1.5/opentracing-tracerresolver-0.1.5.jar:/home/user/.m2/repository/io/opentracing/opentracing-util/0.31.0/opentracing-util-0.31.0.jar:/home/user/.m2/repository/io/opentracing/opentracing-api/0.31.0/opentracing-api-0.31.0.jar:/home/user/.m2/repository/io/opentracing/opentracing-noop/0.31.0/opentracing-noop-0.31.0.jar:/home/user/.m2/repository/org/apache/hadoop/hadoop-hdds-server-framework/0.5.0-SNAPSHOT/hadoop-hdds-server-framework-0.5.0-SNAPSHOT.jar:/home/user/.m2/repository/org/apache/hadoop/hadoop-hdds-container-service/0.5.0-SNAPSHOT/hadoop-hdds-container-service-0.5.0-SNAPSHOT.jar:/home/user/.m2/repository/org/apache/hadoop/hadoop-hdds-client/0.5.0-SNAPSHOT/hadoop-hdds-client-0.5.0-SNAPSHOT.jar:/home/user/.m2/repository/org/apache/hadoop/hadoop-hdds-tools/0.5.0-SNAPSHOT/hadoop-hdds-tools-0.5.0-SNAPSHOT.jar:/home/user/.m2/repository/org/apache/hadoop/hadoop-hdds-server-scm/0.5.0-SNAPSHOT/hadoop-hdds-server-scm-0.5.0-SNAPSHOT.jar:/home/user/.m2/repository/org/apache/hadoop/hadoop-hdds-docs/0.5.0-SNAPSHOT/hadoop-hdds-docs-0.5.0-SNAPSHOT.jar:/home/user/.m2/repository/io/dropwizard/metrics/metrics-core/3.2.4/metrics-core-3.2.4.jar:/home/user/.m2/repository/org/hamcrest/hamcrest-all/1.3/hamcrest-all-1.3.jar:/home/user/.m2/repository/org/bouncycastle/bcprov-jdk15on/1.60/bcprov-jdk15on-1.60.jar:/home/user/.m2/repository/info/picocli/picocli/3.9.6/picocli-3.9.6.jar:/home/user/.m2/repository/com/google/protobuf/protobuf-java/2.5.0/protobuf-java-2.5.0.jar:/home/user/.m2/repository/com/google/guava/guava/11.0.2/guava-11.0.2.jar:/home/user/.m2/repository/org/apache/hadoop/hadoop-ozone-ozone-manager/0.5.0-SNAPSHOT/hadoop-ozone-ozone-manager-0.5.0-SNAPSHOT.jar:/home/user/.m2/repository/org/apache/hadoop/hadoop-minikdc/3.2.0/hadoop-minikdc-3.2.0.jar:/home/user/.m2/repository/commons-io/commons-io/2.5/commons-io-2.5.jar:/home/user/.m2/repository/org/apache/kerby/kerb-simplekdc/1.0.1/kerb-simplekdc-1.0.1.jar:/home/user/.m2/repository/org/apache/kerby/kerb-client/1.0.1/kerb-client-1.0.1.jar:/home/user/.m2/repository/org/apache/kerby/kerby-config/1.0.1/kerby-config-1.0.1.jar:/home/user/.m2/repository/org/apache/kerby/kerb-core/1.0.1/kerb-core-1.0.1.jar:/home/user/.m2/repository/org/apache/kerby/kerby-pkix/1.0.1/kerby-pkix-1.0.1.jar:/home/user/.m2/repository/org/apache/kerby/kerby-asn1/1.0.1/kerby-asn1-1.0.1.jar:/home/user/.m2/repository/org/apache/kerby/kerby-util/1.0.1/kerby-util-1.0.1.jar:/home/user/.m2/repository/org/apache/kerby/kerb-common/1.0.1/kerb-common-1.0.1.jar:/home/user/.m2/repository/org/apache/kerby/kerb-crypto/1.0.1/kerb-crypto-1.0.1.jar:/home/user/.m2/repository/org/apache/kerby/kerb-util/1.0.1/kerb-util-1.0.1.jar:/home/user/.m2/repository/org/apache/kerby/token-provider/1.0.1/token-provider-1.0.1.jar:/home/user/.m2/repository/org/apache/kerby/kerb-admin/1.0.1/kerb-admin-1.0.1.jar:/home/user/.m2/repository/org/apache/kerby/kerb-server/1.0.1/kerb-server-1.0.1.jar:/home/user/.m2/repository/org/apache/kerby/kerb-identity/1.0.1/kerb-identity-1.0.1.jar:/home/user/.m2/repository/org/apache/kerby/kerby-xdr/1.0.1/kerby-xdr-1.0.1.jar:/home/user/.m2/repository/org/slf4j/slf4j-log4j12/1.7.25/slf4j-log4j12-1.7.25.jar:/home/user/.m2/repository/org/apache/hadoop/hadoop-ozone-s3gateway/0.5.0-SNAPSHOT/hadoop-ozone-s3gateway-0.5.0-SNAPSHOT.jar:/home/user/.m2/repository/org/jboss/weld/servlet/weld-servlet/2.4.7.Final/weld-servlet-2.4.7.Final.jar:/home/user/.m2/repository/org/glassfish/jersey/containers/jersey-container-servlet-core/2.27/jersey-container-servlet-core-2.27.jar:/home/user/.m2/repository/org/glassfish/hk2/external/javax.inject/2.5.0-b42/javax.inject-2.5.0-b42.jar:/home/user/.m2/repository/org/glassfish/jersey/core/jersey-common/2.27/jersey-common-2.27.jar:/home/user/.m2/repository/org/glassfish/hk2/osgi-resource-locator/1.0.1/osgi-resource-locator-1.0.1.jar:/home/user/.m2/repository/javax/ws/rs/javax.ws.rs-api/2.1/javax.ws.rs-api-2.1.jar:/home/user/.m2/repository/org/glassfish/jersey/ext/cdi/jersey-cdi1x/2.27/jersey-cdi1x-2.27.jar:/home/user/.m2/repository/org/glassfish/jersey/inject/jersey-hk2/2.27/jersey-hk2-2.27.jar:/home/user/.m2/repository/org/glassfish/hk2/hk2-locator/2.5.0-b42/hk2-locator-2.5.0-b42.jar:/home/user/.m2/repository/org/javassist/javassist/3.22.0-CR2/javassist-3.22.0-CR2.jar:/home/user/.m2/repository/org/glassfish/hk2/hk2-api/2.5.0/hk2-api-2.5.0.jar:/home/user/.m2/repository/org/glassfish/hk2/external/jakarta.inject/2.5.0/jakarta.inject-2.5.0.jar:/home/user/.m2/repository/org/glassfish/hk2/hk2-utils/2.5.0/hk2-utils-2.5.0.jar:/home/user/.m2/repository/jakarta/annotation/jakarta.annotation-api/1.3.4/jakarta.annotation-api-1.3.4.jar:/home/user/.m2/repository/org/glassfish/hk2/external/aopalliance-repackaged/2.5.0/aopalliance-repackaged-2.5.0.jar:/home/user/.m2/repository/com/fasterxml/jackson/dataformat/jackson-dataformat-xml/2.9.0/jackson-dataformat-xml-2.9.0.jar:/home/user/.m2/repository/com/fasterxml/jackson/core/jackson-core/2.9.9/jackson-core-2.9.9.jar:/home/user/.m2/repository/com/fasterxml/jackson/module/jackson-module-jaxb-annotations/2.9.9/jackson-module-jaxb-annotations-2.9.9.jar:/home/user/.m2/repository/javax/enterprise/cdi-api/1.2/cdi-api-1.2.jar:/home/user/.m2/repository/javax/el/javax.el-api/3.0.0/javax.el-api-3.0.0.jar:/home/user/.m2/repository/javax/interceptor/javax.interceptor-api/1.2/javax.interceptor-api-1.2.jar:/home/user/.m2/repository/javax/inject/javax.inject/1/javax.inject-1.jar:/home/user/.m2/repository/com/sun/xml/bind/jaxb-impl/2.3.0.1/jaxb-impl-2.3.0.1.jar:/home/user/.m2/repository/com/sun/xml/bind/jaxb-core/2.3.0.1/jaxb-core-2.3.0.1.jar:/home/user/.m2/repository/javax/xml/bind/jaxb-api/2.3.0/jaxb-api-2.3.0.jar:/home/user/.m2/repository/javax/activation/activation/1.1.1/activation-1.1.1.jar:/home/user/.m2/repository/org/apache/hadoop/hadoop-ozone-csi/0.5.0-SNAPSHOT/hadoop-ozone-csi-0.5.0-SNAPSHOT.jar:/home/user/.m2/repository/com/google/protobuf/protobuf-java-util/3.5.1/protobuf-java-util-3.5.1.jar:/home/user/.m2/repository/org/apache/hadoop/hadoop-hdds-config/0.5.0-SNAPSHOT/hadoop-hdds-config-0.5.0-SNAPSHOT.jar:/home/user/.m2/repository/io/grpc/grpc-netty/1.17.1/grpc-netty-1.17.1.jar:/home/user/.m2/repository/io/grpc/grpc-core/1.17.1/grpc-core-1.17.1.jar:/home/user/.m2/repository/io/grpc/grpc-context/1.17.1/grpc-context-1.17.1.jar:/home/user/.m2/repository/com/google/errorprone/error_prone_annotations/2.2.0/error_prone_annotations-2.2.0.jar:/home/user/.m2/repository/org/codehaus/mojo/animal-sniffer-annotations/1.17/animal-sniffer-annotations-1.17.jar:/home/user/.m2/repository/io/opencensus/opencensus-api/0.17.0/opencensus-api-0.17.0.jar:/home/user/.m2/repository/io/opencensus/opencensus-contrib-grpc-metrics/0.17.0/opencensus-contrib-grpc-metrics-0.17.0.jar:/home/user/.m2/repository/io/netty/netty-codec-http2/4.1.30.Final/netty-codec-http2-4.1.30.Final.jar:/home/user/.m2/repository/io/netty/netty-codec-http/4.1.30.Final/netty-codec-http-4.1.30.Final.jar:/home/user/.m2/repository/io/netty/netty-codec/4.1.30.Final/netty-codec-4.1.30.Final.jar:/home/user/.m2/repository/io/netty/netty-handler/4.1.30.Final/netty-handler-4.1.30.Final.jar:/home/user/.m2/repository/io/netty/netty-handler-proxy/4.1.30.Final/netty-handler-proxy-4.1.30.Final.jar:/home/user/.m2/repository/io/netty/netty-codec-socks/4.1.30.Final/netty-codec-socks-4.1.30.Final.jar:/home/user/.m2/repository/io/netty/netty-transport-native-epoll/4.1.30.Final/netty-transport-native-epoll-4.1.30.Final.jar:/home/user/.m2/repository/io/netty/netty-common/4.1.30.Final/netty-common-4.1.30.Final.jar:/home/user/.m2/repository/io/netty/netty-buffer/4.1.30.Final/netty-buffer-4.1.30.Final.jar:/home/user/.m2/repository/io/netty/netty-transport/4.1.30.Final/netty-transport-4.1.30.Final.jar:/home/user/.m2/repository/io/netty/netty-resolver/4.1.30.Final/netty-resolver-4.1.30.Final.jar:/home/user/.m2/repository/io/netty/netty-transport-native-unix-common/4.1.30.Final/netty-transport-native-unix-common-4.1.30.Final.jar:/home/user/.m2/repository/io/grpc/grpc-protobuf/1.17.1/grpc-protobuf-1.17.1.jar:/home/user/.m2/repository/com/google/api/grpc/proto-google-common-protos/1.0.0/proto-google-common-protos-1.0.0.jar:/home/user/.m2/repository/io/grpc/grpc-protobuf-lite/1.17.1/grpc-protobuf-lite-1.17.1.jar:/home/user/.m2/repository/io/grpc/grpc-stub/1.17.1/grpc-stub-1.17.1.jar:/home/user/.m2/repository/org/apache/hadoop/hadoop-ozone-recon/0.5.0-SNAPSHOT/hadoop-ozone-recon-0.5.0-SNAPSHOT.jar:/home/user/.m2/repository/org/apache/hadoop/hadoop-ozone-reconcodegen/0.5.0-SNAPSHOT/hadoop-ozone-reconcodegen-0.5.0-SNAPSHOT.jar:/home/user/.m2/repository/com/google/inject/extensions/guice-multibindings/4.0/guice-multibindings-4.0.jar:/home/user/.m2/repository/com/google/inject/guice/4.0/guice-4.0.jar:/home/user/.m2/repository/aopalliance/aopalliance/1.0/aopalliance-1.0.jar:/home/user/.m2/repository/com/google/inject/extensions/guice-servlet/4.0/guice-servlet-4.0.jar:/home/user/.m2/repository/org/glassfish/jersey/containers/jersey-container-servlet/2.27/jersey-container-servlet-2.27.jar:/home/user/.m2/repository/org/glassfish/hk2/guice-bridge/2.5.0/guice-bridge-2.5.0.jar:/home/user/.m2/repository/org/glassfish/jersey/core/jersey-server/2.27/jersey-server-2.27.jar:/home/user/.m2/repository/org/glassfish/jersey/core/jersey-client/2.27/jersey-client-2.27.jar:/home/user/.m2/repository/org/glassfish/jersey/media/jersey-media-jaxb/2.27/jersey-media-jaxb-2.27.jar:/home/user/.m2/repository/javax/validation/validation-api/1.1.0.Final/validation-api-1.1.0.Final.jar:/home/user/.m2/repository/org/glassfish/jersey/media/jersey-media-json-jackson/2.27/jersey-media-json-jackson-2.27.jar:/home/user/.m2/repository/org/glassfish/jersey/ext/jersey-entity-filtering/2.27/jersey-entity-filtering-2.27.jar:/home/user/.m2/repository/com/google/inject/extensions/guice-assistedinject/4.0/guice-assistedinject-4.0.jar:/home/user/.m2/repository/org/jooq/jooq/3.11.10/jooq-3.11.10.jar:/home/user/.m2/repository/org/jooq/jooq-meta/3.11.10/jooq-meta-3.11.10.jar:/home/user/.m2/repository/org/jooq/jooq-codegen/3.11.10/jooq-codegen-3.11.10.jar:/home/user/.m2/repository/com/jolbox/bonecp/0.8.0.RELEASE/bonecp-0.8.0.RELEASE.jar:/home/user/.m2/repository/org/xerial/sqlite-jdbc/3.25.2/sqlite-jdbc-3.25.2.jar:/home/user/.m2/repository/org/springframework/spring-jdbc/5.1.3.RELEASE/spring-jdbc-5.1.3.RELEASE.jar:/home/user/.m2/repository/org/springframework/spring-beans/5.1.3.RELEASE/spring-beans-5.1.3.RELEASE.jar:/home/user/.m2/repository/org/springframework/spring-core/5.1.3.RELEASE/spring-core-5.1.3.RELEASE.jar:/home/user/.m2/repository/org/springframework/spring-jcl/5.1.3.RELEASE/spring-jcl-5.1.3.RELEASE.jar:/home/user/.m2/repository/org/springframework/spring-tx/5.1.3.RELEASE/spring-tx-5.1.3.RELEASE.jar:/home/user/.m2/repository/org/apache/hadoop/hadoop-ozone-client/0.5.0-SNAPSHOT/hadoop-ozone-client-0.5.0-SNAPSHOT.jar:/home/user/.m2/repository/commons-lang/commons-lang/2.6/commons-lang-2.6.jar:/home/user/.m2/repository/org/apache/hadoop/hadoop-ozone-ozone-manager/0.5.0-SNAPSHOT/hadoop-ozone-ozone-manager-0.5.0-SNAPSHOT-tests.jar:/home/user/.m2/repository/junit/junit/4.11/junit-4.11.jar:/home/user/.m2/repository/org/hamcrest/hamcrest-core/1.3/hamcrest-core-1.3.jar:/home/user/.m2/repository/org/openjdk/jmh/jmh-core/1.19/jmh-core-1.19.jar:/home/user/.m2/repository/net/sf/jopt-simple/jopt-simple/4.6/jopt-simple-4.6.jar:/home/user/.m2/repository/org/apache/commons/commons-math3/3.1.1/commons-math3-3.1.1.jar:/home/user/.m2/repository/org/openjdk/jmh/jmh-generator-annprocess/1.19/jmh-generator-annprocess-1.19.jar:/home/user/.m2/repository/org/mockito/mockito-all/1.8.5/mockito-all-1.8.5.jar:/home/user/.m2/repository/org/apache/hadoop/hadoop-kms/3.2.0/hadoop-kms-3.2.0.jar:/home/user/.m2/repository/org/apache/hadoop/hadoop-auth/3.2.0/hadoop-auth-3.2.0.jar:/home/user/.m2/repository/com/nimbusds/nimbus-jose-jwt/4.41.1/nimbus-jose-jwt-4.41.1.jar:/home/user/.m2/repository/com/github/stephenc/jcip/jcip-annotations/1.0-1/jcip-annotations-1.0-1.jar:/home/user/.m2/repository/net/minidev/json-smart/2.3/json-smart-2.3.jar:/home/user/.m2/repository/net/minidev/accessors-smart/1.2/accessors-smart-1.2.jar:/home/user/.m2/repository/org/ow2/asm/asm/5.0.4/asm-5.0.4.jar:/home/user/.m2/repository/org/apache/curator/curator-framework/2.12.0/curator-framework-2.12.0.jar:/home/user/.m2/repository/com/sun/jersey/jersey-core/1.19/jersey-core-1.19.jar:/home/user/.m2/repository/javax/ws/rs/jsr311-api/1.1.1/jsr311-api-1.1.1.jar:/home/user/.m2/repository/com/sun/jersey/jersey-server/1.19/jersey-server-1.19.jar:/home/user/.m2/repository/javax/servlet/javax.servlet-api/3.1.0/javax.servlet-api-3.1.0.jar:/home/user/.m2/repository/org/eclipse/jetty/jetty-server/9.3.25.v20180904/jetty-server-9.3.25.v20180904.jar:/home/user/.m2/repository/org/eclipse/jetty/jetty-http/9.3.25.v20180904/jetty-http-9.3.25.v20180904.jar:/home/user/.m2/repository/org/eclipse/jetty/jetty-io/9.3.25.v20180904/jetty-io-9.3.25.v20180904.jar:/home/user/.m2/repository/org/eclipse/jetty/jetty-webapp/9.3.25.v20180904/jetty-webapp-9.3.25.v20180904.jar:/home/user/.m2/repository/org/eclipse/jetty/jetty-xml/9.3.25.v20180904/jetty-xml-9.3.25.v20180904.jar:/home/user/.m2/repository/log4j/log4j/1.2.17/log4j-1.2.17.jar:/home/user/.m2/repository/org/slf4j/slf4j-api/1.7.25/slf4j-api-1.7.25.jar:/home/user/.m2/repository/org/slf4j/jul-to-slf4j/1.7.25/jul-to-slf4j-1.7.25.jar:/home/user/.m2/repository/org/eclipse/jetty/jetty-util/9.3.25.v20180904/jetty-util-9.3.25.v20180904.jar:/home/user/.m2/repository/com/fasterxml/jackson/core/jackson-databind/2.9.9/jackson-databind-2.9.9.jar:/home/user/.m2/repository/org/apache/hadoop/hadoop-kms/3.2.0/hadoop-kms-3.2.0-tests.jar:/home/user/.m2/repository/org/apache/hadoop/hadoop-hdds-server-scm/0.5.0-SNAPSHOT/hadoop-hdds-server-scm-0.5.0-SNAPSHOT-tests.jar:/home/user/.m2/repository/org/apache/hadoop/hadoop-hdds-container-service/0.5.0-SNAPSHOT/hadoop-hdds-container-service-0.5.0-SNAPSHOT-tests.jar:/home/user/.m2/repository/org/yaml/snakeyaml/1.16/snakeyaml-1.16.jar:/home/user/.m2/repository/org/apache/hadoop/hadoop-common/3.2.0/hadoop-common-3.2.0-tests.jar:/home/user/.m2/repository/org/apache/hadoop/hadoop-annotations/3.2.0/hadoop-annotations-3.2.0.jar:/usr/lib/jvm/java-1.8-openjdk/jre/../lib/tools.jar:/home/user/.m2/repository/commons-cli/commons-cli/1.2/commons-cli-1.2.jar:/home/user/.m2/repository/org/apache/httpcomponents/httpclient/4.5.2/httpclient-4.5.2.jar:/home/user/.m2/repository/org/apache/httpcomponents/httpcore/4.4.4/httpcore-4.4.4.jar:/home/user/.m2/repository/commons-codec/commons-codec/1.11/commons-codec-1.11.jar:/home/user/.m2/repository/commons-net/commons-net/3.6/commons-net-3.6.jar:/home/user/.m2/repository/commons-collections/commons-collections/3.2.2/commons-collections-3.2.2.jar:/home/user/.m2/repository/org/eclipse/jetty/jetty-servlet/9.3.25.v20180904/jetty-servlet-9.3.25.v20180904.jar:/home/user/.m2/repository/org/eclipse/jetty/jetty-security/9.3.25.v20180904/jetty-security-9.3.25.v20180904.jar:/home/user/.m2/repository/javax/servlet/jsp/jsp-api/2.1/jsp-api-2.1.jar:/home/user/.m2/repository/com/sun/jersey/jersey-servlet/1.19/jersey-servlet-1.19.jar:/home/user/.m2/repository/com/sun/jersey/jersey-json/1.19/jersey-json-1.19.jar:/home/user/.m2/repository/org/codehaus/jettison/jettison/1.1/jettison-1.1.jar:/home/user/.m2/repository/org/codehaus/jackson/jackson-core-asl/1.9.13/jackson-core-asl-1.9.13.jar:/home/user/.m2/repository/org/codehaus/jackson/jackson-mapper-asl/1.9.13/jackson-mapper-asl-1.9.13.jar:/home/user/.m2/repository/org/codehaus/jackson/jackson-jaxrs/1.9.13/jackson-jaxrs-1.9.13.jar:/home/user/.m2/repository/org/codehaus/jackson/jackson-xc/1.9.13/jackson-xc-1.9.13.jar:/home/user/.m2/repository/commons-logging/commons-logging/1.1.3/commons-logging-1.1.3.jar:/home/user/.m2/repository/commons-beanutils/commons-beanutils/1.9.4/commons-beanutils-1.9.4.jar:/home/user/.m2/repository/org/apache/commons/commons-configuration2/2.1.1/commons-configuration2-2.1.1.jar:/home/user/.m2/repository/org/apache/commons/commons-lang3/3.7/commons-lang3-3.7.jar:/home/user/.m2/repository/org/apache/commons/commons-text/1.4/commons-text-1.4.jar:/home/user/.m2/repository/org/apache/avro/avro/1.7.7/avro-1.7.7.jar:/home/user/.m2/repository/com/thoughtworks/paranamer/paranamer/2.3/paranamer-2.3.jar:/home/user/.m2/repository/org/xerial/snappy/snappy-java/1.0.5/snappy-java-1.0.5.jar:/home/user/.m2/repository/com/google/re2j/re2j/1.1/re2j-1.1.jar:/home/user/.m2/repository/com/google/code/gson/gson/2.2.4/gson-2.2.4.jar:/home/user/.m2/repository/com/jcraft/jsch/0.1.54/jsch-0.1.54.jar:/home/user/.m2/repository/org/apache/curator/curator-client/2.12.0/curator-client-2.12.0.jar:/home/user/.m2/repository/org/apache/curator/curator-recipes/2.12.0/curator-recipes-2.12.0.jar:/home/user/.m2/repository/com/google/code/findbugs/jsr305/3.0.0/jsr305-3.0.0.jar:/home/user/.m2/repository/org/apache/htrace/htrace-core4/4.1.0-incubating/htrace-core4-4.1.0-incubating.jar:/home/user/.m2/repository/org/apache/zookeeper/zookeeper/3.4.13/zookeeper-3.4.13.jar:/home/user/.m2/repository/jline/jline/0.9.94/jline-0.9.94.jar:/home/user/.m2/repository/org/apache/yetus/audience-annotations/0.5.0/audience-annotations-0.5.0.jar:/home/user/.m2/repository/org/codehaus/woodstox/stax2-api/3.1.4/stax2-api-3.1.4.jar:/home/user/.m2/repository/com/fasterxml/woodstox/woodstox-core/5.0.3/woodstox-core-5.0.3.jar:/home/user/.m2/repository/dnsjava/dnsjava/2.1.7/dnsjava-2.1.7.jar:/home/user/.m2/repository/org/apache/hadoop/hadoop-hdfs/3.2.0/hadoop-hdfs-3.2.0-tests.jar:/home/user/.m2/repository/org/eclipse/jetty/jetty-util-ajax/9.3.25.v20180904/jetty-util-ajax-9.3.25.v20180904.jar:/home/user/.m2/repository/commons-daemon/commons-daemon/1.0.13/commons-daemon-1.0.13.jar:/home/user/.m2/repository/io/netty/netty/3.10.5.Final/netty-3.10.5.Final.jar:/home/user/.m2/repository/io/netty/netty-all/4.0.52.Final/netty-all-4.0.52.Final.jar:/home/user/.m2/repository/org/fusesource/leveldbjni/leveldbjni-all/1.8/leveldbjni-all-1.8.jar:"/>
    <property name="java.vm.vendor" value="IcedTea"/>
    <property name="sun.arch.data.model" value="64"/>
    <property name="test.build.dir" value="/workdir/hadoop-ozone/integration-test/target/test-dir"/>
    <property name="test.cache.data" value=""/>
    <property name="java.vendor.url" value="https://icedtea.classpath.org"/>
    <property name="user.timezone" value=""/>
    <property name="java.vm.specification.version" value="1.8"/>
    <property name="os.name" value="Linux"/>
    <property name="test.build.data" value="/workdir/hadoop-ozone/integration-test/target/test-dir"/>
    <property name="user.country" value="US"/>
    <property name="sun.java.launcher" value="SUN_STANDARD"/>
    <property name="sun.boot.library.path" value="/usr/lib/jvm/java-1.8-openjdk/jre/lib/amd64"/>
    <property name="sun.java.command" value="/workdir/hadoop-ozone/integration-test/target/surefire/surefirebooter1814843004969640704.jar /workdir/hadoop-ozone/integration-test/target/surefire 2019-09-27T21-40-25_711-jvmRun1 surefire1615678690436615097tmp surefire_635792735885428074049tmp"/>
    <property name="test" value="!TestMiniChaosOzoneCluster"/>
    <property name="surefire.test.class.path" value="/workdir/hadoop-ozone/integration-test/target/test-classes:/workdir/hadoop-ozone/integration-test/target/classes:/home/user/.m2/repository/org/apache/hadoop/hadoop-ozone-common/0.5.0-SNAPSHOT/hadoop-ozone-common-0.5.0-SNAPSHOT.jar:/home/user/.m2/repository/org/apache/commons/commons-compress/1.4.1/commons-compress-1.4.1.jar:/home/user/.m2/repository/org/tukaani/xz/1.0/xz-1.0.jar:/home/user/.m2/repository/org/apache/hadoop/hadoop-common/3.2.0/hadoop-common-3.2.0.jar:/home/user/.m2/repository/org/apache/hadoop/hadoop-hdfs/3.2.0/hadoop-hdfs-3.2.0.jar:/home/user/.m2/repository/org/apache/hadoop/hadoop-hdfs-client/3.2.0/hadoop-hdfs-client-3.2.0.jar:/home/user/.m2/repository/com/fasterxml/jackson/core/jackson-annotations/2.9.9/jackson-annotations-2.9.9.jar:/home/user/.m2/repository/org/apache/hadoop/hadoop-hdds-common/0.5.0-SNAPSHOT/hadoop-hdds-common-0.5.0-SNAPSHOT.jar:/home/user/.m2/repository/javax/annotation/javax.annotation-api/1.2/javax.annotation-api-1.2.jar:/home/user/.m2/repository/org/apache/ratis/ratis-server/0.4.0/ratis-server-0.4.0.jar:/home/user/.m2/repository/org/apache/ratis/ratis-thirdparty-misc/0.2.0/ratis-thirdparty-misc-0.2.0.jar:/home/user/.m2/repository/org/apache/ratis/ratis-proto/0.4.0/ratis-proto-0.4.0.jar:/home/user/.m2/repository/org/apache/ratis/ratis-common/0.4.0/ratis-common-0.4.0.jar:/home/user/.m2/repository/org/apache/ratis/ratis-client/0.4.0/ratis-client-0.4.0.jar:/home/user/.m2/repository/org/apache/ratis/ratis-metrics/0.4.0/ratis-metrics-0.4.0.jar:/home/user/.m2/repository/com/github/joshelser/dropwizard-metrics-hadoop-metrics2-reporter/0.1.2/dropwizard-metrics-hadoop-metrics2-reporter-0.1.2.jar:/home/user/.m2/repository/io/dropwizard/metrics/metrics-jvm/3.2.5/metrics-jvm-3.2.5.jar:/home/user/.m2/repository/io/dropwizard/metrics/metrics-ganglia/3.2.5/metrics-ganglia-3.2.5.jar:/home/user/.m2/repository/info/ganglia/gmetric4j/gmetric4j/1.0.7/gmetric4j-1.0.7.jar:/home/user/.m2/repository/org/apache/ratis/ratis-netty/0.4.0/ratis-netty-0.4.0.jar:/home/user/.m2/repository/org/apache/ratis/ratis-grpc/0.4.0/ratis-grpc-0.4.0.jar:/home/user/.m2/repository/org/rocksdb/rocksdbjni/6.0.1/rocksdbjni-6.0.1.jar:/home/user/.m2/repository/org/apache/logging/log4j/log4j-api/2.11.0/log4j-api-2.11.0.jar:/home/user/.m2/repository/org/apache/logging/log4j/log4j-core/2.11.0/log4j-core-2.11.0.jar:/home/user/.m2/repository/com/lmax/disruptor/3.4.2/disruptor-3.4.2.jar:/home/user/.m2/repository/org/apache/commons/commons-pool2/2.6.0/commons-pool2-2.6.0.jar:/home/user/.m2/repository/org/bouncycastle/bcpkix-jdk15on/1.60/bcpkix-jdk15on-1.60.jar:/home/user/.m2/repository/commons-validator/commons-validator/1.6/commons-validator-1.6.jar:/home/user/.m2/repository/commons-digester/commons-digester/1.8.1/commons-digester-1.8.1.jar:/home/user/.m2/repository/io/jaegertracing/jaeger-client/0.34.0/jaeger-client-0.34.0.jar:/home/user/.m2/repository/io/jaegertracing/jaeger-thrift/0.34.0/jaeger-thrift-0.34.0.jar:/home/user/.m2/repository/org/apache/thrift/libthrift/0.12.0/libthrift-0.12.0.jar:/home/user/.m2/repository/com/squareup/okhttp3/okhttp/3.9.0/okhttp-3.9.0.jar:/home/user/.m2/repository/com/squareup/okio/okio/1.13.0/okio-1.13.0.jar:/home/user/.m2/repository/io/jaegertracing/jaeger-core/0.34.0/jaeger-core-0.34.0.jar:/home/user/.m2/repository/io/jaegertracing/jaeger-tracerresolver/0.34.0/jaeger-tracerresolver-0.34.0.jar:/home/user/.m2/repository/io/opentracing/contrib/opentracing-tracerresolver/0.1.5/opentracing-tracerresolver-0.1.5.jar:/home/user/.m2/repository/io/opentracing/opentracing-util/0.31.0/opentracing-util-0.31.0.jar:/home/user/.m2/repository/io/opentracing/opentracing-api/0.31.0/opentracing-api-0.31.0.jar:/home/user/.m2/repository/io/opentracing/opentracing-noop/0.31.0/opentracing-noop-0.31.0.jar:/home/user/.m2/repository/org/apache/hadoop/hadoop-hdds-server-framework/0.5.0-SNAPSHOT/hadoop-hdds-server-framework-0.5.0-SNAPSHOT.jar:/home/user/.m2/repository/org/apache/hadoop/hadoop-hdds-container-service/0.5.0-SNAPSHOT/hadoop-hdds-container-service-0.5.0-SNAPSHOT.jar:/home/user/.m2/repository/org/apache/hadoop/hadoop-hdds-client/0.5.0-SNAPSHOT/hadoop-hdds-client-0.5.0-SNAPSHOT.jar:/home/user/.m2/repository/org/apache/hadoop/hadoop-hdds-tools/0.5.0-SNAPSHOT/hadoop-hdds-tools-0.5.0-SNAPSHOT.jar:/home/user/.m2/repository/org/apache/hadoop/hadoop-hdds-server-scm/0.5.0-SNAPSHOT/hadoop-hdds-server-scm-0.5.0-SNAPSHOT.jar:/home/user/.m2/repository/org/apache/hadoop/hadoop-hdds-docs/0.5.0-SNAPSHOT/hadoop-hdds-docs-0.5.0-SNAPSHOT.jar:/home/user/.m2/repository/io/dropwizard/metrics/metrics-core/3.2.4/metrics-core-3.2.4.jar:/home/user/.m2/repository/org/hamcrest/hamcrest-all/1.3/hamcrest-all-1.3.jar:/home/user/.m2/repository/org/bouncycastle/bcprov-jdk15on/1.60/bcprov-jdk15on-1.60.jar:/home/user/.m2/repository/info/picocli/picocli/3.9.6/picocli-3.9.6.jar:/home/user/.m2/repository/com/google/protobuf/protobuf-java/2.5.0/protobuf-java-2.5.0.jar:/home/user/.m2/repository/com/google/guava/guava/11.0.2/guava-11.0.2.jar:/home/user/.m2/repository/org/apache/hadoop/hadoop-ozone-ozone-manager/0.5.0-SNAPSHOT/hadoop-ozone-ozone-manager-0.5.0-SNAPSHOT.jar:/home/user/.m2/repository/org/apache/hadoop/hadoop-minikdc/3.2.0/hadoop-minikdc-3.2.0.jar:/home/user/.m2/repository/commons-io/commons-io/2.5/commons-io-2.5.jar:/home/user/.m2/repository/org/apache/kerby/kerb-simplekdc/1.0.1/kerb-simplekdc-1.0.1.jar:/home/user/.m2/repository/org/apache/kerby/kerb-client/1.0.1/kerb-client-1.0.1.jar:/home/user/.m2/repository/org/apache/kerby/kerby-config/1.0.1/kerby-config-1.0.1.jar:/home/user/.m2/repository/org/apache/kerby/kerb-core/1.0.1/kerb-core-1.0.1.jar:/home/user/.m2/repository/org/apache/kerby/kerby-pkix/1.0.1/kerby-pkix-1.0.1.jar:/home/user/.m2/repository/org/apache/kerby/kerby-asn1/1.0.1/kerby-asn1-1.0.1.jar:/home/user/.m2/repository/org/apache/kerby/kerby-util/1.0.1/kerby-util-1.0.1.jar:/home/user/.m2/repository/org/apache/kerby/kerb-common/1.0.1/kerb-common-1.0.1.jar:/home/user/.m2/repository/org/apache/kerby/kerb-crypto/1.0.1/kerb-crypto-1.0.1.jar:/home/user/.m2/repository/org/apache/kerby/kerb-util/1.0.1/kerb-util-1.0.1.jar:/home/user/.m2/repository/org/apache/kerby/token-provider/1.0.1/token-provider-1.0.1.jar:/home/user/.m2/repository/org/apache/kerby/kerb-admin/1.0.1/kerb-admin-1.0.1.jar:/home/user/.m2/repository/org/apache/kerby/kerb-server/1.0.1/kerb-server-1.0.1.jar:/home/user/.m2/repository/org/apache/kerby/kerb-identity/1.0.1/kerb-identity-1.0.1.jar:/home/user/.m2/repository/org/apache/kerby/kerby-xdr/1.0.1/kerby-xdr-1.0.1.jar:/home/user/.m2/repository/org/slf4j/slf4j-log4j12/1.7.25/slf4j-log4j12-1.7.25.jar:/home/user/.m2/repository/org/apache/hadoop/hadoop-ozone-s3gateway/0.5.0-SNAPSHOT/hadoop-ozone-s3gateway-0.5.0-SNAPSHOT.jar:/home/user/.m2/repository/org/jboss/weld/servlet/weld-servlet/2.4.7.Final/weld-servlet-2.4.7.Final.jar:/home/user/.m2/repository/org/glassfish/jersey/containers/jersey-container-servlet-core/2.27/jersey-container-servlet-core-2.27.jar:/home/user/.m2/repository/org/glassfish/hk2/external/javax.inject/2.5.0-b42/javax.inject-2.5.0-b42.jar:/home/user/.m2/repository/org/glassfish/jersey/core/jersey-common/2.27/jersey-common-2.27.jar:/home/user/.m2/repository/org/glassfish/hk2/osgi-resource-locator/1.0.1/osgi-resource-locator-1.0.1.jar:/home/user/.m2/repository/javax/ws/rs/javax.ws.rs-api/2.1/javax.ws.rs-api-2.1.jar:/home/user/.m2/repository/org/glassfish/jersey/ext/cdi/jersey-cdi1x/2.27/jersey-cdi1x-2.27.jar:/home/user/.m2/repository/org/glassfish/jersey/inject/jersey-hk2/2.27/jersey-hk2-2.27.jar:/home/user/.m2/repository/org/glassfish/hk2/hk2-locator/2.5.0-b42/hk2-locator-2.5.0-b42.jar:/home/user/.m2/repository/org/javassist/javassist/3.22.0-CR2/javassist-3.22.0-CR2.jar:/home/user/.m2/repository/org/glassfish/hk2/hk2-api/2.5.0/hk2-api-2.5.0.jar:/home/user/.m2/repository/org/glassfish/hk2/external/jakarta.inject/2.5.0/jakarta.inject-2.5.0.jar:/home/user/.m2/repository/org/glassfish/hk2/hk2-utils/2.5.0/hk2-utils-2.5.0.jar:/home/user/.m2/repository/jakarta/annotation/jakarta.annotation-api/1.3.4/jakarta.annotation-api-1.3.4.jar:/home/user/.m2/repository/org/glassfish/hk2/external/aopalliance-repackaged/2.5.0/aopalliance-repackaged-2.5.0.jar:/home/user/.m2/repository/com/fasterxml/jackson/dataformat/jackson-dataformat-xml/2.9.0/jackson-dataformat-xml-2.9.0.jar:/home/user/.m2/repository/com/fasterxml/jackson/core/jackson-core/2.9.9/jackson-core-2.9.9.jar:/home/user/.m2/repository/com/fasterxml/jackson/module/jackson-module-jaxb-annotations/2.9.9/jackson-module-jaxb-annotations-2.9.9.jar:/home/user/.m2/repository/javax/enterprise/cdi-api/1.2/cdi-api-1.2.jar:/home/user/.m2/repository/javax/el/javax.el-api/3.0.0/javax.el-api-3.0.0.jar:/home/user/.m2/repository/javax/interceptor/javax.interceptor-api/1.2/javax.interceptor-api-1.2.jar:/home/user/.m2/repository/javax/inject/javax.inject/1/javax.inject-1.jar:/home/user/.m2/repository/com/sun/xml/bind/jaxb-impl/2.3.0.1/jaxb-impl-2.3.0.1.jar:/home/user/.m2/repository/com/sun/xml/bind/jaxb-core/2.3.0.1/jaxb-core-2.3.0.1.jar:/home/user/.m2/repository/javax/xml/bind/jaxb-api/2.3.0/jaxb-api-2.3.0.jar:/home/user/.m2/repository/javax/activation/activation/1.1.1/activation-1.1.1.jar:/home/user/.m2/repository/org/apache/hadoop/hadoop-ozone-csi/0.5.0-SNAPSHOT/hadoop-ozone-csi-0.5.0-SNAPSHOT.jar:/home/user/.m2/repository/com/google/protobuf/protobuf-java-util/3.5.1/protobuf-java-util-3.5.1.jar:/home/user/.m2/repository/org/apache/hadoop/hadoop-hdds-config/0.5.0-SNAPSHOT/hadoop-hdds-config-0.5.0-SNAPSHOT.jar:/home/user/.m2/repository/io/grpc/grpc-netty/1.17.1/grpc-netty-1.17.1.jar:/home/user/.m2/repository/io/grpc/grpc-core/1.17.1/grpc-core-1.17.1.jar:/home/user/.m2/repository/io/grpc/grpc-context/1.17.1/grpc-context-1.17.1.jar:/home/user/.m2/repository/com/google/errorprone/error_prone_annotations/2.2.0/error_prone_annotations-2.2.0.jar:/home/user/.m2/repository/org/codehaus/mojo/animal-sniffer-annotations/1.17/animal-sniffer-annotations-1.17.jar:/home/user/.m2/repository/io/opencensus/opencensus-api/0.17.0/opencensus-api-0.17.0.jar:/home/user/.m2/repository/io/opencensus/opencensus-contrib-grpc-metrics/0.17.0/opencensus-contrib-grpc-metrics-0.17.0.jar:/home/user/.m2/repository/io/netty/netty-codec-http2/4.1.30.Final/netty-codec-http2-4.1.30.Final.jar:/home/user/.m2/repository/io/netty/netty-codec-http/4.1.30.Final/netty-codec-http-4.1.30.Final.jar:/home/user/.m2/repository/io/netty/netty-codec/4.1.30.Final/netty-codec-4.1.30.Final.jar:/home/user/.m2/repository/io/netty/netty-handler/4.1.30.Final/netty-handler-4.1.30.Final.jar:/home/user/.m2/repository/io/netty/netty-handler-proxy/4.1.30.Final/netty-handler-proxy-4.1.30.Final.jar:/home/user/.m2/repository/io/netty/netty-codec-socks/4.1.30.Final/netty-codec-socks-4.1.30.Final.jar:/home/user/.m2/repository/io/netty/netty-transport-native-epoll/4.1.30.Final/netty-transport-native-epoll-4.1.30.Final.jar:/home/user/.m2/repository/io/netty/netty-common/4.1.30.Final/netty-common-4.1.30.Final.jar:/home/user/.m2/repository/io/netty/netty-buffer/4.1.30.Final/netty-buffer-4.1.30.Final.jar:/home/user/.m2/repository/io/netty/netty-transport/4.1.30.Final/netty-transport-4.1.30.Final.jar:/home/user/.m2/repository/io/netty/netty-resolver/4.1.30.Final/netty-resolver-4.1.30.Final.jar:/home/user/.m2/repository/io/netty/netty-transport-native-unix-common/4.1.30.Final/netty-transport-native-unix-common-4.1.30.Final.jar:/home/user/.m2/repository/io/grpc/grpc-protobuf/1.17.1/grpc-protobuf-1.17.1.jar:/home/user/.m2/repository/com/google/api/grpc/proto-google-common-protos/1.0.0/proto-google-common-protos-1.0.0.jar:/home/user/.m2/repository/io/grpc/grpc-protobuf-lite/1.17.1/grpc-protobuf-lite-1.17.1.jar:/home/user/.m2/repository/io/grpc/grpc-stub/1.17.1/grpc-stub-1.17.1.jar:/home/user/.m2/repository/org/apache/hadoop/hadoop-ozone-recon/0.5.0-SNAPSHOT/hadoop-ozone-recon-0.5.0-SNAPSHOT.jar:/home/user/.m2/repository/org/apache/hadoop/hadoop-ozone-reconcodegen/0.5.0-SNAPSHOT/hadoop-ozone-reconcodegen-0.5.0-SNAPSHOT.jar:/home/user/.m2/repository/com/google/inject/extensions/guice-multibindings/4.0/guice-multibindings-4.0.jar:/home/user/.m2/repository/com/google/inject/guice/4.0/guice-4.0.jar:/home/user/.m2/repository/aopalliance/aopalliance/1.0/aopalliance-1.0.jar:/home/user/.m2/repository/com/google/inject/extensions/guice-servlet/4.0/guice-servlet-4.0.jar:/home/user/.m2/repository/org/glassfish/jersey/containers/jersey-container-servlet/2.27/jersey-container-servlet-2.27.jar:/home/user/.m2/repository/org/glassfish/hk2/guice-bridge/2.5.0/guice-bridge-2.5.0.jar:/home/user/.m2/repository/org/glassfish/jersey/core/jersey-server/2.27/jersey-server-2.27.jar:/home/user/.m2/repository/org/glassfish/jersey/core/jersey-client/2.27/jersey-client-2.27.jar:/home/user/.m2/repository/org/glassfish/jersey/media/jersey-media-jaxb/2.27/jersey-media-jaxb-2.27.jar:/home/user/.m2/repository/javax/validation/validation-api/1.1.0.Final/validation-api-1.1.0.Final.jar:/home/user/.m2/repository/org/glassfish/jersey/media/jersey-media-json-jackson/2.27/jersey-media-json-jackson-2.27.jar:/home/user/.m2/repository/org/glassfish/jersey/ext/jersey-entity-filtering/2.27/jersey-entity-filtering-2.27.jar:/home/user/.m2/repository/com/google/inject/extensions/guice-assistedinject/4.0/guice-assistedinject-4.0.jar:/home/user/.m2/repository/org/jooq/jooq/3.11.10/jooq-3.11.10.jar:/home/user/.m2/repository/org/jooq/jooq-meta/3.11.10/jooq-meta-3.11.10.jar:/home/user/.m2/repository/org/jooq/jooq-codegen/3.11.10/jooq-codegen-3.11.10.jar:/home/user/.m2/repository/com/jolbox/bonecp/0.8.0.RELEASE/bonecp-0.8.0.RELEASE.jar:/home/user/.m2/repository/org/xerial/sqlite-jdbc/3.25.2/sqlite-jdbc-3.25.2.jar:/home/user/.m2/repository/org/springframework/spring-jdbc/5.1.3.RELEASE/spring-jdbc-5.1.3.RELEASE.jar:/home/user/.m2/repository/org/springframework/spring-beans/5.1.3.RELEASE/spring-beans-5.1.3.RELEASE.jar:/home/user/.m2/repository/org/springframework/spring-core/5.1.3.RELEASE/spring-core-5.1.3.RELEASE.jar:/home/user/.m2/repository/org/springframework/spring-jcl/5.1.3.RELEASE/spring-jcl-5.1.3.RELEASE.jar:/home/user/.m2/repository/org/springframework/spring-tx/5.1.3.RELEASE/spring-tx-5.1.3.RELEASE.jar:/home/user/.m2/repository/org/apache/hadoop/hadoop-ozone-client/0.5.0-SNAPSHOT/hadoop-ozone-client-0.5.0-SNAPSHOT.jar:/home/user/.m2/repository/commons-lang/commons-lang/2.6/commons-lang-2.6.jar:/home/user/.m2/repository/org/apache/hadoop/hadoop-ozone-ozone-manager/0.5.0-SNAPSHOT/hadoop-ozone-ozone-manager-0.5.0-SNAPSHOT-tests.jar:/home/user/.m2/repository/junit/junit/4.11/junit-4.11.jar:/home/user/.m2/repository/org/hamcrest/hamcrest-core/1.3/hamcrest-core-1.3.jar:/home/user/.m2/repository/org/openjdk/jmh/jmh-core/1.19/jmh-core-1.19.jar:/home/user/.m2/repository/net/sf/jopt-simple/jopt-simple/4.6/jopt-simple-4.6.jar:/home/user/.m2/repository/org/apache/commons/commons-math3/3.1.1/commons-math3-3.1.1.jar:/home/user/.m2/repository/org/openjdk/jmh/jmh-generator-annprocess/1.19/jmh-generator-annprocess-1.19.jar:/home/user/.m2/repository/org/mockito/mockito-all/1.8.5/mockito-all-1.8.5.jar:/home/user/.m2/repository/org/apache/hadoop/hadoop-kms/3.2.0/hadoop-kms-3.2.0.jar:/home/user/.m2/repository/org/apache/hadoop/hadoop-auth/3.2.0/hadoop-auth-3.2.0.jar:/home/user/.m2/repository/com/nimbusds/nimbus-jose-jwt/4.41.1/nimbus-jose-jwt-4.41.1.jar:/home/user/.m2/repository/com/github/stephenc/jcip/jcip-annotations/1.0-1/jcip-annotations-1.0-1.jar:/home/user/.m2/repository/net/minidev/json-smart/2.3/json-smart-2.3.jar:/home/user/.m2/repository/net/minidev/accessors-smart/1.2/accessors-smart-1.2.jar:/home/user/.m2/repository/org/ow2/asm/asm/5.0.4/asm-5.0.4.jar:/home/user/.m2/repository/org/apache/curator/curator-framework/2.12.0/curator-framework-2.12.0.jar:/home/user/.m2/repository/com/sun/jersey/jersey-core/1.19/jersey-core-1.19.jar:/home/user/.m2/repository/javax/ws/rs/jsr311-api/1.1.1/jsr311-api-1.1.1.jar:/home/user/.m2/repository/com/sun/jersey/jersey-server/1.19/jersey-server-1.19.jar:/home/user/.m2/repository/javax/servlet/javax.servlet-api/3.1.0/javax.servlet-api-3.1.0.jar:/home/user/.m2/repository/org/eclipse/jetty/jetty-server/9.3.25.v20180904/jetty-server-9.3.25.v20180904.jar:/home/user/.m2/repository/org/eclipse/jetty/jetty-http/9.3.25.v20180904/jetty-http-9.3.25.v20180904.jar:/home/user/.m2/repository/org/eclipse/jetty/jetty-io/9.3.25.v20180904/jetty-io-9.3.25.v20180904.jar:/home/user/.m2/repository/org/eclipse/jetty/jetty-webapp/9.3.25.v20180904/jetty-webapp-9.3.25.v20180904.jar:/home/user/.m2/repository/org/eclipse/jetty/jetty-xml/9.3.25.v20180904/jetty-xml-9.3.25.v20180904.jar:/home/user/.m2/repository/log4j/log4j/1.2.17/log4j-1.2.17.jar:/home/user/.m2/repository/org/slf4j/slf4j-api/1.7.25/slf4j-api-1.7.25.jar:/home/user/.m2/repository/org/slf4j/jul-to-slf4j/1.7.25/jul-to-slf4j-1.7.25.jar:/home/user/.m2/repository/org/eclipse/jetty/jetty-util/9.3.25.v20180904/jetty-util-9.3.25.v20180904.jar:/home/user/.m2/repository/com/fasterxml/jackson/core/jackson-databind/2.9.9/jackson-databind-2.9.9.jar:/home/user/.m2/repository/org/apache/hadoop/hadoop-kms/3.2.0/hadoop-kms-3.2.0-tests.jar:/home/user/.m2/repository/org/apache/hadoop/hadoop-hdds-server-scm/0.5.0-SNAPSHOT/hadoop-hdds-server-scm-0.5.0-SNAPSHOT-tests.jar:/home/user/.m2/repository/org/apache/hadoop/hadoop-hdds-container-service/0.5.0-SNAPSHOT/hadoop-hdds-container-service-0.5.0-SNAPSHOT-tests.jar:/home/user/.m2/repository/org/yaml/snakeyaml/1.16/snakeyaml-1.16.jar:/home/user/.m2/repository/org/apache/hadoop/hadoop-common/3.2.0/hadoop-common-3.2.0-tests.jar:/home/user/.m2/repository/org/apache/hadoop/hadoop-annotations/3.2.0/hadoop-annotations-3.2.0.jar:/usr/lib/jvm/java-1.8-openjdk/jre/../lib/tools.jar:/home/user/.m2/repository/commons-cli/commons-cli/1.2/commons-cli-1.2.jar:/home/user/.m2/repository/org/apache/httpcomponents/httpclient/4.5.2/httpclient-4.5.2.jar:/home/user/.m2/repository/org/apache/httpcomponents/httpcore/4.4.4/httpcore-4.4.4.jar:/home/user/.m2/repository/commons-codec/commons-codec/1.11/commons-codec-1.11.jar:/home/user/.m2/repository/commons-net/commons-net/3.6/commons-net-3.6.jar:/home/user/.m2/repository/commons-collections/commons-collections/3.2.2/commons-collections-3.2.2.jar:/home/user/.m2/repository/org/eclipse/jetty/jetty-servlet/9.3.25.v20180904/jetty-servlet-9.3.25.v20180904.jar:/home/user/.m2/repository/org/eclipse/jetty/jetty-security/9.3.25.v20180904/jetty-security-9.3.25.v20180904.jar:/home/user/.m2/repository/javax/servlet/jsp/jsp-api/2.1/jsp-api-2.1.jar:/home/user/.m2/repository/com/sun/jersey/jersey-servlet/1.19/jersey-servlet-1.19.jar:/home/user/.m2/repository/com/sun/jersey/jersey-json/1.19/jersey-json-1.19.jar:/home/user/.m2/repository/org/codehaus/jettison/jettison/1.1/jettison-1.1.jar:/home/user/.m2/repository/org/codehaus/jackson/jackson-core-asl/1.9.13/jackson-core-asl-1.9.13.jar:/home/user/.m2/repository/org/codehaus/jackson/jackson-mapper-asl/1.9.13/jackson-mapper-asl-1.9.13.jar:/home/user/.m2/repository/org/codehaus/jackson/jackson-jaxrs/1.9.13/jackson-jaxrs-1.9.13.jar:/home/user/.m2/repository/org/codehaus/jackson/jackson-xc/1.9.13/jackson-xc-1.9.13.jar:/home/user/.m2/repository/commons-logging/commons-logging/1.1.3/commons-logging-1.1.3.jar:/home/user/.m2/repository/commons-beanutils/commons-beanutils/1.9.4/commons-beanutils-1.9.4.jar:/home/user/.m2/repository/org/apache/commons/commons-configuration2/2.1.1/commons-configuration2-2.1.1.jar:/home/user/.m2/repository/org/apache/commons/commons-lang3/3.7/commons-lang3-3.7.jar:/home/user/.m2/repository/org/apache/commons/commons-text/1.4/commons-text-1.4.jar:/home/user/.m2/repository/org/apache/avro/avro/1.7.7/avro-1.7.7.jar:/home/user/.m2/repository/com/thoughtworks/paranamer/paranamer/2.3/paranamer-2.3.jar:/home/user/.m2/repository/org/xerial/snappy/snappy-java/1.0.5/snappy-java-1.0.5.jar:/home/user/.m2/repository/com/google/re2j/re2j/1.1/re2j-1.1.jar:/home/user/.m2/repository/com/google/code/gson/gson/2.2.4/gson-2.2.4.jar:/home/user/.m2/repository/com/jcraft/jsch/0.1.54/jsch-0.1.54.jar:/home/user/.m2/repository/org/apache/curator/curator-client/2.12.0/curator-client-2.12.0.jar:/home/user/.m2/repository/org/apache/curator/curator-recipes/2.12.0/curator-recipes-2.12.0.jar:/home/user/.m2/repository/com/google/code/findbugs/jsr305/3.0.0/jsr305-3.0.0.jar:/home/user/.m2/repository/org/apache/htrace/htrace-core4/4.1.0-incubating/htrace-core4-4.1.0-incubating.jar:/home/user/.m2/repository/org/apache/zookeeper/zookeeper/3.4.13/zookeeper-3.4.13.jar:/home/user/.m2/repository/jline/jline/0.9.94/jline-0.9.94.jar:/home/user/.m2/repository/org/apache/yetus/audience-annotations/0.5.0/audience-annotations-0.5.0.jar:/home/user/.m2/repository/org/codehaus/woodstox/stax2-api/3.1.4/stax2-api-3.1.4.jar:/home/user/.m2/repository/com/fasterxml/woodstox/woodstox-core/5.0.3/woodstox-core-5.0.3.jar:/home/user/.m2/repository/dnsjava/dnsjava/2.1.7/dnsjava-2.1.7.jar:/home/user/.m2/repository/org/apache/hadoop/hadoop-hdfs/3.2.0/hadoop-hdfs-3.2.0-tests.jar:/home/user/.m2/repository/org/eclipse/jetty/jetty-util-ajax/9.3.25.v20180904/jetty-util-ajax-9.3.25.v20180904.jar:/home/user/.m2/repository/commons-daemon/commons-daemon/1.0.13/commons-daemon-1.0.13.jar:/home/user/.m2/repository/io/netty/netty/3.10.5.Final/netty-3.10.5.Final.jar:/home/user/.m2/repository/io/netty/netty-all/4.0.52.Final/netty-all-4.0.52.Final.jar:/home/user/.m2/repository/org/fusesource/leveldbjni/leveldbjni-all/1.8/leveldbjni-all-1.8.jar:"/>
    <property name="sun.cpu.endian" value="little"/>
    <property name="user.home" value="/home/user"/>
    <property name="user.language" value="en"/>
    <property name="java.specification.vendor" value="Oracle Corporation"/>
    <property name="java.home" value="/usr/lib/jvm/java-1.8-openjdk/jre"/>
    <property name="java.security.krb5.conf" value="/workdir/hadoop-ozone/integration-test/target/test-classes/krb5.conf"/>
    <property name="basedir" value="/workdir/hadoop-ozone/integration-test"/>
    <property name="file.separator" value="/"/>
    <property name="line.separator" value="&#10;"/>
    <property name="java.vm.specification.vendor" value="Oracle Corporation"/>
    <property name="java.specification.name" value="Java Platform API Specification"/>
    <property name="java.awt.graphicsenv" value="sun.awt.X11GraphicsEnvironment"/>
    <property name="surefire.real.class.path" value="/workdir/hadoop-ozone/integration-test/target/surefire/surefirebooter1814843004969640704.jar"/>
    <property name="hadoop.log.dir" value="/workdir/hadoop-ozone/integration-test/target/log"/>
    <property name="sun.boot.class.path" value="/usr/lib/jvm/java-1.8-openjdk/jre/lib/resources.jar:/usr/lib/jvm/java-1.8-openjdk/jre/lib/rt.jar:/usr/lib/jvm/java-1.8-openjdk/jre/lib/sunrsasign.jar:/usr/lib/jvm/java-1.8-openjdk/jre/lib/jsse.jar:/usr/lib/jvm/java-1.8-openjdk/jre/lib/jce.jar:/usr/lib/jvm/java-1.8-openjdk/jre/lib/charsets.jar:/usr/lib/jvm/java-1.8-openjdk/jre/lib/jfr.jar:/usr/lib/jvm/java-1.8-openjdk/jre/classes"/>
    <property name="sun.management.compiler" value="HotSpot 64-Bit Tiered Compilers"/>
    <property name="java.runtime.version" value="1.8.0_212-b04"/>
    <property name="java.net.preferIPv4Stack" value="true"/>
    <property name="user.name" value="jenkins1000"/>
    <property name="path.separator" value=":"/>
    <property name="java.security.egd" value="file:///dev/urandom"/>
    <property name="os.version" value="3.10.0-957.12.2.el7.x86_64"/>
    <property name="java.endorsed.dirs" value="/usr/lib/jvm/java-1.8-openjdk/jre/lib/endorsed"/>
    <property name="java.runtime.name" value="OpenJDK Runtime Environment"/>
    <property name="file.encoding" value="UTF-8"/>
    <property name="java.vm.name" value="OpenJDK 64-Bit Server VM"/>
    <property name="test.build.webapps" value=""/>
    <property name="localRepository" value="/home/user/.m2/repository"/>
    <property name="java.vendor.url.bug" value="https://icedtea.classpath.org/bugzilla"/>
    <property name="java.io.tmpdir" value="/tmp"/>
    <property name="require.test.libhadoop" value=""/>
    <property name="java.version" value="1.8.0_212"/>
    <property name="user.dir" value="/workdir/hadoop-ozone/integration-test"/>
    <property name="os.arch" value="amd64"/>
    <property name="java.vm.specification.name" value="Java Virtual Machine Specification"/>
    <property name="test.build.classes" value="/workdir/hadoop-ozone/integration-test/target/test-classes"/>
    <property name="java.awt.printerjob" value="sun.print.PSPrinterJob"/>
    <property name="sun.os.patch.level" value="unknown"/>
    <property name="hadoop.tmp.dir" value="/workdir/hadoop-ozone/integration-test/target/tmp"/>
    <property name="java.library.path" value="/usr/lib/jvm/java-1.8-openjdk/jre/lib/amd64/server:/usr/lib/jvm/java-1.8-openjdk/jre/lib/amd64:/usr/lib/jvm/java-1.8-openjdk/jre/../lib/amd64:/workdir/hadoop-ozone/integration-test/target/native/target/usr/local/lib:/workdir/hadoop-ozone/integration-test/../../hadoop-common-project/hadoop-common/target/native/target/usr/local/lib:/usr/java/packages/lib/amd64:/usr/lib64:/lib64:/lib:/usr/lib"/>
    <property name="java.vm.info" value="mixed mode"/>
    <property name="java.vendor" value="IcedTea"/>
    <property name="java.vm.version" value="25.212-b04"/>
    <property name="java.ext.dirs" value="/usr/lib/jvm/java-1.8-openjdk/jre/lib/ext:/usr/java/packages/lib/ext"/>
    <property name="sun.io.unicode.encoding" value="UnicodeLittle"/>
    <property name="java.class.version" value="52.0"/>
  </properties>
  <testcase name="test2DatanodesFailure" classname="org.apache.hadoop.ozone.client.rpc.TestBlockOutputStreamWithFailures" time="115.532"/>
  <testcase name="testDatanodeFailureWithPreAllocation" classname="org.apache.hadoop.ozone.client.rpc.TestBlockOutputStreamWithFailures" time="223.986"/>
  <testcase name="testDatanodeFailureWithSingleNodeRatis" classname="org.apache.hadoop.ozone.client.rpc.TestBlockOutputStreamWithFailures" time="222.952"/>
  <testcase name="testWatchForCommitWithSingleNodeRatis" classname="org.apache.hadoop.ozone.client.rpc.TestBlockOutputStreamWithFailures" time="35.187"/>
  <testcase name="testWatchForCommitDatanodeFailure" classname="org.apache.hadoop.ozone.client.rpc.TestBlockOutputStreamWithFailures" time="43.087">
    <failure message="expected:&lt;2&gt; but was:&lt;3&gt;" type="java.lang.AssertionError"><![CDATA[java.lang.AssertionError: expected:<2> but was:<3>
	at org.junit.Assert.fail(Assert.java:88)
	at org.junit.Assert.failNotEquals(Assert.java:743)
	at org.junit.Assert.assertEquals(Assert.java:118)
	at org.junit.Assert.assertEquals(Assert.java:555)
	at org.junit.Assert.assertEquals(Assert.java:542)
	at org.apache.hadoop.ozone.client.rpc.TestBlockOutputStreamWithFailures.testWatchForCommitDatanodeFailure(TestBlockOutputStreamWithFailures.java:366)
	at sun.reflect.NativeMethodAccessorImpl.invoke0(Native Method)
	at sun.reflect.NativeMethodAccessorImpl.invoke(NativeMethodAccessorImpl.java:62)
	at sun.reflect.DelegatingMethodAccessorImpl.invoke(DelegatingMethodAccessorImpl.java:43)
	at java.lang.reflect.Method.invoke(Method.java:498)
	at org.junit.runners.model.FrameworkMethod$1.runReflectiveCall(FrameworkMethod.java:47)
	at org.junit.internal.runners.model.ReflectiveCallable.run(ReflectiveCallable.java:12)
	at org.junit.runners.model.FrameworkMethod.invokeExplosively(FrameworkMethod.java:44)
	at org.junit.internal.runners.statements.InvokeMethod.evaluate(InvokeMethod.java:17)
	at org.junit.internal.runners.statements.RunBefores.evaluate(RunBefores.java:26)
	at org.junit.internal.runners.statements.RunAfters.evaluate(RunAfters.java:27)
	at org.junit.runners.ParentRunner.runLeaf(ParentRunner.java:271)
	at org.junit.runners.BlockJUnit4ClassRunner.runChild(BlockJUnit4ClassRunner.java:70)
	at org.junit.runners.BlockJUnit4ClassRunner.runChild(BlockJUnit4ClassRunner.java:50)
	at org.junit.runners.ParentRunner$3.run(ParentRunner.java:238)
	at org.junit.runners.ParentRunner$1.schedule(ParentRunner.java:63)
	at org.junit.runners.ParentRunner.runChildren(ParentRunner.java:236)
	at org.junit.runners.ParentRunner.access$000(ParentRunner.java:53)
	at org.junit.runners.ParentRunner$2.evaluate(ParentRunner.java:229)
	at org.junit.runners.ParentRunner.run(ParentRunner.java:309)
	at org.apache.maven.surefire.junit4.JUnit4Provider.execute(JUnit4Provider.java:365)
	at org.apache.maven.surefire.junit4.JUnit4Provider.executeWithRerun(JUnit4Provider.java:273)
	at org.apache.maven.surefire.junit4.JUnit4Provider.executeTestSet(JUnit4Provider.java:238)
	at org.apache.maven.surefire.junit4.JUnit4Provider.invoke(JUnit4Provider.java:159)
	at org.apache.maven.surefire.booter.ForkedBooter.invokeProviderInSameClassLoader(ForkedBooter.java:384)
	at org.apache.maven.surefire.booter.ForkedBooter.runSuitesInProcess(ForkedBooter.java:345)
	at org.apache.maven.surefire.booter.ForkedBooter.execute(ForkedBooter.java:126)
	at org.apache.maven.surefire.booter.ForkedBooter.main(ForkedBooter.java:418)
]]></failure>
    <system-out><![CDATA[2019-09-27 22:36:44,249 [main] WARN  server.ServerUtils (ServerUtils.java:getScmDbDir(145)) - ozone.scm.db.dirs is not configured. We recommend adding this setting. Falling back to ozone.metadata.dirs instead.
2019-09-27 22:36:44,275 [main] WARN  server.ServerUtils (ServerUtils.java:getScmDbDir(145)) - ozone.scm.db.dirs is not configured. We recommend adding this setting. Falling back to ozone.metadata.dirs instead.
2019-09-27 22:36:44,275 [main] WARN  server.ServerUtils (ServerUtils.java:getScmDbDir(145)) - ozone.scm.db.dirs is not configured. We recommend adding this setting. Falling back to ozone.metadata.dirs instead.
2019-09-27 22:36:44,276 [main] INFO  db.DBStoreBuilder (DBStoreBuilder.java:addTable(110)) - using custom profile for table: deletedBlocks
2019-09-27 22:36:44,276 [main] INFO  db.DBStoreBuilder (DBStoreBuilder.java:processTables(161)) - Using default column profile:DBProfile.DISK for Table:deletedBlocks
2019-09-27 22:36:44,276 [main] INFO  db.DBStoreBuilder (DBStoreBuilder.java:addTable(110)) - using custom profile for table: validCerts
2019-09-27 22:36:44,276 [main] INFO  db.DBStoreBuilder (DBStoreBuilder.java:processTables(161)) - Using default column profile:DBProfile.DISK for Table:validCerts
2019-09-27 22:36:44,276 [main] INFO  db.DBStoreBuilder (DBStoreBuilder.java:addTable(110)) - using custom profile for table: revokedCerts
2019-09-27 22:36:44,277 [main] INFO  db.DBStoreBuilder (DBStoreBuilder.java:processTables(161)) - Using default column profile:DBProfile.DISK for Table:revokedCerts
2019-09-27 22:36:44,277 [main] INFO  db.DBStoreBuilder (DBStoreBuilder.java:addTable(110)) - using custom profile for table: default
2019-09-27 22:36:44,277 [main] INFO  db.DBStoreBuilder (DBStoreBuilder.java:processTables(167)) - Using default column profile:DBProfile.DISK for Table:default
2019-09-27 22:36:44,277 [main] INFO  db.DBStoreBuilder (DBStoreBuilder.java:getDbProfile(198)) - Using default options. DBProfile.DISK
2019-09-27 22:36:44,482 [main] INFO  net.NodeSchemaLoader (NodeSchemaLoader.java:loadSchemaFromFile(125)) - Loading file from sun.misc.CompoundEnumeration@7e61e25c
2019-09-27 22:36:44,482 [main] INFO  net.NodeSchemaLoader (NodeSchemaLoader.java:loadSchema(171)) - Loading network topology layer schema file
2019-09-27 22:36:44,486 [main] INFO  node.SCMNodeManager (SCMNodeManager.java:<init>(114)) - Entering startup safe mode.
2019-09-27 22:36:44,487 [main] INFO  algorithms.ContainerPlacementPolicyFactory (ContainerPlacementPolicyFactory.java:getPolicy(57)) - Create container placement policy of type org.apache.hadoop.hdds.scm.container.placement.algorithms.SCMContainerPlacementRandom
2019-09-27 22:36:44,487 [main] WARN  server.ServerUtils (ServerUtils.java:getScmDbDir(145)) - ozone.scm.db.dirs is not configured. We recommend adding this setting. Falling back to ozone.metadata.dirs instead.
2019-09-27 22:36:44,571 [main] INFO  pipeline.SCMPipelineManager (SCMPipelineManager.java:initializePipelineState(132)) - No pipeline exists in current db
2019-09-27 22:36:44,571 [main] WARN  server.ServerUtils (ServerUtils.java:getScmDbDir(145)) - ozone.scm.db.dirs is not configured. We recommend adding this setting. Falling back to ozone.metadata.dirs instead.
2019-09-27 22:36:44,646 [main] WARN  events.EventQueue (EventQueue.java:fireEvent(183)) - No event handler registered for event TypedEvent{payloadType=SafeModeStatus, name='SafeModeStatus'}
2019-09-27 22:36:44,647 [main] INFO  ipc.CallQueueManager (CallQueueManager.java:<init>(84)) - Using callQueue: class java.util.concurrent.LinkedBlockingQueue, queueCapacity: 2000, scheduler: class org.apache.hadoop.ipc.DefaultRpcScheduler, ipcBackoff: false.
2019-09-27 22:36:44,648 [Socket Reader #1 for port 39409] INFO  ipc.Server (Server.java:run(1074)) - Starting Socket Reader #1 for port 39409
2019-09-27 22:36:44,651 [main] INFO  ipc.CallQueueManager (CallQueueManager.java:<init>(84)) - Using callQueue: class java.util.concurrent.LinkedBlockingQueue, queueCapacity: 2000, scheduler: class org.apache.hadoop.ipc.DefaultRpcScheduler, ipcBackoff: false.
2019-09-27 22:36:44,652 [Socket Reader #1 for port 38718] INFO  ipc.Server (Server.java:run(1074)) - Starting Socket Reader #1 for port 38718
2019-09-27 22:36:44,653 [main] INFO  ipc.CallQueueManager (CallQueueManager.java:<init>(84)) - Using callQueue: class java.util.concurrent.LinkedBlockingQueue, queueCapacity: 2000, scheduler: class org.apache.hadoop.ipc.DefaultRpcScheduler, ipcBackoff: false.
2019-09-27 22:36:44,654 [Socket Reader #1 for port 46686] INFO  ipc.Server (Server.java:run(1074)) - Starting Socket Reader #1 for port 46686
2019-09-27 22:36:44,657 [main] INFO  hdfs.DFSUtil (DFSUtil.java:httpServerTemplateForNNAndJN(1641)) - Starting Web-server for scm at: http://0.0.0.0:0
2019-09-27 22:36:44,658 [main] INFO  server.AuthenticationFilter (AuthenticationFilter.java:constructSecretProvider(240)) - Unable to initialize FileSignerSecretProvider, falling back to use random secrets.
2019-09-27 22:36:44,659 [main] WARN  http.HttpRequestLog (HttpRequestLog.java:getRequestLog(97)) - Jetty request log can only be enabled using Log4j
2019-09-27 22:36:44,660 [main] INFO  http.HttpServer2 (HttpServer2.java:addGlobalFilter(975)) - Added global filter 'safety' (class=org.apache.hadoop.http.HttpServer2$QuotingInputFilter)
2019-09-27 22:36:44,661 [main] INFO  http.HttpServer2 (HttpServer2.java:addFilter(948)) - Added filter static_user_filter (class=org.apache.hadoop.http.lib.StaticUserWebFilter$StaticUserFilter) to context scm
2019-09-27 22:36:44,661 [main] INFO  http.HttpServer2 (HttpServer2.java:addFilter(958)) - Added filter static_user_filter (class=org.apache.hadoop.http.lib.StaticUserWebFilter$StaticUserFilter) to context static
2019-09-27 22:36:44,661 [main] INFO  http.HttpServer2 (HttpServer2.java:addFilter(958)) - Added filter static_user_filter (class=org.apache.hadoop.http.lib.StaticUserWebFilter$StaticUserFilter) to context logs
2019-09-27 22:36:44,663 [main] INFO  server.StorageContainerManager (StorageContainerManager.java:start(770)) - StorageContainerLocationProtocol RPC server is listening at /0.0.0.0:46686
2019-09-27 22:36:44,664 [main] WARN  impl.MetricsConfig (MetricsConfig.java:loadFirst(134)) - Cannot locate configuration: tried hadoop-metrics2-storagecontainermanager.properties,hadoop-metrics2.properties
2019-09-27 22:36:44,665 [main] INFO  impl.MetricsSystemImpl (MetricsSystemImpl.java:startTimer(374)) - Scheduled Metric snapshot period at 10 second(s).
2019-09-27 22:36:44,665 [main] INFO  impl.MetricsSystemImpl (MetricsSystemImpl.java:start(191)) - StorageContainerManager metrics system started
2019-09-27 22:36:44,716 [main] WARN  impl.MetricsSystemImpl (MetricsSystemImpl.java:register(276)) - Sink prometheus already exists!
2019-09-27 22:36:44,818 [main] INFO  server.SCMClientProtocolServer (SCMClientProtocolServer.java:start(151)) - RPC server for Client  is listening at /0.0.0.0:46686
2019-09-27 22:36:44,819 [IPC Server Responder] INFO  ipc.Server (Server.java:run(1314)) - IPC Server Responder: starting
2019-09-27 22:36:44,819 [IPC Server listener on 46686] INFO  ipc.Server (Server.java:run(1153)) - IPC Server listener on 46686: starting
2019-09-27 22:36:44,823 [main] INFO  server.StorageContainerManager (StorageContainerManager.java:start(780)) - ScmBlockLocationProtocol RPC server is listening at /0.0.0.0:38718
2019-09-27 22:36:44,824 [main] INFO  server.SCMBlockProtocolServer (SCMBlockProtocolServer.java:start(146)) - RPC server for Block Protocol is listening at /0.0.0.0:38718
2019-09-27 22:36:44,824 [IPC Server Responder] INFO  ipc.Server (Server.java:run(1314)) - IPC Server Responder: starting
2019-09-27 22:36:44,824 [IPC Server listener on 38718] INFO  ipc.Server (Server.java:run(1153)) - IPC Server listener on 38718: starting
2019-09-27 22:36:44,830 [main] INFO  server.StorageContainerManager (StorageContainerManager.java:start(784)) - ScmDatanodeProtocl RPC server is listening at /0.0.0.0:39409
2019-09-27 22:36:44,830 [main] INFO  server.SCMDatanodeProtocolServer (SCMDatanodeProtocolServer.java:start(191)) - RPC server for DataNodes is listening at /0.0.0.0:39409
2019-09-27 22:36:44,830 [IPC Server Responder] INFO  ipc.Server (Server.java:run(1314)) - IPC Server Responder: starting
2019-09-27 22:36:44,832 [IPC Server listener on 39409] INFO  ipc.Server (Server.java:run(1153)) - IPC Server listener on 39409: starting
2019-09-27 22:36:44,835 [main] INFO  http.HttpServer2 (HttpServer2.java:bindListener(1191)) - Jetty bound to port 42983
2019-09-27 22:36:44,835 [main] INFO  server.Server (Server.java:doStart(351)) - jetty-9.3.25.v20180904, build timestamp: 2018-09-04T21:11:46Z, git hash: 3ce520221d0240229c862b122d2b06c12a625732
2019-09-27 22:36:44,837 [main] INFO  handler.ContextHandler (ContextHandler.java:doStart(781)) - Started o.e.j.s.ServletContextHandler@14de1901{/logs,file:///workdir/hadoop-ozone/integration-test/target/log,AVAILABLE}
2019-09-27 22:36:44,837 [main] INFO  handler.ContextHandler (ContextHandler.java:doStart(781)) - Started o.e.j.s.ServletContextHandler@11f23038{/static,file:///workdir/hadoop-ozone/integration-test/target/test-classes/webapps/static,AVAILABLE}
2019-09-27 22:36:44,844 [main] INFO  handler.ContextHandler (ContextHandler.java:doStart(781)) - Started o.e.j.w.WebAppContext@599f1b7{/,file:///workdir/hadoop-ozone/integration-test/target/test-classes/webapps/scm/,AVAILABLE}{/scm}
2019-09-27 22:36:44,844 [main] INFO  server.AbstractConnector (AbstractConnector.java:doStart(278)) - Started ServerConnector@22791b75{HTTP/1.1,[http/1.1]}{0.0.0.0:42983}
2019-09-27 22:36:44,845 [main] INFO  server.Server (Server.java:doStart(419)) - Started @598858ms
2019-09-27 22:36:44,845 [main] WARN  impl.MetricsSystemImpl (MetricsSystemImpl.java:register(276)) - Sink prometheus already exists!
2019-09-27 22:36:44,846 [main] INFO  server.BaseHttpServer (BaseHttpServer.java:updateConnectorAddress(215)) - HTTP server of SCM is listening at http://0.0.0.0:42983
2019-09-27 22:36:44,848 [main] WARN  server.ServerUtils (ServerUtils.java:getDBPath(222)) - ozone.om.db.dirs is not configured. We recommend adding this setting. Falling back to ozone.metadata.dirs instead.
2019-09-27 22:36:44,848 [org.apache.hadoop.util.JvmPauseMonitor$Monitor@37d28938] INFO  util.JvmPauseMonitor (JvmPauseMonitor.java:run(188)) - Starting JVM pause monitor
2019-09-27 22:36:44,862 [main] WARN  server.ServerUtils (ServerUtils.java:getDBPath(222)) - ozone.om.db.dirs is not configured. We recommend adding this setting. Falling back to ozone.metadata.dirs instead.
2019-09-27 22:36:44,862 [main] WARN  server.ServerUtils (ServerUtils.java:getDBPath(222)) - ozone.om.db.dirs is not configured. We recommend adding this setting. Falling back to ozone.metadata.dirs instead.
2019-09-27 22:36:44,863 [main] INFO  om.OzoneManager (OzoneManager.java:setOMNodeDetails(652)) - OM Service ID is not set. Setting it to the default ID: omServiceIdDefault
2019-09-27 22:36:44,863 [main] INFO  om.OzoneManager (OzoneManager.java:setOMNodeDetails(658)) - OM Node ID is not set. Setting it to the OmStorage's OmID: a3b7ed7f-3f45-442a-adfd-a0232a7355ef
2019-09-27 22:36:44,863 [main] INFO  om.OzoneManager (OzoneManager.java:loadOMHAConfigs(609)) - Found matching OM address with OMServiceId: null, OMNodeId: null, RPC Address: localhost:0 and Ratis port: 9872
2019-09-27 22:36:44,871 [main] WARN  server.ServerUtils (ServerUtils.java:getDBPath(222)) - ozone.om.db.dirs is not configured. We recommend adding this setting. Falling back to ozone.metadata.dirs instead.
2019-09-27 22:36:44,872 [main] INFO  db.DBStoreBuilder (DBStoreBuilder.java:addTable(110)) - using custom profile for table: userTable
2019-09-27 22:36:44,872 [main] INFO  db.DBStoreBuilder (DBStoreBuilder.java:processTables(161)) - Using default column profile:DBProfile.DISK for Table:userTable
2019-09-27 22:36:44,873 [main] INFO  db.DBStoreBuilder (DBStoreBuilder.java:addTable(110)) - using custom profile for table: volumeTable
2019-09-27 22:36:44,873 [main] INFO  db.DBStoreBuilder (DBStoreBuilder.java:processTables(161)) - Using default column profile:DBProfile.DISK for Table:volumeTable
2019-09-27 22:36:44,873 [main] INFO  db.DBStoreBuilder (DBStoreBuilder.java:addTable(110)) - using custom profile for table: bucketTable
2019-09-27 22:36:44,874 [main] INFO  db.DBStoreBuilder (DBStoreBuilder.java:processTables(161)) - Using default column profile:DBProfile.DISK for Table:bucketTable
2019-09-27 22:36:44,874 [main] INFO  db.DBStoreBuilder (DBStoreBuilder.java:addTable(110)) - using custom profile for table: keyTable
2019-09-27 22:36:44,874 [main] INFO  db.DBStoreBuilder (DBStoreBuilder.java:processTables(161)) - Using default column profile:DBProfile.DISK for Table:keyTable
2019-09-27 22:36:44,874 [main] INFO  db.DBStoreBuilder (DBStoreBuilder.java:addTable(110)) - using custom profile for table: deletedTable
2019-09-27 22:36:44,875 [main] INFO  db.DBStoreBuilder (DBStoreBuilder.java:processTables(161)) - Using default column profile:DBProfile.DISK for Table:deletedTable
2019-09-27 22:36:44,875 [main] INFO  db.DBStoreBuilder (DBStoreBuilder.java:addTable(110)) - using custom profile for table: openKeyTable
2019-09-27 22:36:44,875 [main] INFO  db.DBStoreBuilder (DBStoreBuilder.java:processTables(161)) - Using default column profile:DBProfile.DISK for Table:openKeyTable
2019-09-27 22:36:44,876 [main] INFO  db.DBStoreBuilder (DBStoreBuilder.java:addTable(110)) - using custom profile for table: s3Table
2019-09-27 22:36:44,876 [main] INFO  db.DBStoreBuilder (DBStoreBuilder.java:processTables(161)) - Using default column profile:DBProfile.DISK for Table:s3Table
2019-09-27 22:36:44,876 [main] INFO  db.DBStoreBuilder (DBStoreBuilder.java:addTable(110)) - using custom profile for table: multipartInfoTable
2019-09-27 22:36:44,876 [main] INFO  db.DBStoreBuilder (DBStoreBuilder.java:processTables(161)) - Using default column profile:DBProfile.DISK for Table:multipartInfoTable
2019-09-27 22:36:44,877 [main] INFO  db.DBStoreBuilder (DBStoreBuilder.java:addTable(110)) - using custom profile for table: dTokenTable
2019-09-27 22:36:44,877 [main] INFO  db.DBStoreBuilder (DBStoreBuilder.java:processTables(161)) - Using default column profile:DBProfile.DISK for Table:dTokenTable
2019-09-27 22:36:44,877 [main] INFO  db.DBStoreBuilder (DBStoreBuilder.java:addTable(110)) - using custom profile for table: s3SecretTable
2019-09-27 22:36:44,877 [main] INFO  db.DBStoreBuilder (DBStoreBuilder.java:processTables(161)) - Using default column profile:DBProfile.DISK for Table:s3SecretTable
2019-09-27 22:36:44,878 [main] INFO  db.DBStoreBuilder (DBStoreBuilder.java:addTable(110)) - using custom profile for table: prefixTable
2019-09-27 22:36:44,878 [main] INFO  db.DBStoreBuilder (DBStoreBuilder.java:processTables(161)) - Using default column profile:DBProfile.DISK for Table:prefixTable
2019-09-27 22:36:44,878 [main] INFO  db.DBStoreBuilder (DBStoreBuilder.java:addTable(110)) - using custom profile for table: default
2019-09-27 22:36:44,879 [main] INFO  db.DBStoreBuilder (DBStoreBuilder.java:processTables(167)) - Using default column profile:DBProfile.DISK for Table:default
2019-09-27 22:36:44,879 [main] INFO  db.DBStoreBuilder (DBStoreBuilder.java:getDbProfile(198)) - Using default options. DBProfile.DISK
2019-09-27 22:36:45,514 [main] INFO  ipc.CallQueueManager (CallQueueManager.java:<init>(84)) - Using callQueue: class java.util.concurrent.LinkedBlockingQueue, queueCapacity: 2000, scheduler: class org.apache.hadoop.ipc.DefaultRpcScheduler, ipcBackoff: false.
2019-09-27 22:36:45,515 [Socket Reader #1 for port 35709] INFO  ipc.Server (Server.java:run(1074)) - Starting Socket Reader #1 for port 35709
2019-09-27 22:36:45,531 [main] INFO  om.OzoneManager (OzoneManager.java:start(1243)) - OzoneManager RPC server is listening at localhost/127.0.0.1:35709
2019-09-27 22:36:45,531 [main] INFO  impl.MetricsSystemImpl (MetricsSystemImpl.java:init(158)) - OzoneManager metrics system started (again)
2019-09-27 22:36:45,532 [IPC Server Responder] INFO  ipc.Server (Server.java:run(1314)) - IPC Server Responder: starting
2019-09-27 22:36:45,532 [IPC Server listener on 35709] INFO  ipc.Server (Server.java:run(1153)) - IPC Server listener on 35709: starting
2019-09-27 22:36:45,538 [main] INFO  hdfs.DFSUtil (DFSUtil.java:httpServerTemplateForNNAndJN(1641)) - Starting Web-server for ozoneManager at: http://0.0.0.0:0
2019-09-27 22:36:45,540 [main] INFO  server.AuthenticationFilter (AuthenticationFilter.java:constructSecretProvider(240)) - Unable to initialize FileSignerSecretProvider, falling back to use random secrets.
2019-09-27 22:36:45,540 [main] WARN  http.HttpRequestLog (HttpRequestLog.java:getRequestLog(97)) - Jetty request log can only be enabled using Log4j
2019-09-27 22:36:45,541 [main] INFO  http.HttpServer2 (HttpServer2.java:addGlobalFilter(975)) - Added global filter 'safety' (class=org.apache.hadoop.http.HttpServer2$QuotingInputFilter)
2019-09-27 22:36:45,542 [main] INFO  http.HttpServer2 (HttpServer2.java:addFilter(948)) - Added filter static_user_filter (class=org.apache.hadoop.http.lib.StaticUserWebFilter$StaticUserFilter) to context ozoneManager
2019-09-27 22:36:45,542 [main] INFO  http.HttpServer2 (HttpServer2.java:addFilter(958)) - Added filter static_user_filter (class=org.apache.hadoop.http.lib.StaticUserWebFilter$StaticUserFilter) to context static
2019-09-27 22:36:45,542 [main] INFO  http.HttpServer2 (HttpServer2.java:addFilter(958)) - Added filter static_user_filter (class=org.apache.hadoop.http.lib.StaticUserWebFilter$StaticUserFilter) to context logs
2019-09-27 22:36:45,543 [main] INFO  http.HttpServer2 (HttpServer2.java:bindListener(1191)) - Jetty bound to port 35705
2019-09-27 22:36:45,543 [main] INFO  server.Server (Server.java:doStart(351)) - jetty-9.3.25.v20180904, build timestamp: 2018-09-04T21:11:46Z, git hash: 3ce520221d0240229c862b122d2b06c12a625732
2019-09-27 22:36:45,545 [main] INFO  handler.ContextHandler (ContextHandler.java:doStart(781)) - Started o.e.j.s.ServletContextHandler@6c835217{/logs,file:///workdir/hadoop-ozone/integration-test/target/log,AVAILABLE}
2019-09-27 22:36:45,545 [main] INFO  handler.ContextHandler (ContextHandler.java:doStart(781)) - Started o.e.j.s.ServletContextHandler@51888019{/static,file:///workdir/hadoop-ozone/integration-test/target/test-classes/webapps/static,AVAILABLE}
2019-09-27 22:36:45,549 [main] INFO  handler.ContextHandler (ContextHandler.java:doStart(781)) - Started o.e.j.w.WebAppContext@2b999ee8{/,file:///workdir/hadoop-ozone/integration-test/target/test-classes/webapps/ozoneManager/,AVAILABLE}{/ozoneManager}
2019-09-27 22:36:45,549 [main] INFO  server.AbstractConnector (AbstractConnector.java:doStart(278)) - Started ServerConnector@31ab1e67{HTTP/1.1,[http/1.1]}{0.0.0.0:35705}
2019-09-27 22:36:45,550 [main] INFO  server.Server (Server.java:doStart(419)) - Started @599563ms
2019-09-27 22:36:45,550 [main] WARN  impl.MetricsSystemImpl (MetricsSystemImpl.java:register(276)) - Sink prometheus already exists!
2019-09-27 22:36:45,551 [main] INFO  server.BaseHttpServer (BaseHttpServer.java:updateConnectorAddress(215)) - HTTP server of OZONEMANAGER is listening at http://0.0.0.0:35705
2019-09-27 22:36:45,564 [main] INFO  impl.MetricsSystemImpl (MetricsSystemImpl.java:init(158)) - HddsDatanode metrics system started (again)
2019-09-27 22:36:45,567 [main] INFO  ozone.HddsDatanodeService (HddsDatanodeService.java:start(184)) - HddsDatanodeService host:pr-hdds-2019-zjk6f-2271287486 ip:192.168.151.84
2019-09-27 22:36:45,573 [main] INFO  volume.HddsVolume (HddsVolume.java:<init>(176)) - Creating Volume: /workdir/hadoop-ozone/integration-test/target/test-dir/MiniOzoneClusterImpl-6301c58b-4ac9-45bc-bb33-5a7d24acbbd6/datanode-0/data/containers/hdds of  storage type : DISK and capacity : 1482555576320
2019-09-27 22:36:45,573 [main] INFO  volume.VolumeSet (VolumeSet.java:initializeVolumeSet(170)) - Added Volume : /workdir/hadoop-ozone/integration-test/target/test-dir/MiniOzoneClusterImpl-6301c58b-4ac9-45bc-bb33-5a7d24acbbd6/datanode-0/data/containers/hdds to VolumeSet
2019-09-27 22:36:45,574 [main] INFO  volume.ThrottledAsyncChecker (ThrottledAsyncChecker.java:schedule(139)) - Scheduling a check for org.apache.hadoop.ozone.container.common.volume.HddsVolume@747f6c5a
2019-09-27 22:36:45,574 [main] INFO  volume.HddsVolumeChecker (HddsVolumeChecker.java:checkAllVolumes(202)) - Scheduled health check for volume org.apache.hadoop.ozone.container.common.volume.HddsVolume@747f6c5a
2019-09-27 22:36:45,589 [main] INFO  impl.RaftServerProxy (ConfUtils.java:logGet(43)) - raft.rpc.type = GRPC (default)
2019-09-27 22:36:45,589 [main] INFO  grpc.GrpcFactory (GrpcFactory.java:checkPooledByteBufAllocatorUseCacheForAllThreads(45)) - PERFORMANCE WARNING: useCacheForAllThreads is true that may cause Netty to create a lot garbage objects and, as a result, trigger GC.
	It is recommended to disable useCacheForAllThreads by setting -Dorg.apache.ratis.thirdparty.io.netty.allocator.useCacheForAllThreads=false in command line.
2019-09-27 22:36:45,589 [main] INFO  grpc.GrpcConfigKeys$Server (ConfUtils.java:logGet(43)) - raft.grpc.server.port = 0 (default)
2019-09-27 22:36:45,590 [main] INFO  server.GrpcService (ConfUtils.java:logGet(43)) - raft.grpc.message.size.max = 33570816 (custom)
2019-09-27 22:36:45,590 [main] INFO  server.RaftServerConfigKeys (ConfUtils.java:logGet(43)) - raft.server.log.appender.buffer.byte-limit = 33554432 (custom)
2019-09-27 22:36:45,590 [main] INFO  server.GrpcService (ConfUtils.java:logGet(43)) - raft.grpc.flow.control.window = 1MB (=1048576) (default)
2019-09-27 22:36:45,590 [main] INFO  server.RaftServerConfigKeys (ConfUtils.java:logGet(43)) - raft.server.rpc.request.timeout = 3000ms (default)
2019-09-27 22:36:45,591 [main] INFO  server.RaftServerConfigKeys (ConfUtils.java:logGet(43)) - raft.server.storage.dir = [/workdir/hadoop-ozone/integration-test/target/test-dir/MiniOzoneClusterImpl-6301c58b-4ac9-45bc-bb33-5a7d24acbbd6/datanode-0/data/ratis] (custom)
2019-09-27 22:36:45,593 [main] INFO  hdfs.DFSUtil (DFSUtil.java:httpServerTemplateForNNAndJN(1641)) - Starting Web-server for hddsDatanode at: http://0.0.0.0:0
2019-09-27 22:36:45,594 [main] INFO  server.AuthenticationFilter (AuthenticationFilter.java:constructSecretProvider(240)) - Unable to initialize FileSignerSecretProvider, falling back to use random secrets.
2019-09-27 22:36:45,595 [main] WARN  http.HttpRequestLog (HttpRequestLog.java:getRequestLog(97)) - Jetty request log can only be enabled using Log4j
2019-09-27 22:36:45,596 [main] INFO  http.HttpServer2 (HttpServer2.java:addGlobalFilter(975)) - Added global filter 'safety' (class=org.apache.hadoop.http.HttpServer2$QuotingInputFilter)
2019-09-27 22:36:45,596 [main] INFO  http.HttpServer2 (HttpServer2.java:addFilter(948)) - Added filter static_user_filter (class=org.apache.hadoop.http.lib.StaticUserWebFilter$StaticUserFilter) to context hddsDatanode
2019-09-27 22:36:45,596 [main] INFO  http.HttpServer2 (HttpServer2.java:addFilter(958)) - Added filter static_user_filter (class=org.apache.hadoop.http.lib.StaticUserWebFilter$StaticUserFilter) to context logs
2019-09-27 22:36:45,597 [main] INFO  http.HttpServer2 (HttpServer2.java:addFilter(958)) - Added filter static_user_filter (class=org.apache.hadoop.http.lib.StaticUserWebFilter$StaticUserFilter) to context static
2019-09-27 22:36:45,597 [main] INFO  http.HttpServer2 (HttpServer2.java:bindListener(1191)) - Jetty bound to port 33914
2019-09-27 22:36:45,597 [main] INFO  server.Server (Server.java:doStart(351)) - jetty-9.3.25.v20180904, build timestamp: 2018-09-04T21:11:46Z, git hash: 3ce520221d0240229c862b122d2b06c12a625732
2019-09-27 22:36:45,599 [main] INFO  handler.ContextHandler (ContextHandler.java:doStart(781)) - Started o.e.j.s.ServletContextHandler@2055833f{/logs,file:///workdir/hadoop-ozone/integration-test/target/log,AVAILABLE}
2019-09-27 22:36:45,599 [main] INFO  handler.ContextHandler (ContextHandler.java:doStart(781)) - Started o.e.j.s.ServletContextHandler@310d57b1{/static,jar:file:/home/user/.m2/repository/org/apache/hadoop/hadoop-hdds-container-service/0.5.0-SNAPSHOT/hadoop-hdds-container-service-0.5.0-SNAPSHOT.jar!/webapps/static,AVAILABLE}
2019-09-27 22:36:45,626 [main] INFO  handler.ContextHandler (ContextHandler.java:doStart(781)) - Started o.e.j.w.WebAppContext@72a8361b{/,file:///tmp/jetty-0.0.0.0-33914-hddsDatanode-_-any-6670810026607887698.dir/webapp/,AVAILABLE}{/hddsDatanode}
2019-09-27 22:36:45,627 [main] INFO  server.AbstractConnector (AbstractConnector.java:doStart(278)) - Started ServerConnector@36478bce{HTTP/1.1,[http/1.1]}{0.0.0.0:33914}
2019-09-27 22:36:45,627 [main] INFO  server.Server (Server.java:doStart(419)) - Started @599640ms
2019-09-27 22:36:45,629 [main] WARN  impl.MetricsSystemImpl (MetricsSystemImpl.java:register(276)) - Sink prometheus already exists!
2019-09-27 22:36:45,629 [main] INFO  server.BaseHttpServer (BaseHttpServer.java:updateConnectorAddress(215)) - HTTP server of HDDSDATANODE is listening at http://0.0.0.0:33914
2019-09-27 22:36:45,630 [main] INFO  impl.MetricsSystemImpl (MetricsSystemImpl.java:init(158)) - HddsDatanode metrics system started (again)
2019-09-27 22:36:45,633 [org.apache.hadoop.util.JvmPauseMonitor$Monitor@7b35e68b] INFO  util.JvmPauseMonitor (JvmPauseMonitor.java:run(188)) - Starting JVM pause monitor
2019-09-27 22:36:45,633 [main] INFO  ozone.HddsDatanodeService (HddsDatanodeService.java:start(184)) - HddsDatanodeService host:pr-hdds-2019-zjk6f-2271287486 ip:192.168.151.84
2019-09-27 22:36:45,636 [Datanode State Machine Thread - 0] INFO  datanode.InitDatanodeState (InitDatanodeState.java:persistContainerDatanodeDetails(140)) - DatanodeDetails is persisted to /workdir/hadoop-ozone/integration-test/target/test-dir/MiniOzoneClusterImpl-6301c58b-4ac9-45bc-bb33-5a7d24acbbd6/datanode-0/meta/datanode.id
2019-09-27 22:36:45,640 [main] INFO  volume.HddsVolume (HddsVolume.java:<init>(176)) - Creating Volume: /workdir/hadoop-ozone/integration-test/target/test-dir/MiniOzoneClusterImpl-6301c58b-4ac9-45bc-bb33-5a7d24acbbd6/datanode-1/data/containers/hdds of  storage type : DISK and capacity : 1482555576320
2019-09-27 22:36:45,641 [main] INFO  volume.VolumeSet (VolumeSet.java:initializeVolumeSet(170)) - Added Volume : /workdir/hadoop-ozone/integration-test/target/test-dir/MiniOzoneClusterImpl-6301c58b-4ac9-45bc-bb33-5a7d24acbbd6/datanode-1/data/containers/hdds to VolumeSet
2019-09-27 22:36:45,641 [main] INFO  volume.ThrottledAsyncChecker (ThrottledAsyncChecker.java:schedule(139)) - Scheduling a check for org.apache.hadoop.ozone.container.common.volume.HddsVolume@2cccf134
2019-09-27 22:36:45,641 [main] INFO  volume.HddsVolumeChecker (HddsVolumeChecker.java:checkAllVolumes(202)) - Scheduled health check for volume org.apache.hadoop.ozone.container.common.volume.HddsVolume@2cccf134
2019-09-27 22:36:45,655 [main] INFO  impl.RaftServerProxy (ConfUtils.java:logGet(43)) - raft.rpc.type = GRPC (default)
2019-09-27 22:36:45,655 [main] INFO  grpc.GrpcFactory (GrpcFactory.java:checkPooledByteBufAllocatorUseCacheForAllThreads(45)) - PERFORMANCE WARNING: useCacheForAllThreads is true that may cause Netty to create a lot garbage objects and, as a result, trigger GC.
	It is recommended to disable useCacheForAllThreads by setting -Dorg.apache.ratis.thirdparty.io.netty.allocator.useCacheForAllThreads=false in command line.
2019-09-27 22:36:45,656 [main] INFO  grpc.GrpcConfigKeys$Server (ConfUtils.java:logGet(43)) - raft.grpc.server.port = 0 (default)
2019-09-27 22:36:45,656 [main] INFO  server.GrpcService (ConfUtils.java:logGet(43)) - raft.grpc.message.size.max = 33570816 (custom)
2019-09-27 22:36:45,656 [main] INFO  server.RaftServerConfigKeys (ConfUtils.java:logGet(43)) - raft.server.log.appender.buffer.byte-limit = 33554432 (custom)
2019-09-27 22:36:45,656 [main] INFO  server.GrpcService (ConfUtils.java:logGet(43)) - raft.grpc.flow.control.window = 1MB (=1048576) (default)
2019-09-27 22:36:45,656 [main] INFO  server.RaftServerConfigKeys (ConfUtils.java:logGet(43)) - raft.server.rpc.request.timeout = 3000ms (default)
2019-09-27 22:36:45,657 [main] INFO  server.RaftServerConfigKeys (ConfUtils.java:logGet(43)) - raft.server.storage.dir = [/workdir/hadoop-ozone/integration-test/target/test-dir/MiniOzoneClusterImpl-6301c58b-4ac9-45bc-bb33-5a7d24acbbd6/datanode-1/data/ratis] (custom)
2019-09-27 22:36:45,658 [main] INFO  hdfs.DFSUtil (DFSUtil.java:httpServerTemplateForNNAndJN(1641)) - Starting Web-server for hddsDatanode at: http://0.0.0.0:0
2019-09-27 22:36:45,659 [main] INFO  server.AuthenticationFilter (AuthenticationFilter.java:constructSecretProvider(240)) - Unable to initialize FileSignerSecretProvider, falling back to use random secrets.
2019-09-27 22:36:45,660 [main] WARN  http.HttpRequestLog (HttpRequestLog.java:getRequestLog(97)) - Jetty request log can only be enabled using Log4j
2019-09-27 22:36:45,661 [main] INFO  http.HttpServer2 (HttpServer2.java:addGlobalFilter(975)) - Added global filter 'safety' (class=org.apache.hadoop.http.HttpServer2$QuotingInputFilter)
2019-09-27 22:36:45,662 [main] INFO  http.HttpServer2 (HttpServer2.java:addFilter(948)) - Added filter static_user_filter (class=org.apache.hadoop.http.lib.StaticUserWebFilter$StaticUserFilter) to context hddsDatanode
2019-09-27 22:36:45,662 [main] INFO  http.HttpServer2 (HttpServer2.java:addFilter(958)) - Added filter static_user_filter (class=org.apache.hadoop.http.lib.StaticUserWebFilter$StaticUserFilter) to context static
2019-09-27 22:36:45,662 [main] INFO  http.HttpServer2 (HttpServer2.java:addFilter(958)) - Added filter static_user_filter (class=org.apache.hadoop.http.lib.StaticUserWebFilter$StaticUserFilter) to context logs
2019-09-27 22:36:45,663 [main] INFO  http.HttpServer2 (HttpServer2.java:bindListener(1191)) - Jetty bound to port 44127
2019-09-27 22:36:45,663 [main] INFO  server.Server (Server.java:doStart(351)) - jetty-9.3.25.v20180904, build timestamp: 2018-09-04T21:11:46Z, git hash: 3ce520221d0240229c862b122d2b06c12a625732
2019-09-27 22:36:45,664 [main] INFO  handler.ContextHandler (ContextHandler.java:doStart(781)) - Started o.e.j.s.ServletContextHandler@69a5c6be{/logs,file:///workdir/hadoop-ozone/integration-test/target/log,AVAILABLE}
2019-09-27 22:36:45,665 [main] INFO  handler.ContextHandler (ContextHandler.java:doStart(781)) - Started o.e.j.s.ServletContextHandler@497ed877{/static,jar:file:/home/user/.m2/repository/org/apache/hadoop/hadoop-hdds-container-service/0.5.0-SNAPSHOT/hadoop-hdds-container-service-0.5.0-SNAPSHOT.jar!/webapps/static,AVAILABLE}
2019-09-27 22:36:45,692 [main] INFO  handler.ContextHandler (ContextHandler.java:doStart(781)) - Started o.e.j.w.WebAppContext@58a3d521{/,file:///tmp/jetty-0.0.0.0-44127-hddsDatanode-_-any-4648565830350380207.dir/webapp/,AVAILABLE}{/hddsDatanode}
2019-09-27 22:36:45,692 [main] INFO  server.AbstractConnector (AbstractConnector.java:doStart(278)) - Started ServerConnector@14d8e132{HTTP/1.1,[http/1.1]}{0.0.0.0:44127}
2019-09-27 22:36:45,693 [main] INFO  server.Server (Server.java:doStart(419)) - Started @599707ms
2019-09-27 22:36:45,694 [main] WARN  impl.MetricsSystemImpl (MetricsSystemImpl.java:register(276)) - Sink prometheus already exists!
2019-09-27 22:36:45,694 [main] INFO  server.BaseHttpServer (BaseHttpServer.java:updateConnectorAddress(215)) - HTTP server of HDDSDATANODE is listening at http://0.0.0.0:44127
2019-09-27 22:36:45,695 [main] INFO  impl.MetricsSystemImpl (MetricsSystemImpl.java:init(158)) - HddsDatanode metrics system started (again)
2019-09-27 22:36:45,699 [org.apache.hadoop.util.JvmPauseMonitor$Monitor@319e6454] INFO  util.JvmPauseMonitor (JvmPauseMonitor.java:run(188)) - Starting JVM pause monitor
2019-09-27 22:36:45,701 [Datanode State Machine Thread - 0] INFO  datanode.InitDatanodeState (InitDatanodeState.java:persistContainerDatanodeDetails(140)) - DatanodeDetails is persisted to /workdir/hadoop-ozone/integration-test/target/test-dir/MiniOzoneClusterImpl-6301c58b-4ac9-45bc-bb33-5a7d24acbbd6/datanode-1/meta/datanode.id
2019-09-27 22:36:45,701 [main] INFO  ozone.HddsDatanodeService (HddsDatanodeService.java:start(184)) - HddsDatanodeService host:pr-hdds-2019-zjk6f-2271287486 ip:192.168.151.84
2019-09-27 22:36:45,708 [main] INFO  volume.HddsVolume (HddsVolume.java:<init>(176)) - Creating Volume: /workdir/hadoop-ozone/integration-test/target/test-dir/MiniOzoneClusterImpl-6301c58b-4ac9-45bc-bb33-5a7d24acbbd6/datanode-2/data/containers/hdds of  storage type : DISK and capacity : 1482555576320
2019-09-27 22:36:45,708 [main] INFO  volume.VolumeSet (VolumeSet.java:initializeVolumeSet(170)) - Added Volume : /workdir/hadoop-ozone/integration-test/target/test-dir/MiniOzoneClusterImpl-6301c58b-4ac9-45bc-bb33-5a7d24acbbd6/datanode-2/data/containers/hdds to VolumeSet
2019-09-27 22:36:45,708 [main] INFO  volume.ThrottledAsyncChecker (ThrottledAsyncChecker.java:schedule(139)) - Scheduling a check for org.apache.hadoop.ozone.container.common.volume.HddsVolume@13278a41
2019-09-27 22:36:45,709 [main] INFO  volume.HddsVolumeChecker (HddsVolumeChecker.java:checkAllVolumes(202)) - Scheduled health check for volume org.apache.hadoop.ozone.container.common.volume.HddsVolume@13278a41
2019-09-27 22:36:45,728 [main] INFO  impl.RaftServerProxy (ConfUtils.java:logGet(43)) - raft.rpc.type = GRPC (default)
2019-09-27 22:36:45,728 [main] INFO  grpc.GrpcFactory (GrpcFactory.java:checkPooledByteBufAllocatorUseCacheForAllThreads(45)) - PERFORMANCE WARNING: useCacheForAllThreads is true that may cause Netty to create a lot garbage objects and, as a result, trigger GC.
	It is recommended to disable useCacheForAllThreads by setting -Dorg.apache.ratis.thirdparty.io.netty.allocator.useCacheForAllThreads=false in command line.
2019-09-27 22:36:45,728 [main] INFO  grpc.GrpcConfigKeys$Server (ConfUtils.java:logGet(43)) - raft.grpc.server.port = 0 (default)
2019-09-27 22:36:45,729 [main] INFO  server.GrpcService (ConfUtils.java:logGet(43)) - raft.grpc.message.size.max = 33570816 (custom)
2019-09-27 22:36:45,729 [main] INFO  server.RaftServerConfigKeys (ConfUtils.java:logGet(43)) - raft.server.log.appender.buffer.byte-limit = 33554432 (custom)
2019-09-27 22:36:45,729 [main] INFO  server.GrpcService (ConfUtils.java:logGet(43)) - raft.grpc.flow.control.window = 1MB (=1048576) (default)
2019-09-27 22:36:45,729 [main] INFO  server.RaftServerConfigKeys (ConfUtils.java:logGet(43)) - raft.server.rpc.request.timeout = 3000ms (default)
2019-09-27 22:36:45,730 [main] INFO  server.RaftServerConfigKeys (ConfUtils.java:logGet(43)) - raft.server.storage.dir = [/workdir/hadoop-ozone/integration-test/target/test-dir/MiniOzoneClusterImpl-6301c58b-4ac9-45bc-bb33-5a7d24acbbd6/datanode-2/data/ratis] (custom)
2019-09-27 22:36:45,731 [main] INFO  hdfs.DFSUtil (DFSUtil.java:httpServerTemplateForNNAndJN(1641)) - Starting Web-server for hddsDatanode at: http://0.0.0.0:0
2019-09-27 22:36:45,733 [main] INFO  server.AuthenticationFilter (AuthenticationFilter.java:constructSecretProvider(240)) - Unable to initialize FileSignerSecretProvider, falling back to use random secrets.
2019-09-27 22:36:45,734 [main] WARN  http.HttpRequestLog (HttpRequestLog.java:getRequestLog(97)) - Jetty request log can only be enabled using Log4j
2019-09-27 22:36:45,735 [main] INFO  http.HttpServer2 (HttpServer2.java:addGlobalFilter(975)) - Added global filter 'safety' (class=org.apache.hadoop.http.HttpServer2$QuotingInputFilter)
2019-09-27 22:36:45,736 [main] INFO  http.HttpServer2 (HttpServer2.java:addFilter(948)) - Added filter static_user_filter (class=org.apache.hadoop.http.lib.StaticUserWebFilter$StaticUserFilter) to context hddsDatanode
2019-09-27 22:36:45,736 [main] INFO  http.HttpServer2 (HttpServer2.java:addFilter(958)) - Added filter static_user_filter (class=org.apache.hadoop.http.lib.StaticUserWebFilter$StaticUserFilter) to context static
2019-09-27 22:36:45,736 [main] INFO  http.HttpServer2 (HttpServer2.java:addFilter(958)) - Added filter static_user_filter (class=org.apache.hadoop.http.lib.StaticUserWebFilter$StaticUserFilter) to context logs
2019-09-27 22:36:45,737 [main] INFO  http.HttpServer2 (HttpServer2.java:bindListener(1191)) - Jetty bound to port 34938
2019-09-27 22:36:45,737 [main] INFO  server.Server (Server.java:doStart(351)) - jetty-9.3.25.v20180904, build timestamp: 2018-09-04T21:11:46Z, git hash: 3ce520221d0240229c862b122d2b06c12a625732
2019-09-27 22:36:45,739 [main] INFO  handler.ContextHandler (ContextHandler.java:doStart(781)) - Started o.e.j.s.ServletContextHandler@a3cba3a{/logs,file:///workdir/hadoop-ozone/integration-test/target/log,AVAILABLE}
2019-09-27 22:36:45,740 [main] INFO  handler.ContextHandler (ContextHandler.java:doStart(781)) - Started o.e.j.s.ServletContextHandler@5ca4dce5{/static,jar:file:/home/user/.m2/repository/org/apache/hadoop/hadoop-hdds-container-service/0.5.0-SNAPSHOT/hadoop-hdds-container-service-0.5.0-SNAPSHOT.jar!/webapps/static,AVAILABLE}
2019-09-27 22:36:45,776 [main] INFO  handler.ContextHandler (ContextHandler.java:doStart(781)) - Started o.e.j.w.WebAppContext@1e2445f6{/,file:///tmp/jetty-0.0.0.0-34938-hddsDatanode-_-any-8617298231382404062.dir/webapp/,AVAILABLE}{/hddsDatanode}
2019-09-27 22:36:45,777 [main] INFO  server.AbstractConnector (AbstractConnector.java:doStart(278)) - Started ServerConnector@17ec335a{HTTP/1.1,[http/1.1]}{0.0.0.0:34938}
2019-09-27 22:36:45,778 [main] INFO  server.Server (Server.java:doStart(419)) - Started @599792ms
2019-09-27 22:36:45,779 [main] WARN  impl.MetricsSystemImpl (MetricsSystemImpl.java:register(276)) - Sink prometheus already exists!
2019-09-27 22:36:45,779 [main] INFO  server.BaseHttpServer (BaseHttpServer.java:updateConnectorAddress(215)) - HTTP server of HDDSDATANODE is listening at http://0.0.0.0:34938
2019-09-27 22:36:45,780 [main] INFO  impl.MetricsSystemImpl (MetricsSystemImpl.java:init(158)) - HddsDatanode metrics system started (again)
2019-09-27 22:36:45,783 [org.apache.hadoop.util.JvmPauseMonitor$Monitor@13ef8248] INFO  util.JvmPauseMonitor (JvmPauseMonitor.java:run(188)) - Starting JVM pause monitor
2019-09-27 22:36:45,784 [main] INFO  ozone.HddsDatanodeService (HddsDatanodeService.java:start(184)) - HddsDatanodeService host:pr-hdds-2019-zjk6f-2271287486 ip:192.168.151.84
2019-09-27 22:36:45,785 [Datanode State Machine Thread - 0] INFO  datanode.InitDatanodeState (InitDatanodeState.java:persistContainerDatanodeDetails(140)) - DatanodeDetails is persisted to /workdir/hadoop-ozone/integration-test/target/test-dir/MiniOzoneClusterImpl-6301c58b-4ac9-45bc-bb33-5a7d24acbbd6/datanode-2/meta/datanode.id
2019-09-27 22:36:45,791 [main] INFO  volume.HddsVolume (HddsVolume.java:<init>(176)) - Creating Volume: /workdir/hadoop-ozone/integration-test/target/test-dir/MiniOzoneClusterImpl-6301c58b-4ac9-45bc-bb33-5a7d24acbbd6/datanode-3/data/containers/hdds of  storage type : DISK and capacity : 1482555576320
2019-09-27 22:36:45,791 [main] INFO  volume.VolumeSet (VolumeSet.java:initializeVolumeSet(170)) - Added Volume : /workdir/hadoop-ozone/integration-test/target/test-dir/MiniOzoneClusterImpl-6301c58b-4ac9-45bc-bb33-5a7d24acbbd6/datanode-3/data/containers/hdds to VolumeSet
2019-09-27 22:36:45,791 [main] INFO  volume.ThrottledAsyncChecker (ThrottledAsyncChecker.java:schedule(139)) - Scheduling a check for org.apache.hadoop.ozone.container.common.volume.HddsVolume@46bb0bdf
2019-09-27 22:36:45,792 [main] INFO  volume.HddsVolumeChecker (HddsVolumeChecker.java:checkAllVolumes(202)) - Scheduled health check for volume org.apache.hadoop.ozone.container.common.volume.HddsVolume@46bb0bdf
2019-09-27 22:36:45,805 [main] INFO  impl.RaftServerProxy (ConfUtils.java:logGet(43)) - raft.rpc.type = GRPC (default)
2019-09-27 22:36:45,805 [main] INFO  grpc.GrpcFactory (GrpcFactory.java:checkPooledByteBufAllocatorUseCacheForAllThreads(45)) - PERFORMANCE WARNING: useCacheForAllThreads is true that may cause Netty to create a lot garbage objects and, as a result, trigger GC.
	It is recommended to disable useCacheForAllThreads by setting -Dorg.apache.ratis.thirdparty.io.netty.allocator.useCacheForAllThreads=false in command line.
2019-09-27 22:36:45,806 [main] INFO  grpc.GrpcConfigKeys$Server (ConfUtils.java:logGet(43)) - raft.grpc.server.port = 0 (default)
2019-09-27 22:36:45,806 [main] INFO  server.GrpcService (ConfUtils.java:logGet(43)) - raft.grpc.message.size.max = 33570816 (custom)
2019-09-27 22:36:45,806 [main] INFO  server.RaftServerConfigKeys (ConfUtils.java:logGet(43)) - raft.server.log.appender.buffer.byte-limit = 33554432 (custom)
2019-09-27 22:36:45,806 [main] INFO  server.GrpcService (ConfUtils.java:logGet(43)) - raft.grpc.flow.control.window = 1MB (=1048576) (default)
2019-09-27 22:36:45,806 [main] INFO  server.RaftServerConfigKeys (ConfUtils.java:logGet(43)) - raft.server.rpc.request.timeout = 3000ms (default)
2019-09-27 22:36:45,807 [main] INFO  server.RaftServerConfigKeys (ConfUtils.java:logGet(43)) - raft.server.storage.dir = [/workdir/hadoop-ozone/integration-test/target/test-dir/MiniOzoneClusterImpl-6301c58b-4ac9-45bc-bb33-5a7d24acbbd6/datanode-3/data/ratis] (custom)
2019-09-27 22:36:45,808 [main] INFO  hdfs.DFSUtil (DFSUtil.java:httpServerTemplateForNNAndJN(1641)) - Starting Web-server for hddsDatanode at: http://0.0.0.0:0
2019-09-27 22:36:45,809 [main] INFO  server.AuthenticationFilter (AuthenticationFilter.java:constructSecretProvider(240)) - Unable to initialize FileSignerSecretProvider, falling back to use random secrets.
2019-09-27 22:36:45,809 [main] WARN  http.HttpRequestLog (HttpRequestLog.java:getRequestLog(97)) - Jetty request log can only be enabled using Log4j
2019-09-27 22:36:45,811 [main] INFO  http.HttpServer2 (HttpServer2.java:addGlobalFilter(975)) - Added global filter 'safety' (class=org.apache.hadoop.http.HttpServer2$QuotingInputFilter)
2019-09-27 22:36:45,811 [main] INFO  http.HttpServer2 (HttpServer2.java:addFilter(948)) - Added filter static_user_filter (class=org.apache.hadoop.http.lib.StaticUserWebFilter$StaticUserFilter) to context hddsDatanode
2019-09-27 22:36:45,811 [main] INFO  http.HttpServer2 (HttpServer2.java:addFilter(958)) - Added filter static_user_filter (class=org.apache.hadoop.http.lib.StaticUserWebFilter$StaticUserFilter) to context static
2019-09-27 22:36:45,812 [main] INFO  http.HttpServer2 (HttpServer2.java:addFilter(958)) - Added filter static_user_filter (class=org.apache.hadoop.http.lib.StaticUserWebFilter$StaticUserFilter) to context logs
2019-09-27 22:36:45,812 [main] INFO  http.HttpServer2 (HttpServer2.java:bindListener(1191)) - Jetty bound to port 45941
2019-09-27 22:36:45,812 [main] INFO  server.Server (Server.java:doStart(351)) - jetty-9.3.25.v20180904, build timestamp: 2018-09-04T21:11:46Z, git hash: 3ce520221d0240229c862b122d2b06c12a625732
2019-09-27 22:36:45,814 [main] INFO  handler.ContextHandler (ContextHandler.java:doStart(781)) - Started o.e.j.s.ServletContextHandler@1c3b6963{/logs,file:///workdir/hadoop-ozone/integration-test/target/log,AVAILABLE}
2019-09-27 22:36:45,814 [main] INFO  handler.ContextHandler (ContextHandler.java:doStart(781)) - Started o.e.j.s.ServletContextHandler@55a0f011{/static,jar:file:/home/user/.m2/repository/org/apache/hadoop/hadoop-hdds-container-service/0.5.0-SNAPSHOT/hadoop-hdds-container-service-0.5.0-SNAPSHOT.jar!/webapps/static,AVAILABLE}
2019-09-27 22:36:45,843 [main] INFO  handler.ContextHandler (ContextHandler.java:doStart(781)) - Started o.e.j.w.WebAppContext@6b063470{/,file:///tmp/jetty-0.0.0.0-45941-hddsDatanode-_-any-1942552246535358118.dir/webapp/,AVAILABLE}{/hddsDatanode}
2019-09-27 22:36:45,843 [main] INFO  server.AbstractConnector (AbstractConnector.java:doStart(278)) - Started ServerConnector@226d5af0{HTTP/1.1,[http/1.1]}{0.0.0.0:45941}
2019-09-27 22:36:45,845 [main] INFO  server.Server (Server.java:doStart(419)) - Started @599857ms
2019-09-27 22:36:45,845 [main] WARN  impl.MetricsSystemImpl (MetricsSystemImpl.java:register(276)) - Sink prometheus already exists!
2019-09-27 22:36:45,846 [main] INFO  server.BaseHttpServer (BaseHttpServer.java:updateConnectorAddress(215)) - HTTP server of HDDSDATANODE is listening at http://0.0.0.0:45941
2019-09-27 22:36:45,846 [main] INFO  impl.MetricsSystemImpl (MetricsSystemImpl.java:init(158)) - HddsDatanode metrics system started (again)
2019-09-27 22:36:45,862 [org.apache.hadoop.util.JvmPauseMonitor$Monitor@73c45d8e] INFO  util.JvmPauseMonitor (JvmPauseMonitor.java:run(188)) - Starting JVM pause monitor
2019-09-27 22:36:45,863 [main] INFO  ozone.HddsDatanodeService (HddsDatanodeService.java:start(184)) - HddsDatanodeService host:pr-hdds-2019-zjk6f-2271287486 ip:192.168.151.84
2019-09-27 22:36:45,865 [Datanode State Machine Thread - 0] INFO  datanode.InitDatanodeState (InitDatanodeState.java:persistContainerDatanodeDetails(140)) - DatanodeDetails is persisted to /workdir/hadoop-ozone/integration-test/target/test-dir/MiniOzoneClusterImpl-6301c58b-4ac9-45bc-bb33-5a7d24acbbd6/datanode-3/meta/datanode.id
2019-09-27 22:36:45,873 [main] INFO  volume.HddsVolume (HddsVolume.java:<init>(176)) - Creating Volume: /workdir/hadoop-ozone/integration-test/target/test-dir/MiniOzoneClusterImpl-6301c58b-4ac9-45bc-bb33-5a7d24acbbd6/datanode-4/data/containers/hdds of  storage type : DISK and capacity : 1482555576320
2019-09-27 22:36:45,873 [main] INFO  volume.VolumeSet (VolumeSet.java:initializeVolumeSet(170)) - Added Volume : /workdir/hadoop-ozone/integration-test/target/test-dir/MiniOzoneClusterImpl-6301c58b-4ac9-45bc-bb33-5a7d24acbbd6/datanode-4/data/containers/hdds to VolumeSet
2019-09-27 22:36:45,873 [main] INFO  volume.ThrottledAsyncChecker (ThrottledAsyncChecker.java:schedule(139)) - Scheduling a check for org.apache.hadoop.ozone.container.common.volume.HddsVolume@47187f50
2019-09-27 22:36:45,874 [main] INFO  volume.HddsVolumeChecker (HddsVolumeChecker.java:checkAllVolumes(202)) - Scheduled health check for volume org.apache.hadoop.ozone.container.common.volume.HddsVolume@47187f50
2019-09-27 22:36:45,889 [main] INFO  impl.RaftServerProxy (ConfUtils.java:logGet(43)) - raft.rpc.type = GRPC (default)
2019-09-27 22:36:45,889 [main] INFO  grpc.GrpcFactory (GrpcFactory.java:checkPooledByteBufAllocatorUseCacheForAllThreads(45)) - PERFORMANCE WARNING: useCacheForAllThreads is true that may cause Netty to create a lot garbage objects and, as a result, trigger GC.
	It is recommended to disable useCacheForAllThreads by setting -Dorg.apache.ratis.thirdparty.io.netty.allocator.useCacheForAllThreads=false in command line.
2019-09-27 22:36:45,890 [main] INFO  grpc.GrpcConfigKeys$Server (ConfUtils.java:logGet(43)) - raft.grpc.server.port = 0 (default)
2019-09-27 22:36:45,890 [main] INFO  server.GrpcService (ConfUtils.java:logGet(43)) - raft.grpc.message.size.max = 33570816 (custom)
2019-09-27 22:36:45,890 [main] INFO  server.RaftServerConfigKeys (ConfUtils.java:logGet(43)) - raft.server.log.appender.buffer.byte-limit = 33554432 (custom)
2019-09-27 22:36:45,890 [main] INFO  server.GrpcService (ConfUtils.java:logGet(43)) - raft.grpc.flow.control.window = 1MB (=1048576) (default)
2019-09-27 22:36:45,890 [main] INFO  server.RaftServerConfigKeys (ConfUtils.java:logGet(43)) - raft.server.rpc.request.timeout = 3000ms (default)
2019-09-27 22:36:45,891 [main] INFO  server.RaftServerConfigKeys (ConfUtils.java:logGet(43)) - raft.server.storage.dir = [/workdir/hadoop-ozone/integration-test/target/test-dir/MiniOzoneClusterImpl-6301c58b-4ac9-45bc-bb33-5a7d24acbbd6/datanode-4/data/ratis] (custom)
2019-09-27 22:36:45,892 [main] INFO  hdfs.DFSUtil (DFSUtil.java:httpServerTemplateForNNAndJN(1641)) - Starting Web-server for hddsDatanode at: http://0.0.0.0:0
2019-09-27 22:36:45,894 [main] INFO  server.AuthenticationFilter (AuthenticationFilter.java:constructSecretProvider(240)) - Unable to initialize FileSignerSecretProvider, falling back to use random secrets.
2019-09-27 22:36:45,895 [main] WARN  http.HttpRequestLog (HttpRequestLog.java:getRequestLog(97)) - Jetty request log can only be enabled using Log4j
2019-09-27 22:36:45,896 [main] INFO  http.HttpServer2 (HttpServer2.java:addGlobalFilter(975)) - Added global filter 'safety' (class=org.apache.hadoop.http.HttpServer2$QuotingInputFilter)
2019-09-27 22:36:45,896 [main] INFO  http.HttpServer2 (HttpServer2.java:addFilter(948)) - Added filter static_user_filter (class=org.apache.hadoop.http.lib.StaticUserWebFilter$StaticUserFilter) to context hddsDatanode
2019-09-27 22:36:45,897 [main] INFO  http.HttpServer2 (HttpServer2.java:addFilter(958)) - Added filter static_user_filter (class=org.apache.hadoop.http.lib.StaticUserWebFilter$StaticUserFilter) to context logs
2019-09-27 22:36:45,897 [main] INFO  http.HttpServer2 (HttpServer2.java:addFilter(958)) - Added filter static_user_filter (class=org.apache.hadoop.http.lib.StaticUserWebFilter$StaticUserFilter) to context static
2019-09-27 22:36:45,897 [main] INFO  http.HttpServer2 (HttpServer2.java:bindListener(1191)) - Jetty bound to port 33326
2019-09-27 22:36:45,898 [main] INFO  server.Server (Server.java:doStart(351)) - jetty-9.3.25.v20180904, build timestamp: 2018-09-04T21:11:46Z, git hash: 3ce520221d0240229c862b122d2b06c12a625732
2019-09-27 22:36:45,899 [main] INFO  handler.ContextHandler (ContextHandler.java:doStart(781)) - Started o.e.j.s.ServletContextHandler@256589a1{/logs,file:///workdir/hadoop-ozone/integration-test/target/log,AVAILABLE}
2019-09-27 22:36:45,900 [main] INFO  handler.ContextHandler (ContextHandler.java:doStart(781)) - Started o.e.j.s.ServletContextHandler@9b367c8{/static,jar:file:/home/user/.m2/repository/org/apache/hadoop/hadoop-hdds-container-service/0.5.0-SNAPSHOT/hadoop-hdds-container-service-0.5.0-SNAPSHOT.jar!/webapps/static,AVAILABLE}
2019-09-27 22:36:45,928 [main] INFO  handler.ContextHandler (ContextHandler.java:doStart(781)) - Started o.e.j.w.WebAppContext@6cc48a17{/,file:///tmp/jetty-0.0.0.0-33326-hddsDatanode-_-any-1209754371993149941.dir/webapp/,AVAILABLE}{/hddsDatanode}
2019-09-27 22:36:45,929 [main] INFO  server.AbstractConnector (AbstractConnector.java:doStart(278)) - Started ServerConnector@289f15e9{HTTP/1.1,[http/1.1]}{0.0.0.0:33326}
2019-09-27 22:36:45,929 [main] INFO  server.Server (Server.java:doStart(419)) - Started @599942ms
2019-09-27 22:36:45,930 [main] WARN  impl.MetricsSystemImpl (MetricsSystemImpl.java:register(276)) - Sink prometheus already exists!
2019-09-27 22:36:45,931 [main] INFO  server.BaseHttpServer (BaseHttpServer.java:updateConnectorAddress(215)) - HTTP server of HDDSDATANODE is listening at http://0.0.0.0:33326
2019-09-27 22:36:45,931 [main] INFO  impl.MetricsSystemImpl (MetricsSystemImpl.java:init(158)) - HddsDatanode metrics system started (again)
2019-09-27 22:36:45,938 [org.apache.hadoop.util.JvmPauseMonitor$Monitor@2327f4d7] INFO  util.JvmPauseMonitor (JvmPauseMonitor.java:run(188)) - Starting JVM pause monitor
2019-09-27 22:36:45,939 [main] INFO  ozone.HddsDatanodeService (HddsDatanodeService.java:start(184)) - HddsDatanodeService host:pr-hdds-2019-zjk6f-2271287486 ip:192.168.151.84
2019-09-27 22:36:45,940 [Datanode State Machine Thread - 0] INFO  datanode.InitDatanodeState (InitDatanodeState.java:persistContainerDatanodeDetails(140)) - DatanodeDetails is persisted to /workdir/hadoop-ozone/integration-test/target/test-dir/MiniOzoneClusterImpl-6301c58b-4ac9-45bc-bb33-5a7d24acbbd6/datanode-4/meta/datanode.id
2019-09-27 22:36:45,945 [main] INFO  volume.HddsVolume (HddsVolume.java:<init>(176)) - Creating Volume: /workdir/hadoop-ozone/integration-test/target/test-dir/MiniOzoneClusterImpl-6301c58b-4ac9-45bc-bb33-5a7d24acbbd6/datanode-5/data/containers/hdds of  storage type : DISK and capacity : 1482555576320
2019-09-27 22:36:45,946 [main] INFO  volume.VolumeSet (VolumeSet.java:initializeVolumeSet(170)) - Added Volume : /workdir/hadoop-ozone/integration-test/target/test-dir/MiniOzoneClusterImpl-6301c58b-4ac9-45bc-bb33-5a7d24acbbd6/datanode-5/data/containers/hdds to VolumeSet
2019-09-27 22:36:45,946 [main] INFO  volume.ThrottledAsyncChecker (ThrottledAsyncChecker.java:schedule(139)) - Scheduling a check for org.apache.hadoop.ozone.container.common.volume.HddsVolume@73a845cb
2019-09-27 22:36:45,946 [main] INFO  volume.HddsVolumeChecker (HddsVolumeChecker.java:checkAllVolumes(202)) - Scheduled health check for volume org.apache.hadoop.ozone.container.common.volume.HddsVolume@73a845cb
2019-09-27 22:36:45,961 [main] INFO  impl.RaftServerProxy (ConfUtils.java:logGet(43)) - raft.rpc.type = GRPC (default)
2019-09-27 22:36:45,961 [main] INFO  grpc.GrpcFactory (GrpcFactory.java:checkPooledByteBufAllocatorUseCacheForAllThreads(45)) - PERFORMANCE WARNING: useCacheForAllThreads is true that may cause Netty to create a lot garbage objects and, as a result, trigger GC.
	It is recommended to disable useCacheForAllThreads by setting -Dorg.apache.ratis.thirdparty.io.netty.allocator.useCacheForAllThreads=false in command line.
2019-09-27 22:36:45,961 [main] INFO  grpc.GrpcConfigKeys$Server (ConfUtils.java:logGet(43)) - raft.grpc.server.port = 0 (default)
2019-09-27 22:36:45,962 [main] INFO  server.GrpcService (ConfUtils.java:logGet(43)) - raft.grpc.message.size.max = 33570816 (custom)
2019-09-27 22:36:45,962 [main] INFO  server.RaftServerConfigKeys (ConfUtils.java:logGet(43)) - raft.server.log.appender.buffer.byte-limit = 33554432 (custom)
2019-09-27 22:36:45,962 [main] INFO  server.GrpcService (ConfUtils.java:logGet(43)) - raft.grpc.flow.control.window = 1MB (=1048576) (default)
2019-09-27 22:36:45,962 [main] INFO  server.RaftServerConfigKeys (ConfUtils.java:logGet(43)) - raft.server.rpc.request.timeout = 3000ms (default)
2019-09-27 22:36:45,963 [main] INFO  server.RaftServerConfigKeys (ConfUtils.java:logGet(43)) - raft.server.storage.dir = [/workdir/hadoop-ozone/integration-test/target/test-dir/MiniOzoneClusterImpl-6301c58b-4ac9-45bc-bb33-5a7d24acbbd6/datanode-5/data/ratis] (custom)
2019-09-27 22:36:45,964 [main] INFO  hdfs.DFSUtil (DFSUtil.java:httpServerTemplateForNNAndJN(1641)) - Starting Web-server for hddsDatanode at: http://0.0.0.0:0
2019-09-27 22:36:45,965 [main] INFO  server.AuthenticationFilter (AuthenticationFilter.java:constructSecretProvider(240)) - Unable to initialize FileSignerSecretProvider, falling back to use random secrets.
2019-09-27 22:36:45,966 [main] WARN  http.HttpRequestLog (HttpRequestLog.java:getRequestLog(97)) - Jetty request log can only be enabled using Log4j
2019-09-27 22:36:45,967 [main] INFO  http.HttpServer2 (HttpServer2.java:addGlobalFilter(975)) - Added global filter 'safety' (class=org.apache.hadoop.http.HttpServer2$QuotingInputFilter)
2019-09-27 22:36:45,968 [main] INFO  http.HttpServer2 (HttpServer2.java:addFilter(948)) - Added filter static_user_filter (class=org.apache.hadoop.http.lib.StaticUserWebFilter$StaticUserFilter) to context hddsDatanode
2019-09-27 22:36:45,968 [main] INFO  http.HttpServer2 (HttpServer2.java:addFilter(958)) - Added filter static_user_filter (class=org.apache.hadoop.http.lib.StaticUserWebFilter$StaticUserFilter) to context logs
2019-09-27 22:36:45,968 [main] INFO  http.HttpServer2 (HttpServer2.java:addFilter(958)) - Added filter static_user_filter (class=org.apache.hadoop.http.lib.StaticUserWebFilter$StaticUserFilter) to context static
2019-09-27 22:36:45,969 [main] INFO  http.HttpServer2 (HttpServer2.java:bindListener(1191)) - Jetty bound to port 35789
2019-09-27 22:36:45,969 [main] INFO  server.Server (Server.java:doStart(351)) - jetty-9.3.25.v20180904, build timestamp: 2018-09-04T21:11:46Z, git hash: 3ce520221d0240229c862b122d2b06c12a625732
2019-09-27 22:36:45,971 [main] INFO  handler.ContextHandler (ContextHandler.java:doStart(781)) - Started o.e.j.s.ServletContextHandler@2ab09943{/logs,file:///workdir/hadoop-ozone/integration-test/target/log,AVAILABLE}
2019-09-27 22:36:45,971 [main] INFO  handler.ContextHandler (ContextHandler.java:doStart(781)) - Started o.e.j.s.ServletContextHandler@5864e8bf{/static,jar:file:/home/user/.m2/repository/org/apache/hadoop/hadoop-hdds-container-service/0.5.0-SNAPSHOT/hadoop-hdds-container-service-0.5.0-SNAPSHOT.jar!/webapps/static,AVAILABLE}
2019-09-27 22:36:45,999 [main] INFO  handler.ContextHandler (ContextHandler.java:doStart(781)) - Started o.e.j.w.WebAppContext@621f23ac{/,file:///tmp/jetty-0.0.0.0-35789-hddsDatanode-_-any-4997208574102781327.dir/webapp/,AVAILABLE}{/hddsDatanode}
2019-09-27 22:36:45,999 [main] INFO  server.AbstractConnector (AbstractConnector.java:doStart(278)) - Started ServerConnector@7761e342{HTTP/1.1,[http/1.1]}{0.0.0.0:35789}
2019-09-27 22:36:46,001 [main] INFO  server.Server (Server.java:doStart(419)) - Started @600014ms
2019-09-27 22:36:46,001 [main] WARN  impl.MetricsSystemImpl (MetricsSystemImpl.java:register(276)) - Sink prometheus already exists!
2019-09-27 22:36:46,002 [main] INFO  server.BaseHttpServer (BaseHttpServer.java:updateConnectorAddress(215)) - HTTP server of HDDSDATANODE is listening at http://0.0.0.0:35789
2019-09-27 22:36:46,002 [main] INFO  impl.MetricsSystemImpl (MetricsSystemImpl.java:init(158)) - HddsDatanode metrics system started (again)
2019-09-27 22:36:46,007 [org.apache.hadoop.util.JvmPauseMonitor$Monitor@2951c64f] INFO  util.JvmPauseMonitor (JvmPauseMonitor.java:run(188)) - Starting JVM pause monitor
2019-09-27 22:36:46,008 [main] INFO  ozone.HddsDatanodeService (HddsDatanodeService.java:start(184)) - HddsDatanodeService host:pr-hdds-2019-zjk6f-2271287486 ip:192.168.151.84
2019-09-27 22:36:46,009 [Datanode State Machine Thread - 0] INFO  datanode.InitDatanodeState (InitDatanodeState.java:persistContainerDatanodeDetails(140)) - DatanodeDetails is persisted to /workdir/hadoop-ozone/integration-test/target/test-dir/MiniOzoneClusterImpl-6301c58b-4ac9-45bc-bb33-5a7d24acbbd6/datanode-5/meta/datanode.id
2019-09-27 22:36:46,014 [main] INFO  volume.HddsVolume (HddsVolume.java:<init>(176)) - Creating Volume: /workdir/hadoop-ozone/integration-test/target/test-dir/MiniOzoneClusterImpl-6301c58b-4ac9-45bc-bb33-5a7d24acbbd6/datanode-6/data/containers/hdds of  storage type : DISK and capacity : 1482555576320
2019-09-27 22:36:46,014 [main] INFO  volume.VolumeSet (VolumeSet.java:initializeVolumeSet(170)) - Added Volume : /workdir/hadoop-ozone/integration-test/target/test-dir/MiniOzoneClusterImpl-6301c58b-4ac9-45bc-bb33-5a7d24acbbd6/datanode-6/data/containers/hdds to VolumeSet
2019-09-27 22:36:46,015 [main] INFO  volume.ThrottledAsyncChecker (ThrottledAsyncChecker.java:schedule(139)) - Scheduling a check for org.apache.hadoop.ozone.container.common.volume.HddsVolume@3f68a7f8
2019-09-27 22:36:46,015 [main] INFO  volume.HddsVolumeChecker (HddsVolumeChecker.java:checkAllVolumes(202)) - Scheduled health check for volume org.apache.hadoop.ozone.container.common.volume.HddsVolume@3f68a7f8
2019-09-27 22:36:46,035 [main] INFO  impl.RaftServerProxy (ConfUtils.java:logGet(43)) - raft.rpc.type = GRPC (default)
2019-09-27 22:36:46,036 [main] INFO  grpc.GrpcFactory (GrpcFactory.java:checkPooledByteBufAllocatorUseCacheForAllThreads(45)) - PERFORMANCE WARNING: useCacheForAllThreads is true that may cause Netty to create a lot garbage objects and, as a result, trigger GC.
	It is recommended to disable useCacheForAllThreads by setting -Dorg.apache.ratis.thirdparty.io.netty.allocator.useCacheForAllThreads=false in command line.
2019-09-27 22:36:46,036 [main] INFO  grpc.GrpcConfigKeys$Server (ConfUtils.java:logGet(43)) - raft.grpc.server.port = 0 (default)
2019-09-27 22:36:46,036 [main] INFO  server.GrpcService (ConfUtils.java:logGet(43)) - raft.grpc.message.size.max = 33570816 (custom)
2019-09-27 22:36:46,036 [main] INFO  server.RaftServerConfigKeys (ConfUtils.java:logGet(43)) - raft.server.log.appender.buffer.byte-limit = 33554432 (custom)
2019-09-27 22:36:46,037 [main] INFO  server.GrpcService (ConfUtils.java:logGet(43)) - raft.grpc.flow.control.window = 1MB (=1048576) (default)
2019-09-27 22:36:46,037 [main] INFO  server.RaftServerConfigKeys (ConfUtils.java:logGet(43)) - raft.server.rpc.request.timeout = 3000ms (default)
2019-09-27 22:36:46,038 [main] INFO  server.RaftServerConfigKeys (ConfUtils.java:logGet(43)) - raft.server.storage.dir = [/workdir/hadoop-ozone/integration-test/target/test-dir/MiniOzoneClusterImpl-6301c58b-4ac9-45bc-bb33-5a7d24acbbd6/datanode-6/data/ratis] (custom)
2019-09-27 22:36:46,039 [main] INFO  hdfs.DFSUtil (DFSUtil.java:httpServerTemplateForNNAndJN(1641)) - Starting Web-server for hddsDatanode at: http://0.0.0.0:0
2019-09-27 22:36:46,040 [main] INFO  server.AuthenticationFilter (AuthenticationFilter.java:constructSecretProvider(240)) - Unable to initialize FileSignerSecretProvider, falling back to use random secrets.
2019-09-27 22:36:46,041 [main] WARN  http.HttpRequestLog (HttpRequestLog.java:getRequestLog(97)) - Jetty request log can only be enabled using Log4j
2019-09-27 22:36:46,043 [main] INFO  http.HttpServer2 (HttpServer2.java:addGlobalFilter(975)) - Added global filter 'safety' (class=org.apache.hadoop.http.HttpServer2$QuotingInputFilter)
2019-09-27 22:36:46,043 [main] INFO  http.HttpServer2 (HttpServer2.java:addFilter(948)) - Added filter static_user_filter (class=org.apache.hadoop.http.lib.StaticUserWebFilter$StaticUserFilter) to context hddsDatanode
2019-09-27 22:36:46,043 [main] INFO  http.HttpServer2 (HttpServer2.java:addFilter(958)) - Added filter static_user_filter (class=org.apache.hadoop.http.lib.StaticUserWebFilter$StaticUserFilter) to context logs
2019-09-27 22:36:46,044 [main] INFO  http.HttpServer2 (HttpServer2.java:addFilter(958)) - Added filter static_user_filter (class=org.apache.hadoop.http.lib.StaticUserWebFilter$StaticUserFilter) to context static
2019-09-27 22:36:46,044 [main] INFO  http.HttpServer2 (HttpServer2.java:bindListener(1191)) - Jetty bound to port 35800
2019-09-27 22:36:46,044 [main] INFO  server.Server (Server.java:doStart(351)) - jetty-9.3.25.v20180904, build timestamp: 2018-09-04T21:11:46Z, git hash: 3ce520221d0240229c862b122d2b06c12a625732
2019-09-27 22:36:46,046 [main] INFO  handler.ContextHandler (ContextHandler.java:doStart(781)) - Started o.e.j.s.ServletContextHandler@73e1ecd0{/logs,file:///workdir/hadoop-ozone/integration-test/target/log,AVAILABLE}
2019-09-27 22:36:46,047 [main] INFO  handler.ContextHandler (ContextHandler.java:doStart(781)) - Started o.e.j.s.ServletContextHandler@65600fb3{/static,jar:file:/home/user/.m2/repository/org/apache/hadoop/hadoop-hdds-container-service/0.5.0-SNAPSHOT/hadoop-hdds-container-service-0.5.0-SNAPSHOT.jar!/webapps/static,AVAILABLE}
2019-09-27 22:36:46,074 [main] INFO  handler.ContextHandler (ContextHandler.java:doStart(781)) - Started o.e.j.w.WebAppContext@4c635edc{/,file:///tmp/jetty-0.0.0.0-35800-hddsDatanode-_-any-8104689171356175114.dir/webapp/,AVAILABLE}{/hddsDatanode}
2019-09-27 22:36:46,074 [main] INFO  server.AbstractConnector (AbstractConnector.java:doStart(278)) - Started ServerConnector@4245bf68{HTTP/1.1,[http/1.1]}{0.0.0.0:35800}
2019-09-27 22:36:46,075 [main] INFO  server.Server (Server.java:doStart(419)) - Started @600088ms
2019-09-27 22:36:46,084 [main] WARN  impl.MetricsSystemImpl (MetricsSystemImpl.java:register(276)) - Sink prometheus already exists!
2019-09-27 22:36:46,085 [main] INFO  server.BaseHttpServer (BaseHttpServer.java:updateConnectorAddress(215)) - HTTP server of HDDSDATANODE is listening at http://0.0.0.0:35800
2019-09-27 22:36:46,085 [main] INFO  ozone.MiniOzoneClusterImpl (MiniOzoneClusterImpl.java:lambda$waitForClusterToBeReady$0(147)) - Waiting for cluster to be ready. Got 0 of 7 DN Heartbeats.
2019-09-27 22:36:46,087 [org.apache.hadoop.util.JvmPauseMonitor$Monitor@78fdf655] INFO  util.JvmPauseMonitor (JvmPauseMonitor.java:run(188)) - Starting JVM pause monitor
2019-09-27 22:36:46,088 [Datanode State Machine Thread - 0] INFO  datanode.InitDatanodeState (InitDatanodeState.java:persistContainerDatanodeDetails(140)) - DatanodeDetails is persisted to /workdir/hadoop-ozone/integration-test/target/test-dir/MiniOzoneClusterImpl-6301c58b-4ac9-45bc-bb33-5a7d24acbbd6/datanode-6/meta/datanode.id
2019-09-27 22:36:47,086 [main] INFO  ozone.MiniOzoneClusterImpl (MiniOzoneClusterImpl.java:lambda$waitForClusterToBeReady$0(147)) - Waiting for cluster to be ready. Got 0 of 7 DN Heartbeats.
2019-09-27 22:36:47,659 [Datanode State Machine Thread - 0] INFO  ozoneimpl.OzoneContainer (OzoneContainer.java:start(217)) - Attempting to start container services.
2019-09-27 22:36:47,659 [Datanode State Machine Thread - 0] INFO  ozoneimpl.OzoneContainer (OzoneContainer.java:startContainerScrub(179)) - Background container scanner has been disabled.
2019-09-27 22:36:47,660 [Datanode State Machine Thread - 0] INFO  ratis.XceiverServerRatis (XceiverServerRatis.java:start(411)) - Starting XceiverServerRatis e604bea6-ce93-4a71-8c7f-2b360e024367 at port 0
2019-09-27 22:36:47,666 [Datanode State Machine Thread - 0] INFO  impl.RaftServerProxy (RaftServerProxy.java:lambda$start$3(299)) - e604bea6-ce93-4a71-8c7f-2b360e024367: start RPC server
2019-09-27 22:36:47,668 [Datanode State Machine Thread - 0] INFO  server.GrpcService (GrpcService.java:startImpl(158)) - e604bea6-ce93-4a71-8c7f-2b360e024367: GrpcService started, listening on 0.0.0.0/0.0.0.0:42472
2019-09-27 22:36:47,668 [Datanode State Machine Thread - 0] INFO  ratis.XceiverServerRatis (XceiverServerRatis.java:start(421)) - XceiverServerRatis e604bea6-ce93-4a71-8c7f-2b360e024367 is started using port 42472
2019-09-27 22:36:47,669 [Datanode State Machine Thread - 0] INFO  server.XceiverServerGrpc (XceiverServerGrpc.java:start(149)) - XceiverServerGrpc e604bea6-ce93-4a71-8c7f-2b360e024367 is started using port 38943
2019-09-27 22:36:47,715 [Datanode State Machine Thread - 0] INFO  ozoneimpl.OzoneContainer (OzoneContainer.java:start(217)) - Attempting to start container services.
2019-09-27 22:36:47,715 [Datanode State Machine Thread - 0] INFO  ozoneimpl.OzoneContainer (OzoneContainer.java:startContainerScrub(179)) - Background container scanner has been disabled.
2019-09-27 22:36:47,715 [Datanode State Machine Thread - 0] INFO  ratis.XceiverServerRatis (XceiverServerRatis.java:start(411)) - Starting XceiverServerRatis b54e9bbc-bb9e-442d-a038-28a1f4c684be at port 0
2019-09-27 22:36:47,724 [Datanode State Machine Thread - 0] INFO  impl.RaftServerProxy (RaftServerProxy.java:lambda$start$3(299)) - b54e9bbc-bb9e-442d-a038-28a1f4c684be: start RPC server
2019-09-27 22:36:47,727 [Datanode State Machine Thread - 0] INFO  server.GrpcService (GrpcService.java:startImpl(158)) - b54e9bbc-bb9e-442d-a038-28a1f4c684be: GrpcService started, listening on 0.0.0.0/0.0.0.0:41910
2019-09-27 22:36:47,727 [Datanode State Machine Thread - 0] INFO  ratis.XceiverServerRatis (XceiverServerRatis.java:start(421)) - XceiverServerRatis b54e9bbc-bb9e-442d-a038-28a1f4c684be is started using port 41910
2019-09-27 22:36:47,727 [Datanode State Machine Thread - 0] INFO  server.XceiverServerGrpc (XceiverServerGrpc.java:start(149)) - XceiverServerGrpc b54e9bbc-bb9e-442d-a038-28a1f4c684be is started using port 46016
2019-09-27 22:36:47,798 [Datanode State Machine Thread - 0] INFO  ozoneimpl.OzoneContainer (OzoneContainer.java:start(217)) - Attempting to start container services.
2019-09-27 22:36:47,798 [Datanode State Machine Thread - 0] INFO  ozoneimpl.OzoneContainer (OzoneContainer.java:startContainerScrub(179)) - Background container scanner has been disabled.
2019-09-27 22:36:47,798 [Datanode State Machine Thread - 0] INFO  ratis.XceiverServerRatis (XceiverServerRatis.java:start(411)) - Starting XceiverServerRatis a2745f55-569e-4cc9-94ac-292e693a8958 at port 0
2019-09-27 22:36:47,805 [Datanode State Machine Thread - 0] INFO  impl.RaftServerProxy (RaftServerProxy.java:lambda$start$3(299)) - a2745f55-569e-4cc9-94ac-292e693a8958: start RPC server
2019-09-27 22:36:47,807 [Datanode State Machine Thread - 0] INFO  server.GrpcService (GrpcService.java:startImpl(158)) - a2745f55-569e-4cc9-94ac-292e693a8958: GrpcService started, listening on 0.0.0.0/0.0.0.0:39018
2019-09-27 22:36:47,808 [Datanode State Machine Thread - 0] INFO  ratis.XceiverServerRatis (XceiverServerRatis.java:start(421)) - XceiverServerRatis a2745f55-569e-4cc9-94ac-292e693a8958 is started using port 39018
2019-09-27 22:36:47,808 [Datanode State Machine Thread - 0] INFO  server.XceiverServerGrpc (XceiverServerGrpc.java:start(149)) - XceiverServerGrpc a2745f55-569e-4cc9-94ac-292e693a8958 is started using port 33792
2019-09-27 22:36:47,876 [Datanode State Machine Thread - 0] INFO  ozoneimpl.OzoneContainer (OzoneContainer.java:start(217)) - Attempting to start container services.
2019-09-27 22:36:47,876 [Datanode State Machine Thread - 0] INFO  ozoneimpl.OzoneContainer (OzoneContainer.java:startContainerScrub(179)) - Background container scanner has been disabled.
2019-09-27 22:36:47,876 [Datanode State Machine Thread - 0] INFO  ratis.XceiverServerRatis (XceiverServerRatis.java:start(411)) - Starting XceiverServerRatis 794cf556-ac59-4769-9140-89bf84b53f53 at port 0
2019-09-27 22:36:47,882 [Datanode State Machine Thread - 0] INFO  impl.RaftServerProxy (RaftServerProxy.java:lambda$start$3(299)) - 794cf556-ac59-4769-9140-89bf84b53f53: start RPC server
2019-09-27 22:36:47,883 [Datanode State Machine Thread - 0] INFO  server.GrpcService (GrpcService.java:startImpl(158)) - 794cf556-ac59-4769-9140-89bf84b53f53: GrpcService started, listening on 0.0.0.0/0.0.0.0:32956
2019-09-27 22:36:47,883 [Datanode State Machine Thread - 0] INFO  ratis.XceiverServerRatis (XceiverServerRatis.java:start(421)) - XceiverServerRatis 794cf556-ac59-4769-9140-89bf84b53f53 is started using port 32956
2019-09-27 22:36:47,884 [Datanode State Machine Thread - 0] INFO  server.XceiverServerGrpc (XceiverServerGrpc.java:start(149)) - XceiverServerGrpc 794cf556-ac59-4769-9140-89bf84b53f53 is started using port 43516
2019-09-27 22:36:47,953 [Datanode State Machine Thread - 0] INFO  ozoneimpl.OzoneContainer (OzoneContainer.java:start(217)) - Attempting to start container services.
2019-09-27 22:36:47,954 [Datanode State Machine Thread - 0] INFO  ozoneimpl.OzoneContainer (OzoneContainer.java:startContainerScrub(179)) - Background container scanner has been disabled.
2019-09-27 22:36:47,954 [Datanode State Machine Thread - 0] INFO  ratis.XceiverServerRatis (XceiverServerRatis.java:start(411)) - Starting XceiverServerRatis f92c8218-5cc6-41a8-ba7f-0ea4b1b7a760 at port 0
2019-09-27 22:36:47,962 [Datanode State Machine Thread - 0] INFO  impl.RaftServerProxy (RaftServerProxy.java:lambda$start$3(299)) - f92c8218-5cc6-41a8-ba7f-0ea4b1b7a760: start RPC server
2019-09-27 22:36:47,963 [Datanode State Machine Thread - 0] INFO  server.GrpcService (GrpcService.java:startImpl(158)) - f92c8218-5cc6-41a8-ba7f-0ea4b1b7a760: GrpcService started, listening on 0.0.0.0/0.0.0.0:42688
2019-09-27 22:36:47,963 [Datanode State Machine Thread - 0] INFO  ratis.XceiverServerRatis (XceiverServerRatis.java:start(421)) - XceiverServerRatis f92c8218-5cc6-41a8-ba7f-0ea4b1b7a760 is started using port 42688
2019-09-27 22:36:47,972 [Datanode State Machine Thread - 0] INFO  server.XceiverServerGrpc (XceiverServerGrpc.java:start(149)) - XceiverServerGrpc f92c8218-5cc6-41a8-ba7f-0ea4b1b7a760 is started using port 36297
2019-09-27 22:36:48,021 [Datanode State Machine Thread - 0] INFO  ozoneimpl.OzoneContainer (OzoneContainer.java:start(217)) - Attempting to start container services.
2019-09-27 22:36:48,021 [Datanode State Machine Thread - 0] INFO  ozoneimpl.OzoneContainer (OzoneContainer.java:startContainerScrub(179)) - Background container scanner has been disabled.
2019-09-27 22:36:48,021 [Datanode State Machine Thread - 0] INFO  ratis.XceiverServerRatis (XceiverServerRatis.java:start(411)) - Starting XceiverServerRatis 3fd0793e-5fae-4540-8845-888b9218eff5 at port 0
2019-09-27 22:36:48,029 [Datanode State Machine Thread - 0] INFO  impl.RaftServerProxy (RaftServerProxy.java:lambda$start$3(299)) - 3fd0793e-5fae-4540-8845-888b9218eff5: start RPC server
2019-09-27 22:36:48,032 [Datanode State Machine Thread - 0] INFO  server.GrpcService (GrpcService.java:startImpl(158)) - 3fd0793e-5fae-4540-8845-888b9218eff5: GrpcService started, listening on 0.0.0.0/0.0.0.0:46520
2019-09-27 22:36:48,032 [Datanode State Machine Thread - 0] INFO  ratis.XceiverServerRatis (XceiverServerRatis.java:start(421)) - XceiverServerRatis 3fd0793e-5fae-4540-8845-888b9218eff5 is started using port 46520
2019-09-27 22:36:48,032 [Datanode State Machine Thread - 0] INFO  server.XceiverServerGrpc (XceiverServerGrpc.java:start(149)) - XceiverServerGrpc 3fd0793e-5fae-4540-8845-888b9218eff5 is started using port 34055
2019-09-27 22:36:48,087 [main] INFO  ozone.MiniOzoneClusterImpl (MiniOzoneClusterImpl.java:lambda$waitForClusterToBeReady$0(147)) - Waiting for cluster to be ready. Got 0 of 7 DN Heartbeats.
2019-09-27 22:36:48,101 [Datanode State Machine Thread - 0] INFO  ozoneimpl.OzoneContainer (OzoneContainer.java:start(217)) - Attempting to start container services.
2019-09-27 22:36:48,101 [Datanode State Machine Thread - 0] INFO  ozoneimpl.OzoneContainer (OzoneContainer.java:startContainerScrub(179)) - Background container scanner has been disabled.
2019-09-27 22:36:48,101 [Datanode State Machine Thread - 0] INFO  ratis.XceiverServerRatis (XceiverServerRatis.java:start(411)) - Starting XceiverServerRatis 05873f83-2d70-453d-9ca0-1cf68bd9743c at port 0
2019-09-27 22:36:48,108 [Datanode State Machine Thread - 0] INFO  impl.RaftServerProxy (RaftServerProxy.java:lambda$start$3(299)) - 05873f83-2d70-453d-9ca0-1cf68bd9743c: start RPC server
2019-09-27 22:36:48,108 [Datanode State Machine Thread - 0] INFO  server.GrpcService (GrpcService.java:startImpl(158)) - 05873f83-2d70-453d-9ca0-1cf68bd9743c: GrpcService started, listening on 0.0.0.0/0.0.0.0:46697
2019-09-27 22:36:48,108 [Datanode State Machine Thread - 0] INFO  ratis.XceiverServerRatis (XceiverServerRatis.java:start(421)) - XceiverServerRatis 05873f83-2d70-453d-9ca0-1cf68bd9743c is started using port 46697
2019-09-27 22:36:48,112 [Datanode State Machine Thread - 0] INFO  server.XceiverServerGrpc (XceiverServerGrpc.java:start(149)) - XceiverServerGrpc 05873f83-2d70-453d-9ca0-1cf68bd9743c is started using port 33572
2019-09-27 22:36:49,089 [main] INFO  ozone.MiniOzoneClusterImpl (MiniOzoneClusterImpl.java:lambda$waitForClusterToBeReady$0(147)) - Waiting for cluster to be ready. Got 0 of 7 DN Heartbeats.
2019-09-27 22:36:49,644 [IPC Server handler 0 on 39409] INFO  net.NetworkTopology (NetworkTopologyImpl.java:add(111)) - Added a new node: /default-rack/e604bea6-ce93-4a71-8c7f-2b360e024367
2019-09-27 22:36:49,647 [IPC Server handler 0 on 39409] INFO  node.SCMNodeManager (SCMNodeManager.java:register(266)) - Registered Data node : e604bea6-ce93-4a71-8c7f-2b360e024367{ip: 192.168.151.84, host: pr-hdds-2019-zjk6f-2271287486, networkLocation: /default-rack, certSerialId: null}
2019-09-27 22:36:49,648 [EventQueue-NodeRegistrationContainerReportForDataNodeSafeModeRule] INFO  safemode.SCMSafeModeManager (DataNodeSafeModeRule.java:process(71)) - SCM in safe mode. 1 DataNodes registered, 1 required.
2019-09-27 22:36:49,651 [EventQueue-NodeRegistrationContainerReportForDataNodeSafeModeRule] INFO  safemode.SCMSafeModeManager (SCMSafeModeManager.java:validateSafeModeExitRules(177)) - ScmSafeModeManager, all rules are successfully validated
2019-09-27 22:36:49,651 [EventQueue-NodeRegistrationContainerReportForDataNodeSafeModeRule] INFO  safemode.SCMSafeModeManager (SCMSafeModeManager.java:exitSafeMode(193)) - SCM exiting safe mode.
2019-09-27 22:36:49,665 [grpc-default-executor-9] INFO  impl.RaftServerProxy (RaftServerProxy.java:addNew(89)) - e604bea6-ce93-4a71-8c7f-2b360e024367: addNew group-C63CEC06F46F:[e604bea6-ce93-4a71-8c7f-2b360e024367:192.168.151.84:42472] returns group-C63CEC06F46F:java.util.concurrent.CompletableFuture@777fe010[Not completed]
2019-09-27 22:36:49,668 [pool-409-thread-1] INFO  impl.RaftServerImpl (RaftServerImpl.java:<init>(95)) - e604bea6-ce93-4a71-8c7f-2b360e024367: new RaftServerImpl for group-C63CEC06F46F:[e604bea6-ce93-4a71-8c7f-2b360e024367:192.168.151.84:42472] with ContainerStateMachine:uninitialized
2019-09-27 22:36:49,668 [pool-409-thread-1] INFO  server.RaftServerConfigKeys (ConfUtils.java:logGet(43)) - raft.server.rpc.timeout.min = 5s (custom)
2019-09-27 22:36:49,668 [pool-409-thread-1] INFO  server.RaftServerConfigKeys (ConfUtils.java:logGet(43)) - raft.server.rpc.timeout.max = 5200ms (custom)
2019-09-27 22:36:49,668 [pool-409-thread-1] INFO  server.RaftServerConfigKeys (ConfUtils.java:logGet(43)) - raft.server.rpcslowness.timeout = 120s (custom)
2019-09-27 22:36:49,668 [pool-409-thread-1] INFO  server.RaftServerConfigKeys (ConfUtils.java:logGet(43)) - raft.server.sleep.deviation.threshold = 300 (default)
2019-09-27 22:36:49,669 [pool-409-thread-1] INFO  server.RaftServerConfigKeys (ConfUtils.java:logGet(43)) - raft.server.log.appender.install.snapshot.enabled = false (custom)
2019-09-27 22:36:49,669 [pool-409-thread-1] INFO  impl.RaftServerImpl (ServerState.java:<init>(103)) - e604bea6-ce93-4a71-8c7f-2b360e024367@group-C63CEC06F46F: ConfigurationManager, init=-1: [e604bea6-ce93-4a71-8c7f-2b360e024367:192.168.151.84:42472], old=null, confs=<EMPTY_MAP>
2019-09-27 22:36:49,669 [pool-409-thread-1] INFO  server.RaftServerConfigKeys (ConfUtils.java:logGet(43)) - raft.server.storage.dir = [/workdir/hadoop-ozone/integration-test/target/test-dir/MiniOzoneClusterImpl-6301c58b-4ac9-45bc-bb33-5a7d24acbbd6/datanode-0/data/ratis] (custom)
2019-09-27 22:36:49,670 [pool-409-thread-1] INFO  storage.RaftStorageDirectory (RaftStorageDirectory.java:analyzeStorage(246)) - The storage directory /workdir/hadoop-ozone/integration-test/target/test-dir/MiniOzoneClusterImpl-6301c58b-4ac9-45bc-bb33-5a7d24acbbd6/datanode-0/data/ratis/40260125-1313-47d7-8219-c63cec06f46f does not exist. Creating ...
2019-09-27 22:36:49,683 [pool-409-thread-1] INFO  storage.RaftStorageDirectory (RaftStorageDirectory.java:tryLock(328)) - Lock on /workdir/hadoop-ozone/integration-test/target/test-dir/MiniOzoneClusterImpl-6301c58b-4ac9-45bc-bb33-5a7d24acbbd6/datanode-0/data/ratis/40260125-1313-47d7-8219-c63cec06f46f/in_use.lock acquired by nodename 22539@pr-hdds-2019-zjk6f-2271287486
2019-09-27 22:36:49,696 [pool-409-thread-1] INFO  storage.RaftStorage (RaftStorage.java:format(72)) - Storage directory /workdir/hadoop-ozone/integration-test/target/test-dir/MiniOzoneClusterImpl-6301c58b-4ac9-45bc-bb33-5a7d24acbbd6/datanode-0/data/ratis/40260125-1313-47d7-8219-c63cec06f46f has been successfully formatted.
2019-09-27 22:36:49,696 [pool-409-thread-1] INFO  ratis.ContainerStateMachine (ContainerStateMachine.java:loadSnapshot(230)) - group-C63CEC06F46F: The snapshot info is null. Setting the last applied indexto:(t:0, i:~)
2019-09-27 22:36:49,697 [pool-409-thread-1] INFO  server.RaftServerConfigKeys (ConfUtils.java:logGet(43)) - raft.server.notification.no-leader.timeout = 120s (custom)
2019-09-27 22:36:49,697 [pool-409-thread-1] INFO  server.RaftServerConfigKeys (ConfUtils.java:logGet(43)) - raft.server.log.use.memory = false (default)
2019-09-27 22:36:49,697 [pool-409-thread-1] INFO  server.RaftServerConfigKeys (ConfUtils.java:logGet(43)) - raft.server.log.purge.gap = 1000000 (custom)
2019-09-27 22:36:49,697 [pool-409-thread-1] INFO  server.RaftServerConfigKeys (ConfUtils.java:logGet(43)) - raft.server.log.appender.buffer.byte-limit = 33554432 (custom)
2019-09-27 22:36:49,697 [pool-409-thread-1] INFO  server.RaftServerConfigKeys (ConfUtils.java:logGet(43)) - raft.server.log.segment.size.max = 1048576 (custom)
2019-09-27 22:36:49,697 [pool-409-thread-1] INFO  server.RaftServerConfigKeys (ConfUtils.java:logGet(43)) - raft.server.log.segment.cache.num.max = 2 (custom)
2019-09-27 22:36:49,698 [pool-409-thread-1] INFO  segmented.SegmentedRaftLogWorker (SegmentedRaftLogWorker.java:<init>(172)) - new e604bea6-ce93-4a71-8c7f-2b360e024367@group-C63CEC06F46F-SegmentedRaftLogWorker for RaftStorage:Storage Directory /workdir/hadoop-ozone/integration-test/target/test-dir/MiniOzoneClusterImpl-6301c58b-4ac9-45bc-bb33-5a7d24acbbd6/datanode-0/data/ratis/40260125-1313-47d7-8219-c63cec06f46f
2019-09-27 22:36:49,700 [pool-409-thread-1] INFO  server.RaftServerConfigKeys (ConfUtils.java:logGet(43)) - raft.server.log.queue.byte-limit = 2147483647 (custom)
2019-09-27 22:36:49,700 [pool-409-thread-1] INFO  server.RaftServerConfigKeys (ConfUtils.java:logGet(43)) - raft.server.log.queue.element-limit = 1024 (custom)
2019-09-27 22:36:49,700 [pool-409-thread-1] INFO  server.RaftServerConfigKeys (ConfUtils.java:logGet(43)) - raft.server.log.segment.size.max = 1048576 (custom)
2019-09-27 22:36:49,700 [pool-409-thread-1] INFO  server.RaftServerConfigKeys (ConfUtils.java:logGet(43)) - raft.server.log.preallocated.size = 16384 (custom)
2019-09-27 22:36:49,700 [pool-409-thread-1] INFO  server.RaftServerConfigKeys (ConfUtils.java:logGet(43)) - raft.server.log.write.buffer.size = 33554432 (custom)
2019-09-27 22:36:49,700 [pool-409-thread-1] INFO  server.RaftServerConfigKeys (ConfUtils.java:logGet(43)) - raft.server.log.force.sync.num = 128 (default)
2019-09-27 22:36:49,701 [pool-409-thread-1] INFO  server.RaftServerConfigKeys (ConfUtils.java:logGet(43)) - raft.server.log.statemachine.data.sync = true (default)
2019-09-27 22:36:49,701 [pool-409-thread-1] INFO  server.RaftServerConfigKeys (ConfUtils.java:logGet(43)) - raft.server.log.statemachine.data.sync.timeout = 10s (default)
2019-09-27 22:36:49,701 [IPC Server handler 5 on 39409] INFO  net.NetworkTopology (NetworkTopologyImpl.java:add(111)) - Added a new node: /default-rack/b54e9bbc-bb9e-442d-a038-28a1f4c684be
2019-09-27 22:36:49,701 [pool-409-thread-1] INFO  server.RaftServerConfigKeys (ConfUtils.java:logGet(43)) - raft.server.log.statemachine.data.sync.timeout.retry = -1 (default)
2019-09-27 22:36:49,701 [IPC Server handler 5 on 39409] INFO  node.SCMNodeManager (SCMNodeManager.java:register(266)) - Registered Data node : b54e9bbc-bb9e-442d-a038-28a1f4c684be{ip: 192.168.151.84, host: pr-hdds-2019-zjk6f-2271287486, networkLocation: /default-rack, certSerialId: null}
2019-09-27 22:36:49,701 [pool-409-thread-1] INFO  server.RaftServerConfigKeys (ConfUtils.java:logGet(43)) - raft.server.log.statemachine.data.caching.enabled = true (custom)
2019-09-27 22:36:49,702 [pool-409-thread-1] INFO  segmented.SegmentedRaftLogWorker (SegmentedRaftLogWorker.java:lambda$new$0(132)) - e604bea6-ce93-4a71-8c7f-2b360e024367@group-C63CEC06F46F-SegmentedRaftLogWorker: flushIndex: setUnconditionally 0 -> -1
2019-09-27 22:36:49,702 [pool-409-thread-1] INFO  server.RaftServerConfigKeys (ConfUtils.java:logGet(43)) - raft.server.snapshot.auto.trigger.enabled = true (custom)
2019-09-27 22:36:49,702 [pool-409-thread-1] INFO  server.RaftServerConfigKeys (ConfUtils.java:logGet(43)) - raft.server.snapshot.auto.trigger.threshold = 10000 (custom)
2019-09-27 22:36:49,702 [pool-409-thread-1] INFO  server.RaftServerConfigKeys (ConfUtils.java:logGet(43)) - raft.server.snapshot.retention.num.files = 5 (custom)
2019-09-27 22:36:49,703 [pool-409-thread-1] INFO  server.RaftServerConfigKeys (ConfUtils.java:logGet(43)) - raft.server.retrycache.expirytime = 600000ms (custom)
2019-09-27 22:36:49,704 [pool-409-thread-1] INFO  impl.RaftServerImpl (RaftServerImpl.java:start(185)) - e604bea6-ce93-4a71-8c7f-2b360e024367@group-C63CEC06F46F: start as a follower, conf=-1: [e604bea6-ce93-4a71-8c7f-2b360e024367:192.168.151.84:42472], old=null
2019-09-27 22:36:49,705 [pool-409-thread-1] INFO  impl.RaftServerImpl (RaftServerImpl.java:setRole(174)) - e604bea6-ce93-4a71-8c7f-2b360e024367@group-C63CEC06F46F: changes role from      null to FOLLOWER at term 0 for startAsFollower
2019-09-27 22:36:49,705 [pool-409-thread-1] INFO  impl.RoleInfo (RoleInfo.java:updateAndGet(143)) - e604bea6-ce93-4a71-8c7f-2b360e024367: start FollowerState
2019-09-27 22:36:49,705 [pool-409-thread-1] INFO  util.JmxRegister (JmxRegister.java:tryRegister(44)) - Successfully registered JMX Bean with object name Ratis:service=RaftServer,group=group-C63CEC06F46F,id=e604bea6-ce93-4a71-8c7f-2b360e024367
2019-09-27 22:36:49,710 [RatisPipelineUtilsThread] INFO  pipeline.PipelineStateManager (PipelineStateManager.java:addPipeline(56)) - Created pipeline Pipeline[ Id: 40260125-1313-47d7-8219-c63cec06f46f, Nodes: e604bea6-ce93-4a71-8c7f-2b360e024367{ip: 192.168.151.84, host: pr-hdds-2019-zjk6f-2271287486, networkLocation: /default-rack, certSerialId: null}, Type:RATIS, Factor:ONE, State:OPEN]
2019-09-27 22:36:49,716 [grpc-default-executor-9] INFO  impl.RaftServerProxy (RaftServerProxy.java:addNew(89)) - b54e9bbc-bb9e-442d-a038-28a1f4c684be: addNew group-881070A52971:[b54e9bbc-bb9e-442d-a038-28a1f4c684be:192.168.151.84:41910] returns group-881070A52971:java.util.concurrent.CompletableFuture@129c30e9[Not completed]
2019-09-27 22:36:49,718 [pool-419-thread-1] INFO  impl.RaftServerImpl (RaftServerImpl.java:<init>(95)) - b54e9bbc-bb9e-442d-a038-28a1f4c684be: new RaftServerImpl for group-881070A52971:[b54e9bbc-bb9e-442d-a038-28a1f4c684be:192.168.151.84:41910] with ContainerStateMachine:uninitialized
2019-09-27 22:36:49,718 [pool-419-thread-1] INFO  server.RaftServerConfigKeys (ConfUtils.java:logGet(43)) - raft.server.rpc.timeout.min = 5s (custom)
2019-09-27 22:36:49,718 [pool-419-thread-1] INFO  server.RaftServerConfigKeys (ConfUtils.java:logGet(43)) - raft.server.rpc.timeout.max = 5200ms (custom)
2019-09-27 22:36:49,718 [pool-419-thread-1] INFO  server.RaftServerConfigKeys (ConfUtils.java:logGet(43)) - raft.server.rpcslowness.timeout = 120s (custom)
2019-09-27 22:36:49,718 [pool-419-thread-1] INFO  server.RaftServerConfigKeys (ConfUtils.java:logGet(43)) - raft.server.sleep.deviation.threshold = 300 (default)
2019-09-27 22:36:49,718 [pool-419-thread-1] INFO  server.RaftServerConfigKeys (ConfUtils.java:logGet(43)) - raft.server.log.appender.install.snapshot.enabled = false (custom)
2019-09-27 22:36:49,718 [pool-419-thread-1] INFO  impl.RaftServerImpl (ServerState.java:<init>(103)) - b54e9bbc-bb9e-442d-a038-28a1f4c684be@group-881070A52971: ConfigurationManager, init=-1: [b54e9bbc-bb9e-442d-a038-28a1f4c684be:192.168.151.84:41910], old=null, confs=<EMPTY_MAP>
2019-09-27 22:36:49,719 [pool-419-thread-1] INFO  server.RaftServerConfigKeys (ConfUtils.java:logGet(43)) - raft.server.storage.dir = [/workdir/hadoop-ozone/integration-test/target/test-dir/MiniOzoneClusterImpl-6301c58b-4ac9-45bc-bb33-5a7d24acbbd6/datanode-1/data/ratis] (custom)
2019-09-27 22:36:49,719 [pool-419-thread-1] INFO  storage.RaftStorageDirectory (RaftStorageDirectory.java:analyzeStorage(246)) - The storage directory /workdir/hadoop-ozone/integration-test/target/test-dir/MiniOzoneClusterImpl-6301c58b-4ac9-45bc-bb33-5a7d24acbbd6/datanode-1/data/ratis/97792d3d-6152-4393-b324-881070a52971 does not exist. Creating ...
2019-09-27 22:36:49,732 [pool-419-thread-1] INFO  storage.RaftStorageDirectory (RaftStorageDirectory.java:tryLock(328)) - Lock on /workdir/hadoop-ozone/integration-test/target/test-dir/MiniOzoneClusterImpl-6301c58b-4ac9-45bc-bb33-5a7d24acbbd6/datanode-1/data/ratis/97792d3d-6152-4393-b324-881070a52971/in_use.lock acquired by nodename 22539@pr-hdds-2019-zjk6f-2271287486
2019-09-27 22:36:49,745 [pool-419-thread-1] INFO  storage.RaftStorage (RaftStorage.java:format(72)) - Storage directory /workdir/hadoop-ozone/integration-test/target/test-dir/MiniOzoneClusterImpl-6301c58b-4ac9-45bc-bb33-5a7d24acbbd6/datanode-1/data/ratis/97792d3d-6152-4393-b324-881070a52971 has been successfully formatted.
2019-09-27 22:36:49,746 [pool-419-thread-1] INFO  ratis.ContainerStateMachine (ContainerStateMachine.java:loadSnapshot(230)) - group-881070A52971: The snapshot info is null. Setting the last applied indexto:(t:0, i:~)
2019-09-27 22:36:49,746 [pool-419-thread-1] INFO  server.RaftServerConfigKeys (ConfUtils.java:logGet(43)) - raft.server.notification.no-leader.timeout = 120s (custom)
2019-09-27 22:36:49,746 [pool-419-thread-1] INFO  server.RaftServerConfigKeys (ConfUtils.java:logGet(43)) - raft.server.log.use.memory = false (default)
2019-09-27 22:36:49,746 [pool-419-thread-1] INFO  server.RaftServerConfigKeys (ConfUtils.java:logGet(43)) - raft.server.log.purge.gap = 1000000 (custom)
2019-09-27 22:36:49,746 [pool-419-thread-1] INFO  server.RaftServerConfigKeys (ConfUtils.java:logGet(43)) - raft.server.log.appender.buffer.byte-limit = 33554432 (custom)
2019-09-27 22:36:49,746 [pool-419-thread-1] INFO  server.RaftServerConfigKeys (ConfUtils.java:logGet(43)) - raft.server.log.segment.size.max = 1048576 (custom)
2019-09-27 22:36:49,746 [pool-419-thread-1] INFO  server.RaftServerConfigKeys (ConfUtils.java:logGet(43)) - raft.server.log.segment.cache.num.max = 2 (custom)
2019-09-27 22:36:49,746 [pool-419-thread-1] INFO  segmented.SegmentedRaftLogWorker (SegmentedRaftLogWorker.java:<init>(172)) - new b54e9bbc-bb9e-442d-a038-28a1f4c684be@group-881070A52971-SegmentedRaftLogWorker for RaftStorage:Storage Directory /workdir/hadoop-ozone/integration-test/target/test-dir/MiniOzoneClusterImpl-6301c58b-4ac9-45bc-bb33-5a7d24acbbd6/datanode-1/data/ratis/97792d3d-6152-4393-b324-881070a52971
2019-09-27 22:36:49,748 [pool-419-thread-1] INFO  server.RaftServerConfigKeys (ConfUtils.java:logGet(43)) - raft.server.log.queue.byte-limit = 2147483647 (custom)
2019-09-27 22:36:49,748 [pool-419-thread-1] INFO  server.RaftServerConfigKeys (ConfUtils.java:logGet(43)) - raft.server.log.queue.element-limit = 1024 (custom)
2019-09-27 22:36:49,749 [pool-419-thread-1] INFO  server.RaftServerConfigKeys (ConfUtils.java:logGet(43)) - raft.server.log.segment.size.max = 1048576 (custom)
2019-09-27 22:36:49,749 [pool-419-thread-1] INFO  server.RaftServerConfigKeys (ConfUtils.java:logGet(43)) - raft.server.log.preallocated.size = 16384 (custom)
2019-09-27 22:36:49,749 [pool-419-thread-1] INFO  server.RaftServerConfigKeys (ConfUtils.java:logGet(43)) - raft.server.log.write.buffer.size = 33554432 (custom)
2019-09-27 22:36:49,749 [pool-419-thread-1] INFO  server.RaftServerConfigKeys (ConfUtils.java:logGet(43)) - raft.server.log.force.sync.num = 128 (default)
2019-09-27 22:36:49,749 [pool-419-thread-1] INFO  server.RaftServerConfigKeys (ConfUtils.java:logGet(43)) - raft.server.log.statemachine.data.sync = true (default)
2019-09-27 22:36:49,749 [pool-419-thread-1] INFO  server.RaftServerConfigKeys (ConfUtils.java:logGet(43)) - raft.server.log.statemachine.data.sync.timeout = 10s (default)
2019-09-27 22:36:49,749 [pool-419-thread-1] INFO  server.RaftServerConfigKeys (ConfUtils.java:logGet(43)) - raft.server.log.statemachine.data.sync.timeout.retry = -1 (default)
2019-09-27 22:36:49,750 [pool-419-thread-1] INFO  server.RaftServerConfigKeys (ConfUtils.java:logGet(43)) - raft.server.log.statemachine.data.caching.enabled = true (custom)
2019-09-27 22:36:49,750 [pool-419-thread-1] INFO  segmented.SegmentedRaftLogWorker (SegmentedRaftLogWorker.java:lambda$new$0(132)) - b54e9bbc-bb9e-442d-a038-28a1f4c684be@group-881070A52971-SegmentedRaftLogWorker: flushIndex: setUnconditionally 0 -> -1
2019-09-27 22:36:49,750 [pool-419-thread-1] INFO  server.RaftServerConfigKeys (ConfUtils.java:logGet(43)) - raft.server.snapshot.auto.trigger.enabled = true (custom)
2019-09-27 22:36:49,750 [pool-419-thread-1] INFO  server.RaftServerConfigKeys (ConfUtils.java:logGet(43)) - raft.server.snapshot.auto.trigger.threshold = 10000 (custom)
2019-09-27 22:36:49,750 [pool-419-thread-1] INFO  server.RaftServerConfigKeys (ConfUtils.java:logGet(43)) - raft.server.snapshot.retention.num.files = 5 (custom)
2019-09-27 22:36:49,751 [pool-419-thread-1] INFO  server.RaftServerConfigKeys (ConfUtils.java:logGet(43)) - raft.server.retrycache.expirytime = 600000ms (custom)
2019-09-27 22:36:49,752 [pool-419-thread-1] INFO  impl.RaftServerImpl (RaftServerImpl.java:start(185)) - b54e9bbc-bb9e-442d-a038-28a1f4c684be@group-881070A52971: start as a follower, conf=-1: [b54e9bbc-bb9e-442d-a038-28a1f4c684be:192.168.151.84:41910], old=null
2019-09-27 22:36:49,752 [pool-419-thread-1] INFO  impl.RaftServerImpl (RaftServerImpl.java:setRole(174)) - b54e9bbc-bb9e-442d-a038-28a1f4c684be@group-881070A52971: changes role from      null to FOLLOWER at term 0 for startAsFollower
2019-09-27 22:36:49,752 [pool-419-thread-1] INFO  impl.RoleInfo (RoleInfo.java:updateAndGet(143)) - b54e9bbc-bb9e-442d-a038-28a1f4c684be: start FollowerState
2019-09-27 22:36:49,753 [pool-419-thread-1] INFO  util.JmxRegister (JmxRegister.java:tryRegister(44)) - Successfully registered JMX Bean with object name Ratis:service=RaftServer,group=group-881070A52971,id=b54e9bbc-bb9e-442d-a038-28a1f4c684be
2019-09-27 22:36:49,756 [RatisPipelineUtilsThread] INFO  pipeline.PipelineStateManager (PipelineStateManager.java:addPipeline(56)) - Created pipeline Pipeline[ Id: 97792d3d-6152-4393-b324-881070a52971, Nodes: b54e9bbc-bb9e-442d-a038-28a1f4c684be{ip: 192.168.151.84, host: pr-hdds-2019-zjk6f-2271287486, networkLocation: /default-rack, certSerialId: null}, Type:RATIS, Factor:ONE, State:OPEN]
2019-09-27 22:36:49,785 [IPC Server handler 7 on 39409] INFO  net.NetworkTopology (NetworkTopologyImpl.java:add(111)) - Added a new node: /default-rack/a2745f55-569e-4cc9-94ac-292e693a8958
2019-09-27 22:36:49,785 [IPC Server handler 7 on 39409] INFO  node.SCMNodeManager (SCMNodeManager.java:register(266)) - Registered Data node : a2745f55-569e-4cc9-94ac-292e693a8958{ip: 192.168.151.84, host: pr-hdds-2019-zjk6f-2271287486, networkLocation: /default-rack, certSerialId: null}
2019-09-27 22:36:49,790 [grpc-default-executor-9] INFO  impl.RaftServerProxy (RaftServerProxy.java:addNew(89)) - a2745f55-569e-4cc9-94ac-292e693a8958: addNew group-8601E6F4E826:[a2745f55-569e-4cc9-94ac-292e693a8958:192.168.151.84:39018] returns group-8601E6F4E826:java.util.concurrent.CompletableFuture@210abef9[Not completed]
2019-09-27 22:36:49,792 [pool-429-thread-1] INFO  impl.RaftServerImpl (RaftServerImpl.java:<init>(95)) - a2745f55-569e-4cc9-94ac-292e693a8958: new RaftServerImpl for group-8601E6F4E826:[a2745f55-569e-4cc9-94ac-292e693a8958:192.168.151.84:39018] with ContainerStateMachine:uninitialized
2019-09-27 22:36:49,792 [pool-429-thread-1] INFO  server.RaftServerConfigKeys (ConfUtils.java:logGet(43)) - raft.server.rpc.timeout.min = 5s (custom)
2019-09-27 22:36:49,793 [pool-429-thread-1] INFO  server.RaftServerConfigKeys (ConfUtils.java:logGet(43)) - raft.server.rpc.timeout.max = 5200ms (custom)
2019-09-27 22:36:49,793 [pool-429-thread-1] INFO  server.RaftServerConfigKeys (ConfUtils.java:logGet(43)) - raft.server.rpcslowness.timeout = 120s (custom)
2019-09-27 22:36:49,793 [pool-429-thread-1] INFO  server.RaftServerConfigKeys (ConfUtils.java:logGet(43)) - raft.server.sleep.deviation.threshold = 300 (default)
2019-09-27 22:36:49,793 [pool-429-thread-1] INFO  server.RaftServerConfigKeys (ConfUtils.java:logGet(43)) - raft.server.log.appender.install.snapshot.enabled = false (custom)
2019-09-27 22:36:49,793 [pool-429-thread-1] INFO  impl.RaftServerImpl (ServerState.java:<init>(103)) - a2745f55-569e-4cc9-94ac-292e693a8958@group-8601E6F4E826: ConfigurationManager, init=-1: [a2745f55-569e-4cc9-94ac-292e693a8958:192.168.151.84:39018], old=null, confs=<EMPTY_MAP>
2019-09-27 22:36:49,793 [pool-429-thread-1] INFO  server.RaftServerConfigKeys (ConfUtils.java:logGet(43)) - raft.server.storage.dir = [/workdir/hadoop-ozone/integration-test/target/test-dir/MiniOzoneClusterImpl-6301c58b-4ac9-45bc-bb33-5a7d24acbbd6/datanode-2/data/ratis] (custom)
2019-09-27 22:36:49,794 [pool-429-thread-1] INFO  storage.RaftStorageDirectory (RaftStorageDirectory.java:analyzeStorage(246)) - The storage directory /workdir/hadoop-ozone/integration-test/target/test-dir/MiniOzoneClusterImpl-6301c58b-4ac9-45bc-bb33-5a7d24acbbd6/datanode-2/data/ratis/45d15668-6203-445f-85d0-8601e6f4e826 does not exist. Creating ...
2019-09-27 22:36:49,807 [pool-429-thread-1] INFO  storage.RaftStorageDirectory (RaftStorageDirectory.java:tryLock(328)) - Lock on /workdir/hadoop-ozone/integration-test/target/test-dir/MiniOzoneClusterImpl-6301c58b-4ac9-45bc-bb33-5a7d24acbbd6/datanode-2/data/ratis/45d15668-6203-445f-85d0-8601e6f4e826/in_use.lock acquired by nodename 22539@pr-hdds-2019-zjk6f-2271287486
2019-09-27 22:36:49,820 [pool-429-thread-1] INFO  storage.RaftStorage (RaftStorage.java:format(72)) - Storage directory /workdir/hadoop-ozone/integration-test/target/test-dir/MiniOzoneClusterImpl-6301c58b-4ac9-45bc-bb33-5a7d24acbbd6/datanode-2/data/ratis/45d15668-6203-445f-85d0-8601e6f4e826 has been successfully formatted.
2019-09-27 22:36:49,820 [pool-429-thread-1] INFO  ratis.ContainerStateMachine (ContainerStateMachine.java:loadSnapshot(230)) - group-8601E6F4E826: The snapshot info is null. Setting the last applied indexto:(t:0, i:~)
2019-09-27 22:36:49,821 [pool-429-thread-1] INFO  server.RaftServerConfigKeys (ConfUtils.java:logGet(43)) - raft.server.notification.no-leader.timeout = 120s (custom)
2019-09-27 22:36:49,821 [pool-429-thread-1] INFO  server.RaftServerConfigKeys (ConfUtils.java:logGet(43)) - raft.server.log.use.memory = false (default)
2019-09-27 22:36:49,821 [pool-429-thread-1] INFO  server.RaftServerConfigKeys (ConfUtils.java:logGet(43)) - raft.server.log.purge.gap = 1000000 (custom)
2019-09-27 22:36:49,821 [pool-429-thread-1] INFO  server.RaftServerConfigKeys (ConfUtils.java:logGet(43)) - raft.server.log.appender.buffer.byte-limit = 33554432 (custom)
2019-09-27 22:36:49,821 [pool-429-thread-1] INFO  server.RaftServerConfigKeys (ConfUtils.java:logGet(43)) - raft.server.log.segment.size.max = 1048576 (custom)
2019-09-27 22:36:49,821 [pool-429-thread-1] INFO  server.RaftServerConfigKeys (ConfUtils.java:logGet(43)) - raft.server.log.segment.cache.num.max = 2 (custom)
2019-09-27 22:36:49,821 [pool-429-thread-1] INFO  segmented.SegmentedRaftLogWorker (SegmentedRaftLogWorker.java:<init>(172)) - new a2745f55-569e-4cc9-94ac-292e693a8958@group-8601E6F4E826-SegmentedRaftLogWorker for RaftStorage:Storage Directory /workdir/hadoop-ozone/integration-test/target/test-dir/MiniOzoneClusterImpl-6301c58b-4ac9-45bc-bb33-5a7d24acbbd6/datanode-2/data/ratis/45d15668-6203-445f-85d0-8601e6f4e826
2019-09-27 22:36:49,823 [pool-429-thread-1] INFO  server.RaftServerConfigKeys (ConfUtils.java:logGet(43)) - raft.server.log.queue.byte-limit = 2147483647 (custom)
2019-09-27 22:36:49,824 [pool-429-thread-1] INFO  server.RaftServerConfigKeys (ConfUtils.java:logGet(43)) - raft.server.log.queue.element-limit = 1024 (custom)
2019-09-27 22:36:49,824 [pool-429-thread-1] INFO  server.RaftServerConfigKeys (ConfUtils.java:logGet(43)) - raft.server.log.segment.size.max = 1048576 (custom)
2019-09-27 22:36:49,824 [pool-429-thread-1] INFO  server.RaftServerConfigKeys (ConfUtils.java:logGet(43)) - raft.server.log.preallocated.size = 16384 (custom)
2019-09-27 22:36:49,824 [pool-429-thread-1] INFO  server.RaftServerConfigKeys (ConfUtils.java:logGet(43)) - raft.server.log.write.buffer.size = 33554432 (custom)
2019-09-27 22:36:49,824 [pool-429-thread-1] INFO  server.RaftServerConfigKeys (ConfUtils.java:logGet(43)) - raft.server.log.force.sync.num = 128 (default)
2019-09-27 22:36:49,824 [pool-429-thread-1] INFO  server.RaftServerConfigKeys (ConfUtils.java:logGet(43)) - raft.server.log.statemachine.data.sync = true (default)
2019-09-27 22:36:49,824 [pool-429-thread-1] INFO  server.RaftServerConfigKeys (ConfUtils.java:logGet(43)) - raft.server.log.statemachine.data.sync.timeout = 10s (default)
2019-09-27 22:36:49,824 [pool-429-thread-1] INFO  server.RaftServerConfigKeys (ConfUtils.java:logGet(43)) - raft.server.log.statemachine.data.sync.timeout.retry = -1 (default)
2019-09-27 22:36:49,825 [pool-429-thread-1] INFO  server.RaftServerConfigKeys (ConfUtils.java:logGet(43)) - raft.server.log.statemachine.data.caching.enabled = true (custom)
2019-09-27 22:36:49,825 [pool-429-thread-1] INFO  segmented.SegmentedRaftLogWorker (SegmentedRaftLogWorker.java:lambda$new$0(132)) - a2745f55-569e-4cc9-94ac-292e693a8958@group-8601E6F4E826-SegmentedRaftLogWorker: flushIndex: setUnconditionally 0 -> -1
2019-09-27 22:36:49,825 [pool-429-thread-1] INFO  server.RaftServerConfigKeys (ConfUtils.java:logGet(43)) - raft.server.snapshot.auto.trigger.enabled = true (custom)
2019-09-27 22:36:49,825 [pool-429-thread-1] INFO  server.RaftServerConfigKeys (ConfUtils.java:logGet(43)) - raft.server.snapshot.auto.trigger.threshold = 10000 (custom)
2019-09-27 22:36:49,826 [pool-429-thread-1] INFO  server.RaftServerConfigKeys (ConfUtils.java:logGet(43)) - raft.server.snapshot.retention.num.files = 5 (custom)
2019-09-27 22:36:49,826 [pool-429-thread-1] INFO  server.RaftServerConfigKeys (ConfUtils.java:logGet(43)) - raft.server.retrycache.expirytime = 600000ms (custom)
2019-09-27 22:36:49,827 [pool-429-thread-1] INFO  impl.RaftServerImpl (RaftServerImpl.java:start(185)) - a2745f55-569e-4cc9-94ac-292e693a8958@group-8601E6F4E826: start as a follower, conf=-1: [a2745f55-569e-4cc9-94ac-292e693a8958:192.168.151.84:39018], old=null
2019-09-27 22:36:49,827 [pool-429-thread-1] INFO  impl.RaftServerImpl (RaftServerImpl.java:setRole(174)) - a2745f55-569e-4cc9-94ac-292e693a8958@group-8601E6F4E826: changes role from      null to FOLLOWER at term 0 for startAsFollower
2019-09-27 22:36:49,828 [pool-429-thread-1] INFO  impl.RoleInfo (RoleInfo.java:updateAndGet(143)) - a2745f55-569e-4cc9-94ac-292e693a8958: start FollowerState
2019-09-27 22:36:49,828 [pool-429-thread-1] INFO  util.JmxRegister (JmxRegister.java:tryRegister(44)) - Successfully registered JMX Bean with object name Ratis:service=RaftServer,group=group-8601E6F4E826,id=a2745f55-569e-4cc9-94ac-292e693a8958
2019-09-27 22:36:49,830 [RatisPipelineUtilsThread] INFO  pipeline.PipelineStateManager (PipelineStateManager.java:addPipeline(56)) - Created pipeline Pipeline[ Id: 45d15668-6203-445f-85d0-8601e6f4e826, Nodes: a2745f55-569e-4cc9-94ac-292e693a8958{ip: 192.168.151.84, host: pr-hdds-2019-zjk6f-2271287486, networkLocation: /default-rack, certSerialId: null}, Type:RATIS, Factor:ONE, State:OPEN]
2019-09-27 22:36:49,841 [grpc-default-executor-0] INFO  impl.RaftServerProxy (RaftServerProxy.java:addNew(89)) - b54e9bbc-bb9e-442d-a038-28a1f4c684be: addNew group-77D7DB3AC510:[b54e9bbc-bb9e-442d-a038-28a1f4c684be:192.168.151.84:41910, a2745f55-569e-4cc9-94ac-292e693a8958:192.168.151.84:39018, e604bea6-ce93-4a71-8c7f-2b360e024367:192.168.151.84:42472] returns group-77D7DB3AC510:java.util.concurrent.CompletableFuture@56ac4be9[Not completed]
2019-09-27 22:36:49,841 [grpc-default-executor-10] INFO  impl.RaftServerProxy (RaftServerProxy.java:addNew(89)) - a2745f55-569e-4cc9-94ac-292e693a8958: addNew group-77D7DB3AC510:[b54e9bbc-bb9e-442d-a038-28a1f4c684be:192.168.151.84:41910, a2745f55-569e-4cc9-94ac-292e693a8958:192.168.151.84:39018, e604bea6-ce93-4a71-8c7f-2b360e024367:192.168.151.84:42472] returns group-77D7DB3AC510:java.util.concurrent.CompletableFuture@541b82ec[Not completed]
2019-09-27 22:36:49,841 [grpc-default-executor-9] INFO  impl.RaftServerProxy (RaftServerProxy.java:addNew(89)) - e604bea6-ce93-4a71-8c7f-2b360e024367: addNew group-77D7DB3AC510:[b54e9bbc-bb9e-442d-a038-28a1f4c684be:192.168.151.84:41910, a2745f55-569e-4cc9-94ac-292e693a8958:192.168.151.84:39018, e604bea6-ce93-4a71-8c7f-2b360e024367:192.168.151.84:42472] returns group-77D7DB3AC510:java.util.concurrent.CompletableFuture@11a43ba2[Not completed]
2019-09-27 22:36:49,842 [pool-419-thread-1] INFO  impl.RaftServerImpl (RaftServerImpl.java:<init>(95)) - b54e9bbc-bb9e-442d-a038-28a1f4c684be: new RaftServerImpl for group-77D7DB3AC510:[b54e9bbc-bb9e-442d-a038-28a1f4c684be:192.168.151.84:41910, a2745f55-569e-4cc9-94ac-292e693a8958:192.168.151.84:39018, e604bea6-ce93-4a71-8c7f-2b360e024367:192.168.151.84:42472] with ContainerStateMachine:uninitialized
2019-09-27 22:36:49,842 [pool-419-thread-1] INFO  server.RaftServerConfigKeys (ConfUtils.java:logGet(43)) - raft.server.rpc.timeout.min = 5s (custom)
2019-09-27 22:36:49,843 [pool-419-thread-1] INFO  server.RaftServerConfigKeys (ConfUtils.java:logGet(43)) - raft.server.rpc.timeout.max = 5200ms (custom)
2019-09-27 22:36:49,843 [pool-409-thread-1] INFO  impl.RaftServerImpl (RaftServerImpl.java:<init>(95)) - e604bea6-ce93-4a71-8c7f-2b360e024367: new RaftServerImpl for group-77D7DB3AC510:[b54e9bbc-bb9e-442d-a038-28a1f4c684be:192.168.151.84:41910, a2745f55-569e-4cc9-94ac-292e693a8958:192.168.151.84:39018, e604bea6-ce93-4a71-8c7f-2b360e024367:192.168.151.84:42472] with ContainerStateMachine:uninitialized
2019-09-27 22:36:49,843 [pool-419-thread-1] INFO  server.RaftServerConfigKeys (ConfUtils.java:logGet(43)) - raft.server.rpcslowness.timeout = 120s (custom)
2019-09-27 22:36:49,843 [pool-409-thread-1] INFO  server.RaftServerConfigKeys (ConfUtils.java:logGet(43)) - raft.server.rpc.timeout.min = 5s (custom)
2019-09-27 22:36:49,843 [pool-429-thread-1] INFO  impl.RaftServerImpl (RaftServerImpl.java:<init>(95)) - a2745f55-569e-4cc9-94ac-292e693a8958: new RaftServerImpl for group-77D7DB3AC510:[b54e9bbc-bb9e-442d-a038-28a1f4c684be:192.168.151.84:41910, a2745f55-569e-4cc9-94ac-292e693a8958:192.168.151.84:39018, e604bea6-ce93-4a71-8c7f-2b360e024367:192.168.151.84:42472] with ContainerStateMachine:uninitialized
2019-09-27 22:36:49,843 [pool-419-thread-1] INFO  server.RaftServerConfigKeys (ConfUtils.java:logGet(43)) - raft.server.sleep.deviation.threshold = 300 (default)
2019-09-27 22:36:49,843 [pool-429-thread-1] INFO  server.RaftServerConfigKeys (ConfUtils.java:logGet(43)) - raft.server.rpc.timeout.min = 5s (custom)
2019-09-27 22:36:49,843 [pool-409-thread-1] INFO  server.RaftServerConfigKeys (ConfUtils.java:logGet(43)) - raft.server.rpc.timeout.max = 5200ms (custom)
2019-09-27 22:36:49,844 [pool-429-thread-1] INFO  server.RaftServerConfigKeys (ConfUtils.java:logGet(43)) - raft.server.rpc.timeout.max = 5200ms (custom)
2019-09-27 22:36:49,844 [pool-419-thread-1] INFO  server.RaftServerConfigKeys (ConfUtils.java:logGet(43)) - raft.server.log.appender.install.snapshot.enabled = false (custom)
2019-09-27 22:36:49,844 [pool-429-thread-1] INFO  server.RaftServerConfigKeys (ConfUtils.java:logGet(43)) - raft.server.rpcslowness.timeout = 120s (custom)
2019-09-27 22:36:49,844 [pool-429-thread-1] INFO  server.RaftServerConfigKeys (ConfUtils.java:logGet(43)) - raft.server.sleep.deviation.threshold = 300 (default)
2019-09-27 22:36:49,844 [pool-429-thread-1] INFO  server.RaftServerConfigKeys (ConfUtils.java:logGet(43)) - raft.server.log.appender.install.snapshot.enabled = false (custom)
2019-09-27 22:36:49,844 [pool-409-thread-1] INFO  server.RaftServerConfigKeys (ConfUtils.java:logGet(43)) - raft.server.rpcslowness.timeout = 120s (custom)
2019-09-27 22:36:49,845 [pool-429-thread-1] INFO  impl.RaftServerImpl (ServerState.java:<init>(103)) - a2745f55-569e-4cc9-94ac-292e693a8958@group-77D7DB3AC510: ConfigurationManager, init=-1: [b54e9bbc-bb9e-442d-a038-28a1f4c684be:192.168.151.84:41910, a2745f55-569e-4cc9-94ac-292e693a8958:192.168.151.84:39018, e604bea6-ce93-4a71-8c7f-2b360e024367:192.168.151.84:42472], old=null, confs=<EMPTY_MAP>
2019-09-27 22:36:49,844 [pool-419-thread-1] INFO  impl.RaftServerImpl (ServerState.java:<init>(103)) - b54e9bbc-bb9e-442d-a038-28a1f4c684be@group-77D7DB3AC510: ConfigurationManager, init=-1: [b54e9bbc-bb9e-442d-a038-28a1f4c684be:192.168.151.84:41910, a2745f55-569e-4cc9-94ac-292e693a8958:192.168.151.84:39018, e604bea6-ce93-4a71-8c7f-2b360e024367:192.168.151.84:42472], old=null, confs=<EMPTY_MAP>
2019-09-27 22:36:49,845 [pool-429-thread-1] INFO  server.RaftServerConfigKeys (ConfUtils.java:logGet(43)) - raft.server.storage.dir = [/workdir/hadoop-ozone/integration-test/target/test-dir/MiniOzoneClusterImpl-6301c58b-4ac9-45bc-bb33-5a7d24acbbd6/datanode-2/data/ratis] (custom)
2019-09-27 22:36:49,845 [pool-409-thread-1] INFO  server.RaftServerConfigKeys (ConfUtils.java:logGet(43)) - raft.server.sleep.deviation.threshold = 300 (default)
2019-09-27 22:36:49,845 [pool-419-thread-1] INFO  server.RaftServerConfigKeys (ConfUtils.java:logGet(43)) - raft.server.storage.dir = [/workdir/hadoop-ozone/integration-test/target/test-dir/MiniOzoneClusterImpl-6301c58b-4ac9-45bc-bb33-5a7d24acbbd6/datanode-1/data/ratis] (custom)
2019-09-27 22:36:49,845 [pool-409-thread-1] INFO  server.RaftServerConfigKeys (ConfUtils.java:logGet(43)) - raft.server.log.appender.install.snapshot.enabled = false (custom)
2019-09-27 22:36:49,845 [pool-429-thread-1] INFO  storage.RaftStorageDirectory (RaftStorageDirectory.java:analyzeStorage(246)) - The storage directory /workdir/hadoop-ozone/integration-test/target/test-dir/MiniOzoneClusterImpl-6301c58b-4ac9-45bc-bb33-5a7d24acbbd6/datanode-2/data/ratis/c2e942b1-9951-445b-a8c9-77d7db3ac510 does not exist. Creating ...
2019-09-27 22:36:49,845 [pool-419-thread-1] INFO  storage.RaftStorageDirectory (RaftStorageDirectory.java:analyzeStorage(246)) - The storage directory /workdir/hadoop-ozone/integration-test/target/test-dir/MiniOzoneClusterImpl-6301c58b-4ac9-45bc-bb33-5a7d24acbbd6/datanode-1/data/ratis/c2e942b1-9951-445b-a8c9-77d7db3ac510 does not exist. Creating ...
2019-09-27 22:36:49,845 [pool-409-thread-1] INFO  impl.RaftServerImpl (ServerState.java:<init>(103)) - e604bea6-ce93-4a71-8c7f-2b360e024367@group-77D7DB3AC510: ConfigurationManager, init=-1: [b54e9bbc-bb9e-442d-a038-28a1f4c684be:192.168.151.84:41910, a2745f55-569e-4cc9-94ac-292e693a8958:192.168.151.84:39018, e604bea6-ce93-4a71-8c7f-2b360e024367:192.168.151.84:42472], old=null, confs=<EMPTY_MAP>
2019-09-27 22:36:49,846 [pool-409-thread-1] INFO  server.RaftServerConfigKeys (ConfUtils.java:logGet(43)) - raft.server.storage.dir = [/workdir/hadoop-ozone/integration-test/target/test-dir/MiniOzoneClusterImpl-6301c58b-4ac9-45bc-bb33-5a7d24acbbd6/datanode-0/data/ratis] (custom)
2019-09-27 22:36:49,846 [pool-409-thread-1] INFO  storage.RaftStorageDirectory (RaftStorageDirectory.java:analyzeStorage(246)) - The storage directory /workdir/hadoop-ozone/integration-test/target/test-dir/MiniOzoneClusterImpl-6301c58b-4ac9-45bc-bb33-5a7d24acbbd6/datanode-0/data/ratis/c2e942b1-9951-445b-a8c9-77d7db3ac510 does not exist. Creating ...
2019-09-27 22:36:49,859 [pool-419-thread-1] INFO  storage.RaftStorageDirectory (RaftStorageDirectory.java:tryLock(328)) - Lock on /workdir/hadoop-ozone/integration-test/target/test-dir/MiniOzoneClusterImpl-6301c58b-4ac9-45bc-bb33-5a7d24acbbd6/datanode-1/data/ratis/c2e942b1-9951-445b-a8c9-77d7db3ac510/in_use.lock acquired by nodename 22539@pr-hdds-2019-zjk6f-2271287486
2019-09-27 22:36:49,859 [pool-409-thread-1] INFO  storage.RaftStorageDirectory (RaftStorageDirectory.java:tryLock(328)) - Lock on /workdir/hadoop-ozone/integration-test/target/test-dir/MiniOzoneClusterImpl-6301c58b-4ac9-45bc-bb33-5a7d24acbbd6/datanode-0/data/ratis/c2e942b1-9951-445b-a8c9-77d7db3ac510/in_use.lock acquired by nodename 22539@pr-hdds-2019-zjk6f-2271287486
2019-09-27 22:36:49,859 [pool-429-thread-1] INFO  storage.RaftStorageDirectory (RaftStorageDirectory.java:tryLock(328)) - Lock on /workdir/hadoop-ozone/integration-test/target/test-dir/MiniOzoneClusterImpl-6301c58b-4ac9-45bc-bb33-5a7d24acbbd6/datanode-2/data/ratis/c2e942b1-9951-445b-a8c9-77d7db3ac510/in_use.lock acquired by nodename 22539@pr-hdds-2019-zjk6f-2271287486
2019-09-27 22:36:49,863 [IPC Server handler 1 on 39409] INFO  net.NetworkTopology (NetworkTopologyImpl.java:add(111)) - Added a new node: /default-rack/794cf556-ac59-4769-9140-89bf84b53f53
2019-09-27 22:36:49,863 [IPC Server handler 1 on 39409] INFO  node.SCMNodeManager (SCMNodeManager.java:register(266)) - Registered Data node : 794cf556-ac59-4769-9140-89bf84b53f53{ip: 192.168.151.84, host: pr-hdds-2019-zjk6f-2271287486, networkLocation: /default-rack, certSerialId: null}
2019-09-27 22:36:49,873 [pool-409-thread-1] INFO  storage.RaftStorage (RaftStorage.java:format(72)) - Storage directory /workdir/hadoop-ozone/integration-test/target/test-dir/MiniOzoneClusterImpl-6301c58b-4ac9-45bc-bb33-5a7d24acbbd6/datanode-0/data/ratis/c2e942b1-9951-445b-a8c9-77d7db3ac510 has been successfully formatted.
2019-09-27 22:36:49,873 [pool-419-thread-1] INFO  storage.RaftStorage (RaftStorage.java:format(72)) - Storage directory /workdir/hadoop-ozone/integration-test/target/test-dir/MiniOzoneClusterImpl-6301c58b-4ac9-45bc-bb33-5a7d24acbbd6/datanode-1/data/ratis/c2e942b1-9951-445b-a8c9-77d7db3ac510 has been successfully formatted.
2019-09-27 22:36:49,873 [pool-429-thread-1] INFO  storage.RaftStorage (RaftStorage.java:format(72)) - Storage directory /workdir/hadoop-ozone/integration-test/target/test-dir/MiniOzoneClusterImpl-6301c58b-4ac9-45bc-bb33-5a7d24acbbd6/datanode-2/data/ratis/c2e942b1-9951-445b-a8c9-77d7db3ac510 has been successfully formatted.
2019-09-27 22:36:49,873 [pool-419-thread-1] INFO  ratis.ContainerStateMachine (ContainerStateMachine.java:loadSnapshot(230)) - group-77D7DB3AC510: The snapshot info is null. Setting the last applied indexto:(t:0, i:~)
2019-09-27 22:36:49,873 [pool-409-thread-1] INFO  ratis.ContainerStateMachine (ContainerStateMachine.java:loadSnapshot(230)) - group-77D7DB3AC510: The snapshot info is null. Setting the last applied indexto:(t:0, i:~)
2019-09-27 22:36:49,874 [pool-419-thread-1] INFO  server.RaftServerConfigKeys (ConfUtils.java:logGet(43)) - raft.server.notification.no-leader.timeout = 120s (custom)
2019-09-27 22:36:49,874 [pool-429-thread-1] INFO  ratis.ContainerStateMachine (ContainerStateMachine.java:loadSnapshot(230)) - group-77D7DB3AC510: The snapshot info is null. Setting the last applied indexto:(t:0, i:~)
2019-09-27 22:36:49,874 [pool-419-thread-1] INFO  server.RaftServerConfigKeys (ConfUtils.java:logGet(43)) - raft.server.log.use.memory = false (default)
2019-09-27 22:36:49,874 [pool-409-thread-1] INFO  server.RaftServerConfigKeys (ConfUtils.java:logGet(43)) - raft.server.notification.no-leader.timeout = 120s (custom)
2019-09-27 22:36:49,874 [pool-419-thread-1] INFO  server.RaftServerConfigKeys (ConfUtils.java:logGet(43)) - raft.server.log.purge.gap = 1000000 (custom)
2019-09-27 22:36:49,874 [pool-429-thread-1] INFO  server.RaftServerConfigKeys (ConfUtils.java:logGet(43)) - raft.server.notification.no-leader.timeout = 120s (custom)
2019-09-27 22:36:49,874 [pool-419-thread-1] INFO  server.RaftServerConfigKeys (ConfUtils.java:logGet(43)) - raft.server.log.appender.buffer.byte-limit = 33554432 (custom)
2019-09-27 22:36:49,874 [pool-409-thread-1] INFO  server.RaftServerConfigKeys (ConfUtils.java:logGet(43)) - raft.server.log.use.memory = false (default)
2019-09-27 22:36:49,875 [pool-419-thread-1] INFO  server.RaftServerConfigKeys (ConfUtils.java:logGet(43)) - raft.server.log.segment.size.max = 1048576 (custom)
2019-09-27 22:36:49,874 [pool-429-thread-1] INFO  server.RaftServerConfigKeys (ConfUtils.java:logGet(43)) - raft.server.log.use.memory = false (default)
2019-09-27 22:36:49,875 [pool-419-thread-1] INFO  server.RaftServerConfigKeys (ConfUtils.java:logGet(43)) - raft.server.log.segment.cache.num.max = 2 (custom)
2019-09-27 22:36:49,875 [pool-409-thread-1] INFO  server.RaftServerConfigKeys (ConfUtils.java:logGet(43)) - raft.server.log.purge.gap = 1000000 (custom)
2019-09-27 22:36:49,875 [pool-419-thread-1] INFO  segmented.SegmentedRaftLogWorker (SegmentedRaftLogWorker.java:<init>(172)) - new b54e9bbc-bb9e-442d-a038-28a1f4c684be@group-77D7DB3AC510-SegmentedRaftLogWorker for RaftStorage:Storage Directory /workdir/hadoop-ozone/integration-test/target/test-dir/MiniOzoneClusterImpl-6301c58b-4ac9-45bc-bb33-5a7d24acbbd6/datanode-1/data/ratis/c2e942b1-9951-445b-a8c9-77d7db3ac510
2019-09-27 22:36:49,875 [pool-429-thread-1] INFO  server.RaftServerConfigKeys (ConfUtils.java:logGet(43)) - raft.server.log.purge.gap = 1000000 (custom)
2019-09-27 22:36:49,875 [pool-419-thread-1] INFO  server.RaftServerConfigKeys (ConfUtils.java:logGet(43)) - raft.server.log.queue.byte-limit = 2147483647 (custom)
2019-09-27 22:36:49,875 [pool-409-thread-1] INFO  server.RaftServerConfigKeys (ConfUtils.java:logGet(43)) - raft.server.log.appender.buffer.byte-limit = 33554432 (custom)
2019-09-27 22:36:49,876 [pool-419-thread-1] INFO  server.RaftServerConfigKeys (ConfUtils.java:logGet(43)) - raft.server.log.queue.element-limit = 1024 (custom)
2019-09-27 22:36:49,876 [pool-429-thread-1] INFO  server.RaftServerConfigKeys (ConfUtils.java:logGet(43)) - raft.server.log.appender.buffer.byte-limit = 33554432 (custom)
2019-09-27 22:36:49,876 [pool-419-thread-1] INFO  server.RaftServerConfigKeys (ConfUtils.java:logGet(43)) - raft.server.log.segment.size.max = 1048576 (custom)
2019-09-27 22:36:49,876 [pool-409-thread-1] INFO  server.RaftServerConfigKeys (ConfUtils.java:logGet(43)) - raft.server.log.segment.size.max = 1048576 (custom)
2019-09-27 22:36:49,876 [pool-419-thread-1] INFO  server.RaftServerConfigKeys (ConfUtils.java:logGet(43)) - raft.server.log.preallocated.size = 16384 (custom)
2019-09-27 22:36:49,876 [pool-429-thread-1] INFO  server.RaftServerConfigKeys (ConfUtils.java:logGet(43)) - raft.server.log.segment.size.max = 1048576 (custom)
2019-09-27 22:36:49,876 [pool-419-thread-1] INFO  server.RaftServerConfigKeys (ConfUtils.java:logGet(43)) - raft.server.log.write.buffer.size = 33554432 (custom)
2019-09-27 22:36:49,876 [pool-409-thread-1] INFO  server.RaftServerConfigKeys (ConfUtils.java:logGet(43)) - raft.server.log.segment.cache.num.max = 2 (custom)
2019-09-27 22:36:49,877 [pool-419-thread-1] INFO  server.RaftServerConfigKeys (ConfUtils.java:logGet(43)) - raft.server.log.force.sync.num = 128 (default)
2019-09-27 22:36:49,877 [pool-429-thread-1] INFO  server.RaftServerConfigKeys (ConfUtils.java:logGet(43)) - raft.server.log.segment.cache.num.max = 2 (custom)
2019-09-27 22:36:49,877 [pool-419-thread-1] INFO  server.RaftServerConfigKeys (ConfUtils.java:logGet(43)) - raft.server.log.statemachine.data.sync = true (default)
2019-09-27 22:36:49,877 [pool-409-thread-1] INFO  segmented.SegmentedRaftLogWorker (SegmentedRaftLogWorker.java:<init>(172)) - new e604bea6-ce93-4a71-8c7f-2b360e024367@group-77D7DB3AC510-SegmentedRaftLogWorker for RaftStorage:Storage Directory /workdir/hadoop-ozone/integration-test/target/test-dir/MiniOzoneClusterImpl-6301c58b-4ac9-45bc-bb33-5a7d24acbbd6/datanode-0/data/ratis/c2e942b1-9951-445b-a8c9-77d7db3ac510
2019-09-27 22:36:49,877 [pool-419-thread-1] INFO  server.RaftServerConfigKeys (ConfUtils.java:logGet(43)) - raft.server.log.statemachine.data.sync.timeout = 10s (default)
2019-09-27 22:36:49,877 [pool-429-thread-1] INFO  segmented.SegmentedRaftLogWorker (SegmentedRaftLogWorker.java:<init>(172)) - new a2745f55-569e-4cc9-94ac-292e693a8958@group-77D7DB3AC510-SegmentedRaftLogWorker for RaftStorage:Storage Directory /workdir/hadoop-ozone/integration-test/target/test-dir/MiniOzoneClusterImpl-6301c58b-4ac9-45bc-bb33-5a7d24acbbd6/datanode-2/data/ratis/c2e942b1-9951-445b-a8c9-77d7db3ac510
2019-09-27 22:36:49,878 [pool-419-thread-1] INFO  server.RaftServerConfigKeys (ConfUtils.java:logGet(43)) - raft.server.log.statemachine.data.sync.timeout.retry = -1 (default)
2019-09-27 22:36:49,877 [pool-409-thread-1] INFO  server.RaftServerConfigKeys (ConfUtils.java:logGet(43)) - raft.server.log.queue.byte-limit = 2147483647 (custom)
2019-09-27 22:36:49,878 [pool-419-thread-1] INFO  server.RaftServerConfigKeys (ConfUtils.java:logGet(43)) - raft.server.log.statemachine.data.caching.enabled = true (custom)
2019-09-27 22:36:49,878 [pool-429-thread-1] INFO  server.RaftServerConfigKeys (ConfUtils.java:logGet(43)) - raft.server.log.queue.byte-limit = 2147483647 (custom)
2019-09-27 22:36:49,878 [pool-409-thread-1] INFO  server.RaftServerConfigKeys (ConfUtils.java:logGet(43)) - raft.server.log.queue.element-limit = 1024 (custom)
2019-09-27 22:36:49,878 [pool-419-thread-1] INFO  segmented.SegmentedRaftLogWorker (SegmentedRaftLogWorker.java:lambda$new$0(132)) - b54e9bbc-bb9e-442d-a038-28a1f4c684be@group-77D7DB3AC510-SegmentedRaftLogWorker: flushIndex: setUnconditionally 0 -> -1
2019-09-27 22:36:49,878 [pool-429-thread-1] INFO  server.RaftServerConfigKeys (ConfUtils.java:logGet(43)) - raft.server.log.queue.element-limit = 1024 (custom)
2019-09-27 22:36:49,878 [pool-409-thread-1] INFO  server.RaftServerConfigKeys (ConfUtils.java:logGet(43)) - raft.server.log.segment.size.max = 1048576 (custom)
2019-09-27 22:36:49,879 [pool-429-thread-1] INFO  server.RaftServerConfigKeys (ConfUtils.java:logGet(43)) - raft.server.log.segment.size.max = 1048576 (custom)
2019-09-27 22:36:49,879 [pool-419-thread-1] INFO  server.RaftServerConfigKeys (ConfUtils.java:logGet(43)) - raft.server.snapshot.auto.trigger.enabled = true (custom)
2019-09-27 22:36:49,879 [pool-429-thread-1] INFO  server.RaftServerConfigKeys (ConfUtils.java:logGet(43)) - raft.server.log.preallocated.size = 16384 (custom)
2019-09-27 22:36:49,879 [pool-409-thread-1] INFO  server.RaftServerConfigKeys (ConfUtils.java:logGet(43)) - raft.server.log.preallocated.size = 16384 (custom)
2019-09-27 22:36:49,879 [pool-429-thread-1] INFO  server.RaftServerConfigKeys (ConfUtils.java:logGet(43)) - raft.server.log.write.buffer.size = 33554432 (custom)
2019-09-27 22:36:49,879 [pool-419-thread-1] INFO  server.RaftServerConfigKeys (ConfUtils.java:logGet(43)) - raft.server.snapshot.auto.trigger.threshold = 10000 (custom)
2019-09-27 22:36:49,880 [pool-429-thread-1] INFO  server.RaftServerConfigKeys (ConfUtils.java:logGet(43)) - raft.server.log.force.sync.num = 128 (default)
2019-09-27 22:36:49,880 [pool-409-thread-1] INFO  server.RaftServerConfigKeys (ConfUtils.java:logGet(43)) - raft.server.log.write.buffer.size = 33554432 (custom)
2019-09-27 22:36:49,880 [pool-429-thread-1] INFO  server.RaftServerConfigKeys (ConfUtils.java:logGet(43)) - raft.server.log.statemachine.data.sync = true (default)
2019-09-27 22:36:49,880 [pool-419-thread-1] INFO  server.RaftServerConfigKeys (ConfUtils.java:logGet(43)) - raft.server.snapshot.retention.num.files = 5 (custom)
2019-09-27 22:36:49,880 [pool-429-thread-1] INFO  server.RaftServerConfigKeys (ConfUtils.java:logGet(43)) - raft.server.log.statemachine.data.sync.timeout = 10s (default)
2019-09-27 22:36:49,880 [pool-409-thread-1] INFO  server.RaftServerConfigKeys (ConfUtils.java:logGet(43)) - raft.server.log.force.sync.num = 128 (default)
2019-09-27 22:36:49,880 [pool-429-thread-1] INFO  server.RaftServerConfigKeys (ConfUtils.java:logGet(43)) - raft.server.log.statemachine.data.sync.timeout.retry = -1 (default)
2019-09-27 22:36:49,880 [pool-419-thread-1] INFO  server.RaftServerConfigKeys (ConfUtils.java:logGet(43)) - raft.server.retrycache.expirytime = 600000ms (custom)
2019-09-27 22:36:49,881 [pool-429-thread-1] INFO  server.RaftServerConfigKeys (ConfUtils.java:logGet(43)) - raft.server.log.statemachine.data.caching.enabled = true (custom)
2019-09-27 22:36:49,881 [pool-409-thread-1] INFO  server.RaftServerConfigKeys (ConfUtils.java:logGet(43)) - raft.server.log.statemachine.data.sync = true (default)
2019-09-27 22:36:49,881 [pool-409-thread-1] INFO  server.RaftServerConfigKeys (ConfUtils.java:logGet(43)) - raft.server.log.statemachine.data.sync.timeout = 10s (default)
2019-09-27 22:36:49,881 [pool-429-thread-1] INFO  segmented.SegmentedRaftLogWorker (SegmentedRaftLogWorker.java:lambda$new$0(132)) - a2745f55-569e-4cc9-94ac-292e693a8958@group-77D7DB3AC510-SegmentedRaftLogWorker: flushIndex: setUnconditionally 0 -> -1
2019-09-27 22:36:49,881 [pool-409-thread-1] INFO  server.RaftServerConfigKeys (ConfUtils.java:logGet(43)) - raft.server.log.statemachine.data.sync.timeout.retry = -1 (default)
2019-09-27 22:36:49,882 [pool-429-thread-1] INFO  server.RaftServerConfigKeys (ConfUtils.java:logGet(43)) - raft.server.snapshot.auto.trigger.enabled = true (custom)
2019-09-27 22:36:49,882 [pool-409-thread-1] INFO  server.RaftServerConfigKeys (ConfUtils.java:logGet(43)) - raft.server.log.statemachine.data.caching.enabled = true (custom)
2019-09-27 22:36:49,882 [pool-429-thread-1] INFO  server.RaftServerConfigKeys (ConfUtils.java:logGet(43)) - raft.server.snapshot.auto.trigger.threshold = 10000 (custom)
2019-09-27 22:36:49,882 [pool-409-thread-1] INFO  segmented.SegmentedRaftLogWorker (SegmentedRaftLogWorker.java:lambda$new$0(132)) - e604bea6-ce93-4a71-8c7f-2b360e024367@group-77D7DB3AC510-SegmentedRaftLogWorker: flushIndex: setUnconditionally 0 -> -1
2019-09-27 22:36:49,882 [pool-419-thread-1] INFO  impl.RaftServerImpl (RaftServerImpl.java:start(185)) - b54e9bbc-bb9e-442d-a038-28a1f4c684be@group-77D7DB3AC510: start as a follower, conf=-1: [b54e9bbc-bb9e-442d-a038-28a1f4c684be:192.168.151.84:41910, a2745f55-569e-4cc9-94ac-292e693a8958:192.168.151.84:39018, e604bea6-ce93-4a71-8c7f-2b360e024367:192.168.151.84:42472], old=null
2019-09-27 22:36:49,882 [pool-429-thread-1] INFO  server.RaftServerConfigKeys (ConfUtils.java:logGet(43)) - raft.server.snapshot.retention.num.files = 5 (custom)
2019-09-27 22:36:49,883 [pool-409-thread-1] INFO  server.RaftServerConfigKeys (ConfUtils.java:logGet(43)) - raft.server.snapshot.auto.trigger.enabled = true (custom)
2019-09-27 22:36:49,883 [pool-419-thread-1] INFO  impl.RaftServerImpl (RaftServerImpl.java:setRole(174)) - b54e9bbc-bb9e-442d-a038-28a1f4c684be@group-77D7DB3AC510: changes role from      null to FOLLOWER at term 0 for startAsFollower
2019-09-27 22:36:49,883 [pool-409-thread-1] INFO  server.RaftServerConfigKeys (ConfUtils.java:logGet(43)) - raft.server.snapshot.auto.trigger.threshold = 10000 (custom)
2019-09-27 22:36:49,883 [pool-429-thread-1] INFO  server.RaftServerConfigKeys (ConfUtils.java:logGet(43)) - raft.server.retrycache.expirytime = 600000ms (custom)
2019-09-27 22:36:49,883 [pool-409-thread-1] INFO  server.RaftServerConfigKeys (ConfUtils.java:logGet(43)) - raft.server.snapshot.retention.num.files = 5 (custom)
2019-09-27 22:36:49,883 [pool-419-thread-1] INFO  impl.RoleInfo (RoleInfo.java:updateAndGet(143)) - b54e9bbc-bb9e-442d-a038-28a1f4c684be: start FollowerState
2019-09-27 22:36:49,883 [pool-409-thread-1] INFO  server.RaftServerConfigKeys (ConfUtils.java:logGet(43)) - raft.server.retrycache.expirytime = 600000ms (custom)
2019-09-27 22:36:49,884 [pool-419-thread-1] INFO  util.JmxRegister (JmxRegister.java:tryRegister(44)) - Successfully registered JMX Bean with object name Ratis:service=RaftServer,group=group-77D7DB3AC510,id=b54e9bbc-bb9e-442d-a038-28a1f4c684be
2019-09-27 22:36:49,886 [pool-429-thread-1] INFO  impl.RaftServerImpl (RaftServerImpl.java:start(185)) - a2745f55-569e-4cc9-94ac-292e693a8958@group-77D7DB3AC510: start as a follower, conf=-1: [b54e9bbc-bb9e-442d-a038-28a1f4c684be:192.168.151.84:41910, a2745f55-569e-4cc9-94ac-292e693a8958:192.168.151.84:39018, e604bea6-ce93-4a71-8c7f-2b360e024367:192.168.151.84:42472], old=null
2019-09-27 22:36:49,887 [pool-429-thread-1] INFO  impl.RaftServerImpl (RaftServerImpl.java:setRole(174)) - a2745f55-569e-4cc9-94ac-292e693a8958@group-77D7DB3AC510: changes role from      null to FOLLOWER at term 0 for startAsFollower
2019-09-27 22:36:49,887 [pool-409-thread-1] INFO  impl.RaftServerImpl (RaftServerImpl.java:start(185)) - e604bea6-ce93-4a71-8c7f-2b360e024367@group-77D7DB3AC510: start as a follower, conf=-1: [b54e9bbc-bb9e-442d-a038-28a1f4c684be:192.168.151.84:41910, a2745f55-569e-4cc9-94ac-292e693a8958:192.168.151.84:39018, e604bea6-ce93-4a71-8c7f-2b360e024367:192.168.151.84:42472], old=null
2019-09-27 22:36:49,887 [pool-429-thread-1] INFO  impl.RoleInfo (RoleInfo.java:updateAndGet(143)) - a2745f55-569e-4cc9-94ac-292e693a8958: start FollowerState
2019-09-27 22:36:49,887 [pool-409-thread-1] INFO  impl.RaftServerImpl (RaftServerImpl.java:setRole(174)) - e604bea6-ce93-4a71-8c7f-2b360e024367@group-77D7DB3AC510: changes role from      null to FOLLOWER at term 0 for startAsFollower
2019-09-27 22:36:49,887 [pool-409-thread-1] INFO  impl.RoleInfo (RoleInfo.java:updateAndGet(143)) - e604bea6-ce93-4a71-8c7f-2b360e024367: start FollowerState
2019-09-27 22:36:49,887 [pool-429-thread-1] INFO  util.JmxRegister (JmxRegister.java:tryRegister(44)) - Successfully registered JMX Bean with object name Ratis:service=RaftServer,group=group-77D7DB3AC510,id=a2745f55-569e-4cc9-94ac-292e693a8958
2019-09-27 22:36:49,887 [pool-409-thread-1] INFO  util.JmxRegister (JmxRegister.java:tryRegister(44)) - Successfully registered JMX Bean with object name Ratis:service=RaftServer,group=group-77D7DB3AC510,id=e604bea6-ce93-4a71-8c7f-2b360e024367
2019-09-27 22:36:49,890 [RatisPipelineUtilsThread] INFO  pipeline.PipelineStateManager (PipelineStateManager.java:addPipeline(56)) - Created pipeline Pipeline[ Id: c2e942b1-9951-445b-a8c9-77d7db3ac510, Nodes: b54e9bbc-bb9e-442d-a038-28a1f4c684be{ip: 192.168.151.84, host: pr-hdds-2019-zjk6f-2271287486, networkLocation: /default-rack, certSerialId: null}a2745f55-569e-4cc9-94ac-292e693a8958{ip: 192.168.151.84, host: pr-hdds-2019-zjk6f-2271287486, networkLocation: /default-rack, certSerialId: null}e604bea6-ce93-4a71-8c7f-2b360e024367{ip: 192.168.151.84, host: pr-hdds-2019-zjk6f-2271287486, networkLocation: /default-rack, certSerialId: null}, Type:RATIS, Factor:THREE, State:OPEN]
2019-09-27 22:36:49,940 [IPC Server handler 2 on 39409] INFO  net.NetworkTopology (NetworkTopologyImpl.java:add(111)) - Added a new node: /default-rack/f92c8218-5cc6-41a8-ba7f-0ea4b1b7a760
2019-09-27 22:36:49,940 [IPC Server handler 2 on 39409] INFO  node.SCMNodeManager (SCMNodeManager.java:register(266)) - Registered Data node : f92c8218-5cc6-41a8-ba7f-0ea4b1b7a760{ip: 192.168.151.84, host: pr-hdds-2019-zjk6f-2271287486, networkLocation: /default-rack, certSerialId: null}
2019-09-27 22:36:49,949 [grpc-default-executor-9] INFO  impl.RaftServerProxy (RaftServerProxy.java:addNew(89)) - 794cf556-ac59-4769-9140-89bf84b53f53: addNew group-11ACB02A3219:[794cf556-ac59-4769-9140-89bf84b53f53:192.168.151.84:32956] returns group-11ACB02A3219:java.util.concurrent.CompletableFuture@38627e30[Not completed]
2019-09-27 22:36:49,953 [pool-439-thread-1] INFO  impl.RaftServerImpl (RaftServerImpl.java:<init>(95)) - 794cf556-ac59-4769-9140-89bf84b53f53: new RaftServerImpl for group-11ACB02A3219:[794cf556-ac59-4769-9140-89bf84b53f53:192.168.151.84:32956] with ContainerStateMachine:uninitialized
2019-09-27 22:36:49,953 [pool-439-thread-1] INFO  server.RaftServerConfigKeys (ConfUtils.java:logGet(43)) - raft.server.rpc.timeout.min = 5s (custom)
2019-09-27 22:36:49,953 [pool-439-thread-1] INFO  server.RaftServerConfigKeys (ConfUtils.java:logGet(43)) - raft.server.rpc.timeout.max = 5200ms (custom)
2019-09-27 22:36:49,953 [pool-439-thread-1] INFO  server.RaftServerConfigKeys (ConfUtils.java:logGet(43)) - raft.server.rpcslowness.timeout = 120s (custom)
2019-09-27 22:36:49,953 [pool-439-thread-1] INFO  server.RaftServerConfigKeys (ConfUtils.java:logGet(43)) - raft.server.sleep.deviation.threshold = 300 (default)
2019-09-27 22:36:49,953 [pool-439-thread-1] INFO  server.RaftServerConfigKeys (ConfUtils.java:logGet(43)) - raft.server.log.appender.install.snapshot.enabled = false (custom)
2019-09-27 22:36:49,953 [pool-439-thread-1] INFO  impl.RaftServerImpl (ServerState.java:<init>(103)) - 794cf556-ac59-4769-9140-89bf84b53f53@group-11ACB02A3219: ConfigurationManager, init=-1: [794cf556-ac59-4769-9140-89bf84b53f53:192.168.151.84:32956], old=null, confs=<EMPTY_MAP>
2019-09-27 22:36:49,954 [pool-439-thread-1] INFO  server.RaftServerConfigKeys (ConfUtils.java:logGet(43)) - raft.server.storage.dir = [/workdir/hadoop-ozone/integration-test/target/test-dir/MiniOzoneClusterImpl-6301c58b-4ac9-45bc-bb33-5a7d24acbbd6/datanode-3/data/ratis] (custom)
2019-09-27 22:36:49,954 [pool-439-thread-1] INFO  storage.RaftStorageDirectory (RaftStorageDirectory.java:analyzeStorage(246)) - The storage directory /workdir/hadoop-ozone/integration-test/target/test-dir/MiniOzoneClusterImpl-6301c58b-4ac9-45bc-bb33-5a7d24acbbd6/datanode-3/data/ratis/9c7ee632-a776-4fa6-8e99-11acb02a3219 does not exist. Creating ...
2019-09-27 22:36:49,966 [pool-439-thread-1] INFO  storage.RaftStorageDirectory (RaftStorageDirectory.java:tryLock(328)) - Lock on /workdir/hadoop-ozone/integration-test/target/test-dir/MiniOzoneClusterImpl-6301c58b-4ac9-45bc-bb33-5a7d24acbbd6/datanode-3/data/ratis/9c7ee632-a776-4fa6-8e99-11acb02a3219/in_use.lock acquired by nodename 22539@pr-hdds-2019-zjk6f-2271287486
2019-09-27 22:36:50,006 [pool-439-thread-1] INFO  storage.RaftStorage (RaftStorage.java:format(72)) - Storage directory /workdir/hadoop-ozone/integration-test/target/test-dir/MiniOzoneClusterImpl-6301c58b-4ac9-45bc-bb33-5a7d24acbbd6/datanode-3/data/ratis/9c7ee632-a776-4fa6-8e99-11acb02a3219 has been successfully formatted.
2019-09-27 22:36:50,007 [pool-439-thread-1] INFO  ratis.ContainerStateMachine (ContainerStateMachine.java:loadSnapshot(230)) - group-11ACB02A3219: The snapshot info is null. Setting the last applied indexto:(t:0, i:~)
2019-09-27 22:36:50,007 [pool-439-thread-1] INFO  server.RaftServerConfigKeys (ConfUtils.java:logGet(43)) - raft.server.notification.no-leader.timeout = 120s (custom)
2019-09-27 22:36:50,007 [pool-439-thread-1] INFO  server.RaftServerConfigKeys (ConfUtils.java:logGet(43)) - raft.server.log.use.memory = false (default)
2019-09-27 22:36:50,007 [pool-439-thread-1] INFO  server.RaftServerConfigKeys (ConfUtils.java:logGet(43)) - raft.server.log.purge.gap = 1000000 (custom)
2019-09-27 22:36:50,007 [pool-439-thread-1] INFO  server.RaftServerConfigKeys (ConfUtils.java:logGet(43)) - raft.server.log.appender.buffer.byte-limit = 33554432 (custom)
2019-09-27 22:36:50,007 [pool-439-thread-1] INFO  server.RaftServerConfigKeys (ConfUtils.java:logGet(43)) - raft.server.log.segment.size.max = 1048576 (custom)
2019-09-27 22:36:50,008 [pool-439-thread-1] INFO  server.RaftServerConfigKeys (ConfUtils.java:logGet(43)) - raft.server.log.segment.cache.num.max = 2 (custom)
2019-09-27 22:36:50,008 [pool-439-thread-1] INFO  segmented.SegmentedRaftLogWorker (SegmentedRaftLogWorker.java:<init>(172)) - new 794cf556-ac59-4769-9140-89bf84b53f53@group-11ACB02A3219-SegmentedRaftLogWorker for RaftStorage:Storage Directory /workdir/hadoop-ozone/integration-test/target/test-dir/MiniOzoneClusterImpl-6301c58b-4ac9-45bc-bb33-5a7d24acbbd6/datanode-3/data/ratis/9c7ee632-a776-4fa6-8e99-11acb02a3219
2019-09-27 22:36:50,009 [IPC Server handler 4 on 39409] INFO  net.NetworkTopology (NetworkTopologyImpl.java:add(111)) - Added a new node: /default-rack/3fd0793e-5fae-4540-8845-888b9218eff5
2019-09-27 22:36:50,009 [IPC Server handler 4 on 39409] INFO  node.SCMNodeManager (SCMNodeManager.java:register(266)) - Registered Data node : 3fd0793e-5fae-4540-8845-888b9218eff5{ip: 192.168.151.84, host: pr-hdds-2019-zjk6f-2271287486, networkLocation: /default-rack, certSerialId: null}
2019-09-27 22:36:50,010 [pool-439-thread-1] INFO  server.RaftServerConfigKeys (ConfUtils.java:logGet(43)) - raft.server.log.queue.byte-limit = 2147483647 (custom)
2019-09-27 22:36:50,010 [pool-439-thread-1] INFO  server.RaftServerConfigKeys (ConfUtils.java:logGet(43)) - raft.server.log.queue.element-limit = 1024 (custom)
2019-09-27 22:36:50,010 [pool-439-thread-1] INFO  server.RaftServerConfigKeys (ConfUtils.java:logGet(43)) - raft.server.log.segment.size.max = 1048576 (custom)
2019-09-27 22:36:50,011 [pool-439-thread-1] INFO  server.RaftServerConfigKeys (ConfUtils.java:logGet(43)) - raft.server.log.preallocated.size = 16384 (custom)
2019-09-27 22:36:50,011 [pool-439-thread-1] INFO  server.RaftServerConfigKeys (ConfUtils.java:logGet(43)) - raft.server.log.write.buffer.size = 33554432 (custom)
2019-09-27 22:36:50,011 [pool-439-thread-1] INFO  server.RaftServerConfigKeys (ConfUtils.java:logGet(43)) - raft.server.log.force.sync.num = 128 (default)
2019-09-27 22:36:50,011 [pool-439-thread-1] INFO  server.RaftServerConfigKeys (ConfUtils.java:logGet(43)) - raft.server.log.statemachine.data.sync = true (default)
2019-09-27 22:36:50,011 [pool-439-thread-1] INFO  server.RaftServerConfigKeys (ConfUtils.java:logGet(43)) - raft.server.log.statemachine.data.sync.timeout = 10s (default)
2019-09-27 22:36:50,011 [pool-439-thread-1] INFO  server.RaftServerConfigKeys (ConfUtils.java:logGet(43)) - raft.server.log.statemachine.data.sync.timeout.retry = -1 (default)
2019-09-27 22:36:50,012 [pool-439-thread-1] INFO  server.RaftServerConfigKeys (ConfUtils.java:logGet(43)) - raft.server.log.statemachine.data.caching.enabled = true (custom)
2019-09-27 22:36:50,012 [pool-439-thread-1] INFO  segmented.SegmentedRaftLogWorker (SegmentedRaftLogWorker.java:lambda$new$0(132)) - 794cf556-ac59-4769-9140-89bf84b53f53@group-11ACB02A3219-SegmentedRaftLogWorker: flushIndex: setUnconditionally 0 -> -1
2019-09-27 22:36:50,012 [pool-439-thread-1] INFO  server.RaftServerConfigKeys (ConfUtils.java:logGet(43)) - raft.server.snapshot.auto.trigger.enabled = true (custom)
2019-09-27 22:36:50,013 [pool-439-thread-1] INFO  server.RaftServerConfigKeys (ConfUtils.java:logGet(43)) - raft.server.snapshot.auto.trigger.threshold = 10000 (custom)
2019-09-27 22:36:50,013 [pool-439-thread-1] INFO  server.RaftServerConfigKeys (ConfUtils.java:logGet(43)) - raft.server.snapshot.retention.num.files = 5 (custom)
2019-09-27 22:36:50,013 [pool-439-thread-1] INFO  server.RaftServerConfigKeys (ConfUtils.java:logGet(43)) - raft.server.retrycache.expirytime = 600000ms (custom)
2019-09-27 22:36:50,016 [pool-439-thread-1] INFO  impl.RaftServerImpl (RaftServerImpl.java:start(185)) - 794cf556-ac59-4769-9140-89bf84b53f53@group-11ACB02A3219: start as a follower, conf=-1: [794cf556-ac59-4769-9140-89bf84b53f53:192.168.151.84:32956], old=null
2019-09-27 22:36:50,016 [pool-439-thread-1] INFO  impl.RaftServerImpl (RaftServerImpl.java:setRole(174)) - 794cf556-ac59-4769-9140-89bf84b53f53@group-11ACB02A3219: changes role from      null to FOLLOWER at term 0 for startAsFollower
2019-09-27 22:36:50,017 [pool-439-thread-1] INFO  impl.RoleInfo (RoleInfo.java:updateAndGet(143)) - 794cf556-ac59-4769-9140-89bf84b53f53: start FollowerState
2019-09-27 22:36:50,029 [pool-439-thread-1] INFO  util.JmxRegister (JmxRegister.java:tryRegister(44)) - Successfully registered JMX Bean with object name Ratis:service=RaftServer,group=group-11ACB02A3219,id=794cf556-ac59-4769-9140-89bf84b53f53
2019-09-27 22:36:50,040 [RatisPipelineUtilsThread] INFO  pipeline.PipelineStateManager (PipelineStateManager.java:addPipeline(56)) - Created pipeline Pipeline[ Id: 9c7ee632-a776-4fa6-8e99-11acb02a3219, Nodes: 794cf556-ac59-4769-9140-89bf84b53f53{ip: 192.168.151.84, host: pr-hdds-2019-zjk6f-2271287486, networkLocation: /default-rack, certSerialId: null}, Type:RATIS, Factor:ONE, State:OPEN]
2019-09-27 22:36:50,047 [grpc-default-executor-9] INFO  impl.RaftServerProxy (RaftServerProxy.java:addNew(89)) - 3fd0793e-5fae-4540-8845-888b9218eff5: addNew group-ACA0A342179C:[3fd0793e-5fae-4540-8845-888b9218eff5:192.168.151.84:46520] returns group-ACA0A342179C:java.util.concurrent.CompletableFuture@304e020c[Not completed]
2019-09-27 22:36:50,048 [pool-459-thread-1] INFO  impl.RaftServerImpl (RaftServerImpl.java:<init>(95)) - 3fd0793e-5fae-4540-8845-888b9218eff5: new RaftServerImpl for group-ACA0A342179C:[3fd0793e-5fae-4540-8845-888b9218eff5:192.168.151.84:46520] with ContainerStateMachine:uninitialized
2019-09-27 22:36:50,049 [pool-459-thread-1] INFO  server.RaftServerConfigKeys (ConfUtils.java:logGet(43)) - raft.server.rpc.timeout.min = 5s (custom)
2019-09-27 22:36:50,049 [pool-459-thread-1] INFO  server.RaftServerConfigKeys (ConfUtils.java:logGet(43)) - raft.server.rpc.timeout.max = 5200ms (custom)
2019-09-27 22:36:50,049 [pool-459-thread-1] INFO  server.RaftServerConfigKeys (ConfUtils.java:logGet(43)) - raft.server.rpcslowness.timeout = 120s (custom)
2019-09-27 22:36:50,049 [pool-459-thread-1] INFO  server.RaftServerConfigKeys (ConfUtils.java:logGet(43)) - raft.server.sleep.deviation.threshold = 300 (default)
2019-09-27 22:36:50,049 [pool-459-thread-1] INFO  server.RaftServerConfigKeys (ConfUtils.java:logGet(43)) - raft.server.log.appender.install.snapshot.enabled = false (custom)
2019-09-27 22:36:50,049 [pool-459-thread-1] INFO  impl.RaftServerImpl (ServerState.java:<init>(103)) - 3fd0793e-5fae-4540-8845-888b9218eff5@group-ACA0A342179C: ConfigurationManager, init=-1: [3fd0793e-5fae-4540-8845-888b9218eff5:192.168.151.84:46520], old=null, confs=<EMPTY_MAP>
2019-09-27 22:36:50,049 [pool-459-thread-1] INFO  server.RaftServerConfigKeys (ConfUtils.java:logGet(43)) - raft.server.storage.dir = [/workdir/hadoop-ozone/integration-test/target/test-dir/MiniOzoneClusterImpl-6301c58b-4ac9-45bc-bb33-5a7d24acbbd6/datanode-5/data/ratis] (custom)
2019-09-27 22:36:50,050 [pool-459-thread-1] INFO  storage.RaftStorageDirectory (RaftStorageDirectory.java:analyzeStorage(246)) - The storage directory /workdir/hadoop-ozone/integration-test/target/test-dir/MiniOzoneClusterImpl-6301c58b-4ac9-45bc-bb33-5a7d24acbbd6/datanode-5/data/ratis/814b1a22-11d8-4040-ac4b-aca0a342179c does not exist. Creating ...
2019-09-27 22:36:50,063 [pool-459-thread-1] INFO  storage.RaftStorageDirectory (RaftStorageDirectory.java:tryLock(328)) - Lock on /workdir/hadoop-ozone/integration-test/target/test-dir/MiniOzoneClusterImpl-6301c58b-4ac9-45bc-bb33-5a7d24acbbd6/datanode-5/data/ratis/814b1a22-11d8-4040-ac4b-aca0a342179c/in_use.lock acquired by nodename 22539@pr-hdds-2019-zjk6f-2271287486
2019-09-27 22:36:50,077 [pool-459-thread-1] INFO  storage.RaftStorage (RaftStorage.java:format(72)) - Storage directory /workdir/hadoop-ozone/integration-test/target/test-dir/MiniOzoneClusterImpl-6301c58b-4ac9-45bc-bb33-5a7d24acbbd6/datanode-5/data/ratis/814b1a22-11d8-4040-ac4b-aca0a342179c has been successfully formatted.
2019-09-27 22:36:50,077 [pool-459-thread-1] INFO  ratis.ContainerStateMachine (ContainerStateMachine.java:loadSnapshot(230)) - group-ACA0A342179C: The snapshot info is null. Setting the last applied indexto:(t:0, i:~)
2019-09-27 22:36:50,078 [pool-459-thread-1] INFO  server.RaftServerConfigKeys (ConfUtils.java:logGet(43)) - raft.server.notification.no-leader.timeout = 120s (custom)
2019-09-27 22:36:50,078 [pool-459-thread-1] INFO  server.RaftServerConfigKeys (ConfUtils.java:logGet(43)) - raft.server.log.use.memory = false (default)
2019-09-27 22:36:50,078 [pool-459-thread-1] INFO  server.RaftServerConfigKeys (ConfUtils.java:logGet(43)) - raft.server.log.purge.gap = 1000000 (custom)
2019-09-27 22:36:50,078 [pool-459-thread-1] INFO  server.RaftServerConfigKeys (ConfUtils.java:logGet(43)) - raft.server.log.appender.buffer.byte-limit = 33554432 (custom)
2019-09-27 22:36:50,078 [pool-459-thread-1] INFO  server.RaftServerConfigKeys (ConfUtils.java:logGet(43)) - raft.server.log.segment.size.max = 1048576 (custom)
2019-09-27 22:36:50,078 [pool-459-thread-1] INFO  server.RaftServerConfigKeys (ConfUtils.java:logGet(43)) - raft.server.log.segment.cache.num.max = 2 (custom)
2019-09-27 22:36:50,078 [pool-459-thread-1] INFO  segmented.SegmentedRaftLogWorker (SegmentedRaftLogWorker.java:<init>(172)) - new 3fd0793e-5fae-4540-8845-888b9218eff5@group-ACA0A342179C-SegmentedRaftLogWorker for RaftStorage:Storage Directory /workdir/hadoop-ozone/integration-test/target/test-dir/MiniOzoneClusterImpl-6301c58b-4ac9-45bc-bb33-5a7d24acbbd6/datanode-5/data/ratis/814b1a22-11d8-4040-ac4b-aca0a342179c
2019-09-27 22:36:50,080 [pool-459-thread-1] INFO  server.RaftServerConfigKeys (ConfUtils.java:logGet(43)) - raft.server.log.queue.byte-limit = 2147483647 (custom)
2019-09-27 22:36:50,080 [pool-459-thread-1] INFO  server.RaftServerConfigKeys (ConfUtils.java:logGet(43)) - raft.server.log.queue.element-limit = 1024 (custom)
2019-09-27 22:36:50,081 [pool-459-thread-1] INFO  server.RaftServerConfigKeys (ConfUtils.java:logGet(43)) - raft.server.log.segment.size.max = 1048576 (custom)
2019-09-27 22:36:50,081 [pool-459-thread-1] INFO  server.RaftServerConfigKeys (ConfUtils.java:logGet(43)) - raft.server.log.preallocated.size = 16384 (custom)
2019-09-27 22:36:50,081 [pool-459-thread-1] INFO  server.RaftServerConfigKeys (ConfUtils.java:logGet(43)) - raft.server.log.write.buffer.size = 33554432 (custom)
2019-09-27 22:36:50,081 [pool-459-thread-1] INFO  server.RaftServerConfigKeys (ConfUtils.java:logGet(43)) - raft.server.log.force.sync.num = 128 (default)
2019-09-27 22:36:50,081 [pool-459-thread-1] INFO  server.RaftServerConfigKeys (ConfUtils.java:logGet(43)) - raft.server.log.statemachine.data.sync = true (default)
2019-09-27 22:36:50,081 [pool-459-thread-1] INFO  server.RaftServerConfigKeys (ConfUtils.java:logGet(43)) - raft.server.log.statemachine.data.sync.timeout = 10s (default)
2019-09-27 22:36:50,081 [pool-459-thread-1] INFO  server.RaftServerConfigKeys (ConfUtils.java:logGet(43)) - raft.server.log.statemachine.data.sync.timeout.retry = -1 (default)
2019-09-27 22:36:50,082 [pool-459-thread-1] INFO  server.RaftServerConfigKeys (ConfUtils.java:logGet(43)) - raft.server.log.statemachine.data.caching.enabled = true (custom)
2019-09-27 22:36:50,082 [pool-459-thread-1] INFO  segmented.SegmentedRaftLogWorker (SegmentedRaftLogWorker.java:lambda$new$0(132)) - 3fd0793e-5fae-4540-8845-888b9218eff5@group-ACA0A342179C-SegmentedRaftLogWorker: flushIndex: setUnconditionally 0 -> -1
2019-09-27 22:36:50,082 [pool-459-thread-1] INFO  server.RaftServerConfigKeys (ConfUtils.java:logGet(43)) - raft.server.snapshot.auto.trigger.enabled = true (custom)
2019-09-27 22:36:50,082 [pool-459-thread-1] INFO  server.RaftServerConfigKeys (ConfUtils.java:logGet(43)) - raft.server.snapshot.auto.trigger.threshold = 10000 (custom)
2019-09-27 22:36:50,082 [pool-459-thread-1] INFO  server.RaftServerConfigKeys (ConfUtils.java:logGet(43)) - raft.server.snapshot.retention.num.files = 5 (custom)
2019-09-27 22:36:50,083 [pool-459-thread-1] INFO  server.RaftServerConfigKeys (ConfUtils.java:logGet(43)) - raft.server.retrycache.expirytime = 600000ms (custom)
2019-09-27 22:36:50,084 [pool-459-thread-1] INFO  impl.RaftServerImpl (RaftServerImpl.java:start(185)) - 3fd0793e-5fae-4540-8845-888b9218eff5@group-ACA0A342179C: start as a follower, conf=-1: [3fd0793e-5fae-4540-8845-888b9218eff5:192.168.151.84:46520], old=null
2019-09-27 22:36:50,084 [pool-459-thread-1] INFO  impl.RaftServerImpl (RaftServerImpl.java:setRole(174)) - 3fd0793e-5fae-4540-8845-888b9218eff5@group-ACA0A342179C: changes role from      null to FOLLOWER at term 0 for startAsFollower
2019-09-27 22:36:50,084 [pool-459-thread-1] INFO  impl.RoleInfo (RoleInfo.java:updateAndGet(143)) - 3fd0793e-5fae-4540-8845-888b9218eff5: start FollowerState
2019-09-27 22:36:50,085 [pool-459-thread-1] INFO  util.JmxRegister (JmxRegister.java:tryRegister(44)) - Successfully registered JMX Bean with object name Ratis:service=RaftServer,group=group-ACA0A342179C,id=3fd0793e-5fae-4540-8845-888b9218eff5
2019-09-27 22:36:50,087 [RatisPipelineUtilsThread] INFO  pipeline.PipelineStateManager (PipelineStateManager.java:addPipeline(56)) - Created pipeline Pipeline[ Id: 814b1a22-11d8-4040-ac4b-aca0a342179c, Nodes: 3fd0793e-5fae-4540-8845-888b9218eff5{ip: 192.168.151.84, host: pr-hdds-2019-zjk6f-2271287486, networkLocation: /default-rack, certSerialId: null}, Type:RATIS, Factor:ONE, State:OPEN]
2019-09-27 22:36:50,088 [IPC Server handler 0 on 39409] INFO  net.NetworkTopology (NetworkTopologyImpl.java:add(111)) - Added a new node: /default-rack/05873f83-2d70-453d-9ca0-1cf68bd9743c
2019-09-27 22:36:50,088 [IPC Server handler 0 on 39409] INFO  node.SCMNodeManager (SCMNodeManager.java:register(266)) - Registered Data node : 05873f83-2d70-453d-9ca0-1cf68bd9743c{ip: 192.168.151.84, host: pr-hdds-2019-zjk6f-2271287486, networkLocation: /default-rack, certSerialId: null}
2019-09-27 22:36:50,090 [main] INFO  ozone.MiniOzoneClusterImpl (MiniOzoneClusterImpl.java:lambda$waitForClusterToBeReady$0(147)) - Cluster is ready. Got 7 of 7 DN Heartbeats.
2019-09-27 22:36:50,094 [grpc-default-executor-9] INFO  impl.RaftServerProxy (RaftServerProxy.java:addNew(89)) - f92c8218-5cc6-41a8-ba7f-0ea4b1b7a760: addNew group-B9CB53704209:[f92c8218-5cc6-41a8-ba7f-0ea4b1b7a760:192.168.151.84:42688] returns group-B9CB53704209:java.util.concurrent.CompletableFuture@3aedb205[Not completed]
2019-09-27 22:36:50,095 [pool-449-thread-1] INFO  impl.RaftServerImpl (RaftServerImpl.java:<init>(95)) - f92c8218-5cc6-41a8-ba7f-0ea4b1b7a760: new RaftServerImpl for group-B9CB53704209:[f92c8218-5cc6-41a8-ba7f-0ea4b1b7a760:192.168.151.84:42688] with ContainerStateMachine:uninitialized
2019-09-27 22:36:50,095 [pool-449-thread-1] INFO  server.RaftServerConfigKeys (ConfUtils.java:logGet(43)) - raft.server.rpc.timeout.min = 5s (custom)
2019-09-27 22:36:50,095 [pool-449-thread-1] INFO  server.RaftServerConfigKeys (ConfUtils.java:logGet(43)) - raft.server.rpc.timeout.max = 5200ms (custom)
2019-09-27 22:36:50,095 [pool-449-thread-1] INFO  server.RaftServerConfigKeys (ConfUtils.java:logGet(43)) - raft.server.rpcslowness.timeout = 120s (custom)
2019-09-27 22:36:50,095 [pool-449-thread-1] INFO  server.RaftServerConfigKeys (ConfUtils.java:logGet(43)) - raft.server.sleep.deviation.threshold = 300 (default)
2019-09-27 22:36:50,095 [pool-449-thread-1] INFO  server.RaftServerConfigKeys (ConfUtils.java:logGet(43)) - raft.server.log.appender.install.snapshot.enabled = false (custom)
2019-09-27 22:36:50,096 [pool-449-thread-1] INFO  impl.RaftServerImpl (ServerState.java:<init>(103)) - f92c8218-5cc6-41a8-ba7f-0ea4b1b7a760@group-B9CB53704209: ConfigurationManager, init=-1: [f92c8218-5cc6-41a8-ba7f-0ea4b1b7a760:192.168.151.84:42688], old=null, confs=<EMPTY_MAP>
2019-09-27 22:36:50,096 [pool-449-thread-1] INFO  server.RaftServerConfigKeys (ConfUtils.java:logGet(43)) - raft.server.storage.dir = [/workdir/hadoop-ozone/integration-test/target/test-dir/MiniOzoneClusterImpl-6301c58b-4ac9-45bc-bb33-5a7d24acbbd6/datanode-4/data/ratis] (custom)
2019-09-27 22:36:50,096 [pool-449-thread-1] INFO  storage.RaftStorageDirectory (RaftStorageDirectory.java:analyzeStorage(246)) - The storage directory /workdir/hadoop-ozone/integration-test/target/test-dir/MiniOzoneClusterImpl-6301c58b-4ac9-45bc-bb33-5a7d24acbbd6/datanode-4/data/ratis/ebb64e23-6827-4588-8708-b9cb53704209 does not exist. Creating ...
2019-09-27 22:36:50,109 [pool-449-thread-1] INFO  storage.RaftStorageDirectory (RaftStorageDirectory.java:tryLock(328)) - Lock on /workdir/hadoop-ozone/integration-test/target/test-dir/MiniOzoneClusterImpl-6301c58b-4ac9-45bc-bb33-5a7d24acbbd6/datanode-4/data/ratis/ebb64e23-6827-4588-8708-b9cb53704209/in_use.lock acquired by nodename 22539@pr-hdds-2019-zjk6f-2271287486
2019-09-27 22:36:50,127 [main] INFO  rpc.RpcClient (RpcClient.java:createVolume(276)) - Creating Volume: testblockoutputstream, with jenkins1000 as owner.
2019-09-27 22:36:50,132 [pool-449-thread-1] INFO  storage.RaftStorage (RaftStorage.java:format(72)) - Storage directory /workdir/hadoop-ozone/integration-test/target/test-dir/MiniOzoneClusterImpl-6301c58b-4ac9-45bc-bb33-5a7d24acbbd6/datanode-4/data/ratis/ebb64e23-6827-4588-8708-b9cb53704209 has been successfully formatted.
2019-09-27 22:36:50,133 [pool-449-thread-1] INFO  ratis.ContainerStateMachine (ContainerStateMachine.java:loadSnapshot(230)) - group-B9CB53704209: The snapshot info is null. Setting the last applied indexto:(t:0, i:~)
2019-09-27 22:36:50,133 [pool-449-thread-1] INFO  server.RaftServerConfigKeys (ConfUtils.java:logGet(43)) - raft.server.notification.no-leader.timeout = 120s (custom)
2019-09-27 22:36:50,133 [pool-449-thread-1] INFO  server.RaftServerConfigKeys (ConfUtils.java:logGet(43)) - raft.server.log.use.memory = false (default)
2019-09-27 22:36:50,133 [IPC Server handler 2 on 35709] INFO  volume.OMVolumeCreateRequest (OMVolumeCreateRequest.java:validateAndUpdateCache(194)) - created volume:testblockoutputstream for user:jenkins1000
2019-09-27 22:36:50,133 [pool-449-thread-1] INFO  server.RaftServerConfigKeys (ConfUtils.java:logGet(43)) - raft.server.log.purge.gap = 1000000 (custom)
2019-09-27 22:36:50,133 [pool-449-thread-1] INFO  server.RaftServerConfigKeys (ConfUtils.java:logGet(43)) - raft.server.log.appender.buffer.byte-limit = 33554432 (custom)
2019-09-27 22:36:50,134 [pool-449-thread-1] INFO  server.RaftServerConfigKeys (ConfUtils.java:logGet(43)) - raft.server.log.segment.size.max = 1048576 (custom)
2019-09-27 22:36:50,134 [pool-449-thread-1] INFO  server.RaftServerConfigKeys (ConfUtils.java:logGet(43)) - raft.server.log.segment.cache.num.max = 2 (custom)
2019-09-27 22:36:50,134 [pool-449-thread-1] INFO  segmented.SegmentedRaftLogWorker (SegmentedRaftLogWorker.java:<init>(172)) - new f92c8218-5cc6-41a8-ba7f-0ea4b1b7a760@group-B9CB53704209-SegmentedRaftLogWorker for RaftStorage:Storage Directory /workdir/hadoop-ozone/integration-test/target/test-dir/MiniOzoneClusterImpl-6301c58b-4ac9-45bc-bb33-5a7d24acbbd6/datanode-4/data/ratis/ebb64e23-6827-4588-8708-b9cb53704209
2019-09-27 22:36:50,137 [pool-449-thread-1] INFO  server.RaftServerConfigKeys (ConfUtils.java:logGet(43)) - raft.server.log.queue.byte-limit = 2147483647 (custom)
2019-09-27 22:36:50,137 [pool-449-thread-1] INFO  server.RaftServerConfigKeys (ConfUtils.java:logGet(43)) - raft.server.log.queue.element-limit = 1024 (custom)
2019-09-27 22:36:50,138 [pool-449-thread-1] INFO  server.RaftServerConfigKeys (ConfUtils.java:logGet(43)) - raft.server.log.segment.size.max = 1048576 (custom)
2019-09-27 22:36:50,138 [pool-449-thread-1] INFO  server.RaftServerConfigKeys (ConfUtils.java:logGet(43)) - raft.server.log.preallocated.size = 16384 (custom)
2019-09-27 22:36:50,138 [pool-449-thread-1] INFO  server.RaftServerConfigKeys (ConfUtils.java:logGet(43)) - raft.server.log.write.buffer.size = 33554432 (custom)
2019-09-27 22:36:50,138 [pool-449-thread-1] INFO  server.RaftServerConfigKeys (ConfUtils.java:logGet(43)) - raft.server.log.force.sync.num = 128 (default)
2019-09-27 22:36:50,138 [pool-449-thread-1] INFO  server.RaftServerConfigKeys (ConfUtils.java:logGet(43)) - raft.server.log.statemachine.data.sync = true (default)
2019-09-27 22:36:50,144 [pool-449-thread-1] INFO  server.RaftServerConfigKeys (ConfUtils.java:logGet(43)) - raft.server.log.statemachine.data.sync.timeout = 10s (default)
2019-09-27 22:36:50,144 [pool-449-thread-1] INFO  server.RaftServerConfigKeys (ConfUtils.java:logGet(43)) - raft.server.log.statemachine.data.sync.timeout.retry = -1 (default)
2019-09-27 22:36:50,144 [pool-449-thread-1] INFO  server.RaftServerConfigKeys (ConfUtils.java:logGet(43)) - raft.server.log.statemachine.data.caching.enabled = true (custom)
2019-09-27 22:36:50,145 [pool-449-thread-1] INFO  segmented.SegmentedRaftLogWorker (SegmentedRaftLogWorker.java:lambda$new$0(132)) - f92c8218-5cc6-41a8-ba7f-0ea4b1b7a760@group-B9CB53704209-SegmentedRaftLogWorker: flushIndex: setUnconditionally 0 -> -1
2019-09-27 22:36:50,145 [main] INFO  rpc.RpcClient (RpcClient.java:createBucket(415)) - Creating Bucket: testblockoutputstream/testblockoutputstream, with Versioning false and Storage Type set to DISK and Encryption set to false 
2019-09-27 22:36:50,145 [pool-449-thread-1] INFO  server.RaftServerConfigKeys (ConfUtils.java:logGet(43)) - raft.server.snapshot.auto.trigger.enabled = true (custom)
2019-09-27 22:36:50,146 [pool-449-thread-1] INFO  server.RaftServerConfigKeys (ConfUtils.java:logGet(43)) - raft.server.snapshot.auto.trigger.threshold = 10000 (custom)
2019-09-27 22:36:50,146 [pool-449-thread-1] INFO  server.RaftServerConfigKeys (ConfUtils.java:logGet(43)) - raft.server.snapshot.retention.num.files = 5 (custom)
2019-09-27 22:36:50,146 [pool-449-thread-1] INFO  server.RaftServerConfigKeys (ConfUtils.java:logGet(43)) - raft.server.retrycache.expirytime = 600000ms (custom)
2019-09-27 22:36:50,148 [pool-449-thread-1] INFO  impl.RaftServerImpl (RaftServerImpl.java:start(185)) - f92c8218-5cc6-41a8-ba7f-0ea4b1b7a760@group-B9CB53704209: start as a follower, conf=-1: [f92c8218-5cc6-41a8-ba7f-0ea4b1b7a760:192.168.151.84:42688], old=null
2019-09-27 22:36:50,148 [pool-449-thread-1] INFO  impl.RaftServerImpl (RaftServerImpl.java:setRole(174)) - f92c8218-5cc6-41a8-ba7f-0ea4b1b7a760@group-B9CB53704209: changes role from      null to FOLLOWER at term 0 for startAsFollower
2019-09-27 22:36:50,148 [pool-449-thread-1] INFO  impl.RoleInfo (RoleInfo.java:updateAndGet(143)) - f92c8218-5cc6-41a8-ba7f-0ea4b1b7a760: start FollowerState
2019-09-27 22:36:50,151 [pool-449-thread-1] INFO  util.JmxRegister (JmxRegister.java:tryRegister(44)) - Successfully registered JMX Bean with object name Ratis:service=RaftServer,group=group-B9CB53704209,id=f92c8218-5cc6-41a8-ba7f-0ea4b1b7a760
2019-09-27 22:36:50,153 [RatisPipelineUtilsThread] INFO  pipeline.PipelineStateManager (PipelineStateManager.java:addPipeline(56)) - Created pipeline Pipeline[ Id: ebb64e23-6827-4588-8708-b9cb53704209, Nodes: f92c8218-5cc6-41a8-ba7f-0ea4b1b7a760{ip: 192.168.151.84, host: pr-hdds-2019-zjk6f-2271287486, networkLocation: /default-rack, certSerialId: null}, Type:RATIS, Factor:ONE, State:OPEN]
2019-09-27 22:36:50,171 [grpc-default-executor-9] INFO  impl.RaftServerProxy (RaftServerProxy.java:addNew(89)) - 05873f83-2d70-453d-9ca0-1cf68bd9743c: addNew group-EFFFF9182EAE:[05873f83-2d70-453d-9ca0-1cf68bd9743c:192.168.151.84:46697] returns group-EFFFF9182EAE:java.util.concurrent.CompletableFuture@108c3f4a[Not completed]
2019-09-27 22:36:50,172 [pool-469-thread-1] INFO  impl.RaftServerImpl (RaftServerImpl.java:<init>(95)) - 05873f83-2d70-453d-9ca0-1cf68bd9743c: new RaftServerImpl for group-EFFFF9182EAE:[05873f83-2d70-453d-9ca0-1cf68bd9743c:192.168.151.84:46697] with ContainerStateMachine:uninitialized
2019-09-27 22:36:50,172 [pool-469-thread-1] INFO  server.RaftServerConfigKeys (ConfUtils.java:logGet(43)) - raft.server.rpc.timeout.min = 5s (custom)
2019-09-27 22:36:50,172 [pool-469-thread-1] INFO  server.RaftServerConfigKeys (ConfUtils.java:logGet(43)) - raft.server.rpc.timeout.max = 5200ms (custom)
2019-09-27 22:36:50,172 [pool-469-thread-1] INFO  server.RaftServerConfigKeys (ConfUtils.java:logGet(43)) - raft.server.rpcslowness.timeout = 120s (custom)
2019-09-27 22:36:50,173 [pool-469-thread-1] INFO  server.RaftServerConfigKeys (ConfUtils.java:logGet(43)) - raft.server.sleep.deviation.threshold = 300 (default)
2019-09-27 22:36:50,173 [pool-469-thread-1] INFO  server.RaftServerConfigKeys (ConfUtils.java:logGet(43)) - raft.server.log.appender.install.snapshot.enabled = false (custom)
2019-09-27 22:36:50,173 [pool-469-thread-1] INFO  impl.RaftServerImpl (ServerState.java:<init>(103)) - 05873f83-2d70-453d-9ca0-1cf68bd9743c@group-EFFFF9182EAE: ConfigurationManager, init=-1: [05873f83-2d70-453d-9ca0-1cf68bd9743c:192.168.151.84:46697], old=null, confs=<EMPTY_MAP>
2019-09-27 22:36:50,173 [pool-469-thread-1] INFO  server.RaftServerConfigKeys (ConfUtils.java:logGet(43)) - raft.server.storage.dir = [/workdir/hadoop-ozone/integration-test/target/test-dir/MiniOzoneClusterImpl-6301c58b-4ac9-45bc-bb33-5a7d24acbbd6/datanode-6/data/ratis] (custom)
2019-09-27 22:36:50,173 [pool-469-thread-1] INFO  storage.RaftStorageDirectory (RaftStorageDirectory.java:analyzeStorage(246)) - The storage directory /workdir/hadoop-ozone/integration-test/target/test-dir/MiniOzoneClusterImpl-6301c58b-4ac9-45bc-bb33-5a7d24acbbd6/datanode-6/data/ratis/cc9d10e4-1031-4d39-84d0-effff9182eae does not exist. Creating ...
2019-09-27 22:36:50,187 [pool-469-thread-1] INFO  storage.RaftStorageDirectory (RaftStorageDirectory.java:tryLock(328)) - Lock on /workdir/hadoop-ozone/integration-test/target/test-dir/MiniOzoneClusterImpl-6301c58b-4ac9-45bc-bb33-5a7d24acbbd6/datanode-6/data/ratis/cc9d10e4-1031-4d39-84d0-effff9182eae/in_use.lock acquired by nodename 22539@pr-hdds-2019-zjk6f-2271287486
2019-09-27 22:36:50,201 [pool-469-thread-1] INFO  storage.RaftStorage (RaftStorage.java:format(72)) - Storage directory /workdir/hadoop-ozone/integration-test/target/test-dir/MiniOzoneClusterImpl-6301c58b-4ac9-45bc-bb33-5a7d24acbbd6/datanode-6/data/ratis/cc9d10e4-1031-4d39-84d0-effff9182eae has been successfully formatted.
2019-09-27 22:36:50,201 [pool-469-thread-1] INFO  ratis.ContainerStateMachine (ContainerStateMachine.java:loadSnapshot(230)) - group-EFFFF9182EAE: The snapshot info is null. Setting the last applied indexto:(t:0, i:~)
2019-09-27 22:36:50,201 [pool-469-thread-1] INFO  server.RaftServerConfigKeys (ConfUtils.java:logGet(43)) - raft.server.notification.no-leader.timeout = 120s (custom)
2019-09-27 22:36:50,201 [pool-469-thread-1] INFO  server.RaftServerConfigKeys (ConfUtils.java:logGet(43)) - raft.server.log.use.memory = false (default)
2019-09-27 22:36:50,201 [pool-469-thread-1] INFO  server.RaftServerConfigKeys (ConfUtils.java:logGet(43)) - raft.server.log.purge.gap = 1000000 (custom)
2019-09-27 22:36:50,201 [pool-469-thread-1] INFO  server.RaftServerConfigKeys (ConfUtils.java:logGet(43)) - raft.server.log.appender.buffer.byte-limit = 33554432 (custom)
2019-09-27 22:36:50,201 [pool-469-thread-1] INFO  server.RaftServerConfigKeys (ConfUtils.java:logGet(43)) - raft.server.log.segment.size.max = 1048576 (custom)
2019-09-27 22:36:50,202 [pool-469-thread-1] INFO  server.RaftServerConfigKeys (ConfUtils.java:logGet(43)) - raft.server.log.segment.cache.num.max = 2 (custom)
2019-09-27 22:36:50,202 [pool-469-thread-1] INFO  segmented.SegmentedRaftLogWorker (SegmentedRaftLogWorker.java:<init>(172)) - new 05873f83-2d70-453d-9ca0-1cf68bd9743c@group-EFFFF9182EAE-SegmentedRaftLogWorker for RaftStorage:Storage Directory /workdir/hadoop-ozone/integration-test/target/test-dir/MiniOzoneClusterImpl-6301c58b-4ac9-45bc-bb33-5a7d24acbbd6/datanode-6/data/ratis/cc9d10e4-1031-4d39-84d0-effff9182eae
2019-09-27 22:36:50,206 [pool-469-thread-1] INFO  server.RaftServerConfigKeys (ConfUtils.java:logGet(43)) - raft.server.log.queue.byte-limit = 2147483647 (custom)
2019-09-27 22:36:50,206 [pool-469-thread-1] INFO  server.RaftServerConfigKeys (ConfUtils.java:logGet(43)) - raft.server.log.queue.element-limit = 1024 (custom)
2019-09-27 22:36:50,206 [pool-469-thread-1] INFO  server.RaftServerConfigKeys (ConfUtils.java:logGet(43)) - raft.server.log.segment.size.max = 1048576 (custom)
2019-09-27 22:36:50,206 [pool-469-thread-1] INFO  server.RaftServerConfigKeys (ConfUtils.java:logGet(43)) - raft.server.log.preallocated.size = 16384 (custom)
2019-09-27 22:36:50,206 [pool-469-thread-1] INFO  server.RaftServerConfigKeys (ConfUtils.java:logGet(43)) - raft.server.log.write.buffer.size = 33554432 (custom)
2019-09-27 22:36:50,206 [pool-469-thread-1] INFO  server.RaftServerConfigKeys (ConfUtils.java:logGet(43)) - raft.server.log.force.sync.num = 128 (default)
2019-09-27 22:36:50,206 [pool-469-thread-1] INFO  server.RaftServerConfigKeys (ConfUtils.java:logGet(43)) - raft.server.log.statemachine.data.sync = true (default)
2019-09-27 22:36:50,206 [pool-469-thread-1] INFO  server.RaftServerConfigKeys (ConfUtils.java:logGet(43)) - raft.server.log.statemachine.data.sync.timeout = 10s (default)
2019-09-27 22:36:50,207 [pool-469-thread-1] INFO  server.RaftServerConfigKeys (ConfUtils.java:logGet(43)) - raft.server.log.statemachine.data.sync.timeout.retry = -1 (default)
2019-09-27 22:36:50,207 [pool-469-thread-1] INFO  server.RaftServerConfigKeys (ConfUtils.java:logGet(43)) - raft.server.log.statemachine.data.caching.enabled = true (custom)
2019-09-27 22:36:50,207 [pool-469-thread-1] INFO  segmented.SegmentedRaftLogWorker (SegmentedRaftLogWorker.java:lambda$new$0(132)) - 05873f83-2d70-453d-9ca0-1cf68bd9743c@group-EFFFF9182EAE-SegmentedRaftLogWorker: flushIndex: setUnconditionally 0 -> -1
2019-09-27 22:36:50,207 [pool-469-thread-1] INFO  server.RaftServerConfigKeys (ConfUtils.java:logGet(43)) - raft.server.snapshot.auto.trigger.enabled = true (custom)
2019-09-27 22:36:50,207 [pool-469-thread-1] INFO  server.RaftServerConfigKeys (ConfUtils.java:logGet(43)) - raft.server.snapshot.auto.trigger.threshold = 10000 (custom)
2019-09-27 22:36:50,207 [pool-469-thread-1] INFO  server.RaftServerConfigKeys (ConfUtils.java:logGet(43)) - raft.server.snapshot.retention.num.files = 5 (custom)
2019-09-27 22:36:50,208 [pool-469-thread-1] INFO  server.RaftServerConfigKeys (ConfUtils.java:logGet(43)) - raft.server.retrycache.expirytime = 600000ms (custom)
2019-09-27 22:36:50,210 [pool-469-thread-1] INFO  impl.RaftServerImpl (RaftServerImpl.java:start(185)) - 05873f83-2d70-453d-9ca0-1cf68bd9743c@group-EFFFF9182EAE: start as a follower, conf=-1: [05873f83-2d70-453d-9ca0-1cf68bd9743c:192.168.151.84:46697], old=null
2019-09-27 22:36:50,210 [pool-469-thread-1] INFO  impl.RaftServerImpl (RaftServerImpl.java:setRole(174)) - 05873f83-2d70-453d-9ca0-1cf68bd9743c@group-EFFFF9182EAE: changes role from      null to FOLLOWER at term 0 for startAsFollower
2019-09-27 22:36:50,210 [pool-469-thread-1] INFO  impl.RoleInfo (RoleInfo.java:updateAndGet(143)) - 05873f83-2d70-453d-9ca0-1cf68bd9743c: start FollowerState
2019-09-27 22:36:50,210 [pool-469-thread-1] INFO  util.JmxRegister (JmxRegister.java:tryRegister(44)) - Successfully registered JMX Bean with object name Ratis:service=RaftServer,group=group-EFFFF9182EAE,id=05873f83-2d70-453d-9ca0-1cf68bd9743c
2019-09-27 22:36:50,213 [RatisPipelineUtilsThread] INFO  pipeline.PipelineStateManager (PipelineStateManager.java:addPipeline(56)) - Created pipeline Pipeline[ Id: cc9d10e4-1031-4d39-84d0-effff9182eae, Nodes: 05873f83-2d70-453d-9ca0-1cf68bd9743c{ip: 192.168.151.84, host: pr-hdds-2019-zjk6f-2271287486, networkLocation: /default-rack, certSerialId: null}, Type:RATIS, Factor:ONE, State:OPEN]
2019-09-27 22:36:50,226 [grpc-default-executor-9] INFO  impl.RaftServerProxy (RaftServerProxy.java:addNew(89)) - 794cf556-ac59-4769-9140-89bf84b53f53: addNew group-D0C946610EE2:[f92c8218-5cc6-41a8-ba7f-0ea4b1b7a760:192.168.151.84:42688, 3fd0793e-5fae-4540-8845-888b9218eff5:192.168.151.84:46520, 794cf556-ac59-4769-9140-89bf84b53f53:192.168.151.84:32956] returns group-D0C946610EE2:java.util.concurrent.CompletableFuture@21fa513f[Not completed]
2019-09-27 22:36:50,226 [grpc-default-executor-10] INFO  impl.RaftServerProxy (RaftServerProxy.java:addNew(89)) - f92c8218-5cc6-41a8-ba7f-0ea4b1b7a760: addNew group-D0C946610EE2:[f92c8218-5cc6-41a8-ba7f-0ea4b1b7a760:192.168.151.84:42688, 3fd0793e-5fae-4540-8845-888b9218eff5:192.168.151.84:46520, 794cf556-ac59-4769-9140-89bf84b53f53:192.168.151.84:32956] returns group-D0C946610EE2:java.util.concurrent.CompletableFuture@7c4eedeb[Not completed]
2019-09-27 22:36:50,226 [grpc-default-executor-0] INFO  impl.RaftServerProxy (RaftServerProxy.java:addNew(89)) - 3fd0793e-5fae-4540-8845-888b9218eff5: addNew group-D0C946610EE2:[f92c8218-5cc6-41a8-ba7f-0ea4b1b7a760:192.168.151.84:42688, 3fd0793e-5fae-4540-8845-888b9218eff5:192.168.151.84:46520, 794cf556-ac59-4769-9140-89bf84b53f53:192.168.151.84:32956] returns group-D0C946610EE2:java.util.concurrent.CompletableFuture@344b29a[Not completed]
2019-09-27 22:36:50,227 [pool-439-thread-1] INFO  impl.RaftServerImpl (RaftServerImpl.java:<init>(95)) - 794cf556-ac59-4769-9140-89bf84b53f53: new RaftServerImpl for group-D0C946610EE2:[f92c8218-5cc6-41a8-ba7f-0ea4b1b7a760:192.168.151.84:42688, 3fd0793e-5fae-4540-8845-888b9218eff5:192.168.151.84:46520, 794cf556-ac59-4769-9140-89bf84b53f53:192.168.151.84:32956] with ContainerStateMachine:uninitialized
2019-09-27 22:36:50,227 [pool-439-thread-1] INFO  server.RaftServerConfigKeys (ConfUtils.java:logGet(43)) - raft.server.rpc.timeout.min = 5s (custom)
2019-09-27 22:36:50,227 [pool-439-thread-1] INFO  server.RaftServerConfigKeys (ConfUtils.java:logGet(43)) - raft.server.rpc.timeout.max = 5200ms (custom)
2019-09-27 22:36:50,227 [pool-449-thread-1] INFO  impl.RaftServerImpl (RaftServerImpl.java:<init>(95)) - f92c8218-5cc6-41a8-ba7f-0ea4b1b7a760: new RaftServerImpl for group-D0C946610EE2:[f92c8218-5cc6-41a8-ba7f-0ea4b1b7a760:192.168.151.84:42688, 3fd0793e-5fae-4540-8845-888b9218eff5:192.168.151.84:46520, 794cf556-ac59-4769-9140-89bf84b53f53:192.168.151.84:32956] with ContainerStateMachine:uninitialized
2019-09-27 22:36:50,227 [pool-439-thread-1] INFO  server.RaftServerConfigKeys (ConfUtils.java:logGet(43)) - raft.server.rpcslowness.timeout = 120s (custom)
2019-09-27 22:36:50,227 [pool-449-thread-1] INFO  server.RaftServerConfigKeys (ConfUtils.java:logGet(43)) - raft.server.rpc.timeout.min = 5s (custom)
2019-09-27 22:36:50,228 [pool-439-thread-1] INFO  server.RaftServerConfigKeys (ConfUtils.java:logGet(43)) - raft.server.sleep.deviation.threshold = 300 (default)
2019-09-27 22:36:50,228 [pool-459-thread-1] INFO  impl.RaftServerImpl (RaftServerImpl.java:<init>(95)) - 3fd0793e-5fae-4540-8845-888b9218eff5: new RaftServerImpl for group-D0C946610EE2:[f92c8218-5cc6-41a8-ba7f-0ea4b1b7a760:192.168.151.84:42688, 3fd0793e-5fae-4540-8845-888b9218eff5:192.168.151.84:46520, 794cf556-ac59-4769-9140-89bf84b53f53:192.168.151.84:32956] with ContainerStateMachine:uninitialized
2019-09-27 22:36:50,228 [pool-449-thread-1] INFO  server.RaftServerConfigKeys (ConfUtils.java:logGet(43)) - raft.server.rpc.timeout.max = 5200ms (custom)
2019-09-27 22:36:50,228 [pool-459-thread-1] INFO  server.RaftServerConfigKeys (ConfUtils.java:logGet(43)) - raft.server.rpc.timeout.min = 5s (custom)
2019-09-27 22:36:50,228 [pool-439-thread-1] INFO  server.RaftServerConfigKeys (ConfUtils.java:logGet(43)) - raft.server.log.appender.install.snapshot.enabled = false (custom)
2019-09-27 22:36:50,228 [pool-459-thread-1] INFO  server.RaftServerConfigKeys (ConfUtils.java:logGet(43)) - raft.server.rpc.timeout.max = 5200ms (custom)
2019-09-27 22:36:50,228 [pool-449-thread-1] INFO  server.RaftServerConfigKeys (ConfUtils.java:logGet(43)) - raft.server.rpcslowness.timeout = 120s (custom)
2019-09-27 22:36:50,228 [pool-459-thread-1] INFO  server.RaftServerConfigKeys (ConfUtils.java:logGet(43)) - raft.server.rpcslowness.timeout = 120s (custom)
2019-09-27 22:36:50,228 [pool-439-thread-1] INFO  impl.RaftServerImpl (ServerState.java:<init>(103)) - 794cf556-ac59-4769-9140-89bf84b53f53@group-D0C946610EE2: ConfigurationManager, init=-1: [f92c8218-5cc6-41a8-ba7f-0ea4b1b7a760:192.168.151.84:42688, 3fd0793e-5fae-4540-8845-888b9218eff5:192.168.151.84:46520, 794cf556-ac59-4769-9140-89bf84b53f53:192.168.151.84:32956], old=null, confs=<EMPTY_MAP>
2019-09-27 22:36:50,228 [pool-459-thread-1] INFO  server.RaftServerConfigKeys (ConfUtils.java:logGet(43)) - raft.server.sleep.deviation.threshold = 300 (default)
2019-09-27 22:36:50,228 [pool-449-thread-1] INFO  server.RaftServerConfigKeys (ConfUtils.java:logGet(43)) - raft.server.sleep.deviation.threshold = 300 (default)
2019-09-27 22:36:50,229 [pool-459-thread-1] INFO  server.RaftServerConfigKeys (ConfUtils.java:logGet(43)) - raft.server.log.appender.install.snapshot.enabled = false (custom)
2019-09-27 22:36:50,228 [pool-439-thread-1] INFO  server.RaftServerConfigKeys (ConfUtils.java:logGet(43)) - raft.server.storage.dir = [/workdir/hadoop-ozone/integration-test/target/test-dir/MiniOzoneClusterImpl-6301c58b-4ac9-45bc-bb33-5a7d24acbbd6/datanode-3/data/ratis] (custom)
2019-09-27 22:36:50,229 [pool-459-thread-1] INFO  impl.RaftServerImpl (ServerState.java:<init>(103)) - 3fd0793e-5fae-4540-8845-888b9218eff5@group-D0C946610EE2: ConfigurationManager, init=-1: [f92c8218-5cc6-41a8-ba7f-0ea4b1b7a760:192.168.151.84:42688, 3fd0793e-5fae-4540-8845-888b9218eff5:192.168.151.84:46520, 794cf556-ac59-4769-9140-89bf84b53f53:192.168.151.84:32956], old=null, confs=<EMPTY_MAP>
2019-09-27 22:36:50,229 [pool-449-thread-1] INFO  server.RaftServerConfigKeys (ConfUtils.java:logGet(43)) - raft.server.log.appender.install.snapshot.enabled = false (custom)
2019-09-27 22:36:50,229 [pool-459-thread-1] INFO  server.RaftServerConfigKeys (ConfUtils.java:logGet(43)) - raft.server.storage.dir = [/workdir/hadoop-ozone/integration-test/target/test-dir/MiniOzoneClusterImpl-6301c58b-4ac9-45bc-bb33-5a7d24acbbd6/datanode-5/data/ratis] (custom)
2019-09-27 22:36:50,229 [pool-439-thread-1] INFO  storage.RaftStorageDirectory (RaftStorageDirectory.java:analyzeStorage(246)) - The storage directory /workdir/hadoop-ozone/integration-test/target/test-dir/MiniOzoneClusterImpl-6301c58b-4ac9-45bc-bb33-5a7d24acbbd6/datanode-3/data/ratis/9c9a10bb-7e97-470f-933b-d0c946610ee2 does not exist. Creating ...
2019-09-27 22:36:50,229 [pool-449-thread-1] INFO  impl.RaftServerImpl (ServerState.java:<init>(103)) - f92c8218-5cc6-41a8-ba7f-0ea4b1b7a760@group-D0C946610EE2: ConfigurationManager, init=-1: [f92c8218-5cc6-41a8-ba7f-0ea4b1b7a760:192.168.151.84:42688, 3fd0793e-5fae-4540-8845-888b9218eff5:192.168.151.84:46520, 794cf556-ac59-4769-9140-89bf84b53f53:192.168.151.84:32956], old=null, confs=<EMPTY_MAP>
2019-09-27 22:36:50,229 [pool-459-thread-1] INFO  storage.RaftStorageDirectory (RaftStorageDirectory.java:analyzeStorage(246)) - The storage directory /workdir/hadoop-ozone/integration-test/target/test-dir/MiniOzoneClusterImpl-6301c58b-4ac9-45bc-bb33-5a7d24acbbd6/datanode-5/data/ratis/9c9a10bb-7e97-470f-933b-d0c946610ee2 does not exist. Creating ...
2019-09-27 22:36:50,229 [pool-449-thread-1] INFO  server.RaftServerConfigKeys (ConfUtils.java:logGet(43)) - raft.server.storage.dir = [/workdir/hadoop-ozone/integration-test/target/test-dir/MiniOzoneClusterImpl-6301c58b-4ac9-45bc-bb33-5a7d24acbbd6/datanode-4/data/ratis] (custom)
2019-09-27 22:36:50,230 [pool-449-thread-1] INFO  storage.RaftStorageDirectory (RaftStorageDirectory.java:analyzeStorage(246)) - The storage directory /workdir/hadoop-ozone/integration-test/target/test-dir/MiniOzoneClusterImpl-6301c58b-4ac9-45bc-bb33-5a7d24acbbd6/datanode-4/data/ratis/9c9a10bb-7e97-470f-933b-d0c946610ee2 does not exist. Creating ...
2019-09-27 22:36:50,243 [pool-449-thread-1] INFO  storage.RaftStorageDirectory (RaftStorageDirectory.java:tryLock(328)) - Lock on /workdir/hadoop-ozone/integration-test/target/test-dir/MiniOzoneClusterImpl-6301c58b-4ac9-45bc-bb33-5a7d24acbbd6/datanode-4/data/ratis/9c9a10bb-7e97-470f-933b-d0c946610ee2/in_use.lock acquired by nodename 22539@pr-hdds-2019-zjk6f-2271287486
2019-09-27 22:36:50,243 [pool-459-thread-1] INFO  storage.RaftStorageDirectory (RaftStorageDirectory.java:tryLock(328)) - Lock on /workdir/hadoop-ozone/integration-test/target/test-dir/MiniOzoneClusterImpl-6301c58b-4ac9-45bc-bb33-5a7d24acbbd6/datanode-5/data/ratis/9c9a10bb-7e97-470f-933b-d0c946610ee2/in_use.lock acquired by nodename 22539@pr-hdds-2019-zjk6f-2271287486
2019-09-27 22:36:50,243 [pool-439-thread-1] INFO  storage.RaftStorageDirectory (RaftStorageDirectory.java:tryLock(328)) - Lock on /workdir/hadoop-ozone/integration-test/target/test-dir/MiniOzoneClusterImpl-6301c58b-4ac9-45bc-bb33-5a7d24acbbd6/datanode-3/data/ratis/9c9a10bb-7e97-470f-933b-d0c946610ee2/in_use.lock acquired by nodename 22539@pr-hdds-2019-zjk6f-2271287486
2019-09-27 22:36:50,257 [pool-439-thread-1] INFO  storage.RaftStorage (RaftStorage.java:format(72)) - Storage directory /workdir/hadoop-ozone/integration-test/target/test-dir/MiniOzoneClusterImpl-6301c58b-4ac9-45bc-bb33-5a7d24acbbd6/datanode-3/data/ratis/9c9a10bb-7e97-470f-933b-d0c946610ee2 has been successfully formatted.
2019-09-27 22:36:50,257 [pool-459-thread-1] INFO  storage.RaftStorage (RaftStorage.java:format(72)) - Storage directory /workdir/hadoop-ozone/integration-test/target/test-dir/MiniOzoneClusterImpl-6301c58b-4ac9-45bc-bb33-5a7d24acbbd6/datanode-5/data/ratis/9c9a10bb-7e97-470f-933b-d0c946610ee2 has been successfully formatted.
2019-09-27 22:36:50,257 [pool-439-thread-1] INFO  ratis.ContainerStateMachine (ContainerStateMachine.java:loadSnapshot(230)) - group-D0C946610EE2: The snapshot info is null. Setting the last applied indexto:(t:0, i:~)
2019-09-27 22:36:50,257 [pool-449-thread-1] INFO  storage.RaftStorage (RaftStorage.java:format(72)) - Storage directory /workdir/hadoop-ozone/integration-test/target/test-dir/MiniOzoneClusterImpl-6301c58b-4ac9-45bc-bb33-5a7d24acbbd6/datanode-4/data/ratis/9c9a10bb-7e97-470f-933b-d0c946610ee2 has been successfully formatted.
2019-09-27 22:36:50,257 [pool-459-thread-1] INFO  ratis.ContainerStateMachine (ContainerStateMachine.java:loadSnapshot(230)) - group-D0C946610EE2: The snapshot info is null. Setting the last applied indexto:(t:0, i:~)
2019-09-27 22:36:50,257 [pool-439-thread-1] INFO  server.RaftServerConfigKeys (ConfUtils.java:logGet(43)) - raft.server.notification.no-leader.timeout = 120s (custom)
2019-09-27 22:36:50,257 [pool-459-thread-1] INFO  server.RaftServerConfigKeys (ConfUtils.java:logGet(43)) - raft.server.notification.no-leader.timeout = 120s (custom)
2019-09-27 22:36:50,257 [pool-449-thread-1] INFO  ratis.ContainerStateMachine (ContainerStateMachine.java:loadSnapshot(230)) - group-D0C946610EE2: The snapshot info is null. Setting the last applied indexto:(t:0, i:~)
2019-09-27 22:36:50,257 [pool-459-thread-1] INFO  server.RaftServerConfigKeys (ConfUtils.java:logGet(43)) - raft.server.log.use.memory = false (default)
2019-09-27 22:36:50,257 [pool-439-thread-1] INFO  server.RaftServerConfigKeys (ConfUtils.java:logGet(43)) - raft.server.log.use.memory = false (default)
2019-09-27 22:36:50,258 [pool-459-thread-1] INFO  server.RaftServerConfigKeys (ConfUtils.java:logGet(43)) - raft.server.log.purge.gap = 1000000 (custom)
2019-09-27 22:36:50,258 [pool-449-thread-1] INFO  server.RaftServerConfigKeys (ConfUtils.java:logGet(43)) - raft.server.notification.no-leader.timeout = 120s (custom)
2019-09-27 22:36:50,258 [pool-459-thread-1] INFO  server.RaftServerConfigKeys (ConfUtils.java:logGet(43)) - raft.server.log.appender.buffer.byte-limit = 33554432 (custom)
2019-09-27 22:36:50,258 [pool-439-thread-1] INFO  server.RaftServerConfigKeys (ConfUtils.java:logGet(43)) - raft.server.log.purge.gap = 1000000 (custom)
2019-09-27 22:36:50,258 [pool-459-thread-1] INFO  server.RaftServerConfigKeys (ConfUtils.java:logGet(43)) - raft.server.log.segment.size.max = 1048576 (custom)
2019-09-27 22:36:50,258 [pool-449-thread-1] INFO  server.RaftServerConfigKeys (ConfUtils.java:logGet(43)) - raft.server.log.use.memory = false (default)
2019-09-27 22:36:50,258 [pool-459-thread-1] INFO  server.RaftServerConfigKeys (ConfUtils.java:logGet(43)) - raft.server.log.segment.cache.num.max = 2 (custom)
2019-09-27 22:36:50,258 [pool-439-thread-1] INFO  server.RaftServerConfigKeys (ConfUtils.java:logGet(43)) - raft.server.log.appender.buffer.byte-limit = 33554432 (custom)
2019-09-27 22:36:50,259 [pool-459-thread-1] INFO  segmented.SegmentedRaftLogWorker (SegmentedRaftLogWorker.java:<init>(172)) - new 3fd0793e-5fae-4540-8845-888b9218eff5@group-D0C946610EE2-SegmentedRaftLogWorker for RaftStorage:Storage Directory /workdir/hadoop-ozone/integration-test/target/test-dir/MiniOzoneClusterImpl-6301c58b-4ac9-45bc-bb33-5a7d24acbbd6/datanode-5/data/ratis/9c9a10bb-7e97-470f-933b-d0c946610ee2
2019-09-27 22:36:50,258 [pool-449-thread-1] INFO  server.RaftServerConfigKeys (ConfUtils.java:logGet(43)) - raft.server.log.purge.gap = 1000000 (custom)
2019-09-27 22:36:50,259 [pool-459-thread-1] INFO  server.RaftServerConfigKeys (ConfUtils.java:logGet(43)) - raft.server.log.queue.byte-limit = 2147483647 (custom)
2019-09-27 22:36:50,259 [pool-459-thread-1] INFO  server.RaftServerConfigKeys (ConfUtils.java:logGet(43)) - raft.server.log.queue.element-limit = 1024 (custom)
2019-09-27 22:36:50,259 [pool-439-thread-1] INFO  server.RaftServerConfigKeys (ConfUtils.java:logGet(43)) - raft.server.log.segment.size.max = 1048576 (custom)
2019-09-27 22:36:50,259 [pool-459-thread-1] INFO  server.RaftServerConfigKeys (ConfUtils.java:logGet(43)) - raft.server.log.segment.size.max = 1048576 (custom)
2019-09-27 22:36:50,259 [pool-459-thread-1] INFO  server.RaftServerConfigKeys (ConfUtils.java:logGet(43)) - raft.server.log.preallocated.size = 16384 (custom)
2019-09-27 22:36:50,259 [pool-449-thread-1] INFO  server.RaftServerConfigKeys (ConfUtils.java:logGet(43)) - raft.server.log.appender.buffer.byte-limit = 33554432 (custom)
2019-09-27 22:36:50,260 [pool-459-thread-1] INFO  server.RaftServerConfigKeys (ConfUtils.java:logGet(43)) - raft.server.log.write.buffer.size = 33554432 (custom)
2019-09-27 22:36:50,259 [pool-439-thread-1] INFO  server.RaftServerConfigKeys (ConfUtils.java:logGet(43)) - raft.server.log.segment.cache.num.max = 2 (custom)
2019-09-27 22:36:50,260 [pool-459-thread-1] INFO  server.RaftServerConfigKeys (ConfUtils.java:logGet(43)) - raft.server.log.force.sync.num = 128 (default)
2019-09-27 22:36:50,260 [pool-449-thread-1] INFO  server.RaftServerConfigKeys (ConfUtils.java:logGet(43)) - raft.server.log.segment.size.max = 1048576 (custom)
2019-09-27 22:36:50,260 [pool-459-thread-1] INFO  server.RaftServerConfigKeys (ConfUtils.java:logGet(43)) - raft.server.log.statemachine.data.sync = true (default)
2019-09-27 22:36:50,260 [pool-439-thread-1] INFO  segmented.SegmentedRaftLogWorker (SegmentedRaftLogWorker.java:<init>(172)) - new 794cf556-ac59-4769-9140-89bf84b53f53@group-D0C946610EE2-SegmentedRaftLogWorker for RaftStorage:Storage Directory /workdir/hadoop-ozone/integration-test/target/test-dir/MiniOzoneClusterImpl-6301c58b-4ac9-45bc-bb33-5a7d24acbbd6/datanode-3/data/ratis/9c9a10bb-7e97-470f-933b-d0c946610ee2
2019-09-27 22:36:50,260 [pool-459-thread-1] INFO  server.RaftServerConfigKeys (ConfUtils.java:logGet(43)) - raft.server.log.statemachine.data.sync.timeout = 10s (default)
2019-09-27 22:36:50,260 [pool-449-thread-1] INFO  server.RaftServerConfigKeys (ConfUtils.java:logGet(43)) - raft.server.log.segment.cache.num.max = 2 (custom)
2019-09-27 22:36:50,260 [pool-459-thread-1] INFO  server.RaftServerConfigKeys (ConfUtils.java:logGet(43)) - raft.server.log.statemachine.data.sync.timeout.retry = -1 (default)
2019-09-27 22:36:50,260 [pool-439-thread-1] INFO  server.RaftServerConfigKeys (ConfUtils.java:logGet(43)) - raft.server.log.queue.byte-limit = 2147483647 (custom)
2019-09-27 22:36:50,261 [pool-459-thread-1] INFO  server.RaftServerConfigKeys (ConfUtils.java:logGet(43)) - raft.server.log.statemachine.data.caching.enabled = true (custom)
2019-09-27 22:36:50,261 [pool-449-thread-1] INFO  segmented.SegmentedRaftLogWorker (SegmentedRaftLogWorker.java:<init>(172)) - new f92c8218-5cc6-41a8-ba7f-0ea4b1b7a760@group-D0C946610EE2-SegmentedRaftLogWorker for RaftStorage:Storage Directory /workdir/hadoop-ozone/integration-test/target/test-dir/MiniOzoneClusterImpl-6301c58b-4ac9-45bc-bb33-5a7d24acbbd6/datanode-4/data/ratis/9c9a10bb-7e97-470f-933b-d0c946610ee2
2019-09-27 22:36:50,261 [pool-439-thread-1] INFO  server.RaftServerConfigKeys (ConfUtils.java:logGet(43)) - raft.server.log.queue.element-limit = 1024 (custom)
2019-09-27 22:36:50,261 [pool-449-thread-1] INFO  server.RaftServerConfigKeys (ConfUtils.java:logGet(43)) - raft.server.log.queue.byte-limit = 2147483647 (custom)
2019-09-27 22:36:50,261 [pool-459-thread-1] INFO  segmented.SegmentedRaftLogWorker (SegmentedRaftLogWorker.java:lambda$new$0(132)) - 3fd0793e-5fae-4540-8845-888b9218eff5@group-D0C946610EE2-SegmentedRaftLogWorker: flushIndex: setUnconditionally 0 -> -1
2019-09-27 22:36:50,261 [pool-439-thread-1] INFO  server.RaftServerConfigKeys (ConfUtils.java:logGet(43)) - raft.server.log.segment.size.max = 1048576 (custom)
2019-09-27 22:36:50,261 [pool-449-thread-1] INFO  server.RaftServerConfigKeys (ConfUtils.java:logGet(43)) - raft.server.log.queue.element-limit = 1024 (custom)
2019-09-27 22:36:50,261 [pool-439-thread-1] INFO  server.RaftServerConfigKeys (ConfUtils.java:logGet(43)) - raft.server.log.preallocated.size = 16384 (custom)
2019-09-27 22:36:50,262 [pool-449-thread-1] INFO  server.RaftServerConfigKeys (ConfUtils.java:logGet(43)) - raft.server.log.segment.size.max = 1048576 (custom)
2019-09-27 22:36:50,262 [pool-459-thread-1] INFO  server.RaftServerConfigKeys (ConfUtils.java:logGet(43)) - raft.server.snapshot.auto.trigger.enabled = true (custom)
2019-09-27 22:36:50,262 [pool-449-thread-1] INFO  server.RaftServerConfigKeys (ConfUtils.java:logGet(43)) - raft.server.log.preallocated.size = 16384 (custom)
2019-09-27 22:36:50,262 [pool-439-thread-1] INFO  server.RaftServerConfigKeys (ConfUtils.java:logGet(43)) - raft.server.log.write.buffer.size = 33554432 (custom)
2019-09-27 22:36:50,262 [pool-459-thread-1] INFO  server.RaftServerConfigKeys (ConfUtils.java:logGet(43)) - raft.server.snapshot.auto.trigger.threshold = 10000 (custom)
2019-09-27 22:36:50,262 [pool-449-thread-1] INFO  server.RaftServerConfigKeys (ConfUtils.java:logGet(43)) - raft.server.log.write.buffer.size = 33554432 (custom)
2019-09-27 22:36:50,262 [pool-459-thread-1] INFO  server.RaftServerConfigKeys (ConfUtils.java:logGet(43)) - raft.server.snapshot.retention.num.files = 5 (custom)
2019-09-27 22:36:50,262 [pool-439-thread-1] INFO  server.RaftServerConfigKeys (ConfUtils.java:logGet(43)) - raft.server.log.force.sync.num = 128 (default)
2019-09-27 22:36:50,262 [pool-459-thread-1] INFO  server.RaftServerConfigKeys (ConfUtils.java:logGet(43)) - raft.server.retrycache.expirytime = 600000ms (custom)
2019-09-27 22:36:50,262 [pool-449-thread-1] INFO  server.RaftServerConfigKeys (ConfUtils.java:logGet(43)) - raft.server.log.force.sync.num = 128 (default)
2019-09-27 22:36:50,262 [pool-439-thread-1] INFO  server.RaftServerConfigKeys (ConfUtils.java:logGet(43)) - raft.server.log.statemachine.data.sync = true (default)
2019-09-27 22:36:50,263 [pool-449-thread-1] INFO  server.RaftServerConfigKeys (ConfUtils.java:logGet(43)) - raft.server.log.statemachine.data.sync = true (default)
2019-09-27 22:36:50,263 [pool-439-thread-1] INFO  server.RaftServerConfigKeys (ConfUtils.java:logGet(43)) - raft.server.log.statemachine.data.sync.timeout = 10s (default)
2019-09-27 22:36:50,263 [pool-449-thread-1] INFO  server.RaftServerConfigKeys (ConfUtils.java:logGet(43)) - raft.server.log.statemachine.data.sync.timeout = 10s (default)
2019-09-27 22:36:50,263 [pool-439-thread-1] INFO  server.RaftServerConfigKeys (ConfUtils.java:logGet(43)) - raft.server.log.statemachine.data.sync.timeout.retry = -1 (default)
2019-09-27 22:36:50,263 [pool-449-thread-1] INFO  server.RaftServerConfigKeys (ConfUtils.java:logGet(43)) - raft.server.log.statemachine.data.sync.timeout.retry = -1 (default)
2019-09-27 22:36:50,263 [pool-449-thread-1] INFO  server.RaftServerConfigKeys (ConfUtils.java:logGet(43)) - raft.server.log.statemachine.data.caching.enabled = true (custom)
2019-09-27 22:36:50,263 [pool-439-thread-1] INFO  server.RaftServerConfigKeys (ConfUtils.java:logGet(43)) - raft.server.log.statemachine.data.caching.enabled = true (custom)
2019-09-27 22:36:50,263 [pool-449-thread-1] INFO  segmented.SegmentedRaftLogWorker (SegmentedRaftLogWorker.java:lambda$new$0(132)) - f92c8218-5cc6-41a8-ba7f-0ea4b1b7a760@group-D0C946610EE2-SegmentedRaftLogWorker: flushIndex: setUnconditionally 0 -> -1
2019-09-27 22:36:50,263 [pool-439-thread-1] INFO  segmented.SegmentedRaftLogWorker (SegmentedRaftLogWorker.java:lambda$new$0(132)) - 794cf556-ac59-4769-9140-89bf84b53f53@group-D0C946610EE2-SegmentedRaftLogWorker: flushIndex: setUnconditionally 0 -> -1
2019-09-27 22:36:50,264 [pool-449-thread-1] INFO  server.RaftServerConfigKeys (ConfUtils.java:logGet(43)) - raft.server.snapshot.auto.trigger.enabled = true (custom)
2019-09-27 22:36:50,264 [pool-449-thread-1] INFO  server.RaftServerConfigKeys (ConfUtils.java:logGet(43)) - raft.server.snapshot.auto.trigger.threshold = 10000 (custom)
2019-09-27 22:36:50,264 [pool-439-thread-1] INFO  server.RaftServerConfigKeys (ConfUtils.java:logGet(43)) - raft.server.snapshot.auto.trigger.enabled = true (custom)
2019-09-27 22:36:50,264 [pool-449-thread-1] INFO  server.RaftServerConfigKeys (ConfUtils.java:logGet(43)) - raft.server.snapshot.retention.num.files = 5 (custom)
2019-09-27 22:36:50,264 [pool-439-thread-1] INFO  server.RaftServerConfigKeys (ConfUtils.java:logGet(43)) - raft.server.snapshot.auto.trigger.threshold = 10000 (custom)
2019-09-27 22:36:50,264 [pool-449-thread-1] INFO  server.RaftServerConfigKeys (ConfUtils.java:logGet(43)) - raft.server.retrycache.expirytime = 600000ms (custom)
2019-09-27 22:36:50,264 [pool-439-thread-1] INFO  server.RaftServerConfigKeys (ConfUtils.java:logGet(43)) - raft.server.snapshot.retention.num.files = 5 (custom)
2019-09-27 22:36:50,264 [pool-439-thread-1] INFO  server.RaftServerConfigKeys (ConfUtils.java:logGet(43)) - raft.server.retrycache.expirytime = 600000ms (custom)
2019-09-27 22:36:50,264 [pool-459-thread-1] INFO  impl.RaftServerImpl (RaftServerImpl.java:start(185)) - 3fd0793e-5fae-4540-8845-888b9218eff5@group-D0C946610EE2: start as a follower, conf=-1: [f92c8218-5cc6-41a8-ba7f-0ea4b1b7a760:192.168.151.84:42688, 3fd0793e-5fae-4540-8845-888b9218eff5:192.168.151.84:46520, 794cf556-ac59-4769-9140-89bf84b53f53:192.168.151.84:32956], old=null
2019-09-27 22:36:50,264 [pool-459-thread-1] INFO  impl.RaftServerImpl (RaftServerImpl.java:setRole(174)) - 3fd0793e-5fae-4540-8845-888b9218eff5@group-D0C946610EE2: changes role from      null to FOLLOWER at term 0 for startAsFollower
2019-09-27 22:36:50,265 [pool-459-thread-1] INFO  impl.RoleInfo (RoleInfo.java:updateAndGet(143)) - 3fd0793e-5fae-4540-8845-888b9218eff5: start FollowerState
2019-09-27 22:36:50,265 [pool-459-thread-1] INFO  util.JmxRegister (JmxRegister.java:tryRegister(44)) - Successfully registered JMX Bean with object name Ratis:service=RaftServer,group=group-D0C946610EE2,id=3fd0793e-5fae-4540-8845-888b9218eff5
2019-09-27 22:36:50,266 [pool-449-thread-1] INFO  impl.RaftServerImpl (RaftServerImpl.java:start(185)) - f92c8218-5cc6-41a8-ba7f-0ea4b1b7a760@group-D0C946610EE2: start as a follower, conf=-1: [f92c8218-5cc6-41a8-ba7f-0ea4b1b7a760:192.168.151.84:42688, 3fd0793e-5fae-4540-8845-888b9218eff5:192.168.151.84:46520, 794cf556-ac59-4769-9140-89bf84b53f53:192.168.151.84:32956], old=null
2019-09-27 22:36:50,266 [pool-449-thread-1] INFO  impl.RaftServerImpl (RaftServerImpl.java:setRole(174)) - f92c8218-5cc6-41a8-ba7f-0ea4b1b7a760@group-D0C946610EE2: changes role from      null to FOLLOWER at term 0 for startAsFollower
2019-09-27 22:36:50,266 [pool-439-thread-1] INFO  impl.RaftServerImpl (RaftServerImpl.java:start(185)) - 794cf556-ac59-4769-9140-89bf84b53f53@group-D0C946610EE2: start as a follower, conf=-1: [f92c8218-5cc6-41a8-ba7f-0ea4b1b7a760:192.168.151.84:42688, 3fd0793e-5fae-4540-8845-888b9218eff5:192.168.151.84:46520, 794cf556-ac59-4769-9140-89bf84b53f53:192.168.151.84:32956], old=null
2019-09-27 22:36:50,266 [pool-449-thread-1] INFO  impl.RoleInfo (RoleInfo.java:updateAndGet(143)) - f92c8218-5cc6-41a8-ba7f-0ea4b1b7a760: start FollowerState
2019-09-27 22:36:50,266 [pool-439-thread-1] INFO  impl.RaftServerImpl (RaftServerImpl.java:setRole(174)) - 794cf556-ac59-4769-9140-89bf84b53f53@group-D0C946610EE2: changes role from      null to FOLLOWER at term 0 for startAsFollower
2019-09-27 22:36:50,266 [pool-439-thread-1] INFO  impl.RoleInfo (RoleInfo.java:updateAndGet(143)) - 794cf556-ac59-4769-9140-89bf84b53f53: start FollowerState
2019-09-27 22:36:50,266 [pool-449-thread-1] INFO  util.JmxRegister (JmxRegister.java:tryRegister(44)) - Successfully registered JMX Bean with object name Ratis:service=RaftServer,group=group-D0C946610EE2,id=f92c8218-5cc6-41a8-ba7f-0ea4b1b7a760
2019-09-27 22:36:50,266 [pool-439-thread-1] INFO  util.JmxRegister (JmxRegister.java:tryRegister(44)) - Successfully registered JMX Bean with object name Ratis:service=RaftServer,group=group-D0C946610EE2,id=794cf556-ac59-4769-9140-89bf84b53f53
2019-09-27 22:36:50,269 [RatisPipelineUtilsThread] INFO  pipeline.PipelineStateManager (PipelineStateManager.java:addPipeline(56)) - Created pipeline Pipeline[ Id: 9c9a10bb-7e97-470f-933b-d0c946610ee2, Nodes: 794cf556-ac59-4769-9140-89bf84b53f53{ip: 192.168.151.84, host: pr-hdds-2019-zjk6f-2271287486, networkLocation: /default-rack, certSerialId: null}3fd0793e-5fae-4540-8845-888b9218eff5{ip: 192.168.151.84, host: pr-hdds-2019-zjk6f-2271287486, networkLocation: /default-rack, certSerialId: null}f92c8218-5cc6-41a8-ba7f-0ea4b1b7a760{ip: 192.168.151.84, host: pr-hdds-2019-zjk6f-2271287486, networkLocation: /default-rack, certSerialId: null}, Type:RATIS, Factor:THREE, State:OPEN]
2019-09-27 22:36:52,654 [Thread-3107] INFO  container.ReplicationManager (ReplicationManager.java:start(162)) - Starting Replication Monitor Thread.
2019-09-27 22:36:52,658 [ReplicationMonitor] INFO  container.ReplicationManager (ReplicationManager.java:run(225)) - Replication Monitor Thread took 0 milliseconds for processing 1 containers.
2019-09-27 22:36:54,743 [Thread-3109] INFO  impl.FollowerState (FollowerState.java:run(106)) - e604bea6-ce93-4a71-8c7f-2b360e024367:group-C63CEC06F46F changes to CANDIDATE, lastRpcTime:5038, electionTimeout:5038ms
2019-09-27 22:36:54,744 [Thread-3109] INFO  impl.RoleInfo (RoleInfo.java:shutdownFollowerState(121)) - e604bea6-ce93-4a71-8c7f-2b360e024367: shutdown FollowerState
2019-09-27 22:36:54,744 [Thread-3109] INFO  impl.RaftServerImpl (RaftServerImpl.java:setRole(174)) - e604bea6-ce93-4a71-8c7f-2b360e024367@group-C63CEC06F46F: changes role from  FOLLOWER to CANDIDATE at term 0 for changeToCandidate
2019-09-27 22:36:54,744 [Thread-3109] INFO  impl.RoleInfo (RoleInfo.java:updateAndGet(143)) - e604bea6-ce93-4a71-8c7f-2b360e024367: start LeaderElection
2019-09-27 22:36:54,763 [e604bea6-ce93-4a71-8c7f-2b360e024367@group-C63CEC06F46F:LeaderElection66] INFO  impl.LeaderElection (LeaderElection.java:askForVotes(182)) - e604bea6-ce93-4a71-8c7f-2b360e024367@group-C63CEC06F46F:LeaderElection66: begin an election at term 1 for -1: [e604bea6-ce93-4a71-8c7f-2b360e024367:192.168.151.84:42472], old=null
2019-09-27 22:36:54,763 [e604bea6-ce93-4a71-8c7f-2b360e024367@group-C63CEC06F46F:LeaderElection66] INFO  impl.RoleInfo (RoleInfo.java:shutdownLeaderElection(134)) - e604bea6-ce93-4a71-8c7f-2b360e024367: shutdown LeaderElection
2019-09-27 22:36:54,763 [e604bea6-ce93-4a71-8c7f-2b360e024367@group-C63CEC06F46F:LeaderElection66] INFO  impl.RaftServerImpl (RaftServerImpl.java:setRole(174)) - e604bea6-ce93-4a71-8c7f-2b360e024367@group-C63CEC06F46F: changes role from CANDIDATE to LEADER at term 1 for changeToLeader
2019-09-27 22:36:54,763 [e604bea6-ce93-4a71-8c7f-2b360e024367@group-C63CEC06F46F:LeaderElection66] INFO  impl.RaftServerImpl (ServerState.java:setLeader(253)) - e604bea6-ce93-4a71-8c7f-2b360e024367@group-C63CEC06F46F: change Leader from null to e604bea6-ce93-4a71-8c7f-2b360e024367 at term 1 for becomeLeader, leader elected after 5066ms
2019-09-27 22:36:54,763 [e604bea6-ce93-4a71-8c7f-2b360e024367@group-C63CEC06F46F:LeaderElection66] INFO  server.RaftServerConfigKeys (ConfUtils.java:logGet(43)) - raft.server.staging.catchup.gap = 1000 (default)
2019-09-27 22:36:54,764 [e604bea6-ce93-4a71-8c7f-2b360e024367@group-C63CEC06F46F:LeaderElection66] INFO  server.RaftServerConfigKeys (ConfUtils.java:logGet(43)) - raft.server.rpc.sleep.time = 25ms (default)
2019-09-27 22:36:54,764 [e604bea6-ce93-4a71-8c7f-2b360e024367@group-C63CEC06F46F:LeaderElection66] INFO  server.RaftServerConfigKeys (ConfUtils.java:logGet(43)) - raft.server.write.element-limit = 4096 (default)
2019-09-27 22:36:54,764 [e604bea6-ce93-4a71-8c7f-2b360e024367@group-C63CEC06F46F:LeaderElection66] INFO  server.RaftServerConfigKeys (ConfUtils.java:logGet(43)) - raft.server.watch.timeout = 10s (default)
2019-09-27 22:36:54,764 [e604bea6-ce93-4a71-8c7f-2b360e024367@group-C63CEC06F46F:LeaderElection66] INFO  server.RaftServerConfigKeys (ConfUtils.java:logGet(43)) - raft.server.watch.timeout.denomination = 1s (default)
2019-09-27 22:36:54,764 [e604bea6-ce93-4a71-8c7f-2b360e024367@group-C63CEC06F46F:LeaderElection66] INFO  server.RaftServerConfigKeys (ConfUtils.java:logGet(43)) - raft.server.watch.element-limit = 65536 (default)
2019-09-27 22:36:54,769 [e604bea6-ce93-4a71-8c7f-2b360e024367@group-C63CEC06F46F:LeaderElection66] INFO  impl.RoleInfo (RoleInfo.java:updateAndGet(143)) - e604bea6-ce93-4a71-8c7f-2b360e024367: start LeaderState
2019-09-27 22:36:54,769 [e604bea6-ce93-4a71-8c7f-2b360e024367@group-C63CEC06F46F:LeaderElection66] INFO  segmented.SegmentedRaftLogWorker (SegmentedRaftLogWorker.java:startLogSegment(380)) - e604bea6-ce93-4a71-8c7f-2b360e024367@group-C63CEC06F46F-SegmentedRaftLogWorker: Starting segment from index:0
2019-09-27 22:36:54,770 [e604bea6-ce93-4a71-8c7f-2b360e024367@group-C63CEC06F46F:LeaderElection66] INFO  impl.RaftServerImpl (ServerState.java:setRaftConf(354)) - e604bea6-ce93-4a71-8c7f-2b360e024367@group-C63CEC06F46F: set configuration 0: [e604bea6-ce93-4a71-8c7f-2b360e024367:192.168.151.84:42472], old=null at 0
2019-09-27 22:36:54,798 [Thread-3112] INFO  impl.FollowerState (FollowerState.java:run(106)) - b54e9bbc-bb9e-442d-a038-28a1f4c684be:group-881070A52971 changes to CANDIDATE, lastRpcTime:5045, electionTimeout:5045ms
2019-09-27 22:36:54,798 [Thread-3112] INFO  impl.RoleInfo (RoleInfo.java:shutdownFollowerState(121)) - b54e9bbc-bb9e-442d-a038-28a1f4c684be: shutdown FollowerState
2019-09-27 22:36:54,798 [Thread-3112] INFO  impl.RaftServerImpl (RaftServerImpl.java:setRole(174)) - b54e9bbc-bb9e-442d-a038-28a1f4c684be@group-881070A52971: changes role from  FOLLOWER to CANDIDATE at term 0 for changeToCandidate
2019-09-27 22:36:54,798 [Thread-3112] INFO  impl.RoleInfo (RoleInfo.java:updateAndGet(143)) - b54e9bbc-bb9e-442d-a038-28a1f4c684be: start LeaderElection
2019-09-27 22:36:54,821 [e604bea6-ce93-4a71-8c7f-2b360e024367@group-C63CEC06F46F-SegmentedRaftLogWorker] INFO  segmented.SegmentedRaftLogWorker (SegmentedRaftLogWorker.java:execute(569)) - e604bea6-ce93-4a71-8c7f-2b360e024367@group-C63CEC06F46F-SegmentedRaftLogWorker: created new log segment /workdir/hadoop-ozone/integration-test/target/test-dir/MiniOzoneClusterImpl-6301c58b-4ac9-45bc-bb33-5a7d24acbbd6/datanode-0/data/ratis/40260125-1313-47d7-8219-c63cec06f46f/current/log_inprogress_0
2019-09-27 22:36:54,821 [b54e9bbc-bb9e-442d-a038-28a1f4c684be@group-881070A52971:LeaderElection67] INFO  impl.LeaderElection (LeaderElection.java:askForVotes(182)) - b54e9bbc-bb9e-442d-a038-28a1f4c684be@group-881070A52971:LeaderElection67: begin an election at term 1 for -1: [b54e9bbc-bb9e-442d-a038-28a1f4c684be:192.168.151.84:41910], old=null
2019-09-27 22:36:54,821 [b54e9bbc-bb9e-442d-a038-28a1f4c684be@group-881070A52971:LeaderElection67] INFO  impl.RoleInfo (RoleInfo.java:shutdownLeaderElection(134)) - b54e9bbc-bb9e-442d-a038-28a1f4c684be: shutdown LeaderElection
2019-09-27 22:36:54,821 [b54e9bbc-bb9e-442d-a038-28a1f4c684be@group-881070A52971:LeaderElection67] INFO  impl.RaftServerImpl (RaftServerImpl.java:setRole(174)) - b54e9bbc-bb9e-442d-a038-28a1f4c684be@group-881070A52971: changes role from CANDIDATE to LEADER at term 1 for changeToLeader
2019-09-27 22:36:54,821 [b54e9bbc-bb9e-442d-a038-28a1f4c684be@group-881070A52971:LeaderElection67] INFO  impl.RaftServerImpl (ServerState.java:setLeader(253)) - b54e9bbc-bb9e-442d-a038-28a1f4c684be@group-881070A52971: change Leader from null to b54e9bbc-bb9e-442d-a038-28a1f4c684be at term 1 for becomeLeader, leader elected after 5075ms
2019-09-27 22:36:54,821 [b54e9bbc-bb9e-442d-a038-28a1f4c684be@group-881070A52971:LeaderElection67] INFO  server.RaftServerConfigKeys (ConfUtils.java:logGet(43)) - raft.server.staging.catchup.gap = 1000 (default)
2019-09-27 22:36:54,822 [b54e9bbc-bb9e-442d-a038-28a1f4c684be@group-881070A52971:LeaderElection67] INFO  server.RaftServerConfigKeys (ConfUtils.java:logGet(43)) - raft.server.rpc.sleep.time = 25ms (default)
2019-09-27 22:36:54,822 [b54e9bbc-bb9e-442d-a038-28a1f4c684be@group-881070A52971:LeaderElection67] INFO  server.RaftServerConfigKeys (ConfUtils.java:logGet(43)) - raft.server.write.element-limit = 4096 (default)
2019-09-27 22:36:54,822 [b54e9bbc-bb9e-442d-a038-28a1f4c684be@group-881070A52971:LeaderElection67] INFO  server.RaftServerConfigKeys (ConfUtils.java:logGet(43)) - raft.server.watch.timeout = 10s (default)
2019-09-27 22:36:54,822 [b54e9bbc-bb9e-442d-a038-28a1f4c684be@group-881070A52971:LeaderElection67] INFO  server.RaftServerConfigKeys (ConfUtils.java:logGet(43)) - raft.server.watch.timeout.denomination = 1s (default)
2019-09-27 22:36:54,822 [b54e9bbc-bb9e-442d-a038-28a1f4c684be@group-881070A52971:LeaderElection67] INFO  server.RaftServerConfigKeys (ConfUtils.java:logGet(43)) - raft.server.watch.element-limit = 65536 (default)
2019-09-27 22:36:54,824 [b54e9bbc-bb9e-442d-a038-28a1f4c684be@group-881070A52971:LeaderElection67] INFO  impl.RoleInfo (RoleInfo.java:updateAndGet(143)) - b54e9bbc-bb9e-442d-a038-28a1f4c684be: start LeaderState
2019-09-27 22:36:54,825 [b54e9bbc-bb9e-442d-a038-28a1f4c684be@group-881070A52971:LeaderElection67] INFO  segmented.SegmentedRaftLogWorker (SegmentedRaftLogWorker.java:startLogSegment(380)) - b54e9bbc-bb9e-442d-a038-28a1f4c684be@group-881070A52971-SegmentedRaftLogWorker: Starting segment from index:0
2019-09-27 22:36:54,825 [b54e9bbc-bb9e-442d-a038-28a1f4c684be@group-881070A52971:LeaderElection67] INFO  impl.RaftServerImpl (ServerState.java:setRaftConf(354)) - b54e9bbc-bb9e-442d-a038-28a1f4c684be@group-881070A52971: set configuration 0: [b54e9bbc-bb9e-442d-a038-28a1f4c684be:192.168.151.84:41910], old=null at 0
2019-09-27 22:36:54,873 [b54e9bbc-bb9e-442d-a038-28a1f4c684be@group-881070A52971-SegmentedRaftLogWorker] INFO  segmented.SegmentedRaftLogWorker (SegmentedRaftLogWorker.java:execute(569)) - b54e9bbc-bb9e-442d-a038-28a1f4c684be@group-881070A52971-SegmentedRaftLogWorker: created new log segment /workdir/hadoop-ozone/integration-test/target/test-dir/MiniOzoneClusterImpl-6301c58b-4ac9-45bc-bb33-5a7d24acbbd6/datanode-1/data/ratis/97792d3d-6152-4393-b324-881070a52971/current/log_inprogress_0
2019-09-27 22:36:54,913 [Thread-3122] INFO  impl.FollowerState (FollowerState.java:run(106)) - a2745f55-569e-4cc9-94ac-292e693a8958:group-77D7DB3AC510 changes to CANDIDATE, lastRpcTime:5026, electionTimeout:5026ms
2019-09-27 22:36:54,914 [Thread-3122] INFO  impl.RoleInfo (RoleInfo.java:shutdownFollowerState(121)) - a2745f55-569e-4cc9-94ac-292e693a8958: shutdown FollowerState
2019-09-27 22:36:54,914 [Thread-3122] INFO  impl.RaftServerImpl (RaftServerImpl.java:setRole(174)) - a2745f55-569e-4cc9-94ac-292e693a8958@group-77D7DB3AC510: changes role from  FOLLOWER to CANDIDATE at term 0 for changeToCandidate
2019-09-27 22:36:54,914 [Thread-3122] INFO  impl.RoleInfo (RoleInfo.java:updateAndGet(143)) - a2745f55-569e-4cc9-94ac-292e693a8958: start LeaderElection
2019-09-27 22:36:54,933 [a2745f55-569e-4cc9-94ac-292e693a8958@group-77D7DB3AC510:LeaderElection68] INFO  impl.LeaderElection (LeaderElection.java:askForVotes(182)) - a2745f55-569e-4cc9-94ac-292e693a8958@group-77D7DB3AC510:LeaderElection68: begin an election at term 1 for -1: [b54e9bbc-bb9e-442d-a038-28a1f4c684be:192.168.151.84:41910, a2745f55-569e-4cc9-94ac-292e693a8958:192.168.151.84:39018, e604bea6-ce93-4a71-8c7f-2b360e024367:192.168.151.84:42472], old=null
2019-09-27 22:36:54,952 [grpc-default-executor-10] INFO  impl.RaftServerImpl (RaftServerImpl.java:setRole(174)) - e604bea6-ce93-4a71-8c7f-2b360e024367@group-77D7DB3AC510: changes role from  FOLLOWER to FOLLOWER at term 1 for recognizeCandidate:a2745f55-569e-4cc9-94ac-292e693a8958
2019-09-27 22:36:54,952 [grpc-default-executor-10] INFO  impl.RoleInfo (RoleInfo.java:shutdownFollowerState(121)) - e604bea6-ce93-4a71-8c7f-2b360e024367: shutdown FollowerState
2019-09-27 22:36:54,953 [grpc-default-executor-0] INFO  impl.RaftServerImpl (RaftServerImpl.java:setRole(174)) - b54e9bbc-bb9e-442d-a038-28a1f4c684be@group-77D7DB3AC510: changes role from  FOLLOWER to FOLLOWER at term 1 for recognizeCandidate:a2745f55-569e-4cc9-94ac-292e693a8958
2019-09-27 22:36:54,953 [Thread-3123] INFO  impl.FollowerState (FollowerState.java:run(115)) - e604bea6-ce93-4a71-8c7f-2b360e024367: FollowerState was interrupted: java.lang.InterruptedException: sleep interrupted
2019-09-27 22:36:54,953 [grpc-default-executor-10] INFO  impl.RoleInfo (RoleInfo.java:updateAndGet(143)) - e604bea6-ce93-4a71-8c7f-2b360e024367: start FollowerState
2019-09-27 22:36:54,953 [grpc-default-executor-0] INFO  impl.RoleInfo (RoleInfo.java:shutdownFollowerState(121)) - b54e9bbc-bb9e-442d-a038-28a1f4c684be: shutdown FollowerState
2019-09-27 22:36:54,956 [grpc-default-executor-0] INFO  impl.RoleInfo (RoleInfo.java:updateAndGet(143)) - b54e9bbc-bb9e-442d-a038-28a1f4c684be: start FollowerState
2019-09-27 22:36:54,956 [Thread-3119] INFO  impl.FollowerState (FollowerState.java:run(115)) - b54e9bbc-bb9e-442d-a038-28a1f4c684be: FollowerState was interrupted: java.lang.InterruptedException: sleep interrupted
2019-09-27 22:36:54,964 [a2745f55-569e-4cc9-94ac-292e693a8958@group-77D7DB3AC510:LeaderElection68] INFO  impl.LeaderElection (LeaderElection.java:logAndReturn(56)) - a2745f55-569e-4cc9-94ac-292e693a8958@group-77D7DB3AC510:LeaderElection68: Election PASSED; received 1 response(s) [a2745f55-569e-4cc9-94ac-292e693a8958<-b54e9bbc-bb9e-442d-a038-28a1f4c684be#0:OK-t1] and 0 exception(s); a2745f55-569e-4cc9-94ac-292e693a8958@group-77D7DB3AC510:t1, leader=null, voted=a2745f55-569e-4cc9-94ac-292e693a8958, raftlog=a2745f55-569e-4cc9-94ac-292e693a8958@group-77D7DB3AC510-SegmentedRaftLog:OPENED:c-1,f-1,i0, conf=-1: [b54e9bbc-bb9e-442d-a038-28a1f4c684be:192.168.151.84:41910, a2745f55-569e-4cc9-94ac-292e693a8958:192.168.151.84:39018, e604bea6-ce93-4a71-8c7f-2b360e024367:192.168.151.84:42472], old=null
2019-09-27 22:36:54,965 [a2745f55-569e-4cc9-94ac-292e693a8958@group-77D7DB3AC510:LeaderElection68] INFO  impl.RoleInfo (RoleInfo.java:shutdownLeaderElection(134)) - a2745f55-569e-4cc9-94ac-292e693a8958: shutdown LeaderElection
2019-09-27 22:36:54,965 [a2745f55-569e-4cc9-94ac-292e693a8958@group-77D7DB3AC510:LeaderElection68] INFO  impl.RaftServerImpl (RaftServerImpl.java:setRole(174)) - a2745f55-569e-4cc9-94ac-292e693a8958@group-77D7DB3AC510: changes role from CANDIDATE to LEADER at term 1 for changeToLeader
2019-09-27 22:36:54,965 [a2745f55-569e-4cc9-94ac-292e693a8958@group-77D7DB3AC510:LeaderElection68] INFO  impl.RaftServerImpl (ServerState.java:setLeader(253)) - a2745f55-569e-4cc9-94ac-292e693a8958@group-77D7DB3AC510: change Leader from null to a2745f55-569e-4cc9-94ac-292e693a8958 at term 1 for becomeLeader, leader elected after 5090ms
2019-09-27 22:36:54,965 [a2745f55-569e-4cc9-94ac-292e693a8958@group-77D7DB3AC510:LeaderElection68] INFO  server.RaftServerConfigKeys (ConfUtils.java:logGet(43)) - raft.server.staging.catchup.gap = 1000 (default)
2019-09-27 22:36:54,965 [a2745f55-569e-4cc9-94ac-292e693a8958@group-77D7DB3AC510:LeaderElection68] INFO  server.RaftServerConfigKeys (ConfUtils.java:logGet(43)) - raft.server.rpc.sleep.time = 25ms (default)
2019-09-27 22:36:54,965 [a2745f55-569e-4cc9-94ac-292e693a8958@group-77D7DB3AC510:LeaderElection68] INFO  server.RaftServerConfigKeys (ConfUtils.java:logGet(43)) - raft.server.write.element-limit = 4096 (default)
2019-09-27 22:36:54,965 [a2745f55-569e-4cc9-94ac-292e693a8958@group-77D7DB3AC510:LeaderElection68] INFO  server.RaftServerConfigKeys (ConfUtils.java:logGet(43)) - raft.server.watch.timeout = 10s (default)
2019-09-27 22:36:54,966 [a2745f55-569e-4cc9-94ac-292e693a8958@group-77D7DB3AC510:LeaderElection68] INFO  server.RaftServerConfigKeys (ConfUtils.java:logGet(43)) - raft.server.watch.timeout.denomination = 1s (default)
2019-09-27 22:36:54,966 [a2745f55-569e-4cc9-94ac-292e693a8958@group-77D7DB3AC510:LeaderElection68] INFO  server.RaftServerConfigKeys (ConfUtils.java:logGet(43)) - raft.server.watch.element-limit = 65536 (default)
2019-09-27 22:36:54,968 [a2745f55-569e-4cc9-94ac-292e693a8958@group-77D7DB3AC510:LeaderElection68] INFO  server.RaftServerConfigKeys (ConfUtils.java:logGet(43)) - raft.server.log.appender.snapshot.chunk.size.max = 16MB (=16777216) (default)
2019-09-27 22:36:54,968 [a2745f55-569e-4cc9-94ac-292e693a8958@group-77D7DB3AC510:LeaderElection68] INFO  server.RaftServerConfigKeys (ConfUtils.java:logGet(43)) - raft.server.log.appender.buffer.byte-limit = 33554432 (custom)
2019-09-27 22:36:54,968 [a2745f55-569e-4cc9-94ac-292e693a8958@group-77D7DB3AC510:LeaderElection68] INFO  server.RaftServerConfigKeys (ConfUtils.java:logGet(43)) - raft.server.log.appender.buffer.element-limit = 1 (custom)
2019-09-27 22:36:54,968 [a2745f55-569e-4cc9-94ac-292e693a8958@group-77D7DB3AC510:LeaderElection68] INFO  grpc.GrpcConfigKeys$Server (ConfUtils.java:logGet(43)) - raft.grpc.server.leader.outstanding.appends.max = 128 (default)
2019-09-27 22:36:54,968 [a2745f55-569e-4cc9-94ac-292e693a8958@group-77D7DB3AC510:LeaderElection68] INFO  server.RaftServerConfigKeys (ConfUtils.java:logGet(43)) - raft.server.rpc.request.timeout = 3000ms (default)
2019-09-27 22:36:54,969 [a2745f55-569e-4cc9-94ac-292e693a8958@group-77D7DB3AC510:LeaderElection68] INFO  server.RaftServerConfigKeys (ConfUtils.java:logGet(43)) - raft.server.log.appender.install.snapshot.enabled = false (custom)
2019-09-27 22:36:54,969 [a2745f55-569e-4cc9-94ac-292e693a8958@group-77D7DB3AC510:LeaderElection68] INFO  server.RaftServerConfigKeys (ConfUtils.java:logGet(43)) - raft.server.log.appender.snapshot.chunk.size.max = 16MB (=16777216) (default)
2019-09-27 22:36:54,969 [a2745f55-569e-4cc9-94ac-292e693a8958@group-77D7DB3AC510:LeaderElection68] INFO  server.RaftServerConfigKeys (ConfUtils.java:logGet(43)) - raft.server.log.appender.buffer.byte-limit = 33554432 (custom)
2019-09-27 22:36:54,969 [a2745f55-569e-4cc9-94ac-292e693a8958@group-77D7DB3AC510:LeaderElection68] INFO  server.RaftServerConfigKeys (ConfUtils.java:logGet(43)) - raft.server.log.appender.buffer.element-limit = 1 (custom)
2019-09-27 22:36:54,969 [a2745f55-569e-4cc9-94ac-292e693a8958@group-77D7DB3AC510:LeaderElection68] INFO  grpc.GrpcConfigKeys$Server (ConfUtils.java:logGet(43)) - raft.grpc.server.leader.outstanding.appends.max = 128 (default)
2019-09-27 22:36:54,970 [a2745f55-569e-4cc9-94ac-292e693a8958@group-77D7DB3AC510:LeaderElection68] INFO  server.RaftServerConfigKeys (ConfUtils.java:logGet(43)) - raft.server.rpc.request.timeout = 3000ms (default)
2019-09-27 22:36:54,970 [a2745f55-569e-4cc9-94ac-292e693a8958@group-77D7DB3AC510:LeaderElection68] INFO  server.RaftServerConfigKeys (ConfUtils.java:logGet(43)) - raft.server.log.appender.install.snapshot.enabled = false (custom)
2019-09-27 22:36:54,970 [a2745f55-569e-4cc9-94ac-292e693a8958@group-77D7DB3AC510:LeaderElection68] INFO  impl.RoleInfo (RoleInfo.java:updateAndGet(143)) - a2745f55-569e-4cc9-94ac-292e693a8958: start LeaderState
2019-09-27 22:36:54,970 [a2745f55-569e-4cc9-94ac-292e693a8958@group-77D7DB3AC510:LeaderElection68] INFO  segmented.SegmentedRaftLogWorker (SegmentedRaftLogWorker.java:startLogSegment(380)) - a2745f55-569e-4cc9-94ac-292e693a8958@group-77D7DB3AC510-SegmentedRaftLogWorker: Starting segment from index:0
2019-09-27 22:36:54,971 [a2745f55-569e-4cc9-94ac-292e693a8958@group-77D7DB3AC510:LeaderElection68] INFO  impl.RaftServerImpl (ServerState.java:setRaftConf(354)) - a2745f55-569e-4cc9-94ac-292e693a8958@group-77D7DB3AC510: set configuration 0: [b54e9bbc-bb9e-442d-a038-28a1f4c684be:192.168.151.84:41910, a2745f55-569e-4cc9-94ac-292e693a8958:192.168.151.84:39018, e604bea6-ce93-4a71-8c7f-2b360e024367:192.168.151.84:42472], old=null at 0
2019-09-27 22:36:55,002 [grpc-default-executor-0] INFO  impl.RaftServerImpl (ServerState.java:setLeader(253)) - e604bea6-ce93-4a71-8c7f-2b360e024367@group-77D7DB3AC510: change Leader from null to a2745f55-569e-4cc9-94ac-292e693a8958 at term 1 for appendEntries, leader elected after 5128ms
2019-09-27 22:36:55,004 [Thread-3115] INFO  impl.FollowerState (FollowerState.java:run(106)) - a2745f55-569e-4cc9-94ac-292e693a8958:group-8601E6F4E826 changes to CANDIDATE, lastRpcTime:5176, electionTimeout:5149ms
2019-09-27 22:36:55,005 [Thread-3115] INFO  impl.RoleInfo (RoleInfo.java:shutdownFollowerState(121)) - a2745f55-569e-4cc9-94ac-292e693a8958: shutdown FollowerState
2019-09-27 22:36:55,007 [grpc-default-executor-10] INFO  impl.RaftServerImpl (ServerState.java:setLeader(253)) - b54e9bbc-bb9e-442d-a038-28a1f4c684be@group-77D7DB3AC510: change Leader from null to a2745f55-569e-4cc9-94ac-292e693a8958 at term 1 for appendEntries, leader elected after 5133ms
2019-09-27 22:36:55,008 [Thread-3115] INFO  impl.RaftServerImpl (RaftServerImpl.java:setRole(174)) - a2745f55-569e-4cc9-94ac-292e693a8958@group-8601E6F4E826: changes role from  FOLLOWER to CANDIDATE at term 0 for changeToCandidate
2019-09-27 22:36:55,008 [Thread-3115] INFO  impl.RoleInfo (RoleInfo.java:updateAndGet(143)) - a2745f55-569e-4cc9-94ac-292e693a8958: start LeaderElection
2019-09-27 22:36:55,011 [a2745f55-569e-4cc9-94ac-292e693a8958@group-77D7DB3AC510-SegmentedRaftLogWorker] INFO  segmented.SegmentedRaftLogWorker (SegmentedRaftLogWorker.java:execute(569)) - a2745f55-569e-4cc9-94ac-292e693a8958@group-77D7DB3AC510-SegmentedRaftLogWorker: created new log segment /workdir/hadoop-ozone/integration-test/target/test-dir/MiniOzoneClusterImpl-6301c58b-4ac9-45bc-bb33-5a7d24acbbd6/datanode-2/data/ratis/c2e942b1-9951-445b-a8c9-77d7db3ac510/current/log_inprogress_0
2019-09-27 22:36:55,015 [grpc-default-executor-10] INFO  impl.RaftServerImpl (ServerState.java:setRaftConf(354)) - e604bea6-ce93-4a71-8c7f-2b360e024367@group-77D7DB3AC510: set configuration 0: [b54e9bbc-bb9e-442d-a038-28a1f4c684be:192.168.151.84:41910, a2745f55-569e-4cc9-94ac-292e693a8958:192.168.151.84:39018, e604bea6-ce93-4a71-8c7f-2b360e024367:192.168.151.84:42472], old=null at 0
2019-09-27 22:36:55,015 [grpc-default-executor-0] INFO  impl.RaftServerImpl (ServerState.java:setRaftConf(354)) - b54e9bbc-bb9e-442d-a038-28a1f4c684be@group-77D7DB3AC510: set configuration 0: [b54e9bbc-bb9e-442d-a038-28a1f4c684be:192.168.151.84:41910, a2745f55-569e-4cc9-94ac-292e693a8958:192.168.151.84:39018, e604bea6-ce93-4a71-8c7f-2b360e024367:192.168.151.84:42472], old=null at 0
2019-09-27 22:36:55,015 [grpc-default-executor-10] INFO  segmented.SegmentedRaftLogWorker (SegmentedRaftLogWorker.java:startLogSegment(380)) - e604bea6-ce93-4a71-8c7f-2b360e024367@group-77D7DB3AC510-SegmentedRaftLogWorker: Starting segment from index:0
2019-09-27 22:36:55,015 [grpc-default-executor-0] INFO  segmented.SegmentedRaftLogWorker (SegmentedRaftLogWorker.java:startLogSegment(380)) - b54e9bbc-bb9e-442d-a038-28a1f4c684be@group-77D7DB3AC510-SegmentedRaftLogWorker: Starting segment from index:0
2019-09-27 22:36:55,018 [a2745f55-569e-4cc9-94ac-292e693a8958@group-8601E6F4E826:LeaderElection69] INFO  impl.LeaderElection (LeaderElection.java:askForVotes(182)) - a2745f55-569e-4cc9-94ac-292e693a8958@group-8601E6F4E826:LeaderElection69: begin an election at term 1 for -1: [a2745f55-569e-4cc9-94ac-292e693a8958:192.168.151.84:39018], old=null
2019-09-27 22:36:55,018 [a2745f55-569e-4cc9-94ac-292e693a8958@group-8601E6F4E826:LeaderElection69] INFO  impl.RoleInfo (RoleInfo.java:shutdownLeaderElection(134)) - a2745f55-569e-4cc9-94ac-292e693a8958: shutdown LeaderElection
2019-09-27 22:36:55,018 [a2745f55-569e-4cc9-94ac-292e693a8958@group-8601E6F4E826:LeaderElection69] INFO  impl.RaftServerImpl (RaftServerImpl.java:setRole(174)) - a2745f55-569e-4cc9-94ac-292e693a8958@group-8601E6F4E826: changes role from CANDIDATE to LEADER at term 1 for changeToLeader
2019-09-27 22:36:55,018 [a2745f55-569e-4cc9-94ac-292e693a8958@group-8601E6F4E826:LeaderElection69] INFO  impl.RaftServerImpl (ServerState.java:setLeader(253)) - a2745f55-569e-4cc9-94ac-292e693a8958@group-8601E6F4E826: change Leader from null to a2745f55-569e-4cc9-94ac-292e693a8958 at term 1 for becomeLeader, leader elected after 5197ms
2019-09-27 22:36:55,018 [a2745f55-569e-4cc9-94ac-292e693a8958@group-8601E6F4E826:LeaderElection69] INFO  server.RaftServerConfigKeys (ConfUtils.java:logGet(43)) - raft.server.staging.catchup.gap = 1000 (default)
2019-09-27 22:36:55,018 [a2745f55-569e-4cc9-94ac-292e693a8958@group-8601E6F4E826:LeaderElection69] INFO  server.RaftServerConfigKeys (ConfUtils.java:logGet(43)) - raft.server.rpc.sleep.time = 25ms (default)
2019-09-27 22:36:55,019 [a2745f55-569e-4cc9-94ac-292e693a8958@group-8601E6F4E826:LeaderElection69] INFO  server.RaftServerConfigKeys (ConfUtils.java:logGet(43)) - raft.server.write.element-limit = 4096 (default)
2019-09-27 22:36:55,019 [a2745f55-569e-4cc9-94ac-292e693a8958@group-8601E6F4E826:LeaderElection69] INFO  server.RaftServerConfigKeys (ConfUtils.java:logGet(43)) - raft.server.watch.timeout = 10s (default)
2019-09-27 22:36:55,019 [a2745f55-569e-4cc9-94ac-292e693a8958@group-8601E6F4E826:LeaderElection69] INFO  server.RaftServerConfigKeys (ConfUtils.java:logGet(43)) - raft.server.watch.timeout.denomination = 1s (default)
2019-09-27 22:36:55,019 [a2745f55-569e-4cc9-94ac-292e693a8958@group-8601E6F4E826:LeaderElection69] INFO  server.RaftServerConfigKeys (ConfUtils.java:logGet(43)) - raft.server.watch.element-limit = 65536 (default)
2019-09-27 22:36:55,021 [a2745f55-569e-4cc9-94ac-292e693a8958@group-8601E6F4E826:LeaderElection69] INFO  impl.RoleInfo (RoleInfo.java:updateAndGet(143)) - a2745f55-569e-4cc9-94ac-292e693a8958: start LeaderState
2019-09-27 22:36:55,021 [a2745f55-569e-4cc9-94ac-292e693a8958@group-8601E6F4E826:LeaderElection69] INFO  segmented.SegmentedRaftLogWorker (SegmentedRaftLogWorker.java:startLogSegment(380)) - a2745f55-569e-4cc9-94ac-292e693a8958@group-8601E6F4E826-SegmentedRaftLogWorker: Starting segment from index:0
2019-09-27 22:36:55,021 [a2745f55-569e-4cc9-94ac-292e693a8958@group-8601E6F4E826:LeaderElection69] INFO  impl.RaftServerImpl (ServerState.java:setRaftConf(354)) - a2745f55-569e-4cc9-94ac-292e693a8958@group-8601E6F4E826: set configuration 0: [a2745f55-569e-4cc9-94ac-292e693a8958:192.168.151.84:39018], old=null at 0
2019-09-27 22:36:55,063 [Thread-3127] INFO  impl.FollowerState (FollowerState.java:run(106)) - 794cf556-ac59-4769-9140-89bf84b53f53:group-11ACB02A3219 changes to CANDIDATE, lastRpcTime:5046, electionTimeout:5046ms
2019-09-27 22:36:55,063 [Thread-3127] INFO  impl.RoleInfo (RoleInfo.java:shutdownFollowerState(121)) - 794cf556-ac59-4769-9140-89bf84b53f53: shutdown FollowerState
2019-09-27 22:36:55,064 [Thread-3127] INFO  impl.RaftServerImpl (RaftServerImpl.java:setRole(174)) - 794cf556-ac59-4769-9140-89bf84b53f53@group-11ACB02A3219: changes role from  FOLLOWER to CANDIDATE at term 0 for changeToCandidate
2019-09-27 22:36:55,064 [Thread-3127] INFO  impl.RoleInfo (RoleInfo.java:updateAndGet(143)) - 794cf556-ac59-4769-9140-89bf84b53f53: start LeaderElection
2019-09-27 22:36:55,071 [e604bea6-ce93-4a71-8c7f-2b360e024367@group-77D7DB3AC510-SegmentedRaftLogWorker] INFO  segmented.SegmentedRaftLogWorker (SegmentedRaftLogWorker.java:execute(569)) - e604bea6-ce93-4a71-8c7f-2b360e024367@group-77D7DB3AC510-SegmentedRaftLogWorker: created new log segment /workdir/hadoop-ozone/integration-test/target/test-dir/MiniOzoneClusterImpl-6301c58b-4ac9-45bc-bb33-5a7d24acbbd6/datanode-0/data/ratis/c2e942b1-9951-445b-a8c9-77d7db3ac510/current/log_inprogress_0
2019-09-27 22:36:55,071 [a2745f55-569e-4cc9-94ac-292e693a8958@group-8601E6F4E826-SegmentedRaftLogWorker] INFO  segmented.SegmentedRaftLogWorker (SegmentedRaftLogWorker.java:execute(569)) - a2745f55-569e-4cc9-94ac-292e693a8958@group-8601E6F4E826-SegmentedRaftLogWorker: created new log segment /workdir/hadoop-ozone/integration-test/target/test-dir/MiniOzoneClusterImpl-6301c58b-4ac9-45bc-bb33-5a7d24acbbd6/datanode-2/data/ratis/45d15668-6203-445f-85d0-8601e6f4e826/current/log_inprogress_0
2019-09-27 22:36:55,071 [794cf556-ac59-4769-9140-89bf84b53f53@group-11ACB02A3219:LeaderElection70] INFO  impl.LeaderElection (LeaderElection.java:askForVotes(182)) - 794cf556-ac59-4769-9140-89bf84b53f53@group-11ACB02A3219:LeaderElection70: begin an election at term 1 for -1: [794cf556-ac59-4769-9140-89bf84b53f53:192.168.151.84:32956], old=null
2019-09-27 22:36:55,071 [b54e9bbc-bb9e-442d-a038-28a1f4c684be@group-77D7DB3AC510-SegmentedRaftLogWorker] INFO  segmented.SegmentedRaftLogWorker (SegmentedRaftLogWorker.java:execute(569)) - b54e9bbc-bb9e-442d-a038-28a1f4c684be@group-77D7DB3AC510-SegmentedRaftLogWorker: created new log segment /workdir/hadoop-ozone/integration-test/target/test-dir/MiniOzoneClusterImpl-6301c58b-4ac9-45bc-bb33-5a7d24acbbd6/datanode-1/data/ratis/c2e942b1-9951-445b-a8c9-77d7db3ac510/current/log_inprogress_0
2019-09-27 22:36:55,071 [794cf556-ac59-4769-9140-89bf84b53f53@group-11ACB02A3219:LeaderElection70] INFO  impl.RoleInfo (RoleInfo.java:shutdownLeaderElection(134)) - 794cf556-ac59-4769-9140-89bf84b53f53: shutdown LeaderElection
2019-09-27 22:36:55,071 [794cf556-ac59-4769-9140-89bf84b53f53@group-11ACB02A3219:LeaderElection70] INFO  impl.RaftServerImpl (RaftServerImpl.java:setRole(174)) - 794cf556-ac59-4769-9140-89bf84b53f53@group-11ACB02A3219: changes role from CANDIDATE to LEADER at term 1 for changeToLeader
2019-09-27 22:36:55,072 [794cf556-ac59-4769-9140-89bf84b53f53@group-11ACB02A3219:LeaderElection70] INFO  impl.RaftServerImpl (ServerState.java:setLeader(253)) - 794cf556-ac59-4769-9140-89bf84b53f53@group-11ACB02A3219: change Leader from null to 794cf556-ac59-4769-9140-89bf84b53f53 at term 1 for becomeLeader, leader elected after 5064ms
2019-09-27 22:36:55,072 [794cf556-ac59-4769-9140-89bf84b53f53@group-11ACB02A3219:LeaderElection70] INFO  server.RaftServerConfigKeys (ConfUtils.java:logGet(43)) - raft.server.staging.catchup.gap = 1000 (default)
2019-09-27 22:36:55,072 [794cf556-ac59-4769-9140-89bf84b53f53@group-11ACB02A3219:LeaderElection70] INFO  server.RaftServerConfigKeys (ConfUtils.java:logGet(43)) - raft.server.rpc.sleep.time = 25ms (default)
2019-09-27 22:36:55,072 [794cf556-ac59-4769-9140-89bf84b53f53@group-11ACB02A3219:LeaderElection70] INFO  server.RaftServerConfigKeys (ConfUtils.java:logGet(43)) - raft.server.write.element-limit = 4096 (default)
2019-09-27 22:36:55,072 [794cf556-ac59-4769-9140-89bf84b53f53@group-11ACB02A3219:LeaderElection70] INFO  server.RaftServerConfigKeys (ConfUtils.java:logGet(43)) - raft.server.watch.timeout = 10s (default)
2019-09-27 22:36:55,072 [794cf556-ac59-4769-9140-89bf84b53f53@group-11ACB02A3219:LeaderElection70] INFO  server.RaftServerConfigKeys (ConfUtils.java:logGet(43)) - raft.server.watch.timeout.denomination = 1s (default)
2019-09-27 22:36:55,072 [794cf556-ac59-4769-9140-89bf84b53f53@group-11ACB02A3219:LeaderElection70] INFO  server.RaftServerConfigKeys (ConfUtils.java:logGet(43)) - raft.server.watch.element-limit = 65536 (default)
2019-09-27 22:36:55,074 [794cf556-ac59-4769-9140-89bf84b53f53@group-11ACB02A3219:LeaderElection70] INFO  impl.RoleInfo (RoleInfo.java:updateAndGet(143)) - 794cf556-ac59-4769-9140-89bf84b53f53: start LeaderState
2019-09-27 22:36:55,075 [794cf556-ac59-4769-9140-89bf84b53f53@group-11ACB02A3219:LeaderElection70] INFO  segmented.SegmentedRaftLogWorker (SegmentedRaftLogWorker.java:startLogSegment(380)) - 794cf556-ac59-4769-9140-89bf84b53f53@group-11ACB02A3219-SegmentedRaftLogWorker: Starting segment from index:0
2019-09-27 22:36:55,075 [794cf556-ac59-4769-9140-89bf84b53f53@group-11ACB02A3219:LeaderElection70] INFO  impl.RaftServerImpl (ServerState.java:setRaftConf(354)) - 794cf556-ac59-4769-9140-89bf84b53f53@group-11ACB02A3219: set configuration 0: [794cf556-ac59-4769-9140-89bf84b53f53:192.168.151.84:32956], old=null at 0
2019-09-27 22:36:55,118 [794cf556-ac59-4769-9140-89bf84b53f53@group-11ACB02A3219-SegmentedRaftLogWorker] INFO  segmented.SegmentedRaftLogWorker (SegmentedRaftLogWorker.java:execute(569)) - 794cf556-ac59-4769-9140-89bf84b53f53@group-11ACB02A3219-SegmentedRaftLogWorker: created new log segment /workdir/hadoop-ozone/integration-test/target/test-dir/MiniOzoneClusterImpl-6301c58b-4ac9-45bc-bb33-5a7d24acbbd6/datanode-3/data/ratis/9c7ee632-a776-4fa6-8e99-11acb02a3219/current/log_inprogress_0
2019-09-27 22:36:55,257 [Thread-3130] INFO  impl.FollowerState (FollowerState.java:run(106)) - 3fd0793e-5fae-4540-8845-888b9218eff5:group-ACA0A342179C changes to CANDIDATE, lastRpcTime:5172, electionTimeout:5172ms
2019-09-27 22:36:55,257 [Thread-3130] INFO  impl.RoleInfo (RoleInfo.java:shutdownFollowerState(121)) - 3fd0793e-5fae-4540-8845-888b9218eff5: shutdown FollowerState
2019-09-27 22:36:55,257 [Thread-3130] INFO  impl.RaftServerImpl (RaftServerImpl.java:setRole(174)) - 3fd0793e-5fae-4540-8845-888b9218eff5@group-ACA0A342179C: changes role from  FOLLOWER to CANDIDATE at term 0 for changeToCandidate
2019-09-27 22:36:55,257 [Thread-3130] INFO  impl.RoleInfo (RoleInfo.java:updateAndGet(143)) - 3fd0793e-5fae-4540-8845-888b9218eff5: start LeaderElection
2019-09-27 22:36:55,274 [3fd0793e-5fae-4540-8845-888b9218eff5@group-ACA0A342179C:LeaderElection71] INFO  impl.LeaderElection (LeaderElection.java:askForVotes(182)) - 3fd0793e-5fae-4540-8845-888b9218eff5@group-ACA0A342179C:LeaderElection71: begin an election at term 1 for -1: [3fd0793e-5fae-4540-8845-888b9218eff5:192.168.151.84:46520], old=null
2019-09-27 22:36:55,274 [3fd0793e-5fae-4540-8845-888b9218eff5@group-ACA0A342179C:LeaderElection71] INFO  impl.RoleInfo (RoleInfo.java:shutdownLeaderElection(134)) - 3fd0793e-5fae-4540-8845-888b9218eff5: shutdown LeaderElection
2019-09-27 22:36:55,274 [3fd0793e-5fae-4540-8845-888b9218eff5@group-ACA0A342179C:LeaderElection71] INFO  impl.RaftServerImpl (RaftServerImpl.java:setRole(174)) - 3fd0793e-5fae-4540-8845-888b9218eff5@group-ACA0A342179C: changes role from CANDIDATE to LEADER at term 1 for changeToLeader
2019-09-27 22:36:55,274 [3fd0793e-5fae-4540-8845-888b9218eff5@group-ACA0A342179C:LeaderElection71] INFO  impl.RaftServerImpl (ServerState.java:setLeader(253)) - 3fd0793e-5fae-4540-8845-888b9218eff5@group-ACA0A342179C: change Leader from null to 3fd0793e-5fae-4540-8845-888b9218eff5 at term 1 for becomeLeader, leader elected after 5196ms
2019-09-27 22:36:55,274 [3fd0793e-5fae-4540-8845-888b9218eff5@group-ACA0A342179C:LeaderElection71] INFO  server.RaftServerConfigKeys (ConfUtils.java:logGet(43)) - raft.server.staging.catchup.gap = 1000 (default)
2019-09-27 22:36:55,275 [3fd0793e-5fae-4540-8845-888b9218eff5@group-ACA0A342179C:LeaderElection71] INFO  server.RaftServerConfigKeys (ConfUtils.java:logGet(43)) - raft.server.rpc.sleep.time = 25ms (default)
2019-09-27 22:36:55,275 [3fd0793e-5fae-4540-8845-888b9218eff5@group-ACA0A342179C:LeaderElection71] INFO  server.RaftServerConfigKeys (ConfUtils.java:logGet(43)) - raft.server.write.element-limit = 4096 (default)
2019-09-27 22:36:55,275 [3fd0793e-5fae-4540-8845-888b9218eff5@group-ACA0A342179C:LeaderElection71] INFO  server.RaftServerConfigKeys (ConfUtils.java:logGet(43)) - raft.server.watch.timeout = 10s (default)
2019-09-27 22:36:55,275 [3fd0793e-5fae-4540-8845-888b9218eff5@group-ACA0A342179C:LeaderElection71] INFO  server.RaftServerConfigKeys (ConfUtils.java:logGet(43)) - raft.server.watch.timeout.denomination = 1s (default)
2019-09-27 22:36:55,275 [3fd0793e-5fae-4540-8845-888b9218eff5@group-ACA0A342179C:LeaderElection71] INFO  server.RaftServerConfigKeys (ConfUtils.java:logGet(43)) - raft.server.watch.element-limit = 65536 (default)
2019-09-27 22:36:55,277 [3fd0793e-5fae-4540-8845-888b9218eff5@group-ACA0A342179C:LeaderElection71] INFO  impl.RoleInfo (RoleInfo.java:updateAndGet(143)) - 3fd0793e-5fae-4540-8845-888b9218eff5: start LeaderState
2019-09-27 22:36:55,278 [3fd0793e-5fae-4540-8845-888b9218eff5@group-ACA0A342179C:LeaderElection71] INFO  segmented.SegmentedRaftLogWorker (SegmentedRaftLogWorker.java:startLogSegment(380)) - 3fd0793e-5fae-4540-8845-888b9218eff5@group-ACA0A342179C-SegmentedRaftLogWorker: Starting segment from index:0
2019-09-27 22:36:55,278 [3fd0793e-5fae-4540-8845-888b9218eff5@group-ACA0A342179C:LeaderElection71] INFO  impl.RaftServerImpl (ServerState.java:setRaftConf(354)) - 3fd0793e-5fae-4540-8845-888b9218eff5@group-ACA0A342179C: set configuration 0: [3fd0793e-5fae-4540-8845-888b9218eff5:192.168.151.84:46520], old=null at 0
2019-09-27 22:36:55,316 [Thread-3146] INFO  impl.FollowerState (FollowerState.java:run(106)) - 794cf556-ac59-4769-9140-89bf84b53f53:group-D0C946610EE2 changes to CANDIDATE, lastRpcTime:5050, electionTimeout:5047ms
2019-09-27 22:36:55,317 [Thread-3146] INFO  impl.RoleInfo (RoleInfo.java:shutdownFollowerState(121)) - 794cf556-ac59-4769-9140-89bf84b53f53: shutdown FollowerState
2019-09-27 22:36:55,317 [Thread-3146] INFO  impl.RaftServerImpl (RaftServerImpl.java:setRole(174)) - 794cf556-ac59-4769-9140-89bf84b53f53@group-D0C946610EE2: changes role from  FOLLOWER to CANDIDATE at term 0 for changeToCandidate
2019-09-27 22:36:55,317 [Thread-3146] INFO  impl.RoleInfo (RoleInfo.java:updateAndGet(143)) - 794cf556-ac59-4769-9140-89bf84b53f53: start LeaderElection
2019-09-27 22:36:55,328 [Thread-3135] INFO  impl.FollowerState (FollowerState.java:run(106)) - f92c8218-5cc6-41a8-ba7f-0ea4b1b7a760:group-B9CB53704209 changes to CANDIDATE, lastRpcTime:5180, electionTimeout:5180ms
2019-09-27 22:36:55,329 [Thread-3135] INFO  impl.RoleInfo (RoleInfo.java:shutdownFollowerState(121)) - f92c8218-5cc6-41a8-ba7f-0ea4b1b7a760: shutdown FollowerState
2019-09-27 22:36:55,329 [Thread-3135] INFO  impl.RaftServerImpl (RaftServerImpl.java:setRole(174)) - f92c8218-5cc6-41a8-ba7f-0ea4b1b7a760@group-B9CB53704209: changes role from  FOLLOWER to CANDIDATE at term 0 for changeToCandidate
2019-09-27 22:36:55,329 [Thread-3135] INFO  impl.RoleInfo (RoleInfo.java:updateAndGet(143)) - f92c8218-5cc6-41a8-ba7f-0ea4b1b7a760: start LeaderElection
2019-09-27 22:36:55,329 [3fd0793e-5fae-4540-8845-888b9218eff5@group-ACA0A342179C-SegmentedRaftLogWorker] INFO  segmented.SegmentedRaftLogWorker (SegmentedRaftLogWorker.java:execute(569)) - 3fd0793e-5fae-4540-8845-888b9218eff5@group-ACA0A342179C-SegmentedRaftLogWorker: created new log segment /workdir/hadoop-ozone/integration-test/target/test-dir/MiniOzoneClusterImpl-6301c58b-4ac9-45bc-bb33-5a7d24acbbd6/datanode-5/data/ratis/814b1a22-11d8-4040-ac4b-aca0a342179c/current/log_inprogress_0
2019-09-27 22:36:55,332 [794cf556-ac59-4769-9140-89bf84b53f53@group-D0C946610EE2:LeaderElection72] INFO  impl.LeaderElection (LeaderElection.java:askForVotes(182)) - 794cf556-ac59-4769-9140-89bf84b53f53@group-D0C946610EE2:LeaderElection72: begin an election at term 1 for -1: [f92c8218-5cc6-41a8-ba7f-0ea4b1b7a760:192.168.151.84:42688, 3fd0793e-5fae-4540-8845-888b9218eff5:192.168.151.84:46520, 794cf556-ac59-4769-9140-89bf84b53f53:192.168.151.84:32956], old=null
2019-09-27 22:36:55,338 [grpc-default-executor-10] INFO  impl.RaftServerImpl (RaftServerImpl.java:setRole(174)) - 3fd0793e-5fae-4540-8845-888b9218eff5@group-D0C946610EE2: changes role from  FOLLOWER to FOLLOWER at term 1 for recognizeCandidate:794cf556-ac59-4769-9140-89bf84b53f53
2019-09-27 22:36:55,338 [grpc-default-executor-0] INFO  impl.RaftServerImpl (RaftServerImpl.java:setRole(174)) - f92c8218-5cc6-41a8-ba7f-0ea4b1b7a760@group-D0C946610EE2: changes role from  FOLLOWER to FOLLOWER at term 1 for recognizeCandidate:794cf556-ac59-4769-9140-89bf84b53f53
2019-09-27 22:36:55,339 [grpc-default-executor-10] INFO  impl.RoleInfo (RoleInfo.java:shutdownFollowerState(121)) - 3fd0793e-5fae-4540-8845-888b9218eff5: shutdown FollowerState
2019-09-27 22:36:55,339 [grpc-default-executor-0] INFO  impl.RoleInfo (RoleInfo.java:shutdownFollowerState(121)) - f92c8218-5cc6-41a8-ba7f-0ea4b1b7a760: shutdown FollowerState
2019-09-27 22:36:55,339 [Thread-3143] INFO  impl.FollowerState (FollowerState.java:run(115)) - 3fd0793e-5fae-4540-8845-888b9218eff5: FollowerState was interrupted: java.lang.InterruptedException: sleep interrupted
2019-09-27 22:36:55,339 [grpc-default-executor-10] INFO  impl.RoleInfo (RoleInfo.java:updateAndGet(143)) - 3fd0793e-5fae-4540-8845-888b9218eff5: start FollowerState
2019-09-27 22:36:55,339 [Thread-3145] INFO  impl.FollowerState (FollowerState.java:run(115)) - f92c8218-5cc6-41a8-ba7f-0ea4b1b7a760: FollowerState was interrupted: java.lang.InterruptedException: sleep interrupted
2019-09-27 22:36:55,339 [grpc-default-executor-0] INFO  impl.RoleInfo (RoleInfo.java:updateAndGet(143)) - f92c8218-5cc6-41a8-ba7f-0ea4b1b7a760: start FollowerState
2019-09-27 22:36:55,349 [f92c8218-5cc6-41a8-ba7f-0ea4b1b7a760@group-B9CB53704209:LeaderElection73] INFO  impl.LeaderElection (LeaderElection.java:askForVotes(182)) - f92c8218-5cc6-41a8-ba7f-0ea4b1b7a760@group-B9CB53704209:LeaderElection73: begin an election at term 1 for -1: [f92c8218-5cc6-41a8-ba7f-0ea4b1b7a760:192.168.151.84:42688], old=null
2019-09-27 22:36:55,349 [f92c8218-5cc6-41a8-ba7f-0ea4b1b7a760@group-B9CB53704209:LeaderElection73] INFO  impl.RoleInfo (RoleInfo.java:shutdownLeaderElection(134)) - f92c8218-5cc6-41a8-ba7f-0ea4b1b7a760: shutdown LeaderElection
2019-09-27 22:36:55,349 [f92c8218-5cc6-41a8-ba7f-0ea4b1b7a760@group-B9CB53704209:LeaderElection73] INFO  impl.RaftServerImpl (RaftServerImpl.java:setRole(174)) - f92c8218-5cc6-41a8-ba7f-0ea4b1b7a760@group-B9CB53704209: changes role from CANDIDATE to LEADER at term 1 for changeToLeader
2019-09-27 22:36:55,349 [f92c8218-5cc6-41a8-ba7f-0ea4b1b7a760@group-B9CB53704209:LeaderElection73] INFO  impl.RaftServerImpl (ServerState.java:setLeader(253)) - f92c8218-5cc6-41a8-ba7f-0ea4b1b7a760@group-B9CB53704209: change Leader from null to f92c8218-5cc6-41a8-ba7f-0ea4b1b7a760 at term 1 for becomeLeader, leader elected after 5216ms
2019-09-27 22:36:55,349 [f92c8218-5cc6-41a8-ba7f-0ea4b1b7a760@group-B9CB53704209:LeaderElection73] INFO  server.RaftServerConfigKeys (ConfUtils.java:logGet(43)) - raft.server.staging.catchup.gap = 1000 (default)
2019-09-27 22:36:55,350 [f92c8218-5cc6-41a8-ba7f-0ea4b1b7a760@group-B9CB53704209:LeaderElection73] INFO  server.RaftServerConfigKeys (ConfUtils.java:logGet(43)) - raft.server.rpc.sleep.time = 25ms (default)
2019-09-27 22:36:55,350 [f92c8218-5cc6-41a8-ba7f-0ea4b1b7a760@group-B9CB53704209:LeaderElection73] INFO  server.RaftServerConfigKeys (ConfUtils.java:logGet(43)) - raft.server.write.element-limit = 4096 (default)
2019-09-27 22:36:55,350 [f92c8218-5cc6-41a8-ba7f-0ea4b1b7a760@group-B9CB53704209:LeaderElection73] INFO  server.RaftServerConfigKeys (ConfUtils.java:logGet(43)) - raft.server.watch.timeout = 10s (default)
2019-09-27 22:36:55,350 [f92c8218-5cc6-41a8-ba7f-0ea4b1b7a760@group-B9CB53704209:LeaderElection73] INFO  server.RaftServerConfigKeys (ConfUtils.java:logGet(43)) - raft.server.watch.timeout.denomination = 1s (default)
2019-09-27 22:36:55,350 [f92c8218-5cc6-41a8-ba7f-0ea4b1b7a760@group-B9CB53704209:LeaderElection73] INFO  server.RaftServerConfigKeys (ConfUtils.java:logGet(43)) - raft.server.watch.element-limit = 65536 (default)
2019-09-27 22:36:55,357 [f92c8218-5cc6-41a8-ba7f-0ea4b1b7a760@group-B9CB53704209:LeaderElection73] INFO  impl.RoleInfo (RoleInfo.java:updateAndGet(143)) - f92c8218-5cc6-41a8-ba7f-0ea4b1b7a760: start LeaderState
2019-09-27 22:36:55,361 [f92c8218-5cc6-41a8-ba7f-0ea4b1b7a760@group-B9CB53704209:LeaderElection73] INFO  segmented.SegmentedRaftLogWorker (SegmentedRaftLogWorker.java:startLogSegment(380)) - f92c8218-5cc6-41a8-ba7f-0ea4b1b7a760@group-B9CB53704209-SegmentedRaftLogWorker: Starting segment from index:0
2019-09-27 22:36:55,361 [f92c8218-5cc6-41a8-ba7f-0ea4b1b7a760@group-B9CB53704209:LeaderElection73] INFO  impl.RaftServerImpl (ServerState.java:setRaftConf(354)) - f92c8218-5cc6-41a8-ba7f-0ea4b1b7a760@group-B9CB53704209: set configuration 0: [f92c8218-5cc6-41a8-ba7f-0ea4b1b7a760:192.168.151.84:42688], old=null at 0
2019-09-27 22:36:55,365 [Thread-3138] INFO  impl.FollowerState (FollowerState.java:run(106)) - 05873f83-2d70-453d-9ca0-1cf68bd9743c:group-EFFFF9182EAE changes to CANDIDATE, lastRpcTime:5154, electionTimeout:5152ms
2019-09-27 22:36:55,365 [Thread-3138] INFO  impl.RoleInfo (RoleInfo.java:shutdownFollowerState(121)) - 05873f83-2d70-453d-9ca0-1cf68bd9743c: shutdown FollowerState
2019-09-27 22:36:55,365 [Thread-3138] INFO  impl.RaftServerImpl (RaftServerImpl.java:setRole(174)) - 05873f83-2d70-453d-9ca0-1cf68bd9743c@group-EFFFF9182EAE: changes role from  FOLLOWER to CANDIDATE at term 0 for changeToCandidate
2019-09-27 22:36:55,365 [Thread-3138] INFO  impl.RoleInfo (RoleInfo.java:updateAndGet(143)) - 05873f83-2d70-453d-9ca0-1cf68bd9743c: start LeaderElection
2019-09-27 22:36:55,390 [794cf556-ac59-4769-9140-89bf84b53f53@group-D0C946610EE2:LeaderElection72] INFO  impl.LeaderElection (LeaderElection.java:logAndReturn(56)) - 794cf556-ac59-4769-9140-89bf84b53f53@group-D0C946610EE2:LeaderElection72: Election PASSED; received 1 response(s) [794cf556-ac59-4769-9140-89bf84b53f53<-f92c8218-5cc6-41a8-ba7f-0ea4b1b7a760#0:OK-t1] and 0 exception(s); 794cf556-ac59-4769-9140-89bf84b53f53@group-D0C946610EE2:t1, leader=null, voted=794cf556-ac59-4769-9140-89bf84b53f53, raftlog=794cf556-ac59-4769-9140-89bf84b53f53@group-D0C946610EE2-SegmentedRaftLog:OPENED:c-1,f-1,i0, conf=-1: [f92c8218-5cc6-41a8-ba7f-0ea4b1b7a760:192.168.151.84:42688, 3fd0793e-5fae-4540-8845-888b9218eff5:192.168.151.84:46520, 794cf556-ac59-4769-9140-89bf84b53f53:192.168.151.84:32956], old=null
2019-09-27 22:36:55,392 [794cf556-ac59-4769-9140-89bf84b53f53@group-D0C946610EE2:LeaderElection72] INFO  impl.RoleInfo (RoleInfo.java:shutdownLeaderElection(134)) - 794cf556-ac59-4769-9140-89bf84b53f53: shutdown LeaderElection
2019-09-27 22:36:55,392 [794cf556-ac59-4769-9140-89bf84b53f53@group-D0C946610EE2:LeaderElection72] INFO  impl.RaftServerImpl (RaftServerImpl.java:setRole(174)) - 794cf556-ac59-4769-9140-89bf84b53f53@group-D0C946610EE2: changes role from CANDIDATE to LEADER at term 1 for changeToLeader
2019-09-27 22:36:55,392 [794cf556-ac59-4769-9140-89bf84b53f53@group-D0C946610EE2:LeaderElection72] INFO  impl.RaftServerImpl (ServerState.java:setLeader(253)) - 794cf556-ac59-4769-9140-89bf84b53f53@group-D0C946610EE2: change Leader from null to 794cf556-ac59-4769-9140-89bf84b53f53 at term 1 for becomeLeader, leader elected after 5135ms
2019-09-27 22:36:55,393 [794cf556-ac59-4769-9140-89bf84b53f53@group-D0C946610EE2:LeaderElection72] INFO  server.RaftServerConfigKeys (ConfUtils.java:logGet(43)) - raft.server.staging.catchup.gap = 1000 (default)
2019-09-27 22:36:55,393 [794cf556-ac59-4769-9140-89bf84b53f53@group-D0C946610EE2:LeaderElection72] INFO  server.RaftServerConfigKeys (ConfUtils.java:logGet(43)) - raft.server.rpc.sleep.time = 25ms (default)
2019-09-27 22:36:55,393 [794cf556-ac59-4769-9140-89bf84b53f53@group-D0C946610EE2:LeaderElection72] INFO  server.RaftServerConfigKeys (ConfUtils.java:logGet(43)) - raft.server.write.element-limit = 4096 (default)
2019-09-27 22:36:55,393 [794cf556-ac59-4769-9140-89bf84b53f53@group-D0C946610EE2:LeaderElection72] INFO  server.RaftServerConfigKeys (ConfUtils.java:logGet(43)) - raft.server.watch.timeout = 10s (default)
2019-09-27 22:36:55,393 [794cf556-ac59-4769-9140-89bf84b53f53@group-D0C946610EE2:LeaderElection72] INFO  server.RaftServerConfigKeys (ConfUtils.java:logGet(43)) - raft.server.watch.timeout.denomination = 1s (default)
2019-09-27 22:36:55,393 [794cf556-ac59-4769-9140-89bf84b53f53@group-D0C946610EE2:LeaderElection72] INFO  server.RaftServerConfigKeys (ConfUtils.java:logGet(43)) - raft.server.watch.element-limit = 65536 (default)
2019-09-27 22:36:55,395 [794cf556-ac59-4769-9140-89bf84b53f53@group-D0C946610EE2:LeaderElection72] INFO  server.RaftServerConfigKeys (ConfUtils.java:logGet(43)) - raft.server.log.appender.snapshot.chunk.size.max = 16MB (=16777216) (default)
2019-09-27 22:36:55,395 [794cf556-ac59-4769-9140-89bf84b53f53@group-D0C946610EE2:LeaderElection72] INFO  server.RaftServerConfigKeys (ConfUtils.java:logGet(43)) - raft.server.log.appender.buffer.byte-limit = 33554432 (custom)
2019-09-27 22:36:55,396 [794cf556-ac59-4769-9140-89bf84b53f53@group-D0C946610EE2:LeaderElection72] INFO  server.RaftServerConfigKeys (ConfUtils.java:logGet(43)) - raft.server.log.appender.buffer.element-limit = 1 (custom)
2019-09-27 22:36:55,396 [794cf556-ac59-4769-9140-89bf84b53f53@group-D0C946610EE2:LeaderElection72] INFO  grpc.GrpcConfigKeys$Server (ConfUtils.java:logGet(43)) - raft.grpc.server.leader.outstanding.appends.max = 128 (default)
2019-09-27 22:36:55,396 [794cf556-ac59-4769-9140-89bf84b53f53@group-D0C946610EE2:LeaderElection72] INFO  server.RaftServerConfigKeys (ConfUtils.java:logGet(43)) - raft.server.rpc.request.timeout = 3000ms (default)
2019-09-27 22:36:55,396 [794cf556-ac59-4769-9140-89bf84b53f53@group-D0C946610EE2:LeaderElection72] INFO  server.RaftServerConfigKeys (ConfUtils.java:logGet(43)) - raft.server.log.appender.install.snapshot.enabled = false (custom)
2019-09-27 22:36:55,396 [794cf556-ac59-4769-9140-89bf84b53f53@group-D0C946610EE2:LeaderElection72] INFO  server.RaftServerConfigKeys (ConfUtils.java:logGet(43)) - raft.server.log.appender.snapshot.chunk.size.max = 16MB (=16777216) (default)
2019-09-27 22:36:55,397 [794cf556-ac59-4769-9140-89bf84b53f53@group-D0C946610EE2:LeaderElection72] INFO  server.RaftServerConfigKeys (ConfUtils.java:logGet(43)) - raft.server.log.appender.buffer.byte-limit = 33554432 (custom)
2019-09-27 22:36:55,397 [794cf556-ac59-4769-9140-89bf84b53f53@group-D0C946610EE2:LeaderElection72] INFO  server.RaftServerConfigKeys (ConfUtils.java:logGet(43)) - raft.server.log.appender.buffer.element-limit = 1 (custom)
2019-09-27 22:36:55,397 [794cf556-ac59-4769-9140-89bf84b53f53@group-D0C946610EE2:LeaderElection72] INFO  grpc.GrpcConfigKeys$Server (ConfUtils.java:logGet(43)) - raft.grpc.server.leader.outstanding.appends.max = 128 (default)
2019-09-27 22:36:55,397 [794cf556-ac59-4769-9140-89bf84b53f53@group-D0C946610EE2:LeaderElection72] INFO  server.RaftServerConfigKeys (ConfUtils.java:logGet(43)) - raft.server.rpc.request.timeout = 3000ms (default)
2019-09-27 22:36:55,397 [794cf556-ac59-4769-9140-89bf84b53f53@group-D0C946610EE2:LeaderElection72] INFO  server.RaftServerConfigKeys (ConfUtils.java:logGet(43)) - raft.server.log.appender.install.snapshot.enabled = false (custom)
2019-09-27 22:36:55,398 [794cf556-ac59-4769-9140-89bf84b53f53@group-D0C946610EE2:LeaderElection72] INFO  impl.RoleInfo (RoleInfo.java:updateAndGet(143)) - 794cf556-ac59-4769-9140-89bf84b53f53: start LeaderState
2019-09-27 22:36:55,398 [794cf556-ac59-4769-9140-89bf84b53f53@group-D0C946610EE2:LeaderElection72] INFO  segmented.SegmentedRaftLogWorker (SegmentedRaftLogWorker.java:startLogSegment(380)) - 794cf556-ac59-4769-9140-89bf84b53f53@group-D0C946610EE2-SegmentedRaftLogWorker: Starting segment from index:0
2019-09-27 22:36:55,399 [794cf556-ac59-4769-9140-89bf84b53f53@group-D0C946610EE2:LeaderElection72] INFO  impl.RaftServerImpl (ServerState.java:setRaftConf(354)) - 794cf556-ac59-4769-9140-89bf84b53f53@group-D0C946610EE2: set configuration 0: [f92c8218-5cc6-41a8-ba7f-0ea4b1b7a760:192.168.151.84:42688, 3fd0793e-5fae-4540-8845-888b9218eff5:192.168.151.84:46520, 794cf556-ac59-4769-9140-89bf84b53f53:192.168.151.84:32956], old=null at 0
2019-09-27 22:36:55,432 [grpc-default-executor-0] INFO  impl.RaftServerImpl (ServerState.java:setLeader(253)) - 3fd0793e-5fae-4540-8845-888b9218eff5@group-D0C946610EE2: change Leader from null to 794cf556-ac59-4769-9140-89bf84b53f53 at term 1 for appendEntries, leader elected after 5174ms
2019-09-27 22:36:55,435 [f92c8218-5cc6-41a8-ba7f-0ea4b1b7a760@group-B9CB53704209-SegmentedRaftLogWorker] INFO  segmented.SegmentedRaftLogWorker (SegmentedRaftLogWorker.java:execute(569)) - f92c8218-5cc6-41a8-ba7f-0ea4b1b7a760@group-B9CB53704209-SegmentedRaftLogWorker: created new log segment /workdir/hadoop-ozone/integration-test/target/test-dir/MiniOzoneClusterImpl-6301c58b-4ac9-45bc-bb33-5a7d24acbbd6/datanode-4/data/ratis/ebb64e23-6827-4588-8708-b9cb53704209/current/log_inprogress_0
2019-09-27 22:36:55,435 [05873f83-2d70-453d-9ca0-1cf68bd9743c@group-EFFFF9182EAE:LeaderElection74] INFO  impl.LeaderElection (LeaderElection.java:askForVotes(182)) - 05873f83-2d70-453d-9ca0-1cf68bd9743c@group-EFFFF9182EAE:LeaderElection74: begin an election at term 1 for -1: [05873f83-2d70-453d-9ca0-1cf68bd9743c:192.168.151.84:46697], old=null
2019-09-27 22:36:55,436 [05873f83-2d70-453d-9ca0-1cf68bd9743c@group-EFFFF9182EAE:LeaderElection74] INFO  impl.RoleInfo (RoleInfo.java:shutdownLeaderElection(134)) - 05873f83-2d70-453d-9ca0-1cf68bd9743c: shutdown LeaderElection
2019-09-27 22:36:55,436 [05873f83-2d70-453d-9ca0-1cf68bd9743c@group-EFFFF9182EAE:LeaderElection74] INFO  impl.RaftServerImpl (RaftServerImpl.java:setRole(174)) - 05873f83-2d70-453d-9ca0-1cf68bd9743c@group-EFFFF9182EAE: changes role from CANDIDATE to LEADER at term 1 for changeToLeader
2019-09-27 22:36:55,436 [05873f83-2d70-453d-9ca0-1cf68bd9743c@group-EFFFF9182EAE:LeaderElection74] INFO  impl.RaftServerImpl (ServerState.java:setLeader(253)) - 05873f83-2d70-453d-9ca0-1cf68bd9743c@group-EFFFF9182EAE: change Leader from null to 05873f83-2d70-453d-9ca0-1cf68bd9743c at term 1 for becomeLeader, leader elected after 5235ms
2019-09-27 22:36:55,436 [05873f83-2d70-453d-9ca0-1cf68bd9743c@group-EFFFF9182EAE:LeaderElection74] INFO  server.RaftServerConfigKeys (ConfUtils.java:logGet(43)) - raft.server.staging.catchup.gap = 1000 (default)
2019-09-27 22:36:55,437 [05873f83-2d70-453d-9ca0-1cf68bd9743c@group-EFFFF9182EAE:LeaderElection74] INFO  server.RaftServerConfigKeys (ConfUtils.java:logGet(43)) - raft.server.rpc.sleep.time = 25ms (default)
2019-09-27 22:36:55,437 [grpc-default-executor-0] INFO  impl.RaftServerImpl (ServerState.java:setLeader(253)) - f92c8218-5cc6-41a8-ba7f-0ea4b1b7a760@group-D0C946610EE2: change Leader from null to 794cf556-ac59-4769-9140-89bf84b53f53 at term 1 for appendEntries, leader elected after 5179ms
2019-09-27 22:36:55,437 [05873f83-2d70-453d-9ca0-1cf68bd9743c@group-EFFFF9182EAE:LeaderElection74] INFO  server.RaftServerConfigKeys (ConfUtils.java:logGet(43)) - raft.server.write.element-limit = 4096 (default)
2019-09-27 22:36:55,437 [05873f83-2d70-453d-9ca0-1cf68bd9743c@group-EFFFF9182EAE:LeaderElection74] INFO  server.RaftServerConfigKeys (ConfUtils.java:logGet(43)) - raft.server.watch.timeout = 10s (default)
2019-09-27 22:36:55,440 [grpc-default-executor-0] INFO  impl.RaftServerImpl (ServerState.java:setRaftConf(354)) - 3fd0793e-5fae-4540-8845-888b9218eff5@group-D0C946610EE2: set configuration 0: [f92c8218-5cc6-41a8-ba7f-0ea4b1b7a760:192.168.151.84:42688, 3fd0793e-5fae-4540-8845-888b9218eff5:192.168.151.84:46520, 794cf556-ac59-4769-9140-89bf84b53f53:192.168.151.84:32956], old=null at 0
2019-09-27 22:36:55,440 [05873f83-2d70-453d-9ca0-1cf68bd9743c@group-EFFFF9182EAE:LeaderElection74] INFO  server.RaftServerConfigKeys (ConfUtils.java:logGet(43)) - raft.server.watch.timeout.denomination = 1s (default)
2019-09-27 22:36:55,441 [grpc-default-executor-0] INFO  segmented.SegmentedRaftLogWorker (SegmentedRaftLogWorker.java:startLogSegment(380)) - 3fd0793e-5fae-4540-8845-888b9218eff5@group-D0C946610EE2-SegmentedRaftLogWorker: Starting segment from index:0
2019-09-27 22:36:55,441 [05873f83-2d70-453d-9ca0-1cf68bd9743c@group-EFFFF9182EAE:LeaderElection74] INFO  server.RaftServerConfigKeys (ConfUtils.java:logGet(43)) - raft.server.watch.element-limit = 65536 (default)
2019-09-27 22:36:55,442 [grpc-default-executor-0] INFO  impl.RaftServerImpl (ServerState.java:setRaftConf(354)) - f92c8218-5cc6-41a8-ba7f-0ea4b1b7a760@group-D0C946610EE2: set configuration 0: [f92c8218-5cc6-41a8-ba7f-0ea4b1b7a760:192.168.151.84:42688, 3fd0793e-5fae-4540-8845-888b9218eff5:192.168.151.84:46520, 794cf556-ac59-4769-9140-89bf84b53f53:192.168.151.84:32956], old=null at 0
2019-09-27 22:36:55,442 [grpc-default-executor-0] INFO  segmented.SegmentedRaftLogWorker (SegmentedRaftLogWorker.java:startLogSegment(380)) - f92c8218-5cc6-41a8-ba7f-0ea4b1b7a760@group-D0C946610EE2-SegmentedRaftLogWorker: Starting segment from index:0
2019-09-27 22:36:55,444 [05873f83-2d70-453d-9ca0-1cf68bd9743c@group-EFFFF9182EAE:LeaderElection74] INFO  impl.RoleInfo (RoleInfo.java:updateAndGet(143)) - 05873f83-2d70-453d-9ca0-1cf68bd9743c: start LeaderState
2019-09-27 22:36:55,444 [05873f83-2d70-453d-9ca0-1cf68bd9743c@group-EFFFF9182EAE:LeaderElection74] INFO  segmented.SegmentedRaftLogWorker (SegmentedRaftLogWorker.java:startLogSegment(380)) - 05873f83-2d70-453d-9ca0-1cf68bd9743c@group-EFFFF9182EAE-SegmentedRaftLogWorker: Starting segment from index:0
2019-09-27 22:36:55,444 [05873f83-2d70-453d-9ca0-1cf68bd9743c@group-EFFFF9182EAE:LeaderElection74] INFO  impl.RaftServerImpl (ServerState.java:setRaftConf(354)) - 05873f83-2d70-453d-9ca0-1cf68bd9743c@group-EFFFF9182EAE: set configuration 0: [05873f83-2d70-453d-9ca0-1cf68bd9743c:192.168.151.84:46697], old=null at 0
2019-09-27 22:36:55,491 [794cf556-ac59-4769-9140-89bf84b53f53@group-D0C946610EE2-SegmentedRaftLogWorker] INFO  segmented.SegmentedRaftLogWorker (SegmentedRaftLogWorker.java:execute(569)) - 794cf556-ac59-4769-9140-89bf84b53f53@group-D0C946610EE2-SegmentedRaftLogWorker: created new log segment /workdir/hadoop-ozone/integration-test/target/test-dir/MiniOzoneClusterImpl-6301c58b-4ac9-45bc-bb33-5a7d24acbbd6/datanode-3/data/ratis/9c9a10bb-7e97-470f-933b-d0c946610ee2/current/log_inprogress_0
2019-09-27 22:36:55,501 [3fd0793e-5fae-4540-8845-888b9218eff5@group-D0C946610EE2-SegmentedRaftLogWorker] INFO  segmented.SegmentedRaftLogWorker (SegmentedRaftLogWorker.java:execute(569)) - 3fd0793e-5fae-4540-8845-888b9218eff5@group-D0C946610EE2-SegmentedRaftLogWorker: created new log segment /workdir/hadoop-ozone/integration-test/target/test-dir/MiniOzoneClusterImpl-6301c58b-4ac9-45bc-bb33-5a7d24acbbd6/datanode-5/data/ratis/9c9a10bb-7e97-470f-933b-d0c946610ee2/current/log_inprogress_0
2019-09-27 22:36:55,501 [05873f83-2d70-453d-9ca0-1cf68bd9743c@group-EFFFF9182EAE-SegmentedRaftLogWorker] INFO  segmented.SegmentedRaftLogWorker (SegmentedRaftLogWorker.java:execute(569)) - 05873f83-2d70-453d-9ca0-1cf68bd9743c@group-EFFFF9182EAE-SegmentedRaftLogWorker: created new log segment /workdir/hadoop-ozone/integration-test/target/test-dir/MiniOzoneClusterImpl-6301c58b-4ac9-45bc-bb33-5a7d24acbbd6/datanode-6/data/ratis/cc9d10e4-1031-4d39-84d0-effff9182eae/current/log_inprogress_0
2019-09-27 22:36:55,501 [f92c8218-5cc6-41a8-ba7f-0ea4b1b7a760@group-D0C946610EE2-SegmentedRaftLogWorker] INFO  segmented.SegmentedRaftLogWorker (SegmentedRaftLogWorker.java:execute(569)) - f92c8218-5cc6-41a8-ba7f-0ea4b1b7a760@group-D0C946610EE2-SegmentedRaftLogWorker: created new log segment /workdir/hadoop-ozone/integration-test/target/test-dir/MiniOzoneClusterImpl-6301c58b-4ac9-45bc-bb33-5a7d24acbbd6/datanode-4/data/ratis/9c9a10bb-7e97-470f-933b-d0c946610ee2/current/log_inprogress_0
2019-09-27 22:36:57,530 [Datanode State Machine Thread - 0] INFO  statemachine.DatanodeStateMachine (DatanodeStateMachine.java:lambda$startDaemon$0(350)) - Ozone container server started.
2019-09-27 22:37:01,571 [EventQueue-StaleNodeForStaleNodeHandler] INFO  node.StaleNodeHandler (StaleNodeHandler.java:onMessage(58)) - Datanode 794cf556-ac59-4769-9140-89bf84b53f53{ip: 192.168.151.84, host: pr-hdds-2019-zjk6f-2271287486, networkLocation: /default-rack, certSerialId: null} moved to stale state. Finalizing its pipelines [PipelineID=9c9a10bb-7e97-470f-933b-d0c946610ee2, PipelineID=9c7ee632-a776-4fa6-8e99-11acb02a3219]
2019-09-27 22:37:01,574 [EventQueue-StaleNodeForStaleNodeHandler] INFO  pipeline.SCMPipelineManager (SCMPipelineManager.java:finalizeAndDestroyPipeline(315)) - destroying pipeline:Pipeline[ Id: 9c9a10bb-7e97-470f-933b-d0c946610ee2, Nodes: 794cf556-ac59-4769-9140-89bf84b53f53{ip: 192.168.151.84, host: pr-hdds-2019-zjk6f-2271287486, networkLocation: /default-rack, certSerialId: null}3fd0793e-5fae-4540-8845-888b9218eff5{ip: 192.168.151.84, host: pr-hdds-2019-zjk6f-2271287486, networkLocation: /default-rack, certSerialId: null}f92c8218-5cc6-41a8-ba7f-0ea4b1b7a760{ip: 192.168.151.84, host: pr-hdds-2019-zjk6f-2271287486, networkLocation: /default-rack, certSerialId: null}, Type:RATIS, Factor:THREE, State:OPEN]
2019-09-27 22:37:01,574 [EventQueue-StaleNodeForStaleNodeHandler] INFO  pipeline.PipelineStateManager (PipelineStateManager.java:finalizePipeline(123)) - Pipeline Pipeline[ Id: 9c9a10bb-7e97-470f-933b-d0c946610ee2, Nodes: 794cf556-ac59-4769-9140-89bf84b53f53{ip: 192.168.151.84, host: pr-hdds-2019-zjk6f-2271287486, networkLocation: /default-rack, certSerialId: null}3fd0793e-5fae-4540-8845-888b9218eff5{ip: 192.168.151.84, host: pr-hdds-2019-zjk6f-2271287486, networkLocation: /default-rack, certSerialId: null}f92c8218-5cc6-41a8-ba7f-0ea4b1b7a760{ip: 192.168.151.84, host: pr-hdds-2019-zjk6f-2271287486, networkLocation: /default-rack, certSerialId: null}, Type:RATIS, Factor:THREE, State:CLOSED] moved to CLOSED state
2019-09-27 22:37:01,576 [EventQueue-CloseContainerForCloseContainerEventHandler] INFO  container.CloseContainerEventHandler (CloseContainerEventHandler.java:onMessage(61)) - Close container Event triggered for container : #1
2019-09-27 22:37:01,581 [EventQueue-StaleNodeForStaleNodeHandler] INFO  pipeline.SCMPipelineManager (SCMPipelineManager.java:finalizeAndDestroyPipeline(315)) - destroying pipeline:Pipeline[ Id: 9c7ee632-a776-4fa6-8e99-11acb02a3219, Nodes: 794cf556-ac59-4769-9140-89bf84b53f53{ip: 192.168.151.84, host: pr-hdds-2019-zjk6f-2271287486, networkLocation: /default-rack, certSerialId: null}, Type:RATIS, Factor:ONE, State:OPEN]
2019-09-27 22:37:01,583 [EventQueue-StaleNodeForStaleNodeHandler] INFO  pipeline.PipelineStateManager (PipelineStateManager.java:finalizePipeline(123)) - Pipeline Pipeline[ Id: 9c7ee632-a776-4fa6-8e99-11acb02a3219, Nodes: 794cf556-ac59-4769-9140-89bf84b53f53{ip: 192.168.151.84, host: pr-hdds-2019-zjk6f-2271287486, networkLocation: /default-rack, certSerialId: null}, Type:RATIS, Factor:ONE, State:CLOSED] moved to CLOSED state
2019-09-27 22:37:01,741 [main] INFO  ozoneimpl.OzoneContainer (OzoneContainer.java:stop(231)) - Attempting to stop container services.
2019-09-27 22:37:01,742 [main] INFO  impl.RaftServerProxy (RaftServerProxy.java:lambda$close$4(314)) - 794cf556-ac59-4769-9140-89bf84b53f53: close
2019-09-27 22:37:01,743 [main] INFO  impl.RaftServerImpl (RaftServerImpl.java:lambda$shutdown$3(251)) - 794cf556-ac59-4769-9140-89bf84b53f53@group-D0C946610EE2: shutdown
2019-09-27 22:37:01,744 [main] INFO  util.JmxRegister (JmxRegister.java:unregister(73)) - Successfully un-registered JMX Bean with object name Ratis:service=RaftServer,group=group-D0C946610EE2,id=794cf556-ac59-4769-9140-89bf84b53f53
2019-09-27 22:37:01,744 [main] INFO  impl.RoleInfo (RoleInfo.java:shutdownLeaderState(104)) - 794cf556-ac59-4769-9140-89bf84b53f53: shutdown LeaderState
2019-09-27 22:37:01,750 [main] INFO  impl.PendingRequests (PendingRequests.java:sendNotLeaderResponses(202)) - 794cf556-ac59-4769-9140-89bf84b53f53-PendingRequests: sendNotLeaderResponses
2019-09-27 22:37:01,750 [org.apache.ratis.server.impl.LogAppender$AppenderDaemon$$Lambda$503/1351569636@78be1c2] WARN  server.GrpcLogAppender (GrpcLogAppender.java:mayWait(143)) - 794cf556-ac59-4769-9140-89bf84b53f53@group-D0C946610EE2->f92c8218-5cc6-41a8-ba7f-0ea4b1b7a760-GrpcLogAppender: Wait interrupted by java.lang.InterruptedException
2019-09-27 22:37:01,750 [org.apache.ratis.server.impl.LogAppender$AppenderDaemon$$Lambda$503/1351569636@47de4090] WARN  server.GrpcLogAppender (GrpcLogAppender.java:mayWait(143)) - 794cf556-ac59-4769-9140-89bf84b53f53@group-D0C946610EE2->3fd0793e-5fae-4540-8845-888b9218eff5-GrpcLogAppender: Wait interrupted by java.lang.InterruptedException
2019-09-27 22:37:01,756 [grpc-default-executor-7] INFO  server.GrpcServerProtocolService (GrpcServerProtocolService.java:onCompleted(113)) - 3fd0793e-5fae-4540-8845-888b9218eff5: Completed APPEND_ENTRIES, lastRequest: 794cf556-ac59-4769-9140-89bf84b53f53->3fd0793e-5fae-4540-8845-888b9218eff5#19-t1, previous=(t:1, i:16), leaderCommit=16, initializing? false, entries: <empty>
2019-09-27 22:37:01,756 [794cf556-ac59-4769-9140-89bf84b53f53@group-D0C946610EE2-StateMachineUpdater] INFO  ratis.ContainerStateMachine (ContainerStateMachine.java:takeSnapshot(289)) - group-D0C946610EE2: Taking a snapshot at:(t:1, i:14) file /workdir/hadoop-ozone/integration-test/target/test-dir/MiniOzoneClusterImpl-6301c58b-4ac9-45bc-bb33-5a7d24acbbd6/datanode-3/data/ratis/9c9a10bb-7e97-470f-933b-d0c946610ee2/sm/snapshot.1_14
2019-09-27 22:37:01,756 [grpc-default-executor-10] INFO  server.GrpcServerProtocolService (GrpcServerProtocolService.java:onCompleted(113)) - f92c8218-5cc6-41a8-ba7f-0ea4b1b7a760: Completed APPEND_ENTRIES, lastRequest: 794cf556-ac59-4769-9140-89bf84b53f53->f92c8218-5cc6-41a8-ba7f-0ea4b1b7a760#19-t1, previous=(t:1, i:16), leaderCommit=16, initializing? false, entries: <empty>
2019-09-27 22:37:01,756 [main] INFO  impl.StateMachineUpdater (StateMachineUpdater.java:stopAndJoin(125)) - 794cf556-ac59-4769-9140-89bf84b53f53@group-D0C946610EE2-StateMachineUpdater: set stopIndex = 16
2019-09-27 22:37:01,757 [grpc-default-executor-0] INFO  server.GrpcLogAppender (GrpcLogAppender.java:onCompleted(293)) - 794cf556-ac59-4769-9140-89bf84b53f53@group-D0C946610EE2->f92c8218-5cc6-41a8-ba7f-0ea4b1b7a760-AppendLogResponseHandler: follower responses appendEntries COMPLETED
2019-09-27 22:37:01,757 [grpc-default-executor-7] INFO  server.GrpcLogAppender (GrpcLogAppender.java:onCompleted(293)) - 794cf556-ac59-4769-9140-89bf84b53f53@group-D0C946610EE2->3fd0793e-5fae-4540-8845-888b9218eff5-AppendLogResponseHandler: follower responses appendEntries COMPLETED
2019-09-27 22:37:01,758 [grpc-default-executor-0] INFO  impl.FollowerInfo (FollowerInfo.java:lambda$new$0(51)) - 794cf556-ac59-4769-9140-89bf84b53f53@group-D0C946610EE2->f92c8218-5cc6-41a8-ba7f-0ea4b1b7a760: nextIndex: updateUnconditionally 17 -> 16
2019-09-27 22:37:01,758 [grpc-default-executor-7] INFO  impl.FollowerInfo (FollowerInfo.java:lambda$new$0(51)) - 794cf556-ac59-4769-9140-89bf84b53f53@group-D0C946610EE2->3fd0793e-5fae-4540-8845-888b9218eff5: nextIndex: updateUnconditionally 17 -> 16
2019-09-27 22:37:01,769 [794cf556-ac59-4769-9140-89bf84b53f53@group-D0C946610EE2-StateMachineUpdater] INFO  ratis.ContainerStateMachine (ContainerStateMachine.java:takeSnapshot(300)) - group-D0C946610EE2: Finished taking a snapshot at:(t:1, i:14) file:/workdir/hadoop-ozone/integration-test/target/test-dir/MiniOzoneClusterImpl-6301c58b-4ac9-45bc-bb33-5a7d24acbbd6/datanode-3/data/ratis/9c9a10bb-7e97-470f-933b-d0c946610ee2/sm/snapshot.1_14 time:13
2019-09-27 22:37:01,769 [794cf556-ac59-4769-9140-89bf84b53f53@group-D0C946610EE2-StateMachineUpdater] INFO  impl.StateMachineUpdater (StateMachineUpdater.java:takeSnapshot(258)) - 794cf556-ac59-4769-9140-89bf84b53f53@group-D0C946610EE2-StateMachineUpdater: Took a snapshot at index 14
2019-09-27 22:37:01,769 [794cf556-ac59-4769-9140-89bf84b53f53@group-D0C946610EE2-StateMachineUpdater] INFO  impl.StateMachineUpdater (StateMachineUpdater.java:lambda$new$0(83)) - 794cf556-ac59-4769-9140-89bf84b53f53@group-D0C946610EE2-StateMachineUpdater: snapshotIndex: updateIncreasingly -1 -> 14
2019-09-27 22:37:01,770 [794cf556-ac59-4769-9140-89bf84b53f53@group-D0C946610EE2-StateMachineUpdater] INFO  ratis.ContainerStateMachine (ContainerStateMachine.java:takeSnapshot(289)) - group-D0C946610EE2: Taking a snapshot at:(t:1, i:14) file /workdir/hadoop-ozone/integration-test/target/test-dir/MiniOzoneClusterImpl-6301c58b-4ac9-45bc-bb33-5a7d24acbbd6/datanode-3/data/ratis/9c9a10bb-7e97-470f-933b-d0c946610ee2/sm/snapshot.1_14
2019-09-27 22:37:01,782 [794cf556-ac59-4769-9140-89bf84b53f53@group-D0C946610EE2-StateMachineUpdater] INFO  ratis.ContainerStateMachine (ContainerStateMachine.java:takeSnapshot(300)) - group-D0C946610EE2: Finished taking a snapshot at:(t:1, i:14) file:/workdir/hadoop-ozone/integration-test/target/test-dir/MiniOzoneClusterImpl-6301c58b-4ac9-45bc-bb33-5a7d24acbbd6/datanode-3/data/ratis/9c9a10bb-7e97-470f-933b-d0c946610ee2/sm/snapshot.1_14 time:13
2019-09-27 22:37:01,782 [794cf556-ac59-4769-9140-89bf84b53f53@group-D0C946610EE2-StateMachineUpdater] INFO  impl.StateMachineUpdater (StateMachineUpdater.java:takeSnapshot(258)) - 794cf556-ac59-4769-9140-89bf84b53f53@group-D0C946610EE2-StateMachineUpdater: Took a snapshot at index 14
2019-09-27 22:37:01,782 [794cf556-ac59-4769-9140-89bf84b53f53@group-D0C946610EE2-StateMachineUpdater] INFO  impl.StateMachineUpdater (StateMachineUpdater.java:lambda$new$0(83)) - 794cf556-ac59-4769-9140-89bf84b53f53@group-D0C946610EE2-StateMachineUpdater: snapshotIndex: updateIncreasingly 14 -> 14
2019-09-27 22:37:01,783 [main] INFO  impl.RaftServerImpl (ServerState.java:close(385)) - 794cf556-ac59-4769-9140-89bf84b53f53@group-D0C946610EE2: closes. applyIndex: 16
2019-09-27 22:37:01,784 [794cf556-ac59-4769-9140-89bf84b53f53@group-D0C946610EE2-SegmentedRaftLogWorker] INFO  segmented.SegmentedRaftLogWorker (SegmentedRaftLogWorker.java:run(313)) - 794cf556-ac59-4769-9140-89bf84b53f53@group-D0C946610EE2-SegmentedRaftLogWorker was interrupted, exiting. There are 0 tasks remaining in the queue.
2019-09-27 22:37:01,787 [main] INFO  segmented.SegmentedRaftLogWorker (SegmentedRaftLogWorker.java:close(228)) - 794cf556-ac59-4769-9140-89bf84b53f53@group-D0C946610EE2-SegmentedRaftLogWorker close()
2019-09-27 22:37:01,793 [main] INFO  impl.RaftServerImpl (RaftServerImpl.java:lambda$shutdown$3(251)) - 794cf556-ac59-4769-9140-89bf84b53f53@group-11ACB02A3219: shutdown
2019-09-27 22:37:01,793 [main] INFO  util.JmxRegister (JmxRegister.java:unregister(73)) - Successfully un-registered JMX Bean with object name Ratis:service=RaftServer,group=group-11ACB02A3219,id=794cf556-ac59-4769-9140-89bf84b53f53
2019-09-27 22:37:01,794 [main] INFO  impl.RoleInfo (RoleInfo.java:shutdownLeaderState(104)) - 794cf556-ac59-4769-9140-89bf84b53f53: shutdown LeaderState
2019-09-27 22:37:01,794 [main] INFO  impl.PendingRequests (PendingRequests.java:sendNotLeaderResponses(202)) - 794cf556-ac59-4769-9140-89bf84b53f53-PendingRequests: sendNotLeaderResponses
2019-09-27 22:37:01,794 [main] INFO  impl.StateMachineUpdater (StateMachineUpdater.java:stopAndJoin(125)) - 794cf556-ac59-4769-9140-89bf84b53f53@group-11ACB02A3219-StateMachineUpdater: set stopIndex = 0
2019-09-27 22:37:01,795 [main] INFO  impl.RaftServerImpl (ServerState.java:close(385)) - 794cf556-ac59-4769-9140-89bf84b53f53@group-11ACB02A3219: closes. applyIndex: 0
2019-09-27 22:37:01,795 [794cf556-ac59-4769-9140-89bf84b53f53@group-11ACB02A3219-SegmentedRaftLogWorker] INFO  segmented.SegmentedRaftLogWorker (SegmentedRaftLogWorker.java:run(313)) - 794cf556-ac59-4769-9140-89bf84b53f53@group-11ACB02A3219-SegmentedRaftLogWorker was interrupted, exiting. There are 0 tasks remaining in the queue.
2019-09-27 22:37:01,798 [main] INFO  segmented.SegmentedRaftLogWorker (SegmentedRaftLogWorker.java:close(228)) - 794cf556-ac59-4769-9140-89bf84b53f53@group-11ACB02A3219-SegmentedRaftLogWorker close()
2019-09-27 22:37:01,802 [main] INFO  server.GrpcService (GrpcService.java:closeImpl(164)) - 794cf556-ac59-4769-9140-89bf84b53f53: shutdown server with port 32956 now
2019-09-27 22:37:01,804 [grpc-default-executor-0] WARN  client.GrpcClientProtocolService (LogUtils.java:warn(134)) - 4-UnorderedRequestStreamObserver4: onError: org.apache.ratis.thirdparty.io.grpc.StatusRuntimeException: CANCELLED: cancelled before receiving half close
2019-09-27 22:37:01,804 [main] INFO  server.GrpcService (GrpcService.java:closeImpl(172)) - 794cf556-ac59-4769-9140-89bf84b53f53: shutdown server with port 32956 successfully
2019-09-27 22:37:01,810 [refreshUsed-/workdir/hadoop-ozone/integration-test/target/test-dir/MiniOzoneClusterImpl-6301c58b-4ac9-45bc-bb33-5a7d24acbbd6/datanode-3/data/containers] WARN  fs.CachingGetSpaceUsed (CachingGetSpaceUsed.java:run(183)) - Thread Interrupted waiting to refresh disk information: sleep interrupted
2019-09-27 22:37:01,822 [main] INFO  utils.BackgroundService (BackgroundService.java:shutdown(148)) - Shutting down service BlockDeletingService
2019-09-27 22:37:01,833 [main] INFO  statemachine.DatanodeStateMachine (DatanodeStateMachine.java:stopDaemon(395)) - Ozone container server stopped.
2019-09-27 22:37:01,835 [main] INFO  handler.ContextHandler (ContextHandler.java:doStop(910)) - Stopped o.e.j.w.WebAppContext@6b063470{/,null,UNAVAILABLE}{/hddsDatanode}
2019-09-27 22:37:01,836 [main] INFO  server.AbstractConnector (AbstractConnector.java:doStop(318)) - Stopped ServerConnector@226d5af0{HTTP/1.1,[http/1.1]}{0.0.0.0:0}
2019-09-27 22:37:01,836 [main] INFO  handler.ContextHandler (ContextHandler.java:doStop(910)) - Stopped o.e.j.s.ServletContextHandler@55a0f011{/static,jar:file:/home/user/.m2/repository/org/apache/hadoop/hadoop-hdds-container-service/0.5.0-SNAPSHOT/hadoop-hdds-container-service-0.5.0-SNAPSHOT.jar!/webapps/static,UNAVAILABLE}
2019-09-27 22:37:01,836 [main] INFO  handler.ContextHandler (ContextHandler.java:doStop(910)) - Stopped o.e.j.s.ServletContextHandler@1c3b6963{/logs,file:///workdir/hadoop-ozone/integration-test/target/log,UNAVAILABLE}
2019-09-27 22:37:10,696 [Thread-3190] INFO  impl.FollowerState (FollowerState.java:run(106)) - f92c8218-5cc6-41a8-ba7f-0ea4b1b7a760:group-D0C946610EE2 changes to CANDIDATE, lastRpcTime:8952, electionTimeout:5081ms
2019-09-27 22:37:10,697 [Thread-3190] INFO  impl.RoleInfo (RoleInfo.java:shutdownFollowerState(121)) - f92c8218-5cc6-41a8-ba7f-0ea4b1b7a760: shutdown FollowerState
2019-09-27 22:37:10,697 [Thread-3190] INFO  impl.RaftServerImpl (RaftServerImpl.java:setRole(174)) - f92c8218-5cc6-41a8-ba7f-0ea4b1b7a760@group-D0C946610EE2: changes role from  FOLLOWER to CANDIDATE at term 1 for changeToCandidate
2019-09-27 22:37:10,698 [Thread-3190] INFO  impl.RoleInfo (RoleInfo.java:updateAndGet(143)) - f92c8218-5cc6-41a8-ba7f-0ea4b1b7a760: start LeaderElection
2019-09-27 22:37:10,701 [f92c8218-5cc6-41a8-ba7f-0ea4b1b7a760@group-D0C946610EE2:LeaderElection75] INFO  impl.RaftServerImpl (ServerState.java:setLeader(253)) - f92c8218-5cc6-41a8-ba7f-0ea4b1b7a760@group-D0C946610EE2: change Leader from 794cf556-ac59-4769-9140-89bf84b53f53 to null at term 1 for initElection
2019-09-27 22:37:10,723 [f92c8218-5cc6-41a8-ba7f-0ea4b1b7a760@group-D0C946610EE2:LeaderElection75] INFO  impl.LeaderElection (LeaderElection.java:askForVotes(182)) - f92c8218-5cc6-41a8-ba7f-0ea4b1b7a760@group-D0C946610EE2:LeaderElection75: begin an election at term 2 for 0: [f92c8218-5cc6-41a8-ba7f-0ea4b1b7a760:192.168.151.84:42688, 3fd0793e-5fae-4540-8845-888b9218eff5:192.168.151.84:46520, 794cf556-ac59-4769-9140-89bf84b53f53:192.168.151.84:32956], old=null
2019-09-27 22:37:10,727 [f92c8218-5cc6-41a8-ba7f-0ea4b1b7a760@group-D0C946610EE2:LeaderElection75] INFO  impl.LeaderElection (LogUtils.java:infoOrTrace(149)) - f92c8218-5cc6-41a8-ba7f-0ea4b1b7a760@group-D0C946610EE2:LeaderElection75 got exception when requesting votes: {}
java.util.concurrent.ExecutionException: org.apache.ratis.thirdparty.io.grpc.StatusRuntimeException: UNAVAILABLE: io exception
	at java.util.concurrent.FutureTask.report(FutureTask.java:122)
	at java.util.concurrent.FutureTask.get(FutureTask.java:192)
	at org.apache.ratis.server.impl.LeaderElection.waitForResults(LeaderElection.java:263)
	at org.apache.ratis.server.impl.LeaderElection.askForVotes(LeaderElection.java:201)
	at org.apache.ratis.server.impl.LeaderElection.run(LeaderElection.java:133)
	at java.lang.Thread.run(Thread.java:748)
Caused by: org.apache.ratis.thirdparty.io.grpc.StatusRuntimeException: UNAVAILABLE: io exception
	at org.apache.ratis.thirdparty.io.grpc.stub.ClientCalls.toStatusRuntimeException(ClientCalls.java:233)
	at org.apache.ratis.thirdparty.io.grpc.stub.ClientCalls.getUnchecked(ClientCalls.java:214)
	at org.apache.ratis.thirdparty.io.grpc.stub.ClientCalls.blockingUnaryCall(ClientCalls.java:139)
	at org.apache.ratis.proto.grpc.RaftServerProtocolServiceGrpc$RaftServerProtocolServiceBlockingStub.requestVote(RaftServerProtocolServiceGrpc.java:265)
	at org.apache.ratis.grpc.server.GrpcServerProtocolClient.requestVote(GrpcServerProtocolClient.java:90)
	at org.apache.ratis.grpc.server.GrpcService.requestVote(GrpcService.java:204)
	at org.apache.ratis.server.impl.LeaderElection.lambda$submitRequests$1(LeaderElection.java:238)
	at java.util.concurrent.FutureTask.run(FutureTask.java:266)
	at java.util.concurrent.Executors$RunnableAdapter.call(Executors.java:511)
	at java.util.concurrent.FutureTask.run(FutureTask.java:266)
	at java.util.concurrent.ThreadPoolExecutor.runWorker(ThreadPoolExecutor.java:1149)
	at java.util.concurrent.ThreadPoolExecutor$Worker.run(ThreadPoolExecutor.java:624)
	... 1 more
Caused by: org.apache.ratis.thirdparty.io.netty.channel.AbstractChannel$AnnotatedConnectException: Connection refused: /192.168.151.84:32956
	at sun.nio.ch.SocketChannelImpl.checkConnect(Native Method)
	at sun.nio.ch.SocketChannelImpl.finishConnect(SocketChannelImpl.java:717)
	at org.apache.ratis.thirdparty.io.netty.channel.socket.nio.NioSocketChannel.doFinishConnect(NioSocketChannel.java:327)
	at org.apache.ratis.thirdparty.io.netty.channel.nio.AbstractNioChannel$AbstractNioUnsafe.finishConnect(AbstractNioChannel.java:340)
	at org.apache.ratis.thirdparty.io.netty.channel.nio.NioEventLoop.processSelectedKey(NioEventLoop.java:632)
	at org.apache.ratis.thirdparty.io.netty.channel.nio.NioEventLoop.processSelectedKeysOptimized(NioEventLoop.java:579)
	at org.apache.ratis.thirdparty.io.netty.channel.nio.NioEventLoop.processSelectedKeys(NioEventLoop.java:496)
	at org.apache.ratis.thirdparty.io.netty.channel.nio.NioEventLoop.run(NioEventLoop.java:458)
	at org.apache.ratis.thirdparty.io.netty.util.concurrent.SingleThreadEventExecutor$5.run(SingleThreadEventExecutor.java:897)
	at org.apache.ratis.thirdparty.io.netty.util.concurrent.FastThreadLocalRunnable.run(FastThreadLocalRunnable.java:30)
	... 1 more
Caused by: java.net.ConnectException: Connection refused
	... 11 more
2019-09-27 22:37:10,731 [grpc-default-executor-0] INFO  impl.RaftServerImpl (ServerState.java:setLeader(253)) - 3fd0793e-5fae-4540-8845-888b9218eff5@group-D0C946610EE2: change Leader from 794cf556-ac59-4769-9140-89bf84b53f53 to null at term 2 for updateCurrentTerm
2019-09-27 22:37:10,731 [grpc-default-executor-0] INFO  impl.RaftServerImpl (RaftServerImpl.java:setRole(174)) - 3fd0793e-5fae-4540-8845-888b9218eff5@group-D0C946610EE2: changes role from  FOLLOWER to FOLLOWER at term 2 for recognizeCandidate:f92c8218-5cc6-41a8-ba7f-0ea4b1b7a760
2019-09-27 22:37:10,731 [grpc-default-executor-0] INFO  impl.RoleInfo (RoleInfo.java:shutdownFollowerState(121)) - 3fd0793e-5fae-4540-8845-888b9218eff5: shutdown FollowerState
2019-09-27 22:37:10,731 [grpc-default-executor-0] INFO  impl.RoleInfo (RoleInfo.java:updateAndGet(143)) - 3fd0793e-5fae-4540-8845-888b9218eff5: start FollowerState
2019-09-27 22:37:10,732 [Thread-3189] INFO  impl.FollowerState (FollowerState.java:run(115)) - 3fd0793e-5fae-4540-8845-888b9218eff5: FollowerState was interrupted: java.lang.InterruptedException: sleep interrupted
2019-09-27 22:37:10,739 [f92c8218-5cc6-41a8-ba7f-0ea4b1b7a760@group-D0C946610EE2:LeaderElection75] INFO  impl.LeaderElection (LeaderElection.java:logAndReturn(56)) - f92c8218-5cc6-41a8-ba7f-0ea4b1b7a760@group-D0C946610EE2:LeaderElection75: Election PASSED; received 1 response(s) [f92c8218-5cc6-41a8-ba7f-0ea4b1b7a760<-3fd0793e-5fae-4540-8845-888b9218eff5#0:OK-t2] and 1 exception(s); f92c8218-5cc6-41a8-ba7f-0ea4b1b7a760@group-D0C946610EE2:t2, leader=null, voted=f92c8218-5cc6-41a8-ba7f-0ea4b1b7a760, raftlog=f92c8218-5cc6-41a8-ba7f-0ea4b1b7a760@group-D0C946610EE2-SegmentedRaftLog:OPENED:c16,f16,i16, conf=0: [f92c8218-5cc6-41a8-ba7f-0ea4b1b7a760:192.168.151.84:42688, 3fd0793e-5fae-4540-8845-888b9218eff5:192.168.151.84:46520, 794cf556-ac59-4769-9140-89bf84b53f53:192.168.151.84:32956], old=null
2019-09-27 22:37:10,739 [f92c8218-5cc6-41a8-ba7f-0ea4b1b7a760@group-D0C946610EE2:LeaderElection75] INFO  impl.LeaderElection (LogUtils.java:infoOrTrace(149)) -   Exception 0: {}
java.util.concurrent.ExecutionException: org.apache.ratis.thirdparty.io.grpc.StatusRuntimeException: UNAVAILABLE: io exception
	at java.util.concurrent.FutureTask.report(FutureTask.java:122)
	at java.util.concurrent.FutureTask.get(FutureTask.java:192)
	at org.apache.ratis.server.impl.LeaderElection.waitForResults(LeaderElection.java:263)
	at org.apache.ratis.server.impl.LeaderElection.askForVotes(LeaderElection.java:201)
	at org.apache.ratis.server.impl.LeaderElection.run(LeaderElection.java:133)
	at java.lang.Thread.run(Thread.java:748)
Caused by: org.apache.ratis.thirdparty.io.grpc.StatusRuntimeException: UNAVAILABLE: io exception
	at org.apache.ratis.thirdparty.io.grpc.stub.ClientCalls.toStatusRuntimeException(ClientCalls.java:233)
	at org.apache.ratis.thirdparty.io.grpc.stub.ClientCalls.getUnchecked(ClientCalls.java:214)
	at org.apache.ratis.thirdparty.io.grpc.stub.ClientCalls.blockingUnaryCall(ClientCalls.java:139)
	at org.apache.ratis.proto.grpc.RaftServerProtocolServiceGrpc$RaftServerProtocolServiceBlockingStub.requestVote(RaftServerProtocolServiceGrpc.java:265)
	at org.apache.ratis.grpc.server.GrpcServerProtocolClient.requestVote(GrpcServerProtocolClient.java:90)
	at org.apache.ratis.grpc.server.GrpcService.requestVote(GrpcService.java:204)
	at org.apache.ratis.server.impl.LeaderElection.lambda$submitRequests$1(LeaderElection.java:238)
	at java.util.concurrent.FutureTask.run(FutureTask.java:266)
	at java.util.concurrent.Executors$RunnableAdapter.call(Executors.java:511)
	at java.util.concurrent.FutureTask.run(FutureTask.java:266)
	at java.util.concurrent.ThreadPoolExecutor.runWorker(ThreadPoolExecutor.java:1149)
	at java.util.concurrent.ThreadPoolExecutor$Worker.run(ThreadPoolExecutor.java:624)
	... 1 more
Caused by: org.apache.ratis.thirdparty.io.netty.channel.AbstractChannel$AnnotatedConnectException: Connection refused: /192.168.151.84:32956
	at sun.nio.ch.SocketChannelImpl.checkConnect(Native Method)
	at sun.nio.ch.SocketChannelImpl.finishConnect(SocketChannelImpl.java:717)
	at org.apache.ratis.thirdparty.io.netty.channel.socket.nio.NioSocketChannel.doFinishConnect(NioSocketChannel.java:327)
	at org.apache.ratis.thirdparty.io.netty.channel.nio.AbstractNioChannel$AbstractNioUnsafe.finishConnect(AbstractNioChannel.java:340)
	at org.apache.ratis.thirdparty.io.netty.channel.nio.NioEventLoop.processSelectedKey(NioEventLoop.java:632)
	at org.apache.ratis.thirdparty.io.netty.channel.nio.NioEventLoop.processSelectedKeysOptimized(NioEventLoop.java:579)
	at org.apache.ratis.thirdparty.io.netty.channel.nio.NioEventLoop.processSelectedKeys(NioEventLoop.java:496)
	at org.apache.ratis.thirdparty.io.netty.channel.nio.NioEventLoop.run(NioEventLoop.java:458)
	at org.apache.ratis.thirdparty.io.netty.util.concurrent.SingleThreadEventExecutor$5.run(SingleThreadEventExecutor.java:897)
	at org.apache.ratis.thirdparty.io.netty.util.concurrent.FastThreadLocalRunnable.run(FastThreadLocalRunnable.java:30)
	... 1 more
Caused by: java.net.ConnectException: Connection refused
	... 11 more
2019-09-27 22:37:10,740 [f92c8218-5cc6-41a8-ba7f-0ea4b1b7a760@group-D0C946610EE2:LeaderElection75] INFO  impl.RoleInfo (RoleInfo.java:shutdownLeaderElection(134)) - f92c8218-5cc6-41a8-ba7f-0ea4b1b7a760: shutdown LeaderElection
2019-09-27 22:37:10,740 [f92c8218-5cc6-41a8-ba7f-0ea4b1b7a760@group-D0C946610EE2:LeaderElection75] INFO  impl.RaftServerImpl (RaftServerImpl.java:setRole(174)) - f92c8218-5cc6-41a8-ba7f-0ea4b1b7a760@group-D0C946610EE2: changes role from CANDIDATE to LEADER at term 2 for changeToLeader
2019-09-27 22:37:10,740 [f92c8218-5cc6-41a8-ba7f-0ea4b1b7a760@group-D0C946610EE2:LeaderElection75] INFO  impl.RaftServerImpl (ServerState.java:setLeader(253)) - f92c8218-5cc6-41a8-ba7f-0ea4b1b7a760@group-D0C946610EE2: change Leader from null to f92c8218-5cc6-41a8-ba7f-0ea4b1b7a760 at term 2 for becomeLeader, leader elected after 39ms
2019-09-27 22:37:10,740 [f92c8218-5cc6-41a8-ba7f-0ea4b1b7a760@group-D0C946610EE2:LeaderElection75] INFO  server.RaftServerConfigKeys (ConfUtils.java:logGet(43)) - raft.server.staging.catchup.gap = 1000 (default)
2019-09-27 22:37:10,741 [f92c8218-5cc6-41a8-ba7f-0ea4b1b7a760@group-D0C946610EE2:LeaderElection75] INFO  server.RaftServerConfigKeys (ConfUtils.java:logGet(43)) - raft.server.rpc.sleep.time = 25ms (default)
2019-09-27 22:37:10,741 [f92c8218-5cc6-41a8-ba7f-0ea4b1b7a760@group-D0C946610EE2:LeaderElection75] INFO  server.RaftServerConfigKeys (ConfUtils.java:logGet(43)) - raft.server.write.element-limit = 4096 (default)
2019-09-27 22:37:10,741 [f92c8218-5cc6-41a8-ba7f-0ea4b1b7a760@group-D0C946610EE2:LeaderElection75] INFO  server.RaftServerConfigKeys (ConfUtils.java:logGet(43)) - raft.server.watch.timeout = 10s (default)
2019-09-27 22:37:10,741 [f92c8218-5cc6-41a8-ba7f-0ea4b1b7a760@group-D0C946610EE2:LeaderElection75] INFO  server.RaftServerConfigKeys (ConfUtils.java:logGet(43)) - raft.server.watch.timeout.denomination = 1s (default)
2019-09-27 22:37:10,742 [f92c8218-5cc6-41a8-ba7f-0ea4b1b7a760@group-D0C946610EE2:LeaderElection75] INFO  server.RaftServerConfigKeys (ConfUtils.java:logGet(43)) - raft.server.watch.element-limit = 65536 (default)
2019-09-27 22:37:10,745 [f92c8218-5cc6-41a8-ba7f-0ea4b1b7a760@group-D0C946610EE2:LeaderElection75] INFO  server.RaftServerConfigKeys (ConfUtils.java:logGet(43)) - raft.server.log.appender.snapshot.chunk.size.max = 16MB (=16777216) (default)
2019-09-27 22:37:10,745 [f92c8218-5cc6-41a8-ba7f-0ea4b1b7a760@group-D0C946610EE2:LeaderElection75] INFO  server.RaftServerConfigKeys (ConfUtils.java:logGet(43)) - raft.server.log.appender.buffer.byte-limit = 33554432 (custom)
2019-09-27 22:37:10,746 [f92c8218-5cc6-41a8-ba7f-0ea4b1b7a760@group-D0C946610EE2:LeaderElection75] INFO  server.RaftServerConfigKeys (ConfUtils.java:logGet(43)) - raft.server.log.appender.buffer.element-limit = 1 (custom)
2019-09-27 22:37:10,746 [f92c8218-5cc6-41a8-ba7f-0ea4b1b7a760@group-D0C946610EE2:LeaderElection75] INFO  grpc.GrpcConfigKeys$Server (ConfUtils.java:logGet(43)) - raft.grpc.server.leader.outstanding.appends.max = 128 (default)
2019-09-27 22:37:10,746 [f92c8218-5cc6-41a8-ba7f-0ea4b1b7a760@group-D0C946610EE2:LeaderElection75] INFO  server.RaftServerConfigKeys (ConfUtils.java:logGet(43)) - raft.server.rpc.request.timeout = 3000ms (default)
2019-09-27 22:37:10,746 [f92c8218-5cc6-41a8-ba7f-0ea4b1b7a760@group-D0C946610EE2:LeaderElection75] INFO  server.RaftServerConfigKeys (ConfUtils.java:logGet(43)) - raft.server.log.appender.install.snapshot.enabled = false (custom)
2019-09-27 22:37:10,747 [f92c8218-5cc6-41a8-ba7f-0ea4b1b7a760@group-D0C946610EE2:LeaderElection75] INFO  server.RaftServerConfigKeys (ConfUtils.java:logGet(43)) - raft.server.log.appender.snapshot.chunk.size.max = 16MB (=16777216) (default)
2019-09-27 22:37:10,747 [f92c8218-5cc6-41a8-ba7f-0ea4b1b7a760@group-D0C946610EE2:LeaderElection75] INFO  server.RaftServerConfigKeys (ConfUtils.java:logGet(43)) - raft.server.log.appender.buffer.byte-limit = 33554432 (custom)
2019-09-27 22:37:10,747 [f92c8218-5cc6-41a8-ba7f-0ea4b1b7a760@group-D0C946610EE2:LeaderElection75] INFO  server.RaftServerConfigKeys (ConfUtils.java:logGet(43)) - raft.server.log.appender.buffer.element-limit = 1 (custom)
2019-09-27 22:37:10,747 [f92c8218-5cc6-41a8-ba7f-0ea4b1b7a760@group-D0C946610EE2:LeaderElection75] INFO  grpc.GrpcConfigKeys$Server (ConfUtils.java:logGet(43)) - raft.grpc.server.leader.outstanding.appends.max = 128 (default)
2019-09-27 22:37:10,747 [f92c8218-5cc6-41a8-ba7f-0ea4b1b7a760@group-D0C946610EE2:LeaderElection75] INFO  server.RaftServerConfigKeys (ConfUtils.java:logGet(43)) - raft.server.rpc.request.timeout = 3000ms (default)
2019-09-27 22:37:10,748 [f92c8218-5cc6-41a8-ba7f-0ea4b1b7a760@group-D0C946610EE2:LeaderElection75] INFO  server.RaftServerConfigKeys (ConfUtils.java:logGet(43)) - raft.server.log.appender.install.snapshot.enabled = false (custom)
2019-09-27 22:37:10,748 [f92c8218-5cc6-41a8-ba7f-0ea4b1b7a760@group-D0C946610EE2:LeaderElection75] INFO  impl.RoleInfo (RoleInfo.java:updateAndGet(143)) - f92c8218-5cc6-41a8-ba7f-0ea4b1b7a760: start LeaderState
2019-09-27 22:37:10,748 [f92c8218-5cc6-41a8-ba7f-0ea4b1b7a760@group-D0C946610EE2:LeaderElection75] INFO  segmented.SegmentedRaftLogWorker (SegmentedRaftLogWorker.java:rollLogSegment(385)) - f92c8218-5cc6-41a8-ba7f-0ea4b1b7a760@group-D0C946610EE2-SegmentedRaftLogWorker: Rolling segment log-0_16 to index:16
2019-09-27 22:37:10,750 [f92c8218-5cc6-41a8-ba7f-0ea4b1b7a760@group-D0C946610EE2:LeaderElection75] INFO  impl.RaftServerImpl (ServerState.java:setRaftConf(354)) - f92c8218-5cc6-41a8-ba7f-0ea4b1b7a760@group-D0C946610EE2: set configuration 17: [f92c8218-5cc6-41a8-ba7f-0ea4b1b7a760:192.168.151.84:42688, 3fd0793e-5fae-4540-8845-888b9218eff5:192.168.151.84:46520, 794cf556-ac59-4769-9140-89bf84b53f53:192.168.151.84:32956], old=null at 17
2019-09-27 22:37:10,750 [f92c8218-5cc6-41a8-ba7f-0ea4b1b7a760@group-D0C946610EE2-SegmentedRaftLogWorker] INFO  segmented.SegmentedRaftLogWorker (SegmentedRaftLogWorker.java:execute(526)) - f92c8218-5cc6-41a8-ba7f-0ea4b1b7a760@group-D0C946610EE2-SegmentedRaftLogWorker: Rolled log segment from /workdir/hadoop-ozone/integration-test/target/test-dir/MiniOzoneClusterImpl-6301c58b-4ac9-45bc-bb33-5a7d24acbbd6/datanode-4/data/ratis/9c9a10bb-7e97-470f-933b-d0c946610ee2/current/log_inprogress_0 to /workdir/hadoop-ozone/integration-test/target/test-dir/MiniOzoneClusterImpl-6301c58b-4ac9-45bc-bb33-5a7d24acbbd6/datanode-4/data/ratis/9c9a10bb-7e97-470f-933b-d0c946610ee2/current/log_0-16
2019-09-27 22:37:10,753 [grpc-default-executor-0] WARN  server.GrpcLogAppender (LogUtils.java:warn(134)) - f92c8218-5cc6-41a8-ba7f-0ea4b1b7a760@group-D0C946610EE2->794cf556-ac59-4769-9140-89bf84b53f53-AppendLogResponseHandler: Failed appendEntries: org.apache.ratis.thirdparty.io.grpc.StatusRuntimeException: UNAVAILABLE: io exception
2019-09-27 22:37:10,753 [grpc-default-executor-10] INFO  impl.RaftServerImpl (ServerState.java:setLeader(253)) - 3fd0793e-5fae-4540-8845-888b9218eff5@group-D0C946610EE2: change Leader from null to f92c8218-5cc6-41a8-ba7f-0ea4b1b7a760 at term 2 for appendEntries, leader elected after 22ms
2019-09-27 22:37:10,784 [grpc-default-executor-0] INFO  impl.FollowerInfo (FollowerInfo.java:lambda$new$0(51)) - f92c8218-5cc6-41a8-ba7f-0ea4b1b7a760@group-D0C946610EE2->794cf556-ac59-4769-9140-89bf84b53f53: nextIndex: updateUnconditionally 17 -> 1
2019-09-27 22:37:10,787 [grpc-default-executor-0] INFO  impl.RaftServerImpl (ServerState.java:setRaftConf(354)) - 3fd0793e-5fae-4540-8845-888b9218eff5@group-D0C946610EE2: set configuration 17: [f92c8218-5cc6-41a8-ba7f-0ea4b1b7a760:192.168.151.84:42688, 3fd0793e-5fae-4540-8845-888b9218eff5:192.168.151.84:46520, 794cf556-ac59-4769-9140-89bf84b53f53:192.168.151.84:32956], old=null at 17
2019-09-27 22:37:10,787 [grpc-default-executor-0] INFO  segmented.SegmentedRaftLogWorker (SegmentedRaftLogWorker.java:rollLogSegment(385)) - 3fd0793e-5fae-4540-8845-888b9218eff5@group-D0C946610EE2-SegmentedRaftLogWorker: Rolling segment log-0_16 to index:16
2019-09-27 22:37:10,788 [3fd0793e-5fae-4540-8845-888b9218eff5@group-D0C946610EE2-SegmentedRaftLogWorker] INFO  segmented.SegmentedRaftLogWorker (SegmentedRaftLogWorker.java:execute(526)) - 3fd0793e-5fae-4540-8845-888b9218eff5@group-D0C946610EE2-SegmentedRaftLogWorker: Rolled log segment from /workdir/hadoop-ozone/integration-test/target/test-dir/MiniOzoneClusterImpl-6301c58b-4ac9-45bc-bb33-5a7d24acbbd6/datanode-5/data/ratis/9c9a10bb-7e97-470f-933b-d0c946610ee2/current/log_inprogress_0 to /workdir/hadoop-ozone/integration-test/target/test-dir/MiniOzoneClusterImpl-6301c58b-4ac9-45bc-bb33-5a7d24acbbd6/datanode-5/data/ratis/9c9a10bb-7e97-470f-933b-d0c946610ee2/current/log_0-16
2019-09-27 22:37:10,794 [f92c8218-5cc6-41a8-ba7f-0ea4b1b7a760@group-D0C946610EE2-SegmentedRaftLogWorker] INFO  segmented.SegmentedRaftLogWorker (SegmentedRaftLogWorker.java:execute(569)) - f92c8218-5cc6-41a8-ba7f-0ea4b1b7a760@group-D0C946610EE2-SegmentedRaftLogWorker: created new log segment /workdir/hadoop-ozone/integration-test/target/test-dir/MiniOzoneClusterImpl-6301c58b-4ac9-45bc-bb33-5a7d24acbbd6/datanode-4/data/ratis/9c9a10bb-7e97-470f-933b-d0c946610ee2/current/log_inprogress_17
2019-09-27 22:37:10,816 [3fd0793e-5fae-4540-8845-888b9218eff5@group-D0C946610EE2-SegmentedRaftLogWorker] INFO  segmented.SegmentedRaftLogWorker (SegmentedRaftLogWorker.java:execute(569)) - 3fd0793e-5fae-4540-8845-888b9218eff5@group-D0C946610EE2-SegmentedRaftLogWorker: created new log segment /workdir/hadoop-ozone/integration-test/target/test-dir/MiniOzoneClusterImpl-6301c58b-4ac9-45bc-bb33-5a7d24acbbd6/datanode-5/data/ratis/9c9a10bb-7e97-470f-933b-d0c946610ee2/current/log_inprogress_17
2019-09-27 22:37:10,829 [grpc-default-executor-7] WARN  server.GrpcLogAppender (LogUtils.java:warn(134)) - f92c8218-5cc6-41a8-ba7f-0ea4b1b7a760@group-D0C946610EE2->794cf556-ac59-4769-9140-89bf84b53f53-AppendLogResponseHandler: Failed appendEntries: org.apache.ratis.thirdparty.io.grpc.StatusRuntimeException: UNAVAILABLE: io exception
2019-09-27 22:37:10,829 [grpc-default-executor-7] INFO  impl.FollowerInfo (FollowerInfo.java:lambda$new$0(51)) - f92c8218-5cc6-41a8-ba7f-0ea4b1b7a760@group-D0C946610EE2->794cf556-ac59-4769-9140-89bf84b53f53: nextIndex: updateUnconditionally 2 -> 1
22:37:11.214 [grpc-default-executor-10] ERROR DNAudit - user=null | ip=null | op=WRITE_CHUNK {blockData=conID: 1 locID: 102866866029854733 bcsId: 14} | ret=FAILURE
org.apache.hadoop.hdds.scm.container.common.helpers.ContainerNotOpenException: Container 1 in CLOSING state
	at org.apache.hadoop.ozone.container.common.impl.HddsDispatcher.validateContainerCommand(HddsDispatcher.java:434) ~[hadoop-hdds-container-service-0.5.0-SNAPSHOT.jar:?]
	at org.apache.hadoop.ozone.container.common.transport.server.ratis.ContainerStateMachine.startTransaction(ContainerStateMachine.java:315) ~[hadoop-hdds-container-service-0.5.0-SNAPSHOT.jar:?]
	at org.apache.ratis.server.impl.RaftServerImpl.submitClientRequestAsync(RaftServerImpl.java:573) ~[ratis-server-0.4.0.jar:0.4.0]
	at org.apache.ratis.server.impl.RaftServerProxy.lambda$submitClientRequestAsync$7(RaftServerProxy.java:333) ~[ratis-server-0.4.0.jar:0.4.0]
	at org.apache.ratis.server.impl.RaftServerProxy.lambda$null$5(RaftServerProxy.java:328) ~[ratis-server-0.4.0.jar:0.4.0]
	at org.apache.ratis.util.JavaUtils.callAsUnchecked(JavaUtils.java:109) ~[ratis-common-0.4.0.jar:0.4.0]
	at org.apache.ratis.server.impl.RaftServerProxy.lambda$submitRequest$6(RaftServerProxy.java:328) ~[ratis-server-0.4.0.jar:0.4.0]
	at java.util.concurrent.CompletableFuture.uniComposeStage(CompletableFuture.java:981) ~[?:1.8.0_212]
	at java.util.concurrent.CompletableFuture.thenCompose(CompletableFuture.java:2124) ~[?:1.8.0_212]
	at org.apache.ratis.server.impl.RaftServerProxy.submitRequest(RaftServerProxy.java:327) ~[ratis-server-0.4.0.jar:0.4.0]
	at org.apache.ratis.server.impl.RaftServerProxy.submitClientRequestAsync(RaftServerProxy.java:333) ~[ratis-server-0.4.0.jar:0.4.0]
	at org.apache.ratis.grpc.client.GrpcClientProtocolService$RequestStreamObserver.processClientRequest(GrpcClientProtocolService.java:220) ~[ratis-grpc-0.4.0.jar:0.4.0]
	at org.apache.ratis.grpc.client.GrpcClientProtocolService$OrderedRequestStreamObserver.processClientRequest(GrpcClientProtocolService.java:326) ~[ratis-grpc-0.4.0.jar:0.4.0]
	at org.apache.ratis.util.SlidingWindow$Server.processRequestsFromHead(SlidingWindow.java:429) [ratis-common-0.4.0.jar:0.4.0]
	at org.apache.ratis.util.SlidingWindow$Server.receivedRequest(SlidingWindow.java:421) [ratis-common-0.4.0.jar:0.4.0]
	at org.apache.ratis.grpc.client.GrpcClientProtocolService$OrderedRequestStreamObserver.processClientRequest(GrpcClientProtocolService.java:345) [ratis-grpc-0.4.0.jar:0.4.0]
	at org.apache.ratis.grpc.client.GrpcClientProtocolService$RequestStreamObserver.onNext(GrpcClientProtocolService.java:240) [ratis-grpc-0.4.0.jar:0.4.0]
	at org.apache.ratis.grpc.client.GrpcClientProtocolService$RequestStreamObserver.onNext(GrpcClientProtocolService.java:168) [ratis-grpc-0.4.0.jar:0.4.0]
	at org.apache.ratis.thirdparty.io.grpc.stub.ServerCalls$StreamingServerCallHandler$StreamingServerCallListener.onMessage(ServerCalls.java:248) [ratis-thirdparty-misc-0.2.0.jar:0.2.0]
	at org.apache.ratis.thirdparty.io.grpc.internal.ServerCallImpl$ServerStreamListenerImpl.messagesAvailable(ServerCallImpl.java:263) [ratis-thirdparty-misc-0.2.0.jar:0.2.0]
	at org.apache.ratis.thirdparty.io.grpc.internal.ServerImpl$JumpToApplicationThreadServerStreamListener$1MessagesAvailable.runInContext(ServerImpl.java:686) [ratis-thirdparty-misc-0.2.0.jar:0.2.0]
	at org.apache.ratis.thirdparty.io.grpc.internal.ContextRunnable.run(ContextRunnable.java:37) [ratis-thirdparty-misc-0.2.0.jar:0.2.0]
	at org.apache.ratis.thirdparty.io.grpc.internal.SerializingExecutor.run(SerializingExecutor.java:123) [ratis-thirdparty-misc-0.2.0.jar:0.2.0]
	at java.util.concurrent.ThreadPoolExecutor.runWorker(ThreadPoolExecutor.java:1149) [?:1.8.0_212]
	at java.util.concurrent.ThreadPoolExecutor$Worker.run(ThreadPoolExecutor.java:624) [?:1.8.0_212]
	at java.lang.Thread.run(Thread.java:748) [?:1.8.0_212]
22:37:11.228 [grpc-default-executor-10] ERROR DNAudit - user=null | ip=null | op=WRITE_CHUNK {blockData=conID: 1 locID: 102866866029854733 bcsId: 14} | ret=FAILURE
org.apache.hadoop.hdds.scm.container.common.helpers.ContainerNotOpenException: Container 1 in CLOSING state
	at org.apache.hadoop.ozone.container.common.impl.HddsDispatcher.validateContainerCommand(HddsDispatcher.java:434) ~[hadoop-hdds-container-service-0.5.0-SNAPSHOT.jar:?]
	at org.apache.hadoop.ozone.container.common.transport.server.ratis.ContainerStateMachine.startTransaction(ContainerStateMachine.java:315) ~[hadoop-hdds-container-service-0.5.0-SNAPSHOT.jar:?]
	at org.apache.ratis.server.impl.RaftServerImpl.submitClientRequestAsync(RaftServerImpl.java:573) ~[ratis-server-0.4.0.jar:0.4.0]
	at org.apache.ratis.server.impl.RaftServerProxy.lambda$submitClientRequestAsync$7(RaftServerProxy.java:333) ~[ratis-server-0.4.0.jar:0.4.0]
	at org.apache.ratis.server.impl.RaftServerProxy.lambda$null$5(RaftServerProxy.java:328) ~[ratis-server-0.4.0.jar:0.4.0]
	at org.apache.ratis.util.JavaUtils.callAsUnchecked(JavaUtils.java:109) ~[ratis-common-0.4.0.jar:0.4.0]
	at org.apache.ratis.server.impl.RaftServerProxy.lambda$submitRequest$6(RaftServerProxy.java:328) ~[ratis-server-0.4.0.jar:0.4.0]
	at java.util.concurrent.CompletableFuture.uniComposeStage(CompletableFuture.java:981) ~[?:1.8.0_212]
	at java.util.concurrent.CompletableFuture.thenCompose(CompletableFuture.java:2124) ~[?:1.8.0_212]
	at org.apache.ratis.server.impl.RaftServerProxy.submitRequest(RaftServerProxy.java:327) ~[ratis-server-0.4.0.jar:0.4.0]
	at org.apache.ratis.server.impl.RaftServerProxy.submitClientRequestAsync(RaftServerProxy.java:333) ~[ratis-server-0.4.0.jar:0.4.0]
	at org.apache.ratis.grpc.client.GrpcClientProtocolService$RequestStreamObserver.processClientRequest(GrpcClientProtocolService.java:220) ~[ratis-grpc-0.4.0.jar:0.4.0]
	at org.apache.ratis.grpc.client.GrpcClientProtocolService$OrderedRequestStreamObserver.processClientRequest(GrpcClientProtocolService.java:326) ~[ratis-grpc-0.4.0.jar:0.4.0]
	at org.apache.ratis.util.SlidingWindow$Server.processRequestsFromHead(SlidingWindow.java:429) [ratis-common-0.4.0.jar:0.4.0]
	at org.apache.ratis.util.SlidingWindow$Server.receivedRequest(SlidingWindow.java:421) [ratis-common-0.4.0.jar:0.4.0]
	at org.apache.ratis.grpc.client.GrpcClientProtocolService$OrderedRequestStreamObserver.processClientRequest(GrpcClientProtocolService.java:345) [ratis-grpc-0.4.0.jar:0.4.0]
	at org.apache.ratis.grpc.client.GrpcClientProtocolService$RequestStreamObserver.onNext(GrpcClientProtocolService.java:240) [ratis-grpc-0.4.0.jar:0.4.0]
	at org.apache.ratis.grpc.client.GrpcClientProtocolService$RequestStreamObserver.onNext(GrpcClientProtocolService.java:168) [ratis-grpc-0.4.0.jar:0.4.0]
	at org.apache.ratis.thirdparty.io.grpc.stub.ServerCalls$StreamingServerCallHandler$StreamingServerCallListener.onMessage(ServerCalls.java:248) [ratis-thirdparty-misc-0.2.0.jar:0.2.0]
	at org.apache.ratis.thirdparty.io.grpc.internal.ServerCallImpl$ServerStreamListenerImpl.messagesAvailable(ServerCallImpl.java:263) [ratis-thirdparty-misc-0.2.0.jar:0.2.0]
	at org.apache.ratis.thirdparty.io.grpc.internal.ServerImpl$JumpToApplicationThreadServerStreamListener$1MessagesAvailable.runInContext(ServerImpl.java:686) [ratis-thirdparty-misc-0.2.0.jar:0.2.0]
	at org.apache.ratis.thirdparty.io.grpc.internal.ContextRunnable.run(ContextRunnable.java:37) [ratis-thirdparty-misc-0.2.0.jar:0.2.0]
	at org.apache.ratis.thirdparty.io.grpc.internal.SerializingExecutor.run(SerializingExecutor.java:123) [ratis-thirdparty-misc-0.2.0.jar:0.2.0]
	at java.util.concurrent.ThreadPoolExecutor.runWorker(ThreadPoolExecutor.java:1149) [?:1.8.0_212]
	at java.util.concurrent.ThreadPoolExecutor$Worker.run(ThreadPoolExecutor.java:624) [?:1.8.0_212]
	at java.lang.Thread.run(Thread.java:748) [?:1.8.0_212]
22:37:11.230 [grpc-default-executor-10] ERROR DNAudit - user=null | ip=null | op=PUT_BLOCK {blockData=[blockId=conID: 1 locID: 102866866029854733 bcsId: 0,size=650]} | ret=FAILURE
org.apache.hadoop.hdds.scm.container.common.helpers.ContainerNotOpenException: Container 1 in CLOSING state
	at org.apache.hadoop.ozone.container.common.impl.HddsDispatcher.validateContainerCommand(HddsDispatcher.java:434) ~[hadoop-hdds-container-service-0.5.0-SNAPSHOT.jar:?]
	at org.apache.hadoop.ozone.container.common.transport.server.ratis.ContainerStateMachine.startTransaction(ContainerStateMachine.java:315) ~[hadoop-hdds-container-service-0.5.0-SNAPSHOT.jar:?]
	at org.apache.ratis.server.impl.RaftServerImpl.submitClientRequestAsync(RaftServerImpl.java:573) ~[ratis-server-0.4.0.jar:0.4.0]
	at org.apache.ratis.server.impl.RaftServerProxy.lambda$submitClientRequestAsync$7(RaftServerProxy.java:333) ~[ratis-server-0.4.0.jar:0.4.0]
	at org.apache.ratis.server.impl.RaftServerProxy.lambda$null$5(RaftServerProxy.java:328) ~[ratis-server-0.4.0.jar:0.4.0]
	at org.apache.ratis.util.JavaUtils.callAsUnchecked(JavaUtils.java:109) ~[ratis-common-0.4.0.jar:0.4.0]
	at org.apache.ratis.server.impl.RaftServerProxy.lambda$submitRequest$6(RaftServerProxy.java:328) ~[ratis-server-0.4.0.jar:0.4.0]
	at java.util.concurrent.CompletableFuture.uniComposeStage(CompletableFuture.java:981) ~[?:1.8.0_212]
	at java.util.concurrent.CompletableFuture.thenCompose(CompletableFuture.java:2124) ~[?:1.8.0_212]
	at org.apache.ratis.server.impl.RaftServerProxy.submitRequest(RaftServerProxy.java:327) ~[ratis-server-0.4.0.jar:0.4.0]
	at org.apache.ratis.server.impl.RaftServerProxy.submitClientRequestAsync(RaftServerProxy.java:333) ~[ratis-server-0.4.0.jar:0.4.0]
	at org.apache.ratis.grpc.client.GrpcClientProtocolService$RequestStreamObserver.processClientRequest(GrpcClientProtocolService.java:220) ~[ratis-grpc-0.4.0.jar:0.4.0]
	at org.apache.ratis.grpc.client.GrpcClientProtocolService$OrderedRequestStreamObserver.processClientRequest(GrpcClientProtocolService.java:326) ~[ratis-grpc-0.4.0.jar:0.4.0]
	at org.apache.ratis.util.SlidingWindow$Server.processRequestsFromHead(SlidingWindow.java:429) [ratis-common-0.4.0.jar:0.4.0]
	at org.apache.ratis.util.SlidingWindow$Server.receivedRequest(SlidingWindow.java:421) [ratis-common-0.4.0.jar:0.4.0]
	at org.apache.ratis.grpc.client.GrpcClientProtocolService$OrderedRequestStreamObserver.processClientRequest(GrpcClientProtocolService.java:345) [ratis-grpc-0.4.0.jar:0.4.0]
	at org.apache.ratis.grpc.client.GrpcClientProtocolService$RequestStreamObserver.onNext(GrpcClientProtocolService.java:240) [ratis-grpc-0.4.0.jar:0.4.0]
	at org.apache.ratis.grpc.client.GrpcClientProtocolService$RequestStreamObserver.onNext(GrpcClientProtocolService.java:168) [ratis-grpc-0.4.0.jar:0.4.0]
	at org.apache.ratis.thirdparty.io.grpc.stub.ServerCalls$StreamingServerCallHandler$StreamingServerCallListener.onMessage(ServerCalls.java:248) [ratis-thirdparty-misc-0.2.0.jar:0.2.0]
	at org.apache.ratis.thirdparty.io.grpc.internal.ServerCallImpl$ServerStreamListenerImpl.messagesAvailable(ServerCallImpl.java:263) [ratis-thirdparty-misc-0.2.0.jar:0.2.0]
	at org.apache.ratis.thirdparty.io.grpc.internal.ServerImpl$JumpToApplicationThreadServerStreamListener$1MessagesAvailable.runInContext(ServerImpl.java:686) [ratis-thirdparty-misc-0.2.0.jar:0.2.0]
	at org.apache.ratis.thirdparty.io.grpc.internal.ContextRunnable.run(ContextRunnable.java:37) [ratis-thirdparty-misc-0.2.0.jar:0.2.0]
	at org.apache.ratis.thirdparty.io.grpc.internal.SerializingExecutor.run(SerializingExecutor.java:123) [ratis-thirdparty-misc-0.2.0.jar:0.2.0]
	at java.util.concurrent.ThreadPoolExecutor.runWorker(ThreadPoolExecutor.java:1149) [?:1.8.0_212]
	at java.util.concurrent.ThreadPoolExecutor$Worker.run(ThreadPoolExecutor.java:624) [?:1.8.0_212]
	at java.lang.Thread.run(Thread.java:748) [?:1.8.0_212]
22:37:11.248 [grpc-default-executor-10] ERROR DNAudit - user=null | ip=null | op=WRITE_CHUNK {blockData=conID: 1 locID: 102866866029854733 bcsId: 14} | ret=FAILURE
org.apache.hadoop.hdds.scm.container.common.helpers.ContainerNotOpenException: Container 1 in CLOSING state
	at org.apache.hadoop.ozone.container.common.impl.HddsDispatcher.validateContainerCommand(HddsDispatcher.java:434) ~[hadoop-hdds-container-service-0.5.0-SNAPSHOT.jar:?]
	at org.apache.hadoop.ozone.container.common.transport.server.ratis.ContainerStateMachine.startTransaction(ContainerStateMachine.java:315) ~[hadoop-hdds-container-service-0.5.0-SNAPSHOT.jar:?]
	at org.apache.ratis.server.impl.RaftServerImpl.submitClientRequestAsync(RaftServerImpl.java:573) ~[ratis-server-0.4.0.jar:0.4.0]
	at org.apache.ratis.server.impl.RaftServerProxy.lambda$submitClientRequestAsync$7(RaftServerProxy.java:333) ~[ratis-server-0.4.0.jar:0.4.0]
	at org.apache.ratis.server.impl.RaftServerProxy.lambda$null$5(RaftServerProxy.java:328) ~[ratis-server-0.4.0.jar:0.4.0]
	at org.apache.ratis.util.JavaUtils.callAsUnchecked(JavaUtils.java:109) ~[ratis-common-0.4.0.jar:0.4.0]
	at org.apache.ratis.server.impl.RaftServerProxy.lambda$submitRequest$6(RaftServerProxy.java:328) ~[ratis-server-0.4.0.jar:0.4.0]
	at java.util.concurrent.CompletableFuture.uniComposeStage(CompletableFuture.java:981) ~[?:1.8.0_212]
	at java.util.concurrent.CompletableFuture.thenCompose(CompletableFuture.java:2124) ~[?:1.8.0_212]
	at org.apache.ratis.server.impl.RaftServerProxy.submitRequest(RaftServerProxy.java:327) ~[ratis-server-0.4.0.jar:0.4.0]
	at org.apache.ratis.server.impl.RaftServerProxy.submitClientRequestAsync(RaftServerProxy.java:333) ~[ratis-server-0.4.0.jar:0.4.0]
	at org.apache.ratis.grpc.client.GrpcClientProtocolService$RequestStreamObserver.processClientRequest(GrpcClientProtocolService.java:220) ~[ratis-grpc-0.4.0.jar:0.4.0]
	at org.apache.ratis.grpc.client.GrpcClientProtocolService$OrderedRequestStreamObserver.processClientRequest(GrpcClientProtocolService.java:326) ~[ratis-grpc-0.4.0.jar:0.4.0]
	at org.apache.ratis.util.SlidingWindow$Server.processRequestsFromHead(SlidingWindow.java:429) [ratis-common-0.4.0.jar:0.4.0]
	at org.apache.ratis.util.SlidingWindow$Server.receivedRequest(SlidingWindow.java:421) [ratis-common-0.4.0.jar:0.4.0]
	at org.apache.ratis.grpc.client.GrpcClientProtocolService$OrderedRequestStreamObserver.processClientRequest(GrpcClientProtocolService.java:345) [ratis-grpc-0.4.0.jar:0.4.0]
	at org.apache.ratis.grpc.client.GrpcClientProtocolService$RequestStreamObserver.onNext(GrpcClientProtocolService.java:240) [ratis-grpc-0.4.0.jar:0.4.0]
	at org.apache.ratis.grpc.client.GrpcClientProtocolService$RequestStreamObserver.onNext(GrpcClientProtocolService.java:168) [ratis-grpc-0.4.0.jar:0.4.0]
	at org.apache.ratis.thirdparty.io.grpc.stub.ServerCalls$StreamingServerCallHandler$StreamingServerCallListener.onMessage(ServerCalls.java:248) [ratis-thirdparty-misc-0.2.0.jar:0.2.0]
	at org.apache.ratis.thirdparty.io.grpc.internal.ServerCallImpl$ServerStreamListenerImpl.messagesAvailable(ServerCallImpl.java:263) [ratis-thirdparty-misc-0.2.0.jar:0.2.0]
	at org.apache.ratis.thirdparty.io.grpc.internal.ServerImpl$JumpToApplicationThreadServerStreamListener$1MessagesAvailable.runInContext(ServerImpl.java:686) [ratis-thirdparty-misc-0.2.0.jar:0.2.0]
	at org.apache.ratis.thirdparty.io.grpc.internal.ContextRunnable.run(ContextRunnable.java:37) [ratis-thirdparty-misc-0.2.0.jar:0.2.0]
	at org.apache.ratis.thirdparty.io.grpc.internal.SerializingExecutor.run(SerializingExecutor.java:123) [ratis-thirdparty-misc-0.2.0.jar:0.2.0]
	at java.util.concurrent.ThreadPoolExecutor.runWorker(ThreadPoolExecutor.java:1149) [?:1.8.0_212]
	at java.util.concurrent.ThreadPoolExecutor$Worker.run(ThreadPoolExecutor.java:624) [?:1.8.0_212]
	at java.lang.Thread.run(Thread.java:748) [?:1.8.0_212]
22:37:11.249 [grpc-default-executor-10] ERROR DNAudit - user=null | ip=null | op=WRITE_CHUNK {blockData=conID: 1 locID: 102866866029854733 bcsId: 14} | ret=FAILURE
org.apache.hadoop.hdds.scm.container.common.helpers.ContainerNotOpenException: Container 1 in CLOSING state
	at org.apache.hadoop.ozone.container.common.impl.HddsDispatcher.validateContainerCommand(HddsDispatcher.java:434) ~[hadoop-hdds-container-service-0.5.0-SNAPSHOT.jar:?]
	at org.apache.hadoop.ozone.container.common.transport.server.ratis.ContainerStateMachine.startTransaction(ContainerStateMachine.java:315) ~[hadoop-hdds-container-service-0.5.0-SNAPSHOT.jar:?]
	at org.apache.ratis.server.impl.RaftServerImpl.submitClientRequestAsync(RaftServerImpl.java:573) ~[ratis-server-0.4.0.jar:0.4.0]
	at org.apache.ratis.server.impl.RaftServerProxy.lambda$submitClientRequestAsync$7(RaftServerProxy.java:333) ~[ratis-server-0.4.0.jar:0.4.0]
	at org.apache.ratis.server.impl.RaftServerProxy.lambda$null$5(RaftServerProxy.java:328) ~[ratis-server-0.4.0.jar:0.4.0]
	at org.apache.ratis.util.JavaUtils.callAsUnchecked(JavaUtils.java:109) ~[ratis-common-0.4.0.jar:0.4.0]
	at org.apache.ratis.server.impl.RaftServerProxy.lambda$submitRequest$6(RaftServerProxy.java:328) ~[ratis-server-0.4.0.jar:0.4.0]
	at java.util.concurrent.CompletableFuture.uniComposeStage(CompletableFuture.java:981) ~[?:1.8.0_212]
	at java.util.concurrent.CompletableFuture.thenCompose(CompletableFuture.java:2124) ~[?:1.8.0_212]
	at org.apache.ratis.server.impl.RaftServerProxy.submitRequest(RaftServerProxy.java:327) ~[ratis-server-0.4.0.jar:0.4.0]
	at org.apache.ratis.server.impl.RaftServerProxy.submitClientRequestAsync(RaftServerProxy.java:333) ~[ratis-server-0.4.0.jar:0.4.0]
	at org.apache.ratis.grpc.client.GrpcClientProtocolService$RequestStreamObserver.processClientRequest(GrpcClientProtocolService.java:220) ~[ratis-grpc-0.4.0.jar:0.4.0]
	at org.apache.ratis.grpc.client.GrpcClientProtocolService$OrderedRequestStreamObserver.processClientRequest(GrpcClientProtocolService.java:326) ~[ratis-grpc-0.4.0.jar:0.4.0]
	at org.apache.ratis.util.SlidingWindow$Server.processRequestsFromHead(SlidingWindow.java:429) [ratis-common-0.4.0.jar:0.4.0]
	at org.apache.ratis.util.SlidingWindow$Server.receivedRequest(SlidingWindow.java:421) [ratis-common-0.4.0.jar:0.4.0]
	at org.apache.ratis.grpc.client.GrpcClientProtocolService$OrderedRequestStreamObserver.processClientRequest(GrpcClientProtocolService.java:345) [ratis-grpc-0.4.0.jar:0.4.0]
	at org.apache.ratis.grpc.client.GrpcClientProtocolService$RequestStreamObserver.onNext(GrpcClientProtocolService.java:240) [ratis-grpc-0.4.0.jar:0.4.0]
	at org.apache.ratis.grpc.client.GrpcClientProtocolService$RequestStreamObserver.onNext(GrpcClientProtocolService.java:168) [ratis-grpc-0.4.0.jar:0.4.0]
	at org.apache.ratis.thirdparty.io.grpc.stub.ServerCalls$StreamingServerCallHandler$StreamingServerCallListener.onMessage(ServerCalls.java:248) [ratis-thirdparty-misc-0.2.0.jar:0.2.0]
	at org.apache.ratis.thirdparty.io.grpc.internal.ServerCallImpl$ServerStreamListenerImpl.messagesAvailable(ServerCallImpl.java:263) [ratis-thirdparty-misc-0.2.0.jar:0.2.0]
	at org.apache.ratis.thirdparty.io.grpc.internal.ServerImpl$JumpToApplicationThreadServerStreamListener$1MessagesAvailable.runInContext(ServerImpl.java:686) [ratis-thirdparty-misc-0.2.0.jar:0.2.0]
	at org.apache.ratis.thirdparty.io.grpc.internal.ContextRunnable.run(ContextRunnable.java:37) [ratis-thirdparty-misc-0.2.0.jar:0.2.0]
	at org.apache.ratis.thirdparty.io.grpc.internal.SerializingExecutor.run(SerializingExecutor.java:123) [ratis-thirdparty-misc-0.2.0.jar:0.2.0]
	at java.util.concurrent.ThreadPoolExecutor.runWorker(ThreadPoolExecutor.java:1149) [?:1.8.0_212]
	at java.util.concurrent.ThreadPoolExecutor$Worker.run(ThreadPoolExecutor.java:624) [?:1.8.0_212]
	at java.lang.Thread.run(Thread.java:748) [?:1.8.0_212]
22:37:11.261 [grpc-default-executor-10] ERROR DNAudit - user=null | ip=null | op=PUT_BLOCK {blockData=[blockId=conID: 1 locID: 102866866029854733 bcsId: 0,size=800]} | ret=FAILURE
org.apache.hadoop.hdds.scm.container.common.helpers.ContainerNotOpenException: Container 1 in CLOSING state
	at org.apache.hadoop.ozone.container.common.impl.HddsDispatcher.validateContainerCommand(HddsDispatcher.java:434) ~[hadoop-hdds-container-service-0.5.0-SNAPSHOT.jar:?]
	at org.apache.hadoop.ozone.container.common.transport.server.ratis.ContainerStateMachine.startTransaction(ContainerStateMachine.java:315) ~[hadoop-hdds-container-service-0.5.0-SNAPSHOT.jar:?]
	at org.apache.ratis.server.impl.RaftServerImpl.submitClientRequestAsync(RaftServerImpl.java:573) ~[ratis-server-0.4.0.jar:0.4.0]
	at org.apache.ratis.server.impl.RaftServerProxy.lambda$submitClientRequestAsync$7(RaftServerProxy.java:333) ~[ratis-server-0.4.0.jar:0.4.0]
	at org.apache.ratis.server.impl.RaftServerProxy.lambda$null$5(RaftServerProxy.java:328) ~[ratis-server-0.4.0.jar:0.4.0]
	at org.apache.ratis.util.JavaUtils.callAsUnchecked(JavaUtils.java:109) ~[ratis-common-0.4.0.jar:0.4.0]
	at org.apache.ratis.server.impl.RaftServerProxy.lambda$submitRequest$6(RaftServerProxy.java:328) ~[ratis-server-0.4.0.jar:0.4.0]
	at java.util.concurrent.CompletableFuture.uniComposeStage(CompletableFuture.java:981) ~[?:1.8.0_212]
	at java.util.concurrent.CompletableFuture.thenCompose(CompletableFuture.java:2124) ~[?:1.8.0_212]
	at org.apache.ratis.server.impl.RaftServerProxy.submitRequest(RaftServerProxy.java:327) ~[ratis-server-0.4.0.jar:0.4.0]
	at org.apache.ratis.server.impl.RaftServerProxy.submitClientRequestAsync(RaftServerProxy.java:333) ~[ratis-server-0.4.0.jar:0.4.0]
	at org.apache.ratis.grpc.client.GrpcClientProtocolService$RequestStreamObserver.processClientRequest(GrpcClientProtocolService.java:220) ~[ratis-grpc-0.4.0.jar:0.4.0]
	at org.apache.ratis.grpc.client.GrpcClientProtocolService$OrderedRequestStreamObserver.processClientRequest(GrpcClientProtocolService.java:326) ~[ratis-grpc-0.4.0.jar:0.4.0]
	at org.apache.ratis.util.SlidingWindow$Server.processRequestsFromHead(SlidingWindow.java:429) [ratis-common-0.4.0.jar:0.4.0]
	at org.apache.ratis.util.SlidingWindow$Server.receivedRequest(SlidingWindow.java:421) [ratis-common-0.4.0.jar:0.4.0]
	at org.apache.ratis.grpc.client.GrpcClientProtocolService$OrderedRequestStreamObserver.processClientRequest(GrpcClientProtocolService.java:345) [ratis-grpc-0.4.0.jar:0.4.0]
	at org.apache.ratis.grpc.client.GrpcClientProtocolService$RequestStreamObserver.onNext(GrpcClientProtocolService.java:240) [ratis-grpc-0.4.0.jar:0.4.0]
	at org.apache.ratis.grpc.client.GrpcClientProtocolService$RequestStreamObserver.onNext(GrpcClientProtocolService.java:168) [ratis-grpc-0.4.0.jar:0.4.0]
	at org.apache.ratis.thirdparty.io.grpc.stub.ServerCalls$StreamingServerCallHandler$StreamingServerCallListener.onMessage(ServerCalls.java:248) [ratis-thirdparty-misc-0.2.0.jar:0.2.0]
	at org.apache.ratis.thirdparty.io.grpc.internal.ServerCallImpl$ServerStreamListenerImpl.messagesAvailable(ServerCallImpl.java:263) [ratis-thirdparty-misc-0.2.0.jar:0.2.0]
	at org.apache.ratis.thirdparty.io.grpc.internal.ServerImpl$JumpToApplicationThreadServerStreamListener$1MessagesAvailable.runInContext(ServerImpl.java:686) [ratis-thirdparty-misc-0.2.0.jar:0.2.0]
	at org.apache.ratis.thirdparty.io.grpc.internal.ContextRunnable.run(ContextRunnable.java:37) [ratis-thirdparty-misc-0.2.0.jar:0.2.0]
	at org.apache.ratis.thirdparty.io.grpc.internal.SerializingExecutor.run(SerializingExecutor.java:123) [ratis-thirdparty-misc-0.2.0.jar:0.2.0]
	at java.util.concurrent.ThreadPoolExecutor.runWorker(ThreadPoolExecutor.java:1149) [?:1.8.0_212]
	at java.util.concurrent.ThreadPoolExecutor$Worker.run(ThreadPoolExecutor.java:624) [?:1.8.0_212]
	at java.lang.Thread.run(Thread.java:748) [?:1.8.0_212]
2019-09-27 22:37:11,790 [main] INFO  ozone.MiniOzoneClusterImpl (MiniOzoneClusterImpl.java:shutdown(314)) - Shutting down the Mini Ozone Cluster
2019-09-27 22:37:11,791 [main] INFO  ozone.MiniOzoneClusterImpl (MiniOzoneClusterImpl.java:stop(330)) - Stopping the Mini Ozone Cluster
2019-09-27 22:37:11,791 [main] INFO  ozone.MiniOzoneClusterImpl (MiniOzoneClusterImpl.java:stopOM(400)) - Stopping the OzoneManager
2019-09-27 22:37:11,791 [main] INFO  ipc.Server (Server.java:stop(3082)) - Stopping server on 35709
2019-09-27 22:37:11,811 [IPC Server listener on 35709] INFO  ipc.Server (Server.java:run(1185)) - Stopping IPC Server listener on 35709
2019-09-27 22:37:11,813 [IPC Server Responder] INFO  ipc.Server (Server.java:run(1319)) - Stopping IPC Server Responder
2019-09-27 22:37:11,811 [main] INFO  ratis.OzoneManagerDoubleBuffer (OzoneManagerDoubleBuffer.java:stop(248)) - Stopping OMDoubleBuffer flush thread
2019-09-27 22:37:11,837 [OMDoubleBufferFlushThread] INFO  ratis.OzoneManagerDoubleBuffer (OzoneManagerDoubleBuffer.java:flushTransactions(191)) - OMDoubleBuffer flush thread OMDoubleBufferFlushThread is interrupted and will exit. OMDoubleBufferFlushThread
2019-09-27 22:37:11,837 [main] INFO  utils.BackgroundService (BackgroundService.java:shutdown(148)) - Shutting down service KeyDeletingService
2019-09-27 22:37:11,839 [main] INFO  handler.ContextHandler (ContextHandler.java:doStop(910)) - Stopped o.e.j.w.WebAppContext@2b999ee8{/,null,UNAVAILABLE}{/ozoneManager}
2019-09-27 22:37:11,839 [main] INFO  server.AbstractConnector (AbstractConnector.java:doStop(318)) - Stopped ServerConnector@31ab1e67{HTTP/1.1,[http/1.1]}{0.0.0.0:0}
2019-09-27 22:37:11,840 [main] INFO  handler.ContextHandler (ContextHandler.java:doStop(910)) - Stopped o.e.j.s.ServletContextHandler@51888019{/static,file:///workdir/hadoop-ozone/integration-test/target/test-classes/webapps/static,UNAVAILABLE}
2019-09-27 22:37:11,840 [main] INFO  handler.ContextHandler (ContextHandler.java:doStop(910)) - Stopped o.e.j.s.ServletContextHandler@6c835217{/logs,file:///workdir/hadoop-ozone/integration-test/target/log,UNAVAILABLE}
2019-09-27 22:37:11,843 [main] INFO  ozone.MiniOzoneClusterImpl (MiniOzoneClusterImpl.java:stopDatanodes(377)) - Stopping the HddsDatanodes
2019-09-27 22:37:12,526 [Datanode State Machine Thread - 0] INFO  statemachine.DatanodeStateMachine (DatanodeStateMachine.java:lambda$startDaemon$0(350)) - Ozone container server started.
2019-09-27 22:37:12,566 [Datanode State Machine Thread - 0] INFO  statemachine.DatanodeStateMachine (DatanodeStateMachine.java:lambda$startDaemon$0(350)) - Ozone container server started.
2019-09-27 22:37:13,330 [grpc-default-executor-0] WARN  server.GrpcLogAppender (LogUtils.java:warn(134)) - f92c8218-5cc6-41a8-ba7f-0ea4b1b7a760@group-D0C946610EE2->794cf556-ac59-4769-9140-89bf84b53f53-AppendLogResponseHandler: Failed appendEntries: org.apache.ratis.thirdparty.io.grpc.StatusRuntimeException: UNAVAILABLE: io exception
2019-09-27 22:37:13,331 [grpc-default-executor-0] INFO  impl.FollowerInfo (FollowerInfo.java:lambda$new$0(51)) - f92c8218-5cc6-41a8-ba7f-0ea4b1b7a760@group-D0C946610EE2->794cf556-ac59-4769-9140-89bf84b53f53: nextIndex: updateUnconditionally 1 -> 0
2019-09-27 22:37:15,831 [grpc-default-executor-10] WARN  server.GrpcLogAppender (LogUtils.java:warn(134)) - f92c8218-5cc6-41a8-ba7f-0ea4b1b7a760@group-D0C946610EE2->794cf556-ac59-4769-9140-89bf84b53f53-AppendLogResponseHandler: Failed appendEntries: org.apache.ratis.thirdparty.io.grpc.StatusRuntimeException: UNAVAILABLE: io exception
2019-09-27 22:37:15,832 [grpc-default-executor-10] INFO  impl.FollowerInfo (FollowerInfo.java:lambda$new$0(51)) - f92c8218-5cc6-41a8-ba7f-0ea4b1b7a760@group-D0C946610EE2->794cf556-ac59-4769-9140-89bf84b53f53: nextIndex: updateUnconditionally 0 -> 0
2019-09-27 22:37:16,615 [EventQueue-StaleNodeForStaleNodeHandler] INFO  node.StaleNodeHandler (StaleNodeHandler.java:onMessage(58)) - Datanode b54e9bbc-bb9e-442d-a038-28a1f4c684be{ip: 192.168.151.84, host: pr-hdds-2019-zjk6f-2271287486, networkLocation: /default-rack, certSerialId: null} moved to stale state. Finalizing its pipelines [PipelineID=97792d3d-6152-4393-b324-881070a52971, PipelineID=c2e942b1-9951-445b-a8c9-77d7db3ac510]
2019-09-27 22:37:16,615 [EventQueue-StaleNodeForStaleNodeHandler] INFO  pipeline.SCMPipelineManager (SCMPipelineManager.java:finalizeAndDestroyPipeline(315)) - destroying pipeline:Pipeline[ Id: 97792d3d-6152-4393-b324-881070a52971, Nodes: b54e9bbc-bb9e-442d-a038-28a1f4c684be{ip: 192.168.151.84, host: pr-hdds-2019-zjk6f-2271287486, networkLocation: /default-rack, certSerialId: null}, Type:RATIS, Factor:ONE, State:OPEN]
2019-09-27 22:37:16,615 [EventQueue-StaleNodeForStaleNodeHandler] INFO  pipeline.PipelineStateManager (PipelineStateManager.java:finalizePipeline(123)) - Pipeline Pipeline[ Id: 97792d3d-6152-4393-b324-881070a52971, Nodes: b54e9bbc-bb9e-442d-a038-28a1f4c684be{ip: 192.168.151.84, host: pr-hdds-2019-zjk6f-2271287486, networkLocation: /default-rack, certSerialId: null}, Type:RATIS, Factor:ONE, State:CLOSED] moved to CLOSED state
2019-09-27 22:37:16,615 [EventQueue-StaleNodeForStaleNodeHandler] INFO  pipeline.SCMPipelineManager (SCMPipelineManager.java:finalizeAndDestroyPipeline(315)) - destroying pipeline:Pipeline[ Id: c2e942b1-9951-445b-a8c9-77d7db3ac510, Nodes: b54e9bbc-bb9e-442d-a038-28a1f4c684be{ip: 192.168.151.84, host: pr-hdds-2019-zjk6f-2271287486, networkLocation: /default-rack, certSerialId: null}a2745f55-569e-4cc9-94ac-292e693a8958{ip: 192.168.151.84, host: pr-hdds-2019-zjk6f-2271287486, networkLocation: /default-rack, certSerialId: null}e604bea6-ce93-4a71-8c7f-2b360e024367{ip: 192.168.151.84, host: pr-hdds-2019-zjk6f-2271287486, networkLocation: /default-rack, certSerialId: null}, Type:RATIS, Factor:THREE, State:OPEN]
2019-09-27 22:37:16,616 [EventQueue-StaleNodeForStaleNodeHandler] INFO  pipeline.PipelineStateManager (PipelineStateManager.java:finalizePipeline(123)) - Pipeline Pipeline[ Id: c2e942b1-9951-445b-a8c9-77d7db3ac510, Nodes: b54e9bbc-bb9e-442d-a038-28a1f4c684be{ip: 192.168.151.84, host: pr-hdds-2019-zjk6f-2271287486, networkLocation: /default-rack, certSerialId: null}a2745f55-569e-4cc9-94ac-292e693a8958{ip: 192.168.151.84, host: pr-hdds-2019-zjk6f-2271287486, networkLocation: /default-rack, certSerialId: null}e604bea6-ce93-4a71-8c7f-2b360e024367{ip: 192.168.151.84, host: pr-hdds-2019-zjk6f-2271287486, networkLocation: /default-rack, certSerialId: null}, Type:RATIS, Factor:THREE, State:CLOSED] moved to CLOSED state
2019-09-27 22:37:16,616 [EventQueue-StaleNodeForStaleNodeHandler] INFO  node.StaleNodeHandler (StaleNodeHandler.java:onMessage(58)) - Datanode f92c8218-5cc6-41a8-ba7f-0ea4b1b7a760{ip: 192.168.151.84, host: pr-hdds-2019-zjk6f-2271287486, networkLocation: /default-rack, certSerialId: null} moved to stale state. Finalizing its pipelines [PipelineID=ebb64e23-6827-4588-8708-b9cb53704209, PipelineID=9c9a10bb-7e97-470f-933b-d0c946610ee2]
2019-09-27 22:37:16,616 [EventQueue-CloseContainerForCloseContainerEventHandler] INFO  container.CloseContainerEventHandler (CloseContainerEventHandler.java:onMessage(61)) - Close container Event triggered for container : #2
2019-09-27 22:37:16,616 [EventQueue-StaleNodeForStaleNodeHandler] INFO  pipeline.SCMPipelineManager (SCMPipelineManager.java:finalizeAndDestroyPipeline(315)) - destroying pipeline:Pipeline[ Id: ebb64e23-6827-4588-8708-b9cb53704209, Nodes: f92c8218-5cc6-41a8-ba7f-0ea4b1b7a760{ip: 192.168.151.84, host: pr-hdds-2019-zjk6f-2271287486, networkLocation: /default-rack, certSerialId: null}, Type:RATIS, Factor:ONE, State:OPEN]
2019-09-27 22:37:16,620 [EventQueue-StaleNodeForStaleNodeHandler] INFO  pipeline.PipelineStateManager (PipelineStateManager.java:finalizePipeline(123)) - Pipeline Pipeline[ Id: ebb64e23-6827-4588-8708-b9cb53704209, Nodes: f92c8218-5cc6-41a8-ba7f-0ea4b1b7a760{ip: 192.168.151.84, host: pr-hdds-2019-zjk6f-2271287486, networkLocation: /default-rack, certSerialId: null}, Type:RATIS, Factor:ONE, State:CLOSED] moved to CLOSED state
2019-09-27 22:37:16,620 [EventQueue-StaleNodeForStaleNodeHandler] INFO  pipeline.SCMPipelineManager (SCMPipelineManager.java:finalizeAndDestroyPipeline(315)) - destroying pipeline:Pipeline[ Id: 9c9a10bb-7e97-470f-933b-d0c946610ee2, Nodes: 794cf556-ac59-4769-9140-89bf84b53f53{ip: 192.168.151.84, host: pr-hdds-2019-zjk6f-2271287486, networkLocation: /default-rack, certSerialId: null}3fd0793e-5fae-4540-8845-888b9218eff5{ip: 192.168.151.84, host: pr-hdds-2019-zjk6f-2271287486, networkLocation: /default-rack, certSerialId: null}f92c8218-5cc6-41a8-ba7f-0ea4b1b7a760{ip: 192.168.151.84, host: pr-hdds-2019-zjk6f-2271287486, networkLocation: /default-rack, certSerialId: null}, Type:RATIS, Factor:THREE, State:CLOSED]
2019-09-27 22:37:16,844 [ForkJoinPool.commonPool-worker-0] INFO  ozoneimpl.OzoneContainer (OzoneContainer.java:stop(231)) - Attempting to stop container services.
2019-09-27 22:37:16,844 [main] INFO  ozoneimpl.OzoneContainer (OzoneContainer.java:stop(231)) - Attempting to stop container services.
2019-09-27 22:37:16,848 [ForkJoinPool.commonPool-worker-0] INFO  impl.RaftServerProxy (RaftServerProxy.java:lambda$close$4(314)) - b54e9bbc-bb9e-442d-a038-28a1f4c684be: close
2019-09-27 22:37:16,848 [main] INFO  impl.RaftServerProxy (RaftServerProxy.java:lambda$close$4(314)) - f92c8218-5cc6-41a8-ba7f-0ea4b1b7a760: close
2019-09-27 22:37:16,849 [ForkJoinPool.commonPool-worker-0] INFO  impl.RaftServerImpl (RaftServerImpl.java:lambda$shutdown$3(251)) - b54e9bbc-bb9e-442d-a038-28a1f4c684be@group-881070A52971: shutdown
2019-09-27 22:37:16,849 [main] INFO  impl.RaftServerImpl (RaftServerImpl.java:lambda$shutdown$3(251)) - f92c8218-5cc6-41a8-ba7f-0ea4b1b7a760@group-B9CB53704209: shutdown
2019-09-27 22:37:16,849 [ForkJoinPool.commonPool-worker-0] INFO  util.JmxRegister (JmxRegister.java:unregister(73)) - Successfully un-registered JMX Bean with object name Ratis:service=RaftServer,group=group-881070A52971,id=b54e9bbc-bb9e-442d-a038-28a1f4c684be
2019-09-27 22:37:16,850 [main] INFO  util.JmxRegister (JmxRegister.java:unregister(73)) - Successfully un-registered JMX Bean with object name Ratis:service=RaftServer,group=group-B9CB53704209,id=f92c8218-5cc6-41a8-ba7f-0ea4b1b7a760
2019-09-27 22:37:16,850 [ForkJoinPool.commonPool-worker-0] INFO  impl.RoleInfo (RoleInfo.java:shutdownLeaderState(104)) - b54e9bbc-bb9e-442d-a038-28a1f4c684be: shutdown LeaderState
2019-09-27 22:37:16,851 [main] INFO  impl.RoleInfo (RoleInfo.java:shutdownLeaderState(104)) - f92c8218-5cc6-41a8-ba7f-0ea4b1b7a760: shutdown LeaderState
2019-09-27 22:37:16,851 [ForkJoinPool.commonPool-worker-0] INFO  impl.PendingRequests (PendingRequests.java:sendNotLeaderResponses(202)) - b54e9bbc-bb9e-442d-a038-28a1f4c684be-PendingRequests: sendNotLeaderResponses
2019-09-27 22:37:16,851 [main] INFO  impl.PendingRequests (PendingRequests.java:sendNotLeaderResponses(202)) - f92c8218-5cc6-41a8-ba7f-0ea4b1b7a760-PendingRequests: sendNotLeaderResponses
2019-09-27 22:37:16,852 [ForkJoinPool.commonPool-worker-0] INFO  impl.StateMachineUpdater (StateMachineUpdater.java:stopAndJoin(125)) - b54e9bbc-bb9e-442d-a038-28a1f4c684be@group-881070A52971-StateMachineUpdater: set stopIndex = 0
2019-09-27 22:37:16,852 [main] INFO  impl.StateMachineUpdater (StateMachineUpdater.java:stopAndJoin(125)) - f92c8218-5cc6-41a8-ba7f-0ea4b1b7a760@group-B9CB53704209-StateMachineUpdater: set stopIndex = 0
2019-09-27 22:37:16,853 [main] INFO  impl.RaftServerImpl (ServerState.java:close(385)) - f92c8218-5cc6-41a8-ba7f-0ea4b1b7a760@group-B9CB53704209: closes. applyIndex: 0
2019-09-27 22:37:16,852 [ForkJoinPool.commonPool-worker-0] INFO  impl.RaftServerImpl (ServerState.java:close(385)) - b54e9bbc-bb9e-442d-a038-28a1f4c684be@group-881070A52971: closes. applyIndex: 0
2019-09-27 22:37:16,854 [f92c8218-5cc6-41a8-ba7f-0ea4b1b7a760@group-B9CB53704209-SegmentedRaftLogWorker] INFO  segmented.SegmentedRaftLogWorker (SegmentedRaftLogWorker.java:run(313)) - f92c8218-5cc6-41a8-ba7f-0ea4b1b7a760@group-B9CB53704209-SegmentedRaftLogWorker was interrupted, exiting. There are 0 tasks remaining in the queue.
2019-09-27 22:37:16,854 [b54e9bbc-bb9e-442d-a038-28a1f4c684be@group-881070A52971-SegmentedRaftLogWorker] INFO  segmented.SegmentedRaftLogWorker (SegmentedRaftLogWorker.java:run(313)) - b54e9bbc-bb9e-442d-a038-28a1f4c684be@group-881070A52971-SegmentedRaftLogWorker was interrupted, exiting. There are 0 tasks remaining in the queue.
2019-09-27 22:37:16,857 [main] INFO  segmented.SegmentedRaftLogWorker (SegmentedRaftLogWorker.java:close(228)) - f92c8218-5cc6-41a8-ba7f-0ea4b1b7a760@group-B9CB53704209-SegmentedRaftLogWorker close()
2019-09-27 22:37:16,859 [ForkJoinPool.commonPool-worker-0] INFO  segmented.SegmentedRaftLogWorker (SegmentedRaftLogWorker.java:close(228)) - b54e9bbc-bb9e-442d-a038-28a1f4c684be@group-881070A52971-SegmentedRaftLogWorker close()
2019-09-27 22:37:16,864 [main] INFO  impl.RaftServerImpl (RaftServerImpl.java:lambda$shutdown$3(251)) - f92c8218-5cc6-41a8-ba7f-0ea4b1b7a760@group-D0C946610EE2: shutdown
2019-09-27 22:37:16,868 [ForkJoinPool.commonPool-worker-0] INFO  impl.RaftServerImpl (RaftServerImpl.java:lambda$shutdown$3(251)) - b54e9bbc-bb9e-442d-a038-28a1f4c684be@group-77D7DB3AC510: shutdown
2019-09-27 22:37:16,869 [main] INFO  util.JmxRegister (JmxRegister.java:unregister(73)) - Successfully un-registered JMX Bean with object name Ratis:service=RaftServer,group=group-D0C946610EE2,id=f92c8218-5cc6-41a8-ba7f-0ea4b1b7a760
2019-09-27 22:37:16,869 [ForkJoinPool.commonPool-worker-0] INFO  util.JmxRegister (JmxRegister.java:unregister(73)) - Successfully un-registered JMX Bean with object name Ratis:service=RaftServer,group=group-77D7DB3AC510,id=b54e9bbc-bb9e-442d-a038-28a1f4c684be
2019-09-27 22:37:16,869 [main] INFO  impl.RoleInfo (RoleInfo.java:shutdownLeaderState(104)) - f92c8218-5cc6-41a8-ba7f-0ea4b1b7a760: shutdown LeaderState
2019-09-27 22:37:16,870 [ForkJoinPool.commonPool-worker-0] INFO  impl.RoleInfo (RoleInfo.java:shutdownFollowerState(121)) - b54e9bbc-bb9e-442d-a038-28a1f4c684be: shutdown FollowerState
2019-09-27 22:37:16,874 [org.apache.ratis.server.impl.LogAppender$AppenderDaemon$$Lambda$503/1351569636@63fec0f8] WARN  server.GrpcLogAppender (GrpcLogAppender.java:mayWait(143)) - f92c8218-5cc6-41a8-ba7f-0ea4b1b7a760@group-D0C946610EE2->3fd0793e-5fae-4540-8845-888b9218eff5-GrpcLogAppender: Wait interrupted by java.lang.InterruptedException
2019-09-27 22:37:16,874 [org.apache.ratis.server.impl.LogAppender$AppenderDaemon$$Lambda$503/1351569636@50d5ab76] WARN  server.GrpcLogAppender (GrpcLogAppender.java:mayWait(143)) - f92c8218-5cc6-41a8-ba7f-0ea4b1b7a760@group-D0C946610EE2->794cf556-ac59-4769-9140-89bf84b53f53-GrpcLogAppender: Wait interrupted by java.lang.InterruptedException
2019-09-27 22:37:16,875 [Thread-3169] INFO  impl.FollowerState (FollowerState.java:run(115)) - b54e9bbc-bb9e-442d-a038-28a1f4c684be: FollowerState was interrupted: java.lang.InterruptedException: sleep interrupted
2019-09-27 22:37:16,874 [main] INFO  impl.PendingRequests (PendingRequests.java:sendNotLeaderResponses(202)) - f92c8218-5cc6-41a8-ba7f-0ea4b1b7a760-PendingRequests: sendNotLeaderResponses
2019-09-27 22:37:16,877 [grpc-default-executor-10] INFO  server.GrpcServerProtocolService (GrpcServerProtocolService.java:onCompleted(113)) - 3fd0793e-5fae-4540-8845-888b9218eff5: Completed APPEND_ENTRIES, lastRequest: f92c8218-5cc6-41a8-ba7f-0ea4b1b7a760->3fd0793e-5fae-4540-8845-888b9218eff5#4-t2, previous=(t:2, i:18), leaderCommit=18, initializing? false, entries: <empty>
2019-09-27 22:37:16,875 [b54e9bbc-bb9e-442d-a038-28a1f4c684be@group-77D7DB3AC510-StateMachineUpdater] INFO  ratis.ContainerStateMachine (ContainerStateMachine.java:takeSnapshot(289)) - group-77D7DB3AC510: Taking a snapshot at:(t:1, i:14) file /workdir/hadoop-ozone/integration-test/target/test-dir/MiniOzoneClusterImpl-6301c58b-4ac9-45bc-bb33-5a7d24acbbd6/datanode-1/data/ratis/c2e942b1-9951-445b-a8c9-77d7db3ac510/sm/snapshot.1_14
2019-09-27 22:37:16,880 [main] INFO  impl.StateMachineUpdater (StateMachineUpdater.java:stopAndJoin(125)) - f92c8218-5cc6-41a8-ba7f-0ea4b1b7a760@group-D0C946610EE2-StateMachineUpdater: set stopIndex = 18
2019-09-27 22:37:16,875 [ForkJoinPool.commonPool-worker-0] INFO  impl.StateMachineUpdater (StateMachineUpdater.java:stopAndJoin(125)) - b54e9bbc-bb9e-442d-a038-28a1f4c684be@group-77D7DB3AC510-StateMachineUpdater: set stopIndex = 16
2019-09-27 22:37:16,880 [grpc-default-executor-10] INFO  server.GrpcLogAppender (GrpcLogAppender.java:onCompleted(293)) - f92c8218-5cc6-41a8-ba7f-0ea4b1b7a760@group-D0C946610EE2->3fd0793e-5fae-4540-8845-888b9218eff5-AppendLogResponseHandler: follower responses appendEntries COMPLETED
2019-09-27 22:37:16,880 [f92c8218-5cc6-41a8-ba7f-0ea4b1b7a760@group-D0C946610EE2-StateMachineUpdater] INFO  ratis.ContainerStateMachine (ContainerStateMachine.java:takeSnapshot(289)) - group-D0C946610EE2: Taking a snapshot at:(t:1, i:14) file /workdir/hadoop-ozone/integration-test/target/test-dir/MiniOzoneClusterImpl-6301c58b-4ac9-45bc-bb33-5a7d24acbbd6/datanode-4/data/ratis/9c9a10bb-7e97-470f-933b-d0c946610ee2/sm/snapshot.1_14
2019-09-27 22:37:16,881 [grpc-default-executor-10] INFO  impl.FollowerInfo (FollowerInfo.java:lambda$new$0(51)) - f92c8218-5cc6-41a8-ba7f-0ea4b1b7a760@group-D0C946610EE2->3fd0793e-5fae-4540-8845-888b9218eff5: nextIndex: updateUnconditionally 19 -> 18
2019-09-27 22:37:16,906 [b54e9bbc-bb9e-442d-a038-28a1f4c684be@group-77D7DB3AC510-StateMachineUpdater] INFO  ratis.ContainerStateMachine (ContainerStateMachine.java:takeSnapshot(300)) - group-77D7DB3AC510: Finished taking a snapshot at:(t:1, i:14) file:/workdir/hadoop-ozone/integration-test/target/test-dir/MiniOzoneClusterImpl-6301c58b-4ac9-45bc-bb33-5a7d24acbbd6/datanode-1/data/ratis/c2e942b1-9951-445b-a8c9-77d7db3ac510/sm/snapshot.1_14 time:31
2019-09-27 22:37:16,906 [f92c8218-5cc6-41a8-ba7f-0ea4b1b7a760@group-D0C946610EE2-StateMachineUpdater] INFO  ratis.ContainerStateMachine (ContainerStateMachine.java:takeSnapshot(300)) - group-D0C946610EE2: Finished taking a snapshot at:(t:1, i:14) file:/workdir/hadoop-ozone/integration-test/target/test-dir/MiniOzoneClusterImpl-6301c58b-4ac9-45bc-bb33-5a7d24acbbd6/datanode-4/data/ratis/9c9a10bb-7e97-470f-933b-d0c946610ee2/sm/snapshot.1_14 time:25
2019-09-27 22:37:16,906 [b54e9bbc-bb9e-442d-a038-28a1f4c684be@group-77D7DB3AC510-StateMachineUpdater] INFO  impl.StateMachineUpdater (StateMachineUpdater.java:takeSnapshot(258)) - b54e9bbc-bb9e-442d-a038-28a1f4c684be@group-77D7DB3AC510-StateMachineUpdater: Took a snapshot at index 14
2019-09-27 22:37:16,906 [f92c8218-5cc6-41a8-ba7f-0ea4b1b7a760@group-D0C946610EE2-StateMachineUpdater] INFO  impl.StateMachineUpdater (StateMachineUpdater.java:takeSnapshot(258)) - f92c8218-5cc6-41a8-ba7f-0ea4b1b7a760@group-D0C946610EE2-StateMachineUpdater: Took a snapshot at index 14
2019-09-27 22:37:16,906 [b54e9bbc-bb9e-442d-a038-28a1f4c684be@group-77D7DB3AC510-StateMachineUpdater] INFO  impl.StateMachineUpdater (StateMachineUpdater.java:lambda$new$0(83)) - b54e9bbc-bb9e-442d-a038-28a1f4c684be@group-77D7DB3AC510-StateMachineUpdater: snapshotIndex: updateIncreasingly -1 -> 14
2019-09-27 22:37:16,906 [f92c8218-5cc6-41a8-ba7f-0ea4b1b7a760@group-D0C946610EE2-StateMachineUpdater] INFO  impl.StateMachineUpdater (StateMachineUpdater.java:lambda$new$0(83)) - f92c8218-5cc6-41a8-ba7f-0ea4b1b7a760@group-D0C946610EE2-StateMachineUpdater: snapshotIndex: updateIncreasingly -1 -> 14
2019-09-27 22:37:16,907 [f92c8218-5cc6-41a8-ba7f-0ea4b1b7a760@group-D0C946610EE2-StateMachineUpdater] INFO  ratis.ContainerStateMachine (ContainerStateMachine.java:takeSnapshot(289)) - group-D0C946610EE2: Taking a snapshot at:(t:1, i:14) file /workdir/hadoop-ozone/integration-test/target/test-dir/MiniOzoneClusterImpl-6301c58b-4ac9-45bc-bb33-5a7d24acbbd6/datanode-4/data/ratis/9c9a10bb-7e97-470f-933b-d0c946610ee2/sm/snapshot.1_14
2019-09-27 22:37:16,907 [b54e9bbc-bb9e-442d-a038-28a1f4c684be@group-77D7DB3AC510-StateMachineUpdater] INFO  ratis.ContainerStateMachine (ContainerStateMachine.java:takeSnapshot(289)) - group-77D7DB3AC510: Taking a snapshot at:(t:1, i:14) file /workdir/hadoop-ozone/integration-test/target/test-dir/MiniOzoneClusterImpl-6301c58b-4ac9-45bc-bb33-5a7d24acbbd6/datanode-1/data/ratis/c2e942b1-9951-445b-a8c9-77d7db3ac510/sm/snapshot.1_14
2019-09-27 22:37:16,920 [b54e9bbc-bb9e-442d-a038-28a1f4c684be@group-77D7DB3AC510-StateMachineUpdater] INFO  ratis.ContainerStateMachine (ContainerStateMachine.java:takeSnapshot(300)) - group-77D7DB3AC510: Finished taking a snapshot at:(t:1, i:14) file:/workdir/hadoop-ozone/integration-test/target/test-dir/MiniOzoneClusterImpl-6301c58b-4ac9-45bc-bb33-5a7d24acbbd6/datanode-1/data/ratis/c2e942b1-9951-445b-a8c9-77d7db3ac510/sm/snapshot.1_14 time:13
2019-09-27 22:37:16,920 [f92c8218-5cc6-41a8-ba7f-0ea4b1b7a760@group-D0C946610EE2-StateMachineUpdater] INFO  ratis.ContainerStateMachine (ContainerStateMachine.java:takeSnapshot(300)) - group-D0C946610EE2: Finished taking a snapshot at:(t:1, i:14) file:/workdir/hadoop-ozone/integration-test/target/test-dir/MiniOzoneClusterImpl-6301c58b-4ac9-45bc-bb33-5a7d24acbbd6/datanode-4/data/ratis/9c9a10bb-7e97-470f-933b-d0c946610ee2/sm/snapshot.1_14 time:13
2019-09-27 22:37:16,921 [b54e9bbc-bb9e-442d-a038-28a1f4c684be@group-77D7DB3AC510-StateMachineUpdater] INFO  impl.StateMachineUpdater (StateMachineUpdater.java:takeSnapshot(258)) - b54e9bbc-bb9e-442d-a038-28a1f4c684be@group-77D7DB3AC510-StateMachineUpdater: Took a snapshot at index 14
2019-09-27 22:37:16,921 [b54e9bbc-bb9e-442d-a038-28a1f4c684be@group-77D7DB3AC510-StateMachineUpdater] INFO  impl.StateMachineUpdater (StateMachineUpdater.java:lambda$new$0(83)) - b54e9bbc-bb9e-442d-a038-28a1f4c684be@group-77D7DB3AC510-StateMachineUpdater: snapshotIndex: updateIncreasingly 14 -> 14
2019-09-27 22:37:16,921 [f92c8218-5cc6-41a8-ba7f-0ea4b1b7a760@group-D0C946610EE2-StateMachineUpdater] INFO  impl.StateMachineUpdater (StateMachineUpdater.java:takeSnapshot(258)) - f92c8218-5cc6-41a8-ba7f-0ea4b1b7a760@group-D0C946610EE2-StateMachineUpdater: Took a snapshot at index 14
2019-09-27 22:37:16,921 [f92c8218-5cc6-41a8-ba7f-0ea4b1b7a760@group-D0C946610EE2-StateMachineUpdater] INFO  impl.StateMachineUpdater (StateMachineUpdater.java:lambda$new$0(83)) - f92c8218-5cc6-41a8-ba7f-0ea4b1b7a760@group-D0C946610EE2-StateMachineUpdater: snapshotIndex: updateIncreasingly 14 -> 14
2019-09-27 22:37:16,921 [ForkJoinPool.commonPool-worker-0] INFO  impl.RaftServerImpl (ServerState.java:close(385)) - b54e9bbc-bb9e-442d-a038-28a1f4c684be@group-77D7DB3AC510: closes. applyIndex: 16
2019-09-27 22:37:16,921 [main] INFO  impl.RaftServerImpl (ServerState.java:close(385)) - f92c8218-5cc6-41a8-ba7f-0ea4b1b7a760@group-D0C946610EE2: closes. applyIndex: 18
2019-09-27 22:37:16,922 [b54e9bbc-bb9e-442d-a038-28a1f4c684be@group-77D7DB3AC510-SegmentedRaftLogWorker] INFO  segmented.SegmentedRaftLogWorker (SegmentedRaftLogWorker.java:run(313)) - b54e9bbc-bb9e-442d-a038-28a1f4c684be@group-77D7DB3AC510-SegmentedRaftLogWorker was interrupted, exiting. There are 0 tasks remaining in the queue.
2019-09-27 22:37:16,922 [f92c8218-5cc6-41a8-ba7f-0ea4b1b7a760@group-D0C946610EE2-SegmentedRaftLogWorker] INFO  segmented.SegmentedRaftLogWorker (SegmentedRaftLogWorker.java:run(313)) - f92c8218-5cc6-41a8-ba7f-0ea4b1b7a760@group-D0C946610EE2-SegmentedRaftLogWorker was interrupted, exiting. There are 0 tasks remaining in the queue.
2019-09-27 22:37:16,925 [ForkJoinPool.commonPool-worker-0] INFO  segmented.SegmentedRaftLogWorker (SegmentedRaftLogWorker.java:close(228)) - b54e9bbc-bb9e-442d-a038-28a1f4c684be@group-77D7DB3AC510-SegmentedRaftLogWorker close()
2019-09-27 22:37:16,928 [main] INFO  segmented.SegmentedRaftLogWorker (SegmentedRaftLogWorker.java:close(228)) - f92c8218-5cc6-41a8-ba7f-0ea4b1b7a760@group-D0C946610EE2-SegmentedRaftLogWorker close()
2019-09-27 22:37:16,933 [ForkJoinPool.commonPool-worker-0] INFO  server.GrpcService (GrpcService.java:closeImpl(164)) - b54e9bbc-bb9e-442d-a038-28a1f4c684be: shutdown server with port 41910 now
2019-09-27 22:37:16,937 [main] INFO  server.GrpcService (GrpcService.java:closeImpl(164)) - f92c8218-5cc6-41a8-ba7f-0ea4b1b7a760: shutdown server with port 42688 now
2019-09-27 22:37:16,938 [grpc-default-executor-0] WARN  server.GrpcServerProtocolService (LogUtils.java:warn(134)) - b54e9bbc-bb9e-442d-a038-28a1f4c684be: installSnapshot onError, lastRequest: a2745f55-569e-4cc9-94ac-292e693a8958->b54e9bbc-bb9e-442d-a038-28a1f4c684be#25-t1, previous=(t:1, i:16), leaderCommit=16, initializing? false, entries: <empty>: org.apache.ratis.thirdparty.io.grpc.StatusRuntimeException: CANCELLED: cancelled before receiving half close
2019-09-27 22:37:16,938 [grpc-default-executor-9] WARN  server.GrpcLogAppender (LogUtils.java:warn(134)) - a2745f55-569e-4cc9-94ac-292e693a8958@group-77D7DB3AC510->b54e9bbc-bb9e-442d-a038-28a1f4c684be-AppendLogResponseHandler: Failed appendEntries: org.apache.ratis.thirdparty.io.grpc.StatusRuntimeException: CANCELLED: HTTP/2 error code: CANCEL
Received Rst Stream
2019-09-27 22:37:16,938 [ForkJoinPool.commonPool-worker-0] INFO  server.GrpcService (GrpcService.java:closeImpl(172)) - b54e9bbc-bb9e-442d-a038-28a1f4c684be: shutdown server with port 41910 successfully
2019-09-27 22:37:16,938 [grpc-default-executor-9] INFO  impl.FollowerInfo (FollowerInfo.java:lambda$new$0(51)) - a2745f55-569e-4cc9-94ac-292e693a8958@group-77D7DB3AC510->b54e9bbc-bb9e-442d-a038-28a1f4c684be: nextIndex: updateUnconditionally 17 -> 16
2019-09-27 22:37:16,938 [main] INFO  server.GrpcService (GrpcService.java:closeImpl(172)) - f92c8218-5cc6-41a8-ba7f-0ea4b1b7a760: shutdown server with port 42688 successfully
2019-09-27 22:37:16,941 [refreshUsed-/workdir/hadoop-ozone/integration-test/target/test-dir/MiniOzoneClusterImpl-6301c58b-4ac9-45bc-bb33-5a7d24acbbd6/datanode-1/data/containers] WARN  fs.CachingGetSpaceUsed (CachingGetSpaceUsed.java:run(183)) - Thread Interrupted waiting to refresh disk information: sleep interrupted
2019-09-27 22:37:16,941 [refreshUsed-/workdir/hadoop-ozone/integration-test/target/test-dir/MiniOzoneClusterImpl-6301c58b-4ac9-45bc-bb33-5a7d24acbbd6/datanode-4/data/containers] WARN  fs.CachingGetSpaceUsed (CachingGetSpaceUsed.java:run(183)) - Thread Interrupted waiting to refresh disk information: sleep interrupted
2019-09-27 22:37:16,959 [main] INFO  utils.BackgroundService (BackgroundService.java:shutdown(148)) - Shutting down service BlockDeletingService
2019-09-27 22:37:16,959 [ForkJoinPool.commonPool-worker-0] INFO  utils.BackgroundService (BackgroundService.java:shutdown(148)) - Shutting down service BlockDeletingService
2019-09-27 22:37:16,968 [ForkJoinPool.commonPool-worker-0] INFO  statemachine.DatanodeStateMachine (DatanodeStateMachine.java:stopDaemon(395)) - Ozone container server stopped.
2019-09-27 22:37:16,970 [main] INFO  statemachine.DatanodeStateMachine (DatanodeStateMachine.java:stopDaemon(395)) - Ozone container server stopped.
2019-09-27 22:37:16,974 [main] INFO  handler.ContextHandler (ContextHandler.java:doStop(910)) - Stopped o.e.j.w.WebAppContext@6cc48a17{/,null,UNAVAILABLE}{/hddsDatanode}
2019-09-27 22:37:16,976 [ForkJoinPool.commonPool-worker-0] INFO  handler.ContextHandler (ContextHandler.java:doStop(910)) - Stopped o.e.j.w.WebAppContext@58a3d521{/,null,UNAVAILABLE}{/hddsDatanode}
2019-09-27 22:37:16,976 [main] INFO  server.AbstractConnector (AbstractConnector.java:doStop(318)) - Stopped ServerConnector@289f15e9{HTTP/1.1,[http/1.1]}{0.0.0.0:0}
2019-09-27 22:37:16,976 [ForkJoinPool.commonPool-worker-0] INFO  server.AbstractConnector (AbstractConnector.java:doStop(318)) - Stopped ServerConnector@14d8e132{HTTP/1.1,[http/1.1]}{0.0.0.0:0}
2019-09-27 22:37:16,977 [main] INFO  handler.ContextHandler (ContextHandler.java:doStop(910)) - Stopped o.e.j.s.ServletContextHandler@9b367c8{/static,jar:file:/home/user/.m2/repository/org/apache/hadoop/hadoop-hdds-container-service/0.5.0-SNAPSHOT/hadoop-hdds-container-service-0.5.0-SNAPSHOT.jar!/webapps/static,UNAVAILABLE}
2019-09-27 22:37:16,979 [ForkJoinPool.commonPool-worker-0] INFO  handler.ContextHandler (ContextHandler.java:doStop(910)) - Stopped o.e.j.s.ServletContextHandler@497ed877{/static,jar:file:/home/user/.m2/repository/org/apache/hadoop/hadoop-hdds-container-service/0.5.0-SNAPSHOT/hadoop-hdds-container-service-0.5.0-SNAPSHOT.jar!/webapps/static,UNAVAILABLE}
2019-09-27 22:37:16,979 [main] INFO  handler.ContextHandler (ContextHandler.java:doStop(910)) - Stopped o.e.j.s.ServletContextHandler@256589a1{/logs,file:///workdir/hadoop-ozone/integration-test/target/log,UNAVAILABLE}
2019-09-27 22:37:16,981 [ForkJoinPool.commonPool-worker-0] INFO  handler.ContextHandler (ContextHandler.java:doStop(910)) - Stopped o.e.j.s.ServletContextHandler@69a5c6be{/logs,file:///workdir/hadoop-ozone/integration-test/target/log,UNAVAILABLE}
2019-09-27 22:37:17,109 [Datanode State Machine Thread - 0] INFO  statemachine.DatanodeStateMachine (DatanodeStateMachine.java:lambda$startDaemon$0(350)) - Ozone container server started.
2019-09-27 22:37:17,526 [Datanode State Machine Thread - 0] INFO  statemachine.DatanodeStateMachine (DatanodeStateMachine.java:lambda$startDaemon$0(350)) - Ozone container server started.
2019-09-27 22:37:19,314 [grpc-default-executor-0] WARN  server.GrpcLogAppender (LogUtils.java:warn(134)) - a2745f55-569e-4cc9-94ac-292e693a8958@group-77D7DB3AC510->b54e9bbc-bb9e-442d-a038-28a1f4c684be-AppendLogResponseHandler: Failed appendEntries: org.apache.ratis.thirdparty.io.grpc.StatusRuntimeException: UNAVAILABLE: io exception
2019-09-27 22:37:19,315 [grpc-default-executor-0] INFO  impl.FollowerInfo (FollowerInfo.java:lambda$new$0(51)) - a2745f55-569e-4cc9-94ac-292e693a8958@group-77D7DB3AC510->b54e9bbc-bb9e-442d-a038-28a1f4c684be: nextIndex: updateUnconditionally 16 -> 15
2019-09-27 22:37:21,121 [EventQueue-StaleNodeForStaleNodeHandler] INFO  node.StaleNodeHandler (StaleNodeHandler.java:onMessage(58)) - Datanode 05873f83-2d70-453d-9ca0-1cf68bd9743c{ip: 192.168.151.84, host: pr-hdds-2019-zjk6f-2271287486, networkLocation: /default-rack, certSerialId: null} moved to stale state. Finalizing its pipelines [PipelineID=cc9d10e4-1031-4d39-84d0-effff9182eae]
2019-09-27 22:37:21,123 [EventQueue-StaleNodeForStaleNodeHandler] INFO  pipeline.SCMPipelineManager (SCMPipelineManager.java:finalizeAndDestroyPipeline(315)) - destroying pipeline:Pipeline[ Id: cc9d10e4-1031-4d39-84d0-effff9182eae, Nodes: 05873f83-2d70-453d-9ca0-1cf68bd9743c{ip: 192.168.151.84, host: pr-hdds-2019-zjk6f-2271287486, networkLocation: /default-rack, certSerialId: null}, Type:RATIS, Factor:ONE, State:OPEN]
2019-09-27 22:37:21,124 [EventQueue-StaleNodeForStaleNodeHandler] INFO  pipeline.PipelineStateManager (PipelineStateManager.java:finalizePipeline(123)) - Pipeline Pipeline[ Id: cc9d10e4-1031-4d39-84d0-effff9182eae, Nodes: 05873f83-2d70-453d-9ca0-1cf68bd9743c{ip: 192.168.151.84, host: pr-hdds-2019-zjk6f-2271287486, networkLocation: /default-rack, certSerialId: null}, Type:RATIS, Factor:ONE, State:CLOSED] moved to CLOSED state
2019-09-27 22:37:21,621 [EventQueue-StaleNodeForStaleNodeHandler] INFO  node.StaleNodeHandler (StaleNodeHandler.java:onMessage(58)) - Datanode a2745f55-569e-4cc9-94ac-292e693a8958{ip: 192.168.151.84, host: pr-hdds-2019-zjk6f-2271287486, networkLocation: /default-rack, certSerialId: null} moved to stale state. Finalizing its pipelines [PipelineID=45d15668-6203-445f-85d0-8601e6f4e826, PipelineID=c2e942b1-9951-445b-a8c9-77d7db3ac510]
2019-09-27 22:37:21,622 [EventQueue-StaleNodeForStaleNodeHandler] INFO  pipeline.SCMPipelineManager (SCMPipelineManager.java:finalizeAndDestroyPipeline(315)) - destroying pipeline:Pipeline[ Id: 45d15668-6203-445f-85d0-8601e6f4e826, Nodes: a2745f55-569e-4cc9-94ac-292e693a8958{ip: 192.168.151.84, host: pr-hdds-2019-zjk6f-2271287486, networkLocation: /default-rack, certSerialId: null}, Type:RATIS, Factor:ONE, State:OPEN]
2019-09-27 22:37:21,622 [EventQueue-StaleNodeForStaleNodeHandler] INFO  pipeline.PipelineStateManager (PipelineStateManager.java:finalizePipeline(123)) - Pipeline Pipeline[ Id: 45d15668-6203-445f-85d0-8601e6f4e826, Nodes: a2745f55-569e-4cc9-94ac-292e693a8958{ip: 192.168.151.84, host: pr-hdds-2019-zjk6f-2271287486, networkLocation: /default-rack, certSerialId: null}, Type:RATIS, Factor:ONE, State:CLOSED] moved to CLOSED state
2019-09-27 22:37:21,622 [EventQueue-StaleNodeForStaleNodeHandler] INFO  pipeline.SCMPipelineManager (SCMPipelineManager.java:finalizeAndDestroyPipeline(315)) - destroying pipeline:Pipeline[ Id: c2e942b1-9951-445b-a8c9-77d7db3ac510, Nodes: b54e9bbc-bb9e-442d-a038-28a1f4c684be{ip: 192.168.151.84, host: pr-hdds-2019-zjk6f-2271287486, networkLocation: /default-rack, certSerialId: null}a2745f55-569e-4cc9-94ac-292e693a8958{ip: 192.168.151.84, host: pr-hdds-2019-zjk6f-2271287486, networkLocation: /default-rack, certSerialId: null}e604bea6-ce93-4a71-8c7f-2b360e024367{ip: 192.168.151.84, host: pr-hdds-2019-zjk6f-2271287486, networkLocation: /default-rack, certSerialId: null}, Type:RATIS, Factor:THREE, State:CLOSED]
2019-09-27 22:37:21,820 [grpc-default-executor-0] WARN  server.GrpcLogAppender (LogUtils.java:warn(134)) - a2745f55-569e-4cc9-94ac-292e693a8958@group-77D7DB3AC510->b54e9bbc-bb9e-442d-a038-28a1f4c684be-AppendLogResponseHandler: Failed appendEntries: org.apache.ratis.thirdparty.io.grpc.StatusRuntimeException: UNAVAILABLE: io exception
2019-09-27 22:37:21,821 [grpc-default-executor-0] INFO  impl.FollowerInfo (FollowerInfo.java:lambda$new$0(51)) - a2745f55-569e-4cc9-94ac-292e693a8958@group-77D7DB3AC510->b54e9bbc-bb9e-442d-a038-28a1f4c684be: nextIndex: updateUnconditionally 15 -> 14
2019-09-27 22:37:21,983 [ForkJoinPool.commonPool-worker-0] INFO  ozoneimpl.OzoneContainer (OzoneContainer.java:stop(231)) - Attempting to stop container services.
2019-09-27 22:37:21,983 [main] INFO  ozoneimpl.OzoneContainer (OzoneContainer.java:stop(231)) - Attempting to stop container services.
2019-09-27 22:37:21,987 [ForkJoinPool.commonPool-worker-0] INFO  impl.RaftServerProxy (RaftServerProxy.java:lambda$close$4(314)) - a2745f55-569e-4cc9-94ac-292e693a8958: close
2019-09-27 22:37:21,987 [main] INFO  impl.RaftServerProxy (RaftServerProxy.java:lambda$close$4(314)) - 05873f83-2d70-453d-9ca0-1cf68bd9743c: close
2019-09-27 22:37:21,987 [main] INFO  impl.RaftServerImpl (RaftServerImpl.java:lambda$shutdown$3(251)) - 05873f83-2d70-453d-9ca0-1cf68bd9743c@group-EFFFF9182EAE: shutdown
2019-09-27 22:37:21,987 [ForkJoinPool.commonPool-worker-0] INFO  impl.RaftServerImpl (RaftServerImpl.java:lambda$shutdown$3(251)) - a2745f55-569e-4cc9-94ac-292e693a8958@group-8601E6F4E826: shutdown
2019-09-27 22:37:21,988 [main] INFO  util.JmxRegister (JmxRegister.java:unregister(73)) - Successfully un-registered JMX Bean with object name Ratis:service=RaftServer,group=group-EFFFF9182EAE,id=05873f83-2d70-453d-9ca0-1cf68bd9743c
2019-09-27 22:37:21,988 [ForkJoinPool.commonPool-worker-0] INFO  util.JmxRegister (JmxRegister.java:unregister(73)) - Successfully un-registered JMX Bean with object name Ratis:service=RaftServer,group=group-8601E6F4E826,id=a2745f55-569e-4cc9-94ac-292e693a8958
2019-09-27 22:37:21,988 [main] INFO  impl.RoleInfo (RoleInfo.java:shutdownLeaderState(104)) - 05873f83-2d70-453d-9ca0-1cf68bd9743c: shutdown LeaderState
2019-09-27 22:37:21,988 [ForkJoinPool.commonPool-worker-0] INFO  impl.RoleInfo (RoleInfo.java:shutdownLeaderState(104)) - a2745f55-569e-4cc9-94ac-292e693a8958: shutdown LeaderState
2019-09-27 22:37:21,988 [main] INFO  impl.PendingRequests (PendingRequests.java:sendNotLeaderResponses(202)) - 05873f83-2d70-453d-9ca0-1cf68bd9743c-PendingRequests: sendNotLeaderResponses
2019-09-27 22:37:21,989 [ForkJoinPool.commonPool-worker-0] INFO  impl.PendingRequests (PendingRequests.java:sendNotLeaderResponses(202)) - a2745f55-569e-4cc9-94ac-292e693a8958-PendingRequests: sendNotLeaderResponses
2019-09-27 22:37:21,989 [main] INFO  impl.StateMachineUpdater (StateMachineUpdater.java:stopAndJoin(125)) - 05873f83-2d70-453d-9ca0-1cf68bd9743c@group-EFFFF9182EAE-StateMachineUpdater: set stopIndex = 0
2019-09-27 22:37:21,989 [ForkJoinPool.commonPool-worker-0] INFO  impl.StateMachineUpdater (StateMachineUpdater.java:stopAndJoin(125)) - a2745f55-569e-4cc9-94ac-292e693a8958@group-8601E6F4E826-StateMachineUpdater: set stopIndex = 0
2019-09-27 22:37:21,990 [ForkJoinPool.commonPool-worker-0] INFO  impl.RaftServerImpl (ServerState.java:close(385)) - a2745f55-569e-4cc9-94ac-292e693a8958@group-8601E6F4E826: closes. applyIndex: 0
2019-09-27 22:37:21,990 [main] INFO  impl.RaftServerImpl (ServerState.java:close(385)) - 05873f83-2d70-453d-9ca0-1cf68bd9743c@group-EFFFF9182EAE: closes. applyIndex: 0
2019-09-27 22:37:21,990 [a2745f55-569e-4cc9-94ac-292e693a8958@group-8601E6F4E826-SegmentedRaftLogWorker] INFO  segmented.SegmentedRaftLogWorker (SegmentedRaftLogWorker.java:run(313)) - a2745f55-569e-4cc9-94ac-292e693a8958@group-8601E6F4E826-SegmentedRaftLogWorker was interrupted, exiting. There are 0 tasks remaining in the queue.
2019-09-27 22:37:21,990 [05873f83-2d70-453d-9ca0-1cf68bd9743c@group-EFFFF9182EAE-SegmentedRaftLogWorker] INFO  segmented.SegmentedRaftLogWorker (SegmentedRaftLogWorker.java:run(313)) - 05873f83-2d70-453d-9ca0-1cf68bd9743c@group-EFFFF9182EAE-SegmentedRaftLogWorker was interrupted, exiting. There are 0 tasks remaining in the queue.
2019-09-27 22:37:21,993 [main] INFO  segmented.SegmentedRaftLogWorker (SegmentedRaftLogWorker.java:close(228)) - 05873f83-2d70-453d-9ca0-1cf68bd9743c@group-EFFFF9182EAE-SegmentedRaftLogWorker close()
2019-09-27 22:37:21,993 [ForkJoinPool.commonPool-worker-0] INFO  segmented.SegmentedRaftLogWorker (SegmentedRaftLogWorker.java:close(228)) - a2745f55-569e-4cc9-94ac-292e693a8958@group-8601E6F4E826-SegmentedRaftLogWorker close()
2019-09-27 22:37:21,996 [main] INFO  server.GrpcService (GrpcService.java:closeImpl(164)) - 05873f83-2d70-453d-9ca0-1cf68bd9743c: shutdown server with port 46697 now
2019-09-27 22:37:22,000 [ForkJoinPool.commonPool-worker-0] INFO  impl.RaftServerImpl (RaftServerImpl.java:lambda$shutdown$3(251)) - a2745f55-569e-4cc9-94ac-292e693a8958@group-77D7DB3AC510: shutdown
2019-09-27 22:37:22,001 [ForkJoinPool.commonPool-worker-0] INFO  util.JmxRegister (JmxRegister.java:unregister(73)) - Successfully un-registered JMX Bean with object name Ratis:service=RaftServer,group=group-77D7DB3AC510,id=a2745f55-569e-4cc9-94ac-292e693a8958
2019-09-27 22:37:22,001 [ForkJoinPool.commonPool-worker-0] INFO  impl.RoleInfo (RoleInfo.java:shutdownLeaderState(104)) - a2745f55-569e-4cc9-94ac-292e693a8958: shutdown LeaderState
2019-09-27 22:37:22,003 [main] INFO  server.GrpcService (GrpcService.java:closeImpl(172)) - 05873f83-2d70-453d-9ca0-1cf68bd9743c: shutdown server with port 46697 successfully
2019-09-27 22:37:22,005 [ForkJoinPool.commonPool-worker-0] INFO  impl.PendingRequests (PendingRequests.java:sendNotLeaderResponses(202)) - a2745f55-569e-4cc9-94ac-292e693a8958-PendingRequests: sendNotLeaderResponses
2019-09-27 22:37:22,006 [org.apache.ratis.server.impl.LogAppender$AppenderDaemon$$Lambda$503/1351569636@24bafa1b] WARN  server.GrpcLogAppender (GrpcLogAppender.java:mayWait(143)) - a2745f55-569e-4cc9-94ac-292e693a8958@group-77D7DB3AC510->b54e9bbc-bb9e-442d-a038-28a1f4c684be-GrpcLogAppender: Wait interrupted by java.lang.InterruptedException
2019-09-27 22:37:22,006 [org.apache.ratis.server.impl.LogAppender$AppenderDaemon$$Lambda$503/1351569636@4f88f467] WARN  server.GrpcLogAppender (GrpcLogAppender.java:mayWait(143)) - a2745f55-569e-4cc9-94ac-292e693a8958@group-77D7DB3AC510->e604bea6-ce93-4a71-8c7f-2b360e024367-GrpcLogAppender: Wait interrupted by java.lang.InterruptedException
2019-09-27 22:37:22,009 [ForkJoinPool.commonPool-worker-0] INFO  impl.StateMachineUpdater (StateMachineUpdater.java:stopAndJoin(125)) - a2745f55-569e-4cc9-94ac-292e693a8958@group-77D7DB3AC510-StateMachineUpdater: set stopIndex = 16
2019-09-27 22:37:22,010 [grpc-default-executor-9] INFO  server.GrpcServerProtocolService (GrpcServerProtocolService.java:onCompleted(113)) - e604bea6-ce93-4a71-8c7f-2b360e024367: Completed APPEND_ENTRIES, lastRequest: a2745f55-569e-4cc9-94ac-292e693a8958->e604bea6-ce93-4a71-8c7f-2b360e024367#27-t1, previous=(t:1, i:16), leaderCommit=16, initializing? false, entries: <empty>
2019-09-27 22:37:22,010 [refreshUsed-/workdir/hadoop-ozone/integration-test/target/test-dir/MiniOzoneClusterImpl-6301c58b-4ac9-45bc-bb33-5a7d24acbbd6/datanode-6/data/containers] WARN  fs.CachingGetSpaceUsed (CachingGetSpaceUsed.java:run(183)) - Thread Interrupted waiting to refresh disk information: sleep interrupted
2019-09-27 22:37:22,010 [a2745f55-569e-4cc9-94ac-292e693a8958@group-77D7DB3AC510-StateMachineUpdater] INFO  ratis.ContainerStateMachine (ContainerStateMachine.java:takeSnapshot(289)) - group-77D7DB3AC510: Taking a snapshot at:(t:1, i:14) file /workdir/hadoop-ozone/integration-test/target/test-dir/MiniOzoneClusterImpl-6301c58b-4ac9-45bc-bb33-5a7d24acbbd6/datanode-2/data/ratis/c2e942b1-9951-445b-a8c9-77d7db3ac510/sm/snapshot.1_14
2019-09-27 22:37:22,011 [grpc-default-executor-9] INFO  server.GrpcLogAppender (GrpcLogAppender.java:onCompleted(293)) - a2745f55-569e-4cc9-94ac-292e693a8958@group-77D7DB3AC510->e604bea6-ce93-4a71-8c7f-2b360e024367-AppendLogResponseHandler: follower responses appendEntries COMPLETED
2019-09-27 22:37:22,012 [grpc-default-executor-9] INFO  impl.FollowerInfo (FollowerInfo.java:lambda$new$0(51)) - a2745f55-569e-4cc9-94ac-292e693a8958@group-77D7DB3AC510->e604bea6-ce93-4a71-8c7f-2b360e024367: nextIndex: updateUnconditionally 17 -> 16
2019-09-27 22:37:22,029 [a2745f55-569e-4cc9-94ac-292e693a8958@group-77D7DB3AC510-StateMachineUpdater] INFO  ratis.ContainerStateMachine (ContainerStateMachine.java:takeSnapshot(300)) - group-77D7DB3AC510: Finished taking a snapshot at:(t:1, i:14) file:/workdir/hadoop-ozone/integration-test/target/test-dir/MiniOzoneClusterImpl-6301c58b-4ac9-45bc-bb33-5a7d24acbbd6/datanode-2/data/ratis/c2e942b1-9951-445b-a8c9-77d7db3ac510/sm/snapshot.1_14 time:19
2019-09-27 22:37:22,029 [main] INFO  utils.BackgroundService (BackgroundService.java:shutdown(148)) - Shutting down service BlockDeletingService
2019-09-27 22:37:22,029 [a2745f55-569e-4cc9-94ac-292e693a8958@group-77D7DB3AC510-StateMachineUpdater] INFO  impl.StateMachineUpdater (StateMachineUpdater.java:takeSnapshot(258)) - a2745f55-569e-4cc9-94ac-292e693a8958@group-77D7DB3AC510-StateMachineUpdater: Took a snapshot at index 14
2019-09-27 22:37:22,029 [a2745f55-569e-4cc9-94ac-292e693a8958@group-77D7DB3AC510-StateMachineUpdater] INFO  impl.StateMachineUpdater (StateMachineUpdater.java:lambda$new$0(83)) - a2745f55-569e-4cc9-94ac-292e693a8958@group-77D7DB3AC510-StateMachineUpdater: snapshotIndex: updateIncreasingly -1 -> 14
2019-09-27 22:37:22,033 [a2745f55-569e-4cc9-94ac-292e693a8958@group-77D7DB3AC510-StateMachineUpdater] INFO  ratis.ContainerStateMachine (ContainerStateMachine.java:takeSnapshot(289)) - group-77D7DB3AC510: Taking a snapshot at:(t:1, i:14) file /workdir/hadoop-ozone/integration-test/target/test-dir/MiniOzoneClusterImpl-6301c58b-4ac9-45bc-bb33-5a7d24acbbd6/datanode-2/data/ratis/c2e942b1-9951-445b-a8c9-77d7db3ac510/sm/snapshot.1_14
2019-09-27 22:37:22,034 [main] INFO  statemachine.DatanodeStateMachine (DatanodeStateMachine.java:stopDaemon(395)) - Ozone container server stopped.
2019-09-27 22:37:22,036 [main] INFO  handler.ContextHandler (ContextHandler.java:doStop(910)) - Stopped o.e.j.w.WebAppContext@4c635edc{/,null,UNAVAILABLE}{/hddsDatanode}
2019-09-27 22:37:22,038 [main] INFO  server.AbstractConnector (AbstractConnector.java:doStop(318)) - Stopped ServerConnector@4245bf68{HTTP/1.1,[http/1.1]}{0.0.0.0:0}
2019-09-27 22:37:22,039 [main] INFO  handler.ContextHandler (ContextHandler.java:doStop(910)) - Stopped o.e.j.s.ServletContextHandler@65600fb3{/static,jar:file:/home/user/.m2/repository/org/apache/hadoop/hadoop-hdds-container-service/0.5.0-SNAPSHOT/hadoop-hdds-container-service-0.5.0-SNAPSHOT.jar!/webapps/static,UNAVAILABLE}
2019-09-27 22:37:22,040 [main] INFO  handler.ContextHandler (ContextHandler.java:doStop(910)) - Stopped o.e.j.s.ServletContextHandler@73e1ecd0{/logs,file:///workdir/hadoop-ozone/integration-test/target/log,UNAVAILABLE}
2019-09-27 22:37:22,046 [a2745f55-569e-4cc9-94ac-292e693a8958@group-77D7DB3AC510-StateMachineUpdater] INFO  ratis.ContainerStateMachine (ContainerStateMachine.java:takeSnapshot(300)) - group-77D7DB3AC510: Finished taking a snapshot at:(t:1, i:14) file:/workdir/hadoop-ozone/integration-test/target/test-dir/MiniOzoneClusterImpl-6301c58b-4ac9-45bc-bb33-5a7d24acbbd6/datanode-2/data/ratis/c2e942b1-9951-445b-a8c9-77d7db3ac510/sm/snapshot.1_14 time:14
2019-09-27 22:37:22,047 [a2745f55-569e-4cc9-94ac-292e693a8958@group-77D7DB3AC510-StateMachineUpdater] INFO  impl.StateMachineUpdater (StateMachineUpdater.java:takeSnapshot(258)) - a2745f55-569e-4cc9-94ac-292e693a8958@group-77D7DB3AC510-StateMachineUpdater: Took a snapshot at index 14
2019-09-27 22:37:22,047 [a2745f55-569e-4cc9-94ac-292e693a8958@group-77D7DB3AC510-StateMachineUpdater] INFO  impl.StateMachineUpdater (StateMachineUpdater.java:lambda$new$0(83)) - a2745f55-569e-4cc9-94ac-292e693a8958@group-77D7DB3AC510-StateMachineUpdater: snapshotIndex: updateIncreasingly 14 -> 14
2019-09-27 22:37:22,047 [ForkJoinPool.commonPool-worker-0] INFO  impl.RaftServerImpl (ServerState.java:close(385)) - a2745f55-569e-4cc9-94ac-292e693a8958@group-77D7DB3AC510: closes. applyIndex: 16
2019-09-27 22:37:22,047 [a2745f55-569e-4cc9-94ac-292e693a8958@group-77D7DB3AC510-SegmentedRaftLogWorker] INFO  segmented.SegmentedRaftLogWorker (SegmentedRaftLogWorker.java:run(313)) - a2745f55-569e-4cc9-94ac-292e693a8958@group-77D7DB3AC510-SegmentedRaftLogWorker was interrupted, exiting. There are 0 tasks remaining in the queue.
2019-09-27 22:37:22,049 [ForkJoinPool.commonPool-worker-0] INFO  segmented.SegmentedRaftLogWorker (SegmentedRaftLogWorker.java:close(228)) - a2745f55-569e-4cc9-94ac-292e693a8958@group-77D7DB3AC510-SegmentedRaftLogWorker close()
2019-09-27 22:37:22,051 [ForkJoinPool.commonPool-worker-0] INFO  server.GrpcService (GrpcService.java:closeImpl(164)) - a2745f55-569e-4cc9-94ac-292e693a8958: shutdown server with port 39018 now
2019-09-27 22:37:22,051 [grpc-default-executor-0] WARN  client.GrpcClientProtocolService (LogUtils.java:warn(134)) - 1-UnorderedRequestStreamObserver1: onError: org.apache.ratis.thirdparty.io.grpc.StatusRuntimeException: CANCELLED: cancelled before receiving half close
2019-09-27 22:37:22,051 [ForkJoinPool.commonPool-worker-0] INFO  server.GrpcService (GrpcService.java:closeImpl(172)) - a2745f55-569e-4cc9-94ac-292e693a8958: shutdown server with port 39018 successfully
2019-09-27 22:37:22,056 [refreshUsed-/workdir/hadoop-ozone/integration-test/target/test-dir/MiniOzoneClusterImpl-6301c58b-4ac9-45bc-bb33-5a7d24acbbd6/datanode-2/data/containers] WARN  fs.CachingGetSpaceUsed (CachingGetSpaceUsed.java:run(183)) - Thread Interrupted waiting to refresh disk information: sleep interrupted
2019-09-27 22:37:22,068 [ForkJoinPool.commonPool-worker-0] INFO  utils.BackgroundService (BackgroundService.java:shutdown(148)) - Shutting down service BlockDeletingService
2019-09-27 22:37:22,072 [ForkJoinPool.commonPool-worker-0] INFO  statemachine.DatanodeStateMachine (DatanodeStateMachine.java:stopDaemon(395)) - Ozone container server stopped.
2019-09-27 22:37:22,075 [ForkJoinPool.commonPool-worker-0] INFO  handler.ContextHandler (ContextHandler.java:doStop(910)) - Stopped o.e.j.w.WebAppContext@1e2445f6{/,null,UNAVAILABLE}{/hddsDatanode}
2019-09-27 22:37:22,076 [ForkJoinPool.commonPool-worker-0] INFO  server.AbstractConnector (AbstractConnector.java:doStop(318)) - Stopped ServerConnector@17ec335a{HTTP/1.1,[http/1.1]}{0.0.0.0:0}
2019-09-27 22:37:22,077 [ForkJoinPool.commonPool-worker-0] INFO  handler.ContextHandler (ContextHandler.java:doStop(910)) - Stopped o.e.j.s.ServletContextHandler@5ca4dce5{/static,jar:file:/home/user/.m2/repository/org/apache/hadoop/hadoop-hdds-container-service/0.5.0-SNAPSHOT/hadoop-hdds-container-service-0.5.0-SNAPSHOT.jar!/webapps/static,UNAVAILABLE}
2019-09-27 22:37:22,078 [ForkJoinPool.commonPool-worker-0] INFO  handler.ContextHandler (ContextHandler.java:doStop(910)) - Stopped o.e.j.s.ServletContextHandler@a3cba3a{/logs,file:///workdir/hadoop-ozone/integration-test/target/log,UNAVAILABLE}
2019-09-27 22:37:22,544 [Datanode State Machine Thread - 0] INFO  statemachine.DatanodeStateMachine (DatanodeStateMachine.java:lambda$startDaemon$0(350)) - Ozone container server started.
2019-09-27 22:37:22,567 [Datanode State Machine Thread - 0] INFO  statemachine.DatanodeStateMachine (DatanodeStateMachine.java:lambda$startDaemon$0(350)) - Ozone container server started.
2019-09-27 22:37:25,978 [Thread-3299] INFO  impl.FollowerState (FollowerState.java:run(106)) - 3fd0793e-5fae-4540-8845-888b9218eff5:group-D0C946610EE2 changes to CANDIDATE, lastRpcTime:10146, electionTimeout:5060ms
2019-09-27 22:37:25,979 [Thread-3299] INFO  impl.RoleInfo (RoleInfo.java:shutdownFollowerState(121)) - 3fd0793e-5fae-4540-8845-888b9218eff5: shutdown FollowerState
2019-09-27 22:37:25,980 [Thread-3299] INFO  impl.RaftServerImpl (RaftServerImpl.java:setRole(174)) - 3fd0793e-5fae-4540-8845-888b9218eff5@group-D0C946610EE2: changes role from  FOLLOWER to CANDIDATE at term 2 for changeToCandidate
2019-09-27 22:37:25,980 [Thread-3299] INFO  impl.RoleInfo (RoleInfo.java:updateAndGet(143)) - 3fd0793e-5fae-4540-8845-888b9218eff5: start LeaderElection
2019-09-27 22:37:25,981 [3fd0793e-5fae-4540-8845-888b9218eff5@group-D0C946610EE2:LeaderElection76] INFO  impl.RaftServerImpl (ServerState.java:setLeader(253)) - 3fd0793e-5fae-4540-8845-888b9218eff5@group-D0C946610EE2: change Leader from f92c8218-5cc6-41a8-ba7f-0ea4b1b7a760 to null at term 2 for initElection
2019-09-27 22:37:26,011 [3fd0793e-5fae-4540-8845-888b9218eff5@group-D0C946610EE2:LeaderElection76] INFO  impl.LeaderElection (LeaderElection.java:askForVotes(182)) - 3fd0793e-5fae-4540-8845-888b9218eff5@group-D0C946610EE2:LeaderElection76: begin an election at term 3 for 17: [f92c8218-5cc6-41a8-ba7f-0ea4b1b7a760:192.168.151.84:42688, 3fd0793e-5fae-4540-8845-888b9218eff5:192.168.151.84:46520, 794cf556-ac59-4769-9140-89bf84b53f53:192.168.151.84:32956], old=null
2019-09-27 22:37:26,017 [3fd0793e-5fae-4540-8845-888b9218eff5@group-D0C946610EE2:LeaderElection76] INFO  impl.LeaderElection (LogUtils.java:infoOrTrace(149)) - 3fd0793e-5fae-4540-8845-888b9218eff5@group-D0C946610EE2:LeaderElection76 got exception when requesting votes: {}
java.util.concurrent.ExecutionException: org.apache.ratis.thirdparty.io.grpc.StatusRuntimeException: UNAVAILABLE: io exception
	at java.util.concurrent.FutureTask.report(FutureTask.java:122)
	at java.util.concurrent.FutureTask.get(FutureTask.java:192)
	at org.apache.ratis.server.impl.LeaderElection.waitForResults(LeaderElection.java:263)
	at org.apache.ratis.server.impl.LeaderElection.askForVotes(LeaderElection.java:201)
	at org.apache.ratis.server.impl.LeaderElection.run(LeaderElection.java:133)
	at java.lang.Thread.run(Thread.java:748)
Caused by: org.apache.ratis.thirdparty.io.grpc.StatusRuntimeException: UNAVAILABLE: io exception
	at org.apache.ratis.thirdparty.io.grpc.stub.ClientCalls.toStatusRuntimeException(ClientCalls.java:233)
	at org.apache.ratis.thirdparty.io.grpc.stub.ClientCalls.getUnchecked(ClientCalls.java:214)
	at org.apache.ratis.thirdparty.io.grpc.stub.ClientCalls.blockingUnaryCall(ClientCalls.java:139)
	at org.apache.ratis.proto.grpc.RaftServerProtocolServiceGrpc$RaftServerProtocolServiceBlockingStub.requestVote(RaftServerProtocolServiceGrpc.java:265)
	at org.apache.ratis.grpc.server.GrpcServerProtocolClient.requestVote(GrpcServerProtocolClient.java:90)
	at org.apache.ratis.grpc.server.GrpcService.requestVote(GrpcService.java:204)
	at org.apache.ratis.server.impl.LeaderElection.lambda$submitRequests$1(LeaderElection.java:238)
	at java.util.concurrent.FutureTask.run(FutureTask.java:266)
	at java.util.concurrent.Executors$RunnableAdapter.call(Executors.java:511)
	at java.util.concurrent.FutureTask.run(FutureTask.java:266)
	at java.util.concurrent.ThreadPoolExecutor.runWorker(ThreadPoolExecutor.java:1149)
	at java.util.concurrent.ThreadPoolExecutor$Worker.run(ThreadPoolExecutor.java:624)
	... 1 more
Caused by: org.apache.ratis.thirdparty.io.netty.channel.AbstractChannel$AnnotatedConnectException: Connection refused: /192.168.151.84:32956
	at sun.nio.ch.SocketChannelImpl.checkConnect(Native Method)
	at sun.nio.ch.SocketChannelImpl.finishConnect(SocketChannelImpl.java:717)
	at org.apache.ratis.thirdparty.io.netty.channel.socket.nio.NioSocketChannel.doFinishConnect(NioSocketChannel.java:327)
	at org.apache.ratis.thirdparty.io.netty.channel.nio.AbstractNioChannel$AbstractNioUnsafe.finishConnect(AbstractNioChannel.java:340)
	at org.apache.ratis.thirdparty.io.netty.channel.nio.NioEventLoop.processSelectedKey(NioEventLoop.java:632)
	at org.apache.ratis.thirdparty.io.netty.channel.nio.NioEventLoop.processSelectedKeysOptimized(NioEventLoop.java:579)
	at org.apache.ratis.thirdparty.io.netty.channel.nio.NioEventLoop.processSelectedKeys(NioEventLoop.java:496)
	at org.apache.ratis.thirdparty.io.netty.channel.nio.NioEventLoop.run(NioEventLoop.java:458)
	at org.apache.ratis.thirdparty.io.netty.util.concurrent.SingleThreadEventExecutor$5.run(SingleThreadEventExecutor.java:897)
	at org.apache.ratis.thirdparty.io.netty.util.concurrent.FastThreadLocalRunnable.run(FastThreadLocalRunnable.java:30)
	... 1 more
Caused by: java.net.ConnectException: Connection refused
	... 11 more
2019-09-27 22:37:26,019 [3fd0793e-5fae-4540-8845-888b9218eff5@group-D0C946610EE2:LeaderElection76] INFO  impl.LeaderElection (LogUtils.java:infoOrTrace(149)) - 3fd0793e-5fae-4540-8845-888b9218eff5@group-D0C946610EE2:LeaderElection76 got exception when requesting votes: {}
java.util.concurrent.ExecutionException: org.apache.ratis.thirdparty.io.grpc.StatusRuntimeException: UNAVAILABLE: io exception
	at java.util.concurrent.FutureTask.report(FutureTask.java:122)
	at java.util.concurrent.FutureTask.get(FutureTask.java:192)
	at org.apache.ratis.server.impl.LeaderElection.waitForResults(LeaderElection.java:263)
	at org.apache.ratis.server.impl.LeaderElection.askForVotes(LeaderElection.java:201)
	at org.apache.ratis.server.impl.LeaderElection.run(LeaderElection.java:133)
	at java.lang.Thread.run(Thread.java:748)
Caused by: org.apache.ratis.thirdparty.io.grpc.StatusRuntimeException: UNAVAILABLE: io exception
	at org.apache.ratis.thirdparty.io.grpc.stub.ClientCalls.toStatusRuntimeException(ClientCalls.java:233)
	at org.apache.ratis.thirdparty.io.grpc.stub.ClientCalls.getUnchecked(ClientCalls.java:214)
	at org.apache.ratis.thirdparty.io.grpc.stub.ClientCalls.blockingUnaryCall(ClientCalls.java:139)
	at org.apache.ratis.proto.grpc.RaftServerProtocolServiceGrpc$RaftServerProtocolServiceBlockingStub.requestVote(RaftServerProtocolServiceGrpc.java:265)
	at org.apache.ratis.grpc.server.GrpcServerProtocolClient.requestVote(GrpcServerProtocolClient.java:90)
	at org.apache.ratis.grpc.server.GrpcService.requestVote(GrpcService.java:204)
	at org.apache.ratis.server.impl.LeaderElection.lambda$submitRequests$1(LeaderElection.java:238)
	at java.util.concurrent.FutureTask.run(FutureTask.java:266)
	at java.util.concurrent.Executors$RunnableAdapter.call(Executors.java:511)
	at java.util.concurrent.FutureTask.run(FutureTask.java:266)
	at java.util.concurrent.ThreadPoolExecutor.runWorker(ThreadPoolExecutor.java:1149)
	at java.util.concurrent.ThreadPoolExecutor$Worker.run(ThreadPoolExecutor.java:624)
	... 1 more
Caused by: org.apache.ratis.thirdparty.io.netty.channel.AbstractChannel$AnnotatedConnectException: Connection refused: /192.168.151.84:42688
	at sun.nio.ch.SocketChannelImpl.checkConnect(Native Method)
	at sun.nio.ch.SocketChannelImpl.finishConnect(SocketChannelImpl.java:717)
	at org.apache.ratis.thirdparty.io.netty.channel.socket.nio.NioSocketChannel.doFinishConnect(NioSocketChannel.java:327)
	at org.apache.ratis.thirdparty.io.netty.channel.nio.AbstractNioChannel$AbstractNioUnsafe.finishConnect(AbstractNioChannel.java:340)
	at org.apache.ratis.thirdparty.io.netty.channel.nio.NioEventLoop.processSelectedKey(NioEventLoop.java:632)
	at org.apache.ratis.thirdparty.io.netty.channel.nio.NioEventLoop.processSelectedKeysOptimized(NioEventLoop.java:579)
	at org.apache.ratis.thirdparty.io.netty.channel.nio.NioEventLoop.processSelectedKeys(NioEventLoop.java:496)
	at org.apache.ratis.thirdparty.io.netty.channel.nio.NioEventLoop.run(NioEventLoop.java:458)
	at org.apache.ratis.thirdparty.io.netty.util.concurrent.SingleThreadEventExecutor$5.run(SingleThreadEventExecutor.java:897)
	at org.apache.ratis.thirdparty.io.netty.util.concurrent.FastThreadLocalRunnable.run(FastThreadLocalRunnable.java:30)
	... 1 more
Caused by: java.net.ConnectException: Connection refused
	... 11 more
2019-09-27 22:37:26,021 [3fd0793e-5fae-4540-8845-888b9218eff5@group-D0C946610EE2:LeaderElection76] INFO  impl.LeaderElection (LeaderElection.java:logAndReturn(56)) - 3fd0793e-5fae-4540-8845-888b9218eff5@group-D0C946610EE2:LeaderElection76: Election REJECTED; received 0 response(s) [] and 2 exception(s); 3fd0793e-5fae-4540-8845-888b9218eff5@group-D0C946610EE2:t3, leader=null, voted=3fd0793e-5fae-4540-8845-888b9218eff5, raftlog=3fd0793e-5fae-4540-8845-888b9218eff5@group-D0C946610EE2-SegmentedRaftLog:OPENED:c18,f18,i18, conf=17: [f92c8218-5cc6-41a8-ba7f-0ea4b1b7a760:192.168.151.84:42688, 3fd0793e-5fae-4540-8845-888b9218eff5:192.168.151.84:46520, 794cf556-ac59-4769-9140-89bf84b53f53:192.168.151.84:32956], old=null
2019-09-27 22:37:26,021 [3fd0793e-5fae-4540-8845-888b9218eff5@group-D0C946610EE2:LeaderElection76] INFO  impl.LeaderElection (LogUtils.java:infoOrTrace(149)) -   Exception 0: {}
java.util.concurrent.ExecutionException: org.apache.ratis.thirdparty.io.grpc.StatusRuntimeException: UNAVAILABLE: io exception
	at java.util.concurrent.FutureTask.report(FutureTask.java:122)
	at java.util.concurrent.FutureTask.get(FutureTask.java:192)
	at org.apache.ratis.server.impl.LeaderElection.waitForResults(LeaderElection.java:263)
	at org.apache.ratis.server.impl.LeaderElection.askForVotes(LeaderElection.java:201)
	at org.apache.ratis.server.impl.LeaderElection.run(LeaderElection.java:133)
	at java.lang.Thread.run(Thread.java:748)
Caused by: org.apache.ratis.thirdparty.io.grpc.StatusRuntimeException: UNAVAILABLE: io exception
	at org.apache.ratis.thirdparty.io.grpc.stub.ClientCalls.toStatusRuntimeException(ClientCalls.java:233)
	at org.apache.ratis.thirdparty.io.grpc.stub.ClientCalls.getUnchecked(ClientCalls.java:214)
	at org.apache.ratis.thirdparty.io.grpc.stub.ClientCalls.blockingUnaryCall(ClientCalls.java:139)
	at org.apache.ratis.proto.grpc.RaftServerProtocolServiceGrpc$RaftServerProtocolServiceBlockingStub.requestVote(RaftServerProtocolServiceGrpc.java:265)
	at org.apache.ratis.grpc.server.GrpcServerProtocolClient.requestVote(GrpcServerProtocolClient.java:90)
	at org.apache.ratis.grpc.server.GrpcService.requestVote(GrpcService.java:204)
	at org.apache.ratis.server.impl.LeaderElection.lambda$submitRequests$1(LeaderElection.java:238)
	at java.util.concurrent.FutureTask.run(FutureTask.java:266)
	at java.util.concurrent.Executors$RunnableAdapter.call(Executors.java:511)
	at java.util.concurrent.FutureTask.run(FutureTask.java:266)
	at java.util.concurrent.ThreadPoolExecutor.runWorker(ThreadPoolExecutor.java:1149)
	at java.util.concurrent.ThreadPoolExecutor$Worker.run(ThreadPoolExecutor.java:624)
	... 1 more
Caused by: org.apache.ratis.thirdparty.io.netty.channel.AbstractChannel$AnnotatedConnectException: Connection refused: /192.168.151.84:32956
	at sun.nio.ch.SocketChannelImpl.checkConnect(Native Method)
	at sun.nio.ch.SocketChannelImpl.finishConnect(SocketChannelImpl.java:717)
	at org.apache.ratis.thirdparty.io.netty.channel.socket.nio.NioSocketChannel.doFinishConnect(NioSocketChannel.java:327)
	at org.apache.ratis.thirdparty.io.netty.channel.nio.AbstractNioChannel$AbstractNioUnsafe.finishConnect(AbstractNioChannel.java:340)
	at org.apache.ratis.thirdparty.io.netty.channel.nio.NioEventLoop.processSelectedKey(NioEventLoop.java:632)
	at org.apache.ratis.thirdparty.io.netty.channel.nio.NioEventLoop.processSelectedKeysOptimized(NioEventLoop.java:579)
	at org.apache.ratis.thirdparty.io.netty.channel.nio.NioEventLoop.processSelectedKeys(NioEventLoop.java:496)
	at org.apache.ratis.thirdparty.io.netty.channel.nio.NioEventLoop.run(NioEventLoop.java:458)
	at org.apache.ratis.thirdparty.io.netty.util.concurrent.SingleThreadEventExecutor$5.run(SingleThreadEventExecutor.java:897)
	at org.apache.ratis.thirdparty.io.netty.util.concurrent.FastThreadLocalRunnable.run(FastThreadLocalRunnable.java:30)
	... 1 more
Caused by: java.net.ConnectException: Connection refused
	... 11 more
2019-09-27 22:37:26,021 [3fd0793e-5fae-4540-8845-888b9218eff5@group-D0C946610EE2:LeaderElection76] INFO  impl.LeaderElection (LogUtils.java:infoOrTrace(149)) -   Exception 1: {}
java.util.concurrent.ExecutionException: org.apache.ratis.thirdparty.io.grpc.StatusRuntimeException: UNAVAILABLE: io exception
	at java.util.concurrent.FutureTask.report(FutureTask.java:122)
	at java.util.concurrent.FutureTask.get(FutureTask.java:192)
	at org.apache.ratis.server.impl.LeaderElection.waitForResults(LeaderElection.java:263)
	at org.apache.ratis.server.impl.LeaderElection.askForVotes(LeaderElection.java:201)
	at org.apache.ratis.server.impl.LeaderElection.run(LeaderElection.java:133)
	at java.lang.Thread.run(Thread.java:748)
Caused by: org.apache.ratis.thirdparty.io.grpc.StatusRuntimeException: UNAVAILABLE: io exception
	at org.apache.ratis.thirdparty.io.grpc.stub.ClientCalls.toStatusRuntimeException(ClientCalls.java:233)
	at org.apache.ratis.thirdparty.io.grpc.stub.ClientCalls.getUnchecked(ClientCalls.java:214)
	at org.apache.ratis.thirdparty.io.grpc.stub.ClientCalls.blockingUnaryCall(ClientCalls.java:139)
	at org.apache.ratis.proto.grpc.RaftServerProtocolServiceGrpc$RaftServerProtocolServiceBlockingStub.requestVote(RaftServerProtocolServiceGrpc.java:265)
	at org.apache.ratis.grpc.server.GrpcServerProtocolClient.requestVote(GrpcServerProtocolClient.java:90)
	at org.apache.ratis.grpc.server.GrpcService.requestVote(GrpcService.java:204)
	at org.apache.ratis.server.impl.LeaderElection.lambda$submitRequests$1(LeaderElection.java:238)
	at java.util.concurrent.FutureTask.run(FutureTask.java:266)
	at java.util.concurrent.Executors$RunnableAdapter.call(Executors.java:511)
	at java.util.concurrent.FutureTask.run(FutureTask.java:266)
	at java.util.concurrent.ThreadPoolExecutor.runWorker(ThreadPoolExecutor.java:1149)
	at java.util.concurrent.ThreadPoolExecutor$Worker.run(ThreadPoolExecutor.java:624)
	... 1 more
Caused by: org.apache.ratis.thirdparty.io.netty.channel.AbstractChannel$AnnotatedConnectException: Connection refused: /192.168.151.84:42688
	at sun.nio.ch.SocketChannelImpl.checkConnect(Native Method)
	at sun.nio.ch.SocketChannelImpl.finishConnect(SocketChannelImpl.java:717)
	at org.apache.ratis.thirdparty.io.netty.channel.socket.nio.NioSocketChannel.doFinishConnect(NioSocketChannel.java:327)
	at org.apache.ratis.thirdparty.io.netty.channel.nio.AbstractNioChannel$AbstractNioUnsafe.finishConnect(AbstractNioChannel.java:340)
	at org.apache.ratis.thirdparty.io.netty.channel.nio.NioEventLoop.processSelectedKey(NioEventLoop.java:632)
	at org.apache.ratis.thirdparty.io.netty.channel.nio.NioEventLoop.processSelectedKeysOptimized(NioEventLoop.java:579)
	at org.apache.ratis.thirdparty.io.netty.channel.nio.NioEventLoop.processSelectedKeys(NioEventLoop.java:496)
	at org.apache.ratis.thirdparty.io.netty.channel.nio.NioEventLoop.run(NioEventLoop.java:458)
	at org.apache.ratis.thirdparty.io.netty.util.concurrent.SingleThreadEventExecutor$5.run(SingleThreadEventExecutor.java:897)
	at org.apache.ratis.thirdparty.io.netty.util.concurrent.FastThreadLocalRunnable.run(FastThreadLocalRunnable.java:30)
	... 1 more
Caused by: java.net.ConnectException: Connection refused
	... 11 more
2019-09-27 22:37:26,021 [3fd0793e-5fae-4540-8845-888b9218eff5@group-D0C946610EE2:LeaderElection76] INFO  impl.RaftServerImpl (RaftServerImpl.java:setRole(174)) - 3fd0793e-5fae-4540-8845-888b9218eff5@group-D0C946610EE2: changes role from CANDIDATE to FOLLOWER at term 3 for DISCOVERED_A_NEW_TERM
2019-09-27 22:37:26,021 [3fd0793e-5fae-4540-8845-888b9218eff5@group-D0C946610EE2:LeaderElection76] INFO  impl.RoleInfo (RoleInfo.java:shutdownLeaderElection(134)) - 3fd0793e-5fae-4540-8845-888b9218eff5: shutdown LeaderElection
2019-09-27 22:37:26,022 [3fd0793e-5fae-4540-8845-888b9218eff5@group-D0C946610EE2:LeaderElection76] INFO  impl.RoleInfo (RoleInfo.java:updateAndGet(143)) - 3fd0793e-5fae-4540-8845-888b9218eff5: start FollowerState
2019-09-27 22:37:26,631 [EventQueue-StaleNodeForStaleNodeHandler] INFO  node.StaleNodeHandler (StaleNodeHandler.java:onMessage(58)) - Datanode 3fd0793e-5fae-4540-8845-888b9218eff5{ip: 192.168.151.84, host: pr-hdds-2019-zjk6f-2271287486, networkLocation: /default-rack, certSerialId: null} moved to stale state. Finalizing its pipelines [PipelineID=814b1a22-11d8-4040-ac4b-aca0a342179c, PipelineID=9c9a10bb-7e97-470f-933b-d0c946610ee2]
2019-09-27 22:37:26,635 [EventQueue-StaleNodeForStaleNodeHandler] INFO  pipeline.SCMPipelineManager (SCMPipelineManager.java:finalizeAndDestroyPipeline(315)) - destroying pipeline:Pipeline[ Id: 814b1a22-11d8-4040-ac4b-aca0a342179c, Nodes: 3fd0793e-5fae-4540-8845-888b9218eff5{ip: 192.168.151.84, host: pr-hdds-2019-zjk6f-2271287486, networkLocation: /default-rack, certSerialId: null}, Type:RATIS, Factor:ONE, State:OPEN]
2019-09-27 22:37:26,635 [EventQueue-StaleNodeForStaleNodeHandler] INFO  pipeline.PipelineStateManager (PipelineStateManager.java:finalizePipeline(123)) - Pipeline Pipeline[ Id: 814b1a22-11d8-4040-ac4b-aca0a342179c, Nodes: 3fd0793e-5fae-4540-8845-888b9218eff5{ip: 192.168.151.84, host: pr-hdds-2019-zjk6f-2271287486, networkLocation: /default-rack, certSerialId: null}, Type:RATIS, Factor:ONE, State:CLOSED] moved to CLOSED state
2019-09-27 22:37:26,636 [EventQueue-StaleNodeForStaleNodeHandler] INFO  pipeline.SCMPipelineManager (SCMPipelineManager.java:finalizeAndDestroyPipeline(315)) - destroying pipeline:Pipeline[ Id: 9c9a10bb-7e97-470f-933b-d0c946610ee2, Nodes: 794cf556-ac59-4769-9140-89bf84b53f53{ip: 192.168.151.84, host: pr-hdds-2019-zjk6f-2271287486, networkLocation: /default-rack, certSerialId: null}3fd0793e-5fae-4540-8845-888b9218eff5{ip: 192.168.151.84, host: pr-hdds-2019-zjk6f-2271287486, networkLocation: /default-rack, certSerialId: null}f92c8218-5cc6-41a8-ba7f-0ea4b1b7a760{ip: 192.168.151.84, host: pr-hdds-2019-zjk6f-2271287486, networkLocation: /default-rack, certSerialId: null}, Type:RATIS, Factor:THREE, State:CLOSED]
2019-09-27 22:37:26,637 [EventQueue-StaleNodeForStaleNodeHandler] INFO  node.StaleNodeHandler (StaleNodeHandler.java:onMessage(58)) - Datanode e604bea6-ce93-4a71-8c7f-2b360e024367{ip: 192.168.151.84, host: pr-hdds-2019-zjk6f-2271287486, networkLocation: /default-rack, certSerialId: null} moved to stale state. Finalizing its pipelines [PipelineID=c2e942b1-9951-445b-a8c9-77d7db3ac510, PipelineID=40260125-1313-47d7-8219-c63cec06f46f]
2019-09-27 22:37:26,637 [EventQueue-StaleNodeForStaleNodeHandler] INFO  pipeline.SCMPipelineManager (SCMPipelineManager.java:finalizeAndDestroyPipeline(315)) - destroying pipeline:Pipeline[ Id: c2e942b1-9951-445b-a8c9-77d7db3ac510, Nodes: b54e9bbc-bb9e-442d-a038-28a1f4c684be{ip: 192.168.151.84, host: pr-hdds-2019-zjk6f-2271287486, networkLocation: /default-rack, certSerialId: null}a2745f55-569e-4cc9-94ac-292e693a8958{ip: 192.168.151.84, host: pr-hdds-2019-zjk6f-2271287486, networkLocation: /default-rack, certSerialId: null}e604bea6-ce93-4a71-8c7f-2b360e024367{ip: 192.168.151.84, host: pr-hdds-2019-zjk6f-2271287486, networkLocation: /default-rack, certSerialId: null}, Type:RATIS, Factor:THREE, State:CLOSED]
2019-09-27 22:37:26,637 [EventQueue-StaleNodeForStaleNodeHandler] INFO  pipeline.SCMPipelineManager (SCMPipelineManager.java:finalizeAndDestroyPipeline(315)) - destroying pipeline:Pipeline[ Id: 40260125-1313-47d7-8219-c63cec06f46f, Nodes: e604bea6-ce93-4a71-8c7f-2b360e024367{ip: 192.168.151.84, host: pr-hdds-2019-zjk6f-2271287486, networkLocation: /default-rack, certSerialId: null}, Type:RATIS, Factor:ONE, State:OPEN]
2019-09-27 22:37:26,637 [EventQueue-StaleNodeForStaleNodeHandler] INFO  pipeline.PipelineStateManager (PipelineStateManager.java:finalizePipeline(123)) - Pipeline Pipeline[ Id: 40260125-1313-47d7-8219-c63cec06f46f, Nodes: e604bea6-ce93-4a71-8c7f-2b360e024367{ip: 192.168.151.84, host: pr-hdds-2019-zjk6f-2271287486, networkLocation: /default-rack, certSerialId: null}, Type:RATIS, Factor:ONE, State:CLOSED] moved to CLOSED state
2019-09-27 22:37:27,042 [main] INFO  ozoneimpl.OzoneContainer (OzoneContainer.java:stop(231)) - Attempting to stop container services.
2019-09-27 22:37:27,046 [main] INFO  impl.RaftServerProxy (RaftServerProxy.java:lambda$close$4(314)) - 3fd0793e-5fae-4540-8845-888b9218eff5: close
2019-09-27 22:37:27,046 [main] INFO  impl.RaftServerImpl (RaftServerImpl.java:lambda$shutdown$3(251)) - 3fd0793e-5fae-4540-8845-888b9218eff5@group-ACA0A342179C: shutdown
2019-09-27 22:37:27,047 [main] INFO  util.JmxRegister (JmxRegister.java:unregister(73)) - Successfully un-registered JMX Bean with object name Ratis:service=RaftServer,group=group-ACA0A342179C,id=3fd0793e-5fae-4540-8845-888b9218eff5
2019-09-27 22:37:27,047 [main] INFO  impl.RoleInfo (RoleInfo.java:shutdownLeaderState(104)) - 3fd0793e-5fae-4540-8845-888b9218eff5: shutdown LeaderState
2019-09-27 22:37:27,048 [main] INFO  impl.PendingRequests (PendingRequests.java:sendNotLeaderResponses(202)) - 3fd0793e-5fae-4540-8845-888b9218eff5-PendingRequests: sendNotLeaderResponses
2019-09-27 22:37:27,049 [main] INFO  impl.StateMachineUpdater (StateMachineUpdater.java:stopAndJoin(125)) - 3fd0793e-5fae-4540-8845-888b9218eff5@group-ACA0A342179C-StateMachineUpdater: set stopIndex = 0
2019-09-27 22:37:27,050 [main] INFO  impl.RaftServerImpl (ServerState.java:close(385)) - 3fd0793e-5fae-4540-8845-888b9218eff5@group-ACA0A342179C: closes. applyIndex: 0
2019-09-27 22:37:27,051 [3fd0793e-5fae-4540-8845-888b9218eff5@group-ACA0A342179C-SegmentedRaftLogWorker] INFO  segmented.SegmentedRaftLogWorker (SegmentedRaftLogWorker.java:run(313)) - 3fd0793e-5fae-4540-8845-888b9218eff5@group-ACA0A342179C-SegmentedRaftLogWorker was interrupted, exiting. There are 0 tasks remaining in the queue.
2019-09-27 22:37:27,053 [main] INFO  segmented.SegmentedRaftLogWorker (SegmentedRaftLogWorker.java:close(228)) - 3fd0793e-5fae-4540-8845-888b9218eff5@group-ACA0A342179C-SegmentedRaftLogWorker close()
2019-09-27 22:37:27,056 [main] INFO  impl.RaftServerImpl (RaftServerImpl.java:lambda$shutdown$3(251)) - 3fd0793e-5fae-4540-8845-888b9218eff5@group-D0C946610EE2: shutdown
2019-09-27 22:37:27,056 [main] INFO  util.JmxRegister (JmxRegister.java:unregister(73)) - Successfully un-registered JMX Bean with object name Ratis:service=RaftServer,group=group-D0C946610EE2,id=3fd0793e-5fae-4540-8845-888b9218eff5
2019-09-27 22:37:27,056 [main] INFO  impl.RoleInfo (RoleInfo.java:shutdownFollowerState(121)) - 3fd0793e-5fae-4540-8845-888b9218eff5: shutdown FollowerState
2019-09-27 22:37:27,057 [main] INFO  impl.StateMachineUpdater (StateMachineUpdater.java:stopAndJoin(125)) - 3fd0793e-5fae-4540-8845-888b9218eff5@group-D0C946610EE2-StateMachineUpdater: set stopIndex = 18
2019-09-27 22:37:27,057 [Thread-3380] INFO  impl.FollowerState (FollowerState.java:run(115)) - 3fd0793e-5fae-4540-8845-888b9218eff5: FollowerState was interrupted: java.lang.InterruptedException: sleep interrupted
2019-09-27 22:37:27,057 [3fd0793e-5fae-4540-8845-888b9218eff5@group-D0C946610EE2-StateMachineUpdater] INFO  ratis.ContainerStateMachine (ContainerStateMachine.java:takeSnapshot(289)) - group-D0C946610EE2: Taking a snapshot at:(t:1, i:14) file /workdir/hadoop-ozone/integration-test/target/test-dir/MiniOzoneClusterImpl-6301c58b-4ac9-45bc-bb33-5a7d24acbbd6/datanode-5/data/ratis/9c9a10bb-7e97-470f-933b-d0c946610ee2/sm/snapshot.1_14
2019-09-27 22:37:27,072 [3fd0793e-5fae-4540-8845-888b9218eff5@group-D0C946610EE2-StateMachineUpdater] INFO  ratis.ContainerStateMachine (ContainerStateMachine.java:takeSnapshot(300)) - group-D0C946610EE2: Finished taking a snapshot at:(t:1, i:14) file:/workdir/hadoop-ozone/integration-test/target/test-dir/MiniOzoneClusterImpl-6301c58b-4ac9-45bc-bb33-5a7d24acbbd6/datanode-5/data/ratis/9c9a10bb-7e97-470f-933b-d0c946610ee2/sm/snapshot.1_14 time:15
2019-09-27 22:37:27,073 [3fd0793e-5fae-4540-8845-888b9218eff5@group-D0C946610EE2-StateMachineUpdater] INFO  impl.StateMachineUpdater (StateMachineUpdater.java:takeSnapshot(258)) - 3fd0793e-5fae-4540-8845-888b9218eff5@group-D0C946610EE2-StateMachineUpdater: Took a snapshot at index 14
2019-09-27 22:37:27,073 [3fd0793e-5fae-4540-8845-888b9218eff5@group-D0C946610EE2-StateMachineUpdater] INFO  impl.StateMachineUpdater (StateMachineUpdater.java:lambda$new$0(83)) - 3fd0793e-5fae-4540-8845-888b9218eff5@group-D0C946610EE2-StateMachineUpdater: snapshotIndex: updateIncreasingly -1 -> 14
2019-09-27 22:37:27,073 [3fd0793e-5fae-4540-8845-888b9218eff5@group-D0C946610EE2-StateMachineUpdater] INFO  ratis.ContainerStateMachine (ContainerStateMachine.java:takeSnapshot(289)) - group-D0C946610EE2: Taking a snapshot at:(t:1, i:14) file /workdir/hadoop-ozone/integration-test/target/test-dir/MiniOzoneClusterImpl-6301c58b-4ac9-45bc-bb33-5a7d24acbbd6/datanode-5/data/ratis/9c9a10bb-7e97-470f-933b-d0c946610ee2/sm/snapshot.1_14
2019-09-27 22:37:27,080 [ForkJoinPool.commonPool-worker-0] INFO  ozoneimpl.OzoneContainer (OzoneContainer.java:stop(231)) - Attempting to stop container services.
2019-09-27 22:37:27,080 [ForkJoinPool.commonPool-worker-0] INFO  impl.RaftServerProxy (RaftServerProxy.java:lambda$close$4(314)) - e604bea6-ce93-4a71-8c7f-2b360e024367: close
2019-09-27 22:37:27,080 [ForkJoinPool.commonPool-worker-0] INFO  impl.RaftServerImpl (RaftServerImpl.java:lambda$shutdown$3(251)) - e604bea6-ce93-4a71-8c7f-2b360e024367@group-77D7DB3AC510: shutdown
2019-09-27 22:37:27,081 [ForkJoinPool.commonPool-worker-0] INFO  util.JmxRegister (JmxRegister.java:unregister(73)) - Successfully un-registered JMX Bean with object name Ratis:service=RaftServer,group=group-77D7DB3AC510,id=e604bea6-ce93-4a71-8c7f-2b360e024367
2019-09-27 22:37:27,081 [ForkJoinPool.commonPool-worker-0] INFO  impl.RoleInfo (RoleInfo.java:shutdownFollowerState(121)) - e604bea6-ce93-4a71-8c7f-2b360e024367: shutdown FollowerState
2019-09-27 22:37:27,081 [ForkJoinPool.commonPool-worker-0] INFO  impl.StateMachineUpdater (StateMachineUpdater.java:stopAndJoin(125)) - e604bea6-ce93-4a71-8c7f-2b360e024367@group-77D7DB3AC510-StateMachineUpdater: set stopIndex = 16
2019-09-27 22:37:27,081 [Thread-3168] INFO  impl.FollowerState (FollowerState.java:run(115)) - e604bea6-ce93-4a71-8c7f-2b360e024367: FollowerState was interrupted: java.lang.InterruptedException: sleep interrupted
2019-09-27 22:37:27,081 [e604bea6-ce93-4a71-8c7f-2b360e024367@group-77D7DB3AC510-StateMachineUpdater] INFO  ratis.ContainerStateMachine (ContainerStateMachine.java:takeSnapshot(289)) - group-77D7DB3AC510: Taking a snapshot at:(t:1, i:14) file /workdir/hadoop-ozone/integration-test/target/test-dir/MiniOzoneClusterImpl-6301c58b-4ac9-45bc-bb33-5a7d24acbbd6/datanode-0/data/ratis/c2e942b1-9951-445b-a8c9-77d7db3ac510/sm/snapshot.1_14
2019-09-27 22:37:27,088 [e604bea6-ce93-4a71-8c7f-2b360e024367@group-77D7DB3AC510-StateMachineUpdater] INFO  ratis.ContainerStateMachine (ContainerStateMachine.java:takeSnapshot(300)) - group-77D7DB3AC510: Finished taking a snapshot at:(t:1, i:14) file:/workdir/hadoop-ozone/integration-test/target/test-dir/MiniOzoneClusterImpl-6301c58b-4ac9-45bc-bb33-5a7d24acbbd6/datanode-0/data/ratis/c2e942b1-9951-445b-a8c9-77d7db3ac510/sm/snapshot.1_14 time:6
2019-09-27 22:37:27,088 [3fd0793e-5fae-4540-8845-888b9218eff5@group-D0C946610EE2-StateMachineUpdater] INFO  ratis.ContainerStateMachine (ContainerStateMachine.java:takeSnapshot(300)) - group-D0C946610EE2: Finished taking a snapshot at:(t:1, i:14) file:/workdir/hadoop-ozone/integration-test/target/test-dir/MiniOzoneClusterImpl-6301c58b-4ac9-45bc-bb33-5a7d24acbbd6/datanode-5/data/ratis/9c9a10bb-7e97-470f-933b-d0c946610ee2/sm/snapshot.1_14 time:14
2019-09-27 22:37:27,088 [e604bea6-ce93-4a71-8c7f-2b360e024367@group-77D7DB3AC510-StateMachineUpdater] INFO  impl.StateMachineUpdater (StateMachineUpdater.java:takeSnapshot(258)) - e604bea6-ce93-4a71-8c7f-2b360e024367@group-77D7DB3AC510-StateMachineUpdater: Took a snapshot at index 14
2019-09-27 22:37:27,088 [3fd0793e-5fae-4540-8845-888b9218eff5@group-D0C946610EE2-StateMachineUpdater] INFO  impl.StateMachineUpdater (StateMachineUpdater.java:takeSnapshot(258)) - 3fd0793e-5fae-4540-8845-888b9218eff5@group-D0C946610EE2-StateMachineUpdater: Took a snapshot at index 14
2019-09-27 22:37:27,088 [e604bea6-ce93-4a71-8c7f-2b360e024367@group-77D7DB3AC510-StateMachineUpdater] INFO  impl.StateMachineUpdater (StateMachineUpdater.java:lambda$new$0(83)) - e604bea6-ce93-4a71-8c7f-2b360e024367@group-77D7DB3AC510-StateMachineUpdater: snapshotIndex: updateIncreasingly -1 -> 14
2019-09-27 22:37:27,088 [3fd0793e-5fae-4540-8845-888b9218eff5@group-D0C946610EE2-StateMachineUpdater] INFO  impl.StateMachineUpdater (StateMachineUpdater.java:lambda$new$0(83)) - 3fd0793e-5fae-4540-8845-888b9218eff5@group-D0C946610EE2-StateMachineUpdater: snapshotIndex: updateIncreasingly 14 -> 14
2019-09-27 22:37:27,089 [e604bea6-ce93-4a71-8c7f-2b360e024367@group-77D7DB3AC510-StateMachineUpdater] INFO  ratis.ContainerStateMachine (ContainerStateMachine.java:takeSnapshot(289)) - group-77D7DB3AC510: Taking a snapshot at:(t:1, i:14) file /workdir/hadoop-ozone/integration-test/target/test-dir/MiniOzoneClusterImpl-6301c58b-4ac9-45bc-bb33-5a7d24acbbd6/datanode-0/data/ratis/c2e942b1-9951-445b-a8c9-77d7db3ac510/sm/snapshot.1_14
2019-09-27 22:37:27,089 [main] INFO  impl.RaftServerImpl (ServerState.java:close(385)) - 3fd0793e-5fae-4540-8845-888b9218eff5@group-D0C946610EE2: closes. applyIndex: 18
2019-09-27 22:37:27,089 [3fd0793e-5fae-4540-8845-888b9218eff5@group-D0C946610EE2-SegmentedRaftLogWorker] INFO  segmented.SegmentedRaftLogWorker (SegmentedRaftLogWorker.java:run(313)) - 3fd0793e-5fae-4540-8845-888b9218eff5@group-D0C946610EE2-SegmentedRaftLogWorker was interrupted, exiting. There are 0 tasks remaining in the queue.
2019-09-27 22:37:27,091 [main] INFO  segmented.SegmentedRaftLogWorker (SegmentedRaftLogWorker.java:close(228)) - 3fd0793e-5fae-4540-8845-888b9218eff5@group-D0C946610EE2-SegmentedRaftLogWorker close()
2019-09-27 22:37:27,094 [main] INFO  server.GrpcService (GrpcService.java:closeImpl(164)) - 3fd0793e-5fae-4540-8845-888b9218eff5: shutdown server with port 46520 now
2019-09-27 22:37:27,095 [main] INFO  server.GrpcService (GrpcService.java:closeImpl(172)) - 3fd0793e-5fae-4540-8845-888b9218eff5: shutdown server with port 46520 successfully
2019-09-27 22:37:27,098 [refreshUsed-/workdir/hadoop-ozone/integration-test/target/test-dir/MiniOzoneClusterImpl-6301c58b-4ac9-45bc-bb33-5a7d24acbbd6/datanode-5/data/containers] WARN  fs.CachingGetSpaceUsed (CachingGetSpaceUsed.java:run(183)) - Thread Interrupted waiting to refresh disk information: sleep interrupted
2019-09-27 22:37:27,114 [e604bea6-ce93-4a71-8c7f-2b360e024367@group-77D7DB3AC510-StateMachineUpdater] INFO  ratis.ContainerStateMachine (ContainerStateMachine.java:takeSnapshot(300)) - group-77D7DB3AC510: Finished taking a snapshot at:(t:1, i:14) file:/workdir/hadoop-ozone/integration-test/target/test-dir/MiniOzoneClusterImpl-6301c58b-4ac9-45bc-bb33-5a7d24acbbd6/datanode-0/data/ratis/c2e942b1-9951-445b-a8c9-77d7db3ac510/sm/snapshot.1_14 time:25
2019-09-27 22:37:27,114 [e604bea6-ce93-4a71-8c7f-2b360e024367@group-77D7DB3AC510-StateMachineUpdater] INFO  impl.StateMachineUpdater (StateMachineUpdater.java:takeSnapshot(258)) - e604bea6-ce93-4a71-8c7f-2b360e024367@group-77D7DB3AC510-StateMachineUpdater: Took a snapshot at index 14
2019-09-27 22:37:27,114 [e604bea6-ce93-4a71-8c7f-2b360e024367@group-77D7DB3AC510-StateMachineUpdater] INFO  impl.StateMachineUpdater (StateMachineUpdater.java:lambda$new$0(83)) - e604bea6-ce93-4a71-8c7f-2b360e024367@group-77D7DB3AC510-StateMachineUpdater: snapshotIndex: updateIncreasingly 14 -> 14
2019-09-27 22:37:27,114 [ForkJoinPool.commonPool-worker-0] INFO  impl.RaftServerImpl (ServerState.java:close(385)) - e604bea6-ce93-4a71-8c7f-2b360e024367@group-77D7DB3AC510: closes. applyIndex: 16
2019-09-27 22:37:27,115 [e604bea6-ce93-4a71-8c7f-2b360e024367@group-77D7DB3AC510-SegmentedRaftLogWorker] INFO  segmented.SegmentedRaftLogWorker (SegmentedRaftLogWorker.java:run(313)) - e604bea6-ce93-4a71-8c7f-2b360e024367@group-77D7DB3AC510-SegmentedRaftLogWorker was interrupted, exiting. There are 0 tasks remaining in the queue.
2019-09-27 22:37:27,116 [ForkJoinPool.commonPool-worker-0] INFO  segmented.SegmentedRaftLogWorker (SegmentedRaftLogWorker.java:close(228)) - e604bea6-ce93-4a71-8c7f-2b360e024367@group-77D7DB3AC510-SegmentedRaftLogWorker close()
2019-09-27 22:37:27,121 [ForkJoinPool.commonPool-worker-0] INFO  impl.RaftServerImpl (RaftServerImpl.java:lambda$shutdown$3(251)) - e604bea6-ce93-4a71-8c7f-2b360e024367@group-C63CEC06F46F: shutdown
2019-09-27 22:37:27,121 [ForkJoinPool.commonPool-worker-0] INFO  util.JmxRegister (JmxRegister.java:unregister(73)) - Successfully un-registered JMX Bean with object name Ratis:service=RaftServer,group=group-C63CEC06F46F,id=e604bea6-ce93-4a71-8c7f-2b360e024367
2019-09-27 22:37:27,121 [ForkJoinPool.commonPool-worker-0] INFO  impl.RoleInfo (RoleInfo.java:shutdownLeaderState(104)) - e604bea6-ce93-4a71-8c7f-2b360e024367: shutdown LeaderState
2019-09-27 22:37:27,122 [ForkJoinPool.commonPool-worker-0] INFO  impl.PendingRequests (PendingRequests.java:sendNotLeaderResponses(202)) - e604bea6-ce93-4a71-8c7f-2b360e024367-PendingRequests: sendNotLeaderResponses
2019-09-27 22:37:27,122 [ForkJoinPool.commonPool-worker-0] INFO  impl.StateMachineUpdater (StateMachineUpdater.java:stopAndJoin(125)) - e604bea6-ce93-4a71-8c7f-2b360e024367@group-C63CEC06F46F-StateMachineUpdater: set stopIndex = 0
2019-09-27 22:37:27,122 [ForkJoinPool.commonPool-worker-0] INFO  impl.RaftServerImpl (ServerState.java:close(385)) - e604bea6-ce93-4a71-8c7f-2b360e024367@group-C63CEC06F46F: closes. applyIndex: 0
2019-09-27 22:37:27,122 [e604bea6-ce93-4a71-8c7f-2b360e024367@group-C63CEC06F46F-SegmentedRaftLogWorker] INFO  segmented.SegmentedRaftLogWorker (SegmentedRaftLogWorker.java:run(313)) - e604bea6-ce93-4a71-8c7f-2b360e024367@group-C63CEC06F46F-SegmentedRaftLogWorker was interrupted, exiting. There are 0 tasks remaining in the queue.
2019-09-27 22:37:27,123 [ForkJoinPool.commonPool-worker-0] INFO  segmented.SegmentedRaftLogWorker (SegmentedRaftLogWorker.java:close(228)) - e604bea6-ce93-4a71-8c7f-2b360e024367@group-C63CEC06F46F-SegmentedRaftLogWorker close()
2019-09-27 22:37:27,124 [ForkJoinPool.commonPool-worker-0] INFO  server.GrpcService (GrpcService.java:closeImpl(164)) - e604bea6-ce93-4a71-8c7f-2b360e024367: shutdown server with port 42472 now
2019-09-27 22:37:27,127 [ForkJoinPool.commonPool-worker-0] INFO  server.GrpcService (GrpcService.java:closeImpl(172)) - e604bea6-ce93-4a71-8c7f-2b360e024367: shutdown server with port 42472 successfully
2019-09-27 22:37:27,129 [main] INFO  utils.BackgroundService (BackgroundService.java:shutdown(148)) - Shutting down service BlockDeletingService
2019-09-27 22:37:27,130 [refreshUsed-/workdir/hadoop-ozone/integration-test/target/test-dir/MiniOzoneClusterImpl-6301c58b-4ac9-45bc-bb33-5a7d24acbbd6/datanode-0/data/containers] WARN  fs.CachingGetSpaceUsed (CachingGetSpaceUsed.java:run(183)) - Thread Interrupted waiting to refresh disk information: sleep interrupted
2019-09-27 22:37:27,135 [main] INFO  statemachine.DatanodeStateMachine (DatanodeStateMachine.java:stopDaemon(395)) - Ozone container server stopped.
2019-09-27 22:37:27,138 [main] INFO  handler.ContextHandler (ContextHandler.java:doStop(910)) - Stopped o.e.j.w.WebAppContext@621f23ac{/,null,UNAVAILABLE}{/hddsDatanode}
2019-09-27 22:37:27,139 [main] INFO  server.AbstractConnector (AbstractConnector.java:doStop(318)) - Stopped ServerConnector@7761e342{HTTP/1.1,[http/1.1]}{0.0.0.0:0}
2019-09-27 22:37:27,139 [main] INFO  handler.ContextHandler (ContextHandler.java:doStop(910)) - Stopped o.e.j.s.ServletContextHandler@5864e8bf{/static,jar:file:/home/user/.m2/repository/org/apache/hadoop/hadoop-hdds-container-service/0.5.0-SNAPSHOT/hadoop-hdds-container-service-0.5.0-SNAPSHOT.jar!/webapps/static,UNAVAILABLE}
2019-09-27 22:37:27,139 [main] INFO  handler.ContextHandler (ContextHandler.java:doStop(910)) - Stopped o.e.j.s.ServletContextHandler@2ab09943{/logs,file:///workdir/hadoop-ozone/integration-test/target/log,UNAVAILABLE}
2019-09-27 22:37:27,145 [ForkJoinPool.commonPool-worker-0] INFO  utils.BackgroundService (BackgroundService.java:shutdown(148)) - Shutting down service BlockDeletingService
2019-09-27 22:37:27,149 [ForkJoinPool.commonPool-worker-0] INFO  statemachine.DatanodeStateMachine (DatanodeStateMachine.java:stopDaemon(395)) - Ozone container server stopped.
2019-09-27 22:37:27,152 [ForkJoinPool.commonPool-worker-0] INFO  handler.ContextHandler (ContextHandler.java:doStop(910)) - Stopped o.e.j.w.WebAppContext@72a8361b{/,null,UNAVAILABLE}{/hddsDatanode}
2019-09-27 22:37:27,152 [ForkJoinPool.commonPool-worker-0] INFO  server.AbstractConnector (AbstractConnector.java:doStop(318)) - Stopped ServerConnector@36478bce{HTTP/1.1,[http/1.1]}{0.0.0.0:0}
2019-09-27 22:37:27,155 [ForkJoinPool.commonPool-worker-0] INFO  handler.ContextHandler (ContextHandler.java:doStop(910)) - Stopped o.e.j.s.ServletContextHandler@310d57b1{/static,jar:file:/home/user/.m2/repository/org/apache/hadoop/hadoop-hdds-container-service/0.5.0-SNAPSHOT/hadoop-hdds-container-service-0.5.0-SNAPSHOT.jar!/webapps/static,UNAVAILABLE}
2019-09-27 22:37:27,155 [ForkJoinPool.commonPool-worker-0] INFO  handler.ContextHandler (ContextHandler.java:doStop(910)) - Stopped o.e.j.s.ServletContextHandler@2055833f{/logs,file:///workdir/hadoop-ozone/integration-test/target/log,UNAVAILABLE}
2019-09-27 22:37:27,156 [main] INFO  ozone.MiniOzoneClusterImpl (MiniOzoneClusterImpl.java:stopSCM(392)) - Stopping the StorageContainerManager
2019-09-27 22:37:27,156 [main] INFO  server.StorageContainerManager (StorageContainerManager.java:stop(808)) - Stopping Replication Manager Service.
2019-09-27 22:37:27,156 [main] INFO  container.ReplicationManager (ReplicationManager.java:stop(203)) - Stopping Replication Monitor Thread.
2019-09-27 22:37:27,156 [main] INFO  server.StorageContainerManager (StorageContainerManager.java:stop(815)) - Stopping Lease Manager of the command watchers
2019-09-27 22:37:27,156 [main] INFO  server.StorageContainerManager (StorageContainerManager.java:stop(822)) - Stopping datanode service RPC server
2019-09-27 22:37:27,156 [main] INFO  server.SCMDatanodeProtocolServer (SCMDatanodeProtocolServer.java:stop(367)) - Stopping the RPC server for DataNodes
2019-09-27 22:37:27,156 [main] INFO  ipc.Server (Server.java:stop(3082)) - Stopping server on 39409
2019-09-27 22:37:27,159 [IPC Server listener on 39409] INFO  ipc.Server (Server.java:run(1185)) - Stopping IPC Server listener on 39409
2019-09-27 22:37:27,159 [IPC Server Responder] INFO  ipc.Server (Server.java:run(1319)) - Stopping IPC Server Responder
2019-09-27 22:37:27,234 [SCM Heartbeat Processing Thread - 0] WARN  node.NodeStateManager (NodeStateManager.java:scheduleNextHealthCheck(646)) - Current Thread is interrupted, shutting down HB processing thread for Node Manager.
2019-09-27 22:37:27,234 [main] INFO  server.StorageContainerManager (StorageContainerManager.java:stop(830)) - Stopping block service RPC server
2019-09-27 22:37:27,234 [main] INFO  server.SCMBlockProtocolServer (SCMBlockProtocolServer.java:stop(155)) - Stopping the RPC server for Block Protocol
2019-09-27 22:37:27,235 [main] INFO  ipc.Server (Server.java:stop(3082)) - Stopping server on 38718
2019-09-27 22:37:27,238 [IPC Server listener on 38718] INFO  ipc.Server (Server.java:run(1185)) - Stopping IPC Server listener on 38718
2019-09-27 22:37:27,239 [main] INFO  server.StorageContainerManager (StorageContainerManager.java:stop(837)) - Stopping the StorageContainerLocationProtocol RPC server
2019-09-27 22:37:27,239 [IPC Server Responder] INFO  ipc.Server (Server.java:run(1319)) - Stopping IPC Server Responder
2019-09-27 22:37:27,239 [main] INFO  server.SCMClientProtocolServer (SCMClientProtocolServer.java:stop(159)) - Stopping the RPC server for Client Protocol
2019-09-27 22:37:27,240 [main] INFO  ipc.Server (Server.java:stop(3082)) - Stopping server on 46686
2019-09-27 22:37:27,242 [main] INFO  server.StorageContainerManager (StorageContainerManager.java:stop(844)) - Stopping Storage Container Manager HTTP server.
2019-09-27 22:37:27,243 [IPC Server listener on 46686] INFO  ipc.Server (Server.java:run(1185)) - Stopping IPC Server listener on 46686
2019-09-27 22:37:27,243 [IPC Server Responder] INFO  ipc.Server (Server.java:run(1319)) - Stopping IPC Server Responder
2019-09-27 22:37:27,245 [main] INFO  handler.ContextHandler (ContextHandler.java:doStop(910)) - Stopped o.e.j.w.WebAppContext@599f1b7{/,null,UNAVAILABLE}{/scm}
2019-09-27 22:37:27,246 [main] INFO  server.AbstractConnector (AbstractConnector.java:doStop(318)) - Stopped ServerConnector@22791b75{HTTP/1.1,[http/1.1]}{0.0.0.0:0}
2019-09-27 22:37:27,247 [main] INFO  handler.ContextHandler (ContextHandler.java:doStop(910)) - Stopped o.e.j.s.ServletContextHandler@11f23038{/static,file:///workdir/hadoop-ozone/integration-test/target/test-classes/webapps/static,UNAVAILABLE}
2019-09-27 22:37:27,247 [main] INFO  handler.ContextHandler (ContextHandler.java:doStop(910)) - Stopped o.e.j.s.ServletContextHandler@14de1901{/logs,file:///workdir/hadoop-ozone/integration-test/target/log,UNAVAILABLE}
2019-09-27 22:37:27,248 [main] INFO  server.StorageContainerManager (StorageContainerManager.java:stop(855)) - Stopping Block Manager Service.
2019-09-27 22:37:27,248 [main] INFO  utils.BackgroundService (BackgroundService.java:shutdown(148)) - Shutting down service SCMBlockDeletingService
2019-09-27 22:37:27,249 [main] INFO  utils.BackgroundService (BackgroundService.java:shutdown(148)) - Shutting down service SCMBlockDeletingService
2019-09-27 22:37:27,249 [main] INFO  server.StorageContainerManager (StorageContainerManager.java:stop(877)) - Stopping SCM Event Queue.
2019-09-27 22:37:27,254 [main] INFO  impl.MetricsSystemImpl (MetricsSystemImpl.java:stop(210)) - Stopping HddsDatanode metrics system...
2019-09-27 22:37:27,280 [main] INFO  impl.MetricsSystemImpl (MetricsSystemImpl.java:stop(216)) - HddsDatanode metrics system stopped.
]]></system-out>
    <system-err><![CDATA[Sep 27, 2019 10:37:08 PM org.apache.ratis.thirdparty.io.grpc.internal.ManagedChannelOrphanWrapper$ManagedChannelReference cleanQueue
SEVERE: *~*~*~ Channel ManagedChannelImpl{logId=2843, target=192.168.151.84:41936} was not shutdown properly!!! ~*~*~*
    Make sure to call shutdown()/shutdownNow() and wait until awaitTermination() returns true.
java.lang.RuntimeException: ManagedChannel allocation site
	at org.apache.ratis.thirdparty.io.grpc.internal.ManagedChannelOrphanWrapper$ManagedChannelReference.<init>(ManagedChannelOrphanWrapper.java:103)
	at org.apache.ratis.thirdparty.io.grpc.internal.ManagedChannelOrphanWrapper.<init>(ManagedChannelOrphanWrapper.java:53)
	at org.apache.ratis.thirdparty.io.grpc.internal.ManagedChannelOrphanWrapper.<init>(ManagedChannelOrphanWrapper.java:44)
	at org.apache.ratis.thirdparty.io.grpc.internal.AbstractManagedChannelImplBuilder.build(AbstractManagedChannelImplBuilder.java:411)
	at org.apache.ratis.grpc.client.GrpcClientProtocolClient.<init>(GrpcClientProtocolClient.java:127)
	at org.apache.ratis.grpc.client.GrpcClientRpc.lambda$new$0(GrpcClientRpc.java:55)
	at org.apache.ratis.util.PeerProxyMap$PeerAndProxy.lambda$getProxy$0(PeerProxyMap.java:61)
	at org.apache.ratis.util.LifeCycle.startAndTransition(LifeCycle.java:202)
	at org.apache.ratis.util.PeerProxyMap$PeerAndProxy.getProxy(PeerProxyMap.java:60)
	at org.apache.ratis.util.PeerProxyMap.getProxy(PeerProxyMap.java:108)
	at org.apache.ratis.grpc.client.GrpcClientRpc.sendRequestAsync(GrpcClientRpc.java:66)
	at org.apache.ratis.client.impl.OrderedAsync.sendRequest(OrderedAsync.java:208)
	at org.apache.ratis.client.impl.OrderedAsync.sendRequestWithRetry(OrderedAsync.java:169)
	at org.apache.ratis.util.SlidingWindow$Client.sendOrDelayRequest(SlidingWindow.java:278)
	at org.apache.ratis.util.SlidingWindow$Client.submitNewRequest(SlidingWindow.java:257)
	at org.apache.ratis.client.impl.OrderedAsync.send(OrderedAsync.java:155)
	at org.apache.ratis.client.impl.RaftClientImpl.sendAsync(RaftClientImpl.java:144)
	at org.apache.ratis.client.impl.RaftClientImpl.sendAsync(RaftClientImpl.java:124)
	at org.apache.hadoop.hdds.scm.XceiverClientRatis.sendRequestAsync(XceiverClientRatis.java:234)
	at org.apache.hadoop.hdds.scm.XceiverClientRatis.sendCommandAsync(XceiverClientRatis.java:332)
	at org.apache.hadoop.hdds.scm.storage.ContainerProtocolCalls.writeChunkAsync(ContainerProtocolCalls.java:310)
	at org.apache.hadoop.hdds.scm.storage.BlockOutputStream.writeChunkToContainer(BlockOutputStream.java:601)
	at org.apache.hadoop.hdds.scm.storage.BlockOutputStream.writeChunk(BlockOutputStream.java:459)
	at org.apache.hadoop.hdds.scm.storage.BlockOutputStream.writeOnRetry(BlockOutputStream.java:285)
	at org.apache.hadoop.ozone.client.io.BlockOutputStreamEntry.writeOnRetry(BlockOutputStreamEntry.java:200)
	at org.apache.hadoop.ozone.client.io.KeyOutputStream.handleWrite(KeyOutputStream.java:206)
	at org.apache.hadoop.ozone.client.io.KeyOutputStream.handleRetry(KeyOutputStream.java:375)
	at org.apache.hadoop.ozone.client.io.KeyOutputStream.handleException(KeyOutputStream.java:324)
	at org.apache.hadoop.ozone.client.io.KeyOutputStream.handleFlushOrClose(KeyOutputStream.java:449)
	at org.apache.hadoop.ozone.client.io.KeyOutputStream.handleWrite(KeyOutputStream.java:232)
	at org.apache.hadoop.ozone.client.io.KeyOutputStream.write(KeyOutputStream.java:190)
	at org.apache.hadoop.ozone.client.io.OzoneOutputStream.write(OzoneOutputStream.java:49)
	at java.io.OutputStream.write(OutputStream.java:75)
	at org.apache.hadoop.ozone.client.rpc.TestBlockOutputStreamWithFailures.testWatchForCommitWithSingleNodeRatis(TestBlockOutputStreamWithFailures.java:885)
	at sun.reflect.NativeMethodAccessorImpl.invoke0(Native Method)
	at sun.reflect.NativeMethodAccessorImpl.invoke(NativeMethodAccessorImpl.java:62)
	at sun.reflect.DelegatingMethodAccessorImpl.invoke(DelegatingMethodAccessorImpl.java:43)
	at java.lang.reflect.Method.invoke(Method.java:498)
	at org.junit.runners.model.FrameworkMethod$1.runReflectiveCall(FrameworkMethod.java:47)
	at org.junit.internal.runners.model.ReflectiveCallable.run(ReflectiveCallable.java:12)
	at org.junit.runners.model.FrameworkMethod.invokeExplosively(FrameworkMethod.java:44)
	at org.junit.internal.runners.statements.InvokeMethod.evaluate(InvokeMethod.java:17)
	at org.junit.internal.runners.statements.RunBefores.evaluate(RunBefores.java:26)
	at org.junit.internal.runners.statements.RunAfters.evaluate(RunAfters.java:27)
	at org.junit.runners.ParentRunner.runLeaf(ParentRunner.java:271)
	at org.junit.runners.BlockJUnit4ClassRunner.runChild(BlockJUnit4ClassRunner.java:70)
	at org.junit.runners.BlockJUnit4ClassRunner.runChild(BlockJUnit4ClassRunner.java:50)
	at org.junit.runners.ParentRunner$3.run(ParentRunner.java:238)
	at org.junit.runners.ParentRunner$1.schedule(ParentRunner.java:63)
	at org.junit.runners.ParentRunner.runChildren(ParentRunner.java:236)
	at org.junit.runners.ParentRunner.access$000(ParentRunner.java:53)
	at org.junit.runners.ParentRunner$2.evaluate(ParentRunner.java:229)
	at org.junit.runners.ParentRunner.run(ParentRunner.java:309)
	at org.apache.maven.surefire.junit4.JUnit4Provider.execute(JUnit4Provider.java:365)
	at org.apache.maven.surefire.junit4.JUnit4Provider.executeWithRerun(JUnit4Provider.java:273)
	at org.apache.maven.surefire.junit4.JUnit4Provider.executeTestSet(JUnit4Provider.java:238)
	at org.apache.maven.surefire.junit4.JUnit4Provider.invoke(JUnit4Provider.java:159)
	at org.apache.maven.surefire.booter.ForkedBooter.invokeProviderInSameClassLoader(ForkedBooter.java:384)
	at org.apache.maven.surefire.booter.ForkedBooter.runSuitesInProcess(ForkedBooter.java:345)
	at org.apache.maven.surefire.booter.ForkedBooter.execute(ForkedBooter.java:126)
	at org.apache.maven.surefire.booter.ForkedBooter.main(ForkedBooter.java:418)

Sep 27, 2019 10:37:08 PM org.apache.ratis.thirdparty.io.grpc.internal.ManagedChannelOrphanWrapper$ManagedChannelReference cleanQueue
SEVERE: *~*~*~ Channel ManagedChannelImpl{logId=2838, target=192.168.151.84:33223} was not shutdown properly!!! ~*~*~*
    Make sure to call shutdown()/shutdownNow() and wait until awaitTermination() returns true.
java.lang.RuntimeException: ManagedChannel allocation site
	at org.apache.ratis.thirdparty.io.grpc.internal.ManagedChannelOrphanWrapper$ManagedChannelReference.<init>(ManagedChannelOrphanWrapper.java:103)
	at org.apache.ratis.thirdparty.io.grpc.internal.ManagedChannelOrphanWrapper.<init>(ManagedChannelOrphanWrapper.java:53)
	at org.apache.ratis.thirdparty.io.grpc.internal.ManagedChannelOrphanWrapper.<init>(ManagedChannelOrphanWrapper.java:44)
	at org.apache.ratis.thirdparty.io.grpc.internal.AbstractManagedChannelImplBuilder.build(AbstractManagedChannelImplBuilder.java:411)
	at org.apache.ratis.grpc.client.GrpcClientProtocolClient.<init>(GrpcClientProtocolClient.java:127)
	at org.apache.ratis.grpc.client.GrpcClientRpc.lambda$new$0(GrpcClientRpc.java:55)
	at org.apache.ratis.util.PeerProxyMap$PeerAndProxy.lambda$getProxy$0(PeerProxyMap.java:61)
	at org.apache.ratis.util.LifeCycle.startAndTransition(LifeCycle.java:202)
	at org.apache.ratis.util.PeerProxyMap$PeerAndProxy.getProxy(PeerProxyMap.java:60)
	at org.apache.ratis.util.PeerProxyMap.getProxy(PeerProxyMap.java:108)
	at org.apache.ratis.grpc.client.GrpcClientRpc.sendRequestAsync(GrpcClientRpc.java:66)
	at org.apache.ratis.client.impl.OrderedAsync.sendRequest(OrderedAsync.java:208)
	at org.apache.ratis.client.impl.OrderedAsync.sendRequestWithRetry(OrderedAsync.java:169)
	at org.apache.ratis.util.SlidingWindow$Client.sendOrDelayRequest(SlidingWindow.java:278)
	at org.apache.ratis.util.SlidingWindow$Client.retry(SlidingWindow.java:294)
	at org.apache.ratis.client.impl.OrderedAsync.lambda$scheduleWithTimeout$7(OrderedAsync.java:195)
	at org.apache.ratis.util.TimeoutScheduler.lambda$onTimeout$0(TimeoutScheduler.java:113)
	at org.apache.ratis.util.TimeoutScheduler.lambda$onTimeout$1(TimeoutScheduler.java:133)
	at org.apache.ratis.util.LogUtils.runAndLog(LogUtils.java:50)
	at org.apache.ratis.util.LogUtils$1.run(LogUtils.java:91)
	at java.util.concurrent.Executors$RunnableAdapter.call(Executors.java:511)
	at java.util.concurrent.FutureTask.run(FutureTask.java:266)
	at java.util.concurrent.ScheduledThreadPoolExecutor$ScheduledFutureTask.access$201(ScheduledThreadPoolExecutor.java:180)
	at java.util.concurrent.ScheduledThreadPoolExecutor$ScheduledFutureTask.run(ScheduledThreadPoolExecutor.java:293)
	at java.util.concurrent.ThreadPoolExecutor.runWorker(ThreadPoolExecutor.java:1149)
	at java.util.concurrent.ThreadPoolExecutor$Worker.run(ThreadPoolExecutor.java:624)
	at java.lang.Thread.run(Thread.java:748)

Sep 27, 2019 10:37:08 PM org.apache.ratis.thirdparty.io.grpc.internal.ManagedChannelOrphanWrapper$ManagedChannelReference cleanQueue
SEVERE: *~*~*~ Channel ManagedChannelImpl{logId=2630, target=192.168.151.84:40875} was not shutdown properly!!! ~*~*~*
    Make sure to call shutdown()/shutdownNow() and wait until awaitTermination() returns true.
java.lang.RuntimeException: ManagedChannel allocation site
	at org.apache.ratis.thirdparty.io.grpc.internal.ManagedChannelOrphanWrapper$ManagedChannelReference.<init>(ManagedChannelOrphanWrapper.java:103)
	at org.apache.ratis.thirdparty.io.grpc.internal.ManagedChannelOrphanWrapper.<init>(ManagedChannelOrphanWrapper.java:53)
	at org.apache.ratis.thirdparty.io.grpc.internal.ManagedChannelOrphanWrapper.<init>(ManagedChannelOrphanWrapper.java:44)
	at org.apache.ratis.thirdparty.io.grpc.internal.AbstractManagedChannelImplBuilder.build(AbstractManagedChannelImplBuilder.java:411)
	at org.apache.hadoop.hdds.scm.XceiverClientGrpc.connectToDatanode(XceiverClientGrpc.java:181)
	at org.apache.hadoop.hdds.scm.XceiverClientGrpc.reconnect(XceiverClientGrpc.java:429)
	at org.apache.hadoop.hdds.scm.XceiverClientGrpc.sendCommandAsync(XceiverClientGrpc.java:378)
	at org.apache.hadoop.hdds.scm.XceiverClientGrpc.sendCommandWithRetry(XceiverClientGrpc.java:291)
	at org.apache.hadoop.hdds.scm.XceiverClientGrpc.sendCommandWithTraceIDAndRetry(XceiverClientGrpc.java:257)
	at org.apache.hadoop.hdds.scm.XceiverClientGrpc.sendCommand(XceiverClientGrpc.java:240)
	at org.apache.hadoop.hdds.scm.storage.ContainerProtocolCalls.getBlock(ContainerProtocolCalls.java:118)
	at org.apache.hadoop.hdds.scm.storage.BlockInputStream.getChunkInfos(BlockInputStream.java:167)
	at org.apache.hadoop.hdds.scm.storage.BlockInputStream.initialize(BlockInputStream.java:118)
	at org.apache.hadoop.hdds.scm.storage.BlockInputStream.read(BlockInputStream.java:222)
	at org.apache.hadoop.ozone.client.io.KeyInputStream.read(KeyInputStream.java:171)
	at org.apache.hadoop.ozone.client.io.OzoneInputStream.read(OzoneInputStream.java:47)
	at java.io.InputStream.read(InputStream.java:101)
	at org.apache.hadoop.ozone.container.ContainerTestHelper.validateData(ContainerTestHelper.java:714)
	at org.apache.hadoop.ozone.client.rpc.TestBlockOutputStreamWithFailures.validateData(TestBlockOutputStreamWithFailures.java:1216)
	at org.apache.hadoop.ozone.client.rpc.TestBlockOutputStreamWithFailures.testDatanodeFailureWithSingleNodeRatis(TestBlockOutputStreamWithFailures.java:1058)
	at sun.reflect.NativeMethodAccessorImpl.invoke0(Native Method)
	at sun.reflect.NativeMethodAccessorImpl.invoke(NativeMethodAccessorImpl.java:62)
	at sun.reflect.DelegatingMethodAccessorImpl.invoke(DelegatingMethodAccessorImpl.java:43)
	at java.lang.reflect.Method.invoke(Method.java:498)
	at org.junit.runners.model.FrameworkMethod$1.runReflectiveCall(FrameworkMethod.java:47)
	at org.junit.internal.runners.model.ReflectiveCallable.run(ReflectiveCallable.java:12)
	at org.junit.runners.model.FrameworkMethod.invokeExplosively(FrameworkMethod.java:44)
	at org.junit.internal.runners.statements.InvokeMethod.evaluate(InvokeMethod.java:17)
	at org.junit.internal.runners.statements.RunBefores.evaluate(RunBefores.java:26)
	at org.junit.internal.runners.statements.RunAfters.evaluate(RunAfters.java:27)
	at org.junit.runners.ParentRunner.runLeaf(ParentRunner.java:271)
	at org.junit.runners.BlockJUnit4ClassRunner.runChild(BlockJUnit4ClassRunner.java:70)
	at org.junit.runners.BlockJUnit4ClassRunner.runChild(BlockJUnit4ClassRunner.java:50)
	at org.junit.runners.ParentRunner$3.run(ParentRunner.java:238)
	at org.junit.runners.ParentRunner$1.schedule(ParentRunner.java:63)
	at org.junit.runners.ParentRunner.runChildren(ParentRunner.java:236)
	at org.junit.runners.ParentRunner.access$000(ParentRunner.java:53)
	at org.junit.runners.ParentRunner$2.evaluate(ParentRunner.java:229)
	at org.junit.runners.ParentRunner.run(ParentRunner.java:309)
	at org.apache.maven.surefire.junit4.JUnit4Provider.execute(JUnit4Provider.java:365)
	at org.apache.maven.surefire.junit4.JUnit4Provider.executeWithRerun(JUnit4Provider.java:273)
	at org.apache.maven.surefire.junit4.JUnit4Provider.executeTestSet(JUnit4Provider.java:238)
	at org.apache.maven.surefire.junit4.JUnit4Provider.invoke(JUnit4Provider.java:159)
	at org.apache.maven.surefire.booter.ForkedBooter.invokeProviderInSameClassLoader(ForkedBooter.java:384)
	at org.apache.maven.surefire.booter.ForkedBooter.runSuitesInProcess(ForkedBooter.java:345)
	at org.apache.maven.surefire.booter.ForkedBooter.execute(ForkedBooter.java:126)
	at org.apache.maven.surefire.booter.ForkedBooter.main(ForkedBooter.java:418)

Sep 27, 2019 10:37:08 PM org.apache.ratis.thirdparty.io.grpc.internal.ManagedChannelOrphanWrapper$ManagedChannelReference cleanQueue
SEVERE: *~*~*~ Channel ManagedChannelImpl{logId=2635, target=192.168.151.84:41282} was not shutdown properly!!! ~*~*~*
    Make sure to call shutdown()/shutdownNow() and wait until awaitTermination() returns true.
java.lang.RuntimeException: ManagedChannel allocation site
	at org.apache.ratis.thirdparty.io.grpc.internal.ManagedChannelOrphanWrapper$ManagedChannelReference.<init>(ManagedChannelOrphanWrapper.java:103)
	at org.apache.ratis.thirdparty.io.grpc.internal.ManagedChannelOrphanWrapper.<init>(ManagedChannelOrphanWrapper.java:53)
	at org.apache.ratis.thirdparty.io.grpc.internal.ManagedChannelOrphanWrapper.<init>(ManagedChannelOrphanWrapper.java:44)
	at org.apache.ratis.thirdparty.io.grpc.internal.AbstractManagedChannelImplBuilder.build(AbstractManagedChannelImplBuilder.java:411)
	at org.apache.hadoop.hdds.scm.XceiverClientGrpc.connectToDatanode(XceiverClientGrpc.java:181)
	at org.apache.hadoop.hdds.scm.XceiverClientGrpc.reconnect(XceiverClientGrpc.java:429)
	at org.apache.hadoop.hdds.scm.XceiverClientGrpc.sendCommandAsync(XceiverClientGrpc.java:378)
	at org.apache.hadoop.hdds.scm.XceiverClientGrpc.sendCommandWithRetry(XceiverClientGrpc.java:291)
	at org.apache.hadoop.hdds.scm.XceiverClientGrpc.sendCommandWithTraceIDAndRetry(XceiverClientGrpc.java:257)
	at org.apache.hadoop.hdds.scm.XceiverClientGrpc.sendCommand(XceiverClientGrpc.java:240)
	at org.apache.hadoop.hdds.scm.storage.ContainerProtocolCalls.getBlock(ContainerProtocolCalls.java:118)
	at org.apache.hadoop.hdds.scm.storage.BlockInputStream.getChunkInfos(BlockInputStream.java:167)
	at org.apache.hadoop.hdds.scm.storage.BlockInputStream.initialize(BlockInputStream.java:118)
	at org.apache.hadoop.hdds.scm.storage.BlockInputStream.read(BlockInputStream.java:222)
	at org.apache.hadoop.ozone.client.io.KeyInputStream.read(KeyInputStream.java:171)
	at org.apache.hadoop.ozone.client.io.OzoneInputStream.read(OzoneInputStream.java:47)
	at java.io.InputStream.read(InputStream.java:101)
	at org.apache.hadoop.ozone.container.ContainerTestHelper.validateData(ContainerTestHelper.java:714)
	at org.apache.hadoop.ozone.client.rpc.TestBlockOutputStreamWithFailures.validateData(TestBlockOutputStreamWithFailures.java:1216)
	at org.apache.hadoop.ozone.client.rpc.TestBlockOutputStreamWithFailures.testDatanodeFailureWithSingleNodeRatis(TestBlockOutputStreamWithFailures.java:1058)
	at sun.reflect.NativeMethodAccessorImpl.invoke0(Native Method)
	at sun.reflect.NativeMethodAccessorImpl.invoke(NativeMethodAccessorImpl.java:62)
	at sun.reflect.DelegatingMethodAccessorImpl.invoke(DelegatingMethodAccessorImpl.java:43)
	at java.lang.reflect.Method.invoke(Method.java:498)
	at org.junit.runners.model.FrameworkMethod$1.runReflectiveCall(FrameworkMethod.java:47)
	at org.junit.internal.runners.model.ReflectiveCallable.run(ReflectiveCallable.java:12)
	at org.junit.runners.model.FrameworkMethod.invokeExplosively(FrameworkMethod.java:44)
	at org.junit.internal.runners.statements.InvokeMethod.evaluate(InvokeMethod.java:17)
	at org.junit.internal.runners.statements.RunBefores.evaluate(RunBefores.java:26)
	at org.junit.internal.runners.statements.RunAfters.evaluate(RunAfters.java:27)
	at org.junit.runners.ParentRunner.runLeaf(ParentRunner.java:271)
	at org.junit.runners.BlockJUnit4ClassRunner.runChild(BlockJUnit4ClassRunner.java:70)
	at org.junit.runners.BlockJUnit4ClassRunner.runChild(BlockJUnit4ClassRunner.java:50)
	at org.junit.runners.ParentRunner$3.run(ParentRunner.java:238)
	at org.junit.runners.ParentRunner$1.schedule(ParentRunner.java:63)
	at org.junit.runners.ParentRunner.runChildren(ParentRunner.java:236)
	at org.junit.runners.ParentRunner.access$000(ParentRunner.java:53)
	at org.junit.runners.ParentRunner$2.evaluate(ParentRunner.java:229)
	at org.junit.runners.ParentRunner.run(ParentRunner.java:309)
	at org.apache.maven.surefire.junit4.JUnit4Provider.execute(JUnit4Provider.java:365)
	at org.apache.maven.surefire.junit4.JUnit4Provider.executeWithRerun(JUnit4Provider.java:273)
	at org.apache.maven.surefire.junit4.JUnit4Provider.executeTestSet(JUnit4Provider.java:238)
	at org.apache.maven.surefire.junit4.JUnit4Provider.invoke(JUnit4Provider.java:159)
	at org.apache.maven.surefire.booter.ForkedBooter.invokeProviderInSameClassLoader(ForkedBooter.java:384)
	at org.apache.maven.surefire.booter.ForkedBooter.runSuitesInProcess(ForkedBooter.java:345)
	at org.apache.maven.surefire.booter.ForkedBooter.execute(ForkedBooter.java:126)
	at org.apache.maven.surefire.booter.ForkedBooter.main(ForkedBooter.java:418)

Sep 27, 2019 10:37:08 PM org.apache.ratis.thirdparty.io.grpc.internal.ManagedChannelOrphanWrapper$ManagedChannelReference cleanQueue
SEVERE: *~*~*~ Channel ManagedChannelImpl{logId=2848, target=192.168.151.84:40214} was not shutdown properly!!! ~*~*~*
    Make sure to call shutdown()/shutdownNow() and wait until awaitTermination() returns true.
java.lang.RuntimeException: ManagedChannel allocation site
	at org.apache.ratis.thirdparty.io.grpc.internal.ManagedChannelOrphanWrapper$ManagedChannelReference.<init>(ManagedChannelOrphanWrapper.java:103)
	at org.apache.ratis.thirdparty.io.grpc.internal.ManagedChannelOrphanWrapper.<init>(ManagedChannelOrphanWrapper.java:53)
	at org.apache.ratis.thirdparty.io.grpc.internal.ManagedChannelOrphanWrapper.<init>(ManagedChannelOrphanWrapper.java:44)
	at org.apache.ratis.thirdparty.io.grpc.internal.AbstractManagedChannelImplBuilder.build(AbstractManagedChannelImplBuilder.java:411)
	at org.apache.hadoop.hdds.scm.XceiverClientGrpc.connectToDatanode(XceiverClientGrpc.java:181)
	at org.apache.hadoop.hdds.scm.XceiverClientGrpc.reconnect(XceiverClientGrpc.java:429)
	at org.apache.hadoop.hdds.scm.XceiverClientGrpc.sendCommandAsync(XceiverClientGrpc.java:378)
	at org.apache.hadoop.hdds.scm.XceiverClientGrpc.sendCommandWithRetry(XceiverClientGrpc.java:291)
	at org.apache.hadoop.hdds.scm.XceiverClientGrpc.sendCommandWithTraceIDAndRetry(XceiverClientGrpc.java:257)
	at org.apache.hadoop.hdds.scm.XceiverClientGrpc.sendCommand(XceiverClientGrpc.java:240)
	at org.apache.hadoop.hdds.scm.storage.ContainerProtocolCalls.getBlock(ContainerProtocolCalls.java:118)
	at org.apache.hadoop.hdds.scm.storage.BlockInputStream.getChunkInfos(BlockInputStream.java:167)
	at org.apache.hadoop.hdds.scm.storage.BlockInputStream.initialize(BlockInputStream.java:118)
	at org.apache.hadoop.hdds.scm.storage.BlockInputStream.read(BlockInputStream.java:222)
	at org.apache.hadoop.ozone.client.io.KeyInputStream.read(KeyInputStream.java:171)
	at org.apache.hadoop.ozone.client.io.OzoneInputStream.read(OzoneInputStream.java:47)
	at java.io.InputStream.read(InputStream.java:101)
	at org.apache.hadoop.ozone.container.ContainerTestHelper.validateData(ContainerTestHelper.java:714)
	at org.apache.hadoop.ozone.client.rpc.TestBlockOutputStreamWithFailures.validateData(TestBlockOutputStreamWithFailures.java:1216)
	at org.apache.hadoop.ozone.client.rpc.TestBlockOutputStreamWithFailures.testWatchForCommitWithSingleNodeRatis(TestBlockOutputStreamWithFailures.java:918)
	at sun.reflect.NativeMethodAccessorImpl.invoke0(Native Method)
	at sun.reflect.NativeMethodAccessorImpl.invoke(NativeMethodAccessorImpl.java:62)
	at sun.reflect.DelegatingMethodAccessorImpl.invoke(DelegatingMethodAccessorImpl.java:43)
	at java.lang.reflect.Method.invoke(Method.java:498)
	at org.junit.runners.model.FrameworkMethod$1.runReflectiveCall(FrameworkMethod.java:47)
	at org.junit.internal.runners.model.ReflectiveCallable.run(ReflectiveCallable.java:12)
	at org.junit.runners.model.FrameworkMethod.invokeExplosively(FrameworkMethod.java:44)
	at org.junit.internal.runners.statements.InvokeMethod.evaluate(InvokeMethod.java:17)
	at org.junit.internal.runners.statements.RunBefores.evaluate(RunBefores.java:26)
	at org.junit.internal.runners.statements.RunAfters.evaluate(RunAfters.java:27)
	at org.junit.runners.ParentRunner.runLeaf(ParentRunner.java:271)
	at org.junit.runners.BlockJUnit4ClassRunner.runChild(BlockJUnit4ClassRunner.java:70)
	at org.junit.runners.BlockJUnit4ClassRunner.runChild(BlockJUnit4ClassRunner.java:50)
	at org.junit.runners.ParentRunner$3.run(ParentRunner.java:238)
	at org.junit.runners.ParentRunner$1.schedule(ParentRunner.java:63)
	at org.junit.runners.ParentRunner.runChildren(ParentRunner.java:236)
	at org.junit.runners.ParentRunner.access$000(ParentRunner.java:53)
	at org.junit.runners.ParentRunner$2.evaluate(ParentRunner.java:229)
	at org.junit.runners.ParentRunner.run(ParentRunner.java:309)
	at org.apache.maven.surefire.junit4.JUnit4Provider.execute(JUnit4Provider.java:365)
	at org.apache.maven.surefire.junit4.JUnit4Provider.executeWithRerun(JUnit4Provider.java:273)
	at org.apache.maven.surefire.junit4.JUnit4Provider.executeTestSet(JUnit4Provider.java:238)
	at org.apache.maven.surefire.junit4.JUnit4Provider.invoke(JUnit4Provider.java:159)
	at org.apache.maven.surefire.booter.ForkedBooter.invokeProviderInSameClassLoader(ForkedBooter.java:384)
	at org.apache.maven.surefire.booter.ForkedBooter.runSuitesInProcess(ForkedBooter.java:345)
	at org.apache.maven.surefire.booter.ForkedBooter.execute(ForkedBooter.java:126)
	at org.apache.maven.surefire.booter.ForkedBooter.main(ForkedBooter.java:418)

Sep 27, 2019 10:37:08 PM org.apache.ratis.thirdparty.io.grpc.internal.ManagedChannelOrphanWrapper$ManagedChannelReference cleanQueue
SEVERE: *~*~*~ Channel ManagedChannelImpl{logId=2853, target=192.168.151.84:40619} was not shutdown properly!!! ~*~*~*
    Make sure to call shutdown()/shutdownNow() and wait until awaitTermination() returns true.
java.lang.RuntimeException: ManagedChannel allocation site
	at org.apache.ratis.thirdparty.io.grpc.internal.ManagedChannelOrphanWrapper$ManagedChannelReference.<init>(ManagedChannelOrphanWrapper.java:103)
	at org.apache.ratis.thirdparty.io.grpc.internal.ManagedChannelOrphanWrapper.<init>(ManagedChannelOrphanWrapper.java:53)
	at org.apache.ratis.thirdparty.io.grpc.internal.ManagedChannelOrphanWrapper.<init>(ManagedChannelOrphanWrapper.java:44)
	at org.apache.ratis.thirdparty.io.grpc.internal.AbstractManagedChannelImplBuilder.build(AbstractManagedChannelImplBuilder.java:411)
	at org.apache.hadoop.hdds.scm.XceiverClientGrpc.connectToDatanode(XceiverClientGrpc.java:181)
	at org.apache.hadoop.hdds.scm.XceiverClientGrpc.reconnect(XceiverClientGrpc.java:429)
	at org.apache.hadoop.hdds.scm.XceiverClientGrpc.sendCommandAsync(XceiverClientGrpc.java:378)
	at org.apache.hadoop.hdds.scm.XceiverClientGrpc.sendCommandWithRetry(XceiverClientGrpc.java:291)
	at org.apache.hadoop.hdds.scm.XceiverClientGrpc.sendCommandWithTraceIDAndRetry(XceiverClientGrpc.java:257)
	at org.apache.hadoop.hdds.scm.XceiverClientGrpc.sendCommand(XceiverClientGrpc.java:240)
	at org.apache.hadoop.hdds.scm.storage.ContainerProtocolCalls.getBlock(ContainerProtocolCalls.java:118)
	at org.apache.hadoop.hdds.scm.storage.BlockInputStream.getChunkInfos(BlockInputStream.java:167)
	at org.apache.hadoop.hdds.scm.storage.BlockInputStream.initialize(BlockInputStream.java:118)
	at org.apache.hadoop.hdds.scm.storage.BlockInputStream.read(BlockInputStream.java:222)
	at org.apache.hadoop.ozone.client.io.KeyInputStream.read(KeyInputStream.java:171)
	at org.apache.hadoop.ozone.client.io.OzoneInputStream.read(OzoneInputStream.java:47)
	at java.io.InputStream.read(InputStream.java:101)
	at org.apache.hadoop.ozone.container.ContainerTestHelper.validateData(ContainerTestHelper.java:714)
	at org.apache.hadoop.ozone.client.rpc.TestBlockOutputStreamWithFailures.validateData(TestBlockOutputStreamWithFailures.java:1216)
	at org.apache.hadoop.ozone.client.rpc.TestBlockOutputStreamWithFailures.testWatchForCommitWithSingleNodeRatis(TestBlockOutputStreamWithFailures.java:918)
	at sun.reflect.NativeMethodAccessorImpl.invoke0(Native Method)
	at sun.reflect.NativeMethodAccessorImpl.invoke(NativeMethodAccessorImpl.java:62)
	at sun.reflect.DelegatingMethodAccessorImpl.invoke(DelegatingMethodAccessorImpl.java:43)
	at java.lang.reflect.Method.invoke(Method.java:498)
	at org.junit.runners.model.FrameworkMethod$1.runReflectiveCall(FrameworkMethod.java:47)
	at org.junit.internal.runners.model.ReflectiveCallable.run(ReflectiveCallable.java:12)
	at org.junit.runners.model.FrameworkMethod.invokeExplosively(FrameworkMethod.java:44)
	at org.junit.internal.runners.statements.InvokeMethod.evaluate(InvokeMethod.java:17)
	at org.junit.internal.runners.statements.RunBefores.evaluate(RunBefores.java:26)
	at org.junit.internal.runners.statements.RunAfters.evaluate(RunAfters.java:27)
	at org.junit.runners.ParentRunner.runLeaf(ParentRunner.java:271)
	at org.junit.runners.BlockJUnit4ClassRunner.runChild(BlockJUnit4ClassRunner.java:70)
	at org.junit.runners.BlockJUnit4ClassRunner.runChild(BlockJUnit4ClassRunner.java:50)
	at org.junit.runners.ParentRunner$3.run(ParentRunner.java:238)
	at org.junit.runners.ParentRunner$1.schedule(ParentRunner.java:63)
	at org.junit.runners.ParentRunner.runChildren(ParentRunner.java:236)
	at org.junit.runners.ParentRunner.access$000(ParentRunner.java:53)
	at org.junit.runners.ParentRunner$2.evaluate(ParentRunner.java:229)
	at org.junit.runners.ParentRunner.run(ParentRunner.java:309)
	at org.apache.maven.surefire.junit4.JUnit4Provider.execute(JUnit4Provider.java:365)
	at org.apache.maven.surefire.junit4.JUnit4Provider.executeWithRerun(JUnit4Provider.java:273)
	at org.apache.maven.surefire.junit4.JUnit4Provider.executeTestSet(JUnit4Provider.java:238)
	at org.apache.maven.surefire.junit4.JUnit4Provider.invoke(JUnit4Provider.java:159)
	at org.apache.maven.surefire.booter.ForkedBooter.invokeProviderInSameClassLoader(ForkedBooter.java:384)
	at org.apache.maven.surefire.booter.ForkedBooter.runSuitesInProcess(ForkedBooter.java:345)
	at org.apache.maven.surefire.booter.ForkedBooter.execute(ForkedBooter.java:126)
	at org.apache.maven.surefire.booter.ForkedBooter.main(ForkedBooter.java:418)

Sep 27, 2019 10:37:08 PM org.apache.ratis.thirdparty.io.grpc.internal.ManagedChannelOrphanWrapper$ManagedChannelReference cleanQueue
SEVERE: *~*~*~ Channel ManagedChannelImpl{logId=2601, target=192.168.151.84:41786} was not shutdown properly!!! ~*~*~*
    Make sure to call shutdown()/shutdownNow() and wait until awaitTermination() returns true.
java.lang.RuntimeException: ManagedChannel allocation site
	at org.apache.ratis.thirdparty.io.grpc.internal.ManagedChannelOrphanWrapper$ManagedChannelReference.<init>(ManagedChannelOrphanWrapper.java:103)
	at org.apache.ratis.thirdparty.io.grpc.internal.ManagedChannelOrphanWrapper.<init>(ManagedChannelOrphanWrapper.java:53)
	at org.apache.ratis.thirdparty.io.grpc.internal.ManagedChannelOrphanWrapper.<init>(ManagedChannelOrphanWrapper.java:44)
	at org.apache.ratis.thirdparty.io.grpc.internal.AbstractManagedChannelImplBuilder.build(AbstractManagedChannelImplBuilder.java:411)
	at org.apache.ratis.grpc.client.GrpcClientProtocolClient.<init>(GrpcClientProtocolClient.java:127)
	at org.apache.ratis.grpc.client.GrpcClientRpc.lambda$new$0(GrpcClientRpc.java:55)
	at org.apache.ratis.util.PeerProxyMap$PeerAndProxy.lambda$getProxy$0(PeerProxyMap.java:61)
	at org.apache.ratis.util.LifeCycle.startAndTransition(LifeCycle.java:202)
	at org.apache.ratis.util.PeerProxyMap$PeerAndProxy.getProxy(PeerProxyMap.java:60)
	at org.apache.ratis.util.PeerProxyMap.getProxy(PeerProxyMap.java:108)
	at org.apache.ratis.grpc.client.GrpcClientRpc.sendRequestAsync(GrpcClientRpc.java:66)
	at org.apache.ratis.client.impl.OrderedAsync.sendRequest(OrderedAsync.java:208)
	at org.apache.ratis.client.impl.OrderedAsync.sendRequestWithRetry(OrderedAsync.java:169)
	at org.apache.ratis.util.SlidingWindow$Client.sendOrDelayRequest(SlidingWindow.java:278)
	at org.apache.ratis.util.SlidingWindow$Client.submitNewRequest(SlidingWindow.java:257)
	at org.apache.ratis.client.impl.OrderedAsync.send(OrderedAsync.java:155)
	at org.apache.ratis.client.impl.RaftClientImpl.sendAsync(RaftClientImpl.java:144)
	at org.apache.ratis.client.impl.RaftClientImpl.sendAsync(RaftClientImpl.java:124)
	at org.apache.hadoop.hdds.scm.XceiverClientRatis.sendRequestAsync(XceiverClientRatis.java:234)
	at org.apache.hadoop.hdds.scm.XceiverClientRatis.sendCommandAsync(XceiverClientRatis.java:332)
	at org.apache.hadoop.hdds.scm.storage.ContainerProtocolCalls.writeChunkAsync(ContainerProtocolCalls.java:310)
	at org.apache.hadoop.hdds.scm.storage.BlockOutputStream.writeChunkToContainer(BlockOutputStream.java:601)
	at org.apache.hadoop.hdds.scm.storage.BlockOutputStream.writeChunk(BlockOutputStream.java:459)
	at org.apache.hadoop.hdds.scm.storage.BlockOutputStream.writeOnRetry(BlockOutputStream.java:285)
	at org.apache.hadoop.ozone.client.io.BlockOutputStreamEntry.writeOnRetry(BlockOutputStreamEntry.java:200)
	at org.apache.hadoop.ozone.client.io.KeyOutputStream.handleWrite(KeyOutputStream.java:206)
	at org.apache.hadoop.ozone.client.io.KeyOutputStream.handleRetry(KeyOutputStream.java:375)
	at org.apache.hadoop.ozone.client.io.KeyOutputStream.handleException(KeyOutputStream.java:324)
	at org.apache.hadoop.ozone.client.io.KeyOutputStream.handleFlushOrClose(KeyOutputStream.java:449)
	at org.apache.hadoop.ozone.client.io.KeyOutputStream.handleWrite(KeyOutputStream.java:232)
	at org.apache.hadoop.ozone.client.io.KeyOutputStream.write(KeyOutputStream.java:190)
	at org.apache.hadoop.ozone.client.io.OzoneOutputStream.write(OzoneOutputStream.java:49)
	at java.io.OutputStream.write(OutputStream.java:75)
	at org.apache.hadoop.ozone.client.rpc.TestBlockOutputStreamWithFailures.testDatanodeFailureWithSingleNodeRatis(TestBlockOutputStreamWithFailures.java:1021)
	at sun.reflect.NativeMethodAccessorImpl.invoke0(Native Method)
	at sun.reflect.NativeMethodAccessorImpl.invoke(NativeMethodAccessorImpl.java:62)
	at sun.reflect.DelegatingMethodAccessorImpl.invoke(DelegatingMethodAccessorImpl.java:43)
	at java.lang.reflect.Method.invoke(Method.java:498)
	at org.junit.runners.model.FrameworkMethod$1.runReflectiveCall(FrameworkMethod.java:47)
	at org.junit.internal.runners.model.ReflectiveCallable.run(ReflectiveCallable.java:12)
	at org.junit.runners.model.FrameworkMethod.invokeExplosively(FrameworkMethod.java:44)
	at org.junit.internal.runners.statements.InvokeMethod.evaluate(InvokeMethod.java:17)
	at org.junit.internal.runners.statements.RunBefores.evaluate(RunBefores.java:26)
	at org.junit.internal.runners.statements.RunAfters.evaluate(RunAfters.java:27)
	at org.junit.runners.ParentRunner.runLeaf(ParentRunner.java:271)
	at org.junit.runners.BlockJUnit4ClassRunner.runChild(BlockJUnit4ClassRunner.java:70)
	at org.junit.runners.BlockJUnit4ClassRunner.runChild(BlockJUnit4ClassRunner.java:50)
	at org.junit.runners.ParentRunner$3.run(ParentRunner.java:238)
	at org.junit.runners.ParentRunner$1.schedule(ParentRunner.java:63)
	at org.junit.runners.ParentRunner.runChildren(ParentRunner.java:236)
	at org.junit.runners.ParentRunner.access$000(ParentRunner.java:53)
	at org.junit.runners.ParentRunner$2.evaluate(ParentRunner.java:229)
	at org.junit.runners.ParentRunner.run(ParentRunner.java:309)
	at org.apache.maven.surefire.junit4.JUnit4Provider.execute(JUnit4Provider.java:365)
	at org.apache.maven.surefire.junit4.JUnit4Provider.executeWithRerun(JUnit4Provider.java:273)
	at org.apache.maven.surefire.junit4.JUnit4Provider.executeTestSet(JUnit4Provider.java:238)
	at org.apache.maven.surefire.junit4.JUnit4Provider.invoke(JUnit4Provider.java:159)
	at org.apache.maven.surefire.booter.ForkedBooter.invokeProviderInSameClassLoader(ForkedBooter.java:384)
	at org.apache.maven.surefire.booter.ForkedBooter.runSuitesInProcess(ForkedBooter.java:345)
	at org.apache.maven.surefire.booter.ForkedBooter.execute(ForkedBooter.java:126)
	at org.apache.maven.surefire.booter.ForkedBooter.main(ForkedBooter.java:418)

Sep 27, 2019 10:37:16 PM org.apache.ratis.thirdparty.io.grpc.internal.SerializingExecutor run
SEVERE: Exception while executing runnable org.apache.ratis.thirdparty.io.grpc.internal.ServerImpl$JumpToApplicationThreadServerStreamListener$1Closed@1599b1ee
org.apache.ratis.thirdparty.io.grpc.StatusRuntimeException: CANCELLED: call already cancelled
	at org.apache.ratis.thirdparty.io.grpc.Status.asRuntimeException(Status.java:517)
	at org.apache.ratis.thirdparty.io.grpc.stub.ServerCalls$ServerCallStreamObserverImpl.onCompleted(ServerCalls.java:356)
	at org.apache.ratis.grpc.server.GrpcServerProtocolService$ServerRequestStreamObserver.onError(GrpcServerProtocolService.java:121)
	at org.apache.ratis.thirdparty.io.grpc.stub.ServerCalls$StreamingServerCallHandler$StreamingServerCallListener.onCancel(ServerCalls.java:269)
	at org.apache.ratis.thirdparty.io.grpc.internal.ServerCallImpl$ServerStreamListenerImpl.closed(ServerCallImpl.java:293)
	at org.apache.ratis.thirdparty.io.grpc.internal.ServerImpl$JumpToApplicationThreadServerStreamListener$1Closed.runInContext(ServerImpl.java:741)
	at org.apache.ratis.thirdparty.io.grpc.internal.ContextRunnable.run(ContextRunnable.java:37)
	at org.apache.ratis.thirdparty.io.grpc.internal.SerializingExecutor.run(SerializingExecutor.java:123)
	at java.util.concurrent.ThreadPoolExecutor.runWorker(ThreadPoolExecutor.java:1149)
	at java.util.concurrent.ThreadPoolExecutor$Worker.run(ThreadPoolExecutor.java:624)
	at java.lang.Thread.run(Thread.java:748)

]]></system-err>
  </testcase>
  <testcase name="testFailureWithPrimeSizedData" classname="org.apache.hadoop.ozone.client.rpc.TestBlockOutputStreamWithFailures" time="35.329"/>
  <testcase name="testWatchForCommitWithCloseContainerException" classname="org.apache.hadoop.ozone.client.rpc.TestBlockOutputStreamWithFailures" time="41.101"/>
  <testcase name="testExceptionDuringClose" classname="org.apache.hadoop.ozone.client.rpc.TestBlockOutputStreamWithFailures" time="33.729"/>
</testsuite>